<?xml version="1.0" encoding="UTF-8" ?>
<testsuite errors="0" failures="1" hostname="travis-job-955d65db-bb2c-48d3-a319-c91fececb65c" name="ptolemy.actor.lib.test.junit.JUnitTclTest" skipped="0" tests="517" time="64.009" timestamp="2019-10-28T06:12:52">
  <properties>
    <property name="npm.executable" value="npm" />
    <property name="env.TRAVIS_ROOT" value="/" />
    <property name="ptII.mk.exists" value="true" />
    <property name="env.TRAVIS_APP_HOST" value="build.travis-ci.org" />
    <property name="env.rvm_bin_path" value="/home/travis/.rvm/bin" />
    <property name="java.home" value="/usr/local/lib/jvm/openjdk11" />
    <property name="env.TRAVIS_JOB_NUMBER" value="1378.8" />
    <property name="env.TRAVIS_HOME" value="/home/travis" />
    <property name="env.DISPLAY" value=":99.0" />
    <property name="env.TRAVIS_INIT" value="systemd" />
    <property name="env.SSH_TTY" value="/dev/pts/0" />
    <property name="java.net.preferIPv4Stack" value="true" />
    <property name="env.RUN_TESTS" value="true" />
    <property name="timeout.short" value="1000000" />
    <property name="junit.formatter" value="xml" />
    <property name="env.TRAVIS_SUDO" value="true" />
    <property name="env.TRAVIS_JOB_NAME" value="" />
    <property name="env.TRAVIS_STACK_NODE_ATTRIBUTES" value="/.node-attributes.yml" />
    <property name="env.LOGNAME" value="travis" />
    <property name="env.PT_TRAVIS_TEST_CORE1_XML" value="true" />
    <property name="jsdoc.home" value="node_modules/@terraswarm/jsdoc" />
    <property name="debuglevel" value="source,lines,vars" />
    <property name="checkstyle.formatter" value="xml" />
    <property name="env._system_version" value="16.04" />
    <property name="bin.vergil.makeable" value="true" />
    <property name="sun.os.patch.level" value="unknown" />
    <property name="java.vendor.url" value="http://java.oracle.com/" />
    <property name="env.TRAVIS_BUILD_WEB_URL" value="https://travis-ci.org/icyphy/ptII/builds/603739716" />
    <property name="java.version" value="11.0.2" />
    <property name="env.TZ" value="UTC" />
    <property name="env.TRAVIS_PULL_REQUEST_SHA" value="" />
    <property name="env.PT_NO_NET" value="true" />
    <property name="env.TRAVIS_SECURE_ENV_VARS" value="true" />
    <property name="env._system_type" value="Linux" />
    <property name="java.vendor.url.bug" value="http://bugreport.java.com/bugreport/" />
    <property name="npmjs-org-is-up" value="true" />
    <property name="env.LANGUAGE" value="en_US.UTF-8" />
    <property name="env.SSH_CLIENT" value="10.24.5.9 33868 22" />
    <property name="env.GEM_HOME" value="/home/travis/.rvm/gems/ruby-2.5.3" />
    <property name="env.HAS_ANTARES_THREE_LITTLE_FRONZIES_BADGE" value="true" />
    <property name="java.version.date" value="2019-01-15" />
    <property name="env.PS4" value="+" />
    <property name="ant.project.invoked-targets" value="build,test.core1.xml" />
    <property name="env.TRAVIS_PULL_REQUEST_BRANCH" value="" />
    <property name="env.TRAVIS_REPO_SLUG" value="icyphy/ptII" />
    <property name="env.XDG_DATA_DIRS" value="/usr/local/share:/usr/share:/var/lib/snapd/desktop" />
    <property name="jdk.debug" value="release" />
    <property name="env.TRAVIS_APT_PROXY" value="http://apt.cache.travis-ci.com" />
    <property name="node.in.path" value="true" />
    <property name="user.name" value="travis" />
    <property name="java.maxmemory" value="1400m" />
    <property name="env.RUBY_VERSION" value="ruby-2.5.3" />
    <property name="env.LANG" value="en_US.UTF-8" />
    <property name="sun.io.unicode.encoding" value="UnicodeLittle" />
    <property name="sun.jnu.encoding" value="UTF-8" />
    <property name="java.runtime.name" value="OpenJDK Runtime Environment" />
    <property name="usefile" value="false" />
    <property name="return.code" value="0" />
    <property name="junit.single.formatter" value="plain" />
    <property name="env.DYLD_LIBRARY_PATH" value="/home/travis/pthla/certi-tools/lib:" />
    <property name="env.DEBIAN_FRONTEND" value="noninteractive" />
    <property name="env.SSH_CONNECTION" value="10.24.5.9 33868 10.20.0.46 22" />
    <property name="env.MYSQL_UNIX_PORT" value="/var/run/mysqld/mysqld.sock" />
    <property name="env.LC_ALL" value="en_US.UTF-8" />
    <property name="env.TRAVIS_ALLOW_FAILURE" value="false" />
    <property name="env.TRAVIS_JOB_WEB_URL" value="https://travis-ci.org/icyphy/ptII/jobs/603739724" />
    <property name="java.specification.name" value="Java Platform API Specification" />
    <property name="node.works" value="true" />
    <property name="user.timezone" value="" />
    <property name="path.separator" value=":" />
    <property name="env.TRAVIS_ENABLE_INFRA_DETECTION" value="true" />
    <property name="env.PYTHON_CFLAGS" value="-g -fstack-protector --param=ssp-buffer-size=4 -Wformat -Werror=format-security" />
    <property name="timeout.long" value="4000000" />
    <property name="env.CERTI_HOME" value="/home/travis/pthla/certi-tools" />
    <property name="ant.file.ptII" value="/home/travis/build/icyphy/ptII/build.xml" />
    <property name="javadoc.packagenames" value="com.*,diva.*,lbnl.*,org.hlacerti.*,org.json.*,org.ptolemy.*,org.terraswarm.*,ptolemy.*,ptserver.*" />
    <property name="file.encoding" value="UTF-8" />
    <property name="env.TRAVIS_PULL_REQUEST_SLUG" value="" />
    <property name="ant.project.default-target" value="build" />
    <property name="env.GIT_ASKPASS" value="echo" />
    <property name="env.HOME" value="/home/travis" />
    <property name="sun.java.command" value="org.apache.tools.ant.taskdefs.optional.junit.JUnitTestRunner ptolemy.actor.lib.test.junit.JUnitTclTest skipNonTests=false filtertrace=true haltOnError=false haltOnFailure=false formatter=org.apache.tools.ant.taskdefs.optional.junit.OutErrSummaryJUnitResultFormatter showoutput=true outputtoformatters=true logfailedtests=true threadid=0 logtestlistenerevents=false formatter=org.apache.tools.ant.taskdefs.optional.junit.XMLJUnitResultFormatter,/home/travis/build/icyphy/ptII/reports/junit/TEST-ptolemy.actor.lib.test.junit.JUnitTclTest.xml crashfile=/home/travis/build/icyphy/ptII/junitvmwatcher4999066248082911408.properties propsfile=/home/travis/build/icyphy/ptII/junit13504670264871493294.properties" />
    <property name="env.COMPOSER_NO_INTERACTION" value="1" />
    <property name="env.MANPATH" value="/home/travis/.nvm/versions/node/v7.10.1/share/man:/home/travis/.rvm/rubies/ruby-2.5.3/share/man:/usr/local/cmake-3.12.4/man:/usr/local/clang-7.0.0/share/man:/usr/local/man:/usr/local/share/man:/usr/share/man:/home/travis/.rvm/man" />
    <property name="env.TRAVIS_TIMER_ID" value="0061adb4" />
    <property name="ant.file" value="/home/travis/build/icyphy/ptII/build.xml" />
    <property name="env.TRAVIS_COMMIT_RANGE" value="948bf656f66248ff65af09b7e6cc9885ef1f544d...4d8f235a1445b5e1cf53b20eaca7c153db736dc2" />
    <property name="env._system_name" value="Ubuntu" />
    <property name="ptII.classpath.optional.property" value="/home/travis/build/icyphy/ptII/lib/bsh-2.0b4.jar:/home/travis/build/icyphy/ptII/lib/ptCal.jar:/home/travis/build/icyphy/ptII/lib/java_cup.jar:/home/travis/build/icyphy/ptII/lib/saxon8.jar:/home/travis/build/icyphy/ptII/lib/saxon8-dom.jar:/home/travis/build/icyphy/ptII/lib/chic.jar:/home/travis/build/icyphy/ptII/lib/ptcolt.jar:/home/travis/build/icyphy/ptII/vendors/misc/itext/iText.jar:/home/travis/build/icyphy/ptII/lib/g4ltl.jar:/home/travis/build/icyphy/ptII/lib/StructuralCoder.jar:/home/travis/build/icyphy/ptII/lib/jcerti.jar:/home/travis/build/icyphy/ptII/lib/javax.mail.jar:/home/travis/build/icyphy/ptII/vendors/JMF-2.1.1e/lib/jmf.jar:/home/travis/build/icyphy/ptII/lib/jna-4.0.0-variadic.jar:/home/travis/build/icyphy/ptII/vendors/misc/joystick/Joystick.jar:/home/travis/build/icyphy/ptII/lib/ptjacl.jar:/home/travis/build/icyphy/ptII/lib/jsoup-1.8.2.jar:/home/travis/build/icyphy/ptII/lib/junit-4.8.2.jar:/home/travis/build/icyphy/ptII/lib/JUnitParams-0.4.0.jar:/home/travis/build/icyphy/ptII/ptolemy/actor/lib/excel/jxl.jar:/home/travis/build/icyphy/ptII/lib/jython.jar:/home/travis/build/icyphy/ptII/lib/kieler.jar:/home/travis/build/icyphy/ptII/vendors/opencv/share/OpenCV/java/opencv-341.jar:/home/travis/build/icyphy/ptII/lib/oscP5.jar:/home/travis/build/icyphy/ptII/lib/nrjavaserial-3.11.0.devel.jar:/home/travis/build/icyphy/ptII/vendors/j3d/lib/Linux/j3dcore.jar:/home/travis/build/icyphy/ptII/vendors/j3d/lib/Linux/j3dutils.jar:/home/travis/build/icyphy/ptII/vendors/j3d/lib/Linux/vecmath.jar:/home/travis/build/icyphy/ptII/vendors/jogl/lib/Linux/gluegen-rt-natives-linux-amd64.jar:/home/travis/build/icyphy/ptII/vendors/jogl/lib/Linux/gluegen-rt.jar:/home/travis/build/icyphy/ptII/vendors/jogl/lib/Linux/jogl-all-natives-linux-amd64.jar:/home/travis/build/icyphy/ptII/vendors/jogl/lib/Linux/jogl-all.jar:/home/travis/build/icyphy/ptII/ptolemy/distributed/jini/jar/jini-core.jar:/home/travis/build/icyphy/ptII/ptolemy/distributed/jini/jar/jini-ext.jar:/home/travis/build/icyphy/ptII/ptolemy/distributed/jini/jar/sun-util.jar:/home/travis/build/icyphy/ptII/lib/protobuf-java-2.4.1.jar:/home/travis/build/icyphy/ptII/lib/org.eclipse.paho.client.mqttv3.jar:/home/travis/build/icyphy/ptII/lib/mapss.jar:/home/travis/build/icyphy/ptII/ptolemy/actor/ptalon/antlr/antlr.jar:/home/travis/build/icyphy/ptII/lib/JRI.jar:/home/travis/build/icyphy/ptII/lib/commons-lang-2.6.jar:/home/travis/build/icyphy/ptII/lib/commons-logging-1.1.1.jar:/home/travis/build/icyphy/ptII/lib/sootclasses.jar:/home/travis/build/icyphy/ptII/ptolemy/actor/lib/database/mysql-connector-java-5.1.6-bin.jar:/home/travis/build/icyphy/ptII/vendors/misc/sphinx4/sphinx4-data-5prealpha.jar:/home/travis/build/icyphy/ptII/vendors/misc/sphinx4/sphinx4-core-5prealpha.jar:/home/travis/build/icyphy/ptII/lib/PDFRenderer.jar:/home/travis/build/icyphy/ptII/lib/svgSalamander.jar:/home/travis/build/icyphy/ptII/lib/rsyntaxtextarea-2.6.0-SNAPSHOT.jar:/home/travis/build/icyphy/ptII/lib/hazelcast-3.8.2.jar:/home/travis/build/icyphy/ptII/lib/jackson-annotations-2.9.0.jar:/home/travis/build/icyphy/ptII/lib/jackson-core-2.9.3.jar:/home/travis/build/icyphy/ptII/lib/jackson-databind-2.9.3.jar:/home/travis/build/icyphy/ptII/lib/netty-buffer-4.1.19.Final.jar:/home/travis/build/icyphy/ptII/lib/netty-codec-4.1.19.Final.jar:/home/travis/build/icyphy/ptII/lib/netty-codec-dns-4.1.19.Final.jar:/home/travis/build/icyphy/ptII/lib/netty-codec-http-4.1.19.Final.jar:/home/travis/build/icyphy/ptII/lib/netty-codec-http2-4.1.19.Final.jar:/home/travis/build/icyphy/ptII/lib/netty-common-4.1.19.Final.jar:/home/travis/build/icyphy/ptII/lib/netty-handler-4.1.19.Final.jar:/home/travis/build/icyphy/ptII/lib/netty-resolver-4.1.19.Final.jar:/home/travis/build/icyphy/ptII/lib/netty-resolver-dns-4.1.19.Final.jar:/home/travis/build/icyphy/ptII/lib/netty-transport-4.1.19.Final.jar:/home/travis/build/icyphy/ptII/lib/vertx-codegen-3.5.1.jar:/home/travis/build/icyphy/ptII/lib/vertx-core-3.5.2-SNAPSHOT.jar:/home/travis/build/icyphy/ptII/lib/vertx-hazelcast-3.5.1.jar:/home/travis/build/icyphy/ptII/lib/vertx-lang-js-3.5.1.jar:/home/travis/build/icyphy/ptII/lib/vertx-service-proxy-3.5.1.jar:/home/travis/build/icyphy/ptII/lib/vertx-web-3.5.1.jar:/home/travis/build/icyphy/ptII/lib/slf4j-api-1.7.13.jar:/home/travis/build/icyphy/ptII/lib/slf4j-simple-1.7.13.jar:/home/travis/build/icyphy/ptII/lib/webcam-capture-0.3.12.jar:/home/travis/build/icyphy/ptII/lib/bridj-0.7.0.jar:/home/travis/build/icyphy/ptII/lib/xbjlib-1.1.0.nrjavaserial.jar" />
    <property name="timeout" value="2400000" />
    <property name="test.batch" value="**/junit/*.java" />
    <property name="env._" value="/usr/bin/timeout" />
    <property name="java.io.tmpdir" value="/tmp" />
    <property name="user.language" value="en" />
    <property name="env.TRAVIS_INTERNAL_RUBY_REGEX" value="^ruby-(2\.[0-4]\.[0-9]|1\.9\.3)" />
    <property name="env.HISTCONTROL" value="ignoredups:ignorespace" />
    <property name="env.GOROOT" value="/home/travis/.gimme/versions/go1.11.1.linux.amd64" />
    <property name="line.separator" value="&#xa;" />
    <property name="target" value="11" />
    <property name="env.TRAVIS_BUILD_DIR" value="/home/travis/build/icyphy/ptII" />
    <property name="env.ANT_OPTS" value="-Xmx2048m" />
    <property name="ant.file.type" value="file" />
    <property name="ptolemy.ptII.batchMode" value="true" />
    <property name="env.HISTSIZE" value="1000" />
    <property name="env.MERB_ENV" value="test" />
    <property name="java.vm.info" value="mixed mode" />
    <property name="source" value="11" />
    <property name="java.vm.specification.name" value="Java Virtual Machine Specification" />
    <property name="env.TRAVIS_TEST_RESULT" value="0" />
    <property name="jsdoc.command" value="node_modules/@terraswarm/jsdoc/jsdoc.js" />
    <property name="npm.works" value="true" />
    <property name="cobertura.dir" value="/home/travis/build/icyphy/ptII/vendors/cobertura-2.0.3" />
    <property name="jsdoc.command.exists" value="true" />
    <property name="env.rvm_path" value="/home/travis/.rvm" />
    <property name="env.GEM_PATH" value="/home/travis/.rvm/gems/ruby-2.5.3:/home/travis/.rvm/gems/ruby-2.5.3@global" />
    <property name="env.LC_CTYPE" value="en_US.UTF-8" />
    <property name="env.TRAVIS_CMD" value="$PTII/bin/ptIITravisBuild.sh $SECONDS" />
    <property name="java.awt.printerjob" value="sun.print.PSPrinterJob" />
    <property name="env.TRAVIS_STACK_NAME" value="sardonyx" />
    <property name="env.TRAVIS_TIMER_START_TIME" value="1572242500138855382" />
    <property name="ant.version" value="Apache Ant(TM) version 1.10.1 compiled on February 2 2017" />
    <property name="ptII.reports" value="/home/travis/build/icyphy/ptII/reports" />
    <property name="env.TRAVIS_STACK_TIMESTAMP" value="2019-03-25 16:16:56 UTC" />
    <property name="ant.file.type.ptII" value="file" />
    <property name="env.RBENV_SHELL" value="bash" />
    <property name="os.name" value="Linux" />
    <property name="java.specification.vendor" value="Oracle Corporation" />
    <property name="env.rvm_version" value="1.29.7 (latest)" />
    <property name="env.TRAVIS_INFRA" value="unknown" />
    <property name="env.TERM" value="xterm" />
    <property name="java.vm.name" value="OpenJDK 64-Bit Server VM" />
    <property name="env.TRAVIS_BUILD_NUMBER" value="1378" />
    <property name="env.CI" value="true" />
    <property name="java.library.path" value="/home/travis/pthla/certi-tools/lib:/usr/lib/jni:/usr/local/share/OpenCV/java/:/usr/share/OpenCV/java::/usr/java/packages/lib:/usr/lib64:/lib64:/lib:/usr/lib" />
    <property name="jdk.module.path" value="/home/travis/build/icyphy/ptII/vendors/javafx/javafx-sdk-11.0.2/lib:" />
    <property name="env.rvm_prefix" value="/home/travis" />
    <property name="env.PATH" value="/home/travis/pthla/certi-tools/share/scripts:/home/travis/.rvm/gems/ruby-2.5.3/bin:/home/travis/.rvm/gems/ruby-2.5.3@global/bin:/home/travis/.rvm/rubies/ruby-2.5.3/bin:/home/travis/.rvm/bin:/home/travis/.nvm/versions/node/v7.10.1/bin:./node_modules/.bin:/home/travis/build/icyphy/ptII/bin:/home/travis/pthla/certi-tools/bin:/home/travis/bin:/home/travis/.local/bin:/usr/local/lib/jvm/openjdk11/bin:/opt/pyenv/shims:/home/travis/.phpenv/shims:/home/travis/perl5/perlbrew/bin:/home/travis/gopath/bin:/home/travis/.gimme/versions/go1.11.1.linux.amd64/bin:/usr/local/maven-3.6.0/bin:/usr/local/cmake-3.12.4/bin:/usr/local/clang-7.0.0/bin:/usr/local/sbin:/usr/local/bin:/usr/sbin:/usr/bin:/sbin:/bin:/snap/bin:/home/travis/.phpenv/bin:/opt/pyenv/bin:/home/travis/.yarn/bin" />
    <property name="env.TRAVIS_OS_NAME" value="linux" />
    <property name="ant.java.version" value="9" />
    <property name="basedir" value="/home/travis/build/icyphy/ptII" />
    <property name="java.class.version" value="55.0" />
    <property name="env.SHLVL" value="3" />
    <property name="env.LD_LIBRARY_PATH" value="/home/travis/pthla/certi-tools/lib:/usr/lib/jni:/usr/local/share/OpenCV/java/:/usr/share/OpenCV/java:" />
    <property name="env.RACK_ENV" value="test" />
    <property name="ant.home" value="/home/travis/build/icyphy/ptII/ant" />
    <property name="env.NVM_DIR" value="/home/travis/.nvm" />
    <property name="env.CERTI_FOM_PATH" value="/home/travis/pthla/certi-tools/share/federations" />
    <property name="env.TRAVIS_BUILD_ID" value="603739716" />
    <property name="env.PYENV_ROOT" value="/opt/pyenv" />
    <property name="env.TRAVIS_UID" value="2000" />
    <property name="prism.verbose" value="true" />
    <property name="env.NVM_BIN" value="/home/travis/.nvm/versions/node/v7.10.1/bin" />
    <property name="env.TRAVIS_COMMIT" value="4d8f235a1445b5e1cf53b20eaca7c153db736dc2" />
    <property name="env._system_arch" value="x86_64" />
    <property name="node.executable" value="node" />
    <property name="sun.boot.library.path" value="/usr/local/lib/jvm/openjdk11/lib" />
    <property name="sun.management.compiler" value="HotSpot 64-Bit Tiered Compilers" />
    <property name="java.awt.graphicsenv" value="sun.awt.X11GraphicsEnvironment" />
    <property name="env.GOPATH" value="/home/travis/gopath" />
    <property name="ptolemy.ptII.dir" value="/home/travis/build/icyphy/ptII" />
    <property name="env.USER" value="travis" />
    <property name="env.HISTFILESIZE" value="2000" />
    <property name="timeout.longest" value="19000000" />
    <property name="env.PERLBREW_SHELLRC_VERSION" value="0.86" />
    <property name="env.TRAVIS_STACK_FEATURES" value="basic couchdb disabled-ipv6 docker docker-compose elasticsearch firefox go-toolchain google-chrome jdk memcached mongodb mysql nodejs_interpreter perl_interpreter perlbrew phantomjs postgresql python_interpreter redis ruby_interpreter sqlite xserver" />
    <property name="env.TRAVIS_PULL_REQUEST" value="false" />
    <property name="env.PYENV_SHELL" value="bash" />
    <property name="ant.project.name" value="ptII" />
    <property name="env.ANSI_RESET" value="\033[0m" />
    <property name="java.vm.specification.version" value="11" />
    <property name="env.TRAVIS_DIST" value="xenial" />
    <property name="env.CERTI_VERSION" value="4.0.0" />
    <property name="env.CERTI_HOST" value="localhost" />
    <property name="awt.toolkit" value="sun.awt.X11.XToolkit" />
    <property name="env.MY_RUBY_HOME" value="/home/travis/.rvm/rubies/ruby-2.5.3" />
    <property name="sun.cpu.isalist" value="" />
    <property name="env.TRAVIS_TMPDIR" value="/tmp/tmp.Qg7LopPcBt" />
    <property name="java.vm.compressedOopsMode" value="Zero based" />
    <property name="os.version" value="4.15.0-1028-gcp" />
    <property name="user.home" value="/home/travis" />
    <property name="java.vm.vendor" value="Oracle Corporation" />
    <property name="env.TRAVIS_TAG" value="nightly" />
    <property name="env.ANSI_YELLOW" value="\033[33;1m" />
    <property name="env.TRAVIS_FILTERED" value="redirect_io" />
    <property name="env.ANSI_GREEN" value="\033[32;1m" />
    <property name="env.JAVA_HOME" value="/usr/local/lib/jvm/openjdk11" />
    <property name="javadoc.excludepackagenames" value="adm.cvs2svn.*,build.*,config.*,doc.coding.templates.*,jni.test.jni.meaningOfLife.*,jni.test.jni.testDeux.*,jni.test.jni.testTrois.*,org.terraswarm.accessor.accessors.web.node_modules.*,org.terraswarm.accessor.accessors.web.hosts.cordova.demo.*,org.terraswarm.accessor.accessors.web.hosts.cordova.plugins.*,org.terraswarm.accessor.accessors-svn.*,pt-modules.*,ptolemy.apps.agilent.*,ptolemy.apps.anytimecontrol.*,ptolemy.apps.apes.*,ptolemy.apps.charon.*,ptolemy.apps.crazyboard.*,ptolemy.apps.eclipse.*,ptolemy.apps.etherealSting.*,ptolemy.apps.fullscreen.*,ptolemy.apps.giotto.*,ptolemy.apps.ia.*,ptolemy.apps.interfaces.*,ptolemy.apps.jmf.*,ptolemy.apps.kurt.*,ptolemy.apps.kvm.*,ptolemy.apps.lego.*,ptolemy.apps.lejos.*,ptolemy.apps.midp.*,ptolemy.apps.mobileCoding.*,ptolemy.apps.pendulum.*,ptolemy.apps.rijndael.*,ptolemy.apps.robot.*,ptolemy.apps.security.*,ptolemy.apps.sobel.*,ptolemy.apps.soot.*,ptolemy.apps.throttle.*,ptolemy.apps.tini.*,ptolemy.apps.transmission.*,ptolemy.apps.vergil.*,ptolemy.apps.waba.*,ptolemy.apps.websensor.*,ptolemy.apps.webstart.*,ptolemy.apps.xsl.*,ptolemy.apps.zaurus.*,ptolemy.codegen.c.actor.lib.oldJavaFiles.*,ptolemy.codegen.dsp.lib.*,ptolemy.codegen.kernel.newInterfaces.*,ptolemy.codegen.lib.*,ptolemy.copernicus.kernel.fragment.*,ptolemy.copernicus.shallow.cg.*,ptolemy.domains.giotto.demo.Hierarchy.Hierarchy.*,ptolemy.domains.giotto.demo.Multimode.Multimode.*,ptolemy.domains.giotto.demo.Simple.Simple.*,ptolemy.domains.gr.lib.experimental.*,ptolemy.domains.gro.*,ptolemy.domains.pdf.*,ptolemy.domains.ptinyos.demo.Surge.output.*,ptolemy.moml.test.NoPackageActor.java*,ptolemy.plot.adm.*,ptolemy.plot.servlet.*,reports.*,signed.*,src.*,target.*,vendors.*,ptolemy.copernicus.applet.*,ptolemy.media.viewer.*,ptolemy.actor.corba.*,doc.doclets.*,ptolemy.apps.eclipse.awt.*,ptolemy.backtrack.*,ptolemy.backtrack.ast.*,ptolemy.cg.adapter.generic.program.procedural.c.mbed*,ptolemy.homer.*,ptolemy.actor.lib.jai.*,org.ptolemy.scala.*,diva.util.java2d.svg.*,ptolemy.domains.ptinyos.*,ptolemy.actor.lib.fmi.fmipp.*,,org.terraswarm.accessor.accessors.web.node_modules.*,org.terraswarm.accessor.accessors-svn,ptolemy.apps.*,ptolemy.actor.ptalon.demo.ptinyos.SendAndReceiveCnt.output,ptolemy.actor.ptalon.demo.ptinyos.SenseToLeds.output,ptolemy.domains.ptinyos.demo.CntToLedsAndRfm.output,ptolemy.domains.ptinyos.demo.RfmToLeds.output,ptolemy.domains.ptinyos.demo.SendAndReceiveCnt.output,ptolemy.domains.ptinyos.demo.SenseToLeds.output,ptolemy.actor.lib.jjs.modules.udpSocket.*" />
    <property name="env.PTII" value="/home/travis/build/icyphy/ptII" />
    <property name="env.XDG_SESSION_ID" value="2" />
    <property name="keystore" value="ptKeystore" />
    <property name="env.TRAVIS_COMMIT_MESSAGE" value="Updated occupancy" />
    <property name="junit.output.dir" value="/home/travis/build/icyphy/ptII/reports/junit" />
    <property name="npm.return.code" value="0" />
    <property name="user.dir" value="/home/travis/build/icyphy/ptII/ptolemy/actor/lib/test" />
    <property name="env.TRAVIS_NODE_VERSION" value="7" />
    <property name="env.TRAVIS_EVENT_TYPE" value="cron" />
    <property name="env.MAIL" value="/var/mail/travis" />
    <property name="env.PERLBREW_ROOT" value="/home/travis/perl5/perlbrew" />
    <property name="env.PWD" value="/home/travis/build/icyphy/ptII" />
    <property name="timeout.npm" value="45000" />
    <property name="env.TRAVIS_ARCH" value="amd64" />
    <property name="sun.cpu.endian" value="little" />
    <property name="env.PAGER" value="cat" />
    <property name="env.TRAVIS_BUILD_STAGE_NAME" value="Test" />
    <property name="env.PERLBREW_HOME" value="/home/travis/.perlbrew" />
    <property name="java.vm.version" value="11.0.2+9" />
    <property name="env.RAILS_ENV" value="test" />
    <property name="java.class.path" value="/home/travis/.ptolemyII:/home/travis/.ptolemyII/*:/home/travis/build/icyphy/ptII:/home/travis/build/icyphy/ptII/lib/bsh-2.0b4.jar:/home/travis/build/icyphy/ptII/lib/ptCal.jar:/home/travis/build/icyphy/ptII/lib/java_cup.jar:/home/travis/build/icyphy/ptII/lib/saxon8.jar:/home/travis/build/icyphy/ptII/lib/saxon8-dom.jar:/home/travis/build/icyphy/ptII/lib/chic.jar:/home/travis/build/icyphy/ptII/lib/ptcolt.jar:/home/travis/build/icyphy/ptII/vendors/misc/itext/iText.jar:/home/travis/build/icyphy/ptII/lib/g4ltl.jar:/home/travis/build/icyphy/ptII/lib/StructuralCoder.jar:/home/travis/build/icyphy/ptII/lib/jcerti.jar:/home/travis/build/icyphy/ptII/lib/javax.mail.jar:/home/travis/build/icyphy/ptII/vendors/JMF-2.1.1e/lib/jmf.jar:/home/travis/build/icyphy/ptII/lib/jna-4.0.0-variadic.jar:/home/travis/build/icyphy/ptII/vendors/misc/joystick/Joystick.jar:/home/travis/build/icyphy/ptII/lib/ptjacl.jar:/home/travis/build/icyphy/ptII/lib/jsoup-1.8.2.jar:/home/travis/build/icyphy/ptII/lib/junit-4.8.2.jar:/home/travis/build/icyphy/ptII/lib/JUnitParams-0.4.0.jar:/home/travis/build/icyphy/ptII/ptolemy/actor/lib/excel/jxl.jar:/home/travis/build/icyphy/ptII/lib/jython.jar:/home/travis/build/icyphy/ptII/lib/kieler.jar:/home/travis/build/icyphy/ptII/vendors/opencv/share/OpenCV/java/opencv-341.jar:/home/travis/build/icyphy/ptII/lib/oscP5.jar:/home/travis/build/icyphy/ptII/lib/nrjavaserial-3.11.0.devel.jar:/home/travis/build/icyphy/ptII/vendors/j3d/lib/Linux/j3dcore.jar:/home/travis/build/icyphy/ptII/vendors/j3d/lib/Linux/j3dutils.jar:/home/travis/build/icyphy/ptII/vendors/j3d/lib/Linux/vecmath.jar:/home/travis/build/icyphy/ptII/vendors/jogl/lib/Linux/gluegen-rt-natives-linux-amd64.jar:/home/travis/build/icyphy/ptII/vendors/jogl/lib/Linux/gluegen-rt.jar:/home/travis/build/icyphy/ptII/vendors/jogl/lib/Linux/jogl-all-natives-linux-amd64.jar:/home/travis/build/icyphy/ptII/vendors/jogl/lib/Linux/jogl-all.jar:/home/travis/build/icyphy/ptII/ptolemy/distributed/jini/jar/jini-core.jar:/home/travis/build/icyphy/ptII/ptolemy/distributed/jini/jar/jini-ext.jar:/home/travis/build/icyphy/ptII/ptolemy/distributed/jini/jar/sun-util.jar:/home/travis/build/icyphy/ptII/lib/protobuf-java-2.4.1.jar:/home/travis/build/icyphy/ptII/lib/org.eclipse.paho.client.mqttv3.jar:/home/travis/build/icyphy/ptII/lib/mapss.jar:/home/travis/build/icyphy/ptII/ptolemy/actor/ptalon/antlr/antlr.jar:/home/travis/build/icyphy/ptII/lib/JRI.jar:/home/travis/build/icyphy/ptII/lib/commons-lang-2.6.jar:/home/travis/build/icyphy/ptII/lib/commons-logging-1.1.1.jar:/home/travis/build/icyphy/ptII/lib/sootclasses.jar:/home/travis/build/icyphy/ptII/ptolemy/actor/lib/database/mysql-connector-java-5.1.6-bin.jar:/home/travis/build/icyphy/ptII/vendors/misc/sphinx4/sphinx4-data-5prealpha.jar:/home/travis/build/icyphy/ptII/vendors/misc/sphinx4/sphinx4-core-5prealpha.jar:/home/travis/build/icyphy/ptII/lib/PDFRenderer.jar:/home/travis/build/icyphy/ptII/lib/svgSalamander.jar:/home/travis/build/icyphy/ptII/lib/rsyntaxtextarea-2.6.0-SNAPSHOT.jar:/home/travis/build/icyphy/ptII/lib/hazelcast-3.8.2.jar:/home/travis/build/icyphy/ptII/lib/jackson-annotations-2.9.0.jar:/home/travis/build/icyphy/ptII/lib/jackson-core-2.9.3.jar:/home/travis/build/icyphy/ptII/lib/jackson-databind-2.9.3.jar:/home/travis/build/icyphy/ptII/lib/netty-buffer-4.1.19.Final.jar:/home/travis/build/icyphy/ptII/lib/netty-codec-4.1.19.Final.jar:/home/travis/build/icyphy/ptII/lib/netty-codec-dns-4.1.19.Final.jar:/home/travis/build/icyphy/ptII/lib/netty-codec-http-4.1.19.Final.jar:/home/travis/build/icyphy/ptII/lib/netty-codec-http2-4.1.19.Final.jar:/home/travis/build/icyphy/ptII/lib/netty-common-4.1.19.Final.jar:/home/travis/build/icyphy/ptII/lib/netty-handler-4.1.19.Final.jar:/home/travis/build/icyphy/ptII/lib/netty-resolver-4.1.19.Final.jar:/home/travis/build/icyphy/ptII/lib/netty-resolver-dns-4.1.19.Final.jar:/home/travis/build/icyphy/ptII/lib/netty-transport-4.1.19.Final.jar:/home/travis/build/icyphy/ptII/lib/vertx-codegen-3.5.1.jar:/home/travis/build/icyphy/ptII/lib/vertx-core-3.5.2-SNAPSHOT.jar:/home/travis/build/icyphy/ptII/lib/vertx-hazelcast-3.5.1.jar:/home/travis/build/icyphy/ptII/lib/vertx-lang-js-3.5.1.jar:/home/travis/build/icyphy/ptII/lib/vertx-service-proxy-3.5.1.jar:/home/travis/build/icyphy/ptII/lib/vertx-web-3.5.1.jar:/home/travis/build/icyphy/ptII/lib/slf4j-api-1.7.13.jar:/home/travis/build/icyphy/ptII/lib/slf4j-simple-1.7.13.jar:/home/travis/build/icyphy/ptII/lib/webcam-capture-0.3.12.jar:/home/travis/build/icyphy/ptII/lib/bridj-0.7.0.jar:/home/travis/build/icyphy/ptII/lib/xbjlib-1.1.0.nrjavaserial.jar:/home/travis/build/icyphy/ptII/ptolemy/moml/test:/home/travis/build/icyphy/ptII/ant/lib/ant-launcher.jar:/home/travis/build/icyphy/ptII/ant/lib/ant.jar:/home/travis/build/icyphy/ptII/ant/lib/ant-junit.jar:/home/travis/build/icyphy/ptII/ant/lib/ant-junit4.jar" />
    <property name="ant.library.dir" value="/home/travis/build/icyphy/ptII/ant/lib" />
    <property name="os.arch" value="amd64" />
    <property name="env.CONTINUOUS_INTEGRATION" value="true" />
    <property name="env.TRAVIS_LANGUAGE" value="node_js" />
    <property name="env.TRAVIS_STACK_LANGUAGES" value="__sardonyx__ c c++ clojure cplusplus cpp default generic go groovy java node_js php pure_java python ruby scala" />
    <property name="test.name" value="ptolemy.actor.lib.test.junit.JUnitTclTest" />
    <property name="env.APT_KEY_DONT_WARN_ON_DANGEROUS_USAGE" value="1" />
    <property name="sun.java.launcher" value="SUN_STANDARD" />
    <property name="env.PYTHON_CONFIGURE_OPTS" value="--enable-unicode=ucs4 --with-wide-unicode --enable-shared --enable-ipv6 --enable-loadable-sqlite-extensions --with-computed-gotos" />
    <property name="ant.core.lib" value="/home/travis/build/icyphy/ptII/ant/lib/ant.jar" />
    <property name="java.vm.specification.vendor" value="Oracle Corporation" />
    <property name="env.BCVTB_HOME" value="/home/travis/build/icyphy/ptII/lbnl" />
    <property name="file.separator" value="/" />
    <property name="spotbugs.home" value="/home/travis/build/icyphy/ptII/vendors/spotbugs-3.1.1" />
    <property name="java.runtime.version" value="11.0.2+9" />
    <property name="env.ANSI_CLEAR" value="\033[0K" />
    <property name="javafx.verbose" value="true" />
    <property name="env.HAS_JOSH_K_SEAL_OF_APPROVAL" value="true" />
    <property name="env.XDG_RUNTIME_DIR" value="/run/user/2000" />
    <property name="env.TRAVIS_OSX_IMAGE" value="" />
    <property name="env.TRAVIS_JOB_ID" value="603739724" />
    <property name="env.TRAVIS_BRANCH" value="master" />
    <property name="user.country" value="US" />
    <property name="env.CERTI_HOME_TRAVIS" value="/home/travis/pthla/certi-tools" />
    <property name="env.SHELL" value="/bin/bash" />
    <property name="java.maxmemory.large" value="3200m" />
    <property name="model" value="" />
    <property name="env.CASHER_DIR" value="/home/travis/.casher" />
    <property name="env.NVM_CD_FLAGS" value="" />
    <property name="java.vendor.version" value="18.9" />
    <property name="jshint.executable" value="/home/travis/node_modules/jshint/bin/jshint" />
    <property name="env.JRUBY_OPTS" value=" --client -J-XX:+TieredCompilation -J-XX:TieredStopAtLevel=1 -J-Xss2m -Xcompile.invokedynamic=false" />
    <property name="java.vendor" value="Oracle Corporation" />
    <property name="env.TRAVIS_PRE_CHEF_BOOTSTRAP_TIME" value="2019-03-25T16:16:42" />
    <property name="env.TRAVIS_STACK_JOB_BOARD_REGISTER" value="/.job-board-register.yml" />
    <property name="env.ANSI_RED" value="\033[31;1m" />
    <property name="java.specification.version" value="11" />
    <property name="env.IRBRC" value="/home/travis/.rvm/rubies/ruby-2.5.3/.irbrc" />
    <property name="env.TRAVIS" value="true" />
    <property name="sun.arch.data.model" value="64" />
  </properties>
  <testcase classname="ptolemy.util.test.junit.TclTests" name="[0] /home/travis/build/icyphy/ptII/ptolemy/actor/lib/test/AbsoluteValue.tcl (RunTclFile)" time="0.621" />
  <testcase classname="ptolemy.util.test.junit.TclTests" name="[1] /home/travis/build/icyphy/ptII/ptolemy/actor/lib/test/AddSubtract.tcl (RunTclFile)" time="0.135" />
  <testcase classname="ptolemy.util.test.junit.TclTests" name="[2] /home/travis/build/icyphy/ptII/ptolemy/actor/lib/test/Average.tcl (RunTclFile)" time="0.081" />
  <testcase classname="ptolemy.util.test.junit.TclTests" name="[3] /home/travis/build/icyphy/ptII/ptolemy/actor/lib/test/Bernoulli.tcl (RunTclFile)" time="0.048" />
  <testcase classname="ptolemy.util.test.junit.TclTests" name="[4] /home/travis/build/icyphy/ptII/ptolemy/actor/lib/test/Clock.tcl (RunTclFile)" time="0.132" />
  <testcase classname="ptolemy.util.test.junit.TclTests" name="[5] /home/travis/build/icyphy/ptII/ptolemy/actor/lib/test/Commutator.tcl (RunTclFile)" time="0.177" />
  <testcase classname="ptolemy.util.test.junit.TclTests" name="[6] /home/travis/build/icyphy/ptII/ptolemy/actor/lib/test/Const.tcl (RunTclFile)" time="0.147" />
  <testcase classname="ptolemy.util.test.junit.TclTests" name="[7] /home/travis/build/icyphy/ptII/ptolemy/actor/lib/test/CurrentTime.tcl (RunTclFile)" time="0.045" />
  <testcase classname="ptolemy.util.test.junit.TclTests" name="[8] /home/travis/build/icyphy/ptII/ptolemy/actor/lib/test/DB.tcl (RunTclFile)" time="0.079" />
  <testcase classname="ptolemy.util.test.junit.TclTests" name="[9] /home/travis/build/icyphy/ptII/ptolemy/actor/lib/test/DiscreteRandomSource.tcl (RunTclFile)" time="0.061" />
  <testcase classname="ptolemy.util.test.junit.TclTests" name="[10] /home/travis/build/icyphy/ptII/ptolemy/actor/lib/test/Distributor.tcl (RunTclFile)" time="0.069" />
  <testcase classname="ptolemy.util.test.junit.TclTests" name="[11] /home/travis/build/icyphy/ptII/ptolemy/actor/lib/test/Exit.tcl (RunTclFile)" time="0.103" />
  <testcase classname="ptolemy.util.test.junit.TclTests" name="[12] /home/travis/build/icyphy/ptII/ptolemy/actor/lib/test/Expression.tcl (RunTclFile)" time="0.097" />
  <testcase classname="ptolemy.util.test.junit.TclTests" name="[13] /home/travis/build/icyphy/ptII/ptolemy/actor/lib/test/Gaussian.tcl (RunTclFile)" time="0.116" />
  <testcase classname="ptolemy.util.test.junit.TclTests" name="[14] /home/travis/build/icyphy/ptII/ptolemy/actor/lib/test/IIR.tcl (RunTclFile)" time="0.022" />
  <testcase classname="ptolemy.util.test.junit.TclTests" name="[15] /home/travis/build/icyphy/ptII/ptolemy/actor/lib/test/Interpolator.tcl (RunTclFile)" time="0.115" />
  <testcase classname="ptolemy.util.test.junit.TclTests" name="[16] /home/travis/build/icyphy/ptII/ptolemy/actor/lib/test/MathFunction.tcl (RunTclFile)" time="0.076" />
  <testcase classname="ptolemy.util.test.junit.TclTests" name="[17] /home/travis/build/icyphy/ptII/ptolemy/actor/lib/test/Maximum.tcl (RunTclFile)" time="0.044" />
  <testcase classname="ptolemy.util.test.junit.TclTests" name="[18] /home/travis/build/icyphy/ptII/ptolemy/actor/lib/test/Minimum.tcl (RunTclFile)" time="0.031" />
  <testcase classname="ptolemy.util.test.junit.TclTests" name="[19] /home/travis/build/icyphy/ptII/ptolemy/actor/lib/test/MultiplyDivide.tcl (RunTclFile)" time="0.046" />
  <testcase classname="ptolemy.util.test.junit.TclTests" name="[20] /home/travis/build/icyphy/ptII/ptolemy/actor/lib/test/OrderedMerge.tcl (RunTclFile)" time="0.154" />
  <testcase classname="ptolemy.util.test.junit.TclTests" name="[21] /home/travis/build/icyphy/ptII/ptolemy/actor/lib/test/Publisher.tcl (RunTclFile)" time="0.834" />
  <testcase classname="ptolemy.util.test.junit.TclTests" name="[22] /home/travis/build/icyphy/ptII/ptolemy/actor/lib/test/Pulse.tcl (RunTclFile)" time="0.037" />
  <testcase classname="ptolemy.util.test.junit.TclTests" name="[23] /home/travis/build/icyphy/ptII/ptolemy/actor/lib/test/Ramp.tcl (RunTclFile)" time="2.268" />
  <testcase classname="ptolemy.util.test.junit.TclTests" name="[24] /home/travis/build/icyphy/ptII/ptolemy/actor/lib/test/RampContinuous.tcl (RunTclFile)" time="0.018" />
  <testcase classname="ptolemy.util.test.junit.TclTests" name="[25] /home/travis/build/icyphy/ptII/ptolemy/actor/lib/test/RecordAssembler.tcl (RunTclFile)" time="0.016" />
  <testcase classname="ptolemy.util.test.junit.TclTests" name="[26] /home/travis/build/icyphy/ptII/ptolemy/actor/lib/test/RecordDisassembler.tcl (RunTclFile)" time="0.021" />
  <testcase classname="ptolemy.util.test.junit.TclTests" name="[27] /home/travis/build/icyphy/ptII/ptolemy/actor/lib/test/Scale.tcl (RunTclFile)" time="0.018" />
  <testcase classname="ptolemy.util.test.junit.TclTests" name="[28] /home/travis/build/icyphy/ptII/ptolemy/actor/lib/test/SequentialClock.tcl (RunTclFile)" time="0.014" />
  <testcase classname="ptolemy.util.test.junit.TclTests" name="[29] /home/travis/build/icyphy/ptII/ptolemy/actor/lib/test/SetVariable.tcl (RunTclFile)" time="0.025">
    <failure message="Number of failed tests is has increased. expected:&lt;0&gt; but was:&lt;1&gt;" type="junit.framework.AssertionFailedError">junit.framework.AssertionFailedError: Number of failed tests is has increased. expected:&lt;0&gt; but was:&lt;1&gt;
	at ptolemy.util.test.junit.TclTests.RunTclFile(TclTests.java:286)
	at jdk.internal.reflect.GeneratedMethodAccessor19.invoke(Unknown Source)
	at java.base/jdk.internal.reflect.DelegatingMethodAccessorImpl.invoke(DelegatingMethodAccessorImpl.java:43)
	at junitparams.internal.InvokeParameterisedMethod.evaluate(InvokeParameterisedMethod.java:102)
	at junitparams.internal.ParameterisedTestMethodRunner.runMethodInvoker(ParameterisedTestMethodRunner.java:47)
	at junitparams.internal.ParameterisedTestMethodRunner.runTestMethod(ParameterisedTestMethodRunner.java:41)
	at junitparams.internal.ParameterisedTestClassRunner.runParameterisedTest(ParameterisedTestClassRunner.java:143)
	at junitparams.JUnitParamsRunner.runChild(JUnitParamsRunner.java:237)
	at junitparams.JUnitParamsRunner.runChild(JUnitParamsRunner.java:215)
</failure>
  </testcase>
  <testcase classname="ptolemy.util.test.junit.TclTests" name="[30] /home/travis/build/icyphy/ptII/ptolemy/actor/lib/test/Sinewave.tcl (RunTclFile)" time="0.041" />
  <testcase classname="ptolemy.util.test.junit.TclTests" name="[31] /home/travis/build/icyphy/ptII/ptolemy/actor/lib/test/SubscriptionAggregator.tcl (RunTclFile)" time="2.418" />
  <testcase classname="ptolemy.util.test.junit.TclTests" name="[32] /home/travis/build/icyphy/ptII/ptolemy/actor/lib/test/Test.tcl (RunTclFile)" time="0.098" />
  <testcase classname="ptolemy.util.test.junit.TclTests" name="[33] /home/travis/build/icyphy/ptII/ptolemy/actor/lib/test/TestExceptionHandler.tcl (RunTclFile)" time="0.011" />
  <testcase classname="ptolemy.util.test.junit.TclTests" name="[34] /home/travis/build/icyphy/ptII/ptolemy/actor/lib/test/UnionDisassembler.tcl (RunTclFile)" time="0.047" />
  <testcase classname="ptolemy.util.test.junit.TclTests" name="[35] /home/travis/build/icyphy/ptII/ptolemy/actor/lib/test/VariableClock.tcl (RunTclFile)" time="0.015" />
  <testcase classname="ptolemy.util.test.junit.AutoKnownFailedTests" name="[0] /home/travis/build/icyphy/ptII/ptolemy/actor/lib/test/auto/knownFailedTests/PublisherPortToplevelSubscriber.xml (RunModel)" time="0.035" />
  <testcase classname="ptolemy.util.test.junit.AutoKnownFailedTests" name="[1] /home/travis/build/icyphy/ptII/ptolemy/actor/lib/test/auto/knownFailedTests/PublisherSubscriberPortToplevel.xml (RunModel)" time="0.025" />
  <testcase classname="ptolemy.util.test.junit.AutoKnownFailedTests" name="[2] /home/travis/build/icyphy/ptII/ptolemy/actor/lib/test/auto/knownFailedTests/PublisherSubscriptionAggregatorPort.xml (RunModel)" time="0.022" />
  <testcase classname="ptolemy.util.test.junit.AutoKnownFailedTests" name="[3] /home/travis/build/icyphy/ptII/ptolemy/actor/lib/test/auto/knownFailedTests/sizedarray3.xml (RunModel)" time="0.031" />
  <testcase classname="ptolemy.util.test.junit.AutoNameArchTests" name="[0] ThereAreNoAutoArchTests (RunModel)" time="0.002" />
  <testcase classname="ptolemy.util.test.junit.AutoTests" name="[0] /home/travis/build/icyphy/ptII/ptolemy/actor/lib/test/auto/AbsoluteValue.xml (RunModel)" time="0.09" />
  <testcase classname="ptolemy.util.test.junit.AutoTests" name="[1] /home/travis/build/icyphy/ptII/ptolemy/actor/lib/test/auto/AbsoluteValue2.xml (RunModel)" time="0.077" />
  <testcase classname="ptolemy.util.test.junit.AutoTests" name="[2] /home/travis/build/icyphy/ptII/ptolemy/actor/lib/test/auto/Accumulator.xml (RunModel)" time="0.059" />
  <testcase classname="ptolemy.util.test.junit.AutoTests" name="[3] /home/travis/build/icyphy/ptII/ptolemy/actor/lib/test/auto/Accumulator2.xml (RunModel)" time="0.06" />
  <testcase classname="ptolemy.util.test.junit.AutoTests" name="[4] /home/travis/build/icyphy/ptII/ptolemy/actor/lib/test/auto/Accumulator3.xml (RunModel)" time="0.047" />
  <testcase classname="ptolemy.util.test.junit.AutoTests" name="[5] /home/travis/build/icyphy/ptII/ptolemy/actor/lib/test/auto/ArrayAppend.xml (RunModel)" time="0.041" />
  <testcase classname="ptolemy.util.test.junit.AutoTests" name="[6] /home/travis/build/icyphy/ptII/ptolemy/actor/lib/test/auto/ArrayAppend2.xml (RunModel)" time="0.493" />
  <testcase classname="ptolemy.util.test.junit.AutoTests" name="[7] /home/travis/build/icyphy/ptII/ptolemy/actor/lib/test/auto/ArrayAppend3.xml (RunModel)" time="0.02" />
  <testcase classname="ptolemy.util.test.junit.AutoTests" name="[8] /home/travis/build/icyphy/ptII/ptolemy/actor/lib/test/auto/ArrayAppend4.xml (RunModel)" time="0.023" />
  <testcase classname="ptolemy.util.test.junit.AutoTests" name="[9] /home/travis/build/icyphy/ptII/ptolemy/actor/lib/test/auto/ArrayAppend5.xml (RunModel)" time="0.025" />
  <testcase classname="ptolemy.util.test.junit.AutoTests" name="[10] /home/travis/build/icyphy/ptII/ptolemy/actor/lib/test/auto/ArrayAppend6.xml (RunModel)" time="0.024" />
  <testcase classname="ptolemy.util.test.junit.AutoTests" name="[11] /home/travis/build/icyphy/ptII/ptolemy/actor/lib/test/auto/ArrayAppendPerformanceTest.xml (RunModel)" time="0.078" />
  <testcase classname="ptolemy.util.test.junit.AutoTests" name="[12] /home/travis/build/icyphy/ptII/ptolemy/actor/lib/test/auto/ArrayAppendWithEmptyInput.xml (RunModel)" time="0.06" />
  <testcase classname="ptolemy.util.test.junit.AutoTests" name="[13] /home/travis/build/icyphy/ptII/ptolemy/actor/lib/test/auto/ArrayAverage.xml (RunModel)" time="0.052" />
  <testcase classname="ptolemy.util.test.junit.AutoTests" name="[14] /home/travis/build/icyphy/ptII/ptolemy/actor/lib/test/auto/ArrayContains.xml (RunModel)" time="0.028" />
  <testcase classname="ptolemy.util.test.junit.AutoTests" name="[15] /home/travis/build/icyphy/ptII/ptolemy/actor/lib/test/auto/ArrayElement.xml (RunModel)" time="0.031" />
  <testcase classname="ptolemy.util.test.junit.AutoTests" name="[16] /home/travis/build/icyphy/ptII/ptolemy/actor/lib/test/auto/ArrayElementAsMatrix.xml (RunModel)" time="0.051" />
  <testcase classname="ptolemy.util.test.junit.AutoTests" name="[17] /home/travis/build/icyphy/ptII/ptolemy/actor/lib/test/auto/ArrayElementI.xml (RunModel)" time="0.019" />
  <testcase classname="ptolemy.util.test.junit.AutoTests" name="[18] /home/travis/build/icyphy/ptII/ptolemy/actor/lib/test/auto/ArrayExtract.xml (RunModel)" time="0.026" />
  <testcase classname="ptolemy.util.test.junit.AutoTests" name="[19] /home/travis/build/icyphy/ptII/ptolemy/actor/lib/test/auto/ArrayExtract2.xml (RunModel)" time="0.02" />
  <testcase classname="ptolemy.util.test.junit.AutoTests" name="[20] /home/travis/build/icyphy/ptII/ptolemy/actor/lib/test/auto/ArrayLength.xml (RunModel)" time="0.027" />
  <testcase classname="ptolemy.util.test.junit.AutoTests" name="[21] /home/travis/build/icyphy/ptII/ptolemy/actor/lib/test/auto/ArrayLevelCrossing.xml (RunModel)" time="0.032" />
  <testcase classname="ptolemy.util.test.junit.AutoTests" name="[22] /home/travis/build/icyphy/ptII/ptolemy/actor/lib/test/auto/ArrayLevelCrossing2.xml (RunModel)" time="0.046" />
  <testcase classname="ptolemy.util.test.junit.AutoTests" name="[23] /home/travis/build/icyphy/ptII/ptolemy/actor/lib/test/auto/ArrayPeakSearch.xml (RunModel)" time="0.035" />
  <testcase classname="ptolemy.util.test.junit.AutoTests" name="[24] /home/travis/build/icyphy/ptII/ptolemy/actor/lib/test/auto/ArrayPeakSearch2.xml (RunModel)" time="0.049" />
  <testcase classname="ptolemy.util.test.junit.AutoTests" name="[25] /home/travis/build/icyphy/ptII/ptolemy/actor/lib/test/auto/ArrayPeakSearch3.xml (RunModel)" time="0.04" />
  <testcase classname="ptolemy.util.test.junit.AutoTests" name="[26] /home/travis/build/icyphy/ptII/ptolemy/actor/lib/test/auto/ArrayRemoveElement.xml (RunModel)" time="0.031" />
  <testcase classname="ptolemy.util.test.junit.AutoTests" name="[27] /home/travis/build/icyphy/ptII/ptolemy/actor/lib/test/auto/ArraySort.xml (RunModel)" time="0.033" />
  <testcase classname="ptolemy.util.test.junit.AutoTests" name="[28] /home/travis/build/icyphy/ptII/ptolemy/actor/lib/test/auto/ArraySum.xml (RunModel)" time="0.021" />
  <testcase classname="ptolemy.util.test.junit.AutoTests" name="[29] /home/travis/build/icyphy/ptII/ptolemy/actor/lib/test/auto/ArrayToElements.xml (RunModel)" time="0.032" />
  <testcase classname="ptolemy.util.test.junit.AutoTests" name="[30] /home/travis/build/icyphy/ptII/ptolemy/actor/lib/test/auto/ArrayToMatrix.xml (RunModel)" time="0.068" />
  <testcase classname="ptolemy.util.test.junit.AutoTests" name="[31] /home/travis/build/icyphy/ptII/ptolemy/actor/lib/test/auto/ArrayUpdate1.xml (RunModel)" time="0.032" />
  <testcase classname="ptolemy.util.test.junit.AutoTests" name="[32] /home/travis/build/icyphy/ptII/ptolemy/actor/lib/test/auto/ArrayUpdate2.xml (RunModel)" time="0.024" />
  <testcase classname="ptolemy.util.test.junit.AutoTests" name="[33] /home/travis/build/icyphy/ptII/ptolemy/actor/lib/test/auto/ArrayUpdate3.xml (RunModel)" time="0.022" />
  <testcase classname="ptolemy.util.test.junit.AutoTests" name="[34] /home/travis/build/icyphy/ptII/ptolemy/actor/lib/test/auto/Assert1.xml (RunModel)" time="0.019" />
  <testcase classname="ptolemy.util.test.junit.AutoTests" name="[35] /home/travis/build/icyphy/ptII/ptolemy/actor/lib/test/auto/Assert2.xml (RunModel)" time="0.013" />
  <testcase classname="ptolemy.util.test.junit.AutoTests" name="[36] /home/travis/build/icyphy/ptII/ptolemy/actor/lib/test/auto/BooleanMultiplexor.xml (RunModel)" time="0.014" />
  <testcase classname="ptolemy.util.test.junit.AutoTests" name="[37] /home/travis/build/icyphy/ptII/ptolemy/actor/lib/test/auto/BooleanMultiplexor2.xml (RunModel)" time="0.027" />
  <testcase classname="ptolemy.util.test.junit.AutoTests" name="[38] /home/travis/build/icyphy/ptII/ptolemy/actor/lib/test/auto/BooleanMultiplexor3.xml (RunModel)" time="0.02" />
  <testcase classname="ptolemy.util.test.junit.AutoTests" name="[39] /home/travis/build/icyphy/ptII/ptolemy/actor/lib/test/auto/BooleanSelect.xml (RunModel)" time="0.021" />
  <testcase classname="ptolemy.util.test.junit.AutoTests" name="[40] /home/travis/build/icyphy/ptII/ptolemy/actor/lib/test/auto/BooleanSelect2.xml (RunModel)" time="0.014" />
  <testcase classname="ptolemy.util.test.junit.AutoTests" name="[41] /home/travis/build/icyphy/ptII/ptolemy/actor/lib/test/auto/BooleanSwitch.xml (RunModel)" time="0.03" />
  <testcase classname="ptolemy.util.test.junit.AutoTests" name="[42] /home/travis/build/icyphy/ptII/ptolemy/actor/lib/test/auto/BooleanSwitch2.xml (RunModel)" time="0.021" />
  <testcase classname="ptolemy.util.test.junit.AutoTests" name="[43] /home/travis/build/icyphy/ptII/ptolemy/actor/lib/test/auto/BooleanSwitchCloningBugWithClassRelationGroup.xml (RunModel)" time="0.04" />
  <testcase classname="ptolemy.util.test.junit.AutoTests" name="[44] /home/travis/build/icyphy/ptII/ptolemy/actor/lib/test/auto/BusActors.xml (RunModel)" time="0.047" />
  <testcase classname="ptolemy.util.test.junit.AutoTests" name="[45] /home/travis/build/icyphy/ptII/ptolemy/actor/lib/test/auto/ClassWrapper.xml (RunModel)" time="0.048" />
  <testcase classname="ptolemy.util.test.junit.AutoTests" name="[46] /home/travis/build/icyphy/ptII/ptolemy/actor/lib/test/auto/Clock.xml (RunModel)" time="0.011" />
  <testcase classname="ptolemy.util.test.junit.AutoTests" name="[47] /home/travis/build/icyphy/ptII/ptolemy/actor/lib/test/auto/Clock10.xml (RunModel)" time="0.022" />
  <testcase classname="ptolemy.util.test.junit.AutoTests" name="[48] /home/travis/build/icyphy/ptII/ptolemy/actor/lib/test/auto/Clock11.xml (RunModel)" time="0.024" />
  <testcase classname="ptolemy.util.test.junit.AutoTests" name="[49] /home/travis/build/icyphy/ptII/ptolemy/actor/lib/test/auto/Clock12.xml (RunModel)" time="0.022" />
  <testcase classname="ptolemy.util.test.junit.AutoTests" name="[50] /home/travis/build/icyphy/ptII/ptolemy/actor/lib/test/auto/Clock13.xml (RunModel)" time="0.019" />
  <testcase classname="ptolemy.util.test.junit.AutoTests" name="[51] /home/travis/build/icyphy/ptII/ptolemy/actor/lib/test/auto/Clock14.xml (RunModel)" time="0.028" />
  <testcase classname="ptolemy.util.test.junit.AutoTests" name="[52] /home/travis/build/icyphy/ptII/ptolemy/actor/lib/test/auto/Clock15.xml (RunModel)" time="0.025" />
  <testcase classname="ptolemy.util.test.junit.AutoTests" name="[53] /home/travis/build/icyphy/ptII/ptolemy/actor/lib/test/auto/Clock16.xml (RunModel)" time="0.11" />
  <testcase classname="ptolemy.util.test.junit.AutoTests" name="[54] /home/travis/build/icyphy/ptII/ptolemy/actor/lib/test/auto/Clock17.xml (RunModel)" time="0.074" />
  <testcase classname="ptolemy.util.test.junit.AutoTests" name="[55] /home/travis/build/icyphy/ptII/ptolemy/actor/lib/test/auto/Clock18.xml (RunModel)" time="0.074" />
  <testcase classname="ptolemy.util.test.junit.AutoTests" name="[56] /home/travis/build/icyphy/ptII/ptolemy/actor/lib/test/auto/Clock19.xml (RunModel)" time="0.046" />
  <testcase classname="ptolemy.util.test.junit.AutoTests" name="[57] /home/travis/build/icyphy/ptII/ptolemy/actor/lib/test/auto/Clock2.xml (RunModel)" time="0.016" />
  <testcase classname="ptolemy.util.test.junit.AutoTests" name="[58] /home/travis/build/icyphy/ptII/ptolemy/actor/lib/test/auto/Clock20.xml (RunModel)" time="0.02" />
  <testcase classname="ptolemy.util.test.junit.AutoTests" name="[59] /home/travis/build/icyphy/ptII/ptolemy/actor/lib/test/auto/Clock21.xml (RunModel)" time="0.018" />
  <testcase classname="ptolemy.util.test.junit.AutoTests" name="[60] /home/travis/build/icyphy/ptII/ptolemy/actor/lib/test/auto/Clock22.xml (RunModel)" time="0.017" />
  <testcase classname="ptolemy.util.test.junit.AutoTests" name="[61] /home/travis/build/icyphy/ptII/ptolemy/actor/lib/test/auto/Clock23.xml (RunModel)" time="0.018" />
  <testcase classname="ptolemy.util.test.junit.AutoTests" name="[62] /home/travis/build/icyphy/ptII/ptolemy/actor/lib/test/auto/Clock24.xml (RunModel)" time="0.014" />
  <testcase classname="ptolemy.util.test.junit.AutoTests" name="[63] /home/travis/build/icyphy/ptII/ptolemy/actor/lib/test/auto/Clock4.xml (RunModel)" time="0.014" />
  <testcase classname="ptolemy.util.test.junit.AutoTests" name="[64] /home/travis/build/icyphy/ptII/ptolemy/actor/lib/test/auto/Clock5.xml (RunModel)" time="0.015" />
  <testcase classname="ptolemy.util.test.junit.AutoTests" name="[65] /home/travis/build/icyphy/ptII/ptolemy/actor/lib/test/auto/Clock6.xml (RunModel)" time="0.015" />
  <testcase classname="ptolemy.util.test.junit.AutoTests" name="[66] /home/travis/build/icyphy/ptII/ptolemy/actor/lib/test/auto/Clock7.xml (RunModel)" time="0.013" />
  <testcase classname="ptolemy.util.test.junit.AutoTests" name="[67] /home/travis/build/icyphy/ptII/ptolemy/actor/lib/test/auto/Clock8.xml (RunModel)" time="0.018" />
  <testcase classname="ptolemy.util.test.junit.AutoTests" name="[68] /home/travis/build/icyphy/ptII/ptolemy/actor/lib/test/auto/Clock9.xml (RunModel)" time="0.016" />
  <testcase classname="ptolemy.util.test.junit.AutoTests" name="[69] /home/travis/build/icyphy/ptII/ptolemy/actor/lib/test/auto/CommDistDiscard.xml (RunModel)" time="0.026" />
  <testcase classname="ptolemy.util.test.junit.AutoTests" name="[70] /home/travis/build/icyphy/ptII/ptolemy/actor/lib/test/auto/Commutator.xml (RunModel)" time="0.016" />
  <testcase classname="ptolemy.util.test.junit.AutoTests" name="[71] /home/travis/build/icyphy/ptII/ptolemy/actor/lib/test/auto/Commutator2.xml (RunModel)" time="0.011" />
  <testcase classname="ptolemy.util.test.junit.AutoTests" name="[72] /home/travis/build/icyphy/ptII/ptolemy/actor/lib/test/auto/Commutator3.xml (RunModel)" time="0.012" />
  <testcase classname="ptolemy.util.test.junit.AutoTests" name="[73] /home/travis/build/icyphy/ptII/ptolemy/actor/lib/test/auto/Compare.xml (RunModel)" time="0.022" />
  <testcase classname="ptolemy.util.test.junit.AutoTests" name="[74] /home/travis/build/icyphy/ptII/ptolemy/actor/lib/test/auto/CompareDE.xml (RunModel)" time="0.018" />
  <testcase classname="ptolemy.util.test.junit.AutoTests" name="[75] /home/travis/build/icyphy/ptII/ptolemy/actor/lib/test/auto/ComplexDivide.xml (RunModel)" time="0.014" />
  <testcase classname="ptolemy.util.test.junit.AutoTests" name="[76] /home/travis/build/icyphy/ptII/ptolemy/actor/lib/test/auto/ComputeHistogram.xml (RunModel)" time="0.075" />
  <testcase classname="ptolemy.util.test.junit.AutoTests" name="[77] /home/travis/build/icyphy/ptII/ptolemy/actor/lib/test/auto/ConfigurationSelect.xml (RunModel)" time="0.021" />
  <testcase classname="ptolemy.util.test.junit.AutoTests" name="[78] /home/travis/build/icyphy/ptII/ptolemy/actor/lib/test/auto/ConfigurationSelect2.xml (RunModel)" time="0.013" />
  <testcase classname="ptolemy.util.test.junit.AutoTests" name="[79] /home/travis/build/icyphy/ptII/ptolemy/actor/lib/test/auto/ConfigurationSwitch.xml (RunModel)" time="0.027" />
  <testcase classname="ptolemy.util.test.junit.AutoTests" name="[80] /home/travis/build/icyphy/ptII/ptolemy/actor/lib/test/auto/ConfigurationSwitch2.xml (RunModel)" time="0.027" />
  <testcase classname="ptolemy.util.test.junit.AutoTests" name="[81] /home/travis/build/icyphy/ptII/ptolemy/actor/lib/test/auto/ConfigurationSwitchCloningBugWithClassRelationGroup.xml (RunModel)" time="0.021" />
  <testcase classname="ptolemy.util.test.junit.AutoTests" name="[82] /home/travis/build/icyphy/ptII/ptolemy/actor/lib/test/auto/ConfigurationSwitchSelectSDF.xml (RunModel)" time="0.015" />
  <testcase classname="ptolemy.util.test.junit.AutoTests" name="[83] /home/travis/build/icyphy/ptII/ptolemy/actor/lib/test/auto/ConfigurationSwitchSelectSDF2.xml (RunModel)" time="0.019" />
  <testcase classname="ptolemy.util.test.junit.AutoTests" name="[84] /home/travis/build/icyphy/ptII/ptolemy/actor/lib/test/auto/Const.xml (RunModel)" time="0.008" />
  <testcase classname="ptolemy.util.test.junit.AutoTests" name="[85] /home/travis/build/icyphy/ptII/ptolemy/actor/lib/test/auto/Const2.xml (RunModel)" time="0.01" />
  <testcase classname="ptolemy.util.test.junit.AutoTests" name="[86] /home/travis/build/icyphy/ptII/ptolemy/actor/lib/test/auto/Const3.xml (RunModel)" time="0.008" />
  <testcase classname="ptolemy.util.test.junit.AutoTests" name="[87] /home/travis/build/icyphy/ptII/ptolemy/actor/lib/test/auto/ConstantPublisherPort1.xml (RunModel)" time="0.024" />
  <testcase classname="ptolemy.util.test.junit.AutoTests" name="[88] /home/travis/build/icyphy/ptII/ptolemy/actor/lib/test/auto/ConstantPublisherPort2.xml (RunModel)" time="0.022" />
  <testcase classname="ptolemy.util.test.junit.AutoTests" name="[89] /home/travis/build/icyphy/ptII/ptolemy/actor/lib/test/auto/ConstantPublisherPort3.xml (RunModel)" time="0.02" />
  <testcase classname="ptolemy.util.test.junit.AutoTests" name="[90] /home/travis/build/icyphy/ptII/ptolemy/actor/lib/test/auto/ConstantPublisherPort4.xml (RunModel)" time="0.03" />
  <testcase classname="ptolemy.util.test.junit.AutoTests" name="[91] /home/travis/build/icyphy/ptII/ptolemy/actor/lib/test/auto/ConstantPublisherPort5.xml (RunModel)" time="0.045" />
  <testcase classname="ptolemy.util.test.junit.AutoTests" name="[92] /home/travis/build/icyphy/ptII/ptolemy/actor/lib/test/auto/ConstantPublisherPort6.xml (RunModel)" time="0.027" />
  <testcase classname="ptolemy.util.test.junit.AutoTests" name="[93] /home/travis/build/icyphy/ptII/ptolemy/actor/lib/test/auto/ConstantPublisherPort7.xml (RunModel)" time="0.036" />
  <testcase classname="ptolemy.util.test.junit.AutoTests" name="[94] /home/travis/build/icyphy/ptII/ptolemy/actor/lib/test/auto/ConstraintMonitor1.xml (RunModel)" time="0.044" />
  <testcase classname="ptolemy.util.test.junit.AutoTests" name="[95] /home/travis/build/icyphy/ptII/ptolemy/actor/lib/test/auto/ConstraintMonitor2.xml (RunModel)" time="0.015" />
  <testcase classname="ptolemy.util.test.junit.AutoTests" name="[96] /home/travis/build/icyphy/ptII/ptolemy/actor/lib/test/auto/ConstraintMonitor3.xml (RunModel)" time="0.015" />
  <testcase classname="ptolemy.util.test.junit.AutoTests" name="[97] /home/travis/build/icyphy/ptII/ptolemy/actor/lib/test/auto/ConstraintMonitor4.xml (RunModel)" time="0.014" />
  <testcase classname="ptolemy.util.test.junit.AutoTests" name="[98] /home/travis/build/icyphy/ptII/ptolemy/actor/lib/test/auto/ConstraintMonitor5.xml (RunModel)" time="0.01" />
  <testcase classname="ptolemy.util.test.junit.AutoTests" name="[99] /home/travis/build/icyphy/ptII/ptolemy/actor/lib/test/auto/ConstraintMonitor6.xml (RunModel)" time="0.018" />
  <testcase classname="ptolemy.util.test.junit.AutoTests" name="[100] /home/travis/build/icyphy/ptII/ptolemy/actor/lib/test/auto/ConstraintMonitor7.xml (RunModel)" time="0.018" />
  <testcase classname="ptolemy.util.test.junit.AutoTests" name="[101] /home/travis/build/icyphy/ptII/ptolemy/actor/lib/test/auto/ConstraintMonitor8.xml (RunModel)" time="0.017" />
  <testcase classname="ptolemy.util.test.junit.AutoTests" name="[102] /home/travis/build/icyphy/ptII/ptolemy/actor/lib/test/auto/Counter.xml (RunModel)" time="0.016" />
  <testcase classname="ptolemy.util.test.junit.AutoTests" name="[103] /home/travis/build/icyphy/ptII/ptolemy/actor/lib/test/auto/CurrentTimeSDF.xml (RunModel)" time="0.01" />
  <testcase classname="ptolemy.util.test.junit.AutoTests" name="[104] /home/travis/build/icyphy/ptII/ptolemy/actor/lib/test/auto/DB.xml (RunModel)" time="0.015" />
  <testcase classname="ptolemy.util.test.junit.AutoTests" name="[105] /home/travis/build/icyphy/ptII/ptolemy/actor/lib/test/auto/DBDE.xml (RunModel)" time="0.015" />
  <testcase classname="ptolemy.util.test.junit.AutoTests" name="[106] /home/travis/build/icyphy/ptII/ptolemy/actor/lib/test/auto/DateConstructor.xml (RunModel)" time="0.074" />
  <testcase classname="ptolemy.util.test.junit.AutoTests" name="[107] /home/travis/build/icyphy/ptII/ptolemy/actor/lib/test/auto/DelayTime.xml (RunModel)" time="0.016" />
  <testcase classname="ptolemy.util.test.junit.AutoTests" name="[108] /home/travis/build/icyphy/ptII/ptolemy/actor/lib/test/auto/Dictionary1.xml (RunModel)" time="0.022" />
  <testcase classname="ptolemy.util.test.junit.AutoTests" name="[109] /home/travis/build/icyphy/ptII/ptolemy/actor/lib/test/auto/Dictionary2.xml (RunModel)" time="0.019" />
  <testcase classname="ptolemy.util.test.junit.AutoTests" name="[110] /home/travis/build/icyphy/ptII/ptolemy/actor/lib/test/auto/Dictionary3.xml (RunModel)" time="0.016" />
  <testcase classname="ptolemy.util.test.junit.AutoTests" name="[111] /home/travis/build/icyphy/ptII/ptolemy/actor/lib/test/auto/Dictionary4.xml (RunModel)" time="0.021" />
  <testcase classname="ptolemy.util.test.junit.AutoTests" name="[112] /home/travis/build/icyphy/ptII/ptolemy/actor/lib/test/auto/Differential.xml (RunModel)" time="0.015" />
  <testcase classname="ptolemy.util.test.junit.AutoTests" name="[113] /home/travis/build/icyphy/ptII/ptolemy/actor/lib/test/auto/Director.xml (RunModel)" time="0.013" />
  <testcase classname="ptolemy.util.test.junit.AutoTests" name="[114] /home/travis/build/icyphy/ptII/ptolemy/actor/lib/test/auto/DiscreteClock.xml (RunModel)" time="0.01" />
  <testcase classname="ptolemy.util.test.junit.AutoTests" name="[115] /home/travis/build/icyphy/ptII/ptolemy/actor/lib/test/auto/DiscreteClock10.xml (RunModel)" time="0.013" />
  <testcase classname="ptolemy.util.test.junit.AutoTests" name="[116] /home/travis/build/icyphy/ptII/ptolemy/actor/lib/test/auto/DiscreteClock11.xml (RunModel)" time="0.012" />
  <testcase classname="ptolemy.util.test.junit.AutoTests" name="[117] /home/travis/build/icyphy/ptII/ptolemy/actor/lib/test/auto/DiscreteClock12.xml (RunModel)" time="0.015" />
  <testcase classname="ptolemy.util.test.junit.AutoTests" name="[118] /home/travis/build/icyphy/ptII/ptolemy/actor/lib/test/auto/DiscreteClock13.xml (RunModel)" time="0.016" />
  <testcase classname="ptolemy.util.test.junit.AutoTests" name="[119] /home/travis/build/icyphy/ptII/ptolemy/actor/lib/test/auto/DiscreteClock14.xml (RunModel)" time="0.016" />
  <testcase classname="ptolemy.util.test.junit.AutoTests" name="[120] /home/travis/build/icyphy/ptII/ptolemy/actor/lib/test/auto/DiscreteClock15.xml (RunModel)" time="0.016" />
  <testcase classname="ptolemy.util.test.junit.AutoTests" name="[121] /home/travis/build/icyphy/ptII/ptolemy/actor/lib/test/auto/DiscreteClock16.xml (RunModel)" time="0.077" />
  <testcase classname="ptolemy.util.test.junit.AutoTests" name="[122] /home/travis/build/icyphy/ptII/ptolemy/actor/lib/test/auto/DiscreteClock17.xml (RunModel)" time="0.043" />
  <testcase classname="ptolemy.util.test.junit.AutoTests" name="[123] /home/travis/build/icyphy/ptII/ptolemy/actor/lib/test/auto/DiscreteClock18.xml (RunModel)" time="0.032" />
  <testcase classname="ptolemy.util.test.junit.AutoTests" name="[124] /home/travis/build/icyphy/ptII/ptolemy/actor/lib/test/auto/DiscreteClock19.xml (RunModel)" time="0.051" />
  <testcase classname="ptolemy.util.test.junit.AutoTests" name="[125] /home/travis/build/icyphy/ptII/ptolemy/actor/lib/test/auto/DiscreteClock2.xml (RunModel)" time="0.013" />
  <testcase classname="ptolemy.util.test.junit.AutoTests" name="[126] /home/travis/build/icyphy/ptII/ptolemy/actor/lib/test/auto/DiscreteClock20.xml (RunModel)" time="0.021" />
  <testcase classname="ptolemy.util.test.junit.AutoTests" name="[127] /home/travis/build/icyphy/ptII/ptolemy/actor/lib/test/auto/DiscreteClock21.xml (RunModel)" time="0.019" />
  <testcase classname="ptolemy.util.test.junit.AutoTests" name="[128] /home/travis/build/icyphy/ptII/ptolemy/actor/lib/test/auto/DiscreteClock22.xml (RunModel)" time="0.016" />
  <testcase classname="ptolemy.util.test.junit.AutoTests" name="[129] /home/travis/build/icyphy/ptII/ptolemy/actor/lib/test/auto/DiscreteClock23.xml (RunModel)" time="0.022" />
  <testcase classname="ptolemy.util.test.junit.AutoTests" name="[130] /home/travis/build/icyphy/ptII/ptolemy/actor/lib/test/auto/DiscreteClock24.xml (RunModel)" time="0.013" />
  <testcase classname="ptolemy.util.test.junit.AutoTests" name="[131] /home/travis/build/icyphy/ptII/ptolemy/actor/lib/test/auto/DiscreteClock4.xml (RunModel)" time="0.014" />
  <testcase classname="ptolemy.util.test.junit.AutoTests" name="[132] /home/travis/build/icyphy/ptII/ptolemy/actor/lib/test/auto/DiscreteClock5.xml (RunModel)" time="0.014" />
  <testcase classname="ptolemy.util.test.junit.AutoTests" name="[133] /home/travis/build/icyphy/ptII/ptolemy/actor/lib/test/auto/DiscreteClock6.xml (RunModel)" time="0.016" />
  <testcase classname="ptolemy.util.test.junit.AutoTests" name="[134] /home/travis/build/icyphy/ptII/ptolemy/actor/lib/test/auto/DiscreteClock7.xml (RunModel)" time="0.012" />
  <testcase classname="ptolemy.util.test.junit.AutoTests" name="[135] /home/travis/build/icyphy/ptII/ptolemy/actor/lib/test/auto/DiscreteClock8.xml (RunModel)" time="0.021" />
  <testcase classname="ptolemy.util.test.junit.AutoTests" name="[136] /home/travis/build/icyphy/ptII/ptolemy/actor/lib/test/auto/DiscreteClock9.xml (RunModel)" time="0.014" />
  <testcase classname="ptolemy.util.test.junit.AutoTests" name="[137] /home/travis/build/icyphy/ptII/ptolemy/actor/lib/test/auto/DisplayArray.xml (RunModel)" time="0.01" />
  <testcase classname="ptolemy.util.test.junit.AutoTests" name="[138] /home/travis/build/icyphy/ptII/ptolemy/actor/lib/test/auto/Distributor.xml (RunModel)" time="0.01" />
  <testcase classname="ptolemy.util.test.junit.AutoTests" name="[139] /home/travis/build/icyphy/ptII/ptolemy/actor/lib/test/auto/Distributor2.xml (RunModel)" time="0.011" />
  <testcase classname="ptolemy.util.test.junit.AutoTests" name="[140] /home/travis/build/icyphy/ptII/ptolemy/actor/lib/test/auto/DownSample.xml (RunModel)" time="0.009" />
  <testcase classname="ptolemy.util.test.junit.AutoTests" name="[141] /home/travis/build/icyphy/ptII/ptolemy/actor/lib/test/auto/ElectronicUnitBase1.xml (RunModel)" time="0.058" />
  <testcase classname="ptolemy.util.test.junit.AutoTests" name="[142] /home/travis/build/icyphy/ptII/ptolemy/actor/lib/test/auto/ElementsToArray.xml (RunModel)" time="0.013" />
  <testcase classname="ptolemy.util.test.junit.AutoTests" name="[143] /home/travis/build/icyphy/ptII/ptolemy/actor/lib/test/auto/Equals.xml (RunModel)" time="0.016" />
  <testcase classname="ptolemy.util.test.junit.AutoTests" name="[144] /home/travis/build/icyphy/ptII/ptolemy/actor/lib/test/auto/Exec.xml (RunModel)" time="0.032" />
  <testcase classname="ptolemy.util.test.junit.AutoTests" name="[145] /home/travis/build/icyphy/ptII/ptolemy/actor/lib/test/auto/ExecEnvironment.xml (RunModel)" time="0.042" />
  <testcase classname="ptolemy.util.test.junit.AutoTests" name="[146] /home/travis/build/icyphy/ptII/ptolemy/actor/lib/test/auto/ExecNonZeroReturnOutput.xml (RunModel)" time="0.219" />
  <testcase classname="ptolemy.util.test.junit.AutoTests" name="[147] /home/travis/build/icyphy/ptII/ptolemy/actor/lib/test/auto/ExecRunDemos.xml (RunModel)" time="11.535" />
  <testcase classname="ptolemy.util.test.junit.AutoTests" name="[148] /home/travis/build/icyphy/ptII/ptolemy/actor/lib/test/auto/ExecStop.xml (RunModel)" time="5.036" />
  <testcase classname="ptolemy.util.test.junit.AutoTests" name="[149] /home/travis/build/icyphy/ptII/ptolemy/actor/lib/test/auto/ExecutionTimeSDF.xml (RunModel)" time="6.035" />
  <testcase classname="ptolemy.util.test.junit.AutoTests" name="[150] /home/travis/build/icyphy/ptII/ptolemy/actor/lib/test/auto/Expression1.xml (RunModel)" time="0.014" />
  <testcase classname="ptolemy.util.test.junit.AutoTests" name="[151] /home/travis/build/icyphy/ptII/ptolemy/actor/lib/test/auto/Expression10.xml (RunModel)" time="0.02" />
  <testcase classname="ptolemy.util.test.junit.AutoTests" name="[152] /home/travis/build/icyphy/ptII/ptolemy/actor/lib/test/auto/Expression11.xml (RunModel)" time="0.012" />
  <testcase classname="ptolemy.util.test.junit.AutoTests" name="[153] /home/travis/build/icyphy/ptII/ptolemy/actor/lib/test/auto/Expression12.xml (RunModel)" time="0.018" />
  <testcase classname="ptolemy.util.test.junit.AutoTests" name="[154] /home/travis/build/icyphy/ptII/ptolemy/actor/lib/test/auto/Expression13.xml (RunModel)" time="0.013" />
  <testcase classname="ptolemy.util.test.junit.AutoTests" name="[155] /home/travis/build/icyphy/ptII/ptolemy/actor/lib/test/auto/Expression14.xml (RunModel)" time="0.021" />
  <testcase classname="ptolemy.util.test.junit.AutoTests" name="[156] /home/travis/build/icyphy/ptII/ptolemy/actor/lib/test/auto/Expression15.xml (RunModel)" time="0.008" />
  <testcase classname="ptolemy.util.test.junit.AutoTests" name="[157] /home/travis/build/icyphy/ptII/ptolemy/actor/lib/test/auto/Expression16.xml (RunModel)" time="0.014" />
  <testcase classname="ptolemy.util.test.junit.AutoTests" name="[158] /home/travis/build/icyphy/ptII/ptolemy/actor/lib/test/auto/Expression17.xml (RunModel)" time="0.016" />
  <testcase classname="ptolemy.util.test.junit.AutoTests" name="[159] /home/travis/build/icyphy/ptII/ptolemy/actor/lib/test/auto/Expression18.xml (RunModel)" time="0.013" />
  <testcase classname="ptolemy.util.test.junit.AutoTests" name="[160] /home/travis/build/icyphy/ptII/ptolemy/actor/lib/test/auto/Expression2.xml (RunModel)" time="0.014" />
  <testcase classname="ptolemy.util.test.junit.AutoTests" name="[161] /home/travis/build/icyphy/ptII/ptolemy/actor/lib/test/auto/Expression3.xml (RunModel)" time="0.014" />
  <testcase classname="ptolemy.util.test.junit.AutoTests" name="[162] /home/travis/build/icyphy/ptII/ptolemy/actor/lib/test/auto/Expression4.xml (RunModel)" time="0.021" />
  <testcase classname="ptolemy.util.test.junit.AutoTests" name="[163] /home/travis/build/icyphy/ptII/ptolemy/actor/lib/test/auto/Expression5.xml (RunModel)" time="0.013" />
  <testcase classname="ptolemy.util.test.junit.AutoTests" name="[164] /home/travis/build/icyphy/ptII/ptolemy/actor/lib/test/auto/Expression6.xml (RunModel)" time="0.009" />
  <testcase classname="ptolemy.util.test.junit.AutoTests" name="[165] /home/travis/build/icyphy/ptII/ptolemy/actor/lib/test/auto/Expression7.xml (RunModel)" time="0.013" />
  <testcase classname="ptolemy.util.test.junit.AutoTests" name="[166] /home/travis/build/icyphy/ptII/ptolemy/actor/lib/test/auto/Expression8.xml (RunModel)" time="0.017" />
  <testcase classname="ptolemy.util.test.junit.AutoTests" name="[167] /home/travis/build/icyphy/ptII/ptolemy/actor/lib/test/auto/Expression9.xml (RunModel)" time="0.008" />
  <testcase classname="ptolemy.util.test.junit.AutoTests" name="[168] /home/travis/build/icyphy/ptII/ptolemy/actor/lib/test/auto/ExpressionConcatenateArrayType.xml (RunModel)" time="0.046" />
  <testcase classname="ptolemy.util.test.junit.AutoTests" name="[169] /home/travis/build/icyphy/ptII/ptolemy/actor/lib/test/auto/ExpressionConcatenateArrayType2.xml (RunModel)" time="0.022" />
  <testcase classname="ptolemy.util.test.junit.AutoTests" name="[170] /home/travis/build/icyphy/ptII/ptolemy/actor/lib/test/auto/ExpressionFix.xml (RunModel)" time="0.04" />
  <testcase classname="ptolemy.util.test.junit.AutoTests" name="[171] /home/travis/build/icyphy/ptII/ptolemy/actor/lib/test/auto/ExpressionFix2.xml (RunModel)" time="0.013" />
  <testcase classname="ptolemy.util.test.junit.AutoTests" name="[172] /home/travis/build/icyphy/ptII/ptolemy/actor/lib/test/auto/ExpressionFix3.xml (RunModel)" time="0.014" />
  <testcase classname="ptolemy.util.test.junit.AutoTests" name="[173] /home/travis/build/icyphy/ptII/ptolemy/actor/lib/test/auto/FileWriter1.xml (RunModel)" time="0.01" />
  <testcase classname="ptolemy.util.test.junit.AutoTests" name="[174] /home/travis/build/icyphy/ptII/ptolemy/actor/lib/test/auto/FileWriter2.xml (RunModel)" time="0.011" />
  <testcase classname="ptolemy.util.test.junit.AutoTests" name="[175] /home/travis/build/icyphy/ptII/ptolemy/actor/lib/test/auto/FileWriter3.xml (RunModel)" time="0.017" />
  <testcase classname="ptolemy.util.test.junit.AutoTests" name="[176] /home/travis/build/icyphy/ptII/ptolemy/actor/lib/test/auto/Gaussian.xml (RunModel)" time="0.016" />
  <testcase classname="ptolemy.util.test.junit.AutoTests" name="[177] /home/travis/build/icyphy/ptII/ptolemy/actor/lib/test/auto/Gaussian1.xml (RunModel)" time="0.019" />
  <testcase classname="ptolemy.util.test.junit.AutoTests" name="[178] /home/travis/build/icyphy/ptII/ptolemy/actor/lib/test/auto/Gaussian2.xml (RunModel)" time="0.026" />
  <testcase classname="ptolemy.util.test.junit.AutoTests" name="[179] /home/travis/build/icyphy/ptII/ptolemy/actor/lib/test/auto/GradientAdaptiveLattice.xml (RunModel)" time="0.017" />
  <testcase classname="ptolemy.util.test.junit.AutoTests" name="[180] /home/travis/build/icyphy/ptII/ptolemy/actor/lib/test/auto/IIR.xml (RunModel)" time="0.011" />
  <testcase classname="ptolemy.util.test.junit.AutoTests" name="[181] /home/travis/build/icyphy/ptII/ptolemy/actor/lib/test/auto/InputOutputTransparentPorts.xml (RunModel)" time="0.018" />
  <testcase classname="ptolemy.util.test.junit.AutoTests" name="[182] /home/travis/build/icyphy/ptII/ptolemy/actor/lib/test/auto/Interpolator.xml (RunModel)" time="0.016" />
  <testcase classname="ptolemy.util.test.junit.AutoTests" name="[183] /home/travis/build/icyphy/ptII/ptolemy/actor/lib/test/auto/InterpolatorFiringLimitDE.xml (RunModel)" time="0.014" />
  <testcase classname="ptolemy.util.test.junit.AutoTests" name="[184] /home/travis/build/icyphy/ptII/ptolemy/actor/lib/test/auto/Lattice.xml (RunModel)" time="0.008" />
  <testcase classname="ptolemy.util.test.junit.AutoTests" name="[185] /home/travis/build/icyphy/ptII/ptolemy/actor/lib/test/auto/LazyAOCTestLazy.xml (RunModel)" time="0.032" />
  <testcase classname="ptolemy.util.test.junit.AutoTests" name="[186] /home/travis/build/icyphy/ptII/ptolemy/actor/lib/test/auto/LazyAOCTestNonLazy.xml (RunModel)" time="0.019" />
  <testcase classname="ptolemy.util.test.junit.AutoTests" name="[187] /home/travis/build/icyphy/ptII/ptolemy/actor/lib/test/auto/LazyInnerClass.xml (RunModel)" time="0.068" />
  <testcase classname="ptolemy.util.test.junit.AutoTests" name="[188] /home/travis/build/icyphy/ptII/ptolemy/actor/lib/test/auto/LazyPubSub.xml (RunModel)" time="0.055" />
  <testcase classname="ptolemy.util.test.junit.AutoTests" name="[189] /home/travis/build/icyphy/ptII/ptolemy/actor/lib/test/auto/LazyPubSub2.xml (RunModel)" time="0.067" />
  <testcase classname="ptolemy.util.test.junit.AutoTests" name="[190] /home/travis/build/icyphy/ptII/ptolemy/actor/lib/test/auto/LazyPubSub3.xml (RunModel)" time="0.024" />
  <testcase classname="ptolemy.util.test.junit.AutoTests" name="[191] /home/travis/build/icyphy/ptII/ptolemy/actor/lib/test/auto/LazySubClassModel.xml (RunModel)" time="0.019" />
  <testcase classname="ptolemy.util.test.junit.AutoTests" name="[192] /home/travis/build/icyphy/ptII/ptolemy/actor/lib/test/auto/LevelCrossTest1.xml (RunModel)" time="0.01" />
  <testcase classname="ptolemy.util.test.junit.AutoTests" name="[193] /home/travis/build/icyphy/ptII/ptolemy/actor/lib/test/auto/LevelCrossTest10.xml (RunModel)" time="0.014" />
  <testcase classname="ptolemy.util.test.junit.AutoTests" name="[194] /home/travis/build/icyphy/ptII/ptolemy/actor/lib/test/auto/LevelCrossTest11.xml (RunModel)" time="0.012" />
  <testcase classname="ptolemy.util.test.junit.AutoTests" name="[195] /home/travis/build/icyphy/ptII/ptolemy/actor/lib/test/auto/LevelCrossTest12.xml (RunModel)" time="0.013" />
  <testcase classname="ptolemy.util.test.junit.AutoTests" name="[196] /home/travis/build/icyphy/ptII/ptolemy/actor/lib/test/auto/LevelCrossTest13.xml (RunModel)" time="0.014" />
  <testcase classname="ptolemy.util.test.junit.AutoTests" name="[197] /home/travis/build/icyphy/ptII/ptolemy/actor/lib/test/auto/LevelCrossTest2.xml (RunModel)" time="0.01" />
  <testcase classname="ptolemy.util.test.junit.AutoTests" name="[198] /home/travis/build/icyphy/ptII/ptolemy/actor/lib/test/auto/LevelCrossTest3.xml (RunModel)" time="0.011" />
  <testcase classname="ptolemy.util.test.junit.AutoTests" name="[199] /home/travis/build/icyphy/ptII/ptolemy/actor/lib/test/auto/LevelCrossTest4.xml (RunModel)" time="0.01" />
  <testcase classname="ptolemy.util.test.junit.AutoTests" name="[200] /home/travis/build/icyphy/ptII/ptolemy/actor/lib/test/auto/LevelCrossTest5.xml (RunModel)" time="0.019" />
  <testcase classname="ptolemy.util.test.junit.AutoTests" name="[201] /home/travis/build/icyphy/ptII/ptolemy/actor/lib/test/auto/LevelCrossTest6.xml (RunModel)" time="0.031" />
  <testcase classname="ptolemy.util.test.junit.AutoTests" name="[202] /home/travis/build/icyphy/ptII/ptolemy/actor/lib/test/auto/LevelCrossTest7.xml (RunModel)" time="0.015" />
  <testcase classname="ptolemy.util.test.junit.AutoTests" name="[203] /home/travis/build/icyphy/ptII/ptolemy/actor/lib/test/auto/LevelCrossTest8.xml (RunModel)" time="0.014" />
  <testcase classname="ptolemy.util.test.junit.AutoTests" name="[204] /home/travis/build/icyphy/ptII/ptolemy/actor/lib/test/auto/LevelCrossTest9.xml (RunModel)" time="0.016" />
  <testcase classname="ptolemy.util.test.junit.AutoTests" name="[205] /home/travis/build/icyphy/ptII/ptolemy/actor/lib/test/auto/LevinsonDurbin.xml (RunModel)" time="0.019" />
  <testcase classname="ptolemy.util.test.junit.AutoTests" name="[206] /home/travis/build/icyphy/ptII/ptolemy/actor/lib/test/auto/LevinsonDurbin2.xml (RunModel)" time="0.012" />
  <testcase classname="ptolemy.util.test.junit.AutoTests" name="[207] /home/travis/build/icyphy/ptII/ptolemy/actor/lib/test/auto/LevinsonDurbin3.xml (RunModel)" time="0.01" />
  <testcase classname="ptolemy.util.test.junit.AutoTests" name="[208] /home/travis/build/icyphy/ptII/ptolemy/actor/lib/test/auto/Limiter.xml (RunModel)" time="0.04" />
  <testcase classname="ptolemy.util.test.junit.AutoTests" name="[209] /home/travis/build/icyphy/ptII/ptolemy/actor/lib/test/auto/LinearDifferenceEquationSystem.xml (RunModel)" time="0.022" />
  <testcase classname="ptolemy.util.test.junit.AutoTests" name="[210] /home/travis/build/icyphy/ptII/ptolemy/actor/lib/test/auto/LookupTable.xml (RunModel)" time="0.011" />
  <testcase classname="ptolemy.util.test.junit.AutoTests" name="[211] /home/travis/build/icyphy/ptII/ptolemy/actor/lib/test/auto/MathFunction.xml (RunModel)" time="0.019" />
  <testcase classname="ptolemy.util.test.junit.AutoTests" name="[212] /home/travis/build/icyphy/ptII/ptolemy/actor/lib/test/auto/MathFunction2.xml (RunModel)" time="0.01" />
  <testcase classname="ptolemy.util.test.junit.AutoTests" name="[213] /home/travis/build/icyphy/ptII/ptolemy/actor/lib/test/auto/MathFunction3.xml (RunModel)" time="0.016" />
  <testcase classname="ptolemy.util.test.junit.AutoTests" name="[214] /home/travis/build/icyphy/ptII/ptolemy/actor/lib/test/auto/MatrixCropBoolean.xml (RunModel)" time="0.015" />
  <testcase classname="ptolemy.util.test.junit.AutoTests" name="[215] /home/travis/build/icyphy/ptII/ptolemy/actor/lib/test/auto/MatrixCropComplex.xml (RunModel)" time="0.012" />
  <testcase classname="ptolemy.util.test.junit.AutoTests" name="[216] /home/travis/build/icyphy/ptII/ptolemy/actor/lib/test/auto/MatrixCropDouble.xml (RunModel)" time="0.009" />
  <testcase classname="ptolemy.util.test.junit.AutoTests" name="[217] /home/travis/build/icyphy/ptII/ptolemy/actor/lib/test/auto/MatrixCropFix.xml (RunModel)" time="0.018" />
  <testcase classname="ptolemy.util.test.junit.AutoTests" name="[218] /home/travis/build/icyphy/ptII/ptolemy/actor/lib/test/auto/MatrixCropInt.xml (RunModel)" time="0.011" />
  <testcase classname="ptolemy.util.test.junit.AutoTests" name="[219] /home/travis/build/icyphy/ptII/ptolemy/actor/lib/test/auto/MatrixCropLong.xml (RunModel)" time="0.01" />
  <testcase classname="ptolemy.util.test.junit.AutoTests" name="[220] /home/travis/build/icyphy/ptII/ptolemy/actor/lib/test/auto/MatrixToArray.xml (RunModel)" time="0.054" />
  <testcase classname="ptolemy.util.test.junit.AutoTests" name="[221] /home/travis/build/icyphy/ptII/ptolemy/actor/lib/test/auto/MaxIndex.xml (RunModel)" time="0.012" />
  <testcase classname="ptolemy.util.test.junit.AutoTests" name="[222] /home/travis/build/icyphy/ptII/ptolemy/actor/lib/test/auto/Maximum.xml (RunModel)" time="0.018" />
  <testcase classname="ptolemy.util.test.junit.AutoTests" name="[223] /home/travis/build/icyphy/ptII/ptolemy/actor/lib/test/auto/MaximumComplex.xml (RunModel)" time="0.015" />
  <testcase classname="ptolemy.util.test.junit.AutoTests" name="[224] /home/travis/build/icyphy/ptII/ptolemy/actor/lib/test/auto/MethodCallTest.xml (RunModel)" time="0.021" />
  <testcase classname="ptolemy.util.test.junit.AutoTests" name="[225] /home/travis/build/icyphy/ptII/ptolemy/actor/lib/test/auto/Minimum.xml (RunModel)" time="0.016" />
  <testcase classname="ptolemy.util.test.junit.AutoTests" name="[226] /home/travis/build/icyphy/ptII/ptolemy/actor/lib/test/auto/MinimumComplex.xml (RunModel)" time="0.027" />
  <testcase classname="ptolemy.util.test.junit.AutoTests" name="[227] /home/travis/build/icyphy/ptII/ptolemy/actor/lib/test/auto/MinimumMultiports.xml (RunModel)" time="0.016" />
  <testcase classname="ptolemy.util.test.junit.AutoTests" name="[228] /home/travis/build/icyphy/ptII/ptolemy/actor/lib/test/auto/ModifyDate.xml (RunModel)" time="0.045" />
  <testcase classname="ptolemy.util.test.junit.AutoTests" name="[229] /home/travis/build/icyphy/ptII/ptolemy/actor/lib/test/auto/ModifyDate2.xml (RunModel)" time="0.034" />
  <testcase classname="ptolemy.util.test.junit.AutoTests" name="[230] /home/travis/build/icyphy/ptII/ptolemy/actor/lib/test/auto/MovingAverage.xml (RunModel)" time="0.011" />
  <testcase classname="ptolemy.util.test.junit.AutoTests" name="[231] /home/travis/build/icyphy/ptII/ptolemy/actor/lib/test/auto/MovingMaximum.xml (RunModel)" time="0.011" />
  <testcase classname="ptolemy.util.test.junit.AutoTests" name="[232] /home/travis/build/icyphy/ptII/ptolemy/actor/lib/test/auto/MultipleLinksToSameRelation.xml (RunModel)" time="0.008" />
  <testcase classname="ptolemy.util.test.junit.AutoTests" name="[233] /home/travis/build/icyphy/ptII/ptolemy/actor/lib/test/auto/MultipleLinksToSameRelationDE.xml (RunModel)" time="0.008" />
  <testcase classname="ptolemy.util.test.junit.AutoTests" name="[234] /home/travis/build/icyphy/ptII/ptolemy/actor/lib/test/auto/Multiplexor.xml (RunModel)" time="0.012" />
  <testcase classname="ptolemy.util.test.junit.AutoTests" name="[235] /home/travis/build/icyphy/ptII/ptolemy/actor/lib/test/auto/Multiplexor1.xml (RunModel)" time="0.011" />
  <testcase classname="ptolemy.util.test.junit.AutoTests" name="[236] /home/travis/build/icyphy/ptII/ptolemy/actor/lib/test/auto/Multiplexor2.xml (RunModel)" time="0.014" />
  <testcase classname="ptolemy.util.test.junit.AutoTests" name="[237] /home/travis/build/icyphy/ptII/ptolemy/actor/lib/test/auto/Multiplexor3.xml (RunModel)" time="0.009" />
  <testcase classname="ptolemy.util.test.junit.AutoTests" name="[238] /home/travis/build/icyphy/ptII/ptolemy/actor/lib/test/auto/MultiplexorDE.xml (RunModel)" time="0.018" />
  <testcase classname="ptolemy.util.test.junit.AutoTests" name="[239] /home/travis/build/icyphy/ptII/ptolemy/actor/lib/test/auto/MultiportBroadcastTest.xml (RunModel)" time="0.097" />
  <testcase classname="ptolemy.util.test.junit.AutoTests" name="[240] /home/travis/build/icyphy/ptII/ptolemy/actor/lib/test/auto/MultiportOutHangDuringGetWidth.xml (RunModel)" time="0.033" />
  <testcase classname="ptolemy.util.test.junit.AutoTests" name="[241] /home/travis/build/icyphy/ptII/ptolemy/actor/lib/test/auto/NilToken.xml (RunModel)" time="0.013" />
  <testcase classname="ptolemy.util.test.junit.AutoTests" name="[242] /home/travis/build/icyphy/ptII/ptolemy/actor/lib/test/auto/NilTokenNonStrictTest.xml (RunModel)" time="0.011" />
  <testcase classname="ptolemy.util.test.junit.AutoTests" name="[243] /home/travis/build/icyphy/ptII/ptolemy/actor/lib/test/auto/NilTokenRecord.xml (RunModel)" time="0.033" />
  <testcase classname="ptolemy.util.test.junit.AutoTests" name="[244] /home/travis/build/icyphy/ptII/ptolemy/actor/lib/test/auto/NilTokenTypeTest.xml (RunModel)" time="0.031" />
  <testcase classname="ptolemy.util.test.junit.AutoTests" name="[245] /home/travis/build/icyphy/ptII/ptolemy/actor/lib/test/auto/ObjectToken1.xml (RunModel)" time="0.008" />
  <testcase classname="ptolemy.util.test.junit.AutoTests" name="[246] /home/travis/build/icyphy/ptII/ptolemy/actor/lib/test/auto/OrderedMerge.xml (RunModel)" time="0.019" />
  <testcase classname="ptolemy.util.test.junit.AutoTests" name="[247] /home/travis/build/icyphy/ptII/ptolemy/actor/lib/test/auto/OrderedRecordDisassembler.xml (RunModel)" time="0.012" />
  <testcase classname="ptolemy.util.test.junit.AutoTests" name="[248] /home/travis/build/icyphy/ptII/ptolemy/actor/lib/test/auto/OrderedRecordDisassembler2.xml (RunModel)" time="0.016" />
  <testcase classname="ptolemy.util.test.junit.AutoTests" name="[249] /home/travis/build/icyphy/ptII/ptolemy/actor/lib/test/auto/OrderedRecordUpdater.xml (RunModel)" time="0.01" />
  <testcase classname="ptolemy.util.test.junit.AutoTests" name="[250] /home/travis/build/icyphy/ptII/ptolemy/actor/lib/test/auto/OrderedRecordUpdater2.xml (RunModel)" time="0.01" />
  <testcase classname="ptolemy.util.test.junit.AutoTests" name="[251] /home/travis/build/icyphy/ptII/ptolemy/actor/lib/test/auto/PhaseUnwrap.xml (RunModel)" time="0.016" />
  <testcase classname="ptolemy.util.test.junit.AutoTests" name="[252] /home/travis/build/icyphy/ptII/ptolemy/actor/lib/test/auto/PoissonClock.xml (RunModel)" time="0.01" />
  <testcase classname="ptolemy.util.test.junit.AutoTests" name="[253] /home/travis/build/icyphy/ptII/ptolemy/actor/lib/test/auto/PoissonClock2.xml (RunModel)" time="0.007" />
  <testcase classname="ptolemy.util.test.junit.AutoTests" name="[254] /home/travis/build/icyphy/ptII/ptolemy/actor/lib/test/auto/PoissonClock3.xml (RunModel)" time="0.026" />
  <testcase classname="ptolemy.util.test.junit.AutoTests" name="[255] /home/travis/build/icyphy/ptII/ptolemy/actor/lib/test/auto/PubSubWithInitialTokens.xml (RunModel)" time="0.018" />
  <testcase classname="ptolemy.util.test.junit.AutoTests" name="[256] /home/travis/build/icyphy/ptII/ptolemy/actor/lib/test/auto/PubSubWithInitialTokens2.xml (RunModel)" time="0.01" />
  <testcase classname="ptolemy.util.test.junit.AutoTests" name="[257] /home/travis/build/icyphy/ptII/ptolemy/actor/lib/test/auto/PublisherClassNoParameter.xml (RunModel)" time="0.024" />
  <testcase classname="ptolemy.util.test.junit.AutoTests" name="[258] /home/travis/build/icyphy/ptII/ptolemy/actor/lib/test/auto/PublisherClassParameter.xml (RunModel)" time="0.024" />
  <testcase classname="ptolemy.util.test.junit.AutoTests" name="[259] /home/travis/build/icyphy/ptII/ptolemy/actor/lib/test/auto/PublisherNonStrictTest.xml (RunModel)" time="0.017" />
  <testcase classname="ptolemy.util.test.junit.AutoTests" name="[260] /home/travis/build/icyphy/ptII/ptolemy/actor/lib/test/auto/PublisherPort1.xml (RunModel)" time="0.011" />
  <testcase classname="ptolemy.util.test.junit.AutoTests" name="[261] /home/travis/build/icyphy/ptII/ptolemy/actor/lib/test/auto/PublisherPort2.xml (RunModel)" time="0.013" />
  <testcase classname="ptolemy.util.test.junit.AutoTests" name="[262] /home/travis/build/icyphy/ptII/ptolemy/actor/lib/test/auto/PublisherPort3.xml (RunModel)" time="0.021" />
  <testcase classname="ptolemy.util.test.junit.AutoTests" name="[263] /home/travis/build/icyphy/ptII/ptolemy/actor/lib/test/auto/PublisherPort4.xml (RunModel)" time="0.018" />
  <testcase classname="ptolemy.util.test.junit.AutoTests" name="[264] /home/travis/build/icyphy/ptII/ptolemy/actor/lib/test/auto/PublisherPort5.xml (RunModel)" time="0.028" />
  <testcase classname="ptolemy.util.test.junit.AutoTests" name="[265] /home/travis/build/icyphy/ptII/ptolemy/actor/lib/test/auto/PublisherPort5LookAlike.xml (RunModel)" time="0.019" />
  <testcase classname="ptolemy.util.test.junit.AutoTests" name="[266] /home/travis/build/icyphy/ptII/ptolemy/actor/lib/test/auto/PublisherPort6.xml (RunModel)" time="0.011" />
  <testcase classname="ptolemy.util.test.junit.AutoTests" name="[267] /home/travis/build/icyphy/ptII/ptolemy/actor/lib/test/auto/PublisherPort7.xml (RunModel)" time="0.015" />
  <testcase classname="ptolemy.util.test.junit.AutoTests" name="[268] /home/travis/build/icyphy/ptII/ptolemy/actor/lib/test/auto/PublisherPort8.xml (RunModel)" time="0.017" />
  <testcase classname="ptolemy.util.test.junit.AutoTests" name="[269] /home/travis/build/icyphy/ptII/ptolemy/actor/lib/test/auto/PublisherPortSubscriberChannelVariablesAOC2.xml (RunModel)" time="0.031" />
  <testcase classname="ptolemy.util.test.junit.AutoTests" name="[270] /home/travis/build/icyphy/ptII/ptolemy/actor/lib/test/auto/PublisherPortSubscriberOpaqueWidthInference.xml (RunModel)" time="0.022" />
  <testcase classname="ptolemy.util.test.junit.AutoTests" name="[271] /home/travis/build/icyphy/ptII/ptolemy/actor/lib/test/auto/PublisherPortSubscriberPortAdjacent.xml (RunModel)" time="0.018" />
  <testcase classname="ptolemy.util.test.junit.AutoTests" name="[272] /home/travis/build/icyphy/ptII/ptolemy/actor/lib/test/auto/PublisherPortSubscriberPortExpression.xml (RunModel)" time="0.015" />
  <testcase classname="ptolemy.util.test.junit.AutoTests" name="[273] /home/travis/build/icyphy/ptII/ptolemy/actor/lib/test/auto/PublisherPortSubscriberPortOpaqueD3Reverse.xml (RunModel)" time="0.035" />
  <testcase classname="ptolemy.util.test.junit.AutoTests" name="[274] /home/travis/build/icyphy/ptII/ptolemy/actor/lib/test/auto/PublisherPortSubscriberPortOpaqueWidthInference.xml (RunModel)" time="0.015" />
  <testcase classname="ptolemy.util.test.junit.AutoTests" name="[275] /home/travis/build/icyphy/ptII/ptolemy/actor/lib/test/auto/PublisherPortToplevelSubscriberPortAOC.xml (RunModel)" time="0.01" />
  <testcase classname="ptolemy.util.test.junit.AutoTests" name="[276] /home/travis/build/icyphy/ptII/ptolemy/actor/lib/test/auto/PublisherSubscriber.xml (RunModel)" time="0.013" />
  <testcase classname="ptolemy.util.test.junit.AutoTests" name="[277] /home/travis/build/icyphy/ptII/ptolemy/actor/lib/test/auto/PublisherSubscriber10.xml (RunModel)" time="0.022" />
  <testcase classname="ptolemy.util.test.junit.AutoTests" name="[278] /home/travis/build/icyphy/ptII/ptolemy/actor/lib/test/auto/PublisherSubscriber10InitialOutputs.xml (RunModel)" time="0.027" />
  <testcase classname="ptolemy.util.test.junit.AutoTests" name="[279] /home/travis/build/icyphy/ptII/ptolemy/actor/lib/test/auto/PublisherSubscriber11.xml (RunModel)" time="0.016" />
  <testcase classname="ptolemy.util.test.junit.AutoTests" name="[280] /home/travis/build/icyphy/ptII/ptolemy/actor/lib/test/auto/PublisherSubscriber12.xml (RunModel)" time="0.022" />
  <testcase classname="ptolemy.util.test.junit.AutoTests" name="[281] /home/travis/build/icyphy/ptII/ptolemy/actor/lib/test/auto/PublisherSubscriber13.xml (RunModel)" time="0.013" />
  <testcase classname="ptolemy.util.test.junit.AutoTests" name="[282] /home/travis/build/icyphy/ptII/ptolemy/actor/lib/test/auto/PublisherSubscriber14.xml (RunModel)" time="0.018" />
  <testcase classname="ptolemy.util.test.junit.AutoTests" name="[283] /home/travis/build/icyphy/ptII/ptolemy/actor/lib/test/auto/PublisherSubscriber2.xml (RunModel)" time="0.01" />
  <testcase classname="ptolemy.util.test.junit.AutoTests" name="[284] /home/travis/build/icyphy/ptII/ptolemy/actor/lib/test/auto/PublisherSubscriber3.xml (RunModel)" time="0.01" />
  <testcase classname="ptolemy.util.test.junit.AutoTests" name="[285] /home/travis/build/icyphy/ptII/ptolemy/actor/lib/test/auto/PublisherSubscriber4.xml (RunModel)" time="0.009" />
  <testcase classname="ptolemy.util.test.junit.AutoTests" name="[286] /home/travis/build/icyphy/ptII/ptolemy/actor/lib/test/auto/PublisherSubscriber5.xml (RunModel)" time="0.012" />
  <testcase classname="ptolemy.util.test.junit.AutoTests" name="[287] /home/travis/build/icyphy/ptII/ptolemy/actor/lib/test/auto/PublisherSubscriber6.xml (RunModel)" time="0.015" />
  <testcase classname="ptolemy.util.test.junit.AutoTests" name="[288] /home/travis/build/icyphy/ptII/ptolemy/actor/lib/test/auto/PublisherSubscriber7.xml (RunModel)" time="0.019" />
  <testcase classname="ptolemy.util.test.junit.AutoTests" name="[289] /home/travis/build/icyphy/ptII/ptolemy/actor/lib/test/auto/PublisherSubscriber8.xml (RunModel)" time="0.032" />
  <testcase classname="ptolemy.util.test.junit.AutoTests" name="[290] /home/travis/build/icyphy/ptII/ptolemy/actor/lib/test/auto/PublisherSubscriber9.xml (RunModel)" time="0.039" />
  <testcase classname="ptolemy.util.test.junit.AutoTests" name="[291] /home/travis/build/icyphy/ptII/ptolemy/actor/lib/test/auto/PublisherSubscriberAdjacent.xml (RunModel)" time="0.016" />
  <testcase classname="ptolemy.util.test.junit.AutoTests" name="[292] /home/travis/build/icyphy/ptII/ptolemy/actor/lib/test/auto/PublisherSubscriberChannelVariablesAOC2.xml (RunModel)" time="0.027" />
  <testcase classname="ptolemy.util.test.junit.AutoTests" name="[293] /home/travis/build/icyphy/ptII/ptolemy/actor/lib/test/auto/PublisherSubscriberD3.xml (RunModel)" time="0.014" />
  <testcase classname="ptolemy.util.test.junit.AutoTests" name="[294] /home/travis/build/icyphy/ptII/ptolemy/actor/lib/test/auto/PublisherSubscriberD3Reverse.xml (RunModel)" time="0.011" />
  <testcase classname="ptolemy.util.test.junit.AutoTests" name="[295] /home/travis/build/icyphy/ptII/ptolemy/actor/lib/test/auto/PublisherSubscriberExpression.xml (RunModel)" time="0.017" />
  <testcase classname="ptolemy.util.test.junit.AutoTests" name="[296] /home/travis/build/icyphy/ptII/ptolemy/actor/lib/test/auto/PublisherSubscriberOpaque.xml (RunModel)" time="0.016" />
  <testcase classname="ptolemy.util.test.junit.AutoTests" name="[297] /home/travis/build/icyphy/ptII/ptolemy/actor/lib/test/auto/PublisherSubscriberOpaqueD3.xml (RunModel)" time="0.021" />
  <testcase classname="ptolemy.util.test.junit.AutoTests" name="[298] /home/travis/build/icyphy/ptII/ptolemy/actor/lib/test/auto/PublisherSubscriberOpaqueD3Reverse.xml (RunModel)" time="0.024" />
  <testcase classname="ptolemy.util.test.junit.AutoTests" name="[299] /home/travis/build/icyphy/ptII/ptolemy/actor/lib/test/auto/PublisherSubscriberOpaqueWidthInference.xml (RunModel)" time="0.02" />
  <testcase classname="ptolemy.util.test.junit.AutoTests" name="[300] /home/travis/build/icyphy/ptII/ptolemy/actor/lib/test/auto/PublisherTestSubscriber.xml (RunModel)" time="0.015" />
  <testcase classname="ptolemy.util.test.junit.AutoTests" name="[301] /home/travis/build/icyphy/ptII/ptolemy/actor/lib/test/auto/PublisherToplevelSubscriberPortAOC.xml (RunModel)" time="0.013" />
  <testcase classname="ptolemy.util.test.junit.AutoTests" name="[302] /home/travis/build/icyphy/ptII/ptolemy/actor/lib/test/auto/PulseFiringLimitDE.xml (RunModel)" time="0.012" />
  <testcase classname="ptolemy.util.test.junit.AutoTests" name="[303] /home/travis/build/icyphy/ptII/ptolemy/actor/lib/test/auto/Ramp1.xml (RunModel)" time="0.007" />
  <testcase classname="ptolemy.util.test.junit.AutoTests" name="[304] /home/travis/build/icyphy/ptII/ptolemy/actor/lib/test/auto/RampFiringLimitDE.xml (RunModel)" time="0.01" />
  <testcase classname="ptolemy.util.test.junit.AutoTests" name="[305] /home/travis/build/icyphy/ptII/ptolemy/actor/lib/test/auto/RampFiringLimitSDF.xml (RunModel)" time="0.01" />
  <testcase classname="ptolemy.util.test.junit.AutoTests" name="[306] /home/travis/build/icyphy/ptII/ptolemy/actor/lib/test/auto/RandomInteger.xml (RunModel)" time="0.008" />
  <testcase classname="ptolemy.util.test.junit.AutoTests" name="[307] /home/travis/build/icyphy/ptII/ptolemy/actor/lib/test/auto/ReadFile1.xml (RunModel)" time="0.007" />
  <testcase classname="ptolemy.util.test.junit.AutoTests" name="[308] /home/travis/build/icyphy/ptII/ptolemy/actor/lib/test/auto/ReadFile2.xml (RunModel)" time="0.013" />
  <testcase classname="ptolemy.util.test.junit.AutoTests" name="[309] /home/travis/build/icyphy/ptII/ptolemy/actor/lib/test/auto/Reader.xml (RunModel)" time="0.012" />
  <testcase classname="ptolemy.util.test.junit.AutoTests" name="[310] /home/travis/build/icyphy/ptII/ptolemy/actor/lib/test/auto/RecordAssemblerDisplayNameTest.xml (RunModel)" time="3.645" />
  <testcase classname="ptolemy.util.test.junit.AutoTests" name="[311] /home/travis/build/icyphy/ptII/ptolemy/actor/lib/test/auto/RecordAssemblerTypeError.xml (RunModel)" time="0.043" />
  <testcase classname="ptolemy.util.test.junit.AutoTests" name="[312] /home/travis/build/icyphy/ptII/ptolemy/actor/lib/test/auto/RecordDisassember.xml (RunModel)" time="0.016" />
  <testcase classname="ptolemy.util.test.junit.AutoTests" name="[313] /home/travis/build/icyphy/ptII/ptolemy/actor/lib/test/auto/RecordDisassemberDisplayNameTest.xml (RunModel)" time="0.02" />
  <testcase classname="ptolemy.util.test.junit.AutoTests" name="[314] /home/travis/build/icyphy/ptII/ptolemy/actor/lib/test/auto/RecordDisassembler.xml (RunModel)" time="0.011" />
  <testcase classname="ptolemy.util.test.junit.AutoTests" name="[315] /home/travis/build/icyphy/ptII/ptolemy/actor/lib/test/auto/RecordDisassembler2.xml (RunModel)" time="0.011" />
  <testcase classname="ptolemy.util.test.junit.AutoTests" name="[316] /home/travis/build/icyphy/ptII/ptolemy/actor/lib/test/auto/RecordUpdater.xml (RunModel)" time="0.012" />
  <testcase classname="ptolemy.util.test.junit.AutoTests" name="[317] /home/travis/build/icyphy/ptII/ptolemy/actor/lib/test/auto/RecordUpdater2.xml (RunModel)" time="0.011" />
  <testcase classname="ptolemy.util.test.junit.AutoTests" name="[318] /home/travis/build/icyphy/ptII/ptolemy/actor/lib/test/auto/RecursiveLattice.xml (RunModel)" time="0.009" />
  <testcase classname="ptolemy.util.test.junit.AutoTests" name="[319] /home/travis/build/icyphy/ptII/ptolemy/actor/lib/test/auto/Router.xml (RunModel)" time="3.03" />
  <testcase classname="ptolemy.util.test.junit.AutoTests" name="[320] /home/travis/build/icyphy/ptII/ptolemy/actor/lib/test/auto/Router2.xml (RunModel)" time="3.051" />
  <testcase classname="ptolemy.util.test.junit.AutoTests" name="[321] /home/travis/build/icyphy/ptII/ptolemy/actor/lib/test/auto/RunningMaximum.xml (RunModel)" time="0.022" />
  <testcase classname="ptolemy.util.test.junit.AutoTests" name="[322] /home/travis/build/icyphy/ptII/ptolemy/actor/lib/test/auto/RunningMinimum.xml (RunModel)" time="0.019" />
  <testcase classname="ptolemy.util.test.junit.AutoTests" name="[323] /home/travis/build/icyphy/ptII/ptolemy/actor/lib/test/auto/Scale.xml (RunModel)" time="0.009" />
  <testcase classname="ptolemy.util.test.junit.AutoTests" name="[324] /home/travis/build/icyphy/ptII/ptolemy/actor/lib/test/auto/Scale2.xml (RunModel)" time="0.01" />
  <testcase classname="ptolemy.util.test.junit.AutoTests" name="[325] /home/travis/build/icyphy/ptII/ptolemy/actor/lib/test/auto/Scale3.xml (RunModel)" time="0.018" />
  <testcase classname="ptolemy.util.test.junit.AutoTests" name="[326] /home/travis/build/icyphy/ptII/ptolemy/actor/lib/test/auto/ScaleArray.xml (RunModel)" time="0.008" />
  <testcase classname="ptolemy.util.test.junit.AutoTests" name="[327] /home/travis/build/icyphy/ptII/ptolemy/actor/lib/test/auto/ScaleArray2.xml (RunModel)" time="0.008" />
  <testcase classname="ptolemy.util.test.junit.AutoTests" name="[328] /home/travis/build/icyphy/ptII/ptolemy/actor/lib/test/auto/ScaleMatrix.xml (RunModel)" time="0.144" />
  <testcase classname="ptolemy.util.test.junit.AutoTests" name="[329] /home/travis/build/icyphy/ptII/ptolemy/actor/lib/test/auto/Select.xml (RunModel)" time="0.014" />
  <testcase classname="ptolemy.util.test.junit.AutoTests" name="[330] /home/travis/build/icyphy/ptII/ptolemy/actor/lib/test/auto/Select2.xml (RunModel)" time="0.009" />
  <testcase classname="ptolemy.util.test.junit.AutoTests" name="[331] /home/travis/build/icyphy/ptII/ptolemy/actor/lib/test/auto/SequenceToArray2.xml (RunModel)" time="0.149" />
  <testcase classname="ptolemy.util.test.junit.AutoTests" name="[332] /home/travis/build/icyphy/ptII/ptolemy/actor/lib/test/auto/SequentialClock.xml (RunModel)" time="0.014" />
  <testcase classname="ptolemy.util.test.junit.AutoTests" name="[333] /home/travis/build/icyphy/ptII/ptolemy/actor/lib/test/auto/SetVariable.xml (RunModel)" time="0.015" />
  <testcase classname="ptolemy.util.test.junit.AutoTests" name="[334] /home/travis/build/icyphy/ptII/ptolemy/actor/lib/test/auto/SetVariable2.xml (RunModel)" time="0.008" />
  <testcase classname="ptolemy.util.test.junit.AutoTests" name="[335] /home/travis/build/icyphy/ptII/ptolemy/actor/lib/test/auto/SetVariable3.xml (RunModel)" time="0.016" />
  <testcase classname="ptolemy.util.test.junit.AutoTests" name="[336] /home/travis/build/icyphy/ptII/ptolemy/actor/lib/test/auto/SetVariable4.xml (RunModel)" time="0.031" />
  <testcase classname="ptolemy.util.test.junit.AutoTests" name="[337] /home/travis/build/icyphy/ptII/ptolemy/actor/lib/test/auto/SetVariable5.xml (RunModel)" time="0.038" />
  <testcase classname="ptolemy.util.test.junit.AutoTests" name="[338] /home/travis/build/icyphy/ptII/ptolemy/actor/lib/test/auto/Sinewave.xml (RunModel)" time="0.044" />
  <testcase classname="ptolemy.util.test.junit.AutoTests" name="[339] /home/travis/build/icyphy/ptII/ptolemy/actor/lib/test/auto/Sinewave2.xml (RunModel)" time="0.04" />
  <testcase classname="ptolemy.util.test.junit.AutoTests" name="[340] /home/travis/build/icyphy/ptII/ptolemy/actor/lib/test/auto/Sinewave3.xml (RunModel)" time="0.022" />
  <testcase classname="ptolemy.util.test.junit.AutoTests" name="[341] /home/travis/build/icyphy/ptII/ptolemy/actor/lib/test/auto/SingleEvent.xml (RunModel)" time="0.01" />
  <testcase classname="ptolemy.util.test.junit.AutoTests" name="[342] /home/travis/build/icyphy/ptII/ptolemy/actor/lib/test/auto/Sleep.xml (RunModel)" time="6.013" />
  <testcase classname="ptolemy.util.test.junit.AutoTests" name="[343] /home/travis/build/icyphy/ptII/ptolemy/actor/lib/test/auto/SleepMultipleFire.xml (RunModel)" time="1.019" />
  <testcase classname="ptolemy.util.test.junit.AutoTests" name="[344] /home/travis/build/icyphy/ptII/ptolemy/actor/lib/test/auto/StopDE.xml (RunModel)" time="0.018" />
  <testcase classname="ptolemy.util.test.junit.AutoTests" name="[345] /home/travis/build/icyphy/ptII/ptolemy/actor/lib/test/auto/StopSDF.xml (RunModel)" time="0.012" />
  <testcase classname="ptolemy.util.test.junit.AutoTests" name="[346] /home/travis/build/icyphy/ptII/ptolemy/actor/lib/test/auto/StringConstant.xml (RunModel)" time="0.017" />
  <testcase classname="ptolemy.util.test.junit.AutoTests" name="[347] /home/travis/build/icyphy/ptII/ptolemy/actor/lib/test/auto/SubscriberPortInitialValues1.xml (RunModel)" time="0.022" />
  <testcase classname="ptolemy.util.test.junit.AutoTests" name="[348] /home/travis/build/icyphy/ptII/ptolemy/actor/lib/test/auto/SubscriberPortInitialValues13.xml (RunModel)" time="0.027" />
  <testcase classname="ptolemy.util.test.junit.AutoTests" name="[349] /home/travis/build/icyphy/ptII/ptolemy/actor/lib/test/auto/SubscriberPortInitialValues14.xml (RunModel)" time="0.015" />
  <testcase classname="ptolemy.util.test.junit.AutoTests" name="[350] /home/travis/build/icyphy/ptII/ptolemy/actor/lib/test/auto/SubscriberPortInitialValues2.xml (RunModel)" time="0.016" />
  <testcase classname="ptolemy.util.test.junit.AutoTests" name="[351] /home/travis/build/icyphy/ptII/ptolemy/actor/lib/test/auto/SubscriberPortInitialValues3.xml (RunModel)" time="0.021" />
  <testcase classname="ptolemy.util.test.junit.AutoTests" name="[352] /home/travis/build/icyphy/ptII/ptolemy/actor/lib/test/auto/SubscriptionAggregator.xml (RunModel)" time="0.011" />
  <testcase classname="ptolemy.util.test.junit.AutoTests" name="[353] /home/travis/build/icyphy/ptII/ptolemy/actor/lib/test/auto/SubscriptionAggregator2.xml (RunModel)" time="0.011" />
  <testcase classname="ptolemy.util.test.junit.AutoTests" name="[354] /home/travis/build/icyphy/ptII/ptolemy/actor/lib/test/auto/SubscriptionAggregator3.xml (RunModel)" time="0.016" />
  <testcase classname="ptolemy.util.test.junit.AutoTests" name="[355] /home/travis/build/icyphy/ptII/ptolemy/actor/lib/test/auto/SubscriptionAggregatorMultiply.xml (RunModel)" time="0.024" />
  <testcase classname="ptolemy.util.test.junit.AutoTests" name="[356] /home/travis/build/icyphy/ptII/ptolemy/actor/lib/test/auto/SubscriptionAggregatorPortMultiply1.xml (RunModel)" time="0.017" />
  <testcase classname="ptolemy.util.test.junit.AutoTests" name="[357] /home/travis/build/icyphy/ptII/ptolemy/actor/lib/test/auto/Switch.xml (RunModel)" time="0.018" />
  <testcase classname="ptolemy.util.test.junit.AutoTests" name="[358] /home/travis/build/icyphy/ptII/ptolemy/actor/lib/test/auto/Switch2.xml (RunModel)" time="0.01" />
  <testcase classname="ptolemy.util.test.junit.AutoTests" name="[359] /home/travis/build/icyphy/ptII/ptolemy/actor/lib/test/auto/SwitchDE.xml (RunModel)" time="0.013" />
  <testcase classname="ptolemy.util.test.junit.AutoTests" name="[360] /home/travis/build/icyphy/ptII/ptolemy/actor/lib/test/auto/SynchronizerDE.xml (RunModel)" time="0.022" />
  <testcase classname="ptolemy.util.test.junit.AutoTests" name="[361] /home/travis/build/icyphy/ptII/ptolemy/actor/lib/test/auto/Test.xml (RunModel)" time="0.009" />
  <testcase classname="ptolemy.util.test.junit.AutoTests" name="[362] /home/travis/build/icyphy/ptII/ptolemy/actor/lib/test/auto/TestExceptionAttribute1.xml (RunModel)" time="0.007" />
  <testcase classname="ptolemy.util.test.junit.AutoTests" name="[363] /home/travis/build/icyphy/ptII/ptolemy/actor/lib/test/auto/TestExceptionAttribute2.xml (RunModel)" time="0.012" />
  <testcase classname="ptolemy.util.test.junit.AutoTests" name="[364] /home/travis/build/icyphy/ptII/ptolemy/actor/lib/test/auto/TestExceptionAttribute3.xml (RunModel)" time="0.011" />
  <testcase classname="ptolemy.util.test.junit.AutoTests" name="[365] /home/travis/build/icyphy/ptII/ptolemy/actor/lib/test/auto/TestExceptionAttribute4.xml (RunModel)" time="0.007" />
  <testcase classname="ptolemy.util.test.junit.AutoTests" name="[366] /home/travis/build/icyphy/ptII/ptolemy/actor/lib/test/auto/TestExceptionHandler1.xml (RunModel)" time="0.01" />
  <testcase classname="ptolemy.util.test.junit.AutoTests" name="[367] /home/travis/build/icyphy/ptII/ptolemy/actor/lib/test/auto/TestExceptionHandler2.xml (RunModel)" time="0.01" />
  <testcase classname="ptolemy.util.test.junit.AutoTests" name="[368] /home/travis/build/icyphy/ptII/ptolemy/actor/lib/test/auto/TestExceptionHandler3.xml (RunModel)" time="0.006" />
  <testcase classname="ptolemy.util.test.junit.AutoTests" name="[369] /home/travis/build/icyphy/ptII/ptolemy/actor/lib/test/auto/TestExceptionHandler4.xml (RunModel)" time="0.007" />
  <testcase classname="ptolemy.util.test.junit.AutoTests" name="[370] /home/travis/build/icyphy/ptII/ptolemy/actor/lib/test/auto/TestRequireCorrectOrder.xml (RunModel)" time="0.017" />
  <testcase classname="ptolemy.util.test.junit.AutoTests" name="[371] /home/travis/build/icyphy/ptII/ptolemy/actor/lib/test/auto/TestSimple.xml (RunModel)" time="0.009" />
  <testcase classname="ptolemy.util.test.junit.AutoTests" name="[372] /home/travis/build/icyphy/ptII/ptolemy/actor/lib/test/auto/ThrowModelError.xml (RunModel)" time="0.011" />
  <testcase classname="ptolemy.util.test.junit.AutoTests" name="[373] /home/travis/build/icyphy/ptII/ptolemy/actor/lib/test/auto/TimeDelayMicrosteps.xml (RunModel)" time="0.013" />
  <testcase classname="ptolemy.util.test.junit.AutoTests" name="[374] /home/travis/build/icyphy/ptII/ptolemy/actor/lib/test/auto/TimeDelayMicrosteps2.xml (RunModel)" time="0.015" />
  <testcase classname="ptolemy.util.test.junit.AutoTests" name="[375] /home/travis/build/icyphy/ptII/ptolemy/actor/lib/test/auto/TimeDelayMicrosteps3.xml (RunModel)" time="0.013" />
  <testcase classname="ptolemy.util.test.junit.AutoTests" name="[376] /home/travis/build/icyphy/ptII/ptolemy/actor/lib/test/auto/TimeDelayVariableMicrosteps.xml (RunModel)" time="0.015" />
  <testcase classname="ptolemy.util.test.junit.AutoTests" name="[377] /home/travis/build/icyphy/ptII/ptolemy/actor/lib/test/auto/TimeGap.xml (RunModel)" time="0.035" />
  <testcase classname="ptolemy.util.test.junit.AutoTests" name="[378] /home/travis/build/icyphy/ptII/ptolemy/actor/lib/test/auto/TimeGap2.xml (RunModel)" time="0.016" />
  <testcase classname="ptolemy.util.test.junit.AutoTests" name="[379] /home/travis/build/icyphy/ptII/ptolemy/actor/lib/test/auto/TimedSinewave.xml (RunModel)" time="0.065" />
  <testcase classname="ptolemy.util.test.junit.AutoTests" name="[380] /home/travis/build/icyphy/ptII/ptolemy/actor/lib/test/auto/TimedSinewavePhase.xml (RunModel)" time="0.045" />
  <testcase classname="ptolemy.util.test.junit.AutoTests" name="[381] /home/travis/build/icyphy/ptII/ptolemy/actor/lib/test/auto/Timer.xml (RunModel)" time="0.014" />
  <testcase classname="ptolemy.util.test.junit.AutoTests" name="[382] /home/travis/build/icyphy/ptII/ptolemy/actor/lib/test/auto/TriangularDistTestModel.xml (RunModel)" time="0.017" />
  <testcase classname="ptolemy.util.test.junit.AutoTests" name="[383] /home/travis/build/icyphy/ptII/ptolemy/actor/lib/test/auto/TrigFunction.xml (RunModel)" time="0.008" />
  <testcase classname="ptolemy.util.test.junit.AutoTests" name="[384] /home/travis/build/icyphy/ptII/ptolemy/actor/lib/test/auto/TrigFunctionDE.xml (RunModel)" time="0.011" />
  <testcase classname="ptolemy.util.test.junit.AutoTests" name="[385] /home/travis/build/icyphy/ptII/ptolemy/actor/lib/test/auto/TrigFunctionInverse.xml (RunModel)" time="0.009" />
  <testcase classname="ptolemy.util.test.junit.AutoTests" name="[386] /home/travis/build/icyphy/ptII/ptolemy/actor/lib/test/auto/TrigFunctionTan.xml (RunModel)" time="0.007" />
  <testcase classname="ptolemy.util.test.junit.AutoTests" name="[387] /home/travis/build/icyphy/ptII/ptolemy/actor/lib/test/auto/TriggeredClock.xml (RunModel)" time="0.009" />
  <testcase classname="ptolemy.util.test.junit.AutoTests" name="[388] /home/travis/build/icyphy/ptII/ptolemy/actor/lib/test/auto/URLDirectoryReader.xml (RunModel)" time="0.132" />
  <testcase classname="ptolemy.util.test.junit.AutoTests" name="[389] /home/travis/build/icyphy/ptII/ptolemy/actor/lib/test/auto/URLDirectoryReader3.xml (RunModel)" time="1.352" />
  <testcase classname="ptolemy.util.test.junit.AutoTests" name="[390] /home/travis/build/icyphy/ptII/ptolemy/actor/lib/test/auto/UnaryMathFunction.xml (RunModel)" time="0.027" />
  <testcase classname="ptolemy.util.test.junit.AutoTests" name="[391] /home/travis/build/icyphy/ptII/ptolemy/actor/lib/test/auto/Uniform.xml (RunModel)" time="0.014" />
  <testcase classname="ptolemy.util.test.junit.AutoTests" name="[392] /home/travis/build/icyphy/ptII/ptolemy/actor/lib/test/auto/UnionDisassemblerTest.xml (RunModel)" time="0.012" />
  <testcase classname="ptolemy.util.test.junit.AutoTests" name="[393] /home/travis/build/icyphy/ptII/ptolemy/actor/lib/test/auto/UtilityFunctions.xml (RunModel)" time="0.008" />
  <testcase classname="ptolemy.util.test.junit.AutoTests" name="[394] /home/travis/build/icyphy/ptII/ptolemy/actor/lib/test/auto/VariableSleep.xml (RunModel)" time="0.515" />
  <testcase classname="ptolemy.util.test.junit.AutoTests" name="[395] /home/travis/build/icyphy/ptII/ptolemy/actor/lib/test/auto/VectorAssemblerDisassemblerCT.xml (RunModel)" time="0.098" />
  <testcase classname="ptolemy.util.test.junit.AutoTests" name="[396] /home/travis/build/icyphy/ptII/ptolemy/actor/lib/test/auto/VectorAssemblerDisassemblerDE.xml (RunModel)" time="0.018" />
  <testcase classname="ptolemy.util.test.junit.AutoTests" name="[397] /home/travis/build/icyphy/ptII/ptolemy/actor/lib/test/auto/VectorAssemblerDisassemblerSDF.xml (RunModel)" time="0.017" />
  <testcase classname="ptolemy.util.test.junit.AutoTests" name="[398] /home/travis/build/icyphy/ptII/ptolemy/actor/lib/test/auto/WallClockTime.xml (RunModel)" time="1.012" />
  <testcase classname="ptolemy.util.test.junit.AutoTests" name="[399] /home/travis/build/icyphy/ptII/ptolemy/actor/lib/test/auto/WidthTestWithSubscriberPublisher.xml (RunModel)" time="0.049" />
  <testcase classname="ptolemy.util.test.junit.AutoTests" name="[400] /home/travis/build/icyphy/ptII/ptolemy/actor/lib/test/auto/WidthTestWithSubscriberPublisher2.xml (RunModel)" time="0.015" />
  <testcase classname="ptolemy.util.test.junit.AutoTests" name="[401] /home/travis/build/icyphy/ptII/ptolemy/actor/lib/test/auto/WidthTestWithSubscriberPublisher3.xml (RunModel)" time="0.016" />
  <testcase classname="ptolemy.util.test.junit.AutoTests" name="[402] /home/travis/build/icyphy/ptII/ptolemy/actor/lib/test/auto/Writer.xml (RunModel)" time="0.008" />
  <testcase classname="ptolemy.util.test.junit.AutoTests" name="[403] /home/travis/build/icyphy/ptII/ptolemy/actor/lib/test/auto/array.xml (RunModel)" time="0.01" />
  <testcase classname="ptolemy.util.test.junit.AutoTests" name="[404] /home/travis/build/icyphy/ptII/ptolemy/actor/lib/test/auto/array2.xml (RunModel)" time="0.033" />
  <testcase classname="ptolemy.util.test.junit.AutoTests" name="[405] /home/travis/build/icyphy/ptII/ptolemy/actor/lib/test/auto/arrayType.xml (RunModel)" time="0.011" />
  <testcase classname="ptolemy.util.test.junit.AutoTests" name="[406] /home/travis/build/icyphy/ptII/ptolemy/actor/lib/test/auto/arrayType10.xml (RunModel)" time="0.012" />
  <testcase classname="ptolemy.util.test.junit.AutoTests" name="[407] /home/travis/build/icyphy/ptII/ptolemy/actor/lib/test/auto/arrayType11.xml (RunModel)" time="0.008" />
  <testcase classname="ptolemy.util.test.junit.AutoTests" name="[408] /home/travis/build/icyphy/ptII/ptolemy/actor/lib/test/auto/arrayType12.xml (RunModel)" time="0.008" />
  <testcase classname="ptolemy.util.test.junit.AutoTests" name="[409] /home/travis/build/icyphy/ptII/ptolemy/actor/lib/test/auto/arrayType13.xml (RunModel)" time="0.008" />
  <testcase classname="ptolemy.util.test.junit.AutoTests" name="[410] /home/travis/build/icyphy/ptII/ptolemy/actor/lib/test/auto/arrayType14.xml (RunModel)" time="0.008" />
  <testcase classname="ptolemy.util.test.junit.AutoTests" name="[411] /home/travis/build/icyphy/ptII/ptolemy/actor/lib/test/auto/arrayType15.xml (RunModel)" time="0.011" />
  <testcase classname="ptolemy.util.test.junit.AutoTests" name="[412] /home/travis/build/icyphy/ptII/ptolemy/actor/lib/test/auto/arrayType16.xml (RunModel)" time="0.009" />
  <testcase classname="ptolemy.util.test.junit.AutoTests" name="[413] /home/travis/build/icyphy/ptII/ptolemy/actor/lib/test/auto/arrayType17.xml (RunModel)" time="0.008" />
  <testcase classname="ptolemy.util.test.junit.AutoTests" name="[414] /home/travis/build/icyphy/ptII/ptolemy/actor/lib/test/auto/arrayType18.xml (RunModel)" time="0.009" />
  <testcase classname="ptolemy.util.test.junit.AutoTests" name="[415] /home/travis/build/icyphy/ptII/ptolemy/actor/lib/test/auto/arrayType19.xml (RunModel)" time="0.009" />
  <testcase classname="ptolemy.util.test.junit.AutoTests" name="[416] /home/travis/build/icyphy/ptII/ptolemy/actor/lib/test/auto/arrayType2.xml (RunModel)" time="0.008" />
  <testcase classname="ptolemy.util.test.junit.AutoTests" name="[417] /home/travis/build/icyphy/ptII/ptolemy/actor/lib/test/auto/arrayType20.xml (RunModel)" time="0.009" />
  <testcase classname="ptolemy.util.test.junit.AutoTests" name="[418] /home/travis/build/icyphy/ptII/ptolemy/actor/lib/test/auto/arrayType21.xml (RunModel)" time="0.008" />
  <testcase classname="ptolemy.util.test.junit.AutoTests" name="[419] /home/travis/build/icyphy/ptII/ptolemy/actor/lib/test/auto/arrayType22.xml (RunModel)" time="0.008" />
  <testcase classname="ptolemy.util.test.junit.AutoTests" name="[420] /home/travis/build/icyphy/ptII/ptolemy/actor/lib/test/auto/arrayType23.xml (RunModel)" time="0.008" />
  <testcase classname="ptolemy.util.test.junit.AutoTests" name="[421] /home/travis/build/icyphy/ptII/ptolemy/actor/lib/test/auto/arrayType24.xml (RunModel)" time="0.008" />
  <testcase classname="ptolemy.util.test.junit.AutoTests" name="[422] /home/travis/build/icyphy/ptII/ptolemy/actor/lib/test/auto/arrayType25.xml (RunModel)" time="0.008" />
  <testcase classname="ptolemy.util.test.junit.AutoTests" name="[423] /home/travis/build/icyphy/ptII/ptolemy/actor/lib/test/auto/arrayType26.xml (RunModel)" time="0.009" />
  <testcase classname="ptolemy.util.test.junit.AutoTests" name="[424] /home/travis/build/icyphy/ptII/ptolemy/actor/lib/test/auto/arrayType27.xml (RunModel)" time="0.008" />
  <testcase classname="ptolemy.util.test.junit.AutoTests" name="[425] /home/travis/build/icyphy/ptII/ptolemy/actor/lib/test/auto/arrayType28.xml (RunModel)" time="0.01" />
  <testcase classname="ptolemy.util.test.junit.AutoTests" name="[426] /home/travis/build/icyphy/ptII/ptolemy/actor/lib/test/auto/arrayType3.xml (RunModel)" time="0.009" />
  <testcase classname="ptolemy.util.test.junit.AutoTests" name="[427] /home/travis/build/icyphy/ptII/ptolemy/actor/lib/test/auto/arrayType4.xml (RunModel)" time="0.009" />
  <testcase classname="ptolemy.util.test.junit.AutoTests" name="[428] /home/travis/build/icyphy/ptII/ptolemy/actor/lib/test/auto/arrayType5.xml (RunModel)" time="0.01" />
  <testcase classname="ptolemy.util.test.junit.AutoTests" name="[429] /home/travis/build/icyphy/ptII/ptolemy/actor/lib/test/auto/arrayType6.xml (RunModel)" time="0.009" />
  <testcase classname="ptolemy.util.test.junit.AutoTests" name="[430] /home/travis/build/icyphy/ptII/ptolemy/actor/lib/test/auto/arrayType7.xml (RunModel)" time="0.009" />
  <testcase classname="ptolemy.util.test.junit.AutoTests" name="[431] /home/travis/build/icyphy/ptII/ptolemy/actor/lib/test/auto/arrayType8.xml (RunModel)" time="0.046" />
  <testcase classname="ptolemy.util.test.junit.AutoTests" name="[432] /home/travis/build/icyphy/ptII/ptolemy/actor/lib/test/auto/arrayType9.xml (RunModel)" time="0.029" />
  <testcase classname="ptolemy.util.test.junit.AutoTests" name="[433] /home/travis/build/icyphy/ptII/ptolemy/actor/lib/test/auto/cast.xml (RunModel)" time="0.038" />
  <testcase classname="ptolemy.util.test.junit.AutoTests" name="[434] /home/travis/build/icyphy/ptII/ptolemy/actor/lib/test/auto/compositeMultiPort.xml (RunModel)" time="0.049" />
  <testcase classname="ptolemy.util.test.junit.AutoTests" name="[435] /home/travis/build/icyphy/ptII/ptolemy/actor/lib/test/auto/expressionCastInference.xml (RunModel)" time="0.055" />
  <testcase classname="ptolemy.util.test.junit.AutoTests" name="[436] /home/travis/build/icyphy/ptII/ptolemy/actor/lib/test/auto/expressionCastInference2.xml (RunModel)" time="0.03" />
  <testcase classname="ptolemy.util.test.junit.AutoTests" name="[437] /home/travis/build/icyphy/ptII/ptolemy/actor/lib/test/auto/expressionInference.xml (RunModel)" time="0.033" />
  <testcase classname="ptolemy.util.test.junit.AutoTests" name="[438] /home/travis/build/icyphy/ptII/ptolemy/actor/lib/test/auto/expression_bug.xml (RunModel)" time="0.013" />
  <testcase classname="ptolemy.util.test.junit.AutoTests" name="[439] /home/travis/build/icyphy/ptII/ptolemy/actor/lib/test/auto/factorial.xml (RunModel)" time="0.061" />
  <testcase classname="ptolemy.util.test.junit.AutoTests" name="[440] /home/travis/build/icyphy/ptII/ptolemy/actor/lib/test/auto/filterTest1.xml (RunModel)" time="0.016" />
  <testcase classname="ptolemy.util.test.junit.AutoTests" name="[441] /home/travis/build/icyphy/ptII/ptolemy/actor/lib/test/auto/funcApplyInConst.xml (RunModel)" time="0.005" />
  <testcase classname="ptolemy.util.test.junit.AutoTests" name="[442] /home/travis/build/icyphy/ptII/ptolemy/actor/lib/test/auto/funcApplyInExpr.xml (RunModel)" time="0.005" />
  <testcase classname="ptolemy.util.test.junit.AutoTests" name="[443] /home/travis/build/icyphy/ptII/ptolemy/actor/lib/test/auto/function.xml (RunModel)" time="0.01" />
  <testcase classname="ptolemy.util.test.junit.AutoTests" name="[444] /home/travis/build/icyphy/ptII/ptolemy/actor/lib/test/auto/function2.xml (RunModel)" time="0.009" />
  <testcase classname="ptolemy.util.test.junit.AutoTests" name="[445] /home/travis/build/icyphy/ptII/ptolemy/actor/lib/test/auto/function3.xml (RunModel)" time="0.007" />
  <testcase classname="ptolemy.util.test.junit.AutoTests" name="[446] /home/travis/build/icyphy/ptII/ptolemy/actor/lib/test/auto/functionClosureTest1.xml (RunModel)" time="0.009" />
  <testcase classname="ptolemy.util.test.junit.AutoTests" name="[447] /home/travis/build/icyphy/ptII/ptolemy/actor/lib/test/auto/functionClosureTest2.xml (RunModel)" time="0.006" />
  <testcase classname="ptolemy.util.test.junit.AutoTests" name="[448] /home/travis/build/icyphy/ptII/ptolemy/actor/lib/test/auto/functionClosureTest3.xml (RunModel)" time="0.013" />
  <testcase classname="ptolemy.util.test.junit.AutoTests" name="[449] /home/travis/build/icyphy/ptII/ptolemy/actor/lib/test/auto/functionClosureTest4.xml (RunModel)" time="0.014" />
  <testcase classname="ptolemy.util.test.junit.AutoTests" name="[450] /home/travis/build/icyphy/ptII/ptolemy/actor/lib/test/auto/functionClosureTest5.xml (RunModel)" time="0.013" />
  <testcase classname="ptolemy.util.test.junit.AutoTests" name="[451] /home/travis/build/icyphy/ptII/ptolemy/actor/lib/test/auto/functionClosureTest6.xml (RunModel)" time="0.008" />
  <testcase classname="ptolemy.util.test.junit.AutoTests" name="[452] /home/travis/build/icyphy/ptII/ptolemy/actor/lib/test/auto/functionsOnArcs.xml (RunModel)" time="0.009" />
  <testcase classname="ptolemy.util.test.junit.AutoTests" name="[453] /home/travis/build/icyphy/ptII/ptolemy/actor/lib/test/auto/functionsOnArcsHOF.xml (RunModel)" time="0.012" />
  <testcase classname="ptolemy.util.test.junit.AutoTests" name="[454] /home/travis/build/icyphy/ptII/ptolemy/actor/lib/test/auto/logic.xml (RunModel)" time="0.016" />
  <testcase classname="ptolemy.util.test.junit.AutoTests" name="[455] /home/travis/build/icyphy/ptII/ptolemy/actor/lib/test/auto/matrixType.xml (RunModel)" time="0.009" />
  <testcase classname="ptolemy.util.test.junit.AutoTests" name="[456] /home/travis/build/icyphy/ptII/ptolemy/actor/lib/test/auto/matrixType10.xml (RunModel)" time="0.008" />
  <testcase classname="ptolemy.util.test.junit.AutoTests" name="[457] /home/travis/build/icyphy/ptII/ptolemy/actor/lib/test/auto/matrixType11.xml (RunModel)" time="0.007" />
  <testcase classname="ptolemy.util.test.junit.AutoTests" name="[458] /home/travis/build/icyphy/ptII/ptolemy/actor/lib/test/auto/matrixType12.xml (RunModel)" time="0.011" />
  <testcase classname="ptolemy.util.test.junit.AutoTests" name="[459] /home/travis/build/icyphy/ptII/ptolemy/actor/lib/test/auto/matrixType13.xml (RunModel)" time="0.008" />
  <testcase classname="ptolemy.util.test.junit.AutoTests" name="[460] /home/travis/build/icyphy/ptII/ptolemy/actor/lib/test/auto/matrixType14.xml (RunModel)" time="0.01" />
  <testcase classname="ptolemy.util.test.junit.AutoTests" name="[461] /home/travis/build/icyphy/ptII/ptolemy/actor/lib/test/auto/matrixType2.xml (RunModel)" time="0.008" />
  <testcase classname="ptolemy.util.test.junit.AutoTests" name="[462] /home/travis/build/icyphy/ptII/ptolemy/actor/lib/test/auto/matrixType3.xml (RunModel)" time="0.01" />
  <testcase classname="ptolemy.util.test.junit.AutoTests" name="[463] /home/travis/build/icyphy/ptII/ptolemy/actor/lib/test/auto/matrixType4.xml (RunModel)" time="0.007" />
  <testcase classname="ptolemy.util.test.junit.AutoTests" name="[464] /home/travis/build/icyphy/ptII/ptolemy/actor/lib/test/auto/matrixType5.xml (RunModel)" time="0.008" />
  <testcase classname="ptolemy.util.test.junit.AutoTests" name="[465] /home/travis/build/icyphy/ptII/ptolemy/actor/lib/test/auto/matrixType6.xml (RunModel)" time="0.007" />
  <testcase classname="ptolemy.util.test.junit.AutoTests" name="[466] /home/travis/build/icyphy/ptII/ptolemy/actor/lib/test/auto/matrixType7.xml (RunModel)" time="0.009" />
  <testcase classname="ptolemy.util.test.junit.AutoTests" name="[467] /home/travis/build/icyphy/ptII/ptolemy/actor/lib/test/auto/matrixType8.xml (RunModel)" time="0.009" />
  <testcase classname="ptolemy.util.test.junit.AutoTests" name="[468] /home/travis/build/icyphy/ptII/ptolemy/actor/lib/test/auto/matrixType9.xml (RunModel)" time="0.008" />
  <testcase classname="ptolemy.util.test.junit.AutoTests" name="[469] /home/travis/build/icyphy/ptII/ptolemy/actor/lib/test/auto/paraFunctest.xml (RunModel)" time="0.007" />
  <testcase classname="ptolemy.util.test.junit.AutoTests" name="[470] /home/travis/build/icyphy/ptII/ptolemy/actor/lib/test/auto/paraFunctest2.xml (RunModel)" time="0.012" />
  <testcase classname="ptolemy.util.test.junit.AutoTests" name="[471] /home/travis/build/icyphy/ptII/ptolemy/actor/lib/test/auto/parameterPassing.xml (RunModel)" time="0.007" />
  <testcase classname="ptolemy.util.test.junit.AutoTests" name="[472] /home/travis/build/icyphy/ptII/ptolemy/actor/lib/test/auto/record.xml (RunModel)" time="0.012" />
  <testcase classname="ptolemy.util.test.junit.AutoTests" name="[473] /home/travis/build/icyphy/ptII/ptolemy/actor/lib/test/auto/sizedarray1.xml (RunModel)" time="0.011" />
  <testcase classname="ptolemy.util.test.junit.AutoTests" name="[474] /home/travis/build/icyphy/ptII/ptolemy/actor/lib/test/auto/sizedarray2.xml (RunModel)" time="0.011" />
  <testcase classname="ptolemy.util.test.junit.AutoTests" name="[475] /home/travis/build/icyphy/ptII/ptolemy/actor/lib/test/auto/twoPublishers.xml (RunModel)" time="0.022" />
  <system-out><![CDATA[/home/travis/build/icyphy/ptII/ptolemy/actor/lib/test/AbsoluteValue.tcl
testDefs.tcl: setting time out to 9000 seconds at Mon Oct 28 06:12:53 UTC 2019
109 ms. Memory: 120832K Free: 85960K (71%)
5 ms. Memory: 120832K Free: 84422K (70%)
6 ms. Memory: 120832K Free: 83383K (69%)
5 ms. Memory: 120832K Free: 82888K (69%)
/home/travis/build/icyphy/ptII/ptolemy/actor/lib/test/AddSubtract.tcl
18 ms. Memory: 120832K Free: 80840K (67%)
6 ms. Memory: 120832K Free: 80319K (66%)
7 ms. Memory: 120832K Free: 79302K (66%)
9 ms. Memory: 120832K Free: 78278K (65%)
49 ms. Memory: 120832K Free: 75720K (63%)
7 ms. Memory: 120832K Free: 74696K (62%)
/home/travis/build/icyphy/ptII/ptolemy/actor/lib/test/Average.tcl
17 ms. Memory: 120832K Free: 73158K (61%)
14 ms. Memory: 120832K Free: 72119K (60%)
/home/travis/build/icyphy/ptII/ptolemy/actor/lib/test/Bernoulli.tcl
5 ms. Memory: 120832K Free: 70600K (58%)
10 ms. Memory: 120832K Free: 70086K (58%)
/home/travis/build/icyphy/ptII/ptolemy/actor/lib/test/Clock.tcl
preinitializing
resolving types
initializing
executing number 1
wrapping up
idle
41 ms. Memory: 120832K Free: 67528K (56%)
Completed execution with 5 iterations
preinitializing
resolving types
initializing
executing number 1
wrapping up
idle
10 ms. Memory: 120832K Free: 66504K (55%)
Completed execution with 5 iterations
preinitializing
resolving types
initializing
executing number 1
wrapping up
idle
13 ms. Memory: 120832K Free: 65983K (55%)
Completed execution with 5 iterations
/home/travis/build/icyphy/ptII/ptolemy/actor/lib/test/Commutator.tcl
14 ms. Memory: 120832K Free: 63927K (53%)
17 ms. Memory: 120832K Free: 62918K (52%)
20 ms. Memory: 120832K Free: 57288K (47%)
/home/travis/build/icyphy/ptII/ptolemy/actor/lib/test/Const.tcl
5 ms. Memory: 120832K Free: 55719K (46%)
2 ms. Memory: 120832K Free: 55240K (46%)
4 ms. Memory: 120832K Free: 54726K (45%)
10 ms. Memory: 120832K Free: 54216K (45%)
6 ms. Memory: 120832K Free: 53192K (44%)
21 ms. Memory: 120832K Free: 51654K (43%)
10 ms. Memory: 120832K Free: 50630K (42%)
10 ms. Memory: 120832K Free: 50120K (41%)
/home/travis/build/icyphy/ptII/ptolemy/actor/lib/test/CurrentTime.tcl
preinitializing
resolving types
initializing
executing number 1
wrapping up
idle
22 ms. Memory: 120832K Free: 48072K (40%)
Completed execution with 11 iterations
/home/travis/build/icyphy/ptII/ptolemy/actor/lib/test/DB.tcl
8 ms. Memory: 120832K Free: 46024K (38%)
37 ms. Memory: 120832K Free: 107246K (89%)
2 ms. Memory: 120832K Free: 107246K (89%)
/home/travis/build/icyphy/ptII/ptolemy/actor/lib/test/DiscreteRandomSource.tcl
preinitializing
resolving types
initializing
executing number 1
wrapping up
idle
5 ms. Memory: 120832K Free: 105213K (87%)
Completed execution with 4 iterations
preinitializing
resolving types
initializing
executing number 1
wrapping up
idle
8 ms. Memory: 120832K Free: 104703K (87%)
Completed execution with 4 iterations
preinitializing
resolving types
initializing
executing number 1
wrapping up
idle
2 ms. Memory: 120832K Free: 104703K (87%)
Completed execution with 4 iterations
preinitializing
resolving types
initializing
executing number 1
wrapping up
idle
2 ms. Memory: 120832K Free: 104189K (86%)
Completed execution with 4 iterations
preinitializing
resolving types
initializing
executing number 1
wrapping up
idle
10 ms. Memory: 120832K Free: 103679K (86%)
Completed execution with 4 iterations
/home/travis/build/icyphy/ptII/ptolemy/actor/lib/test/Distributor.tcl
6 ms. Memory: 120832K Free: 102126K (85%)
9 ms. Memory: 120832K Free: 101117K (84%)
StreamChangeRequest.changeExecuted(): <deleteEntity name="rec2"/> succeeded
StreamChangeRequest.changeExecuted(): <deleteRelation name="r2"/> succeeded
StreamChangeRequest.changeExecuted(): Record firings per iteration succeeded
4 ms. Memory: 120832K Free: 98559K (82%)
/home/travis/build/icyphy/ptII/ptolemy/actor/lib/test/Exit.tcl
Exit.tcl: this will print a message about Manager.exitAfterWrapup, which can be ignored.
11 ms. Memory: 120832K Free: 104955K (87%)
/home/travis/build/icyphy/ptII/ptolemy/actor/lib/test/Expression.tcl
14 ms. Memory: 120832K Free: 101412K (84%)
4 ms. Memory: 120832K Free: 100366K (83%)
2 ms. Memory: 120832K Free: 99829K (83%)
preinitializing
resolving types
initializing
executing number 1
wrapping up
idle
5 ms. Memory: 120832K Free: 98318K (81%)
Completed execution with 6 iterations
3 ms. Memory: 120832K Free: 97310K (81%)
3 ms. Memory: 120832K Free: 96733K (80%)
9 ms. Memory: 120832K Free: 95268K (79%)
5 ms. Memory: 120832K Free: 94238K (78%)
8 ms. Memory: 120832K Free: 93212K (77%)
/home/travis/build/icyphy/ptII/ptolemy/actor/lib/test/Gaussian.tcl
4 ms. Memory: 120832K Free: 91166K (75%)
sleeping 1 seconds: ............................................................................................................................................................................................................................................................................................................................................................................................................................................................................................................................................................................................................................................................................................................................................................................................................................................................................................................................................................................................................................................................................................................................................................................................................................................................................................................................................................................................................................................................................................................................................................................................................................................................................................................................................................................................................................................................................................................................................................................................................................................................................................................................................................................2 ms. Memory: 120832K Free: 105447K (87%)
2 ms. Memory: 120832K Free: 104423K (86%)
1 ms. Memory: 120832K Free: 103895K (86%)
2 ms. Memory: 120832K Free: 103399K (86%)
1 ms. Memory: 120832K Free: 102871K (85%)
/home/travis/build/icyphy/ptII/ptolemy/actor/lib/test/IIR.tcl
/home/travis/build/icyphy/ptII/ptolemy/actor/lib/test/Interpolator.tcl
5 ms. Memory: 120832K Free: 98789K (82%)
2 ms. Memory: 120832K Free: 98279K (81%)
3 ms. Memory: 120832K Free: 97751K (81%)
4 ms. Memory: 120832K Free: 97255K (80%)
3 ms. Memory: 120832K Free: 96231K (80%)
5 ms. Memory: 120832K Free: 95703K (79%)
2 ms. Memory: 120832K Free: 94679K (78%)
11 ms. Memory: 120832K Free: 93663K (78%)
2 ms. Memory: 120832K Free: 93159K (77%)
6 ms. Memory: 120832K Free: 92135K (76%)
/home/travis/build/icyphy/ptII/ptolemy/actor/lib/test/MathFunction.tcl
6 ms. Memory: 120832K Free: 90087K (75%)
2 ms. Memory: 120832K Free: 89063K (74%)
2 ms. Memory: 120832K Free: 88039K (73%)
2 ms. Memory: 120832K Free: 87015K (72%)
10 ms. Memory: 120832K Free: 85447K (71%)
9 ms. Memory: 120832K Free: 83943K (69%)
/home/travis/build/icyphy/ptII/ptolemy/actor/lib/test/Maximum.tcl
5 ms. Memory: 120832K Free: 81895K (68%)
4 ms. Memory: 120832K Free: 81375K (67%)
6 ms. Memory: 120832K Free: 80351K (66%)
8 ms. Memory: 120832K Free: 79847K (66%)
/home/travis/build/icyphy/ptII/ptolemy/actor/lib/test/Minimum.tcl
7 ms. Memory: 120832K Free: 78279K (65%)
4 ms. Memory: 120832K Free: 77285K (64%)
3 ms. Memory: 120832K Free: 76775K (64%)
3 ms. Memory: 120832K Free: 76247K (63%)
/home/travis/build/icyphy/ptII/ptolemy/actor/lib/test/MultiplyDivide.tcl
11 ms. Memory: 120832K Free: 74207K (61%)
10 ms. Memory: 120832K Free: 73703K (61%)
2 ms. Memory: 120832K Free: 72679K (60%)
3 ms. Memory: 120832K Free: 72151K (60%)
5 ms. Memory: 120832K Free: 71655K (59%)
/home/travis/build/icyphy/ptII/ptolemy/actor/lib/test/OrderedMerge.tcl
Connections changed on port: inputA
Connections changed on port: inputB
Connections changed on port: output
Connections changed on port: output
Connections changed on port: output
Connections changed on port: input
.top. Preinitializing ...
Invoking preinitialize():  .top.OrderedMerge
Called preinitialize()
Invoking preinitialize():  .top.Ramp
Called preinitialize()
Invoking preinitialize():  .top.Ramp2
Called preinitialize()
Invoking preinitialize():  .top.Test
Called preinitialize()
Connections changed on port: inputA
Connections changed on port: output
Connections changed on port: output
Connections changed on port: input
Connections changed on port: inputB
Connections changed on port: output
.top. Finished preinitialize().
Called initialize().
Invoking initialize():  .top.OrderedMerge
Initializing actor: .top.OrderedMerge
Adding a thread: .top.OrderedMerge
Invoking initialize():  .top.Ramp
Initializing actor: .top.Ramp
Adding a thread: .top.Ramp
Invoking initialize():  .top.Ramp2
Initializing actor: .top.Ramp2
Adding a thread: .top.Ramp2
Invoking initialize():  .top.Test
Initializing actor: .top.Test
Adding a thread: .top.Test
Called fire().
Checking for deadlock:
-- Starting thread.
Called initialize()
Called prefire()
Called fire()
-- Starting thread.
Called initialize()
-- Starting thread.
Called initialize()
Called prefire()
Called prefire()
There are 0 Blocked actors, 0 Stopped actors, and 4 active threads.
Waiting for actors to stop.
Called fire()
-- Starting thread.
Called initialize()
Called fire()
Called prefire()
Called fire()
Called postfire()
Called prefire()
Called fire()
Checking for deadlock:
There are 2 Blocked actors, 0 Stopped actors, and 4 active threads.
Waiting for actors to stop.
Called postfire()
Called prefire()
Called fire()
Called postfire()
Called prefire()
Called fire()
Read input token from inputA with value 0.0
Next port to read input from is inputB
Called postfire()
Called prefire()
Called fire()
Checking for deadlock:
There are 3 Blocked actors, 0 Stopped actors, and 4 active threads.
Waiting for actors to stop.
Read input token from inputB with value 0.0
Sent output token with value 0.0
Next port to read input from is inputA
Called postfire()
Called prefire()
Checking for deadlock:
There are 1 Blocked actors, 0 Stopped actors, and 4 active threads.
Waiting for actors to stop.
-- Read input: 0.0, which is expected to match: 0.0
Called prefire()
Called fire()
Called postfire()
Called prefire()
Called fire()
Called fire()
Read input token from inputA with value 1.0
Sent output token with value 0.0
Next port to read input from is inputB
Called postfire()
Called prefire()
Called fire()
Read input token from inputB with value 1.5
Checking for deadlock:
There are 1 Blocked actors, 0 Stopped actors, and 4 active threads.
Waiting for actors to stop.
Called postfire()
Called prefire()
-- Read input: 0.0, which is expected to match: 0.0
Called fire()
Called prefire()
Called fire()
Called postfire()
Called prefire()
Called fire()
Sent output token with value 1.0
Next port to read input from is inputA
Called postfire()
Called prefire()
Called fire()
Checking for deadlock:
There are 2 Blocked actors, 0 Stopped actors, and 4 active threads.
Waiting for actors to stop.
-- Read input: 1.0, which is expected to match: 1.0
Called prefire()
Called fire()
Checking for deadlock:
There are 2 Blocked actors, 0 Stopped actors, and 4 active threads.
Waiting for actors to stop.
Read input token from inputA with value 2.0
Called postfire()
Called prefire()
Called fire()
-- Read input: 1.5, which is expected to match: 1.5
Called prefire()
Called fire()
Checking for deadlock:
There are 3 Blocked actors, 0 Stopped actors, and 4 active threads.
Waiting for actors to stop.
Sent output token with value 1.5
Next port to read input from is inputB
Called postfire()
Called prefire()
Called fire()
Called postfire()
Called prefire()
Called fire()
Checking for deadlock:
There are 3 Blocked actors, 0 Stopped actors, and 4 active threads.
Waiting for actors to stop.
Read input token from inputB with value 3.0
-- Read input: 2.0, which is expected to match: 2.0
Called prefire()
Called fire()
Checking for deadlock:
There are 3 Blocked actors, 0 Stopped actors, and 4 active threads.
Waiting for actors to stop.
Sent output token with value 2.0
Next port to read input from is inputA
Called postfire()
Called prefire()
Called fire()
Checking for deadlock:
Called postfire()
Called prefire()
Called fire()
Read input token from inputA with value 3.0
There are 2 Blocked actors, 0 Stopped actors, and 4 active threads.
Waiting for actors to stop.
Sent output token with value 3.0
Next port to read input from is inputB
Called postfire()
Called prefire()
Called fire()
Read input token from inputB with value 4.5
Checking for deadlock:
There are 2 Blocked actors, 0 Stopped actors, and 4 active threads.
Waiting for actors to stop.
Called postfire()
Called prefire()
Called fire()
-- Read input: 3.0, which is expected to match: 3.0
Called prefire()
Called fire()
Checking for deadlock:
There are 3 Blocked actors, 0 Stopped actors, and 4 active threads.
Waiting for actors to stop.
-- Read input: 3.0, which is expected to match: 3.0
Called prefire()
Called fire()
Checking for deadlock:
There are 3 Blocked actors, 0 Stopped actors, and 4 active threads.
Waiting for actors to stop.
Sent output token with value 3.0
Next port to read input from is inputA
Called postfire()
Called prefire()
Called fire()
Called postfire()
Read input token from inputA with value 4.0
Called prefire()
Called fire()
Checking for deadlock:
There are 2 Blocked actors, 0 Stopped actors, and 4 active threads.
Waiting for actors to stop.
-- Read input: 4.0, which is expected to match: 4.0
Called prefire()
Called fire()
Past the end of training data. Read and discard all inputs.
Checking for deadlock:
There are 3 Blocked actors, 0 Stopped actors, and 4 active threads.
Waiting for actors to stop.
Sent output token with value 4.0
Next port to read input from is inputA
Called postfire()
Called prefire()
Called fire()
Checking for deadlock:
Called postfire()
There are 2 Blocked actors, 0 Stopped actors, and 4 active threads.
Called prefire()
Waiting for actors to stop.
Called fire()
Checking for deadlock:
There are 3 Blocked actors, 0 Stopped actors, and 4 active threads.
Waiting for actors to stop.
Read input token from inputA with value 5.0
Checking for deadlock:
There are 2 Blocked actors, 0 Stopped actors, and 4 active threads.
Waiting for actors to stop.
Called prefire()
Called fire()
Past the end of training data. Read and discard all inputs.
Checking for deadlock:
There are 3 Blocked actors, 0 Stopped actors, and 4 active threads.
Waiting for actors to stop.
Sent output token with value 4.5
Next port to read input from is inputB
Called postfire()
Called prefire()
Called fire()
Read input token from inputB with value 6.0
Sent output token with value 5.0
Next port to read input from is inputA
Called postfire()
Called prefire()
Called fire()
Read input token from inputA with value 6.0
Checking for deadlock:
There are 1 Blocked actors, 0 Stopped actors, and 4 active threads.
Waiting for actors to stop.
Called postfire()
Called postfire()
Called prefire()
Called fire()
Called prefire()
Called fire()
Past the end of training data. Read and discard all inputs.
Called prefire()
Called fire()
Checking for deadlock:
There are 3 Blocked actors, 0 Stopped actors, and 4 active threads.
Waiting for actors to stop.
Called prefire()
Called fire()
Past the end of training data. Read and discard all inputs.
Checking for deadlock:
There are 3 Blocked actors, 0 Stopped actors, and 4 active threads.
Waiting for actors to stop.
Sent output token with value 6.0
Next port to read input from is inputB
Called postfire()
Called prefire()
Called fire()
Read input token from inputB with value 7.5
Called postfire()
Called prefire()
Called fire()
Sent output token with value 6.0
Next port to read input from is inputA
Called postfire()
Called prefire()
Called fire()
Read input token from inputA with value 7.0
Checking for deadlock:
There are 2 Blocked actors, 0 Stopped actors, and 4 active threads.
Waiting for actors to stop.
Called postfire()
Called prefire()
Called fire()
Called prefire()
Called fire()
Past the end of training data. Read and discard all inputs.
Checking for deadlock:
There are 3 Blocked actors, 0 Stopped actors, and 4 active threads.
Waiting for actors to stop.
Called prefire()
Called fire()
Past the end of training data. Read and discard all inputs.
Checking for deadlock:
There are 3 Blocked actors, 0 Stopped actors, and 4 active threads.
Waiting for actors to stop.
Sent output token with value 7.0
Next port to read input from is inputA
Called postfire()
Called prefire()
Called fire()
Checking for deadlock:
There are 2 Blocked actors, 0 Stopped actors, and 4 active threads.
Waiting for actors to stop.
Read input token from inputA with value 8.0
-- Thread wrapup() called.
Called prefire()
Called fire()
Called wrapup()
Past the end of training data. Read and discard all inputs.
Checking for deadlock:
There are 2 Blocked actors, 0 Stopped actors, and 4 active threads.
Waiting for actors to stop.
Sent output token with value 7.5
Next port to read input from is inputB
Called postfire()
Called prefire()
Called fire()
Thread .top.Ramp is exiting.
-- Thread stopped.
Checking for deadlock:
There are 2 Blocked actors, 0 Stopped actors, and 3 active threads.
Waiting for actors to stop.
Checking for deadlock:
There are 1 Blocked actors, 0 Stopped actors, and 3 active threads.
Waiting for actors to stop.
Called postfire()
Called prefire()
Read input token from inputB with value 9.0
Called fire()
Called prefire()
Called fire()
Past the end of training data. Read and discard all inputs.
Checking for deadlock:
There are 2 Blocked actors, 0 Stopped actors, and 3 active threads.
Waiting for actors to stop.
Sent output token with value 8.0
Next port to read input from is inputA
Called postfire()
Called prefire()
Called fire()
Read input token from inputA with value 9.0
Called prefire()
Called fire()
Past the end of training data. Read and discard all inputs.
Checking for deadlock:
There are 2 Blocked actors, 0 Stopped actors, and 3 active threads.
Waiting for actors to stop.
Sent output token with value 9.0
Next port to read input from is inputB
Called postfire()
Called prefire()
Called fire()
Checking for deadlock:
There are 1 Blocked actors, 0 Stopped actors, and 3 active threads.
Waiting for actors to stop.
Called postfire()
Called prefire()
Called fire()
Checking for deadlock:
There are 2 Blocked actors, 0 Stopped actors, and 3 active threads.
Waiting for actors to stop.
Read input token from inputB with value 10.5
Checking for deadlock:
There are 1 Blocked actors, 0 Stopped actors, and 3 active threads.
Waiting for actors to stop.
Called prefire()
Called fire()
Past the end of training data. Read and discard all inputs.
Checking for deadlock:
There are 2 Blocked actors, 0 Stopped actors, and 3 active threads.
Waiting for actors to stop.
Sent output token with value 9.0
Next port to read input from is inputA
Called postfire()
Called prefire()
Called fire()
Checking for deadlock:
There are 3 Blocked actors, 0 Stopped actors, and 3 active threads.
Actors have stopped.
Checking for deadlock:
There are 3 Blocked actors, 0 Stopped actors, and 3 active threads.
Deadlock detected.
Resolving Deadlock
Checking for deadlock:
There are 3 Blocked actors, 0 Stopped actors, and 3 active threads.
Artificial Deadlock - increasing queue capacity.
increasing the capacity of receiver ptolemy.actor.TypedIOPort {.top.OrderedMerge.inputB} to 2
Director: Called postfire().
Called postfire().
_stopRequested = false
_stopFireRequested = false
Returning from postfire(): true
-- Thread wrapup() called.
Called wrapup()
Thread .top.Ramp2 is exiting.
-- Thread stopped.
Called fire().
Checking for deadlock:
There are 2 Blocked actors, 0 Stopped actors, and 2 active threads.
Actors have stopped.
Checking for deadlock:
There are 2 Blocked actors, 0 Stopped actors, and 2 active threads.
Deadlock detected.
Resolving Deadlock
Checking for deadlock:
There are 2 Blocked actors, 0 Stopped actors, and 2 active threads.
Deadlock detected: no processes blocked on write, but some are blocked on read.
Called postfire().
_stopRequested = false
_stopFireRequested = false
Returning from postfire(): false
Finished deactivating branches.
Called wrapup().
-- Thread wrapup() called.
Called wrapup()
Thread .top.Test is exiting.
-- Thread stopped.
-- Blocked Receiver call threw TerminateProcessException.
-- Thread wrapup() called.
Called wrapup()
Thread .top.OrderedMerge is exiting.
-- Thread stopped.
-- Blocked Receiver call threw TerminateProcessException.
84 ms. Memory: 120832K Free: 101722K (84%)
.top. Preinitializing ...
Invoking preinitialize():  .top.OrderedMerge
Called preinitialize()
Invoking preinitialize():  .top.Ramp
Called preinitialize()
Invoking preinitialize():  .top.Ramp2
Called preinitialize()
Invoking preinitialize():  .top.Test
Called preinitialize()
.top. Finished preinitialize().
Called initialize().
Invoking initialize():  .top.OrderedMerge
Initializing actor: .top.OrderedMerge
Adding a thread: .top.OrderedMerge
Invoking initialize():  .top.Ramp
Initializing actor: .top.Ramp
Adding a thread: .top.Ramp
Invoking initialize():  .top.Ramp2
Initializing actor: .top.Ramp2
Adding a thread: .top.Ramp2
Invoking initialize():  .top.Test
Initializing actor: .top.Test
Adding a thread: .top.Test
-- Starting thread.
Called initialize()
Called prefire()
Called fire()
-- Starting thread.
Called initialize()
Called prefire()
Called fire()
Called postfire()
Called prefire()
Called fire()
Called fire().
Checking for deadlock:
There are 2 Blocked actors, 0 Stopped actors, and 4 active threads.
Waiting for actors to stop.
-- Starting thread.
Called initialize()
Called prefire()
Called fire()
Called postfire()
Called prefire()
Called fire()
Checking for deadlock:
There are 3 Blocked actors, 0 Stopped actors, and 4 active threads.
Waiting for actors to stop.
-- Starting thread.
Called initialize()
Called prefire()
Called fire()
Checking for deadlock:
There are 2 Blocked actors, 0 Stopped actors, and 4 active threads.
Waiting for actors to stop.
Called postfire()
Called prefire()
Called fire()
Checking for deadlock:
There are 3 Blocked actors, 0 Stopped actors, and 4 active threads.
Waiting for actors to stop.
Read input token from inputA with value 0.0
Next port to read input from is inputB
Called postfire()
Called prefire()
Called fire()
Checking for deadlock:
There are 2 Blocked actors, 0 Stopped actors, and 4 active threads.
Waiting for actors to stop.
Called postfire()
Called prefire()
Called fire()
Checking for deadlock:
There are 3 Blocked actors, 0 Stopped actors, and 4 active threads.
Waiting for actors to stop.
Read input token from inputB with value 0.0
-- Read input: 0.0, which is expected to match: 0.0
Called prefire()
Called fire()
Checking for deadlock:
There are 3 Blocked actors, 0 Stopped actors, and 4 active threads.
Waiting for actors to stop.
Sent output token with value 0.0
Next port to read input from is inputA
Called postfire()
Called prefire()
Called fire()
Called postfire()
Called prefire()
Called fire()
Checking for deadlock:
There are 3 Blocked actors, 0 Stopped actors, and 4 active threads.
Waiting for actors to stop.
Read input token from inputA with value 1.0
-- Read input: 0.0, which is expected to match: 0.0
Called prefire()
Called fire()
Checking for deadlock:
There are 3 Blocked actors, 0 Stopped actors, and 4 active threads.
Waiting for actors to stop.
Sent output token with value 0.0
Next port to read input from is inputB
Called postfire()
Called prefire()
Called fire()
Checking for deadlock:
There are 2 Blocked actors, 0 Stopped actors, and 4 active threads.
Waiting for actors to stop.
Called postfire()
Called prefire()
Called fire()
Checking for deadlock:
There are 3 Blocked actors, 0 Stopped actors, and 4 active threads.
Waiting for actors to stop.
Read input token from inputB with value 1.5
Checking for deadlock:
There are 2 Blocked actors, 0 Stopped actors, and 4 active threads.
Waiting for actors to stop.
-- Read input: 1.0, which is expected to match: 1.0
Called prefire()
Called fire()
Checking for deadlock:
There are 3 Blocked actors, 0 Stopped actors, and 4 active threads.
Waiting for actors to stop.
Sent output token with value 1.0
Next port to read input from is inputA
Called postfire()
Called prefire()
Called fire()
Called postfire()
Called prefire()
Called fire()
Checking for deadlock:
There are 3 Blocked actors, 0 Stopped actors, and 4 active threads.
Waiting for actors to stop.
Read input token from inputA with value 2.0
-- Read input: 1.5, which is expected to match: 1.5
Called prefire()
Called fire()
Checking for deadlock:
There are 3 Blocked actors, 0 Stopped actors, and 4 active threads.
Waiting for actors to stop.
Sent output token with value 1.5
Next port to read input from is inputB
Called postfire()
Called prefire()
Called fire()
Checking for deadlock:
There are 2 Blocked actors, 0 Stopped actors, and 4 active threads.
Waiting for actors to stop.
Called postfire()
Called prefire()
Called fire()
Checking for deadlock:
There are 3 Blocked actors, 0 Stopped actors, and 4 active threads.
Waiting for actors to stop.
Read input token from inputB with value 3.0
Checking for deadlock:
There are 2 Blocked actors, 0 Stopped actors, and 4 active threads.
Waiting for actors to stop.
-- Read input: 2.0, which is expected to match: 2.0
Called prefire()
Called fire()
Checking for deadlock:
There are 3 Blocked actors, 0 Stopped actors, and 4 active threads.
Waiting for actors to stop.
Sent output token with value 2.0
Next port to read input from is inputA
Called postfire()
Called prefire()
Called fire()
Checking for deadlock:
There are 2 Blocked actors, 0 Stopped actors, and 4 active threads.
Waiting for actors to stop.
Called postfire()
Called prefire()
Called fire()
Checking for deadlock:
There are 3 Blocked actors, 0 Stopped actors, and 4 active threads.
Waiting for actors to stop.
Read input token from inputA with value 3.0
Checking for deadlock:
There are 2 Blocked actors, 0 Stopped actors, and 4 active threads.
Waiting for actors to stop.
-- Read input: 3.0, which is expected to match: 3.0
Called prefire()
Called fire()
Checking for deadlock:
There are 3 Blocked actors, 0 Stopped actors, and 4 active threads.
Waiting for actors to stop.
Sent output token with value 3.0
Next port to read input from is inputB
Called postfire()
Called prefire()
Called fire()
Checking for deadlock:
There are 2 Blocked actors, 0 Stopped actors, and 4 active threads.
Waiting for actors to stop.
Called postfire()
Called prefire()
Called fire()
Checking for deadlock:
There are 3 Blocked actors, 0 Stopped actors, and 4 active threads.
Waiting for actors to stop.
Read input token from inputB with value 4.5
Checking for deadlock:
There are 2 Blocked actors, 0 Stopped actors, and 4 active threads.
Waiting for actors to stop.
-- Read input: 3.0, which is expected to match: 3.0
Called prefire()
Called fire()
Checking for deadlock:
There are 3 Blocked actors, 0 Stopped actors, and 4 active threads.
Waiting for actors to stop.
Sent output token with value 3.0
Next port to read input from is inputA
Called postfire()
Called prefire()
Called fire()
Checking for deadlock:
There are 2 Blocked actors, 0 Stopped actors, and 4 active threads.
Waiting for actors to stop.
Called postfire()
Called prefire()
Called fire()
Checking for deadlock:
There are 3 Blocked actors, 0 Stopped actors, and 4 active threads.
Waiting for actors to stop.
Read input token from inputA with value 4.0
Checking for deadlock:
There are 2 Blocked actors, 0 Stopped actors, and 4 active threads.
Waiting for actors to stop.
-- Read input: 4.0, which is expected to match: 4.0
Called prefire()
Called fire()
Past the end of training data. Read and discard all inputs.
Checking for deadlock:
There are 3 Blocked actors, 0 Stopped actors, and 4 active threads.
Waiting for actors to stop.
Sent output token with value 4.0
Next port to read input from is inputA
Called postfire()
Called prefire()
Called fire()
Checking for deadlock:
There are 2 Blocked actors, 0 Stopped actors, and 4 active threads.
Waiting for actors to stop.
Called postfire()
Called prefire()
Called fire()
Checking for deadlock:
There are 3 Blocked actors, 0 Stopped actors, and 4 active threads.
Waiting for actors to stop.
Read input token from inputA with value 5.0
Checking for deadlock:
There are 2 Blocked actors, 0 Stopped actors, and 4 active threads.
Waiting for actors to stop.
Called prefire()
Called fire()
Past the end of training data. Read and discard all inputs.
Checking for deadlock:
There are 3 Blocked actors, 0 Stopped actors, and 4 active threads.
Waiting for actors to stop.
Sent output token with value 4.5
Next port to read input from is inputB
Called postfire()
Called prefire()
Called fire()
Checking for deadlock:
There are 2 Blocked actors, 0 Stopped actors, and 4 active threads.
Waiting for actors to stop.
Called postfire()
Called prefire()
Called fire()
Checking for deadlock:
There are 3 Blocked actors, 0 Stopped actors, and 4 active threads.
Waiting for actors to stop.
Read input token from inputB with value 6.0
Checking for deadlock:
There are 2 Blocked actors, 0 Stopped actors, and 4 active threads.
Waiting for actors to stop.
Called prefire()
Called fire()
Past the end of training data. Read and discard all inputs.
Checking for deadlock:
There are 3 Blocked actors, 0 Stopped actors, and 4 active threads.
Waiting for actors to stop.
Sent output token with value 5.0
Next port to read input from is inputA
Called postfire()
Called prefire()
Called fire()
Called postfire()
Called prefire()
Called fire()
Checking for deadlock:
There are 3 Blocked actors, 0 Stopped actors, and 4 active threads.
Waiting for actors to stop.
Read input token from inputA with value 6.0
Called prefire()
Called fire()
Past the end of training data. Read and discard all inputs.
Checking for deadlock:
There are 3 Blocked actors, 0 Stopped actors, and 4 active threads.
Waiting for actors to stop.
Sent output token with value 6.0
Next port to read input from is inputB
Called postfire()
Called prefire()
Called fire()
Checking for deadlock:
There are 2 Blocked actors, 0 Stopped actors, and 4 active threads.
Waiting for actors to stop.
Called postfire()
Called prefire()
Called fire()
Checking for deadlock:
There are 3 Blocked actors, 0 Stopped actors, and 4 active threads.
Waiting for actors to stop.
Read input token from inputB with value 7.5
Checking for deadlock:
There are 2 Blocked actors, 0 Stopped actors, and 4 active threads.
Waiting for actors to stop.
Called prefire()
Called fire()
Past the end of training data. Read and discard all inputs.
Checking for deadlock:
There are 3 Blocked actors, 0 Stopped actors, and 4 active threads.
Waiting for actors to stop.
Sent output token with value 6.0
Next port to read input from is inputA
Called postfire()
Called prefire()
Called fire()
Called postfire()
Called prefire()
Called fire()
Checking for deadlock:
There are 3 Blocked actors, 0 Stopped actors, and 4 active threads.
Waiting for actors to stop.
Read input token from inputA with value 7.0
Called prefire()
Called fire()
Past the end of training data. Read and discard all inputs.
Checking for deadlock:
There are 3 Blocked actors, 0 Stopped actors, and 4 active threads.
Waiting for actors to stop.
Sent output token with value 7.0
Next port to read input from is inputA
Called postfire()
Called prefire()
Called fire()
-- Thread wrapup() called.
Called wrapup()
Thread .top.Ramp is exiting.
-- Thread stopped.
Checking for deadlock:
There are 2 Blocked actors, 0 Stopped actors, and 3 active threads.
Waiting for actors to stop.
Read input token from inputA with value 8.0
Checking for deadlock:
There are 1 Blocked actors, 0 Stopped actors, and 3 active threads.
Waiting for actors to stop.
Called prefire()
Called fire()
Past the end of training data. Read and discard all inputs.
Checking for deadlock:
There are 2 Blocked actors, 0 Stopped actors, and 3 active threads.
Waiting for actors to stop.
Sent output token with value 7.5
Next port to read input from is inputB
Called postfire()
Called prefire()
Called fire()
Checking for deadlock:
There are 1 Blocked actors, 0 Stopped actors, and 3 active threads.
Waiting for actors to stop.
Called postfire()
Called prefire()
Called fire()
Checking for deadlock:
There are 2 Blocked actors, 0 Stopped actors, and 3 active threads.
Waiting for actors to stop.
Read input token from inputB with value 9.0
Checking for deadlock:
There are 1 Blocked actors, 0 Stopped actors, and 3 active threads.
Waiting for actors to stop.
Called prefire()
Called fire()
Past the end of training data. Read and discard all inputs.
Checking for deadlock:
There are 2 Blocked actors, 0 Stopped actors, and 3 active threads.
Waiting for actors to stop.
Sent output token with value 8.0
Next port to read input from is inputA
Called postfire()
Called prefire()
Called fire()
Read input token from inputA with value 9.0
Called prefire()
Called fire()
Past the end of training data. Read and discard all inputs.
Checking for deadlock:
There are 2 Blocked actors, 0 Stopped actors, and 3 active threads.
Waiting for actors to stop.
Sent output token with value 9.0
Next port to read input from is inputB
Called postfire()
Called prefire()
Called fire()
Called postfire()
Called prefire()
Called fire()
Checking for deadlock:
There are 2 Blocked actors, 0 Stopped actors, and 3 active threads.
Waiting for actors to stop.
Read input token from inputB with value 10.5
Called prefire()
Called fire()
Past the end of training data. Read and discard all inputs.
Checking for deadlock:
There are 2 Blocked actors, 0 Stopped actors, and 3 active threads.
Waiting for actors to stop.
Sent output token with value 9.0
Next port to read input from is inputA
Called postfire()
Called prefire()
Called fire()
Checking for deadlock:
There are 3 Blocked actors, 0 Stopped actors, and 3 active threads.
Actors have stopped.
Checking for deadlock:
There are 3 Blocked actors, 0 Stopped actors, and 3 active threads.
Deadlock detected.
Resolving Deadlock
Checking for deadlock:
There are 3 Blocked actors, 0 Stopped actors, and 3 active threads.
Artificial Deadlock - increasing queue capacity.
increasing the capacity of receiver ptolemy.actor.TypedIOPort {.top.OrderedMerge.inputB} to 2
Director: Called postfire().
Called postfire().
_stopRequested = false
_stopFireRequested = false
Returning from postfire(): true
Called fire().
Checking for deadlock:
There are 2 Blocked actors, 0 Stopped actors, and 3 active threads.
Waiting for actors to stop.
-- Thread wrapup() called.
Called wrapup()
Thread .top.Ramp2 is exiting.
-- Thread stopped.
Checking for deadlock:
There are 2 Blocked actors, 0 Stopped actors, and 2 active threads.
Actors have stopped.
Checking for deadlock:
There are 2 Blocked actors, 0 Stopped actors, and 2 active threads.
Deadlock detected.
Resolving Deadlock
Checking for deadlock:
There are 2 Blocked actors, 0 Stopped actors, and 2 active threads.
Deadlock detected: no processes blocked on write, but some are blocked on read.
Called postfire().
_stopRequested = false
_stopFireRequested = false
Returning from postfire(): false
Finished deactivating branches.
Called wrapup().
-- Thread wrapup() called.
Called wrapup()
-- Thread wrapup() called.
Called wrapup()
Thread .top.Test is exiting.
-- Thread stopped.
-- Blocked Receiver call threw TerminateProcessException.
Thread .top.OrderedMerge is exiting.
47 ms. Memory: 120832K Free: 99625K (82%)
/home/travis/build/icyphy/ptII/ptolemy/actor/lib/test/Publisher.tcl
-- Thread stopped.
-- Blocked Receiver call threw TerminateProcessException.
7 ms. Memory: 120832K Free: 93481K (77%)
3 ms. Memory: 120832K Free: 88361K (73%)
3 ms. Memory: 120832K Free: 84775K (70%)
4 ms. Memory: 120832K Free: 83737K (69%)
2 ms. Memory: 120832K Free: 82713K (68%)
3 ms. Memory: 120832K Free: 82217K (68%)
2 ms. Memory: 120832K Free: 81193K (67%)
2 ms. Memory: 120832K Free: 80673K (67%)
29 ms. Memory: 148480K Free: 122756K (83%)
5 ms. Memory: 148480K Free: 119155K (80%)
2 ms. Memory: 148480K Free: 118660K (80%)
4 ms. Memory: 148480K Free: 116083K (78%)
15 ms. Memory: 148480K Free: 108420K (73%)
6 ms. Memory: 148480K Free: 99204K (67%)
15 ms. Memory: 148480K Free: 87940K (59%)
/home/travis/build/icyphy/ptII/ptolemy/actor/lib/test/Pulse.tcl
2 ms. Memory: 148480K Free: 100948K (68%)
1 ms. Memory: 148480K Free: 100452K (68%)
1 ms. Memory: 148480K Free: 99938K (67%)
1 ms. Memory: 148480K Free: 99428K (67%)
1 ms. Memory: 148480K Free: 98914K (67%)
7 ms. Memory: 148480K Free: 97380K (66%)
3 ms. Memory: 148480K Free: 96356K (65%)
2 ms. Memory: 148480K Free: 95842K (65%)
1 ms. Memory: 148480K Free: 95332K (64%)
/home/travis/build/icyphy/ptII/ptolemy/actor/lib/test/Ramp.tcl
3 ms. Memory: 148480K Free: 93284K (63%)
1 ms. Memory: 148480K Free: 92260K (62%)
2 ms. Memory: 148480K Free: 91740K (62%)
2 ms. Memory: 148480K Free: 90716K (61%)
4 ms. Memory: 148480K Free: 90212K (61%)
4 ms. Memory: 148480K Free: 89188K (60%)
4 ms. Memory: 148480K Free: 88164K (59%)
5 actors
4000 microseconds per iteration to create
5 ms. Memory: 148480K Free: 85602K (58%)
1 ms. Memory: 148480K Free: 85092K (57%)
1 ms. Memory: 148480K Free: 84578K (57%)
2 ms. Memory: 148480K Free: 84068K (57%)
50 actors
43000 microseconds per iteration to create
32 ms. Memory: 148480K Free: 129627K (87%)
5 ms. Memory: 148480K Free: 128603K (87%)
5 ms. Memory: 148480K Free: 127579K (86%)
5 ms. Memory: 148480K Free: 126555K (85%)
500 actors
1734000 microseconds per iteration to create
269 ms. Memory: 148480K Free: 95653K (64%)
38 ms. Memory: 148480K Free: 90518K (61%)
40 ms. Memory: 148480K Free: 85413K (58%)
40 ms. Memory: 148480K Free: 80293K (54%)
/home/travis/build/icyphy/ptII/ptolemy/actor/lib/test/RampContinuous.tcl
8 ms. Memory: 148480K Free: 78759K (53%)
/home/travis/build/icyphy/ptII/ptolemy/actor/lib/test/RecordAssembler.tcl
4 ms. Memory: 148480K Free: 77206K (52%)
3 ms. Memory: 148480K Free: 76197K (51%)
/home/travis/build/icyphy/ptII/ptolemy/actor/lib/test/RecordDisassembler.tcl
6 ms. Memory: 148480K Free: 74149K (50%)
2 ms. Memory: 148480K Free: 73639K (50%)
3 ms. Memory: 148480K Free: 72615K (49%)
/home/travis/build/icyphy/ptII/ptolemy/actor/lib/test/Scale.tcl
3 ms. Memory: 148480K Free: 70567K (48%)
2 ms. Memory: 148480K Free: 70038K (47%)
1 ms. Memory: 148480K Free: 69014K (46%)
2 ms. Memory: 148480K Free: 67990K (46%)
2 ms. Memory: 148480K Free: 67493K (45%)
/home/travis/build/icyphy/ptII/ptolemy/actor/lib/test/SequentialClock.tcl
preinitializing
resolving types
initializing
executing number 1
wrapping up
idle
3 ms. Memory: 148480K Free: 65942K (44%)
Completed execution with 5 iterations
preinitializing
resolving types
initializing
executing number 1
wrapping up
idle
2 ms. Memory: 148480K Free: 65447K (44%)
Completed execution with 5 iterations
preinitializing
resolving types
initializing
executing number 1
wrapping up
idle
1 ms. Memory: 148480K Free: 64902K (44%)
Completed execution with 5 iterations
/home/travis/build/icyphy/ptII/ptolemy/actor/lib/test/SetVariable.tcl
4 ms. Memory: 148480K Free: 63399K (43%)


==== $PTII/ptolemy/actor/lib/test/SetVariable.tcl: SetVariable-3.1 changeFailed
==== Contents of test case:

    #Uses 2.1 above
    jdkCaptureErr {
        # This test was failing if we ran Exit.tcl and then this test.
        # MessageHandler.error() now actually throws the Exception.
	catch {$setVariable changeFailed [java::null]  [java::new Exception {Test exception for SetVariable.changeFailed()}]} errMsg
    } results
    list [string range $results 0 89] "\n" $errMsg

==== Result was:
{java.lang.Exception: Test exception for SetVariable.changeFailed()
	at java.base/jdk.inter} {
} {java.lang.RuntimeException: java.lang.Exception: Test exception for SetVariable.changeFailed()}
---- Result should have been:
{Failed to set variable.
java.lang.Exception: Test exception for SetVariable.changeFailed()} {
} {java.lang.RuntimeException: java.lang.Exception: Test exception for SetVariable.changeFailed()}
---- SetVariable-3.1 FAILED
/home/travis/build/icyphy/ptII/ptolemy/actor/lib/test/Sinewave.tcl
/home/travis/build/icyphy/ptII/ptolemy/actor/lib/test/SubscriptionAggregator.tcl
4 ms. Memory: 178176K Free: 151420K (85%)
11 ms. Memory: 178176K Free: 150906K (85%)
8 ms. Memory: 178176K Free: 150396K (84%)
0 ms. Memory: 178176K Free: 149867K (84%)
2 ms. Memory: 178176K Free: 146300K (82%)
12 ms. Memory: 178176K Free: 144252K (81%)
...............................................................1154 ms. Memory: 260096K Free: 208894K (80%)
/home/travis/build/icyphy/ptII/ptolemy/actor/lib/test/Test.tcl
 The next command will produce a warning about training mode,
   which may be ignored.
7 ms. Memory: 260096K Free: 206848K (80%)
3 ms. Memory: 260096K Free: 205824K (79%)
2 ms. Memory: 260096K Free: 205310K (79%)
7 ms. Memory: 260096K Free: 204800K (79%)
3 ms. Memory: 260096K Free: 204255K (79%)
3 ms. Memory: 260096K Free: 202752K (78%)
3 ms. Memory: 260096K Free: 201728K (78%)
 The next command will produce a warning about training mode,
   which may be ignored.
4 ms. Memory: 260096K Free: 199135K (77%)
 The next command will produce a warning about training mode,
   which may be ignored.
2 ms. Memory: 260096K Free: 198127K (76%)
1 ms. Memory: 260096K Free: 197632K (76%)
1 ms. Memory: 260096K Free: 197103K (76%)
2 ms. Memory: 260096K Free: 196608K (76%)
6 ms. Memory: 260096K Free: 195584K (75%)
3 ms. Memory: 260096K Free: 191488K (74%)
/home/travis/build/icyphy/ptII/ptolemy/actor/lib/test/TestExceptionHandler.tcl
 The next command will produce a warning about training mode,
   which may be ignored.
3 ms. Memory: 260096K Free: 190464K (73%)
1 ms. Memory: 260096K Free: 189935K (73%)
0 ms. Memory: 260096K Free: 189440K (73%)
/home/travis/build/icyphy/ptII/ptolemy/actor/lib/test/UnionDisassembler.tcl
13 ms. Memory: 260096K Free: 182272K (70%)
/home/travis/build/icyphy/ptII/ptolemy/actor/lib/test/VariableClock.tcl
preinitializing
resolving types
initializing
executing number 1
wrapping up
idle
3 ms. Memory: 260096K Free: 180224K (69%)
Completed execution with 11 iterations
preinitializing
resolving types
initializing
executing number 1
wrapping up
idle
3 ms. Memory: 260096K Free: 178686K (69%)
Completed execution with 10 iterations
10/28/19 06:13:01
Failed: 1  Total Tests: 234  ((Passed: 233, Newly Passed: 0)  Known Failed: 0) /home/travis/build/icyphy/ptII/ptolemy/actor/lib/test
----------------- testing (KnownFailure) /home/travis/build/icyphy/ptII/ptolemy/actor/lib/test/auto/knownFailedTests/PublisherPortToplevelSubscriber.xml
1 ms. Memory: 260096K Free: 175614K (68%)
Known Failure: java.lang.reflect.InvocationTargetException
----------------- testing (KnownFailure) /home/travis/build/icyphy/ptII/ptolemy/actor/lib/test/auto/knownFailedTests/PublisherSubscriberPortToplevel.xml
0 ms. Memory: 260096K Free: 171518K (66%)
Known Failure: java.lang.reflect.InvocationTargetException
----------------- testing (KnownFailure) /home/travis/build/icyphy/ptII/ptolemy/actor/lib/test/auto/knownFailedTests/PublisherSubscriptionAggregatorPort.xml
0 ms. Memory: 260096K Free: 166912K (64%)
Known Failure: java.lang.reflect.InvocationTargetException
----------------- testing (KnownFailure) /home/travis/build/icyphy/ptII/ptolemy/actor/lib/test/auto/knownFailedTests/sizedarray3.xml
9 ms. Memory: 260096K Free: 162816K (63%)
Known Failure: java.lang.reflect.InvocationTargetException
No auto/linux-amd64/*.xml tests in /home/travis/build/icyphy/ptII/ptolemy/actor/lib/test
AutoTests.java: About to close Vertx.
AutoTests.java: Vertx closed.

===========================================================================================
----------------- testing Mon Oct 28 06:13:01 UTC 2019 /home/travis/build/icyphy/ptII/ptolemy/actor/lib/test/auto/AbsoluteValue.xml
----------------- Instantiating /home/travis/build/icyphy/ptII/ptolemy/actor/lib/test/auto/AbsoluteValue.xml
14 ms. Memory: 260096K Free: 140288K (54%)
----------------- Invoking toplevel() on ptolemy.moml.MoMLSimpleApplication@4548eca0
----------------- Done invoking toplevel() on ptolemy.moml.MoMLSimpleApplication@4548eca0
reloadAllAccessors: .AbsoluteValue

===========================================================================================
----------------- testing Mon Oct 28 06:13:02 UTC 2019 /home/travis/build/icyphy/ptII/ptolemy/actor/lib/test/auto/AbsoluteValue2.xml
----------------- Instantiating /home/travis/build/icyphy/ptII/ptolemy/actor/lib/test/auto/AbsoluteValue2.xml
5 ms. Memory: 260096K Free: 133630K (51%)
----------------- Invoking toplevel() on ptolemy.moml.MoMLSimpleApplication@3a61d07a
----------------- Done invoking toplevel() on ptolemy.moml.MoMLSimpleApplication@3a61d07a
reloadAllAccessors: .AbsoluteValue2

===========================================================================================
----------------- testing Mon Oct 28 06:13:02 UTC 2019 /home/travis/build/icyphy/ptII/ptolemy/actor/lib/test/auto/Accumulator.xml
----------------- Instantiating /home/travis/build/icyphy/ptII/ptolemy/actor/lib/test/auto/Accumulator.xml
6 ms. Memory: 260096K Free: 126976K (49%)
----------------- Invoking toplevel() on ptolemy.moml.MoMLSimpleApplication@34c7668b
----------------- Done invoking toplevel() on ptolemy.moml.MoMLSimpleApplication@34c7668b
reloadAllAccessors: .Accumulator

===========================================================================================
----------------- testing Mon Oct 28 06:13:02 UTC 2019 /home/travis/build/icyphy/ptII/ptolemy/actor/lib/test/auto/Accumulator2.xml
----------------- Instantiating /home/travis/build/icyphy/ptII/ptolemy/actor/lib/test/auto/Accumulator2.xml
4 ms. Memory: 260096K Free: 121856K (47%)
----------------- Invoking toplevel() on ptolemy.moml.MoMLSimpleApplication@4bc2a48f
----------------- Done invoking toplevel() on ptolemy.moml.MoMLSimpleApplication@4bc2a48f
reloadAllAccessors: .Accumulator2

===========================================================================================
----------------- testing Mon Oct 28 06:13:02 UTC 2019 /home/travis/build/icyphy/ptII/ptolemy/actor/lib/test/auto/Accumulator3.xml
----------------- Instantiating /home/travis/build/icyphy/ptII/ptolemy/actor/lib/test/auto/Accumulator3.xml
4 ms. Memory: 260096K Free: 117246K (45%)
----------------- Invoking toplevel() on ptolemy.moml.MoMLSimpleApplication@4118a171
----------------- Done invoking toplevel() on ptolemy.moml.MoMLSimpleApplication@4118a171
reloadAllAccessors: .Accumulator3

===========================================================================================
----------------- testing Mon Oct 28 06:13:02 UTC 2019 /home/travis/build/icyphy/ptII/ptolemy/actor/lib/test/auto/ArrayAppend.xml
----------------- Instantiating /home/travis/build/icyphy/ptII/ptolemy/actor/lib/test/auto/ArrayAppend.xml
7 ms. Memory: 260096K Free: 111616K (43%)
----------------- Invoking toplevel() on ptolemy.moml.MoMLSimpleApplication@3ed9b1e4
----------------- Done invoking toplevel() on ptolemy.moml.MoMLSimpleApplication@3ed9b1e4
reloadAllAccessors: .ArrayAppend

===========================================================================================
----------------- testing Mon Oct 28 06:13:02 UTC 2019 /home/travis/build/icyphy/ptII/ptolemy/actor/lib/test/auto/ArrayAppend2.xml
----------------- Instantiating /home/travis/build/icyphy/ptII/ptolemy/actor/lib/test/auto/ArrayAppend2.xml
464 ms. Memory: 260096K Free: 166633K (64%)
----------------- Invoking toplevel() on ptolemy.moml.MoMLSimpleApplication@6b936807
----------------- Done invoking toplevel() on ptolemy.moml.MoMLSimpleApplication@6b936807
reloadAllAccessors: .ArrayAppend2

===========================================================================================
----------------- testing Mon Oct 28 06:13:02 UTC 2019 /home/travis/build/icyphy/ptII/ptolemy/actor/lib/test/auto/ArrayAppend3.xml
----------------- Instantiating /home/travis/build/icyphy/ptII/ptolemy/actor/lib/test/auto/ArrayAppend3.xml
3 ms. Memory: 260096K Free: 160489K (62%)
----------------- Invoking toplevel() on ptolemy.moml.MoMLSimpleApplication@4412bd74
----------------- Done invoking toplevel() on ptolemy.moml.MoMLSimpleApplication@4412bd74
reloadAllAccessors: .ArrayAppend3

===========================================================================================
----------------- testing Mon Oct 28 06:13:02 UTC 2019 /home/travis/build/icyphy/ptII/ptolemy/actor/lib/test/auto/ArrayAppend4.xml
----------------- Instantiating /home/travis/build/icyphy/ptII/ptolemy/actor/lib/test/auto/ArrayAppend4.xml
2 ms. Memory: 260096K Free: 155369K (60%)
----------------- Invoking toplevel() on ptolemy.moml.MoMLSimpleApplication@38dbef21
----------------- Done invoking toplevel() on ptolemy.moml.MoMLSimpleApplication@38dbef21
reloadAllAccessors: .ArrayAppend4

===========================================================================================
----------------- testing Mon Oct 28 06:13:02 UTC 2019 /home/travis/build/icyphy/ptII/ptolemy/actor/lib/test/auto/ArrayAppend5.xml
----------------- Instantiating /home/travis/build/icyphy/ptII/ptolemy/actor/lib/test/auto/ArrayAppend5.xml
2 ms. Memory: 260096K Free: 150249K (58%)
----------------- Invoking toplevel() on ptolemy.moml.MoMLSimpleApplication@7bbe1491
----------------- Done invoking toplevel() on ptolemy.moml.MoMLSimpleApplication@7bbe1491
reloadAllAccessors: .ArrayAppend5

===========================================================================================
----------------- testing Mon Oct 28 06:13:02 UTC 2019 /home/travis/build/icyphy/ptII/ptolemy/actor/lib/test/auto/ArrayAppend6.xml
----------------- Instantiating /home/travis/build/icyphy/ptII/ptolemy/actor/lib/test/auto/ArrayAppend6.xml
5 ms. Memory: 260096K Free: 144615K (56%)
----------------- Invoking toplevel() on ptolemy.moml.MoMLSimpleApplication@2d61919f
----------------- Done invoking toplevel() on ptolemy.moml.MoMLSimpleApplication@2d61919f
reloadAllAccessors: .ArrayAppend6

===========================================================================================
----------------- testing Mon Oct 28 06:13:02 UTC 2019 /home/travis/build/icyphy/ptII/ptolemy/actor/lib/test/auto/ArrayAppendPerformanceTest.xml
----------------- Instantiating /home/travis/build/icyphy/ptII/ptolemy/actor/lib/test/auto/ArrayAppendPerformanceTest.xml
47 ms. Memory: 260096K Free: 134375K (52%)
----------------- Invoking toplevel() on ptolemy.moml.MoMLSimpleApplication@2143b6a4
----------------- Done invoking toplevel() on ptolemy.moml.MoMLSimpleApplication@2143b6a4
reloadAllAccessors: .ArrayAppendPerformanceTest

===========================================================================================
----------------- testing Mon Oct 28 06:13:03 UTC 2019 /home/travis/build/icyphy/ptII/ptolemy/actor/lib/test/auto/ArrayAppendWithEmptyInput.xml
----------------- Instantiating /home/travis/build/icyphy/ptII/ptolemy/actor/lib/test/auto/ArrayAppendWithEmptyInput.xml
19 ms. Memory: 260096K Free: 126183K (49%)
----------------- Invoking toplevel() on ptolemy.moml.MoMLSimpleApplication@18a0fcc6
----------------- Done invoking toplevel() on ptolemy.moml.MoMLSimpleApplication@18a0fcc6
reloadAllAccessors: .ArrayAppendWithEmptyInput

===========================================================================================
----------------- testing Mon Oct 28 06:13:03 UTC 2019 /home/travis/build/icyphy/ptII/ptolemy/actor/lib/test/auto/ArrayAverage.xml
----------------- Instantiating /home/travis/build/icyphy/ptII/ptolemy/actor/lib/test/auto/ArrayAverage.xml
16 ms. Memory: 260096K Free: 118505K (46%)
----------------- Invoking toplevel() on ptolemy.moml.MoMLSimpleApplication@1fc86748
----------------- Done invoking toplevel() on ptolemy.moml.MoMLSimpleApplication@1fc86748
reloadAllAccessors: .ArrayAverage

===========================================================================================
----------------- testing Mon Oct 28 06:13:03 UTC 2019 /home/travis/build/icyphy/ptII/ptolemy/actor/lib/test/auto/ArrayContains.xml
----------------- Instantiating /home/travis/build/icyphy/ptII/ptolemy/actor/lib/test/auto/ArrayContains.xml
3 ms. Memory: 260096K Free: 112361K (43%)
----------------- Invoking toplevel() on ptolemy.moml.MoMLSimpleApplication@729c6bb1
----------------- Done invoking toplevel() on ptolemy.moml.MoMLSimpleApplication@729c6bb1
reloadAllAccessors: .ArrayContains

===========================================================================================
----------------- testing Mon Oct 28 06:13:03 UTC 2019 /home/travis/build/icyphy/ptII/ptolemy/actor/lib/test/auto/ArrayElement.xml
----------------- Instantiating /home/travis/build/icyphy/ptII/ptolemy/actor/lib/test/auto/ArrayElement.xml
5 ms. Memory: 260096K Free: 107241K (41%)
----------------- Invoking toplevel() on ptolemy.moml.MoMLSimpleApplication@37a8589b
----------------- Done invoking toplevel() on ptolemy.moml.MoMLSimpleApplication@37a8589b
reloadAllAccessors: .ArrayElement

===========================================================================================
----------------- testing Mon Oct 28 06:13:03 UTC 2019 /home/travis/build/icyphy/ptII/ptolemy/actor/lib/test/auto/ArrayElementAsMatrix.xml
----------------- Instantiating /home/travis/build/icyphy/ptII/ptolemy/actor/lib/test/auto/ArrayElementAsMatrix.xml
10 ms. Memory: 260096K Free: 97001K (37%)
----------------- Invoking toplevel() on ptolemy.moml.MoMLSimpleApplication@3173e1a9
----------------- Done invoking toplevel() on ptolemy.moml.MoMLSimpleApplication@3173e1a9
reloadAllAccessors: .ArrayElementAsMatrix

===========================================================================================
----------------- testing Mon Oct 28 06:13:03 UTC 2019 /home/travis/build/icyphy/ptII/ptolemy/actor/lib/test/auto/ArrayElementI.xml
----------------- Instantiating /home/travis/build/icyphy/ptII/ptolemy/actor/lib/test/auto/ArrayElementI.xml
4 ms. Memory: 260096K Free: 91881K (35%)
----------------- Invoking toplevel() on ptolemy.moml.MoMLSimpleApplication@51931c8d
----------------- Done invoking toplevel() on ptolemy.moml.MoMLSimpleApplication@51931c8d
reloadAllAccessors: .ArrayElementI

===========================================================================================
----------------- testing Mon Oct 28 06:13:03 UTC 2019 /home/travis/build/icyphy/ptII/ptolemy/actor/lib/test/auto/ArrayExtract.xml
----------------- Instantiating /home/travis/build/icyphy/ptII/ptolemy/actor/lib/test/auto/ArrayExtract.xml
4 ms. Memory: 260096K Free: 83689K (32%)
----------------- Invoking toplevel() on ptolemy.moml.MoMLSimpleApplication@79fdccec
----------------- Done invoking toplevel() on ptolemy.moml.MoMLSimpleApplication@79fdccec
reloadAllAccessors: .ArrayExtract

===========================================================================================
----------------- testing Mon Oct 28 06:13:03 UTC 2019 /home/travis/build/icyphy/ptII/ptolemy/actor/lib/test/auto/ArrayExtract2.xml
----------------- Instantiating /home/travis/build/icyphy/ptII/ptolemy/actor/lib/test/auto/ArrayExtract2.xml
2 ms. Memory: 260096K Free: 78025K (30%)
----------------- Invoking toplevel() on ptolemy.moml.MoMLSimpleApplication@19bc807b
----------------- Done invoking toplevel() on ptolemy.moml.MoMLSimpleApplication@19bc807b
reloadAllAccessors: .ArrayExtract2

===========================================================================================
----------------- testing Mon Oct 28 06:13:03 UTC 2019 /home/travis/build/icyphy/ptII/ptolemy/actor/lib/test/auto/ArrayLength.xml
----------------- Instantiating /home/travis/build/icyphy/ptII/ptolemy/actor/lib/test/auto/ArrayLength.xml
3 ms. Memory: 260096K Free: 74473K (29%)
----------------- Invoking toplevel() on ptolemy.moml.MoMLSimpleApplication@fc3c35f
----------------- Done invoking toplevel() on ptolemy.moml.MoMLSimpleApplication@fc3c35f
reloadAllAccessors: .ArrayLength

===========================================================================================
----------------- testing Mon Oct 28 06:13:03 UTC 2019 /home/travis/build/icyphy/ptII/ptolemy/actor/lib/test/auto/ArrayLevelCrossing.xml
----------------- Instantiating /home/travis/build/icyphy/ptII/ptolemy/actor/lib/test/auto/ArrayLevelCrossing.xml
3 ms. Memory: 260096K Free: 65767K (25%)
----------------- Invoking toplevel() on ptolemy.moml.MoMLSimpleApplication@40e16eaa
----------------- Done invoking toplevel() on ptolemy.moml.MoMLSimpleApplication@40e16eaa
reloadAllAccessors: .ArrayLevelCrossing

===========================================================================================
----------------- testing Mon Oct 28 06:13:03 UTC 2019 /home/travis/build/icyphy/ptII/ptolemy/actor/lib/test/auto/ArrayLevelCrossing2.xml
----------------- Instantiating /home/travis/build/icyphy/ptII/ptolemy/actor/lib/test/auto/ArrayLevelCrossing2.xml
5 ms. Memory: 260096K Free: 209641K (81%)
----------------- Invoking toplevel() on ptolemy.moml.MoMLSimpleApplication@1abcef21
----------------- Done invoking toplevel() on ptolemy.moml.MoMLSimpleApplication@1abcef21
reloadAllAccessors: .ArrayLevelCrossing2

===========================================================================================
----------------- testing Mon Oct 28 06:13:03 UTC 2019 /home/travis/build/icyphy/ptII/ptolemy/actor/lib/test/auto/ArrayPeakSearch.xml
----------------- Instantiating /home/travis/build/icyphy/ptII/ptolemy/actor/lib/test/auto/ArrayPeakSearch.xml
7 ms. Memory: 260096K Free: 200425K (77%)
----------------- Invoking toplevel() on ptolemy.moml.MoMLSimpleApplication@3ec66e71
----------------- Done invoking toplevel() on ptolemy.moml.MoMLSimpleApplication@3ec66e71
reloadAllAccessors: .ArrayPeakSearch

===========================================================================================
----------------- testing Mon Oct 28 06:13:03 UTC 2019 /home/travis/build/icyphy/ptII/ptolemy/actor/lib/test/auto/ArrayPeakSearch2.xml
----------------- Instantiating /home/travis/build/icyphy/ptII/ptolemy/actor/lib/test/auto/ArrayPeakSearch2.xml
10 ms. Memory: 260096K Free: 190185K (73%)
----------------- Invoking toplevel() on ptolemy.moml.MoMLSimpleApplication@d13ab52
----------------- Done invoking toplevel() on ptolemy.moml.MoMLSimpleApplication@d13ab52
reloadAllAccessors: .ArrayPeakSearch2

===========================================================================================
----------------- testing Mon Oct 28 06:13:03 UTC 2019 /home/travis/build/icyphy/ptII/ptolemy/actor/lib/test/auto/ArrayPeakSearch3.xml
----------------- Instantiating /home/travis/build/icyphy/ptII/ptolemy/actor/lib/test/auto/ArrayPeakSearch3.xml
8 ms. Memory: 260096K Free: 180969K (70%)
----------------- Invoking toplevel() on ptolemy.moml.MoMLSimpleApplication@7639b006
----------------- Done invoking toplevel() on ptolemy.moml.MoMLSimpleApplication@7639b006
reloadAllAccessors: .ArrayPeakSearch3

===========================================================================================
----------------- testing Mon Oct 28 06:13:03 UTC 2019 /home/travis/build/icyphy/ptII/ptolemy/actor/lib/test/auto/ArrayRemoveElement.xml
----------------- Instantiating /home/travis/build/icyphy/ptII/ptolemy/actor/lib/test/auto/ArrayRemoveElement.xml
4 ms. Memory: 260096K Free: 173287K (67%)
----------------- Invoking toplevel() on ptolemy.moml.MoMLSimpleApplication@4f9ac1fd
----------------- Done invoking toplevel() on ptolemy.moml.MoMLSimpleApplication@4f9ac1fd
reloadAllAccessors: .ArrayRemoveElement

===========================================================================================
----------------- testing Mon Oct 28 06:13:03 UTC 2019 /home/travis/build/icyphy/ptII/ptolemy/actor/lib/test/auto/ArraySort.xml
----------------- Instantiating /home/travis/build/icyphy/ptII/ptolemy/actor/lib/test/auto/ArraySort.xml
6 ms. Memory: 260096K Free: 164071K (63%)
----------------- Invoking toplevel() on ptolemy.moml.MoMLSimpleApplication@1d7ec976
----------------- Done invoking toplevel() on ptolemy.moml.MoMLSimpleApplication@1d7ec976
reloadAllAccessors: .ArraySort

===========================================================================================
----------------- testing Mon Oct 28 06:13:03 UTC 2019 /home/travis/build/icyphy/ptII/ptolemy/actor/lib/test/auto/ArraySum.xml
----------------- Instantiating /home/travis/build/icyphy/ptII/ptolemy/actor/lib/test/auto/ArraySum.xml
8 ms. Memory: 260096K Free: 158951K (61%)
----------------- Invoking toplevel() on ptolemy.moml.MoMLSimpleApplication@16e86b3f
----------------- Done invoking toplevel() on ptolemy.moml.MoMLSimpleApplication@16e86b3f
reloadAllAccessors: .ArraySum

===========================================================================================
----------------- testing Mon Oct 28 06:13:03 UTC 2019 /home/travis/build/icyphy/ptII/ptolemy/actor/lib/test/auto/ArrayToElements.xml
----------------- Instantiating /home/travis/build/icyphy/ptII/ptolemy/actor/lib/test/auto/ArrayToElements.xml
7 ms. Memory: 260096K Free: 153321K (59%)
----------------- Invoking toplevel() on ptolemy.moml.MoMLSimpleApplication@17643235
----------------- Done invoking toplevel() on ptolemy.moml.MoMLSimpleApplication@17643235
reloadAllAccessors: .ArrayToElements

===========================================================================================
----------------- testing Mon Oct 28 06:13:03 UTC 2019 /home/travis/build/icyphy/ptII/ptolemy/actor/lib/test/auto/ArrayToMatrix.xml
----------------- Instantiating /home/travis/build/icyphy/ptII/ptolemy/actor/lib/test/auto/ArrayToMatrix.xml
15 ms. Memory: 260096K Free: 138985K (53%)
----------------- Invoking toplevel() on ptolemy.moml.MoMLSimpleApplication@2365f111
----------------- Done invoking toplevel() on ptolemy.moml.MoMLSimpleApplication@2365f111
reloadAllAccessors: .ArrayToMatrix

===========================================================================================
----------------- testing Mon Oct 28 06:13:03 UTC 2019 /home/travis/build/icyphy/ptII/ptolemy/actor/lib/test/auto/ArrayUpdate1.xml
----------------- Instantiating /home/travis/build/icyphy/ptII/ptolemy/actor/lib/test/auto/ArrayUpdate1.xml
12 ms. Memory: 260096K Free: 133865K (51%)
----------------- Invoking toplevel() on ptolemy.moml.MoMLSimpleApplication@327e7bdb
----------------- Done invoking toplevel() on ptolemy.moml.MoMLSimpleApplication@327e7bdb
reloadAllAccessors: .ArrayUpdate1

===========================================================================================
----------------- testing Mon Oct 28 06:13:03 UTC 2019 /home/travis/build/icyphy/ptII/ptolemy/actor/lib/test/auto/ArrayUpdate2.xml
----------------- Instantiating /home/travis/build/icyphy/ptII/ptolemy/actor/lib/test/auto/ArrayUpdate2.xml
8 ms. Memory: 260096K Free: 127721K (49%)
----------------- Invoking toplevel() on ptolemy.moml.MoMLSimpleApplication@3e3a0cc1
----------------- Done invoking toplevel() on ptolemy.moml.MoMLSimpleApplication@3e3a0cc1
reloadAllAccessors: .ArrayUpdate2

===========================================================================================
----------------- testing Mon Oct 28 06:13:03 UTC 2019 /home/travis/build/icyphy/ptII/ptolemy/actor/lib/test/auto/ArrayUpdate3.xml
----------------- Instantiating /home/travis/build/icyphy/ptII/ptolemy/actor/lib/test/auto/ArrayUpdate3.xml
11 ms. Memory: 260096K Free: 122601K (47%)
----------------- Invoking toplevel() on ptolemy.moml.MoMLSimpleApplication@117a6265
----------------- Done invoking toplevel() on ptolemy.moml.MoMLSimpleApplication@117a6265
reloadAllAccessors: .ArrayUpdate3

===========================================================================================
----------------- testing Mon Oct 28 06:13:03 UTC 2019 /home/travis/build/icyphy/ptII/ptolemy/actor/lib/test/auto/Assert1.xml
----------------- Instantiating /home/travis/build/icyphy/ptII/ptolemy/actor/lib/test/auto/Assert1.xml
3 ms. Memory: 260096K Free: 118505K (46%)
----------------- Invoking toplevel() on ptolemy.moml.MoMLSimpleApplication@89de165
----------------- Done invoking toplevel() on ptolemy.moml.MoMLSimpleApplication@89de165
reloadAllAccessors: .Assert1

===========================================================================================
----------------- testing Mon Oct 28 06:13:03 UTC 2019 /home/travis/build/icyphy/ptII/ptolemy/actor/lib/test/auto/Assert2.xml
----------------- Instantiating /home/travis/build/icyphy/ptII/ptolemy/actor/lib/test/auto/Assert2.xml
2 ms. Memory: 260096K Free: 112871K (43%)
----------------- Invoking toplevel() on ptolemy.moml.MoMLSimpleApplication@70aced61
----------------- Done invoking toplevel() on ptolemy.moml.MoMLSimpleApplication@70aced61
reloadAllAccessors: .Assert2

===========================================================================================
----------------- testing Mon Oct 28 06:13:03 UTC 2019 /home/travis/build/icyphy/ptII/ptolemy/actor/lib/test/auto/BooleanMultiplexor.xml
----------------- Instantiating /home/travis/build/icyphy/ptII/ptolemy/actor/lib/test/auto/BooleanMultiplexor.xml
2 ms. Memory: 260096K Free: 107721K (41%)
----------------- Invoking toplevel() on ptolemy.moml.MoMLSimpleApplication@30b35902
----------------- Done invoking toplevel() on ptolemy.moml.MoMLSimpleApplication@30b35902
reloadAllAccessors: .BooleanMultiplexor

===========================================================================================
----------------- testing Mon Oct 28 06:13:03 UTC 2019 /home/travis/build/icyphy/ptII/ptolemy/actor/lib/test/auto/BooleanMultiplexor2.xml
----------------- Instantiating /home/travis/build/icyphy/ptII/ptolemy/actor/lib/test/auto/BooleanMultiplexor2.xml
13 ms. Memory: 260096K Free: 101097K (39%)
----------------- Invoking toplevel() on ptolemy.moml.MoMLSimpleApplication@1dfd07db
----------------- Done invoking toplevel() on ptolemy.moml.MoMLSimpleApplication@1dfd07db
reloadAllAccessors: .BooleanMultiplexor2

===========================================================================================
----------------- testing Mon Oct 28 06:13:04 UTC 2019 /home/travis/build/icyphy/ptII/ptolemy/actor/lib/test/auto/BooleanMultiplexor3.xml
----------------- Instantiating /home/travis/build/icyphy/ptII/ptolemy/actor/lib/test/auto/BooleanMultiplexor3.xml
4 ms. Memory: 260096K Free: 97511K (37%)
----------------- Invoking toplevel() on ptolemy.moml.MoMLSimpleApplication@5b6370c5
----------------- Done invoking toplevel() on ptolemy.moml.MoMLSimpleApplication@5b6370c5
reloadAllAccessors: .BooleanMultiplexor3

===========================================================================================
----------------- testing Mon Oct 28 06:13:04 UTC 2019 /home/travis/build/icyphy/ptII/ptolemy/actor/lib/test/auto/BooleanSelect.xml
----------------- Instantiating /home/travis/build/icyphy/ptII/ptolemy/actor/lib/test/auto/BooleanSelect.xml
6 ms. Memory: 260096K Free: 91353K (35%)
----------------- Invoking toplevel() on ptolemy.moml.MoMLSimpleApplication@58ede9ea
----------------- Done invoking toplevel() on ptolemy.moml.MoMLSimpleApplication@58ede9ea
reloadAllAccessors: .BooleanSelect

===========================================================================================
----------------- testing Mon Oct 28 06:13:04 UTC 2019 /home/travis/build/icyphy/ptII/ptolemy/actor/lib/test/auto/BooleanSelect2.xml
----------------- Instantiating /home/travis/build/icyphy/ptII/ptolemy/actor/lib/test/auto/BooleanSelect2.xml
1 ms. Memory: 260096K Free: 87271K (34%)
----------------- Invoking toplevel() on ptolemy.moml.MoMLSimpleApplication@5b530207
----------------- Done invoking toplevel() on ptolemy.moml.MoMLSimpleApplication@5b530207
reloadAllAccessors: .BooleanSelect2

===========================================================================================
----------------- testing Mon Oct 28 06:13:04 UTC 2019 /home/travis/build/icyphy/ptII/ptolemy/actor/lib/test/auto/BooleanSwitch.xml
----------------- Instantiating /home/travis/build/icyphy/ptII/ptolemy/actor/lib/test/auto/BooleanSwitch.xml
14 ms. Memory: 260096K Free: 80615K (31%)
----------------- Invoking toplevel() on ptolemy.moml.MoMLSimpleApplication@29aa63f7
----------------- Done invoking toplevel() on ptolemy.moml.MoMLSimpleApplication@29aa63f7
reloadAllAccessors: .BooleanSwitch

===========================================================================================
----------------- testing Mon Oct 28 06:13:04 UTC 2019 /home/travis/build/icyphy/ptII/ptolemy/actor/lib/test/auto/BooleanSwitch2.xml
----------------- Instantiating /home/travis/build/icyphy/ptII/ptolemy/actor/lib/test/auto/BooleanSwitch2.xml
2 ms. Memory: 260096K Free: 76521K (29%)
----------------- Invoking toplevel() on ptolemy.moml.MoMLSimpleApplication@550f23ef
----------------- Done invoking toplevel() on ptolemy.moml.MoMLSimpleApplication@550f23ef
reloadAllAccessors: .BooleanSwitch2

===========================================================================================
----------------- testing Mon Oct 28 06:13:04 UTC 2019 /home/travis/build/icyphy/ptII/ptolemy/actor/lib/test/auto/BooleanSwitchCloningBugWithClassRelationGroup.xml
----------------- Instantiating /home/travis/build/icyphy/ptII/ptolemy/actor/lib/test/auto/BooleanSwitchCloningBugWithClassRelationGroup.xml
6 ms. Memory: 260096K Free: 69863K (27%)
----------------- Invoking toplevel() on ptolemy.moml.MoMLSimpleApplication@4a0b1564
----------------- Done invoking toplevel() on ptolemy.moml.MoMLSimpleApplication@4a0b1564
reloadAllAccessors: .BooleanSwitchCloningBugWithClassRelationGroup

===========================================================================================
----------------- testing Mon Oct 28 06:13:04 UTC 2019 /home/travis/build/icyphy/ptII/ptolemy/actor/lib/test/auto/BusActors.xml
----------------- Instantiating /home/travis/build/icyphy/ptII/ptolemy/actor/lib/test/auto/BusActors.xml
3 ms. Memory: 260096K Free: 61671K (24%)
----------------- Invoking toplevel() on ptolemy.moml.MoMLSimpleApplication@622390c7
----------------- Done invoking toplevel() on ptolemy.moml.MoMLSimpleApplication@622390c7
reloadAllAccessors: .BusActors

===========================================================================================
----------------- testing Mon Oct 28 06:13:04 UTC 2019 /home/travis/build/icyphy/ptII/ptolemy/actor/lib/test/auto/ClassWrapper.xml
----------------- Instantiating /home/travis/build/icyphy/ptII/ptolemy/actor/lib/test/auto/ClassWrapper.xml
5 ms. Memory: 431104K Free: 381051K (88%)
----------------- Invoking toplevel() on ptolemy.moml.MoMLSimpleApplication@3c3fbdea
----------------- Done invoking toplevel() on ptolemy.moml.MoMLSimpleApplication@3c3fbdea
reloadAllAccessors: .ClassWrapper

===========================================================================================
----------------- testing Mon Oct 28 06:13:04 UTC 2019 /home/travis/build/icyphy/ptII/ptolemy/actor/lib/test/auto/Clock.xml
----------------- Instantiating /home/travis/build/icyphy/ptII/ptolemy/actor/lib/test/auto/Clock.xml
2 ms. Memory: 431104K Free: 376961K (87%)
----------------- Invoking toplevel() on ptolemy.moml.MoMLSimpleApplication@1726b61a
----------------- Done invoking toplevel() on ptolemy.moml.MoMLSimpleApplication@1726b61a
reloadAllAccessors: .Clock

===========================================================================================
----------------- testing Mon Oct 28 06:13:04 UTC 2019 /home/travis/build/icyphy/ptII/ptolemy/actor/lib/test/auto/Clock10.xml
----------------- Instantiating /home/travis/build/icyphy/ptII/ptolemy/actor/lib/test/auto/Clock10.xml
5 ms. Memory: 431104K Free: 370817K (86%)
----------------- Invoking toplevel() on ptolemy.moml.MoMLSimpleApplication@3bb4d77d
----------------- Done invoking toplevel() on ptolemy.moml.MoMLSimpleApplication@3bb4d77d
reloadAllAccessors: .Clock10

===========================================================================================
----------------- testing Mon Oct 28 06:13:04 UTC 2019 /home/travis/build/icyphy/ptII/ptolemy/actor/lib/test/auto/Clock11.xml
----------------- Instantiating /home/travis/build/icyphy/ptII/ptolemy/actor/lib/test/auto/Clock11.xml
8 ms. Memory: 431104K Free: 365187K (85%)
----------------- Invoking toplevel() on ptolemy.moml.MoMLSimpleApplication@ad3164b
----------------- Done invoking toplevel() on ptolemy.moml.MoMLSimpleApplication@ad3164b
reloadAllAccessors: .Clock11

===========================================================================================
----------------- testing Mon Oct 28 06:13:04 UTC 2019 /home/travis/build/icyphy/ptII/ptolemy/actor/lib/test/auto/Clock12.xml
----------------- Instantiating /home/travis/build/icyphy/ptII/ptolemy/actor/lib/test/auto/Clock12.xml
6 ms. Memory: 431104K Free: 359043K (83%)
----------------- Invoking toplevel() on ptolemy.moml.MoMLSimpleApplication@6b04ff94
----------------- Done invoking toplevel() on ptolemy.moml.MoMLSimpleApplication@6b04ff94
reloadAllAccessors: .Clock12

===========================================================================================
----------------- testing Mon Oct 28 06:13:04 UTC 2019 /home/travis/build/icyphy/ptII/ptolemy/actor/lib/test/auto/Clock13.xml
----------------- Instantiating /home/travis/build/icyphy/ptII/ptolemy/actor/lib/test/auto/Clock13.xml
5 ms. Memory: 431104K Free: 353379K (82%)
----------------- Invoking toplevel() on ptolemy.moml.MoMLSimpleApplication@6d46bc10
----------------- Done invoking toplevel() on ptolemy.moml.MoMLSimpleApplication@6d46bc10
reloadAllAccessors: .Clock13

===========================================================================================
----------------- testing Mon Oct 28 06:13:04 UTC 2019 /home/travis/build/icyphy/ptII/ptolemy/actor/lib/test/auto/Clock14.xml
----------------- Instantiating /home/travis/build/icyphy/ptII/ptolemy/actor/lib/test/auto/Clock14.xml
11 ms. Memory: 431104K Free: 347235K (81%)
----------------- Invoking toplevel() on ptolemy.moml.MoMLSimpleApplication@7b2e3850
----------------- Done invoking toplevel() on ptolemy.moml.MoMLSimpleApplication@7b2e3850
reloadAllAccessors: .Clock14

===========================================================================================
----------------- testing Mon Oct 28 06:13:04 UTC 2019 /home/travis/build/icyphy/ptII/ptolemy/actor/lib/test/auto/Clock15.xml
----------------- Instantiating /home/travis/build/icyphy/ptII/ptolemy/actor/lib/test/auto/Clock15.xml
8 ms. Memory: 431104K Free: 341635K (79%)
----------------- Invoking toplevel() on ptolemy.moml.MoMLSimpleApplication@2b71b37
----------------- Done invoking toplevel() on ptolemy.moml.MoMLSimpleApplication@2b71b37
reloadAllAccessors: .Clock15

===========================================================================================
----------------- testing Mon Oct 28 06:13:04 UTC 2019 /home/travis/build/icyphy/ptII/ptolemy/actor/lib/test/auto/Clock16.xml
----------------- Instantiating /home/travis/build/icyphy/ptII/ptolemy/actor/lib/test/auto/Clock16.xml
39 ms. Memory: 431104K Free: 325747K (76%)
----------------- Invoking toplevel() on ptolemy.moml.MoMLSimpleApplication@30d458aa
----------------- Done invoking toplevel() on ptolemy.moml.MoMLSimpleApplication@30d458aa
reloadAllAccessors: .Clock16

===========================================================================================
----------------- testing Mon Oct 28 06:13:04 UTC 2019 /home/travis/build/icyphy/ptII/ptolemy/actor/lib/test/auto/Clock17.xml
----------------- Instantiating /home/travis/build/icyphy/ptII/ptolemy/actor/lib/test/auto/Clock17.xml
17 ms. Memory: 431104K Free: 311411K (72%)
----------------- Invoking toplevel() on ptolemy.moml.MoMLSimpleApplication@40ab8943
----------------- Done invoking toplevel() on ptolemy.moml.MoMLSimpleApplication@40ab8943
reloadAllAccessors: .Clock17

===========================================================================================
----------------- testing Mon Oct 28 06:13:04 UTC 2019 /home/travis/build/icyphy/ptII/ptolemy/actor/lib/test/auto/Clock18.xml
----------------- Instantiating /home/travis/build/icyphy/ptII/ptolemy/actor/lib/test/auto/Clock18.xml
32 ms. Memory: 431104K Free: 298627K (69%)
----------------- Invoking toplevel() on ptolemy.moml.MoMLSimpleApplication@af02918
----------------- Done invoking toplevel() on ptolemy.moml.MoMLSimpleApplication@af02918
reloadAllAccessors: .Clock18

===========================================================================================
----------------- testing Mon Oct 28 06:13:04 UTC 2019 /home/travis/build/icyphy/ptII/ptolemy/actor/lib/test/auto/Clock19.xml
----------------- Instantiating /home/travis/build/icyphy/ptII/ptolemy/actor/lib/test/auto/Clock19.xml
13 ms. Memory: 431104K Free: 285315K (66%)
----------------- Invoking toplevel() on ptolemy.moml.MoMLSimpleApplication@7c800e2b
----------------- Done invoking toplevel() on ptolemy.moml.MoMLSimpleApplication@7c800e2b
reloadAllAccessors: .Clock19

===========================================================================================
----------------- testing Mon Oct 28 06:13:04 UTC 2019 /home/travis/build/icyphy/ptII/ptolemy/actor/lib/test/auto/Clock2.xml
----------------- Instantiating /home/travis/build/icyphy/ptII/ptolemy/actor/lib/test/auto/Clock2.xml
8 ms. Memory: 431104K Free: 281219K (65%)
----------------- Invoking toplevel() on ptolemy.moml.MoMLSimpleApplication@50c55d39
----------------- Done invoking toplevel() on ptolemy.moml.MoMLSimpleApplication@50c55d39
reloadAllAccessors: .Clock2

===========================================================================================
----------------- testing Mon Oct 28 06:13:04 UTC 2019 /home/travis/build/icyphy/ptII/ptolemy/actor/lib/test/auto/Clock20.xml
----------------- Instantiating /home/travis/build/icyphy/ptII/ptolemy/actor/lib/test/auto/Clock20.xml
7 ms. Memory: 431104K Free: 275585K (64%)
----------------- Invoking toplevel() on ptolemy.moml.MoMLSimpleApplication@6d68101
----------------- Done invoking toplevel() on ptolemy.moml.MoMLSimpleApplication@6d68101
reloadAllAccessors: .Clock20

===========================================================================================
----------------- testing Mon Oct 28 06:13:04 UTC 2019 /home/travis/build/icyphy/ptII/ptolemy/actor/lib/test/auto/Clock21.xml
----------------- Instantiating /home/travis/build/icyphy/ptII/ptolemy/actor/lib/test/auto/Clock21.xml
5 ms. Memory: 431104K Free: 270465K (63%)
----------------- Invoking toplevel() on ptolemy.moml.MoMLSimpleApplication@2a90ba54
----------------- Done invoking toplevel() on ptolemy.moml.MoMLSimpleApplication@2a90ba54
reloadAllAccessors: .Clock21

===========================================================================================
----------------- testing Mon Oct 28 06:13:04 UTC 2019 /home/travis/build/icyphy/ptII/ptolemy/actor/lib/test/auto/Clock22.xml
----------------- Instantiating /home/travis/build/icyphy/ptII/ptolemy/actor/lib/test/auto/Clock22.xml
5 ms. Memory: 431104K Free: 264835K (61%)
----------------- Invoking toplevel() on ptolemy.moml.MoMLSimpleApplication@6cc6fdf8
----------------- Done invoking toplevel() on ptolemy.moml.MoMLSimpleApplication@6cc6fdf8
reloadAllAccessors: .Clock22

===========================================================================================
----------------- testing Mon Oct 28 06:13:04 UTC 2019 /home/travis/build/icyphy/ptII/ptolemy/actor/lib/test/auto/Clock23.xml
----------------- Instantiating /home/travis/build/icyphy/ptII/ptolemy/actor/lib/test/auto/Clock23.xml
5 ms. Memory: 431104K Free: 259201K (60%)
----------------- Invoking toplevel() on ptolemy.moml.MoMLSimpleApplication@2bf9431a
----------------- Done invoking toplevel() on ptolemy.moml.MoMLSimpleApplication@2bf9431a
reloadAllAccessors: .Clock23

===========================================================================================
----------------- testing Mon Oct 28 06:13:04 UTC 2019 /home/travis/build/icyphy/ptII/ptolemy/actor/lib/test/auto/Clock24.xml
----------------- Instantiating /home/travis/build/icyphy/ptII/ptolemy/actor/lib/test/auto/Clock24.xml
2 ms. Memory: 431104K Free: 254081K (59%)
----------------- Invoking toplevel() on ptolemy.moml.MoMLSimpleApplication@531e70f9
----------------- Done invoking toplevel() on ptolemy.moml.MoMLSimpleApplication@531e70f9
reloadAllAccessors: .Clock24

===========================================================================================
----------------- testing Mon Oct 28 06:13:04 UTC 2019 /home/travis/build/icyphy/ptII/ptolemy/actor/lib/test/auto/Clock4.xml
----------------- Instantiating /home/travis/build/icyphy/ptII/ptolemy/actor/lib/test/auto/Clock4.xml
2 ms. Memory: 431104K Free: 248931K (58%)
----------------- Invoking toplevel() on ptolemy.moml.MoMLSimpleApplication@13d61810
----------------- Done invoking toplevel() on ptolemy.moml.MoMLSimpleApplication@13d61810
reloadAllAccessors: .Clock4

===========================================================================================
----------------- testing Mon Oct 28 06:13:05 UTC 2019 /home/travis/build/icyphy/ptII/ptolemy/actor/lib/test/auto/Clock5.xml
----------------- Instantiating /home/travis/build/icyphy/ptII/ptolemy/actor/lib/test/auto/Clock5.xml
4 ms. Memory: 431104K Free: 243841K (57%)
----------------- Invoking toplevel() on ptolemy.moml.MoMLSimpleApplication@1a280cc1
----------------- Done invoking toplevel() on ptolemy.moml.MoMLSimpleApplication@1a280cc1
reloadAllAccessors: .Clock5

===========================================================================================
----------------- testing Mon Oct 28 06:13:05 UTC 2019 /home/travis/build/icyphy/ptII/ptolemy/actor/lib/test/auto/Clock6.xml
----------------- Instantiating /home/travis/build/icyphy/ptII/ptolemy/actor/lib/test/auto/Clock6.xml
2 ms. Memory: 431104K Free: 239235K (55%)
----------------- Invoking toplevel() on ptolemy.moml.MoMLSimpleApplication@29c70e38
----------------- Done invoking toplevel() on ptolemy.moml.MoMLSimpleApplication@29c70e38
reloadAllAccessors: .Clock6

===========================================================================================
----------------- testing Mon Oct 28 06:13:05 UTC 2019 /home/travis/build/icyphy/ptII/ptolemy/actor/lib/test/auto/Clock7.xml
----------------- Instantiating /home/travis/build/icyphy/ptII/ptolemy/actor/lib/test/auto/Clock7.xml
3 ms. Memory: 431104K Free: 234625K (54%)
----------------- Invoking toplevel() on ptolemy.moml.MoMLSimpleApplication@24ed648a
----------------- Done invoking toplevel() on ptolemy.moml.MoMLSimpleApplication@24ed648a
reloadAllAccessors: .Clock7

===========================================================================================
----------------- testing Mon Oct 28 06:13:05 UTC 2019 /home/travis/build/icyphy/ptII/ptolemy/actor/lib/test/auto/Clock8.xml
----------------- Instantiating /home/travis/build/icyphy/ptII/ptolemy/actor/lib/test/auto/Clock8.xml
4 ms. Memory: 431104K Free: 228995K (53%)
----------------- Invoking toplevel() on ptolemy.moml.MoMLSimpleApplication@667022b9
----------------- Done invoking toplevel() on ptolemy.moml.MoMLSimpleApplication@667022b9
reloadAllAccessors: .Clock8

===========================================================================================
----------------- testing Mon Oct 28 06:13:05 UTC 2019 /home/travis/build/icyphy/ptII/ptolemy/actor/lib/test/auto/Clock9.xml
----------------- Instantiating /home/travis/build/icyphy/ptII/ptolemy/actor/lib/test/auto/Clock9.xml
5 ms. Memory: 431104K Free: 223355K (52%)
----------------- Invoking toplevel() on ptolemy.moml.MoMLSimpleApplication@384dede8
----------------- Done invoking toplevel() on ptolemy.moml.MoMLSimpleApplication@384dede8
reloadAllAccessors: .Clock9

===========================================================================================
----------------- testing Mon Oct 28 06:13:05 UTC 2019 /home/travis/build/icyphy/ptII/ptolemy/actor/lib/test/auto/CommDistDiscard.xml
----------------- Instantiating /home/travis/build/icyphy/ptII/ptolemy/actor/lib/test/auto/CommDistDiscard.xml
5 ms. Memory: 431104K Free: 218241K (51%)
----------------- Invoking toplevel() on ptolemy.moml.MoMLSimpleApplication@9f29b19
----------------- Done invoking toplevel() on ptolemy.moml.MoMLSimpleApplication@9f29b19
reloadAllAccessors: .CommDistDiscard

===========================================================================================
----------------- testing Mon Oct 28 06:13:05 UTC 2019 /home/travis/build/icyphy/ptII/ptolemy/actor/lib/test/auto/Commutator.xml
----------------- Instantiating /home/travis/build/icyphy/ptII/ptolemy/actor/lib/test/auto/Commutator.xml
2 ms. Memory: 431104K Free: 213635K (50%)
----------------- Invoking toplevel() on ptolemy.moml.MoMLSimpleApplication@650467e0
----------------- Done invoking toplevel() on ptolemy.moml.MoMLSimpleApplication@650467e0
reloadAllAccessors: .Commutator

===========================================================================================
----------------- testing Mon Oct 28 06:13:05 UTC 2019 /home/travis/build/icyphy/ptII/ptolemy/actor/lib/test/auto/Commutator2.xml
----------------- Instantiating /home/travis/build/icyphy/ptII/ptolemy/actor/lib/test/auto/Commutator2.xml
3 ms. Memory: 431104K Free: 209539K (49%)
----------------- Invoking toplevel() on ptolemy.moml.MoMLSimpleApplication@7b7ec26e
----------------- Done invoking toplevel() on ptolemy.moml.MoMLSimpleApplication@7b7ec26e
reloadAllAccessors: .Commutator2

===========================================================================================
----------------- testing Mon Oct 28 06:13:05 UTC 2019 /home/travis/build/icyphy/ptII/ptolemy/actor/lib/test/auto/Commutator3.xml
----------------- Instantiating /home/travis/build/icyphy/ptII/ptolemy/actor/lib/test/auto/Commutator3.xml
1 ms. Memory: 431104K Free: 204929K (48%)
----------------- Invoking toplevel() on ptolemy.moml.MoMLSimpleApplication@4b1b69db
----------------- Done invoking toplevel() on ptolemy.moml.MoMLSimpleApplication@4b1b69db
reloadAllAccessors: .Commutator3

===========================================================================================
----------------- testing Mon Oct 28 06:13:05 UTC 2019 /home/travis/build/icyphy/ptII/ptolemy/actor/lib/test/auto/Compare.xml
----------------- Instantiating /home/travis/build/icyphy/ptII/ptolemy/actor/lib/test/auto/Compare.xml
2 ms. Memory: 431104K Free: 198275K (46%)
----------------- Invoking toplevel() on ptolemy.moml.MoMLSimpleApplication@318d8944
----------------- Done invoking toplevel() on ptolemy.moml.MoMLSimpleApplication@318d8944
reloadAllAccessors: .Compare

===========================================================================================
----------------- testing Mon Oct 28 06:13:05 UTC 2019 /home/travis/build/icyphy/ptII/ptolemy/actor/lib/test/auto/CompareDE.xml
----------------- Instantiating /home/travis/build/icyphy/ptII/ptolemy/actor/lib/test/auto/CompareDE.xml
3 ms. Memory: 431104K Free: 191603K (44%)
----------------- Invoking toplevel() on ptolemy.moml.MoMLSimpleApplication@592bd39c
----------------- Done invoking toplevel() on ptolemy.moml.MoMLSimpleApplication@592bd39c
reloadAllAccessors: .CompareDE

===========================================================================================
----------------- testing Mon Oct 28 06:13:05 UTC 2019 /home/travis/build/icyphy/ptII/ptolemy/actor/lib/test/auto/ComplexDivide.xml
----------------- Instantiating /home/travis/build/icyphy/ptII/ptolemy/actor/lib/test/auto/ComplexDivide.xml
2 ms. Memory: 431104K Free: 187521K (43%)
----------------- Invoking toplevel() on ptolemy.moml.MoMLSimpleApplication@15fbf13d
----------------- Done invoking toplevel() on ptolemy.moml.MoMLSimpleApplication@15fbf13d
reloadAllAccessors: .ComplexDivide

===========================================================================================
----------------- testing Mon Oct 28 06:13:05 UTC 2019 /home/travis/build/icyphy/ptII/ptolemy/actor/lib/test/auto/ComputeHistogram.xml
----------------- Instantiating /home/travis/build/icyphy/ptII/ptolemy/actor/lib/test/auto/ComputeHistogram.xml
40 ms. Memory: 431104K Free: 174723K (41%)
----------------- Invoking toplevel() on ptolemy.moml.MoMLSimpleApplication@7a3d2e3b
----------------- Done invoking toplevel() on ptolemy.moml.MoMLSimpleApplication@7a3d2e3b
reloadAllAccessors: .ComputeHistogram

===========================================================================================
----------------- testing Mon Oct 28 06:13:05 UTC 2019 /home/travis/build/icyphy/ptII/ptolemy/actor/lib/test/auto/ConfigurationSelect.xml
----------------- Instantiating /home/travis/build/icyphy/ptII/ptolemy/actor/lib/test/auto/ConfigurationSelect.xml
9 ms. Memory: 431104K Free: 169603K (39%)
----------------- Invoking toplevel() on ptolemy.moml.MoMLSimpleApplication@44c4d3b9
----------------- Done invoking toplevel() on ptolemy.moml.MoMLSimpleApplication@44c4d3b9
reloadAllAccessors: .ConfigurationSelect

===========================================================================================
----------------- testing Mon Oct 28 06:13:05 UTC 2019 /home/travis/build/icyphy/ptII/ptolemy/actor/lib/test/auto/ConfigurationSelect2.xml
----------------- Instantiating /home/travis/build/icyphy/ptII/ptolemy/actor/lib/test/auto/ConfigurationSelect2.xml
1 ms. Memory: 431104K Free: 164993K (38%)
----------------- Invoking toplevel() on ptolemy.moml.MoMLSimpleApplication@1396b8b
----------------- Done invoking toplevel() on ptolemy.moml.MoMLSimpleApplication@1396b8b
reloadAllAccessors: .ConfigurationSelect2

===========================================================================================
----------------- testing Mon Oct 28 06:13:05 UTC 2019 /home/travis/build/icyphy/ptII/ptolemy/actor/lib/test/auto/ConfigurationSwitch.xml
----------------- Instantiating /home/travis/build/icyphy/ptII/ptolemy/actor/lib/test/auto/ConfigurationSwitch.xml
2 ms. Memory: 431104K Free: 159873K (37%)
----------------- Invoking toplevel() on ptolemy.moml.MoMLSimpleApplication@5bf6de03
----------------- Done invoking toplevel() on ptolemy.moml.MoMLSimpleApplication@5bf6de03
reloadAllAccessors: .ConfigurationSwitch

===========================================================================================
----------------- testing Mon Oct 28 06:13:05 UTC 2019 /home/travis/build/icyphy/ptII/ptolemy/actor/lib/test/auto/ConfigurationSwitch2.xml
----------------- Instantiating /home/travis/build/icyphy/ptII/ptolemy/actor/lib/test/auto/ConfigurationSwitch2.xml
4 ms. Memory: 431104K Free: 154243K (36%)
----------------- Invoking toplevel() on ptolemy.moml.MoMLSimpleApplication@67f36598
----------------- Done invoking toplevel() on ptolemy.moml.MoMLSimpleApplication@67f36598
reloadAllAccessors: .ConfigurationSwitch2

===========================================================================================
----------------- testing Mon Oct 28 06:13:05 UTC 2019 /home/travis/build/icyphy/ptII/ptolemy/actor/lib/test/auto/ConfigurationSwitchCloningBugWithClassRelationGroup.xml
----------------- Instantiating /home/travis/build/icyphy/ptII/ptolemy/actor/lib/test/auto/ConfigurationSwitchCloningBugWithClassRelationGroup.xml
1 ms. Memory: 431104K Free: 376418K (87%)
----------------- Invoking toplevel() on ptolemy.moml.MoMLSimpleApplication@3ec475e7
----------------- Done invoking toplevel() on ptolemy.moml.MoMLSimpleApplication@3ec475e7
reloadAllAccessors: .ConfigurationSwitchCloningBugWithClassRelationGroup

===========================================================================================
----------------- testing Mon Oct 28 06:13:05 UTC 2019 /home/travis/build/icyphy/ptII/ptolemy/actor/lib/test/auto/ConfigurationSwitchSelectSDF.xml
----------------- Instantiating /home/travis/build/icyphy/ptII/ptolemy/actor/lib/test/auto/ConfigurationSwitchSelectSDF.xml
5 ms. Memory: 431104K Free: 371298K (86%)
----------------- Invoking toplevel() on ptolemy.moml.MoMLSimpleApplication@1fc1f8eb
----------------- Done invoking toplevel() on ptolemy.moml.MoMLSimpleApplication@1fc1f8eb
reloadAllAccessors: .ConfigurationSwitchSelectSDF

===========================================================================================
----------------- testing Mon Oct 28 06:13:05 UTC 2019 /home/travis/build/icyphy/ptII/ptolemy/actor/lib/test/auto/ConfigurationSwitchSelectSDF2.xml
----------------- Instantiating /home/travis/build/icyphy/ptII/ptolemy/actor/lib/test/auto/ConfigurationSwitchSelectSDF2.xml
3 ms. Memory: 431104K Free: 365154K (85%)
----------------- Invoking toplevel() on ptolemy.moml.MoMLSimpleApplication@2a2344a0
----------------- Done invoking toplevel() on ptolemy.moml.MoMLSimpleApplication@2a2344a0
reloadAllAccessors: .ConfigurationSwitchSelectSDF2

===========================================================================================
----------------- testing Mon Oct 28 06:13:05 UTC 2019 /home/travis/build/icyphy/ptII/ptolemy/actor/lib/test/auto/Const.xml
----------------- Instantiating /home/travis/build/icyphy/ptII/ptolemy/actor/lib/test/auto/Const.xml
1 ms. Memory: 431104K Free: 361568K (84%)
----------------- Invoking toplevel() on ptolemy.moml.MoMLSimpleApplication@57563ae9
----------------- Done invoking toplevel() on ptolemy.moml.MoMLSimpleApplication@57563ae9
reloadAllAccessors: .Const

===========================================================================================
----------------- testing Mon Oct 28 06:13:05 UTC 2019 /home/travis/build/icyphy/ptII/ptolemy/actor/lib/test/auto/Const2.xml
----------------- Instantiating /home/travis/build/icyphy/ptII/ptolemy/actor/lib/test/auto/Const2.xml
2 ms. Memory: 431104K Free: 357986K (83%)
----------------- Invoking toplevel() on ptolemy.moml.MoMLSimpleApplication@7b4f5412
----------------- Done invoking toplevel() on ptolemy.moml.MoMLSimpleApplication@7b4f5412
reloadAllAccessors: .Const2

===========================================================================================
----------------- testing Mon Oct 28 06:13:05 UTC 2019 /home/travis/build/icyphy/ptII/ptolemy/actor/lib/test/auto/Const3.xml
----------------- Instantiating /home/travis/build/icyphy/ptII/ptolemy/actor/lib/test/auto/Const3.xml
1 ms. Memory: 431104K Free: 354914K (82%)
----------------- Invoking toplevel() on ptolemy.moml.MoMLSimpleApplication@53eeba6c
----------------- Done invoking toplevel() on ptolemy.moml.MoMLSimpleApplication@53eeba6c
reloadAllAccessors: .Const3

===========================================================================================
----------------- testing Mon Oct 28 06:13:05 UTC 2019 /home/travis/build/icyphy/ptII/ptolemy/actor/lib/test/auto/ConstantPublisherPort1.xml
----------------- Instantiating /home/travis/build/icyphy/ptII/ptolemy/actor/lib/test/auto/ConstantPublisherPort1.xml
6 ms. Memory: 431104K Free: 346722K (80%)
----------------- Invoking toplevel() on ptolemy.moml.MoMLSimpleApplication@669651e0
----------------- Done invoking toplevel() on ptolemy.moml.MoMLSimpleApplication@669651e0
reloadAllAccessors: .ConstantPublisherPort1

===========================================================================================
----------------- testing Mon Oct 28 06:13:05 UTC 2019 /home/travis/build/icyphy/ptII/ptolemy/actor/lib/test/auto/ConstantPublisherPort2.xml
----------------- Instantiating /home/travis/build/icyphy/ptII/ptolemy/actor/lib/test/auto/ConstantPublisherPort2.xml
9 ms. Memory: 431104K Free: 339040K (79%)
----------------- Invoking toplevel() on ptolemy.moml.MoMLSimpleApplication@55d93bdf
----------------- Done invoking toplevel() on ptolemy.moml.MoMLSimpleApplication@55d93bdf
reloadAllAccessors: .ConstantPublisherPort2

===========================================================================================
----------------- testing Mon Oct 28 06:13:05 UTC 2019 /home/travis/build/icyphy/ptII/ptolemy/actor/lib/test/auto/ConstantPublisherPort3.xml
----------------- Instantiating /home/travis/build/icyphy/ptII/ptolemy/actor/lib/test/auto/ConstantPublisherPort3.xml
6 ms. Memory: 431104K Free: 331362K (77%)
----------------- Invoking toplevel() on ptolemy.moml.MoMLSimpleApplication@5e234151
----------------- Done invoking toplevel() on ptolemy.moml.MoMLSimpleApplication@5e234151
reloadAllAccessors: .ConstantPublisherPort3

===========================================================================================
----------------- testing Mon Oct 28 06:13:05 UTC 2019 /home/travis/build/icyphy/ptII/ptolemy/actor/lib/test/auto/ConstantPublisherPort4.xml
----------------- Instantiating /home/travis/build/icyphy/ptII/ptolemy/actor/lib/test/auto/ConstantPublisherPort4.xml
3 ms. Memory: 431104K Free: 324704K (75%)
----------------- Invoking toplevel() on ptolemy.moml.MoMLSimpleApplication@5098139d
----------------- Done invoking toplevel() on ptolemy.moml.MoMLSimpleApplication@5098139d
reloadAllAccessors: .ConstantPublisherPort4

===========================================================================================
----------------- testing Mon Oct 28 06:13:05 UTC 2019 /home/travis/build/icyphy/ptII/ptolemy/actor/lib/test/auto/ConstantPublisherPort5.xml
----------------- Instantiating /home/travis/build/icyphy/ptII/ptolemy/actor/lib/test/auto/ConstantPublisherPort5.xml
31 ms. Memory: 431104K Free: 314978K (73%)
----------------- Invoking toplevel() on ptolemy.moml.MoMLSimpleApplication@5a0a8e93
----------------- Done invoking toplevel() on ptolemy.moml.MoMLSimpleApplication@5a0a8e93
reloadAllAccessors: .ConstantPublisherPort5

===========================================================================================
----------------- testing Mon Oct 28 06:13:05 UTC 2019 /home/travis/build/icyphy/ptII/ptolemy/actor/lib/test/auto/ConstantPublisherPort6.xml
----------------- Instantiating /home/travis/build/icyphy/ptII/ptolemy/actor/lib/test/auto/ConstantPublisherPort6.xml
11 ms. Memory: 431104K Free: 305762K (71%)
----------------- Invoking toplevel() on ptolemy.moml.MoMLSimpleApplication@21432d12
----------------- Done invoking toplevel() on ptolemy.moml.MoMLSimpleApplication@21432d12
reloadAllAccessors: .ConstantPublisherPort6

===========================================================================================
----------------- testing Mon Oct 28 06:13:05 UTC 2019 /home/travis/build/icyphy/ptII/ptolemy/actor/lib/test/auto/ConstantPublisherPort7.xml
----------------- Instantiating /home/travis/build/icyphy/ptII/ptolemy/actor/lib/test/auto/ConstantPublisherPort7.xml
19 ms. Memory: 431104K Free: 297056K (69%)
----------------- Invoking toplevel() on ptolemy.moml.MoMLSimpleApplication@6e2270c2
----------------- Done invoking toplevel() on ptolemy.moml.MoMLSimpleApplication@6e2270c2
reloadAllAccessors: .ConstantPublisherPort7

===========================================================================================
----------------- testing Mon Oct 28 06:13:05 UTC 2019 /home/travis/build/icyphy/ptII/ptolemy/actor/lib/test/auto/ConstraintMonitor1.xml
----------------- Instantiating /home/travis/build/icyphy/ptII/ptolemy/actor/lib/test/auto/ConstraintMonitor1.xml
5 ms. Memory: 431104K Free: 291936K (68%)
----------------- Invoking toplevel() on ptolemy.moml.MoMLSimpleApplication@9ba5e
----------------- Done invoking toplevel() on ptolemy.moml.MoMLSimpleApplication@9ba5e
reloadAllAccessors: .ConstraintMonitor1

===========================================================================================
----------------- testing Mon Oct 28 06:13:05 UTC 2019 /home/travis/build/icyphy/ptII/ptolemy/actor/lib/test/auto/ConstraintMonitor2.xml
----------------- Instantiating /home/travis/build/icyphy/ptII/ptolemy/actor/lib/test/auto/ConstraintMonitor2.xml
5 ms. Memory: 431104K Free: 287330K (67%)
----------------- Invoking toplevel() on ptolemy.moml.MoMLSimpleApplication@30718676
----------------- Done invoking toplevel() on ptolemy.moml.MoMLSimpleApplication@30718676
reloadAllAccessors: .ConstraintMonitor2

===========================================================================================
----------------- testing Mon Oct 28 06:13:05 UTC 2019 /home/travis/build/icyphy/ptII/ptolemy/actor/lib/test/auto/ConstraintMonitor3.xml
----------------- Instantiating /home/travis/build/icyphy/ptII/ptolemy/actor/lib/test/auto/ConstraintMonitor3.xml
5 ms. Memory: 431104K Free: 282720K (66%)
----------------- Invoking toplevel() on ptolemy.moml.MoMLSimpleApplication@2461bd6f
----------------- Done invoking toplevel() on ptolemy.moml.MoMLSimpleApplication@2461bd6f
reloadAllAccessors: .ConstraintMonitor3

===========================================================================================
----------------- testing Mon Oct 28 06:13:05 UTC 2019 /home/travis/build/icyphy/ptII/ptolemy/actor/lib/test/auto/ConstraintMonitor4.xml
----------------- Instantiating /home/travis/build/icyphy/ptII/ptolemy/actor/lib/test/auto/ConstraintMonitor4.xml
4 ms. Memory: 431104K Free: 277600K (64%)
----------------- Invoking toplevel() on ptolemy.moml.MoMLSimpleApplication@49703071
----------------- Done invoking toplevel() on ptolemy.moml.MoMLSimpleApplication@49703071
reloadAllAccessors: .ConstraintMonitor4

===========================================================================================
----------------- testing Mon Oct 28 06:13:05 UTC 2019 /home/travis/build/icyphy/ptII/ptolemy/actor/lib/test/auto/ConstraintMonitor5.xml
----------------- Instantiating /home/travis/build/icyphy/ptII/ptolemy/actor/lib/test/auto/ConstraintMonitor5.xml
1 ms. Memory: 431104K Free: 272480K (63%)
----------------- Invoking toplevel() on ptolemy.moml.MoMLSimpleApplication@49bd3ed9
----------------- Done invoking toplevel() on ptolemy.moml.MoMLSimpleApplication@49bd3ed9
reloadAllAccessors: .ConstraintMonitor5

===========================================================================================
----------------- testing Mon Oct 28 06:13:05 UTC 2019 /home/travis/build/icyphy/ptII/ptolemy/actor/lib/test/auto/ConstraintMonitor6.xml
----------------- Instantiating /home/travis/build/icyphy/ptII/ptolemy/actor/lib/test/auto/ConstraintMonitor6.xml
6 ms. Memory: 431104K Free: 266850K (62%)
----------------- Invoking toplevel() on ptolemy.moml.MoMLSimpleApplication@220a9ce7
----------------- Done invoking toplevel() on ptolemy.moml.MoMLSimpleApplication@220a9ce7
reloadAllAccessors: .ConstraintMonitor6

===========================================================================================
----------------- testing Mon Oct 28 06:13:06 UTC 2019 /home/travis/build/icyphy/ptII/ptolemy/actor/lib/test/auto/ConstraintMonitor7.xml
----------------- Instantiating /home/travis/build/icyphy/ptII/ptolemy/actor/lib/test/auto/ConstraintMonitor7.xml
3 ms. Memory: 431104K Free: 260706K (60%)
----------------- Invoking toplevel() on ptolemy.moml.MoMLSimpleApplication@7ee8cca7
----------------- Done invoking toplevel() on ptolemy.moml.MoMLSimpleApplication@7ee8cca7
reloadAllAccessors: .ConstraintMonitor7

===========================================================================================
----------------- testing Mon Oct 28 06:13:06 UTC 2019 /home/travis/build/icyphy/ptII/ptolemy/actor/lib/test/auto/ConstraintMonitor8.xml
----------------- Instantiating /home/travis/build/icyphy/ptII/ptolemy/actor/lib/test/auto/ConstraintMonitor8.xml
3 ms. Memory: 431104K Free: 253018K (59%)
----------------- Invoking toplevel() on ptolemy.moml.MoMLSimpleApplication@510b52c7
----------------- Done invoking toplevel() on ptolemy.moml.MoMLSimpleApplication@510b52c7
reloadAllAccessors: .ConstraintMonitor8

===========================================================================================
----------------- testing Mon Oct 28 06:13:06 UTC 2019 /home/travis/build/icyphy/ptII/ptolemy/actor/lib/test/auto/Counter.xml
----------------- Instantiating /home/travis/build/icyphy/ptII/ptolemy/actor/lib/test/auto/Counter.xml
3 ms. Memory: 431104K Free: 247904K (58%)
----------------- Invoking toplevel() on ptolemy.moml.MoMLSimpleApplication@1d54dba9
----------------- Done invoking toplevel() on ptolemy.moml.MoMLSimpleApplication@1d54dba9
reloadAllAccessors: .Counter

===========================================================================================
----------------- testing Mon Oct 28 06:13:06 UTC 2019 /home/travis/build/icyphy/ptII/ptolemy/actor/lib/test/auto/CurrentTimeSDF.xml
----------------- Instantiating /home/travis/build/icyphy/ptII/ptolemy/actor/lib/test/auto/CurrentTimeSDF.xml
2 ms. Memory: 431104K Free: 244322K (57%)
----------------- Invoking toplevel() on ptolemy.moml.MoMLSimpleApplication@5d794c02
----------------- Done invoking toplevel() on ptolemy.moml.MoMLSimpleApplication@5d794c02
reloadAllAccessors: .CurrentTimeSDF

===========================================================================================
----------------- testing Mon Oct 28 06:13:06 UTC 2019 /home/travis/build/icyphy/ptII/ptolemy/actor/lib/test/auto/DB.xml
----------------- Instantiating /home/travis/build/icyphy/ptII/ptolemy/actor/lib/test/auto/DB.xml
1 ms. Memory: 431104K Free: 238688K (55%)
----------------- Invoking toplevel() on ptolemy.moml.MoMLSimpleApplication@7a64a050
----------------- Done invoking toplevel() on ptolemy.moml.MoMLSimpleApplication@7a64a050
reloadAllAccessors: .DB

===========================================================================================
----------------- testing Mon Oct 28 06:13:06 UTC 2019 /home/travis/build/icyphy/ptII/ptolemy/actor/lib/test/auto/DBDE.xml
----------------- Instantiating /home/travis/build/icyphy/ptII/ptolemy/actor/lib/test/auto/DBDE.xml
2 ms. Memory: 431104K Free: 232538K (54%)
----------------- Invoking toplevel() on ptolemy.moml.MoMLSimpleApplication@5dcd03bc
----------------- Done invoking toplevel() on ptolemy.moml.MoMLSimpleApplication@5dcd03bc
reloadAllAccessors: .DBDE

===========================================================================================
----------------- testing Mon Oct 28 06:13:06 UTC 2019 /home/travis/build/icyphy/ptII/ptolemy/actor/lib/test/auto/DateConstructor.xml
----------------- Instantiating /home/travis/build/icyphy/ptII/ptolemy/actor/lib/test/auto/DateConstructor.xml
30 ms. Memory: 431104K Free: 215136K (50%)
----------------- Invoking toplevel() on ptolemy.moml.MoMLSimpleApplication@76e463ec
----------------- Done invoking toplevel() on ptolemy.moml.MoMLSimpleApplication@76e463ec
reloadAllAccessors: .DateConstructor

===========================================================================================
----------------- testing Mon Oct 28 06:13:06 UTC 2019 /home/travis/build/icyphy/ptII/ptolemy/actor/lib/test/auto/DelayTime.xml
----------------- Instantiating /home/travis/build/icyphy/ptII/ptolemy/actor/lib/test/auto/DelayTime.xml
4 ms. Memory: 431104K Free: 210016K (49%)
----------------- Invoking toplevel() on ptolemy.moml.MoMLSimpleApplication@3ec7c178
----------------- Done invoking toplevel() on ptolemy.moml.MoMLSimpleApplication@3ec7c178
reloadAllAccessors: .DelayTime

===========================================================================================
----------------- testing Mon Oct 28 06:13:06 UTC 2019 /home/travis/build/icyphy/ptII/ptolemy/actor/lib/test/auto/Dictionary1.xml
----------------- Instantiating /home/travis/build/icyphy/ptII/ptolemy/actor/lib/test/auto/Dictionary1.xml
1 ms. Memory: 431104K Free: 204386K (47%)
----------------- Invoking toplevel() on ptolemy.moml.MoMLSimpleApplication@38942751
----------------- Done invoking toplevel() on ptolemy.moml.MoMLSimpleApplication@38942751
reloadAllAccessors: .Dictionary1

===========================================================================================
----------------- testing Mon Oct 28 06:13:06 UTC 2019 /home/travis/build/icyphy/ptII/ptolemy/actor/lib/test/auto/Dictionary2.xml
----------------- Instantiating /home/travis/build/icyphy/ptII/ptolemy/actor/lib/test/auto/Dictionary2.xml
2 ms. Memory: 431104K Free: 199266K (46%)
----------------- Invoking toplevel() on ptolemy.moml.MoMLSimpleApplication@67aa18a9
----------------- Done invoking toplevel() on ptolemy.moml.MoMLSimpleApplication@67aa18a9
reloadAllAccessors: .Dictionary2

===========================================================================================
----------------- testing Mon Oct 28 06:13:06 UTC 2019 /home/travis/build/icyphy/ptII/ptolemy/actor/lib/test/auto/Dictionary3.xml
----------------- Instantiating /home/travis/build/icyphy/ptII/ptolemy/actor/lib/test/auto/Dictionary3.xml
2 ms. Memory: 431104K Free: 193632K (45%)
----------------- Invoking toplevel() on ptolemy.moml.MoMLSimpleApplication@1b2769bc
----------------- Done invoking toplevel() on ptolemy.moml.MoMLSimpleApplication@1b2769bc
reloadAllAccessors: .Dictionary3

===========================================================================================
----------------- testing Mon Oct 28 06:13:06 UTC 2019 /home/travis/build/icyphy/ptII/ptolemy/actor/lib/test/auto/Dictionary4.xml
----------------- Instantiating /home/travis/build/icyphy/ptII/ptolemy/actor/lib/test/auto/Dictionary4.xml
6 ms. Memory: 431104K Free: 186458K (43%)
----------------- Invoking toplevel() on ptolemy.moml.MoMLSimpleApplication@1b0a8924
----------------- Done invoking toplevel() on ptolemy.moml.MoMLSimpleApplication@1b0a8924
reloadAllAccessors: .Dictionary4

===========================================================================================
----------------- testing Mon Oct 28 06:13:06 UTC 2019 /home/travis/build/icyphy/ptII/ptolemy/actor/lib/test/auto/Differential.xml
----------------- Instantiating /home/travis/build/icyphy/ptII/ptolemy/actor/lib/test/auto/Differential.xml
3 ms. Memory: 431104K Free: 181858K (42%)
----------------- Invoking toplevel() on ptolemy.moml.MoMLSimpleApplication@39a0719a
----------------- Done invoking toplevel() on ptolemy.moml.MoMLSimpleApplication@39a0719a
reloadAllAccessors: .Differential

===========================================================================================
----------------- testing Mon Oct 28 06:13:06 UTC 2019 /home/travis/build/icyphy/ptII/ptolemy/actor/lib/test/auto/Director.xml
----------------- Instantiating /home/travis/build/icyphy/ptII/ptolemy/actor/lib/test/auto/Director.xml
4 ms. Memory: 431104K Free: 178786K (41%)
----------------- Invoking toplevel() on ptolemy.moml.MoMLSimpleApplication@5ee57045
----------------- Done invoking toplevel() on ptolemy.moml.MoMLSimpleApplication@5ee57045
reloadAllAccessors: .Director

===========================================================================================
----------------- testing Mon Oct 28 06:13:06 UTC 2019 /home/travis/build/icyphy/ptII/ptolemy/actor/lib/test/auto/DiscreteClock.xml
----------------- Instantiating /home/travis/build/icyphy/ptII/ptolemy/actor/lib/test/auto/DiscreteClock.xml
2 ms. Memory: 431104K Free: 174690K (41%)
----------------- Invoking toplevel() on ptolemy.moml.MoMLSimpleApplication@79ff4999
----------------- Done invoking toplevel() on ptolemy.moml.MoMLSimpleApplication@79ff4999
reloadAllAccessors: .DiscreteClock

===========================================================================================
----------------- testing Mon Oct 28 06:13:06 UTC 2019 /home/travis/build/icyphy/ptII/ptolemy/actor/lib/test/auto/DiscreteClock10.xml
----------------- Instantiating /home/travis/build/icyphy/ptII/ptolemy/actor/lib/test/auto/DiscreteClock10.xml
2 ms. Memory: 431104K Free: 168546K (39%)
----------------- Invoking toplevel() on ptolemy.moml.MoMLSimpleApplication@34e26c98
----------------- Done invoking toplevel() on ptolemy.moml.MoMLSimpleApplication@34e26c98
reloadAllAccessors: .DiscreteClock10

===========================================================================================
----------------- testing Mon Oct 28 06:13:06 UTC 2019 /home/travis/build/icyphy/ptII/ptolemy/actor/lib/test/auto/DiscreteClock11.xml
----------------- Instantiating /home/travis/build/icyphy/ptII/ptolemy/actor/lib/test/auto/DiscreteClock11.xml
2 ms. Memory: 431104K Free: 162912K (38%)
----------------- Invoking toplevel() on ptolemy.moml.MoMLSimpleApplication@755a4a89
----------------- Done invoking toplevel() on ptolemy.moml.MoMLSimpleApplication@755a4a89
reloadAllAccessors: .DiscreteClock11

===========================================================================================
----------------- testing Mon Oct 28 06:13:06 UTC 2019 /home/travis/build/icyphy/ptII/ptolemy/actor/lib/test/auto/DiscreteClock12.xml
----------------- Instantiating /home/travis/build/icyphy/ptII/ptolemy/actor/lib/test/auto/DiscreteClock12.xml
3 ms. Memory: 431104K Free: 156768K (36%)
----------------- Invoking toplevel() on ptolemy.moml.MoMLSimpleApplication@359198ba
----------------- Done invoking toplevel() on ptolemy.moml.MoMLSimpleApplication@359198ba
reloadAllAccessors: .DiscreteClock12

===========================================================================================
----------------- testing Mon Oct 28 06:13:06 UTC 2019 /home/travis/build/icyphy/ptII/ptolemy/actor/lib/test/auto/DiscreteClock13.xml
----------------- Instantiating /home/travis/build/icyphy/ptII/ptolemy/actor/lib/test/auto/DiscreteClock13.xml
5 ms. Memory: 431104K Free: 150594K (35%)
----------------- Invoking toplevel() on ptolemy.moml.MoMLSimpleApplication@5e0ec80f
----------------- Done invoking toplevel() on ptolemy.moml.MoMLSimpleApplication@5e0ec80f
reloadAllAccessors: .DiscreteClock13

===========================================================================================
----------------- testing Mon Oct 28 06:13:06 UTC 2019 /home/travis/build/icyphy/ptII/ptolemy/actor/lib/test/auto/DiscreteClock14.xml
----------------- Instantiating /home/travis/build/icyphy/ptII/ptolemy/actor/lib/test/auto/DiscreteClock14.xml
8 ms. Memory: 431104K Free: 144474K (34%)
----------------- Invoking toplevel() on ptolemy.moml.MoMLSimpleApplication@76730c63
----------------- Done invoking toplevel() on ptolemy.moml.MoMLSimpleApplication@76730c63
reloadAllAccessors: .DiscreteClock14

===========================================================================================
----------------- testing Mon Oct 28 06:13:06 UTC 2019 /home/travis/build/icyphy/ptII/ptolemy/actor/lib/test/auto/DiscreteClock15.xml
----------------- Instantiating /home/travis/build/icyphy/ptII/ptolemy/actor/lib/test/auto/DiscreteClock15.xml
5 ms. Memory: 431104K Free: 138850K (32%)
----------------- Invoking toplevel() on ptolemy.moml.MoMLSimpleApplication@6ced868c
----------------- Done invoking toplevel() on ptolemy.moml.MoMLSimpleApplication@6ced868c
reloadAllAccessors: .DiscreteClock15

===========================================================================================
----------------- testing Mon Oct 28 06:13:06 UTC 2019 /home/travis/build/icyphy/ptII/ptolemy/actor/lib/test/auto/DiscreteClock16.xml
----------------- Instantiating /home/travis/build/icyphy/ptII/ptolemy/actor/lib/test/auto/DiscreteClock16.xml
20 ms. Memory: 431104K Free: 379371K (88%)
----------------- Invoking toplevel() on ptolemy.moml.MoMLSimpleApplication@1dd73fdd
----------------- Done invoking toplevel() on ptolemy.moml.MoMLSimpleApplication@1dd73fdd
reloadAllAccessors: .DiscreteClock16

===========================================================================================
----------------- testing Mon Oct 28 06:13:06 UTC 2019 /home/travis/build/icyphy/ptII/ptolemy/actor/lib/test/auto/DiscreteClock17.xml
----------------- Instantiating /home/travis/build/icyphy/ptII/ptolemy/actor/lib/test/auto/DiscreteClock17.xml
14 ms. Memory: 431104K Free: 365049K (85%)
----------------- Invoking toplevel() on ptolemy.moml.MoMLSimpleApplication@bb3d261
----------------- Done invoking toplevel() on ptolemy.moml.MoMLSimpleApplication@bb3d261
reloadAllAccessors: .DiscreteClock17

===========================================================================================
----------------- testing Mon Oct 28 06:13:06 UTC 2019 /home/travis/build/icyphy/ptII/ptolemy/actor/lib/test/auto/DiscreteClock18.xml
----------------- Instantiating /home/travis/build/icyphy/ptII/ptolemy/actor/lib/test/auto/DiscreteClock18.xml
10 ms. Memory: 431104K Free: 350683K (81%)
----------------- Invoking toplevel() on ptolemy.moml.MoMLSimpleApplication@7c51dce8
----------------- Done invoking toplevel() on ptolemy.moml.MoMLSimpleApplication@7c51dce8
reloadAllAccessors: .DiscreteClock18

===========================================================================================
----------------- testing Mon Oct 28 06:13:06 UTC 2019 /home/travis/build/icyphy/ptII/ptolemy/actor/lib/test/auto/DiscreteClock19.xml
----------------- Instantiating /home/travis/build/icyphy/ptII/ptolemy/actor/lib/test/auto/DiscreteClock19.xml
20 ms. Memory: 431104K Free: 336891K (78%)
----------------- Invoking toplevel() on ptolemy.moml.MoMLSimpleApplication@763b9e80
----------------- Done invoking toplevel() on ptolemy.moml.MoMLSimpleApplication@763b9e80
reloadAllAccessors: .DiscreteClock19

===========================================================================================
----------------- testing Mon Oct 28 06:13:06 UTC 2019 /home/travis/build/icyphy/ptII/ptolemy/actor/lib/test/auto/DiscreteClock2.xml
----------------- Instantiating /home/travis/build/icyphy/ptII/ptolemy/actor/lib/test/auto/DiscreteClock2.xml
3 ms. Memory: 431104K Free: 331771K (77%)
----------------- Invoking toplevel() on ptolemy.moml.MoMLSimpleApplication@28fa6c39
----------------- Done invoking toplevel() on ptolemy.moml.MoMLSimpleApplication@28fa6c39
reloadAllAccessors: .DiscreteClock2

===========================================================================================
----------------- testing Mon Oct 28 06:13:06 UTC 2019 /home/travis/build/icyphy/ptII/ptolemy/actor/lib/test/auto/DiscreteClock20.xml
----------------- Instantiating /home/travis/build/icyphy/ptII/ptolemy/actor/lib/test/auto/DiscreteClock20.xml
8 ms. Memory: 431104K Free: 326651K (76%)
----------------- Invoking toplevel() on ptolemy.moml.MoMLSimpleApplication@1c299df5
----------------- Done invoking toplevel() on ptolemy.moml.MoMLSimpleApplication@1c299df5
reloadAllAccessors: .DiscreteClock20

===========================================================================================
----------------- testing Mon Oct 28 06:13:06 UTC 2019 /home/travis/build/icyphy/ptII/ptolemy/actor/lib/test/auto/DiscreteClock21.xml
----------------- Instantiating /home/travis/build/icyphy/ptII/ptolemy/actor/lib/test/auto/DiscreteClock21.xml
5 ms. Memory: 431104K Free: 321017K (74%)
----------------- Invoking toplevel() on ptolemy.moml.MoMLSimpleApplication@393a50ea
----------------- Done invoking toplevel() on ptolemy.moml.MoMLSimpleApplication@393a50ea
reloadAllAccessors: .DiscreteClock21

===========================================================================================
----------------- testing Mon Oct 28 06:13:06 UTC 2019 /home/travis/build/icyphy/ptII/ptolemy/actor/lib/test/auto/DiscreteClock22.xml
----------------- Instantiating /home/travis/build/icyphy/ptII/ptolemy/actor/lib/test/auto/DiscreteClock22.xml
6 ms. Memory: 431104K Free: 315387K (73%)
----------------- Invoking toplevel() on ptolemy.moml.MoMLSimpleApplication@7e9c6770
----------------- Done invoking toplevel() on ptolemy.moml.MoMLSimpleApplication@7e9c6770
reloadAllAccessors: .DiscreteClock22

===========================================================================================
----------------- testing Mon Oct 28 06:13:06 UTC 2019 /home/travis/build/icyphy/ptII/ptolemy/actor/lib/test/auto/DiscreteClock23.xml
----------------- Instantiating /home/travis/build/icyphy/ptII/ptolemy/actor/lib/test/auto/DiscreteClock23.xml
10 ms. Memory: 431104K Free: 309753K (72%)
----------------- Invoking toplevel() on ptolemy.moml.MoMLSimpleApplication@319efdb7
----------------- Done invoking toplevel() on ptolemy.moml.MoMLSimpleApplication@319efdb7
reloadAllAccessors: .DiscreteClock23

===========================================================================================
----------------- testing Mon Oct 28 06:13:06 UTC 2019 /home/travis/build/icyphy/ptII/ptolemy/actor/lib/test/auto/DiscreteClock24.xml
----------------- Instantiating /home/travis/build/icyphy/ptII/ptolemy/actor/lib/test/auto/DiscreteClock24.xml
2 ms. Memory: 431104K Free: 304633K (71%)
----------------- Invoking toplevel() on ptolemy.moml.MoMLSimpleApplication@1f0cc784
----------------- Done invoking toplevel() on ptolemy.moml.MoMLSimpleApplication@1f0cc784
reloadAllAccessors: .DiscreteClock24

===========================================================================================
----------------- testing Mon Oct 28 06:13:06 UTC 2019 /home/travis/build/icyphy/ptII/ptolemy/actor/lib/test/auto/DiscreteClock4.xml
----------------- Instantiating /home/travis/build/icyphy/ptII/ptolemy/actor/lib/test/auto/DiscreteClock4.xml
6 ms. Memory: 431104K Free: 299003K (69%)
----------------- Invoking toplevel() on ptolemy.moml.MoMLSimpleApplication@6a3f436a
----------------- Done invoking toplevel() on ptolemy.moml.MoMLSimpleApplication@6a3f436a
reloadAllAccessors: .DiscreteClock4

===========================================================================================
----------------- testing Mon Oct 28 06:13:06 UTC 2019 /home/travis/build/icyphy/ptII/ptolemy/actor/lib/test/auto/DiscreteClock5.xml
----------------- Instantiating /home/travis/build/icyphy/ptII/ptolemy/actor/lib/test/auto/DiscreteClock5.xml
2 ms. Memory: 431104K Free: 293355K (68%)
----------------- Invoking toplevel() on ptolemy.moml.MoMLSimpleApplication@4a9b86ab
----------------- Done invoking toplevel() on ptolemy.moml.MoMLSimpleApplication@4a9b86ab
reloadAllAccessors: .DiscreteClock5

===========================================================================================
----------------- testing Mon Oct 28 06:13:06 UTC 2019 /home/travis/build/icyphy/ptII/ptolemy/actor/lib/test/auto/DiscreteClock6.xml
----------------- Instantiating /home/travis/build/icyphy/ptII/ptolemy/actor/lib/test/auto/DiscreteClock6.xml
2 ms. Memory: 431104K Free: 288763K (67%)
----------------- Invoking toplevel() on ptolemy.moml.MoMLSimpleApplication@30b7951c
----------------- Done invoking toplevel() on ptolemy.moml.MoMLSimpleApplication@30b7951c
reloadAllAccessors: .DiscreteClock6

===========================================================================================
----------------- testing Mon Oct 28 06:13:06 UTC 2019 /home/travis/build/icyphy/ptII/ptolemy/actor/lib/test/auto/DiscreteClock7.xml
----------------- Instantiating /home/travis/build/icyphy/ptII/ptolemy/actor/lib/test/auto/DiscreteClock7.xml
1 ms. Memory: 431104K Free: 284153K (66%)
----------------- Invoking toplevel() on ptolemy.moml.MoMLSimpleApplication@319b3584
----------------- Done invoking toplevel() on ptolemy.moml.MoMLSimpleApplication@319b3584
reloadAllAccessors: .DiscreteClock7

===========================================================================================
----------------- testing Mon Oct 28 06:13:06 UTC 2019 /home/travis/build/icyphy/ptII/ptolemy/actor/lib/test/auto/DiscreteClock8.xml
----------------- Instantiating /home/travis/build/icyphy/ptII/ptolemy/actor/lib/test/auto/DiscreteClock8.xml
5 ms. Memory: 431104K Free: 278523K (65%)
----------------- Invoking toplevel() on ptolemy.moml.MoMLSimpleApplication@28293708
----------------- Done invoking toplevel() on ptolemy.moml.MoMLSimpleApplication@28293708
reloadAllAccessors: .DiscreteClock8

===========================================================================================
----------------- testing Mon Oct 28 06:13:06 UTC 2019 /home/travis/build/icyphy/ptII/ptolemy/actor/lib/test/auto/DiscreteClock9.xml
----------------- Instantiating /home/travis/build/icyphy/ptII/ptolemy/actor/lib/test/auto/DiscreteClock9.xml
4 ms. Memory: 431104K Free: 272379K (63%)
----------------- Invoking toplevel() on ptolemy.moml.MoMLSimpleApplication@6977ee32
----------------- Done invoking toplevel() on ptolemy.moml.MoMLSimpleApplication@6977ee32
reloadAllAccessors: .DiscreteClock9

===========================================================================================
----------------- testing Mon Oct 28 06:13:06 UTC 2019 /home/travis/build/icyphy/ptII/ptolemy/actor/lib/test/auto/DisplayArray.xml
----------------- Instantiating /home/travis/build/icyphy/ptII/ptolemy/actor/lib/test/auto/DisplayArray.xml
3 ms. Memory: 431104K Free: 268793K (62%)
----------------- Invoking toplevel() on ptolemy.moml.MoMLSimpleApplication@6f537dc3
----------------- Done invoking toplevel() on ptolemy.moml.MoMLSimpleApplication@6f537dc3
reloadAllAccessors: .DisplayArray

===========================================================================================
----------------- testing Mon Oct 28 06:13:06 UTC 2019 /home/travis/build/icyphy/ptII/ptolemy/actor/lib/test/auto/Distributor.xml
----------------- Instantiating /home/travis/build/icyphy/ptII/ptolemy/actor/lib/test/auto/Distributor.xml
2 ms. Memory: 431104K Free: 264187K (61%)
----------------- Invoking toplevel() on ptolemy.moml.MoMLSimpleApplication@2e8300fe
----------------- Done invoking toplevel() on ptolemy.moml.MoMLSimpleApplication@2e8300fe
reloadAllAccessors: .Distributor

===========================================================================================
----------------- testing Mon Oct 28 06:13:07 UTC 2019 /home/travis/build/icyphy/ptII/ptolemy/actor/lib/test/auto/Distributor2.xml
----------------- Instantiating /home/travis/build/icyphy/ptII/ptolemy/actor/lib/test/auto/Distributor2.xml
1 ms. Memory: 431104K Free: 259067K (60%)
----------------- Invoking toplevel() on ptolemy.moml.MoMLSimpleApplication@1f3731f0
----------------- Done invoking toplevel() on ptolemy.moml.MoMLSimpleApplication@1f3731f0
reloadAllAccessors: .Distributor2

===========================================================================================
----------------- testing Mon Oct 28 06:13:07 UTC 2019 /home/travis/build/icyphy/ptII/ptolemy/actor/lib/test/auto/DownSample.xml
----------------- Instantiating /home/travis/build/icyphy/ptII/ptolemy/actor/lib/test/auto/DownSample.xml
2 ms. Memory: 431104K Free: 254457K (59%)
----------------- Invoking toplevel() on ptolemy.moml.MoMLSimpleApplication@482d47bf
----------------- Done invoking toplevel() on ptolemy.moml.MoMLSimpleApplication@482d47bf
reloadAllAccessors: .DownSample

===========================================================================================
----------------- testing Mon Oct 28 06:13:07 UTC 2019 /home/travis/build/icyphy/ptII/ptolemy/actor/lib/test/auto/ElectronicUnitBase1.xml
----------------- Instantiating /home/travis/build/icyphy/ptII/ptolemy/actor/lib/test/auto/ElectronicUnitBase1.xml
16 ms. Memory: 431104K Free: 238587K (55%)
----------------- Invoking toplevel() on ptolemy.moml.MoMLSimpleApplication@6d9c87bc
----------------- Done invoking toplevel() on ptolemy.moml.MoMLSimpleApplication@6d9c87bc
reloadAllAccessors: .ElectronicUnitBase1

===========================================================================================
----------------- testing Mon Oct 28 06:13:07 UTC 2019 /home/travis/build/icyphy/ptII/ptolemy/actor/lib/test/auto/ElementsToArray.xml
----------------- Instantiating /home/travis/build/icyphy/ptII/ptolemy/actor/lib/test/auto/ElementsToArray.xml
3 ms. Memory: 431104K Free: 233977K (54%)
----------------- Invoking toplevel() on ptolemy.moml.MoMLSimpleApplication@aacebac
----------------- Done invoking toplevel() on ptolemy.moml.MoMLSimpleApplication@aacebac
reloadAllAccessors: .ElementsToArray

===========================================================================================
----------------- testing Mon Oct 28 06:13:07 UTC 2019 /home/travis/build/icyphy/ptII/ptolemy/actor/lib/test/auto/Equals.xml
----------------- Instantiating /home/travis/build/icyphy/ptII/ptolemy/actor/lib/test/auto/Equals.xml
3 ms. Memory: 431104K Free: 229371K (53%)
----------------- Invoking toplevel() on ptolemy.moml.MoMLSimpleApplication@43492db8
----------------- Done invoking toplevel() on ptolemy.moml.MoMLSimpleApplication@43492db8
reloadAllAccessors: .Equals

===========================================================================================
----------------- testing Mon Oct 28 06:13:07 UTC 2019 /home/travis/build/icyphy/ptII/ptolemy/actor/lib/test/auto/Exec.xml
----------------- Instantiating /home/travis/build/icyphy/ptII/ptolemy/actor/lib/test/auto/Exec.xml
21 ms. Memory: 431104K Free: 223737K (52%)
----------------- Invoking toplevel() on ptolemy.moml.MoMLSimpleApplication@1af16a97
----------------- Done invoking toplevel() on ptolemy.moml.MoMLSimpleApplication@1af16a97
reloadAllAccessors: .Exec

===========================================================================================
----------------- testing Mon Oct 28 06:13:07 UTC 2019 /home/travis/build/icyphy/ptII/ptolemy/actor/lib/test/auto/ExecEnvironment.xml
----------------- Instantiating /home/travis/build/icyphy/ptII/ptolemy/actor/lib/test/auto/ExecEnvironment.xml
31 ms. Memory: 431104K Free: 218107K (51%)
----------------- Invoking toplevel() on ptolemy.moml.MoMLSimpleApplication@290c1efb
----------------- Done invoking toplevel() on ptolemy.moml.MoMLSimpleApplication@290c1efb
reloadAllAccessors: .ExecEnvironment

===========================================================================================
----------------- testing Mon Oct 28 06:13:07 UTC 2019 /home/travis/build/icyphy/ptII/ptolemy/actor/lib/test/auto/ExecNonZeroReturnOutput.xml
----------------- Instantiating /home/travis/build/icyphy/ptII/ptolemy/actor/lib/test/auto/ExecNonZeroReturnOutput.xml
195 ms. Memory: 431104K Free: 206843K (48%)
----------------- Invoking toplevel() on ptolemy.moml.MoMLSimpleApplication@dfea726
----------------- Done invoking toplevel() on ptolemy.moml.MoMLSimpleApplication@dfea726
reloadAllAccessors: .ExecNonZeroReturnOutput

===========================================================================================
----------------- testing Mon Oct 28 06:13:07 UTC 2019 /home/travis/build/icyphy/ptII/ptolemy/actor/lib/test/auto/ExecRunDemos.xml
----------------- Instantiating /home/travis/build/icyphy/ptII/ptolemy/actor/lib/test/auto/ExecRunDemos.xml
Finished: 106 ms. Memory: 120832K Free: 104199K (86%)

Finished: 91 ms. Memory: 120832K Free: 110939K (92%)

Finished: 111 ms. Memory: 120832K Free: 111041K (92%)

Finished: 133 ms. Memory: 120832K Free: 111297K (92%)

Finished: 70 ms. Memory: 120832K Free: 104298K (86%)

11474 ms. Memory: 431104K Free: 186361K (43%)
----------------- Invoking toplevel() on ptolemy.moml.MoMLSimpleApplication@7be1fedf
----------------- Done invoking toplevel() on ptolemy.moml.MoMLSimpleApplication@7be1fedf
reloadAllAccessors: .ExecRunDemos

===========================================================================================
----------------- testing Mon Oct 28 06:13:18 UTC 2019 /home/travis/build/icyphy/ptII/ptolemy/actor/lib/test/auto/ExecStop.xml
----------------- Instantiating /home/travis/build/icyphy/ptII/ptolemy/actor/lib/test/auto/ExecStop.xml
5018 ms. Memory: 431104K Free: 339761K (79%)
----------------- Invoking toplevel() on ptolemy.moml.MoMLSimpleApplication@3d371bb1
----------------- Done invoking toplevel() on ptolemy.moml.MoMLSimpleApplication@3d371bb1
reloadAllAccessors: .ExecStop

===========================================================================================
----------------- testing Mon Oct 28 06:13:24 UTC 2019 /home/travis/build/icyphy/ptII/ptolemy/actor/lib/test/auto/ExecutionTimeSDF.xml
----------------- Instantiating /home/travis/build/icyphy/ptII/ptolemy/actor/lib/test/auto/ExecutionTimeSDF.xml
Fired ExecutionTime: -1981767296
Fired ExecutionTime: 1046400000
Fired ExecutionTime: -1641767296
6010 ms. Memory: 431104K Free: 326945K (76%)
----------------- Invoking toplevel() on ptolemy.moml.MoMLSimpleApplication@787c30c7
----------------- Done invoking toplevel() on ptolemy.moml.MoMLSimpleApplication@787c30c7
reloadAllAccessors: .ExecutionTimeSDF

===========================================================================================
----------------- testing Mon Oct 28 06:13:30 UTC 2019 /home/travis/build/icyphy/ptII/ptolemy/actor/lib/test/auto/Expression1.xml
----------------- Instantiating /home/travis/build/icyphy/ptII/ptolemy/actor/lib/test/auto/Expression1.xml
2 ms. Memory: 431104K Free: 323377K (75%)
----------------- Invoking toplevel() on ptolemy.moml.MoMLSimpleApplication@38d69467
----------------- Done invoking toplevel() on ptolemy.moml.MoMLSimpleApplication@38d69467
reloadAllAccessors: .Expression1

===========================================================================================
----------------- testing Mon Oct 28 06:13:30 UTC 2019 /home/travis/build/icyphy/ptII/ptolemy/actor/lib/test/auto/Expression10.xml
----------------- Instantiating /home/travis/build/icyphy/ptII/ptolemy/actor/lib/test/auto/Expression10.xml
11 ms. Memory: 431104K Free: 318257K (74%)
----------------- Invoking toplevel() on ptolemy.moml.MoMLSimpleApplication@c18fbc7
----------------- Done invoking toplevel() on ptolemy.moml.MoMLSimpleApplication@c18fbc7
reloadAllAccessors: .Expression10

===========================================================================================
----------------- testing Mon Oct 28 06:13:30 UTC 2019 /home/travis/build/icyphy/ptII/ptolemy/actor/lib/test/auto/Expression11.xml
----------------- Instantiating /home/travis/build/icyphy/ptII/ptolemy/actor/lib/test/auto/Expression11.xml
2 ms. Memory: 431104K Free: 313647K (73%)
----------------- Invoking toplevel() on ptolemy.moml.MoMLSimpleApplication@66f6fdee
----------------- Done invoking toplevel() on ptolemy.moml.MoMLSimpleApplication@66f6fdee
reloadAllAccessors: .Expression11

===========================================================================================
----------------- testing Mon Oct 28 06:13:30 UTC 2019 /home/travis/build/icyphy/ptII/ptolemy/actor/lib/test/auto/Expression12.xml
----------------- Instantiating /home/travis/build/icyphy/ptII/ptolemy/actor/lib/test/auto/Expression12.xml
5 ms. Memory: 431104K Free: 308017K (71%)
----------------- Invoking toplevel() on ptolemy.moml.MoMLSimpleApplication@3d0b4ff8
----------------- Done invoking toplevel() on ptolemy.moml.MoMLSimpleApplication@3d0b4ff8
reloadAllAccessors: .Expression12

===========================================================================================
----------------- testing Mon Oct 28 06:13:30 UTC 2019 /home/travis/build/icyphy/ptII/ptolemy/actor/lib/test/auto/Expression13.xml
----------------- Instantiating /home/travis/build/icyphy/ptII/ptolemy/actor/lib/test/auto/Expression13.xml
4 ms. Memory: 431104K Free: 302897K (70%)
----------------- Invoking toplevel() on ptolemy.moml.MoMLSimpleApplication@5c0ab884
----------------- Done invoking toplevel() on ptolemy.moml.MoMLSimpleApplication@5c0ab884
reloadAllAccessors: .Expression13

===========================================================================================
----------------- testing Mon Oct 28 06:13:30 UTC 2019 /home/travis/build/icyphy/ptII/ptolemy/actor/lib/test/auto/Expression14.xml
----------------- Instantiating /home/travis/build/icyphy/ptII/ptolemy/actor/lib/test/auto/Expression14.xml
8 ms. Memory: 431104K Free: 296753K (69%)
----------------- Invoking toplevel() on ptolemy.moml.MoMLSimpleApplication@39df5db6
----------------- Done invoking toplevel() on ptolemy.moml.MoMLSimpleApplication@39df5db6
reloadAllAccessors: .Expression14

===========================================================================================
----------------- testing Mon Oct 28 06:13:30 UTC 2019 /home/travis/build/icyphy/ptII/ptolemy/actor/lib/test/auto/Expression15.xml
----------------- Instantiating /home/travis/build/icyphy/ptII/ptolemy/actor/lib/test/auto/Expression15.xml
1 ms. Memory: 431104K Free: 293167K (68%)
----------------- Invoking toplevel() on ptolemy.moml.MoMLSimpleApplication@65dfa4b7
----------------- Done invoking toplevel() on ptolemy.moml.MoMLSimpleApplication@65dfa4b7
reloadAllAccessors: .Expression15

===========================================================================================
----------------- testing Mon Oct 28 06:13:30 UTC 2019 /home/travis/build/icyphy/ptII/ptolemy/actor/lib/test/auto/Expression16.xml
----------------- Instantiating /home/travis/build/icyphy/ptII/ptolemy/actor/lib/test/auto/Expression16.xml
3 ms. Memory: 431104K Free: 288047K (67%)
----------------- Invoking toplevel() on ptolemy.moml.MoMLSimpleApplication@1591d466
----------------- Done invoking toplevel() on ptolemy.moml.MoMLSimpleApplication@1591d466
reloadAllAccessors: .Expression16

===========================================================================================
----------------- testing Mon Oct 28 06:13:30 UTC 2019 /home/travis/build/icyphy/ptII/ptolemy/actor/lib/test/auto/Expression17.xml
----------------- Instantiating /home/travis/build/icyphy/ptII/ptolemy/actor/lib/test/auto/Expression17.xml
5 ms. Memory: 431104K Free: 282927K (66%)
----------------- Invoking toplevel() on ptolemy.moml.MoMLSimpleApplication@44910131
----------------- Done invoking toplevel() on ptolemy.moml.MoMLSimpleApplication@44910131
reloadAllAccessors: .Expression17

===========================================================================================
----------------- testing Mon Oct 28 06:13:30 UTC 2019 /home/travis/build/icyphy/ptII/ptolemy/actor/lib/test/auto/Expression18.xml
----------------- Instantiating /home/travis/build/icyphy/ptII/ptolemy/actor/lib/test/auto/Expression18.xml
3 ms. Memory: 431104K Free: 277807K (64%)
----------------- Invoking toplevel() on ptolemy.moml.MoMLSimpleApplication@79635264
----------------- Done invoking toplevel() on ptolemy.moml.MoMLSimpleApplication@79635264
reloadAllAccessors: .Expression18

===========================================================================================
----------------- testing Mon Oct 28 06:13:30 UTC 2019 /home/travis/build/icyphy/ptII/ptolemy/actor/lib/test/auto/Expression2.xml
----------------- Instantiating /home/travis/build/icyphy/ptII/ptolemy/actor/lib/test/auto/Expression2.xml
4 ms. Memory: 431104K Free: 272687K (63%)
----------------- Invoking toplevel() on ptolemy.moml.MoMLSimpleApplication@740110d0
----------------- Done invoking toplevel() on ptolemy.moml.MoMLSimpleApplication@740110d0
reloadAllAccessors: .Expression2

===========================================================================================
----------------- testing Mon Oct 28 06:13:30 UTC 2019 /home/travis/build/icyphy/ptII/ptolemy/actor/lib/test/auto/Expression3.xml
----------------- Instantiating /home/travis/build/icyphy/ptII/ptolemy/actor/lib/test/auto/Expression3.xml
7 ms. Memory: 431104K Free: 267567K (62%)
----------------- Invoking toplevel() on ptolemy.moml.MoMLSimpleApplication@6340cef1
----------------- Done invoking toplevel() on ptolemy.moml.MoMLSimpleApplication@6340cef1
reloadAllAccessors: .Expression3

===========================================================================================
----------------- testing Mon Oct 28 06:13:30 UTC 2019 /home/travis/build/icyphy/ptII/ptolemy/actor/lib/test/auto/Expression4.xml
----------------- Instantiating /home/travis/build/icyphy/ptII/ptolemy/actor/lib/test/auto/Expression4.xml
5 ms. Memory: 431104K Free: 260399K (60%)
----------------- Invoking toplevel() on ptolemy.moml.MoMLSimpleApplication@7b00bef4
----------------- Done invoking toplevel() on ptolemy.moml.MoMLSimpleApplication@7b00bef4
reloadAllAccessors: .Expression4

===========================================================================================
----------------- testing Mon Oct 28 06:13:30 UTC 2019 /home/travis/build/icyphy/ptII/ptolemy/actor/lib/test/auto/Expression5.xml
----------------- Instantiating /home/travis/build/icyphy/ptII/ptolemy/actor/lib/test/auto/Expression5.xml
3 ms. Memory: 431104K Free: 255279K (59%)
----------------- Invoking toplevel() on ptolemy.moml.MoMLSimpleApplication@5d34954b
----------------- Done invoking toplevel() on ptolemy.moml.MoMLSimpleApplication@5d34954b
reloadAllAccessors: .Expression5

===========================================================================================
----------------- testing Mon Oct 28 06:13:30 UTC 2019 /home/travis/build/icyphy/ptII/ptolemy/actor/lib/test/auto/Expression6.xml
----------------- Instantiating /home/travis/build/icyphy/ptII/ptolemy/actor/lib/test/auto/Expression6.xml
2 ms. Memory: 431104K Free: 250673K (58%)
----------------- Invoking toplevel() on ptolemy.moml.MoMLSimpleApplication@17a4686d
----------------- Done invoking toplevel() on ptolemy.moml.MoMLSimpleApplication@17a4686d
reloadAllAccessors: .Expression6

===========================================================================================
----------------- testing Mon Oct 28 06:13:30 UTC 2019 /home/travis/build/icyphy/ptII/ptolemy/actor/lib/test/auto/Expression7.xml
----------------- Instantiating /home/travis/build/icyphy/ptII/ptolemy/actor/lib/test/auto/Expression7.xml
3 ms. Memory: 431104K Free: 245553K (57%)
----------------- Invoking toplevel() on ptolemy.moml.MoMLSimpleApplication@44d672da
----------------- Done invoking toplevel() on ptolemy.moml.MoMLSimpleApplication@44d672da
reloadAllAccessors: .Expression7

===========================================================================================
----------------- testing Mon Oct 28 06:13:30 UTC 2019 /home/travis/build/icyphy/ptII/ptolemy/actor/lib/test/auto/Expression8.xml
----------------- Instantiating /home/travis/build/icyphy/ptII/ptolemy/actor/lib/test/auto/Expression8.xml
9 ms. Memory: 431104K Free: 240433K (56%)
----------------- Invoking toplevel() on ptolemy.moml.MoMLSimpleApplication@73bfe34c
----------------- Done invoking toplevel() on ptolemy.moml.MoMLSimpleApplication@73bfe34c
reloadAllAccessors: .Expression8

===========================================================================================
----------------- testing Mon Oct 28 06:13:30 UTC 2019 /home/travis/build/icyphy/ptII/ptolemy/actor/lib/test/auto/Expression9.xml
----------------- Instantiating /home/travis/build/icyphy/ptII/ptolemy/actor/lib/test/auto/Expression9.xml
1 ms. Memory: 431104K Free: 236337K (55%)
----------------- Invoking toplevel() on ptolemy.moml.MoMLSimpleApplication@48002e08
----------------- Done invoking toplevel() on ptolemy.moml.MoMLSimpleApplication@48002e08
reloadAllAccessors: .Expression9

===========================================================================================
----------------- testing Mon Oct 28 06:13:30 UTC 2019 /home/travis/build/icyphy/ptII/ptolemy/actor/lib/test/auto/ExpressionConcatenateArrayType.xml
----------------- Instantiating /home/travis/build/icyphy/ptII/ptolemy/actor/lib/test/auto/ExpressionConcatenateArrayType.xml
2 ms. Memory: 431104K Free: 230193K (53%)
----------------- Invoking toplevel() on ptolemy.moml.MoMLSimpleApplication@2792395c
----------------- Done invoking toplevel() on ptolemy.moml.MoMLSimpleApplication@2792395c
reloadAllAccessors: .ExpressionConcatenateArrayType

===========================================================================================
----------------- testing Mon Oct 28 06:13:30 UTC 2019 /home/travis/build/icyphy/ptII/ptolemy/actor/lib/test/auto/ExpressionConcatenateArrayType2.xml
----------------- Instantiating /home/travis/build/icyphy/ptII/ptolemy/actor/lib/test/auto/ExpressionConcatenateArrayType2.xml
2 ms. Memory: 431104K Free: 224559K (52%)
----------------- Invoking toplevel() on ptolemy.moml.MoMLSimpleApplication@19bbfb6b
----------------- Done invoking toplevel() on ptolemy.moml.MoMLSimpleApplication@19bbfb6b
reloadAllAccessors: .ExpressionConcatenateArrayType2

===========================================================================================
----------------- testing Mon Oct 28 06:13:30 UTC 2019 /home/travis/build/icyphy/ptII/ptolemy/actor/lib/test/auto/ExpressionFix.xml
----------------- Instantiating /home/travis/build/icyphy/ptII/ptolemy/actor/lib/test/auto/ExpressionFix.xml
15 ms. Memory: 431104K Free: 217905K (51%)
----------------- Invoking toplevel() on ptolemy.moml.MoMLSimpleApplication@2820aaca
----------------- Done invoking toplevel() on ptolemy.moml.MoMLSimpleApplication@2820aaca
reloadAllAccessors: .ExpressionFix

===========================================================================================
----------------- testing Mon Oct 28 06:13:30 UTC 2019 /home/travis/build/icyphy/ptII/ptolemy/actor/lib/test/auto/ExpressionFix2.xml
----------------- Instantiating /home/travis/build/icyphy/ptII/ptolemy/actor/lib/test/auto/ExpressionFix2.xml
6 ms. Memory: 431104K Free: 213809K (50%)
----------------- Invoking toplevel() on ptolemy.moml.MoMLSimpleApplication@676b8a38
----------------- Done invoking toplevel() on ptolemy.moml.MoMLSimpleApplication@676b8a38
reloadAllAccessors: .ExpressionFix2

===========================================================================================
----------------- testing Mon Oct 28 06:13:30 UTC 2019 /home/travis/build/icyphy/ptII/ptolemy/actor/lib/test/auto/ExpressionFix3.xml
----------------- Instantiating /home/travis/build/icyphy/ptII/ptolemy/actor/lib/test/auto/ExpressionFix3.xml
3 ms. Memory: 431104K Free: 209199K (49%)
----------------- Invoking toplevel() on ptolemy.moml.MoMLSimpleApplication@ffe9526
----------------- Done invoking toplevel() on ptolemy.moml.MoMLSimpleApplication@ffe9526
reloadAllAccessors: .ExpressionFix3

===========================================================================================
----------------- testing Mon Oct 28 06:13:30 UTC 2019 /home/travis/build/icyphy/ptII/ptolemy/actor/lib/test/auto/FileWriter1.xml
----------------- Instantiating /home/travis/build/icyphy/ptII/ptolemy/actor/lib/test/auto/FileWriter1.xml
2 ms. Memory: 431104K Free: 205103K (48%)
----------------- Invoking toplevel() on ptolemy.moml.MoMLSimpleApplication@2a0365a5
----------------- Done invoking toplevel() on ptolemy.moml.MoMLSimpleApplication@2a0365a5
reloadAllAccessors: .FileWriter1

===========================================================================================
----------------- testing Mon Oct 28 06:13:30 UTC 2019 /home/travis/build/icyphy/ptII/ptolemy/actor/lib/test/auto/FileWriter2.xml
----------------- Instantiating /home/travis/build/icyphy/ptII/ptolemy/actor/lib/test/auto/FileWriter2.xml
2 ms. Memory: 431104K Free: 201007K (47%)
----------------- Invoking toplevel() on ptolemy.moml.MoMLSimpleApplication@513d39ca
----------------- Done invoking toplevel() on ptolemy.moml.MoMLSimpleApplication@513d39ca
reloadAllAccessors: .FileWriter2

===========================================================================================
----------------- testing Mon Oct 28 06:13:30 UTC 2019 /home/travis/build/icyphy/ptII/ptolemy/actor/lib/test/auto/FileWriter3.xml
----------------- Instantiating /home/travis/build/icyphy/ptII/ptolemy/actor/lib/test/auto/FileWriter3.xml
2 ms. Memory: 431104K Free: 196911K (46%)
----------------- Invoking toplevel() on ptolemy.moml.MoMLSimpleApplication@4399023d
----------------- Done invoking toplevel() on ptolemy.moml.MoMLSimpleApplication@4399023d
reloadAllAccessors: .FileWriter3

===========================================================================================
----------------- testing Mon Oct 28 06:13:30 UTC 2019 /home/travis/build/icyphy/ptII/ptolemy/actor/lib/test/auto/Gaussian.xml
----------------- Instantiating /home/travis/build/icyphy/ptII/ptolemy/actor/lib/test/auto/Gaussian.xml
6 ms. Memory: 431104K Free: 192305K (45%)
----------------- Invoking toplevel() on ptolemy.moml.MoMLSimpleApplication@17984a61
----------------- Done invoking toplevel() on ptolemy.moml.MoMLSimpleApplication@17984a61
reloadAllAccessors: .Gaussian

===========================================================================================
----------------- testing Mon Oct 28 06:13:30 UTC 2019 /home/travis/build/icyphy/ptII/ptolemy/actor/lib/test/auto/Gaussian1.xml
----------------- Instantiating /home/travis/build/icyphy/ptII/ptolemy/actor/lib/test/auto/Gaussian1.xml
8 ms. Memory: 431104K Free: 186641K (43%)
----------------- Invoking toplevel() on ptolemy.moml.MoMLSimpleApplication@24df57e4
----------------- Done invoking toplevel() on ptolemy.moml.MoMLSimpleApplication@24df57e4
reloadAllAccessors: .Gaussian1

===========================================================================================
----------------- testing Mon Oct 28 06:13:30 UTC 2019 /home/travis/build/icyphy/ptII/ptolemy/actor/lib/test/auto/Gaussian2.xml
----------------- Instantiating /home/travis/build/icyphy/ptII/ptolemy/actor/lib/test/auto/Gaussian2.xml
10 ms. Memory: 431104K Free: 181041K (42%)
----------------- Invoking toplevel() on ptolemy.moml.MoMLSimpleApplication@32743f7b
----------------- Done invoking toplevel() on ptolemy.moml.MoMLSimpleApplication@32743f7b
reloadAllAccessors: .Gaussian2

===========================================================================================
----------------- testing Mon Oct 28 06:13:30 UTC 2019 /home/travis/build/icyphy/ptII/ptolemy/actor/lib/test/auto/GradientAdaptiveLattice.xml
----------------- Instantiating /home/travis/build/icyphy/ptII/ptolemy/actor/lib/test/auto/GradientAdaptiveLattice.xml
4 ms. Memory: 431104K Free: 175407K (41%)
----------------- Invoking toplevel() on ptolemy.moml.MoMLSimpleApplication@2665b746
----------------- Done invoking toplevel() on ptolemy.moml.MoMLSimpleApplication@2665b746
reloadAllAccessors: .GradientAdaptiveLattice

===========================================================================================
----------------- testing Mon Oct 28 06:13:30 UTC 2019 /home/travis/build/icyphy/ptII/ptolemy/actor/lib/test/auto/IIR.xml
----------------- Instantiating /home/travis/build/icyphy/ptII/ptolemy/actor/lib/test/auto/IIR.xml
1 ms. Memory: 431104K Free: 170801K (40%)
----------------- Invoking toplevel() on ptolemy.moml.MoMLSimpleApplication@ceab414
----------------- Done invoking toplevel() on ptolemy.moml.MoMLSimpleApplication@ceab414
reloadAllAccessors: .IIR

===========================================================================================
----------------- testing Mon Oct 28 06:13:30 UTC 2019 /home/travis/build/icyphy/ptII/ptolemy/actor/lib/test/auto/InputOutputTransparentPorts.xml
----------------- Instantiating /home/travis/build/icyphy/ptII/ptolemy/actor/lib/test/auto/InputOutputTransparentPorts.xml
1 ms. Memory: 431104K Free: 163119K (38%)
----------------- Invoking toplevel() on ptolemy.moml.MoMLSimpleApplication@177a4858
----------------- Done invoking toplevel() on ptolemy.moml.MoMLSimpleApplication@177a4858
reloadAllAccessors: .InputOutputTransparentPorts

===========================================================================================
----------------- testing Mon Oct 28 06:13:30 UTC 2019 /home/travis/build/icyphy/ptII/ptolemy/actor/lib/test/auto/Interpolator.xml
----------------- Instantiating /home/travis/build/icyphy/ptII/ptolemy/actor/lib/test/auto/Interpolator.xml
6 ms. Memory: 431104K Free: 159009K (37%)
----------------- Invoking toplevel() on ptolemy.moml.MoMLSimpleApplication@32a9bac4
----------------- Done invoking toplevel() on ptolemy.moml.MoMLSimpleApplication@32a9bac4
reloadAllAccessors: .Interpolator

===========================================================================================
----------------- testing Mon Oct 28 06:13:30 UTC 2019 /home/travis/build/icyphy/ptII/ptolemy/actor/lib/test/auto/InterpolatorFiringLimitDE.xml
----------------- Instantiating /home/travis/build/icyphy/ptII/ptolemy/actor/lib/test/auto/InterpolatorFiringLimitDE.xml
3 ms. Memory: 431104K Free: 153393K (36%)
----------------- Invoking toplevel() on ptolemy.moml.MoMLSimpleApplication@4f4a0835
----------------- Done invoking toplevel() on ptolemy.moml.MoMLSimpleApplication@4f4a0835
reloadAllAccessors: .InterpolatorFiringLimitDE

===========================================================================================
----------------- testing Mon Oct 28 06:13:30 UTC 2019 /home/travis/build/icyphy/ptII/ptolemy/actor/lib/test/auto/Lattice.xml
----------------- Instantiating /home/travis/build/icyphy/ptII/ptolemy/actor/lib/test/auto/Lattice.xml
1 ms. Memory: 431104K Free: 149297K (35%)
----------------- Invoking toplevel() on ptolemy.moml.MoMLSimpleApplication@536714bd
----------------- Done invoking toplevel() on ptolemy.moml.MoMLSimpleApplication@536714bd
reloadAllAccessors: .Lattice

===========================================================================================
----------------- testing Mon Oct 28 06:13:30 UTC 2019 /home/travis/build/icyphy/ptII/ptolemy/actor/lib/test/auto/LazyAOCTestLazy.xml
----------------- Instantiating /home/travis/build/icyphy/ptII/ptolemy/actor/lib/test/auto/LazyAOCTestLazy.xml
18 ms. Memory: 431104K Free: 143153K (33%)
----------------- Invoking toplevel() on ptolemy.moml.MoMLSimpleApplication@2adcd80c
----------------- Done invoking toplevel() on ptolemy.moml.MoMLSimpleApplication@2adcd80c
reloadAllAccessors: .LazyAOCTestLazy

===========================================================================================
----------------- testing Mon Oct 28 06:13:30 UTC 2019 /home/travis/build/icyphy/ptII/ptolemy/actor/lib/test/auto/LazyAOCTestNonLazy.xml
----------------- Instantiating /home/travis/build/icyphy/ptII/ptolemy/actor/lib/test/auto/LazyAOCTestNonLazy.xml
2 ms. Memory: 431104K Free: 136495K (32%)
----------------- Invoking toplevel() on ptolemy.moml.MoMLSimpleApplication@63b0e682
----------------- Done invoking toplevel() on ptolemy.moml.MoMLSimpleApplication@63b0e682
reloadAllAccessors: .LazyAOCTestNonLazy

===========================================================================================
----------------- testing Mon Oct 28 06:13:30 UTC 2019 /home/travis/build/icyphy/ptII/ptolemy/actor/lib/test/auto/LazyInnerClass.xml
----------------- Instantiating /home/travis/build/icyphy/ptII/ptolemy/actor/lib/test/auto/LazyInnerClass.xml
44 ms. Memory: 431104K Free: 381299K (88%)
----------------- Invoking toplevel() on ptolemy.moml.MoMLSimpleApplication@1e35e8ad
----------------- Done invoking toplevel() on ptolemy.moml.MoMLSimpleApplication@1e35e8ad
reloadAllAccessors: .LazyInnerClass

===========================================================================================
----------------- testing Mon Oct 28 06:13:30 UTC 2019 /home/travis/build/icyphy/ptII/ptolemy/actor/lib/test/auto/LazyPubSub.xml
----------------- Instantiating /home/travis/build/icyphy/ptII/ptolemy/actor/lib/test/auto/LazyPubSub.xml
23 ms. Memory: 431104K Free: 370345K (86%)
----------------- Invoking toplevel() on ptolemy.moml.MoMLSimpleApplication@49d58241
----------------- Done invoking toplevel() on ptolemy.moml.MoMLSimpleApplication@49d58241
reloadAllAccessors: .LazyPubSub

===========================================================================================
----------------- testing Mon Oct 28 06:13:30 UTC 2019 /home/travis/build/icyphy/ptII/ptolemy/actor/lib/test/auto/LazyPubSub2.xml
----------------- Instantiating /home/travis/build/icyphy/ptII/ptolemy/actor/lib/test/auto/LazyPubSub2.xml
21 ms. Memory: 431104K Free: 360615K (84%)
----------------- Invoking toplevel() on ptolemy.moml.MoMLSimpleApplication@3df4e902
----------------- Done invoking toplevel() on ptolemy.moml.MoMLSimpleApplication@3df4e902
reloadAllAccessors: .LazyPubSub2

===========================================================================================
----------------- testing Mon Oct 28 06:13:31 UTC 2019 /home/travis/build/icyphy/ptII/ptolemy/actor/lib/test/auto/LazyPubSub3.xml
----------------- Instantiating /home/travis/build/icyphy/ptII/ptolemy/actor/lib/test/auto/LazyPubSub3.xml
13 ms. Memory: 431104K Free: 350375K (81%)
----------------- Invoking toplevel() on ptolemy.moml.MoMLSimpleApplication@659ee573
----------------- Done invoking toplevel() on ptolemy.moml.MoMLSimpleApplication@659ee573
reloadAllAccessors: .LazyPubSub3

===========================================================================================
----------------- testing Mon Oct 28 06:13:31 UTC 2019 /home/travis/build/icyphy/ptII/ptolemy/actor/lib/test/auto/LazySubClassModel.xml
----------------- Instantiating /home/travis/build/icyphy/ptII/ptolemy/actor/lib/test/auto/LazySubClassModel.xml
2 ms. Memory: 431104K Free: 341159K (79%)
----------------- Invoking toplevel() on ptolemy.moml.MoMLSimpleApplication@64db7be9
----------------- Done invoking toplevel() on ptolemy.moml.MoMLSimpleApplication@64db7be9
reloadAllAccessors: .LazySubClassModel

===========================================================================================
----------------- testing Mon Oct 28 06:13:31 UTC 2019 /home/travis/build/icyphy/ptII/ptolemy/actor/lib/test/auto/LevelCrossTest1.xml
----------------- Instantiating /home/travis/build/icyphy/ptII/ptolemy/actor/lib/test/auto/LevelCrossTest1.xml
2 ms. Memory: 431104K Free: 335529K (78%)
----------------- Invoking toplevel() on ptolemy.moml.MoMLSimpleApplication@130d116f
----------------- Done invoking toplevel() on ptolemy.moml.MoMLSimpleApplication@130d116f
reloadAllAccessors: .broken

===========================================================================================
----------------- testing Mon Oct 28 06:13:31 UTC 2019 /home/travis/build/icyphy/ptII/ptolemy/actor/lib/test/auto/LevelCrossTest10.xml
----------------- Instantiating /home/travis/build/icyphy/ptII/ptolemy/actor/lib/test/auto/LevelCrossTest10.xml
1 ms. Memory: 431104K Free: 327847K (76%)
----------------- Invoking toplevel() on ptolemy.moml.MoMLSimpleApplication@288c1ddf
----------------- Done invoking toplevel() on ptolemy.moml.MoMLSimpleApplication@288c1ddf
reloadAllAccessors: .LevelCrossTest10

===========================================================================================
----------------- testing Mon Oct 28 06:13:31 UTC 2019 /home/travis/build/icyphy/ptII/ptolemy/actor/lib/test/auto/LevelCrossTest11.xml
----------------- Instantiating /home/travis/build/icyphy/ptII/ptolemy/actor/lib/test/auto/LevelCrossTest11.xml
1 ms. Memory: 431104K Free: 320679K (74%)
----------------- Invoking toplevel() on ptolemy.moml.MoMLSimpleApplication@622fc477
----------------- Done invoking toplevel() on ptolemy.moml.MoMLSimpleApplication@622fc477
reloadAllAccessors: .LevelCrossTest11

===========================================================================================
----------------- testing Mon Oct 28 06:13:31 UTC 2019 /home/travis/build/icyphy/ptII/ptolemy/actor/lib/test/auto/LevelCrossTest12.xml
----------------- Instantiating /home/travis/build/icyphy/ptII/ptolemy/actor/lib/test/auto/LevelCrossTest12.xml
1 ms. Memory: 431104K Free: 314025K (73%)
----------------- Invoking toplevel() on ptolemy.moml.MoMLSimpleApplication@4f14abf7
----------------- Done invoking toplevel() on ptolemy.moml.MoMLSimpleApplication@4f14abf7
reloadAllAccessors: .LevelCrossTest12

===========================================================================================
----------------- testing Mon Oct 28 06:13:31 UTC 2019 /home/travis/build/icyphy/ptII/ptolemy/actor/lib/test/auto/LevelCrossTest13.xml
----------------- Instantiating /home/travis/build/icyphy/ptII/ptolemy/actor/lib/test/auto/LevelCrossTest13.xml
1 ms. Memory: 431104K Free: 305833K (71%)
----------------- Invoking toplevel() on ptolemy.moml.MoMLSimpleApplication@10257efc
----------------- Done invoking toplevel() on ptolemy.moml.MoMLSimpleApplication@10257efc
reloadAllAccessors: .LevelCrossTest13

===========================================================================================
----------------- testing Mon Oct 28 06:13:31 UTC 2019 /home/travis/build/icyphy/ptII/ptolemy/actor/lib/test/auto/LevelCrossTest2.xml
----------------- Instantiating /home/travis/build/icyphy/ptII/ptolemy/actor/lib/test/auto/LevelCrossTest2.xml
2 ms. Memory: 431104K Free: 300199K (70%)
----------------- Invoking toplevel() on ptolemy.moml.MoMLSimpleApplication@6425b7d3
----------------- Done invoking toplevel() on ptolemy.moml.MoMLSimpleApplication@6425b7d3
reloadAllAccessors: .broken

===========================================================================================
----------------- testing Mon Oct 28 06:13:31 UTC 2019 /home/travis/build/icyphy/ptII/ptolemy/actor/lib/test/auto/LevelCrossTest3.xml
----------------- Instantiating /home/travis/build/icyphy/ptII/ptolemy/actor/lib/test/auto/LevelCrossTest3.xml
2 ms. Memory: 431104K Free: 294055K (68%)
----------------- Invoking toplevel() on ptolemy.moml.MoMLSimpleApplication@290b6533
----------------- Done invoking toplevel() on ptolemy.moml.MoMLSimpleApplication@290b6533
reloadAllAccessors: .LevelCrossTest3

===========================================================================================
----------------- testing Mon Oct 28 06:13:31 UTC 2019 /home/travis/build/icyphy/ptII/ptolemy/actor/lib/test/auto/LevelCrossTest4.xml
----------------- Instantiating /home/travis/build/icyphy/ptII/ptolemy/actor/lib/test/auto/LevelCrossTest4.xml
1 ms. Memory: 431104K Free: 288935K (67%)
----------------- Invoking toplevel() on ptolemy.moml.MoMLSimpleApplication@4ed5066c
----------------- Done invoking toplevel() on ptolemy.moml.MoMLSimpleApplication@4ed5066c
reloadAllAccessors: .broken

===========================================================================================
----------------- testing Mon Oct 28 06:13:31 UTC 2019 /home/travis/build/icyphy/ptII/ptolemy/actor/lib/test/auto/LevelCrossTest5.xml
----------------- Instantiating /home/travis/build/icyphy/ptII/ptolemy/actor/lib/test/auto/LevelCrossTest5.xml
8 ms. Memory: 431104K Free: 281257K (65%)
----------------- Invoking toplevel() on ptolemy.moml.MoMLSimpleApplication@56c9b22
----------------- Done invoking toplevel() on ptolemy.moml.MoMLSimpleApplication@56c9b22
reloadAllAccessors: .LevelCrossTest5

===========================================================================================
----------------- testing Mon Oct 28 06:13:31 UTC 2019 /home/travis/build/icyphy/ptII/ptolemy/actor/lib/test/auto/LevelCrossTest6.xml
----------------- Instantiating /home/travis/build/icyphy/ptII/ptolemy/actor/lib/test/auto/LevelCrossTest6.xml
2 ms. Memory: 431104K Free: 275113K (64%)
----------------- Invoking toplevel() on ptolemy.moml.MoMLSimpleApplication@76384af9
----------------- Done invoking toplevel() on ptolemy.moml.MoMLSimpleApplication@76384af9
reloadAllAccessors: .LevelCrossTest6

===========================================================================================
----------------- testing Mon Oct 28 06:13:31 UTC 2019 /home/travis/build/icyphy/ptII/ptolemy/actor/lib/test/auto/LevelCrossTest7.xml
----------------- Instantiating /home/travis/build/icyphy/ptII/ptolemy/actor/lib/test/auto/LevelCrossTest7.xml
1 ms. Memory: 431104K Free: 266921K (62%)
----------------- Invoking toplevel() on ptolemy.moml.MoMLSimpleApplication@533497a8
----------------- Done invoking toplevel() on ptolemy.moml.MoMLSimpleApplication@533497a8
reloadAllAccessors: .LevelCrossTest7

===========================================================================================
----------------- testing Mon Oct 28 06:13:31 UTC 2019 /home/travis/build/icyphy/ptII/ptolemy/actor/lib/test/auto/LevelCrossTest8.xml
----------------- Instantiating /home/travis/build/icyphy/ptII/ptolemy/actor/lib/test/auto/LevelCrossTest8.xml
1 ms. Memory: 431104K Free: 259753K (60%)
----------------- Invoking toplevel() on ptolemy.moml.MoMLSimpleApplication@7802930e
----------------- Done invoking toplevel() on ptolemy.moml.MoMLSimpleApplication@7802930e
reloadAllAccessors: .LevelCrossTest8

===========================================================================================
----------------- testing Mon Oct 28 06:13:31 UTC 2019 /home/travis/build/icyphy/ptII/ptolemy/actor/lib/test/auto/LevelCrossTest9.xml
----------------- Instantiating /home/travis/build/icyphy/ptII/ptolemy/actor/lib/test/auto/LevelCrossTest9.xml
2 ms. Memory: 431104K Free: 252585K (59%)
----------------- Invoking toplevel() on ptolemy.moml.MoMLSimpleApplication@412da4e
----------------- Done invoking toplevel() on ptolemy.moml.MoMLSimpleApplication@412da4e
reloadAllAccessors: .LevelCrossTest9

===========================================================================================
----------------- testing Mon Oct 28 06:13:31 UTC 2019 /home/travis/build/icyphy/ptII/ptolemy/actor/lib/test/auto/LevinsonDurbin.xml
----------------- Instantiating /home/travis/build/icyphy/ptII/ptolemy/actor/lib/test/auto/LevinsonDurbin.xml
11 ms. Memory: 431104K Free: 248489K (58%)
----------------- Invoking toplevel() on ptolemy.moml.MoMLSimpleApplication@178dcbe4
----------------- Done invoking toplevel() on ptolemy.moml.MoMLSimpleApplication@178dcbe4
reloadAllAccessors: .LevinsonDurbin

===========================================================================================
----------------- testing Mon Oct 28 06:13:31 UTC 2019 /home/travis/build/icyphy/ptII/ptolemy/actor/lib/test/auto/LevinsonDurbin2.xml
----------------- Instantiating /home/travis/build/icyphy/ptII/ptolemy/actor/lib/test/auto/LevinsonDurbin2.xml
1 ms. Memory: 431104K Free: 244393K (57%)
----------------- Invoking toplevel() on ptolemy.moml.MoMLSimpleApplication@18dd4840
----------------- Done invoking toplevel() on ptolemy.moml.MoMLSimpleApplication@18dd4840
reloadAllAccessors: .LevinsonDurbin2

===========================================================================================
----------------- testing Mon Oct 28 06:13:31 UTC 2019 /home/travis/build/icyphy/ptII/ptolemy/actor/lib/test/auto/LevinsonDurbin3.xml
----------------- Instantiating /home/travis/build/icyphy/ptII/ptolemy/actor/lib/test/auto/LevinsonDurbin3.xml
2 ms. Memory: 431104K Free: 240297K (56%)
----------------- Invoking toplevel() on ptolemy.moml.MoMLSimpleApplication@6b18ea
----------------- Done invoking toplevel() on ptolemy.moml.MoMLSimpleApplication@6b18ea
reloadAllAccessors: .LevinsonDurbin3

===========================================================================================
----------------- testing Mon Oct 28 06:13:31 UTC 2019 /home/travis/build/icyphy/ptII/ptolemy/actor/lib/test/auto/Limiter.xml
----------------- Instantiating /home/travis/build/icyphy/ptII/ptolemy/actor/lib/test/auto/Limiter.xml
4 ms. Memory: 431104K Free: 231081K (54%)
----------------- Invoking toplevel() on ptolemy.moml.MoMLSimpleApplication@1c7e1625
----------------- Done invoking toplevel() on ptolemy.moml.MoMLSimpleApplication@1c7e1625
reloadAllAccessors: .Limiter

===========================================================================================
----------------- testing Mon Oct 28 06:13:31 UTC 2019 /home/travis/build/icyphy/ptII/ptolemy/actor/lib/test/auto/LinearDifferenceEquationSystem.xml
----------------- Instantiating /home/travis/build/icyphy/ptII/ptolemy/actor/lib/test/auto/LinearDifferenceEquationSystem.xml
4 ms. Memory: 431104K Free: 223913K (52%)
----------------- Invoking toplevel() on ptolemy.moml.MoMLSimpleApplication@615e5ef2
----------------- Done invoking toplevel() on ptolemy.moml.MoMLSimpleApplication@615e5ef2
reloadAllAccessors: .LinearDifferenceEquationSystem

===========================================================================================
----------------- testing Mon Oct 28 06:13:31 UTC 2019 /home/travis/build/icyphy/ptII/ptolemy/actor/lib/test/auto/LookupTable.xml
----------------- Instantiating /home/travis/build/icyphy/ptII/ptolemy/actor/lib/test/auto/LookupTable.xml
2 ms. Memory: 431104K Free: 219303K (51%)
----------------- Invoking toplevel() on ptolemy.moml.MoMLSimpleApplication@77c2a501
----------------- Done invoking toplevel() on ptolemy.moml.MoMLSimpleApplication@77c2a501
reloadAllAccessors: .LookupTable

===========================================================================================
----------------- testing Mon Oct 28 06:13:31 UTC 2019 /home/travis/build/icyphy/ptII/ptolemy/actor/lib/test/auto/MathFunction.xml
----------------- Instantiating /home/travis/build/icyphy/ptII/ptolemy/actor/lib/test/auto/MathFunction.xml
2 ms. Memory: 431104K Free: 211111K (49%)
----------------- Invoking toplevel() on ptolemy.moml.MoMLSimpleApplication@665dc182
----------------- Done invoking toplevel() on ptolemy.moml.MoMLSimpleApplication@665dc182
reloadAllAccessors: .MathFunction

===========================================================================================
----------------- testing Mon Oct 28 06:13:31 UTC 2019 /home/travis/build/icyphy/ptII/ptolemy/actor/lib/test/auto/MathFunction2.xml
----------------- Instantiating /home/travis/build/icyphy/ptII/ptolemy/actor/lib/test/auto/MathFunction2.xml
1 ms. Memory: 431104K Free: 207015K (48%)
----------------- Invoking toplevel() on ptolemy.moml.MoMLSimpleApplication@dff5460
----------------- Done invoking toplevel() on ptolemy.moml.MoMLSimpleApplication@dff5460
reloadAllAccessors: .MathFunction2

===========================================================================================
----------------- testing Mon Oct 28 06:13:31 UTC 2019 /home/travis/build/icyphy/ptII/ptolemy/actor/lib/test/auto/MathFunction3.xml
----------------- Instantiating /home/travis/build/icyphy/ptII/ptolemy/actor/lib/test/auto/MathFunction3.xml
2 ms. Memory: 431104K Free: 199847K (46%)
----------------- Invoking toplevel() on ptolemy.moml.MoMLSimpleApplication@4977aaa9
----------------- Done invoking toplevel() on ptolemy.moml.MoMLSimpleApplication@4977aaa9
reloadAllAccessors: .MathFunction3

===========================================================================================
----------------- testing Mon Oct 28 06:13:31 UTC 2019 /home/travis/build/icyphy/ptII/ptolemy/actor/lib/test/auto/MatrixCropBoolean.xml
----------------- Instantiating /home/travis/build/icyphy/ptII/ptolemy/actor/lib/test/auto/MatrixCropBoolean.xml
1 ms. Memory: 431104K Free: 194721K (45%)
----------------- Invoking toplevel() on ptolemy.moml.MoMLSimpleApplication@1723dd83
----------------- Done invoking toplevel() on ptolemy.moml.MoMLSimpleApplication@1723dd83
reloadAllAccessors: .MatrixCropBoolean

===========================================================================================
----------------- testing Mon Oct 28 06:13:31 UTC 2019 /home/travis/build/icyphy/ptII/ptolemy/actor/lib/test/auto/MatrixCropComplex.xml
----------------- Instantiating /home/travis/build/icyphy/ptII/ptolemy/actor/lib/test/auto/MatrixCropComplex.xml
2 ms. Memory: 431104K Free: 189577K (44%)
----------------- Invoking toplevel() on ptolemy.moml.MoMLSimpleApplication@74f5e2c2
----------------- Done invoking toplevel() on ptolemy.moml.MoMLSimpleApplication@74f5e2c2
reloadAllAccessors: .MatrixCropComplex

===========================================================================================
----------------- testing Mon Oct 28 06:13:31 UTC 2019 /home/travis/build/icyphy/ptII/ptolemy/actor/lib/test/auto/MatrixCropDouble.xml
----------------- Instantiating /home/travis/build/icyphy/ptII/ptolemy/actor/lib/test/auto/MatrixCropDouble.xml
2 ms. Memory: 431104K Free: 184457K (43%)
----------------- Invoking toplevel() on ptolemy.moml.MoMLSimpleApplication@1451bffa
----------------- Done invoking toplevel() on ptolemy.moml.MoMLSimpleApplication@1451bffa
reloadAllAccessors: .MatrixCropDouble

===========================================================================================
----------------- testing Mon Oct 28 06:13:31 UTC 2019 /home/travis/build/icyphy/ptII/ptolemy/actor/lib/test/auto/MatrixCropFix.xml
----------------- Instantiating /home/travis/build/icyphy/ptII/ptolemy/actor/lib/test/auto/MatrixCropFix.xml
4 ms. Memory: 431104K Free: 179337K (42%)
----------------- Invoking toplevel() on ptolemy.moml.MoMLSimpleApplication@2f787973
----------------- Done invoking toplevel() on ptolemy.moml.MoMLSimpleApplication@2f787973
reloadAllAccessors: .MatrixCropFix

===========================================================================================
----------------- testing Mon Oct 28 06:13:31 UTC 2019 /home/travis/build/icyphy/ptII/ptolemy/actor/lib/test/auto/MatrixCropInt.xml
----------------- Instantiating /home/travis/build/icyphy/ptII/ptolemy/actor/lib/test/auto/MatrixCropInt.xml
2 ms. Memory: 431104K Free: 174761K (41%)
----------------- Invoking toplevel() on ptolemy.moml.MoMLSimpleApplication@74c42b31
----------------- Done invoking toplevel() on ptolemy.moml.MoMLSimpleApplication@74c42b31
reloadAllAccessors: .MatrixCropInt

===========================================================================================
----------------- testing Mon Oct 28 06:13:31 UTC 2019 /home/travis/build/icyphy/ptII/ptolemy/actor/lib/test/auto/MatrixCropLong.xml
----------------- Instantiating /home/travis/build/icyphy/ptII/ptolemy/actor/lib/test/auto/MatrixCropLong.xml
2 ms. Memory: 431104K Free: 169641K (39%)
----------------- Invoking toplevel() on ptolemy.moml.MoMLSimpleApplication@5725f47f
----------------- Done invoking toplevel() on ptolemy.moml.MoMLSimpleApplication@5725f47f
reloadAllAccessors: .MatrixCropLong

===========================================================================================
----------------- testing Mon Oct 28 06:13:31 UTC 2019 /home/travis/build/icyphy/ptII/ptolemy/actor/lib/test/auto/MatrixToArray.xml
----------------- Instantiating /home/travis/build/icyphy/ptII/ptolemy/actor/lib/test/auto/MatrixToArray.xml
11 ms. Memory: 431104K Free: 154791K (36%)
----------------- Invoking toplevel() on ptolemy.moml.MoMLSimpleApplication@4fa8e470
----------------- Done invoking toplevel() on ptolemy.moml.MoMLSimpleApplication@4fa8e470
reloadAllAccessors: .MatrixToArray

===========================================================================================
----------------- testing Mon Oct 28 06:13:31 UTC 2019 /home/travis/build/icyphy/ptII/ptolemy/actor/lib/test/auto/MaxIndex.xml
----------------- Instantiating /home/travis/build/icyphy/ptII/ptolemy/actor/lib/test/auto/MaxIndex.xml
1 ms. Memory: 431104K Free: 149161K (35%)
----------------- Invoking toplevel() on ptolemy.moml.MoMLSimpleApplication@674146e1
----------------- Done invoking toplevel() on ptolemy.moml.MoMLSimpleApplication@674146e1
reloadAllAccessors: .MaxIndex

===========================================================================================
----------------- testing Mon Oct 28 06:13:31 UTC 2019 /home/travis/build/icyphy/ptII/ptolemy/actor/lib/test/auto/Maximum.xml
----------------- Instantiating /home/travis/build/icyphy/ptII/ptolemy/actor/lib/test/auto/Maximum.xml
8 ms. Memory: 431104K Free: 142473K (33%)
----------------- Invoking toplevel() on ptolemy.moml.MoMLSimpleApplication@1543e428
----------------- Done invoking toplevel() on ptolemy.moml.MoMLSimpleApplication@1543e428
reloadAllAccessors: .Maximum

===========================================================================================
----------------- testing Mon Oct 28 06:13:31 UTC 2019 /home/travis/build/icyphy/ptII/ptolemy/actor/lib/test/auto/MaximumComplex.xml
----------------- Instantiating /home/travis/build/icyphy/ptII/ptolemy/actor/lib/test/auto/MaximumComplex.xml
4 ms. Memory: 431104K Free: 136345K (32%)
----------------- Invoking toplevel() on ptolemy.moml.MoMLSimpleApplication@66fcbe8
----------------- Done invoking toplevel() on ptolemy.moml.MoMLSimpleApplication@66fcbe8
reloadAllAccessors: .MaximumComplex

===========================================================================================
----------------- testing Mon Oct 28 06:13:31 UTC 2019 /home/travis/build/icyphy/ptII/ptolemy/actor/lib/test/auto/MethodCallTest.xml
----------------- Instantiating /home/travis/build/icyphy/ptII/ptolemy/actor/lib/test/auto/MethodCallTest.xml
3 ms. Memory: 431104K Free: 129705K (30%)
----------------- Invoking toplevel() on ptolemy.moml.MoMLSimpleApplication@44d0f53f
----------------- Done invoking toplevel() on ptolemy.moml.MoMLSimpleApplication@44d0f53f
reloadAllAccessors: .MethodCallTest

===========================================================================================
----------------- testing Mon Oct 28 06:13:31 UTC 2019 /home/travis/build/icyphy/ptII/ptolemy/actor/lib/test/auto/Minimum.xml
----------------- Instantiating /home/travis/build/icyphy/ptII/ptolemy/actor/lib/test/auto/Minimum.xml
3 ms. Memory: 431104K Free: 376652K (87%)
----------------- Invoking toplevel() on ptolemy.moml.MoMLSimpleApplication@3d466050
----------------- Done invoking toplevel() on ptolemy.moml.MoMLSimpleApplication@3d466050
reloadAllAccessors: .Minimum

===========================================================================================
----------------- testing Mon Oct 28 06:13:31 UTC 2019 /home/travis/build/icyphy/ptII/ptolemy/actor/lib/test/auto/MinimumComplex.xml
----------------- Instantiating /home/travis/build/icyphy/ptII/ptolemy/actor/lib/test/auto/MinimumComplex.xml
2 ms. Memory: 431104K Free: 370508K (86%)
----------------- Invoking toplevel() on ptolemy.moml.MoMLSimpleApplication@69f8845c
----------------- Done invoking toplevel() on ptolemy.moml.MoMLSimpleApplication@69f8845c
reloadAllAccessors: .MinimumComplex

===========================================================================================
----------------- testing Mon Oct 28 06:13:31 UTC 2019 /home/travis/build/icyphy/ptII/ptolemy/actor/lib/test/auto/MinimumMultiports.xml
----------------- Instantiating /home/travis/build/icyphy/ptII/ptolemy/actor/lib/test/auto/MinimumMultiports.xml
4 ms. Memory: 431104K Free: 361820K (84%)
----------------- Invoking toplevel() on ptolemy.moml.MoMLSimpleApplication@385e3704
----------------- Done invoking toplevel() on ptolemy.moml.MoMLSimpleApplication@385e3704
reloadAllAccessors: .MinimumMultiports

===========================================================================================
----------------- testing Mon Oct 28 06:13:31 UTC 2019 /home/travis/build/icyphy/ptII/ptolemy/actor/lib/test/auto/ModifyDate.xml
----------------- Instantiating /home/travis/build/icyphy/ptII/ptolemy/actor/lib/test/auto/ModifyDate.xml
10 ms. Memory: 431104K Free: 348506K (81%)
----------------- Invoking toplevel() on ptolemy.moml.MoMLSimpleApplication@9043fd
----------------- Done invoking toplevel() on ptolemy.moml.MoMLSimpleApplication@9043fd
reloadAllAccessors: .ModifyDate

===========================================================================================
----------------- testing Mon Oct 28 06:13:31 UTC 2019 /home/travis/build/icyphy/ptII/ptolemy/actor/lib/test/auto/ModifyDate2.xml
----------------- Instantiating /home/travis/build/icyphy/ptII/ptolemy/actor/lib/test/auto/ModifyDate2.xml
3 ms. Memory: 431104K Free: 339802K (79%)
----------------- Invoking toplevel() on ptolemy.moml.MoMLSimpleApplication@52f5124e
----------------- Done invoking toplevel() on ptolemy.moml.MoMLSimpleApplication@52f5124e
reloadAllAccessors: .ModifyDate2

===========================================================================================
----------------- testing Mon Oct 28 06:13:31 UTC 2019 /home/travis/build/icyphy/ptII/ptolemy/actor/lib/test/auto/MovingAverage.xml
----------------- Instantiating /home/travis/build/icyphy/ptII/ptolemy/actor/lib/test/auto/MovingAverage.xml
2 ms. Memory: 431104K Free: 334682K (78%)
----------------- Invoking toplevel() on ptolemy.moml.MoMLSimpleApplication@5a5f6971
----------------- Done invoking toplevel() on ptolemy.moml.MoMLSimpleApplication@5a5f6971
reloadAllAccessors: .MovingAverage

===========================================================================================
----------------- testing Mon Oct 28 06:13:31 UTC 2019 /home/travis/build/icyphy/ptII/ptolemy/actor/lib/test/auto/MovingMaximum.xml
----------------- Instantiating /home/travis/build/icyphy/ptII/ptolemy/actor/lib/test/auto/MovingMaximum.xml
1 ms. Memory: 431104K Free: 330076K (77%)
----------------- Invoking toplevel() on ptolemy.moml.MoMLSimpleApplication@3e520bbe
----------------- Done invoking toplevel() on ptolemy.moml.MoMLSimpleApplication@3e520bbe
reloadAllAccessors: .MovingMaximum

===========================================================================================
----------------- testing Mon Oct 28 06:13:31 UTC 2019 /home/travis/build/icyphy/ptII/ptolemy/actor/lib/test/auto/MultipleLinksToSameRelation.xml
----------------- Instantiating /home/travis/build/icyphy/ptII/ptolemy/actor/lib/test/auto/MultipleLinksToSameRelation.xml
3 ms. Memory: 431104K Free: 325980K (76%)
----------------- Invoking toplevel() on ptolemy.moml.MoMLSimpleApplication@3f324d00
----------------- Done invoking toplevel() on ptolemy.moml.MoMLSimpleApplication@3f324d00
reloadAllAccessors: .MultipleLinksToSameRelation

===========================================================================================
----------------- testing Mon Oct 28 06:13:31 UTC 2019 /home/travis/build/icyphy/ptII/ptolemy/actor/lib/test/auto/MultipleLinksToSameRelationDE.xml
----------------- Instantiating /home/travis/build/icyphy/ptII/ptolemy/actor/lib/test/auto/MultipleLinksToSameRelationDE.xml
1 ms. Memory: 431104K Free: 321356K (75%)
----------------- Invoking toplevel() on ptolemy.moml.MoMLSimpleApplication@6acf0ed1
----------------- Done invoking toplevel() on ptolemy.moml.MoMLSimpleApplication@6acf0ed1
reloadAllAccessors: .MultipleLinksToSameRelationDE

===========================================================================================
----------------- testing Mon Oct 28 06:13:31 UTC 2019 /home/travis/build/icyphy/ptII/ptolemy/actor/lib/test/auto/Multiplexor.xml
----------------- Instantiating /home/travis/build/icyphy/ptII/ptolemy/actor/lib/test/auto/Multiplexor.xml
2 ms. Memory: 431104K Free: 315740K (73%)
----------------- Invoking toplevel() on ptolemy.moml.MoMLSimpleApplication@76b5e77d
----------------- Done invoking toplevel() on ptolemy.moml.MoMLSimpleApplication@76b5e77d
reloadAllAccessors: .Multiplexor

===========================================================================================
----------------- testing Mon Oct 28 06:13:31 UTC 2019 /home/travis/build/icyphy/ptII/ptolemy/actor/lib/test/auto/Multiplexor1.xml
----------------- Instantiating /home/travis/build/icyphy/ptII/ptolemy/actor/lib/test/auto/Multiplexor1.xml
2 ms. Memory: 431104K Free: 310100K (72%)
----------------- Invoking toplevel() on ptolemy.moml.MoMLSimpleApplication@26cda173
----------------- Done invoking toplevel() on ptolemy.moml.MoMLSimpleApplication@26cda173
reloadAllAccessors: .Multiplexor1

===========================================================================================
----------------- testing Mon Oct 28 06:13:32 UTC 2019 /home/travis/build/icyphy/ptII/ptolemy/actor/lib/test/auto/Multiplexor2.xml
----------------- Instantiating /home/travis/build/icyphy/ptII/ptolemy/actor/lib/test/auto/Multiplexor2.xml
3 ms. Memory: 431104K Free: 303452K (70%)
----------------- Invoking toplevel() on ptolemy.moml.MoMLSimpleApplication@2396f856
----------------- Done invoking toplevel() on ptolemy.moml.MoMLSimpleApplication@2396f856
reloadAllAccessors: .Multiplexor2

===========================================================================================
----------------- testing Mon Oct 28 06:13:32 UTC 2019 /home/travis/build/icyphy/ptII/ptolemy/actor/lib/test/auto/Multiplexor3.xml
----------------- Instantiating /home/travis/build/icyphy/ptII/ptolemy/actor/lib/test/auto/Multiplexor3.xml
3 ms. Memory: 431104K Free: 299356K (69%)
----------------- Invoking toplevel() on ptolemy.moml.MoMLSimpleApplication@6a983b8b
----------------- Done invoking toplevel() on ptolemy.moml.MoMLSimpleApplication@6a983b8b
reloadAllAccessors: .Multiplexor3

===========================================================================================
----------------- testing Mon Oct 28 06:13:32 UTC 2019 /home/travis/build/icyphy/ptII/ptolemy/actor/lib/test/auto/MultiplexorDE.xml
----------------- Instantiating /home/travis/build/icyphy/ptII/ptolemy/actor/lib/test/auto/MultiplexorDE.xml
3 ms. Memory: 431104K Free: 291660K (68%)
----------------- Invoking toplevel() on ptolemy.moml.MoMLSimpleApplication@6b603b8a
----------------- Done invoking toplevel() on ptolemy.moml.MoMLSimpleApplication@6b603b8a
reloadAllAccessors: .MultiplexorDE

===========================================================================================
----------------- testing Mon Oct 28 06:13:32 UTC 2019 /home/travis/build/icyphy/ptII/ptolemy/actor/lib/test/auto/MultiportBroadcastTest.xml
----------------- Instantiating /home/travis/build/icyphy/ptII/ptolemy/actor/lib/test/auto/MultiportBroadcastTest.xml
87 ms. Memory: 431104K Free: 285020K (66%)
----------------- Invoking toplevel() on ptolemy.moml.MoMLSimpleApplication@496557b4
----------------- Done invoking toplevel() on ptolemy.moml.MoMLSimpleApplication@496557b4
reloadAllAccessors: .MultiportBroadcastTest

===========================================================================================
----------------- testing Mon Oct 28 06:13:32 UTC 2019 /home/travis/build/icyphy/ptII/ptolemy/actor/lib/test/auto/MultiportOutHangDuringGetWidth.xml
----------------- Instantiating /home/travis/build/icyphy/ptII/ptolemy/actor/lib/test/auto/MultiportOutHangDuringGetWidth.xml
6 ms. Memory: 431104K Free: 273228K (63%)
----------------- Invoking toplevel() on ptolemy.moml.MoMLSimpleApplication@615594b7
----------------- Done invoking toplevel() on ptolemy.moml.MoMLSimpleApplication@615594b7
reloadAllAccessors: .MultiportOutHangDuringGetWidth

===========================================================================================
----------------- testing Mon Oct 28 06:13:32 UTC 2019 /home/travis/build/icyphy/ptII/ptolemy/actor/lib/test/auto/NilToken.xml
----------------- Instantiating /home/travis/build/icyphy/ptII/ptolemy/actor/lib/test/auto/NilToken.xml
2 ms. Memory: 431104K Free: 269146K (62%)
----------------- Invoking toplevel() on ptolemy.moml.MoMLSimpleApplication@42cd7d17
----------------- Done invoking toplevel() on ptolemy.moml.MoMLSimpleApplication@42cd7d17
reloadAllAccessors: .NilToken

===========================================================================================
----------------- testing Mon Oct 28 06:13:32 UTC 2019 /home/travis/build/icyphy/ptII/ptolemy/actor/lib/test/auto/NilTokenNonStrictTest.xml
----------------- Instantiating /home/travis/build/icyphy/ptII/ptolemy/actor/lib/test/auto/NilTokenNonStrictTest.xml
1 ms. Memory: 431104K Free: 264026K (61%)
----------------- Invoking toplevel() on ptolemy.moml.MoMLSimpleApplication@3a5033ce
----------------- Done invoking toplevel() on ptolemy.moml.MoMLSimpleApplication@3a5033ce
reloadAllAccessors: .NilTokenNonStrictTest

===========================================================================================
----------------- testing Mon Oct 28 06:13:32 UTC 2019 /home/travis/build/icyphy/ptII/ptolemy/actor/lib/test/auto/NilTokenRecord.xml
----------------- Instantiating /home/travis/build/icyphy/ptII/ptolemy/actor/lib/test/auto/NilTokenRecord.xml
17 ms. Memory: 431104K Free: 257372K (60%)
----------------- Invoking toplevel() on ptolemy.moml.MoMLSimpleApplication@7a030dee
----------------- Done invoking toplevel() on ptolemy.moml.MoMLSimpleApplication@7a030dee
reloadAllAccessors: .NilTokenRecord

===========================================================================================
----------------- testing Mon Oct 28 06:13:32 UTC 2019 /home/travis/build/icyphy/ptII/ptolemy/actor/lib/test/auto/NilTokenTypeTest.xml
----------------- Instantiating /home/travis/build/icyphy/ptII/ptolemy/actor/lib/test/auto/NilTokenTypeTest.xml
7 ms. Memory: 431104K Free: 247642K (57%)
----------------- Invoking toplevel() on ptolemy.moml.MoMLSimpleApplication@c35d57d
----------------- Done invoking toplevel() on ptolemy.moml.MoMLSimpleApplication@c35d57d
reloadAllAccessors: .NilTokenTypeTest

===========================================================================================
----------------- testing Mon Oct 28 06:13:32 UTC 2019 /home/travis/build/icyphy/ptII/ptolemy/actor/lib/test/auto/ObjectToken1.xml
----------------- Instantiating /home/travis/build/icyphy/ptII/ptolemy/actor/lib/test/auto/ObjectToken1.xml
2 ms. Memory: 431104K Free: 243546K (56%)
----------------- Invoking toplevel() on ptolemy.moml.MoMLSimpleApplication@695645c
----------------- Done invoking toplevel() on ptolemy.moml.MoMLSimpleApplication@695645c
reloadAllAccessors: .ObjectToken1

===========================================================================================
----------------- testing Mon Oct 28 06:13:32 UTC 2019 /home/travis/build/icyphy/ptII/ptolemy/actor/lib/test/auto/OrderedMerge.xml
----------------- Instantiating /home/travis/build/icyphy/ptII/ptolemy/actor/lib/test/auto/OrderedMerge.xml
9 ms. Memory: 431104K Free: 237916K (55%)
----------------- Invoking toplevel() on ptolemy.moml.MoMLSimpleApplication@12816386
----------------- Done invoking toplevel() on ptolemy.moml.MoMLSimpleApplication@12816386
reloadAllAccessors: .OrderedMerge

===========================================================================================
----------------- testing Mon Oct 28 06:13:32 UTC 2019 /home/travis/build/icyphy/ptII/ptolemy/actor/lib/test/auto/OrderedRecordDisassembler.xml
----------------- Instantiating /home/travis/build/icyphy/ptII/ptolemy/actor/lib/test/auto/OrderedRecordDisassembler.xml
3 ms. Memory: 431104K Free: 232796K (54%)
----------------- Invoking toplevel() on ptolemy.moml.MoMLSimpleApplication@5660793b
----------------- Done invoking toplevel() on ptolemy.moml.MoMLSimpleApplication@5660793b
reloadAllAccessors: .OrderedRecordDisassembler

===========================================================================================
----------------- testing Mon Oct 28 06:13:32 UTC 2019 /home/travis/build/icyphy/ptII/ptolemy/actor/lib/test/auto/OrderedRecordDisassembler2.xml
----------------- Instantiating /home/travis/build/icyphy/ptII/ptolemy/actor/lib/test/auto/OrderedRecordDisassembler2.xml
4 ms. Memory: 431104K Free: 225114K (52%)
----------------- Invoking toplevel() on ptolemy.moml.MoMLSimpleApplication@33d4b8ad
----------------- Done invoking toplevel() on ptolemy.moml.MoMLSimpleApplication@33d4b8ad
reloadAllAccessors: .OrderedRecordDisassembler2

===========================================================================================
----------------- testing Mon Oct 28 06:13:32 UTC 2019 /home/travis/build/icyphy/ptII/ptolemy/actor/lib/test/auto/OrderedRecordUpdater.xml
----------------- Instantiating /home/travis/build/icyphy/ptII/ptolemy/actor/lib/test/auto/OrderedRecordUpdater.xml
1 ms. Memory: 431104K Free: 220508K (51%)
----------------- Invoking toplevel() on ptolemy.moml.MoMLSimpleApplication@299eff95
----------------- Done invoking toplevel() on ptolemy.moml.MoMLSimpleApplication@299eff95
reloadAllAccessors: .RecordUpdater

===========================================================================================
----------------- testing Mon Oct 28 06:13:32 UTC 2019 /home/travis/build/icyphy/ptII/ptolemy/actor/lib/test/auto/OrderedRecordUpdater2.xml
----------------- Instantiating /home/travis/build/icyphy/ptII/ptolemy/actor/lib/test/auto/OrderedRecordUpdater2.xml
1 ms. Memory: 431104K Free: 215898K (50%)
----------------- Invoking toplevel() on ptolemy.moml.MoMLSimpleApplication@4953bfd5
----------------- Done invoking toplevel() on ptolemy.moml.MoMLSimpleApplication@4953bfd5
reloadAllAccessors: .RecordUpdater2

===========================================================================================
----------------- testing Mon Oct 28 06:13:32 UTC 2019 /home/travis/build/icyphy/ptII/ptolemy/actor/lib/test/auto/PhaseUnwrap.xml
----------------- Instantiating /home/travis/build/icyphy/ptII/ptolemy/actor/lib/test/auto/PhaseUnwrap.xml
2 ms. Memory: 431104K Free: 211292K (49%)
----------------- Invoking toplevel() on ptolemy.moml.MoMLSimpleApplication@58a45cb4
----------------- Done invoking toplevel() on ptolemy.moml.MoMLSimpleApplication@58a45cb4
reloadAllAccessors: .PhaseUnwrap

===========================================================================================
----------------- testing Mon Oct 28 06:13:32 UTC 2019 /home/travis/build/icyphy/ptII/ptolemy/actor/lib/test/auto/PoissonClock.xml
----------------- Instantiating /home/travis/build/icyphy/ptII/ptolemy/actor/lib/test/auto/PoissonClock.xml
1 ms. Memory: 431104K Free: 207196K (48%)
----------------- Invoking toplevel() on ptolemy.moml.MoMLSimpleApplication@1a1e3e6a
----------------- Done invoking toplevel() on ptolemy.moml.MoMLSimpleApplication@1a1e3e6a
reloadAllAccessors: .PoissonClock

===========================================================================================
----------------- testing Mon Oct 28 06:13:32 UTC 2019 /home/travis/build/icyphy/ptII/ptolemy/actor/lib/test/auto/PoissonClock2.xml
----------------- Instantiating /home/travis/build/icyphy/ptII/ptolemy/actor/lib/test/auto/PoissonClock2.xml
2 ms. Memory: 431104K Free: 202586K (47%)
----------------- Invoking toplevel() on ptolemy.moml.MoMLSimpleApplication@4b9170d8
----------------- Done invoking toplevel() on ptolemy.moml.MoMLSimpleApplication@4b9170d8
reloadAllAccessors: .PoissonClock2

===========================================================================================
----------------- testing Mon Oct 28 06:13:32 UTC 2019 /home/travis/build/icyphy/ptII/ptolemy/actor/lib/test/auto/PoissonClock3.xml
----------------- Instantiating /home/travis/build/icyphy/ptII/ptolemy/actor/lib/test/auto/PoissonClock3.xml
1 ms. Memory: 431104K Free: 197980K (46%)
----------------- Invoking toplevel() on ptolemy.moml.MoMLSimpleApplication@40aefc0f
----------------- Done invoking toplevel() on ptolemy.moml.MoMLSimpleApplication@40aefc0f
reloadAllAccessors: .PoissonClock3

===========================================================================================
----------------- testing Mon Oct 28 06:13:32 UTC 2019 /home/travis/build/icyphy/ptII/ptolemy/actor/lib/test/auto/PubSubWithInitialTokens.xml
----------------- Instantiating /home/travis/build/icyphy/ptII/ptolemy/actor/lib/test/auto/PubSubWithInitialTokens.xml
2 ms. Memory: 431104K Free: 192316K (45%)
----------------- Invoking toplevel() on ptolemy.moml.MoMLSimpleApplication@82c785a
----------------- Done invoking toplevel() on ptolemy.moml.MoMLSimpleApplication@82c785a
reloadAllAccessors: .PubSubWithInitialTokens

===========================================================================================
----------------- testing Mon Oct 28 06:13:32 UTC 2019 /home/travis/build/icyphy/ptII/ptolemy/actor/lib/test/auto/PubSubWithInitialTokens2.xml
----------------- Instantiating /home/travis/build/icyphy/ptII/ptolemy/actor/lib/test/auto/PubSubWithInitialTokens2.xml
2 ms. Memory: 431104K Free: 185692K (43%)
----------------- Invoking toplevel() on ptolemy.moml.MoMLSimpleApplication@1a37f13b
----------------- Done invoking toplevel() on ptolemy.moml.MoMLSimpleApplication@1a37f13b
reloadAllAccessors: .PubSubWithInitialTokens2

===========================================================================================
----------------- testing Mon Oct 28 06:13:32 UTC 2019 /home/travis/build/icyphy/ptII/ptolemy/actor/lib/test/auto/PublisherClassNoParameter.xml
----------------- Instantiating /home/travis/build/icyphy/ptII/ptolemy/actor/lib/test/auto/PublisherClassNoParameter.xml
2 ms. Memory: 431104K Free: 175948K (41%)
----------------- Invoking toplevel() on ptolemy.moml.MoMLSimpleApplication@7aad5588
----------------- Done invoking toplevel() on ptolemy.moml.MoMLSimpleApplication@7aad5588
reloadAllAccessors: .PublisherClassNoParameter

===========================================================================================
----------------- testing Mon Oct 28 06:13:32 UTC 2019 /home/travis/build/icyphy/ptII/ptolemy/actor/lib/test/auto/PublisherClassParameter.xml
----------------- Instantiating /home/travis/build/icyphy/ptII/ptolemy/actor/lib/test/auto/PublisherClassParameter.xml
2 ms. Memory: 431104K Free: 165212K (38%)
----------------- Invoking toplevel() on ptolemy.moml.MoMLSimpleApplication@590754b6
----------------- Done invoking toplevel() on ptolemy.moml.MoMLSimpleApplication@590754b6
reloadAllAccessors: .PublisherClassParameter

===========================================================================================
----------------- testing Mon Oct 28 06:13:32 UTC 2019 /home/travis/build/icyphy/ptII/ptolemy/actor/lib/test/auto/PublisherNonStrictTest.xml
----------------- Instantiating /home/travis/build/icyphy/ptII/ptolemy/actor/lib/test/auto/PublisherNonStrictTest.xml
3 ms. Memory: 431104K Free: 157524K (37%)
----------------- Invoking toplevel() on ptolemy.moml.MoMLSimpleApplication@62d700d9
----------------- Done invoking toplevel() on ptolemy.moml.MoMLSimpleApplication@62d700d9
reloadAllAccessors: .PublisherNonStrictTest

===========================================================================================
----------------- testing Mon Oct 28 06:13:32 UTC 2019 /home/travis/build/icyphy/ptII/ptolemy/actor/lib/test/auto/PublisherPort1.xml
----------------- Instantiating /home/travis/build/icyphy/ptII/ptolemy/actor/lib/test/auto/PublisherPort1.xml
2 ms. Memory: 431104K Free: 151900K (35%)
----------------- Invoking toplevel() on ptolemy.moml.MoMLSimpleApplication@68575de8
----------------- Done invoking toplevel() on ptolemy.moml.MoMLSimpleApplication@68575de8
reloadAllAccessors: .PublisherPort1

===========================================================================================
----------------- testing Mon Oct 28 06:13:32 UTC 2019 /home/travis/build/icyphy/ptII/ptolemy/actor/lib/test/auto/PublisherPort2.xml
----------------- Instantiating /home/travis/build/icyphy/ptII/ptolemy/actor/lib/test/auto/PublisherPort2.xml
4 ms. Memory: 431104K Free: 146780K (34%)
----------------- Invoking toplevel() on ptolemy.moml.MoMLSimpleApplication@5486941d
----------------- Done invoking toplevel() on ptolemy.moml.MoMLSimpleApplication@5486941d
reloadAllAccessors: .PublisherPort2

===========================================================================================
----------------- testing Mon Oct 28 06:13:32 UTC 2019 /home/travis/build/icyphy/ptII/ptolemy/actor/lib/test/auto/PublisherPort3.xml
----------------- Instantiating /home/travis/build/icyphy/ptII/ptolemy/actor/lib/test/auto/PublisherPort3.xml
12 ms. Memory: 431104K Free: 140092K (32%)
----------------- Invoking toplevel() on ptolemy.moml.MoMLSimpleApplication@536604b0
----------------- Done invoking toplevel() on ptolemy.moml.MoMLSimpleApplication@536604b0
reloadAllAccessors: .PublisherPort3

===========================================================================================
----------------- testing Mon Oct 28 06:13:32 UTC 2019 /home/travis/build/icyphy/ptII/ptolemy/actor/lib/test/auto/PublisherPort4.xml
----------------- Instantiating /home/travis/build/icyphy/ptII/ptolemy/actor/lib/test/auto/PublisherPort4.xml
2 ms. Memory: 431104K Free: 134492K (31%)
----------------- Invoking toplevel() on ptolemy.moml.MoMLSimpleApplication@114c8059
----------------- Done invoking toplevel() on ptolemy.moml.MoMLSimpleApplication@114c8059
reloadAllAccessors: .PublisherPort4

===========================================================================================
----------------- testing Mon Oct 28 06:13:32 UTC 2019 /home/travis/build/icyphy/ptII/ptolemy/actor/lib/test/auto/PublisherPort5.xml
----------------- Instantiating /home/travis/build/icyphy/ptII/ptolemy/actor/lib/test/auto/PublisherPort5.xml
17 ms. Memory: 431104K Free: 380736K (88%)
----------------- Invoking toplevel() on ptolemy.moml.MoMLSimpleApplication@7e6f4292
----------------- Done invoking toplevel() on ptolemy.moml.MoMLSimpleApplication@7e6f4292
reloadAllAccessors: .PublisherPort5

===========================================================================================
----------------- testing Mon Oct 28 06:13:32 UTC 2019 /home/travis/build/icyphy/ptII/ptolemy/actor/lib/test/auto/PublisherPort5LookAlike.xml
----------------- Instantiating /home/travis/build/icyphy/ptII/ptolemy/actor/lib/test/auto/PublisherPort5LookAlike.xml
7 ms. Memory: 431104K Free: 372544K (86%)
----------------- Invoking toplevel() on ptolemy.moml.MoMLSimpleApplication@5f216887
----------------- Done invoking toplevel() on ptolemy.moml.MoMLSimpleApplication@5f216887
reloadAllAccessors: .PublisherPort5LookAlike

===========================================================================================
----------------- testing Mon Oct 28 06:13:32 UTC 2019 /home/travis/build/icyphy/ptII/ptolemy/actor/lib/test/auto/PublisherPort6.xml
----------------- Instantiating /home/travis/build/icyphy/ptII/ptolemy/actor/lib/test/auto/PublisherPort6.xml
2 ms. Memory: 431104K Free: 365890K (85%)
----------------- Invoking toplevel() on ptolemy.moml.MoMLSimpleApplication@5f982811
----------------- Done invoking toplevel() on ptolemy.moml.MoMLSimpleApplication@5f982811
reloadAllAccessors: .PublisherPort6

===========================================================================================
----------------- testing Mon Oct 28 06:13:32 UTC 2019 /home/travis/build/icyphy/ptII/ptolemy/actor/lib/test/auto/PublisherPort7.xml
----------------- Instantiating /home/travis/build/icyphy/ptII/ptolemy/actor/lib/test/auto/PublisherPort7.xml
3 ms. Memory: 431104K Free: 358208K (83%)
----------------- Invoking toplevel() on ptolemy.moml.MoMLSimpleApplication@6faaced5
----------------- Done invoking toplevel() on ptolemy.moml.MoMLSimpleApplication@6faaced5
reloadAllAccessors: .PublisherPort7

===========================================================================================
----------------- testing Mon Oct 28 06:13:32 UTC 2019 /home/travis/build/icyphy/ptII/ptolemy/actor/lib/test/auto/PublisherPort8.xml
----------------- Instantiating /home/travis/build/icyphy/ptII/ptolemy/actor/lib/test/auto/PublisherPort8.xml
4 ms. Memory: 431104K Free: 348992K (81%)
----------------- Invoking toplevel() on ptolemy.moml.MoMLSimpleApplication@6e39bc7c
----------------- Done invoking toplevel() on ptolemy.moml.MoMLSimpleApplication@6e39bc7c
reloadAllAccessors: .PublisherPort8

===========================================================================================
----------------- testing Mon Oct 28 06:13:32 UTC 2019 /home/travis/build/icyphy/ptII/ptolemy/actor/lib/test/auto/PublisherPortSubscriberChannelVariablesAOC2.xml
----------------- Instantiating /home/travis/build/icyphy/ptII/ptolemy/actor/lib/test/auto/PublisherPortSubscriberChannelVariablesAOC2.xml
2 ms. Memory: 431104K Free: 332098K (77%)
----------------- Invoking toplevel() on ptolemy.moml.MoMLSimpleApplication@2e60050
----------------- Done invoking toplevel() on ptolemy.moml.MoMLSimpleApplication@2e60050
reloadAllAccessors: .PublisherPortSubscriberChannelVariablesAOC2

===========================================================================================
----------------- testing Mon Oct 28 06:13:32 UTC 2019 /home/travis/build/icyphy/ptII/ptolemy/actor/lib/test/auto/PublisherPortSubscriberOpaqueWidthInference.xml
----------------- Instantiating /home/travis/build/icyphy/ptII/ptolemy/actor/lib/test/auto/PublisherPortSubscriberOpaqueWidthInference.xml
3 ms. Memory: 431104K Free: 324402K (75%)
----------------- Invoking toplevel() on ptolemy.moml.MoMLSimpleApplication@29195d5f
----------------- Done invoking toplevel() on ptolemy.moml.MoMLSimpleApplication@29195d5f
reloadAllAccessors: .PublisherPortSubscriberOpaqueWidthInference

===========================================================================================
----------------- testing Mon Oct 28 06:13:32 UTC 2019 /home/travis/build/icyphy/ptII/ptolemy/actor/lib/test/auto/PublisherPortSubscriberPortAdjacent.xml
----------------- Instantiating /home/travis/build/icyphy/ptII/ptolemy/actor/lib/test/auto/PublisherPortSubscriberPortAdjacent.xml
1 ms. Memory: 431104K Free: 316224K (73%)
----------------- Invoking toplevel() on ptolemy.moml.MoMLSimpleApplication@a38fd80
----------------- Done invoking toplevel() on ptolemy.moml.MoMLSimpleApplication@a38fd80
reloadAllAccessors: .PublisherPortSubscriberPortAdjacent

===========================================================================================
----------------- testing Mon Oct 28 06:13:32 UTC 2019 /home/travis/build/icyphy/ptII/ptolemy/actor/lib/test/auto/PublisherPortSubscriberPortExpression.xml
----------------- Instantiating /home/travis/build/icyphy/ptII/ptolemy/actor/lib/test/auto/PublisherPortSubscriberPortExpression.xml
3 ms. Memory: 431104K Free: 308546K (72%)
----------------- Invoking toplevel() on ptolemy.moml.MoMLSimpleApplication@52252398
----------------- Done invoking toplevel() on ptolemy.moml.MoMLSimpleApplication@52252398
reloadAllAccessors: .PublisherPortSubscriberPortExpression

===========================================================================================
----------------- testing Mon Oct 28 06:13:32 UTC 2019 /home/travis/build/icyphy/ptII/ptolemy/actor/lib/test/auto/PublisherPortSubscriberPortOpaqueD3Reverse.xml
----------------- Instantiating /home/travis/build/icyphy/ptII/ptolemy/actor/lib/test/auto/PublisherPortSubscriberPortOpaqueD3Reverse.xml
7 ms. Memory: 431104K Free: 298306K (69%)
----------------- Invoking toplevel() on ptolemy.moml.MoMLSimpleApplication@72c42b5c
----------------- Done invoking toplevel() on ptolemy.moml.MoMLSimpleApplication@72c42b5c
reloadAllAccessors: .PublisherPortSubscriberPortOpaqueD3Reverse

===========================================================================================
----------------- testing Mon Oct 28 06:13:32 UTC 2019 /home/travis/build/icyphy/ptII/ptolemy/actor/lib/test/auto/PublisherPortSubscriberPortOpaqueWidthInference.xml
----------------- Instantiating /home/travis/build/icyphy/ptII/ptolemy/actor/lib/test/auto/PublisherPortSubscriberPortOpaqueWidthInference.xml
3 ms. Memory: 431104K Free: 290610K (67%)
----------------- Invoking toplevel() on ptolemy.moml.MoMLSimpleApplication@2d2800c0
----------------- Done invoking toplevel() on ptolemy.moml.MoMLSimpleApplication@2d2800c0
reloadAllAccessors: .PublisherPortSubscriberPortOpaqueWidthInference

===========================================================================================
----------------- testing Mon Oct 28 06:13:32 UTC 2019 /home/travis/build/icyphy/ptII/ptolemy/actor/lib/test/auto/PublisherPortToplevelSubscriberPortAOC.xml
----------------- Instantiating /home/travis/build/icyphy/ptII/ptolemy/actor/lib/test/auto/PublisherPortToplevelSubscriberPortAOC.xml
.PublisherPortToplevelSubscriberPortAOC.TestExceptionAttribute: initialize() was not invoked, but wrapup() was.  This is unusual, but not always a problem.  For example, exporting JNLP will do this.
1 ms. Memory: 431104K Free: 284480K (66%)
----------------- Invoking toplevel() on ptolemy.moml.MoMLSimpleApplication@20bbe46a
----------------- Done invoking toplevel() on ptolemy.moml.MoMLSimpleApplication@20bbe46a
reloadAllAccessors: .PublisherPortToplevelSubscriberPortAOC

===========================================================================================
----------------- testing Mon Oct 28 06:13:32 UTC 2019 /home/travis/build/icyphy/ptII/ptolemy/actor/lib/test/auto/PublisherSubscriber.xml
----------------- Instantiating /home/travis/build/icyphy/ptII/ptolemy/actor/lib/test/auto/PublisherSubscriber.xml
2 ms. Memory: 431104K Free: 276802K (64%)
----------------- Invoking toplevel() on ptolemy.moml.MoMLSimpleApplication@5ae39fd
----------------- Done invoking toplevel() on ptolemy.moml.MoMLSimpleApplication@5ae39fd
reloadAllAccessors: .PublisherSubscriber

===========================================================================================
----------------- testing Mon Oct 28 06:13:32 UTC 2019 /home/travis/build/icyphy/ptII/ptolemy/actor/lib/test/auto/PublisherSubscriber10.xml
----------------- Instantiating /home/travis/build/icyphy/ptII/ptolemy/actor/lib/test/auto/PublisherSubscriber10.xml
7 ms. Memory: 431104K Free: 267586K (62%)
----------------- Invoking toplevel() on ptolemy.moml.MoMLSimpleApplication@512ad15f
----------------- Done invoking toplevel() on ptolemy.moml.MoMLSimpleApplication@512ad15f
reloadAllAccessors: .PublisherSubscriber10

===========================================================================================
----------------- testing Mon Oct 28 06:13:32 UTC 2019 /home/travis/build/icyphy/ptII/ptolemy/actor/lib/test/auto/PublisherSubscriber10InitialOutputs.xml
----------------- Instantiating /home/travis/build/icyphy/ptII/ptolemy/actor/lib/test/auto/PublisherSubscriber10InitialOutputs.xml
12 ms. Memory: 431104K Free: 257856K (60%)
----------------- Invoking toplevel() on ptolemy.moml.MoMLSimpleApplication@255a6d8d
----------------- Done invoking toplevel() on ptolemy.moml.MoMLSimpleApplication@255a6d8d
reloadAllAccessors: .PublisherSubscriber10InitialOutputs

===========================================================================================
----------------- testing Mon Oct 28 06:13:33 UTC 2019 /home/travis/build/icyphy/ptII/ptolemy/actor/lib/test/auto/PublisherSubscriber11.xml
----------------- Instantiating /home/travis/build/icyphy/ptII/ptolemy/actor/lib/test/auto/PublisherSubscriber11.xml
3 ms. Memory: 431104K Free: 251698K (58%)
----------------- Invoking toplevel() on ptolemy.moml.MoMLSimpleApplication@3d1bfa4
----------------- Done invoking toplevel() on ptolemy.moml.MoMLSimpleApplication@3d1bfa4
reloadAllAccessors: .PublisherSubscriber11

===========================================================================================
----------------- testing Mon Oct 28 06:13:33 UTC 2019 /home/travis/build/icyphy/ptII/ptolemy/actor/lib/test/auto/PublisherSubscriber12.xml
----------------- Instantiating /home/travis/build/icyphy/ptII/ptolemy/actor/lib/test/auto/PublisherSubscriber12.xml
2 ms. Memory: 431104K Free: 244544K (57%)
----------------- Invoking toplevel() on ptolemy.moml.MoMLSimpleApplication@763950d
----------------- Done invoking toplevel() on ptolemy.moml.MoMLSimpleApplication@763950d
reloadAllAccessors: .PublisherSubscriber12

===========================================================================================
----------------- testing Mon Oct 28 06:13:33 UTC 2019 /home/travis/build/icyphy/ptII/ptolemy/actor/lib/test/auto/PublisherSubscriber13.xml
----------------- Instantiating /home/travis/build/icyphy/ptII/ptolemy/actor/lib/test/auto/PublisherSubscriber13.xml
3 ms. Memory: 431104K Free: 238914K (55%)
----------------- Invoking toplevel() on ptolemy.moml.MoMLSimpleApplication@777cbaa2
----------------- Done invoking toplevel() on ptolemy.moml.MoMLSimpleApplication@777cbaa2
reloadAllAccessors: .PublisherSubscriber13

===========================================================================================
----------------- testing Mon Oct 28 06:13:33 UTC 2019 /home/travis/build/icyphy/ptII/ptolemy/actor/lib/test/auto/PublisherSubscriber14.xml
----------------- Instantiating /home/travis/build/icyphy/ptII/ptolemy/actor/lib/test/auto/PublisherSubscriber14.xml
2 ms. Memory: 431104K Free: 229698K (53%)
----------------- Invoking toplevel() on ptolemy.moml.MoMLSimpleApplication@7d2e29e2
----------------- Done invoking toplevel() on ptolemy.moml.MoMLSimpleApplication@7d2e29e2
reloadAllAccessors: .PublisherSubscriber14

===========================================================================================
----------------- testing Mon Oct 28 06:13:33 UTC 2019 /home/travis/build/icyphy/ptII/ptolemy/actor/lib/test/auto/PublisherSubscriber2.xml
----------------- Instantiating /home/travis/build/icyphy/ptII/ptolemy/actor/lib/test/auto/PublisherSubscriber2.xml
3 ms. Memory: 431104K Free: 224034K (52%)
----------------- Invoking toplevel() on ptolemy.moml.MoMLSimpleApplication@1a12ca95
----------------- Done invoking toplevel() on ptolemy.moml.MoMLSimpleApplication@1a12ca95
reloadAllAccessors: .PublisherSubscriber2

===========================================================================================
----------------- testing Mon Oct 28 06:13:33 UTC 2019 /home/travis/build/icyphy/ptII/ptolemy/actor/lib/test/auto/PublisherSubscriber3.xml
----------------- Instantiating /home/travis/build/icyphy/ptII/ptolemy/actor/lib/test/auto/PublisherSubscriber3.xml
2 ms. Memory: 431104K Free: 218434K (51%)
----------------- Invoking toplevel() on ptolemy.moml.MoMLSimpleApplication@3fe7899c
----------------- Done invoking toplevel() on ptolemy.moml.MoMLSimpleApplication@3fe7899c
reloadAllAccessors: .PublisherSubscriber3

===========================================================================================
----------------- testing Mon Oct 28 06:13:33 UTC 2019 /home/travis/build/icyphy/ptII/ptolemy/actor/lib/test/auto/PublisherSubscriber4.xml
----------------- Instantiating /home/travis/build/icyphy/ptII/ptolemy/actor/lib/test/auto/PublisherSubscriber4.xml
2 ms. Memory: 431104K Free: 212770K (49%)
----------------- Invoking toplevel() on ptolemy.moml.MoMLSimpleApplication@20a9f027
----------------- Done invoking toplevel() on ptolemy.moml.MoMLSimpleApplication@20a9f027
reloadAllAccessors: .PublisherSubscriber4

===========================================================================================
----------------- testing Mon Oct 28 06:13:33 UTC 2019 /home/travis/build/icyphy/ptII/ptolemy/actor/lib/test/auto/PublisherSubscriber5.xml
----------------- Instantiating /home/travis/build/icyphy/ptII/ptolemy/actor/lib/test/auto/PublisherSubscriber5.xml
2 ms. Memory: 431104K Free: 206146K (48%)
----------------- Invoking toplevel() on ptolemy.moml.MoMLSimpleApplication@4b12f004
----------------- Done invoking toplevel() on ptolemy.moml.MoMLSimpleApplication@4b12f004
reloadAllAccessors: .PublisherSubscriber5

===========================================================================================
----------------- testing Mon Oct 28 06:13:33 UTC 2019 /home/travis/build/icyphy/ptII/ptolemy/actor/lib/test/auto/PublisherSubscriber6.xml
----------------- Instantiating /home/travis/build/icyphy/ptII/ptolemy/actor/lib/test/auto/PublisherSubscriber6.xml
4 ms. Memory: 431104K Free: 198978K (46%)
----------------- Invoking toplevel() on ptolemy.moml.MoMLSimpleApplication@111b1fa0
----------------- Done invoking toplevel() on ptolemy.moml.MoMLSimpleApplication@111b1fa0
reloadAllAccessors: .PublisherSubscriber6

===========================================================================================
----------------- testing Mon Oct 28 06:13:33 UTC 2019 /home/travis/build/icyphy/ptII/ptolemy/actor/lib/test/auto/PublisherSubscriber7.xml
----------------- Instantiating /home/travis/build/icyphy/ptII/ptolemy/actor/lib/test/auto/PublisherSubscriber7.xml
8 ms. Memory: 431104K Free: 192320K (45%)
----------------- Invoking toplevel() on ptolemy.moml.MoMLSimpleApplication@7804b490
----------------- Done invoking toplevel() on ptolemy.moml.MoMLSimpleApplication@7804b490
reloadAllAccessors: .PublisherSubscriber7

===========================================================================================
----------------- testing Mon Oct 28 06:13:33 UTC 2019 /home/travis/build/icyphy/ptII/ptolemy/actor/lib/test/auto/PublisherSubscriber8.xml
----------------- Instantiating /home/travis/build/icyphy/ptII/ptolemy/actor/lib/test/auto/PublisherSubscriber8.xml
17 ms. Memory: 431104K Free: 180546K (42%)
----------------- Invoking toplevel() on ptolemy.moml.MoMLSimpleApplication@5367b300
----------------- Done invoking toplevel() on ptolemy.moml.MoMLSimpleApplication@5367b300
reloadAllAccessors: .PublisherSubscriber8

===========================================================================================
----------------- testing Mon Oct 28 06:13:33 UTC 2019 /home/travis/build/icyphy/ptII/ptolemy/actor/lib/test/auto/PublisherSubscriber9.xml
----------------- Instantiating /home/travis/build/icyphy/ptII/ptolemy/actor/lib/test/auto/PublisherSubscriber9.xml
5 ms. Memory: 431104K Free: 173378K (40%)
----------------- Invoking toplevel() on ptolemy.moml.MoMLSimpleApplication@71324cd6
----------------- Done invoking toplevel() on ptolemy.moml.MoMLSimpleApplication@71324cd6
reloadAllAccessors: .PublisherSubscriber9

===========================================================================================
----------------- testing Mon Oct 28 06:13:33 UTC 2019 /home/travis/build/icyphy/ptII/ptolemy/actor/lib/test/auto/PublisherSubscriberAdjacent.xml
----------------- Instantiating /home/travis/build/icyphy/ptII/ptolemy/actor/lib/test/auto/PublisherSubscriberAdjacent.xml
2 ms. Memory: 431104K Free: 165186K (38%)
----------------- Invoking toplevel() on ptolemy.moml.MoMLSimpleApplication@499aee2a
----------------- Done invoking toplevel() on ptolemy.moml.MoMLSimpleApplication@499aee2a
reloadAllAccessors: .PublisherSubscriberAdjacent

===========================================================================================
----------------- testing Mon Oct 28 06:13:33 UTC 2019 /home/travis/build/icyphy/ptII/ptolemy/actor/lib/test/auto/PublisherSubscriberChannelVariablesAOC2.xml
----------------- Instantiating /home/travis/build/icyphy/ptII/ptolemy/actor/lib/test/auto/PublisherSubscriberChannelVariablesAOC2.xml
2 ms. Memory: 431104K Free: 150850K (35%)
----------------- Invoking toplevel() on ptolemy.moml.MoMLSimpleApplication@3c883e65
----------------- Done invoking toplevel() on ptolemy.moml.MoMLSimpleApplication@3c883e65
reloadAllAccessors: .PublisherSubscriberChannelVariablesAOC2

===========================================================================================
----------------- testing Mon Oct 28 06:13:33 UTC 2019 /home/travis/build/icyphy/ptII/ptolemy/actor/lib/test/auto/PublisherSubscriberD3.xml
----------------- Instantiating /home/travis/build/icyphy/ptII/ptolemy/actor/lib/test/auto/PublisherSubscriberD3.xml
1 ms. Memory: 431104K Free: 143168K (33%)
----------------- Invoking toplevel() on ptolemy.moml.MoMLSimpleApplication@d246b87
----------------- Done invoking toplevel() on ptolemy.moml.MoMLSimpleApplication@d246b87
reloadAllAccessors: .PublisherSubscriberD3

===========================================================================================
----------------- testing Mon Oct 28 06:13:33 UTC 2019 /home/travis/build/icyphy/ptII/ptolemy/actor/lib/test/auto/PublisherSubscriberD3Reverse.xml
----------------- Instantiating /home/travis/build/icyphy/ptII/ptolemy/actor/lib/test/auto/PublisherSubscriberD3Reverse.xml
2 ms. Memory: 431104K Free: 137024K (32%)
----------------- Invoking toplevel() on ptolemy.moml.MoMLSimpleApplication@7c3806f7
----------------- Done invoking toplevel() on ptolemy.moml.MoMLSimpleApplication@7c3806f7
reloadAllAccessors: .PublisherSubscriberD3Reverse

===========================================================================================
----------------- testing Mon Oct 28 06:13:33 UTC 2019 /home/travis/build/icyphy/ptII/ptolemy/actor/lib/test/auto/PublisherSubscriberExpression.xml
----------------- Instantiating /home/travis/build/icyphy/ptII/ptolemy/actor/lib/test/auto/PublisherSubscriberExpression.xml
3 ms. Memory: 431104K Free: 128322K (30%)
----------------- Invoking toplevel() on ptolemy.moml.MoMLSimpleApplication@137cb07f
----------------- Done invoking toplevel() on ptolemy.moml.MoMLSimpleApplication@137cb07f
reloadAllAccessors: .PublisherSubscriberExpression

===========================================================================================
----------------- testing Mon Oct 28 06:13:33 UTC 2019 /home/travis/build/icyphy/ptII/ptolemy/actor/lib/test/auto/PublisherSubscriberOpaque.xml
----------------- Instantiating /home/travis/build/icyphy/ptII/ptolemy/actor/lib/test/auto/PublisherSubscriberOpaque.xml
3 ms. Memory: 431104K Free: 374064K (87%)
----------------- Invoking toplevel() on ptolemy.moml.MoMLSimpleApplication@d06bbac
----------------- Done invoking toplevel() on ptolemy.moml.MoMLSimpleApplication@d06bbac
reloadAllAccessors: .PublisherSubscriberOpaque

===========================================================================================
----------------- testing Mon Oct 28 06:13:33 UTC 2019 /home/travis/build/icyphy/ptII/ptolemy/actor/lib/test/auto/PublisherSubscriberOpaqueD3.xml
----------------- Instantiating /home/travis/build/icyphy/ptII/ptolemy/actor/lib/test/auto/PublisherSubscriberOpaqueD3.xml
5 ms. Memory: 431104K Free: 362286K (84%)
----------------- Invoking toplevel() on ptolemy.moml.MoMLSimpleApplication@6205f885
----------------- Done invoking toplevel() on ptolemy.moml.MoMLSimpleApplication@6205f885
reloadAllAccessors: .PublisherSubscriberOpaqueD3

===========================================================================================
----------------- testing Mon Oct 28 06:13:33 UTC 2019 /home/travis/build/icyphy/ptII/ptolemy/actor/lib/test/auto/PublisherSubscriberOpaqueD3Reverse.xml
----------------- Instantiating /home/travis/build/icyphy/ptII/ptolemy/actor/lib/test/auto/PublisherSubscriberOpaqueD3Reverse.xml
8 ms. Memory: 431104K Free: 351022K (81%)
----------------- Invoking toplevel() on ptolemy.moml.MoMLSimpleApplication@4a98fad1
----------------- Done invoking toplevel() on ptolemy.moml.MoMLSimpleApplication@4a98fad1
reloadAllAccessors: .PublisherSubscriberOpaqueD3Reverse

===========================================================================================
----------------- testing Mon Oct 28 06:13:33 UTC 2019 /home/travis/build/icyphy/ptII/ptolemy/actor/lib/test/auto/PublisherSubscriberOpaqueWidthInference.xml
----------------- Instantiating /home/travis/build/icyphy/ptII/ptolemy/actor/lib/test/auto/PublisherSubscriberOpaqueWidthInference.xml
4 ms. Memory: 431104K Free: 342816K (80%)
----------------- Invoking toplevel() on ptolemy.moml.MoMLSimpleApplication@3e8f6d24
----------------- Done invoking toplevel() on ptolemy.moml.MoMLSimpleApplication@3e8f6d24
reloadAllAccessors: .PublisherSubscriberOpaqueWidthInference

===========================================================================================
----------------- testing Mon Oct 28 06:13:33 UTC 2019 /home/travis/build/icyphy/ptII/ptolemy/actor/lib/test/auto/PublisherTestSubscriber.xml
----------------- Instantiating /home/travis/build/icyphy/ptII/ptolemy/actor/lib/test/auto/PublisherTestSubscriber.xml
3 ms. Memory: 431104K Free: 335152K (78%)
----------------- Invoking toplevel() on ptolemy.moml.MoMLSimpleApplication@3bbb7664
----------------- Done invoking toplevel() on ptolemy.moml.MoMLSimpleApplication@3bbb7664
reloadAllAccessors: .PublisherTestSubscriber

===========================================================================================
----------------- testing Mon Oct 28 06:13:33 UTC 2019 /home/travis/build/icyphy/ptII/ptolemy/actor/lib/test/auto/PublisherToplevelSubscriberPortAOC.xml
----------------- Instantiating /home/travis/build/icyphy/ptII/ptolemy/actor/lib/test/auto/PublisherToplevelSubscriberPortAOC.xml
2 ms. Memory: 431104K Free: 329008K (76%)
----------------- Invoking toplevel() on ptolemy.moml.MoMLSimpleApplication@2df15996
----------------- Done invoking toplevel() on ptolemy.moml.MoMLSimpleApplication@2df15996
reloadAllAccessors: .PublisherToplevelSubscriberPortAOC

===========================================================================================
----------------- testing Mon Oct 28 06:13:33 UTC 2019 /home/travis/build/icyphy/ptII/ptolemy/actor/lib/test/auto/PulseFiringLimitDE.xml
----------------- Instantiating /home/travis/build/icyphy/ptII/ptolemy/actor/lib/test/auto/PulseFiringLimitDE.xml
2 ms. Memory: 431104K Free: 322350K (75%)
----------------- Invoking toplevel() on ptolemy.moml.MoMLSimpleApplication@5ed38780
----------------- Done invoking toplevel() on ptolemy.moml.MoMLSimpleApplication@5ed38780
reloadAllAccessors: .PulseFiringLimitDE

===========================================================================================
----------------- testing Mon Oct 28 06:13:33 UTC 2019 /home/travis/build/icyphy/ptII/ptolemy/actor/lib/test/auto/Ramp1.xml
----------------- Instantiating /home/travis/build/icyphy/ptII/ptolemy/actor/lib/test/auto/Ramp1.xml
1 ms. Memory: 431104K Free: 318248K (74%)
----------------- Invoking toplevel() on ptolemy.moml.MoMLSimpleApplication@6816a989
----------------- Done invoking toplevel() on ptolemy.moml.MoMLSimpleApplication@6816a989
reloadAllAccessors: .Ramp1

===========================================================================================
----------------- testing Mon Oct 28 06:13:33 UTC 2019 /home/travis/build/icyphy/ptII/ptolemy/actor/lib/test/auto/RampFiringLimitDE.xml
----------------- Instantiating /home/travis/build/icyphy/ptII/ptolemy/actor/lib/test/auto/RampFiringLimitDE.xml
2 ms. Memory: 431104K Free: 312096K (72%)
----------------- Invoking toplevel() on ptolemy.moml.MoMLSimpleApplication@37f65013
----------------- Done invoking toplevel() on ptolemy.moml.MoMLSimpleApplication@37f65013
reloadAllAccessors: .RampFiringLimitDE

===========================================================================================
----------------- testing Mon Oct 28 06:13:33 UTC 2019 /home/travis/build/icyphy/ptII/ptolemy/actor/lib/test/auto/RampFiringLimitSDF.xml
----------------- Instantiating /home/travis/build/icyphy/ptII/ptolemy/actor/lib/test/auto/RampFiringLimitSDF.xml
2 ms. Memory: 431104K Free: 306976K (71%)
----------------- Invoking toplevel() on ptolemy.moml.MoMLSimpleApplication@1b18f5fb
----------------- Done invoking toplevel() on ptolemy.moml.MoMLSimpleApplication@1b18f5fb
reloadAllAccessors: .RampFiringLimitSDF

===========================================================================================
----------------- testing Mon Oct 28 06:13:33 UTC 2019 /home/travis/build/icyphy/ptII/ptolemy/actor/lib/test/auto/RandomInteger.xml
----------------- Instantiating /home/travis/build/icyphy/ptII/ptolemy/actor/lib/test/auto/RandomInteger.xml
1 ms. Memory: 431104K Free: 302384K (70%)
----------------- Invoking toplevel() on ptolemy.moml.MoMLSimpleApplication@cb19643
----------------- Done invoking toplevel() on ptolemy.moml.MoMLSimpleApplication@cb19643
reloadAllAccessors: .RandomInteger

===========================================================================================
----------------- testing Mon Oct 28 06:13:33 UTC 2019 /home/travis/build/icyphy/ptII/ptolemy/actor/lib/test/auto/ReadFile1.xml
----------------- Instantiating /home/travis/build/icyphy/ptII/ptolemy/actor/lib/test/auto/ReadFile1.xml
2 ms. Memory: 431104K Free: 297768K (69%)
----------------- Invoking toplevel() on ptolemy.moml.MoMLSimpleApplication@106e0769
----------------- Done invoking toplevel() on ptolemy.moml.MoMLSimpleApplication@106e0769
reloadAllAccessors: .ReadFile1

===========================================================================================
----------------- testing Mon Oct 28 06:13:33 UTC 2019 /home/travis/build/icyphy/ptII/ptolemy/actor/lib/test/auto/ReadFile2.xml
----------------- Instantiating /home/travis/build/icyphy/ptII/ptolemy/actor/lib/test/auto/ReadFile2.xml
1 ms. Memory: 431104K Free: 293678K (68%)
----------------- Invoking toplevel() on ptolemy.moml.MoMLSimpleApplication@2a665939
----------------- Done invoking toplevel() on ptolemy.moml.MoMLSimpleApplication@2a665939
reloadAllAccessors: .ReadFile2

===========================================================================================
----------------- testing Mon Oct 28 06:13:33 UTC 2019 /home/travis/build/icyphy/ptII/ptolemy/actor/lib/test/auto/Reader.xml
----------------- Instantiating /home/travis/build/icyphy/ptII/ptolemy/actor/lib/test/auto/Reader.xml
actor.lib.Reader is obsolete, use actor.lib.io.ExpressionReader instead
4 ms. Memory: 431104K Free: 289582K (67%)
----------------- Invoking toplevel() on ptolemy.moml.MoMLSimpleApplication@1d050a4e
----------------- Done invoking toplevel() on ptolemy.moml.MoMLSimpleApplication@1d050a4e
reloadAllAccessors: .Reader

===========================================================================================
----------------- testing Mon Oct 28 06:13:33 UTC 2019 /home/travis/build/icyphy/ptII/ptolemy/actor/lib/test/auto/RecordAssemblerDisplayNameTest.xml
----------------- Instantiating /home/travis/build/icyphy/ptII/ptolemy/actor/lib/test/auto/RecordAssemblerDisplayNameTest.xml
3634 ms. Memory: 431104K Free: 340356K (79%)
----------------- Invoking toplevel() on ptolemy.moml.MoMLSimpleApplication@8263480
----------------- Done invoking toplevel() on ptolemy.moml.MoMLSimpleApplication@8263480
reloadAllAccessors: .RecordAssemblerDisplayNameTest

===========================================================================================
----------------- testing Mon Oct 28 06:13:37 UTC 2019 /home/travis/build/icyphy/ptII/ptolemy/actor/lib/test/auto/RecordAssemblerTypeError.xml
----------------- Instantiating /home/travis/build/icyphy/ptII/ptolemy/actor/lib/test/auto/RecordAssemblerTypeError.xml
18 ms. Memory: 431104K Free: 330630K (77%)
----------------- Invoking toplevel() on ptolemy.moml.MoMLSimpleApplication@7ceecf1a
----------------- Done invoking toplevel() on ptolemy.moml.MoMLSimpleApplication@7ceecf1a
reloadAllAccessors: .RecordAssemblerTypeError

===========================================================================================
----------------- testing Mon Oct 28 06:13:37 UTC 2019 /home/travis/build/icyphy/ptII/ptolemy/actor/lib/test/auto/RecordDisassember.xml
----------------- Instantiating /home/travis/build/icyphy/ptII/ptolemy/actor/lib/test/auto/RecordDisassember.xml
5 ms. Memory: 431104K Free: 325990K (76%)
----------------- Invoking toplevel() on ptolemy.moml.MoMLSimpleApplication@4537a66e
----------------- Done invoking toplevel() on ptolemy.moml.MoMLSimpleApplication@4537a66e
reloadAllAccessors: .RecordDisassember

===========================================================================================
----------------- testing Mon Oct 28 06:13:37 UTC 2019 /home/travis/build/icyphy/ptII/ptolemy/actor/lib/test/auto/RecordDisassemberDisplayNameTest.xml
----------------- Instantiating /home/travis/build/icyphy/ptII/ptolemy/actor/lib/test/auto/RecordDisassemberDisplayNameTest.xml
6 ms. Memory: 431104K Free: 317828K (74%)
----------------- Invoking toplevel() on ptolemy.moml.MoMLSimpleApplication@2d3e703c
----------------- Done invoking toplevel() on ptolemy.moml.MoMLSimpleApplication@2d3e703c
reloadAllAccessors: .RecordDisassemberDisplayNameTest

===========================================================================================
----------------- testing Mon Oct 28 06:13:37 UTC 2019 /home/travis/build/icyphy/ptII/ptolemy/actor/lib/test/auto/RecordDisassembler.xml
----------------- Instantiating /home/travis/build/icyphy/ptII/ptolemy/actor/lib/test/auto/RecordDisassembler.xml
4 ms. Memory: 431104K Free: 312678K (73%)
----------------- Invoking toplevel() on ptolemy.moml.MoMLSimpleApplication@70bbd25f
----------------- Done invoking toplevel() on ptolemy.moml.MoMLSimpleApplication@70bbd25f
reloadAllAccessors: .RecordDisassembler

===========================================================================================
----------------- testing Mon Oct 28 06:13:37 UTC 2019 /home/travis/build/icyphy/ptII/ptolemy/actor/lib/test/auto/RecordDisassembler2.xml
----------------- Instantiating /home/travis/build/icyphy/ptII/ptolemy/actor/lib/test/auto/RecordDisassembler2.xml
2 ms. Memory: 431104K Free: 307558K (71%)
----------------- Invoking toplevel() on ptolemy.moml.MoMLSimpleApplication@5f465493
----------------- Done invoking toplevel() on ptolemy.moml.MoMLSimpleApplication@5f465493
reloadAllAccessors: .RecordDisassembler2

===========================================================================================
----------------- testing Mon Oct 28 06:13:37 UTC 2019 /home/travis/build/icyphy/ptII/ptolemy/actor/lib/test/auto/RecordUpdater.xml
----------------- Instantiating /home/travis/build/icyphy/ptII/ptolemy/actor/lib/test/auto/RecordUpdater.xml
2 ms. Memory: 431104K Free: 302468K (70%)
----------------- Invoking toplevel() on ptolemy.moml.MoMLSimpleApplication@518b02f4
----------------- Done invoking toplevel() on ptolemy.moml.MoMLSimpleApplication@518b02f4
reloadAllAccessors: .RecordUpdater

===========================================================================================
----------------- testing Mon Oct 28 06:13:37 UTC 2019 /home/travis/build/icyphy/ptII/ptolemy/actor/lib/test/auto/RecordUpdater2.xml
----------------- Instantiating /home/travis/build/icyphy/ptII/ptolemy/actor/lib/test/auto/RecordUpdater2.xml
2 ms. Memory: 431104K Free: 297348K (69%)
----------------- Invoking toplevel() on ptolemy.moml.MoMLSimpleApplication@3bc85faa
----------------- Done invoking toplevel() on ptolemy.moml.MoMLSimpleApplication@3bc85faa
reloadAllAccessors: .RecordUpdater2

===========================================================================================
----------------- testing Mon Oct 28 06:13:37 UTC 2019 /home/travis/build/icyphy/ptII/ptolemy/actor/lib/test/auto/RecursiveLattice.xml
----------------- Instantiating /home/travis/build/icyphy/ptII/ptolemy/actor/lib/test/auto/RecursiveLattice.xml
1 ms. Memory: 431104K Free: 292228K (68%)
----------------- Invoking toplevel() on ptolemy.moml.MoMLSimpleApplication@647dbd7e
----------------- Done invoking toplevel() on ptolemy.moml.MoMLSimpleApplication@647dbd7e
reloadAllAccessors: .RecursiveLattice

===========================================================================================
----------------- testing Mon Oct 28 06:13:37 UTC 2019 /home/travis/build/icyphy/ptII/ptolemy/actor/lib/test/auto/Router.xml
----------------- Instantiating /home/travis/build/icyphy/ptII/ptolemy/actor/lib/test/auto/Router.xml
3006 ms. Memory: 431104K Free: 280964K (65%)
----------------- Invoking toplevel() on ptolemy.moml.MoMLSimpleApplication@4445f72a
----------------- Done invoking toplevel() on ptolemy.moml.MoMLSimpleApplication@4445f72a
reloadAllAccessors: .Router

===========================================================================================
----------------- testing Mon Oct 28 06:13:40 UTC 2019 /home/travis/build/icyphy/ptII/ptolemy/actor/lib/test/auto/Router2.xml
----------------- Instantiating /home/travis/build/icyphy/ptII/ptolemy/actor/lib/test/auto/Router2.xml
3006 ms. Memory: 431104K Free: 270724K (63%)
----------------- Invoking toplevel() on ptolemy.moml.MoMLSimpleApplication@316f3780
----------------- Done invoking toplevel() on ptolemy.moml.MoMLSimpleApplication@316f3780
reloadAllAccessors: .Router2

===========================================================================================
----------------- testing Mon Oct 28 06:13:43 UTC 2019 /home/travis/build/icyphy/ptII/ptolemy/actor/lib/test/auto/RunningMaximum.xml
----------------- Instantiating /home/travis/build/icyphy/ptII/ptolemy/actor/lib/test/auto/RunningMaximum.xml
4 ms. Memory: 431104K Free: 266118K (62%)
----------------- Invoking toplevel() on ptolemy.moml.MoMLSimpleApplication@27803685
----------------- Done invoking toplevel() on ptolemy.moml.MoMLSimpleApplication@27803685
reloadAllAccessors: .RunningMaximum

===========================================================================================
----------------- testing Mon Oct 28 06:13:43 UTC 2019 /home/travis/build/icyphy/ptII/ptolemy/actor/lib/test/auto/RunningMinimum.xml
----------------- Instantiating /home/travis/build/icyphy/ptII/ptolemy/actor/lib/test/auto/RunningMinimum.xml
10 ms. Memory: 431104K Free: 261508K (61%)
----------------- Invoking toplevel() on ptolemy.moml.MoMLSimpleApplication@609039f0
----------------- Done invoking toplevel() on ptolemy.moml.MoMLSimpleApplication@609039f0
reloadAllAccessors: .RunningMinimum

===========================================================================================
----------------- testing Mon Oct 28 06:13:43 UTC 2019 /home/travis/build/icyphy/ptII/ptolemy/actor/lib/test/auto/Scale.xml
----------------- Instantiating /home/travis/build/icyphy/ptII/ptolemy/actor/lib/test/auto/Scale.xml
2 ms. Memory: 431104K Free: 256388K (59%)
----------------- Invoking toplevel() on ptolemy.moml.MoMLSimpleApplication@4c471852
----------------- Done invoking toplevel() on ptolemy.moml.MoMLSimpleApplication@4c471852
reloadAllAccessors: .Scale

===========================================================================================
----------------- testing Mon Oct 28 06:13:43 UTC 2019 /home/travis/build/icyphy/ptII/ptolemy/actor/lib/test/auto/Scale2.xml
----------------- Instantiating /home/travis/build/icyphy/ptII/ptolemy/actor/lib/test/auto/Scale2.xml
2 ms. Memory: 431104K Free: 251782K (58%)
----------------- Invoking toplevel() on ptolemy.moml.MoMLSimpleApplication@33f383a1
----------------- Done invoking toplevel() on ptolemy.moml.MoMLSimpleApplication@33f383a1
reloadAllAccessors: .Scale2

===========================================================================================
----------------- testing Mon Oct 28 06:13:43 UTC 2019 /home/travis/build/icyphy/ptII/ptolemy/actor/lib/test/auto/Scale3.xml
----------------- Instantiating /home/travis/build/icyphy/ptII/ptolemy/actor/lib/test/auto/Scale3.xml
8 ms. Memory: 431104K Free: 245124K (57%)
----------------- Invoking toplevel() on ptolemy.moml.MoMLSimpleApplication@c520fcf
----------------- Done invoking toplevel() on ptolemy.moml.MoMLSimpleApplication@c520fcf
reloadAllAccessors: .Scale3

===========================================================================================
----------------- testing Mon Oct 28 06:13:43 UTC 2019 /home/travis/build/icyphy/ptII/ptolemy/actor/lib/test/auto/ScaleArray.xml
----------------- Instantiating /home/travis/build/icyphy/ptII/ptolemy/actor/lib/test/auto/ScaleArray.xml
1 ms. Memory: 431104K Free: 240518K (56%)
----------------- Invoking toplevel() on ptolemy.moml.MoMLSimpleApplication@3e47f6cb
----------------- Done invoking toplevel() on ptolemy.moml.MoMLSimpleApplication@3e47f6cb
reloadAllAccessors: .ScaleArray

===========================================================================================
----------------- testing Mon Oct 28 06:13:43 UTC 2019 /home/travis/build/icyphy/ptII/ptolemy/actor/lib/test/auto/ScaleArray2.xml
----------------- Instantiating /home/travis/build/icyphy/ptII/ptolemy/actor/lib/test/auto/ScaleArray2.xml
1 ms. Memory: 431104K Free: 235908K (55%)
----------------- Invoking toplevel() on ptolemy.moml.MoMLSimpleApplication@393d63f8
----------------- Done invoking toplevel() on ptolemy.moml.MoMLSimpleApplication@393d63f8
reloadAllAccessors: .ScaleArray2

===========================================================================================
----------------- testing Mon Oct 28 06:13:43 UTC 2019 /home/travis/build/icyphy/ptII/ptolemy/actor/lib/test/auto/ScaleMatrix.xml
----------------- Instantiating /home/travis/build/icyphy/ptII/ptolemy/actor/lib/test/auto/ScaleMatrix.xml
137 ms. Memory: 431104K Free: 220038K (51%)
----------------- Invoking toplevel() on ptolemy.moml.MoMLSimpleApplication@31c410c7
----------------- Done invoking toplevel() on ptolemy.moml.MoMLSimpleApplication@31c410c7
reloadAllAccessors: .ScaleMatrix

===========================================================================================
----------------- testing Mon Oct 28 06:13:43 UTC 2019 /home/travis/build/icyphy/ptII/ptolemy/actor/lib/test/auto/Select.xml
----------------- Instantiating /home/travis/build/icyphy/ptII/ptolemy/actor/lib/test/auto/Select.xml
3 ms. Memory: 431104K Free: 213894K (50%)
----------------- Invoking toplevel() on ptolemy.moml.MoMLSimpleApplication@7fb9b550
----------------- Done invoking toplevel() on ptolemy.moml.MoMLSimpleApplication@7fb9b550
reloadAllAccessors: .Select

===========================================================================================
----------------- testing Mon Oct 28 06:13:43 UTC 2019 /home/travis/build/icyphy/ptII/ptolemy/actor/lib/test/auto/Select2.xml
----------------- Instantiating /home/travis/build/icyphy/ptII/ptolemy/actor/lib/test/auto/Select2.xml
2 ms. Memory: 431104K Free: 209284K (49%)
----------------- Invoking toplevel() on ptolemy.moml.MoMLSimpleApplication@e0ca3f4
----------------- Done invoking toplevel() on ptolemy.moml.MoMLSimpleApplication@e0ca3f4
reloadAllAccessors: .Select2

===========================================================================================
----------------- testing Mon Oct 28 06:13:43 UTC 2019 /home/travis/build/icyphy/ptII/ptolemy/actor/lib/test/auto/SequenceToArray2.xml
----------------- Instantiating /home/travis/build/icyphy/ptII/ptolemy/actor/lib/test/auto/SequenceToArray2.xml
114 ms. Memory: 431104K Free: 185222K (43%)
----------------- Invoking toplevel() on ptolemy.moml.MoMLSimpleApplication@1370b1d6
----------------- Done invoking toplevel() on ptolemy.moml.MoMLSimpleApplication@1370b1d6
reloadAllAccessors: .SequenceToArray2

===========================================================================================
----------------- testing Mon Oct 28 06:13:44 UTC 2019 /home/travis/build/icyphy/ptII/ptolemy/actor/lib/test/auto/SequentialClock.xml
----------------- Instantiating /home/travis/build/icyphy/ptII/ptolemy/actor/lib/test/auto/SequentialClock.xml
1 ms. Memory: 431104K Free: 181126K (42%)
----------------- Invoking toplevel() on ptolemy.moml.MoMLSimpleApplication@464f15f6
----------------- Done invoking toplevel() on ptolemy.moml.MoMLSimpleApplication@464f15f6
reloadAllAccessors: .SequentialClock

===========================================================================================
----------------- testing Mon Oct 28 06:13:44 UTC 2019 /home/travis/build/icyphy/ptII/ptolemy/actor/lib/test/auto/SetVariable.xml
----------------- Instantiating /home/travis/build/icyphy/ptII/ptolemy/actor/lib/test/auto/SetVariable.xml
6 ms. Memory: 431104K Free: 176006K (41%)
----------------- Invoking toplevel() on ptolemy.moml.MoMLSimpleApplication@67a8e371
----------------- Done invoking toplevel() on ptolemy.moml.MoMLSimpleApplication@67a8e371
reloadAllAccessors: .SetVariable

===========================================================================================
----------------- testing Mon Oct 28 06:13:44 UTC 2019 /home/travis/build/icyphy/ptII/ptolemy/actor/lib/test/auto/SetVariable2.xml
----------------- Instantiating /home/travis/build/icyphy/ptII/ptolemy/actor/lib/test/auto/SetVariable2.xml
2 ms. Memory: 431104K Free: 170886K (40%)
----------------- Invoking toplevel() on ptolemy.moml.MoMLSimpleApplication@64932e92
----------------- Done invoking toplevel() on ptolemy.moml.MoMLSimpleApplication@64932e92
reloadAllAccessors: .SetVariable2

===========================================================================================
----------------- testing Mon Oct 28 06:13:44 UTC 2019 /home/travis/build/icyphy/ptII/ptolemy/actor/lib/test/auto/SetVariable3.xml
----------------- Instantiating /home/travis/build/icyphy/ptII/ptolemy/actor/lib/test/auto/SetVariable3.xml
7 ms. Memory: 431104K Free: 165766K (38%)
----------------- Invoking toplevel() on ptolemy.moml.MoMLSimpleApplication@34052ea2
----------------- Done invoking toplevel() on ptolemy.moml.MoMLSimpleApplication@34052ea2
reloadAllAccessors: .SetVariable3

===========================================================================================
----------------- testing Mon Oct 28 06:13:44 UTC 2019 /home/travis/build/icyphy/ptII/ptolemy/actor/lib/test/auto/SetVariable4.xml
----------------- Instantiating /home/travis/build/icyphy/ptII/ptolemy/actor/lib/test/auto/SetVariable4.xml
20 ms. Memory: 431104K Free: 155526K (36%)
----------------- Invoking toplevel() on ptolemy.moml.MoMLSimpleApplication@206a7157
----------------- Done invoking toplevel() on ptolemy.moml.MoMLSimpleApplication@206a7157
reloadAllAccessors: .SetVariable4

===========================================================================================
----------------- testing Mon Oct 28 06:13:44 UTC 2019 /home/travis/build/icyphy/ptII/ptolemy/actor/lib/test/auto/SetVariable5.xml
----------------- Instantiating /home/travis/build/icyphy/ptII/ptolemy/actor/lib/test/auto/SetVariable5.xml
19 ms. Memory: 431104K Free: 145790K (34%)
----------------- Invoking toplevel() on ptolemy.moml.MoMLSimpleApplication@3e7c4013
----------------- Done invoking toplevel() on ptolemy.moml.MoMLSimpleApplication@3e7c4013
reloadAllAccessors: .SetVariable5

===========================================================================================
----------------- testing Mon Oct 28 06:13:44 UTC 2019 /home/travis/build/icyphy/ptII/ptolemy/actor/lib/test/auto/Sinewave.xml
----------------- Instantiating /home/travis/build/icyphy/ptII/ptolemy/actor/lib/test/auto/Sinewave.xml
4 ms. Memory: 431104K Free: 135556K (31%)
----------------- Invoking toplevel() on ptolemy.moml.MoMLSimpleApplication@41f63869
----------------- Done invoking toplevel() on ptolemy.moml.MoMLSimpleApplication@41f63869
reloadAllAccessors: .Sinewave

===========================================================================================
----------------- testing Mon Oct 28 06:13:44 UTC 2019 /home/travis/build/icyphy/ptII/ptolemy/actor/lib/test/auto/Sinewave2.xml
----------------- Instantiating /home/travis/build/icyphy/ptII/ptolemy/actor/lib/test/auto/Sinewave2.xml
29 ms. Memory: 431104K Free: 380114K (88%)
----------------- Invoking toplevel() on ptolemy.moml.MoMLSimpleApplication@42953cc6
----------------- Done invoking toplevel() on ptolemy.moml.MoMLSimpleApplication@42953cc6
reloadAllAccessors: .Sinewave2

===========================================================================================
----------------- testing Mon Oct 28 06:13:44 UTC 2019 /home/travis/build/icyphy/ptII/ptolemy/actor/lib/test/auto/Sinewave3.xml
----------------- Instantiating /home/travis/build/icyphy/ptII/ptolemy/actor/lib/test/auto/Sinewave3.xml
9 ms. Memory: 431104K Free: 371185K (86%)
----------------- Invoking toplevel() on ptolemy.moml.MoMLSimpleApplication@3352191a
----------------- Done invoking toplevel() on ptolemy.moml.MoMLSimpleApplication@3352191a
reloadAllAccessors: .Sinewave3

===========================================================================================
----------------- testing Mon Oct 28 06:13:44 UTC 2019 /home/travis/build/icyphy/ptII/ptolemy/actor/lib/test/auto/SingleEvent.xml
----------------- Instantiating /home/travis/build/icyphy/ptII/ptolemy/actor/lib/test/auto/SingleEvent.xml
1 ms. Memory: 431104K Free: 367089K (85%)
----------------- Invoking toplevel() on ptolemy.moml.MoMLSimpleApplication@8a6d1af
----------------- Done invoking toplevel() on ptolemy.moml.MoMLSimpleApplication@8a6d1af
reloadAllAccessors: .SingleEvent

===========================================================================================
----------------- testing Mon Oct 28 06:13:44 UTC 2019 /home/travis/build/icyphy/ptII/ptolemy/actor/lib/test/auto/Sleep.xml
----------------- Instantiating /home/travis/build/icyphy/ptII/ptolemy/actor/lib/test/auto/Sleep.xml
6003 ms. Memory: 431104K Free: 360945K (84%)
----------------- Invoking toplevel() on ptolemy.moml.MoMLSimpleApplication@65d7558c
----------------- Done invoking toplevel() on ptolemy.moml.MoMLSimpleApplication@65d7558c
reloadAllAccessors: .Sleep

===========================================================================================
----------------- testing Mon Oct 28 06:13:50 UTC 2019 /home/travis/build/icyphy/ptII/ptolemy/actor/lib/test/auto/SleepMultipleFire.xml
----------------- Instantiating /home/travis/build/icyphy/ptII/ptolemy/actor/lib/test/auto/SleepMultipleFire.xml
1005 ms. Memory: 431104K Free: 354801K (82%)
----------------- Invoking toplevel() on ptolemy.moml.MoMLSimpleApplication@2d2d5ea7
----------------- Done invoking toplevel() on ptolemy.moml.MoMLSimpleApplication@2d2d5ea7
reloadAllAccessors: .SleepMultipleFire

===========================================================================================
----------------- testing Mon Oct 28 06:13:51 UTC 2019 /home/travis/build/icyphy/ptII/ptolemy/actor/lib/test/auto/StopDE.xml
----------------- Instantiating /home/travis/build/icyphy/ptII/ptolemy/actor/lib/test/auto/StopDE.xml
2 ms. Memory: 431104K Free: 349167K (81%)
----------------- Invoking toplevel() on ptolemy.moml.MoMLSimpleApplication@74dfd310
----------------- Done invoking toplevel() on ptolemy.moml.MoMLSimpleApplication@74dfd310
reloadAllAccessors: .StopDE

===========================================================================================
----------------- testing Mon Oct 28 06:13:51 UTC 2019 /home/travis/build/icyphy/ptII/ptolemy/actor/lib/test/auto/StopSDF.xml
----------------- Instantiating /home/travis/build/icyphy/ptII/ptolemy/actor/lib/test/auto/StopSDF.xml
3 ms. Memory: 431104K Free: 344047K (80%)
----------------- Invoking toplevel() on ptolemy.moml.MoMLSimpleApplication@48bca550
----------------- Done invoking toplevel() on ptolemy.moml.MoMLSimpleApplication@48bca550
reloadAllAccessors: .StopSDF

===========================================================================================
----------------- testing Mon Oct 28 06:13:51 UTC 2019 /home/travis/build/icyphy/ptII/ptolemy/actor/lib/test/auto/StringConstant.xml
----------------- Instantiating /home/travis/build/icyphy/ptII/ptolemy/actor/lib/test/auto/StringConstant.xml
9 ms. Memory: 431104K Free: 339439K (79%)
----------------- Invoking toplevel() on ptolemy.moml.MoMLSimpleApplication@1351d4d1
----------------- Done invoking toplevel() on ptolemy.moml.MoMLSimpleApplication@1351d4d1
reloadAllAccessors: .StringConstant

===========================================================================================
----------------- testing Mon Oct 28 06:13:51 UTC 2019 /home/travis/build/icyphy/ptII/ptolemy/actor/lib/test/auto/SubscriberPortInitialValues1.xml
----------------- Instantiating /home/travis/build/icyphy/ptII/ptolemy/actor/lib/test/auto/SubscriberPortInitialValues1.xml
8 ms. Memory: 431104K Free: 330225K (77%)
----------------- Invoking toplevel() on ptolemy.moml.MoMLSimpleApplication@4736ffa2
----------------- Done invoking toplevel() on ptolemy.moml.MoMLSimpleApplication@4736ffa2
reloadAllAccessors: .SubscriberPortInitialValues1

===========================================================================================
----------------- testing Mon Oct 28 06:13:51 UTC 2019 /home/travis/build/icyphy/ptII/ptolemy/actor/lib/test/auto/SubscriberPortInitialValues13.xml
----------------- Instantiating /home/travis/build/icyphy/ptII/ptolemy/actor/lib/test/auto/SubscriberPortInitialValues13.xml
6 ms. Memory: 431104K Free: 317423K (74%)
----------------- Invoking toplevel() on ptolemy.moml.MoMLSimpleApplication@42ddb86
----------------- Done invoking toplevel() on ptolemy.moml.MoMLSimpleApplication@42ddb86
reloadAllAccessors: .SubscriberPortInitialValues13

===========================================================================================
----------------- testing Mon Oct 28 06:13:51 UTC 2019 /home/travis/build/icyphy/ptII/ptolemy/actor/lib/test/auto/SubscriberPortInitialValues14.xml
----------------- Instantiating /home/travis/build/icyphy/ptII/ptolemy/actor/lib/test/auto/SubscriberPortInitialValues14.xml
3 ms. Memory: 431104K Free: 309745K (72%)
----------------- Invoking toplevel() on ptolemy.moml.MoMLSimpleApplication@2bc9731f
----------------- Done invoking toplevel() on ptolemy.moml.MoMLSimpleApplication@2bc9731f
reloadAllAccessors: .SubscriberPortInitialValues14

===========================================================================================
----------------- testing Mon Oct 28 06:13:51 UTC 2019 /home/travis/build/icyphy/ptII/ptolemy/actor/lib/test/auto/SubscriberPortInitialValues2.xml
----------------- Instantiating /home/travis/build/icyphy/ptII/ptolemy/actor/lib/test/auto/SubscriberPortInitialValues2.xml
4 ms. Memory: 431104K Free: 302063K (70%)
----------------- Invoking toplevel() on ptolemy.moml.MoMLSimpleApplication@23172474
----------------- Done invoking toplevel() on ptolemy.moml.MoMLSimpleApplication@23172474
reloadAllAccessors: .SubscriberPortInitialValues2

===========================================================================================
----------------- testing Mon Oct 28 06:13:51 UTC 2019 /home/travis/build/icyphy/ptII/ptolemy/actor/lib/test/auto/SubscriberPortInitialValues3.xml
----------------- Instantiating /home/travis/build/icyphy/ptII/ptolemy/actor/lib/test/auto/SubscriberPortInitialValues3.xml
4 ms. Memory: 431104K Free: 290289K (67%)
----------------- Invoking toplevel() on ptolemy.moml.MoMLSimpleApplication@5eef51ff
----------------- Done invoking toplevel() on ptolemy.moml.MoMLSimpleApplication@5eef51ff
reloadAllAccessors: .SubscriberPortInitialValues3

===========================================================================================
----------------- testing Mon Oct 28 06:13:51 UTC 2019 /home/travis/build/icyphy/ptII/ptolemy/actor/lib/test/auto/SubscriptionAggregator.xml
----------------- Instantiating /home/travis/build/icyphy/ptII/ptolemy/actor/lib/test/auto/SubscriptionAggregator.xml
2 ms. Memory: 431104K Free: 283617K (66%)
----------------- Invoking toplevel() on ptolemy.moml.MoMLSimpleApplication@5dae1b41
----------------- Done invoking toplevel() on ptolemy.moml.MoMLSimpleApplication@5dae1b41
reloadAllAccessors: .SubscriptionAggregator

===========================================================================================
----------------- testing Mon Oct 28 06:13:51 UTC 2019 /home/travis/build/icyphy/ptII/ptolemy/actor/lib/test/auto/SubscriptionAggregator2.xml
----------------- Instantiating /home/travis/build/icyphy/ptII/ptolemy/actor/lib/test/auto/SubscriptionAggregator2.xml
3 ms. Memory: 431104K Free: 276457K (64%)
----------------- Invoking toplevel() on ptolemy.moml.MoMLSimpleApplication@50f68481
----------------- Done invoking toplevel() on ptolemy.moml.MoMLSimpleApplication@50f68481
reloadAllAccessors: .SubscriptionAggregator2

===========================================================================================
----------------- testing Mon Oct 28 06:13:51 UTC 2019 /home/travis/build/icyphy/ptII/ptolemy/actor/lib/test/auto/SubscriptionAggregator3.xml
----------------- Instantiating /home/travis/build/icyphy/ptII/ptolemy/actor/lib/test/auto/SubscriptionAggregator3.xml
4 ms. Memory: 431104K Free: 267247K (62%)
----------------- Invoking toplevel() on ptolemy.moml.MoMLSimpleApplication@7163c84b
----------------- Done invoking toplevel() on ptolemy.moml.MoMLSimpleApplication@7163c84b
reloadAllAccessors: .SubscriptionAggregator3

===========================================================================================
----------------- testing Mon Oct 28 06:13:51 UTC 2019 /home/travis/build/icyphy/ptII/ptolemy/actor/lib/test/auto/SubscriptionAggregatorMultiply.xml
----------------- Instantiating /home/travis/build/icyphy/ptII/ptolemy/actor/lib/test/auto/SubscriptionAggregatorMultiply.xml
14 ms. Memory: 431104K Free: 259049K (60%)
----------------- Invoking toplevel() on ptolemy.moml.MoMLSimpleApplication@4a930834
----------------- Done invoking toplevel() on ptolemy.moml.MoMLSimpleApplication@4a930834
reloadAllAccessors: .SubscriptionAggregatorMultiply

===========================================================================================
----------------- testing Mon Oct 28 06:13:51 UTC 2019 /home/travis/build/icyphy/ptII/ptolemy/actor/lib/test/auto/SubscriptionAggregatorPortMultiply1.xml
----------------- Instantiating /home/travis/build/icyphy/ptII/ptolemy/actor/lib/test/auto/SubscriptionAggregatorPortMultiply1.xml
4 ms. Memory: 431104K Free: 251377K (58%)
----------------- Invoking toplevel() on ptolemy.moml.MoMLSimpleApplication@4ad2e9a3
----------------- Done invoking toplevel() on ptolemy.moml.MoMLSimpleApplication@4ad2e9a3
reloadAllAccessors: .SubscriptionAggregatorPortMultiply1

===========================================================================================
----------------- testing Mon Oct 28 06:13:51 UTC 2019 /home/travis/build/icyphy/ptII/ptolemy/actor/lib/test/auto/Switch.xml
----------------- Instantiating /home/travis/build/icyphy/ptII/ptolemy/actor/lib/test/auto/Switch.xml
8 ms. Memory: 431104K Free: 243185K (56%)
----------------- Invoking toplevel() on ptolemy.moml.MoMLSimpleApplication@850167e
----------------- Done invoking toplevel() on ptolemy.moml.MoMLSimpleApplication@850167e
reloadAllAccessors: .Switch

===========================================================================================
----------------- testing Mon Oct 28 06:13:51 UTC 2019 /home/travis/build/icyphy/ptII/ptolemy/actor/lib/test/auto/Switch2.xml
----------------- Instantiating /home/travis/build/icyphy/ptII/ptolemy/actor/lib/test/auto/Switch2.xml
1 ms. Memory: 431104K Free: 238065K (55%)
----------------- Invoking toplevel() on ptolemy.moml.MoMLSimpleApplication@56f3f718
----------------- Done invoking toplevel() on ptolemy.moml.MoMLSimpleApplication@56f3f718
reloadAllAccessors: .Switch2

===========================================================================================
----------------- testing Mon Oct 28 06:13:51 UTC 2019 /home/travis/build/icyphy/ptII/ptolemy/actor/lib/test/auto/SwitchDE.xml
----------------- Instantiating /home/travis/build/icyphy/ptII/ptolemy/actor/lib/test/auto/SwitchDE.xml
3 ms. Memory: 431104K Free: 231921K (54%)
----------------- Invoking toplevel() on ptolemy.moml.MoMLSimpleApplication@44944e82
----------------- Done invoking toplevel() on ptolemy.moml.MoMLSimpleApplication@44944e82
reloadAllAccessors: .SwitchDE

===========================================================================================
----------------- testing Mon Oct 28 06:13:51 UTC 2019 /home/travis/build/icyphy/ptII/ptolemy/actor/lib/test/auto/SynchronizerDE.xml
----------------- Instantiating /home/travis/build/icyphy/ptII/ptolemy/actor/lib/test/auto/SynchronizerDE.xml
8 ms. Memory: 431104K Free: 223729K (52%)
----------------- Invoking toplevel() on ptolemy.moml.MoMLSimpleApplication@21cd14a9
----------------- Done invoking toplevel() on ptolemy.moml.MoMLSimpleApplication@21cd14a9
reloadAllAccessors: .SynchronizerDE

===========================================================================================
----------------- testing Mon Oct 28 06:13:51 UTC 2019 /home/travis/build/icyphy/ptII/ptolemy/actor/lib/test/auto/Test.xml
----------------- Instantiating /home/travis/build/icyphy/ptII/ptolemy/actor/lib/test/auto/Test.xml
2 ms. Memory: 431104K Free: 218065K (51%)
----------------- Invoking toplevel() on ptolemy.moml.MoMLSimpleApplication@5294d59e
----------------- Done invoking toplevel() on ptolemy.moml.MoMLSimpleApplication@5294d59e
reloadAllAccessors: .Test

===========================================================================================
----------------- testing Mon Oct 28 06:13:51 UTC 2019 /home/travis/build/icyphy/ptII/ptolemy/actor/lib/test/auto/TestExceptionAttribute1.xml
----------------- Instantiating /home/travis/build/icyphy/ptII/ptolemy/actor/lib/test/auto/TestExceptionAttribute1.xml
1 ms. Memory: 431104K Free: 214513K (50%)
----------------- Invoking toplevel() on ptolemy.moml.MoMLSimpleApplication@3e3ea153
----------------- Done invoking toplevel() on ptolemy.moml.MoMLSimpleApplication@3e3ea153
reloadAllAccessors: .TestExceptionAttribute1

===========================================================================================
----------------- testing Mon Oct 28 06:13:51 UTC 2019 /home/travis/build/icyphy/ptII/ptolemy/actor/lib/test/auto/TestExceptionAttribute2.xml
----------------- Instantiating /home/travis/build/icyphy/ptII/ptolemy/actor/lib/test/auto/TestExceptionAttribute2.xml
2 ms. Memory: 431104K Free: 210927K (49%)
----------------- Invoking toplevel() on ptolemy.moml.MoMLSimpleApplication@49b469e9
----------------- Done invoking toplevel() on ptolemy.moml.MoMLSimpleApplication@49b469e9
reloadAllAccessors: .TestExceptionAttribute2

===========================================================================================
----------------- testing Mon Oct 28 06:13:51 UTC 2019 /home/travis/build/icyphy/ptII/ptolemy/actor/lib/test/auto/TestExceptionAttribute3.xml
----------------- Instantiating /home/travis/build/icyphy/ptII/ptolemy/actor/lib/test/auto/TestExceptionAttribute3.xml
.TestExceptionAttribute3.TestExceptionAttribute: initialize() was not invoked, but wrapup() was.  This is unusual, but not always a problem.  For example, exporting JNLP will do this.
0 ms. Memory: 431104K Free: 206831K (48%)
----------------- Invoking toplevel() on ptolemy.moml.MoMLSimpleApplication@429712dc
----------------- Done invoking toplevel() on ptolemy.moml.MoMLSimpleApplication@429712dc
reloadAllAccessors: .TestExceptionAttribute3

===========================================================================================
----------------- testing Mon Oct 28 06:13:51 UTC 2019 /home/travis/build/icyphy/ptII/ptolemy/actor/lib/test/auto/TestExceptionAttribute4.xml
----------------- Instantiating /home/travis/build/icyphy/ptII/ptolemy/actor/lib/test/auto/TestExceptionAttribute4.xml
.TestExceptionAttribute4.TestExceptionAttribute: initialize() was not invoked, but wrapup() was.  This is unusual, but not always a problem.  For example, exporting JNLP will do this.
.TestExceptionAttribute4.TestExceptionAttribute2: initialize() was not invoked, but wrapup() was.  This is unusual, but not always a problem.  For example, exporting JNLP will do this.
1 ms. Memory: 431104K Free: 202735K (47%)
----------------- Invoking toplevel() on ptolemy.moml.MoMLSimpleApplication@4ab4c8f4
----------------- Done invoking toplevel() on ptolemy.moml.MoMLSimpleApplication@4ab4c8f4
reloadAllAccessors: .TestExceptionAttribute4

===========================================================================================
----------------- testing Mon Oct 28 06:13:51 UTC 2019 /home/travis/build/icyphy/ptII/ptolemy/actor/lib/test/auto/TestExceptionHandler1.xml
----------------- Instantiating /home/travis/build/icyphy/ptII/ptolemy/actor/lib/test/auto/TestExceptionHandler1.xml
1 ms. Memory: 431104K Free: 199153K (46%)
----------------- Invoking toplevel() on ptolemy.moml.MoMLSimpleApplication@250ea674
----------------- Done invoking toplevel() on ptolemy.moml.MoMLSimpleApplication@250ea674
reloadAllAccessors: .TestExceptionHandler1

===========================================================================================
----------------- testing Mon Oct 28 06:13:51 UTC 2019 /home/travis/build/icyphy/ptII/ptolemy/actor/lib/test/auto/TestExceptionHandler2.xml
----------------- Instantiating /home/travis/build/icyphy/ptII/ptolemy/actor/lib/test/auto/TestExceptionHandler2.xml
1 ms. Memory: 431104K Free: 195057K (45%)
----------------- Invoking toplevel() on ptolemy.moml.MoMLSimpleApplication@19092708
----------------- Done invoking toplevel() on ptolemy.moml.MoMLSimpleApplication@19092708
reloadAllAccessors: .TestExceptionHandler2

===========================================================================================
----------------- testing Mon Oct 28 06:13:51 UTC 2019 /home/travis/build/icyphy/ptII/ptolemy/actor/lib/test/auto/TestExceptionHandler3.xml
----------------- Instantiating /home/travis/build/icyphy/ptII/ptolemy/actor/lib/test/auto/TestExceptionHandler3.xml
1 ms. Memory: 431104K Free: 191471K (44%)
----------------- Invoking toplevel() on ptolemy.moml.MoMLSimpleApplication@690e6f4d
----------------- Done invoking toplevel() on ptolemy.moml.MoMLSimpleApplication@690e6f4d
reloadAllAccessors: .TestExceptionHandler3

===========================================================================================
----------------- testing Mon Oct 28 06:13:51 UTC 2019 /home/travis/build/icyphy/ptII/ptolemy/actor/lib/test/auto/TestExceptionHandler4.xml
----------------- Instantiating /home/travis/build/icyphy/ptII/ptolemy/actor/lib/test/auto/TestExceptionHandler4.xml
1 ms. Memory: 431104K Free: 187375K (43%)
----------------- Invoking toplevel() on ptolemy.moml.MoMLSimpleApplication@24a5e439
----------------- Done invoking toplevel() on ptolemy.moml.MoMLSimpleApplication@24a5e439
reloadAllAccessors: .TestExceptionHandler4

===========================================================================================
----------------- testing Mon Oct 28 06:13:51 UTC 2019 /home/travis/build/icyphy/ptII/ptolemy/actor/lib/test/auto/TestRequireCorrectOrder.xml
----------------- Instantiating /home/travis/build/icyphy/ptII/ptolemy/actor/lib/test/auto/TestRequireCorrectOrder.xml
10 ms. Memory: 431104K Free: 181745K (42%)
----------------- Invoking toplevel() on ptolemy.moml.MoMLSimpleApplication@1403c75
----------------- Done invoking toplevel() on ptolemy.moml.MoMLSimpleApplication@1403c75
reloadAllAccessors: .TestRequireCorrectOrder

===========================================================================================
----------------- testing Mon Oct 28 06:13:51 UTC 2019 /home/travis/build/icyphy/ptII/ptolemy/actor/lib/test/auto/TestSimple.xml
----------------- Instantiating /home/travis/build/icyphy/ptII/ptolemy/actor/lib/test/auto/TestSimple.xml
2 ms. Memory: 431104K Free: 177135K (41%)
----------------- Invoking toplevel() on ptolemy.moml.MoMLSimpleApplication@70e2511d
----------------- Done invoking toplevel() on ptolemy.moml.MoMLSimpleApplication@70e2511d
reloadAllAccessors: .TestSimple

===========================================================================================
----------------- testing Mon Oct 28 06:13:51 UTC 2019 /home/travis/build/icyphy/ptII/ptolemy/actor/lib/test/auto/ThrowModelError.xml
----------------- Instantiating /home/travis/build/icyphy/ptII/ptolemy/actor/lib/test/auto/ThrowModelError.xml
1 ms. Memory: 431104K Free: 172529K (40%)
----------------- Invoking toplevel() on ptolemy.moml.MoMLSimpleApplication@50db1666
----------------- Done invoking toplevel() on ptolemy.moml.MoMLSimpleApplication@50db1666
reloadAllAccessors: .ThrowModelError

===========================================================================================
----------------- testing Mon Oct 28 06:13:51 UTC 2019 /home/travis/build/icyphy/ptII/ptolemy/actor/lib/test/auto/TimeDelayMicrosteps.xml
----------------- Instantiating /home/travis/build/icyphy/ptII/ptolemy/actor/lib/test/auto/TimeDelayMicrosteps.xml
3 ms. Memory: 431104K Free: 165361K (38%)
----------------- Invoking toplevel() on ptolemy.moml.MoMLSimpleApplication@74e6228e
----------------- Done invoking toplevel() on ptolemy.moml.MoMLSimpleApplication@74e6228e
reloadAllAccessors: .TimeDelayMicrosteps

===========================================================================================
----------------- testing Mon Oct 28 06:13:51 UTC 2019 /home/travis/build/icyphy/ptII/ptolemy/actor/lib/test/auto/TimeDelayMicrosteps2.xml
----------------- Instantiating /home/travis/build/icyphy/ptII/ptolemy/actor/lib/test/auto/TimeDelayMicrosteps2.xml
3 ms. Memory: 431104K Free: 158193K (37%)
----------------- Invoking toplevel() on ptolemy.moml.MoMLSimpleApplication@34e7d977
----------------- Done invoking toplevel() on ptolemy.moml.MoMLSimpleApplication@34e7d977
reloadAllAccessors: .TimeDelayMicrosteps2

===========================================================================================
----------------- testing Mon Oct 28 06:13:51 UTC 2019 /home/travis/build/icyphy/ptII/ptolemy/actor/lib/test/auto/TimeDelayMicrosteps3.xml
----------------- Instantiating /home/travis/build/icyphy/ptII/ptolemy/actor/lib/test/auto/TimeDelayMicrosteps3.xml
3 ms. Memory: 431104K Free: 151529K (35%)
----------------- Invoking toplevel() on ptolemy.moml.MoMLSimpleApplication@208b79f7
----------------- Done invoking toplevel() on ptolemy.moml.MoMLSimpleApplication@208b79f7
reloadAllAccessors: .TimeDelayMicrosteps3

===========================================================================================
----------------- testing Mon Oct 28 06:13:51 UTC 2019 /home/travis/build/icyphy/ptII/ptolemy/actor/lib/test/auto/TimeDelayVariableMicrosteps.xml
----------------- Instantiating /home/travis/build/icyphy/ptII/ptolemy/actor/lib/test/auto/TimeDelayVariableMicrosteps.xml
4 ms. Memory: 431104K Free: 144881K (34%)
----------------- Invoking toplevel() on ptolemy.moml.MoMLSimpleApplication@7241384c
----------------- Done invoking toplevel() on ptolemy.moml.MoMLSimpleApplication@7241384c
reloadAllAccessors: .TimeDelayVariableMicrosteps

===========================================================================================
----------------- testing Mon Oct 28 06:13:51 UTC 2019 /home/travis/build/icyphy/ptII/ptolemy/actor/lib/test/auto/TimeGap.xml
----------------- Instantiating /home/travis/build/icyphy/ptII/ptolemy/actor/lib/test/auto/TimeGap.xml
2 ms. Memory: 431104K Free: 139761K (32%)
----------------- Invoking toplevel() on ptolemy.moml.MoMLSimpleApplication@5263f54e
----------------- Done invoking toplevel() on ptolemy.moml.MoMLSimpleApplication@5263f54e
reloadAllAccessors: .TimeGap

===========================================================================================
----------------- testing Mon Oct 28 06:13:51 UTC 2019 /home/travis/build/icyphy/ptII/ptolemy/actor/lib/test/auto/TimeGap2.xml
----------------- Instantiating /home/travis/build/icyphy/ptII/ptolemy/actor/lib/test/auto/TimeGap2.xml
4 ms. Memory: 431104K Free: 134113K (31%)
----------------- Invoking toplevel() on ptolemy.moml.MoMLSimpleApplication@28d71438
----------------- Done invoking toplevel() on ptolemy.moml.MoMLSimpleApplication@28d71438
reloadAllAccessors: .TimeGap2

===========================================================================================
----------------- testing Mon Oct 28 06:13:51 UTC 2019 /home/travis/build/icyphy/ptII/ptolemy/actor/lib/test/auto/TimedSinewave.xml
----------------- Instantiating /home/travis/build/icyphy/ptII/ptolemy/actor/lib/test/auto/TimedSinewave.xml
23 ms. Memory: 431104K Free: 374153K (87%)
----------------- Invoking toplevel() on ptolemy.moml.MoMLSimpleApplication@7bbd1c40
----------------- Done invoking toplevel() on ptolemy.moml.MoMLSimpleApplication@7bbd1c40
reloadAllAccessors: .TimedSinewave

===========================================================================================
----------------- testing Mon Oct 28 06:13:52 UTC 2019 /home/travis/build/icyphy/ptII/ptolemy/actor/lib/test/auto/TimedSinewavePhase.xml
----------------- Instantiating /home/travis/build/icyphy/ptII/ptolemy/actor/lib/test/auto/TimedSinewavePhase.xml
10 ms. Memory: 431104K Free: 363913K (84%)
----------------- Invoking toplevel() on ptolemy.moml.MoMLSimpleApplication@4a253864
----------------- Done invoking toplevel() on ptolemy.moml.MoMLSimpleApplication@4a253864
reloadAllAccessors: .TimedSinewavePhase

===========================================================================================
----------------- testing Mon Oct 28 06:13:52 UTC 2019 /home/travis/build/icyphy/ptII/ptolemy/actor/lib/test/auto/Timer.xml
----------------- Instantiating /home/travis/build/icyphy/ptII/ptolemy/actor/lib/test/auto/Timer.xml
4 ms. Memory: 431104K Free: 358273K (83%)
----------------- Invoking toplevel() on ptolemy.moml.MoMLSimpleApplication@61e29d7f
----------------- Done invoking toplevel() on ptolemy.moml.MoMLSimpleApplication@61e29d7f
reloadAllAccessors: .Timer

===========================================================================================
----------------- testing Mon Oct 28 06:13:52 UTC 2019 /home/travis/build/icyphy/ptII/ptolemy/actor/lib/test/auto/TriangularDistTestModel.xml
----------------- Instantiating /home/travis/build/icyphy/ptII/ptolemy/actor/lib/test/auto/TriangularDistTestModel.xml
2 ms. Memory: 431104K Free: 352105K (82%)
----------------- Invoking toplevel() on ptolemy.moml.MoMLSimpleApplication@617c22b4
----------------- Done invoking toplevel() on ptolemy.moml.MoMLSimpleApplication@617c22b4
reloadAllAccessors: .TriangularDistTestModel

===========================================================================================
----------------- testing Mon Oct 28 06:13:52 UTC 2019 /home/travis/build/icyphy/ptII/ptolemy/actor/lib/test/auto/TrigFunction.xml
----------------- Instantiating /home/travis/build/icyphy/ptII/ptolemy/actor/lib/test/auto/TrigFunction.xml
2 ms. Memory: 431104K Free: 347529K (81%)
----------------- Invoking toplevel() on ptolemy.moml.MoMLSimpleApplication@372625b3
----------------- Done invoking toplevel() on ptolemy.moml.MoMLSimpleApplication@372625b3
reloadAllAccessors: .TrigFunction

===========================================================================================
----------------- testing Mon Oct 28 06:13:52 UTC 2019 /home/travis/build/icyphy/ptII/ptolemy/actor/lib/test/auto/TrigFunctionDE.xml
----------------- Instantiating /home/travis/build/icyphy/ptII/ptolemy/actor/lib/test/auto/TrigFunctionDE.xml
2 ms. Memory: 431104K Free: 341889K (79%)
----------------- Invoking toplevel() on ptolemy.moml.MoMLSimpleApplication@58be06b
----------------- Done invoking toplevel() on ptolemy.moml.MoMLSimpleApplication@58be06b
reloadAllAccessors: .TrigFunctionDE

===========================================================================================
----------------- testing Mon Oct 28 06:13:52 UTC 2019 /home/travis/build/icyphy/ptII/ptolemy/actor/lib/test/auto/TrigFunctionInverse.xml
----------------- Instantiating /home/travis/build/icyphy/ptII/ptolemy/actor/lib/test/auto/TrigFunctionInverse.xml
2 ms. Memory: 431104K Free: 336265K (78%)
----------------- Invoking toplevel() on ptolemy.moml.MoMLSimpleApplication@7f7769f
----------------- Done invoking toplevel() on ptolemy.moml.MoMLSimpleApplication@7f7769f
reloadAllAccessors: .TrigFunctionInverse

===========================================================================================
----------------- testing Mon Oct 28 06:13:52 UTC 2019 /home/travis/build/icyphy/ptII/ptolemy/actor/lib/test/auto/TrigFunctionTan.xml
----------------- Instantiating /home/travis/build/icyphy/ptII/ptolemy/actor/lib/test/auto/TrigFunctionTan.xml
2 ms. Memory: 431104K Free: 331655K (77%)
----------------- Invoking toplevel() on ptolemy.moml.MoMLSimpleApplication@698f3b73
----------------- Done invoking toplevel() on ptolemy.moml.MoMLSimpleApplication@698f3b73
reloadAllAccessors: .TrigFunctionTan

===========================================================================================
----------------- testing Mon Oct 28 06:13:52 UTC 2019 /home/travis/build/icyphy/ptII/ptolemy/actor/lib/test/auto/TriggeredClock.xml
----------------- Instantiating /home/travis/build/icyphy/ptII/ptolemy/actor/lib/test/auto/TriggeredClock.xml
1 ms. Memory: 431104K Free: 326521K (76%)
----------------- Invoking toplevel() on ptolemy.moml.MoMLSimpleApplication@2ea2209c
----------------- Done invoking toplevel() on ptolemy.moml.MoMLSimpleApplication@2ea2209c
reloadAllAccessors: .TriggeredClock

===========================================================================================
----------------- testing Mon Oct 28 06:13:52 UTC 2019 /home/travis/build/icyphy/ptII/ptolemy/actor/lib/test/auto/URLDirectoryReader.xml
----------------- Instantiating /home/travis/build/icyphy/ptII/ptolemy/actor/lib/test/auto/URLDirectoryReader.xml
35 ms. Memory: 431104K Free: 316295K (73%)
----------------- Invoking toplevel() on ptolemy.moml.MoMLSimpleApplication@251169e8
----------------- Done invoking toplevel() on ptolemy.moml.MoMLSimpleApplication@251169e8
reloadAllAccessors: .URLDirectoryReader

===========================================================================================
----------------- testing Mon Oct 28 06:13:52 UTC 2019 /home/travis/build/icyphy/ptII/ptolemy/actor/lib/test/auto/URLDirectoryReader3.xml
----------------- Instantiating /home/travis/build/icyphy/ptII/ptolemy/actor/lib/test/auto/URLDirectoryReader3.xml
1123 ms. Memory: 431104K Free: 372525K (86%)
----------------- Invoking toplevel() on ptolemy.moml.MoMLSimpleApplication@1c28750
----------------- Done invoking toplevel() on ptolemy.moml.MoMLSimpleApplication@1c28750
reloadAllAccessors: .URLDirectoryReader3

===========================================================================================
----------------- testing Mon Oct 28 06:13:53 UTC 2019 /home/travis/build/icyphy/ptII/ptolemy/actor/lib/test/auto/UnaryMathFunction.xml
----------------- Instantiating /home/travis/build/icyphy/ptII/ptolemy/actor/lib/test/auto/UnaryMathFunction.xml
4 ms. Memory: 431104K Free: 364841K (85%)
----------------- Invoking toplevel() on ptolemy.moml.MoMLSimpleApplication@1ddbe768
----------------- Done invoking toplevel() on ptolemy.moml.MoMLSimpleApplication@1ddbe768
reloadAllAccessors: .UnaryMathFunction

===========================================================================================
----------------- testing Mon Oct 28 06:13:53 UTC 2019 /home/travis/build/icyphy/ptII/ptolemy/actor/lib/test/auto/Uniform.xml
----------------- Instantiating /home/travis/build/icyphy/ptII/ptolemy/actor/lib/test/auto/Uniform.xml
2 ms. Memory: 431104K Free: 360235K (84%)
----------------- Invoking toplevel() on ptolemy.moml.MoMLSimpleApplication@5484e517
----------------- Done invoking toplevel() on ptolemy.moml.MoMLSimpleApplication@5484e517
reloadAllAccessors: .Uniform

===========================================================================================
----------------- testing Mon Oct 28 06:13:53 UTC 2019 /home/travis/build/icyphy/ptII/ptolemy/actor/lib/test/auto/UnionDisassemblerTest.xml
----------------- Instantiating /home/travis/build/icyphy/ptII/ptolemy/actor/lib/test/auto/UnionDisassemblerTest.xml
12 ms. Memory: 431104K Free: 356139K (83%)
----------------- Invoking toplevel() on ptolemy.moml.MoMLSimpleApplication@12a7bd99
----------------- Done invoking toplevel() on ptolemy.moml.MoMLSimpleApplication@12a7bd99
reloadAllAccessors: .UnionDisassemblerTest

===========================================================================================
----------------- testing Mon Oct 28 06:13:53 UTC 2019 /home/travis/build/icyphy/ptII/ptolemy/actor/lib/test/auto/UtilityFunctions.xml
----------------- Instantiating /home/travis/build/icyphy/ptII/ptolemy/actor/lib/test/auto/UtilityFunctions.xml
1 ms. Memory: 431104K Free: 352539K (82%)
----------------- Invoking toplevel() on ptolemy.moml.MoMLSimpleApplication@4452b22a
----------------- Done invoking toplevel() on ptolemy.moml.MoMLSimpleApplication@4452b22a
reloadAllAccessors: .UtilityFunctions

===========================================================================================
----------------- testing Mon Oct 28 06:13:53 UTC 2019 /home/travis/build/icyphy/ptII/ptolemy/actor/lib/test/auto/VariableSleep.xml
----------------- Instantiating /home/travis/build/icyphy/ptII/ptolemy/actor/lib/test/auto/VariableSleep.xml
504 ms. Memory: 431104K Free: 347433K (81%)
----------------- Invoking toplevel() on ptolemy.moml.MoMLSimpleApplication@477cd888
----------------- Done invoking toplevel() on ptolemy.moml.MoMLSimpleApplication@477cd888
reloadAllAccessors: .VariableSleep

===========================================================================================
----------------- testing Mon Oct 28 06:13:54 UTC 2019 /home/travis/build/icyphy/ptII/ptolemy/actor/lib/test/auto/VectorAssemblerDisassemblerCT.xml
----------------- Instantiating /home/travis/build/icyphy/ptII/ptolemy/actor/lib/test/auto/VectorAssemblerDisassemblerCT.xml
56 ms. Memory: 431104K Free: 326953K (76%)
----------------- Invoking toplevel() on ptolemy.moml.MoMLSimpleApplication@14450929
----------------- Done invoking toplevel() on ptolemy.moml.MoMLSimpleApplication@14450929
reloadAllAccessors: .VectorAssemblerDisassemblerCT

===========================================================================================
----------------- testing Mon Oct 28 06:13:54 UTC 2019 /home/travis/build/icyphy/ptII/ptolemy/actor/lib/test/auto/VectorAssemblerDisassemblerDE.xml
----------------- Instantiating /home/travis/build/icyphy/ptII/ptolemy/actor/lib/test/auto/VectorAssemblerDisassemblerDE.xml
3 ms. Memory: 431104K Free: 319785K (74%)
----------------- Invoking toplevel() on ptolemy.moml.MoMLSimpleApplication@88ed139
----------------- Done invoking toplevel() on ptolemy.moml.MoMLSimpleApplication@88ed139
reloadAllAccessors: .VectorAssemblerDisassemblerDE

===========================================================================================
----------------- testing Mon Oct 28 06:13:54 UTC 2019 /home/travis/build/icyphy/ptII/ptolemy/actor/lib/test/auto/VectorAssemblerDisassemblerSDF.xml
----------------- Instantiating /home/travis/build/icyphy/ptII/ptolemy/actor/lib/test/auto/VectorAssemblerDisassemblerSDF.xml
2 ms. Memory: 431104K Free: 313131K (73%)
----------------- Invoking toplevel() on ptolemy.moml.MoMLSimpleApplication@5075d804
----------------- Done invoking toplevel() on ptolemy.moml.MoMLSimpleApplication@5075d804
reloadAllAccessors: .VectorAssemblerDisassemblerSDF

===========================================================================================
----------------- testing Mon Oct 28 06:13:54 UTC 2019 /home/travis/build/icyphy/ptII/ptolemy/actor/lib/test/auto/WallClockTime.xml
----------------- Instantiating /home/travis/build/icyphy/ptII/ptolemy/actor/lib/test/auto/WallClockTime.xml
1005 ms. Memory: 431104K Free: 307497K (71%)
----------------- Invoking toplevel() on ptolemy.moml.MoMLSimpleApplication@2b5edb00
----------------- Done invoking toplevel() on ptolemy.moml.MoMLSimpleApplication@2b5edb00
reloadAllAccessors: .WallClockTime

===========================================================================================
----------------- testing Mon Oct 28 06:13:55 UTC 2019 /home/travis/build/icyphy/ptII/ptolemy/actor/lib/test/auto/WidthTestWithSubscriberPublisher.xml
----------------- Instantiating /home/travis/build/icyphy/ptII/ptolemy/actor/lib/test/auto/WidthTestWithSubscriberPublisher.xml
7 ms. Memory: 431104K Free: 289579K (67%)
----------------- Invoking toplevel() on ptolemy.moml.MoMLSimpleApplication@55aff98d
----------------- Done invoking toplevel() on ptolemy.moml.MoMLSimpleApplication@55aff98d
reloadAllAccessors: .WidthTestWithSubscriberPublisher

===========================================================================================
----------------- testing Mon Oct 28 06:13:55 UTC 2019 /home/travis/build/icyphy/ptII/ptolemy/actor/lib/test/auto/WidthTestWithSubscriberPublisher2.xml
----------------- Instantiating /home/travis/build/icyphy/ptII/ptolemy/actor/lib/test/auto/WidthTestWithSubscriberPublisher2.xml
4 ms. Memory: 431104K Free: 282921K (66%)
----------------- Invoking toplevel() on ptolemy.moml.MoMLSimpleApplication@76a18740
----------------- Done invoking toplevel() on ptolemy.moml.MoMLSimpleApplication@76a18740
reloadAllAccessors: .WidthTestWithSubscriberPublisher2

===========================================================================================
----------------- testing Mon Oct 28 06:13:55 UTC 2019 /home/travis/build/icyphy/ptII/ptolemy/actor/lib/test/auto/WidthTestWithSubscriberPublisher3.xml
----------------- Instantiating /home/travis/build/icyphy/ptII/ptolemy/actor/lib/test/auto/WidthTestWithSubscriberPublisher3.xml
2 ms. Memory: 431104K Free: 276777K (64%)
----------------- Invoking toplevel() on ptolemy.moml.MoMLSimpleApplication@4af7ccc8
----------------- Done invoking toplevel() on ptolemy.moml.MoMLSimpleApplication@4af7ccc8
reloadAllAccessors: .WidthTestWithSubscriberPublisher3

===========================================================================================
----------------- testing Mon Oct 28 06:13:55 UTC 2019 /home/travis/build/icyphy/ptII/ptolemy/actor/lib/test/auto/Writer.xml
----------------- Instantiating /home/travis/build/icyphy/ptII/ptolemy/actor/lib/test/auto/Writer.xml
0
1
2
3
4
2 ms. Memory: 431104K Free: 272651K (63%)
----------------- Invoking toplevel() on ptolemy.moml.MoMLSimpleApplication@155f6422
----------------- Done invoking toplevel() on ptolemy.moml.MoMLSimpleApplication@155f6422
reloadAllAccessors: .Writer

===========================================================================================
----------------- testing Mon Oct 28 06:13:55 UTC 2019 /home/travis/build/icyphy/ptII/ptolemy/actor/lib/test/auto/array.xml
----------------- Instantiating /home/travis/build/icyphy/ptII/ptolemy/actor/lib/test/auto/array.xml
2 ms. Memory: 431104K Free: 267561K (62%)
----------------- Invoking toplevel() on ptolemy.moml.MoMLSimpleApplication@797f8395
----------------- Done invoking toplevel() on ptolemy.moml.MoMLSimpleApplication@797f8395
reloadAllAccessors: .array

===========================================================================================
----------------- testing Mon Oct 28 06:13:55 UTC 2019 /home/travis/build/icyphy/ptII/ptolemy/actor/lib/test/auto/array2.xml
----------------- Instantiating /home/travis/build/icyphy/ptII/ptolemy/actor/lib/test/auto/array2.xml
5 ms. Memory: 431104K Free: 262427K (61%)
----------------- Invoking toplevel() on ptolemy.moml.MoMLSimpleApplication@2c3cd0c1
----------------- Done invoking toplevel() on ptolemy.moml.MoMLSimpleApplication@2c3cd0c1
reloadAllAccessors: .array2

===========================================================================================
----------------- testing Mon Oct 28 06:13:55 UTC 2019 /home/travis/build/icyphy/ptII/ptolemy/actor/lib/test/auto/arrayType.xml
----------------- Instantiating /home/travis/build/icyphy/ptII/ptolemy/actor/lib/test/auto/arrayType.xml
2 ms. Memory: 431104K Free: 257321K (60%)
----------------- Invoking toplevel() on ptolemy.moml.MoMLSimpleApplication@59bcde1c
----------------- Done invoking toplevel() on ptolemy.moml.MoMLSimpleApplication@59bcde1c
reloadAllAccessors: .arrayType

===========================================================================================
----------------- testing Mon Oct 28 06:13:55 UTC 2019 /home/travis/build/icyphy/ptII/ptolemy/actor/lib/test/auto/arrayType10.xml
----------------- Instantiating /home/travis/build/icyphy/ptII/ptolemy/actor/lib/test/auto/arrayType10.xml
6 ms. Memory: 431104K Free: 252201K (59%)
----------------- Invoking toplevel() on ptolemy.moml.MoMLSimpleApplication@4eada9f1
----------------- Done invoking toplevel() on ptolemy.moml.MoMLSimpleApplication@4eada9f1
reloadAllAccessors: .arrayType10

===========================================================================================
----------------- testing Mon Oct 28 06:13:55 UTC 2019 /home/travis/build/icyphy/ptII/ptolemy/actor/lib/test/auto/arrayType11.xml
----------------- Instantiating /home/travis/build/icyphy/ptII/ptolemy/actor/lib/test/auto/arrayType11.xml
1 ms. Memory: 431104K Free: 247595K (57%)
----------------- Invoking toplevel() on ptolemy.moml.MoMLSimpleApplication@52b05e33
----------------- Done invoking toplevel() on ptolemy.moml.MoMLSimpleApplication@52b05e33
reloadAllAccessors: .arrayType11

===========================================================================================
----------------- testing Mon Oct 28 06:13:55 UTC 2019 /home/travis/build/icyphy/ptII/ptolemy/actor/lib/test/auto/arrayType12.xml
----------------- Instantiating /home/travis/build/icyphy/ptII/ptolemy/actor/lib/test/auto/arrayType12.xml
2 ms. Memory: 431104K Free: 242985K (56%)
----------------- Invoking toplevel() on ptolemy.moml.MoMLSimpleApplication@1f395ac4
----------------- Done invoking toplevel() on ptolemy.moml.MoMLSimpleApplication@1f395ac4
reloadAllAccessors: .arrayType12

===========================================================================================
----------------- testing Mon Oct 28 06:13:55 UTC 2019 /home/travis/build/icyphy/ptII/ptolemy/actor/lib/test/auto/arrayType13.xml
----------------- Instantiating /home/travis/build/icyphy/ptII/ptolemy/actor/lib/test/auto/arrayType13.xml
2 ms. Memory: 431104K Free: 236841K (55%)
----------------- Invoking toplevel() on ptolemy.moml.MoMLSimpleApplication@5851408e
----------------- Done invoking toplevel() on ptolemy.moml.MoMLSimpleApplication@5851408e
reloadAllAccessors: .arrayType13

===========================================================================================
----------------- testing Mon Oct 28 06:13:55 UTC 2019 /home/travis/build/icyphy/ptII/ptolemy/actor/lib/test/auto/arrayType14.xml
----------------- Instantiating /home/travis/build/icyphy/ptII/ptolemy/actor/lib/test/auto/arrayType14.xml
2 ms. Memory: 431104K Free: 231721K (54%)
----------------- Invoking toplevel() on ptolemy.moml.MoMLSimpleApplication@3a8da35b
----------------- Done invoking toplevel() on ptolemy.moml.MoMLSimpleApplication@3a8da35b
reloadAllAccessors: .arrayType14

===========================================================================================
----------------- testing Mon Oct 28 06:13:55 UTC 2019 /home/travis/build/icyphy/ptII/ptolemy/actor/lib/test/auto/arrayType15.xml
----------------- Instantiating /home/travis/build/icyphy/ptII/ptolemy/actor/lib/test/auto/arrayType15.xml
2 ms. Memory: 431104K Free: 226601K (53%)
----------------- Invoking toplevel() on ptolemy.moml.MoMLSimpleApplication@44cfaa3d
----------------- Done invoking toplevel() on ptolemy.moml.MoMLSimpleApplication@44cfaa3d
reloadAllAccessors: .arrayType15

===========================================================================================
----------------- testing Mon Oct 28 06:13:55 UTC 2019 /home/travis/build/icyphy/ptII/ptolemy/actor/lib/test/auto/arrayType16.xml
----------------- Instantiating /home/travis/build/icyphy/ptII/ptolemy/actor/lib/test/auto/arrayType16.xml
1 ms. Memory: 431104K Free: 220971K (51%)
----------------- Invoking toplevel() on ptolemy.moml.MoMLSimpleApplication@1e85b71d
----------------- Done invoking toplevel() on ptolemy.moml.MoMLSimpleApplication@1e85b71d
reloadAllAccessors: .arrayType16

===========================================================================================
----------------- testing Mon Oct 28 06:13:55 UTC 2019 /home/travis/build/icyphy/ptII/ptolemy/actor/lib/test/auto/arrayType17.xml
----------------- Instantiating /home/travis/build/icyphy/ptII/ptolemy/actor/lib/test/auto/arrayType17.xml
2 ms. Memory: 431104K Free: 214827K (50%)
----------------- Invoking toplevel() on ptolemy.moml.MoMLSimpleApplication@5a291996
----------------- Done invoking toplevel() on ptolemy.moml.MoMLSimpleApplication@5a291996
reloadAllAccessors: .arrayType17

===========================================================================================
----------------- testing Mon Oct 28 06:13:55 UTC 2019 /home/travis/build/icyphy/ptII/ptolemy/actor/lib/test/auto/arrayType18.xml
----------------- Instantiating /home/travis/build/icyphy/ptII/ptolemy/actor/lib/test/auto/arrayType18.xml
1 ms. Memory: 431104K Free: 209707K (49%)
----------------- Invoking toplevel() on ptolemy.moml.MoMLSimpleApplication@3a2c4012
----------------- Done invoking toplevel() on ptolemy.moml.MoMLSimpleApplication@3a2c4012
reloadAllAccessors: .arrayType18

===========================================================================================
----------------- testing Mon Oct 28 06:13:55 UTC 2019 /home/travis/build/icyphy/ptII/ptolemy/actor/lib/test/auto/arrayType19.xml
----------------- Instantiating /home/travis/build/icyphy/ptII/ptolemy/actor/lib/test/auto/arrayType19.xml
2 ms. Memory: 431104K Free: 205097K (48%)
----------------- Invoking toplevel() on ptolemy.moml.MoMLSimpleApplication@6f3aed2e
----------------- Done invoking toplevel() on ptolemy.moml.MoMLSimpleApplication@6f3aed2e
reloadAllAccessors: .arrayType19

===========================================================================================
----------------- testing Mon Oct 28 06:13:55 UTC 2019 /home/travis/build/icyphy/ptII/ptolemy/actor/lib/test/auto/arrayType2.xml
----------------- Instantiating /home/travis/build/icyphy/ptII/ptolemy/actor/lib/test/auto/arrayType2.xml
2 ms. Memory: 431104K Free: 199977K (46%)
----------------- Invoking toplevel() on ptolemy.moml.MoMLSimpleApplication@793c74e7
----------------- Done invoking toplevel() on ptolemy.moml.MoMLSimpleApplication@793c74e7
reloadAllAccessors: .arrayType2

===========================================================================================
----------------- testing Mon Oct 28 06:13:55 UTC 2019 /home/travis/build/icyphy/ptII/ptolemy/actor/lib/test/auto/arrayType20.xml
----------------- Instantiating /home/travis/build/icyphy/ptII/ptolemy/actor/lib/test/auto/arrayType20.xml
2 ms. Memory: 431104K Free: 194857K (45%)
----------------- Invoking toplevel() on ptolemy.moml.MoMLSimpleApplication@4adc88fd
----------------- Done invoking toplevel() on ptolemy.moml.MoMLSimpleApplication@4adc88fd
reloadAllAccessors: .arrayType20

===========================================================================================
----------------- testing Mon Oct 28 06:13:55 UTC 2019 /home/travis/build/icyphy/ptII/ptolemy/actor/lib/test/auto/arrayType21.xml
----------------- Instantiating /home/travis/build/icyphy/ptII/ptolemy/actor/lib/test/auto/arrayType21.xml
2 ms. Memory: 431104K Free: 190251K (44%)
----------------- Invoking toplevel() on ptolemy.moml.MoMLSimpleApplication@641bbfe7
----------------- Done invoking toplevel() on ptolemy.moml.MoMLSimpleApplication@641bbfe7
reloadAllAccessors: .arrayType21

===========================================================================================
----------------- testing Mon Oct 28 06:13:55 UTC 2019 /home/travis/build/icyphy/ptII/ptolemy/actor/lib/test/auto/arrayType22.xml
----------------- Instantiating /home/travis/build/icyphy/ptII/ptolemy/actor/lib/test/auto/arrayType22.xml
1 ms. Memory: 431104K Free: 185641K (43%)
----------------- Invoking toplevel() on ptolemy.moml.MoMLSimpleApplication@26b1b057
----------------- Done invoking toplevel() on ptolemy.moml.MoMLSimpleApplication@26b1b057
reloadAllAccessors: .arrayType22

===========================================================================================
----------------- testing Mon Oct 28 06:13:55 UTC 2019 /home/travis/build/icyphy/ptII/ptolemy/actor/lib/test/auto/arrayType23.xml
----------------- Instantiating /home/travis/build/icyphy/ptII/ptolemy/actor/lib/test/auto/arrayType23.xml
1 ms. Memory: 431104K Free: 180521K (42%)
----------------- Invoking toplevel() on ptolemy.moml.MoMLSimpleApplication@18d739ae
----------------- Done invoking toplevel() on ptolemy.moml.MoMLSimpleApplication@18d739ae
reloadAllAccessors: .arrayType23

===========================================================================================
----------------- testing Mon Oct 28 06:13:55 UTC 2019 /home/travis/build/icyphy/ptII/ptolemy/actor/lib/test/auto/arrayType24.xml
----------------- Instantiating /home/travis/build/icyphy/ptII/ptolemy/actor/lib/test/auto/arrayType24.xml
1 ms. Memory: 431104K Free: 175915K (41%)
----------------- Invoking toplevel() on ptolemy.moml.MoMLSimpleApplication@53dbffbe
----------------- Done invoking toplevel() on ptolemy.moml.MoMLSimpleApplication@53dbffbe
reloadAllAccessors: .arrayType24

===========================================================================================
----------------- testing Mon Oct 28 06:13:55 UTC 2019 /home/travis/build/icyphy/ptII/ptolemy/actor/lib/test/auto/arrayType25.xml
----------------- Instantiating /home/travis/build/icyphy/ptII/ptolemy/actor/lib/test/auto/arrayType25.xml
2 ms. Memory: 431104K Free: 170281K (39%)
----------------- Invoking toplevel() on ptolemy.moml.MoMLSimpleApplication@6b84f36a
----------------- Done invoking toplevel() on ptolemy.moml.MoMLSimpleApplication@6b84f36a
reloadAllAccessors: .arrayType25

===========================================================================================
----------------- testing Mon Oct 28 06:13:55 UTC 2019 /home/travis/build/icyphy/ptII/ptolemy/actor/lib/test/auto/arrayType26.xml
----------------- Instantiating /home/travis/build/icyphy/ptII/ptolemy/actor/lib/test/auto/arrayType26.xml
1 ms. Memory: 431104K Free: 165161K (38%)
----------------- Invoking toplevel() on ptolemy.moml.MoMLSimpleApplication@64f011a3
----------------- Done invoking toplevel() on ptolemy.moml.MoMLSimpleApplication@64f011a3
reloadAllAccessors: .arrayType26

===========================================================================================
----------------- testing Mon Oct 28 06:13:55 UTC 2019 /home/travis/build/icyphy/ptII/ptolemy/actor/lib/test/auto/arrayType27.xml
----------------- Instantiating /home/travis/build/icyphy/ptII/ptolemy/actor/lib/test/auto/arrayType27.xml
2 ms. Memory: 431104K Free: 160041K (37%)
----------------- Invoking toplevel() on ptolemy.moml.MoMLSimpleApplication@137e2daf
----------------- Done invoking toplevel() on ptolemy.moml.MoMLSimpleApplication@137e2daf
reloadAllAccessors: .arrayType27

===========================================================================================
----------------- testing Mon Oct 28 06:13:55 UTC 2019 /home/travis/build/icyphy/ptII/ptolemy/actor/lib/test/auto/arrayType28.xml
----------------- Instantiating /home/travis/build/icyphy/ptII/ptolemy/actor/lib/test/auto/arrayType28.xml
2 ms. Memory: 431104K Free: 154411K (36%)
----------------- Invoking toplevel() on ptolemy.moml.MoMLSimpleApplication@13ba64b4
----------------- Done invoking toplevel() on ptolemy.moml.MoMLSimpleApplication@13ba64b4
reloadAllAccessors: .arrayType28

===========================================================================================
----------------- testing Mon Oct 28 06:13:55 UTC 2019 /home/travis/build/icyphy/ptII/ptolemy/actor/lib/test/auto/arrayType3.xml
----------------- Instantiating /home/travis/build/icyphy/ptII/ptolemy/actor/lib/test/auto/arrayType3.xml
2 ms. Memory: 431104K Free: 149291K (35%)
----------------- Invoking toplevel() on ptolemy.moml.MoMLSimpleApplication@777620ad
----------------- Done invoking toplevel() on ptolemy.moml.MoMLSimpleApplication@777620ad
reloadAllAccessors: .arrayType3

===========================================================================================
----------------- testing Mon Oct 28 06:13:55 UTC 2019 /home/travis/build/icyphy/ptII/ptolemy/actor/lib/test/auto/arrayType4.xml
----------------- Instantiating /home/travis/build/icyphy/ptII/ptolemy/actor/lib/test/auto/arrayType4.xml
1 ms. Memory: 431104K Free: 143657K (33%)
----------------- Invoking toplevel() on ptolemy.moml.MoMLSimpleApplication@da0ad8b
----------------- Done invoking toplevel() on ptolemy.moml.MoMLSimpleApplication@da0ad8b
reloadAllAccessors: .arrayType4

===========================================================================================
----------------- testing Mon Oct 28 06:13:55 UTC 2019 /home/travis/build/icyphy/ptII/ptolemy/actor/lib/test/auto/arrayType5.xml
----------------- Instantiating /home/travis/build/icyphy/ptII/ptolemy/actor/lib/test/auto/arrayType5.xml
2 ms. Memory: 431104K Free: 138537K (32%)
----------------- Invoking toplevel() on ptolemy.moml.MoMLSimpleApplication@5d4c87c0
----------------- Done invoking toplevel() on ptolemy.moml.MoMLSimpleApplication@5d4c87c0
reloadAllAccessors: .arrayType5

===========================================================================================
----------------- testing Mon Oct 28 06:13:55 UTC 2019 /home/travis/build/icyphy/ptII/ptolemy/actor/lib/test/auto/arrayType6.xml
----------------- Instantiating /home/travis/build/icyphy/ptII/ptolemy/actor/lib/test/auto/arrayType6.xml
1 ms. Memory: 431104K Free: 133417K (31%)
----------------- Invoking toplevel() on ptolemy.moml.MoMLSimpleApplication@1c16c82b
----------------- Done invoking toplevel() on ptolemy.moml.MoMLSimpleApplication@1c16c82b
reloadAllAccessors: .arrayType6

===========================================================================================
----------------- testing Mon Oct 28 06:13:55 UTC 2019 /home/travis/build/icyphy/ptII/ptolemy/actor/lib/test/auto/arrayType7.xml
----------------- Instantiating /home/travis/build/icyphy/ptII/ptolemy/actor/lib/test/auto/arrayType7.xml
1 ms. Memory: 431104K Free: 128811K (30%)
----------------- Invoking toplevel() on ptolemy.moml.MoMLSimpleApplication@7a407be2
----------------- Done invoking toplevel() on ptolemy.moml.MoMLSimpleApplication@7a407be2
reloadAllAccessors: .arrayType7

===========================================================================================
----------------- testing Mon Oct 28 06:13:55 UTC 2019 /home/travis/build/icyphy/ptII/ptolemy/actor/lib/test/auto/arrayType8.xml
----------------- Instantiating /home/travis/build/icyphy/ptII/ptolemy/actor/lib/test/auto/arrayType8.xml
2 ms. Memory: 431104K Free: 376528K (87%)
----------------- Invoking toplevel() on ptolemy.moml.MoMLSimpleApplication@13ed7335
----------------- Done invoking toplevel() on ptolemy.moml.MoMLSimpleApplication@13ed7335
reloadAllAccessors: .arrayType8

===========================================================================================
----------------- testing Mon Oct 28 06:13:56 UTC 2019 /home/travis/build/icyphy/ptII/ptolemy/actor/lib/test/auto/arrayType9.xml
----------------- Instantiating /home/travis/build/icyphy/ptII/ptolemy/actor/lib/test/auto/arrayType9.xml
1 ms. Memory: 431104K Free: 371408K (86%)
----------------- Invoking toplevel() on ptolemy.moml.MoMLSimpleApplication@c18355d
----------------- Done invoking toplevel() on ptolemy.moml.MoMLSimpleApplication@c18355d
reloadAllAccessors: .arrayType9

===========================================================================================
----------------- testing Mon Oct 28 06:13:56 UTC 2019 /home/travis/build/icyphy/ptII/ptolemy/actor/lib/test/auto/cast.xml
----------------- Instantiating /home/travis/build/icyphy/ptII/ptolemy/actor/lib/test/auto/cast.xml
3 ms. Memory: 431104K Free: 366802K (85%)
----------------- Invoking toplevel() on ptolemy.moml.MoMLSimpleApplication@5204b835
----------------- Done invoking toplevel() on ptolemy.moml.MoMLSimpleApplication@5204b835
reloadAllAccessors: .cast

===========================================================================================
----------------- testing Mon Oct 28 06:13:56 UTC 2019 /home/travis/build/icyphy/ptII/ptolemy/actor/lib/test/auto/compositeMultiPort.xml
----------------- Instantiating /home/travis/build/icyphy/ptII/ptolemy/actor/lib/test/auto/compositeMultiPort.xml
3 ms. Memory: 431104K Free: 357586K (83%)
----------------- Invoking toplevel() on ptolemy.moml.MoMLSimpleApplication@3ecfcccc
----------------- Done invoking toplevel() on ptolemy.moml.MoMLSimpleApplication@3ecfcccc
reloadAllAccessors: .compositeMultiPort

===========================================================================================
----------------- testing Mon Oct 28 06:13:56 UTC 2019 /home/travis/build/icyphy/ptII/ptolemy/actor/lib/test/auto/expressionCastInference.xml
----------------- Instantiating /home/travis/build/icyphy/ptII/ptolemy/actor/lib/test/auto/expressionCastInference.xml
2 ms. Memory: 431104K Free: 352976K (82%)
----------------- Invoking toplevel() on ptolemy.moml.MoMLSimpleApplication@72f18b93
----------------- Done invoking toplevel() on ptolemy.moml.MoMLSimpleApplication@72f18b93
reloadAllAccessors: .expressionCastInference

===========================================================================================
----------------- testing Mon Oct 28 06:13:56 UTC 2019 /home/travis/build/icyphy/ptII/ptolemy/actor/lib/test/auto/expressionCastInference2.xml
----------------- Instantiating /home/travis/build/icyphy/ptII/ptolemy/actor/lib/test/auto/expressionCastInference2.xml
2 ms. Memory: 431104K Free: 347856K (81%)
----------------- Invoking toplevel() on ptolemy.moml.MoMLSimpleApplication@36a1384f
----------------- Done invoking toplevel() on ptolemy.moml.MoMLSimpleApplication@36a1384f
reloadAllAccessors: .expressionCastInference2

===========================================================================================
----------------- testing Mon Oct 28 06:13:56 UTC 2019 /home/travis/build/icyphy/ptII/ptolemy/actor/lib/test/auto/expressionInference.xml
----------------- Instantiating /home/travis/build/icyphy/ptII/ptolemy/actor/lib/test/auto/expressionInference.xml
1 ms. Memory: 431104K Free: 343760K (80%)
----------------- Invoking toplevel() on ptolemy.moml.MoMLSimpleApplication@5f238679
----------------- Done invoking toplevel() on ptolemy.moml.MoMLSimpleApplication@5f238679
reloadAllAccessors: .expressionInference

===========================================================================================
----------------- testing Mon Oct 28 06:13:56 UTC 2019 /home/travis/build/icyphy/ptII/ptolemy/actor/lib/test/auto/expression_bug.xml
----------------- Instantiating /home/travis/build/icyphy/ptII/ptolemy/actor/lib/test/auto/expression_bug.xml
1 ms. Memory: 431104K Free: 339154K (79%)
----------------- Invoking toplevel() on ptolemy.moml.MoMLSimpleApplication@68ea9ccb
----------------- Done invoking toplevel() on ptolemy.moml.MoMLSimpleApplication@68ea9ccb
reloadAllAccessors: .expression_bug

===========================================================================================
----------------- testing Mon Oct 28 06:13:56 UTC 2019 /home/travis/build/icyphy/ptII/ptolemy/actor/lib/test/auto/factorial.xml
----------------- Instantiating /home/travis/build/icyphy/ptII/ptolemy/actor/lib/test/auto/factorial.xml
47 ms. Memory: 431104K Free: 330962K (77%)
----------------- Invoking toplevel() on ptolemy.moml.MoMLSimpleApplication@2680e69b
----------------- Done invoking toplevel() on ptolemy.moml.MoMLSimpleApplication@2680e69b
reloadAllAccessors: .factorial

===========================================================================================
----------------- testing Mon Oct 28 06:13:56 UTC 2019 /home/travis/build/icyphy/ptII/ptolemy/actor/lib/test/auto/filterTest1.xml
----------------- Instantiating /home/travis/build/icyphy/ptII/ptolemy/actor/lib/test/auto/filterTest1.xml
4 ms. Memory: 431104K Free: 325328K (75%)
----------------- Invoking toplevel() on ptolemy.moml.MoMLSimpleApplication@3de505ec
----------------- Done invoking toplevel() on ptolemy.moml.MoMLSimpleApplication@3de505ec
reloadAllAccessors: .filterTest1

===========================================================================================
----------------- testing Mon Oct 28 06:13:56 UTC 2019 /home/travis/build/icyphy/ptII/ptolemy/actor/lib/test/auto/funcApplyInConst.xml
----------------- Instantiating /home/travis/build/icyphy/ptII/ptolemy/actor/lib/test/auto/funcApplyInConst.xml
1 ms. Memory: 431104K Free: 321232K (75%)
----------------- Invoking toplevel() on ptolemy.moml.MoMLSimpleApplication@73e8ff90
----------------- Done invoking toplevel() on ptolemy.moml.MoMLSimpleApplication@73e8ff90
reloadAllAccessors: .funcApplyInConst

===========================================================================================
----------------- testing Mon Oct 28 06:13:56 UTC 2019 /home/travis/build/icyphy/ptII/ptolemy/actor/lib/test/auto/funcApplyInExpr.xml
----------------- Instantiating /home/travis/build/icyphy/ptII/ptolemy/actor/lib/test/auto/funcApplyInExpr.xml
1 ms. Memory: 431104K Free: 317650K (74%)
----------------- Invoking toplevel() on ptolemy.moml.MoMLSimpleApplication@524221a4
----------------- Done invoking toplevel() on ptolemy.moml.MoMLSimpleApplication@524221a4
reloadAllAccessors: .funcApplyInExpr

===========================================================================================
----------------- testing Mon Oct 28 06:13:56 UTC 2019 /home/travis/build/icyphy/ptII/ptolemy/actor/lib/test/auto/function.xml
----------------- Instantiating /home/travis/build/icyphy/ptII/ptolemy/actor/lib/test/auto/function.xml
1 ms. Memory: 431104K Free: 312530K (72%)
----------------- Invoking toplevel() on ptolemy.moml.MoMLSimpleApplication@87ab074
----------------- Done invoking toplevel() on ptolemy.moml.MoMLSimpleApplication@87ab074
reloadAllAccessors: .function

===========================================================================================
----------------- testing Mon Oct 28 06:13:56 UTC 2019 /home/travis/build/icyphy/ptII/ptolemy/actor/lib/test/auto/function2.xml
----------------- Instantiating /home/travis/build/icyphy/ptII/ptolemy/actor/lib/test/auto/function2.xml
1 ms. Memory: 431104K Free: 307920K (71%)
----------------- Invoking toplevel() on ptolemy.moml.MoMLSimpleApplication@61ce1dcc
----------------- Done invoking toplevel() on ptolemy.moml.MoMLSimpleApplication@61ce1dcc
reloadAllAccessors: .function2

===========================================================================================
----------------- testing Mon Oct 28 06:13:56 UTC 2019 /home/travis/build/icyphy/ptII/ptolemy/actor/lib/test/auto/function3.xml
----------------- Instantiating /home/travis/build/icyphy/ptII/ptolemy/actor/lib/test/auto/function3.xml
1 ms. Memory: 431104K Free: 303824K (70%)
----------------- Invoking toplevel() on ptolemy.moml.MoMLSimpleApplication@6fd1b82d
----------------- Done invoking toplevel() on ptolemy.moml.MoMLSimpleApplication@6fd1b82d
reloadAllAccessors: .function3

===========================================================================================
----------------- testing Mon Oct 28 06:13:56 UTC 2019 /home/travis/build/icyphy/ptII/ptolemy/actor/lib/test/auto/functionClosureTest1.xml
----------------- Instantiating /home/travis/build/icyphy/ptII/ptolemy/actor/lib/test/auto/functionClosureTest1.xml
2 ms. Memory: 431104K Free: 298194K (69%)
----------------- Invoking toplevel() on ptolemy.moml.MoMLSimpleApplication@34d18834
----------------- Done invoking toplevel() on ptolemy.moml.MoMLSimpleApplication@34d18834
reloadAllAccessors: .functionClosureTest1

===========================================================================================
----------------- testing Mon Oct 28 06:13:56 UTC 2019 /home/travis/build/icyphy/ptII/ptolemy/actor/lib/test/auto/functionClosureTest2.xml
----------------- Instantiating /home/travis/build/icyphy/ptII/ptolemy/actor/lib/test/auto/functionClosureTest2.xml
1 ms. Memory: 431104K Free: 294098K (68%)
----------------- Invoking toplevel() on ptolemy.moml.MoMLSimpleApplication@5741685
----------------- Done invoking toplevel() on ptolemy.moml.MoMLSimpleApplication@5741685
reloadAllAccessors: .functionClosureTest2

===========================================================================================
----------------- testing Mon Oct 28 06:13:56 UTC 2019 /home/travis/build/icyphy/ptII/ptolemy/actor/lib/test/auto/functionClosureTest3.xml
----------------- Instantiating /home/travis/build/icyphy/ptII/ptolemy/actor/lib/test/auto/functionClosureTest3.xml
5 ms. Memory: 431104K Free: 288978K (67%)
----------------- Invoking toplevel() on ptolemy.moml.MoMLSimpleApplication@109ed872
----------------- Done invoking toplevel() on ptolemy.moml.MoMLSimpleApplication@109ed872
reloadAllAccessors: .functionClosureTest3

===========================================================================================
----------------- testing Mon Oct 28 06:13:56 UTC 2019 /home/travis/build/icyphy/ptII/ptolemy/actor/lib/test/auto/functionClosureTest4.xml
----------------- Instantiating /home/travis/build/icyphy/ptII/ptolemy/actor/lib/test/auto/functionClosureTest4.xml
4 ms. Memory: 431104K Free: 282320K (65%)
----------------- Invoking toplevel() on ptolemy.moml.MoMLSimpleApplication@763abac5
----------------- Done invoking toplevel() on ptolemy.moml.MoMLSimpleApplication@763abac5
reloadAllAccessors: .functionClosureTest4

===========================================================================================
----------------- testing Mon Oct 28 06:13:56 UTC 2019 /home/travis/build/icyphy/ptII/ptolemy/actor/lib/test/auto/functionClosureTest5.xml
----------------- Instantiating /home/travis/build/icyphy/ptII/ptolemy/actor/lib/test/auto/functionClosureTest5.xml
5 ms. Memory: 431104K Free: 277186K (64%)
----------------- Invoking toplevel() on ptolemy.moml.MoMLSimpleApplication@6496e21c
----------------- Done invoking toplevel() on ptolemy.moml.MoMLSimpleApplication@6496e21c
reloadAllAccessors: .functionClosureTest5

===========================================================================================
----------------- testing Mon Oct 28 06:13:56 UTC 2019 /home/travis/build/icyphy/ptII/ptolemy/actor/lib/test/auto/functionClosureTest6.xml
----------------- Instantiating /home/travis/build/icyphy/ptII/ptolemy/actor/lib/test/auto/functionClosureTest6.xml
2 ms. Memory: 431104K Free: 272066K (63%)
----------------- Invoking toplevel() on ptolemy.moml.MoMLSimpleApplication@7a36cdfa
----------------- Done invoking toplevel() on ptolemy.moml.MoMLSimpleApplication@7a36cdfa
reloadAllAccessors: .functionClosureTest6

===========================================================================================
----------------- testing Mon Oct 28 06:13:56 UTC 2019 /home/travis/build/icyphy/ptII/ptolemy/actor/lib/test/auto/functionsOnArcs.xml
----------------- Instantiating /home/travis/build/icyphy/ptII/ptolemy/actor/lib/test/auto/functionsOnArcs.xml
1 ms. Memory: 431104K Free: 266960K (62%)
----------------- Invoking toplevel() on ptolemy.moml.MoMLSimpleApplication@5109952b
----------------- Done invoking toplevel() on ptolemy.moml.MoMLSimpleApplication@5109952b
reloadAllAccessors: .functionsOnArcs

===========================================================================================
----------------- testing Mon Oct 28 06:13:56 UTC 2019 /home/travis/build/icyphy/ptII/ptolemy/actor/lib/test/auto/functionsOnArcsHOF.xml
----------------- Instantiating /home/travis/build/icyphy/ptII/ptolemy/actor/lib/test/auto/functionsOnArcsHOF.xml
5 ms. Memory: 431104K Free: 260816K (60%)
----------------- Invoking toplevel() on ptolemy.moml.MoMLSimpleApplication@3a4ad249
----------------- Done invoking toplevel() on ptolemy.moml.MoMLSimpleApplication@3a4ad249
reloadAllAccessors: .functionsOnArcsHOF

===========================================================================================
----------------- testing Mon Oct 28 06:13:56 UTC 2019 /home/travis/build/icyphy/ptII/ptolemy/actor/lib/test/auto/logic.xml
----------------- Instantiating /home/travis/build/icyphy/ptII/ptolemy/actor/lib/test/auto/logic.xml
2 ms. Memory: 431104K Free: 253648K (59%)
----------------- Invoking toplevel() on ptolemy.moml.MoMLSimpleApplication@759c9932
----------------- Done invoking toplevel() on ptolemy.moml.MoMLSimpleApplication@759c9932
reloadAllAccessors: .logic

===========================================================================================
----------------- testing Mon Oct 28 06:13:56 UTC 2019 /home/travis/build/icyphy/ptII/ptolemy/actor/lib/test/auto/matrixType.xml
----------------- Instantiating /home/travis/build/icyphy/ptII/ptolemy/actor/lib/test/auto/matrixType.xml
1 ms. Memory: 431104K Free: 248528K (58%)
----------------- Invoking toplevel() on ptolemy.moml.MoMLSimpleApplication@32e57129
----------------- Done invoking toplevel() on ptolemy.moml.MoMLSimpleApplication@32e57129
reloadAllAccessors: .matrixType

===========================================================================================
----------------- testing Mon Oct 28 06:13:56 UTC 2019 /home/travis/build/icyphy/ptII/ptolemy/actor/lib/test/auto/matrixType10.xml
----------------- Instantiating /home/travis/build/icyphy/ptII/ptolemy/actor/lib/test/auto/matrixType10.xml
1 ms. Memory: 431104K Free: 243922K (57%)
----------------- Invoking toplevel() on ptolemy.moml.MoMLSimpleApplication@1e7a4600
----------------- Done invoking toplevel() on ptolemy.moml.MoMLSimpleApplication@1e7a4600
reloadAllAccessors: .matrixType10

===========================================================================================
----------------- testing Mon Oct 28 06:13:56 UTC 2019 /home/travis/build/icyphy/ptII/ptolemy/actor/lib/test/auto/matrixType11.xml
----------------- Instantiating /home/travis/build/icyphy/ptII/ptolemy/actor/lib/test/auto/matrixType11.xml
2 ms. Memory: 431104K Free: 238802K (55%)
----------------- Invoking toplevel() on ptolemy.moml.MoMLSimpleApplication@57b98abc
----------------- Done invoking toplevel() on ptolemy.moml.MoMLSimpleApplication@57b98abc
reloadAllAccessors: .matrixType11

===========================================================================================
----------------- testing Mon Oct 28 06:13:56 UTC 2019 /home/travis/build/icyphy/ptII/ptolemy/actor/lib/test/auto/matrixType12.xml
----------------- Instantiating /home/travis/build/icyphy/ptII/ptolemy/actor/lib/test/auto/matrixType12.xml
2 ms. Memory: 431104K Free: 234192K (54%)
----------------- Invoking toplevel() on ptolemy.moml.MoMLSimpleApplication@4072aad1
----------------- Done invoking toplevel() on ptolemy.moml.MoMLSimpleApplication@4072aad1
reloadAllAccessors: .matrixType12

===========================================================================================
----------------- testing Mon Oct 28 06:13:56 UTC 2019 /home/travis/build/icyphy/ptII/ptolemy/actor/lib/test/auto/matrixType13.xml
----------------- Instantiating /home/travis/build/icyphy/ptII/ptolemy/actor/lib/test/auto/matrixType13.xml
1 ms. Memory: 431104K Free: 229072K (53%)
----------------- Invoking toplevel() on ptolemy.moml.MoMLSimpleApplication@3a33d6f0
----------------- Done invoking toplevel() on ptolemy.moml.MoMLSimpleApplication@3a33d6f0
reloadAllAccessors: .matrixType13

===========================================================================================
----------------- testing Mon Oct 28 06:13:56 UTC 2019 /home/travis/build/icyphy/ptII/ptolemy/actor/lib/test/auto/matrixType14.xml
----------------- Instantiating /home/travis/build/icyphy/ptII/ptolemy/actor/lib/test/auto/matrixType14.xml
1 ms. Memory: 431104K Free: 223938K (52%)
----------------- Invoking toplevel() on ptolemy.moml.MoMLSimpleApplication@5c06cdf0
----------------- Done invoking toplevel() on ptolemy.moml.MoMLSimpleApplication@5c06cdf0
reloadAllAccessors: .matrixType14

===========================================================================================
----------------- testing Mon Oct 28 06:13:56 UTC 2019 /home/travis/build/icyphy/ptII/ptolemy/actor/lib/test/auto/matrixType2.xml
----------------- Instantiating /home/travis/build/icyphy/ptII/ptolemy/actor/lib/test/auto/matrixType2.xml
2 ms. Memory: 431104K Free: 218832K (51%)
----------------- Invoking toplevel() on ptolemy.moml.MoMLSimpleApplication@35370081
----------------- Done invoking toplevel() on ptolemy.moml.MoMLSimpleApplication@35370081
reloadAllAccessors: .matrixType2

===========================================================================================
----------------- testing Mon Oct 28 06:13:56 UTC 2019 /home/travis/build/icyphy/ptII/ptolemy/actor/lib/test/auto/matrixType3.xml
----------------- Instantiating /home/travis/build/icyphy/ptII/ptolemy/actor/lib/test/auto/matrixType3.xml
3 ms. Memory: 431104K Free: 214226K (50%)
----------------- Invoking toplevel() on ptolemy.moml.MoMLSimpleApplication@71f25298
----------------- Done invoking toplevel() on ptolemy.moml.MoMLSimpleApplication@71f25298
reloadAllAccessors: .matrixType3

===========================================================================================
----------------- testing Mon Oct 28 06:13:56 UTC 2019 /home/travis/build/icyphy/ptII/ptolemy/actor/lib/test/auto/matrixType4.xml
----------------- Instantiating /home/travis/build/icyphy/ptII/ptolemy/actor/lib/test/auto/matrixType4.xml
2 ms. Memory: 431104K Free: 209106K (49%)
----------------- Invoking toplevel() on ptolemy.moml.MoMLSimpleApplication@6b1e4c0d
----------------- Done invoking toplevel() on ptolemy.moml.MoMLSimpleApplication@6b1e4c0d
reloadAllAccessors: .matrixType4

===========================================================================================
----------------- testing Mon Oct 28 06:13:56 UTC 2019 /home/travis/build/icyphy/ptII/ptolemy/actor/lib/test/auto/matrixType5.xml
----------------- Instantiating /home/travis/build/icyphy/ptII/ptolemy/actor/lib/test/auto/matrixType5.xml
1 ms. Memory: 431104K Free: 204496K (47%)
----------------- Invoking toplevel() on ptolemy.moml.MoMLSimpleApplication@7590f345
----------------- Done invoking toplevel() on ptolemy.moml.MoMLSimpleApplication@7590f345
reloadAllAccessors: .matrixType5

===========================================================================================
----------------- testing Mon Oct 28 06:13:56 UTC 2019 /home/travis/build/icyphy/ptII/ptolemy/actor/lib/test/auto/matrixType6.xml
----------------- Instantiating /home/travis/build/icyphy/ptII/ptolemy/actor/lib/test/auto/matrixType6.xml
2 ms. Memory: 431104K Free: 199376K (46%)
----------------- Invoking toplevel() on ptolemy.moml.MoMLSimpleApplication@2c64559e
----------------- Done invoking toplevel() on ptolemy.moml.MoMLSimpleApplication@2c64559e
reloadAllAccessors: .matrixType6

===========================================================================================
----------------- testing Mon Oct 28 06:13:56 UTC 2019 /home/travis/build/icyphy/ptII/ptolemy/actor/lib/test/auto/matrixType7.xml
----------------- Instantiating /home/travis/build/icyphy/ptII/ptolemy/actor/lib/test/auto/matrixType7.xml
2 ms. Memory: 431104K Free: 194770K (45%)
----------------- Invoking toplevel() on ptolemy.moml.MoMLSimpleApplication@7a25aef9
----------------- Done invoking toplevel() on ptolemy.moml.MoMLSimpleApplication@7a25aef9
reloadAllAccessors: .matrixType7

===========================================================================================
----------------- testing Mon Oct 28 06:13:56 UTC 2019 /home/travis/build/icyphy/ptII/ptolemy/actor/lib/test/auto/matrixType8.xml
----------------- Instantiating /home/travis/build/icyphy/ptII/ptolemy/actor/lib/test/auto/matrixType8.xml
1 ms. Memory: 431104K Free: 189650K (44%)
----------------- Invoking toplevel() on ptolemy.moml.MoMLSimpleApplication@23756387
----------------- Done invoking toplevel() on ptolemy.moml.MoMLSimpleApplication@23756387
reloadAllAccessors: .matrixType8

===========================================================================================
----------------- testing Mon Oct 28 06:13:56 UTC 2019 /home/travis/build/icyphy/ptII/ptolemy/actor/lib/test/auto/matrixType9.xml
----------------- Instantiating /home/travis/build/icyphy/ptII/ptolemy/actor/lib/test/auto/matrixType9.xml
1 ms. Memory: 431104K Free: 185040K (43%)
----------------- Invoking toplevel() on ptolemy.moml.MoMLSimpleApplication@f346832
----------------- Done invoking toplevel() on ptolemy.moml.MoMLSimpleApplication@f346832
reloadAllAccessors: .matrixType9

===========================================================================================
----------------- testing Mon Oct 28 06:13:56 UTC 2019 /home/travis/build/icyphy/ptII/ptolemy/actor/lib/test/auto/paraFunctest.xml
----------------- Instantiating /home/travis/build/icyphy/ptII/ptolemy/actor/lib/test/auto/paraFunctest.xml
1 ms. Memory: 431104K Free: 180914K (42%)
----------------- Invoking toplevel() on ptolemy.moml.MoMLSimpleApplication@75c6a218
----------------- Done invoking toplevel() on ptolemy.moml.MoMLSimpleApplication@75c6a218
reloadAllAccessors: .paraFunctest

===========================================================================================
----------------- testing Mon Oct 28 06:13:56 UTC 2019 /home/travis/build/icyphy/ptII/ptolemy/actor/lib/test/auto/paraFunctest2.xml
----------------- Instantiating /home/travis/build/icyphy/ptII/ptolemy/actor/lib/test/auto/paraFunctest2.xml
1 ms. Memory: 431104K Free: 176848K (41%)
----------------- Invoking toplevel() on ptolemy.moml.MoMLSimpleApplication@26da3520
----------------- Done invoking toplevel() on ptolemy.moml.MoMLSimpleApplication@26da3520
reloadAllAccessors: .paraFunctest2

===========================================================================================
----------------- testing Mon Oct 28 06:13:56 UTC 2019 /home/travis/build/icyphy/ptII/ptolemy/actor/lib/test/auto/parameterPassing.xml
----------------- Instantiating /home/travis/build/icyphy/ptII/ptolemy/actor/lib/test/auto/parameterPassing.xml
1 ms. Memory: 431104K Free: 172242K (40%)
----------------- Invoking toplevel() on ptolemy.moml.MoMLSimpleApplication@c99dd95
----------------- Done invoking toplevel() on ptolemy.moml.MoMLSimpleApplication@c99dd95
reloadAllAccessors: .parameterPassing

===========================================================================================
----------------- testing Mon Oct 28 06:13:56 UTC 2019 /home/travis/build/icyphy/ptII/ptolemy/actor/lib/test/auto/record.xml
----------------- Instantiating /home/travis/build/icyphy/ptII/ptolemy/actor/lib/test/auto/record.xml
3 ms. Memory: 431104K Free: 167632K (39%)
----------------- Invoking toplevel() on ptolemy.moml.MoMLSimpleApplication@718b25ae
----------------- Done invoking toplevel() on ptolemy.moml.MoMLSimpleApplication@718b25ae
reloadAllAccessors: .record

===========================================================================================
----------------- testing Mon Oct 28 06:13:56 UTC 2019 /home/travis/build/icyphy/ptII/ptolemy/actor/lib/test/auto/sizedarray1.xml
----------------- Instantiating /home/travis/build/icyphy/ptII/ptolemy/actor/lib/test/auto/sizedarray1.xml
1 ms. Memory: 431104K Free: 162002K (38%)
----------------- Invoking toplevel() on ptolemy.moml.MoMLSimpleApplication@98a8b80
----------------- Done invoking toplevel() on ptolemy.moml.MoMLSimpleApplication@98a8b80
reloadAllAccessors: .sizedarray1

===========================================================================================
----------------- testing Mon Oct 28 06:13:56 UTC 2019 /home/travis/build/icyphy/ptII/ptolemy/actor/lib/test/auto/sizedarray2.xml
----------------- Instantiating /home/travis/build/icyphy/ptII/ptolemy/actor/lib/test/auto/sizedarray2.xml
3 ms. Memory: 431104K Free: 156882K (36%)
----------------- Invoking toplevel() on ptolemy.moml.MoMLSimpleApplication@740a46cd
----------------- Done invoking toplevel() on ptolemy.moml.MoMLSimpleApplication@740a46cd
reloadAllAccessors: .sizedarray2

===========================================================================================
----------------- testing Mon Oct 28 06:13:56 UTC 2019 /home/travis/build/icyphy/ptII/ptolemy/actor/lib/test/auto/twoPublishers.xml
----------------- Instantiating /home/travis/build/icyphy/ptII/ptolemy/actor/lib/test/auto/twoPublishers.xml
7 ms. Memory: 431104K Free: 146128K (34%)
----------------- Invoking toplevel() on ptolemy.moml.MoMLSimpleApplication@1f9dc96e
----------------- Done invoking toplevel() on ptolemy.moml.MoMLSimpleApplication@1f9dc96e
reloadAllAccessors: .twoPublishers
AutoTests.java: About to close Vertx.
AutoTests.java: Vertx closed.
]]></system-out>
  <system-err><![CDATA[java.lang.RuntimeException: Execution failed
	at ptolemy.moml.MoMLSimpleApplication$UnloadThread.run(MoMLSimpleApplication.java:402)
Caused by: java.lang.RuntimeException: StringUtilities.exit() was called. Normally, we would exit here because Manager.exitAfterWrapup() was called.  However, because the ptolemy.ptII.exitAfterWrapup property is set, we throw this exception instead.
	at ptolemy.util.StringUtilities.exit(StringUtilities.java:365)
	at ptolemy.actor.Manager.wrapup(Manager.java:1549)
	at ptolemy.actor.Manager.execute(Manager.java:407)
	at ptolemy.actor.Manager.run(Manager.java:1263)
	at ptolemy.actor.Manager$PtolemyRunThread.run(Manager.java:1933)
Warning: '.top.test' is in training mode, set the trainingMode parameter to false before checking in
Warning: '.top.test' is in training mode, set the trainingMode parameter to false before checking in
Warning: '.top.test' is in training mode, set the trainingMode parameter to false before checking in
Warning: '.BooleanSwitch_RegressionTest_WrongTrainingValues.Test' is in training mode, set the trainingMode parameter to false before checking in
Warning: '.BooleanSwitch_RegressionTest_WrongTrainingValues.Test2' is in training mode, set the trainingMode parameter to false before checking in
Warning: '.BooleanSwitch_RegressionTest_WrongTrainingValues.Test2' The test produced 0 tokens.
Warning: '.top.testExceptionHandler' is in training mode, set the trainingMode parameter to false before checking in
java.lang.RuntimeException: Execution failed
	at ptolemy.moml.MoMLSimpleApplication$UnloadThread.run(MoMLSimpleApplication.java:402)
Caused by: ptolemy.kernel.util.IllegalActionException: PublisherPorts cannot be used at the top level, use a Publisher actor instead.
  in .PublisherPortToplevelSubscriber.PublisherPort
	at ptolemy.actor.PublisherPort.preinitialize(PublisherPort.java:403)
	at ptolemy.actor.CompositeActor.preinitialize(CompositeActor.java:1769)
	at ptolemy.actor.Manager.preinitializeAndResolveTypes(Manager.java:1040)
	at ptolemy.actor.Manager.initialize(Manager.java:710)
	at ptolemy.actor.Manager.execute(Manager.java:356)
	at ptolemy.actor.Manager.run(Manager.java:1263)
	at ptolemy.actor.Manager$PtolemyRunThread.run(Manager.java:1933)
java.lang.reflect.InvocationTargetException
	at java.base/jdk.internal.reflect.NativeConstructorAccessorImpl.newInstance0(Native Method)
	at java.base/jdk.internal.reflect.NativeConstructorAccessorImpl.newInstance(NativeConstructorAccessorImpl.java:62)
	at java.base/jdk.internal.reflect.DelegatingConstructorAccessorImpl.newInstance(DelegatingConstructorAccessorImpl.java:45)
	at java.base/java.lang.reflect.Constructor.newInstance(Constructor.java:490)
	at ptolemy.util.test.junit.AutoKnownFailedTests.RunModel(AutoKnownFailedTests.java:105)
	at java.base/jdk.internal.reflect.NativeMethodAccessorImpl.invoke0(Native Method)
	at java.base/jdk.internal.reflect.NativeMethodAccessorImpl.invoke(NativeMethodAccessorImpl.java:62)
	at java.base/jdk.internal.reflect.DelegatingMethodAccessorImpl.invoke(DelegatingMethodAccessorImpl.java:43)
	at java.base/java.lang.reflect.Method.invoke(Method.java:566)
	at org.junit.runners.model.FrameworkMethod$1.runReflectiveCall(FrameworkMethod.java:44)
	at org.junit.internal.runners.model.ReflectiveCallable.run(ReflectiveCallable.java:15)
	at org.junit.runners.model.FrameworkMethod.invokeExplosively(FrameworkMethod.java:41)
	at junitparams.internal.InvokeParameterisedMethod.evaluate(InvokeParameterisedMethod.java:102)
	at org.junit.internal.runners.statements.FailOnTimeout$1.run(FailOnTimeout.java:28)
Caused by: ptolemy.kernel.util.IllegalActionException: PublisherPorts cannot be used at the top level, use a Publisher actor instead.
  in .PublisherPortToplevelSubscriber.PublisherPort
	at ptolemy.actor.PublisherPort.preinitialize(PublisherPort.java:403)
	at ptolemy.actor.CompositeActor.preinitialize(CompositeActor.java:1769)
	at ptolemy.actor.Manager.preinitializeAndResolveTypes(Manager.java:1040)
	at ptolemy.actor.Manager.initialize(Manager.java:710)
	at ptolemy.actor.Manager.execute(Manager.java:356)
	at ptolemy.actor.Manager.run(Manager.java:1263)
	at ptolemy.actor.Manager$PtolemyRunThread.run(Manager.java:1933)
java.lang.RuntimeException: Execution failed
	at ptolemy.moml.MoMLSimpleApplication$UnloadThread.run(MoMLSimpleApplication.java:402)
Caused by: ptolemy.kernel.util.IllegalActionException: SubscriberPorts cannot be used at the top level, use a Subscriber actor instead.
  in .PublisherSubscriberPortToplevel.SubscriberPort
	at ptolemy.actor.SubscriberPort.preinitialize(SubscriberPort.java:328)
	at ptolemy.actor.CompositeActor.preinitialize(CompositeActor.java:1769)
	at ptolemy.actor.Manager.preinitializeAndResolveTypes(Manager.java:1040)
	at ptolemy.actor.Manager.initialize(Manager.java:710)
	at ptolemy.actor.Manager.execute(Manager.java:356)
	at ptolemy.actor.Manager.run(Manager.java:1263)
	at ptolemy.actor.Manager$PtolemyRunThread.run(Manager.java:1933)
java.lang.reflect.InvocationTargetException
	at java.base/jdk.internal.reflect.NativeConstructorAccessorImpl.newInstance0(Native Method)
	at java.base/jdk.internal.reflect.NativeConstructorAccessorImpl.newInstance(NativeConstructorAccessorImpl.java:62)
	at java.base/jdk.internal.reflect.DelegatingConstructorAccessorImpl.newInstance(DelegatingConstructorAccessorImpl.java:45)
	at java.base/java.lang.reflect.Constructor.newInstance(Constructor.java:490)
	at ptolemy.util.test.junit.AutoKnownFailedTests.RunModel(AutoKnownFailedTests.java:105)
	at java.base/jdk.internal.reflect.NativeMethodAccessorImpl.invoke0(Native Method)
	at java.base/jdk.internal.reflect.NativeMethodAccessorImpl.invoke(NativeMethodAccessorImpl.java:62)
	at java.base/jdk.internal.reflect.DelegatingMethodAccessorImpl.invoke(DelegatingMethodAccessorImpl.java:43)
	at java.base/java.lang.reflect.Method.invoke(Method.java:566)
	at org.junit.runners.model.FrameworkMethod$1.runReflectiveCall(FrameworkMethod.java:44)
	at org.junit.internal.runners.model.ReflectiveCallable.run(ReflectiveCallable.java:15)
	at org.junit.runners.model.FrameworkMethod.invokeExplosively(FrameworkMethod.java:41)
	at junitparams.internal.InvokeParameterisedMethod.evaluate(InvokeParameterisedMethod.java:102)
	at org.junit.internal.runners.statements.FailOnTimeout$1.run(FailOnTimeout.java:28)
Caused by: ptolemy.kernel.util.IllegalActionException: SubscriberPorts cannot be used at the top level, use a Subscriber actor instead.
  in .PublisherSubscriberPortToplevel.SubscriberPort
	at ptolemy.actor.SubscriberPort.preinitialize(SubscriberPort.java:328)
	at ptolemy.actor.CompositeActor.preinitialize(CompositeActor.java:1769)
	at ptolemy.actor.Manager.preinitializeAndResolveTypes(Manager.java:1040)
	at ptolemy.actor.Manager.initialize(Manager.java:710)
	at ptolemy.actor.Manager.execute(Manager.java:356)
	at ptolemy.actor.Manager.run(Manager.java:1263)
	at ptolemy.actor.Manager$PtolemyRunThread.run(Manager.java:1933)
java.lang.RuntimeException: Execution failed
	at ptolemy.moml.MoMLSimpleApplication$UnloadThread.run(MoMLSimpleApplication.java:402)
Caused by: ptolemy.kernel.util.IllegalActionException: SubscriptionAggregatorPorts cannot be used at the top level, use a SubscriptionAggregator actor instead.
  in .PublisherSubscriptionAggregatorPort.SubscriptionAggregatorPort
	at ptolemy.actor.SubscriptionAggregatorPort.preinitialize(SubscriptionAggregatorPort.java:353)
	at ptolemy.actor.CompositeActor.preinitialize(CompositeActor.java:1769)
	at ptolemy.actor.Manager.preinitializeAndResolveTypes(Manager.java:1040)
	at ptolemy.actor.Manager.initialize(Manager.java:710)
	at ptolemy.actor.Manager.execute(Manager.java:356)
	at ptolemy.actor.Manager.run(Manager.java:1263)
	at ptolemy.actor.Manager$PtolemyRunThread.run(Manager.java:1933)
java.lang.reflect.InvocationTargetException
	at java.base/jdk.internal.reflect.NativeConstructorAccessorImpl.newInstance0(Native Method)
	at java.base/jdk.internal.reflect.NativeConstructorAccessorImpl.newInstance(NativeConstructorAccessorImpl.java:62)
	at java.base/jdk.internal.reflect.DelegatingConstructorAccessorImpl.newInstance(DelegatingConstructorAccessorImpl.java:45)
	at java.base/java.lang.reflect.Constructor.newInstance(Constructor.java:490)
	at ptolemy.util.test.junit.AutoKnownFailedTests.RunModel(AutoKnownFailedTests.java:105)
	at java.base/jdk.internal.reflect.NativeMethodAccessorImpl.invoke0(Native Method)
	at java.base/jdk.internal.reflect.NativeMethodAccessorImpl.invoke(NativeMethodAccessorImpl.java:62)
	at java.base/jdk.internal.reflect.DelegatingMethodAccessorImpl.invoke(DelegatingMethodAccessorImpl.java:43)
	at java.base/java.lang.reflect.Method.invoke(Method.java:566)
	at org.junit.runners.model.FrameworkMethod$1.runReflectiveCall(FrameworkMethod.java:44)
	at org.junit.internal.runners.model.ReflectiveCallable.run(ReflectiveCallable.java:15)
	at org.junit.runners.model.FrameworkMethod.invokeExplosively(FrameworkMethod.java:41)
	at junitparams.internal.InvokeParameterisedMethod.evaluate(InvokeParameterisedMethod.java:102)
	at org.junit.internal.runners.statements.FailOnTimeout$1.run(FailOnTimeout.java:28)
Caused by: ptolemy.kernel.util.IllegalActionException: SubscriptionAggregatorPorts cannot be used at the top level, use a SubscriptionAggregator actor instead.
  in .PublisherSubscriptionAggregatorPort.SubscriptionAggregatorPort
	at ptolemy.actor.SubscriptionAggregatorPort.preinitialize(SubscriptionAggregatorPort.java:353)
	at ptolemy.actor.CompositeActor.preinitialize(CompositeActor.java:1769)
	at ptolemy.actor.Manager.preinitializeAndResolveTypes(Manager.java:1040)
	at ptolemy.actor.Manager.initialize(Manager.java:710)
	at ptolemy.actor.Manager.execute(Manager.java:356)
	at ptolemy.actor.Manager.run(Manager.java:1263)
	at ptolemy.actor.Manager$PtolemyRunThread.run(Manager.java:1933)
java.lang.RuntimeException: Execution failed
	at ptolemy.moml.MoMLSimpleApplication$UnloadThread.run(MoMLSimpleApplication.java:402)
Caused by: ptolemy.kernel.util.IllegalActionException: TypeTest actor has no training data.
  in .sizedarray3.TypeTest
	at ptolemy.actor.lib.TypeTest.initialize(TypeTest.java:250)
	at ptolemy.actor.Director.initialize(Director.java:938)
	at ptolemy.actor.Director.initialize(Director.java:907)
	at ptolemy.actor.sched.StaticSchedulingDirector.initialize(StaticSchedulingDirector.java:159)
	at ptolemy.domains.sdf.kernel.SDFDirector.initialize(SDFDirector.java:544)
	at ptolemy.actor.CompositeActor.initialize(CompositeActor.java:935)
	at ptolemy.actor.Manager.initialize(Manager.java:724)
	at ptolemy.actor.Manager.execute(Manager.java:356)
	at ptolemy.actor.Manager.run(Manager.java:1263)
	at ptolemy.actor.Manager$PtolemyRunThread.run(Manager.java:1933)
java.lang.reflect.InvocationTargetException
	at java.base/jdk.internal.reflect.NativeConstructorAccessorImpl.newInstance0(Native Method)
	at java.base/jdk.internal.reflect.NativeConstructorAccessorImpl.newInstance(NativeConstructorAccessorImpl.java:62)
	at java.base/jdk.internal.reflect.DelegatingConstructorAccessorImpl.newInstance(DelegatingConstructorAccessorImpl.java:45)
	at java.base/java.lang.reflect.Constructor.newInstance(Constructor.java:490)
	at ptolemy.util.test.junit.AutoKnownFailedTests.RunModel(AutoKnownFailedTests.java:105)
	at java.base/jdk.internal.reflect.NativeMethodAccessorImpl.invoke0(Native Method)
	at java.base/jdk.internal.reflect.NativeMethodAccessorImpl.invoke(NativeMethodAccessorImpl.java:62)
	at java.base/jdk.internal.reflect.DelegatingMethodAccessorImpl.invoke(DelegatingMethodAccessorImpl.java:43)
	at java.base/java.lang.reflect.Method.invoke(Method.java:566)
	at org.junit.runners.model.FrameworkMethod$1.runReflectiveCall(FrameworkMethod.java:44)
	at org.junit.internal.runners.model.ReflectiveCallable.run(ReflectiveCallable.java:15)
	at org.junit.runners.model.FrameworkMethod.invokeExplosively(FrameworkMethod.java:41)
	at junitparams.internal.InvokeParameterisedMethod.evaluate(InvokeParameterisedMethod.java:102)
	at org.junit.internal.runners.statements.FailOnTimeout$1.run(FailOnTimeout.java:28)
Caused by: ptolemy.kernel.util.IllegalActionException: TypeTest actor has no training data.
  in .sizedarray3.TypeTest
	at ptolemy.actor.lib.TypeTest.initialize(TypeTest.java:250)
	at ptolemy.actor.Director.initialize(Director.java:938)
	at ptolemy.actor.Director.initialize(Director.java:907)
	at ptolemy.actor.sched.StaticSchedulingDirector.initialize(StaticSchedulingDirector.java:159)
	at ptolemy.domains.sdf.kernel.SDFDirector.initialize(SDFDirector.java:544)
	at ptolemy.actor.CompositeActor.initialize(CompositeActor.java:935)
	at ptolemy.actor.Manager.initialize(Manager.java:724)
	at ptolemy.actor.Manager.execute(Manager.java:356)
	at ptolemy.actor.Manager.run(Manager.java:1263)
	at ptolemy.actor.Manager$PtolemyRunThread.run(Manager.java:1933)
]]></system-err>
</testsuite>
