<?xml version="1.0" encoding="UTF-8" ?>
<testsuite errors="0" failures="0" hostname="travis-job-e932bc37-2c7f-4d51-a826-f208d7ac89fa" name="ptolemy.actor.lib.test.junit.JUnitTclTest" skipped="0" tests="517" time="61.126" timestamp="2020-04-18T14:04:02">
  <properties>
    <property name="npm.executable" value="npm" />
    <property name="env.TRAVIS_ROOT" value="/" />
    <property name="ptII.mk.exists" value="true" />
    <property name="env.TRAVIS_APP_HOST" value="build.travis-ci.org" />
    <property name="env.rvm_bin_path" value="/home/travis/.rvm/bin" />
    <property name="java.home" value="/usr/local/lib/jvm/openjdk11" />
    <property name="env.TRAVIS_JOB_NUMBER" value="1605.8" />
    <property name="env.TRAVIS_HOME" value="/home/travis" />
    <property name="env.DISPLAY" value=":99.0" />
    <property name="env.TRAVIS_INIT" value="systemd" />
    <property name="env.SSH_TTY" value="/dev/pts/0" />
    <property name="java.net.preferIPv4Stack" value="true" />
    <property name="env.RUN_TESTS" value="true" />
    <property name="timeout.short" value="1000000" />
    <property name="junit.formatter" value="xml" />
    <property name="env.TRAVIS_SUDO" value="true" />
    <property name="env.TRAVIS_JOB_NAME" value="" />
    <property name="env.TRAVIS_STACK_NODE_ATTRIBUTES" value="/.node-attributes.yml" />
    <property name="env.LOGNAME" value="travis" />
    <property name="env.PT_TRAVIS_TEST_CORE1_XML" value="true" />
    <property name="jsdoc.home" value="node_modules/@terraswarm/jsdoc" />
    <property name="debuglevel" value="source,lines,vars" />
    <property name="checkstyle.formatter" value="xml" />
    <property name="env._system_version" value="16.04" />
    <property name="bin.vergil.makeable" value="true" />
    <property name="sun.os.patch.level" value="unknown" />
    <property name="java.vendor.url" value="http://java.oracle.com/" />
    <property name="env.TRAVIS_BUILD_WEB_URL" value="https://travis-ci.org/icyphy/ptII/builds/676582865" />
    <property name="java.version" value="11.0.2" />
    <property name="env.TZ" value="UTC" />
    <property name="env.TRAVIS_PULL_REQUEST_SHA" value="" />
    <property name="env.PT_NO_NET" value="true" />
    <property name="env.TRAVIS_SECURE_ENV_VARS" value="true" />
    <property name="env._system_type" value="Linux" />
    <property name="java.vendor.url.bug" value="http://bugreport.java.com/bugreport/" />
    <property name="npmjs-org-is-up" value="true" />
    <property name="env.LANGUAGE" value="en_US.UTF-8" />
    <property name="env.SSH_CLIENT" value="10.52.2.94 38166 22" />
    <property name="env.GEM_HOME" value="/home/travis/.rvm/gems/ruby-2.5.3" />
    <property name="env.HAS_ANTARES_THREE_LITTLE_FRONZIES_BADGE" value="true" />
    <property name="java.version.date" value="2019-01-15" />
    <property name="env.PS4" value="+" />
    <property name="ant.project.invoked-targets" value="build,test.core1.xml" />
    <property name="env.TRAVIS_PULL_REQUEST_BRANCH" value="" />
    <property name="env.TRAVIS_REPO_SLUG" value="icyphy/ptII" />
    <property name="env.XDG_DATA_DIRS" value="/usr/local/share:/usr/share:/var/lib/snapd/desktop" />
    <property name="jdk.debug" value="release" />
    <property name="env.TRAVIS_APT_PROXY" value="http://build-cache.travisci.net" />
    <property name="env.TRAVIS_CPU_ARCH" value="amd64" />
    <property name="node.in.path" value="true" />
    <property name="user.name" value="travis" />
    <property name="java.maxmemory" value="1400m" />
    <property name="env.RUBY_VERSION" value="ruby-2.5.3" />
    <property name="env.LANG" value="en_US.UTF-8" />
    <property name="sun.io.unicode.encoding" value="UnicodeLittle" />
    <property name="sun.jnu.encoding" value="UTF-8" />
    <property name="java.runtime.name" value="OpenJDK Runtime Environment" />
    <property name="usefile" value="false" />
    <property name="return.code" value="0" />
    <property name="junit.single.formatter" value="plain" />
    <property name="env.DYLD_LIBRARY_PATH" value="/home/travis/pthla/certi-tools/lib:" />
    <property name="env.DEBIAN_FRONTEND" value="noninteractive" />
    <property name="env.SSH_CONNECTION" value="10.52.2.94 38166 10.20.0.174 22" />
    <property name="env.MYSQL_UNIX_PORT" value="/var/run/mysqld/mysqld.sock" />
    <property name="env.LC_ALL" value="en_US.UTF-8" />
    <property name="env.TRAVIS_ALLOW_FAILURE" value="" />
    <property name="env.TRAVIS_JOB_WEB_URL" value="https://travis-ci.org/icyphy/ptII/jobs/676582875" />
    <property name="java.specification.name" value="Java Platform API Specification" />
    <property name="node.works" value="true" />
    <property name="user.timezone" value="" />
    <property name="path.separator" value=":" />
    <property name="env.TRAVIS_ENABLE_INFRA_DETECTION" value="true" />
    <property name="env.PYTHON_CFLAGS" value="-g -fstack-protector --param=ssp-buffer-size=4 -Wformat -Werror=format-security" />
    <property name="timeout.long" value="4000000" />
    <property name="env.CERTI_HOME" value="/home/travis/pthla/certi-tools" />
    <property name="ant.file.ptII" value="/home/travis/build/icyphy/ptII/build.xml" />
    <property name="javadoc.packagenames" value="com.*,diva.*,lbnl.*,org.hlacerti.*,org.json.*,org.ptolemy.*,org.terraswarm.*,ptolemy.*,ptserver.*" />
    <property name="file.encoding" value="UTF-8" />
    <property name="env.TRAVIS_PULL_REQUEST_SLUG" value="" />
    <property name="ant.project.default-target" value="build" />
    <property name="env.GIT_ASKPASS" value="echo" />
    <property name="env.HOME" value="/home/travis" />
    <property name="sun.java.command" value="org.apache.tools.ant.taskdefs.optional.junit.JUnitTestRunner ptolemy.actor.lib.test.junit.JUnitTclTest skipNonTests=false filtertrace=true haltOnError=false haltOnFailure=false formatter=org.apache.tools.ant.taskdefs.optional.junit.OutErrSummaryJUnitResultFormatter showoutput=true outputtoformatters=true logfailedtests=true threadid=0 logtestlistenerevents=false formatter=org.apache.tools.ant.taskdefs.optional.junit.XMLJUnitResultFormatter,/home/travis/build/icyphy/ptII/reports/junit/TEST-ptolemy.actor.lib.test.junit.JUnitTclTest.xml crashfile=/home/travis/build/icyphy/ptII/junitvmwatcher16057864860910235187.properties propsfile=/home/travis/build/icyphy/ptII/junit17879557122255661314.properties" />
    <property name="env.COMPOSER_NO_INTERACTION" value="1" />
    <property name="env.MANPATH" value="/home/travis/.nvm/versions/node/v7.10.1/share/man:/home/travis/.rvm/rubies/ruby-2.5.3/share/man:/usr/local/cmake-3.12.4/man:/usr/local/clang-7.0.0/share/man:/usr/local/man:/usr/local/share/man:/usr/share/man:/home/travis/.rvm/man" />
    <property name="env.TRAVIS_TIMER_ID" value="08f93556" />
    <property name="ant.file" value="/home/travis/build/icyphy/ptII/build.xml" />
    <property name="env.TRAVIS_COMMIT_RANGE" value="3e950cfe0f3c004454147d0a7dfedd7f8d8e77cc...52bfcaaec950ad6b43d11ffdb9cd3f924b0c1f76" />
    <property name="env._system_name" value="Ubuntu" />
    <property name="ptII.classpath.optional.property" value="/home/travis/build/icyphy/ptII/lib/bsh-2.0b4.jar:/home/travis/build/icyphy/ptII/lib/ptCal.jar:/home/travis/build/icyphy/ptII/lib/java_cup.jar:/home/travis/build/icyphy/ptII/lib/saxon8.jar:/home/travis/build/icyphy/ptII/lib/saxon8-dom.jar:/home/travis/build/icyphy/ptII/lib/chic.jar:/home/travis/build/icyphy/ptII/lib/ptcolt.jar:/home/travis/build/icyphy/ptII/vendors/misc/itext/iText.jar:/home/travis/build/icyphy/ptII/lib/g4ltl.jar:/home/travis/build/icyphy/ptII/lib/StructuralCoder.jar:/home/travis/build/icyphy/ptII/lib/jcerti.jar:/home/travis/build/icyphy/ptII/lib/javax.mail.jar:/home/travis/build/icyphy/ptII/vendors/JMF-2.1.1e/lib/jmf.jar:/home/travis/build/icyphy/ptII/lib/jna-4.0.0-variadic.jar:/home/travis/build/icyphy/ptII/vendors/misc/joystick/Joystick.jar:/home/travis/build/icyphy/ptII/lib/ptjacl.jar:/home/travis/build/icyphy/ptII/lib/jsoup-1.8.2.jar:/home/travis/build/icyphy/ptII/lib/junit-4.8.2.jar:/home/travis/build/icyphy/ptII/lib/JUnitParams-0.4.0.jar:/home/travis/build/icyphy/ptII/ptolemy/actor/lib/excel/jxl.jar:/home/travis/build/icyphy/ptII/lib/jython.jar:/home/travis/build/icyphy/ptII/lib/kieler.jar:/home/travis/build/icyphy/ptII/vendors/opencv/share/OpenCV/java/opencv-341.jar:/home/travis/build/icyphy/ptII/lib/oscP5.jar:/home/travis/build/icyphy/ptII/lib/nrjavaserial-3.11.0.devel.jar:/home/travis/build/icyphy/ptII/vendors/j3d/lib/Linux/j3dcore.jar:/home/travis/build/icyphy/ptII/vendors/j3d/lib/Linux/j3dutils.jar:/home/travis/build/icyphy/ptII/vendors/j3d/lib/Linux/vecmath.jar:/home/travis/build/icyphy/ptII/vendors/jogl/lib/Linux/gluegen-rt-natives-linux-amd64.jar:/home/travis/build/icyphy/ptII/vendors/jogl/lib/Linux/gluegen-rt.jar:/home/travis/build/icyphy/ptII/vendors/jogl/lib/Linux/jogl-all-natives-linux-amd64.jar:/home/travis/build/icyphy/ptII/vendors/jogl/lib/Linux/jogl-all.jar:/home/travis/build/icyphy/ptII/ptolemy/distributed/jini/jar/jini-core.jar:/home/travis/build/icyphy/ptII/ptolemy/distributed/jini/jar/jini-ext.jar:/home/travis/build/icyphy/ptII/ptolemy/distributed/jini/jar/sun-util.jar:/home/travis/build/icyphy/ptII/lib/protobuf-java-2.4.1.jar:/home/travis/build/icyphy/ptII/lib/org.eclipse.paho.client.mqttv3.jar:/home/travis/build/icyphy/ptII/lib/mapss.jar:/home/travis/build/icyphy/ptII/ptolemy/actor/ptalon/antlr/antlr.jar:/home/travis/build/icyphy/ptII/lib/JRI.jar:/home/travis/build/icyphy/ptII/lib/commons-lang-2.6.jar:/home/travis/build/icyphy/ptII/lib/commons-logging-1.1.1.jar:/home/travis/build/icyphy/ptII/lib/sootclasses.jar:/home/travis/build/icyphy/ptII/ptolemy/actor/lib/database/mysql-connector-java-5.1.6-bin.jar:/home/travis/build/icyphy/ptII/vendors/misc/sphinx4/sphinx4-data-5prealpha.jar:/home/travis/build/icyphy/ptII/vendors/misc/sphinx4/sphinx4-core-5prealpha.jar:/home/travis/build/icyphy/ptII/lib/PDFRenderer.jar:/home/travis/build/icyphy/ptII/lib/svgSalamander.jar:/home/travis/build/icyphy/ptII/lib/rsyntaxtextarea-2.6.0-SNAPSHOT.jar:/home/travis/build/icyphy/ptII/lib/hazelcast-3.8.2.jar:/home/travis/build/icyphy/ptII/lib/jackson-annotations-2.9.0.jar:/home/travis/build/icyphy/ptII/lib/jackson-core-2.9.3.jar:/home/travis/build/icyphy/ptII/lib/jackson-databind-2.9.3.jar:/home/travis/build/icyphy/ptII/lib/netty-buffer-4.1.19.Final.jar:/home/travis/build/icyphy/ptII/lib/netty-codec-4.1.19.Final.jar:/home/travis/build/icyphy/ptII/lib/netty-codec-dns-4.1.19.Final.jar:/home/travis/build/icyphy/ptII/lib/netty-codec-http-4.1.19.Final.jar:/home/travis/build/icyphy/ptII/lib/netty-codec-http2-4.1.19.Final.jar:/home/travis/build/icyphy/ptII/lib/netty-common-4.1.19.Final.jar:/home/travis/build/icyphy/ptII/lib/netty-handler-4.1.19.Final.jar:/home/travis/build/icyphy/ptII/lib/netty-resolver-4.1.19.Final.jar:/home/travis/build/icyphy/ptII/lib/netty-resolver-dns-4.1.19.Final.jar:/home/travis/build/icyphy/ptII/lib/netty-transport-4.1.19.Final.jar:/home/travis/build/icyphy/ptII/lib/vertx-codegen-3.5.1.jar:/home/travis/build/icyphy/ptII/lib/vertx-core-3.5.2-SNAPSHOT.jar:/home/travis/build/icyphy/ptII/lib/vertx-hazelcast-3.5.1.jar:/home/travis/build/icyphy/ptII/lib/vertx-lang-js-3.5.1.jar:/home/travis/build/icyphy/ptII/lib/vertx-service-proxy-3.5.1.jar:/home/travis/build/icyphy/ptII/lib/vertx-web-3.5.1.jar:/home/travis/build/icyphy/ptII/lib/slf4j-api-1.7.13.jar:/home/travis/build/icyphy/ptII/lib/slf4j-simple-1.7.13.jar:/home/travis/build/icyphy/ptII/lib/webcam-capture-0.3.12.jar:/home/travis/build/icyphy/ptII/lib/bridj-0.7.0.jar:/home/travis/build/icyphy/ptII/lib/xbjlib-1.1.0.nrjavaserial.jar" />
    <property name="timeout" value="2400000" />
    <property name="test.batch" value="**/junit/*.java" />
    <property name="env._" value="/usr/bin/timeout" />
    <property name="java.io.tmpdir" value="/tmp" />
    <property name="user.language" value="en" />
    <property name="env.TRAVIS_INTERNAL_RUBY_REGEX" value="^ruby-(2\.[0-4]\.[0-9]|1\.9\.3)" />
    <property name="env.HISTCONTROL" value="ignoredups:ignorespace" />
    <property name="env.GOROOT" value="/home/travis/.gimme/versions/go1.11.1.linux.amd64" />
    <property name="line.separator" value="&#xa;" />
    <property name="target" value="11" />
    <property name="env.TRAVIS_BUILD_DIR" value="/home/travis/build/icyphy/ptII" />
    <property name="env.ANT_OPTS" value="-Xmx2048m" />
    <property name="ant.file.type" value="file" />
    <property name="ptolemy.ptII.batchMode" value="true" />
    <property name="env.HISTSIZE" value="1000" />
    <property name="env.MERB_ENV" value="test" />
    <property name="java.vm.info" value="mixed mode" />
    <property name="source" value="11" />
    <property name="java.vm.specification.name" value="Java Virtual Machine Specification" />
    <property name="env.TRAVIS_TEST_RESULT" value="0" />
    <property name="jsdoc.command" value="node_modules/@terraswarm/jsdoc/jsdoc.js" />
    <property name="npm.works" value="true" />
    <property name="cobertura.dir" value="/home/travis/build/icyphy/ptII/vendors/cobertura-2.0.3" />
    <property name="jsdoc.command.exists" value="true" />
    <property name="env.rvm_path" value="/home/travis/.rvm" />
    <property name="env.GEM_PATH" value="/home/travis/.rvm/gems/ruby-2.5.3:/home/travis/.rvm/gems/ruby-2.5.3@global" />
    <property name="env.LC_CTYPE" value="en_US.UTF-8" />
    <property name="env.TRAVIS_CMD" value="$PTII/bin/ptIITravisBuild.sh $SECONDS" />
    <property name="java.awt.printerjob" value="sun.print.PSPrinterJob" />
    <property name="env.TRAVIS_STACK_NAME" value="sardonyx" />
    <property name="env.TRAVIS_TIMER_START_TIME" value="1587217998474369856" />
    <property name="ant.version" value="Apache Ant(TM) version 1.10.1 compiled on February 2 2017" />
    <property name="ptII.reports" value="/home/travis/build/icyphy/ptII/reports" />
    <property name="env.TRAVIS_STACK_TIMESTAMP" value="2019-03-25 16:16:56 UTC" />
    <property name="ant.file.type.ptII" value="file" />
    <property name="env.RBENV_SHELL" value="bash" />
    <property name="os.name" value="Linux" />
    <property name="java.specification.vendor" value="Oracle Corporation" />
    <property name="env.rvm_version" value="1.29.7 (latest)" />
    <property name="env.TRAVIS_INFRA" value="unknown" />
    <property name="env.TERM" value="xterm" />
    <property name="java.vm.name" value="OpenJDK 64-Bit Server VM" />
    <property name="env.TRAVIS_BUILD_NUMBER" value="1605" />
    <property name="env.CI" value="true" />
    <property name="java.library.path" value="/home/travis/pthla/certi-tools/lib:/usr/lib/jni:/usr/local/share/OpenCV/java/:/usr/share/OpenCV/java::/usr/java/packages/lib:/usr/lib64:/lib64:/lib:/usr/lib" />
    <property name="jdk.module.path" value="/home/travis/build/icyphy/ptII/vendors/javafx/javafx-sdk-11.0.2/lib:" />
    <property name="env.rvm_prefix" value="/home/travis" />
    <property name="env.PATH" value="/home/travis/pthla/certi-tools/share/scripts:/home/travis/.rvm/gems/ruby-2.5.3/bin:/home/travis/.rvm/gems/ruby-2.5.3@global/bin:/home/travis/.rvm/rubies/ruby-2.5.3/bin:/home/travis/.rvm/bin:/home/travis/.nvm/versions/node/v7.10.1/bin:./node_modules/.bin:/home/travis/build/icyphy/ptII/bin:/home/travis/pthla/certi-tools/bin:/home/travis/bin:/home/travis/.local/bin:/usr/local/lib/jvm/openjdk11/bin:/opt/pyenv/shims:/home/travis/.phpenv/shims:/home/travis/perl5/perlbrew/bin:/home/travis/gopath/bin:/home/travis/.gimme/versions/go1.11.1.linux.amd64/bin:/usr/local/maven-3.6.0/bin:/usr/local/cmake-3.12.4/bin:/usr/local/clang-7.0.0/bin:/usr/local/sbin:/usr/local/bin:/usr/sbin:/usr/bin:/sbin:/bin:/snap/bin:/home/travis/.phpenv/bin:/opt/pyenv/bin:/home/travis/.yarn/bin" />
    <property name="env.TRAVIS_OS_NAME" value="linux" />
    <property name="ant.java.version" value="9" />
    <property name="basedir" value="/home/travis/build/icyphy/ptII" />
    <property name="java.class.version" value="55.0" />
    <property name="env.SHLVL" value="3" />
    <property name="env.LD_LIBRARY_PATH" value="/home/travis/pthla/certi-tools/lib:/usr/lib/jni:/usr/local/share/OpenCV/java/:/usr/share/OpenCV/java:" />
    <property name="env.RACK_ENV" value="test" />
    <property name="ant.home" value="/home/travis/build/icyphy/ptII/ant" />
    <property name="env.NVM_DIR" value="/home/travis/.nvm" />
    <property name="env.CERTI_FOM_PATH" value="/home/travis/pthla/certi-tools/share/federations" />
    <property name="env.TRAVIS_BUILD_ID" value="676582865" />
    <property name="env.PYENV_ROOT" value="/opt/pyenv" />
    <property name="env.TRAVIS_UID" value="2000" />
    <property name="prism.verbose" value="true" />
    <property name="env.NVM_BIN" value="/home/travis/.nvm/versions/node/v7.10.1/bin" />
    <property name="env.TRAVIS_COMMIT" value="52bfcaaec950ad6b43d11ffdb9cd3f924b0c1f76" />
    <property name="env._system_arch" value="x86_64" />
    <property name="node.executable" value="node" />
    <property name="sun.boot.library.path" value="/usr/local/lib/jvm/openjdk11/lib" />
    <property name="sun.management.compiler" value="HotSpot 64-Bit Tiered Compilers" />
    <property name="java.awt.graphicsenv" value="sun.awt.X11GraphicsEnvironment" />
    <property name="env.GOPATH" value="/home/travis/gopath" />
    <property name="ptolemy.ptII.dir" value="/home/travis/build/icyphy/ptII" />
    <property name="env.USER" value="travis" />
    <property name="env.HISTFILESIZE" value="2000" />
    <property name="env.NVM_INC" value="/home/travis/.nvm/versions/node/v7.10.1/include/node" />
    <property name="timeout.longest" value="19000000" />
    <property name="env.PERLBREW_SHELLRC_VERSION" value="0.86" />
    <property name="env.TRAVIS_STACK_FEATURES" value="basic couchdb disabled-ipv6 docker docker-compose elasticsearch firefox go-toolchain google-chrome jdk memcached mongodb mysql nodejs_interpreter perl_interpreter perlbrew phantomjs postgresql python_interpreter redis ruby_interpreter sqlite xserver" />
    <property name="env.TRAVIS_PULL_REQUEST" value="false" />
    <property name="env.PYENV_SHELL" value="bash" />
    <property name="ant.project.name" value="ptII" />
    <property name="env.ANSI_RESET" value="\033[0m" />
    <property name="java.vm.specification.version" value="11" />
    <property name="env.TRAVIS_DIST" value="xenial" />
    <property name="env.CERTI_VERSION" value="4.0.0" />
    <property name="env.CERTI_HOST" value="localhost" />
    <property name="awt.toolkit" value="sun.awt.X11.XToolkit" />
    <property name="env.MY_RUBY_HOME" value="/home/travis/.rvm/rubies/ruby-2.5.3" />
    <property name="sun.cpu.isalist" value="" />
    <property name="env.TRAVIS_TMPDIR" value="/tmp/tmp.Nx9fnTAfTW" />
    <property name="java.vm.compressedOopsMode" value="Zero based" />
    <property name="os.version" value="4.15.0-1028-gcp" />
    <property name="user.home" value="/home/travis" />
    <property name="java.vm.vendor" value="Oracle Corporation" />
    <property name="env.TRAVIS_TAG" value="nightly" />
    <property name="env.ANSI_YELLOW" value="\033[33;1m" />
    <property name="env.TRAVIS_FILTERED" value="redirect_io" />
    <property name="env.ANSI_GREEN" value="\033[32;1m" />
    <property name="env.JAVA_HOME" value="/usr/local/lib/jvm/openjdk11" />
    <property name="javadoc.excludepackagenames" value="adm.cvs2svn.*,build.*,config.*,doc.coding.templates.*,jni.test.jni.meaningOfLife.*,jni.test.jni.testDeux.*,jni.test.jni.testTrois.*,org.terraswarm.accessor.accessors.web.node_modules.*,org.terraswarm.accessor.accessors.web.hosts.cordova.demo.*,org.terraswarm.accessor.accessors.web.hosts.cordova.plugins.*,org.terraswarm.accessor.accessors-svn.*,pt-modules.*,ptolemy.apps.agilent.*,ptolemy.apps.anytimecontrol.*,ptolemy.apps.apes.*,ptolemy.apps.charon.*,ptolemy.apps.crazyboard.*,ptolemy.apps.eclipse.*,ptolemy.apps.etherealSting.*,ptolemy.apps.fullscreen.*,ptolemy.apps.giotto.*,ptolemy.apps.ia.*,ptolemy.apps.interfaces.*,ptolemy.apps.jmf.*,ptolemy.apps.kurt.*,ptolemy.apps.kvm.*,ptolemy.apps.lego.*,ptolemy.apps.lejos.*,ptolemy.apps.midp.*,ptolemy.apps.mobileCoding.*,ptolemy.apps.pendulum.*,ptolemy.apps.rijndael.*,ptolemy.apps.robot.*,ptolemy.apps.security.*,ptolemy.apps.sobel.*,ptolemy.apps.soot.*,ptolemy.apps.throttle.*,ptolemy.apps.tini.*,ptolemy.apps.transmission.*,ptolemy.apps.vergil.*,ptolemy.apps.waba.*,ptolemy.apps.websensor.*,ptolemy.apps.webstart.*,ptolemy.apps.xsl.*,ptolemy.apps.zaurus.*,ptolemy.codegen.c.actor.lib.oldJavaFiles.*,ptolemy.codegen.dsp.lib.*,ptolemy.codegen.kernel.newInterfaces.*,ptolemy.codegen.lib.*,ptolemy.copernicus.kernel.fragment.*,ptolemy.copernicus.shallow.cg.*,ptolemy.domains.giotto.demo.Hierarchy.Hierarchy.*,ptolemy.domains.giotto.demo.Multimode.Multimode.*,ptolemy.domains.giotto.demo.Simple.Simple.*,ptolemy.domains.gr.lib.experimental.*,ptolemy.domains.gro.*,ptolemy.domains.pdf.*,ptolemy.domains.ptinyos.demo.Surge.output.*,ptolemy.moml.test.NoPackageActor.java*,ptolemy.plot.adm.*,ptolemy.plot.servlet.*,reports.*,signed.*,src.*,target.*,vendors.*,ptolemy.copernicus.applet.*,ptolemy.media.viewer.*,ptolemy.actor.corba.*,doc.doclets.*,ptolemy.apps.eclipse.awt.*,ptolemy.backtrack.*,ptolemy.backtrack.ast.*,ptolemy.cg.adapter.generic.program.procedural.c.mbed*,ptolemy.homer.*,ptolemy.actor.lib.jai.*,org.ptolemy.scala.*,diva.util.java2d.svg.*,ptolemy.domains.ptinyos.*,ptolemy.actor.lib.fmi.fmipp.*,,org.terraswarm.accessor.accessors.web.node_modules.*,org.terraswarm.accessor.accessors-svn,ptolemy.apps.*,ptolemy.actor.ptalon.demo.ptinyos.SendAndReceiveCnt.output,ptolemy.actor.ptalon.demo.ptinyos.SenseToLeds.output,ptolemy.domains.ptinyos.demo.CntToLedsAndRfm.output,ptolemy.domains.ptinyos.demo.RfmToLeds.output,ptolemy.domains.ptinyos.demo.SendAndReceiveCnt.output,ptolemy.domains.ptinyos.demo.SenseToLeds.output,ptolemy.actor.lib.jjs.modules.udpSocket.*" />
    <property name="env.PTII" value="/home/travis/build/icyphy/ptII" />
    <property name="env.XDG_SESSION_ID" value="2" />
    <property name="keystore" value="ptKeystore" />
    <property name="env.TRAVIS_COMMIT_MESSAGE" value="Updating models using array data type." />
    <property name="junit.output.dir" value="/home/travis/build/icyphy/ptII/reports/junit" />
    <property name="npm.return.code" value="0" />
    <property name="user.dir" value="/home/travis/build/icyphy/ptII/ptolemy/actor/lib/test" />
    <property name="env.TRAVIS_NODE_VERSION" value="7" />
    <property name="env.TRAVIS_EVENT_TYPE" value="cron" />
    <property name="env.MAIL" value="/var/mail/travis" />
    <property name="env.PERLBREW_ROOT" value="/home/travis/perl5/perlbrew" />
    <property name="env.PWD" value="/home/travis/build/icyphy/ptII" />
    <property name="timeout.npm" value="45000" />
    <property name="env.TRAVIS_ARCH" value="amd64" />
    <property name="sun.cpu.endian" value="little" />
    <property name="env.PAGER" value="cat" />
    <property name="env.TRAVIS_BUILD_STAGE_NAME" value="test" />
    <property name="env.PERLBREW_HOME" value="/home/travis/.perlbrew" />
    <property name="java.vm.version" value="11.0.2+9" />
    <property name="env.RAILS_ENV" value="test" />
    <property name="java.class.path" value="/home/travis/.ptolemyII:/home/travis/.ptolemyII/*:/home/travis/build/icyphy/ptII:/home/travis/build/icyphy/ptII/lib/bsh-2.0b4.jar:/home/travis/build/icyphy/ptII/lib/ptCal.jar:/home/travis/build/icyphy/ptII/lib/java_cup.jar:/home/travis/build/icyphy/ptII/lib/saxon8.jar:/home/travis/build/icyphy/ptII/lib/saxon8-dom.jar:/home/travis/build/icyphy/ptII/lib/chic.jar:/home/travis/build/icyphy/ptII/lib/ptcolt.jar:/home/travis/build/icyphy/ptII/vendors/misc/itext/iText.jar:/home/travis/build/icyphy/ptII/lib/g4ltl.jar:/home/travis/build/icyphy/ptII/lib/StructuralCoder.jar:/home/travis/build/icyphy/ptII/lib/jcerti.jar:/home/travis/build/icyphy/ptII/lib/javax.mail.jar:/home/travis/build/icyphy/ptII/vendors/JMF-2.1.1e/lib/jmf.jar:/home/travis/build/icyphy/ptII/lib/jna-4.0.0-variadic.jar:/home/travis/build/icyphy/ptII/vendors/misc/joystick/Joystick.jar:/home/travis/build/icyphy/ptII/lib/ptjacl.jar:/home/travis/build/icyphy/ptII/lib/jsoup-1.8.2.jar:/home/travis/build/icyphy/ptII/lib/junit-4.8.2.jar:/home/travis/build/icyphy/ptII/lib/JUnitParams-0.4.0.jar:/home/travis/build/icyphy/ptII/ptolemy/actor/lib/excel/jxl.jar:/home/travis/build/icyphy/ptII/lib/jython.jar:/home/travis/build/icyphy/ptII/lib/kieler.jar:/home/travis/build/icyphy/ptII/vendors/opencv/share/OpenCV/java/opencv-341.jar:/home/travis/build/icyphy/ptII/lib/oscP5.jar:/home/travis/build/icyphy/ptII/lib/nrjavaserial-3.11.0.devel.jar:/home/travis/build/icyphy/ptII/vendors/j3d/lib/Linux/j3dcore.jar:/home/travis/build/icyphy/ptII/vendors/j3d/lib/Linux/j3dutils.jar:/home/travis/build/icyphy/ptII/vendors/j3d/lib/Linux/vecmath.jar:/home/travis/build/icyphy/ptII/vendors/jogl/lib/Linux/gluegen-rt-natives-linux-amd64.jar:/home/travis/build/icyphy/ptII/vendors/jogl/lib/Linux/gluegen-rt.jar:/home/travis/build/icyphy/ptII/vendors/jogl/lib/Linux/jogl-all-natives-linux-amd64.jar:/home/travis/build/icyphy/ptII/vendors/jogl/lib/Linux/jogl-all.jar:/home/travis/build/icyphy/ptII/ptolemy/distributed/jini/jar/jini-core.jar:/home/travis/build/icyphy/ptII/ptolemy/distributed/jini/jar/jini-ext.jar:/home/travis/build/icyphy/ptII/ptolemy/distributed/jini/jar/sun-util.jar:/home/travis/build/icyphy/ptII/lib/protobuf-java-2.4.1.jar:/home/travis/build/icyphy/ptII/lib/org.eclipse.paho.client.mqttv3.jar:/home/travis/build/icyphy/ptII/lib/mapss.jar:/home/travis/build/icyphy/ptII/ptolemy/actor/ptalon/antlr/antlr.jar:/home/travis/build/icyphy/ptII/lib/JRI.jar:/home/travis/build/icyphy/ptII/lib/commons-lang-2.6.jar:/home/travis/build/icyphy/ptII/lib/commons-logging-1.1.1.jar:/home/travis/build/icyphy/ptII/lib/sootclasses.jar:/home/travis/build/icyphy/ptII/ptolemy/actor/lib/database/mysql-connector-java-5.1.6-bin.jar:/home/travis/build/icyphy/ptII/vendors/misc/sphinx4/sphinx4-data-5prealpha.jar:/home/travis/build/icyphy/ptII/vendors/misc/sphinx4/sphinx4-core-5prealpha.jar:/home/travis/build/icyphy/ptII/lib/PDFRenderer.jar:/home/travis/build/icyphy/ptII/lib/svgSalamander.jar:/home/travis/build/icyphy/ptII/lib/rsyntaxtextarea-2.6.0-SNAPSHOT.jar:/home/travis/build/icyphy/ptII/lib/hazelcast-3.8.2.jar:/home/travis/build/icyphy/ptII/lib/jackson-annotations-2.9.0.jar:/home/travis/build/icyphy/ptII/lib/jackson-core-2.9.3.jar:/home/travis/build/icyphy/ptII/lib/jackson-databind-2.9.3.jar:/home/travis/build/icyphy/ptII/lib/netty-buffer-4.1.19.Final.jar:/home/travis/build/icyphy/ptII/lib/netty-codec-4.1.19.Final.jar:/home/travis/build/icyphy/ptII/lib/netty-codec-dns-4.1.19.Final.jar:/home/travis/build/icyphy/ptII/lib/netty-codec-http-4.1.19.Final.jar:/home/travis/build/icyphy/ptII/lib/netty-codec-http2-4.1.19.Final.jar:/home/travis/build/icyphy/ptII/lib/netty-common-4.1.19.Final.jar:/home/travis/build/icyphy/ptII/lib/netty-handler-4.1.19.Final.jar:/home/travis/build/icyphy/ptII/lib/netty-resolver-4.1.19.Final.jar:/home/travis/build/icyphy/ptII/lib/netty-resolver-dns-4.1.19.Final.jar:/home/travis/build/icyphy/ptII/lib/netty-transport-4.1.19.Final.jar:/home/travis/build/icyphy/ptII/lib/vertx-codegen-3.5.1.jar:/home/travis/build/icyphy/ptII/lib/vertx-core-3.5.2-SNAPSHOT.jar:/home/travis/build/icyphy/ptII/lib/vertx-hazelcast-3.5.1.jar:/home/travis/build/icyphy/ptII/lib/vertx-lang-js-3.5.1.jar:/home/travis/build/icyphy/ptII/lib/vertx-service-proxy-3.5.1.jar:/home/travis/build/icyphy/ptII/lib/vertx-web-3.5.1.jar:/home/travis/build/icyphy/ptII/lib/slf4j-api-1.7.13.jar:/home/travis/build/icyphy/ptII/lib/slf4j-simple-1.7.13.jar:/home/travis/build/icyphy/ptII/lib/webcam-capture-0.3.12.jar:/home/travis/build/icyphy/ptII/lib/bridj-0.7.0.jar:/home/travis/build/icyphy/ptII/lib/xbjlib-1.1.0.nrjavaserial.jar:/home/travis/build/icyphy/ptII/ptolemy/moml/test:/home/travis/build/icyphy/ptII/ant/lib/ant-launcher.jar:/home/travis/build/icyphy/ptII/ant/lib/ant.jar:/home/travis/build/icyphy/ptII/ant/lib/ant-junit.jar:/home/travis/build/icyphy/ptII/ant/lib/ant-junit4.jar" />
    <property name="ant.library.dir" value="/home/travis/build/icyphy/ptII/ant/lib" />
    <property name="os.arch" value="amd64" />
    <property name="env.CONTINUOUS_INTEGRATION" value="true" />
    <property name="env.TRAVIS_LANGUAGE" value="node_js" />
    <property name="env.TRAVIS_STACK_LANGUAGES" value="__sardonyx__ c c++ clojure cplusplus cpp default generic go groovy java node_js php pure_java python ruby scala" />
    <property name="test.name" value="ptolemy.actor.lib.test.junit.JUnitTclTest" />
    <property name="env.APT_KEY_DONT_WARN_ON_DANGEROUS_USAGE" value="1" />
    <property name="sun.java.launcher" value="SUN_STANDARD" />
    <property name="env.PYTHON_CONFIGURE_OPTS" value="--enable-unicode=ucs4 --with-wide-unicode --enable-shared --enable-ipv6 --enable-loadable-sqlite-extensions --with-computed-gotos" />
    <property name="ant.core.lib" value="/home/travis/build/icyphy/ptII/ant/lib/ant.jar" />
    <property name="java.vm.specification.vendor" value="Oracle Corporation" />
    <property name="env.BCVTB_HOME" value="/home/travis/build/icyphy/ptII/lbnl" />
    <property name="file.separator" value="/" />
    <property name="spotbugs.home" value="/home/travis/build/icyphy/ptII/vendors/spotbugs-3.1.1" />
    <property name="java.runtime.version" value="11.0.2+9" />
    <property name="env.ANSI_CLEAR" value="\033[0K" />
    <property name="javafx.verbose" value="true" />
    <property name="env.HAS_JOSH_K_SEAL_OF_APPROVAL" value="true" />
    <property name="env.XDG_RUNTIME_DIR" value="/run/user/2000" />
    <property name="env.TRAVIS_OSX_IMAGE" value="" />
    <property name="env.TRAVIS_JOB_ID" value="676582875" />
    <property name="env.TRAVIS_BRANCH" value="master" />
    <property name="user.country" value="US" />
    <property name="env.CERTI_HOME_TRAVIS" value="/home/travis/pthla/certi-tools" />
    <property name="env.SHELL" value="/bin/bash" />
    <property name="java.maxmemory.large" value="3200m" />
    <property name="model" value="" />
    <property name="env.CASHER_DIR" value="/home/travis/.casher" />
    <property name="env.NVM_CD_FLAGS" value="" />
    <property name="java.vendor.version" value="18.9" />
    <property name="jshint.executable" value="/home/travis/node_modules/jshint/bin/jshint" />
    <property name="env.JRUBY_OPTS" value=" --client -J-XX:+TieredCompilation -J-XX:TieredStopAtLevel=1 -J-Xss2m -Xcompile.invokedynamic=false" />
    <property name="java.vendor" value="Oracle Corporation" />
    <property name="env.TRAVIS_PRE_CHEF_BOOTSTRAP_TIME" value="2019-03-25T16:16:42" />
    <property name="env.TRAVIS_STACK_JOB_BOARD_REGISTER" value="/.job-board-register.yml" />
    <property name="env.ANSI_RED" value="\033[31;1m" />
    <property name="java.specification.version" value="11" />
    <property name="env.IRBRC" value="/home/travis/.rvm/rubies/ruby-2.5.3/.irbrc" />
    <property name="env.TRAVIS" value="true" />
    <property name="sun.arch.data.model" value="64" />
  </properties>
  <testcase classname="ptolemy.util.test.junit.TclTests" name="[0] /home/travis/build/icyphy/ptII/ptolemy/actor/lib/test/AbsoluteValue.tcl (RunTclFile)" time="0.609" />
  <testcase classname="ptolemy.util.test.junit.TclTests" name="[1] /home/travis/build/icyphy/ptII/ptolemy/actor/lib/test/AddSubtract.tcl (RunTclFile)" time="0.147" />
  <testcase classname="ptolemy.util.test.junit.TclTests" name="[2] /home/travis/build/icyphy/ptII/ptolemy/actor/lib/test/Average.tcl (RunTclFile)" time="0.056" />
  <testcase classname="ptolemy.util.test.junit.TclTests" name="[3] /home/travis/build/icyphy/ptII/ptolemy/actor/lib/test/Bernoulli.tcl (RunTclFile)" time="0.045" />
  <testcase classname="ptolemy.util.test.junit.TclTests" name="[4] /home/travis/build/icyphy/ptII/ptolemy/actor/lib/test/Clock.tcl (RunTclFile)" time="0.109" />
  <testcase classname="ptolemy.util.test.junit.TclTests" name="[5] /home/travis/build/icyphy/ptII/ptolemy/actor/lib/test/Commutator.tcl (RunTclFile)" time="0.157" />
  <testcase classname="ptolemy.util.test.junit.TclTests" name="[6] /home/travis/build/icyphy/ptII/ptolemy/actor/lib/test/Const.tcl (RunTclFile)" time="0.13" />
  <testcase classname="ptolemy.util.test.junit.TclTests" name="[7] /home/travis/build/icyphy/ptII/ptolemy/actor/lib/test/CurrentTime.tcl (RunTclFile)" time="0.02" />
  <testcase classname="ptolemy.util.test.junit.TclTests" name="[8] /home/travis/build/icyphy/ptII/ptolemy/actor/lib/test/DB.tcl (RunTclFile)" time="0.021" />
  <testcase classname="ptolemy.util.test.junit.TclTests" name="[9] /home/travis/build/icyphy/ptII/ptolemy/actor/lib/test/DiscreteRandomSource.tcl (RunTclFile)" time="0.057" />
  <testcase classname="ptolemy.util.test.junit.TclTests" name="[10] /home/travis/build/icyphy/ptII/ptolemy/actor/lib/test/Distributor.tcl (RunTclFile)" time="0.092" />
  <testcase classname="ptolemy.util.test.junit.TclTests" name="[11] /home/travis/build/icyphy/ptII/ptolemy/actor/lib/test/Exit.tcl (RunTclFile)" time="0.094" />
  <testcase classname="ptolemy.util.test.junit.TclTests" name="[12] /home/travis/build/icyphy/ptII/ptolemy/actor/lib/test/Expression.tcl (RunTclFile)" time="0.086" />
  <testcase classname="ptolemy.util.test.junit.TclTests" name="[13] /home/travis/build/icyphy/ptII/ptolemy/actor/lib/test/Gaussian.tcl (RunTclFile)" time="0.072" />
  <testcase classname="ptolemy.util.test.junit.TclTests" name="[14] /home/travis/build/icyphy/ptII/ptolemy/actor/lib/test/IIR.tcl (RunTclFile)" time="0.037" />
  <testcase classname="ptolemy.util.test.junit.TclTests" name="[15] /home/travis/build/icyphy/ptII/ptolemy/actor/lib/test/Interpolator.tcl (RunTclFile)" time="0.109" />
  <testcase classname="ptolemy.util.test.junit.TclTests" name="[16] /home/travis/build/icyphy/ptII/ptolemy/actor/lib/test/MathFunction.tcl (RunTclFile)" time="0.085" />
  <testcase classname="ptolemy.util.test.junit.TclTests" name="[17] /home/travis/build/icyphy/ptII/ptolemy/actor/lib/test/Maximum.tcl (RunTclFile)" time="0.036" />
  <testcase classname="ptolemy.util.test.junit.TclTests" name="[18] /home/travis/build/icyphy/ptII/ptolemy/actor/lib/test/Minimum.tcl (RunTclFile)" time="0.032" />
  <testcase classname="ptolemy.util.test.junit.TclTests" name="[19] /home/travis/build/icyphy/ptII/ptolemy/actor/lib/test/MultiplyDivide.tcl (RunTclFile)" time="0.05" />
  <testcase classname="ptolemy.util.test.junit.TclTests" name="[20] /home/travis/build/icyphy/ptII/ptolemy/actor/lib/test/OrderedMerge.tcl (RunTclFile)" time="0.128" />
  <testcase classname="ptolemy.util.test.junit.TclTests" name="[21] /home/travis/build/icyphy/ptII/ptolemy/actor/lib/test/Publisher.tcl (RunTclFile)" time="0.758" />
  <testcase classname="ptolemy.util.test.junit.TclTests" name="[22] /home/travis/build/icyphy/ptII/ptolemy/actor/lib/test/Pulse.tcl (RunTclFile)" time="0.081" />
  <testcase classname="ptolemy.util.test.junit.TclTests" name="[23] /home/travis/build/icyphy/ptII/ptolemy/actor/lib/test/Ramp.tcl (RunTclFile)" time="2.234" />
  <testcase classname="ptolemy.util.test.junit.TclTests" name="[24] /home/travis/build/icyphy/ptII/ptolemy/actor/lib/test/RampContinuous.tcl (RunTclFile)" time="0.019" />
  <testcase classname="ptolemy.util.test.junit.TclTests" name="[25] /home/travis/build/icyphy/ptII/ptolemy/actor/lib/test/RecordAssembler.tcl (RunTclFile)" time="0.017" />
  <testcase classname="ptolemy.util.test.junit.TclTests" name="[26] /home/travis/build/icyphy/ptII/ptolemy/actor/lib/test/RecordDisassembler.tcl (RunTclFile)" time="0.033" />
  <testcase classname="ptolemy.util.test.junit.TclTests" name="[27] /home/travis/build/icyphy/ptII/ptolemy/actor/lib/test/Scale.tcl (RunTclFile)" time="0.031" />
  <testcase classname="ptolemy.util.test.junit.TclTests" name="[28] /home/travis/build/icyphy/ptII/ptolemy/actor/lib/test/SequentialClock.tcl (RunTclFile)" time="0.016" />
  <testcase classname="ptolemy.util.test.junit.TclTests" name="[29] /home/travis/build/icyphy/ptII/ptolemy/actor/lib/test/SetVariable.tcl (RunTclFile)" time="0.011" />
  <testcase classname="ptolemy.util.test.junit.TclTests" name="[30] /home/travis/build/icyphy/ptII/ptolemy/actor/lib/test/Sinewave.tcl (RunTclFile)" time="0.064" />
  <testcase classname="ptolemy.util.test.junit.TclTests" name="[31] /home/travis/build/icyphy/ptII/ptolemy/actor/lib/test/SubscriptionAggregator.tcl (RunTclFile)" time="2.046" />
  <testcase classname="ptolemy.util.test.junit.TclTests" name="[32] /home/travis/build/icyphy/ptII/ptolemy/actor/lib/test/Test.tcl (RunTclFile)" time="0.086" />
  <testcase classname="ptolemy.util.test.junit.TclTests" name="[33] /home/travis/build/icyphy/ptII/ptolemy/actor/lib/test/TestExceptionHandler.tcl (RunTclFile)" time="0.011" />
  <testcase classname="ptolemy.util.test.junit.TclTests" name="[34] /home/travis/build/icyphy/ptII/ptolemy/actor/lib/test/UnionDisassembler.tcl (RunTclFile)" time="0.045" />
  <testcase classname="ptolemy.util.test.junit.TclTests" name="[35] /home/travis/build/icyphy/ptII/ptolemy/actor/lib/test/VariableClock.tcl (RunTclFile)" time="0.02" />
  <testcase classname="ptolemy.util.test.junit.AutoKnownFailedTests" name="[0] /home/travis/build/icyphy/ptII/ptolemy/actor/lib/test/auto/knownFailedTests/PublisherPortToplevelSubscriber.xml (RunModel)" time="0.083" />
  <testcase classname="ptolemy.util.test.junit.AutoKnownFailedTests" name="[1] /home/travis/build/icyphy/ptII/ptolemy/actor/lib/test/auto/knownFailedTests/PublisherSubscriberPortToplevel.xml (RunModel)" time="0.025" />
  <testcase classname="ptolemy.util.test.junit.AutoKnownFailedTests" name="[2] /home/travis/build/icyphy/ptII/ptolemy/actor/lib/test/auto/knownFailedTests/PublisherSubscriptionAggregatorPort.xml (RunModel)" time="0.019" />
  <testcase classname="ptolemy.util.test.junit.AutoKnownFailedTests" name="[3] /home/travis/build/icyphy/ptII/ptolemy/actor/lib/test/auto/knownFailedTests/sizedarray3.xml (RunModel)" time="0.026" />
  <testcase classname="ptolemy.util.test.junit.AutoNameArchTests" name="[0] ThereAreNoAutoArchTests (RunModel)" time="0.001" />
  <testcase classname="ptolemy.util.test.junit.AutoTests" name="[0] /home/travis/build/icyphy/ptII/ptolemy/actor/lib/test/auto/AbsoluteValue.xml (RunModel)" time="0.095" />
  <testcase classname="ptolemy.util.test.junit.AutoTests" name="[1] /home/travis/build/icyphy/ptII/ptolemy/actor/lib/test/auto/AbsoluteValue2.xml (RunModel)" time="0.053" />
  <testcase classname="ptolemy.util.test.junit.AutoTests" name="[2] /home/travis/build/icyphy/ptII/ptolemy/actor/lib/test/auto/Accumulator.xml (RunModel)" time="0.06" />
  <testcase classname="ptolemy.util.test.junit.AutoTests" name="[3] /home/travis/build/icyphy/ptII/ptolemy/actor/lib/test/auto/Accumulator2.xml (RunModel)" time="0.054" />
  <testcase classname="ptolemy.util.test.junit.AutoTests" name="[4] /home/travis/build/icyphy/ptII/ptolemy/actor/lib/test/auto/Accumulator3.xml (RunModel)" time="0.04" />
  <testcase classname="ptolemy.util.test.junit.AutoTests" name="[5] /home/travis/build/icyphy/ptII/ptolemy/actor/lib/test/auto/ArrayAppend.xml (RunModel)" time="0.045" />
  <testcase classname="ptolemy.util.test.junit.AutoTests" name="[6] /home/travis/build/icyphy/ptII/ptolemy/actor/lib/test/auto/ArrayAppend2.xml (RunModel)" time="0.466" />
  <testcase classname="ptolemy.util.test.junit.AutoTests" name="[7] /home/travis/build/icyphy/ptII/ptolemy/actor/lib/test/auto/ArrayAppend3.xml (RunModel)" time="0.03" />
  <testcase classname="ptolemy.util.test.junit.AutoTests" name="[8] /home/travis/build/icyphy/ptII/ptolemy/actor/lib/test/auto/ArrayAppend4.xml (RunModel)" time="0.025" />
  <testcase classname="ptolemy.util.test.junit.AutoTests" name="[9] /home/travis/build/icyphy/ptII/ptolemy/actor/lib/test/auto/ArrayAppend5.xml (RunModel)" time="0.02" />
  <testcase classname="ptolemy.util.test.junit.AutoTests" name="[10] /home/travis/build/icyphy/ptII/ptolemy/actor/lib/test/auto/ArrayAppend6.xml (RunModel)" time="0.022" />
  <testcase classname="ptolemy.util.test.junit.AutoTests" name="[11] /home/travis/build/icyphy/ptII/ptolemy/actor/lib/test/auto/ArrayAppendPerformanceTest.xml (RunModel)" time="0.078" />
  <testcase classname="ptolemy.util.test.junit.AutoTests" name="[12] /home/travis/build/icyphy/ptII/ptolemy/actor/lib/test/auto/ArrayAppendWithEmptyInput.xml (RunModel)" time="0.053" />
  <testcase classname="ptolemy.util.test.junit.AutoTests" name="[13] /home/travis/build/icyphy/ptII/ptolemy/actor/lib/test/auto/ArrayAverage.xml (RunModel)" time="0.062" />
  <testcase classname="ptolemy.util.test.junit.AutoTests" name="[14] /home/travis/build/icyphy/ptII/ptolemy/actor/lib/test/auto/ArrayContains.xml (RunModel)" time="0.039" />
  <testcase classname="ptolemy.util.test.junit.AutoTests" name="[15] /home/travis/build/icyphy/ptII/ptolemy/actor/lib/test/auto/ArrayElement.xml (RunModel)" time="0.03" />
  <testcase classname="ptolemy.util.test.junit.AutoTests" name="[16] /home/travis/build/icyphy/ptII/ptolemy/actor/lib/test/auto/ArrayElementAsMatrix.xml (RunModel)" time="0.062" />
  <testcase classname="ptolemy.util.test.junit.AutoTests" name="[17] /home/travis/build/icyphy/ptII/ptolemy/actor/lib/test/auto/ArrayElementI.xml (RunModel)" time="0.018" />
  <testcase classname="ptolemy.util.test.junit.AutoTests" name="[18] /home/travis/build/icyphy/ptII/ptolemy/actor/lib/test/auto/ArrayExtract.xml (RunModel)" time="0.041" />
  <testcase classname="ptolemy.util.test.junit.AutoTests" name="[19] /home/travis/build/icyphy/ptII/ptolemy/actor/lib/test/auto/ArrayExtract2.xml (RunModel)" time="0.018" />
  <testcase classname="ptolemy.util.test.junit.AutoTests" name="[20] /home/travis/build/icyphy/ptII/ptolemy/actor/lib/test/auto/ArrayLength.xml (RunModel)" time="0.03" />
  <testcase classname="ptolemy.util.test.junit.AutoTests" name="[21] /home/travis/build/icyphy/ptII/ptolemy/actor/lib/test/auto/ArrayLevelCrossing.xml (RunModel)" time="0.032" />
  <testcase classname="ptolemy.util.test.junit.AutoTests" name="[22] /home/travis/build/icyphy/ptII/ptolemy/actor/lib/test/auto/ArrayLevelCrossing2.xml (RunModel)" time="0.022" />
  <testcase classname="ptolemy.util.test.junit.AutoTests" name="[23] /home/travis/build/icyphy/ptII/ptolemy/actor/lib/test/auto/ArrayPeakSearch.xml (RunModel)" time="0.045" />
  <testcase classname="ptolemy.util.test.junit.AutoTests" name="[24] /home/travis/build/icyphy/ptII/ptolemy/actor/lib/test/auto/ArrayPeakSearch2.xml (RunModel)" time="0.04" />
  <testcase classname="ptolemy.util.test.junit.AutoTests" name="[25] /home/travis/build/icyphy/ptII/ptolemy/actor/lib/test/auto/ArrayPeakSearch3.xml (RunModel)" time="0.036" />
  <testcase classname="ptolemy.util.test.junit.AutoTests" name="[26] /home/travis/build/icyphy/ptII/ptolemy/actor/lib/test/auto/ArrayRemoveElement.xml (RunModel)" time="0.028" />
  <testcase classname="ptolemy.util.test.junit.AutoTests" name="[27] /home/travis/build/icyphy/ptII/ptolemy/actor/lib/test/auto/ArraySort.xml (RunModel)" time="0.039" />
  <testcase classname="ptolemy.util.test.junit.AutoTests" name="[28] /home/travis/build/icyphy/ptII/ptolemy/actor/lib/test/auto/ArraySum.xml (RunModel)" time="0.022" />
  <testcase classname="ptolemy.util.test.junit.AutoTests" name="[29] /home/travis/build/icyphy/ptII/ptolemy/actor/lib/test/auto/ArrayToElements.xml (RunModel)" time="0.023" />
  <testcase classname="ptolemy.util.test.junit.AutoTests" name="[30] /home/travis/build/icyphy/ptII/ptolemy/actor/lib/test/auto/ArrayToMatrix.xml (RunModel)" time="0.046" />
  <testcase classname="ptolemy.util.test.junit.AutoTests" name="[31] /home/travis/build/icyphy/ptII/ptolemy/actor/lib/test/auto/ArrayUpdate1.xml (RunModel)" time="0.018" />
  <testcase classname="ptolemy.util.test.junit.AutoTests" name="[32] /home/travis/build/icyphy/ptII/ptolemy/actor/lib/test/auto/ArrayUpdate2.xml (RunModel)" time="0.021" />
  <testcase classname="ptolemy.util.test.junit.AutoTests" name="[33] /home/travis/build/icyphy/ptII/ptolemy/actor/lib/test/auto/ArrayUpdate3.xml (RunModel)" time="0.015" />
  <testcase classname="ptolemy.util.test.junit.AutoTests" name="[34] /home/travis/build/icyphy/ptII/ptolemy/actor/lib/test/auto/Assert1.xml (RunModel)" time="0.022" />
  <testcase classname="ptolemy.util.test.junit.AutoTests" name="[35] /home/travis/build/icyphy/ptII/ptolemy/actor/lib/test/auto/Assert2.xml (RunModel)" time="0.019" />
  <testcase classname="ptolemy.util.test.junit.AutoTests" name="[36] /home/travis/build/icyphy/ptII/ptolemy/actor/lib/test/auto/BooleanMultiplexor.xml (RunModel)" time="0.017" />
  <testcase classname="ptolemy.util.test.junit.AutoTests" name="[37] /home/travis/build/icyphy/ptII/ptolemy/actor/lib/test/auto/BooleanMultiplexor2.xml (RunModel)" time="0.025" />
  <testcase classname="ptolemy.util.test.junit.AutoTests" name="[38] /home/travis/build/icyphy/ptII/ptolemy/actor/lib/test/auto/BooleanMultiplexor3.xml (RunModel)" time="0.022" />
  <testcase classname="ptolemy.util.test.junit.AutoTests" name="[39] /home/travis/build/icyphy/ptII/ptolemy/actor/lib/test/auto/BooleanSelect.xml (RunModel)" time="0.023" />
  <testcase classname="ptolemy.util.test.junit.AutoTests" name="[40] /home/travis/build/icyphy/ptII/ptolemy/actor/lib/test/auto/BooleanSelect2.xml (RunModel)" time="0.018" />
  <testcase classname="ptolemy.util.test.junit.AutoTests" name="[41] /home/travis/build/icyphy/ptII/ptolemy/actor/lib/test/auto/BooleanSwitch.xml (RunModel)" time="0.021" />
  <testcase classname="ptolemy.util.test.junit.AutoTests" name="[42] /home/travis/build/icyphy/ptII/ptolemy/actor/lib/test/auto/BooleanSwitch2.xml (RunModel)" time="0.014" />
  <testcase classname="ptolemy.util.test.junit.AutoTests" name="[43] /home/travis/build/icyphy/ptII/ptolemy/actor/lib/test/auto/BooleanSwitchCloningBugWithClassRelationGroup.xml (RunModel)" time="0.048" />
  <testcase classname="ptolemy.util.test.junit.AutoTests" name="[44] /home/travis/build/icyphy/ptII/ptolemy/actor/lib/test/auto/BusActors.xml (RunModel)" time="0.033" />
  <testcase classname="ptolemy.util.test.junit.AutoTests" name="[45] /home/travis/build/icyphy/ptII/ptolemy/actor/lib/test/auto/ClassWrapper.xml (RunModel)" time="0.023" />
  <testcase classname="ptolemy.util.test.junit.AutoTests" name="[46] /home/travis/build/icyphy/ptII/ptolemy/actor/lib/test/auto/Clock.xml (RunModel)" time="0.011" />
  <testcase classname="ptolemy.util.test.junit.AutoTests" name="[47] /home/travis/build/icyphy/ptII/ptolemy/actor/lib/test/auto/Clock10.xml (RunModel)" time="0.016" />
  <testcase classname="ptolemy.util.test.junit.AutoTests" name="[48] /home/travis/build/icyphy/ptII/ptolemy/actor/lib/test/auto/Clock11.xml (RunModel)" time="0.021" />
  <testcase classname="ptolemy.util.test.junit.AutoTests" name="[49] /home/travis/build/icyphy/ptII/ptolemy/actor/lib/test/auto/Clock12.xml (RunModel)" time="0.018" />
  <testcase classname="ptolemy.util.test.junit.AutoTests" name="[50] /home/travis/build/icyphy/ptII/ptolemy/actor/lib/test/auto/Clock13.xml (RunModel)" time="0.018" />
  <testcase classname="ptolemy.util.test.junit.AutoTests" name="[51] /home/travis/build/icyphy/ptII/ptolemy/actor/lib/test/auto/Clock14.xml (RunModel)" time="0.018" />
  <testcase classname="ptolemy.util.test.junit.AutoTests" name="[52] /home/travis/build/icyphy/ptII/ptolemy/actor/lib/test/auto/Clock15.xml (RunModel)" time="0.012" />
  <testcase classname="ptolemy.util.test.junit.AutoTests" name="[53] /home/travis/build/icyphy/ptII/ptolemy/actor/lib/test/auto/Clock16.xml (RunModel)" time="0.108" />
  <testcase classname="ptolemy.util.test.junit.AutoTests" name="[54] /home/travis/build/icyphy/ptII/ptolemy/actor/lib/test/auto/Clock17.xml (RunModel)" time="0.058" />
  <testcase classname="ptolemy.util.test.junit.AutoTests" name="[55] /home/travis/build/icyphy/ptII/ptolemy/actor/lib/test/auto/Clock18.xml (RunModel)" time="0.052" />
  <testcase classname="ptolemy.util.test.junit.AutoTests" name="[56] /home/travis/build/icyphy/ptII/ptolemy/actor/lib/test/auto/Clock19.xml (RunModel)" time="0.042" />
  <testcase classname="ptolemy.util.test.junit.AutoTests" name="[57] /home/travis/build/icyphy/ptII/ptolemy/actor/lib/test/auto/Clock2.xml (RunModel)" time="0.014" />
  <testcase classname="ptolemy.util.test.junit.AutoTests" name="[58] /home/travis/build/icyphy/ptII/ptolemy/actor/lib/test/auto/Clock20.xml (RunModel)" time="0.022" />
  <testcase classname="ptolemy.util.test.junit.AutoTests" name="[59] /home/travis/build/icyphy/ptII/ptolemy/actor/lib/test/auto/Clock21.xml (RunModel)" time="0.022" />
  <testcase classname="ptolemy.util.test.junit.AutoTests" name="[60] /home/travis/build/icyphy/ptII/ptolemy/actor/lib/test/auto/Clock22.xml (RunModel)" time="0.015" />
  <testcase classname="ptolemy.util.test.junit.AutoTests" name="[61] /home/travis/build/icyphy/ptII/ptolemy/actor/lib/test/auto/Clock23.xml (RunModel)" time="0.018" />
  <testcase classname="ptolemy.util.test.junit.AutoTests" name="[62] /home/travis/build/icyphy/ptII/ptolemy/actor/lib/test/auto/Clock24.xml (RunModel)" time="0.015" />
  <testcase classname="ptolemy.util.test.junit.AutoTests" name="[63] /home/travis/build/icyphy/ptII/ptolemy/actor/lib/test/auto/Clock4.xml (RunModel)" time="0.011" />
  <testcase classname="ptolemy.util.test.junit.AutoTests" name="[64] /home/travis/build/icyphy/ptII/ptolemy/actor/lib/test/auto/Clock5.xml (RunModel)" time="0.011" />
  <testcase classname="ptolemy.util.test.junit.AutoTests" name="[65] /home/travis/build/icyphy/ptII/ptolemy/actor/lib/test/auto/Clock6.xml (RunModel)" time="0.015" />
  <testcase classname="ptolemy.util.test.junit.AutoTests" name="[66] /home/travis/build/icyphy/ptII/ptolemy/actor/lib/test/auto/Clock7.xml (RunModel)" time="0.009" />
  <testcase classname="ptolemy.util.test.junit.AutoTests" name="[67] /home/travis/build/icyphy/ptII/ptolemy/actor/lib/test/auto/Clock8.xml (RunModel)" time="0.014" />
  <testcase classname="ptolemy.util.test.junit.AutoTests" name="[68] /home/travis/build/icyphy/ptII/ptolemy/actor/lib/test/auto/Clock9.xml (RunModel)" time="0.015" />
  <testcase classname="ptolemy.util.test.junit.AutoTests" name="[69] /home/travis/build/icyphy/ptII/ptolemy/actor/lib/test/auto/CommDistDiscard.xml (RunModel)" time="0.025" />
  <testcase classname="ptolemy.util.test.junit.AutoTests" name="[70] /home/travis/build/icyphy/ptII/ptolemy/actor/lib/test/auto/Commutator.xml (RunModel)" time="0.014" />
  <testcase classname="ptolemy.util.test.junit.AutoTests" name="[71] /home/travis/build/icyphy/ptII/ptolemy/actor/lib/test/auto/Commutator2.xml (RunModel)" time="0.011" />
  <testcase classname="ptolemy.util.test.junit.AutoTests" name="[72] /home/travis/build/icyphy/ptII/ptolemy/actor/lib/test/auto/Commutator3.xml (RunModel)" time="0.012" />
  <testcase classname="ptolemy.util.test.junit.AutoTests" name="[73] /home/travis/build/icyphy/ptII/ptolemy/actor/lib/test/auto/Compare.xml (RunModel)" time="0.021" />
  <testcase classname="ptolemy.util.test.junit.AutoTests" name="[74] /home/travis/build/icyphy/ptII/ptolemy/actor/lib/test/auto/CompareDE.xml (RunModel)" time="0.024" />
  <testcase classname="ptolemy.util.test.junit.AutoTests" name="[75] /home/travis/build/icyphy/ptII/ptolemy/actor/lib/test/auto/ComplexDivide.xml (RunModel)" time="0.009" />
  <testcase classname="ptolemy.util.test.junit.AutoTests" name="[76] /home/travis/build/icyphy/ptII/ptolemy/actor/lib/test/auto/ComputeHistogram.xml (RunModel)" time="0.077" />
  <testcase classname="ptolemy.util.test.junit.AutoTests" name="[77] /home/travis/build/icyphy/ptII/ptolemy/actor/lib/test/auto/ConfigurationSelect.xml (RunModel)" time="0.021" />
  <testcase classname="ptolemy.util.test.junit.AutoTests" name="[78] /home/travis/build/icyphy/ptII/ptolemy/actor/lib/test/auto/ConfigurationSelect2.xml (RunModel)" time="0.015" />
  <testcase classname="ptolemy.util.test.junit.AutoTests" name="[79] /home/travis/build/icyphy/ptII/ptolemy/actor/lib/test/auto/ConfigurationSwitch.xml (RunModel)" time="0.02" />
  <testcase classname="ptolemy.util.test.junit.AutoTests" name="[80] /home/travis/build/icyphy/ptII/ptolemy/actor/lib/test/auto/ConfigurationSwitch2.xml (RunModel)" time="0.029" />
  <testcase classname="ptolemy.util.test.junit.AutoTests" name="[81] /home/travis/build/icyphy/ptII/ptolemy/actor/lib/test/auto/ConfigurationSwitchCloningBugWithClassRelationGroup.xml (RunModel)" time="0.02" />
  <testcase classname="ptolemy.util.test.junit.AutoTests" name="[82] /home/travis/build/icyphy/ptII/ptolemy/actor/lib/test/auto/ConfigurationSwitchSelectSDF.xml (RunModel)" time="0.016" />
  <testcase classname="ptolemy.util.test.junit.AutoTests" name="[83] /home/travis/build/icyphy/ptII/ptolemy/actor/lib/test/auto/ConfigurationSwitchSelectSDF2.xml (RunModel)" time="0.024" />
  <testcase classname="ptolemy.util.test.junit.AutoTests" name="[84] /home/travis/build/icyphy/ptII/ptolemy/actor/lib/test/auto/Const.xml (RunModel)" time="0.008" />
  <testcase classname="ptolemy.util.test.junit.AutoTests" name="[85] /home/travis/build/icyphy/ptII/ptolemy/actor/lib/test/auto/Const2.xml (RunModel)" time="0.012" />
  <testcase classname="ptolemy.util.test.junit.AutoTests" name="[86] /home/travis/build/icyphy/ptII/ptolemy/actor/lib/test/auto/Const3.xml (RunModel)" time="0.005" />
  <testcase classname="ptolemy.util.test.junit.AutoTests" name="[87] /home/travis/build/icyphy/ptII/ptolemy/actor/lib/test/auto/ConstantPublisherPort1.xml (RunModel)" time="0.019" />
  <testcase classname="ptolemy.util.test.junit.AutoTests" name="[88] /home/travis/build/icyphy/ptII/ptolemy/actor/lib/test/auto/ConstantPublisherPort2.xml (RunModel)" time="0.017" />
  <testcase classname="ptolemy.util.test.junit.AutoTests" name="[89] /home/travis/build/icyphy/ptII/ptolemy/actor/lib/test/auto/ConstantPublisherPort3.xml (RunModel)" time="0.016" />
  <testcase classname="ptolemy.util.test.junit.AutoTests" name="[90] /home/travis/build/icyphy/ptII/ptolemy/actor/lib/test/auto/ConstantPublisherPort4.xml (RunModel)" time="0.015" />
  <testcase classname="ptolemy.util.test.junit.AutoTests" name="[91] /home/travis/build/icyphy/ptII/ptolemy/actor/lib/test/auto/ConstantPublisherPort5.xml (RunModel)" time="0.04" />
  <testcase classname="ptolemy.util.test.junit.AutoTests" name="[92] /home/travis/build/icyphy/ptII/ptolemy/actor/lib/test/auto/ConstantPublisherPort6.xml (RunModel)" time="0.033" />
  <testcase classname="ptolemy.util.test.junit.AutoTests" name="[93] /home/travis/build/icyphy/ptII/ptolemy/actor/lib/test/auto/ConstantPublisherPort7.xml (RunModel)" time="0.03" />
  <testcase classname="ptolemy.util.test.junit.AutoTests" name="[94] /home/travis/build/icyphy/ptII/ptolemy/actor/lib/test/auto/ConstraintMonitor1.xml (RunModel)" time="0.04" />
  <testcase classname="ptolemy.util.test.junit.AutoTests" name="[95] /home/travis/build/icyphy/ptII/ptolemy/actor/lib/test/auto/ConstraintMonitor2.xml (RunModel)" time="0.01" />
  <testcase classname="ptolemy.util.test.junit.AutoTests" name="[96] /home/travis/build/icyphy/ptII/ptolemy/actor/lib/test/auto/ConstraintMonitor3.xml (RunModel)" time="0.014" />
  <testcase classname="ptolemy.util.test.junit.AutoTests" name="[97] /home/travis/build/icyphy/ptII/ptolemy/actor/lib/test/auto/ConstraintMonitor4.xml (RunModel)" time="0.014" />
  <testcase classname="ptolemy.util.test.junit.AutoTests" name="[98] /home/travis/build/icyphy/ptII/ptolemy/actor/lib/test/auto/ConstraintMonitor5.xml (RunModel)" time="0.013" />
  <testcase classname="ptolemy.util.test.junit.AutoTests" name="[99] /home/travis/build/icyphy/ptII/ptolemy/actor/lib/test/auto/ConstraintMonitor6.xml (RunModel)" time="0.018" />
  <testcase classname="ptolemy.util.test.junit.AutoTests" name="[100] /home/travis/build/icyphy/ptII/ptolemy/actor/lib/test/auto/ConstraintMonitor7.xml (RunModel)" time="0.015" />
  <testcase classname="ptolemy.util.test.junit.AutoTests" name="[101] /home/travis/build/icyphy/ptII/ptolemy/actor/lib/test/auto/ConstraintMonitor8.xml (RunModel)" time="0.03" />
  <testcase classname="ptolemy.util.test.junit.AutoTests" name="[102] /home/travis/build/icyphy/ptII/ptolemy/actor/lib/test/auto/Counter.xml (RunModel)" time="0.012" />
  <testcase classname="ptolemy.util.test.junit.AutoTests" name="[103] /home/travis/build/icyphy/ptII/ptolemy/actor/lib/test/auto/CurrentTimeSDF.xml (RunModel)" time="0.009" />
  <testcase classname="ptolemy.util.test.junit.AutoTests" name="[104] /home/travis/build/icyphy/ptII/ptolemy/actor/lib/test/auto/DB.xml (RunModel)" time="0.011" />
  <testcase classname="ptolemy.util.test.junit.AutoTests" name="[105] /home/travis/build/icyphy/ptII/ptolemy/actor/lib/test/auto/DBDE.xml (RunModel)" time="0.02" />
  <testcase classname="ptolemy.util.test.junit.AutoTests" name="[106] /home/travis/build/icyphy/ptII/ptolemy/actor/lib/test/auto/DateConstructor.xml (RunModel)" time="0.063" />
  <testcase classname="ptolemy.util.test.junit.AutoTests" name="[107] /home/travis/build/icyphy/ptII/ptolemy/actor/lib/test/auto/DelayTime.xml (RunModel)" time="0.018" />
  <testcase classname="ptolemy.util.test.junit.AutoTests" name="[108] /home/travis/build/icyphy/ptII/ptolemy/actor/lib/test/auto/Dictionary1.xml (RunModel)" time="0.016" />
  <testcase classname="ptolemy.util.test.junit.AutoTests" name="[109] /home/travis/build/icyphy/ptII/ptolemy/actor/lib/test/auto/Dictionary2.xml (RunModel)" time="0.014" />
  <testcase classname="ptolemy.util.test.junit.AutoTests" name="[110] /home/travis/build/icyphy/ptII/ptolemy/actor/lib/test/auto/Dictionary3.xml (RunModel)" time="0.012" />
  <testcase classname="ptolemy.util.test.junit.AutoTests" name="[111] /home/travis/build/icyphy/ptII/ptolemy/actor/lib/test/auto/Dictionary4.xml (RunModel)" time="0.016" />
  <testcase classname="ptolemy.util.test.junit.AutoTests" name="[112] /home/travis/build/icyphy/ptII/ptolemy/actor/lib/test/auto/Differential.xml (RunModel)" time="0.011" />
  <testcase classname="ptolemy.util.test.junit.AutoTests" name="[113] /home/travis/build/icyphy/ptII/ptolemy/actor/lib/test/auto/Director.xml (RunModel)" time="0.016" />
  <testcase classname="ptolemy.util.test.junit.AutoTests" name="[114] /home/travis/build/icyphy/ptII/ptolemy/actor/lib/test/auto/DiscreteClock.xml (RunModel)" time="0.007" />
  <testcase classname="ptolemy.util.test.junit.AutoTests" name="[115] /home/travis/build/icyphy/ptII/ptolemy/actor/lib/test/auto/DiscreteClock10.xml (RunModel)" time="0.013" />
  <testcase classname="ptolemy.util.test.junit.AutoTests" name="[116] /home/travis/build/icyphy/ptII/ptolemy/actor/lib/test/auto/DiscreteClock11.xml (RunModel)" time="0.012" />
  <testcase classname="ptolemy.util.test.junit.AutoTests" name="[117] /home/travis/build/icyphy/ptII/ptolemy/actor/lib/test/auto/DiscreteClock12.xml (RunModel)" time="0.013" />
  <testcase classname="ptolemy.util.test.junit.AutoTests" name="[118] /home/travis/build/icyphy/ptII/ptolemy/actor/lib/test/auto/DiscreteClock13.xml (RunModel)" time="0.013" />
  <testcase classname="ptolemy.util.test.junit.AutoTests" name="[119] /home/travis/build/icyphy/ptII/ptolemy/actor/lib/test/auto/DiscreteClock14.xml (RunModel)" time="0.016" />
  <testcase classname="ptolemy.util.test.junit.AutoTests" name="[120] /home/travis/build/icyphy/ptII/ptolemy/actor/lib/test/auto/DiscreteClock15.xml (RunModel)" time="0.012" />
  <testcase classname="ptolemy.util.test.junit.AutoTests" name="[121] /home/travis/build/icyphy/ptII/ptolemy/actor/lib/test/auto/DiscreteClock16.xml (RunModel)" time="0.045" />
  <testcase classname="ptolemy.util.test.junit.AutoTests" name="[122] /home/travis/build/icyphy/ptII/ptolemy/actor/lib/test/auto/DiscreteClock17.xml (RunModel)" time="0.036" />
  <testcase classname="ptolemy.util.test.junit.AutoTests" name="[123] /home/travis/build/icyphy/ptII/ptolemy/actor/lib/test/auto/DiscreteClock18.xml (RunModel)" time="0.059" />
  <testcase classname="ptolemy.util.test.junit.AutoTests" name="[124] /home/travis/build/icyphy/ptII/ptolemy/actor/lib/test/auto/DiscreteClock19.xml (RunModel)" time="0.035" />
  <testcase classname="ptolemy.util.test.junit.AutoTests" name="[125] /home/travis/build/icyphy/ptII/ptolemy/actor/lib/test/auto/DiscreteClock2.xml (RunModel)" time="0.011" />
  <testcase classname="ptolemy.util.test.junit.AutoTests" name="[126] /home/travis/build/icyphy/ptII/ptolemy/actor/lib/test/auto/DiscreteClock20.xml (RunModel)" time="0.015" />
  <testcase classname="ptolemy.util.test.junit.AutoTests" name="[127] /home/travis/build/icyphy/ptII/ptolemy/actor/lib/test/auto/DiscreteClock21.xml (RunModel)" time="0.013" />
  <testcase classname="ptolemy.util.test.junit.AutoTests" name="[128] /home/travis/build/icyphy/ptII/ptolemy/actor/lib/test/auto/DiscreteClock22.xml (RunModel)" time="0.013" />
  <testcase classname="ptolemy.util.test.junit.AutoTests" name="[129] /home/travis/build/icyphy/ptII/ptolemy/actor/lib/test/auto/DiscreteClock23.xml (RunModel)" time="0.02" />
  <testcase classname="ptolemy.util.test.junit.AutoTests" name="[130] /home/travis/build/icyphy/ptII/ptolemy/actor/lib/test/auto/DiscreteClock24.xml (RunModel)" time="0.012" />
  <testcase classname="ptolemy.util.test.junit.AutoTests" name="[131] /home/travis/build/icyphy/ptII/ptolemy/actor/lib/test/auto/DiscreteClock4.xml (RunModel)" time="0.01" />
  <testcase classname="ptolemy.util.test.junit.AutoTests" name="[132] /home/travis/build/icyphy/ptII/ptolemy/actor/lib/test/auto/DiscreteClock5.xml (RunModel)" time="0.01" />
  <testcase classname="ptolemy.util.test.junit.AutoTests" name="[133] /home/travis/build/icyphy/ptII/ptolemy/actor/lib/test/auto/DiscreteClock6.xml (RunModel)" time="0.008" />
  <testcase classname="ptolemy.util.test.junit.AutoTests" name="[134] /home/travis/build/icyphy/ptII/ptolemy/actor/lib/test/auto/DiscreteClock7.xml (RunModel)" time="0.008" />
  <testcase classname="ptolemy.util.test.junit.AutoTests" name="[135] /home/travis/build/icyphy/ptII/ptolemy/actor/lib/test/auto/DiscreteClock8.xml (RunModel)" time="0.017" />
  <testcase classname="ptolemy.util.test.junit.AutoTests" name="[136] /home/travis/build/icyphy/ptII/ptolemy/actor/lib/test/auto/DiscreteClock9.xml (RunModel)" time="0.012" />
  <testcase classname="ptolemy.util.test.junit.AutoTests" name="[137] /home/travis/build/icyphy/ptII/ptolemy/actor/lib/test/auto/DisplayArray.xml (RunModel)" time="0.007" />
  <testcase classname="ptolemy.util.test.junit.AutoTests" name="[138] /home/travis/build/icyphy/ptII/ptolemy/actor/lib/test/auto/Distributor.xml (RunModel)" time="0.008" />
  <testcase classname="ptolemy.util.test.junit.AutoTests" name="[139] /home/travis/build/icyphy/ptII/ptolemy/actor/lib/test/auto/Distributor2.xml (RunModel)" time="0.01" />
  <testcase classname="ptolemy.util.test.junit.AutoTests" name="[140] /home/travis/build/icyphy/ptII/ptolemy/actor/lib/test/auto/DownSample.xml (RunModel)" time="0.012" />
  <testcase classname="ptolemy.util.test.junit.AutoTests" name="[141] /home/travis/build/icyphy/ptII/ptolemy/actor/lib/test/auto/ElectronicUnitBase1.xml (RunModel)" time="0.048" />
  <testcase classname="ptolemy.util.test.junit.AutoTests" name="[142] /home/travis/build/icyphy/ptII/ptolemy/actor/lib/test/auto/ElementsToArray.xml (RunModel)" time="0.009" />
  <testcase classname="ptolemy.util.test.junit.AutoTests" name="[143] /home/travis/build/icyphy/ptII/ptolemy/actor/lib/test/auto/Equals.xml (RunModel)" time="0.012" />
  <testcase classname="ptolemy.util.test.junit.AutoTests" name="[144] /home/travis/build/icyphy/ptII/ptolemy/actor/lib/test/auto/Exec.xml (RunModel)" time="0.025" />
  <testcase classname="ptolemy.util.test.junit.AutoTests" name="[145] /home/travis/build/icyphy/ptII/ptolemy/actor/lib/test/auto/ExecEnvironment.xml (RunModel)" time="0.03" />
  <testcase classname="ptolemy.util.test.junit.AutoTests" name="[146] /home/travis/build/icyphy/ptII/ptolemy/actor/lib/test/auto/ExecNonZeroReturnOutput.xml (RunModel)" time="0.191" />
  <testcase classname="ptolemy.util.test.junit.AutoTests" name="[147] /home/travis/build/icyphy/ptII/ptolemy/actor/lib/test/auto/ExecRunDemos.xml (RunModel)" time="10.328" />
  <testcase classname="ptolemy.util.test.junit.AutoTests" name="[148] /home/travis/build/icyphy/ptII/ptolemy/actor/lib/test/auto/ExecStop.xml (RunModel)" time="5.038" />
  <testcase classname="ptolemy.util.test.junit.AutoTests" name="[149] /home/travis/build/icyphy/ptII/ptolemy/actor/lib/test/auto/ExecutionTimeSDF.xml (RunModel)" time="6.042" />
  <testcase classname="ptolemy.util.test.junit.AutoTests" name="[150] /home/travis/build/icyphy/ptII/ptolemy/actor/lib/test/auto/Expression1.xml (RunModel)" time="0.013" />
  <testcase classname="ptolemy.util.test.junit.AutoTests" name="[151] /home/travis/build/icyphy/ptII/ptolemy/actor/lib/test/auto/Expression10.xml (RunModel)" time="0.026" />
  <testcase classname="ptolemy.util.test.junit.AutoTests" name="[152] /home/travis/build/icyphy/ptII/ptolemy/actor/lib/test/auto/Expression11.xml (RunModel)" time="0.019" />
  <testcase classname="ptolemy.util.test.junit.AutoTests" name="[153] /home/travis/build/icyphy/ptII/ptolemy/actor/lib/test/auto/Expression12.xml (RunModel)" time="0.022" />
  <testcase classname="ptolemy.util.test.junit.AutoTests" name="[154] /home/travis/build/icyphy/ptII/ptolemy/actor/lib/test/auto/Expression13.xml (RunModel)" time="0.012" />
  <testcase classname="ptolemy.util.test.junit.AutoTests" name="[155] /home/travis/build/icyphy/ptII/ptolemy/actor/lib/test/auto/Expression14.xml (RunModel)" time="0.016" />
  <testcase classname="ptolemy.util.test.junit.AutoTests" name="[156] /home/travis/build/icyphy/ptII/ptolemy/actor/lib/test/auto/Expression15.xml (RunModel)" time="0.008" />
  <testcase classname="ptolemy.util.test.junit.AutoTests" name="[157] /home/travis/build/icyphy/ptII/ptolemy/actor/lib/test/auto/Expression16.xml (RunModel)" time="0.013" />
  <testcase classname="ptolemy.util.test.junit.AutoTests" name="[158] /home/travis/build/icyphy/ptII/ptolemy/actor/lib/test/auto/Expression17.xml (RunModel)" time="0.012" />
  <testcase classname="ptolemy.util.test.junit.AutoTests" name="[159] /home/travis/build/icyphy/ptII/ptolemy/actor/lib/test/auto/Expression18.xml (RunModel)" time="0.012" />
  <testcase classname="ptolemy.util.test.junit.AutoTests" name="[160] /home/travis/build/icyphy/ptII/ptolemy/actor/lib/test/auto/Expression2.xml (RunModel)" time="0.014" />
  <testcase classname="ptolemy.util.test.junit.AutoTests" name="[161] /home/travis/build/icyphy/ptII/ptolemy/actor/lib/test/auto/Expression3.xml (RunModel)" time="0.015" />
  <testcase classname="ptolemy.util.test.junit.AutoTests" name="[162] /home/travis/build/icyphy/ptII/ptolemy/actor/lib/test/auto/Expression4.xml (RunModel)" time="0.02" />
  <testcase classname="ptolemy.util.test.junit.AutoTests" name="[163] /home/travis/build/icyphy/ptII/ptolemy/actor/lib/test/auto/Expression5.xml (RunModel)" time="0.013" />
  <testcase classname="ptolemy.util.test.junit.AutoTests" name="[164] /home/travis/build/icyphy/ptII/ptolemy/actor/lib/test/auto/Expression6.xml (RunModel)" time="0.009" />
  <testcase classname="ptolemy.util.test.junit.AutoTests" name="[165] /home/travis/build/icyphy/ptII/ptolemy/actor/lib/test/auto/Expression7.xml (RunModel)" time="0.013" />
  <testcase classname="ptolemy.util.test.junit.AutoTests" name="[166] /home/travis/build/icyphy/ptII/ptolemy/actor/lib/test/auto/Expression8.xml (RunModel)" time="0.017" />
  <testcase classname="ptolemy.util.test.junit.AutoTests" name="[167] /home/travis/build/icyphy/ptII/ptolemy/actor/lib/test/auto/Expression9.xml (RunModel)" time="0.009" />
  <testcase classname="ptolemy.util.test.junit.AutoTests" name="[168] /home/travis/build/icyphy/ptII/ptolemy/actor/lib/test/auto/ExpressionConcatenateArrayType.xml (RunModel)" time="0.027" />
  <testcase classname="ptolemy.util.test.junit.AutoTests" name="[169] /home/travis/build/icyphy/ptII/ptolemy/actor/lib/test/auto/ExpressionConcatenateArrayType2.xml (RunModel)" time="0.022" />
  <testcase classname="ptolemy.util.test.junit.AutoTests" name="[170] /home/travis/build/icyphy/ptII/ptolemy/actor/lib/test/auto/ExpressionFix.xml (RunModel)" time="0.045" />
  <testcase classname="ptolemy.util.test.junit.AutoTests" name="[171] /home/travis/build/icyphy/ptII/ptolemy/actor/lib/test/auto/ExpressionFix2.xml (RunModel)" time="0.018" />
  <testcase classname="ptolemy.util.test.junit.AutoTests" name="[172] /home/travis/build/icyphy/ptII/ptolemy/actor/lib/test/auto/ExpressionFix3.xml (RunModel)" time="0.02" />
  <testcase classname="ptolemy.util.test.junit.AutoTests" name="[173] /home/travis/build/icyphy/ptII/ptolemy/actor/lib/test/auto/FileWriter1.xml (RunModel)" time="0.01" />
  <testcase classname="ptolemy.util.test.junit.AutoTests" name="[174] /home/travis/build/icyphy/ptII/ptolemy/actor/lib/test/auto/FileWriter2.xml (RunModel)" time="0.014" />
  <testcase classname="ptolemy.util.test.junit.AutoTests" name="[175] /home/travis/build/icyphy/ptII/ptolemy/actor/lib/test/auto/FileWriter3.xml (RunModel)" time="0.014" />
  <testcase classname="ptolemy.util.test.junit.AutoTests" name="[176] /home/travis/build/icyphy/ptII/ptolemy/actor/lib/test/auto/Gaussian.xml (RunModel)" time="0.013" />
  <testcase classname="ptolemy.util.test.junit.AutoTests" name="[177] /home/travis/build/icyphy/ptII/ptolemy/actor/lib/test/auto/Gaussian1.xml (RunModel)" time="0.022" />
  <testcase classname="ptolemy.util.test.junit.AutoTests" name="[178] /home/travis/build/icyphy/ptII/ptolemy/actor/lib/test/auto/Gaussian2.xml (RunModel)" time="0.026" />
  <testcase classname="ptolemy.util.test.junit.AutoTests" name="[179] /home/travis/build/icyphy/ptII/ptolemy/actor/lib/test/auto/GradientAdaptiveLattice.xml (RunModel)" time="0.016" />
  <testcase classname="ptolemy.util.test.junit.AutoTests" name="[180] /home/travis/build/icyphy/ptII/ptolemy/actor/lib/test/auto/IIR.xml (RunModel)" time="0.012" />
  <testcase classname="ptolemy.util.test.junit.AutoTests" name="[181] /home/travis/build/icyphy/ptII/ptolemy/actor/lib/test/auto/InputOutputTransparentPorts.xml (RunModel)" time="0.024" />
  <testcase classname="ptolemy.util.test.junit.AutoTests" name="[182] /home/travis/build/icyphy/ptII/ptolemy/actor/lib/test/auto/Interpolator.xml (RunModel)" time="0.011" />
  <testcase classname="ptolemy.util.test.junit.AutoTests" name="[183] /home/travis/build/icyphy/ptII/ptolemy/actor/lib/test/auto/InterpolatorFiringLimitDE.xml (RunModel)" time="0.014" />
  <testcase classname="ptolemy.util.test.junit.AutoTests" name="[184] /home/travis/build/icyphy/ptII/ptolemy/actor/lib/test/auto/Lattice.xml (RunModel)" time="0.01" />
  <testcase classname="ptolemy.util.test.junit.AutoTests" name="[185] /home/travis/build/icyphy/ptII/ptolemy/actor/lib/test/auto/LazyAOCTestLazy.xml (RunModel)" time="0.045" />
  <testcase classname="ptolemy.util.test.junit.AutoTests" name="[186] /home/travis/build/icyphy/ptII/ptolemy/actor/lib/test/auto/LazyAOCTestNonLazy.xml (RunModel)" time="0.033" />
  <testcase classname="ptolemy.util.test.junit.AutoTests" name="[187] /home/travis/build/icyphy/ptII/ptolemy/actor/lib/test/auto/LazyInnerClass.xml (RunModel)" time="0.057" />
  <testcase classname="ptolemy.util.test.junit.AutoTests" name="[188] /home/travis/build/icyphy/ptII/ptolemy/actor/lib/test/auto/LazyPubSub.xml (RunModel)" time="0.037" />
  <testcase classname="ptolemy.util.test.junit.AutoTests" name="[189] /home/travis/build/icyphy/ptII/ptolemy/actor/lib/test/auto/LazyPubSub2.xml (RunModel)" time="0.048" />
  <testcase classname="ptolemy.util.test.junit.AutoTests" name="[190] /home/travis/build/icyphy/ptII/ptolemy/actor/lib/test/auto/LazyPubSub3.xml (RunModel)" time="0.029" />
  <testcase classname="ptolemy.util.test.junit.AutoTests" name="[191] /home/travis/build/icyphy/ptII/ptolemy/actor/lib/test/auto/LazySubClassModel.xml (RunModel)" time="0.024" />
  <testcase classname="ptolemy.util.test.junit.AutoTests" name="[192] /home/travis/build/icyphy/ptII/ptolemy/actor/lib/test/auto/LevelCrossTest1.xml (RunModel)" time="0.013" />
  <testcase classname="ptolemy.util.test.junit.AutoTests" name="[193] /home/travis/build/icyphy/ptII/ptolemy/actor/lib/test/auto/LevelCrossTest10.xml (RunModel)" time="0.015" />
  <testcase classname="ptolemy.util.test.junit.AutoTests" name="[194] /home/travis/build/icyphy/ptII/ptolemy/actor/lib/test/auto/LevelCrossTest11.xml (RunModel)" time="0.013" />
  <testcase classname="ptolemy.util.test.junit.AutoTests" name="[195] /home/travis/build/icyphy/ptII/ptolemy/actor/lib/test/auto/LevelCrossTest12.xml (RunModel)" time="0.014" />
  <testcase classname="ptolemy.util.test.junit.AutoTests" name="[196] /home/travis/build/icyphy/ptII/ptolemy/actor/lib/test/auto/LevelCrossTest13.xml (RunModel)" time="0.027" />
  <testcase classname="ptolemy.util.test.junit.AutoTests" name="[197] /home/travis/build/icyphy/ptII/ptolemy/actor/lib/test/auto/LevelCrossTest2.xml (RunModel)" time="0.018" />
  <testcase classname="ptolemy.util.test.junit.AutoTests" name="[198] /home/travis/build/icyphy/ptII/ptolemy/actor/lib/test/auto/LevelCrossTest3.xml (RunModel)" time="0.017" />
  <testcase classname="ptolemy.util.test.junit.AutoTests" name="[199] /home/travis/build/icyphy/ptII/ptolemy/actor/lib/test/auto/LevelCrossTest4.xml (RunModel)" time="0.013" />
  <testcase classname="ptolemy.util.test.junit.AutoTests" name="[200] /home/travis/build/icyphy/ptII/ptolemy/actor/lib/test/auto/LevelCrossTest5.xml (RunModel)" time="0.014" />
  <testcase classname="ptolemy.util.test.junit.AutoTests" name="[201] /home/travis/build/icyphy/ptII/ptolemy/actor/lib/test/auto/LevelCrossTest6.xml (RunModel)" time="0.014" />
  <testcase classname="ptolemy.util.test.junit.AutoTests" name="[202] /home/travis/build/icyphy/ptII/ptolemy/actor/lib/test/auto/LevelCrossTest7.xml (RunModel)" time="0.022" />
  <testcase classname="ptolemy.util.test.junit.AutoTests" name="[203] /home/travis/build/icyphy/ptII/ptolemy/actor/lib/test/auto/LevelCrossTest8.xml (RunModel)" time="0.015" />
  <testcase classname="ptolemy.util.test.junit.AutoTests" name="[204] /home/travis/build/icyphy/ptII/ptolemy/actor/lib/test/auto/LevelCrossTest9.xml (RunModel)" time="0.014" />
  <testcase classname="ptolemy.util.test.junit.AutoTests" name="[205] /home/travis/build/icyphy/ptII/ptolemy/actor/lib/test/auto/LevinsonDurbin.xml (RunModel)" time="0.011" />
  <testcase classname="ptolemy.util.test.junit.AutoTests" name="[206] /home/travis/build/icyphy/ptII/ptolemy/actor/lib/test/auto/LevinsonDurbin2.xml (RunModel)" time="0.011" />
  <testcase classname="ptolemy.util.test.junit.AutoTests" name="[207] /home/travis/build/icyphy/ptII/ptolemy/actor/lib/test/auto/LevinsonDurbin3.xml (RunModel)" time="0.01" />
  <testcase classname="ptolemy.util.test.junit.AutoTests" name="[208] /home/travis/build/icyphy/ptII/ptolemy/actor/lib/test/auto/Limiter.xml (RunModel)" time="0.057" />
  <testcase classname="ptolemy.util.test.junit.AutoTests" name="[209] /home/travis/build/icyphy/ptII/ptolemy/actor/lib/test/auto/LinearDifferenceEquationSystem.xml (RunModel)" time="0.022" />
  <testcase classname="ptolemy.util.test.junit.AutoTests" name="[210] /home/travis/build/icyphy/ptII/ptolemy/actor/lib/test/auto/LookupTable.xml (RunModel)" time="0.01" />
  <testcase classname="ptolemy.util.test.junit.AutoTests" name="[211] /home/travis/build/icyphy/ptII/ptolemy/actor/lib/test/auto/MathFunction.xml (RunModel)" time="0.024" />
  <testcase classname="ptolemy.util.test.junit.AutoTests" name="[212] /home/travis/build/icyphy/ptII/ptolemy/actor/lib/test/auto/MathFunction2.xml (RunModel)" time="0.016" />
  <testcase classname="ptolemy.util.test.junit.AutoTests" name="[213] /home/travis/build/icyphy/ptII/ptolemy/actor/lib/test/auto/MathFunction3.xml (RunModel)" time="0.02" />
  <testcase classname="ptolemy.util.test.junit.AutoTests" name="[214] /home/travis/build/icyphy/ptII/ptolemy/actor/lib/test/auto/MatrixCropBoolean.xml (RunModel)" time="0.017" />
  <testcase classname="ptolemy.util.test.junit.AutoTests" name="[215] /home/travis/build/icyphy/ptII/ptolemy/actor/lib/test/auto/MatrixCropComplex.xml (RunModel)" time="0.02" />
  <testcase classname="ptolemy.util.test.junit.AutoTests" name="[216] /home/travis/build/icyphy/ptII/ptolemy/actor/lib/test/auto/MatrixCropDouble.xml (RunModel)" time="0.009" />
  <testcase classname="ptolemy.util.test.junit.AutoTests" name="[217] /home/travis/build/icyphy/ptII/ptolemy/actor/lib/test/auto/MatrixCropFix.xml (RunModel)" time="0.014" />
  <testcase classname="ptolemy.util.test.junit.AutoTests" name="[218] /home/travis/build/icyphy/ptII/ptolemy/actor/lib/test/auto/MatrixCropInt.xml (RunModel)" time="0.011" />
  <testcase classname="ptolemy.util.test.junit.AutoTests" name="[219] /home/travis/build/icyphy/ptII/ptolemy/actor/lib/test/auto/MatrixCropLong.xml (RunModel)" time="0.009" />
  <testcase classname="ptolemy.util.test.junit.AutoTests" name="[220] /home/travis/build/icyphy/ptII/ptolemy/actor/lib/test/auto/MatrixToArray.xml (RunModel)" time="0.061" />
  <testcase classname="ptolemy.util.test.junit.AutoTests" name="[221] /home/travis/build/icyphy/ptII/ptolemy/actor/lib/test/auto/MaxIndex.xml (RunModel)" time="0.014" />
  <testcase classname="ptolemy.util.test.junit.AutoTests" name="[222] /home/travis/build/icyphy/ptII/ptolemy/actor/lib/test/auto/Maximum.xml (RunModel)" time="0.017" />
  <testcase classname="ptolemy.util.test.junit.AutoTests" name="[223] /home/travis/build/icyphy/ptII/ptolemy/actor/lib/test/auto/MaximumComplex.xml (RunModel)" time="0.016" />
  <testcase classname="ptolemy.util.test.junit.AutoTests" name="[224] /home/travis/build/icyphy/ptII/ptolemy/actor/lib/test/auto/MethodCallTest.xml (RunModel)" time="0.024" />
  <testcase classname="ptolemy.util.test.junit.AutoTests" name="[225] /home/travis/build/icyphy/ptII/ptolemy/actor/lib/test/auto/Minimum.xml (RunModel)" time="0.015" />
  <testcase classname="ptolemy.util.test.junit.AutoTests" name="[226] /home/travis/build/icyphy/ptII/ptolemy/actor/lib/test/auto/MinimumComplex.xml (RunModel)" time="0.026" />
  <testcase classname="ptolemy.util.test.junit.AutoTests" name="[227] /home/travis/build/icyphy/ptII/ptolemy/actor/lib/test/auto/MinimumMultiports.xml (RunModel)" time="0.023" />
  <testcase classname="ptolemy.util.test.junit.AutoTests" name="[228] /home/travis/build/icyphy/ptII/ptolemy/actor/lib/test/auto/ModifyDate.xml (RunModel)" time="0.05" />
  <testcase classname="ptolemy.util.test.junit.AutoTests" name="[229] /home/travis/build/icyphy/ptII/ptolemy/actor/lib/test/auto/ModifyDate2.xml (RunModel)" time="0.034" />
  <testcase classname="ptolemy.util.test.junit.AutoTests" name="[230] /home/travis/build/icyphy/ptII/ptolemy/actor/lib/test/auto/MovingAverage.xml (RunModel)" time="0.012" />
  <testcase classname="ptolemy.util.test.junit.AutoTests" name="[231] /home/travis/build/icyphy/ptII/ptolemy/actor/lib/test/auto/MovingMaximum.xml (RunModel)" time="0.012" />
  <testcase classname="ptolemy.util.test.junit.AutoTests" name="[232] /home/travis/build/icyphy/ptII/ptolemy/actor/lib/test/auto/MultipleLinksToSameRelation.xml (RunModel)" time="0.009" />
  <testcase classname="ptolemy.util.test.junit.AutoTests" name="[233] /home/travis/build/icyphy/ptII/ptolemy/actor/lib/test/auto/MultipleLinksToSameRelationDE.xml (RunModel)" time="0.016" />
  <testcase classname="ptolemy.util.test.junit.AutoTests" name="[234] /home/travis/build/icyphy/ptII/ptolemy/actor/lib/test/auto/Multiplexor.xml (RunModel)" time="0.013" />
  <testcase classname="ptolemy.util.test.junit.AutoTests" name="[235] /home/travis/build/icyphy/ptII/ptolemy/actor/lib/test/auto/Multiplexor1.xml (RunModel)" time="0.013" />
  <testcase classname="ptolemy.util.test.junit.AutoTests" name="[236] /home/travis/build/icyphy/ptII/ptolemy/actor/lib/test/auto/Multiplexor2.xml (RunModel)" time="0.02" />
  <testcase classname="ptolemy.util.test.junit.AutoTests" name="[237] /home/travis/build/icyphy/ptII/ptolemy/actor/lib/test/auto/Multiplexor3.xml (RunModel)" time="0.01" />
  <testcase classname="ptolemy.util.test.junit.AutoTests" name="[238] /home/travis/build/icyphy/ptII/ptolemy/actor/lib/test/auto/MultiplexorDE.xml (RunModel)" time="0.017" />
  <testcase classname="ptolemy.util.test.junit.AutoTests" name="[239] /home/travis/build/icyphy/ptII/ptolemy/actor/lib/test/auto/MultiportBroadcastTest.xml (RunModel)" time="0.1" />
  <testcase classname="ptolemy.util.test.junit.AutoTests" name="[240] /home/travis/build/icyphy/ptII/ptolemy/actor/lib/test/auto/MultiportOutHangDuringGetWidth.xml (RunModel)" time="0.036" />
  <testcase classname="ptolemy.util.test.junit.AutoTests" name="[241] /home/travis/build/icyphy/ptII/ptolemy/actor/lib/test/auto/NilToken.xml (RunModel)" time="0.012" />
  <testcase classname="ptolemy.util.test.junit.AutoTests" name="[242] /home/travis/build/icyphy/ptII/ptolemy/actor/lib/test/auto/NilTokenNonStrictTest.xml (RunModel)" time="0.013" />
  <testcase classname="ptolemy.util.test.junit.AutoTests" name="[243] /home/travis/build/icyphy/ptII/ptolemy/actor/lib/test/auto/NilTokenRecord.xml (RunModel)" time="0.025" />
  <testcase classname="ptolemy.util.test.junit.AutoTests" name="[244] /home/travis/build/icyphy/ptII/ptolemy/actor/lib/test/auto/NilTokenTypeTest.xml (RunModel)" time="0.034" />
  <testcase classname="ptolemy.util.test.junit.AutoTests" name="[245] /home/travis/build/icyphy/ptII/ptolemy/actor/lib/test/auto/ObjectToken1.xml (RunModel)" time="0.009" />
  <testcase classname="ptolemy.util.test.junit.AutoTests" name="[246] /home/travis/build/icyphy/ptII/ptolemy/actor/lib/test/auto/OrderedMerge.xml (RunModel)" time="0.02" />
  <testcase classname="ptolemy.util.test.junit.AutoTests" name="[247] /home/travis/build/icyphy/ptII/ptolemy/actor/lib/test/auto/OrderedRecordDisassembler.xml (RunModel)" time="0.018" />
  <testcase classname="ptolemy.util.test.junit.AutoTests" name="[248] /home/travis/build/icyphy/ptII/ptolemy/actor/lib/test/auto/OrderedRecordDisassembler2.xml (RunModel)" time="0.019" />
  <testcase classname="ptolemy.util.test.junit.AutoTests" name="[249] /home/travis/build/icyphy/ptII/ptolemy/actor/lib/test/auto/OrderedRecordUpdater.xml (RunModel)" time="0.012" />
  <testcase classname="ptolemy.util.test.junit.AutoTests" name="[250] /home/travis/build/icyphy/ptII/ptolemy/actor/lib/test/auto/OrderedRecordUpdater2.xml (RunModel)" time="0.02" />
  <testcase classname="ptolemy.util.test.junit.AutoTests" name="[251] /home/travis/build/icyphy/ptII/ptolemy/actor/lib/test/auto/PhaseUnwrap.xml (RunModel)" time="0.015" />
  <testcase classname="ptolemy.util.test.junit.AutoTests" name="[252] /home/travis/build/icyphy/ptII/ptolemy/actor/lib/test/auto/PoissonClock.xml (RunModel)" time="0.01" />
  <testcase classname="ptolemy.util.test.junit.AutoTests" name="[253] /home/travis/build/icyphy/ptII/ptolemy/actor/lib/test/auto/PoissonClock2.xml (RunModel)" time="0.008" />
  <testcase classname="ptolemy.util.test.junit.AutoTests" name="[254] /home/travis/build/icyphy/ptII/ptolemy/actor/lib/test/auto/PoissonClock3.xml (RunModel)" time="0.018" />
  <testcase classname="ptolemy.util.test.junit.AutoTests" name="[255] /home/travis/build/icyphy/ptII/ptolemy/actor/lib/test/auto/PubSubWithInitialTokens.xml (RunModel)" time="0.019" />
  <testcase classname="ptolemy.util.test.junit.AutoTests" name="[256] /home/travis/build/icyphy/ptII/ptolemy/actor/lib/test/auto/PubSubWithInitialTokens2.xml (RunModel)" time="0.014" />
  <testcase classname="ptolemy.util.test.junit.AutoTests" name="[257] /home/travis/build/icyphy/ptII/ptolemy/actor/lib/test/auto/PublisherClassNoParameter.xml (RunModel)" time="0.025" />
  <testcase classname="ptolemy.util.test.junit.AutoTests" name="[258] /home/travis/build/icyphy/ptII/ptolemy/actor/lib/test/auto/PublisherClassParameter.xml (RunModel)" time="0.022" />
  <testcase classname="ptolemy.util.test.junit.AutoTests" name="[259] /home/travis/build/icyphy/ptII/ptolemy/actor/lib/test/auto/PublisherNonStrictTest.xml (RunModel)" time="0.016" />
  <testcase classname="ptolemy.util.test.junit.AutoTests" name="[260] /home/travis/build/icyphy/ptII/ptolemy/actor/lib/test/auto/PublisherPort1.xml (RunModel)" time="0.019" />
  <testcase classname="ptolemy.util.test.junit.AutoTests" name="[261] /home/travis/build/icyphy/ptII/ptolemy/actor/lib/test/auto/PublisherPort2.xml (RunModel)" time="0.013" />
  <testcase classname="ptolemy.util.test.junit.AutoTests" name="[262] /home/travis/build/icyphy/ptII/ptolemy/actor/lib/test/auto/PublisherPort3.xml (RunModel)" time="0.012" />
  <testcase classname="ptolemy.util.test.junit.AutoTests" name="[263] /home/travis/build/icyphy/ptII/ptolemy/actor/lib/test/auto/PublisherPort4.xml (RunModel)" time="0.012" />
  <testcase classname="ptolemy.util.test.junit.AutoTests" name="[264] /home/travis/build/icyphy/ptII/ptolemy/actor/lib/test/auto/PublisherPort5.xml (RunModel)" time="0.013" />
  <testcase classname="ptolemy.util.test.junit.AutoTests" name="[265] /home/travis/build/icyphy/ptII/ptolemy/actor/lib/test/auto/PublisherPort5LookAlike.xml (RunModel)" time="0.018" />
  <testcase classname="ptolemy.util.test.junit.AutoTests" name="[266] /home/travis/build/icyphy/ptII/ptolemy/actor/lib/test/auto/PublisherPort6.xml (RunModel)" time="0.011" />
  <testcase classname="ptolemy.util.test.junit.AutoTests" name="[267] /home/travis/build/icyphy/ptII/ptolemy/actor/lib/test/auto/PublisherPort7.xml (RunModel)" time="0.015" />
  <testcase classname="ptolemy.util.test.junit.AutoTests" name="[268] /home/travis/build/icyphy/ptII/ptolemy/actor/lib/test/auto/PublisherPort8.xml (RunModel)" time="0.019" />
  <testcase classname="ptolemy.util.test.junit.AutoTests" name="[269] /home/travis/build/icyphy/ptII/ptolemy/actor/lib/test/auto/PublisherPortSubscriberChannelVariablesAOC2.xml (RunModel)" time="0.033" />
  <testcase classname="ptolemy.util.test.junit.AutoTests" name="[270] /home/travis/build/icyphy/ptII/ptolemy/actor/lib/test/auto/PublisherPortSubscriberOpaqueWidthInference.xml (RunModel)" time="0.015" />
  <testcase classname="ptolemy.util.test.junit.AutoTests" name="[271] /home/travis/build/icyphy/ptII/ptolemy/actor/lib/test/auto/PublisherPortSubscriberPortAdjacent.xml (RunModel)" time="0.018" />
  <testcase classname="ptolemy.util.test.junit.AutoTests" name="[272] /home/travis/build/icyphy/ptII/ptolemy/actor/lib/test/auto/PublisherPortSubscriberPortExpression.xml (RunModel)" time="0.023" />
  <testcase classname="ptolemy.util.test.junit.AutoTests" name="[273] /home/travis/build/icyphy/ptII/ptolemy/actor/lib/test/auto/PublisherPortSubscriberPortOpaqueD3Reverse.xml (RunModel)" time="0.018" />
  <testcase classname="ptolemy.util.test.junit.AutoTests" name="[274] /home/travis/build/icyphy/ptII/ptolemy/actor/lib/test/auto/PublisherPortSubscriberPortOpaqueWidthInference.xml (RunModel)" time="0.019" />
  <testcase classname="ptolemy.util.test.junit.AutoTests" name="[275] /home/travis/build/icyphy/ptII/ptolemy/actor/lib/test/auto/PublisherPortToplevelSubscriberPortAOC.xml (RunModel)" time="0.01" />
  <testcase classname="ptolemy.util.test.junit.AutoTests" name="[276] /home/travis/build/icyphy/ptII/ptolemy/actor/lib/test/auto/PublisherSubscriber.xml (RunModel)" time="0.012" />
  <testcase classname="ptolemy.util.test.junit.AutoTests" name="[277] /home/travis/build/icyphy/ptII/ptolemy/actor/lib/test/auto/PublisherSubscriber10.xml (RunModel)" time="0.018" />
  <testcase classname="ptolemy.util.test.junit.AutoTests" name="[278] /home/travis/build/icyphy/ptII/ptolemy/actor/lib/test/auto/PublisherSubscriber10InitialOutputs.xml (RunModel)" time="0.027" />
  <testcase classname="ptolemy.util.test.junit.AutoTests" name="[279] /home/travis/build/icyphy/ptII/ptolemy/actor/lib/test/auto/PublisherSubscriber11.xml (RunModel)" time="0.022" />
  <testcase classname="ptolemy.util.test.junit.AutoTests" name="[280] /home/travis/build/icyphy/ptII/ptolemy/actor/lib/test/auto/PublisherSubscriber12.xml (RunModel)" time="0.026" />
  <testcase classname="ptolemy.util.test.junit.AutoTests" name="[281] /home/travis/build/icyphy/ptII/ptolemy/actor/lib/test/auto/PublisherSubscriber13.xml (RunModel)" time="0.009" />
  <testcase classname="ptolemy.util.test.junit.AutoTests" name="[282] /home/travis/build/icyphy/ptII/ptolemy/actor/lib/test/auto/PublisherSubscriber14.xml (RunModel)" time="0.017" />
  <testcase classname="ptolemy.util.test.junit.AutoTests" name="[283] /home/travis/build/icyphy/ptII/ptolemy/actor/lib/test/auto/PublisherSubscriber2.xml (RunModel)" time="0.01" />
  <testcase classname="ptolemy.util.test.junit.AutoTests" name="[284] /home/travis/build/icyphy/ptII/ptolemy/actor/lib/test/auto/PublisherSubscriber3.xml (RunModel)" time="0.009" />
  <testcase classname="ptolemy.util.test.junit.AutoTests" name="[285] /home/travis/build/icyphy/ptII/ptolemy/actor/lib/test/auto/PublisherSubscriber4.xml (RunModel)" time="0.008" />
  <testcase classname="ptolemy.util.test.junit.AutoTests" name="[286] /home/travis/build/icyphy/ptII/ptolemy/actor/lib/test/auto/PublisherSubscriber5.xml (RunModel)" time="0.012" />
  <testcase classname="ptolemy.util.test.junit.AutoTests" name="[287] /home/travis/build/icyphy/ptII/ptolemy/actor/lib/test/auto/PublisherSubscriber6.xml (RunModel)" time="0.037" />
  <testcase classname="ptolemy.util.test.junit.AutoTests" name="[288] /home/travis/build/icyphy/ptII/ptolemy/actor/lib/test/auto/PublisherSubscriber7.xml (RunModel)" time="0.02" />
  <testcase classname="ptolemy.util.test.junit.AutoTests" name="[289] /home/travis/build/icyphy/ptII/ptolemy/actor/lib/test/auto/PublisherSubscriber8.xml (RunModel)" time="0.029" />
  <testcase classname="ptolemy.util.test.junit.AutoTests" name="[290] /home/travis/build/icyphy/ptII/ptolemy/actor/lib/test/auto/PublisherSubscriber9.xml (RunModel)" time="0.015" />
  <testcase classname="ptolemy.util.test.junit.AutoTests" name="[291] /home/travis/build/icyphy/ptII/ptolemy/actor/lib/test/auto/PublisherSubscriberAdjacent.xml (RunModel)" time="0.013" />
  <testcase classname="ptolemy.util.test.junit.AutoTests" name="[292] /home/travis/build/icyphy/ptII/ptolemy/actor/lib/test/auto/PublisherSubscriberChannelVariablesAOC2.xml (RunModel)" time="0.026" />
  <testcase classname="ptolemy.util.test.junit.AutoTests" name="[293] /home/travis/build/icyphy/ptII/ptolemy/actor/lib/test/auto/PublisherSubscriberD3.xml (RunModel)" time="0.012" />
  <testcase classname="ptolemy.util.test.junit.AutoTests" name="[294] /home/travis/build/icyphy/ptII/ptolemy/actor/lib/test/auto/PublisherSubscriberD3Reverse.xml (RunModel)" time="0.012" />
  <testcase classname="ptolemy.util.test.junit.AutoTests" name="[295] /home/travis/build/icyphy/ptII/ptolemy/actor/lib/test/auto/PublisherSubscriberExpression.xml (RunModel)" time="0.016" />
  <testcase classname="ptolemy.util.test.junit.AutoTests" name="[296] /home/travis/build/icyphy/ptII/ptolemy/actor/lib/test/auto/PublisherSubscriberOpaque.xml (RunModel)" time="0.013" />
  <testcase classname="ptolemy.util.test.junit.AutoTests" name="[297] /home/travis/build/icyphy/ptII/ptolemy/actor/lib/test/auto/PublisherSubscriberOpaqueD3.xml (RunModel)" time="0.031" />
  <testcase classname="ptolemy.util.test.junit.AutoTests" name="[298] /home/travis/build/icyphy/ptII/ptolemy/actor/lib/test/auto/PublisherSubscriberOpaqueD3Reverse.xml (RunModel)" time="0.036" />
  <testcase classname="ptolemy.util.test.junit.AutoTests" name="[299] /home/travis/build/icyphy/ptII/ptolemy/actor/lib/test/auto/PublisherSubscriberOpaqueWidthInference.xml (RunModel)" time="0.016" />
  <testcase classname="ptolemy.util.test.junit.AutoTests" name="[300] /home/travis/build/icyphy/ptII/ptolemy/actor/lib/test/auto/PublisherTestSubscriber.xml (RunModel)" time="0.015" />
  <testcase classname="ptolemy.util.test.junit.AutoTests" name="[301] /home/travis/build/icyphy/ptII/ptolemy/actor/lib/test/auto/PublisherToplevelSubscriberPortAOC.xml (RunModel)" time="0.015" />
  <testcase classname="ptolemy.util.test.junit.AutoTests" name="[302] /home/travis/build/icyphy/ptII/ptolemy/actor/lib/test/auto/PulseFiringLimitDE.xml (RunModel)" time="0.014" />
  <testcase classname="ptolemy.util.test.junit.AutoTests" name="[303] /home/travis/build/icyphy/ptII/ptolemy/actor/lib/test/auto/Ramp1.xml (RunModel)" time="0.006" />
  <testcase classname="ptolemy.util.test.junit.AutoTests" name="[304] /home/travis/build/icyphy/ptII/ptolemy/actor/lib/test/auto/RampFiringLimitDE.xml (RunModel)" time="0.01" />
  <testcase classname="ptolemy.util.test.junit.AutoTests" name="[305] /home/travis/build/icyphy/ptII/ptolemy/actor/lib/test/auto/RampFiringLimitSDF.xml (RunModel)" time="0.009" />
  <testcase classname="ptolemy.util.test.junit.AutoTests" name="[306] /home/travis/build/icyphy/ptII/ptolemy/actor/lib/test/auto/RandomInteger.xml (RunModel)" time="0.008" />
  <testcase classname="ptolemy.util.test.junit.AutoTests" name="[307] /home/travis/build/icyphy/ptII/ptolemy/actor/lib/test/auto/ReadFile1.xml (RunModel)" time="0.007" />
  <testcase classname="ptolemy.util.test.junit.AutoTests" name="[308] /home/travis/build/icyphy/ptII/ptolemy/actor/lib/test/auto/ReadFile2.xml (RunModel)" time="0.009" />
  <testcase classname="ptolemy.util.test.junit.AutoTests" name="[309] /home/travis/build/icyphy/ptII/ptolemy/actor/lib/test/auto/Reader.xml (RunModel)" time="0.012" />
  <testcase classname="ptolemy.util.test.junit.AutoTests" name="[310] /home/travis/build/icyphy/ptII/ptolemy/actor/lib/test/auto/RecordAssemblerDisplayNameTest.xml (RunModel)" time="3.236" />
  <testcase classname="ptolemy.util.test.junit.AutoTests" name="[311] /home/travis/build/icyphy/ptII/ptolemy/actor/lib/test/auto/RecordAssemblerTypeError.xml (RunModel)" time="0.038" />
  <testcase classname="ptolemy.util.test.junit.AutoTests" name="[312] /home/travis/build/icyphy/ptII/ptolemy/actor/lib/test/auto/RecordDisassember.xml (RunModel)" time="0.017" />
  <testcase classname="ptolemy.util.test.junit.AutoTests" name="[313] /home/travis/build/icyphy/ptII/ptolemy/actor/lib/test/auto/RecordDisassemberDisplayNameTest.xml (RunModel)" time="0.017" />
  <testcase classname="ptolemy.util.test.junit.AutoTests" name="[314] /home/travis/build/icyphy/ptII/ptolemy/actor/lib/test/auto/RecordDisassembler.xml (RunModel)" time="0.009" />
  <testcase classname="ptolemy.util.test.junit.AutoTests" name="[315] /home/travis/build/icyphy/ptII/ptolemy/actor/lib/test/auto/RecordDisassembler2.xml (RunModel)" time="0.01" />
  <testcase classname="ptolemy.util.test.junit.AutoTests" name="[316] /home/travis/build/icyphy/ptII/ptolemy/actor/lib/test/auto/RecordUpdater.xml (RunModel)" time="0.011" />
  <testcase classname="ptolemy.util.test.junit.AutoTests" name="[317] /home/travis/build/icyphy/ptII/ptolemy/actor/lib/test/auto/RecordUpdater2.xml (RunModel)" time="0.009" />
  <testcase classname="ptolemy.util.test.junit.AutoTests" name="[318] /home/travis/build/icyphy/ptII/ptolemy/actor/lib/test/auto/RecursiveLattice.xml (RunModel)" time="0.009" />
  <testcase classname="ptolemy.util.test.junit.AutoTests" name="[319] /home/travis/build/icyphy/ptII/ptolemy/actor/lib/test/auto/Router.xml (RunModel)" time="3.026" />
  <testcase classname="ptolemy.util.test.junit.AutoTests" name="[320] /home/travis/build/icyphy/ptII/ptolemy/actor/lib/test/auto/Router2.xml (RunModel)" time="3.03" />
  <testcase classname="ptolemy.util.test.junit.AutoTests" name="[321] /home/travis/build/icyphy/ptII/ptolemy/actor/lib/test/auto/RunningMaximum.xml (RunModel)" time="0.017" />
  <testcase classname="ptolemy.util.test.junit.AutoTests" name="[322] /home/travis/build/icyphy/ptII/ptolemy/actor/lib/test/auto/RunningMinimum.xml (RunModel)" time="0.018" />
  <testcase classname="ptolemy.util.test.junit.AutoTests" name="[323] /home/travis/build/icyphy/ptII/ptolemy/actor/lib/test/auto/Scale.xml (RunModel)" time="0.008" />
  <testcase classname="ptolemy.util.test.junit.AutoTests" name="[324] /home/travis/build/icyphy/ptII/ptolemy/actor/lib/test/auto/Scale2.xml (RunModel)" time="0.013" />
  <testcase classname="ptolemy.util.test.junit.AutoTests" name="[325] /home/travis/build/icyphy/ptII/ptolemy/actor/lib/test/auto/Scale3.xml (RunModel)" time="0.017" />
  <testcase classname="ptolemy.util.test.junit.AutoTests" name="[326] /home/travis/build/icyphy/ptII/ptolemy/actor/lib/test/auto/ScaleArray.xml (RunModel)" time="0.008" />
  <testcase classname="ptolemy.util.test.junit.AutoTests" name="[327] /home/travis/build/icyphy/ptII/ptolemy/actor/lib/test/auto/ScaleArray2.xml (RunModel)" time="0.008" />
  <testcase classname="ptolemy.util.test.junit.AutoTests" name="[328] /home/travis/build/icyphy/ptII/ptolemy/actor/lib/test/auto/ScaleMatrix.xml (RunModel)" time="0.152" />
  <testcase classname="ptolemy.util.test.junit.AutoTests" name="[329] /home/travis/build/icyphy/ptII/ptolemy/actor/lib/test/auto/Select.xml (RunModel)" time="0.019" />
  <testcase classname="ptolemy.util.test.junit.AutoTests" name="[330] /home/travis/build/icyphy/ptII/ptolemy/actor/lib/test/auto/Select2.xml (RunModel)" time="0.008" />
  <testcase classname="ptolemy.util.test.junit.AutoTests" name="[331] /home/travis/build/icyphy/ptII/ptolemy/actor/lib/test/auto/SequenceToArray2.xml (RunModel)" time="0.152" />
  <testcase classname="ptolemy.util.test.junit.AutoTests" name="[332] /home/travis/build/icyphy/ptII/ptolemy/actor/lib/test/auto/SequentialClock.xml (RunModel)" time="0.011" />
  <testcase classname="ptolemy.util.test.junit.AutoTests" name="[333] /home/travis/build/icyphy/ptII/ptolemy/actor/lib/test/auto/SetVariable.xml (RunModel)" time="0.01" />
  <testcase classname="ptolemy.util.test.junit.AutoTests" name="[334] /home/travis/build/icyphy/ptII/ptolemy/actor/lib/test/auto/SetVariable2.xml (RunModel)" time="0.01" />
  <testcase classname="ptolemy.util.test.junit.AutoTests" name="[335] /home/travis/build/icyphy/ptII/ptolemy/actor/lib/test/auto/SetVariable3.xml (RunModel)" time="0.017" />
  <testcase classname="ptolemy.util.test.junit.AutoTests" name="[336] /home/travis/build/icyphy/ptII/ptolemy/actor/lib/test/auto/SetVariable4.xml (RunModel)" time="0.026" />
  <testcase classname="ptolemy.util.test.junit.AutoTests" name="[337] /home/travis/build/icyphy/ptII/ptolemy/actor/lib/test/auto/SetVariable5.xml (RunModel)" time="0.037" />
  <testcase classname="ptolemy.util.test.junit.AutoTests" name="[338] /home/travis/build/icyphy/ptII/ptolemy/actor/lib/test/auto/Sinewave.xml (RunModel)" time="0.034" />
  <testcase classname="ptolemy.util.test.junit.AutoTests" name="[339] /home/travis/build/icyphy/ptII/ptolemy/actor/lib/test/auto/Sinewave2.xml (RunModel)" time="0.015" />
  <testcase classname="ptolemy.util.test.junit.AutoTests" name="[340] /home/travis/build/icyphy/ptII/ptolemy/actor/lib/test/auto/Sinewave3.xml (RunModel)" time="0.027" />
  <testcase classname="ptolemy.util.test.junit.AutoTests" name="[341] /home/travis/build/icyphy/ptII/ptolemy/actor/lib/test/auto/SingleEvent.xml (RunModel)" time="0.006" />
  <testcase classname="ptolemy.util.test.junit.AutoTests" name="[342] /home/travis/build/icyphy/ptII/ptolemy/actor/lib/test/auto/Sleep.xml (RunModel)" time="6.015" />
  <testcase classname="ptolemy.util.test.junit.AutoTests" name="[343] /home/travis/build/icyphy/ptII/ptolemy/actor/lib/test/auto/SleepMultipleFire.xml (RunModel)" time="1.032" />
  <testcase classname="ptolemy.util.test.junit.AutoTests" name="[344] /home/travis/build/icyphy/ptII/ptolemy/actor/lib/test/auto/StopDE.xml (RunModel)" time="0.013" />
  <testcase classname="ptolemy.util.test.junit.AutoTests" name="[345] /home/travis/build/icyphy/ptII/ptolemy/actor/lib/test/auto/StopSDF.xml (RunModel)" time="0.012" />
  <testcase classname="ptolemy.util.test.junit.AutoTests" name="[346] /home/travis/build/icyphy/ptII/ptolemy/actor/lib/test/auto/StringConstant.xml (RunModel)" time="0.015" />
  <testcase classname="ptolemy.util.test.junit.AutoTests" name="[347] /home/travis/build/icyphy/ptII/ptolemy/actor/lib/test/auto/SubscriberPortInitialValues1.xml (RunModel)" time="0.025" />
  <testcase classname="ptolemy.util.test.junit.AutoTests" name="[348] /home/travis/build/icyphy/ptII/ptolemy/actor/lib/test/auto/SubscriberPortInitialValues13.xml (RunModel)" time="0.025" />
  <testcase classname="ptolemy.util.test.junit.AutoTests" name="[349] /home/travis/build/icyphy/ptII/ptolemy/actor/lib/test/auto/SubscriberPortInitialValues14.xml (RunModel)" time="0.014" />
  <testcase classname="ptolemy.util.test.junit.AutoTests" name="[350] /home/travis/build/icyphy/ptII/ptolemy/actor/lib/test/auto/SubscriberPortInitialValues2.xml (RunModel)" time="0.017" />
  <testcase classname="ptolemy.util.test.junit.AutoTests" name="[351] /home/travis/build/icyphy/ptII/ptolemy/actor/lib/test/auto/SubscriberPortInitialValues3.xml (RunModel)" time="0.018" />
  <testcase classname="ptolemy.util.test.junit.AutoTests" name="[352] /home/travis/build/icyphy/ptII/ptolemy/actor/lib/test/auto/SubscriptionAggregator.xml (RunModel)" time="0.013" />
  <testcase classname="ptolemy.util.test.junit.AutoTests" name="[353] /home/travis/build/icyphy/ptII/ptolemy/actor/lib/test/auto/SubscriptionAggregator2.xml (RunModel)" time="0.011" />
  <testcase classname="ptolemy.util.test.junit.AutoTests" name="[354] /home/travis/build/icyphy/ptII/ptolemy/actor/lib/test/auto/SubscriptionAggregator3.xml (RunModel)" time="0.015" />
  <testcase classname="ptolemy.util.test.junit.AutoTests" name="[355] /home/travis/build/icyphy/ptII/ptolemy/actor/lib/test/auto/SubscriptionAggregatorMultiply.xml (RunModel)" time="0.013" />
  <testcase classname="ptolemy.util.test.junit.AutoTests" name="[356] /home/travis/build/icyphy/ptII/ptolemy/actor/lib/test/auto/SubscriptionAggregatorPortMultiply1.xml (RunModel)" time="0.013" />
  <testcase classname="ptolemy.util.test.junit.AutoTests" name="[357] /home/travis/build/icyphy/ptII/ptolemy/actor/lib/test/auto/Switch.xml (RunModel)" time="0.017" />
  <testcase classname="ptolemy.util.test.junit.AutoTests" name="[358] /home/travis/build/icyphy/ptII/ptolemy/actor/lib/test/auto/Switch2.xml (RunModel)" time="0.01" />
  <testcase classname="ptolemy.util.test.junit.AutoTests" name="[359] /home/travis/build/icyphy/ptII/ptolemy/actor/lib/test/auto/SwitchDE.xml (RunModel)" time="0.013" />
  <testcase classname="ptolemy.util.test.junit.AutoTests" name="[360] /home/travis/build/icyphy/ptII/ptolemy/actor/lib/test/auto/SynchronizerDE.xml (RunModel)" time="0.018" />
  <testcase classname="ptolemy.util.test.junit.AutoTests" name="[361] /home/travis/build/icyphy/ptII/ptolemy/actor/lib/test/auto/Test.xml (RunModel)" time="0.008" />
  <testcase classname="ptolemy.util.test.junit.AutoTests" name="[362] /home/travis/build/icyphy/ptII/ptolemy/actor/lib/test/auto/TestExceptionAttribute1.xml (RunModel)" time="0.006" />
  <testcase classname="ptolemy.util.test.junit.AutoTests" name="[363] /home/travis/build/icyphy/ptII/ptolemy/actor/lib/test/auto/TestExceptionAttribute2.xml (RunModel)" time="0.009" />
  <testcase classname="ptolemy.util.test.junit.AutoTests" name="[364] /home/travis/build/icyphy/ptII/ptolemy/actor/lib/test/auto/TestExceptionAttribute3.xml (RunModel)" time="0.01" />
  <testcase classname="ptolemy.util.test.junit.AutoTests" name="[365] /home/travis/build/icyphy/ptII/ptolemy/actor/lib/test/auto/TestExceptionAttribute4.xml (RunModel)" time="0.007" />
  <testcase classname="ptolemy.util.test.junit.AutoTests" name="[366] /home/travis/build/icyphy/ptII/ptolemy/actor/lib/test/auto/TestExceptionHandler1.xml (RunModel)" time="0.01" />
  <testcase classname="ptolemy.util.test.junit.AutoTests" name="[367] /home/travis/build/icyphy/ptII/ptolemy/actor/lib/test/auto/TestExceptionHandler2.xml (RunModel)" time="0.01" />
  <testcase classname="ptolemy.util.test.junit.AutoTests" name="[368] /home/travis/build/icyphy/ptII/ptolemy/actor/lib/test/auto/TestExceptionHandler3.xml (RunModel)" time="0.006" />
  <testcase classname="ptolemy.util.test.junit.AutoTests" name="[369] /home/travis/build/icyphy/ptII/ptolemy/actor/lib/test/auto/TestExceptionHandler4.xml (RunModel)" time="0.005" />
  <testcase classname="ptolemy.util.test.junit.AutoTests" name="[370] /home/travis/build/icyphy/ptII/ptolemy/actor/lib/test/auto/TestRequireCorrectOrder.xml (RunModel)" time="0.012" />
  <testcase classname="ptolemy.util.test.junit.AutoTests" name="[371] /home/travis/build/icyphy/ptII/ptolemy/actor/lib/test/auto/TestSimple.xml (RunModel)" time="0.006" />
  <testcase classname="ptolemy.util.test.junit.AutoTests" name="[372] /home/travis/build/icyphy/ptII/ptolemy/actor/lib/test/auto/ThrowModelError.xml (RunModel)" time="0.01" />
  <testcase classname="ptolemy.util.test.junit.AutoTests" name="[373] /home/travis/build/icyphy/ptII/ptolemy/actor/lib/test/auto/TimeDelayMicrosteps.xml (RunModel)" time="0.012" />
  <testcase classname="ptolemy.util.test.junit.AutoTests" name="[374] /home/travis/build/icyphy/ptII/ptolemy/actor/lib/test/auto/TimeDelayMicrosteps2.xml (RunModel)" time="0.012" />
  <testcase classname="ptolemy.util.test.junit.AutoTests" name="[375] /home/travis/build/icyphy/ptII/ptolemy/actor/lib/test/auto/TimeDelayMicrosteps3.xml (RunModel)" time="0.02" />
  <testcase classname="ptolemy.util.test.junit.AutoTests" name="[376] /home/travis/build/icyphy/ptII/ptolemy/actor/lib/test/auto/TimeDelayVariableMicrosteps.xml (RunModel)" time="0.016" />
  <testcase classname="ptolemy.util.test.junit.AutoTests" name="[377] /home/travis/build/icyphy/ptII/ptolemy/actor/lib/test/auto/TimeGap.xml (RunModel)" time="0.013" />
  <testcase classname="ptolemy.util.test.junit.AutoTests" name="[378] /home/travis/build/icyphy/ptII/ptolemy/actor/lib/test/auto/TimeGap2.xml (RunModel)" time="0.01" />
  <testcase classname="ptolemy.util.test.junit.AutoTests" name="[379] /home/travis/build/icyphy/ptII/ptolemy/actor/lib/test/auto/TimedSinewave.xml (RunModel)" time="0.042" />
  <testcase classname="ptolemy.util.test.junit.AutoTests" name="[380] /home/travis/build/icyphy/ptII/ptolemy/actor/lib/test/auto/TimedSinewavePhase.xml (RunModel)" time="0.025" />
  <testcase classname="ptolemy.util.test.junit.AutoTests" name="[381] /home/travis/build/icyphy/ptII/ptolemy/actor/lib/test/auto/Timer.xml (RunModel)" time="0.019" />
  <testcase classname="ptolemy.util.test.junit.AutoTests" name="[382] /home/travis/build/icyphy/ptII/ptolemy/actor/lib/test/auto/TriangularDistTestModel.xml (RunModel)" time="0.016" />
  <testcase classname="ptolemy.util.test.junit.AutoTests" name="[383] /home/travis/build/icyphy/ptII/ptolemy/actor/lib/test/auto/TrigFunction.xml (RunModel)" time="0.008" />
  <testcase classname="ptolemy.util.test.junit.AutoTests" name="[384] /home/travis/build/icyphy/ptII/ptolemy/actor/lib/test/auto/TrigFunctionDE.xml (RunModel)" time="0.009" />
  <testcase classname="ptolemy.util.test.junit.AutoTests" name="[385] /home/travis/build/icyphy/ptII/ptolemy/actor/lib/test/auto/TrigFunctionInverse.xml (RunModel)" time="0.013" />
  <testcase classname="ptolemy.util.test.junit.AutoTests" name="[386] /home/travis/build/icyphy/ptII/ptolemy/actor/lib/test/auto/TrigFunctionTan.xml (RunModel)" time="0.008" />
  <testcase classname="ptolemy.util.test.junit.AutoTests" name="[387] /home/travis/build/icyphy/ptII/ptolemy/actor/lib/test/auto/TriggeredClock.xml (RunModel)" time="0.009" />
  <testcase classname="ptolemy.util.test.junit.AutoTests" name="[388] /home/travis/build/icyphy/ptII/ptolemy/actor/lib/test/auto/URLDirectoryReader.xml (RunModel)" time="0.121" />
  <testcase classname="ptolemy.util.test.junit.AutoTests" name="[389] /home/travis/build/icyphy/ptII/ptolemy/actor/lib/test/auto/URLDirectoryReader3.xml (RunModel)" time="1.696" />
  <testcase classname="ptolemy.util.test.junit.AutoTests" name="[390] /home/travis/build/icyphy/ptII/ptolemy/actor/lib/test/auto/UnaryMathFunction.xml (RunModel)" time="0.026" />
  <testcase classname="ptolemy.util.test.junit.AutoTests" name="[391] /home/travis/build/icyphy/ptII/ptolemy/actor/lib/test/auto/Uniform.xml (RunModel)" time="0.012" />
  <testcase classname="ptolemy.util.test.junit.AutoTests" name="[392] /home/travis/build/icyphy/ptII/ptolemy/actor/lib/test/auto/UnionDisassemblerTest.xml (RunModel)" time="0.017" />
  <testcase classname="ptolemy.util.test.junit.AutoTests" name="[393] /home/travis/build/icyphy/ptII/ptolemy/actor/lib/test/auto/UtilityFunctions.xml (RunModel)" time="0.008" />
  <testcase classname="ptolemy.util.test.junit.AutoTests" name="[394] /home/travis/build/icyphy/ptII/ptolemy/actor/lib/test/auto/VariableSleep.xml (RunModel)" time="0.511" />
  <testcase classname="ptolemy.util.test.junit.AutoTests" name="[395] /home/travis/build/icyphy/ptII/ptolemy/actor/lib/test/auto/VectorAssemblerDisassemblerCT.xml (RunModel)" time="0.099" />
  <testcase classname="ptolemy.util.test.junit.AutoTests" name="[396] /home/travis/build/icyphy/ptII/ptolemy/actor/lib/test/auto/VectorAssemblerDisassemblerDE.xml (RunModel)" time="0.013" />
  <testcase classname="ptolemy.util.test.junit.AutoTests" name="[397] /home/travis/build/icyphy/ptII/ptolemy/actor/lib/test/auto/VectorAssemblerDisassemblerSDF.xml (RunModel)" time="0.011" />
  <testcase classname="ptolemy.util.test.junit.AutoTests" name="[398] /home/travis/build/icyphy/ptII/ptolemy/actor/lib/test/auto/WallClockTime.xml (RunModel)" time="1.011" />
  <testcase classname="ptolemy.util.test.junit.AutoTests" name="[399] /home/travis/build/icyphy/ptII/ptolemy/actor/lib/test/auto/WidthTestWithSubscriberPublisher.xml (RunModel)" time="0.042" />
  <testcase classname="ptolemy.util.test.junit.AutoTests" name="[400] /home/travis/build/icyphy/ptII/ptolemy/actor/lib/test/auto/WidthTestWithSubscriberPublisher2.xml (RunModel)" time="0.015" />
  <testcase classname="ptolemy.util.test.junit.AutoTests" name="[401] /home/travis/build/icyphy/ptII/ptolemy/actor/lib/test/auto/WidthTestWithSubscriberPublisher3.xml (RunModel)" time="0.01" />
  <testcase classname="ptolemy.util.test.junit.AutoTests" name="[402] /home/travis/build/icyphy/ptII/ptolemy/actor/lib/test/auto/Writer.xml (RunModel)" time="0.008" />
  <testcase classname="ptolemy.util.test.junit.AutoTests" name="[403] /home/travis/build/icyphy/ptII/ptolemy/actor/lib/test/auto/array.xml (RunModel)" time="0.008" />
  <testcase classname="ptolemy.util.test.junit.AutoTests" name="[404] /home/travis/build/icyphy/ptII/ptolemy/actor/lib/test/auto/array2.xml (RunModel)" time="0.01" />
  <testcase classname="ptolemy.util.test.junit.AutoTests" name="[405] /home/travis/build/icyphy/ptII/ptolemy/actor/lib/test/auto/arrayType.xml (RunModel)" time="0.011" />
  <testcase classname="ptolemy.util.test.junit.AutoTests" name="[406] /home/travis/build/icyphy/ptII/ptolemy/actor/lib/test/auto/arrayType10.xml (RunModel)" time="0.007" />
  <testcase classname="ptolemy.util.test.junit.AutoTests" name="[407] /home/travis/build/icyphy/ptII/ptolemy/actor/lib/test/auto/arrayType11.xml (RunModel)" time="0.008" />
  <testcase classname="ptolemy.util.test.junit.AutoTests" name="[408] /home/travis/build/icyphy/ptII/ptolemy/actor/lib/test/auto/arrayType12.xml (RunModel)" time="0.009" />
  <testcase classname="ptolemy.util.test.junit.AutoTests" name="[409] /home/travis/build/icyphy/ptII/ptolemy/actor/lib/test/auto/arrayType13.xml (RunModel)" time="0.009" />
  <testcase classname="ptolemy.util.test.junit.AutoTests" name="[410] /home/travis/build/icyphy/ptII/ptolemy/actor/lib/test/auto/arrayType14.xml (RunModel)" time="0.009" />
  <testcase classname="ptolemy.util.test.junit.AutoTests" name="[411] /home/travis/build/icyphy/ptII/ptolemy/actor/lib/test/auto/arrayType15.xml (RunModel)" time="0.009" />
  <testcase classname="ptolemy.util.test.junit.AutoTests" name="[412] /home/travis/build/icyphy/ptII/ptolemy/actor/lib/test/auto/arrayType16.xml (RunModel)" time="0.008" />
  <testcase classname="ptolemy.util.test.junit.AutoTests" name="[413] /home/travis/build/icyphy/ptII/ptolemy/actor/lib/test/auto/arrayType17.xml (RunModel)" time="0.009" />
  <testcase classname="ptolemy.util.test.junit.AutoTests" name="[414] /home/travis/build/icyphy/ptII/ptolemy/actor/lib/test/auto/arrayType18.xml (RunModel)" time="0.007" />
  <testcase classname="ptolemy.util.test.junit.AutoTests" name="[415] /home/travis/build/icyphy/ptII/ptolemy/actor/lib/test/auto/arrayType19.xml (RunModel)" time="0.007" />
  <testcase classname="ptolemy.util.test.junit.AutoTests" name="[416] /home/travis/build/icyphy/ptII/ptolemy/actor/lib/test/auto/arrayType2.xml (RunModel)" time="0.008" />
  <testcase classname="ptolemy.util.test.junit.AutoTests" name="[417] /home/travis/build/icyphy/ptII/ptolemy/actor/lib/test/auto/arrayType20.xml (RunModel)" time="0.009" />
  <testcase classname="ptolemy.util.test.junit.AutoTests" name="[418] /home/travis/build/icyphy/ptII/ptolemy/actor/lib/test/auto/arrayType21.xml (RunModel)" time="0.01" />
  <testcase classname="ptolemy.util.test.junit.AutoTests" name="[419] /home/travis/build/icyphy/ptII/ptolemy/actor/lib/test/auto/arrayType22.xml (RunModel)" time="0.008" />
  <testcase classname="ptolemy.util.test.junit.AutoTests" name="[420] /home/travis/build/icyphy/ptII/ptolemy/actor/lib/test/auto/arrayType23.xml (RunModel)" time="0.008" />
  <testcase classname="ptolemy.util.test.junit.AutoTests" name="[421] /home/travis/build/icyphy/ptII/ptolemy/actor/lib/test/auto/arrayType24.xml (RunModel)" time="0.008" />
  <testcase classname="ptolemy.util.test.junit.AutoTests" name="[422] /home/travis/build/icyphy/ptII/ptolemy/actor/lib/test/auto/arrayType25.xml (RunModel)" time="0.009" />
  <testcase classname="ptolemy.util.test.junit.AutoTests" name="[423] /home/travis/build/icyphy/ptII/ptolemy/actor/lib/test/auto/arrayType26.xml (RunModel)" time="0.008" />
  <testcase classname="ptolemy.util.test.junit.AutoTests" name="[424] /home/travis/build/icyphy/ptII/ptolemy/actor/lib/test/auto/arrayType27.xml (RunModel)" time="0.008" />
  <testcase classname="ptolemy.util.test.junit.AutoTests" name="[425] /home/travis/build/icyphy/ptII/ptolemy/actor/lib/test/auto/arrayType28.xml (RunModel)" time="0.017" />
  <testcase classname="ptolemy.util.test.junit.AutoTests" name="[426] /home/travis/build/icyphy/ptII/ptolemy/actor/lib/test/auto/arrayType3.xml (RunModel)" time="0.013" />
  <testcase classname="ptolemy.util.test.junit.AutoTests" name="[427] /home/travis/build/icyphy/ptII/ptolemy/actor/lib/test/auto/arrayType4.xml (RunModel)" time="0.008" />
  <testcase classname="ptolemy.util.test.junit.AutoTests" name="[428] /home/travis/build/icyphy/ptII/ptolemy/actor/lib/test/auto/arrayType5.xml (RunModel)" time="0.008" />
  <testcase classname="ptolemy.util.test.junit.AutoTests" name="[429] /home/travis/build/icyphy/ptII/ptolemy/actor/lib/test/auto/arrayType6.xml (RunModel)" time="0.008" />
  <testcase classname="ptolemy.util.test.junit.AutoTests" name="[430] /home/travis/build/icyphy/ptII/ptolemy/actor/lib/test/auto/arrayType7.xml (RunModel)" time="0.007" />
  <testcase classname="ptolemy.util.test.junit.AutoTests" name="[431] /home/travis/build/icyphy/ptII/ptolemy/actor/lib/test/auto/arrayType8.xml (RunModel)" time="0.023" />
  <testcase classname="ptolemy.util.test.junit.AutoTests" name="[432] /home/travis/build/icyphy/ptII/ptolemy/actor/lib/test/auto/arrayType9.xml (RunModel)" time="0.007" />
  <testcase classname="ptolemy.util.test.junit.AutoTests" name="[433] /home/travis/build/icyphy/ptII/ptolemy/actor/lib/test/auto/cast.xml (RunModel)" time="0.007" />
  <testcase classname="ptolemy.util.test.junit.AutoTests" name="[434] /home/travis/build/icyphy/ptII/ptolemy/actor/lib/test/auto/compositeMultiPort.xml (RunModel)" time="0.049" />
  <testcase classname="ptolemy.util.test.junit.AutoTests" name="[435] /home/travis/build/icyphy/ptII/ptolemy/actor/lib/test/auto/expressionCastInference.xml (RunModel)" time="0.032" />
  <testcase classname="ptolemy.util.test.junit.AutoTests" name="[436] /home/travis/build/icyphy/ptII/ptolemy/actor/lib/test/auto/expressionCastInference2.xml (RunModel)" time="0.027" />
  <testcase classname="ptolemy.util.test.junit.AutoTests" name="[437] /home/travis/build/icyphy/ptII/ptolemy/actor/lib/test/auto/expressionInference.xml (RunModel)" time="0.044" />
  <testcase classname="ptolemy.util.test.junit.AutoTests" name="[438] /home/travis/build/icyphy/ptII/ptolemy/actor/lib/test/auto/expression_bug.xml (RunModel)" time="0.04" />
  <testcase classname="ptolemy.util.test.junit.AutoTests" name="[439] /home/travis/build/icyphy/ptII/ptolemy/actor/lib/test/auto/factorial.xml (RunModel)" time="0.056" />
  <testcase classname="ptolemy.util.test.junit.AutoTests" name="[440] /home/travis/build/icyphy/ptII/ptolemy/actor/lib/test/auto/filterTest1.xml (RunModel)" time="0.012" />
  <testcase classname="ptolemy.util.test.junit.AutoTests" name="[441] /home/travis/build/icyphy/ptII/ptolemy/actor/lib/test/auto/funcApplyInConst.xml (RunModel)" time="0.006" />
  <testcase classname="ptolemy.util.test.junit.AutoTests" name="[442] /home/travis/build/icyphy/ptII/ptolemy/actor/lib/test/auto/funcApplyInExpr.xml (RunModel)" time="0.006" />
  <testcase classname="ptolemy.util.test.junit.AutoTests" name="[443] /home/travis/build/icyphy/ptII/ptolemy/actor/lib/test/auto/function.xml (RunModel)" time="0.009" />
  <testcase classname="ptolemy.util.test.junit.AutoTests" name="[444] /home/travis/build/icyphy/ptII/ptolemy/actor/lib/test/auto/function2.xml (RunModel)" time="0.008" />
  <testcase classname="ptolemy.util.test.junit.AutoTests" name="[445] /home/travis/build/icyphy/ptII/ptolemy/actor/lib/test/auto/function3.xml (RunModel)" time="0.007" />
  <testcase classname="ptolemy.util.test.junit.AutoTests" name="[446] /home/travis/build/icyphy/ptII/ptolemy/actor/lib/test/auto/functionClosureTest1.xml (RunModel)" time="0.01" />
  <testcase classname="ptolemy.util.test.junit.AutoTests" name="[447] /home/travis/build/icyphy/ptII/ptolemy/actor/lib/test/auto/functionClosureTest2.xml (RunModel)" time="0.007" />
  <testcase classname="ptolemy.util.test.junit.AutoTests" name="[448] /home/travis/build/icyphy/ptII/ptolemy/actor/lib/test/auto/functionClosureTest3.xml (RunModel)" time="0.011" />
  <testcase classname="ptolemy.util.test.junit.AutoTests" name="[449] /home/travis/build/icyphy/ptII/ptolemy/actor/lib/test/auto/functionClosureTest4.xml (RunModel)" time="0.014" />
  <testcase classname="ptolemy.util.test.junit.AutoTests" name="[450] /home/travis/build/icyphy/ptII/ptolemy/actor/lib/test/auto/functionClosureTest5.xml (RunModel)" time="0.012" />
  <testcase classname="ptolemy.util.test.junit.AutoTests" name="[451] /home/travis/build/icyphy/ptII/ptolemy/actor/lib/test/auto/functionClosureTest6.xml (RunModel)" time="0.009" />
  <testcase classname="ptolemy.util.test.junit.AutoTests" name="[452] /home/travis/build/icyphy/ptII/ptolemy/actor/lib/test/auto/functionsOnArcs.xml (RunModel)" time="0.009" />
  <testcase classname="ptolemy.util.test.junit.AutoTests" name="[453] /home/travis/build/icyphy/ptII/ptolemy/actor/lib/test/auto/functionsOnArcsHOF.xml (RunModel)" time="0.012" />
  <testcase classname="ptolemy.util.test.junit.AutoTests" name="[454] /home/travis/build/icyphy/ptII/ptolemy/actor/lib/test/auto/logic.xml (RunModel)" time="0.016" />
  <testcase classname="ptolemy.util.test.junit.AutoTests" name="[455] /home/travis/build/icyphy/ptII/ptolemy/actor/lib/test/auto/matrixType.xml (RunModel)" time="0.007" />
  <testcase classname="ptolemy.util.test.junit.AutoTests" name="[456] /home/travis/build/icyphy/ptII/ptolemy/actor/lib/test/auto/matrixType10.xml (RunModel)" time="0.008" />
  <testcase classname="ptolemy.util.test.junit.AutoTests" name="[457] /home/travis/build/icyphy/ptII/ptolemy/actor/lib/test/auto/matrixType11.xml (RunModel)" time="0.008" />
  <testcase classname="ptolemy.util.test.junit.AutoTests" name="[458] /home/travis/build/icyphy/ptII/ptolemy/actor/lib/test/auto/matrixType12.xml (RunModel)" time="0.01" />
  <testcase classname="ptolemy.util.test.junit.AutoTests" name="[459] /home/travis/build/icyphy/ptII/ptolemy/actor/lib/test/auto/matrixType13.xml (RunModel)" time="0.007" />
  <testcase classname="ptolemy.util.test.junit.AutoTests" name="[460] /home/travis/build/icyphy/ptII/ptolemy/actor/lib/test/auto/matrixType14.xml (RunModel)" time="0.009" />
  <testcase classname="ptolemy.util.test.junit.AutoTests" name="[461] /home/travis/build/icyphy/ptII/ptolemy/actor/lib/test/auto/matrixType2.xml (RunModel)" time="0.008" />
  <testcase classname="ptolemy.util.test.junit.AutoTests" name="[462] /home/travis/build/icyphy/ptII/ptolemy/actor/lib/test/auto/matrixType3.xml (RunModel)" time="0.009" />
  <testcase classname="ptolemy.util.test.junit.AutoTests" name="[463] /home/travis/build/icyphy/ptII/ptolemy/actor/lib/test/auto/matrixType4.xml (RunModel)" time="0.008" />
  <testcase classname="ptolemy.util.test.junit.AutoTests" name="[464] /home/travis/build/icyphy/ptII/ptolemy/actor/lib/test/auto/matrixType5.xml (RunModel)" time="0.006" />
  <testcase classname="ptolemy.util.test.junit.AutoTests" name="[465] /home/travis/build/icyphy/ptII/ptolemy/actor/lib/test/auto/matrixType6.xml (RunModel)" time="0.007" />
  <testcase classname="ptolemy.util.test.junit.AutoTests" name="[466] /home/travis/build/icyphy/ptII/ptolemy/actor/lib/test/auto/matrixType7.xml (RunModel)" time="0.008" />
  <testcase classname="ptolemy.util.test.junit.AutoTests" name="[467] /home/travis/build/icyphy/ptII/ptolemy/actor/lib/test/auto/matrixType8.xml (RunModel)" time="0.009" />
  <testcase classname="ptolemy.util.test.junit.AutoTests" name="[468] /home/travis/build/icyphy/ptII/ptolemy/actor/lib/test/auto/matrixType9.xml (RunModel)" time="0.007" />
  <testcase classname="ptolemy.util.test.junit.AutoTests" name="[469] /home/travis/build/icyphy/ptII/ptolemy/actor/lib/test/auto/paraFunctest.xml (RunModel)" time="0.007" />
  <testcase classname="ptolemy.util.test.junit.AutoTests" name="[470] /home/travis/build/icyphy/ptII/ptolemy/actor/lib/test/auto/paraFunctest2.xml (RunModel)" time="0.011" />
  <testcase classname="ptolemy.util.test.junit.AutoTests" name="[471] /home/travis/build/icyphy/ptII/ptolemy/actor/lib/test/auto/parameterPassing.xml (RunModel)" time="0.011" />
  <testcase classname="ptolemy.util.test.junit.AutoTests" name="[472] /home/travis/build/icyphy/ptII/ptolemy/actor/lib/test/auto/record.xml (RunModel)" time="0.008" />
  <testcase classname="ptolemy.util.test.junit.AutoTests" name="[473] /home/travis/build/icyphy/ptII/ptolemy/actor/lib/test/auto/sizedarray1.xml (RunModel)" time="0.008" />
  <testcase classname="ptolemy.util.test.junit.AutoTests" name="[474] /home/travis/build/icyphy/ptII/ptolemy/actor/lib/test/auto/sizedarray2.xml (RunModel)" time="0.009" />
  <testcase classname="ptolemy.util.test.junit.AutoTests" name="[475] /home/travis/build/icyphy/ptII/ptolemy/actor/lib/test/auto/twoPublishers.xml (RunModel)" time="0.023" />
  <system-out><![CDATA[/home/travis/build/icyphy/ptII/ptolemy/actor/lib/test/AbsoluteValue.tcl
testDefs.tcl: setting time out to 9000 seconds at Sat Apr 18 14:04:02 UTC 2020
98 ms. Memory: 129024K Free: 93128K (72%)
9 ms. Memory: 129024K Free: 91080K (71%)
4 ms. Memory: 129024K Free: 90559K (70%)
10 ms. Memory: 129024K Free: 89527K (69%)
/home/travis/build/icyphy/ptII/ptolemy/actor/lib/test/AddSubtract.tcl
16 ms. Memory: 129024K Free: 87494K (68%)
5 ms. Memory: 129024K Free: 86984K (67%)
6 ms. Memory: 129024K Free: 85960K (67%)
8 ms. Memory: 129024K Free: 85431K (66%)
51 ms. Memory: 129024K Free: 82374K (64%)
12 ms. Memory: 129024K Free: 81864K (63%)
/home/travis/build/icyphy/ptII/ptolemy/actor/lib/test/Average.tcl
6 ms. Memory: 129024K Free: 79816K (62%)
15 ms. Memory: 129024K Free: 78792K (61%)
/home/travis/build/icyphy/ptII/ptolemy/actor/lib/test/Bernoulli.tcl
4 ms. Memory: 129024K Free: 77239K (60%)
10 ms. Memory: 129024K Free: 76744K (59%)
/home/travis/build/icyphy/ptII/ptolemy/actor/lib/test/Clock.tcl
preinitializing
resolving types
initializing
executing number 1
wrapping up
idle
36 ms. Memory: 129024K Free: 74182K (57%)
Completed execution with 5 iterations
preinitializing
resolving types
initializing
executing number 1
wrapping up
idle
5 ms. Memory: 129024K Free: 73158K (57%)
Completed execution with 5 iterations
preinitializing
resolving types
initializing
executing number 1
wrapping up
idle
11 ms. Memory: 129024K Free: 72648K (56%)
Completed execution with 5 iterations
/home/travis/build/icyphy/ptII/ptolemy/actor/lib/test/Commutator.tcl
7 ms. Memory: 129024K Free: 70600K (55%)
5 ms. Memory: 129024K Free: 69576K (54%)
13 ms. Memory: 129024K Free: 63927K (50%)
/home/travis/build/icyphy/ptII/ptolemy/actor/lib/test/Const.tcl
3 ms. Memory: 129024K Free: 62408K (48%)
6 ms. Memory: 129024K Free: 61863K (48%)
4 ms. Memory: 129024K Free: 61384K (48%)
2 ms. Memory: 129024K Free: 60839K (47%)
2 ms. Memory: 129024K Free: 60360K (47%)
22 ms. Memory: 129024K Free: 58822K (46%)
12 ms. Memory: 129024K Free: 57791K (45%)
15 ms. Memory: 129024K Free: 56759K (44%)
/home/travis/build/icyphy/ptII/ptolemy/actor/lib/test/CurrentTime.tcl
preinitializing
resolving types
initializing
executing number 1
wrapping up
idle
7 ms. Memory: 129024K Free: 54726K (42%)
Completed execution with 11 iterations
/home/travis/build/icyphy/ptII/ptolemy/actor/lib/test/DB.tcl
4 ms. Memory: 129024K Free: 53192K (41%)
2 ms. Memory: 129024K Free: 52678K (41%)
2 ms. Memory: 129024K Free: 52168K (40%)
/home/travis/build/icyphy/ptII/ptolemy/actor/lib/test/DiscreteRandomSource.tcl
preinitializing
resolving types
initializing
executing number 1
wrapping up
idle
9 ms. Memory: 129024K Free: 50623K (39%)
Completed execution with 4 iterations
preinitializing
resolving types
initializing
executing number 1
wrapping up
idle
5 ms. Memory: 129024K Free: 50120K (39%)
Completed execution with 4 iterations
preinitializing
resolving types
initializing
executing number 1
wrapping up
idle
7 ms. Memory: 129024K Free: 49591K (38%)
Completed execution with 4 iterations
preinitializing
resolving types
initializing
executing number 1
wrapping up
idle
16 ms. Memory: 129024K Free: 49096K (38%)
Completed execution with 4 iterations
preinitializing
resolving types
initializing
executing number 1
wrapping up
idle
4 ms. Memory: 129024K Free: 48551K (38%)
Completed execution with 4 iterations
/home/travis/build/icyphy/ptII/ptolemy/actor/lib/test/Distributor.tcl
33 ms. Memory: 129024K Free: 113444K (88%)
7 ms. Memory: 129024K Free: 112897K (88%)
StreamChangeRequest.changeExecuted(): <deleteEntity name="rec2"/> succeeded
StreamChangeRequest.changeExecuted(): <deleteRelation name="r2"/> succeeded
StreamChangeRequest.changeExecuted(): Record firings per iteration succeeded
14 ms. Memory: 129024K Free: 110354K (86%)
/home/travis/build/icyphy/ptII/ptolemy/actor/lib/test/Exit.tcl
Exit.tcl: this will print a message about Manager.exitAfterWrapup, which can be ignored.
6 ms. Memory: 129024K Free: 107327K (83%)
/home/travis/build/icyphy/ptII/ptolemy/actor/lib/test/Expression.tcl
18 ms. Memory: 129024K Free: 103673K (80%)
10 ms. Memory: 129024K Free: 103172K (80%)
3 ms. Memory: 129024K Free: 102641K (80%)
preinitializing
resolving types
initializing
executing number 1
wrapping up
idle
5 ms. Memory: 129024K Free: 101124K (78%)
Completed execution with 6 iterations
3 ms. Memory: 129024K Free: 100130K (78%)
3 ms. Memory: 129024K Free: 99569K (77%)
5 ms. Memory: 129024K Free: 98045K (76%)
3 ms. Memory: 129024K Free: 97044K (75%)
3 ms. Memory: 129024K Free: 95511K (74%)
/home/travis/build/icyphy/ptII/ptolemy/actor/lib/test/Gaussian.tcl
3 ms. Memory: 129024K Free: 93972K (73%)
sleeping 1 seconds: .......................................................................................................................................................................................................................................................................................................................................................................................................................................................................................................................................................................................................................................................................................................................................................................................................................................................................................................................................................................................................................................................................................................................................2 ms. Memory: 129024K Free: 111942K (87%)
2 ms. Memory: 129024K Free: 110918K (86%)
3 ms. Memory: 129024K Free: 110398K (86%)
2 ms. Memory: 129024K Free: 109894K (85%)
1 ms. Memory: 129024K Free: 109380K (85%)
/home/travis/build/icyphy/ptII/ptolemy/actor/lib/test/IIR.tcl
/home/travis/build/icyphy/ptII/ptolemy/actor/lib/test/Interpolator.tcl
3 ms. Memory: 129024K Free: 105254K (82%)
2 ms. Memory: 129024K Free: 104774K (81%)
3 ms. Memory: 129024K Free: 104260K (81%)
1 ms. Memory: 129024K Free: 103750K (80%)
3 ms. Memory: 129024K Free: 102726K (80%)
8 ms. Memory: 129024K Free: 102212K (79%)
10 ms. Memory: 129024K Free: 101174K (78%)
2 ms. Memory: 129024K Free: 100158K (78%)
4 ms. Memory: 129024K Free: 99134K (77%)
5 ms. Memory: 129024K Free: 98630K (76%)
/home/travis/build/icyphy/ptII/ptolemy/actor/lib/test/MathFunction.tcl
5 ms. Memory: 129024K Free: 96068K (74%)
3 ms. Memory: 129024K Free: 95014K (74%)
2 ms. Memory: 129024K Free: 94020K (73%)
5 ms. Memory: 129024K Free: 93510K (72%)
7 ms. Memory: 129024K Free: 91966K (71%)
12 ms. Memory: 129024K Free: 89910K (70%)
/home/travis/build/icyphy/ptII/ptolemy/actor/lib/test/Maximum.tcl
6 ms. Memory: 129024K Free: 88390K (69%)
3 ms. Memory: 129024K Free: 87366K (68%)
5 ms. Memory: 129024K Free: 86846K (67%)
7 ms. Memory: 129024K Free: 86342K (67%)
/home/travis/build/icyphy/ptII/ptolemy/actor/lib/test/Minimum.tcl
6 ms. Memory: 129024K Free: 84294K (65%)
4 ms. Memory: 129024K Free: 83780K (65%)
2 ms. Memory: 129024K Free: 83270K (65%)
4 ms. Memory: 129024K Free: 82246K (64%)
/home/travis/build/icyphy/ptII/ptolemy/actor/lib/test/MultiplyDivide.tcl
10 ms. Memory: 129024K Free: 80694K (63%)
8 ms. Memory: 129024K Free: 79684K (62%)
2 ms. Memory: 129024K Free: 79174K (61%)
9 ms. Memory: 129024K Free: 78150K (61%)
6 ms. Memory: 129024K Free: 77622K (60%)
/home/travis/build/icyphy/ptII/ptolemy/actor/lib/test/OrderedMerge.tcl
Connections changed on port: inputA
Connections changed on port: inputB
Connections changed on port: output
Connections changed on port: output
Connections changed on port: output
Connections changed on port: input
.top. Preinitializing ...
Invoking preinitialize():  .top.OrderedMerge
Called preinitialize()
Invoking preinitialize():  .top.Ramp
Called preinitialize()
Invoking preinitialize():  .top.Ramp2
Called preinitialize()
Invoking preinitialize():  .top.Test
Called preinitialize()
Connections changed on port: inputA
Connections changed on port: output
Connections changed on port: output
Connections changed on port: input
Connections changed on port: inputB
Connections changed on port: output
.top. Finished preinitialize().
Called initialize().
Invoking initialize():  .top.OrderedMerge
Initializing actor: .top.OrderedMerge
Adding a thread: .top.OrderedMerge
Invoking initialize():  .top.Ramp
Initializing actor: .top.Ramp
Adding a thread: .top.Ramp
Invoking initialize():  .top.Ramp2
Initializing actor: .top.Ramp2
Adding a thread: .top.Ramp2
Invoking initialize():  .top.Test
Initializing actor: .top.Test
Adding a thread: .top.Test
Called fire().
Checking for deadlock:
-- Starting thread.
Called initialize()
Called prefire()
Called fire()
-- Starting thread.
Called initialize()
Called prefire()
Called fire()
-- Starting thread.
Called initialize()
Called prefire()
Called fire()
-- Starting thread.
Called initialize()
Called prefire()
Called fire()
There are 0 Blocked actors, 0 Stopped actors, and 4 active threads.
Waiting for actors to stop.
Called postfire()
Called prefire()
Called fire()
Called postfire()
Called prefire()
Called fire()
Read input token from inputA with value 0.0
Next port to read input from is inputB
Called postfire()
Called prefire()
Called fire()
Read input token from inputB with value 0.0
Sent output token with value 0.0
Next port to read input from is inputA
Called postfire()
Called prefire()
Called fire()
Checking for deadlock:
There are 1 Blocked actors, 0 Stopped actors, and 4 active threads.
Waiting for actors to stop.
Called postfire()
Called prefire()
Called fire()
Called postfire()
Called prefire()
Called fire()
-- Read input: 0.0, which is expected to match: 0.0
Called prefire()
Called fire()
Checking for deadlock:
There are 3 Blocked actors, 0 Stopped actors, and 4 active threads.
Waiting for actors to stop.
Checking for deadlock:
There are 2 Blocked actors, 0 Stopped actors, and 4 active threads.
Waiting for actors to stop.
Called postfire()
Called prefire()
Called fire()
Checking for deadlock:
There are 3 Blocked actors, 0 Stopped actors, and 4 active threads.
Waiting for actors to stop.
Read input token from inputA with value 1.0
Checking for deadlock:
There are 2 Blocked actors, 0 Stopped actors, and 4 active threads.
Waiting for actors to stop.
-- Read input: 0.0, which is expected to match: 0.0
Called prefire()
Called fire()
Checking for deadlock:
There are 3 Blocked actors, 0 Stopped actors, and 4 active threads.
Waiting for actors to stop.
Sent output token with value 0.0
Next port to read input from is inputB
Called postfire()
Called prefire()
Called fire()
Checking for deadlock:
There are 2 Blocked actors, 0 Stopped actors, and 4 active threads.
Waiting for actors to stop.
Called postfire()
Called prefire()
Called fire()
Checking for deadlock:
There are 3 Blocked actors, 0 Stopped actors, and 4 active threads.
Waiting for actors to stop.
Read input token from inputB with value 1.5
Checking for deadlock:
There are 2 Blocked actors, 0 Stopped actors, and 4 active threads.
Waiting for actors to stop.
-- Read input: 1.0, which is expected to match: 1.0
Called prefire()
Called fire()
Checking for deadlock:
There are 3 Blocked actors, 0 Stopped actors, and 4 active threads.
Waiting for actors to stop.
Sent output token with value 1.0
Next port to read input from is inputA
Called postfire()
Called prefire()
Called fire()
Called postfire()
Called prefire()
Called fire()
Checking for deadlock:
There are 3 Blocked actors, 0 Stopped actors, and 4 active threads.
Waiting for actors to stop.
Read input token from inputA with value 2.0
-- Read input: 1.5, which is expected to match: 1.5
Called prefire()
Called fire()
Checking for deadlock:
There are 3 Blocked actors, 0 Stopped actors, and 4 active threads.
Waiting for actors to stop.
Sent output token with value 1.5
Next port to read input from is inputB
Called postfire()
Called prefire()
Called fire()
Checking for deadlock:
There are 2 Blocked actors, 0 Stopped actors, and 4 active threads.
Waiting for actors to stop.
Called postfire()
Called prefire()
Called fire()
Checking for deadlock:
There are 3 Blocked actors, 0 Stopped actors, and 4 active threads.
Waiting for actors to stop.
Read input token from inputB with value 3.0
Checking for deadlock:
There are 2 Blocked actors, 0 Stopped actors, and 4 active threads.
Waiting for actors to stop.
-- Read input: 2.0, which is expected to match: 2.0
Called prefire()
Called fire()
Checking for deadlock:
There are 3 Blocked actors, 0 Stopped actors, and 4 active threads.
Waiting for actors to stop.
Sent output token with value 2.0
Next port to read input from is inputA
Called postfire()
Called prefire()
Called fire()
Called postfire()
Called prefire()
Called fire()
Checking for deadlock:
There are 3 Blocked actors, 0 Stopped actors, and 4 active threads.
Waiting for actors to stop.
Read input token from inputA with value 3.0
-- Read input: 3.0, which is expected to match: 3.0
Called prefire()
Called fire()
Checking for deadlock:
There are 3 Blocked actors, 0 Stopped actors, and 4 active threads.
Waiting for actors to stop.
Sent output token with value 3.0
Next port to read input from is inputB
Called postfire()
Called prefire()
Called fire()
Checking for deadlock:
There are 2 Blocked actors, 0 Stopped actors, and 4 active threads.
Waiting for actors to stop.
Called postfire()
Called prefire()
Called fire()
Checking for deadlock:
There are 3 Blocked actors, 0 Stopped actors, and 4 active threads.
Waiting for actors to stop.
Read input token from inputB with value 4.5
Checking for deadlock:
There are 2 Blocked actors, 0 Stopped actors, and 4 active threads.
Waiting for actors to stop.
-- Read input: 3.0, which is expected to match: 3.0
Called prefire()
Called fire()
Checking for deadlock:
There are 3 Blocked actors, 0 Stopped actors, and 4 active threads.
Waiting for actors to stop.
Sent output token with value 3.0
Next port to read input from is inputA
Called postfire()
Called prefire()
Called fire()
Called postfire()
Called prefire()
Called fire()
Checking for deadlock:
There are 3 Blocked actors, 0 Stopped actors, and 4 active threads.
Waiting for actors to stop.
Read input token from inputA with value 4.0
-- Read input: 4.0, which is expected to match: 4.0
Called prefire()
Called fire()
Past the end of training data. Read and discard all inputs.
Checking for deadlock:
There are 3 Blocked actors, 0 Stopped actors, and 4 active threads.
Waiting for actors to stop.
Sent output token with value 4.0
Next port to read input from is inputA
Called postfire()
Called prefire()
Called fire()
Called postfire()
Called prefire()
Called fire()
Checking for deadlock:
There are 3 Blocked actors, 0 Stopped actors, and 4 active threads.
Waiting for actors to stop.
Read input token from inputA with value 5.0
Called prefire()
Called fire()
Past the end of training data. Read and discard all inputs.
Checking for deadlock:
There are 3 Blocked actors, 0 Stopped actors, and 4 active threads.
Waiting for actors to stop.
Sent output token with value 4.5
Next port to read input from is inputB
Called postfire()
Called prefire()
Called fire()
Checking for deadlock:
There are 2 Blocked actors, 0 Stopped actors, and 4 active threads.
Waiting for actors to stop.
Called postfire()
Called prefire()
Called fire()
Checking for deadlock:
There are 3 Blocked actors, 0 Stopped actors, and 4 active threads.
Waiting for actors to stop.
Read input token from inputB with value 6.0
Checking for deadlock:
There are 2 Blocked actors, 0 Stopped actors, and 4 active threads.
Waiting for actors to stop.
Called prefire()
Called fire()
Past the end of training data. Read and discard all inputs.
Checking for deadlock:
There are 3 Blocked actors, 0 Stopped actors, and 4 active threads.
Waiting for actors to stop.
Sent output token with value 5.0
Next port to read input from is inputA
Called postfire()
Called prefire()
Called fire()
Called postfire()
Called prefire()
Called fire()
Checking for deadlock:
There are 3 Blocked actors, 0 Stopped actors, and 4 active threads.
Waiting for actors to stop.
Read input token from inputA with value 6.0
Called prefire()
Called fire()
Past the end of training data. Read and discard all inputs.
Checking for deadlock:
There are 3 Blocked actors, 0 Stopped actors, and 4 active threads.
Waiting for actors to stop.
Sent output token with value 6.0
Next port to read input from is inputB
Called postfire()
Called prefire()
Called fire()
Checking for deadlock:
There are 2 Blocked actors, 0 Stopped actors, and 4 active threads.
Waiting for actors to stop.
Called postfire()
Called prefire()
Called fire()
Checking for deadlock:
There are 3 Blocked actors, 0 Stopped actors, and 4 active threads.
Waiting for actors to stop.
Read input token from inputB with value 7.5
Checking for deadlock:
There are 2 Blocked actors, 0 Stopped actors, and 4 active threads.
Waiting for actors to stop.
Called prefire()
Called fire()
Past the end of training data. Read and discard all inputs.
Checking for deadlock:
There are 3 Blocked actors, 0 Stopped actors, and 4 active threads.
Waiting for actors to stop.
Sent output token with value 6.0
Next port to read input from is inputA
Called postfire()
Called prefire()
Called fire()
Called postfire()
Called prefire()
Called fire()
Checking for deadlock:
There are 3 Blocked actors, 0 Stopped actors, and 4 active threads.
Waiting for actors to stop.
Read input token from inputA with value 7.0
Called prefire()
Called fire()
Past the end of training data. Read and discard all inputs.
Checking for deadlock:
There are 3 Blocked actors, 0 Stopped actors, and 4 active threads.
Waiting for actors to stop.
Sent output token with value 7.0
Next port to read input from is inputA
Called postfire()
Called prefire()
Called fire()
-- Thread wrapup() called.
Called wrapup()
Thread .top.Ramp is exiting.
-- Thread stopped.
Checking for deadlock:
There are 2 Blocked actors, 0 Stopped actors, and 3 active threads.
Waiting for actors to stop.
Read input token from inputA with value 8.0
Sent output token with value 7.5
Next port to read input from is inputB
Called postfire()
Called prefire()
Called fire()
Read input token from inputB with value 9.0
Checking for deadlock:
There are 1 Blocked actors, 0 Stopped actors, and 3 active threads.
Waiting for actors to stop.
Called prefire()
Called fire()
Past the end of training data. Read and discard all inputs.
Called postfire()
Called prefire()
Called fire()
Checking for deadlock:
There are 2 Blocked actors, 0 Stopped actors, and 3 active threads.
Waiting for actors to stop.
Called prefire()
Called fire()
Past the end of training data. Read and discard all inputs.
Checking for deadlock:
There are 2 Blocked actors, 0 Stopped actors, and 3 active threads.
Waiting for actors to stop.
Sent output token with value 8.0
Next port to read input from is inputA
Called postfire()
Called prefire()
Called fire()
Read input token from inputA with value 9.0
Called prefire()
Called fire()
Past the end of training data. Read and discard all inputs.
Checking for deadlock:
There are 2 Blocked actors, 0 Stopped actors, and 3 active threads.
Waiting for actors to stop.
Sent output token with value 9.0
Next port to read input from is inputB
Called postfire()
Called prefire()
Called fire()
Checking for deadlock:
There are 1 Blocked actors, 0 Stopped actors, and 3 active threads.
Waiting for actors to stop.
Called postfire()
Called prefire()
Called fire()
Checking for deadlock:
There are 2 Blocked actors, 0 Stopped actors, and 3 active threads.
Waiting for actors to stop.
Read input token from inputB with value 10.5
Checking for deadlock:
There are 1 Blocked actors, 0 Stopped actors, and 3 active threads.
Waiting for actors to stop.
Called prefire()
Called fire()
Past the end of training data. Read and discard all inputs.
Checking for deadlock:
There are 2 Blocked actors, 0 Stopped actors, and 3 active threads.
Waiting for actors to stop.
Sent output token with value 9.0
Next port to read input from is inputA
Called postfire()
Called prefire()
Called fire()
Checking for deadlock:
There are 3 Blocked actors, 0 Stopped actors, and 3 active threads.
Actors have stopped.
Checking for deadlock:
There are 3 Blocked actors, 0 Stopped actors, and 3 active threads.
Deadlock detected.
Resolving Deadlock
Checking for deadlock:
There are 3 Blocked actors, 0 Stopped actors, and 3 active threads.
Artificial Deadlock - increasing queue capacity.
increasing the capacity of receiver ptolemy.actor.TypedIOPort {.top.OrderedMerge.inputB} to 2
-- Thread wrapup() called.
Called wrapup()
Thread .top.Ramp2 is exiting.
-- Thread stopped.
Director: Called postfire().
Called postfire().
_stopRequested = false
_stopFireRequested = false
Returning from postfire(): true
Called fire().
Checking for deadlock:
There are 2 Blocked actors, 0 Stopped actors, and 2 active threads.
Actors have stopped.
Checking for deadlock:
There are 2 Blocked actors, 0 Stopped actors, and 2 active threads.
Deadlock detected.
Resolving Deadlock
Checking for deadlock:
There are 2 Blocked actors, 0 Stopped actors, and 2 active threads.
Deadlock detected: no processes blocked on write, but some are blocked on read.
Called postfire().
_stopRequested = false
_stopFireRequested = false
Returning from postfire(): false
Finished deactivating branches.
Called wrapup().
-- Thread wrapup() called.
Called wrapup()
Thread .top.Test is exiting.
-- Thread stopped.
-- Blocked Receiver call threw TerminateProcessException.
-- Thread wrapup() called.
Called wrapup()
Thread .top.OrderedMerge is exiting.
-- Thread stopped.
-- Blocked Receiver call threw TerminateProcessException.
71 ms. Memory: 129024K Free: 108825K (84%)
.top. Preinitializing ...
Invoking preinitialize():  .top.OrderedMerge
Called preinitialize()
Invoking preinitialize():  .top.Ramp
Called preinitialize()
Invoking preinitialize():  .top.Ramp2
Called preinitialize()
Invoking preinitialize():  .top.Test
Called preinitialize()
.top. Finished preinitialize().
Called initialize().
Invoking initialize():  .top.OrderedMerge
Initializing actor: .top.OrderedMerge
Adding a thread: .top.OrderedMerge
Invoking initialize():  .top.Ramp
Initializing actor: .top.Ramp
Adding a thread: .top.Ramp
Invoking initialize():  .top.Ramp2
Initializing actor: .top.Ramp2
Adding a thread: .top.Ramp2
Invoking initialize():  .top.Test
Initializing actor: .top.Test
Adding a thread: .top.Test
Called fire().
-- Starting thread.
Checking for deadlock:
There are 0 Blocked actors, 0 Stopped actors, and 4 active threads.
Waiting for actors to stop.
Called initialize()
-- Starting thread.
Called initialize()
Called prefire()
Called fire()
Checking for deadlock:
There are 1 Blocked actors, 0 Stopped actors, and 4 active threads.
-- Starting thread.
Waiting for actors to stop.
-- Starting thread.
Called initialize()
Called prefire()
Called fire()
Checking for deadlock:
Called prefire()
There are 2 Blocked actors, 0 Stopped actors, and 4 active threads.
Called fire()
Waiting for actors to stop.
Called initialize()
Called prefire()
Called fire()
Called postfire()
Called prefire()
Called fire()
Checking for deadlock:
There are 2 Blocked actors, 0 Stopped actors, and 4 active threads.
Waiting for actors to stop.
Called postfire()
Called prefire()
Called fire()
Checking for deadlock:
There are 1 Blocked actors, 0 Stopped actors, and 4 active threads.
Waiting for actors to stop.
Read input token from inputA with value 0.0
Checking for deadlock:
There are 2 Blocked actors, 0 Stopped actors, and 4 active threads.
Waiting for actors to stop.
Called postfire()
Called prefire()
Called fire()
Checking for deadlock:
There are 3 Blocked actors, 0 Stopped actors, and 4 active threads.
Waiting for actors to stop.
Next port to read input from is inputB
Called postfire()
Called prefire()
Called fire()
Read input token from inputB with value 0.0
Sent output token with value 0.0
Next port to read input from is inputA
Called postfire()
Called prefire()
Called fire()
Read input token from inputA with value 1.0
Called postfire()
Called prefire()
-- Read input: 0.0, which is expected to match: 0.0
Called prefire()
Called fire()
Checking for deadlock:
There are 1 Blocked actors, 0 Stopped actors, and 4 active threads.
Waiting for actors to stop.
Called postfire()
Called prefire()
Called fire()
Checking for deadlock:
There are 2 Blocked actors, 0 Stopped actors, and 4 active threads.
Waiting for actors to stop.
Checking for deadlock:
There are 1 Blocked actors, 0 Stopped actors, and 4 active threads.
Waiting for actors to stop.
-- Read input: 0.0, which is expected to match: 0.0
Called prefire()
Called fire()
Checking for deadlock:
There are 2 Blocked actors, 0 Stopped actors, and 4 active threads.
Waiting for actors to stop.
Sent output token with value 0.0
Next port to read input from is inputB
Called postfire()
Called prefire()
Called fire()
Read input token from inputB with value 1.5
Called fire()
Called postfire()
-- Read input: 1.0, which is expected to match: 1.0
Called prefire()
Called fire()
Checking for deadlock:
There are 2 Blocked actors, 0 Stopped actors, and 4 active threads.
Waiting for actors to stop.
Sent output token with value 1.0
Called prefire()
Called fire()
Next port to read input from is inputA
Called postfire()
Called prefire()
Checking for deadlock:
There are 3 Blocked actors, 0 Stopped actors, and 4 active threads.
Waiting for actors to stop.
Called fire()
Read input token from inputA with value 2.0
Sent output token with value 1.5
Next port to read input from is inputB
Called postfire()
Called prefire()
Called fire()
Read input token from inputB with value 3.0
Called postfire()
Checking for deadlock:
There are 1 Blocked actors, 0 Stopped actors, and 4 active threads.
Waiting for actors to stop.
-- Read input: 1.5, which is expected to match: 1.5
Called prefire()
Called fire()
Called postfire()
Called prefire()
Called fire()
Checking for deadlock:
There are 2 Blocked actors, 0 Stopped actors, and 4 active threads.
Waiting for actors to stop.
Checking for deadlock:
There are 1 Blocked actors, 0 Stopped actors, and 4 active threads.
Waiting for actors to stop.
-- Read input: 2.0, which is expected to match: 2.0
Called prefire()
Called fire()
Sent output token with value 2.0
Called prefire()
Called fire()
Checking for deadlock:
There are 2 Blocked actors, 0 Stopped actors, and 4 active threads.
Waiting for actors to stop.
Next port to read input from is inputA
Called postfire()
Called prefire()
Called fire()
Read input token from inputA with value 3.0
Sent output token with value 3.0
Next port to read input from is inputB
Called postfire()
Called prefire()
Called fire()
Read input token from inputB with value 4.5
-- Read input: 3.0, which is expected to match: 3.0
Called prefire()
Called fire()
Called postfire()
Called prefire()
Checking for deadlock:
There are 1 Blocked actors, 0 Stopped actors, and 4 active threads.
Called fire()
Waiting for actors to stop.
Called postfire()
Called prefire()
Called fire()
Sent output token with value 3.0
Next port to read input from is inputA
Called postfire()
Called prefire()
Called fire()
Read input token from inputA with value 4.0
Checking for deadlock:
There are 2 Blocked actors, 0 Stopped actors, and 4 active threads.
Waiting for actors to stop.
-- Read input: 3.0, which is expected to match: 3.0
Called prefire()
Called fire()
Checking for deadlock:
There are 2 Blocked actors, 0 Stopped actors, and 4 active threads.
Waiting for actors to stop.
Called postfire()
Called prefire()
Called fire()
Checking for deadlock:
There are 3 Blocked actors, 0 Stopped actors, and 4 active threads.
Waiting for actors to stop.
-- Read input: 4.0, which is expected to match: 4.0
Called prefire()
Called fire()
Past the end of training data. Read and discard all inputs.
Checking for deadlock:
There are 3 Blocked actors, 0 Stopped actors, and 4 active threads.
Waiting for actors to stop.
Sent output token with value 4.0
Next port to read input from is inputA
Called postfire()
Called prefire()
Called fire()
Read input token from inputA with value 5.0
Sent output token with value 4.5
Next port to read input from is inputB
Called postfire()
Called prefire()
Called fire()
Read input token from inputB with value 6.0
Called postfire()
Called prefire()
Checking for deadlock:
There are 1 Blocked actors, 0 Stopped actors, and 4 active threads.
Waiting for actors to stop.
Called prefire()
Called fire()
Past the end of training data. Read and discard all inputs.
Called postfire()
Called prefire()
Called fire()
Checking for deadlock:
There are 2 Blocked actors, 0 Stopped actors, and 4 active threads.
Waiting for actors to stop.
Called prefire()
Called fire()
Past the end of training data. Read and discard all inputs.
Checking for deadlock:
There are 2 Blocked actors, 0 Stopped actors, and 4 active threads.
Waiting for actors to stop.
Sent output token with value 5.0
Next port to read input from is inputA
Called postfire()
Called prefire()
Called fire()
Called postfire()
Called prefire()
Called fire()
Checking for deadlock:
There are 2 Blocked actors, 0 Stopped actors, and 4 active threads.
Waiting for actors to stop.
Read input token from inputA with value 6.0
Called prefire()
Called fire()
Past the end of training data. Read and discard all inputs.
Checking for deadlock:
There are 2 Blocked actors, 0 Stopped actors, and 4 active threads.
Waiting for actors to stop.
Sent output token with value 6.0
Next port to read input from is inputB
Called postfire()
Called prefire()
Called fire()
Read input token from inputB with value 7.5
Called prefire()
Called fire()
Past the end of training data. Read and discard all inputs.
Checking for deadlock:
There are 2 Blocked actors, 0 Stopped actors, and 4 active threads.
Waiting for actors to stop.
Sent output token with value 6.0
Next port to read input from is inputA
Called postfire()
Called prefire()
Called fire()
Checking for deadlock:
There are 1 Blocked actors, 0 Stopped actors, and 4 active threads.
Waiting for actors to stop.
Called postfire()
Called prefire()
Called fire()
Checking for deadlock:
There are 2 Blocked actors, 0 Stopped actors, and 4 active threads.
Waiting for actors to stop.
Read input token from inputA with value 7.0
Checking for deadlock:
There are 1 Blocked actors, 0 Stopped actors, and 4 active threads.
Waiting for actors to stop.
Called prefire()
Called fire()
Past the end of training data. Read and discard all inputs.
Checking for deadlock:
There are 2 Blocked actors, 0 Stopped actors, and 4 active threads.
Waiting for actors to stop.
Sent output token with value 7.0
Next port to read input from is inputA
Called postfire()
Called prefire()
Called fire()
Checking for deadlock:
There are 1 Blocked actors, 0 Stopped actors, and 4 active threads.
Waiting for actors to stop.
-- Thread wrapup() called.
Called wrapup()
Thread .top.Ramp is exiting.
-- Thread stopped.
Checking for deadlock:
There are 1 Blocked actors, 0 Stopped actors, and 3 active threads.
Waiting for actors to stop.
Read input token from inputA with value 8.0
Called prefire()
Called fire()
Past the end of training data. Read and discard all inputs.
Checking for deadlock:
There are 1 Blocked actors, 0 Stopped actors, and 3 active threads.
Waiting for actors to stop.
Sent output token with value 7.5
Next port to read input from is inputB
Called postfire()
Called prefire()
Called fire()
Checking for deadlock:
There are 2 Blocked actors, 0 Stopped actors, and 3 active threads.
Waiting for actors to stop.
Called fire()
Called postfire()
Called prefire()
Called fire()
Checking for deadlock:
There are 2 Blocked actors, 0 Stopped actors, and 3 active threads.
Waiting for actors to stop.
Read input token from inputB with value 9.0
Sent output token with value 8.0
Next port to read input from is inputA
Called postfire()
Called prefire()
Called fire()
Read input token from inputA with value 9.0
Checking for deadlock:
Called prefire()
There are 0 Blocked actors, 0 Stopped actors, and 3 active threads.
Waiting for actors to stop.
Called fire()
Past the end of training data. Read and discard all inputs.
Checking for deadlock:
Called postfire()
There are 1 Blocked actors, 0 Stopped actors, and 3 active threads.
Waiting for actors to stop.
Called prefire()
Called fire()
Checking for deadlock:
There are 2 Blocked actors, 0 Stopped actors, and 3 active threads.
Waiting for actors to stop.
Sent output token with value 9.0
Next port to read input from is inputB
Called postfire()
Called prefire()
Called fire()
Read input token from inputB with value 10.5
Called postfire()
Called prefire()
Called fire()
Checking for deadlock:
Called prefire()
Called fire()
There are 1 Blocked actors, 0 Stopped actors, and 3 active threads.
Past the end of training data. Read and discard all inputs.
Waiting for actors to stop.
Checking for deadlock:
There are 2 Blocked actors, 0 Stopped actors, and 3 active threads.
Waiting for actors to stop.
Checking for deadlock:
Called prefire()
There are 1 Blocked actors, 0 Stopped actors, and 3 active threads.
Waiting for actors to stop.
Called fire()
Past the end of training data. Read and discard all inputs.
Checking for deadlock:
There are 2 Blocked actors, 0 Stopped actors, and 3 active threads.
Sent output token with value 9.0
Waiting for actors to stop.
Next port to read input from is inputA
Called postfire()
Called prefire()
Called fire()
Checking for deadlock:
There are 3 Blocked actors, 0 Stopped actors, and 3 active threads.
Actors have stopped.
Checking for deadlock:
There are 3 Blocked actors, 0 Stopped actors, and 3 active threads.
Deadlock detected.
Resolving Deadlock
Checking for deadlock:
There are 3 Blocked actors, 0 Stopped actors, and 3 active threads.
Artificial Deadlock - increasing queue capacity.
increasing the capacity of receiver ptolemy.actor.TypedIOPort {.top.OrderedMerge.inputB} to 2
Director: Called postfire().
Called postfire().
-- Thread wrapup() called.
_stopRequested = false
_stopFireRequested = false
Called wrapup()
Returning from postfire(): true
Thread .top.Ramp2 is exiting.
-- Thread stopped.
Called fire().
Checking for deadlock:
There are 2 Blocked actors, 0 Stopped actors, and 2 active threads.
Actors have stopped.
Checking for deadlock:
There are 2 Blocked actors, 0 Stopped actors, and 2 active threads.
Deadlock detected.
Resolving Deadlock
Checking for deadlock:
There are 2 Blocked actors, 0 Stopped actors, and 2 active threads.
Deadlock detected: no processes blocked on write, but some are blocked on read.
Called postfire().
_stopRequested = false
_stopFireRequested = false
Returning from postfire(): false
Finished deactivating branches.
Called wrapup().
-- Thread wrapup() called.
Called wrapup()
Thread .top.Test is exiting.
-- Thread stopped.
-- Blocked Receiver call threw TerminateProcessException.
-- Thread wrapup() called.
Called wrapup()
Thread .top.OrderedMerge is exiting.
-- Thread stopped.
-- Blocked Receiver call threw TerminateProcessException.
30 ms. Memory: 129024K Free: 106839K (83%)
/home/travis/build/icyphy/ptII/ptolemy/actor/lib/test/Publisher.tcl
15 ms. Memory: 129024K Free: 100619K (78%)
3 ms. Memory: 129024K Free: 95003K (74%)
3 ms. Memory: 129024K Free: 91417K (71%)
5 ms. Memory: 129024K Free: 90393K (70%)
2 ms. Memory: 129024K Free: 89883K (70%)
8 ms. Memory: 129024K Free: 88859K (69%)
14 ms. Memory: 129024K Free: 88331K (68%)
3 ms. Memory: 129024K Free: 87307K (68%)
14 ms. Memory: 129024K Free: 102740K (80%)
4 ms. Memory: 129024K Free: 99140K (77%)
2 ms. Memory: 129024K Free: 98644K (76%)
3 ms. Memory: 129024K Free: 96068K (74%)
7 ms. Memory: 129024K Free: 88404K (69%)
13 ms. Memory: 129024K Free: 79188K (61%)
7 ms. Memory: 129024K Free: 67924K (53%)
/home/travis/build/icyphy/ptII/ptolemy/actor/lib/test/Pulse.tcl
4 ms. Memory: 155648K Free: 108640K (70%)
10 ms. Memory: 155648K Free: 107646K (69%)
1 ms. Memory: 155648K Free: 107136K (69%)
2 ms. Memory: 155648K Free: 106608K (68%)
3 ms. Memory: 155648K Free: 106112K (68%)
10 ms. Memory: 155648K Free: 105088K (68%)
10 ms. Memory: 155648K Free: 104064K (67%)
6 ms. Memory: 155648K Free: 103544K (67%)
3 ms. Memory: 155648K Free: 102496K (66%)
/home/travis/build/icyphy/ptII/ptolemy/actor/lib/test/Ramp.tcl
7 ms. Memory: 155648K Free: 100448K (65%)
3 ms. Memory: 155648K Free: 99968K (64%)
1 ms. Memory: 155648K Free: 99440K (64%)
2 ms. Memory: 155648K Free: 98416K (63%)
4 ms. Memory: 155648K Free: 97920K (63%)
8 ms. Memory: 155648K Free: 96896K (62%)
5 ms. Memory: 155648K Free: 95872K (62%)
5 actors
5000 microseconds per iteration to create
10 ms. Memory: 155648K Free: 93310K (60%)
2 ms. Memory: 155648K Free: 92272K (59%)
5 ms. Memory: 155648K Free: 91776K (59%)
3 ms. Memory: 155648K Free: 91256K (59%)
50 actors
29000 microseconds per iteration to create
23 ms. Memory: 155648K Free: 75902K (49%)
5 ms. Memory: 155648K Free: 74878K (48%)
13 ms. Memory: 155648K Free: 137311K (88%)
10 ms. Memory: 155648K Free: 136231K (88%)
500 actors
1668000 microseconds per iteration to create
283 ms. Memory: 155648K Free: 117717K (76%)
35 ms. Memory: 155648K Free: 112597K (72%)
46 ms. Memory: 155648K Free: 107477K (69%)
35 ms. Memory: 155648K Free: 102357K (66%)
/home/travis/build/icyphy/ptII/ptolemy/actor/lib/test/RampContinuous.tcl
9 ms. Memory: 155648K Free: 100804K (65%)
/home/travis/build/icyphy/ptII/ptolemy/actor/lib/test/RecordAssembler.tcl
6 ms. Memory: 155648K Free: 99285K (64%)
3 ms. Memory: 155648K Free: 98261K (63%)
/home/travis/build/icyphy/ptII/ptolemy/actor/lib/test/RecordDisassembler.tcl
13 ms. Memory: 155648K Free: 96213K (62%)
4 ms. Memory: 155648K Free: 95699K (61%)
4 ms. Memory: 155648K Free: 94660K (61%)
/home/travis/build/icyphy/ptII/ptolemy/actor/lib/test/Scale.tcl
3 ms. Memory: 155648K Free: 92627K (60%)
1 ms. Memory: 155648K Free: 92117K (59%)
1 ms. Memory: 155648K Free: 91093K (59%)
3 ms. Memory: 155648K Free: 90564K (58%)
7 ms. Memory: 155648K Free: 89524K (58%)
/home/travis/build/icyphy/ptII/ptolemy/actor/lib/test/SequentialClock.tcl
preinitializing
resolving types
initializing
executing number 1
wrapping up
idle
3 ms. Memory: 155648K Free: 88021K (57%)
Completed execution with 5 iterations
preinitializing
resolving types
initializing
executing number 1
wrapping up
idle
2 ms. Memory: 155648K Free: 87507K (56%)
Completed execution with 5 iterations
preinitializing
resolving types
initializing
executing number 1
wrapping up
idle
1 ms. Memory: 155648K Free: 86997K (56%)
Completed execution with 5 iterations
/home/travis/build/icyphy/ptII/ptolemy/actor/lib/test/SetVariable.tcl
5 ms. Memory: 155648K Free: 85428K (55%)
/home/travis/build/icyphy/ptII/ptolemy/actor/lib/test/Sinewave.tcl
/home/travis/build/icyphy/ptII/ptolemy/actor/lib/test/SubscriptionAggregator.tcl
5 ms. Memory: 155648K Free: 74180K (48%)
4 ms. Memory: 155648K Free: 73171K (47%)
1 ms. Memory: 155648K Free: 72661K (47%)
1 ms. Memory: 155648K Free: 72661K (47%)
1 ms. Memory: 155648K Free: 69044K (44%)
9 ms. Memory: 155648K Free: 66517K (43%)
...............................................................931 ms. Memory: 264192K Free: 129022K (49%)
/home/travis/build/icyphy/ptII/ptolemy/actor/lib/test/Test.tcl
 The next command will produce a warning about training mode,
   which may be ignored.
4 ms. Memory: 264192K Free: 126974K (48%)
3 ms. Memory: 264192K Free: 126464K (48%)
1 ms. Memory: 264192K Free: 125440K (47%)
1 ms. Memory: 264192K Free: 124926K (47%)
1 ms. Memory: 264192K Free: 124416K (47%)
2 ms. Memory: 264192K Free: 123392K (47%)
3 ms. Memory: 264192K Free: 121823K (46%)
 The next command will produce a warning about training mode,
   which may be ignored.
4 ms. Memory: 264192K Free: 119791K (45%)
 The next command will produce a warning about training mode,
   which may be ignored.
2 ms. Memory: 264192K Free: 118272K (45%)
1 ms. Memory: 264192K Free: 117751K (45%)
2 ms. Memory: 264192K Free: 117248K (44%)
2 ms. Memory: 264192K Free: 116727K (44%)
5 ms. Memory: 264192K Free: 115710K (44%)
3 ms. Memory: 264192K Free: 112128K (42%)
/home/travis/build/icyphy/ptII/ptolemy/actor/lib/test/TestExceptionHandler.tcl
 The next command will produce a warning about training mode,
   which may be ignored.
3 ms. Memory: 264192K Free: 111104K (42%)
1 ms. Memory: 264192K Free: 110590K (42%)
1 ms. Memory: 264192K Free: 109551K (41%)
/home/travis/build/icyphy/ptII/ptolemy/actor/lib/test/UnionDisassembler.tcl
13 ms. Memory: 264192K Free: 102398K (39%)
/home/travis/build/icyphy/ptII/ptolemy/actor/lib/test/VariableClock.tcl
preinitializing
resolving types
initializing
executing number 1
wrapping up
idle
4 ms. Memory: 264192K Free: 100864K (38%)
Completed execution with 11 iterations
preinitializing
resolving types
initializing
executing number 1
wrapping up
idle
3 ms. Memory: 264192K Free: 99311K (38%)
Completed execution with 10 iterations
04/18/20 02:04:09
Failed: 0  Total Tests: 233  ((Passed: 233, Newly Passed: 0)  Known Failed: 0) /home/travis/build/icyphy/ptII/ptolemy/actor/lib/test
----------------- testing (KnownFailure) /home/travis/build/icyphy/ptII/ptolemy/actor/lib/test/auto/knownFailedTests/PublisherPortToplevelSubscriber.xml
0 ms. Memory: 264192K Free: 95744K (36%)
Known Failure: java.lang.reflect.InvocationTargetException
----------------- testing (KnownFailure) /home/travis/build/icyphy/ptII/ptolemy/actor/lib/test/auto/knownFailedTests/PublisherSubscriberPortToplevel.xml
1 ms. Memory: 264192K Free: 213002K (81%)
Known Failure: java.lang.reflect.InvocationTargetException
----------------- testing (KnownFailure) /home/travis/build/icyphy/ptII/ptolemy/actor/lib/test/auto/knownFailedTests/PublisherSubscriptionAggregatorPort.xml
0 ms. Memory: 264192K Free: 208906K (79%)
Known Failure: java.lang.reflect.InvocationTargetException
----------------- testing (KnownFailure) /home/travis/build/icyphy/ptII/ptolemy/actor/lib/test/auto/knownFailedTests/sizedarray3.xml
8 ms. Memory: 264192K Free: 204810K (78%)
Known Failure: java.lang.reflect.InvocationTargetException
No auto/linux-amd64/*.xml tests in /home/travis/build/icyphy/ptII/ptolemy/actor/lib/test
AutoTests.java: About to close Vertx.
AutoTests.java: Vertx closed.

===========================================================================================
----------------- testing Sat Apr 18 14:04:10 UTC 2020 /home/travis/build/icyphy/ptII/ptolemy/actor/lib/test/auto/AbsoluteValue.xml
----------------- Instantiating /home/travis/build/icyphy/ptII/ptolemy/actor/lib/test/auto/AbsoluteValue.xml
9 ms. Memory: 264192K Free: 182282K (69%)
----------------- Invoking toplevel() on ptolemy.moml.MoMLSimpleApplication@3e119119
----------------- Done invoking toplevel() on ptolemy.moml.MoMLSimpleApplication@3e119119
reloadAllAccessors: .AbsoluteValue

===========================================================================================
----------------- testing Sat Apr 18 14:04:10 UTC 2020 /home/travis/build/icyphy/ptII/ptolemy/actor/lib/test/auto/AbsoluteValue2.xml
----------------- Instantiating /home/travis/build/icyphy/ptII/ptolemy/actor/lib/test/auto/AbsoluteValue2.xml
5 ms. Memory: 264192K Free: 175624K (66%)
----------------- Invoking toplevel() on ptolemy.moml.MoMLSimpleApplication@723a8d69
----------------- Done invoking toplevel() on ptolemy.moml.MoMLSimpleApplication@723a8d69
reloadAllAccessors: .AbsoluteValue2

===========================================================================================
----------------- testing Sat Apr 18 14:04:10 UTC 2020 /home/travis/build/icyphy/ptII/ptolemy/actor/lib/test/auto/Accumulator.xml
----------------- Instantiating /home/travis/build/icyphy/ptII/ptolemy/actor/lib/test/auto/Accumulator.xml
10 ms. Memory: 264192K Free: 168970K (64%)
----------------- Invoking toplevel() on ptolemy.moml.MoMLSimpleApplication@7ec16961
----------------- Done invoking toplevel() on ptolemy.moml.MoMLSimpleApplication@7ec16961
reloadAllAccessors: .Accumulator

===========================================================================================
----------------- testing Sat Apr 18 14:04:10 UTC 2020 /home/travis/build/icyphy/ptII/ptolemy/actor/lib/test/auto/Accumulator2.xml
----------------- Instantiating /home/travis/build/icyphy/ptII/ptolemy/actor/lib/test/auto/Accumulator2.xml
4 ms. Memory: 264192K Free: 163850K (62%)
----------------- Invoking toplevel() on ptolemy.moml.MoMLSimpleApplication@7628c665
----------------- Done invoking toplevel() on ptolemy.moml.MoMLSimpleApplication@7628c665
reloadAllAccessors: .Accumulator2

===========================================================================================
----------------- testing Sat Apr 18 14:04:10 UTC 2020 /home/travis/build/icyphy/ptII/ptolemy/actor/lib/test/auto/Accumulator3.xml
----------------- Instantiating /home/travis/build/icyphy/ptII/ptolemy/actor/lib/test/auto/Accumulator3.xml
3 ms. Memory: 264192K Free: 159240K (60%)
----------------- Invoking toplevel() on ptolemy.moml.MoMLSimpleApplication@cf274fc
----------------- Done invoking toplevel() on ptolemy.moml.MoMLSimpleApplication@cf274fc
reloadAllAccessors: .Accumulator3

===========================================================================================
----------------- testing Sat Apr 18 14:04:10 UTC 2020 /home/travis/build/icyphy/ptII/ptolemy/actor/lib/test/auto/ArrayAppend.xml
----------------- Instantiating /home/travis/build/icyphy/ptII/ptolemy/actor/lib/test/auto/ArrayAppend.xml
6 ms. Memory: 264192K Free: 153082K (58%)
----------------- Invoking toplevel() on ptolemy.moml.MoMLSimpleApplication@709a028b
----------------- Done invoking toplevel() on ptolemy.moml.MoMLSimpleApplication@709a028b
reloadAllAccessors: .ArrayAppend

===========================================================================================
----------------- testing Sat Apr 18 14:04:10 UTC 2020 /home/travis/build/icyphy/ptII/ptolemy/actor/lib/test/auto/ArrayAppend2.xml
----------------- Instantiating /home/travis/build/icyphy/ptII/ptolemy/actor/lib/test/auto/ArrayAppend2.xml
439 ms. Memory: 264192K Free: 208696K (79%)
----------------- Invoking toplevel() on ptolemy.moml.MoMLSimpleApplication@69a9701a
----------------- Done invoking toplevel() on ptolemy.moml.MoMLSimpleApplication@69a9701a
reloadAllAccessors: .ArrayAppend2

===========================================================================================
----------------- testing Sat Apr 18 14:04:11 UTC 2020 /home/travis/build/icyphy/ptII/ptolemy/actor/lib/test/auto/ArrayAppend3.xml
----------------- Instantiating /home/travis/build/icyphy/ptII/ptolemy/actor/lib/test/auto/ArrayAppend3.xml
3 ms. Memory: 264192K Free: 202552K (77%)
----------------- Invoking toplevel() on ptolemy.moml.MoMLSimpleApplication@768ca8fa
----------------- Done invoking toplevel() on ptolemy.moml.MoMLSimpleApplication@768ca8fa
reloadAllAccessors: .ArrayAppend3

===========================================================================================
----------------- testing Sat Apr 18 14:04:11 UTC 2020 /home/travis/build/icyphy/ptII/ptolemy/actor/lib/test/auto/ArrayAppend4.xml
----------------- Instantiating /home/travis/build/icyphy/ptII/ptolemy/actor/lib/test/auto/ArrayAppend4.xml
3 ms. Memory: 264192K Free: 197432K (75%)
----------------- Invoking toplevel() on ptolemy.moml.MoMLSimpleApplication@61b8e7b5
----------------- Done invoking toplevel() on ptolemy.moml.MoMLSimpleApplication@61b8e7b5
reloadAllAccessors: .ArrayAppend4

===========================================================================================
----------------- testing Sat Apr 18 14:04:11 UTC 2020 /home/travis/build/icyphy/ptII/ptolemy/actor/lib/test/auto/ArrayAppend5.xml
----------------- Instantiating /home/travis/build/icyphy/ptII/ptolemy/actor/lib/test/auto/ArrayAppend5.xml
3 ms. Memory: 264192K Free: 192312K (73%)
----------------- Invoking toplevel() on ptolemy.moml.MoMLSimpleApplication@5b20db68
----------------- Done invoking toplevel() on ptolemy.moml.MoMLSimpleApplication@5b20db68
reloadAllAccessors: .ArrayAppend5

===========================================================================================
----------------- testing Sat Apr 18 14:04:11 UTC 2020 /home/travis/build/icyphy/ptII/ptolemy/actor/lib/test/auto/ArrayAppend6.xml
----------------- Instantiating /home/travis/build/icyphy/ptII/ptolemy/actor/lib/test/auto/ArrayAppend6.xml
3 ms. Memory: 264192K Free: 186682K (71%)
----------------- Invoking toplevel() on ptolemy.moml.MoMLSimpleApplication@43474c6f
----------------- Done invoking toplevel() on ptolemy.moml.MoMLSimpleApplication@43474c6f
reloadAllAccessors: .ArrayAppend6

===========================================================================================
----------------- testing Sat Apr 18 14:04:11 UTC 2020 /home/travis/build/icyphy/ptII/ptolemy/actor/lib/test/auto/ArrayAppendPerformanceTest.xml
----------------- Instantiating /home/travis/build/icyphy/ptII/ptolemy/actor/lib/test/auto/ArrayAppendPerformanceTest.xml
41 ms. Memory: 264192K Free: 175418K (66%)
----------------- Invoking toplevel() on ptolemy.moml.MoMLSimpleApplication@428f162d
----------------- Done invoking toplevel() on ptolemy.moml.MoMLSimpleApplication@428f162d
reloadAllAccessors: .ArrayAppendPerformanceTest

===========================================================================================
----------------- testing Sat Apr 18 14:04:11 UTC 2020 /home/travis/build/icyphy/ptII/ptolemy/actor/lib/test/auto/ArrayAppendWithEmptyInput.xml
----------------- Instantiating /home/travis/build/icyphy/ptII/ptolemy/actor/lib/test/auto/ArrayAppendWithEmptyInput.xml
15 ms. Memory: 264192K Free: 167226K (63%)
----------------- Invoking toplevel() on ptolemy.moml.MoMLSimpleApplication@2b9fb871
----------------- Done invoking toplevel() on ptolemy.moml.MoMLSimpleApplication@2b9fb871
reloadAllAccessors: .ArrayAppendWithEmptyInput

===========================================================================================
----------------- testing Sat Apr 18 14:04:11 UTC 2020 /home/travis/build/icyphy/ptII/ptolemy/actor/lib/test/auto/ArrayAverage.xml
----------------- Instantiating /home/travis/build/icyphy/ptII/ptolemy/actor/lib/test/auto/ArrayAverage.xml
7 ms. Memory: 264192K Free: 159544K (60%)
----------------- Invoking toplevel() on ptolemy.moml.MoMLSimpleApplication@3199f1f6
----------------- Done invoking toplevel() on ptolemy.moml.MoMLSimpleApplication@3199f1f6
reloadAllAccessors: .ArrayAverage

===========================================================================================
----------------- testing Sat Apr 18 14:04:11 UTC 2020 /home/travis/build/icyphy/ptII/ptolemy/actor/lib/test/auto/ArrayContains.xml
----------------- Instantiating /home/travis/build/icyphy/ptII/ptolemy/actor/lib/test/auto/ArrayContains.xml
8 ms. Memory: 264192K Free: 153400K (58%)
----------------- Invoking toplevel() on ptolemy.moml.MoMLSimpleApplication@b785762
----------------- Done invoking toplevel() on ptolemy.moml.MoMLSimpleApplication@b785762
reloadAllAccessors: .ArrayContains

===========================================================================================
----------------- testing Sat Apr 18 14:04:11 UTC 2020 /home/travis/build/icyphy/ptII/ptolemy/actor/lib/test/auto/ArrayElement.xml
----------------- Instantiating /home/travis/build/icyphy/ptII/ptolemy/actor/lib/test/auto/ArrayElement.xml
8 ms. Memory: 264192K Free: 147770K (56%)
----------------- Invoking toplevel() on ptolemy.moml.MoMLSimpleApplication@34331569
----------------- Done invoking toplevel() on ptolemy.moml.MoMLSimpleApplication@34331569
reloadAllAccessors: .ArrayElement

===========================================================================================
----------------- testing Sat Apr 18 14:04:11 UTC 2020 /home/travis/build/icyphy/ptII/ptolemy/actor/lib/test/auto/ArrayElementAsMatrix.xml
----------------- Instantiating /home/travis/build/icyphy/ptII/ptolemy/actor/lib/test/auto/ArrayElementAsMatrix.xml
21 ms. Memory: 264192K Free: 138040K (52%)
----------------- Invoking toplevel() on ptolemy.moml.MoMLSimpleApplication@28bd3e3d
----------------- Done invoking toplevel() on ptolemy.moml.MoMLSimpleApplication@28bd3e3d
reloadAllAccessors: .ArrayElementAsMatrix

===========================================================================================
----------------- testing Sat Apr 18 14:04:11 UTC 2020 /home/travis/build/icyphy/ptII/ptolemy/actor/lib/test/auto/ArrayElementI.xml
----------------- Instantiating /home/travis/build/icyphy/ptII/ptolemy/actor/lib/test/auto/ArrayElementI.xml
3 ms. Memory: 264192K Free: 132920K (50%)
----------------- Invoking toplevel() on ptolemy.moml.MoMLSimpleApplication@6b09c97
----------------- Done invoking toplevel() on ptolemy.moml.MoMLSimpleApplication@6b09c97
reloadAllAccessors: .ArrayElementI

===========================================================================================
----------------- testing Sat Apr 18 14:04:11 UTC 2020 /home/travis/build/icyphy/ptII/ptolemy/actor/lib/test/auto/ArrayExtract.xml
----------------- Instantiating /home/travis/build/icyphy/ptII/ptolemy/actor/lib/test/auto/ArrayExtract.xml
5 ms. Memory: 264192K Free: 124218K (47%)
----------------- Invoking toplevel() on ptolemy.moml.MoMLSimpleApplication@7f931567
----------------- Done invoking toplevel() on ptolemy.moml.MoMLSimpleApplication@7f931567
reloadAllAccessors: .ArrayExtract

===========================================================================================
----------------- testing Sat Apr 18 14:04:11 UTC 2020 /home/travis/build/icyphy/ptII/ptolemy/actor/lib/test/auto/ArrayExtract2.xml
----------------- Instantiating /home/travis/build/icyphy/ptII/ptolemy/actor/lib/test/auto/ArrayExtract2.xml
2 ms. Memory: 264192K Free: 118554K (45%)
----------------- Invoking toplevel() on ptolemy.moml.MoMLSimpleApplication@4fc63381
----------------- Done invoking toplevel() on ptolemy.moml.MoMLSimpleApplication@4fc63381
reloadAllAccessors: .ArrayExtract2

===========================================================================================
----------------- testing Sat Apr 18 14:04:11 UTC 2020 /home/travis/build/icyphy/ptII/ptolemy/actor/lib/test/auto/ArrayLength.xml
----------------- Instantiating /home/travis/build/icyphy/ptII/ptolemy/actor/lib/test/auto/ArrayLength.xml
1 ms. Memory: 264192K Free: 115002K (44%)
----------------- Invoking toplevel() on ptolemy.moml.MoMLSimpleApplication@4691930b
----------------- Done invoking toplevel() on ptolemy.moml.MoMLSimpleApplication@4691930b
reloadAllAccessors: .ArrayLength

===========================================================================================
----------------- testing Sat Apr 18 14:04:11 UTC 2020 /home/travis/build/icyphy/ptII/ptolemy/actor/lib/test/auto/ArrayLevelCrossing.xml
----------------- Instantiating /home/travis/build/icyphy/ptII/ptolemy/actor/lib/test/auto/ArrayLevelCrossing.xml
4 ms. Memory: 264192K Free: 106810K (40%)
----------------- Invoking toplevel() on ptolemy.moml.MoMLSimpleApplication@1b921f87
----------------- Done invoking toplevel() on ptolemy.moml.MoMLSimpleApplication@1b921f87
reloadAllAccessors: .ArrayLevelCrossing

===========================================================================================
----------------- testing Sat Apr 18 14:04:11 UTC 2020 /home/travis/build/icyphy/ptII/ptolemy/actor/lib/test/auto/ArrayLevelCrossing2.xml
----------------- Instantiating /home/travis/build/icyphy/ptII/ptolemy/actor/lib/test/auto/ArrayLevelCrossing2.xml
3 ms. Memory: 264192K Free: 100122K (38%)
----------------- Invoking toplevel() on ptolemy.moml.MoMLSimpleApplication@4e2448df
----------------- Done invoking toplevel() on ptolemy.moml.MoMLSimpleApplication@4e2448df
reloadAllAccessors: .ArrayLevelCrossing2

===========================================================================================
----------------- testing Sat Apr 18 14:04:12 UTC 2020 /home/travis/build/icyphy/ptII/ptolemy/actor/lib/test/auto/ArrayPeakSearch.xml
----------------- Instantiating /home/travis/build/icyphy/ptII/ptolemy/actor/lib/test/auto/ArrayPeakSearch.xml
7 ms. Memory: 264192K Free: 90936K (34%)
----------------- Invoking toplevel() on ptolemy.moml.MoMLSimpleApplication@f34f95e
----------------- Done invoking toplevel() on ptolemy.moml.MoMLSimpleApplication@f34f95e
reloadAllAccessors: .ArrayPeakSearch

===========================================================================================
----------------- testing Sat Apr 18 14:04:12 UTC 2020 /home/travis/build/icyphy/ptII/ptolemy/actor/lib/test/auto/ArrayPeakSearch2.xml
----------------- Instantiating /home/travis/build/icyphy/ptII/ptolemy/actor/lib/test/auto/ArrayPeakSearch2.xml
4 ms. Memory: 264192K Free: 80682K (31%)
----------------- Invoking toplevel() on ptolemy.moml.MoMLSimpleApplication@44a67c55
----------------- Done invoking toplevel() on ptolemy.moml.MoMLSimpleApplication@44a67c55
reloadAllAccessors: .ArrayPeakSearch2

===========================================================================================
----------------- testing Sat Apr 18 14:04:12 UTC 2020 /home/travis/build/icyphy/ptII/ptolemy/actor/lib/test/auto/ArrayPeakSearch3.xml
----------------- Instantiating /home/travis/build/icyphy/ptII/ptolemy/actor/lib/test/auto/ArrayPeakSearch3.xml
4 ms. Memory: 264192K Free: 71480K (27%)
----------------- Invoking toplevel() on ptolemy.moml.MoMLSimpleApplication@d3ba640
----------------- Done invoking toplevel() on ptolemy.moml.MoMLSimpleApplication@d3ba640
reloadAllAccessors: .ArrayPeakSearch3

===========================================================================================
----------------- testing Sat Apr 18 14:04:12 UTC 2020 /home/travis/build/icyphy/ptII/ptolemy/actor/lib/test/auto/ArrayRemoveElement.xml
----------------- Instantiating /home/travis/build/icyphy/ptII/ptolemy/actor/lib/test/auto/ArrayRemoveElement.xml
3 ms. Memory: 264192K Free: 63802K (24%)
----------------- Invoking toplevel() on ptolemy.moml.MoMLSimpleApplication@701d0123
----------------- Done invoking toplevel() on ptolemy.moml.MoMLSimpleApplication@701d0123
reloadAllAccessors: .ArrayRemoveElement

===========================================================================================
----------------- testing Sat Apr 18 14:04:12 UTC 2020 /home/travis/build/icyphy/ptII/ptolemy/actor/lib/test/auto/ArraySort.xml
----------------- Instantiating /home/travis/build/icyphy/ptII/ptolemy/actor/lib/test/auto/ArraySort.xml
5 ms. Memory: 264192K Free: 209264K (79%)
----------------- Invoking toplevel() on ptolemy.moml.MoMLSimpleApplication@57bc5fcb
----------------- Done invoking toplevel() on ptolemy.moml.MoMLSimpleApplication@57bc5fcb
reloadAllAccessors: .ArraySort

===========================================================================================
----------------- testing Sat Apr 18 14:04:12 UTC 2020 /home/travis/build/icyphy/ptII/ptolemy/actor/lib/test/auto/ArraySum.xml
----------------- Instantiating /home/travis/build/icyphy/ptII/ptolemy/actor/lib/test/auto/ArraySum.xml
7 ms. Memory: 264192K Free: 203630K (77%)
----------------- Invoking toplevel() on ptolemy.moml.MoMLSimpleApplication@303844c4
----------------- Done invoking toplevel() on ptolemy.moml.MoMLSimpleApplication@303844c4
reloadAllAccessors: .ArraySum

===========================================================================================
----------------- testing Sat Apr 18 14:04:12 UTC 2020 /home/travis/build/icyphy/ptII/ptolemy/actor/lib/test/auto/ArrayToElements.xml
----------------- Instantiating /home/travis/build/icyphy/ptII/ptolemy/actor/lib/test/auto/ArrayToElements.xml
3 ms. Memory: 264192K Free: 198510K (75%)
----------------- Invoking toplevel() on ptolemy.moml.MoMLSimpleApplication@7630f8bd
----------------- Done invoking toplevel() on ptolemy.moml.MoMLSimpleApplication@7630f8bd
reloadAllAccessors: .ArrayToElements

===========================================================================================
----------------- testing Sat Apr 18 14:04:12 UTC 2020 /home/travis/build/icyphy/ptII/ptolemy/actor/lib/test/auto/ArrayToMatrix.xml
----------------- Instantiating /home/travis/build/icyphy/ptII/ptolemy/actor/lib/test/auto/ArrayToMatrix.xml
7 ms. Memory: 264192K Free: 184688K (70%)
----------------- Invoking toplevel() on ptolemy.moml.MoMLSimpleApplication@53926358
----------------- Done invoking toplevel() on ptolemy.moml.MoMLSimpleApplication@53926358
reloadAllAccessors: .ArrayToMatrix

===========================================================================================
----------------- testing Sat Apr 18 14:04:12 UTC 2020 /home/travis/build/icyphy/ptII/ptolemy/actor/lib/test/auto/ArrayUpdate1.xml
----------------- Instantiating /home/travis/build/icyphy/ptII/ptolemy/actor/lib/test/auto/ArrayUpdate1.xml
4 ms. Memory: 264192K Free: 180078K (68%)
----------------- Invoking toplevel() on ptolemy.moml.MoMLSimpleApplication@136cd320
----------------- Done invoking toplevel() on ptolemy.moml.MoMLSimpleApplication@136cd320
reloadAllAccessors: .ArrayUpdate1

===========================================================================================
----------------- testing Sat Apr 18 14:04:12 UTC 2020 /home/travis/build/icyphy/ptII/ptolemy/actor/lib/test/auto/ArrayUpdate2.xml
----------------- Instantiating /home/travis/build/icyphy/ptII/ptolemy/actor/lib/test/auto/ArrayUpdate2.xml
4 ms. Memory: 264192K Free: 173920K (66%)
----------------- Invoking toplevel() on ptolemy.moml.MoMLSimpleApplication@4d8b516e
----------------- Done invoking toplevel() on ptolemy.moml.MoMLSimpleApplication@4d8b516e
reloadAllAccessors: .ArrayUpdate2

===========================================================================================
----------------- testing Sat Apr 18 14:04:12 UTC 2020 /home/travis/build/icyphy/ptII/ptolemy/actor/lib/test/auto/ArrayUpdate3.xml
----------------- Instantiating /home/travis/build/icyphy/ptII/ptolemy/actor/lib/test/auto/ArrayUpdate3.xml
5 ms. Memory: 264192K Free: 169328K (64%)
----------------- Invoking toplevel() on ptolemy.moml.MoMLSimpleApplication@3ea337cc
----------------- Done invoking toplevel() on ptolemy.moml.MoMLSimpleApplication@3ea337cc
reloadAllAccessors: .ArrayUpdate3

===========================================================================================
----------------- testing Sat Apr 18 14:04:12 UTC 2020 /home/travis/build/icyphy/ptII/ptolemy/actor/lib/test/auto/Assert1.xml
----------------- Instantiating /home/travis/build/icyphy/ptII/ptolemy/actor/lib/test/auto/Assert1.xml
3 ms. Memory: 264192K Free: 164718K (62%)
----------------- Invoking toplevel() on ptolemy.moml.MoMLSimpleApplication@58c4fe4a
----------------- Done invoking toplevel() on ptolemy.moml.MoMLSimpleApplication@58c4fe4a
reloadAllAccessors: .Assert1

===========================================================================================
----------------- testing Sat Apr 18 14:04:12 UTC 2020 /home/travis/build/icyphy/ptII/ptolemy/actor/lib/test/auto/Assert2.xml
----------------- Instantiating /home/travis/build/icyphy/ptII/ptolemy/actor/lib/test/auto/Assert2.xml
4 ms. Memory: 264192K Free: 159598K (60%)
----------------- Invoking toplevel() on ptolemy.moml.MoMLSimpleApplication@3d285058
----------------- Done invoking toplevel() on ptolemy.moml.MoMLSimpleApplication@3d285058
reloadAllAccessors: .Assert2

===========================================================================================
----------------- testing Sat Apr 18 14:04:12 UTC 2020 /home/travis/build/icyphy/ptII/ptolemy/actor/lib/test/auto/BooleanMultiplexor.xml
----------------- Instantiating /home/travis/build/icyphy/ptII/ptolemy/actor/lib/test/auto/BooleanMultiplexor.xml
2 ms. Memory: 264192K Free: 153968K (58%)
----------------- Invoking toplevel() on ptolemy.moml.MoMLSimpleApplication@7d0ff9a3
----------------- Done invoking toplevel() on ptolemy.moml.MoMLSimpleApplication@7d0ff9a3
reloadAllAccessors: .BooleanMultiplexor

===========================================================================================
----------------- testing Sat Apr 18 14:04:12 UTC 2020 /home/travis/build/icyphy/ptII/ptolemy/actor/lib/test/auto/BooleanMultiplexor2.xml
----------------- Instantiating /home/travis/build/icyphy/ptII/ptolemy/actor/lib/test/auto/BooleanMultiplexor2.xml
12 ms. Memory: 264192K Free: 147824K (56%)
----------------- Invoking toplevel() on ptolemy.moml.MoMLSimpleApplication@460856c9
----------------- Done invoking toplevel() on ptolemy.moml.MoMLSimpleApplication@460856c9
reloadAllAccessors: .BooleanMultiplexor2

===========================================================================================
----------------- testing Sat Apr 18 14:04:12 UTC 2020 /home/travis/build/icyphy/ptII/ptolemy/actor/lib/test/auto/BooleanMultiplexor3.xml
----------------- Instantiating /home/travis/build/icyphy/ptII/ptolemy/actor/lib/test/auto/BooleanMultiplexor3.xml
4 ms. Memory: 264192K Free: 143728K (54%)
----------------- Invoking toplevel() on ptolemy.moml.MoMLSimpleApplication@24575894
----------------- Done invoking toplevel() on ptolemy.moml.MoMLSimpleApplication@24575894
reloadAllAccessors: .BooleanMultiplexor3

===========================================================================================
----------------- testing Sat Apr 18 14:04:12 UTC 2020 /home/travis/build/icyphy/ptII/ptolemy/actor/lib/test/auto/BooleanSelect.xml
----------------- Instantiating /home/travis/build/icyphy/ptII/ptolemy/actor/lib/test/auto/BooleanSelect.xml
7 ms. Memory: 264192K Free: 138064K (52%)
----------------- Invoking toplevel() on ptolemy.moml.MoMLSimpleApplication@79165ed7
----------------- Done invoking toplevel() on ptolemy.moml.MoMLSimpleApplication@79165ed7
reloadAllAccessors: .BooleanSelect

===========================================================================================
----------------- testing Sat Apr 18 14:04:12 UTC 2020 /home/travis/build/icyphy/ptII/ptolemy/actor/lib/test/auto/BooleanSelect2.xml
----------------- Instantiating /home/travis/build/icyphy/ptII/ptolemy/actor/lib/test/auto/BooleanSelect2.xml
4 ms. Memory: 264192K Free: 133488K (51%)
----------------- Invoking toplevel() on ptolemy.moml.MoMLSimpleApplication@69e749ec
----------------- Done invoking toplevel() on ptolemy.moml.MoMLSimpleApplication@69e749ec
reloadAllAccessors: .BooleanSelect2

===========================================================================================
----------------- testing Sat Apr 18 14:04:12 UTC 2020 /home/travis/build/icyphy/ptII/ptolemy/actor/lib/test/auto/BooleanSwitch.xml
----------------- Instantiating /home/travis/build/icyphy/ptII/ptolemy/actor/lib/test/auto/BooleanSwitch.xml
5 ms. Memory: 264192K Free: 127344K (48%)
----------------- Invoking toplevel() on ptolemy.moml.MoMLSimpleApplication@1db23f5d
----------------- Done invoking toplevel() on ptolemy.moml.MoMLSimpleApplication@1db23f5d
reloadAllAccessors: .BooleanSwitch

===========================================================================================
----------------- testing Sat Apr 18 14:04:12 UTC 2020 /home/travis/build/icyphy/ptII/ptolemy/actor/lib/test/auto/BooleanSwitch2.xml
----------------- Instantiating /home/travis/build/icyphy/ptII/ptolemy/actor/lib/test/auto/BooleanSwitch2.xml
1 ms. Memory: 264192K Free: 122734K (46%)
----------------- Invoking toplevel() on ptolemy.moml.MoMLSimpleApplication@47de9f59
----------------- Done invoking toplevel() on ptolemy.moml.MoMLSimpleApplication@47de9f59
reloadAllAccessors: .BooleanSwitch2

===========================================================================================
----------------- testing Sat Apr 18 14:04:12 UTC 2020 /home/travis/build/icyphy/ptII/ptolemy/actor/lib/test/auto/BooleanSwitchCloningBugWithClassRelationGroup.xml
----------------- Instantiating /home/travis/build/icyphy/ptII/ptolemy/actor/lib/test/auto/BooleanSwitchCloningBugWithClassRelationGroup.xml
4 ms. Memory: 264192K Free: 116080K (44%)
----------------- Invoking toplevel() on ptolemy.moml.MoMLSimpleApplication@3528f9
----------------- Done invoking toplevel() on ptolemy.moml.MoMLSimpleApplication@3528f9
reloadAllAccessors: .BooleanSwitchCloningBugWithClassRelationGroup

===========================================================================================
----------------- testing Sat Apr 18 14:04:12 UTC 2020 /home/travis/build/icyphy/ptII/ptolemy/actor/lib/test/auto/BusActors.xml
----------------- Instantiating /home/travis/build/icyphy/ptII/ptolemy/actor/lib/test/auto/BusActors.xml
6 ms. Memory: 264192K Free: 108398K (41%)
----------------- Invoking toplevel() on ptolemy.moml.MoMLSimpleApplication@77baf336
----------------- Done invoking toplevel() on ptolemy.moml.MoMLSimpleApplication@77baf336
reloadAllAccessors: .BusActors

===========================================================================================
----------------- testing Sat Apr 18 14:04:12 UTC 2020 /home/travis/build/icyphy/ptII/ptolemy/actor/lib/test/auto/ClassWrapper.xml
----------------- Instantiating /home/travis/build/icyphy/ptII/ptolemy/actor/lib/test/auto/ClassWrapper.xml
5 ms. Memory: 264192K Free: 103792K (39%)
----------------- Invoking toplevel() on ptolemy.moml.MoMLSimpleApplication@78fdb893
----------------- Done invoking toplevel() on ptolemy.moml.MoMLSimpleApplication@78fdb893
reloadAllAccessors: .ClassWrapper

===========================================================================================
----------------- testing Sat Apr 18 14:04:12 UTC 2020 /home/travis/build/icyphy/ptII/ptolemy/actor/lib/test/auto/Clock.xml
----------------- Instantiating /home/travis/build/icyphy/ptII/ptolemy/actor/lib/test/auto/Clock.xml
4 ms. Memory: 264192K Free: 100206K (38%)
----------------- Invoking toplevel() on ptolemy.moml.MoMLSimpleApplication@7fa4695f
----------------- Done invoking toplevel() on ptolemy.moml.MoMLSimpleApplication@7fa4695f
reloadAllAccessors: .Clock

===========================================================================================
----------------- testing Sat Apr 18 14:04:12 UTC 2020 /home/travis/build/icyphy/ptII/ptolemy/actor/lib/test/auto/Clock10.xml
----------------- Instantiating /home/travis/build/icyphy/ptII/ptolemy/actor/lib/test/auto/Clock10.xml
3 ms. Memory: 264192K Free: 94062K (36%)
----------------- Invoking toplevel() on ptolemy.moml.MoMLSimpleApplication@3e5ff327
----------------- Done invoking toplevel() on ptolemy.moml.MoMLSimpleApplication@3e5ff327
reloadAllAccessors: .Clock10

===========================================================================================
----------------- testing Sat Apr 18 14:04:12 UTC 2020 /home/travis/build/icyphy/ptII/ptolemy/actor/lib/test/auto/Clock11.xml
----------------- Instantiating /home/travis/build/icyphy/ptII/ptolemy/actor/lib/test/auto/Clock11.xml
4 ms. Memory: 264192K Free: 88432K (33%)
----------------- Invoking toplevel() on ptolemy.moml.MoMLSimpleApplication@353b9290
----------------- Done invoking toplevel() on ptolemy.moml.MoMLSimpleApplication@353b9290
reloadAllAccessors: .Clock11

===========================================================================================
----------------- testing Sat Apr 18 14:04:12 UTC 2020 /home/travis/build/icyphy/ptII/ptolemy/actor/lib/test/auto/Clock12.xml
----------------- Instantiating /home/travis/build/icyphy/ptII/ptolemy/actor/lib/test/auto/Clock12.xml
4 ms. Memory: 264192K Free: 82288K (31%)
----------------- Invoking toplevel() on ptolemy.moml.MoMLSimpleApplication@7f479111
----------------- Done invoking toplevel() on ptolemy.moml.MoMLSimpleApplication@7f479111
reloadAllAccessors: .Clock12

===========================================================================================
----------------- testing Sat Apr 18 14:04:12 UTC 2020 /home/travis/build/icyphy/ptII/ptolemy/actor/lib/test/auto/Clock13.xml
----------------- Instantiating /home/travis/build/icyphy/ptII/ptolemy/actor/lib/test/auto/Clock13.xml
4 ms. Memory: 264192K Free: 76640K (29%)
----------------- Invoking toplevel() on ptolemy.moml.MoMLSimpleApplication@4b82c098
----------------- Done invoking toplevel() on ptolemy.moml.MoMLSimpleApplication@4b82c098
reloadAllAccessors: .Clock13

===========================================================================================
----------------- testing Sat Apr 18 14:04:12 UTC 2020 /home/travis/build/icyphy/ptII/ptolemy/actor/lib/test/auto/Clock14.xml
----------------- Instantiating /home/travis/build/icyphy/ptII/ptolemy/actor/lib/test/auto/Clock14.xml
3 ms. Memory: 264192K Free: 70496K (27%)
----------------- Invoking toplevel() on ptolemy.moml.MoMLSimpleApplication@1cea63ee
----------------- Done invoking toplevel() on ptolemy.moml.MoMLSimpleApplication@1cea63ee
reloadAllAccessors: .Clock14

===========================================================================================
----------------- testing Sat Apr 18 14:04:12 UTC 2020 /home/travis/build/icyphy/ptII/ptolemy/actor/lib/test/auto/Clock15.xml
----------------- Instantiating /home/travis/build/icyphy/ptII/ptolemy/actor/lib/test/auto/Clock15.xml
3 ms. Memory: 264192K Free: 64336K (24%)
----------------- Invoking toplevel() on ptolemy.moml.MoMLSimpleApplication@6d09f43e
----------------- Done invoking toplevel() on ptolemy.moml.MoMLSimpleApplication@6d09f43e
reloadAllAccessors: .Clock15

===========================================================================================
----------------- testing Sat Apr 18 14:04:12 UTC 2020 /home/travis/build/icyphy/ptII/ptolemy/actor/lib/test/auto/Clock16.xml
----------------- Instantiating /home/travis/build/icyphy/ptII/ptolemy/actor/lib/test/auto/Clock16.xml
41 ms. Memory: 264192K Free: 205238K (78%)
----------------- Invoking toplevel() on ptolemy.moml.MoMLSimpleApplication@622e135b
----------------- Done invoking toplevel() on ptolemy.moml.MoMLSimpleApplication@622e135b
reloadAllAccessors: .Clock16

===========================================================================================
----------------- testing Sat Apr 18 14:04:13 UTC 2020 /home/travis/build/icyphy/ptII/ptolemy/actor/lib/test/auto/Clock17.xml
----------------- Instantiating /home/travis/build/icyphy/ptII/ptolemy/actor/lib/test/auto/Clock17.xml
24 ms. Memory: 264192K Free: 191430K (72%)
----------------- Invoking toplevel() on ptolemy.moml.MoMLSimpleApplication@7338ad05
----------------- Done invoking toplevel() on ptolemy.moml.MoMLSimpleApplication@7338ad05
reloadAllAccessors: .Clock17

===========================================================================================
----------------- testing Sat Apr 18 14:04:13 UTC 2020 /home/travis/build/icyphy/ptII/ptolemy/actor/lib/test/auto/Clock18.xml
----------------- Instantiating /home/travis/build/icyphy/ptII/ptolemy/actor/lib/test/auto/Clock18.xml
24 ms. Memory: 264192K Free: 178118K (67%)
----------------- Invoking toplevel() on ptolemy.moml.MoMLSimpleApplication@5aeea1fb
----------------- Done invoking toplevel() on ptolemy.moml.MoMLSimpleApplication@5aeea1fb
reloadAllAccessors: .Clock18

===========================================================================================
----------------- testing Sat Apr 18 14:04:13 UTC 2020 /home/travis/build/icyphy/ptII/ptolemy/actor/lib/test/auto/Clock19.xml
----------------- Instantiating /home/travis/build/icyphy/ptII/ptolemy/actor/lib/test/auto/Clock19.xml
14 ms. Memory: 264192K Free: 165302K (63%)
----------------- Invoking toplevel() on ptolemy.moml.MoMLSimpleApplication@65acc1c6
----------------- Done invoking toplevel() on ptolemy.moml.MoMLSimpleApplication@65acc1c6
reloadAllAccessors: .Clock19

===========================================================================================
----------------- testing Sat Apr 18 14:04:13 UTC 2020 /home/travis/build/icyphy/ptII/ptolemy/actor/lib/test/auto/Clock2.xml
----------------- Instantiating /home/travis/build/icyphy/ptII/ptolemy/actor/lib/test/auto/Clock2.xml
6 ms. Memory: 264192K Free: 160710K (61%)
----------------- Invoking toplevel() on ptolemy.moml.MoMLSimpleApplication@796b2636
----------------- Done invoking toplevel() on ptolemy.moml.MoMLSimpleApplication@796b2636
reloadAllAccessors: .Clock2

===========================================================================================
----------------- testing Sat Apr 18 14:04:13 UTC 2020 /home/travis/build/icyphy/ptII/ptolemy/actor/lib/test/auto/Clock20.xml
----------------- Instantiating /home/travis/build/icyphy/ptII/ptolemy/actor/lib/test/auto/Clock20.xml
8 ms. Memory: 264192K Free: 155590K (59%)
----------------- Invoking toplevel() on ptolemy.moml.MoMLSimpleApplication@7710410d
----------------- Done invoking toplevel() on ptolemy.moml.MoMLSimpleApplication@7710410d
reloadAllAccessors: .Clock20

===========================================================================================
----------------- testing Sat Apr 18 14:04:13 UTC 2020 /home/travis/build/icyphy/ptII/ptolemy/actor/lib/test/auto/Clock21.xml
----------------- Instantiating /home/travis/build/icyphy/ptII/ptolemy/actor/lib/test/auto/Clock21.xml
9 ms. Memory: 264192K Free: 149956K (57%)
----------------- Invoking toplevel() on ptolemy.moml.MoMLSimpleApplication@1c0bd684
----------------- Done invoking toplevel() on ptolemy.moml.MoMLSimpleApplication@1c0bd684
reloadAllAccessors: .Clock21

===========================================================================================
----------------- testing Sat Apr 18 14:04:13 UTC 2020 /home/travis/build/icyphy/ptII/ptolemy/actor/lib/test/auto/Clock22.xml
----------------- Instantiating /home/travis/build/icyphy/ptII/ptolemy/actor/lib/test/auto/Clock22.xml
5 ms. Memory: 264192K Free: 144836K (55%)
----------------- Invoking toplevel() on ptolemy.moml.MoMLSimpleApplication@2cf28aa2
----------------- Done invoking toplevel() on ptolemy.moml.MoMLSimpleApplication@2cf28aa2
reloadAllAccessors: .Clock22

===========================================================================================
----------------- testing Sat Apr 18 14:04:13 UTC 2020 /home/travis/build/icyphy/ptII/ptolemy/actor/lib/test/auto/Clock23.xml
----------------- Instantiating /home/travis/build/icyphy/ptII/ptolemy/actor/lib/test/auto/Clock23.xml
7 ms. Memory: 264192K Free: 139206K (53%)
----------------- Invoking toplevel() on ptolemy.moml.MoMLSimpleApplication@2a45589c
----------------- Done invoking toplevel() on ptolemy.moml.MoMLSimpleApplication@2a45589c
reloadAllAccessors: .Clock23

===========================================================================================
----------------- testing Sat Apr 18 14:04:13 UTC 2020 /home/travis/build/icyphy/ptII/ptolemy/actor/lib/test/auto/Clock24.xml
----------------- Instantiating /home/travis/build/icyphy/ptII/ptolemy/actor/lib/test/auto/Clock24.xml
4 ms. Memory: 264192K Free: 133572K (51%)
----------------- Invoking toplevel() on ptolemy.moml.MoMLSimpleApplication@51e39657
----------------- Done invoking toplevel() on ptolemy.moml.MoMLSimpleApplication@51e39657
reloadAllAccessors: .Clock24

===========================================================================================
----------------- testing Sat Apr 18 14:04:13 UTC 2020 /home/travis/build/icyphy/ptII/ptolemy/actor/lib/test/auto/Clock4.xml
----------------- Instantiating /home/travis/build/icyphy/ptII/ptolemy/actor/lib/test/auto/Clock4.xml
2 ms. Memory: 264192K Free: 128966K (49%)
----------------- Invoking toplevel() on ptolemy.moml.MoMLSimpleApplication@6744c6f4
----------------- Done invoking toplevel() on ptolemy.moml.MoMLSimpleApplication@6744c6f4
reloadAllAccessors: .Clock4

===========================================================================================
----------------- testing Sat Apr 18 14:04:13 UTC 2020 /home/travis/build/icyphy/ptII/ptolemy/actor/lib/test/auto/Clock5.xml
----------------- Instantiating /home/travis/build/icyphy/ptII/ptolemy/actor/lib/test/auto/Clock5.xml
2 ms. Memory: 264192K Free: 123332K (47%)
----------------- Invoking toplevel() on ptolemy.moml.MoMLSimpleApplication@56b84fd1
----------------- Done invoking toplevel() on ptolemy.moml.MoMLSimpleApplication@56b84fd1
reloadAllAccessors: .Clock5

===========================================================================================
----------------- testing Sat Apr 18 14:04:13 UTC 2020 /home/travis/build/icyphy/ptII/ptolemy/actor/lib/test/auto/Clock6.xml
----------------- Instantiating /home/travis/build/icyphy/ptII/ptolemy/actor/lib/test/auto/Clock6.xml
2 ms. Memory: 264192K Free: 119236K (45%)
----------------- Invoking toplevel() on ptolemy.moml.MoMLSimpleApplication@3f5cd2a4
----------------- Done invoking toplevel() on ptolemy.moml.MoMLSimpleApplication@3f5cd2a4
reloadAllAccessors: .Clock6

===========================================================================================
----------------- testing Sat Apr 18 14:04:13 UTC 2020 /home/travis/build/icyphy/ptII/ptolemy/actor/lib/test/auto/Clock7.xml
----------------- Instantiating /home/travis/build/icyphy/ptII/ptolemy/actor/lib/test/auto/Clock7.xml
1 ms. Memory: 264192K Free: 114116K (43%)
----------------- Invoking toplevel() on ptolemy.moml.MoMLSimpleApplication@770b295c
----------------- Done invoking toplevel() on ptolemy.moml.MoMLSimpleApplication@770b295c
reloadAllAccessors: .Clock7

===========================================================================================
----------------- testing Sat Apr 18 14:04:13 UTC 2020 /home/travis/build/icyphy/ptII/ptolemy/actor/lib/test/auto/Clock8.xml
----------------- Instantiating /home/travis/build/icyphy/ptII/ptolemy/actor/lib/test/auto/Clock8.xml
5 ms. Memory: 264192K Free: 108486K (41%)
----------------- Invoking toplevel() on ptolemy.moml.MoMLSimpleApplication@925777c
----------------- Done invoking toplevel() on ptolemy.moml.MoMLSimpleApplication@925777c
reloadAllAccessors: .Clock8

===========================================================================================
----------------- testing Sat Apr 18 14:04:13 UTC 2020 /home/travis/build/icyphy/ptII/ptolemy/actor/lib/test/auto/Clock9.xml
----------------- Instantiating /home/travis/build/icyphy/ptII/ptolemy/actor/lib/test/auto/Clock9.xml
4 ms. Memory: 264192K Free: 103366K (39%)
----------------- Invoking toplevel() on ptolemy.moml.MoMLSimpleApplication@6b11ec76
----------------- Done invoking toplevel() on ptolemy.moml.MoMLSimpleApplication@6b11ec76
reloadAllAccessors: .Clock9

===========================================================================================
----------------- testing Sat Apr 18 14:04:13 UTC 2020 /home/travis/build/icyphy/ptII/ptolemy/actor/lib/test/auto/CommDistDiscard.xml
----------------- Instantiating /home/travis/build/icyphy/ptII/ptolemy/actor/lib/test/auto/CommDistDiscard.xml
5 ms. Memory: 264192K Free: 97732K (37%)
----------------- Invoking toplevel() on ptolemy.moml.MoMLSimpleApplication@70b94ab7
----------------- Done invoking toplevel() on ptolemy.moml.MoMLSimpleApplication@70b94ab7
reloadAllAccessors: .CommDistDiscard

===========================================================================================
----------------- testing Sat Apr 18 14:04:13 UTC 2020 /home/travis/build/icyphy/ptII/ptolemy/actor/lib/test/auto/Commutator.xml
----------------- Instantiating /home/travis/build/icyphy/ptII/ptolemy/actor/lib/test/auto/Commutator.xml
2 ms. Memory: 264192K Free: 93636K (35%)
----------------- Invoking toplevel() on ptolemy.moml.MoMLSimpleApplication@c8c6b10
----------------- Done invoking toplevel() on ptolemy.moml.MoMLSimpleApplication@c8c6b10
reloadAllAccessors: .Commutator

===========================================================================================
----------------- testing Sat Apr 18 14:04:13 UTC 2020 /home/travis/build/icyphy/ptII/ptolemy/actor/lib/test/auto/Commutator2.xml
----------------- Instantiating /home/travis/build/icyphy/ptII/ptolemy/actor/lib/test/auto/Commutator2.xml
1 ms. Memory: 264192K Free: 89030K (34%)
----------------- Invoking toplevel() on ptolemy.moml.MoMLSimpleApplication@38bfa34d
----------------- Done invoking toplevel() on ptolemy.moml.MoMLSimpleApplication@38bfa34d
reloadAllAccessors: .Commutator2

===========================================================================================
----------------- testing Sat Apr 18 14:04:13 UTC 2020 /home/travis/build/icyphy/ptII/ptolemy/actor/lib/test/auto/Commutator3.xml
----------------- Instantiating /home/travis/build/icyphy/ptII/ptolemy/actor/lib/test/auto/Commutator3.xml
2 ms. Memory: 264192K Free: 84420K (32%)
----------------- Invoking toplevel() on ptolemy.moml.MoMLSimpleApplication@1d7da261
----------------- Done invoking toplevel() on ptolemy.moml.MoMLSimpleApplication@1d7da261
reloadAllAccessors: .Commutator3

===========================================================================================
----------------- testing Sat Apr 18 14:04:13 UTC 2020 /home/travis/build/icyphy/ptII/ptolemy/actor/lib/test/auto/Compare.xml
----------------- Instantiating /home/travis/build/icyphy/ptII/ptolemy/actor/lib/test/auto/Compare.xml
2 ms. Memory: 264192K Free: 78276K (30%)
----------------- Invoking toplevel() on ptolemy.moml.MoMLSimpleApplication@663e8ddd
----------------- Done invoking toplevel() on ptolemy.moml.MoMLSimpleApplication@663e8ddd
reloadAllAccessors: .Compare

===========================================================================================
----------------- testing Sat Apr 18 14:04:13 UTC 2020 /home/travis/build/icyphy/ptII/ptolemy/actor/lib/test/auto/CompareDE.xml
----------------- Instantiating /home/travis/build/icyphy/ptII/ptolemy/actor/lib/test/auto/CompareDE.xml
5 ms. Memory: 264192K Free: 71094K (27%)
----------------- Invoking toplevel() on ptolemy.moml.MoMLSimpleApplication@7151bf33
----------------- Done invoking toplevel() on ptolemy.moml.MoMLSimpleApplication@7151bf33
reloadAllAccessors: .CompareDE

===========================================================================================
----------------- testing Sat Apr 18 14:04:13 UTC 2020 /home/travis/build/icyphy/ptII/ptolemy/actor/lib/test/auto/ComplexDivide.xml
----------------- Instantiating /home/travis/build/icyphy/ptII/ptolemy/actor/lib/test/auto/ComplexDivide.xml
1 ms. Memory: 264192K Free: 67526K (26%)
----------------- Invoking toplevel() on ptolemy.moml.MoMLSimpleApplication@a51041
----------------- Done invoking toplevel() on ptolemy.moml.MoMLSimpleApplication@a51041
reloadAllAccessors: .ComplexDivide

===========================================================================================
----------------- testing Sat Apr 18 14:04:13 UTC 2020 /home/travis/build/icyphy/ptII/ptolemy/actor/lib/test/auto/ComputeHistogram.xml
----------------- Instantiating /home/travis/build/icyphy/ptII/ptolemy/actor/lib/test/auto/ComputeHistogram.xml
32 ms. Memory: 264192K Free: 210232K (80%)
----------------- Invoking toplevel() on ptolemy.moml.MoMLSimpleApplication@253a5440
----------------- Done invoking toplevel() on ptolemy.moml.MoMLSimpleApplication@253a5440
reloadAllAccessors: .ComputeHistogram

===========================================================================================
----------------- testing Sat Apr 18 14:04:13 UTC 2020 /home/travis/build/icyphy/ptII/ptolemy/actor/lib/test/auto/ConfigurationSelect.xml
----------------- Instantiating /home/travis/build/icyphy/ptII/ptolemy/actor/lib/test/auto/ConfigurationSelect.xml
9 ms. Memory: 264192K Free: 204602K (77%)
----------------- Invoking toplevel() on ptolemy.moml.MoMLSimpleApplication@4e386344
----------------- Done invoking toplevel() on ptolemy.moml.MoMLSimpleApplication@4e386344
reloadAllAccessors: .ConfigurationSelect

===========================================================================================
----------------- testing Sat Apr 18 14:04:13 UTC 2020 /home/travis/build/icyphy/ptII/ptolemy/actor/lib/test/auto/ConfigurationSelect2.xml
----------------- Instantiating /home/travis/build/icyphy/ptII/ptolemy/actor/lib/test/auto/ConfigurationSelect2.xml
2 ms. Memory: 264192K Free: 199992K (76%)
----------------- Invoking toplevel() on ptolemy.moml.MoMLSimpleApplication@24edf8d9
----------------- Done invoking toplevel() on ptolemy.moml.MoMLSimpleApplication@24edf8d9
reloadAllAccessors: .ConfigurationSelect2

===========================================================================================
----------------- testing Sat Apr 18 14:04:13 UTC 2020 /home/travis/build/icyphy/ptII/ptolemy/actor/lib/test/auto/ConfigurationSwitch.xml
----------------- Instantiating /home/travis/build/icyphy/ptII/ptolemy/actor/lib/test/auto/ConfigurationSwitch.xml
6 ms. Memory: 264192K Free: 194872K (74%)
----------------- Invoking toplevel() on ptolemy.moml.MoMLSimpleApplication@4e0302a6
----------------- Done invoking toplevel() on ptolemy.moml.MoMLSimpleApplication@4e0302a6
reloadAllAccessors: .ConfigurationSwitch

===========================================================================================
----------------- testing Sat Apr 18 14:04:13 UTC 2020 /home/travis/build/icyphy/ptII/ptolemy/actor/lib/test/auto/ConfigurationSwitch2.xml
----------------- Instantiating /home/travis/build/icyphy/ptII/ptolemy/actor/lib/test/auto/ConfigurationSwitch2.xml
3 ms. Memory: 264192K Free: 189242K (72%)
----------------- Invoking toplevel() on ptolemy.moml.MoMLSimpleApplication@34b69b4d
----------------- Done invoking toplevel() on ptolemy.moml.MoMLSimpleApplication@34b69b4d
reloadAllAccessors: .ConfigurationSwitch2

===========================================================================================
----------------- testing Sat Apr 18 14:04:13 UTC 2020 /home/travis/build/icyphy/ptII/ptolemy/actor/lib/test/auto/ConfigurationSwitchCloningBugWithClassRelationGroup.xml
----------------- Instantiating /home/travis/build/icyphy/ptII/ptolemy/actor/lib/test/auto/ConfigurationSwitchCloningBugWithClassRelationGroup.xml
1 ms. Memory: 264192K Free: 182584K (69%)
----------------- Invoking toplevel() on ptolemy.moml.MoMLSimpleApplication@21689f3b
----------------- Done invoking toplevel() on ptolemy.moml.MoMLSimpleApplication@21689f3b
reloadAllAccessors: .ConfigurationSwitchCloningBugWithClassRelationGroup

===========================================================================================
----------------- testing Sat Apr 18 14:04:13 UTC 2020 /home/travis/build/icyphy/ptII/ptolemy/actor/lib/test/auto/ConfigurationSwitchSelectSDF.xml
----------------- Instantiating /home/travis/build/icyphy/ptII/ptolemy/actor/lib/test/auto/ConfigurationSwitchSelectSDF.xml
3 ms. Memory: 264192K Free: 176954K (67%)
----------------- Invoking toplevel() on ptolemy.moml.MoMLSimpleApplication@79f102b6
----------------- Done invoking toplevel() on ptolemy.moml.MoMLSimpleApplication@79f102b6
reloadAllAccessors: .ConfigurationSwitchSelectSDF

===========================================================================================
----------------- testing Sat Apr 18 14:04:13 UTC 2020 /home/travis/build/icyphy/ptII/ptolemy/actor/lib/test/auto/ConfigurationSwitchSelectSDF2.xml
----------------- Instantiating /home/travis/build/icyphy/ptII/ptolemy/actor/lib/test/auto/ConfigurationSwitchSelectSDF2.xml
2 ms. Memory: 264192K Free: 171320K (65%)
----------------- Invoking toplevel() on ptolemy.moml.MoMLSimpleApplication@32f57815
----------------- Done invoking toplevel() on ptolemy.moml.MoMLSimpleApplication@32f57815
reloadAllAccessors: .ConfigurationSwitchSelectSDF2

===========================================================================================
----------------- testing Sat Apr 18 14:04:13 UTC 2020 /home/travis/build/icyphy/ptII/ptolemy/actor/lib/test/auto/Const.xml
----------------- Instantiating /home/travis/build/icyphy/ptII/ptolemy/actor/lib/test/auto/Const.xml
1 ms. Memory: 264192K Free: 167738K (63%)
----------------- Invoking toplevel() on ptolemy.moml.MoMLSimpleApplication@2913faff
----------------- Done invoking toplevel() on ptolemy.moml.MoMLSimpleApplication@2913faff
reloadAllAccessors: .Const

===========================================================================================
----------------- testing Sat Apr 18 14:04:13 UTC 2020 /home/travis/build/icyphy/ptII/ptolemy/actor/lib/test/auto/Const2.xml
----------------- Instantiating /home/travis/build/icyphy/ptII/ptolemy/actor/lib/test/auto/Const2.xml
1 ms. Memory: 264192K Free: 164152K (62%)
----------------- Invoking toplevel() on ptolemy.moml.MoMLSimpleApplication@719958ae
----------------- Done invoking toplevel() on ptolemy.moml.MoMLSimpleApplication@719958ae
reloadAllAccessors: .Const2

===========================================================================================
----------------- testing Sat Apr 18 14:04:13 UTC 2020 /home/travis/build/icyphy/ptII/ptolemy/actor/lib/test/auto/Const3.xml
----------------- Instantiating /home/travis/build/icyphy/ptII/ptolemy/actor/lib/test/auto/Const3.xml
1 ms. Memory: 264192K Free: 161080K (61%)
----------------- Invoking toplevel() on ptolemy.moml.MoMLSimpleApplication@5beb111f
----------------- Done invoking toplevel() on ptolemy.moml.MoMLSimpleApplication@5beb111f
reloadAllAccessors: .Const3

===========================================================================================
----------------- testing Sat Apr 18 14:04:13 UTC 2020 /home/travis/build/icyphy/ptII/ptolemy/actor/lib/test/auto/ConstantPublisherPort1.xml
----------------- Instantiating /home/travis/build/icyphy/ptII/ptolemy/actor/lib/test/auto/ConstantPublisherPort1.xml
5 ms. Memory: 264192K Free: 152378K (58%)
----------------- Invoking toplevel() on ptolemy.moml.MoMLSimpleApplication@234d207e
----------------- Done invoking toplevel() on ptolemy.moml.MoMLSimpleApplication@234d207e
reloadAllAccessors: .ConstantPublisherPort1

===========================================================================================
----------------- testing Sat Apr 18 14:04:13 UTC 2020 /home/travis/build/icyphy/ptII/ptolemy/actor/lib/test/auto/ConstantPublisherPort2.xml
----------------- Instantiating /home/travis/build/icyphy/ptII/ptolemy/actor/lib/test/auto/ConstantPublisherPort2.xml
5 ms. Memory: 264192K Free: 144696K (55%)
----------------- Invoking toplevel() on ptolemy.moml.MoMLSimpleApplication@1df4c5fc
----------------- Done invoking toplevel() on ptolemy.moml.MoMLSimpleApplication@1df4c5fc
reloadAllAccessors: .ConstantPublisherPort2

===========================================================================================
----------------- testing Sat Apr 18 14:04:13 UTC 2020 /home/travis/build/icyphy/ptII/ptolemy/actor/lib/test/auto/ConstantPublisherPort3.xml
----------------- Instantiating /home/travis/build/icyphy/ptII/ptolemy/actor/lib/test/auto/ConstantPublisherPort3.xml
4 ms. Memory: 264192K Free: 137018K (52%)
----------------- Invoking toplevel() on ptolemy.moml.MoMLSimpleApplication@45f72762
----------------- Done invoking toplevel() on ptolemy.moml.MoMLSimpleApplication@45f72762
reloadAllAccessors: .ConstantPublisherPort3

===========================================================================================
----------------- testing Sat Apr 18 14:04:13 UTC 2020 /home/travis/build/icyphy/ptII/ptolemy/actor/lib/test/auto/ConstantPublisherPort4.xml
----------------- Instantiating /home/travis/build/icyphy/ptII/ptolemy/actor/lib/test/auto/ConstantPublisherPort4.xml
3 ms. Memory: 264192K Free: 130360K (49%)
----------------- Invoking toplevel() on ptolemy.moml.MoMLSimpleApplication@1ccd2c2a
----------------- Done invoking toplevel() on ptolemy.moml.MoMLSimpleApplication@1ccd2c2a
reloadAllAccessors: .ConstantPublisherPort4

===========================================================================================
----------------- testing Sat Apr 18 14:04:13 UTC 2020 /home/travis/build/icyphy/ptII/ptolemy/actor/lib/test/auto/ConstantPublisherPort5.xml
----------------- Instantiating /home/travis/build/icyphy/ptII/ptolemy/actor/lib/test/auto/ConstantPublisherPort5.xml
25 ms. Memory: 264192K Free: 121144K (46%)
----------------- Invoking toplevel() on ptolemy.moml.MoMLSimpleApplication@670e7e6d
----------------- Done invoking toplevel() on ptolemy.moml.MoMLSimpleApplication@670e7e6d
reloadAllAccessors: .ConstantPublisherPort5

===========================================================================================
----------------- testing Sat Apr 18 14:04:14 UTC 2020 /home/travis/build/icyphy/ptII/ptolemy/actor/lib/test/auto/ConstantPublisherPort6.xml
----------------- Instantiating /home/travis/build/icyphy/ptII/ptolemy/actor/lib/test/auto/ConstantPublisherPort6.xml
21 ms. Memory: 264192K Free: 111418K (42%)
----------------- Invoking toplevel() on ptolemy.moml.MoMLSimpleApplication@4fbd02d
----------------- Done invoking toplevel() on ptolemy.moml.MoMLSimpleApplication@4fbd02d
reloadAllAccessors: .ConstantPublisherPort6

===========================================================================================
----------------- testing Sat Apr 18 14:04:14 UTC 2020 /home/travis/build/icyphy/ptII/ptolemy/actor/lib/test/auto/ConstantPublisherPort7.xml
----------------- Instantiating /home/travis/build/icyphy/ptII/ptolemy/actor/lib/test/auto/ConstantPublisherPort7.xml
14 ms. Memory: 264192K Free: 102712K (39%)
----------------- Invoking toplevel() on ptolemy.moml.MoMLSimpleApplication@2e32cd90
----------------- Done invoking toplevel() on ptolemy.moml.MoMLSimpleApplication@2e32cd90
reloadAllAccessors: .ConstantPublisherPort7

===========================================================================================
----------------- testing Sat Apr 18 14:04:14 UTC 2020 /home/travis/build/icyphy/ptII/ptolemy/actor/lib/test/auto/ConstraintMonitor1.xml
----------------- Instantiating /home/travis/build/icyphy/ptII/ptolemy/actor/lib/test/auto/ConstraintMonitor1.xml
6 ms. Memory: 264192K Free: 97592K (37%)
----------------- Invoking toplevel() on ptolemy.moml.MoMLSimpleApplication@251097b0
----------------- Done invoking toplevel() on ptolemy.moml.MoMLSimpleApplication@251097b0
reloadAllAccessors: .ConstraintMonitor1

===========================================================================================
----------------- testing Sat Apr 18 14:04:14 UTC 2020 /home/travis/build/icyphy/ptII/ptolemy/actor/lib/test/auto/ConstraintMonitor2.xml
----------------- Instantiating /home/travis/build/icyphy/ptII/ptolemy/actor/lib/test/auto/ConstraintMonitor2.xml
1 ms. Memory: 264192K Free: 92986K (35%)
----------------- Invoking toplevel() on ptolemy.moml.MoMLSimpleApplication@5a00bb53
----------------- Done invoking toplevel() on ptolemy.moml.MoMLSimpleApplication@5a00bb53
reloadAllAccessors: .ConstraintMonitor2

===========================================================================================
----------------- testing Sat Apr 18 14:04:14 UTC 2020 /home/travis/build/icyphy/ptII/ptolemy/actor/lib/test/auto/ConstraintMonitor3.xml
----------------- Instantiating /home/travis/build/icyphy/ptII/ptolemy/actor/lib/test/auto/ConstraintMonitor3.xml
4 ms. Memory: 264192K Free: 88890K (34%)
----------------- Invoking toplevel() on ptolemy.moml.MoMLSimpleApplication@2c1aac67
----------------- Done invoking toplevel() on ptolemy.moml.MoMLSimpleApplication@2c1aac67
reloadAllAccessors: .ConstraintMonitor3

===========================================================================================
----------------- testing Sat Apr 18 14:04:14 UTC 2020 /home/travis/build/icyphy/ptII/ptolemy/actor/lib/test/auto/ConstraintMonitor4.xml
----------------- Instantiating /home/travis/build/icyphy/ptII/ptolemy/actor/lib/test/auto/ConstraintMonitor4.xml
4 ms. Memory: 264192K Free: 83770K (32%)
----------------- Invoking toplevel() on ptolemy.moml.MoMLSimpleApplication@9230cc7
----------------- Done invoking toplevel() on ptolemy.moml.MoMLSimpleApplication@9230cc7
reloadAllAccessors: .ConstraintMonitor4

===========================================================================================
----------------- testing Sat Apr 18 14:04:14 UTC 2020 /home/travis/build/icyphy/ptII/ptolemy/actor/lib/test/auto/ConstraintMonitor5.xml
----------------- Instantiating /home/travis/build/icyphy/ptII/ptolemy/actor/lib/test/auto/ConstraintMonitor5.xml
4 ms. Memory: 264192K Free: 78136K (30%)
----------------- Invoking toplevel() on ptolemy.moml.MoMLSimpleApplication@6cdabcc8
----------------- Done invoking toplevel() on ptolemy.moml.MoMLSimpleApplication@6cdabcc8
reloadAllAccessors: .ConstraintMonitor5

===========================================================================================
----------------- testing Sat Apr 18 14:04:14 UTC 2020 /home/travis/build/icyphy/ptII/ptolemy/actor/lib/test/auto/ConstraintMonitor6.xml
----------------- Instantiating /home/travis/build/icyphy/ptII/ptolemy/actor/lib/test/auto/ConstraintMonitor6.xml
6 ms. Memory: 264192K Free: 71986K (27%)
----------------- Invoking toplevel() on ptolemy.moml.MoMLSimpleApplication@14992c67
----------------- Done invoking toplevel() on ptolemy.moml.MoMLSimpleApplication@14992c67
reloadAllAccessors: .ConstraintMonitor6

===========================================================================================
----------------- testing Sat Apr 18 14:04:14 UTC 2020 /home/travis/build/icyphy/ptII/ptolemy/actor/lib/test/auto/ConstraintMonitor7.xml
----------------- Instantiating /home/travis/build/icyphy/ptII/ptolemy/actor/lib/test/auto/ConstraintMonitor7.xml
2 ms. Memory: 264192K Free: 65834K (25%)
----------------- Invoking toplevel() on ptolemy.moml.MoMLSimpleApplication@1a3bab59
----------------- Done invoking toplevel() on ptolemy.moml.MoMLSimpleApplication@1a3bab59
reloadAllAccessors: .ConstraintMonitor7

===========================================================================================
----------------- testing Sat Apr 18 14:04:14 UTC 2020 /home/travis/build/icyphy/ptII/ptolemy/actor/lib/test/auto/ConstraintMonitor8.xml
----------------- Instantiating /home/travis/build/icyphy/ptII/ptolemy/actor/lib/test/auto/ConstraintMonitor8.xml
5 ms. Memory: 264192K Free: 213924K (81%)
----------------- Invoking toplevel() on ptolemy.moml.MoMLSimpleApplication@174f4abe
----------------- Done invoking toplevel() on ptolemy.moml.MoMLSimpleApplication@174f4abe
reloadAllAccessors: .ConstraintMonitor8

===========================================================================================
----------------- testing Sat Apr 18 14:04:14 UTC 2020 /home/travis/build/icyphy/ptII/ptolemy/actor/lib/test/auto/Counter.xml
----------------- Instantiating /home/travis/build/icyphy/ptII/ptolemy/actor/lib/test/auto/Counter.xml
2 ms. Memory: 264192K Free: 208804K (79%)
----------------- Invoking toplevel() on ptolemy.moml.MoMLSimpleApplication@68b580df
----------------- Done invoking toplevel() on ptolemy.moml.MoMLSimpleApplication@68b580df
reloadAllAccessors: .Counter

===========================================================================================
----------------- testing Sat Apr 18 14:04:14 UTC 2020 /home/travis/build/icyphy/ptII/ptolemy/actor/lib/test/auto/CurrentTimeSDF.xml
----------------- Instantiating /home/travis/build/icyphy/ptII/ptolemy/actor/lib/test/auto/CurrentTimeSDF.xml
2 ms. Memory: 264192K Free: 204708K (77%)
----------------- Invoking toplevel() on ptolemy.moml.MoMLSimpleApplication@1eb427ec
----------------- Done invoking toplevel() on ptolemy.moml.MoMLSimpleApplication@1eb427ec
reloadAllAccessors: .CurrentTimeSDF

===========================================================================================
----------------- testing Sat Apr 18 14:04:14 UTC 2020 /home/travis/build/icyphy/ptII/ptolemy/actor/lib/test/auto/DB.xml
----------------- Instantiating /home/travis/build/icyphy/ptII/ptolemy/actor/lib/test/auto/DB.xml
2 ms. Memory: 264192K Free: 199588K (76%)
----------------- Invoking toplevel() on ptolemy.moml.MoMLSimpleApplication@3239dd16
----------------- Done invoking toplevel() on ptolemy.moml.MoMLSimpleApplication@3239dd16
reloadAllAccessors: .DB

===========================================================================================
----------------- testing Sat Apr 18 14:04:14 UTC 2020 /home/travis/build/icyphy/ptII/ptolemy/actor/lib/test/auto/DBDE.xml
----------------- Instantiating /home/travis/build/icyphy/ptII/ptolemy/actor/lib/test/auto/DBDE.xml
2 ms. Memory: 264192K Free: 193958K (73%)
----------------- Invoking toplevel() on ptolemy.moml.MoMLSimpleApplication@4e1095cc
----------------- Done invoking toplevel() on ptolemy.moml.MoMLSimpleApplication@4e1095cc
reloadAllAccessors: .DBDE

===========================================================================================
----------------- testing Sat Apr 18 14:04:14 UTC 2020 /home/travis/build/icyphy/ptII/ptolemy/actor/lib/test/auto/DateConstructor.xml
----------------- Instantiating /home/travis/build/icyphy/ptII/ptolemy/actor/lib/test/auto/DateConstructor.xml
21 ms. Memory: 264192K Free: 176036K (67%)
----------------- Invoking toplevel() on ptolemy.moml.MoMLSimpleApplication@7ed8d772
----------------- Done invoking toplevel() on ptolemy.moml.MoMLSimpleApplication@7ed8d772
reloadAllAccessors: .DateConstructor

===========================================================================================
----------------- testing Sat Apr 18 14:04:14 UTC 2020 /home/travis/build/icyphy/ptII/ptolemy/actor/lib/test/auto/DelayTime.xml
----------------- Instantiating /home/travis/build/icyphy/ptII/ptolemy/actor/lib/test/auto/DelayTime.xml
6 ms. Memory: 264192K Free: 170916K (65%)
----------------- Invoking toplevel() on ptolemy.moml.MoMLSimpleApplication@262f9231
----------------- Done invoking toplevel() on ptolemy.moml.MoMLSimpleApplication@262f9231
reloadAllAccessors: .DelayTime

===========================================================================================
----------------- testing Sat Apr 18 14:04:14 UTC 2020 /home/travis/build/icyphy/ptII/ptolemy/actor/lib/test/auto/Dictionary1.xml
----------------- Instantiating /home/travis/build/icyphy/ptII/ptolemy/actor/lib/test/auto/Dictionary1.xml
1 ms. Memory: 264192K Free: 166310K (63%)
----------------- Invoking toplevel() on ptolemy.moml.MoMLSimpleApplication@b2d6ff7
----------------- Done invoking toplevel() on ptolemy.moml.MoMLSimpleApplication@b2d6ff7
reloadAllAccessors: .Dictionary1

===========================================================================================
----------------- testing Sat Apr 18 14:04:14 UTC 2020 /home/travis/build/icyphy/ptII/ptolemy/actor/lib/test/auto/Dictionary2.xml
----------------- Instantiating /home/travis/build/icyphy/ptII/ptolemy/actor/lib/test/auto/Dictionary2.xml
2 ms. Memory: 264192K Free: 160676K (61%)
----------------- Invoking toplevel() on ptolemy.moml.MoMLSimpleApplication@6daa790c
----------------- Done invoking toplevel() on ptolemy.moml.MoMLSimpleApplication@6daa790c
reloadAllAccessors: .Dictionary2

===========================================================================================
----------------- testing Sat Apr 18 14:04:14 UTC 2020 /home/travis/build/icyphy/ptII/ptolemy/actor/lib/test/auto/Dictionary3.xml
----------------- Instantiating /home/travis/build/icyphy/ptII/ptolemy/actor/lib/test/auto/Dictionary3.xml
2 ms. Memory: 264192K Free: 155046K (59%)
----------------- Invoking toplevel() on ptolemy.moml.MoMLSimpleApplication@3cab418
----------------- Done invoking toplevel() on ptolemy.moml.MoMLSimpleApplication@3cab418
reloadAllAccessors: .Dictionary3

===========================================================================================
----------------- testing Sat Apr 18 14:04:14 UTC 2020 /home/travis/build/icyphy/ptII/ptolemy/actor/lib/test/auto/Dictionary4.xml
----------------- Instantiating /home/travis/build/icyphy/ptII/ptolemy/actor/lib/test/auto/Dictionary4.xml
3 ms. Memory: 264192K Free: 147878K (56%)
----------------- Invoking toplevel() on ptolemy.moml.MoMLSimpleApplication@66260449
----------------- Done invoking toplevel() on ptolemy.moml.MoMLSimpleApplication@66260449
reloadAllAccessors: .Dictionary4

===========================================================================================
----------------- testing Sat Apr 18 14:04:14 UTC 2020 /home/travis/build/icyphy/ptII/ptolemy/actor/lib/test/auto/Differential.xml
----------------- Instantiating /home/travis/build/icyphy/ptII/ptolemy/actor/lib/test/auto/Differential.xml
2 ms. Memory: 264192K Free: 143782K (54%)
----------------- Invoking toplevel() on ptolemy.moml.MoMLSimpleApplication@212a052c
----------------- Done invoking toplevel() on ptolemy.moml.MoMLSimpleApplication@212a052c
reloadAllAccessors: .Differential

===========================================================================================
----------------- testing Sat Apr 18 14:04:14 UTC 2020 /home/travis/build/icyphy/ptII/ptolemy/actor/lib/test/auto/Director.xml
----------------- Instantiating /home/travis/build/icyphy/ptII/ptolemy/actor/lib/test/auto/Director.xml
4 ms. Memory: 264192K Free: 140196K (53%)
----------------- Invoking toplevel() on ptolemy.moml.MoMLSimpleApplication@45f4df7e
----------------- Done invoking toplevel() on ptolemy.moml.MoMLSimpleApplication@45f4df7e
reloadAllAccessors: .Director

===========================================================================================
----------------- testing Sat Apr 18 14:04:14 UTC 2020 /home/travis/build/icyphy/ptII/ptolemy/actor/lib/test/auto/DiscreteClock.xml
----------------- Instantiating /home/travis/build/icyphy/ptII/ptolemy/actor/lib/test/auto/DiscreteClock.xml
1 ms. Memory: 264192K Free: 136100K (52%)
----------------- Invoking toplevel() on ptolemy.moml.MoMLSimpleApplication@6f0e0b95
----------------- Done invoking toplevel() on ptolemy.moml.MoMLSimpleApplication@6f0e0b95
reloadAllAccessors: .DiscreteClock

===========================================================================================
----------------- testing Sat Apr 18 14:04:14 UTC 2020 /home/travis/build/icyphy/ptII/ptolemy/actor/lib/test/auto/DiscreteClock10.xml
----------------- Instantiating /home/travis/build/icyphy/ptII/ptolemy/actor/lib/test/auto/DiscreteClock10.xml
4 ms. Memory: 264192K Free: 130470K (49%)
----------------- Invoking toplevel() on ptolemy.moml.MoMLSimpleApplication@2868e16e
----------------- Done invoking toplevel() on ptolemy.moml.MoMLSimpleApplication@2868e16e
reloadAllAccessors: .DiscreteClock10

===========================================================================================
----------------- testing Sat Apr 18 14:04:14 UTC 2020 /home/travis/build/icyphy/ptII/ptolemy/actor/lib/test/auto/DiscreteClock11.xml
----------------- Instantiating /home/travis/build/icyphy/ptII/ptolemy/actor/lib/test/auto/DiscreteClock11.xml
2 ms. Memory: 264192K Free: 124326K (47%)
----------------- Invoking toplevel() on ptolemy.moml.MoMLSimpleApplication@3d51c9c4
----------------- Done invoking toplevel() on ptolemy.moml.MoMLSimpleApplication@3d51c9c4
reloadAllAccessors: .DiscreteClock11

===========================================================================================
----------------- testing Sat Apr 18 14:04:14 UTC 2020 /home/travis/build/icyphy/ptII/ptolemy/actor/lib/test/auto/DiscreteClock12.xml
----------------- Instantiating /home/travis/build/icyphy/ptII/ptolemy/actor/lib/test/auto/DiscreteClock12.xml
3 ms. Memory: 264192K Free: 118182K (45%)
----------------- Invoking toplevel() on ptolemy.moml.MoMLSimpleApplication@16dd6c16
----------------- Done invoking toplevel() on ptolemy.moml.MoMLSimpleApplication@16dd6c16
reloadAllAccessors: .DiscreteClock12

===========================================================================================
----------------- testing Sat Apr 18 14:04:14 UTC 2020 /home/travis/build/icyphy/ptII/ptolemy/actor/lib/test/auto/DiscreteClock13.xml
----------------- Instantiating /home/travis/build/icyphy/ptII/ptolemy/actor/lib/test/auto/DiscreteClock13.xml
2 ms. Memory: 264192K Free: 112038K (42%)
----------------- Invoking toplevel() on ptolemy.moml.MoMLSimpleApplication@c2974ed
----------------- Done invoking toplevel() on ptolemy.moml.MoMLSimpleApplication@c2974ed
reloadAllAccessors: .DiscreteClock13

===========================================================================================
----------------- testing Sat Apr 18 14:04:14 UTC 2020 /home/travis/build/icyphy/ptII/ptolemy/actor/lib/test/auto/DiscreteClock14.xml
----------------- Instantiating /home/travis/build/icyphy/ptII/ptolemy/actor/lib/test/auto/DiscreteClock14.xml
3 ms. Memory: 264192K Free: 106390K (40%)
----------------- Invoking toplevel() on ptolemy.moml.MoMLSimpleApplication@726359e2
----------------- Done invoking toplevel() on ptolemy.moml.MoMLSimpleApplication@726359e2
reloadAllAccessors: .DiscreteClock14

===========================================================================================
----------------- testing Sat Apr 18 14:04:14 UTC 2020 /home/travis/build/icyphy/ptII/ptolemy/actor/lib/test/auto/DiscreteClock15.xml
----------------- Instantiating /home/travis/build/icyphy/ptII/ptolemy/actor/lib/test/auto/DiscreteClock15.xml
3 ms. Memory: 264192K Free: 100246K (38%)
----------------- Invoking toplevel() on ptolemy.moml.MoMLSimpleApplication@6b9f7b0f
----------------- Done invoking toplevel() on ptolemy.moml.MoMLSimpleApplication@6b9f7b0f
reloadAllAccessors: .DiscreteClock15

===========================================================================================
----------------- testing Sat Apr 18 14:04:14 UTC 2020 /home/travis/build/icyphy/ptII/ptolemy/actor/lib/test/auto/DiscreteClock16.xml
----------------- Instantiating /home/travis/build/icyphy/ptII/ptolemy/actor/lib/test/auto/DiscreteClock16.xml
17 ms. Memory: 264192K Free: 86438K (33%)
----------------- Invoking toplevel() on ptolemy.moml.MoMLSimpleApplication@3b7bc164
----------------- Done invoking toplevel() on ptolemy.moml.MoMLSimpleApplication@3b7bc164
reloadAllAccessors: .DiscreteClock16

===========================================================================================
----------------- testing Sat Apr 18 14:04:14 UTC 2020 /home/travis/build/icyphy/ptII/ptolemy/actor/lib/test/auto/DiscreteClock17.xml
----------------- Instantiating /home/travis/build/icyphy/ptII/ptolemy/actor/lib/test/auto/DiscreteClock17.xml
15 ms. Memory: 264192K Free: 71574K (27%)
----------------- Invoking toplevel() on ptolemy.moml.MoMLSimpleApplication@b9a5bc3
----------------- Done invoking toplevel() on ptolemy.moml.MoMLSimpleApplication@b9a5bc3
reloadAllAccessors: .DiscreteClock17

===========================================================================================
----------------- testing Sat Apr 18 14:04:14 UTC 2020 /home/travis/build/icyphy/ptII/ptolemy/actor/lib/test/auto/DiscreteClock18.xml
----------------- Instantiating /home/travis/build/icyphy/ptII/ptolemy/actor/lib/test/auto/DiscreteClock18.xml
39 ms. Memory: 264192K Free: 213407K (81%)
----------------- Invoking toplevel() on ptolemy.moml.MoMLSimpleApplication@62ad3335
----------------- Done invoking toplevel() on ptolemy.moml.MoMLSimpleApplication@62ad3335
reloadAllAccessors: .DiscreteClock18

===========================================================================================
----------------- testing Sat Apr 18 14:04:14 UTC 2020 /home/travis/build/icyphy/ptII/ptolemy/actor/lib/test/auto/DiscreteClock19.xml
----------------- Instantiating /home/travis/build/icyphy/ptII/ptolemy/actor/lib/test/auto/DiscreteClock19.xml
12 ms. Memory: 264192K Free: 199942K (76%)
----------------- Invoking toplevel() on ptolemy.moml.MoMLSimpleApplication@3192aee5
----------------- Done invoking toplevel() on ptolemy.moml.MoMLSimpleApplication@3192aee5
reloadAllAccessors: .DiscreteClock19

===========================================================================================
----------------- testing Sat Apr 18 14:04:14 UTC 2020 /home/travis/build/icyphy/ptII/ptolemy/actor/lib/test/auto/DiscreteClock2.xml
----------------- Instantiating /home/travis/build/icyphy/ptII/ptolemy/actor/lib/test/auto/DiscreteClock2.xml
3 ms. Memory: 264192K Free: 194822K (74%)
----------------- Invoking toplevel() on ptolemy.moml.MoMLSimpleApplication@63ba0157
----------------- Done invoking toplevel() on ptolemy.moml.MoMLSimpleApplication@63ba0157
reloadAllAccessors: .DiscreteClock2

===========================================================================================
----------------- testing Sat Apr 18 14:04:14 UTC 2020 /home/travis/build/icyphy/ptII/ptolemy/actor/lib/test/auto/DiscreteClock20.xml
----------------- Instantiating /home/travis/build/icyphy/ptII/ptolemy/actor/lib/test/auto/DiscreteClock20.xml
5 ms. Memory: 264192K Free: 189188K (72%)
----------------- Invoking toplevel() on ptolemy.moml.MoMLSimpleApplication@41b3854c
----------------- Done invoking toplevel() on ptolemy.moml.MoMLSimpleApplication@41b3854c
reloadAllAccessors: .DiscreteClock20

===========================================================================================
----------------- testing Sat Apr 18 14:04:14 UTC 2020 /home/travis/build/icyphy/ptII/ptolemy/actor/lib/test/auto/DiscreteClock21.xml
----------------- Instantiating /home/travis/build/icyphy/ptII/ptolemy/actor/lib/test/auto/DiscreteClock21.xml
5 ms. Memory: 264192K Free: 184068K (70%)
----------------- Invoking toplevel() on ptolemy.moml.MoMLSimpleApplication@39b2cba
----------------- Done invoking toplevel() on ptolemy.moml.MoMLSimpleApplication@39b2cba
reloadAllAccessors: .DiscreteClock21

===========================================================================================
----------------- testing Sat Apr 18 14:04:14 UTC 2020 /home/travis/build/icyphy/ptII/ptolemy/actor/lib/test/auto/DiscreteClock22.xml
----------------- Instantiating /home/travis/build/icyphy/ptII/ptolemy/actor/lib/test/auto/DiscreteClock22.xml
5 ms. Memory: 264192K Free: 178438K (68%)
----------------- Invoking toplevel() on ptolemy.moml.MoMLSimpleApplication@791aad64
----------------- Done invoking toplevel() on ptolemy.moml.MoMLSimpleApplication@791aad64
reloadAllAccessors: .DiscreteClock22

===========================================================================================
----------------- testing Sat Apr 18 14:04:14 UTC 2020 /home/travis/build/icyphy/ptII/ptolemy/actor/lib/test/auto/DiscreteClock23.xml
----------------- Instantiating /home/travis/build/icyphy/ptII/ptolemy/actor/lib/test/auto/DiscreteClock23.xml
8 ms. Memory: 264192K Free: 172804K (65%)
----------------- Invoking toplevel() on ptolemy.moml.MoMLSimpleApplication@46b213b
----------------- Done invoking toplevel() on ptolemy.moml.MoMLSimpleApplication@46b213b
reloadAllAccessors: .DiscreteClock23

===========================================================================================
----------------- testing Sat Apr 18 14:04:14 UTC 2020 /home/travis/build/icyphy/ptII/ptolemy/actor/lib/test/auto/DiscreteClock24.xml
----------------- Instantiating /home/travis/build/icyphy/ptII/ptolemy/actor/lib/test/auto/DiscreteClock24.xml
3 ms. Memory: 264192K Free: 167174K (63%)
----------------- Invoking toplevel() on ptolemy.moml.MoMLSimpleApplication@7b7f843c
----------------- Done invoking toplevel() on ptolemy.moml.MoMLSimpleApplication@7b7f843c
reloadAllAccessors: .DiscreteClock24

===========================================================================================
----------------- testing Sat Apr 18 14:04:15 UTC 2020 /home/travis/build/icyphy/ptII/ptolemy/actor/lib/test/auto/DiscreteClock4.xml
----------------- Instantiating /home/travis/build/icyphy/ptII/ptolemy/actor/lib/test/auto/DiscreteClock4.xml
2 ms. Memory: 264192K Free: 162054K (61%)
----------------- Invoking toplevel() on ptolemy.moml.MoMLSimpleApplication@6fe2db33
----------------- Done invoking toplevel() on ptolemy.moml.MoMLSimpleApplication@6fe2db33
reloadAllAccessors: .DiscreteClock4

===========================================================================================
----------------- testing Sat Apr 18 14:04:15 UTC 2020 /home/travis/build/icyphy/ptII/ptolemy/actor/lib/test/auto/DiscreteClock5.xml
----------------- Instantiating /home/travis/build/icyphy/ptII/ptolemy/actor/lib/test/auto/DiscreteClock5.xml
2 ms. Memory: 264192K Free: 156414K (59%)
----------------- Invoking toplevel() on ptolemy.moml.MoMLSimpleApplication@784b495e
----------------- Done invoking toplevel() on ptolemy.moml.MoMLSimpleApplication@784b495e
reloadAllAccessors: .DiscreteClock5

===========================================================================================
----------------- testing Sat Apr 18 14:04:15 UTC 2020 /home/travis/build/icyphy/ptII/ptolemy/actor/lib/test/auto/DiscreteClock6.xml
----------------- Instantiating /home/travis/build/icyphy/ptII/ptolemy/actor/lib/test/auto/DiscreteClock6.xml
2 ms. Memory: 264192K Free: 152324K (58%)
----------------- Invoking toplevel() on ptolemy.moml.MoMLSimpleApplication@5d576c0f
----------------- Done invoking toplevel() on ptolemy.moml.MoMLSimpleApplication@5d576c0f
reloadAllAccessors: .DiscreteClock6

===========================================================================================
----------------- testing Sat Apr 18 14:04:15 UTC 2020 /home/travis/build/icyphy/ptII/ptolemy/actor/lib/test/auto/DiscreteClock7.xml
----------------- Instantiating /home/travis/build/icyphy/ptII/ptolemy/actor/lib/test/auto/DiscreteClock7.xml
2 ms. Memory: 264192K Free: 147204K (56%)
----------------- Invoking toplevel() on ptolemy.moml.MoMLSimpleApplication@72f63bf0
----------------- Done invoking toplevel() on ptolemy.moml.MoMLSimpleApplication@72f63bf0
reloadAllAccessors: .DiscreteClock7

===========================================================================================
----------------- testing Sat Apr 18 14:04:15 UTC 2020 /home/travis/build/icyphy/ptII/ptolemy/actor/lib/test/auto/DiscreteClock8.xml
----------------- Instantiating /home/travis/build/icyphy/ptII/ptolemy/actor/lib/test/auto/DiscreteClock8.xml
8 ms. Memory: 264192K Free: 142070K (54%)
----------------- Invoking toplevel() on ptolemy.moml.MoMLSimpleApplication@21abee68
----------------- Done invoking toplevel() on ptolemy.moml.MoMLSimpleApplication@21abee68
reloadAllAccessors: .DiscreteClock8

===========================================================================================
----------------- testing Sat Apr 18 14:04:15 UTC 2020 /home/travis/build/icyphy/ptII/ptolemy/actor/lib/test/auto/DiscreteClock9.xml
----------------- Instantiating /home/travis/build/icyphy/ptII/ptolemy/actor/lib/test/auto/DiscreteClock9.xml
4 ms. Memory: 264192K Free: 135926K (51%)
----------------- Invoking toplevel() on ptolemy.moml.MoMLSimpleApplication@546a183d
----------------- Done invoking toplevel() on ptolemy.moml.MoMLSimpleApplication@546a183d
reloadAllAccessors: .DiscreteClock9

===========================================================================================
----------------- testing Sat Apr 18 14:04:15 UTC 2020 /home/travis/build/icyphy/ptII/ptolemy/actor/lib/test/auto/DisplayArray.xml
----------------- Instantiating /home/travis/build/icyphy/ptII/ptolemy/actor/lib/test/auto/DisplayArray.xml
1 ms. Memory: 264192K Free: 132358K (50%)
----------------- Invoking toplevel() on ptolemy.moml.MoMLSimpleApplication@4518456c
----------------- Done invoking toplevel() on ptolemy.moml.MoMLSimpleApplication@4518456c
reloadAllAccessors: .DisplayArray

===========================================================================================
----------------- testing Sat Apr 18 14:04:15 UTC 2020 /home/travis/build/icyphy/ptII/ptolemy/actor/lib/test/auto/Distributor.xml
----------------- Instantiating /home/travis/build/icyphy/ptII/ptolemy/actor/lib/test/auto/Distributor.xml
2 ms. Memory: 264192K Free: 127238K (48%)
----------------- Invoking toplevel() on ptolemy.moml.MoMLSimpleApplication@139e4a5f
----------------- Done invoking toplevel() on ptolemy.moml.MoMLSimpleApplication@139e4a5f
reloadAllAccessors: .Distributor

===========================================================================================
----------------- testing Sat Apr 18 14:04:15 UTC 2020 /home/travis/build/icyphy/ptII/ptolemy/actor/lib/test/auto/Distributor2.xml
----------------- Instantiating /home/travis/build/icyphy/ptII/ptolemy/actor/lib/test/auto/Distributor2.xml
1 ms. Memory: 264192K Free: 122628K (46%)
----------------- Invoking toplevel() on ptolemy.moml.MoMLSimpleApplication@4d3ef1fe
----------------- Done invoking toplevel() on ptolemy.moml.MoMLSimpleApplication@4d3ef1fe
reloadAllAccessors: .Distributor2

===========================================================================================
----------------- testing Sat Apr 18 14:04:15 UTC 2020 /home/travis/build/icyphy/ptII/ptolemy/actor/lib/test/auto/DownSample.xml
----------------- Instantiating /home/travis/build/icyphy/ptII/ptolemy/actor/lib/test/auto/DownSample.xml
1 ms. Memory: 264192K Free: 118022K (45%)
----------------- Invoking toplevel() on ptolemy.moml.MoMLSimpleApplication@68f0e202
----------------- Done invoking toplevel() on ptolemy.moml.MoMLSimpleApplication@68f0e202
reloadAllAccessors: .DownSample

===========================================================================================
----------------- testing Sat Apr 18 14:04:15 UTC 2020 /home/travis/build/icyphy/ptII/ptolemy/actor/lib/test/auto/ElectronicUnitBase1.xml
----------------- Instantiating /home/travis/build/icyphy/ptII/ptolemy/actor/lib/test/auto/ElectronicUnitBase1.xml
13 ms. Memory: 264192K Free: 102148K (39%)
----------------- Invoking toplevel() on ptolemy.moml.MoMLSimpleApplication@3e278850
----------------- Done invoking toplevel() on ptolemy.moml.MoMLSimpleApplication@3e278850
reloadAllAccessors: .ElectronicUnitBase1

===========================================================================================
----------------- testing Sat Apr 18 14:04:15 UTC 2020 /home/travis/build/icyphy/ptII/ptolemy/actor/lib/test/auto/ElementsToArray.xml
----------------- Instantiating /home/travis/build/icyphy/ptII/ptolemy/actor/lib/test/auto/ElementsToArray.xml
2 ms. Memory: 264192K Free: 97028K (37%)
----------------- Invoking toplevel() on ptolemy.moml.MoMLSimpleApplication@75ef430
----------------- Done invoking toplevel() on ptolemy.moml.MoMLSimpleApplication@75ef430
reloadAllAccessors: .ElementsToArray

===========================================================================================
----------------- testing Sat Apr 18 14:04:15 UTC 2020 /home/travis/build/icyphy/ptII/ptolemy/actor/lib/test/auto/Equals.xml
----------------- Instantiating /home/travis/build/icyphy/ptII/ptolemy/actor/lib/test/auto/Equals.xml
2 ms. Memory: 264192K Free: 92932K (35%)
----------------- Invoking toplevel() on ptolemy.moml.MoMLSimpleApplication@824eaf3
----------------- Done invoking toplevel() on ptolemy.moml.MoMLSimpleApplication@824eaf3
reloadAllAccessors: .Equals

===========================================================================================
----------------- testing Sat Apr 18 14:04:15 UTC 2020 /home/travis/build/icyphy/ptII/ptolemy/actor/lib/test/auto/Exec.xml
----------------- Instantiating /home/travis/build/icyphy/ptII/ptolemy/actor/lib/test/auto/Exec.xml
13 ms. Memory: 264192K Free: 86774K (33%)
----------------- Invoking toplevel() on ptolemy.moml.MoMLSimpleApplication@4085bb7c
----------------- Done invoking toplevel() on ptolemy.moml.MoMLSimpleApplication@4085bb7c
reloadAllAccessors: .Exec

===========================================================================================
----------------- testing Sat Apr 18 14:04:15 UTC 2020 /home/travis/build/icyphy/ptII/ptolemy/actor/lib/test/auto/ExecEnvironment.xml
----------------- Instantiating /home/travis/build/icyphy/ptII/ptolemy/actor/lib/test/auto/ExecEnvironment.xml
17 ms. Memory: 264192K Free: 81654K (31%)
----------------- Invoking toplevel() on ptolemy.moml.MoMLSimpleApplication@3c6c3175
----------------- Done invoking toplevel() on ptolemy.moml.MoMLSimpleApplication@3c6c3175
reloadAllAccessors: .ExecEnvironment

===========================================================================================
----------------- testing Sat Apr 18 14:04:15 UTC 2020 /home/travis/build/icyphy/ptII/ptolemy/actor/lib/test/auto/ExecNonZeroReturnOutput.xml
----------------- Instantiating /home/travis/build/icyphy/ptII/ptolemy/actor/lib/test/auto/ExecNonZeroReturnOutput.xml
171 ms. Memory: 264192K Free: 69894K (26%)
----------------- Invoking toplevel() on ptolemy.moml.MoMLSimpleApplication@52c9863d
----------------- Done invoking toplevel() on ptolemy.moml.MoMLSimpleApplication@52c9863d
reloadAllAccessors: .ExecNonZeroReturnOutput

===========================================================================================
----------------- testing Sat Apr 18 14:04:15 UTC 2020 /home/travis/build/icyphy/ptII/ptolemy/actor/lib/test/auto/ExecRunDemos.xml
----------------- Instantiating /home/travis/build/icyphy/ptII/ptolemy/actor/lib/test/auto/ExecRunDemos.xml
Finished: 64 ms. Memory: 129024K Free: 112147K (87%)

Finished: 81 ms. Memory: 129024K Free: 109536K (85%)

Finished: 78 ms. Memory: 129024K Free: 109502K (85%)

Finished: 96 ms. Memory: 129024K Free: 111520K (86%)

Finished: 53 ms. Memory: 129024K Free: 111865K (87%)

10271 ms. Memory: 449536K Free: 388068K (86%)
----------------- Invoking toplevel() on ptolemy.moml.MoMLSimpleApplication@62bd2fa0
----------------- Done invoking toplevel() on ptolemy.moml.MoMLSimpleApplication@62bd2fa0
reloadAllAccessors: .ExecRunDemos

===========================================================================================
----------------- testing Sat Apr 18 14:04:25 UTC 2020 /home/travis/build/icyphy/ptII/ptolemy/actor/lib/test/auto/ExecStop.xml
----------------- Instantiating /home/travis/build/icyphy/ptII/ptolemy/actor/lib/test/auto/ExecStop.xml
5020 ms. Memory: 449536K Free: 242148K (54%)
----------------- Invoking toplevel() on ptolemy.moml.MoMLSimpleApplication@435c0e15
----------------- Done invoking toplevel() on ptolemy.moml.MoMLSimpleApplication@435c0e15
reloadAllAccessors: .ExecStop

===========================================================================================
----------------- testing Sat Apr 18 14:04:30 UTC 2020 /home/travis/build/icyphy/ptII/ptolemy/actor/lib/test/auto/ExecutionTimeSDF.xml
----------------- Instantiating /home/travis/build/icyphy/ptII/ptolemy/actor/lib/test/auto/ExecutionTimeSDF.xml
Fired ExecutionTime: -940967296
Fired ExecutionTime: 1571600000
Fired ExecutionTime: -183767296
6008 ms. Memory: 449536K Free: 230374K (51%)
----------------- Invoking toplevel() on ptolemy.moml.MoMLSimpleApplication@42617f45
----------------- Done invoking toplevel() on ptolemy.moml.MoMLSimpleApplication@42617f45
reloadAllAccessors: .ExecutionTimeSDF

===========================================================================================
----------------- testing Sat Apr 18 14:04:36 UTC 2020 /home/travis/build/icyphy/ptII/ptolemy/actor/lib/test/auto/Expression1.xml
----------------- Instantiating /home/travis/build/icyphy/ptII/ptolemy/actor/lib/test/auto/Expression1.xml
1 ms. Memory: 449536K Free: 226788K (50%)
----------------- Invoking toplevel() on ptolemy.moml.MoMLSimpleApplication@18688b68
----------------- Done invoking toplevel() on ptolemy.moml.MoMLSimpleApplication@18688b68
reloadAllAccessors: .Expression1

===========================================================================================
----------------- testing Sat Apr 18 14:04:36 UTC 2020 /home/travis/build/icyphy/ptII/ptolemy/actor/lib/test/auto/Expression10.xml
----------------- Instantiating /home/travis/build/icyphy/ptII/ptolemy/actor/lib/test/auto/Expression10.xml
13 ms. Memory: 449536K Free: 221668K (49%)
----------------- Invoking toplevel() on ptolemy.moml.MoMLSimpleApplication@177799e8
----------------- Done invoking toplevel() on ptolemy.moml.MoMLSimpleApplication@177799e8
reloadAllAccessors: .Expression10

===========================================================================================
----------------- testing Sat Apr 18 14:04:36 UTC 2020 /home/travis/build/icyphy/ptII/ptolemy/actor/lib/test/auto/Expression11.xml
----------------- Instantiating /home/travis/build/icyphy/ptII/ptolemy/actor/lib/test/auto/Expression11.xml
2 ms. Memory: 449536K Free: 217060K (48%)
----------------- Invoking toplevel() on ptolemy.moml.MoMLSimpleApplication@29cf2e94
----------------- Done invoking toplevel() on ptolemy.moml.MoMLSimpleApplication@29cf2e94
reloadAllAccessors: .Expression11

===========================================================================================
----------------- testing Sat Apr 18 14:04:36 UTC 2020 /home/travis/build/icyphy/ptII/ptolemy/actor/lib/test/auto/Expression12.xml
----------------- Instantiating /home/travis/build/icyphy/ptII/ptolemy/actor/lib/test/auto/Expression12.xml
2 ms. Memory: 449536K Free: 211428K (47%)
----------------- Invoking toplevel() on ptolemy.moml.MoMLSimpleApplication@45eb5334
----------------- Done invoking toplevel() on ptolemy.moml.MoMLSimpleApplication@45eb5334
reloadAllAccessors: .Expression12

===========================================================================================
----------------- testing Sat Apr 18 14:04:36 UTC 2020 /home/travis/build/icyphy/ptII/ptolemy/actor/lib/test/auto/Expression13.xml
----------------- Instantiating /home/travis/build/icyphy/ptII/ptolemy/actor/lib/test/auto/Expression13.xml
3 ms. Memory: 449536K Free: 206822K (46%)
----------------- Invoking toplevel() on ptolemy.moml.MoMLSimpleApplication@5e9d6641
----------------- Done invoking toplevel() on ptolemy.moml.MoMLSimpleApplication@5e9d6641
reloadAllAccessors: .Expression13

===========================================================================================
----------------- testing Sat Apr 18 14:04:37 UTC 2020 /home/travis/build/icyphy/ptII/ptolemy/actor/lib/test/auto/Expression14.xml
----------------- Instantiating /home/travis/build/icyphy/ptII/ptolemy/actor/lib/test/auto/Expression14.xml
4 ms. Memory: 449536K Free: 200678K (45%)
----------------- Invoking toplevel() on ptolemy.moml.MoMLSimpleApplication@60bbf726
----------------- Done invoking toplevel() on ptolemy.moml.MoMLSimpleApplication@60bbf726
reloadAllAccessors: .Expression14

===========================================================================================
----------------- testing Sat Apr 18 14:04:37 UTC 2020 /home/travis/build/icyphy/ptII/ptolemy/actor/lib/test/auto/Expression15.xml
----------------- Instantiating /home/travis/build/icyphy/ptII/ptolemy/actor/lib/test/auto/Expression15.xml
2 ms. Memory: 449536K Free: 196582K (44%)
----------------- Invoking toplevel() on ptolemy.moml.MoMLSimpleApplication@2fd1629
----------------- Done invoking toplevel() on ptolemy.moml.MoMLSimpleApplication@2fd1629
reloadAllAccessors: .Expression15

===========================================================================================
----------------- testing Sat Apr 18 14:04:37 UTC 2020 /home/travis/build/icyphy/ptII/ptolemy/actor/lib/test/auto/Expression16.xml
----------------- Instantiating /home/travis/build/icyphy/ptII/ptolemy/actor/lib/test/auto/Expression16.xml
3 ms. Memory: 449536K Free: 191972K (43%)
----------------- Invoking toplevel() on ptolemy.moml.MoMLSimpleApplication@1cc2cc99
----------------- Done invoking toplevel() on ptolemy.moml.MoMLSimpleApplication@1cc2cc99
reloadAllAccessors: .Expression16

===========================================================================================
----------------- testing Sat Apr 18 14:04:37 UTC 2020 /home/travis/build/icyphy/ptII/ptolemy/actor/lib/test/auto/Expression17.xml
----------------- Instantiating /home/travis/build/icyphy/ptII/ptolemy/actor/lib/test/auto/Expression17.xml
4 ms. Memory: 449536K Free: 186852K (42%)
----------------- Invoking toplevel() on ptolemy.moml.MoMLSimpleApplication@609dee02
----------------- Done invoking toplevel() on ptolemy.moml.MoMLSimpleApplication@609dee02
reloadAllAccessors: .Expression17

===========================================================================================
----------------- testing Sat Apr 18 14:04:37 UTC 2020 /home/travis/build/icyphy/ptII/ptolemy/actor/lib/test/auto/Expression18.xml
----------------- Instantiating /home/travis/build/icyphy/ptII/ptolemy/actor/lib/test/auto/Expression18.xml
2 ms. Memory: 449536K Free: 181732K (40%)
----------------- Invoking toplevel() on ptolemy.moml.MoMLSimpleApplication@3a47fc43
----------------- Done invoking toplevel() on ptolemy.moml.MoMLSimpleApplication@3a47fc43
reloadAllAccessors: .Expression18

===========================================================================================
----------------- testing Sat Apr 18 14:04:37 UTC 2020 /home/travis/build/icyphy/ptII/ptolemy/actor/lib/test/auto/Expression2.xml
----------------- Instantiating /home/travis/build/icyphy/ptII/ptolemy/actor/lib/test/auto/Expression2.xml
2 ms. Memory: 449536K Free: 177126K (39%)
----------------- Invoking toplevel() on ptolemy.moml.MoMLSimpleApplication@3a759c4a
----------------- Done invoking toplevel() on ptolemy.moml.MoMLSimpleApplication@3a759c4a
reloadAllAccessors: .Expression2

===========================================================================================
----------------- testing Sat Apr 18 14:04:37 UTC 2020 /home/travis/build/icyphy/ptII/ptolemy/actor/lib/test/auto/Expression3.xml
----------------- Instantiating /home/travis/build/icyphy/ptII/ptolemy/actor/lib/test/auto/Expression3.xml
6 ms. Memory: 449536K Free: 172006K (38%)
----------------- Invoking toplevel() on ptolemy.moml.MoMLSimpleApplication@b19fad9
----------------- Done invoking toplevel() on ptolemy.moml.MoMLSimpleApplication@b19fad9
reloadAllAccessors: .Expression3

===========================================================================================
----------------- testing Sat Apr 18 14:04:37 UTC 2020 /home/travis/build/icyphy/ptII/ptolemy/actor/lib/test/auto/Expression4.xml
----------------- Instantiating /home/travis/build/icyphy/ptII/ptolemy/actor/lib/test/auto/Expression4.xml
6 ms. Memory: 449536K Free: 164324K (37%)
----------------- Invoking toplevel() on ptolemy.moml.MoMLSimpleApplication@62488345
----------------- Done invoking toplevel() on ptolemy.moml.MoMLSimpleApplication@62488345
reloadAllAccessors: .Expression4

===========================================================================================
----------------- testing Sat Apr 18 14:04:37 UTC 2020 /home/travis/build/icyphy/ptII/ptolemy/actor/lib/test/auto/Expression5.xml
----------------- Instantiating /home/travis/build/icyphy/ptII/ptolemy/actor/lib/test/auto/Expression5.xml
4 ms. Memory: 449536K Free: 159718K (36%)
----------------- Invoking toplevel() on ptolemy.moml.MoMLSimpleApplication@2eb0bcfb
----------------- Done invoking toplevel() on ptolemy.moml.MoMLSimpleApplication@2eb0bcfb
reloadAllAccessors: .Expression5

===========================================================================================
----------------- testing Sat Apr 18 14:04:37 UTC 2020 /home/travis/build/icyphy/ptII/ptolemy/actor/lib/test/auto/Expression6.xml
----------------- Instantiating /home/travis/build/icyphy/ptII/ptolemy/actor/lib/test/auto/Expression6.xml
2 ms. Memory: 449536K Free: 396873K (88%)
----------------- Invoking toplevel() on ptolemy.moml.MoMLSimpleApplication@724ab44a
----------------- Done invoking toplevel() on ptolemy.moml.MoMLSimpleApplication@724ab44a
reloadAllAccessors: .Expression6

===========================================================================================
----------------- testing Sat Apr 18 14:04:37 UTC 2020 /home/travis/build/icyphy/ptII/ptolemy/actor/lib/test/auto/Expression7.xml
----------------- Instantiating /home/travis/build/icyphy/ptII/ptolemy/actor/lib/test/auto/Expression7.xml
3 ms. Memory: 449536K Free: 391753K (87%)
----------------- Invoking toplevel() on ptolemy.moml.MoMLSimpleApplication@cab381d
----------------- Done invoking toplevel() on ptolemy.moml.MoMLSimpleApplication@cab381d
reloadAllAccessors: .Expression7

===========================================================================================
----------------- testing Sat Apr 18 14:04:37 UTC 2020 /home/travis/build/icyphy/ptII/ptolemy/actor/lib/test/auto/Expression8.xml
----------------- Instantiating /home/travis/build/icyphy/ptII/ptolemy/actor/lib/test/auto/Expression8.xml
8 ms. Memory: 449536K Free: 386633K (86%)
----------------- Invoking toplevel() on ptolemy.moml.MoMLSimpleApplication@27749e4e
----------------- Done invoking toplevel() on ptolemy.moml.MoMLSimpleApplication@27749e4e
reloadAllAccessors: .Expression8

===========================================================================================
----------------- testing Sat Apr 18 14:04:37 UTC 2020 /home/travis/build/icyphy/ptII/ptolemy/actor/lib/test/auto/Expression9.xml
----------------- Instantiating /home/travis/build/icyphy/ptII/ptolemy/actor/lib/test/auto/Expression9.xml
1 ms. Memory: 449536K Free: 383051K (85%)
----------------- Invoking toplevel() on ptolemy.moml.MoMLSimpleApplication@322fef46
----------------- Done invoking toplevel() on ptolemy.moml.MoMLSimpleApplication@322fef46
reloadAllAccessors: .Expression9

===========================================================================================
----------------- testing Sat Apr 18 14:04:37 UTC 2020 /home/travis/build/icyphy/ptII/ptolemy/actor/lib/test/auto/ExpressionConcatenateArrayType.xml
----------------- Instantiating /home/travis/build/icyphy/ptII/ptolemy/actor/lib/test/auto/ExpressionConcatenateArrayType.xml
2 ms. Memory: 449536K Free: 376393K (84%)
----------------- Invoking toplevel() on ptolemy.moml.MoMLSimpleApplication@2f9f2c25
----------------- Done invoking toplevel() on ptolemy.moml.MoMLSimpleApplication@2f9f2c25
reloadAllAccessors: .ExpressionConcatenateArrayType

===========================================================================================
----------------- testing Sat Apr 18 14:04:37 UTC 2020 /home/travis/build/icyphy/ptII/ptolemy/actor/lib/test/auto/ExpressionConcatenateArrayType2.xml
----------------- Instantiating /home/travis/build/icyphy/ptII/ptolemy/actor/lib/test/auto/ExpressionConcatenateArrayType2.xml
2 ms. Memory: 449536K Free: 370763K (82%)
----------------- Invoking toplevel() on ptolemy.moml.MoMLSimpleApplication@163efe6f
----------------- Done invoking toplevel() on ptolemy.moml.MoMLSimpleApplication@163efe6f
reloadAllAccessors: .ExpressionConcatenateArrayType2

===========================================================================================
----------------- testing Sat Apr 18 14:04:37 UTC 2020 /home/travis/build/icyphy/ptII/ptolemy/actor/lib/test/auto/ExpressionFix.xml
----------------- Instantiating /home/travis/build/icyphy/ptII/ptolemy/actor/lib/test/auto/ExpressionFix.xml
22 ms. Memory: 449536K Free: 364619K (81%)
----------------- Invoking toplevel() on ptolemy.moml.MoMLSimpleApplication@4a92ead8
----------------- Done invoking toplevel() on ptolemy.moml.MoMLSimpleApplication@4a92ead8
reloadAllAccessors: .ExpressionFix

===========================================================================================
----------------- testing Sat Apr 18 14:04:37 UTC 2020 /home/travis/build/icyphy/ptII/ptolemy/actor/lib/test/auto/ExpressionFix2.xml
----------------- Instantiating /home/travis/build/icyphy/ptII/ptolemy/actor/lib/test/auto/ExpressionFix2.xml
6 ms. Memory: 449536K Free: 360523K (80%)
----------------- Invoking toplevel() on ptolemy.moml.MoMLSimpleApplication@265f2301
----------------- Done invoking toplevel() on ptolemy.moml.MoMLSimpleApplication@265f2301
reloadAllAccessors: .ExpressionFix2

===========================================================================================
----------------- testing Sat Apr 18 14:04:37 UTC 2020 /home/travis/build/icyphy/ptII/ptolemy/actor/lib/test/auto/ExpressionFix3.xml
----------------- Instantiating /home/travis/build/icyphy/ptII/ptolemy/actor/lib/test/auto/ExpressionFix3.xml
3 ms. Memory: 449536K Free: 355913K (79%)
----------------- Invoking toplevel() on ptolemy.moml.MoMLSimpleApplication@5896b477
----------------- Done invoking toplevel() on ptolemy.moml.MoMLSimpleApplication@5896b477
reloadAllAccessors: .ExpressionFix3

===========================================================================================
----------------- testing Sat Apr 18 14:04:37 UTC 2020 /home/travis/build/icyphy/ptII/ptolemy/actor/lib/test/auto/FileWriter1.xml
----------------- Instantiating /home/travis/build/icyphy/ptII/ptolemy/actor/lib/test/auto/FileWriter1.xml
2 ms. Memory: 449536K Free: 352331K (78%)
----------------- Invoking toplevel() on ptolemy.moml.MoMLSimpleApplication@3134b9ab
----------------- Done invoking toplevel() on ptolemy.moml.MoMLSimpleApplication@3134b9ab
reloadAllAccessors: .FileWriter1

===========================================================================================
----------------- testing Sat Apr 18 14:04:37 UTC 2020 /home/travis/build/icyphy/ptII/ptolemy/actor/lib/test/auto/FileWriter2.xml
----------------- Instantiating /home/travis/build/icyphy/ptII/ptolemy/actor/lib/test/auto/FileWriter2.xml
6 ms. Memory: 449536K Free: 347721K (77%)
----------------- Invoking toplevel() on ptolemy.moml.MoMLSimpleApplication@409e4f56
----------------- Done invoking toplevel() on ptolemy.moml.MoMLSimpleApplication@409e4f56
reloadAllAccessors: .FileWriter2

===========================================================================================
----------------- testing Sat Apr 18 14:04:37 UTC 2020 /home/travis/build/icyphy/ptII/ptolemy/actor/lib/test/auto/FileWriter3.xml
----------------- Instantiating /home/travis/build/icyphy/ptII/ptolemy/actor/lib/test/auto/FileWriter3.xml
4 ms. Memory: 449536K Free: 343625K (76%)
----------------- Invoking toplevel() on ptolemy.moml.MoMLSimpleApplication@7eb5fcc4
----------------- Done invoking toplevel() on ptolemy.moml.MoMLSimpleApplication@7eb5fcc4
reloadAllAccessors: .FileWriter3

===========================================================================================
----------------- testing Sat Apr 18 14:04:37 UTC 2020 /home/travis/build/icyphy/ptII/ptolemy/actor/lib/test/auto/Gaussian.xml
----------------- Instantiating /home/travis/build/icyphy/ptII/ptolemy/actor/lib/test/auto/Gaussian.xml
3 ms. Memory: 449536K Free: 339019K (75%)
----------------- Invoking toplevel() on ptolemy.moml.MoMLSimpleApplication@7c2006ca
----------------- Done invoking toplevel() on ptolemy.moml.MoMLSimpleApplication@7c2006ca
reloadAllAccessors: .Gaussian

===========================================================================================
----------------- testing Sat Apr 18 14:04:37 UTC 2020 /home/travis/build/icyphy/ptII/ptolemy/actor/lib/test/auto/Gaussian1.xml
----------------- Instantiating /home/travis/build/icyphy/ptII/ptolemy/actor/lib/test/auto/Gaussian1.xml
9 ms. Memory: 449536K Free: 333899K (74%)
----------------- Invoking toplevel() on ptolemy.moml.MoMLSimpleApplication@2074fd2f
----------------- Done invoking toplevel() on ptolemy.moml.MoMLSimpleApplication@2074fd2f
reloadAllAccessors: .Gaussian1

===========================================================================================
----------------- testing Sat Apr 18 14:04:37 UTC 2020 /home/travis/build/icyphy/ptII/ptolemy/actor/lib/test/auto/Gaussian2.xml
----------------- Instantiating /home/travis/build/icyphy/ptII/ptolemy/actor/lib/test/auto/Gaussian2.xml
2 ms. Memory: 449536K Free: 328258K (73%)
----------------- Invoking toplevel() on ptolemy.moml.MoMLSimpleApplication@15e7970c
----------------- Done invoking toplevel() on ptolemy.moml.MoMLSimpleApplication@15e7970c
reloadAllAccessors: .Gaussian2

===========================================================================================
----------------- testing Sat Apr 18 14:04:37 UTC 2020 /home/travis/build/icyphy/ptII/ptolemy/actor/lib/test/auto/GradientAdaptiveLattice.xml
----------------- Instantiating /home/travis/build/icyphy/ptII/ptolemy/actor/lib/test/auto/GradientAdaptiveLattice.xml
2 ms. Memory: 449536K Free: 323145K (72%)
----------------- Invoking toplevel() on ptolemy.moml.MoMLSimpleApplication@11e3aca2
----------------- Done invoking toplevel() on ptolemy.moml.MoMLSimpleApplication@11e3aca2
reloadAllAccessors: .GradientAdaptiveLattice

===========================================================================================
----------------- testing Sat Apr 18 14:04:37 UTC 2020 /home/travis/build/icyphy/ptII/ptolemy/actor/lib/test/auto/IIR.xml
----------------- Instantiating /home/travis/build/icyphy/ptII/ptolemy/actor/lib/test/auto/IIR.xml
3 ms. Memory: 449536K Free: 318539K (71%)
----------------- Invoking toplevel() on ptolemy.moml.MoMLSimpleApplication@293d569b
----------------- Done invoking toplevel() on ptolemy.moml.MoMLSimpleApplication@293d569b
reloadAllAccessors: .IIR

===========================================================================================
----------------- testing Sat Apr 18 14:04:37 UTC 2020 /home/travis/build/icyphy/ptII/ptolemy/actor/lib/test/auto/InputOutputTransparentPorts.xml
----------------- Instantiating /home/travis/build/icyphy/ptII/ptolemy/actor/lib/test/auto/InputOutputTransparentPorts.xml
1 ms. Memory: 449536K Free: 311881K (69%)
----------------- Invoking toplevel() on ptolemy.moml.MoMLSimpleApplication@6c03297c
----------------- Done invoking toplevel() on ptolemy.moml.MoMLSimpleApplication@6c03297c
reloadAllAccessors: .InputOutputTransparentPorts

===========================================================================================
----------------- testing Sat Apr 18 14:04:37 UTC 2020 /home/travis/build/icyphy/ptII/ptolemy/actor/lib/test/auto/Interpolator.xml
----------------- Instantiating /home/travis/build/icyphy/ptII/ptolemy/actor/lib/test/auto/Interpolator.xml
3 ms. Memory: 449536K Free: 307785K (68%)
----------------- Invoking toplevel() on ptolemy.moml.MoMLSimpleApplication@711d5752
----------------- Done invoking toplevel() on ptolemy.moml.MoMLSimpleApplication@711d5752
reloadAllAccessors: .Interpolator

===========================================================================================
----------------- testing Sat Apr 18 14:04:37 UTC 2020 /home/travis/build/icyphy/ptII/ptolemy/actor/lib/test/auto/InterpolatorFiringLimitDE.xml
----------------- Instantiating /home/travis/build/icyphy/ptII/ptolemy/actor/lib/test/auto/InterpolatorFiringLimitDE.xml
1 ms. Memory: 449536K Free: 301641K (67%)
----------------- Invoking toplevel() on ptolemy.moml.MoMLSimpleApplication@38aeb6da
----------------- Done invoking toplevel() on ptolemy.moml.MoMLSimpleApplication@38aeb6da
reloadAllAccessors: .InterpolatorFiringLimitDE

===========================================================================================
----------------- testing Sat Apr 18 14:04:37 UTC 2020 /home/travis/build/icyphy/ptII/ptolemy/actor/lib/test/auto/Lattice.xml
----------------- Instantiating /home/travis/build/icyphy/ptII/ptolemy/actor/lib/test/auto/Lattice.xml
1 ms. Memory: 449536K Free: 297545K (66%)
----------------- Invoking toplevel() on ptolemy.moml.MoMLSimpleApplication@570a05a9
----------------- Done invoking toplevel() on ptolemy.moml.MoMLSimpleApplication@570a05a9
reloadAllAccessors: .Lattice

===========================================================================================
----------------- testing Sat Apr 18 14:04:37 UTC 2020 /home/travis/build/icyphy/ptII/ptolemy/actor/lib/test/auto/LazyAOCTestLazy.xml
----------------- Instantiating /home/travis/build/icyphy/ptII/ptolemy/actor/lib/test/auto/LazyAOCTestLazy.xml
7 ms. Memory: 449536K Free: 291915K (65%)
----------------- Invoking toplevel() on ptolemy.moml.MoMLSimpleApplication@43364b3
----------------- Done invoking toplevel() on ptolemy.moml.MoMLSimpleApplication@43364b3
reloadAllAccessors: .LazyAOCTestLazy

===========================================================================================
----------------- testing Sat Apr 18 14:04:37 UTC 2020 /home/travis/build/icyphy/ptII/ptolemy/actor/lib/test/auto/LazyAOCTestNonLazy.xml
----------------- Instantiating /home/travis/build/icyphy/ptII/ptolemy/actor/lib/test/auto/LazyAOCTestNonLazy.xml
2 ms. Memory: 449536K Free: 285257K (63%)
----------------- Invoking toplevel() on ptolemy.moml.MoMLSimpleApplication@72ac068e
----------------- Done invoking toplevel() on ptolemy.moml.MoMLSimpleApplication@72ac068e
reloadAllAccessors: .LazyAOCTestNonLazy

===========================================================================================
----------------- testing Sat Apr 18 14:04:37 UTC 2020 /home/travis/build/icyphy/ptII/ptolemy/actor/lib/test/auto/LazyInnerClass.xml
----------------- Instantiating /home/travis/build/icyphy/ptII/ptolemy/actor/lib/test/auto/LazyInnerClass.xml
21 ms. Memory: 449536K Free: 276555K (62%)
----------------- Invoking toplevel() on ptolemy.moml.MoMLSimpleApplication@65e7f5a6
----------------- Done invoking toplevel() on ptolemy.moml.MoMLSimpleApplication@65e7f5a6
reloadAllAccessors: .LazyInnerClass

===========================================================================================
----------------- testing Sat Apr 18 14:04:37 UTC 2020 /home/travis/build/icyphy/ptII/ptolemy/actor/lib/test/auto/LazyPubSub.xml
----------------- Instantiating /home/travis/build/icyphy/ptII/ptolemy/actor/lib/test/auto/LazyPubSub.xml
23 ms. Memory: 449536K Free: 266315K (59%)
----------------- Invoking toplevel() on ptolemy.moml.MoMLSimpleApplication@4cc191a9
----------------- Done invoking toplevel() on ptolemy.moml.MoMLSimpleApplication@4cc191a9
reloadAllAccessors: .LazyPubSub

===========================================================================================
----------------- testing Sat Apr 18 14:04:37 UTC 2020 /home/travis/build/icyphy/ptII/ptolemy/actor/lib/test/auto/LazyPubSub2.xml
----------------- Instantiating /home/travis/build/icyphy/ptII/ptolemy/actor/lib/test/auto/LazyPubSub2.xml
22 ms. Memory: 449536K Free: 257099K (57%)
----------------- Invoking toplevel() on ptolemy.moml.MoMLSimpleApplication@3b6e122c
----------------- Done invoking toplevel() on ptolemy.moml.MoMLSimpleApplication@3b6e122c
reloadAllAccessors: .LazyPubSub2

===========================================================================================
----------------- testing Sat Apr 18 14:04:37 UTC 2020 /home/travis/build/icyphy/ptII/ptolemy/actor/lib/test/auto/LazyPubSub3.xml
----------------- Instantiating /home/travis/build/icyphy/ptII/ptolemy/actor/lib/test/auto/LazyPubSub3.xml
11 ms. Memory: 449536K Free: 246859K (55%)
----------------- Invoking toplevel() on ptolemy.moml.MoMLSimpleApplication@3eba1744
----------------- Done invoking toplevel() on ptolemy.moml.MoMLSimpleApplication@3eba1744
reloadAllAccessors: .LazyPubSub3

===========================================================================================
----------------- testing Sat Apr 18 14:04:37 UTC 2020 /home/travis/build/icyphy/ptII/ptolemy/actor/lib/test/auto/LazySubClassModel.xml
----------------- Instantiating /home/travis/build/icyphy/ptII/ptolemy/actor/lib/test/auto/LazySubClassModel.xml
2 ms. Memory: 449536K Free: 237643K (53%)
----------------- Invoking toplevel() on ptolemy.moml.MoMLSimpleApplication@4202e303
----------------- Done invoking toplevel() on ptolemy.moml.MoMLSimpleApplication@4202e303
reloadAllAccessors: .LazySubClassModel

===========================================================================================
----------------- testing Sat Apr 18 14:04:37 UTC 2020 /home/travis/build/icyphy/ptII/ptolemy/actor/lib/test/auto/LevelCrossTest1.xml
----------------- Instantiating /home/travis/build/icyphy/ptII/ptolemy/actor/lib/test/auto/LevelCrossTest1.xml
1 ms. Memory: 449536K Free: 232009K (52%)
----------------- Invoking toplevel() on ptolemy.moml.MoMLSimpleApplication@360dac2e
----------------- Done invoking toplevel() on ptolemy.moml.MoMLSimpleApplication@360dac2e
reloadAllAccessors: .broken

===========================================================================================
----------------- testing Sat Apr 18 14:04:37 UTC 2020 /home/travis/build/icyphy/ptII/ptolemy/actor/lib/test/auto/LevelCrossTest10.xml
----------------- Instantiating /home/travis/build/icyphy/ptII/ptolemy/actor/lib/test/auto/LevelCrossTest10.xml
1 ms. Memory: 449536K Free: 225355K (50%)
----------------- Invoking toplevel() on ptolemy.moml.MoMLSimpleApplication@241de06b
----------------- Done invoking toplevel() on ptolemy.moml.MoMLSimpleApplication@241de06b
reloadAllAccessors: .LevelCrossTest10

===========================================================================================
----------------- testing Sat Apr 18 14:04:37 UTC 2020 /home/travis/build/icyphy/ptII/ptolemy/actor/lib/test/auto/LevelCrossTest11.xml
----------------- Instantiating /home/travis/build/icyphy/ptII/ptolemy/actor/lib/test/auto/LevelCrossTest11.xml
1 ms. Memory: 449536K Free: 218187K (49%)
----------------- Invoking toplevel() on ptolemy.moml.MoMLSimpleApplication@6a06e8fe
----------------- Done invoking toplevel() on ptolemy.moml.MoMLSimpleApplication@6a06e8fe
reloadAllAccessors: .LevelCrossTest11

===========================================================================================
----------------- testing Sat Apr 18 14:04:37 UTC 2020 /home/travis/build/icyphy/ptII/ptolemy/actor/lib/test/auto/LevelCrossTest12.xml
----------------- Instantiating /home/travis/build/icyphy/ptII/ptolemy/actor/lib/test/auto/LevelCrossTest12.xml
1 ms. Memory: 449536K Free: 211019K (47%)
----------------- Invoking toplevel() on ptolemy.moml.MoMLSimpleApplication@407f3faa
----------------- Done invoking toplevel() on ptolemy.moml.MoMLSimpleApplication@407f3faa
reloadAllAccessors: .LevelCrossTest12

===========================================================================================
----------------- testing Sat Apr 18 14:04:37 UTC 2020 /home/travis/build/icyphy/ptII/ptolemy/actor/lib/test/auto/LevelCrossTest13.xml
----------------- Instantiating /home/travis/build/icyphy/ptII/ptolemy/actor/lib/test/auto/LevelCrossTest13.xml
12 ms. Memory: 449536K Free: 203337K (45%)
----------------- Invoking toplevel() on ptolemy.moml.MoMLSimpleApplication@7cc5be3a
----------------- Done invoking toplevel() on ptolemy.moml.MoMLSimpleApplication@7cc5be3a
reloadAllAccessors: .LevelCrossTest13

===========================================================================================
----------------- testing Sat Apr 18 14:04:37 UTC 2020 /home/travis/build/icyphy/ptII/ptolemy/actor/lib/test/auto/LevelCrossTest2.xml
----------------- Instantiating /home/travis/build/icyphy/ptII/ptolemy/actor/lib/test/auto/LevelCrossTest2.xml
2 ms. Memory: 449536K Free: 198217K (44%)
----------------- Invoking toplevel() on ptolemy.moml.MoMLSimpleApplication@110eb2ff
----------------- Done invoking toplevel() on ptolemy.moml.MoMLSimpleApplication@110eb2ff
reloadAllAccessors: .broken

===========================================================================================
----------------- testing Sat Apr 18 14:04:38 UTC 2020 /home/travis/build/icyphy/ptII/ptolemy/actor/lib/test/auto/LevelCrossTest3.xml
----------------- Instantiating /home/travis/build/icyphy/ptII/ptolemy/actor/lib/test/auto/LevelCrossTest3.xml
2 ms. Memory: 449536K Free: 192073K (43%)
----------------- Invoking toplevel() on ptolemy.moml.MoMLSimpleApplication@39e33144
----------------- Done invoking toplevel() on ptolemy.moml.MoMLSimpleApplication@39e33144
reloadAllAccessors: .LevelCrossTest3

===========================================================================================
----------------- testing Sat Apr 18 14:04:38 UTC 2020 /home/travis/build/icyphy/ptII/ptolemy/actor/lib/test/auto/LevelCrossTest4.xml
----------------- Instantiating /home/travis/build/icyphy/ptII/ptolemy/actor/lib/test/auto/LevelCrossTest4.xml
1 ms. Memory: 449536K Free: 186443K (41%)
----------------- Invoking toplevel() on ptolemy.moml.MoMLSimpleApplication@21592a72
----------------- Done invoking toplevel() on ptolemy.moml.MoMLSimpleApplication@21592a72
reloadAllAccessors: .broken

===========================================================================================
----------------- testing Sat Apr 18 14:04:38 UTC 2020 /home/travis/build/icyphy/ptII/ptolemy/actor/lib/test/auto/LevelCrossTest5.xml
----------------- Instantiating /home/travis/build/icyphy/ptII/ptolemy/actor/lib/test/auto/LevelCrossTest5.xml
1 ms. Memory: 449536K Free: 179785K (40%)
----------------- Invoking toplevel() on ptolemy.moml.MoMLSimpleApplication@374a8c6b
----------------- Done invoking toplevel() on ptolemy.moml.MoMLSimpleApplication@374a8c6b
reloadAllAccessors: .LevelCrossTest5

===========================================================================================
----------------- testing Sat Apr 18 14:04:38 UTC 2020 /home/travis/build/icyphy/ptII/ptolemy/actor/lib/test/auto/LevelCrossTest6.xml
----------------- Instantiating /home/travis/build/icyphy/ptII/ptolemy/actor/lib/test/auto/LevelCrossTest6.xml
1 ms. Memory: 449536K Free: 172617K (38%)
----------------- Invoking toplevel() on ptolemy.moml.MoMLSimpleApplication@5f944738
----------------- Done invoking toplevel() on ptolemy.moml.MoMLSimpleApplication@5f944738
reloadAllAccessors: .LevelCrossTest6

===========================================================================================
----------------- testing Sat Apr 18 14:04:38 UTC 2020 /home/travis/build/icyphy/ptII/ptolemy/actor/lib/test/auto/LevelCrossTest7.xml
----------------- Instantiating /home/travis/build/icyphy/ptII/ptolemy/actor/lib/test/auto/LevelCrossTest7.xml
1 ms. Memory: 449536K Free: 165449K (37%)
----------------- Invoking toplevel() on ptolemy.moml.MoMLSimpleApplication@2c4820ff
----------------- Done invoking toplevel() on ptolemy.moml.MoMLSimpleApplication@2c4820ff
reloadAllAccessors: .LevelCrossTest7

===========================================================================================
----------------- testing Sat Apr 18 14:04:38 UTC 2020 /home/travis/build/icyphy/ptII/ptolemy/actor/lib/test/auto/LevelCrossTest8.xml
----------------- Instantiating /home/travis/build/icyphy/ptII/ptolemy/actor/lib/test/auto/LevelCrossTest8.xml
1 ms. Memory: 449536K Free: 158795K (35%)
----------------- Invoking toplevel() on ptolemy.moml.MoMLSimpleApplication@558d154d
----------------- Done invoking toplevel() on ptolemy.moml.MoMLSimpleApplication@558d154d
reloadAllAccessors: .LevelCrossTest8

===========================================================================================
----------------- testing Sat Apr 18 14:04:38 UTC 2020 /home/travis/build/icyphy/ptII/ptolemy/actor/lib/test/auto/LevelCrossTest9.xml
----------------- Instantiating /home/travis/build/icyphy/ptII/ptolemy/actor/lib/test/auto/LevelCrossTest9.xml
1 ms. Memory: 449536K Free: 152137K (34%)
----------------- Invoking toplevel() on ptolemy.moml.MoMLSimpleApplication@30b84308
----------------- Done invoking toplevel() on ptolemy.moml.MoMLSimpleApplication@30b84308
reloadAllAccessors: .LevelCrossTest9

===========================================================================================
----------------- testing Sat Apr 18 14:04:38 UTC 2020 /home/travis/build/icyphy/ptII/ptolemy/actor/lib/test/auto/LevinsonDurbin.xml
----------------- Instantiating /home/travis/build/icyphy/ptII/ptolemy/actor/lib/test/auto/LevinsonDurbin.xml
1 ms. Memory: 449536K Free: 148041K (33%)
----------------- Invoking toplevel() on ptolemy.moml.MoMLSimpleApplication@231b4b45
----------------- Done invoking toplevel() on ptolemy.moml.MoMLSimpleApplication@231b4b45
reloadAllAccessors: .LevinsonDurbin

===========================================================================================
----------------- testing Sat Apr 18 14:04:38 UTC 2020 /home/travis/build/icyphy/ptII/ptolemy/actor/lib/test/auto/LevinsonDurbin2.xml
----------------- Instantiating /home/travis/build/icyphy/ptII/ptolemy/actor/lib/test/auto/LevinsonDurbin2.xml
1 ms. Memory: 449536K Free: 143945K (32%)
----------------- Invoking toplevel() on ptolemy.moml.MoMLSimpleApplication@61aa020f
----------------- Done invoking toplevel() on ptolemy.moml.MoMLSimpleApplication@61aa020f
reloadAllAccessors: .LevinsonDurbin2

===========================================================================================
----------------- testing Sat Apr 18 14:04:38 UTC 2020 /home/travis/build/icyphy/ptII/ptolemy/actor/lib/test/auto/LevinsonDurbin3.xml
----------------- Instantiating /home/travis/build/icyphy/ptII/ptolemy/actor/lib/test/auto/LevinsonDurbin3.xml
3 ms. Memory: 449536K Free: 140363K (31%)
----------------- Invoking toplevel() on ptolemy.moml.MoMLSimpleApplication@5edcf95
----------------- Done invoking toplevel() on ptolemy.moml.MoMLSimpleApplication@5edcf95
reloadAllAccessors: .LevinsonDurbin3

===========================================================================================
----------------- testing Sat Apr 18 14:04:38 UTC 2020 /home/travis/build/icyphy/ptII/ptolemy/actor/lib/test/auto/Limiter.xml
----------------- Instantiating /home/travis/build/icyphy/ptII/ptolemy/actor/lib/test/auto/Limiter.xml
4 ms. Memory: 449536K Free: 397114K (88%)
----------------- Invoking toplevel() on ptolemy.moml.MoMLSimpleApplication@4ab7fbe4
----------------- Done invoking toplevel() on ptolemy.moml.MoMLSimpleApplication@4ab7fbe4
reloadAllAccessors: .Limiter

===========================================================================================
----------------- testing Sat Apr 18 14:04:38 UTC 2020 /home/travis/build/icyphy/ptII/ptolemy/actor/lib/test/auto/LinearDifferenceEquationSystem.xml
----------------- Instantiating /home/travis/build/icyphy/ptII/ptolemy/actor/lib/test/auto/LinearDifferenceEquationSystem.xml
4 ms. Memory: 449536K Free: 389432K (87%)
----------------- Invoking toplevel() on ptolemy.moml.MoMLSimpleApplication@6a98b44f
----------------- Done invoking toplevel() on ptolemy.moml.MoMLSimpleApplication@6a98b44f
reloadAllAccessors: .LinearDifferenceEquationSystem

===========================================================================================
----------------- testing Sat Apr 18 14:04:38 UTC 2020 /home/travis/build/icyphy/ptII/ptolemy/actor/lib/test/auto/LookupTable.xml
----------------- Instantiating /home/travis/build/icyphy/ptII/ptolemy/actor/lib/test/auto/LookupTable.xml
1 ms. Memory: 449536K Free: 384826K (86%)
----------------- Invoking toplevel() on ptolemy.moml.MoMLSimpleApplication@1de1e588
----------------- Done invoking toplevel() on ptolemy.moml.MoMLSimpleApplication@1de1e588
reloadAllAccessors: .LookupTable

===========================================================================================
----------------- testing Sat Apr 18 14:04:38 UTC 2020 /home/travis/build/icyphy/ptII/ptolemy/actor/lib/test/auto/MathFunction.xml
----------------- Instantiating /home/travis/build/icyphy/ptII/ptolemy/actor/lib/test/auto/MathFunction.xml
2 ms. Memory: 449536K Free: 376634K (84%)
----------------- Invoking toplevel() on ptolemy.moml.MoMLSimpleApplication@4db31d09
----------------- Done invoking toplevel() on ptolemy.moml.MoMLSimpleApplication@4db31d09
reloadAllAccessors: .MathFunction

===========================================================================================
----------------- testing Sat Apr 18 14:04:38 UTC 2020 /home/travis/build/icyphy/ptII/ptolemy/actor/lib/test/auto/MathFunction2.xml
----------------- Instantiating /home/travis/build/icyphy/ptII/ptolemy/actor/lib/test/auto/MathFunction2.xml
6 ms. Memory: 449536K Free: 372538K (83%)
----------------- Invoking toplevel() on ptolemy.moml.MoMLSimpleApplication@386b7cb5
----------------- Done invoking toplevel() on ptolemy.moml.MoMLSimpleApplication@386b7cb5
reloadAllAccessors: .MathFunction2

===========================================================================================
----------------- testing Sat Apr 18 14:04:38 UTC 2020 /home/travis/build/icyphy/ptII/ptolemy/actor/lib/test/auto/MathFunction3.xml
----------------- Instantiating /home/travis/build/icyphy/ptII/ptolemy/actor/lib/test/auto/MathFunction3.xml
2 ms. Memory: 449536K Free: 365370K (81%)
----------------- Invoking toplevel() on ptolemy.moml.MoMLSimpleApplication@5c08bcba
----------------- Done invoking toplevel() on ptolemy.moml.MoMLSimpleApplication@5c08bcba
reloadAllAccessors: .MathFunction3

===========================================================================================
----------------- testing Sat Apr 18 14:04:38 UTC 2020 /home/travis/build/icyphy/ptII/ptolemy/actor/lib/test/auto/MatrixCropBoolean.xml
----------------- Instantiating /home/travis/build/icyphy/ptII/ptolemy/actor/lib/test/auto/MatrixCropBoolean.xml
2 ms. Memory: 449536K Free: 360730K (80%)
----------------- Invoking toplevel() on ptolemy.moml.MoMLSimpleApplication@36699a3f
----------------- Done invoking toplevel() on ptolemy.moml.MoMLSimpleApplication@36699a3f
reloadAllAccessors: .MatrixCropBoolean

===========================================================================================
----------------- testing Sat Apr 18 14:04:38 UTC 2020 /home/travis/build/icyphy/ptII/ptolemy/actor/lib/test/auto/MatrixCropComplex.xml
----------------- Instantiating /home/travis/build/icyphy/ptII/ptolemy/actor/lib/test/auto/MatrixCropComplex.xml
2 ms. Memory: 449536K Free: 355626K (79%)
----------------- Invoking toplevel() on ptolemy.moml.MoMLSimpleApplication@7bb512d7
----------------- Done invoking toplevel() on ptolemy.moml.MoMLSimpleApplication@7bb512d7
reloadAllAccessors: .MatrixCropComplex

===========================================================================================
----------------- testing Sat Apr 18 14:04:38 UTC 2020 /home/travis/build/icyphy/ptII/ptolemy/actor/lib/test/auto/MatrixCropDouble.xml
----------------- Instantiating /home/travis/build/icyphy/ptII/ptolemy/actor/lib/test/auto/MatrixCropDouble.xml
2 ms. Memory: 449536K Free: 350506K (78%)
----------------- Invoking toplevel() on ptolemy.moml.MoMLSimpleApplication@5e441316
----------------- Done invoking toplevel() on ptolemy.moml.MoMLSimpleApplication@5e441316
reloadAllAccessors: .MatrixCropDouble

===========================================================================================
----------------- testing Sat Apr 18 14:04:38 UTC 2020 /home/travis/build/icyphy/ptII/ptolemy/actor/lib/test/auto/MatrixCropFix.xml
----------------- Instantiating /home/travis/build/icyphy/ptII/ptolemy/actor/lib/test/auto/MatrixCropFix.xml
1 ms. Memory: 449536K Free: 345370K (77%)
----------------- Invoking toplevel() on ptolemy.moml.MoMLSimpleApplication@953a7bc
----------------- Done invoking toplevel() on ptolemy.moml.MoMLSimpleApplication@953a7bc
reloadAllAccessors: .MatrixCropFix

===========================================================================================
----------------- testing Sat Apr 18 14:04:38 UTC 2020 /home/travis/build/icyphy/ptII/ptolemy/actor/lib/test/auto/MatrixCropInt.xml
----------------- Instantiating /home/travis/build/icyphy/ptII/ptolemy/actor/lib/test/auto/MatrixCropInt.xml
2 ms. Memory: 449536K Free: 340266K (76%)
----------------- Invoking toplevel() on ptolemy.moml.MoMLSimpleApplication@17354f1
----------------- Done invoking toplevel() on ptolemy.moml.MoMLSimpleApplication@17354f1
reloadAllAccessors: .MatrixCropInt

===========================================================================================
----------------- testing Sat Apr 18 14:04:38 UTC 2020 /home/travis/build/icyphy/ptII/ptolemy/actor/lib/test/auto/MatrixCropLong.xml
----------------- Instantiating /home/travis/build/icyphy/ptII/ptolemy/actor/lib/test/auto/MatrixCropLong.xml
2 ms. Memory: 449536K Free: 335146K (75%)
----------------- Invoking toplevel() on ptolemy.moml.MoMLSimpleApplication@22d5f1e8
----------------- Done invoking toplevel() on ptolemy.moml.MoMLSimpleApplication@22d5f1e8
reloadAllAccessors: .MatrixCropLong

===========================================================================================
----------------- testing Sat Apr 18 14:04:38 UTC 2020 /home/travis/build/icyphy/ptII/ptolemy/actor/lib/test/auto/MatrixToArray.xml
----------------- Instantiating /home/travis/build/icyphy/ptII/ptolemy/actor/lib/test/auto/MatrixToArray.xml
15 ms. Memory: 449536K Free: 320314K (71%)
----------------- Invoking toplevel() on ptolemy.moml.MoMLSimpleApplication@390ef4df
----------------- Done invoking toplevel() on ptolemy.moml.MoMLSimpleApplication@390ef4df
reloadAllAccessors: .MatrixToArray

===========================================================================================
----------------- testing Sat Apr 18 14:04:38 UTC 2020 /home/travis/build/icyphy/ptII/ptolemy/actor/lib/test/auto/MaxIndex.xml
----------------- Instantiating /home/travis/build/icyphy/ptII/ptolemy/actor/lib/test/auto/MaxIndex.xml
2 ms. Memory: 449536K Free: 315194K (70%)
----------------- Invoking toplevel() on ptolemy.moml.MoMLSimpleApplication@5e7b9636
----------------- Done invoking toplevel() on ptolemy.moml.MoMLSimpleApplication@5e7b9636
reloadAllAccessors: .MaxIndex

===========================================================================================
----------------- testing Sat Apr 18 14:04:38 UTC 2020 /home/travis/build/icyphy/ptII/ptolemy/actor/lib/test/auto/Maximum.xml
----------------- Instantiating /home/travis/build/icyphy/ptII/ptolemy/actor/lib/test/auto/Maximum.xml
6 ms. Memory: 449536K Free: 309050K (69%)
----------------- Invoking toplevel() on ptolemy.moml.MoMLSimpleApplication@362f0e66
----------------- Done invoking toplevel() on ptolemy.moml.MoMLSimpleApplication@362f0e66
reloadAllAccessors: .Maximum

===========================================================================================
----------------- testing Sat Apr 18 14:04:38 UTC 2020 /home/travis/build/icyphy/ptII/ptolemy/actor/lib/test/auto/MaximumComplex.xml
----------------- Instantiating /home/travis/build/icyphy/ptII/ptolemy/actor/lib/test/auto/MaximumComplex.xml
5 ms. Memory: 449536K Free: 302906K (67%)
----------------- Invoking toplevel() on ptolemy.moml.MoMLSimpleApplication@287fcf02
----------------- Done invoking toplevel() on ptolemy.moml.MoMLSimpleApplication@287fcf02
reloadAllAccessors: .MaximumComplex

===========================================================================================
----------------- testing Sat Apr 18 14:04:38 UTC 2020 /home/travis/build/icyphy/ptII/ptolemy/actor/lib/test/auto/MethodCallTest.xml
----------------- Instantiating /home/travis/build/icyphy/ptII/ptolemy/actor/lib/test/auto/MethodCallTest.xml
3 ms. Memory: 449536K Free: 296248K (66%)
----------------- Invoking toplevel() on ptolemy.moml.MoMLSimpleApplication@2fa82b0c
----------------- Done invoking toplevel() on ptolemy.moml.MoMLSimpleApplication@2fa82b0c
reloadAllAccessors: .MethodCallTest

===========================================================================================
----------------- testing Sat Apr 18 14:04:38 UTC 2020 /home/travis/build/icyphy/ptII/ptolemy/actor/lib/test/auto/Minimum.xml
----------------- Instantiating /home/travis/build/icyphy/ptII/ptolemy/actor/lib/test/auto/Minimum.xml
4 ms. Memory: 449536K Free: 290090K (65%)
----------------- Invoking toplevel() on ptolemy.moml.MoMLSimpleApplication@69cf018c
----------------- Done invoking toplevel() on ptolemy.moml.MoMLSimpleApplication@69cf018c
reloadAllAccessors: .Minimum

===========================================================================================
----------------- testing Sat Apr 18 14:04:38 UTC 2020 /home/travis/build/icyphy/ptII/ptolemy/actor/lib/test/auto/MinimumComplex.xml
----------------- Instantiating /home/travis/build/icyphy/ptII/ptolemy/actor/lib/test/auto/MinimumComplex.xml
4 ms. Memory: 449536K Free: 283946K (63%)
----------------- Invoking toplevel() on ptolemy.moml.MoMLSimpleApplication@3120e832
----------------- Done invoking toplevel() on ptolemy.moml.MoMLSimpleApplication@3120e832
reloadAllAccessors: .MinimumComplex

===========================================================================================
----------------- testing Sat Apr 18 14:04:38 UTC 2020 /home/travis/build/icyphy/ptII/ptolemy/actor/lib/test/auto/MinimumMultiports.xml
----------------- Instantiating /home/travis/build/icyphy/ptII/ptolemy/actor/lib/test/auto/MinimumMultiports.xml
4 ms. Memory: 449536K Free: 275258K (61%)
----------------- Invoking toplevel() on ptolemy.moml.MoMLSimpleApplication@6f98b6f8
----------------- Done invoking toplevel() on ptolemy.moml.MoMLSimpleApplication@6f98b6f8
reloadAllAccessors: .MinimumMultiports

===========================================================================================
----------------- testing Sat Apr 18 14:04:38 UTC 2020 /home/travis/build/icyphy/ptII/ptolemy/actor/lib/test/auto/ModifyDate.xml
----------------- Instantiating /home/travis/build/icyphy/ptII/ptolemy/actor/lib/test/auto/ModifyDate.xml
7 ms. Memory: 449536K Free: 262456K (58%)
----------------- Invoking toplevel() on ptolemy.moml.MoMLSimpleApplication@6379fc40
----------------- Done invoking toplevel() on ptolemy.moml.MoMLSimpleApplication@6379fc40
reloadAllAccessors: .ModifyDate

===========================================================================================
----------------- testing Sat Apr 18 14:04:38 UTC 2020 /home/travis/build/icyphy/ptII/ptolemy/actor/lib/test/auto/ModifyDate2.xml
----------------- Instantiating /home/travis/build/icyphy/ptII/ptolemy/actor/lib/test/auto/ModifyDate2.xml
5 ms. Memory: 449536K Free: 254264K (57%)
----------------- Invoking toplevel() on ptolemy.moml.MoMLSimpleApplication@387bfebe
----------------- Done invoking toplevel() on ptolemy.moml.MoMLSimpleApplication@387bfebe
reloadAllAccessors: .ModifyDate2

===========================================================================================
----------------- testing Sat Apr 18 14:04:38 UTC 2020 /home/travis/build/icyphy/ptII/ptolemy/actor/lib/test/auto/MovingAverage.xml
----------------- Instantiating /home/travis/build/icyphy/ptII/ptolemy/actor/lib/test/auto/MovingAverage.xml
2 ms. Memory: 449536K Free: 249144K (55%)
----------------- Invoking toplevel() on ptolemy.moml.MoMLSimpleApplication@4e831ef0
----------------- Done invoking toplevel() on ptolemy.moml.MoMLSimpleApplication@4e831ef0
reloadAllAccessors: .MovingAverage

===========================================================================================
----------------- testing Sat Apr 18 14:04:38 UTC 2020 /home/travis/build/icyphy/ptII/ptolemy/actor/lib/test/auto/MovingMaximum.xml
----------------- Instantiating /home/travis/build/icyphy/ptII/ptolemy/actor/lib/test/auto/MovingMaximum.xml
1 ms. Memory: 449536K Free: 244538K (54%)
----------------- Invoking toplevel() on ptolemy.moml.MoMLSimpleApplication@6eb2ffeb
----------------- Done invoking toplevel() on ptolemy.moml.MoMLSimpleApplication@6eb2ffeb
reloadAllAccessors: .MovingMaximum

===========================================================================================
----------------- testing Sat Apr 18 14:04:38 UTC 2020 /home/travis/build/icyphy/ptII/ptolemy/actor/lib/test/auto/MultipleLinksToSameRelation.xml
----------------- Instantiating /home/travis/build/icyphy/ptII/ptolemy/actor/lib/test/auto/MultipleLinksToSameRelation.xml
2 ms. Memory: 449536K Free: 240442K (53%)
----------------- Invoking toplevel() on ptolemy.moml.MoMLSimpleApplication@250132a5
----------------- Done invoking toplevel() on ptolemy.moml.MoMLSimpleApplication@250132a5
reloadAllAccessors: .MultipleLinksToSameRelation

===========================================================================================
----------------- testing Sat Apr 18 14:04:38 UTC 2020 /home/travis/build/icyphy/ptII/ptolemy/actor/lib/test/auto/MultipleLinksToSameRelationDE.xml
----------------- Instantiating /home/travis/build/icyphy/ptII/ptolemy/actor/lib/test/auto/MultipleLinksToSameRelationDE.xml
9 ms. Memory: 449536K Free: 235802K (52%)
----------------- Invoking toplevel() on ptolemy.moml.MoMLSimpleApplication@738e2f14
----------------- Done invoking toplevel() on ptolemy.moml.MoMLSimpleApplication@738e2f14
reloadAllAccessors: .MultipleLinksToSameRelationDE

===========================================================================================
----------------- testing Sat Apr 18 14:04:38 UTC 2020 /home/travis/build/icyphy/ptII/ptolemy/actor/lib/test/auto/Multiplexor.xml
----------------- Instantiating /home/travis/build/icyphy/ptII/ptolemy/actor/lib/test/auto/Multiplexor.xml
2 ms. Memory: 449536K Free: 230202K (51%)
----------------- Invoking toplevel() on ptolemy.moml.MoMLSimpleApplication@5e2b3823
----------------- Done invoking toplevel() on ptolemy.moml.MoMLSimpleApplication@5e2b3823
reloadAllAccessors: .Multiplexor

===========================================================================================
----------------- testing Sat Apr 18 14:04:38 UTC 2020 /home/travis/build/icyphy/ptII/ptolemy/actor/lib/test/auto/Multiplexor1.xml
----------------- Instantiating /home/travis/build/icyphy/ptII/ptolemy/actor/lib/test/auto/Multiplexor1.xml
2 ms. Memory: 449536K Free: 224538K (50%)
----------------- Invoking toplevel() on ptolemy.moml.MoMLSimpleApplication@4780e848
----------------- Done invoking toplevel() on ptolemy.moml.MoMLSimpleApplication@4780e848
reloadAllAccessors: .Multiplexor1

===========================================================================================
----------------- testing Sat Apr 18 14:04:38 UTC 2020 /home/travis/build/icyphy/ptII/ptolemy/actor/lib/test/auto/Multiplexor2.xml
----------------- Instantiating /home/travis/build/icyphy/ptII/ptolemy/actor/lib/test/auto/Multiplexor2.xml
7 ms. Memory: 449536K Free: 217914K (48%)
----------------- Invoking toplevel() on ptolemy.moml.MoMLSimpleApplication@5656d8c5
----------------- Done invoking toplevel() on ptolemy.moml.MoMLSimpleApplication@5656d8c5
reloadAllAccessors: .Multiplexor2

===========================================================================================
----------------- testing Sat Apr 18 14:04:38 UTC 2020 /home/travis/build/icyphy/ptII/ptolemy/actor/lib/test/auto/Multiplexor3.xml
----------------- Instantiating /home/travis/build/icyphy/ptII/ptolemy/actor/lib/test/auto/Multiplexor3.xml
2 ms. Memory: 449536K Free: 213818K (48%)
----------------- Invoking toplevel() on ptolemy.moml.MoMLSimpleApplication@64aae4d7
----------------- Done invoking toplevel() on ptolemy.moml.MoMLSimpleApplication@64aae4d7
reloadAllAccessors: .Multiplexor3

===========================================================================================
----------------- testing Sat Apr 18 14:04:38 UTC 2020 /home/travis/build/icyphy/ptII/ptolemy/actor/lib/test/auto/MultiplexorDE.xml
----------------- Instantiating /home/travis/build/icyphy/ptII/ptolemy/actor/lib/test/auto/MultiplexorDE.xml
3 ms. Memory: 449536K Free: 206106K (46%)
----------------- Invoking toplevel() on ptolemy.moml.MoMLSimpleApplication@e5ec214
----------------- Done invoking toplevel() on ptolemy.moml.MoMLSimpleApplication@e5ec214
reloadAllAccessors: .MultiplexorDE

===========================================================================================
----------------- testing Sat Apr 18 14:04:38 UTC 2020 /home/travis/build/icyphy/ptII/ptolemy/actor/lib/test/auto/MultiportBroadcastTest.xml
----------------- Instantiating /home/travis/build/icyphy/ptII/ptolemy/actor/lib/test/auto/MultiportBroadcastTest.xml
90 ms. Memory: 449536K Free: 199992K (44%)
----------------- Invoking toplevel() on ptolemy.moml.MoMLSimpleApplication@406ffc36
----------------- Done invoking toplevel() on ptolemy.moml.MoMLSimpleApplication@406ffc36
reloadAllAccessors: .MultiportBroadcastTest

===========================================================================================
----------------- testing Sat Apr 18 14:04:39 UTC 2020 /home/travis/build/icyphy/ptII/ptolemy/actor/lib/test/auto/MultiportOutHangDuringGetWidth.xml
----------------- Instantiating /home/travis/build/icyphy/ptII/ptolemy/actor/lib/test/auto/MultiportOutHangDuringGetWidth.xml
6 ms. Memory: 449536K Free: 188714K (42%)
----------------- Invoking toplevel() on ptolemy.moml.MoMLSimpleApplication@554c7a78
----------------- Done invoking toplevel() on ptolemy.moml.MoMLSimpleApplication@554c7a78
reloadAllAccessors: .MultiportOutHangDuringGetWidth

===========================================================================================
----------------- testing Sat Apr 18 14:04:39 UTC 2020 /home/travis/build/icyphy/ptII/ptolemy/actor/lib/test/auto/NilToken.xml
----------------- Instantiating /home/travis/build/icyphy/ptII/ptolemy/actor/lib/test/auto/NilToken.xml
1 ms. Memory: 449536K Free: 184632K (41%)
----------------- Invoking toplevel() on ptolemy.moml.MoMLSimpleApplication@39a38f2f
----------------- Done invoking toplevel() on ptolemy.moml.MoMLSimpleApplication@39a38f2f
reloadAllAccessors: .NilToken

===========================================================================================
----------------- testing Sat Apr 18 14:04:39 UTC 2020 /home/travis/build/icyphy/ptII/ptolemy/actor/lib/test/auto/NilTokenNonStrictTest.xml
----------------- Instantiating /home/travis/build/icyphy/ptII/ptolemy/actor/lib/test/auto/NilTokenNonStrictTest.xml
3 ms. Memory: 449536K Free: 179512K (40%)
----------------- Invoking toplevel() on ptolemy.moml.MoMLSimpleApplication@525ac069
----------------- Done invoking toplevel() on ptolemy.moml.MoMLSimpleApplication@525ac069
reloadAllAccessors: .NilTokenNonStrictTest

===========================================================================================
----------------- testing Sat Apr 18 14:04:39 UTC 2020 /home/travis/build/icyphy/ptII/ptolemy/actor/lib/test/auto/NilTokenRecord.xml
----------------- Instantiating /home/travis/build/icyphy/ptII/ptolemy/actor/lib/test/auto/NilTokenRecord.xml
6 ms. Memory: 449536K Free: 172858K (38%)
----------------- Invoking toplevel() on ptolemy.moml.MoMLSimpleApplication@371877f3
----------------- Done invoking toplevel() on ptolemy.moml.MoMLSimpleApplication@371877f3
reloadAllAccessors: .NilTokenRecord

===========================================================================================
----------------- testing Sat Apr 18 14:04:39 UTC 2020 /home/travis/build/icyphy/ptII/ptolemy/actor/lib/test/auto/NilTokenTypeTest.xml
----------------- Instantiating /home/travis/build/icyphy/ptII/ptolemy/actor/lib/test/auto/NilTokenTypeTest.xml
11 ms. Memory: 449536K Free: 163128K (36%)
----------------- Invoking toplevel() on ptolemy.moml.MoMLSimpleApplication@820e269
----------------- Done invoking toplevel() on ptolemy.moml.MoMLSimpleApplication@820e269
reloadAllAccessors: .NilTokenTypeTest

===========================================================================================
----------------- testing Sat Apr 18 14:04:39 UTC 2020 /home/travis/build/icyphy/ptII/ptolemy/actor/lib/test/auto/ObjectToken1.xml
----------------- Instantiating /home/travis/build/icyphy/ptII/ptolemy/actor/lib/test/auto/ObjectToken1.xml
3 ms. Memory: 449536K Free: 159032K (35%)
----------------- Invoking toplevel() on ptolemy.moml.MoMLSimpleApplication@5cc1a9a3
----------------- Done invoking toplevel() on ptolemy.moml.MoMLSimpleApplication@5cc1a9a3
reloadAllAccessors: .ObjectToken1

===========================================================================================
----------------- testing Sat Apr 18 14:04:39 UTC 2020 /home/travis/build/icyphy/ptII/ptolemy/actor/lib/test/auto/OrderedMerge.xml
----------------- Instantiating /home/travis/build/icyphy/ptII/ptolemy/actor/lib/test/auto/OrderedMerge.xml
11 ms. Memory: 449536K Free: 153402K (34%)
----------------- Invoking toplevel() on ptolemy.moml.MoMLSimpleApplication@5bf45b98
----------------- Done invoking toplevel() on ptolemy.moml.MoMLSimpleApplication@5bf45b98
reloadAllAccessors: .OrderedMerge

===========================================================================================
----------------- testing Sat Apr 18 14:04:39 UTC 2020 /home/travis/build/icyphy/ptII/ptolemy/actor/lib/test/auto/OrderedRecordDisassembler.xml
----------------- Instantiating /home/travis/build/icyphy/ptII/ptolemy/actor/lib/test/auto/OrderedRecordDisassembler.xml
3 ms. Memory: 449536K Free: 148282K (33%)
----------------- Invoking toplevel() on ptolemy.moml.MoMLSimpleApplication@36e35c9d
----------------- Done invoking toplevel() on ptolemy.moml.MoMLSimpleApplication@36e35c9d
reloadAllAccessors: .OrderedRecordDisassembler

===========================================================================================
----------------- testing Sat Apr 18 14:04:39 UTC 2020 /home/travis/build/icyphy/ptII/ptolemy/actor/lib/test/auto/OrderedRecordDisassembler2.xml
----------------- Instantiating /home/travis/build/icyphy/ptII/ptolemy/actor/lib/test/auto/OrderedRecordDisassembler2.xml
4 ms. Memory: 449536K Free: 140586K (31%)
----------------- Invoking toplevel() on ptolemy.moml.MoMLSimpleApplication@201b678a
----------------- Done invoking toplevel() on ptolemy.moml.MoMLSimpleApplication@201b678a
reloadAllAccessors: .OrderedRecordDisassembler2

===========================================================================================
----------------- testing Sat Apr 18 14:04:39 UTC 2020 /home/travis/build/icyphy/ptII/ptolemy/actor/lib/test/auto/OrderedRecordUpdater.xml
----------------- Instantiating /home/travis/build/icyphy/ptII/ptolemy/actor/lib/test/auto/OrderedRecordUpdater.xml
1 ms. Memory: 449536K Free: 135480K (30%)
----------------- Invoking toplevel() on ptolemy.moml.MoMLSimpleApplication@33b06519
----------------- Done invoking toplevel() on ptolemy.moml.MoMLSimpleApplication@33b06519
reloadAllAccessors: .RecordUpdater

===========================================================================================
----------------- testing Sat Apr 18 14:04:39 UTC 2020 /home/travis/build/icyphy/ptII/ptolemy/actor/lib/test/auto/OrderedRecordUpdater2.xml
----------------- Instantiating /home/travis/build/icyphy/ptII/ptolemy/actor/lib/test/auto/OrderedRecordUpdater2.xml
1 ms. Memory: 449536K Free: 396600K (88%)
----------------- Invoking toplevel() on ptolemy.moml.MoMLSimpleApplication@75a355ba
----------------- Done invoking toplevel() on ptolemy.moml.MoMLSimpleApplication@75a355ba
reloadAllAccessors: .RecordUpdater2

===========================================================================================
----------------- testing Sat Apr 18 14:04:39 UTC 2020 /home/travis/build/icyphy/ptII/ptolemy/actor/lib/test/auto/PhaseUnwrap.xml
----------------- Instantiating /home/travis/build/icyphy/ptII/ptolemy/actor/lib/test/auto/PhaseUnwrap.xml
1 ms. Memory: 449536K Free: 391994K (87%)
----------------- Invoking toplevel() on ptolemy.moml.MoMLSimpleApplication@540246da
----------------- Done invoking toplevel() on ptolemy.moml.MoMLSimpleApplication@540246da
reloadAllAccessors: .PhaseUnwrap

===========================================================================================
----------------- testing Sat Apr 18 14:04:39 UTC 2020 /home/travis/build/icyphy/ptII/ptolemy/actor/lib/test/auto/PoissonClock.xml
----------------- Instantiating /home/travis/build/icyphy/ptII/ptolemy/actor/lib/test/auto/PoissonClock.xml
1 ms. Memory: 449536K Free: 387898K (86%)
----------------- Invoking toplevel() on ptolemy.moml.MoMLSimpleApplication@e687ce8
----------------- Done invoking toplevel() on ptolemy.moml.MoMLSimpleApplication@e687ce8
reloadAllAccessors: .PoissonClock

===========================================================================================
----------------- testing Sat Apr 18 14:04:39 UTC 2020 /home/travis/build/icyphy/ptII/ptolemy/actor/lib/test/auto/PoissonClock2.xml
----------------- Instantiating /home/travis/build/icyphy/ptII/ptolemy/actor/lib/test/auto/PoissonClock2.xml
2 ms. Memory: 449536K Free: 383288K (85%)
----------------- Invoking toplevel() on ptolemy.moml.MoMLSimpleApplication@21740795
----------------- Done invoking toplevel() on ptolemy.moml.MoMLSimpleApplication@21740795
reloadAllAccessors: .PoissonClock2

===========================================================================================
----------------- testing Sat Apr 18 14:04:39 UTC 2020 /home/travis/build/icyphy/ptII/ptolemy/actor/lib/test/auto/PoissonClock3.xml
----------------- Instantiating /home/travis/build/icyphy/ptII/ptolemy/actor/lib/test/auto/PoissonClock3.xml
1 ms. Memory: 449536K Free: 378682K (84%)
----------------- Invoking toplevel() on ptolemy.moml.MoMLSimpleApplication@632592ab
----------------- Done invoking toplevel() on ptolemy.moml.MoMLSimpleApplication@632592ab
reloadAllAccessors: .PoissonClock3

===========================================================================================
----------------- testing Sat Apr 18 14:04:39 UTC 2020 /home/travis/build/icyphy/ptII/ptolemy/actor/lib/test/auto/PubSubWithInitialTokens.xml
----------------- Instantiating /home/travis/build/icyphy/ptII/ptolemy/actor/lib/test/auto/PubSubWithInitialTokens.xml
4 ms. Memory: 449536K Free: 373042K (83%)
----------------- Invoking toplevel() on ptolemy.moml.MoMLSimpleApplication@1a33e97e
----------------- Done invoking toplevel() on ptolemy.moml.MoMLSimpleApplication@1a33e97e
reloadAllAccessors: .PubSubWithInitialTokens

===========================================================================================
----------------- testing Sat Apr 18 14:04:39 UTC 2020 /home/travis/build/icyphy/ptII/ptolemy/actor/lib/test/auto/PubSubWithInitialTokens2.xml
----------------- Instantiating /home/travis/build/icyphy/ptII/ptolemy/actor/lib/test/auto/PubSubWithInitialTokens2.xml
2 ms. Memory: 449536K Free: 366890K (82%)
----------------- Invoking toplevel() on ptolemy.moml.MoMLSimpleApplication@69d75bce
----------------- Done invoking toplevel() on ptolemy.moml.MoMLSimpleApplication@69d75bce
reloadAllAccessors: .PubSubWithInitialTokens2

===========================================================================================
----------------- testing Sat Apr 18 14:04:39 UTC 2020 /home/travis/build/icyphy/ptII/ptolemy/actor/lib/test/auto/PublisherClassNoParameter.xml
----------------- Instantiating /home/travis/build/icyphy/ptII/ptolemy/actor/lib/test/auto/PublisherClassNoParameter.xml
4 ms. Memory: 449536K Free: 356650K (79%)
----------------- Invoking toplevel() on ptolemy.moml.MoMLSimpleApplication@418f3642
----------------- Done invoking toplevel() on ptolemy.moml.MoMLSimpleApplication@418f3642
reloadAllAccessors: .PublisherClassNoParameter

===========================================================================================
----------------- testing Sat Apr 18 14:04:39 UTC 2020 /home/travis/build/icyphy/ptII/ptolemy/actor/lib/test/auto/PublisherClassParameter.xml
----------------- Instantiating /home/travis/build/icyphy/ptII/ptolemy/actor/lib/test/auto/PublisherClassParameter.xml
2 ms. Memory: 449536K Free: 346424K (77%)
----------------- Invoking toplevel() on ptolemy.moml.MoMLSimpleApplication@6d640c7e
----------------- Done invoking toplevel() on ptolemy.moml.MoMLSimpleApplication@6d640c7e
reloadAllAccessors: .PublisherClassParameter

===========================================================================================
----------------- testing Sat Apr 18 14:04:39 UTC 2020 /home/travis/build/icyphy/ptII/ptolemy/actor/lib/test/auto/PublisherNonStrictTest.xml
----------------- Instantiating /home/travis/build/icyphy/ptII/ptolemy/actor/lib/test/auto/PublisherNonStrictTest.xml
3 ms. Memory: 449536K Free: 338746K (75%)
----------------- Invoking toplevel() on ptolemy.moml.MoMLSimpleApplication@2bd5a397
----------------- Done invoking toplevel() on ptolemy.moml.MoMLSimpleApplication@2bd5a397
reloadAllAccessors: .PublisherNonStrictTest

===========================================================================================
----------------- testing Sat Apr 18 14:04:39 UTC 2020 /home/travis/build/icyphy/ptII/ptolemy/actor/lib/test/auto/PublisherPort1.xml
----------------- Instantiating /home/travis/build/icyphy/ptII/ptolemy/actor/lib/test/auto/PublisherPort1.xml
11 ms. Memory: 449536K Free: 333082K (74%)
----------------- Invoking toplevel() on ptolemy.moml.MoMLSimpleApplication@435cd116
----------------- Done invoking toplevel() on ptolemy.moml.MoMLSimpleApplication@435cd116
reloadAllAccessors: .PublisherPort1

===========================================================================================
----------------- testing Sat Apr 18 14:04:39 UTC 2020 /home/travis/build/icyphy/ptII/ptolemy/actor/lib/test/auto/PublisherPort2.xml
----------------- Instantiating /home/travis/build/icyphy/ptII/ptolemy/actor/lib/test/auto/PublisherPort2.xml
1 ms. Memory: 449536K Free: 327992K (73%)
----------------- Invoking toplevel() on ptolemy.moml.MoMLSimpleApplication@1f97e4de
----------------- Done invoking toplevel() on ptolemy.moml.MoMLSimpleApplication@1f97e4de
reloadAllAccessors: .PublisherPort2

===========================================================================================
----------------- testing Sat Apr 18 14:04:39 UTC 2020 /home/travis/build/icyphy/ptII/ptolemy/actor/lib/test/auto/PublisherPort3.xml
----------------- Instantiating /home/travis/build/icyphy/ptII/ptolemy/actor/lib/test/auto/PublisherPort3.xml
3 ms. Memory: 449536K Free: 321338K (71%)
----------------- Invoking toplevel() on ptolemy.moml.MoMLSimpleApplication@21573496
----------------- Done invoking toplevel() on ptolemy.moml.MoMLSimpleApplication@21573496
reloadAllAccessors: .PublisherPort3

===========================================================================================
----------------- testing Sat Apr 18 14:04:39 UTC 2020 /home/travis/build/icyphy/ptII/ptolemy/actor/lib/test/auto/PublisherPort4.xml
----------------- Instantiating /home/travis/build/icyphy/ptII/ptolemy/actor/lib/test/auto/PublisherPort4.xml
2 ms. Memory: 449536K Free: 315698K (70%)
----------------- Invoking toplevel() on ptolemy.moml.MoMLSimpleApplication@662fbb6a
----------------- Done invoking toplevel() on ptolemy.moml.MoMLSimpleApplication@662fbb6a
reloadAllAccessors: .PublisherPort4

===========================================================================================
----------------- testing Sat Apr 18 14:04:39 UTC 2020 /home/travis/build/icyphy/ptII/ptolemy/actor/lib/test/auto/PublisherPort5.xml
----------------- Instantiating /home/travis/build/icyphy/ptII/ptolemy/actor/lib/test/auto/PublisherPort5.xml
3 ms. Memory: 449536K Free: 308026K (69%)
----------------- Invoking toplevel() on ptolemy.moml.MoMLSimpleApplication@24deacb8
----------------- Done invoking toplevel() on ptolemy.moml.MoMLSimpleApplication@24deacb8
reloadAllAccessors: .PublisherPort5

===========================================================================================
----------------- testing Sat Apr 18 14:04:39 UTC 2020 /home/travis/build/icyphy/ptII/ptolemy/actor/lib/test/auto/PublisherPort5LookAlike.xml
----------------- Instantiating /home/travis/build/icyphy/ptII/ptolemy/actor/lib/test/auto/PublisherPort5LookAlike.xml
7 ms. Memory: 449536K Free: 300344K (67%)
----------------- Invoking toplevel() on ptolemy.moml.MoMLSimpleApplication@7346cad9
----------------- Done invoking toplevel() on ptolemy.moml.MoMLSimpleApplication@7346cad9
reloadAllAccessors: .PublisherPort5LookAlike

===========================================================================================
----------------- testing Sat Apr 18 14:04:39 UTC 2020 /home/travis/build/icyphy/ptII/ptolemy/actor/lib/test/auto/PublisherPort6.xml
----------------- Instantiating /home/travis/build/icyphy/ptII/ptolemy/actor/lib/test/auto/PublisherPort6.xml
2 ms. Memory: 449536K Free: 293690K (65%)
----------------- Invoking toplevel() on ptolemy.moml.MoMLSimpleApplication@4f379fec
----------------- Done invoking toplevel() on ptolemy.moml.MoMLSimpleApplication@4f379fec
reloadAllAccessors: .PublisherPort6

===========================================================================================
----------------- testing Sat Apr 18 14:04:39 UTC 2020 /home/travis/build/icyphy/ptII/ptolemy/actor/lib/test/auto/PublisherPort7.xml
----------------- Instantiating /home/travis/build/icyphy/ptII/ptolemy/actor/lib/test/auto/PublisherPort7.xml
3 ms. Memory: 449536K Free: 286008K (64%)
----------------- Invoking toplevel() on ptolemy.moml.MoMLSimpleApplication@3f131f18
----------------- Done invoking toplevel() on ptolemy.moml.MoMLSimpleApplication@3f131f18
reloadAllAccessors: .PublisherPort7

===========================================================================================
----------------- testing Sat Apr 18 14:04:39 UTC 2020 /home/travis/build/icyphy/ptII/ptolemy/actor/lib/test/auto/PublisherPort8.xml
----------------- Instantiating /home/travis/build/icyphy/ptII/ptolemy/actor/lib/test/auto/PublisherPort8.xml
6 ms. Memory: 449536K Free: 277306K (62%)
----------------- Invoking toplevel() on ptolemy.moml.MoMLSimpleApplication@9197d7c
----------------- Done invoking toplevel() on ptolemy.moml.MoMLSimpleApplication@9197d7c
reloadAllAccessors: .PublisherPort8

===========================================================================================
----------------- testing Sat Apr 18 14:04:39 UTC 2020 /home/travis/build/icyphy/ptII/ptolemy/actor/lib/test/auto/PublisherPortSubscriberChannelVariablesAOC2.xml
----------------- Instantiating /home/travis/build/icyphy/ptII/ptolemy/actor/lib/test/auto/PublisherPortSubscriberChannelVariablesAOC2.xml
3 ms. Memory: 449536K Free: 259898K (58%)
----------------- Invoking toplevel() on ptolemy.moml.MoMLSimpleApplication@5bdb9518
----------------- Done invoking toplevel() on ptolemy.moml.MoMLSimpleApplication@5bdb9518
reloadAllAccessors: .PublisherPortSubscriberChannelVariablesAOC2

===========================================================================================
----------------- testing Sat Apr 18 14:04:39 UTC 2020 /home/travis/build/icyphy/ptII/ptolemy/actor/lib/test/auto/PublisherPortSubscriberOpaqueWidthInference.xml
----------------- Instantiating /home/travis/build/icyphy/ptII/ptolemy/actor/lib/test/auto/PublisherPortSubscriberOpaqueWidthInference.xml
4 ms. Memory: 449536K Free: 251706K (56%)
----------------- Invoking toplevel() on ptolemy.moml.MoMLSimpleApplication@6962bc84
----------------- Done invoking toplevel() on ptolemy.moml.MoMLSimpleApplication@6962bc84
reloadAllAccessors: .PublisherPortSubscriberOpaqueWidthInference

===========================================================================================
----------------- testing Sat Apr 18 14:04:39 UTC 2020 /home/travis/build/icyphy/ptII/ptolemy/actor/lib/test/auto/PublisherPortSubscriberPortAdjacent.xml
----------------- Instantiating /home/travis/build/icyphy/ptII/ptolemy/actor/lib/test/auto/PublisherPortSubscriberPortAdjacent.xml
1 ms. Memory: 449536K Free: 243514K (54%)
----------------- Invoking toplevel() on ptolemy.moml.MoMLSimpleApplication@470031a9
----------------- Done invoking toplevel() on ptolemy.moml.MoMLSimpleApplication@470031a9
reloadAllAccessors: .PublisherPortSubscriberPortAdjacent

===========================================================================================
----------------- testing Sat Apr 18 14:04:39 UTC 2020 /home/travis/build/icyphy/ptII/ptolemy/actor/lib/test/auto/PublisherPortSubscriberPortExpression.xml
----------------- Instantiating /home/travis/build/icyphy/ptII/ptolemy/actor/lib/test/auto/PublisherPortSubscriberPortExpression.xml
3 ms. Memory: 449536K Free: 235826K (52%)
----------------- Invoking toplevel() on ptolemy.moml.MoMLSimpleApplication@1439ec1a
----------------- Done invoking toplevel() on ptolemy.moml.MoMLSimpleApplication@1439ec1a
reloadAllAccessors: .PublisherPortSubscriberPortExpression

===========================================================================================
----------------- testing Sat Apr 18 14:04:39 UTC 2020 /home/travis/build/icyphy/ptII/ptolemy/actor/lib/test/auto/PublisherPortSubscriberPortOpaqueD3Reverse.xml
----------------- Instantiating /home/travis/build/icyphy/ptII/ptolemy/actor/lib/test/auto/PublisherPortSubscriberPortOpaqueD3Reverse.xml
6 ms. Memory: 449536K Free: 225592K (50%)
----------------- Invoking toplevel() on ptolemy.moml.MoMLSimpleApplication@71a6d746
----------------- Done invoking toplevel() on ptolemy.moml.MoMLSimpleApplication@71a6d746
reloadAllAccessors: .PublisherPortSubscriberPortOpaqueD3Reverse

===========================================================================================
----------------- testing Sat Apr 18 14:04:39 UTC 2020 /home/travis/build/icyphy/ptII/ptolemy/actor/lib/test/auto/PublisherPortSubscriberPortOpaqueWidthInference.xml
----------------- Instantiating /home/travis/build/icyphy/ptII/ptolemy/actor/lib/test/auto/PublisherPortSubscriberPortOpaqueWidthInference.xml
4 ms. Memory: 449536K Free: 217914K (48%)
----------------- Invoking toplevel() on ptolemy.moml.MoMLSimpleApplication@29e850f
----------------- Done invoking toplevel() on ptolemy.moml.MoMLSimpleApplication@29e850f
reloadAllAccessors: .PublisherPortSubscriberPortOpaqueWidthInference

===========================================================================================
----------------- testing Sat Apr 18 14:04:39 UTC 2020 /home/travis/build/icyphy/ptII/ptolemy/actor/lib/test/auto/PublisherPortToplevelSubscriberPortAOC.xml
----------------- Instantiating /home/travis/build/icyphy/ptII/ptolemy/actor/lib/test/auto/PublisherPortToplevelSubscriberPortAOC.xml
.PublisherPortToplevelSubscriberPortAOC.TestExceptionAttribute: initialize() was not invoked, but wrapup() was.  This is unusual, but not always a problem.  For example, exporting JNLP will do this.
0 ms. Memory: 449536K Free: 212280K (47%)
----------------- Invoking toplevel() on ptolemy.moml.MoMLSimpleApplication@1e6b8362
----------------- Done invoking toplevel() on ptolemy.moml.MoMLSimpleApplication@1e6b8362
reloadAllAccessors: .PublisherPortToplevelSubscriberPortAOC

===========================================================================================
----------------- testing Sat Apr 18 14:04:39 UTC 2020 /home/travis/build/icyphy/ptII/ptolemy/actor/lib/test/auto/PublisherSubscriber.xml
----------------- Instantiating /home/travis/build/icyphy/ptII/ptolemy/actor/lib/test/auto/PublisherSubscriber.xml
2 ms. Memory: 449536K Free: 204602K (46%)
----------------- Invoking toplevel() on ptolemy.moml.MoMLSimpleApplication@6bf3b97a
----------------- Done invoking toplevel() on ptolemy.moml.MoMLSimpleApplication@6bf3b97a
reloadAllAccessors: .PublisherSubscriber

===========================================================================================
----------------- testing Sat Apr 18 14:04:39 UTC 2020 /home/travis/build/icyphy/ptII/ptolemy/actor/lib/test/auto/PublisherSubscriber10.xml
----------------- Instantiating /home/travis/build/icyphy/ptII/ptolemy/actor/lib/test/auto/PublisherSubscriber10.xml
5 ms. Memory: 449536K Free: 194872K (43%)
----------------- Invoking toplevel() on ptolemy.moml.MoMLSimpleApplication@20368d7e
----------------- Done invoking toplevel() on ptolemy.moml.MoMLSimpleApplication@20368d7e
reloadAllAccessors: .PublisherSubscriber10

===========================================================================================
----------------- testing Sat Apr 18 14:04:39 UTC 2020 /home/travis/build/icyphy/ptII/ptolemy/actor/lib/test/auto/PublisherSubscriber10InitialOutputs.xml
----------------- Instantiating /home/travis/build/icyphy/ptII/ptolemy/actor/lib/test/auto/PublisherSubscriber10InitialOutputs.xml
15 ms. Memory: 449536K Free: 185656K (41%)
----------------- Invoking toplevel() on ptolemy.moml.MoMLSimpleApplication@3c2d82e6
----------------- Done invoking toplevel() on ptolemy.moml.MoMLSimpleApplication@3c2d82e6
reloadAllAccessors: .PublisherSubscriber10InitialOutputs

===========================================================================================
----------------- testing Sat Apr 18 14:04:39 UTC 2020 /home/travis/build/icyphy/ptII/ptolemy/actor/lib/test/auto/PublisherSubscriber11.xml
----------------- Instantiating /home/travis/build/icyphy/ptII/ptolemy/actor/lib/test/auto/PublisherSubscriber11.xml
2 ms. Memory: 449536K Free: 179482K (40%)
----------------- Invoking toplevel() on ptolemy.moml.MoMLSimpleApplication@165051f7
----------------- Done invoking toplevel() on ptolemy.moml.MoMLSimpleApplication@165051f7
reloadAllAccessors: .PublisherSubscriber11

===========================================================================================
----------------- testing Sat Apr 18 14:04:39 UTC 2020 /home/travis/build/icyphy/ptII/ptolemy/actor/lib/test/auto/PublisherSubscriber12.xml
----------------- Instantiating /home/travis/build/icyphy/ptII/ptolemy/actor/lib/test/auto/PublisherSubscriber12.xml
5 ms. Memory: 449536K Free: 172858K (38%)
----------------- Invoking toplevel() on ptolemy.moml.MoMLSimpleApplication@64de72a1
----------------- Done invoking toplevel() on ptolemy.moml.MoMLSimpleApplication@64de72a1
reloadAllAccessors: .PublisherSubscriber12

===========================================================================================
----------------- testing Sat Apr 18 14:04:39 UTC 2020 /home/travis/build/icyphy/ptII/ptolemy/actor/lib/test/auto/PublisherSubscriber13.xml
----------------- Instantiating /home/travis/build/icyphy/ptII/ptolemy/actor/lib/test/auto/PublisherSubscriber13.xml
2 ms. Memory: 449536K Free: 167194K (37%)
----------------- Invoking toplevel() on ptolemy.moml.MoMLSimpleApplication@39ccaa66
----------------- Done invoking toplevel() on ptolemy.moml.MoMLSimpleApplication@39ccaa66
reloadAllAccessors: .PublisherSubscriber13

===========================================================================================
----------------- testing Sat Apr 18 14:04:39 UTC 2020 /home/travis/build/icyphy/ptII/ptolemy/actor/lib/test/auto/PublisherSubscriber14.xml
----------------- Instantiating /home/travis/build/icyphy/ptII/ptolemy/actor/lib/test/auto/PublisherSubscriber14.xml
1 ms. Memory: 449536K Free: 158522K (35%)
----------------- Invoking toplevel() on ptolemy.moml.MoMLSimpleApplication@717f7f63
----------------- Done invoking toplevel() on ptolemy.moml.MoMLSimpleApplication@717f7f63
reloadAllAccessors: .PublisherSubscriber14

===========================================================================================
----------------- testing Sat Apr 18 14:04:39 UTC 2020 /home/travis/build/icyphy/ptII/ptolemy/actor/lib/test/auto/PublisherSubscriber2.xml
----------------- Instantiating /home/travis/build/icyphy/ptII/ptolemy/actor/lib/test/auto/PublisherSubscriber2.xml
3 ms. Memory: 449536K Free: 152874K (34%)
----------------- Invoking toplevel() on ptolemy.moml.MoMLSimpleApplication@5f32a72a
----------------- Done invoking toplevel() on ptolemy.moml.MoMLSimpleApplication@5f32a72a
reloadAllAccessors: .PublisherSubscriber2

===========================================================================================
----------------- testing Sat Apr 18 14:04:39 UTC 2020 /home/travis/build/icyphy/ptII/ptolemy/actor/lib/test/auto/PublisherSubscriber3.xml
----------------- Instantiating /home/travis/build/icyphy/ptII/ptolemy/actor/lib/test/auto/PublisherSubscriber3.xml
1 ms. Memory: 449536K Free: 147258K (33%)
----------------- Invoking toplevel() on ptolemy.moml.MoMLSimpleApplication@4adff140
----------------- Done invoking toplevel() on ptolemy.moml.MoMLSimpleApplication@4adff140
reloadAllAccessors: .PublisherSubscriber3

===========================================================================================
----------------- testing Sat Apr 18 14:04:39 UTC 2020 /home/travis/build/icyphy/ptII/ptolemy/actor/lib/test/auto/PublisherSubscriber4.xml
----------------- Instantiating /home/travis/build/icyphy/ptII/ptolemy/actor/lib/test/auto/PublisherSubscriber4.xml
2 ms. Memory: 449536K Free: 142138K (32%)
----------------- Invoking toplevel() on ptolemy.moml.MoMLSimpleApplication@40095129
----------------- Done invoking toplevel() on ptolemy.moml.MoMLSimpleApplication@40095129
reloadAllAccessors: .PublisherSubscriber4

===========================================================================================
----------------- testing Sat Apr 18 14:04:39 UTC 2020 /home/travis/build/icyphy/ptII/ptolemy/actor/lib/test/auto/PublisherSubscriber5.xml
----------------- Instantiating /home/travis/build/icyphy/ptII/ptolemy/actor/lib/test/auto/PublisherSubscriber5.xml
2 ms. Memory: 449536K Free: 135480K (30%)
----------------- Invoking toplevel() on ptolemy.moml.MoMLSimpleApplication@350969f5
----------------- Done invoking toplevel() on ptolemy.moml.MoMLSimpleApplication@350969f5
reloadAllAccessors: .PublisherSubscriber5

===========================================================================================
----------------- testing Sat Apr 18 14:04:40 UTC 2020 /home/travis/build/icyphy/ptII/ptolemy/actor/lib/test/auto/PublisherSubscriber6.xml
----------------- Instantiating /home/travis/build/icyphy/ptII/ptolemy/actor/lib/test/auto/PublisherSubscriber6.xml
14 ms. Memory: 449536K Free: 394809K (88%)
----------------- Invoking toplevel() on ptolemy.moml.MoMLSimpleApplication@3ef7aa71
----------------- Done invoking toplevel() on ptolemy.moml.MoMLSimpleApplication@3ef7aa71
reloadAllAccessors: .PublisherSubscriber6

===========================================================================================
----------------- testing Sat Apr 18 14:04:40 UTC 2020 /home/travis/build/icyphy/ptII/ptolemy/actor/lib/test/auto/PublisherSubscriber7.xml
----------------- Instantiating /home/travis/build/icyphy/ptII/ptolemy/actor/lib/test/auto/PublisherSubscriber7.xml
7 ms. Memory: 449536K Free: 387641K (86%)
----------------- Invoking toplevel() on ptolemy.moml.MoMLSimpleApplication@53990f04
----------------- Done invoking toplevel() on ptolemy.moml.MoMLSimpleApplication@53990f04
reloadAllAccessors: .PublisherSubscriber7

===========================================================================================
----------------- testing Sat Apr 18 14:04:40 UTC 2020 /home/travis/build/icyphy/ptII/ptolemy/actor/lib/test/auto/PublisherSubscriber8.xml
----------------- Instantiating /home/travis/build/icyphy/ptII/ptolemy/actor/lib/test/auto/PublisherSubscriber8.xml
18 ms. Memory: 449536K Free: 375863K (84%)
----------------- Invoking toplevel() on ptolemy.moml.MoMLSimpleApplication@6c3df0ce
----------------- Done invoking toplevel() on ptolemy.moml.MoMLSimpleApplication@6c3df0ce
reloadAllAccessors: .PublisherSubscriber8

===========================================================================================
----------------- testing Sat Apr 18 14:04:40 UTC 2020 /home/travis/build/icyphy/ptII/ptolemy/actor/lib/test/auto/PublisherSubscriber9.xml
----------------- Instantiating /home/travis/build/icyphy/ptII/ptolemy/actor/lib/test/auto/PublisherSubscriber9.xml
3 ms. Memory: 449536K Free: 368695K (82%)
----------------- Invoking toplevel() on ptolemy.moml.MoMLSimpleApplication@4c0264ac
----------------- Done invoking toplevel() on ptolemy.moml.MoMLSimpleApplication@4c0264ac
reloadAllAccessors: .PublisherSubscriber9

===========================================================================================
----------------- testing Sat Apr 18 14:04:40 UTC 2020 /home/travis/build/icyphy/ptII/ptolemy/actor/lib/test/auto/PublisherSubscriberAdjacent.xml
----------------- Instantiating /home/travis/build/icyphy/ptII/ptolemy/actor/lib/test/auto/PublisherSubscriberAdjacent.xml
1 ms. Memory: 449536K Free: 360503K (80%)
----------------- Invoking toplevel() on ptolemy.moml.MoMLSimpleApplication@188a2c01
----------------- Done invoking toplevel() on ptolemy.moml.MoMLSimpleApplication@188a2c01
reloadAllAccessors: .PublisherSubscriberAdjacent

===========================================================================================
----------------- testing Sat Apr 18 14:04:40 UTC 2020 /home/travis/build/icyphy/ptII/ptolemy/actor/lib/test/auto/PublisherSubscriberChannelVariablesAOC2.xml
----------------- Instantiating /home/travis/build/icyphy/ptII/ptolemy/actor/lib/test/auto/PublisherSubscriberChannelVariablesAOC2.xml
3 ms. Memory: 449536K Free: 345129K (77%)
----------------- Invoking toplevel() on ptolemy.moml.MoMLSimpleApplication@15e70553
----------------- Done invoking toplevel() on ptolemy.moml.MoMLSimpleApplication@15e70553
reloadAllAccessors: .PublisherSubscriberChannelVariablesAOC2

===========================================================================================
----------------- testing Sat Apr 18 14:04:40 UTC 2020 /home/travis/build/icyphy/ptII/ptolemy/actor/lib/test/auto/PublisherSubscriberD3.xml
----------------- Instantiating /home/travis/build/icyphy/ptII/ptolemy/actor/lib/test/auto/PublisherSubscriberD3.xml
1 ms. Memory: 449536K Free: 337975K (75%)
----------------- Invoking toplevel() on ptolemy.moml.MoMLSimpleApplication@2e08df28
----------------- Done invoking toplevel() on ptolemy.moml.MoMLSimpleApplication@2e08df28
reloadAllAccessors: .PublisherSubscriberD3

===========================================================================================
----------------- testing Sat Apr 18 14:04:40 UTC 2020 /home/travis/build/icyphy/ptII/ptolemy/actor/lib/test/auto/PublisherSubscriberD3Reverse.xml
----------------- Instantiating /home/travis/build/icyphy/ptII/ptolemy/actor/lib/test/auto/PublisherSubscriberD3Reverse.xml
2 ms. Memory: 449536K Free: 331831K (74%)
----------------- Invoking toplevel() on ptolemy.moml.MoMLSimpleApplication@59a54205
----------------- Done invoking toplevel() on ptolemy.moml.MoMLSimpleApplication@59a54205
reloadAllAccessors: .PublisherSubscriberD3Reverse

===========================================================================================
----------------- testing Sat Apr 18 14:04:40 UTC 2020 /home/travis/build/icyphy/ptII/ptolemy/actor/lib/test/auto/PublisherSubscriberExpression.xml
----------------- Instantiating /home/travis/build/icyphy/ptII/ptolemy/actor/lib/test/auto/PublisherSubscriberExpression.xml
3 ms. Memory: 449536K Free: 323129K (72%)
----------------- Invoking toplevel() on ptolemy.moml.MoMLSimpleApplication@3e7f2bc6
----------------- Done invoking toplevel() on ptolemy.moml.MoMLSimpleApplication@3e7f2bc6
reloadAllAccessors: .PublisherSubscriberExpression

===========================================================================================
----------------- testing Sat Apr 18 14:04:40 UTC 2020 /home/travis/build/icyphy/ptII/ptolemy/actor/lib/test/auto/PublisherSubscriberOpaque.xml
----------------- Instantiating /home/travis/build/icyphy/ptII/ptolemy/actor/lib/test/auto/PublisherSubscriberOpaque.xml
4 ms. Memory: 449536K Free: 314937K (70%)
----------------- Invoking toplevel() on ptolemy.moml.MoMLSimpleApplication@38919d63
----------------- Done invoking toplevel() on ptolemy.moml.MoMLSimpleApplication@38919d63
reloadAllAccessors: .PublisherSubscriberOpaque

===========================================================================================
----------------- testing Sat Apr 18 14:04:40 UTC 2020 /home/travis/build/icyphy/ptII/ptolemy/actor/lib/test/auto/PublisherSubscriberOpaqueD3.xml
----------------- Instantiating /home/travis/build/icyphy/ptII/ptolemy/actor/lib/test/auto/PublisherSubscriberOpaqueD3.xml
11 ms. Memory: 449536K Free: 303673K (68%)
----------------- Invoking toplevel() on ptolemy.moml.MoMLSimpleApplication@7ff457f5
----------------- Done invoking toplevel() on ptolemy.moml.MoMLSimpleApplication@7ff457f5
reloadAllAccessors: .PublisherSubscriberOpaqueD3

===========================================================================================
----------------- testing Sat Apr 18 14:04:40 UTC 2020 /home/travis/build/icyphy/ptII/ptolemy/actor/lib/test/auto/PublisherSubscriberOpaqueD3Reverse.xml
----------------- Instantiating /home/travis/build/icyphy/ptII/ptolemy/actor/lib/test/auto/PublisherSubscriberOpaqueD3Reverse.xml
9 ms. Memory: 449536K Free: 292919K (65%)
----------------- Invoking toplevel() on ptolemy.moml.MoMLSimpleApplication@14ae3383
----------------- Done invoking toplevel() on ptolemy.moml.MoMLSimpleApplication@14ae3383
reloadAllAccessors: .PublisherSubscriberOpaqueD3Reverse

===========================================================================================
----------------- testing Sat Apr 18 14:04:40 UTC 2020 /home/travis/build/icyphy/ptII/ptolemy/actor/lib/test/auto/PublisherSubscriberOpaqueWidthInference.xml
----------------- Instantiating /home/travis/build/icyphy/ptII/ptolemy/actor/lib/test/auto/PublisherSubscriberOpaqueWidthInference.xml
4 ms. Memory: 449536K Free: 284713K (63%)
----------------- Invoking toplevel() on ptolemy.moml.MoMLSimpleApplication@686eaedf
----------------- Done invoking toplevel() on ptolemy.moml.MoMLSimpleApplication@686eaedf
reloadAllAccessors: .PublisherSubscriberOpaqueWidthInference

===========================================================================================
----------------- testing Sat Apr 18 14:04:40 UTC 2020 /home/travis/build/icyphy/ptII/ptolemy/actor/lib/test/auto/PublisherTestSubscriber.xml
----------------- Instantiating /home/travis/build/icyphy/ptII/ptolemy/actor/lib/test/auto/PublisherTestSubscriber.xml
2 ms. Memory: 449536K Free: 277049K (62%)
----------------- Invoking toplevel() on ptolemy.moml.MoMLSimpleApplication@71714a81
----------------- Done invoking toplevel() on ptolemy.moml.MoMLSimpleApplication@71714a81
reloadAllAccessors: .PublisherTestSubscriber

===========================================================================================
----------------- testing Sat Apr 18 14:04:40 UTC 2020 /home/travis/build/icyphy/ptII/ptolemy/actor/lib/test/auto/PublisherToplevelSubscriberPortAOC.xml
----------------- Instantiating /home/travis/build/icyphy/ptII/ptolemy/actor/lib/test/auto/PublisherToplevelSubscriberPortAOC.xml
1 ms. Memory: 449536K Free: 270905K (60%)
----------------- Invoking toplevel() on ptolemy.moml.MoMLSimpleApplication@40d3114c
----------------- Done invoking toplevel() on ptolemy.moml.MoMLSimpleApplication@40d3114c
reloadAllAccessors: .PublisherToplevelSubscriberPortAOC

===========================================================================================
----------------- testing Sat Apr 18 14:04:40 UTC 2020 /home/travis/build/icyphy/ptII/ptolemy/actor/lib/test/auto/PulseFiringLimitDE.xml
----------------- Instantiating /home/travis/build/icyphy/ptII/ptolemy/actor/lib/test/auto/PulseFiringLimitDE.xml
2 ms. Memory: 449536K Free: 264761K (59%)
----------------- Invoking toplevel() on ptolemy.moml.MoMLSimpleApplication@cea5908
----------------- Done invoking toplevel() on ptolemy.moml.MoMLSimpleApplication@cea5908
reloadAllAccessors: .PulseFiringLimitDE

===========================================================================================
----------------- testing Sat Apr 18 14:04:40 UTC 2020 /home/travis/build/icyphy/ptII/ptolemy/actor/lib/test/auto/Ramp1.xml
----------------- Instantiating /home/travis/build/icyphy/ptII/ptolemy/actor/lib/test/auto/Ramp1.xml
1 ms. Memory: 449536K Free: 260665K (58%)
----------------- Invoking toplevel() on ptolemy.moml.MoMLSimpleApplication@130a4672
----------------- Done invoking toplevel() on ptolemy.moml.MoMLSimpleApplication@130a4672
reloadAllAccessors: .Ramp1

===========================================================================================
----------------- testing Sat Apr 18 14:04:40 UTC 2020 /home/travis/build/icyphy/ptII/ptolemy/actor/lib/test/auto/RampFiringLimitDE.xml
----------------- Instantiating /home/travis/build/icyphy/ptII/ptolemy/actor/lib/test/auto/RampFiringLimitDE.xml
3 ms. Memory: 449536K Free: 253993K (57%)
----------------- Invoking toplevel() on ptolemy.moml.MoMLSimpleApplication@63eee28f
----------------- Done invoking toplevel() on ptolemy.moml.MoMLSimpleApplication@63eee28f
reloadAllAccessors: .RampFiringLimitDE

===========================================================================================
----------------- testing Sat Apr 18 14:04:40 UTC 2020 /home/travis/build/icyphy/ptII/ptolemy/actor/lib/test/auto/RampFiringLimitSDF.xml
----------------- Instantiating /home/travis/build/icyphy/ptII/ptolemy/actor/lib/test/auto/RampFiringLimitSDF.xml
2 ms. Memory: 449536K Free: 248857K (55%)
----------------- Invoking toplevel() on ptolemy.moml.MoMLSimpleApplication@677d17ec
----------------- Done invoking toplevel() on ptolemy.moml.MoMLSimpleApplication@677d17ec
reloadAllAccessors: .RampFiringLimitSDF

===========================================================================================
----------------- testing Sat Apr 18 14:04:40 UTC 2020 /home/travis/build/icyphy/ptII/ptolemy/actor/lib/test/auto/RandomInteger.xml
----------------- Instantiating /home/travis/build/icyphy/ptII/ptolemy/actor/lib/test/auto/RandomInteger.xml
2 ms. Memory: 449536K Free: 244791K (54%)
----------------- Invoking toplevel() on ptolemy.moml.MoMLSimpleApplication@27f2f9c
----------------- Done invoking toplevel() on ptolemy.moml.MoMLSimpleApplication@27f2f9c
reloadAllAccessors: .RandomInteger

===========================================================================================
----------------- testing Sat Apr 18 14:04:40 UTC 2020 /home/travis/build/icyphy/ptII/ptolemy/actor/lib/test/auto/ReadFile1.xml
----------------- Instantiating /home/travis/build/icyphy/ptII/ptolemy/actor/lib/test/auto/ReadFile1.xml
1 ms. Memory: 449536K Free: 240185K (53%)
----------------- Invoking toplevel() on ptolemy.moml.MoMLSimpleApplication@389935cc
----------------- Done invoking toplevel() on ptolemy.moml.MoMLSimpleApplication@389935cc
reloadAllAccessors: .ReadFile1

===========================================================================================
----------------- testing Sat Apr 18 14:04:40 UTC 2020 /home/travis/build/icyphy/ptII/ptolemy/actor/lib/test/auto/ReadFile2.xml
----------------- Instantiating /home/travis/build/icyphy/ptII/ptolemy/actor/lib/test/auto/ReadFile2.xml
1 ms. Memory: 449536K Free: 236089K (53%)
----------------- Invoking toplevel() on ptolemy.moml.MoMLSimpleApplication@7ab0d47b
----------------- Done invoking toplevel() on ptolemy.moml.MoMLSimpleApplication@7ab0d47b
reloadAllAccessors: .ReadFile2

===========================================================================================
----------------- testing Sat Apr 18 14:04:40 UTC 2020 /home/travis/build/icyphy/ptII/ptolemy/actor/lib/test/auto/Reader.xml
----------------- Instantiating /home/travis/build/icyphy/ptII/ptolemy/actor/lib/test/auto/Reader.xml
actor.lib.Reader is obsolete, use actor.lib.io.ExpressionReader instead
4 ms. Memory: 449536K Free: 231993K (52%)
----------------- Invoking toplevel() on ptolemy.moml.MoMLSimpleApplication@22d8c973
----------------- Done invoking toplevel() on ptolemy.moml.MoMLSimpleApplication@22d8c973
reloadAllAccessors: .Reader

===========================================================================================
----------------- testing Sat Apr 18 14:04:40 UTC 2020 /home/travis/build/icyphy/ptII/ptolemy/actor/lib/test/auto/RecordAssemblerDisplayNameTest.xml
----------------- Instantiating /home/travis/build/icyphy/ptII/ptolemy/actor/lib/test/auto/RecordAssemblerDisplayNameTest.xml
3225 ms. Memory: 449536K Free: 330368K (73%)
----------------- Invoking toplevel() on ptolemy.moml.MoMLSimpleApplication@5a2f5c4b
----------------- Done invoking toplevel() on ptolemy.moml.MoMLSimpleApplication@5a2f5c4b
reloadAllAccessors: .RecordAssemblerDisplayNameTest

===========================================================================================
----------------- testing Sat Apr 18 14:04:43 UTC 2020 /home/travis/build/icyphy/ptII/ptolemy/actor/lib/test/auto/RecordAssemblerTypeError.xml
----------------- Instantiating /home/travis/build/icyphy/ptII/ptolemy/actor/lib/test/auto/RecordAssemblerTypeError.xml
16 ms. Memory: 449536K Free: 320638K (71%)
----------------- Invoking toplevel() on ptolemy.moml.MoMLSimpleApplication@35b76a11
----------------- Done invoking toplevel() on ptolemy.moml.MoMLSimpleApplication@35b76a11
reloadAllAccessors: .RecordAssemblerTypeError

===========================================================================================
----------------- testing Sat Apr 18 14:04:43 UTC 2020 /home/travis/build/icyphy/ptII/ptolemy/actor/lib/test/auto/RecordDisassember.xml
----------------- Instantiating /home/travis/build/icyphy/ptII/ptolemy/actor/lib/test/auto/RecordDisassember.xml
4 ms. Memory: 449536K Free: 316032K (70%)
----------------- Invoking toplevel() on ptolemy.moml.MoMLSimpleApplication@5fb45dac
----------------- Done invoking toplevel() on ptolemy.moml.MoMLSimpleApplication@5fb45dac
reloadAllAccessors: .RecordDisassember

===========================================================================================
----------------- testing Sat Apr 18 14:04:43 UTC 2020 /home/travis/build/icyphy/ptII/ptolemy/actor/lib/test/auto/RecordDisassemberDisplayNameTest.xml
----------------- Instantiating /home/travis/build/icyphy/ptII/ptolemy/actor/lib/test/auto/RecordDisassemberDisplayNameTest.xml
5 ms. Memory: 449536K Free: 308350K (69%)
----------------- Invoking toplevel() on ptolemy.moml.MoMLSimpleApplication@1c4cd0f
----------------- Done invoking toplevel() on ptolemy.moml.MoMLSimpleApplication@1c4cd0f
reloadAllAccessors: .RecordDisassemberDisplayNameTest

===========================================================================================
----------------- testing Sat Apr 18 14:04:43 UTC 2020 /home/travis/build/icyphy/ptII/ptolemy/actor/lib/test/auto/RecordDisassembler.xml
----------------- Instantiating /home/travis/build/icyphy/ptII/ptolemy/actor/lib/test/auto/RecordDisassembler.xml
3 ms. Memory: 449536K Free: 303200K (67%)
----------------- Invoking toplevel() on ptolemy.moml.MoMLSimpleApplication@6d18148d
----------------- Done invoking toplevel() on ptolemy.moml.MoMLSimpleApplication@6d18148d
reloadAllAccessors: .RecordDisassembler

===========================================================================================
----------------- testing Sat Apr 18 14:04:43 UTC 2020 /home/travis/build/icyphy/ptII/ptolemy/actor/lib/test/auto/RecordDisassembler2.xml
----------------- Instantiating /home/travis/build/icyphy/ptII/ptolemy/actor/lib/test/auto/RecordDisassembler2.xml
2 ms. Memory: 449536K Free: 297600K (66%)
----------------- Invoking toplevel() on ptolemy.moml.MoMLSimpleApplication@36dbaeb8
----------------- Done invoking toplevel() on ptolemy.moml.MoMLSimpleApplication@36dbaeb8
reloadAllAccessors: .RecordDisassembler2

===========================================================================================
----------------- testing Sat Apr 18 14:04:43 UTC 2020 /home/travis/build/icyphy/ptII/ptolemy/actor/lib/test/auto/RecordUpdater.xml
----------------- Instantiating /home/travis/build/icyphy/ptII/ptolemy/actor/lib/test/auto/RecordUpdater.xml
1 ms. Memory: 449536K Free: 292480K (65%)
----------------- Invoking toplevel() on ptolemy.moml.MoMLSimpleApplication@6d9e0644
----------------- Done invoking toplevel() on ptolemy.moml.MoMLSimpleApplication@6d9e0644
reloadAllAccessors: .RecordUpdater

===========================================================================================
----------------- testing Sat Apr 18 14:04:43 UTC 2020 /home/travis/build/icyphy/ptII/ptolemy/actor/lib/test/auto/RecordUpdater2.xml
----------------- Instantiating /home/travis/build/icyphy/ptII/ptolemy/actor/lib/test/auto/RecordUpdater2.xml
2 ms. Memory: 449536K Free: 287870K (64%)
----------------- Invoking toplevel() on ptolemy.moml.MoMLSimpleApplication@2ce097a6
----------------- Done invoking toplevel() on ptolemy.moml.MoMLSimpleApplication@2ce097a6
reloadAllAccessors: .RecordUpdater2

===========================================================================================
----------------- testing Sat Apr 18 14:04:43 UTC 2020 /home/travis/build/icyphy/ptII/ptolemy/actor/lib/test/auto/RecursiveLattice.xml
----------------- Instantiating /home/travis/build/icyphy/ptII/ptolemy/actor/lib/test/auto/RecursiveLattice.xml
1 ms. Memory: 449536K Free: 283774K (63%)
----------------- Invoking toplevel() on ptolemy.moml.MoMLSimpleApplication@1dd78c3f
----------------- Done invoking toplevel() on ptolemy.moml.MoMLSimpleApplication@1dd78c3f
reloadAllAccessors: .RecursiveLattice

===========================================================================================
----------------- testing Sat Apr 18 14:04:43 UTC 2020 /home/travis/build/icyphy/ptII/ptolemy/actor/lib/test/auto/Router.xml
----------------- Instantiating /home/travis/build/icyphy/ptII/ptolemy/actor/lib/test/auto/Router.xml
3005 ms. Memory: 449536K Free: 273024K (61%)
----------------- Invoking toplevel() on ptolemy.moml.MoMLSimpleApplication@701883ce
----------------- Done invoking toplevel() on ptolemy.moml.MoMLSimpleApplication@701883ce
reloadAllAccessors: .Router

===========================================================================================
----------------- testing Sat Apr 18 14:04:46 UTC 2020 /home/travis/build/icyphy/ptII/ptolemy/actor/lib/test/auto/Router2.xml
----------------- Instantiating /home/travis/build/icyphy/ptII/ptolemy/actor/lib/test/auto/Router2.xml
3003 ms. Memory: 449536K Free: 262784K (58%)
----------------- Invoking toplevel() on ptolemy.moml.MoMLSimpleApplication@7850f25b
----------------- Done invoking toplevel() on ptolemy.moml.MoMLSimpleApplication@7850f25b
reloadAllAccessors: .Router2

===========================================================================================
----------------- testing Sat Apr 18 14:04:49 UTC 2020 /home/travis/build/icyphy/ptII/ptolemy/actor/lib/test/auto/RunningMaximum.xml
----------------- Instantiating /home/travis/build/icyphy/ptII/ptolemy/actor/lib/test/auto/RunningMaximum.xml
2 ms. Memory: 449536K Free: 258174K (57%)
----------------- Invoking toplevel() on ptolemy.moml.MoMLSimpleApplication@21438012
----------------- Done invoking toplevel() on ptolemy.moml.MoMLSimpleApplication@21438012
reloadAllAccessors: .RunningMaximum

===========================================================================================
----------------- testing Sat Apr 18 14:04:49 UTC 2020 /home/travis/build/icyphy/ptII/ptolemy/actor/lib/test/auto/RunningMinimum.xml
----------------- Instantiating /home/travis/build/icyphy/ptII/ptolemy/actor/lib/test/auto/RunningMinimum.xml
8 ms. Memory: 449536K Free: 253054K (56%)
----------------- Invoking toplevel() on ptolemy.moml.MoMLSimpleApplication@4ca4f76a
----------------- Done invoking toplevel() on ptolemy.moml.MoMLSimpleApplication@4ca4f76a
reloadAllAccessors: .RunningMinimum

===========================================================================================
----------------- testing Sat Apr 18 14:04:49 UTC 2020 /home/travis/build/icyphy/ptII/ptolemy/actor/lib/test/auto/Scale.xml
----------------- Instantiating /home/travis/build/icyphy/ptII/ptolemy/actor/lib/test/auto/Scale.xml
2 ms. Memory: 449536K Free: 248448K (55%)
----------------- Invoking toplevel() on ptolemy.moml.MoMLSimpleApplication@2edfa574
----------------- Done invoking toplevel() on ptolemy.moml.MoMLSimpleApplication@2edfa574
reloadAllAccessors: .Scale

===========================================================================================
----------------- testing Sat Apr 18 14:04:49 UTC 2020 /home/travis/build/icyphy/ptII/ptolemy/actor/lib/test/auto/Scale2.xml
----------------- Instantiating /home/travis/build/icyphy/ptII/ptolemy/actor/lib/test/auto/Scale2.xml
2 ms. Memory: 449536K Free: 243838K (54%)
----------------- Invoking toplevel() on ptolemy.moml.MoMLSimpleApplication@4a065e68
----------------- Done invoking toplevel() on ptolemy.moml.MoMLSimpleApplication@4a065e68
reloadAllAccessors: .Scale2

===========================================================================================
----------------- testing Sat Apr 18 14:04:49 UTC 2020 /home/travis/build/icyphy/ptII/ptolemy/actor/lib/test/auto/Scale3.xml
----------------- Instantiating /home/travis/build/icyphy/ptII/ptolemy/actor/lib/test/auto/Scale3.xml
6 ms. Memory: 449536K Free: 237694K (53%)
----------------- Invoking toplevel() on ptolemy.moml.MoMLSimpleApplication@2d63163d
----------------- Done invoking toplevel() on ptolemy.moml.MoMLSimpleApplication@2d63163d
reloadAllAccessors: .Scale3

===========================================================================================
----------------- testing Sat Apr 18 14:04:50 UTC 2020 /home/travis/build/icyphy/ptII/ptolemy/actor/lib/test/auto/ScaleArray.xml
----------------- Instantiating /home/travis/build/icyphy/ptII/ptolemy/actor/lib/test/auto/ScaleArray.xml
2 ms. Memory: 449536K Free: 233088K (52%)
----------------- Invoking toplevel() on ptolemy.moml.MoMLSimpleApplication@7734d327
----------------- Done invoking toplevel() on ptolemy.moml.MoMLSimpleApplication@7734d327
reloadAllAccessors: .ScaleArray

===========================================================================================
----------------- testing Sat Apr 18 14:04:50 UTC 2020 /home/travis/build/icyphy/ptII/ptolemy/actor/lib/test/auto/ScaleArray2.xml
----------------- Instantiating /home/travis/build/icyphy/ptII/ptolemy/actor/lib/test/auto/ScaleArray2.xml
2 ms. Memory: 449536K Free: 228478K (51%)
----------------- Invoking toplevel() on ptolemy.moml.MoMLSimpleApplication@299b2c9e
----------------- Done invoking toplevel() on ptolemy.moml.MoMLSimpleApplication@299b2c9e
reloadAllAccessors: .ScaleArray2

===========================================================================================
----------------- testing Sat Apr 18 14:04:50 UTC 2020 /home/travis/build/icyphy/ptII/ptolemy/actor/lib/test/auto/ScaleMatrix.xml
----------------- Instantiating /home/travis/build/icyphy/ptII/ptolemy/actor/lib/test/auto/ScaleMatrix.xml
146 ms. Memory: 449536K Free: 213118K (47%)
----------------- Invoking toplevel() on ptolemy.moml.MoMLSimpleApplication@3dff6445
----------------- Done invoking toplevel() on ptolemy.moml.MoMLSimpleApplication@3dff6445
reloadAllAccessors: .ScaleMatrix

===========================================================================================
----------------- testing Sat Apr 18 14:04:50 UTC 2020 /home/travis/build/icyphy/ptII/ptolemy/actor/lib/test/auto/Select.xml
----------------- Instantiating /home/travis/build/icyphy/ptII/ptolemy/actor/lib/test/auto/Select.xml
3 ms. Memory: 449536K Free: 206968K (46%)
----------------- Invoking toplevel() on ptolemy.moml.MoMLSimpleApplication@30691819
----------------- Done invoking toplevel() on ptolemy.moml.MoMLSimpleApplication@30691819
reloadAllAccessors: .Select

===========================================================================================
----------------- testing Sat Apr 18 14:04:50 UTC 2020 /home/travis/build/icyphy/ptII/ptolemy/actor/lib/test/auto/Select2.xml
----------------- Instantiating /home/travis/build/icyphy/ptII/ptolemy/actor/lib/test/auto/Select2.xml
1 ms. Memory: 449536K Free: 201854K (45%)
----------------- Invoking toplevel() on ptolemy.moml.MoMLSimpleApplication@10003974
----------------- Done invoking toplevel() on ptolemy.moml.MoMLSimpleApplication@10003974
reloadAllAccessors: .Select2

===========================================================================================
----------------- testing Sat Apr 18 14:04:50 UTC 2020 /home/travis/build/icyphy/ptII/ptolemy/actor/lib/test/auto/SequenceToArray2.xml
----------------- Instantiating /home/travis/build/icyphy/ptII/ptolemy/actor/lib/test/auto/SequenceToArray2.xml
92 ms. Memory: 449536K Free: 178302K (40%)
----------------- Invoking toplevel() on ptolemy.moml.MoMLSimpleApplication@7f19257b
----------------- Done invoking toplevel() on ptolemy.moml.MoMLSimpleApplication@7f19257b
reloadAllAccessors: .SequenceToArray2

===========================================================================================
----------------- testing Sat Apr 18 14:04:50 UTC 2020 /home/travis/build/icyphy/ptII/ptolemy/actor/lib/test/auto/SequentialClock.xml
----------------- Instantiating /home/travis/build/icyphy/ptII/ptolemy/actor/lib/test/auto/SequentialClock.xml
1 ms. Memory: 449536K Free: 174206K (39%)
----------------- Invoking toplevel() on ptolemy.moml.MoMLSimpleApplication@7a59d56a
----------------- Done invoking toplevel() on ptolemy.moml.MoMLSimpleApplication@7a59d56a
reloadAllAccessors: .SequentialClock

===========================================================================================
----------------- testing Sat Apr 18 14:04:50 UTC 2020 /home/travis/build/icyphy/ptII/ptolemy/actor/lib/test/auto/SetVariable.xml
----------------- Instantiating /home/travis/build/icyphy/ptII/ptolemy/actor/lib/test/auto/SetVariable.xml
3 ms. Memory: 449536K Free: 169600K (38%)
----------------- Invoking toplevel() on ptolemy.moml.MoMLSimpleApplication@6c87f046
----------------- Done invoking toplevel() on ptolemy.moml.MoMLSimpleApplication@6c87f046
reloadAllAccessors: .SetVariable

===========================================================================================
----------------- testing Sat Apr 18 14:04:50 UTC 2020 /home/travis/build/icyphy/ptII/ptolemy/actor/lib/test/auto/SetVariable2.xml
----------------- Instantiating /home/travis/build/icyphy/ptII/ptolemy/actor/lib/test/auto/SetVariable2.xml
3 ms. Memory: 449536K Free: 164480K (37%)
----------------- Invoking toplevel() on ptolemy.moml.MoMLSimpleApplication@3ea89a41
----------------- Done invoking toplevel() on ptolemy.moml.MoMLSimpleApplication@3ea89a41
reloadAllAccessors: .SetVariable2

===========================================================================================
----------------- testing Sat Apr 18 14:04:50 UTC 2020 /home/travis/build/icyphy/ptII/ptolemy/actor/lib/test/auto/SetVariable3.xml
----------------- Instantiating /home/travis/build/icyphy/ptII/ptolemy/actor/lib/test/auto/SetVariable3.xml
7 ms. Memory: 449536K Free: 159360K (35%)
----------------- Invoking toplevel() on ptolemy.moml.MoMLSimpleApplication@1f861fa2
----------------- Done invoking toplevel() on ptolemy.moml.MoMLSimpleApplication@1f861fa2
reloadAllAccessors: .SetVariable3

===========================================================================================
----------------- testing Sat Apr 18 14:04:50 UTC 2020 /home/travis/build/icyphy/ptII/ptolemy/actor/lib/test/auto/SetVariable4.xml
----------------- Instantiating /home/travis/build/icyphy/ptII/ptolemy/actor/lib/test/auto/SetVariable4.xml
16 ms. Memory: 449536K Free: 149118K (33%)
----------------- Invoking toplevel() on ptolemy.moml.MoMLSimpleApplication@3caf8ae
----------------- Done invoking toplevel() on ptolemy.moml.MoMLSimpleApplication@3caf8ae
reloadAllAccessors: .SetVariable4

===========================================================================================
----------------- testing Sat Apr 18 14:04:50 UTC 2020 /home/travis/build/icyphy/ptII/ptolemy/actor/lib/test/auto/SetVariable5.xml
----------------- Instantiating /home/travis/build/icyphy/ptII/ptolemy/actor/lib/test/auto/SetVariable5.xml
19 ms. Memory: 449536K Free: 139904K (31%)
----------------- Invoking toplevel() on ptolemy.moml.MoMLSimpleApplication@f8250b0
----------------- Done invoking toplevel() on ptolemy.moml.MoMLSimpleApplication@f8250b0
reloadAllAccessors: .SetVariable5

===========================================================================================
----------------- testing Sat Apr 18 14:04:50 UTC 2020 /home/travis/build/icyphy/ptII/ptolemy/actor/lib/test/auto/Sinewave.xml
----------------- Instantiating /home/travis/build/icyphy/ptII/ptolemy/actor/lib/test/auto/Sinewave.xml
5 ms. Memory: 449536K Free: 395287K (88%)
----------------- Invoking toplevel() on ptolemy.moml.MoMLSimpleApplication@13a53595
----------------- Done invoking toplevel() on ptolemy.moml.MoMLSimpleApplication@13a53595
reloadAllAccessors: .Sinewave

===========================================================================================
----------------- testing Sat Apr 18 14:04:50 UTC 2020 /home/travis/build/icyphy/ptII/ptolemy/actor/lib/test/auto/Sinewave2.xml
----------------- Instantiating /home/travis/build/icyphy/ptII/ptolemy/actor/lib/test/auto/Sinewave2.xml
5 ms. Memory: 449536K Free: 387095K (86%)
----------------- Invoking toplevel() on ptolemy.moml.MoMLSimpleApplication@5154c5c0
----------------- Done invoking toplevel() on ptolemy.moml.MoMLSimpleApplication@5154c5c0
reloadAllAccessors: .Sinewave2

===========================================================================================
----------------- testing Sat Apr 18 14:04:50 UTC 2020 /home/travis/build/icyphy/ptII/ptolemy/actor/lib/test/auto/Sinewave3.xml
----------------- Instantiating /home/travis/build/icyphy/ptII/ptolemy/actor/lib/test/auto/Sinewave3.xml
16 ms. Memory: 449536K Free: 378903K (84%)
----------------- Invoking toplevel() on ptolemy.moml.MoMLSimpleApplication@40226b48
----------------- Done invoking toplevel() on ptolemy.moml.MoMLSimpleApplication@40226b48
reloadAllAccessors: .Sinewave3

===========================================================================================
----------------- testing Sat Apr 18 14:04:50 UTC 2020 /home/travis/build/icyphy/ptII/ptolemy/actor/lib/test/auto/SingleEvent.xml
----------------- Instantiating /home/travis/build/icyphy/ptII/ptolemy/actor/lib/test/auto/SingleEvent.xml
1 ms. Memory: 449536K Free: 374807K (83%)
----------------- Invoking toplevel() on ptolemy.moml.MoMLSimpleApplication@6df5df03
----------------- Done invoking toplevel() on ptolemy.moml.MoMLSimpleApplication@6df5df03
reloadAllAccessors: .SingleEvent

===========================================================================================
----------------- testing Sat Apr 18 14:04:50 UTC 2020 /home/travis/build/icyphy/ptII/ptolemy/actor/lib/test/auto/Sleep.xml
----------------- Instantiating /home/travis/build/icyphy/ptII/ptolemy/actor/lib/test/auto/Sleep.xml
6003 ms. Memory: 449536K Free: 369173K (82%)
----------------- Invoking toplevel() on ptolemy.moml.MoMLSimpleApplication@3f78f7b9
----------------- Done invoking toplevel() on ptolemy.moml.MoMLSimpleApplication@3f78f7b9
reloadAllAccessors: .Sleep

===========================================================================================
----------------- testing Sat Apr 18 14:04:56 UTC 2020 /home/travis/build/icyphy/ptII/ptolemy/actor/lib/test/auto/SleepMultipleFire.xml
----------------- Instantiating /home/travis/build/icyphy/ptII/ptolemy/actor/lib/test/auto/SleepMultipleFire.xml
1005 ms. Memory: 449536K Free: 363029K (81%)
----------------- Invoking toplevel() on ptolemy.moml.MoMLSimpleApplication@1ce27f1a
----------------- Done invoking toplevel() on ptolemy.moml.MoMLSimpleApplication@1ce27f1a
reloadAllAccessors: .SleepMultipleFire

===========================================================================================
----------------- testing Sat Apr 18 14:04:57 UTC 2020 /home/travis/build/icyphy/ptII/ptolemy/actor/lib/test/auto/StopDE.xml
----------------- Instantiating /home/travis/build/icyphy/ptII/ptolemy/actor/lib/test/auto/StopDE.xml
3 ms. Memory: 449536K Free: 357399K (80%)
----------------- Invoking toplevel() on ptolemy.moml.MoMLSimpleApplication@8045b16
----------------- Done invoking toplevel() on ptolemy.moml.MoMLSimpleApplication@8045b16
reloadAllAccessors: .StopDE

===========================================================================================
----------------- testing Sat Apr 18 14:04:57 UTC 2020 /home/travis/build/icyphy/ptII/ptolemy/actor/lib/test/auto/StopSDF.xml
----------------- Instantiating /home/travis/build/icyphy/ptII/ptolemy/actor/lib/test/auto/StopSDF.xml
4 ms. Memory: 449536K Free: 351765K (78%)
----------------- Invoking toplevel() on ptolemy.moml.MoMLSimpleApplication@3e34f07
----------------- Done invoking toplevel() on ptolemy.moml.MoMLSimpleApplication@3e34f07
reloadAllAccessors: .StopSDF

===========================================================================================
----------------- testing Sat Apr 18 14:04:57 UTC 2020 /home/travis/build/icyphy/ptII/ptolemy/actor/lib/test/auto/StringConstant.xml
----------------- Instantiating /home/travis/build/icyphy/ptII/ptolemy/actor/lib/test/auto/StringConstant.xml
9 ms. Memory: 449536K Free: 347157K (77%)
----------------- Invoking toplevel() on ptolemy.moml.MoMLSimpleApplication@5510f1c9
----------------- Done invoking toplevel() on ptolemy.moml.MoMLSimpleApplication@5510f1c9
reloadAllAccessors: .StringConstant

===========================================================================================
----------------- testing Sat Apr 18 14:04:57 UTC 2020 /home/travis/build/icyphy/ptII/ptolemy/actor/lib/test/auto/SubscriberPortInitialValues1.xml
----------------- Instantiating /home/travis/build/icyphy/ptII/ptolemy/actor/lib/test/auto/SubscriberPortInitialValues1.xml
10 ms. Memory: 449536K Free: 338453K (75%)
----------------- Invoking toplevel() on ptolemy.moml.MoMLSimpleApplication@768423f4
----------------- Done invoking toplevel() on ptolemy.moml.MoMLSimpleApplication@768423f4
reloadAllAccessors: .SubscriberPortInitialValues1

===========================================================================================
----------------- testing Sat Apr 18 14:04:57 UTC 2020 /home/travis/build/icyphy/ptII/ptolemy/actor/lib/test/auto/SubscriberPortInitialValues13.xml
----------------- Instantiating /home/travis/build/icyphy/ptII/ptolemy/actor/lib/test/auto/SubscriberPortInitialValues13.xml
5 ms. Memory: 449536K Free: 325655K (72%)
----------------- Invoking toplevel() on ptolemy.moml.MoMLSimpleApplication@157efde4
----------------- Done invoking toplevel() on ptolemy.moml.MoMLSimpleApplication@157efde4
reloadAllAccessors: .SubscriberPortInitialValues13

===========================================================================================
----------------- testing Sat Apr 18 14:04:57 UTC 2020 /home/travis/build/icyphy/ptII/ptolemy/actor/lib/test/auto/SubscriberPortInitialValues14.xml
----------------- Instantiating /home/travis/build/icyphy/ptII/ptolemy/actor/lib/test/auto/SubscriberPortInitialValues14.xml
4 ms. Memory: 449536K Free: 317973K (71%)
----------------- Invoking toplevel() on ptolemy.moml.MoMLSimpleApplication@97ff435
----------------- Done invoking toplevel() on ptolemy.moml.MoMLSimpleApplication@97ff435
reloadAllAccessors: .SubscriberPortInitialValues14

===========================================================================================
----------------- testing Sat Apr 18 14:04:57 UTC 2020 /home/travis/build/icyphy/ptII/ptolemy/actor/lib/test/auto/SubscriberPortInitialValues2.xml
----------------- Instantiating /home/travis/build/icyphy/ptII/ptolemy/actor/lib/test/auto/SubscriberPortInitialValues2.xml
5 ms. Memory: 449536K Free: 310295K (69%)
----------------- Invoking toplevel() on ptolemy.moml.MoMLSimpleApplication@62063ce4
----------------- Done invoking toplevel() on ptolemy.moml.MoMLSimpleApplication@62063ce4
reloadAllAccessors: .SubscriberPortInitialValues2

===========================================================================================
----------------- testing Sat Apr 18 14:04:57 UTC 2020 /home/travis/build/icyphy/ptII/ptolemy/actor/lib/test/auto/SubscriberPortInitialValues3.xml
----------------- Instantiating /home/travis/build/icyphy/ptII/ptolemy/actor/lib/test/auto/SubscriberPortInitialValues3.xml
4 ms. Memory: 449536K Free: 299541K (67%)
----------------- Invoking toplevel() on ptolemy.moml.MoMLSimpleApplication@567a20be
----------------- Done invoking toplevel() on ptolemy.moml.MoMLSimpleApplication@567a20be
reloadAllAccessors: .SubscriberPortInitialValues3

===========================================================================================
----------------- testing Sat Apr 18 14:04:57 UTC 2020 /home/travis/build/icyphy/ptII/ptolemy/actor/lib/test/auto/SubscriptionAggregator.xml
----------------- Instantiating /home/travis/build/icyphy/ptII/ptolemy/actor/lib/test/auto/SubscriptionAggregator.xml
4 ms. Memory: 449536K Free: 292359K (65%)
----------------- Invoking toplevel() on ptolemy.moml.MoMLSimpleApplication@38acb89a
----------------- Done invoking toplevel() on ptolemy.moml.MoMLSimpleApplication@38acb89a
reloadAllAccessors: .SubscriptionAggregator

===========================================================================================
----------------- testing Sat Apr 18 14:04:57 UTC 2020 /home/travis/build/icyphy/ptII/ptolemy/actor/lib/test/auto/SubscriptionAggregator2.xml
----------------- Instantiating /home/travis/build/icyphy/ptII/ptolemy/actor/lib/test/auto/SubscriptionAggregator2.xml
2 ms. Memory: 449536K Free: 285719K (64%)
----------------- Invoking toplevel() on ptolemy.moml.MoMLSimpleApplication@5e53f924
----------------- Done invoking toplevel() on ptolemy.moml.MoMLSimpleApplication@5e53f924
reloadAllAccessors: .SubscriptionAggregator2

===========================================================================================
----------------- testing Sat Apr 18 14:04:57 UTC 2020 /home/travis/build/icyphy/ptII/ptolemy/actor/lib/test/auto/SubscriptionAggregator3.xml
----------------- Instantiating /home/travis/build/icyphy/ptII/ptolemy/actor/lib/test/auto/SubscriptionAggregator3.xml
4 ms. Memory: 449536K Free: 277013K (62%)
----------------- Invoking toplevel() on ptolemy.moml.MoMLSimpleApplication@607b89ef
----------------- Done invoking toplevel() on ptolemy.moml.MoMLSimpleApplication@607b89ef
reloadAllAccessors: .SubscriptionAggregator3

===========================================================================================
----------------- testing Sat Apr 18 14:04:57 UTC 2020 /home/travis/build/icyphy/ptII/ptolemy/actor/lib/test/auto/SubscriptionAggregatorMultiply.xml
----------------- Instantiating /home/travis/build/icyphy/ptII/ptolemy/actor/lib/test/auto/SubscriptionAggregatorMultiply.xml
3 ms. Memory: 449536K Free: 268815K (60%)
----------------- Invoking toplevel() on ptolemy.moml.MoMLSimpleApplication@77f7c6b9
----------------- Done invoking toplevel() on ptolemy.moml.MoMLSimpleApplication@77f7c6b9
reloadAllAccessors: .SubscriptionAggregatorMultiply

===========================================================================================
----------------- testing Sat Apr 18 14:04:57 UTC 2020 /home/travis/build/icyphy/ptII/ptolemy/actor/lib/test/auto/SubscriptionAggregatorPortMultiply1.xml
----------------- Instantiating /home/travis/build/icyphy/ptII/ptolemy/actor/lib/test/auto/SubscriptionAggregatorPortMultiply1.xml
3 ms. Memory: 449536K Free: 261143K (58%)
----------------- Invoking toplevel() on ptolemy.moml.MoMLSimpleApplication@288be6d3
----------------- Done invoking toplevel() on ptolemy.moml.MoMLSimpleApplication@288be6d3
reloadAllAccessors: .SubscriptionAggregatorPortMultiply1

===========================================================================================
----------------- testing Sat Apr 18 14:04:57 UTC 2020 /home/travis/build/icyphy/ptII/ptolemy/actor/lib/test/auto/Switch.xml
----------------- Instantiating /home/travis/build/icyphy/ptII/ptolemy/actor/lib/test/auto/Switch.xml
7 ms. Memory: 449536K Free: 252951K (56%)
----------------- Invoking toplevel() on ptolemy.moml.MoMLSimpleApplication@1844090c
----------------- Done invoking toplevel() on ptolemy.moml.MoMLSimpleApplication@1844090c
reloadAllAccessors: .Switch

===========================================================================================
----------------- testing Sat Apr 18 14:04:57 UTC 2020 /home/travis/build/icyphy/ptII/ptolemy/actor/lib/test/auto/Switch2.xml
----------------- Instantiating /home/travis/build/icyphy/ptII/ptolemy/actor/lib/test/auto/Switch2.xml
1 ms. Memory: 449536K Free: 248341K (55%)
----------------- Invoking toplevel() on ptolemy.moml.MoMLSimpleApplication@205ffaaa
----------------- Done invoking toplevel() on ptolemy.moml.MoMLSimpleApplication@205ffaaa
reloadAllAccessors: .Switch2

===========================================================================================
----------------- testing Sat Apr 18 14:04:57 UTC 2020 /home/travis/build/icyphy/ptII/ptolemy/actor/lib/test/auto/SwitchDE.xml
----------------- Instantiating /home/travis/build/icyphy/ptII/ptolemy/actor/lib/test/auto/SwitchDE.xml
3 ms. Memory: 449536K Free: 241687K (54%)
----------------- Invoking toplevel() on ptolemy.moml.MoMLSimpleApplication@6dfcafd0
----------------- Done invoking toplevel() on ptolemy.moml.MoMLSimpleApplication@6dfcafd0
reloadAllAccessors: .SwitchDE

===========================================================================================
----------------- testing Sat Apr 18 14:04:57 UTC 2020 /home/travis/build/icyphy/ptII/ptolemy/actor/lib/test/auto/SynchronizerDE.xml
----------------- Instantiating /home/travis/build/icyphy/ptII/ptolemy/actor/lib/test/auto/SynchronizerDE.xml
6 ms. Memory: 449536K Free: 233495K (52%)
----------------- Invoking toplevel() on ptolemy.moml.MoMLSimpleApplication@740ae9c9
----------------- Done invoking toplevel() on ptolemy.moml.MoMLSimpleApplication@740ae9c9
reloadAllAccessors: .SynchronizerDE

===========================================================================================
----------------- testing Sat Apr 18 14:04:57 UTC 2020 /home/travis/build/icyphy/ptII/ptolemy/actor/lib/test/auto/Test.xml
----------------- Instantiating /home/travis/build/icyphy/ptII/ptolemy/actor/lib/test/auto/Test.xml
2 ms. Memory: 449536K Free: 228375K (51%)
----------------- Invoking toplevel() on ptolemy.moml.MoMLSimpleApplication@22297c05
----------------- Done invoking toplevel() on ptolemy.moml.MoMLSimpleApplication@22297c05
reloadAllAccessors: .Test

===========================================================================================
----------------- testing Sat Apr 18 14:04:57 UTC 2020 /home/travis/build/icyphy/ptII/ptolemy/actor/lib/test/auto/TestExceptionAttribute1.xml
----------------- Instantiating /home/travis/build/icyphy/ptII/ptolemy/actor/lib/test/auto/TestExceptionAttribute1.xml
1 ms. Memory: 449536K Free: 224789K (50%)
----------------- Invoking toplevel() on ptolemy.moml.MoMLSimpleApplication@3ad4c8e2
----------------- Done invoking toplevel() on ptolemy.moml.MoMLSimpleApplication@3ad4c8e2
reloadAllAccessors: .TestExceptionAttribute1

===========================================================================================
----------------- testing Sat Apr 18 14:04:58 UTC 2020 /home/travis/build/icyphy/ptII/ptolemy/actor/lib/test/auto/TestExceptionAttribute2.xml
----------------- Instantiating /home/travis/build/icyphy/ptII/ptolemy/actor/lib/test/auto/TestExceptionAttribute2.xml
2 ms. Memory: 449536K Free: 221207K (49%)
----------------- Invoking toplevel() on ptolemy.moml.MoMLSimpleApplication@2c58a943
----------------- Done invoking toplevel() on ptolemy.moml.MoMLSimpleApplication@2c58a943
reloadAllAccessors: .TestExceptionAttribute2

===========================================================================================
----------------- testing Sat Apr 18 14:04:58 UTC 2020 /home/travis/build/icyphy/ptII/ptolemy/actor/lib/test/auto/TestExceptionAttribute3.xml
----------------- Instantiating /home/travis/build/icyphy/ptII/ptolemy/actor/lib/test/auto/TestExceptionAttribute3.xml
.TestExceptionAttribute3.TestExceptionAttribute: initialize() was not invoked, but wrapup() was.  This is unusual, but not always a problem.  For example, exporting JNLP will do this.
1 ms. Memory: 449536K Free: 217621K (48%)
----------------- Invoking toplevel() on ptolemy.moml.MoMLSimpleApplication@7770cad4
----------------- Done invoking toplevel() on ptolemy.moml.MoMLSimpleApplication@7770cad4
reloadAllAccessors: .TestExceptionAttribute3

===========================================================================================
----------------- testing Sat Apr 18 14:04:58 UTC 2020 /home/travis/build/icyphy/ptII/ptolemy/actor/lib/test/auto/TestExceptionAttribute4.xml
----------------- Instantiating /home/travis/build/icyphy/ptII/ptolemy/actor/lib/test/auto/TestExceptionAttribute4.xml
.TestExceptionAttribute4.TestExceptionAttribute: initialize() was not invoked, but wrapup() was.  This is unusual, but not always a problem.  For example, exporting JNLP will do this.
.TestExceptionAttribute4.TestExceptionAttribute2: initialize() was not invoked, but wrapup() was.  This is unusual, but not always a problem.  For example, exporting JNLP will do this.
0 ms. Memory: 449536K Free: 213015K (47%)
----------------- Invoking toplevel() on ptolemy.moml.MoMLSimpleApplication@14e2b72
----------------- Done invoking toplevel() on ptolemy.moml.MoMLSimpleApplication@14e2b72
reloadAllAccessors: .TestExceptionAttribute4

===========================================================================================
----------------- testing Sat Apr 18 14:04:58 UTC 2020 /home/travis/build/icyphy/ptII/ptolemy/actor/lib/test/auto/TestExceptionHandler1.xml
----------------- Instantiating /home/travis/build/icyphy/ptII/ptolemy/actor/lib/test/auto/TestExceptionHandler1.xml
1 ms. Memory: 449536K Free: 209429K (47%)
----------------- Invoking toplevel() on ptolemy.moml.MoMLSimpleApplication@3729676a
----------------- Done invoking toplevel() on ptolemy.moml.MoMLSimpleApplication@3729676a
reloadAllAccessors: .TestExceptionHandler1

===========================================================================================
----------------- testing Sat Apr 18 14:04:58 UTC 2020 /home/travis/build/icyphy/ptII/ptolemy/actor/lib/test/auto/TestExceptionHandler2.xml
----------------- Instantiating /home/travis/build/icyphy/ptII/ptolemy/actor/lib/test/auto/TestExceptionHandler2.xml
1 ms. Memory: 449536K Free: 205847K (46%)
----------------- Invoking toplevel() on ptolemy.moml.MoMLSimpleApplication@b9ddbe9
----------------- Done invoking toplevel() on ptolemy.moml.MoMLSimpleApplication@b9ddbe9
reloadAllAccessors: .TestExceptionHandler2

===========================================================================================
----------------- testing Sat Apr 18 14:04:58 UTC 2020 /home/travis/build/icyphy/ptII/ptolemy/actor/lib/test/auto/TestExceptionHandler3.xml
----------------- Instantiating /home/travis/build/icyphy/ptII/ptolemy/actor/lib/test/auto/TestExceptionHandler3.xml
0 ms. Memory: 449536K Free: 202261K (45%)
----------------- Invoking toplevel() on ptolemy.moml.MoMLSimpleApplication@3571e6a8
----------------- Done invoking toplevel() on ptolemy.moml.MoMLSimpleApplication@3571e6a8
reloadAllAccessors: .TestExceptionHandler3

===========================================================================================
----------------- testing Sat Apr 18 14:04:58 UTC 2020 /home/travis/build/icyphy/ptII/ptolemy/actor/lib/test/auto/TestExceptionHandler4.xml
----------------- Instantiating /home/travis/build/icyphy/ptII/ptolemy/actor/lib/test/auto/TestExceptionHandler4.xml
1 ms. Memory: 449536K Free: 198165K (44%)
----------------- Invoking toplevel() on ptolemy.moml.MoMLSimpleApplication@6b4503d7
----------------- Done invoking toplevel() on ptolemy.moml.MoMLSimpleApplication@6b4503d7
reloadAllAccessors: .TestExceptionHandler4

===========================================================================================
----------------- testing Sat Apr 18 14:04:58 UTC 2020 /home/travis/build/icyphy/ptII/ptolemy/actor/lib/test/auto/TestRequireCorrectOrder.xml
----------------- Instantiating /home/travis/build/icyphy/ptII/ptolemy/actor/lib/test/auto/TestRequireCorrectOrder.xml
5 ms. Memory: 449536K Free: 192535K (43%)
----------------- Invoking toplevel() on ptolemy.moml.MoMLSimpleApplication@391a34b2
----------------- Done invoking toplevel() on ptolemy.moml.MoMLSimpleApplication@391a34b2
reloadAllAccessors: .TestRequireCorrectOrder

===========================================================================================
----------------- testing Sat Apr 18 14:04:58 UTC 2020 /home/travis/build/icyphy/ptII/ptolemy/actor/lib/test/auto/TestSimple.xml
----------------- Instantiating /home/travis/build/icyphy/ptII/ptolemy/actor/lib/test/auto/TestSimple.xml
1 ms. Memory: 449536K Free: 187919K (42%)
----------------- Invoking toplevel() on ptolemy.moml.MoMLSimpleApplication@6f9dd169
----------------- Done invoking toplevel() on ptolemy.moml.MoMLSimpleApplication@6f9dd169
reloadAllAccessors: .TestSimple

===========================================================================================
----------------- testing Sat Apr 18 14:04:58 UTC 2020 /home/travis/build/icyphy/ptII/ptolemy/actor/lib/test/auto/ThrowModelError.xml
----------------- Instantiating /home/travis/build/icyphy/ptII/ptolemy/actor/lib/test/auto/ThrowModelError.xml
1 ms. Memory: 449536K Free: 183319K (41%)
----------------- Invoking toplevel() on ptolemy.moml.MoMLSimpleApplication@5c95c847
----------------- Done invoking toplevel() on ptolemy.moml.MoMLSimpleApplication@5c95c847
reloadAllAccessors: .ThrowModelError

===========================================================================================
----------------- testing Sat Apr 18 14:04:58 UTC 2020 /home/travis/build/icyphy/ptII/ptolemy/actor/lib/test/auto/TimeDelayMicrosteps.xml
----------------- Instantiating /home/travis/build/icyphy/ptII/ptolemy/actor/lib/test/auto/TimeDelayMicrosteps.xml
3 ms. Memory: 449536K Free: 176647K (39%)
----------------- Invoking toplevel() on ptolemy.moml.MoMLSimpleApplication@3fdbe9c4
----------------- Done invoking toplevel() on ptolemy.moml.MoMLSimpleApplication@3fdbe9c4
reloadAllAccessors: .TimeDelayMicrosteps

===========================================================================================
----------------- testing Sat Apr 18 14:04:58 UTC 2020 /home/travis/build/icyphy/ptII/ptolemy/actor/lib/test/auto/TimeDelayMicrosteps2.xml
----------------- Instantiating /home/travis/build/icyphy/ptII/ptolemy/actor/lib/test/auto/TimeDelayMicrosteps2.xml
3 ms. Memory: 449536K Free: 169463K (38%)
----------------- Invoking toplevel() on ptolemy.moml.MoMLSimpleApplication@5191bde8
----------------- Done invoking toplevel() on ptolemy.moml.MoMLSimpleApplication@5191bde8
reloadAllAccessors: .TimeDelayMicrosteps2

===========================================================================================
----------------- testing Sat Apr 18 14:04:58 UTC 2020 /home/travis/build/icyphy/ptII/ptolemy/actor/lib/test/auto/TimeDelayMicrosteps3.xml
----------------- Instantiating /home/travis/build/icyphy/ptII/ptolemy/actor/lib/test/auto/TimeDelayMicrosteps3.xml
10 ms. Memory: 449536K Free: 162311K (36%)
----------------- Invoking toplevel() on ptolemy.moml.MoMLSimpleApplication@598c5fc6
----------------- Done invoking toplevel() on ptolemy.moml.MoMLSimpleApplication@598c5fc6
reloadAllAccessors: .TimeDelayMicrosteps3

===========================================================================================
----------------- testing Sat Apr 18 14:04:58 UTC 2020 /home/travis/build/icyphy/ptII/ptolemy/actor/lib/test/auto/TimeDelayVariableMicrosteps.xml
----------------- Instantiating /home/travis/build/icyphy/ptII/ptolemy/actor/lib/test/auto/TimeDelayVariableMicrosteps.xml
2 ms. Memory: 449536K Free: 156181K (35%)
----------------- Invoking toplevel() on ptolemy.moml.MoMLSimpleApplication@5242e39
----------------- Done invoking toplevel() on ptolemy.moml.MoMLSimpleApplication@5242e39
reloadAllAccessors: .TimeDelayVariableMicrosteps

===========================================================================================
----------------- testing Sat Apr 18 14:04:58 UTC 2020 /home/travis/build/icyphy/ptII/ptolemy/actor/lib/test/auto/TimeGap.xml
----------------- Instantiating /home/travis/build/icyphy/ptII/ptolemy/actor/lib/test/auto/TimeGap.xml
3 ms. Memory: 449536K Free: 151031K (34%)
----------------- Invoking toplevel() on ptolemy.moml.MoMLSimpleApplication@562fe0c2
----------------- Done invoking toplevel() on ptolemy.moml.MoMLSimpleApplication@562fe0c2
reloadAllAccessors: .TimeGap

===========================================================================================
----------------- testing Sat Apr 18 14:04:58 UTC 2020 /home/travis/build/icyphy/ptII/ptolemy/actor/lib/test/auto/TimeGap2.xml
----------------- Instantiating /home/travis/build/icyphy/ptII/ptolemy/actor/lib/test/auto/TimeGap2.xml
2 ms. Memory: 449536K Free: 145431K (32%)
----------------- Invoking toplevel() on ptolemy.moml.MoMLSimpleApplication@92a67ca
----------------- Done invoking toplevel() on ptolemy.moml.MoMLSimpleApplication@92a67ca
reloadAllAccessors: .TimeGap2

===========================================================================================
----------------- testing Sat Apr 18 14:04:58 UTC 2020 /home/travis/build/icyphy/ptII/ptolemy/actor/lib/test/auto/TimedSinewave.xml
----------------- Instantiating /home/travis/build/icyphy/ptII/ptolemy/actor/lib/test/auto/TimedSinewave.xml
20 ms. Memory: 449536K Free: 396636K (88%)
----------------- Invoking toplevel() on ptolemy.moml.MoMLSimpleApplication@4eae190a
----------------- Done invoking toplevel() on ptolemy.moml.MoMLSimpleApplication@4eae190a
reloadAllAccessors: .TimedSinewave

===========================================================================================
----------------- testing Sat Apr 18 14:04:58 UTC 2020 /home/travis/build/icyphy/ptII/ptolemy/actor/lib/test/auto/TimedSinewavePhase.xml
----------------- Instantiating /home/travis/build/icyphy/ptII/ptolemy/actor/lib/test/auto/TimedSinewavePhase.xml
9 ms. Memory: 449536K Free: 386396K (86%)
----------------- Invoking toplevel() on ptolemy.moml.MoMLSimpleApplication@5ea23d5
----------------- Done invoking toplevel() on ptolemy.moml.MoMLSimpleApplication@5ea23d5
reloadAllAccessors: .TimedSinewavePhase

===========================================================================================
----------------- testing Sat Apr 18 14:04:58 UTC 2020 /home/travis/build/icyphy/ptII/ptolemy/actor/lib/test/auto/Timer.xml
----------------- Instantiating /home/travis/build/icyphy/ptII/ptolemy/actor/lib/test/auto/Timer.xml
2 ms. Memory: 449536K Free: 380238K (85%)
----------------- Invoking toplevel() on ptolemy.moml.MoMLSimpleApplication@75b55e7a
----------------- Done invoking toplevel() on ptolemy.moml.MoMLSimpleApplication@75b55e7a
reloadAllAccessors: .Timer

===========================================================================================
----------------- testing Sat Apr 18 14:04:58 UTC 2020 /home/travis/build/icyphy/ptII/ptolemy/actor/lib/test/auto/TriangularDistTestModel.xml
----------------- Instantiating /home/travis/build/icyphy/ptII/ptolemy/actor/lib/test/auto/TriangularDistTestModel.xml
2 ms. Memory: 449536K Free: 374622K (83%)
----------------- Invoking toplevel() on ptolemy.moml.MoMLSimpleApplication@2e84d773
----------------- Done invoking toplevel() on ptolemy.moml.MoMLSimpleApplication@2e84d773
reloadAllAccessors: .TriangularDistTestModel

===========================================================================================
----------------- testing Sat Apr 18 14:04:58 UTC 2020 /home/travis/build/icyphy/ptII/ptolemy/actor/lib/test/auto/TrigFunction.xml
----------------- Instantiating /home/travis/build/icyphy/ptII/ptolemy/actor/lib/test/auto/TrigFunction.xml
2 ms. Memory: 449536K Free: 370012K (82%)
----------------- Invoking toplevel() on ptolemy.moml.MoMLSimpleApplication@11e7c340
----------------- Done invoking toplevel() on ptolemy.moml.MoMLSimpleApplication@11e7c340
reloadAllAccessors: .TrigFunction

===========================================================================================
----------------- testing Sat Apr 18 14:04:58 UTC 2020 /home/travis/build/icyphy/ptII/ptolemy/actor/lib/test/auto/TrigFunctionDE.xml
----------------- Instantiating /home/travis/build/icyphy/ptII/ptolemy/actor/lib/test/auto/TrigFunctionDE.xml
2 ms. Memory: 449536K Free: 364382K (81%)
----------------- Invoking toplevel() on ptolemy.moml.MoMLSimpleApplication@4e338f84
----------------- Done invoking toplevel() on ptolemy.moml.MoMLSimpleApplication@4e338f84
reloadAllAccessors: .TrigFunctionDE

===========================================================================================
----------------- testing Sat Apr 18 14:04:58 UTC 2020 /home/travis/build/icyphy/ptII/ptolemy/actor/lib/test/auto/TrigFunctionInverse.xml
----------------- Instantiating /home/travis/build/icyphy/ptII/ptolemy/actor/lib/test/auto/TrigFunctionInverse.xml
3 ms. Memory: 449536K Free: 358748K (80%)
----------------- Invoking toplevel() on ptolemy.moml.MoMLSimpleApplication@48a7b986
----------------- Done invoking toplevel() on ptolemy.moml.MoMLSimpleApplication@48a7b986
reloadAllAccessors: .TrigFunctionInverse

===========================================================================================
----------------- testing Sat Apr 18 14:04:58 UTC 2020 /home/travis/build/icyphy/ptII/ptolemy/actor/lib/test/auto/TrigFunctionTan.xml
----------------- Instantiating /home/travis/build/icyphy/ptII/ptolemy/actor/lib/test/auto/TrigFunctionTan.xml
2 ms. Memory: 449536K Free: 354652K (79%)
----------------- Invoking toplevel() on ptolemy.moml.MoMLSimpleApplication@5f429231
----------------- Done invoking toplevel() on ptolemy.moml.MoMLSimpleApplication@5f429231
reloadAllAccessors: .TrigFunctionTan

===========================================================================================
----------------- testing Sat Apr 18 14:04:58 UTC 2020 /home/travis/build/icyphy/ptII/ptolemy/actor/lib/test/auto/TriggeredClock.xml
----------------- Instantiating /home/travis/build/icyphy/ptII/ptolemy/actor/lib/test/auto/TriggeredClock.xml
1 ms. Memory: 449536K Free: 350014K (78%)
----------------- Invoking toplevel() on ptolemy.moml.MoMLSimpleApplication@6f23784d
----------------- Done invoking toplevel() on ptolemy.moml.MoMLSimpleApplication@6f23784d
reloadAllAccessors: .TriggeredClock

===========================================================================================
----------------- testing Sat Apr 18 14:04:58 UTC 2020 /home/travis/build/icyphy/ptII/ptolemy/actor/lib/test/auto/URLDirectoryReader.xml
----------------- Instantiating /home/travis/build/icyphy/ptII/ptolemy/actor/lib/test/auto/URLDirectoryReader.xml
39 ms. Memory: 449536K Free: 341340K (76%)
----------------- Invoking toplevel() on ptolemy.moml.MoMLSimpleApplication@7e399b27
----------------- Done invoking toplevel() on ptolemy.moml.MoMLSimpleApplication@7e399b27
reloadAllAccessors: .URLDirectoryReader

===========================================================================================
----------------- testing Sat Apr 18 14:04:58 UTC 2020 /home/travis/build/icyphy/ptII/ptolemy/actor/lib/test/auto/URLDirectoryReader3.xml
----------------- Instantiating /home/travis/build/icyphy/ptII/ptolemy/actor/lib/test/auto/URLDirectoryReader3.xml
1299 ms. Memory: 449536K Free: 390062K (87%)
----------------- Invoking toplevel() on ptolemy.moml.MoMLSimpleApplication@40551423
----------------- Done invoking toplevel() on ptolemy.moml.MoMLSimpleApplication@40551423
reloadAllAccessors: .URLDirectoryReader3

===========================================================================================
----------------- testing Sat Apr 18 14:05:00 UTC 2020 /home/travis/build/icyphy/ptII/ptolemy/actor/lib/test/auto/UnaryMathFunction.xml
----------------- Instantiating /home/travis/build/icyphy/ptII/ptolemy/actor/lib/test/auto/UnaryMathFunction.xml
2 ms. Memory: 449536K Free: 381868K (85%)
----------------- Invoking toplevel() on ptolemy.moml.MoMLSimpleApplication@696a6d0c
----------------- Done invoking toplevel() on ptolemy.moml.MoMLSimpleApplication@696a6d0c
reloadAllAccessors: .UnaryMathFunction

===========================================================================================
----------------- testing Sat Apr 18 14:05:00 UTC 2020 /home/travis/build/icyphy/ptII/ptolemy/actor/lib/test/auto/Uniform.xml
----------------- Instantiating /home/travis/build/icyphy/ptII/ptolemy/actor/lib/test/auto/Uniform.xml
1 ms. Memory: 449536K Free: 377258K (84%)
----------------- Invoking toplevel() on ptolemy.moml.MoMLSimpleApplication@1423ab95
----------------- Done invoking toplevel() on ptolemy.moml.MoMLSimpleApplication@1423ab95
reloadAllAccessors: .Uniform

===========================================================================================
----------------- testing Sat Apr 18 14:05:00 UTC 2020 /home/travis/build/icyphy/ptII/ptolemy/actor/lib/test/auto/UnionDisassemblerTest.xml
----------------- Instantiating /home/travis/build/icyphy/ptII/ptolemy/actor/lib/test/auto/UnionDisassemblerTest.xml
17 ms. Memory: 449536K Free: 373676K (83%)
----------------- Invoking toplevel() on ptolemy.moml.MoMLSimpleApplication@6925c4b5
----------------- Done invoking toplevel() on ptolemy.moml.MoMLSimpleApplication@6925c4b5
reloadAllAccessors: .UnionDisassemblerTest

===========================================================================================
----------------- testing Sat Apr 18 14:05:00 UTC 2020 /home/travis/build/icyphy/ptII/ptolemy/actor/lib/test/auto/UtilityFunctions.xml
----------------- Instantiating /home/travis/build/icyphy/ptII/ptolemy/actor/lib/test/auto/UtilityFunctions.xml
1 ms. Memory: 449536K Free: 369580K (82%)
----------------- Invoking toplevel() on ptolemy.moml.MoMLSimpleApplication@57febf72
----------------- Done invoking toplevel() on ptolemy.moml.MoMLSimpleApplication@57febf72
reloadAllAccessors: .UtilityFunctions

===========================================================================================
----------------- testing Sat Apr 18 14:05:00 UTC 2020 /home/travis/build/icyphy/ptII/ptolemy/actor/lib/test/auto/VariableSleep.xml
----------------- Instantiating /home/travis/build/icyphy/ptII/ptolemy/actor/lib/test/auto/VariableSleep.xml
503 ms. Memory: 449536K Free: 363946K (81%)
----------------- Invoking toplevel() on ptolemy.moml.MoMLSimpleApplication@59077d97
----------------- Done invoking toplevel() on ptolemy.moml.MoMLSimpleApplication@59077d97
reloadAllAccessors: .VariableSleep

===========================================================================================
----------------- testing Sat Apr 18 14:05:00 UTC 2020 /home/travis/build/icyphy/ptII/ptolemy/actor/lib/test/auto/VectorAssemblerDisassemblerCT.xml
----------------- Instantiating /home/travis/build/icyphy/ptII/ptolemy/actor/lib/test/auto/VectorAssemblerDisassemblerCT.xml
52 ms. Memory: 449536K Free: 343466K (76%)
----------------- Invoking toplevel() on ptolemy.moml.MoMLSimpleApplication@6b65d313
----------------- Done invoking toplevel() on ptolemy.moml.MoMLSimpleApplication@6b65d313
reloadAllAccessors: .VectorAssemblerDisassemblerCT

===========================================================================================
----------------- testing Sat Apr 18 14:05:00 UTC 2020 /home/travis/build/icyphy/ptII/ptolemy/actor/lib/test/auto/VectorAssemblerDisassemblerDE.xml
----------------- Instantiating /home/travis/build/icyphy/ptII/ptolemy/actor/lib/test/auto/VectorAssemblerDisassemblerDE.xml
2 ms. Memory: 449536K Free: 336298K (75%)
----------------- Invoking toplevel() on ptolemy.moml.MoMLSimpleApplication@308b16fc
----------------- Done invoking toplevel() on ptolemy.moml.MoMLSimpleApplication@308b16fc
reloadAllAccessors: .VectorAssemblerDisassemblerDE

===========================================================================================
----------------- testing Sat Apr 18 14:05:00 UTC 2020 /home/travis/build/icyphy/ptII/ptolemy/actor/lib/test/auto/VectorAssemblerDisassemblerSDF.xml
----------------- Instantiating /home/travis/build/icyphy/ptII/ptolemy/actor/lib/test/auto/VectorAssemblerDisassemblerSDF.xml
2 ms. Memory: 449536K Free: 329644K (73%)
----------------- Invoking toplevel() on ptolemy.moml.MoMLSimpleApplication@2d30569d
----------------- Done invoking toplevel() on ptolemy.moml.MoMLSimpleApplication@2d30569d
reloadAllAccessors: .VectorAssemblerDisassemblerSDF

===========================================================================================
----------------- testing Sat Apr 18 14:05:00 UTC 2020 /home/travis/build/icyphy/ptII/ptolemy/actor/lib/test/auto/WallClockTime.xml
----------------- Instantiating /home/travis/build/icyphy/ptII/ptolemy/actor/lib/test/auto/WallClockTime.xml
1004 ms. Memory: 449536K Free: 324524K (72%)
----------------- Invoking toplevel() on ptolemy.moml.MoMLSimpleApplication@2327019b
----------------- Done invoking toplevel() on ptolemy.moml.MoMLSimpleApplication@2327019b
reloadAllAccessors: .WallClockTime

===========================================================================================
----------------- testing Sat Apr 18 14:05:01 UTC 2020 /home/travis/build/icyphy/ptII/ptolemy/actor/lib/test/auto/WidthTestWithSubscriberPublisher.xml
----------------- Instantiating /home/travis/build/icyphy/ptII/ptolemy/actor/lib/test/auto/WidthTestWithSubscriberPublisher.xml
7 ms. Memory: 449536K Free: 307116K (68%)
----------------- Invoking toplevel() on ptolemy.moml.MoMLSimpleApplication@6db195cd
----------------- Done invoking toplevel() on ptolemy.moml.MoMLSimpleApplication@6db195cd
reloadAllAccessors: .WidthTestWithSubscriberPublisher

===========================================================================================
----------------- testing Sat Apr 18 14:05:02 UTC 2020 /home/travis/build/icyphy/ptII/ptolemy/actor/lib/test/auto/WidthTestWithSubscriberPublisher2.xml
----------------- Instantiating /home/travis/build/icyphy/ptII/ptolemy/actor/lib/test/auto/WidthTestWithSubscriberPublisher2.xml
2 ms. Memory: 449536K Free: 300972K (67%)
----------------- Invoking toplevel() on ptolemy.moml.MoMLSimpleApplication@316750d8
----------------- Done invoking toplevel() on ptolemy.moml.MoMLSimpleApplication@316750d8
reloadAllAccessors: .WidthTestWithSubscriberPublisher2

===========================================================================================
----------------- testing Sat Apr 18 14:05:02 UTC 2020 /home/travis/build/icyphy/ptII/ptolemy/actor/lib/test/auto/WidthTestWithSubscriberPublisher3.xml
----------------- Instantiating /home/travis/build/icyphy/ptII/ptolemy/actor/lib/test/auto/WidthTestWithSubscriberPublisher3.xml
2 ms. Memory: 449536K Free: 294828K (66%)
----------------- Invoking toplevel() on ptolemy.moml.MoMLSimpleApplication@12396eca
----------------- Done invoking toplevel() on ptolemy.moml.MoMLSimpleApplication@12396eca
reloadAllAccessors: .WidthTestWithSubscriberPublisher3

===========================================================================================
----------------- testing Sat Apr 18 14:05:02 UTC 2020 /home/travis/build/icyphy/ptII/ptolemy/actor/lib/test/auto/Writer.xml
----------------- Instantiating /home/travis/build/icyphy/ptII/ptolemy/actor/lib/test/auto/Writer.xml
0
1
2
3
4
1 ms. Memory: 449536K Free: 290732K (65%)
----------------- Invoking toplevel() on ptolemy.moml.MoMLSimpleApplication@46b3a02f
----------------- Done invoking toplevel() on ptolemy.moml.MoMLSimpleApplication@46b3a02f
reloadAllAccessors: .Writer

===========================================================================================
----------------- testing Sat Apr 18 14:05:02 UTC 2020 /home/travis/build/icyphy/ptII/ptolemy/actor/lib/test/auto/array.xml
----------------- Instantiating /home/travis/build/icyphy/ptII/ptolemy/actor/lib/test/auto/array.xml
2 ms. Memory: 449536K Free: 286122K (64%)
----------------- Invoking toplevel() on ptolemy.moml.MoMLSimpleApplication@5f89ec31
----------------- Done invoking toplevel() on ptolemy.moml.MoMLSimpleApplication@5f89ec31
reloadAllAccessors: .array

===========================================================================================
----------------- testing Sat Apr 18 14:05:02 UTC 2020 /home/travis/build/icyphy/ptII/ptolemy/actor/lib/test/auto/array2.xml
----------------- Instantiating /home/travis/build/icyphy/ptII/ptolemy/actor/lib/test/auto/array2.xml
5 ms. Memory: 449536K Free: 281002K (63%)
----------------- Invoking toplevel() on ptolemy.moml.MoMLSimpleApplication@213ed6
----------------- Done invoking toplevel() on ptolemy.moml.MoMLSimpleApplication@213ed6
reloadAllAccessors: .array2

===========================================================================================
----------------- testing Sat Apr 18 14:05:02 UTC 2020 /home/travis/build/icyphy/ptII/ptolemy/actor/lib/test/auto/arrayType.xml
----------------- Instantiating /home/travis/build/icyphy/ptII/ptolemy/actor/lib/test/auto/arrayType.xml
2 ms. Memory: 449536K Free: 275372K (61%)
----------------- Invoking toplevel() on ptolemy.moml.MoMLSimpleApplication@2fb1e79f
----------------- Done invoking toplevel() on ptolemy.moml.MoMLSimpleApplication@2fb1e79f
reloadAllAccessors: .arrayType

===========================================================================================
----------------- testing Sat Apr 18 14:05:02 UTC 2020 /home/travis/build/icyphy/ptII/ptolemy/actor/lib/test/auto/arrayType10.xml
----------------- Instantiating /home/travis/build/icyphy/ptII/ptolemy/actor/lib/test/auto/arrayType10.xml
1 ms. Memory: 449536K Free: 270762K (60%)
----------------- Invoking toplevel() on ptolemy.moml.MoMLSimpleApplication@69a3cb77
----------------- Done invoking toplevel() on ptolemy.moml.MoMLSimpleApplication@69a3cb77
reloadAllAccessors: .arrayType10

===========================================================================================
----------------- testing Sat Apr 18 14:05:02 UTC 2020 /home/travis/build/icyphy/ptII/ptolemy/actor/lib/test/auto/arrayType11.xml
----------------- Instantiating /home/travis/build/icyphy/ptII/ptolemy/actor/lib/test/auto/arrayType11.xml
1 ms. Memory: 449536K Free: 266156K (59%)
----------------- Invoking toplevel() on ptolemy.moml.MoMLSimpleApplication@691edf51
----------------- Done invoking toplevel() on ptolemy.moml.MoMLSimpleApplication@691edf51
reloadAllAccessors: .arrayType11

===========================================================================================
----------------- testing Sat Apr 18 14:05:02 UTC 2020 /home/travis/build/icyphy/ptII/ptolemy/actor/lib/test/auto/arrayType12.xml
----------------- Instantiating /home/travis/build/icyphy/ptII/ptolemy/actor/lib/test/auto/arrayType12.xml
1 ms. Memory: 449536K Free: 260522K (58%)
----------------- Invoking toplevel() on ptolemy.moml.MoMLSimpleApplication@5937877d
----------------- Done invoking toplevel() on ptolemy.moml.MoMLSimpleApplication@5937877d
reloadAllAccessors: .arrayType12

===========================================================================================
----------------- testing Sat Apr 18 14:05:02 UTC 2020 /home/travis/build/icyphy/ptII/ptolemy/actor/lib/test/auto/arrayType13.xml
----------------- Instantiating /home/travis/build/icyphy/ptII/ptolemy/actor/lib/test/auto/arrayType13.xml
1 ms. Memory: 449536K Free: 255402K (57%)
----------------- Invoking toplevel() on ptolemy.moml.MoMLSimpleApplication@43c1bec6
----------------- Done invoking toplevel() on ptolemy.moml.MoMLSimpleApplication@43c1bec6
reloadAllAccessors: .arrayType13

===========================================================================================
----------------- testing Sat Apr 18 14:05:02 UTC 2020 /home/travis/build/icyphy/ptII/ptolemy/actor/lib/test/auto/arrayType14.xml
----------------- Instantiating /home/travis/build/icyphy/ptII/ptolemy/actor/lib/test/auto/arrayType14.xml
2 ms. Memory: 449536K Free: 250282K (56%)
----------------- Invoking toplevel() on ptolemy.moml.MoMLSimpleApplication@2956d36f
----------------- Done invoking toplevel() on ptolemy.moml.MoMLSimpleApplication@2956d36f
reloadAllAccessors: .arrayType14

===========================================================================================
----------------- testing Sat Apr 18 14:05:02 UTC 2020 /home/travis/build/icyphy/ptII/ptolemy/actor/lib/test/auto/arrayType15.xml
----------------- Instantiating /home/travis/build/icyphy/ptII/ptolemy/actor/lib/test/auto/arrayType15.xml
3 ms. Memory: 449536K Free: 244652K (54%)
----------------- Invoking toplevel() on ptolemy.moml.MoMLSimpleApplication@a184b3d
----------------- Done invoking toplevel() on ptolemy.moml.MoMLSimpleApplication@a184b3d
reloadAllAccessors: .arrayType15

===========================================================================================
----------------- testing Sat Apr 18 14:05:02 UTC 2020 /home/travis/build/icyphy/ptII/ptolemy/actor/lib/test/auto/arrayType16.xml
----------------- Instantiating /home/travis/build/icyphy/ptII/ptolemy/actor/lib/test/auto/arrayType16.xml
2 ms. Memory: 449536K Free: 239532K (53%)
----------------- Invoking toplevel() on ptolemy.moml.MoMLSimpleApplication@7eaec4d9
----------------- Done invoking toplevel() on ptolemy.moml.MoMLSimpleApplication@7eaec4d9
reloadAllAccessors: .arrayType16

===========================================================================================
----------------- testing Sat Apr 18 14:05:02 UTC 2020 /home/travis/build/icyphy/ptII/ptolemy/actor/lib/test/auto/arrayType17.xml
----------------- Instantiating /home/travis/build/icyphy/ptII/ptolemy/actor/lib/test/auto/arrayType17.xml
2 ms. Memory: 449536K Free: 234412K (52%)
----------------- Invoking toplevel() on ptolemy.moml.MoMLSimpleApplication@20dbd132
----------------- Done invoking toplevel() on ptolemy.moml.MoMLSimpleApplication@20dbd132
reloadAllAccessors: .arrayType17

===========================================================================================
----------------- testing Sat Apr 18 14:05:02 UTC 2020 /home/travis/build/icyphy/ptII/ptolemy/actor/lib/test/auto/arrayType18.xml
----------------- Instantiating /home/travis/build/icyphy/ptII/ptolemy/actor/lib/test/auto/arrayType18.xml
1 ms. Memory: 449536K Free: 229292K (51%)
----------------- Invoking toplevel() on ptolemy.moml.MoMLSimpleApplication@3327c935
----------------- Done invoking toplevel() on ptolemy.moml.MoMLSimpleApplication@3327c935
reloadAllAccessors: .arrayType18

===========================================================================================
----------------- testing Sat Apr 18 14:05:02 UTC 2020 /home/travis/build/icyphy/ptII/ptolemy/actor/lib/test/auto/arrayType19.xml
----------------- Instantiating /home/travis/build/icyphy/ptII/ptolemy/actor/lib/test/auto/arrayType19.xml
2 ms. Memory: 449536K Free: 224682K (50%)
----------------- Invoking toplevel() on ptolemy.moml.MoMLSimpleApplication@6e4bba83
----------------- Done invoking toplevel() on ptolemy.moml.MoMLSimpleApplication@6e4bba83
reloadAllAccessors: .arrayType19

===========================================================================================
----------------- testing Sat Apr 18 14:05:02 UTC 2020 /home/travis/build/icyphy/ptII/ptolemy/actor/lib/test/auto/arrayType2.xml
----------------- Instantiating /home/travis/build/icyphy/ptII/ptolemy/actor/lib/test/auto/arrayType2.xml
1 ms. Memory: 449536K Free: 219562K (49%)
----------------- Invoking toplevel() on ptolemy.moml.MoMLSimpleApplication@2dcd59f1
----------------- Done invoking toplevel() on ptolemy.moml.MoMLSimpleApplication@2dcd59f1
reloadAllAccessors: .arrayType2

===========================================================================================
----------------- testing Sat Apr 18 14:05:02 UTC 2020 /home/travis/build/icyphy/ptII/ptolemy/actor/lib/test/auto/arrayType20.xml
----------------- Instantiating /home/travis/build/icyphy/ptII/ptolemy/actor/lib/test/auto/arrayType20.xml
1 ms. Memory: 449536K Free: 213932K (48%)
----------------- Invoking toplevel() on ptolemy.moml.MoMLSimpleApplication@698fd78e
----------------- Done invoking toplevel() on ptolemy.moml.MoMLSimpleApplication@698fd78e
reloadAllAccessors: .arrayType20

===========================================================================================
----------------- testing Sat Apr 18 14:05:02 UTC 2020 /home/travis/build/icyphy/ptII/ptolemy/actor/lib/test/auto/arrayType21.xml
----------------- Instantiating /home/travis/build/icyphy/ptII/ptolemy/actor/lib/test/auto/arrayType21.xml
2 ms. Memory: 449536K Free: 208812K (46%)
----------------- Invoking toplevel() on ptolemy.moml.MoMLSimpleApplication@355034c0
----------------- Done invoking toplevel() on ptolemy.moml.MoMLSimpleApplication@355034c0
reloadAllAccessors: .arrayType21

===========================================================================================
----------------- testing Sat Apr 18 14:05:02 UTC 2020 /home/travis/build/icyphy/ptII/ptolemy/actor/lib/test/auto/arrayType22.xml
----------------- Instantiating /home/travis/build/icyphy/ptII/ptolemy/actor/lib/test/auto/arrayType22.xml
1 ms. Memory: 449536K Free: 204202K (45%)
----------------- Invoking toplevel() on ptolemy.moml.MoMLSimpleApplication@290c5b9
----------------- Done invoking toplevel() on ptolemy.moml.MoMLSimpleApplication@290c5b9
reloadAllAccessors: .arrayType22

===========================================================================================
----------------- testing Sat Apr 18 14:05:02 UTC 2020 /home/travis/build/icyphy/ptII/ptolemy/actor/lib/test/auto/arrayType23.xml
----------------- Instantiating /home/travis/build/icyphy/ptII/ptolemy/actor/lib/test/auto/arrayType23.xml
2 ms. Memory: 449536K Free: 199596K (44%)
----------------- Invoking toplevel() on ptolemy.moml.MoMLSimpleApplication@71b74e1a
----------------- Done invoking toplevel() on ptolemy.moml.MoMLSimpleApplication@71b74e1a
reloadAllAccessors: .arrayType23

===========================================================================================
----------------- testing Sat Apr 18 14:05:02 UTC 2020 /home/travis/build/icyphy/ptII/ptolemy/actor/lib/test/auto/arrayType24.xml
----------------- Instantiating /home/travis/build/icyphy/ptII/ptolemy/actor/lib/test/auto/arrayType24.xml
2 ms. Memory: 449536K Free: 194476K (43%)
----------------- Invoking toplevel() on ptolemy.moml.MoMLSimpleApplication@620af14c
----------------- Done invoking toplevel() on ptolemy.moml.MoMLSimpleApplication@620af14c
reloadAllAccessors: .arrayType24

===========================================================================================
----------------- testing Sat Apr 18 14:05:02 UTC 2020 /home/travis/build/icyphy/ptII/ptolemy/actor/lib/test/auto/arrayType25.xml
----------------- Instantiating /home/travis/build/icyphy/ptII/ptolemy/actor/lib/test/auto/arrayType25.xml
2 ms. Memory: 449536K Free: 189356K (42%)
----------------- Invoking toplevel() on ptolemy.moml.MoMLSimpleApplication@7f158fcf
----------------- Done invoking toplevel() on ptolemy.moml.MoMLSimpleApplication@7f158fcf
reloadAllAccessors: .arrayType25

===========================================================================================
----------------- testing Sat Apr 18 14:05:02 UTC 2020 /home/travis/build/icyphy/ptII/ptolemy/actor/lib/test/auto/arrayType26.xml
----------------- Instantiating /home/travis/build/icyphy/ptII/ptolemy/actor/lib/test/auto/arrayType26.xml
1 ms. Memory: 449536K Free: 184236K (41%)
----------------- Invoking toplevel() on ptolemy.moml.MoMLSimpleApplication@23e4c230
----------------- Done invoking toplevel() on ptolemy.moml.MoMLSimpleApplication@23e4c230
reloadAllAccessors: .arrayType26

===========================================================================================
----------------- testing Sat Apr 18 14:05:02 UTC 2020 /home/travis/build/icyphy/ptII/ptolemy/actor/lib/test/auto/arrayType27.xml
----------------- Instantiating /home/travis/build/icyphy/ptII/ptolemy/actor/lib/test/auto/arrayType27.xml
1 ms. Memory: 449536K Free: 178602K (40%)
----------------- Invoking toplevel() on ptolemy.moml.MoMLSimpleApplication@5b20b114
----------------- Done invoking toplevel() on ptolemy.moml.MoMLSimpleApplication@5b20b114
reloadAllAccessors: .arrayType27

===========================================================================================
----------------- testing Sat Apr 18 14:05:02 UTC 2020 /home/travis/build/icyphy/ptII/ptolemy/actor/lib/test/auto/arrayType28.xml
----------------- Instantiating /home/travis/build/icyphy/ptII/ptolemy/actor/lib/test/auto/arrayType28.xml
8 ms. Memory: 449536K Free: 173482K (39%)
----------------- Invoking toplevel() on ptolemy.moml.MoMLSimpleApplication@4a313f40
----------------- Done invoking toplevel() on ptolemy.moml.MoMLSimpleApplication@4a313f40
reloadAllAccessors: .arrayType28

===========================================================================================
----------------- testing Sat Apr 18 14:05:02 UTC 2020 /home/travis/build/icyphy/ptII/ptolemy/actor/lib/test/auto/arrayType3.xml
----------------- Instantiating /home/travis/build/icyphy/ptII/ptolemy/actor/lib/test/auto/arrayType3.xml
5 ms. Memory: 449536K Free: 167852K (37%)
----------------- Invoking toplevel() on ptolemy.moml.MoMLSimpleApplication@278fb1b8
----------------- Done invoking toplevel() on ptolemy.moml.MoMLSimpleApplication@278fb1b8
reloadAllAccessors: .arrayType3

===========================================================================================
----------------- testing Sat Apr 18 14:05:02 UTC 2020 /home/travis/build/icyphy/ptII/ptolemy/actor/lib/test/auto/arrayType4.xml
----------------- Instantiating /home/travis/build/icyphy/ptII/ptolemy/actor/lib/test/auto/arrayType4.xml
1 ms. Memory: 449536K Free: 162732K (36%)
----------------- Invoking toplevel() on ptolemy.moml.MoMLSimpleApplication@581b1c49
----------------- Done invoking toplevel() on ptolemy.moml.MoMLSimpleApplication@581b1c49
reloadAllAccessors: .arrayType4

===========================================================================================
----------------- testing Sat Apr 18 14:05:02 UTC 2020 /home/travis/build/icyphy/ptII/ptolemy/actor/lib/test/auto/arrayType5.xml
----------------- Instantiating /home/travis/build/icyphy/ptII/ptolemy/actor/lib/test/auto/arrayType5.xml
2 ms. Memory: 449536K Free: 157612K (35%)
----------------- Invoking toplevel() on ptolemy.moml.MoMLSimpleApplication@223c64bd
----------------- Done invoking toplevel() on ptolemy.moml.MoMLSimpleApplication@223c64bd
reloadAllAccessors: .arrayType5

===========================================================================================
----------------- testing Sat Apr 18 14:05:02 UTC 2020 /home/travis/build/icyphy/ptII/ptolemy/actor/lib/test/auto/arrayType6.xml
----------------- Instantiating /home/travis/build/icyphy/ptII/ptolemy/actor/lib/test/auto/arrayType6.xml
2 ms. Memory: 449536K Free: 152492K (34%)
----------------- Invoking toplevel() on ptolemy.moml.MoMLSimpleApplication@276d45c7
----------------- Done invoking toplevel() on ptolemy.moml.MoMLSimpleApplication@276d45c7
reloadAllAccessors: .arrayType6

===========================================================================================
----------------- testing Sat Apr 18 14:05:02 UTC 2020 /home/travis/build/icyphy/ptII/ptolemy/actor/lib/test/auto/arrayType7.xml
----------------- Instantiating /home/travis/build/icyphy/ptII/ptolemy/actor/lib/test/auto/arrayType7.xml
2 ms. Memory: 449536K Free: 147882K (33%)
----------------- Invoking toplevel() on ptolemy.moml.MoMLSimpleApplication@40343fad
----------------- Done invoking toplevel() on ptolemy.moml.MoMLSimpleApplication@40343fad
reloadAllAccessors: .arrayType7

===========================================================================================
----------------- testing Sat Apr 18 14:05:02 UTC 2020 /home/travis/build/icyphy/ptII/ptolemy/actor/lib/test/auto/arrayType8.xml
----------------- Instantiating /home/travis/build/icyphy/ptII/ptolemy/actor/lib/test/auto/arrayType8.xml
6 ms. Memory: 449536K Free: 142762K (32%)
----------------- Invoking toplevel() on ptolemy.moml.MoMLSimpleApplication@66730641
----------------- Done invoking toplevel() on ptolemy.moml.MoMLSimpleApplication@66730641
reloadAllAccessors: .arrayType8

===========================================================================================
----------------- testing Sat Apr 18 14:05:02 UTC 2020 /home/travis/build/icyphy/ptII/ptolemy/actor/lib/test/auto/arrayType9.xml
----------------- Instantiating /home/travis/build/icyphy/ptII/ptolemy/actor/lib/test/auto/arrayType9.xml
2 ms. Memory: 449536K Free: 137642K (31%)
----------------- Invoking toplevel() on ptolemy.moml.MoMLSimpleApplication@6becc5ef
----------------- Done invoking toplevel() on ptolemy.moml.MoMLSimpleApplication@6becc5ef
reloadAllAccessors: .arrayType9

===========================================================================================
----------------- testing Sat Apr 18 14:05:02 UTC 2020 /home/travis/build/icyphy/ptII/ptolemy/actor/lib/test/auto/cast.xml
----------------- Instantiating /home/travis/build/icyphy/ptII/ptolemy/actor/lib/test/auto/cast.xml
2 ms. Memory: 449536K Free: 133036K (30%)
----------------- Invoking toplevel() on ptolemy.moml.MoMLSimpleApplication@41e2dae6
----------------- Done invoking toplevel() on ptolemy.moml.MoMLSimpleApplication@41e2dae6
reloadAllAccessors: .cast

===========================================================================================
----------------- testing Sat Apr 18 14:05:02 UTC 2020 /home/travis/build/icyphy/ptII/ptolemy/actor/lib/test/auto/compositeMultiPort.xml
----------------- Instantiating /home/travis/build/icyphy/ptII/ptolemy/actor/lib/test/auto/compositeMultiPort.xml
3 ms. Memory: 449536K Free: 387834K (86%)
----------------- Invoking toplevel() on ptolemy.moml.MoMLSimpleApplication@6433e7ee
----------------- Done invoking toplevel() on ptolemy.moml.MoMLSimpleApplication@6433e7ee
reloadAllAccessors: .compositeMultiPort

===========================================================================================
----------------- testing Sat Apr 18 14:05:02 UTC 2020 /home/travis/build/icyphy/ptII/ptolemy/actor/lib/test/auto/expressionCastInference.xml
----------------- Instantiating /home/travis/build/icyphy/ptII/ptolemy/actor/lib/test/auto/expressionCastInference.xml
2 ms. Memory: 449536K Free: 382714K (85%)
----------------- Invoking toplevel() on ptolemy.moml.MoMLSimpleApplication@1168b79f
----------------- Done invoking toplevel() on ptolemy.moml.MoMLSimpleApplication@1168b79f
reloadAllAccessors: .expressionCastInference

===========================================================================================
----------------- testing Sat Apr 18 14:05:02 UTC 2020 /home/travis/build/icyphy/ptII/ptolemy/actor/lib/test/auto/expressionCastInference2.xml
----------------- Instantiating /home/travis/build/icyphy/ptII/ptolemy/actor/lib/test/auto/expressionCastInference2.xml
3 ms. Memory: 449536K Free: 378104K (84%)
----------------- Invoking toplevel() on ptolemy.moml.MoMLSimpleApplication@361865bc
----------------- Done invoking toplevel() on ptolemy.moml.MoMLSimpleApplication@361865bc
reloadAllAccessors: .expressionCastInference2

===========================================================================================
----------------- testing Sat Apr 18 14:05:02 UTC 2020 /home/travis/build/icyphy/ptII/ptolemy/actor/lib/test/auto/expressionInference.xml
----------------- Instantiating /home/travis/build/icyphy/ptII/ptolemy/actor/lib/test/auto/expressionInference.xml
1 ms. Memory: 449536K Free: 373498K (83%)
----------------- Invoking toplevel() on ptolemy.moml.MoMLSimpleApplication@322513b3
----------------- Done invoking toplevel() on ptolemy.moml.MoMLSimpleApplication@322513b3
reloadAllAccessors: .expressionInference

===========================================================================================
----------------- testing Sat Apr 18 14:05:02 UTC 2020 /home/travis/build/icyphy/ptII/ptolemy/actor/lib/test/auto/expression_bug.xml
----------------- Instantiating /home/travis/build/icyphy/ptII/ptolemy/actor/lib/test/auto/expression_bug.xml
1 ms. Memory: 449536K Free: 369402K (82%)
----------------- Invoking toplevel() on ptolemy.moml.MoMLSimpleApplication@624e59df
----------------- Done invoking toplevel() on ptolemy.moml.MoMLSimpleApplication@624e59df
reloadAllAccessors: .expression_bug

===========================================================================================
----------------- testing Sat Apr 18 14:05:02 UTC 2020 /home/travis/build/icyphy/ptII/ptolemy/actor/lib/test/auto/factorial.xml
----------------- Instantiating /home/travis/build/icyphy/ptII/ptolemy/actor/lib/test/auto/factorial.xml
30 ms. Memory: 449536K Free: 361210K (80%)
----------------- Invoking toplevel() on ptolemy.moml.MoMLSimpleApplication@4d095f02
----------------- Done invoking toplevel() on ptolemy.moml.MoMLSimpleApplication@4d095f02
reloadAllAccessors: .factorial

===========================================================================================
----------------- testing Sat Apr 18 14:05:02 UTC 2020 /home/travis/build/icyphy/ptII/ptolemy/actor/lib/test/auto/filterTest1.xml
----------------- Instantiating /home/travis/build/icyphy/ptII/ptolemy/actor/lib/test/auto/filterTest1.xml
3 ms. Memory: 449536K Free: 355066K (79%)
----------------- Invoking toplevel() on ptolemy.moml.MoMLSimpleApplication@7b199ecd
----------------- Done invoking toplevel() on ptolemy.moml.MoMLSimpleApplication@7b199ecd
reloadAllAccessors: .filterTest1

===========================================================================================
----------------- testing Sat Apr 18 14:05:02 UTC 2020 /home/travis/build/icyphy/ptII/ptolemy/actor/lib/test/auto/funcApplyInConst.xml
----------------- Instantiating /home/travis/build/icyphy/ptII/ptolemy/actor/lib/test/auto/funcApplyInConst.xml
1 ms. Memory: 449536K Free: 351480K (78%)
----------------- Invoking toplevel() on ptolemy.moml.MoMLSimpleApplication@63127fd4
----------------- Done invoking toplevel() on ptolemy.moml.MoMLSimpleApplication@63127fd4
reloadAllAccessors: .funcApplyInConst

===========================================================================================
----------------- testing Sat Apr 18 14:05:02 UTC 2020 /home/travis/build/icyphy/ptII/ptolemy/actor/lib/test/auto/funcApplyInExpr.xml
----------------- Instantiating /home/travis/build/icyphy/ptII/ptolemy/actor/lib/test/auto/funcApplyInExpr.xml
1 ms. Memory: 449536K Free: 347898K (77%)
----------------- Invoking toplevel() on ptolemy.moml.MoMLSimpleApplication@649fb7db
----------------- Done invoking toplevel() on ptolemy.moml.MoMLSimpleApplication@649fb7db
reloadAllAccessors: .funcApplyInExpr

===========================================================================================
----------------- testing Sat Apr 18 14:05:02 UTC 2020 /home/travis/build/icyphy/ptII/ptolemy/actor/lib/test/auto/function.xml
----------------- Instantiating /home/travis/build/icyphy/ptII/ptolemy/actor/lib/test/auto/function.xml
3 ms. Memory: 449536K Free: 342778K (76%)
----------------- Invoking toplevel() on ptolemy.moml.MoMLSimpleApplication@7207f37e
----------------- Done invoking toplevel() on ptolemy.moml.MoMLSimpleApplication@7207f37e
reloadAllAccessors: .function

===========================================================================================
----------------- testing Sat Apr 18 14:05:02 UTC 2020 /home/travis/build/icyphy/ptII/ptolemy/actor/lib/test/auto/function2.xml
----------------- Instantiating /home/travis/build/icyphy/ptII/ptolemy/actor/lib/test/auto/function2.xml
2 ms. Memory: 449536K Free: 338168K (75%)
----------------- Invoking toplevel() on ptolemy.moml.MoMLSimpleApplication@5a308cd8
----------------- Done invoking toplevel() on ptolemy.moml.MoMLSimpleApplication@5a308cd8
reloadAllAccessors: .function2

===========================================================================================
----------------- testing Sat Apr 18 14:05:02 UTC 2020 /home/travis/build/icyphy/ptII/ptolemy/actor/lib/test/auto/function3.xml
----------------- Instantiating /home/travis/build/icyphy/ptII/ptolemy/actor/lib/test/auto/function3.xml
2 ms. Memory: 449536K Free: 334072K (74%)
----------------- Invoking toplevel() on ptolemy.moml.MoMLSimpleApplication@7a39f73e
----------------- Done invoking toplevel() on ptolemy.moml.MoMLSimpleApplication@7a39f73e
reloadAllAccessors: .function3

===========================================================================================
----------------- testing Sat Apr 18 14:05:02 UTC 2020 /home/travis/build/icyphy/ptII/ptolemy/actor/lib/test/auto/functionClosureTest1.xml
----------------- Instantiating /home/travis/build/icyphy/ptII/ptolemy/actor/lib/test/auto/functionClosureTest1.xml
2 ms. Memory: 449536K Free: 328442K (73%)
----------------- Invoking toplevel() on ptolemy.moml.MoMLSimpleApplication@4ed9fa87
----------------- Done invoking toplevel() on ptolemy.moml.MoMLSimpleApplication@4ed9fa87
reloadAllAccessors: .functionClosureTest1

===========================================================================================
----------------- testing Sat Apr 18 14:05:02 UTC 2020 /home/travis/build/icyphy/ptII/ptolemy/actor/lib/test/auto/functionClosureTest2.xml
----------------- Instantiating /home/travis/build/icyphy/ptII/ptolemy/actor/lib/test/auto/functionClosureTest2.xml
1 ms. Memory: 449536K Free: 324856K (72%)
----------------- Invoking toplevel() on ptolemy.moml.MoMLSimpleApplication@63d5f3ff
----------------- Done invoking toplevel() on ptolemy.moml.MoMLSimpleApplication@63d5f3ff
reloadAllAccessors: .functionClosureTest2

===========================================================================================
----------------- testing Sat Apr 18 14:05:02 UTC 2020 /home/travis/build/icyphy/ptII/ptolemy/actor/lib/test/auto/functionClosureTest3.xml
----------------- Instantiating /home/travis/build/icyphy/ptII/ptolemy/actor/lib/test/auto/functionClosureTest3.xml
4 ms. Memory: 449536K Free: 319226K (71%)
----------------- Invoking toplevel() on ptolemy.moml.MoMLSimpleApplication@1b05f904
----------------- Done invoking toplevel() on ptolemy.moml.MoMLSimpleApplication@1b05f904
reloadAllAccessors: .functionClosureTest3

===========================================================================================
----------------- testing Sat Apr 18 14:05:02 UTC 2020 /home/travis/build/icyphy/ptII/ptolemy/actor/lib/test/auto/functionClosureTest4.xml
----------------- Instantiating /home/travis/build/icyphy/ptII/ptolemy/actor/lib/test/auto/functionClosureTest4.xml
4 ms. Memory: 449536K Free: 313082K (70%)
----------------- Invoking toplevel() on ptolemy.moml.MoMLSimpleApplication@765108a9
----------------- Done invoking toplevel() on ptolemy.moml.MoMLSimpleApplication@765108a9
reloadAllAccessors: .functionClosureTest4

===========================================================================================
----------------- testing Sat Apr 18 14:05:02 UTC 2020 /home/travis/build/icyphy/ptII/ptolemy/actor/lib/test/auto/functionClosureTest5.xml
----------------- Instantiating /home/travis/build/icyphy/ptII/ptolemy/actor/lib/test/auto/functionClosureTest5.xml
4 ms. Memory: 449536K Free: 307418K (68%)
----------------- Invoking toplevel() on ptolemy.moml.MoMLSimpleApplication@455aaf20
----------------- Done invoking toplevel() on ptolemy.moml.MoMLSimpleApplication@455aaf20
reloadAllAccessors: .functionClosureTest5

===========================================================================================
----------------- testing Sat Apr 18 14:05:02 UTC 2020 /home/travis/build/icyphy/ptII/ptolemy/actor/lib/test/auto/functionClosureTest6.xml
----------------- Instantiating /home/travis/build/icyphy/ptII/ptolemy/actor/lib/test/auto/functionClosureTest6.xml
2 ms. Memory: 449536K Free: 302842K (67%)
----------------- Invoking toplevel() on ptolemy.moml.MoMLSimpleApplication@8c8b9f
----------------- Done invoking toplevel() on ptolemy.moml.MoMLSimpleApplication@8c8b9f
reloadAllAccessors: .functionClosureTest6

===========================================================================================
----------------- testing Sat Apr 18 14:05:02 UTC 2020 /home/travis/build/icyphy/ptII/ptolemy/actor/lib/test/auto/functionsOnArcs.xml
----------------- Instantiating /home/travis/build/icyphy/ptII/ptolemy/actor/lib/test/auto/functionsOnArcs.xml
1 ms. Memory: 449536K Free: 297208K (66%)
----------------- Invoking toplevel() on ptolemy.moml.MoMLSimpleApplication@44904747
----------------- Done invoking toplevel() on ptolemy.moml.MoMLSimpleApplication@44904747
reloadAllAccessors: .functionsOnArcs

===========================================================================================
----------------- testing Sat Apr 18 14:05:02 UTC 2020 /home/travis/build/icyphy/ptII/ptolemy/actor/lib/test/auto/functionsOnArcsHOF.xml
----------------- Instantiating /home/travis/build/icyphy/ptII/ptolemy/actor/lib/test/auto/functionsOnArcsHOF.xml
3 ms. Memory: 449536K Free: 291578K (65%)
----------------- Invoking toplevel() on ptolemy.moml.MoMLSimpleApplication@428544c3
----------------- Done invoking toplevel() on ptolemy.moml.MoMLSimpleApplication@428544c3
reloadAllAccessors: .functionsOnArcsHOF

===========================================================================================
----------------- testing Sat Apr 18 14:05:02 UTC 2020 /home/travis/build/icyphy/ptII/ptolemy/actor/lib/test/auto/logic.xml
----------------- Instantiating /home/travis/build/icyphy/ptII/ptolemy/actor/lib/test/auto/logic.xml
2 ms. Memory: 449536K Free: 284410K (63%)
----------------- Invoking toplevel() on ptolemy.moml.MoMLSimpleApplication@6c2eeb5b
----------------- Done invoking toplevel() on ptolemy.moml.MoMLSimpleApplication@6c2eeb5b
reloadAllAccessors: .logic

===========================================================================================
----------------- testing Sat Apr 18 14:05:02 UTC 2020 /home/travis/build/icyphy/ptII/ptolemy/actor/lib/test/auto/matrixType.xml
----------------- Instantiating /home/travis/build/icyphy/ptII/ptolemy/actor/lib/test/auto/matrixType.xml
2 ms. Memory: 449536K Free: 279288K (62%)
----------------- Invoking toplevel() on ptolemy.moml.MoMLSimpleApplication@59e364e5
----------------- Done invoking toplevel() on ptolemy.moml.MoMLSimpleApplication@59e364e5
reloadAllAccessors: .matrixType

===========================================================================================
----------------- testing Sat Apr 18 14:05:02 UTC 2020 /home/travis/build/icyphy/ptII/ptolemy/actor/lib/test/auto/matrixType10.xml
----------------- Instantiating /home/travis/build/icyphy/ptII/ptolemy/actor/lib/test/auto/matrixType10.xml
2 ms. Memory: 449536K Free: 274680K (61%)
----------------- Invoking toplevel() on ptolemy.moml.MoMLSimpleApplication@787e0d89
----------------- Done invoking toplevel() on ptolemy.moml.MoMLSimpleApplication@787e0d89
reloadAllAccessors: .matrixType10

===========================================================================================
----------------- testing Sat Apr 18 14:05:02 UTC 2020 /home/travis/build/icyphy/ptII/ptolemy/actor/lib/test/auto/matrixType11.xml
----------------- Instantiating /home/travis/build/icyphy/ptII/ptolemy/actor/lib/test/auto/matrixType11.xml
1 ms. Memory: 449536K Free: 269560K (60%)
----------------- Invoking toplevel() on ptolemy.moml.MoMLSimpleApplication@458d9aee
----------------- Done invoking toplevel() on ptolemy.moml.MoMLSimpleApplication@458d9aee
reloadAllAccessors: .matrixType11

===========================================================================================
----------------- testing Sat Apr 18 14:05:03 UTC 2020 /home/travis/build/icyphy/ptII/ptolemy/actor/lib/test/auto/matrixType12.xml
----------------- Instantiating /home/travis/build/icyphy/ptII/ptolemy/actor/lib/test/auto/matrixType12.xml
1 ms. Memory: 449536K Free: 264954K (59%)
----------------- Invoking toplevel() on ptolemy.moml.MoMLSimpleApplication@5cda9a49
----------------- Done invoking toplevel() on ptolemy.moml.MoMLSimpleApplication@5cda9a49
reloadAllAccessors: .matrixType12

===========================================================================================
----------------- testing Sat Apr 18 14:05:03 UTC 2020 /home/travis/build/icyphy/ptII/ptolemy/actor/lib/test/auto/matrixType13.xml
----------------- Instantiating /home/travis/build/icyphy/ptII/ptolemy/actor/lib/test/auto/matrixType13.xml
2 ms. Memory: 449536K Free: 259834K (58%)
----------------- Invoking toplevel() on ptolemy.moml.MoMLSimpleApplication@7a407be2
----------------- Done invoking toplevel() on ptolemy.moml.MoMLSimpleApplication@7a407be2
reloadAllAccessors: .matrixType13

===========================================================================================
----------------- testing Sat Apr 18 14:05:03 UTC 2020 /home/travis/build/icyphy/ptII/ptolemy/actor/lib/test/auto/matrixType14.xml
----------------- Instantiating /home/travis/build/icyphy/ptII/ptolemy/actor/lib/test/auto/matrixType14.xml
1 ms. Memory: 449536K Free: 255224K (57%)
----------------- Invoking toplevel() on ptolemy.moml.MoMLSimpleApplication@258e1237
----------------- Done invoking toplevel() on ptolemy.moml.MoMLSimpleApplication@258e1237
reloadAllAccessors: .matrixType14

===========================================================================================
----------------- testing Sat Apr 18 14:05:03 UTC 2020 /home/travis/build/icyphy/ptII/ptolemy/actor/lib/test/auto/matrixType2.xml
----------------- Instantiating /home/travis/build/icyphy/ptII/ptolemy/actor/lib/test/auto/matrixType2.xml
1 ms. Memory: 449536K Free: 250104K (56%)
----------------- Invoking toplevel() on ptolemy.moml.MoMLSimpleApplication@4af2e287
----------------- Done invoking toplevel() on ptolemy.moml.MoMLSimpleApplication@4af2e287
reloadAllAccessors: .matrixType2

===========================================================================================
----------------- testing Sat Apr 18 14:05:03 UTC 2020 /home/travis/build/icyphy/ptII/ptolemy/actor/lib/test/auto/matrixType3.xml
----------------- Instantiating /home/travis/build/icyphy/ptII/ptolemy/actor/lib/test/auto/matrixType3.xml
3 ms. Memory: 449536K Free: 244984K (54%)
----------------- Invoking toplevel() on ptolemy.moml.MoMLSimpleApplication@19e9538e
----------------- Done invoking toplevel() on ptolemy.moml.MoMLSimpleApplication@19e9538e
reloadAllAccessors: .matrixType3

===========================================================================================
----------------- testing Sat Apr 18 14:05:03 UTC 2020 /home/travis/build/icyphy/ptII/ptolemy/actor/lib/test/auto/matrixType4.xml
----------------- Instantiating /home/travis/build/icyphy/ptII/ptolemy/actor/lib/test/auto/matrixType4.xml
1 ms. Memory: 449536K Free: 240378K (53%)
----------------- Invoking toplevel() on ptolemy.moml.MoMLSimpleApplication@3bae6b6
----------------- Done invoking toplevel() on ptolemy.moml.MoMLSimpleApplication@3bae6b6
reloadAllAccessors: .matrixType4

===========================================================================================
----------------- testing Sat Apr 18 14:05:03 UTC 2020 /home/travis/build/icyphy/ptII/ptolemy/actor/lib/test/auto/matrixType5.xml
----------------- Instantiating /home/travis/build/icyphy/ptII/ptolemy/actor/lib/test/auto/matrixType5.xml
1 ms. Memory: 449536K Free: 235258K (52%)
----------------- Invoking toplevel() on ptolemy.moml.MoMLSimpleApplication@6c37a36f
----------------- Done invoking toplevel() on ptolemy.moml.MoMLSimpleApplication@6c37a36f
reloadAllAccessors: .matrixType5

===========================================================================================
----------------- testing Sat Apr 18 14:05:03 UTC 2020 /home/travis/build/icyphy/ptII/ptolemy/actor/lib/test/auto/matrixType6.xml
----------------- Instantiating /home/travis/build/icyphy/ptII/ptolemy/actor/lib/test/auto/matrixType6.xml
1 ms. Memory: 449536K Free: 230648K (51%)
----------------- Invoking toplevel() on ptolemy.moml.MoMLSimpleApplication@2a19191b
----------------- Done invoking toplevel() on ptolemy.moml.MoMLSimpleApplication@2a19191b
reloadAllAccessors: .matrixType6

===========================================================================================
----------------- testing Sat Apr 18 14:05:03 UTC 2020 /home/travis/build/icyphy/ptII/ptolemy/actor/lib/test/auto/matrixType7.xml
----------------- Instantiating /home/travis/build/icyphy/ptII/ptolemy/actor/lib/test/auto/matrixType7.xml
1 ms. Memory: 449536K Free: 225528K (50%)
----------------- Invoking toplevel() on ptolemy.moml.MoMLSimpleApplication@4139bc58
----------------- Done invoking toplevel() on ptolemy.moml.MoMLSimpleApplication@4139bc58
reloadAllAccessors: .matrixType7

===========================================================================================
----------------- testing Sat Apr 18 14:05:03 UTC 2020 /home/travis/build/icyphy/ptII/ptolemy/actor/lib/test/auto/matrixType8.xml
----------------- Instantiating /home/travis/build/icyphy/ptII/ptolemy/actor/lib/test/auto/matrixType8.xml
1 ms. Memory: 449536K Free: 220922K (49%)
----------------- Invoking toplevel() on ptolemy.moml.MoMLSimpleApplication@2b58aed0
----------------- Done invoking toplevel() on ptolemy.moml.MoMLSimpleApplication@2b58aed0
reloadAllAccessors: .matrixType8

===========================================================================================
----------------- testing Sat Apr 18 14:05:03 UTC 2020 /home/travis/build/icyphy/ptII/ptolemy/actor/lib/test/auto/matrixType9.xml
----------------- Instantiating /home/travis/build/icyphy/ptII/ptolemy/actor/lib/test/auto/matrixType9.xml
1 ms. Memory: 449536K Free: 215802K (48%)
----------------- Invoking toplevel() on ptolemy.moml.MoMLSimpleApplication@719a7117
----------------- Done invoking toplevel() on ptolemy.moml.MoMLSimpleApplication@719a7117
reloadAllAccessors: .matrixType9

===========================================================================================
----------------- testing Sat Apr 18 14:05:03 UTC 2020 /home/travis/build/icyphy/ptII/ptolemy/actor/lib/test/auto/paraFunctest.xml
----------------- Instantiating /home/travis/build/icyphy/ptII/ptolemy/actor/lib/test/auto/paraFunctest.xml
2 ms. Memory: 449536K Free: 212216K (47%)
----------------- Invoking toplevel() on ptolemy.moml.MoMLSimpleApplication@22c7d5d1
----------------- Done invoking toplevel() on ptolemy.moml.MoMLSimpleApplication@22c7d5d1
reloadAllAccessors: .paraFunctest

===========================================================================================
----------------- testing Sat Apr 18 14:05:03 UTC 2020 /home/travis/build/icyphy/ptII/ptolemy/actor/lib/test/auto/paraFunctest2.xml
----------------- Instantiating /home/travis/build/icyphy/ptII/ptolemy/actor/lib/test/auto/paraFunctest2.xml
2 ms. Memory: 449536K Free: 207610K (46%)
----------------- Invoking toplevel() on ptolemy.moml.MoMLSimpleApplication@4ea2bfe6
----------------- Done invoking toplevel() on ptolemy.moml.MoMLSimpleApplication@4ea2bfe6
reloadAllAccessors: .paraFunctest2

===========================================================================================
----------------- testing Sat Apr 18 14:05:03 UTC 2020 /home/travis/build/icyphy/ptII/ptolemy/actor/lib/test/auto/parameterPassing.xml
----------------- Instantiating /home/travis/build/icyphy/ptII/ptolemy/actor/lib/test/auto/parameterPassing.xml
1 ms. Memory: 449536K Free: 203514K (45%)
----------------- Invoking toplevel() on ptolemy.moml.MoMLSimpleApplication@62d8015d
----------------- Done invoking toplevel() on ptolemy.moml.MoMLSimpleApplication@62d8015d
reloadAllAccessors: .parameterPassing

===========================================================================================
----------------- testing Sat Apr 18 14:05:03 UTC 2020 /home/travis/build/icyphy/ptII/ptolemy/actor/lib/test/auto/record.xml
----------------- Instantiating /home/travis/build/icyphy/ptII/ptolemy/actor/lib/test/auto/record.xml
2 ms. Memory: 449536K Free: 198394K (44%)
----------------- Invoking toplevel() on ptolemy.moml.MoMLSimpleApplication@5061e211
----------------- Done invoking toplevel() on ptolemy.moml.MoMLSimpleApplication@5061e211
reloadAllAccessors: .record

===========================================================================================
----------------- testing Sat Apr 18 14:05:03 UTC 2020 /home/travis/build/icyphy/ptII/ptolemy/actor/lib/test/auto/sizedarray1.xml
----------------- Instantiating /home/travis/build/icyphy/ptII/ptolemy/actor/lib/test/auto/sizedarray1.xml
2 ms. Memory: 449536K Free: 193274K (43%)
----------------- Invoking toplevel() on ptolemy.moml.MoMLSimpleApplication@7af91719
----------------- Done invoking toplevel() on ptolemy.moml.MoMLSimpleApplication@7af91719
reloadAllAccessors: .sizedarray1

===========================================================================================
----------------- testing Sat Apr 18 14:05:03 UTC 2020 /home/travis/build/icyphy/ptII/ptolemy/actor/lib/test/auto/sizedarray2.xml
----------------- Instantiating /home/travis/build/icyphy/ptII/ptolemy/actor/lib/test/auto/sizedarray2.xml
3 ms. Memory: 449536K Free: 188154K (42%)
----------------- Invoking toplevel() on ptolemy.moml.MoMLSimpleApplication@1ae0e689
----------------- Done invoking toplevel() on ptolemy.moml.MoMLSimpleApplication@1ae0e689
reloadAllAccessors: .sizedarray2

===========================================================================================
----------------- testing Sat Apr 18 14:05:03 UTC 2020 /home/travis/build/icyphy/ptII/ptolemy/actor/lib/test/auto/twoPublishers.xml
----------------- Instantiating /home/travis/build/icyphy/ptII/ptolemy/actor/lib/test/auto/twoPublishers.xml
6 ms. Memory: 449536K Free: 177914K (40%)
----------------- Invoking toplevel() on ptolemy.moml.MoMLSimpleApplication@66d056c7
----------------- Done invoking toplevel() on ptolemy.moml.MoMLSimpleApplication@66d056c7
reloadAllAccessors: .twoPublishers
AutoTests.java: About to close Vertx.
AutoTests.java: Vertx closed.
]]></system-out>
  <system-err><![CDATA[java.lang.RuntimeException: Execution failed
	at ptolemy.moml.MoMLSimpleApplication$UnloadThread.run(MoMLSimpleApplication.java:402)
Caused by: java.lang.RuntimeException: StringUtilities.exit() was called. Normally, we would exit here because Manager.exitAfterWrapup() was called.  However, because the ptolemy.ptII.exitAfterWrapup property is set, we throw this exception instead.
	at ptolemy.util.StringUtilities.exit(StringUtilities.java:365)
	at ptolemy.actor.Manager.wrapup(Manager.java:1549)
	at ptolemy.actor.Manager.execute(Manager.java:407)
	at ptolemy.actor.Manager.run(Manager.java:1263)
	at ptolemy.actor.Manager$PtolemyRunThread.run(Manager.java:1933)
Warning: '.top.test' is in training mode, set the trainingMode parameter to false before checking in
Warning: '.top.test' is in training mode, set the trainingMode parameter to false before checking in
Warning: '.top.test' is in training mode, set the trainingMode parameter to false before checking in
Warning: '.BooleanSwitch_RegressionTest_WrongTrainingValues.Test' is in training mode, set the trainingMode parameter to false before checking in
Warning: '.BooleanSwitch_RegressionTest_WrongTrainingValues.Test2' is in training mode, set the trainingMode parameter to false before checking in
Warning: '.BooleanSwitch_RegressionTest_WrongTrainingValues.Test2' The test produced 0 tokens.
Warning: '.top.testExceptionHandler' is in training mode, set the trainingMode parameter to false before checking in
java.lang.RuntimeException: Execution failed
	at ptolemy.moml.MoMLSimpleApplication$UnloadThread.run(MoMLSimpleApplication.java:402)
Caused by: ptolemy.kernel.util.IllegalActionException: PublisherPorts cannot be used at the top level, use a Publisher actor instead.
  in .PublisherPortToplevelSubscriber.PublisherPort
	at ptolemy.actor.PublisherPort.preinitialize(PublisherPort.java:403)
	at ptolemy.actor.CompositeActor.preinitialize(CompositeActor.java:1769)
	at ptolemy.actor.Manager.preinitializeAndResolveTypes(Manager.java:1040)
	at ptolemy.actor.Manager.initialize(Manager.java:710)
	at ptolemy.actor.Manager.execute(Manager.java:356)
	at ptolemy.actor.Manager.run(Manager.java:1263)
	at ptolemy.actor.Manager$PtolemyRunThread.run(Manager.java:1933)
java.lang.reflect.InvocationTargetException
	at java.base/jdk.internal.reflect.NativeConstructorAccessorImpl.newInstance0(Native Method)
	at java.base/jdk.internal.reflect.NativeConstructorAccessorImpl.newInstance(NativeConstructorAccessorImpl.java:62)
	at java.base/jdk.internal.reflect.DelegatingConstructorAccessorImpl.newInstance(DelegatingConstructorAccessorImpl.java:45)
	at java.base/java.lang.reflect.Constructor.newInstance(Constructor.java:490)
	at ptolemy.util.test.junit.AutoKnownFailedTests.RunModel(AutoKnownFailedTests.java:105)
	at java.base/jdk.internal.reflect.NativeMethodAccessorImpl.invoke0(Native Method)
	at java.base/jdk.internal.reflect.NativeMethodAccessorImpl.invoke(NativeMethodAccessorImpl.java:62)
	at java.base/jdk.internal.reflect.DelegatingMethodAccessorImpl.invoke(DelegatingMethodAccessorImpl.java:43)
	at java.base/java.lang.reflect.Method.invoke(Method.java:566)
	at org.junit.runners.model.FrameworkMethod$1.runReflectiveCall(FrameworkMethod.java:44)
	at org.junit.internal.runners.model.ReflectiveCallable.run(ReflectiveCallable.java:15)
	at org.junit.runners.model.FrameworkMethod.invokeExplosively(FrameworkMethod.java:41)
	at junitparams.internal.InvokeParameterisedMethod.evaluate(InvokeParameterisedMethod.java:102)
	at org.junit.internal.runners.statements.FailOnTimeout$1.run(FailOnTimeout.java:28)
Caused by: ptolemy.kernel.util.IllegalActionException: PublisherPorts cannot be used at the top level, use a Publisher actor instead.
  in .PublisherPortToplevelSubscriber.PublisherPort
	at ptolemy.actor.PublisherPort.preinitialize(PublisherPort.java:403)
	at ptolemy.actor.CompositeActor.preinitialize(CompositeActor.java:1769)
	at ptolemy.actor.Manager.preinitializeAndResolveTypes(Manager.java:1040)
	at ptolemy.actor.Manager.initialize(Manager.java:710)
	at ptolemy.actor.Manager.execute(Manager.java:356)
	at ptolemy.actor.Manager.run(Manager.java:1263)
	at ptolemy.actor.Manager$PtolemyRunThread.run(Manager.java:1933)
java.lang.RuntimeException: Execution failed
	at ptolemy.moml.MoMLSimpleApplication$UnloadThread.run(MoMLSimpleApplication.java:402)
Caused by: ptolemy.kernel.util.IllegalActionException: SubscriberPorts cannot be used at the top level, use a Subscriber actor instead.
  in .PublisherSubscriberPortToplevel.SubscriberPort
	at ptolemy.actor.SubscriberPort.preinitialize(SubscriberPort.java:328)
	at ptolemy.actor.CompositeActor.preinitialize(CompositeActor.java:1769)
	at ptolemy.actor.Manager.preinitializeAndResolveTypes(Manager.java:1040)
	at ptolemy.actor.Manager.initialize(Manager.java:710)
	at ptolemy.actor.Manager.execute(Manager.java:356)
	at ptolemy.actor.Manager.run(Manager.java:1263)
	at ptolemy.actor.Manager$PtolemyRunThread.run(Manager.java:1933)
java.lang.reflect.InvocationTargetException
	at java.base/jdk.internal.reflect.NativeConstructorAccessorImpl.newInstance0(Native Method)
	at java.base/jdk.internal.reflect.NativeConstructorAccessorImpl.newInstance(NativeConstructorAccessorImpl.java:62)
	at java.base/jdk.internal.reflect.DelegatingConstructorAccessorImpl.newInstance(DelegatingConstructorAccessorImpl.java:45)
	at java.base/java.lang.reflect.Constructor.newInstance(Constructor.java:490)
	at ptolemy.util.test.junit.AutoKnownFailedTests.RunModel(AutoKnownFailedTests.java:105)
	at java.base/jdk.internal.reflect.NativeMethodAccessorImpl.invoke0(Native Method)
	at java.base/jdk.internal.reflect.NativeMethodAccessorImpl.invoke(NativeMethodAccessorImpl.java:62)
	at java.base/jdk.internal.reflect.DelegatingMethodAccessorImpl.invoke(DelegatingMethodAccessorImpl.java:43)
	at java.base/java.lang.reflect.Method.invoke(Method.java:566)
	at org.junit.runners.model.FrameworkMethod$1.runReflectiveCall(FrameworkMethod.java:44)
	at org.junit.internal.runners.model.ReflectiveCallable.run(ReflectiveCallable.java:15)
	at org.junit.runners.model.FrameworkMethod.invokeExplosively(FrameworkMethod.java:41)
	at junitparams.internal.InvokeParameterisedMethod.evaluate(InvokeParameterisedMethod.java:102)
	at org.junit.internal.runners.statements.FailOnTimeout$1.run(FailOnTimeout.java:28)
Caused by: ptolemy.kernel.util.IllegalActionException: SubscriberPorts cannot be used at the top level, use a Subscriber actor instead.
  in .PublisherSubscriberPortToplevel.SubscriberPort
	at ptolemy.actor.SubscriberPort.preinitialize(SubscriberPort.java:328)
	at ptolemy.actor.CompositeActor.preinitialize(CompositeActor.java:1769)
	at ptolemy.actor.Manager.preinitializeAndResolveTypes(Manager.java:1040)
	at ptolemy.actor.Manager.initialize(Manager.java:710)
	at ptolemy.actor.Manager.execute(Manager.java:356)
	at ptolemy.actor.Manager.run(Manager.java:1263)
	at ptolemy.actor.Manager$PtolemyRunThread.run(Manager.java:1933)
java.lang.RuntimeException: Execution failed
	at ptolemy.moml.MoMLSimpleApplication$UnloadThread.run(MoMLSimpleApplication.java:402)
Caused by: ptolemy.kernel.util.IllegalActionException: SubscriptionAggregatorPorts cannot be used at the top level, use a SubscriptionAggregator actor instead.
  in .PublisherSubscriptionAggregatorPort.SubscriptionAggregatorPort
	at ptolemy.actor.SubscriptionAggregatorPort.preinitialize(SubscriptionAggregatorPort.java:353)
	at ptolemy.actor.CompositeActor.preinitialize(CompositeActor.java:1769)
	at ptolemy.actor.Manager.preinitializeAndResolveTypes(Manager.java:1040)
	at ptolemy.actor.Manager.initialize(Manager.java:710)
	at ptolemy.actor.Manager.execute(Manager.java:356)
	at ptolemy.actor.Manager.run(Manager.java:1263)
	at ptolemy.actor.Manager$PtolemyRunThread.run(Manager.java:1933)
java.lang.reflect.InvocationTargetException
	at java.base/jdk.internal.reflect.NativeConstructorAccessorImpl.newInstance0(Native Method)
	at java.base/jdk.internal.reflect.NativeConstructorAccessorImpl.newInstance(NativeConstructorAccessorImpl.java:62)
	at java.base/jdk.internal.reflect.DelegatingConstructorAccessorImpl.newInstance(DelegatingConstructorAccessorImpl.java:45)
	at java.base/java.lang.reflect.Constructor.newInstance(Constructor.java:490)
	at ptolemy.util.test.junit.AutoKnownFailedTests.RunModel(AutoKnownFailedTests.java:105)
	at java.base/jdk.internal.reflect.NativeMethodAccessorImpl.invoke0(Native Method)
	at java.base/jdk.internal.reflect.NativeMethodAccessorImpl.invoke(NativeMethodAccessorImpl.java:62)
	at java.base/jdk.internal.reflect.DelegatingMethodAccessorImpl.invoke(DelegatingMethodAccessorImpl.java:43)
	at java.base/java.lang.reflect.Method.invoke(Method.java:566)
	at org.junit.runners.model.FrameworkMethod$1.runReflectiveCall(FrameworkMethod.java:44)
	at org.junit.internal.runners.model.ReflectiveCallable.run(ReflectiveCallable.java:15)
	at org.junit.runners.model.FrameworkMethod.invokeExplosively(FrameworkMethod.java:41)
	at junitparams.internal.InvokeParameterisedMethod.evaluate(InvokeParameterisedMethod.java:102)
	at org.junit.internal.runners.statements.FailOnTimeout$1.run(FailOnTimeout.java:28)
Caused by: ptolemy.kernel.util.IllegalActionException: SubscriptionAggregatorPorts cannot be used at the top level, use a SubscriptionAggregator actor instead.
  in .PublisherSubscriptionAggregatorPort.SubscriptionAggregatorPort
	at ptolemy.actor.SubscriptionAggregatorPort.preinitialize(SubscriptionAggregatorPort.java:353)
	at ptolemy.actor.CompositeActor.preinitialize(CompositeActor.java:1769)
	at ptolemy.actor.Manager.preinitializeAndResolveTypes(Manager.java:1040)
	at ptolemy.actor.Manager.initialize(Manager.java:710)
	at ptolemy.actor.Manager.execute(Manager.java:356)
	at ptolemy.actor.Manager.run(Manager.java:1263)
	at ptolemy.actor.Manager$PtolemyRunThread.run(Manager.java:1933)
java.lang.RuntimeException: Execution failed
	at ptolemy.moml.MoMLSimpleApplication$UnloadThread.run(MoMLSimpleApplication.java:402)
Caused by: ptolemy.kernel.util.IllegalActionException: TypeTest actor has no training data.
  in .sizedarray3.TypeTest
	at ptolemy.actor.lib.TypeTest.initialize(TypeTest.java:250)
	at ptolemy.actor.Director.initialize(Director.java:938)
	at ptolemy.actor.Director.initialize(Director.java:907)
	at ptolemy.actor.sched.StaticSchedulingDirector.initialize(StaticSchedulingDirector.java:159)
	at ptolemy.domains.sdf.kernel.SDFDirector.initialize(SDFDirector.java:544)
	at ptolemy.actor.CompositeActor.initialize(CompositeActor.java:935)
	at ptolemy.actor.Manager.initialize(Manager.java:724)
	at ptolemy.actor.Manager.execute(Manager.java:356)
	at ptolemy.actor.Manager.run(Manager.java:1263)
	at ptolemy.actor.Manager$PtolemyRunThread.run(Manager.java:1933)
java.lang.reflect.InvocationTargetException
	at java.base/jdk.internal.reflect.NativeConstructorAccessorImpl.newInstance0(Native Method)
	at java.base/jdk.internal.reflect.NativeConstructorAccessorImpl.newInstance(NativeConstructorAccessorImpl.java:62)
	at java.base/jdk.internal.reflect.DelegatingConstructorAccessorImpl.newInstance(DelegatingConstructorAccessorImpl.java:45)
	at java.base/java.lang.reflect.Constructor.newInstance(Constructor.java:490)
	at ptolemy.util.test.junit.AutoKnownFailedTests.RunModel(AutoKnownFailedTests.java:105)
	at java.base/jdk.internal.reflect.NativeMethodAccessorImpl.invoke0(Native Method)
	at java.base/jdk.internal.reflect.NativeMethodAccessorImpl.invoke(NativeMethodAccessorImpl.java:62)
	at java.base/jdk.internal.reflect.DelegatingMethodAccessorImpl.invoke(DelegatingMethodAccessorImpl.java:43)
	at java.base/java.lang.reflect.Method.invoke(Method.java:566)
	at org.junit.runners.model.FrameworkMethod$1.runReflectiveCall(FrameworkMethod.java:44)
	at org.junit.internal.runners.model.ReflectiveCallable.run(ReflectiveCallable.java:15)
	at org.junit.runners.model.FrameworkMethod.invokeExplosively(FrameworkMethod.java:41)
	at junitparams.internal.InvokeParameterisedMethod.evaluate(InvokeParameterisedMethod.java:102)
	at org.junit.internal.runners.statements.FailOnTimeout$1.run(FailOnTimeout.java:28)
Caused by: ptolemy.kernel.util.IllegalActionException: TypeTest actor has no training data.
  in .sizedarray3.TypeTest
	at ptolemy.actor.lib.TypeTest.initialize(TypeTest.java:250)
	at ptolemy.actor.Director.initialize(Director.java:938)
	at ptolemy.actor.Director.initialize(Director.java:907)
	at ptolemy.actor.sched.StaticSchedulingDirector.initialize(StaticSchedulingDirector.java:159)
	at ptolemy.domains.sdf.kernel.SDFDirector.initialize(SDFDirector.java:544)
	at ptolemy.actor.CompositeActor.initialize(CompositeActor.java:935)
	at ptolemy.actor.Manager.initialize(Manager.java:724)
	at ptolemy.actor.Manager.execute(Manager.java:356)
	at ptolemy.actor.Manager.run(Manager.java:1263)
	at ptolemy.actor.Manager$PtolemyRunThread.run(Manager.java:1933)
]]></system-err>
</testsuite>
