<?xml version="1.0" encoding="UTF-8" ?>
<testsuite errors="0" failures="0" hostname="travis-job-c2e4568d-9ab2-43b0-9767-1439200e0924" name="ptolemy.cg.lib.test.junit.JUnitTclTest" skipped="0" tests="37" time="155.982" timestamp="2019-07-11T02:11:11">
  <properties>
    <property name="file.encoding.pkg" value="sun.io" />
    <property name="npm.executable" value="npm" />
    <property name="env.TRAVIS_ROOT" value="/" />
    <property name="ptII.mk.exists" value="true" />
    <property name="env.TRAVIS_APP_HOST" value="build.travis-ci.org" />
    <property name="env.rvm_bin_path" value="/home/travis/.rvm/bin" />
    <property name="java.home" value="/usr/local/lib/jvm/openjdk10" />
    <property name="env.TRAVIS_JOB_NUMBER" value="1214.10" />
    <property name="env.TRAVIS_HOME" value="/home/travis" />
    <property name="env.DISPLAY" value=":99.0" />
    <property name="env.TRAVIS_INIT" value="systemd" />
    <property name="env.SSH_TTY" value="/dev/pts/0" />
    <property name="java.net.preferIPv4Stack" value="true" />
    <property name="env.RUN_TESTS" value="true" />
    <property name="timeout.short" value="1000000" />
    <property name="junit.formatter" value="xml" />
    <property name="env.TRAVIS_SUDO" value="true" />
    <property name="env.TRAVIS_JOB_NAME" value="" />
    <property name="env.TRAVIS_STACK_NODE_ATTRIBUTES" value="/.node-attributes.yml" />
    <property name="env.LOGNAME" value="travis" />
    <property name="jsdoc.home" value="node_modules/@terraswarm/jsdoc" />
    <property name="debuglevel" value="source,lines,vars" />
    <property name="checkstyle.formatter" value="xml" />
    <property name="env._system_version" value="16.04" />
    <property name="bin.vergil.makeable" value="true" />
    <property name="sun.os.patch.level" value="unknown" />
    <property name="java.vendor.url" value="http://java.oracle.com/" />
    <property name="env.TRAVIS_BUILD_WEB_URL" value="https://travis-ci.org/icyphy/ptII/builds/557086131" />
    <property name="java.version" value="10.0.2" />
    <property name="env.TZ" value="UTC" />
    <property name="env.TRAVIS_PULL_REQUEST_SHA" value="" />
    <property name="env.PT_NO_NET" value="true" />
    <property name="env.TRAVIS_SECURE_ENV_VARS" value="true" />
    <property name="env._system_type" value="Linux" />
    <property name="java.vendor.url.bug" value="http://bugreport.java.com/bugreport/" />
    <property name="npmjs-org-is-up" value="true" />
    <property name="env.LANGUAGE" value="en_US.UTF-8" />
    <property name="env.SSH_CLIENT" value="10.10.4.253 58170 22" />
    <property name="env.GEM_HOME" value="/home/travis/.rvm/gems/ruby-2.5.3" />
    <property name="env.HAS_ANTARES_THREE_LITTLE_FRONZIES_BADGE" value="true" />
    <property name="java.version.date" value="2018-07-17" />
    <property name="env.PS4" value="+" />
    <property name="ant.project.invoked-targets" value="build,test.core3.xml" />
    <property name="env.TRAVIS_PULL_REQUEST_BRANCH" value="" />
    <property name="env.TRAVIS_REPO_SLUG" value="icyphy/ptII" />
    <property name="env.XDG_DATA_DIRS" value="/usr/local/share:/usr/share:/var/lib/snapd/desktop" />
    <property name="jdk.debug" value="release" />
    <property name="env.TRAVIS_APT_PROXY" value="http://apt.cache.travis-ci.com" />
    <property name="node.in.path" value="true" />
    <property name="user.name" value="travis" />
    <property name="java.maxmemory" value="1400m" />
    <property name="env.RUBY_VERSION" value="ruby-2.5.3" />
    <property name="env.LANG" value="en_US.UTF-8" />
    <property name="sun.io.unicode.encoding" value="UnicodeLittle" />
    <property name="sun.jnu.encoding" value="UTF-8" />
    <property name="java.runtime.name" value="OpenJDK Runtime Environment" />
    <property name="usefile" value="false" />
    <property name="return.code" value="0" />
    <property name="junit.single.formatter" value="plain" />
    <property name="env.DYLD_LIBRARY_PATH" value="/home/travis/pthla/certi-tools/lib:" />
    <property name="env.DEBIAN_FRONTEND" value="noninteractive" />
    <property name="env.SSH_CONNECTION" value="10.10.4.253 58170 10.20.2.33 22" />
    <property name="env.MYSQL_UNIX_PORT" value="/var/run/mysqld/mysqld.sock" />
    <property name="env.LC_ALL" value="en_US.UTF-8" />
    <property name="env.TRAVIS_ALLOW_FAILURE" value="false" />
    <property name="env.TRAVIS_JOB_WEB_URL" value="https://travis-ci.org/icyphy/ptII/jobs/557086141" />
    <property name="java.specification.name" value="Java Platform API Specification" />
    <property name="node.works" value="true" />
    <property name="user.timezone" value="" />
    <property name="path.separator" value=":" />
    <property name="env.TRAVIS_ENABLE_INFRA_DETECTION" value="true" />
    <property name="env.PYTHON_CFLAGS" value="-g -fstack-protector --param=ssp-buffer-size=4 -Wformat -Werror=format-security" />
    <property name="timeout.long" value="4000000" />
    <property name="env.CERTI_HOME" value="/home/travis/pthla/certi-tools" />
    <property name="ant.file.ptII" value="/home/travis/build/icyphy/ptII/build.xml" />
    <property name="javadoc.packagenames" value="com.*,diva.*,lbnl.*,org.hlacerti.*,org.json.*,org.ptolemy.*,org.terraswarm.*,ptolemy.*,ptserver.*" />
    <property name="file.encoding" value="UTF-8" />
    <property name="env.TRAVIS_PULL_REQUEST_SLUG" value="" />
    <property name="ant.project.default-target" value="build" />
    <property name="env.GIT_ASKPASS" value="echo" />
    <property name="env.HOME" value="/home/travis" />
    <property name="sun.java.command" value="org.apache.tools.ant.taskdefs.optional.junit.JUnitTestRunner ptolemy.cg.lib.test.junit.JUnitTclTest skipNonTests=false filtertrace=true haltOnError=false haltOnFailure=false formatter=org.apache.tools.ant.taskdefs.optional.junit.OutErrSummaryJUnitResultFormatter showoutput=true outputtoformatters=true logfailedtests=true threadid=0 logtestlistenerevents=false formatter=org.apache.tools.ant.taskdefs.optional.junit.XMLJUnitResultFormatter,/home/travis/build/icyphy/ptII/reports/junit/TEST-ptolemy.cg.lib.test.junit.JUnitTclTest.xml crashfile=/home/travis/build/icyphy/ptII/junitvmwatcher18035709349606272086.properties propsfile=/home/travis/build/icyphy/ptII/junit8097285222772578864.properties" />
    <property name="env.COMPOSER_NO_INTERACTION" value="1" />
    <property name="env.MANPATH" value="/home/travis/.nvm/versions/node/v7.10.1/share/man:/home/travis/.rvm/rubies/ruby-2.5.3/share/man:/usr/local/cmake-3.12.4/man:/usr/local/clang-7.0.0/share/man:/usr/local/man:/usr/local/share/man:/usr/share/man:/home/travis/.rvm/man" />
    <property name="env.TRAVIS_TIMER_ID" value="03ebdf18" />
    <property name="ant.file" value="/home/travis/build/icyphy/ptII/build.xml" />
    <property name="env.TRAVIS_COMMIT_RANGE" value="a68e3460e677...95c942bb1965" />
    <property name="env._system_name" value="Ubuntu" />
    <property name="ptII.classpath.optional.property" value="/home/travis/build/icyphy/ptII/lib/bsh-2.0b4.jar:/home/travis/build/icyphy/ptII/lib/ptCal.jar:/home/travis/build/icyphy/ptII/lib/java_cup.jar:/home/travis/build/icyphy/ptII/lib/saxon8.jar:/home/travis/build/icyphy/ptII/lib/saxon8-dom.jar:/home/travis/build/icyphy/ptII/lib/chic.jar:/home/travis/build/icyphy/ptII/lib/ptcolt.jar:/home/travis/build/icyphy/ptII/vendors/misc/itext/iText.jar:/home/travis/build/icyphy/ptII/lib/g4ltl.jar:/home/travis/build/icyphy/ptII/lib/StructuralCoder.jar:/home/travis/build/icyphy/ptII/vendors/jai-1_1_2_01/lib/jai_core.jar:/home/travis/build/icyphy/ptII/vendors/jai-1_1_2_01/lib/jai_codec.jar:/home/travis/build/icyphy/ptII/lib/jcerti.jar:/home/travis/build/icyphy/ptII/lib/javax.mail.jar:/usr/share/java/openjfx/jre/lib/ext/jfxrt.jar:/usr/lib/jvm/java-8-openjdk-amd64/jre/lib/ext/jfxrt.jar:/home/travis/build/icyphy/ptII/vendors/JMF-2.1.1e/lib/jmf.jar:/home/travis/build/icyphy/ptII/lib/jna-4.0.0-variadic.jar:/home/travis/build/icyphy/ptII/vendors/misc/joystick/Joystick.jar:/home/travis/build/icyphy/ptII/lib/ptjacl.jar:/home/travis/build/icyphy/ptII/lib/jsoup-1.8.2.jar:/home/travis/build/icyphy/ptII/lib/junit-4.8.2.jar:/home/travis/build/icyphy/ptII/lib/JUnitParams-0.4.0.jar:/home/travis/build/icyphy/ptII/ptolemy/actor/lib/excel/jxl.jar:/home/travis/build/icyphy/ptII/lib/jython.jar:/home/travis/build/icyphy/ptII/lib/kieler.jar:/home/travis/build/icyphy/ptII/lib/opencv-341.jar:/home/travis/build/icyphy/ptII/lib/oscP5.jar:/home/travis/build/icyphy/ptII/lib/nrjavaserial-3.11.0.devel.jar:/home/travis/build/icyphy/ptII/vendors/j3d/lib/j3dcore.jar:/home/travis/build/icyphy/ptII/vendors/j3d/lib/j3dutils.jar:/home/travis/build/icyphy/ptII/vendors/j3d/lib/vecmath.jar:/home/travis/build/icyphy/ptII/ptolemy/distributed/jini/jar/jini-core.jar:/home/travis/build/icyphy/ptII/ptolemy/distributed/jini/jar/jini-ext.jar:/home/travis/build/icyphy/ptII/ptolemy/distributed/jini/jar/sun-util.jar:/home/travis/build/icyphy/ptII/lib/protobuf-java-2.4.1.jar:/home/travis/build/icyphy/ptII/lib/org.eclipse.paho.client.mqttv3.jar:/home/travis/build/icyphy/ptII/lib/mapss.jar:/home/travis/build/icyphy/ptII/ptolemy/actor/ptalon/antlr/antlr.jar:/home/travis/build/icyphy/ptII/lib/JRI.jar:/home/travis/build/icyphy/ptII/lib/commons-lang-2.6.jar:/home/travis/build/icyphy/ptII/lib/commons-logging-1.1.1.jar:/home/travis/build/icyphy/ptII/lib/sootclasses.jar:/home/travis/build/icyphy/ptII/ptolemy/actor/lib/database/mysql-connector-java-5.1.6-bin.jar:/home/travis/build/icyphy/ptII/vendors/misc/sphinx4/sphinx4-data-5prealpha.jar:/home/travis/build/icyphy/ptII/vendors/misc/sphinx4/sphinx4-core-5prealpha.jar:/home/travis/build/icyphy/ptII/lib/PDFRenderer.jar:/home/travis/build/icyphy/ptII/lib/svgSalamander.jar:/home/travis/build/icyphy/ptII/lib/rsyntaxtextarea-2.6.0-SNAPSHOT.jar:/home/travis/build/icyphy/ptII/lib/hazelcast-3.8.2.jar:/home/travis/build/icyphy/ptII/lib/jackson-annotations-2.9.0.jar:/home/travis/build/icyphy/ptII/lib/jackson-core-2.9.3.jar:/home/travis/build/icyphy/ptII/lib/jackson-databind-2.9.3.jar:/home/travis/build/icyphy/ptII/lib/netty-buffer-4.1.19.Final.jar:/home/travis/build/icyphy/ptII/lib/netty-codec-4.1.19.Final.jar:/home/travis/build/icyphy/ptII/lib/netty-codec-dns-4.1.19.Final.jar:/home/travis/build/icyphy/ptII/lib/netty-codec-http-4.1.19.Final.jar:/home/travis/build/icyphy/ptII/lib/netty-codec-http2-4.1.19.Final.jar:/home/travis/build/icyphy/ptII/lib/netty-common-4.1.19.Final.jar:/home/travis/build/icyphy/ptII/lib/netty-handler-4.1.19.Final.jar:/home/travis/build/icyphy/ptII/lib/netty-resolver-4.1.19.Final.jar:/home/travis/build/icyphy/ptII/lib/netty-resolver-dns-4.1.19.Final.jar:/home/travis/build/icyphy/ptII/lib/netty-transport-4.1.19.Final.jar:/home/travis/build/icyphy/ptII/lib/vertx-codegen-3.5.1.jar:/home/travis/build/icyphy/ptII/lib/vertx-core-3.5.2-SNAPSHOT.jar:/home/travis/build/icyphy/ptII/lib/vertx-hazelcast-3.5.1.jar:/home/travis/build/icyphy/ptII/lib/vertx-lang-js-3.5.1.jar:/home/travis/build/icyphy/ptII/lib/vertx-service-proxy-3.5.1.jar:/home/travis/build/icyphy/ptII/lib/vertx-web-3.5.1.jar:/home/travis/build/icyphy/ptII/lib/slf4j-api-1.7.13.jar:/home/travis/build/icyphy/ptII/lib/slf4j-simple-1.7.13.jar:/home/travis/build/icyphy/ptII/lib/webcam-capture-0.3.12.jar:/home/travis/build/icyphy/ptII/lib/bridj-0.7.0.jar:/home/travis/build/icyphy/ptII/lib/xbjlib-1.1.0.nrjavaserial.jar" />
    <property name="timeout" value="2400000" />
    <property name="test.batch" value="**/junit/*.java" />
    <property name="env._" value="/usr/bin/timeout" />
    <property name="java.io.tmpdir" value="/tmp" />
    <property name="user.language" value="en" />
    <property name="env.TRAVIS_INTERNAL_RUBY_REGEX" value="^ruby-(2\.[0-4]\.[0-9]|1\.9\.3)" />
    <property name="env.HISTCONTROL" value="ignoredups:ignorespace" />
    <property name="env.GOROOT" value="/home/travis/.gimme/versions/go1.11.1.linux.amd64" />
    <property name="line.separator" value="&#xa;" />
    <property name="target" value="10" />
    <property name="env.TRAVIS_BUILD_DIR" value="/home/travis/build/icyphy/ptII" />
    <property name="env.ANT_OPTS" value="-Xmx2048m" />
    <property name="ant.file.type" value="file" />
    <property name="ptolemy.ptII.batchMode" value="true" />
    <property name="env.HISTSIZE" value="1000" />
    <property name="env.MERB_ENV" value="test" />
    <property name="java.vm.info" value="mixed mode" />
    <property name="source" value="10" />
    <property name="java.vm.specification.name" value="Java Virtual Machine Specification" />
    <property name="env.TRAVIS_TEST_RESULT" value="0" />
    <property name="jsdoc.command" value="node_modules/@terraswarm/jsdoc/jsdoc.js" />
    <property name="npm.works" value="true" />
    <property name="cobertura.dir" value="/home/travis/build/icyphy/ptII/vendors/cobertura-2.0.3" />
    <property name="jsdoc.command.exists" value="true" />
    <property name="env.rvm_path" value="/home/travis/.rvm" />
    <property name="env.GEM_PATH" value="/home/travis/.rvm/gems/ruby-2.5.3:/home/travis/.rvm/gems/ruby-2.5.3@global" />
    <property name="env.LC_CTYPE" value="en_US.UTF-8" />
    <property name="env.TRAVIS_CMD" value="$PTII/bin/ptIITravisBuild.sh $SECONDS" />
    <property name="java.awt.printerjob" value="sun.print.PSPrinterJob" />
    <property name="env.TRAVIS_STACK_NAME" value="sardonyx" />
    <property name="env.TRAVIS_TIMER_START_TIME" value="1562810191492214273" />
    <property name="ant.version" value="Apache Ant(TM) version 1.10.1 compiled on February 2 2017" />
    <property name="ptII.reports" value="/home/travis/build/icyphy/ptII/reports" />
    <property name="env.TRAVIS_STACK_TIMESTAMP" value="2019-03-25 16:16:56 UTC" />
    <property name="ant.file.type.ptII" value="file" />
    <property name="env.PT_TRAVIS_TEST_CORE3_XML" value="true" />
    <property name="env.RBENV_SHELL" value="bash" />
    <property name="os.name" value="Linux" />
    <property name="java.specification.vendor" value="Oracle Corporation" />
    <property name="env.rvm_version" value="1.29.7 (latest)" />
    <property name="env.TRAVIS_INFRA" value="gce" />
    <property name="env.TERM" value="xterm" />
    <property name="java.vm.name" value="OpenJDK 64-Bit Server VM" />
    <property name="env.TRAVIS_BUILD_NUMBER" value="1214" />
    <property name="env.CI" value="true" />
    <property name="java.library.path" value="/home/travis/pthla/certi-tools/lib:/usr/lib/jni:/usr/local/share/OpenCV/java/:/usr/share/OpenCV/java::/usr/java/packages/lib:/usr/lib64:/lib64:/lib:/usr/lib" />
    <property name="env.rvm_prefix" value="/home/travis" />
    <property name="env.PATH" value="/home/travis/pthla/certi-tools/share/scripts:/home/travis/.rvm/gems/ruby-2.5.3/bin:/home/travis/.rvm/gems/ruby-2.5.3@global/bin:/home/travis/.rvm/rubies/ruby-2.5.3/bin:/home/travis/.rvm/bin:/home/travis/.nvm/versions/node/v7.10.1/bin:./node_modules/.bin:/home/travis/build/icyphy/ptII/bin:/home/travis/pthla/certi-tools/bin:/usr/local/lib/jvm/openjdk10/bin:/home/travis/bin:/home/travis/.local/bin:/usr/local/lib/jvm/openjdk11/bin:/opt/pyenv/shims:/home/travis/.phpenv/shims:/home/travis/perl5/perlbrew/bin:/home/travis/gopath/bin:/home/travis/.gimme/versions/go1.11.1.linux.amd64/bin:/usr/local/maven-3.6.0/bin:/usr/local/cmake-3.12.4/bin:/usr/local/clang-7.0.0/bin:/usr/local/sbin:/usr/local/bin:/usr/sbin:/usr/bin:/sbin:/bin:/snap/bin:/home/travis/.phpenv/bin:/opt/pyenv/bin:/home/travis/.yarn/bin" />
    <property name="env.TRAVIS_OS_NAME" value="linux" />
    <property name="ant.java.version" value="9" />
    <property name="basedir" value="/home/travis/build/icyphy/ptII" />
    <property name="java.class.version" value="54.0" />
    <property name="env.SHLVL" value="3" />
    <property name="env.LD_LIBRARY_PATH" value="/home/travis/pthla/certi-tools/lib:/usr/lib/jni:/usr/local/share/OpenCV/java/:/usr/share/OpenCV/java:" />
    <property name="env.RACK_ENV" value="test" />
    <property name="ant.home" value="/home/travis/build/icyphy/ptII/ant" />
    <property name="env.NVM_DIR" value="/home/travis/.nvm" />
    <property name="env.CERTI_FOM_PATH" value="/home/travis/pthla/certi-tools/share/federations" />
    <property name="env.TRAVIS_BUILD_ID" value="557086131" />
    <property name="env.PYENV_ROOT" value="/opt/pyenv" />
    <property name="env.TRAVIS_UID" value="2000" />
    <property name="prism.verbose" value="true" />
    <property name="env.NVM_BIN" value="/home/travis/.nvm/versions/node/v7.10.1/bin" />
    <property name="env.TRAVIS_COMMIT" value="95c942bb19656bc58d7c51eb18447bf854f70d85" />
    <property name="env._system_arch" value="x86_64" />
    <property name="node.executable" value="node" />
    <property name="sun.boot.library.path" value="/usr/local/lib/jvm/openjdk10/lib" />
    <property name="sun.management.compiler" value="HotSpot 64-Bit Tiered Compilers" />
    <property name="java.awt.graphicsenv" value="sun.awt.X11GraphicsEnvironment" />
    <property name="env.GOPATH" value="/home/travis/gopath" />
    <property name="ptolemy.ptII.dir" value="/home/travis/build/icyphy/ptII" />
    <property name="env.USER" value="travis" />
    <property name="env.HISTFILESIZE" value="2000" />
    <property name="timeout.longest" value="19000000" />
    <property name="env.PERLBREW_SHELLRC_VERSION" value="0.86" />
    <property name="env.TRAVIS_STACK_FEATURES" value="basic couchdb disabled-ipv6 docker docker-compose elasticsearch firefox go-toolchain google-chrome jdk memcached mongodb mysql nodejs_interpreter perl_interpreter perlbrew phantomjs postgresql python_interpreter redis ruby_interpreter sqlite xserver" />
    <property name="env.TRAVIS_PULL_REQUEST" value="false" />
    <property name="env.PYENV_SHELL" value="bash" />
    <property name="ant.project.name" value="ptII" />
    <property name="env.ANSI_RESET" value="\033[0m" />
    <property name="java.vm.specification.version" value="10" />
    <property name="env.TRAVIS_DIST" value="xenial" />
    <property name="env.CERTI_VERSION" value="4.0.0" />
    <property name="env.CERTI_HOST" value="localhost" />
    <property name="awt.toolkit" value="sun.awt.X11.XToolkit" />
    <property name="env.MY_RUBY_HOME" value="/home/travis/.rvm/rubies/ruby-2.5.3" />
    <property name="sun.cpu.isalist" value="" />
    <property name="env.TRAVIS_TMPDIR" value="/tmp/tmp.YscQPdPccH" />
    <property name="java.vm.compressedOopsMode" value="Zero based" />
    <property name="os.version" value="4.15.0-1028-gcp" />
    <property name="user.home" value="/home/travis" />
    <property name="java.vm.vendor" value="&quot;Oracle Corporation&quot;" />
    <property name="env.TRAVIS_TAG" value="nightly" />
    <property name="env.ANSI_YELLOW" value="\033[33;1m" />
    <property name="env.TRAVIS_FILTERED" value="redirect_io" />
    <property name="env.ANSI_GREEN" value="\033[32;1m" />
    <property name="env.JAVA_HOME" value="/usr/local/lib/jvm/openjdk11" />
    <property name="javadoc.excludepackagenames" value="adm.cvs2svn.*,build.*,config.*,doc.coding.templates.*,jni.test.jni.meaningOfLife.*,jni.test.jni.testDeux.*,jni.test.jni.testTrois.*,org.terraswarm.accessor.accessors.web.node_modules.*,org.terraswarm.accessor.accessors.web.hosts.cordova.demo.*,org.terraswarm.accessor.accessors.web.hosts.cordova.plugins.*,org.terraswarm.accessor.accessors-svn.*,pt-modules.*,ptolemy.apps.agilent.*,ptolemy.apps.anytimecontrol.*,ptolemy.apps.apes.*,ptolemy.apps.charon.*,ptolemy.apps.crazyboard.*,ptolemy.apps.eclipse.*,ptolemy.apps.etherealSting.*,ptolemy.apps.fullscreen.*,ptolemy.apps.giotto.*,ptolemy.apps.ia.*,ptolemy.apps.interfaces.*,ptolemy.apps.jmf.*,ptolemy.apps.kurt.*,ptolemy.apps.kvm.*,ptolemy.apps.lego.*,ptolemy.apps.lejos.*,ptolemy.apps.midp.*,ptolemy.apps.mobileCoding.*,ptolemy.apps.pendulum.*,ptolemy.apps.rijndael.*,ptolemy.apps.robot.*,ptolemy.apps.security.*,ptolemy.apps.sobel.*,ptolemy.apps.soot.*,ptolemy.apps.throttle.*,ptolemy.apps.tini.*,ptolemy.apps.transmission.*,ptolemy.apps.vergil.*,ptolemy.apps.waba.*,ptolemy.apps.websensor.*,ptolemy.apps.webstart.*,ptolemy.apps.xsl.*,ptolemy.apps.zaurus.*,ptolemy.codegen.c.actor.lib.oldJavaFiles.*,ptolemy.codegen.dsp.lib.*,ptolemy.codegen.kernel.newInterfaces.*,ptolemy.codegen.lib.*,ptolemy.copernicus.kernel.fragment.*,ptolemy.copernicus.shallow.cg.*,ptolemy.domains.giotto.demo.Hierarchy.Hierarchy.*,ptolemy.domains.giotto.demo.Multimode.Multimode.*,ptolemy.domains.giotto.demo.Simple.Simple.*,ptolemy.domains.gr.lib.experimental.*,ptolemy.domains.gro.*,ptolemy.domains.pdf.*,ptolemy.domains.ptinyos.demo.Surge.output.*,ptolemy.moml.test.NoPackageActor.java*,ptolemy.plot.adm.*,ptolemy.plot.servlet.*,reports.*,signed.*,src.*,target.*,vendors.*,ptolemy.copernicus.applet.*,ptolemy.media.viewer.*,ptolemy.actor.corba.*,doc.doclets.*,ptolemy.apps.eclipse.awt.*,ptolemy.backtrack.*,ptolemy.backtrack.ast.*,ptolemy.cg.adapter.generic.program.procedural.c.mbed*,ptolemy.homer.*,org.ptolemy.scala.*,diva.util.java2d.svg.*,ptolemy.domains.ptinyos.*,ptolemy.actor.lib.fmi.fmipp.*,,org.terraswarm.accessor.accessors.web.node_modules.*,org.terraswarm.accessor.accessors-svn,ptolemy.apps.*,ptolemy.actor.ptalon.demo.ptinyos.SendAndReceiveCnt.output,ptolemy.actor.ptalon.demo.ptinyos.SenseToLeds.output,ptolemy.domains.ptinyos.demo.CntToLedsAndRfm.output,ptolemy.domains.ptinyos.demo.RfmToLeds.output,ptolemy.domains.ptinyos.demo.SendAndReceiveCnt.output,ptolemy.domains.ptinyos.demo.SenseToLeds.output,ptolemy.actor.lib.jjs.modules.udpSocket.*" />
    <property name="env.PTII" value="/home/travis/build/icyphy/ptII" />
    <property name="env.XDG_SESSION_ID" value="2" />
    <property name="keystore" value="ptKeystore" />
    <property name="env.TRAVIS_COMMIT_MESSAGE" value="Temporarily add -Djavafx.verbose=true -Dprism.verbose=true so that we get debugging messages." />
    <property name="junit.output.dir" value="/home/travis/build/icyphy/ptII/reports/junit" />
    <property name="npm.return.code" value="0" />
    <property name="user.dir" value="/home/travis/build/icyphy/ptII/ptolemy/cg/lib/test" />
    <property name="env.TRAVIS_NODE_VERSION" value="7" />
    <property name="env.TRAVIS_EVENT_TYPE" value="push" />
    <property name="env.MAIL" value="/var/mail/travis" />
    <property name="env.PERLBREW_ROOT" value="/home/travis/perl5/perlbrew" />
    <property name="env.PWD" value="/home/travis/build/icyphy/ptII" />
    <property name="timeout.npm" value="45000" />
    <property name="env.TRAVIS_ARCH" value="amd64" />
    <property name="sun.cpu.endian" value="little" />
    <property name="env.PAGER" value="cat" />
    <property name="env.TRAVIS_BUILD_STAGE_NAME" value="Test" />
    <property name="env.PERLBREW_HOME" value="/home/travis/.perlbrew" />
    <property name="java.vm.version" value="10.0.2+13" />
    <property name="env.RAILS_ENV" value="test" />
    <property name="java.class.path" value="/home/travis/build/icyphy/ptII:/home/travis/build/icyphy/ptII/lib/bsh-2.0b4.jar:/home/travis/build/icyphy/ptII/lib/ptCal.jar:/home/travis/build/icyphy/ptII/lib/java_cup.jar:/home/travis/build/icyphy/ptII/lib/saxon8.jar:/home/travis/build/icyphy/ptII/lib/saxon8-dom.jar:/home/travis/build/icyphy/ptII/lib/chic.jar:/home/travis/build/icyphy/ptII/lib/ptcolt.jar:/home/travis/build/icyphy/ptII/vendors/misc/itext/iText.jar:/home/travis/build/icyphy/ptII/lib/g4ltl.jar:/home/travis/build/icyphy/ptII/lib/StructuralCoder.jar:/home/travis/build/icyphy/ptII/vendors/jai-1_1_2_01/lib/jai_core.jar:/home/travis/build/icyphy/ptII/vendors/jai-1_1_2_01/lib/jai_codec.jar:/home/travis/build/icyphy/ptII/lib/jcerti.jar:/home/travis/build/icyphy/ptII/lib/javax.mail.jar:/usr/share/java/openjfx/jre/lib/ext/jfxrt.jar:/usr/lib/jvm/java-8-openjdk-amd64/jre/lib/ext/jfxrt.jar:/home/travis/build/icyphy/ptII/vendors/JMF-2.1.1e/lib/jmf.jar:/home/travis/build/icyphy/ptII/lib/jna-4.0.0-variadic.jar:/home/travis/build/icyphy/ptII/vendors/misc/joystick/Joystick.jar:/home/travis/build/icyphy/ptII/lib/ptjacl.jar:/home/travis/build/icyphy/ptII/lib/jsoup-1.8.2.jar:/home/travis/build/icyphy/ptII/lib/junit-4.8.2.jar:/home/travis/build/icyphy/ptII/lib/JUnitParams-0.4.0.jar:/home/travis/build/icyphy/ptII/ptolemy/actor/lib/excel/jxl.jar:/home/travis/build/icyphy/ptII/lib/jython.jar:/home/travis/build/icyphy/ptII/lib/kieler.jar:/home/travis/build/icyphy/ptII/lib/opencv-341.jar:/home/travis/build/icyphy/ptII/lib/oscP5.jar:/home/travis/build/icyphy/ptII/lib/nrjavaserial-3.11.0.devel.jar:/home/travis/build/icyphy/ptII/vendors/j3d/lib/j3dcore.jar:/home/travis/build/icyphy/ptII/vendors/j3d/lib/j3dutils.jar:/home/travis/build/icyphy/ptII/vendors/j3d/lib/vecmath.jar:/home/travis/build/icyphy/ptII/ptolemy/distributed/jini/jar/jini-core.jar:/home/travis/build/icyphy/ptII/ptolemy/distributed/jini/jar/jini-ext.jar:/home/travis/build/icyphy/ptII/ptolemy/distributed/jini/jar/sun-util.jar:/home/travis/build/icyphy/ptII/lib/protobuf-java-2.4.1.jar:/home/travis/build/icyphy/ptII/lib/org.eclipse.paho.client.mqttv3.jar:/home/travis/build/icyphy/ptII/lib/mapss.jar:/home/travis/build/icyphy/ptII/ptolemy/actor/ptalon/antlr/antlr.jar:/home/travis/build/icyphy/ptII/lib/JRI.jar:/home/travis/build/icyphy/ptII/lib/commons-lang-2.6.jar:/home/travis/build/icyphy/ptII/lib/commons-logging-1.1.1.jar:/home/travis/build/icyphy/ptII/lib/sootclasses.jar:/home/travis/build/icyphy/ptII/ptolemy/actor/lib/database/mysql-connector-java-5.1.6-bin.jar:/home/travis/build/icyphy/ptII/vendors/misc/sphinx4/sphinx4-data-5prealpha.jar:/home/travis/build/icyphy/ptII/vendors/misc/sphinx4/sphinx4-core-5prealpha.jar:/home/travis/build/icyphy/ptII/lib/PDFRenderer.jar:/home/travis/build/icyphy/ptII/lib/svgSalamander.jar:/home/travis/build/icyphy/ptII/lib/rsyntaxtextarea-2.6.0-SNAPSHOT.jar:/home/travis/build/icyphy/ptII/lib/hazelcast-3.8.2.jar:/home/travis/build/icyphy/ptII/lib/jackson-annotations-2.9.0.jar:/home/travis/build/icyphy/ptII/lib/jackson-core-2.9.3.jar:/home/travis/build/icyphy/ptII/lib/jackson-databind-2.9.3.jar:/home/travis/build/icyphy/ptII/lib/netty-buffer-4.1.19.Final.jar:/home/travis/build/icyphy/ptII/lib/netty-codec-4.1.19.Final.jar:/home/travis/build/icyphy/ptII/lib/netty-codec-dns-4.1.19.Final.jar:/home/travis/build/icyphy/ptII/lib/netty-codec-http-4.1.19.Final.jar:/home/travis/build/icyphy/ptII/lib/netty-codec-http2-4.1.19.Final.jar:/home/travis/build/icyphy/ptII/lib/netty-common-4.1.19.Final.jar:/home/travis/build/icyphy/ptII/lib/netty-handler-4.1.19.Final.jar:/home/travis/build/icyphy/ptII/lib/netty-resolver-4.1.19.Final.jar:/home/travis/build/icyphy/ptII/lib/netty-resolver-dns-4.1.19.Final.jar:/home/travis/build/icyphy/ptII/lib/netty-transport-4.1.19.Final.jar:/home/travis/build/icyphy/ptII/lib/vertx-codegen-3.5.1.jar:/home/travis/build/icyphy/ptII/lib/vertx-core-3.5.2-SNAPSHOT.jar:/home/travis/build/icyphy/ptII/lib/vertx-hazelcast-3.5.1.jar:/home/travis/build/icyphy/ptII/lib/vertx-lang-js-3.5.1.jar:/home/travis/build/icyphy/ptII/lib/vertx-service-proxy-3.5.1.jar:/home/travis/build/icyphy/ptII/lib/vertx-web-3.5.1.jar:/home/travis/build/icyphy/ptII/lib/slf4j-api-1.7.13.jar:/home/travis/build/icyphy/ptII/lib/slf4j-simple-1.7.13.jar:/home/travis/build/icyphy/ptII/lib/webcam-capture-0.3.12.jar:/home/travis/build/icyphy/ptII/lib/bridj-0.7.0.jar:/home/travis/build/icyphy/ptII/lib/xbjlib-1.1.0.nrjavaserial.jar:/home/travis/build/icyphy/ptII/ptolemy/moml/test:/home/travis/build/icyphy/ptII/ant/lib/ant-launcher.jar:/home/travis/build/icyphy/ptII/ant/lib/ant.jar:/home/travis/build/icyphy/ptII/ant/lib/ant-junit.jar:/home/travis/build/icyphy/ptII/ant/lib/ant-junit4.jar" />
    <property name="ant.library.dir" value="/home/travis/build/icyphy/ptII/ant/lib" />
    <property name="os.arch" value="amd64" />
    <property name="env.CONTINUOUS_INTEGRATION" value="true" />
    <property name="env.TRAVIS_LANGUAGE" value="node_js" />
    <property name="env.TRAVIS_STACK_LANGUAGES" value="__sardonyx__ c c++ clojure cplusplus cpp default generic go groovy java node_js php pure_java python ruby scala" />
    <property name="test.name" value="ptolemy.actor.lib.test.junit.JUnitTclTest" />
    <property name="env.APT_KEY_DONT_WARN_ON_DANGEROUS_USAGE" value="1" />
    <property name="sun.java.launcher" value="SUN_STANDARD" />
    <property name="env.PYTHON_CONFIGURE_OPTS" value="--enable-unicode=ucs4 --with-wide-unicode --enable-shared --enable-ipv6 --enable-loadable-sqlite-extensions --with-computed-gotos" />
    <property name="ant.core.lib" value="/home/travis/build/icyphy/ptII/ant/lib/ant.jar" />
    <property name="java.vm.specification.vendor" value="Oracle Corporation" />
    <property name="env.BCVTB_HOME" value="/home/travis/build/icyphy/ptII/lbnl" />
    <property name="file.separator" value="/" />
    <property name="spotbugs.home" value="/home/travis/build/icyphy/ptII/vendors/spotbugs-3.1.1" />
    <property name="java.runtime.version" value="10.0.2+13" />
    <property name="javafx.verbose" value="true" />
    <property name="env.ANSI_CLEAR" value="\033[0K" />
    <property name="env.HAS_JOSH_K_SEAL_OF_APPROVAL" value="true" />
    <property name="env.XDG_RUNTIME_DIR" value="/run/user/2000" />
    <property name="env.TRAVIS_OSX_IMAGE" value="" />
    <property name="env.TRAVIS_JOB_ID" value="557086141" />
    <property name="env.TRAVIS_BRANCH" value="master" />
    <property name="user.country" value="US" />
    <property name="env.CERTI_HOME_TRAVIS" value="/home/travis/pthla/certi-tools" />
    <property name="env.SHELL" value="/bin/bash" />
    <property name="java.maxmemory.large" value="5000m" />
    <property name="model" value="" />
    <property name="env.CASHER_DIR" value="/home/travis/.casher" />
    <property name="env.NVM_CD_FLAGS" value="" />
    <property name="java.vendor.version" value="18.3" />
    <property name="jshint.executable" value="/home/travis/node_modules/jshint/bin/jshint" />
    <property name="env.JRUBY_OPTS" value=" --client -J-XX:+TieredCompilation -J-XX:TieredStopAtLevel=1 -J-Xss2m -Xcompile.invokedynamic=false" />
    <property name="java.vendor" value="Oracle Corporation" />
    <property name="env.TRAVIS_PRE_CHEF_BOOTSTRAP_TIME" value="2019-03-25T16:16:42" />
    <property name="env.TRAVIS_STACK_JOB_BOARD_REGISTER" value="/.job-board-register.yml" />
    <property name="env.ANSI_RED" value="\033[31;1m" />
    <property name="java.specification.version" value="10" />
    <property name="env.IRBRC" value="/home/travis/.rvm/rubies/ruby-2.5.3/.irbrc" />
    <property name="env.TRAVIS" value="true" />
    <property name="sun.arch.data.model" value="64" />
  </properties>
  <testcase classname="ptolemy.util.test.junit.TclTests" name="[0] /home/travis/build/icyphy/ptII/ptolemy/cg/lib/test/ModularCodeGenTypedCompositeActor.tcl (RunTclFile)" time="15.641" />
  <testcase classname="ptolemy.util.test.junit.AutoKnownFailedTests" name="[0] ThereAreNoKnowFailedTests (RunModel)" time="0.006" />
  <testcase classname="ptolemy.util.test.junit.AutoNameArchTests" name="[0] ThereAreNoAutoArchTests (RunModel)" time="0.002" />
  <testcase classname="ptolemy.util.test.junit.AutoTests" name="[0] /home/travis/build/icyphy/ptII/ptolemy/cg/lib/test/auto/CompiledCompositeActor.xml (RunModel)" time="1.521" />
  <testcase classname="ptolemy.util.test.junit.AutoTests" name="[1] /home/travis/build/icyphy/ptII/ptolemy/cg/lib/test/auto/DECGClockRamp.xml (RunModel)" time="0.133" />
  <testcase classname="ptolemy.util.test.junit.AutoTests" name="[2] /home/travis/build/icyphy/ptII/ptolemy/cg/lib/test/auto/DECGDelay.xml (RunModel)" time="0.089" />
  <testcase classname="ptolemy.util.test.junit.AutoTests" name="[3] /home/travis/build/icyphy/ptII/ptolemy/cg/lib/test/auto/DECGHelloWorld.xml (RunModel)" time="0.061" />
  <testcase classname="ptolemy.util.test.junit.AutoTests" name="[4] /home/travis/build/icyphy/ptII/ptolemy/cg/lib/test/auto/DECGHeterogeneous.xml (RunModel)" time="0.137" />
  <testcase classname="ptolemy.util.test.junit.AutoTests" name="[5] /home/travis/build/icyphy/ptII/ptolemy/cg/lib/test/auto/DECGHeterogeneousMk2.xml (RunModel)" time="0.135" />
  <testcase classname="ptolemy.util.test.junit.AutoTests" name="[6] /home/travis/build/icyphy/ptII/ptolemy/cg/lib/test/auto/DECGMath.xml (RunModel)" time="0.041" />
  <testcase classname="ptolemy.util.test.junit.AutoTests" name="[7] /home/travis/build/icyphy/ptII/ptolemy/cg/lib/test/auto/DECGPi.xml (RunModel)" time="0.128" />
  <testcase classname="ptolemy.util.test.junit.AutoTests" name="[8] /home/travis/build/icyphy/ptII/ptolemy/cg/lib/test/auto/DECGPiSquare.xml (RunModel)" time="0.197" />
  <testcase classname="ptolemy.util.test.junit.AutoTests" name="[9] /home/travis/build/icyphy/ptII/ptolemy/cg/lib/test/auto/DECGPoisson.xml (RunModel)" time="0.045" />
  <testcase classname="ptolemy.util.test.junit.AutoTests" name="[10] /home/travis/build/icyphy/ptII/ptolemy/cg/lib/test/auto/JavaCompiledCompositeActor5.xml (RunModel)" time="1.361" />
  <testcase classname="ptolemy.util.test.junit.AutoTests" name="[11] /home/travis/build/icyphy/ptII/ptolemy/cg/lib/test/auto/JavaCompiledCompositeTest1.xml (RunModel)" time="1.329" />
  <testcase classname="ptolemy.util.test.junit.AutoTests" name="[12] /home/travis/build/icyphy/ptII/ptolemy/cg/lib/test/auto/JavaCompiledCompositeTest2.xml (RunModel)" time="1.226" />
  <testcase classname="ptolemy.util.test.junit.AutoTests" name="[13] /home/travis/build/icyphy/ptII/ptolemy/cg/lib/test/auto/JavaCompiledCompositeTest3.xml (RunModel)" time="1.516" />
  <testcase classname="ptolemy.util.test.junit.AutoTests" name="[14] /home/travis/build/icyphy/ptII/ptolemy/cg/lib/test/auto/JavaCompiledCompositeTest4.xml (RunModel)" time="1.296" />
  <testcase classname="ptolemy.util.test.junit.AutoTests" name="[15] /home/travis/build/icyphy/ptII/ptolemy/cg/lib/test/auto/ModularCG.xml (RunModel)" time="20.4" />
  <testcase classname="ptolemy.util.test.junit.AutoTests" name="[16] /home/travis/build/icyphy/ptII/ptolemy/cg/lib/test/auto/ModularCGPubSub.xml (RunModel)" time="6.905" />
  <testcase classname="ptolemy.util.test.junit.AutoTests" name="[17] /home/travis/build/icyphy/ptII/ptolemy/cg/lib/test/auto/ModularCodeGen.xml (RunModel)" time="3.192" />
  <testcase classname="ptolemy.util.test.junit.AutoTests" name="[18] /home/travis/build/icyphy/ptII/ptolemy/cg/lib/test/auto/ModularCodeGen2.xml (RunModel)" time="6.627" />
  <testcase classname="ptolemy.util.test.junit.AutoTests" name="[19] /home/travis/build/icyphy/ptII/ptolemy/cg/lib/test/auto/ModularCodeGen3.xml (RunModel)" time="19.494" />
  <testcase classname="ptolemy.util.test.junit.AutoTests" name="[20] /home/travis/build/icyphy/ptII/ptolemy/cg/lib/test/auto/ModularCodeGen4.xml (RunModel)" time="19.693" />
  <testcase classname="ptolemy.util.test.junit.AutoTests" name="[21] /home/travis/build/icyphy/ptII/ptolemy/cg/lib/test/auto/ModularCodeGen5.xml (RunModel)" time="7.033" />
  <testcase classname="ptolemy.util.test.junit.AutoTests" name="[22] /home/travis/build/icyphy/ptII/ptolemy/cg/lib/test/auto/ModularCodeGen6.xml (RunModel)" time="10.144" />
  <testcase classname="ptolemy.util.test.junit.AutoTests" name="[23] /home/travis/build/icyphy/ptII/ptolemy/cg/lib/test/auto/ModularCodeGenLazyPubSub.xml (RunModel)" time="3.305" />
  <testcase classname="ptolemy.util.test.junit.AutoTests" name="[24] /home/travis/build/icyphy/ptII/ptolemy/cg/lib/test/auto/ModularCodeGenLazyPubSubGlobal.xml (RunModel)" time="3.565" />
  <testcase classname="ptolemy.util.test.junit.AutoTests" name="[25] /home/travis/build/icyphy/ptII/ptolemy/cg/lib/test/auto/ModularCodeGenPubSub1.xml (RunModel)" time="3.406" />
  <testcase classname="ptolemy.util.test.junit.AutoTests" name="[26] /home/travis/build/icyphy/ptII/ptolemy/cg/lib/test/auto/ModularCodeGenPubSub2.xml (RunModel)" time="6.423" />
  <testcase classname="ptolemy.util.test.junit.AutoTests" name="[27] /home/travis/build/icyphy/ptII/ptolemy/cg/lib/test/auto/ModularCodeGenPubSub3.xml (RunModel)" time="6.487" />
  <testcase classname="ptolemy.util.test.junit.AutoTests" name="[28] /home/travis/build/icyphy/ptII/ptolemy/cg/lib/test/auto/ModularCodeGenPubSub4.xml (RunModel)" time="7.013" />
  <testcase classname="ptolemy.util.test.junit.AutoTests" name="[29] /home/travis/build/icyphy/ptII/ptolemy/cg/lib/test/auto/PubSubAggLazy.xml (RunModel)" time="0.022" />
  <testcase classname="ptolemy.util.test.junit.AutoTests" name="[30] /home/travis/build/icyphy/ptII/ptolemy/cg/lib/test/auto/PubSubAggModularCodeGen.xml (RunModel)" time="5.316" />
  <testcase classname="ptolemy.util.test.junit.AutoTests" name="[31] /home/travis/build/icyphy/ptII/ptolemy/cg/lib/test/auto/PubSubAggTypedComposite.xml (RunModel)" time="0.077" />
  <testcase classname="ptolemy.util.test.junit.AutoTests" name="[32] /home/travis/build/icyphy/ptII/ptolemy/cg/lib/test/auto/PubSubAggTypedCompositeWidth2.xml (RunModel)" time="0.032" />
  <testcase classname="ptolemy.util.test.junit.AutoTests" name="[33] /home/travis/build/icyphy/ptII/ptolemy/cg/lib/test/auto/ScaleJava.xml (RunModel)" time="1.387" />
  <system-out><![CDATA[/home/travis/build/icyphy/ptII/ptolemy/cg/lib/test/ModularCodeGenTypedCompositeActor.tcl
testDefs.tcl: setting time out to 9000 seconds at Thu Jul 11 02:11:11 UTC 2019
Warning: failed to delete /home/travis/cg: error deleting "/home/travis/cg/node_modules/@pm2/io/node_modules/.bin":  best guess at reason: permission denied
In "/home/travis/cg", about to execute:
    pwd
In "/home/travis/cg", about to execute:
    ls -l
/home/travis/cg
total 1184
drwxrwxr-x   3 travis travis  12288 Jul 11 02:04 AbsoluteValue
drwxrwxr-x   3 travis travis 102400 Jul 11 02:03 AllColt
drwxrwxr-x   3 travis travis  12288 Jul 11 02:04 Case1
drwxrwxr-x   5 travis travis   4096 Jul 11 02:03 fmi
drwxrwxr-x   3 travis travis  16384 Jul 11 02:05 Gaussian2
drwxrwxr-x   3 travis travis  12288 Jul 11 02:05 LookupTable
drwxrwxr-x   3 travis travis  20480 Jul 11 02:05 MaxIndex
-rw-rw-r--   1 travis travis   1228 Jul 11 02:11 ModularCodeGenTest_A1_A2_profile.java
drwxrwxr-x   3 travis travis  32768 Jul 11 02:10 modulation2
drwxrwxr-x 139 travis travis  12288 Jul 11 02:11 node_modules
drwxrwxr-x   3 travis travis  20480 Jul 11 02:06 PhaseUnwrap
In "/home/travis/cg", about to execute:
drwxrwxr-x   3 travis travis  12288 Jul 11 02:06 ReadFile1
-rw-rw-r--   1 travis travis     11 Jul 11 02:06 ReadFile1Output.txt
-rw-rw-r--   1 travis travis   9615 Jul 11 02:11 Repeat.class
-rw-rw-r--   1 travis travis    666 Jul 11 02:11 Repeat$_fireFunction_Repeat_Repeat$__f_sL_11.class
-rw-rw-r--   1 travis travis    522 Jul 11 02:11 Repeat$_fireFunction_Repeat_Repeat$__f_sL_12.class
-rw-rw-r--   1 travis travis    522 Jul 11 02:11 Repeat$_fireFunction_Repeat_Repeat$__f_sL_13.class
-rw-rw-r--   1 travis travis    522 Jul 11 02:11 Repeat$_fireFunction_Repeat_Repeat$__f_sL_14.class
-rw-rw-r--   1 travis travis    665 Jul 11 02:11 Repeat$_fireFunction_Repeat_Repeat$__f_sL_1.class
-rw-rw-r--   1 travis travis    664 Jul 11 02:11 Repeat$_fireFunction_Repeat_Repeat$__f_sL_4.class
-rw-rw-r--   1 travis travis    520 Jul 11 02:11 Repeat$_fireFunction_Repeat_Repeat$__f_sL_9.class
-rw-rw-r--   1 travis travis    475 Jul 11 02:11 Repeat$_initialize_Repeat$__i_sL_2.class
-rw-rw-r--   1 travis travis   1281 Jul 11 02:10 Repeat.mk
-rw-rw-r--   1 travis travis    520 Jul 11 02:11 Repeat$_preinitializeMethod_Repeat$__p_sL_0.class
-rw-rw-r--   1 travis travis   1083 Jul 11 02:11 Repeat$_Repeat$_fireFunction_Repeat_AddSubtract_Repeat.class
-rw-rw-r--   1 travis travis    791 Jul 11 02:11 Repeat$_Repeat$_fireFunction_Repeat_AddSubtract_Repeat$__f_sL_0.class
-rw-rw-r--   1 travis travis    909 Jul 11 02:11 Repeat$_Repeat$_fireFunction_Repeat_AddSubtract_Repeat$__f_sL_1.class
-rw-rw-r--   1 travis travis    915 Jul 11 02:11 Repeat$_Repeat$_fireFunction_Repeat_AddSubtract_Repeat$__f_sL_2.class
-rw-rw-r--   1 travis travis    843 Jul 11 02:11 Repeat$_Repeat$_fireFunction_Repeat_AddSubtract_Repeat$__f_sL_3.class
-rw-rw-r--   1 travis travis    738 Jul 11 02:11 Repeat$_Repeat$_fireFunction_Repeat_Ramp2_Repeat$__f_sL_0.class
-rw-rw-r--   1 travis travis    869 Jul 11 02:11 Repeat$_Repeat$_fireFunction_Repeat_Test_Repeat$__f_sL_0.class
-rw-rw-r--   1 travis travis    615 Jul 11 02:11 Repeat$_Repeat$_fireFunction_Repeat_Test_Repeat$__f_sL_1.class
-rw-rw-r--   1 travis travis    685 Jul 11 02:11 Repeat$_Repeat_SDF_Director_run_Repeat$__R_sL_0.class
-rw-rw-r--   1 travis travis    686 Jul 11 02:11 Repeat$_Repeat_SDF_Director_run_Repeat$__R_sL_11.class
-rw-rw-r--   1 travis travis    542 Jul 11 02:11 Repeat$_Repeat_SDF_Director_run_Repeat$__R_sL_13.class
-rw-rw-r--   1 travis travis    540 Jul 11 02:11 Repeat$_Repeat_SDF_Director_run_Repeat$__R_sL_2.class
-rw-rw-r--   1 travis travis    684 Jul 11 02:11 Repeat$_Repeat_SDF_Director_run_Repeat$__R_sL_3.class
-rw-rw-r--   1 travis travis    540 Jul 11 02:11 Repeat$_Repeat_SDF_Director_run_Repeat$__R_sL_5.class
-rw-rw-r--   1 travis travis    540 Jul 11 02:11 Repeat$_Repeat_SDF_Director_run_Repeat$__R_sL_8.class
drwxrwxr-x   2 travis travis   4096 Jul 11 02:11 RepeatVariables
-rw-rw-r--   1 travis travis    863 Jul 11 02:11 Repeat$_varinit_Repeat.class
-rw-rw-r--   1 travis travis    531 Jul 11 02:11 Repeat$_varinit_Repeat$__v_sL_2.class
-rw-rw-r--   1 travis travis    905 Jul 11 02:11 Repeat$_varinit_Repeat$__v_sL_4.class
-rw-rw-r--   1 travis travis    959 Jul 11 02:11 Repeat$_wrapup_Repeat$__w_sL_1.class
drwxrwxr-x   3 travis travis  20480 Jul 11 02:06 Sinewave
drwxrwxr-x   3 travis travis  32768 Jul 11 02:08 StringFunction
drwxrwxr-x   3 travis travis  12288 Jul 11 02:08 StringLength
drwxrwxr-x   3 travis travis  61440 Jul 11 02:09 StringMatches2
drwxrwxr-x   3 travis travis  61440 Jul 11 02:09 StringSimpleReplace
drwxrwxr-x   3 travis travis  65536 Jul 11 02:09 StringSubstring
drwxrwxr-x   3 travis travis  24576 Jul 11 02:09 StringSubstring2
drwxrwxr-x   3 travis travis  16384 Jul 11 02:10 time1
drwxrwxr-x   3 travis travis  12288 Jul 11 02:10 time5
-rwxrwxr-x   1 travis travis 466992 Jul 11 02:03 top
-rw-rw-r--   1 travis travis  20502 Jul 11 02:03 top.c
-rw-rw-r--   1 travis travis   3799 Jul 11 02:11 top.class
-rw-rw-r--   1 travis travis   1257 Jul 11 02:11 top.mk
    javac -classpath
.:/home/travis/build/icyphy/ptII:/home/travis/build/icyphy/ptII/lib/bsh-2.0b4.j
ar:/home/travis/build/icyphy/ptII/lib/ptCal.jar:/home/travis/build/icyphy/ptII/
lib/java_cup.jar:/home/travis/build/icyphy/ptII/lib/saxon8.jar:/home/travis/bui
ld/icyphy/ptII/lib/saxon8-dom.jar:/home/travis/build/icyphy/ptII/lib/chic.jar:/
home/travis/build/icyphy/ptII/lib/ptcolt.jar:/home/travis/build/icyphy/ptII/ven
dors/misc/itext/iText.jar:/home/travis/build/icyphy/ptII/lib/g4ltl.jar:/home/tr
avis/build/icyphy/ptII/lib/StructuralCoder.jar:/home/travis/build/icyphy/ptII/v
endors/jai-1_1_2_01/lib/jai_core.jar:/home/travis/build/icyphy/ptII/vendors/jai
-1_1_2_01/lib/jai_codec.jar:/home/travis/build/icyphy/ptII/lib/jcerti.jar:/home
/travis/build/icyphy/ptII/lib/javax.mail.jar:/usr/share/java/openjfx/jre/lib/ex
t/jfxrt.jar:/usr/lib/jvm/java-8-openjdk-amd64/jre/lib/ext/jfxrt.jar:/home/travi
s/build/icyphy/ptII/vendors/JMF-2.1.1e/lib/jmf.jar:/home/travis/build/icyphy/pt
II/lib/jna-4.0.0-variadic.jar:/home/travis/build/icyphy/ptII/vendors/misc/joyst
ick/Joystick.jar:/home/travis/build/icyphy/ptII/lib/ptjacl.jar:/home/travis/bui
ld/icyphy/ptII/lib/jsoup-1.8.2.jar:/home/travis/build/icyphy/ptII/lib/junit-4.8
.2.jar:/home/travis/build/icyphy/ptII/lib/JUnitParams-0.4.0.jar:/home/travis/bu
ild/icyphy/ptII/ptolemy/actor/lib/excel/jxl.jar:/home/travis/build/icyphy/ptII/
lib/jython.jar:/home/travis/build/icyphy/ptII/lib/kieler.jar:/home/travis/build
/icyphy/ptII/lib/opencv-341.jar:/home/travis/build/icyphy/ptII/lib/oscP5.jar:/h
ome/travis/build/icyphy/ptII/lib/nrjavaserial-3.11.0.devel.jar:/home/travis/bui
ld/icyphy/ptII/vendors/j3d/lib/j3dcore.jar:/home/travis/build/icyphy/ptII/vendo
rs/j3d/lib/j3dutils.jar:/home/travis/build/icyphy/ptII/vendors/j3d/lib/vecmath.
jar:/home/travis/build/icyphy/ptII/ptolemy/distributed/jini/jar/jini-core.jar:/
home/travis/build/icyphy/ptII/ptolemy/distributed/jini/jar/jini-ext.jar:/home/t
ravis/build/icyphy/ptII/ptolemy/distributed/jini/jar/sun-util.jar:/home/travis/
build/icyphy/ptII/lib/protobuf-java-2.4.1.jar:/home/travis/build/icyphy/ptII/li
b/org.eclipse.paho.client.mqttv3.jar:/home/travis/build/icyphy/ptII/lib/mapss.j
ar:/home/travis/build/icyphy/ptII/ptolemy/actor/ptalon/antlr/antlr.jar:/home/tr
avis/build/icyphy/ptII/lib/JRI.jar:/home/travis/build/icyphy/ptII/lib/commons-l
ang-2.6.jar:/home/travis/build/icyphy/ptII/lib/commons-logging-1.1.1.jar:/home/
travis/build/icyphy/ptII/lib/sootclasses.jar:/home/travis/build/icyphy/ptII/pto
lemy/actor/lib/database/mysql-connector-java-5.1.6-bin.jar:/home/travis/build/i
cyphy/ptII/vendors/misc/sphinx4/sphinx4-data-5prealpha.jar:/home/travis/build/i
cyphy/ptII/vendors/misc/sphinx4/sphinx4-core-5prealpha.jar:/home/travis/build/i
cyphy/ptII/lib/PDFRenderer.jar:/home/travis/build/icyphy/ptII/lib/svgSalamander
.jar:/home/travis/build/icyphy/ptII/lib/rsyntaxtextarea-2.6.0-SNAPSHOT.jar:/hom
e/travis/build/icyphy/ptII/lib/hazelcast-3.8.2.jar:/home/travis/build/icyphy/pt
II/lib/jackson-annotations-2.9.0.jar:/home/travis/build/icyphy/ptII/lib/jackson
-core-2.9.3.jar:/home/travis/build/icyphy/ptII/lib/jackson-databind-2.9.3.jar:/
home/travis/build/icyphy/ptII/lib/netty-buffer-4.1.19.Final.jar:/home/travis/bu
ild/icyphy/ptII/lib/netty-codec-4.1.19.Final.jar:/home/travis/build/icyphy/ptII
/lib/netty-codec-dns-4.1.19.Final.jar:/home/travis/build/icyphy/ptII/lib/netty-
codec-http-4.1.19.Final.jar:/home/travis/build/icyphy/ptII/lib/netty-codec-http
2-4.1.19.Final.jar:/home/travis/build/icyphy/ptII/lib/netty-common-4.1.19.Final
.jar:/home/travis/build/icyphy/ptII/lib/netty-handler-4.1.19.Final.jar:/home/tr
avis/build/icyphy/ptII/lib/netty-resolver-4.1.19.Final.jar:/home/travis/build/i
cyphy/ptII/lib/netty-resolver-dns-4.1.19.Final.jar:/home/travis/build/icyphy/pt
II/lib/netty-transport-4.1.19.Final.jar:/home/travis/build/icyphy/ptII/lib/vert
x-codegen-3.5.1.jar:/home/travis/build/icyphy/ptII/lib/vertx-core-3.5.2-SNAPSHO
T.jar:/home/travis/build/icyphy/ptII/lib/vertx-hazelcast-3.5.1.jar:/home/travis
/build/icyphy/ptII/lib/vertx-lang-js-3.5.1.jar:/home/travis/build/icyphy/ptII/l
ib/vertx-service-proxy-3.5.1.jar:/home/travis/build/icyphy/ptII/lib/vertx-web-3
.5.1.jar:/home/travis/build/icyphy/ptII/lib/slf4j-api-1.7.13.jar:/home/travis/b
uild/icyphy/ptII/lib/slf4j-simple-1.7.13.jar:/home/travis/build/icyphy/ptII/lib
/webcam-capture-0.3.12.jar:/home/travis/build/icyphy/ptII/lib/bridj-0.7.0.jar:/
home/travis/build/icyphy/ptII/lib/xbjlib-1.1.0.nrjavaserial.jar:/home/travis/bu
ild/icyphy/ptII/ptolemy/moml/test:/home/travis/build/icyphy/ptII/ant/lib/ant-la
uncher.jar:/home/travis/build/icyphy/ptII/ant/lib/ant.jar:/home/travis/build/ic
yphy/ptII/ant/lib/ant-junit.jar:/home/travis/build/icyphy/ptII/ant/lib/ant-juni
t4.jar:/home/travis/build/icyphy/ptII ModularCodeGenTest_A1_A2_profile.java
All Done
Writing ModularCodeGenTest_A1_A2.java in file:/home/travis/cg/ (9163 characters)
Reading "ptolemy/cg/kernel/generic/program/procedural/java/modular/makefile.in",
    writing "/home/travis/cg/ModularCodeGenTest_A1_A2.mk"
Using ptolemy/cg/kernel/generic/program/procedural/java/modular/makefile.in
In "/home/travis/cg", about to execute:
    make -f ModularCodeGenTest_A1_A2.mk
javac -classpath ".:.."    ModularCodeGenTest_A1_A2.java
All Done
In "/home/travis/cg", about to execute:
    pwd
In "/home/travis/cg", about to execute:
    ls -l
/home/travis/cg
In "/home/travis/cg", about to execute:
    javac -classpath
.:/home/travis/build/icyphy/ptII:/home/travis/build/icyphy/ptII/lib/bsh-2.0b4.j
ar:/home/travis/build/icyphy/ptII/lib/ptCal.jar:/home/travis/build/icyphy/ptII/
lib/java_cup.jar:/home/travis/build/icyphy/ptII/lib/saxon8.jar:/home/travis/bui
ld/icyphy/ptII/lib/saxon8-dom.jar:/home/travis/build/icyphy/ptII/lib/chic.jar:/
home/travis/build/icyphy/ptII/lib/ptcolt.jar:/home/travis/build/icyphy/ptII/ven
dors/misc/itext/iText.jar:/home/travis/build/icyphy/ptII/lib/g4ltl.jar:/home/tr
avis/build/icyphy/ptII/lib/StructuralCoder.jar:/home/travis/build/icyphy/ptII/v
endors/jai-1_1_2_01/lib/jai_core.jar:/home/travis/build/icyphy/ptII/vendors/jai
-1_1_2_01/lib/jai_codec.jar:/home/travis/build/icyphy/ptII/lib/jcerti.jar:/home
/travis/build/icyphy/ptII/lib/javax.mail.jar:/usr/share/java/openjfx/jre/lib/ex
t/jfxrt.jar:/usr/lib/jvm/java-8-openjdk-amd64/jre/lib/ext/jfxrt.jar:/home/travi
s/build/icyphy/ptII/vendors/JMF-2.1.1e/lib/jmf.jar:/home/travis/build/icyphy/pt
II/lib/jna-4.0.0-variadic.jar:/home/travis/build/icyphy/ptII/vendors/misc/joyst
ick/Joystick.jar:/home/travis/build/icyphy/ptII/lib/ptjacl.jar:/home/travis/bui
ld/icyphy/ptII/lib/jsoup-1.8.2.jar:/home/travis/build/icyphy/ptII/lib/junit-4.8
.2.jar:/home/travis/build/icyphy/ptII/lib/JUnitParams-0.4.0.jar:/home/travis/bu
ild/icyphy/ptII/ptolemy/actor/lib/excel/jxl.jar:/home/travis/build/icyphy/ptII/
lib/jython.jar:/home/travis/build/icyphy/ptII/lib/kieler.jar:/home/travis/build
/icyphy/ptII/lib/opencv-341.jar:/home/travis/build/icyphy/ptII/lib/oscP5.jar:/h
ome/travis/build/icyphy/ptII/lib/nrjavaserial-3.11.0.devel.jar:/home/travis/bui
ld/icyphy/ptII/vendors/j3d/lib/j3dcore.jar:/home/travis/build/icyphy/ptII/vendo
rs/j3d/lib/j3dutils.jar:/home/travis/build/icyphy/ptII/vendors/j3d/lib/vecmath.
jar:/home/travis/build/icyphy/ptII/ptolemy/distributed/jini/jar/jini-core.jar:/
home/travis/build/icyphy/ptII/ptolemy/distributed/jini/jar/jini-ext.jar:/home/t
ravis/build/icyphy/ptII/ptolemy/distributed/jini/jar/sun-util.jar:/home/travis/
build/icyphy/ptII/lib/protobuf-java-2.4.1.jar:/home/travis/build/icyphy/ptII/li
b/org.eclipse.paho.client.mqttv3.jar:/home/travis/build/icyphy/ptII/lib/mapss.j
ar:/home/travis/build/icyphy/ptII/ptolemy/actor/ptalon/antlr/antlr.jar:/home/tr
avis/build/icyphy/ptII/lib/JRI.jar:/home/travis/build/icyphy/ptII/lib/commons-l
ang-2.6.jar:/home/travis/build/icyphy/ptII/lib/commons-logging-1.1.1.jar:/home/
travis/build/icyphy/ptII/lib/sootclasses.jar:/home/travis/build/icyphy/ptII/pto
lemy/actor/lib/database/mysql-connector-java-5.1.6-bin.jar:/home/travis/build/i
cyphy/ptII/vendors/misc/sphinx4/sphinx4-data-5prealpha.jar:/home/travis/build/i
cyphy/ptII/vendors/misc/sphinx4/sphinx4-core-5prealpha.jar:/home/travis/build/i
cyphy/ptII/lib/PDFRenderer.jar:/home/travis/build/icyphy/ptII/lib/svgSalamander
.jar:/home/travis/build/icyphy/ptII/lib/rsyntaxtextarea-2.6.0-SNAPSHOT.jar:/hom
e/travis/build/icyphy/ptII/lib/hazelcast-3.8.2.jar:/home/travis/build/icyphy/pt
II/lib/jackson-annotations-2.9.0.jar:/home/travis/build/icyphy/ptII/lib/jackson
-core-2.9.3.jar:/home/travis/build/icyphy/ptII/lib/jackson-databind-2.9.3.jar:/
home/travis/build/icyphy/ptII/lib/netty-buffer-4.1.19.Final.jar:/home/travis/bu
ild/icyphy/ptII/lib/netty-codec-4.1.19.Final.jar:/home/travis/build/icyphy/ptII
/lib/netty-codec-dns-4.1.19.Final.jar:/home/travis/build/icyphy/ptII/lib/netty-
codec-http-4.1.19.Final.jar:/home/travis/build/icyphy/ptII/lib/netty-codec-http
2-4.1.19.Final.jar:/home/travis/build/icyphy/ptII/lib/netty-common-4.1.19.Final
.jar:/home/travis/build/icyphy/ptII/lib/netty-handler-4.1.19.Final.jar:/home/tr
avis/build/icyphy/ptII/lib/netty-resolver-4.1.19.Final.jar:/home/travis/build/i
cyphy/ptII/lib/netty-resolver-dns-4.1.19.Final.jar:/home/travis/build/icyphy/pt
II/lib/netty-transport-4.1.19.Final.jar:/home/travis/build/icyphy/ptII/lib/vert
x-codegen-3.5.1.jar:/home/travis/build/icyphy/ptII/lib/vertx-core-3.5.2-SNAPSHO
T.jar:/home/travis/build/icyphy/ptII/lib/vertx-hazelcast-3.5.1.jar:/home/travis
/build/icyphy/ptII/lib/vertx-lang-js-3.5.1.jar:/home/travis/build/icyphy/ptII/l
ib/vertx-service-proxy-3.5.1.jar:/home/travis/build/icyphy/ptII/lib/vertx-web-3
.5.1.jar:/home/travis/build/icyphy/ptII/lib/slf4j-api-1.7.13.jar:/home/travis/b
uild/icyphy/ptII/lib/slf4j-simple-1.7.13.jar:/home/travis/build/icyphy/ptII/lib
/webcam-capture-0.3.12.jar:/home/travis/build/icyphy/ptII/lib/bridj-0.7.0.jar:/
home/travis/build/icyphy/ptII/lib/xbjlib-1.1.0.nrjavaserial.jar:/home/travis/bu
ild/icyphy/ptII/ptolemy/moml/test:/home/travis/build/icyphy/ptII/ant/lib/ant-la
uncher.jar:/home/travis/build/icyphy/ptII/ant/lib/ant.jar:/home/travis/build/ic
yphy/ptII/ant/lib/ant-junit.jar:/home/travis/build/icyphy/ptII/ant/lib/ant-juni
t4.jar:/home/travis/build/icyphy/ptII ModularCodeGenTest_A1_profile.java
total 1220
drwxrwxr-x   3 travis travis  12288 Jul 11 02:04 AbsoluteValue
drwxrwxr-x   3 travis travis 102400 Jul 11 02:03 AllColt
drwxrwxr-x   3 travis travis  12288 Jul 11 02:04 Case1
drwxrwxr-x   5 travis travis   4096 Jul 11 02:03 fmi
drwxrwxr-x   3 travis travis  16384 Jul 11 02:05 Gaussian2
drwxrwxr-x   3 travis travis  12288 Jul 11 02:05 LookupTable
drwxrwxr-x   3 travis travis  20480 Jul 11 02:05 MaxIndex
-rw-rw-r--   1 travis travis   3723 Jul 11 02:11 ModularCodeGenTest_A1_A2.class
-rw-rw-r--   1 travis travis   9163 Jul 11 02:11 ModularCodeGenTest_A1_A2.java
-rw-rw-r--   1 travis travis    904 Jul 11 02:11 ModularCodeGenTest_A1_A2.mk
-rw-rw-r--   1 travis travis   1306 Jul 11 02:11 ModularCodeGenTest_A1_A2_profile.class
-rw-rw-r--   1 travis travis   1228 Jul 11 02:11 ModularCodeGenTest_A1_A2_profile.java
-rw-rw-r--   1 travis travis   1394 Jul 11 02:11 ModularCodeGenTest_A1_profile.java
drwxrwxr-x   3 travis travis  32768 Jul 11 02:10 modulation2
drwxrwxr-x 139 travis travis  12288 Jul 11 02:11 node_modules
drwxrwxr-x   3 travis travis  20480 Jul 11 02:06 PhaseUnwrap
drwxrwxr-x   3 travis travis  12288 Jul 11 02:06 ReadFile1
-rw-rw-r--   1 travis travis     11 Jul 11 02:06 ReadFile1Output.txt
-rw-rw-r--   1 travis travis   9615 Jul 11 02:11 Repeat.class
-rw-rw-r--   1 travis travis    666 Jul 11 02:11 Repeat$_fireFunction_Repeat_Repeat$__f_sL_11.class
-rw-rw-r--   1 travis travis    522 Jul 11 02:11 Repeat$_fireFunction_Repeat_Repeat$__f_sL_12.class
-rw-rw-r--   1 travis travis    522 Jul 11 02:11 Repeat$_fireFunction_Repeat_Repeat$__f_sL_13.class
-rw-rw-r--   1 travis travis    522 Jul 11 02:11 Repeat$_fireFunction_Repeat_Repeat$__f_sL_14.class
-rw-rw-r--   1 travis travis    665 Jul 11 02:11 Repeat$_fireFunction_Repeat_Repeat$__f_sL_1.class
-rw-rw-r--   1 travis travis    664 Jul 11 02:11 Repeat$_fireFunction_Repeat_Repeat$__f_sL_4.class
-rw-rw-r--   1 travis travis    520 Jul 11 02:11 Repeat$_fireFunction_Repeat_Repeat$__f_sL_9.class
-rw-rw-r--   1 travis travis    475 Jul 11 02:11 Repeat$_initialize_Repeat$__i_sL_2.class
-rw-rw-r--   1 travis travis   1281 Jul 11 02:10 Repeat.mk
-rw-rw-r--   1 travis travis    520 Jul 11 02:11 Repeat$_preinitializeMethod_Repeat$__p_sL_0.class
-rw-rw-r--   1 travis travis   1083 Jul 11 02:11 Repeat$_Repeat$_fireFunction_Repeat_AddSubtract_Repeat.class
-rw-rw-r--   1 travis travis    791 Jul 11 02:11 Repeat$_Repeat$_fireFunction_Repeat_AddSubtract_Repeat$__f_sL_0.class
-rw-rw-r--   1 travis travis    909 Jul 11 02:11 Repeat$_Repeat$_fireFunction_Repeat_AddSubtract_Repeat$__f_sL_1.class
-rw-rw-r--   1 travis travis    915 Jul 11 02:11 Repeat$_Repeat$_fireFunction_Repeat_AddSubtract_Repeat$__f_sL_2.class
-rw-rw-r--   1 travis travis    843 Jul 11 02:11 Repeat$_Repeat$_fireFunction_Repeat_AddSubtract_Repeat$__f_sL_3.class
-rw-rw-r--   1 travis travis    738 Jul 11 02:11 Repeat$_Repeat$_fireFunction_Repeat_Ramp2_Repeat$__f_sL_0.class
-rw-rw-r--   1 travis travis    869 Jul 11 02:11 Repeat$_Repeat$_fireFunction_Repeat_Test_Repeat$__f_sL_0.class
-rw-rw-r--   1 travis travis    615 Jul 11 02:11 Repeat$_Repeat$_fireFunction_Repeat_Test_Repeat$__f_sL_1.class
-rw-rw-r--   1 travis travis    685 Jul 11 02:11 Repeat$_Repeat_SDF_Director_run_Repeat$__R_sL_0.class
-rw-rw-r--   1 travis travis    686 Jul 11 02:11 Repeat$_Repeat_SDF_Director_run_Repeat$__R_sL_11.class
-rw-rw-r--   1 travis travis    542 Jul 11 02:11 Repeat$_Repeat_SDF_Director_run_Repeat$__R_sL_13.class
-rw-rw-r--   1 travis travis    540 Jul 11 02:11 Repeat$_Repeat_SDF_Director_run_Repeat$__R_sL_2.class
-rw-rw-r--   1 travis travis    684 Jul 11 02:11 Repeat$_Repeat_SDF_Director_run_Repeat$__R_sL_3.class
-rw-rw-r--   1 travis travis    540 Jul 11 02:11 Repeat$_Repeat_SDF_Director_run_Repeat$__R_sL_5.class
-rw-rw-r--   1 travis travis    540 Jul 11 02:11 Repeat$_Repeat_SDF_Director_run_Repeat$__R_sL_8.class
drwxrwxr-x   2 travis travis   4096 Jul 11 02:11 RepeatVariables
-rw-rw-r--   1 travis travis    863 Jul 11 02:11 Repeat$_varinit_Repeat.class
-rw-rw-r--   1 travis travis    531 Jul 11 02:11 Repeat$_varinit_Repeat$__v_sL_2.class
-rw-rw-r--   1 travis travis    905 Jul 11 02:11 Repeat$_varinit_Repeat$__v_sL_4.class
-rw-rw-r--   1 travis travis    959 Jul 11 02:11 Repeat$_wrapup_Repeat$__w_sL_1.class
drwxrwxr-x   3 travis travis  20480 Jul 11 02:06 Sinewave
drwxrwxr-x   3 travis travis  32768 Jul 11 02:08 StringFunction
drwxrwxr-x   3 travis travis  12288 Jul 11 02:08 StringLength
drwxrwxr-x   3 travis travis  61440 Jul 11 02:09 StringMatches2
drwxrwxr-x   3 travis travis  61440 Jul 11 02:09 StringSimpleReplace
drwxrwxr-x   3 travis travis  65536 Jul 11 02:09 StringSubstring
drwxrwxr-x   3 travis travis  24576 Jul 11 02:09 StringSubstring2
drwxrwxr-x   3 travis travis  16384 Jul 11 02:10 time1
drwxrwxr-x   3 travis travis  12288 Jul 11 02:10 time5
-rw-rw-r--   1 travis travis    432 Jul 11 02:11 Token.class
-rw-rw-r--   1 travis travis    251 Jul 11 02:11 Token.java
-rwxrwxr-x   1 travis travis 466992 Jul 11 02:03 top
-rw-rw-r--   1 travis travis  20502 Jul 11 02:03 top.c
-rw-rw-r--   1 travis travis   3799 Jul 11 02:11 top.class
-rw-rw-r--   1 travis travis   1257 Jul 11 02:11 top.mk
All Done
Writing ModularCodeGenTest_A1.java in file:/home/travis/cg/ (9968 characters)
Reading "ptolemy/cg/kernel/generic/program/procedural/java/modular/makefile.in",
    writing "/home/travis/cg/ModularCodeGenTest_A1.mk"
Using ptolemy/cg/kernel/generic/program/procedural/java/modular/makefile.in
In "/home/travis/cg", about to execute:
    make -f ModularCodeGenTest_A1.mk
javac -classpath ".:.."    ModularCodeGenTest_A1.java
All Done
7704 ms. Memory: 160768K Free: 93641K (58%)
28 ms. Memory: 160768K Free: 91083K (57%)
In "/home/travis/cg", about to execute:
    pwd
In "/home/travis/cg", about to execute:
    ls -l
/home/travis/cg
In "/home/travis/cg", about to execute:
    javac -classpath
.:/home/travis/build/icyphy/ptII:/home/travis/build/icyphy/ptII/lib/bsh-2.0b4.j
ar:/home/travis/build/icyphy/ptII/lib/ptCal.jar:/home/travis/build/icyphy/ptII/
lib/java_cup.jar:/home/travis/build/icyphy/ptII/lib/saxon8.jar:/home/travis/bui
ld/icyphy/ptII/lib/saxon8-dom.jar:/home/travis/build/icyphy/ptII/lib/chic.jar:/
home/travis/build/icyphy/ptII/lib/ptcolt.jar:/home/travis/build/icyphy/ptII/ven
dors/misc/itext/iText.jar:/home/travis/build/icyphy/ptII/lib/g4ltl.jar:/home/tr
avis/build/icyphy/ptII/lib/StructuralCoder.jar:/home/travis/build/icyphy/ptII/v
endors/jai-1_1_2_01/lib/jai_core.jar:/home/travis/build/icyphy/ptII/vendors/jai
-1_1_2_01/lib/jai_codec.jar:/home/travis/build/icyphy/ptII/lib/jcerti.jar:/home
/travis/build/icyphy/ptII/lib/javax.mail.jar:/usr/share/java/openjfx/jre/lib/ex
t/jfxrt.jar:/usr/lib/jvm/java-8-openjdk-amd64/jre/lib/ext/jfxrt.jar:/home/travi
s/build/icyphy/ptII/vendors/JMF-2.1.1e/lib/jmf.jar:/home/travis/build/icyphy/pt
II/lib/jna-4.0.0-variadic.jar:/home/travis/build/icyphy/ptII/vendors/misc/joyst
ick/Joystick.jar:/home/travis/build/icyphy/ptII/lib/ptjacl.jar:/home/travis/bui
ld/icyphy/ptII/lib/jsoup-1.8.2.jar:/home/travis/build/icyphy/ptII/lib/junit-4.8
.2.jar:/home/travis/build/icyphy/ptII/lib/JUnitParams-0.4.0.jar:/home/travis/bu
ild/icyphy/ptII/ptolemy/actor/lib/excel/jxl.jar:/home/travis/build/icyphy/ptII/
lib/jython.jar:/home/travis/build/icyphy/ptII/lib/kieler.jar:/home/travis/build
/icyphy/ptII/lib/opencv-341.jar:/home/travis/build/icyphy/ptII/lib/oscP5.jar:/h
ome/travis/build/icyphy/ptII/lib/nrjavaserial-3.11.0.devel.jar:/home/travis/bui
ld/icyphy/ptII/vendors/j3d/lib/j3dcore.jar:/home/travis/build/icyphy/ptII/vendo
rs/j3d/lib/j3dutils.jar:/home/travis/build/icyphy/ptII/vendors/j3d/lib/vecmath.
jar:/home/travis/build/icyphy/ptII/ptolemy/distributed/jini/jar/jini-core.jar:/
home/travis/build/icyphy/ptII/ptolemy/distributed/jini/jar/jini-ext.jar:/home/t
ravis/build/icyphy/ptII/ptolemy/distributed/jini/jar/sun-util.jar:/home/travis/
build/icyphy/ptII/lib/protobuf-java-2.4.1.jar:/home/travis/build/icyphy/ptII/li
b/org.eclipse.paho.client.mqttv3.jar:/home/travis/build/icyphy/ptII/lib/mapss.j
ar:/home/travis/build/icyphy/ptII/ptolemy/actor/ptalon/antlr/antlr.jar:/home/tr
avis/build/icyphy/ptII/lib/JRI.jar:/home/travis/build/icyphy/ptII/lib/commons-l
ang-2.6.jar:/home/travis/build/icyphy/ptII/lib/commons-logging-1.1.1.jar:/home/
travis/build/icyphy/ptII/lib/sootclasses.jar:/home/travis/build/icyphy/ptII/pto
lemy/actor/lib/database/mysql-connector-java-5.1.6-bin.jar:/home/travis/build/i
cyphy/ptII/vendors/misc/sphinx4/sphinx4-data-5prealpha.jar:/home/travis/build/i
cyphy/ptII/vendors/misc/sphinx4/sphinx4-core-5prealpha.jar:/home/travis/build/i
cyphy/ptII/lib/PDFRenderer.jar:/home/travis/build/icyphy/ptII/lib/svgSalamander
.jar:/home/travis/build/icyphy/ptII/lib/rsyntaxtextarea-2.6.0-SNAPSHOT.jar:/hom
e/travis/build/icyphy/ptII/lib/hazelcast-3.8.2.jar:/home/travis/build/icyphy/pt
II/lib/jackson-annotations-2.9.0.jar:/home/travis/build/icyphy/ptII/lib/jackson
-core-2.9.3.jar:/home/travis/build/icyphy/ptII/lib/jackson-databind-2.9.3.jar:/
home/travis/build/icyphy/ptII/lib/netty-buffer-4.1.19.Final.jar:/home/travis/bu
ild/icyphy/ptII/lib/netty-codec-4.1.19.Final.jar:/home/travis/build/icyphy/ptII
/lib/netty-codec-dns-4.1.19.Final.jar:/home/travis/build/icyphy/ptII/lib/netty-
codec-http-4.1.19.Final.jar:/home/travis/build/icyphy/ptII/lib/netty-codec-http
2-4.1.19.Final.jar:/home/travis/build/icyphy/ptII/lib/netty-common-4.1.19.Final
.jar:/home/travis/build/icyphy/ptII/lib/netty-handler-4.1.19.Final.jar:/home/tr
avis/build/icyphy/ptII/lib/netty-resolver-4.1.19.Final.jar:/home/travis/build/i
cyphy/ptII/lib/netty-resolver-dns-4.1.19.Final.jar:/home/travis/build/icyphy/pt
II/lib/netty-transport-4.1.19.Final.jar:/home/travis/build/icyphy/ptII/lib/vert
x-codegen-3.5.1.jar:/home/travis/build/icyphy/ptII/lib/vertx-core-3.5.2-SNAPSHO
T.jar:/home/travis/build/icyphy/ptII/lib/vertx-hazelcast-3.5.1.jar:/home/travis
/build/icyphy/ptII/lib/vertx-lang-js-3.5.1.jar:/home/travis/build/icyphy/ptII/l
ib/vertx-service-proxy-3.5.1.jar:/home/travis/build/icyphy/ptII/lib/vertx-web-3
.5.1.jar:/home/travis/build/icyphy/ptII/lib/slf4j-api-1.7.13.jar:/home/travis/b
uild/icyphy/ptII/lib/slf4j-simple-1.7.13.jar:/home/travis/build/icyphy/ptII/lib
/webcam-capture-0.3.12.jar:/home/travis/build/icyphy/ptII/lib/bridj-0.7.0.jar:/
home/travis/build/icyphy/ptII/lib/xbjlib-1.1.0.nrjavaserial.jar:/home/travis/bu
ild/icyphy/ptII/ptolemy/moml/test:/home/travis/build/icyphy/ptII/ant/lib/ant-la
uncher.jar:/home/travis/build/icyphy/ptII/ant/lib/ant.jar:/home/travis/build/ic
yphy/ptII/ant/lib/ant-junit.jar:/home/travis/build/icyphy/ptII/ant/lib/ant-juni
t4.jar:/home/travis/build/icyphy/ptII ModularCodeGenTest_A1_A2_profile.java
total 1244
drwxrwxr-x   3 travis travis  12288 Jul 11 02:04 AbsoluteValue
drwxrwxr-x   3 travis travis 102400 Jul 11 02:03 AllColt
drwxrwxr-x   3 travis travis  12288 Jul 11 02:04 Case1
drwxrwxr-x   5 travis travis   4096 Jul 11 02:03 fmi
drwxrwxr-x   3 travis travis  16384 Jul 11 02:05 Gaussian2
drwxrwxr-x   3 travis travis  12288 Jul 11 02:05 LookupTable
drwxrwxr-x   3 travis travis  20480 Jul 11 02:05 MaxIndex
-rw-rw-r--   1 travis travis   3723 Jul 11 02:11 ModularCodeGenTest_A1_A2.class
-rw-rw-r--   1 travis travis   9163 Jul 11 02:11 ModularCodeGenTest_A1_A2.java
-rw-rw-r--   1 travis travis    904 Jul 11 02:11 ModularCodeGenTest_A1_A2.mk
-rw-rw-r--   1 travis travis   1306 Jul 11 02:11 ModularCodeGenTest_A1_A2_profile.class
-rw-rw-r--   1 travis travis   1228 Jul 11 02:11 ModularCodeGenTest_A1_A2_profile.java
-rw-rw-r--   1 travis travis   4055 Jul 11 02:11 ModularCodeGenTest_A1.class
-rw-rw-r--   1 travis travis   9968 Jul 11 02:11 ModularCodeGenTest_A1.java
-rw-rw-r--   1 travis travis    880 Jul 11 02:11 ModularCodeGenTest_A1.mk
-rw-rw-r--   1 travis travis   1352 Jul 11 02:11 ModularCodeGenTest_A1_profile.class
-rw-rw-r--   1 travis travis   1394 Jul 11 02:11 ModularCodeGenTest_A1_profile.java
drwxrwxr-x   3 travis travis  32768 Jul 11 02:10 modulation2
drwxrwxr-x 139 travis travis  12288 Jul 11 02:11 node_modules
drwxrwxr-x   3 travis travis  20480 Jul 11 02:06 PhaseUnwrap
drwxrwxr-x   3 travis travis  12288 Jul 11 02:06 ReadFile1
-rw-rw-r--   1 travis travis     11 Jul 11 02:06 ReadFile1Output.txt
-rw-rw-r--   1 travis travis   9615 Jul 11 02:11 Repeat.class
-rw-rw-r--   1 travis travis    666 Jul 11 02:11 Repeat$_fireFunction_Repeat_Repeat$__f_sL_11.class
-rw-rw-r--   1 travis travis    522 Jul 11 02:11 Repeat$_fireFunction_Repeat_Repeat$__f_sL_12.class
-rw-rw-r--   1 travis travis    522 Jul 11 02:11 Repeat$_fireFunction_Repeat_Repeat$__f_sL_13.class
-rw-rw-r--   1 travis travis    522 Jul 11 02:11 Repeat$_fireFunction_Repeat_Repeat$__f_sL_14.class
-rw-rw-r--   1 travis travis    665 Jul 11 02:11 Repeat$_fireFunction_Repeat_Repeat$__f_sL_1.class
-rw-rw-r--   1 travis travis    664 Jul 11 02:11 Repeat$_fireFunction_Repeat_Repeat$__f_sL_4.class
-rw-rw-r--   1 travis travis    520 Jul 11 02:11 Repeat$_fireFunction_Repeat_Repeat$__f_sL_9.class
-rw-rw-r--   1 travis travis    475 Jul 11 02:11 Repeat$_initialize_Repeat$__i_sL_2.class
-rw-rw-r--   1 travis travis   1281 Jul 11 02:10 Repeat.mk
-rw-rw-r--   1 travis travis    520 Jul 11 02:11 Repeat$_preinitializeMethod_Repeat$__p_sL_0.class
-rw-rw-r--   1 travis travis   1083 Jul 11 02:11 Repeat$_Repeat$_fireFunction_Repeat_AddSubtract_Repeat.class
-rw-rw-r--   1 travis travis    791 Jul 11 02:11 Repeat$_Repeat$_fireFunction_Repeat_AddSubtract_Repeat$__f_sL_0.class
-rw-rw-r--   1 travis travis    909 Jul 11 02:11 Repeat$_Repeat$_fireFunction_Repeat_AddSubtract_Repeat$__f_sL_1.class
-rw-rw-r--   1 travis travis    915 Jul 11 02:11 Repeat$_Repeat$_fireFunction_Repeat_AddSubtract_Repeat$__f_sL_2.class
-rw-rw-r--   1 travis travis    843 Jul 11 02:11 Repeat$_Repeat$_fireFunction_Repeat_AddSubtract_Repeat$__f_sL_3.class
-rw-rw-r--   1 travis travis    738 Jul 11 02:11 Repeat$_Repeat$_fireFunction_Repeat_Ramp2_Repeat$__f_sL_0.class
-rw-rw-r--   1 travis travis    869 Jul 11 02:11 Repeat$_Repeat$_fireFunction_Repeat_Test_Repeat$__f_sL_0.class
-rw-rw-r--   1 travis travis    615 Jul 11 02:11 Repeat$_Repeat$_fireFunction_Repeat_Test_Repeat$__f_sL_1.class
-rw-rw-r--   1 travis travis    685 Jul 11 02:11 Repeat$_Repeat_SDF_Director_run_Repeat$__R_sL_0.class
-rw-rw-r--   1 travis travis    686 Jul 11 02:11 Repeat$_Repeat_SDF_Director_run_Repeat$__R_sL_11.class
-rw-rw-r--   1 travis travis    542 Jul 11 02:11 Repeat$_Repeat_SDF_Director_run_Repeat$__R_sL_13.class
-rw-rw-r--   1 travis travis    540 Jul 11 02:11 Repeat$_Repeat_SDF_Director_run_Repeat$__R_sL_2.class
-rw-rw-r--   1 travis travis    684 Jul 11 02:11 Repeat$_Repeat_SDF_Director_run_Repeat$__R_sL_3.class
-rw-rw-r--   1 travis travis    540 Jul 11 02:11 Repeat$_Repeat_SDF_Director_run_Repeat$__R_sL_5.class
-rw-rw-r--   1 travis travis    540 Jul 11 02:11 Repeat$_Repeat_SDF_Director_run_Repeat$__R_sL_8.class
drwxrwxr-x   2 travis travis   4096 Jul 11 02:11 RepeatVariables
-rw-rw-r--   1 travis travis    863 Jul 11 02:11 Repeat$_varinit_Repeat.class
-rw-rw-r--   1 travis travis    531 Jul 11 02:11 Repeat$_varinit_Repeat$__v_sL_2.class
-rw-rw-r--   1 travis travis    905 Jul 11 02:11 Repeat$_varinit_Repeat$__v_sL_4.class
-rw-rw-r--   1 travis travis    959 Jul 11 02:11 Repeat$_wrapup_Repeat$__w_sL_1.class
drwxrwxr-x   3 travis travis  20480 Jul 11 02:06 Sinewave
drwxrwxr-x   3 travis travis  32768 Jul 11 02:08 StringFunction
drwxrwxr-x   3 travis travis  12288 Jul 11 02:08 StringLength
drwxrwxr-x   3 travis travis  61440 Jul 11 02:09 StringMatches2
drwxrwxr-x   3 travis travis  61440 Jul 11 02:09 StringSimpleReplace
drwxrwxr-x   3 travis travis  65536 Jul 11 02:09 StringSubstring
drwxrwxr-x   3 travis travis  24576 Jul 11 02:09 StringSubstring2
drwxrwxr-x   3 travis travis  16384 Jul 11 02:10 time1
drwxrwxr-x   3 travis travis  12288 Jul 11 02:10 time5
-rw-rw-r--   1 travis travis    432 Jul 11 02:11 Token.class
-rw-rw-r--   1 travis travis    251 Jul 11 02:11 Token.java
-rwxrwxr-x   1 travis travis 466992 Jul 11 02:03 top
-rw-rw-r--   1 travis travis  20502 Jul 11 02:03 top.c
-rw-rw-r--   1 travis travis   3799 Jul 11 02:11 top.class
-rw-rw-r--   1 travis travis   1257 Jul 11 02:11 top.mk
All Done
Writing ModularCodeGenTest_A1_A2.java in file:/home/travis/cg/ (9164 characters)
Reading "ptolemy/cg/kernel/generic/program/procedural/java/modular/makefile.in",
    writing "/home/travis/cg/ModularCodeGenTest_A1_A2.mk"
Using ptolemy/cg/kernel/generic/program/procedural/java/modular/makefile.in
In "/home/travis/cg", about to execute:
    make -f ModularCodeGenTest_A1_A2.mk
javac -classpath ".:.."    ModularCodeGenTest_A1_A2.java
All Done
3371 ms. Memory: 160768K Free: 112118K (70%)
Warning: failed to delete /home/travis/cg: error deleting "/home/travis/cg/node_modules/@pm2/io/node_modules/.bin":  best guess at reason: permission denied
In "/home/travis/cg", about to execute:
    pwd
In "/home/travis/cg", about to execute:
    ls -l
/home/travis/cg
In "/home/travis/cg", about to execute:
    javac -classpath
.:/home/travis/build/icyphy/ptII:/home/travis/build/icyphy/ptII/lib/bsh-2.0b4.j
ar:/home/travis/build/icyphy/ptII/lib/ptCal.jar:/home/travis/build/icyphy/ptII/
lib/java_cup.jar:/home/travis/build/icyphy/ptII/lib/saxon8.jar:/home/travis/bui
ld/icyphy/ptII/lib/saxon8-dom.jar:/home/travis/build/icyphy/ptII/lib/chic.jar:/
home/travis/build/icyphy/ptII/lib/ptcolt.jar:/home/travis/build/icyphy/ptII/ven
dors/misc/itext/iText.jar:/home/travis/build/icyphy/ptII/lib/g4ltl.jar:/home/tr
avis/build/icyphy/ptII/lib/StructuralCoder.jar:/home/travis/build/icyphy/ptII/v
endors/jai-1_1_2_01/lib/jai_core.jar:/home/travis/build/icyphy/ptII/vendors/jai
-1_1_2_01/lib/jai_codec.jar:/home/travis/build/icyphy/ptII/lib/jcerti.jar:/home
/travis/build/icyphy/ptII/lib/javax.mail.jar:/usr/share/java/openjfx/jre/lib/ex
t/jfxrt.jar:/usr/lib/jvm/java-8-openjdk-amd64/jre/lib/ext/jfxrt.jar:/home/travi
s/build/icyphy/ptII/vendors/JMF-2.1.1e/lib/jmf.jar:/home/travis/build/icyphy/pt
II/lib/jna-4.0.0-variadic.jar:/home/travis/build/icyphy/ptII/vendors/misc/joyst
ick/Joystick.jar:/home/travis/build/icyphy/ptII/lib/ptjacl.jar:/home/travis/bui
ld/icyphy/ptII/lib/jsoup-1.8.2.jar:/home/travis/build/icyphy/ptII/lib/junit-4.8
.2.jar:/home/travis/build/icyphy/ptII/lib/JUnitParams-0.4.0.jar:/home/travis/bu
ild/icyphy/ptII/ptolemy/actor/lib/excel/jxl.jar:/home/travis/build/icyphy/ptII/
lib/jython.jar:/home/travis/build/icyphy/ptII/lib/kieler.jar:/home/travis/build
/icyphy/ptII/lib/opencv-341.jar:/home/travis/build/icyphy/ptII/lib/oscP5.jar:/h
ome/travis/build/icyphy/ptII/lib/nrjavaserial-3.11.0.devel.jar:/home/travis/bui
ld/icyphy/ptII/vendors/j3d/lib/j3dcore.jar:/home/travis/build/icyphy/ptII/vendo
rs/j3d/lib/j3dutils.jar:/home/travis/build/icyphy/ptII/vendors/j3d/lib/vecmath.
jar:/home/travis/build/icyphy/ptII/ptolemy/distributed/jini/jar/jini-core.jar:/
home/travis/build/icyphy/ptII/ptolemy/distributed/jini/jar/jini-ext.jar:/home/t
ravis/build/icyphy/ptII/ptolemy/distributed/jini/jar/sun-util.jar:/home/travis/
build/icyphy/ptII/lib/protobuf-java-2.4.1.jar:/home/travis/build/icyphy/ptII/li
b/org.eclipse.paho.client.mqttv3.jar:/home/travis/build/icyphy/ptII/lib/mapss.j
ar:/home/travis/build/icyphy/ptII/ptolemy/actor/ptalon/antlr/antlr.jar:/home/tr
avis/build/icyphy/ptII/lib/JRI.jar:/home/travis/build/icyphy/ptII/lib/commons-l
ang-2.6.jar:/home/travis/build/icyphy/ptII/lib/commons-logging-1.1.1.jar:/home/
travis/build/icyphy/ptII/lib/sootclasses.jar:/home/travis/build/icyphy/ptII/pto
lemy/actor/lib/database/mysql-connector-java-5.1.6-bin.jar:/home/travis/build/i
cyphy/ptII/vendors/misc/sphinx4/sphinx4-data-5prealpha.jar:/home/travis/build/i
cyphy/ptII/vendors/misc/sphinx4/sphinx4-core-5prealpha.jar:/home/travis/build/i
cyphy/ptII/lib/PDFRenderer.jar:/home/travis/build/icyphy/ptII/lib/svgSalamander
.jar:/home/travis/build/icyphy/ptII/lib/rsyntaxtextarea-2.6.0-SNAPSHOT.jar:/hom
e/travis/build/icyphy/ptII/lib/hazelcast-3.8.2.jar:/home/travis/build/icyphy/pt
II/lib/jackson-annotations-2.9.0.jar:/home/travis/build/icyphy/ptII/lib/jackson
-core-2.9.3.jar:/home/travis/build/icyphy/ptII/lib/jackson-databind-2.9.3.jar:/
home/travis/build/icyphy/ptII/lib/netty-buffer-4.1.19.Final.jar:/home/travis/bu
ild/icyphy/ptII/lib/netty-codec-4.1.19.Final.jar:/home/travis/build/icyphy/ptII
/lib/netty-codec-dns-4.1.19.Final.jar:/home/travis/build/icyphy/ptII/lib/netty-
codec-http-4.1.19.Final.jar:/home/travis/build/icyphy/ptII/lib/netty-codec-http
2-4.1.19.Final.jar:/home/travis/build/icyphy/ptII/lib/netty-common-4.1.19.Final
.jar:/home/travis/build/icyphy/ptII/lib/netty-handler-4.1.19.Final.jar:/home/tr
avis/build/icyphy/ptII/lib/netty-resolver-4.1.19.Final.jar:/home/travis/build/i
cyphy/ptII/lib/netty-resolver-dns-4.1.19.Final.jar:/home/travis/build/icyphy/pt
II/lib/netty-transport-4.1.19.Final.jar:/home/travis/build/icyphy/ptII/lib/vert
x-codegen-3.5.1.jar:/home/travis/build/icyphy/ptII/lib/vertx-core-3.5.2-SNAPSHO
T.jar:/home/travis/build/icyphy/ptII/lib/vertx-hazelcast-3.5.1.jar:/home/travis
/build/icyphy/ptII/lib/vertx-lang-js-3.5.1.jar:/home/travis/build/icyphy/ptII/l
ib/vertx-service-proxy-3.5.1.jar:/home/travis/build/icyphy/ptII/lib/vertx-web-3
.5.1.jar:/home/travis/build/icyphy/ptII/lib/slf4j-api-1.7.13.jar:/home/travis/b
uild/icyphy/ptII/lib/slf4j-simple-1.7.13.jar:/home/travis/build/icyphy/ptII/lib
/webcam-capture-0.3.12.jar:/home/travis/build/icyphy/ptII/lib/bridj-0.7.0.jar:/
home/travis/build/icyphy/ptII/lib/xbjlib-1.1.0.nrjavaserial.jar:/home/travis/bu
ild/icyphy/ptII/ptolemy/moml/test:/home/travis/build/icyphy/ptII/ant/lib/ant-la
uncher.jar:/home/travis/build/icyphy/ptII/ant/lib/ant.jar:/home/travis/build/ic
yphy/ptII/ant/lib/ant-junit.jar:/home/travis/build/icyphy/ptII/ant/lib/ant-juni
t4.jar:/home/travis/build/icyphy/ptII ModularCodeGenTest_A1_profile.java
total 1216
drwxrwxr-x   3 travis travis  12288 Jul 11 02:04 AbsoluteValue
drwxrwxr-x   3 travis travis 102400 Jul 11 02:03 AllColt
drwxrwxr-x   3 travis travis  12288 Jul 11 02:04 Case1
drwxrwxr-x   5 travis travis   4096 Jul 11 02:03 fmi
drwxrwxr-x   3 travis travis  16384 Jul 11 02:05 Gaussian2
drwxrwxr-x   3 travis travis  12288 Jul 11 02:05 LookupTable
drwxrwxr-x   3 travis travis  20480 Jul 11 02:05 MaxIndex
-rw-rw-r--   1 travis travis   3724 Jul 11 02:11 ModularCodeGenTest_A1_A2.class
-rw-rw-r--   1 travis travis   9164 Jul 11 02:11 ModularCodeGenTest_A1_A2.java
-rw-rw-r--   1 travis travis   1306 Jul 11 02:11 ModularCodeGenTest_A1_A2_profile.class
-rw-rw-r--   1 travis travis   9968 Jul 11 02:11 ModularCodeGenTest_A1.java
-rw-rw-r--   1 travis travis   1394 Jul 11 02:11 ModularCodeGenTest_A1_profile.java
drwxrwxr-x   3 travis travis  32768 Jul 11 02:10 modulation2
drwxrwxr-x 139 travis travis  12288 Jul 11 02:11 node_modules
drwxrwxr-x   3 travis travis  20480 Jul 11 02:06 PhaseUnwrap
drwxrwxr-x   3 travis travis  12288 Jul 11 02:06 ReadFile1
-rw-rw-r--   1 travis travis     11 Jul 11 02:06 ReadFile1Output.txt
-rw-rw-r--   1 travis travis   9615 Jul 11 02:11 Repeat.class
-rw-rw-r--   1 travis travis    666 Jul 11 02:11 Repeat$_fireFunction_Repeat_Repeat$__f_sL_11.class
-rw-rw-r--   1 travis travis    522 Jul 11 02:11 Repeat$_fireFunction_Repeat_Repeat$__f_sL_12.class
-rw-rw-r--   1 travis travis    522 Jul 11 02:11 Repeat$_fireFunction_Repeat_Repeat$__f_sL_13.class
-rw-rw-r--   1 travis travis    522 Jul 11 02:11 Repeat$_fireFunction_Repeat_Repeat$__f_sL_14.class
-rw-rw-r--   1 travis travis    665 Jul 11 02:11 Repeat$_fireFunction_Repeat_Repeat$__f_sL_1.class
-rw-rw-r--   1 travis travis    664 Jul 11 02:11 Repeat$_fireFunction_Repeat_Repeat$__f_sL_4.class
-rw-rw-r--   1 travis travis    520 Jul 11 02:11 Repeat$_fireFunction_Repeat_Repeat$__f_sL_9.class
-rw-rw-r--   1 travis travis    475 Jul 11 02:11 Repeat$_initialize_Repeat$__i_sL_2.class
-rw-rw-r--   1 travis travis   1281 Jul 11 02:10 Repeat.mk
-rw-rw-r--   1 travis travis    520 Jul 11 02:11 Repeat$_preinitializeMethod_Repeat$__p_sL_0.class
-rw-rw-r--   1 travis travis   1083 Jul 11 02:11 Repeat$_Repeat$_fireFunction_Repeat_AddSubtract_Repeat.class
-rw-rw-r--   1 travis travis    791 Jul 11 02:11 Repeat$_Repeat$_fireFunction_Repeat_AddSubtract_Repeat$__f_sL_0.class
-rw-rw-r--   1 travis travis    909 Jul 11 02:11 Repeat$_Repeat$_fireFunction_Repeat_AddSubtract_Repeat$__f_sL_1.class
-rw-rw-r--   1 travis travis    915 Jul 11 02:11 Repeat$_Repeat$_fireFunction_Repeat_AddSubtract_Repeat$__f_sL_2.class
-rw-rw-r--   1 travis travis    843 Jul 11 02:11 Repeat$_Repeat$_fireFunction_Repeat_AddSubtract_Repeat$__f_sL_3.class
-rw-rw-r--   1 travis travis    738 Jul 11 02:11 Repeat$_Repeat$_fireFunction_Repeat_Ramp2_Repeat$__f_sL_0.class
-rw-rw-r--   1 travis travis    869 Jul 11 02:11 Repeat$_Repeat$_fireFunction_Repeat_Test_Repeat$__f_sL_0.class
-rw-rw-r--   1 travis travis    615 Jul 11 02:11 Repeat$_Repeat$_fireFunction_Repeat_Test_Repeat$__f_sL_1.class
-rw-rw-r--   1 travis travis    685 Jul 11 02:11 Repeat$_Repeat_SDF_Director_run_Repeat$__R_sL_0.class
-rw-rw-r--   1 travis travis    686 Jul 11 02:11 Repeat$_Repeat_SDF_Director_run_Repeat$__R_sL_11.class
-rw-rw-r--   1 travis travis    542 Jul 11 02:11 Repeat$_Repeat_SDF_Director_run_Repeat$__R_sL_13.class
-rw-rw-r--   1 travis travis    540 Jul 11 02:11 Repeat$_Repeat_SDF_Director_run_Repeat$__R_sL_2.class
-rw-rw-r--   1 travis travis    684 Jul 11 02:11 Repeat$_Repeat_SDF_Director_run_Repeat$__R_sL_3.class
-rw-rw-r--   1 travis travis    540 Jul 11 02:11 Repeat$_Repeat_SDF_Director_run_Repeat$__R_sL_5.class
-rw-rw-r--   1 travis travis    540 Jul 11 02:11 Repeat$_Repeat_SDF_Director_run_Repeat$__R_sL_8.class
drwxrwxr-x   2 travis travis   4096 Jul 11 02:11 RepeatVariables
-rw-rw-r--   1 travis travis    863 Jul 11 02:11 Repeat$_varinit_Repeat.class
-rw-rw-r--   1 travis travis    531 Jul 11 02:11 Repeat$_varinit_Repeat$__v_sL_2.class
-rw-rw-r--   1 travis travis    905 Jul 11 02:11 Repeat$_varinit_Repeat$__v_sL_4.class
-rw-rw-r--   1 travis travis    959 Jul 11 02:11 Repeat$_wrapup_Repeat$__w_sL_1.class
drwxrwxr-x   3 travis travis  20480 Jul 11 02:06 Sinewave
drwxrwxr-x   3 travis travis  32768 Jul 11 02:08 StringFunction
drwxrwxr-x   3 travis travis  12288 Jul 11 02:08 StringLength
drwxrwxr-x   3 travis travis  61440 Jul 11 02:09 StringMatches2
drwxrwxr-x   3 travis travis  61440 Jul 11 02:09 StringSimpleReplace
drwxrwxr-x   3 travis travis  65536 Jul 11 02:09 StringSubstring
drwxrwxr-x   3 travis travis  24576 Jul 11 02:09 StringSubstring2
drwxrwxr-x   3 travis travis  16384 Jul 11 02:10 time1
drwxrwxr-x   3 travis travis  12288 Jul 11 02:10 time5
-rwxrwxr-x   1 travis travis 466992 Jul 11 02:03 top
-rw-rw-r--   1 travis travis  20502 Jul 11 02:03 top.c
-rw-rw-r--   1 travis travis   3799 Jul 11 02:11 top.class
-rw-rw-r--   1 travis travis   1257 Jul 11 02:11 top.mk
All Done
Writing ModularCodeGenTest_A1.java in file:/home/travis/cg/ (9968 characters)
Reading "ptolemy/cg/kernel/generic/program/procedural/java/modular/makefile.in",
    writing "/home/travis/cg/ModularCodeGenTest_A1.mk"
Using ptolemy/cg/kernel/generic/program/procedural/java/modular/makefile.in
In "/home/travis/cg", about to execute:
    make -f ModularCodeGenTest_A1.mk
javac -classpath ".:.."    ModularCodeGenTest_A1.java
All Done
3412 ms. Memory: 160768K Free: 82422K (51%)
07/11/19 02:11:27
Failed: 0  Total Tests: 3  ((Passed: 3, Newly Passed: 0)  Known Failed: 0) /home/travis/build/icyphy/ptII/ptolemy/cg/lib/test
No auto/knownFailedTests/*.xml tests in /home/travis/build/icyphy/ptII/ptolemy/cg/lib/test
No auto/linux-amd64/*.xml tests in /home/travis/build/icyphy/ptII/ptolemy/cg/lib/test
AutoTests.java: About to close Vertx.
AutoTests.java: Vertx closed.

===========================================================================================
----------------- testing Thu Jul 11 02:11:27 UTC 2019 /home/travis/build/icyphy/ptII/ptolemy/cg/lib/test/auto/CompiledCompositeActor.xml
----------------- Instantiating /home/travis/build/icyphy/ptII/ptolemy/cg/lib/test/auto/CompiledCompositeActor.xml
CompiledCompositeActor: Building shared object: The sharedObjectFile has a modification time that is earlier than the modelFile modification time.
Writing CompiledCompositeActor_CompiledCompositeActor.java in file:/home/travis/cg/ (13466 characters)
Reading "ptolemy/cg/kernel/generic/program/procedural/java/makefile.in",
    writing "/home/travis/cg/CompiledCompositeActor_CompiledCompositeActor.mk"
Using ptolemy/cg/kernel/generic/program/procedural/java/makefile.in
In "/home/travis/cg", about to execute:
    make -f CompiledCompositeActor_CompiledCompositeActor.mk
javac -classpath ".:."    CompiledCompositeActor_CompiledCompositeActor.java
All Done
1345 ms. Memory: 193536K Free: 147270K (76%)
----------------- Invoking toplevel() on ptolemy.moml.MoMLSimpleApplication@58fb01f3
----------------- Done invoking toplevel() on ptolemy.moml.MoMLSimpleApplication@58fb01f3
reloadAllAccessors: .CompiledCompositeActor

===========================================================================================
----------------- testing Thu Jul 11 02:11:29 UTC 2019 /home/travis/build/icyphy/ptII/ptolemy/cg/lib/test/auto/DECGClockRamp.xml
----------------- Instantiating /home/travis/build/icyphy/ptII/ptolemy/cg/lib/test/auto/DECGClockRamp.xml
21 ms. Memory: 193536K Free: 142190K (73%)
----------------- Invoking toplevel() on ptolemy.moml.MoMLSimpleApplication@3aefdf23
----------------- Done invoking toplevel() on ptolemy.moml.MoMLSimpleApplication@3aefdf23
reloadAllAccessors: .DECGClockRamp

===========================================================================================
----------------- testing Thu Jul 11 02:11:29 UTC 2019 /home/travis/build/icyphy/ptII/ptolemy/cg/lib/test/auto/DECGDelay.xml
----------------- Instantiating /home/travis/build/icyphy/ptII/ptolemy/cg/lib/test/auto/DECGDelay.xml
15 ms. Memory: 193536K Free: 135036K (70%)
----------------- Invoking toplevel() on ptolemy.moml.MoMLSimpleApplication@2e17d08a
----------------- Done invoking toplevel() on ptolemy.moml.MoMLSimpleApplication@2e17d08a
reloadAllAccessors: .DECGDelay

===========================================================================================
----------------- testing Thu Jul 11 02:11:29 UTC 2019 /home/travis/build/icyphy/ptII/ptolemy/cg/lib/test/auto/DECGHelloWorld.xml
----------------- Instantiating /home/travis/build/icyphy/ptII/ptolemy/cg/lib/test/auto/DECGHelloWorld.xml
4 ms. Memory: 193536K Free: 131454K (68%)
----------------- Invoking toplevel() on ptolemy.moml.MoMLSimpleApplication@110392c0
----------------- Done invoking toplevel() on ptolemy.moml.MoMLSimpleApplication@110392c0
reloadAllAccessors: .DECGHelloWorld

===========================================================================================
----------------- testing Thu Jul 11 02:11:29 UTC 2019 /home/travis/build/icyphy/ptII/ptolemy/cg/lib/test/auto/DECGHeterogeneous.xml
----------------- Instantiating /home/travis/build/icyphy/ptII/ptolemy/cg/lib/test/auto/DECGHeterogeneous.xml
35 ms. Memory: 193536K Free: 118142K (61%)
----------------- Invoking toplevel() on ptolemy.moml.MoMLSimpleApplication@66e433b4
----------------- Done invoking toplevel() on ptolemy.moml.MoMLSimpleApplication@66e433b4
reloadAllAccessors: .DECGHeterogeneous

===========================================================================================
----------------- testing Thu Jul 11 02:11:29 UTC 2019 /home/travis/build/icyphy/ptII/ptolemy/cg/lib/test/auto/DECGHeterogeneousMk2.xml
----------------- Instantiating /home/travis/build/icyphy/ptII/ptolemy/cg/lib/test/auto/DECGHeterogeneousMk2.xml
46 ms. Memory: 193536K Free: 103806K (54%)
----------------- Invoking toplevel() on ptolemy.moml.MoMLSimpleApplication@1d896c93
----------------- Done invoking toplevel() on ptolemy.moml.MoMLSimpleApplication@1d896c93
reloadAllAccessors: .DECGHeterogeneousMk2

===========================================================================================
----------------- testing Thu Jul 11 02:11:29 UTC 2019 /home/travis/build/icyphy/ptII/ptolemy/cg/lib/test/auto/DECGMath.xml
----------------- Instantiating /home/travis/build/icyphy/ptII/ptolemy/cg/lib/test/auto/DECGMath.xml
9 ms. Memory: 193536K Free: 97134K (50%)
----------------- Invoking toplevel() on ptolemy.moml.MoMLSimpleApplication@10fb773e
----------------- Done invoking toplevel() on ptolemy.moml.MoMLSimpleApplication@10fb773e
reloadAllAccessors: .DECGMath

===========================================================================================
----------------- testing Thu Jul 11 02:11:29 UTC 2019 /home/travis/build/icyphy/ptII/ptolemy/cg/lib/test/auto/DECGPi.xml
----------------- Instantiating /home/travis/build/icyphy/ptII/ptolemy/cg/lib/test/auto/DECGPi.xml
75 ms. Memory: 193536K Free: 85374K (44%)
----------------- Invoking toplevel() on ptolemy.moml.MoMLSimpleApplication@44490ea2
----------------- Done invoking toplevel() on ptolemy.moml.MoMLSimpleApplication@44490ea2
reloadAllAccessors: .DECGPi

===========================================================================================
----------------- testing Thu Jul 11 02:11:29 UTC 2019 /home/travis/build/icyphy/ptII/ptolemy/cg/lib/test/auto/DECGPiSquare.xml
----------------- Instantiating /home/travis/build/icyphy/ptII/ptolemy/cg/lib/test/auto/DECGPiSquare.xml
104 ms. Memory: 193536K Free: 72062K (37%)
----------------- Invoking toplevel() on ptolemy.moml.MoMLSimpleApplication@9f364e6
----------------- Done invoking toplevel() on ptolemy.moml.MoMLSimpleApplication@9f364e6
reloadAllAccessors: .DECGPiSquare

===========================================================================================
----------------- testing Thu Jul 11 02:11:29 UTC 2019 /home/travis/build/icyphy/ptII/ptolemy/cg/lib/test/auto/DECGPoisson.xml
----------------- Instantiating /home/travis/build/icyphy/ptII/ptolemy/cg/lib/test/auto/DECGPoisson.xml
3 ms. Memory: 193536K Free: 67966K (35%)
----------------- Invoking toplevel() on ptolemy.moml.MoMLSimpleApplication@48f32f72
----------------- Done invoking toplevel() on ptolemy.moml.MoMLSimpleApplication@48f32f72
reloadAllAccessors: .DECGPoisson

===========================================================================================
----------------- testing Thu Jul 11 02:11:30 UTC 2019 /home/travis/build/icyphy/ptII/ptolemy/cg/lib/test/auto/JavaCompiledCompositeActor5.xml
----------------- Instantiating /home/travis/build/icyphy/ptII/ptolemy/cg/lib/test/auto/JavaCompiledCompositeActor5.xml
CompiledCompositeActor: Building shared object: No effigy.  This can happen when CodeGenerator.generateCode() is called from within the test suite.  The code will be recompiled.
Writing CompiledCompositeActor_CompiledCompositeActor.java in file:/home/travis/cg/ (13466 characters)
Reading "ptolemy/cg/kernel/generic/program/procedural/java/makefile.in",
    writing "/home/travis/cg/CompiledCompositeActor_CompiledCompositeActor.mk"
Using ptolemy/cg/kernel/generic/program/procedural/java/makefile.in
In "/home/travis/cg", about to execute:
    make -f CompiledCompositeActor_CompiledCompositeActor.mk
javac -classpath ".:."    CompiledCompositeActor_CompiledCompositeActor.java
All Done
1272 ms. Memory: 193536K Free: 153388K (79%)
----------------- Invoking toplevel() on ptolemy.moml.MoMLSimpleApplication@1e0e175d
----------------- Done invoking toplevel() on ptolemy.moml.MoMLSimpleApplication@1e0e175d
reloadAllAccessors: .CompiledCompositeActor

===========================================================================================
----------------- testing Thu Jul 11 02:11:31 UTC 2019 /home/travis/build/icyphy/ptII/ptolemy/cg/lib/test/auto/JavaCompiledCompositeTest1.xml
----------------- Instantiating /home/travis/build/icyphy/ptII/ptolemy/cg/lib/test/auto/JavaCompiledCompositeTest1.xml
CompiledCompositeActor: Building shared object: The sharedObjectFile has a modification time that is earlier than the modelFile modification time.
Writing JavaCompiledCompositeTest1_CompiledCompositeActor.java in file:/home/travis/cg/ (11637 characters)
Reading "ptolemy/cg/kernel/generic/program/procedural/java/makefile.in",
    writing "/home/travis/cg/JavaCompiledCompositeTest1_CompiledCompositeActor.mk"
Using ptolemy/cg/kernel/generic/program/procedural/java/makefile.in
In "/home/travis/cg", about to execute:
    make -f JavaCompiledCompositeTest1_CompiledCompositeActor.mk
javac -classpath ".:."    JavaCompiledCompositeTest1_CompiledCompositeActor.java
All Done
1298 ms. Memory: 193536K Free: 135505K (70%)
----------------- Invoking toplevel() on ptolemy.moml.MoMLSimpleApplication@309999f6
----------------- Done invoking toplevel() on ptolemy.moml.MoMLSimpleApplication@309999f6
reloadAllAccessors: .JavaCompiledCompositeTest1

===========================================================================================
----------------- testing Thu Jul 11 02:11:32 UTC 2019 /home/travis/build/icyphy/ptII/ptolemy/cg/lib/test/auto/JavaCompiledCompositeTest2.xml
----------------- Instantiating /home/travis/build/icyphy/ptII/ptolemy/cg/lib/test/auto/JavaCompiledCompositeTest2.xml
CompiledCompositeActor: Building shared object: The sharedObjectFile has a modification time that is earlier than the modelFile modification time.
Writing JavaCompiledCompositeTest2_CompiledCompositeActor.java in file:/home/travis/cg/ (14919 characters)
Reading "ptolemy/cg/kernel/generic/program/procedural/java/makefile.in",
    writing "/home/travis/cg/JavaCompiledCompositeTest2_CompiledCompositeActor.mk"
Using ptolemy/cg/kernel/generic/program/procedural/java/makefile.in
In "/home/travis/cg", about to execute:
    make -f JavaCompiledCompositeTest2_CompiledCompositeActor.mk
javac -classpath ".:."    JavaCompiledCompositeTest2_CompiledCompositeActor.java
All Done
1197 ms. Memory: 193536K Free: 111953K (58%)
----------------- Invoking toplevel() on ptolemy.moml.MoMLSimpleApplication@69c801
----------------- Done invoking toplevel() on ptolemy.moml.MoMLSimpleApplication@69c801
reloadAllAccessors: .JavaCompiledCompositeTest2

===========================================================================================
----------------- testing Thu Jul 11 02:11:33 UTC 2019 /home/travis/build/icyphy/ptII/ptolemy/cg/lib/test/auto/JavaCompiledCompositeTest3.xml
----------------- Instantiating /home/travis/build/icyphy/ptII/ptolemy/cg/lib/test/auto/JavaCompiledCompositeTest3.xml
CompiledCompositeActor: Building shared object: The sharedObjectFile has a modification time that is earlier than the modelFile modification time.
Writing JavaCompiledCompositeTest3_CompiledCompositeActor.java in file:/home/travis/cg/ (13080 characters)
Reading "ptolemy/cg/kernel/generic/program/procedural/java/makefile.in",
    writing "/home/travis/cg/JavaCompiledCompositeTest3_CompiledCompositeActor.mk"
Using ptolemy/cg/kernel/generic/program/procedural/java/makefile.in
In "/home/travis/cg", about to execute:
    make -f JavaCompiledCompositeTest3_CompiledCompositeActor.mk
javac -classpath ".:."    JavaCompiledCompositeTest3_CompiledCompositeActor.java
All Done
1479 ms. Memory: 193536K Free: 92497K (48%)
----------------- Invoking toplevel() on ptolemy.moml.MoMLSimpleApplication@41847f3f
----------------- Done invoking toplevel() on ptolemy.moml.MoMLSimpleApplication@41847f3f
reloadAllAccessors: .JavaCompiledCompositeTest3

===========================================================================================
----------------- testing Thu Jul 11 02:11:35 UTC 2019 /home/travis/build/icyphy/ptII/ptolemy/cg/lib/test/auto/JavaCompiledCompositeTest4.xml
----------------- Instantiating /home/travis/build/icyphy/ptII/ptolemy/cg/lib/test/auto/JavaCompiledCompositeTest4.xml
CompiledCompositeActor: Building shared object: The sharedObjectFile has a modification time that is earlier than the modelFile modification time.
Writing JavaCompiledCompositeTest4_CompiledCompositeActor.java in file:/home/travis/cg/ (9687 characters)
Reading "ptolemy/cg/kernel/generic/program/procedural/java/makefile.in",
    writing "/home/travis/cg/JavaCompiledCompositeTest4_CompiledCompositeActor.mk"
Using ptolemy/cg/kernel/generic/program/procedural/java/makefile.in
In "/home/travis/cg", about to execute:
    make -f JavaCompiledCompositeTest4_CompiledCompositeActor.mk
javac -classpath ".:."    JavaCompiledCompositeTest4_CompiledCompositeActor.java
All Done
1251 ms. Memory: 193536K Free: 76623K (40%)
----------------- Invoking toplevel() on ptolemy.moml.MoMLSimpleApplication@c587485
----------------- Done invoking toplevel() on ptolemy.moml.MoMLSimpleApplication@c587485
reloadAllAccessors: .JavaCompiledCompositeTest4

===========================================================================================
----------------- testing Thu Jul 11 02:11:36 UTC 2019 /home/travis/build/icyphy/ptII/ptolemy/cg/lib/test/auto/ModularCG.xml
----------------- Instantiating /home/travis/build/icyphy/ptII/ptolemy/cg/lib/test/auto/ModularCG.xml
In "/home/travis/cg", about to execute:
    pwd
In "/home/travis/cg", about to execute:
    ls -l
/home/travis/cg
In "/home/travis/cg", about to execute:
    javac -classpath
.:/home/travis/build/icyphy/ptII:/home/travis/build/icyphy/ptII/lib/bsh-2.0b4.j
ar:/home/travis/build/icyphy/ptII/lib/ptCal.jar:/home/travis/build/icyphy/ptII/
lib/java_cup.jar:/home/travis/build/icyphy/ptII/lib/saxon8.jar:/home/travis/bui
ld/icyphy/ptII/lib/saxon8-dom.jar:/home/travis/build/icyphy/ptII/lib/chic.jar:/
home/travis/build/icyphy/ptII/lib/ptcolt.jar:/home/travis/build/icyphy/ptII/ven
dors/misc/itext/iText.jar:/home/travis/build/icyphy/ptII/lib/g4ltl.jar:/home/tr
avis/build/icyphy/ptII/lib/StructuralCoder.jar:/home/travis/build/icyphy/ptII/v
endors/jai-1_1_2_01/lib/jai_core.jar:/home/travis/build/icyphy/ptII/vendors/jai
-1_1_2_01/lib/jai_codec.jar:/home/travis/build/icyphy/ptII/lib/jcerti.jar:/home
/travis/build/icyphy/ptII/lib/javax.mail.jar:/usr/share/java/openjfx/jre/lib/ex
t/jfxrt.jar:/usr/lib/jvm/java-8-openjdk-amd64/jre/lib/ext/jfxrt.jar:/home/travi
s/build/icyphy/ptII/vendors/JMF-2.1.1e/lib/jmf.jar:/home/travis/build/icyphy/pt
II/lib/jna-4.0.0-variadic.jar:/home/travis/build/icyphy/ptII/vendors/misc/joyst
ick/Joystick.jar:/home/travis/build/icyphy/ptII/lib/ptjacl.jar:/home/travis/bui
ld/icyphy/ptII/lib/jsoup-1.8.2.jar:/home/travis/build/icyphy/ptII/lib/junit-4.8
.2.jar:/home/travis/build/icyphy/ptII/lib/JUnitParams-0.4.0.jar:/home/travis/bu
ild/icyphy/ptII/ptolemy/actor/lib/excel/jxl.jar:/home/travis/build/icyphy/ptII/
lib/jython.jar:/home/travis/build/icyphy/ptII/lib/kieler.jar:/home/travis/build
/icyphy/ptII/lib/opencv-341.jar:/home/travis/build/icyphy/ptII/lib/oscP5.jar:/h
ome/travis/build/icyphy/ptII/lib/nrjavaserial-3.11.0.devel.jar:/home/travis/bui
ld/icyphy/ptII/vendors/j3d/lib/j3dcore.jar:/home/travis/build/icyphy/ptII/vendo
rs/j3d/lib/j3dutils.jar:/home/travis/build/icyphy/ptII/vendors/j3d/lib/vecmath.
jar:/home/travis/build/icyphy/ptII/ptolemy/distributed/jini/jar/jini-core.jar:/
home/travis/build/icyphy/ptII/ptolemy/distributed/jini/jar/jini-ext.jar:/home/t
ravis/build/icyphy/ptII/ptolemy/distributed/jini/jar/sun-util.jar:/home/travis/
build/icyphy/ptII/lib/protobuf-java-2.4.1.jar:/home/travis/build/icyphy/ptII/li
b/org.eclipse.paho.client.mqttv3.jar:/home/travis/build/icyphy/ptII/lib/mapss.j
ar:/home/travis/build/icyphy/ptII/ptolemy/actor/ptalon/antlr/antlr.jar:/home/tr
avis/build/icyphy/ptII/lib/JRI.jar:/home/travis/build/icyphy/ptII/lib/commons-l
ang-2.6.jar:/home/travis/build/icyphy/ptII/lib/commons-logging-1.1.1.jar:/home/
travis/build/icyphy/ptII/lib/sootclasses.jar:/home/travis/build/icyphy/ptII/pto
lemy/actor/lib/database/mysql-connector-java-5.1.6-bin.jar:/home/travis/build/i
cyphy/ptII/vendors/misc/sphinx4/sphinx4-data-5prealpha.jar:/home/travis/build/i
cyphy/ptII/vendors/misc/sphinx4/sphinx4-core-5prealpha.jar:/home/travis/build/i
cyphy/ptII/lib/PDFRenderer.jar:/home/travis/build/icyphy/ptII/lib/svgSalamander
.jar:/home/travis/build/icyphy/ptII/lib/rsyntaxtextarea-2.6.0-SNAPSHOT.jar:/hom
e/travis/build/icyphy/ptII/lib/hazelcast-3.8.2.jar:/home/travis/build/icyphy/pt
II/lib/jackson-annotations-2.9.0.jar:/home/travis/build/icyphy/ptII/lib/jackson
-core-2.9.3.jar:/home/travis/build/icyphy/ptII/lib/jackson-databind-2.9.3.jar:/
home/travis/build/icyphy/ptII/lib/netty-buffer-4.1.19.Final.jar:/home/travis/bu
ild/icyphy/ptII/lib/netty-codec-4.1.19.Final.jar:/home/travis/build/icyphy/ptII
/lib/netty-codec-dns-4.1.19.Final.jar:/home/travis/build/icyphy/ptII/lib/netty-
codec-http-4.1.19.Final.jar:/home/travis/build/icyphy/ptII/lib/netty-codec-http
2-4.1.19.Final.jar:/home/travis/build/icyphy/ptII/lib/netty-common-4.1.19.Final
.jar:/home/travis/build/icyphy/ptII/lib/netty-handler-4.1.19.Final.jar:/home/tr
avis/build/icyphy/ptII/lib/netty-resolver-4.1.19.Final.jar:/home/travis/build/i
cyphy/ptII/lib/netty-resolver-dns-4.1.19.Final.jar:/home/travis/build/icyphy/pt
II/lib/netty-transport-4.1.19.Final.jar:/home/travis/build/icyphy/ptII/lib/vert
x-codegen-3.5.1.jar:/home/travis/build/icyphy/ptII/lib/vertx-core-3.5.2-SNAPSHO
T.jar:/home/travis/build/icyphy/ptII/lib/vertx-hazelcast-3.5.1.jar:/home/travis
/build/icyphy/ptII/lib/vertx-lang-js-3.5.1.jar:/home/travis/build/icyphy/ptII/l
ib/vertx-service-proxy-3.5.1.jar:/home/travis/build/icyphy/ptII/lib/vertx-web-3
.5.1.jar:/home/travis/build/icyphy/ptII/lib/slf4j-api-1.7.13.jar:/home/travis/b
uild/icyphy/ptII/lib/slf4j-simple-1.7.13.jar:/home/travis/build/icyphy/ptII/lib
/webcam-capture-0.3.12.jar:/home/travis/build/icyphy/ptII/lib/bridj-0.7.0.jar:/
home/travis/build/icyphy/ptII/lib/xbjlib-1.1.0.nrjavaserial.jar:/home/travis/bu
ild/icyphy/ptII/ptolemy/moml/test:/home/travis/build/icyphy/ptII/ant/lib/ant-la
uncher.jar:/home/travis/build/icyphy/ptII/ant/lib/ant.jar:/home/travis/build/ic
yphy/ptII/ant/lib/ant-junit.jar:/home/travis/build/icyphy/ptII/ant/lib/ant-juni
t4.jar:/home/travis/build/icyphy/ptII ModularCG_A1_B1_profile.java
total 1392
drwxrwxr-x   3 travis travis  12288 Jul 11 02:04 AbsoluteValue
drwxrwxr-x   3 travis travis 102400 Jul 11 02:03 AllColt
drwxrwxr-x   3 travis travis  12288 Jul 11 02:04 Case1
-rw-rw-r--   1 travis travis   5104 Jul 11 02:11 CompiledCompositeActor_CompiledCompositeActor.class
-rw-rw-r--   1 travis travis   1592 Jul 11 02:11 CompiledCompositeActor_CompiledCompositeActor$_CompiledCompositeActor_CompiledCompositeActor.class
-rw-rw-r--   1 travis travis  13466 Jul 11 02:11 CompiledCompositeActor_CompiledCompositeActor.java
-rw-rw-r--   1 travis travis   1593 Jul 11 02:11 CompiledCompositeActor_CompiledCompositeActor.mk
drwxrwxr-x   5 travis travis   4096 Jul 11 02:03 fmi
drwxrwxr-x   3 travis travis  16384 Jul 11 02:05 Gaussian2
-rw-rw-r--   1 travis travis   4660 Jul 11 02:11 JavaCompiledCompositeTest1_CompiledCompositeActor.class
-rw-rw-r--   1 travis travis  11637 Jul 11 02:11 JavaCompiledCompositeTest1_CompiledCompositeActor.java
-rw-rw-r--   1 travis travis   1198 Jul 11 02:11 JavaCompiledCompositeTest1_CompiledCompositeActor$_JavaCompiledCompositeTest1_CompiledCompositeActor.class
-rw-rw-r--   1 travis travis   1625 Jul 11 02:11 JavaCompiledCompositeTest1_CompiledCompositeActor.mk
-rw-rw-r--   1 travis travis   5091 Jul 11 02:11 JavaCompiledCompositeTest2_CompiledCompositeActor.class
-rw-rw-r--   1 travis travis  14919 Jul 11 02:11 JavaCompiledCompositeTest2_CompiledCompositeActor.java
-rw-rw-r--   1 travis travis   1793 Jul 11 02:11 JavaCompiledCompositeTest2_CompiledCompositeActor$_JavaCompiledCompositeTest2_CompiledCompositeActor.class
-rw-rw-r--   1 travis travis   1625 Jul 11 02:11 JavaCompiledCompositeTest2_CompiledCompositeActor.mk
-rw-rw-r--   1 travis travis   4708 Jul 11 02:11 JavaCompiledCompositeTest3_CompiledCompositeActor.class
-rw-rw-r--   1 travis travis  13080 Jul 11 02:11 JavaCompiledCompositeTest3_CompiledCompositeActor.java
-rw-rw-r--   1 travis travis   1378 Jul 11 02:11 JavaCompiledCompositeTest3_CompiledCompositeActor$_JavaCompiledCompositeTest3_CompiledCompositeActor.class
-rw-rw-r--   1 travis travis   1625 Jul 11 02:11 JavaCompiledCompositeTest3_CompiledCompositeActor.mk
-rw-rw-r--   1 travis travis   4159 Jul 11 02:11 JavaCompiledCompositeTest4_CompiledCompositeActor.class
-rw-rw-r--   1 travis travis   9687 Jul 11 02:11 JavaCompiledCompositeTest4_CompiledCompositeActor.java
-rw-rw-r--   1 travis travis    857 Jul 11 02:11 JavaCompiledCompositeTest4_CompiledCompositeActor$_JavaCompiledCompositeTest4_CompiledCompositeActor.class
-rw-rw-r--   1 travis travis   1625 Jul 11 02:11 JavaCompiledCompositeTest4_CompiledCompositeActor.mk
drwxrwxr-x   3 travis travis  12288 Jul 11 02:05 LookupTable
drwxrwxr-x   3 travis travis  20480 Jul 11 02:05 MaxIndex
-rw-rw-r--   1 travis travis   1262 Jul 11 02:11 ModularCG_A1_B1_profile.java
-rw-rw-r--   1 travis travis   3724 Jul 11 02:11 ModularCodeGenTest_A1_A2.class
-rw-rw-r--   1 travis travis   9164 Jul 11 02:11 ModularCodeGenTest_A1_A2.java
-rw-rw-r--   1 travis travis   1306 Jul 11 02:11 ModularCodeGenTest_A1_A2_profile.class
-rw-rw-r--   1 travis travis   4055 Jul 11 02:11 ModularCodeGenTest_A1.class
-rw-rw-r--   1 travis travis   9968 Jul 11 02:11 ModularCodeGenTest_A1.java
-rw-rw-r--   1 travis travis    880 Jul 11 02:11 ModularCodeGenTest_A1.mk
-rw-rw-r--   1 travis travis   1352 Jul 11 02:11 ModularCodeGenTest_A1_profile.class
-rw-rw-r--   1 travis travis   1394 Jul 11 02:11 ModularCodeGenTest_A1_profile.java
drwxrwxr-x   3 travis travis  32768 Jul 11 02:10 modulation2
drwxrwxr-x 139 travis travis  12288 Jul 11 02:11 node_modules
drwxrwxr-x   3 travis travis  20480 Jul 11 02:06 PhaseUnwrap
drwxrwxr-x   3 travis travis  12288 Jul 11 02:06 ReadFile1
-rw-rw-r--   1 travis travis     11 Jul 11 02:06 ReadFile1Output.txt
-rw-rw-r--   1 travis travis   9615 Jul 11 02:11 Repeat.class
-rw-rw-r--   1 travis travis    666 Jul 11 02:11 Repeat$_fireFunction_Repeat_Repeat$__f_sL_11.class
-rw-rw-r--   1 travis travis    522 Jul 11 02:11 Repeat$_fireFunction_Repeat_Repeat$__f_sL_12.class
-rw-rw-r--   1 travis travis    522 Jul 11 02:11 Repeat$_fireFunction_Repeat_Repeat$__f_sL_13.class
-rw-rw-r--   1 travis travis    522 Jul 11 02:11 Repeat$_fireFunction_Repeat_Repeat$__f_sL_14.class
-rw-rw-r--   1 travis travis    665 Jul 11 02:11 Repeat$_fireFunction_Repeat_Repeat$__f_sL_1.class
-rw-rw-r--   1 travis travis    664 Jul 11 02:11 Repeat$_fireFunction_Repeat_Repeat$__f_sL_4.class
-rw-rw-r--   1 travis travis    520 Jul 11 02:11 Repeat$_fireFunction_Repeat_Repeat$__f_sL_9.class
-rw-rw-r--   1 travis travis    475 Jul 11 02:11 Repeat$_initialize_Repeat$__i_sL_2.class
-rw-rw-r--   1 travis travis   1281 Jul 11 02:10 Repeat.mk
-rw-rw-r--   1 travis travis    520 Jul 11 02:11 Repeat$_preinitializeMethod_Repeat$__p_sL_0.class
-rw-rw-r--   1 travis travis   1083 Jul 11 02:11 Repeat$_Repeat$_fireFunction_Repeat_AddSubtract_Repeat.class
-rw-rw-r--   1 travis travis    791 Jul 11 02:11 Repeat$_Repeat$_fireFunction_Repeat_AddSubtract_Repeat$__f_sL_0.class
-rw-rw-r--   1 travis travis    909 Jul 11 02:11 Repeat$_Repeat$_fireFunction_Repeat_AddSubtract_Repeat$__f_sL_1.class
-rw-rw-r--   1 travis travis    915 Jul 11 02:11 Repeat$_Repeat$_fireFunction_Repeat_AddSubtract_Repeat$__f_sL_2.class
-rw-rw-r--   1 travis travis    843 Jul 11 02:11 Repeat$_Repeat$_fireFunction_Repeat_AddSubtract_Repeat$__f_sL_3.class
-rw-rw-r--   1 travis travis    738 Jul 11 02:11 Repeat$_Repeat$_fireFunction_Repeat_Ramp2_Repeat$__f_sL_0.class
-rw-rw-r--   1 travis travis    869 Jul 11 02:11 Repeat$_Repeat$_fireFunction_Repeat_Test_Repeat$__f_sL_0.class
-rw-rw-r--   1 travis travis    615 Jul 11 02:11 Repeat$_Repeat$_fireFunction_Repeat_Test_Repeat$__f_sL_1.class
-rw-rw-r--   1 travis travis    685 Jul 11 02:11 Repeat$_Repeat_SDF_Director_run_Repeat$__R_sL_0.class
-rw-rw-r--   1 travis travis    686 Jul 11 02:11 Repeat$_Repeat_SDF_Director_run_Repeat$__R_sL_11.class
-rw-rw-r--   1 travis travis    542 Jul 11 02:11 Repeat$_Repeat_SDF_Director_run_Repeat$__R_sL_13.class
-rw-rw-r--   1 travis travis    540 Jul 11 02:11 Repeat$_Repeat_SDF_Director_run_Repeat$__R_sL_2.class
-rw-rw-r--   1 travis travis    684 Jul 11 02:11 Repeat$_Repeat_SDF_Director_run_Repeat$__R_sL_3.class
-rw-rw-r--   1 travis travis    540 Jul 11 02:11 Repeat$_Repeat_SDF_Director_run_Repeat$__R_sL_5.class
-rw-rw-r--   1 travis travis    540 Jul 11 02:11 Repeat$_Repeat_SDF_Director_run_Repeat$__R_sL_8.class
drwxrwxr-x   2 travis travis   4096 Jul 11 02:11 RepeatVariables
-rw-rw-r--   1 travis travis    863 Jul 11 02:11 Repeat$_varinit_Repeat.class
-rw-rw-r--   1 travis travis    531 Jul 11 02:11 Repeat$_varinit_Repeat$__v_sL_2.class
-rw-rw-r--   1 travis travis    905 Jul 11 02:11 Repeat$_varinit_Repeat$__v_sL_4.class
-rw-rw-r--   1 travis travis    959 Jul 11 02:11 Repeat$_wrapup_Repeat$__w_sL_1.class
drwxrwxr-x   3 travis travis  20480 Jul 11 02:06 Sinewave
drwxrwxr-x   3 travis travis  32768 Jul 11 02:08 StringFunction
drwxrwxr-x   3 travis travis  12288 Jul 11 02:08 StringLength
drwxrwxr-x   3 travis travis  61440 Jul 11 02:09 StringMatches2
drwxrwxr-x   3 travis travis  61440 Jul 11 02:09 StringSimpleReplace
drwxrwxr-x   3 travis travis  65536 Jul 11 02:09 StringSubstring
drwxrwxr-x   3 travis travis  24576 Jul 11 02:09 StringSubstring2
drwxrwxr-x   3 travis travis  16384 Jul 11 02:10 time1
drwxrwxr-x   3 travis travis  12288 Jul 11 02:10 time5
-rw-rw-r--   1 travis travis    432 Jul 11 02:11 Token.class
-rw-rw-r--   1 travis travis    251 Jul 11 02:11 Token.java
-rwxrwxr-x   1 travis travis 466992 Jul 11 02:03 top
-rw-rw-r--   1 travis travis  20502 Jul 11 02:03 top.c
-rw-rw-r--   1 travis travis   3799 Jul 11 02:11 top.class
-rw-rw-r--   1 travis travis   1257 Jul 11 02:11 top.mk
All Done
Writing ModularCG_A1_B1.java in file:/home/travis/cg/ (9730 characters)
Reading "ptolemy/cg/kernel/generic/program/procedural/java/modular/makefile.in",
    writing "/home/travis/cg/ModularCG_A1_B1.mk"
Using ptolemy/cg/kernel/generic/program/procedural/java/modular/makefile.in
In "/home/travis/cg", about to execute:
    make -f ModularCG_A1_B1.mk
javac -classpath ".:.."    ModularCG_A1_B1.java
All Done
In "/home/travis/cg", about to execute:
    pwd
/home/travis/cg
In "/home/travis/cg", about to execute:
    ls -l
total 1420
drwxrwxr-x   3 travis travis  12288 Jul 11 02:04 AbsoluteValue
drwxrwxr-x   3 travis travis 102400 Jul 11 02:03 AllColt
drwxrwxr-x   3 travis travis  12288 Jul 11 02:04 Case1
-rw-rw-r--   1 travis travis   5104 Jul 11 02:11 CompiledCompositeActor_CompiledCompositeActor.class
-rw-rw-r--   1 travis travis   1592 Jul 11 02:11 CompiledCompositeActor_CompiledCompositeActor$_CompiledCompositeActor_CompiledCompositeActor.class
-rw-rw-r--   1 travis travis  13466 Jul 11 02:11 CompiledCompositeActor_CompiledCompositeActor.java
-rw-rw-r--   1 travis travis   1593 Jul 11 02:11 CompiledCompositeActor_CompiledCompositeActor.mk
drwxrwxr-x   5 travis travis   4096 Jul 11 02:03 fmi
drwxrwxr-x   3 travis travis  16384 Jul 11 02:05 Gaussian2
-rw-rw-r--   1 travis travis   4660 Jul 11 02:11 JavaCompiledCompositeTest1_CompiledCompositeActor.class
-rw-rw-r--   1 travis travis  11637 Jul 11 02:11 JavaCompiledCompositeTest1_CompiledCompositeActor.java
-rw-rw-r--   1 travis travis   1198 Jul 11 02:11 JavaCompiledCompositeTest1_CompiledCompositeActor$_JavaCompiledCompositeTest1_CompiledCompositeActor.class
-rw-rw-r--   1 travis travis   1625 Jul 11 02:11 JavaCompiledCompositeTest1_CompiledCompositeActor.mk
-rw-rw-r--   1 travis travis   5091 Jul 11 02:11 JavaCompiledCompositeTest2_CompiledCompositeActor.class
-rw-rw-r--   1 travis travis  14919 Jul 11 02:11 JavaCompiledCompositeTest2_CompiledCompositeActor.java
-rw-rw-r--   1 travis travis   1793 Jul 11 02:11 JavaCompiledCompositeTest2_CompiledCompositeActor$_JavaCompiledCompositeTest2_CompiledCompositeActor.class
-rw-rw-r--   1 travis travis   1625 Jul 11 02:11 JavaCompiledCompositeTest2_CompiledCompositeActor.mk
-rw-rw-r--   1 travis travis   4708 Jul 11 02:11 JavaCompiledCompositeTest3_CompiledCompositeActor.class
-rw-rw-r--   1 travis travis  13080 Jul 11 02:11 JavaCompiledCompositeTest3_CompiledCompositeActor.java
-rw-rw-r--   1 travis travis   1378 Jul 11 02:11 JavaCompiledCompositeTest3_CompiledCompositeActor$_JavaCompiledCompositeTest3_CompiledCompositeActor.class
-rw-rw-r--   1 travis travis   1625 Jul 11 02:11 JavaCompiledCompositeTest3_CompiledCompositeActor.mk
-rw-rw-r--   1 travis travis   4159 Jul 11 02:11 JavaCompiledCompositeTest4_CompiledCompositeActor.class
-rw-rw-r--   1 travis travis   9687 Jul 11 02:11 JavaCompiledCompositeTest4_CompiledCompositeActor.java
-rw-rw-r--   1 travis travis    857 Jul 11 02:11 JavaCompiledCompositeTest4_CompiledCompositeActor$_JavaCompiledCompositeTest4_CompiledCompositeActor.class
-rw-rw-r--   1 travis travis   1625 Jul 11 02:11 JavaCompiledCompositeTest4_CompiledCompositeActor.mk
drwxrwxr-x   3 travis travis  12288 Jul 11 02:05 LookupTable
drwxrwxr-x   3 travis travis  20480 Jul 11 02:05 MaxIndex
-rw-rw-r--   1 travis travis   3925 Jul 11 02:11 ModularCG_A1_B1.class
-rw-rw-r--   1 travis travis   9730 Jul 11 02:11 ModularCG_A1_B1.java
-rw-rw-r--   1 travis travis    832 Jul 11 02:11 ModularCG_A1_B1.mk
-rw-rw-r--   1 travis travis   1318 Jul 11 02:11 ModularCG_A1_B1_profile.class
-rw-rw-r--   1 travis travis   1262 Jul 11 02:11 ModularCG_A1_B1_profile.java
-rw-rw-r--   1 travis travis   1262 Jul 11 02:11 ModularCG_A1_B2_profile.java
-rw-rw-r--   1 travis travis   3724 Jul 11 02:11 ModularCodeGenTest_A1_A2.class
-rw-rw-r--   1 travis travis   9164 Jul 11 02:11 ModularCodeGenTest_A1_A2.java
-rw-rw-r--   1 travis travis   1306 Jul 11 02:11 ModularCodeGenTest_A1_A2_profile.class
-rw-rw-r--   1 travis travis   4055 Jul 11 02:11 ModularCodeGenTest_A1.class
-rw-rw-r--   1 travis travis   9968 Jul 11 02:11 ModularCodeGenTest_A1.java
-rw-rw-r--   1 travis travis    880 Jul 11 02:11 ModularCodeGenTest_A1.mk
-rw-rw-r--   1 travis travis   1352 Jul 11 02:11 ModularCodeGenTest_A1_profile.class
-rw-rw-r--   1 travis travis   1394 Jul 11 02:11 ModularCodeGenTest_A1_profile.java
drwxrwxr-x   3 travis travis  32768 Jul 11 02:10 modulation2
drwxrwxr-x 139 travis travis  12288 Jul 11 02:11 node_modules
drwxrwxr-x   3 travis travis  20480 Jul 11 02:06 PhaseUnwrap
drwxrwxr-x   3 travis travis  12288 Jul 11 02:06 ReadFile1
-rw-rw-r--   1 travis travis     11 Jul 11 02:06 ReadFile1Output.txt
-rw-rw-r--   1 travis travis   9615 Jul 11 02:11 Repeat.class
-rw-rw-r--   1 travis travis    666 Jul 11 02:11 Repeat$_fireFunction_Repeat_Repeat$__f_sL_11.class
-rw-rw-r--   1 travis travis    522 Jul 11 02:11 Repeat$_fireFunction_Repeat_Repeat$__f_sL_12.class
-rw-rw-r--   1 travis travis    522 Jul 11 02:11 Repeat$_fireFunction_Repeat_Repeat$__f_sL_13.class
-rw-rw-r--   1 travis travis    522 Jul 11 02:11 Repeat$_fireFunction_Repeat_Repeat$__f_sL_14.class
-rw-rw-r--   1 travis travis    665 Jul 11 02:11 Repeat$_fireFunction_Repeat_Repeat$__f_sL_1.class
-rw-rw-r--   1 travis travis    664 Jul 11 02:11 Repeat$_fireFunction_Repeat_Repeat$__f_sL_4.class
-rw-rw-r--   1 travis travis    520 Jul 11 02:11 Repeat$_fireFunction_Repeat_Repeat$__f_sL_9.class
-rw-rw-r--   1 travis travis    475 Jul 11 02:11 Repeat$_initialize_Repeat$__i_sL_2.class
-rw-rw-r--   1 travis travis   1281 Jul 11 02:10 Repeat.mk
-rw-rw-r--   1 travis travis    520 Jul 11 02:11 Repeat$_preinitializeMethod_Repeat$__p_sL_0.class
-rw-rw-r--   1 travis travis   1083 Jul 11 02:11 Repeat$_Repeat$_fireFunction_Repeat_AddSubtract_Repeat.class
-rw-rw-r--   1 travis travis    791 Jul 11 02:11 Repeat$_Repeat$_fireFunction_Repeat_AddSubtract_Repeat$__f_sL_0.class
-rw-rw-r--   1 travis travis    909 Jul 11 02:11 Repeat$_Repeat$_fireFunction_Repeat_AddSubtract_Repeat$__f_sL_1.class
-rw-rw-r--   1 travis travis    915 Jul 11 02:11 Repeat$_Repeat$_fireFunction_Repeat_AddSubtract_Repeat$__f_sL_2.class
-rw-rw-r--   1 travis travis    843 Jul 11 02:11 Repeat$_Repeat$_fireFunction_Repeat_AddSubtract_Repeat$__f_sL_3.class
-rw-rw-r--   1 travis travis    738 Jul 11 02:11 Repeat$_Repeat$_fireFunction_Repeat_Ramp2_Repeat$__f_sL_0.class
-rw-rw-r--   1 travis travis    869 Jul 11 02:11 Repeat$_Repeat$_fireFunction_Repeat_Test_Repeat$__f_sL_0.class
-rw-rw-r--   1 travis travis    615 Jul 11 02:11 Repeat$_Repeat$_fireFunction_Repeat_Test_Repeat$__f_sL_1.class
-rw-rw-r--   1 travis travis    685 Jul 11 02:11 Repeat$_Repeat_SDF_Director_run_Repeat$__R_sL_0.class
-rw-rw-r--   1 travis travis    686 Jul 11 02:11 Repeat$_Repeat_SDF_Director_run_Repeat$__R_sL_11.class
-rw-rw-r--   1 travis travis    542 Jul 11 02:11 Repeat$_Repeat_SDF_Director_run_Repeat$__R_sL_13.class
-rw-rw-r--   1 travis travis    540 Jul 11 02:11 Repeat$_Repeat_SDF_Director_run_Repeat$__R_sL_2.class
-rw-rw-r--   1 travis travis    684 Jul 11 02:11 Repeat$_Repeat_SDF_Director_run_Repeat$__R_sL_3.class
-rw-rw-r--   1 travis travis    540 Jul 11 02:11 Repeat$_Repeat_SDF_Director_run_Repeat$__R_sL_5.class
-rw-rw-r--   1 travis travis    540 Jul 11 02:11 Repeat$_Repeat_SDF_Director_run_Repeat$__R_sL_8.class
drwxrwxr-x   2 travis travis   4096 Jul 11 02:11 RepeatVariables
-rw-rw-r--   1 travis travis    863 Jul 11 02:11 Repeat$_varinit_Repeat.class
-rw-rw-r--   1 travis travis    531 Jul 11 02:11 Repeat$_varinit_Repeat$__v_sL_2.class
-rw-rw-r--   1 travis travis    905 Jul 11 02:11 Repeat$_varinit_Repeat$__v_sL_4.class
-rw-rw-r--   1 travis travis    959 Jul 11 02:11 Repeat$_wrapup_Repeat$__w_sL_1.class
drwxrwxr-x   3 travis travis  20480 Jul 11 02:06 Sinewave
drwxrwxr-x   3 travis travis  32768 Jul 11 02:08 StringFunction
drwxrwxr-x   3 travis travis  12288 Jul 11 02:08 StringLength
drwxrwxr-x   3 travis travis  61440 Jul 11 02:09 StringMatches2
drwxrwxr-x   3 travis travis  61440 Jul 11 02:09 StringSimpleReplace
drwxrwxr-x   3 travis travis  65536 Jul 11 02:09 StringSubstring
drwxrwxr-x   3 travis travis  24576 Jul 11 02:09 StringSubstring2
drwxrwxr-x   3 travis travis  16384 Jul 11 02:10 time1
drwxrwxr-x   3 travis travis  12288 Jul 11 02:10 time5
-rw-rw-r--   1 travis travis    432 Jul 11 02:11 Token.class
-rw-rw-r--   1 travis travis    251 Jul 11 02:11 Token.java
-rwxrwxr-x   1 travis travis 466992 Jul 11 02:03 top
-rw-rw-r--   1 travis travis  20502 Jul 11 02:03 top.c
-rw-rw-r--   1 travis travis   3799 Jul 11 02:11 top.class
-rw-rw-r--   1 travis travis   1257 Jul 11 02:11 top.mk
In "/home/travis/cg", about to execute:
    javac -classpath
.:/home/travis/build/icyphy/ptII:/home/travis/build/icyphy/ptII/lib/bsh-2.0b4.j
ar:/home/travis/build/icyphy/ptII/lib/ptCal.jar:/home/travis/build/icyphy/ptII/
lib/java_cup.jar:/home/travis/build/icyphy/ptII/lib/saxon8.jar:/home/travis/bui
ld/icyphy/ptII/lib/saxon8-dom.jar:/home/travis/build/icyphy/ptII/lib/chic.jar:/
home/travis/build/icyphy/ptII/lib/ptcolt.jar:/home/travis/build/icyphy/ptII/ven
dors/misc/itext/iText.jar:/home/travis/build/icyphy/ptII/lib/g4ltl.jar:/home/tr
avis/build/icyphy/ptII/lib/StructuralCoder.jar:/home/travis/build/icyphy/ptII/v
endors/jai-1_1_2_01/lib/jai_core.jar:/home/travis/build/icyphy/ptII/vendors/jai
-1_1_2_01/lib/jai_codec.jar:/home/travis/build/icyphy/ptII/lib/jcerti.jar:/home
/travis/build/icyphy/ptII/lib/javax.mail.jar:/usr/share/java/openjfx/jre/lib/ex
t/jfxrt.jar:/usr/lib/jvm/java-8-openjdk-amd64/jre/lib/ext/jfxrt.jar:/home/travi
s/build/icyphy/ptII/vendors/JMF-2.1.1e/lib/jmf.jar:/home/travis/build/icyphy/pt
II/lib/jna-4.0.0-variadic.jar:/home/travis/build/icyphy/ptII/vendors/misc/joyst
ick/Joystick.jar:/home/travis/build/icyphy/ptII/lib/ptjacl.jar:/home/travis/bui
ld/icyphy/ptII/lib/jsoup-1.8.2.jar:/home/travis/build/icyphy/ptII/lib/junit-4.8
.2.jar:/home/travis/build/icyphy/ptII/lib/JUnitParams-0.4.0.jar:/home/travis/bu
ild/icyphy/ptII/ptolemy/actor/lib/excel/jxl.jar:/home/travis/build/icyphy/ptII/
lib/jython.jar:/home/travis/build/icyphy/ptII/lib/kieler.jar:/home/travis/build
/icyphy/ptII/lib/opencv-341.jar:/home/travis/build/icyphy/ptII/lib/oscP5.jar:/h
ome/travis/build/icyphy/ptII/lib/nrjavaserial-3.11.0.devel.jar:/home/travis/bui
ld/icyphy/ptII/vendors/j3d/lib/j3dcore.jar:/home/travis/build/icyphy/ptII/vendo
rs/j3d/lib/j3dutils.jar:/home/travis/build/icyphy/ptII/vendors/j3d/lib/vecmath.
jar:/home/travis/build/icyphy/ptII/ptolemy/distributed/jini/jar/jini-core.jar:/
home/travis/build/icyphy/ptII/ptolemy/distributed/jini/jar/jini-ext.jar:/home/t
ravis/build/icyphy/ptII/ptolemy/distributed/jini/jar/sun-util.jar:/home/travis/
build/icyphy/ptII/lib/protobuf-java-2.4.1.jar:/home/travis/build/icyphy/ptII/li
b/org.eclipse.paho.client.mqttv3.jar:/home/travis/build/icyphy/ptII/lib/mapss.j
ar:/home/travis/build/icyphy/ptII/ptolemy/actor/ptalon/antlr/antlr.jar:/home/tr
avis/build/icyphy/ptII/lib/JRI.jar:/home/travis/build/icyphy/ptII/lib/commons-l
ang-2.6.jar:/home/travis/build/icyphy/ptII/lib/commons-logging-1.1.1.jar:/home/
travis/build/icyphy/ptII/lib/sootclasses.jar:/home/travis/build/icyphy/ptII/pto
lemy/actor/lib/database/mysql-connector-java-5.1.6-bin.jar:/home/travis/build/i
cyphy/ptII/vendors/misc/sphinx4/sphinx4-data-5prealpha.jar:/home/travis/build/i
cyphy/ptII/vendors/misc/sphinx4/sphinx4-core-5prealpha.jar:/home/travis/build/i
cyphy/ptII/lib/PDFRenderer.jar:/home/travis/build/icyphy/ptII/lib/svgSalamander
.jar:/home/travis/build/icyphy/ptII/lib/rsyntaxtextarea-2.6.0-SNAPSHOT.jar:/hom
e/travis/build/icyphy/ptII/lib/hazelcast-3.8.2.jar:/home/travis/build/icyphy/pt
II/lib/jackson-annotations-2.9.0.jar:/home/travis/build/icyphy/ptII/lib/jackson
-core-2.9.3.jar:/home/travis/build/icyphy/ptII/lib/jackson-databind-2.9.3.jar:/
home/travis/build/icyphy/ptII/lib/netty-buffer-4.1.19.Final.jar:/home/travis/bu
ild/icyphy/ptII/lib/netty-codec-4.1.19.Final.jar:/home/travis/build/icyphy/ptII
/lib/netty-codec-dns-4.1.19.Final.jar:/home/travis/build/icyphy/ptII/lib/netty-
codec-http-4.1.19.Final.jar:/home/travis/build/icyphy/ptII/lib/netty-codec-http
2-4.1.19.Final.jar:/home/travis/build/icyphy/ptII/lib/netty-common-4.1.19.Final
.jar:/home/travis/build/icyphy/ptII/lib/netty-handler-4.1.19.Final.jar:/home/tr
avis/build/icyphy/ptII/lib/netty-resolver-4.1.19.Final.jar:/home/travis/build/i
cyphy/ptII/lib/netty-resolver-dns-4.1.19.Final.jar:/home/travis/build/icyphy/pt
II/lib/netty-transport-4.1.19.Final.jar:/home/travis/build/icyphy/ptII/lib/vert
x-codegen-3.5.1.jar:/home/travis/build/icyphy/ptII/lib/vertx-core-3.5.2-SNAPSHO
T.jar:/home/travis/build/icyphy/ptII/lib/vertx-hazelcast-3.5.1.jar:/home/travis
/build/icyphy/ptII/lib/vertx-lang-js-3.5.1.jar:/home/travis/build/icyphy/ptII/l
ib/vertx-service-proxy-3.5.1.jar:/home/travis/build/icyphy/ptII/lib/vertx-web-3
.5.1.jar:/home/travis/build/icyphy/ptII/lib/slf4j-api-1.7.13.jar:/home/travis/b
uild/icyphy/ptII/lib/slf4j-simple-1.7.13.jar:/home/travis/build/icyphy/ptII/lib
/webcam-capture-0.3.12.jar:/home/travis/build/icyphy/ptII/lib/bridj-0.7.0.jar:/
home/travis/build/icyphy/ptII/lib/xbjlib-1.1.0.nrjavaserial.jar:/home/travis/bu
ild/icyphy/ptII/ptolemy/moml/test:/home/travis/build/icyphy/ptII/ant/lib/ant-la
uncher.jar:/home/travis/build/icyphy/ptII/ant/lib/ant.jar:/home/travis/build/ic
yphy/ptII/ant/lib/ant-junit.jar:/home/travis/build/icyphy/ptII/ant/lib/ant-juni
t4.jar:/home/travis/build/icyphy/ptII ModularCG_A1_B2_profile.java
All Done
Writing ModularCG_A1_B2.java in file:/home/travis/cg/ (9730 characters)
Reading "ptolemy/cg/kernel/generic/program/procedural/java/modular/makefile.in",
    writing "/home/travis/cg/ModularCG_A1_B2.mk"
Using ptolemy/cg/kernel/generic/program/procedural/java/modular/makefile.in
In "/home/travis/cg", about to execute:
    make -f ModularCG_A1_B2.mk
javac -classpath ".:.."    ModularCG_A1_B2.java
All Done
In "/home/travis/cg", about to execute:
    pwd
In "/home/travis/cg", about to execute:
    ls -l
/home/travis/cg
total 1448
In "/home/travis/cg", about to execute:
drwxrwxr-x   3 travis travis  12288 Jul 11 02:04 AbsoluteValue
drwxrwxr-x   3 travis travis 102400 Jul 11 02:03 AllColt
drwxrwxr-x   3 travis travis  12288 Jul 11 02:04 Case1
-rw-rw-r--   1 travis travis   5104 Jul 11 02:11 CompiledCompositeActor_CompiledCompositeActor.class
-rw-rw-r--   1 travis travis   1592 Jul 11 02:11 CompiledCompositeActor_CompiledCompositeActor$_CompiledCompositeActor_CompiledCompositeActor.class
-rw-rw-r--   1 travis travis  13466 Jul 11 02:11 CompiledCompositeActor_CompiledCompositeActor.java
-rw-rw-r--   1 travis travis   1593 Jul 11 02:11 CompiledCompositeActor_CompiledCompositeActor.mk
drwxrwxr-x   5 travis travis   4096 Jul 11 02:03 fmi
drwxrwxr-x   3 travis travis  16384 Jul 11 02:05 Gaussian2
-rw-rw-r--   1 travis travis   4660 Jul 11 02:11 JavaCompiledCompositeTest1_CompiledCompositeActor.class
-rw-rw-r--   1 travis travis  11637 Jul 11 02:11 JavaCompiledCompositeTest1_CompiledCompositeActor.java
-rw-rw-r--   1 travis travis   1198 Jul 11 02:11 JavaCompiledCompositeTest1_CompiledCompositeActor$_JavaCompiledCompositeTest1_CompiledCompositeActor.class
-rw-rw-r--   1 travis travis   1625 Jul 11 02:11 JavaCompiledCompositeTest1_CompiledCompositeActor.mk
-rw-rw-r--   1 travis travis   5091 Jul 11 02:11 JavaCompiledCompositeTest2_CompiledCompositeActor.class
-rw-rw-r--   1 travis travis  14919 Jul 11 02:11 JavaCompiledCompositeTest2_CompiledCompositeActor.java
-rw-rw-r--   1 travis travis   1793 Jul 11 02:11 JavaCompiledCompositeTest2_CompiledCompositeActor$_JavaCompiledCompositeTest2_CompiledCompositeActor.class
-rw-rw-r--   1 travis travis   1625 Jul 11 02:11 JavaCompiledCompositeTest2_CompiledCompositeActor.mk
-rw-rw-r--   1 travis travis   4708 Jul 11 02:11 JavaCompiledCompositeTest3_CompiledCompositeActor.class
-rw-rw-r--   1 travis travis  13080 Jul 11 02:11 JavaCompiledCompositeTest3_CompiledCompositeActor.java
-rw-rw-r--   1 travis travis   1378 Jul 11 02:11 JavaCompiledCompositeTest3_CompiledCompositeActor$_JavaCompiledCompositeTest3_CompiledCompositeActor.class
-rw-rw-r--   1 travis travis   1625 Jul 11 02:11 JavaCompiledCompositeTest3_CompiledCompositeActor.mk
-rw-rw-r--   1 travis travis   4159 Jul 11 02:11 JavaCompiledCompositeTest4_CompiledCompositeActor.class
-rw-rw-r--   1 travis travis   9687 Jul 11 02:11 JavaCompiledCompositeTest4_CompiledCompositeActor.java
-rw-rw-r--   1 travis travis    857 Jul 11 02:11 JavaCompiledCompositeTest4_CompiledCompositeActor$_JavaCompiledCompositeTest4_CompiledCompositeActor.class
    javac -classpath
.:/home/travis/build/icyphy/ptII:/home/travis/build/icyphy/ptII/lib/bsh-2.0b4.j
ar:/home/travis/build/icyphy/ptII/lib/ptCal.jar:/home/travis/build/icyphy/ptII/
lib/java_cup.jar:/home/travis/build/icyphy/ptII/lib/saxon8.jar:/home/travis/bui
ld/icyphy/ptII/lib/saxon8-dom.jar:/home/travis/build/icyphy/ptII/lib/chic.jar:/
home/travis/build/icyphy/ptII/lib/ptcolt.jar:/home/travis/build/icyphy/ptII/ven
dors/misc/itext/iText.jar:/home/travis/build/icyphy/ptII/lib/g4ltl.jar:/home/tr
avis/build/icyphy/ptII/lib/StructuralCoder.jar:/home/travis/build/icyphy/ptII/v
endors/jai-1_1_2_01/lib/jai_core.jar:/home/travis/build/icyphy/ptII/vendors/jai
-1_1_2_01/lib/jai_codec.jar:/home/travis/build/icyphy/ptII/lib/jcerti.jar:/home
/travis/build/icyphy/ptII/lib/javax.mail.jar:/usr/share/java/openjfx/jre/lib/ex
t/jfxrt.jar:/usr/lib/jvm/java-8-openjdk-amd64/jre/lib/ext/jfxrt.jar:/home/travi
s/build/icyphy/ptII/vendors/JMF-2.1.1e/lib/jmf.jar:/home/travis/build/icyphy/pt
II/lib/jna-4.0.0-variadic.jar:/home/travis/build/icyphy/ptII/vendors/misc/joyst
ick/Joystick.jar:/home/travis/build/icyphy/ptII/lib/ptjacl.jar:/home/travis/bui
ld/icyphy/ptII/lib/jsoup-1.8.2.jar:/home/travis/build/icyphy/ptII/lib/junit-4.8
.2.jar:/home/travis/build/icyphy/ptII/lib/JUnitParams-0.4.0.jar:/home/travis/bu
ild/icyphy/ptII/ptolemy/actor/lib/excel/jxl.jar:/home/travis/build/icyphy/ptII/
lib/jython.jar:/home/travis/build/icyphy/ptII/lib/kieler.jar:/home/travis/build
/icyphy/ptII/lib/opencv-341.jar:/home/travis/build/icyphy/ptII/lib/oscP5.jar:/h
ome/travis/build/icyphy/ptII/lib/nrjavaserial-3.11.0.devel.jar:/home/travis/bui
ld/icyphy/ptII/vendors/j3d/lib/j3dcore.jar:/home/travis/build/icyphy/ptII/vendo
rs/j3d/lib/j3dutils.jar:/home/travis/build/icyphy/ptII/vendors/j3d/lib/vecmath.
jar:/home/travis/build/icyphy/ptII/ptolemy/distributed/jini/jar/jini-core.jar:/
home/travis/build/icyphy/ptII/ptolemy/distributed/jini/jar/jini-ext.jar:/home/t
ravis/build/icyphy/ptII/ptolemy/distributed/jini/jar/sun-util.jar:/home/travis/
build/icyphy/ptII/lib/protobuf-java-2.4.1.jar:/home/travis/build/icyphy/ptII/li
b/org.eclipse.paho.client.mqttv3.jar:/home/travis/build/icyphy/ptII/lib/mapss.j
ar:/home/travis/build/icyphy/ptII/ptolemy/actor/ptalon/antlr/antlr.jar:/home/tr
avis/build/icyphy/ptII/lib/JRI.jar:/home/travis/build/icyphy/ptII/lib/commons-l
ang-2.6.jar:/home/travis/build/icyphy/ptII/lib/commons-logging-1.1.1.jar:/home/
travis/build/icyphy/ptII/lib/sootclasses.jar:/home/travis/build/icyphy/ptII/pto
lemy/actor/lib/database/mysql-connector-java-5.1.6-bin.jar:/home/travis/build/i
cyphy/ptII/vendors/misc/sphinx4/sphinx4-data-5prealpha.jar:/home/travis/build/i
cyphy/ptII/vendors/misc/sphinx4/sphinx4-core-5prealpha.jar:/home/travis/build/i
cyphy/ptII/lib/PDFRenderer.jar:/home/travis/build/icyphy/ptII/lib/svgSalamander
.jar:/home/travis/build/icyphy/ptII/lib/rsyntaxtextarea-2.6.0-SNAPSHOT.jar:/hom
e/travis/build/icyphy/ptII/lib/hazelcast-3.8.2.jar:/home/travis/build/icyphy/pt
II/lib/jackson-annotations-2.9.0.jar:/home/travis/build/icyphy/ptII/lib/jackson
-core-2.9.3.jar:/home/travis/build/icyphy/ptII/lib/jackson-databind-2.9.3.jar:/
home/travis/build/icyphy/ptII/lib/netty-buffer-4.1.19.Final.jar:/home/travis/bu
ild/icyphy/ptII/lib/netty-codec-4.1.19.Final.jar:/home/travis/build/icyphy/ptII
/lib/netty-codec-dns-4.1.19.Final.jar:/home/travis/build/icyphy/ptII/lib/netty-
codec-http-4.1.19.Final.jar:/home/travis/build/icyphy/ptII/lib/netty-codec-http
2-4.1.19.Final.jar:/home/travis/build/icyphy/ptII/lib/netty-common-4.1.19.Final
.jar:/home/travis/build/icyphy/ptII/lib/netty-handler-4.1.19.Final.jar:/home/tr
avis/build/icyphy/ptII/lib/netty-resolver-4.1.19.Final.jar:/home/travis/build/i
cyphy/ptII/lib/netty-resolver-dns-4.1.19.Final.jar:/home/travis/build/icyphy/pt
II/lib/netty-transport-4.1.19.Final.jar:/home/travis/build/icyphy/ptII/lib/vert
x-codegen-3.5.1.jar:/home/travis/build/icyphy/ptII/lib/vertx-core-3.5.2-SNAPSHO
T.jar:/home/travis/build/icyphy/ptII/lib/vertx-hazelcast-3.5.1.jar:/home/travis
/build/icyphy/ptII/lib/vertx-lang-js-3.5.1.jar:/home/travis/build/icyphy/ptII/l
ib/vertx-service-proxy-3.5.1.jar:/home/travis/build/icyphy/ptII/lib/vertx-web-3
.5.1.jar:/home/travis/build/icyphy/ptII/lib/slf4j-api-1.7.13.jar:/home/travis/b
uild/icyphy/ptII/lib/slf4j-simple-1.7.13.jar:/home/travis/build/icyphy/ptII/lib
/webcam-capture-0.3.12.jar:/home/travis/build/icyphy/ptII/lib/bridj-0.7.0.jar:/
home/travis/build/icyphy/ptII/lib/xbjlib-1.1.0.nrjavaserial.jar:/home/travis/bu
ild/icyphy/ptII/ptolemy/moml/test:/home/travis/build/icyphy/ptII/ant/lib/ant-la
uncher.jar:/home/travis/build/icyphy/ptII/ant/lib/ant.jar:/home/travis/build/ic
yphy/ptII/ant/lib/ant-junit.jar:/home/travis/build/icyphy/ptII/ant/lib/ant-juni
t4.jar:/home/travis/build/icyphy/ptII ModularCG_A1_profile.java
-rw-rw-r--   1 travis travis   1625 Jul 11 02:11 JavaCompiledCompositeTest4_CompiledCompositeActor.mk
drwxrwxr-x   3 travis travis  12288 Jul 11 02:05 LookupTable
drwxrwxr-x   3 travis travis  20480 Jul 11 02:05 MaxIndex
-rw-rw-r--   1 travis travis   3925 Jul 11 02:11 ModularCG_A1_B1.class
-rw-rw-r--   1 travis travis   9730 Jul 11 02:11 ModularCG_A1_B1.java
-rw-rw-r--   1 travis travis    832 Jul 11 02:11 ModularCG_A1_B1.mk
-rw-rw-r--   1 travis travis   1318 Jul 11 02:11 ModularCG_A1_B1_profile.class
-rw-rw-r--   1 travis travis   1262 Jul 11 02:11 ModularCG_A1_B1_profile.java
-rw-rw-r--   1 travis travis   3925 Jul 11 02:11 ModularCG_A1_B2.class
-rw-rw-r--   1 travis travis   9730 Jul 11 02:11 ModularCG_A1_B2.java
-rw-rw-r--   1 travis travis    832 Jul 11 02:11 ModularCG_A1_B2.mk
-rw-rw-r--   1 travis travis   1318 Jul 11 02:11 ModularCG_A1_B2_profile.class
-rw-rw-r--   1 travis travis   1262 Jul 11 02:11 ModularCG_A1_B2_profile.java
-rw-rw-r--   1 travis travis   1704 Jul 11 02:11 ModularCG_A1_profile.java
-rw-rw-r--   1 travis travis   3724 Jul 11 02:11 ModularCodeGenTest_A1_A2.class
-rw-rw-r--   1 travis travis   9164 Jul 11 02:11 ModularCodeGenTest_A1_A2.java
-rw-rw-r--   1 travis travis   1306 Jul 11 02:11 ModularCodeGenTest_A1_A2_profile.class
-rw-rw-r--   1 travis travis   4055 Jul 11 02:11 ModularCodeGenTest_A1.class
-rw-rw-r--   1 travis travis   9968 Jul 11 02:11 ModularCodeGenTest_A1.java
-rw-rw-r--   1 travis travis    880 Jul 11 02:11 ModularCodeGenTest_A1.mk
-rw-rw-r--   1 travis travis   1352 Jul 11 02:11 ModularCodeGenTest_A1_profile.class
-rw-rw-r--   1 travis travis   1394 Jul 11 02:11 ModularCodeGenTest_A1_profile.java
drwxrwxr-x   3 travis travis  32768 Jul 11 02:10 modulation2
drwxrwxr-x 139 travis travis  12288 Jul 11 02:11 node_modules
drwxrwxr-x   3 travis travis  20480 Jul 11 02:06 PhaseUnwrap
drwxrwxr-x   3 travis travis  12288 Jul 11 02:06 ReadFile1
-rw-rw-r--   1 travis travis     11 Jul 11 02:06 ReadFile1Output.txt
-rw-rw-r--   1 travis travis   9615 Jul 11 02:11 Repeat.class
-rw-rw-r--   1 travis travis    666 Jul 11 02:11 Repeat$_fireFunction_Repeat_Repeat$__f_sL_11.class
-rw-rw-r--   1 travis travis    522 Jul 11 02:11 Repeat$_fireFunction_Repeat_Repeat$__f_sL_12.class
-rw-rw-r--   1 travis travis    522 Jul 11 02:11 Repeat$_fireFunction_Repeat_Repeat$__f_sL_13.class
-rw-rw-r--   1 travis travis    522 Jul 11 02:11 Repeat$_fireFunction_Repeat_Repeat$__f_sL_14.class
-rw-rw-r--   1 travis travis    665 Jul 11 02:11 Repeat$_fireFunction_Repeat_Repeat$__f_sL_1.class
-rw-rw-r--   1 travis travis    664 Jul 11 02:11 Repeat$_fireFunction_Repeat_Repeat$__f_sL_4.class
-rw-rw-r--   1 travis travis    520 Jul 11 02:11 Repeat$_fireFunction_Repeat_Repeat$__f_sL_9.class
-rw-rw-r--   1 travis travis    475 Jul 11 02:11 Repeat$_initialize_Repeat$__i_sL_2.class
-rw-rw-r--   1 travis travis   1281 Jul 11 02:10 Repeat.mk
-rw-rw-r--   1 travis travis    520 Jul 11 02:11 Repeat$_preinitializeMethod_Repeat$__p_sL_0.class
-rw-rw-r--   1 travis travis   1083 Jul 11 02:11 Repeat$_Repeat$_fireFunction_Repeat_AddSubtract_Repeat.class
-rw-rw-r--   1 travis travis    791 Jul 11 02:11 Repeat$_Repeat$_fireFunction_Repeat_AddSubtract_Repeat$__f_sL_0.class
-rw-rw-r--   1 travis travis    909 Jul 11 02:11 Repeat$_Repeat$_fireFunction_Repeat_AddSubtract_Repeat$__f_sL_1.class
-rw-rw-r--   1 travis travis    915 Jul 11 02:11 Repeat$_Repeat$_fireFunction_Repeat_AddSubtract_Repeat$__f_sL_2.class
-rw-rw-r--   1 travis travis    843 Jul 11 02:11 Repeat$_Repeat$_fireFunction_Repeat_AddSubtract_Repeat$__f_sL_3.class
-rw-rw-r--   1 travis travis    738 Jul 11 02:11 Repeat$_Repeat$_fireFunction_Repeat_Ramp2_Repeat$__f_sL_0.class
-rw-rw-r--   1 travis travis    869 Jul 11 02:11 Repeat$_Repeat$_fireFunction_Repeat_Test_Repeat$__f_sL_0.class
-rw-rw-r--   1 travis travis    615 Jul 11 02:11 Repeat$_Repeat$_fireFunction_Repeat_Test_Repeat$__f_sL_1.class
-rw-rw-r--   1 travis travis    685 Jul 11 02:11 Repeat$_Repeat_SDF_Director_run_Repeat$__R_sL_0.class
-rw-rw-r--   1 travis travis    686 Jul 11 02:11 Repeat$_Repeat_SDF_Director_run_Repeat$__R_sL_11.class
-rw-rw-r--   1 travis travis    542 Jul 11 02:11 Repeat$_Repeat_SDF_Director_run_Repeat$__R_sL_13.class
-rw-rw-r--   1 travis travis    540 Jul 11 02:11 Repeat$_Repeat_SDF_Director_run_Repeat$__R_sL_2.class
-rw-rw-r--   1 travis travis    684 Jul 11 02:11 Repeat$_Repeat_SDF_Director_run_Repeat$__R_sL_3.class
-rw-rw-r--   1 travis travis    540 Jul 11 02:11 Repeat$_Repeat_SDF_Director_run_Repeat$__R_sL_5.class
-rw-rw-r--   1 travis travis    540 Jul 11 02:11 Repeat$_Repeat_SDF_Director_run_Repeat$__R_sL_8.class
drwxrwxr-x   2 travis travis   4096 Jul 11 02:11 RepeatVariables
-rw-rw-r--   1 travis travis    863 Jul 11 02:11 Repeat$_varinit_Repeat.class
-rw-rw-r--   1 travis travis    531 Jul 11 02:11 Repeat$_varinit_Repeat$__v_sL_2.class
-rw-rw-r--   1 travis travis    905 Jul 11 02:11 Repeat$_varinit_Repeat$__v_sL_4.class
-rw-rw-r--   1 travis travis    959 Jul 11 02:11 Repeat$_wrapup_Repeat$__w_sL_1.class
drwxrwxr-x   3 travis travis  20480 Jul 11 02:06 Sinewave
drwxrwxr-x   3 travis travis  32768 Jul 11 02:08 StringFunction
drwxrwxr-x   3 travis travis  12288 Jul 11 02:08 StringLength
drwxrwxr-x   3 travis travis  61440 Jul 11 02:09 StringMatches2
drwxrwxr-x   3 travis travis  61440 Jul 11 02:09 StringSimpleReplace
drwxrwxr-x   3 travis travis  65536 Jul 11 02:09 StringSubstring
drwxrwxr-x   3 travis travis  24576 Jul 11 02:09 StringSubstring2
drwxrwxr-x   3 travis travis  16384 Jul 11 02:10 time1
drwxrwxr-x   3 travis travis  12288 Jul 11 02:10 time5
-rw-rw-r--   1 travis travis    432 Jul 11 02:11 Token.class
-rw-rw-r--   1 travis travis    251 Jul 11 02:11 Token.java
-rwxrwxr-x   1 travis travis 466992 Jul 11 02:03 top
-rw-rw-r--   1 travis travis  20502 Jul 11 02:03 top.c
-rw-rw-r--   1 travis travis   3799 Jul 11 02:11 top.class
-rw-rw-r--   1 travis travis   1257 Jul 11 02:11 top.mk
All Done
Writing ModularCG_A1.java in file:/home/travis/cg/ (14742 characters)
Reading "ptolemy/cg/kernel/generic/program/procedural/java/modular/makefile.in",
    writing "/home/travis/cg/ModularCG_A1.mk"
Using ptolemy/cg/kernel/generic/program/procedural/java/modular/makefile.in
In "/home/travis/cg", about to execute:
    make -f ModularCG_A1.mk
javac -classpath ".:.."    ModularCG_A1.java
All Done
In "/home/travis/cg", about to execute:
    pwd
In "/home/travis/cg", about to execute:
    ls -l
/home/travis/cg
In "/home/travis/cg", about to execute:
    javac -classpath
.:/home/travis/build/icyphy/ptII:/home/travis/build/icyphy/ptII/lib/bsh-2.0b4.j
ar:/home/travis/build/icyphy/ptII/lib/ptCal.jar:/home/travis/build/icyphy/ptII/
lib/java_cup.jar:/home/travis/build/icyphy/ptII/lib/saxon8.jar:/home/travis/bui
ld/icyphy/ptII/lib/saxon8-dom.jar:/home/travis/build/icyphy/ptII/lib/chic.jar:/
home/travis/build/icyphy/ptII/lib/ptcolt.jar:/home/travis/build/icyphy/ptII/ven
dors/misc/itext/iText.jar:/home/travis/build/icyphy/ptII/lib/g4ltl.jar:/home/tr
avis/build/icyphy/ptII/lib/StructuralCoder.jar:/home/travis/build/icyphy/ptII/v
endors/jai-1_1_2_01/lib/jai_core.jar:/home/travis/build/icyphy/ptII/vendors/jai
-1_1_2_01/lib/jai_codec.jar:/home/travis/build/icyphy/ptII/lib/jcerti.jar:/home
/travis/build/icyphy/ptII/lib/javax.mail.jar:/usr/share/java/openjfx/jre/lib/ex
t/jfxrt.jar:/usr/lib/jvm/java-8-openjdk-amd64/jre/lib/ext/jfxrt.jar:/home/travi
s/build/icyphy/ptII/vendors/JMF-2.1.1e/lib/jmf.jar:/home/travis/build/icyphy/pt
II/lib/jna-4.0.0-variadic.jar:/home/travis/build/icyphy/ptII/vendors/misc/joyst
ick/Joystick.jar:/home/travis/build/icyphy/ptII/lib/ptjacl.jar:/home/travis/bui
ld/icyphy/ptII/lib/jsoup-1.8.2.jar:/home/travis/build/icyphy/ptII/lib/junit-4.8
.2.jar:/home/travis/build/icyphy/ptII/lib/JUnitParams-0.4.0.jar:/home/travis/bu
ild/icyphy/ptII/ptolemy/actor/lib/excel/jxl.jar:/home/travis/build/icyphy/ptII/
lib/jython.jar:/home/travis/build/icyphy/ptII/lib/kieler.jar:/home/travis/build
/icyphy/ptII/lib/opencv-341.jar:/home/travis/build/icyphy/ptII/lib/oscP5.jar:/h
ome/travis/build/icyphy/ptII/lib/nrjavaserial-3.11.0.devel.jar:/home/travis/bui
ld/icyphy/ptII/vendors/j3d/lib/j3dcore.jar:/home/travis/build/icyphy/ptII/vendo
rs/j3d/lib/j3dutils.jar:/home/travis/build/icyphy/ptII/vendors/j3d/lib/vecmath.
jar:/home/travis/build/icyphy/ptII/ptolemy/distributed/jini/jar/jini-core.jar:/
home/travis/build/icyphy/ptII/ptolemy/distributed/jini/jar/jini-ext.jar:/home/t
ravis/build/icyphy/ptII/ptolemy/distributed/jini/jar/sun-util.jar:/home/travis/
build/icyphy/ptII/lib/protobuf-java-2.4.1.jar:/home/travis/build/icyphy/ptII/li
b/org.eclipse.paho.client.mqttv3.jar:/home/travis/build/icyphy/ptII/lib/mapss.j
ar:/home/travis/build/icyphy/ptII/ptolemy/actor/ptalon/antlr/antlr.jar:/home/tr
avis/build/icyphy/ptII/lib/JRI.jar:/home/travis/build/icyphy/ptII/lib/commons-l
ang-2.6.jar:/home/travis/build/icyphy/ptII/lib/commons-logging-1.1.1.jar:/home/
travis/build/icyphy/ptII/lib/sootclasses.jar:/home/travis/build/icyphy/ptII/pto
lemy/actor/lib/database/mysql-connector-java-5.1.6-bin.jar:/home/travis/build/i
cyphy/ptII/vendors/misc/sphinx4/sphinx4-data-5prealpha.jar:/home/travis/build/i
cyphy/ptII/vendors/misc/sphinx4/sphinx4-core-5prealpha.jar:/home/travis/build/i
cyphy/ptII/lib/PDFRenderer.jar:/home/travis/build/icyphy/ptII/lib/svgSalamander
.jar:/home/travis/build/icyphy/ptII/lib/rsyntaxtextarea-2.6.0-SNAPSHOT.jar:/hom
e/travis/build/icyphy/ptII/lib/hazelcast-3.8.2.jar:/home/travis/build/icyphy/pt
II/lib/jackson-annotations-2.9.0.jar:/home/travis/build/icyphy/ptII/lib/jackson
-core-2.9.3.jar:/home/travis/build/icyphy/ptII/lib/jackson-databind-2.9.3.jar:/
home/travis/build/icyphy/ptII/lib/netty-buffer-4.1.19.Final.jar:/home/travis/bu
ild/icyphy/ptII/lib/netty-codec-4.1.19.Final.jar:/home/travis/build/icyphy/ptII
/lib/netty-codec-dns-4.1.19.Final.jar:/home/travis/build/icyphy/ptII/lib/netty-
codec-http-4.1.19.Final.jar:/home/travis/build/icyphy/ptII/lib/netty-codec-http
2-4.1.19.Final.jar:/home/travis/build/icyphy/ptII/lib/netty-common-4.1.19.Final
.jar:/home/travis/build/icyphy/ptII/lib/netty-handler-4.1.19.Final.jar:/home/tr
avis/build/icyphy/ptII/lib/netty-resolver-4.1.19.Final.jar:/home/travis/build/i
cyphy/ptII/lib/netty-resolver-dns-4.1.19.Final.jar:/home/travis/build/icyphy/pt
II/lib/netty-transport-4.1.19.Final.jar:/home/travis/build/icyphy/ptII/lib/vert
x-codegen-3.5.1.jar:/home/travis/build/icyphy/ptII/lib/vertx-core-3.5.2-SNAPSHO
T.jar:/home/travis/build/icyphy/ptII/lib/vertx-hazelcast-3.5.1.jar:/home/travis
/build/icyphy/ptII/lib/vertx-lang-js-3.5.1.jar:/home/travis/build/icyphy/ptII/l
ib/vertx-service-proxy-3.5.1.jar:/home/travis/build/icyphy/ptII/lib/vertx-web-3
.5.1.jar:/home/travis/build/icyphy/ptII/lib/slf4j-api-1.7.13.jar:/home/travis/b
uild/icyphy/ptII/lib/slf4j-simple-1.7.13.jar:/home/travis/build/icyphy/ptII/lib
/webcam-capture-0.3.12.jar:/home/travis/build/icyphy/ptII/lib/bridj-0.7.0.jar:/
home/travis/build/icyphy/ptII/lib/xbjlib-1.1.0.nrjavaserial.jar:/home/travis/bu
ild/icyphy/ptII/ptolemy/moml/test:/home/travis/build/icyphy/ptII/ant/lib/ant-la
uncher.jar:/home/travis/build/icyphy/ptII/ant/lib/ant.jar:/home/travis/build/ic
yphy/ptII/ant/lib/ant-junit.jar:/home/travis/build/icyphy/ptII/ant/lib/ant-juni
t4.jar:/home/travis/build/icyphy/ptII ModularCG_A2_B1_profile.java
total 1484
drwxrwxr-x   3 travis travis  12288 Jul 11 02:04 AbsoluteValue
drwxrwxr-x   3 travis travis 102400 Jul 11 02:03 AllColt
drwxrwxr-x   3 travis travis  12288 Jul 11 02:04 Case1
-rw-rw-r--   1 travis travis   5104 Jul 11 02:11 CompiledCompositeActor_CompiledCompositeActor.class
-rw-rw-r--   1 travis travis   1592 Jul 11 02:11 CompiledCompositeActor_CompiledCompositeActor$_CompiledCompositeActor_CompiledCompositeActor.class
-rw-rw-r--   1 travis travis  13466 Jul 11 02:11 CompiledCompositeActor_CompiledCompositeActor.java
-rw-rw-r--   1 travis travis   1593 Jul 11 02:11 CompiledCompositeActor_CompiledCompositeActor.mk
drwxrwxr-x   5 travis travis   4096 Jul 11 02:03 fmi
drwxrwxr-x   3 travis travis  16384 Jul 11 02:05 Gaussian2
-rw-rw-r--   1 travis travis   4660 Jul 11 02:11 JavaCompiledCompositeTest1_CompiledCompositeActor.class
-rw-rw-r--   1 travis travis  11637 Jul 11 02:11 JavaCompiledCompositeTest1_CompiledCompositeActor.java
-rw-rw-r--   1 travis travis   1198 Jul 11 02:11 JavaCompiledCompositeTest1_CompiledCompositeActor$_JavaCompiledCompositeTest1_CompiledCompositeActor.class
-rw-rw-r--   1 travis travis   1625 Jul 11 02:11 JavaCompiledCompositeTest1_CompiledCompositeActor.mk
-rw-rw-r--   1 travis travis   5091 Jul 11 02:11 JavaCompiledCompositeTest2_CompiledCompositeActor.class
-rw-rw-r--   1 travis travis  14919 Jul 11 02:11 JavaCompiledCompositeTest2_CompiledCompositeActor.java
-rw-rw-r--   1 travis travis   1793 Jul 11 02:11 JavaCompiledCompositeTest2_CompiledCompositeActor$_JavaCompiledCompositeTest2_CompiledCompositeActor.class
-rw-rw-r--   1 travis travis   1625 Jul 11 02:11 JavaCompiledCompositeTest2_CompiledCompositeActor.mk
-rw-rw-r--   1 travis travis   4708 Jul 11 02:11 JavaCompiledCompositeTest3_CompiledCompositeActor.class
-rw-rw-r--   1 travis travis  13080 Jul 11 02:11 JavaCompiledCompositeTest3_CompiledCompositeActor.java
-rw-rw-r--   1 travis travis   1378 Jul 11 02:11 JavaCompiledCompositeTest3_CompiledCompositeActor$_JavaCompiledCompositeTest3_CompiledCompositeActor.class
-rw-rw-r--   1 travis travis   1625 Jul 11 02:11 JavaCompiledCompositeTest3_CompiledCompositeActor.mk
-rw-rw-r--   1 travis travis   4159 Jul 11 02:11 JavaCompiledCompositeTest4_CompiledCompositeActor.class
-rw-rw-r--   1 travis travis   9687 Jul 11 02:11 JavaCompiledCompositeTest4_CompiledCompositeActor.java
-rw-rw-r--   1 travis travis    857 Jul 11 02:11 JavaCompiledCompositeTest4_CompiledCompositeActor$_JavaCompiledCompositeTest4_CompiledCompositeActor.class
-rw-rw-r--   1 travis travis   1625 Jul 11 02:11 JavaCompiledCompositeTest4_CompiledCompositeActor.mk
drwxrwxr-x   3 travis travis  12288 Jul 11 02:05 LookupTable
drwxrwxr-x   3 travis travis  20480 Jul 11 02:05 MaxIndex
-rw-rw-r--   1 travis travis   3925 Jul 11 02:11 ModularCG_A1_B1.class
-rw-rw-r--   1 travis travis   9730 Jul 11 02:11 ModularCG_A1_B1.java
-rw-rw-r--   1 travis travis    832 Jul 11 02:11 ModularCG_A1_B1.mk
-rw-rw-r--   1 travis travis   1318 Jul 11 02:11 ModularCG_A1_B1_profile.class
-rw-rw-r--   1 travis travis   1262 Jul 11 02:11 ModularCG_A1_B1_profile.java
-rw-rw-r--   1 travis travis   3925 Jul 11 02:11 ModularCG_A1_B2.class
-rw-rw-r--   1 travis travis   9730 Jul 11 02:11 ModularCG_A1_B2.java
-rw-rw-r--   1 travis travis    832 Jul 11 02:11 ModularCG_A1_B2.mk
-rw-rw-r--   1 travis travis   1318 Jul 11 02:11 ModularCG_A1_B2_profile.class
-rw-rw-r--   1 travis travis   1262 Jul 11 02:11 ModularCG_A1_B2_profile.java
-rw-rw-r--   1 travis travis   5031 Jul 11 02:11 ModularCG_A1.class
-rw-rw-r--   1 travis travis  14742 Jul 11 02:11 ModularCG_A1.java
-rw-rw-r--   1 travis travis    808 Jul 11 02:11 ModularCG_A1.mk
-rw-rw-r--   1 travis travis   1433 Jul 11 02:11 ModularCG_A1_profile.class
-rw-rw-r--   1 travis travis   1704 Jul 11 02:11 ModularCG_A1_profile.java
-rw-rw-r--   1 travis travis   1446 Jul 11 02:11 ModularCG_A2_B1_profile.java
-rw-rw-r--   1 travis travis   3724 Jul 11 02:11 ModularCodeGenTest_A1_A2.class
-rw-rw-r--   1 travis travis   9164 Jul 11 02:11 ModularCodeGenTest_A1_A2.java
-rw-rw-r--   1 travis travis   1306 Jul 11 02:11 ModularCodeGenTest_A1_A2_profile.class
-rw-rw-r--   1 travis travis   4055 Jul 11 02:11 ModularCodeGenTest_A1.class
-rw-rw-r--   1 travis travis   9968 Jul 11 02:11 ModularCodeGenTest_A1.java
-rw-rw-r--   1 travis travis    880 Jul 11 02:11 ModularCodeGenTest_A1.mk
-rw-rw-r--   1 travis travis   1352 Jul 11 02:11 ModularCodeGenTest_A1_profile.class
-rw-rw-r--   1 travis travis   1394 Jul 11 02:11 ModularCodeGenTest_A1_profile.java
drwxrwxr-x   3 travis travis  32768 Jul 11 02:10 modulation2
drwxrwxr-x 139 travis travis  12288 Jul 11 02:11 node_modules
drwxrwxr-x   3 travis travis  20480 Jul 11 02:06 PhaseUnwrap
drwxrwxr-x   3 travis travis  12288 Jul 11 02:06 ReadFile1
-rw-rw-r--   1 travis travis     11 Jul 11 02:06 ReadFile1Output.txt
-rw-rw-r--   1 travis travis   9615 Jul 11 02:11 Repeat.class
-rw-rw-r--   1 travis travis    666 Jul 11 02:11 Repeat$_fireFunction_Repeat_Repeat$__f_sL_11.class
-rw-rw-r--   1 travis travis    522 Jul 11 02:11 Repeat$_fireFunction_Repeat_Repeat$__f_sL_12.class
-rw-rw-r--   1 travis travis    522 Jul 11 02:11 Repeat$_fireFunction_Repeat_Repeat$__f_sL_13.class
-rw-rw-r--   1 travis travis    522 Jul 11 02:11 Repeat$_fireFunction_Repeat_Repeat$__f_sL_14.class
-rw-rw-r--   1 travis travis    665 Jul 11 02:11 Repeat$_fireFunction_Repeat_Repeat$__f_sL_1.class
-rw-rw-r--   1 travis travis    664 Jul 11 02:11 Repeat$_fireFunction_Repeat_Repeat$__f_sL_4.class
-rw-rw-r--   1 travis travis    520 Jul 11 02:11 Repeat$_fireFunction_Repeat_Repeat$__f_sL_9.class
-rw-rw-r--   1 travis travis    475 Jul 11 02:11 Repeat$_initialize_Repeat$__i_sL_2.class
-rw-rw-r--   1 travis travis   1281 Jul 11 02:10 Repeat.mk
-rw-rw-r--   1 travis travis    520 Jul 11 02:11 Repeat$_preinitializeMethod_Repeat$__p_sL_0.class
-rw-rw-r--   1 travis travis   1083 Jul 11 02:11 Repeat$_Repeat$_fireFunction_Repeat_AddSubtract_Repeat.class
-rw-rw-r--   1 travis travis    791 Jul 11 02:11 Repeat$_Repeat$_fireFunction_Repeat_AddSubtract_Repeat$__f_sL_0.class
-rw-rw-r--   1 travis travis    909 Jul 11 02:11 Repeat$_Repeat$_fireFunction_Repeat_AddSubtract_Repeat$__f_sL_1.class
-rw-rw-r--   1 travis travis    915 Jul 11 02:11 Repeat$_Repeat$_fireFunction_Repeat_AddSubtract_Repeat$__f_sL_2.class
-rw-rw-r--   1 travis travis    843 Jul 11 02:11 Repeat$_Repeat$_fireFunction_Repeat_AddSubtract_Repeat$__f_sL_3.class
-rw-rw-r--   1 travis travis    738 Jul 11 02:11 Repeat$_Repeat$_fireFunction_Repeat_Ramp2_Repeat$__f_sL_0.class
-rw-rw-r--   1 travis travis    869 Jul 11 02:11 Repeat$_Repeat$_fireFunction_Repeat_Test_Repeat$__f_sL_0.class
-rw-rw-r--   1 travis travis    615 Jul 11 02:11 Repeat$_Repeat$_fireFunction_Repeat_Test_Repeat$__f_sL_1.class
-rw-rw-r--   1 travis travis    685 Jul 11 02:11 Repeat$_Repeat_SDF_Director_run_Repeat$__R_sL_0.class
-rw-rw-r--   1 travis travis    686 Jul 11 02:11 Repeat$_Repeat_SDF_Director_run_Repeat$__R_sL_11.class
-rw-rw-r--   1 travis travis    542 Jul 11 02:11 Repeat$_Repeat_SDF_Director_run_Repeat$__R_sL_13.class
-rw-rw-r--   1 travis travis    540 Jul 11 02:11 Repeat$_Repeat_SDF_Director_run_Repeat$__R_sL_2.class
-rw-rw-r--   1 travis travis    684 Jul 11 02:11 Repeat$_Repeat_SDF_Director_run_Repeat$__R_sL_3.class
-rw-rw-r--   1 travis travis    540 Jul 11 02:11 Repeat$_Repeat_SDF_Director_run_Repeat$__R_sL_5.class
-rw-rw-r--   1 travis travis    540 Jul 11 02:11 Repeat$_Repeat_SDF_Director_run_Repeat$__R_sL_8.class
drwxrwxr-x   2 travis travis   4096 Jul 11 02:11 RepeatVariables
-rw-rw-r--   1 travis travis    863 Jul 11 02:11 Repeat$_varinit_Repeat.class
-rw-rw-r--   1 travis travis    531 Jul 11 02:11 Repeat$_varinit_Repeat$__v_sL_2.class
-rw-rw-r--   1 travis travis    905 Jul 11 02:11 Repeat$_varinit_Repeat$__v_sL_4.class
-rw-rw-r--   1 travis travis    959 Jul 11 02:11 Repeat$_wrapup_Repeat$__w_sL_1.class
drwxrwxr-x   3 travis travis  20480 Jul 11 02:06 Sinewave
drwxrwxr-x   3 travis travis  32768 Jul 11 02:08 StringFunction
drwxrwxr-x   3 travis travis  12288 Jul 11 02:08 StringLength
drwxrwxr-x   3 travis travis  61440 Jul 11 02:09 StringMatches2
drwxrwxr-x   3 travis travis  61440 Jul 11 02:09 StringSimpleReplace
drwxrwxr-x   3 travis travis  65536 Jul 11 02:09 StringSubstring
drwxrwxr-x   3 travis travis  24576 Jul 11 02:09 StringSubstring2
drwxrwxr-x   3 travis travis  16384 Jul 11 02:10 time1
drwxrwxr-x   3 travis travis  12288 Jul 11 02:10 time5
-rw-rw-r--   1 travis travis    432 Jul 11 02:11 Token.class
-rw-rw-r--   1 travis travis    251 Jul 11 02:11 Token.java
-rwxrwxr-x   1 travis travis 466992 Jul 11 02:03 top
-rw-rw-r--   1 travis travis  20502 Jul 11 02:03 top.c
-rw-rw-r--   1 travis travis   3799 Jul 11 02:11 top.class
-rw-rw-r--   1 travis travis   1257 Jul 11 02:11 top.mk
All Done
Writing ModularCG_A2_B1.java in file:/home/travis/cg/ (10667 characters)
Reading "ptolemy/cg/kernel/generic/program/procedural/java/modular/makefile.in",
    writing "/home/travis/cg/ModularCG_A2_B1.mk"
Using ptolemy/cg/kernel/generic/program/procedural/java/modular/makefile.in
In "/home/travis/cg", about to execute:
    make -f ModularCG_A2_B1.mk
javac -classpath ".:.."    ModularCG_A2_B1.java
All Done
In "/home/travis/cg", about to execute:
    pwd
In "/home/travis/cg", about to execute:
    ls -l
/home/travis/cg
total 1512
drwxrwxr-x   3 travis travis  12288 Jul 11 02:04 AbsoluteValue
drwxrwxr-x   3 travis travis 102400 Jul 11 02:03 AllColt
drwxrwxr-x   3 travis travis  12288 Jul 11 02:04 Case1
-rw-rw-r--   1 travis travis   5104 Jul 11 02:11 CompiledCompositeActor_CompiledCompositeActor.class
-rw-rw-r--   1 travis travis   1592 Jul 11 02:11 CompiledCompositeActor_CompiledCompositeActor$_CompiledCompositeActor_CompiledCompositeActor.class
-rw-rw-r--   1 travis travis  13466 Jul 11 02:11 CompiledCompositeActor_CompiledCompositeActor.java
-rw-rw-r--   1 travis travis   1593 Jul 11 02:11 CompiledCompositeActor_CompiledCompositeActor.mk
drwxrwxr-x   5 travis travis   4096 Jul 11 02:03 fmi
drwxrwxr-x   3 travis travis  16384 Jul 11 02:05 Gaussian2
-rw-rw-r--   1 travis travis   4660 Jul 11 02:11 JavaCompiledCompositeTest1_CompiledCompositeActor.class
-rw-rw-r--   1 travis travis  11637 Jul 11 02:11 JavaCompiledCompositeTest1_CompiledCompositeActor.java
-rw-rw-r--   1 travis travis   1198 Jul 11 02:11 JavaCompiledCompositeTest1_CompiledCompositeActor$_JavaCompiledCompositeTest1_CompiledCompositeActor.class
-rw-rw-r--   1 travis travis   1625 Jul 11 02:11 JavaCompiledCompositeTest1_CompiledCompositeActor.mk
-rw-rw-r--   1 travis travis   5091 Jul 11 02:11 JavaCompiledCompositeTest2_CompiledCompositeActor.class
-rw-rw-r--   1 travis travis  14919 Jul 11 02:11 JavaCompiledCompositeTest2_CompiledCompositeActor.java
-rw-rw-r--   1 travis travis   1793 Jul 11 02:11 JavaCompiledCompositeTest2_CompiledCompositeActor$_JavaCompiledCompositeTest2_CompiledCompositeActor.class
-rw-rw-r--   1 travis travis   1625 Jul 11 02:11 JavaCompiledCompositeTest2_CompiledCompositeActor.mk
-rw-rw-r--   1 travis travis   4708 Jul 11 02:11 JavaCompiledCompositeTest3_CompiledCompositeActor.class
-rw-rw-r--   1 travis travis  13080 Jul 11 02:11 JavaCompiledCompositeTest3_CompiledCompositeActor.java
-rw-rw-r--   1 travis travis   1378 Jul 11 02:11 JavaCompiledCompositeTest3_CompiledCompositeActor$_JavaCompiledCompositeTest3_CompiledCompositeActor.class
-rw-rw-r--   1 travis travis   1625 Jul 11 02:11 JavaCompiledCompositeTest3_CompiledCompositeActor.mk
-rw-rw-r--   1 travis travis   4159 Jul 11 02:11 JavaCompiledCompositeTest4_CompiledCompositeActor.class
-rw-rw-r--   1 travis travis   9687 Jul 11 02:11 JavaCompiledCompositeTest4_CompiledCompositeActor.java
-rw-rw-r--   1 travis travis    857 Jul 11 02:11 JavaCompiledCompositeTest4_CompiledCompositeActor$_JavaCompiledCompositeTest4_CompiledCompositeActor.class
-rw-rw-r--   1 travis travis   1625 Jul 11 02:11 JavaCompiledCompositeTest4_CompiledCompositeActor.mk
drwxrwxr-x   3 travis travis  12288 Jul 11 02:05 LookupTable
drwxrwxr-x   3 travis travis  20480 Jul 11 02:05 MaxIndex
-rw-rw-r--   1 travis travis   3925 Jul 11 02:11 ModularCG_A1_B1.class
-rw-rw-r--   1 travis travis   9730 Jul 11 02:11 ModularCG_A1_B1.java
-rw-rw-r--   1 travis travis    832 Jul 11 02:11 ModularCG_A1_B1.mk
-rw-rw-r--   1 travis travis   1318 Jul 11 02:11 ModularCG_A1_B1_profile.class
-rw-rw-r--   1 travis travis   1262 Jul 11 02:11 ModularCG_A1_B1_profile.java
-rw-rw-r--   1 travis travis   3925 Jul 11 02:11 ModularCG_A1_B2.class
-rw-rw-r--   1 travis travis   9730 Jul 11 02:11 ModularCG_A1_B2.java
-rw-rw-r--   1 travis travis    832 Jul 11 02:11 ModularCG_A1_B2.mk
-rw-rw-r--   1 travis travis   1318 Jul 11 02:11 ModularCG_A1_B2_profile.class
-rw-rw-r--   1 travis travis   1262 Jul 11 02:11 ModularCG_A1_B2_profile.java
-rw-rw-r--   1 travis travis   5031 Jul 11 02:11 ModularCG_A1.class
-rw-rw-r--   1 travis travis  14742 Jul 11 02:11 ModularCG_A1.java
-rw-rw-r--   1 travis travis    808 Jul 11 02:11 ModularCG_A1.mk
-rw-rw-r--   1 travis travis   1433 Jul 11 02:11 ModularCG_A1_profile.class
-rw-rw-r--   1 travis travis   1704 Jul 11 02:11 ModularCG_A1_profile.java
-rw-rw-r--   1 travis travis   4059 Jul 11 02:11 ModularCG_A2_B1.class
-rw-rw-r--   1 travis travis  10667 Jul 11 02:11 ModularCG_A2_B1.java
-rw-rw-r--   1 travis travis    832 Jul 11 02:11 ModularCG_A2_B1.mk
-rw-rw-r--   1 travis travis   1381 Jul 11 02:11 ModularCG_A2_B1_profile.class
-rw-rw-r--   1 travis travis   1446 Jul 11 02:11 ModularCG_A2_B1_profile.java
-rw-rw-r--   1 travis travis   1262 Jul 11 02:11 ModularCG_A2_B2_profile.java
-rw-rw-r--   1 travis travis   3724 Jul 11 02:11 ModularCodeGenTest_A1_A2.class
-rw-rw-r--   1 travis travis   9164 Jul 11 02:11 ModularCodeGenTest_A1_A2.java
-rw-rw-r--   1 travis travis   1306 Jul 11 02:11 ModularCodeGenTest_A1_A2_profile.class
-rw-rw-r--   1 travis travis   4055 Jul 11 02:11 ModularCodeGenTest_A1.class
-rw-rw-r--   1 travis travis   9968 Jul 11 02:11 ModularCodeGenTest_A1.java
-rw-rw-r--   1 travis travis    880 Jul 11 02:11 ModularCodeGenTest_A1.mk
-rw-rw-r--   1 travis travis   1352 Jul 11 02:11 ModularCodeGenTest_A1_profile.class
-rw-rw-r--   1 travis travis   1394 Jul 11 02:11 ModularCodeGenTest_A1_profile.java
drwxrwxr-x   3 travis travis  32768 Jul 11 02:10 modulation2
drwxrwxr-x 139 travis travis  12288 Jul 11 02:11 node_modules
drwxrwxr-x   3 travis travis  20480 Jul 11 02:06 PhaseUnwrap
drwxrwxr-x   3 travis travis  12288 Jul 11 02:06 ReadFile1
-rw-rw-r--   1 travis travis     11 Jul 11 02:06 ReadFile1Output.txt
-rw-rw-r--   1 travis travis   9615 Jul 11 02:11 Repeat.class
-rw-rw-r--   1 travis travis    666 Jul 11 02:11 Repeat$_fireFunction_Repeat_Repeat$__f_sL_11.class
-rw-rw-r--   1 travis travis    522 Jul 11 02:11 Repeat$_fireFunction_Repeat_Repeat$__f_sL_12.class
-rw-rw-r--   1 travis travis    522 Jul 11 02:11 Repeat$_fireFunction_Repeat_Repeat$__f_sL_13.class
-rw-rw-r--   1 travis travis    522 Jul 11 02:11 Repeat$_fireFunction_Repeat_Repeat$__f_sL_14.class
-rw-rw-r--   1 travis travis    665 Jul 11 02:11 Repeat$_fireFunction_Repeat_Repeat$__f_sL_1.class
-rw-rw-r--   1 travis travis    664 Jul 11 02:11 Repeat$_fireFunction_Repeat_Repeat$__f_sL_4.class
-rw-rw-r--   1 travis travis    520 Jul 11 02:11 Repeat$_fireFunction_Repeat_Repeat$__f_sL_9.class
-rw-rw-r--   1 travis travis    475 Jul 11 02:11 Repeat$_initialize_Repeat$__i_sL_2.class
-rw-rw-r--   1 travis travis   1281 Jul 11 02:10 Repeat.mk
-rw-rw-r--   1 travis travis    520 Jul 11 02:11 Repeat$_preinitializeMethod_Repeat$__p_sL_0.class
-rw-rw-r--   1 travis travis   1083 Jul 11 02:11 Repeat$_Repeat$_fireFunction_Repeat_AddSubtract_Repeat.class
-rw-rw-r--   1 travis travis    791 Jul 11 02:11 Repeat$_Repeat$_fireFunction_Repeat_AddSubtract_Repeat$__f_sL_0.class
-rw-rw-r--   1 travis travis    909 Jul 11 02:11 Repeat$_Repeat$_fireFunction_Repeat_AddSubtract_Repeat$__f_sL_1.class
-rw-rw-r--   1 travis travis    915 Jul 11 02:11 Repeat$_Repeat$_fireFunction_Repeat_AddSubtract_Repeat$__f_sL_2.class
-rw-rw-r--   1 travis travis    843 Jul 11 02:11 Repeat$_Repeat$_fireFunction_Repeat_AddSubtract_Repeat$__f_sL_3.class
-rw-rw-r--   1 travis travis    738 Jul 11 02:11 Repeat$_Repeat$_fireFunction_Repeat_Ramp2_Repeat$__f_sL_0.class
-rw-rw-r--   1 travis travis    869 Jul 11 02:11 Repeat$_Repeat$_fireFunction_Repeat_Test_Repeat$__f_sL_0.class
-rw-rw-r--   1 travis travis    615 Jul 11 02:11 Repeat$_Repeat$_fireFunction_Repeat_Test_Repeat$__f_sL_1.class
-rw-rw-r--   1 travis travis    685 Jul 11 02:11 Repeat$_Repeat_SDF_Director_run_Repeat$__R_sL_0.class
-rw-rw-r--   1 travis travis    686 Jul 11 02:11 Repeat$_Repeat_SDF_Director_run_Repeat$__R_sL_11.class
-rw-rw-r--   1 travis travis    542 Jul 11 02:11 Repeat$_Repeat_SDF_Director_run_Repeat$__R_sL_13.class
-rw-rw-r--   1 travis travis    540 Jul 11 02:11 Repeat$_Repeat_SDF_Director_run_Repeat$__R_sL_2.class
-rw-rw-r--   1 travis travis    684 Jul 11 02:11 Repeat$_Repeat_SDF_Director_run_Repeat$__R_sL_3.class
-rw-rw-r--   1 travis travis    540 Jul 11 02:11 Repeat$_Repeat_SDF_Director_run_Repeat$__R_sL_5.class
-rw-rw-r--   1 travis travis    540 Jul 11 02:11 Repeat$_Repeat_SDF_Director_run_Repeat$__R_sL_8.class
drwxrwxr-x   2 travis travis   4096 Jul 11 02:11 RepeatVariables
-rw-rw-r--   1 travis travis    863 Jul 11 02:11 Repeat$_varinit_Repeat.class
-rw-rw-r--   1 travis travis    531 Jul 11 02:11 Repeat$_varinit_Repeat$__v_sL_2.class
-rw-rw-r--   1 travis travis    905 Jul 11 02:11 Repeat$_varinit_Repeat$__v_sL_4.class
-rw-rw-r--   1 travis travis    959 Jul 11 02:11 Repeat$_wrapup_Repeat$__w_sL_1.class
drwxrwxr-x   3 travis travis  20480 Jul 11 02:06 Sinewave
drwxrwxr-x   3 travis travis  32768 Jul 11 02:08 StringFunction
drwxrwxr-x   3 travis travis  12288 Jul 11 02:08 StringLength
drwxrwxr-x   3 travis travis  61440 Jul 11 02:09 StringMatches2
drwxrwxr-x   3 travis travis  61440 Jul 11 02:09 StringSimpleReplace
drwxrwxr-x   3 travis travis  65536 Jul 11 02:09 StringSubstring
drwxrwxr-x   3 travis travis  24576 Jul 11 02:09 StringSubstring2
drwxrwxr-x   3 travis travis  16384 Jul 11 02:10 time1
drwxrwxr-x   3 travis travis  12288 Jul 11 02:10 time5
-rw-rw-r--   1 travis travis    432 Jul 11 02:11 Token.class
-rw-rw-r--   1 travis travis    251 Jul 11 02:11 Token.java
-rwxrwxr-x   1 travis travis 466992 Jul 11 02:03 top
-rw-rw-r--   1 travis travis  20502 Jul 11 02:03 top.c
-rw-rw-r--   1 travis travis   3799 Jul 11 02:11 top.class
-rw-rw-r--   1 travis travis   1257 Jul 11 02:11 top.mk
In "/home/travis/cg", about to execute:
    javac -classpath
.:/home/travis/build/icyphy/ptII:/home/travis/build/icyphy/ptII/lib/bsh-2.0b4.j
ar:/home/travis/build/icyphy/ptII/lib/ptCal.jar:/home/travis/build/icyphy/ptII/
lib/java_cup.jar:/home/travis/build/icyphy/ptII/lib/saxon8.jar:/home/travis/bui
ld/icyphy/ptII/lib/saxon8-dom.jar:/home/travis/build/icyphy/ptII/lib/chic.jar:/
home/travis/build/icyphy/ptII/lib/ptcolt.jar:/home/travis/build/icyphy/ptII/ven
dors/misc/itext/iText.jar:/home/travis/build/icyphy/ptII/lib/g4ltl.jar:/home/tr
avis/build/icyphy/ptII/lib/StructuralCoder.jar:/home/travis/build/icyphy/ptII/v
endors/jai-1_1_2_01/lib/jai_core.jar:/home/travis/build/icyphy/ptII/vendors/jai
-1_1_2_01/lib/jai_codec.jar:/home/travis/build/icyphy/ptII/lib/jcerti.jar:/home
/travis/build/icyphy/ptII/lib/javax.mail.jar:/usr/share/java/openjfx/jre/lib/ex
t/jfxrt.jar:/usr/lib/jvm/java-8-openjdk-amd64/jre/lib/ext/jfxrt.jar:/home/travi
s/build/icyphy/ptII/vendors/JMF-2.1.1e/lib/jmf.jar:/home/travis/build/icyphy/pt
II/lib/jna-4.0.0-variadic.jar:/home/travis/build/icyphy/ptII/vendors/misc/joyst
ick/Joystick.jar:/home/travis/build/icyphy/ptII/lib/ptjacl.jar:/home/travis/bui
ld/icyphy/ptII/lib/jsoup-1.8.2.jar:/home/travis/build/icyphy/ptII/lib/junit-4.8
.2.jar:/home/travis/build/icyphy/ptII/lib/JUnitParams-0.4.0.jar:/home/travis/bu
ild/icyphy/ptII/ptolemy/actor/lib/excel/jxl.jar:/home/travis/build/icyphy/ptII/
lib/jython.jar:/home/travis/build/icyphy/ptII/lib/kieler.jar:/home/travis/build
/icyphy/ptII/lib/opencv-341.jar:/home/travis/build/icyphy/ptII/lib/oscP5.jar:/h
ome/travis/build/icyphy/ptII/lib/nrjavaserial-3.11.0.devel.jar:/home/travis/bui
ld/icyphy/ptII/vendors/j3d/lib/j3dcore.jar:/home/travis/build/icyphy/ptII/vendo
rs/j3d/lib/j3dutils.jar:/home/travis/build/icyphy/ptII/vendors/j3d/lib/vecmath.
jar:/home/travis/build/icyphy/ptII/ptolemy/distributed/jini/jar/jini-core.jar:/
home/travis/build/icyphy/ptII/ptolemy/distributed/jini/jar/jini-ext.jar:/home/t
ravis/build/icyphy/ptII/ptolemy/distributed/jini/jar/sun-util.jar:/home/travis/
build/icyphy/ptII/lib/protobuf-java-2.4.1.jar:/home/travis/build/icyphy/ptII/li
b/org.eclipse.paho.client.mqttv3.jar:/home/travis/build/icyphy/ptII/lib/mapss.j
ar:/home/travis/build/icyphy/ptII/ptolemy/actor/ptalon/antlr/antlr.jar:/home/tr
avis/build/icyphy/ptII/lib/JRI.jar:/home/travis/build/icyphy/ptII/lib/commons-l
ang-2.6.jar:/home/travis/build/icyphy/ptII/lib/commons-logging-1.1.1.jar:/home/
travis/build/icyphy/ptII/lib/sootclasses.jar:/home/travis/build/icyphy/ptII/pto
lemy/actor/lib/database/mysql-connector-java-5.1.6-bin.jar:/home/travis/build/i
cyphy/ptII/vendors/misc/sphinx4/sphinx4-data-5prealpha.jar:/home/travis/build/i
cyphy/ptII/vendors/misc/sphinx4/sphinx4-core-5prealpha.jar:/home/travis/build/i
cyphy/ptII/lib/PDFRenderer.jar:/home/travis/build/icyphy/ptII/lib/svgSalamander
.jar:/home/travis/build/icyphy/ptII/lib/rsyntaxtextarea-2.6.0-SNAPSHOT.jar:/hom
e/travis/build/icyphy/ptII/lib/hazelcast-3.8.2.jar:/home/travis/build/icyphy/pt
II/lib/jackson-annotations-2.9.0.jar:/home/travis/build/icyphy/ptII/lib/jackson
-core-2.9.3.jar:/home/travis/build/icyphy/ptII/lib/jackson-databind-2.9.3.jar:/
home/travis/build/icyphy/ptII/lib/netty-buffer-4.1.19.Final.jar:/home/travis/bu
ild/icyphy/ptII/lib/netty-codec-4.1.19.Final.jar:/home/travis/build/icyphy/ptII
/lib/netty-codec-dns-4.1.19.Final.jar:/home/travis/build/icyphy/ptII/lib/netty-
codec-http-4.1.19.Final.jar:/home/travis/build/icyphy/ptII/lib/netty-codec-http
2-4.1.19.Final.jar:/home/travis/build/icyphy/ptII/lib/netty-common-4.1.19.Final
.jar:/home/travis/build/icyphy/ptII/lib/netty-handler-4.1.19.Final.jar:/home/tr
avis/build/icyphy/ptII/lib/netty-resolver-4.1.19.Final.jar:/home/travis/build/i
cyphy/ptII/lib/netty-resolver-dns-4.1.19.Final.jar:/home/travis/build/icyphy/pt
II/lib/netty-transport-4.1.19.Final.jar:/home/travis/build/icyphy/ptII/lib/vert
x-codegen-3.5.1.jar:/home/travis/build/icyphy/ptII/lib/vertx-core-3.5.2-SNAPSHO
T.jar:/home/travis/build/icyphy/ptII/lib/vertx-hazelcast-3.5.1.jar:/home/travis
/build/icyphy/ptII/lib/vertx-lang-js-3.5.1.jar:/home/travis/build/icyphy/ptII/l
ib/vertx-service-proxy-3.5.1.jar:/home/travis/build/icyphy/ptII/lib/vertx-web-3
.5.1.jar:/home/travis/build/icyphy/ptII/lib/slf4j-api-1.7.13.jar:/home/travis/b
uild/icyphy/ptII/lib/slf4j-simple-1.7.13.jar:/home/travis/build/icyphy/ptII/lib
/webcam-capture-0.3.12.jar:/home/travis/build/icyphy/ptII/lib/bridj-0.7.0.jar:/
home/travis/build/icyphy/ptII/lib/xbjlib-1.1.0.nrjavaserial.jar:/home/travis/bu
ild/icyphy/ptII/ptolemy/moml/test:/home/travis/build/icyphy/ptII/ant/lib/ant-la
uncher.jar:/home/travis/build/icyphy/ptII/ant/lib/ant.jar:/home/travis/build/ic
yphy/ptII/ant/lib/ant-junit.jar:/home/travis/build/icyphy/ptII/ant/lib/ant-juni
t4.jar:/home/travis/build/icyphy/ptII ModularCG_A2_B2_profile.java
All Done
Writing ModularCG_A2_B2.java in file:/home/travis/cg/ (9730 characters)
Reading "ptolemy/cg/kernel/generic/program/procedural/java/modular/makefile.in",
    writing "/home/travis/cg/ModularCG_A2_B2.mk"
Using ptolemy/cg/kernel/generic/program/procedural/java/modular/makefile.in
In "/home/travis/cg", about to execute:
    make -f ModularCG_A2_B2.mk
javac -classpath ".:.."    ModularCG_A2_B2.java
All Done
In "/home/travis/cg", about to execute:
    pwd
/home/travis/cg
In "/home/travis/cg", about to execute:
    ls -l
total 1540
drwxrwxr-x   3 travis travis  12288 Jul 11 02:04 AbsoluteValue
drwxrwxr-x   3 travis travis 102400 Jul 11 02:03 AllColt
drwxrwxr-x   3 travis travis  12288 Jul 11 02:04 Case1
-rw-rw-r--   1 travis travis   5104 Jul 11 02:11 CompiledCompositeActor_CompiledCompositeActor.class
-rw-rw-r--   1 travis travis   1592 Jul 11 02:11 CompiledCompositeActor_CompiledCompositeActor$_CompiledCompositeActor_CompiledCompositeActor.class
-rw-rw-r--   1 travis travis  13466 Jul 11 02:11 CompiledCompositeActor_CompiledCompositeActor.java
-rw-rw-r--   1 travis travis   1593 Jul 11 02:11 CompiledCompositeActor_CompiledCompositeActor.mk
drwxrwxr-x   5 travis travis   4096 Jul 11 02:03 fmi
drwxrwxr-x   3 travis travis  16384 Jul 11 02:05 Gaussian2
-rw-rw-r--   1 travis travis   4660 Jul 11 02:11 JavaCompiledCompositeTest1_CompiledCompositeActor.class
-rw-rw-r--   1 travis travis  11637 Jul 11 02:11 JavaCompiledCompositeTest1_CompiledCompositeActor.java
-rw-rw-r--   1 travis travis   1198 Jul 11 02:11 JavaCompiledCompositeTest1_CompiledCompositeActor$_JavaCompiledCompositeTest1_CompiledCompositeActor.class
-rw-rw-r--   1 travis travis   1625 Jul 11 02:11 JavaCompiledCompositeTest1_CompiledCompositeActor.mk
-rw-rw-r--   1 travis travis   5091 Jul 11 02:11 JavaCompiledCompositeTest2_CompiledCompositeActor.class
-rw-rw-r--   1 travis travis  14919 Jul 11 02:11 JavaCompiledCompositeTest2_CompiledCompositeActor.java
-rw-rw-r--   1 travis travis   1793 Jul 11 02:11 JavaCompiledCompositeTest2_CompiledCompositeActor$_JavaCompiledCompositeTest2_CompiledCompositeActor.class
-rw-rw-r--   1 travis travis   1625 Jul 11 02:11 JavaCompiledCompositeTest2_CompiledCompositeActor.mk
-rw-rw-r--   1 travis travis   4708 Jul 11 02:11 JavaCompiledCompositeTest3_CompiledCompositeActor.class
-rw-rw-r--   1 travis travis  13080 Jul 11 02:11 JavaCompiledCompositeTest3_CompiledCompositeActor.java
-rw-rw-r--   1 travis travis   1378 Jul 11 02:11 JavaCompiledCompositeTest3_CompiledCompositeActor$_JavaCompiledCompositeTest3_CompiledCompositeActor.class
-rw-rw-r--   1 travis travis   1625 Jul 11 02:11 JavaCompiledCompositeTest3_CompiledCompositeActor.mk
-rw-rw-r--   1 travis travis   4159 Jul 11 02:11 JavaCompiledCompositeTest4_CompiledCompositeActor.class
-rw-rw-r--   1 travis travis   9687 Jul 11 02:11 JavaCompiledCompositeTest4_CompiledCompositeActor.java
-rw-rw-r--   1 travis travis    857 Jul 11 02:11 JavaCompiledCompositeTest4_CompiledCompositeActor$_JavaCompiledCompositeTest4_CompiledCompositeActor.class
-rw-rw-r--   1 travis travis   1625 Jul 11 02:11 JavaCompiledCompositeTest4_CompiledCompositeActor.mk
drwxrwxr-x   3 travis travis  12288 Jul 11 02:05 LookupTable
drwxrwxr-x   3 travis travis  20480 Jul 11 02:05 MaxIndex
-rw-rw-r--   1 travis travis   3925 Jul 11 02:11 ModularCG_A1_B1.class
-rw-rw-r--   1 travis travis   9730 Jul 11 02:11 ModularCG_A1_B1.java
-rw-rw-r--   1 travis travis    832 Jul 11 02:11 ModularCG_A1_B1.mk
-rw-rw-r--   1 travis travis   1318 Jul 11 02:11 ModularCG_A1_B1_profile.class
-rw-rw-r--   1 travis travis   1262 Jul 11 02:11 ModularCG_A1_B1_profile.java
-rw-rw-r--   1 travis travis   3925 Jul 11 02:11 ModularCG_A1_B2.class
-rw-rw-r--   1 travis travis   9730 Jul 11 02:11 ModularCG_A1_B2.java
-rw-rw-r--   1 travis travis    832 Jul 11 02:11 ModularCG_A1_B2.mk
-rw-rw-r--   1 travis travis   1318 Jul 11 02:11 ModularCG_A1_B2_profile.class
-rw-rw-r--   1 travis travis   1262 Jul 11 02:11 ModularCG_A1_B2_profile.java
-rw-rw-r--   1 travis travis   5031 Jul 11 02:11 ModularCG_A1.class
-rw-rw-r--   1 travis travis  14742 Jul 11 02:11 ModularCG_A1.java
-rw-rw-r--   1 travis travis    808 Jul 11 02:11 ModularCG_A1.mk
-rw-rw-r--   1 travis travis   1433 Jul 11 02:11 ModularCG_A1_profile.class
-rw-rw-r--   1 travis travis   1704 Jul 11 02:11 ModularCG_A1_profile.java
-rw-rw-r--   1 travis travis   4059 Jul 11 02:11 ModularCG_A2_B1.class
-rw-rw-r--   1 travis travis  10667 Jul 11 02:11 ModularCG_A2_B1.java
-rw-rw-r--   1 travis travis    832 Jul 11 02:11 ModularCG_A2_B1.mk
In "/home/travis/cg", about to execute:
-rw-rw-r--   1 travis travis   1381 Jul 11 02:11 ModularCG_A2_B1_profile.class
-rw-rw-r--   1 travis travis   1446 Jul 11 02:11 ModularCG_A2_B1_profile.java
-rw-rw-r--   1 travis travis   3925 Jul 11 02:11 ModularCG_A2_B2.class
-rw-rw-r--   1 travis travis   9730 Jul 11 02:11 ModularCG_A2_B2.java
-rw-rw-r--   1 travis travis    832 Jul 11 02:11 ModularCG_A2_B2.mk
-rw-rw-r--   1 travis travis   1318 Jul 11 02:11 ModularCG_A2_B2_profile.class
-rw-rw-r--   1 travis travis   1262 Jul 11 02:11 ModularCG_A2_B2_profile.java
-rw-rw-r--   1 travis travis   1704 Jul 11 02:11 ModularCG_A2_profile.java
-rw-rw-r--   1 travis travis   3724 Jul 11 02:11 ModularCodeGenTest_A1_A2.class
-rw-rw-r--   1 travis travis   9164 Jul 11 02:11 ModularCodeGenTest_A1_A2.java
-rw-rw-r--   1 travis travis   1306 Jul 11 02:11 ModularCodeGenTest_A1_A2_profile.class
-rw-rw-r--   1 travis travis   4055 Jul 11 02:11 ModularCodeGenTest_A1.class
-rw-rw-r--   1 travis travis   9968 Jul 11 02:11 ModularCodeGenTest_A1.java
-rw-rw-r--   1 travis travis    880 Jul 11 02:11 ModularCodeGenTest_A1.mk
-rw-rw-r--   1 travis travis   1352 Jul 11 02:11 ModularCodeGenTest_A1_profile.class
-rw-rw-r--   1 travis travis   1394 Jul 11 02:11 ModularCodeGenTest_A1_profile.java
drwxrwxr-x   3 travis travis  32768 Jul 11 02:10 modulation2
drwxrwxr-x 139 travis travis  12288 Jul 11 02:11 node_modules
drwxrwxr-x   3 travis travis  20480 Jul 11 02:06 PhaseUnwrap
drwxrwxr-x   3 travis travis  12288 Jul 11 02:06 ReadFile1
-rw-rw-r--   1 travis travis     11 Jul 11 02:06 ReadFile1Output.txt
-rw-rw-r--   1 travis travis   9615 Jul 11 02:11 Repeat.class
-rw-rw-r--   1 travis travis    666 Jul 11 02:11 Repeat$_fireFunction_Repeat_Repeat$__f_sL_11.class
-rw-rw-r--   1 travis travis    522 Jul 11 02:11 Repeat$_fireFunction_Repeat_Repeat$__f_sL_12.class
-rw-rw-r--   1 travis travis    522 Jul 11 02:11 Repeat$_fireFunction_Repeat_Repeat$__f_sL_13.class
-rw-rw-r--   1 travis travis    522 Jul 11 02:11 Repeat$_fireFunction_Repeat_Repeat$__f_sL_14.class
-rw-rw-r--   1 travis travis    665 Jul 11 02:11 Repeat$_fireFunction_Repeat_Repeat$__f_sL_1.class
-rw-rw-r--   1 travis travis    664 Jul 11 02:11 Repeat$_fireFunction_Repeat_Repeat$__f_sL_4.class
-rw-rw-r--   1 travis travis    520 Jul 11 02:11 Repeat$_fireFunction_Repeat_Repeat$__f_sL_9.class
-rw-rw-r--   1 travis travis    475 Jul 11 02:11 Repeat$_initialize_Repeat$__i_sL_2.class
-rw-rw-r--   1 travis travis   1281 Jul 11 02:10 Repeat.mk
-rw-rw-r--   1 travis travis    520 Jul 11 02:11 Repeat$_preinitializeMethod_Repeat$__p_sL_0.class
-rw-rw-r--   1 travis travis   1083 Jul 11 02:11 Repeat$_Repeat$_fireFunction_Repeat_AddSubtract_Repeat.class
-rw-rw-r--   1 travis travis    791 Jul 11 02:11 Repeat$_Repeat$_fireFunction_Repeat_AddSubtract_Repeat$__f_sL_0.class
-rw-rw-r--   1 travis travis    909 Jul 11 02:11 Repeat$_Repeat$_fireFunction_Repeat_AddSubtract_Repeat$__f_sL_1.class
-rw-rw-r--   1 travis travis    915 Jul 11 02:11 Repeat$_Repeat$_fireFunction_Repeat_AddSubtract_Repeat$__f_sL_2.class
-rw-rw-r--   1 travis travis    843 Jul 11 02:11 Repeat$_Repeat$_fireFunction_Repeat_AddSubtract_Repeat$__f_sL_3.class
-rw-rw-r--   1 travis travis    738 Jul 11 02:11 Repeat$_Repeat$_fireFunction_Repeat_Ramp2_Repeat$__f_sL_0.class
-rw-rw-r--   1 travis travis    869 Jul 11 02:11 Repeat$_Repeat$_fireFunction_Repeat_Test_Repeat$__f_sL_0.class
-rw-rw-r--   1 travis travis    615 Jul 11 02:11 Repeat$_Repeat$_fireFunction_Repeat_Test_Repeat$__f_sL_1.class
-rw-rw-r--   1 travis travis    685 Jul 11 02:11 Repeat$_Repeat_SDF_Director_run_Repeat$__R_sL_0.class
-rw-rw-r--   1 travis travis    686 Jul 11 02:11 Repeat$_Repeat_SDF_Director_run_Repeat$__R_sL_11.class
-rw-rw-r--   1 travis travis    542 Jul 11 02:11 Repeat$_Repeat_SDF_Director_run_Repeat$__R_sL_13.class
-rw-rw-r--   1 travis travis    540 Jul 11 02:11 Repeat$_Repeat_SDF_Director_run_Repeat$__R_sL_2.class
-rw-rw-r--   1 travis travis    684 Jul 11 02:11 Repeat$_Repeat_SDF_Director_run_Repeat$__R_sL_3.class
-rw-rw-r--   1 travis travis    540 Jul 11 02:11 Repeat$_Repeat_SDF_Director_run_Repeat$__R_sL_5.class
-rw-rw-r--   1 travis travis    540 Jul 11 02:11 Repeat$_Repeat_SDF_Director_run_Repeat$__R_sL_8.class
drwxrwxr-x   2 travis travis   4096 Jul 11 02:11 RepeatVariables
-rw-rw-r--   1 travis travis    863 Jul 11 02:11 Repeat$_varinit_Repeat.class
-rw-rw-r--   1 travis travis    531 Jul 11 02:11 Repeat$_varinit_Repeat$__v_sL_2.class
-rw-rw-r--   1 travis travis    905 Jul 11 02:11 Repeat$_varinit_Repeat$__v_sL_4.class
-rw-rw-r--   1 travis travis    959 Jul 11 02:11 Repeat$_wrapup_Repeat$__w_sL_1.class
drwxrwxr-x   3 travis travis  20480 Jul 11 02:06 Sinewave
drwxrwxr-x   3 travis travis  32768 Jul 11 02:08 StringFunction
drwxrwxr-x   3 travis travis  12288 Jul 11 02:08 StringLength
drwxrwxr-x   3 travis travis  61440 Jul 11 02:09 StringMatches2
drwxrwxr-x   3 travis travis  61440 Jul 11 02:09 StringSimpleReplace
drwxrwxr-x   3 travis travis  65536 Jul 11 02:09 StringSubstring
drwxrwxr-x   3 travis travis  24576 Jul 11 02:09 StringSubstring2
drwxrwxr-x   3 travis travis  16384 Jul 11 02:10 time1
drwxrwxr-x   3 travis travis  12288 Jul 11 02:10 time5
-rw-rw-r--   1 travis travis    432 Jul 11 02:11 Token.class
-rw-rw-r--   1 travis travis    251 Jul 11 02:11 Token.java
-rwxrwxr-x   1 travis travis 466992 Jul 11 02:03 top
-rw-rw-r--   1 travis travis  20502 Jul 11 02:03 top.c
-rw-rw-r--   1 travis travis   3799 Jul 11 02:11 top.class
-rw-rw-r--   1 travis travis   1257 Jul 11 02:11 top.mk
    javac -classpath
.:/home/travis/build/icyphy/ptII:/home/travis/build/icyphy/ptII/lib/bsh-2.0b4.j
ar:/home/travis/build/icyphy/ptII/lib/ptCal.jar:/home/travis/build/icyphy/ptII/
lib/java_cup.jar:/home/travis/build/icyphy/ptII/lib/saxon8.jar:/home/travis/bui
ld/icyphy/ptII/lib/saxon8-dom.jar:/home/travis/build/icyphy/ptII/lib/chic.jar:/
home/travis/build/icyphy/ptII/lib/ptcolt.jar:/home/travis/build/icyphy/ptII/ven
dors/misc/itext/iText.jar:/home/travis/build/icyphy/ptII/lib/g4ltl.jar:/home/tr
avis/build/icyphy/ptII/lib/StructuralCoder.jar:/home/travis/build/icyphy/ptII/v
endors/jai-1_1_2_01/lib/jai_core.jar:/home/travis/build/icyphy/ptII/vendors/jai
-1_1_2_01/lib/jai_codec.jar:/home/travis/build/icyphy/ptII/lib/jcerti.jar:/home
/travis/build/icyphy/ptII/lib/javax.mail.jar:/usr/share/java/openjfx/jre/lib/ex
t/jfxrt.jar:/usr/lib/jvm/java-8-openjdk-amd64/jre/lib/ext/jfxrt.jar:/home/travi
s/build/icyphy/ptII/vendors/JMF-2.1.1e/lib/jmf.jar:/home/travis/build/icyphy/pt
II/lib/jna-4.0.0-variadic.jar:/home/travis/build/icyphy/ptII/vendors/misc/joyst
ick/Joystick.jar:/home/travis/build/icyphy/ptII/lib/ptjacl.jar:/home/travis/bui
ld/icyphy/ptII/lib/jsoup-1.8.2.jar:/home/travis/build/icyphy/ptII/lib/junit-4.8
.2.jar:/home/travis/build/icyphy/ptII/lib/JUnitParams-0.4.0.jar:/home/travis/bu
ild/icyphy/ptII/ptolemy/actor/lib/excel/jxl.jar:/home/travis/build/icyphy/ptII/
lib/jython.jar:/home/travis/build/icyphy/ptII/lib/kieler.jar:/home/travis/build
/icyphy/ptII/lib/opencv-341.jar:/home/travis/build/icyphy/ptII/lib/oscP5.jar:/h
ome/travis/build/icyphy/ptII/lib/nrjavaserial-3.11.0.devel.jar:/home/travis/bui
ld/icyphy/ptII/vendors/j3d/lib/j3dcore.jar:/home/travis/build/icyphy/ptII/vendo
rs/j3d/lib/j3dutils.jar:/home/travis/build/icyphy/ptII/vendors/j3d/lib/vecmath.
jar:/home/travis/build/icyphy/ptII/ptolemy/distributed/jini/jar/jini-core.jar:/
home/travis/build/icyphy/ptII/ptolemy/distributed/jini/jar/jini-ext.jar:/home/t
ravis/build/icyphy/ptII/ptolemy/distributed/jini/jar/sun-util.jar:/home/travis/
build/icyphy/ptII/lib/protobuf-java-2.4.1.jar:/home/travis/build/icyphy/ptII/li
b/org.eclipse.paho.client.mqttv3.jar:/home/travis/build/icyphy/ptII/lib/mapss.j
ar:/home/travis/build/icyphy/ptII/ptolemy/actor/ptalon/antlr/antlr.jar:/home/tr
avis/build/icyphy/ptII/lib/JRI.jar:/home/travis/build/icyphy/ptII/lib/commons-l
ang-2.6.jar:/home/travis/build/icyphy/ptII/lib/commons-logging-1.1.1.jar:/home/
travis/build/icyphy/ptII/lib/sootclasses.jar:/home/travis/build/icyphy/ptII/pto
lemy/actor/lib/database/mysql-connector-java-5.1.6-bin.jar:/home/travis/build/i
cyphy/ptII/vendors/misc/sphinx4/sphinx4-data-5prealpha.jar:/home/travis/build/i
cyphy/ptII/vendors/misc/sphinx4/sphinx4-core-5prealpha.jar:/home/travis/build/i
cyphy/ptII/lib/PDFRenderer.jar:/home/travis/build/icyphy/ptII/lib/svgSalamander
.jar:/home/travis/build/icyphy/ptII/lib/rsyntaxtextarea-2.6.0-SNAPSHOT.jar:/hom
e/travis/build/icyphy/ptII/lib/hazelcast-3.8.2.jar:/home/travis/build/icyphy/pt
II/lib/jackson-annotations-2.9.0.jar:/home/travis/build/icyphy/ptII/lib/jackson
-core-2.9.3.jar:/home/travis/build/icyphy/ptII/lib/jackson-databind-2.9.3.jar:/
home/travis/build/icyphy/ptII/lib/netty-buffer-4.1.19.Final.jar:/home/travis/bu
ild/icyphy/ptII/lib/netty-codec-4.1.19.Final.jar:/home/travis/build/icyphy/ptII
/lib/netty-codec-dns-4.1.19.Final.jar:/home/travis/build/icyphy/ptII/lib/netty-
codec-http-4.1.19.Final.jar:/home/travis/build/icyphy/ptII/lib/netty-codec-http
2-4.1.19.Final.jar:/home/travis/build/icyphy/ptII/lib/netty-common-4.1.19.Final
.jar:/home/travis/build/icyphy/ptII/lib/netty-handler-4.1.19.Final.jar:/home/tr
avis/build/icyphy/ptII/lib/netty-resolver-4.1.19.Final.jar:/home/travis/build/i
cyphy/ptII/lib/netty-resolver-dns-4.1.19.Final.jar:/home/travis/build/icyphy/pt
II/lib/netty-transport-4.1.19.Final.jar:/home/travis/build/icyphy/ptII/lib/vert
x-codegen-3.5.1.jar:/home/travis/build/icyphy/ptII/lib/vertx-core-3.5.2-SNAPSHO
T.jar:/home/travis/build/icyphy/ptII/lib/vertx-hazelcast-3.5.1.jar:/home/travis
/build/icyphy/ptII/lib/vertx-lang-js-3.5.1.jar:/home/travis/build/icyphy/ptII/l
ib/vertx-service-proxy-3.5.1.jar:/home/travis/build/icyphy/ptII/lib/vertx-web-3
.5.1.jar:/home/travis/build/icyphy/ptII/lib/slf4j-api-1.7.13.jar:/home/travis/b
uild/icyphy/ptII/lib/slf4j-simple-1.7.13.jar:/home/travis/build/icyphy/ptII/lib
/webcam-capture-0.3.12.jar:/home/travis/build/icyphy/ptII/lib/bridj-0.7.0.jar:/
home/travis/build/icyphy/ptII/lib/xbjlib-1.1.0.nrjavaserial.jar:/home/travis/bu
ild/icyphy/ptII/ptolemy/moml/test:/home/travis/build/icyphy/ptII/ant/lib/ant-la
uncher.jar:/home/travis/build/icyphy/ptII/ant/lib/ant.jar:/home/travis/build/ic
yphy/ptII/ant/lib/ant-junit.jar:/home/travis/build/icyphy/ptII/ant/lib/ant-juni
t4.jar:/home/travis/build/icyphy/ptII ModularCG_A2_profile.java
All Done
Writing ModularCG_A2.java in file:/home/travis/cg/ (15129 characters)
Reading "ptolemy/cg/kernel/generic/program/procedural/java/modular/makefile.in",
    writing "/home/travis/cg/ModularCG_A2.mk"
Using ptolemy/cg/kernel/generic/program/procedural/java/modular/makefile.in
In "/home/travis/cg", about to execute:
    make -f ModularCG_A2.mk
javac -classpath ".:.."    ModularCG_A2.java
All Done
Manager.initialize() finished: 20335 ms. Memory: 193536K Free: 96942K (50%)
20339 ms. Memory: 193536K Free: 96428K (50%)
----------------- Invoking toplevel() on ptolemy.moml.MoMLSimpleApplication@4162ade1
----------------- Done invoking toplevel() on ptolemy.moml.MoMLSimpleApplication@4162ade1
reloadAllAccessors: .ModularCG

===========================================================================================
----------------- testing Thu Jul 11 02:11:57 UTC 2019 /home/travis/build/icyphy/ptII/ptolemy/cg/lib/test/auto/ModularCGPubSub.xml
----------------- Instantiating /home/travis/build/icyphy/ptII/ptolemy/cg/lib/test/auto/ModularCGPubSub.xml
In "/home/travis/cg", about to execute:
    pwd
In "/home/travis/cg", about to execute:
    ls -l
/home/travis/cg
In "/home/travis/cg", about to execute:
    javac -classpath
.:/home/travis/build/icyphy/ptII:/home/travis/build/icyphy/ptII/lib/bsh-2.0b4.j
ar:/home/travis/build/icyphy/ptII/lib/ptCal.jar:/home/travis/build/icyphy/ptII/
lib/java_cup.jar:/home/travis/build/icyphy/ptII/lib/saxon8.jar:/home/travis/bui
ld/icyphy/ptII/lib/saxon8-dom.jar:/home/travis/build/icyphy/ptII/lib/chic.jar:/
home/travis/build/icyphy/ptII/lib/ptcolt.jar:/home/travis/build/icyphy/ptII/ven
dors/misc/itext/iText.jar:/home/travis/build/icyphy/ptII/lib/g4ltl.jar:/home/tr
avis/build/icyphy/ptII/lib/StructuralCoder.jar:/home/travis/build/icyphy/ptII/v
endors/jai-1_1_2_01/lib/jai_core.jar:/home/travis/build/icyphy/ptII/vendors/jai
-1_1_2_01/lib/jai_codec.jar:/home/travis/build/icyphy/ptII/lib/jcerti.jar:/home
/travis/build/icyphy/ptII/lib/javax.mail.jar:/usr/share/java/openjfx/jre/lib/ex
t/jfxrt.jar:/usr/lib/jvm/java-8-openjdk-amd64/jre/lib/ext/jfxrt.jar:/home/travi
s/build/icyphy/ptII/vendors/JMF-2.1.1e/lib/jmf.jar:/home/travis/build/icyphy/pt
II/lib/jna-4.0.0-variadic.jar:/home/travis/build/icyphy/ptII/vendors/misc/joyst
ick/Joystick.jar:/home/travis/build/icyphy/ptII/lib/ptjacl.jar:/home/travis/bui
ld/icyphy/ptII/lib/jsoup-1.8.2.jar:/home/travis/build/icyphy/ptII/lib/junit-4.8
.2.jar:/home/travis/build/icyphy/ptII/lib/JUnitParams-0.4.0.jar:/home/travis/bu
ild/icyphy/ptII/ptolemy/actor/lib/excel/jxl.jar:/home/travis/build/icyphy/ptII/
lib/jython.jar:/home/travis/build/icyphy/ptII/lib/kieler.jar:/home/travis/build
/icyphy/ptII/lib/opencv-341.jar:/home/travis/build/icyphy/ptII/lib/oscP5.jar:/h
ome/travis/build/icyphy/ptII/lib/nrjavaserial-3.11.0.devel.jar:/home/travis/bui
ld/icyphy/ptII/vendors/j3d/lib/j3dcore.jar:/home/travis/build/icyphy/ptII/vendo
rs/j3d/lib/j3dutils.jar:/home/travis/build/icyphy/ptII/vendors/j3d/lib/vecmath.
jar:/home/travis/build/icyphy/ptII/ptolemy/distributed/jini/jar/jini-core.jar:/
home/travis/build/icyphy/ptII/ptolemy/distributed/jini/jar/jini-ext.jar:/home/t
ravis/build/icyphy/ptII/ptolemy/distributed/jini/jar/sun-util.jar:/home/travis/
build/icyphy/ptII/lib/protobuf-java-2.4.1.jar:/home/travis/build/icyphy/ptII/li
b/org.eclipse.paho.client.mqttv3.jar:/home/travis/build/icyphy/ptII/lib/mapss.j
ar:/home/travis/build/icyphy/ptII/ptolemy/actor/ptalon/antlr/antlr.jar:/home/tr
avis/build/icyphy/ptII/lib/JRI.jar:/home/travis/build/icyphy/ptII/lib/commons-l
ang-2.6.jar:/home/travis/build/icyphy/ptII/lib/commons-logging-1.1.1.jar:/home/
travis/build/icyphy/ptII/lib/sootclasses.jar:/home/travis/build/icyphy/ptII/pto
lemy/actor/lib/database/mysql-connector-java-5.1.6-bin.jar:/home/travis/build/i
cyphy/ptII/vendors/misc/sphinx4/sphinx4-data-5prealpha.jar:/home/travis/build/i
cyphy/ptII/vendors/misc/sphinx4/sphinx4-core-5prealpha.jar:/home/travis/build/i
cyphy/ptII/lib/PDFRenderer.jar:/home/travis/build/icyphy/ptII/lib/svgSalamander
.jar:/home/travis/build/icyphy/ptII/lib/rsyntaxtextarea-2.6.0-SNAPSHOT.jar:/hom
e/travis/build/icyphy/ptII/lib/hazelcast-3.8.2.jar:/home/travis/build/icyphy/pt
II/lib/jackson-annotations-2.9.0.jar:/home/travis/build/icyphy/ptII/lib/jackson
-core-2.9.3.jar:/home/travis/build/icyphy/ptII/lib/jackson-databind-2.9.3.jar:/
home/travis/build/icyphy/ptII/lib/netty-buffer-4.1.19.Final.jar:/home/travis/bu
ild/icyphy/ptII/lib/netty-codec-4.1.19.Final.jar:/home/travis/build/icyphy/ptII
/lib/netty-codec-dns-4.1.19.Final.jar:/home/travis/build/icyphy/ptII/lib/netty-
codec-http-4.1.19.Final.jar:/home/travis/build/icyphy/ptII/lib/netty-codec-http
2-4.1.19.Final.jar:/home/travis/build/icyphy/ptII/lib/netty-common-4.1.19.Final
.jar:/home/travis/build/icyphy/ptII/lib/netty-handler-4.1.19.Final.jar:/home/tr
avis/build/icyphy/ptII/lib/netty-resolver-4.1.19.Final.jar:/home/travis/build/i
cyphy/ptII/lib/netty-resolver-dns-4.1.19.Final.jar:/home/travis/build/icyphy/pt
II/lib/netty-transport-4.1.19.Final.jar:/home/travis/build/icyphy/ptII/lib/vert
x-codegen-3.5.1.jar:/home/travis/build/icyphy/ptII/lib/vertx-core-3.5.2-SNAPSHO
T.jar:/home/travis/build/icyphy/ptII/lib/vertx-hazelcast-3.5.1.jar:/home/travis
/build/icyphy/ptII/lib/vertx-lang-js-3.5.1.jar:/home/travis/build/icyphy/ptII/l
ib/vertx-service-proxy-3.5.1.jar:/home/travis/build/icyphy/ptII/lib/vertx-web-3
.5.1.jar:/home/travis/build/icyphy/ptII/lib/slf4j-api-1.7.13.jar:/home/travis/b
uild/icyphy/ptII/lib/slf4j-simple-1.7.13.jar:/home/travis/build/icyphy/ptII/lib
/webcam-capture-0.3.12.jar:/home/travis/build/icyphy/ptII/lib/bridj-0.7.0.jar:/
home/travis/build/icyphy/ptII/lib/xbjlib-1.1.0.nrjavaserial.jar:/home/travis/bu
ild/icyphy/ptII/ptolemy/moml/test:/home/travis/build/icyphy/ptII/ant/lib/ant-la
uncher.jar:/home/travis/build/icyphy/ptII/ant/lib/ant.jar:/home/travis/build/ic
yphy/ptII/ant/lib/ant-junit.jar:/home/travis/build/icyphy/ptII/ant/lib/ant-juni
t4.jar:/home/travis/build/icyphy/ptII ModularCGPubSub_A1_A2_profile.java
total 1576
drwxrwxr-x   3 travis travis  12288 Jul 11 02:04 AbsoluteValue
drwxrwxr-x   3 travis travis 102400 Jul 11 02:03 AllColt
drwxrwxr-x   3 travis travis  12288 Jul 11 02:04 Case1
-rw-rw-r--   1 travis travis   5104 Jul 11 02:11 CompiledCompositeActor_CompiledCompositeActor.class
-rw-rw-r--   1 travis travis   1592 Jul 11 02:11 CompiledCompositeActor_CompiledCompositeActor$_CompiledCompositeActor_CompiledCompositeActor.class
-rw-rw-r--   1 travis travis  13466 Jul 11 02:11 CompiledCompositeActor_CompiledCompositeActor.java
-rw-rw-r--   1 travis travis   1593 Jul 11 02:11 CompiledCompositeActor_CompiledCompositeActor.mk
drwxrwxr-x   5 travis travis   4096 Jul 11 02:03 fmi
drwxrwxr-x   3 travis travis  16384 Jul 11 02:05 Gaussian2
-rw-rw-r--   1 travis travis   4660 Jul 11 02:11 JavaCompiledCompositeTest1_CompiledCompositeActor.class
-rw-rw-r--   1 travis travis  11637 Jul 11 02:11 JavaCompiledCompositeTest1_CompiledCompositeActor.java
-rw-rw-r--   1 travis travis   1198 Jul 11 02:11 JavaCompiledCompositeTest1_CompiledCompositeActor$_JavaCompiledCompositeTest1_CompiledCompositeActor.class
-rw-rw-r--   1 travis travis   1625 Jul 11 02:11 JavaCompiledCompositeTest1_CompiledCompositeActor.mk
-rw-rw-r--   1 travis travis   5091 Jul 11 02:11 JavaCompiledCompositeTest2_CompiledCompositeActor.class
-rw-rw-r--   1 travis travis  14919 Jul 11 02:11 JavaCompiledCompositeTest2_CompiledCompositeActor.java
-rw-rw-r--   1 travis travis   1793 Jul 11 02:11 JavaCompiledCompositeTest2_CompiledCompositeActor$_JavaCompiledCompositeTest2_CompiledCompositeActor.class
-rw-rw-r--   1 travis travis   1625 Jul 11 02:11 JavaCompiledCompositeTest2_CompiledCompositeActor.mk
-rw-rw-r--   1 travis travis   4708 Jul 11 02:11 JavaCompiledCompositeTest3_CompiledCompositeActor.class
-rw-rw-r--   1 travis travis  13080 Jul 11 02:11 JavaCompiledCompositeTest3_CompiledCompositeActor.java
-rw-rw-r--   1 travis travis   1378 Jul 11 02:11 JavaCompiledCompositeTest3_CompiledCompositeActor$_JavaCompiledCompositeTest3_CompiledCompositeActor.class
-rw-rw-r--   1 travis travis   1625 Jul 11 02:11 JavaCompiledCompositeTest3_CompiledCompositeActor.mk
-rw-rw-r--   1 travis travis   4159 Jul 11 02:11 JavaCompiledCompositeTest4_CompiledCompositeActor.class
-rw-rw-r--   1 travis travis   9687 Jul 11 02:11 JavaCompiledCompositeTest4_CompiledCompositeActor.java
-rw-rw-r--   1 travis travis    857 Jul 11 02:11 JavaCompiledCompositeTest4_CompiledCompositeActor$_JavaCompiledCompositeTest4_CompiledCompositeActor.class
-rw-rw-r--   1 travis travis   1625 Jul 11 02:11 JavaCompiledCompositeTest4_CompiledCompositeActor.mk
drwxrwxr-x   3 travis travis  12288 Jul 11 02:05 LookupTable
drwxrwxr-x   3 travis travis  20480 Jul 11 02:05 MaxIndex
-rw-rw-r--   1 travis travis   3925 Jul 11 02:11 ModularCG_A1_B1.class
-rw-rw-r--   1 travis travis   9730 Jul 11 02:11 ModularCG_A1_B1.java
-rw-rw-r--   1 travis travis    832 Jul 11 02:11 ModularCG_A1_B1.mk
-rw-rw-r--   1 travis travis   1318 Jul 11 02:11 ModularCG_A1_B1_profile.class
-rw-rw-r--   1 travis travis   1262 Jul 11 02:11 ModularCG_A1_B1_profile.java
-rw-rw-r--   1 travis travis   3925 Jul 11 02:11 ModularCG_A1_B2.class
-rw-rw-r--   1 travis travis   9730 Jul 11 02:11 ModularCG_A1_B2.java
-rw-rw-r--   1 travis travis    832 Jul 11 02:11 ModularCG_A1_B2.mk
-rw-rw-r--   1 travis travis   1318 Jul 11 02:11 ModularCG_A1_B2_profile.class
-rw-rw-r--   1 travis travis   1262 Jul 11 02:11 ModularCG_A1_B2_profile.java
-rw-rw-r--   1 travis travis   5031 Jul 11 02:11 ModularCG_A1.class
-rw-rw-r--   1 travis travis  14742 Jul 11 02:11 ModularCG_A1.java
-rw-rw-r--   1 travis travis    808 Jul 11 02:11 ModularCG_A1.mk
-rw-rw-r--   1 travis travis   1433 Jul 11 02:11 ModularCG_A1_profile.class
-rw-rw-r--   1 travis travis   1704 Jul 11 02:11 ModularCG_A1_profile.java
-rw-rw-r--   1 travis travis   4059 Jul 11 02:11 ModularCG_A2_B1.class
-rw-rw-r--   1 travis travis  10667 Jul 11 02:11 ModularCG_A2_B1.java
-rw-rw-r--   1 travis travis    832 Jul 11 02:11 ModularCG_A2_B1.mk
-rw-rw-r--   1 travis travis   1381 Jul 11 02:11 ModularCG_A2_B1_profile.class
-rw-rw-r--   1 travis travis   1446 Jul 11 02:11 ModularCG_A2_B1_profile.java
-rw-rw-r--   1 travis travis   3925 Jul 11 02:11 ModularCG_A2_B2.class
-rw-rw-r--   1 travis travis   9730 Jul 11 02:11 ModularCG_A2_B2.java
-rw-rw-r--   1 travis travis    832 Jul 11 02:11 ModularCG_A2_B2.mk
-rw-rw-r--   1 travis travis   1318 Jul 11 02:11 ModularCG_A2_B2_profile.class
-rw-rw-r--   1 travis travis   1262 Jul 11 02:11 ModularCG_A2_B2_profile.java
-rw-rw-r--   1 travis travis   5102 Jul 11 02:11 ModularCG_A2.class
-rw-rw-r--   1 travis travis  15129 Jul 11 02:11 ModularCG_A2.java
-rw-rw-r--   1 travis travis    808 Jul 11 02:11 ModularCG_A2.mk
-rw-rw-r--   1 travis travis   1433 Jul 11 02:11 ModularCG_A2_profile.class
-rw-rw-r--   1 travis travis   1704 Jul 11 02:11 ModularCG_A2_profile.java
-rw-rw-r--   1 travis travis   1222 Jul 11 02:11 ModularCGPubSub_A1_A2_profile.java
-rw-rw-r--   1 travis travis   3724 Jul 11 02:11 ModularCodeGenTest_A1_A2.class
-rw-rw-r--   1 travis travis   9164 Jul 11 02:11 ModularCodeGenTest_A1_A2.java
-rw-rw-r--   1 travis travis   1306 Jul 11 02:11 ModularCodeGenTest_A1_A2_profile.class
-rw-rw-r--   1 travis travis   4055 Jul 11 02:11 ModularCodeGenTest_A1.class
-rw-rw-r--   1 travis travis   9968 Jul 11 02:11 ModularCodeGenTest_A1.java
-rw-rw-r--   1 travis travis    880 Jul 11 02:11 ModularCodeGenTest_A1.mk
-rw-rw-r--   1 travis travis   1352 Jul 11 02:11 ModularCodeGenTest_A1_profile.class
-rw-rw-r--   1 travis travis   1394 Jul 11 02:11 ModularCodeGenTest_A1_profile.java
drwxrwxr-x   3 travis travis  32768 Jul 11 02:10 modulation2
drwxrwxr-x 139 travis travis  12288 Jul 11 02:11 node_modules
drwxrwxr-x   3 travis travis  20480 Jul 11 02:06 PhaseUnwrap
drwxrwxr-x   3 travis travis  12288 Jul 11 02:06 ReadFile1
-rw-rw-r--   1 travis travis     11 Jul 11 02:06 ReadFile1Output.txt
-rw-rw-r--   1 travis travis   9615 Jul 11 02:11 Repeat.class
-rw-rw-r--   1 travis travis    666 Jul 11 02:11 Repeat$_fireFunction_Repeat_Repeat$__f_sL_11.class
-rw-rw-r--   1 travis travis    522 Jul 11 02:11 Repeat$_fireFunction_Repeat_Repeat$__f_sL_12.class
-rw-rw-r--   1 travis travis    522 Jul 11 02:11 Repeat$_fireFunction_Repeat_Repeat$__f_sL_13.class
-rw-rw-r--   1 travis travis    522 Jul 11 02:11 Repeat$_fireFunction_Repeat_Repeat$__f_sL_14.class
-rw-rw-r--   1 travis travis    665 Jul 11 02:11 Repeat$_fireFunction_Repeat_Repeat$__f_sL_1.class
-rw-rw-r--   1 travis travis    664 Jul 11 02:11 Repeat$_fireFunction_Repeat_Repeat$__f_sL_4.class
-rw-rw-r--   1 travis travis    520 Jul 11 02:11 Repeat$_fireFunction_Repeat_Repeat$__f_sL_9.class
-rw-rw-r--   1 travis travis    475 Jul 11 02:11 Repeat$_initialize_Repeat$__i_sL_2.class
-rw-rw-r--   1 travis travis   1281 Jul 11 02:10 Repeat.mk
-rw-rw-r--   1 travis travis    520 Jul 11 02:11 Repeat$_preinitializeMethod_Repeat$__p_sL_0.class
-rw-rw-r--   1 travis travis   1083 Jul 11 02:11 Repeat$_Repeat$_fireFunction_Repeat_AddSubtract_Repeat.class
-rw-rw-r--   1 travis travis    791 Jul 11 02:11 Repeat$_Repeat$_fireFunction_Repeat_AddSubtract_Repeat$__f_sL_0.class
-rw-rw-r--   1 travis travis    909 Jul 11 02:11 Repeat$_Repeat$_fireFunction_Repeat_AddSubtract_Repeat$__f_sL_1.class
-rw-rw-r--   1 travis travis    915 Jul 11 02:11 Repeat$_Repeat$_fireFunction_Repeat_AddSubtract_Repeat$__f_sL_2.class
-rw-rw-r--   1 travis travis    843 Jul 11 02:11 Repeat$_Repeat$_fireFunction_Repeat_AddSubtract_Repeat$__f_sL_3.class
-rw-rw-r--   1 travis travis    738 Jul 11 02:11 Repeat$_Repeat$_fireFunction_Repeat_Ramp2_Repeat$__f_sL_0.class
-rw-rw-r--   1 travis travis    869 Jul 11 02:11 Repeat$_Repeat$_fireFunction_Repeat_Test_Repeat$__f_sL_0.class
-rw-rw-r--   1 travis travis    615 Jul 11 02:11 Repeat$_Repeat$_fireFunction_Repeat_Test_Repeat$__f_sL_1.class
-rw-rw-r--   1 travis travis    685 Jul 11 02:11 Repeat$_Repeat_SDF_Director_run_Repeat$__R_sL_0.class
-rw-rw-r--   1 travis travis    686 Jul 11 02:11 Repeat$_Repeat_SDF_Director_run_Repeat$__R_sL_11.class
-rw-rw-r--   1 travis travis    542 Jul 11 02:11 Repeat$_Repeat_SDF_Director_run_Repeat$__R_sL_13.class
-rw-rw-r--   1 travis travis    540 Jul 11 02:11 Repeat$_Repeat_SDF_Director_run_Repeat$__R_sL_2.class
-rw-rw-r--   1 travis travis    684 Jul 11 02:11 Repeat$_Repeat_SDF_Director_run_Repeat$__R_sL_3.class
-rw-rw-r--   1 travis travis    540 Jul 11 02:11 Repeat$_Repeat_SDF_Director_run_Repeat$__R_sL_5.class
-rw-rw-r--   1 travis travis    540 Jul 11 02:11 Repeat$_Repeat_SDF_Director_run_Repeat$__R_sL_8.class
drwxrwxr-x   2 travis travis   4096 Jul 11 02:11 RepeatVariables
-rw-rw-r--   1 travis travis    863 Jul 11 02:11 Repeat$_varinit_Repeat.class
-rw-rw-r--   1 travis travis    531 Jul 11 02:11 Repeat$_varinit_Repeat$__v_sL_2.class
-rw-rw-r--   1 travis travis    905 Jul 11 02:11 Repeat$_varinit_Repeat$__v_sL_4.class
-rw-rw-r--   1 travis travis    959 Jul 11 02:11 Repeat$_wrapup_Repeat$__w_sL_1.class
drwxrwxr-x   3 travis travis  20480 Jul 11 02:06 Sinewave
drwxrwxr-x   3 travis travis  32768 Jul 11 02:08 StringFunction
drwxrwxr-x   3 travis travis  12288 Jul 11 02:08 StringLength
drwxrwxr-x   3 travis travis  61440 Jul 11 02:09 StringMatches2
drwxrwxr-x   3 travis travis  61440 Jul 11 02:09 StringSimpleReplace
drwxrwxr-x   3 travis travis  65536 Jul 11 02:09 StringSubstring
drwxrwxr-x   3 travis travis  24576 Jul 11 02:09 StringSubstring2
drwxrwxr-x   3 travis travis  16384 Jul 11 02:10 time1
drwxrwxr-x   3 travis travis  12288 Jul 11 02:10 time5
-rw-rw-r--   1 travis travis    432 Jul 11 02:11 Token.class
-rw-rw-r--   1 travis travis    251 Jul 11 02:11 Token.java
-rwxrwxr-x   1 travis travis 466992 Jul 11 02:03 top
-rw-rw-r--   1 travis travis  20502 Jul 11 02:03 top.c
-rw-rw-r--   1 travis travis   3799 Jul 11 02:11 top.class
-rw-rw-r--   1 travis travis   1257 Jul 11 02:11 top.mk
All Done
Writing ModularCGPubSub_A1_A2.java in file:/home/travis/cg/ (9076 characters)
Reading "ptolemy/cg/kernel/generic/program/procedural/java/modular/makefile.in",
    writing "/home/travis/cg/ModularCGPubSub_A1_A2.mk"
Using ptolemy/cg/kernel/generic/program/procedural/java/modular/makefile.in
In "/home/travis/cg", about to execute:
    make -f ModularCGPubSub_A1_A2.mk
javac -classpath ".:.."    ModularCGPubSub_A1_A2.java
All Done
In "/home/travis/cg", about to execute:
    pwd
/home/travis/cg
In "/home/travis/cg", about to execute:
    ls -l
total 1604
drwxrwxr-x   3 travis travis  12288 Jul 11 02:04 AbsoluteValue
drwxrwxr-x   3 travis travis 102400 Jul 11 02:03 AllColt
drwxrwxr-x   3 travis travis  12288 Jul 11 02:04 Case1
-rw-rw-r--   1 travis travis   5104 Jul 11 02:11 CompiledCompositeActor_CompiledCompositeActor.class
-rw-rw-r--   1 travis travis   1592 Jul 11 02:11 CompiledCompositeActor_CompiledCompositeActor$_CompiledCompositeActor_CompiledCompositeActor.class
-rw-rw-r--   1 travis travis  13466 Jul 11 02:11 CompiledCompositeActor_CompiledCompositeActor.java
-rw-rw-r--   1 travis travis   1593 Jul 11 02:11 CompiledCompositeActor_CompiledCompositeActor.mk
drwxrwxr-x   5 travis travis   4096 Jul 11 02:03 fmi
drwxrwxr-x   3 travis travis  16384 Jul 11 02:05 Gaussian2
-rw-rw-r--   1 travis travis   4660 Jul 11 02:11 JavaCompiledCompositeTest1_CompiledCompositeActor.class
-rw-rw-r--   1 travis travis  11637 Jul 11 02:11 JavaCompiledCompositeTest1_CompiledCompositeActor.java
-rw-rw-r--   1 travis travis   1198 Jul 11 02:11 JavaCompiledCompositeTest1_CompiledCompositeActor$_JavaCompiledCompositeTest1_CompiledCompositeActor.class
-rw-rw-r--   1 travis travis   1625 Jul 11 02:11 JavaCompiledCompositeTest1_CompiledCompositeActor.mk
-rw-rw-r--   1 travis travis   5091 Jul 11 02:11 JavaCompiledCompositeTest2_CompiledCompositeActor.class
-rw-rw-r--   1 travis travis  14919 Jul 11 02:11 JavaCompiledCompositeTest2_CompiledCompositeActor.java
-rw-rw-r--   1 travis travis   1793 Jul 11 02:11 JavaCompiledCompositeTest2_CompiledCompositeActor$_JavaCompiledCompositeTest2_CompiledCompositeActor.class
-rw-rw-r--   1 travis travis   1625 Jul 11 02:11 JavaCompiledCompositeTest2_CompiledCompositeActor.mk
-rw-rw-r--   1 travis travis   4708 Jul 11 02:11 JavaCompiledCompositeTest3_CompiledCompositeActor.class
-rw-rw-r--   1 travis travis  13080 Jul 11 02:11 JavaCompiledCompositeTest3_CompiledCompositeActor.java
-rw-rw-r--   1 travis travis   1378 Jul 11 02:11 JavaCompiledCompositeTest3_CompiledCompositeActor$_JavaCompiledCompositeTest3_CompiledCompositeActor.class
-rw-rw-r--   1 travis travis   1625 Jul 11 02:11 JavaCompiledCompositeTest3_CompiledCompositeActor.mk
-rw-rw-r--   1 travis travis   4159 Jul 11 02:11 JavaCompiledCompositeTest4_CompiledCompositeActor.class
-rw-rw-r--   1 travis travis   9687 Jul 11 02:11 JavaCompiledCompositeTest4_CompiledCompositeActor.java
-rw-rw-r--   1 travis travis    857 Jul 11 02:11 JavaCompiledCompositeTest4_CompiledCompositeActor$_JavaCompiledCompositeTest4_CompiledCompositeActor.class
-rw-rw-r--   1 travis travis   1625 Jul 11 02:11 JavaCompiledCompositeTest4_CompiledCompositeActor.mk
drwxrwxr-x   3 travis travis  12288 Jul 11 02:05 LookupTable
drwxrwxr-x   3 travis travis  20480 Jul 11 02:05 MaxIndex
-rw-rw-r--   1 travis travis   3925 Jul 11 02:11 ModularCG_A1_B1.class
-rw-rw-r--   1 travis travis   9730 Jul 11 02:11 ModularCG_A1_B1.java
-rw-rw-r--   1 travis travis    832 Jul 11 02:11 ModularCG_A1_B1.mk
-rw-rw-r--   1 travis travis   1318 Jul 11 02:11 ModularCG_A1_B1_profile.class
-rw-rw-r--   1 travis travis   1262 Jul 11 02:11 ModularCG_A1_B1_profile.java
-rw-rw-r--   1 travis travis   3925 Jul 11 02:11 ModularCG_A1_B2.class
-rw-rw-r--   1 travis travis   9730 Jul 11 02:11 ModularCG_A1_B2.java
-rw-rw-r--   1 travis travis    832 Jul 11 02:11 ModularCG_A1_B2.mk
-rw-rw-r--   1 travis travis   1318 Jul 11 02:11 ModularCG_A1_B2_profile.class
-rw-rw-r--   1 travis travis   1262 Jul 11 02:11 ModularCG_A1_B2_profile.java
-rw-rw-r--   1 travis travis   5031 Jul 11 02:11 ModularCG_A1.class
-rw-rw-r--   1 travis travis  14742 Jul 11 02:11 ModularCG_A1.java
-rw-rw-r--   1 travis travis    808 Jul 11 02:11 ModularCG_A1.mk
-rw-rw-r--   1 travis travis   1433 Jul 11 02:11 ModularCG_A1_profile.class
-rw-rw-r--   1 travis travis   1704 Jul 11 02:11 ModularCG_A1_profile.java
-rw-rw-r--   1 travis travis   4059 Jul 11 02:11 ModularCG_A2_B1.class
-rw-rw-r--   1 travis travis  10667 Jul 11 02:11 ModularCG_A2_B1.java
-rw-rw-r--   1 travis travis    832 Jul 11 02:11 ModularCG_A2_B1.mk
-rw-rw-r--   1 travis travis   1381 Jul 11 02:11 ModularCG_A2_B1_profile.class
-rw-rw-r--   1 travis travis   1446 Jul 11 02:11 ModularCG_A2_B1_profile.java
-rw-rw-r--   1 travis travis   3925 Jul 11 02:11 ModularCG_A2_B2.class
-rw-rw-r--   1 travis travis   9730 Jul 11 02:11 ModularCG_A2_B2.java
-rw-rw-r--   1 travis travis    832 Jul 11 02:11 ModularCG_A2_B2.mk
-rw-rw-r--   1 travis travis   1318 Jul 11 02:11 ModularCG_A2_B2_profile.class
-rw-rw-r--   1 travis travis   1262 Jul 11 02:11 ModularCG_A2_B2_profile.java
-rw-rw-r--   1 travis travis   5102 Jul 11 02:11 ModularCG_A2.class
-rw-rw-r--   1 travis travis  15129 Jul 11 02:11 ModularCG_A2.java
-rw-rw-r--   1 travis travis    808 Jul 11 02:11 ModularCG_A2.mk
-rw-rw-r--   1 travis travis   1433 Jul 11 02:11 ModularCG_A2_profile.class
-rw-rw-r--   1 travis travis   1704 Jul 11 02:11 ModularCG_A2_profile.java
-rw-rw-r--   1 travis travis   3705 Jul 11 02:12 ModularCGPubSub_A1_A2.class
-rw-rw-r--   1 travis travis   9076 Jul 11 02:11 ModularCGPubSub_A1_A2.java
-rw-rw-r--   1 travis travis    880 Jul 11 02:11 ModularCGPubSub_A1_A2.mk
-rw-rw-r--   1 travis travis   1300 Jul 11 02:11 ModularCGPubSub_A1_A2_profile.class
-rw-rw-r--   1 travis travis   1222 Jul 11 02:11 ModularCGPubSub_A1_A2_profile.java
-rw-rw-r--   1 travis travis   1388 Jul 11 02:12 ModularCGPubSub_A1_profile.java
-rw-rw-r--   1 travis travis   3724 Jul 11 02:11 ModularCodeGenTest_A1_A2.class
-rw-rw-r--   1 travis travis   9164 Jul 11 02:11 ModularCodeGenTest_A1_A2.java
-rw-rw-r--   1 travis travis   1306 Jul 11 02:11 ModularCodeGenTest_A1_A2_profile.class
-rw-rw-r--   1 travis travis   4055 Jul 11 02:11 ModularCodeGenTest_A1.class
-rw-rw-r--   1 travis travis   9968 Jul 11 02:11 ModularCodeGenTest_A1.java
-rw-rw-r--   1 travis travis    880 Jul 11 02:11 ModularCodeGenTest_A1.mk
-rw-rw-r--   1 travis travis   1352 Jul 11 02:11 ModularCodeGenTest_A1_profile.class
-rw-rw-r--   1 travis travis   1394 Jul 11 02:11 ModularCodeGenTest_A1_profile.java
drwxrwxr-x   3 travis travis  32768 Jul 11 02:10 modulation2
drwxrwxr-x 139 travis travis  12288 Jul 11 02:11 node_modules
drwxrwxr-x   3 travis travis  20480 Jul 11 02:06 PhaseUnwrap
drwxrwxr-x   3 travis travis  12288 Jul 11 02:06 ReadFile1
-rw-rw-r--   1 travis travis     11 Jul 11 02:06 ReadFile1Output.txt
-rw-rw-r--   1 travis travis   9615 Jul 11 02:11 Repeat.class
-rw-rw-r--   1 travis travis    666 Jul 11 02:11 Repeat$_fireFunction_Repeat_Repeat$__f_sL_11.class
-rw-rw-r--   1 travis travis    522 Jul 11 02:11 Repeat$_fireFunction_Repeat_Repeat$__f_sL_12.class
-rw-rw-r--   1 travis travis    522 Jul 11 02:11 Repeat$_fireFunction_Repeat_Repeat$__f_sL_13.class
-rw-rw-r--   1 travis travis    522 Jul 11 02:11 Repeat$_fireFunction_Repeat_Repeat$__f_sL_14.class
-rw-rw-r--   1 travis travis    665 Jul 11 02:11 Repeat$_fireFunction_Repeat_Repeat$__f_sL_1.class
-rw-rw-r--   1 travis travis    664 Jul 11 02:11 Repeat$_fireFunction_Repeat_Repeat$__f_sL_4.class
-rw-rw-r--   1 travis travis    520 Jul 11 02:11 Repeat$_fireFunction_Repeat_Repeat$__f_sL_9.class
-rw-rw-r--   1 travis travis    475 Jul 11 02:11 Repeat$_initialize_Repeat$__i_sL_2.class
-rw-rw-r--   1 travis travis   1281 Jul 11 02:10 Repeat.mk
-rw-rw-r--   1 travis travis    520 Jul 11 02:11 Repeat$_preinitializeMethod_Repeat$__p_sL_0.class
-rw-rw-r--   1 travis travis   1083 Jul 11 02:11 Repeat$_Repeat$_fireFunction_Repeat_AddSubtract_Repeat.class
-rw-rw-r--   1 travis travis    791 Jul 11 02:11 Repeat$_Repeat$_fireFunction_Repeat_AddSubtract_Repeat$__f_sL_0.class
-rw-rw-r--   1 travis travis    909 Jul 11 02:11 Repeat$_Repeat$_fireFunction_Repeat_AddSubtract_Repeat$__f_sL_1.class
-rw-rw-r--   1 travis travis    915 Jul 11 02:11 Repeat$_Repeat$_fireFunction_Repeat_AddSubtract_Repeat$__f_sL_2.class
-rw-rw-r--   1 travis travis    843 Jul 11 02:11 Repeat$_Repeat$_fireFunction_Repeat_AddSubtract_Repeat$__f_sL_3.class
-rw-rw-r--   1 travis travis    738 Jul 11 02:11 Repeat$_Repeat$_fireFunction_Repeat_Ramp2_Repeat$__f_sL_0.class
-rw-rw-r--   1 travis travis    869 Jul 11 02:11 Repeat$_Repeat$_fireFunction_Repeat_Test_Repeat$__f_sL_0.class
-rw-rw-r--   1 travis travis    615 Jul 11 02:11 Repeat$_Repeat$_fireFunction_Repeat_Test_Repeat$__f_sL_1.class
-rw-rw-r--   1 travis travis    685 Jul 11 02:11 Repeat$_Repeat_SDF_Director_run_Repeat$__R_sL_0.class
-rw-rw-r--   1 travis travis    686 Jul 11 02:11 Repeat$_Repeat_SDF_Director_run_Repeat$__R_sL_11.class
-rw-rw-r--   1 travis travis    542 Jul 11 02:11 Repeat$_Repeat_SDF_Director_run_Repeat$__R_sL_13.class
-rw-rw-r--   1 travis travis    540 Jul 11 02:11 Repeat$_Repeat_SDF_Director_run_Repeat$__R_sL_2.class
-rw-rw-r--   1 travis travis    684 Jul 11 02:11 Repeat$_Repeat_SDF_Director_run_Repeat$__R_sL_3.class
-rw-rw-r--   1 travis travis    540 Jul 11 02:11 Repeat$_Repeat_SDF_Director_run_Repeat$__R_sL_5.class
-rw-rw-r--   1 travis travis    540 Jul 11 02:11 Repeat$_Repeat_SDF_Director_run_Repeat$__R_sL_8.class
drwxrwxr-x   2 travis travis   4096 Jul 11 02:11 RepeatVariables
-rw-rw-r--   1 travis travis    863 Jul 11 02:11 Repeat$_varinit_Repeat.class
-rw-rw-r--   1 travis travis    531 Jul 11 02:11 Repeat$_varinit_Repeat$__v_sL_2.class
-rw-rw-r--   1 travis travis    905 Jul 11 02:11 Repeat$_varinit_Repeat$__v_sL_4.class
-rw-rw-r--   1 travis travis    959 Jul 11 02:11 Repeat$_wrapup_Repeat$__w_sL_1.class
drwxrwxr-x   3 travis travis  20480 Jul 11 02:06 Sinewave
drwxrwxr-x   3 travis travis  32768 Jul 11 02:08 StringFunction
drwxrwxr-x   3 travis travis  12288 Jul 11 02:08 StringLength
drwxrwxr-x   3 travis travis  61440 Jul 11 02:09 StringMatches2
drwxrwxr-x   3 travis travis  61440 Jul 11 02:09 StringSimpleReplace
drwxrwxr-x   3 travis travis  65536 Jul 11 02:09 StringSubstring
drwxrwxr-x   3 travis travis  24576 Jul 11 02:09 StringSubstring2
drwxrwxr-x   3 travis travis  16384 Jul 11 02:10 time1
drwxrwxr-x   3 travis travis  12288 Jul 11 02:10 time5
-rw-rw-r--   1 travis travis    432 Jul 11 02:12 Token.class
-rw-rw-r--   1 travis travis    251 Jul 11 02:11 Token.java
-rwxrwxr-x   1 travis travis 466992 Jul 11 02:03 top
-rw-rw-r--   1 travis travis  20502 Jul 11 02:03 top.c
-rw-rw-r--   1 travis travis   3799 Jul 11 02:11 top.class
-rw-rw-r--   1 travis travis   1257 Jul 11 02:11 top.mk
In "/home/travis/cg", about to execute:
    javac -classpath
.:/home/travis/build/icyphy/ptII:/home/travis/build/icyphy/ptII/lib/bsh-2.0b4.j
ar:/home/travis/build/icyphy/ptII/lib/ptCal.jar:/home/travis/build/icyphy/ptII/
lib/java_cup.jar:/home/travis/build/icyphy/ptII/lib/saxon8.jar:/home/travis/bui
ld/icyphy/ptII/lib/saxon8-dom.jar:/home/travis/build/icyphy/ptII/lib/chic.jar:/
home/travis/build/icyphy/ptII/lib/ptcolt.jar:/home/travis/build/icyphy/ptII/ven
dors/misc/itext/iText.jar:/home/travis/build/icyphy/ptII/lib/g4ltl.jar:/home/tr
avis/build/icyphy/ptII/lib/StructuralCoder.jar:/home/travis/build/icyphy/ptII/v
endors/jai-1_1_2_01/lib/jai_core.jar:/home/travis/build/icyphy/ptII/vendors/jai
-1_1_2_01/lib/jai_codec.jar:/home/travis/build/icyphy/ptII/lib/jcerti.jar:/home
/travis/build/icyphy/ptII/lib/javax.mail.jar:/usr/share/java/openjfx/jre/lib/ex
t/jfxrt.jar:/usr/lib/jvm/java-8-openjdk-amd64/jre/lib/ext/jfxrt.jar:/home/travi
s/build/icyphy/ptII/vendors/JMF-2.1.1e/lib/jmf.jar:/home/travis/build/icyphy/pt
II/lib/jna-4.0.0-variadic.jar:/home/travis/build/icyphy/ptII/vendors/misc/joyst
ick/Joystick.jar:/home/travis/build/icyphy/ptII/lib/ptjacl.jar:/home/travis/bui
ld/icyphy/ptII/lib/jsoup-1.8.2.jar:/home/travis/build/icyphy/ptII/lib/junit-4.8
.2.jar:/home/travis/build/icyphy/ptII/lib/JUnitParams-0.4.0.jar:/home/travis/bu
ild/icyphy/ptII/ptolemy/actor/lib/excel/jxl.jar:/home/travis/build/icyphy/ptII/
lib/jython.jar:/home/travis/build/icyphy/ptII/lib/kieler.jar:/home/travis/build
/icyphy/ptII/lib/opencv-341.jar:/home/travis/build/icyphy/ptII/lib/oscP5.jar:/h
ome/travis/build/icyphy/ptII/lib/nrjavaserial-3.11.0.devel.jar:/home/travis/bui
ld/icyphy/ptII/vendors/j3d/lib/j3dcore.jar:/home/travis/build/icyphy/ptII/vendo
rs/j3d/lib/j3dutils.jar:/home/travis/build/icyphy/ptII/vendors/j3d/lib/vecmath.
jar:/home/travis/build/icyphy/ptII/ptolemy/distributed/jini/jar/jini-core.jar:/
home/travis/build/icyphy/ptII/ptolemy/distributed/jini/jar/jini-ext.jar:/home/t
ravis/build/icyphy/ptII/ptolemy/distributed/jini/jar/sun-util.jar:/home/travis/
build/icyphy/ptII/lib/protobuf-java-2.4.1.jar:/home/travis/build/icyphy/ptII/li
b/org.eclipse.paho.client.mqttv3.jar:/home/travis/build/icyphy/ptII/lib/mapss.j
ar:/home/travis/build/icyphy/ptII/ptolemy/actor/ptalon/antlr/antlr.jar:/home/tr
avis/build/icyphy/ptII/lib/JRI.jar:/home/travis/build/icyphy/ptII/lib/commons-l
ang-2.6.jar:/home/travis/build/icyphy/ptII/lib/commons-logging-1.1.1.jar:/home/
travis/build/icyphy/ptII/lib/sootclasses.jar:/home/travis/build/icyphy/ptII/pto
lemy/actor/lib/database/mysql-connector-java-5.1.6-bin.jar:/home/travis/build/i
cyphy/ptII/vendors/misc/sphinx4/sphinx4-data-5prealpha.jar:/home/travis/build/i
cyphy/ptII/vendors/misc/sphinx4/sphinx4-core-5prealpha.jar:/home/travis/build/i
cyphy/ptII/lib/PDFRenderer.jar:/home/travis/build/icyphy/ptII/lib/svgSalamander
.jar:/home/travis/build/icyphy/ptII/lib/rsyntaxtextarea-2.6.0-SNAPSHOT.jar:/hom
e/travis/build/icyphy/ptII/lib/hazelcast-3.8.2.jar:/home/travis/build/icyphy/pt
II/lib/jackson-annotations-2.9.0.jar:/home/travis/build/icyphy/ptII/lib/jackson
-core-2.9.3.jar:/home/travis/build/icyphy/ptII/lib/jackson-databind-2.9.3.jar:/
home/travis/build/icyphy/ptII/lib/netty-buffer-4.1.19.Final.jar:/home/travis/bu
ild/icyphy/ptII/lib/netty-codec-4.1.19.Final.jar:/home/travis/build/icyphy/ptII
/lib/netty-codec-dns-4.1.19.Final.jar:/home/travis/build/icyphy/ptII/lib/netty-
codec-http-4.1.19.Final.jar:/home/travis/build/icyphy/ptII/lib/netty-codec-http
2-4.1.19.Final.jar:/home/travis/build/icyphy/ptII/lib/netty-common-4.1.19.Final
.jar:/home/travis/build/icyphy/ptII/lib/netty-handler-4.1.19.Final.jar:/home/tr
avis/build/icyphy/ptII/lib/netty-resolver-4.1.19.Final.jar:/home/travis/build/i
cyphy/ptII/lib/netty-resolver-dns-4.1.19.Final.jar:/home/travis/build/icyphy/pt
II/lib/netty-transport-4.1.19.Final.jar:/home/travis/build/icyphy/ptII/lib/vert
x-codegen-3.5.1.jar:/home/travis/build/icyphy/ptII/lib/vertx-core-3.5.2-SNAPSHO
T.jar:/home/travis/build/icyphy/ptII/lib/vertx-hazelcast-3.5.1.jar:/home/travis
/build/icyphy/ptII/lib/vertx-lang-js-3.5.1.jar:/home/travis/build/icyphy/ptII/l
ib/vertx-service-proxy-3.5.1.jar:/home/travis/build/icyphy/ptII/lib/vertx-web-3
.5.1.jar:/home/travis/build/icyphy/ptII/lib/slf4j-api-1.7.13.jar:/home/travis/b
uild/icyphy/ptII/lib/slf4j-simple-1.7.13.jar:/home/travis/build/icyphy/ptII/lib
/webcam-capture-0.3.12.jar:/home/travis/build/icyphy/ptII/lib/bridj-0.7.0.jar:/
home/travis/build/icyphy/ptII/lib/xbjlib-1.1.0.nrjavaserial.jar:/home/travis/bu
ild/icyphy/ptII/ptolemy/moml/test:/home/travis/build/icyphy/ptII/ant/lib/ant-la
uncher.jar:/home/travis/build/icyphy/ptII/ant/lib/ant.jar:/home/travis/build/ic
yphy/ptII/ant/lib/ant-junit.jar:/home/travis/build/icyphy/ptII/ant/lib/ant-juni
t4.jar:/home/travis/build/icyphy/ptII ModularCGPubSub_A1_profile.java
All Done
Writing ModularCGPubSub_A1.java in file:/home/travis/cg/ (9836 characters)
Reading "ptolemy/cg/kernel/generic/program/procedural/java/modular/makefile.in",
    writing "/home/travis/cg/ModularCGPubSub_A1.mk"
Using ptolemy/cg/kernel/generic/program/procedural/java/modular/makefile.in
In "/home/travis/cg", about to execute:
    make -f ModularCGPubSub_A1.mk
javac -classpath ".:.."    ModularCGPubSub_A1.java
All Done
6871 ms. Memory: 193536K Free: 142471K (74%)
----------------- Invoking toplevel() on ptolemy.moml.MoMLSimpleApplication@55039941
----------------- Done invoking toplevel() on ptolemy.moml.MoMLSimpleApplication@55039941
reloadAllAccessors: .ModularCGPubSub

===========================================================================================
----------------- testing Thu Jul 11 02:12:04 UTC 2019 /home/travis/build/icyphy/ptII/ptolemy/cg/lib/test/auto/ModularCodeGen.xml
----------------- Instantiating /home/travis/build/icyphy/ptII/ptolemy/cg/lib/test/auto/ModularCodeGen.xml
In "/home/travis/cg", about to execute:
    pwd
In "/home/travis/cg", about to execute:
    ls -l
/home/travis/cg
In "/home/travis/cg", about to execute:
    javac -classpath
.:/home/travis/build/icyphy/ptII:/home/travis/build/icyphy/ptII/lib/bsh-2.0b4.j
ar:/home/travis/build/icyphy/ptII/lib/ptCal.jar:/home/travis/build/icyphy/ptII/
lib/java_cup.jar:/home/travis/build/icyphy/ptII/lib/saxon8.jar:/home/travis/bui
ld/icyphy/ptII/lib/saxon8-dom.jar:/home/travis/build/icyphy/ptII/lib/chic.jar:/
home/travis/build/icyphy/ptII/lib/ptcolt.jar:/home/travis/build/icyphy/ptII/ven
dors/misc/itext/iText.jar:/home/travis/build/icyphy/ptII/lib/g4ltl.jar:/home/tr
avis/build/icyphy/ptII/lib/StructuralCoder.jar:/home/travis/build/icyphy/ptII/v
endors/jai-1_1_2_01/lib/jai_core.jar:/home/travis/build/icyphy/ptII/vendors/jai
-1_1_2_01/lib/jai_codec.jar:/home/travis/build/icyphy/ptII/lib/jcerti.jar:/home
/travis/build/icyphy/ptII/lib/javax.mail.jar:/usr/share/java/openjfx/jre/lib/ex
t/jfxrt.jar:/usr/lib/jvm/java-8-openjdk-amd64/jre/lib/ext/jfxrt.jar:/home/travi
s/build/icyphy/ptII/vendors/JMF-2.1.1e/lib/jmf.jar:/home/travis/build/icyphy/pt
II/lib/jna-4.0.0-variadic.jar:/home/travis/build/icyphy/ptII/vendors/misc/joyst
ick/Joystick.jar:/home/travis/build/icyphy/ptII/lib/ptjacl.jar:/home/travis/bui
ld/icyphy/ptII/lib/jsoup-1.8.2.jar:/home/travis/build/icyphy/ptII/lib/junit-4.8
.2.jar:/home/travis/build/icyphy/ptII/lib/JUnitParams-0.4.0.jar:/home/travis/bu
ild/icyphy/ptII/ptolemy/actor/lib/excel/jxl.jar:/home/travis/build/icyphy/ptII/
lib/jython.jar:/home/travis/build/icyphy/ptII/lib/kieler.jar:/home/travis/build
/icyphy/ptII/lib/opencv-341.jar:/home/travis/build/icyphy/ptII/lib/oscP5.jar:/h
ome/travis/build/icyphy/ptII/lib/nrjavaserial-3.11.0.devel.jar:/home/travis/bui
ld/icyphy/ptII/vendors/j3d/lib/j3dcore.jar:/home/travis/build/icyphy/ptII/vendo
rs/j3d/lib/j3dutils.jar:/home/travis/build/icyphy/ptII/vendors/j3d/lib/vecmath.
jar:/home/travis/build/icyphy/ptII/ptolemy/distributed/jini/jar/jini-core.jar:/
home/travis/build/icyphy/ptII/ptolemy/distributed/jini/jar/jini-ext.jar:/home/t
ravis/build/icyphy/ptII/ptolemy/distributed/jini/jar/sun-util.jar:/home/travis/
build/icyphy/ptII/lib/protobuf-java-2.4.1.jar:/home/travis/build/icyphy/ptII/li
b/org.eclipse.paho.client.mqttv3.jar:/home/travis/build/icyphy/ptII/lib/mapss.j
ar:/home/travis/build/icyphy/ptII/ptolemy/actor/ptalon/antlr/antlr.jar:/home/tr
avis/build/icyphy/ptII/lib/JRI.jar:/home/travis/build/icyphy/ptII/lib/commons-l
ang-2.6.jar:/home/travis/build/icyphy/ptII/lib/commons-logging-1.1.1.jar:/home/
travis/build/icyphy/ptII/lib/sootclasses.jar:/home/travis/build/icyphy/ptII/pto
lemy/actor/lib/database/mysql-connector-java-5.1.6-bin.jar:/home/travis/build/i
cyphy/ptII/vendors/misc/sphinx4/sphinx4-data-5prealpha.jar:/home/travis/build/i
cyphy/ptII/vendors/misc/sphinx4/sphinx4-core-5prealpha.jar:/home/travis/build/i
cyphy/ptII/lib/PDFRenderer.jar:/home/travis/build/icyphy/ptII/lib/svgSalamander
.jar:/home/travis/build/icyphy/ptII/lib/rsyntaxtextarea-2.6.0-SNAPSHOT.jar:/hom
e/travis/build/icyphy/ptII/lib/hazelcast-3.8.2.jar:/home/travis/build/icyphy/pt
II/lib/jackson-annotations-2.9.0.jar:/home/travis/build/icyphy/ptII/lib/jackson
-core-2.9.3.jar:/home/travis/build/icyphy/ptII/lib/jackson-databind-2.9.3.jar:/
home/travis/build/icyphy/ptII/lib/netty-buffer-4.1.19.Final.jar:/home/travis/bu
ild/icyphy/ptII/lib/netty-codec-4.1.19.Final.jar:/home/travis/build/icyphy/ptII
/lib/netty-codec-dns-4.1.19.Final.jar:/home/travis/build/icyphy/ptII/lib/netty-
codec-http-4.1.19.Final.jar:/home/travis/build/icyphy/ptII/lib/netty-codec-http
2-4.1.19.Final.jar:/home/travis/build/icyphy/ptII/lib/netty-common-4.1.19.Final
.jar:/home/travis/build/icyphy/ptII/lib/netty-handler-4.1.19.Final.jar:/home/tr
avis/build/icyphy/ptII/lib/netty-resolver-4.1.19.Final.jar:/home/travis/build/i
cyphy/ptII/lib/netty-resolver-dns-4.1.19.Final.jar:/home/travis/build/icyphy/pt
II/lib/netty-transport-4.1.19.Final.jar:/home/travis/build/icyphy/ptII/lib/vert
x-codegen-3.5.1.jar:/home/travis/build/icyphy/ptII/lib/vertx-core-3.5.2-SNAPSHO
T.jar:/home/travis/build/icyphy/ptII/lib/vertx-hazelcast-3.5.1.jar:/home/travis
/build/icyphy/ptII/lib/vertx-lang-js-3.5.1.jar:/home/travis/build/icyphy/ptII/l
ib/vertx-service-proxy-3.5.1.jar:/home/travis/build/icyphy/ptII/lib/vertx-web-3
.5.1.jar:/home/travis/build/icyphy/ptII/lib/slf4j-api-1.7.13.jar:/home/travis/b
uild/icyphy/ptII/lib/slf4j-simple-1.7.13.jar:/home/travis/build/icyphy/ptII/lib
/webcam-capture-0.3.12.jar:/home/travis/build/icyphy/ptII/lib/bridj-0.7.0.jar:/
home/travis/build/icyphy/ptII/lib/xbjlib-1.1.0.nrjavaserial.jar:/home/travis/bu
ild/icyphy/ptII/ptolemy/moml/test:/home/travis/build/icyphy/ptII/ant/lib/ant-la
uncher.jar:/home/travis/build/icyphy/ptII/ant/lib/ant.jar:/home/travis/build/ic
yphy/ptII/ant/lib/ant-junit.jar:/home/travis/build/icyphy/ptII/ant/lib/ant-juni
t4.jar:/home/travis/build/icyphy/ptII
ModularCodeGen_ModularCodeGenTypedCompositeActor_profile.java
total 1632
drwxrwxr-x   3 travis travis  12288 Jul 11 02:04 AbsoluteValue
drwxrwxr-x   3 travis travis 102400 Jul 11 02:03 AllColt
drwxrwxr-x   3 travis travis  12288 Jul 11 02:04 Case1
-rw-rw-r--   1 travis travis   5104 Jul 11 02:11 CompiledCompositeActor_CompiledCompositeActor.class
-rw-rw-r--   1 travis travis   1592 Jul 11 02:11 CompiledCompositeActor_CompiledCompositeActor$_CompiledCompositeActor_CompiledCompositeActor.class
-rw-rw-r--   1 travis travis  13466 Jul 11 02:11 CompiledCompositeActor_CompiledCompositeActor.java
-rw-rw-r--   1 travis travis   1593 Jul 11 02:11 CompiledCompositeActor_CompiledCompositeActor.mk
drwxrwxr-x   5 travis travis   4096 Jul 11 02:03 fmi
drwxrwxr-x   3 travis travis  16384 Jul 11 02:05 Gaussian2
-rw-rw-r--   1 travis travis   4660 Jul 11 02:11 JavaCompiledCompositeTest1_CompiledCompositeActor.class
-rw-rw-r--   1 travis travis  11637 Jul 11 02:11 JavaCompiledCompositeTest1_CompiledCompositeActor.java
-rw-rw-r--   1 travis travis   1198 Jul 11 02:11 JavaCompiledCompositeTest1_CompiledCompositeActor$_JavaCompiledCompositeTest1_CompiledCompositeActor.class
-rw-rw-r--   1 travis travis   1625 Jul 11 02:11 JavaCompiledCompositeTest1_CompiledCompositeActor.mk
-rw-rw-r--   1 travis travis   5091 Jul 11 02:11 JavaCompiledCompositeTest2_CompiledCompositeActor.class
-rw-rw-r--   1 travis travis  14919 Jul 11 02:11 JavaCompiledCompositeTest2_CompiledCompositeActor.java
-rw-rw-r--   1 travis travis   1793 Jul 11 02:11 JavaCompiledCompositeTest2_CompiledCompositeActor$_JavaCompiledCompositeTest2_CompiledCompositeActor.class
-rw-rw-r--   1 travis travis   1625 Jul 11 02:11 JavaCompiledCompositeTest2_CompiledCompositeActor.mk
-rw-rw-r--   1 travis travis   4708 Jul 11 02:11 JavaCompiledCompositeTest3_CompiledCompositeActor.class
-rw-rw-r--   1 travis travis  13080 Jul 11 02:11 JavaCompiledCompositeTest3_CompiledCompositeActor.java
-rw-rw-r--   1 travis travis   1378 Jul 11 02:11 JavaCompiledCompositeTest3_CompiledCompositeActor$_JavaCompiledCompositeTest3_CompiledCompositeActor.class
-rw-rw-r--   1 travis travis   1625 Jul 11 02:11 JavaCompiledCompositeTest3_CompiledCompositeActor.mk
-rw-rw-r--   1 travis travis   4159 Jul 11 02:11 JavaCompiledCompositeTest4_CompiledCompositeActor.class
-rw-rw-r--   1 travis travis   9687 Jul 11 02:11 JavaCompiledCompositeTest4_CompiledCompositeActor.java
-rw-rw-r--   1 travis travis    857 Jul 11 02:11 JavaCompiledCompositeTest4_CompiledCompositeActor$_JavaCompiledCompositeTest4_CompiledCompositeActor.class
-rw-rw-r--   1 travis travis   1625 Jul 11 02:11 JavaCompiledCompositeTest4_CompiledCompositeActor.mk
drwxrwxr-x   3 travis travis  12288 Jul 11 02:05 LookupTable
drwxrwxr-x   3 travis travis  20480 Jul 11 02:05 MaxIndex
-rw-rw-r--   1 travis travis   3925 Jul 11 02:11 ModularCG_A1_B1.class
-rw-rw-r--   1 travis travis   9730 Jul 11 02:11 ModularCG_A1_B1.java
-rw-rw-r--   1 travis travis    832 Jul 11 02:11 ModularCG_A1_B1.mk
-rw-rw-r--   1 travis travis   1318 Jul 11 02:11 ModularCG_A1_B1_profile.class
-rw-rw-r--   1 travis travis   1262 Jul 11 02:11 ModularCG_A1_B1_profile.java
-rw-rw-r--   1 travis travis   3925 Jul 11 02:11 ModularCG_A1_B2.class
-rw-rw-r--   1 travis travis   9730 Jul 11 02:11 ModularCG_A1_B2.java
-rw-rw-r--   1 travis travis    832 Jul 11 02:11 ModularCG_A1_B2.mk
-rw-rw-r--   1 travis travis   1318 Jul 11 02:11 ModularCG_A1_B2_profile.class
-rw-rw-r--   1 travis travis   1262 Jul 11 02:11 ModularCG_A1_B2_profile.java
-rw-rw-r--   1 travis travis   5031 Jul 11 02:11 ModularCG_A1.class
-rw-rw-r--   1 travis travis  14742 Jul 11 02:11 ModularCG_A1.java
-rw-rw-r--   1 travis travis    808 Jul 11 02:11 ModularCG_A1.mk
-rw-rw-r--   1 travis travis   1433 Jul 11 02:11 ModularCG_A1_profile.class
-rw-rw-r--   1 travis travis   1704 Jul 11 02:11 ModularCG_A1_profile.java
-rw-rw-r--   1 travis travis   4059 Jul 11 02:11 ModularCG_A2_B1.class
-rw-rw-r--   1 travis travis  10667 Jul 11 02:11 ModularCG_A2_B1.java
-rw-rw-r--   1 travis travis    832 Jul 11 02:11 ModularCG_A2_B1.mk
-rw-rw-r--   1 travis travis   1381 Jul 11 02:11 ModularCG_A2_B1_profile.class
-rw-rw-r--   1 travis travis   1446 Jul 11 02:11 ModularCG_A2_B1_profile.java
-rw-rw-r--   1 travis travis   3925 Jul 11 02:11 ModularCG_A2_B2.class
-rw-rw-r--   1 travis travis   9730 Jul 11 02:11 ModularCG_A2_B2.java
-rw-rw-r--   1 travis travis    832 Jul 11 02:11 ModularCG_A2_B2.mk
-rw-rw-r--   1 travis travis   1318 Jul 11 02:11 ModularCG_A2_B2_profile.class
-rw-rw-r--   1 travis travis   1262 Jul 11 02:11 ModularCG_A2_B2_profile.java
-rw-rw-r--   1 travis travis   5102 Jul 11 02:11 ModularCG_A2.class
-rw-rw-r--   1 travis travis  15129 Jul 11 02:11 ModularCG_A2.java
-rw-rw-r--   1 travis travis    808 Jul 11 02:11 ModularCG_A2.mk
-rw-rw-r--   1 travis travis   1433 Jul 11 02:11 ModularCG_A2_profile.class
-rw-rw-r--   1 travis travis   1704 Jul 11 02:11 ModularCG_A2_profile.java
-rw-rw-r--   1 travis travis   3705 Jul 11 02:12 ModularCGPubSub_A1_A2.class
-rw-rw-r--   1 travis travis   9076 Jul 11 02:11 ModularCGPubSub_A1_A2.java
-rw-rw-r--   1 travis travis    880 Jul 11 02:11 ModularCGPubSub_A1_A2.mk
-rw-rw-r--   1 travis travis   1300 Jul 11 02:11 ModularCGPubSub_A1_A2_profile.class
-rw-rw-r--   1 travis travis   1222 Jul 11 02:11 ModularCGPubSub_A1_A2_profile.java
-rw-rw-r--   1 travis travis   4022 Jul 11 02:12 ModularCGPubSub_A1.class
-rw-rw-r--   1 travis travis   9836 Jul 11 02:12 ModularCGPubSub_A1.java
-rw-rw-r--   1 travis travis    856 Jul 11 02:12 ModularCGPubSub_A1.mk
-rw-rw-r--   1 travis travis   1346 Jul 11 02:12 ModularCGPubSub_A1_profile.class
-rw-rw-r--   1 travis travis   1388 Jul 11 02:12 ModularCGPubSub_A1_profile.java
-rw-rw-r--   1 travis travis   1328 Jul 11 02:12 ModularCodeGen_ModularCodeGenTypedCompositeActor_profile.java
-rw-rw-r--   1 travis travis   3724 Jul 11 02:11 ModularCodeGenTest_A1_A2.class
-rw-rw-r--   1 travis travis   9164 Jul 11 02:11 ModularCodeGenTest_A1_A2.java
-rw-rw-r--   1 travis travis   1306 Jul 11 02:11 ModularCodeGenTest_A1_A2_profile.class
-rw-rw-r--   1 travis travis   4055 Jul 11 02:11 ModularCodeGenTest_A1.class
-rw-rw-r--   1 travis travis   9968 Jul 11 02:11 ModularCodeGenTest_A1.java
-rw-rw-r--   1 travis travis    880 Jul 11 02:11 ModularCodeGenTest_A1.mk
-rw-rw-r--   1 travis travis   1352 Jul 11 02:11 ModularCodeGenTest_A1_profile.class
-rw-rw-r--   1 travis travis   1394 Jul 11 02:11 ModularCodeGenTest_A1_profile.java
drwxrwxr-x   3 travis travis  32768 Jul 11 02:10 modulation2
drwxrwxr-x 139 travis travis  12288 Jul 11 02:11 node_modules
drwxrwxr-x   3 travis travis  20480 Jul 11 02:06 PhaseUnwrap
drwxrwxr-x   3 travis travis  12288 Jul 11 02:06 ReadFile1
-rw-rw-r--   1 travis travis     11 Jul 11 02:06 ReadFile1Output.txt
-rw-rw-r--   1 travis travis   9615 Jul 11 02:11 Repeat.class
-rw-rw-r--   1 travis travis    666 Jul 11 02:11 Repeat$_fireFunction_Repeat_Repeat$__f_sL_11.class
-rw-rw-r--   1 travis travis    522 Jul 11 02:11 Repeat$_fireFunction_Repeat_Repeat$__f_sL_12.class
-rw-rw-r--   1 travis travis    522 Jul 11 02:11 Repeat$_fireFunction_Repeat_Repeat$__f_sL_13.class
-rw-rw-r--   1 travis travis    522 Jul 11 02:11 Repeat$_fireFunction_Repeat_Repeat$__f_sL_14.class
-rw-rw-r--   1 travis travis    665 Jul 11 02:11 Repeat$_fireFunction_Repeat_Repeat$__f_sL_1.class
-rw-rw-r--   1 travis travis    664 Jul 11 02:11 Repeat$_fireFunction_Repeat_Repeat$__f_sL_4.class
-rw-rw-r--   1 travis travis    520 Jul 11 02:11 Repeat$_fireFunction_Repeat_Repeat$__f_sL_9.class
-rw-rw-r--   1 travis travis    475 Jul 11 02:11 Repeat$_initialize_Repeat$__i_sL_2.class
-rw-rw-r--   1 travis travis   1281 Jul 11 02:10 Repeat.mk
-rw-rw-r--   1 travis travis    520 Jul 11 02:11 Repeat$_preinitializeMethod_Repeat$__p_sL_0.class
-rw-rw-r--   1 travis travis   1083 Jul 11 02:11 Repeat$_Repeat$_fireFunction_Repeat_AddSubtract_Repeat.class
-rw-rw-r--   1 travis travis    791 Jul 11 02:11 Repeat$_Repeat$_fireFunction_Repeat_AddSubtract_Repeat$__f_sL_0.class
-rw-rw-r--   1 travis travis    909 Jul 11 02:11 Repeat$_Repeat$_fireFunction_Repeat_AddSubtract_Repeat$__f_sL_1.class
-rw-rw-r--   1 travis travis    915 Jul 11 02:11 Repeat$_Repeat$_fireFunction_Repeat_AddSubtract_Repeat$__f_sL_2.class
-rw-rw-r--   1 travis travis    843 Jul 11 02:11 Repeat$_Repeat$_fireFunction_Repeat_AddSubtract_Repeat$__f_sL_3.class
-rw-rw-r--   1 travis travis    738 Jul 11 02:11 Repeat$_Repeat$_fireFunction_Repeat_Ramp2_Repeat$__f_sL_0.class
-rw-rw-r--   1 travis travis    869 Jul 11 02:11 Repeat$_Repeat$_fireFunction_Repeat_Test_Repeat$__f_sL_0.class
-rw-rw-r--   1 travis travis    615 Jul 11 02:11 Repeat$_Repeat$_fireFunction_Repeat_Test_Repeat$__f_sL_1.class
-rw-rw-r--   1 travis travis    685 Jul 11 02:11 Repeat$_Repeat_SDF_Director_run_Repeat$__R_sL_0.class
-rw-rw-r--   1 travis travis    686 Jul 11 02:11 Repeat$_Repeat_SDF_Director_run_Repeat$__R_sL_11.class
-rw-rw-r--   1 travis travis    542 Jul 11 02:11 Repeat$_Repeat_SDF_Director_run_Repeat$__R_sL_13.class
-rw-rw-r--   1 travis travis    540 Jul 11 02:11 Repeat$_Repeat_SDF_Director_run_Repeat$__R_sL_2.class
-rw-rw-r--   1 travis travis    684 Jul 11 02:11 Repeat$_Repeat_SDF_Director_run_Repeat$__R_sL_3.class
-rw-rw-r--   1 travis travis    540 Jul 11 02:11 Repeat$_Repeat_SDF_Director_run_Repeat$__R_sL_5.class
-rw-rw-r--   1 travis travis    540 Jul 11 02:11 Repeat$_Repeat_SDF_Director_run_Repeat$__R_sL_8.class
drwxrwxr-x   2 travis travis   4096 Jul 11 02:11 RepeatVariables
-rw-rw-r--   1 travis travis    863 Jul 11 02:11 Repeat$_varinit_Repeat.class
-rw-rw-r--   1 travis travis    531 Jul 11 02:11 Repeat$_varinit_Repeat$__v_sL_2.class
-rw-rw-r--   1 travis travis    905 Jul 11 02:11 Repeat$_varinit_Repeat$__v_sL_4.class
-rw-rw-r--   1 travis travis    959 Jul 11 02:11 Repeat$_wrapup_Repeat$__w_sL_1.class
drwxrwxr-x   3 travis travis  20480 Jul 11 02:06 Sinewave
drwxrwxr-x   3 travis travis  32768 Jul 11 02:08 StringFunction
drwxrwxr-x   3 travis travis  12288 Jul 11 02:08 StringLength
drwxrwxr-x   3 travis travis  61440 Jul 11 02:09 StringMatches2
drwxrwxr-x   3 travis travis  61440 Jul 11 02:09 StringSimpleReplace
drwxrwxr-x   3 travis travis  65536 Jul 11 02:09 StringSubstring
drwxrwxr-x   3 travis travis  24576 Jul 11 02:09 StringSubstring2
drwxrwxr-x   3 travis travis  16384 Jul 11 02:10 time1
drwxrwxr-x   3 travis travis  12288 Jul 11 02:10 time5
-rw-rw-r--   1 travis travis    432 Jul 11 02:12 Token.class
-rw-rw-r--   1 travis travis    251 Jul 11 02:12 Token.java
-rwxrwxr-x   1 travis travis 466992 Jul 11 02:03 top
-rw-rw-r--   1 travis travis  20502 Jul 11 02:03 top.c
-rw-rw-r--   1 travis travis   3799 Jul 11 02:11 top.class
-rw-rw-r--   1 travis travis   1257 Jul 11 02:11 top.mk
All Done
Writing ModularCodeGen_ModularCodeGenTypedCompositeActor.java in file:/home/travis/cg/ (10970 characters)
Reading "ptolemy/cg/kernel/generic/program/procedural/java/modular/makefile.in",
    writing "/home/travis/cg/ModularCodeGen_ModularCodeGenTypedCompositeActor.mk"
Using ptolemy/cg/kernel/generic/program/procedural/java/modular/makefile.in
In "/home/travis/cg", about to execute:
    make -f ModularCodeGen_ModularCodeGenTypedCompositeActor.mk
javac -classpath ".:.."    ModularCodeGen_ModularCodeGenTypedCompositeActor.java
All Done
3163 ms. Memory: 193536K Free: 117373K (61%)
----------------- Invoking toplevel() on ptolemy.moml.MoMLSimpleApplication@4dd17172
----------------- Done invoking toplevel() on ptolemy.moml.MoMLSimpleApplication@4dd17172
reloadAllAccessors: .ModularCodeGen

===========================================================================================
----------------- testing Thu Jul 11 02:12:07 UTC 2019 /home/travis/build/icyphy/ptII/ptolemy/cg/lib/test/auto/ModularCodeGen2.xml
----------------- Instantiating /home/travis/build/icyphy/ptII/ptolemy/cg/lib/test/auto/ModularCodeGen2.xml
In "/home/travis/cg", about to execute:
    pwd
In "/home/travis/cg", about to execute:
    ls -l
/home/travis/cg
In "/home/travis/cg", about to execute:
    javac -classpath
.:/home/travis/build/icyphy/ptII:/home/travis/build/icyphy/ptII/lib/bsh-2.0b4.j
ar:/home/travis/build/icyphy/ptII/lib/ptCal.jar:/home/travis/build/icyphy/ptII/
lib/java_cup.jar:/home/travis/build/icyphy/ptII/lib/saxon8.jar:/home/travis/bui
ld/icyphy/ptII/lib/saxon8-dom.jar:/home/travis/build/icyphy/ptII/lib/chic.jar:/
home/travis/build/icyphy/ptII/lib/ptcolt.jar:/home/travis/build/icyphy/ptII/ven
dors/misc/itext/iText.jar:/home/travis/build/icyphy/ptII/lib/g4ltl.jar:/home/tr
avis/build/icyphy/ptII/lib/StructuralCoder.jar:/home/travis/build/icyphy/ptII/v
endors/jai-1_1_2_01/lib/jai_core.jar:/home/travis/build/icyphy/ptII/vendors/jai
-1_1_2_01/lib/jai_codec.jar:/home/travis/build/icyphy/ptII/lib/jcerti.jar:/home
/travis/build/icyphy/ptII/lib/javax.mail.jar:/usr/share/java/openjfx/jre/lib/ex
t/jfxrt.jar:/usr/lib/jvm/java-8-openjdk-amd64/jre/lib/ext/jfxrt.jar:/home/travi
s/build/icyphy/ptII/vendors/JMF-2.1.1e/lib/jmf.jar:/home/travis/build/icyphy/pt
II/lib/jna-4.0.0-variadic.jar:/home/travis/build/icyphy/ptII/vendors/misc/joyst
ick/Joystick.jar:/home/travis/build/icyphy/ptII/lib/ptjacl.jar:/home/travis/bui
ld/icyphy/ptII/lib/jsoup-1.8.2.jar:/home/travis/build/icyphy/ptII/lib/junit-4.8
.2.jar:/home/travis/build/icyphy/ptII/lib/JUnitParams-0.4.0.jar:/home/travis/bu
ild/icyphy/ptII/ptolemy/actor/lib/excel/jxl.jar:/home/travis/build/icyphy/ptII/
lib/jython.jar:/home/travis/build/icyphy/ptII/lib/kieler.jar:/home/travis/build
/icyphy/ptII/lib/opencv-341.jar:/home/travis/build/icyphy/ptII/lib/oscP5.jar:/h
ome/travis/build/icyphy/ptII/lib/nrjavaserial-3.11.0.devel.jar:/home/travis/bui
ld/icyphy/ptII/vendors/j3d/lib/j3dcore.jar:/home/travis/build/icyphy/ptII/vendo
rs/j3d/lib/j3dutils.jar:/home/travis/build/icyphy/ptII/vendors/j3d/lib/vecmath.
jar:/home/travis/build/icyphy/ptII/ptolemy/distributed/jini/jar/jini-core.jar:/
home/travis/build/icyphy/ptII/ptolemy/distributed/jini/jar/jini-ext.jar:/home/t
ravis/build/icyphy/ptII/ptolemy/distributed/jini/jar/sun-util.jar:/home/travis/
build/icyphy/ptII/lib/protobuf-java-2.4.1.jar:/home/travis/build/icyphy/ptII/li
b/org.eclipse.paho.client.mqttv3.jar:/home/travis/build/icyphy/ptII/lib/mapss.j
ar:/home/travis/build/icyphy/ptII/ptolemy/actor/ptalon/antlr/antlr.jar:/home/tr
avis/build/icyphy/ptII/lib/JRI.jar:/home/travis/build/icyphy/ptII/lib/commons-l
ang-2.6.jar:/home/travis/build/icyphy/ptII/lib/commons-logging-1.1.1.jar:/home/
travis/build/icyphy/ptII/lib/sootclasses.jar:/home/travis/build/icyphy/ptII/pto
lemy/actor/lib/database/mysql-connector-java-5.1.6-bin.jar:/home/travis/build/i
cyphy/ptII/vendors/misc/sphinx4/sphinx4-data-5prealpha.jar:/home/travis/build/i
cyphy/ptII/vendors/misc/sphinx4/sphinx4-core-5prealpha.jar:/home/travis/build/i
cyphy/ptII/lib/PDFRenderer.jar:/home/travis/build/icyphy/ptII/lib/svgSalamander
.jar:/home/travis/build/icyphy/ptII/lib/rsyntaxtextarea-2.6.0-SNAPSHOT.jar:/hom
e/travis/build/icyphy/ptII/lib/hazelcast-3.8.2.jar:/home/travis/build/icyphy/pt
II/lib/jackson-annotations-2.9.0.jar:/home/travis/build/icyphy/ptII/lib/jackson
-core-2.9.3.jar:/home/travis/build/icyphy/ptII/lib/jackson-databind-2.9.3.jar:/
home/travis/build/icyphy/ptII/lib/netty-buffer-4.1.19.Final.jar:/home/travis/bu
ild/icyphy/ptII/lib/netty-codec-4.1.19.Final.jar:/home/travis/build/icyphy/ptII
/lib/netty-codec-dns-4.1.19.Final.jar:/home/travis/build/icyphy/ptII/lib/netty-
codec-http-4.1.19.Final.jar:/home/travis/build/icyphy/ptII/lib/netty-codec-http
2-4.1.19.Final.jar:/home/travis/build/icyphy/ptII/lib/netty-common-4.1.19.Final
.jar:/home/travis/build/icyphy/ptII/lib/netty-handler-4.1.19.Final.jar:/home/tr
avis/build/icyphy/ptII/lib/netty-resolver-4.1.19.Final.jar:/home/travis/build/i
cyphy/ptII/lib/netty-resolver-dns-4.1.19.Final.jar:/home/travis/build/icyphy/pt
II/lib/netty-transport-4.1.19.Final.jar:/home/travis/build/icyphy/ptII/lib/vert
x-codegen-3.5.1.jar:/home/travis/build/icyphy/ptII/lib/vertx-core-3.5.2-SNAPSHO
T.jar:/home/travis/build/icyphy/ptII/lib/vertx-hazelcast-3.5.1.jar:/home/travis
/build/icyphy/ptII/lib/vertx-lang-js-3.5.1.jar:/home/travis/build/icyphy/ptII/l
ib/vertx-service-proxy-3.5.1.jar:/home/travis/build/icyphy/ptII/lib/vertx-web-3
.5.1.jar:/home/travis/build/icyphy/ptII/lib/slf4j-api-1.7.13.jar:/home/travis/b
uild/icyphy/ptII/lib/slf4j-simple-1.7.13.jar:/home/travis/build/icyphy/ptII/lib
/webcam-capture-0.3.12.jar:/home/travis/build/icyphy/ptII/lib/bridj-0.7.0.jar:/
home/travis/build/icyphy/ptII/lib/xbjlib-1.1.0.nrjavaserial.jar:/home/travis/bu
ild/icyphy/ptII/ptolemy/moml/test:/home/travis/build/icyphy/ptII/ant/lib/ant-la
uncher.jar:/home/travis/build/icyphy/ptII/ant/lib/ant.jar:/home/travis/build/ic
yphy/ptII/ant/lib/ant-junit.jar:/home/travis/build/icyphy/ptII/ant/lib/ant-juni
t4.jar:/home/travis/build/icyphy/ptII
ModularCodeGen2_ModularCodeGenTypedCompositeActor_ModularCodeGenTypedCompositeA
ctor_profile.java
total 1664
drwxrwxr-x   3 travis travis  12288 Jul 11 02:04 AbsoluteValue
drwxrwxr-x   3 travis travis 102400 Jul 11 02:03 AllColt
drwxrwxr-x   3 travis travis  12288 Jul 11 02:04 Case1
-rw-rw-r--   1 travis travis   5104 Jul 11 02:11 CompiledCompositeActor_CompiledCompositeActor.class
-rw-rw-r--   1 travis travis   1592 Jul 11 02:11 CompiledCompositeActor_CompiledCompositeActor$_CompiledCompositeActor_CompiledCompositeActor.class
-rw-rw-r--   1 travis travis  13466 Jul 11 02:11 CompiledCompositeActor_CompiledCompositeActor.java
-rw-rw-r--   1 travis travis   1593 Jul 11 02:11 CompiledCompositeActor_CompiledCompositeActor.mk
drwxrwxr-x   5 travis travis   4096 Jul 11 02:03 fmi
drwxrwxr-x   3 travis travis  16384 Jul 11 02:05 Gaussian2
-rw-rw-r--   1 travis travis   4660 Jul 11 02:11 JavaCompiledCompositeTest1_CompiledCompositeActor.class
-rw-rw-r--   1 travis travis  11637 Jul 11 02:11 JavaCompiledCompositeTest1_CompiledCompositeActor.java
-rw-rw-r--   1 travis travis   1198 Jul 11 02:11 JavaCompiledCompositeTest1_CompiledCompositeActor$_JavaCompiledCompositeTest1_CompiledCompositeActor.class
-rw-rw-r--   1 travis travis   1625 Jul 11 02:11 JavaCompiledCompositeTest1_CompiledCompositeActor.mk
-rw-rw-r--   1 travis travis   5091 Jul 11 02:11 JavaCompiledCompositeTest2_CompiledCompositeActor.class
-rw-rw-r--   1 travis travis  14919 Jul 11 02:11 JavaCompiledCompositeTest2_CompiledCompositeActor.java
-rw-rw-r--   1 travis travis   1793 Jul 11 02:11 JavaCompiledCompositeTest2_CompiledCompositeActor$_JavaCompiledCompositeTest2_CompiledCompositeActor.class
-rw-rw-r--   1 travis travis   1625 Jul 11 02:11 JavaCompiledCompositeTest2_CompiledCompositeActor.mk
-rw-rw-r--   1 travis travis   4708 Jul 11 02:11 JavaCompiledCompositeTest3_CompiledCompositeActor.class
-rw-rw-r--   1 travis travis  13080 Jul 11 02:11 JavaCompiledCompositeTest3_CompiledCompositeActor.java
-rw-rw-r--   1 travis travis   1378 Jul 11 02:11 JavaCompiledCompositeTest3_CompiledCompositeActor$_JavaCompiledCompositeTest3_CompiledCompositeActor.class
-rw-rw-r--   1 travis travis   1625 Jul 11 02:11 JavaCompiledCompositeTest3_CompiledCompositeActor.mk
-rw-rw-r--   1 travis travis   4159 Jul 11 02:11 JavaCompiledCompositeTest4_CompiledCompositeActor.class
-rw-rw-r--   1 travis travis   9687 Jul 11 02:11 JavaCompiledCompositeTest4_CompiledCompositeActor.java
-rw-rw-r--   1 travis travis    857 Jul 11 02:11 JavaCompiledCompositeTest4_CompiledCompositeActor$_JavaCompiledCompositeTest4_CompiledCompositeActor.class
-rw-rw-r--   1 travis travis   1625 Jul 11 02:11 JavaCompiledCompositeTest4_CompiledCompositeActor.mk
drwxrwxr-x   3 travis travis  12288 Jul 11 02:05 LookupTable
drwxrwxr-x   3 travis travis  20480 Jul 11 02:05 MaxIndex
-rw-rw-r--   1 travis travis   3925 Jul 11 02:11 ModularCG_A1_B1.class
-rw-rw-r--   1 travis travis   9730 Jul 11 02:11 ModularCG_A1_B1.java
-rw-rw-r--   1 travis travis    832 Jul 11 02:11 ModularCG_A1_B1.mk
-rw-rw-r--   1 travis travis   1318 Jul 11 02:11 ModularCG_A1_B1_profile.class
-rw-rw-r--   1 travis travis   1262 Jul 11 02:11 ModularCG_A1_B1_profile.java
-rw-rw-r--   1 travis travis   3925 Jul 11 02:11 ModularCG_A1_B2.class
-rw-rw-r--   1 travis travis   9730 Jul 11 02:11 ModularCG_A1_B2.java
-rw-rw-r--   1 travis travis    832 Jul 11 02:11 ModularCG_A1_B2.mk
-rw-rw-r--   1 travis travis   1318 Jul 11 02:11 ModularCG_A1_B2_profile.class
-rw-rw-r--   1 travis travis   1262 Jul 11 02:11 ModularCG_A1_B2_profile.java
-rw-rw-r--   1 travis travis   5031 Jul 11 02:11 ModularCG_A1.class
-rw-rw-r--   1 travis travis  14742 Jul 11 02:11 ModularCG_A1.java
-rw-rw-r--   1 travis travis    808 Jul 11 02:11 ModularCG_A1.mk
-rw-rw-r--   1 travis travis   1433 Jul 11 02:11 ModularCG_A1_profile.class
-rw-rw-r--   1 travis travis   1704 Jul 11 02:11 ModularCG_A1_profile.java
-rw-rw-r--   1 travis travis   4059 Jul 11 02:11 ModularCG_A2_B1.class
-rw-rw-r--   1 travis travis  10667 Jul 11 02:11 ModularCG_A2_B1.java
-rw-rw-r--   1 travis travis    832 Jul 11 02:11 ModularCG_A2_B1.mk
-rw-rw-r--   1 travis travis   1381 Jul 11 02:11 ModularCG_A2_B1_profile.class
-rw-rw-r--   1 travis travis   1446 Jul 11 02:11 ModularCG_A2_B1_profile.java
-rw-rw-r--   1 travis travis   3925 Jul 11 02:11 ModularCG_A2_B2.class
-rw-rw-r--   1 travis travis   9730 Jul 11 02:11 ModularCG_A2_B2.java
-rw-rw-r--   1 travis travis    832 Jul 11 02:11 ModularCG_A2_B2.mk
-rw-rw-r--   1 travis travis   1318 Jul 11 02:11 ModularCG_A2_B2_profile.class
-rw-rw-r--   1 travis travis   1262 Jul 11 02:11 ModularCG_A2_B2_profile.java
-rw-rw-r--   1 travis travis   5102 Jul 11 02:11 ModularCG_A2.class
-rw-rw-r--   1 travis travis  15129 Jul 11 02:11 ModularCG_A2.java
-rw-rw-r--   1 travis travis    808 Jul 11 02:11 ModularCG_A2.mk
-rw-rw-r--   1 travis travis   1433 Jul 11 02:11 ModularCG_A2_profile.class
-rw-rw-r--   1 travis travis   1704 Jul 11 02:11 ModularCG_A2_profile.java
-rw-rw-r--   1 travis travis   3705 Jul 11 02:12 ModularCGPubSub_A1_A2.class
-rw-rw-r--   1 travis travis   9076 Jul 11 02:11 ModularCGPubSub_A1_A2.java
-rw-rw-r--   1 travis travis    880 Jul 11 02:11 ModularCGPubSub_A1_A2.mk
-rw-rw-r--   1 travis travis   1300 Jul 11 02:11 ModularCGPubSub_A1_A2_profile.class
-rw-rw-r--   1 travis travis   1222 Jul 11 02:11 ModularCGPubSub_A1_A2_profile.java
-rw-rw-r--   1 travis travis   4022 Jul 11 02:12 ModularCGPubSub_A1.class
-rw-rw-r--   1 travis travis   9836 Jul 11 02:12 ModularCGPubSub_A1.java
-rw-rw-r--   1 travis travis    856 Jul 11 02:12 ModularCGPubSub_A1.mk
-rw-rw-r--   1 travis travis   1346 Jul 11 02:12 ModularCGPubSub_A1_profile.class
-rw-rw-r--   1 travis travis   1388 Jul 11 02:12 ModularCGPubSub_A1_profile.java
-rw-rw-r--   1 travis travis   1294 Jul 11 02:12 ModularCodeGen2_ModularCodeGenTypedCompositeActor_ModularCodeGenTypedCompositeActor_profile.java
-rw-rw-r--   1 travis travis   4186 Jul 11 02:12 ModularCodeGen_ModularCodeGenTypedCompositeActor.class
-rw-rw-r--   1 travis travis  10970 Jul 11 02:12 ModularCodeGen_ModularCodeGenTypedCompositeActor.java
-rw-rw-r--   1 travis travis   1096 Jul 11 02:12 ModularCodeGen_ModularCodeGenTypedCompositeActor.mk
-rw-rw-r--   1 travis travis   1384 Jul 11 02:12 ModularCodeGen_ModularCodeGenTypedCompositeActor_profile.class
-rw-rw-r--   1 travis travis   1328 Jul 11 02:12 ModularCodeGen_ModularCodeGenTypedCompositeActor_profile.java
-rw-rw-r--   1 travis travis   3724 Jul 11 02:11 ModularCodeGenTest_A1_A2.class
-rw-rw-r--   1 travis travis   9164 Jul 11 02:11 ModularCodeGenTest_A1_A2.java
-rw-rw-r--   1 travis travis   1306 Jul 11 02:11 ModularCodeGenTest_A1_A2_profile.class
-rw-rw-r--   1 travis travis   4055 Jul 11 02:11 ModularCodeGenTest_A1.class
-rw-rw-r--   1 travis travis   9968 Jul 11 02:11 ModularCodeGenTest_A1.java
-rw-rw-r--   1 travis travis    880 Jul 11 02:11 ModularCodeGenTest_A1.mk
-rw-rw-r--   1 travis travis   1352 Jul 11 02:11 ModularCodeGenTest_A1_profile.class
-rw-rw-r--   1 travis travis   1394 Jul 11 02:11 ModularCodeGenTest_A1_profile.java
drwxrwxr-x   3 travis travis  32768 Jul 11 02:10 modulation2
drwxrwxr-x 139 travis travis  12288 Jul 11 02:11 node_modules
drwxrwxr-x   3 travis travis  20480 Jul 11 02:06 PhaseUnwrap
drwxrwxr-x   3 travis travis  12288 Jul 11 02:06 ReadFile1
-rw-rw-r--   1 travis travis     11 Jul 11 02:06 ReadFile1Output.txt
-rw-rw-r--   1 travis travis   9615 Jul 11 02:11 Repeat.class
-rw-rw-r--   1 travis travis    666 Jul 11 02:11 Repeat$_fireFunction_Repeat_Repeat$__f_sL_11.class
-rw-rw-r--   1 travis travis    522 Jul 11 02:11 Repeat$_fireFunction_Repeat_Repeat$__f_sL_12.class
-rw-rw-r--   1 travis travis    522 Jul 11 02:11 Repeat$_fireFunction_Repeat_Repeat$__f_sL_13.class
-rw-rw-r--   1 travis travis    522 Jul 11 02:11 Repeat$_fireFunction_Repeat_Repeat$__f_sL_14.class
-rw-rw-r--   1 travis travis    665 Jul 11 02:11 Repeat$_fireFunction_Repeat_Repeat$__f_sL_1.class
-rw-rw-r--   1 travis travis    664 Jul 11 02:11 Repeat$_fireFunction_Repeat_Repeat$__f_sL_4.class
-rw-rw-r--   1 travis travis    520 Jul 11 02:11 Repeat$_fireFunction_Repeat_Repeat$__f_sL_9.class
-rw-rw-r--   1 travis travis    475 Jul 11 02:11 Repeat$_initialize_Repeat$__i_sL_2.class
-rw-rw-r--   1 travis travis   1281 Jul 11 02:10 Repeat.mk
-rw-rw-r--   1 travis travis    520 Jul 11 02:11 Repeat$_preinitializeMethod_Repeat$__p_sL_0.class
-rw-rw-r--   1 travis travis   1083 Jul 11 02:11 Repeat$_Repeat$_fireFunction_Repeat_AddSubtract_Repeat.class
-rw-rw-r--   1 travis travis    791 Jul 11 02:11 Repeat$_Repeat$_fireFunction_Repeat_AddSubtract_Repeat$__f_sL_0.class
-rw-rw-r--   1 travis travis    909 Jul 11 02:11 Repeat$_Repeat$_fireFunction_Repeat_AddSubtract_Repeat$__f_sL_1.class
-rw-rw-r--   1 travis travis    915 Jul 11 02:11 Repeat$_Repeat$_fireFunction_Repeat_AddSubtract_Repeat$__f_sL_2.class
-rw-rw-r--   1 travis travis    843 Jul 11 02:11 Repeat$_Repeat$_fireFunction_Repeat_AddSubtract_Repeat$__f_sL_3.class
-rw-rw-r--   1 travis travis    738 Jul 11 02:11 Repeat$_Repeat$_fireFunction_Repeat_Ramp2_Repeat$__f_sL_0.class
-rw-rw-r--   1 travis travis    869 Jul 11 02:11 Repeat$_Repeat$_fireFunction_Repeat_Test_Repeat$__f_sL_0.class
-rw-rw-r--   1 travis travis    615 Jul 11 02:11 Repeat$_Repeat$_fireFunction_Repeat_Test_Repeat$__f_sL_1.class
-rw-rw-r--   1 travis travis    685 Jul 11 02:11 Repeat$_Repeat_SDF_Director_run_Repeat$__R_sL_0.class
-rw-rw-r--   1 travis travis    686 Jul 11 02:11 Repeat$_Repeat_SDF_Director_run_Repeat$__R_sL_11.class
-rw-rw-r--   1 travis travis    542 Jul 11 02:11 Repeat$_Repeat_SDF_Director_run_Repeat$__R_sL_13.class
-rw-rw-r--   1 travis travis    540 Jul 11 02:11 Repeat$_Repeat_SDF_Director_run_Repeat$__R_sL_2.class
-rw-rw-r--   1 travis travis    684 Jul 11 02:11 Repeat$_Repeat_SDF_Director_run_Repeat$__R_sL_3.class
-rw-rw-r--   1 travis travis    540 Jul 11 02:11 Repeat$_Repeat_SDF_Director_run_Repeat$__R_sL_5.class
-rw-rw-r--   1 travis travis    540 Jul 11 02:11 Repeat$_Repeat_SDF_Director_run_Repeat$__R_sL_8.class
drwxrwxr-x   2 travis travis   4096 Jul 11 02:11 RepeatVariables
-rw-rw-r--   1 travis travis    863 Jul 11 02:11 Repeat$_varinit_Repeat.class
-rw-rw-r--   1 travis travis    531 Jul 11 02:11 Repeat$_varinit_Repeat$__v_sL_2.class
-rw-rw-r--   1 travis travis    905 Jul 11 02:11 Repeat$_varinit_Repeat$__v_sL_4.class
-rw-rw-r--   1 travis travis    959 Jul 11 02:11 Repeat$_wrapup_Repeat$__w_sL_1.class
drwxrwxr-x   3 travis travis  20480 Jul 11 02:06 Sinewave
drwxrwxr-x   3 travis travis  32768 Jul 11 02:08 StringFunction
drwxrwxr-x   3 travis travis  12288 Jul 11 02:08 StringLength
drwxrwxr-x   3 travis travis  61440 Jul 11 02:09 StringMatches2
drwxrwxr-x   3 travis travis  61440 Jul 11 02:09 StringSimpleReplace
drwxrwxr-x   3 travis travis  65536 Jul 11 02:09 StringSubstring
drwxrwxr-x   3 travis travis  24576 Jul 11 02:09 StringSubstring2
drwxrwxr-x   3 travis travis  16384 Jul 11 02:10 time1
drwxrwxr-x   3 travis travis  12288 Jul 11 02:10 time5
-rw-rw-r--   1 travis travis    432 Jul 11 02:12 Token.class
-rw-rw-r--   1 travis travis    251 Jul 11 02:12 Token.java
-rwxrwxr-x   1 travis travis 466992 Jul 11 02:03 top
-rw-rw-r--   1 travis travis  20502 Jul 11 02:03 top.c
-rw-rw-r--   1 travis travis   3799 Jul 11 02:11 top.class
-rw-rw-r--   1 travis travis   1257 Jul 11 02:11 top.mk
All Done
Writing ModularCodeGen2_ModularCodeGenTypedCompositeActor_ModularCodeGenTypedCompositeActor.java in file:/home/travis/cg/ (11790 characters)
Reading "ptolemy/cg/kernel/generic/program/procedural/java/modular/makefile.in",
    writing "/home/travis/cg/ModularCodeGen2_ModularCodeGenTypedCompositeActor_ModularCodeGenTypedCompositeActor.mk"
Using ptolemy/cg/kernel/generic/program/procedural/java/modular/makefile.in
In "/home/travis/cg", about to execute:
    make -f
ModularCodeGen2_ModularCodeGenTypedCompositeActor_ModularCodeGenTypedCompositeA
ctor.mk
javac -classpath ".:.."    ModularCodeGen2_ModularCodeGenTypedCompositeActor_ModularCodeGenTypedCompositeActor.java
All Done
In "/home/travis/cg", about to execute:
    pwd
In "/home/travis/cg", about to execute:
    ls -l
/home/travis/cg
total 1696
drwxrwxr-x   3 travis travis  12288 Jul 11 02:04 AbsoluteValue
drwxrwxr-x   3 travis travis 102400 Jul 11 02:03 AllColt
drwxrwxr-x   3 travis travis  12288 Jul 11 02:04 Case1
-rw-rw-r--   1 travis travis   5104 Jul 11 02:11 CompiledCompositeActor_CompiledCompositeActor.class
-rw-rw-r--   1 travis travis   1592 Jul 11 02:11 CompiledCompositeActor_CompiledCompositeActor$_CompiledCompositeActor_CompiledCompositeActor.class
-rw-rw-r--   1 travis travis  13466 Jul 11 02:11 CompiledCompositeActor_CompiledCompositeActor.java
-rw-rw-r--   1 travis travis   1593 Jul 11 02:11 CompiledCompositeActor_CompiledCompositeActor.mk
drwxrwxr-x   5 travis travis   4096 Jul 11 02:03 fmi
drwxrwxr-x   3 travis travis  16384 Jul 11 02:05 Gaussian2
-rw-rw-r--   1 travis travis   4660 Jul 11 02:11 JavaCompiledCompositeTest1_CompiledCompositeActor.class
-rw-rw-r--   1 travis travis  11637 Jul 11 02:11 JavaCompiledCompositeTest1_CompiledCompositeActor.java
-rw-rw-r--   1 travis travis   1198 Jul 11 02:11 JavaCompiledCompositeTest1_CompiledCompositeActor$_JavaCompiledCompositeTest1_CompiledCompositeActor.class
-rw-rw-r--   1 travis travis   1625 Jul 11 02:11 JavaCompiledCompositeTest1_CompiledCompositeActor.mk
-rw-rw-r--   1 travis travis   5091 Jul 11 02:11 JavaCompiledCompositeTest2_CompiledCompositeActor.class
-rw-rw-r--   1 travis travis  14919 Jul 11 02:11 JavaCompiledCompositeTest2_CompiledCompositeActor.java
-rw-rw-r--   1 travis travis   1793 Jul 11 02:11 JavaCompiledCompositeTest2_CompiledCompositeActor$_JavaCompiledCompositeTest2_CompiledCompositeActor.class
-rw-rw-r--   1 travis travis   1625 Jul 11 02:11 JavaCompiledCompositeTest2_CompiledCompositeActor.mk
-rw-rw-r--   1 travis travis   4708 Jul 11 02:11 JavaCompiledCompositeTest3_CompiledCompositeActor.class
-rw-rw-r--   1 travis travis  13080 Jul 11 02:11 JavaCompiledCompositeTest3_CompiledCompositeActor.java
-rw-rw-r--   1 travis travis   1378 Jul 11 02:11 JavaCompiledCompositeTest3_CompiledCompositeActor$_JavaCompiledCompositeTest3_CompiledCompositeActor.class
-rw-rw-r--   1 travis travis   1625 Jul 11 02:11 JavaCompiledCompositeTest3_CompiledCompositeActor.mk
-rw-rw-r--   1 travis travis   4159 Jul 11 02:11 JavaCompiledCompositeTest4_CompiledCompositeActor.class
-rw-rw-r--   1 travis travis   9687 Jul 11 02:11 JavaCompiledCompositeTest4_CompiledCompositeActor.java
-rw-rw-r--   1 travis travis    857 Jul 11 02:11 JavaCompiledCompositeTest4_CompiledCompositeActor$_JavaCompiledCompositeTest4_CompiledCompositeActor.class
-rw-rw-r--   1 travis travis   1625 Jul 11 02:11 JavaCompiledCompositeTest4_CompiledCompositeActor.mk
drwxrwxr-x   3 travis travis  12288 Jul 11 02:05 LookupTable
drwxrwxr-x   3 travis travis  20480 Jul 11 02:05 MaxIndex
-rw-rw-r--   1 travis travis   3925 Jul 11 02:11 ModularCG_A1_B1.class
-rw-rw-r--   1 travis travis   9730 Jul 11 02:11 ModularCG_A1_B1.java
-rw-rw-r--   1 travis travis    832 Jul 11 02:11 ModularCG_A1_B1.mk
-rw-rw-r--   1 travis travis   1318 Jul 11 02:11 ModularCG_A1_B1_profile.class
-rw-rw-r--   1 travis travis   1262 Jul 11 02:11 ModularCG_A1_B1_profile.java
-rw-rw-r--   1 travis travis   3925 Jul 11 02:11 ModularCG_A1_B2.class
-rw-rw-r--   1 travis travis   9730 Jul 11 02:11 ModularCG_A1_B2.java
-rw-rw-r--   1 travis travis    832 Jul 11 02:11 ModularCG_A1_B2.mk
-rw-rw-r--   1 travis travis   1318 Jul 11 02:11 ModularCG_A1_B2_profile.class
-rw-rw-r--   1 travis travis   1262 Jul 11 02:11 ModularCG_A1_B2_profile.java
-rw-rw-r--   1 travis travis   5031 Jul 11 02:11 ModularCG_A1.class
-rw-rw-r--   1 travis travis  14742 Jul 11 02:11 ModularCG_A1.java
-rw-rw-r--   1 travis travis    808 Jul 11 02:11 ModularCG_A1.mk
-rw-rw-r--   1 travis travis   1433 Jul 11 02:11 ModularCG_A1_profile.class
-rw-rw-r--   1 travis travis   1704 Jul 11 02:11 ModularCG_A1_profile.java
-rw-rw-r--   1 travis travis   4059 Jul 11 02:11 ModularCG_A2_B1.class
-rw-rw-r--   1 travis travis  10667 Jul 11 02:11 ModularCG_A2_B1.java
-rw-rw-r--   1 travis travis    832 Jul 11 02:11 ModularCG_A2_B1.mk
-rw-rw-r--   1 travis travis   1381 Jul 11 02:11 ModularCG_A2_B1_profile.class
-rw-rw-r--   1 travis travis   1446 Jul 11 02:11 ModularCG_A2_B1_profile.java
-rw-rw-r--   1 travis travis   3925 Jul 11 02:11 ModularCG_A2_B2.class
-rw-rw-r--   1 travis travis   9730 Jul 11 02:11 ModularCG_A2_B2.java
-rw-rw-r--   1 travis travis    832 Jul 11 02:11 ModularCG_A2_B2.mk
-rw-rw-r--   1 travis travis   1318 Jul 11 02:11 ModularCG_A2_B2_profile.class
-rw-rw-r--   1 travis travis   1262 Jul 11 02:11 ModularCG_A2_B2_profile.java
-rw-rw-r--   1 travis travis   5102 Jul 11 02:11 ModularCG_A2.class
-rw-rw-r--   1 travis travis  15129 Jul 11 02:11 ModularCG_A2.java
-rw-rw-r--   1 travis travis    808 Jul 11 02:11 ModularCG_A2.mk
-rw-rw-r--   1 travis travis   1433 Jul 11 02:11 ModularCG_A2_profile.class
-rw-rw-r--   1 travis travis   1704 Jul 11 02:11 ModularCG_A2_profile.java
-rw-rw-r--   1 travis travis   3705 Jul 11 02:12 ModularCGPubSub_A1_A2.class
-rw-rw-r--   1 travis travis   9076 Jul 11 02:11 ModularCGPubSub_A1_A2.java
-rw-rw-r--   1 travis travis    880 Jul 11 02:11 ModularCGPubSub_A1_A2.mk
-rw-rw-r--   1 travis travis   1300 Jul 11 02:11 ModularCGPubSub_A1_A2_profile.class
-rw-rw-r--   1 travis travis   1222 Jul 11 02:11 ModularCGPubSub_A1_A2_profile.java
-rw-rw-r--   1 travis travis   4022 Jul 11 02:12 ModularCGPubSub_A1.class
-rw-rw-r--   1 travis travis   9836 Jul 11 02:12 ModularCGPubSub_A1.java
-rw-rw-r--   1 travis travis    856 Jul 11 02:12 ModularCGPubSub_A1.mk
-rw-rw-r--   1 travis travis   1346 Jul 11 02:12 ModularCGPubSub_A1_profile.class
-rw-rw-r--   1 travis travis   1388 Jul 11 02:12 ModularCGPubSub_A1_profile.java
-rw-rw-r--   1 travis travis   4504 Jul 11 02:12 ModularCodeGen2_ModularCodeGenTypedCompositeActor_ModularCodeGenTypedCompositeActor.class
-rw-rw-r--   1 travis travis  11790 Jul 11 02:12 ModularCodeGen2_ModularCodeGenTypedCompositeActor_ModularCodeGenTypedCompositeActor.java
-rw-rw-r--   1 travis travis   1376 Jul 11 02:12 ModularCodeGen2_ModularCodeGenTypedCompositeActor_ModularCodeGenTypedCompositeActor.mk
-rw-rw-r--   1 travis travis   1421 Jul 11 02:12 ModularCodeGen2_ModularCodeGenTypedCompositeActor_ModularCodeGenTypedCompositeActor_profile.class
-rw-rw-r--   1 travis travis   1294 Jul 11 02:12 ModularCodeGen2_ModularCodeGenTypedCompositeActor_ModularCodeGenTypedCompositeActor_profile.java
-rw-rw-r--   1 travis travis    693 Jul 11 02:12 ModularCodeGen2_ModularCodeGenTypedCompositeActor_profile.java
-rw-rw-r--   1 travis travis   4186 Jul 11 02:12 ModularCodeGen_ModularCodeGenTypedCompositeActor.class
-rw-rw-r--   1 travis travis  10970 Jul 11 02:12 ModularCodeGen_ModularCodeGenTypedCompositeActor.java
-rw-rw-r--   1 travis travis   1096 Jul 11 02:12 ModularCodeGen_ModularCodeGenTypedCompositeActor.mk
-rw-rw-r--   1 travis travis   1384 Jul 11 02:12 ModularCodeGen_ModularCodeGenTypedCompositeActor_profile.class
-rw-rw-r--   1 travis travis   1328 Jul 11 02:12 ModularCodeGen_ModularCodeGenTypedCompositeActor_profile.java
-rw-rw-r--   1 travis travis   3724 Jul 11 02:11 ModularCodeGenTest_A1_A2.class
-rw-rw-r--   1 travis travis   9164 Jul 11 02:11 ModularCodeGenTest_A1_A2.java
-rw-rw-r--   1 travis travis   1306 Jul 11 02:11 ModularCodeGenTest_A1_A2_profile.class
-rw-rw-r--   1 travis travis   4055 Jul 11 02:11 ModularCodeGenTest_A1.class
-rw-rw-r--   1 travis travis   9968 Jul 11 02:11 ModularCodeGenTest_A1.java
-rw-rw-r--   1 travis travis    880 Jul 11 02:11 ModularCodeGenTest_A1.mk
-rw-rw-r--   1 travis travis   1352 Jul 11 02:11 ModularCodeGenTest_A1_profile.class
-rw-rw-r--   1 travis travis   1394 Jul 11 02:11 ModularCodeGenTest_A1_profile.java
drwxrwxr-x   3 travis travis  32768 Jul 11 02:10 modulation2
drwxrwxr-x 139 travis travis  12288 Jul 11 02:11 node_modules
drwxrwxr-x   3 travis travis  20480 Jul 11 02:06 PhaseUnwrap
drwxrwxr-x   3 travis travis  12288 Jul 11 02:06 ReadFile1
-rw-rw-r--   1 travis travis     11 Jul 11 02:06 ReadFile1Output.txt
-rw-rw-r--   1 travis travis   9615 Jul 11 02:11 Repeat.class
-rw-rw-r--   1 travis travis    666 Jul 11 02:11 Repeat$_fireFunction_Repeat_Repeat$__f_sL_11.class
In "/home/travis/cg", about to execute:
    javac -classpath
.:/home/travis/build/icyphy/ptII:/home/travis/build/icyphy/ptII/lib/bsh-2.0b4.j
ar:/home/travis/build/icyphy/ptII/lib/ptCal.jar:/home/travis/build/icyphy/ptII/
lib/java_cup.jar:/home/travis/build/icyphy/ptII/lib/saxon8.jar:/home/travis/bui
ld/icyphy/ptII/lib/saxon8-dom.jar:/home/travis/build/icyphy/ptII/lib/chic.jar:/
home/travis/build/icyphy/ptII/lib/ptcolt.jar:/home/travis/build/icyphy/ptII/ven
dors/misc/itext/iText.jar:/home/travis/build/icyphy/ptII/lib/g4ltl.jar:/home/tr
avis/build/icyphy/ptII/lib/StructuralCoder.jar:/home/travis/build/icyphy/ptII/v
endors/jai-1_1_2_01/lib/jai_core.jar:/home/travis/build/icyphy/ptII/vendors/jai
-1_1_2_01/lib/jai_codec.jar:/home/travis/build/icyphy/ptII/lib/jcerti.jar:/home
/travis/build/icyphy/ptII/lib/javax.mail.jar:/usr/share/java/openjfx/jre/lib/ex
t/jfxrt.jar:/usr/lib/jvm/java-8-openjdk-amd64/jre/lib/ext/jfxrt.jar:/home/travi
s/build/icyphy/ptII/vendors/JMF-2.1.1e/lib/jmf.jar:/home/travis/build/icyphy/pt
II/lib/jna-4.0.0-variadic.jar:/home/travis/build/icyphy/ptII/vendors/misc/joyst
ick/Joystick.jar:/home/travis/build/icyphy/ptII/lib/ptjacl.jar:/home/travis/bui
ld/icyphy/ptII/lib/jsoup-1.8.2.jar:/home/travis/build/icyphy/ptII/lib/junit-4.8
.2.jar:/home/travis/build/icyphy/ptII/lib/JUnitParams-0.4.0.jar:/home/travis/bu
ild/icyphy/ptII/ptolemy/actor/lib/excel/jxl.jar:/home/travis/build/icyphy/ptII/
lib/jython.jar:/home/travis/build/icyphy/ptII/lib/kieler.jar:/home/travis/build
/icyphy/ptII/lib/opencv-341.jar:/home/travis/build/icyphy/ptII/lib/oscP5.jar:/h
ome/travis/build/icyphy/ptII/lib/nrjavaserial-3.11.0.devel.jar:/home/travis/bui
ld/icyphy/ptII/vendors/j3d/lib/j3dcore.jar:/home/travis/build/icyphy/ptII/vendo
rs/j3d/lib/j3dutils.jar:/home/travis/build/icyphy/ptII/vendors/j3d/lib/vecmath.
jar:/home/travis/build/icyphy/ptII/ptolemy/distributed/jini/jar/jini-core.jar:/
home/travis/build/icyphy/ptII/ptolemy/distributed/jini/jar/jini-ext.jar:/home/t
ravis/build/icyphy/ptII/ptolemy/distributed/jini/jar/sun-util.jar:/home/travis/
build/icyphy/ptII/lib/protobuf-java-2.4.1.jar:/home/travis/build/icyphy/ptII/li
b/org.eclipse.paho.client.mqttv3.jar:/home/travis/build/icyphy/ptII/lib/mapss.j
ar:/home/travis/build/icyphy/ptII/ptolemy/actor/ptalon/antlr/antlr.jar:/home/tr
avis/build/icyphy/ptII/lib/JRI.jar:/home/travis/build/icyphy/ptII/lib/commons-l
ang-2.6.jar:/home/travis/build/icyphy/ptII/lib/commons-logging-1.1.1.jar:/home/
travis/build/icyphy/ptII/lib/sootclasses.jar:/home/travis/build/icyphy/ptII/pto
lemy/actor/lib/database/mysql-connector-java-5.1.6-bin.jar:/home/travis/build/i
cyphy/ptII/vendors/misc/sphinx4/sphinx4-data-5prealpha.jar:/home/travis/build/i
cyphy/ptII/vendors/misc/sphinx4/sphinx4-core-5prealpha.jar:/home/travis/build/i
cyphy/ptII/lib/PDFRenderer.jar:/home/travis/build/icyphy/ptII/lib/svgSalamander
.jar:/home/travis/build/icyphy/ptII/lib/rsyntaxtextarea-2.6.0-SNAPSHOT.jar:/hom
e/travis/build/icyphy/ptII/lib/hazelcast-3.8.2.jar:/home/travis/build/icyphy/pt
II/lib/jackson-annotations-2.9.0.jar:/home/travis/build/icyphy/ptII/lib/jackson
-core-2.9.3.jar:/home/travis/build/icyphy/ptII/lib/jackson-databind-2.9.3.jar:/
home/travis/build/icyphy/ptII/lib/netty-buffer-4.1.19.Final.jar:/home/travis/bu
ild/icyphy/ptII/lib/netty-codec-4.1.19.Final.jar:/home/travis/build/icyphy/ptII
/lib/netty-codec-dns-4.1.19.Final.jar:/home/travis/build/icyphy/ptII/lib/netty-
codec-http-4.1.19.Final.jar:/home/travis/build/icyphy/ptII/lib/netty-codec-http
2-4.1.19.Final.jar:/home/travis/build/icyphy/ptII/lib/netty-common-4.1.19.Final
.jar:/home/travis/build/icyphy/ptII/lib/netty-handler-4.1.19.Final.jar:/home/tr
avis/build/icyphy/ptII/lib/netty-resolver-4.1.19.Final.jar:/home/travis/build/i
cyphy/ptII/lib/netty-resolver-dns-4.1.19.Final.jar:/home/travis/build/icyphy/pt
II/lib/netty-transport-4.1.19.Final.jar:/home/travis/build/icyphy/ptII/lib/vert
x-codegen-3.5.1.jar:/home/travis/build/icyphy/ptII/lib/vertx-core-3.5.2-SNAPSHO
T.jar:/home/travis/build/icyphy/ptII/lib/vertx-hazelcast-3.5.1.jar:/home/travis
/build/icyphy/ptII/lib/vertx-lang-js-3.5.1.jar:/home/travis/build/icyphy/ptII/l
ib/vertx-service-proxy-3.5.1.jar:/home/travis/build/icyphy/ptII/lib/vertx-web-3
.5.1.jar:/home/travis/build/icyphy/ptII/lib/slf4j-api-1.7.13.jar:/home/travis/b
uild/icyphy/ptII/lib/slf4j-simple-1.7.13.jar:/home/travis/build/icyphy/ptII/lib
/webcam-capture-0.3.12.jar:/home/travis/build/icyphy/ptII/lib/bridj-0.7.0.jar:/
home/travis/build/icyphy/ptII/lib/xbjlib-1.1.0.nrjavaserial.jar:/home/travis/bu
ild/icyphy/ptII/ptolemy/moml/test:/home/travis/build/icyphy/ptII/ant/lib/ant-la
uncher.jar:/home/travis/build/icyphy/ptII/ant/lib/ant.jar:/home/travis/build/ic
yphy/ptII/ant/lib/ant-junit.jar:/home/travis/build/icyphy/ptII/ant/lib/ant-juni
t4.jar:/home/travis/build/icyphy/ptII
ModularCodeGen2_ModularCodeGenTypedCompositeActor_profile.java
-rw-rw-r--   1 travis travis    522 Jul 11 02:11 Repeat$_fireFunction_Repeat_Repeat$__f_sL_12.class
-rw-rw-r--   1 travis travis    522 Jul 11 02:11 Repeat$_fireFunction_Repeat_Repeat$__f_sL_13.class
-rw-rw-r--   1 travis travis    522 Jul 11 02:11 Repeat$_fireFunction_Repeat_Repeat$__f_sL_14.class
-rw-rw-r--   1 travis travis    665 Jul 11 02:11 Repeat$_fireFunction_Repeat_Repeat$__f_sL_1.class
-rw-rw-r--   1 travis travis    664 Jul 11 02:11 Repeat$_fireFunction_Repeat_Repeat$__f_sL_4.class
-rw-rw-r--   1 travis travis    520 Jul 11 02:11 Repeat$_fireFunction_Repeat_Repeat$__f_sL_9.class
-rw-rw-r--   1 travis travis    475 Jul 11 02:11 Repeat$_initialize_Repeat$__i_sL_2.class
-rw-rw-r--   1 travis travis   1281 Jul 11 02:10 Repeat.mk
-rw-rw-r--   1 travis travis    520 Jul 11 02:11 Repeat$_preinitializeMethod_Repeat$__p_sL_0.class
-rw-rw-r--   1 travis travis   1083 Jul 11 02:11 Repeat$_Repeat$_fireFunction_Repeat_AddSubtract_Repeat.class
-rw-rw-r--   1 travis travis    791 Jul 11 02:11 Repeat$_Repeat$_fireFunction_Repeat_AddSubtract_Repeat$__f_sL_0.class
-rw-rw-r--   1 travis travis    909 Jul 11 02:11 Repeat$_Repeat$_fireFunction_Repeat_AddSubtract_Repeat$__f_sL_1.class
-rw-rw-r--   1 travis travis    915 Jul 11 02:11 Repeat$_Repeat$_fireFunction_Repeat_AddSubtract_Repeat$__f_sL_2.class
-rw-rw-r--   1 travis travis    843 Jul 11 02:11 Repeat$_Repeat$_fireFunction_Repeat_AddSubtract_Repeat$__f_sL_3.class
-rw-rw-r--   1 travis travis    738 Jul 11 02:11 Repeat$_Repeat$_fireFunction_Repeat_Ramp2_Repeat$__f_sL_0.class
-rw-rw-r--   1 travis travis    869 Jul 11 02:11 Repeat$_Repeat$_fireFunction_Repeat_Test_Repeat$__f_sL_0.class
-rw-rw-r--   1 travis travis    615 Jul 11 02:11 Repeat$_Repeat$_fireFunction_Repeat_Test_Repeat$__f_sL_1.class
-rw-rw-r--   1 travis travis    685 Jul 11 02:11 Repeat$_Repeat_SDF_Director_run_Repeat$__R_sL_0.class
-rw-rw-r--   1 travis travis    686 Jul 11 02:11 Repeat$_Repeat_SDF_Director_run_Repeat$__R_sL_11.class
-rw-rw-r--   1 travis travis    542 Jul 11 02:11 Repeat$_Repeat_SDF_Director_run_Repeat$__R_sL_13.class
-rw-rw-r--   1 travis travis    540 Jul 11 02:11 Repeat$_Repeat_SDF_Director_run_Repeat$__R_sL_2.class
-rw-rw-r--   1 travis travis    684 Jul 11 02:11 Repeat$_Repeat_SDF_Director_run_Repeat$__R_sL_3.class
-rw-rw-r--   1 travis travis    540 Jul 11 02:11 Repeat$_Repeat_SDF_Director_run_Repeat$__R_sL_5.class
-rw-rw-r--   1 travis travis    540 Jul 11 02:11 Repeat$_Repeat_SDF_Director_run_Repeat$__R_sL_8.class
drwxrwxr-x   2 travis travis   4096 Jul 11 02:11 RepeatVariables
-rw-rw-r--   1 travis travis    863 Jul 11 02:11 Repeat$_varinit_Repeat.class
-rw-rw-r--   1 travis travis    531 Jul 11 02:11 Repeat$_varinit_Repeat$__v_sL_2.class
-rw-rw-r--   1 travis travis    905 Jul 11 02:11 Repeat$_varinit_Repeat$__v_sL_4.class
-rw-rw-r--   1 travis travis    959 Jul 11 02:11 Repeat$_wrapup_Repeat$__w_sL_1.class
drwxrwxr-x   3 travis travis  20480 Jul 11 02:06 Sinewave
drwxrwxr-x   3 travis travis  32768 Jul 11 02:08 StringFunction
drwxrwxr-x   3 travis travis  12288 Jul 11 02:08 StringLength
drwxrwxr-x   3 travis travis  61440 Jul 11 02:09 StringMatches2
drwxrwxr-x   3 travis travis  61440 Jul 11 02:09 StringSimpleReplace
drwxrwxr-x   3 travis travis  65536 Jul 11 02:09 StringSubstring
drwxrwxr-x   3 travis travis  24576 Jul 11 02:09 StringSubstring2
drwxrwxr-x   3 travis travis  16384 Jul 11 02:10 time1
drwxrwxr-x   3 travis travis  12288 Jul 11 02:10 time5
-rw-rw-r--   1 travis travis    432 Jul 11 02:12 Token.class
-rw-rw-r--   1 travis travis    251 Jul 11 02:12 Token.java
-rwxrwxr-x   1 travis travis 466992 Jul 11 02:03 top
-rw-rw-r--   1 travis travis  20502 Jul 11 02:03 top.c
-rw-rw-r--   1 travis travis   3799 Jul 11 02:11 top.class
-rw-rw-r--   1 travis travis   1257 Jul 11 02:11 top.mk
All Done
Writing ModularCodeGen2_ModularCodeGenTypedCompositeActor.java in file:/home/travis/cg/ (11690 characters)
Reading "ptolemy/cg/kernel/generic/program/procedural/java/modular/makefile.in",
    writing "/home/travis/cg/ModularCodeGen2_ModularCodeGenTypedCompositeActor.mk"
Using ptolemy/cg/kernel/generic/program/procedural/java/modular/makefile.in
In "/home/travis/cg", about to execute:
    make -f ModularCodeGen2_ModularCodeGenTypedCompositeActor.mk
javac -classpath ".:.."    ModularCodeGen2_ModularCodeGenTypedCompositeActor.java
All Done
6599 ms. Memory: 193536K Free: 72317K (37%)
----------------- Invoking toplevel() on ptolemy.moml.MoMLSimpleApplication@648d7cd4
----------------- Done invoking toplevel() on ptolemy.moml.MoMLSimpleApplication@648d7cd4
reloadAllAccessors: .ModularCodeGen2

===========================================================================================
----------------- testing Thu Jul 11 02:12:13 UTC 2019 /home/travis/build/icyphy/ptII/ptolemy/cg/lib/test/auto/ModularCodeGen3.xml
----------------- Instantiating /home/travis/build/icyphy/ptII/ptolemy/cg/lib/test/auto/ModularCodeGen3.xml
In "/home/travis/cg", about to execute:
    pwd
In "/home/travis/cg", about to execute:
    ls -l
/home/travis/cg
total 1728
drwxrwxr-x   3 travis travis  12288 Jul 11 02:04 AbsoluteValue
drwxrwxr-x   3 travis travis 102400 Jul 11 02:03 AllColt
In "/home/travis/cg", about to execute:
drwxrwxr-x   3 travis travis  12288 Jul 11 02:04 Case1
-rw-rw-r--   1 travis travis   5104 Jul 11 02:11 CompiledCompositeActor_CompiledCompositeActor.class
-rw-rw-r--   1 travis travis   1592 Jul 11 02:11 CompiledCompositeActor_CompiledCompositeActor$_CompiledCompositeActor_CompiledCompositeActor.class
-rw-rw-r--   1 travis travis  13466 Jul 11 02:11 CompiledCompositeActor_CompiledCompositeActor.java
-rw-rw-r--   1 travis travis   1593 Jul 11 02:11 CompiledCompositeActor_CompiledCompositeActor.mk
drwxrwxr-x   5 travis travis   4096 Jul 11 02:03 fmi
drwxrwxr-x   3 travis travis  16384 Jul 11 02:05 Gaussian2
-rw-rw-r--   1 travis travis   4660 Jul 11 02:11 JavaCompiledCompositeTest1_CompiledCompositeActor.class
-rw-rw-r--   1 travis travis  11637 Jul 11 02:11 JavaCompiledCompositeTest1_CompiledCompositeActor.java
-rw-rw-r--   1 travis travis   1198 Jul 11 02:11 JavaCompiledCompositeTest1_CompiledCompositeActor$_JavaCompiledCompositeTest1_CompiledCompositeActor.class
-rw-rw-r--   1 travis travis   1625 Jul 11 02:11 JavaCompiledCompositeTest1_CompiledCompositeActor.mk
-rw-rw-r--   1 travis travis   5091 Jul 11 02:11 JavaCompiledCompositeTest2_CompiledCompositeActor.class
-rw-rw-r--   1 travis travis  14919 Jul 11 02:11 JavaCompiledCompositeTest2_CompiledCompositeActor.java
-rw-rw-r--   1 travis travis   1793 Jul 11 02:11 JavaCompiledCompositeTest2_CompiledCompositeActor$_JavaCompiledCompositeTest2_CompiledCompositeActor.class
-rw-rw-r--   1 travis travis   1625 Jul 11 02:11 JavaCompiledCompositeTest2_CompiledCompositeActor.mk
-rw-rw-r--   1 travis travis   4708 Jul 11 02:11 JavaCompiledCompositeTest3_CompiledCompositeActor.class
-rw-rw-r--   1 travis travis  13080 Jul 11 02:11 JavaCompiledCompositeTest3_CompiledCompositeActor.java
-rw-rw-r--   1 travis travis   1378 Jul 11 02:11 JavaCompiledCompositeTest3_CompiledCompositeActor$_JavaCompiledCompositeTest3_CompiledCompositeActor.class
    javac -classpath
.:/home/travis/build/icyphy/ptII:/home/travis/build/icyphy/ptII/lib/bsh-2.0b4.j
ar:/home/travis/build/icyphy/ptII/lib/ptCal.jar:/home/travis/build/icyphy/ptII/
lib/java_cup.jar:/home/travis/build/icyphy/ptII/lib/saxon8.jar:/home/travis/bui
ld/icyphy/ptII/lib/saxon8-dom.jar:/home/travis/build/icyphy/ptII/lib/chic.jar:/
home/travis/build/icyphy/ptII/lib/ptcolt.jar:/home/travis/build/icyphy/ptII/ven
dors/misc/itext/iText.jar:/home/travis/build/icyphy/ptII/lib/g4ltl.jar:/home/tr
avis/build/icyphy/ptII/lib/StructuralCoder.jar:/home/travis/build/icyphy/ptII/v
endors/jai-1_1_2_01/lib/jai_core.jar:/home/travis/build/icyphy/ptII/vendors/jai
-1_1_2_01/lib/jai_codec.jar:/home/travis/build/icyphy/ptII/lib/jcerti.jar:/home
/travis/build/icyphy/ptII/lib/javax.mail.jar:/usr/share/java/openjfx/jre/lib/ex
t/jfxrt.jar:/usr/lib/jvm/java-8-openjdk-amd64/jre/lib/ext/jfxrt.jar:/home/travi
s/build/icyphy/ptII/vendors/JMF-2.1.1e/lib/jmf.jar:/home/travis/build/icyphy/pt
II/lib/jna-4.0.0-variadic.jar:/home/travis/build/icyphy/ptII/vendors/misc/joyst
ick/Joystick.jar:/home/travis/build/icyphy/ptII/lib/ptjacl.jar:/home/travis/bui
ld/icyphy/ptII/lib/jsoup-1.8.2.jar:/home/travis/build/icyphy/ptII/lib/junit-4.8
.2.jar:/home/travis/build/icyphy/ptII/lib/JUnitParams-0.4.0.jar:/home/travis/bu
ild/icyphy/ptII/ptolemy/actor/lib/excel/jxl.jar:/home/travis/build/icyphy/ptII/
lib/jython.jar:/home/travis/build/icyphy/ptII/lib/kieler.jar:/home/travis/build
/icyphy/ptII/lib/opencv-341.jar:/home/travis/build/icyphy/ptII/lib/oscP5.jar:/h
ome/travis/build/icyphy/ptII/lib/nrjavaserial-3.11.0.devel.jar:/home/travis/bui
ld/icyphy/ptII/vendors/j3d/lib/j3dcore.jar:/home/travis/build/icyphy/ptII/vendo
rs/j3d/lib/j3dutils.jar:/home/travis/build/icyphy/ptII/vendors/j3d/lib/vecmath.
jar:/home/travis/build/icyphy/ptII/ptolemy/distributed/jini/jar/jini-core.jar:/
home/travis/build/icyphy/ptII/ptolemy/distributed/jini/jar/jini-ext.jar:/home/t
ravis/build/icyphy/ptII/ptolemy/distributed/jini/jar/sun-util.jar:/home/travis/
build/icyphy/ptII/lib/protobuf-java-2.4.1.jar:/home/travis/build/icyphy/ptII/li
b/org.eclipse.paho.client.mqttv3.jar:/home/travis/build/icyphy/ptII/lib/mapss.j
ar:/home/travis/build/icyphy/ptII/ptolemy/actor/ptalon/antlr/antlr.jar:/home/tr
avis/build/icyphy/ptII/lib/JRI.jar:/home/travis/build/icyphy/ptII/lib/commons-l
ang-2.6.jar:/home/travis/build/icyphy/ptII/lib/commons-logging-1.1.1.jar:/home/
travis/build/icyphy/ptII/lib/sootclasses.jar:/home/travis/build/icyphy/ptII/pto
lemy/actor/lib/database/mysql-connector-java-5.1.6-bin.jar:/home/travis/build/i
cyphy/ptII/vendors/misc/sphinx4/sphinx4-data-5prealpha.jar:/home/travis/build/i
cyphy/ptII/vendors/misc/sphinx4/sphinx4-core-5prealpha.jar:/home/travis/build/i
cyphy/ptII/lib/PDFRenderer.jar:/home/travis/build/icyphy/ptII/lib/svgSalamander
.jar:/home/travis/build/icyphy/ptII/lib/rsyntaxtextarea-2.6.0-SNAPSHOT.jar:/hom
e/travis/build/icyphy/ptII/lib/hazelcast-3.8.2.jar:/home/travis/build/icyphy/pt
II/lib/jackson-annotations-2.9.0.jar:/home/travis/build/icyphy/ptII/lib/jackson
-core-2.9.3.jar:/home/travis/build/icyphy/ptII/lib/jackson-databind-2.9.3.jar:/
home/travis/build/icyphy/ptII/lib/netty-buffer-4.1.19.Final.jar:/home/travis/bu
ild/icyphy/ptII/lib/netty-codec-4.1.19.Final.jar:/home/travis/build/icyphy/ptII
/lib/netty-codec-dns-4.1.19.Final.jar:/home/travis/build/icyphy/ptII/lib/netty-
codec-http-4.1.19.Final.jar:/home/travis/build/icyphy/ptII/lib/netty-codec-http
2-4.1.19.Final.jar:/home/travis/build/icyphy/ptII/lib/netty-common-4.1.19.Final
.jar:/home/travis/build/icyphy/ptII/lib/netty-handler-4.1.19.Final.jar:/home/tr
avis/build/icyphy/ptII/lib/netty-resolver-4.1.19.Final.jar:/home/travis/build/i
cyphy/ptII/lib/netty-resolver-dns-4.1.19.Final.jar:/home/travis/build/icyphy/pt
II/lib/netty-transport-4.1.19.Final.jar:/home/travis/build/icyphy/ptII/lib/vert
x-codegen-3.5.1.jar:/home/travis/build/icyphy/ptII/lib/vertx-core-3.5.2-SNAPSHO
T.jar:/home/travis/build/icyphy/ptII/lib/vertx-hazelcast-3.5.1.jar:/home/travis
/build/icyphy/ptII/lib/vertx-lang-js-3.5.1.jar:/home/travis/build/icyphy/ptII/l
ib/vertx-service-proxy-3.5.1.jar:/home/travis/build/icyphy/ptII/lib/vertx-web-3
.5.1.jar:/home/travis/build/icyphy/ptII/lib/slf4j-api-1.7.13.jar:/home/travis/b
uild/icyphy/ptII/lib/slf4j-simple-1.7.13.jar:/home/travis/build/icyphy/ptII/lib
/webcam-capture-0.3.12.jar:/home/travis/build/icyphy/ptII/lib/bridj-0.7.0.jar:/
home/travis/build/icyphy/ptII/lib/xbjlib-1.1.0.nrjavaserial.jar:/home/travis/bu
ild/icyphy/ptII/ptolemy/moml/test:/home/travis/build/icyphy/ptII/ant/lib/ant-la
uncher.jar:/home/travis/build/icyphy/ptII/ant/lib/ant.jar:/home/travis/build/ic
yphy/ptII/ant/lib/ant-junit.jar:/home/travis/build/icyphy/ptII/ant/lib/ant-juni
t4.jar:/home/travis/build/icyphy/ptII ModularCodeGen3_A1_B1_profile.java
-rw-rw-r--   1 travis travis   1625 Jul 11 02:11 JavaCompiledCompositeTest3_CompiledCompositeActor.mk
-rw-rw-r--   1 travis travis   4159 Jul 11 02:11 JavaCompiledCompositeTest4_CompiledCompositeActor.class
-rw-rw-r--   1 travis travis   9687 Jul 11 02:11 JavaCompiledCompositeTest4_CompiledCompositeActor.java
-rw-rw-r--   1 travis travis    857 Jul 11 02:11 JavaCompiledCompositeTest4_CompiledCompositeActor$_JavaCompiledCompositeTest4_CompiledCompositeActor.class
-rw-rw-r--   1 travis travis   1625 Jul 11 02:11 JavaCompiledCompositeTest4_CompiledCompositeActor.mk
drwxrwxr-x   3 travis travis  12288 Jul 11 02:05 LookupTable
drwxrwxr-x   3 travis travis  20480 Jul 11 02:05 MaxIndex
-rw-rw-r--   1 travis travis   3925 Jul 11 02:11 ModularCG_A1_B1.class
-rw-rw-r--   1 travis travis   9730 Jul 11 02:11 ModularCG_A1_B1.java
-rw-rw-r--   1 travis travis    832 Jul 11 02:11 ModularCG_A1_B1.mk
-rw-rw-r--   1 travis travis   1318 Jul 11 02:11 ModularCG_A1_B1_profile.class
-rw-rw-r--   1 travis travis   1262 Jul 11 02:11 ModularCG_A1_B1_profile.java
-rw-rw-r--   1 travis travis   3925 Jul 11 02:11 ModularCG_A1_B2.class
-rw-rw-r--   1 travis travis   9730 Jul 11 02:11 ModularCG_A1_B2.java
-rw-rw-r--   1 travis travis    832 Jul 11 02:11 ModularCG_A1_B2.mk
-rw-rw-r--   1 travis travis   1318 Jul 11 02:11 ModularCG_A1_B2_profile.class
-rw-rw-r--   1 travis travis   1262 Jul 11 02:11 ModularCG_A1_B2_profile.java
-rw-rw-r--   1 travis travis   5031 Jul 11 02:11 ModularCG_A1.class
-rw-rw-r--   1 travis travis  14742 Jul 11 02:11 ModularCG_A1.java
-rw-rw-r--   1 travis travis    808 Jul 11 02:11 ModularCG_A1.mk
-rw-rw-r--   1 travis travis   1433 Jul 11 02:11 ModularCG_A1_profile.class
-rw-rw-r--   1 travis travis   1704 Jul 11 02:11 ModularCG_A1_profile.java
-rw-rw-r--   1 travis travis   4059 Jul 11 02:11 ModularCG_A2_B1.class
-rw-rw-r--   1 travis travis  10667 Jul 11 02:11 ModularCG_A2_B1.java
-rw-rw-r--   1 travis travis    832 Jul 11 02:11 ModularCG_A2_B1.mk
-rw-rw-r--   1 travis travis   1381 Jul 11 02:11 ModularCG_A2_B1_profile.class
-rw-rw-r--   1 travis travis   1446 Jul 11 02:11 ModularCG_A2_B1_profile.java
-rw-rw-r--   1 travis travis   3925 Jul 11 02:11 ModularCG_A2_B2.class
-rw-rw-r--   1 travis travis   9730 Jul 11 02:11 ModularCG_A2_B2.java
-rw-rw-r--   1 travis travis    832 Jul 11 02:11 ModularCG_A2_B2.mk
-rw-rw-r--   1 travis travis   1318 Jul 11 02:11 ModularCG_A2_B2_profile.class
-rw-rw-r--   1 travis travis   1262 Jul 11 02:11 ModularCG_A2_B2_profile.java
-rw-rw-r--   1 travis travis   5102 Jul 11 02:11 ModularCG_A2.class
-rw-rw-r--   1 travis travis  15129 Jul 11 02:11 ModularCG_A2.java
-rw-rw-r--   1 travis travis    808 Jul 11 02:11 ModularCG_A2.mk
-rw-rw-r--   1 travis travis   1433 Jul 11 02:11 ModularCG_A2_profile.class
-rw-rw-r--   1 travis travis   1704 Jul 11 02:11 ModularCG_A2_profile.java
-rw-rw-r--   1 travis travis   3705 Jul 11 02:12 ModularCGPubSub_A1_A2.class
-rw-rw-r--   1 travis travis   9076 Jul 11 02:11 ModularCGPubSub_A1_A2.java
-rw-rw-r--   1 travis travis    880 Jul 11 02:11 ModularCGPubSub_A1_A2.mk
-rw-rw-r--   1 travis travis   1300 Jul 11 02:11 ModularCGPubSub_A1_A2_profile.class
-rw-rw-r--   1 travis travis   1222 Jul 11 02:11 ModularCGPubSub_A1_A2_profile.java
-rw-rw-r--   1 travis travis   4022 Jul 11 02:12 ModularCGPubSub_A1.class
-rw-rw-r--   1 travis travis   9836 Jul 11 02:12 ModularCGPubSub_A1.java
-rw-rw-r--   1 travis travis    856 Jul 11 02:12 ModularCGPubSub_A1.mk
-rw-rw-r--   1 travis travis   1346 Jul 11 02:12 ModularCGPubSub_A1_profile.class
-rw-rw-r--   1 travis travis   1388 Jul 11 02:12 ModularCGPubSub_A1_profile.java
-rw-rw-r--   1 travis travis   4220 Jul 11 02:12 ModularCodeGen2_ModularCodeGenTypedCompositeActor.class
-rw-rw-r--   1 travis travis  11690 Jul 11 02:12 ModularCodeGen2_ModularCodeGenTypedCompositeActor.java
-rw-rw-r--   1 travis travis   1104 Jul 11 02:12 ModularCodeGen2_ModularCodeGenTypedCompositeActor.mk
-rw-rw-r--   1 travis travis   4504 Jul 11 02:12 ModularCodeGen2_ModularCodeGenTypedCompositeActor_ModularCodeGenTypedCompositeActor.class
-rw-rw-r--   1 travis travis  11790 Jul 11 02:12 ModularCodeGen2_ModularCodeGenTypedCompositeActor_ModularCodeGenTypedCompositeActor.java
-rw-rw-r--   1 travis travis   1376 Jul 11 02:12 ModularCodeGen2_ModularCodeGenTypedCompositeActor_ModularCodeGenTypedCompositeActor.mk
-rw-rw-r--   1 travis travis   1421 Jul 11 02:12 ModularCodeGen2_ModularCodeGenTypedCompositeActor_ModularCodeGenTypedCompositeActor_profile.class
-rw-rw-r--   1 travis travis   1294 Jul 11 02:12 ModularCodeGen2_ModularCodeGenTypedCompositeActor_ModularCodeGenTypedCompositeActor_profile.java
-rw-rw-r--   1 travis travis    820 Jul 11 02:12 ModularCodeGen2_ModularCodeGenTypedCompositeActor_profile.class
-rw-rw-r--   1 travis travis    693 Jul 11 02:12 ModularCodeGen2_ModularCodeGenTypedCompositeActor_profile.java
-rw-rw-r--   1 travis travis   1274 Jul 11 02:12 ModularCodeGen3_A1_B1_profile.java
-rw-rw-r--   1 travis travis   4186 Jul 11 02:12 ModularCodeGen_ModularCodeGenTypedCompositeActor.class
-rw-rw-r--   1 travis travis  10970 Jul 11 02:12 ModularCodeGen_ModularCodeGenTypedCompositeActor.java
-rw-rw-r--   1 travis travis   1096 Jul 11 02:12 ModularCodeGen_ModularCodeGenTypedCompositeActor.mk
-rw-rw-r--   1 travis travis   1384 Jul 11 02:12 ModularCodeGen_ModularCodeGenTypedCompositeActor_profile.class
-rw-rw-r--   1 travis travis   1328 Jul 11 02:12 ModularCodeGen_ModularCodeGenTypedCompositeActor_profile.java
-rw-rw-r--   1 travis travis   3724 Jul 11 02:11 ModularCodeGenTest_A1_A2.class
-rw-rw-r--   1 travis travis   9164 Jul 11 02:11 ModularCodeGenTest_A1_A2.java
-rw-rw-r--   1 travis travis   1306 Jul 11 02:11 ModularCodeGenTest_A1_A2_profile.class
-rw-rw-r--   1 travis travis   4055 Jul 11 02:11 ModularCodeGenTest_A1.class
-rw-rw-r--   1 travis travis   9968 Jul 11 02:11 ModularCodeGenTest_A1.java
-rw-rw-r--   1 travis travis    880 Jul 11 02:11 ModularCodeGenTest_A1.mk
-rw-rw-r--   1 travis travis   1352 Jul 11 02:11 ModularCodeGenTest_A1_profile.class
-rw-rw-r--   1 travis travis   1394 Jul 11 02:11 ModularCodeGenTest_A1_profile.java
drwxrwxr-x   3 travis travis  32768 Jul 11 02:10 modulation2
drwxrwxr-x 139 travis travis  12288 Jul 11 02:11 node_modules
drwxrwxr-x   3 travis travis  20480 Jul 11 02:06 PhaseUnwrap
drwxrwxr-x   3 travis travis  12288 Jul 11 02:06 ReadFile1
-rw-rw-r--   1 travis travis     11 Jul 11 02:06 ReadFile1Output.txt
-rw-rw-r--   1 travis travis   9615 Jul 11 02:11 Repeat.class
-rw-rw-r--   1 travis travis    666 Jul 11 02:11 Repeat$_fireFunction_Repeat_Repeat$__f_sL_11.class
-rw-rw-r--   1 travis travis    522 Jul 11 02:11 Repeat$_fireFunction_Repeat_Repeat$__f_sL_12.class
-rw-rw-r--   1 travis travis    522 Jul 11 02:11 Repeat$_fireFunction_Repeat_Repeat$__f_sL_13.class
-rw-rw-r--   1 travis travis    522 Jul 11 02:11 Repeat$_fireFunction_Repeat_Repeat$__f_sL_14.class
-rw-rw-r--   1 travis travis    665 Jul 11 02:11 Repeat$_fireFunction_Repeat_Repeat$__f_sL_1.class
-rw-rw-r--   1 travis travis    664 Jul 11 02:11 Repeat$_fireFunction_Repeat_Repeat$__f_sL_4.class
-rw-rw-r--   1 travis travis    520 Jul 11 02:11 Repeat$_fireFunction_Repeat_Repeat$__f_sL_9.class
-rw-rw-r--   1 travis travis    475 Jul 11 02:11 Repeat$_initialize_Repeat$__i_sL_2.class
-rw-rw-r--   1 travis travis   1281 Jul 11 02:10 Repeat.mk
-rw-rw-r--   1 travis travis    520 Jul 11 02:11 Repeat$_preinitializeMethod_Repeat$__p_sL_0.class
-rw-rw-r--   1 travis travis   1083 Jul 11 02:11 Repeat$_Repeat$_fireFunction_Repeat_AddSubtract_Repeat.class
-rw-rw-r--   1 travis travis    791 Jul 11 02:11 Repeat$_Repeat$_fireFunction_Repeat_AddSubtract_Repeat$__f_sL_0.class
-rw-rw-r--   1 travis travis    909 Jul 11 02:11 Repeat$_Repeat$_fireFunction_Repeat_AddSubtract_Repeat$__f_sL_1.class
-rw-rw-r--   1 travis travis    915 Jul 11 02:11 Repeat$_Repeat$_fireFunction_Repeat_AddSubtract_Repeat$__f_sL_2.class
-rw-rw-r--   1 travis travis    843 Jul 11 02:11 Repeat$_Repeat$_fireFunction_Repeat_AddSubtract_Repeat$__f_sL_3.class
-rw-rw-r--   1 travis travis    738 Jul 11 02:11 Repeat$_Repeat$_fireFunction_Repeat_Ramp2_Repeat$__f_sL_0.class
-rw-rw-r--   1 travis travis    869 Jul 11 02:11 Repeat$_Repeat$_fireFunction_Repeat_Test_Repeat$__f_sL_0.class
-rw-rw-r--   1 travis travis    615 Jul 11 02:11 Repeat$_Repeat$_fireFunction_Repeat_Test_Repeat$__f_sL_1.class
-rw-rw-r--   1 travis travis    685 Jul 11 02:11 Repeat$_Repeat_SDF_Director_run_Repeat$__R_sL_0.class
-rw-rw-r--   1 travis travis    686 Jul 11 02:11 Repeat$_Repeat_SDF_Director_run_Repeat$__R_sL_11.class
-rw-rw-r--   1 travis travis    542 Jul 11 02:11 Repeat$_Repeat_SDF_Director_run_Repeat$__R_sL_13.class
-rw-rw-r--   1 travis travis    540 Jul 11 02:11 Repeat$_Repeat_SDF_Director_run_Repeat$__R_sL_2.class
-rw-rw-r--   1 travis travis    684 Jul 11 02:11 Repeat$_Repeat_SDF_Director_run_Repeat$__R_sL_3.class
-rw-rw-r--   1 travis travis    540 Jul 11 02:11 Repeat$_Repeat_SDF_Director_run_Repeat$__R_sL_5.class
-rw-rw-r--   1 travis travis    540 Jul 11 02:11 Repeat$_Repeat_SDF_Director_run_Repeat$__R_sL_8.class
drwxrwxr-x   2 travis travis   4096 Jul 11 02:11 RepeatVariables
-rw-rw-r--   1 travis travis    863 Jul 11 02:11 Repeat$_varinit_Repeat.class
-rw-rw-r--   1 travis travis    531 Jul 11 02:11 Repeat$_varinit_Repeat$__v_sL_2.class
-rw-rw-r--   1 travis travis    905 Jul 11 02:11 Repeat$_varinit_Repeat$__v_sL_4.class
-rw-rw-r--   1 travis travis    959 Jul 11 02:11 Repeat$_wrapup_Repeat$__w_sL_1.class
drwxrwxr-x   3 travis travis  20480 Jul 11 02:06 Sinewave
drwxrwxr-x   3 travis travis  32768 Jul 11 02:08 StringFunction
drwxrwxr-x   3 travis travis  12288 Jul 11 02:08 StringLength
drwxrwxr-x   3 travis travis  61440 Jul 11 02:09 StringMatches2
drwxrwxr-x   3 travis travis  61440 Jul 11 02:09 StringSimpleReplace
drwxrwxr-x   3 travis travis  65536 Jul 11 02:09 StringSubstring
drwxrwxr-x   3 travis travis  24576 Jul 11 02:09 StringSubstring2
drwxrwxr-x   3 travis travis  16384 Jul 11 02:10 time1
drwxrwxr-x   3 travis travis  12288 Jul 11 02:10 time5
-rw-rw-r--   1 travis travis    432 Jul 11 02:12 Token.class
-rw-rw-r--   1 travis travis    251 Jul 11 02:12 Token.java
-rwxrwxr-x   1 travis travis 466992 Jul 11 02:03 top
-rw-rw-r--   1 travis travis  20502 Jul 11 02:03 top.c
-rw-rw-r--   1 travis travis   3799 Jul 11 02:11 top.class
-rw-rw-r--   1 travis travis   1257 Jul 11 02:11 top.mk
All Done
Writing ModularCodeGen3_A1_B1.java in file:/home/travis/cg/ (9958 characters)
Reading "ptolemy/cg/kernel/generic/program/procedural/java/modular/makefile.in",
    writing "/home/travis/cg/ModularCodeGen3_A1_B1.mk"
Using ptolemy/cg/kernel/generic/program/procedural/java/modular/makefile.in
In "/home/travis/cg", about to execute:
    make -f ModularCodeGen3_A1_B1.mk
javac -classpath ".:.."    ModularCodeGen3_A1_B1.java
All Done
In "/home/travis/cg", about to execute:
    pwd
In "/home/travis/cg", about to execute:
    ls -l
/home/travis/cg
total 1756
drwxrwxr-x   3 travis travis  12288 Jul 11 02:04 AbsoluteValue
drwxrwxr-x   3 travis travis 102400 Jul 11 02:03 AllColt
drwxrwxr-x   3 travis travis  12288 Jul 11 02:04 Case1
-rw-rw-r--   1 travis travis   5104 Jul 11 02:11 CompiledCompositeActor_CompiledCompositeActor.class
-rw-rw-r--   1 travis travis   1592 Jul 11 02:11 CompiledCompositeActor_CompiledCompositeActor$_CompiledCompositeActor_CompiledCompositeActor.class
-rw-rw-r--   1 travis travis  13466 Jul 11 02:11 CompiledCompositeActor_CompiledCompositeActor.java
-rw-rw-r--   1 travis travis   1593 Jul 11 02:11 CompiledCompositeActor_CompiledCompositeActor.mk
drwxrwxr-x   5 travis travis   4096 Jul 11 02:03 fmi
drwxrwxr-x   3 travis travis  16384 Jul 11 02:05 Gaussian2
-rw-rw-r--   1 travis travis   4660 Jul 11 02:11 JavaCompiledCompositeTest1_CompiledCompositeActor.class
-rw-rw-r--   1 travis travis  11637 Jul 11 02:11 JavaCompiledCompositeTest1_CompiledCompositeActor.java
-rw-rw-r--   1 travis travis   1198 Jul 11 02:11 JavaCompiledCompositeTest1_CompiledCompositeActor$_JavaCompiledCompositeTest1_CompiledCompositeActor.class
-rw-rw-r--   1 travis travis   1625 Jul 11 02:11 JavaCompiledCompositeTest1_CompiledCompositeActor.mk
-rw-rw-r--   1 travis travis   5091 Jul 11 02:11 JavaCompiledCompositeTest2_CompiledCompositeActor.class
-rw-rw-r--   1 travis travis  14919 Jul 11 02:11 JavaCompiledCompositeTest2_CompiledCompositeActor.java
-rw-rw-r--   1 travis travis   1793 Jul 11 02:11 JavaCompiledCompositeTest2_CompiledCompositeActor$_JavaCompiledCompositeTest2_CompiledCompositeActor.class
-rw-rw-r--   1 travis travis   1625 Jul 11 02:11 JavaCompiledCompositeTest2_CompiledCompositeActor.mk
-rw-rw-r--   1 travis travis   4708 Jul 11 02:11 JavaCompiledCompositeTest3_CompiledCompositeActor.class
-rw-rw-r--   1 travis travis  13080 Jul 11 02:11 JavaCompiledCompositeTest3_CompiledCompositeActor.java
-rw-rw-r--   1 travis travis   1378 Jul 11 02:11 JavaCompiledCompositeTest3_CompiledCompositeActor$_JavaCompiledCompositeTest3_CompiledCompositeActor.class
-rw-rw-r--   1 travis travis   1625 Jul 11 02:11 JavaCompiledCompositeTest3_CompiledCompositeActor.mk
-rw-rw-r--   1 travis travis   4159 Jul 11 02:11 JavaCompiledCompositeTest4_CompiledCompositeActor.class
-rw-rw-r--   1 travis travis   9687 Jul 11 02:11 JavaCompiledCompositeTest4_CompiledCompositeActor.java
-rw-rw-r--   1 travis travis    857 Jul 11 02:11 JavaCompiledCompositeTest4_CompiledCompositeActor$_JavaCompiledCompositeTest4_CompiledCompositeActor.class
-rw-rw-r--   1 travis travis   1625 Jul 11 02:11 JavaCompiledCompositeTest4_CompiledCompositeActor.mk
drwxrwxr-x   3 travis travis  12288 Jul 11 02:05 LookupTable
drwxrwxr-x   3 travis travis  20480 Jul 11 02:05 MaxIndex
-rw-rw-r--   1 travis travis   3925 Jul 11 02:11 ModularCG_A1_B1.class
-rw-rw-r--   1 travis travis   9730 Jul 11 02:11 ModularCG_A1_B1.java
-rw-rw-r--   1 travis travis    832 Jul 11 02:11 ModularCG_A1_B1.mk
-rw-rw-r--   1 travis travis   1318 Jul 11 02:11 ModularCG_A1_B1_profile.class
-rw-rw-r--   1 travis travis   1262 Jul 11 02:11 ModularCG_A1_B1_profile.java
-rw-rw-r--   1 travis travis   3925 Jul 11 02:11 ModularCG_A1_B2.class
-rw-rw-r--   1 travis travis   9730 Jul 11 02:11 ModularCG_A1_B2.java
-rw-rw-r--   1 travis travis    832 Jul 11 02:11 ModularCG_A1_B2.mk
-rw-rw-r--   1 travis travis   1318 Jul 11 02:11 ModularCG_A1_B2_profile.class
-rw-rw-r--   1 travis travis   1262 Jul 11 02:11 ModularCG_A1_B2_profile.java
-rw-rw-r--   1 travis travis   5031 Jul 11 02:11 ModularCG_A1.class
-rw-rw-r--   1 travis travis  14742 Jul 11 02:11 ModularCG_A1.java
-rw-rw-r--   1 travis travis    808 Jul 11 02:11 ModularCG_A1.mk
-rw-rw-r--   1 travis travis   1433 Jul 11 02:11 ModularCG_A1_profile.class
-rw-rw-r--   1 travis travis   1704 Jul 11 02:11 ModularCG_A1_profile.java
-rw-rw-r--   1 travis travis   4059 Jul 11 02:11 ModularCG_A2_B1.class
-rw-rw-r--   1 travis travis  10667 Jul 11 02:11 ModularCG_A2_B1.java
-rw-rw-r--   1 travis travis    832 Jul 11 02:11 ModularCG_A2_B1.mk
-rw-rw-r--   1 travis travis   1381 Jul 11 02:11 ModularCG_A2_B1_profile.class
-rw-rw-r--   1 travis travis   1446 Jul 11 02:11 ModularCG_A2_B1_profile.java
-rw-rw-r--   1 travis travis   3925 Jul 11 02:11 ModularCG_A2_B2.class
-rw-rw-r--   1 travis travis   9730 Jul 11 02:11 ModularCG_A2_B2.java
-rw-rw-r--   1 travis travis    832 Jul 11 02:11 ModularCG_A2_B2.mk
-rw-rw-r--   1 travis travis   1318 Jul 11 02:11 ModularCG_A2_B2_profile.class
-rw-rw-r--   1 travis travis   1262 Jul 11 02:11 ModularCG_A2_B2_profile.java
-rw-rw-r--   1 travis travis   5102 Jul 11 02:11 ModularCG_A2.class
-rw-rw-r--   1 travis travis  15129 Jul 11 02:11 ModularCG_A2.java
-rw-rw-r--   1 travis travis    808 Jul 11 02:11 ModularCG_A2.mk
-rw-rw-r--   1 travis travis   1433 Jul 11 02:11 ModularCG_A2_profile.class
-rw-rw-r--   1 travis travis   1704 Jul 11 02:11 ModularCG_A2_profile.java
-rw-rw-r--   1 travis travis   3705 Jul 11 02:12 ModularCGPubSub_A1_A2.class
-rw-rw-r--   1 travis travis   9076 Jul 11 02:11 ModularCGPubSub_A1_A2.java
-rw-rw-r--   1 travis travis    880 Jul 11 02:11 ModularCGPubSub_A1_A2.mk
-rw-rw-r--   1 travis travis   1300 Jul 11 02:11 ModularCGPubSub_A1_A2_profile.class
-rw-rw-r--   1 travis travis   1222 Jul 11 02:11 ModularCGPubSub_A1_A2_profile.java
-rw-rw-r--   1 travis travis   4022 Jul 11 02:12 ModularCGPubSub_A1.class
-rw-rw-r--   1 travis travis   9836 Jul 11 02:12 ModularCGPubSub_A1.java
-rw-rw-r--   1 travis travis    856 Jul 11 02:12 ModularCGPubSub_A1.mk
-rw-rw-r--   1 travis travis   1346 Jul 11 02:12 ModularCGPubSub_A1_profile.class
-rw-rw-r--   1 travis travis   1388 Jul 11 02:12 ModularCGPubSub_A1_profile.java
-rw-rw-r--   1 travis travis   4220 Jul 11 02:12 ModularCodeGen2_ModularCodeGenTypedCompositeActor.class
-rw-rw-r--   1 travis travis  11690 Jul 11 02:12 ModularCodeGen2_ModularCodeGenTypedCompositeActor.java
-rw-rw-r--   1 travis travis   1104 Jul 11 02:12 ModularCodeGen2_ModularCodeGenTypedCompositeActor.mk
-rw-rw-r--   1 travis travis   4504 Jul 11 02:12 ModularCodeGen2_ModularCodeGenTypedCompositeActor_ModularCodeGenTypedCompositeActor.class
-rw-rw-r--   1 travis travis  11790 Jul 11 02:12 ModularCodeGen2_ModularCodeGenTypedCompositeActor_ModularCodeGenTypedCompositeActor.java
-rw-rw-r--   1 travis travis   1376 Jul 11 02:12 ModularCodeGen2_ModularCodeGenTypedCompositeActor_ModularCodeGenTypedCompositeActor.mk
-rw-rw-r--   1 travis travis   1421 Jul 11 02:12 ModularCodeGen2_ModularCodeGenTypedCompositeActor_ModularCodeGenTypedCompositeActor_profile.class
-rw-rw-r--   1 travis travis   1294 Jul 11 02:12 ModularCodeGen2_ModularCodeGenTypedCompositeActor_ModularCodeGenTypedCompositeActor_profile.java
-rw-rw-r--   1 travis travis    820 Jul 11 02:12 ModularCodeGen2_ModularCodeGenTypedCompositeActor_profile.class
-rw-rw-r--   1 travis travis    693 Jul 11 02:12 ModularCodeGen2_ModularCodeGenTypedCompositeActor_profile.java
-rw-rw-r--   1 travis travis   3973 Jul 11 02:12 ModularCodeGen3_A1_B1.class
-rw-rw-r--   1 travis travis   9958 Jul 11 02:12 ModularCodeGen3_A1_B1.java
-rw-rw-r--   1 travis travis    880 Jul 11 02:12 ModularCodeGen3_A1_B1.mk
-rw-rw-r--   1 travis travis   1330 Jul 11 02:12 ModularCodeGen3_A1_B1_profile.class
-rw-rw-r--   1 travis travis   1274 Jul 11 02:12 ModularCodeGen3_A1_B1_profile.java
-rw-rw-r--   1 travis travis   1274 Jul 11 02:12 ModularCodeGen3_A1_B2_profile.java
-rw-rw-r--   1 travis travis   4186 Jul 11 02:12 ModularCodeGen_ModularCodeGenTypedCompositeActor.class
-rw-rw-r--   1 travis travis  10970 Jul 11 02:12 ModularCodeGen_ModularCodeGenTypedCompositeActor.java
-rw-rw-r--   1 travis travis   1096 Jul 11 02:12 ModularCodeGen_ModularCodeGenTypedCompositeActor.mk
-rw-rw-r--   1 travis travis   1384 Jul 11 02:12 ModularCodeGen_ModularCodeGenTypedCompositeActor_profile.class
-rw-rw-r--   1 travis travis   1328 Jul 11 02:12 ModularCodeGen_ModularCodeGenTypedCompositeActor_profile.java
-rw-rw-r--   1 travis travis   3724 Jul 11 02:11 ModularCodeGenTest_A1_A2.class
-rw-rw-r--   1 travis travis   9164 Jul 11 02:11 ModularCodeGenTest_A1_A2.java
-rw-rw-r--   1 travis travis   1306 Jul 11 02:11 ModularCodeGenTest_A1_A2_profile.class
-rw-rw-r--   1 travis travis   4055 Jul 11 02:11 ModularCodeGenTest_A1.class
-rw-rw-r--   1 travis travis   9968 Jul 11 02:11 ModularCodeGenTest_A1.java
-rw-rw-r--   1 travis travis    880 Jul 11 02:11 ModularCodeGenTest_A1.mk
-rw-rw-r--   1 travis travis   1352 Jul 11 02:11 ModularCodeGenTest_A1_profile.class
-rw-rw-r--   1 travis travis   1394 Jul 11 02:11 ModularCodeGenTest_A1_profile.java
drwxrwxr-x   3 travis travis  32768 Jul 11 02:10 modulation2
drwxrwxr-x 139 travis travis  12288 Jul 11 02:11 node_modules
drwxrwxr-x   3 travis travis  20480 Jul 11 02:06 PhaseUnwrap
drwxrwxr-x   3 travis travis  12288 Jul 11 02:06 ReadFile1
-rw-rw-r--   1 travis travis     11 Jul 11 02:06 ReadFile1Output.txt
-rw-rw-r--   1 travis travis   9615 Jul 11 02:11 Repeat.class
-rw-rw-r--   1 travis travis    666 Jul 11 02:11 Repeat$_fireFunction_Repeat_Repeat$__f_sL_11.class
-rw-rw-r--   1 travis travis    522 Jul 11 02:11 Repeat$_fireFunction_Repeat_Repeat$__f_sL_12.class
-rw-rw-r--   1 travis travis    522 Jul 11 02:11 Repeat$_fireFunction_Repeat_Repeat$__f_sL_13.class
-rw-rw-r--   1 travis travis    522 Jul 11 02:11 Repeat$_fireFunction_Repeat_Repeat$__f_sL_14.class
-rw-rw-r--   1 travis travis    665 Jul 11 02:11 Repeat$_fireFunction_Repeat_Repeat$__f_sL_1.class
-rw-rw-r--   1 travis travis    664 Jul 11 02:11 Repeat$_fireFunction_Repeat_Repeat$__f_sL_4.class
-rw-rw-r--   1 travis travis    520 Jul 11 02:11 Repeat$_fireFunction_Repeat_Repeat$__f_sL_9.class
-rw-rw-r--   1 travis travis    475 Jul 11 02:11 Repeat$_initialize_Repeat$__i_sL_2.class
-rw-rw-r--   1 travis travis   1281 Jul 11 02:10 Repeat.mk
-rw-rw-r--   1 travis travis    520 Jul 11 02:11 Repeat$_preinitializeMethod_Repeat$__p_sL_0.class
-rw-rw-r--   1 travis travis   1083 Jul 11 02:11 Repeat$_Repeat$_fireFunction_Repeat_AddSubtract_Repeat.class
In "/home/travis/cg", about to execute:
-rw-rw-r--   1 travis travis    791 Jul 11 02:11 Repeat$_Repeat$_fireFunction_Repeat_AddSubtract_Repeat$__f_sL_0.class
-rw-rw-r--   1 travis travis    909 Jul 11 02:11 Repeat$_Repeat$_fireFunction_Repeat_AddSubtract_Repeat$__f_sL_1.class
-rw-rw-r--   1 travis travis    915 Jul 11 02:11 Repeat$_Repeat$_fireFunction_Repeat_AddSubtract_Repeat$__f_sL_2.class
-rw-rw-r--   1 travis travis    843 Jul 11 02:11 Repeat$_Repeat$_fireFunction_Repeat_AddSubtract_Repeat$__f_sL_3.class
-rw-rw-r--   1 travis travis    738 Jul 11 02:11 Repeat$_Repeat$_fireFunction_Repeat_Ramp2_Repeat$__f_sL_0.class
-rw-rw-r--   1 travis travis    869 Jul 11 02:11 Repeat$_Repeat$_fireFunction_Repeat_Test_Repeat$__f_sL_0.class
-rw-rw-r--   1 travis travis    615 Jul 11 02:11 Repeat$_Repeat$_fireFunction_Repeat_Test_Repeat$__f_sL_1.class
-rw-rw-r--   1 travis travis    685 Jul 11 02:11 Repeat$_Repeat_SDF_Director_run_Repeat$__R_sL_0.class
-rw-rw-r--   1 travis travis    686 Jul 11 02:11 Repeat$_Repeat_SDF_Director_run_Repeat$__R_sL_11.class
-rw-rw-r--   1 travis travis    542 Jul 11 02:11 Repeat$_Repeat_SDF_Director_run_Repeat$__R_sL_13.class
-rw-rw-r--   1 travis travis    540 Jul 11 02:11 Repeat$_Repeat_SDF_Director_run_Repeat$__R_sL_2.class
-rw-rw-r--   1 travis travis    684 Jul 11 02:11 Repeat$_Repeat_SDF_Director_run_Repeat$__R_sL_3.class
-rw-rw-r--   1 travis travis    540 Jul 11 02:11 Repeat$_Repeat_SDF_Director_run_Repeat$__R_sL_5.class
-rw-rw-r--   1 travis travis    540 Jul 11 02:11 Repeat$_Repeat_SDF_Director_run_Repeat$__R_sL_8.class
    javac -classpath
.:/home/travis/build/icyphy/ptII:/home/travis/build/icyphy/ptII/lib/bsh-2.0b4.j
ar:/home/travis/build/icyphy/ptII/lib/ptCal.jar:/home/travis/build/icyphy/ptII/
lib/java_cup.jar:/home/travis/build/icyphy/ptII/lib/saxon8.jar:/home/travis/bui
ld/icyphy/ptII/lib/saxon8-dom.jar:/home/travis/build/icyphy/ptII/lib/chic.jar:/
home/travis/build/icyphy/ptII/lib/ptcolt.jar:/home/travis/build/icyphy/ptII/ven
dors/misc/itext/iText.jar:/home/travis/build/icyphy/ptII/lib/g4ltl.jar:/home/tr
avis/build/icyphy/ptII/lib/StructuralCoder.jar:/home/travis/build/icyphy/ptII/v
endors/jai-1_1_2_01/lib/jai_core.jar:/home/travis/build/icyphy/ptII/vendors/jai
-1_1_2_01/lib/jai_codec.jar:/home/travis/build/icyphy/ptII/lib/jcerti.jar:/home
/travis/build/icyphy/ptII/lib/javax.mail.jar:/usr/share/java/openjfx/jre/lib/ex
t/jfxrt.jar:/usr/lib/jvm/java-8-openjdk-amd64/jre/lib/ext/jfxrt.jar:/home/travi
s/build/icyphy/ptII/vendors/JMF-2.1.1e/lib/jmf.jar:/home/travis/build/icyphy/pt
II/lib/jna-4.0.0-variadic.jar:/home/travis/build/icyphy/ptII/vendors/misc/joyst
ick/Joystick.jar:/home/travis/build/icyphy/ptII/lib/ptjacl.jar:/home/travis/bui
ld/icyphy/ptII/lib/jsoup-1.8.2.jar:/home/travis/build/icyphy/ptII/lib/junit-4.8
.2.jar:/home/travis/build/icyphy/ptII/lib/JUnitParams-0.4.0.jar:/home/travis/bu
ild/icyphy/ptII/ptolemy/actor/lib/excel/jxl.jar:/home/travis/build/icyphy/ptII/
lib/jython.jar:/home/travis/build/icyphy/ptII/lib/kieler.jar:/home/travis/build
/icyphy/ptII/lib/opencv-341.jar:/home/travis/build/icyphy/ptII/lib/oscP5.jar:/h
ome/travis/build/icyphy/ptII/lib/nrjavaserial-3.11.0.devel.jar:/home/travis/bui
ld/icyphy/ptII/vendors/j3d/lib/j3dcore.jar:/home/travis/build/icyphy/ptII/vendo
rs/j3d/lib/j3dutils.jar:/home/travis/build/icyphy/ptII/vendors/j3d/lib/vecmath.
jar:/home/travis/build/icyphy/ptII/ptolemy/distributed/jini/jar/jini-core.jar:/
home/travis/build/icyphy/ptII/ptolemy/distributed/jini/jar/jini-ext.jar:/home/t
ravis/build/icyphy/ptII/ptolemy/distributed/jini/jar/sun-util.jar:/home/travis/
build/icyphy/ptII/lib/protobuf-java-2.4.1.jar:/home/travis/build/icyphy/ptII/li
b/org.eclipse.paho.client.mqttv3.jar:/home/travis/build/icyphy/ptII/lib/mapss.j
ar:/home/travis/build/icyphy/ptII/ptolemy/actor/ptalon/antlr/antlr.jar:/home/tr
avis/build/icyphy/ptII/lib/JRI.jar:/home/travis/build/icyphy/ptII/lib/commons-l
ang-2.6.jar:/home/travis/build/icyphy/ptII/lib/commons-logging-1.1.1.jar:/home/
travis/build/icyphy/ptII/lib/sootclasses.jar:/home/travis/build/icyphy/ptII/pto
lemy/actor/lib/database/mysql-connector-java-5.1.6-bin.jar:/home/travis/build/i
cyphy/ptII/vendors/misc/sphinx4/sphinx4-data-5prealpha.jar:/home/travis/build/i
cyphy/ptII/vendors/misc/sphinx4/sphinx4-core-5prealpha.jar:/home/travis/build/i
cyphy/ptII/lib/PDFRenderer.jar:/home/travis/build/icyphy/ptII/lib/svgSalamander
.jar:/home/travis/build/icyphy/ptII/lib/rsyntaxtextarea-2.6.0-SNAPSHOT.jar:/hom
e/travis/build/icyphy/ptII/lib/hazelcast-3.8.2.jar:/home/travis/build/icyphy/pt
II/lib/jackson-annotations-2.9.0.jar:/home/travis/build/icyphy/ptII/lib/jackson
-core-2.9.3.jar:/home/travis/build/icyphy/ptII/lib/jackson-databind-2.9.3.jar:/
home/travis/build/icyphy/ptII/lib/netty-buffer-4.1.19.Final.jar:/home/travis/bu
ild/icyphy/ptII/lib/netty-codec-4.1.19.Final.jar:/home/travis/build/icyphy/ptII
/lib/netty-codec-dns-4.1.19.Final.jar:/home/travis/build/icyphy/ptII/lib/netty-
codec-http-4.1.19.Final.jar:/home/travis/build/icyphy/ptII/lib/netty-codec-http
2-4.1.19.Final.jar:/home/travis/build/icyphy/ptII/lib/netty-common-4.1.19.Final
.jar:/home/travis/build/icyphy/ptII/lib/netty-handler-4.1.19.Final.jar:/home/tr
avis/build/icyphy/ptII/lib/netty-resolver-4.1.19.Final.jar:/home/travis/build/i
cyphy/ptII/lib/netty-resolver-dns-4.1.19.Final.jar:/home/travis/build/icyphy/pt
II/lib/netty-transport-4.1.19.Final.jar:/home/travis/build/icyphy/ptII/lib/vert
x-codegen-3.5.1.jar:/home/travis/build/icyphy/ptII/lib/vertx-core-3.5.2-SNAPSHO
T.jar:/home/travis/build/icyphy/ptII/lib/vertx-hazelcast-3.5.1.jar:/home/travis
/build/icyphy/ptII/lib/vertx-lang-js-3.5.1.jar:/home/travis/build/icyphy/ptII/l
ib/vertx-service-proxy-3.5.1.jar:/home/travis/build/icyphy/ptII/lib/vertx-web-3
.5.1.jar:/home/travis/build/icyphy/ptII/lib/slf4j-api-1.7.13.jar:/home/travis/b
uild/icyphy/ptII/lib/slf4j-simple-1.7.13.jar:/home/travis/build/icyphy/ptII/lib
/webcam-capture-0.3.12.jar:/home/travis/build/icyphy/ptII/lib/bridj-0.7.0.jar:/
home/travis/build/icyphy/ptII/lib/xbjlib-1.1.0.nrjavaserial.jar:/home/travis/bu
ild/icyphy/ptII/ptolemy/moml/test:/home/travis/build/icyphy/ptII/ant/lib/ant-la
uncher.jar:/home/travis/build/icyphy/ptII/ant/lib/ant.jar:/home/travis/build/ic
yphy/ptII/ant/lib/ant-junit.jar:/home/travis/build/icyphy/ptII/ant/lib/ant-juni
t4.jar:/home/travis/build/icyphy/ptII ModularCodeGen3_A1_B2_profile.java
drwxrwxr-x   2 travis travis   4096 Jul 11 02:11 RepeatVariables
-rw-rw-r--   1 travis travis    863 Jul 11 02:11 Repeat$_varinit_Repeat.class
-rw-rw-r--   1 travis travis    531 Jul 11 02:11 Repeat$_varinit_Repeat$__v_sL_2.class
-rw-rw-r--   1 travis travis    905 Jul 11 02:11 Repeat$_varinit_Repeat$__v_sL_4.class
-rw-rw-r--   1 travis travis    959 Jul 11 02:11 Repeat$_wrapup_Repeat$__w_sL_1.class
drwxrwxr-x   3 travis travis  20480 Jul 11 02:06 Sinewave
drwxrwxr-x   3 travis travis  32768 Jul 11 02:08 StringFunction
drwxrwxr-x   3 travis travis  12288 Jul 11 02:08 StringLength
drwxrwxr-x   3 travis travis  61440 Jul 11 02:09 StringMatches2
drwxrwxr-x   3 travis travis  61440 Jul 11 02:09 StringSimpleReplace
drwxrwxr-x   3 travis travis  65536 Jul 11 02:09 StringSubstring
drwxrwxr-x   3 travis travis  24576 Jul 11 02:09 StringSubstring2
drwxrwxr-x   3 travis travis  16384 Jul 11 02:10 time1
drwxrwxr-x   3 travis travis  12288 Jul 11 02:10 time5
-rw-rw-r--   1 travis travis    432 Jul 11 02:12 Token.class
-rw-rw-r--   1 travis travis    251 Jul 11 02:12 Token.java
-rwxrwxr-x   1 travis travis 466992 Jul 11 02:03 top
-rw-rw-r--   1 travis travis  20502 Jul 11 02:03 top.c
-rw-rw-r--   1 travis travis   3799 Jul 11 02:11 top.class
-rw-rw-r--   1 travis travis   1257 Jul 11 02:11 top.mk
All Done
Writing ModularCodeGen3_A1_B2.java in file:/home/travis/cg/ (9958 characters)
Reading "ptolemy/cg/kernel/generic/program/procedural/java/modular/makefile.in",
    writing "/home/travis/cg/ModularCodeGen3_A1_B2.mk"
Using ptolemy/cg/kernel/generic/program/procedural/java/modular/makefile.in
In "/home/travis/cg", about to execute:
    make -f ModularCodeGen3_A1_B2.mk
javac -classpath ".:.."    ModularCodeGen3_A1_B2.java
All Done
In "/home/travis/cg", about to execute:
    pwd
In "/home/travis/cg", about to execute:
    ls -l
/home/travis/cg
total 1784
drwxrwxr-x   3 travis travis  12288 Jul 11 02:04 AbsoluteValue
drwxrwxr-x   3 travis travis 102400 Jul 11 02:03 AllColt
drwxrwxr-x   3 travis travis  12288 Jul 11 02:04 Case1
-rw-rw-r--   1 travis travis   5104 Jul 11 02:11 CompiledCompositeActor_CompiledCompositeActor.class
-rw-rw-r--   1 travis travis   1592 Jul 11 02:11 CompiledCompositeActor_CompiledCompositeActor$_CompiledCompositeActor_CompiledCompositeActor.class
-rw-rw-r--   1 travis travis  13466 Jul 11 02:11 CompiledCompositeActor_CompiledCompositeActor.java
-rw-rw-r--   1 travis travis   1593 Jul 11 02:11 CompiledCompositeActor_CompiledCompositeActor.mk
drwxrwxr-x   5 travis travis   4096 Jul 11 02:03 fmi
drwxrwxr-x   3 travis travis  16384 Jul 11 02:05 Gaussian2
-rw-rw-r--   1 travis travis   4660 Jul 11 02:11 JavaCompiledCompositeTest1_CompiledCompositeActor.class
-rw-rw-r--   1 travis travis  11637 Jul 11 02:11 JavaCompiledCompositeTest1_CompiledCompositeActor.java
-rw-rw-r--   1 travis travis   1198 Jul 11 02:11 JavaCompiledCompositeTest1_CompiledCompositeActor$_JavaCompiledCompositeTest1_CompiledCompositeActor.class
-rw-rw-r--   1 travis travis   1625 Jul 11 02:11 JavaCompiledCompositeTest1_CompiledCompositeActor.mk
-rw-rw-r--   1 travis travis   5091 Jul 11 02:11 JavaCompiledCompositeTest2_CompiledCompositeActor.class
-rw-rw-r--   1 travis travis  14919 Jul 11 02:11 JavaCompiledCompositeTest2_CompiledCompositeActor.java
-rw-rw-r--   1 travis travis   1793 Jul 11 02:11 JavaCompiledCompositeTest2_CompiledCompositeActor$_JavaCompiledCompositeTest2_CompiledCompositeActor.class
-rw-rw-r--   1 travis travis   1625 Jul 11 02:11 JavaCompiledCompositeTest2_CompiledCompositeActor.mk
-rw-rw-r--   1 travis travis   4708 Jul 11 02:11 JavaCompiledCompositeTest3_CompiledCompositeActor.class
-rw-rw-r--   1 travis travis  13080 Jul 11 02:11 JavaCompiledCompositeTest3_CompiledCompositeActor.java
-rw-rw-r--   1 travis travis   1378 Jul 11 02:11 JavaCompiledCompositeTest3_CompiledCompositeActor$_JavaCompiledCompositeTest3_CompiledCompositeActor.class
-rw-rw-r--   1 travis travis   1625 Jul 11 02:11 JavaCompiledCompositeTest3_CompiledCompositeActor.mk
-rw-rw-r--   1 travis travis   4159 Jul 11 02:11 JavaCompiledCompositeTest4_CompiledCompositeActor.class
-rw-rw-r--   1 travis travis   9687 Jul 11 02:11 JavaCompiledCompositeTest4_CompiledCompositeActor.java
-rw-rw-r--   1 travis travis    857 Jul 11 02:11 JavaCompiledCompositeTest4_CompiledCompositeActor$_JavaCompiledCompositeTest4_CompiledCompositeActor.class
-rw-rw-r--   1 travis travis   1625 Jul 11 02:11 JavaCompiledCompositeTest4_CompiledCompositeActor.mk
drwxrwxr-x   3 travis travis  12288 Jul 11 02:05 LookupTable
drwxrwxr-x   3 travis travis  20480 Jul 11 02:05 MaxIndex
-rw-rw-r--   1 travis travis   3925 Jul 11 02:11 ModularCG_A1_B1.class
-rw-rw-r--   1 travis travis   9730 Jul 11 02:11 ModularCG_A1_B1.java
-rw-rw-r--   1 travis travis    832 Jul 11 02:11 ModularCG_A1_B1.mk
-rw-rw-r--   1 travis travis   1318 Jul 11 02:11 ModularCG_A1_B1_profile.class
-rw-rw-r--   1 travis travis   1262 Jul 11 02:11 ModularCG_A1_B1_profile.java
-rw-rw-r--   1 travis travis   3925 Jul 11 02:11 ModularCG_A1_B2.class
-rw-rw-r--   1 travis travis   9730 Jul 11 02:11 ModularCG_A1_B2.java
-rw-rw-r--   1 travis travis    832 Jul 11 02:11 ModularCG_A1_B2.mk
-rw-rw-r--   1 travis travis   1318 Jul 11 02:11 ModularCG_A1_B2_profile.class
-rw-rw-r--   1 travis travis   1262 Jul 11 02:11 ModularCG_A1_B2_profile.java
-rw-rw-r--   1 travis travis   5031 Jul 11 02:11 ModularCG_A1.class
-rw-rw-r--   1 travis travis  14742 Jul 11 02:11 ModularCG_A1.java
-rw-rw-r--   1 travis travis    808 Jul 11 02:11 ModularCG_A1.mk
-rw-rw-r--   1 travis travis   1433 Jul 11 02:11 ModularCG_A1_profile.class
-rw-rw-r--   1 travis travis   1704 Jul 11 02:11 ModularCG_A1_profile.java
-rw-rw-r--   1 travis travis   4059 Jul 11 02:11 ModularCG_A2_B1.class
-rw-rw-r--   1 travis travis  10667 Jul 11 02:11 ModularCG_A2_B1.java
-rw-rw-r--   1 travis travis    832 Jul 11 02:11 ModularCG_A2_B1.mk
In "/home/travis/cg", about to execute:
-rw-rw-r--   1 travis travis   1381 Jul 11 02:11 ModularCG_A2_B1_profile.class
-rw-rw-r--   1 travis travis   1446 Jul 11 02:11 ModularCG_A2_B1_profile.java
-rw-rw-r--   1 travis travis   3925 Jul 11 02:11 ModularCG_A2_B2.class
-rw-rw-r--   1 travis travis   9730 Jul 11 02:11 ModularCG_A2_B2.java
-rw-rw-r--   1 travis travis    832 Jul 11 02:11 ModularCG_A2_B2.mk
-rw-rw-r--   1 travis travis   1318 Jul 11 02:11 ModularCG_A2_B2_profile.class
-rw-rw-r--   1 travis travis   1262 Jul 11 02:11 ModularCG_A2_B2_profile.java
-rw-rw-r--   1 travis travis   5102 Jul 11 02:11 ModularCG_A2.class
-rw-rw-r--   1 travis travis  15129 Jul 11 02:11 ModularCG_A2.java
-rw-rw-r--   1 travis travis    808 Jul 11 02:11 ModularCG_A2.mk
-rw-rw-r--   1 travis travis   1433 Jul 11 02:11 ModularCG_A2_profile.class
-rw-rw-r--   1 travis travis   1704 Jul 11 02:11 ModularCG_A2_profile.java
-rw-rw-r--   1 travis travis   3705 Jul 11 02:12 ModularCGPubSub_A1_A2.class
-rw-rw-r--   1 travis travis   9076 Jul 11 02:11 ModularCGPubSub_A1_A2.java
-rw-rw-r--   1 travis travis    880 Jul 11 02:11 ModularCGPubSub_A1_A2.mk
-rw-rw-r--   1 travis travis   1300 Jul 11 02:11 ModularCGPubSub_A1_A2_profile.class
-rw-rw-r--   1 travis travis   1222 Jul 11 02:11 ModularCGPubSub_A1_A2_profile.java
-rw-rw-r--   1 travis travis   4022 Jul 11 02:12 ModularCGPubSub_A1.class
-rw-rw-r--   1 travis travis   9836 Jul 11 02:12 ModularCGPubSub_A1.java
-rw-rw-r--   1 travis travis    856 Jul 11 02:12 ModularCGPubSub_A1.mk
-rw-rw-r--   1 travis travis   1346 Jul 11 02:12 ModularCGPubSub_A1_profile.class
-rw-rw-r--   1 travis travis   1388 Jul 11 02:12 ModularCGPubSub_A1_profile.java
-rw-rw-r--   1 travis travis   4220 Jul 11 02:12 ModularCodeGen2_ModularCodeGenTypedCompositeActor.class
-rw-rw-r--   1 travis travis  11690 Jul 11 02:12 ModularCodeGen2_ModularCodeGenTypedCompositeActor.java
    javac -classpath
.:/home/travis/build/icyphy/ptII:/home/travis/build/icyphy/ptII/lib/bsh-2.0b4.j
ar:/home/travis/build/icyphy/ptII/lib/ptCal.jar:/home/travis/build/icyphy/ptII/
lib/java_cup.jar:/home/travis/build/icyphy/ptII/lib/saxon8.jar:/home/travis/bui
ld/icyphy/ptII/lib/saxon8-dom.jar:/home/travis/build/icyphy/ptII/lib/chic.jar:/
home/travis/build/icyphy/ptII/lib/ptcolt.jar:/home/travis/build/icyphy/ptII/ven
dors/misc/itext/iText.jar:/home/travis/build/icyphy/ptII/lib/g4ltl.jar:/home/tr
avis/build/icyphy/ptII/lib/StructuralCoder.jar:/home/travis/build/icyphy/ptII/v
endors/jai-1_1_2_01/lib/jai_core.jar:/home/travis/build/icyphy/ptII/vendors/jai
-1_1_2_01/lib/jai_codec.jar:/home/travis/build/icyphy/ptII/lib/jcerti.jar:/home
/travis/build/icyphy/ptII/lib/javax.mail.jar:/usr/share/java/openjfx/jre/lib/ex
t/jfxrt.jar:/usr/lib/jvm/java-8-openjdk-amd64/jre/lib/ext/jfxrt.jar:/home/travi
s/build/icyphy/ptII/vendors/JMF-2.1.1e/lib/jmf.jar:/home/travis/build/icyphy/pt
II/lib/jna-4.0.0-variadic.jar:/home/travis/build/icyphy/ptII/vendors/misc/joyst
ick/Joystick.jar:/home/travis/build/icyphy/ptII/lib/ptjacl.jar:/home/travis/bui
ld/icyphy/ptII/lib/jsoup-1.8.2.jar:/home/travis/build/icyphy/ptII/lib/junit-4.8
.2.jar:/home/travis/build/icyphy/ptII/lib/JUnitParams-0.4.0.jar:/home/travis/bu
ild/icyphy/ptII/ptolemy/actor/lib/excel/jxl.jar:/home/travis/build/icyphy/ptII/
lib/jython.jar:/home/travis/build/icyphy/ptII/lib/kieler.jar:/home/travis/build
/icyphy/ptII/lib/opencv-341.jar:/home/travis/build/icyphy/ptII/lib/oscP5.jar:/h
ome/travis/build/icyphy/ptII/lib/nrjavaserial-3.11.0.devel.jar:/home/travis/bui
ld/icyphy/ptII/vendors/j3d/lib/j3dcore.jar:/home/travis/build/icyphy/ptII/vendo
rs/j3d/lib/j3dutils.jar:/home/travis/build/icyphy/ptII/vendors/j3d/lib/vecmath.
jar:/home/travis/build/icyphy/ptII/ptolemy/distributed/jini/jar/jini-core.jar:/
home/travis/build/icyphy/ptII/ptolemy/distributed/jini/jar/jini-ext.jar:/home/t
ravis/build/icyphy/ptII/ptolemy/distributed/jini/jar/sun-util.jar:/home/travis/
build/icyphy/ptII/lib/protobuf-java-2.4.1.jar:/home/travis/build/icyphy/ptII/li
b/org.eclipse.paho.client.mqttv3.jar:/home/travis/build/icyphy/ptII/lib/mapss.j
ar:/home/travis/build/icyphy/ptII/ptolemy/actor/ptalon/antlr/antlr.jar:/home/tr
avis/build/icyphy/ptII/lib/JRI.jar:/home/travis/build/icyphy/ptII/lib/commons-l
ang-2.6.jar:/home/travis/build/icyphy/ptII/lib/commons-logging-1.1.1.jar:/home/
travis/build/icyphy/ptII/lib/sootclasses.jar:/home/travis/build/icyphy/ptII/pto
lemy/actor/lib/database/mysql-connector-java-5.1.6-bin.jar:/home/travis/build/i
cyphy/ptII/vendors/misc/sphinx4/sphinx4-data-5prealpha.jar:/home/travis/build/i
cyphy/ptII/vendors/misc/sphinx4/sphinx4-core-5prealpha.jar:/home/travis/build/i
cyphy/ptII/lib/PDFRenderer.jar:/home/travis/build/icyphy/ptII/lib/svgSalamander
.jar:/home/travis/build/icyphy/ptII/lib/rsyntaxtextarea-2.6.0-SNAPSHOT.jar:/hom
e/travis/build/icyphy/ptII/lib/hazelcast-3.8.2.jar:/home/travis/build/icyphy/pt
II/lib/jackson-annotations-2.9.0.jar:/home/travis/build/icyphy/ptII/lib/jackson
-core-2.9.3.jar:/home/travis/build/icyphy/ptII/lib/jackson-databind-2.9.3.jar:/
home/travis/build/icyphy/ptII/lib/netty-buffer-4.1.19.Final.jar:/home/travis/bu
ild/icyphy/ptII/lib/netty-codec-4.1.19.Final.jar:/home/travis/build/icyphy/ptII
/lib/netty-codec-dns-4.1.19.Final.jar:/home/travis/build/icyphy/ptII/lib/netty-
codec-http-4.1.19.Final.jar:/home/travis/build/icyphy/ptII/lib/netty-codec-http
2-4.1.19.Final.jar:/home/travis/build/icyphy/ptII/lib/netty-common-4.1.19.Final
.jar:/home/travis/build/icyphy/ptII/lib/netty-handler-4.1.19.Final.jar:/home/tr
avis/build/icyphy/ptII/lib/netty-resolver-4.1.19.Final.jar:/home/travis/build/i
cyphy/ptII/lib/netty-resolver-dns-4.1.19.Final.jar:/home/travis/build/icyphy/pt
II/lib/netty-transport-4.1.19.Final.jar:/home/travis/build/icyphy/ptII/lib/vert
x-codegen-3.5.1.jar:/home/travis/build/icyphy/ptII/lib/vertx-core-3.5.2-SNAPSHO
T.jar:/home/travis/build/icyphy/ptII/lib/vertx-hazelcast-3.5.1.jar:/home/travis
/build/icyphy/ptII/lib/vertx-lang-js-3.5.1.jar:/home/travis/build/icyphy/ptII/l
ib/vertx-service-proxy-3.5.1.jar:/home/travis/build/icyphy/ptII/lib/vertx-web-3
.5.1.jar:/home/travis/build/icyphy/ptII/lib/slf4j-api-1.7.13.jar:/home/travis/b
uild/icyphy/ptII/lib/slf4j-simple-1.7.13.jar:/home/travis/build/icyphy/ptII/lib
/webcam-capture-0.3.12.jar:/home/travis/build/icyphy/ptII/lib/bridj-0.7.0.jar:/
home/travis/build/icyphy/ptII/lib/xbjlib-1.1.0.nrjavaserial.jar:/home/travis/bu
ild/icyphy/ptII/ptolemy/moml/test:/home/travis/build/icyphy/ptII/ant/lib/ant-la
uncher.jar:/home/travis/build/icyphy/ptII/ant/lib/ant.jar:/home/travis/build/ic
yphy/ptII/ant/lib/ant-junit.jar:/home/travis/build/icyphy/ptII/ant/lib/ant-juni
t4.jar:/home/travis/build/icyphy/ptII ModularCodeGen3_A1_profile.java
-rw-rw-r--   1 travis travis   1104 Jul 11 02:12 ModularCodeGen2_ModularCodeGenTypedCompositeActor.mk
-rw-rw-r--   1 travis travis   4504 Jul 11 02:12 ModularCodeGen2_ModularCodeGenTypedCompositeActor_ModularCodeGenTypedCompositeActor.class
-rw-rw-r--   1 travis travis  11790 Jul 11 02:12 ModularCodeGen2_ModularCodeGenTypedCompositeActor_ModularCodeGenTypedCompositeActor.java
-rw-rw-r--   1 travis travis   1376 Jul 11 02:12 ModularCodeGen2_ModularCodeGenTypedCompositeActor_ModularCodeGenTypedCompositeActor.mk
-rw-rw-r--   1 travis travis   1421 Jul 11 02:12 ModularCodeGen2_ModularCodeGenTypedCompositeActor_ModularCodeGenTypedCompositeActor_profile.class
-rw-rw-r--   1 travis travis   1294 Jul 11 02:12 ModularCodeGen2_ModularCodeGenTypedCompositeActor_ModularCodeGenTypedCompositeActor_profile.java
-rw-rw-r--   1 travis travis    820 Jul 11 02:12 ModularCodeGen2_ModularCodeGenTypedCompositeActor_profile.class
-rw-rw-r--   1 travis travis    693 Jul 11 02:12 ModularCodeGen2_ModularCodeGenTypedCompositeActor_profile.java
-rw-rw-r--   1 travis travis   3973 Jul 11 02:12 ModularCodeGen3_A1_B1.class
-rw-rw-r--   1 travis travis   9958 Jul 11 02:12 ModularCodeGen3_A1_B1.java
-rw-rw-r--   1 travis travis    880 Jul 11 02:12 ModularCodeGen3_A1_B1.mk
-rw-rw-r--   1 travis travis   1330 Jul 11 02:12 ModularCodeGen3_A1_B1_profile.class
-rw-rw-r--   1 travis travis   1274 Jul 11 02:12 ModularCodeGen3_A1_B1_profile.java
-rw-rw-r--   1 travis travis   3973 Jul 11 02:12 ModularCodeGen3_A1_B2.class
-rw-rw-r--   1 travis travis   9958 Jul 11 02:12 ModularCodeGen3_A1_B2.java
-rw-rw-r--   1 travis travis    880 Jul 11 02:12 ModularCodeGen3_A1_B2.mk
-rw-rw-r--   1 travis travis   1330 Jul 11 02:12 ModularCodeGen3_A1_B2_profile.class
-rw-rw-r--   1 travis travis   1274 Jul 11 02:12 ModularCodeGen3_A1_B2_profile.java
-rw-rw-r--   1 travis travis   1716 Jul 11 02:12 ModularCodeGen3_A1_profile.java
-rw-rw-r--   1 travis travis   4186 Jul 11 02:12 ModularCodeGen_ModularCodeGenTypedCompositeActor.class
-rw-rw-r--   1 travis travis  10970 Jul 11 02:12 ModularCodeGen_ModularCodeGenTypedCompositeActor.java
-rw-rw-r--   1 travis travis   1096 Jul 11 02:12 ModularCodeGen_ModularCodeGenTypedCompositeActor.mk
-rw-rw-r--   1 travis travis   1384 Jul 11 02:12 ModularCodeGen_ModularCodeGenTypedCompositeActor_profile.class
-rw-rw-r--   1 travis travis   1328 Jul 11 02:12 ModularCodeGen_ModularCodeGenTypedCompositeActor_profile.java
-rw-rw-r--   1 travis travis   3724 Jul 11 02:11 ModularCodeGenTest_A1_A2.class
-rw-rw-r--   1 travis travis   9164 Jul 11 02:11 ModularCodeGenTest_A1_A2.java
-rw-rw-r--   1 travis travis   1306 Jul 11 02:11 ModularCodeGenTest_A1_A2_profile.class
-rw-rw-r--   1 travis travis   4055 Jul 11 02:11 ModularCodeGenTest_A1.class
-rw-rw-r--   1 travis travis   9968 Jul 11 02:11 ModularCodeGenTest_A1.java
-rw-rw-r--   1 travis travis    880 Jul 11 02:11 ModularCodeGenTest_A1.mk
-rw-rw-r--   1 travis travis   1352 Jul 11 02:11 ModularCodeGenTest_A1_profile.class
-rw-rw-r--   1 travis travis   1394 Jul 11 02:11 ModularCodeGenTest_A1_profile.java
drwxrwxr-x   3 travis travis  32768 Jul 11 02:10 modulation2
drwxrwxr-x 139 travis travis  12288 Jul 11 02:11 node_modules
drwxrwxr-x   3 travis travis  20480 Jul 11 02:06 PhaseUnwrap
drwxrwxr-x   3 travis travis  12288 Jul 11 02:06 ReadFile1
-rw-rw-r--   1 travis travis     11 Jul 11 02:06 ReadFile1Output.txt
-rw-rw-r--   1 travis travis   9615 Jul 11 02:11 Repeat.class
-rw-rw-r--   1 travis travis    666 Jul 11 02:11 Repeat$_fireFunction_Repeat_Repeat$__f_sL_11.class
-rw-rw-r--   1 travis travis    522 Jul 11 02:11 Repeat$_fireFunction_Repeat_Repeat$__f_sL_12.class
-rw-rw-r--   1 travis travis    522 Jul 11 02:11 Repeat$_fireFunction_Repeat_Repeat$__f_sL_13.class
-rw-rw-r--   1 travis travis    522 Jul 11 02:11 Repeat$_fireFunction_Repeat_Repeat$__f_sL_14.class
-rw-rw-r--   1 travis travis    665 Jul 11 02:11 Repeat$_fireFunction_Repeat_Repeat$__f_sL_1.class
-rw-rw-r--   1 travis travis    664 Jul 11 02:11 Repeat$_fireFunction_Repeat_Repeat$__f_sL_4.class
-rw-rw-r--   1 travis travis    520 Jul 11 02:11 Repeat$_fireFunction_Repeat_Repeat$__f_sL_9.class
-rw-rw-r--   1 travis travis    475 Jul 11 02:11 Repeat$_initialize_Repeat$__i_sL_2.class
-rw-rw-r--   1 travis travis   1281 Jul 11 02:10 Repeat.mk
-rw-rw-r--   1 travis travis    520 Jul 11 02:11 Repeat$_preinitializeMethod_Repeat$__p_sL_0.class
-rw-rw-r--   1 travis travis   1083 Jul 11 02:11 Repeat$_Repeat$_fireFunction_Repeat_AddSubtract_Repeat.class
-rw-rw-r--   1 travis travis    791 Jul 11 02:11 Repeat$_Repeat$_fireFunction_Repeat_AddSubtract_Repeat$__f_sL_0.class
-rw-rw-r--   1 travis travis    909 Jul 11 02:11 Repeat$_Repeat$_fireFunction_Repeat_AddSubtract_Repeat$__f_sL_1.class
-rw-rw-r--   1 travis travis    915 Jul 11 02:11 Repeat$_Repeat$_fireFunction_Repeat_AddSubtract_Repeat$__f_sL_2.class
-rw-rw-r--   1 travis travis    843 Jul 11 02:11 Repeat$_Repeat$_fireFunction_Repeat_AddSubtract_Repeat$__f_sL_3.class
-rw-rw-r--   1 travis travis    738 Jul 11 02:11 Repeat$_Repeat$_fireFunction_Repeat_Ramp2_Repeat$__f_sL_0.class
-rw-rw-r--   1 travis travis    869 Jul 11 02:11 Repeat$_Repeat$_fireFunction_Repeat_Test_Repeat$__f_sL_0.class
-rw-rw-r--   1 travis travis    615 Jul 11 02:11 Repeat$_Repeat$_fireFunction_Repeat_Test_Repeat$__f_sL_1.class
-rw-rw-r--   1 travis travis    685 Jul 11 02:11 Repeat$_Repeat_SDF_Director_run_Repeat$__R_sL_0.class
-rw-rw-r--   1 travis travis    686 Jul 11 02:11 Repeat$_Repeat_SDF_Director_run_Repeat$__R_sL_11.class
-rw-rw-r--   1 travis travis    542 Jul 11 02:11 Repeat$_Repeat_SDF_Director_run_Repeat$__R_sL_13.class
-rw-rw-r--   1 travis travis    540 Jul 11 02:11 Repeat$_Repeat_SDF_Director_run_Repeat$__R_sL_2.class
-rw-rw-r--   1 travis travis    684 Jul 11 02:11 Repeat$_Repeat_SDF_Director_run_Repeat$__R_sL_3.class
-rw-rw-r--   1 travis travis    540 Jul 11 02:11 Repeat$_Repeat_SDF_Director_run_Repeat$__R_sL_5.class
-rw-rw-r--   1 travis travis    540 Jul 11 02:11 Repeat$_Repeat_SDF_Director_run_Repeat$__R_sL_8.class
drwxrwxr-x   2 travis travis   4096 Jul 11 02:11 RepeatVariables
-rw-rw-r--   1 travis travis    863 Jul 11 02:11 Repeat$_varinit_Repeat.class
-rw-rw-r--   1 travis travis    531 Jul 11 02:11 Repeat$_varinit_Repeat$__v_sL_2.class
-rw-rw-r--   1 travis travis    905 Jul 11 02:11 Repeat$_varinit_Repeat$__v_sL_4.class
-rw-rw-r--   1 travis travis    959 Jul 11 02:11 Repeat$_wrapup_Repeat$__w_sL_1.class
drwxrwxr-x   3 travis travis  20480 Jul 11 02:06 Sinewave
drwxrwxr-x   3 travis travis  32768 Jul 11 02:08 StringFunction
drwxrwxr-x   3 travis travis  12288 Jul 11 02:08 StringLength
drwxrwxr-x   3 travis travis  61440 Jul 11 02:09 StringMatches2
drwxrwxr-x   3 travis travis  61440 Jul 11 02:09 StringSimpleReplace
drwxrwxr-x   3 travis travis  65536 Jul 11 02:09 StringSubstring
drwxrwxr-x   3 travis travis  24576 Jul 11 02:09 StringSubstring2
drwxrwxr-x   3 travis travis  16384 Jul 11 02:10 time1
drwxrwxr-x   3 travis travis  12288 Jul 11 02:10 time5
-rw-rw-r--   1 travis travis    432 Jul 11 02:12 Token.class
-rw-rw-r--   1 travis travis    251 Jul 11 02:12 Token.java
-rwxrwxr-x   1 travis travis 466992 Jul 11 02:03 top
-rw-rw-r--   1 travis travis  20502 Jul 11 02:03 top.c
-rw-rw-r--   1 travis travis   3799 Jul 11 02:11 top.class
-rw-rw-r--   1 travis travis   1257 Jul 11 02:11 top.mk
All Done
Writing ModularCodeGen3_A1.java in file:/home/travis/cg/ (15564 characters)
Reading "ptolemy/cg/kernel/generic/program/procedural/java/modular/makefile.in",
    writing "/home/travis/cg/ModularCodeGen3_A1.mk"
Using ptolemy/cg/kernel/generic/program/procedural/java/modular/makefile.in
In "/home/travis/cg", about to execute:
    make -f ModularCodeGen3_A1.mk
javac -classpath ".:.."    ModularCodeGen3_A1.java
All Done
In "/home/travis/cg", about to execute:
    pwd
/home/travis/cg
In "/home/travis/cg", about to execute:
    ls -l
total 1820
drwxrwxr-x   3 travis travis  12288 Jul 11 02:04 AbsoluteValue
drwxrwxr-x   3 travis travis 102400 Jul 11 02:03 AllColt
drwxrwxr-x   3 travis travis  12288 Jul 11 02:04 Case1
-rw-rw-r--   1 travis travis   5104 Jul 11 02:11 CompiledCompositeActor_CompiledCompositeActor.class
-rw-rw-r--   1 travis travis   1592 Jul 11 02:11 CompiledCompositeActor_CompiledCompositeActor$_CompiledCompositeActor_CompiledCompositeActor.class
-rw-rw-r--   1 travis travis  13466 Jul 11 02:11 CompiledCompositeActor_CompiledCompositeActor.java
-rw-rw-r--   1 travis travis   1593 Jul 11 02:11 CompiledCompositeActor_CompiledCompositeActor.mk
drwxrwxr-x   5 travis travis   4096 Jul 11 02:03 fmi
drwxrwxr-x   3 travis travis  16384 Jul 11 02:05 Gaussian2
-rw-rw-r--   1 travis travis   4660 Jul 11 02:11 JavaCompiledCompositeTest1_CompiledCompositeActor.class
-rw-rw-r--   1 travis travis  11637 Jul 11 02:11 JavaCompiledCompositeTest1_CompiledCompositeActor.java
-rw-rw-r--   1 travis travis   1198 Jul 11 02:11 JavaCompiledCompositeTest1_CompiledCompositeActor$_JavaCompiledCompositeTest1_CompiledCompositeActor.class
-rw-rw-r--   1 travis travis   1625 Jul 11 02:11 JavaCompiledCompositeTest1_CompiledCompositeActor.mk
-rw-rw-r--   1 travis travis   5091 Jul 11 02:11 JavaCompiledCompositeTest2_CompiledCompositeActor.class
-rw-rw-r--   1 travis travis  14919 Jul 11 02:11 JavaCompiledCompositeTest2_CompiledCompositeActor.java
-rw-rw-r--   1 travis travis   1793 Jul 11 02:11 JavaCompiledCompositeTest2_CompiledCompositeActor$_JavaCompiledCompositeTest2_CompiledCompositeActor.class
-rw-rw-r--   1 travis travis   1625 Jul 11 02:11 JavaCompiledCompositeTest2_CompiledCompositeActor.mk
-rw-rw-r--   1 travis travis   4708 Jul 11 02:11 JavaCompiledCompositeTest3_CompiledCompositeActor.class
-rw-rw-r--   1 travis travis  13080 Jul 11 02:11 JavaCompiledCompositeTest3_CompiledCompositeActor.java
-rw-rw-r--   1 travis travis   1378 Jul 11 02:11 JavaCompiledCompositeTest3_CompiledCompositeActor$_JavaCompiledCompositeTest3_CompiledCompositeActor.class
-rw-rw-r--   1 travis travis   1625 Jul 11 02:11 JavaCompiledCompositeTest3_CompiledCompositeActor.mk
-rw-rw-r--   1 travis travis   4159 Jul 11 02:11 JavaCompiledCompositeTest4_CompiledCompositeActor.class
-rw-rw-r--   1 travis travis   9687 Jul 11 02:11 JavaCompiledCompositeTest4_CompiledCompositeActor.java
-rw-rw-r--   1 travis travis    857 Jul 11 02:11 JavaCompiledCompositeTest4_CompiledCompositeActor$_JavaCompiledCompositeTest4_CompiledCompositeActor.class
-rw-rw-r--   1 travis travis   1625 Jul 11 02:11 JavaCompiledCompositeTest4_CompiledCompositeActor.mk
drwxrwxr-x   3 travis travis  12288 Jul 11 02:05 LookupTable
drwxrwxr-x   3 travis travis  20480 Jul 11 02:05 MaxIndex
-rw-rw-r--   1 travis travis   3925 Jul 11 02:11 ModularCG_A1_B1.class
-rw-rw-r--   1 travis travis   9730 Jul 11 02:11 ModularCG_A1_B1.java
-rw-rw-r--   1 travis travis    832 Jul 11 02:11 ModularCG_A1_B1.mk
-rw-rw-r--   1 travis travis   1318 Jul 11 02:11 ModularCG_A1_B1_profile.class
-rw-rw-r--   1 travis travis   1262 Jul 11 02:11 ModularCG_A1_B1_profile.java
-rw-rw-r--   1 travis travis   3925 Jul 11 02:11 ModularCG_A1_B2.class
-rw-rw-r--   1 travis travis   9730 Jul 11 02:11 ModularCG_A1_B2.java
-rw-rw-r--   1 travis travis    832 Jul 11 02:11 ModularCG_A1_B2.mk
-rw-rw-r--   1 travis travis   1318 Jul 11 02:11 ModularCG_A1_B2_profile.class
-rw-rw-r--   1 travis travis   1262 Jul 11 02:11 ModularCG_A1_B2_profile.java
-rw-rw-r--   1 travis travis   5031 Jul 11 02:11 ModularCG_A1.class
-rw-rw-r--   1 travis travis  14742 Jul 11 02:11 ModularCG_A1.java
-rw-rw-r--   1 travis travis    808 Jul 11 02:11 ModularCG_A1.mk
-rw-rw-r--   1 travis travis   1433 Jul 11 02:11 ModularCG_A1_profile.class
-rw-rw-r--   1 travis travis   1704 Jul 11 02:11 ModularCG_A1_profile.java
-rw-rw-r--   1 travis travis   4059 Jul 11 02:11 ModularCG_A2_B1.class
-rw-rw-r--   1 travis travis  10667 Jul 11 02:11 ModularCG_A2_B1.java
-rw-rw-r--   1 travis travis    832 Jul 11 02:11 ModularCG_A2_B1.mk
-rw-rw-r--   1 travis travis   1381 Jul 11 02:11 ModularCG_A2_B1_profile.class
-rw-rw-r--   1 travis travis   1446 Jul 11 02:11 ModularCG_A2_B1_profile.java
-rw-rw-r--   1 travis travis   3925 Jul 11 02:11 ModularCG_A2_B2.class
-rw-rw-r--   1 travis travis   9730 Jul 11 02:11 ModularCG_A2_B2.java
-rw-rw-r--   1 travis travis    832 Jul 11 02:11 ModularCG_A2_B2.mk
-rw-rw-r--   1 travis travis   1318 Jul 11 02:11 ModularCG_A2_B2_profile.class
-rw-rw-r--   1 travis travis   1262 Jul 11 02:11 ModularCG_A2_B2_profile.java
-rw-rw-r--   1 travis travis   5102 Jul 11 02:11 ModularCG_A2.class
-rw-rw-r--   1 travis travis  15129 Jul 11 02:11 ModularCG_A2.java
-rw-rw-r--   1 travis travis    808 Jul 11 02:11 ModularCG_A2.mk
-rw-rw-r--   1 travis travis   1433 Jul 11 02:11 ModularCG_A2_profile.class
In "/home/travis/cg", about to execute:
-rw-rw-r--   1 travis travis   1704 Jul 11 02:11 ModularCG_A2_profile.java
-rw-rw-r--   1 travis travis   3705 Jul 11 02:12 ModularCGPubSub_A1_A2.class
-rw-rw-r--   1 travis travis   9076 Jul 11 02:11 ModularCGPubSub_A1_A2.java
-rw-rw-r--   1 travis travis    880 Jul 11 02:11 ModularCGPubSub_A1_A2.mk
-rw-rw-r--   1 travis travis   1300 Jul 11 02:11 ModularCGPubSub_A1_A2_profile.class
-rw-rw-r--   1 travis travis   1222 Jul 11 02:11 ModularCGPubSub_A1_A2_profile.java
-rw-rw-r--   1 travis travis   4022 Jul 11 02:12 ModularCGPubSub_A1.class
-rw-rw-r--   1 travis travis   9836 Jul 11 02:12 ModularCGPubSub_A1.java
-rw-rw-r--   1 travis travis    856 Jul 11 02:12 ModularCGPubSub_A1.mk
-rw-rw-r--   1 travis travis   1346 Jul 11 02:12 ModularCGPubSub_A1_profile.class
-rw-rw-r--   1 travis travis   1388 Jul 11 02:12 ModularCGPubSub_A1_profile.java
-rw-rw-r--   1 travis travis   4220 Jul 11 02:12 ModularCodeGen2_ModularCodeGenTypedCompositeActor.class
-rw-rw-r--   1 travis travis  11690 Jul 11 02:12 ModularCodeGen2_ModularCodeGenTypedCompositeActor.java
-rw-rw-r--   1 travis travis   1104 Jul 11 02:12 ModularCodeGen2_ModularCodeGenTypedCompositeActor.mk
-rw-rw-r--   1 travis travis   4504 Jul 11 02:12 ModularCodeGen2_ModularCodeGenTypedCompositeActor_ModularCodeGenTypedCompositeActor.class
-rw-rw-r--   1 travis travis  11790 Jul 11 02:12 ModularCodeGen2_ModularCodeGenTypedCompositeActor_ModularCodeGenTypedCompositeActor.java
-rw-rw-r--   1 travis travis   1376 Jul 11 02:12 ModularCodeGen2_ModularCodeGenTypedCompositeActor_ModularCodeGenTypedCompositeActor.mk
-rw-rw-r--   1 travis travis   1421 Jul 11 02:12 ModularCodeGen2_ModularCodeGenTypedCompositeActor_ModularCodeGenTypedCompositeActor_profile.class
-rw-rw-r--   1 travis travis   1294 Jul 11 02:12 ModularCodeGen2_ModularCodeGenTypedCompositeActor_ModularCodeGenTypedCompositeActor_profile.java
-rw-rw-r--   1 travis travis    820 Jul 11 02:12 ModularCodeGen2_ModularCodeGenTypedCompositeActor_profile.class
-rw-rw-r--   1 travis travis    693 Jul 11 02:12 ModularCodeGen2_ModularCodeGenTypedCompositeActor_profile.java
-rw-rw-r--   1 travis travis   3973 Jul 11 02:12 ModularCodeGen3_A1_B1.class
-rw-rw-r--   1 travis travis   9958 Jul 11 02:12 ModularCodeGen3_A1_B1.java
-rw-rw-r--   1 travis travis    880 Jul 11 02:12 ModularCodeGen3_A1_B1.mk
-rw-rw-r--   1 travis travis   1330 Jul 11 02:12 ModularCodeGen3_A1_B1_profile.class
-rw-rw-r--   1 travis travis   1274 Jul 11 02:12 ModularCodeGen3_A1_B1_profile.java
-rw-rw-r--   1 travis travis   3973 Jul 11 02:12 ModularCodeGen3_A1_B2.class
-rw-rw-r--   1 travis travis   9958 Jul 11 02:12 ModularCodeGen3_A1_B2.java
-rw-rw-r--   1 travis travis    880 Jul 11 02:12 ModularCodeGen3_A1_B2.mk
-rw-rw-r--   1 travis travis   1330 Jul 11 02:12 ModularCodeGen3_A1_B2_profile.class
-rw-rw-r--   1 travis travis   1274 Jul 11 02:12 ModularCodeGen3_A1_B2_profile.java
-rw-rw-r--   1 travis travis   5193 Jul 11 02:12 ModularCodeGen3_A1.class
-rw-rw-r--   1 travis travis  15564 Jul 11 02:12 ModularCodeGen3_A1.java
-rw-rw-r--   1 travis travis    856 Jul 11 02:12 ModularCodeGen3_A1.mk
-rw-rw-r--   1 travis travis   1445 Jul 11 02:12 ModularCodeGen3_A1_profile.class
-rw-rw-r--   1 travis travis   1716 Jul 11 02:12 ModularCodeGen3_A1_profile.java
-rw-rw-r--   1 travis travis   1458 Jul 11 02:12 ModularCodeGen3_A2_B1_profile.java
-rw-rw-r--   1 travis travis   4186 Jul 11 02:12 ModularCodeGen_ModularCodeGenTypedCompositeActor.class
-rw-rw-r--   1 travis travis  10970 Jul 11 02:12 ModularCodeGen_ModularCodeGenTypedCompositeActor.java
-rw-rw-r--   1 travis travis   1096 Jul 11 02:12 ModularCodeGen_ModularCodeGenTypedCompositeActor.mk
-rw-rw-r--   1 travis travis   1384 Jul 11 02:12 ModularCodeGen_ModularCodeGenTypedCompositeActor_profile.class
-rw-rw-r--   1 travis travis   1328 Jul 11 02:12 ModularCodeGen_ModularCodeGenTypedCompositeActor_profile.java
-rw-rw-r--   1 travis travis   3724 Jul 11 02:11 ModularCodeGenTest_A1_A2.class
-rw-rw-r--   1 travis travis   9164 Jul 11 02:11 ModularCodeGenTest_A1_A2.java
-rw-rw-r--   1 travis travis   1306 Jul 11 02:11 ModularCodeGenTest_A1_A2_profile.class
-rw-rw-r--   1 travis travis   4055 Jul 11 02:11 ModularCodeGenTest_A1.class
-rw-rw-r--   1 travis travis   9968 Jul 11 02:11 ModularCodeGenTest_A1.java
-rw-rw-r--   1 travis travis    880 Jul 11 02:11 ModularCodeGenTest_A1.mk
-rw-rw-r--   1 travis travis   1352 Jul 11 02:11 ModularCodeGenTest_A1_profile.class
-rw-rw-r--   1 travis travis   1394 Jul 11 02:11 ModularCodeGenTest_A1_profile.java
drwxrwxr-x   3 travis travis  32768 Jul 11 02:10 modulation2
drwxrwxr-x 139 travis travis  12288 Jul 11 02:11 node_modules
drwxrwxr-x   3 travis travis  20480 Jul 11 02:06 PhaseUnwrap
drwxrwxr-x   3 travis travis  12288 Jul 11 02:06 ReadFile1
-rw-rw-r--   1 travis travis     11 Jul 11 02:06 ReadFile1Output.txt
-rw-rw-r--   1 travis travis   9615 Jul 11 02:11 Repeat.class
-rw-rw-r--   1 travis travis    666 Jul 11 02:11 Repeat$_fireFunction_Repeat_Repeat$__f_sL_11.class
-rw-rw-r--   1 travis travis    522 Jul 11 02:11 Repeat$_fireFunction_Repeat_Repeat$__f_sL_12.class
-rw-rw-r--   1 travis travis    522 Jul 11 02:11 Repeat$_fireFunction_Repeat_Repeat$__f_sL_13.class
-rw-rw-r--   1 travis travis    522 Jul 11 02:11 Repeat$_fireFunction_Repeat_Repeat$__f_sL_14.class
-rw-rw-r--   1 travis travis    665 Jul 11 02:11 Repeat$_fireFunction_Repeat_Repeat$__f_sL_1.class
-rw-rw-r--   1 travis travis    664 Jul 11 02:11 Repeat$_fireFunction_Repeat_Repeat$__f_sL_4.class
-rw-rw-r--   1 travis travis    520 Jul 11 02:11 Repeat$_fireFunction_Repeat_Repeat$__f_sL_9.class
-rw-rw-r--   1 travis travis    475 Jul 11 02:11 Repeat$_initialize_Repeat$__i_sL_2.class
-rw-rw-r--   1 travis travis   1281 Jul 11 02:10 Repeat.mk
-rw-rw-r--   1 travis travis    520 Jul 11 02:11 Repeat$_preinitializeMethod_Repeat$__p_sL_0.class
-rw-rw-r--   1 travis travis   1083 Jul 11 02:11 Repeat$_Repeat$_fireFunction_Repeat_AddSubtract_Repeat.class
-rw-rw-r--   1 travis travis    791 Jul 11 02:11 Repeat$_Repeat$_fireFunction_Repeat_AddSubtract_Repeat$__f_sL_0.class
-rw-rw-r--   1 travis travis    909 Jul 11 02:11 Repeat$_Repeat$_fireFunction_Repeat_AddSubtract_Repeat$__f_sL_1.class
-rw-rw-r--   1 travis travis    915 Jul 11 02:11 Repeat$_Repeat$_fireFunction_Repeat_AddSubtract_Repeat$__f_sL_2.class
-rw-rw-r--   1 travis travis    843 Jul 11 02:11 Repeat$_Repeat$_fireFunction_Repeat_AddSubtract_Repeat$__f_sL_3.class
-rw-rw-r--   1 travis travis    738 Jul 11 02:11 Repeat$_Repeat$_fireFunction_Repeat_Ramp2_Repeat$__f_sL_0.class
-rw-rw-r--   1 travis travis    869 Jul 11 02:11 Repeat$_Repeat$_fireFunction_Repeat_Test_Repeat$__f_sL_0.class
-rw-rw-r--   1 travis travis    615 Jul 11 02:11 Repeat$_Repeat$_fireFunction_Repeat_Test_Repeat$__f_sL_1.class
-rw-rw-r--   1 travis travis    685 Jul 11 02:11 Repeat$_Repeat_SDF_Director_run_Repeat$__R_sL_0.class
-rw-rw-r--   1 travis travis    686 Jul 11 02:11 Repeat$_Repeat_SDF_Director_run_Repeat$__R_sL_11.class
-rw-rw-r--   1 travis travis    542 Jul 11 02:11 Repeat$_Repeat_SDF_Director_run_Repeat$__R_sL_13.class
-rw-rw-r--   1 travis travis    540 Jul 11 02:11 Repeat$_Repeat_SDF_Director_run_Repeat$__R_sL_2.class
-rw-rw-r--   1 travis travis    684 Jul 11 02:11 Repeat$_Repeat_SDF_Director_run_Repeat$__R_sL_3.class
-rw-rw-r--   1 travis travis    540 Jul 11 02:11 Repeat$_Repeat_SDF_Director_run_Repeat$__R_sL_5.class
-rw-rw-r--   1 travis travis    540 Jul 11 02:11 Repeat$_Repeat_SDF_Director_run_Repeat$__R_sL_8.class
drwxrwxr-x   2 travis travis   4096 Jul 11 02:11 RepeatVariables
-rw-rw-r--   1 travis travis    863 Jul 11 02:11 Repeat$_varinit_Repeat.class
-rw-rw-r--   1 travis travis    531 Jul 11 02:11 Repeat$_varinit_Repeat$__v_sL_2.class
-rw-rw-r--   1 travis travis    905 Jul 11 02:11 Repeat$_varinit_Repeat$__v_sL_4.class
-rw-rw-r--   1 travis travis    959 Jul 11 02:11 Repeat$_wrapup_Repeat$__w_sL_1.class
drwxrwxr-x   3 travis travis  20480 Jul 11 02:06 Sinewave
drwxrwxr-x   3 travis travis  32768 Jul 11 02:08 StringFunction
drwxrwxr-x   3 travis travis  12288 Jul 11 02:08 StringLength
drwxrwxr-x   3 travis travis  61440 Jul 11 02:09 StringMatches2
drwxrwxr-x   3 travis travis  61440 Jul 11 02:09 StringSimpleReplace
drwxrwxr-x   3 travis travis  65536 Jul 11 02:09 StringSubstring
drwxrwxr-x   3 travis travis  24576 Jul 11 02:09 StringSubstring2
drwxrwxr-x   3 travis travis  16384 Jul 11 02:10 time1
drwxrwxr-x   3 travis travis  12288 Jul 11 02:10 time5
-rw-rw-r--   1 travis travis    432 Jul 11 02:12 Token.class
-rw-rw-r--   1 travis travis    251 Jul 11 02:12 Token.java
-rwxrwxr-x   1 travis travis 466992 Jul 11 02:03 top
-rw-rw-r--   1 travis travis  20502 Jul 11 02:03 top.c
-rw-rw-r--   1 travis travis   3799 Jul 11 02:11 top.class
-rw-rw-r--   1 travis travis   1257 Jul 11 02:11 top.mk
    javac -classpath
.:/home/travis/build/icyphy/ptII:/home/travis/build/icyphy/ptII/lib/bsh-2.0b4.j
ar:/home/travis/build/icyphy/ptII/lib/ptCal.jar:/home/travis/build/icyphy/ptII/
lib/java_cup.jar:/home/travis/build/icyphy/ptII/lib/saxon8.jar:/home/travis/bui
ld/icyphy/ptII/lib/saxon8-dom.jar:/home/travis/build/icyphy/ptII/lib/chic.jar:/
home/travis/build/icyphy/ptII/lib/ptcolt.jar:/home/travis/build/icyphy/ptII/ven
dors/misc/itext/iText.jar:/home/travis/build/icyphy/ptII/lib/g4ltl.jar:/home/tr
avis/build/icyphy/ptII/lib/StructuralCoder.jar:/home/travis/build/icyphy/ptII/v
endors/jai-1_1_2_01/lib/jai_core.jar:/home/travis/build/icyphy/ptII/vendors/jai
-1_1_2_01/lib/jai_codec.jar:/home/travis/build/icyphy/ptII/lib/jcerti.jar:/home
/travis/build/icyphy/ptII/lib/javax.mail.jar:/usr/share/java/openjfx/jre/lib/ex
t/jfxrt.jar:/usr/lib/jvm/java-8-openjdk-amd64/jre/lib/ext/jfxrt.jar:/home/travi
s/build/icyphy/ptII/vendors/JMF-2.1.1e/lib/jmf.jar:/home/travis/build/icyphy/pt
II/lib/jna-4.0.0-variadic.jar:/home/travis/build/icyphy/ptII/vendors/misc/joyst
ick/Joystick.jar:/home/travis/build/icyphy/ptII/lib/ptjacl.jar:/home/travis/bui
ld/icyphy/ptII/lib/jsoup-1.8.2.jar:/home/travis/build/icyphy/ptII/lib/junit-4.8
.2.jar:/home/travis/build/icyphy/ptII/lib/JUnitParams-0.4.0.jar:/home/travis/bu
ild/icyphy/ptII/ptolemy/actor/lib/excel/jxl.jar:/home/travis/build/icyphy/ptII/
lib/jython.jar:/home/travis/build/icyphy/ptII/lib/kieler.jar:/home/travis/build
/icyphy/ptII/lib/opencv-341.jar:/home/travis/build/icyphy/ptII/lib/oscP5.jar:/h
ome/travis/build/icyphy/ptII/lib/nrjavaserial-3.11.0.devel.jar:/home/travis/bui
ld/icyphy/ptII/vendors/j3d/lib/j3dcore.jar:/home/travis/build/icyphy/ptII/vendo
rs/j3d/lib/j3dutils.jar:/home/travis/build/icyphy/ptII/vendors/j3d/lib/vecmath.
jar:/home/travis/build/icyphy/ptII/ptolemy/distributed/jini/jar/jini-core.jar:/
home/travis/build/icyphy/ptII/ptolemy/distributed/jini/jar/jini-ext.jar:/home/t
ravis/build/icyphy/ptII/ptolemy/distributed/jini/jar/sun-util.jar:/home/travis/
build/icyphy/ptII/lib/protobuf-java-2.4.1.jar:/home/travis/build/icyphy/ptII/li
b/org.eclipse.paho.client.mqttv3.jar:/home/travis/build/icyphy/ptII/lib/mapss.j
ar:/home/travis/build/icyphy/ptII/ptolemy/actor/ptalon/antlr/antlr.jar:/home/tr
avis/build/icyphy/ptII/lib/JRI.jar:/home/travis/build/icyphy/ptII/lib/commons-l
ang-2.6.jar:/home/travis/build/icyphy/ptII/lib/commons-logging-1.1.1.jar:/home/
travis/build/icyphy/ptII/lib/sootclasses.jar:/home/travis/build/icyphy/ptII/pto
lemy/actor/lib/database/mysql-connector-java-5.1.6-bin.jar:/home/travis/build/i
cyphy/ptII/vendors/misc/sphinx4/sphinx4-data-5prealpha.jar:/home/travis/build/i
cyphy/ptII/vendors/misc/sphinx4/sphinx4-core-5prealpha.jar:/home/travis/build/i
cyphy/ptII/lib/PDFRenderer.jar:/home/travis/build/icyphy/ptII/lib/svgSalamander
.jar:/home/travis/build/icyphy/ptII/lib/rsyntaxtextarea-2.6.0-SNAPSHOT.jar:/hom
e/travis/build/icyphy/ptII/lib/hazelcast-3.8.2.jar:/home/travis/build/icyphy/pt
II/lib/jackson-annotations-2.9.0.jar:/home/travis/build/icyphy/ptII/lib/jackson
-core-2.9.3.jar:/home/travis/build/icyphy/ptII/lib/jackson-databind-2.9.3.jar:/
home/travis/build/icyphy/ptII/lib/netty-buffer-4.1.19.Final.jar:/home/travis/bu
ild/icyphy/ptII/lib/netty-codec-4.1.19.Final.jar:/home/travis/build/icyphy/ptII
/lib/netty-codec-dns-4.1.19.Final.jar:/home/travis/build/icyphy/ptII/lib/netty-
codec-http-4.1.19.Final.jar:/home/travis/build/icyphy/ptII/lib/netty-codec-http
2-4.1.19.Final.jar:/home/travis/build/icyphy/ptII/lib/netty-common-4.1.19.Final
.jar:/home/travis/build/icyphy/ptII/lib/netty-handler-4.1.19.Final.jar:/home/tr
avis/build/icyphy/ptII/lib/netty-resolver-4.1.19.Final.jar:/home/travis/build/i
cyphy/ptII/lib/netty-resolver-dns-4.1.19.Final.jar:/home/travis/build/icyphy/pt
II/lib/netty-transport-4.1.19.Final.jar:/home/travis/build/icyphy/ptII/lib/vert
x-codegen-3.5.1.jar:/home/travis/build/icyphy/ptII/lib/vertx-core-3.5.2-SNAPSHO
T.jar:/home/travis/build/icyphy/ptII/lib/vertx-hazelcast-3.5.1.jar:/home/travis
/build/icyphy/ptII/lib/vertx-lang-js-3.5.1.jar:/home/travis/build/icyphy/ptII/l
ib/vertx-service-proxy-3.5.1.jar:/home/travis/build/icyphy/ptII/lib/vertx-web-3
.5.1.jar:/home/travis/build/icyphy/ptII/lib/slf4j-api-1.7.13.jar:/home/travis/b
uild/icyphy/ptII/lib/slf4j-simple-1.7.13.jar:/home/travis/build/icyphy/ptII/lib
/webcam-capture-0.3.12.jar:/home/travis/build/icyphy/ptII/lib/bridj-0.7.0.jar:/
home/travis/build/icyphy/ptII/lib/xbjlib-1.1.0.nrjavaserial.jar:/home/travis/bu
ild/icyphy/ptII/ptolemy/moml/test:/home/travis/build/icyphy/ptII/ant/lib/ant-la
uncher.jar:/home/travis/build/icyphy/ptII/ant/lib/ant.jar:/home/travis/build/ic
yphy/ptII/ant/lib/ant-junit.jar:/home/travis/build/icyphy/ptII/ant/lib/ant-juni
t4.jar:/home/travis/build/icyphy/ptII ModularCodeGen3_A2_B1_profile.java
All Done
Writing ModularCodeGen3_A2_B1.java in file:/home/travis/cg/ (10955 characters)
Reading "ptolemy/cg/kernel/generic/program/procedural/java/modular/makefile.in",
    writing "/home/travis/cg/ModularCodeGen3_A2_B1.mk"
Using ptolemy/cg/kernel/generic/program/procedural/java/modular/makefile.in
In "/home/travis/cg", about to execute:
    make -f ModularCodeGen3_A2_B1.mk
javac -classpath ".:.."    ModularCodeGen3_A2_B1.java
All Done
In "/home/travis/cg", about to execute:
    pwd
In "/home/travis/cg", about to execute:
    ls -l
/home/travis/cg
total 1852
drwxrwxr-x   3 travis travis  12288 Jul 11 02:04 AbsoluteValue
drwxrwxr-x   3 travis travis 102400 Jul 11 02:03 AllColt
drwxrwxr-x   3 travis travis  12288 Jul 11 02:04 Case1
-rw-rw-r--   1 travis travis   5104 Jul 11 02:11 CompiledCompositeActor_CompiledCompositeActor.class
-rw-rw-r--   1 travis travis   1592 Jul 11 02:11 CompiledCompositeActor_CompiledCompositeActor$_CompiledCompositeActor_CompiledCompositeActor.class
-rw-rw-r--   1 travis travis  13466 Jul 11 02:11 CompiledCompositeActor_CompiledCompositeActor.java
-rw-rw-r--   1 travis travis   1593 Jul 11 02:11 CompiledCompositeActor_CompiledCompositeActor.mk
drwxrwxr-x   5 travis travis   4096 Jul 11 02:03 fmi
drwxrwxr-x   3 travis travis  16384 Jul 11 02:05 Gaussian2
-rw-rw-r--   1 travis travis   4660 Jul 11 02:11 JavaCompiledCompositeTest1_CompiledCompositeActor.class
-rw-rw-r--   1 travis travis  11637 Jul 11 02:11 JavaCompiledCompositeTest1_CompiledCompositeActor.java
-rw-rw-r--   1 travis travis   1198 Jul 11 02:11 JavaCompiledCompositeTest1_CompiledCompositeActor$_JavaCompiledCompositeTest1_CompiledCompositeActor.class
-rw-rw-r--   1 travis travis   1625 Jul 11 02:11 JavaCompiledCompositeTest1_CompiledCompositeActor.mk
-rw-rw-r--   1 travis travis   5091 Jul 11 02:11 JavaCompiledCompositeTest2_CompiledCompositeActor.class
-rw-rw-r--   1 travis travis  14919 Jul 11 02:11 JavaCompiledCompositeTest2_CompiledCompositeActor.java
-rw-rw-r--   1 travis travis   1793 Jul 11 02:11 JavaCompiledCompositeTest2_CompiledCompositeActor$_JavaCompiledCompositeTest2_CompiledCompositeActor.class
-rw-rw-r--   1 travis travis   1625 Jul 11 02:11 JavaCompiledCompositeTest2_CompiledCompositeActor.mk
-rw-rw-r--   1 travis travis   4708 Jul 11 02:11 JavaCompiledCompositeTest3_CompiledCompositeActor.class
-rw-rw-r--   1 travis travis  13080 Jul 11 02:11 JavaCompiledCompositeTest3_CompiledCompositeActor.java
-rw-rw-r--   1 travis travis   1378 Jul 11 02:11 JavaCompiledCompositeTest3_CompiledCompositeActor$_JavaCompiledCompositeTest3_CompiledCompositeActor.class
-rw-rw-r--   1 travis travis   1625 Jul 11 02:11 JavaCompiledCompositeTest3_CompiledCompositeActor.mk
-rw-rw-r--   1 travis travis   4159 Jul 11 02:11 JavaCompiledCompositeTest4_CompiledCompositeActor.class
-rw-rw-r--   1 travis travis   9687 Jul 11 02:11 JavaCompiledCompositeTest4_CompiledCompositeActor.java
-rw-rw-r--   1 travis travis    857 Jul 11 02:11 JavaCompiledCompositeTest4_CompiledCompositeActor$_JavaCompiledCompositeTest4_CompiledCompositeActor.class
-rw-rw-r--   1 travis travis   1625 Jul 11 02:11 JavaCompiledCompositeTest4_CompiledCompositeActor.mk
drwxrwxr-x   3 travis travis  12288 Jul 11 02:05 LookupTable
drwxrwxr-x   3 travis travis  20480 Jul 11 02:05 MaxIndex
-rw-rw-r--   1 travis travis   3925 Jul 11 02:11 ModularCG_A1_B1.class
-rw-rw-r--   1 travis travis   9730 Jul 11 02:11 ModularCG_A1_B1.java
-rw-rw-r--   1 travis travis    832 Jul 11 02:11 ModularCG_A1_B1.mk
-rw-rw-r--   1 travis travis   1318 Jul 11 02:11 ModularCG_A1_B1_profile.class
-rw-rw-r--   1 travis travis   1262 Jul 11 02:11 ModularCG_A1_B1_profile.java
-rw-rw-r--   1 travis travis   3925 Jul 11 02:11 ModularCG_A1_B2.class
-rw-rw-r--   1 travis travis   9730 Jul 11 02:11 ModularCG_A1_B2.java
-rw-rw-r--   1 travis travis    832 Jul 11 02:11 ModularCG_A1_B2.mk
-rw-rw-r--   1 travis travis   1318 Jul 11 02:11 ModularCG_A1_B2_profile.class
-rw-rw-r--   1 travis travis   1262 Jul 11 02:11 ModularCG_A1_B2_profile.java
-rw-rw-r--   1 travis travis   5031 Jul 11 02:11 ModularCG_A1.class
-rw-rw-r--   1 travis travis  14742 Jul 11 02:11 ModularCG_A1.java
-rw-rw-r--   1 travis travis    808 Jul 11 02:11 ModularCG_A1.mk
-rw-rw-r--   1 travis travis   1433 Jul 11 02:11 ModularCG_A1_profile.class
-rw-rw-r--   1 travis travis   1704 Jul 11 02:11 ModularCG_A1_profile.java
-rw-rw-r--   1 travis travis   4059 Jul 11 02:11 ModularCG_A2_B1.class
-rw-rw-r--   1 travis travis  10667 Jul 11 02:11 ModularCG_A2_B1.java
-rw-rw-r--   1 travis travis    832 Jul 11 02:11 ModularCG_A2_B1.mk
-rw-rw-r--   1 travis travis   1381 Jul 11 02:11 ModularCG_A2_B1_profile.class
-rw-rw-r--   1 travis travis   1446 Jul 11 02:11 ModularCG_A2_B1_profile.java
-rw-rw-r--   1 travis travis   3925 Jul 11 02:11 ModularCG_A2_B2.class
-rw-rw-r--   1 travis travis   9730 Jul 11 02:11 ModularCG_A2_B2.java
-rw-rw-r--   1 travis travis    832 Jul 11 02:11 ModularCG_A2_B2.mk
-rw-rw-r--   1 travis travis   1318 Jul 11 02:11 ModularCG_A2_B2_profile.class
-rw-rw-r--   1 travis travis   1262 Jul 11 02:11 ModularCG_A2_B2_profile.java
-rw-rw-r--   1 travis travis   5102 Jul 11 02:11 ModularCG_A2.class
-rw-rw-r--   1 travis travis  15129 Jul 11 02:11 ModularCG_A2.java
-rw-rw-r--   1 travis travis    808 Jul 11 02:11 ModularCG_A2.mk
-rw-rw-r--   1 travis travis   1433 Jul 11 02:11 ModularCG_A2_profile.class
-rw-rw-r--   1 travis travis   1704 Jul 11 02:11 ModularCG_A2_profile.java
-rw-rw-r--   1 travis travis   3705 Jul 11 02:12 ModularCGPubSub_A1_A2.class
-rw-rw-r--   1 travis travis   9076 Jul 11 02:11 ModularCGPubSub_A1_A2.java
-rw-rw-r--   1 travis travis    880 Jul 11 02:11 ModularCGPubSub_A1_A2.mk
-rw-rw-r--   1 travis travis   1300 Jul 11 02:11 ModularCGPubSub_A1_A2_profile.class
-rw-rw-r--   1 travis travis   1222 Jul 11 02:11 ModularCGPubSub_A1_A2_profile.java
-rw-rw-r--   1 travis travis   4022 Jul 11 02:12 ModularCGPubSub_A1.class
-rw-rw-r--   1 travis travis   9836 Jul 11 02:12 ModularCGPubSub_A1.java
-rw-rw-r--   1 travis travis    856 Jul 11 02:12 ModularCGPubSub_A1.mk
-rw-rw-r--   1 travis travis   1346 Jul 11 02:12 ModularCGPubSub_A1_profile.class
-rw-rw-r--   1 travis travis   1388 Jul 11 02:12 ModularCGPubSub_A1_profile.java
-rw-rw-r--   1 travis travis   4220 Jul 11 02:12 ModularCodeGen2_ModularCodeGenTypedCompositeActor.class
-rw-rw-r--   1 travis travis  11690 Jul 11 02:12 ModularCodeGen2_ModularCodeGenTypedCompositeActor.java
-rw-rw-r--   1 travis travis   1104 Jul 11 02:12 ModularCodeGen2_ModularCodeGenTypedCompositeActor.mk
-rw-rw-r--   1 travis travis   4504 Jul 11 02:12 ModularCodeGen2_ModularCodeGenTypedCompositeActor_ModularCodeGenTypedCompositeActor.class
-rw-rw-r--   1 travis travis  11790 Jul 11 02:12 ModularCodeGen2_ModularCodeGenTypedCompositeActor_ModularCodeGenTypedCompositeActor.java
-rw-rw-r--   1 travis travis   1376 Jul 11 02:12 ModularCodeGen2_ModularCodeGenTypedCompositeActor_ModularCodeGenTypedCompositeActor.mk
-rw-rw-r--   1 travis travis   1421 Jul 11 02:12 ModularCodeGen2_ModularCodeGenTypedCompositeActor_ModularCodeGenTypedCompositeActor_profile.class
-rw-rw-r--   1 travis travis   1294 Jul 11 02:12 ModularCodeGen2_ModularCodeGenTypedCompositeActor_ModularCodeGenTypedCompositeActor_profile.java
-rw-rw-r--   1 travis travis    820 Jul 11 02:12 ModularCodeGen2_ModularCodeGenTypedCompositeActor_profile.class
-rw-rw-r--   1 travis travis    693 Jul 11 02:12 ModularCodeGen2_ModularCodeGenTypedCompositeActor_profile.java
-rw-rw-r--   1 travis travis   3973 Jul 11 02:12 ModularCodeGen3_A1_B1.class
-rw-rw-r--   1 travis travis   9958 Jul 11 02:12 ModularCodeGen3_A1_B1.java
-rw-rw-r--   1 travis travis    880 Jul 11 02:12 ModularCodeGen3_A1_B1.mk
-rw-rw-r--   1 travis travis   1330 Jul 11 02:12 ModularCodeGen3_A1_B1_profile.class
-rw-rw-r--   1 travis travis   1274 Jul 11 02:12 ModularCodeGen3_A1_B1_profile.java
-rw-rw-r--   1 travis travis   3973 Jul 11 02:12 ModularCodeGen3_A1_B2.class
-rw-rw-r--   1 travis travis   9958 Jul 11 02:12 ModularCodeGen3_A1_B2.java
-rw-rw-r--   1 travis travis    880 Jul 11 02:12 ModularCodeGen3_A1_B2.mk
-rw-rw-r--   1 travis travis   1330 Jul 11 02:12 ModularCodeGen3_A1_B2_profile.class
-rw-rw-r--   1 travis travis   1274 Jul 11 02:12 ModularCodeGen3_A1_B2_profile.java
-rw-rw-r--   1 travis travis   5193 Jul 11 02:12 ModularCodeGen3_A1.class
-rw-rw-r--   1 travis travis  15564 Jul 11 02:12 ModularCodeGen3_A1.java
-rw-rw-r--   1 travis travis    856 Jul 11 02:12 ModularCodeGen3_A1.mk
-rw-rw-r--   1 travis travis   1445 Jul 11 02:12 ModularCodeGen3_A1_profile.class
-rw-rw-r--   1 travis travis   1716 Jul 11 02:12 ModularCodeGen3_A1_profile.java
-rw-rw-r--   1 travis travis   4119 Jul 11 02:12 ModularCodeGen3_A2_B1.class
-rw-rw-r--   1 travis travis  10955 Jul 11 02:12 ModularCodeGen3_A2_B1.java
-rw-rw-r--   1 travis travis    880 Jul 11 02:12 ModularCodeGen3_A2_B1.mk
-rw-rw-r--   1 travis travis   1393 Jul 11 02:12 ModularCodeGen3_A2_B1_profile.class
-rw-rw-r--   1 travis travis   1458 Jul 11 02:12 ModularCodeGen3_A2_B1_profile.java
-rw-rw-r--   1 travis travis   1274 Jul 11 02:12 ModularCodeGen3_A2_B2_profile.java
-rw-rw-r--   1 travis travis   4186 Jul 11 02:12 ModularCodeGen_ModularCodeGenTypedCompositeActor.class
-rw-rw-r--   1 travis travis  10970 Jul 11 02:12 ModularCodeGen_ModularCodeGenTypedCompositeActor.java
-rw-rw-r--   1 travis travis   1096 Jul 11 02:12 ModularCodeGen_ModularCodeGenTypedCompositeActor.mk
-rw-rw-r--   1 travis travis   1384 Jul 11 02:12 ModularCodeGen_ModularCodeGenTypedCompositeActor_profile.class
-rw-rw-r--   1 travis travis   1328 Jul 11 02:12 ModularCodeGen_ModularCodeGenTypedCompositeActor_profile.java
-rw-rw-r--   1 travis travis   3724 Jul 11 02:11 ModularCodeGenTest_A1_A2.class
-rw-rw-r--   1 travis travis   9164 Jul 11 02:11 ModularCodeGenTest_A1_A2.java
-rw-rw-r--   1 travis travis   1306 Jul 11 02:11 ModularCodeGenTest_A1_A2_profile.class
-rw-rw-r--   1 travis travis   4055 Jul 11 02:11 ModularCodeGenTest_A1.class
-rw-rw-r--   1 travis travis   9968 Jul 11 02:11 ModularCodeGenTest_A1.java
-rw-rw-r--   1 travis travis    880 Jul 11 02:11 ModularCodeGenTest_A1.mk
In "/home/travis/cg", about to execute:
    javac -classpath
.:/home/travis/build/icyphy/ptII:/home/travis/build/icyphy/ptII/lib/bsh-2.0b4.j
ar:/home/travis/build/icyphy/ptII/lib/ptCal.jar:/home/travis/build/icyphy/ptII/
lib/java_cup.jar:/home/travis/build/icyphy/ptII/lib/saxon8.jar:/home/travis/bui
ld/icyphy/ptII/lib/saxon8-dom.jar:/home/travis/build/icyphy/ptII/lib/chic.jar:/
home/travis/build/icyphy/ptII/lib/ptcolt.jar:/home/travis/build/icyphy/ptII/ven
dors/misc/itext/iText.jar:/home/travis/build/icyphy/ptII/lib/g4ltl.jar:/home/tr
avis/build/icyphy/ptII/lib/StructuralCoder.jar:/home/travis/build/icyphy/ptII/v
endors/jai-1_1_2_01/lib/jai_core.jar:/home/travis/build/icyphy/ptII/vendors/jai
-1_1_2_01/lib/jai_codec.jar:/home/travis/build/icyphy/ptII/lib/jcerti.jar:/home
/travis/build/icyphy/ptII/lib/javax.mail.jar:/usr/share/java/openjfx/jre/lib/ex
t/jfxrt.jar:/usr/lib/jvm/java-8-openjdk-amd64/jre/lib/ext/jfxrt.jar:/home/travi
s/build/icyphy/ptII/vendors/JMF-2.1.1e/lib/jmf.jar:/home/travis/build/icyphy/pt
II/lib/jna-4.0.0-variadic.jar:/home/travis/build/icyphy/ptII/vendors/misc/joyst
ick/Joystick.jar:/home/travis/build/icyphy/ptII/lib/ptjacl.jar:/home/travis/bui
ld/icyphy/ptII/lib/jsoup-1.8.2.jar:/home/travis/build/icyphy/ptII/lib/junit-4.8
.2.jar:/home/travis/build/icyphy/ptII/lib/JUnitParams-0.4.0.jar:/home/travis/bu
ild/icyphy/ptII/ptolemy/actor/lib/excel/jxl.jar:/home/travis/build/icyphy/ptII/
lib/jython.jar:/home/travis/build/icyphy/ptII/lib/kieler.jar:/home/travis/build
/icyphy/ptII/lib/opencv-341.jar:/home/travis/build/icyphy/ptII/lib/oscP5.jar:/h
ome/travis/build/icyphy/ptII/lib/nrjavaserial-3.11.0.devel.jar:/home/travis/bui
ld/icyphy/ptII/vendors/j3d/lib/j3dcore.jar:/home/travis/build/icyphy/ptII/vendo
rs/j3d/lib/j3dutils.jar:/home/travis/build/icyphy/ptII/vendors/j3d/lib/vecmath.
jar:/home/travis/build/icyphy/ptII/ptolemy/distributed/jini/jar/jini-core.jar:/
home/travis/build/icyphy/ptII/ptolemy/distributed/jini/jar/jini-ext.jar:/home/t
ravis/build/icyphy/ptII/ptolemy/distributed/jini/jar/sun-util.jar:/home/travis/
build/icyphy/ptII/lib/protobuf-java-2.4.1.jar:/home/travis/build/icyphy/ptII/li
b/org.eclipse.paho.client.mqttv3.jar:/home/travis/build/icyphy/ptII/lib/mapss.j
ar:/home/travis/build/icyphy/ptII/ptolemy/actor/ptalon/antlr/antlr.jar:/home/tr
avis/build/icyphy/ptII/lib/JRI.jar:/home/travis/build/icyphy/ptII/lib/commons-l
ang-2.6.jar:/home/travis/build/icyphy/ptII/lib/commons-logging-1.1.1.jar:/home/
travis/build/icyphy/ptII/lib/sootclasses.jar:/home/travis/build/icyphy/ptII/pto
lemy/actor/lib/database/mysql-connector-java-5.1.6-bin.jar:/home/travis/build/i
cyphy/ptII/vendors/misc/sphinx4/sphinx4-data-5prealpha.jar:/home/travis/build/i
cyphy/ptII/vendors/misc/sphinx4/sphinx4-core-5prealpha.jar:/home/travis/build/i
cyphy/ptII/lib/PDFRenderer.jar:/home/travis/build/icyphy/ptII/lib/svgSalamander
.jar:/home/travis/build/icyphy/ptII/lib/rsyntaxtextarea-2.6.0-SNAPSHOT.jar:/hom
e/travis/build/icyphy/ptII/lib/hazelcast-3.8.2.jar:/home/travis/build/icyphy/pt
II/lib/jackson-annotations-2.9.0.jar:/home/travis/build/icyphy/ptII/lib/jackson
-core-2.9.3.jar:/home/travis/build/icyphy/ptII/lib/jackson-databind-2.9.3.jar:/
home/travis/build/icyphy/ptII/lib/netty-buffer-4.1.19.Final.jar:/home/travis/bu
ild/icyphy/ptII/lib/netty-codec-4.1.19.Final.jar:/home/travis/build/icyphy/ptII
/lib/netty-codec-dns-4.1.19.Final.jar:/home/travis/build/icyphy/ptII/lib/netty-
codec-http-4.1.19.Final.jar:/home/travis/build/icyphy/ptII/lib/netty-codec-http
2-4.1.19.Final.jar:/home/travis/build/icyphy/ptII/lib/netty-common-4.1.19.Final
.jar:/home/travis/build/icyphy/ptII/lib/netty-handler-4.1.19.Final.jar:/home/tr
avis/build/icyphy/ptII/lib/netty-resolver-4.1.19.Final.jar:/home/travis/build/i
cyphy/ptII/lib/netty-resolver-dns-4.1.19.Final.jar:/home/travis/build/icyphy/pt
II/lib/netty-transport-4.1.19.Final.jar:/home/travis/build/icyphy/ptII/lib/vert
x-codegen-3.5.1.jar:/home/travis/build/icyphy/ptII/lib/vertx-core-3.5.2-SNAPSHO
T.jar:/home/travis/build/icyphy/ptII/lib/vertx-hazelcast-3.5.1.jar:/home/travis
/build/icyphy/ptII/lib/vertx-lang-js-3.5.1.jar:/home/travis/build/icyphy/ptII/l
ib/vertx-service-proxy-3.5.1.jar:/home/travis/build/icyphy/ptII/lib/vertx-web-3
.5.1.jar:/home/travis/build/icyphy/ptII/lib/slf4j-api-1.7.13.jar:/home/travis/b
uild/icyphy/ptII/lib/slf4j-simple-1.7.13.jar:/home/travis/build/icyphy/ptII/lib
/webcam-capture-0.3.12.jar:/home/travis/build/icyphy/ptII/lib/bridj-0.7.0.jar:/
home/travis/build/icyphy/ptII/lib/xbjlib-1.1.0.nrjavaserial.jar:/home/travis/bu
ild/icyphy/ptII/ptolemy/moml/test:/home/travis/build/icyphy/ptII/ant/lib/ant-la
uncher.jar:/home/travis/build/icyphy/ptII/ant/lib/ant.jar:/home/travis/build/ic
yphy/ptII/ant/lib/ant-junit.jar:/home/travis/build/icyphy/ptII/ant/lib/ant-juni
t4.jar:/home/travis/build/icyphy/ptII ModularCodeGen3_A2_B2_profile.java
-rw-rw-r--   1 travis travis   1352 Jul 11 02:11 ModularCodeGenTest_A1_profile.class
-rw-rw-r--   1 travis travis   1394 Jul 11 02:11 ModularCodeGenTest_A1_profile.java
drwxrwxr-x   3 travis travis  32768 Jul 11 02:10 modulation2
drwxrwxr-x 139 travis travis  12288 Jul 11 02:11 node_modules
drwxrwxr-x   3 travis travis  20480 Jul 11 02:06 PhaseUnwrap
drwxrwxr-x   3 travis travis  12288 Jul 11 02:06 ReadFile1
-rw-rw-r--   1 travis travis     11 Jul 11 02:06 ReadFile1Output.txt
-rw-rw-r--   1 travis travis   9615 Jul 11 02:11 Repeat.class
-rw-rw-r--   1 travis travis    666 Jul 11 02:11 Repeat$_fireFunction_Repeat_Repeat$__f_sL_11.class
-rw-rw-r--   1 travis travis    522 Jul 11 02:11 Repeat$_fireFunction_Repeat_Repeat$__f_sL_12.class
-rw-rw-r--   1 travis travis    522 Jul 11 02:11 Repeat$_fireFunction_Repeat_Repeat$__f_sL_13.class
-rw-rw-r--   1 travis travis    522 Jul 11 02:11 Repeat$_fireFunction_Repeat_Repeat$__f_sL_14.class
-rw-rw-r--   1 travis travis    665 Jul 11 02:11 Repeat$_fireFunction_Repeat_Repeat$__f_sL_1.class
-rw-rw-r--   1 travis travis    664 Jul 11 02:11 Repeat$_fireFunction_Repeat_Repeat$__f_sL_4.class
-rw-rw-r--   1 travis travis    520 Jul 11 02:11 Repeat$_fireFunction_Repeat_Repeat$__f_sL_9.class
-rw-rw-r--   1 travis travis    475 Jul 11 02:11 Repeat$_initialize_Repeat$__i_sL_2.class
-rw-rw-r--   1 travis travis   1281 Jul 11 02:10 Repeat.mk
-rw-rw-r--   1 travis travis    520 Jul 11 02:11 Repeat$_preinitializeMethod_Repeat$__p_sL_0.class
-rw-rw-r--   1 travis travis   1083 Jul 11 02:11 Repeat$_Repeat$_fireFunction_Repeat_AddSubtract_Repeat.class
-rw-rw-r--   1 travis travis    791 Jul 11 02:11 Repeat$_Repeat$_fireFunction_Repeat_AddSubtract_Repeat$__f_sL_0.class
-rw-rw-r--   1 travis travis    909 Jul 11 02:11 Repeat$_Repeat$_fireFunction_Repeat_AddSubtract_Repeat$__f_sL_1.class
-rw-rw-r--   1 travis travis    915 Jul 11 02:11 Repeat$_Repeat$_fireFunction_Repeat_AddSubtract_Repeat$__f_sL_2.class
-rw-rw-r--   1 travis travis    843 Jul 11 02:11 Repeat$_Repeat$_fireFunction_Repeat_AddSubtract_Repeat$__f_sL_3.class
-rw-rw-r--   1 travis travis    738 Jul 11 02:11 Repeat$_Repeat$_fireFunction_Repeat_Ramp2_Repeat$__f_sL_0.class
-rw-rw-r--   1 travis travis    869 Jul 11 02:11 Repeat$_Repeat$_fireFunction_Repeat_Test_Repeat$__f_sL_0.class
-rw-rw-r--   1 travis travis    615 Jul 11 02:11 Repeat$_Repeat$_fireFunction_Repeat_Test_Repeat$__f_sL_1.class
-rw-rw-r--   1 travis travis    685 Jul 11 02:11 Repeat$_Repeat_SDF_Director_run_Repeat$__R_sL_0.class
-rw-rw-r--   1 travis travis    686 Jul 11 02:11 Repeat$_Repeat_SDF_Director_run_Repeat$__R_sL_11.class
-rw-rw-r--   1 travis travis    542 Jul 11 02:11 Repeat$_Repeat_SDF_Director_run_Repeat$__R_sL_13.class
-rw-rw-r--   1 travis travis    540 Jul 11 02:11 Repeat$_Repeat_SDF_Director_run_Repeat$__R_sL_2.class
-rw-rw-r--   1 travis travis    684 Jul 11 02:11 Repeat$_Repeat_SDF_Director_run_Repeat$__R_sL_3.class
-rw-rw-r--   1 travis travis    540 Jul 11 02:11 Repeat$_Repeat_SDF_Director_run_Repeat$__R_sL_5.class
-rw-rw-r--   1 travis travis    540 Jul 11 02:11 Repeat$_Repeat_SDF_Director_run_Repeat$__R_sL_8.class
drwxrwxr-x   2 travis travis   4096 Jul 11 02:11 RepeatVariables
-rw-rw-r--   1 travis travis    863 Jul 11 02:11 Repeat$_varinit_Repeat.class
-rw-rw-r--   1 travis travis    531 Jul 11 02:11 Repeat$_varinit_Repeat$__v_sL_2.class
-rw-rw-r--   1 travis travis    905 Jul 11 02:11 Repeat$_varinit_Repeat$__v_sL_4.class
-rw-rw-r--   1 travis travis    959 Jul 11 02:11 Repeat$_wrapup_Repeat$__w_sL_1.class
drwxrwxr-x   3 travis travis  20480 Jul 11 02:06 Sinewave
drwxrwxr-x   3 travis travis  32768 Jul 11 02:08 StringFunction
drwxrwxr-x   3 travis travis  12288 Jul 11 02:08 StringLength
drwxrwxr-x   3 travis travis  61440 Jul 11 02:09 StringMatches2
drwxrwxr-x   3 travis travis  61440 Jul 11 02:09 StringSimpleReplace
drwxrwxr-x   3 travis travis  65536 Jul 11 02:09 StringSubstring
drwxrwxr-x   3 travis travis  24576 Jul 11 02:09 StringSubstring2
drwxrwxr-x   3 travis travis  16384 Jul 11 02:10 time1
drwxrwxr-x   3 travis travis  12288 Jul 11 02:10 time5
-rw-rw-r--   1 travis travis    432 Jul 11 02:12 Token.class
-rw-rw-r--   1 travis travis    251 Jul 11 02:12 Token.java
-rwxrwxr-x   1 travis travis 466992 Jul 11 02:03 top
-rw-rw-r--   1 travis travis  20502 Jul 11 02:03 top.c
-rw-rw-r--   1 travis travis   3799 Jul 11 02:11 top.class
-rw-rw-r--   1 travis travis   1257 Jul 11 02:11 top.mk
All Done
Writing ModularCodeGen3_A2_B2.java in file:/home/travis/cg/ (9958 characters)
Reading "ptolemy/cg/kernel/generic/program/procedural/java/modular/makefile.in",
    writing "/home/travis/cg/ModularCodeGen3_A2_B2.mk"
Using ptolemy/cg/kernel/generic/program/procedural/java/modular/makefile.in
In "/home/travis/cg", about to execute:
    make -f ModularCodeGen3_A2_B2.mk
javac -classpath ".:.."    ModularCodeGen3_A2_B2.java
All Done
In "/home/travis/cg", about to execute:
    pwd
In "/home/travis/cg", about to execute:
    ls -l
/home/travis/cg
total 1880
drwxrwxr-x   3 travis travis  12288 Jul 11 02:04 AbsoluteValue
drwxrwxr-x   3 travis travis 102400 Jul 11 02:03 AllColt
drwxrwxr-x   3 travis travis  12288 Jul 11 02:04 Case1
-rw-rw-r--   1 travis travis   5104 Jul 11 02:11 CompiledCompositeActor_CompiledCompositeActor.class
-rw-rw-r--   1 travis travis   1592 Jul 11 02:11 CompiledCompositeActor_CompiledCompositeActor$_CompiledCompositeActor_CompiledCompositeActor.class
-rw-rw-r--   1 travis travis  13466 Jul 11 02:11 CompiledCompositeActor_CompiledCompositeActor.java
-rw-rw-r--   1 travis travis   1593 Jul 11 02:11 CompiledCompositeActor_CompiledCompositeActor.mk
drwxrwxr-x   5 travis travis   4096 Jul 11 02:03 fmi
drwxrwxr-x   3 travis travis  16384 Jul 11 02:05 Gaussian2
-rw-rw-r--   1 travis travis   4660 Jul 11 02:11 JavaCompiledCompositeTest1_CompiledCompositeActor.class
-rw-rw-r--   1 travis travis  11637 Jul 11 02:11 JavaCompiledCompositeTest1_CompiledCompositeActor.java
-rw-rw-r--   1 travis travis   1198 Jul 11 02:11 JavaCompiledCompositeTest1_CompiledCompositeActor$_JavaCompiledCompositeTest1_CompiledCompositeActor.class
-rw-rw-r--   1 travis travis   1625 Jul 11 02:11 JavaCompiledCompositeTest1_CompiledCompositeActor.mk
-rw-rw-r--   1 travis travis   5091 Jul 11 02:11 JavaCompiledCompositeTest2_CompiledCompositeActor.class
-rw-rw-r--   1 travis travis  14919 Jul 11 02:11 JavaCompiledCompositeTest2_CompiledCompositeActor.java
-rw-rw-r--   1 travis travis   1793 Jul 11 02:11 JavaCompiledCompositeTest2_CompiledCompositeActor$_JavaCompiledCompositeTest2_CompiledCompositeActor.class
-rw-rw-r--   1 travis travis   1625 Jul 11 02:11 JavaCompiledCompositeTest2_CompiledCompositeActor.mk
-rw-rw-r--   1 travis travis   4708 Jul 11 02:11 JavaCompiledCompositeTest3_CompiledCompositeActor.class
-rw-rw-r--   1 travis travis  13080 Jul 11 02:11 JavaCompiledCompositeTest3_CompiledCompositeActor.java
-rw-rw-r--   1 travis travis   1378 Jul 11 02:11 JavaCompiledCompositeTest3_CompiledCompositeActor$_JavaCompiledCompositeTest3_CompiledCompositeActor.class
-rw-rw-r--   1 travis travis   1625 Jul 11 02:11 JavaCompiledCompositeTest3_CompiledCompositeActor.mk
-rw-rw-r--   1 travis travis   4159 Jul 11 02:11 JavaCompiledCompositeTest4_CompiledCompositeActor.class
-rw-rw-r--   1 travis travis   9687 Jul 11 02:11 JavaCompiledCompositeTest4_CompiledCompositeActor.java
-rw-rw-r--   1 travis travis    857 Jul 11 02:11 JavaCompiledCompositeTest4_CompiledCompositeActor$_JavaCompiledCompositeTest4_CompiledCompositeActor.class
-rw-rw-r--   1 travis travis   1625 Jul 11 02:11 JavaCompiledCompositeTest4_CompiledCompositeActor.mk
drwxrwxr-x   3 travis travis  12288 Jul 11 02:05 LookupTable
drwxrwxr-x   3 travis travis  20480 Jul 11 02:05 MaxIndex
-rw-rw-r--   1 travis travis   3925 Jul 11 02:11 ModularCG_A1_B1.class
-rw-rw-r--   1 travis travis   9730 Jul 11 02:11 ModularCG_A1_B1.java
-rw-rw-r--   1 travis travis    832 Jul 11 02:11 ModularCG_A1_B1.mk
-rw-rw-r--   1 travis travis   1318 Jul 11 02:11 ModularCG_A1_B1_profile.class
-rw-rw-r--   1 travis travis   1262 Jul 11 02:11 ModularCG_A1_B1_profile.java
-rw-rw-r--   1 travis travis   3925 Jul 11 02:11 ModularCG_A1_B2.class
-rw-rw-r--   1 travis travis   9730 Jul 11 02:11 ModularCG_A1_B2.java
-rw-rw-r--   1 travis travis    832 Jul 11 02:11 ModularCG_A1_B2.mk
-rw-rw-r--   1 travis travis   1318 Jul 11 02:11 ModularCG_A1_B2_profile.class
-rw-rw-r--   1 travis travis   1262 Jul 11 02:11 ModularCG_A1_B2_profile.java
-rw-rw-r--   1 travis travis   5031 Jul 11 02:11 ModularCG_A1.class
-rw-rw-r--   1 travis travis  14742 Jul 11 02:11 ModularCG_A1.java
-rw-rw-r--   1 travis travis    808 Jul 11 02:11 ModularCG_A1.mk
-rw-rw-r--   1 travis travis   1433 Jul 11 02:11 ModularCG_A1_profile.class
-rw-rw-r--   1 travis travis   1704 Jul 11 02:11 ModularCG_A1_profile.java
-rw-rw-r--   1 travis travis   4059 Jul 11 02:11 ModularCG_A2_B1.class
-rw-rw-r--   1 travis travis  10667 Jul 11 02:11 ModularCG_A2_B1.java
-rw-rw-r--   1 travis travis    832 Jul 11 02:11 ModularCG_A2_B1.mk
-rw-rw-r--   1 travis travis   1381 Jul 11 02:11 ModularCG_A2_B1_profile.class
-rw-rw-r--   1 travis travis   1446 Jul 11 02:11 ModularCG_A2_B1_profile.java
-rw-rw-r--   1 travis travis   3925 Jul 11 02:11 ModularCG_A2_B2.class
-rw-rw-r--   1 travis travis   9730 Jul 11 02:11 ModularCG_A2_B2.java
-rw-rw-r--   1 travis travis    832 Jul 11 02:11 ModularCG_A2_B2.mk
-rw-rw-r--   1 travis travis   1318 Jul 11 02:11 ModularCG_A2_B2_profile.class
-rw-rw-r--   1 travis travis   1262 Jul 11 02:11 ModularCG_A2_B2_profile.java
-rw-rw-r--   1 travis travis   5102 Jul 11 02:11 ModularCG_A2.class
-rw-rw-r--   1 travis travis  15129 Jul 11 02:11 ModularCG_A2.java
-rw-rw-r--   1 travis travis    808 Jul 11 02:11 ModularCG_A2.mk
-rw-rw-r--   1 travis travis   1433 Jul 11 02:11 ModularCG_A2_profile.class
-rw-rw-r--   1 travis travis   1704 Jul 11 02:11 ModularCG_A2_profile.java
-rw-rw-r--   1 travis travis   3705 Jul 11 02:12 ModularCGPubSub_A1_A2.class
-rw-rw-r--   1 travis travis   9076 Jul 11 02:11 ModularCGPubSub_A1_A2.java
-rw-rw-r--   1 travis travis    880 Jul 11 02:11 ModularCGPubSub_A1_A2.mk
-rw-rw-r--   1 travis travis   1300 Jul 11 02:11 ModularCGPubSub_A1_A2_profile.class
-rw-rw-r--   1 travis travis   1222 Jul 11 02:11 ModularCGPubSub_A1_A2_profile.java
-rw-rw-r--   1 travis travis   4022 Jul 11 02:12 ModularCGPubSub_A1.class
-rw-rw-r--   1 travis travis   9836 Jul 11 02:12 ModularCGPubSub_A1.java
-rw-rw-r--   1 travis travis    856 Jul 11 02:12 ModularCGPubSub_A1.mk
-rw-rw-r--   1 travis travis   1346 Jul 11 02:12 ModularCGPubSub_A1_profile.class
-rw-rw-r--   1 travis travis   1388 Jul 11 02:12 ModularCGPubSub_A1_profile.java
-rw-rw-r--   1 travis travis   4220 Jul 11 02:12 ModularCodeGen2_ModularCodeGenTypedCompositeActor.class
-rw-rw-r--   1 travis travis  11690 Jul 11 02:12 ModularCodeGen2_ModularCodeGenTypedCompositeActor.java
-rw-rw-r--   1 travis travis   1104 Jul 11 02:12 ModularCodeGen2_ModularCodeGenTypedCompositeActor.mk
-rw-rw-r--   1 travis travis   4504 Jul 11 02:12 ModularCodeGen2_ModularCodeGenTypedCompositeActor_ModularCodeGenTypedCompositeActor.class
-rw-rw-r--   1 travis travis  11790 Jul 11 02:12 ModularCodeGen2_ModularCodeGenTypedCompositeActor_ModularCodeGenTypedCompositeActor.java
-rw-rw-r--   1 travis travis   1376 Jul 11 02:12 ModularCodeGen2_ModularCodeGenTypedCompositeActor_ModularCodeGenTypedCompositeActor.mk
-rw-rw-r--   1 travis travis   1421 Jul 11 02:12 ModularCodeGen2_ModularCodeGenTypedCompositeActor_ModularCodeGenTypedCompositeActor_profile.class
-rw-rw-r--   1 travis travis   1294 Jul 11 02:12 ModularCodeGen2_ModularCodeGenTypedCompositeActor_ModularCodeGenTypedCompositeActor_profile.java
-rw-rw-r--   1 travis travis    820 Jul 11 02:12 ModularCodeGen2_ModularCodeGenTypedCompositeActor_profile.class
-rw-rw-r--   1 travis travis    693 Jul 11 02:12 ModularCodeGen2_ModularCodeGenTypedCompositeActor_profile.java
-rw-rw-r--   1 travis travis   3973 Jul 11 02:12 ModularCodeGen3_A1_B1.class
-rw-rw-r--   1 travis travis   9958 Jul 11 02:12 ModularCodeGen3_A1_B1.java
-rw-rw-r--   1 travis travis    880 Jul 11 02:12 ModularCodeGen3_A1_B1.mk
-rw-rw-r--   1 travis travis   1330 Jul 11 02:12 ModularCodeGen3_A1_B1_profile.class
-rw-rw-r--   1 travis travis   1274 Jul 11 02:12 ModularCodeGen3_A1_B1_profile.java
-rw-rw-r--   1 travis travis   3973 Jul 11 02:12 ModularCodeGen3_A1_B2.class
-rw-rw-r--   1 travis travis   9958 Jul 11 02:12 ModularCodeGen3_A1_B2.java
-rw-rw-r--   1 travis travis    880 Jul 11 02:12 ModularCodeGen3_A1_B2.mk
-rw-rw-r--   1 travis travis   1330 Jul 11 02:12 ModularCodeGen3_A1_B2_profile.class
-rw-rw-r--   1 travis travis   1274 Jul 11 02:12 ModularCodeGen3_A1_B2_profile.java
-rw-rw-r--   1 travis travis   5193 Jul 11 02:12 ModularCodeGen3_A1.class
-rw-rw-r--   1 travis travis  15564 Jul 11 02:12 ModularCodeGen3_A1.java
-rw-rw-r--   1 travis travis    856 Jul 11 02:12 ModularCodeGen3_A1.mk
-rw-rw-r--   1 travis travis   1445 Jul 11 02:12 ModularCodeGen3_A1_profile.class
-rw-rw-r--   1 travis travis   1716 Jul 11 02:12 ModularCodeGen3_A1_profile.java
-rw-rw-r--   1 travis travis   4119 Jul 11 02:12 ModularCodeGen3_A2_B1.class
-rw-rw-r--   1 travis travis  10955 Jul 11 02:12 ModularCodeGen3_A2_B1.java
-rw-rw-r--   1 travis travis    880 Jul 11 02:12 ModularCodeGen3_A2_B1.mk
-rw-rw-r--   1 travis travis   1393 Jul 11 02:12 ModularCodeGen3_A2_B1_profile.class
-rw-rw-r--   1 travis travis   1458 Jul 11 02:12 ModularCodeGen3_A2_B1_profile.java
-rw-rw-r--   1 travis travis   3973 Jul 11 02:12 ModularCodeGen3_A2_B2.class
-rw-rw-r--   1 travis travis   9958 Jul 11 02:12 ModularCodeGen3_A2_B2.java
-rw-rw-r--   1 travis travis    880 Jul 11 02:12 ModularCodeGen3_A2_B2.mk
-rw-rw-r--   1 travis travis   1330 Jul 11 02:12 ModularCodeGen3_A2_B2_profile.class
-rw-rw-r--   1 travis travis   1274 Jul 11 02:12 ModularCodeGen3_A2_B2_profile.java
-rw-rw-r--   1 travis travis   1716 Jul 11 02:12 ModularCodeGen3_A2_profile.java
-rw-rw-r--   1 travis travis   4186 Jul 11 02:12 ModularCodeGen_ModularCodeGenTypedCompositeActor.class
-rw-rw-r--   1 travis travis  10970 Jul 11 02:12 ModularCodeGen_ModularCodeGenTypedCompositeActor.java
-rw-rw-r--   1 travis travis   1096 Jul 11 02:12 ModularCodeGen_ModularCodeGenTypedCompositeActor.mk
-rw-rw-r--   1 travis travis   1384 Jul 11 02:12 ModularCodeGen_ModularCodeGenTypedCompositeActor_profile.class
-rw-rw-r--   1 travis travis   1328 Jul 11 02:12 ModularCodeGen_ModularCodeGenTypedCompositeActor_profile.java
-rw-rw-r--   1 travis travis   3724 Jul 11 02:11 ModularCodeGenTest_A1_A2.class
-rw-rw-r--   1 travis travis   9164 Jul 11 02:11 ModularCodeGenTest_A1_A2.java
-rw-rw-r--   1 travis travis   1306 Jul 11 02:11 ModularCodeGenTest_A1_A2_profile.class
-rw-rw-r--   1 travis travis   4055 Jul 11 02:11 ModularCodeGenTest_A1.class
-rw-rw-r--   1 travis travis   9968 Jul 11 02:11 ModularCodeGenTest_A1.java
-rw-rw-r--   1 travis travis    880 Jul 11 02:11 ModularCodeGenTest_A1.mk
-rw-rw-r--   1 travis travis   1352 Jul 11 02:11 ModularCodeGenTest_A1_profile.class
-rw-rw-r--   1 travis travis   1394 Jul 11 02:11 ModularCodeGenTest_A1_profile.java
drwxrwxr-x   3 travis travis  32768 Jul 11 02:10 modulation2
drwxrwxr-x 139 travis travis  12288 Jul 11 02:11 node_modules
drwxrwxr-x   3 travis travis  20480 Jul 11 02:06 PhaseUnwrap
drwxrwxr-x   3 travis travis  12288 Jul 11 02:06 ReadFile1
-rw-rw-r--   1 travis travis     11 Jul 11 02:06 ReadFile1Output.txt
-rw-rw-r--   1 travis travis   9615 Jul 11 02:11 Repeat.class
-rw-rw-r--   1 travis travis    666 Jul 11 02:11 Repeat$_fireFunction_Repeat_Repeat$__f_sL_11.class
-rw-rw-r--   1 travis travis    522 Jul 11 02:11 Repeat$_fireFunction_Repeat_Repeat$__f_sL_12.class
-rw-rw-r--   1 travis travis    522 Jul 11 02:11 Repeat$_fireFunction_Repeat_Repeat$__f_sL_13.class
-rw-rw-r--   1 travis travis    522 Jul 11 02:11 Repeat$_fireFunction_Repeat_Repeat$__f_sL_14.class
-rw-rw-r--   1 travis travis    665 Jul 11 02:11 Repeat$_fireFunction_Repeat_Repeat$__f_sL_1.class
-rw-rw-r--   1 travis travis    664 Jul 11 02:11 Repeat$_fireFunction_Repeat_Repeat$__f_sL_4.class
-rw-rw-r--   1 travis travis    520 Jul 11 02:11 Repeat$_fireFunction_Repeat_Repeat$__f_sL_9.class
-rw-rw-r--   1 travis travis    475 Jul 11 02:11 Repeat$_initialize_Repeat$__i_sL_2.class
-rw-rw-r--   1 travis travis   1281 Jul 11 02:10 Repeat.mk
-rw-rw-r--   1 travis travis    520 Jul 11 02:11 Repeat$_preinitializeMethod_Repeat$__p_sL_0.class
-rw-rw-r--   1 travis travis   1083 Jul 11 02:11 Repeat$_Repeat$_fireFunction_Repeat_AddSubtract_Repeat.class
-rw-rw-r--   1 travis travis    791 Jul 11 02:11 Repeat$_Repeat$_fireFunction_Repeat_AddSubtract_Repeat$__f_sL_0.class
-rw-rw-r--   1 travis travis    909 Jul 11 02:11 Repeat$_Repeat$_fireFunction_Repeat_AddSubtract_Repeat$__f_sL_1.class
-rw-rw-r--   1 travis travis    915 Jul 11 02:11 Repeat$_Repeat$_fireFunction_Repeat_AddSubtract_Repeat$__f_sL_2.class
-rw-rw-r--   1 travis travis    843 Jul 11 02:11 Repeat$_Repeat$_fireFunction_Repeat_AddSubtract_Repeat$__f_sL_3.class
-rw-rw-r--   1 travis travis    738 Jul 11 02:11 Repeat$_Repeat$_fireFunction_Repeat_Ramp2_Repeat$__f_sL_0.class
-rw-rw-r--   1 travis travis    869 Jul 11 02:11 Repeat$_Repeat$_fireFunction_Repeat_Test_Repeat$__f_sL_0.class
-rw-rw-r--   1 travis travis    615 Jul 11 02:11 Repeat$_Repeat$_fireFunction_Repeat_Test_Repeat$__f_sL_1.class
-rw-rw-r--   1 travis travis    685 Jul 11 02:11 Repeat$_Repeat_SDF_Director_run_Repeat$__R_sL_0.class
-rw-rw-r--   1 travis travis    686 Jul 11 02:11 Repeat$_Repeat_SDF_Director_run_Repeat$__R_sL_11.class
-rw-rw-r--   1 travis travis    542 Jul 11 02:11 Repeat$_Repeat_SDF_Director_run_Repeat$__R_sL_13.class
-rw-rw-r--   1 travis travis    540 Jul 11 02:11 Repeat$_Repeat_SDF_Director_run_Repeat$__R_sL_2.class
-rw-rw-r--   1 travis travis    684 Jul 11 02:11 Repeat$_Repeat_SDF_Director_run_Repeat$__R_sL_3.class
-rw-rw-r--   1 travis travis    540 Jul 11 02:11 Repeat$_Repeat_SDF_Director_run_Repeat$__R_sL_5.class
-rw-rw-r--   1 travis travis    540 Jul 11 02:11 Repeat$_Repeat_SDF_Director_run_Repeat$__R_sL_8.class
drwxrwxr-x   2 travis travis   4096 Jul 11 02:11 RepeatVariables
-rw-rw-r--   1 travis travis    863 Jul 11 02:11 Repeat$_varinit_Repeat.class
-rw-rw-r--   1 travis travis    531 Jul 11 02:11 Repeat$_varinit_Repeat$__v_sL_2.class
-rw-rw-r--   1 travis travis    905 Jul 11 02:11 Repeat$_varinit_Repeat$__v_sL_4.class
-rw-rw-r--   1 travis travis    959 Jul 11 02:11 Repeat$_wrapup_Repeat$__w_sL_1.class
drwxrwxr-x   3 travis travis  20480 Jul 11 02:06 Sinewave
drwxrwxr-x   3 travis travis  32768 Jul 11 02:08 StringFunction
drwxrwxr-x   3 travis travis  12288 Jul 11 02:08 StringLength
drwxrwxr-x   3 travis travis  61440 Jul 11 02:09 StringMatches2
drwxrwxr-x   3 travis travis  61440 Jul 11 02:09 StringSimpleReplace
drwxrwxr-x   3 travis travis  65536 Jul 11 02:09 StringSubstring
drwxrwxr-x   3 travis travis  24576 Jul 11 02:09 StringSubstring2
drwxrwxr-x   3 travis travis  16384 Jul 11 02:10 time1
drwxrwxr-x   3 travis travis  12288 Jul 11 02:10 time5
-rw-rw-r--   1 travis travis    432 Jul 11 02:12 Token.class
-rw-rw-r--   1 travis travis    251 Jul 11 02:12 Token.java
-rwxrwxr-x   1 travis travis 466992 Jul 11 02:03 top
-rw-rw-r--   1 travis travis  20502 Jul 11 02:03 top.c
-rw-rw-r--   1 travis travis   3799 Jul 11 02:11 top.class
-rw-rw-r--   1 travis travis   1257 Jul 11 02:11 top.mk
In "/home/travis/cg", about to execute:
    javac -classpath
.:/home/travis/build/icyphy/ptII:/home/travis/build/icyphy/ptII/lib/bsh-2.0b4.j
ar:/home/travis/build/icyphy/ptII/lib/ptCal.jar:/home/travis/build/icyphy/ptII/
lib/java_cup.jar:/home/travis/build/icyphy/ptII/lib/saxon8.jar:/home/travis/bui
ld/icyphy/ptII/lib/saxon8-dom.jar:/home/travis/build/icyphy/ptII/lib/chic.jar:/
home/travis/build/icyphy/ptII/lib/ptcolt.jar:/home/travis/build/icyphy/ptII/ven
dors/misc/itext/iText.jar:/home/travis/build/icyphy/ptII/lib/g4ltl.jar:/home/tr
avis/build/icyphy/ptII/lib/StructuralCoder.jar:/home/travis/build/icyphy/ptII/v
endors/jai-1_1_2_01/lib/jai_core.jar:/home/travis/build/icyphy/ptII/vendors/jai
-1_1_2_01/lib/jai_codec.jar:/home/travis/build/icyphy/ptII/lib/jcerti.jar:/home
/travis/build/icyphy/ptII/lib/javax.mail.jar:/usr/share/java/openjfx/jre/lib/ex
t/jfxrt.jar:/usr/lib/jvm/java-8-openjdk-amd64/jre/lib/ext/jfxrt.jar:/home/travi
s/build/icyphy/ptII/vendors/JMF-2.1.1e/lib/jmf.jar:/home/travis/build/icyphy/pt
II/lib/jna-4.0.0-variadic.jar:/home/travis/build/icyphy/ptII/vendors/misc/joyst
ick/Joystick.jar:/home/travis/build/icyphy/ptII/lib/ptjacl.jar:/home/travis/bui
ld/icyphy/ptII/lib/jsoup-1.8.2.jar:/home/travis/build/icyphy/ptII/lib/junit-4.8
.2.jar:/home/travis/build/icyphy/ptII/lib/JUnitParams-0.4.0.jar:/home/travis/bu
ild/icyphy/ptII/ptolemy/actor/lib/excel/jxl.jar:/home/travis/build/icyphy/ptII/
lib/jython.jar:/home/travis/build/icyphy/ptII/lib/kieler.jar:/home/travis/build
/icyphy/ptII/lib/opencv-341.jar:/home/travis/build/icyphy/ptII/lib/oscP5.jar:/h
ome/travis/build/icyphy/ptII/lib/nrjavaserial-3.11.0.devel.jar:/home/travis/bui
ld/icyphy/ptII/vendors/j3d/lib/j3dcore.jar:/home/travis/build/icyphy/ptII/vendo
rs/j3d/lib/j3dutils.jar:/home/travis/build/icyphy/ptII/vendors/j3d/lib/vecmath.
jar:/home/travis/build/icyphy/ptII/ptolemy/distributed/jini/jar/jini-core.jar:/
home/travis/build/icyphy/ptII/ptolemy/distributed/jini/jar/jini-ext.jar:/home/t
ravis/build/icyphy/ptII/ptolemy/distributed/jini/jar/sun-util.jar:/home/travis/
build/icyphy/ptII/lib/protobuf-java-2.4.1.jar:/home/travis/build/icyphy/ptII/li
b/org.eclipse.paho.client.mqttv3.jar:/home/travis/build/icyphy/ptII/lib/mapss.j
ar:/home/travis/build/icyphy/ptII/ptolemy/actor/ptalon/antlr/antlr.jar:/home/tr
avis/build/icyphy/ptII/lib/JRI.jar:/home/travis/build/icyphy/ptII/lib/commons-l
ang-2.6.jar:/home/travis/build/icyphy/ptII/lib/commons-logging-1.1.1.jar:/home/
travis/build/icyphy/ptII/lib/sootclasses.jar:/home/travis/build/icyphy/ptII/pto
lemy/actor/lib/database/mysql-connector-java-5.1.6-bin.jar:/home/travis/build/i
cyphy/ptII/vendors/misc/sphinx4/sphinx4-data-5prealpha.jar:/home/travis/build/i
cyphy/ptII/vendors/misc/sphinx4/sphinx4-core-5prealpha.jar:/home/travis/build/i
cyphy/ptII/lib/PDFRenderer.jar:/home/travis/build/icyphy/ptII/lib/svgSalamander
.jar:/home/travis/build/icyphy/ptII/lib/rsyntaxtextarea-2.6.0-SNAPSHOT.jar:/hom
e/travis/build/icyphy/ptII/lib/hazelcast-3.8.2.jar:/home/travis/build/icyphy/pt
II/lib/jackson-annotations-2.9.0.jar:/home/travis/build/icyphy/ptII/lib/jackson
-core-2.9.3.jar:/home/travis/build/icyphy/ptII/lib/jackson-databind-2.9.3.jar:/
home/travis/build/icyphy/ptII/lib/netty-buffer-4.1.19.Final.jar:/home/travis/bu
ild/icyphy/ptII/lib/netty-codec-4.1.19.Final.jar:/home/travis/build/icyphy/ptII
/lib/netty-codec-dns-4.1.19.Final.jar:/home/travis/build/icyphy/ptII/lib/netty-
codec-http-4.1.19.Final.jar:/home/travis/build/icyphy/ptII/lib/netty-codec-http
2-4.1.19.Final.jar:/home/travis/build/icyphy/ptII/lib/netty-common-4.1.19.Final
.jar:/home/travis/build/icyphy/ptII/lib/netty-handler-4.1.19.Final.jar:/home/tr
avis/build/icyphy/ptII/lib/netty-resolver-4.1.19.Final.jar:/home/travis/build/i
cyphy/ptII/lib/netty-resolver-dns-4.1.19.Final.jar:/home/travis/build/icyphy/pt
II/lib/netty-transport-4.1.19.Final.jar:/home/travis/build/icyphy/ptII/lib/vert
x-codegen-3.5.1.jar:/home/travis/build/icyphy/ptII/lib/vertx-core-3.5.2-SNAPSHO
T.jar:/home/travis/build/icyphy/ptII/lib/vertx-hazelcast-3.5.1.jar:/home/travis
/build/icyphy/ptII/lib/vertx-lang-js-3.5.1.jar:/home/travis/build/icyphy/ptII/l
ib/vertx-service-proxy-3.5.1.jar:/home/travis/build/icyphy/ptII/lib/vertx-web-3
.5.1.jar:/home/travis/build/icyphy/ptII/lib/slf4j-api-1.7.13.jar:/home/travis/b
uild/icyphy/ptII/lib/slf4j-simple-1.7.13.jar:/home/travis/build/icyphy/ptII/lib
/webcam-capture-0.3.12.jar:/home/travis/build/icyphy/ptII/lib/bridj-0.7.0.jar:/
home/travis/build/icyphy/ptII/lib/xbjlib-1.1.0.nrjavaserial.jar:/home/travis/bu
ild/icyphy/ptII/ptolemy/moml/test:/home/travis/build/icyphy/ptII/ant/lib/ant-la
uncher.jar:/home/travis/build/icyphy/ptII/ant/lib/ant.jar:/home/travis/build/ic
yphy/ptII/ant/lib/ant-junit.jar:/home/travis/build/icyphy/ptII/ant/lib/ant-juni
t4.jar:/home/travis/build/icyphy/ptII ModularCodeGen3_A2_profile.java
All Done
Writing ModularCodeGen3_A2.java in file:/home/travis/cg/ (15957 characters)
Reading "ptolemy/cg/kernel/generic/program/procedural/java/modular/makefile.in",
    writing "/home/travis/cg/ModularCodeGen3_A2.mk"
Using ptolemy/cg/kernel/generic/program/procedural/java/modular/makefile.in
In "/home/travis/cg", about to execute:
    make -f ModularCodeGen3_A2.mk
javac -classpath ".:.."    ModularCodeGen3_A2.java
All Done
Manager.initialize() finished: 19460 ms. Memory: 193536K Free: 96033K (50%)
19464 ms. Memory: 193536K Free: 95523K (49%)
----------------- Invoking toplevel() on ptolemy.moml.MoMLSimpleApplication@30d2a6a1
----------------- Done invoking toplevel() on ptolemy.moml.MoMLSimpleApplication@30d2a6a1
reloadAllAccessors: .ModularCodeGen3

===========================================================================================
----------------- testing Thu Jul 11 02:12:33 UTC 2019 /home/travis/build/icyphy/ptII/ptolemy/cg/lib/test/auto/ModularCodeGen4.xml
----------------- Instantiating /home/travis/build/icyphy/ptII/ptolemy/cg/lib/test/auto/ModularCodeGen4.xml
In "/home/travis/cg", about to execute:
    pwd
In "/home/travis/cg", about to execute:
    ls -l
/home/travis/cg
In "/home/travis/cg", about to execute:
    javac -classpath
.:/home/travis/build/icyphy/ptII:/home/travis/build/icyphy/ptII/lib/bsh-2.0b4.j
ar:/home/travis/build/icyphy/ptII/lib/ptCal.jar:/home/travis/build/icyphy/ptII/
lib/java_cup.jar:/home/travis/build/icyphy/ptII/lib/saxon8.jar:/home/travis/bui
ld/icyphy/ptII/lib/saxon8-dom.jar:/home/travis/build/icyphy/ptII/lib/chic.jar:/
home/travis/build/icyphy/ptII/lib/ptcolt.jar:/home/travis/build/icyphy/ptII/ven
dors/misc/itext/iText.jar:/home/travis/build/icyphy/ptII/lib/g4ltl.jar:/home/tr
avis/build/icyphy/ptII/lib/StructuralCoder.jar:/home/travis/build/icyphy/ptII/v
endors/jai-1_1_2_01/lib/jai_core.jar:/home/travis/build/icyphy/ptII/vendors/jai
-1_1_2_01/lib/jai_codec.jar:/home/travis/build/icyphy/ptII/lib/jcerti.jar:/home
/travis/build/icyphy/ptII/lib/javax.mail.jar:/usr/share/java/openjfx/jre/lib/ex
t/jfxrt.jar:/usr/lib/jvm/java-8-openjdk-amd64/jre/lib/ext/jfxrt.jar:/home/travi
s/build/icyphy/ptII/vendors/JMF-2.1.1e/lib/jmf.jar:/home/travis/build/icyphy/pt
II/lib/jna-4.0.0-variadic.jar:/home/travis/build/icyphy/ptII/vendors/misc/joyst
ick/Joystick.jar:/home/travis/build/icyphy/ptII/lib/ptjacl.jar:/home/travis/bui
ld/icyphy/ptII/lib/jsoup-1.8.2.jar:/home/travis/build/icyphy/ptII/lib/junit-4.8
.2.jar:/home/travis/build/icyphy/ptII/lib/JUnitParams-0.4.0.jar:/home/travis/bu
ild/icyphy/ptII/ptolemy/actor/lib/excel/jxl.jar:/home/travis/build/icyphy/ptII/
lib/jython.jar:/home/travis/build/icyphy/ptII/lib/kieler.jar:/home/travis/build
/icyphy/ptII/lib/opencv-341.jar:/home/travis/build/icyphy/ptII/lib/oscP5.jar:/h
ome/travis/build/icyphy/ptII/lib/nrjavaserial-3.11.0.devel.jar:/home/travis/bui
ld/icyphy/ptII/vendors/j3d/lib/j3dcore.jar:/home/travis/build/icyphy/ptII/vendo
rs/j3d/lib/j3dutils.jar:/home/travis/build/icyphy/ptII/vendors/j3d/lib/vecmath.
jar:/home/travis/build/icyphy/ptII/ptolemy/distributed/jini/jar/jini-core.jar:/
home/travis/build/icyphy/ptII/ptolemy/distributed/jini/jar/jini-ext.jar:/home/t
ravis/build/icyphy/ptII/ptolemy/distributed/jini/jar/sun-util.jar:/home/travis/
build/icyphy/ptII/lib/protobuf-java-2.4.1.jar:/home/travis/build/icyphy/ptII/li
b/org.eclipse.paho.client.mqttv3.jar:/home/travis/build/icyphy/ptII/lib/mapss.j
ar:/home/travis/build/icyphy/ptII/ptolemy/actor/ptalon/antlr/antlr.jar:/home/tr
avis/build/icyphy/ptII/lib/JRI.jar:/home/travis/build/icyphy/ptII/lib/commons-l
ang-2.6.jar:/home/travis/build/icyphy/ptII/lib/commons-logging-1.1.1.jar:/home/
travis/build/icyphy/ptII/lib/sootclasses.jar:/home/travis/build/icyphy/ptII/pto
lemy/actor/lib/database/mysql-connector-java-5.1.6-bin.jar:/home/travis/build/i
cyphy/ptII/vendors/misc/sphinx4/sphinx4-data-5prealpha.jar:/home/travis/build/i
cyphy/ptII/vendors/misc/sphinx4/sphinx4-core-5prealpha.jar:/home/travis/build/i
cyphy/ptII/lib/PDFRenderer.jar:/home/travis/build/icyphy/ptII/lib/svgSalamander
.jar:/home/travis/build/icyphy/ptII/lib/rsyntaxtextarea-2.6.0-SNAPSHOT.jar:/hom
e/travis/build/icyphy/ptII/lib/hazelcast-3.8.2.jar:/home/travis/build/icyphy/pt
II/lib/jackson-annotations-2.9.0.jar:/home/travis/build/icyphy/ptII/lib/jackson
-core-2.9.3.jar:/home/travis/build/icyphy/ptII/lib/jackson-databind-2.9.3.jar:/
home/travis/build/icyphy/ptII/lib/netty-buffer-4.1.19.Final.jar:/home/travis/bu
ild/icyphy/ptII/lib/netty-codec-4.1.19.Final.jar:/home/travis/build/icyphy/ptII
/lib/netty-codec-dns-4.1.19.Final.jar:/home/travis/build/icyphy/ptII/lib/netty-
codec-http-4.1.19.Final.jar:/home/travis/build/icyphy/ptII/lib/netty-codec-http
2-4.1.19.Final.jar:/home/travis/build/icyphy/ptII/lib/netty-common-4.1.19.Final
.jar:/home/travis/build/icyphy/ptII/lib/netty-handler-4.1.19.Final.jar:/home/tr
avis/build/icyphy/ptII/lib/netty-resolver-4.1.19.Final.jar:/home/travis/build/i
cyphy/ptII/lib/netty-resolver-dns-4.1.19.Final.jar:/home/travis/build/icyphy/pt
II/lib/netty-transport-4.1.19.Final.jar:/home/travis/build/icyphy/ptII/lib/vert
x-codegen-3.5.1.jar:/home/travis/build/icyphy/ptII/lib/vertx-core-3.5.2-SNAPSHO
T.jar:/home/travis/build/icyphy/ptII/lib/vertx-hazelcast-3.5.1.jar:/home/travis
/build/icyphy/ptII/lib/vertx-lang-js-3.5.1.jar:/home/travis/build/icyphy/ptII/l
ib/vertx-service-proxy-3.5.1.jar:/home/travis/build/icyphy/ptII/lib/vertx-web-3
.5.1.jar:/home/travis/build/icyphy/ptII/lib/slf4j-api-1.7.13.jar:/home/travis/b
uild/icyphy/ptII/lib/slf4j-simple-1.7.13.jar:/home/travis/build/icyphy/ptII/lib
/webcam-capture-0.3.12.jar:/home/travis/build/icyphy/ptII/lib/bridj-0.7.0.jar:/
home/travis/build/icyphy/ptII/lib/xbjlib-1.1.0.nrjavaserial.jar:/home/travis/bu
ild/icyphy/ptII/ptolemy/moml/test:/home/travis/build/icyphy/ptII/ant/lib/ant-la
uncher.jar:/home/travis/build/icyphy/ptII/ant/lib/ant.jar:/home/travis/build/ic
yphy/ptII/ant/lib/ant-junit.jar:/home/travis/build/icyphy/ptII/ant/lib/ant-juni
t4.jar:/home/travis/build/icyphy/ptII ModularCodeGen4_A1_B1_profile.java
total 1916
drwxrwxr-x   3 travis travis  12288 Jul 11 02:04 AbsoluteValue
drwxrwxr-x   3 travis travis 102400 Jul 11 02:03 AllColt
drwxrwxr-x   3 travis travis  12288 Jul 11 02:04 Case1
-rw-rw-r--   1 travis travis   5104 Jul 11 02:11 CompiledCompositeActor_CompiledCompositeActor.class
-rw-rw-r--   1 travis travis   1592 Jul 11 02:11 CompiledCompositeActor_CompiledCompositeActor$_CompiledCompositeActor_CompiledCompositeActor.class
-rw-rw-r--   1 travis travis  13466 Jul 11 02:11 CompiledCompositeActor_CompiledCompositeActor.java
-rw-rw-r--   1 travis travis   1593 Jul 11 02:11 CompiledCompositeActor_CompiledCompositeActor.mk
drwxrwxr-x   5 travis travis   4096 Jul 11 02:03 fmi
drwxrwxr-x   3 travis travis  16384 Jul 11 02:05 Gaussian2
-rw-rw-r--   1 travis travis   4660 Jul 11 02:11 JavaCompiledCompositeTest1_CompiledCompositeActor.class
-rw-rw-r--   1 travis travis  11637 Jul 11 02:11 JavaCompiledCompositeTest1_CompiledCompositeActor.java
-rw-rw-r--   1 travis travis   1198 Jul 11 02:11 JavaCompiledCompositeTest1_CompiledCompositeActor$_JavaCompiledCompositeTest1_CompiledCompositeActor.class
-rw-rw-r--   1 travis travis   1625 Jul 11 02:11 JavaCompiledCompositeTest1_CompiledCompositeActor.mk
-rw-rw-r--   1 travis travis   5091 Jul 11 02:11 JavaCompiledCompositeTest2_CompiledCompositeActor.class
-rw-rw-r--   1 travis travis  14919 Jul 11 02:11 JavaCompiledCompositeTest2_CompiledCompositeActor.java
-rw-rw-r--   1 travis travis   1793 Jul 11 02:11 JavaCompiledCompositeTest2_CompiledCompositeActor$_JavaCompiledCompositeTest2_CompiledCompositeActor.class
-rw-rw-r--   1 travis travis   1625 Jul 11 02:11 JavaCompiledCompositeTest2_CompiledCompositeActor.mk
-rw-rw-r--   1 travis travis   4708 Jul 11 02:11 JavaCompiledCompositeTest3_CompiledCompositeActor.class
-rw-rw-r--   1 travis travis  13080 Jul 11 02:11 JavaCompiledCompositeTest3_CompiledCompositeActor.java
-rw-rw-r--   1 travis travis   1378 Jul 11 02:11 JavaCompiledCompositeTest3_CompiledCompositeActor$_JavaCompiledCompositeTest3_CompiledCompositeActor.class
-rw-rw-r--   1 travis travis   1625 Jul 11 02:11 JavaCompiledCompositeTest3_CompiledCompositeActor.mk
-rw-rw-r--   1 travis travis   4159 Jul 11 02:11 JavaCompiledCompositeTest4_CompiledCompositeActor.class
-rw-rw-r--   1 travis travis   9687 Jul 11 02:11 JavaCompiledCompositeTest4_CompiledCompositeActor.java
-rw-rw-r--   1 travis travis    857 Jul 11 02:11 JavaCompiledCompositeTest4_CompiledCompositeActor$_JavaCompiledCompositeTest4_CompiledCompositeActor.class
-rw-rw-r--   1 travis travis   1625 Jul 11 02:11 JavaCompiledCompositeTest4_CompiledCompositeActor.mk
drwxrwxr-x   3 travis travis  12288 Jul 11 02:05 LookupTable
drwxrwxr-x   3 travis travis  20480 Jul 11 02:05 MaxIndex
-rw-rw-r--   1 travis travis   3925 Jul 11 02:11 ModularCG_A1_B1.class
-rw-rw-r--   1 travis travis   9730 Jul 11 02:11 ModularCG_A1_B1.java
-rw-rw-r--   1 travis travis    832 Jul 11 02:11 ModularCG_A1_B1.mk
-rw-rw-r--   1 travis travis   1318 Jul 11 02:11 ModularCG_A1_B1_profile.class
-rw-rw-r--   1 travis travis   1262 Jul 11 02:11 ModularCG_A1_B1_profile.java
-rw-rw-r--   1 travis travis   3925 Jul 11 02:11 ModularCG_A1_B2.class
-rw-rw-r--   1 travis travis   9730 Jul 11 02:11 ModularCG_A1_B2.java
-rw-rw-r--   1 travis travis    832 Jul 11 02:11 ModularCG_A1_B2.mk
-rw-rw-r--   1 travis travis   1318 Jul 11 02:11 ModularCG_A1_B2_profile.class
-rw-rw-r--   1 travis travis   1262 Jul 11 02:11 ModularCG_A1_B2_profile.java
-rw-rw-r--   1 travis travis   5031 Jul 11 02:11 ModularCG_A1.class
-rw-rw-r--   1 travis travis  14742 Jul 11 02:11 ModularCG_A1.java
-rw-rw-r--   1 travis travis    808 Jul 11 02:11 ModularCG_A1.mk
-rw-rw-r--   1 travis travis   1433 Jul 11 02:11 ModularCG_A1_profile.class
-rw-rw-r--   1 travis travis   1704 Jul 11 02:11 ModularCG_A1_profile.java
-rw-rw-r--   1 travis travis   4059 Jul 11 02:11 ModularCG_A2_B1.class
-rw-rw-r--   1 travis travis  10667 Jul 11 02:11 ModularCG_A2_B1.java
-rw-rw-r--   1 travis travis    832 Jul 11 02:11 ModularCG_A2_B1.mk
-rw-rw-r--   1 travis travis   1381 Jul 11 02:11 ModularCG_A2_B1_profile.class
-rw-rw-r--   1 travis travis   1446 Jul 11 02:11 ModularCG_A2_B1_profile.java
-rw-rw-r--   1 travis travis   3925 Jul 11 02:11 ModularCG_A2_B2.class
-rw-rw-r--   1 travis travis   9730 Jul 11 02:11 ModularCG_A2_B2.java
-rw-rw-r--   1 travis travis    832 Jul 11 02:11 ModularCG_A2_B2.mk
-rw-rw-r--   1 travis travis   1318 Jul 11 02:11 ModularCG_A2_B2_profile.class
-rw-rw-r--   1 travis travis   1262 Jul 11 02:11 ModularCG_A2_B2_profile.java
-rw-rw-r--   1 travis travis   5102 Jul 11 02:11 ModularCG_A2.class
-rw-rw-r--   1 travis travis  15129 Jul 11 02:11 ModularCG_A2.java
-rw-rw-r--   1 travis travis    808 Jul 11 02:11 ModularCG_A2.mk
-rw-rw-r--   1 travis travis   1433 Jul 11 02:11 ModularCG_A2_profile.class
-rw-rw-r--   1 travis travis   1704 Jul 11 02:11 ModularCG_A2_profile.java
-rw-rw-r--   1 travis travis   3705 Jul 11 02:12 ModularCGPubSub_A1_A2.class
-rw-rw-r--   1 travis travis   9076 Jul 11 02:11 ModularCGPubSub_A1_A2.java
-rw-rw-r--   1 travis travis    880 Jul 11 02:11 ModularCGPubSub_A1_A2.mk
-rw-rw-r--   1 travis travis   1300 Jul 11 02:11 ModularCGPubSub_A1_A2_profile.class
-rw-rw-r--   1 travis travis   1222 Jul 11 02:11 ModularCGPubSub_A1_A2_profile.java
-rw-rw-r--   1 travis travis   4022 Jul 11 02:12 ModularCGPubSub_A1.class
-rw-rw-r--   1 travis travis   9836 Jul 11 02:12 ModularCGPubSub_A1.java
-rw-rw-r--   1 travis travis    856 Jul 11 02:12 ModularCGPubSub_A1.mk
-rw-rw-r--   1 travis travis   1346 Jul 11 02:12 ModularCGPubSub_A1_profile.class
-rw-rw-r--   1 travis travis   1388 Jul 11 02:12 ModularCGPubSub_A1_profile.java
-rw-rw-r--   1 travis travis   4220 Jul 11 02:12 ModularCodeGen2_ModularCodeGenTypedCompositeActor.class
-rw-rw-r--   1 travis travis  11690 Jul 11 02:12 ModularCodeGen2_ModularCodeGenTypedCompositeActor.java
-rw-rw-r--   1 travis travis   1104 Jul 11 02:12 ModularCodeGen2_ModularCodeGenTypedCompositeActor.mk
-rw-rw-r--   1 travis travis   4504 Jul 11 02:12 ModularCodeGen2_ModularCodeGenTypedCompositeActor_ModularCodeGenTypedCompositeActor.class
-rw-rw-r--   1 travis travis  11790 Jul 11 02:12 ModularCodeGen2_ModularCodeGenTypedCompositeActor_ModularCodeGenTypedCompositeActor.java
-rw-rw-r--   1 travis travis   1376 Jul 11 02:12 ModularCodeGen2_ModularCodeGenTypedCompositeActor_ModularCodeGenTypedCompositeActor.mk
-rw-rw-r--   1 travis travis   1421 Jul 11 02:12 ModularCodeGen2_ModularCodeGenTypedCompositeActor_ModularCodeGenTypedCompositeActor_profile.class
-rw-rw-r--   1 travis travis   1294 Jul 11 02:12 ModularCodeGen2_ModularCodeGenTypedCompositeActor_ModularCodeGenTypedCompositeActor_profile.java
-rw-rw-r--   1 travis travis    820 Jul 11 02:12 ModularCodeGen2_ModularCodeGenTypedCompositeActor_profile.class
-rw-rw-r--   1 travis travis    693 Jul 11 02:12 ModularCodeGen2_ModularCodeGenTypedCompositeActor_profile.java
-rw-rw-r--   1 travis travis   3973 Jul 11 02:12 ModularCodeGen3_A1_B1.class
-rw-rw-r--   1 travis travis   9958 Jul 11 02:12 ModularCodeGen3_A1_B1.java
-rw-rw-r--   1 travis travis    880 Jul 11 02:12 ModularCodeGen3_A1_B1.mk
-rw-rw-r--   1 travis travis   1330 Jul 11 02:12 ModularCodeGen3_A1_B1_profile.class
-rw-rw-r--   1 travis travis   1274 Jul 11 02:12 ModularCodeGen3_A1_B1_profile.java
-rw-rw-r--   1 travis travis   3973 Jul 11 02:12 ModularCodeGen3_A1_B2.class
-rw-rw-r--   1 travis travis   9958 Jul 11 02:12 ModularCodeGen3_A1_B2.java
-rw-rw-r--   1 travis travis    880 Jul 11 02:12 ModularCodeGen3_A1_B2.mk
-rw-rw-r--   1 travis travis   1330 Jul 11 02:12 ModularCodeGen3_A1_B2_profile.class
-rw-rw-r--   1 travis travis   1274 Jul 11 02:12 ModularCodeGen3_A1_B2_profile.java
-rw-rw-r--   1 travis travis   5193 Jul 11 02:12 ModularCodeGen3_A1.class
-rw-rw-r--   1 travis travis  15564 Jul 11 02:12 ModularCodeGen3_A1.java
-rw-rw-r--   1 travis travis    856 Jul 11 02:12 ModularCodeGen3_A1.mk
-rw-rw-r--   1 travis travis   1445 Jul 11 02:12 ModularCodeGen3_A1_profile.class
-rw-rw-r--   1 travis travis   1716 Jul 11 02:12 ModularCodeGen3_A1_profile.java
-rw-rw-r--   1 travis travis   4119 Jul 11 02:12 ModularCodeGen3_A2_B1.class
-rw-rw-r--   1 travis travis  10955 Jul 11 02:12 ModularCodeGen3_A2_B1.java
-rw-rw-r--   1 travis travis    880 Jul 11 02:12 ModularCodeGen3_A2_B1.mk
-rw-rw-r--   1 travis travis   1393 Jul 11 02:12 ModularCodeGen3_A2_B1_profile.class
-rw-rw-r--   1 travis travis   1458 Jul 11 02:12 ModularCodeGen3_A2_B1_profile.java
-rw-rw-r--   1 travis travis   3973 Jul 11 02:12 ModularCodeGen3_A2_B2.class
-rw-rw-r--   1 travis travis   9958 Jul 11 02:12 ModularCodeGen3_A2_B2.java
-rw-rw-r--   1 travis travis    880 Jul 11 02:12 ModularCodeGen3_A2_B2.mk
-rw-rw-r--   1 travis travis   1330 Jul 11 02:12 ModularCodeGen3_A2_B2_profile.class
-rw-rw-r--   1 travis travis   1274 Jul 11 02:12 ModularCodeGen3_A2_B2_profile.java
-rw-rw-r--   1 travis travis   5270 Jul 11 02:12 ModularCodeGen3_A2.class
-rw-rw-r--   1 travis travis  15957 Jul 11 02:12 ModularCodeGen3_A2.java
-rw-rw-r--   1 travis travis    856 Jul 11 02:12 ModularCodeGen3_A2.mk
-rw-rw-r--   1 travis travis   1445 Jul 11 02:12 ModularCodeGen3_A2_profile.class
-rw-rw-r--   1 travis travis   1716 Jul 11 02:12 ModularCodeGen3_A2_profile.java
-rw-rw-r--   1 travis travis   1273 Jul 11 02:12 ModularCodeGen4_A1_B1_profile.java
-rw-rw-r--   1 travis travis   4186 Jul 11 02:12 ModularCodeGen_ModularCodeGenTypedCompositeActor.class
-rw-rw-r--   1 travis travis  10970 Jul 11 02:12 ModularCodeGen_ModularCodeGenTypedCompositeActor.java
-rw-rw-r--   1 travis travis   1096 Jul 11 02:12 ModularCodeGen_ModularCodeGenTypedCompositeActor.mk
-rw-rw-r--   1 travis travis   1384 Jul 11 02:12 ModularCodeGen_ModularCodeGenTypedCompositeActor_profile.class
-rw-rw-r--   1 travis travis   1328 Jul 11 02:12 ModularCodeGen_ModularCodeGenTypedCompositeActor_profile.java
-rw-rw-r--   1 travis travis   3724 Jul 11 02:11 ModularCodeGenTest_A1_A2.class
-rw-rw-r--   1 travis travis   9164 Jul 11 02:11 ModularCodeGenTest_A1_A2.java
-rw-rw-r--   1 travis travis   1306 Jul 11 02:11 ModularCodeGenTest_A1_A2_profile.class
-rw-rw-r--   1 travis travis   4055 Jul 11 02:11 ModularCodeGenTest_A1.class
-rw-rw-r--   1 travis travis   9968 Jul 11 02:11 ModularCodeGenTest_A1.java
-rw-rw-r--   1 travis travis    880 Jul 11 02:11 ModularCodeGenTest_A1.mk
-rw-rw-r--   1 travis travis   1352 Jul 11 02:11 ModularCodeGenTest_A1_profile.class
-rw-rw-r--   1 travis travis   1394 Jul 11 02:11 ModularCodeGenTest_A1_profile.java
drwxrwxr-x   3 travis travis  32768 Jul 11 02:10 modulation2
drwxrwxr-x 139 travis travis  12288 Jul 11 02:11 node_modules
drwxrwxr-x   3 travis travis  20480 Jul 11 02:06 PhaseUnwrap
drwxrwxr-x   3 travis travis  12288 Jul 11 02:06 ReadFile1
-rw-rw-r--   1 travis travis     11 Jul 11 02:06 ReadFile1Output.txt
-rw-rw-r--   1 travis travis   9615 Jul 11 02:11 Repeat.class
-rw-rw-r--   1 travis travis    666 Jul 11 02:11 Repeat$_fireFunction_Repeat_Repeat$__f_sL_11.class
-rw-rw-r--   1 travis travis    522 Jul 11 02:11 Repeat$_fireFunction_Repeat_Repeat$__f_sL_12.class
-rw-rw-r--   1 travis travis    522 Jul 11 02:11 Repeat$_fireFunction_Repeat_Repeat$__f_sL_13.class
-rw-rw-r--   1 travis travis    522 Jul 11 02:11 Repeat$_fireFunction_Repeat_Repeat$__f_sL_14.class
-rw-rw-r--   1 travis travis    665 Jul 11 02:11 Repeat$_fireFunction_Repeat_Repeat$__f_sL_1.class
-rw-rw-r--   1 travis travis    664 Jul 11 02:11 Repeat$_fireFunction_Repeat_Repeat$__f_sL_4.class
-rw-rw-r--   1 travis travis    520 Jul 11 02:11 Repeat$_fireFunction_Repeat_Repeat$__f_sL_9.class
-rw-rw-r--   1 travis travis    475 Jul 11 02:11 Repeat$_initialize_Repeat$__i_sL_2.class
-rw-rw-r--   1 travis travis   1281 Jul 11 02:10 Repeat.mk
-rw-rw-r--   1 travis travis    520 Jul 11 02:11 Repeat$_preinitializeMethod_Repeat$__p_sL_0.class
-rw-rw-r--   1 travis travis   1083 Jul 11 02:11 Repeat$_Repeat$_fireFunction_Repeat_AddSubtract_Repeat.class
-rw-rw-r--   1 travis travis    791 Jul 11 02:11 Repeat$_Repeat$_fireFunction_Repeat_AddSubtract_Repeat$__f_sL_0.class
-rw-rw-r--   1 travis travis    909 Jul 11 02:11 Repeat$_Repeat$_fireFunction_Repeat_AddSubtract_Repeat$__f_sL_1.class
-rw-rw-r--   1 travis travis    915 Jul 11 02:11 Repeat$_Repeat$_fireFunction_Repeat_AddSubtract_Repeat$__f_sL_2.class
-rw-rw-r--   1 travis travis    843 Jul 11 02:11 Repeat$_Repeat$_fireFunction_Repeat_AddSubtract_Repeat$__f_sL_3.class
-rw-rw-r--   1 travis travis    738 Jul 11 02:11 Repeat$_Repeat$_fireFunction_Repeat_Ramp2_Repeat$__f_sL_0.class
-rw-rw-r--   1 travis travis    869 Jul 11 02:11 Repeat$_Repeat$_fireFunction_Repeat_Test_Repeat$__f_sL_0.class
-rw-rw-r--   1 travis travis    615 Jul 11 02:11 Repeat$_Repeat$_fireFunction_Repeat_Test_Repeat$__f_sL_1.class
-rw-rw-r--   1 travis travis    685 Jul 11 02:11 Repeat$_Repeat_SDF_Director_run_Repeat$__R_sL_0.class
-rw-rw-r--   1 travis travis    686 Jul 11 02:11 Repeat$_Repeat_SDF_Director_run_Repeat$__R_sL_11.class
-rw-rw-r--   1 travis travis    542 Jul 11 02:11 Repeat$_Repeat_SDF_Director_run_Repeat$__R_sL_13.class
-rw-rw-r--   1 travis travis    540 Jul 11 02:11 Repeat$_Repeat_SDF_Director_run_Repeat$__R_sL_2.class
-rw-rw-r--   1 travis travis    684 Jul 11 02:11 Repeat$_Repeat_SDF_Director_run_Repeat$__R_sL_3.class
-rw-rw-r--   1 travis travis    540 Jul 11 02:11 Repeat$_Repeat_SDF_Director_run_Repeat$__R_sL_5.class
-rw-rw-r--   1 travis travis    540 Jul 11 02:11 Repeat$_Repeat_SDF_Director_run_Repeat$__R_sL_8.class
drwxrwxr-x   2 travis travis   4096 Jul 11 02:11 RepeatVariables
-rw-rw-r--   1 travis travis    863 Jul 11 02:11 Repeat$_varinit_Repeat.class
-rw-rw-r--   1 travis travis    531 Jul 11 02:11 Repeat$_varinit_Repeat$__v_sL_2.class
-rw-rw-r--   1 travis travis    905 Jul 11 02:11 Repeat$_varinit_Repeat$__v_sL_4.class
-rw-rw-r--   1 travis travis    959 Jul 11 02:11 Repeat$_wrapup_Repeat$__w_sL_1.class
drwxrwxr-x   3 travis travis  20480 Jul 11 02:06 Sinewave
drwxrwxr-x   3 travis travis  32768 Jul 11 02:08 StringFunction
drwxrwxr-x   3 travis travis  12288 Jul 11 02:08 StringLength
drwxrwxr-x   3 travis travis  61440 Jul 11 02:09 StringMatches2
drwxrwxr-x   3 travis travis  61440 Jul 11 02:09 StringSimpleReplace
drwxrwxr-x   3 travis travis  65536 Jul 11 02:09 StringSubstring
drwxrwxr-x   3 travis travis  24576 Jul 11 02:09 StringSubstring2
drwxrwxr-x   3 travis travis  16384 Jul 11 02:10 time1
drwxrwxr-x   3 travis travis  12288 Jul 11 02:10 time5
-rw-rw-r--   1 travis travis    432 Jul 11 02:12 Token.class
-rw-rw-r--   1 travis travis    251 Jul 11 02:12 Token.java
-rwxrwxr-x   1 travis travis 466992 Jul 11 02:03 top
-rw-rw-r--   1 travis travis  20502 Jul 11 02:03 top.c
-rw-rw-r--   1 travis travis   3799 Jul 11 02:11 top.class
-rw-rw-r--   1 travis travis   1257 Jul 11 02:11 top.mk
All Done
Writing ModularCodeGen4_A1_B1.java in file:/home/travis/cg/ (10312 characters)
Reading "ptolemy/cg/kernel/generic/program/procedural/java/modular/makefile.in",
    writing "/home/travis/cg/ModularCodeGen4_A1_B1.mk"
Using ptolemy/cg/kernel/generic/program/procedural/java/modular/makefile.in
In "/home/travis/cg", about to execute:
    make -f ModularCodeGen4_A1_B1.mk
javac -classpath ".:.."    ModularCodeGen4_A1_B1.java
All Done
In "/home/travis/cg", about to execute:
    pwd
In "/home/travis/cg", about to execute:
    ls -l
/home/travis/cg
In "/home/travis/cg", about to execute:
    javac -classpath
.:/home/travis/build/icyphy/ptII:/home/travis/build/icyphy/ptII/lib/bsh-2.0b4.j
ar:/home/travis/build/icyphy/ptII/lib/ptCal.jar:/home/travis/build/icyphy/ptII/
lib/java_cup.jar:/home/travis/build/icyphy/ptII/lib/saxon8.jar:/home/travis/bui
ld/icyphy/ptII/lib/saxon8-dom.jar:/home/travis/build/icyphy/ptII/lib/chic.jar:/
home/travis/build/icyphy/ptII/lib/ptcolt.jar:/home/travis/build/icyphy/ptII/ven
dors/misc/itext/iText.jar:/home/travis/build/icyphy/ptII/lib/g4ltl.jar:/home/tr
avis/build/icyphy/ptII/lib/StructuralCoder.jar:/home/travis/build/icyphy/ptII/v
endors/jai-1_1_2_01/lib/jai_core.jar:/home/travis/build/icyphy/ptII/vendors/jai
-1_1_2_01/lib/jai_codec.jar:/home/travis/build/icyphy/ptII/lib/jcerti.jar:/home
/travis/build/icyphy/ptII/lib/javax.mail.jar:/usr/share/java/openjfx/jre/lib/ex
t/jfxrt.jar:/usr/lib/jvm/java-8-openjdk-amd64/jre/lib/ext/jfxrt.jar:/home/travi
s/build/icyphy/ptII/vendors/JMF-2.1.1e/lib/jmf.jar:/home/travis/build/icyphy/pt
II/lib/jna-4.0.0-variadic.jar:/home/travis/build/icyphy/ptII/vendors/misc/joyst
ick/Joystick.jar:/home/travis/build/icyphy/ptII/lib/ptjacl.jar:/home/travis/bui
ld/icyphy/ptII/lib/jsoup-1.8.2.jar:/home/travis/build/icyphy/ptII/lib/junit-4.8
.2.jar:/home/travis/build/icyphy/ptII/lib/JUnitParams-0.4.0.jar:/home/travis/bu
ild/icyphy/ptII/ptolemy/actor/lib/excel/jxl.jar:/home/travis/build/icyphy/ptII/
lib/jython.jar:/home/travis/build/icyphy/ptII/lib/kieler.jar:/home/travis/build
/icyphy/ptII/lib/opencv-341.jar:/home/travis/build/icyphy/ptII/lib/oscP5.jar:/h
ome/travis/build/icyphy/ptII/lib/nrjavaserial-3.11.0.devel.jar:/home/travis/bui
ld/icyphy/ptII/vendors/j3d/lib/j3dcore.jar:/home/travis/build/icyphy/ptII/vendo
rs/j3d/lib/j3dutils.jar:/home/travis/build/icyphy/ptII/vendors/j3d/lib/vecmath.
jar:/home/travis/build/icyphy/ptII/ptolemy/distributed/jini/jar/jini-core.jar:/
home/travis/build/icyphy/ptII/ptolemy/distributed/jini/jar/jini-ext.jar:/home/t
ravis/build/icyphy/ptII/ptolemy/distributed/jini/jar/sun-util.jar:/home/travis/
build/icyphy/ptII/lib/protobuf-java-2.4.1.jar:/home/travis/build/icyphy/ptII/li
b/org.eclipse.paho.client.mqttv3.jar:/home/travis/build/icyphy/ptII/lib/mapss.j
ar:/home/travis/build/icyphy/ptII/ptolemy/actor/ptalon/antlr/antlr.jar:/home/tr
avis/build/icyphy/ptII/lib/JRI.jar:/home/travis/build/icyphy/ptII/lib/commons-l
ang-2.6.jar:/home/travis/build/icyphy/ptII/lib/commons-logging-1.1.1.jar:/home/
travis/build/icyphy/ptII/lib/sootclasses.jar:/home/travis/build/icyphy/ptII/pto
lemy/actor/lib/database/mysql-connector-java-5.1.6-bin.jar:/home/travis/build/i
cyphy/ptII/vendors/misc/sphinx4/sphinx4-data-5prealpha.jar:/home/travis/build/i
cyphy/ptII/vendors/misc/sphinx4/sphinx4-core-5prealpha.jar:/home/travis/build/i
cyphy/ptII/lib/PDFRenderer.jar:/home/travis/build/icyphy/ptII/lib/svgSalamander
.jar:/home/travis/build/icyphy/ptII/lib/rsyntaxtextarea-2.6.0-SNAPSHOT.jar:/hom
e/travis/build/icyphy/ptII/lib/hazelcast-3.8.2.jar:/home/travis/build/icyphy/pt
II/lib/jackson-annotations-2.9.0.jar:/home/travis/build/icyphy/ptII/lib/jackson
-core-2.9.3.jar:/home/travis/build/icyphy/ptII/lib/jackson-databind-2.9.3.jar:/
home/travis/build/icyphy/ptII/lib/netty-buffer-4.1.19.Final.jar:/home/travis/bu
ild/icyphy/ptII/lib/netty-codec-4.1.19.Final.jar:/home/travis/build/icyphy/ptII
/lib/netty-codec-dns-4.1.19.Final.jar:/home/travis/build/icyphy/ptII/lib/netty-
codec-http-4.1.19.Final.jar:/home/travis/build/icyphy/ptII/lib/netty-codec-http
2-4.1.19.Final.jar:/home/travis/build/icyphy/ptII/lib/netty-common-4.1.19.Final
.jar:/home/travis/build/icyphy/ptII/lib/netty-handler-4.1.19.Final.jar:/home/tr
avis/build/icyphy/ptII/lib/netty-resolver-4.1.19.Final.jar:/home/travis/build/i
cyphy/ptII/lib/netty-resolver-dns-4.1.19.Final.jar:/home/travis/build/icyphy/pt
II/lib/netty-transport-4.1.19.Final.jar:/home/travis/build/icyphy/ptII/lib/vert
x-codegen-3.5.1.jar:/home/travis/build/icyphy/ptII/lib/vertx-core-3.5.2-SNAPSHO
T.jar:/home/travis/build/icyphy/ptII/lib/vertx-hazelcast-3.5.1.jar:/home/travis
/build/icyphy/ptII/lib/vertx-lang-js-3.5.1.jar:/home/travis/build/icyphy/ptII/l
ib/vertx-service-proxy-3.5.1.jar:/home/travis/build/icyphy/ptII/lib/vertx-web-3
.5.1.jar:/home/travis/build/icyphy/ptII/lib/slf4j-api-1.7.13.jar:/home/travis/b
uild/icyphy/ptII/lib/slf4j-simple-1.7.13.jar:/home/travis/build/icyphy/ptII/lib
/webcam-capture-0.3.12.jar:/home/travis/build/icyphy/ptII/lib/bridj-0.7.0.jar:/
home/travis/build/icyphy/ptII/lib/xbjlib-1.1.0.nrjavaserial.jar:/home/travis/bu
ild/icyphy/ptII/ptolemy/moml/test:/home/travis/build/icyphy/ptII/ant/lib/ant-la
uncher.jar:/home/travis/build/icyphy/ptII/ant/lib/ant.jar:/home/travis/build/ic
yphy/ptII/ant/lib/ant-junit.jar:/home/travis/build/icyphy/ptII/ant/lib/ant-juni
t4.jar:/home/travis/build/icyphy/ptII ModularCodeGen4_A1_B2_profile.java
total 1944
drwxrwxr-x   3 travis travis  12288 Jul 11 02:04 AbsoluteValue
drwxrwxr-x   3 travis travis 102400 Jul 11 02:03 AllColt
drwxrwxr-x   3 travis travis  12288 Jul 11 02:04 Case1
-rw-rw-r--   1 travis travis   5104 Jul 11 02:11 CompiledCompositeActor_CompiledCompositeActor.class
-rw-rw-r--   1 travis travis   1592 Jul 11 02:11 CompiledCompositeActor_CompiledCompositeActor$_CompiledCompositeActor_CompiledCompositeActor.class
-rw-rw-r--   1 travis travis  13466 Jul 11 02:11 CompiledCompositeActor_CompiledCompositeActor.java
-rw-rw-r--   1 travis travis   1593 Jul 11 02:11 CompiledCompositeActor_CompiledCompositeActor.mk
drwxrwxr-x   5 travis travis   4096 Jul 11 02:03 fmi
drwxrwxr-x   3 travis travis  16384 Jul 11 02:05 Gaussian2
-rw-rw-r--   1 travis travis   4660 Jul 11 02:11 JavaCompiledCompositeTest1_CompiledCompositeActor.class
-rw-rw-r--   1 travis travis  11637 Jul 11 02:11 JavaCompiledCompositeTest1_CompiledCompositeActor.java
-rw-rw-r--   1 travis travis   1198 Jul 11 02:11 JavaCompiledCompositeTest1_CompiledCompositeActor$_JavaCompiledCompositeTest1_CompiledCompositeActor.class
-rw-rw-r--   1 travis travis   1625 Jul 11 02:11 JavaCompiledCompositeTest1_CompiledCompositeActor.mk
-rw-rw-r--   1 travis travis   5091 Jul 11 02:11 JavaCompiledCompositeTest2_CompiledCompositeActor.class
-rw-rw-r--   1 travis travis  14919 Jul 11 02:11 JavaCompiledCompositeTest2_CompiledCompositeActor.java
-rw-rw-r--   1 travis travis   1793 Jul 11 02:11 JavaCompiledCompositeTest2_CompiledCompositeActor$_JavaCompiledCompositeTest2_CompiledCompositeActor.class
-rw-rw-r--   1 travis travis   1625 Jul 11 02:11 JavaCompiledCompositeTest2_CompiledCompositeActor.mk
-rw-rw-r--   1 travis travis   4708 Jul 11 02:11 JavaCompiledCompositeTest3_CompiledCompositeActor.class
-rw-rw-r--   1 travis travis  13080 Jul 11 02:11 JavaCompiledCompositeTest3_CompiledCompositeActor.java
-rw-rw-r--   1 travis travis   1378 Jul 11 02:11 JavaCompiledCompositeTest3_CompiledCompositeActor$_JavaCompiledCompositeTest3_CompiledCompositeActor.class
-rw-rw-r--   1 travis travis   1625 Jul 11 02:11 JavaCompiledCompositeTest3_CompiledCompositeActor.mk
-rw-rw-r--   1 travis travis   4159 Jul 11 02:11 JavaCompiledCompositeTest4_CompiledCompositeActor.class
-rw-rw-r--   1 travis travis   9687 Jul 11 02:11 JavaCompiledCompositeTest4_CompiledCompositeActor.java
-rw-rw-r--   1 travis travis    857 Jul 11 02:11 JavaCompiledCompositeTest4_CompiledCompositeActor$_JavaCompiledCompositeTest4_CompiledCompositeActor.class
-rw-rw-r--   1 travis travis   1625 Jul 11 02:11 JavaCompiledCompositeTest4_CompiledCompositeActor.mk
drwxrwxr-x   3 travis travis  12288 Jul 11 02:05 LookupTable
drwxrwxr-x   3 travis travis  20480 Jul 11 02:05 MaxIndex
-rw-rw-r--   1 travis travis   3925 Jul 11 02:11 ModularCG_A1_B1.class
-rw-rw-r--   1 travis travis   9730 Jul 11 02:11 ModularCG_A1_B1.java
-rw-rw-r--   1 travis travis    832 Jul 11 02:11 ModularCG_A1_B1.mk
-rw-rw-r--   1 travis travis   1318 Jul 11 02:11 ModularCG_A1_B1_profile.class
-rw-rw-r--   1 travis travis   1262 Jul 11 02:11 ModularCG_A1_B1_profile.java
-rw-rw-r--   1 travis travis   3925 Jul 11 02:11 ModularCG_A1_B2.class
-rw-rw-r--   1 travis travis   9730 Jul 11 02:11 ModularCG_A1_B2.java
-rw-rw-r--   1 travis travis    832 Jul 11 02:11 ModularCG_A1_B2.mk
-rw-rw-r--   1 travis travis   1318 Jul 11 02:11 ModularCG_A1_B2_profile.class
-rw-rw-r--   1 travis travis   1262 Jul 11 02:11 ModularCG_A1_B2_profile.java
-rw-rw-r--   1 travis travis   5031 Jul 11 02:11 ModularCG_A1.class
-rw-rw-r--   1 travis travis  14742 Jul 11 02:11 ModularCG_A1.java
-rw-rw-r--   1 travis travis    808 Jul 11 02:11 ModularCG_A1.mk
-rw-rw-r--   1 travis travis   1433 Jul 11 02:11 ModularCG_A1_profile.class
-rw-rw-r--   1 travis travis   1704 Jul 11 02:11 ModularCG_A1_profile.java
-rw-rw-r--   1 travis travis   4059 Jul 11 02:11 ModularCG_A2_B1.class
-rw-rw-r--   1 travis travis  10667 Jul 11 02:11 ModularCG_A2_B1.java
-rw-rw-r--   1 travis travis    832 Jul 11 02:11 ModularCG_A2_B1.mk
-rw-rw-r--   1 travis travis   1381 Jul 11 02:11 ModularCG_A2_B1_profile.class
-rw-rw-r--   1 travis travis   1446 Jul 11 02:11 ModularCG_A2_B1_profile.java
-rw-rw-r--   1 travis travis   3925 Jul 11 02:11 ModularCG_A2_B2.class
-rw-rw-r--   1 travis travis   9730 Jul 11 02:11 ModularCG_A2_B2.java
-rw-rw-r--   1 travis travis    832 Jul 11 02:11 ModularCG_A2_B2.mk
-rw-rw-r--   1 travis travis   1318 Jul 11 02:11 ModularCG_A2_B2_profile.class
-rw-rw-r--   1 travis travis   1262 Jul 11 02:11 ModularCG_A2_B2_profile.java
-rw-rw-r--   1 travis travis   5102 Jul 11 02:11 ModularCG_A2.class
-rw-rw-r--   1 travis travis  15129 Jul 11 02:11 ModularCG_A2.java
-rw-rw-r--   1 travis travis    808 Jul 11 02:11 ModularCG_A2.mk
-rw-rw-r--   1 travis travis   1433 Jul 11 02:11 ModularCG_A2_profile.class
-rw-rw-r--   1 travis travis   1704 Jul 11 02:11 ModularCG_A2_profile.java
-rw-rw-r--   1 travis travis   3705 Jul 11 02:12 ModularCGPubSub_A1_A2.class
-rw-rw-r--   1 travis travis   9076 Jul 11 02:11 ModularCGPubSub_A1_A2.java
-rw-rw-r--   1 travis travis    880 Jul 11 02:11 ModularCGPubSub_A1_A2.mk
-rw-rw-r--   1 travis travis   1300 Jul 11 02:11 ModularCGPubSub_A1_A2_profile.class
-rw-rw-r--   1 travis travis   1222 Jul 11 02:11 ModularCGPubSub_A1_A2_profile.java
-rw-rw-r--   1 travis travis   4022 Jul 11 02:12 ModularCGPubSub_A1.class
-rw-rw-r--   1 travis travis   9836 Jul 11 02:12 ModularCGPubSub_A1.java
-rw-rw-r--   1 travis travis    856 Jul 11 02:12 ModularCGPubSub_A1.mk
-rw-rw-r--   1 travis travis   1346 Jul 11 02:12 ModularCGPubSub_A1_profile.class
-rw-rw-r--   1 travis travis   1388 Jul 11 02:12 ModularCGPubSub_A1_profile.java
-rw-rw-r--   1 travis travis   4220 Jul 11 02:12 ModularCodeGen2_ModularCodeGenTypedCompositeActor.class
-rw-rw-r--   1 travis travis  11690 Jul 11 02:12 ModularCodeGen2_ModularCodeGenTypedCompositeActor.java
-rw-rw-r--   1 travis travis   1104 Jul 11 02:12 ModularCodeGen2_ModularCodeGenTypedCompositeActor.mk
-rw-rw-r--   1 travis travis   4504 Jul 11 02:12 ModularCodeGen2_ModularCodeGenTypedCompositeActor_ModularCodeGenTypedCompositeActor.class
-rw-rw-r--   1 travis travis  11790 Jul 11 02:12 ModularCodeGen2_ModularCodeGenTypedCompositeActor_ModularCodeGenTypedCompositeActor.java
-rw-rw-r--   1 travis travis   1376 Jul 11 02:12 ModularCodeGen2_ModularCodeGenTypedCompositeActor_ModularCodeGenTypedCompositeActor.mk
-rw-rw-r--   1 travis travis   1421 Jul 11 02:12 ModularCodeGen2_ModularCodeGenTypedCompositeActor_ModularCodeGenTypedCompositeActor_profile.class
-rw-rw-r--   1 travis travis   1294 Jul 11 02:12 ModularCodeGen2_ModularCodeGenTypedCompositeActor_ModularCodeGenTypedCompositeActor_profile.java
-rw-rw-r--   1 travis travis    820 Jul 11 02:12 ModularCodeGen2_ModularCodeGenTypedCompositeActor_profile.class
-rw-rw-r--   1 travis travis    693 Jul 11 02:12 ModularCodeGen2_ModularCodeGenTypedCompositeActor_profile.java
-rw-rw-r--   1 travis travis   3973 Jul 11 02:12 ModularCodeGen3_A1_B1.class
-rw-rw-r--   1 travis travis   9958 Jul 11 02:12 ModularCodeGen3_A1_B1.java
-rw-rw-r--   1 travis travis    880 Jul 11 02:12 ModularCodeGen3_A1_B1.mk
-rw-rw-r--   1 travis travis   1330 Jul 11 02:12 ModularCodeGen3_A1_B1_profile.class
-rw-rw-r--   1 travis travis   1274 Jul 11 02:12 ModularCodeGen3_A1_B1_profile.java
-rw-rw-r--   1 travis travis   3973 Jul 11 02:12 ModularCodeGen3_A1_B2.class
-rw-rw-r--   1 travis travis   9958 Jul 11 02:12 ModularCodeGen3_A1_B2.java
-rw-rw-r--   1 travis travis    880 Jul 11 02:12 ModularCodeGen3_A1_B2.mk
-rw-rw-r--   1 travis travis   1330 Jul 11 02:12 ModularCodeGen3_A1_B2_profile.class
-rw-rw-r--   1 travis travis   1274 Jul 11 02:12 ModularCodeGen3_A1_B2_profile.java
-rw-rw-r--   1 travis travis   5193 Jul 11 02:12 ModularCodeGen3_A1.class
-rw-rw-r--   1 travis travis  15564 Jul 11 02:12 ModularCodeGen3_A1.java
-rw-rw-r--   1 travis travis    856 Jul 11 02:12 ModularCodeGen3_A1.mk
-rw-rw-r--   1 travis travis   1445 Jul 11 02:12 ModularCodeGen3_A1_profile.class
-rw-rw-r--   1 travis travis   1716 Jul 11 02:12 ModularCodeGen3_A1_profile.java
-rw-rw-r--   1 travis travis   4119 Jul 11 02:12 ModularCodeGen3_A2_B1.class
-rw-rw-r--   1 travis travis  10955 Jul 11 02:12 ModularCodeGen3_A2_B1.java
-rw-rw-r--   1 travis travis    880 Jul 11 02:12 ModularCodeGen3_A2_B1.mk
-rw-rw-r--   1 travis travis   1393 Jul 11 02:12 ModularCodeGen3_A2_B1_profile.class
-rw-rw-r--   1 travis travis   1458 Jul 11 02:12 ModularCodeGen3_A2_B1_profile.java
-rw-rw-r--   1 travis travis   3973 Jul 11 02:12 ModularCodeGen3_A2_B2.class
-rw-rw-r--   1 travis travis   9958 Jul 11 02:12 ModularCodeGen3_A2_B2.java
-rw-rw-r--   1 travis travis    880 Jul 11 02:12 ModularCodeGen3_A2_B2.mk
-rw-rw-r--   1 travis travis   1330 Jul 11 02:12 ModularCodeGen3_A2_B2_profile.class
-rw-rw-r--   1 travis travis   1274 Jul 11 02:12 ModularCodeGen3_A2_B2_profile.java
-rw-rw-r--   1 travis travis   5270 Jul 11 02:12 ModularCodeGen3_A2.class
-rw-rw-r--   1 travis travis  15957 Jul 11 02:12 ModularCodeGen3_A2.java
-rw-rw-r--   1 travis travis    856 Jul 11 02:12 ModularCodeGen3_A2.mk
-rw-rw-r--   1 travis travis   1445 Jul 11 02:12 ModularCodeGen3_A2_profile.class
-rw-rw-r--   1 travis travis   1716 Jul 11 02:12 ModularCodeGen3_A2_profile.java
-rw-rw-r--   1 travis travis   4026 Jul 11 02:12 ModularCodeGen4_A1_B1.class
-rw-rw-r--   1 travis travis  10312 Jul 11 02:12 ModularCodeGen4_A1_B1.java
-rw-rw-r--   1 travis travis    880 Jul 11 02:12 ModularCodeGen4_A1_B1.mk
-rw-rw-r--   1 travis travis   1330 Jul 11 02:12 ModularCodeGen4_A1_B1_profile.class
-rw-rw-r--   1 travis travis   1273 Jul 11 02:12 ModularCodeGen4_A1_B1_profile.java
-rw-rw-r--   1 travis travis   1273 Jul 11 02:12 ModularCodeGen4_A1_B2_profile.java
-rw-rw-r--   1 travis travis   4186 Jul 11 02:12 ModularCodeGen_ModularCodeGenTypedCompositeActor.class
-rw-rw-r--   1 travis travis  10970 Jul 11 02:12 ModularCodeGen_ModularCodeGenTypedCompositeActor.java
-rw-rw-r--   1 travis travis   1096 Jul 11 02:12 ModularCodeGen_ModularCodeGenTypedCompositeActor.mk
-rw-rw-r--   1 travis travis   1384 Jul 11 02:12 ModularCodeGen_ModularCodeGenTypedCompositeActor_profile.class
-rw-rw-r--   1 travis travis   1328 Jul 11 02:12 ModularCodeGen_ModularCodeGenTypedCompositeActor_profile.java
-rw-rw-r--   1 travis travis   3724 Jul 11 02:11 ModularCodeGenTest_A1_A2.class
-rw-rw-r--   1 travis travis   9164 Jul 11 02:11 ModularCodeGenTest_A1_A2.java
-rw-rw-r--   1 travis travis   1306 Jul 11 02:11 ModularCodeGenTest_A1_A2_profile.class
-rw-rw-r--   1 travis travis   4055 Jul 11 02:11 ModularCodeGenTest_A1.class
-rw-rw-r--   1 travis travis   9968 Jul 11 02:11 ModularCodeGenTest_A1.java
-rw-rw-r--   1 travis travis    880 Jul 11 02:11 ModularCodeGenTest_A1.mk
-rw-rw-r--   1 travis travis   1352 Jul 11 02:11 ModularCodeGenTest_A1_profile.class
-rw-rw-r--   1 travis travis   1394 Jul 11 02:11 ModularCodeGenTest_A1_profile.java
drwxrwxr-x   3 travis travis  32768 Jul 11 02:10 modulation2
drwxrwxr-x 139 travis travis  12288 Jul 11 02:11 node_modules
drwxrwxr-x   3 travis travis  20480 Jul 11 02:06 PhaseUnwrap
drwxrwxr-x   3 travis travis  12288 Jul 11 02:06 ReadFile1
-rw-rw-r--   1 travis travis     11 Jul 11 02:06 ReadFile1Output.txt
-rw-rw-r--   1 travis travis   9615 Jul 11 02:11 Repeat.class
-rw-rw-r--   1 travis travis    666 Jul 11 02:11 Repeat$_fireFunction_Repeat_Repeat$__f_sL_11.class
-rw-rw-r--   1 travis travis    522 Jul 11 02:11 Repeat$_fireFunction_Repeat_Repeat$__f_sL_12.class
-rw-rw-r--   1 travis travis    522 Jul 11 02:11 Repeat$_fireFunction_Repeat_Repeat$__f_sL_13.class
-rw-rw-r--   1 travis travis    522 Jul 11 02:11 Repeat$_fireFunction_Repeat_Repeat$__f_sL_14.class
-rw-rw-r--   1 travis travis    665 Jul 11 02:11 Repeat$_fireFunction_Repeat_Repeat$__f_sL_1.class
-rw-rw-r--   1 travis travis    664 Jul 11 02:11 Repeat$_fireFunction_Repeat_Repeat$__f_sL_4.class
-rw-rw-r--   1 travis travis    520 Jul 11 02:11 Repeat$_fireFunction_Repeat_Repeat$__f_sL_9.class
-rw-rw-r--   1 travis travis    475 Jul 11 02:11 Repeat$_initialize_Repeat$__i_sL_2.class
-rw-rw-r--   1 travis travis   1281 Jul 11 02:10 Repeat.mk
-rw-rw-r--   1 travis travis    520 Jul 11 02:11 Repeat$_preinitializeMethod_Repeat$__p_sL_0.class
-rw-rw-r--   1 travis travis   1083 Jul 11 02:11 Repeat$_Repeat$_fireFunction_Repeat_AddSubtract_Repeat.class
-rw-rw-r--   1 travis travis    791 Jul 11 02:11 Repeat$_Repeat$_fireFunction_Repeat_AddSubtract_Repeat$__f_sL_0.class
-rw-rw-r--   1 travis travis    909 Jul 11 02:11 Repeat$_Repeat$_fireFunction_Repeat_AddSubtract_Repeat$__f_sL_1.class
-rw-rw-r--   1 travis travis    915 Jul 11 02:11 Repeat$_Repeat$_fireFunction_Repeat_AddSubtract_Repeat$__f_sL_2.class
-rw-rw-r--   1 travis travis    843 Jul 11 02:11 Repeat$_Repeat$_fireFunction_Repeat_AddSubtract_Repeat$__f_sL_3.class
-rw-rw-r--   1 travis travis    738 Jul 11 02:11 Repeat$_Repeat$_fireFunction_Repeat_Ramp2_Repeat$__f_sL_0.class
-rw-rw-r--   1 travis travis    869 Jul 11 02:11 Repeat$_Repeat$_fireFunction_Repeat_Test_Repeat$__f_sL_0.class
-rw-rw-r--   1 travis travis    615 Jul 11 02:11 Repeat$_Repeat$_fireFunction_Repeat_Test_Repeat$__f_sL_1.class
-rw-rw-r--   1 travis travis    685 Jul 11 02:11 Repeat$_Repeat_SDF_Director_run_Repeat$__R_sL_0.class
-rw-rw-r--   1 travis travis    686 Jul 11 02:11 Repeat$_Repeat_SDF_Director_run_Repeat$__R_sL_11.class
-rw-rw-r--   1 travis travis    542 Jul 11 02:11 Repeat$_Repeat_SDF_Director_run_Repeat$__R_sL_13.class
-rw-rw-r--   1 travis travis    540 Jul 11 02:11 Repeat$_Repeat_SDF_Director_run_Repeat$__R_sL_2.class
-rw-rw-r--   1 travis travis    684 Jul 11 02:11 Repeat$_Repeat_SDF_Director_run_Repeat$__R_sL_3.class
-rw-rw-r--   1 travis travis    540 Jul 11 02:11 Repeat$_Repeat_SDF_Director_run_Repeat$__R_sL_5.class
-rw-rw-r--   1 travis travis    540 Jul 11 02:11 Repeat$_Repeat_SDF_Director_run_Repeat$__R_sL_8.class
drwxrwxr-x   2 travis travis   4096 Jul 11 02:11 RepeatVariables
-rw-rw-r--   1 travis travis    863 Jul 11 02:11 Repeat$_varinit_Repeat.class
-rw-rw-r--   1 travis travis    531 Jul 11 02:11 Repeat$_varinit_Repeat$__v_sL_2.class
-rw-rw-r--   1 travis travis    905 Jul 11 02:11 Repeat$_varinit_Repeat$__v_sL_4.class
-rw-rw-r--   1 travis travis    959 Jul 11 02:11 Repeat$_wrapup_Repeat$__w_sL_1.class
drwxrwxr-x   3 travis travis  20480 Jul 11 02:06 Sinewave
drwxrwxr-x   3 travis travis  32768 Jul 11 02:08 StringFunction
drwxrwxr-x   3 travis travis  12288 Jul 11 02:08 StringLength
drwxrwxr-x   3 travis travis  61440 Jul 11 02:09 StringMatches2
drwxrwxr-x   3 travis travis  61440 Jul 11 02:09 StringSimpleReplace
drwxrwxr-x   3 travis travis  65536 Jul 11 02:09 StringSubstring
drwxrwxr-x   3 travis travis  24576 Jul 11 02:09 StringSubstring2
drwxrwxr-x   3 travis travis  16384 Jul 11 02:10 time1
drwxrwxr-x   3 travis travis  12288 Jul 11 02:10 time5
-rw-rw-r--   1 travis travis    432 Jul 11 02:12 Token.class
-rw-rw-r--   1 travis travis    251 Jul 11 02:12 Token.java
-rwxrwxr-x   1 travis travis 466992 Jul 11 02:03 top
-rw-rw-r--   1 travis travis  20502 Jul 11 02:03 top.c
-rw-rw-r--   1 travis travis   3799 Jul 11 02:11 top.class
-rw-rw-r--   1 travis travis   1257 Jul 11 02:11 top.mk
All Done
Writing ModularCodeGen4_A1_B2.java in file:/home/travis/cg/ (10312 characters)
Reading "ptolemy/cg/kernel/generic/program/procedural/java/modular/makefile.in",
    writing "/home/travis/cg/ModularCodeGen4_A1_B2.mk"
Using ptolemy/cg/kernel/generic/program/procedural/java/modular/makefile.in
In "/home/travis/cg", about to execute:
    make -f ModularCodeGen4_A1_B2.mk
javac -classpath ".:.."    ModularCodeGen4_A1_B2.java
All Done
In "/home/travis/cg", about to execute:
    pwd
/home/travis/cg
In "/home/travis/cg", about to execute:
    ls -l
total 1972
drwxrwxr-x   3 travis travis  12288 Jul 11 02:04 AbsoluteValue
drwxrwxr-x   3 travis travis 102400 Jul 11 02:03 AllColt
drwxrwxr-x   3 travis travis  12288 Jul 11 02:04 Case1
-rw-rw-r--   1 travis travis   5104 Jul 11 02:11 CompiledCompositeActor_CompiledCompositeActor.class
-rw-rw-r--   1 travis travis   1592 Jul 11 02:11 CompiledCompositeActor_CompiledCompositeActor$_CompiledCompositeActor_CompiledCompositeActor.class
-rw-rw-r--   1 travis travis  13466 Jul 11 02:11 CompiledCompositeActor_CompiledCompositeActor.java
-rw-rw-r--   1 travis travis   1593 Jul 11 02:11 CompiledCompositeActor_CompiledCompositeActor.mk
drwxrwxr-x   5 travis travis   4096 Jul 11 02:03 fmi
drwxrwxr-x   3 travis travis  16384 Jul 11 02:05 Gaussian2
-rw-rw-r--   1 travis travis   4660 Jul 11 02:11 JavaCompiledCompositeTest1_CompiledCompositeActor.class
-rw-rw-r--   1 travis travis  11637 Jul 11 02:11 JavaCompiledCompositeTest1_CompiledCompositeActor.java
-rw-rw-r--   1 travis travis   1198 Jul 11 02:11 JavaCompiledCompositeTest1_CompiledCompositeActor$_JavaCompiledCompositeTest1_CompiledCompositeActor.class
-rw-rw-r--   1 travis travis   1625 Jul 11 02:11 JavaCompiledCompositeTest1_CompiledCompositeActor.mk
-rw-rw-r--   1 travis travis   5091 Jul 11 02:11 JavaCompiledCompositeTest2_CompiledCompositeActor.class
-rw-rw-r--   1 travis travis  14919 Jul 11 02:11 JavaCompiledCompositeTest2_CompiledCompositeActor.java
-rw-rw-r--   1 travis travis   1793 Jul 11 02:11 JavaCompiledCompositeTest2_CompiledCompositeActor$_JavaCompiledCompositeTest2_CompiledCompositeActor.class
-rw-rw-r--   1 travis travis   1625 Jul 11 02:11 JavaCompiledCompositeTest2_CompiledCompositeActor.mk
-rw-rw-r--   1 travis travis   4708 Jul 11 02:11 JavaCompiledCompositeTest3_CompiledCompositeActor.class
-rw-rw-r--   1 travis travis  13080 Jul 11 02:11 JavaCompiledCompositeTest3_CompiledCompositeActor.java
-rw-rw-r--   1 travis travis   1378 Jul 11 02:11 JavaCompiledCompositeTest3_CompiledCompositeActor$_JavaCompiledCompositeTest3_CompiledCompositeActor.class
-rw-rw-r--   1 travis travis   1625 Jul 11 02:11 JavaCompiledCompositeTest3_CompiledCompositeActor.mk
-rw-rw-r--   1 travis travis   4159 Jul 11 02:11 JavaCompiledCompositeTest4_CompiledCompositeActor.class
-rw-rw-r--   1 travis travis   9687 Jul 11 02:11 JavaCompiledCompositeTest4_CompiledCompositeActor.java
-rw-rw-r--   1 travis travis    857 Jul 11 02:11 JavaCompiledCompositeTest4_CompiledCompositeActor$_JavaCompiledCompositeTest4_CompiledCompositeActor.class
-rw-rw-r--   1 travis travis   1625 Jul 11 02:11 JavaCompiledCompositeTest4_CompiledCompositeActor.mk
drwxrwxr-x   3 travis travis  12288 Jul 11 02:05 LookupTable
drwxrwxr-x   3 travis travis  20480 Jul 11 02:05 MaxIndex
-rw-rw-r--   1 travis travis   3925 Jul 11 02:11 ModularCG_A1_B1.class
-rw-rw-r--   1 travis travis   9730 Jul 11 02:11 ModularCG_A1_B1.java
-rw-rw-r--   1 travis travis    832 Jul 11 02:11 ModularCG_A1_B1.mk
-rw-rw-r--   1 travis travis   1318 Jul 11 02:11 ModularCG_A1_B1_profile.class
-rw-rw-r--   1 travis travis   1262 Jul 11 02:11 ModularCG_A1_B1_profile.java
-rw-rw-r--   1 travis travis   3925 Jul 11 02:11 ModularCG_A1_B2.class
-rw-rw-r--   1 travis travis   9730 Jul 11 02:11 ModularCG_A1_B2.java
-rw-rw-r--   1 travis travis    832 Jul 11 02:11 ModularCG_A1_B2.mk
-rw-rw-r--   1 travis travis   1318 Jul 11 02:11 ModularCG_A1_B2_profile.class
-rw-rw-r--   1 travis travis   1262 Jul 11 02:11 ModularCG_A1_B2_profile.java
-rw-rw-r--   1 travis travis   5031 Jul 11 02:11 ModularCG_A1.class
-rw-rw-r--   1 travis travis  14742 Jul 11 02:11 ModularCG_A1.java
-rw-rw-r--   1 travis travis    808 Jul 11 02:11 ModularCG_A1.mk
-rw-rw-r--   1 travis travis   1433 Jul 11 02:11 ModularCG_A1_profile.class
-rw-rw-r--   1 travis travis   1704 Jul 11 02:11 ModularCG_A1_profile.java
-rw-rw-r--   1 travis travis   4059 Jul 11 02:11 ModularCG_A2_B1.class
-rw-rw-r--   1 travis travis  10667 Jul 11 02:11 ModularCG_A2_B1.java
-rw-rw-r--   1 travis travis    832 Jul 11 02:11 ModularCG_A2_B1.mk
-rw-rw-r--   1 travis travis   1381 Jul 11 02:11 ModularCG_A2_B1_profile.class
-rw-rw-r--   1 travis travis   1446 Jul 11 02:11 ModularCG_A2_B1_profile.java
-rw-rw-r--   1 travis travis   3925 Jul 11 02:11 ModularCG_A2_B2.class
-rw-rw-r--   1 travis travis   9730 Jul 11 02:11 ModularCG_A2_B2.java
-rw-rw-r--   1 travis travis    832 Jul 11 02:11 ModularCG_A2_B2.mk
-rw-rw-r--   1 travis travis   1318 Jul 11 02:11 ModularCG_A2_B2_profile.class
-rw-rw-r--   1 travis travis   1262 Jul 11 02:11 ModularCG_A2_B2_profile.java
-rw-rw-r--   1 travis travis   5102 Jul 11 02:11 ModularCG_A2.class
-rw-rw-r--   1 travis travis  15129 Jul 11 02:11 ModularCG_A2.java
-rw-rw-r--   1 travis travis    808 Jul 11 02:11 ModularCG_A2.mk
-rw-rw-r--   1 travis travis   1433 Jul 11 02:11 ModularCG_A2_profile.class
-rw-rw-r--   1 travis travis   1704 Jul 11 02:11 ModularCG_A2_profile.java
-rw-rw-r--   1 travis travis   3705 Jul 11 02:12 ModularCGPubSub_A1_A2.class
-rw-rw-r--   1 travis travis   9076 Jul 11 02:11 ModularCGPubSub_A1_A2.java
-rw-rw-r--   1 travis travis    880 Jul 11 02:11 ModularCGPubSub_A1_A2.mk
-rw-rw-r--   1 travis travis   1300 Jul 11 02:11 ModularCGPubSub_A1_A2_profile.class
-rw-rw-r--   1 travis travis   1222 Jul 11 02:11 ModularCGPubSub_A1_A2_profile.java
-rw-rw-r--   1 travis travis   4022 Jul 11 02:12 ModularCGPubSub_A1.class
-rw-rw-r--   1 travis travis   9836 Jul 11 02:12 ModularCGPubSub_A1.java
-rw-rw-r--   1 travis travis    856 Jul 11 02:12 ModularCGPubSub_A1.mk
-rw-rw-r--   1 travis travis   1346 Jul 11 02:12 ModularCGPubSub_A1_profile.class
-rw-rw-r--   1 travis travis   1388 Jul 11 02:12 ModularCGPubSub_A1_profile.java
-rw-rw-r--   1 travis travis   4220 Jul 11 02:12 ModularCodeGen2_ModularCodeGenTypedCompositeActor.class
-rw-rw-r--   1 travis travis  11690 Jul 11 02:12 ModularCodeGen2_ModularCodeGenTypedCompositeActor.java
-rw-rw-r--   1 travis travis   1104 Jul 11 02:12 ModularCodeGen2_ModularCodeGenTypedCompositeActor.mk
-rw-rw-r--   1 travis travis   4504 Jul 11 02:12 ModularCodeGen2_ModularCodeGenTypedCompositeActor_ModularCodeGenTypedCompositeActor.class
-rw-rw-r--   1 travis travis  11790 Jul 11 02:12 ModularCodeGen2_ModularCodeGenTypedCompositeActor_ModularCodeGenTypedCompositeActor.java
-rw-rw-r--   1 travis travis   1376 Jul 11 02:12 ModularCodeGen2_ModularCodeGenTypedCompositeActor_ModularCodeGenTypedCompositeActor.mk
-rw-rw-r--   1 travis travis   1421 Jul 11 02:12 ModularCodeGen2_ModularCodeGenTypedCompositeActor_ModularCodeGenTypedCompositeActor_profile.class
-rw-rw-r--   1 travis travis   1294 Jul 11 02:12 ModularCodeGen2_ModularCodeGenTypedCompositeActor_ModularCodeGenTypedCompositeActor_profile.java
-rw-rw-r--   1 travis travis    820 Jul 11 02:12 ModularCodeGen2_ModularCodeGenTypedCompositeActor_profile.class
-rw-rw-r--   1 travis travis    693 Jul 11 02:12 ModularCodeGen2_ModularCodeGenTypedCompositeActor_profile.java
-rw-rw-r--   1 travis travis   3973 Jul 11 02:12 ModularCodeGen3_A1_B1.class
-rw-rw-r--   1 travis travis   9958 Jul 11 02:12 ModularCodeGen3_A1_B1.java
-rw-rw-r--   1 travis travis    880 Jul 11 02:12 ModularCodeGen3_A1_B1.mk
-rw-rw-r--   1 travis travis   1330 Jul 11 02:12 ModularCodeGen3_A1_B1_profile.class
-rw-rw-r--   1 travis travis   1274 Jul 11 02:12 ModularCodeGen3_A1_B1_profile.java
-rw-rw-r--   1 travis travis   3973 Jul 11 02:12 ModularCodeGen3_A1_B2.class
-rw-rw-r--   1 travis travis   9958 Jul 11 02:12 ModularCodeGen3_A1_B2.java
-rw-rw-r--   1 travis travis    880 Jul 11 02:12 ModularCodeGen3_A1_B2.mk
-rw-rw-r--   1 travis travis   1330 Jul 11 02:12 ModularCodeGen3_A1_B2_profile.class
-rw-rw-r--   1 travis travis   1274 Jul 11 02:12 ModularCodeGen3_A1_B2_profile.java
-rw-rw-r--   1 travis travis   5193 Jul 11 02:12 ModularCodeGen3_A1.class
-rw-rw-r--   1 travis travis  15564 Jul 11 02:12 ModularCodeGen3_A1.java
-rw-rw-r--   1 travis travis    856 Jul 11 02:12 ModularCodeGen3_A1.mk
-rw-rw-r--   1 travis travis   1445 Jul 11 02:12 ModularCodeGen3_A1_profile.class
-rw-rw-r--   1 travis travis   1716 Jul 11 02:12 ModularCodeGen3_A1_profile.java
-rw-rw-r--   1 travis travis   4119 Jul 11 02:12 ModularCodeGen3_A2_B1.class
-rw-rw-r--   1 travis travis  10955 Jul 11 02:12 ModularCodeGen3_A2_B1.java
-rw-rw-r--   1 travis travis    880 Jul 11 02:12 ModularCodeGen3_A2_B1.mk
-rw-rw-r--   1 travis travis   1393 Jul 11 02:12 ModularCodeGen3_A2_B1_profile.class
-rw-rw-r--   1 travis travis   1458 Jul 11 02:12 ModularCodeGen3_A2_B1_profile.java
-rw-rw-r--   1 travis travis   3973 Jul 11 02:12 ModularCodeGen3_A2_B2.class
-rw-rw-r--   1 travis travis   9958 Jul 11 02:12 ModularCodeGen3_A2_B2.java
-rw-rw-r--   1 travis travis    880 Jul 11 02:12 ModularCodeGen3_A2_B2.mk
-rw-rw-r--   1 travis travis   1330 Jul 11 02:12 ModularCodeGen3_A2_B2_profile.class
-rw-rw-r--   1 travis travis   1274 Jul 11 02:12 ModularCodeGen3_A2_B2_profile.java
-rw-rw-r--   1 travis travis   5270 Jul 11 02:12 ModularCodeGen3_A2.class
-rw-rw-r--   1 travis travis  15957 Jul 11 02:12 ModularCodeGen3_A2.java
-rw-rw-r--   1 travis travis    856 Jul 11 02:12 ModularCodeGen3_A2.mk
-rw-rw-r--   1 travis travis   1445 Jul 11 02:12 ModularCodeGen3_A2_profile.class
-rw-rw-r--   1 travis travis   1716 Jul 11 02:12 ModularCodeGen3_A2_profile.java
-rw-rw-r--   1 travis travis   4026 Jul 11 02:12 ModularCodeGen4_A1_B1.class
-rw-rw-r--   1 travis travis  10312 Jul 11 02:12 ModularCodeGen4_A1_B1.java
-rw-rw-r--   1 travis travis    880 Jul 11 02:12 ModularCodeGen4_A1_B1.mk
-rw-rw-r--   1 travis travis   1330 Jul 11 02:12 ModularCodeGen4_A1_B1_profile.class
-rw-rw-r--   1 travis travis   1273 Jul 11 02:12 ModularCodeGen4_A1_B1_profile.java
-rw-rw-r--   1 travis travis   4026 Jul 11 02:12 ModularCodeGen4_A1_B2.class
-rw-rw-r--   1 travis travis  10312 Jul 11 02:12 ModularCodeGen4_A1_B2.java
-rw-rw-r--   1 travis travis    880 Jul 11 02:12 ModularCodeGen4_A1_B2.mk
-rw-rw-r--   1 travis travis   1330 Jul 11 02:12 ModularCodeGen4_A1_B2_profile.class
-rw-rw-r--   1 travis travis   1273 Jul 11 02:12 ModularCodeGen4_A1_B2_profile.java
-rw-rw-r--   1 travis travis   1712 Jul 11 02:12 ModularCodeGen4_A1_profile.java
-rw-rw-r--   1 travis travis   4186 Jul 11 02:12 ModularCodeGen_ModularCodeGenTypedCompositeActor.class
-rw-rw-r--   1 travis travis  10970 Jul 11 02:12 ModularCodeGen_ModularCodeGenTypedCompositeActor.java
-rw-rw-r--   1 travis travis   1096 Jul 11 02:12 ModularCodeGen_ModularCodeGenTypedCompositeActor.mk
-rw-rw-r--   1 travis travis   1384 Jul 11 02:12 ModularCodeGen_ModularCodeGenTypedCompositeActor_profile.class
-rw-rw-r--   1 travis travis   1328 Jul 11 02:12 ModularCodeGen_ModularCodeGenTypedCompositeActor_profile.java
-rw-rw-r--   1 travis travis   3724 Jul 11 02:11 ModularCodeGenTest_A1_A2.class
-rw-rw-r--   1 travis travis   9164 Jul 11 02:11 ModularCodeGenTest_A1_A2.java
-rw-rw-r--   1 travis travis   1306 Jul 11 02:11 ModularCodeGenTest_A1_A2_profile.class
-rw-rw-r--   1 travis travis   4055 Jul 11 02:11 ModularCodeGenTest_A1.class
-rw-rw-r--   1 travis travis   9968 Jul 11 02:11 ModularCodeGenTest_A1.java
-rw-rw-r--   1 travis travis    880 Jul 11 02:11 ModularCodeGenTest_A1.mk
-rw-rw-r--   1 travis travis   1352 Jul 11 02:11 ModularCodeGenTest_A1_profile.class
-rw-rw-r--   1 travis travis   1394 Jul 11 02:11 ModularCodeGenTest_A1_profile.java
drwxrwxr-x   3 travis travis  32768 Jul 11 02:10 modulation2
drwxrwxr-x 139 travis travis  12288 Jul 11 02:11 node_modules
drwxrwxr-x   3 travis travis  20480 Jul 11 02:06 PhaseUnwrap
drwxrwxr-x   3 travis travis  12288 Jul 11 02:06 ReadFile1
-rw-rw-r--   1 travis travis     11 Jul 11 02:06 ReadFile1Output.txt
-rw-rw-r--   1 travis travis   9615 Jul 11 02:11 Repeat.class
-rw-rw-r--   1 travis travis    666 Jul 11 02:11 Repeat$_fireFunction_Repeat_Repeat$__f_sL_11.class
-rw-rw-r--   1 travis travis    522 Jul 11 02:11 Repeat$_fireFunction_Repeat_Repeat$__f_sL_12.class
-rw-rw-r--   1 travis travis    522 Jul 11 02:11 Repeat$_fireFunction_Repeat_Repeat$__f_sL_13.class
-rw-rw-r--   1 travis travis    522 Jul 11 02:11 Repeat$_fireFunction_Repeat_Repeat$__f_sL_14.class
-rw-rw-r--   1 travis travis    665 Jul 11 02:11 Repeat$_fireFunction_Repeat_Repeat$__f_sL_1.class
-rw-rw-r--   1 travis travis    664 Jul 11 02:11 Repeat$_fireFunction_Repeat_Repeat$__f_sL_4.class
-rw-rw-r--   1 travis travis    520 Jul 11 02:11 Repeat$_fireFunction_Repeat_Repeat$__f_sL_9.class
-rw-rw-r--   1 travis travis    475 Jul 11 02:11 Repeat$_initialize_Repeat$__i_sL_2.class
-rw-rw-r--   1 travis travis   1281 Jul 11 02:10 Repeat.mk
-rw-rw-r--   1 travis travis    520 Jul 11 02:11 Repeat$_preinitializeMethod_Repeat$__p_sL_0.class
-rw-rw-r--   1 travis travis   1083 Jul 11 02:11 Repeat$_Repeat$_fireFunction_Repeat_AddSubtract_Repeat.class
-rw-rw-r--   1 travis travis    791 Jul 11 02:11 Repeat$_Repeat$_fireFunction_Repeat_AddSubtract_Repeat$__f_sL_0.class
-rw-rw-r--   1 travis travis    909 Jul 11 02:11 Repeat$_Repeat$_fireFunction_Repeat_AddSubtract_Repeat$__f_sL_1.class
-rw-rw-r--   1 travis travis    915 Jul 11 02:11 Repeat$_Repeat$_fireFunction_Repeat_AddSubtract_Repeat$__f_sL_2.class
-rw-rw-r--   1 travis travis    843 Jul 11 02:11 Repeat$_Repeat$_fireFunction_Repeat_AddSubtract_Repeat$__f_sL_3.class
-rw-rw-r--   1 travis travis    738 Jul 11 02:11 Repeat$_Repeat$_fireFunction_Repeat_Ramp2_Repeat$__f_sL_0.class
-rw-rw-r--   1 travis travis    869 Jul 11 02:11 Repeat$_Repeat$_fireFunction_Repeat_Test_Repeat$__f_sL_0.class
-rw-rw-r--   1 travis travis    615 Jul 11 02:11 Repeat$_Repeat$_fireFunction_Repeat_Test_Repeat$__f_sL_1.class
-rw-rw-r--   1 travis travis    685 Jul 11 02:11 Repeat$_Repeat_SDF_Director_run_Repeat$__R_sL_0.class
-rw-rw-r--   1 travis travis    686 Jul 11 02:11 Repeat$_Repeat_SDF_Director_run_Repeat$__R_sL_11.class
-rw-rw-r--   1 travis travis    542 Jul 11 02:11 Repeat$_Repeat_SDF_Director_run_Repeat$__R_sL_13.class
-rw-rw-r--   1 travis travis    540 Jul 11 02:11 Repeat$_Repeat_SDF_Director_run_Repeat$__R_sL_2.class
-rw-rw-r--   1 travis travis    684 Jul 11 02:11 Repeat$_Repeat_SDF_Director_run_Repeat$__R_sL_3.class
-rw-rw-r--   1 travis travis    540 Jul 11 02:11 Repeat$_Repeat_SDF_Director_run_Repeat$__R_sL_5.class
-rw-rw-r--   1 travis travis    540 Jul 11 02:11 Repeat$_Repeat_SDF_Director_run_Repeat$__R_sL_8.class
drwxrwxr-x   2 travis travis   4096 Jul 11 02:11 RepeatVariables
-rw-rw-r--   1 travis travis    863 Jul 11 02:11 Repeat$_varinit_Repeat.class
-rw-rw-r--   1 travis travis    531 Jul 11 02:11 Repeat$_varinit_Repeat$__v_sL_2.class
-rw-rw-r--   1 travis travis    905 Jul 11 02:11 Repeat$_varinit_Repeat$__v_sL_4.class
-rw-rw-r--   1 travis travis    959 Jul 11 02:11 Repeat$_wrapup_Repeat$__w_sL_1.class
drwxrwxr-x   3 travis travis  20480 Jul 11 02:06 Sinewave
drwxrwxr-x   3 travis travis  32768 Jul 11 02:08 StringFunction
drwxrwxr-x   3 travis travis  12288 Jul 11 02:08 StringLength
drwxrwxr-x   3 travis travis  61440 Jul 11 02:09 StringMatches2
drwxrwxr-x   3 travis travis  61440 Jul 11 02:09 StringSimpleReplace
drwxrwxr-x   3 travis travis  65536 Jul 11 02:09 StringSubstring
drwxrwxr-x   3 travis travis  24576 Jul 11 02:09 StringSubstring2
drwxrwxr-x   3 travis travis  16384 Jul 11 02:10 time1
drwxrwxr-x   3 travis travis  12288 Jul 11 02:10 time5
-rw-rw-r--   1 travis travis    432 Jul 11 02:12 Token.class
-rw-rw-r--   1 travis travis    251 Jul 11 02:12 Token.java
-rwxrwxr-x   1 travis travis 466992 Jul 11 02:03 top
-rw-rw-r--   1 travis travis  20502 Jul 11 02:03 top.c
-rw-rw-r--   1 travis travis   3799 Jul 11 02:11 top.class
-rw-rw-r--   1 travis travis   1257 Jul 11 02:11 top.mk
In "/home/travis/cg", about to execute:
    javac -classpath
.:/home/travis/build/icyphy/ptII:/home/travis/build/icyphy/ptII/lib/bsh-2.0b4.j
ar:/home/travis/build/icyphy/ptII/lib/ptCal.jar:/home/travis/build/icyphy/ptII/
lib/java_cup.jar:/home/travis/build/icyphy/ptII/lib/saxon8.jar:/home/travis/bui
ld/icyphy/ptII/lib/saxon8-dom.jar:/home/travis/build/icyphy/ptII/lib/chic.jar:/
home/travis/build/icyphy/ptII/lib/ptcolt.jar:/home/travis/build/icyphy/ptII/ven
dors/misc/itext/iText.jar:/home/travis/build/icyphy/ptII/lib/g4ltl.jar:/home/tr
avis/build/icyphy/ptII/lib/StructuralCoder.jar:/home/travis/build/icyphy/ptII/v
endors/jai-1_1_2_01/lib/jai_core.jar:/home/travis/build/icyphy/ptII/vendors/jai
-1_1_2_01/lib/jai_codec.jar:/home/travis/build/icyphy/ptII/lib/jcerti.jar:/home
/travis/build/icyphy/ptII/lib/javax.mail.jar:/usr/share/java/openjfx/jre/lib/ex
t/jfxrt.jar:/usr/lib/jvm/java-8-openjdk-amd64/jre/lib/ext/jfxrt.jar:/home/travi
s/build/icyphy/ptII/vendors/JMF-2.1.1e/lib/jmf.jar:/home/travis/build/icyphy/pt
II/lib/jna-4.0.0-variadic.jar:/home/travis/build/icyphy/ptII/vendors/misc/joyst
ick/Joystick.jar:/home/travis/build/icyphy/ptII/lib/ptjacl.jar:/home/travis/bui
ld/icyphy/ptII/lib/jsoup-1.8.2.jar:/home/travis/build/icyphy/ptII/lib/junit-4.8
.2.jar:/home/travis/build/icyphy/ptII/lib/JUnitParams-0.4.0.jar:/home/travis/bu
ild/icyphy/ptII/ptolemy/actor/lib/excel/jxl.jar:/home/travis/build/icyphy/ptII/
lib/jython.jar:/home/travis/build/icyphy/ptII/lib/kieler.jar:/home/travis/build
/icyphy/ptII/lib/opencv-341.jar:/home/travis/build/icyphy/ptII/lib/oscP5.jar:/h
ome/travis/build/icyphy/ptII/lib/nrjavaserial-3.11.0.devel.jar:/home/travis/bui
ld/icyphy/ptII/vendors/j3d/lib/j3dcore.jar:/home/travis/build/icyphy/ptII/vendo
rs/j3d/lib/j3dutils.jar:/home/travis/build/icyphy/ptII/vendors/j3d/lib/vecmath.
jar:/home/travis/build/icyphy/ptII/ptolemy/distributed/jini/jar/jini-core.jar:/
home/travis/build/icyphy/ptII/ptolemy/distributed/jini/jar/jini-ext.jar:/home/t
ravis/build/icyphy/ptII/ptolemy/distributed/jini/jar/sun-util.jar:/home/travis/
build/icyphy/ptII/lib/protobuf-java-2.4.1.jar:/home/travis/build/icyphy/ptII/li
b/org.eclipse.paho.client.mqttv3.jar:/home/travis/build/icyphy/ptII/lib/mapss.j
ar:/home/travis/build/icyphy/ptII/ptolemy/actor/ptalon/antlr/antlr.jar:/home/tr
avis/build/icyphy/ptII/lib/JRI.jar:/home/travis/build/icyphy/ptII/lib/commons-l
ang-2.6.jar:/home/travis/build/icyphy/ptII/lib/commons-logging-1.1.1.jar:/home/
travis/build/icyphy/ptII/lib/sootclasses.jar:/home/travis/build/icyphy/ptII/pto
lemy/actor/lib/database/mysql-connector-java-5.1.6-bin.jar:/home/travis/build/i
cyphy/ptII/vendors/misc/sphinx4/sphinx4-data-5prealpha.jar:/home/travis/build/i
cyphy/ptII/vendors/misc/sphinx4/sphinx4-core-5prealpha.jar:/home/travis/build/i
cyphy/ptII/lib/PDFRenderer.jar:/home/travis/build/icyphy/ptII/lib/svgSalamander
.jar:/home/travis/build/icyphy/ptII/lib/rsyntaxtextarea-2.6.0-SNAPSHOT.jar:/hom
e/travis/build/icyphy/ptII/lib/hazelcast-3.8.2.jar:/home/travis/build/icyphy/pt
II/lib/jackson-annotations-2.9.0.jar:/home/travis/build/icyphy/ptII/lib/jackson
-core-2.9.3.jar:/home/travis/build/icyphy/ptII/lib/jackson-databind-2.9.3.jar:/
home/travis/build/icyphy/ptII/lib/netty-buffer-4.1.19.Final.jar:/home/travis/bu
ild/icyphy/ptII/lib/netty-codec-4.1.19.Final.jar:/home/travis/build/icyphy/ptII
/lib/netty-codec-dns-4.1.19.Final.jar:/home/travis/build/icyphy/ptII/lib/netty-
codec-http-4.1.19.Final.jar:/home/travis/build/icyphy/ptII/lib/netty-codec-http
2-4.1.19.Final.jar:/home/travis/build/icyphy/ptII/lib/netty-common-4.1.19.Final
.jar:/home/travis/build/icyphy/ptII/lib/netty-handler-4.1.19.Final.jar:/home/tr
avis/build/icyphy/ptII/lib/netty-resolver-4.1.19.Final.jar:/home/travis/build/i
cyphy/ptII/lib/netty-resolver-dns-4.1.19.Final.jar:/home/travis/build/icyphy/pt
II/lib/netty-transport-4.1.19.Final.jar:/home/travis/build/icyphy/ptII/lib/vert
x-codegen-3.5.1.jar:/home/travis/build/icyphy/ptII/lib/vertx-core-3.5.2-SNAPSHO
T.jar:/home/travis/build/icyphy/ptII/lib/vertx-hazelcast-3.5.1.jar:/home/travis
/build/icyphy/ptII/lib/vertx-lang-js-3.5.1.jar:/home/travis/build/icyphy/ptII/l
ib/vertx-service-proxy-3.5.1.jar:/home/travis/build/icyphy/ptII/lib/vertx-web-3
.5.1.jar:/home/travis/build/icyphy/ptII/lib/slf4j-api-1.7.13.jar:/home/travis/b
uild/icyphy/ptII/lib/slf4j-simple-1.7.13.jar:/home/travis/build/icyphy/ptII/lib
/webcam-capture-0.3.12.jar:/home/travis/build/icyphy/ptII/lib/bridj-0.7.0.jar:/
home/travis/build/icyphy/ptII/lib/xbjlib-1.1.0.nrjavaserial.jar:/home/travis/bu
ild/icyphy/ptII/ptolemy/moml/test:/home/travis/build/icyphy/ptII/ant/lib/ant-la
uncher.jar:/home/travis/build/icyphy/ptII/ant/lib/ant.jar:/home/travis/build/ic
yphy/ptII/ant/lib/ant-junit.jar:/home/travis/build/icyphy/ptII/ant/lib/ant-juni
t4.jar:/home/travis/build/icyphy/ptII ModularCodeGen4_A1_profile.java
All Done
Writing ModularCodeGen4_A1.java in file:/home/travis/cg/ (16245 characters)
Reading "ptolemy/cg/kernel/generic/program/procedural/java/modular/makefile.in",
    writing "/home/travis/cg/ModularCodeGen4_A1.mk"
Using ptolemy/cg/kernel/generic/program/procedural/java/modular/makefile.in
In "/home/travis/cg", about to execute:
    make -f ModularCodeGen4_A1.mk
javac -classpath ".:.."    ModularCodeGen4_A1.java
All Done
In "/home/travis/cg", about to execute:
    pwd
In "/home/travis/cg", about to execute:
    ls -l
/home/travis/cg
total 2008
drwxrwxr-x   3 travis travis  12288 Jul 11 02:04 AbsoluteValue
drwxrwxr-x   3 travis travis 102400 Jul 11 02:03 AllColt
drwxrwxr-x   3 travis travis  12288 Jul 11 02:04 Case1
-rw-rw-r--   1 travis travis   5104 Jul 11 02:11 CompiledCompositeActor_CompiledCompositeActor.class
-rw-rw-r--   1 travis travis   1592 Jul 11 02:11 CompiledCompositeActor_CompiledCompositeActor$_CompiledCompositeActor_CompiledCompositeActor.class
-rw-rw-r--   1 travis travis  13466 Jul 11 02:11 CompiledCompositeActor_CompiledCompositeActor.java
-rw-rw-r--   1 travis travis   1593 Jul 11 02:11 CompiledCompositeActor_CompiledCompositeActor.mk
drwxrwxr-x   5 travis travis   4096 Jul 11 02:03 fmi
drwxrwxr-x   3 travis travis  16384 Jul 11 02:05 Gaussian2
-rw-rw-r--   1 travis travis   4660 Jul 11 02:11 JavaCompiledCompositeTest1_CompiledCompositeActor.class
-rw-rw-r--   1 travis travis  11637 Jul 11 02:11 JavaCompiledCompositeTest1_CompiledCompositeActor.java
-rw-rw-r--   1 travis travis   1198 Jul 11 02:11 JavaCompiledCompositeTest1_CompiledCompositeActor$_JavaCompiledCompositeTest1_CompiledCompositeActor.class
-rw-rw-r--   1 travis travis   1625 Jul 11 02:11 JavaCompiledCompositeTest1_CompiledCompositeActor.mk
-rw-rw-r--   1 travis travis   5091 Jul 11 02:11 JavaCompiledCompositeTest2_CompiledCompositeActor.class
-rw-rw-r--   1 travis travis  14919 Jul 11 02:11 JavaCompiledCompositeTest2_CompiledCompositeActor.java
-rw-rw-r--   1 travis travis   1793 Jul 11 02:11 JavaCompiledCompositeTest2_CompiledCompositeActor$_JavaCompiledCompositeTest2_CompiledCompositeActor.class
-rw-rw-r--   1 travis travis   1625 Jul 11 02:11 JavaCompiledCompositeTest2_CompiledCompositeActor.mk
-rw-rw-r--   1 travis travis   4708 Jul 11 02:11 JavaCompiledCompositeTest3_CompiledCompositeActor.class
-rw-rw-r--   1 travis travis  13080 Jul 11 02:11 JavaCompiledCompositeTest3_CompiledCompositeActor.java
-rw-rw-r--   1 travis travis   1378 Jul 11 02:11 JavaCompiledCompositeTest3_CompiledCompositeActor$_JavaCompiledCompositeTest3_CompiledCompositeActor.class
-rw-rw-r--   1 travis travis   1625 Jul 11 02:11 JavaCompiledCompositeTest3_CompiledCompositeActor.mk
-rw-rw-r--   1 travis travis   4159 Jul 11 02:11 JavaCompiledCompositeTest4_CompiledCompositeActor.class
-rw-rw-r--   1 travis travis   9687 Jul 11 02:11 JavaCompiledCompositeTest4_CompiledCompositeActor.java
-rw-rw-r--   1 travis travis    857 Jul 11 02:11 JavaCompiledCompositeTest4_CompiledCompositeActor$_JavaCompiledCompositeTest4_CompiledCompositeActor.class
-rw-rw-r--   1 travis travis   1625 Jul 11 02:11 JavaCompiledCompositeTest4_CompiledCompositeActor.mk
drwxrwxr-x   3 travis travis  12288 Jul 11 02:05 LookupTable
drwxrwxr-x   3 travis travis  20480 Jul 11 02:05 MaxIndex
-rw-rw-r--   1 travis travis   3925 Jul 11 02:11 ModularCG_A1_B1.class
In "/home/travis/cg", about to execute:
    javac -classpath
.:/home/travis/build/icyphy/ptII:/home/travis/build/icyphy/ptII/lib/bsh-2.0b4.j
ar:/home/travis/build/icyphy/ptII/lib/ptCal.jar:/home/travis/build/icyphy/ptII/
lib/java_cup.jar:/home/travis/build/icyphy/ptII/lib/saxon8.jar:/home/travis/bui
ld/icyphy/ptII/lib/saxon8-dom.jar:/home/travis/build/icyphy/ptII/lib/chic.jar:/
home/travis/build/icyphy/ptII/lib/ptcolt.jar:/home/travis/build/icyphy/ptII/ven
dors/misc/itext/iText.jar:/home/travis/build/icyphy/ptII/lib/g4ltl.jar:/home/tr
avis/build/icyphy/ptII/lib/StructuralCoder.jar:/home/travis/build/icyphy/ptII/v
endors/jai-1_1_2_01/lib/jai_core.jar:/home/travis/build/icyphy/ptII/vendors/jai
-1_1_2_01/lib/jai_codec.jar:/home/travis/build/icyphy/ptII/lib/jcerti.jar:/home
/travis/build/icyphy/ptII/lib/javax.mail.jar:/usr/share/java/openjfx/jre/lib/ex
t/jfxrt.jar:/usr/lib/jvm/java-8-openjdk-amd64/jre/lib/ext/jfxrt.jar:/home/travi
s/build/icyphy/ptII/vendors/JMF-2.1.1e/lib/jmf.jar:/home/travis/build/icyphy/pt
II/lib/jna-4.0.0-variadic.jar:/home/travis/build/icyphy/ptII/vendors/misc/joyst
ick/Joystick.jar:/home/travis/build/icyphy/ptII/lib/ptjacl.jar:/home/travis/bui
ld/icyphy/ptII/lib/jsoup-1.8.2.jar:/home/travis/build/icyphy/ptII/lib/junit-4.8
.2.jar:/home/travis/build/icyphy/ptII/lib/JUnitParams-0.4.0.jar:/home/travis/bu
ild/icyphy/ptII/ptolemy/actor/lib/excel/jxl.jar:/home/travis/build/icyphy/ptII/
lib/jython.jar:/home/travis/build/icyphy/ptII/lib/kieler.jar:/home/travis/build
/icyphy/ptII/lib/opencv-341.jar:/home/travis/build/icyphy/ptII/lib/oscP5.jar:/h
ome/travis/build/icyphy/ptII/lib/nrjavaserial-3.11.0.devel.jar:/home/travis/bui
ld/icyphy/ptII/vendors/j3d/lib/j3dcore.jar:/home/travis/build/icyphy/ptII/vendo
rs/j3d/lib/j3dutils.jar:/home/travis/build/icyphy/ptII/vendors/j3d/lib/vecmath.
jar:/home/travis/build/icyphy/ptII/ptolemy/distributed/jini/jar/jini-core.jar:/
home/travis/build/icyphy/ptII/ptolemy/distributed/jini/jar/jini-ext.jar:/home/t
ravis/build/icyphy/ptII/ptolemy/distributed/jini/jar/sun-util.jar:/home/travis/
build/icyphy/ptII/lib/protobuf-java-2.4.1.jar:/home/travis/build/icyphy/ptII/li
b/org.eclipse.paho.client.mqttv3.jar:/home/travis/build/icyphy/ptII/lib/mapss.j
ar:/home/travis/build/icyphy/ptII/ptolemy/actor/ptalon/antlr/antlr.jar:/home/tr
avis/build/icyphy/ptII/lib/JRI.jar:/home/travis/build/icyphy/ptII/lib/commons-l
ang-2.6.jar:/home/travis/build/icyphy/ptII/lib/commons-logging-1.1.1.jar:/home/
travis/build/icyphy/ptII/lib/sootclasses.jar:/home/travis/build/icyphy/ptII/pto
lemy/actor/lib/database/mysql-connector-java-5.1.6-bin.jar:/home/travis/build/i
cyphy/ptII/vendors/misc/sphinx4/sphinx4-data-5prealpha.jar:/home/travis/build/i
cyphy/ptII/vendors/misc/sphinx4/sphinx4-core-5prealpha.jar:/home/travis/build/i
cyphy/ptII/lib/PDFRenderer.jar:/home/travis/build/icyphy/ptII/lib/svgSalamander
.jar:/home/travis/build/icyphy/ptII/lib/rsyntaxtextarea-2.6.0-SNAPSHOT.jar:/hom
e/travis/build/icyphy/ptII/lib/hazelcast-3.8.2.jar:/home/travis/build/icyphy/pt
II/lib/jackson-annotations-2.9.0.jar:/home/travis/build/icyphy/ptII/lib/jackson
-core-2.9.3.jar:/home/travis/build/icyphy/ptII/lib/jackson-databind-2.9.3.jar:/
home/travis/build/icyphy/ptII/lib/netty-buffer-4.1.19.Final.jar:/home/travis/bu
ild/icyphy/ptII/lib/netty-codec-4.1.19.Final.jar:/home/travis/build/icyphy/ptII
/lib/netty-codec-dns-4.1.19.Final.jar:/home/travis/build/icyphy/ptII/lib/netty-
codec-http-4.1.19.Final.jar:/home/travis/build/icyphy/ptII/lib/netty-codec-http
2-4.1.19.Final.jar:/home/travis/build/icyphy/ptII/lib/netty-common-4.1.19.Final
.jar:/home/travis/build/icyphy/ptII/lib/netty-handler-4.1.19.Final.jar:/home/tr
avis/build/icyphy/ptII/lib/netty-resolver-4.1.19.Final.jar:/home/travis/build/i
cyphy/ptII/lib/netty-resolver-dns-4.1.19.Final.jar:/home/travis/build/icyphy/pt
II/lib/netty-transport-4.1.19.Final.jar:/home/travis/build/icyphy/ptII/lib/vert
x-codegen-3.5.1.jar:/home/travis/build/icyphy/ptII/lib/vertx-core-3.5.2-SNAPSHO
T.jar:/home/travis/build/icyphy/ptII/lib/vertx-hazelcast-3.5.1.jar:/home/travis
/build/icyphy/ptII/lib/vertx-lang-js-3.5.1.jar:/home/travis/build/icyphy/ptII/l
ib/vertx-service-proxy-3.5.1.jar:/home/travis/build/icyphy/ptII/lib/vertx-web-3
.5.1.jar:/home/travis/build/icyphy/ptII/lib/slf4j-api-1.7.13.jar:/home/travis/b
uild/icyphy/ptII/lib/slf4j-simple-1.7.13.jar:/home/travis/build/icyphy/ptII/lib
/webcam-capture-0.3.12.jar:/home/travis/build/icyphy/ptII/lib/bridj-0.7.0.jar:/
home/travis/build/icyphy/ptII/lib/xbjlib-1.1.0.nrjavaserial.jar:/home/travis/bu
ild/icyphy/ptII/ptolemy/moml/test:/home/travis/build/icyphy/ptII/ant/lib/ant-la
uncher.jar:/home/travis/build/icyphy/ptII/ant/lib/ant.jar:/home/travis/build/ic
yphy/ptII/ant/lib/ant-junit.jar:/home/travis/build/icyphy/ptII/ant/lib/ant-juni
t4.jar:/home/travis/build/icyphy/ptII ModularCodeGen4_A2_B1_profile.java
-rw-rw-r--   1 travis travis   9730 Jul 11 02:11 ModularCG_A1_B1.java
-rw-rw-r--   1 travis travis    832 Jul 11 02:11 ModularCG_A1_B1.mk
-rw-rw-r--   1 travis travis   1318 Jul 11 02:11 ModularCG_A1_B1_profile.class
-rw-rw-r--   1 travis travis   1262 Jul 11 02:11 ModularCG_A1_B1_profile.java
-rw-rw-r--   1 travis travis   3925 Jul 11 02:11 ModularCG_A1_B2.class
-rw-rw-r--   1 travis travis   9730 Jul 11 02:11 ModularCG_A1_B2.java
-rw-rw-r--   1 travis travis    832 Jul 11 02:11 ModularCG_A1_B2.mk
-rw-rw-r--   1 travis travis   1318 Jul 11 02:11 ModularCG_A1_B2_profile.class
-rw-rw-r--   1 travis travis   1262 Jul 11 02:11 ModularCG_A1_B2_profile.java
-rw-rw-r--   1 travis travis   5031 Jul 11 02:11 ModularCG_A1.class
-rw-rw-r--   1 travis travis  14742 Jul 11 02:11 ModularCG_A1.java
-rw-rw-r--   1 travis travis    808 Jul 11 02:11 ModularCG_A1.mk
-rw-rw-r--   1 travis travis   1433 Jul 11 02:11 ModularCG_A1_profile.class
-rw-rw-r--   1 travis travis   1704 Jul 11 02:11 ModularCG_A1_profile.java
-rw-rw-r--   1 travis travis   4059 Jul 11 02:11 ModularCG_A2_B1.class
-rw-rw-r--   1 travis travis  10667 Jul 11 02:11 ModularCG_A2_B1.java
-rw-rw-r--   1 travis travis    832 Jul 11 02:11 ModularCG_A2_B1.mk
-rw-rw-r--   1 travis travis   1381 Jul 11 02:11 ModularCG_A2_B1_profile.class
-rw-rw-r--   1 travis travis   1446 Jul 11 02:11 ModularCG_A2_B1_profile.java
-rw-rw-r--   1 travis travis   3925 Jul 11 02:11 ModularCG_A2_B2.class
-rw-rw-r--   1 travis travis   9730 Jul 11 02:11 ModularCG_A2_B2.java
-rw-rw-r--   1 travis travis    832 Jul 11 02:11 ModularCG_A2_B2.mk
-rw-rw-r--   1 travis travis   1318 Jul 11 02:11 ModularCG_A2_B2_profile.class
-rw-rw-r--   1 travis travis   1262 Jul 11 02:11 ModularCG_A2_B2_profile.java
-rw-rw-r--   1 travis travis   5102 Jul 11 02:11 ModularCG_A2.class
-rw-rw-r--   1 travis travis  15129 Jul 11 02:11 ModularCG_A2.java
-rw-rw-r--   1 travis travis    808 Jul 11 02:11 ModularCG_A2.mk
-rw-rw-r--   1 travis travis   1433 Jul 11 02:11 ModularCG_A2_profile.class
-rw-rw-r--   1 travis travis   1704 Jul 11 02:11 ModularCG_A2_profile.java
-rw-rw-r--   1 travis travis   3705 Jul 11 02:12 ModularCGPubSub_A1_A2.class
-rw-rw-r--   1 travis travis   9076 Jul 11 02:11 ModularCGPubSub_A1_A2.java
-rw-rw-r--   1 travis travis    880 Jul 11 02:11 ModularCGPubSub_A1_A2.mk
-rw-rw-r--   1 travis travis   1300 Jul 11 02:11 ModularCGPubSub_A1_A2_profile.class
-rw-rw-r--   1 travis travis   1222 Jul 11 02:11 ModularCGPubSub_A1_A2_profile.java
-rw-rw-r--   1 travis travis   4022 Jul 11 02:12 ModularCGPubSub_A1.class
-rw-rw-r--   1 travis travis   9836 Jul 11 02:12 ModularCGPubSub_A1.java
-rw-rw-r--   1 travis travis    856 Jul 11 02:12 ModularCGPubSub_A1.mk
-rw-rw-r--   1 travis travis   1346 Jul 11 02:12 ModularCGPubSub_A1_profile.class
-rw-rw-r--   1 travis travis   1388 Jul 11 02:12 ModularCGPubSub_A1_profile.java
-rw-rw-r--   1 travis travis   4220 Jul 11 02:12 ModularCodeGen2_ModularCodeGenTypedCompositeActor.class
-rw-rw-r--   1 travis travis  11690 Jul 11 02:12 ModularCodeGen2_ModularCodeGenTypedCompositeActor.java
-rw-rw-r--   1 travis travis   1104 Jul 11 02:12 ModularCodeGen2_ModularCodeGenTypedCompositeActor.mk
-rw-rw-r--   1 travis travis   4504 Jul 11 02:12 ModularCodeGen2_ModularCodeGenTypedCompositeActor_ModularCodeGenTypedCompositeActor.class
-rw-rw-r--   1 travis travis  11790 Jul 11 02:12 ModularCodeGen2_ModularCodeGenTypedCompositeActor_ModularCodeGenTypedCompositeActor.java
-rw-rw-r--   1 travis travis   1376 Jul 11 02:12 ModularCodeGen2_ModularCodeGenTypedCompositeActor_ModularCodeGenTypedCompositeActor.mk
-rw-rw-r--   1 travis travis   1421 Jul 11 02:12 ModularCodeGen2_ModularCodeGenTypedCompositeActor_ModularCodeGenTypedCompositeActor_profile.class
-rw-rw-r--   1 travis travis   1294 Jul 11 02:12 ModularCodeGen2_ModularCodeGenTypedCompositeActor_ModularCodeGenTypedCompositeActor_profile.java
-rw-rw-r--   1 travis travis    820 Jul 11 02:12 ModularCodeGen2_ModularCodeGenTypedCompositeActor_profile.class
-rw-rw-r--   1 travis travis    693 Jul 11 02:12 ModularCodeGen2_ModularCodeGenTypedCompositeActor_profile.java
-rw-rw-r--   1 travis travis   3973 Jul 11 02:12 ModularCodeGen3_A1_B1.class
-rw-rw-r--   1 travis travis   9958 Jul 11 02:12 ModularCodeGen3_A1_B1.java
-rw-rw-r--   1 travis travis    880 Jul 11 02:12 ModularCodeGen3_A1_B1.mk
-rw-rw-r--   1 travis travis   1330 Jul 11 02:12 ModularCodeGen3_A1_B1_profile.class
-rw-rw-r--   1 travis travis   1274 Jul 11 02:12 ModularCodeGen3_A1_B1_profile.java
-rw-rw-r--   1 travis travis   3973 Jul 11 02:12 ModularCodeGen3_A1_B2.class
-rw-rw-r--   1 travis travis   9958 Jul 11 02:12 ModularCodeGen3_A1_B2.java
-rw-rw-r--   1 travis travis    880 Jul 11 02:12 ModularCodeGen3_A1_B2.mk
-rw-rw-r--   1 travis travis   1330 Jul 11 02:12 ModularCodeGen3_A1_B2_profile.class
-rw-rw-r--   1 travis travis   1274 Jul 11 02:12 ModularCodeGen3_A1_B2_profile.java
-rw-rw-r--   1 travis travis   5193 Jul 11 02:12 ModularCodeGen3_A1.class
-rw-rw-r--   1 travis travis  15564 Jul 11 02:12 ModularCodeGen3_A1.java
-rw-rw-r--   1 travis travis    856 Jul 11 02:12 ModularCodeGen3_A1.mk
-rw-rw-r--   1 travis travis   1445 Jul 11 02:12 ModularCodeGen3_A1_profile.class
-rw-rw-r--   1 travis travis   1716 Jul 11 02:12 ModularCodeGen3_A1_profile.java
-rw-rw-r--   1 travis travis   4119 Jul 11 02:12 ModularCodeGen3_A2_B1.class
-rw-rw-r--   1 travis travis  10955 Jul 11 02:12 ModularCodeGen3_A2_B1.java
-rw-rw-r--   1 travis travis    880 Jul 11 02:12 ModularCodeGen3_A2_B1.mk
-rw-rw-r--   1 travis travis   1393 Jul 11 02:12 ModularCodeGen3_A2_B1_profile.class
-rw-rw-r--   1 travis travis   1458 Jul 11 02:12 ModularCodeGen3_A2_B1_profile.java
-rw-rw-r--   1 travis travis   3973 Jul 11 02:12 ModularCodeGen3_A2_B2.class
-rw-rw-r--   1 travis travis   9958 Jul 11 02:12 ModularCodeGen3_A2_B2.java
-rw-rw-r--   1 travis travis    880 Jul 11 02:12 ModularCodeGen3_A2_B2.mk
-rw-rw-r--   1 travis travis   1330 Jul 11 02:12 ModularCodeGen3_A2_B2_profile.class
-rw-rw-r--   1 travis travis   1274 Jul 11 02:12 ModularCodeGen3_A2_B2_profile.java
-rw-rw-r--   1 travis travis   5270 Jul 11 02:12 ModularCodeGen3_A2.class
-rw-rw-r--   1 travis travis  15957 Jul 11 02:12 ModularCodeGen3_A2.java
-rw-rw-r--   1 travis travis    856 Jul 11 02:12 ModularCodeGen3_A2.mk
-rw-rw-r--   1 travis travis   1445 Jul 11 02:12 ModularCodeGen3_A2_profile.class
-rw-rw-r--   1 travis travis   1716 Jul 11 02:12 ModularCodeGen3_A2_profile.java
-rw-rw-r--   1 travis travis   4026 Jul 11 02:12 ModularCodeGen4_A1_B1.class
-rw-rw-r--   1 travis travis  10312 Jul 11 02:12 ModularCodeGen4_A1_B1.java
-rw-rw-r--   1 travis travis    880 Jul 11 02:12 ModularCodeGen4_A1_B1.mk
-rw-rw-r--   1 travis travis   1330 Jul 11 02:12 ModularCodeGen4_A1_B1_profile.class
-rw-rw-r--   1 travis travis   1273 Jul 11 02:12 ModularCodeGen4_A1_B1_profile.java
-rw-rw-r--   1 travis travis   4026 Jul 11 02:12 ModularCodeGen4_A1_B2.class
-rw-rw-r--   1 travis travis  10312 Jul 11 02:12 ModularCodeGen4_A1_B2.java
-rw-rw-r--   1 travis travis    880 Jul 11 02:12 ModularCodeGen4_A1_B2.mk
-rw-rw-r--   1 travis travis   1330 Jul 11 02:12 ModularCodeGen4_A1_B2_profile.class
-rw-rw-r--   1 travis travis   1273 Jul 11 02:12 ModularCodeGen4_A1_B2_profile.java
-rw-rw-r--   1 travis travis   5333 Jul 11 02:12 ModularCodeGen4_A1.class
-rw-rw-r--   1 travis travis  16245 Jul 11 02:12 ModularCodeGen4_A1.java
-rw-rw-r--   1 travis travis    856 Jul 11 02:12 ModularCodeGen4_A1.mk
-rw-rw-r--   1 travis travis   1445 Jul 11 02:12 ModularCodeGen4_A1_profile.class
-rw-rw-r--   1 travis travis   1712 Jul 11 02:12 ModularCodeGen4_A1_profile.java
-rw-rw-r--   1 travis travis   1454 Jul 11 02:12 ModularCodeGen4_A2_B1_profile.java
-rw-rw-r--   1 travis travis   4186 Jul 11 02:12 ModularCodeGen_ModularCodeGenTypedCompositeActor.class
-rw-rw-r--   1 travis travis  10970 Jul 11 02:12 ModularCodeGen_ModularCodeGenTypedCompositeActor.java
-rw-rw-r--   1 travis travis   1096 Jul 11 02:12 ModularCodeGen_ModularCodeGenTypedCompositeActor.mk
-rw-rw-r--   1 travis travis   1384 Jul 11 02:12 ModularCodeGen_ModularCodeGenTypedCompositeActor_profile.class
-rw-rw-r--   1 travis travis   1328 Jul 11 02:12 ModularCodeGen_ModularCodeGenTypedCompositeActor_profile.java
-rw-rw-r--   1 travis travis   3724 Jul 11 02:11 ModularCodeGenTest_A1_A2.class
-rw-rw-r--   1 travis travis   9164 Jul 11 02:11 ModularCodeGenTest_A1_A2.java
-rw-rw-r--   1 travis travis   1306 Jul 11 02:11 ModularCodeGenTest_A1_A2_profile.class
-rw-rw-r--   1 travis travis   4055 Jul 11 02:11 ModularCodeGenTest_A1.class
-rw-rw-r--   1 travis travis   9968 Jul 11 02:11 ModularCodeGenTest_A1.java
-rw-rw-r--   1 travis travis    880 Jul 11 02:11 ModularCodeGenTest_A1.mk
-rw-rw-r--   1 travis travis   1352 Jul 11 02:11 ModularCodeGenTest_A1_profile.class
-rw-rw-r--   1 travis travis   1394 Jul 11 02:11 ModularCodeGenTest_A1_profile.java
drwxrwxr-x   3 travis travis  32768 Jul 11 02:10 modulation2
drwxrwxr-x 139 travis travis  12288 Jul 11 02:11 node_modules
drwxrwxr-x   3 travis travis  20480 Jul 11 02:06 PhaseUnwrap
drwxrwxr-x   3 travis travis  12288 Jul 11 02:06 ReadFile1
-rw-rw-r--   1 travis travis     11 Jul 11 02:06 ReadFile1Output.txt
-rw-rw-r--   1 travis travis   9615 Jul 11 02:11 Repeat.class
-rw-rw-r--   1 travis travis    666 Jul 11 02:11 Repeat$_fireFunction_Repeat_Repeat$__f_sL_11.class
-rw-rw-r--   1 travis travis    522 Jul 11 02:11 Repeat$_fireFunction_Repeat_Repeat$__f_sL_12.class
-rw-rw-r--   1 travis travis    522 Jul 11 02:11 Repeat$_fireFunction_Repeat_Repeat$__f_sL_13.class
-rw-rw-r--   1 travis travis    522 Jul 11 02:11 Repeat$_fireFunction_Repeat_Repeat$__f_sL_14.class
-rw-rw-r--   1 travis travis    665 Jul 11 02:11 Repeat$_fireFunction_Repeat_Repeat$__f_sL_1.class
-rw-rw-r--   1 travis travis    664 Jul 11 02:11 Repeat$_fireFunction_Repeat_Repeat$__f_sL_4.class
-rw-rw-r--   1 travis travis    520 Jul 11 02:11 Repeat$_fireFunction_Repeat_Repeat$__f_sL_9.class
-rw-rw-r--   1 travis travis    475 Jul 11 02:11 Repeat$_initialize_Repeat$__i_sL_2.class
-rw-rw-r--   1 travis travis   1281 Jul 11 02:10 Repeat.mk
-rw-rw-r--   1 travis travis    520 Jul 11 02:11 Repeat$_preinitializeMethod_Repeat$__p_sL_0.class
-rw-rw-r--   1 travis travis   1083 Jul 11 02:11 Repeat$_Repeat$_fireFunction_Repeat_AddSubtract_Repeat.class
-rw-rw-r--   1 travis travis    791 Jul 11 02:11 Repeat$_Repeat$_fireFunction_Repeat_AddSubtract_Repeat$__f_sL_0.class
-rw-rw-r--   1 travis travis    909 Jul 11 02:11 Repeat$_Repeat$_fireFunction_Repeat_AddSubtract_Repeat$__f_sL_1.class
-rw-rw-r--   1 travis travis    915 Jul 11 02:11 Repeat$_Repeat$_fireFunction_Repeat_AddSubtract_Repeat$__f_sL_2.class
-rw-rw-r--   1 travis travis    843 Jul 11 02:11 Repeat$_Repeat$_fireFunction_Repeat_AddSubtract_Repeat$__f_sL_3.class
-rw-rw-r--   1 travis travis    738 Jul 11 02:11 Repeat$_Repeat$_fireFunction_Repeat_Ramp2_Repeat$__f_sL_0.class
-rw-rw-r--   1 travis travis    869 Jul 11 02:11 Repeat$_Repeat$_fireFunction_Repeat_Test_Repeat$__f_sL_0.class
-rw-rw-r--   1 travis travis    615 Jul 11 02:11 Repeat$_Repeat$_fireFunction_Repeat_Test_Repeat$__f_sL_1.class
-rw-rw-r--   1 travis travis    685 Jul 11 02:11 Repeat$_Repeat_SDF_Director_run_Repeat$__R_sL_0.class
-rw-rw-r--   1 travis travis    686 Jul 11 02:11 Repeat$_Repeat_SDF_Director_run_Repeat$__R_sL_11.class
-rw-rw-r--   1 travis travis    542 Jul 11 02:11 Repeat$_Repeat_SDF_Director_run_Repeat$__R_sL_13.class
-rw-rw-r--   1 travis travis    540 Jul 11 02:11 Repeat$_Repeat_SDF_Director_run_Repeat$__R_sL_2.class
-rw-rw-r--   1 travis travis    684 Jul 11 02:11 Repeat$_Repeat_SDF_Director_run_Repeat$__R_sL_3.class
-rw-rw-r--   1 travis travis    540 Jul 11 02:11 Repeat$_Repeat_SDF_Director_run_Repeat$__R_sL_5.class
-rw-rw-r--   1 travis travis    540 Jul 11 02:11 Repeat$_Repeat_SDF_Director_run_Repeat$__R_sL_8.class
drwxrwxr-x   2 travis travis   4096 Jul 11 02:11 RepeatVariables
-rw-rw-r--   1 travis travis    863 Jul 11 02:11 Repeat$_varinit_Repeat.class
-rw-rw-r--   1 travis travis    531 Jul 11 02:11 Repeat$_varinit_Repeat$__v_sL_2.class
-rw-rw-r--   1 travis travis    905 Jul 11 02:11 Repeat$_varinit_Repeat$__v_sL_4.class
-rw-rw-r--   1 travis travis    959 Jul 11 02:11 Repeat$_wrapup_Repeat$__w_sL_1.class
drwxrwxr-x   3 travis travis  20480 Jul 11 02:06 Sinewave
drwxrwxr-x   3 travis travis  32768 Jul 11 02:08 StringFunction
drwxrwxr-x   3 travis travis  12288 Jul 11 02:08 StringLength
drwxrwxr-x   3 travis travis  61440 Jul 11 02:09 StringMatches2
drwxrwxr-x   3 travis travis  61440 Jul 11 02:09 StringSimpleReplace
drwxrwxr-x   3 travis travis  65536 Jul 11 02:09 StringSubstring
drwxrwxr-x   3 travis travis  24576 Jul 11 02:09 StringSubstring2
drwxrwxr-x   3 travis travis  16384 Jul 11 02:10 time1
drwxrwxr-x   3 travis travis  12288 Jul 11 02:10 time5
-rw-rw-r--   1 travis travis    432 Jul 11 02:12 Token.class
-rw-rw-r--   1 travis travis    251 Jul 11 02:12 Token.java
-rwxrwxr-x   1 travis travis 466992 Jul 11 02:03 top
-rw-rw-r--   1 travis travis  20502 Jul 11 02:03 top.c
-rw-rw-r--   1 travis travis   3799 Jul 11 02:11 top.class
-rw-rw-r--   1 travis travis   1257 Jul 11 02:11 top.mk
All Done
Writing ModularCodeGen4_A2_B1.java in file:/home/travis/cg/ (11375 characters)
Reading "ptolemy/cg/kernel/generic/program/procedural/java/modular/makefile.in",
    writing "/home/travis/cg/ModularCodeGen4_A2_B1.mk"
Using ptolemy/cg/kernel/generic/program/procedural/java/modular/makefile.in
In "/home/travis/cg", about to execute:
    make -f ModularCodeGen4_A2_B1.mk
javac -classpath ".:.."    ModularCodeGen4_A2_B1.java
All Done
In "/home/travis/cg", about to execute:
    pwd
/home/travis/cg
In "/home/travis/cg", about to execute:
    ls -l
total 2040
drwxrwxr-x   3 travis travis  12288 Jul 11 02:04 AbsoluteValue
drwxrwxr-x   3 travis travis 102400 Jul 11 02:03 AllColt
drwxrwxr-x   3 travis travis  12288 Jul 11 02:04 Case1
-rw-rw-r--   1 travis travis   5104 Jul 11 02:11 CompiledCompositeActor_CompiledCompositeActor.class
-rw-rw-r--   1 travis travis   1592 Jul 11 02:11 CompiledCompositeActor_CompiledCompositeActor$_CompiledCompositeActor_CompiledCompositeActor.class
-rw-rw-r--   1 travis travis  13466 Jul 11 02:11 CompiledCompositeActor_CompiledCompositeActor.java
-rw-rw-r--   1 travis travis   1593 Jul 11 02:11 CompiledCompositeActor_CompiledCompositeActor.mk
drwxrwxr-x   5 travis travis   4096 Jul 11 02:03 fmi
drwxrwxr-x   3 travis travis  16384 Jul 11 02:05 Gaussian2
-rw-rw-r--   1 travis travis   4660 Jul 11 02:11 JavaCompiledCompositeTest1_CompiledCompositeActor.class
-rw-rw-r--   1 travis travis  11637 Jul 11 02:11 JavaCompiledCompositeTest1_CompiledCompositeActor.java
-rw-rw-r--   1 travis travis   1198 Jul 11 02:11 JavaCompiledCompositeTest1_CompiledCompositeActor$_JavaCompiledCompositeTest1_CompiledCompositeActor.class
-rw-rw-r--   1 travis travis   1625 Jul 11 02:11 JavaCompiledCompositeTest1_CompiledCompositeActor.mk
-rw-rw-r--   1 travis travis   5091 Jul 11 02:11 JavaCompiledCompositeTest2_CompiledCompositeActor.class
-rw-rw-r--   1 travis travis  14919 Jul 11 02:11 JavaCompiledCompositeTest2_CompiledCompositeActor.java
-rw-rw-r--   1 travis travis   1793 Jul 11 02:11 JavaCompiledCompositeTest2_CompiledCompositeActor$_JavaCompiledCompositeTest2_CompiledCompositeActor.class
-rw-rw-r--   1 travis travis   1625 Jul 11 02:11 JavaCompiledCompositeTest2_CompiledCompositeActor.mk
-rw-rw-r--   1 travis travis   4708 Jul 11 02:11 JavaCompiledCompositeTest3_CompiledCompositeActor.class
-rw-rw-r--   1 travis travis  13080 Jul 11 02:11 JavaCompiledCompositeTest3_CompiledCompositeActor.java
-rw-rw-r--   1 travis travis   1378 Jul 11 02:11 JavaCompiledCompositeTest3_CompiledCompositeActor$_JavaCompiledCompositeTest3_CompiledCompositeActor.class
-rw-rw-r--   1 travis travis   1625 Jul 11 02:11 JavaCompiledCompositeTest3_CompiledCompositeActor.mk
-rw-rw-r--   1 travis travis   4159 Jul 11 02:11 JavaCompiledCompositeTest4_CompiledCompositeActor.class
-rw-rw-r--   1 travis travis   9687 Jul 11 02:11 JavaCompiledCompositeTest4_CompiledCompositeActor.java
-rw-rw-r--   1 travis travis    857 Jul 11 02:11 JavaCompiledCompositeTest4_CompiledCompositeActor$_JavaCompiledCompositeTest4_CompiledCompositeActor.class
-rw-rw-r--   1 travis travis   1625 Jul 11 02:11 JavaCompiledCompositeTest4_CompiledCompositeActor.mk
drwxrwxr-x   3 travis travis  12288 Jul 11 02:05 LookupTable
drwxrwxr-x   3 travis travis  20480 Jul 11 02:05 MaxIndex
-rw-rw-r--   1 travis travis   3925 Jul 11 02:11 ModularCG_A1_B1.class
-rw-rw-r--   1 travis travis   9730 Jul 11 02:11 ModularCG_A1_B1.java
-rw-rw-r--   1 travis travis    832 Jul 11 02:11 ModularCG_A1_B1.mk
-rw-rw-r--   1 travis travis   1318 Jul 11 02:11 ModularCG_A1_B1_profile.class
-rw-rw-r--   1 travis travis   1262 Jul 11 02:11 ModularCG_A1_B1_profile.java
-rw-rw-r--   1 travis travis   3925 Jul 11 02:11 ModularCG_A1_B2.class
-rw-rw-r--   1 travis travis   9730 Jul 11 02:11 ModularCG_A1_B2.java
-rw-rw-r--   1 travis travis    832 Jul 11 02:11 ModularCG_A1_B2.mk
-rw-rw-r--   1 travis travis   1318 Jul 11 02:11 ModularCG_A1_B2_profile.class
-rw-rw-r--   1 travis travis   1262 Jul 11 02:11 ModularCG_A1_B2_profile.java
-rw-rw-r--   1 travis travis   5031 Jul 11 02:11 ModularCG_A1.class
-rw-rw-r--   1 travis travis  14742 Jul 11 02:11 ModularCG_A1.java
-rw-rw-r--   1 travis travis    808 Jul 11 02:11 ModularCG_A1.mk
-rw-rw-r--   1 travis travis   1433 Jul 11 02:11 ModularCG_A1_profile.class
-rw-rw-r--   1 travis travis   1704 Jul 11 02:11 ModularCG_A1_profile.java
-rw-rw-r--   1 travis travis   4059 Jul 11 02:11 ModularCG_A2_B1.class
-rw-rw-r--   1 travis travis  10667 Jul 11 02:11 ModularCG_A2_B1.java
-rw-rw-r--   1 travis travis    832 Jul 11 02:11 ModularCG_A2_B1.mk
-rw-rw-r--   1 travis travis   1381 Jul 11 02:11 ModularCG_A2_B1_profile.class
-rw-rw-r--   1 travis travis   1446 Jul 11 02:11 ModularCG_A2_B1_profile.java
-rw-rw-r--   1 travis travis   3925 Jul 11 02:11 ModularCG_A2_B2.class
-rw-rw-r--   1 travis travis   9730 Jul 11 02:11 ModularCG_A2_B2.java
-rw-rw-r--   1 travis travis    832 Jul 11 02:11 ModularCG_A2_B2.mk
-rw-rw-r--   1 travis travis   1318 Jul 11 02:11 ModularCG_A2_B2_profile.class
-rw-rw-r--   1 travis travis   1262 Jul 11 02:11 ModularCG_A2_B2_profile.java
-rw-rw-r--   1 travis travis   5102 Jul 11 02:11 ModularCG_A2.class
-rw-rw-r--   1 travis travis  15129 Jul 11 02:11 ModularCG_A2.java
-rw-rw-r--   1 travis travis    808 Jul 11 02:11 ModularCG_A2.mk
-rw-rw-r--   1 travis travis   1433 Jul 11 02:11 ModularCG_A2_profile.class
-rw-rw-r--   1 travis travis   1704 Jul 11 02:11 ModularCG_A2_profile.java
-rw-rw-r--   1 travis travis   3705 Jul 11 02:12 ModularCGPubSub_A1_A2.class
-rw-rw-r--   1 travis travis   9076 Jul 11 02:11 ModularCGPubSub_A1_A2.java
-rw-rw-r--   1 travis travis    880 Jul 11 02:11 ModularCGPubSub_A1_A2.mk
-rw-rw-r--   1 travis travis   1300 Jul 11 02:11 ModularCGPubSub_A1_A2_profile.class
-rw-rw-r--   1 travis travis   1222 Jul 11 02:11 ModularCGPubSub_A1_A2_profile.java
-rw-rw-r--   1 travis travis   4022 Jul 11 02:12 ModularCGPubSub_A1.class
-rw-rw-r--   1 travis travis   9836 Jul 11 02:12 ModularCGPubSub_A1.java
-rw-rw-r--   1 travis travis    856 Jul 11 02:12 ModularCGPubSub_A1.mk
-rw-rw-r--   1 travis travis   1346 Jul 11 02:12 ModularCGPubSub_A1_profile.class
-rw-rw-r--   1 travis travis   1388 Jul 11 02:12 ModularCGPubSub_A1_profile.java
-rw-rw-r--   1 travis travis   4220 Jul 11 02:12 ModularCodeGen2_ModularCodeGenTypedCompositeActor.class
-rw-rw-r--   1 travis travis  11690 Jul 11 02:12 ModularCodeGen2_ModularCodeGenTypedCompositeActor.java
-rw-rw-r--   1 travis travis   1104 Jul 11 02:12 ModularCodeGen2_ModularCodeGenTypedCompositeActor.mk
-rw-rw-r--   1 travis travis   4504 Jul 11 02:12 ModularCodeGen2_ModularCodeGenTypedCompositeActor_ModularCodeGenTypedCompositeActor.class
-rw-rw-r--   1 travis travis  11790 Jul 11 02:12 ModularCodeGen2_ModularCodeGenTypedCompositeActor_ModularCodeGenTypedCompositeActor.java
-rw-rw-r--   1 travis travis   1376 Jul 11 02:12 ModularCodeGen2_ModularCodeGenTypedCompositeActor_ModularCodeGenTypedCompositeActor.mk
-rw-rw-r--   1 travis travis   1421 Jul 11 02:12 ModularCodeGen2_ModularCodeGenTypedCompositeActor_ModularCodeGenTypedCompositeActor_profile.class
-rw-rw-r--   1 travis travis   1294 Jul 11 02:12 ModularCodeGen2_ModularCodeGenTypedCompositeActor_ModularCodeGenTypedCompositeActor_profile.java
-rw-rw-r--   1 travis travis    820 Jul 11 02:12 ModularCodeGen2_ModularCodeGenTypedCompositeActor_profile.class
-rw-rw-r--   1 travis travis    693 Jul 11 02:12 ModularCodeGen2_ModularCodeGenTypedCompositeActor_profile.java
-rw-rw-r--   1 travis travis   3973 Jul 11 02:12 ModularCodeGen3_A1_B1.class
In "/home/travis/cg", about to execute:
    javac -classpath
.:/home/travis/build/icyphy/ptII:/home/travis/build/icyphy/ptII/lib/bsh-2.0b4.j
ar:/home/travis/build/icyphy/ptII/lib/ptCal.jar:/home/travis/build/icyphy/ptII/
lib/java_cup.jar:/home/travis/build/icyphy/ptII/lib/saxon8.jar:/home/travis/bui
ld/icyphy/ptII/lib/saxon8-dom.jar:/home/travis/build/icyphy/ptII/lib/chic.jar:/
home/travis/build/icyphy/ptII/lib/ptcolt.jar:/home/travis/build/icyphy/ptII/ven
dors/misc/itext/iText.jar:/home/travis/build/icyphy/ptII/lib/g4ltl.jar:/home/tr
avis/build/icyphy/ptII/lib/StructuralCoder.jar:/home/travis/build/icyphy/ptII/v
endors/jai-1_1_2_01/lib/jai_core.jar:/home/travis/build/icyphy/ptII/vendors/jai
-1_1_2_01/lib/jai_codec.jar:/home/travis/build/icyphy/ptII/lib/jcerti.jar:/home
/travis/build/icyphy/ptII/lib/javax.mail.jar:/usr/share/java/openjfx/jre/lib/ex
t/jfxrt.jar:/usr/lib/jvm/java-8-openjdk-amd64/jre/lib/ext/jfxrt.jar:/home/travi
s/build/icyphy/ptII/vendors/JMF-2.1.1e/lib/jmf.jar:/home/travis/build/icyphy/pt
II/lib/jna-4.0.0-variadic.jar:/home/travis/build/icyphy/ptII/vendors/misc/joyst
ick/Joystick.jar:/home/travis/build/icyphy/ptII/lib/ptjacl.jar:/home/travis/bui
ld/icyphy/ptII/lib/jsoup-1.8.2.jar:/home/travis/build/icyphy/ptII/lib/junit-4.8
.2.jar:/home/travis/build/icyphy/ptII/lib/JUnitParams-0.4.0.jar:/home/travis/bu
ild/icyphy/ptII/ptolemy/actor/lib/excel/jxl.jar:/home/travis/build/icyphy/ptII/
lib/jython.jar:/home/travis/build/icyphy/ptII/lib/kieler.jar:/home/travis/build
/icyphy/ptII/lib/opencv-341.jar:/home/travis/build/icyphy/ptII/lib/oscP5.jar:/h
ome/travis/build/icyphy/ptII/lib/nrjavaserial-3.11.0.devel.jar:/home/travis/bui
ld/icyphy/ptII/vendors/j3d/lib/j3dcore.jar:/home/travis/build/icyphy/ptII/vendo
rs/j3d/lib/j3dutils.jar:/home/travis/build/icyphy/ptII/vendors/j3d/lib/vecmath.
jar:/home/travis/build/icyphy/ptII/ptolemy/distributed/jini/jar/jini-core.jar:/
home/travis/build/icyphy/ptII/ptolemy/distributed/jini/jar/jini-ext.jar:/home/t
ravis/build/icyphy/ptII/ptolemy/distributed/jini/jar/sun-util.jar:/home/travis/
build/icyphy/ptII/lib/protobuf-java-2.4.1.jar:/home/travis/build/icyphy/ptII/li
b/org.eclipse.paho.client.mqttv3.jar:/home/travis/build/icyphy/ptII/lib/mapss.j
ar:/home/travis/build/icyphy/ptII/ptolemy/actor/ptalon/antlr/antlr.jar:/home/tr
avis/build/icyphy/ptII/lib/JRI.jar:/home/travis/build/icyphy/ptII/lib/commons-l
ang-2.6.jar:/home/travis/build/icyphy/ptII/lib/commons-logging-1.1.1.jar:/home/
travis/build/icyphy/ptII/lib/sootclasses.jar:/home/travis/build/icyphy/ptII/pto
lemy/actor/lib/database/mysql-connector-java-5.1.6-bin.jar:/home/travis/build/i
cyphy/ptII/vendors/misc/sphinx4/sphinx4-data-5prealpha.jar:/home/travis/build/i
cyphy/ptII/vendors/misc/sphinx4/sphinx4-core-5prealpha.jar:/home/travis/build/i
cyphy/ptII/lib/PDFRenderer.jar:/home/travis/build/icyphy/ptII/lib/svgSalamander
.jar:/home/travis/build/icyphy/ptII/lib/rsyntaxtextarea-2.6.0-SNAPSHOT.jar:/hom
e/travis/build/icyphy/ptII/lib/hazelcast-3.8.2.jar:/home/travis/build/icyphy/pt
II/lib/jackson-annotations-2.9.0.jar:/home/travis/build/icyphy/ptII/lib/jackson
-core-2.9.3.jar:/home/travis/build/icyphy/ptII/lib/jackson-databind-2.9.3.jar:/
home/travis/build/icyphy/ptII/lib/netty-buffer-4.1.19.Final.jar:/home/travis/bu
ild/icyphy/ptII/lib/netty-codec-4.1.19.Final.jar:/home/travis/build/icyphy/ptII
/lib/netty-codec-dns-4.1.19.Final.jar:/home/travis/build/icyphy/ptII/lib/netty-
codec-http-4.1.19.Final.jar:/home/travis/build/icyphy/ptII/lib/netty-codec-http
2-4.1.19.Final.jar:/home/travis/build/icyphy/ptII/lib/netty-common-4.1.19.Final
.jar:/home/travis/build/icyphy/ptII/lib/netty-handler-4.1.19.Final.jar:/home/tr
avis/build/icyphy/ptII/lib/netty-resolver-4.1.19.Final.jar:/home/travis/build/i
cyphy/ptII/lib/netty-resolver-dns-4.1.19.Final.jar:/home/travis/build/icyphy/pt
II/lib/netty-transport-4.1.19.Final.jar:/home/travis/build/icyphy/ptII/lib/vert
x-codegen-3.5.1.jar:/home/travis/build/icyphy/ptII/lib/vertx-core-3.5.2-SNAPSHO
T.jar:/home/travis/build/icyphy/ptII/lib/vertx-hazelcast-3.5.1.jar:/home/travis
/build/icyphy/ptII/lib/vertx-lang-js-3.5.1.jar:/home/travis/build/icyphy/ptII/l
ib/vertx-service-proxy-3.5.1.jar:/home/travis/build/icyphy/ptII/lib/vertx-web-3
.5.1.jar:/home/travis/build/icyphy/ptII/lib/slf4j-api-1.7.13.jar:/home/travis/b
uild/icyphy/ptII/lib/slf4j-simple-1.7.13.jar:/home/travis/build/icyphy/ptII/lib
/webcam-capture-0.3.12.jar:/home/travis/build/icyphy/ptII/lib/bridj-0.7.0.jar:/
home/travis/build/icyphy/ptII/lib/xbjlib-1.1.0.nrjavaserial.jar:/home/travis/bu
ild/icyphy/ptII/ptolemy/moml/test:/home/travis/build/icyphy/ptII/ant/lib/ant-la
uncher.jar:/home/travis/build/icyphy/ptII/ant/lib/ant.jar:/home/travis/build/ic
yphy/ptII/ant/lib/ant-junit.jar:/home/travis/build/icyphy/ptII/ant/lib/ant-juni
t4.jar:/home/travis/build/icyphy/ptII ModularCodeGen4_A2_B2_profile.java
-rw-rw-r--   1 travis travis   9958 Jul 11 02:12 ModularCodeGen3_A1_B1.java
-rw-rw-r--   1 travis travis    880 Jul 11 02:12 ModularCodeGen3_A1_B1.mk
-rw-rw-r--   1 travis travis   1330 Jul 11 02:12 ModularCodeGen3_A1_B1_profile.class
-rw-rw-r--   1 travis travis   1274 Jul 11 02:12 ModularCodeGen3_A1_B1_profile.java
-rw-rw-r--   1 travis travis   3973 Jul 11 02:12 ModularCodeGen3_A1_B2.class
-rw-rw-r--   1 travis travis   9958 Jul 11 02:12 ModularCodeGen3_A1_B2.java
-rw-rw-r--   1 travis travis    880 Jul 11 02:12 ModularCodeGen3_A1_B2.mk
-rw-rw-r--   1 travis travis   1330 Jul 11 02:12 ModularCodeGen3_A1_B2_profile.class
-rw-rw-r--   1 travis travis   1274 Jul 11 02:12 ModularCodeGen3_A1_B2_profile.java
-rw-rw-r--   1 travis travis   5193 Jul 11 02:12 ModularCodeGen3_A1.class
-rw-rw-r--   1 travis travis  15564 Jul 11 02:12 ModularCodeGen3_A1.java
-rw-rw-r--   1 travis travis    856 Jul 11 02:12 ModularCodeGen3_A1.mk
-rw-rw-r--   1 travis travis   1445 Jul 11 02:12 ModularCodeGen3_A1_profile.class
-rw-rw-r--   1 travis travis   1716 Jul 11 02:12 ModularCodeGen3_A1_profile.java
-rw-rw-r--   1 travis travis   4119 Jul 11 02:12 ModularCodeGen3_A2_B1.class
-rw-rw-r--   1 travis travis  10955 Jul 11 02:12 ModularCodeGen3_A2_B1.java
-rw-rw-r--   1 travis travis    880 Jul 11 02:12 ModularCodeGen3_A2_B1.mk
-rw-rw-r--   1 travis travis   1393 Jul 11 02:12 ModularCodeGen3_A2_B1_profile.class
-rw-rw-r--   1 travis travis   1458 Jul 11 02:12 ModularCodeGen3_A2_B1_profile.java
-rw-rw-r--   1 travis travis   3973 Jul 11 02:12 ModularCodeGen3_A2_B2.class
-rw-rw-r--   1 travis travis   9958 Jul 11 02:12 ModularCodeGen3_A2_B2.java
-rw-rw-r--   1 travis travis    880 Jul 11 02:12 ModularCodeGen3_A2_B2.mk
-rw-rw-r--   1 travis travis   1330 Jul 11 02:12 ModularCodeGen3_A2_B2_profile.class
-rw-rw-r--   1 travis travis   1274 Jul 11 02:12 ModularCodeGen3_A2_B2_profile.java
-rw-rw-r--   1 travis travis   5270 Jul 11 02:12 ModularCodeGen3_A2.class
-rw-rw-r--   1 travis travis  15957 Jul 11 02:12 ModularCodeGen3_A2.java
-rw-rw-r--   1 travis travis    856 Jul 11 02:12 ModularCodeGen3_A2.mk
-rw-rw-r--   1 travis travis   1445 Jul 11 02:12 ModularCodeGen3_A2_profile.class
-rw-rw-r--   1 travis travis   1716 Jul 11 02:12 ModularCodeGen3_A2_profile.java
-rw-rw-r--   1 travis travis   4026 Jul 11 02:12 ModularCodeGen4_A1_B1.class
-rw-rw-r--   1 travis travis  10312 Jul 11 02:12 ModularCodeGen4_A1_B1.java
-rw-rw-r--   1 travis travis    880 Jul 11 02:12 ModularCodeGen4_A1_B1.mk
-rw-rw-r--   1 travis travis   1330 Jul 11 02:12 ModularCodeGen4_A1_B1_profile.class
-rw-rw-r--   1 travis travis   1273 Jul 11 02:12 ModularCodeGen4_A1_B1_profile.java
-rw-rw-r--   1 travis travis   4026 Jul 11 02:12 ModularCodeGen4_A1_B2.class
-rw-rw-r--   1 travis travis  10312 Jul 11 02:12 ModularCodeGen4_A1_B2.java
-rw-rw-r--   1 travis travis    880 Jul 11 02:12 ModularCodeGen4_A1_B2.mk
-rw-rw-r--   1 travis travis   1330 Jul 11 02:12 ModularCodeGen4_A1_B2_profile.class
-rw-rw-r--   1 travis travis   1273 Jul 11 02:12 ModularCodeGen4_A1_B2_profile.java
-rw-rw-r--   1 travis travis   5333 Jul 11 02:12 ModularCodeGen4_A1.class
-rw-rw-r--   1 travis travis  16245 Jul 11 02:12 ModularCodeGen4_A1.java
-rw-rw-r--   1 travis travis    856 Jul 11 02:12 ModularCodeGen4_A1.mk
-rw-rw-r--   1 travis travis   1445 Jul 11 02:12 ModularCodeGen4_A1_profile.class
-rw-rw-r--   1 travis travis   1712 Jul 11 02:12 ModularCodeGen4_A1_profile.java
-rw-rw-r--   1 travis travis   4220 Jul 11 02:12 ModularCodeGen4_A2_B1.class
-rw-rw-r--   1 travis travis  11375 Jul 11 02:12 ModularCodeGen4_A2_B1.java
-rw-rw-r--   1 travis travis    880 Jul 11 02:12 ModularCodeGen4_A2_B1.mk
-rw-rw-r--   1 travis travis   1393 Jul 11 02:12 ModularCodeGen4_A2_B1_profile.class
-rw-rw-r--   1 travis travis   1454 Jul 11 02:12 ModularCodeGen4_A2_B1_profile.java
-rw-rw-r--   1 travis travis   1270 Jul 11 02:12 ModularCodeGen4_A2_B2_profile.java
-rw-rw-r--   1 travis travis   4186 Jul 11 02:12 ModularCodeGen_ModularCodeGenTypedCompositeActor.class
-rw-rw-r--   1 travis travis  10970 Jul 11 02:12 ModularCodeGen_ModularCodeGenTypedCompositeActor.java
-rw-rw-r--   1 travis travis   1096 Jul 11 02:12 ModularCodeGen_ModularCodeGenTypedCompositeActor.mk
-rw-rw-r--   1 travis travis   1384 Jul 11 02:12 ModularCodeGen_ModularCodeGenTypedCompositeActor_profile.class
-rw-rw-r--   1 travis travis   1328 Jul 11 02:12 ModularCodeGen_ModularCodeGenTypedCompositeActor_profile.java
-rw-rw-r--   1 travis travis   3724 Jul 11 02:11 ModularCodeGenTest_A1_A2.class
-rw-rw-r--   1 travis travis   9164 Jul 11 02:11 ModularCodeGenTest_A1_A2.java
-rw-rw-r--   1 travis travis   1306 Jul 11 02:11 ModularCodeGenTest_A1_A2_profile.class
-rw-rw-r--   1 travis travis   4055 Jul 11 02:11 ModularCodeGenTest_A1.class
-rw-rw-r--   1 travis travis   9968 Jul 11 02:11 ModularCodeGenTest_A1.java
-rw-rw-r--   1 travis travis    880 Jul 11 02:11 ModularCodeGenTest_A1.mk
-rw-rw-r--   1 travis travis   1352 Jul 11 02:11 ModularCodeGenTest_A1_profile.class
-rw-rw-r--   1 travis travis   1394 Jul 11 02:11 ModularCodeGenTest_A1_profile.java
drwxrwxr-x   3 travis travis  32768 Jul 11 02:10 modulation2
drwxrwxr-x 139 travis travis  12288 Jul 11 02:11 node_modules
drwxrwxr-x   3 travis travis  20480 Jul 11 02:06 PhaseUnwrap
drwxrwxr-x   3 travis travis  12288 Jul 11 02:06 ReadFile1
-rw-rw-r--   1 travis travis     11 Jul 11 02:06 ReadFile1Output.txt
-rw-rw-r--   1 travis travis   9615 Jul 11 02:11 Repeat.class
-rw-rw-r--   1 travis travis    666 Jul 11 02:11 Repeat$_fireFunction_Repeat_Repeat$__f_sL_11.class
-rw-rw-r--   1 travis travis    522 Jul 11 02:11 Repeat$_fireFunction_Repeat_Repeat$__f_sL_12.class
-rw-rw-r--   1 travis travis    522 Jul 11 02:11 Repeat$_fireFunction_Repeat_Repeat$__f_sL_13.class
-rw-rw-r--   1 travis travis    522 Jul 11 02:11 Repeat$_fireFunction_Repeat_Repeat$__f_sL_14.class
-rw-rw-r--   1 travis travis    665 Jul 11 02:11 Repeat$_fireFunction_Repeat_Repeat$__f_sL_1.class
-rw-rw-r--   1 travis travis    664 Jul 11 02:11 Repeat$_fireFunction_Repeat_Repeat$__f_sL_4.class
-rw-rw-r--   1 travis travis    520 Jul 11 02:11 Repeat$_fireFunction_Repeat_Repeat$__f_sL_9.class
-rw-rw-r--   1 travis travis    475 Jul 11 02:11 Repeat$_initialize_Repeat$__i_sL_2.class
-rw-rw-r--   1 travis travis   1281 Jul 11 02:10 Repeat.mk
-rw-rw-r--   1 travis travis    520 Jul 11 02:11 Repeat$_preinitializeMethod_Repeat$__p_sL_0.class
-rw-rw-r--   1 travis travis   1083 Jul 11 02:11 Repeat$_Repeat$_fireFunction_Repeat_AddSubtract_Repeat.class
-rw-rw-r--   1 travis travis    791 Jul 11 02:11 Repeat$_Repeat$_fireFunction_Repeat_AddSubtract_Repeat$__f_sL_0.class
-rw-rw-r--   1 travis travis    909 Jul 11 02:11 Repeat$_Repeat$_fireFunction_Repeat_AddSubtract_Repeat$__f_sL_1.class
-rw-rw-r--   1 travis travis    915 Jul 11 02:11 Repeat$_Repeat$_fireFunction_Repeat_AddSubtract_Repeat$__f_sL_2.class
-rw-rw-r--   1 travis travis    843 Jul 11 02:11 Repeat$_Repeat$_fireFunction_Repeat_AddSubtract_Repeat$__f_sL_3.class
-rw-rw-r--   1 travis travis    738 Jul 11 02:11 Repeat$_Repeat$_fireFunction_Repeat_Ramp2_Repeat$__f_sL_0.class
-rw-rw-r--   1 travis travis    869 Jul 11 02:11 Repeat$_Repeat$_fireFunction_Repeat_Test_Repeat$__f_sL_0.class
-rw-rw-r--   1 travis travis    615 Jul 11 02:11 Repeat$_Repeat$_fireFunction_Repeat_Test_Repeat$__f_sL_1.class
-rw-rw-r--   1 travis travis    685 Jul 11 02:11 Repeat$_Repeat_SDF_Director_run_Repeat$__R_sL_0.class
-rw-rw-r--   1 travis travis    686 Jul 11 02:11 Repeat$_Repeat_SDF_Director_run_Repeat$__R_sL_11.class
-rw-rw-r--   1 travis travis    542 Jul 11 02:11 Repeat$_Repeat_SDF_Director_run_Repeat$__R_sL_13.class
-rw-rw-r--   1 travis travis    540 Jul 11 02:11 Repeat$_Repeat_SDF_Director_run_Repeat$__R_sL_2.class
-rw-rw-r--   1 travis travis    684 Jul 11 02:11 Repeat$_Repeat_SDF_Director_run_Repeat$__R_sL_3.class
-rw-rw-r--   1 travis travis    540 Jul 11 02:11 Repeat$_Repeat_SDF_Director_run_Repeat$__R_sL_5.class
-rw-rw-r--   1 travis travis    540 Jul 11 02:11 Repeat$_Repeat_SDF_Director_run_Repeat$__R_sL_8.class
drwxrwxr-x   2 travis travis   4096 Jul 11 02:11 RepeatVariables
-rw-rw-r--   1 travis travis    863 Jul 11 02:11 Repeat$_varinit_Repeat.class
-rw-rw-r--   1 travis travis    531 Jul 11 02:11 Repeat$_varinit_Repeat$__v_sL_2.class
-rw-rw-r--   1 travis travis    905 Jul 11 02:11 Repeat$_varinit_Repeat$__v_sL_4.class
-rw-rw-r--   1 travis travis    959 Jul 11 02:11 Repeat$_wrapup_Repeat$__w_sL_1.class
drwxrwxr-x   3 travis travis  20480 Jul 11 02:06 Sinewave
drwxrwxr-x   3 travis travis  32768 Jul 11 02:08 StringFunction
drwxrwxr-x   3 travis travis  12288 Jul 11 02:08 StringLength
drwxrwxr-x   3 travis travis  61440 Jul 11 02:09 StringMatches2
drwxrwxr-x   3 travis travis  61440 Jul 11 02:09 StringSimpleReplace
drwxrwxr-x   3 travis travis  65536 Jul 11 02:09 StringSubstring
drwxrwxr-x   3 travis travis  24576 Jul 11 02:09 StringSubstring2
drwxrwxr-x   3 travis travis  16384 Jul 11 02:10 time1
drwxrwxr-x   3 travis travis  12288 Jul 11 02:10 time5
-rw-rw-r--   1 travis travis    432 Jul 11 02:12 Token.class
-rw-rw-r--   1 travis travis    251 Jul 11 02:12 Token.java
-rwxrwxr-x   1 travis travis 466992 Jul 11 02:03 top
-rw-rw-r--   1 travis travis  20502 Jul 11 02:03 top.c
-rw-rw-r--   1 travis travis   3799 Jul 11 02:11 top.class
-rw-rw-r--   1 travis travis   1257 Jul 11 02:11 top.mk
All Done
Writing ModularCodeGen4_A2_B2.java in file:/home/travis/cg/ (10378 characters)
Reading "ptolemy/cg/kernel/generic/program/procedural/java/modular/makefile.in",
    writing "/home/travis/cg/ModularCodeGen4_A2_B2.mk"
Using ptolemy/cg/kernel/generic/program/procedural/java/modular/makefile.in
In "/home/travis/cg", about to execute:
    make -f ModularCodeGen4_A2_B2.mk
javac -classpath ".:.."    ModularCodeGen4_A2_B2.java
All Done
In "/home/travis/cg", about to execute:
    pwd
/home/travis/cg
In "/home/travis/cg", about to execute:
    ls -l
total 2068
drwxrwxr-x   3 travis travis  12288 Jul 11 02:04 AbsoluteValue
drwxrwxr-x   3 travis travis 102400 Jul 11 02:03 AllColt
drwxrwxr-x   3 travis travis  12288 Jul 11 02:04 Case1
-rw-rw-r--   1 travis travis   5104 Jul 11 02:11 CompiledCompositeActor_CompiledCompositeActor.class
-rw-rw-r--   1 travis travis   1592 Jul 11 02:11 CompiledCompositeActor_CompiledCompositeActor$_CompiledCompositeActor_CompiledCompositeActor.class
-rw-rw-r--   1 travis travis  13466 Jul 11 02:11 CompiledCompositeActor_CompiledCompositeActor.java
-rw-rw-r--   1 travis travis   1593 Jul 11 02:11 CompiledCompositeActor_CompiledCompositeActor.mk
drwxrwxr-x   5 travis travis   4096 Jul 11 02:03 fmi
drwxrwxr-x   3 travis travis  16384 Jul 11 02:05 Gaussian2
-rw-rw-r--   1 travis travis   4660 Jul 11 02:11 JavaCompiledCompositeTest1_CompiledCompositeActor.class
-rw-rw-r--   1 travis travis  11637 Jul 11 02:11 JavaCompiledCompositeTest1_CompiledCompositeActor.java
-rw-rw-r--   1 travis travis   1198 Jul 11 02:11 JavaCompiledCompositeTest1_CompiledCompositeActor$_JavaCompiledCompositeTest1_CompiledCompositeActor.class
-rw-rw-r--   1 travis travis   1625 Jul 11 02:11 JavaCompiledCompositeTest1_CompiledCompositeActor.mk
-rw-rw-r--   1 travis travis   5091 Jul 11 02:11 JavaCompiledCompositeTest2_CompiledCompositeActor.class
-rw-rw-r--   1 travis travis  14919 Jul 11 02:11 JavaCompiledCompositeTest2_CompiledCompositeActor.java
-rw-rw-r--   1 travis travis   1793 Jul 11 02:11 JavaCompiledCompositeTest2_CompiledCompositeActor$_JavaCompiledCompositeTest2_CompiledCompositeActor.class
-rw-rw-r--   1 travis travis   1625 Jul 11 02:11 JavaCompiledCompositeTest2_CompiledCompositeActor.mk
-rw-rw-r--   1 travis travis   4708 Jul 11 02:11 JavaCompiledCompositeTest3_CompiledCompositeActor.class
-rw-rw-r--   1 travis travis  13080 Jul 11 02:11 JavaCompiledCompositeTest3_CompiledCompositeActor.java
-rw-rw-r--   1 travis travis   1378 Jul 11 02:11 JavaCompiledCompositeTest3_CompiledCompositeActor$_JavaCompiledCompositeTest3_CompiledCompositeActor.class
-rw-rw-r--   1 travis travis   1625 Jul 11 02:11 JavaCompiledCompositeTest3_CompiledCompositeActor.mk
-rw-rw-r--   1 travis travis   4159 Jul 11 02:11 JavaCompiledCompositeTest4_CompiledCompositeActor.class
-rw-rw-r--   1 travis travis   9687 Jul 11 02:11 JavaCompiledCompositeTest4_CompiledCompositeActor.java
-rw-rw-r--   1 travis travis    857 Jul 11 02:11 JavaCompiledCompositeTest4_CompiledCompositeActor$_JavaCompiledCompositeTest4_CompiledCompositeActor.class
-rw-rw-r--   1 travis travis   1625 Jul 11 02:11 JavaCompiledCompositeTest4_CompiledCompositeActor.mk
drwxrwxr-x   3 travis travis  12288 Jul 11 02:05 LookupTable
drwxrwxr-x   3 travis travis  20480 Jul 11 02:05 MaxIndex
-rw-rw-r--   1 travis travis   3925 Jul 11 02:11 ModularCG_A1_B1.class
-rw-rw-r--   1 travis travis   9730 Jul 11 02:11 ModularCG_A1_B1.java
-rw-rw-r--   1 travis travis    832 Jul 11 02:11 ModularCG_A1_B1.mk
-rw-rw-r--   1 travis travis   1318 Jul 11 02:11 ModularCG_A1_B1_profile.class
-rw-rw-r--   1 travis travis   1262 Jul 11 02:11 ModularCG_A1_B1_profile.java
-rw-rw-r--   1 travis travis   3925 Jul 11 02:11 ModularCG_A1_B2.class
-rw-rw-r--   1 travis travis   9730 Jul 11 02:11 ModularCG_A1_B2.java
-rw-rw-r--   1 travis travis    832 Jul 11 02:11 ModularCG_A1_B2.mk
-rw-rw-r--   1 travis travis   1318 Jul 11 02:11 ModularCG_A1_B2_profile.class
-rw-rw-r--   1 travis travis   1262 Jul 11 02:11 ModularCG_A1_B2_profile.java
-rw-rw-r--   1 travis travis   5031 Jul 11 02:11 ModularCG_A1.class
-rw-rw-r--   1 travis travis  14742 Jul 11 02:11 ModularCG_A1.java
-rw-rw-r--   1 travis travis    808 Jul 11 02:11 ModularCG_A1.mk
-rw-rw-r--   1 travis travis   1433 Jul 11 02:11 ModularCG_A1_profile.class
-rw-rw-r--   1 travis travis   1704 Jul 11 02:11 ModularCG_A1_profile.java
-rw-rw-r--   1 travis travis   4059 Jul 11 02:11 ModularCG_A2_B1.class
-rw-rw-r--   1 travis travis  10667 Jul 11 02:11 ModularCG_A2_B1.java
-rw-rw-r--   1 travis travis    832 Jul 11 02:11 ModularCG_A2_B1.mk
-rw-rw-r--   1 travis travis   1381 Jul 11 02:11 ModularCG_A2_B1_profile.class
-rw-rw-r--   1 travis travis   1446 Jul 11 02:11 ModularCG_A2_B1_profile.java
-rw-rw-r--   1 travis travis   3925 Jul 11 02:11 ModularCG_A2_B2.class
-rw-rw-r--   1 travis travis   9730 Jul 11 02:11 ModularCG_A2_B2.java
-rw-rw-r--   1 travis travis    832 Jul 11 02:11 ModularCG_A2_B2.mk
-rw-rw-r--   1 travis travis   1318 Jul 11 02:11 ModularCG_A2_B2_profile.class
-rw-rw-r--   1 travis travis   1262 Jul 11 02:11 ModularCG_A2_B2_profile.java
-rw-rw-r--   1 travis travis   5102 Jul 11 02:11 ModularCG_A2.class
-rw-rw-r--   1 travis travis  15129 Jul 11 02:11 ModularCG_A2.java
-rw-rw-r--   1 travis travis    808 Jul 11 02:11 ModularCG_A2.mk
-rw-rw-r--   1 travis travis   1433 Jul 11 02:11 ModularCG_A2_profile.class
-rw-rw-r--   1 travis travis   1704 Jul 11 02:11 ModularCG_A2_profile.java
-rw-rw-r--   1 travis travis   3705 Jul 11 02:12 ModularCGPubSub_A1_A2.class
-rw-rw-r--   1 travis travis   9076 Jul 11 02:11 ModularCGPubSub_A1_A2.java
-rw-rw-r--   1 travis travis    880 Jul 11 02:11 ModularCGPubSub_A1_A2.mk
-rw-rw-r--   1 travis travis   1300 Jul 11 02:11 ModularCGPubSub_A1_A2_profile.class
-rw-rw-r--   1 travis travis   1222 Jul 11 02:11 ModularCGPubSub_A1_A2_profile.java
-rw-rw-r--   1 travis travis   4022 Jul 11 02:12 ModularCGPubSub_A1.class
-rw-rw-r--   1 travis travis   9836 Jul 11 02:12 ModularCGPubSub_A1.java
-rw-rw-r--   1 travis travis    856 Jul 11 02:12 ModularCGPubSub_A1.mk
-rw-rw-r--   1 travis travis   1346 Jul 11 02:12 ModularCGPubSub_A1_profile.class
-rw-rw-r--   1 travis travis   1388 Jul 11 02:12 ModularCGPubSub_A1_profile.java
-rw-rw-r--   1 travis travis   4220 Jul 11 02:12 ModularCodeGen2_ModularCodeGenTypedCompositeActor.class
-rw-rw-r--   1 travis travis  11690 Jul 11 02:12 ModularCodeGen2_ModularCodeGenTypedCompositeActor.java
-rw-rw-r--   1 travis travis   1104 Jul 11 02:12 ModularCodeGen2_ModularCodeGenTypedCompositeActor.mk
-rw-rw-r--   1 travis travis   4504 Jul 11 02:12 ModularCodeGen2_ModularCodeGenTypedCompositeActor_ModularCodeGenTypedCompositeActor.class
-rw-rw-r--   1 travis travis  11790 Jul 11 02:12 ModularCodeGen2_ModularCodeGenTypedCompositeActor_ModularCodeGenTypedCompositeActor.java
-rw-rw-r--   1 travis travis   1376 Jul 11 02:12 ModularCodeGen2_ModularCodeGenTypedCompositeActor_ModularCodeGenTypedCompositeActor.mk
-rw-rw-r--   1 travis travis   1421 Jul 11 02:12 ModularCodeGen2_ModularCodeGenTypedCompositeActor_ModularCodeGenTypedCompositeActor_profile.class
-rw-rw-r--   1 travis travis   1294 Jul 11 02:12 ModularCodeGen2_ModularCodeGenTypedCompositeActor_ModularCodeGenTypedCompositeActor_profile.java
-rw-rw-r--   1 travis travis    820 Jul 11 02:12 ModularCodeGen2_ModularCodeGenTypedCompositeActor_profile.class
-rw-rw-r--   1 travis travis    693 Jul 11 02:12 ModularCodeGen2_ModularCodeGenTypedCompositeActor_profile.java
-rw-rw-r--   1 travis travis   3973 Jul 11 02:12 ModularCodeGen3_A1_B1.class
-rw-rw-r--   1 travis travis   9958 Jul 11 02:12 ModularCodeGen3_A1_B1.java
-rw-rw-r--   1 travis travis    880 Jul 11 02:12 ModularCodeGen3_A1_B1.mk
-rw-rw-r--   1 travis travis   1330 Jul 11 02:12 ModularCodeGen3_A1_B1_profile.class
-rw-rw-r--   1 travis travis   1274 Jul 11 02:12 ModularCodeGen3_A1_B1_profile.java
-rw-rw-r--   1 travis travis   3973 Jul 11 02:12 ModularCodeGen3_A1_B2.class
-rw-rw-r--   1 travis travis   9958 Jul 11 02:12 ModularCodeGen3_A1_B2.java
-rw-rw-r--   1 travis travis    880 Jul 11 02:12 ModularCodeGen3_A1_B2.mk
-rw-rw-r--   1 travis travis   1330 Jul 11 02:12 ModularCodeGen3_A1_B2_profile.class
-rw-rw-r--   1 travis travis   1274 Jul 11 02:12 ModularCodeGen3_A1_B2_profile.java
-rw-rw-r--   1 travis travis   5193 Jul 11 02:12 ModularCodeGen3_A1.class
-rw-rw-r--   1 travis travis  15564 Jul 11 02:12 ModularCodeGen3_A1.java
-rw-rw-r--   1 travis travis    856 Jul 11 02:12 ModularCodeGen3_A1.mk
-rw-rw-r--   1 travis travis   1445 Jul 11 02:12 ModularCodeGen3_A1_profile.class
-rw-rw-r--   1 travis travis   1716 Jul 11 02:12 ModularCodeGen3_A1_profile.java
-rw-rw-r--   1 travis travis   4119 Jul 11 02:12 ModularCodeGen3_A2_B1.class
-rw-rw-r--   1 travis travis  10955 Jul 11 02:12 ModularCodeGen3_A2_B1.java
-rw-rw-r--   1 travis travis    880 Jul 11 02:12 ModularCodeGen3_A2_B1.mk
-rw-rw-r--   1 travis travis   1393 Jul 11 02:12 ModularCodeGen3_A2_B1_profile.class
-rw-rw-r--   1 travis travis   1458 Jul 11 02:12 ModularCodeGen3_A2_B1_profile.java
-rw-rw-r--   1 travis travis   3973 Jul 11 02:12 ModularCodeGen3_A2_B2.class
-rw-rw-r--   1 travis travis   9958 Jul 11 02:12 ModularCodeGen3_A2_B2.java
-rw-rw-r--   1 travis travis    880 Jul 11 02:12 ModularCodeGen3_A2_B2.mk
-rw-rw-r--   1 travis travis   1330 Jul 11 02:12 ModularCodeGen3_A2_B2_profile.class
-rw-rw-r--   1 travis travis   1274 Jul 11 02:12 ModularCodeGen3_A2_B2_profile.java
-rw-rw-r--   1 travis travis   5270 Jul 11 02:12 ModularCodeGen3_A2.class
-rw-rw-r--   1 travis travis  15957 Jul 11 02:12 ModularCodeGen3_A2.java
-rw-rw-r--   1 travis travis    856 Jul 11 02:12 ModularCodeGen3_A2.mk
-rw-rw-r--   1 travis travis   1445 Jul 11 02:12 ModularCodeGen3_A2_profile.class
-rw-rw-r--   1 travis travis   1716 Jul 11 02:12 ModularCodeGen3_A2_profile.java
-rw-rw-r--   1 travis travis   4026 Jul 11 02:12 ModularCodeGen4_A1_B1.class
-rw-rw-r--   1 travis travis  10312 Jul 11 02:12 ModularCodeGen4_A1_B1.java
-rw-rw-r--   1 travis travis    880 Jul 11 02:12 ModularCodeGen4_A1_B1.mk
-rw-rw-r--   1 travis travis   1330 Jul 11 02:12 ModularCodeGen4_A1_B1_profile.class
-rw-rw-r--   1 travis travis   1273 Jul 11 02:12 ModularCodeGen4_A1_B1_profile.java
-rw-rw-r--   1 travis travis   4026 Jul 11 02:12 ModularCodeGen4_A1_B2.class
-rw-rw-r--   1 travis travis  10312 Jul 11 02:12 ModularCodeGen4_A1_B2.java
-rw-rw-r--   1 travis travis    880 Jul 11 02:12 ModularCodeGen4_A1_B2.mk
-rw-rw-r--   1 travis travis   1330 Jul 11 02:12 ModularCodeGen4_A1_B2_profile.class
-rw-rw-r--   1 travis travis   1273 Jul 11 02:12 ModularCodeGen4_A1_B2_profile.java
-rw-rw-r--   1 travis travis   5333 Jul 11 02:12 ModularCodeGen4_A1.class
-rw-rw-r--   1 travis travis  16245 Jul 11 02:12 ModularCodeGen4_A1.java
-rw-rw-r--   1 travis travis    856 Jul 11 02:12 ModularCodeGen4_A1.mk
-rw-rw-r--   1 travis travis   1445 Jul 11 02:12 ModularCodeGen4_A1_profile.class
-rw-rw-r--   1 travis travis   1712 Jul 11 02:12 ModularCodeGen4_A1_profile.java
-rw-rw-r--   1 travis travis   4220 Jul 11 02:12 ModularCodeGen4_A2_B1.class
-rw-rw-r--   1 travis travis  11375 Jul 11 02:12 ModularCodeGen4_A2_B1.java
-rw-rw-r--   1 travis travis    880 Jul 11 02:12 ModularCodeGen4_A2_B1.mk
-rw-rw-r--   1 travis travis   1393 Jul 11 02:12 ModularCodeGen4_A2_B1_profile.class
-rw-rw-r--   1 travis travis   1454 Jul 11 02:12 ModularCodeGen4_A2_B1_profile.java
-rw-rw-r--   1 travis travis   4074 Jul 11 02:12 ModularCodeGen4_A2_B2.class
-rw-rw-r--   1 travis travis  10378 Jul 11 02:12 ModularCodeGen4_A2_B2.java
-rw-rw-r--   1 travis travis    880 Jul 11 02:12 ModularCodeGen4_A2_B2.mk
-rw-rw-r--   1 travis travis   1330 Jul 11 02:12 ModularCodeGen4_A2_B2_profile.class
-rw-rw-r--   1 travis travis   1270 Jul 11 02:12 ModularCodeGen4_A2_B2_profile.java
-rw-rw-r--   1 travis travis   1712 Jul 11 02:12 ModularCodeGen4_A2_profile.java
-rw-rw-r--   1 travis travis   4186 Jul 11 02:12 ModularCodeGen_ModularCodeGenTypedCompositeActor.class
-rw-rw-r--   1 travis travis  10970 Jul 11 02:12 ModularCodeGen_ModularCodeGenTypedCompositeActor.java
-rw-rw-r--   1 travis travis   1096 Jul 11 02:12 ModularCodeGen_ModularCodeGenTypedCompositeActor.mk
-rw-rw-r--   1 travis travis   1384 Jul 11 02:12 ModularCodeGen_ModularCodeGenTypedCompositeActor_profile.class
-rw-rw-r--   1 travis travis   1328 Jul 11 02:12 ModularCodeGen_ModularCodeGenTypedCompositeActor_profile.java
-rw-rw-r--   1 travis travis   3724 Jul 11 02:11 ModularCodeGenTest_A1_A2.class
-rw-rw-r--   1 travis travis   9164 Jul 11 02:11 ModularCodeGenTest_A1_A2.java
-rw-rw-r--   1 travis travis   1306 Jul 11 02:11 ModularCodeGenTest_A1_A2_profile.class
-rw-rw-r--   1 travis travis   4055 Jul 11 02:11 ModularCodeGenTest_A1.class
-rw-rw-r--   1 travis travis   9968 Jul 11 02:11 ModularCodeGenTest_A1.java
-rw-rw-r--   1 travis travis    880 Jul 11 02:11 ModularCodeGenTest_A1.mk
-rw-rw-r--   1 travis travis   1352 Jul 11 02:11 ModularCodeGenTest_A1_profile.class
-rw-rw-r--   1 travis travis   1394 Jul 11 02:11 ModularCodeGenTest_A1_profile.java
drwxrwxr-x   3 travis travis  32768 Jul 11 02:10 modulation2
drwxrwxr-x 139 travis travis  12288 Jul 11 02:11 node_modules
drwxrwxr-x   3 travis travis  20480 Jul 11 02:06 PhaseUnwrap
drwxrwxr-x   3 travis travis  12288 Jul 11 02:06 ReadFile1
-rw-rw-r--   1 travis travis     11 Jul 11 02:06 ReadFile1Output.txt
-rw-rw-r--   1 travis travis   9615 Jul 11 02:11 Repeat.class
-rw-rw-r--   1 travis travis    666 Jul 11 02:11 Repeat$_fireFunction_Repeat_Repeat$__f_sL_11.class
-rw-rw-r--   1 travis travis    522 Jul 11 02:11 Repeat$_fireFunction_Repeat_Repeat$__f_sL_12.class
-rw-rw-r--   1 travis travis    522 Jul 11 02:11 Repeat$_fireFunction_Repeat_Repeat$__f_sL_13.class
-rw-rw-r--   1 travis travis    522 Jul 11 02:11 Repeat$_fireFunction_Repeat_Repeat$__f_sL_14.class
-rw-rw-r--   1 travis travis    665 Jul 11 02:11 Repeat$_fireFunction_Repeat_Repeat$__f_sL_1.class
-rw-rw-r--   1 travis travis    664 Jul 11 02:11 Repeat$_fireFunction_Repeat_Repeat$__f_sL_4.class
-rw-rw-r--   1 travis travis    520 Jul 11 02:11 Repeat$_fireFunction_Repeat_Repeat$__f_sL_9.class
-rw-rw-r--   1 travis travis    475 Jul 11 02:11 Repeat$_initialize_Repeat$__i_sL_2.class
-rw-rw-r--   1 travis travis   1281 Jul 11 02:10 Repeat.mk
-rw-rw-r--   1 travis travis    520 Jul 11 02:11 Repeat$_preinitializeMethod_Repeat$__p_sL_0.class
-rw-rw-r--   1 travis travis   1083 Jul 11 02:11 Repeat$_Repeat$_fireFunction_Repeat_AddSubtract_Repeat.class
-rw-rw-r--   1 travis travis    791 Jul 11 02:11 Repeat$_Repeat$_fireFunction_Repeat_AddSubtract_Repeat$__f_sL_0.class
-rw-rw-r--   1 travis travis    909 Jul 11 02:11 Repeat$_Repeat$_fireFunction_Repeat_AddSubtract_Repeat$__f_sL_1.class
-rw-rw-r--   1 travis travis    915 Jul 11 02:11 Repeat$_Repeat$_fireFunction_Repeat_AddSubtract_Repeat$__f_sL_2.class
-rw-rw-r--   1 travis travis    843 Jul 11 02:11 Repeat$_Repeat$_fireFunction_Repeat_AddSubtract_Repeat$__f_sL_3.class
-rw-rw-r--   1 travis travis    738 Jul 11 02:11 Repeat$_Repeat$_fireFunction_Repeat_Ramp2_Repeat$__f_sL_0.class
-rw-rw-r--   1 travis travis    869 Jul 11 02:11 Repeat$_Repeat$_fireFunction_Repeat_Test_Repeat$__f_sL_0.class
-rw-rw-r--   1 travis travis    615 Jul 11 02:11 Repeat$_Repeat$_fireFunction_Repeat_Test_Repeat$__f_sL_1.class
-rw-rw-r--   1 travis travis    685 Jul 11 02:11 Repeat$_Repeat_SDF_Director_run_Repeat$__R_sL_0.class
-rw-rw-r--   1 travis travis    686 Jul 11 02:11 Repeat$_Repeat_SDF_Director_run_Repeat$__R_sL_11.class
-rw-rw-r--   1 travis travis    542 Jul 11 02:11 Repeat$_Repeat_SDF_Director_run_Repeat$__R_sL_13.class
-rw-rw-r--   1 travis travis    540 Jul 11 02:11 Repeat$_Repeat_SDF_Director_run_Repeat$__R_sL_2.class
-rw-rw-r--   1 travis travis    684 Jul 11 02:11 Repeat$_Repeat_SDF_Director_run_Repeat$__R_sL_3.class
-rw-rw-r--   1 travis travis    540 Jul 11 02:11 Repeat$_Repeat_SDF_Director_run_Repeat$__R_sL_5.class
-rw-rw-r--   1 travis travis    540 Jul 11 02:11 Repeat$_Repeat_SDF_Director_run_Repeat$__R_sL_8.class
drwxrwxr-x   2 travis travis   4096 Jul 11 02:11 RepeatVariables
-rw-rw-r--   1 travis travis    863 Jul 11 02:11 Repeat$_varinit_Repeat.class
-rw-rw-r--   1 travis travis    531 Jul 11 02:11 Repeat$_varinit_Repeat$__v_sL_2.class
-rw-rw-r--   1 travis travis    905 Jul 11 02:11 Repeat$_varinit_Repeat$__v_sL_4.class
-rw-rw-r--   1 travis travis    959 Jul 11 02:11 Repeat$_wrapup_Repeat$__w_sL_1.class
drwxrwxr-x   3 travis travis  20480 Jul 11 02:06 Sinewave
drwxrwxr-x   3 travis travis  32768 Jul 11 02:08 StringFunction
drwxrwxr-x   3 travis travis  12288 Jul 11 02:08 StringLength
drwxrwxr-x   3 travis travis  61440 Jul 11 02:09 StringMatches2
drwxrwxr-x   3 travis travis  61440 Jul 11 02:09 StringSimpleReplace
drwxrwxr-x   3 travis travis  65536 Jul 11 02:09 StringSubstring
drwxrwxr-x   3 travis travis  24576 Jul 11 02:09 StringSubstring2
drwxrwxr-x   3 travis travis  16384 Jul 11 02:10 time1
drwxrwxr-x   3 travis travis  12288 Jul 11 02:10 time5
-rw-rw-r--   1 travis travis    432 Jul 11 02:12 Token.class
-rw-rw-r--   1 travis travis    251 Jul 11 02:12 Token.java
-rwxrwxr-x   1 travis travis 466992 Jul 11 02:03 top
-rw-rw-r--   1 travis travis  20502 Jul 11 02:03 top.c
-rw-rw-r--   1 travis travis   3799 Jul 11 02:11 top.class
-rw-rw-r--   1 travis travis   1257 Jul 11 02:11 top.mk
In "/home/travis/cg", about to execute:
    javac -classpath
.:/home/travis/build/icyphy/ptII:/home/travis/build/icyphy/ptII/lib/bsh-2.0b4.j
ar:/home/travis/build/icyphy/ptII/lib/ptCal.jar:/home/travis/build/icyphy/ptII/
lib/java_cup.jar:/home/travis/build/icyphy/ptII/lib/saxon8.jar:/home/travis/bui
ld/icyphy/ptII/lib/saxon8-dom.jar:/home/travis/build/icyphy/ptII/lib/chic.jar:/
home/travis/build/icyphy/ptII/lib/ptcolt.jar:/home/travis/build/icyphy/ptII/ven
dors/misc/itext/iText.jar:/home/travis/build/icyphy/ptII/lib/g4ltl.jar:/home/tr
avis/build/icyphy/ptII/lib/StructuralCoder.jar:/home/travis/build/icyphy/ptII/v
endors/jai-1_1_2_01/lib/jai_core.jar:/home/travis/build/icyphy/ptII/vendors/jai
-1_1_2_01/lib/jai_codec.jar:/home/travis/build/icyphy/ptII/lib/jcerti.jar:/home
/travis/build/icyphy/ptII/lib/javax.mail.jar:/usr/share/java/openjfx/jre/lib/ex
t/jfxrt.jar:/usr/lib/jvm/java-8-openjdk-amd64/jre/lib/ext/jfxrt.jar:/home/travi
s/build/icyphy/ptII/vendors/JMF-2.1.1e/lib/jmf.jar:/home/travis/build/icyphy/pt
II/lib/jna-4.0.0-variadic.jar:/home/travis/build/icyphy/ptII/vendors/misc/joyst
ick/Joystick.jar:/home/travis/build/icyphy/ptII/lib/ptjacl.jar:/home/travis/bui
ld/icyphy/ptII/lib/jsoup-1.8.2.jar:/home/travis/build/icyphy/ptII/lib/junit-4.8
.2.jar:/home/travis/build/icyphy/ptII/lib/JUnitParams-0.4.0.jar:/home/travis/bu
ild/icyphy/ptII/ptolemy/actor/lib/excel/jxl.jar:/home/travis/build/icyphy/ptII/
lib/jython.jar:/home/travis/build/icyphy/ptII/lib/kieler.jar:/home/travis/build
/icyphy/ptII/lib/opencv-341.jar:/home/travis/build/icyphy/ptII/lib/oscP5.jar:/h
ome/travis/build/icyphy/ptII/lib/nrjavaserial-3.11.0.devel.jar:/home/travis/bui
ld/icyphy/ptII/vendors/j3d/lib/j3dcore.jar:/home/travis/build/icyphy/ptII/vendo
rs/j3d/lib/j3dutils.jar:/home/travis/build/icyphy/ptII/vendors/j3d/lib/vecmath.
jar:/home/travis/build/icyphy/ptII/ptolemy/distributed/jini/jar/jini-core.jar:/
home/travis/build/icyphy/ptII/ptolemy/distributed/jini/jar/jini-ext.jar:/home/t
ravis/build/icyphy/ptII/ptolemy/distributed/jini/jar/sun-util.jar:/home/travis/
build/icyphy/ptII/lib/protobuf-java-2.4.1.jar:/home/travis/build/icyphy/ptII/li
b/org.eclipse.paho.client.mqttv3.jar:/home/travis/build/icyphy/ptII/lib/mapss.j
ar:/home/travis/build/icyphy/ptII/ptolemy/actor/ptalon/antlr/antlr.jar:/home/tr
avis/build/icyphy/ptII/lib/JRI.jar:/home/travis/build/icyphy/ptII/lib/commons-l
ang-2.6.jar:/home/travis/build/icyphy/ptII/lib/commons-logging-1.1.1.jar:/home/
travis/build/icyphy/ptII/lib/sootclasses.jar:/home/travis/build/icyphy/ptII/pto
lemy/actor/lib/database/mysql-connector-java-5.1.6-bin.jar:/home/travis/build/i
cyphy/ptII/vendors/misc/sphinx4/sphinx4-data-5prealpha.jar:/home/travis/build/i
cyphy/ptII/vendors/misc/sphinx4/sphinx4-core-5prealpha.jar:/home/travis/build/i
cyphy/ptII/lib/PDFRenderer.jar:/home/travis/build/icyphy/ptII/lib/svgSalamander
.jar:/home/travis/build/icyphy/ptII/lib/rsyntaxtextarea-2.6.0-SNAPSHOT.jar:/hom
e/travis/build/icyphy/ptII/lib/hazelcast-3.8.2.jar:/home/travis/build/icyphy/pt
II/lib/jackson-annotations-2.9.0.jar:/home/travis/build/icyphy/ptII/lib/jackson
-core-2.9.3.jar:/home/travis/build/icyphy/ptII/lib/jackson-databind-2.9.3.jar:/
home/travis/build/icyphy/ptII/lib/netty-buffer-4.1.19.Final.jar:/home/travis/bu
ild/icyphy/ptII/lib/netty-codec-4.1.19.Final.jar:/home/travis/build/icyphy/ptII
/lib/netty-codec-dns-4.1.19.Final.jar:/home/travis/build/icyphy/ptII/lib/netty-
codec-http-4.1.19.Final.jar:/home/travis/build/icyphy/ptII/lib/netty-codec-http
2-4.1.19.Final.jar:/home/travis/build/icyphy/ptII/lib/netty-common-4.1.19.Final
.jar:/home/travis/build/icyphy/ptII/lib/netty-handler-4.1.19.Final.jar:/home/tr
avis/build/icyphy/ptII/lib/netty-resolver-4.1.19.Final.jar:/home/travis/build/i
cyphy/ptII/lib/netty-resolver-dns-4.1.19.Final.jar:/home/travis/build/icyphy/pt
II/lib/netty-transport-4.1.19.Final.jar:/home/travis/build/icyphy/ptII/lib/vert
x-codegen-3.5.1.jar:/home/travis/build/icyphy/ptII/lib/vertx-core-3.5.2-SNAPSHO
T.jar:/home/travis/build/icyphy/ptII/lib/vertx-hazelcast-3.5.1.jar:/home/travis
/build/icyphy/ptII/lib/vertx-lang-js-3.5.1.jar:/home/travis/build/icyphy/ptII/l
ib/vertx-service-proxy-3.5.1.jar:/home/travis/build/icyphy/ptII/lib/vertx-web-3
.5.1.jar:/home/travis/build/icyphy/ptII/lib/slf4j-api-1.7.13.jar:/home/travis/b
uild/icyphy/ptII/lib/slf4j-simple-1.7.13.jar:/home/travis/build/icyphy/ptII/lib
/webcam-capture-0.3.12.jar:/home/travis/build/icyphy/ptII/lib/bridj-0.7.0.jar:/
home/travis/build/icyphy/ptII/lib/xbjlib-1.1.0.nrjavaserial.jar:/home/travis/bu
ild/icyphy/ptII/ptolemy/moml/test:/home/travis/build/icyphy/ptII/ant/lib/ant-la
uncher.jar:/home/travis/build/icyphy/ptII/ant/lib/ant.jar:/home/travis/build/ic
yphy/ptII/ant/lib/ant-junit.jar:/home/travis/build/icyphy/ptII/ant/lib/ant-juni
t4.jar:/home/travis/build/icyphy/ptII ModularCodeGen4_A2_profile.java
All Done
Writing ModularCodeGen4_A2.java in file:/home/travis/cg/ (16770 characters)
Reading "ptolemy/cg/kernel/generic/program/procedural/java/modular/makefile.in",
    writing "/home/travis/cg/ModularCodeGen4_A2.mk"
Using ptolemy/cg/kernel/generic/program/procedural/java/modular/makefile.in
In "/home/travis/cg", about to execute:
    make -f ModularCodeGen4_A2.mk
javac -classpath ".:.."    ModularCodeGen4_A2.java
All Done
Manager.initialize() finished: 19660 ms. Memory: 193536K Free: 111877K (58%)
19663 ms. Memory: 193536K Free: 111877K (58%)
----------------- Invoking toplevel() on ptolemy.moml.MoMLSimpleApplication@2fc2924
----------------- Done invoking toplevel() on ptolemy.moml.MoMLSimpleApplication@2fc2924
reloadAllAccessors: .ModularCodeGen4

===========================================================================================
----------------- testing Thu Jul 11 02:12:53 UTC 2019 /home/travis/build/icyphy/ptII/ptolemy/cg/lib/test/auto/ModularCodeGen5.xml
----------------- Instantiating /home/travis/build/icyphy/ptII/ptolemy/cg/lib/test/auto/ModularCodeGen5.xml
In "/home/travis/cg", about to execute:
    pwd
In "/home/travis/cg", about to execute:
    ls -l
/home/travis/cg
In "/home/travis/cg", about to execute:
    javac -classpath
.:/home/travis/build/icyphy/ptII:/home/travis/build/icyphy/ptII/lib/bsh-2.0b4.j
ar:/home/travis/build/icyphy/ptII/lib/ptCal.jar:/home/travis/build/icyphy/ptII/
lib/java_cup.jar:/home/travis/build/icyphy/ptII/lib/saxon8.jar:/home/travis/bui
ld/icyphy/ptII/lib/saxon8-dom.jar:/home/travis/build/icyphy/ptII/lib/chic.jar:/
home/travis/build/icyphy/ptII/lib/ptcolt.jar:/home/travis/build/icyphy/ptII/ven
dors/misc/itext/iText.jar:/home/travis/build/icyphy/ptII/lib/g4ltl.jar:/home/tr
avis/build/icyphy/ptII/lib/StructuralCoder.jar:/home/travis/build/icyphy/ptII/v
endors/jai-1_1_2_01/lib/jai_core.jar:/home/travis/build/icyphy/ptII/vendors/jai
-1_1_2_01/lib/jai_codec.jar:/home/travis/build/icyphy/ptII/lib/jcerti.jar:/home
/travis/build/icyphy/ptII/lib/javax.mail.jar:/usr/share/java/openjfx/jre/lib/ex
t/jfxrt.jar:/usr/lib/jvm/java-8-openjdk-amd64/jre/lib/ext/jfxrt.jar:/home/travi
s/build/icyphy/ptII/vendors/JMF-2.1.1e/lib/jmf.jar:/home/travis/build/icyphy/pt
II/lib/jna-4.0.0-variadic.jar:/home/travis/build/icyphy/ptII/vendors/misc/joyst
ick/Joystick.jar:/home/travis/build/icyphy/ptII/lib/ptjacl.jar:/home/travis/bui
ld/icyphy/ptII/lib/jsoup-1.8.2.jar:/home/travis/build/icyphy/ptII/lib/junit-4.8
.2.jar:/home/travis/build/icyphy/ptII/lib/JUnitParams-0.4.0.jar:/home/travis/bu
ild/icyphy/ptII/ptolemy/actor/lib/excel/jxl.jar:/home/travis/build/icyphy/ptII/
lib/jython.jar:/home/travis/build/icyphy/ptII/lib/kieler.jar:/home/travis/build
/icyphy/ptII/lib/opencv-341.jar:/home/travis/build/icyphy/ptII/lib/oscP5.jar:/h
ome/travis/build/icyphy/ptII/lib/nrjavaserial-3.11.0.devel.jar:/home/travis/bui
ld/icyphy/ptII/vendors/j3d/lib/j3dcore.jar:/home/travis/build/icyphy/ptII/vendo
rs/j3d/lib/j3dutils.jar:/home/travis/build/icyphy/ptII/vendors/j3d/lib/vecmath.
jar:/home/travis/build/icyphy/ptII/ptolemy/distributed/jini/jar/jini-core.jar:/
home/travis/build/icyphy/ptII/ptolemy/distributed/jini/jar/jini-ext.jar:/home/t
ravis/build/icyphy/ptII/ptolemy/distributed/jini/jar/sun-util.jar:/home/travis/
build/icyphy/ptII/lib/protobuf-java-2.4.1.jar:/home/travis/build/icyphy/ptII/li
b/org.eclipse.paho.client.mqttv3.jar:/home/travis/build/icyphy/ptII/lib/mapss.j
ar:/home/travis/build/icyphy/ptII/ptolemy/actor/ptalon/antlr/antlr.jar:/home/tr
avis/build/icyphy/ptII/lib/JRI.jar:/home/travis/build/icyphy/ptII/lib/commons-l
ang-2.6.jar:/home/travis/build/icyphy/ptII/lib/commons-logging-1.1.1.jar:/home/
travis/build/icyphy/ptII/lib/sootclasses.jar:/home/travis/build/icyphy/ptII/pto
lemy/actor/lib/database/mysql-connector-java-5.1.6-bin.jar:/home/travis/build/i
cyphy/ptII/vendors/misc/sphinx4/sphinx4-data-5prealpha.jar:/home/travis/build/i
cyphy/ptII/vendors/misc/sphinx4/sphinx4-core-5prealpha.jar:/home/travis/build/i
cyphy/ptII/lib/PDFRenderer.jar:/home/travis/build/icyphy/ptII/lib/svgSalamander
.jar:/home/travis/build/icyphy/ptII/lib/rsyntaxtextarea-2.6.0-SNAPSHOT.jar:/hom
e/travis/build/icyphy/ptII/lib/hazelcast-3.8.2.jar:/home/travis/build/icyphy/pt
II/lib/jackson-annotations-2.9.0.jar:/home/travis/build/icyphy/ptII/lib/jackson
-core-2.9.3.jar:/home/travis/build/icyphy/ptII/lib/jackson-databind-2.9.3.jar:/
home/travis/build/icyphy/ptII/lib/netty-buffer-4.1.19.Final.jar:/home/travis/bu
ild/icyphy/ptII/lib/netty-codec-4.1.19.Final.jar:/home/travis/build/icyphy/ptII
/lib/netty-codec-dns-4.1.19.Final.jar:/home/travis/build/icyphy/ptII/lib/netty-
codec-http-4.1.19.Final.jar:/home/travis/build/icyphy/ptII/lib/netty-codec-http
2-4.1.19.Final.jar:/home/travis/build/icyphy/ptII/lib/netty-common-4.1.19.Final
.jar:/home/travis/build/icyphy/ptII/lib/netty-handler-4.1.19.Final.jar:/home/tr
avis/build/icyphy/ptII/lib/netty-resolver-4.1.19.Final.jar:/home/travis/build/i
cyphy/ptII/lib/netty-resolver-dns-4.1.19.Final.jar:/home/travis/build/icyphy/pt
II/lib/netty-transport-4.1.19.Final.jar:/home/travis/build/icyphy/ptII/lib/vert
x-codegen-3.5.1.jar:/home/travis/build/icyphy/ptII/lib/vertx-core-3.5.2-SNAPSHO
T.jar:/home/travis/build/icyphy/ptII/lib/vertx-hazelcast-3.5.1.jar:/home/travis
/build/icyphy/ptII/lib/vertx-lang-js-3.5.1.jar:/home/travis/build/icyphy/ptII/l
ib/vertx-service-proxy-3.5.1.jar:/home/travis/build/icyphy/ptII/lib/vertx-web-3
.5.1.jar:/home/travis/build/icyphy/ptII/lib/slf4j-api-1.7.13.jar:/home/travis/b
uild/icyphy/ptII/lib/slf4j-simple-1.7.13.jar:/home/travis/build/icyphy/ptII/lib
/webcam-capture-0.3.12.jar:/home/travis/build/icyphy/ptII/lib/bridj-0.7.0.jar:/
home/travis/build/icyphy/ptII/lib/xbjlib-1.1.0.nrjavaserial.jar:/home/travis/bu
ild/icyphy/ptII/ptolemy/moml/test:/home/travis/build/icyphy/ptII/ant/lib/ant-la
uncher.jar:/home/travis/build/icyphy/ptII/ant/lib/ant.jar:/home/travis/build/ic
yphy/ptII/ant/lib/ant-junit.jar:/home/travis/build/icyphy/ptII/ant/lib/ant-juni
t4.jar:/home/travis/build/icyphy/ptII ModularCodeGen5_A_A_profile.java
total 2108
drwxrwxr-x   3 travis travis  12288 Jul 11 02:04 AbsoluteValue
drwxrwxr-x   3 travis travis 102400 Jul 11 02:03 AllColt
drwxrwxr-x   3 travis travis  12288 Jul 11 02:04 Case1
-rw-rw-r--   1 travis travis   5104 Jul 11 02:11 CompiledCompositeActor_CompiledCompositeActor.class
-rw-rw-r--   1 travis travis   1592 Jul 11 02:11 CompiledCompositeActor_CompiledCompositeActor$_CompiledCompositeActor_CompiledCompositeActor.class
-rw-rw-r--   1 travis travis  13466 Jul 11 02:11 CompiledCompositeActor_CompiledCompositeActor.java
-rw-rw-r--   1 travis travis   1593 Jul 11 02:11 CompiledCompositeActor_CompiledCompositeActor.mk
drwxrwxr-x   5 travis travis   4096 Jul 11 02:03 fmi
drwxrwxr-x   3 travis travis  16384 Jul 11 02:05 Gaussian2
-rw-rw-r--   1 travis travis   4660 Jul 11 02:11 JavaCompiledCompositeTest1_CompiledCompositeActor.class
-rw-rw-r--   1 travis travis  11637 Jul 11 02:11 JavaCompiledCompositeTest1_CompiledCompositeActor.java
-rw-rw-r--   1 travis travis   1198 Jul 11 02:11 JavaCompiledCompositeTest1_CompiledCompositeActor$_JavaCompiledCompositeTest1_CompiledCompositeActor.class
-rw-rw-r--   1 travis travis   1625 Jul 11 02:11 JavaCompiledCompositeTest1_CompiledCompositeActor.mk
-rw-rw-r--   1 travis travis   5091 Jul 11 02:11 JavaCompiledCompositeTest2_CompiledCompositeActor.class
-rw-rw-r--   1 travis travis  14919 Jul 11 02:11 JavaCompiledCompositeTest2_CompiledCompositeActor.java
-rw-rw-r--   1 travis travis   1793 Jul 11 02:11 JavaCompiledCompositeTest2_CompiledCompositeActor$_JavaCompiledCompositeTest2_CompiledCompositeActor.class
-rw-rw-r--   1 travis travis   1625 Jul 11 02:11 JavaCompiledCompositeTest2_CompiledCompositeActor.mk
-rw-rw-r--   1 travis travis   4708 Jul 11 02:11 JavaCompiledCompositeTest3_CompiledCompositeActor.class
-rw-rw-r--   1 travis travis  13080 Jul 11 02:11 JavaCompiledCompositeTest3_CompiledCompositeActor.java
-rw-rw-r--   1 travis travis   1378 Jul 11 02:11 JavaCompiledCompositeTest3_CompiledCompositeActor$_JavaCompiledCompositeTest3_CompiledCompositeActor.class
-rw-rw-r--   1 travis travis   1625 Jul 11 02:11 JavaCompiledCompositeTest3_CompiledCompositeActor.mk
-rw-rw-r--   1 travis travis   4159 Jul 11 02:11 JavaCompiledCompositeTest4_CompiledCompositeActor.class
-rw-rw-r--   1 travis travis   9687 Jul 11 02:11 JavaCompiledCompositeTest4_CompiledCompositeActor.java
-rw-rw-r--   1 travis travis    857 Jul 11 02:11 JavaCompiledCompositeTest4_CompiledCompositeActor$_JavaCompiledCompositeTest4_CompiledCompositeActor.class
-rw-rw-r--   1 travis travis   1625 Jul 11 02:11 JavaCompiledCompositeTest4_CompiledCompositeActor.mk
drwxrwxr-x   3 travis travis  12288 Jul 11 02:05 LookupTable
drwxrwxr-x   3 travis travis  20480 Jul 11 02:05 MaxIndex
-rw-rw-r--   1 travis travis   3925 Jul 11 02:11 ModularCG_A1_B1.class
-rw-rw-r--   1 travis travis   9730 Jul 11 02:11 ModularCG_A1_B1.java
-rw-rw-r--   1 travis travis    832 Jul 11 02:11 ModularCG_A1_B1.mk
-rw-rw-r--   1 travis travis   1318 Jul 11 02:11 ModularCG_A1_B1_profile.class
-rw-rw-r--   1 travis travis   1262 Jul 11 02:11 ModularCG_A1_B1_profile.java
-rw-rw-r--   1 travis travis   3925 Jul 11 02:11 ModularCG_A1_B2.class
-rw-rw-r--   1 travis travis   9730 Jul 11 02:11 ModularCG_A1_B2.java
-rw-rw-r--   1 travis travis    832 Jul 11 02:11 ModularCG_A1_B2.mk
-rw-rw-r--   1 travis travis   1318 Jul 11 02:11 ModularCG_A1_B2_profile.class
-rw-rw-r--   1 travis travis   1262 Jul 11 02:11 ModularCG_A1_B2_profile.java
-rw-rw-r--   1 travis travis   5031 Jul 11 02:11 ModularCG_A1.class
-rw-rw-r--   1 travis travis  14742 Jul 11 02:11 ModularCG_A1.java
-rw-rw-r--   1 travis travis    808 Jul 11 02:11 ModularCG_A1.mk
-rw-rw-r--   1 travis travis   1433 Jul 11 02:11 ModularCG_A1_profile.class
-rw-rw-r--   1 travis travis   1704 Jul 11 02:11 ModularCG_A1_profile.java
-rw-rw-r--   1 travis travis   4059 Jul 11 02:11 ModularCG_A2_B1.class
-rw-rw-r--   1 travis travis  10667 Jul 11 02:11 ModularCG_A2_B1.java
-rw-rw-r--   1 travis travis    832 Jul 11 02:11 ModularCG_A2_B1.mk
-rw-rw-r--   1 travis travis   1381 Jul 11 02:11 ModularCG_A2_B1_profile.class
-rw-rw-r--   1 travis travis   1446 Jul 11 02:11 ModularCG_A2_B1_profile.java
-rw-rw-r--   1 travis travis   3925 Jul 11 02:11 ModularCG_A2_B2.class
-rw-rw-r--   1 travis travis   9730 Jul 11 02:11 ModularCG_A2_B2.java
-rw-rw-r--   1 travis travis    832 Jul 11 02:11 ModularCG_A2_B2.mk
-rw-rw-r--   1 travis travis   1318 Jul 11 02:11 ModularCG_A2_B2_profile.class
-rw-rw-r--   1 travis travis   1262 Jul 11 02:11 ModularCG_A2_B2_profile.java
-rw-rw-r--   1 travis travis   5102 Jul 11 02:11 ModularCG_A2.class
-rw-rw-r--   1 travis travis  15129 Jul 11 02:11 ModularCG_A2.java
-rw-rw-r--   1 travis travis    808 Jul 11 02:11 ModularCG_A2.mk
-rw-rw-r--   1 travis travis   1433 Jul 11 02:11 ModularCG_A2_profile.class
-rw-rw-r--   1 travis travis   1704 Jul 11 02:11 ModularCG_A2_profile.java
-rw-rw-r--   1 travis travis   3705 Jul 11 02:12 ModularCGPubSub_A1_A2.class
-rw-rw-r--   1 travis travis   9076 Jul 11 02:11 ModularCGPubSub_A1_A2.java
-rw-rw-r--   1 travis travis    880 Jul 11 02:11 ModularCGPubSub_A1_A2.mk
-rw-rw-r--   1 travis travis   1300 Jul 11 02:11 ModularCGPubSub_A1_A2_profile.class
-rw-rw-r--   1 travis travis   1222 Jul 11 02:11 ModularCGPubSub_A1_A2_profile.java
-rw-rw-r--   1 travis travis   4022 Jul 11 02:12 ModularCGPubSub_A1.class
-rw-rw-r--   1 travis travis   9836 Jul 11 02:12 ModularCGPubSub_A1.java
-rw-rw-r--   1 travis travis    856 Jul 11 02:12 ModularCGPubSub_A1.mk
-rw-rw-r--   1 travis travis   1346 Jul 11 02:12 ModularCGPubSub_A1_profile.class
-rw-rw-r--   1 travis travis   1388 Jul 11 02:12 ModularCGPubSub_A1_profile.java
-rw-rw-r--   1 travis travis   4220 Jul 11 02:12 ModularCodeGen2_ModularCodeGenTypedCompositeActor.class
-rw-rw-r--   1 travis travis  11690 Jul 11 02:12 ModularCodeGen2_ModularCodeGenTypedCompositeActor.java
-rw-rw-r--   1 travis travis   1104 Jul 11 02:12 ModularCodeGen2_ModularCodeGenTypedCompositeActor.mk
-rw-rw-r--   1 travis travis   4504 Jul 11 02:12 ModularCodeGen2_ModularCodeGenTypedCompositeActor_ModularCodeGenTypedCompositeActor.class
-rw-rw-r--   1 travis travis  11790 Jul 11 02:12 ModularCodeGen2_ModularCodeGenTypedCompositeActor_ModularCodeGenTypedCompositeActor.java
-rw-rw-r--   1 travis travis   1376 Jul 11 02:12 ModularCodeGen2_ModularCodeGenTypedCompositeActor_ModularCodeGenTypedCompositeActor.mk
-rw-rw-r--   1 travis travis   1421 Jul 11 02:12 ModularCodeGen2_ModularCodeGenTypedCompositeActor_ModularCodeGenTypedCompositeActor_profile.class
-rw-rw-r--   1 travis travis   1294 Jul 11 02:12 ModularCodeGen2_ModularCodeGenTypedCompositeActor_ModularCodeGenTypedCompositeActor_profile.java
-rw-rw-r--   1 travis travis    820 Jul 11 02:12 ModularCodeGen2_ModularCodeGenTypedCompositeActor_profile.class
-rw-rw-r--   1 travis travis    693 Jul 11 02:12 ModularCodeGen2_ModularCodeGenTypedCompositeActor_profile.java
-rw-rw-r--   1 travis travis   3973 Jul 11 02:12 ModularCodeGen3_A1_B1.class
-rw-rw-r--   1 travis travis   9958 Jul 11 02:12 ModularCodeGen3_A1_B1.java
-rw-rw-r--   1 travis travis    880 Jul 11 02:12 ModularCodeGen3_A1_B1.mk
-rw-rw-r--   1 travis travis   1330 Jul 11 02:12 ModularCodeGen3_A1_B1_profile.class
-rw-rw-r--   1 travis travis   1274 Jul 11 02:12 ModularCodeGen3_A1_B1_profile.java
-rw-rw-r--   1 travis travis   3973 Jul 11 02:12 ModularCodeGen3_A1_B2.class
-rw-rw-r--   1 travis travis   9958 Jul 11 02:12 ModularCodeGen3_A1_B2.java
-rw-rw-r--   1 travis travis    880 Jul 11 02:12 ModularCodeGen3_A1_B2.mk
-rw-rw-r--   1 travis travis   1330 Jul 11 02:12 ModularCodeGen3_A1_B2_profile.class
-rw-rw-r--   1 travis travis   1274 Jul 11 02:12 ModularCodeGen3_A1_B2_profile.java
-rw-rw-r--   1 travis travis   5193 Jul 11 02:12 ModularCodeGen3_A1.class
-rw-rw-r--   1 travis travis  15564 Jul 11 02:12 ModularCodeGen3_A1.java
-rw-rw-r--   1 travis travis    856 Jul 11 02:12 ModularCodeGen3_A1.mk
-rw-rw-r--   1 travis travis   1445 Jul 11 02:12 ModularCodeGen3_A1_profile.class
-rw-rw-r--   1 travis travis   1716 Jul 11 02:12 ModularCodeGen3_A1_profile.java
-rw-rw-r--   1 travis travis   4119 Jul 11 02:12 ModularCodeGen3_A2_B1.class
-rw-rw-r--   1 travis travis  10955 Jul 11 02:12 ModularCodeGen3_A2_B1.java
-rw-rw-r--   1 travis travis    880 Jul 11 02:12 ModularCodeGen3_A2_B1.mk
-rw-rw-r--   1 travis travis   1393 Jul 11 02:12 ModularCodeGen3_A2_B1_profile.class
-rw-rw-r--   1 travis travis   1458 Jul 11 02:12 ModularCodeGen3_A2_B1_profile.java
-rw-rw-r--   1 travis travis   3973 Jul 11 02:12 ModularCodeGen3_A2_B2.class
-rw-rw-r--   1 travis travis   9958 Jul 11 02:12 ModularCodeGen3_A2_B2.java
-rw-rw-r--   1 travis travis    880 Jul 11 02:12 ModularCodeGen3_A2_B2.mk
-rw-rw-r--   1 travis travis   1330 Jul 11 02:12 ModularCodeGen3_A2_B2_profile.class
-rw-rw-r--   1 travis travis   1274 Jul 11 02:12 ModularCodeGen3_A2_B2_profile.java
-rw-rw-r--   1 travis travis   5270 Jul 11 02:12 ModularCodeGen3_A2.class
-rw-rw-r--   1 travis travis  15957 Jul 11 02:12 ModularCodeGen3_A2.java
-rw-rw-r--   1 travis travis    856 Jul 11 02:12 ModularCodeGen3_A2.mk
-rw-rw-r--   1 travis travis   1445 Jul 11 02:12 ModularCodeGen3_A2_profile.class
-rw-rw-r--   1 travis travis   1716 Jul 11 02:12 ModularCodeGen3_A2_profile.java
-rw-rw-r--   1 travis travis   4026 Jul 11 02:12 ModularCodeGen4_A1_B1.class
-rw-rw-r--   1 travis travis  10312 Jul 11 02:12 ModularCodeGen4_A1_B1.java
-rw-rw-r--   1 travis travis    880 Jul 11 02:12 ModularCodeGen4_A1_B1.mk
-rw-rw-r--   1 travis travis   1330 Jul 11 02:12 ModularCodeGen4_A1_B1_profile.class
-rw-rw-r--   1 travis travis   1273 Jul 11 02:12 ModularCodeGen4_A1_B1_profile.java
-rw-rw-r--   1 travis travis   4026 Jul 11 02:12 ModularCodeGen4_A1_B2.class
-rw-rw-r--   1 travis travis  10312 Jul 11 02:12 ModularCodeGen4_A1_B2.java
-rw-rw-r--   1 travis travis    880 Jul 11 02:12 ModularCodeGen4_A1_B2.mk
-rw-rw-r--   1 travis travis   1330 Jul 11 02:12 ModularCodeGen4_A1_B2_profile.class
-rw-rw-r--   1 travis travis   1273 Jul 11 02:12 ModularCodeGen4_A1_B2_profile.java
-rw-rw-r--   1 travis travis   5333 Jul 11 02:12 ModularCodeGen4_A1.class
-rw-rw-r--   1 travis travis  16245 Jul 11 02:12 ModularCodeGen4_A1.java
-rw-rw-r--   1 travis travis    856 Jul 11 02:12 ModularCodeGen4_A1.mk
-rw-rw-r--   1 travis travis   1445 Jul 11 02:12 ModularCodeGen4_A1_profile.class
-rw-rw-r--   1 travis travis   1712 Jul 11 02:12 ModularCodeGen4_A1_profile.java
-rw-rw-r--   1 travis travis   4220 Jul 11 02:12 ModularCodeGen4_A2_B1.class
-rw-rw-r--   1 travis travis  11375 Jul 11 02:12 ModularCodeGen4_A2_B1.java
-rw-rw-r--   1 travis travis    880 Jul 11 02:12 ModularCodeGen4_A2_B1.mk
-rw-rw-r--   1 travis travis   1393 Jul 11 02:12 ModularCodeGen4_A2_B1_profile.class
-rw-rw-r--   1 travis travis   1454 Jul 11 02:12 ModularCodeGen4_A2_B1_profile.java
-rw-rw-r--   1 travis travis   4074 Jul 11 02:12 ModularCodeGen4_A2_B2.class
-rw-rw-r--   1 travis travis  10378 Jul 11 02:12 ModularCodeGen4_A2_B2.java
-rw-rw-r--   1 travis travis    880 Jul 11 02:12 ModularCodeGen4_A2_B2.mk
-rw-rw-r--   1 travis travis   1330 Jul 11 02:12 ModularCodeGen4_A2_B2_profile.class
-rw-rw-r--   1 travis travis   1270 Jul 11 02:12 ModularCodeGen4_A2_B2_profile.java
-rw-rw-r--   1 travis travis   5506 Jul 11 02:12 ModularCodeGen4_A2.class
-rw-rw-r--   1 travis travis  16770 Jul 11 02:12 ModularCodeGen4_A2.java
-rw-rw-r--   1 travis travis    856 Jul 11 02:12 ModularCodeGen4_A2.mk
-rw-rw-r--   1 travis travis   1445 Jul 11 02:12 ModularCodeGen4_A2_profile.class
-rw-rw-r--   1 travis travis   1712 Jul 11 02:12 ModularCodeGen4_A2_profile.java
-rw-rw-r--   1 travis travis   1815 Jul 11 02:12 ModularCodeGen5_A_A_profile.java
-rw-rw-r--   1 travis travis   4186 Jul 11 02:12 ModularCodeGen_ModularCodeGenTypedCompositeActor.class
-rw-rw-r--   1 travis travis  10970 Jul 11 02:12 ModularCodeGen_ModularCodeGenTypedCompositeActor.java
-rw-rw-r--   1 travis travis   1096 Jul 11 02:12 ModularCodeGen_ModularCodeGenTypedCompositeActor.mk
-rw-rw-r--   1 travis travis   1384 Jul 11 02:12 ModularCodeGen_ModularCodeGenTypedCompositeActor_profile.class
-rw-rw-r--   1 travis travis   1328 Jul 11 02:12 ModularCodeGen_ModularCodeGenTypedCompositeActor_profile.java
-rw-rw-r--   1 travis travis   3724 Jul 11 02:11 ModularCodeGenTest_A1_A2.class
-rw-rw-r--   1 travis travis   9164 Jul 11 02:11 ModularCodeGenTest_A1_A2.java
-rw-rw-r--   1 travis travis   1306 Jul 11 02:11 ModularCodeGenTest_A1_A2_profile.class
-rw-rw-r--   1 travis travis   4055 Jul 11 02:11 ModularCodeGenTest_A1.class
-rw-rw-r--   1 travis travis   9968 Jul 11 02:11 ModularCodeGenTest_A1.java
-rw-rw-r--   1 travis travis    880 Jul 11 02:11 ModularCodeGenTest_A1.mk
-rw-rw-r--   1 travis travis   1352 Jul 11 02:11 ModularCodeGenTest_A1_profile.class
-rw-rw-r--   1 travis travis   1394 Jul 11 02:11 ModularCodeGenTest_A1_profile.java
drwxrwxr-x   3 travis travis  32768 Jul 11 02:10 modulation2
drwxrwxr-x 139 travis travis  12288 Jul 11 02:11 node_modules
drwxrwxr-x   3 travis travis  20480 Jul 11 02:06 PhaseUnwrap
drwxrwxr-x   3 travis travis  12288 Jul 11 02:06 ReadFile1
-rw-rw-r--   1 travis travis     11 Jul 11 02:06 ReadFile1Output.txt
-rw-rw-r--   1 travis travis   9615 Jul 11 02:11 Repeat.class
-rw-rw-r--   1 travis travis    666 Jul 11 02:11 Repeat$_fireFunction_Repeat_Repeat$__f_sL_11.class
-rw-rw-r--   1 travis travis    522 Jul 11 02:11 Repeat$_fireFunction_Repeat_Repeat$__f_sL_12.class
-rw-rw-r--   1 travis travis    522 Jul 11 02:11 Repeat$_fireFunction_Repeat_Repeat$__f_sL_13.class
-rw-rw-r--   1 travis travis    522 Jul 11 02:11 Repeat$_fireFunction_Repeat_Repeat$__f_sL_14.class
-rw-rw-r--   1 travis travis    665 Jul 11 02:11 Repeat$_fireFunction_Repeat_Repeat$__f_sL_1.class
-rw-rw-r--   1 travis travis    664 Jul 11 02:11 Repeat$_fireFunction_Repeat_Repeat$__f_sL_4.class
-rw-rw-r--   1 travis travis    520 Jul 11 02:11 Repeat$_fireFunction_Repeat_Repeat$__f_sL_9.class
-rw-rw-r--   1 travis travis    475 Jul 11 02:11 Repeat$_initialize_Repeat$__i_sL_2.class
-rw-rw-r--   1 travis travis   1281 Jul 11 02:10 Repeat.mk
-rw-rw-r--   1 travis travis    520 Jul 11 02:11 Repeat$_preinitializeMethod_Repeat$__p_sL_0.class
-rw-rw-r--   1 travis travis   1083 Jul 11 02:11 Repeat$_Repeat$_fireFunction_Repeat_AddSubtract_Repeat.class
-rw-rw-r--   1 travis travis    791 Jul 11 02:11 Repeat$_Repeat$_fireFunction_Repeat_AddSubtract_Repeat$__f_sL_0.class
-rw-rw-r--   1 travis travis    909 Jul 11 02:11 Repeat$_Repeat$_fireFunction_Repeat_AddSubtract_Repeat$__f_sL_1.class
-rw-rw-r--   1 travis travis    915 Jul 11 02:11 Repeat$_Repeat$_fireFunction_Repeat_AddSubtract_Repeat$__f_sL_2.class
-rw-rw-r--   1 travis travis    843 Jul 11 02:11 Repeat$_Repeat$_fireFunction_Repeat_AddSubtract_Repeat$__f_sL_3.class
-rw-rw-r--   1 travis travis    738 Jul 11 02:11 Repeat$_Repeat$_fireFunction_Repeat_Ramp2_Repeat$__f_sL_0.class
-rw-rw-r--   1 travis travis    869 Jul 11 02:11 Repeat$_Repeat$_fireFunction_Repeat_Test_Repeat$__f_sL_0.class
-rw-rw-r--   1 travis travis    615 Jul 11 02:11 Repeat$_Repeat$_fireFunction_Repeat_Test_Repeat$__f_sL_1.class
-rw-rw-r--   1 travis travis    685 Jul 11 02:11 Repeat$_Repeat_SDF_Director_run_Repeat$__R_sL_0.class
-rw-rw-r--   1 travis travis    686 Jul 11 02:11 Repeat$_Repeat_SDF_Director_run_Repeat$__R_sL_11.class
-rw-rw-r--   1 travis travis    542 Jul 11 02:11 Repeat$_Repeat_SDF_Director_run_Repeat$__R_sL_13.class
-rw-rw-r--   1 travis travis    540 Jul 11 02:11 Repeat$_Repeat_SDF_Director_run_Repeat$__R_sL_2.class
-rw-rw-r--   1 travis travis    684 Jul 11 02:11 Repeat$_Repeat_SDF_Director_run_Repeat$__R_sL_3.class
-rw-rw-r--   1 travis travis    540 Jul 11 02:11 Repeat$_Repeat_SDF_Director_run_Repeat$__R_sL_5.class
-rw-rw-r--   1 travis travis    540 Jul 11 02:11 Repeat$_Repeat_SDF_Director_run_Repeat$__R_sL_8.class
drwxrwxr-x   2 travis travis   4096 Jul 11 02:11 RepeatVariables
-rw-rw-r--   1 travis travis    863 Jul 11 02:11 Repeat$_varinit_Repeat.class
-rw-rw-r--   1 travis travis    531 Jul 11 02:11 Repeat$_varinit_Repeat$__v_sL_2.class
-rw-rw-r--   1 travis travis    905 Jul 11 02:11 Repeat$_varinit_Repeat$__v_sL_4.class
-rw-rw-r--   1 travis travis    959 Jul 11 02:11 Repeat$_wrapup_Repeat$__w_sL_1.class
drwxrwxr-x   3 travis travis  20480 Jul 11 02:06 Sinewave
drwxrwxr-x   3 travis travis  32768 Jul 11 02:08 StringFunction
drwxrwxr-x   3 travis travis  12288 Jul 11 02:08 StringLength
drwxrwxr-x   3 travis travis  61440 Jul 11 02:09 StringMatches2
drwxrwxr-x   3 travis travis  61440 Jul 11 02:09 StringSimpleReplace
drwxrwxr-x   3 travis travis  65536 Jul 11 02:09 StringSubstring
drwxrwxr-x   3 travis travis  24576 Jul 11 02:09 StringSubstring2
drwxrwxr-x   3 travis travis  16384 Jul 11 02:10 time1
drwxrwxr-x   3 travis travis  12288 Jul 11 02:10 time5
-rw-rw-r--   1 travis travis    432 Jul 11 02:12 Token.class
-rw-rw-r--   1 travis travis    251 Jul 11 02:12 Token.java
-rwxrwxr-x   1 travis travis 466992 Jul 11 02:03 top
-rw-rw-r--   1 travis travis  20502 Jul 11 02:03 top.c
-rw-rw-r--   1 travis travis   3799 Jul 11 02:11 top.class
-rw-rw-r--   1 travis travis   1257 Jul 11 02:11 top.mk
All Done
Writing ModularCodeGen5_A_A.java in file:/home/travis/cg/ (28721 characters)
Reading "ptolemy/cg/kernel/generic/program/procedural/java/modular/makefile.in",
    writing "/home/travis/cg/ModularCodeGen5_A_A.mk"
Using ptolemy/cg/kernel/generic/program/procedural/java/modular/makefile.in
In "/home/travis/cg", about to execute:
    make -f ModularCodeGen5_A_A.mk
javac -classpath ".:.."    ModularCodeGen5_A_A.java
All Done
In "/home/travis/cg", about to execute:
    pwd
/home/travis/cg
In "/home/travis/cg", about to execute:
    ls -l
total 2160
drwxrwxr-x   3 travis travis  12288 Jul 11 02:04 AbsoluteValue
drwxrwxr-x   3 travis travis 102400 Jul 11 02:03 AllColt
drwxrwxr-x   3 travis travis  12288 Jul 11 02:04 Case1
-rw-rw-r--   1 travis travis   5104 Jul 11 02:11 CompiledCompositeActor_CompiledCompositeActor.class
-rw-rw-r--   1 travis travis   1592 Jul 11 02:11 CompiledCompositeActor_CompiledCompositeActor$_CompiledCompositeActor_CompiledCompositeActor.class
-rw-rw-r--   1 travis travis  13466 Jul 11 02:11 CompiledCompositeActor_CompiledCompositeActor.java
-rw-rw-r--   1 travis travis   1593 Jul 11 02:11 CompiledCompositeActor_CompiledCompositeActor.mk
drwxrwxr-x   5 travis travis   4096 Jul 11 02:03 fmi
drwxrwxr-x   3 travis travis  16384 Jul 11 02:05 Gaussian2
-rw-rw-r--   1 travis travis   4660 Jul 11 02:11 JavaCompiledCompositeTest1_CompiledCompositeActor.class
-rw-rw-r--   1 travis travis  11637 Jul 11 02:11 JavaCompiledCompositeTest1_CompiledCompositeActor.java
-rw-rw-r--   1 travis travis   1198 Jul 11 02:11 JavaCompiledCompositeTest1_CompiledCompositeActor$_JavaCompiledCompositeTest1_CompiledCompositeActor.class
-rw-rw-r--   1 travis travis   1625 Jul 11 02:11 JavaCompiledCompositeTest1_CompiledCompositeActor.mk
-rw-rw-r--   1 travis travis   5091 Jul 11 02:11 JavaCompiledCompositeTest2_CompiledCompositeActor.class
-rw-rw-r--   1 travis travis  14919 Jul 11 02:11 JavaCompiledCompositeTest2_CompiledCompositeActor.java
-rw-rw-r--   1 travis travis   1793 Jul 11 02:11 JavaCompiledCompositeTest2_CompiledCompositeActor$_JavaCompiledCompositeTest2_CompiledCompositeActor.class
-rw-rw-r--   1 travis travis   1625 Jul 11 02:11 JavaCompiledCompositeTest2_CompiledCompositeActor.mk
-rw-rw-r--   1 travis travis   4708 Jul 11 02:11 JavaCompiledCompositeTest3_CompiledCompositeActor.class
-rw-rw-r--   1 travis travis  13080 Jul 11 02:11 JavaCompiledCompositeTest3_CompiledCompositeActor.java
-rw-rw-r--   1 travis travis   1378 Jul 11 02:11 JavaCompiledCompositeTest3_CompiledCompositeActor$_JavaCompiledCompositeTest3_CompiledCompositeActor.class
-rw-rw-r--   1 travis travis   1625 Jul 11 02:11 JavaCompiledCompositeTest3_CompiledCompositeActor.mk
-rw-rw-r--   1 travis travis   4159 Jul 11 02:11 JavaCompiledCompositeTest4_CompiledCompositeActor.class
-rw-rw-r--   1 travis travis   9687 Jul 11 02:11 JavaCompiledCompositeTest4_CompiledCompositeActor.java
-rw-rw-r--   1 travis travis    857 Jul 11 02:11 JavaCompiledCompositeTest4_CompiledCompositeActor$_JavaCompiledCompositeTest4_CompiledCompositeActor.class
-rw-rw-r--   1 travis travis   1625 Jul 11 02:11 JavaCompiledCompositeTest4_CompiledCompositeActor.mk
drwxrwxr-x   3 travis travis  12288 Jul 11 02:05 LookupTable
drwxrwxr-x   3 travis travis  20480 Jul 11 02:05 MaxIndex
-rw-rw-r--   1 travis travis   3925 Jul 11 02:11 ModularCG_A1_B1.class
-rw-rw-r--   1 travis travis   9730 Jul 11 02:11 ModularCG_A1_B1.java
-rw-rw-r--   1 travis travis    832 Jul 11 02:11 ModularCG_A1_B1.mk
-rw-rw-r--   1 travis travis   1318 Jul 11 02:11 ModularCG_A1_B1_profile.class
-rw-rw-r--   1 travis travis   1262 Jul 11 02:11 ModularCG_A1_B1_profile.java
-rw-rw-r--   1 travis travis   3925 Jul 11 02:11 ModularCG_A1_B2.class
-rw-rw-r--   1 travis travis   9730 Jul 11 02:11 ModularCG_A1_B2.java
-rw-rw-r--   1 travis travis    832 Jul 11 02:11 ModularCG_A1_B2.mk
-rw-rw-r--   1 travis travis   1318 Jul 11 02:11 ModularCG_A1_B2_profile.class
-rw-rw-r--   1 travis travis   1262 Jul 11 02:11 ModularCG_A1_B2_profile.java
-rw-rw-r--   1 travis travis   5031 Jul 11 02:11 ModularCG_A1.class
-rw-rw-r--   1 travis travis  14742 Jul 11 02:11 ModularCG_A1.java
-rw-rw-r--   1 travis travis    808 Jul 11 02:11 ModularCG_A1.mk
-rw-rw-r--   1 travis travis   1433 Jul 11 02:11 ModularCG_A1_profile.class
-rw-rw-r--   1 travis travis   1704 Jul 11 02:11 ModularCG_A1_profile.java
-rw-rw-r--   1 travis travis   4059 Jul 11 02:11 ModularCG_A2_B1.class
-rw-rw-r--   1 travis travis  10667 Jul 11 02:11 ModularCG_A2_B1.java
-rw-rw-r--   1 travis travis    832 Jul 11 02:11 ModularCG_A2_B1.mk
-rw-rw-r--   1 travis travis   1381 Jul 11 02:11 ModularCG_A2_B1_profile.class
-rw-rw-r--   1 travis travis   1446 Jul 11 02:11 ModularCG_A2_B1_profile.java
-rw-rw-r--   1 travis travis   3925 Jul 11 02:11 ModularCG_A2_B2.class
-rw-rw-r--   1 travis travis   9730 Jul 11 02:11 ModularCG_A2_B2.java
-rw-rw-r--   1 travis travis    832 Jul 11 02:11 ModularCG_A2_B2.mk
-rw-rw-r--   1 travis travis   1318 Jul 11 02:11 ModularCG_A2_B2_profile.class
-rw-rw-r--   1 travis travis   1262 Jul 11 02:11 ModularCG_A2_B2_profile.java
-rw-rw-r--   1 travis travis   5102 Jul 11 02:11 ModularCG_A2.class
-rw-rw-r--   1 travis travis  15129 Jul 11 02:11 ModularCG_A2.java
-rw-rw-r--   1 travis travis    808 Jul 11 02:11 ModularCG_A2.mk
-rw-rw-r--   1 travis travis   1433 Jul 11 02:11 ModularCG_A2_profile.class
-rw-rw-r--   1 travis travis   1704 Jul 11 02:11 ModularCG_A2_profile.java
-rw-rw-r--   1 travis travis   3705 Jul 11 02:12 ModularCGPubSub_A1_A2.class
-rw-rw-r--   1 travis travis   9076 Jul 11 02:11 ModularCGPubSub_A1_A2.java
-rw-rw-r--   1 travis travis    880 Jul 11 02:11 ModularCGPubSub_A1_A2.mk
-rw-rw-r--   1 travis travis   1300 Jul 11 02:11 ModularCGPubSub_A1_A2_profile.class
-rw-rw-r--   1 travis travis   1222 Jul 11 02:11 ModularCGPubSub_A1_A2_profile.java
-rw-rw-r--   1 travis travis   4022 Jul 11 02:12 ModularCGPubSub_A1.class
-rw-rw-r--   1 travis travis   9836 Jul 11 02:12 ModularCGPubSub_A1.java
-rw-rw-r--   1 travis travis    856 Jul 11 02:12 ModularCGPubSub_A1.mk
-rw-rw-r--   1 travis travis   1346 Jul 11 02:12 ModularCGPubSub_A1_profile.class
-rw-rw-r--   1 travis travis   1388 Jul 11 02:12 ModularCGPubSub_A1_profile.java
-rw-rw-r--   1 travis travis   4220 Jul 11 02:12 ModularCodeGen2_ModularCodeGenTypedCompositeActor.class
-rw-rw-r--   1 travis travis  11690 Jul 11 02:12 ModularCodeGen2_ModularCodeGenTypedCompositeActor.java
-rw-rw-r--   1 travis travis   1104 Jul 11 02:12 ModularCodeGen2_ModularCodeGenTypedCompositeActor.mk
-rw-rw-r--   1 travis travis   4504 Jul 11 02:12 ModularCodeGen2_ModularCodeGenTypedCompositeActor_ModularCodeGenTypedCompositeActor.class
-rw-rw-r--   1 travis travis  11790 Jul 11 02:12 ModularCodeGen2_ModularCodeGenTypedCompositeActor_ModularCodeGenTypedCompositeActor.java
-rw-rw-r--   1 travis travis   1376 Jul 11 02:12 ModularCodeGen2_ModularCodeGenTypedCompositeActor_ModularCodeGenTypedCompositeActor.mk
-rw-rw-r--   1 travis travis   1421 Jul 11 02:12 ModularCodeGen2_ModularCodeGenTypedCompositeActor_ModularCodeGenTypedCompositeActor_profile.class
-rw-rw-r--   1 travis travis   1294 Jul 11 02:12 ModularCodeGen2_ModularCodeGenTypedCompositeActor_ModularCodeGenTypedCompositeActor_profile.java
-rw-rw-r--   1 travis travis    820 Jul 11 02:12 ModularCodeGen2_ModularCodeGenTypedCompositeActor_profile.class
-rw-rw-r--   1 travis travis    693 Jul 11 02:12 ModularCodeGen2_ModularCodeGenTypedCompositeActor_profile.java
-rw-rw-r--   1 travis travis   3973 Jul 11 02:12 ModularCodeGen3_A1_B1.class
-rw-rw-r--   1 travis travis   9958 Jul 11 02:12 ModularCodeGen3_A1_B1.java
-rw-rw-r--   1 travis travis    880 Jul 11 02:12 ModularCodeGen3_A1_B1.mk
-rw-rw-r--   1 travis travis   1330 Jul 11 02:12 ModularCodeGen3_A1_B1_profile.class
-rw-rw-r--   1 travis travis   1274 Jul 11 02:12 ModularCodeGen3_A1_B1_profile.java
-rw-rw-r--   1 travis travis   3973 Jul 11 02:12 ModularCodeGen3_A1_B2.class
-rw-rw-r--   1 travis travis   9958 Jul 11 02:12 ModularCodeGen3_A1_B2.java
-rw-rw-r--   1 travis travis    880 Jul 11 02:12 ModularCodeGen3_A1_B2.mk
-rw-rw-r--   1 travis travis   1330 Jul 11 02:12 ModularCodeGen3_A1_B2_profile.class
-rw-rw-r--   1 travis travis   1274 Jul 11 02:12 ModularCodeGen3_A1_B2_profile.java
-rw-rw-r--   1 travis travis   5193 Jul 11 02:12 ModularCodeGen3_A1.class
-rw-rw-r--   1 travis travis  15564 Jul 11 02:12 ModularCodeGen3_A1.java
-rw-rw-r--   1 travis travis    856 Jul 11 02:12 ModularCodeGen3_A1.mk
-rw-rw-r--   1 travis travis   1445 Jul 11 02:12 ModularCodeGen3_A1_profile.class
-rw-rw-r--   1 travis travis   1716 Jul 11 02:12 ModularCodeGen3_A1_profile.java
-rw-rw-r--   1 travis travis   4119 Jul 11 02:12 ModularCodeGen3_A2_B1.class
-rw-rw-r--   1 travis travis  10955 Jul 11 02:12 ModularCodeGen3_A2_B1.java
-rw-rw-r--   1 travis travis    880 Jul 11 02:12 ModularCodeGen3_A2_B1.mk
-rw-rw-r--   1 travis travis   1393 Jul 11 02:12 ModularCodeGen3_A2_B1_profile.class
-rw-rw-r--   1 travis travis   1458 Jul 11 02:12 ModularCodeGen3_A2_B1_profile.java
-rw-rw-r--   1 travis travis   3973 Jul 11 02:12 ModularCodeGen3_A2_B2.class
-rw-rw-r--   1 travis travis   9958 Jul 11 02:12 ModularCodeGen3_A2_B2.java
-rw-rw-r--   1 travis travis    880 Jul 11 02:12 ModularCodeGen3_A2_B2.mk
-rw-rw-r--   1 travis travis   1330 Jul 11 02:12 ModularCodeGen3_A2_B2_profile.class
-rw-rw-r--   1 travis travis   1274 Jul 11 02:12 ModularCodeGen3_A2_B2_profile.java
-rw-rw-r--   1 travis travis   5270 Jul 11 02:12 ModularCodeGen3_A2.class
-rw-rw-r--   1 travis travis  15957 Jul 11 02:12 ModularCodeGen3_A2.java
-rw-rw-r--   1 travis travis    856 Jul 11 02:12 ModularCodeGen3_A2.mk
-rw-rw-r--   1 travis travis   1445 Jul 11 02:12 ModularCodeGen3_A2_profile.class
-rw-rw-r--   1 travis travis   1716 Jul 11 02:12 ModularCodeGen3_A2_profile.java
-rw-rw-r--   1 travis travis   4026 Jul 11 02:12 ModularCodeGen4_A1_B1.class
-rw-rw-r--   1 travis travis  10312 Jul 11 02:12 ModularCodeGen4_A1_B1.java
-rw-rw-r--   1 travis travis    880 Jul 11 02:12 ModularCodeGen4_A1_B1.mk
-rw-rw-r--   1 travis travis   1330 Jul 11 02:12 ModularCodeGen4_A1_B1_profile.class
-rw-rw-r--   1 travis travis   1273 Jul 11 02:12 ModularCodeGen4_A1_B1_profile.java
-rw-rw-r--   1 travis travis   4026 Jul 11 02:12 ModularCodeGen4_A1_B2.class
-rw-rw-r--   1 travis travis  10312 Jul 11 02:12 ModularCodeGen4_A1_B2.java
-rw-rw-r--   1 travis travis    880 Jul 11 02:12 ModularCodeGen4_A1_B2.mk
-rw-rw-r--   1 travis travis   1330 Jul 11 02:12 ModularCodeGen4_A1_B2_profile.class
-rw-rw-r--   1 travis travis   1273 Jul 11 02:12 ModularCodeGen4_A1_B2_profile.java
-rw-rw-r--   1 travis travis   5333 Jul 11 02:12 ModularCodeGen4_A1.class
-rw-rw-r--   1 travis travis  16245 Jul 11 02:12 ModularCodeGen4_A1.java
-rw-rw-r--   1 travis travis    856 Jul 11 02:12 ModularCodeGen4_A1.mk
-rw-rw-r--   1 travis travis   1445 Jul 11 02:12 ModularCodeGen4_A1_profile.class
-rw-rw-r--   1 travis travis   1712 Jul 11 02:12 ModularCodeGen4_A1_profile.java
-rw-rw-r--   1 travis travis   4220 Jul 11 02:12 ModularCodeGen4_A2_B1.class
-rw-rw-r--   1 travis travis  11375 Jul 11 02:12 ModularCodeGen4_A2_B1.java
-rw-rw-r--   1 travis travis    880 Jul 11 02:12 ModularCodeGen4_A2_B1.mk
-rw-rw-r--   1 travis travis   1393 Jul 11 02:12 ModularCodeGen4_A2_B1_profile.class
-rw-rw-r--   1 travis travis   1454 Jul 11 02:12 ModularCodeGen4_A2_B1_profile.java
-rw-rw-r--   1 travis travis   4074 Jul 11 02:12 ModularCodeGen4_A2_B2.class
-rw-rw-r--   1 travis travis  10378 Jul 11 02:12 ModularCodeGen4_A2_B2.java
-rw-rw-r--   1 travis travis    880 Jul 11 02:12 ModularCodeGen4_A2_B2.mk
-rw-rw-r--   1 travis travis   1330 Jul 11 02:12 ModularCodeGen4_A2_B2_profile.class
-rw-rw-r--   1 travis travis   1270 Jul 11 02:12 ModularCodeGen4_A2_B2_profile.java
-rw-rw-r--   1 travis travis   5506 Jul 11 02:12 ModularCodeGen4_A2.class
-rw-rw-r--   1 travis travis  16770 Jul 11 02:12 ModularCodeGen4_A2.java
-rw-rw-r--   1 travis travis    856 Jul 11 02:12 ModularCodeGen4_A2.mk
-rw-rw-r--   1 travis travis   1445 Jul 11 02:12 ModularCodeGen4_A2_profile.class
-rw-rw-r--   1 travis travis   1712 Jul 11 02:12 ModularCodeGen4_A2_profile.java
-rw-rw-r--   1 travis travis   7070 Jul 11 02:12 ModularCodeGen5_A_A.class
-rw-rw-r--   1 travis travis  28721 Jul 11 02:12 ModularCodeGen5_A_A.java
-rw-rw-r--   1 travis travis    864 Jul 11 02:12 ModularCodeGen5_A_A.mk
-rw-rw-r--   1 travis travis   1520 Jul 11 02:12 ModularCodeGen5_A_A_profile.class
-rw-rw-r--   1 travis travis   1815 Jul 11 02:12 ModularCodeGen5_A_A_profile.java
-rw-rw-r--   1 travis travis   1605 Jul 11 02:12 ModularCodeGen5_A_profile.java
-rw-rw-r--   1 travis travis   4186 Jul 11 02:12 ModularCodeGen_ModularCodeGenTypedCompositeActor.class
-rw-rw-r--   1 travis travis  10970 Jul 11 02:12 ModularCodeGen_ModularCodeGenTypedCompositeActor.java
-rw-rw-r--   1 travis travis   1096 Jul 11 02:12 ModularCodeGen_ModularCodeGenTypedCompositeActor.mk
-rw-rw-r--   1 travis travis   1384 Jul 11 02:12 ModularCodeGen_ModularCodeGenTypedCompositeActor_profile.class
-rw-rw-r--   1 travis travis   1328 Jul 11 02:12 ModularCodeGen_ModularCodeGenTypedCompositeActor_profile.java
-rw-rw-r--   1 travis travis   3724 Jul 11 02:11 ModularCodeGenTest_A1_A2.class
-rw-rw-r--   1 travis travis   9164 Jul 11 02:11 ModularCodeGenTest_A1_A2.java
-rw-rw-r--   1 travis travis   1306 Jul 11 02:11 ModularCodeGenTest_A1_A2_profile.class
-rw-rw-r--   1 travis travis   4055 Jul 11 02:11 ModularCodeGenTest_A1.class
-rw-rw-r--   1 travis travis   9968 Jul 11 02:11 ModularCodeGenTest_A1.java
-rw-rw-r--   1 travis travis    880 Jul 11 02:11 ModularCodeGenTest_A1.mk
-rw-rw-r--   1 travis travis   1352 Jul 11 02:11 ModularCodeGenTest_A1_profile.class
-rw-rw-r--   1 travis travis   1394 Jul 11 02:11 ModularCodeGenTest_A1_profile.java
drwxrwxr-x   3 travis travis  32768 Jul 11 02:10 modulation2
drwxrwxr-x 139 travis travis  12288 Jul 11 02:11 node_modules
drwxrwxr-x   3 travis travis  20480 Jul 11 02:06 PhaseUnwrap
drwxrwxr-x   3 travis travis  12288 Jul 11 02:06 ReadFile1
-rw-rw-r--   1 travis travis     11 Jul 11 02:06 ReadFile1Output.txt
-rw-rw-r--   1 travis travis   9615 Jul 11 02:11 Repeat.class
-rw-rw-r--   1 travis travis    666 Jul 11 02:11 Repeat$_fireFunction_Repeat_Repeat$__f_sL_11.class
-rw-rw-r--   1 travis travis    522 Jul 11 02:11 Repeat$_fireFunction_Repeat_Repeat$__f_sL_12.class
-rw-rw-r--   1 travis travis    522 Jul 11 02:11 Repeat$_fireFunction_Repeat_Repeat$__f_sL_13.class
-rw-rw-r--   1 travis travis    522 Jul 11 02:11 Repeat$_fireFunction_Repeat_Repeat$__f_sL_14.class
-rw-rw-r--   1 travis travis    665 Jul 11 02:11 Repeat$_fireFunction_Repeat_Repeat$__f_sL_1.class
-rw-rw-r--   1 travis travis    664 Jul 11 02:11 Repeat$_fireFunction_Repeat_Repeat$__f_sL_4.class
-rw-rw-r--   1 travis travis    520 Jul 11 02:11 Repeat$_fireFunction_Repeat_Repeat$__f_sL_9.class
-rw-rw-r--   1 travis travis    475 Jul 11 02:11 Repeat$_initialize_Repeat$__i_sL_2.class
-rw-rw-r--   1 travis travis   1281 Jul 11 02:10 Repeat.mk
-rw-rw-r--   1 travis travis    520 Jul 11 02:11 Repeat$_preinitializeMethod_Repeat$__p_sL_0.class
-rw-rw-r--   1 travis travis   1083 Jul 11 02:11 Repeat$_Repeat$_fireFunction_Repeat_AddSubtract_Repeat.class
-rw-rw-r--   1 travis travis    791 Jul 11 02:11 Repeat$_Repeat$_fireFunction_Repeat_AddSubtract_Repeat$__f_sL_0.class
-rw-rw-r--   1 travis travis    909 Jul 11 02:11 Repeat$_Repeat$_fireFunction_Repeat_AddSubtract_Repeat$__f_sL_1.class
-rw-rw-r--   1 travis travis    915 Jul 11 02:11 Repeat$_Repeat$_fireFunction_Repeat_AddSubtract_Repeat$__f_sL_2.class
-rw-rw-r--   1 travis travis    843 Jul 11 02:11 Repeat$_Repeat$_fireFunction_Repeat_AddSubtract_Repeat$__f_sL_3.class
-rw-rw-r--   1 travis travis    738 Jul 11 02:11 Repeat$_Repeat$_fireFunction_Repeat_Ramp2_Repeat$__f_sL_0.class
-rw-rw-r--   1 travis travis    869 Jul 11 02:11 Repeat$_Repeat$_fireFunction_Repeat_Test_Repeat$__f_sL_0.class
-rw-rw-r--   1 travis travis    615 Jul 11 02:11 Repeat$_Repeat$_fireFunction_Repeat_Test_Repeat$__f_sL_1.class
-rw-rw-r--   1 travis travis    685 Jul 11 02:11 Repeat$_Repeat_SDF_Director_run_Repeat$__R_sL_0.class
-rw-rw-r--   1 travis travis    686 Jul 11 02:11 Repeat$_Repeat_SDF_Director_run_Repeat$__R_sL_11.class
-rw-rw-r--   1 travis travis    542 Jul 11 02:11 Repeat$_Repeat_SDF_Director_run_Repeat$__R_sL_13.class
-rw-rw-r--   1 travis travis    540 Jul 11 02:11 Repeat$_Repeat_SDF_Director_run_Repeat$__R_sL_2.class
-rw-rw-r--   1 travis travis    684 Jul 11 02:11 Repeat$_Repeat_SDF_Director_run_Repeat$__R_sL_3.class
-rw-rw-r--   1 travis travis    540 Jul 11 02:11 Repeat$_Repeat_SDF_Director_run_Repeat$__R_sL_5.class
-rw-rw-r--   1 travis travis    540 Jul 11 02:11 Repeat$_Repeat_SDF_Director_run_Repeat$__R_sL_8.class
drwxrwxr-x   2 travis travis   4096 Jul 11 02:11 RepeatVariables
-rw-rw-r--   1 travis travis    863 Jul 11 02:11 Repeat$_varinit_Repeat.class
-rw-rw-r--   1 travis travis    531 Jul 11 02:11 Repeat$_varinit_Repeat$__v_sL_2.class
-rw-rw-r--   1 travis travis    905 Jul 11 02:11 Repeat$_varinit_Repeat$__v_sL_4.class
-rw-rw-r--   1 travis travis    959 Jul 11 02:11 Repeat$_wrapup_Repeat$__w_sL_1.class
drwxrwxr-x   3 travis travis  20480 Jul 11 02:06 Sinewave
drwxrwxr-x   3 travis travis  32768 Jul 11 02:08 StringFunction
drwxrwxr-x   3 travis travis  12288 Jul 11 02:08 StringLength
drwxrwxr-x   3 travis travis  61440 Jul 11 02:09 StringMatches2
drwxrwxr-x   3 travis travis  61440 Jul 11 02:09 StringSimpleReplace
drwxrwxr-x   3 travis travis  65536 Jul 11 02:09 StringSubstring
drwxrwxr-x   3 travis travis  24576 Jul 11 02:09 StringSubstring2
drwxrwxr-x   3 travis travis  16384 Jul 11 02:10 time1
drwxrwxr-x   3 travis travis  12288 Jul 11 02:10 time5
-rw-rw-r--   1 travis travis    432 Jul 11 02:12 Token.class
-rw-rw-r--   1 travis travis    251 Jul 11 02:12 Token.java
-rwxrwxr-x   1 travis travis 466992 Jul 11 02:03 top
-rw-rw-r--   1 travis travis  20502 Jul 11 02:03 top.c
-rw-rw-r--   1 travis travis   3799 Jul 11 02:11 top.class
-rw-rw-r--   1 travis travis   1257 Jul 11 02:11 top.mk
In "/home/travis/cg", about to execute:
    javac -classpath
.:/home/travis/build/icyphy/ptII:/home/travis/build/icyphy/ptII/lib/bsh-2.0b4.j
ar:/home/travis/build/icyphy/ptII/lib/ptCal.jar:/home/travis/build/icyphy/ptII/
lib/java_cup.jar:/home/travis/build/icyphy/ptII/lib/saxon8.jar:/home/travis/bui
ld/icyphy/ptII/lib/saxon8-dom.jar:/home/travis/build/icyphy/ptII/lib/chic.jar:/
home/travis/build/icyphy/ptII/lib/ptcolt.jar:/home/travis/build/icyphy/ptII/ven
dors/misc/itext/iText.jar:/home/travis/build/icyphy/ptII/lib/g4ltl.jar:/home/tr
avis/build/icyphy/ptII/lib/StructuralCoder.jar:/home/travis/build/icyphy/ptII/v
endors/jai-1_1_2_01/lib/jai_core.jar:/home/travis/build/icyphy/ptII/vendors/jai
-1_1_2_01/lib/jai_codec.jar:/home/travis/build/icyphy/ptII/lib/jcerti.jar:/home
/travis/build/icyphy/ptII/lib/javax.mail.jar:/usr/share/java/openjfx/jre/lib/ex
t/jfxrt.jar:/usr/lib/jvm/java-8-openjdk-amd64/jre/lib/ext/jfxrt.jar:/home/travi
s/build/icyphy/ptII/vendors/JMF-2.1.1e/lib/jmf.jar:/home/travis/build/icyphy/pt
II/lib/jna-4.0.0-variadic.jar:/home/travis/build/icyphy/ptII/vendors/misc/joyst
ick/Joystick.jar:/home/travis/build/icyphy/ptII/lib/ptjacl.jar:/home/travis/bui
ld/icyphy/ptII/lib/jsoup-1.8.2.jar:/home/travis/build/icyphy/ptII/lib/junit-4.8
.2.jar:/home/travis/build/icyphy/ptII/lib/JUnitParams-0.4.0.jar:/home/travis/bu
ild/icyphy/ptII/ptolemy/actor/lib/excel/jxl.jar:/home/travis/build/icyphy/ptII/
lib/jython.jar:/home/travis/build/icyphy/ptII/lib/kieler.jar:/home/travis/build
/icyphy/ptII/lib/opencv-341.jar:/home/travis/build/icyphy/ptII/lib/oscP5.jar:/h
ome/travis/build/icyphy/ptII/lib/nrjavaserial-3.11.0.devel.jar:/home/travis/bui
ld/icyphy/ptII/vendors/j3d/lib/j3dcore.jar:/home/travis/build/icyphy/ptII/vendo
rs/j3d/lib/j3dutils.jar:/home/travis/build/icyphy/ptII/vendors/j3d/lib/vecmath.
jar:/home/travis/build/icyphy/ptII/ptolemy/distributed/jini/jar/jini-core.jar:/
home/travis/build/icyphy/ptII/ptolemy/distributed/jini/jar/jini-ext.jar:/home/t
ravis/build/icyphy/ptII/ptolemy/distributed/jini/jar/sun-util.jar:/home/travis/
build/icyphy/ptII/lib/protobuf-java-2.4.1.jar:/home/travis/build/icyphy/ptII/li
b/org.eclipse.paho.client.mqttv3.jar:/home/travis/build/icyphy/ptII/lib/mapss.j
ar:/home/travis/build/icyphy/ptII/ptolemy/actor/ptalon/antlr/antlr.jar:/home/tr
avis/build/icyphy/ptII/lib/JRI.jar:/home/travis/build/icyphy/ptII/lib/commons-l
ang-2.6.jar:/home/travis/build/icyphy/ptII/lib/commons-logging-1.1.1.jar:/home/
travis/build/icyphy/ptII/lib/sootclasses.jar:/home/travis/build/icyphy/ptII/pto
lemy/actor/lib/database/mysql-connector-java-5.1.6-bin.jar:/home/travis/build/i
cyphy/ptII/vendors/misc/sphinx4/sphinx4-data-5prealpha.jar:/home/travis/build/i
cyphy/ptII/vendors/misc/sphinx4/sphinx4-core-5prealpha.jar:/home/travis/build/i
cyphy/ptII/lib/PDFRenderer.jar:/home/travis/build/icyphy/ptII/lib/svgSalamander
.jar:/home/travis/build/icyphy/ptII/lib/rsyntaxtextarea-2.6.0-SNAPSHOT.jar:/hom
e/travis/build/icyphy/ptII/lib/hazelcast-3.8.2.jar:/home/travis/build/icyphy/pt
II/lib/jackson-annotations-2.9.0.jar:/home/travis/build/icyphy/ptII/lib/jackson
-core-2.9.3.jar:/home/travis/build/icyphy/ptII/lib/jackson-databind-2.9.3.jar:/
home/travis/build/icyphy/ptII/lib/netty-buffer-4.1.19.Final.jar:/home/travis/bu
ild/icyphy/ptII/lib/netty-codec-4.1.19.Final.jar:/home/travis/build/icyphy/ptII
/lib/netty-codec-dns-4.1.19.Final.jar:/home/travis/build/icyphy/ptII/lib/netty-
codec-http-4.1.19.Final.jar:/home/travis/build/icyphy/ptII/lib/netty-codec-http
2-4.1.19.Final.jar:/home/travis/build/icyphy/ptII/lib/netty-common-4.1.19.Final
.jar:/home/travis/build/icyphy/ptII/lib/netty-handler-4.1.19.Final.jar:/home/tr
avis/build/icyphy/ptII/lib/netty-resolver-4.1.19.Final.jar:/home/travis/build/i
cyphy/ptII/lib/netty-resolver-dns-4.1.19.Final.jar:/home/travis/build/icyphy/pt
II/lib/netty-transport-4.1.19.Final.jar:/home/travis/build/icyphy/ptII/lib/vert
x-codegen-3.5.1.jar:/home/travis/build/icyphy/ptII/lib/vertx-core-3.5.2-SNAPSHO
T.jar:/home/travis/build/icyphy/ptII/lib/vertx-hazelcast-3.5.1.jar:/home/travis
/build/icyphy/ptII/lib/vertx-lang-js-3.5.1.jar:/home/travis/build/icyphy/ptII/l
ib/vertx-service-proxy-3.5.1.jar:/home/travis/build/icyphy/ptII/lib/vertx-web-3
.5.1.jar:/home/travis/build/icyphy/ptII/lib/slf4j-api-1.7.13.jar:/home/travis/b
uild/icyphy/ptII/lib/slf4j-simple-1.7.13.jar:/home/travis/build/icyphy/ptII/lib
/webcam-capture-0.3.12.jar:/home/travis/build/icyphy/ptII/lib/bridj-0.7.0.jar:/
home/travis/build/icyphy/ptII/lib/xbjlib-1.1.0.nrjavaserial.jar:/home/travis/bu
ild/icyphy/ptII/ptolemy/moml/test:/home/travis/build/icyphy/ptII/ant/lib/ant-la
uncher.jar:/home/travis/build/icyphy/ptII/ant/lib/ant.jar:/home/travis/build/ic
yphy/ptII/ant/lib/ant-junit.jar:/home/travis/build/icyphy/ptII/ant/lib/ant-juni
t4.jar:/home/travis/build/icyphy/ptII ModularCodeGen5_A_profile.java
All Done
Writing ModularCodeGen5_A.java in file:/home/travis/cg/ (13769 characters)
Reading "ptolemy/cg/kernel/generic/program/procedural/java/modular/makefile.in",
    writing "/home/travis/cg/ModularCodeGen5_A.mk"
Using ptolemy/cg/kernel/generic/program/procedural/java/modular/makefile.in
In "/home/travis/cg", about to execute:
    make -f ModularCodeGen5_A.mk
javac -classpath ".:.."    ModularCodeGen5_A.java
All Done
7001 ms. Memory: 193536K Free: 123281K (64%)
----------------- Invoking toplevel() on ptolemy.moml.MoMLSimpleApplication@6b320645
----------------- Done invoking toplevel() on ptolemy.moml.MoMLSimpleApplication@6b320645
reloadAllAccessors: .ModularCodeGen5

===========================================================================================
----------------- testing Thu Jul 11 02:13:00 UTC 2019 /home/travis/build/icyphy/ptII/ptolemy/cg/lib/test/auto/ModularCodeGen6.xml
----------------- Instantiating /home/travis/build/icyphy/ptII/ptolemy/cg/lib/test/auto/ModularCodeGen6.xml
In "/home/travis/cg", about to execute:
    pwd
In "/home/travis/cg", about to execute:
    ls -l
/home/travis/cg
In "/home/travis/cg", about to execute:
    javac -classpath
.:/home/travis/build/icyphy/ptII:/home/travis/build/icyphy/ptII/lib/bsh-2.0b4.j
ar:/home/travis/build/icyphy/ptII/lib/ptCal.jar:/home/travis/build/icyphy/ptII/
lib/java_cup.jar:/home/travis/build/icyphy/ptII/lib/saxon8.jar:/home/travis/bui
ld/icyphy/ptII/lib/saxon8-dom.jar:/home/travis/build/icyphy/ptII/lib/chic.jar:/
home/travis/build/icyphy/ptII/lib/ptcolt.jar:/home/travis/build/icyphy/ptII/ven
dors/misc/itext/iText.jar:/home/travis/build/icyphy/ptII/lib/g4ltl.jar:/home/tr
avis/build/icyphy/ptII/lib/StructuralCoder.jar:/home/travis/build/icyphy/ptII/v
endors/jai-1_1_2_01/lib/jai_core.jar:/home/travis/build/icyphy/ptII/vendors/jai
-1_1_2_01/lib/jai_codec.jar:/home/travis/build/icyphy/ptII/lib/jcerti.jar:/home
/travis/build/icyphy/ptII/lib/javax.mail.jar:/usr/share/java/openjfx/jre/lib/ex
t/jfxrt.jar:/usr/lib/jvm/java-8-openjdk-amd64/jre/lib/ext/jfxrt.jar:/home/travi
s/build/icyphy/ptII/vendors/JMF-2.1.1e/lib/jmf.jar:/home/travis/build/icyphy/pt
II/lib/jna-4.0.0-variadic.jar:/home/travis/build/icyphy/ptII/vendors/misc/joyst
ick/Joystick.jar:/home/travis/build/icyphy/ptII/lib/ptjacl.jar:/home/travis/bui
ld/icyphy/ptII/lib/jsoup-1.8.2.jar:/home/travis/build/icyphy/ptII/lib/junit-4.8
.2.jar:/home/travis/build/icyphy/ptII/lib/JUnitParams-0.4.0.jar:/home/travis/bu
ild/icyphy/ptII/ptolemy/actor/lib/excel/jxl.jar:/home/travis/build/icyphy/ptII/
lib/jython.jar:/home/travis/build/icyphy/ptII/lib/kieler.jar:/home/travis/build
/icyphy/ptII/lib/opencv-341.jar:/home/travis/build/icyphy/ptII/lib/oscP5.jar:/h
ome/travis/build/icyphy/ptII/lib/nrjavaserial-3.11.0.devel.jar:/home/travis/bui
ld/icyphy/ptII/vendors/j3d/lib/j3dcore.jar:/home/travis/build/icyphy/ptII/vendo
rs/j3d/lib/j3dutils.jar:/home/travis/build/icyphy/ptII/vendors/j3d/lib/vecmath.
jar:/home/travis/build/icyphy/ptII/ptolemy/distributed/jini/jar/jini-core.jar:/
home/travis/build/icyphy/ptII/ptolemy/distributed/jini/jar/jini-ext.jar:/home/t
ravis/build/icyphy/ptII/ptolemy/distributed/jini/jar/sun-util.jar:/home/travis/
build/icyphy/ptII/lib/protobuf-java-2.4.1.jar:/home/travis/build/icyphy/ptII/li
b/org.eclipse.paho.client.mqttv3.jar:/home/travis/build/icyphy/ptII/lib/mapss.j
ar:/home/travis/build/icyphy/ptII/ptolemy/actor/ptalon/antlr/antlr.jar:/home/tr
avis/build/icyphy/ptII/lib/JRI.jar:/home/travis/build/icyphy/ptII/lib/commons-l
ang-2.6.jar:/home/travis/build/icyphy/ptII/lib/commons-logging-1.1.1.jar:/home/
travis/build/icyphy/ptII/lib/sootclasses.jar:/home/travis/build/icyphy/ptII/pto
lemy/actor/lib/database/mysql-connector-java-5.1.6-bin.jar:/home/travis/build/i
cyphy/ptII/vendors/misc/sphinx4/sphinx4-data-5prealpha.jar:/home/travis/build/i
cyphy/ptII/vendors/misc/sphinx4/sphinx4-core-5prealpha.jar:/home/travis/build/i
cyphy/ptII/lib/PDFRenderer.jar:/home/travis/build/icyphy/ptII/lib/svgSalamander
.jar:/home/travis/build/icyphy/ptII/lib/rsyntaxtextarea-2.6.0-SNAPSHOT.jar:/hom
e/travis/build/icyphy/ptII/lib/hazelcast-3.8.2.jar:/home/travis/build/icyphy/pt
II/lib/jackson-annotations-2.9.0.jar:/home/travis/build/icyphy/ptII/lib/jackson
-core-2.9.3.jar:/home/travis/build/icyphy/ptII/lib/jackson-databind-2.9.3.jar:/
home/travis/build/icyphy/ptII/lib/netty-buffer-4.1.19.Final.jar:/home/travis/bu
ild/icyphy/ptII/lib/netty-codec-4.1.19.Final.jar:/home/travis/build/icyphy/ptII
/lib/netty-codec-dns-4.1.19.Final.jar:/home/travis/build/icyphy/ptII/lib/netty-
codec-http-4.1.19.Final.jar:/home/travis/build/icyphy/ptII/lib/netty-codec-http
2-4.1.19.Final.jar:/home/travis/build/icyphy/ptII/lib/netty-common-4.1.19.Final
.jar:/home/travis/build/icyphy/ptII/lib/netty-handler-4.1.19.Final.jar:/home/tr
avis/build/icyphy/ptII/lib/netty-resolver-4.1.19.Final.jar:/home/travis/build/i
cyphy/ptII/lib/netty-resolver-dns-4.1.19.Final.jar:/home/travis/build/icyphy/pt
II/lib/netty-transport-4.1.19.Final.jar:/home/travis/build/icyphy/ptII/lib/vert
x-codegen-3.5.1.jar:/home/travis/build/icyphy/ptII/lib/vertx-core-3.5.2-SNAPSHO
T.jar:/home/travis/build/icyphy/ptII/lib/vertx-hazelcast-3.5.1.jar:/home/travis
/build/icyphy/ptII/lib/vertx-lang-js-3.5.1.jar:/home/travis/build/icyphy/ptII/l
ib/vertx-service-proxy-3.5.1.jar:/home/travis/build/icyphy/ptII/lib/vertx-web-3
.5.1.jar:/home/travis/build/icyphy/ptII/lib/slf4j-api-1.7.13.jar:/home/travis/b
uild/icyphy/ptII/lib/slf4j-simple-1.7.13.jar:/home/travis/build/icyphy/ptII/lib
/webcam-capture-0.3.12.jar:/home/travis/build/icyphy/ptII/lib/bridj-0.7.0.jar:/
home/travis/build/icyphy/ptII/lib/xbjlib-1.1.0.nrjavaserial.jar:/home/travis/bu
ild/icyphy/ptII/ptolemy/moml/test:/home/travis/build/icyphy/ptII/ant/lib/ant-la
uncher.jar:/home/travis/build/icyphy/ptII/ant/lib/ant.jar:/home/travis/build/ic
yphy/ptII/ant/lib/ant-junit.jar:/home/travis/build/icyphy/ptII/ant/lib/ant-juni
t4.jar:/home/travis/build/icyphy/ptII ModularCodeGen6_A_A_profile.java
total 2196
drwxrwxr-x   3 travis travis  12288 Jul 11 02:04 AbsoluteValue
drwxrwxr-x   3 travis travis 102400 Jul 11 02:03 AllColt
drwxrwxr-x   3 travis travis  12288 Jul 11 02:04 Case1
-rw-rw-r--   1 travis travis   5104 Jul 11 02:11 CompiledCompositeActor_CompiledCompositeActor.class
-rw-rw-r--   1 travis travis   1592 Jul 11 02:11 CompiledCompositeActor_CompiledCompositeActor$_CompiledCompositeActor_CompiledCompositeActor.class
-rw-rw-r--   1 travis travis  13466 Jul 11 02:11 CompiledCompositeActor_CompiledCompositeActor.java
-rw-rw-r--   1 travis travis   1593 Jul 11 02:11 CompiledCompositeActor_CompiledCompositeActor.mk
drwxrwxr-x   5 travis travis   4096 Jul 11 02:03 fmi
drwxrwxr-x   3 travis travis  16384 Jul 11 02:05 Gaussian2
-rw-rw-r--   1 travis travis   4660 Jul 11 02:11 JavaCompiledCompositeTest1_CompiledCompositeActor.class
-rw-rw-r--   1 travis travis  11637 Jul 11 02:11 JavaCompiledCompositeTest1_CompiledCompositeActor.java
-rw-rw-r--   1 travis travis   1198 Jul 11 02:11 JavaCompiledCompositeTest1_CompiledCompositeActor$_JavaCompiledCompositeTest1_CompiledCompositeActor.class
-rw-rw-r--   1 travis travis   1625 Jul 11 02:11 JavaCompiledCompositeTest1_CompiledCompositeActor.mk
-rw-rw-r--   1 travis travis   5091 Jul 11 02:11 JavaCompiledCompositeTest2_CompiledCompositeActor.class
-rw-rw-r--   1 travis travis  14919 Jul 11 02:11 JavaCompiledCompositeTest2_CompiledCompositeActor.java
-rw-rw-r--   1 travis travis   1793 Jul 11 02:11 JavaCompiledCompositeTest2_CompiledCompositeActor$_JavaCompiledCompositeTest2_CompiledCompositeActor.class
-rw-rw-r--   1 travis travis   1625 Jul 11 02:11 JavaCompiledCompositeTest2_CompiledCompositeActor.mk
-rw-rw-r--   1 travis travis   4708 Jul 11 02:11 JavaCompiledCompositeTest3_CompiledCompositeActor.class
-rw-rw-r--   1 travis travis  13080 Jul 11 02:11 JavaCompiledCompositeTest3_CompiledCompositeActor.java
-rw-rw-r--   1 travis travis   1378 Jul 11 02:11 JavaCompiledCompositeTest3_CompiledCompositeActor$_JavaCompiledCompositeTest3_CompiledCompositeActor.class
-rw-rw-r--   1 travis travis   1625 Jul 11 02:11 JavaCompiledCompositeTest3_CompiledCompositeActor.mk
-rw-rw-r--   1 travis travis   4159 Jul 11 02:11 JavaCompiledCompositeTest4_CompiledCompositeActor.class
-rw-rw-r--   1 travis travis   9687 Jul 11 02:11 JavaCompiledCompositeTest4_CompiledCompositeActor.java
-rw-rw-r--   1 travis travis    857 Jul 11 02:11 JavaCompiledCompositeTest4_CompiledCompositeActor$_JavaCompiledCompositeTest4_CompiledCompositeActor.class
-rw-rw-r--   1 travis travis   1625 Jul 11 02:11 JavaCompiledCompositeTest4_CompiledCompositeActor.mk
drwxrwxr-x   3 travis travis  12288 Jul 11 02:05 LookupTable
drwxrwxr-x   3 travis travis  20480 Jul 11 02:05 MaxIndex
-rw-rw-r--   1 travis travis   3925 Jul 11 02:11 ModularCG_A1_B1.class
-rw-rw-r--   1 travis travis   9730 Jul 11 02:11 ModularCG_A1_B1.java
-rw-rw-r--   1 travis travis    832 Jul 11 02:11 ModularCG_A1_B1.mk
-rw-rw-r--   1 travis travis   1318 Jul 11 02:11 ModularCG_A1_B1_profile.class
-rw-rw-r--   1 travis travis   1262 Jul 11 02:11 ModularCG_A1_B1_profile.java
-rw-rw-r--   1 travis travis   3925 Jul 11 02:11 ModularCG_A1_B2.class
-rw-rw-r--   1 travis travis   9730 Jul 11 02:11 ModularCG_A1_B2.java
-rw-rw-r--   1 travis travis    832 Jul 11 02:11 ModularCG_A1_B2.mk
-rw-rw-r--   1 travis travis   1318 Jul 11 02:11 ModularCG_A1_B2_profile.class
-rw-rw-r--   1 travis travis   1262 Jul 11 02:11 ModularCG_A1_B2_profile.java
-rw-rw-r--   1 travis travis   5031 Jul 11 02:11 ModularCG_A1.class
-rw-rw-r--   1 travis travis  14742 Jul 11 02:11 ModularCG_A1.java
-rw-rw-r--   1 travis travis    808 Jul 11 02:11 ModularCG_A1.mk
-rw-rw-r--   1 travis travis   1433 Jul 11 02:11 ModularCG_A1_profile.class
-rw-rw-r--   1 travis travis   1704 Jul 11 02:11 ModularCG_A1_profile.java
-rw-rw-r--   1 travis travis   4059 Jul 11 02:11 ModularCG_A2_B1.class
-rw-rw-r--   1 travis travis  10667 Jul 11 02:11 ModularCG_A2_B1.java
-rw-rw-r--   1 travis travis    832 Jul 11 02:11 ModularCG_A2_B1.mk
-rw-rw-r--   1 travis travis   1381 Jul 11 02:11 ModularCG_A2_B1_profile.class
-rw-rw-r--   1 travis travis   1446 Jul 11 02:11 ModularCG_A2_B1_profile.java
-rw-rw-r--   1 travis travis   3925 Jul 11 02:11 ModularCG_A2_B2.class
-rw-rw-r--   1 travis travis   9730 Jul 11 02:11 ModularCG_A2_B2.java
-rw-rw-r--   1 travis travis    832 Jul 11 02:11 ModularCG_A2_B2.mk
-rw-rw-r--   1 travis travis   1318 Jul 11 02:11 ModularCG_A2_B2_profile.class
-rw-rw-r--   1 travis travis   1262 Jul 11 02:11 ModularCG_A2_B2_profile.java
-rw-rw-r--   1 travis travis   5102 Jul 11 02:11 ModularCG_A2.class
-rw-rw-r--   1 travis travis  15129 Jul 11 02:11 ModularCG_A2.java
-rw-rw-r--   1 travis travis    808 Jul 11 02:11 ModularCG_A2.mk
-rw-rw-r--   1 travis travis   1433 Jul 11 02:11 ModularCG_A2_profile.class
-rw-rw-r--   1 travis travis   1704 Jul 11 02:11 ModularCG_A2_profile.java
-rw-rw-r--   1 travis travis   3705 Jul 11 02:12 ModularCGPubSub_A1_A2.class
-rw-rw-r--   1 travis travis   9076 Jul 11 02:11 ModularCGPubSub_A1_A2.java
-rw-rw-r--   1 travis travis    880 Jul 11 02:11 ModularCGPubSub_A1_A2.mk
-rw-rw-r--   1 travis travis   1300 Jul 11 02:11 ModularCGPubSub_A1_A2_profile.class
-rw-rw-r--   1 travis travis   1222 Jul 11 02:11 ModularCGPubSub_A1_A2_profile.java
-rw-rw-r--   1 travis travis   4022 Jul 11 02:12 ModularCGPubSub_A1.class
-rw-rw-r--   1 travis travis   9836 Jul 11 02:12 ModularCGPubSub_A1.java
-rw-rw-r--   1 travis travis    856 Jul 11 02:12 ModularCGPubSub_A1.mk
-rw-rw-r--   1 travis travis   1346 Jul 11 02:12 ModularCGPubSub_A1_profile.class
-rw-rw-r--   1 travis travis   1388 Jul 11 02:12 ModularCGPubSub_A1_profile.java
-rw-rw-r--   1 travis travis   4220 Jul 11 02:12 ModularCodeGen2_ModularCodeGenTypedCompositeActor.class
-rw-rw-r--   1 travis travis  11690 Jul 11 02:12 ModularCodeGen2_ModularCodeGenTypedCompositeActor.java
-rw-rw-r--   1 travis travis   1104 Jul 11 02:12 ModularCodeGen2_ModularCodeGenTypedCompositeActor.mk
-rw-rw-r--   1 travis travis   4504 Jul 11 02:12 ModularCodeGen2_ModularCodeGenTypedCompositeActor_ModularCodeGenTypedCompositeActor.class
-rw-rw-r--   1 travis travis  11790 Jul 11 02:12 ModularCodeGen2_ModularCodeGenTypedCompositeActor_ModularCodeGenTypedCompositeActor.java
-rw-rw-r--   1 travis travis   1376 Jul 11 02:12 ModularCodeGen2_ModularCodeGenTypedCompositeActor_ModularCodeGenTypedCompositeActor.mk
-rw-rw-r--   1 travis travis   1421 Jul 11 02:12 ModularCodeGen2_ModularCodeGenTypedCompositeActor_ModularCodeGenTypedCompositeActor_profile.class
-rw-rw-r--   1 travis travis   1294 Jul 11 02:12 ModularCodeGen2_ModularCodeGenTypedCompositeActor_ModularCodeGenTypedCompositeActor_profile.java
-rw-rw-r--   1 travis travis    820 Jul 11 02:12 ModularCodeGen2_ModularCodeGenTypedCompositeActor_profile.class
-rw-rw-r--   1 travis travis    693 Jul 11 02:12 ModularCodeGen2_ModularCodeGenTypedCompositeActor_profile.java
-rw-rw-r--   1 travis travis   3973 Jul 11 02:12 ModularCodeGen3_A1_B1.class
-rw-rw-r--   1 travis travis   9958 Jul 11 02:12 ModularCodeGen3_A1_B1.java
-rw-rw-r--   1 travis travis    880 Jul 11 02:12 ModularCodeGen3_A1_B1.mk
-rw-rw-r--   1 travis travis   1330 Jul 11 02:12 ModularCodeGen3_A1_B1_profile.class
-rw-rw-r--   1 travis travis   1274 Jul 11 02:12 ModularCodeGen3_A1_B1_profile.java
-rw-rw-r--   1 travis travis   3973 Jul 11 02:12 ModularCodeGen3_A1_B2.class
-rw-rw-r--   1 travis travis   9958 Jul 11 02:12 ModularCodeGen3_A1_B2.java
-rw-rw-r--   1 travis travis    880 Jul 11 02:12 ModularCodeGen3_A1_B2.mk
-rw-rw-r--   1 travis travis   1330 Jul 11 02:12 ModularCodeGen3_A1_B2_profile.class
-rw-rw-r--   1 travis travis   1274 Jul 11 02:12 ModularCodeGen3_A1_B2_profile.java
-rw-rw-r--   1 travis travis   5193 Jul 11 02:12 ModularCodeGen3_A1.class
-rw-rw-r--   1 travis travis  15564 Jul 11 02:12 ModularCodeGen3_A1.java
-rw-rw-r--   1 travis travis    856 Jul 11 02:12 ModularCodeGen3_A1.mk
-rw-rw-r--   1 travis travis   1445 Jul 11 02:12 ModularCodeGen3_A1_profile.class
-rw-rw-r--   1 travis travis   1716 Jul 11 02:12 ModularCodeGen3_A1_profile.java
-rw-rw-r--   1 travis travis   4119 Jul 11 02:12 ModularCodeGen3_A2_B1.class
-rw-rw-r--   1 travis travis  10955 Jul 11 02:12 ModularCodeGen3_A2_B1.java
-rw-rw-r--   1 travis travis    880 Jul 11 02:12 ModularCodeGen3_A2_B1.mk
-rw-rw-r--   1 travis travis   1393 Jul 11 02:12 ModularCodeGen3_A2_B1_profile.class
-rw-rw-r--   1 travis travis   1458 Jul 11 02:12 ModularCodeGen3_A2_B1_profile.java
-rw-rw-r--   1 travis travis   3973 Jul 11 02:12 ModularCodeGen3_A2_B2.class
-rw-rw-r--   1 travis travis   9958 Jul 11 02:12 ModularCodeGen3_A2_B2.java
-rw-rw-r--   1 travis travis    880 Jul 11 02:12 ModularCodeGen3_A2_B2.mk
-rw-rw-r--   1 travis travis   1330 Jul 11 02:12 ModularCodeGen3_A2_B2_profile.class
-rw-rw-r--   1 travis travis   1274 Jul 11 02:12 ModularCodeGen3_A2_B2_profile.java
-rw-rw-r--   1 travis travis   5270 Jul 11 02:12 ModularCodeGen3_A2.class
-rw-rw-r--   1 travis travis  15957 Jul 11 02:12 ModularCodeGen3_A2.java
-rw-rw-r--   1 travis travis    856 Jul 11 02:12 ModularCodeGen3_A2.mk
-rw-rw-r--   1 travis travis   1445 Jul 11 02:12 ModularCodeGen3_A2_profile.class
-rw-rw-r--   1 travis travis   1716 Jul 11 02:12 ModularCodeGen3_A2_profile.java
-rw-rw-r--   1 travis travis   4026 Jul 11 02:12 ModularCodeGen4_A1_B1.class
-rw-rw-r--   1 travis travis  10312 Jul 11 02:12 ModularCodeGen4_A1_B1.java
-rw-rw-r--   1 travis travis    880 Jul 11 02:12 ModularCodeGen4_A1_B1.mk
-rw-rw-r--   1 travis travis   1330 Jul 11 02:12 ModularCodeGen4_A1_B1_profile.class
-rw-rw-r--   1 travis travis   1273 Jul 11 02:12 ModularCodeGen4_A1_B1_profile.java
-rw-rw-r--   1 travis travis   4026 Jul 11 02:12 ModularCodeGen4_A1_B2.class
-rw-rw-r--   1 travis travis  10312 Jul 11 02:12 ModularCodeGen4_A1_B2.java
-rw-rw-r--   1 travis travis    880 Jul 11 02:12 ModularCodeGen4_A1_B2.mk
-rw-rw-r--   1 travis travis   1330 Jul 11 02:12 ModularCodeGen4_A1_B2_profile.class
-rw-rw-r--   1 travis travis   1273 Jul 11 02:12 ModularCodeGen4_A1_B2_profile.java
-rw-rw-r--   1 travis travis   5333 Jul 11 02:12 ModularCodeGen4_A1.class
-rw-rw-r--   1 travis travis  16245 Jul 11 02:12 ModularCodeGen4_A1.java
-rw-rw-r--   1 travis travis    856 Jul 11 02:12 ModularCodeGen4_A1.mk
-rw-rw-r--   1 travis travis   1445 Jul 11 02:12 ModularCodeGen4_A1_profile.class
-rw-rw-r--   1 travis travis   1712 Jul 11 02:12 ModularCodeGen4_A1_profile.java
-rw-rw-r--   1 travis travis   4220 Jul 11 02:12 ModularCodeGen4_A2_B1.class
-rw-rw-r--   1 travis travis  11375 Jul 11 02:12 ModularCodeGen4_A2_B1.java
-rw-rw-r--   1 travis travis    880 Jul 11 02:12 ModularCodeGen4_A2_B1.mk
-rw-rw-r--   1 travis travis   1393 Jul 11 02:12 ModularCodeGen4_A2_B1_profile.class
-rw-rw-r--   1 travis travis   1454 Jul 11 02:12 ModularCodeGen4_A2_B1_profile.java
-rw-rw-r--   1 travis travis   4074 Jul 11 02:12 ModularCodeGen4_A2_B2.class
-rw-rw-r--   1 travis travis  10378 Jul 11 02:12 ModularCodeGen4_A2_B2.java
-rw-rw-r--   1 travis travis    880 Jul 11 02:12 ModularCodeGen4_A2_B2.mk
-rw-rw-r--   1 travis travis   1330 Jul 11 02:12 ModularCodeGen4_A2_B2_profile.class
-rw-rw-r--   1 travis travis   1270 Jul 11 02:12 ModularCodeGen4_A2_B2_profile.java
-rw-rw-r--   1 travis travis   5506 Jul 11 02:12 ModularCodeGen4_A2.class
-rw-rw-r--   1 travis travis  16770 Jul 11 02:12 ModularCodeGen4_A2.java
-rw-rw-r--   1 travis travis    856 Jul 11 02:12 ModularCodeGen4_A2.mk
-rw-rw-r--   1 travis travis   1445 Jul 11 02:12 ModularCodeGen4_A2_profile.class
-rw-rw-r--   1 travis travis   1712 Jul 11 02:12 ModularCodeGen4_A2_profile.java
-rw-rw-r--   1 travis travis   7070 Jul 11 02:12 ModularCodeGen5_A_A.class
-rw-rw-r--   1 travis travis  28721 Jul 11 02:12 ModularCodeGen5_A_A.java
-rw-rw-r--   1 travis travis    864 Jul 11 02:12 ModularCodeGen5_A_A.mk
-rw-rw-r--   1 travis travis   1520 Jul 11 02:12 ModularCodeGen5_A_A_profile.class
-rw-rw-r--   1 travis travis   1815 Jul 11 02:12 ModularCodeGen5_A_A_profile.java
-rw-rw-r--   1 travis travis   5347 Jul 11 02:13 ModularCodeGen5_A.class
-rw-rw-r--   1 travis travis  13769 Jul 11 02:12 ModularCodeGen5_A.java
-rw-rw-r--   1 travis travis    848 Jul 11 02:12 ModularCodeGen5_A.mk
-rw-rw-r--   1 travis travis   1422 Jul 11 02:12 ModularCodeGen5_A_profile.class
-rw-rw-r--   1 travis travis   1605 Jul 11 02:12 ModularCodeGen5_A_profile.java
-rw-rw-r--   1 travis travis   1361 Jul 11 02:13 ModularCodeGen6_A_A_profile.java
-rw-rw-r--   1 travis travis   4186 Jul 11 02:12 ModularCodeGen_ModularCodeGenTypedCompositeActor.class
-rw-rw-r--   1 travis travis  10970 Jul 11 02:12 ModularCodeGen_ModularCodeGenTypedCompositeActor.java
-rw-rw-r--   1 travis travis   1096 Jul 11 02:12 ModularCodeGen_ModularCodeGenTypedCompositeActor.mk
-rw-rw-r--   1 travis travis   1384 Jul 11 02:12 ModularCodeGen_ModularCodeGenTypedCompositeActor_profile.class
-rw-rw-r--   1 travis travis   1328 Jul 11 02:12 ModularCodeGen_ModularCodeGenTypedCompositeActor_profile.java
-rw-rw-r--   1 travis travis   3724 Jul 11 02:11 ModularCodeGenTest_A1_A2.class
-rw-rw-r--   1 travis travis   9164 Jul 11 02:11 ModularCodeGenTest_A1_A2.java
-rw-rw-r--   1 travis travis   1306 Jul 11 02:11 ModularCodeGenTest_A1_A2_profile.class
-rw-rw-r--   1 travis travis   4055 Jul 11 02:11 ModularCodeGenTest_A1.class
-rw-rw-r--   1 travis travis   9968 Jul 11 02:11 ModularCodeGenTest_A1.java
-rw-rw-r--   1 travis travis    880 Jul 11 02:11 ModularCodeGenTest_A1.mk
-rw-rw-r--   1 travis travis   1352 Jul 11 02:11 ModularCodeGenTest_A1_profile.class
-rw-rw-r--   1 travis travis   1394 Jul 11 02:11 ModularCodeGenTest_A1_profile.java
drwxrwxr-x   3 travis travis  32768 Jul 11 02:10 modulation2
drwxrwxr-x 139 travis travis  12288 Jul 11 02:11 node_modules
drwxrwxr-x   3 travis travis  20480 Jul 11 02:06 PhaseUnwrap
drwxrwxr-x   3 travis travis  12288 Jul 11 02:06 ReadFile1
-rw-rw-r--   1 travis travis     11 Jul 11 02:06 ReadFile1Output.txt
-rw-rw-r--   1 travis travis   9615 Jul 11 02:11 Repeat.class
-rw-rw-r--   1 travis travis    666 Jul 11 02:11 Repeat$_fireFunction_Repeat_Repeat$__f_sL_11.class
-rw-rw-r--   1 travis travis    522 Jul 11 02:11 Repeat$_fireFunction_Repeat_Repeat$__f_sL_12.class
-rw-rw-r--   1 travis travis    522 Jul 11 02:11 Repeat$_fireFunction_Repeat_Repeat$__f_sL_13.class
-rw-rw-r--   1 travis travis    522 Jul 11 02:11 Repeat$_fireFunction_Repeat_Repeat$__f_sL_14.class
-rw-rw-r--   1 travis travis    665 Jul 11 02:11 Repeat$_fireFunction_Repeat_Repeat$__f_sL_1.class
-rw-rw-r--   1 travis travis    664 Jul 11 02:11 Repeat$_fireFunction_Repeat_Repeat$__f_sL_4.class
-rw-rw-r--   1 travis travis    520 Jul 11 02:11 Repeat$_fireFunction_Repeat_Repeat$__f_sL_9.class
-rw-rw-r--   1 travis travis    475 Jul 11 02:11 Repeat$_initialize_Repeat$__i_sL_2.class
-rw-rw-r--   1 travis travis   1281 Jul 11 02:10 Repeat.mk
-rw-rw-r--   1 travis travis    520 Jul 11 02:11 Repeat$_preinitializeMethod_Repeat$__p_sL_0.class
-rw-rw-r--   1 travis travis   1083 Jul 11 02:11 Repeat$_Repeat$_fireFunction_Repeat_AddSubtract_Repeat.class
-rw-rw-r--   1 travis travis    791 Jul 11 02:11 Repeat$_Repeat$_fireFunction_Repeat_AddSubtract_Repeat$__f_sL_0.class
-rw-rw-r--   1 travis travis    909 Jul 11 02:11 Repeat$_Repeat$_fireFunction_Repeat_AddSubtract_Repeat$__f_sL_1.class
-rw-rw-r--   1 travis travis    915 Jul 11 02:11 Repeat$_Repeat$_fireFunction_Repeat_AddSubtract_Repeat$__f_sL_2.class
-rw-rw-r--   1 travis travis    843 Jul 11 02:11 Repeat$_Repeat$_fireFunction_Repeat_AddSubtract_Repeat$__f_sL_3.class
-rw-rw-r--   1 travis travis    738 Jul 11 02:11 Repeat$_Repeat$_fireFunction_Repeat_Ramp2_Repeat$__f_sL_0.class
-rw-rw-r--   1 travis travis    869 Jul 11 02:11 Repeat$_Repeat$_fireFunction_Repeat_Test_Repeat$__f_sL_0.class
-rw-rw-r--   1 travis travis    615 Jul 11 02:11 Repeat$_Repeat$_fireFunction_Repeat_Test_Repeat$__f_sL_1.class
-rw-rw-r--   1 travis travis    685 Jul 11 02:11 Repeat$_Repeat_SDF_Director_run_Repeat$__R_sL_0.class
-rw-rw-r--   1 travis travis    686 Jul 11 02:11 Repeat$_Repeat_SDF_Director_run_Repeat$__R_sL_11.class
-rw-rw-r--   1 travis travis    542 Jul 11 02:11 Repeat$_Repeat_SDF_Director_run_Repeat$__R_sL_13.class
-rw-rw-r--   1 travis travis    540 Jul 11 02:11 Repeat$_Repeat_SDF_Director_run_Repeat$__R_sL_2.class
-rw-rw-r--   1 travis travis    684 Jul 11 02:11 Repeat$_Repeat_SDF_Director_run_Repeat$__R_sL_3.class
-rw-rw-r--   1 travis travis    540 Jul 11 02:11 Repeat$_Repeat_SDF_Director_run_Repeat$__R_sL_5.class
-rw-rw-r--   1 travis travis    540 Jul 11 02:11 Repeat$_Repeat_SDF_Director_run_Repeat$__R_sL_8.class
drwxrwxr-x   2 travis travis   4096 Jul 11 02:11 RepeatVariables
-rw-rw-r--   1 travis travis    863 Jul 11 02:11 Repeat$_varinit_Repeat.class
-rw-rw-r--   1 travis travis    531 Jul 11 02:11 Repeat$_varinit_Repeat$__v_sL_2.class
-rw-rw-r--   1 travis travis    905 Jul 11 02:11 Repeat$_varinit_Repeat$__v_sL_4.class
-rw-rw-r--   1 travis travis    959 Jul 11 02:11 Repeat$_wrapup_Repeat$__w_sL_1.class
drwxrwxr-x   3 travis travis  20480 Jul 11 02:06 Sinewave
drwxrwxr-x   3 travis travis  32768 Jul 11 02:08 StringFunction
drwxrwxr-x   3 travis travis  12288 Jul 11 02:08 StringLength
drwxrwxr-x   3 travis travis  61440 Jul 11 02:09 StringMatches2
drwxrwxr-x   3 travis travis  61440 Jul 11 02:09 StringSimpleReplace
drwxrwxr-x   3 travis travis  65536 Jul 11 02:09 StringSubstring
drwxrwxr-x   3 travis travis  24576 Jul 11 02:09 StringSubstring2
drwxrwxr-x   3 travis travis  16384 Jul 11 02:10 time1
drwxrwxr-x   3 travis travis  12288 Jul 11 02:10 time5
-rw-rw-r--   1 travis travis    432 Jul 11 02:13 Token.class
-rw-rw-r--   1 travis travis    251 Jul 11 02:12 Token.java
-rwxrwxr-x   1 travis travis 466992 Jul 11 02:03 top
-rw-rw-r--   1 travis travis  20502 Jul 11 02:03 top.c
-rw-rw-r--   1 travis travis   3799 Jul 11 02:11 top.class
-rw-rw-r--   1 travis travis   1257 Jul 11 02:11 top.mk
All Done
Writing ModularCodeGen6_A_A.java in file:/home/travis/cg/ (11221 characters)
Reading "ptolemy/cg/kernel/generic/program/procedural/java/modular/makefile.in",
    writing "/home/travis/cg/ModularCodeGen6_A_A.mk"
Using ptolemy/cg/kernel/generic/program/procedural/java/modular/makefile.in
In "/home/travis/cg", about to execute:
    make -f ModularCodeGen6_A_A.mk
javac -classpath ".:.."    ModularCodeGen6_A_A.java
All Done
In "/home/travis/cg", about to execute:
    pwd
/home/travis/cg
In "/home/travis/cg", about to execute:
    ls -l
total 2228
drwxrwxr-x   3 travis travis  12288 Jul 11 02:04 AbsoluteValue
drwxrwxr-x   3 travis travis 102400 Jul 11 02:03 AllColt
drwxrwxr-x   3 travis travis  12288 Jul 11 02:04 Case1
-rw-rw-r--   1 travis travis   5104 Jul 11 02:11 CompiledCompositeActor_CompiledCompositeActor.class
-rw-rw-r--   1 travis travis   1592 Jul 11 02:11 CompiledCompositeActor_CompiledCompositeActor$_CompiledCompositeActor_CompiledCompositeActor.class
-rw-rw-r--   1 travis travis  13466 Jul 11 02:11 CompiledCompositeActor_CompiledCompositeActor.java
-rw-rw-r--   1 travis travis   1593 Jul 11 02:11 CompiledCompositeActor_CompiledCompositeActor.mk
drwxrwxr-x   5 travis travis   4096 Jul 11 02:03 fmi
drwxrwxr-x   3 travis travis  16384 Jul 11 02:05 Gaussian2
-rw-rw-r--   1 travis travis   4660 Jul 11 02:11 JavaCompiledCompositeTest1_CompiledCompositeActor.class
-rw-rw-r--   1 travis travis  11637 Jul 11 02:11 JavaCompiledCompositeTest1_CompiledCompositeActor.java
-rw-rw-r--   1 travis travis   1198 Jul 11 02:11 JavaCompiledCompositeTest1_CompiledCompositeActor$_JavaCompiledCompositeTest1_CompiledCompositeActor.class
-rw-rw-r--   1 travis travis   1625 Jul 11 02:11 JavaCompiledCompositeTest1_CompiledCompositeActor.mk
-rw-rw-r--   1 travis travis   5091 Jul 11 02:11 JavaCompiledCompositeTest2_CompiledCompositeActor.class
-rw-rw-r--   1 travis travis  14919 Jul 11 02:11 JavaCompiledCompositeTest2_CompiledCompositeActor.java
-rw-rw-r--   1 travis travis   1793 Jul 11 02:11 JavaCompiledCompositeTest2_CompiledCompositeActor$_JavaCompiledCompositeTest2_CompiledCompositeActor.class
-rw-rw-r--   1 travis travis   1625 Jul 11 02:11 JavaCompiledCompositeTest2_CompiledCompositeActor.mk
-rw-rw-r--   1 travis travis   4708 Jul 11 02:11 JavaCompiledCompositeTest3_CompiledCompositeActor.class
-rw-rw-r--   1 travis travis  13080 Jul 11 02:11 JavaCompiledCompositeTest3_CompiledCompositeActor.java
-rw-rw-r--   1 travis travis   1378 Jul 11 02:11 JavaCompiledCompositeTest3_CompiledCompositeActor$_JavaCompiledCompositeTest3_CompiledCompositeActor.class
-rw-rw-r--   1 travis travis   1625 Jul 11 02:11 JavaCompiledCompositeTest3_CompiledCompositeActor.mk
-rw-rw-r--   1 travis travis   4159 Jul 11 02:11 JavaCompiledCompositeTest4_CompiledCompositeActor.class
-rw-rw-r--   1 travis travis   9687 Jul 11 02:11 JavaCompiledCompositeTest4_CompiledCompositeActor.java
-rw-rw-r--   1 travis travis    857 Jul 11 02:11 JavaCompiledCompositeTest4_CompiledCompositeActor$_JavaCompiledCompositeTest4_CompiledCompositeActor.class
-rw-rw-r--   1 travis travis   1625 Jul 11 02:11 JavaCompiledCompositeTest4_CompiledCompositeActor.mk
drwxrwxr-x   3 travis travis  12288 Jul 11 02:05 LookupTable
drwxrwxr-x   3 travis travis  20480 Jul 11 02:05 MaxIndex
-rw-rw-r--   1 travis travis   3925 Jul 11 02:11 ModularCG_A1_B1.class
-rw-rw-r--   1 travis travis   9730 Jul 11 02:11 ModularCG_A1_B1.java
-rw-rw-r--   1 travis travis    832 Jul 11 02:11 ModularCG_A1_B1.mk
-rw-rw-r--   1 travis travis   1318 Jul 11 02:11 ModularCG_A1_B1_profile.class
-rw-rw-r--   1 travis travis   1262 Jul 11 02:11 ModularCG_A1_B1_profile.java
-rw-rw-r--   1 travis travis   3925 Jul 11 02:11 ModularCG_A1_B2.class
-rw-rw-r--   1 travis travis   9730 Jul 11 02:11 ModularCG_A1_B2.java
-rw-rw-r--   1 travis travis    832 Jul 11 02:11 ModularCG_A1_B2.mk
-rw-rw-r--   1 travis travis   1318 Jul 11 02:11 ModularCG_A1_B2_profile.class
-rw-rw-r--   1 travis travis   1262 Jul 11 02:11 ModularCG_A1_B2_profile.java
-rw-rw-r--   1 travis travis   5031 Jul 11 02:11 ModularCG_A1.class
-rw-rw-r--   1 travis travis  14742 Jul 11 02:11 ModularCG_A1.java
-rw-rw-r--   1 travis travis    808 Jul 11 02:11 ModularCG_A1.mk
-rw-rw-r--   1 travis travis   1433 Jul 11 02:11 ModularCG_A1_profile.class
-rw-rw-r--   1 travis travis   1704 Jul 11 02:11 ModularCG_A1_profile.java
-rw-rw-r--   1 travis travis   4059 Jul 11 02:11 ModularCG_A2_B1.class
-rw-rw-r--   1 travis travis  10667 Jul 11 02:11 ModularCG_A2_B1.java
-rw-rw-r--   1 travis travis    832 Jul 11 02:11 ModularCG_A2_B1.mk
-rw-rw-r--   1 travis travis   1381 Jul 11 02:11 ModularCG_A2_B1_profile.class
-rw-rw-r--   1 travis travis   1446 Jul 11 02:11 ModularCG_A2_B1_profile.java
-rw-rw-r--   1 travis travis   3925 Jul 11 02:11 ModularCG_A2_B2.class
-rw-rw-r--   1 travis travis   9730 Jul 11 02:11 ModularCG_A2_B2.java
-rw-rw-r--   1 travis travis    832 Jul 11 02:11 ModularCG_A2_B2.mk
-rw-rw-r--   1 travis travis   1318 Jul 11 02:11 ModularCG_A2_B2_profile.class
-rw-rw-r--   1 travis travis   1262 Jul 11 02:11 ModularCG_A2_B2_profile.java
-rw-rw-r--   1 travis travis   5102 Jul 11 02:11 ModularCG_A2.class
-rw-rw-r--   1 travis travis  15129 Jul 11 02:11 ModularCG_A2.java
-rw-rw-r--   1 travis travis    808 Jul 11 02:11 ModularCG_A2.mk
-rw-rw-r--   1 travis travis   1433 Jul 11 02:11 ModularCG_A2_profile.class
-rw-rw-r--   1 travis travis   1704 Jul 11 02:11 ModularCG_A2_profile.java
-rw-rw-r--   1 travis travis   3705 Jul 11 02:12 ModularCGPubSub_A1_A2.class
-rw-rw-r--   1 travis travis   9076 Jul 11 02:11 ModularCGPubSub_A1_A2.java
-rw-rw-r--   1 travis travis    880 Jul 11 02:11 ModularCGPubSub_A1_A2.mk
-rw-rw-r--   1 travis travis   1300 Jul 11 02:11 ModularCGPubSub_A1_A2_profile.class
-rw-rw-r--   1 travis travis   1222 Jul 11 02:11 ModularCGPubSub_A1_A2_profile.java
-rw-rw-r--   1 travis travis   4022 Jul 11 02:12 ModularCGPubSub_A1.class
-rw-rw-r--   1 travis travis   9836 Jul 11 02:12 ModularCGPubSub_A1.java
-rw-rw-r--   1 travis travis    856 Jul 11 02:12 ModularCGPubSub_A1.mk
-rw-rw-r--   1 travis travis   1346 Jul 11 02:12 ModularCGPubSub_A1_profile.class
-rw-rw-r--   1 travis travis   1388 Jul 11 02:12 ModularCGPubSub_A1_profile.java
-rw-rw-r--   1 travis travis   4220 Jul 11 02:12 ModularCodeGen2_ModularCodeGenTypedCompositeActor.class
-rw-rw-r--   1 travis travis  11690 Jul 11 02:12 ModularCodeGen2_ModularCodeGenTypedCompositeActor.java
-rw-rw-r--   1 travis travis   1104 Jul 11 02:12 ModularCodeGen2_ModularCodeGenTypedCompositeActor.mk
-rw-rw-r--   1 travis travis   4504 Jul 11 02:12 ModularCodeGen2_ModularCodeGenTypedCompositeActor_ModularCodeGenTypedCompositeActor.class
-rw-rw-r--   1 travis travis  11790 Jul 11 02:12 ModularCodeGen2_ModularCodeGenTypedCompositeActor_ModularCodeGenTypedCompositeActor.java
-rw-rw-r--   1 travis travis   1376 Jul 11 02:12 ModularCodeGen2_ModularCodeGenTypedCompositeActor_ModularCodeGenTypedCompositeActor.mk
-rw-rw-r--   1 travis travis   1421 Jul 11 02:12 ModularCodeGen2_ModularCodeGenTypedCompositeActor_ModularCodeGenTypedCompositeActor_profile.class
-rw-rw-r--   1 travis travis   1294 Jul 11 02:12 ModularCodeGen2_ModularCodeGenTypedCompositeActor_ModularCodeGenTypedCompositeActor_profile.java
-rw-rw-r--   1 travis travis    820 Jul 11 02:12 ModularCodeGen2_ModularCodeGenTypedCompositeActor_profile.class
-rw-rw-r--   1 travis travis    693 Jul 11 02:12 ModularCodeGen2_ModularCodeGenTypedCompositeActor_profile.java
-rw-rw-r--   1 travis travis   3973 Jul 11 02:12 ModularCodeGen3_A1_B1.class
-rw-rw-r--   1 travis travis   9958 Jul 11 02:12 ModularCodeGen3_A1_B1.java
-rw-rw-r--   1 travis travis    880 Jul 11 02:12 ModularCodeGen3_A1_B1.mk
-rw-rw-r--   1 travis travis   1330 Jul 11 02:12 ModularCodeGen3_A1_B1_profile.class
-rw-rw-r--   1 travis travis   1274 Jul 11 02:12 ModularCodeGen3_A1_B1_profile.java
-rw-rw-r--   1 travis travis   3973 Jul 11 02:12 ModularCodeGen3_A1_B2.class
-rw-rw-r--   1 travis travis   9958 Jul 11 02:12 ModularCodeGen3_A1_B2.java
-rw-rw-r--   1 travis travis    880 Jul 11 02:12 ModularCodeGen3_A1_B2.mk
-rw-rw-r--   1 travis travis   1330 Jul 11 02:12 ModularCodeGen3_A1_B2_profile.class
-rw-rw-r--   1 travis travis   1274 Jul 11 02:12 ModularCodeGen3_A1_B2_profile.java
-rw-rw-r--   1 travis travis   5193 Jul 11 02:12 ModularCodeGen3_A1.class
-rw-rw-r--   1 travis travis  15564 Jul 11 02:12 ModularCodeGen3_A1.java
-rw-rw-r--   1 travis travis    856 Jul 11 02:12 ModularCodeGen3_A1.mk
-rw-rw-r--   1 travis travis   1445 Jul 11 02:12 ModularCodeGen3_A1_profile.class
-rw-rw-r--   1 travis travis   1716 Jul 11 02:12 ModularCodeGen3_A1_profile.java
-rw-rw-r--   1 travis travis   4119 Jul 11 02:12 ModularCodeGen3_A2_B1.class
-rw-rw-r--   1 travis travis  10955 Jul 11 02:12 ModularCodeGen3_A2_B1.java
-rw-rw-r--   1 travis travis    880 Jul 11 02:12 ModularCodeGen3_A2_B1.mk
-rw-rw-r--   1 travis travis   1393 Jul 11 02:12 ModularCodeGen3_A2_B1_profile.class
-rw-rw-r--   1 travis travis   1458 Jul 11 02:12 ModularCodeGen3_A2_B1_profile.java
-rw-rw-r--   1 travis travis   3973 Jul 11 02:12 ModularCodeGen3_A2_B2.class
-rw-rw-r--   1 travis travis   9958 Jul 11 02:12 ModularCodeGen3_A2_B2.java
-rw-rw-r--   1 travis travis    880 Jul 11 02:12 ModularCodeGen3_A2_B2.mk
-rw-rw-r--   1 travis travis   1330 Jul 11 02:12 ModularCodeGen3_A2_B2_profile.class
-rw-rw-r--   1 travis travis   1274 Jul 11 02:12 ModularCodeGen3_A2_B2_profile.java
-rw-rw-r--   1 travis travis   5270 Jul 11 02:12 ModularCodeGen3_A2.class
-rw-rw-r--   1 travis travis  15957 Jul 11 02:12 ModularCodeGen3_A2.java
-rw-rw-r--   1 travis travis    856 Jul 11 02:12 ModularCodeGen3_A2.mk
-rw-rw-r--   1 travis travis   1445 Jul 11 02:12 ModularCodeGen3_A2_profile.class
-rw-rw-r--   1 travis travis   1716 Jul 11 02:12 ModularCodeGen3_A2_profile.java
-rw-rw-r--   1 travis travis   4026 Jul 11 02:12 ModularCodeGen4_A1_B1.class
-rw-rw-r--   1 travis travis  10312 Jul 11 02:12 ModularCodeGen4_A1_B1.java
-rw-rw-r--   1 travis travis    880 Jul 11 02:12 ModularCodeGen4_A1_B1.mk
-rw-rw-r--   1 travis travis   1330 Jul 11 02:12 ModularCodeGen4_A1_B1_profile.class
-rw-rw-r--   1 travis travis   1273 Jul 11 02:12 ModularCodeGen4_A1_B1_profile.java
-rw-rw-r--   1 travis travis   4026 Jul 11 02:12 ModularCodeGen4_A1_B2.class
-rw-rw-r--   1 travis travis  10312 Jul 11 02:12 ModularCodeGen4_A1_B2.java
-rw-rw-r--   1 travis travis    880 Jul 11 02:12 ModularCodeGen4_A1_B2.mk
-rw-rw-r--   1 travis travis   1330 Jul 11 02:12 ModularCodeGen4_A1_B2_profile.class
-rw-rw-r--   1 travis travis   1273 Jul 11 02:12 ModularCodeGen4_A1_B2_profile.java
-rw-rw-r--   1 travis travis   5333 Jul 11 02:12 ModularCodeGen4_A1.class
-rw-rw-r--   1 travis travis  16245 Jul 11 02:12 ModularCodeGen4_A1.java
-rw-rw-r--   1 travis travis    856 Jul 11 02:12 ModularCodeGen4_A1.mk
-rw-rw-r--   1 travis travis   1445 Jul 11 02:12 ModularCodeGen4_A1_profile.class
-rw-rw-r--   1 travis travis   1712 Jul 11 02:12 ModularCodeGen4_A1_profile.java
-rw-rw-r--   1 travis travis   4220 Jul 11 02:12 ModularCodeGen4_A2_B1.class
-rw-rw-r--   1 travis travis  11375 Jul 11 02:12 ModularCodeGen4_A2_B1.java
-rw-rw-r--   1 travis travis    880 Jul 11 02:12 ModularCodeGen4_A2_B1.mk
-rw-rw-r--   1 travis travis   1393 Jul 11 02:12 ModularCodeGen4_A2_B1_profile.class
-rw-rw-r--   1 travis travis   1454 Jul 11 02:12 ModularCodeGen4_A2_B1_profile.java
-rw-rw-r--   1 travis travis   4074 Jul 11 02:12 ModularCodeGen4_A2_B2.class
-rw-rw-r--   1 travis travis  10378 Jul 11 02:12 ModularCodeGen4_A2_B2.java
-rw-rw-r--   1 travis travis    880 Jul 11 02:12 ModularCodeGen4_A2_B2.mk
-rw-rw-r--   1 travis travis   1330 Jul 11 02:12 ModularCodeGen4_A2_B2_profile.class
-rw-rw-r--   1 travis travis   1270 Jul 11 02:12 ModularCodeGen4_A2_B2_profile.java
-rw-rw-r--   1 travis travis   5506 Jul 11 02:12 ModularCodeGen4_A2.class
-rw-rw-r--   1 travis travis  16770 Jul 11 02:12 ModularCodeGen4_A2.java
-rw-rw-r--   1 travis travis    856 Jul 11 02:12 ModularCodeGen4_A2.mk
-rw-rw-r--   1 travis travis   1445 Jul 11 02:12 ModularCodeGen4_A2_profile.class
-rw-rw-r--   1 travis travis   1712 Jul 11 02:12 ModularCodeGen4_A2_profile.java
-rw-rw-r--   1 travis travis   7070 Jul 11 02:12 ModularCodeGen5_A_A.class
-rw-rw-r--   1 travis travis  28721 Jul 11 02:12 ModularCodeGen5_A_A.java
-rw-rw-r--   1 travis travis    864 Jul 11 02:12 ModularCodeGen5_A_A.mk
-rw-rw-r--   1 travis travis   1520 Jul 11 02:12 ModularCodeGen5_A_A_profile.class
-rw-rw-r--   1 travis travis   1815 Jul 11 02:12 ModularCodeGen5_A_A_profile.java
-rw-rw-r--   1 travis travis   5347 Jul 11 02:13 ModularCodeGen5_A.class
-rw-rw-r--   1 travis travis  13769 Jul 11 02:12 ModularCodeGen5_A.java
-rw-rw-r--   1 travis travis    848 Jul 11 02:12 ModularCodeGen5_A.mk
-rw-rw-r--   1 travis travis   1422 Jul 11 02:12 ModularCodeGen5_A_profile.class
-rw-rw-r--   1 travis travis   1605 Jul 11 02:12 ModularCodeGen5_A_profile.java
-rw-rw-r--   1 travis travis   1364 Jul 11 02:13 ModularCodeGen6_A_A2_profile.java
-rw-rw-r--   1 travis travis   4340 Jul 11 02:13 ModularCodeGen6_A_A.class
-rw-rw-r--   1 travis travis  11221 Jul 11 02:13 ModularCodeGen6_A_A.java
-rw-rw-r--   1 travis travis    864 Jul 11 02:13 ModularCodeGen6_A_A.mk
-rw-rw-r--   1 travis travis   1348 Jul 11 02:13 ModularCodeGen6_A_A_profile.class
-rw-rw-r--   1 travis travis   1361 Jul 11 02:13 ModularCodeGen6_A_A_profile.java
-rw-rw-r--   1 travis travis   4186 Jul 11 02:12 ModularCodeGen_ModularCodeGenTypedCompositeActor.class
-rw-rw-r--   1 travis travis  10970 Jul 11 02:12 ModularCodeGen_ModularCodeGenTypedCompositeActor.java
-rw-rw-r--   1 travis travis   1096 Jul 11 02:12 ModularCodeGen_ModularCodeGenTypedCompositeActor.mk
-rw-rw-r--   1 travis travis   1384 Jul 11 02:12 ModularCodeGen_ModularCodeGenTypedCompositeActor_profile.class
-rw-rw-r--   1 travis travis   1328 Jul 11 02:12 ModularCodeGen_ModularCodeGenTypedCompositeActor_profile.java
-rw-rw-r--   1 travis travis   3724 Jul 11 02:11 ModularCodeGenTest_A1_A2.class
-rw-rw-r--   1 travis travis   9164 Jul 11 02:11 ModularCodeGenTest_A1_A2.java
-rw-rw-r--   1 travis travis   1306 Jul 11 02:11 ModularCodeGenTest_A1_A2_profile.class
-rw-rw-r--   1 travis travis   4055 Jul 11 02:11 ModularCodeGenTest_A1.class
-rw-rw-r--   1 travis travis   9968 Jul 11 02:11 ModularCodeGenTest_A1.java
-rw-rw-r--   1 travis travis    880 Jul 11 02:11 ModularCodeGenTest_A1.mk
-rw-rw-r--   1 travis travis   1352 Jul 11 02:11 ModularCodeGenTest_A1_profile.class
-rw-rw-r--   1 travis travis   1394 Jul 11 02:11 ModularCodeGenTest_A1_profile.java
drwxrwxr-x   3 travis travis  32768 Jul 11 02:10 modulation2
drwxrwxr-x 139 travis travis  12288 Jul 11 02:11 node_modules
drwxrwxr-x   3 travis travis  20480 Jul 11 02:06 PhaseUnwrap
drwxrwxr-x   3 travis travis  12288 Jul 11 02:06 ReadFile1
-rw-rw-r--   1 travis travis     11 Jul 11 02:06 ReadFile1Output.txt
-rw-rw-r--   1 travis travis   9615 Jul 11 02:11 Repeat.class
-rw-rw-r--   1 travis travis    666 Jul 11 02:11 Repeat$_fireFunction_Repeat_Repeat$__f_sL_11.class
-rw-rw-r--   1 travis travis    522 Jul 11 02:11 Repeat$_fireFunction_Repeat_Repeat$__f_sL_12.class
-rw-rw-r--   1 travis travis    522 Jul 11 02:11 Repeat$_fireFunction_Repeat_Repeat$__f_sL_13.class
-rw-rw-r--   1 travis travis    522 Jul 11 02:11 Repeat$_fireFunction_Repeat_Repeat$__f_sL_14.class
-rw-rw-r--   1 travis travis    665 Jul 11 02:11 Repeat$_fireFunction_Repeat_Repeat$__f_sL_1.class
-rw-rw-r--   1 travis travis    664 Jul 11 02:11 Repeat$_fireFunction_Repeat_Repeat$__f_sL_4.class
-rw-rw-r--   1 travis travis    520 Jul 11 02:11 Repeat$_fireFunction_Repeat_Repeat$__f_sL_9.class
-rw-rw-r--   1 travis travis    475 Jul 11 02:11 Repeat$_initialize_Repeat$__i_sL_2.class
-rw-rw-r--   1 travis travis   1281 Jul 11 02:10 Repeat.mk
-rw-rw-r--   1 travis travis    520 Jul 11 02:11 Repeat$_preinitializeMethod_Repeat$__p_sL_0.class
-rw-rw-r--   1 travis travis   1083 Jul 11 02:11 Repeat$_Repeat$_fireFunction_Repeat_AddSubtract_Repeat.class
-rw-rw-r--   1 travis travis    791 Jul 11 02:11 Repeat$_Repeat$_fireFunction_Repeat_AddSubtract_Repeat$__f_sL_0.class
-rw-rw-r--   1 travis travis    909 Jul 11 02:11 Repeat$_Repeat$_fireFunction_Repeat_AddSubtract_Repeat$__f_sL_1.class
-rw-rw-r--   1 travis travis    915 Jul 11 02:11 Repeat$_Repeat$_fireFunction_Repeat_AddSubtract_Repeat$__f_sL_2.class
-rw-rw-r--   1 travis travis    843 Jul 11 02:11 Repeat$_Repeat$_fireFunction_Repeat_AddSubtract_Repeat$__f_sL_3.class
-rw-rw-r--   1 travis travis    738 Jul 11 02:11 Repeat$_Repeat$_fireFunction_Repeat_Ramp2_Repeat$__f_sL_0.class
-rw-rw-r--   1 travis travis    869 Jul 11 02:11 Repeat$_Repeat$_fireFunction_Repeat_Test_Repeat$__f_sL_0.class
-rw-rw-r--   1 travis travis    615 Jul 11 02:11 Repeat$_Repeat$_fireFunction_Repeat_Test_Repeat$__f_sL_1.class
-rw-rw-r--   1 travis travis    685 Jul 11 02:11 Repeat$_Repeat_SDF_Director_run_Repeat$__R_sL_0.class
-rw-rw-r--   1 travis travis    686 Jul 11 02:11 Repeat$_Repeat_SDF_Director_run_Repeat$__R_sL_11.class
-rw-rw-r--   1 travis travis    542 Jul 11 02:11 Repeat$_Repeat_SDF_Director_run_Repeat$__R_sL_13.class
-rw-rw-r--   1 travis travis    540 Jul 11 02:11 Repeat$_Repeat_SDF_Director_run_Repeat$__R_sL_2.class
-rw-rw-r--   1 travis travis    684 Jul 11 02:11 Repeat$_Repeat_SDF_Director_run_Repeat$__R_sL_3.class
-rw-rw-r--   1 travis travis    540 Jul 11 02:11 Repeat$_Repeat_SDF_Director_run_Repeat$__R_sL_5.class
-rw-rw-r--   1 travis travis    540 Jul 11 02:11 Repeat$_Repeat_SDF_Director_run_Repeat$__R_sL_8.class
drwxrwxr-x   2 travis travis   4096 Jul 11 02:11 RepeatVariables
-rw-rw-r--   1 travis travis    863 Jul 11 02:11 Repeat$_varinit_Repeat.class
-rw-rw-r--   1 travis travis    531 Jul 11 02:11 Repeat$_varinit_Repeat$__v_sL_2.class
-rw-rw-r--   1 travis travis    905 Jul 11 02:11 Repeat$_varinit_Repeat$__v_sL_4.class
-rw-rw-r--   1 travis travis    959 Jul 11 02:11 Repeat$_wrapup_Repeat$__w_sL_1.class
drwxrwxr-x   3 travis travis  20480 Jul 11 02:06 Sinewave
drwxrwxr-x   3 travis travis  32768 Jul 11 02:08 StringFunction
drwxrwxr-x   3 travis travis  12288 Jul 11 02:08 StringLength
drwxrwxr-x   3 travis travis  61440 Jul 11 02:09 StringMatches2
drwxrwxr-x   3 travis travis  61440 Jul 11 02:09 StringSimpleReplace
drwxrwxr-x   3 travis travis  65536 Jul 11 02:09 StringSubstring
drwxrwxr-x   3 travis travis  24576 Jul 11 02:09 StringSubstring2
drwxrwxr-x   3 travis travis  16384 Jul 11 02:10 time1
drwxrwxr-x   3 travis travis  12288 Jul 11 02:10 time5
-rw-rw-r--   1 travis travis    432 Jul 11 02:13 Token.class
-rw-rw-r--   1 travis travis    251 Jul 11 02:13 Token.java
-rwxrwxr-x   1 travis travis 466992 Jul 11 02:03 top
-rw-rw-r--   1 travis travis  20502 Jul 11 02:03 top.c
-rw-rw-r--   1 travis travis   3799 Jul 11 02:11 top.class
-rw-rw-r--   1 travis travis   1257 Jul 11 02:11 top.mk
In "/home/travis/cg", about to execute:
    javac -classpath
.:/home/travis/build/icyphy/ptII:/home/travis/build/icyphy/ptII/lib/bsh-2.0b4.j
ar:/home/travis/build/icyphy/ptII/lib/ptCal.jar:/home/travis/build/icyphy/ptII/
lib/java_cup.jar:/home/travis/build/icyphy/ptII/lib/saxon8.jar:/home/travis/bui
ld/icyphy/ptII/lib/saxon8-dom.jar:/home/travis/build/icyphy/ptII/lib/chic.jar:/
home/travis/build/icyphy/ptII/lib/ptcolt.jar:/home/travis/build/icyphy/ptII/ven
dors/misc/itext/iText.jar:/home/travis/build/icyphy/ptII/lib/g4ltl.jar:/home/tr
avis/build/icyphy/ptII/lib/StructuralCoder.jar:/home/travis/build/icyphy/ptII/v
endors/jai-1_1_2_01/lib/jai_core.jar:/home/travis/build/icyphy/ptII/vendors/jai
-1_1_2_01/lib/jai_codec.jar:/home/travis/build/icyphy/ptII/lib/jcerti.jar:/home
/travis/build/icyphy/ptII/lib/javax.mail.jar:/usr/share/java/openjfx/jre/lib/ex
t/jfxrt.jar:/usr/lib/jvm/java-8-openjdk-amd64/jre/lib/ext/jfxrt.jar:/home/travi
s/build/icyphy/ptII/vendors/JMF-2.1.1e/lib/jmf.jar:/home/travis/build/icyphy/pt
II/lib/jna-4.0.0-variadic.jar:/home/travis/build/icyphy/ptII/vendors/misc/joyst
ick/Joystick.jar:/home/travis/build/icyphy/ptII/lib/ptjacl.jar:/home/travis/bui
ld/icyphy/ptII/lib/jsoup-1.8.2.jar:/home/travis/build/icyphy/ptII/lib/junit-4.8
.2.jar:/home/travis/build/icyphy/ptII/lib/JUnitParams-0.4.0.jar:/home/travis/bu
ild/icyphy/ptII/ptolemy/actor/lib/excel/jxl.jar:/home/travis/build/icyphy/ptII/
lib/jython.jar:/home/travis/build/icyphy/ptII/lib/kieler.jar:/home/travis/build
/icyphy/ptII/lib/opencv-341.jar:/home/travis/build/icyphy/ptII/lib/oscP5.jar:/h
ome/travis/build/icyphy/ptII/lib/nrjavaserial-3.11.0.devel.jar:/home/travis/bui
ld/icyphy/ptII/vendors/j3d/lib/j3dcore.jar:/home/travis/build/icyphy/ptII/vendo
rs/j3d/lib/j3dutils.jar:/home/travis/build/icyphy/ptII/vendors/j3d/lib/vecmath.
jar:/home/travis/build/icyphy/ptII/ptolemy/distributed/jini/jar/jini-core.jar:/
home/travis/build/icyphy/ptII/ptolemy/distributed/jini/jar/jini-ext.jar:/home/t
ravis/build/icyphy/ptII/ptolemy/distributed/jini/jar/sun-util.jar:/home/travis/
build/icyphy/ptII/lib/protobuf-java-2.4.1.jar:/home/travis/build/icyphy/ptII/li
b/org.eclipse.paho.client.mqttv3.jar:/home/travis/build/icyphy/ptII/lib/mapss.j
ar:/home/travis/build/icyphy/ptII/ptolemy/actor/ptalon/antlr/antlr.jar:/home/tr
avis/build/icyphy/ptII/lib/JRI.jar:/home/travis/build/icyphy/ptII/lib/commons-l
ang-2.6.jar:/home/travis/build/icyphy/ptII/lib/commons-logging-1.1.1.jar:/home/
travis/build/icyphy/ptII/lib/sootclasses.jar:/home/travis/build/icyphy/ptII/pto
lemy/actor/lib/database/mysql-connector-java-5.1.6-bin.jar:/home/travis/build/i
cyphy/ptII/vendors/misc/sphinx4/sphinx4-data-5prealpha.jar:/home/travis/build/i
cyphy/ptII/vendors/misc/sphinx4/sphinx4-core-5prealpha.jar:/home/travis/build/i
cyphy/ptII/lib/PDFRenderer.jar:/home/travis/build/icyphy/ptII/lib/svgSalamander
.jar:/home/travis/build/icyphy/ptII/lib/rsyntaxtextarea-2.6.0-SNAPSHOT.jar:/hom
e/travis/build/icyphy/ptII/lib/hazelcast-3.8.2.jar:/home/travis/build/icyphy/pt
II/lib/jackson-annotations-2.9.0.jar:/home/travis/build/icyphy/ptII/lib/jackson
-core-2.9.3.jar:/home/travis/build/icyphy/ptII/lib/jackson-databind-2.9.3.jar:/
home/travis/build/icyphy/ptII/lib/netty-buffer-4.1.19.Final.jar:/home/travis/bu
ild/icyphy/ptII/lib/netty-codec-4.1.19.Final.jar:/home/travis/build/icyphy/ptII
/lib/netty-codec-dns-4.1.19.Final.jar:/home/travis/build/icyphy/ptII/lib/netty-
codec-http-4.1.19.Final.jar:/home/travis/build/icyphy/ptII/lib/netty-codec-http
2-4.1.19.Final.jar:/home/travis/build/icyphy/ptII/lib/netty-common-4.1.19.Final
.jar:/home/travis/build/icyphy/ptII/lib/netty-handler-4.1.19.Final.jar:/home/tr
avis/build/icyphy/ptII/lib/netty-resolver-4.1.19.Final.jar:/home/travis/build/i
cyphy/ptII/lib/netty-resolver-dns-4.1.19.Final.jar:/home/travis/build/icyphy/pt
II/lib/netty-transport-4.1.19.Final.jar:/home/travis/build/icyphy/ptII/lib/vert
x-codegen-3.5.1.jar:/home/travis/build/icyphy/ptII/lib/vertx-core-3.5.2-SNAPSHO
T.jar:/home/travis/build/icyphy/ptII/lib/vertx-hazelcast-3.5.1.jar:/home/travis
/build/icyphy/ptII/lib/vertx-lang-js-3.5.1.jar:/home/travis/build/icyphy/ptII/l
ib/vertx-service-proxy-3.5.1.jar:/home/travis/build/icyphy/ptII/lib/vertx-web-3
.5.1.jar:/home/travis/build/icyphy/ptII/lib/slf4j-api-1.7.13.jar:/home/travis/b
uild/icyphy/ptII/lib/slf4j-simple-1.7.13.jar:/home/travis/build/icyphy/ptII/lib
/webcam-capture-0.3.12.jar:/home/travis/build/icyphy/ptII/lib/bridj-0.7.0.jar:/
home/travis/build/icyphy/ptII/lib/xbjlib-1.1.0.nrjavaserial.jar:/home/travis/bu
ild/icyphy/ptII/ptolemy/moml/test:/home/travis/build/icyphy/ptII/ant/lib/ant-la
uncher.jar:/home/travis/build/icyphy/ptII/ant/lib/ant.jar:/home/travis/build/ic
yphy/ptII/ant/lib/ant-junit.jar:/home/travis/build/icyphy/ptII/ant/lib/ant-juni
t4.jar:/home/travis/build/icyphy/ptII ModularCodeGen6_A_A2_profile.java
All Done
Writing ModularCodeGen6_A_A2.java in file:/home/travis/cg/ (11329 characters)
Reading "ptolemy/cg/kernel/generic/program/procedural/java/modular/makefile.in",
    writing "/home/travis/cg/ModularCodeGen6_A_A2.mk"
Using ptolemy/cg/kernel/generic/program/procedural/java/modular/makefile.in
In "/home/travis/cg", about to execute:
    make -f ModularCodeGen6_A_A2.mk
javac -classpath ".:.."    ModularCodeGen6_A_A2.java
All Done
In "/home/travis/cg", about to execute:
    pwd
/home/travis/cg
In "/home/travis/cg", about to execute:
    ls -l
total 2260
drwxrwxr-x   3 travis travis  12288 Jul 11 02:04 AbsoluteValue
drwxrwxr-x   3 travis travis 102400 Jul 11 02:03 AllColt
drwxrwxr-x   3 travis travis  12288 Jul 11 02:04 Case1
-rw-rw-r--   1 travis travis   5104 Jul 11 02:11 CompiledCompositeActor_CompiledCompositeActor.class
-rw-rw-r--   1 travis travis   1592 Jul 11 02:11 CompiledCompositeActor_CompiledCompositeActor$_CompiledCompositeActor_CompiledCompositeActor.class
-rw-rw-r--   1 travis travis  13466 Jul 11 02:11 CompiledCompositeActor_CompiledCompositeActor.java
-rw-rw-r--   1 travis travis   1593 Jul 11 02:11 CompiledCompositeActor_CompiledCompositeActor.mk
drwxrwxr-x   5 travis travis   4096 Jul 11 02:03 fmi
drwxrwxr-x   3 travis travis  16384 Jul 11 02:05 Gaussian2
-rw-rw-r--   1 travis travis   4660 Jul 11 02:11 JavaCompiledCompositeTest1_CompiledCompositeActor.class
-rw-rw-r--   1 travis travis  11637 Jul 11 02:11 JavaCompiledCompositeTest1_CompiledCompositeActor.java
-rw-rw-r--   1 travis travis   1198 Jul 11 02:11 JavaCompiledCompositeTest1_CompiledCompositeActor$_JavaCompiledCompositeTest1_CompiledCompositeActor.class
-rw-rw-r--   1 travis travis   1625 Jul 11 02:11 JavaCompiledCompositeTest1_CompiledCompositeActor.mk
-rw-rw-r--   1 travis travis   5091 Jul 11 02:11 JavaCompiledCompositeTest2_CompiledCompositeActor.class
-rw-rw-r--   1 travis travis  14919 Jul 11 02:11 JavaCompiledCompositeTest2_CompiledCompositeActor.java
-rw-rw-r--   1 travis travis   1793 Jul 11 02:11 JavaCompiledCompositeTest2_CompiledCompositeActor$_JavaCompiledCompositeTest2_CompiledCompositeActor.class
-rw-rw-r--   1 travis travis   1625 Jul 11 02:11 JavaCompiledCompositeTest2_CompiledCompositeActor.mk
-rw-rw-r--   1 travis travis   4708 Jul 11 02:11 JavaCompiledCompositeTest3_CompiledCompositeActor.class
-rw-rw-r--   1 travis travis  13080 Jul 11 02:11 JavaCompiledCompositeTest3_CompiledCompositeActor.java
-rw-rw-r--   1 travis travis   1378 Jul 11 02:11 JavaCompiledCompositeTest3_CompiledCompositeActor$_JavaCompiledCompositeTest3_CompiledCompositeActor.class
-rw-rw-r--   1 travis travis   1625 Jul 11 02:11 JavaCompiledCompositeTest3_CompiledCompositeActor.mk
-rw-rw-r--   1 travis travis   4159 Jul 11 02:11 JavaCompiledCompositeTest4_CompiledCompositeActor.class
-rw-rw-r--   1 travis travis   9687 Jul 11 02:11 JavaCompiledCompositeTest4_CompiledCompositeActor.java
-rw-rw-r--   1 travis travis    857 Jul 11 02:11 JavaCompiledCompositeTest4_CompiledCompositeActor$_JavaCompiledCompositeTest4_CompiledCompositeActor.class
-rw-rw-r--   1 travis travis   1625 Jul 11 02:11 JavaCompiledCompositeTest4_CompiledCompositeActor.mk
drwxrwxr-x   3 travis travis  12288 Jul 11 02:05 LookupTable
drwxrwxr-x   3 travis travis  20480 Jul 11 02:05 MaxIndex
-rw-rw-r--   1 travis travis   3925 Jul 11 02:11 ModularCG_A1_B1.class
-rw-rw-r--   1 travis travis   9730 Jul 11 02:11 ModularCG_A1_B1.java
-rw-rw-r--   1 travis travis    832 Jul 11 02:11 ModularCG_A1_B1.mk
-rw-rw-r--   1 travis travis   1318 Jul 11 02:11 ModularCG_A1_B1_profile.class
-rw-rw-r--   1 travis travis   1262 Jul 11 02:11 ModularCG_A1_B1_profile.java
-rw-rw-r--   1 travis travis   3925 Jul 11 02:11 ModularCG_A1_B2.class
-rw-rw-r--   1 travis travis   9730 Jul 11 02:11 ModularCG_A1_B2.java
-rw-rw-r--   1 travis travis    832 Jul 11 02:11 ModularCG_A1_B2.mk
-rw-rw-r--   1 travis travis   1318 Jul 11 02:11 ModularCG_A1_B2_profile.class
-rw-rw-r--   1 travis travis   1262 Jul 11 02:11 ModularCG_A1_B2_profile.java
-rw-rw-r--   1 travis travis   5031 Jul 11 02:11 ModularCG_A1.class
-rw-rw-r--   1 travis travis  14742 Jul 11 02:11 ModularCG_A1.java
-rw-rw-r--   1 travis travis    808 Jul 11 02:11 ModularCG_A1.mk
-rw-rw-r--   1 travis travis   1433 Jul 11 02:11 ModularCG_A1_profile.class
-rw-rw-r--   1 travis travis   1704 Jul 11 02:11 ModularCG_A1_profile.java
-rw-rw-r--   1 travis travis   4059 Jul 11 02:11 ModularCG_A2_B1.class
-rw-rw-r--   1 travis travis  10667 Jul 11 02:11 ModularCG_A2_B1.java
-rw-rw-r--   1 travis travis    832 Jul 11 02:11 ModularCG_A2_B1.mk
-rw-rw-r--   1 travis travis   1381 Jul 11 02:11 ModularCG_A2_B1_profile.class
-rw-rw-r--   1 travis travis   1446 Jul 11 02:11 ModularCG_A2_B1_profile.java
-rw-rw-r--   1 travis travis   3925 Jul 11 02:11 ModularCG_A2_B2.class
-rw-rw-r--   1 travis travis   9730 Jul 11 02:11 ModularCG_A2_B2.java
-rw-rw-r--   1 travis travis    832 Jul 11 02:11 ModularCG_A2_B2.mk
-rw-rw-r--   1 travis travis   1318 Jul 11 02:11 ModularCG_A2_B2_profile.class
-rw-rw-r--   1 travis travis   1262 Jul 11 02:11 ModularCG_A2_B2_profile.java
-rw-rw-r--   1 travis travis   5102 Jul 11 02:11 ModularCG_A2.class
-rw-rw-r--   1 travis travis  15129 Jul 11 02:11 ModularCG_A2.java
-rw-rw-r--   1 travis travis    808 Jul 11 02:11 ModularCG_A2.mk
-rw-rw-r--   1 travis travis   1433 Jul 11 02:11 ModularCG_A2_profile.class
-rw-rw-r--   1 travis travis   1704 Jul 11 02:11 ModularCG_A2_profile.java
In "/home/travis/cg", about to execute:
    javac -classpath
.:/home/travis/build/icyphy/ptII:/home/travis/build/icyphy/ptII/lib/bsh-2.0b4.j
ar:/home/travis/build/icyphy/ptII/lib/ptCal.jar:/home/travis/build/icyphy/ptII/
lib/java_cup.jar:/home/travis/build/icyphy/ptII/lib/saxon8.jar:/home/travis/bui
ld/icyphy/ptII/lib/saxon8-dom.jar:/home/travis/build/icyphy/ptII/lib/chic.jar:/
home/travis/build/icyphy/ptII/lib/ptcolt.jar:/home/travis/build/icyphy/ptII/ven
dors/misc/itext/iText.jar:/home/travis/build/icyphy/ptII/lib/g4ltl.jar:/home/tr
avis/build/icyphy/ptII/lib/StructuralCoder.jar:/home/travis/build/icyphy/ptII/v
endors/jai-1_1_2_01/lib/jai_core.jar:/home/travis/build/icyphy/ptII/vendors/jai
-1_1_2_01/lib/jai_codec.jar:/home/travis/build/icyphy/ptII/lib/jcerti.jar:/home
/travis/build/icyphy/ptII/lib/javax.mail.jar:/usr/share/java/openjfx/jre/lib/ex
t/jfxrt.jar:/usr/lib/jvm/java-8-openjdk-amd64/jre/lib/ext/jfxrt.jar:/home/travi
s/build/icyphy/ptII/vendors/JMF-2.1.1e/lib/jmf.jar:/home/travis/build/icyphy/pt
II/lib/jna-4.0.0-variadic.jar:/home/travis/build/icyphy/ptII/vendors/misc/joyst
ick/Joystick.jar:/home/travis/build/icyphy/ptII/lib/ptjacl.jar:/home/travis/bui
ld/icyphy/ptII/lib/jsoup-1.8.2.jar:/home/travis/build/icyphy/ptII/lib/junit-4.8
.2.jar:/home/travis/build/icyphy/ptII/lib/JUnitParams-0.4.0.jar:/home/travis/bu
ild/icyphy/ptII/ptolemy/actor/lib/excel/jxl.jar:/home/travis/build/icyphy/ptII/
lib/jython.jar:/home/travis/build/icyphy/ptII/lib/kieler.jar:/home/travis/build
/icyphy/ptII/lib/opencv-341.jar:/home/travis/build/icyphy/ptII/lib/oscP5.jar:/h
ome/travis/build/icyphy/ptII/lib/nrjavaserial-3.11.0.devel.jar:/home/travis/bui
ld/icyphy/ptII/vendors/j3d/lib/j3dcore.jar:/home/travis/build/icyphy/ptII/vendo
rs/j3d/lib/j3dutils.jar:/home/travis/build/icyphy/ptII/vendors/j3d/lib/vecmath.
jar:/home/travis/build/icyphy/ptII/ptolemy/distributed/jini/jar/jini-core.jar:/
home/travis/build/icyphy/ptII/ptolemy/distributed/jini/jar/jini-ext.jar:/home/t
ravis/build/icyphy/ptII/ptolemy/distributed/jini/jar/sun-util.jar:/home/travis/
build/icyphy/ptII/lib/protobuf-java-2.4.1.jar:/home/travis/build/icyphy/ptII/li
b/org.eclipse.paho.client.mqttv3.jar:/home/travis/build/icyphy/ptII/lib/mapss.j
ar:/home/travis/build/icyphy/ptII/ptolemy/actor/ptalon/antlr/antlr.jar:/home/tr
avis/build/icyphy/ptII/lib/JRI.jar:/home/travis/build/icyphy/ptII/lib/commons-l
ang-2.6.jar:/home/travis/build/icyphy/ptII/lib/commons-logging-1.1.1.jar:/home/
travis/build/icyphy/ptII/lib/sootclasses.jar:/home/travis/build/icyphy/ptII/pto
lemy/actor/lib/database/mysql-connector-java-5.1.6-bin.jar:/home/travis/build/i
cyphy/ptII/vendors/misc/sphinx4/sphinx4-data-5prealpha.jar:/home/travis/build/i
cyphy/ptII/vendors/misc/sphinx4/sphinx4-core-5prealpha.jar:/home/travis/build/i
cyphy/ptII/lib/PDFRenderer.jar:/home/travis/build/icyphy/ptII/lib/svgSalamander
.jar:/home/travis/build/icyphy/ptII/lib/rsyntaxtextarea-2.6.0-SNAPSHOT.jar:/hom
e/travis/build/icyphy/ptII/lib/hazelcast-3.8.2.jar:/home/travis/build/icyphy/pt
II/lib/jackson-annotations-2.9.0.jar:/home/travis/build/icyphy/ptII/lib/jackson
-core-2.9.3.jar:/home/travis/build/icyphy/ptII/lib/jackson-databind-2.9.3.jar:/
home/travis/build/icyphy/ptII/lib/netty-buffer-4.1.19.Final.jar:/home/travis/bu
ild/icyphy/ptII/lib/netty-codec-4.1.19.Final.jar:/home/travis/build/icyphy/ptII
/lib/netty-codec-dns-4.1.19.Final.jar:/home/travis/build/icyphy/ptII/lib/netty-
codec-http-4.1.19.Final.jar:/home/travis/build/icyphy/ptII/lib/netty-codec-http
2-4.1.19.Final.jar:/home/travis/build/icyphy/ptII/lib/netty-common-4.1.19.Final
.jar:/home/travis/build/icyphy/ptII/lib/netty-handler-4.1.19.Final.jar:/home/tr
avis/build/icyphy/ptII/lib/netty-resolver-4.1.19.Final.jar:/home/travis/build/i
cyphy/ptII/lib/netty-resolver-dns-4.1.19.Final.jar:/home/travis/build/icyphy/pt
II/lib/netty-transport-4.1.19.Final.jar:/home/travis/build/icyphy/ptII/lib/vert
x-codegen-3.5.1.jar:/home/travis/build/icyphy/ptII/lib/vertx-core-3.5.2-SNAPSHO
T.jar:/home/travis/build/icyphy/ptII/lib/vertx-hazelcast-3.5.1.jar:/home/travis
/build/icyphy/ptII/lib/vertx-lang-js-3.5.1.jar:/home/travis/build/icyphy/ptII/l
ib/vertx-service-proxy-3.5.1.jar:/home/travis/build/icyphy/ptII/lib/vertx-web-3
.5.1.jar:/home/travis/build/icyphy/ptII/lib/slf4j-api-1.7.13.jar:/home/travis/b
uild/icyphy/ptII/lib/slf4j-simple-1.7.13.jar:/home/travis/build/icyphy/ptII/lib
/webcam-capture-0.3.12.jar:/home/travis/build/icyphy/ptII/lib/bridj-0.7.0.jar:/
home/travis/build/icyphy/ptII/lib/xbjlib-1.1.0.nrjavaserial.jar:/home/travis/bu
ild/icyphy/ptII/ptolemy/moml/test:/home/travis/build/icyphy/ptII/ant/lib/ant-la
uncher.jar:/home/travis/build/icyphy/ptII/ant/lib/ant.jar:/home/travis/build/ic
yphy/ptII/ant/lib/ant-junit.jar:/home/travis/build/icyphy/ptII/ant/lib/ant-juni
t4.jar:/home/travis/build/icyphy/ptII ModularCodeGen6_A_profile.java
-rw-rw-r--   1 travis travis   3705 Jul 11 02:12 ModularCGPubSub_A1_A2.class
-rw-rw-r--   1 travis travis   9076 Jul 11 02:11 ModularCGPubSub_A1_A2.java
-rw-rw-r--   1 travis travis    880 Jul 11 02:11 ModularCGPubSub_A1_A2.mk
-rw-rw-r--   1 travis travis   1300 Jul 11 02:11 ModularCGPubSub_A1_A2_profile.class
-rw-rw-r--   1 travis travis   1222 Jul 11 02:11 ModularCGPubSub_A1_A2_profile.java
-rw-rw-r--   1 travis travis   4022 Jul 11 02:12 ModularCGPubSub_A1.class
-rw-rw-r--   1 travis travis   9836 Jul 11 02:12 ModularCGPubSub_A1.java
-rw-rw-r--   1 travis travis    856 Jul 11 02:12 ModularCGPubSub_A1.mk
-rw-rw-r--   1 travis travis   1346 Jul 11 02:12 ModularCGPubSub_A1_profile.class
-rw-rw-r--   1 travis travis   1388 Jul 11 02:12 ModularCGPubSub_A1_profile.java
-rw-rw-r--   1 travis travis   4220 Jul 11 02:12 ModularCodeGen2_ModularCodeGenTypedCompositeActor.class
-rw-rw-r--   1 travis travis  11690 Jul 11 02:12 ModularCodeGen2_ModularCodeGenTypedCompositeActor.java
-rw-rw-r--   1 travis travis   1104 Jul 11 02:12 ModularCodeGen2_ModularCodeGenTypedCompositeActor.mk
-rw-rw-r--   1 travis travis   4504 Jul 11 02:12 ModularCodeGen2_ModularCodeGenTypedCompositeActor_ModularCodeGenTypedCompositeActor.class
-rw-rw-r--   1 travis travis  11790 Jul 11 02:12 ModularCodeGen2_ModularCodeGenTypedCompositeActor_ModularCodeGenTypedCompositeActor.java
-rw-rw-r--   1 travis travis   1376 Jul 11 02:12 ModularCodeGen2_ModularCodeGenTypedCompositeActor_ModularCodeGenTypedCompositeActor.mk
-rw-rw-r--   1 travis travis   1421 Jul 11 02:12 ModularCodeGen2_ModularCodeGenTypedCompositeActor_ModularCodeGenTypedCompositeActor_profile.class
-rw-rw-r--   1 travis travis   1294 Jul 11 02:12 ModularCodeGen2_ModularCodeGenTypedCompositeActor_ModularCodeGenTypedCompositeActor_profile.java
-rw-rw-r--   1 travis travis    820 Jul 11 02:12 ModularCodeGen2_ModularCodeGenTypedCompositeActor_profile.class
-rw-rw-r--   1 travis travis    693 Jul 11 02:12 ModularCodeGen2_ModularCodeGenTypedCompositeActor_profile.java
-rw-rw-r--   1 travis travis   3973 Jul 11 02:12 ModularCodeGen3_A1_B1.class
-rw-rw-r--   1 travis travis   9958 Jul 11 02:12 ModularCodeGen3_A1_B1.java
-rw-rw-r--   1 travis travis    880 Jul 11 02:12 ModularCodeGen3_A1_B1.mk
-rw-rw-r--   1 travis travis   1330 Jul 11 02:12 ModularCodeGen3_A1_B1_profile.class
-rw-rw-r--   1 travis travis   1274 Jul 11 02:12 ModularCodeGen3_A1_B1_profile.java
-rw-rw-r--   1 travis travis   3973 Jul 11 02:12 ModularCodeGen3_A1_B2.class
-rw-rw-r--   1 travis travis   9958 Jul 11 02:12 ModularCodeGen3_A1_B2.java
-rw-rw-r--   1 travis travis    880 Jul 11 02:12 ModularCodeGen3_A1_B2.mk
-rw-rw-r--   1 travis travis   1330 Jul 11 02:12 ModularCodeGen3_A1_B2_profile.class
-rw-rw-r--   1 travis travis   1274 Jul 11 02:12 ModularCodeGen3_A1_B2_profile.java
-rw-rw-r--   1 travis travis   5193 Jul 11 02:12 ModularCodeGen3_A1.class
-rw-rw-r--   1 travis travis  15564 Jul 11 02:12 ModularCodeGen3_A1.java
-rw-rw-r--   1 travis travis    856 Jul 11 02:12 ModularCodeGen3_A1.mk
-rw-rw-r--   1 travis travis   1445 Jul 11 02:12 ModularCodeGen3_A1_profile.class
-rw-rw-r--   1 travis travis   1716 Jul 11 02:12 ModularCodeGen3_A1_profile.java
-rw-rw-r--   1 travis travis   4119 Jul 11 02:12 ModularCodeGen3_A2_B1.class
-rw-rw-r--   1 travis travis  10955 Jul 11 02:12 ModularCodeGen3_A2_B1.java
-rw-rw-r--   1 travis travis    880 Jul 11 02:12 ModularCodeGen3_A2_B1.mk
-rw-rw-r--   1 travis travis   1393 Jul 11 02:12 ModularCodeGen3_A2_B1_profile.class
-rw-rw-r--   1 travis travis   1458 Jul 11 02:12 ModularCodeGen3_A2_B1_profile.java
-rw-rw-r--   1 travis travis   3973 Jul 11 02:12 ModularCodeGen3_A2_B2.class
-rw-rw-r--   1 travis travis   9958 Jul 11 02:12 ModularCodeGen3_A2_B2.java
-rw-rw-r--   1 travis travis    880 Jul 11 02:12 ModularCodeGen3_A2_B2.mk
-rw-rw-r--   1 travis travis   1330 Jul 11 02:12 ModularCodeGen3_A2_B2_profile.class
-rw-rw-r--   1 travis travis   1274 Jul 11 02:12 ModularCodeGen3_A2_B2_profile.java
-rw-rw-r--   1 travis travis   5270 Jul 11 02:12 ModularCodeGen3_A2.class
-rw-rw-r--   1 travis travis  15957 Jul 11 02:12 ModularCodeGen3_A2.java
-rw-rw-r--   1 travis travis    856 Jul 11 02:12 ModularCodeGen3_A2.mk
-rw-rw-r--   1 travis travis   1445 Jul 11 02:12 ModularCodeGen3_A2_profile.class
-rw-rw-r--   1 travis travis   1716 Jul 11 02:12 ModularCodeGen3_A2_profile.java
-rw-rw-r--   1 travis travis   4026 Jul 11 02:12 ModularCodeGen4_A1_B1.class
-rw-rw-r--   1 travis travis  10312 Jul 11 02:12 ModularCodeGen4_A1_B1.java
-rw-rw-r--   1 travis travis    880 Jul 11 02:12 ModularCodeGen4_A1_B1.mk
-rw-rw-r--   1 travis travis   1330 Jul 11 02:12 ModularCodeGen4_A1_B1_profile.class
-rw-rw-r--   1 travis travis   1273 Jul 11 02:12 ModularCodeGen4_A1_B1_profile.java
-rw-rw-r--   1 travis travis   4026 Jul 11 02:12 ModularCodeGen4_A1_B2.class
-rw-rw-r--   1 travis travis  10312 Jul 11 02:12 ModularCodeGen4_A1_B2.java
-rw-rw-r--   1 travis travis    880 Jul 11 02:12 ModularCodeGen4_A1_B2.mk
-rw-rw-r--   1 travis travis   1330 Jul 11 02:12 ModularCodeGen4_A1_B2_profile.class
-rw-rw-r--   1 travis travis   1273 Jul 11 02:12 ModularCodeGen4_A1_B2_profile.java
-rw-rw-r--   1 travis travis   5333 Jul 11 02:12 ModularCodeGen4_A1.class
-rw-rw-r--   1 travis travis  16245 Jul 11 02:12 ModularCodeGen4_A1.java
-rw-rw-r--   1 travis travis    856 Jul 11 02:12 ModularCodeGen4_A1.mk
-rw-rw-r--   1 travis travis   1445 Jul 11 02:12 ModularCodeGen4_A1_profile.class
-rw-rw-r--   1 travis travis   1712 Jul 11 02:12 ModularCodeGen4_A1_profile.java
-rw-rw-r--   1 travis travis   4220 Jul 11 02:12 ModularCodeGen4_A2_B1.class
-rw-rw-r--   1 travis travis  11375 Jul 11 02:12 ModularCodeGen4_A2_B1.java
-rw-rw-r--   1 travis travis    880 Jul 11 02:12 ModularCodeGen4_A2_B1.mk
-rw-rw-r--   1 travis travis   1393 Jul 11 02:12 ModularCodeGen4_A2_B1_profile.class
-rw-rw-r--   1 travis travis   1454 Jul 11 02:12 ModularCodeGen4_A2_B1_profile.java
-rw-rw-r--   1 travis travis   4074 Jul 11 02:12 ModularCodeGen4_A2_B2.class
-rw-rw-r--   1 travis travis  10378 Jul 11 02:12 ModularCodeGen4_A2_B2.java
-rw-rw-r--   1 travis travis    880 Jul 11 02:12 ModularCodeGen4_A2_B2.mk
-rw-rw-r--   1 travis travis   1330 Jul 11 02:12 ModularCodeGen4_A2_B2_profile.class
-rw-rw-r--   1 travis travis   1270 Jul 11 02:12 ModularCodeGen4_A2_B2_profile.java
-rw-rw-r--   1 travis travis   5506 Jul 11 02:12 ModularCodeGen4_A2.class
-rw-rw-r--   1 travis travis  16770 Jul 11 02:12 ModularCodeGen4_A2.java
-rw-rw-r--   1 travis travis    856 Jul 11 02:12 ModularCodeGen4_A2.mk
-rw-rw-r--   1 travis travis   1445 Jul 11 02:12 ModularCodeGen4_A2_profile.class
-rw-rw-r--   1 travis travis   1712 Jul 11 02:12 ModularCodeGen4_A2_profile.java
-rw-rw-r--   1 travis travis   7070 Jul 11 02:12 ModularCodeGen5_A_A.class
-rw-rw-r--   1 travis travis  28721 Jul 11 02:12 ModularCodeGen5_A_A.java
-rw-rw-r--   1 travis travis    864 Jul 11 02:12 ModularCodeGen5_A_A.mk
-rw-rw-r--   1 travis travis   1520 Jul 11 02:12 ModularCodeGen5_A_A_profile.class
-rw-rw-r--   1 travis travis   1815 Jul 11 02:12 ModularCodeGen5_A_A_profile.java
-rw-rw-r--   1 travis travis   5347 Jul 11 02:13 ModularCodeGen5_A.class
-rw-rw-r--   1 travis travis  13769 Jul 11 02:12 ModularCodeGen5_A.java
-rw-rw-r--   1 travis travis    848 Jul 11 02:12 ModularCodeGen5_A.mk
-rw-rw-r--   1 travis travis   1422 Jul 11 02:12 ModularCodeGen5_A_profile.class
-rw-rw-r--   1 travis travis   1605 Jul 11 02:12 ModularCodeGen5_A_profile.java
-rw-rw-r--   1 travis travis   4357 Jul 11 02:13 ModularCodeGen6_A_A2.class
-rw-rw-r--   1 travis travis  11329 Jul 11 02:13 ModularCodeGen6_A_A2.java
-rw-rw-r--   1 travis travis    872 Jul 11 02:13 ModularCodeGen6_A_A2.mk
-rw-rw-r--   1 travis travis   1351 Jul 11 02:13 ModularCodeGen6_A_A2_profile.class
-rw-rw-r--   1 travis travis   1364 Jul 11 02:13 ModularCodeGen6_A_A2_profile.java
-rw-rw-r--   1 travis travis   4340 Jul 11 02:13 ModularCodeGen6_A_A.class
-rw-rw-r--   1 travis travis  11221 Jul 11 02:13 ModularCodeGen6_A_A.java
-rw-rw-r--   1 travis travis    864 Jul 11 02:13 ModularCodeGen6_A_A.mk
-rw-rw-r--   1 travis travis   1348 Jul 11 02:13 ModularCodeGen6_A_A_profile.class
-rw-rw-r--   1 travis travis   1361 Jul 11 02:13 ModularCodeGen6_A_A_profile.java
-rw-rw-r--   1 travis travis   1810 Jul 11 02:13 ModularCodeGen6_A_profile.java
-rw-rw-r--   1 travis travis   4186 Jul 11 02:12 ModularCodeGen_ModularCodeGenTypedCompositeActor.class
-rw-rw-r--   1 travis travis  10970 Jul 11 02:12 ModularCodeGen_ModularCodeGenTypedCompositeActor.java
-rw-rw-r--   1 travis travis   1096 Jul 11 02:12 ModularCodeGen_ModularCodeGenTypedCompositeActor.mk
-rw-rw-r--   1 travis travis   1384 Jul 11 02:12 ModularCodeGen_ModularCodeGenTypedCompositeActor_profile.class
-rw-rw-r--   1 travis travis   1328 Jul 11 02:12 ModularCodeGen_ModularCodeGenTypedCompositeActor_profile.java
-rw-rw-r--   1 travis travis   3724 Jul 11 02:11 ModularCodeGenTest_A1_A2.class
-rw-rw-r--   1 travis travis   9164 Jul 11 02:11 ModularCodeGenTest_A1_A2.java
-rw-rw-r--   1 travis travis   1306 Jul 11 02:11 ModularCodeGenTest_A1_A2_profile.class
-rw-rw-r--   1 travis travis   4055 Jul 11 02:11 ModularCodeGenTest_A1.class
-rw-rw-r--   1 travis travis   9968 Jul 11 02:11 ModularCodeGenTest_A1.java
-rw-rw-r--   1 travis travis    880 Jul 11 02:11 ModularCodeGenTest_A1.mk
-rw-rw-r--   1 travis travis   1352 Jul 11 02:11 ModularCodeGenTest_A1_profile.class
-rw-rw-r--   1 travis travis   1394 Jul 11 02:11 ModularCodeGenTest_A1_profile.java
drwxrwxr-x   3 travis travis  32768 Jul 11 02:10 modulation2
drwxrwxr-x 139 travis travis  12288 Jul 11 02:11 node_modules
drwxrwxr-x   3 travis travis  20480 Jul 11 02:06 PhaseUnwrap
drwxrwxr-x   3 travis travis  12288 Jul 11 02:06 ReadFile1
-rw-rw-r--   1 travis travis     11 Jul 11 02:06 ReadFile1Output.txt
-rw-rw-r--   1 travis travis   9615 Jul 11 02:11 Repeat.class
-rw-rw-r--   1 travis travis    666 Jul 11 02:11 Repeat$_fireFunction_Repeat_Repeat$__f_sL_11.class
-rw-rw-r--   1 travis travis    522 Jul 11 02:11 Repeat$_fireFunction_Repeat_Repeat$__f_sL_12.class
-rw-rw-r--   1 travis travis    522 Jul 11 02:11 Repeat$_fireFunction_Repeat_Repeat$__f_sL_13.class
-rw-rw-r--   1 travis travis    522 Jul 11 02:11 Repeat$_fireFunction_Repeat_Repeat$__f_sL_14.class
-rw-rw-r--   1 travis travis    665 Jul 11 02:11 Repeat$_fireFunction_Repeat_Repeat$__f_sL_1.class
-rw-rw-r--   1 travis travis    664 Jul 11 02:11 Repeat$_fireFunction_Repeat_Repeat$__f_sL_4.class
-rw-rw-r--   1 travis travis    520 Jul 11 02:11 Repeat$_fireFunction_Repeat_Repeat$__f_sL_9.class
-rw-rw-r--   1 travis travis    475 Jul 11 02:11 Repeat$_initialize_Repeat$__i_sL_2.class
-rw-rw-r--   1 travis travis   1281 Jul 11 02:10 Repeat.mk
-rw-rw-r--   1 travis travis    520 Jul 11 02:11 Repeat$_preinitializeMethod_Repeat$__p_sL_0.class
-rw-rw-r--   1 travis travis   1083 Jul 11 02:11 Repeat$_Repeat$_fireFunction_Repeat_AddSubtract_Repeat.class
-rw-rw-r--   1 travis travis    791 Jul 11 02:11 Repeat$_Repeat$_fireFunction_Repeat_AddSubtract_Repeat$__f_sL_0.class
-rw-rw-r--   1 travis travis    909 Jul 11 02:11 Repeat$_Repeat$_fireFunction_Repeat_AddSubtract_Repeat$__f_sL_1.class
-rw-rw-r--   1 travis travis    915 Jul 11 02:11 Repeat$_Repeat$_fireFunction_Repeat_AddSubtract_Repeat$__f_sL_2.class
-rw-rw-r--   1 travis travis    843 Jul 11 02:11 Repeat$_Repeat$_fireFunction_Repeat_AddSubtract_Repeat$__f_sL_3.class
-rw-rw-r--   1 travis travis    738 Jul 11 02:11 Repeat$_Repeat$_fireFunction_Repeat_Ramp2_Repeat$__f_sL_0.class
-rw-rw-r--   1 travis travis    869 Jul 11 02:11 Repeat$_Repeat$_fireFunction_Repeat_Test_Repeat$__f_sL_0.class
-rw-rw-r--   1 travis travis    615 Jul 11 02:11 Repeat$_Repeat$_fireFunction_Repeat_Test_Repeat$__f_sL_1.class
-rw-rw-r--   1 travis travis    685 Jul 11 02:11 Repeat$_Repeat_SDF_Director_run_Repeat$__R_sL_0.class
-rw-rw-r--   1 travis travis    686 Jul 11 02:11 Repeat$_Repeat_SDF_Director_run_Repeat$__R_sL_11.class
-rw-rw-r--   1 travis travis    542 Jul 11 02:11 Repeat$_Repeat_SDF_Director_run_Repeat$__R_sL_13.class
-rw-rw-r--   1 travis travis    540 Jul 11 02:11 Repeat$_Repeat_SDF_Director_run_Repeat$__R_sL_2.class
-rw-rw-r--   1 travis travis    684 Jul 11 02:11 Repeat$_Repeat_SDF_Director_run_Repeat$__R_sL_3.class
-rw-rw-r--   1 travis travis    540 Jul 11 02:11 Repeat$_Repeat_SDF_Director_run_Repeat$__R_sL_5.class
-rw-rw-r--   1 travis travis    540 Jul 11 02:11 Repeat$_Repeat_SDF_Director_run_Repeat$__R_sL_8.class
drwxrwxr-x   2 travis travis   4096 Jul 11 02:11 RepeatVariables
-rw-rw-r--   1 travis travis    863 Jul 11 02:11 Repeat$_varinit_Repeat.class
-rw-rw-r--   1 travis travis    531 Jul 11 02:11 Repeat$_varinit_Repeat$__v_sL_2.class
-rw-rw-r--   1 travis travis    905 Jul 11 02:11 Repeat$_varinit_Repeat$__v_sL_4.class
-rw-rw-r--   1 travis travis    959 Jul 11 02:11 Repeat$_wrapup_Repeat$__w_sL_1.class
drwxrwxr-x   3 travis travis  20480 Jul 11 02:06 Sinewave
drwxrwxr-x   3 travis travis  32768 Jul 11 02:08 StringFunction
drwxrwxr-x   3 travis travis  12288 Jul 11 02:08 StringLength
drwxrwxr-x   3 travis travis  61440 Jul 11 02:09 StringMatches2
drwxrwxr-x   3 travis travis  61440 Jul 11 02:09 StringSimpleReplace
drwxrwxr-x   3 travis travis  65536 Jul 11 02:09 StringSubstring
drwxrwxr-x   3 travis travis  24576 Jul 11 02:09 StringSubstring2
drwxrwxr-x   3 travis travis  16384 Jul 11 02:10 time1
drwxrwxr-x   3 travis travis  12288 Jul 11 02:10 time5
-rw-rw-r--   1 travis travis    432 Jul 11 02:13 Token.class
-rw-rw-r--   1 travis travis    251 Jul 11 02:13 Token.java
-rwxrwxr-x   1 travis travis 466992 Jul 11 02:03 top
-rw-rw-r--   1 travis travis  20502 Jul 11 02:03 top.c
-rw-rw-r--   1 travis travis   3799 Jul 11 02:11 top.class
-rw-rw-r--   1 travis travis   1257 Jul 11 02:11 top.mk
All Done
Writing ModularCodeGen6_A.java in file:/home/travis/cg/ (26535 characters)
Reading "ptolemy/cg/kernel/generic/program/procedural/java/modular/makefile.in",
    writing "/home/travis/cg/ModularCodeGen6_A.mk"
Using ptolemy/cg/kernel/generic/program/procedural/java/modular/makefile.in
In "/home/travis/cg", about to execute:
    make -f ModularCodeGen6_A.mk
javac -classpath ".:.."    ModularCodeGen6_A.java
All Done
Manager.initialize() finished: 10113 ms. Memory: 193536K Free: 129483K (67%)
10116 ms. Memory: 193536K Free: 128969K (67%)
----------------- Invoking toplevel() on ptolemy.moml.MoMLSimpleApplication@3ee938da
----------------- Done invoking toplevel() on ptolemy.moml.MoMLSimpleApplication@3ee938da
reloadAllAccessors: .ModularCodeGen6

===========================================================================================
----------------- testing Thu Jul 11 02:13:10 UTC 2019 /home/travis/build/icyphy/ptII/ptolemy/cg/lib/test/auto/ModularCodeGenLazyPubSub.xml
----------------- Instantiating /home/travis/build/icyphy/ptII/ptolemy/cg/lib/test/auto/ModularCodeGenLazyPubSub.xml
In "/home/travis/cg", about to execute:
    pwd
In "/home/travis/cg", about to execute:
    ls -l
/home/travis/cg
In "/home/travis/cg", about to execute:
    javac -classpath
.:/home/travis/build/icyphy/ptII:/home/travis/build/icyphy/ptII/lib/bsh-2.0b4.j
ar:/home/travis/build/icyphy/ptII/lib/ptCal.jar:/home/travis/build/icyphy/ptII/
lib/java_cup.jar:/home/travis/build/icyphy/ptII/lib/saxon8.jar:/home/travis/bui
ld/icyphy/ptII/lib/saxon8-dom.jar:/home/travis/build/icyphy/ptII/lib/chic.jar:/
home/travis/build/icyphy/ptII/lib/ptcolt.jar:/home/travis/build/icyphy/ptII/ven
dors/misc/itext/iText.jar:/home/travis/build/icyphy/ptII/lib/g4ltl.jar:/home/tr
avis/build/icyphy/ptII/lib/StructuralCoder.jar:/home/travis/build/icyphy/ptII/v
endors/jai-1_1_2_01/lib/jai_core.jar:/home/travis/build/icyphy/ptII/vendors/jai
-1_1_2_01/lib/jai_codec.jar:/home/travis/build/icyphy/ptII/lib/jcerti.jar:/home
/travis/build/icyphy/ptII/lib/javax.mail.jar:/usr/share/java/openjfx/jre/lib/ex
t/jfxrt.jar:/usr/lib/jvm/java-8-openjdk-amd64/jre/lib/ext/jfxrt.jar:/home/travi
s/build/icyphy/ptII/vendors/JMF-2.1.1e/lib/jmf.jar:/home/travis/build/icyphy/pt
II/lib/jna-4.0.0-variadic.jar:/home/travis/build/icyphy/ptII/vendors/misc/joyst
ick/Joystick.jar:/home/travis/build/icyphy/ptII/lib/ptjacl.jar:/home/travis/bui
ld/icyphy/ptII/lib/jsoup-1.8.2.jar:/home/travis/build/icyphy/ptII/lib/junit-4.8
.2.jar:/home/travis/build/icyphy/ptII/lib/JUnitParams-0.4.0.jar:/home/travis/bu
ild/icyphy/ptII/ptolemy/actor/lib/excel/jxl.jar:/home/travis/build/icyphy/ptII/
lib/jython.jar:/home/travis/build/icyphy/ptII/lib/kieler.jar:/home/travis/build
/icyphy/ptII/lib/opencv-341.jar:/home/travis/build/icyphy/ptII/lib/oscP5.jar:/h
ome/travis/build/icyphy/ptII/lib/nrjavaserial-3.11.0.devel.jar:/home/travis/bui
ld/icyphy/ptII/vendors/j3d/lib/j3dcore.jar:/home/travis/build/icyphy/ptII/vendo
rs/j3d/lib/j3dutils.jar:/home/travis/build/icyphy/ptII/vendors/j3d/lib/vecmath.
jar:/home/travis/build/icyphy/ptII/ptolemy/distributed/jini/jar/jini-core.jar:/
home/travis/build/icyphy/ptII/ptolemy/distributed/jini/jar/jini-ext.jar:/home/t
ravis/build/icyphy/ptII/ptolemy/distributed/jini/jar/sun-util.jar:/home/travis/
build/icyphy/ptII/lib/protobuf-java-2.4.1.jar:/home/travis/build/icyphy/ptII/li
b/org.eclipse.paho.client.mqttv3.jar:/home/travis/build/icyphy/ptII/lib/mapss.j
ar:/home/travis/build/icyphy/ptII/ptolemy/actor/ptalon/antlr/antlr.jar:/home/tr
avis/build/icyphy/ptII/lib/JRI.jar:/home/travis/build/icyphy/ptII/lib/commons-l
ang-2.6.jar:/home/travis/build/icyphy/ptII/lib/commons-logging-1.1.1.jar:/home/
travis/build/icyphy/ptII/lib/sootclasses.jar:/home/travis/build/icyphy/ptII/pto
lemy/actor/lib/database/mysql-connector-java-5.1.6-bin.jar:/home/travis/build/i
cyphy/ptII/vendors/misc/sphinx4/sphinx4-data-5prealpha.jar:/home/travis/build/i
cyphy/ptII/vendors/misc/sphinx4/sphinx4-core-5prealpha.jar:/home/travis/build/i
cyphy/ptII/lib/PDFRenderer.jar:/home/travis/build/icyphy/ptII/lib/svgSalamander
.jar:/home/travis/build/icyphy/ptII/lib/rsyntaxtextarea-2.6.0-SNAPSHOT.jar:/hom
e/travis/build/icyphy/ptII/lib/hazelcast-3.8.2.jar:/home/travis/build/icyphy/pt
II/lib/jackson-annotations-2.9.0.jar:/home/travis/build/icyphy/ptII/lib/jackson
-core-2.9.3.jar:/home/travis/build/icyphy/ptII/lib/jackson-databind-2.9.3.jar:/
home/travis/build/icyphy/ptII/lib/netty-buffer-4.1.19.Final.jar:/home/travis/bu
ild/icyphy/ptII/lib/netty-codec-4.1.19.Final.jar:/home/travis/build/icyphy/ptII
/lib/netty-codec-dns-4.1.19.Final.jar:/home/travis/build/icyphy/ptII/lib/netty-
codec-http-4.1.19.Final.jar:/home/travis/build/icyphy/ptII/lib/netty-codec-http
2-4.1.19.Final.jar:/home/travis/build/icyphy/ptII/lib/netty-common-4.1.19.Final
.jar:/home/travis/build/icyphy/ptII/lib/netty-handler-4.1.19.Final.jar:/home/tr
avis/build/icyphy/ptII/lib/netty-resolver-4.1.19.Final.jar:/home/travis/build/i
cyphy/ptII/lib/netty-resolver-dns-4.1.19.Final.jar:/home/travis/build/icyphy/pt
II/lib/netty-transport-4.1.19.Final.jar:/home/travis/build/icyphy/ptII/lib/vert
x-codegen-3.5.1.jar:/home/travis/build/icyphy/ptII/lib/vertx-core-3.5.2-SNAPSHO
T.jar:/home/travis/build/icyphy/ptII/lib/vertx-hazelcast-3.5.1.jar:/home/travis
/build/icyphy/ptII/lib/vertx-lang-js-3.5.1.jar:/home/travis/build/icyphy/ptII/l
ib/vertx-service-proxy-3.5.1.jar:/home/travis/build/icyphy/ptII/lib/vertx-web-3
.5.1.jar:/home/travis/build/icyphy/ptII/lib/slf4j-api-1.7.13.jar:/home/travis/b
uild/icyphy/ptII/lib/slf4j-simple-1.7.13.jar:/home/travis/build/icyphy/ptII/lib
/webcam-capture-0.3.12.jar:/home/travis/build/icyphy/ptII/lib/bridj-0.7.0.jar:/
home/travis/build/icyphy/ptII/lib/xbjlib-1.1.0.nrjavaserial.jar:/home/travis/bu
ild/icyphy/ptII/ptolemy/moml/test:/home/travis/build/icyphy/ptII/ant/lib/ant-la
uncher.jar:/home/travis/build/icyphy/ptII/ant/lib/ant.jar:/home/travis/build/ic
yphy/ptII/ant/lib/ant-junit.jar:/home/travis/build/icyphy/ptII/ant/lib/ant-juni
t4.jar:/home/travis/build/icyphy/ptII
ModularCodeGenLazyPubSub_LazyCompositeActor_profile.java
total 2308
drwxrwxr-x   3 travis travis  12288 Jul 11 02:04 AbsoluteValue
drwxrwxr-x   3 travis travis 102400 Jul 11 02:03 AllColt
drwxrwxr-x   3 travis travis  12288 Jul 11 02:04 Case1
-rw-rw-r--   1 travis travis   5104 Jul 11 02:11 CompiledCompositeActor_CompiledCompositeActor.class
-rw-rw-r--   1 travis travis   1592 Jul 11 02:11 CompiledCompositeActor_CompiledCompositeActor$_CompiledCompositeActor_CompiledCompositeActor.class
-rw-rw-r--   1 travis travis  13466 Jul 11 02:11 CompiledCompositeActor_CompiledCompositeActor.java
-rw-rw-r--   1 travis travis   1593 Jul 11 02:11 CompiledCompositeActor_CompiledCompositeActor.mk
drwxrwxr-x   5 travis travis   4096 Jul 11 02:03 fmi
drwxrwxr-x   3 travis travis  16384 Jul 11 02:05 Gaussian2
-rw-rw-r--   1 travis travis   4660 Jul 11 02:11 JavaCompiledCompositeTest1_CompiledCompositeActor.class
-rw-rw-r--   1 travis travis  11637 Jul 11 02:11 JavaCompiledCompositeTest1_CompiledCompositeActor.java
-rw-rw-r--   1 travis travis   1198 Jul 11 02:11 JavaCompiledCompositeTest1_CompiledCompositeActor$_JavaCompiledCompositeTest1_CompiledCompositeActor.class
-rw-rw-r--   1 travis travis   1625 Jul 11 02:11 JavaCompiledCompositeTest1_CompiledCompositeActor.mk
-rw-rw-r--   1 travis travis   5091 Jul 11 02:11 JavaCompiledCompositeTest2_CompiledCompositeActor.class
-rw-rw-r--   1 travis travis  14919 Jul 11 02:11 JavaCompiledCompositeTest2_CompiledCompositeActor.java
-rw-rw-r--   1 travis travis   1793 Jul 11 02:11 JavaCompiledCompositeTest2_CompiledCompositeActor$_JavaCompiledCompositeTest2_CompiledCompositeActor.class
-rw-rw-r--   1 travis travis   1625 Jul 11 02:11 JavaCompiledCompositeTest2_CompiledCompositeActor.mk
-rw-rw-r--   1 travis travis   4708 Jul 11 02:11 JavaCompiledCompositeTest3_CompiledCompositeActor.class
-rw-rw-r--   1 travis travis  13080 Jul 11 02:11 JavaCompiledCompositeTest3_CompiledCompositeActor.java
-rw-rw-r--   1 travis travis   1378 Jul 11 02:11 JavaCompiledCompositeTest3_CompiledCompositeActor$_JavaCompiledCompositeTest3_CompiledCompositeActor.class
-rw-rw-r--   1 travis travis   1625 Jul 11 02:11 JavaCompiledCompositeTest3_CompiledCompositeActor.mk
-rw-rw-r--   1 travis travis   4159 Jul 11 02:11 JavaCompiledCompositeTest4_CompiledCompositeActor.class
-rw-rw-r--   1 travis travis   9687 Jul 11 02:11 JavaCompiledCompositeTest4_CompiledCompositeActor.java
-rw-rw-r--   1 travis travis    857 Jul 11 02:11 JavaCompiledCompositeTest4_CompiledCompositeActor$_JavaCompiledCompositeTest4_CompiledCompositeActor.class
-rw-rw-r--   1 travis travis   1625 Jul 11 02:11 JavaCompiledCompositeTest4_CompiledCompositeActor.mk
drwxrwxr-x   3 travis travis  12288 Jul 11 02:05 LookupTable
drwxrwxr-x   3 travis travis  20480 Jul 11 02:05 MaxIndex
-rw-rw-r--   1 travis travis   3925 Jul 11 02:11 ModularCG_A1_B1.class
-rw-rw-r--   1 travis travis   9730 Jul 11 02:11 ModularCG_A1_B1.java
-rw-rw-r--   1 travis travis    832 Jul 11 02:11 ModularCG_A1_B1.mk
-rw-rw-r--   1 travis travis   1318 Jul 11 02:11 ModularCG_A1_B1_profile.class
-rw-rw-r--   1 travis travis   1262 Jul 11 02:11 ModularCG_A1_B1_profile.java
-rw-rw-r--   1 travis travis   3925 Jul 11 02:11 ModularCG_A1_B2.class
-rw-rw-r--   1 travis travis   9730 Jul 11 02:11 ModularCG_A1_B2.java
-rw-rw-r--   1 travis travis    832 Jul 11 02:11 ModularCG_A1_B2.mk
-rw-rw-r--   1 travis travis   1318 Jul 11 02:11 ModularCG_A1_B2_profile.class
-rw-rw-r--   1 travis travis   1262 Jul 11 02:11 ModularCG_A1_B2_profile.java
-rw-rw-r--   1 travis travis   5031 Jul 11 02:11 ModularCG_A1.class
-rw-rw-r--   1 travis travis  14742 Jul 11 02:11 ModularCG_A1.java
-rw-rw-r--   1 travis travis    808 Jul 11 02:11 ModularCG_A1.mk
-rw-rw-r--   1 travis travis   1433 Jul 11 02:11 ModularCG_A1_profile.class
-rw-rw-r--   1 travis travis   1704 Jul 11 02:11 ModularCG_A1_profile.java
-rw-rw-r--   1 travis travis   4059 Jul 11 02:11 ModularCG_A2_B1.class
-rw-rw-r--   1 travis travis  10667 Jul 11 02:11 ModularCG_A2_B1.java
-rw-rw-r--   1 travis travis    832 Jul 11 02:11 ModularCG_A2_B1.mk
-rw-rw-r--   1 travis travis   1381 Jul 11 02:11 ModularCG_A2_B1_profile.class
-rw-rw-r--   1 travis travis   1446 Jul 11 02:11 ModularCG_A2_B1_profile.java
-rw-rw-r--   1 travis travis   3925 Jul 11 02:11 ModularCG_A2_B2.class
-rw-rw-r--   1 travis travis   9730 Jul 11 02:11 ModularCG_A2_B2.java
-rw-rw-r--   1 travis travis    832 Jul 11 02:11 ModularCG_A2_B2.mk
-rw-rw-r--   1 travis travis   1318 Jul 11 02:11 ModularCG_A2_B2_profile.class
-rw-rw-r--   1 travis travis   1262 Jul 11 02:11 ModularCG_A2_B2_profile.java
-rw-rw-r--   1 travis travis   5102 Jul 11 02:11 ModularCG_A2.class
-rw-rw-r--   1 travis travis  15129 Jul 11 02:11 ModularCG_A2.java
-rw-rw-r--   1 travis travis    808 Jul 11 02:11 ModularCG_A2.mk
-rw-rw-r--   1 travis travis   1433 Jul 11 02:11 ModularCG_A2_profile.class
-rw-rw-r--   1 travis travis   1704 Jul 11 02:11 ModularCG_A2_profile.java
-rw-rw-r--   1 travis travis   3705 Jul 11 02:12 ModularCGPubSub_A1_A2.class
-rw-rw-r--   1 travis travis   9076 Jul 11 02:11 ModularCGPubSub_A1_A2.java
-rw-rw-r--   1 travis travis    880 Jul 11 02:11 ModularCGPubSub_A1_A2.mk
-rw-rw-r--   1 travis travis   1300 Jul 11 02:11 ModularCGPubSub_A1_A2_profile.class
-rw-rw-r--   1 travis travis   1222 Jul 11 02:11 ModularCGPubSub_A1_A2_profile.java
-rw-rw-r--   1 travis travis   4022 Jul 11 02:12 ModularCGPubSub_A1.class
-rw-rw-r--   1 travis travis   9836 Jul 11 02:12 ModularCGPubSub_A1.java
-rw-rw-r--   1 travis travis    856 Jul 11 02:12 ModularCGPubSub_A1.mk
-rw-rw-r--   1 travis travis   1346 Jul 11 02:12 ModularCGPubSub_A1_profile.class
-rw-rw-r--   1 travis travis   1388 Jul 11 02:12 ModularCGPubSub_A1_profile.java
-rw-rw-r--   1 travis travis   4220 Jul 11 02:12 ModularCodeGen2_ModularCodeGenTypedCompositeActor.class
-rw-rw-r--   1 travis travis  11690 Jul 11 02:12 ModularCodeGen2_ModularCodeGenTypedCompositeActor.java
-rw-rw-r--   1 travis travis   1104 Jul 11 02:12 ModularCodeGen2_ModularCodeGenTypedCompositeActor.mk
-rw-rw-r--   1 travis travis   4504 Jul 11 02:12 ModularCodeGen2_ModularCodeGenTypedCompositeActor_ModularCodeGenTypedCompositeActor.class
-rw-rw-r--   1 travis travis  11790 Jul 11 02:12 ModularCodeGen2_ModularCodeGenTypedCompositeActor_ModularCodeGenTypedCompositeActor.java
-rw-rw-r--   1 travis travis   1376 Jul 11 02:12 ModularCodeGen2_ModularCodeGenTypedCompositeActor_ModularCodeGenTypedCompositeActor.mk
-rw-rw-r--   1 travis travis   1421 Jul 11 02:12 ModularCodeGen2_ModularCodeGenTypedCompositeActor_ModularCodeGenTypedCompositeActor_profile.class
-rw-rw-r--   1 travis travis   1294 Jul 11 02:12 ModularCodeGen2_ModularCodeGenTypedCompositeActor_ModularCodeGenTypedCompositeActor_profile.java
-rw-rw-r--   1 travis travis    820 Jul 11 02:12 ModularCodeGen2_ModularCodeGenTypedCompositeActor_profile.class
-rw-rw-r--   1 travis travis    693 Jul 11 02:12 ModularCodeGen2_ModularCodeGenTypedCompositeActor_profile.java
-rw-rw-r--   1 travis travis   3973 Jul 11 02:12 ModularCodeGen3_A1_B1.class
-rw-rw-r--   1 travis travis   9958 Jul 11 02:12 ModularCodeGen3_A1_B1.java
-rw-rw-r--   1 travis travis    880 Jul 11 02:12 ModularCodeGen3_A1_B1.mk
-rw-rw-r--   1 travis travis   1330 Jul 11 02:12 ModularCodeGen3_A1_B1_profile.class
-rw-rw-r--   1 travis travis   1274 Jul 11 02:12 ModularCodeGen3_A1_B1_profile.java
-rw-rw-r--   1 travis travis   3973 Jul 11 02:12 ModularCodeGen3_A1_B2.class
-rw-rw-r--   1 travis travis   9958 Jul 11 02:12 ModularCodeGen3_A1_B2.java
-rw-rw-r--   1 travis travis    880 Jul 11 02:12 ModularCodeGen3_A1_B2.mk
-rw-rw-r--   1 travis travis   1330 Jul 11 02:12 ModularCodeGen3_A1_B2_profile.class
-rw-rw-r--   1 travis travis   1274 Jul 11 02:12 ModularCodeGen3_A1_B2_profile.java
-rw-rw-r--   1 travis travis   5193 Jul 11 02:12 ModularCodeGen3_A1.class
-rw-rw-r--   1 travis travis  15564 Jul 11 02:12 ModularCodeGen3_A1.java
-rw-rw-r--   1 travis travis    856 Jul 11 02:12 ModularCodeGen3_A1.mk
-rw-rw-r--   1 travis travis   1445 Jul 11 02:12 ModularCodeGen3_A1_profile.class
-rw-rw-r--   1 travis travis   1716 Jul 11 02:12 ModularCodeGen3_A1_profile.java
-rw-rw-r--   1 travis travis   4119 Jul 11 02:12 ModularCodeGen3_A2_B1.class
-rw-rw-r--   1 travis travis  10955 Jul 11 02:12 ModularCodeGen3_A2_B1.java
-rw-rw-r--   1 travis travis    880 Jul 11 02:12 ModularCodeGen3_A2_B1.mk
-rw-rw-r--   1 travis travis   1393 Jul 11 02:12 ModularCodeGen3_A2_B1_profile.class
-rw-rw-r--   1 travis travis   1458 Jul 11 02:12 ModularCodeGen3_A2_B1_profile.java
-rw-rw-r--   1 travis travis   3973 Jul 11 02:12 ModularCodeGen3_A2_B2.class
-rw-rw-r--   1 travis travis   9958 Jul 11 02:12 ModularCodeGen3_A2_B2.java
-rw-rw-r--   1 travis travis    880 Jul 11 02:12 ModularCodeGen3_A2_B2.mk
-rw-rw-r--   1 travis travis   1330 Jul 11 02:12 ModularCodeGen3_A2_B2_profile.class
-rw-rw-r--   1 travis travis   1274 Jul 11 02:12 ModularCodeGen3_A2_B2_profile.java
-rw-rw-r--   1 travis travis   5270 Jul 11 02:12 ModularCodeGen3_A2.class
-rw-rw-r--   1 travis travis  15957 Jul 11 02:12 ModularCodeGen3_A2.java
-rw-rw-r--   1 travis travis    856 Jul 11 02:12 ModularCodeGen3_A2.mk
-rw-rw-r--   1 travis travis   1445 Jul 11 02:12 ModularCodeGen3_A2_profile.class
-rw-rw-r--   1 travis travis   1716 Jul 11 02:12 ModularCodeGen3_A2_profile.java
-rw-rw-r--   1 travis travis   4026 Jul 11 02:12 ModularCodeGen4_A1_B1.class
-rw-rw-r--   1 travis travis  10312 Jul 11 02:12 ModularCodeGen4_A1_B1.java
-rw-rw-r--   1 travis travis    880 Jul 11 02:12 ModularCodeGen4_A1_B1.mk
-rw-rw-r--   1 travis travis   1330 Jul 11 02:12 ModularCodeGen4_A1_B1_profile.class
-rw-rw-r--   1 travis travis   1273 Jul 11 02:12 ModularCodeGen4_A1_B1_profile.java
-rw-rw-r--   1 travis travis   4026 Jul 11 02:12 ModularCodeGen4_A1_B2.class
-rw-rw-r--   1 travis travis  10312 Jul 11 02:12 ModularCodeGen4_A1_B2.java
-rw-rw-r--   1 travis travis    880 Jul 11 02:12 ModularCodeGen4_A1_B2.mk
-rw-rw-r--   1 travis travis   1330 Jul 11 02:12 ModularCodeGen4_A1_B2_profile.class
-rw-rw-r--   1 travis travis   1273 Jul 11 02:12 ModularCodeGen4_A1_B2_profile.java
-rw-rw-r--   1 travis travis   5333 Jul 11 02:12 ModularCodeGen4_A1.class
-rw-rw-r--   1 travis travis  16245 Jul 11 02:12 ModularCodeGen4_A1.java
-rw-rw-r--   1 travis travis    856 Jul 11 02:12 ModularCodeGen4_A1.mk
-rw-rw-r--   1 travis travis   1445 Jul 11 02:12 ModularCodeGen4_A1_profile.class
-rw-rw-r--   1 travis travis   1712 Jul 11 02:12 ModularCodeGen4_A1_profile.java
-rw-rw-r--   1 travis travis   4220 Jul 11 02:12 ModularCodeGen4_A2_B1.class
-rw-rw-r--   1 travis travis  11375 Jul 11 02:12 ModularCodeGen4_A2_B1.java
-rw-rw-r--   1 travis travis    880 Jul 11 02:12 ModularCodeGen4_A2_B1.mk
-rw-rw-r--   1 travis travis   1393 Jul 11 02:12 ModularCodeGen4_A2_B1_profile.class
-rw-rw-r--   1 travis travis   1454 Jul 11 02:12 ModularCodeGen4_A2_B1_profile.java
-rw-rw-r--   1 travis travis   4074 Jul 11 02:12 ModularCodeGen4_A2_B2.class
-rw-rw-r--   1 travis travis  10378 Jul 11 02:12 ModularCodeGen4_A2_B2.java
-rw-rw-r--   1 travis travis    880 Jul 11 02:12 ModularCodeGen4_A2_B2.mk
-rw-rw-r--   1 travis travis   1330 Jul 11 02:12 ModularCodeGen4_A2_B2_profile.class
-rw-rw-r--   1 travis travis   1270 Jul 11 02:12 ModularCodeGen4_A2_B2_profile.java
-rw-rw-r--   1 travis travis   5506 Jul 11 02:12 ModularCodeGen4_A2.class
-rw-rw-r--   1 travis travis  16770 Jul 11 02:12 ModularCodeGen4_A2.java
-rw-rw-r--   1 travis travis    856 Jul 11 02:12 ModularCodeGen4_A2.mk
-rw-rw-r--   1 travis travis   1445 Jul 11 02:12 ModularCodeGen4_A2_profile.class
-rw-rw-r--   1 travis travis   1712 Jul 11 02:12 ModularCodeGen4_A2_profile.java
-rw-rw-r--   1 travis travis   7070 Jul 11 02:12 ModularCodeGen5_A_A.class
-rw-rw-r--   1 travis travis  28721 Jul 11 02:12 ModularCodeGen5_A_A.java
-rw-rw-r--   1 travis travis    864 Jul 11 02:12 ModularCodeGen5_A_A.mk
-rw-rw-r--   1 travis travis   1520 Jul 11 02:12 ModularCodeGen5_A_A_profile.class
-rw-rw-r--   1 travis travis   1815 Jul 11 02:12 ModularCodeGen5_A_A_profile.java
-rw-rw-r--   1 travis travis   5347 Jul 11 02:13 ModularCodeGen5_A.class
-rw-rw-r--   1 travis travis  13769 Jul 11 02:12 ModularCodeGen5_A.java
-rw-rw-r--   1 travis travis    848 Jul 11 02:12 ModularCodeGen5_A.mk
-rw-rw-r--   1 travis travis   1422 Jul 11 02:12 ModularCodeGen5_A_profile.class
-rw-rw-r--   1 travis travis   1605 Jul 11 02:12 ModularCodeGen5_A_profile.java
-rw-rw-r--   1 travis travis   4357 Jul 11 02:13 ModularCodeGen6_A_A2.class
-rw-rw-r--   1 travis travis  11329 Jul 11 02:13 ModularCodeGen6_A_A2.java
-rw-rw-r--   1 travis travis    872 Jul 11 02:13 ModularCodeGen6_A_A2.mk
-rw-rw-r--   1 travis travis   1351 Jul 11 02:13 ModularCodeGen6_A_A2_profile.class
-rw-rw-r--   1 travis travis   1364 Jul 11 02:13 ModularCodeGen6_A_A2_profile.java
-rw-rw-r--   1 travis travis   4340 Jul 11 02:13 ModularCodeGen6_A_A.class
-rw-rw-r--   1 travis travis  11221 Jul 11 02:13 ModularCodeGen6_A_A.java
-rw-rw-r--   1 travis travis    864 Jul 11 02:13 ModularCodeGen6_A_A.mk
-rw-rw-r--   1 travis travis   1348 Jul 11 02:13 ModularCodeGen6_A_A_profile.class
-rw-rw-r--   1 travis travis   1361 Jul 11 02:13 ModularCodeGen6_A_A_profile.java
-rw-rw-r--   1 travis travis   7469 Jul 11 02:13 ModularCodeGen6_A.class
-rw-rw-r--   1 travis travis  26535 Jul 11 02:13 ModularCodeGen6_A.java
-rw-rw-r--   1 travis travis    848 Jul 11 02:13 ModularCodeGen6_A.mk
-rw-rw-r--   1 travis travis   1483 Jul 11 02:13 ModularCodeGen6_A_profile.class
-rw-rw-r--   1 travis travis   1810 Jul 11 02:13 ModularCodeGen6_A_profile.java
-rw-rw-r--   1 travis travis   1091 Jul 11 02:13 ModularCodeGenLazyPubSub_LazyCompositeActor_profile.java
-rw-rw-r--   1 travis travis   4186 Jul 11 02:12 ModularCodeGen_ModularCodeGenTypedCompositeActor.class
-rw-rw-r--   1 travis travis  10970 Jul 11 02:12 ModularCodeGen_ModularCodeGenTypedCompositeActor.java
-rw-rw-r--   1 travis travis   1096 Jul 11 02:12 ModularCodeGen_ModularCodeGenTypedCompositeActor.mk
-rw-rw-r--   1 travis travis   1384 Jul 11 02:12 ModularCodeGen_ModularCodeGenTypedCompositeActor_profile.class
-rw-rw-r--   1 travis travis   1328 Jul 11 02:12 ModularCodeGen_ModularCodeGenTypedCompositeActor_profile.java
-rw-rw-r--   1 travis travis   3724 Jul 11 02:11 ModularCodeGenTest_A1_A2.class
-rw-rw-r--   1 travis travis   9164 Jul 11 02:11 ModularCodeGenTest_A1_A2.java
-rw-rw-r--   1 travis travis   1306 Jul 11 02:11 ModularCodeGenTest_A1_A2_profile.class
-rw-rw-r--   1 travis travis   4055 Jul 11 02:11 ModularCodeGenTest_A1.class
-rw-rw-r--   1 travis travis   9968 Jul 11 02:11 ModularCodeGenTest_A1.java
-rw-rw-r--   1 travis travis    880 Jul 11 02:11 ModularCodeGenTest_A1.mk
-rw-rw-r--   1 travis travis   1352 Jul 11 02:11 ModularCodeGenTest_A1_profile.class
-rw-rw-r--   1 travis travis   1394 Jul 11 02:11 ModularCodeGenTest_A1_profile.java
drwxrwxr-x   3 travis travis  32768 Jul 11 02:10 modulation2
drwxrwxr-x 139 travis travis  12288 Jul 11 02:11 node_modules
drwxrwxr-x   3 travis travis  20480 Jul 11 02:06 PhaseUnwrap
drwxrwxr-x   3 travis travis  12288 Jul 11 02:06 ReadFile1
-rw-rw-r--   1 travis travis     11 Jul 11 02:06 ReadFile1Output.txt
-rw-rw-r--   1 travis travis   9615 Jul 11 02:11 Repeat.class
-rw-rw-r--   1 travis travis    666 Jul 11 02:11 Repeat$_fireFunction_Repeat_Repeat$__f_sL_11.class
-rw-rw-r--   1 travis travis    522 Jul 11 02:11 Repeat$_fireFunction_Repeat_Repeat$__f_sL_12.class
-rw-rw-r--   1 travis travis    522 Jul 11 02:11 Repeat$_fireFunction_Repeat_Repeat$__f_sL_13.class
-rw-rw-r--   1 travis travis    522 Jul 11 02:11 Repeat$_fireFunction_Repeat_Repeat$__f_sL_14.class
-rw-rw-r--   1 travis travis    665 Jul 11 02:11 Repeat$_fireFunction_Repeat_Repeat$__f_sL_1.class
-rw-rw-r--   1 travis travis    664 Jul 11 02:11 Repeat$_fireFunction_Repeat_Repeat$__f_sL_4.class
-rw-rw-r--   1 travis travis    520 Jul 11 02:11 Repeat$_fireFunction_Repeat_Repeat$__f_sL_9.class
-rw-rw-r--   1 travis travis    475 Jul 11 02:11 Repeat$_initialize_Repeat$__i_sL_2.class
-rw-rw-r--   1 travis travis   1281 Jul 11 02:10 Repeat.mk
-rw-rw-r--   1 travis travis    520 Jul 11 02:11 Repeat$_preinitializeMethod_Repeat$__p_sL_0.class
-rw-rw-r--   1 travis travis   1083 Jul 11 02:11 Repeat$_Repeat$_fireFunction_Repeat_AddSubtract_Repeat.class
-rw-rw-r--   1 travis travis    791 Jul 11 02:11 Repeat$_Repeat$_fireFunction_Repeat_AddSubtract_Repeat$__f_sL_0.class
-rw-rw-r--   1 travis travis    909 Jul 11 02:11 Repeat$_Repeat$_fireFunction_Repeat_AddSubtract_Repeat$__f_sL_1.class
-rw-rw-r--   1 travis travis    915 Jul 11 02:11 Repeat$_Repeat$_fireFunction_Repeat_AddSubtract_Repeat$__f_sL_2.class
-rw-rw-r--   1 travis travis    843 Jul 11 02:11 Repeat$_Repeat$_fireFunction_Repeat_AddSubtract_Repeat$__f_sL_3.class
-rw-rw-r--   1 travis travis    738 Jul 11 02:11 Repeat$_Repeat$_fireFunction_Repeat_Ramp2_Repeat$__f_sL_0.class
-rw-rw-r--   1 travis travis    869 Jul 11 02:11 Repeat$_Repeat$_fireFunction_Repeat_Test_Repeat$__f_sL_0.class
-rw-rw-r--   1 travis travis    615 Jul 11 02:11 Repeat$_Repeat$_fireFunction_Repeat_Test_Repeat$__f_sL_1.class
-rw-rw-r--   1 travis travis    685 Jul 11 02:11 Repeat$_Repeat_SDF_Director_run_Repeat$__R_sL_0.class
-rw-rw-r--   1 travis travis    686 Jul 11 02:11 Repeat$_Repeat_SDF_Director_run_Repeat$__R_sL_11.class
-rw-rw-r--   1 travis travis    542 Jul 11 02:11 Repeat$_Repeat_SDF_Director_run_Repeat$__R_sL_13.class
-rw-rw-r--   1 travis travis    540 Jul 11 02:11 Repeat$_Repeat_SDF_Director_run_Repeat$__R_sL_2.class
-rw-rw-r--   1 travis travis    684 Jul 11 02:11 Repeat$_Repeat_SDF_Director_run_Repeat$__R_sL_3.class
-rw-rw-r--   1 travis travis    540 Jul 11 02:11 Repeat$_Repeat_SDF_Director_run_Repeat$__R_sL_5.class
-rw-rw-r--   1 travis travis    540 Jul 11 02:11 Repeat$_Repeat_SDF_Director_run_Repeat$__R_sL_8.class
drwxrwxr-x   2 travis travis   4096 Jul 11 02:11 RepeatVariables
-rw-rw-r--   1 travis travis    863 Jul 11 02:11 Repeat$_varinit_Repeat.class
-rw-rw-r--   1 travis travis    531 Jul 11 02:11 Repeat$_varinit_Repeat$__v_sL_2.class
-rw-rw-r--   1 travis travis    905 Jul 11 02:11 Repeat$_varinit_Repeat$__v_sL_4.class
-rw-rw-r--   1 travis travis    959 Jul 11 02:11 Repeat$_wrapup_Repeat$__w_sL_1.class
drwxrwxr-x   3 travis travis  20480 Jul 11 02:06 Sinewave
drwxrwxr-x   3 travis travis  32768 Jul 11 02:08 StringFunction
drwxrwxr-x   3 travis travis  12288 Jul 11 02:08 StringLength
drwxrwxr-x   3 travis travis  61440 Jul 11 02:09 StringMatches2
drwxrwxr-x   3 travis travis  61440 Jul 11 02:09 StringSimpleReplace
drwxrwxr-x   3 travis travis  65536 Jul 11 02:09 StringSubstring
drwxrwxr-x   3 travis travis  24576 Jul 11 02:09 StringSubstring2
drwxrwxr-x   3 travis travis  16384 Jul 11 02:10 time1
drwxrwxr-x   3 travis travis  12288 Jul 11 02:10 time5
-rw-rw-r--   1 travis travis    432 Jul 11 02:13 Token.class
-rw-rw-r--   1 travis travis    251 Jul 11 02:13 Token.java
-rwxrwxr-x   1 travis travis 466992 Jul 11 02:03 top
-rw-rw-r--   1 travis travis  20502 Jul 11 02:03 top.c
-rw-rw-r--   1 travis travis   3799 Jul 11 02:11 top.class
-rw-rw-r--   1 travis travis   1257 Jul 11 02:11 top.mk
All Done
Writing ModularCodeGenLazyPubSub_LazyCompositeActor.java in file:/home/travis/cg/ (11122 characters)
Reading "ptolemy/cg/kernel/generic/program/procedural/java/modular/makefile.in",
    writing "/home/travis/cg/ModularCodeGenLazyPubSub_LazyCompositeActor.mk"
Using ptolemy/cg/kernel/generic/program/procedural/java/modular/makefile.in
In "/home/travis/cg", about to execute:
    make -f ModularCodeGenLazyPubSub_LazyCompositeActor.mk
javac -classpath ".:.."    ModularCodeGenLazyPubSub_LazyCompositeActor.java
All Done
3277 ms. Memory: 193536K Free: 97303K (50%)
----------------- Invoking toplevel() on ptolemy.moml.MoMLSimpleApplication@601851ee
----------------- Done invoking toplevel() on ptolemy.moml.MoMLSimpleApplication@601851ee
reloadAllAccessors: .ModularCodeGenLazyPubSub

===========================================================================================
----------------- testing Thu Jul 11 02:13:13 UTC 2019 /home/travis/build/icyphy/ptII/ptolemy/cg/lib/test/auto/ModularCodeGenLazyPubSubGlobal.xml
----------------- Instantiating /home/travis/build/icyphy/ptII/ptolemy/cg/lib/test/auto/ModularCodeGenLazyPubSubGlobal.xml
In "/home/travis/cg", about to execute:
    pwd
In "/home/travis/cg", about to execute:
    ls -l
/home/travis/cg
total 2340
drwxrwxr-x   3 travis travis  12288 Jul 11 02:04 AbsoluteValue
drwxrwxr-x   3 travis travis 102400 Jul 11 02:03 AllColt
drwxrwxr-x   3 travis travis  12288 Jul 11 02:04 Case1
-rw-rw-r--   1 travis travis   5104 Jul 11 02:11 CompiledCompositeActor_CompiledCompositeActor.class
-rw-rw-r--   1 travis travis   1592 Jul 11 02:11 CompiledCompositeActor_CompiledCompositeActor$_CompiledCompositeActor_CompiledCompositeActor.class
-rw-rw-r--   1 travis travis  13466 Jul 11 02:11 CompiledCompositeActor_CompiledCompositeActor.java
-rw-rw-r--   1 travis travis   1593 Jul 11 02:11 CompiledCompositeActor_CompiledCompositeActor.mk
drwxrwxr-x   5 travis travis   4096 Jul 11 02:03 fmi
drwxrwxr-x   3 travis travis  16384 Jul 11 02:05 Gaussian2
-rw-rw-r--   1 travis travis   4660 Jul 11 02:11 JavaCompiledCompositeTest1_CompiledCompositeActor.class
-rw-rw-r--   1 travis travis  11637 Jul 11 02:11 JavaCompiledCompositeTest1_CompiledCompositeActor.java
In "/home/travis/cg", about to execute:
    javac -classpath
.:/home/travis/build/icyphy/ptII:/home/travis/build/icyphy/ptII/lib/bsh-2.0b4.j
ar:/home/travis/build/icyphy/ptII/lib/ptCal.jar:/home/travis/build/icyphy/ptII/
lib/java_cup.jar:/home/travis/build/icyphy/ptII/lib/saxon8.jar:/home/travis/bui
ld/icyphy/ptII/lib/saxon8-dom.jar:/home/travis/build/icyphy/ptII/lib/chic.jar:/
home/travis/build/icyphy/ptII/lib/ptcolt.jar:/home/travis/build/icyphy/ptII/ven
dors/misc/itext/iText.jar:/home/travis/build/icyphy/ptII/lib/g4ltl.jar:/home/tr
avis/build/icyphy/ptII/lib/StructuralCoder.jar:/home/travis/build/icyphy/ptII/v
endors/jai-1_1_2_01/lib/jai_core.jar:/home/travis/build/icyphy/ptII/vendors/jai
-1_1_2_01/lib/jai_codec.jar:/home/travis/build/icyphy/ptII/lib/jcerti.jar:/home
/travis/build/icyphy/ptII/lib/javax.mail.jar:/usr/share/java/openjfx/jre/lib/ex
t/jfxrt.jar:/usr/lib/jvm/java-8-openjdk-amd64/jre/lib/ext/jfxrt.jar:/home/travi
s/build/icyphy/ptII/vendors/JMF-2.1.1e/lib/jmf.jar:/home/travis/build/icyphy/pt
II/lib/jna-4.0.0-variadic.jar:/home/travis/build/icyphy/ptII/vendors/misc/joyst
ick/Joystick.jar:/home/travis/build/icyphy/ptII/lib/ptjacl.jar:/home/travis/bui
ld/icyphy/ptII/lib/jsoup-1.8.2.jar:/home/travis/build/icyphy/ptII/lib/junit-4.8
.2.jar:/home/travis/build/icyphy/ptII/lib/JUnitParams-0.4.0.jar:/home/travis/bu
ild/icyphy/ptII/ptolemy/actor/lib/excel/jxl.jar:/home/travis/build/icyphy/ptII/
lib/jython.jar:/home/travis/build/icyphy/ptII/lib/kieler.jar:/home/travis/build
/icyphy/ptII/lib/opencv-341.jar:/home/travis/build/icyphy/ptII/lib/oscP5.jar:/h
ome/travis/build/icyphy/ptII/lib/nrjavaserial-3.11.0.devel.jar:/home/travis/bui
ld/icyphy/ptII/vendors/j3d/lib/j3dcore.jar:/home/travis/build/icyphy/ptII/vendo
rs/j3d/lib/j3dutils.jar:/home/travis/build/icyphy/ptII/vendors/j3d/lib/vecmath.
jar:/home/travis/build/icyphy/ptII/ptolemy/distributed/jini/jar/jini-core.jar:/
home/travis/build/icyphy/ptII/ptolemy/distributed/jini/jar/jini-ext.jar:/home/t
ravis/build/icyphy/ptII/ptolemy/distributed/jini/jar/sun-util.jar:/home/travis/
build/icyphy/ptII/lib/protobuf-java-2.4.1.jar:/home/travis/build/icyphy/ptII/li
b/org.eclipse.paho.client.mqttv3.jar:/home/travis/build/icyphy/ptII/lib/mapss.j
ar:/home/travis/build/icyphy/ptII/ptolemy/actor/ptalon/antlr/antlr.jar:/home/tr
avis/build/icyphy/ptII/lib/JRI.jar:/home/travis/build/icyphy/ptII/lib/commons-l
ang-2.6.jar:/home/travis/build/icyphy/ptII/lib/commons-logging-1.1.1.jar:/home/
travis/build/icyphy/ptII/lib/sootclasses.jar:/home/travis/build/icyphy/ptII/pto
lemy/actor/lib/database/mysql-connector-java-5.1.6-bin.jar:/home/travis/build/i
cyphy/ptII/vendors/misc/sphinx4/sphinx4-data-5prealpha.jar:/home/travis/build/i
cyphy/ptII/vendors/misc/sphinx4/sphinx4-core-5prealpha.jar:/home/travis/build/i
cyphy/ptII/lib/PDFRenderer.jar:/home/travis/build/icyphy/ptII/lib/svgSalamander
.jar:/home/travis/build/icyphy/ptII/lib/rsyntaxtextarea-2.6.0-SNAPSHOT.jar:/hom
e/travis/build/icyphy/ptII/lib/hazelcast-3.8.2.jar:/home/travis/build/icyphy/pt
II/lib/jackson-annotations-2.9.0.jar:/home/travis/build/icyphy/ptII/lib/jackson
-core-2.9.3.jar:/home/travis/build/icyphy/ptII/lib/jackson-databind-2.9.3.jar:/
home/travis/build/icyphy/ptII/lib/netty-buffer-4.1.19.Final.jar:/home/travis/bu
ild/icyphy/ptII/lib/netty-codec-4.1.19.Final.jar:/home/travis/build/icyphy/ptII
/lib/netty-codec-dns-4.1.19.Final.jar:/home/travis/build/icyphy/ptII/lib/netty-
codec-http-4.1.19.Final.jar:/home/travis/build/icyphy/ptII/lib/netty-codec-http
2-4.1.19.Final.jar:/home/travis/build/icyphy/ptII/lib/netty-common-4.1.19.Final
.jar:/home/travis/build/icyphy/ptII/lib/netty-handler-4.1.19.Final.jar:/home/tr
avis/build/icyphy/ptII/lib/netty-resolver-4.1.19.Final.jar:/home/travis/build/i
cyphy/ptII/lib/netty-resolver-dns-4.1.19.Final.jar:/home/travis/build/icyphy/pt
II/lib/netty-transport-4.1.19.Final.jar:/home/travis/build/icyphy/ptII/lib/vert
x-codegen-3.5.1.jar:/home/travis/build/icyphy/ptII/lib/vertx-core-3.5.2-SNAPSHO
T.jar:/home/travis/build/icyphy/ptII/lib/vertx-hazelcast-3.5.1.jar:/home/travis
/build/icyphy/ptII/lib/vertx-lang-js-3.5.1.jar:/home/travis/build/icyphy/ptII/l
ib/vertx-service-proxy-3.5.1.jar:/home/travis/build/icyphy/ptII/lib/vertx-web-3
.5.1.jar:/home/travis/build/icyphy/ptII/lib/slf4j-api-1.7.13.jar:/home/travis/b
uild/icyphy/ptII/lib/slf4j-simple-1.7.13.jar:/home/travis/build/icyphy/ptII/lib
/webcam-capture-0.3.12.jar:/home/travis/build/icyphy/ptII/lib/bridj-0.7.0.jar:/
home/travis/build/icyphy/ptII/lib/xbjlib-1.1.0.nrjavaserial.jar:/home/travis/bu
ild/icyphy/ptII/ptolemy/moml/test:/home/travis/build/icyphy/ptII/ant/lib/ant-la
uncher.jar:/home/travis/build/icyphy/ptII/ant/lib/ant.jar:/home/travis/build/ic
yphy/ptII/ant/lib/ant-junit.jar:/home/travis/build/icyphy/ptII/ant/lib/ant-juni
t4.jar:/home/travis/build/icyphy/ptII
ModularCodeGenLazyPubSubGlobal_CompositeActor_ModularCodeGenTypedComposite_prof
ile.java
-rw-rw-r--   1 travis travis   1198 Jul 11 02:11 JavaCompiledCompositeTest1_CompiledCompositeActor$_JavaCompiledCompositeTest1_CompiledCompositeActor.class
-rw-rw-r--   1 travis travis   1625 Jul 11 02:11 JavaCompiledCompositeTest1_CompiledCompositeActor.mk
-rw-rw-r--   1 travis travis   5091 Jul 11 02:11 JavaCompiledCompositeTest2_CompiledCompositeActor.class
-rw-rw-r--   1 travis travis  14919 Jul 11 02:11 JavaCompiledCompositeTest2_CompiledCompositeActor.java
-rw-rw-r--   1 travis travis   1793 Jul 11 02:11 JavaCompiledCompositeTest2_CompiledCompositeActor$_JavaCompiledCompositeTest2_CompiledCompositeActor.class
-rw-rw-r--   1 travis travis   1625 Jul 11 02:11 JavaCompiledCompositeTest2_CompiledCompositeActor.mk
-rw-rw-r--   1 travis travis   4708 Jul 11 02:11 JavaCompiledCompositeTest3_CompiledCompositeActor.class
-rw-rw-r--   1 travis travis  13080 Jul 11 02:11 JavaCompiledCompositeTest3_CompiledCompositeActor.java
-rw-rw-r--   1 travis travis   1378 Jul 11 02:11 JavaCompiledCompositeTest3_CompiledCompositeActor$_JavaCompiledCompositeTest3_CompiledCompositeActor.class
-rw-rw-r--   1 travis travis   1625 Jul 11 02:11 JavaCompiledCompositeTest3_CompiledCompositeActor.mk
-rw-rw-r--   1 travis travis   4159 Jul 11 02:11 JavaCompiledCompositeTest4_CompiledCompositeActor.class
-rw-rw-r--   1 travis travis   9687 Jul 11 02:11 JavaCompiledCompositeTest4_CompiledCompositeActor.java
-rw-rw-r--   1 travis travis    857 Jul 11 02:11 JavaCompiledCompositeTest4_CompiledCompositeActor$_JavaCompiledCompositeTest4_CompiledCompositeActor.class
-rw-rw-r--   1 travis travis   1625 Jul 11 02:11 JavaCompiledCompositeTest4_CompiledCompositeActor.mk
drwxrwxr-x   3 travis travis  12288 Jul 11 02:05 LookupTable
drwxrwxr-x   3 travis travis  20480 Jul 11 02:05 MaxIndex
-rw-rw-r--   1 travis travis   3925 Jul 11 02:11 ModularCG_A1_B1.class
-rw-rw-r--   1 travis travis   9730 Jul 11 02:11 ModularCG_A1_B1.java
-rw-rw-r--   1 travis travis    832 Jul 11 02:11 ModularCG_A1_B1.mk
-rw-rw-r--   1 travis travis   1318 Jul 11 02:11 ModularCG_A1_B1_profile.class
-rw-rw-r--   1 travis travis   1262 Jul 11 02:11 ModularCG_A1_B1_profile.java
-rw-rw-r--   1 travis travis   3925 Jul 11 02:11 ModularCG_A1_B2.class
-rw-rw-r--   1 travis travis   9730 Jul 11 02:11 ModularCG_A1_B2.java
-rw-rw-r--   1 travis travis    832 Jul 11 02:11 ModularCG_A1_B2.mk
-rw-rw-r--   1 travis travis   1318 Jul 11 02:11 ModularCG_A1_B2_profile.class
-rw-rw-r--   1 travis travis   1262 Jul 11 02:11 ModularCG_A1_B2_profile.java
-rw-rw-r--   1 travis travis   5031 Jul 11 02:11 ModularCG_A1.class
-rw-rw-r--   1 travis travis  14742 Jul 11 02:11 ModularCG_A1.java
-rw-rw-r--   1 travis travis    808 Jul 11 02:11 ModularCG_A1.mk
-rw-rw-r--   1 travis travis   1433 Jul 11 02:11 ModularCG_A1_profile.class
-rw-rw-r--   1 travis travis   1704 Jul 11 02:11 ModularCG_A1_profile.java
-rw-rw-r--   1 travis travis   4059 Jul 11 02:11 ModularCG_A2_B1.class
-rw-rw-r--   1 travis travis  10667 Jul 11 02:11 ModularCG_A2_B1.java
-rw-rw-r--   1 travis travis    832 Jul 11 02:11 ModularCG_A2_B1.mk
-rw-rw-r--   1 travis travis   1381 Jul 11 02:11 ModularCG_A2_B1_profile.class
-rw-rw-r--   1 travis travis   1446 Jul 11 02:11 ModularCG_A2_B1_profile.java
-rw-rw-r--   1 travis travis   3925 Jul 11 02:11 ModularCG_A2_B2.class
-rw-rw-r--   1 travis travis   9730 Jul 11 02:11 ModularCG_A2_B2.java
-rw-rw-r--   1 travis travis    832 Jul 11 02:11 ModularCG_A2_B2.mk
-rw-rw-r--   1 travis travis   1318 Jul 11 02:11 ModularCG_A2_B2_profile.class
-rw-rw-r--   1 travis travis   1262 Jul 11 02:11 ModularCG_A2_B2_profile.java
-rw-rw-r--   1 travis travis   5102 Jul 11 02:11 ModularCG_A2.class
-rw-rw-r--   1 travis travis  15129 Jul 11 02:11 ModularCG_A2.java
-rw-rw-r--   1 travis travis    808 Jul 11 02:11 ModularCG_A2.mk
-rw-rw-r--   1 travis travis   1433 Jul 11 02:11 ModularCG_A2_profile.class
-rw-rw-r--   1 travis travis   1704 Jul 11 02:11 ModularCG_A2_profile.java
-rw-rw-r--   1 travis travis   3705 Jul 11 02:12 ModularCGPubSub_A1_A2.class
-rw-rw-r--   1 travis travis   9076 Jul 11 02:11 ModularCGPubSub_A1_A2.java
-rw-rw-r--   1 travis travis    880 Jul 11 02:11 ModularCGPubSub_A1_A2.mk
-rw-rw-r--   1 travis travis   1300 Jul 11 02:11 ModularCGPubSub_A1_A2_profile.class
-rw-rw-r--   1 travis travis   1222 Jul 11 02:11 ModularCGPubSub_A1_A2_profile.java
-rw-rw-r--   1 travis travis   4022 Jul 11 02:12 ModularCGPubSub_A1.class
-rw-rw-r--   1 travis travis   9836 Jul 11 02:12 ModularCGPubSub_A1.java
-rw-rw-r--   1 travis travis    856 Jul 11 02:12 ModularCGPubSub_A1.mk
-rw-rw-r--   1 travis travis   1346 Jul 11 02:12 ModularCGPubSub_A1_profile.class
-rw-rw-r--   1 travis travis   1388 Jul 11 02:12 ModularCGPubSub_A1_profile.java
-rw-rw-r--   1 travis travis   4220 Jul 11 02:12 ModularCodeGen2_ModularCodeGenTypedCompositeActor.class
-rw-rw-r--   1 travis travis  11690 Jul 11 02:12 ModularCodeGen2_ModularCodeGenTypedCompositeActor.java
-rw-rw-r--   1 travis travis   1104 Jul 11 02:12 ModularCodeGen2_ModularCodeGenTypedCompositeActor.mk
-rw-rw-r--   1 travis travis   4504 Jul 11 02:12 ModularCodeGen2_ModularCodeGenTypedCompositeActor_ModularCodeGenTypedCompositeActor.class
-rw-rw-r--   1 travis travis  11790 Jul 11 02:12 ModularCodeGen2_ModularCodeGenTypedCompositeActor_ModularCodeGenTypedCompositeActor.java
-rw-rw-r--   1 travis travis   1376 Jul 11 02:12 ModularCodeGen2_ModularCodeGenTypedCompositeActor_ModularCodeGenTypedCompositeActor.mk
-rw-rw-r--   1 travis travis   1421 Jul 11 02:12 ModularCodeGen2_ModularCodeGenTypedCompositeActor_ModularCodeGenTypedCompositeActor_profile.class
-rw-rw-r--   1 travis travis   1294 Jul 11 02:12 ModularCodeGen2_ModularCodeGenTypedCompositeActor_ModularCodeGenTypedCompositeActor_profile.java
-rw-rw-r--   1 travis travis    820 Jul 11 02:12 ModularCodeGen2_ModularCodeGenTypedCompositeActor_profile.class
-rw-rw-r--   1 travis travis    693 Jul 11 02:12 ModularCodeGen2_ModularCodeGenTypedCompositeActor_profile.java
-rw-rw-r--   1 travis travis   3973 Jul 11 02:12 ModularCodeGen3_A1_B1.class
-rw-rw-r--   1 travis travis   9958 Jul 11 02:12 ModularCodeGen3_A1_B1.java
-rw-rw-r--   1 travis travis    880 Jul 11 02:12 ModularCodeGen3_A1_B1.mk
-rw-rw-r--   1 travis travis   1330 Jul 11 02:12 ModularCodeGen3_A1_B1_profile.class
-rw-rw-r--   1 travis travis   1274 Jul 11 02:12 ModularCodeGen3_A1_B1_profile.java
-rw-rw-r--   1 travis travis   3973 Jul 11 02:12 ModularCodeGen3_A1_B2.class
-rw-rw-r--   1 travis travis   9958 Jul 11 02:12 ModularCodeGen3_A1_B2.java
-rw-rw-r--   1 travis travis    880 Jul 11 02:12 ModularCodeGen3_A1_B2.mk
-rw-rw-r--   1 travis travis   1330 Jul 11 02:12 ModularCodeGen3_A1_B2_profile.class
-rw-rw-r--   1 travis travis   1274 Jul 11 02:12 ModularCodeGen3_A1_B2_profile.java
-rw-rw-r--   1 travis travis   5193 Jul 11 02:12 ModularCodeGen3_A1.class
-rw-rw-r--   1 travis travis  15564 Jul 11 02:12 ModularCodeGen3_A1.java
-rw-rw-r--   1 travis travis    856 Jul 11 02:12 ModularCodeGen3_A1.mk
-rw-rw-r--   1 travis travis   1445 Jul 11 02:12 ModularCodeGen3_A1_profile.class
-rw-rw-r--   1 travis travis   1716 Jul 11 02:12 ModularCodeGen3_A1_profile.java
-rw-rw-r--   1 travis travis   4119 Jul 11 02:12 ModularCodeGen3_A2_B1.class
-rw-rw-r--   1 travis travis  10955 Jul 11 02:12 ModularCodeGen3_A2_B1.java
-rw-rw-r--   1 travis travis    880 Jul 11 02:12 ModularCodeGen3_A2_B1.mk
-rw-rw-r--   1 travis travis   1393 Jul 11 02:12 ModularCodeGen3_A2_B1_profile.class
-rw-rw-r--   1 travis travis   1458 Jul 11 02:12 ModularCodeGen3_A2_B1_profile.java
-rw-rw-r--   1 travis travis   3973 Jul 11 02:12 ModularCodeGen3_A2_B2.class
-rw-rw-r--   1 travis travis   9958 Jul 11 02:12 ModularCodeGen3_A2_B2.java
-rw-rw-r--   1 travis travis    880 Jul 11 02:12 ModularCodeGen3_A2_B2.mk
-rw-rw-r--   1 travis travis   1330 Jul 11 02:12 ModularCodeGen3_A2_B2_profile.class
-rw-rw-r--   1 travis travis   1274 Jul 11 02:12 ModularCodeGen3_A2_B2_profile.java
-rw-rw-r--   1 travis travis   5270 Jul 11 02:12 ModularCodeGen3_A2.class
-rw-rw-r--   1 travis travis  15957 Jul 11 02:12 ModularCodeGen3_A2.java
-rw-rw-r--   1 travis travis    856 Jul 11 02:12 ModularCodeGen3_A2.mk
-rw-rw-r--   1 travis travis   1445 Jul 11 02:12 ModularCodeGen3_A2_profile.class
-rw-rw-r--   1 travis travis   1716 Jul 11 02:12 ModularCodeGen3_A2_profile.java
-rw-rw-r--   1 travis travis   4026 Jul 11 02:12 ModularCodeGen4_A1_B1.class
-rw-rw-r--   1 travis travis  10312 Jul 11 02:12 ModularCodeGen4_A1_B1.java
-rw-rw-r--   1 travis travis    880 Jul 11 02:12 ModularCodeGen4_A1_B1.mk
-rw-rw-r--   1 travis travis   1330 Jul 11 02:12 ModularCodeGen4_A1_B1_profile.class
-rw-rw-r--   1 travis travis   1273 Jul 11 02:12 ModularCodeGen4_A1_B1_profile.java
-rw-rw-r--   1 travis travis   4026 Jul 11 02:12 ModularCodeGen4_A1_B2.class
-rw-rw-r--   1 travis travis  10312 Jul 11 02:12 ModularCodeGen4_A1_B2.java
-rw-rw-r--   1 travis travis    880 Jul 11 02:12 ModularCodeGen4_A1_B2.mk
-rw-rw-r--   1 travis travis   1330 Jul 11 02:12 ModularCodeGen4_A1_B2_profile.class
-rw-rw-r--   1 travis travis   1273 Jul 11 02:12 ModularCodeGen4_A1_B2_profile.java
-rw-rw-r--   1 travis travis   5333 Jul 11 02:12 ModularCodeGen4_A1.class
-rw-rw-r--   1 travis travis  16245 Jul 11 02:12 ModularCodeGen4_A1.java
-rw-rw-r--   1 travis travis    856 Jul 11 02:12 ModularCodeGen4_A1.mk
-rw-rw-r--   1 travis travis   1445 Jul 11 02:12 ModularCodeGen4_A1_profile.class
-rw-rw-r--   1 travis travis   1712 Jul 11 02:12 ModularCodeGen4_A1_profile.java
-rw-rw-r--   1 travis travis   4220 Jul 11 02:12 ModularCodeGen4_A2_B1.class
-rw-rw-r--   1 travis travis  11375 Jul 11 02:12 ModularCodeGen4_A2_B1.java
-rw-rw-r--   1 travis travis    880 Jul 11 02:12 ModularCodeGen4_A2_B1.mk
-rw-rw-r--   1 travis travis   1393 Jul 11 02:12 ModularCodeGen4_A2_B1_profile.class
-rw-rw-r--   1 travis travis   1454 Jul 11 02:12 ModularCodeGen4_A2_B1_profile.java
-rw-rw-r--   1 travis travis   4074 Jul 11 02:12 ModularCodeGen4_A2_B2.class
-rw-rw-r--   1 travis travis  10378 Jul 11 02:12 ModularCodeGen4_A2_B2.java
-rw-rw-r--   1 travis travis    880 Jul 11 02:12 ModularCodeGen4_A2_B2.mk
-rw-rw-r--   1 travis travis   1330 Jul 11 02:12 ModularCodeGen4_A2_B2_profile.class
-rw-rw-r--   1 travis travis   1270 Jul 11 02:12 ModularCodeGen4_A2_B2_profile.java
-rw-rw-r--   1 travis travis   5506 Jul 11 02:12 ModularCodeGen4_A2.class
-rw-rw-r--   1 travis travis  16770 Jul 11 02:12 ModularCodeGen4_A2.java
-rw-rw-r--   1 travis travis    856 Jul 11 02:12 ModularCodeGen4_A2.mk
-rw-rw-r--   1 travis travis   1445 Jul 11 02:12 ModularCodeGen4_A2_profile.class
-rw-rw-r--   1 travis travis   1712 Jul 11 02:12 ModularCodeGen4_A2_profile.java
-rw-rw-r--   1 travis travis   7070 Jul 11 02:12 ModularCodeGen5_A_A.class
-rw-rw-r--   1 travis travis  28721 Jul 11 02:12 ModularCodeGen5_A_A.java
-rw-rw-r--   1 travis travis    864 Jul 11 02:12 ModularCodeGen5_A_A.mk
-rw-rw-r--   1 travis travis   1520 Jul 11 02:12 ModularCodeGen5_A_A_profile.class
-rw-rw-r--   1 travis travis   1815 Jul 11 02:12 ModularCodeGen5_A_A_profile.java
-rw-rw-r--   1 travis travis   5347 Jul 11 02:13 ModularCodeGen5_A.class
-rw-rw-r--   1 travis travis  13769 Jul 11 02:12 ModularCodeGen5_A.java
-rw-rw-r--   1 travis travis    848 Jul 11 02:12 ModularCodeGen5_A.mk
-rw-rw-r--   1 travis travis   1422 Jul 11 02:12 ModularCodeGen5_A_profile.class
-rw-rw-r--   1 travis travis   1605 Jul 11 02:12 ModularCodeGen5_A_profile.java
-rw-rw-r--   1 travis travis   4357 Jul 11 02:13 ModularCodeGen6_A_A2.class
-rw-rw-r--   1 travis travis  11329 Jul 11 02:13 ModularCodeGen6_A_A2.java
-rw-rw-r--   1 travis travis    872 Jul 11 02:13 ModularCodeGen6_A_A2.mk
-rw-rw-r--   1 travis travis   1351 Jul 11 02:13 ModularCodeGen6_A_A2_profile.class
-rw-rw-r--   1 travis travis   1364 Jul 11 02:13 ModularCodeGen6_A_A2_profile.java
-rw-rw-r--   1 travis travis   4340 Jul 11 02:13 ModularCodeGen6_A_A.class
-rw-rw-r--   1 travis travis  11221 Jul 11 02:13 ModularCodeGen6_A_A.java
-rw-rw-r--   1 travis travis    864 Jul 11 02:13 ModularCodeGen6_A_A.mk
-rw-rw-r--   1 travis travis   1348 Jul 11 02:13 ModularCodeGen6_A_A_profile.class
-rw-rw-r--   1 travis travis   1361 Jul 11 02:13 ModularCodeGen6_A_A_profile.java
-rw-rw-r--   1 travis travis   7469 Jul 11 02:13 ModularCodeGen6_A.class
-rw-rw-r--   1 travis travis  26535 Jul 11 02:13 ModularCodeGen6_A.java
-rw-rw-r--   1 travis travis    848 Jul 11 02:13 ModularCodeGen6_A.mk
-rw-rw-r--   1 travis travis   1483 Jul 11 02:13 ModularCodeGen6_A_profile.class
-rw-rw-r--   1 travis travis   1810 Jul 11 02:13 ModularCodeGen6_A_profile.java
-rw-rw-r--   1 travis travis   1384 Jul 11 02:13 ModularCodeGenLazyPubSubGlobal_CompositeActor_ModularCodeGenTypedComposite_profile.java
-rw-rw-r--   1 travis travis   4184 Jul 11 02:13 ModularCodeGenLazyPubSub_LazyCompositeActor.class
-rw-rw-r--   1 travis travis  11122 Jul 11 02:13 ModularCodeGenLazyPubSub_LazyCompositeActor.java
-rw-rw-r--   1 travis travis   1056 Jul 11 02:13 ModularCodeGenLazyPubSub_LazyCompositeActor.mk
-rw-rw-r--   1 travis travis   1286 Jul 11 02:13 ModularCodeGenLazyPubSub_LazyCompositeActor_profile.class
-rw-rw-r--   1 travis travis   1091 Jul 11 02:13 ModularCodeGenLazyPubSub_LazyCompositeActor_profile.java
-rw-rw-r--   1 travis travis   4186 Jul 11 02:12 ModularCodeGen_ModularCodeGenTypedCompositeActor.class
-rw-rw-r--   1 travis travis  10970 Jul 11 02:12 ModularCodeGen_ModularCodeGenTypedCompositeActor.java
-rw-rw-r--   1 travis travis   1096 Jul 11 02:12 ModularCodeGen_ModularCodeGenTypedCompositeActor.mk
-rw-rw-r--   1 travis travis   1384 Jul 11 02:12 ModularCodeGen_ModularCodeGenTypedCompositeActor_profile.class
-rw-rw-r--   1 travis travis   1328 Jul 11 02:12 ModularCodeGen_ModularCodeGenTypedCompositeActor_profile.java
-rw-rw-r--   1 travis travis   3724 Jul 11 02:11 ModularCodeGenTest_A1_A2.class
-rw-rw-r--   1 travis travis   9164 Jul 11 02:11 ModularCodeGenTest_A1_A2.java
-rw-rw-r--   1 travis travis   1306 Jul 11 02:11 ModularCodeGenTest_A1_A2_profile.class
-rw-rw-r--   1 travis travis   4055 Jul 11 02:11 ModularCodeGenTest_A1.class
-rw-rw-r--   1 travis travis   9968 Jul 11 02:11 ModularCodeGenTest_A1.java
-rw-rw-r--   1 travis travis    880 Jul 11 02:11 ModularCodeGenTest_A1.mk
-rw-rw-r--   1 travis travis   1352 Jul 11 02:11 ModularCodeGenTest_A1_profile.class
-rw-rw-r--   1 travis travis   1394 Jul 11 02:11 ModularCodeGenTest_A1_profile.java
drwxrwxr-x   3 travis travis  32768 Jul 11 02:10 modulation2
drwxrwxr-x 139 travis travis  12288 Jul 11 02:11 node_modules
drwxrwxr-x   3 travis travis  20480 Jul 11 02:06 PhaseUnwrap
drwxrwxr-x   3 travis travis  12288 Jul 11 02:06 ReadFile1
-rw-rw-r--   1 travis travis     11 Jul 11 02:06 ReadFile1Output.txt
-rw-rw-r--   1 travis travis   9615 Jul 11 02:11 Repeat.class
-rw-rw-r--   1 travis travis    666 Jul 11 02:11 Repeat$_fireFunction_Repeat_Repeat$__f_sL_11.class
-rw-rw-r--   1 travis travis    522 Jul 11 02:11 Repeat$_fireFunction_Repeat_Repeat$__f_sL_12.class
-rw-rw-r--   1 travis travis    522 Jul 11 02:11 Repeat$_fireFunction_Repeat_Repeat$__f_sL_13.class
-rw-rw-r--   1 travis travis    522 Jul 11 02:11 Repeat$_fireFunction_Repeat_Repeat$__f_sL_14.class
-rw-rw-r--   1 travis travis    665 Jul 11 02:11 Repeat$_fireFunction_Repeat_Repeat$__f_sL_1.class
-rw-rw-r--   1 travis travis    664 Jul 11 02:11 Repeat$_fireFunction_Repeat_Repeat$__f_sL_4.class
-rw-rw-r--   1 travis travis    520 Jul 11 02:11 Repeat$_fireFunction_Repeat_Repeat$__f_sL_9.class
-rw-rw-r--   1 travis travis    475 Jul 11 02:11 Repeat$_initialize_Repeat$__i_sL_2.class
-rw-rw-r--   1 travis travis   1281 Jul 11 02:10 Repeat.mk
-rw-rw-r--   1 travis travis    520 Jul 11 02:11 Repeat$_preinitializeMethod_Repeat$__p_sL_0.class
-rw-rw-r--   1 travis travis   1083 Jul 11 02:11 Repeat$_Repeat$_fireFunction_Repeat_AddSubtract_Repeat.class
-rw-rw-r--   1 travis travis    791 Jul 11 02:11 Repeat$_Repeat$_fireFunction_Repeat_AddSubtract_Repeat$__f_sL_0.class
-rw-rw-r--   1 travis travis    909 Jul 11 02:11 Repeat$_Repeat$_fireFunction_Repeat_AddSubtract_Repeat$__f_sL_1.class
-rw-rw-r--   1 travis travis    915 Jul 11 02:11 Repeat$_Repeat$_fireFunction_Repeat_AddSubtract_Repeat$__f_sL_2.class
-rw-rw-r--   1 travis travis    843 Jul 11 02:11 Repeat$_Repeat$_fireFunction_Repeat_AddSubtract_Repeat$__f_sL_3.class
-rw-rw-r--   1 travis travis    738 Jul 11 02:11 Repeat$_Repeat$_fireFunction_Repeat_Ramp2_Repeat$__f_sL_0.class
-rw-rw-r--   1 travis travis    869 Jul 11 02:11 Repeat$_Repeat$_fireFunction_Repeat_Test_Repeat$__f_sL_0.class
-rw-rw-r--   1 travis travis    615 Jul 11 02:11 Repeat$_Repeat$_fireFunction_Repeat_Test_Repeat$__f_sL_1.class
-rw-rw-r--   1 travis travis    685 Jul 11 02:11 Repeat$_Repeat_SDF_Director_run_Repeat$__R_sL_0.class
-rw-rw-r--   1 travis travis    686 Jul 11 02:11 Repeat$_Repeat_SDF_Director_run_Repeat$__R_sL_11.class
-rw-rw-r--   1 travis travis    542 Jul 11 02:11 Repeat$_Repeat_SDF_Director_run_Repeat$__R_sL_13.class
-rw-rw-r--   1 travis travis    540 Jul 11 02:11 Repeat$_Repeat_SDF_Director_run_Repeat$__R_sL_2.class
-rw-rw-r--   1 travis travis    684 Jul 11 02:11 Repeat$_Repeat_SDF_Director_run_Repeat$__R_sL_3.class
-rw-rw-r--   1 travis travis    540 Jul 11 02:11 Repeat$_Repeat_SDF_Director_run_Repeat$__R_sL_5.class
-rw-rw-r--   1 travis travis    540 Jul 11 02:11 Repeat$_Repeat_SDF_Director_run_Repeat$__R_sL_8.class
drwxrwxr-x   2 travis travis   4096 Jul 11 02:11 RepeatVariables
-rw-rw-r--   1 travis travis    863 Jul 11 02:11 Repeat$_varinit_Repeat.class
-rw-rw-r--   1 travis travis    531 Jul 11 02:11 Repeat$_varinit_Repeat$__v_sL_2.class
-rw-rw-r--   1 travis travis    905 Jul 11 02:11 Repeat$_varinit_Repeat$__v_sL_4.class
-rw-rw-r--   1 travis travis    959 Jul 11 02:11 Repeat$_wrapup_Repeat$__w_sL_1.class
drwxrwxr-x   3 travis travis  20480 Jul 11 02:06 Sinewave
drwxrwxr-x   3 travis travis  32768 Jul 11 02:08 StringFunction
drwxrwxr-x   3 travis travis  12288 Jul 11 02:08 StringLength
drwxrwxr-x   3 travis travis  61440 Jul 11 02:09 StringMatches2
drwxrwxr-x   3 travis travis  61440 Jul 11 02:09 StringSimpleReplace
drwxrwxr-x   3 travis travis  65536 Jul 11 02:09 StringSubstring
drwxrwxr-x   3 travis travis  24576 Jul 11 02:09 StringSubstring2
drwxrwxr-x   3 travis travis  16384 Jul 11 02:10 time1
drwxrwxr-x   3 travis travis  12288 Jul 11 02:10 time5
-rw-rw-r--   1 travis travis    432 Jul 11 02:13 Token.class
-rw-rw-r--   1 travis travis    251 Jul 11 02:13 Token.java
-rwxrwxr-x   1 travis travis 466992 Jul 11 02:03 top
-rw-rw-r--   1 travis travis  20502 Jul 11 02:03 top.c
-rw-rw-r--   1 travis travis   3799 Jul 11 02:11 top.class
-rw-rw-r--   1 travis travis   1257 Jul 11 02:11 top.mk
All Done
Writing ModularCodeGenLazyPubSubGlobal_CompositeActor_ModularCodeGenTypedComposite.java in file:/home/travis/cg/ (30161 characters)
Reading "ptolemy/cg/kernel/generic/program/procedural/java/modular/makefile.in",
    writing "/home/travis/cg/ModularCodeGenLazyPubSubGlobal_CompositeActor_ModularCodeGenTypedComposite.mk"
Using ptolemy/cg/kernel/generic/program/procedural/java/modular/makefile.in
In "/home/travis/cg", about to execute:
    make -f
ModularCodeGenLazyPubSubGlobal_CompositeActor_ModularCodeGenTypedComposite.mk
javac -classpath ".:.."    ModularCodeGenLazyPubSubGlobal_CompositeActor_ModularCodeGenTypedComposite.java
All Done
3530 ms. Memory: 193536K Free: 154368K (80%)
----------------- Invoking toplevel() on ptolemy.moml.MoMLSimpleApplication@131e4fef
----------------- Done invoking toplevel() on ptolemy.moml.MoMLSimpleApplication@131e4fef
reloadAllAccessors: .ModularCodeGenLazyPubSubGlobal

===========================================================================================
----------------- testing Thu Jul 11 02:13:17 UTC 2019 /home/travis/build/icyphy/ptII/ptolemy/cg/lib/test/auto/ModularCodeGenPubSub1.xml
----------------- Instantiating /home/travis/build/icyphy/ptII/ptolemy/cg/lib/test/auto/ModularCodeGenPubSub1.xml
In "/home/travis/cg", about to execute:
    pwd
In "/home/travis/cg", about to execute:
    ls -l
/home/travis/cg
In "/home/travis/cg", about to execute:
    javac -classpath
.:/home/travis/build/icyphy/ptII:/home/travis/build/icyphy/ptII/lib/bsh-2.0b4.j
ar:/home/travis/build/icyphy/ptII/lib/ptCal.jar:/home/travis/build/icyphy/ptII/
lib/java_cup.jar:/home/travis/build/icyphy/ptII/lib/saxon8.jar:/home/travis/bui
ld/icyphy/ptII/lib/saxon8-dom.jar:/home/travis/build/icyphy/ptII/lib/chic.jar:/
home/travis/build/icyphy/ptII/lib/ptcolt.jar:/home/travis/build/icyphy/ptII/ven
dors/misc/itext/iText.jar:/home/travis/build/icyphy/ptII/lib/g4ltl.jar:/home/tr
avis/build/icyphy/ptII/lib/StructuralCoder.jar:/home/travis/build/icyphy/ptII/v
endors/jai-1_1_2_01/lib/jai_core.jar:/home/travis/build/icyphy/ptII/vendors/jai
-1_1_2_01/lib/jai_codec.jar:/home/travis/build/icyphy/ptII/lib/jcerti.jar:/home
/travis/build/icyphy/ptII/lib/javax.mail.jar:/usr/share/java/openjfx/jre/lib/ex
t/jfxrt.jar:/usr/lib/jvm/java-8-openjdk-amd64/jre/lib/ext/jfxrt.jar:/home/travi
s/build/icyphy/ptII/vendors/JMF-2.1.1e/lib/jmf.jar:/home/travis/build/icyphy/pt
II/lib/jna-4.0.0-variadic.jar:/home/travis/build/icyphy/ptII/vendors/misc/joyst
ick/Joystick.jar:/home/travis/build/icyphy/ptII/lib/ptjacl.jar:/home/travis/bui
ld/icyphy/ptII/lib/jsoup-1.8.2.jar:/home/travis/build/icyphy/ptII/lib/junit-4.8
.2.jar:/home/travis/build/icyphy/ptII/lib/JUnitParams-0.4.0.jar:/home/travis/bu
ild/icyphy/ptII/ptolemy/actor/lib/excel/jxl.jar:/home/travis/build/icyphy/ptII/
lib/jython.jar:/home/travis/build/icyphy/ptII/lib/kieler.jar:/home/travis/build
/icyphy/ptII/lib/opencv-341.jar:/home/travis/build/icyphy/ptII/lib/oscP5.jar:/h
ome/travis/build/icyphy/ptII/lib/nrjavaserial-3.11.0.devel.jar:/home/travis/bui
ld/icyphy/ptII/vendors/j3d/lib/j3dcore.jar:/home/travis/build/icyphy/ptII/vendo
rs/j3d/lib/j3dutils.jar:/home/travis/build/icyphy/ptII/vendors/j3d/lib/vecmath.
jar:/home/travis/build/icyphy/ptII/ptolemy/distributed/jini/jar/jini-core.jar:/
home/travis/build/icyphy/ptII/ptolemy/distributed/jini/jar/jini-ext.jar:/home/t
ravis/build/icyphy/ptII/ptolemy/distributed/jini/jar/sun-util.jar:/home/travis/
build/icyphy/ptII/lib/protobuf-java-2.4.1.jar:/home/travis/build/icyphy/ptII/li
b/org.eclipse.paho.client.mqttv3.jar:/home/travis/build/icyphy/ptII/lib/mapss.j
ar:/home/travis/build/icyphy/ptII/ptolemy/actor/ptalon/antlr/antlr.jar:/home/tr
avis/build/icyphy/ptII/lib/JRI.jar:/home/travis/build/icyphy/ptII/lib/commons-l
ang-2.6.jar:/home/travis/build/icyphy/ptII/lib/commons-logging-1.1.1.jar:/home/
travis/build/icyphy/ptII/lib/sootclasses.jar:/home/travis/build/icyphy/ptII/pto
lemy/actor/lib/database/mysql-connector-java-5.1.6-bin.jar:/home/travis/build/i
cyphy/ptII/vendors/misc/sphinx4/sphinx4-data-5prealpha.jar:/home/travis/build/i
cyphy/ptII/vendors/misc/sphinx4/sphinx4-core-5prealpha.jar:/home/travis/build/i
cyphy/ptII/lib/PDFRenderer.jar:/home/travis/build/icyphy/ptII/lib/svgSalamander
.jar:/home/travis/build/icyphy/ptII/lib/rsyntaxtextarea-2.6.0-SNAPSHOT.jar:/hom
e/travis/build/icyphy/ptII/lib/hazelcast-3.8.2.jar:/home/travis/build/icyphy/pt
II/lib/jackson-annotations-2.9.0.jar:/home/travis/build/icyphy/ptII/lib/jackson
-core-2.9.3.jar:/home/travis/build/icyphy/ptII/lib/jackson-databind-2.9.3.jar:/
home/travis/build/icyphy/ptII/lib/netty-buffer-4.1.19.Final.jar:/home/travis/bu
ild/icyphy/ptII/lib/netty-codec-4.1.19.Final.jar:/home/travis/build/icyphy/ptII
/lib/netty-codec-dns-4.1.19.Final.jar:/home/travis/build/icyphy/ptII/lib/netty-
codec-http-4.1.19.Final.jar:/home/travis/build/icyphy/ptII/lib/netty-codec-http
2-4.1.19.Final.jar:/home/travis/build/icyphy/ptII/lib/netty-common-4.1.19.Final
.jar:/home/travis/build/icyphy/ptII/lib/netty-handler-4.1.19.Final.jar:/home/tr
avis/build/icyphy/ptII/lib/netty-resolver-4.1.19.Final.jar:/home/travis/build/i
cyphy/ptII/lib/netty-resolver-dns-4.1.19.Final.jar:/home/travis/build/icyphy/pt
II/lib/netty-transport-4.1.19.Final.jar:/home/travis/build/icyphy/ptII/lib/vert
x-codegen-3.5.1.jar:/home/travis/build/icyphy/ptII/lib/vertx-core-3.5.2-SNAPSHO
T.jar:/home/travis/build/icyphy/ptII/lib/vertx-hazelcast-3.5.1.jar:/home/travis
/build/icyphy/ptII/lib/vertx-lang-js-3.5.1.jar:/home/travis/build/icyphy/ptII/l
ib/vertx-service-proxy-3.5.1.jar:/home/travis/build/icyphy/ptII/lib/vertx-web-3
.5.1.jar:/home/travis/build/icyphy/ptII/lib/slf4j-api-1.7.13.jar:/home/travis/b
uild/icyphy/ptII/lib/slf4j-simple-1.7.13.jar:/home/travis/build/icyphy/ptII/lib
/webcam-capture-0.3.12.jar:/home/travis/build/icyphy/ptII/lib/bridj-0.7.0.jar:/
home/travis/build/icyphy/ptII/lib/xbjlib-1.1.0.nrjavaserial.jar:/home/travis/bu
ild/icyphy/ptII/ptolemy/moml/test:/home/travis/build/icyphy/ptII/ant/lib/ant-la
uncher.jar:/home/travis/build/icyphy/ptII/ant/lib/ant.jar:/home/travis/build/ic
yphy/ptII/ant/lib/ant-junit.jar:/home/travis/build/icyphy/ptII/ant/lib/ant-juni
t4.jar:/home/travis/build/icyphy/ptII ModularCodeGenPubSub_A1_profile.java
total 2404
drwxrwxr-x   3 travis travis  12288 Jul 11 02:04 AbsoluteValue
drwxrwxr-x   3 travis travis 102400 Jul 11 02:03 AllColt
-rw-rw-r--   1 travis travis    233 Jul 11 02:13 Array.class
-rw-rw-r--   1 travis travis    459 Jul 11 02:13 Array.java
drwxrwxr-x   3 travis travis  12288 Jul 11 02:04 Case1
-rw-rw-r--   1 travis travis   5104 Jul 11 02:11 CompiledCompositeActor_CompiledCompositeActor.class
-rw-rw-r--   1 travis travis   1592 Jul 11 02:11 CompiledCompositeActor_CompiledCompositeActor$_CompiledCompositeActor_CompiledCompositeActor.class
-rw-rw-r--   1 travis travis  13466 Jul 11 02:11 CompiledCompositeActor_CompiledCompositeActor.java
-rw-rw-r--   1 travis travis   1593 Jul 11 02:11 CompiledCompositeActor_CompiledCompositeActor.mk
drwxrwxr-x   5 travis travis   4096 Jul 11 02:03 fmi
drwxrwxr-x   3 travis travis  16384 Jul 11 02:05 Gaussian2
-rw-rw-r--   1 travis travis   4660 Jul 11 02:11 JavaCompiledCompositeTest1_CompiledCompositeActor.class
-rw-rw-r--   1 travis travis  11637 Jul 11 02:11 JavaCompiledCompositeTest1_CompiledCompositeActor.java
-rw-rw-r--   1 travis travis   1198 Jul 11 02:11 JavaCompiledCompositeTest1_CompiledCompositeActor$_JavaCompiledCompositeTest1_CompiledCompositeActor.class
-rw-rw-r--   1 travis travis   1625 Jul 11 02:11 JavaCompiledCompositeTest1_CompiledCompositeActor.mk
-rw-rw-r--   1 travis travis   5091 Jul 11 02:11 JavaCompiledCompositeTest2_CompiledCompositeActor.class
-rw-rw-r--   1 travis travis  14919 Jul 11 02:11 JavaCompiledCompositeTest2_CompiledCompositeActor.java
-rw-rw-r--   1 travis travis   1793 Jul 11 02:11 JavaCompiledCompositeTest2_CompiledCompositeActor$_JavaCompiledCompositeTest2_CompiledCompositeActor.class
-rw-rw-r--   1 travis travis   1625 Jul 11 02:11 JavaCompiledCompositeTest2_CompiledCompositeActor.mk
-rw-rw-r--   1 travis travis   4708 Jul 11 02:11 JavaCompiledCompositeTest3_CompiledCompositeActor.class
-rw-rw-r--   1 travis travis  13080 Jul 11 02:11 JavaCompiledCompositeTest3_CompiledCompositeActor.java
-rw-rw-r--   1 travis travis   1378 Jul 11 02:11 JavaCompiledCompositeTest3_CompiledCompositeActor$_JavaCompiledCompositeTest3_CompiledCompositeActor.class
-rw-rw-r--   1 travis travis   1625 Jul 11 02:11 JavaCompiledCompositeTest3_CompiledCompositeActor.mk
-rw-rw-r--   1 travis travis   4159 Jul 11 02:11 JavaCompiledCompositeTest4_CompiledCompositeActor.class
-rw-rw-r--   1 travis travis   9687 Jul 11 02:11 JavaCompiledCompositeTest4_CompiledCompositeActor.java
-rw-rw-r--   1 travis travis    857 Jul 11 02:11 JavaCompiledCompositeTest4_CompiledCompositeActor$_JavaCompiledCompositeTest4_CompiledCompositeActor.class
-rw-rw-r--   1 travis travis   1625 Jul 11 02:11 JavaCompiledCompositeTest4_CompiledCompositeActor.mk
drwxrwxr-x   3 travis travis  12288 Jul 11 02:05 LookupTable
drwxrwxr-x   3 travis travis  20480 Jul 11 02:05 MaxIndex
-rw-rw-r--   1 travis travis   3925 Jul 11 02:11 ModularCG_A1_B1.class
-rw-rw-r--   1 travis travis   9730 Jul 11 02:11 ModularCG_A1_B1.java
-rw-rw-r--   1 travis travis    832 Jul 11 02:11 ModularCG_A1_B1.mk
-rw-rw-r--   1 travis travis   1318 Jul 11 02:11 ModularCG_A1_B1_profile.class
-rw-rw-r--   1 travis travis   1262 Jul 11 02:11 ModularCG_A1_B1_profile.java
-rw-rw-r--   1 travis travis   3925 Jul 11 02:11 ModularCG_A1_B2.class
-rw-rw-r--   1 travis travis   9730 Jul 11 02:11 ModularCG_A1_B2.java
-rw-rw-r--   1 travis travis    832 Jul 11 02:11 ModularCG_A1_B2.mk
-rw-rw-r--   1 travis travis   1318 Jul 11 02:11 ModularCG_A1_B2_profile.class
-rw-rw-r--   1 travis travis   1262 Jul 11 02:11 ModularCG_A1_B2_profile.java
-rw-rw-r--   1 travis travis   5031 Jul 11 02:11 ModularCG_A1.class
-rw-rw-r--   1 travis travis  14742 Jul 11 02:11 ModularCG_A1.java
-rw-rw-r--   1 travis travis    808 Jul 11 02:11 ModularCG_A1.mk
-rw-rw-r--   1 travis travis   1433 Jul 11 02:11 ModularCG_A1_profile.class
-rw-rw-r--   1 travis travis   1704 Jul 11 02:11 ModularCG_A1_profile.java
-rw-rw-r--   1 travis travis   4059 Jul 11 02:11 ModularCG_A2_B1.class
-rw-rw-r--   1 travis travis  10667 Jul 11 02:11 ModularCG_A2_B1.java
-rw-rw-r--   1 travis travis    832 Jul 11 02:11 ModularCG_A2_B1.mk
-rw-rw-r--   1 travis travis   1381 Jul 11 02:11 ModularCG_A2_B1_profile.class
-rw-rw-r--   1 travis travis   1446 Jul 11 02:11 ModularCG_A2_B1_profile.java
-rw-rw-r--   1 travis travis   3925 Jul 11 02:11 ModularCG_A2_B2.class
-rw-rw-r--   1 travis travis   9730 Jul 11 02:11 ModularCG_A2_B2.java
-rw-rw-r--   1 travis travis    832 Jul 11 02:11 ModularCG_A2_B2.mk
-rw-rw-r--   1 travis travis   1318 Jul 11 02:11 ModularCG_A2_B2_profile.class
-rw-rw-r--   1 travis travis   1262 Jul 11 02:11 ModularCG_A2_B2_profile.java
-rw-rw-r--   1 travis travis   5102 Jul 11 02:11 ModularCG_A2.class
-rw-rw-r--   1 travis travis  15129 Jul 11 02:11 ModularCG_A2.java
-rw-rw-r--   1 travis travis    808 Jul 11 02:11 ModularCG_A2.mk
-rw-rw-r--   1 travis travis   1433 Jul 11 02:11 ModularCG_A2_profile.class
-rw-rw-r--   1 travis travis   1704 Jul 11 02:11 ModularCG_A2_profile.java
-rw-rw-r--   1 travis travis   3705 Jul 11 02:12 ModularCGPubSub_A1_A2.class
-rw-rw-r--   1 travis travis   9076 Jul 11 02:11 ModularCGPubSub_A1_A2.java
-rw-rw-r--   1 travis travis    880 Jul 11 02:11 ModularCGPubSub_A1_A2.mk
-rw-rw-r--   1 travis travis   1300 Jul 11 02:11 ModularCGPubSub_A1_A2_profile.class
-rw-rw-r--   1 travis travis   1222 Jul 11 02:11 ModularCGPubSub_A1_A2_profile.java
-rw-rw-r--   1 travis travis   4022 Jul 11 02:12 ModularCGPubSub_A1.class
-rw-rw-r--   1 travis travis   9836 Jul 11 02:12 ModularCGPubSub_A1.java
-rw-rw-r--   1 travis travis    856 Jul 11 02:12 ModularCGPubSub_A1.mk
-rw-rw-r--   1 travis travis   1346 Jul 11 02:12 ModularCGPubSub_A1_profile.class
-rw-rw-r--   1 travis travis   1388 Jul 11 02:12 ModularCGPubSub_A1_profile.java
-rw-rw-r--   1 travis travis   4220 Jul 11 02:12 ModularCodeGen2_ModularCodeGenTypedCompositeActor.class
-rw-rw-r--   1 travis travis  11690 Jul 11 02:12 ModularCodeGen2_ModularCodeGenTypedCompositeActor.java
-rw-rw-r--   1 travis travis   1104 Jul 11 02:12 ModularCodeGen2_ModularCodeGenTypedCompositeActor.mk
-rw-rw-r--   1 travis travis   4504 Jul 11 02:12 ModularCodeGen2_ModularCodeGenTypedCompositeActor_ModularCodeGenTypedCompositeActor.class
-rw-rw-r--   1 travis travis  11790 Jul 11 02:12 ModularCodeGen2_ModularCodeGenTypedCompositeActor_ModularCodeGenTypedCompositeActor.java
-rw-rw-r--   1 travis travis   1376 Jul 11 02:12 ModularCodeGen2_ModularCodeGenTypedCompositeActor_ModularCodeGenTypedCompositeActor.mk
-rw-rw-r--   1 travis travis   1421 Jul 11 02:12 ModularCodeGen2_ModularCodeGenTypedCompositeActor_ModularCodeGenTypedCompositeActor_profile.class
-rw-rw-r--   1 travis travis   1294 Jul 11 02:12 ModularCodeGen2_ModularCodeGenTypedCompositeActor_ModularCodeGenTypedCompositeActor_profile.java
-rw-rw-r--   1 travis travis    820 Jul 11 02:12 ModularCodeGen2_ModularCodeGenTypedCompositeActor_profile.class
-rw-rw-r--   1 travis travis    693 Jul 11 02:12 ModularCodeGen2_ModularCodeGenTypedCompositeActor_profile.java
-rw-rw-r--   1 travis travis   3973 Jul 11 02:12 ModularCodeGen3_A1_B1.class
-rw-rw-r--   1 travis travis   9958 Jul 11 02:12 ModularCodeGen3_A1_B1.java
-rw-rw-r--   1 travis travis    880 Jul 11 02:12 ModularCodeGen3_A1_B1.mk
-rw-rw-r--   1 travis travis   1330 Jul 11 02:12 ModularCodeGen3_A1_B1_profile.class
-rw-rw-r--   1 travis travis   1274 Jul 11 02:12 ModularCodeGen3_A1_B1_profile.java
-rw-rw-r--   1 travis travis   3973 Jul 11 02:12 ModularCodeGen3_A1_B2.class
-rw-rw-r--   1 travis travis   9958 Jul 11 02:12 ModularCodeGen3_A1_B2.java
-rw-rw-r--   1 travis travis    880 Jul 11 02:12 ModularCodeGen3_A1_B2.mk
-rw-rw-r--   1 travis travis   1330 Jul 11 02:12 ModularCodeGen3_A1_B2_profile.class
-rw-rw-r--   1 travis travis   1274 Jul 11 02:12 ModularCodeGen3_A1_B2_profile.java
-rw-rw-r--   1 travis travis   5193 Jul 11 02:12 ModularCodeGen3_A1.class
-rw-rw-r--   1 travis travis  15564 Jul 11 02:12 ModularCodeGen3_A1.java
-rw-rw-r--   1 travis travis    856 Jul 11 02:12 ModularCodeGen3_A1.mk
-rw-rw-r--   1 travis travis   1445 Jul 11 02:12 ModularCodeGen3_A1_profile.class
-rw-rw-r--   1 travis travis   1716 Jul 11 02:12 ModularCodeGen3_A1_profile.java
-rw-rw-r--   1 travis travis   4119 Jul 11 02:12 ModularCodeGen3_A2_B1.class
-rw-rw-r--   1 travis travis  10955 Jul 11 02:12 ModularCodeGen3_A2_B1.java
-rw-rw-r--   1 travis travis    880 Jul 11 02:12 ModularCodeGen3_A2_B1.mk
-rw-rw-r--   1 travis travis   1393 Jul 11 02:12 ModularCodeGen3_A2_B1_profile.class
-rw-rw-r--   1 travis travis   1458 Jul 11 02:12 ModularCodeGen3_A2_B1_profile.java
-rw-rw-r--   1 travis travis   3973 Jul 11 02:12 ModularCodeGen3_A2_B2.class
-rw-rw-r--   1 travis travis   9958 Jul 11 02:12 ModularCodeGen3_A2_B2.java
-rw-rw-r--   1 travis travis    880 Jul 11 02:12 ModularCodeGen3_A2_B2.mk
-rw-rw-r--   1 travis travis   1330 Jul 11 02:12 ModularCodeGen3_A2_B2_profile.class
-rw-rw-r--   1 travis travis   1274 Jul 11 02:12 ModularCodeGen3_A2_B2_profile.java
-rw-rw-r--   1 travis travis   5270 Jul 11 02:12 ModularCodeGen3_A2.class
-rw-rw-r--   1 travis travis  15957 Jul 11 02:12 ModularCodeGen3_A2.java
-rw-rw-r--   1 travis travis    856 Jul 11 02:12 ModularCodeGen3_A2.mk
-rw-rw-r--   1 travis travis   1445 Jul 11 02:12 ModularCodeGen3_A2_profile.class
-rw-rw-r--   1 travis travis   1716 Jul 11 02:12 ModularCodeGen3_A2_profile.java
-rw-rw-r--   1 travis travis   4026 Jul 11 02:12 ModularCodeGen4_A1_B1.class
-rw-rw-r--   1 travis travis  10312 Jul 11 02:12 ModularCodeGen4_A1_B1.java
-rw-rw-r--   1 travis travis    880 Jul 11 02:12 ModularCodeGen4_A1_B1.mk
-rw-rw-r--   1 travis travis   1330 Jul 11 02:12 ModularCodeGen4_A1_B1_profile.class
-rw-rw-r--   1 travis travis   1273 Jul 11 02:12 ModularCodeGen4_A1_B1_profile.java
-rw-rw-r--   1 travis travis   4026 Jul 11 02:12 ModularCodeGen4_A1_B2.class
-rw-rw-r--   1 travis travis  10312 Jul 11 02:12 ModularCodeGen4_A1_B2.java
-rw-rw-r--   1 travis travis    880 Jul 11 02:12 ModularCodeGen4_A1_B2.mk
-rw-rw-r--   1 travis travis   1330 Jul 11 02:12 ModularCodeGen4_A1_B2_profile.class
-rw-rw-r--   1 travis travis   1273 Jul 11 02:12 ModularCodeGen4_A1_B2_profile.java
-rw-rw-r--   1 travis travis   5333 Jul 11 02:12 ModularCodeGen4_A1.class
-rw-rw-r--   1 travis travis  16245 Jul 11 02:12 ModularCodeGen4_A1.java
-rw-rw-r--   1 travis travis    856 Jul 11 02:12 ModularCodeGen4_A1.mk
-rw-rw-r--   1 travis travis   1445 Jul 11 02:12 ModularCodeGen4_A1_profile.class
-rw-rw-r--   1 travis travis   1712 Jul 11 02:12 ModularCodeGen4_A1_profile.java
-rw-rw-r--   1 travis travis   4220 Jul 11 02:12 ModularCodeGen4_A2_B1.class
-rw-rw-r--   1 travis travis  11375 Jul 11 02:12 ModularCodeGen4_A2_B1.java
-rw-rw-r--   1 travis travis    880 Jul 11 02:12 ModularCodeGen4_A2_B1.mk
-rw-rw-r--   1 travis travis   1393 Jul 11 02:12 ModularCodeGen4_A2_B1_profile.class
-rw-rw-r--   1 travis travis   1454 Jul 11 02:12 ModularCodeGen4_A2_B1_profile.java
-rw-rw-r--   1 travis travis   4074 Jul 11 02:12 ModularCodeGen4_A2_B2.class
-rw-rw-r--   1 travis travis  10378 Jul 11 02:12 ModularCodeGen4_A2_B2.java
-rw-rw-r--   1 travis travis    880 Jul 11 02:12 ModularCodeGen4_A2_B2.mk
-rw-rw-r--   1 travis travis   1330 Jul 11 02:12 ModularCodeGen4_A2_B2_profile.class
-rw-rw-r--   1 travis travis   1270 Jul 11 02:12 ModularCodeGen4_A2_B2_profile.java
-rw-rw-r--   1 travis travis   5506 Jul 11 02:12 ModularCodeGen4_A2.class
-rw-rw-r--   1 travis travis  16770 Jul 11 02:12 ModularCodeGen4_A2.java
-rw-rw-r--   1 travis travis    856 Jul 11 02:12 ModularCodeGen4_A2.mk
-rw-rw-r--   1 travis travis   1445 Jul 11 02:12 ModularCodeGen4_A2_profile.class
-rw-rw-r--   1 travis travis   1712 Jul 11 02:12 ModularCodeGen4_A2_profile.java
-rw-rw-r--   1 travis travis   7070 Jul 11 02:12 ModularCodeGen5_A_A.class
-rw-rw-r--   1 travis travis  28721 Jul 11 02:12 ModularCodeGen5_A_A.java
-rw-rw-r--   1 travis travis    864 Jul 11 02:12 ModularCodeGen5_A_A.mk
-rw-rw-r--   1 travis travis   1520 Jul 11 02:12 ModularCodeGen5_A_A_profile.class
-rw-rw-r--   1 travis travis   1815 Jul 11 02:12 ModularCodeGen5_A_A_profile.java
-rw-rw-r--   1 travis travis   5347 Jul 11 02:13 ModularCodeGen5_A.class
-rw-rw-r--   1 travis travis  13769 Jul 11 02:12 ModularCodeGen5_A.java
-rw-rw-r--   1 travis travis    848 Jul 11 02:12 ModularCodeGen5_A.mk
-rw-rw-r--   1 travis travis   1422 Jul 11 02:12 ModularCodeGen5_A_profile.class
-rw-rw-r--   1 travis travis   1605 Jul 11 02:12 ModularCodeGen5_A_profile.java
-rw-rw-r--   1 travis travis   4357 Jul 11 02:13 ModularCodeGen6_A_A2.class
-rw-rw-r--   1 travis travis  11329 Jul 11 02:13 ModularCodeGen6_A_A2.java
-rw-rw-r--   1 travis travis    872 Jul 11 02:13 ModularCodeGen6_A_A2.mk
-rw-rw-r--   1 travis travis   1351 Jul 11 02:13 ModularCodeGen6_A_A2_profile.class
-rw-rw-r--   1 travis travis   1364 Jul 11 02:13 ModularCodeGen6_A_A2_profile.java
-rw-rw-r--   1 travis travis   4340 Jul 11 02:13 ModularCodeGen6_A_A.class
-rw-rw-r--   1 travis travis  11221 Jul 11 02:13 ModularCodeGen6_A_A.java
-rw-rw-r--   1 travis travis    864 Jul 11 02:13 ModularCodeGen6_A_A.mk
-rw-rw-r--   1 travis travis   1348 Jul 11 02:13 ModularCodeGen6_A_A_profile.class
-rw-rw-r--   1 travis travis   1361 Jul 11 02:13 ModularCodeGen6_A_A_profile.java
-rw-rw-r--   1 travis travis   7469 Jul 11 02:13 ModularCodeGen6_A.class
-rw-rw-r--   1 travis travis  26535 Jul 11 02:13 ModularCodeGen6_A.java
-rw-rw-r--   1 travis travis    848 Jul 11 02:13 ModularCodeGen6_A.mk
-rw-rw-r--   1 travis travis   1483 Jul 11 02:13 ModularCodeGen6_A_profile.class
-rw-rw-r--   1 travis travis   1810 Jul 11 02:13 ModularCodeGen6_A_profile.java
-rw-rw-r--   1 travis travis   9633 Jul 11 02:13 ModularCodeGenLazyPubSubGlobal_CompositeActor_ModularCodeGenTypedComposite.class
-rw-rw-r--   1 travis travis  30161 Jul 11 02:13 ModularCodeGenLazyPubSubGlobal_CompositeActor_ModularCodeGenTypedComposite.java
-rw-rw-r--   1 travis travis   1304 Jul 11 02:13 ModularCodeGenLazyPubSubGlobal_CompositeActor_ModularCodeGenTypedComposite.mk
-rw-rw-r--   1 travis travis   1438 Jul 11 02:13 ModularCodeGenLazyPubSubGlobal_CompositeActor_ModularCodeGenTypedComposite_profile.class
-rw-rw-r--   1 travis travis   1384 Jul 11 02:13 ModularCodeGenLazyPubSubGlobal_CompositeActor_ModularCodeGenTypedComposite_profile.java
-rw-rw-r--   1 travis travis   4184 Jul 11 02:13 ModularCodeGenLazyPubSub_LazyCompositeActor.class
-rw-rw-r--   1 travis travis  11122 Jul 11 02:13 ModularCodeGenLazyPubSub_LazyCompositeActor.java
-rw-rw-r--   1 travis travis   1056 Jul 11 02:13 ModularCodeGenLazyPubSub_LazyCompositeActor.mk
-rw-rw-r--   1 travis travis   1286 Jul 11 02:13 ModularCodeGenLazyPubSub_LazyCompositeActor_profile.class
-rw-rw-r--   1 travis travis   1091 Jul 11 02:13 ModularCodeGenLazyPubSub_LazyCompositeActor_profile.java
-rw-rw-r--   1 travis travis   4186 Jul 11 02:12 ModularCodeGen_ModularCodeGenTypedCompositeActor.class
-rw-rw-r--   1 travis travis  10970 Jul 11 02:12 ModularCodeGen_ModularCodeGenTypedCompositeActor.java
-rw-rw-r--   1 travis travis   1096 Jul 11 02:12 ModularCodeGen_ModularCodeGenTypedCompositeActor.mk
-rw-rw-r--   1 travis travis   1384 Jul 11 02:12 ModularCodeGen_ModularCodeGenTypedCompositeActor_profile.class
-rw-rw-r--   1 travis travis   1328 Jul 11 02:12 ModularCodeGen_ModularCodeGenTypedCompositeActor_profile.java
-rw-rw-r--   1 travis travis   1195 Jul 11 02:13 ModularCodeGenPubSub_A1_profile.java
-rw-rw-r--   1 travis travis   3724 Jul 11 02:11 ModularCodeGenTest_A1_A2.class
-rw-rw-r--   1 travis travis   9164 Jul 11 02:11 ModularCodeGenTest_A1_A2.java
-rw-rw-r--   1 travis travis   1306 Jul 11 02:11 ModularCodeGenTest_A1_A2_profile.class
-rw-rw-r--   1 travis travis   4055 Jul 11 02:11 ModularCodeGenTest_A1.class
-rw-rw-r--   1 travis travis   9968 Jul 11 02:11 ModularCodeGenTest_A1.java
-rw-rw-r--   1 travis travis    880 Jul 11 02:11 ModularCodeGenTest_A1.mk
-rw-rw-r--   1 travis travis   1352 Jul 11 02:11 ModularCodeGenTest_A1_profile.class
-rw-rw-r--   1 travis travis   1394 Jul 11 02:11 ModularCodeGenTest_A1_profile.java
drwxrwxr-x   3 travis travis  32768 Jul 11 02:10 modulation2
drwxrwxr-x 139 travis travis  12288 Jul 11 02:11 node_modules
drwxrwxr-x   3 travis travis  20480 Jul 11 02:06 PhaseUnwrap
drwxrwxr-x   3 travis travis  12288 Jul 11 02:06 ReadFile1
-rw-rw-r--   1 travis travis     11 Jul 11 02:06 ReadFile1Output.txt
-rw-rw-r--   1 travis travis   9615 Jul 11 02:11 Repeat.class
-rw-rw-r--   1 travis travis    666 Jul 11 02:11 Repeat$_fireFunction_Repeat_Repeat$__f_sL_11.class
-rw-rw-r--   1 travis travis    522 Jul 11 02:11 Repeat$_fireFunction_Repeat_Repeat$__f_sL_12.class
-rw-rw-r--   1 travis travis    522 Jul 11 02:11 Repeat$_fireFunction_Repeat_Repeat$__f_sL_13.class
-rw-rw-r--   1 travis travis    522 Jul 11 02:11 Repeat$_fireFunction_Repeat_Repeat$__f_sL_14.class
-rw-rw-r--   1 travis travis    665 Jul 11 02:11 Repeat$_fireFunction_Repeat_Repeat$__f_sL_1.class
-rw-rw-r--   1 travis travis    664 Jul 11 02:11 Repeat$_fireFunction_Repeat_Repeat$__f_sL_4.class
-rw-rw-r--   1 travis travis    520 Jul 11 02:11 Repeat$_fireFunction_Repeat_Repeat$__f_sL_9.class
-rw-rw-r--   1 travis travis    475 Jul 11 02:11 Repeat$_initialize_Repeat$__i_sL_2.class
-rw-rw-r--   1 travis travis   1281 Jul 11 02:10 Repeat.mk
-rw-rw-r--   1 travis travis    520 Jul 11 02:11 Repeat$_preinitializeMethod_Repeat$__p_sL_0.class
-rw-rw-r--   1 travis travis   1083 Jul 11 02:11 Repeat$_Repeat$_fireFunction_Repeat_AddSubtract_Repeat.class
-rw-rw-r--   1 travis travis    791 Jul 11 02:11 Repeat$_Repeat$_fireFunction_Repeat_AddSubtract_Repeat$__f_sL_0.class
-rw-rw-r--   1 travis travis    909 Jul 11 02:11 Repeat$_Repeat$_fireFunction_Repeat_AddSubtract_Repeat$__f_sL_1.class
-rw-rw-r--   1 travis travis    915 Jul 11 02:11 Repeat$_Repeat$_fireFunction_Repeat_AddSubtract_Repeat$__f_sL_2.class
-rw-rw-r--   1 travis travis    843 Jul 11 02:11 Repeat$_Repeat$_fireFunction_Repeat_AddSubtract_Repeat$__f_sL_3.class
-rw-rw-r--   1 travis travis    738 Jul 11 02:11 Repeat$_Repeat$_fireFunction_Repeat_Ramp2_Repeat$__f_sL_0.class
-rw-rw-r--   1 travis travis    869 Jul 11 02:11 Repeat$_Repeat$_fireFunction_Repeat_Test_Repeat$__f_sL_0.class
-rw-rw-r--   1 travis travis    615 Jul 11 02:11 Repeat$_Repeat$_fireFunction_Repeat_Test_Repeat$__f_sL_1.class
-rw-rw-r--   1 travis travis    685 Jul 11 02:11 Repeat$_Repeat_SDF_Director_run_Repeat$__R_sL_0.class
-rw-rw-r--   1 travis travis    686 Jul 11 02:11 Repeat$_Repeat_SDF_Director_run_Repeat$__R_sL_11.class
-rw-rw-r--   1 travis travis    542 Jul 11 02:11 Repeat$_Repeat_SDF_Director_run_Repeat$__R_sL_13.class
-rw-rw-r--   1 travis travis    540 Jul 11 02:11 Repeat$_Repeat_SDF_Director_run_Repeat$__R_sL_2.class
-rw-rw-r--   1 travis travis    684 Jul 11 02:11 Repeat$_Repeat_SDF_Director_run_Repeat$__R_sL_3.class
-rw-rw-r--   1 travis travis    540 Jul 11 02:11 Repeat$_Repeat_SDF_Director_run_Repeat$__R_sL_5.class
-rw-rw-r--   1 travis travis    540 Jul 11 02:11 Repeat$_Repeat_SDF_Director_run_Repeat$__R_sL_8.class
drwxrwxr-x   2 travis travis   4096 Jul 11 02:11 RepeatVariables
-rw-rw-r--   1 travis travis    863 Jul 11 02:11 Repeat$_varinit_Repeat.class
-rw-rw-r--   1 travis travis    531 Jul 11 02:11 Repeat$_varinit_Repeat$__v_sL_2.class
-rw-rw-r--   1 travis travis    905 Jul 11 02:11 Repeat$_varinit_Repeat$__v_sL_4.class
-rw-rw-r--   1 travis travis    959 Jul 11 02:11 Repeat$_wrapup_Repeat$__w_sL_1.class
drwxrwxr-x   3 travis travis  20480 Jul 11 02:06 Sinewave
drwxrwxr-x   3 travis travis  32768 Jul 11 02:08 StringFunction
drwxrwxr-x   3 travis travis  12288 Jul 11 02:08 StringLength
drwxrwxr-x   3 travis travis  61440 Jul 11 02:09 StringMatches2
drwxrwxr-x   3 travis travis  61440 Jul 11 02:09 StringSimpleReplace
drwxrwxr-x   3 travis travis  65536 Jul 11 02:09 StringSubstring
drwxrwxr-x   3 travis travis  24576 Jul 11 02:09 StringSubstring2
drwxrwxr-x   3 travis travis  16384 Jul 11 02:10 time1
drwxrwxr-x   3 travis travis  12288 Jul 11 02:10 time5
-rw-rw-r--   1 travis travis    432 Jul 11 02:13 Token.class
-rw-rw-r--   1 travis travis    251 Jul 11 02:13 Token.java
-rwxrwxr-x   1 travis travis 466992 Jul 11 02:03 top
-rw-rw-r--   1 travis travis  20502 Jul 11 02:03 top.c
-rw-rw-r--   1 travis travis   3799 Jul 11 02:11 top.class
-rw-rw-r--   1 travis travis   1257 Jul 11 02:11 top.mk
All Done
Writing ModularCodeGenPubSub_A1.java in file:/home/travis/cg/ (9060 characters)
Reading "ptolemy/cg/kernel/generic/program/procedural/java/modular/makefile.in",
    writing "/home/travis/cg/ModularCodeGenPubSub_A1.mk"
Using ptolemy/cg/kernel/generic/program/procedural/java/modular/makefile.in
In "/home/travis/cg", about to execute:
    make -f ModularCodeGenPubSub_A1.mk
javac -classpath ".:.."    ModularCodeGenPubSub_A1.java
All Done
3385 ms. Memory: 193536K Free: 123300K (64%)
----------------- Invoking toplevel() on ptolemy.moml.MoMLSimpleApplication@cfc9d46
----------------- Done invoking toplevel() on ptolemy.moml.MoMLSimpleApplication@cfc9d46
reloadAllAccessors: .ModularCodeGenPubSub

===========================================================================================
----------------- testing Thu Jul 11 02:13:20 UTC 2019 /home/travis/build/icyphy/ptII/ptolemy/cg/lib/test/auto/ModularCodeGenPubSub2.xml
----------------- Instantiating /home/travis/build/icyphy/ptII/ptolemy/cg/lib/test/auto/ModularCodeGenPubSub2.xml
In "/home/travis/cg", about to execute:
    pwd
In "/home/travis/cg", about to execute:
    ls -l
/home/travis/cg
In "/home/travis/cg", about to execute:
total 2432
drwxrwxr-x   3 travis travis  12288 Jul 11 02:04 AbsoluteValue
drwxrwxr-x   3 travis travis 102400 Jul 11 02:03 AllColt
-rw-rw-r--   1 travis travis    233 Jul 11 02:13 Array.class
-rw-rw-r--   1 travis travis    459 Jul 11 02:13 Array.java
drwxrwxr-x   3 travis travis  12288 Jul 11 02:04 Case1
-rw-rw-r--   1 travis travis   5104 Jul 11 02:11 CompiledCompositeActor_CompiledCompositeActor.class
-rw-rw-r--   1 travis travis   1592 Jul 11 02:11 CompiledCompositeActor_CompiledCompositeActor$_CompiledCompositeActor_CompiledCompositeActor.class
-rw-rw-r--   1 travis travis  13466 Jul 11 02:11 CompiledCompositeActor_CompiledCompositeActor.java
-rw-rw-r--   1 travis travis   1593 Jul 11 02:11 CompiledCompositeActor_CompiledCompositeActor.mk
drwxrwxr-x   5 travis travis   4096 Jul 11 02:03 fmi
drwxrwxr-x   3 travis travis  16384 Jul 11 02:05 Gaussian2
-rw-rw-r--   1 travis travis   4660 Jul 11 02:11 JavaCompiledCompositeTest1_CompiledCompositeActor.class
-rw-rw-r--   1 travis travis  11637 Jul 11 02:11 JavaCompiledCompositeTest1_CompiledCompositeActor.java
-rw-rw-r--   1 travis travis   1198 Jul 11 02:11 JavaCompiledCompositeTest1_CompiledCompositeActor$_JavaCompiledCompositeTest1_CompiledCompositeActor.class
-rw-rw-r--   1 travis travis   1625 Jul 11 02:11 JavaCompiledCompositeTest1_CompiledCompositeActor.mk
-rw-rw-r--   1 travis travis   5091 Jul 11 02:11 JavaCompiledCompositeTest2_CompiledCompositeActor.class
-rw-rw-r--   1 travis travis  14919 Jul 11 02:11 JavaCompiledCompositeTest2_CompiledCompositeActor.java
-rw-rw-r--   1 travis travis   1793 Jul 11 02:11 JavaCompiledCompositeTest2_CompiledCompositeActor$_JavaCompiledCompositeTest2_CompiledCompositeActor.class
-rw-rw-r--   1 travis travis   1625 Jul 11 02:11 JavaCompiledCompositeTest2_CompiledCompositeActor.mk
-rw-rw-r--   1 travis travis   4708 Jul 11 02:11 JavaCompiledCompositeTest3_CompiledCompositeActor.class
-rw-rw-r--   1 travis travis  13080 Jul 11 02:11 JavaCompiledCompositeTest3_CompiledCompositeActor.java
-rw-rw-r--   1 travis travis   1378 Jul 11 02:11 JavaCompiledCompositeTest3_CompiledCompositeActor$_JavaCompiledCompositeTest3_CompiledCompositeActor.class
-rw-rw-r--   1 travis travis   1625 Jul 11 02:11 JavaCompiledCompositeTest3_CompiledCompositeActor.mk
-rw-rw-r--   1 travis travis   4159 Jul 11 02:11 JavaCompiledCompositeTest4_CompiledCompositeActor.class
-rw-rw-r--   1 travis travis   9687 Jul 11 02:11 JavaCompiledCompositeTest4_CompiledCompositeActor.java
    javac -classpath
.:/home/travis/build/icyphy/ptII:/home/travis/build/icyphy/ptII/lib/bsh-2.0b4.j
ar:/home/travis/build/icyphy/ptII/lib/ptCal.jar:/home/travis/build/icyphy/ptII/
lib/java_cup.jar:/home/travis/build/icyphy/ptII/lib/saxon8.jar:/home/travis/bui
ld/icyphy/ptII/lib/saxon8-dom.jar:/home/travis/build/icyphy/ptII/lib/chic.jar:/
home/travis/build/icyphy/ptII/lib/ptcolt.jar:/home/travis/build/icyphy/ptII/ven
dors/misc/itext/iText.jar:/home/travis/build/icyphy/ptII/lib/g4ltl.jar:/home/tr
avis/build/icyphy/ptII/lib/StructuralCoder.jar:/home/travis/build/icyphy/ptII/v
endors/jai-1_1_2_01/lib/jai_core.jar:/home/travis/build/icyphy/ptII/vendors/jai
-1_1_2_01/lib/jai_codec.jar:/home/travis/build/icyphy/ptII/lib/jcerti.jar:/home
/travis/build/icyphy/ptII/lib/javax.mail.jar:/usr/share/java/openjfx/jre/lib/ex
t/jfxrt.jar:/usr/lib/jvm/java-8-openjdk-amd64/jre/lib/ext/jfxrt.jar:/home/travi
s/build/icyphy/ptII/vendors/JMF-2.1.1e/lib/jmf.jar:/home/travis/build/icyphy/pt
II/lib/jna-4.0.0-variadic.jar:/home/travis/build/icyphy/ptII/vendors/misc/joyst
ick/Joystick.jar:/home/travis/build/icyphy/ptII/lib/ptjacl.jar:/home/travis/bui
ld/icyphy/ptII/lib/jsoup-1.8.2.jar:/home/travis/build/icyphy/ptII/lib/junit-4.8
.2.jar:/home/travis/build/icyphy/ptII/lib/JUnitParams-0.4.0.jar:/home/travis/bu
ild/icyphy/ptII/ptolemy/actor/lib/excel/jxl.jar:/home/travis/build/icyphy/ptII/
lib/jython.jar:/home/travis/build/icyphy/ptII/lib/kieler.jar:/home/travis/build
/icyphy/ptII/lib/opencv-341.jar:/home/travis/build/icyphy/ptII/lib/oscP5.jar:/h
ome/travis/build/icyphy/ptII/lib/nrjavaserial-3.11.0.devel.jar:/home/travis/bui
ld/icyphy/ptII/vendors/j3d/lib/j3dcore.jar:/home/travis/build/icyphy/ptII/vendo
rs/j3d/lib/j3dutils.jar:/home/travis/build/icyphy/ptII/vendors/j3d/lib/vecmath.
jar:/home/travis/build/icyphy/ptII/ptolemy/distributed/jini/jar/jini-core.jar:/
home/travis/build/icyphy/ptII/ptolemy/distributed/jini/jar/jini-ext.jar:/home/t
ravis/build/icyphy/ptII/ptolemy/distributed/jini/jar/sun-util.jar:/home/travis/
build/icyphy/ptII/lib/protobuf-java-2.4.1.jar:/home/travis/build/icyphy/ptII/li
b/org.eclipse.paho.client.mqttv3.jar:/home/travis/build/icyphy/ptII/lib/mapss.j
ar:/home/travis/build/icyphy/ptII/ptolemy/actor/ptalon/antlr/antlr.jar:/home/tr
avis/build/icyphy/ptII/lib/JRI.jar:/home/travis/build/icyphy/ptII/lib/commons-l
ang-2.6.jar:/home/travis/build/icyphy/ptII/lib/commons-logging-1.1.1.jar:/home/
travis/build/icyphy/ptII/lib/sootclasses.jar:/home/travis/build/icyphy/ptII/pto
lemy/actor/lib/database/mysql-connector-java-5.1.6-bin.jar:/home/travis/build/i
cyphy/ptII/vendors/misc/sphinx4/sphinx4-data-5prealpha.jar:/home/travis/build/i
cyphy/ptII/vendors/misc/sphinx4/sphinx4-core-5prealpha.jar:/home/travis/build/i
cyphy/ptII/lib/PDFRenderer.jar:/home/travis/build/icyphy/ptII/lib/svgSalamander
.jar:/home/travis/build/icyphy/ptII/lib/rsyntaxtextarea-2.6.0-SNAPSHOT.jar:/hom
e/travis/build/icyphy/ptII/lib/hazelcast-3.8.2.jar:/home/travis/build/icyphy/pt
II/lib/jackson-annotations-2.9.0.jar:/home/travis/build/icyphy/ptII/lib/jackson
-core-2.9.3.jar:/home/travis/build/icyphy/ptII/lib/jackson-databind-2.9.3.jar:/
home/travis/build/icyphy/ptII/lib/netty-buffer-4.1.19.Final.jar:/home/travis/bu
ild/icyphy/ptII/lib/netty-codec-4.1.19.Final.jar:/home/travis/build/icyphy/ptII
/lib/netty-codec-dns-4.1.19.Final.jar:/home/travis/build/icyphy/ptII/lib/netty-
codec-http-4.1.19.Final.jar:/home/travis/build/icyphy/ptII/lib/netty-codec-http
2-4.1.19.Final.jar:/home/travis/build/icyphy/ptII/lib/netty-common-4.1.19.Final
.jar:/home/travis/build/icyphy/ptII/lib/netty-handler-4.1.19.Final.jar:/home/tr
avis/build/icyphy/ptII/lib/netty-resolver-4.1.19.Final.jar:/home/travis/build/i
cyphy/ptII/lib/netty-resolver-dns-4.1.19.Final.jar:/home/travis/build/icyphy/pt
II/lib/netty-transport-4.1.19.Final.jar:/home/travis/build/icyphy/ptII/lib/vert
x-codegen-3.5.1.jar:/home/travis/build/icyphy/ptII/lib/vertx-core-3.5.2-SNAPSHO
T.jar:/home/travis/build/icyphy/ptII/lib/vertx-hazelcast-3.5.1.jar:/home/travis
/build/icyphy/ptII/lib/vertx-lang-js-3.5.1.jar:/home/travis/build/icyphy/ptII/l
ib/vertx-service-proxy-3.5.1.jar:/home/travis/build/icyphy/ptII/lib/vertx-web-3
.5.1.jar:/home/travis/build/icyphy/ptII/lib/slf4j-api-1.7.13.jar:/home/travis/b
uild/icyphy/ptII/lib/slf4j-simple-1.7.13.jar:/home/travis/build/icyphy/ptII/lib
/webcam-capture-0.3.12.jar:/home/travis/build/icyphy/ptII/lib/bridj-0.7.0.jar:/
home/travis/build/icyphy/ptII/lib/xbjlib-1.1.0.nrjavaserial.jar:/home/travis/bu
ild/icyphy/ptII/ptolemy/moml/test:/home/travis/build/icyphy/ptII/ant/lib/ant-la
uncher.jar:/home/travis/build/icyphy/ptII/ant/lib/ant.jar:/home/travis/build/ic
yphy/ptII/ant/lib/ant-junit.jar:/home/travis/build/icyphy/ptII/ant/lib/ant-juni
t4.jar:/home/travis/build/icyphy/ptII ModularCodeGenPubSub2_A1_A_profile.java
-rw-rw-r--   1 travis travis    857 Jul 11 02:11 JavaCompiledCompositeTest4_CompiledCompositeActor$_JavaCompiledCompositeTest4_CompiledCompositeActor.class
-rw-rw-r--   1 travis travis   1625 Jul 11 02:11 JavaCompiledCompositeTest4_CompiledCompositeActor.mk
drwxrwxr-x   3 travis travis  12288 Jul 11 02:05 LookupTable
drwxrwxr-x   3 travis travis  20480 Jul 11 02:05 MaxIndex
-rw-rw-r--   1 travis travis   3925 Jul 11 02:11 ModularCG_A1_B1.class
-rw-rw-r--   1 travis travis   9730 Jul 11 02:11 ModularCG_A1_B1.java
-rw-rw-r--   1 travis travis    832 Jul 11 02:11 ModularCG_A1_B1.mk
-rw-rw-r--   1 travis travis   1318 Jul 11 02:11 ModularCG_A1_B1_profile.class
-rw-rw-r--   1 travis travis   1262 Jul 11 02:11 ModularCG_A1_B1_profile.java
-rw-rw-r--   1 travis travis   3925 Jul 11 02:11 ModularCG_A1_B2.class
-rw-rw-r--   1 travis travis   9730 Jul 11 02:11 ModularCG_A1_B2.java
-rw-rw-r--   1 travis travis    832 Jul 11 02:11 ModularCG_A1_B2.mk
-rw-rw-r--   1 travis travis   1318 Jul 11 02:11 ModularCG_A1_B2_profile.class
-rw-rw-r--   1 travis travis   1262 Jul 11 02:11 ModularCG_A1_B2_profile.java
-rw-rw-r--   1 travis travis   5031 Jul 11 02:11 ModularCG_A1.class
-rw-rw-r--   1 travis travis  14742 Jul 11 02:11 ModularCG_A1.java
-rw-rw-r--   1 travis travis    808 Jul 11 02:11 ModularCG_A1.mk
-rw-rw-r--   1 travis travis   1433 Jul 11 02:11 ModularCG_A1_profile.class
-rw-rw-r--   1 travis travis   1704 Jul 11 02:11 ModularCG_A1_profile.java
-rw-rw-r--   1 travis travis   4059 Jul 11 02:11 ModularCG_A2_B1.class
-rw-rw-r--   1 travis travis  10667 Jul 11 02:11 ModularCG_A2_B1.java
-rw-rw-r--   1 travis travis    832 Jul 11 02:11 ModularCG_A2_B1.mk
-rw-rw-r--   1 travis travis   1381 Jul 11 02:11 ModularCG_A2_B1_profile.class
-rw-rw-r--   1 travis travis   1446 Jul 11 02:11 ModularCG_A2_B1_profile.java
-rw-rw-r--   1 travis travis   3925 Jul 11 02:11 ModularCG_A2_B2.class
-rw-rw-r--   1 travis travis   9730 Jul 11 02:11 ModularCG_A2_B2.java
-rw-rw-r--   1 travis travis    832 Jul 11 02:11 ModularCG_A2_B2.mk
-rw-rw-r--   1 travis travis   1318 Jul 11 02:11 ModularCG_A2_B2_profile.class
-rw-rw-r--   1 travis travis   1262 Jul 11 02:11 ModularCG_A2_B2_profile.java
-rw-rw-r--   1 travis travis   5102 Jul 11 02:11 ModularCG_A2.class
-rw-rw-r--   1 travis travis  15129 Jul 11 02:11 ModularCG_A2.java
-rw-rw-r--   1 travis travis    808 Jul 11 02:11 ModularCG_A2.mk
-rw-rw-r--   1 travis travis   1433 Jul 11 02:11 ModularCG_A2_profile.class
-rw-rw-r--   1 travis travis   1704 Jul 11 02:11 ModularCG_A2_profile.java
-rw-rw-r--   1 travis travis   3705 Jul 11 02:12 ModularCGPubSub_A1_A2.class
-rw-rw-r--   1 travis travis   9076 Jul 11 02:11 ModularCGPubSub_A1_A2.java
-rw-rw-r--   1 travis travis    880 Jul 11 02:11 ModularCGPubSub_A1_A2.mk
-rw-rw-r--   1 travis travis   1300 Jul 11 02:11 ModularCGPubSub_A1_A2_profile.class
-rw-rw-r--   1 travis travis   1222 Jul 11 02:11 ModularCGPubSub_A1_A2_profile.java
-rw-rw-r--   1 travis travis   4022 Jul 11 02:12 ModularCGPubSub_A1.class
-rw-rw-r--   1 travis travis   9836 Jul 11 02:12 ModularCGPubSub_A1.java
-rw-rw-r--   1 travis travis    856 Jul 11 02:12 ModularCGPubSub_A1.mk
-rw-rw-r--   1 travis travis   1346 Jul 11 02:12 ModularCGPubSub_A1_profile.class
-rw-rw-r--   1 travis travis   1388 Jul 11 02:12 ModularCGPubSub_A1_profile.java
-rw-rw-r--   1 travis travis   4220 Jul 11 02:12 ModularCodeGen2_ModularCodeGenTypedCompositeActor.class
-rw-rw-r--   1 travis travis  11690 Jul 11 02:12 ModularCodeGen2_ModularCodeGenTypedCompositeActor.java
-rw-rw-r--   1 travis travis   1104 Jul 11 02:12 ModularCodeGen2_ModularCodeGenTypedCompositeActor.mk
-rw-rw-r--   1 travis travis   4504 Jul 11 02:12 ModularCodeGen2_ModularCodeGenTypedCompositeActor_ModularCodeGenTypedCompositeActor.class
-rw-rw-r--   1 travis travis  11790 Jul 11 02:12 ModularCodeGen2_ModularCodeGenTypedCompositeActor_ModularCodeGenTypedCompositeActor.java
-rw-rw-r--   1 travis travis   1376 Jul 11 02:12 ModularCodeGen2_ModularCodeGenTypedCompositeActor_ModularCodeGenTypedCompositeActor.mk
-rw-rw-r--   1 travis travis   1421 Jul 11 02:12 ModularCodeGen2_ModularCodeGenTypedCompositeActor_ModularCodeGenTypedCompositeActor_profile.class
-rw-rw-r--   1 travis travis   1294 Jul 11 02:12 ModularCodeGen2_ModularCodeGenTypedCompositeActor_ModularCodeGenTypedCompositeActor_profile.java
-rw-rw-r--   1 travis travis    820 Jul 11 02:12 ModularCodeGen2_ModularCodeGenTypedCompositeActor_profile.class
-rw-rw-r--   1 travis travis    693 Jul 11 02:12 ModularCodeGen2_ModularCodeGenTypedCompositeActor_profile.java
-rw-rw-r--   1 travis travis   3973 Jul 11 02:12 ModularCodeGen3_A1_B1.class
-rw-rw-r--   1 travis travis   9958 Jul 11 02:12 ModularCodeGen3_A1_B1.java
-rw-rw-r--   1 travis travis    880 Jul 11 02:12 ModularCodeGen3_A1_B1.mk
-rw-rw-r--   1 travis travis   1330 Jul 11 02:12 ModularCodeGen3_A1_B1_profile.class
-rw-rw-r--   1 travis travis   1274 Jul 11 02:12 ModularCodeGen3_A1_B1_profile.java
-rw-rw-r--   1 travis travis   3973 Jul 11 02:12 ModularCodeGen3_A1_B2.class
-rw-rw-r--   1 travis travis   9958 Jul 11 02:12 ModularCodeGen3_A1_B2.java
-rw-rw-r--   1 travis travis    880 Jul 11 02:12 ModularCodeGen3_A1_B2.mk
-rw-rw-r--   1 travis travis   1330 Jul 11 02:12 ModularCodeGen3_A1_B2_profile.class
-rw-rw-r--   1 travis travis   1274 Jul 11 02:12 ModularCodeGen3_A1_B2_profile.java
-rw-rw-r--   1 travis travis   5193 Jul 11 02:12 ModularCodeGen3_A1.class
-rw-rw-r--   1 travis travis  15564 Jul 11 02:12 ModularCodeGen3_A1.java
-rw-rw-r--   1 travis travis    856 Jul 11 02:12 ModularCodeGen3_A1.mk
-rw-rw-r--   1 travis travis   1445 Jul 11 02:12 ModularCodeGen3_A1_profile.class
-rw-rw-r--   1 travis travis   1716 Jul 11 02:12 ModularCodeGen3_A1_profile.java
-rw-rw-r--   1 travis travis   4119 Jul 11 02:12 ModularCodeGen3_A2_B1.class
-rw-rw-r--   1 travis travis  10955 Jul 11 02:12 ModularCodeGen3_A2_B1.java
-rw-rw-r--   1 travis travis    880 Jul 11 02:12 ModularCodeGen3_A2_B1.mk
-rw-rw-r--   1 travis travis   1393 Jul 11 02:12 ModularCodeGen3_A2_B1_profile.class
-rw-rw-r--   1 travis travis   1458 Jul 11 02:12 ModularCodeGen3_A2_B1_profile.java
-rw-rw-r--   1 travis travis   3973 Jul 11 02:12 ModularCodeGen3_A2_B2.class
-rw-rw-r--   1 travis travis   9958 Jul 11 02:12 ModularCodeGen3_A2_B2.java
-rw-rw-r--   1 travis travis    880 Jul 11 02:12 ModularCodeGen3_A2_B2.mk
-rw-rw-r--   1 travis travis   1330 Jul 11 02:12 ModularCodeGen3_A2_B2_profile.class
-rw-rw-r--   1 travis travis   1274 Jul 11 02:12 ModularCodeGen3_A2_B2_profile.java
-rw-rw-r--   1 travis travis   5270 Jul 11 02:12 ModularCodeGen3_A2.class
-rw-rw-r--   1 travis travis  15957 Jul 11 02:12 ModularCodeGen3_A2.java
-rw-rw-r--   1 travis travis    856 Jul 11 02:12 ModularCodeGen3_A2.mk
-rw-rw-r--   1 travis travis   1445 Jul 11 02:12 ModularCodeGen3_A2_profile.class
-rw-rw-r--   1 travis travis   1716 Jul 11 02:12 ModularCodeGen3_A2_profile.java
-rw-rw-r--   1 travis travis   4026 Jul 11 02:12 ModularCodeGen4_A1_B1.class
-rw-rw-r--   1 travis travis  10312 Jul 11 02:12 ModularCodeGen4_A1_B1.java
-rw-rw-r--   1 travis travis    880 Jul 11 02:12 ModularCodeGen4_A1_B1.mk
-rw-rw-r--   1 travis travis   1330 Jul 11 02:12 ModularCodeGen4_A1_B1_profile.class
-rw-rw-r--   1 travis travis   1273 Jul 11 02:12 ModularCodeGen4_A1_B1_profile.java
-rw-rw-r--   1 travis travis   4026 Jul 11 02:12 ModularCodeGen4_A1_B2.class
-rw-rw-r--   1 travis travis  10312 Jul 11 02:12 ModularCodeGen4_A1_B2.java
-rw-rw-r--   1 travis travis    880 Jul 11 02:12 ModularCodeGen4_A1_B2.mk
-rw-rw-r--   1 travis travis   1330 Jul 11 02:12 ModularCodeGen4_A1_B2_profile.class
-rw-rw-r--   1 travis travis   1273 Jul 11 02:12 ModularCodeGen4_A1_B2_profile.java
-rw-rw-r--   1 travis travis   5333 Jul 11 02:12 ModularCodeGen4_A1.class
-rw-rw-r--   1 travis travis  16245 Jul 11 02:12 ModularCodeGen4_A1.java
-rw-rw-r--   1 travis travis    856 Jul 11 02:12 ModularCodeGen4_A1.mk
-rw-rw-r--   1 travis travis   1445 Jul 11 02:12 ModularCodeGen4_A1_profile.class
-rw-rw-r--   1 travis travis   1712 Jul 11 02:12 ModularCodeGen4_A1_profile.java
-rw-rw-r--   1 travis travis   4220 Jul 11 02:12 ModularCodeGen4_A2_B1.class
-rw-rw-r--   1 travis travis  11375 Jul 11 02:12 ModularCodeGen4_A2_B1.java
-rw-rw-r--   1 travis travis    880 Jul 11 02:12 ModularCodeGen4_A2_B1.mk
-rw-rw-r--   1 travis travis   1393 Jul 11 02:12 ModularCodeGen4_A2_B1_profile.class
-rw-rw-r--   1 travis travis   1454 Jul 11 02:12 ModularCodeGen4_A2_B1_profile.java
-rw-rw-r--   1 travis travis   4074 Jul 11 02:12 ModularCodeGen4_A2_B2.class
-rw-rw-r--   1 travis travis  10378 Jul 11 02:12 ModularCodeGen4_A2_B2.java
-rw-rw-r--   1 travis travis    880 Jul 11 02:12 ModularCodeGen4_A2_B2.mk
-rw-rw-r--   1 travis travis   1330 Jul 11 02:12 ModularCodeGen4_A2_B2_profile.class
-rw-rw-r--   1 travis travis   1270 Jul 11 02:12 ModularCodeGen4_A2_B2_profile.java
-rw-rw-r--   1 travis travis   5506 Jul 11 02:12 ModularCodeGen4_A2.class
-rw-rw-r--   1 travis travis  16770 Jul 11 02:12 ModularCodeGen4_A2.java
-rw-rw-r--   1 travis travis    856 Jul 11 02:12 ModularCodeGen4_A2.mk
-rw-rw-r--   1 travis travis   1445 Jul 11 02:12 ModularCodeGen4_A2_profile.class
-rw-rw-r--   1 travis travis   1712 Jul 11 02:12 ModularCodeGen4_A2_profile.java
-rw-rw-r--   1 travis travis   7070 Jul 11 02:12 ModularCodeGen5_A_A.class
-rw-rw-r--   1 travis travis  28721 Jul 11 02:12 ModularCodeGen5_A_A.java
-rw-rw-r--   1 travis travis    864 Jul 11 02:12 ModularCodeGen5_A_A.mk
-rw-rw-r--   1 travis travis   1520 Jul 11 02:12 ModularCodeGen5_A_A_profile.class
-rw-rw-r--   1 travis travis   1815 Jul 11 02:12 ModularCodeGen5_A_A_profile.java
-rw-rw-r--   1 travis travis   5347 Jul 11 02:13 ModularCodeGen5_A.class
-rw-rw-r--   1 travis travis  13769 Jul 11 02:12 ModularCodeGen5_A.java
-rw-rw-r--   1 travis travis    848 Jul 11 02:12 ModularCodeGen5_A.mk
-rw-rw-r--   1 travis travis   1422 Jul 11 02:12 ModularCodeGen5_A_profile.class
-rw-rw-r--   1 travis travis   1605 Jul 11 02:12 ModularCodeGen5_A_profile.java
-rw-rw-r--   1 travis travis   4357 Jul 11 02:13 ModularCodeGen6_A_A2.class
-rw-rw-r--   1 travis travis  11329 Jul 11 02:13 ModularCodeGen6_A_A2.java
-rw-rw-r--   1 travis travis    872 Jul 11 02:13 ModularCodeGen6_A_A2.mk
-rw-rw-r--   1 travis travis   1351 Jul 11 02:13 ModularCodeGen6_A_A2_profile.class
-rw-rw-r--   1 travis travis   1364 Jul 11 02:13 ModularCodeGen6_A_A2_profile.java
-rw-rw-r--   1 travis travis   4340 Jul 11 02:13 ModularCodeGen6_A_A.class
-rw-rw-r--   1 travis travis  11221 Jul 11 02:13 ModularCodeGen6_A_A.java
-rw-rw-r--   1 travis travis    864 Jul 11 02:13 ModularCodeGen6_A_A.mk
-rw-rw-r--   1 travis travis   1348 Jul 11 02:13 ModularCodeGen6_A_A_profile.class
-rw-rw-r--   1 travis travis   1361 Jul 11 02:13 ModularCodeGen6_A_A_profile.java
-rw-rw-r--   1 travis travis   7469 Jul 11 02:13 ModularCodeGen6_A.class
-rw-rw-r--   1 travis travis  26535 Jul 11 02:13 ModularCodeGen6_A.java
-rw-rw-r--   1 travis travis    848 Jul 11 02:13 ModularCodeGen6_A.mk
-rw-rw-r--   1 travis travis   1483 Jul 11 02:13 ModularCodeGen6_A_profile.class
-rw-rw-r--   1 travis travis   1810 Jul 11 02:13 ModularCodeGen6_A_profile.java
-rw-rw-r--   1 travis travis   9633 Jul 11 02:13 ModularCodeGenLazyPubSubGlobal_CompositeActor_ModularCodeGenTypedComposite.class
-rw-rw-r--   1 travis travis  30161 Jul 11 02:13 ModularCodeGenLazyPubSubGlobal_CompositeActor_ModularCodeGenTypedComposite.java
-rw-rw-r--   1 travis travis   1304 Jul 11 02:13 ModularCodeGenLazyPubSubGlobal_CompositeActor_ModularCodeGenTypedComposite.mk
-rw-rw-r--   1 travis travis   1438 Jul 11 02:13 ModularCodeGenLazyPubSubGlobal_CompositeActor_ModularCodeGenTypedComposite_profile.class
-rw-rw-r--   1 travis travis   1384 Jul 11 02:13 ModularCodeGenLazyPubSubGlobal_CompositeActor_ModularCodeGenTypedComposite_profile.java
-rw-rw-r--   1 travis travis   4184 Jul 11 02:13 ModularCodeGenLazyPubSub_LazyCompositeActor.class
-rw-rw-r--   1 travis travis  11122 Jul 11 02:13 ModularCodeGenLazyPubSub_LazyCompositeActor.java
-rw-rw-r--   1 travis travis   1056 Jul 11 02:13 ModularCodeGenLazyPubSub_LazyCompositeActor.mk
-rw-rw-r--   1 travis travis   1286 Jul 11 02:13 ModularCodeGenLazyPubSub_LazyCompositeActor_profile.class
-rw-rw-r--   1 travis travis   1091 Jul 11 02:13 ModularCodeGenLazyPubSub_LazyCompositeActor_profile.java
-rw-rw-r--   1 travis travis   4186 Jul 11 02:12 ModularCodeGen_ModularCodeGenTypedCompositeActor.class
-rw-rw-r--   1 travis travis  10970 Jul 11 02:12 ModularCodeGen_ModularCodeGenTypedCompositeActor.java
-rw-rw-r--   1 travis travis   1096 Jul 11 02:12 ModularCodeGen_ModularCodeGenTypedCompositeActor.mk
-rw-rw-r--   1 travis travis   1384 Jul 11 02:12 ModularCodeGen_ModularCodeGenTypedCompositeActor_profile.class
-rw-rw-r--   1 travis travis   1328 Jul 11 02:12 ModularCodeGen_ModularCodeGenTypedCompositeActor_profile.java
-rw-rw-r--   1 travis travis   1128 Jul 11 02:13 ModularCodeGenPubSub2_A1_A_profile.java
-rw-rw-r--   1 travis travis   3707 Jul 11 02:13 ModularCodeGenPubSub_A1.class
-rw-rw-r--   1 travis travis   9060 Jul 11 02:13 ModularCodeGenPubSub_A1.java
-rw-rw-r--   1 travis travis    896 Jul 11 02:13 ModularCodeGenPubSub_A1.mk
-rw-rw-r--   1 travis travis   1278 Jul 11 02:13 ModularCodeGenPubSub_A1_profile.class
-rw-rw-r--   1 travis travis   1195 Jul 11 02:13 ModularCodeGenPubSub_A1_profile.java
-rw-rw-r--   1 travis travis   3724 Jul 11 02:11 ModularCodeGenTest_A1_A2.class
-rw-rw-r--   1 travis travis   9164 Jul 11 02:11 ModularCodeGenTest_A1_A2.java
-rw-rw-r--   1 travis travis   1306 Jul 11 02:11 ModularCodeGenTest_A1_A2_profile.class
-rw-rw-r--   1 travis travis   4055 Jul 11 02:11 ModularCodeGenTest_A1.class
-rw-rw-r--   1 travis travis   9968 Jul 11 02:11 ModularCodeGenTest_A1.java
-rw-rw-r--   1 travis travis    880 Jul 11 02:11 ModularCodeGenTest_A1.mk
-rw-rw-r--   1 travis travis   1352 Jul 11 02:11 ModularCodeGenTest_A1_profile.class
-rw-rw-r--   1 travis travis   1394 Jul 11 02:11 ModularCodeGenTest_A1_profile.java
drwxrwxr-x   3 travis travis  32768 Jul 11 02:10 modulation2
drwxrwxr-x 139 travis travis  12288 Jul 11 02:11 node_modules
drwxrwxr-x   3 travis travis  20480 Jul 11 02:06 PhaseUnwrap
drwxrwxr-x   3 travis travis  12288 Jul 11 02:06 ReadFile1
-rw-rw-r--   1 travis travis     11 Jul 11 02:06 ReadFile1Output.txt
-rw-rw-r--   1 travis travis   9615 Jul 11 02:11 Repeat.class
-rw-rw-r--   1 travis travis    666 Jul 11 02:11 Repeat$_fireFunction_Repeat_Repeat$__f_sL_11.class
-rw-rw-r--   1 travis travis    522 Jul 11 02:11 Repeat$_fireFunction_Repeat_Repeat$__f_sL_12.class
-rw-rw-r--   1 travis travis    522 Jul 11 02:11 Repeat$_fireFunction_Repeat_Repeat$__f_sL_13.class
-rw-rw-r--   1 travis travis    522 Jul 11 02:11 Repeat$_fireFunction_Repeat_Repeat$__f_sL_14.class
-rw-rw-r--   1 travis travis    665 Jul 11 02:11 Repeat$_fireFunction_Repeat_Repeat$__f_sL_1.class
-rw-rw-r--   1 travis travis    664 Jul 11 02:11 Repeat$_fireFunction_Repeat_Repeat$__f_sL_4.class
-rw-rw-r--   1 travis travis    520 Jul 11 02:11 Repeat$_fireFunction_Repeat_Repeat$__f_sL_9.class
-rw-rw-r--   1 travis travis    475 Jul 11 02:11 Repeat$_initialize_Repeat$__i_sL_2.class
-rw-rw-r--   1 travis travis   1281 Jul 11 02:10 Repeat.mk
-rw-rw-r--   1 travis travis    520 Jul 11 02:11 Repeat$_preinitializeMethod_Repeat$__p_sL_0.class
-rw-rw-r--   1 travis travis   1083 Jul 11 02:11 Repeat$_Repeat$_fireFunction_Repeat_AddSubtract_Repeat.class
-rw-rw-r--   1 travis travis    791 Jul 11 02:11 Repeat$_Repeat$_fireFunction_Repeat_AddSubtract_Repeat$__f_sL_0.class
-rw-rw-r--   1 travis travis    909 Jul 11 02:11 Repeat$_Repeat$_fireFunction_Repeat_AddSubtract_Repeat$__f_sL_1.class
-rw-rw-r--   1 travis travis    915 Jul 11 02:11 Repeat$_Repeat$_fireFunction_Repeat_AddSubtract_Repeat$__f_sL_2.class
-rw-rw-r--   1 travis travis    843 Jul 11 02:11 Repeat$_Repeat$_fireFunction_Repeat_AddSubtract_Repeat$__f_sL_3.class
-rw-rw-r--   1 travis travis    738 Jul 11 02:11 Repeat$_Repeat$_fireFunction_Repeat_Ramp2_Repeat$__f_sL_0.class
-rw-rw-r--   1 travis travis    869 Jul 11 02:11 Repeat$_Repeat$_fireFunction_Repeat_Test_Repeat$__f_sL_0.class
-rw-rw-r--   1 travis travis    615 Jul 11 02:11 Repeat$_Repeat$_fireFunction_Repeat_Test_Repeat$__f_sL_1.class
-rw-rw-r--   1 travis travis    685 Jul 11 02:11 Repeat$_Repeat_SDF_Director_run_Repeat$__R_sL_0.class
-rw-rw-r--   1 travis travis    686 Jul 11 02:11 Repeat$_Repeat_SDF_Director_run_Repeat$__R_sL_11.class
-rw-rw-r--   1 travis travis    542 Jul 11 02:11 Repeat$_Repeat_SDF_Director_run_Repeat$__R_sL_13.class
-rw-rw-r--   1 travis travis    540 Jul 11 02:11 Repeat$_Repeat_SDF_Director_run_Repeat$__R_sL_2.class
-rw-rw-r--   1 travis travis    684 Jul 11 02:11 Repeat$_Repeat_SDF_Director_run_Repeat$__R_sL_3.class
-rw-rw-r--   1 travis travis    540 Jul 11 02:11 Repeat$_Repeat_SDF_Director_run_Repeat$__R_sL_5.class
-rw-rw-r--   1 travis travis    540 Jul 11 02:11 Repeat$_Repeat_SDF_Director_run_Repeat$__R_sL_8.class
drwxrwxr-x   2 travis travis   4096 Jul 11 02:11 RepeatVariables
-rw-rw-r--   1 travis travis    863 Jul 11 02:11 Repeat$_varinit_Repeat.class
-rw-rw-r--   1 travis travis    531 Jul 11 02:11 Repeat$_varinit_Repeat$__v_sL_2.class
-rw-rw-r--   1 travis travis    905 Jul 11 02:11 Repeat$_varinit_Repeat$__v_sL_4.class
-rw-rw-r--   1 travis travis    959 Jul 11 02:11 Repeat$_wrapup_Repeat$__w_sL_1.class
drwxrwxr-x   3 travis travis  20480 Jul 11 02:06 Sinewave
drwxrwxr-x   3 travis travis  32768 Jul 11 02:08 StringFunction
drwxrwxr-x   3 travis travis  12288 Jul 11 02:08 StringLength
drwxrwxr-x   3 travis travis  61440 Jul 11 02:09 StringMatches2
drwxrwxr-x   3 travis travis  61440 Jul 11 02:09 StringSimpleReplace
drwxrwxr-x   3 travis travis  65536 Jul 11 02:09 StringSubstring
drwxrwxr-x   3 travis travis  24576 Jul 11 02:09 StringSubstring2
drwxrwxr-x   3 travis travis  16384 Jul 11 02:10 time1
drwxrwxr-x   3 travis travis  12288 Jul 11 02:10 time5
-rw-rw-r--   1 travis travis    432 Jul 11 02:13 Token.class
-rw-rw-r--   1 travis travis    251 Jul 11 02:13 Token.java
-rwxrwxr-x   1 travis travis 466992 Jul 11 02:03 top
-rw-rw-r--   1 travis travis  20502 Jul 11 02:03 top.c
-rw-rw-r--   1 travis travis   3799 Jul 11 02:11 top.class
-rw-rw-r--   1 travis travis   1257 Jul 11 02:11 top.mk
All Done
Writing ModularCodeGenPubSub2_A1_A.java in file:/home/travis/cg/ (8578 characters)
Reading "ptolemy/cg/kernel/generic/program/procedural/java/modular/makefile.in",
    writing "/home/travis/cg/ModularCodeGenPubSub2_A1_A.mk"
Using ptolemy/cg/kernel/generic/program/procedural/java/modular/makefile.in
In "/home/travis/cg", about to execute:
    make -f ModularCodeGenPubSub2_A1_A.mk
javac -classpath ".:.."    ModularCodeGenPubSub2_A1_A.java
All Done
In "/home/travis/cg", about to execute:
    pwd
/home/travis/cg
In "/home/travis/cg", about to execute:
    ls -l
total 2460
drwxrwxr-x   3 travis travis  12288 Jul 11 02:04 AbsoluteValue
drwxrwxr-x   3 travis travis 102400 Jul 11 02:03 AllColt
-rw-rw-r--   1 travis travis    233 Jul 11 02:13 Array.class
-rw-rw-r--   1 travis travis    459 Jul 11 02:13 Array.java
drwxrwxr-x   3 travis travis  12288 Jul 11 02:04 Case1
-rw-rw-r--   1 travis travis   5104 Jul 11 02:11 CompiledCompositeActor_CompiledCompositeActor.class
-rw-rw-r--   1 travis travis   1592 Jul 11 02:11 CompiledCompositeActor_CompiledCompositeActor$_CompiledCompositeActor_CompiledCompositeActor.class
-rw-rw-r--   1 travis travis  13466 Jul 11 02:11 CompiledCompositeActor_CompiledCompositeActor.java
-rw-rw-r--   1 travis travis   1593 Jul 11 02:11 CompiledCompositeActor_CompiledCompositeActor.mk
drwxrwxr-x   5 travis travis   4096 Jul 11 02:03 fmi
drwxrwxr-x   3 travis travis  16384 Jul 11 02:05 Gaussian2
-rw-rw-r--   1 travis travis   4660 Jul 11 02:11 JavaCompiledCompositeTest1_CompiledCompositeActor.class
-rw-rw-r--   1 travis travis  11637 Jul 11 02:11 JavaCompiledCompositeTest1_CompiledCompositeActor.java
-rw-rw-r--   1 travis travis   1198 Jul 11 02:11 JavaCompiledCompositeTest1_CompiledCompositeActor$_JavaCompiledCompositeTest1_CompiledCompositeActor.class
-rw-rw-r--   1 travis travis   1625 Jul 11 02:11 JavaCompiledCompositeTest1_CompiledCompositeActor.mk
-rw-rw-r--   1 travis travis   5091 Jul 11 02:11 JavaCompiledCompositeTest2_CompiledCompositeActor.class
-rw-rw-r--   1 travis travis  14919 Jul 11 02:11 JavaCompiledCompositeTest2_CompiledCompositeActor.java
-rw-rw-r--   1 travis travis   1793 Jul 11 02:11 JavaCompiledCompositeTest2_CompiledCompositeActor$_JavaCompiledCompositeTest2_CompiledCompositeActor.class
-rw-rw-r--   1 travis travis   1625 Jul 11 02:11 JavaCompiledCompositeTest2_CompiledCompositeActor.mk
-rw-rw-r--   1 travis travis   4708 Jul 11 02:11 JavaCompiledCompositeTest3_CompiledCompositeActor.class
-rw-rw-r--   1 travis travis  13080 Jul 11 02:11 JavaCompiledCompositeTest3_CompiledCompositeActor.java
-rw-rw-r--   1 travis travis   1378 Jul 11 02:11 JavaCompiledCompositeTest3_CompiledCompositeActor$_JavaCompiledCompositeTest3_CompiledCompositeActor.class
-rw-rw-r--   1 travis travis   1625 Jul 11 02:11 JavaCompiledCompositeTest3_CompiledCompositeActor.mk
-rw-rw-r--   1 travis travis   4159 Jul 11 02:11 JavaCompiledCompositeTest4_CompiledCompositeActor.class
-rw-rw-r--   1 travis travis   9687 Jul 11 02:11 JavaCompiledCompositeTest4_CompiledCompositeActor.java
-rw-rw-r--   1 travis travis    857 Jul 11 02:11 JavaCompiledCompositeTest4_CompiledCompositeActor$_JavaCompiledCompositeTest4_CompiledCompositeActor.class
-rw-rw-r--   1 travis travis   1625 Jul 11 02:11 JavaCompiledCompositeTest4_CompiledCompositeActor.mk
drwxrwxr-x   3 travis travis  12288 Jul 11 02:05 LookupTable
drwxrwxr-x   3 travis travis  20480 Jul 11 02:05 MaxIndex
-rw-rw-r--   1 travis travis   3925 Jul 11 02:11 ModularCG_A1_B1.class
-rw-rw-r--   1 travis travis   9730 Jul 11 02:11 ModularCG_A1_B1.java
-rw-rw-r--   1 travis travis    832 Jul 11 02:11 ModularCG_A1_B1.mk
-rw-rw-r--   1 travis travis   1318 Jul 11 02:11 ModularCG_A1_B1_profile.class
-rw-rw-r--   1 travis travis   1262 Jul 11 02:11 ModularCG_A1_B1_profile.java
-rw-rw-r--   1 travis travis   3925 Jul 11 02:11 ModularCG_A1_B2.class
-rw-rw-r--   1 travis travis   9730 Jul 11 02:11 ModularCG_A1_B2.java
-rw-rw-r--   1 travis travis    832 Jul 11 02:11 ModularCG_A1_B2.mk
-rw-rw-r--   1 travis travis   1318 Jul 11 02:11 ModularCG_A1_B2_profile.class
-rw-rw-r--   1 travis travis   1262 Jul 11 02:11 ModularCG_A1_B2_profile.java
-rw-rw-r--   1 travis travis   5031 Jul 11 02:11 ModularCG_A1.class
-rw-rw-r--   1 travis travis  14742 Jul 11 02:11 ModularCG_A1.java
-rw-rw-r--   1 travis travis    808 Jul 11 02:11 ModularCG_A1.mk
-rw-rw-r--   1 travis travis   1433 Jul 11 02:11 ModularCG_A1_profile.class
-rw-rw-r--   1 travis travis   1704 Jul 11 02:11 ModularCG_A1_profile.java
-rw-rw-r--   1 travis travis   4059 Jul 11 02:11 ModularCG_A2_B1.class
-rw-rw-r--   1 travis travis  10667 Jul 11 02:11 ModularCG_A2_B1.java
-rw-rw-r--   1 travis travis    832 Jul 11 02:11 ModularCG_A2_B1.mk
-rw-rw-r--   1 travis travis   1381 Jul 11 02:11 ModularCG_A2_B1_profile.class
-rw-rw-r--   1 travis travis   1446 Jul 11 02:11 ModularCG_A2_B1_profile.java
-rw-rw-r--   1 travis travis   3925 Jul 11 02:11 ModularCG_A2_B2.class
-rw-rw-r--   1 travis travis   9730 Jul 11 02:11 ModularCG_A2_B2.java
-rw-rw-r--   1 travis travis    832 Jul 11 02:11 ModularCG_A2_B2.mk
-rw-rw-r--   1 travis travis   1318 Jul 11 02:11 ModularCG_A2_B2_profile.class
-rw-rw-r--   1 travis travis   1262 Jul 11 02:11 ModularCG_A2_B2_profile.java
-rw-rw-r--   1 travis travis   5102 Jul 11 02:11 ModularCG_A2.class
-rw-rw-r--   1 travis travis  15129 Jul 11 02:11 ModularCG_A2.java
-rw-rw-r--   1 travis travis    808 Jul 11 02:11 ModularCG_A2.mk
-rw-rw-r--   1 travis travis   1433 Jul 11 02:11 ModularCG_A2_profile.class
-rw-rw-r--   1 travis travis   1704 Jul 11 02:11 ModularCG_A2_profile.java
-rw-rw-r--   1 travis travis   3705 Jul 11 02:12 ModularCGPubSub_A1_A2.class
-rw-rw-r--   1 travis travis   9076 Jul 11 02:11 ModularCGPubSub_A1_A2.java
-rw-rw-r--   1 travis travis    880 Jul 11 02:11 ModularCGPubSub_A1_A2.mk
-rw-rw-r--   1 travis travis   1300 Jul 11 02:11 ModularCGPubSub_A1_A2_profile.class
-rw-rw-r--   1 travis travis   1222 Jul 11 02:11 ModularCGPubSub_A1_A2_profile.java
-rw-rw-r--   1 travis travis   4022 Jul 11 02:12 ModularCGPubSub_A1.class
-rw-rw-r--   1 travis travis   9836 Jul 11 02:12 ModularCGPubSub_A1.java
-rw-rw-r--   1 travis travis    856 Jul 11 02:12 ModularCGPubSub_A1.mk
-rw-rw-r--   1 travis travis   1346 Jul 11 02:12 ModularCGPubSub_A1_profile.class
-rw-rw-r--   1 travis travis   1388 Jul 11 02:12 ModularCGPubSub_A1_profile.java
-rw-rw-r--   1 travis travis   4220 Jul 11 02:12 ModularCodeGen2_ModularCodeGenTypedCompositeActor.class
-rw-rw-r--   1 travis travis  11690 Jul 11 02:12 ModularCodeGen2_ModularCodeGenTypedCompositeActor.java
-rw-rw-r--   1 travis travis   1104 Jul 11 02:12 ModularCodeGen2_ModularCodeGenTypedCompositeActor.mk
-rw-rw-r--   1 travis travis   4504 Jul 11 02:12 ModularCodeGen2_ModularCodeGenTypedCompositeActor_ModularCodeGenTypedCompositeActor.class
-rw-rw-r--   1 travis travis  11790 Jul 11 02:12 ModularCodeGen2_ModularCodeGenTypedCompositeActor_ModularCodeGenTypedCompositeActor.java
-rw-rw-r--   1 travis travis   1376 Jul 11 02:12 ModularCodeGen2_ModularCodeGenTypedCompositeActor_ModularCodeGenTypedCompositeActor.mk
-rw-rw-r--   1 travis travis   1421 Jul 11 02:12 ModularCodeGen2_ModularCodeGenTypedCompositeActor_ModularCodeGenTypedCompositeActor_profile.class
-rw-rw-r--   1 travis travis   1294 Jul 11 02:12 ModularCodeGen2_ModularCodeGenTypedCompositeActor_ModularCodeGenTypedCompositeActor_profile.java
-rw-rw-r--   1 travis travis    820 Jul 11 02:12 ModularCodeGen2_ModularCodeGenTypedCompositeActor_profile.class
-rw-rw-r--   1 travis travis    693 Jul 11 02:12 ModularCodeGen2_ModularCodeGenTypedCompositeActor_profile.java
-rw-rw-r--   1 travis travis   3973 Jul 11 02:12 ModularCodeGen3_A1_B1.class
-rw-rw-r--   1 travis travis   9958 Jul 11 02:12 ModularCodeGen3_A1_B1.java
-rw-rw-r--   1 travis travis    880 Jul 11 02:12 ModularCodeGen3_A1_B1.mk
-rw-rw-r--   1 travis travis   1330 Jul 11 02:12 ModularCodeGen3_A1_B1_profile.class
-rw-rw-r--   1 travis travis   1274 Jul 11 02:12 ModularCodeGen3_A1_B1_profile.java
-rw-rw-r--   1 travis travis   3973 Jul 11 02:12 ModularCodeGen3_A1_B2.class
-rw-rw-r--   1 travis travis   9958 Jul 11 02:12 ModularCodeGen3_A1_B2.java
-rw-rw-r--   1 travis travis    880 Jul 11 02:12 ModularCodeGen3_A1_B2.mk
-rw-rw-r--   1 travis travis   1330 Jul 11 02:12 ModularCodeGen3_A1_B2_profile.class
-rw-rw-r--   1 travis travis   1274 Jul 11 02:12 ModularCodeGen3_A1_B2_profile.java
-rw-rw-r--   1 travis travis   5193 Jul 11 02:12 ModularCodeGen3_A1.class
-rw-rw-r--   1 travis travis  15564 Jul 11 02:12 ModularCodeGen3_A1.java
-rw-rw-r--   1 travis travis    856 Jul 11 02:12 ModularCodeGen3_A1.mk
-rw-rw-r--   1 travis travis   1445 Jul 11 02:12 ModularCodeGen3_A1_profile.class
-rw-rw-r--   1 travis travis   1716 Jul 11 02:12 ModularCodeGen3_A1_profile.java
-rw-rw-r--   1 travis travis   4119 Jul 11 02:12 ModularCodeGen3_A2_B1.class
-rw-rw-r--   1 travis travis  10955 Jul 11 02:12 ModularCodeGen3_A2_B1.java
-rw-rw-r--   1 travis travis    880 Jul 11 02:12 ModularCodeGen3_A2_B1.mk
-rw-rw-r--   1 travis travis   1393 Jul 11 02:12 ModularCodeGen3_A2_B1_profile.class
-rw-rw-r--   1 travis travis   1458 Jul 11 02:12 ModularCodeGen3_A2_B1_profile.java
-rw-rw-r--   1 travis travis   3973 Jul 11 02:12 ModularCodeGen3_A2_B2.class
-rw-rw-r--   1 travis travis   9958 Jul 11 02:12 ModularCodeGen3_A2_B2.java
-rw-rw-r--   1 travis travis    880 Jul 11 02:12 ModularCodeGen3_A2_B2.mk
-rw-rw-r--   1 travis travis   1330 Jul 11 02:12 ModularCodeGen3_A2_B2_profile.class
-rw-rw-r--   1 travis travis   1274 Jul 11 02:12 ModularCodeGen3_A2_B2_profile.java
-rw-rw-r--   1 travis travis   5270 Jul 11 02:12 ModularCodeGen3_A2.class
-rw-rw-r--   1 travis travis  15957 Jul 11 02:12 ModularCodeGen3_A2.java
-rw-rw-r--   1 travis travis    856 Jul 11 02:12 ModularCodeGen3_A2.mk
-rw-rw-r--   1 travis travis   1445 Jul 11 02:12 ModularCodeGen3_A2_profile.class
-rw-rw-r--   1 travis travis   1716 Jul 11 02:12 ModularCodeGen3_A2_profile.java
-rw-rw-r--   1 travis travis   4026 Jul 11 02:12 ModularCodeGen4_A1_B1.class
-rw-rw-r--   1 travis travis  10312 Jul 11 02:12 ModularCodeGen4_A1_B1.java
-rw-rw-r--   1 travis travis    880 Jul 11 02:12 ModularCodeGen4_A1_B1.mk
-rw-rw-r--   1 travis travis   1330 Jul 11 02:12 ModularCodeGen4_A1_B1_profile.class
-rw-rw-r--   1 travis travis   1273 Jul 11 02:12 ModularCodeGen4_A1_B1_profile.java
-rw-rw-r--   1 travis travis   4026 Jul 11 02:12 ModularCodeGen4_A1_B2.class
-rw-rw-r--   1 travis travis  10312 Jul 11 02:12 ModularCodeGen4_A1_B2.java
-rw-rw-r--   1 travis travis    880 Jul 11 02:12 ModularCodeGen4_A1_B2.mk
-rw-rw-r--   1 travis travis   1330 Jul 11 02:12 ModularCodeGen4_A1_B2_profile.class
-rw-rw-r--   1 travis travis   1273 Jul 11 02:12 ModularCodeGen4_A1_B2_profile.java
-rw-rw-r--   1 travis travis   5333 Jul 11 02:12 ModularCodeGen4_A1.class
-rw-rw-r--   1 travis travis  16245 Jul 11 02:12 ModularCodeGen4_A1.java
-rw-rw-r--   1 travis travis    856 Jul 11 02:12 ModularCodeGen4_A1.mk
-rw-rw-r--   1 travis travis   1445 Jul 11 02:12 ModularCodeGen4_A1_profile.class
-rw-rw-r--   1 travis travis   1712 Jul 11 02:12 ModularCodeGen4_A1_profile.java
-rw-rw-r--   1 travis travis   4220 Jul 11 02:12 ModularCodeGen4_A2_B1.class
-rw-rw-r--   1 travis travis  11375 Jul 11 02:12 ModularCodeGen4_A2_B1.java
-rw-rw-r--   1 travis travis    880 Jul 11 02:12 ModularCodeGen4_A2_B1.mk
-rw-rw-r--   1 travis travis   1393 Jul 11 02:12 ModularCodeGen4_A2_B1_profile.class
-rw-rw-r--   1 travis travis   1454 Jul 11 02:12 ModularCodeGen4_A2_B1_profile.java
-rw-rw-r--   1 travis travis   4074 Jul 11 02:12 ModularCodeGen4_A2_B2.class
-rw-rw-r--   1 travis travis  10378 Jul 11 02:12 ModularCodeGen4_A2_B2.java
-rw-rw-r--   1 travis travis    880 Jul 11 02:12 ModularCodeGen4_A2_B2.mk
-rw-rw-r--   1 travis travis   1330 Jul 11 02:12 ModularCodeGen4_A2_B2_profile.class
-rw-rw-r--   1 travis travis   1270 Jul 11 02:12 ModularCodeGen4_A2_B2_profile.java
-rw-rw-r--   1 travis travis   5506 Jul 11 02:12 ModularCodeGen4_A2.class
-rw-rw-r--   1 travis travis  16770 Jul 11 02:12 ModularCodeGen4_A2.java
-rw-rw-r--   1 travis travis    856 Jul 11 02:12 ModularCodeGen4_A2.mk
-rw-rw-r--   1 travis travis   1445 Jul 11 02:12 ModularCodeGen4_A2_profile.class
-rw-rw-r--   1 travis travis   1712 Jul 11 02:12 ModularCodeGen4_A2_profile.java
-rw-rw-r--   1 travis travis   7070 Jul 11 02:12 ModularCodeGen5_A_A.class
-rw-rw-r--   1 travis travis  28721 Jul 11 02:12 ModularCodeGen5_A_A.java
-rw-rw-r--   1 travis travis    864 Jul 11 02:12 ModularCodeGen5_A_A.mk
-rw-rw-r--   1 travis travis   1520 Jul 11 02:12 ModularCodeGen5_A_A_profile.class
-rw-rw-r--   1 travis travis   1815 Jul 11 02:12 ModularCodeGen5_A_A_profile.java
-rw-rw-r--   1 travis travis   5347 Jul 11 02:13 ModularCodeGen5_A.class
-rw-rw-r--   1 travis travis  13769 Jul 11 02:12 ModularCodeGen5_A.java
-rw-rw-r--   1 travis travis    848 Jul 11 02:12 ModularCodeGen5_A.mk
-rw-rw-r--   1 travis travis   1422 Jul 11 02:12 ModularCodeGen5_A_profile.class
-rw-rw-r--   1 travis travis   1605 Jul 11 02:12 ModularCodeGen5_A_profile.java
-rw-rw-r--   1 travis travis   4357 Jul 11 02:13 ModularCodeGen6_A_A2.class
-rw-rw-r--   1 travis travis  11329 Jul 11 02:13 ModularCodeGen6_A_A2.java
-rw-rw-r--   1 travis travis    872 Jul 11 02:13 ModularCodeGen6_A_A2.mk
-rw-rw-r--   1 travis travis   1351 Jul 11 02:13 ModularCodeGen6_A_A2_profile.class
-rw-rw-r--   1 travis travis   1364 Jul 11 02:13 ModularCodeGen6_A_A2_profile.java
-rw-rw-r--   1 travis travis   4340 Jul 11 02:13 ModularCodeGen6_A_A.class
-rw-rw-r--   1 travis travis  11221 Jul 11 02:13 ModularCodeGen6_A_A.java
-rw-rw-r--   1 travis travis    864 Jul 11 02:13 ModularCodeGen6_A_A.mk
-rw-rw-r--   1 travis travis   1348 Jul 11 02:13 ModularCodeGen6_A_A_profile.class
-rw-rw-r--   1 travis travis   1361 Jul 11 02:13 ModularCodeGen6_A_A_profile.java
-rw-rw-r--   1 travis travis   7469 Jul 11 02:13 ModularCodeGen6_A.class
-rw-rw-r--   1 travis travis  26535 Jul 11 02:13 ModularCodeGen6_A.java
-rw-rw-r--   1 travis travis    848 Jul 11 02:13 ModularCodeGen6_A.mk
-rw-rw-r--   1 travis travis   1483 Jul 11 02:13 ModularCodeGen6_A_profile.class
-rw-rw-r--   1 travis travis   1810 Jul 11 02:13 ModularCodeGen6_A_profile.java
-rw-rw-r--   1 travis travis   9633 Jul 11 02:13 ModularCodeGenLazyPubSubGlobal_CompositeActor_ModularCodeGenTypedComposite.class
-rw-rw-r--   1 travis travis  30161 Jul 11 02:13 ModularCodeGenLazyPubSubGlobal_CompositeActor_ModularCodeGenTypedComposite.java
-rw-rw-r--   1 travis travis   1304 Jul 11 02:13 ModularCodeGenLazyPubSubGlobal_CompositeActor_ModularCodeGenTypedComposite.mk
-rw-rw-r--   1 travis travis   1438 Jul 11 02:13 ModularCodeGenLazyPubSubGlobal_CompositeActor_ModularCodeGenTypedComposite_profile.class
-rw-rw-r--   1 travis travis   1384 Jul 11 02:13 ModularCodeGenLazyPubSubGlobal_CompositeActor_ModularCodeGenTypedComposite_profile.java
-rw-rw-r--   1 travis travis   4184 Jul 11 02:13 ModularCodeGenLazyPubSub_LazyCompositeActor.class
-rw-rw-r--   1 travis travis  11122 Jul 11 02:13 ModularCodeGenLazyPubSub_LazyCompositeActor.java
-rw-rw-r--   1 travis travis   1056 Jul 11 02:13 ModularCodeGenLazyPubSub_LazyCompositeActor.mk
-rw-rw-r--   1 travis travis   1286 Jul 11 02:13 ModularCodeGenLazyPubSub_LazyCompositeActor_profile.class
-rw-rw-r--   1 travis travis   1091 Jul 11 02:13 ModularCodeGenLazyPubSub_LazyCompositeActor_profile.java
-rw-rw-r--   1 travis travis   4186 Jul 11 02:12 ModularCodeGen_ModularCodeGenTypedCompositeActor.class
-rw-rw-r--   1 travis travis  10970 Jul 11 02:12 ModularCodeGen_ModularCodeGenTypedCompositeActor.java
-rw-rw-r--   1 travis travis   1096 Jul 11 02:12 ModularCodeGen_ModularCodeGenTypedCompositeActor.mk
-rw-rw-r--   1 travis travis   1384 Jul 11 02:12 ModularCodeGen_ModularCodeGenTypedCompositeActor_profile.class
-rw-rw-r--   1 travis travis   1328 Jul 11 02:12 ModularCodeGen_ModularCodeGenTypedCompositeActor_profile.java
-rw-rw-r--   1 travis travis   3673 Jul 11 02:13 ModularCodeGenPubSub2_A1_A.class
-rw-rw-r--   1 travis travis   8578 Jul 11 02:13 ModularCodeGenPubSub2_A1_A.java
-rw-rw-r--   1 travis travis    920 Jul 11 02:13 ModularCodeGenPubSub2_A1_A.mk
-rw-rw-r--   1 travis travis   1274 Jul 11 02:13 ModularCodeGenPubSub2_A1_A_profile.class
-rw-rw-r--   1 travis travis   1128 Jul 11 02:13 ModularCodeGenPubSub2_A1_A_profile.java
-rw-rw-r--   1 travis travis   1196 Jul 11 02:13 ModularCodeGenPubSub2_A1_profile.java
-rw-rw-r--   1 travis travis   3707 Jul 11 02:13 ModularCodeGenPubSub_A1.class
-rw-rw-r--   1 travis travis   9060 Jul 11 02:13 ModularCodeGenPubSub_A1.java
-rw-rw-r--   1 travis travis    896 Jul 11 02:13 ModularCodeGenPubSub_A1.mk
-rw-rw-r--   1 travis travis   1278 Jul 11 02:13 ModularCodeGenPubSub_A1_profile.class
-rw-rw-r--   1 travis travis   1195 Jul 11 02:13 ModularCodeGenPubSub_A1_profile.java
-rw-rw-r--   1 travis travis   3724 Jul 11 02:11 ModularCodeGenTest_A1_A2.class
-rw-rw-r--   1 travis travis   9164 Jul 11 02:11 ModularCodeGenTest_A1_A2.java
-rw-rw-r--   1 travis travis   1306 Jul 11 02:11 ModularCodeGenTest_A1_A2_profile.class
-rw-rw-r--   1 travis travis   4055 Jul 11 02:11 ModularCodeGenTest_A1.class
-rw-rw-r--   1 travis travis   9968 Jul 11 02:11 ModularCodeGenTest_A1.java
-rw-rw-r--   1 travis travis    880 Jul 11 02:11 ModularCodeGenTest_A1.mk
-rw-rw-r--   1 travis travis   1352 Jul 11 02:11 ModularCodeGenTest_A1_profile.class
-rw-rw-r--   1 travis travis   1394 Jul 11 02:11 ModularCodeGenTest_A1_profile.java
drwxrwxr-x   3 travis travis  32768 Jul 11 02:10 modulation2
drwxrwxr-x 139 travis travis  12288 Jul 11 02:11 node_modules
drwxrwxr-x   3 travis travis  20480 Jul 11 02:06 PhaseUnwrap
drwxrwxr-x   3 travis travis  12288 Jul 11 02:06 ReadFile1
-rw-rw-r--   1 travis travis     11 Jul 11 02:06 ReadFile1Output.txt
-rw-rw-r--   1 travis travis   9615 Jul 11 02:11 Repeat.class
-rw-rw-r--   1 travis travis    666 Jul 11 02:11 Repeat$_fireFunction_Repeat_Repeat$__f_sL_11.class
-rw-rw-r--   1 travis travis    522 Jul 11 02:11 Repeat$_fireFunction_Repeat_Repeat$__f_sL_12.class
-rw-rw-r--   1 travis travis    522 Jul 11 02:11 Repeat$_fireFunction_Repeat_Repeat$__f_sL_13.class
-rw-rw-r--   1 travis travis    522 Jul 11 02:11 Repeat$_fireFunction_Repeat_Repeat$__f_sL_14.class
-rw-rw-r--   1 travis travis    665 Jul 11 02:11 Repeat$_fireFunction_Repeat_Repeat$__f_sL_1.class
-rw-rw-r--   1 travis travis    664 Jul 11 02:11 Repeat$_fireFunction_Repeat_Repeat$__f_sL_4.class
-rw-rw-r--   1 travis travis    520 Jul 11 02:11 Repeat$_fireFunction_Repeat_Repeat$__f_sL_9.class
-rw-rw-r--   1 travis travis    475 Jul 11 02:11 Repeat$_initialize_Repeat$__i_sL_2.class
-rw-rw-r--   1 travis travis   1281 Jul 11 02:10 Repeat.mk
-rw-rw-r--   1 travis travis    520 Jul 11 02:11 Repeat$_preinitializeMethod_Repeat$__p_sL_0.class
-rw-rw-r--   1 travis travis   1083 Jul 11 02:11 Repeat$_Repeat$_fireFunction_Repeat_AddSubtract_Repeat.class
-rw-rw-r--   1 travis travis    791 Jul 11 02:11 Repeat$_Repeat$_fireFunction_Repeat_AddSubtract_Repeat$__f_sL_0.class
-rw-rw-r--   1 travis travis    909 Jul 11 02:11 Repeat$_Repeat$_fireFunction_Repeat_AddSubtract_Repeat$__f_sL_1.class
-rw-rw-r--   1 travis travis    915 Jul 11 02:11 Repeat$_Repeat$_fireFunction_Repeat_AddSubtract_Repeat$__f_sL_2.class
-rw-rw-r--   1 travis travis    843 Jul 11 02:11 Repeat$_Repeat$_fireFunction_Repeat_AddSubtract_Repeat$__f_sL_3.class
-rw-rw-r--   1 travis travis    738 Jul 11 02:11 Repeat$_Repeat$_fireFunction_Repeat_Ramp2_Repeat$__f_sL_0.class
-rw-rw-r--   1 travis travis    869 Jul 11 02:11 Repeat$_Repeat$_fireFunction_Repeat_Test_Repeat$__f_sL_0.class
-rw-rw-r--   1 travis travis    615 Jul 11 02:11 Repeat$_Repeat$_fireFunction_Repeat_Test_Repeat$__f_sL_1.class
-rw-rw-r--   1 travis travis    685 Jul 11 02:11 Repeat$_Repeat_SDF_Director_run_Repeat$__R_sL_0.class
-rw-rw-r--   1 travis travis    686 Jul 11 02:11 Repeat$_Repeat_SDF_Director_run_Repeat$__R_sL_11.class
-rw-rw-r--   1 travis travis    542 Jul 11 02:11 Repeat$_Repeat_SDF_Director_run_Repeat$__R_sL_13.class
-rw-rw-r--   1 travis travis    540 Jul 11 02:11 Repeat$_Repeat_SDF_Director_run_Repeat$__R_sL_2.class
-rw-rw-r--   1 travis travis    684 Jul 11 02:11 Repeat$_Repeat_SDF_Director_run_Repeat$__R_sL_3.class
-rw-rw-r--   1 travis travis    540 Jul 11 02:11 Repeat$_Repeat_SDF_Director_run_Repeat$__R_sL_5.class
-rw-rw-r--   1 travis travis    540 Jul 11 02:11 Repeat$_Repeat_SDF_Director_run_Repeat$__R_sL_8.class
drwxrwxr-x   2 travis travis   4096 Jul 11 02:11 RepeatVariables
-rw-rw-r--   1 travis travis    863 Jul 11 02:11 Repeat$_varinit_Repeat.class
-rw-rw-r--   1 travis travis    531 Jul 11 02:11 Repeat$_varinit_Repeat$__v_sL_2.class
-rw-rw-r--   1 travis travis    905 Jul 11 02:11 Repeat$_varinit_Repeat$__v_sL_4.class
-rw-rw-r--   1 travis travis    959 Jul 11 02:11 Repeat$_wrapup_Repeat$__w_sL_1.class
drwxrwxr-x   3 travis travis  20480 Jul 11 02:06 Sinewave
drwxrwxr-x   3 travis travis  32768 Jul 11 02:08 StringFunction
drwxrwxr-x   3 travis travis  12288 Jul 11 02:08 StringLength
drwxrwxr-x   3 travis travis  61440 Jul 11 02:09 StringMatches2
drwxrwxr-x   3 travis travis  61440 Jul 11 02:09 StringSimpleReplace
drwxrwxr-x   3 travis travis  65536 Jul 11 02:09 StringSubstring
drwxrwxr-x   3 travis travis  24576 Jul 11 02:09 StringSubstring2
drwxrwxr-x   3 travis travis  16384 Jul 11 02:10 time1
drwxrwxr-x   3 travis travis  12288 Jul 11 02:10 time5
-rw-rw-r--   1 travis travis    432 Jul 11 02:13 Token.class
-rw-rw-r--   1 travis travis    251 Jul 11 02:13 Token.java
-rwxrwxr-x   1 travis travis 466992 Jul 11 02:03 top
-rw-rw-r--   1 travis travis  20502 Jul 11 02:03 top.c
-rw-rw-r--   1 travis travis   3799 Jul 11 02:11 top.class
-rw-rw-r--   1 travis travis   1257 Jul 11 02:11 top.mk
In "/home/travis/cg", about to execute:
    javac -classpath
.:/home/travis/build/icyphy/ptII:/home/travis/build/icyphy/ptII/lib/bsh-2.0b4.j
ar:/home/travis/build/icyphy/ptII/lib/ptCal.jar:/home/travis/build/icyphy/ptII/
lib/java_cup.jar:/home/travis/build/icyphy/ptII/lib/saxon8.jar:/home/travis/bui
ld/icyphy/ptII/lib/saxon8-dom.jar:/home/travis/build/icyphy/ptII/lib/chic.jar:/
home/travis/build/icyphy/ptII/lib/ptcolt.jar:/home/travis/build/icyphy/ptII/ven
dors/misc/itext/iText.jar:/home/travis/build/icyphy/ptII/lib/g4ltl.jar:/home/tr
avis/build/icyphy/ptII/lib/StructuralCoder.jar:/home/travis/build/icyphy/ptII/v
endors/jai-1_1_2_01/lib/jai_core.jar:/home/travis/build/icyphy/ptII/vendors/jai
-1_1_2_01/lib/jai_codec.jar:/home/travis/build/icyphy/ptII/lib/jcerti.jar:/home
/travis/build/icyphy/ptII/lib/javax.mail.jar:/usr/share/java/openjfx/jre/lib/ex
t/jfxrt.jar:/usr/lib/jvm/java-8-openjdk-amd64/jre/lib/ext/jfxrt.jar:/home/travi
s/build/icyphy/ptII/vendors/JMF-2.1.1e/lib/jmf.jar:/home/travis/build/icyphy/pt
II/lib/jna-4.0.0-variadic.jar:/home/travis/build/icyphy/ptII/vendors/misc/joyst
ick/Joystick.jar:/home/travis/build/icyphy/ptII/lib/ptjacl.jar:/home/travis/bui
ld/icyphy/ptII/lib/jsoup-1.8.2.jar:/home/travis/build/icyphy/ptII/lib/junit-4.8
.2.jar:/home/travis/build/icyphy/ptII/lib/JUnitParams-0.4.0.jar:/home/travis/bu
ild/icyphy/ptII/ptolemy/actor/lib/excel/jxl.jar:/home/travis/build/icyphy/ptII/
lib/jython.jar:/home/travis/build/icyphy/ptII/lib/kieler.jar:/home/travis/build
/icyphy/ptII/lib/opencv-341.jar:/home/travis/build/icyphy/ptII/lib/oscP5.jar:/h
ome/travis/build/icyphy/ptII/lib/nrjavaserial-3.11.0.devel.jar:/home/travis/bui
ld/icyphy/ptII/vendors/j3d/lib/j3dcore.jar:/home/travis/build/icyphy/ptII/vendo
rs/j3d/lib/j3dutils.jar:/home/travis/build/icyphy/ptII/vendors/j3d/lib/vecmath.
jar:/home/travis/build/icyphy/ptII/ptolemy/distributed/jini/jar/jini-core.jar:/
home/travis/build/icyphy/ptII/ptolemy/distributed/jini/jar/jini-ext.jar:/home/t
ravis/build/icyphy/ptII/ptolemy/distributed/jini/jar/sun-util.jar:/home/travis/
build/icyphy/ptII/lib/protobuf-java-2.4.1.jar:/home/travis/build/icyphy/ptII/li
b/org.eclipse.paho.client.mqttv3.jar:/home/travis/build/icyphy/ptII/lib/mapss.j
ar:/home/travis/build/icyphy/ptII/ptolemy/actor/ptalon/antlr/antlr.jar:/home/tr
avis/build/icyphy/ptII/lib/JRI.jar:/home/travis/build/icyphy/ptII/lib/commons-l
ang-2.6.jar:/home/travis/build/icyphy/ptII/lib/commons-logging-1.1.1.jar:/home/
travis/build/icyphy/ptII/lib/sootclasses.jar:/home/travis/build/icyphy/ptII/pto
lemy/actor/lib/database/mysql-connector-java-5.1.6-bin.jar:/home/travis/build/i
cyphy/ptII/vendors/misc/sphinx4/sphinx4-data-5prealpha.jar:/home/travis/build/i
cyphy/ptII/vendors/misc/sphinx4/sphinx4-core-5prealpha.jar:/home/travis/build/i
cyphy/ptII/lib/PDFRenderer.jar:/home/travis/build/icyphy/ptII/lib/svgSalamander
.jar:/home/travis/build/icyphy/ptII/lib/rsyntaxtextarea-2.6.0-SNAPSHOT.jar:/hom
e/travis/build/icyphy/ptII/lib/hazelcast-3.8.2.jar:/home/travis/build/icyphy/pt
II/lib/jackson-annotations-2.9.0.jar:/home/travis/build/icyphy/ptII/lib/jackson
-core-2.9.3.jar:/home/travis/build/icyphy/ptII/lib/jackson-databind-2.9.3.jar:/
home/travis/build/icyphy/ptII/lib/netty-buffer-4.1.19.Final.jar:/home/travis/bu
ild/icyphy/ptII/lib/netty-codec-4.1.19.Final.jar:/home/travis/build/icyphy/ptII
/lib/netty-codec-dns-4.1.19.Final.jar:/home/travis/build/icyphy/ptII/lib/netty-
codec-http-4.1.19.Final.jar:/home/travis/build/icyphy/ptII/lib/netty-codec-http
2-4.1.19.Final.jar:/home/travis/build/icyphy/ptII/lib/netty-common-4.1.19.Final
.jar:/home/travis/build/icyphy/ptII/lib/netty-handler-4.1.19.Final.jar:/home/tr
avis/build/icyphy/ptII/lib/netty-resolver-4.1.19.Final.jar:/home/travis/build/i
cyphy/ptII/lib/netty-resolver-dns-4.1.19.Final.jar:/home/travis/build/icyphy/pt
II/lib/netty-transport-4.1.19.Final.jar:/home/travis/build/icyphy/ptII/lib/vert
x-codegen-3.5.1.jar:/home/travis/build/icyphy/ptII/lib/vertx-core-3.5.2-SNAPSHO
T.jar:/home/travis/build/icyphy/ptII/lib/vertx-hazelcast-3.5.1.jar:/home/travis
/build/icyphy/ptII/lib/vertx-lang-js-3.5.1.jar:/home/travis/build/icyphy/ptII/l
ib/vertx-service-proxy-3.5.1.jar:/home/travis/build/icyphy/ptII/lib/vertx-web-3
.5.1.jar:/home/travis/build/icyphy/ptII/lib/slf4j-api-1.7.13.jar:/home/travis/b
uild/icyphy/ptII/lib/slf4j-simple-1.7.13.jar:/home/travis/build/icyphy/ptII/lib
/webcam-capture-0.3.12.jar:/home/travis/build/icyphy/ptII/lib/bridj-0.7.0.jar:/
home/travis/build/icyphy/ptII/lib/xbjlib-1.1.0.nrjavaserial.jar:/home/travis/bu
ild/icyphy/ptII/ptolemy/moml/test:/home/travis/build/icyphy/ptII/ant/lib/ant-la
uncher.jar:/home/travis/build/icyphy/ptII/ant/lib/ant.jar:/home/travis/build/ic
yphy/ptII/ant/lib/ant-junit.jar:/home/travis/build/icyphy/ptII/ant/lib/ant-juni
t4.jar:/home/travis/build/icyphy/ptII ModularCodeGenPubSub2_A1_profile.java
All Done
Writing ModularCodeGenPubSub2_A1.java in file:/home/travis/cg/ (9781 characters)
Reading "ptolemy/cg/kernel/generic/program/procedural/java/modular/makefile.in",
    writing "/home/travis/cg/ModularCodeGenPubSub2_A1.mk"
Using ptolemy/cg/kernel/generic/program/procedural/java/modular/makefile.in
In "/home/travis/cg", about to execute:
    make -f ModularCodeGenPubSub2_A1.mk
javac -classpath ".:.."    ModularCodeGenPubSub2_A1.java
All Done
6404 ms. Memory: 193536K Free: 78080K (40%)
----------------- Invoking toplevel() on ptolemy.moml.MoMLSimpleApplication@18ba2838
----------------- Done invoking toplevel() on ptolemy.moml.MoMLSimpleApplication@18ba2838
reloadAllAccessors: .ModularCodeGenPubSub2

===========================================================================================
----------------- testing Thu Jul 11 02:13:26 UTC 2019 /home/travis/build/icyphy/ptII/ptolemy/cg/lib/test/auto/ModularCodeGenPubSub3.xml
----------------- Instantiating /home/travis/build/icyphy/ptII/ptolemy/cg/lib/test/auto/ModularCodeGenPubSub3.xml
In "/home/travis/cg", about to execute:
    pwd
/home/travis/cg
In "/home/travis/cg", about to execute:
    ls -l
total 2488
drwxrwxr-x   3 travis travis  12288 Jul 11 02:04 AbsoluteValue
drwxrwxr-x   3 travis travis 102400 Jul 11 02:03 AllColt
-rw-rw-r--   1 travis travis    233 Jul 11 02:13 Array.class
-rw-rw-r--   1 travis travis    459 Jul 11 02:13 Array.java
drwxrwxr-x   3 travis travis  12288 Jul 11 02:04 Case1
-rw-rw-r--   1 travis travis   5104 Jul 11 02:11 CompiledCompositeActor_CompiledCompositeActor.class
-rw-rw-r--   1 travis travis   1592 Jul 11 02:11 CompiledCompositeActor_CompiledCompositeActor$_CompiledCompositeActor_CompiledCompositeActor.class
-rw-rw-r--   1 travis travis  13466 Jul 11 02:11 CompiledCompositeActor_CompiledCompositeActor.java
-rw-rw-r--   1 travis travis   1593 Jul 11 02:11 CompiledCompositeActor_CompiledCompositeActor.mk
drwxrwxr-x   5 travis travis   4096 Jul 11 02:03 fmi
drwxrwxr-x   3 travis travis  16384 Jul 11 02:05 Gaussian2
-rw-rw-r--   1 travis travis   4660 Jul 11 02:11 JavaCompiledCompositeTest1_CompiledCompositeActor.class
-rw-rw-r--   1 travis travis  11637 Jul 11 02:11 JavaCompiledCompositeTest1_CompiledCompositeActor.java
-rw-rw-r--   1 travis travis   1198 Jul 11 02:11 JavaCompiledCompositeTest1_CompiledCompositeActor$_JavaCompiledCompositeTest1_CompiledCompositeActor.class
-rw-rw-r--   1 travis travis   1625 Jul 11 02:11 JavaCompiledCompositeTest1_CompiledCompositeActor.mk
-rw-rw-r--   1 travis travis   5091 Jul 11 02:11 JavaCompiledCompositeTest2_CompiledCompositeActor.class
-rw-rw-r--   1 travis travis  14919 Jul 11 02:11 JavaCompiledCompositeTest2_CompiledCompositeActor.java
-rw-rw-r--   1 travis travis   1793 Jul 11 02:11 JavaCompiledCompositeTest2_CompiledCompositeActor$_JavaCompiledCompositeTest2_CompiledCompositeActor.class
-rw-rw-r--   1 travis travis   1625 Jul 11 02:11 JavaCompiledCompositeTest2_CompiledCompositeActor.mk
-rw-rw-r--   1 travis travis   4708 Jul 11 02:11 JavaCompiledCompositeTest3_CompiledCompositeActor.class
-rw-rw-r--   1 travis travis  13080 Jul 11 02:11 JavaCompiledCompositeTest3_CompiledCompositeActor.java
-rw-rw-r--   1 travis travis   1378 Jul 11 02:11 JavaCompiledCompositeTest3_CompiledCompositeActor$_JavaCompiledCompositeTest3_CompiledCompositeActor.class
-rw-rw-r--   1 travis travis   1625 Jul 11 02:11 JavaCompiledCompositeTest3_CompiledCompositeActor.mk
-rw-rw-r--   1 travis travis   4159 Jul 11 02:11 JavaCompiledCompositeTest4_CompiledCompositeActor.class
-rw-rw-r--   1 travis travis   9687 Jul 11 02:11 JavaCompiledCompositeTest4_CompiledCompositeActor.java
-rw-rw-r--   1 travis travis    857 Jul 11 02:11 JavaCompiledCompositeTest4_CompiledCompositeActor$_JavaCompiledCompositeTest4_CompiledCompositeActor.class
-rw-rw-r--   1 travis travis   1625 Jul 11 02:11 JavaCompiledCompositeTest4_CompiledCompositeActor.mk
drwxrwxr-x   3 travis travis  12288 Jul 11 02:05 LookupTable
drwxrwxr-x   3 travis travis  20480 Jul 11 02:05 MaxIndex
-rw-rw-r--   1 travis travis   3925 Jul 11 02:11 ModularCG_A1_B1.class
-rw-rw-r--   1 travis travis   9730 Jul 11 02:11 ModularCG_A1_B1.java
-rw-rw-r--   1 travis travis    832 Jul 11 02:11 ModularCG_A1_B1.mk
-rw-rw-r--   1 travis travis   1318 Jul 11 02:11 ModularCG_A1_B1_profile.class
-rw-rw-r--   1 travis travis   1262 Jul 11 02:11 ModularCG_A1_B1_profile.java
-rw-rw-r--   1 travis travis   3925 Jul 11 02:11 ModularCG_A1_B2.class
-rw-rw-r--   1 travis travis   9730 Jul 11 02:11 ModularCG_A1_B2.java
-rw-rw-r--   1 travis travis    832 Jul 11 02:11 ModularCG_A1_B2.mk
-rw-rw-r--   1 travis travis   1318 Jul 11 02:11 ModularCG_A1_B2_profile.class
-rw-rw-r--   1 travis travis   1262 Jul 11 02:11 ModularCG_A1_B2_profile.java
-rw-rw-r--   1 travis travis   5031 Jul 11 02:11 ModularCG_A1.class
-rw-rw-r--   1 travis travis  14742 Jul 11 02:11 ModularCG_A1.java
-rw-rw-r--   1 travis travis    808 Jul 11 02:11 ModularCG_A1.mk
-rw-rw-r--   1 travis travis   1433 Jul 11 02:11 ModularCG_A1_profile.class
-rw-rw-r--   1 travis travis   1704 Jul 11 02:11 ModularCG_A1_profile.java
-rw-rw-r--   1 travis travis   4059 Jul 11 02:11 ModularCG_A2_B1.class
-rw-rw-r--   1 travis travis  10667 Jul 11 02:11 ModularCG_A2_B1.java
-rw-rw-r--   1 travis travis    832 Jul 11 02:11 ModularCG_A2_B1.mk
-rw-rw-r--   1 travis travis   1381 Jul 11 02:11 ModularCG_A2_B1_profile.class
-rw-rw-r--   1 travis travis   1446 Jul 11 02:11 ModularCG_A2_B1_profile.java
-rw-rw-r--   1 travis travis   3925 Jul 11 02:11 ModularCG_A2_B2.class
-rw-rw-r--   1 travis travis   9730 Jul 11 02:11 ModularCG_A2_B2.java
-rw-rw-r--   1 travis travis    832 Jul 11 02:11 ModularCG_A2_B2.mk
-rw-rw-r--   1 travis travis   1318 Jul 11 02:11 ModularCG_A2_B2_profile.class
-rw-rw-r--   1 travis travis   1262 Jul 11 02:11 ModularCG_A2_B2_profile.java
-rw-rw-r--   1 travis travis   5102 Jul 11 02:11 ModularCG_A2.class
-rw-rw-r--   1 travis travis  15129 Jul 11 02:11 ModularCG_A2.java
-rw-rw-r--   1 travis travis    808 Jul 11 02:11 ModularCG_A2.mk
-rw-rw-r--   1 travis travis   1433 Jul 11 02:11 ModularCG_A2_profile.class
-rw-rw-r--   1 travis travis   1704 Jul 11 02:11 ModularCG_A2_profile.java
-rw-rw-r--   1 travis travis   3705 Jul 11 02:12 ModularCGPubSub_A1_A2.class
-rw-rw-r--   1 travis travis   9076 Jul 11 02:11 ModularCGPubSub_A1_A2.java
-rw-rw-r--   1 travis travis    880 Jul 11 02:11 ModularCGPubSub_A1_A2.mk
-rw-rw-r--   1 travis travis   1300 Jul 11 02:11 ModularCGPubSub_A1_A2_profile.class
-rw-rw-r--   1 travis travis   1222 Jul 11 02:11 ModularCGPubSub_A1_A2_profile.java
-rw-rw-r--   1 travis travis   4022 Jul 11 02:12 ModularCGPubSub_A1.class
-rw-rw-r--   1 travis travis   9836 Jul 11 02:12 ModularCGPubSub_A1.java
-rw-rw-r--   1 travis travis    856 Jul 11 02:12 ModularCGPubSub_A1.mk
-rw-rw-r--   1 travis travis   1346 Jul 11 02:12 ModularCGPubSub_A1_profile.class
-rw-rw-r--   1 travis travis   1388 Jul 11 02:12 ModularCGPubSub_A1_profile.java
-rw-rw-r--   1 travis travis   4220 Jul 11 02:12 ModularCodeGen2_ModularCodeGenTypedCompositeActor.class
-rw-rw-r--   1 travis travis  11690 Jul 11 02:12 ModularCodeGen2_ModularCodeGenTypedCompositeActor.java
-rw-rw-r--   1 travis travis   1104 Jul 11 02:12 ModularCodeGen2_ModularCodeGenTypedCompositeActor.mk
-rw-rw-r--   1 travis travis   4504 Jul 11 02:12 ModularCodeGen2_ModularCodeGenTypedCompositeActor_ModularCodeGenTypedCompositeActor.class
-rw-rw-r--   1 travis travis  11790 Jul 11 02:12 ModularCodeGen2_ModularCodeGenTypedCompositeActor_ModularCodeGenTypedCompositeActor.java
-rw-rw-r--   1 travis travis   1376 Jul 11 02:12 ModularCodeGen2_ModularCodeGenTypedCompositeActor_ModularCodeGenTypedCompositeActor.mk
-rw-rw-r--   1 travis travis   1421 Jul 11 02:12 ModularCodeGen2_ModularCodeGenTypedCompositeActor_ModularCodeGenTypedCompositeActor_profile.class
-rw-rw-r--   1 travis travis   1294 Jul 11 02:12 ModularCodeGen2_ModularCodeGenTypedCompositeActor_ModularCodeGenTypedCompositeActor_profile.java
-rw-rw-r--   1 travis travis    820 Jul 11 02:12 ModularCodeGen2_ModularCodeGenTypedCompositeActor_profile.class
-rw-rw-r--   1 travis travis    693 Jul 11 02:12 ModularCodeGen2_ModularCodeGenTypedCompositeActor_profile.java
-rw-rw-r--   1 travis travis   3973 Jul 11 02:12 ModularCodeGen3_A1_B1.class
-rw-rw-r--   1 travis travis   9958 Jul 11 02:12 ModularCodeGen3_A1_B1.java
-rw-rw-r--   1 travis travis    880 Jul 11 02:12 ModularCodeGen3_A1_B1.mk
-rw-rw-r--   1 travis travis   1330 Jul 11 02:12 ModularCodeGen3_A1_B1_profile.class
-rw-rw-r--   1 travis travis   1274 Jul 11 02:12 ModularCodeGen3_A1_B1_profile.java
-rw-rw-r--   1 travis travis   3973 Jul 11 02:12 ModularCodeGen3_A1_B2.class
-rw-rw-r--   1 travis travis   9958 Jul 11 02:12 ModularCodeGen3_A1_B2.java
-rw-rw-r--   1 travis travis    880 Jul 11 02:12 ModularCodeGen3_A1_B2.mk
-rw-rw-r--   1 travis travis   1330 Jul 11 02:12 ModularCodeGen3_A1_B2_profile.class
-rw-rw-r--   1 travis travis   1274 Jul 11 02:12 ModularCodeGen3_A1_B2_profile.java
-rw-rw-r--   1 travis travis   5193 Jul 11 02:12 ModularCodeGen3_A1.class
-rw-rw-r--   1 travis travis  15564 Jul 11 02:12 ModularCodeGen3_A1.java
-rw-rw-r--   1 travis travis    856 Jul 11 02:12 ModularCodeGen3_A1.mk
-rw-rw-r--   1 travis travis   1445 Jul 11 02:12 ModularCodeGen3_A1_profile.class
-rw-rw-r--   1 travis travis   1716 Jul 11 02:12 ModularCodeGen3_A1_profile.java
-rw-rw-r--   1 travis travis   4119 Jul 11 02:12 ModularCodeGen3_A2_B1.class
-rw-rw-r--   1 travis travis  10955 Jul 11 02:12 ModularCodeGen3_A2_B1.java
-rw-rw-r--   1 travis travis    880 Jul 11 02:12 ModularCodeGen3_A2_B1.mk
In "/home/travis/cg", about to execute:
-rw-rw-r--   1 travis travis   1393 Jul 11 02:12 ModularCodeGen3_A2_B1_profile.class
-rw-rw-r--   1 travis travis   1458 Jul 11 02:12 ModularCodeGen3_A2_B1_profile.java
-rw-rw-r--   1 travis travis   3973 Jul 11 02:12 ModularCodeGen3_A2_B2.class
-rw-rw-r--   1 travis travis   9958 Jul 11 02:12 ModularCodeGen3_A2_B2.java
-rw-rw-r--   1 travis travis    880 Jul 11 02:12 ModularCodeGen3_A2_B2.mk
-rw-rw-r--   1 travis travis   1330 Jul 11 02:12 ModularCodeGen3_A2_B2_profile.class
-rw-rw-r--   1 travis travis   1274 Jul 11 02:12 ModularCodeGen3_A2_B2_profile.java
-rw-rw-r--   1 travis travis   5270 Jul 11 02:12 ModularCodeGen3_A2.class
-rw-rw-r--   1 travis travis  15957 Jul 11 02:12 ModularCodeGen3_A2.java
-rw-rw-r--   1 travis travis    856 Jul 11 02:12 ModularCodeGen3_A2.mk
-rw-rw-r--   1 travis travis   1445 Jul 11 02:12 ModularCodeGen3_A2_profile.class
-rw-rw-r--   1 travis travis   1716 Jul 11 02:12 ModularCodeGen3_A2_profile.java
-rw-rw-r--   1 travis travis   4026 Jul 11 02:12 ModularCodeGen4_A1_B1.class
-rw-rw-r--   1 travis travis  10312 Jul 11 02:12 ModularCodeGen4_A1_B1.java
-rw-rw-r--   1 travis travis    880 Jul 11 02:12 ModularCodeGen4_A1_B1.mk
-rw-rw-r--   1 travis travis   1330 Jul 11 02:12 ModularCodeGen4_A1_B1_profile.class
-rw-rw-r--   1 travis travis   1273 Jul 11 02:12 ModularCodeGen4_A1_B1_profile.java
-rw-rw-r--   1 travis travis   4026 Jul 11 02:12 ModularCodeGen4_A1_B2.class
-rw-rw-r--   1 travis travis  10312 Jul 11 02:12 ModularCodeGen4_A1_B2.java
-rw-rw-r--   1 travis travis    880 Jul 11 02:12 ModularCodeGen4_A1_B2.mk
-rw-rw-r--   1 travis travis   1330 Jul 11 02:12 ModularCodeGen4_A1_B2_profile.class
-rw-rw-r--   1 travis travis   1273 Jul 11 02:12 ModularCodeGen4_A1_B2_profile.java
-rw-rw-r--   1 travis travis   5333 Jul 11 02:12 ModularCodeGen4_A1.class
-rw-rw-r--   1 travis travis  16245 Jul 11 02:12 ModularCodeGen4_A1.java
-rw-rw-r--   1 travis travis    856 Jul 11 02:12 ModularCodeGen4_A1.mk
-rw-rw-r--   1 travis travis   1445 Jul 11 02:12 ModularCodeGen4_A1_profile.class
-rw-rw-r--   1 travis travis   1712 Jul 11 02:12 ModularCodeGen4_A1_profile.java
-rw-rw-r--   1 travis travis   4220 Jul 11 02:12 ModularCodeGen4_A2_B1.class
-rw-rw-r--   1 travis travis  11375 Jul 11 02:12 ModularCodeGen4_A2_B1.java
-rw-rw-r--   1 travis travis    880 Jul 11 02:12 ModularCodeGen4_A2_B1.mk
-rw-rw-r--   1 travis travis   1393 Jul 11 02:12 ModularCodeGen4_A2_B1_profile.class
-rw-rw-r--   1 travis travis   1454 Jul 11 02:12 ModularCodeGen4_A2_B1_profile.java
-rw-rw-r--   1 travis travis   4074 Jul 11 02:12 ModularCodeGen4_A2_B2.class
    javac -classpath
.:/home/travis/build/icyphy/ptII:/home/travis/build/icyphy/ptII/lib/bsh-2.0b4.j
ar:/home/travis/build/icyphy/ptII/lib/ptCal.jar:/home/travis/build/icyphy/ptII/
lib/java_cup.jar:/home/travis/build/icyphy/ptII/lib/saxon8.jar:/home/travis/bui
ld/icyphy/ptII/lib/saxon8-dom.jar:/home/travis/build/icyphy/ptII/lib/chic.jar:/
home/travis/build/icyphy/ptII/lib/ptcolt.jar:/home/travis/build/icyphy/ptII/ven
dors/misc/itext/iText.jar:/home/travis/build/icyphy/ptII/lib/g4ltl.jar:/home/tr
avis/build/icyphy/ptII/lib/StructuralCoder.jar:/home/travis/build/icyphy/ptII/v
endors/jai-1_1_2_01/lib/jai_core.jar:/home/travis/build/icyphy/ptII/vendors/jai
-1_1_2_01/lib/jai_codec.jar:/home/travis/build/icyphy/ptII/lib/jcerti.jar:/home
/travis/build/icyphy/ptII/lib/javax.mail.jar:/usr/share/java/openjfx/jre/lib/ex
t/jfxrt.jar:/usr/lib/jvm/java-8-openjdk-amd64/jre/lib/ext/jfxrt.jar:/home/travi
s/build/icyphy/ptII/vendors/JMF-2.1.1e/lib/jmf.jar:/home/travis/build/icyphy/pt
II/lib/jna-4.0.0-variadic.jar:/home/travis/build/icyphy/ptII/vendors/misc/joyst
ick/Joystick.jar:/home/travis/build/icyphy/ptII/lib/ptjacl.jar:/home/travis/bui
ld/icyphy/ptII/lib/jsoup-1.8.2.jar:/home/travis/build/icyphy/ptII/lib/junit-4.8
.2.jar:/home/travis/build/icyphy/ptII/lib/JUnitParams-0.4.0.jar:/home/travis/bu
ild/icyphy/ptII/ptolemy/actor/lib/excel/jxl.jar:/home/travis/build/icyphy/ptII/
lib/jython.jar:/home/travis/build/icyphy/ptII/lib/kieler.jar:/home/travis/build
/icyphy/ptII/lib/opencv-341.jar:/home/travis/build/icyphy/ptII/lib/oscP5.jar:/h
ome/travis/build/icyphy/ptII/lib/nrjavaserial-3.11.0.devel.jar:/home/travis/bui
ld/icyphy/ptII/vendors/j3d/lib/j3dcore.jar:/home/travis/build/icyphy/ptII/vendo
rs/j3d/lib/j3dutils.jar:/home/travis/build/icyphy/ptII/vendors/j3d/lib/vecmath.
jar:/home/travis/build/icyphy/ptII/ptolemy/distributed/jini/jar/jini-core.jar:/
home/travis/build/icyphy/ptII/ptolemy/distributed/jini/jar/jini-ext.jar:/home/t
ravis/build/icyphy/ptII/ptolemy/distributed/jini/jar/sun-util.jar:/home/travis/
build/icyphy/ptII/lib/protobuf-java-2.4.1.jar:/home/travis/build/icyphy/ptII/li
b/org.eclipse.paho.client.mqttv3.jar:/home/travis/build/icyphy/ptII/lib/mapss.j
ar:/home/travis/build/icyphy/ptII/ptolemy/actor/ptalon/antlr/antlr.jar:/home/tr
avis/build/icyphy/ptII/lib/JRI.jar:/home/travis/build/icyphy/ptII/lib/commons-l
ang-2.6.jar:/home/travis/build/icyphy/ptII/lib/commons-logging-1.1.1.jar:/home/
travis/build/icyphy/ptII/lib/sootclasses.jar:/home/travis/build/icyphy/ptII/pto
lemy/actor/lib/database/mysql-connector-java-5.1.6-bin.jar:/home/travis/build/i
cyphy/ptII/vendors/misc/sphinx4/sphinx4-data-5prealpha.jar:/home/travis/build/i
cyphy/ptII/vendors/misc/sphinx4/sphinx4-core-5prealpha.jar:/home/travis/build/i
cyphy/ptII/lib/PDFRenderer.jar:/home/travis/build/icyphy/ptII/lib/svgSalamander
.jar:/home/travis/build/icyphy/ptII/lib/rsyntaxtextarea-2.6.0-SNAPSHOT.jar:/hom
e/travis/build/icyphy/ptII/lib/hazelcast-3.8.2.jar:/home/travis/build/icyphy/pt
II/lib/jackson-annotations-2.9.0.jar:/home/travis/build/icyphy/ptII/lib/jackson
-core-2.9.3.jar:/home/travis/build/icyphy/ptII/lib/jackson-databind-2.9.3.jar:/
home/travis/build/icyphy/ptII/lib/netty-buffer-4.1.19.Final.jar:/home/travis/bu
ild/icyphy/ptII/lib/netty-codec-4.1.19.Final.jar:/home/travis/build/icyphy/ptII
/lib/netty-codec-dns-4.1.19.Final.jar:/home/travis/build/icyphy/ptII/lib/netty-
codec-http-4.1.19.Final.jar:/home/travis/build/icyphy/ptII/lib/netty-codec-http
2-4.1.19.Final.jar:/home/travis/build/icyphy/ptII/lib/netty-common-4.1.19.Final
.jar:/home/travis/build/icyphy/ptII/lib/netty-handler-4.1.19.Final.jar:/home/tr
avis/build/icyphy/ptII/lib/netty-resolver-4.1.19.Final.jar:/home/travis/build/i
cyphy/ptII/lib/netty-resolver-dns-4.1.19.Final.jar:/home/travis/build/icyphy/pt
II/lib/netty-transport-4.1.19.Final.jar:/home/travis/build/icyphy/ptII/lib/vert
x-codegen-3.5.1.jar:/home/travis/build/icyphy/ptII/lib/vertx-core-3.5.2-SNAPSHO
T.jar:/home/travis/build/icyphy/ptII/lib/vertx-hazelcast-3.5.1.jar:/home/travis
/build/icyphy/ptII/lib/vertx-lang-js-3.5.1.jar:/home/travis/build/icyphy/ptII/l
ib/vertx-service-proxy-3.5.1.jar:/home/travis/build/icyphy/ptII/lib/vertx-web-3
.5.1.jar:/home/travis/build/icyphy/ptII/lib/slf4j-api-1.7.13.jar:/home/travis/b
uild/icyphy/ptII/lib/slf4j-simple-1.7.13.jar:/home/travis/build/icyphy/ptII/lib
/webcam-capture-0.3.12.jar:/home/travis/build/icyphy/ptII/lib/bridj-0.7.0.jar:/
home/travis/build/icyphy/ptII/lib/xbjlib-1.1.0.nrjavaserial.jar:/home/travis/bu
ild/icyphy/ptII/ptolemy/moml/test:/home/travis/build/icyphy/ptII/ant/lib/ant-la
uncher.jar:/home/travis/build/icyphy/ptII/ant/lib/ant.jar:/home/travis/build/ic
yphy/ptII/ant/lib/ant-junit.jar:/home/travis/build/icyphy/ptII/ant/lib/ant-juni
t4.jar:/home/travis/build/icyphy/ptII ModularCodeGenPubSub3_A1_A2_profile.java
-rw-rw-r--   1 travis travis  10378 Jul 11 02:12 ModularCodeGen4_A2_B2.java
-rw-rw-r--   1 travis travis    880 Jul 11 02:12 ModularCodeGen4_A2_B2.mk
-rw-rw-r--   1 travis travis   1330 Jul 11 02:12 ModularCodeGen4_A2_B2_profile.class
-rw-rw-r--   1 travis travis   1270 Jul 11 02:12 ModularCodeGen4_A2_B2_profile.java
-rw-rw-r--   1 travis travis   5506 Jul 11 02:12 ModularCodeGen4_A2.class
-rw-rw-r--   1 travis travis  16770 Jul 11 02:12 ModularCodeGen4_A2.java
-rw-rw-r--   1 travis travis    856 Jul 11 02:12 ModularCodeGen4_A2.mk
-rw-rw-r--   1 travis travis   1445 Jul 11 02:12 ModularCodeGen4_A2_profile.class
-rw-rw-r--   1 travis travis   1712 Jul 11 02:12 ModularCodeGen4_A2_profile.java
-rw-rw-r--   1 travis travis   7070 Jul 11 02:12 ModularCodeGen5_A_A.class
-rw-rw-r--   1 travis travis  28721 Jul 11 02:12 ModularCodeGen5_A_A.java
-rw-rw-r--   1 travis travis    864 Jul 11 02:12 ModularCodeGen5_A_A.mk
-rw-rw-r--   1 travis travis   1520 Jul 11 02:12 ModularCodeGen5_A_A_profile.class
-rw-rw-r--   1 travis travis   1815 Jul 11 02:12 ModularCodeGen5_A_A_profile.java
-rw-rw-r--   1 travis travis   5347 Jul 11 02:13 ModularCodeGen5_A.class
-rw-rw-r--   1 travis travis  13769 Jul 11 02:12 ModularCodeGen5_A.java
-rw-rw-r--   1 travis travis    848 Jul 11 02:12 ModularCodeGen5_A.mk
-rw-rw-r--   1 travis travis   1422 Jul 11 02:12 ModularCodeGen5_A_profile.class
-rw-rw-r--   1 travis travis   1605 Jul 11 02:12 ModularCodeGen5_A_profile.java
-rw-rw-r--   1 travis travis   4357 Jul 11 02:13 ModularCodeGen6_A_A2.class
-rw-rw-r--   1 travis travis  11329 Jul 11 02:13 ModularCodeGen6_A_A2.java
-rw-rw-r--   1 travis travis    872 Jul 11 02:13 ModularCodeGen6_A_A2.mk
-rw-rw-r--   1 travis travis   1351 Jul 11 02:13 ModularCodeGen6_A_A2_profile.class
-rw-rw-r--   1 travis travis   1364 Jul 11 02:13 ModularCodeGen6_A_A2_profile.java
-rw-rw-r--   1 travis travis   4340 Jul 11 02:13 ModularCodeGen6_A_A.class
-rw-rw-r--   1 travis travis  11221 Jul 11 02:13 ModularCodeGen6_A_A.java
-rw-rw-r--   1 travis travis    864 Jul 11 02:13 ModularCodeGen6_A_A.mk
-rw-rw-r--   1 travis travis   1348 Jul 11 02:13 ModularCodeGen6_A_A_profile.class
-rw-rw-r--   1 travis travis   1361 Jul 11 02:13 ModularCodeGen6_A_A_profile.java
-rw-rw-r--   1 travis travis   7469 Jul 11 02:13 ModularCodeGen6_A.class
-rw-rw-r--   1 travis travis  26535 Jul 11 02:13 ModularCodeGen6_A.java
-rw-rw-r--   1 travis travis    848 Jul 11 02:13 ModularCodeGen6_A.mk
-rw-rw-r--   1 travis travis   1483 Jul 11 02:13 ModularCodeGen6_A_profile.class
-rw-rw-r--   1 travis travis   1810 Jul 11 02:13 ModularCodeGen6_A_profile.java
-rw-rw-r--   1 travis travis   9633 Jul 11 02:13 ModularCodeGenLazyPubSubGlobal_CompositeActor_ModularCodeGenTypedComposite.class
-rw-rw-r--   1 travis travis  30161 Jul 11 02:13 ModularCodeGenLazyPubSubGlobal_CompositeActor_ModularCodeGenTypedComposite.java
-rw-rw-r--   1 travis travis   1304 Jul 11 02:13 ModularCodeGenLazyPubSubGlobal_CompositeActor_ModularCodeGenTypedComposite.mk
-rw-rw-r--   1 travis travis   1438 Jul 11 02:13 ModularCodeGenLazyPubSubGlobal_CompositeActor_ModularCodeGenTypedComposite_profile.class
-rw-rw-r--   1 travis travis   1384 Jul 11 02:13 ModularCodeGenLazyPubSubGlobal_CompositeActor_ModularCodeGenTypedComposite_profile.java
-rw-rw-r--   1 travis travis   4184 Jul 11 02:13 ModularCodeGenLazyPubSub_LazyCompositeActor.class
-rw-rw-r--   1 travis travis  11122 Jul 11 02:13 ModularCodeGenLazyPubSub_LazyCompositeActor.java
-rw-rw-r--   1 travis travis   1056 Jul 11 02:13 ModularCodeGenLazyPubSub_LazyCompositeActor.mk
-rw-rw-r--   1 travis travis   1286 Jul 11 02:13 ModularCodeGenLazyPubSub_LazyCompositeActor_profile.class
-rw-rw-r--   1 travis travis   1091 Jul 11 02:13 ModularCodeGenLazyPubSub_LazyCompositeActor_profile.java
-rw-rw-r--   1 travis travis   4186 Jul 11 02:12 ModularCodeGen_ModularCodeGenTypedCompositeActor.class
-rw-rw-r--   1 travis travis  10970 Jul 11 02:12 ModularCodeGen_ModularCodeGenTypedCompositeActor.java
-rw-rw-r--   1 travis travis   1096 Jul 11 02:12 ModularCodeGen_ModularCodeGenTypedCompositeActor.mk
-rw-rw-r--   1 travis travis   1384 Jul 11 02:12 ModularCodeGen_ModularCodeGenTypedCompositeActor_profile.class
-rw-rw-r--   1 travis travis   1328 Jul 11 02:12 ModularCodeGen_ModularCodeGenTypedCompositeActor_profile.java
-rw-rw-r--   1 travis travis   3673 Jul 11 02:13 ModularCodeGenPubSub2_A1_A.class
-rw-rw-r--   1 travis travis   8578 Jul 11 02:13 ModularCodeGenPubSub2_A1_A.java
-rw-rw-r--   1 travis travis    920 Jul 11 02:13 ModularCodeGenPubSub2_A1_A.mk
-rw-rw-r--   1 travis travis   1274 Jul 11 02:13 ModularCodeGenPubSub2_A1_A_profile.class
-rw-rw-r--   1 travis travis   1128 Jul 11 02:13 ModularCodeGenPubSub2_A1_A_profile.java
-rw-rw-r--   1 travis travis   3965 Jul 11 02:13 ModularCodeGenPubSub2_A1.class
-rw-rw-r--   1 travis travis   9781 Jul 11 02:13 ModularCodeGenPubSub2_A1.java
-rw-rw-r--   1 travis travis    904 Jul 11 02:13 ModularCodeGenPubSub2_A1.mk
-rw-rw-r--   1 travis travis   1268 Jul 11 02:13 ModularCodeGenPubSub2_A1_profile.class
-rw-rw-r--   1 travis travis   1196 Jul 11 02:13 ModularCodeGenPubSub2_A1_profile.java
-rw-rw-r--   1 travis travis   1132 Jul 11 02:13 ModularCodeGenPubSub3_A1_A2_profile.java
-rw-rw-r--   1 travis travis   3707 Jul 11 02:13 ModularCodeGenPubSub_A1.class
-rw-rw-r--   1 travis travis   9060 Jul 11 02:13 ModularCodeGenPubSub_A1.java
-rw-rw-r--   1 travis travis    896 Jul 11 02:13 ModularCodeGenPubSub_A1.mk
-rw-rw-r--   1 travis travis   1278 Jul 11 02:13 ModularCodeGenPubSub_A1_profile.class
-rw-rw-r--   1 travis travis   1195 Jul 11 02:13 ModularCodeGenPubSub_A1_profile.java
-rw-rw-r--   1 travis travis   3724 Jul 11 02:11 ModularCodeGenTest_A1_A2.class
-rw-rw-r--   1 travis travis   9164 Jul 11 02:11 ModularCodeGenTest_A1_A2.java
-rw-rw-r--   1 travis travis   1306 Jul 11 02:11 ModularCodeGenTest_A1_A2_profile.class
-rw-rw-r--   1 travis travis   4055 Jul 11 02:11 ModularCodeGenTest_A1.class
-rw-rw-r--   1 travis travis   9968 Jul 11 02:11 ModularCodeGenTest_A1.java
-rw-rw-r--   1 travis travis    880 Jul 11 02:11 ModularCodeGenTest_A1.mk
-rw-rw-r--   1 travis travis   1352 Jul 11 02:11 ModularCodeGenTest_A1_profile.class
-rw-rw-r--   1 travis travis   1394 Jul 11 02:11 ModularCodeGenTest_A1_profile.java
drwxrwxr-x   3 travis travis  32768 Jul 11 02:10 modulation2
drwxrwxr-x 139 travis travis  12288 Jul 11 02:11 node_modules
drwxrwxr-x   3 travis travis  20480 Jul 11 02:06 PhaseUnwrap
drwxrwxr-x   3 travis travis  12288 Jul 11 02:06 ReadFile1
-rw-rw-r--   1 travis travis     11 Jul 11 02:06 ReadFile1Output.txt
-rw-rw-r--   1 travis travis   9615 Jul 11 02:11 Repeat.class
-rw-rw-r--   1 travis travis    666 Jul 11 02:11 Repeat$_fireFunction_Repeat_Repeat$__f_sL_11.class
-rw-rw-r--   1 travis travis    522 Jul 11 02:11 Repeat$_fireFunction_Repeat_Repeat$__f_sL_12.class
-rw-rw-r--   1 travis travis    522 Jul 11 02:11 Repeat$_fireFunction_Repeat_Repeat$__f_sL_13.class
-rw-rw-r--   1 travis travis    522 Jul 11 02:11 Repeat$_fireFunction_Repeat_Repeat$__f_sL_14.class
-rw-rw-r--   1 travis travis    665 Jul 11 02:11 Repeat$_fireFunction_Repeat_Repeat$__f_sL_1.class
-rw-rw-r--   1 travis travis    664 Jul 11 02:11 Repeat$_fireFunction_Repeat_Repeat$__f_sL_4.class
-rw-rw-r--   1 travis travis    520 Jul 11 02:11 Repeat$_fireFunction_Repeat_Repeat$__f_sL_9.class
-rw-rw-r--   1 travis travis    475 Jul 11 02:11 Repeat$_initialize_Repeat$__i_sL_2.class
-rw-rw-r--   1 travis travis   1281 Jul 11 02:10 Repeat.mk
-rw-rw-r--   1 travis travis    520 Jul 11 02:11 Repeat$_preinitializeMethod_Repeat$__p_sL_0.class
-rw-rw-r--   1 travis travis   1083 Jul 11 02:11 Repeat$_Repeat$_fireFunction_Repeat_AddSubtract_Repeat.class
-rw-rw-r--   1 travis travis    791 Jul 11 02:11 Repeat$_Repeat$_fireFunction_Repeat_AddSubtract_Repeat$__f_sL_0.class
-rw-rw-r--   1 travis travis    909 Jul 11 02:11 Repeat$_Repeat$_fireFunction_Repeat_AddSubtract_Repeat$__f_sL_1.class
-rw-rw-r--   1 travis travis    915 Jul 11 02:11 Repeat$_Repeat$_fireFunction_Repeat_AddSubtract_Repeat$__f_sL_2.class
-rw-rw-r--   1 travis travis    843 Jul 11 02:11 Repeat$_Repeat$_fireFunction_Repeat_AddSubtract_Repeat$__f_sL_3.class
-rw-rw-r--   1 travis travis    738 Jul 11 02:11 Repeat$_Repeat$_fireFunction_Repeat_Ramp2_Repeat$__f_sL_0.class
-rw-rw-r--   1 travis travis    869 Jul 11 02:11 Repeat$_Repeat$_fireFunction_Repeat_Test_Repeat$__f_sL_0.class
-rw-rw-r--   1 travis travis    615 Jul 11 02:11 Repeat$_Repeat$_fireFunction_Repeat_Test_Repeat$__f_sL_1.class
-rw-rw-r--   1 travis travis    685 Jul 11 02:11 Repeat$_Repeat_SDF_Director_run_Repeat$__R_sL_0.class
-rw-rw-r--   1 travis travis    686 Jul 11 02:11 Repeat$_Repeat_SDF_Director_run_Repeat$__R_sL_11.class
-rw-rw-r--   1 travis travis    542 Jul 11 02:11 Repeat$_Repeat_SDF_Director_run_Repeat$__R_sL_13.class
-rw-rw-r--   1 travis travis    540 Jul 11 02:11 Repeat$_Repeat_SDF_Director_run_Repeat$__R_sL_2.class
-rw-rw-r--   1 travis travis    684 Jul 11 02:11 Repeat$_Repeat_SDF_Director_run_Repeat$__R_sL_3.class
-rw-rw-r--   1 travis travis    540 Jul 11 02:11 Repeat$_Repeat_SDF_Director_run_Repeat$__R_sL_5.class
-rw-rw-r--   1 travis travis    540 Jul 11 02:11 Repeat$_Repeat_SDF_Director_run_Repeat$__R_sL_8.class
drwxrwxr-x   2 travis travis   4096 Jul 11 02:11 RepeatVariables
-rw-rw-r--   1 travis travis    863 Jul 11 02:11 Repeat$_varinit_Repeat.class
-rw-rw-r--   1 travis travis    531 Jul 11 02:11 Repeat$_varinit_Repeat$__v_sL_2.class
-rw-rw-r--   1 travis travis    905 Jul 11 02:11 Repeat$_varinit_Repeat$__v_sL_4.class
-rw-rw-r--   1 travis travis    959 Jul 11 02:11 Repeat$_wrapup_Repeat$__w_sL_1.class
drwxrwxr-x   3 travis travis  20480 Jul 11 02:06 Sinewave
drwxrwxr-x   3 travis travis  32768 Jul 11 02:08 StringFunction
drwxrwxr-x   3 travis travis  12288 Jul 11 02:08 StringLength
drwxrwxr-x   3 travis travis  61440 Jul 11 02:09 StringMatches2
drwxrwxr-x   3 travis travis  61440 Jul 11 02:09 StringSimpleReplace
drwxrwxr-x   3 travis travis  65536 Jul 11 02:09 StringSubstring
drwxrwxr-x   3 travis travis  24576 Jul 11 02:09 StringSubstring2
drwxrwxr-x   3 travis travis  16384 Jul 11 02:10 time1
drwxrwxr-x   3 travis travis  12288 Jul 11 02:10 time5
-rw-rw-r--   1 travis travis    432 Jul 11 02:13 Token.class
-rw-rw-r--   1 travis travis    251 Jul 11 02:13 Token.java
-rwxrwxr-x   1 travis travis 466992 Jul 11 02:03 top
-rw-rw-r--   1 travis travis  20502 Jul 11 02:03 top.c
-rw-rw-r--   1 travis travis   3799 Jul 11 02:11 top.class
-rw-rw-r--   1 travis travis   1257 Jul 11 02:11 top.mk
All Done
Writing ModularCodeGenPubSub3_A1_A2.java in file:/home/travis/cg/ (8599 characters)
Reading "ptolemy/cg/kernel/generic/program/procedural/java/modular/makefile.in",
    writing "/home/travis/cg/ModularCodeGenPubSub3_A1_A2.mk"
Using ptolemy/cg/kernel/generic/program/procedural/java/modular/makefile.in
In "/home/travis/cg", about to execute:
    make -f ModularCodeGenPubSub3_A1_A2.mk
javac -classpath ".:.."    ModularCodeGenPubSub3_A1_A2.java
All Done
In "/home/travis/cg", about to execute:
    pwd
In "/home/travis/cg", about to execute:
    ls -l
/home/travis/cg
In "/home/travis/cg", about to execute:
    javac -classpath
.:/home/travis/build/icyphy/ptII:/home/travis/build/icyphy/ptII/lib/bsh-2.0b4.j
ar:/home/travis/build/icyphy/ptII/lib/ptCal.jar:/home/travis/build/icyphy/ptII/
lib/java_cup.jar:/home/travis/build/icyphy/ptII/lib/saxon8.jar:/home/travis/bui
ld/icyphy/ptII/lib/saxon8-dom.jar:/home/travis/build/icyphy/ptII/lib/chic.jar:/
home/travis/build/icyphy/ptII/lib/ptcolt.jar:/home/travis/build/icyphy/ptII/ven
dors/misc/itext/iText.jar:/home/travis/build/icyphy/ptII/lib/g4ltl.jar:/home/tr
avis/build/icyphy/ptII/lib/StructuralCoder.jar:/home/travis/build/icyphy/ptII/v
endors/jai-1_1_2_01/lib/jai_core.jar:/home/travis/build/icyphy/ptII/vendors/jai
-1_1_2_01/lib/jai_codec.jar:/home/travis/build/icyphy/ptII/lib/jcerti.jar:/home
/travis/build/icyphy/ptII/lib/javax.mail.jar:/usr/share/java/openjfx/jre/lib/ex
t/jfxrt.jar:/usr/lib/jvm/java-8-openjdk-amd64/jre/lib/ext/jfxrt.jar:/home/travi
s/build/icyphy/ptII/vendors/JMF-2.1.1e/lib/jmf.jar:/home/travis/build/icyphy/pt
II/lib/jna-4.0.0-variadic.jar:/home/travis/build/icyphy/ptII/vendors/misc/joyst
ick/Joystick.jar:/home/travis/build/icyphy/ptII/lib/ptjacl.jar:/home/travis/bui
ld/icyphy/ptII/lib/jsoup-1.8.2.jar:/home/travis/build/icyphy/ptII/lib/junit-4.8
.2.jar:/home/travis/build/icyphy/ptII/lib/JUnitParams-0.4.0.jar:/home/travis/bu
ild/icyphy/ptII/ptolemy/actor/lib/excel/jxl.jar:/home/travis/build/icyphy/ptII/
lib/jython.jar:/home/travis/build/icyphy/ptII/lib/kieler.jar:/home/travis/build
/icyphy/ptII/lib/opencv-341.jar:/home/travis/build/icyphy/ptII/lib/oscP5.jar:/h
ome/travis/build/icyphy/ptII/lib/nrjavaserial-3.11.0.devel.jar:/home/travis/bui
ld/icyphy/ptII/vendors/j3d/lib/j3dcore.jar:/home/travis/build/icyphy/ptII/vendo
rs/j3d/lib/j3dutils.jar:/home/travis/build/icyphy/ptII/vendors/j3d/lib/vecmath.
jar:/home/travis/build/icyphy/ptII/ptolemy/distributed/jini/jar/jini-core.jar:/
home/travis/build/icyphy/ptII/ptolemy/distributed/jini/jar/jini-ext.jar:/home/t
ravis/build/icyphy/ptII/ptolemy/distributed/jini/jar/sun-util.jar:/home/travis/
build/icyphy/ptII/lib/protobuf-java-2.4.1.jar:/home/travis/build/icyphy/ptII/li
b/org.eclipse.paho.client.mqttv3.jar:/home/travis/build/icyphy/ptII/lib/mapss.j
ar:/home/travis/build/icyphy/ptII/ptolemy/actor/ptalon/antlr/antlr.jar:/home/tr
avis/build/icyphy/ptII/lib/JRI.jar:/home/travis/build/icyphy/ptII/lib/commons-l
ang-2.6.jar:/home/travis/build/icyphy/ptII/lib/commons-logging-1.1.1.jar:/home/
travis/build/icyphy/ptII/lib/sootclasses.jar:/home/travis/build/icyphy/ptII/pto
lemy/actor/lib/database/mysql-connector-java-5.1.6-bin.jar:/home/travis/build/i
cyphy/ptII/vendors/misc/sphinx4/sphinx4-data-5prealpha.jar:/home/travis/build/i
cyphy/ptII/vendors/misc/sphinx4/sphinx4-core-5prealpha.jar:/home/travis/build/i
cyphy/ptII/lib/PDFRenderer.jar:/home/travis/build/icyphy/ptII/lib/svgSalamander
.jar:/home/travis/build/icyphy/ptII/lib/rsyntaxtextarea-2.6.0-SNAPSHOT.jar:/hom
e/travis/build/icyphy/ptII/lib/hazelcast-3.8.2.jar:/home/travis/build/icyphy/pt
II/lib/jackson-annotations-2.9.0.jar:/home/travis/build/icyphy/ptII/lib/jackson
-core-2.9.3.jar:/home/travis/build/icyphy/ptII/lib/jackson-databind-2.9.3.jar:/
home/travis/build/icyphy/ptII/lib/netty-buffer-4.1.19.Final.jar:/home/travis/bu
ild/icyphy/ptII/lib/netty-codec-4.1.19.Final.jar:/home/travis/build/icyphy/ptII
/lib/netty-codec-dns-4.1.19.Final.jar:/home/travis/build/icyphy/ptII/lib/netty-
codec-http-4.1.19.Final.jar:/home/travis/build/icyphy/ptII/lib/netty-codec-http
2-4.1.19.Final.jar:/home/travis/build/icyphy/ptII/lib/netty-common-4.1.19.Final
.jar:/home/travis/build/icyphy/ptII/lib/netty-handler-4.1.19.Final.jar:/home/tr
avis/build/icyphy/ptII/lib/netty-resolver-4.1.19.Final.jar:/home/travis/build/i
cyphy/ptII/lib/netty-resolver-dns-4.1.19.Final.jar:/home/travis/build/icyphy/pt
II/lib/netty-transport-4.1.19.Final.jar:/home/travis/build/icyphy/ptII/lib/vert
x-codegen-3.5.1.jar:/home/travis/build/icyphy/ptII/lib/vertx-core-3.5.2-SNAPSHO
T.jar:/home/travis/build/icyphy/ptII/lib/vertx-hazelcast-3.5.1.jar:/home/travis
/build/icyphy/ptII/lib/vertx-lang-js-3.5.1.jar:/home/travis/build/icyphy/ptII/l
ib/vertx-service-proxy-3.5.1.jar:/home/travis/build/icyphy/ptII/lib/vertx-web-3
.5.1.jar:/home/travis/build/icyphy/ptII/lib/slf4j-api-1.7.13.jar:/home/travis/b
uild/icyphy/ptII/lib/slf4j-simple-1.7.13.jar:/home/travis/build/icyphy/ptII/lib
/webcam-capture-0.3.12.jar:/home/travis/build/icyphy/ptII/lib/bridj-0.7.0.jar:/
home/travis/build/icyphy/ptII/lib/xbjlib-1.1.0.nrjavaserial.jar:/home/travis/bu
ild/icyphy/ptII/ptolemy/moml/test:/home/travis/build/icyphy/ptII/ant/lib/ant-la
uncher.jar:/home/travis/build/icyphy/ptII/ant/lib/ant.jar:/home/travis/build/ic
yphy/ptII/ant/lib/ant-junit.jar:/home/travis/build/icyphy/ptII/ant/lib/ant-juni
t4.jar:/home/travis/build/icyphy/ptII ModularCodeGenPubSub3_A1_profile.java
total 2516
drwxrwxr-x   3 travis travis  12288 Jul 11 02:04 AbsoluteValue
drwxrwxr-x   3 travis travis 102400 Jul 11 02:03 AllColt
-rw-rw-r--   1 travis travis    233 Jul 11 02:13 Array.class
-rw-rw-r--   1 travis travis    459 Jul 11 02:13 Array.java
drwxrwxr-x   3 travis travis  12288 Jul 11 02:04 Case1
-rw-rw-r--   1 travis travis   5104 Jul 11 02:11 CompiledCompositeActor_CompiledCompositeActor.class
-rw-rw-r--   1 travis travis   1592 Jul 11 02:11 CompiledCompositeActor_CompiledCompositeActor$_CompiledCompositeActor_CompiledCompositeActor.class
-rw-rw-r--   1 travis travis  13466 Jul 11 02:11 CompiledCompositeActor_CompiledCompositeActor.java
-rw-rw-r--   1 travis travis   1593 Jul 11 02:11 CompiledCompositeActor_CompiledCompositeActor.mk
drwxrwxr-x   5 travis travis   4096 Jul 11 02:03 fmi
drwxrwxr-x   3 travis travis  16384 Jul 11 02:05 Gaussian2
-rw-rw-r--   1 travis travis   4660 Jul 11 02:11 JavaCompiledCompositeTest1_CompiledCompositeActor.class
-rw-rw-r--   1 travis travis  11637 Jul 11 02:11 JavaCompiledCompositeTest1_CompiledCompositeActor.java
-rw-rw-r--   1 travis travis   1198 Jul 11 02:11 JavaCompiledCompositeTest1_CompiledCompositeActor$_JavaCompiledCompositeTest1_CompiledCompositeActor.class
-rw-rw-r--   1 travis travis   1625 Jul 11 02:11 JavaCompiledCompositeTest1_CompiledCompositeActor.mk
-rw-rw-r--   1 travis travis   5091 Jul 11 02:11 JavaCompiledCompositeTest2_CompiledCompositeActor.class
-rw-rw-r--   1 travis travis  14919 Jul 11 02:11 JavaCompiledCompositeTest2_CompiledCompositeActor.java
-rw-rw-r--   1 travis travis   1793 Jul 11 02:11 JavaCompiledCompositeTest2_CompiledCompositeActor$_JavaCompiledCompositeTest2_CompiledCompositeActor.class
-rw-rw-r--   1 travis travis   1625 Jul 11 02:11 JavaCompiledCompositeTest2_CompiledCompositeActor.mk
-rw-rw-r--   1 travis travis   4708 Jul 11 02:11 JavaCompiledCompositeTest3_CompiledCompositeActor.class
-rw-rw-r--   1 travis travis  13080 Jul 11 02:11 JavaCompiledCompositeTest3_CompiledCompositeActor.java
-rw-rw-r--   1 travis travis   1378 Jul 11 02:11 JavaCompiledCompositeTest3_CompiledCompositeActor$_JavaCompiledCompositeTest3_CompiledCompositeActor.class
-rw-rw-r--   1 travis travis   1625 Jul 11 02:11 JavaCompiledCompositeTest3_CompiledCompositeActor.mk
-rw-rw-r--   1 travis travis   4159 Jul 11 02:11 JavaCompiledCompositeTest4_CompiledCompositeActor.class
-rw-rw-r--   1 travis travis   9687 Jul 11 02:11 JavaCompiledCompositeTest4_CompiledCompositeActor.java
-rw-rw-r--   1 travis travis    857 Jul 11 02:11 JavaCompiledCompositeTest4_CompiledCompositeActor$_JavaCompiledCompositeTest4_CompiledCompositeActor.class
-rw-rw-r--   1 travis travis   1625 Jul 11 02:11 JavaCompiledCompositeTest4_CompiledCompositeActor.mk
drwxrwxr-x   3 travis travis  12288 Jul 11 02:05 LookupTable
drwxrwxr-x   3 travis travis  20480 Jul 11 02:05 MaxIndex
-rw-rw-r--   1 travis travis   3925 Jul 11 02:11 ModularCG_A1_B1.class
-rw-rw-r--   1 travis travis   9730 Jul 11 02:11 ModularCG_A1_B1.java
-rw-rw-r--   1 travis travis    832 Jul 11 02:11 ModularCG_A1_B1.mk
-rw-rw-r--   1 travis travis   1318 Jul 11 02:11 ModularCG_A1_B1_profile.class
-rw-rw-r--   1 travis travis   1262 Jul 11 02:11 ModularCG_A1_B1_profile.java
-rw-rw-r--   1 travis travis   3925 Jul 11 02:11 ModularCG_A1_B2.class
-rw-rw-r--   1 travis travis   9730 Jul 11 02:11 ModularCG_A1_B2.java
-rw-rw-r--   1 travis travis    832 Jul 11 02:11 ModularCG_A1_B2.mk
-rw-rw-r--   1 travis travis   1318 Jul 11 02:11 ModularCG_A1_B2_profile.class
-rw-rw-r--   1 travis travis   1262 Jul 11 02:11 ModularCG_A1_B2_profile.java
-rw-rw-r--   1 travis travis   5031 Jul 11 02:11 ModularCG_A1.class
-rw-rw-r--   1 travis travis  14742 Jul 11 02:11 ModularCG_A1.java
-rw-rw-r--   1 travis travis    808 Jul 11 02:11 ModularCG_A1.mk
-rw-rw-r--   1 travis travis   1433 Jul 11 02:11 ModularCG_A1_profile.class
-rw-rw-r--   1 travis travis   1704 Jul 11 02:11 ModularCG_A1_profile.java
-rw-rw-r--   1 travis travis   4059 Jul 11 02:11 ModularCG_A2_B1.class
-rw-rw-r--   1 travis travis  10667 Jul 11 02:11 ModularCG_A2_B1.java
-rw-rw-r--   1 travis travis    832 Jul 11 02:11 ModularCG_A2_B1.mk
-rw-rw-r--   1 travis travis   1381 Jul 11 02:11 ModularCG_A2_B1_profile.class
-rw-rw-r--   1 travis travis   1446 Jul 11 02:11 ModularCG_A2_B1_profile.java
-rw-rw-r--   1 travis travis   3925 Jul 11 02:11 ModularCG_A2_B2.class
-rw-rw-r--   1 travis travis   9730 Jul 11 02:11 ModularCG_A2_B2.java
-rw-rw-r--   1 travis travis    832 Jul 11 02:11 ModularCG_A2_B2.mk
-rw-rw-r--   1 travis travis   1318 Jul 11 02:11 ModularCG_A2_B2_profile.class
-rw-rw-r--   1 travis travis   1262 Jul 11 02:11 ModularCG_A2_B2_profile.java
-rw-rw-r--   1 travis travis   5102 Jul 11 02:11 ModularCG_A2.class
-rw-rw-r--   1 travis travis  15129 Jul 11 02:11 ModularCG_A2.java
-rw-rw-r--   1 travis travis    808 Jul 11 02:11 ModularCG_A2.mk
-rw-rw-r--   1 travis travis   1433 Jul 11 02:11 ModularCG_A2_profile.class
-rw-rw-r--   1 travis travis   1704 Jul 11 02:11 ModularCG_A2_profile.java
-rw-rw-r--   1 travis travis   3705 Jul 11 02:12 ModularCGPubSub_A1_A2.class
-rw-rw-r--   1 travis travis   9076 Jul 11 02:11 ModularCGPubSub_A1_A2.java
-rw-rw-r--   1 travis travis    880 Jul 11 02:11 ModularCGPubSub_A1_A2.mk
-rw-rw-r--   1 travis travis   1300 Jul 11 02:11 ModularCGPubSub_A1_A2_profile.class
-rw-rw-r--   1 travis travis   1222 Jul 11 02:11 ModularCGPubSub_A1_A2_profile.java
-rw-rw-r--   1 travis travis   4022 Jul 11 02:12 ModularCGPubSub_A1.class
-rw-rw-r--   1 travis travis   9836 Jul 11 02:12 ModularCGPubSub_A1.java
-rw-rw-r--   1 travis travis    856 Jul 11 02:12 ModularCGPubSub_A1.mk
-rw-rw-r--   1 travis travis   1346 Jul 11 02:12 ModularCGPubSub_A1_profile.class
-rw-rw-r--   1 travis travis   1388 Jul 11 02:12 ModularCGPubSub_A1_profile.java
-rw-rw-r--   1 travis travis   4220 Jul 11 02:12 ModularCodeGen2_ModularCodeGenTypedCompositeActor.class
-rw-rw-r--   1 travis travis  11690 Jul 11 02:12 ModularCodeGen2_ModularCodeGenTypedCompositeActor.java
-rw-rw-r--   1 travis travis   1104 Jul 11 02:12 ModularCodeGen2_ModularCodeGenTypedCompositeActor.mk
-rw-rw-r--   1 travis travis   4504 Jul 11 02:12 ModularCodeGen2_ModularCodeGenTypedCompositeActor_ModularCodeGenTypedCompositeActor.class
-rw-rw-r--   1 travis travis  11790 Jul 11 02:12 ModularCodeGen2_ModularCodeGenTypedCompositeActor_ModularCodeGenTypedCompositeActor.java
-rw-rw-r--   1 travis travis   1376 Jul 11 02:12 ModularCodeGen2_ModularCodeGenTypedCompositeActor_ModularCodeGenTypedCompositeActor.mk
-rw-rw-r--   1 travis travis   1421 Jul 11 02:12 ModularCodeGen2_ModularCodeGenTypedCompositeActor_ModularCodeGenTypedCompositeActor_profile.class
-rw-rw-r--   1 travis travis   1294 Jul 11 02:12 ModularCodeGen2_ModularCodeGenTypedCompositeActor_ModularCodeGenTypedCompositeActor_profile.java
-rw-rw-r--   1 travis travis    820 Jul 11 02:12 ModularCodeGen2_ModularCodeGenTypedCompositeActor_profile.class
-rw-rw-r--   1 travis travis    693 Jul 11 02:12 ModularCodeGen2_ModularCodeGenTypedCompositeActor_profile.java
-rw-rw-r--   1 travis travis   3973 Jul 11 02:12 ModularCodeGen3_A1_B1.class
-rw-rw-r--   1 travis travis   9958 Jul 11 02:12 ModularCodeGen3_A1_B1.java
-rw-rw-r--   1 travis travis    880 Jul 11 02:12 ModularCodeGen3_A1_B1.mk
-rw-rw-r--   1 travis travis   1330 Jul 11 02:12 ModularCodeGen3_A1_B1_profile.class
-rw-rw-r--   1 travis travis   1274 Jul 11 02:12 ModularCodeGen3_A1_B1_profile.java
-rw-rw-r--   1 travis travis   3973 Jul 11 02:12 ModularCodeGen3_A1_B2.class
-rw-rw-r--   1 travis travis   9958 Jul 11 02:12 ModularCodeGen3_A1_B2.java
-rw-rw-r--   1 travis travis    880 Jul 11 02:12 ModularCodeGen3_A1_B2.mk
-rw-rw-r--   1 travis travis   1330 Jul 11 02:12 ModularCodeGen3_A1_B2_profile.class
-rw-rw-r--   1 travis travis   1274 Jul 11 02:12 ModularCodeGen3_A1_B2_profile.java
-rw-rw-r--   1 travis travis   5193 Jul 11 02:12 ModularCodeGen3_A1.class
-rw-rw-r--   1 travis travis  15564 Jul 11 02:12 ModularCodeGen3_A1.java
-rw-rw-r--   1 travis travis    856 Jul 11 02:12 ModularCodeGen3_A1.mk
-rw-rw-r--   1 travis travis   1445 Jul 11 02:12 ModularCodeGen3_A1_profile.class
-rw-rw-r--   1 travis travis   1716 Jul 11 02:12 ModularCodeGen3_A1_profile.java
-rw-rw-r--   1 travis travis   4119 Jul 11 02:12 ModularCodeGen3_A2_B1.class
-rw-rw-r--   1 travis travis  10955 Jul 11 02:12 ModularCodeGen3_A2_B1.java
-rw-rw-r--   1 travis travis    880 Jul 11 02:12 ModularCodeGen3_A2_B1.mk
-rw-rw-r--   1 travis travis   1393 Jul 11 02:12 ModularCodeGen3_A2_B1_profile.class
-rw-rw-r--   1 travis travis   1458 Jul 11 02:12 ModularCodeGen3_A2_B1_profile.java
-rw-rw-r--   1 travis travis   3973 Jul 11 02:12 ModularCodeGen3_A2_B2.class
-rw-rw-r--   1 travis travis   9958 Jul 11 02:12 ModularCodeGen3_A2_B2.java
-rw-rw-r--   1 travis travis    880 Jul 11 02:12 ModularCodeGen3_A2_B2.mk
-rw-rw-r--   1 travis travis   1330 Jul 11 02:12 ModularCodeGen3_A2_B2_profile.class
-rw-rw-r--   1 travis travis   1274 Jul 11 02:12 ModularCodeGen3_A2_B2_profile.java
-rw-rw-r--   1 travis travis   5270 Jul 11 02:12 ModularCodeGen3_A2.class
-rw-rw-r--   1 travis travis  15957 Jul 11 02:12 ModularCodeGen3_A2.java
-rw-rw-r--   1 travis travis    856 Jul 11 02:12 ModularCodeGen3_A2.mk
-rw-rw-r--   1 travis travis   1445 Jul 11 02:12 ModularCodeGen3_A2_profile.class
-rw-rw-r--   1 travis travis   1716 Jul 11 02:12 ModularCodeGen3_A2_profile.java
-rw-rw-r--   1 travis travis   4026 Jul 11 02:12 ModularCodeGen4_A1_B1.class
-rw-rw-r--   1 travis travis  10312 Jul 11 02:12 ModularCodeGen4_A1_B1.java
-rw-rw-r--   1 travis travis    880 Jul 11 02:12 ModularCodeGen4_A1_B1.mk
-rw-rw-r--   1 travis travis   1330 Jul 11 02:12 ModularCodeGen4_A1_B1_profile.class
-rw-rw-r--   1 travis travis   1273 Jul 11 02:12 ModularCodeGen4_A1_B1_profile.java
-rw-rw-r--   1 travis travis   4026 Jul 11 02:12 ModularCodeGen4_A1_B2.class
-rw-rw-r--   1 travis travis  10312 Jul 11 02:12 ModularCodeGen4_A1_B2.java
-rw-rw-r--   1 travis travis    880 Jul 11 02:12 ModularCodeGen4_A1_B2.mk
-rw-rw-r--   1 travis travis   1330 Jul 11 02:12 ModularCodeGen4_A1_B2_profile.class
-rw-rw-r--   1 travis travis   1273 Jul 11 02:12 ModularCodeGen4_A1_B2_profile.java
-rw-rw-r--   1 travis travis   5333 Jul 11 02:12 ModularCodeGen4_A1.class
-rw-rw-r--   1 travis travis  16245 Jul 11 02:12 ModularCodeGen4_A1.java
-rw-rw-r--   1 travis travis    856 Jul 11 02:12 ModularCodeGen4_A1.mk
-rw-rw-r--   1 travis travis   1445 Jul 11 02:12 ModularCodeGen4_A1_profile.class
-rw-rw-r--   1 travis travis   1712 Jul 11 02:12 ModularCodeGen4_A1_profile.java
-rw-rw-r--   1 travis travis   4220 Jul 11 02:12 ModularCodeGen4_A2_B1.class
-rw-rw-r--   1 travis travis  11375 Jul 11 02:12 ModularCodeGen4_A2_B1.java
-rw-rw-r--   1 travis travis    880 Jul 11 02:12 ModularCodeGen4_A2_B1.mk
-rw-rw-r--   1 travis travis   1393 Jul 11 02:12 ModularCodeGen4_A2_B1_profile.class
-rw-rw-r--   1 travis travis   1454 Jul 11 02:12 ModularCodeGen4_A2_B1_profile.java
-rw-rw-r--   1 travis travis   4074 Jul 11 02:12 ModularCodeGen4_A2_B2.class
-rw-rw-r--   1 travis travis  10378 Jul 11 02:12 ModularCodeGen4_A2_B2.java
-rw-rw-r--   1 travis travis    880 Jul 11 02:12 ModularCodeGen4_A2_B2.mk
-rw-rw-r--   1 travis travis   1330 Jul 11 02:12 ModularCodeGen4_A2_B2_profile.class
-rw-rw-r--   1 travis travis   1270 Jul 11 02:12 ModularCodeGen4_A2_B2_profile.java
-rw-rw-r--   1 travis travis   5506 Jul 11 02:12 ModularCodeGen4_A2.class
-rw-rw-r--   1 travis travis  16770 Jul 11 02:12 ModularCodeGen4_A2.java
-rw-rw-r--   1 travis travis    856 Jul 11 02:12 ModularCodeGen4_A2.mk
-rw-rw-r--   1 travis travis   1445 Jul 11 02:12 ModularCodeGen4_A2_profile.class
-rw-rw-r--   1 travis travis   1712 Jul 11 02:12 ModularCodeGen4_A2_profile.java
-rw-rw-r--   1 travis travis   7070 Jul 11 02:12 ModularCodeGen5_A_A.class
-rw-rw-r--   1 travis travis  28721 Jul 11 02:12 ModularCodeGen5_A_A.java
-rw-rw-r--   1 travis travis    864 Jul 11 02:12 ModularCodeGen5_A_A.mk
-rw-rw-r--   1 travis travis   1520 Jul 11 02:12 ModularCodeGen5_A_A_profile.class
-rw-rw-r--   1 travis travis   1815 Jul 11 02:12 ModularCodeGen5_A_A_profile.java
-rw-rw-r--   1 travis travis   5347 Jul 11 02:13 ModularCodeGen5_A.class
-rw-rw-r--   1 travis travis  13769 Jul 11 02:12 ModularCodeGen5_A.java
-rw-rw-r--   1 travis travis    848 Jul 11 02:12 ModularCodeGen5_A.mk
-rw-rw-r--   1 travis travis   1422 Jul 11 02:12 ModularCodeGen5_A_profile.class
-rw-rw-r--   1 travis travis   1605 Jul 11 02:12 ModularCodeGen5_A_profile.java
-rw-rw-r--   1 travis travis   4357 Jul 11 02:13 ModularCodeGen6_A_A2.class
-rw-rw-r--   1 travis travis  11329 Jul 11 02:13 ModularCodeGen6_A_A2.java
-rw-rw-r--   1 travis travis    872 Jul 11 02:13 ModularCodeGen6_A_A2.mk
-rw-rw-r--   1 travis travis   1351 Jul 11 02:13 ModularCodeGen6_A_A2_profile.class
-rw-rw-r--   1 travis travis   1364 Jul 11 02:13 ModularCodeGen6_A_A2_profile.java
-rw-rw-r--   1 travis travis   4340 Jul 11 02:13 ModularCodeGen6_A_A.class
-rw-rw-r--   1 travis travis  11221 Jul 11 02:13 ModularCodeGen6_A_A.java
-rw-rw-r--   1 travis travis    864 Jul 11 02:13 ModularCodeGen6_A_A.mk
-rw-rw-r--   1 travis travis   1348 Jul 11 02:13 ModularCodeGen6_A_A_profile.class
-rw-rw-r--   1 travis travis   1361 Jul 11 02:13 ModularCodeGen6_A_A_profile.java
-rw-rw-r--   1 travis travis   7469 Jul 11 02:13 ModularCodeGen6_A.class
-rw-rw-r--   1 travis travis  26535 Jul 11 02:13 ModularCodeGen6_A.java
-rw-rw-r--   1 travis travis    848 Jul 11 02:13 ModularCodeGen6_A.mk
-rw-rw-r--   1 travis travis   1483 Jul 11 02:13 ModularCodeGen6_A_profile.class
-rw-rw-r--   1 travis travis   1810 Jul 11 02:13 ModularCodeGen6_A_profile.java
-rw-rw-r--   1 travis travis   9633 Jul 11 02:13 ModularCodeGenLazyPubSubGlobal_CompositeActor_ModularCodeGenTypedComposite.class
-rw-rw-r--   1 travis travis  30161 Jul 11 02:13 ModularCodeGenLazyPubSubGlobal_CompositeActor_ModularCodeGenTypedComposite.java
-rw-rw-r--   1 travis travis   1304 Jul 11 02:13 ModularCodeGenLazyPubSubGlobal_CompositeActor_ModularCodeGenTypedComposite.mk
-rw-rw-r--   1 travis travis   1438 Jul 11 02:13 ModularCodeGenLazyPubSubGlobal_CompositeActor_ModularCodeGenTypedComposite_profile.class
-rw-rw-r--   1 travis travis   1384 Jul 11 02:13 ModularCodeGenLazyPubSubGlobal_CompositeActor_ModularCodeGenTypedComposite_profile.java
-rw-rw-r--   1 travis travis   4184 Jul 11 02:13 ModularCodeGenLazyPubSub_LazyCompositeActor.class
-rw-rw-r--   1 travis travis  11122 Jul 11 02:13 ModularCodeGenLazyPubSub_LazyCompositeActor.java
-rw-rw-r--   1 travis travis   1056 Jul 11 02:13 ModularCodeGenLazyPubSub_LazyCompositeActor.mk
-rw-rw-r--   1 travis travis   1286 Jul 11 02:13 ModularCodeGenLazyPubSub_LazyCompositeActor_profile.class
-rw-rw-r--   1 travis travis   1091 Jul 11 02:13 ModularCodeGenLazyPubSub_LazyCompositeActor_profile.java
-rw-rw-r--   1 travis travis   4186 Jul 11 02:12 ModularCodeGen_ModularCodeGenTypedCompositeActor.class
-rw-rw-r--   1 travis travis  10970 Jul 11 02:12 ModularCodeGen_ModularCodeGenTypedCompositeActor.java
-rw-rw-r--   1 travis travis   1096 Jul 11 02:12 ModularCodeGen_ModularCodeGenTypedCompositeActor.mk
-rw-rw-r--   1 travis travis   1384 Jul 11 02:12 ModularCodeGen_ModularCodeGenTypedCompositeActor_profile.class
-rw-rw-r--   1 travis travis   1328 Jul 11 02:12 ModularCodeGen_ModularCodeGenTypedCompositeActor_profile.java
-rw-rw-r--   1 travis travis   3673 Jul 11 02:13 ModularCodeGenPubSub2_A1_A.class
-rw-rw-r--   1 travis travis   8578 Jul 11 02:13 ModularCodeGenPubSub2_A1_A.java
-rw-rw-r--   1 travis travis    920 Jul 11 02:13 ModularCodeGenPubSub2_A1_A.mk
-rw-rw-r--   1 travis travis   1274 Jul 11 02:13 ModularCodeGenPubSub2_A1_A_profile.class
-rw-rw-r--   1 travis travis   1128 Jul 11 02:13 ModularCodeGenPubSub2_A1_A_profile.java
-rw-rw-r--   1 travis travis   3965 Jul 11 02:13 ModularCodeGenPubSub2_A1.class
-rw-rw-r--   1 travis travis   9781 Jul 11 02:13 ModularCodeGenPubSub2_A1.java
-rw-rw-r--   1 travis travis    904 Jul 11 02:13 ModularCodeGenPubSub2_A1.mk
-rw-rw-r--   1 travis travis   1268 Jul 11 02:13 ModularCodeGenPubSub2_A1_profile.class
-rw-rw-r--   1 travis travis   1196 Jul 11 02:13 ModularCodeGenPubSub2_A1_profile.java
-rw-rw-r--   1 travis travis   3669 Jul 11 02:13 ModularCodeGenPubSub3_A1_A2.class
-rw-rw-r--   1 travis travis   8599 Jul 11 02:13 ModularCodeGenPubSub3_A1_A2.java
-rw-rw-r--   1 travis travis    928 Jul 11 02:13 ModularCodeGenPubSub3_A1_A2.mk
-rw-rw-r--   1 travis travis   1287 Jul 11 02:13 ModularCodeGenPubSub3_A1_A2_profile.class
-rw-rw-r--   1 travis travis   1132 Jul 11 02:13 ModularCodeGenPubSub3_A1_A2_profile.java
-rw-rw-r--   1 travis travis   1400 Jul 11 02:13 ModularCodeGenPubSub3_A1_profile.java
-rw-rw-r--   1 travis travis   3707 Jul 11 02:13 ModularCodeGenPubSub_A1.class
-rw-rw-r--   1 travis travis   9060 Jul 11 02:13 ModularCodeGenPubSub_A1.java
-rw-rw-r--   1 travis travis    896 Jul 11 02:13 ModularCodeGenPubSub_A1.mk
-rw-rw-r--   1 travis travis   1278 Jul 11 02:13 ModularCodeGenPubSub_A1_profile.class
-rw-rw-r--   1 travis travis   1195 Jul 11 02:13 ModularCodeGenPubSub_A1_profile.java
-rw-rw-r--   1 travis travis   3724 Jul 11 02:11 ModularCodeGenTest_A1_A2.class
-rw-rw-r--   1 travis travis   9164 Jul 11 02:11 ModularCodeGenTest_A1_A2.java
-rw-rw-r--   1 travis travis   1306 Jul 11 02:11 ModularCodeGenTest_A1_A2_profile.class
-rw-rw-r--   1 travis travis   4055 Jul 11 02:11 ModularCodeGenTest_A1.class
-rw-rw-r--   1 travis travis   9968 Jul 11 02:11 ModularCodeGenTest_A1.java
-rw-rw-r--   1 travis travis    880 Jul 11 02:11 ModularCodeGenTest_A1.mk
-rw-rw-r--   1 travis travis   1352 Jul 11 02:11 ModularCodeGenTest_A1_profile.class
-rw-rw-r--   1 travis travis   1394 Jul 11 02:11 ModularCodeGenTest_A1_profile.java
drwxrwxr-x   3 travis travis  32768 Jul 11 02:10 modulation2
drwxrwxr-x 139 travis travis  12288 Jul 11 02:11 node_modules
drwxrwxr-x   3 travis travis  20480 Jul 11 02:06 PhaseUnwrap
drwxrwxr-x   3 travis travis  12288 Jul 11 02:06 ReadFile1
-rw-rw-r--   1 travis travis     11 Jul 11 02:06 ReadFile1Output.txt
-rw-rw-r--   1 travis travis   9615 Jul 11 02:11 Repeat.class
-rw-rw-r--   1 travis travis    666 Jul 11 02:11 Repeat$_fireFunction_Repeat_Repeat$__f_sL_11.class
-rw-rw-r--   1 travis travis    522 Jul 11 02:11 Repeat$_fireFunction_Repeat_Repeat$__f_sL_12.class
-rw-rw-r--   1 travis travis    522 Jul 11 02:11 Repeat$_fireFunction_Repeat_Repeat$__f_sL_13.class
-rw-rw-r--   1 travis travis    522 Jul 11 02:11 Repeat$_fireFunction_Repeat_Repeat$__f_sL_14.class
-rw-rw-r--   1 travis travis    665 Jul 11 02:11 Repeat$_fireFunction_Repeat_Repeat$__f_sL_1.class
-rw-rw-r--   1 travis travis    664 Jul 11 02:11 Repeat$_fireFunction_Repeat_Repeat$__f_sL_4.class
-rw-rw-r--   1 travis travis    520 Jul 11 02:11 Repeat$_fireFunction_Repeat_Repeat$__f_sL_9.class
-rw-rw-r--   1 travis travis    475 Jul 11 02:11 Repeat$_initialize_Repeat$__i_sL_2.class
-rw-rw-r--   1 travis travis   1281 Jul 11 02:10 Repeat.mk
-rw-rw-r--   1 travis travis    520 Jul 11 02:11 Repeat$_preinitializeMethod_Repeat$__p_sL_0.class
-rw-rw-r--   1 travis travis   1083 Jul 11 02:11 Repeat$_Repeat$_fireFunction_Repeat_AddSubtract_Repeat.class
-rw-rw-r--   1 travis travis    791 Jul 11 02:11 Repeat$_Repeat$_fireFunction_Repeat_AddSubtract_Repeat$__f_sL_0.class
-rw-rw-r--   1 travis travis    909 Jul 11 02:11 Repeat$_Repeat$_fireFunction_Repeat_AddSubtract_Repeat$__f_sL_1.class
-rw-rw-r--   1 travis travis    915 Jul 11 02:11 Repeat$_Repeat$_fireFunction_Repeat_AddSubtract_Repeat$__f_sL_2.class
-rw-rw-r--   1 travis travis    843 Jul 11 02:11 Repeat$_Repeat$_fireFunction_Repeat_AddSubtract_Repeat$__f_sL_3.class
-rw-rw-r--   1 travis travis    738 Jul 11 02:11 Repeat$_Repeat$_fireFunction_Repeat_Ramp2_Repeat$__f_sL_0.class
-rw-rw-r--   1 travis travis    869 Jul 11 02:11 Repeat$_Repeat$_fireFunction_Repeat_Test_Repeat$__f_sL_0.class
-rw-rw-r--   1 travis travis    615 Jul 11 02:11 Repeat$_Repeat$_fireFunction_Repeat_Test_Repeat$__f_sL_1.class
-rw-rw-r--   1 travis travis    685 Jul 11 02:11 Repeat$_Repeat_SDF_Director_run_Repeat$__R_sL_0.class
-rw-rw-r--   1 travis travis    686 Jul 11 02:11 Repeat$_Repeat_SDF_Director_run_Repeat$__R_sL_11.class
-rw-rw-r--   1 travis travis    542 Jul 11 02:11 Repeat$_Repeat_SDF_Director_run_Repeat$__R_sL_13.class
-rw-rw-r--   1 travis travis    540 Jul 11 02:11 Repeat$_Repeat_SDF_Director_run_Repeat$__R_sL_2.class
-rw-rw-r--   1 travis travis    684 Jul 11 02:11 Repeat$_Repeat_SDF_Director_run_Repeat$__R_sL_3.class
-rw-rw-r--   1 travis travis    540 Jul 11 02:11 Repeat$_Repeat_SDF_Director_run_Repeat$__R_sL_5.class
-rw-rw-r--   1 travis travis    540 Jul 11 02:11 Repeat$_Repeat_SDF_Director_run_Repeat$__R_sL_8.class
drwxrwxr-x   2 travis travis   4096 Jul 11 02:11 RepeatVariables
-rw-rw-r--   1 travis travis    863 Jul 11 02:11 Repeat$_varinit_Repeat.class
-rw-rw-r--   1 travis travis    531 Jul 11 02:11 Repeat$_varinit_Repeat$__v_sL_2.class
-rw-rw-r--   1 travis travis    905 Jul 11 02:11 Repeat$_varinit_Repeat$__v_sL_4.class
-rw-rw-r--   1 travis travis    959 Jul 11 02:11 Repeat$_wrapup_Repeat$__w_sL_1.class
drwxrwxr-x   3 travis travis  20480 Jul 11 02:06 Sinewave
drwxrwxr-x   3 travis travis  32768 Jul 11 02:08 StringFunction
drwxrwxr-x   3 travis travis  12288 Jul 11 02:08 StringLength
drwxrwxr-x   3 travis travis  61440 Jul 11 02:09 StringMatches2
drwxrwxr-x   3 travis travis  61440 Jul 11 02:09 StringSimpleReplace
drwxrwxr-x   3 travis travis  65536 Jul 11 02:09 StringSubstring
drwxrwxr-x   3 travis travis  24576 Jul 11 02:09 StringSubstring2
drwxrwxr-x   3 travis travis  16384 Jul 11 02:10 time1
drwxrwxr-x   3 travis travis  12288 Jul 11 02:10 time5
-rw-rw-r--   1 travis travis    432 Jul 11 02:13 Token.class
-rw-rw-r--   1 travis travis    251 Jul 11 02:13 Token.java
-rwxrwxr-x   1 travis travis 466992 Jul 11 02:03 top
-rw-rw-r--   1 travis travis  20502 Jul 11 02:03 top.c
-rw-rw-r--   1 travis travis   3799 Jul 11 02:11 top.class
-rw-rw-r--   1 travis travis   1257 Jul 11 02:11 top.mk
All Done
Writing ModularCodeGenPubSub3_A1.java in file:/home/travis/cg/ (10100 characters)
Reading "ptolemy/cg/kernel/generic/program/procedural/java/modular/makefile.in",
    writing "/home/travis/cg/ModularCodeGenPubSub3_A1.mk"
Using ptolemy/cg/kernel/generic/program/procedural/java/modular/makefile.in
In "/home/travis/cg", about to execute:
    make -f ModularCodeGenPubSub3_A1.mk
javac -classpath ".:.."    ModularCodeGenPubSub3_A1.java
All Done
6457 ms. Memory: 193536K Free: 135878K (70%)
----------------- Invoking toplevel() on ptolemy.moml.MoMLSimpleApplication@4f8ce180
----------------- Done invoking toplevel() on ptolemy.moml.MoMLSimpleApplication@4f8ce180
reloadAllAccessors: .ModularCodeGenPubSub3

===========================================================================================
----------------- testing Thu Jul 11 02:13:33 UTC 2019 /home/travis/build/icyphy/ptII/ptolemy/cg/lib/test/auto/ModularCodeGenPubSub4.xml
----------------- Instantiating /home/travis/build/icyphy/ptII/ptolemy/cg/lib/test/auto/ModularCodeGenPubSub4.xml
In "/home/travis/cg", about to execute:
    pwd
In "/home/travis/cg", about to execute:
    ls -l
/home/travis/cg
In "/home/travis/cg", about to execute:
    javac -classpath
.:/home/travis/build/icyphy/ptII:/home/travis/build/icyphy/ptII/lib/bsh-2.0b4.j
ar:/home/travis/build/icyphy/ptII/lib/ptCal.jar:/home/travis/build/icyphy/ptII/
lib/java_cup.jar:/home/travis/build/icyphy/ptII/lib/saxon8.jar:/home/travis/bui
ld/icyphy/ptII/lib/saxon8-dom.jar:/home/travis/build/icyphy/ptII/lib/chic.jar:/
home/travis/build/icyphy/ptII/lib/ptcolt.jar:/home/travis/build/icyphy/ptII/ven
dors/misc/itext/iText.jar:/home/travis/build/icyphy/ptII/lib/g4ltl.jar:/home/tr
avis/build/icyphy/ptII/lib/StructuralCoder.jar:/home/travis/build/icyphy/ptII/v
endors/jai-1_1_2_01/lib/jai_core.jar:/home/travis/build/icyphy/ptII/vendors/jai
-1_1_2_01/lib/jai_codec.jar:/home/travis/build/icyphy/ptII/lib/jcerti.jar:/home
/travis/build/icyphy/ptII/lib/javax.mail.jar:/usr/share/java/openjfx/jre/lib/ex
t/jfxrt.jar:/usr/lib/jvm/java-8-openjdk-amd64/jre/lib/ext/jfxrt.jar:/home/travi
s/build/icyphy/ptII/vendors/JMF-2.1.1e/lib/jmf.jar:/home/travis/build/icyphy/pt
II/lib/jna-4.0.0-variadic.jar:/home/travis/build/icyphy/ptII/vendors/misc/joyst
ick/Joystick.jar:/home/travis/build/icyphy/ptII/lib/ptjacl.jar:/home/travis/bui
ld/icyphy/ptII/lib/jsoup-1.8.2.jar:/home/travis/build/icyphy/ptII/lib/junit-4.8
.2.jar:/home/travis/build/icyphy/ptII/lib/JUnitParams-0.4.0.jar:/home/travis/bu
ild/icyphy/ptII/ptolemy/actor/lib/excel/jxl.jar:/home/travis/build/icyphy/ptII/
lib/jython.jar:/home/travis/build/icyphy/ptII/lib/kieler.jar:/home/travis/build
/icyphy/ptII/lib/opencv-341.jar:/home/travis/build/icyphy/ptII/lib/oscP5.jar:/h
ome/travis/build/icyphy/ptII/lib/nrjavaserial-3.11.0.devel.jar:/home/travis/bui
ld/icyphy/ptII/vendors/j3d/lib/j3dcore.jar:/home/travis/build/icyphy/ptII/vendo
rs/j3d/lib/j3dutils.jar:/home/travis/build/icyphy/ptII/vendors/j3d/lib/vecmath.
jar:/home/travis/build/icyphy/ptII/ptolemy/distributed/jini/jar/jini-core.jar:/
home/travis/build/icyphy/ptII/ptolemy/distributed/jini/jar/jini-ext.jar:/home/t
ravis/build/icyphy/ptII/ptolemy/distributed/jini/jar/sun-util.jar:/home/travis/
build/icyphy/ptII/lib/protobuf-java-2.4.1.jar:/home/travis/build/icyphy/ptII/li
b/org.eclipse.paho.client.mqttv3.jar:/home/travis/build/icyphy/ptII/lib/mapss.j
ar:/home/travis/build/icyphy/ptII/ptolemy/actor/ptalon/antlr/antlr.jar:/home/tr
avis/build/icyphy/ptII/lib/JRI.jar:/home/travis/build/icyphy/ptII/lib/commons-l
ang-2.6.jar:/home/travis/build/icyphy/ptII/lib/commons-logging-1.1.1.jar:/home/
travis/build/icyphy/ptII/lib/sootclasses.jar:/home/travis/build/icyphy/ptII/pto
lemy/actor/lib/database/mysql-connector-java-5.1.6-bin.jar:/home/travis/build/i
cyphy/ptII/vendors/misc/sphinx4/sphinx4-data-5prealpha.jar:/home/travis/build/i
cyphy/ptII/vendors/misc/sphinx4/sphinx4-core-5prealpha.jar:/home/travis/build/i
cyphy/ptII/lib/PDFRenderer.jar:/home/travis/build/icyphy/ptII/lib/svgSalamander
.jar:/home/travis/build/icyphy/ptII/lib/rsyntaxtextarea-2.6.0-SNAPSHOT.jar:/hom
e/travis/build/icyphy/ptII/lib/hazelcast-3.8.2.jar:/home/travis/build/icyphy/pt
II/lib/jackson-annotations-2.9.0.jar:/home/travis/build/icyphy/ptII/lib/jackson
-core-2.9.3.jar:/home/travis/build/icyphy/ptII/lib/jackson-databind-2.9.3.jar:/
home/travis/build/icyphy/ptII/lib/netty-buffer-4.1.19.Final.jar:/home/travis/bu
ild/icyphy/ptII/lib/netty-codec-4.1.19.Final.jar:/home/travis/build/icyphy/ptII
/lib/netty-codec-dns-4.1.19.Final.jar:/home/travis/build/icyphy/ptII/lib/netty-
codec-http-4.1.19.Final.jar:/home/travis/build/icyphy/ptII/lib/netty-codec-http
2-4.1.19.Final.jar:/home/travis/build/icyphy/ptII/lib/netty-common-4.1.19.Final
.jar:/home/travis/build/icyphy/ptII/lib/netty-handler-4.1.19.Final.jar:/home/tr
avis/build/icyphy/ptII/lib/netty-resolver-4.1.19.Final.jar:/home/travis/build/i
cyphy/ptII/lib/netty-resolver-dns-4.1.19.Final.jar:/home/travis/build/icyphy/pt
II/lib/netty-transport-4.1.19.Final.jar:/home/travis/build/icyphy/ptII/lib/vert
x-codegen-3.5.1.jar:/home/travis/build/icyphy/ptII/lib/vertx-core-3.5.2-SNAPSHO
T.jar:/home/travis/build/icyphy/ptII/lib/vertx-hazelcast-3.5.1.jar:/home/travis
/build/icyphy/ptII/lib/vertx-lang-js-3.5.1.jar:/home/travis/build/icyphy/ptII/l
ib/vertx-service-proxy-3.5.1.jar:/home/travis/build/icyphy/ptII/lib/vertx-web-3
.5.1.jar:/home/travis/build/icyphy/ptII/lib/slf4j-api-1.7.13.jar:/home/travis/b
uild/icyphy/ptII/lib/slf4j-simple-1.7.13.jar:/home/travis/build/icyphy/ptII/lib
/webcam-capture-0.3.12.jar:/home/travis/build/icyphy/ptII/lib/bridj-0.7.0.jar:/
home/travis/build/icyphy/ptII/lib/xbjlib-1.1.0.nrjavaserial.jar:/home/travis/bu
ild/icyphy/ptII/ptolemy/moml/test:/home/travis/build/icyphy/ptII/ant/lib/ant-la
uncher.jar:/home/travis/build/icyphy/ptII/ant/lib/ant.jar:/home/travis/build/ic
yphy/ptII/ant/lib/ant-junit.jar:/home/travis/build/icyphy/ptII/ant/lib/ant-juni
t4.jar:/home/travis/build/icyphy/ptII ModularCodeGenPubSub4_A1_A_profile.java
total 2544
drwxrwxr-x   3 travis travis  12288 Jul 11 02:04 AbsoluteValue
drwxrwxr-x   3 travis travis 102400 Jul 11 02:03 AllColt
-rw-rw-r--   1 travis travis    233 Jul 11 02:13 Array.class
-rw-rw-r--   1 travis travis    459 Jul 11 02:13 Array.java
drwxrwxr-x   3 travis travis  12288 Jul 11 02:04 Case1
-rw-rw-r--   1 travis travis   5104 Jul 11 02:11 CompiledCompositeActor_CompiledCompositeActor.class
-rw-rw-r--   1 travis travis   1592 Jul 11 02:11 CompiledCompositeActor_CompiledCompositeActor$_CompiledCompositeActor_CompiledCompositeActor.class
-rw-rw-r--   1 travis travis  13466 Jul 11 02:11 CompiledCompositeActor_CompiledCompositeActor.java
-rw-rw-r--   1 travis travis   1593 Jul 11 02:11 CompiledCompositeActor_CompiledCompositeActor.mk
drwxrwxr-x   5 travis travis   4096 Jul 11 02:03 fmi
drwxrwxr-x   3 travis travis  16384 Jul 11 02:05 Gaussian2
-rw-rw-r--   1 travis travis   4660 Jul 11 02:11 JavaCompiledCompositeTest1_CompiledCompositeActor.class
-rw-rw-r--   1 travis travis  11637 Jul 11 02:11 JavaCompiledCompositeTest1_CompiledCompositeActor.java
-rw-rw-r--   1 travis travis   1198 Jul 11 02:11 JavaCompiledCompositeTest1_CompiledCompositeActor$_JavaCompiledCompositeTest1_CompiledCompositeActor.class
-rw-rw-r--   1 travis travis   1625 Jul 11 02:11 JavaCompiledCompositeTest1_CompiledCompositeActor.mk
-rw-rw-r--   1 travis travis   5091 Jul 11 02:11 JavaCompiledCompositeTest2_CompiledCompositeActor.class
-rw-rw-r--   1 travis travis  14919 Jul 11 02:11 JavaCompiledCompositeTest2_CompiledCompositeActor.java
-rw-rw-r--   1 travis travis   1793 Jul 11 02:11 JavaCompiledCompositeTest2_CompiledCompositeActor$_JavaCompiledCompositeTest2_CompiledCompositeActor.class
-rw-rw-r--   1 travis travis   1625 Jul 11 02:11 JavaCompiledCompositeTest2_CompiledCompositeActor.mk
-rw-rw-r--   1 travis travis   4708 Jul 11 02:11 JavaCompiledCompositeTest3_CompiledCompositeActor.class
-rw-rw-r--   1 travis travis  13080 Jul 11 02:11 JavaCompiledCompositeTest3_CompiledCompositeActor.java
-rw-rw-r--   1 travis travis   1378 Jul 11 02:11 JavaCompiledCompositeTest3_CompiledCompositeActor$_JavaCompiledCompositeTest3_CompiledCompositeActor.class
-rw-rw-r--   1 travis travis   1625 Jul 11 02:11 JavaCompiledCompositeTest3_CompiledCompositeActor.mk
-rw-rw-r--   1 travis travis   4159 Jul 11 02:11 JavaCompiledCompositeTest4_CompiledCompositeActor.class
-rw-rw-r--   1 travis travis   9687 Jul 11 02:11 JavaCompiledCompositeTest4_CompiledCompositeActor.java
-rw-rw-r--   1 travis travis    857 Jul 11 02:11 JavaCompiledCompositeTest4_CompiledCompositeActor$_JavaCompiledCompositeTest4_CompiledCompositeActor.class
-rw-rw-r--   1 travis travis   1625 Jul 11 02:11 JavaCompiledCompositeTest4_CompiledCompositeActor.mk
drwxrwxr-x   3 travis travis  12288 Jul 11 02:05 LookupTable
drwxrwxr-x   3 travis travis  20480 Jul 11 02:05 MaxIndex
-rw-rw-r--   1 travis travis   3925 Jul 11 02:11 ModularCG_A1_B1.class
-rw-rw-r--   1 travis travis   9730 Jul 11 02:11 ModularCG_A1_B1.java
-rw-rw-r--   1 travis travis    832 Jul 11 02:11 ModularCG_A1_B1.mk
-rw-rw-r--   1 travis travis   1318 Jul 11 02:11 ModularCG_A1_B1_profile.class
-rw-rw-r--   1 travis travis   1262 Jul 11 02:11 ModularCG_A1_B1_profile.java
-rw-rw-r--   1 travis travis   3925 Jul 11 02:11 ModularCG_A1_B2.class
-rw-rw-r--   1 travis travis   9730 Jul 11 02:11 ModularCG_A1_B2.java
-rw-rw-r--   1 travis travis    832 Jul 11 02:11 ModularCG_A1_B2.mk
-rw-rw-r--   1 travis travis   1318 Jul 11 02:11 ModularCG_A1_B2_profile.class
-rw-rw-r--   1 travis travis   1262 Jul 11 02:11 ModularCG_A1_B2_profile.java
-rw-rw-r--   1 travis travis   5031 Jul 11 02:11 ModularCG_A1.class
-rw-rw-r--   1 travis travis  14742 Jul 11 02:11 ModularCG_A1.java
-rw-rw-r--   1 travis travis    808 Jul 11 02:11 ModularCG_A1.mk
-rw-rw-r--   1 travis travis   1433 Jul 11 02:11 ModularCG_A1_profile.class
-rw-rw-r--   1 travis travis   1704 Jul 11 02:11 ModularCG_A1_profile.java
-rw-rw-r--   1 travis travis   4059 Jul 11 02:11 ModularCG_A2_B1.class
-rw-rw-r--   1 travis travis  10667 Jul 11 02:11 ModularCG_A2_B1.java
-rw-rw-r--   1 travis travis    832 Jul 11 02:11 ModularCG_A2_B1.mk
-rw-rw-r--   1 travis travis   1381 Jul 11 02:11 ModularCG_A2_B1_profile.class
-rw-rw-r--   1 travis travis   1446 Jul 11 02:11 ModularCG_A2_B1_profile.java
-rw-rw-r--   1 travis travis   3925 Jul 11 02:11 ModularCG_A2_B2.class
-rw-rw-r--   1 travis travis   9730 Jul 11 02:11 ModularCG_A2_B2.java
-rw-rw-r--   1 travis travis    832 Jul 11 02:11 ModularCG_A2_B2.mk
-rw-rw-r--   1 travis travis   1318 Jul 11 02:11 ModularCG_A2_B2_profile.class
-rw-rw-r--   1 travis travis   1262 Jul 11 02:11 ModularCG_A2_B2_profile.java
-rw-rw-r--   1 travis travis   5102 Jul 11 02:11 ModularCG_A2.class
-rw-rw-r--   1 travis travis  15129 Jul 11 02:11 ModularCG_A2.java
-rw-rw-r--   1 travis travis    808 Jul 11 02:11 ModularCG_A2.mk
-rw-rw-r--   1 travis travis   1433 Jul 11 02:11 ModularCG_A2_profile.class
-rw-rw-r--   1 travis travis   1704 Jul 11 02:11 ModularCG_A2_profile.java
-rw-rw-r--   1 travis travis   3705 Jul 11 02:12 ModularCGPubSub_A1_A2.class
-rw-rw-r--   1 travis travis   9076 Jul 11 02:11 ModularCGPubSub_A1_A2.java
-rw-rw-r--   1 travis travis    880 Jul 11 02:11 ModularCGPubSub_A1_A2.mk
-rw-rw-r--   1 travis travis   1300 Jul 11 02:11 ModularCGPubSub_A1_A2_profile.class
-rw-rw-r--   1 travis travis   1222 Jul 11 02:11 ModularCGPubSub_A1_A2_profile.java
-rw-rw-r--   1 travis travis   4022 Jul 11 02:12 ModularCGPubSub_A1.class
-rw-rw-r--   1 travis travis   9836 Jul 11 02:12 ModularCGPubSub_A1.java
-rw-rw-r--   1 travis travis    856 Jul 11 02:12 ModularCGPubSub_A1.mk
-rw-rw-r--   1 travis travis   1346 Jul 11 02:12 ModularCGPubSub_A1_profile.class
-rw-rw-r--   1 travis travis   1388 Jul 11 02:12 ModularCGPubSub_A1_profile.java
-rw-rw-r--   1 travis travis   4220 Jul 11 02:12 ModularCodeGen2_ModularCodeGenTypedCompositeActor.class
-rw-rw-r--   1 travis travis  11690 Jul 11 02:12 ModularCodeGen2_ModularCodeGenTypedCompositeActor.java
-rw-rw-r--   1 travis travis   1104 Jul 11 02:12 ModularCodeGen2_ModularCodeGenTypedCompositeActor.mk
-rw-rw-r--   1 travis travis   4504 Jul 11 02:12 ModularCodeGen2_ModularCodeGenTypedCompositeActor_ModularCodeGenTypedCompositeActor.class
-rw-rw-r--   1 travis travis  11790 Jul 11 02:12 ModularCodeGen2_ModularCodeGenTypedCompositeActor_ModularCodeGenTypedCompositeActor.java
-rw-rw-r--   1 travis travis   1376 Jul 11 02:12 ModularCodeGen2_ModularCodeGenTypedCompositeActor_ModularCodeGenTypedCompositeActor.mk
-rw-rw-r--   1 travis travis   1421 Jul 11 02:12 ModularCodeGen2_ModularCodeGenTypedCompositeActor_ModularCodeGenTypedCompositeActor_profile.class
-rw-rw-r--   1 travis travis   1294 Jul 11 02:12 ModularCodeGen2_ModularCodeGenTypedCompositeActor_ModularCodeGenTypedCompositeActor_profile.java
-rw-rw-r--   1 travis travis    820 Jul 11 02:12 ModularCodeGen2_ModularCodeGenTypedCompositeActor_profile.class
-rw-rw-r--   1 travis travis    693 Jul 11 02:12 ModularCodeGen2_ModularCodeGenTypedCompositeActor_profile.java
-rw-rw-r--   1 travis travis   3973 Jul 11 02:12 ModularCodeGen3_A1_B1.class
-rw-rw-r--   1 travis travis   9958 Jul 11 02:12 ModularCodeGen3_A1_B1.java
-rw-rw-r--   1 travis travis    880 Jul 11 02:12 ModularCodeGen3_A1_B1.mk
-rw-rw-r--   1 travis travis   1330 Jul 11 02:12 ModularCodeGen3_A1_B1_profile.class
-rw-rw-r--   1 travis travis   1274 Jul 11 02:12 ModularCodeGen3_A1_B1_profile.java
-rw-rw-r--   1 travis travis   3973 Jul 11 02:12 ModularCodeGen3_A1_B2.class
-rw-rw-r--   1 travis travis   9958 Jul 11 02:12 ModularCodeGen3_A1_B2.java
-rw-rw-r--   1 travis travis    880 Jul 11 02:12 ModularCodeGen3_A1_B2.mk
-rw-rw-r--   1 travis travis   1330 Jul 11 02:12 ModularCodeGen3_A1_B2_profile.class
-rw-rw-r--   1 travis travis   1274 Jul 11 02:12 ModularCodeGen3_A1_B2_profile.java
-rw-rw-r--   1 travis travis   5193 Jul 11 02:12 ModularCodeGen3_A1.class
-rw-rw-r--   1 travis travis  15564 Jul 11 02:12 ModularCodeGen3_A1.java
-rw-rw-r--   1 travis travis    856 Jul 11 02:12 ModularCodeGen3_A1.mk
-rw-rw-r--   1 travis travis   1445 Jul 11 02:12 ModularCodeGen3_A1_profile.class
-rw-rw-r--   1 travis travis   1716 Jul 11 02:12 ModularCodeGen3_A1_profile.java
-rw-rw-r--   1 travis travis   4119 Jul 11 02:12 ModularCodeGen3_A2_B1.class
-rw-rw-r--   1 travis travis  10955 Jul 11 02:12 ModularCodeGen3_A2_B1.java
-rw-rw-r--   1 travis travis    880 Jul 11 02:12 ModularCodeGen3_A2_B1.mk
-rw-rw-r--   1 travis travis   1393 Jul 11 02:12 ModularCodeGen3_A2_B1_profile.class
-rw-rw-r--   1 travis travis   1458 Jul 11 02:12 ModularCodeGen3_A2_B1_profile.java
-rw-rw-r--   1 travis travis   3973 Jul 11 02:12 ModularCodeGen3_A2_B2.class
-rw-rw-r--   1 travis travis   9958 Jul 11 02:12 ModularCodeGen3_A2_B2.java
-rw-rw-r--   1 travis travis    880 Jul 11 02:12 ModularCodeGen3_A2_B2.mk
-rw-rw-r--   1 travis travis   1330 Jul 11 02:12 ModularCodeGen3_A2_B2_profile.class
-rw-rw-r--   1 travis travis   1274 Jul 11 02:12 ModularCodeGen3_A2_B2_profile.java
-rw-rw-r--   1 travis travis   5270 Jul 11 02:12 ModularCodeGen3_A2.class
-rw-rw-r--   1 travis travis  15957 Jul 11 02:12 ModularCodeGen3_A2.java
-rw-rw-r--   1 travis travis    856 Jul 11 02:12 ModularCodeGen3_A2.mk
-rw-rw-r--   1 travis travis   1445 Jul 11 02:12 ModularCodeGen3_A2_profile.class
-rw-rw-r--   1 travis travis   1716 Jul 11 02:12 ModularCodeGen3_A2_profile.java
-rw-rw-r--   1 travis travis   4026 Jul 11 02:12 ModularCodeGen4_A1_B1.class
-rw-rw-r--   1 travis travis  10312 Jul 11 02:12 ModularCodeGen4_A1_B1.java
-rw-rw-r--   1 travis travis    880 Jul 11 02:12 ModularCodeGen4_A1_B1.mk
-rw-rw-r--   1 travis travis   1330 Jul 11 02:12 ModularCodeGen4_A1_B1_profile.class
-rw-rw-r--   1 travis travis   1273 Jul 11 02:12 ModularCodeGen4_A1_B1_profile.java
-rw-rw-r--   1 travis travis   4026 Jul 11 02:12 ModularCodeGen4_A1_B2.class
-rw-rw-r--   1 travis travis  10312 Jul 11 02:12 ModularCodeGen4_A1_B2.java
-rw-rw-r--   1 travis travis    880 Jul 11 02:12 ModularCodeGen4_A1_B2.mk
-rw-rw-r--   1 travis travis   1330 Jul 11 02:12 ModularCodeGen4_A1_B2_profile.class
-rw-rw-r--   1 travis travis   1273 Jul 11 02:12 ModularCodeGen4_A1_B2_profile.java
-rw-rw-r--   1 travis travis   5333 Jul 11 02:12 ModularCodeGen4_A1.class
-rw-rw-r--   1 travis travis  16245 Jul 11 02:12 ModularCodeGen4_A1.java
-rw-rw-r--   1 travis travis    856 Jul 11 02:12 ModularCodeGen4_A1.mk
-rw-rw-r--   1 travis travis   1445 Jul 11 02:12 ModularCodeGen4_A1_profile.class
-rw-rw-r--   1 travis travis   1712 Jul 11 02:12 ModularCodeGen4_A1_profile.java
-rw-rw-r--   1 travis travis   4220 Jul 11 02:12 ModularCodeGen4_A2_B1.class
-rw-rw-r--   1 travis travis  11375 Jul 11 02:12 ModularCodeGen4_A2_B1.java
-rw-rw-r--   1 travis travis    880 Jul 11 02:12 ModularCodeGen4_A2_B1.mk
-rw-rw-r--   1 travis travis   1393 Jul 11 02:12 ModularCodeGen4_A2_B1_profile.class
-rw-rw-r--   1 travis travis   1454 Jul 11 02:12 ModularCodeGen4_A2_B1_profile.java
-rw-rw-r--   1 travis travis   4074 Jul 11 02:12 ModularCodeGen4_A2_B2.class
-rw-rw-r--   1 travis travis  10378 Jul 11 02:12 ModularCodeGen4_A2_B2.java
-rw-rw-r--   1 travis travis    880 Jul 11 02:12 ModularCodeGen4_A2_B2.mk
-rw-rw-r--   1 travis travis   1330 Jul 11 02:12 ModularCodeGen4_A2_B2_profile.class
-rw-rw-r--   1 travis travis   1270 Jul 11 02:12 ModularCodeGen4_A2_B2_profile.java
-rw-rw-r--   1 travis travis   5506 Jul 11 02:12 ModularCodeGen4_A2.class
-rw-rw-r--   1 travis travis  16770 Jul 11 02:12 ModularCodeGen4_A2.java
-rw-rw-r--   1 travis travis    856 Jul 11 02:12 ModularCodeGen4_A2.mk
-rw-rw-r--   1 travis travis   1445 Jul 11 02:12 ModularCodeGen4_A2_profile.class
-rw-rw-r--   1 travis travis   1712 Jul 11 02:12 ModularCodeGen4_A2_profile.java
-rw-rw-r--   1 travis travis   7070 Jul 11 02:12 ModularCodeGen5_A_A.class
-rw-rw-r--   1 travis travis  28721 Jul 11 02:12 ModularCodeGen5_A_A.java
-rw-rw-r--   1 travis travis    864 Jul 11 02:12 ModularCodeGen5_A_A.mk
-rw-rw-r--   1 travis travis   1520 Jul 11 02:12 ModularCodeGen5_A_A_profile.class
-rw-rw-r--   1 travis travis   1815 Jul 11 02:12 ModularCodeGen5_A_A_profile.java
-rw-rw-r--   1 travis travis   5347 Jul 11 02:13 ModularCodeGen5_A.class
-rw-rw-r--   1 travis travis  13769 Jul 11 02:12 ModularCodeGen5_A.java
-rw-rw-r--   1 travis travis    848 Jul 11 02:12 ModularCodeGen5_A.mk
-rw-rw-r--   1 travis travis   1422 Jul 11 02:12 ModularCodeGen5_A_profile.class
-rw-rw-r--   1 travis travis   1605 Jul 11 02:12 ModularCodeGen5_A_profile.java
-rw-rw-r--   1 travis travis   4357 Jul 11 02:13 ModularCodeGen6_A_A2.class
-rw-rw-r--   1 travis travis  11329 Jul 11 02:13 ModularCodeGen6_A_A2.java
-rw-rw-r--   1 travis travis    872 Jul 11 02:13 ModularCodeGen6_A_A2.mk
-rw-rw-r--   1 travis travis   1351 Jul 11 02:13 ModularCodeGen6_A_A2_profile.class
-rw-rw-r--   1 travis travis   1364 Jul 11 02:13 ModularCodeGen6_A_A2_profile.java
-rw-rw-r--   1 travis travis   4340 Jul 11 02:13 ModularCodeGen6_A_A.class
-rw-rw-r--   1 travis travis  11221 Jul 11 02:13 ModularCodeGen6_A_A.java
-rw-rw-r--   1 travis travis    864 Jul 11 02:13 ModularCodeGen6_A_A.mk
-rw-rw-r--   1 travis travis   1348 Jul 11 02:13 ModularCodeGen6_A_A_profile.class
-rw-rw-r--   1 travis travis   1361 Jul 11 02:13 ModularCodeGen6_A_A_profile.java
-rw-rw-r--   1 travis travis   7469 Jul 11 02:13 ModularCodeGen6_A.class
-rw-rw-r--   1 travis travis  26535 Jul 11 02:13 ModularCodeGen6_A.java
-rw-rw-r--   1 travis travis    848 Jul 11 02:13 ModularCodeGen6_A.mk
-rw-rw-r--   1 travis travis   1483 Jul 11 02:13 ModularCodeGen6_A_profile.class
-rw-rw-r--   1 travis travis   1810 Jul 11 02:13 ModularCodeGen6_A_profile.java
-rw-rw-r--   1 travis travis   9633 Jul 11 02:13 ModularCodeGenLazyPubSubGlobal_CompositeActor_ModularCodeGenTypedComposite.class
-rw-rw-r--   1 travis travis  30161 Jul 11 02:13 ModularCodeGenLazyPubSubGlobal_CompositeActor_ModularCodeGenTypedComposite.java
-rw-rw-r--   1 travis travis   1304 Jul 11 02:13 ModularCodeGenLazyPubSubGlobal_CompositeActor_ModularCodeGenTypedComposite.mk
-rw-rw-r--   1 travis travis   1438 Jul 11 02:13 ModularCodeGenLazyPubSubGlobal_CompositeActor_ModularCodeGenTypedComposite_profile.class
-rw-rw-r--   1 travis travis   1384 Jul 11 02:13 ModularCodeGenLazyPubSubGlobal_CompositeActor_ModularCodeGenTypedComposite_profile.java
-rw-rw-r--   1 travis travis   4184 Jul 11 02:13 ModularCodeGenLazyPubSub_LazyCompositeActor.class
-rw-rw-r--   1 travis travis  11122 Jul 11 02:13 ModularCodeGenLazyPubSub_LazyCompositeActor.java
-rw-rw-r--   1 travis travis   1056 Jul 11 02:13 ModularCodeGenLazyPubSub_LazyCompositeActor.mk
-rw-rw-r--   1 travis travis   1286 Jul 11 02:13 ModularCodeGenLazyPubSub_LazyCompositeActor_profile.class
-rw-rw-r--   1 travis travis   1091 Jul 11 02:13 ModularCodeGenLazyPubSub_LazyCompositeActor_profile.java
-rw-rw-r--   1 travis travis   4186 Jul 11 02:12 ModularCodeGen_ModularCodeGenTypedCompositeActor.class
-rw-rw-r--   1 travis travis  10970 Jul 11 02:12 ModularCodeGen_ModularCodeGenTypedCompositeActor.java
-rw-rw-r--   1 travis travis   1096 Jul 11 02:12 ModularCodeGen_ModularCodeGenTypedCompositeActor.mk
-rw-rw-r--   1 travis travis   1384 Jul 11 02:12 ModularCodeGen_ModularCodeGenTypedCompositeActor_profile.class
-rw-rw-r--   1 travis travis   1328 Jul 11 02:12 ModularCodeGen_ModularCodeGenTypedCompositeActor_profile.java
-rw-rw-r--   1 travis travis   3673 Jul 11 02:13 ModularCodeGenPubSub2_A1_A.class
-rw-rw-r--   1 travis travis   8578 Jul 11 02:13 ModularCodeGenPubSub2_A1_A.java
-rw-rw-r--   1 travis travis    920 Jul 11 02:13 ModularCodeGenPubSub2_A1_A.mk
-rw-rw-r--   1 travis travis   1274 Jul 11 02:13 ModularCodeGenPubSub2_A1_A_profile.class
-rw-rw-r--   1 travis travis   1128 Jul 11 02:13 ModularCodeGenPubSub2_A1_A_profile.java
-rw-rw-r--   1 travis travis   3965 Jul 11 02:13 ModularCodeGenPubSub2_A1.class
-rw-rw-r--   1 travis travis   9781 Jul 11 02:13 ModularCodeGenPubSub2_A1.java
-rw-rw-r--   1 travis travis    904 Jul 11 02:13 ModularCodeGenPubSub2_A1.mk
-rw-rw-r--   1 travis travis   1268 Jul 11 02:13 ModularCodeGenPubSub2_A1_profile.class
-rw-rw-r--   1 travis travis   1196 Jul 11 02:13 ModularCodeGenPubSub2_A1_profile.java
-rw-rw-r--   1 travis travis   3669 Jul 11 02:13 ModularCodeGenPubSub3_A1_A2.class
-rw-rw-r--   1 travis travis   8599 Jul 11 02:13 ModularCodeGenPubSub3_A1_A2.java
-rw-rw-r--   1 travis travis    928 Jul 11 02:13 ModularCodeGenPubSub3_A1_A2.mk
-rw-rw-r--   1 travis travis   1287 Jul 11 02:13 ModularCodeGenPubSub3_A1_A2_profile.class
-rw-rw-r--   1 travis travis   1132 Jul 11 02:13 ModularCodeGenPubSub3_A1_A2_profile.java
-rw-rw-r--   1 travis travis   4088 Jul 11 02:13 ModularCodeGenPubSub3_A1.class
-rw-rw-r--   1 travis travis  10100 Jul 11 02:13 ModularCodeGenPubSub3_A1.java
-rw-rw-r--   1 travis travis    904 Jul 11 02:13 ModularCodeGenPubSub3_A1.mk
-rw-rw-r--   1 travis travis   1358 Jul 11 02:13 ModularCodeGenPubSub3_A1_profile.class
-rw-rw-r--   1 travis travis   1400 Jul 11 02:13 ModularCodeGenPubSub3_A1_profile.java
-rw-rw-r--   1 travis travis   1128 Jul 11 02:13 ModularCodeGenPubSub4_A1_A_profile.java
-rw-rw-r--   1 travis travis   3707 Jul 11 02:13 ModularCodeGenPubSub_A1.class
-rw-rw-r--   1 travis travis   9060 Jul 11 02:13 ModularCodeGenPubSub_A1.java
-rw-rw-r--   1 travis travis    896 Jul 11 02:13 ModularCodeGenPubSub_A1.mk
-rw-rw-r--   1 travis travis   1278 Jul 11 02:13 ModularCodeGenPubSub_A1_profile.class
-rw-rw-r--   1 travis travis   1195 Jul 11 02:13 ModularCodeGenPubSub_A1_profile.java
-rw-rw-r--   1 travis travis   3724 Jul 11 02:11 ModularCodeGenTest_A1_A2.class
-rw-rw-r--   1 travis travis   9164 Jul 11 02:11 ModularCodeGenTest_A1_A2.java
-rw-rw-r--   1 travis travis   1306 Jul 11 02:11 ModularCodeGenTest_A1_A2_profile.class
-rw-rw-r--   1 travis travis   4055 Jul 11 02:11 ModularCodeGenTest_A1.class
-rw-rw-r--   1 travis travis   9968 Jul 11 02:11 ModularCodeGenTest_A1.java
-rw-rw-r--   1 travis travis    880 Jul 11 02:11 ModularCodeGenTest_A1.mk
-rw-rw-r--   1 travis travis   1352 Jul 11 02:11 ModularCodeGenTest_A1_profile.class
-rw-rw-r--   1 travis travis   1394 Jul 11 02:11 ModularCodeGenTest_A1_profile.java
drwxrwxr-x   3 travis travis  32768 Jul 11 02:10 modulation2
drwxrwxr-x 139 travis travis  12288 Jul 11 02:11 node_modules
drwxrwxr-x   3 travis travis  20480 Jul 11 02:06 PhaseUnwrap
drwxrwxr-x   3 travis travis  12288 Jul 11 02:06 ReadFile1
-rw-rw-r--   1 travis travis     11 Jul 11 02:06 ReadFile1Output.txt
-rw-rw-r--   1 travis travis   9615 Jul 11 02:11 Repeat.class
-rw-rw-r--   1 travis travis    666 Jul 11 02:11 Repeat$_fireFunction_Repeat_Repeat$__f_sL_11.class
-rw-rw-r--   1 travis travis    522 Jul 11 02:11 Repeat$_fireFunction_Repeat_Repeat$__f_sL_12.class
-rw-rw-r--   1 travis travis    522 Jul 11 02:11 Repeat$_fireFunction_Repeat_Repeat$__f_sL_13.class
-rw-rw-r--   1 travis travis    522 Jul 11 02:11 Repeat$_fireFunction_Repeat_Repeat$__f_sL_14.class
-rw-rw-r--   1 travis travis    665 Jul 11 02:11 Repeat$_fireFunction_Repeat_Repeat$__f_sL_1.class
-rw-rw-r--   1 travis travis    664 Jul 11 02:11 Repeat$_fireFunction_Repeat_Repeat$__f_sL_4.class
-rw-rw-r--   1 travis travis    520 Jul 11 02:11 Repeat$_fireFunction_Repeat_Repeat$__f_sL_9.class
-rw-rw-r--   1 travis travis    475 Jul 11 02:11 Repeat$_initialize_Repeat$__i_sL_2.class
-rw-rw-r--   1 travis travis   1281 Jul 11 02:10 Repeat.mk
-rw-rw-r--   1 travis travis    520 Jul 11 02:11 Repeat$_preinitializeMethod_Repeat$__p_sL_0.class
-rw-rw-r--   1 travis travis   1083 Jul 11 02:11 Repeat$_Repeat$_fireFunction_Repeat_AddSubtract_Repeat.class
-rw-rw-r--   1 travis travis    791 Jul 11 02:11 Repeat$_Repeat$_fireFunction_Repeat_AddSubtract_Repeat$__f_sL_0.class
-rw-rw-r--   1 travis travis    909 Jul 11 02:11 Repeat$_Repeat$_fireFunction_Repeat_AddSubtract_Repeat$__f_sL_1.class
-rw-rw-r--   1 travis travis    915 Jul 11 02:11 Repeat$_Repeat$_fireFunction_Repeat_AddSubtract_Repeat$__f_sL_2.class
-rw-rw-r--   1 travis travis    843 Jul 11 02:11 Repeat$_Repeat$_fireFunction_Repeat_AddSubtract_Repeat$__f_sL_3.class
-rw-rw-r--   1 travis travis    738 Jul 11 02:11 Repeat$_Repeat$_fireFunction_Repeat_Ramp2_Repeat$__f_sL_0.class
-rw-rw-r--   1 travis travis    869 Jul 11 02:11 Repeat$_Repeat$_fireFunction_Repeat_Test_Repeat$__f_sL_0.class
-rw-rw-r--   1 travis travis    615 Jul 11 02:11 Repeat$_Repeat$_fireFunction_Repeat_Test_Repeat$__f_sL_1.class
-rw-rw-r--   1 travis travis    685 Jul 11 02:11 Repeat$_Repeat_SDF_Director_run_Repeat$__R_sL_0.class
-rw-rw-r--   1 travis travis    686 Jul 11 02:11 Repeat$_Repeat_SDF_Director_run_Repeat$__R_sL_11.class
-rw-rw-r--   1 travis travis    542 Jul 11 02:11 Repeat$_Repeat_SDF_Director_run_Repeat$__R_sL_13.class
-rw-rw-r--   1 travis travis    540 Jul 11 02:11 Repeat$_Repeat_SDF_Director_run_Repeat$__R_sL_2.class
-rw-rw-r--   1 travis travis    684 Jul 11 02:11 Repeat$_Repeat_SDF_Director_run_Repeat$__R_sL_3.class
-rw-rw-r--   1 travis travis    540 Jul 11 02:11 Repeat$_Repeat_SDF_Director_run_Repeat$__R_sL_5.class
-rw-rw-r--   1 travis travis    540 Jul 11 02:11 Repeat$_Repeat_SDF_Director_run_Repeat$__R_sL_8.class
drwxrwxr-x   2 travis travis   4096 Jul 11 02:11 RepeatVariables
-rw-rw-r--   1 travis travis    863 Jul 11 02:11 Repeat$_varinit_Repeat.class
-rw-rw-r--   1 travis travis    531 Jul 11 02:11 Repeat$_varinit_Repeat$__v_sL_2.class
-rw-rw-r--   1 travis travis    905 Jul 11 02:11 Repeat$_varinit_Repeat$__v_sL_4.class
-rw-rw-r--   1 travis travis    959 Jul 11 02:11 Repeat$_wrapup_Repeat$__w_sL_1.class
drwxrwxr-x   3 travis travis  20480 Jul 11 02:06 Sinewave
drwxrwxr-x   3 travis travis  32768 Jul 11 02:08 StringFunction
drwxrwxr-x   3 travis travis  12288 Jul 11 02:08 StringLength
drwxrwxr-x   3 travis travis  61440 Jul 11 02:09 StringMatches2
drwxrwxr-x   3 travis travis  61440 Jul 11 02:09 StringSimpleReplace
drwxrwxr-x   3 travis travis  65536 Jul 11 02:09 StringSubstring
drwxrwxr-x   3 travis travis  24576 Jul 11 02:09 StringSubstring2
drwxrwxr-x   3 travis travis  16384 Jul 11 02:10 time1
drwxrwxr-x   3 travis travis  12288 Jul 11 02:10 time5
-rw-rw-r--   1 travis travis    432 Jul 11 02:13 Token.class
-rw-rw-r--   1 travis travis    251 Jul 11 02:13 Token.java
-rwxrwxr-x   1 travis travis 466992 Jul 11 02:03 top
-rw-rw-r--   1 travis travis  20502 Jul 11 02:03 top.c
-rw-rw-r--   1 travis travis   3799 Jul 11 02:11 top.class
-rw-rw-r--   1 travis travis   1257 Jul 11 02:11 top.mk
All Done
Writing ModularCodeGenPubSub4_A1_A.java in file:/home/travis/cg/ (8578 characters)
Reading "ptolemy/cg/kernel/generic/program/procedural/java/modular/makefile.in",
    writing "/home/travis/cg/ModularCodeGenPubSub4_A1_A.mk"
Using ptolemy/cg/kernel/generic/program/procedural/java/modular/makefile.in
In "/home/travis/cg", about to execute:
    make -f ModularCodeGenPubSub4_A1_A.mk
javac -classpath ".:.."    ModularCodeGenPubSub4_A1_A.java
All Done
In "/home/travis/cg", about to execute:
    pwd
/home/travis/cg
In "/home/travis/cg", about to execute:
    ls -l
total 2572
drwxrwxr-x   3 travis travis  12288 Jul 11 02:04 AbsoluteValue
drwxrwxr-x   3 travis travis 102400 Jul 11 02:03 AllColt
-rw-rw-r--   1 travis travis    233 Jul 11 02:13 Array.class
-rw-rw-r--   1 travis travis    459 Jul 11 02:13 Array.java
drwxrwxr-x   3 travis travis  12288 Jul 11 02:04 Case1
-rw-rw-r--   1 travis travis   5104 Jul 11 02:11 CompiledCompositeActor_CompiledCompositeActor.class
-rw-rw-r--   1 travis travis   1592 Jul 11 02:11 CompiledCompositeActor_CompiledCompositeActor$_CompiledCompositeActor_CompiledCompositeActor.class
-rw-rw-r--   1 travis travis  13466 Jul 11 02:11 CompiledCompositeActor_CompiledCompositeActor.java
-rw-rw-r--   1 travis travis   1593 Jul 11 02:11 CompiledCompositeActor_CompiledCompositeActor.mk
drwxrwxr-x   5 travis travis   4096 Jul 11 02:03 fmi
drwxrwxr-x   3 travis travis  16384 Jul 11 02:05 Gaussian2
-rw-rw-r--   1 travis travis   4660 Jul 11 02:11 JavaCompiledCompositeTest1_CompiledCompositeActor.class
-rw-rw-r--   1 travis travis  11637 Jul 11 02:11 JavaCompiledCompositeTest1_CompiledCompositeActor.java
-rw-rw-r--   1 travis travis   1198 Jul 11 02:11 JavaCompiledCompositeTest1_CompiledCompositeActor$_JavaCompiledCompositeTest1_CompiledCompositeActor.class
-rw-rw-r--   1 travis travis   1625 Jul 11 02:11 JavaCompiledCompositeTest1_CompiledCompositeActor.mk
-rw-rw-r--   1 travis travis   5091 Jul 11 02:11 JavaCompiledCompositeTest2_CompiledCompositeActor.class
-rw-rw-r--   1 travis travis  14919 Jul 11 02:11 JavaCompiledCompositeTest2_CompiledCompositeActor.java
-rw-rw-r--   1 travis travis   1793 Jul 11 02:11 JavaCompiledCompositeTest2_CompiledCompositeActor$_JavaCompiledCompositeTest2_CompiledCompositeActor.class
-rw-rw-r--   1 travis travis   1625 Jul 11 02:11 JavaCompiledCompositeTest2_CompiledCompositeActor.mk
-rw-rw-r--   1 travis travis   4708 Jul 11 02:11 JavaCompiledCompositeTest3_CompiledCompositeActor.class
-rw-rw-r--   1 travis travis  13080 Jul 11 02:11 JavaCompiledCompositeTest3_CompiledCompositeActor.java
-rw-rw-r--   1 travis travis   1378 Jul 11 02:11 JavaCompiledCompositeTest3_CompiledCompositeActor$_JavaCompiledCompositeTest3_CompiledCompositeActor.class
-rw-rw-r--   1 travis travis   1625 Jul 11 02:11 JavaCompiledCompositeTest3_CompiledCompositeActor.mk
-rw-rw-r--   1 travis travis   4159 Jul 11 02:11 JavaCompiledCompositeTest4_CompiledCompositeActor.class
-rw-rw-r--   1 travis travis   9687 Jul 11 02:11 JavaCompiledCompositeTest4_CompiledCompositeActor.java
-rw-rw-r--   1 travis travis    857 Jul 11 02:11 JavaCompiledCompositeTest4_CompiledCompositeActor$_JavaCompiledCompositeTest4_CompiledCompositeActor.class
-rw-rw-r--   1 travis travis   1625 Jul 11 02:11 JavaCompiledCompositeTest4_CompiledCompositeActor.mk
drwxrwxr-x   3 travis travis  12288 Jul 11 02:05 LookupTable
drwxrwxr-x   3 travis travis  20480 Jul 11 02:05 MaxIndex
-rw-rw-r--   1 travis travis   3925 Jul 11 02:11 ModularCG_A1_B1.class
-rw-rw-r--   1 travis travis   9730 Jul 11 02:11 ModularCG_A1_B1.java
-rw-rw-r--   1 travis travis    832 Jul 11 02:11 ModularCG_A1_B1.mk
-rw-rw-r--   1 travis travis   1318 Jul 11 02:11 ModularCG_A1_B1_profile.class
-rw-rw-r--   1 travis travis   1262 Jul 11 02:11 ModularCG_A1_B1_profile.java
-rw-rw-r--   1 travis travis   3925 Jul 11 02:11 ModularCG_A1_B2.class
-rw-rw-r--   1 travis travis   9730 Jul 11 02:11 ModularCG_A1_B2.java
-rw-rw-r--   1 travis travis    832 Jul 11 02:11 ModularCG_A1_B2.mk
-rw-rw-r--   1 travis travis   1318 Jul 11 02:11 ModularCG_A1_B2_profile.class
-rw-rw-r--   1 travis travis   1262 Jul 11 02:11 ModularCG_A1_B2_profile.java
-rw-rw-r--   1 travis travis   5031 Jul 11 02:11 ModularCG_A1.class
-rw-rw-r--   1 travis travis  14742 Jul 11 02:11 ModularCG_A1.java
-rw-rw-r--   1 travis travis    808 Jul 11 02:11 ModularCG_A1.mk
-rw-rw-r--   1 travis travis   1433 Jul 11 02:11 ModularCG_A1_profile.class
-rw-rw-r--   1 travis travis   1704 Jul 11 02:11 ModularCG_A1_profile.java
-rw-rw-r--   1 travis travis   4059 Jul 11 02:11 ModularCG_A2_B1.class
-rw-rw-r--   1 travis travis  10667 Jul 11 02:11 ModularCG_A2_B1.java
-rw-rw-r--   1 travis travis    832 Jul 11 02:11 ModularCG_A2_B1.mk
-rw-rw-r--   1 travis travis   1381 Jul 11 02:11 ModularCG_A2_B1_profile.class
-rw-rw-r--   1 travis travis   1446 Jul 11 02:11 ModularCG_A2_B1_profile.java
-rw-rw-r--   1 travis travis   3925 Jul 11 02:11 ModularCG_A2_B2.class
-rw-rw-r--   1 travis travis   9730 Jul 11 02:11 ModularCG_A2_B2.java
-rw-rw-r--   1 travis travis    832 Jul 11 02:11 ModularCG_A2_B2.mk
-rw-rw-r--   1 travis travis   1318 Jul 11 02:11 ModularCG_A2_B2_profile.class
-rw-rw-r--   1 travis travis   1262 Jul 11 02:11 ModularCG_A2_B2_profile.java
-rw-rw-r--   1 travis travis   5102 Jul 11 02:11 ModularCG_A2.class
-rw-rw-r--   1 travis travis  15129 Jul 11 02:11 ModularCG_A2.java
-rw-rw-r--   1 travis travis    808 Jul 11 02:11 ModularCG_A2.mk
-rw-rw-r--   1 travis travis   1433 Jul 11 02:11 ModularCG_A2_profile.class
-rw-rw-r--   1 travis travis   1704 Jul 11 02:11 ModularCG_A2_profile.java
-rw-rw-r--   1 travis travis   3705 Jul 11 02:12 ModularCGPubSub_A1_A2.class
-rw-rw-r--   1 travis travis   9076 Jul 11 02:11 ModularCGPubSub_A1_A2.java
-rw-rw-r--   1 travis travis    880 Jul 11 02:11 ModularCGPubSub_A1_A2.mk
-rw-rw-r--   1 travis travis   1300 Jul 11 02:11 ModularCGPubSub_A1_A2_profile.class
-rw-rw-r--   1 travis travis   1222 Jul 11 02:11 ModularCGPubSub_A1_A2_profile.java
-rw-rw-r--   1 travis travis   4022 Jul 11 02:12 ModularCGPubSub_A1.class
-rw-rw-r--   1 travis travis   9836 Jul 11 02:12 ModularCGPubSub_A1.java
-rw-rw-r--   1 travis travis    856 Jul 11 02:12 ModularCGPubSub_A1.mk
-rw-rw-r--   1 travis travis   1346 Jul 11 02:12 ModularCGPubSub_A1_profile.class
-rw-rw-r--   1 travis travis   1388 Jul 11 02:12 ModularCGPubSub_A1_profile.java
-rw-rw-r--   1 travis travis   4220 Jul 11 02:12 ModularCodeGen2_ModularCodeGenTypedCompositeActor.class
-rw-rw-r--   1 travis travis  11690 Jul 11 02:12 ModularCodeGen2_ModularCodeGenTypedCompositeActor.java
-rw-rw-r--   1 travis travis   1104 Jul 11 02:12 ModularCodeGen2_ModularCodeGenTypedCompositeActor.mk
-rw-rw-r--   1 travis travis   4504 Jul 11 02:12 ModularCodeGen2_ModularCodeGenTypedCompositeActor_ModularCodeGenTypedCompositeActor.class
-rw-rw-r--   1 travis travis  11790 Jul 11 02:12 ModularCodeGen2_ModularCodeGenTypedCompositeActor_ModularCodeGenTypedCompositeActor.java
-rw-rw-r--   1 travis travis   1376 Jul 11 02:12 ModularCodeGen2_ModularCodeGenTypedCompositeActor_ModularCodeGenTypedCompositeActor.mk
-rw-rw-r--   1 travis travis   1421 Jul 11 02:12 ModularCodeGen2_ModularCodeGenTypedCompositeActor_ModularCodeGenTypedCompositeActor_profile.class
-rw-rw-r--   1 travis travis   1294 Jul 11 02:12 ModularCodeGen2_ModularCodeGenTypedCompositeActor_ModularCodeGenTypedCompositeActor_profile.java
-rw-rw-r--   1 travis travis    820 Jul 11 02:12 ModularCodeGen2_ModularCodeGenTypedCompositeActor_profile.class
-rw-rw-r--   1 travis travis    693 Jul 11 02:12 ModularCodeGen2_ModularCodeGenTypedCompositeActor_profile.java
-rw-rw-r--   1 travis travis   3973 Jul 11 02:12 ModularCodeGen3_A1_B1.class
-rw-rw-r--   1 travis travis   9958 Jul 11 02:12 ModularCodeGen3_A1_B1.java
-rw-rw-r--   1 travis travis    880 Jul 11 02:12 ModularCodeGen3_A1_B1.mk
-rw-rw-r--   1 travis travis   1330 Jul 11 02:12 ModularCodeGen3_A1_B1_profile.class
-rw-rw-r--   1 travis travis   1274 Jul 11 02:12 ModularCodeGen3_A1_B1_profile.java
-rw-rw-r--   1 travis travis   3973 Jul 11 02:12 ModularCodeGen3_A1_B2.class
-rw-rw-r--   1 travis travis   9958 Jul 11 02:12 ModularCodeGen3_A1_B2.java
-rw-rw-r--   1 travis travis    880 Jul 11 02:12 ModularCodeGen3_A1_B2.mk
-rw-rw-r--   1 travis travis   1330 Jul 11 02:12 ModularCodeGen3_A1_B2_profile.class
-rw-rw-r--   1 travis travis   1274 Jul 11 02:12 ModularCodeGen3_A1_B2_profile.java
-rw-rw-r--   1 travis travis   5193 Jul 11 02:12 ModularCodeGen3_A1.class
-rw-rw-r--   1 travis travis  15564 Jul 11 02:12 ModularCodeGen3_A1.java
-rw-rw-r--   1 travis travis    856 Jul 11 02:12 ModularCodeGen3_A1.mk
-rw-rw-r--   1 travis travis   1445 Jul 11 02:12 ModularCodeGen3_A1_profile.class
-rw-rw-r--   1 travis travis   1716 Jul 11 02:12 ModularCodeGen3_A1_profile.java
-rw-rw-r--   1 travis travis   4119 Jul 11 02:12 ModularCodeGen3_A2_B1.class
-rw-rw-r--   1 travis travis  10955 Jul 11 02:12 ModularCodeGen3_A2_B1.java
-rw-rw-r--   1 travis travis    880 Jul 11 02:12 ModularCodeGen3_A2_B1.mk
-rw-rw-r--   1 travis travis   1393 Jul 11 02:12 ModularCodeGen3_A2_B1_profile.class
-rw-rw-r--   1 travis travis   1458 Jul 11 02:12 ModularCodeGen3_A2_B1_profile.java
-rw-rw-r--   1 travis travis   3973 Jul 11 02:12 ModularCodeGen3_A2_B2.class
-rw-rw-r--   1 travis travis   9958 Jul 11 02:12 ModularCodeGen3_A2_B2.java
-rw-rw-r--   1 travis travis    880 Jul 11 02:12 ModularCodeGen3_A2_B2.mk
-rw-rw-r--   1 travis travis   1330 Jul 11 02:12 ModularCodeGen3_A2_B2_profile.class
-rw-rw-r--   1 travis travis   1274 Jul 11 02:12 ModularCodeGen3_A2_B2_profile.java
-rw-rw-r--   1 travis travis   5270 Jul 11 02:12 ModularCodeGen3_A2.class
-rw-rw-r--   1 travis travis  15957 Jul 11 02:12 ModularCodeGen3_A2.java
-rw-rw-r--   1 travis travis    856 Jul 11 02:12 ModularCodeGen3_A2.mk
-rw-rw-r--   1 travis travis   1445 Jul 11 02:12 ModularCodeGen3_A2_profile.class
-rw-rw-r--   1 travis travis   1716 Jul 11 02:12 ModularCodeGen3_A2_profile.java
-rw-rw-r--   1 travis travis   4026 Jul 11 02:12 ModularCodeGen4_A1_B1.class
-rw-rw-r--   1 travis travis  10312 Jul 11 02:12 ModularCodeGen4_A1_B1.java
-rw-rw-r--   1 travis travis    880 Jul 11 02:12 ModularCodeGen4_A1_B1.mk
-rw-rw-r--   1 travis travis   1330 Jul 11 02:12 ModularCodeGen4_A1_B1_profile.class
-rw-rw-r--   1 travis travis   1273 Jul 11 02:12 ModularCodeGen4_A1_B1_profile.java
-rw-rw-r--   1 travis travis   4026 Jul 11 02:12 ModularCodeGen4_A1_B2.class
-rw-rw-r--   1 travis travis  10312 Jul 11 02:12 ModularCodeGen4_A1_B2.java
-rw-rw-r--   1 travis travis    880 Jul 11 02:12 ModularCodeGen4_A1_B2.mk
-rw-rw-r--   1 travis travis   1330 Jul 11 02:12 ModularCodeGen4_A1_B2_profile.class
-rw-rw-r--   1 travis travis   1273 Jul 11 02:12 ModularCodeGen4_A1_B2_profile.java
-rw-rw-r--   1 travis travis   5333 Jul 11 02:12 ModularCodeGen4_A1.class
-rw-rw-r--   1 travis travis  16245 Jul 11 02:12 ModularCodeGen4_A1.java
-rw-rw-r--   1 travis travis    856 Jul 11 02:12 ModularCodeGen4_A1.mk
-rw-rw-r--   1 travis travis   1445 Jul 11 02:12 ModularCodeGen4_A1_profile.class
-rw-rw-r--   1 travis travis   1712 Jul 11 02:12 ModularCodeGen4_A1_profile.java
-rw-rw-r--   1 travis travis   4220 Jul 11 02:12 ModularCodeGen4_A2_B1.class
-rw-rw-r--   1 travis travis  11375 Jul 11 02:12 ModularCodeGen4_A2_B1.java
-rw-rw-r--   1 travis travis    880 Jul 11 02:12 ModularCodeGen4_A2_B1.mk
-rw-rw-r--   1 travis travis   1393 Jul 11 02:12 ModularCodeGen4_A2_B1_profile.class
-rw-rw-r--   1 travis travis   1454 Jul 11 02:12 ModularCodeGen4_A2_B1_profile.java
-rw-rw-r--   1 travis travis   4074 Jul 11 02:12 ModularCodeGen4_A2_B2.class
-rw-rw-r--   1 travis travis  10378 Jul 11 02:12 ModularCodeGen4_A2_B2.java
-rw-rw-r--   1 travis travis    880 Jul 11 02:12 ModularCodeGen4_A2_B2.mk
-rw-rw-r--   1 travis travis   1330 Jul 11 02:12 ModularCodeGen4_A2_B2_profile.class
-rw-rw-r--   1 travis travis   1270 Jul 11 02:12 ModularCodeGen4_A2_B2_profile.java
-rw-rw-r--   1 travis travis   5506 Jul 11 02:12 ModularCodeGen4_A2.class
-rw-rw-r--   1 travis travis  16770 Jul 11 02:12 ModularCodeGen4_A2.java
-rw-rw-r--   1 travis travis    856 Jul 11 02:12 ModularCodeGen4_A2.mk
-rw-rw-r--   1 travis travis   1445 Jul 11 02:12 ModularCodeGen4_A2_profile.class
-rw-rw-r--   1 travis travis   1712 Jul 11 02:12 ModularCodeGen4_A2_profile.java
-rw-rw-r--   1 travis travis   7070 Jul 11 02:12 ModularCodeGen5_A_A.class
-rw-rw-r--   1 travis travis  28721 Jul 11 02:12 ModularCodeGen5_A_A.java
-rw-rw-r--   1 travis travis    864 Jul 11 02:12 ModularCodeGen5_A_A.mk
-rw-rw-r--   1 travis travis   1520 Jul 11 02:12 ModularCodeGen5_A_A_profile.class
-rw-rw-r--   1 travis travis   1815 Jul 11 02:12 ModularCodeGen5_A_A_profile.java
-rw-rw-r--   1 travis travis   5347 Jul 11 02:13 ModularCodeGen5_A.class
-rw-rw-r--   1 travis travis  13769 Jul 11 02:12 ModularCodeGen5_A.java
-rw-rw-r--   1 travis travis    848 Jul 11 02:12 ModularCodeGen5_A.mk
-rw-rw-r--   1 travis travis   1422 Jul 11 02:12 ModularCodeGen5_A_profile.class
-rw-rw-r--   1 travis travis   1605 Jul 11 02:12 ModularCodeGen5_A_profile.java
-rw-rw-r--   1 travis travis   4357 Jul 11 02:13 ModularCodeGen6_A_A2.class
-rw-rw-r--   1 travis travis  11329 Jul 11 02:13 ModularCodeGen6_A_A2.java
-rw-rw-r--   1 travis travis    872 Jul 11 02:13 ModularCodeGen6_A_A2.mk
-rw-rw-r--   1 travis travis   1351 Jul 11 02:13 ModularCodeGen6_A_A2_profile.class
-rw-rw-r--   1 travis travis   1364 Jul 11 02:13 ModularCodeGen6_A_A2_profile.java
-rw-rw-r--   1 travis travis   4340 Jul 11 02:13 ModularCodeGen6_A_A.class
-rw-rw-r--   1 travis travis  11221 Jul 11 02:13 ModularCodeGen6_A_A.java
-rw-rw-r--   1 travis travis    864 Jul 11 02:13 ModularCodeGen6_A_A.mk
-rw-rw-r--   1 travis travis   1348 Jul 11 02:13 ModularCodeGen6_A_A_profile.class
-rw-rw-r--   1 travis travis   1361 Jul 11 02:13 ModularCodeGen6_A_A_profile.java
-rw-rw-r--   1 travis travis   7469 Jul 11 02:13 ModularCodeGen6_A.class
-rw-rw-r--   1 travis travis  26535 Jul 11 02:13 ModularCodeGen6_A.java
-rw-rw-r--   1 travis travis    848 Jul 11 02:13 ModularCodeGen6_A.mk
-rw-rw-r--   1 travis travis   1483 Jul 11 02:13 ModularCodeGen6_A_profile.class
-rw-rw-r--   1 travis travis   1810 Jul 11 02:13 ModularCodeGen6_A_profile.java
-rw-rw-r--   1 travis travis   9633 Jul 11 02:13 ModularCodeGenLazyPubSubGlobal_CompositeActor_ModularCodeGenTypedComposite.class
-rw-rw-r--   1 travis travis  30161 Jul 11 02:13 ModularCodeGenLazyPubSubGlobal_CompositeActor_ModularCodeGenTypedComposite.java
-rw-rw-r--   1 travis travis   1304 Jul 11 02:13 ModularCodeGenLazyPubSubGlobal_CompositeActor_ModularCodeGenTypedComposite.mk
-rw-rw-r--   1 travis travis   1438 Jul 11 02:13 ModularCodeGenLazyPubSubGlobal_CompositeActor_ModularCodeGenTypedComposite_profile.class
-rw-rw-r--   1 travis travis   1384 Jul 11 02:13 ModularCodeGenLazyPubSubGlobal_CompositeActor_ModularCodeGenTypedComposite_profile.java
-rw-rw-r--   1 travis travis   4184 Jul 11 02:13 ModularCodeGenLazyPubSub_LazyCompositeActor.class
-rw-rw-r--   1 travis travis  11122 Jul 11 02:13 ModularCodeGenLazyPubSub_LazyCompositeActor.java
-rw-rw-r--   1 travis travis   1056 Jul 11 02:13 ModularCodeGenLazyPubSub_LazyCompositeActor.mk
-rw-rw-r--   1 travis travis   1286 Jul 11 02:13 ModularCodeGenLazyPubSub_LazyCompositeActor_profile.class
-rw-rw-r--   1 travis travis   1091 Jul 11 02:13 ModularCodeGenLazyPubSub_LazyCompositeActor_profile.java
-rw-rw-r--   1 travis travis   4186 Jul 11 02:12 ModularCodeGen_ModularCodeGenTypedCompositeActor.class
-rw-rw-r--   1 travis travis  10970 Jul 11 02:12 ModularCodeGen_ModularCodeGenTypedCompositeActor.java
-rw-rw-r--   1 travis travis   1096 Jul 11 02:12 ModularCodeGen_ModularCodeGenTypedCompositeActor.mk
-rw-rw-r--   1 travis travis   1384 Jul 11 02:12 ModularCodeGen_ModularCodeGenTypedCompositeActor_profile.class
-rw-rw-r--   1 travis travis   1328 Jul 11 02:12 ModularCodeGen_ModularCodeGenTypedCompositeActor_profile.java
-rw-rw-r--   1 travis travis   3673 Jul 11 02:13 ModularCodeGenPubSub2_A1_A.class
-rw-rw-r--   1 travis travis   8578 Jul 11 02:13 ModularCodeGenPubSub2_A1_A.java
-rw-rw-r--   1 travis travis    920 Jul 11 02:13 ModularCodeGenPubSub2_A1_A.mk
-rw-rw-r--   1 travis travis   1274 Jul 11 02:13 ModularCodeGenPubSub2_A1_A_profile.class
-rw-rw-r--   1 travis travis   1128 Jul 11 02:13 ModularCodeGenPubSub2_A1_A_profile.java
-rw-rw-r--   1 travis travis   3965 Jul 11 02:13 ModularCodeGenPubSub2_A1.class
-rw-rw-r--   1 travis travis   9781 Jul 11 02:13 ModularCodeGenPubSub2_A1.java
-rw-rw-r--   1 travis travis    904 Jul 11 02:13 ModularCodeGenPubSub2_A1.mk
-rw-rw-r--   1 travis travis   1268 Jul 11 02:13 ModularCodeGenPubSub2_A1_profile.class
-rw-rw-r--   1 travis travis   1196 Jul 11 02:13 ModularCodeGenPubSub2_A1_profile.java
-rw-rw-r--   1 travis travis   3669 Jul 11 02:13 ModularCodeGenPubSub3_A1_A2.class
-rw-rw-r--   1 travis travis   8599 Jul 11 02:13 ModularCodeGenPubSub3_A1_A2.java
-rw-rw-r--   1 travis travis    928 Jul 11 02:13 ModularCodeGenPubSub3_A1_A2.mk
-rw-rw-r--   1 travis travis   1287 Jul 11 02:13 ModularCodeGenPubSub3_A1_A2_profile.class
-rw-rw-r--   1 travis travis   1132 Jul 11 02:13 ModularCodeGenPubSub3_A1_A2_profile.java
-rw-rw-r--   1 travis travis   4088 Jul 11 02:13 ModularCodeGenPubSub3_A1.class
-rw-rw-r--   1 travis travis  10100 Jul 11 02:13 ModularCodeGenPubSub3_A1.java
-rw-rw-r--   1 travis travis    904 Jul 11 02:13 ModularCodeGenPubSub3_A1.mk
-rw-rw-r--   1 travis travis   1358 Jul 11 02:13 ModularCodeGenPubSub3_A1_profile.class
-rw-rw-r--   1 travis travis   1400 Jul 11 02:13 ModularCodeGenPubSub3_A1_profile.java
-rw-rw-r--   1 travis travis   3673 Jul 11 02:13 ModularCodeGenPubSub4_A1_A.class
-rw-rw-r--   1 travis travis   8578 Jul 11 02:13 ModularCodeGenPubSub4_A1_A.java
-rw-rw-r--   1 travis travis    920 Jul 11 02:13 ModularCodeGenPubSub4_A1_A.mk
-rw-rw-r--   1 travis travis   1274 Jul 11 02:13 ModularCodeGenPubSub4_A1_A_profile.class
-rw-rw-r--   1 travis travis   1128 Jul 11 02:13 ModularCodeGenPubSub4_A1_A_profile.java
-rw-rw-r--   1 travis travis   1137 Jul 11 02:13 ModularCodeGenPubSub4_A1_profile.java
-rw-rw-r--   1 travis travis   3707 Jul 11 02:13 ModularCodeGenPubSub_A1.class
-rw-rw-r--   1 travis travis   9060 Jul 11 02:13 ModularCodeGenPubSub_A1.java
-rw-rw-r--   1 travis travis    896 Jul 11 02:13 ModularCodeGenPubSub_A1.mk
-rw-rw-r--   1 travis travis   1278 Jul 11 02:13 ModularCodeGenPubSub_A1_profile.class
-rw-rw-r--   1 travis travis   1195 Jul 11 02:13 ModularCodeGenPubSub_A1_profile.java
-rw-rw-r--   1 travis travis   3724 Jul 11 02:11 ModularCodeGenTest_A1_A2.class
-rw-rw-r--   1 travis travis   9164 Jul 11 02:11 ModularCodeGenTest_A1_A2.java
-rw-rw-r--   1 travis travis   1306 Jul 11 02:11 ModularCodeGenTest_A1_A2_profile.class
-rw-rw-r--   1 travis travis   4055 Jul 11 02:11 ModularCodeGenTest_A1.class
-rw-rw-r--   1 travis travis   9968 Jul 11 02:11 ModularCodeGenTest_A1.java
-rw-rw-r--   1 travis travis    880 Jul 11 02:11 ModularCodeGenTest_A1.mk
-rw-rw-r--   1 travis travis   1352 Jul 11 02:11 ModularCodeGenTest_A1_profile.class
-rw-rw-r--   1 travis travis   1394 Jul 11 02:11 ModularCodeGenTest_A1_profile.java
drwxrwxr-x   3 travis travis  32768 Jul 11 02:10 modulation2
drwxrwxr-x 139 travis travis  12288 Jul 11 02:11 node_modules
drwxrwxr-x   3 travis travis  20480 Jul 11 02:06 PhaseUnwrap
drwxrwxr-x   3 travis travis  12288 Jul 11 02:06 ReadFile1
-rw-rw-r--   1 travis travis     11 Jul 11 02:06 ReadFile1Output.txt
-rw-rw-r--   1 travis travis   9615 Jul 11 02:11 Repeat.class
-rw-rw-r--   1 travis travis    666 Jul 11 02:11 Repeat$_fireFunction_Repeat_Repeat$__f_sL_11.class
-rw-rw-r--   1 travis travis    522 Jul 11 02:11 Repeat$_fireFunction_Repeat_Repeat$__f_sL_12.class
-rw-rw-r--   1 travis travis    522 Jul 11 02:11 Repeat$_fireFunction_Repeat_Repeat$__f_sL_13.class
-rw-rw-r--   1 travis travis    522 Jul 11 02:11 Repeat$_fireFunction_Repeat_Repeat$__f_sL_14.class
-rw-rw-r--   1 travis travis    665 Jul 11 02:11 Repeat$_fireFunction_Repeat_Repeat$__f_sL_1.class
-rw-rw-r--   1 travis travis    664 Jul 11 02:11 Repeat$_fireFunction_Repeat_Repeat$__f_sL_4.class
-rw-rw-r--   1 travis travis    520 Jul 11 02:11 Repeat$_fireFunction_Repeat_Repeat$__f_sL_9.class
-rw-rw-r--   1 travis travis    475 Jul 11 02:11 Repeat$_initialize_Repeat$__i_sL_2.class
-rw-rw-r--   1 travis travis   1281 Jul 11 02:10 Repeat.mk
-rw-rw-r--   1 travis travis    520 Jul 11 02:11 Repeat$_preinitializeMethod_Repeat$__p_sL_0.class
-rw-rw-r--   1 travis travis   1083 Jul 11 02:11 Repeat$_Repeat$_fireFunction_Repeat_AddSubtract_Repeat.class
-rw-rw-r--   1 travis travis    791 Jul 11 02:11 Repeat$_Repeat$_fireFunction_Repeat_AddSubtract_Repeat$__f_sL_0.class
-rw-rw-r--   1 travis travis    909 Jul 11 02:11 Repeat$_Repeat$_fireFunction_Repeat_AddSubtract_Repeat$__f_sL_1.class
-rw-rw-r--   1 travis travis    915 Jul 11 02:11 Repeat$_Repeat$_fireFunction_Repeat_AddSubtract_Repeat$__f_sL_2.class
-rw-rw-r--   1 travis travis    843 Jul 11 02:11 Repeat$_Repeat$_fireFunction_Repeat_AddSubtract_Repeat$__f_sL_3.class
-rw-rw-r--   1 travis travis    738 Jul 11 02:11 Repeat$_Repeat$_fireFunction_Repeat_Ramp2_Repeat$__f_sL_0.class
-rw-rw-r--   1 travis travis    869 Jul 11 02:11 Repeat$_Repeat$_fireFunction_Repeat_Test_Repeat$__f_sL_0.class
-rw-rw-r--   1 travis travis    615 Jul 11 02:11 Repeat$_Repeat$_fireFunction_Repeat_Test_Repeat$__f_sL_1.class
-rw-rw-r--   1 travis travis    685 Jul 11 02:11 Repeat$_Repeat_SDF_Director_run_Repeat$__R_sL_0.class
-rw-rw-r--   1 travis travis    686 Jul 11 02:11 Repeat$_Repeat_SDF_Director_run_Repeat$__R_sL_11.class
-rw-rw-r--   1 travis travis    542 Jul 11 02:11 Repeat$_Repeat_SDF_Director_run_Repeat$__R_sL_13.class
-rw-rw-r--   1 travis travis    540 Jul 11 02:11 Repeat$_Repeat_SDF_Director_run_Repeat$__R_sL_2.class
-rw-rw-r--   1 travis travis    684 Jul 11 02:11 Repeat$_Repeat_SDF_Director_run_Repeat$__R_sL_3.class
-rw-rw-r--   1 travis travis    540 Jul 11 02:11 Repeat$_Repeat_SDF_Director_run_Repeat$__R_sL_5.class
-rw-rw-r--   1 travis travis    540 Jul 11 02:11 Repeat$_Repeat_SDF_Director_run_Repeat$__R_sL_8.class
drwxrwxr-x   2 travis travis   4096 Jul 11 02:11 RepeatVariables
-rw-rw-r--   1 travis travis    863 Jul 11 02:11 Repeat$_varinit_Repeat.class
-rw-rw-r--   1 travis travis    531 Jul 11 02:11 Repeat$_varinit_Repeat$__v_sL_2.class
-rw-rw-r--   1 travis travis    905 Jul 11 02:11 Repeat$_varinit_Repeat$__v_sL_4.class
-rw-rw-r--   1 travis travis    959 Jul 11 02:11 Repeat$_wrapup_Repeat$__w_sL_1.class
drwxrwxr-x   3 travis travis  20480 Jul 11 02:06 Sinewave
drwxrwxr-x   3 travis travis  32768 Jul 11 02:08 StringFunction
drwxrwxr-x   3 travis travis  12288 Jul 11 02:08 StringLength
drwxrwxr-x   3 travis travis  61440 Jul 11 02:09 StringMatches2
drwxrwxr-x   3 travis travis  61440 Jul 11 02:09 StringSimpleReplace
drwxrwxr-x   3 travis travis  65536 Jul 11 02:09 StringSubstring
drwxrwxr-x   3 travis travis  24576 Jul 11 02:09 StringSubstring2
drwxrwxr-x   3 travis travis  16384 Jul 11 02:10 time1
drwxrwxr-x   3 travis travis  12288 Jul 11 02:10 time5
-rw-rw-r--   1 travis travis    432 Jul 11 02:13 Token.class
-rw-rw-r--   1 travis travis    251 Jul 11 02:13 Token.java
-rwxrwxr-x   1 travis travis 466992 Jul 11 02:03 top
-rw-rw-r--   1 travis travis  20502 Jul 11 02:03 top.c
-rw-rw-r--   1 travis travis   3799 Jul 11 02:11 top.class
-rw-rw-r--   1 travis travis   1257 Jul 11 02:11 top.mk
In "/home/travis/cg", about to execute:
    javac -classpath
.:/home/travis/build/icyphy/ptII:/home/travis/build/icyphy/ptII/lib/bsh-2.0b4.j
ar:/home/travis/build/icyphy/ptII/lib/ptCal.jar:/home/travis/build/icyphy/ptII/
lib/java_cup.jar:/home/travis/build/icyphy/ptII/lib/saxon8.jar:/home/travis/bui
ld/icyphy/ptII/lib/saxon8-dom.jar:/home/travis/build/icyphy/ptII/lib/chic.jar:/
home/travis/build/icyphy/ptII/lib/ptcolt.jar:/home/travis/build/icyphy/ptII/ven
dors/misc/itext/iText.jar:/home/travis/build/icyphy/ptII/lib/g4ltl.jar:/home/tr
avis/build/icyphy/ptII/lib/StructuralCoder.jar:/home/travis/build/icyphy/ptII/v
endors/jai-1_1_2_01/lib/jai_core.jar:/home/travis/build/icyphy/ptII/vendors/jai
-1_1_2_01/lib/jai_codec.jar:/home/travis/build/icyphy/ptII/lib/jcerti.jar:/home
/travis/build/icyphy/ptII/lib/javax.mail.jar:/usr/share/java/openjfx/jre/lib/ex
t/jfxrt.jar:/usr/lib/jvm/java-8-openjdk-amd64/jre/lib/ext/jfxrt.jar:/home/travi
s/build/icyphy/ptII/vendors/JMF-2.1.1e/lib/jmf.jar:/home/travis/build/icyphy/pt
II/lib/jna-4.0.0-variadic.jar:/home/travis/build/icyphy/ptII/vendors/misc/joyst
ick/Joystick.jar:/home/travis/build/icyphy/ptII/lib/ptjacl.jar:/home/travis/bui
ld/icyphy/ptII/lib/jsoup-1.8.2.jar:/home/travis/build/icyphy/ptII/lib/junit-4.8
.2.jar:/home/travis/build/icyphy/ptII/lib/JUnitParams-0.4.0.jar:/home/travis/bu
ild/icyphy/ptII/ptolemy/actor/lib/excel/jxl.jar:/home/travis/build/icyphy/ptII/
lib/jython.jar:/home/travis/build/icyphy/ptII/lib/kieler.jar:/home/travis/build
/icyphy/ptII/lib/opencv-341.jar:/home/travis/build/icyphy/ptII/lib/oscP5.jar:/h
ome/travis/build/icyphy/ptII/lib/nrjavaserial-3.11.0.devel.jar:/home/travis/bui
ld/icyphy/ptII/vendors/j3d/lib/j3dcore.jar:/home/travis/build/icyphy/ptII/vendo
rs/j3d/lib/j3dutils.jar:/home/travis/build/icyphy/ptII/vendors/j3d/lib/vecmath.
jar:/home/travis/build/icyphy/ptII/ptolemy/distributed/jini/jar/jini-core.jar:/
home/travis/build/icyphy/ptII/ptolemy/distributed/jini/jar/jini-ext.jar:/home/t
ravis/build/icyphy/ptII/ptolemy/distributed/jini/jar/sun-util.jar:/home/travis/
build/icyphy/ptII/lib/protobuf-java-2.4.1.jar:/home/travis/build/icyphy/ptII/li
b/org.eclipse.paho.client.mqttv3.jar:/home/travis/build/icyphy/ptII/lib/mapss.j
ar:/home/travis/build/icyphy/ptII/ptolemy/actor/ptalon/antlr/antlr.jar:/home/tr
avis/build/icyphy/ptII/lib/JRI.jar:/home/travis/build/icyphy/ptII/lib/commons-l
ang-2.6.jar:/home/travis/build/icyphy/ptII/lib/commons-logging-1.1.1.jar:/home/
travis/build/icyphy/ptII/lib/sootclasses.jar:/home/travis/build/icyphy/ptII/pto
lemy/actor/lib/database/mysql-connector-java-5.1.6-bin.jar:/home/travis/build/i
cyphy/ptII/vendors/misc/sphinx4/sphinx4-data-5prealpha.jar:/home/travis/build/i
cyphy/ptII/vendors/misc/sphinx4/sphinx4-core-5prealpha.jar:/home/travis/build/i
cyphy/ptII/lib/PDFRenderer.jar:/home/travis/build/icyphy/ptII/lib/svgSalamander
.jar:/home/travis/build/icyphy/ptII/lib/rsyntaxtextarea-2.6.0-SNAPSHOT.jar:/hom
e/travis/build/icyphy/ptII/lib/hazelcast-3.8.2.jar:/home/travis/build/icyphy/pt
II/lib/jackson-annotations-2.9.0.jar:/home/travis/build/icyphy/ptII/lib/jackson
-core-2.9.3.jar:/home/travis/build/icyphy/ptII/lib/jackson-databind-2.9.3.jar:/
home/travis/build/icyphy/ptII/lib/netty-buffer-4.1.19.Final.jar:/home/travis/bu
ild/icyphy/ptII/lib/netty-codec-4.1.19.Final.jar:/home/travis/build/icyphy/ptII
/lib/netty-codec-dns-4.1.19.Final.jar:/home/travis/build/icyphy/ptII/lib/netty-
codec-http-4.1.19.Final.jar:/home/travis/build/icyphy/ptII/lib/netty-codec-http
2-4.1.19.Final.jar:/home/travis/build/icyphy/ptII/lib/netty-common-4.1.19.Final
.jar:/home/travis/build/icyphy/ptII/lib/netty-handler-4.1.19.Final.jar:/home/tr
avis/build/icyphy/ptII/lib/netty-resolver-4.1.19.Final.jar:/home/travis/build/i
cyphy/ptII/lib/netty-resolver-dns-4.1.19.Final.jar:/home/travis/build/icyphy/pt
II/lib/netty-transport-4.1.19.Final.jar:/home/travis/build/icyphy/ptII/lib/vert
x-codegen-3.5.1.jar:/home/travis/build/icyphy/ptII/lib/vertx-core-3.5.2-SNAPSHO
T.jar:/home/travis/build/icyphy/ptII/lib/vertx-hazelcast-3.5.1.jar:/home/travis
/build/icyphy/ptII/lib/vertx-lang-js-3.5.1.jar:/home/travis/build/icyphy/ptII/l
ib/vertx-service-proxy-3.5.1.jar:/home/travis/build/icyphy/ptII/lib/vertx-web-3
.5.1.jar:/home/travis/build/icyphy/ptII/lib/slf4j-api-1.7.13.jar:/home/travis/b
uild/icyphy/ptII/lib/slf4j-simple-1.7.13.jar:/home/travis/build/icyphy/ptII/lib
/webcam-capture-0.3.12.jar:/home/travis/build/icyphy/ptII/lib/bridj-0.7.0.jar:/
home/travis/build/icyphy/ptII/lib/xbjlib-1.1.0.nrjavaserial.jar:/home/travis/bu
ild/icyphy/ptII/ptolemy/moml/test:/home/travis/build/icyphy/ptII/ant/lib/ant-la
uncher.jar:/home/travis/build/icyphy/ptII/ant/lib/ant.jar:/home/travis/build/ic
yphy/ptII/ant/lib/ant-junit.jar:/home/travis/build/icyphy/ptII/ant/lib/ant-juni
t4.jar:/home/travis/build/icyphy/ptII ModularCodeGenPubSub4_A1_profile.java
All Done
Writing ModularCodeGenPubSub4_A1.java in file:/home/travis/cg/ (9231 characters)
Reading "ptolemy/cg/kernel/generic/program/procedural/java/modular/makefile.in",
    writing "/home/travis/cg/ModularCodeGenPubSub4_A1.mk"
Using ptolemy/cg/kernel/generic/program/procedural/java/modular/makefile.in
In "/home/travis/cg", about to execute:
    make -f ModularCodeGenPubSub4_A1.mk
javac -classpath ".:.."    ModularCodeGenPubSub4_A1.java
All Done
6991 ms. Memory: 193536K Free: 99014K (51%)
----------------- Invoking toplevel() on ptolemy.moml.MoMLSimpleApplication@43c7f6b1
----------------- Done invoking toplevel() on ptolemy.moml.MoMLSimpleApplication@43c7f6b1
reloadAllAccessors: .ModularCodeGenPubSub4

===========================================================================================
----------------- testing Thu Jul 11 02:13:40 UTC 2019 /home/travis/build/icyphy/ptII/ptolemy/cg/lib/test/auto/PubSubAggLazy.xml
----------------- Instantiating /home/travis/build/icyphy/ptII/ptolemy/cg/lib/test/auto/PubSubAggLazy.xml
9 ms. Memory: 193536K Free: 93306K (48%)
----------------- Invoking toplevel() on ptolemy.moml.MoMLSimpleApplication@9308543
----------------- Done invoking toplevel() on ptolemy.moml.MoMLSimpleApplication@9308543
reloadAllAccessors: .PubSubAggLazy

===========================================================================================
----------------- testing Thu Jul 11 02:13:40 UTC 2019 /home/travis/build/icyphy/ptII/ptolemy/cg/lib/test/auto/PubSubAggModularCodeGen.xml
----------------- Instantiating /home/travis/build/icyphy/ptII/ptolemy/cg/lib/test/auto/PubSubAggModularCodeGen.xml
In "/home/travis/cg", about to execute:
    pwd
In "/home/travis/cg", about to execute:
    ls -l
/home/travis/cg
In "/home/travis/cg", about to execute:
    javac -classpath
.:/home/travis/build/icyphy/ptII:/home/travis/build/icyphy/ptII/lib/bsh-2.0b4.j
ar:/home/travis/build/icyphy/ptII/lib/ptCal.jar:/home/travis/build/icyphy/ptII/
lib/java_cup.jar:/home/travis/build/icyphy/ptII/lib/saxon8.jar:/home/travis/bui
ld/icyphy/ptII/lib/saxon8-dom.jar:/home/travis/build/icyphy/ptII/lib/chic.jar:/
home/travis/build/icyphy/ptII/lib/ptcolt.jar:/home/travis/build/icyphy/ptII/ven
dors/misc/itext/iText.jar:/home/travis/build/icyphy/ptII/lib/g4ltl.jar:/home/tr
avis/build/icyphy/ptII/lib/StructuralCoder.jar:/home/travis/build/icyphy/ptII/v
endors/jai-1_1_2_01/lib/jai_core.jar:/home/travis/build/icyphy/ptII/vendors/jai
-1_1_2_01/lib/jai_codec.jar:/home/travis/build/icyphy/ptII/lib/jcerti.jar:/home
/travis/build/icyphy/ptII/lib/javax.mail.jar:/usr/share/java/openjfx/jre/lib/ex
t/jfxrt.jar:/usr/lib/jvm/java-8-openjdk-amd64/jre/lib/ext/jfxrt.jar:/home/travi
s/build/icyphy/ptII/vendors/JMF-2.1.1e/lib/jmf.jar:/home/travis/build/icyphy/pt
II/lib/jna-4.0.0-variadic.jar:/home/travis/build/icyphy/ptII/vendors/misc/joyst
ick/Joystick.jar:/home/travis/build/icyphy/ptII/lib/ptjacl.jar:/home/travis/bui
ld/icyphy/ptII/lib/jsoup-1.8.2.jar:/home/travis/build/icyphy/ptII/lib/junit-4.8
.2.jar:/home/travis/build/icyphy/ptII/lib/JUnitParams-0.4.0.jar:/home/travis/bu
ild/icyphy/ptII/ptolemy/actor/lib/excel/jxl.jar:/home/travis/build/icyphy/ptII/
lib/jython.jar:/home/travis/build/icyphy/ptII/lib/kieler.jar:/home/travis/build
/icyphy/ptII/lib/opencv-341.jar:/home/travis/build/icyphy/ptII/lib/oscP5.jar:/h
ome/travis/build/icyphy/ptII/lib/nrjavaserial-3.11.0.devel.jar:/home/travis/bui
ld/icyphy/ptII/vendors/j3d/lib/j3dcore.jar:/home/travis/build/icyphy/ptII/vendo
rs/j3d/lib/j3dutils.jar:/home/travis/build/icyphy/ptII/vendors/j3d/lib/vecmath.
jar:/home/travis/build/icyphy/ptII/ptolemy/distributed/jini/jar/jini-core.jar:/
home/travis/build/icyphy/ptII/ptolemy/distributed/jini/jar/jini-ext.jar:/home/t
ravis/build/icyphy/ptII/ptolemy/distributed/jini/jar/sun-util.jar:/home/travis/
build/icyphy/ptII/lib/protobuf-java-2.4.1.jar:/home/travis/build/icyphy/ptII/li
b/org.eclipse.paho.client.mqttv3.jar:/home/travis/build/icyphy/ptII/lib/mapss.j
ar:/home/travis/build/icyphy/ptII/ptolemy/actor/ptalon/antlr/antlr.jar:/home/tr
avis/build/icyphy/ptII/lib/JRI.jar:/home/travis/build/icyphy/ptII/lib/commons-l
ang-2.6.jar:/home/travis/build/icyphy/ptII/lib/commons-logging-1.1.1.jar:/home/
travis/build/icyphy/ptII/lib/sootclasses.jar:/home/travis/build/icyphy/ptII/pto
lemy/actor/lib/database/mysql-connector-java-5.1.6-bin.jar:/home/travis/build/i
cyphy/ptII/vendors/misc/sphinx4/sphinx4-data-5prealpha.jar:/home/travis/build/i
cyphy/ptII/vendors/misc/sphinx4/sphinx4-core-5prealpha.jar:/home/travis/build/i
cyphy/ptII/lib/PDFRenderer.jar:/home/travis/build/icyphy/ptII/lib/svgSalamander
.jar:/home/travis/build/icyphy/ptII/lib/rsyntaxtextarea-2.6.0-SNAPSHOT.jar:/hom
e/travis/build/icyphy/ptII/lib/hazelcast-3.8.2.jar:/home/travis/build/icyphy/pt
II/lib/jackson-annotations-2.9.0.jar:/home/travis/build/icyphy/ptII/lib/jackson
-core-2.9.3.jar:/home/travis/build/icyphy/ptII/lib/jackson-databind-2.9.3.jar:/
home/travis/build/icyphy/ptII/lib/netty-buffer-4.1.19.Final.jar:/home/travis/bu
ild/icyphy/ptII/lib/netty-codec-4.1.19.Final.jar:/home/travis/build/icyphy/ptII
/lib/netty-codec-dns-4.1.19.Final.jar:/home/travis/build/icyphy/ptII/lib/netty-
codec-http-4.1.19.Final.jar:/home/travis/build/icyphy/ptII/lib/netty-codec-http
2-4.1.19.Final.jar:/home/travis/build/icyphy/ptII/lib/netty-common-4.1.19.Final
.jar:/home/travis/build/icyphy/ptII/lib/netty-handler-4.1.19.Final.jar:/home/tr
avis/build/icyphy/ptII/lib/netty-resolver-4.1.19.Final.jar:/home/travis/build/i
cyphy/ptII/lib/netty-resolver-dns-4.1.19.Final.jar:/home/travis/build/icyphy/pt
II/lib/netty-transport-4.1.19.Final.jar:/home/travis/build/icyphy/ptII/lib/vert
x-codegen-3.5.1.jar:/home/travis/build/icyphy/ptII/lib/vertx-core-3.5.2-SNAPSHO
T.jar:/home/travis/build/icyphy/ptII/lib/vertx-hazelcast-3.5.1.jar:/home/travis
/build/icyphy/ptII/lib/vertx-lang-js-3.5.1.jar:/home/travis/build/icyphy/ptII/l
ib/vertx-service-proxy-3.5.1.jar:/home/travis/build/icyphy/ptII/lib/vertx-web-3
.5.1.jar:/home/travis/build/icyphy/ptII/lib/slf4j-api-1.7.13.jar:/home/travis/b
uild/icyphy/ptII/lib/slf4j-simple-1.7.13.jar:/home/travis/build/icyphy/ptII/lib
/webcam-capture-0.3.12.jar:/home/travis/build/icyphy/ptII/lib/bridj-0.7.0.jar:/
home/travis/build/icyphy/ptII/lib/xbjlib-1.1.0.nrjavaserial.jar:/home/travis/bu
ild/icyphy/ptII/ptolemy/moml/test:/home/travis/build/icyphy/ptII/ant/lib/ant-la
uncher.jar:/home/travis/build/icyphy/ptII/ant/lib/ant.jar:/home/travis/build/ic
yphy/ptII/ant/lib/ant-junit.jar:/home/travis/build/icyphy/ptII/ant/lib/ant-juni
t4.jar:/home/travis/build/icyphy/ptII
PubSubAggModularCodeGen_ModularCodeGenTypedComposite_profile.java
total 2600
drwxrwxr-x   3 travis travis  12288 Jul 11 02:04 AbsoluteValue
drwxrwxr-x   3 travis travis 102400 Jul 11 02:03 AllColt
-rw-rw-r--   1 travis travis    233 Jul 11 02:13 Array.class
-rw-rw-r--   1 travis travis    459 Jul 11 02:13 Array.java
drwxrwxr-x   3 travis travis  12288 Jul 11 02:04 Case1
-rw-rw-r--   1 travis travis   5104 Jul 11 02:11 CompiledCompositeActor_CompiledCompositeActor.class
-rw-rw-r--   1 travis travis   1592 Jul 11 02:11 CompiledCompositeActor_CompiledCompositeActor$_CompiledCompositeActor_CompiledCompositeActor.class
-rw-rw-r--   1 travis travis  13466 Jul 11 02:11 CompiledCompositeActor_CompiledCompositeActor.java
-rw-rw-r--   1 travis travis   1593 Jul 11 02:11 CompiledCompositeActor_CompiledCompositeActor.mk
drwxrwxr-x   5 travis travis   4096 Jul 11 02:03 fmi
drwxrwxr-x   3 travis travis  16384 Jul 11 02:05 Gaussian2
-rw-rw-r--   1 travis travis   4660 Jul 11 02:11 JavaCompiledCompositeTest1_CompiledCompositeActor.class
-rw-rw-r--   1 travis travis  11637 Jul 11 02:11 JavaCompiledCompositeTest1_CompiledCompositeActor.java
-rw-rw-r--   1 travis travis   1198 Jul 11 02:11 JavaCompiledCompositeTest1_CompiledCompositeActor$_JavaCompiledCompositeTest1_CompiledCompositeActor.class
-rw-rw-r--   1 travis travis   1625 Jul 11 02:11 JavaCompiledCompositeTest1_CompiledCompositeActor.mk
-rw-rw-r--   1 travis travis   5091 Jul 11 02:11 JavaCompiledCompositeTest2_CompiledCompositeActor.class
-rw-rw-r--   1 travis travis  14919 Jul 11 02:11 JavaCompiledCompositeTest2_CompiledCompositeActor.java
-rw-rw-r--   1 travis travis   1793 Jul 11 02:11 JavaCompiledCompositeTest2_CompiledCompositeActor$_JavaCompiledCompositeTest2_CompiledCompositeActor.class
-rw-rw-r--   1 travis travis   1625 Jul 11 02:11 JavaCompiledCompositeTest2_CompiledCompositeActor.mk
-rw-rw-r--   1 travis travis   4708 Jul 11 02:11 JavaCompiledCompositeTest3_CompiledCompositeActor.class
-rw-rw-r--   1 travis travis  13080 Jul 11 02:11 JavaCompiledCompositeTest3_CompiledCompositeActor.java
-rw-rw-r--   1 travis travis   1378 Jul 11 02:11 JavaCompiledCompositeTest3_CompiledCompositeActor$_JavaCompiledCompositeTest3_CompiledCompositeActor.class
-rw-rw-r--   1 travis travis   1625 Jul 11 02:11 JavaCompiledCompositeTest3_CompiledCompositeActor.mk
-rw-rw-r--   1 travis travis   4159 Jul 11 02:11 JavaCompiledCompositeTest4_CompiledCompositeActor.class
-rw-rw-r--   1 travis travis   9687 Jul 11 02:11 JavaCompiledCompositeTest4_CompiledCompositeActor.java
-rw-rw-r--   1 travis travis    857 Jul 11 02:11 JavaCompiledCompositeTest4_CompiledCompositeActor$_JavaCompiledCompositeTest4_CompiledCompositeActor.class
-rw-rw-r--   1 travis travis   1625 Jul 11 02:11 JavaCompiledCompositeTest4_CompiledCompositeActor.mk
drwxrwxr-x   3 travis travis  12288 Jul 11 02:05 LookupTable
drwxrwxr-x   3 travis travis  20480 Jul 11 02:05 MaxIndex
-rw-rw-r--   1 travis travis   3925 Jul 11 02:11 ModularCG_A1_B1.class
-rw-rw-r--   1 travis travis   9730 Jul 11 02:11 ModularCG_A1_B1.java
-rw-rw-r--   1 travis travis    832 Jul 11 02:11 ModularCG_A1_B1.mk
-rw-rw-r--   1 travis travis   1318 Jul 11 02:11 ModularCG_A1_B1_profile.class
-rw-rw-r--   1 travis travis   1262 Jul 11 02:11 ModularCG_A1_B1_profile.java
-rw-rw-r--   1 travis travis   3925 Jul 11 02:11 ModularCG_A1_B2.class
-rw-rw-r--   1 travis travis   9730 Jul 11 02:11 ModularCG_A1_B2.java
-rw-rw-r--   1 travis travis    832 Jul 11 02:11 ModularCG_A1_B2.mk
-rw-rw-r--   1 travis travis   1318 Jul 11 02:11 ModularCG_A1_B2_profile.class
-rw-rw-r--   1 travis travis   1262 Jul 11 02:11 ModularCG_A1_B2_profile.java
-rw-rw-r--   1 travis travis   5031 Jul 11 02:11 ModularCG_A1.class
-rw-rw-r--   1 travis travis  14742 Jul 11 02:11 ModularCG_A1.java
-rw-rw-r--   1 travis travis    808 Jul 11 02:11 ModularCG_A1.mk
-rw-rw-r--   1 travis travis   1433 Jul 11 02:11 ModularCG_A1_profile.class
-rw-rw-r--   1 travis travis   1704 Jul 11 02:11 ModularCG_A1_profile.java
-rw-rw-r--   1 travis travis   4059 Jul 11 02:11 ModularCG_A2_B1.class
-rw-rw-r--   1 travis travis  10667 Jul 11 02:11 ModularCG_A2_B1.java
-rw-rw-r--   1 travis travis    832 Jul 11 02:11 ModularCG_A2_B1.mk
-rw-rw-r--   1 travis travis   1381 Jul 11 02:11 ModularCG_A2_B1_profile.class
-rw-rw-r--   1 travis travis   1446 Jul 11 02:11 ModularCG_A2_B1_profile.java
-rw-rw-r--   1 travis travis   3925 Jul 11 02:11 ModularCG_A2_B2.class
-rw-rw-r--   1 travis travis   9730 Jul 11 02:11 ModularCG_A2_B2.java
-rw-rw-r--   1 travis travis    832 Jul 11 02:11 ModularCG_A2_B2.mk
-rw-rw-r--   1 travis travis   1318 Jul 11 02:11 ModularCG_A2_B2_profile.class
-rw-rw-r--   1 travis travis   1262 Jul 11 02:11 ModularCG_A2_B2_profile.java
-rw-rw-r--   1 travis travis   5102 Jul 11 02:11 ModularCG_A2.class
-rw-rw-r--   1 travis travis  15129 Jul 11 02:11 ModularCG_A2.java
-rw-rw-r--   1 travis travis    808 Jul 11 02:11 ModularCG_A2.mk
-rw-rw-r--   1 travis travis   1433 Jul 11 02:11 ModularCG_A2_profile.class
-rw-rw-r--   1 travis travis   1704 Jul 11 02:11 ModularCG_A2_profile.java
-rw-rw-r--   1 travis travis   3705 Jul 11 02:12 ModularCGPubSub_A1_A2.class
-rw-rw-r--   1 travis travis   9076 Jul 11 02:11 ModularCGPubSub_A1_A2.java
-rw-rw-r--   1 travis travis    880 Jul 11 02:11 ModularCGPubSub_A1_A2.mk
-rw-rw-r--   1 travis travis   1300 Jul 11 02:11 ModularCGPubSub_A1_A2_profile.class
-rw-rw-r--   1 travis travis   1222 Jul 11 02:11 ModularCGPubSub_A1_A2_profile.java
-rw-rw-r--   1 travis travis   4022 Jul 11 02:12 ModularCGPubSub_A1.class
-rw-rw-r--   1 travis travis   9836 Jul 11 02:12 ModularCGPubSub_A1.java
-rw-rw-r--   1 travis travis    856 Jul 11 02:12 ModularCGPubSub_A1.mk
-rw-rw-r--   1 travis travis   1346 Jul 11 02:12 ModularCGPubSub_A1_profile.class
-rw-rw-r--   1 travis travis   1388 Jul 11 02:12 ModularCGPubSub_A1_profile.java
-rw-rw-r--   1 travis travis   4220 Jul 11 02:12 ModularCodeGen2_ModularCodeGenTypedCompositeActor.class
-rw-rw-r--   1 travis travis  11690 Jul 11 02:12 ModularCodeGen2_ModularCodeGenTypedCompositeActor.java
-rw-rw-r--   1 travis travis   1104 Jul 11 02:12 ModularCodeGen2_ModularCodeGenTypedCompositeActor.mk
-rw-rw-r--   1 travis travis   4504 Jul 11 02:12 ModularCodeGen2_ModularCodeGenTypedCompositeActor_ModularCodeGenTypedCompositeActor.class
-rw-rw-r--   1 travis travis  11790 Jul 11 02:12 ModularCodeGen2_ModularCodeGenTypedCompositeActor_ModularCodeGenTypedCompositeActor.java
-rw-rw-r--   1 travis travis   1376 Jul 11 02:12 ModularCodeGen2_ModularCodeGenTypedCompositeActor_ModularCodeGenTypedCompositeActor.mk
-rw-rw-r--   1 travis travis   1421 Jul 11 02:12 ModularCodeGen2_ModularCodeGenTypedCompositeActor_ModularCodeGenTypedCompositeActor_profile.class
-rw-rw-r--   1 travis travis   1294 Jul 11 02:12 ModularCodeGen2_ModularCodeGenTypedCompositeActor_ModularCodeGenTypedCompositeActor_profile.java
-rw-rw-r--   1 travis travis    820 Jul 11 02:12 ModularCodeGen2_ModularCodeGenTypedCompositeActor_profile.class
-rw-rw-r--   1 travis travis    693 Jul 11 02:12 ModularCodeGen2_ModularCodeGenTypedCompositeActor_profile.java
-rw-rw-r--   1 travis travis   3973 Jul 11 02:12 ModularCodeGen3_A1_B1.class
-rw-rw-r--   1 travis travis   9958 Jul 11 02:12 ModularCodeGen3_A1_B1.java
-rw-rw-r--   1 travis travis    880 Jul 11 02:12 ModularCodeGen3_A1_B1.mk
-rw-rw-r--   1 travis travis   1330 Jul 11 02:12 ModularCodeGen3_A1_B1_profile.class
-rw-rw-r--   1 travis travis   1274 Jul 11 02:12 ModularCodeGen3_A1_B1_profile.java
-rw-rw-r--   1 travis travis   3973 Jul 11 02:12 ModularCodeGen3_A1_B2.class
-rw-rw-r--   1 travis travis   9958 Jul 11 02:12 ModularCodeGen3_A1_B2.java
-rw-rw-r--   1 travis travis    880 Jul 11 02:12 ModularCodeGen3_A1_B2.mk
-rw-rw-r--   1 travis travis   1330 Jul 11 02:12 ModularCodeGen3_A1_B2_profile.class
-rw-rw-r--   1 travis travis   1274 Jul 11 02:12 ModularCodeGen3_A1_B2_profile.java
-rw-rw-r--   1 travis travis   5193 Jul 11 02:12 ModularCodeGen3_A1.class
-rw-rw-r--   1 travis travis  15564 Jul 11 02:12 ModularCodeGen3_A1.java
-rw-rw-r--   1 travis travis    856 Jul 11 02:12 ModularCodeGen3_A1.mk
-rw-rw-r--   1 travis travis   1445 Jul 11 02:12 ModularCodeGen3_A1_profile.class
-rw-rw-r--   1 travis travis   1716 Jul 11 02:12 ModularCodeGen3_A1_profile.java
-rw-rw-r--   1 travis travis   4119 Jul 11 02:12 ModularCodeGen3_A2_B1.class
-rw-rw-r--   1 travis travis  10955 Jul 11 02:12 ModularCodeGen3_A2_B1.java
-rw-rw-r--   1 travis travis    880 Jul 11 02:12 ModularCodeGen3_A2_B1.mk
-rw-rw-r--   1 travis travis   1393 Jul 11 02:12 ModularCodeGen3_A2_B1_profile.class
-rw-rw-r--   1 travis travis   1458 Jul 11 02:12 ModularCodeGen3_A2_B1_profile.java
-rw-rw-r--   1 travis travis   3973 Jul 11 02:12 ModularCodeGen3_A2_B2.class
-rw-rw-r--   1 travis travis   9958 Jul 11 02:12 ModularCodeGen3_A2_B2.java
-rw-rw-r--   1 travis travis    880 Jul 11 02:12 ModularCodeGen3_A2_B2.mk
-rw-rw-r--   1 travis travis   1330 Jul 11 02:12 ModularCodeGen3_A2_B2_profile.class
-rw-rw-r--   1 travis travis   1274 Jul 11 02:12 ModularCodeGen3_A2_B2_profile.java
-rw-rw-r--   1 travis travis   5270 Jul 11 02:12 ModularCodeGen3_A2.class
-rw-rw-r--   1 travis travis  15957 Jul 11 02:12 ModularCodeGen3_A2.java
-rw-rw-r--   1 travis travis    856 Jul 11 02:12 ModularCodeGen3_A2.mk
-rw-rw-r--   1 travis travis   1445 Jul 11 02:12 ModularCodeGen3_A2_profile.class
-rw-rw-r--   1 travis travis   1716 Jul 11 02:12 ModularCodeGen3_A2_profile.java
-rw-rw-r--   1 travis travis   4026 Jul 11 02:12 ModularCodeGen4_A1_B1.class
-rw-rw-r--   1 travis travis  10312 Jul 11 02:12 ModularCodeGen4_A1_B1.java
-rw-rw-r--   1 travis travis    880 Jul 11 02:12 ModularCodeGen4_A1_B1.mk
-rw-rw-r--   1 travis travis   1330 Jul 11 02:12 ModularCodeGen4_A1_B1_profile.class
-rw-rw-r--   1 travis travis   1273 Jul 11 02:12 ModularCodeGen4_A1_B1_profile.java
-rw-rw-r--   1 travis travis   4026 Jul 11 02:12 ModularCodeGen4_A1_B2.class
-rw-rw-r--   1 travis travis  10312 Jul 11 02:12 ModularCodeGen4_A1_B2.java
-rw-rw-r--   1 travis travis    880 Jul 11 02:12 ModularCodeGen4_A1_B2.mk
-rw-rw-r--   1 travis travis   1330 Jul 11 02:12 ModularCodeGen4_A1_B2_profile.class
-rw-rw-r--   1 travis travis   1273 Jul 11 02:12 ModularCodeGen4_A1_B2_profile.java
-rw-rw-r--   1 travis travis   5333 Jul 11 02:12 ModularCodeGen4_A1.class
-rw-rw-r--   1 travis travis  16245 Jul 11 02:12 ModularCodeGen4_A1.java
-rw-rw-r--   1 travis travis    856 Jul 11 02:12 ModularCodeGen4_A1.mk
-rw-rw-r--   1 travis travis   1445 Jul 11 02:12 ModularCodeGen4_A1_profile.class
-rw-rw-r--   1 travis travis   1712 Jul 11 02:12 ModularCodeGen4_A1_profile.java
-rw-rw-r--   1 travis travis   4220 Jul 11 02:12 ModularCodeGen4_A2_B1.class
-rw-rw-r--   1 travis travis  11375 Jul 11 02:12 ModularCodeGen4_A2_B1.java
-rw-rw-r--   1 travis travis    880 Jul 11 02:12 ModularCodeGen4_A2_B1.mk
-rw-rw-r--   1 travis travis   1393 Jul 11 02:12 ModularCodeGen4_A2_B1_profile.class
-rw-rw-r--   1 travis travis   1454 Jul 11 02:12 ModularCodeGen4_A2_B1_profile.java
-rw-rw-r--   1 travis travis   4074 Jul 11 02:12 ModularCodeGen4_A2_B2.class
-rw-rw-r--   1 travis travis  10378 Jul 11 02:12 ModularCodeGen4_A2_B2.java
-rw-rw-r--   1 travis travis    880 Jul 11 02:12 ModularCodeGen4_A2_B2.mk
-rw-rw-r--   1 travis travis   1330 Jul 11 02:12 ModularCodeGen4_A2_B2_profile.class
-rw-rw-r--   1 travis travis   1270 Jul 11 02:12 ModularCodeGen4_A2_B2_profile.java
-rw-rw-r--   1 travis travis   5506 Jul 11 02:12 ModularCodeGen4_A2.class
-rw-rw-r--   1 travis travis  16770 Jul 11 02:12 ModularCodeGen4_A2.java
-rw-rw-r--   1 travis travis    856 Jul 11 02:12 ModularCodeGen4_A2.mk
-rw-rw-r--   1 travis travis   1445 Jul 11 02:12 ModularCodeGen4_A2_profile.class
-rw-rw-r--   1 travis travis   1712 Jul 11 02:12 ModularCodeGen4_A2_profile.java
-rw-rw-r--   1 travis travis   7070 Jul 11 02:12 ModularCodeGen5_A_A.class
-rw-rw-r--   1 travis travis  28721 Jul 11 02:12 ModularCodeGen5_A_A.java
-rw-rw-r--   1 travis travis    864 Jul 11 02:12 ModularCodeGen5_A_A.mk
-rw-rw-r--   1 travis travis   1520 Jul 11 02:12 ModularCodeGen5_A_A_profile.class
-rw-rw-r--   1 travis travis   1815 Jul 11 02:12 ModularCodeGen5_A_A_profile.java
-rw-rw-r--   1 travis travis   5347 Jul 11 02:13 ModularCodeGen5_A.class
-rw-rw-r--   1 travis travis  13769 Jul 11 02:12 ModularCodeGen5_A.java
-rw-rw-r--   1 travis travis    848 Jul 11 02:12 ModularCodeGen5_A.mk
-rw-rw-r--   1 travis travis   1422 Jul 11 02:12 ModularCodeGen5_A_profile.class
-rw-rw-r--   1 travis travis   1605 Jul 11 02:12 ModularCodeGen5_A_profile.java
-rw-rw-r--   1 travis travis   4357 Jul 11 02:13 ModularCodeGen6_A_A2.class
-rw-rw-r--   1 travis travis  11329 Jul 11 02:13 ModularCodeGen6_A_A2.java
-rw-rw-r--   1 travis travis    872 Jul 11 02:13 ModularCodeGen6_A_A2.mk
-rw-rw-r--   1 travis travis   1351 Jul 11 02:13 ModularCodeGen6_A_A2_profile.class
-rw-rw-r--   1 travis travis   1364 Jul 11 02:13 ModularCodeGen6_A_A2_profile.java
-rw-rw-r--   1 travis travis   4340 Jul 11 02:13 ModularCodeGen6_A_A.class
-rw-rw-r--   1 travis travis  11221 Jul 11 02:13 ModularCodeGen6_A_A.java
-rw-rw-r--   1 travis travis    864 Jul 11 02:13 ModularCodeGen6_A_A.mk
-rw-rw-r--   1 travis travis   1348 Jul 11 02:13 ModularCodeGen6_A_A_profile.class
-rw-rw-r--   1 travis travis   1361 Jul 11 02:13 ModularCodeGen6_A_A_profile.java
-rw-rw-r--   1 travis travis   7469 Jul 11 02:13 ModularCodeGen6_A.class
-rw-rw-r--   1 travis travis  26535 Jul 11 02:13 ModularCodeGen6_A.java
-rw-rw-r--   1 travis travis    848 Jul 11 02:13 ModularCodeGen6_A.mk
-rw-rw-r--   1 travis travis   1483 Jul 11 02:13 ModularCodeGen6_A_profile.class
-rw-rw-r--   1 travis travis   1810 Jul 11 02:13 ModularCodeGen6_A_profile.java
-rw-rw-r--   1 travis travis   9633 Jul 11 02:13 ModularCodeGenLazyPubSubGlobal_CompositeActor_ModularCodeGenTypedComposite.class
-rw-rw-r--   1 travis travis  30161 Jul 11 02:13 ModularCodeGenLazyPubSubGlobal_CompositeActor_ModularCodeGenTypedComposite.java
-rw-rw-r--   1 travis travis   1304 Jul 11 02:13 ModularCodeGenLazyPubSubGlobal_CompositeActor_ModularCodeGenTypedComposite.mk
-rw-rw-r--   1 travis travis   1438 Jul 11 02:13 ModularCodeGenLazyPubSubGlobal_CompositeActor_ModularCodeGenTypedComposite_profile.class
-rw-rw-r--   1 travis travis   1384 Jul 11 02:13 ModularCodeGenLazyPubSubGlobal_CompositeActor_ModularCodeGenTypedComposite_profile.java
-rw-rw-r--   1 travis travis   4184 Jul 11 02:13 ModularCodeGenLazyPubSub_LazyCompositeActor.class
-rw-rw-r--   1 travis travis  11122 Jul 11 02:13 ModularCodeGenLazyPubSub_LazyCompositeActor.java
-rw-rw-r--   1 travis travis   1056 Jul 11 02:13 ModularCodeGenLazyPubSub_LazyCompositeActor.mk
-rw-rw-r--   1 travis travis   1286 Jul 11 02:13 ModularCodeGenLazyPubSub_LazyCompositeActor_profile.class
-rw-rw-r--   1 travis travis   1091 Jul 11 02:13 ModularCodeGenLazyPubSub_LazyCompositeActor_profile.java
-rw-rw-r--   1 travis travis   4186 Jul 11 02:12 ModularCodeGen_ModularCodeGenTypedCompositeActor.class
-rw-rw-r--   1 travis travis  10970 Jul 11 02:12 ModularCodeGen_ModularCodeGenTypedCompositeActor.java
-rw-rw-r--   1 travis travis   1096 Jul 11 02:12 ModularCodeGen_ModularCodeGenTypedCompositeActor.mk
-rw-rw-r--   1 travis travis   1384 Jul 11 02:12 ModularCodeGen_ModularCodeGenTypedCompositeActor_profile.class
-rw-rw-r--   1 travis travis   1328 Jul 11 02:12 ModularCodeGen_ModularCodeGenTypedCompositeActor_profile.java
-rw-rw-r--   1 travis travis   3673 Jul 11 02:13 ModularCodeGenPubSub2_A1_A.class
-rw-rw-r--   1 travis travis   8578 Jul 11 02:13 ModularCodeGenPubSub2_A1_A.java
-rw-rw-r--   1 travis travis    920 Jul 11 02:13 ModularCodeGenPubSub2_A1_A.mk
-rw-rw-r--   1 travis travis   1274 Jul 11 02:13 ModularCodeGenPubSub2_A1_A_profile.class
-rw-rw-r--   1 travis travis   1128 Jul 11 02:13 ModularCodeGenPubSub2_A1_A_profile.java
-rw-rw-r--   1 travis travis   3965 Jul 11 02:13 ModularCodeGenPubSub2_A1.class
-rw-rw-r--   1 travis travis   9781 Jul 11 02:13 ModularCodeGenPubSub2_A1.java
-rw-rw-r--   1 travis travis    904 Jul 11 02:13 ModularCodeGenPubSub2_A1.mk
-rw-rw-r--   1 travis travis   1268 Jul 11 02:13 ModularCodeGenPubSub2_A1_profile.class
-rw-rw-r--   1 travis travis   1196 Jul 11 02:13 ModularCodeGenPubSub2_A1_profile.java
-rw-rw-r--   1 travis travis   3669 Jul 11 02:13 ModularCodeGenPubSub3_A1_A2.class
-rw-rw-r--   1 travis travis   8599 Jul 11 02:13 ModularCodeGenPubSub3_A1_A2.java
-rw-rw-r--   1 travis travis    928 Jul 11 02:13 ModularCodeGenPubSub3_A1_A2.mk
-rw-rw-r--   1 travis travis   1287 Jul 11 02:13 ModularCodeGenPubSub3_A1_A2_profile.class
-rw-rw-r--   1 travis travis   1132 Jul 11 02:13 ModularCodeGenPubSub3_A1_A2_profile.java
-rw-rw-r--   1 travis travis   4088 Jul 11 02:13 ModularCodeGenPubSub3_A1.class
-rw-rw-r--   1 travis travis  10100 Jul 11 02:13 ModularCodeGenPubSub3_A1.java
-rw-rw-r--   1 travis travis    904 Jul 11 02:13 ModularCodeGenPubSub3_A1.mk
-rw-rw-r--   1 travis travis   1358 Jul 11 02:13 ModularCodeGenPubSub3_A1_profile.class
-rw-rw-r--   1 travis travis   1400 Jul 11 02:13 ModularCodeGenPubSub3_A1_profile.java
-rw-rw-r--   1 travis travis   3673 Jul 11 02:13 ModularCodeGenPubSub4_A1_A.class
-rw-rw-r--   1 travis travis   8578 Jul 11 02:13 ModularCodeGenPubSub4_A1_A.java
-rw-rw-r--   1 travis travis    920 Jul 11 02:13 ModularCodeGenPubSub4_A1_A.mk
-rw-rw-r--   1 travis travis   1274 Jul 11 02:13 ModularCodeGenPubSub4_A1_A_profile.class
-rw-rw-r--   1 travis travis   1128 Jul 11 02:13 ModularCodeGenPubSub4_A1_A_profile.java
-rw-rw-r--   1 travis travis   3915 Jul 11 02:13 ModularCodeGenPubSub4_A1.class
-rw-rw-r--   1 travis travis   9231 Jul 11 02:13 ModularCodeGenPubSub4_A1.java
-rw-rw-r--   1 travis travis    904 Jul 11 02:13 ModularCodeGenPubSub4_A1.mk
-rw-rw-r--   1 travis travis   1247 Jul 11 02:13 ModularCodeGenPubSub4_A1_profile.class
-rw-rw-r--   1 travis travis   1137 Jul 11 02:13 ModularCodeGenPubSub4_A1_profile.java
-rw-rw-r--   1 travis travis   3707 Jul 11 02:13 ModularCodeGenPubSub_A1.class
-rw-rw-r--   1 travis travis   9060 Jul 11 02:13 ModularCodeGenPubSub_A1.java
-rw-rw-r--   1 travis travis    896 Jul 11 02:13 ModularCodeGenPubSub_A1.mk
-rw-rw-r--   1 travis travis   1278 Jul 11 02:13 ModularCodeGenPubSub_A1_profile.class
-rw-rw-r--   1 travis travis   1195 Jul 11 02:13 ModularCodeGenPubSub_A1_profile.java
-rw-rw-r--   1 travis travis   3724 Jul 11 02:11 ModularCodeGenTest_A1_A2.class
-rw-rw-r--   1 travis travis   9164 Jul 11 02:11 ModularCodeGenTest_A1_A2.java
-rw-rw-r--   1 travis travis   1306 Jul 11 02:11 ModularCodeGenTest_A1_A2_profile.class
-rw-rw-r--   1 travis travis   4055 Jul 11 02:11 ModularCodeGenTest_A1.class
-rw-rw-r--   1 travis travis   9968 Jul 11 02:11 ModularCodeGenTest_A1.java
-rw-rw-r--   1 travis travis    880 Jul 11 02:11 ModularCodeGenTest_A1.mk
-rw-rw-r--   1 travis travis   1352 Jul 11 02:11 ModularCodeGenTest_A1_profile.class
-rw-rw-r--   1 travis travis   1394 Jul 11 02:11 ModularCodeGenTest_A1_profile.java
drwxrwxr-x   3 travis travis  32768 Jul 11 02:10 modulation2
drwxrwxr-x 139 travis travis  12288 Jul 11 02:11 node_modules
drwxrwxr-x   3 travis travis  20480 Jul 11 02:06 PhaseUnwrap
-rw-rw-r--   1 travis travis   1007 Jul 11 02:13 PubSubAggModularCodeGen_ModularCodeGenTypedComposite_profile.java
drwxrwxr-x   3 travis travis  12288 Jul 11 02:06 ReadFile1
-rw-rw-r--   1 travis travis     11 Jul 11 02:06 ReadFile1Output.txt
-rw-rw-r--   1 travis travis   9615 Jul 11 02:11 Repeat.class
-rw-rw-r--   1 travis travis    666 Jul 11 02:11 Repeat$_fireFunction_Repeat_Repeat$__f_sL_11.class
-rw-rw-r--   1 travis travis    522 Jul 11 02:11 Repeat$_fireFunction_Repeat_Repeat$__f_sL_12.class
-rw-rw-r--   1 travis travis    522 Jul 11 02:11 Repeat$_fireFunction_Repeat_Repeat$__f_sL_13.class
-rw-rw-r--   1 travis travis    522 Jul 11 02:11 Repeat$_fireFunction_Repeat_Repeat$__f_sL_14.class
-rw-rw-r--   1 travis travis    665 Jul 11 02:11 Repeat$_fireFunction_Repeat_Repeat$__f_sL_1.class
-rw-rw-r--   1 travis travis    664 Jul 11 02:11 Repeat$_fireFunction_Repeat_Repeat$__f_sL_4.class
-rw-rw-r--   1 travis travis    520 Jul 11 02:11 Repeat$_fireFunction_Repeat_Repeat$__f_sL_9.class
-rw-rw-r--   1 travis travis    475 Jul 11 02:11 Repeat$_initialize_Repeat$__i_sL_2.class
-rw-rw-r--   1 travis travis   1281 Jul 11 02:10 Repeat.mk
-rw-rw-r--   1 travis travis    520 Jul 11 02:11 Repeat$_preinitializeMethod_Repeat$__p_sL_0.class
-rw-rw-r--   1 travis travis   1083 Jul 11 02:11 Repeat$_Repeat$_fireFunction_Repeat_AddSubtract_Repeat.class
-rw-rw-r--   1 travis travis    791 Jul 11 02:11 Repeat$_Repeat$_fireFunction_Repeat_AddSubtract_Repeat$__f_sL_0.class
-rw-rw-r--   1 travis travis    909 Jul 11 02:11 Repeat$_Repeat$_fireFunction_Repeat_AddSubtract_Repeat$__f_sL_1.class
-rw-rw-r--   1 travis travis    915 Jul 11 02:11 Repeat$_Repeat$_fireFunction_Repeat_AddSubtract_Repeat$__f_sL_2.class
-rw-rw-r--   1 travis travis    843 Jul 11 02:11 Repeat$_Repeat$_fireFunction_Repeat_AddSubtract_Repeat$__f_sL_3.class
-rw-rw-r--   1 travis travis    738 Jul 11 02:11 Repeat$_Repeat$_fireFunction_Repeat_Ramp2_Repeat$__f_sL_0.class
-rw-rw-r--   1 travis travis    869 Jul 11 02:11 Repeat$_Repeat$_fireFunction_Repeat_Test_Repeat$__f_sL_0.class
-rw-rw-r--   1 travis travis    615 Jul 11 02:11 Repeat$_Repeat$_fireFunction_Repeat_Test_Repeat$__f_sL_1.class
-rw-rw-r--   1 travis travis    685 Jul 11 02:11 Repeat$_Repeat_SDF_Director_run_Repeat$__R_sL_0.class
-rw-rw-r--   1 travis travis    686 Jul 11 02:11 Repeat$_Repeat_SDF_Director_run_Repeat$__R_sL_11.class
-rw-rw-r--   1 travis travis    542 Jul 11 02:11 Repeat$_Repeat_SDF_Director_run_Repeat$__R_sL_13.class
-rw-rw-r--   1 travis travis    540 Jul 11 02:11 Repeat$_Repeat_SDF_Director_run_Repeat$__R_sL_2.class
-rw-rw-r--   1 travis travis    684 Jul 11 02:11 Repeat$_Repeat_SDF_Director_run_Repeat$__R_sL_3.class
-rw-rw-r--   1 travis travis    540 Jul 11 02:11 Repeat$_Repeat_SDF_Director_run_Repeat$__R_sL_5.class
-rw-rw-r--   1 travis travis    540 Jul 11 02:11 Repeat$_Repeat_SDF_Director_run_Repeat$__R_sL_8.class
drwxrwxr-x   2 travis travis   4096 Jul 11 02:11 RepeatVariables
-rw-rw-r--   1 travis travis    863 Jul 11 02:11 Repeat$_varinit_Repeat.class
-rw-rw-r--   1 travis travis    531 Jul 11 02:11 Repeat$_varinit_Repeat$__v_sL_2.class
-rw-rw-r--   1 travis travis    905 Jul 11 02:11 Repeat$_varinit_Repeat$__v_sL_4.class
-rw-rw-r--   1 travis travis    959 Jul 11 02:11 Repeat$_wrapup_Repeat$__w_sL_1.class
drwxrwxr-x   3 travis travis  20480 Jul 11 02:06 Sinewave
drwxrwxr-x   3 travis travis  32768 Jul 11 02:08 StringFunction
drwxrwxr-x   3 travis travis  12288 Jul 11 02:08 StringLength
drwxrwxr-x   3 travis travis  61440 Jul 11 02:09 StringMatches2
drwxrwxr-x   3 travis travis  61440 Jul 11 02:09 StringSimpleReplace
drwxrwxr-x   3 travis travis  65536 Jul 11 02:09 StringSubstring
drwxrwxr-x   3 travis travis  24576 Jul 11 02:09 StringSubstring2
drwxrwxr-x   3 travis travis  16384 Jul 11 02:10 time1
drwxrwxr-x   3 travis travis  12288 Jul 11 02:10 time5
-rw-rw-r--   1 travis travis    432 Jul 11 02:13 Token.class
-rw-rw-r--   1 travis travis    251 Jul 11 02:13 Token.java
-rwxrwxr-x   1 travis travis 466992 Jul 11 02:03 top
-rw-rw-r--   1 travis travis  20502 Jul 11 02:03 top.c
-rw-rw-r--   1 travis travis   3799 Jul 11 02:11 top.class
-rw-rw-r--   1 travis travis   1257 Jul 11 02:11 top.mk
All Done
Writing PubSubAggModularCodeGen_ModularCodeGenTypedComposite.java in file:/home/travis/cg/ (27850 characters)
Reading "ptolemy/cg/kernel/generic/program/procedural/java/modular/makefile.in",
    writing "/home/travis/cg/PubSubAggModularCodeGen_ModularCodeGenTypedComposite.mk"
Using ptolemy/cg/kernel/generic/program/procedural/java/modular/makefile.in
In "/home/travis/cg", about to execute:
    make -f PubSubAggModularCodeGen_ModularCodeGenTypedComposite.mk
javac -classpath ".:.."    PubSubAggModularCodeGen_ModularCodeGenTypedComposite.java
All Done
5301 ms. Memory: 193536K Free: 53370K (28%)
----------------- Invoking toplevel() on ptolemy.moml.MoMLSimpleApplication@3ea566
----------------- Done invoking toplevel() on ptolemy.moml.MoMLSimpleApplication@3ea566
reloadAllAccessors: .PubSubAggModularCodeGen

===========================================================================================
----------------- testing Thu Jul 11 02:13:45 UTC 2019 /home/travis/build/icyphy/ptII/ptolemy/cg/lib/test/auto/PubSubAggTypedComposite.xml
----------------- Instantiating /home/travis/build/icyphy/ptII/ptolemy/cg/lib/test/auto/PubSubAggTypedComposite.xml
8 ms. Memory: 193536K Free: 151549K (78%)
----------------- Invoking toplevel() on ptolemy.moml.MoMLSimpleApplication@416cdc20
----------------- Done invoking toplevel() on ptolemy.moml.MoMLSimpleApplication@416cdc20
reloadAllAccessors: .PubSubAggTypedComposite

===========================================================================================
----------------- testing Thu Jul 11 02:13:45 UTC 2019 /home/travis/build/icyphy/ptII/ptolemy/cg/lib/test/auto/PubSubAggTypedCompositeWidth2.xml
----------------- Instantiating /home/travis/build/icyphy/ptII/ptolemy/cg/lib/test/auto/PubSubAggTypedCompositeWidth2.xml
6 ms. Memory: 193536K Free: 143209K (74%)
----------------- Invoking toplevel() on ptolemy.moml.MoMLSimpleApplication@2e2aa730
----------------- Done invoking toplevel() on ptolemy.moml.MoMLSimpleApplication@2e2aa730
reloadAllAccessors: .PubSubAggTypedCompositeWidth2

===========================================================================================
----------------- testing Thu Jul 11 02:13:45 UTC 2019 /home/travis/build/icyphy/ptII/ptolemy/cg/lib/test/auto/ScaleJava.xml
----------------- Instantiating /home/travis/build/icyphy/ptII/ptolemy/cg/lib/test/auto/ScaleJava.xml
CompiledCompositeActor: Building shared object: The sharedObjectFile has a modification time that is earlier than the modelFile modification time.
Writing ScaleJava_EmbeddedActor.java in file:/home/travis/cg/ (9202 characters)
Reading "ptolemy/cg/kernel/generic/program/procedural/java/makefile.in",
    writing "/home/travis/cg/ScaleJava_EmbeddedActor.mk"
Using ptolemy/cg/kernel/generic/program/procedural/java/makefile.in
In "/home/travis/cg", about to execute:
    make -f ScaleJava_EmbeddedActor.mk
javac -classpath ".:."    ScaleJava_EmbeddedActor.java
All Done
1353 ms. Memory: 193536K Free: 129016K (67%)
----------------- Invoking toplevel() on ptolemy.moml.MoMLSimpleApplication@3ff3a10b
----------------- Done invoking toplevel() on ptolemy.moml.MoMLSimpleApplication@3ff3a10b
reloadAllAccessors: .ScaleJava
AutoTests.java: About to close Vertx.
AutoTests.java: Vertx closed.
]]></system-out>
  <system-err><![CDATA[]]></system-err>
</testsuite>
