<?xml version="1.0" encoding="UTF-8" ?>
<testsuite errors="0" failures="0" hostname="travis-job-d7860a02-8b33-4a5a-ae6a-2bdbf352c82f" name="ptolemy.domains.de.test.junit.JUnitTclTest" skipped="0" tests="101" time="134.87" timestamp="2019-08-31T05:30:14">
  <properties>
    <property name="npm.executable" value="npm" />
    <property name="env.TRAVIS_ROOT" value="/" />
    <property name="ptII.mk.exists" value="true" />
    <property name="env.TRAVIS_APP_HOST" value="build.travis-ci.org" />
    <property name="env.rvm_bin_path" value="/home/travis/.rvm/bin" />
    <property name="java.home" value="/usr/local/lib/jvm/openjdk11" />
    <property name="env.TRAVIS_JOB_NUMBER" value="1313.9" />
    <property name="env.TRAVIS_HOME" value="/home/travis" />
    <property name="env.DISPLAY" value=":99.0" />
    <property name="env.TRAVIS_INIT" value="systemd" />
    <property name="env.SSH_TTY" value="/dev/pts/0" />
    <property name="java.net.preferIPv4Stack" value="true" />
    <property name="env.RUN_TESTS" value="true" />
    <property name="timeout.short" value="1000000" />
    <property name="junit.formatter" value="xml" />
    <property name="env.TRAVIS_SUDO" value="true" />
    <property name="env.TRAVIS_JOB_NAME" value="" />
    <property name="env.TRAVIS_STACK_NODE_ATTRIBUTES" value="/.node-attributes.yml" />
    <property name="env.LOGNAME" value="travis" />
    <property name="jsdoc.home" value="node_modules/@terraswarm/jsdoc" />
    <property name="debuglevel" value="source,lines,vars" />
    <property name="checkstyle.formatter" value="xml" />
    <property name="env._system_version" value="16.04" />
    <property name="bin.vergil.makeable" value="true" />
    <property name="sun.os.patch.level" value="unknown" />
    <property name="java.vendor.url" value="http://java.oracle.com/" />
    <property name="env.TRAVIS_BUILD_WEB_URL" value="https://travis-ci.org/icyphy/ptII/builds/579091996" />
    <property name="java.version" value="11.0.2" />
    <property name="env.TZ" value="UTC" />
    <property name="env.TRAVIS_PULL_REQUEST_SHA" value="" />
    <property name="env.PT_NO_NET" value="true" />
    <property name="env.TRAVIS_SECURE_ENV_VARS" value="true" />
    <property name="env._system_type" value="Linux" />
    <property name="java.vendor.url.bug" value="http://bugreport.java.com/bugreport/" />
    <property name="npmjs-org-is-up" value="true" />
    <property name="env.LANGUAGE" value="en_US.UTF-8" />
    <property name="env.SSH_CLIENT" value="10.16.7.12 53976 22" />
    <property name="env.GEM_HOME" value="/home/travis/.rvm/gems/ruby-2.5.3" />
    <property name="env.HAS_ANTARES_THREE_LITTLE_FRONZIES_BADGE" value="true" />
    <property name="java.version.date" value="2019-01-15" />
    <property name="env.PS4" value="+" />
    <property name="ant.project.invoked-targets" value="build,test.core2.xml" />
    <property name="env.TRAVIS_PULL_REQUEST_BRANCH" value="" />
    <property name="env.TRAVIS_REPO_SLUG" value="icyphy/ptII" />
    <property name="env.XDG_DATA_DIRS" value="/usr/local/share:/usr/share:/var/lib/snapd/desktop" />
    <property name="jdk.debug" value="release" />
    <property name="env.TRAVIS_APT_PROXY" value="http://apt.cache.travis-ci.com" />
    <property name="node.in.path" value="true" />
    <property name="user.name" value="travis" />
    <property name="java.maxmemory" value="1400m" />
    <property name="env.RUBY_VERSION" value="ruby-2.5.3" />
    <property name="env.LANG" value="en_US.UTF-8" />
    <property name="sun.io.unicode.encoding" value="UnicodeLittle" />
    <property name="sun.jnu.encoding" value="UTF-8" />
    <property name="java.runtime.name" value="OpenJDK Runtime Environment" />
    <property name="usefile" value="false" />
    <property name="return.code" value="0" />
    <property name="junit.single.formatter" value="plain" />
    <property name="env.DYLD_LIBRARY_PATH" value="/home/travis/pthla/certi-tools/lib:" />
    <property name="env.DEBIAN_FRONTEND" value="noninteractive" />
    <property name="env.SSH_CONNECTION" value="10.16.7.12 53976 10.20.0.209 22" />
    <property name="env.MYSQL_UNIX_PORT" value="/var/run/mysqld/mysqld.sock" />
    <property name="env.LC_ALL" value="en_US.UTF-8" />
    <property name="env.TRAVIS_ALLOW_FAILURE" value="false" />
    <property name="env.TRAVIS_JOB_WEB_URL" value="https://travis-ci.org/icyphy/ptII/jobs/579092005" />
    <property name="java.specification.name" value="Java Platform API Specification" />
    <property name="node.works" value="true" />
    <property name="user.timezone" value="" />
    <property name="path.separator" value=":" />
    <property name="env.TRAVIS_ENABLE_INFRA_DETECTION" value="true" />
    <property name="env.PYTHON_CFLAGS" value="-g -fstack-protector --param=ssp-buffer-size=4 -Wformat -Werror=format-security" />
    <property name="timeout.long" value="4000000" />
    <property name="env.CERTI_HOME" value="/home/travis/pthla/certi-tools" />
    <property name="ant.file.ptII" value="/home/travis/build/icyphy/ptII/build.xml" />
    <property name="javadoc.packagenames" value="com.*,diva.*,lbnl.*,org.hlacerti.*,org.json.*,org.ptolemy.*,org.terraswarm.*,ptolemy.*,ptserver.*" />
    <property name="file.encoding" value="UTF-8" />
    <property name="env.TRAVIS_PULL_REQUEST_SLUG" value="" />
    <property name="ant.project.default-target" value="build" />
    <property name="env.GIT_ASKPASS" value="echo" />
    <property name="env.HOME" value="/home/travis" />
    <property name="sun.java.command" value="org.apache.tools.ant.taskdefs.optional.junit.JUnitTestRunner ptolemy.domains.de.test.junit.JUnitTclTest skipNonTests=false filtertrace=true haltOnError=false haltOnFailure=false formatter=org.apache.tools.ant.taskdefs.optional.junit.OutErrSummaryJUnitResultFormatter showoutput=true outputtoformatters=true logfailedtests=true threadid=0 logtestlistenerevents=false formatter=org.apache.tools.ant.taskdefs.optional.junit.XMLJUnitResultFormatter,/home/travis/build/icyphy/ptII/reports/junit/TEST-ptolemy.domains.de.test.junit.JUnitTclTest.xml crashfile=/home/travis/build/icyphy/ptII/junitvmwatcher12074963598928760000.properties propsfile=/home/travis/build/icyphy/ptII/junit4336874522969906755.properties" />
    <property name="env.COMPOSER_NO_INTERACTION" value="1" />
    <property name="env.MANPATH" value="/home/travis/.nvm/versions/node/v7.10.1/share/man:/home/travis/.rvm/rubies/ruby-2.5.3/share/man:/usr/local/cmake-3.12.4/man:/usr/local/clang-7.0.0/share/man:/usr/local/man:/usr/local/share/man:/usr/share/man:/home/travis/.rvm/man" />
    <property name="env.TRAVIS_TIMER_ID" value="3612b6d0" />
    <property name="ant.file" value="/home/travis/build/icyphy/ptII/build.xml" />
    <property name="env.TRAVIS_COMMIT_RANGE" value="42e172ae347fdc5d0e580488fa33ff6bc00cac99...f9c12c6b2ccbd758ceec4e9ffc44e2f31da246f0" />
    <property name="env._system_name" value="Ubuntu" />
    <property name="ptII.classpath.optional.property" value="/home/travis/build/icyphy/ptII/lib/bsh-2.0b4.jar:/home/travis/build/icyphy/ptII/lib/ptCal.jar:/home/travis/build/icyphy/ptII/lib/java_cup.jar:/home/travis/build/icyphy/ptII/lib/saxon8.jar:/home/travis/build/icyphy/ptII/lib/saxon8-dom.jar:/home/travis/build/icyphy/ptII/lib/chic.jar:/home/travis/build/icyphy/ptII/lib/ptcolt.jar:/home/travis/build/icyphy/ptII/vendors/misc/itext/iText.jar:/home/travis/build/icyphy/ptII/lib/g4ltl.jar:/home/travis/build/icyphy/ptII/lib/StructuralCoder.jar:/home/travis/build/icyphy/ptII/lib/jcerti.jar:/home/travis/build/icyphy/ptII/lib/javax.mail.jar:/home/travis/build/icyphy/ptII/vendors/JMF-2.1.1e/lib/jmf.jar:/home/travis/build/icyphy/ptII/lib/jna-4.0.0-variadic.jar:/home/travis/build/icyphy/ptII/vendors/misc/joystick/Joystick.jar:/home/travis/build/icyphy/ptII/lib/ptjacl.jar:/home/travis/build/icyphy/ptII/lib/jsoup-1.8.2.jar:/home/travis/build/icyphy/ptII/lib/junit-4.8.2.jar:/home/travis/build/icyphy/ptII/lib/JUnitParams-0.4.0.jar:/home/travis/build/icyphy/ptII/ptolemy/actor/lib/excel/jxl.jar:/home/travis/build/icyphy/ptII/lib/jython.jar:/home/travis/build/icyphy/ptII/lib/kieler.jar:/home/travis/build/icyphy/ptII/vendors/opencv/share/OpenCV/java/opencv-341.jar:/home/travis/build/icyphy/ptII/lib/oscP5.jar:/home/travis/build/icyphy/ptII/lib/nrjavaserial-3.11.0.devel.jar:/home/travis/build/icyphy/ptII/vendors/j3d/lib/Linux/j3dcore.jar:/home/travis/build/icyphy/ptII/vendors/j3d/lib/Linux/j3dutils.jar:/home/travis/build/icyphy/ptII/vendors/j3d/lib/Linux/vecmath.jar:/home/travis/build/icyphy/ptII/vendors/jogl/lib/Linux/gluegen-rt-natives-linux-amd64.jar:/home/travis/build/icyphy/ptII/vendors/jogl/lib/Linux/gluegen-rt.jar:/home/travis/build/icyphy/ptII/vendors/jogl/lib/Linux/jogl-all-natives-linux-amd64.jar:/home/travis/build/icyphy/ptII/vendors/jogl/lib/Linux/jogl-all.jar:/home/travis/build/icyphy/ptII/ptolemy/distributed/jini/jar/jini-core.jar:/home/travis/build/icyphy/ptII/ptolemy/distributed/jini/jar/jini-ext.jar:/home/travis/build/icyphy/ptII/ptolemy/distributed/jini/jar/sun-util.jar:/home/travis/build/icyphy/ptII/lib/protobuf-java-2.4.1.jar:/home/travis/build/icyphy/ptII/lib/org.eclipse.paho.client.mqttv3.jar:/home/travis/build/icyphy/ptII/lib/mapss.jar:/home/travis/build/icyphy/ptII/ptolemy/actor/ptalon/antlr/antlr.jar:/home/travis/build/icyphy/ptII/lib/JRI.jar:/home/travis/build/icyphy/ptII/lib/commons-lang-2.6.jar:/home/travis/build/icyphy/ptII/lib/commons-logging-1.1.1.jar:/home/travis/build/icyphy/ptII/lib/sootclasses.jar:/home/travis/build/icyphy/ptII/ptolemy/actor/lib/database/mysql-connector-java-5.1.6-bin.jar:/home/travis/build/icyphy/ptII/vendors/misc/sphinx4/sphinx4-data-5prealpha.jar:/home/travis/build/icyphy/ptII/vendors/misc/sphinx4/sphinx4-core-5prealpha.jar:/home/travis/build/icyphy/ptII/lib/PDFRenderer.jar:/home/travis/build/icyphy/ptII/lib/svgSalamander.jar:/home/travis/build/icyphy/ptII/lib/rsyntaxtextarea-2.6.0-SNAPSHOT.jar:/home/travis/build/icyphy/ptII/lib/hazelcast-3.8.2.jar:/home/travis/build/icyphy/ptII/lib/jackson-annotations-2.9.0.jar:/home/travis/build/icyphy/ptII/lib/jackson-core-2.9.3.jar:/home/travis/build/icyphy/ptII/lib/jackson-databind-2.9.3.jar:/home/travis/build/icyphy/ptII/lib/netty-buffer-4.1.19.Final.jar:/home/travis/build/icyphy/ptII/lib/netty-codec-4.1.19.Final.jar:/home/travis/build/icyphy/ptII/lib/netty-codec-dns-4.1.19.Final.jar:/home/travis/build/icyphy/ptII/lib/netty-codec-http-4.1.19.Final.jar:/home/travis/build/icyphy/ptII/lib/netty-codec-http2-4.1.19.Final.jar:/home/travis/build/icyphy/ptII/lib/netty-common-4.1.19.Final.jar:/home/travis/build/icyphy/ptII/lib/netty-handler-4.1.19.Final.jar:/home/travis/build/icyphy/ptII/lib/netty-resolver-4.1.19.Final.jar:/home/travis/build/icyphy/ptII/lib/netty-resolver-dns-4.1.19.Final.jar:/home/travis/build/icyphy/ptII/lib/netty-transport-4.1.19.Final.jar:/home/travis/build/icyphy/ptII/lib/vertx-codegen-3.5.1.jar:/home/travis/build/icyphy/ptII/lib/vertx-core-3.5.2-SNAPSHOT.jar:/home/travis/build/icyphy/ptII/lib/vertx-hazelcast-3.5.1.jar:/home/travis/build/icyphy/ptII/lib/vertx-lang-js-3.5.1.jar:/home/travis/build/icyphy/ptII/lib/vertx-service-proxy-3.5.1.jar:/home/travis/build/icyphy/ptII/lib/vertx-web-3.5.1.jar:/home/travis/build/icyphy/ptII/lib/slf4j-api-1.7.13.jar:/home/travis/build/icyphy/ptII/lib/slf4j-simple-1.7.13.jar:/home/travis/build/icyphy/ptII/lib/webcam-capture-0.3.12.jar:/home/travis/build/icyphy/ptII/lib/bridj-0.7.0.jar:/home/travis/build/icyphy/ptII/lib/xbjlib-1.1.0.nrjavaserial.jar" />
    <property name="timeout" value="2400000" />
    <property name="test.batch" value="**/junit/*.java" />
    <property name="env._" value="/usr/bin/timeout" />
    <property name="java.io.tmpdir" value="/tmp" />
    <property name="user.language" value="en" />
    <property name="env.TRAVIS_INTERNAL_RUBY_REGEX" value="^ruby-(2\.[0-4]\.[0-9]|1\.9\.3)" />
    <property name="env.HISTCONTROL" value="ignoredups:ignorespace" />
    <property name="env.GOROOT" value="/home/travis/.gimme/versions/go1.11.1.linux.amd64" />
    <property name="line.separator" value="&#xa;" />
    <property name="target" value="11" />
    <property name="env.TRAVIS_BUILD_DIR" value="/home/travis/build/icyphy/ptII" />
    <property name="env.ANT_OPTS" value="-Xmx2048m" />
    <property name="ant.file.type" value="file" />
    <property name="ptolemy.ptII.batchMode" value="true" />
    <property name="env.HISTSIZE" value="1000" />
    <property name="env.MERB_ENV" value="test" />
    <property name="java.vm.info" value="mixed mode" />
    <property name="source" value="11" />
    <property name="java.vm.specification.name" value="Java Virtual Machine Specification" />
    <property name="env.TRAVIS_TEST_RESULT" value="0" />
    <property name="jsdoc.command" value="node_modules/@terraswarm/jsdoc/jsdoc.js" />
    <property name="npm.works" value="true" />
    <property name="cobertura.dir" value="/home/travis/build/icyphy/ptII/vendors/cobertura-2.0.3" />
    <property name="jsdoc.command.exists" value="true" />
    <property name="env.rvm_path" value="/home/travis/.rvm" />
    <property name="env.GEM_PATH" value="/home/travis/.rvm/gems/ruby-2.5.3:/home/travis/.rvm/gems/ruby-2.5.3@global" />
    <property name="env.LC_CTYPE" value="en_US.UTF-8" />
    <property name="env.TRAVIS_CMD" value="$PTII/bin/ptIITravisBuild.sh $SECONDS" />
    <property name="java.awt.printerjob" value="sun.print.PSPrinterJob" />
    <property name="env.TRAVIS_STACK_NAME" value="sardonyx" />
    <property name="env.TRAVIS_TIMER_START_TIME" value="1567229159268255747" />
    <property name="ant.version" value="Apache Ant(TM) version 1.10.1 compiled on February 2 2017" />
    <property name="ptII.reports" value="/home/travis/build/icyphy/ptII/reports" />
    <property name="env.TRAVIS_STACK_TIMESTAMP" value="2019-03-25 16:16:56 UTC" />
    <property name="ant.file.type.ptII" value="file" />
    <property name="env.RBENV_SHELL" value="bash" />
    <property name="os.name" value="Linux" />
    <property name="java.specification.vendor" value="Oracle Corporation" />
    <property name="env.rvm_version" value="1.29.7 (latest)" />
    <property name="env.TRAVIS_INFRA" value="unknown" />
    <property name="env.TERM" value="xterm" />
    <property name="java.vm.name" value="OpenJDK 64-Bit Server VM" />
    <property name="env.TRAVIS_BUILD_NUMBER" value="1313" />
    <property name="env.CI" value="true" />
    <property name="java.library.path" value="/home/travis/pthla/certi-tools/lib:/usr/lib/jni:/usr/local/share/OpenCV/java/:/usr/share/OpenCV/java::/usr/java/packages/lib:/usr/lib64:/lib64:/lib:/usr/lib" />
    <property name="jdk.module.path" value="/home/travis/build/icyphy/ptII/vendors/javafx/javafx-sdk-11.0.2/lib:" />
    <property name="env.rvm_prefix" value="/home/travis" />
    <property name="env.PATH" value="/home/travis/pthla/certi-tools/share/scripts:/home/travis/.rvm/gems/ruby-2.5.3/bin:/home/travis/.rvm/gems/ruby-2.5.3@global/bin:/home/travis/.rvm/rubies/ruby-2.5.3/bin:/home/travis/.rvm/bin:/home/travis/.nvm/versions/node/v7.10.1/bin:./node_modules/.bin:/home/travis/build/icyphy/ptII/bin:/home/travis/pthla/certi-tools/bin:/home/travis/bin:/home/travis/.local/bin:/usr/local/lib/jvm/openjdk11/bin:/opt/pyenv/shims:/home/travis/.phpenv/shims:/home/travis/perl5/perlbrew/bin:/home/travis/gopath/bin:/home/travis/.gimme/versions/go1.11.1.linux.amd64/bin:/usr/local/maven-3.6.0/bin:/usr/local/cmake-3.12.4/bin:/usr/local/clang-7.0.0/bin:/usr/local/sbin:/usr/local/bin:/usr/sbin:/usr/bin:/sbin:/bin:/snap/bin:/home/travis/.phpenv/bin:/opt/pyenv/bin:/home/travis/.yarn/bin" />
    <property name="env.TRAVIS_OS_NAME" value="linux" />
    <property name="ant.java.version" value="9" />
    <property name="basedir" value="/home/travis/build/icyphy/ptII" />
    <property name="java.class.version" value="55.0" />
    <property name="env.SHLVL" value="3" />
    <property name="env.LD_LIBRARY_PATH" value="/home/travis/pthla/certi-tools/lib:/usr/lib/jni:/usr/local/share/OpenCV/java/:/usr/share/OpenCV/java:" />
    <property name="env.RACK_ENV" value="test" />
    <property name="ant.home" value="/home/travis/build/icyphy/ptII/ant" />
    <property name="env.NVM_DIR" value="/home/travis/.nvm" />
    <property name="env.CERTI_FOM_PATH" value="/home/travis/pthla/certi-tools/share/federations" />
    <property name="env.TRAVIS_BUILD_ID" value="579091996" />
    <property name="env.PYENV_ROOT" value="/opt/pyenv" />
    <property name="env.TRAVIS_UID" value="2000" />
    <property name="prism.verbose" value="true" />
    <property name="env.NVM_BIN" value="/home/travis/.nvm/versions/node/v7.10.1/bin" />
    <property name="env.TRAVIS_COMMIT" value="f9c12c6b2ccbd758ceec4e9ffc44e2f31da246f0" />
    <property name="env._system_arch" value="x86_64" />
    <property name="node.executable" value="node" />
    <property name="sun.boot.library.path" value="/usr/local/lib/jvm/openjdk11/lib" />
    <property name="sun.management.compiler" value="HotSpot 64-Bit Tiered Compilers" />
    <property name="java.awt.graphicsenv" value="sun.awt.X11GraphicsEnvironment" />
    <property name="env.GOPATH" value="/home/travis/gopath" />
    <property name="ptolemy.ptII.dir" value="/home/travis/build/icyphy/ptII" />
    <property name="env.USER" value="travis" />
    <property name="env.HISTFILESIZE" value="2000" />
    <property name="timeout.longest" value="19000000" />
    <property name="env.PERLBREW_SHELLRC_VERSION" value="0.86" />
    <property name="env.TRAVIS_STACK_FEATURES" value="basic couchdb disabled-ipv6 docker docker-compose elasticsearch firefox go-toolchain google-chrome jdk memcached mongodb mysql nodejs_interpreter perl_interpreter perlbrew phantomjs postgresql python_interpreter redis ruby_interpreter sqlite xserver" />
    <property name="env.TRAVIS_PULL_REQUEST" value="false" />
    <property name="env.PYENV_SHELL" value="bash" />
    <property name="ant.project.name" value="ptII" />
    <property name="env.ANSI_RESET" value="\033[0m" />
    <property name="java.vm.specification.version" value="11" />
    <property name="env.TRAVIS_DIST" value="xenial" />
    <property name="env.CERTI_VERSION" value="4.0.0" />
    <property name="env.CERTI_HOST" value="localhost" />
    <property name="awt.toolkit" value="sun.awt.X11.XToolkit" />
    <property name="env.MY_RUBY_HOME" value="/home/travis/.rvm/rubies/ruby-2.5.3" />
    <property name="sun.cpu.isalist" value="" />
    <property name="env.TRAVIS_TMPDIR" value="/tmp/tmp.Jfoydyu7GD" />
    <property name="java.vm.compressedOopsMode" value="Zero based" />
    <property name="os.version" value="4.15.0-1028-gcp" />
    <property name="user.home" value="/home/travis" />
    <property name="java.vm.vendor" value="Oracle Corporation" />
    <property name="env.TRAVIS_TAG" value="nightly" />
    <property name="env.ANSI_YELLOW" value="\033[33;1m" />
    <property name="env.TRAVIS_FILTERED" value="redirect_io" />
    <property name="env.ANSI_GREEN" value="\033[32;1m" />
    <property name="env.JAVA_HOME" value="/usr/local/lib/jvm/openjdk11" />
    <property name="javadoc.excludepackagenames" value="adm.cvs2svn.*,build.*,config.*,doc.coding.templates.*,jni.test.jni.meaningOfLife.*,jni.test.jni.testDeux.*,jni.test.jni.testTrois.*,org.terraswarm.accessor.accessors.web.node_modules.*,org.terraswarm.accessor.accessors.web.hosts.cordova.demo.*,org.terraswarm.accessor.accessors.web.hosts.cordova.plugins.*,org.terraswarm.accessor.accessors-svn.*,pt-modules.*,ptolemy.apps.agilent.*,ptolemy.apps.anytimecontrol.*,ptolemy.apps.apes.*,ptolemy.apps.charon.*,ptolemy.apps.crazyboard.*,ptolemy.apps.eclipse.*,ptolemy.apps.etherealSting.*,ptolemy.apps.fullscreen.*,ptolemy.apps.giotto.*,ptolemy.apps.ia.*,ptolemy.apps.interfaces.*,ptolemy.apps.jmf.*,ptolemy.apps.kurt.*,ptolemy.apps.kvm.*,ptolemy.apps.lego.*,ptolemy.apps.lejos.*,ptolemy.apps.midp.*,ptolemy.apps.mobileCoding.*,ptolemy.apps.pendulum.*,ptolemy.apps.rijndael.*,ptolemy.apps.robot.*,ptolemy.apps.security.*,ptolemy.apps.sobel.*,ptolemy.apps.soot.*,ptolemy.apps.throttle.*,ptolemy.apps.tini.*,ptolemy.apps.transmission.*,ptolemy.apps.vergil.*,ptolemy.apps.waba.*,ptolemy.apps.websensor.*,ptolemy.apps.webstart.*,ptolemy.apps.xsl.*,ptolemy.apps.zaurus.*,ptolemy.codegen.c.actor.lib.oldJavaFiles.*,ptolemy.codegen.dsp.lib.*,ptolemy.codegen.kernel.newInterfaces.*,ptolemy.codegen.lib.*,ptolemy.copernicus.kernel.fragment.*,ptolemy.copernicus.shallow.cg.*,ptolemy.domains.giotto.demo.Hierarchy.Hierarchy.*,ptolemy.domains.giotto.demo.Multimode.Multimode.*,ptolemy.domains.giotto.demo.Simple.Simple.*,ptolemy.domains.gr.lib.experimental.*,ptolemy.domains.gro.*,ptolemy.domains.pdf.*,ptolemy.domains.ptinyos.demo.Surge.output.*,ptolemy.moml.test.NoPackageActor.java*,ptolemy.plot.adm.*,ptolemy.plot.servlet.*,reports.*,signed.*,src.*,target.*,vendors.*,ptolemy.copernicus.applet.*,ptolemy.media.viewer.*,ptolemy.actor.corba.*,doc.doclets.*,ptolemy.apps.eclipse.awt.*,ptolemy.backtrack.*,ptolemy.backtrack.ast.*,ptolemy.cg.adapter.generic.program.procedural.c.mbed*,ptolemy.homer.*,ptolemy.actor.lib.jai.*,org.ptolemy.scala.*,diva.util.java2d.svg.*,ptolemy.domains.ptinyos.*,ptolemy.actor.lib.fmi.fmipp.*,,org.terraswarm.accessor.accessors.web.node_modules.*,org.terraswarm.accessor.accessors-svn,ptolemy.apps.*,ptolemy.actor.ptalon.demo.ptinyos.SendAndReceiveCnt.output,ptolemy.actor.ptalon.demo.ptinyos.SenseToLeds.output,ptolemy.domains.ptinyos.demo.CntToLedsAndRfm.output,ptolemy.domains.ptinyos.demo.RfmToLeds.output,ptolemy.domains.ptinyos.demo.SendAndReceiveCnt.output,ptolemy.domains.ptinyos.demo.SenseToLeds.output,ptolemy.actor.lib.jjs.modules.udpSocket.*" />
    <property name="env.PTII" value="/home/travis/build/icyphy/ptII" />
    <property name="env.XDG_SESSION_ID" value="2" />
    <property name="keystore" value="ptKeystore" />
    <property name="env.TRAVIS_COMMIT_MESSAGE" value="Removed mention of svn." />
    <property name="junit.output.dir" value="/home/travis/build/icyphy/ptII/reports/junit" />
    <property name="npm.return.code" value="0" />
    <property name="user.dir" value="/home/travis/build/icyphy/ptII/ptolemy/domains/de/test" />
    <property name="env.TRAVIS_NODE_VERSION" value="7" />
    <property name="env.TRAVIS_EVENT_TYPE" value="cron" />
    <property name="env.MAIL" value="/var/mail/travis" />
    <property name="env.PERLBREW_ROOT" value="/home/travis/perl5/perlbrew" />
    <property name="env.PWD" value="/home/travis/build/icyphy/ptII" />
    <property name="timeout.npm" value="45000" />
    <property name="env.PT_TRAVIS_TEST_CORE2_XML" value="true" />
    <property name="env.TRAVIS_ARCH" value="amd64" />
    <property name="sun.cpu.endian" value="little" />
    <property name="env.PAGER" value="cat" />
    <property name="env.TRAVIS_BUILD_STAGE_NAME" value="Test" />
    <property name="env.PERLBREW_HOME" value="/home/travis/.perlbrew" />
    <property name="java.vm.version" value="11.0.2+9" />
    <property name="env.RAILS_ENV" value="test" />
    <property name="java.class.path" value="/home/travis/build/icyphy/ptII:/home/travis/build/icyphy/ptII/lib/bsh-2.0b4.jar:/home/travis/build/icyphy/ptII/lib/ptCal.jar:/home/travis/build/icyphy/ptII/lib/java_cup.jar:/home/travis/build/icyphy/ptII/lib/saxon8.jar:/home/travis/build/icyphy/ptII/lib/saxon8-dom.jar:/home/travis/build/icyphy/ptII/lib/chic.jar:/home/travis/build/icyphy/ptII/lib/ptcolt.jar:/home/travis/build/icyphy/ptII/vendors/misc/itext/iText.jar:/home/travis/build/icyphy/ptII/lib/g4ltl.jar:/home/travis/build/icyphy/ptII/lib/StructuralCoder.jar:/home/travis/build/icyphy/ptII/lib/jcerti.jar:/home/travis/build/icyphy/ptII/lib/javax.mail.jar:/home/travis/build/icyphy/ptII/vendors/JMF-2.1.1e/lib/jmf.jar:/home/travis/build/icyphy/ptII/lib/jna-4.0.0-variadic.jar:/home/travis/build/icyphy/ptII/vendors/misc/joystick/Joystick.jar:/home/travis/build/icyphy/ptII/lib/ptjacl.jar:/home/travis/build/icyphy/ptII/lib/jsoup-1.8.2.jar:/home/travis/build/icyphy/ptII/lib/junit-4.8.2.jar:/home/travis/build/icyphy/ptII/lib/JUnitParams-0.4.0.jar:/home/travis/build/icyphy/ptII/ptolemy/actor/lib/excel/jxl.jar:/home/travis/build/icyphy/ptII/lib/jython.jar:/home/travis/build/icyphy/ptII/lib/kieler.jar:/home/travis/build/icyphy/ptII/vendors/opencv/share/OpenCV/java/opencv-341.jar:/home/travis/build/icyphy/ptII/lib/oscP5.jar:/home/travis/build/icyphy/ptII/lib/nrjavaserial-3.11.0.devel.jar:/home/travis/build/icyphy/ptII/vendors/j3d/lib/Linux/j3dcore.jar:/home/travis/build/icyphy/ptII/vendors/j3d/lib/Linux/j3dutils.jar:/home/travis/build/icyphy/ptII/vendors/j3d/lib/Linux/vecmath.jar:/home/travis/build/icyphy/ptII/vendors/jogl/lib/Linux/gluegen-rt-natives-linux-amd64.jar:/home/travis/build/icyphy/ptII/vendors/jogl/lib/Linux/gluegen-rt.jar:/home/travis/build/icyphy/ptII/vendors/jogl/lib/Linux/jogl-all-natives-linux-amd64.jar:/home/travis/build/icyphy/ptII/vendors/jogl/lib/Linux/jogl-all.jar:/home/travis/build/icyphy/ptII/ptolemy/distributed/jini/jar/jini-core.jar:/home/travis/build/icyphy/ptII/ptolemy/distributed/jini/jar/jini-ext.jar:/home/travis/build/icyphy/ptII/ptolemy/distributed/jini/jar/sun-util.jar:/home/travis/build/icyphy/ptII/lib/protobuf-java-2.4.1.jar:/home/travis/build/icyphy/ptII/lib/org.eclipse.paho.client.mqttv3.jar:/home/travis/build/icyphy/ptII/lib/mapss.jar:/home/travis/build/icyphy/ptII/ptolemy/actor/ptalon/antlr/antlr.jar:/home/travis/build/icyphy/ptII/lib/JRI.jar:/home/travis/build/icyphy/ptII/lib/commons-lang-2.6.jar:/home/travis/build/icyphy/ptII/lib/commons-logging-1.1.1.jar:/home/travis/build/icyphy/ptII/lib/sootclasses.jar:/home/travis/build/icyphy/ptII/ptolemy/actor/lib/database/mysql-connector-java-5.1.6-bin.jar:/home/travis/build/icyphy/ptII/vendors/misc/sphinx4/sphinx4-data-5prealpha.jar:/home/travis/build/icyphy/ptII/vendors/misc/sphinx4/sphinx4-core-5prealpha.jar:/home/travis/build/icyphy/ptII/lib/PDFRenderer.jar:/home/travis/build/icyphy/ptII/lib/svgSalamander.jar:/home/travis/build/icyphy/ptII/lib/rsyntaxtextarea-2.6.0-SNAPSHOT.jar:/home/travis/build/icyphy/ptII/lib/hazelcast-3.8.2.jar:/home/travis/build/icyphy/ptII/lib/jackson-annotations-2.9.0.jar:/home/travis/build/icyphy/ptII/lib/jackson-core-2.9.3.jar:/home/travis/build/icyphy/ptII/lib/jackson-databind-2.9.3.jar:/home/travis/build/icyphy/ptII/lib/netty-buffer-4.1.19.Final.jar:/home/travis/build/icyphy/ptII/lib/netty-codec-4.1.19.Final.jar:/home/travis/build/icyphy/ptII/lib/netty-codec-dns-4.1.19.Final.jar:/home/travis/build/icyphy/ptII/lib/netty-codec-http-4.1.19.Final.jar:/home/travis/build/icyphy/ptII/lib/netty-codec-http2-4.1.19.Final.jar:/home/travis/build/icyphy/ptII/lib/netty-common-4.1.19.Final.jar:/home/travis/build/icyphy/ptII/lib/netty-handler-4.1.19.Final.jar:/home/travis/build/icyphy/ptII/lib/netty-resolver-4.1.19.Final.jar:/home/travis/build/icyphy/ptII/lib/netty-resolver-dns-4.1.19.Final.jar:/home/travis/build/icyphy/ptII/lib/netty-transport-4.1.19.Final.jar:/home/travis/build/icyphy/ptII/lib/vertx-codegen-3.5.1.jar:/home/travis/build/icyphy/ptII/lib/vertx-core-3.5.2-SNAPSHOT.jar:/home/travis/build/icyphy/ptII/lib/vertx-hazelcast-3.5.1.jar:/home/travis/build/icyphy/ptII/lib/vertx-lang-js-3.5.1.jar:/home/travis/build/icyphy/ptII/lib/vertx-service-proxy-3.5.1.jar:/home/travis/build/icyphy/ptII/lib/vertx-web-3.5.1.jar:/home/travis/build/icyphy/ptII/lib/slf4j-api-1.7.13.jar:/home/travis/build/icyphy/ptII/lib/slf4j-simple-1.7.13.jar:/home/travis/build/icyphy/ptII/lib/webcam-capture-0.3.12.jar:/home/travis/build/icyphy/ptII/lib/bridj-0.7.0.jar:/home/travis/build/icyphy/ptII/lib/xbjlib-1.1.0.nrjavaserial.jar:/home/travis/build/icyphy/ptII/ptolemy/moml/test:/home/travis/build/icyphy/ptII/ant/lib/ant-launcher.jar:/home/travis/build/icyphy/ptII/ant/lib/ant.jar:/home/travis/build/icyphy/ptII/ant/lib/ant-junit.jar:/home/travis/build/icyphy/ptII/ant/lib/ant-junit4.jar" />
    <property name="ant.library.dir" value="/home/travis/build/icyphy/ptII/ant/lib" />
    <property name="os.arch" value="amd64" />
    <property name="env.CONTINUOUS_INTEGRATION" value="true" />
    <property name="env.TRAVIS_LANGUAGE" value="node_js" />
    <property name="env.TRAVIS_STACK_LANGUAGES" value="__sardonyx__ c c++ clojure cplusplus cpp default generic go groovy java node_js php pure_java python ruby scala" />
    <property name="test.name" value="ptolemy.actor.lib.test.junit.JUnitTclTest" />
    <property name="env.APT_KEY_DONT_WARN_ON_DANGEROUS_USAGE" value="1" />
    <property name="sun.java.launcher" value="SUN_STANDARD" />
    <property name="env.PYTHON_CONFIGURE_OPTS" value="--enable-unicode=ucs4 --with-wide-unicode --enable-shared --enable-ipv6 --enable-loadable-sqlite-extensions --with-computed-gotos" />
    <property name="ant.core.lib" value="/home/travis/build/icyphy/ptII/ant/lib/ant.jar" />
    <property name="java.vm.specification.vendor" value="Oracle Corporation" />
    <property name="env.BCVTB_HOME" value="/home/travis/build/icyphy/ptII/lbnl" />
    <property name="file.separator" value="/" />
    <property name="spotbugs.home" value="/home/travis/build/icyphy/ptII/vendors/spotbugs-3.1.1" />
    <property name="java.runtime.version" value="11.0.2+9" />
    <property name="env.ANSI_CLEAR" value="\033[0K" />
    <property name="javafx.verbose" value="true" />
    <property name="env.HAS_JOSH_K_SEAL_OF_APPROVAL" value="true" />
    <property name="env.XDG_RUNTIME_DIR" value="/run/user/2000" />
    <property name="env.TRAVIS_OSX_IMAGE" value="" />
    <property name="env.TRAVIS_JOB_ID" value="579092005" />
    <property name="env.TRAVIS_BRANCH" value="master" />
    <property name="user.country" value="US" />
    <property name="env.CERTI_HOME_TRAVIS" value="/home/travis/pthla/certi-tools" />
    <property name="env.SHELL" value="/bin/bash" />
    <property name="java.maxmemory.large" value="3200m" />
    <property name="model" value="" />
    <property name="env.CASHER_DIR" value="/home/travis/.casher" />
    <property name="env.NVM_CD_FLAGS" value="" />
    <property name="java.vendor.version" value="18.9" />
    <property name="jshint.executable" value="/home/travis/node_modules/jshint/bin/jshint" />
    <property name="env.JRUBY_OPTS" value=" --client -J-XX:+TieredCompilation -J-XX:TieredStopAtLevel=1 -J-Xss2m -Xcompile.invokedynamic=false" />
    <property name="java.vendor" value="Oracle Corporation" />
    <property name="env.TRAVIS_PRE_CHEF_BOOTSTRAP_TIME" value="2019-03-25T16:16:42" />
    <property name="env.TRAVIS_STACK_JOB_BOARD_REGISTER" value="/.job-board-register.yml" />
    <property name="env.ANSI_RED" value="\033[31;1m" />
    <property name="java.specification.version" value="11" />
    <property name="env.IRBRC" value="/home/travis/.rvm/rubies/ruby-2.5.3/.irbrc" />
    <property name="env.TRAVIS" value="true" />
    <property name="sun.arch.data.model" value="64" />
  </properties>
  <testcase classname="ptolemy.util.test.junit.TclTests" name="[0] /home/travis/build/icyphy/ptII/ptolemy/domains/de/test/DependencyLoop.tcl (RunTclFile)" time="1.155" />
  <testcase classname="ptolemy.util.test.junit.TclTests" name="[1] /home/travis/build/icyphy/ptII/ptolemy/domains/de/test/RunDETestsAsQSS.tcl (RunTclFile)" time="90.604" />
  <testcase classname="ptolemy.util.test.junit.AutoKnownFailedTests" name="[0] /home/travis/build/icyphy/ptII/ptolemy/domains/de/test/auto/knownFailedTests/DESDFClockTest.xml (RunModel)" time="2.072" />
  <testcase classname="ptolemy.util.test.junit.AutoKnownFailedTests" name="[1] /home/travis/build/icyphy/ptII/ptolemy/domains/de/test/auto/knownFailedTests/DirectFeedback.xml (RunModel)" time="0.01" />
  <testcase classname="ptolemy.util.test.junit.AutoKnownFailedTests" name="[2] /home/travis/build/icyphy/ptII/ptolemy/domains/de/test/auto/knownFailedTests/FSMSource.xml (RunModel)" time="0.028" />
  <testcase classname="ptolemy.util.test.junit.AutoKnownFailedTests" name="[3] /home/travis/build/icyphy/ptII/ptolemy/domains/de/test/auto/knownFailedTests/HierarchicalModel.xml (RunModel)" time="0.036" />
  <testcase classname="ptolemy.util.test.junit.AutoKnownFailedTests" name="[4] /home/travis/build/icyphy/ptII/ptolemy/domains/de/test/auto/knownFailedTests/dependencyLoop.xml (RunModel)" time="0.042" />
  <testcase classname="ptolemy.util.test.junit.AutoKnownFailedTests" name="[5] /home/travis/build/icyphy/ptII/ptolemy/domains/de/test/auto/knownFailedTests/dependencyLoop2.xml (RunModel)" time="0.038" />
  <testcase classname="ptolemy.util.test.junit.AutoNameArchTests" name="[0] ThereAreNoAutoArchTests (RunModel)" time="0.001" />
  <testcase classname="ptolemy.util.test.junit.AutoTests" name="[0] /home/travis/build/icyphy/ptII/ptolemy/domains/de/test/auto/ActorDepthCalculation_actorWithoutPorts.xml (RunModel)" time="0.021" />
  <testcase classname="ptolemy.util.test.junit.AutoTests" name="[1] /home/travis/build/icyphy/ptII/ptolemy/domains/de/test/auto/AssemblyLine.xml (RunModel)" time="0.027" />
  <testcase classname="ptolemy.util.test.junit.AutoTests" name="[2] /home/travis/build/icyphy/ptII/ptolemy/domains/de/test/auto/CQBug1.xml (RunModel)" time="0.008" />
  <testcase classname="ptolemy.util.test.junit.AutoTests" name="[3] /home/travis/build/icyphy/ptII/ptolemy/domains/de/test/auto/CancelFireAt.xml (RunModel)" time="0.013" />
  <testcase classname="ptolemy.util.test.junit.AutoTests" name="[4] /home/travis/build/icyphy/ptII/ptolemy/domains/de/test/auto/CausalityAndComposabilityAnalysis.xml (RunModel)" time="0.01" />
  <testcase classname="ptolemy.util.test.junit.AutoTests" name="[5] /home/travis/build/icyphy/ptII/ptolemy/domains/de/test/auto/CausalityInterface1.xml (RunModel)" time="0.012" />
  <testcase classname="ptolemy.util.test.junit.AutoTests" name="[6] /home/travis/build/icyphy/ptII/ptolemy/domains/de/test/auto/CausalityInterface15.xml (RunModel)" time="0.013" />
  <testcase classname="ptolemy.util.test.junit.AutoTests" name="[7] /home/travis/build/icyphy/ptII/ptolemy/domains/de/test/auto/CausalityInterface2.xml (RunModel)" time="0.03" />
  <testcase classname="ptolemy.util.test.junit.AutoTests" name="[8] /home/travis/build/icyphy/ptII/ptolemy/domains/de/test/auto/CausalityInterface3.xml (RunModel)" time="0.016" />
  <testcase classname="ptolemy.util.test.junit.AutoTests" name="[9] /home/travis/build/icyphy/ptII/ptolemy/domains/de/test/auto/ClockDrift.xml (RunModel)" time="0.047" />
  <testcase classname="ptolemy.util.test.junit.AutoTests" name="[10] /home/travis/build/icyphy/ptII/ptolemy/domains/de/test/auto/ClockDriftAndValueChange.xml (RunModel)" time="0.025" />
  <testcase classname="ptolemy.util.test.junit.AutoTests" name="[11] /home/travis/build/icyphy/ptII/ptolemy/domains/de/test/auto/ClockDriftChange.xml (RunModel)" time="0.025" />
  <testcase classname="ptolemy.util.test.junit.AutoTests" name="[12] /home/travis/build/icyphy/ptII/ptolemy/domains/de/test/auto/ComposableCausalityAnalysis.xml (RunModel)" time="0.016" />
  <testcase classname="ptolemy.util.test.junit.AutoTests" name="[13] /home/travis/build/icyphy/ptII/ptolemy/domains/de/test/auto/DEFixedPointLimitation.xml (RunModel)" time="0.009" />
  <testcase classname="ptolemy.util.test.junit.AutoTests" name="[14] /home/travis/build/icyphy/ptII/ptolemy/domains/de/test/auto/DEScheduleTest.xml (RunModel)" time="0.01" />
  <testcase classname="ptolemy.util.test.junit.AutoTests" name="[15] /home/travis/build/icyphy/ptII/ptolemy/domains/de/test/auto/DEinDEwithStartTimes.xml (RunModel)" time="0.012" />
  <testcase classname="ptolemy.util.test.junit.AutoTests" name="[16] /home/travis/build/icyphy/ptII/ptolemy/domains/de/test/auto/DEinDEwithStartTimes2.xml (RunModel)" time="0.009" />
  <testcase classname="ptolemy.util.test.junit.AutoTests" name="[17] /home/travis/build/icyphy/ptII/ptolemy/domains/de/test/auto/DateDemo.xml (RunModel)" time="0.027" />
  <testcase classname="ptolemy.util.test.junit.AutoTests" name="[18] /home/travis/build/icyphy/ptII/ptolemy/domains/de/test/auto/DateToEvent.xml (RunModel)" time="2.029" />
  <testcase classname="ptolemy.util.test.junit.AutoTests" name="[19] /home/travis/build/icyphy/ptII/ptolemy/domains/de/test/auto/DepthTest1.xml (RunModel)" time="0.016" />
  <testcase classname="ptolemy.util.test.junit.AutoTests" name="[20] /home/travis/build/icyphy/ptII/ptolemy/domains/de/test/auto/DepthTest2.xml (RunModel)" time="0.024" />
  <testcase classname="ptolemy.util.test.junit.AutoTests" name="[21] /home/travis/build/icyphy/ptII/ptolemy/domains/de/test/auto/DepthTest3.xml (RunModel)" time="0.008" />
  <testcase classname="ptolemy.util.test.junit.AutoTests" name="[22] /home/travis/build/icyphy/ptII/ptolemy/domains/de/test/auto/DepthTest4.xml (RunModel)" time="0.02" />
  <testcase classname="ptolemy.util.test.junit.AutoTests" name="[23] /home/travis/build/icyphy/ptII/ptolemy/domains/de/test/auto/DepthTest5.xml (RunModel)" time="0.026" />
  <testcase classname="ptolemy.util.test.junit.AutoTests" name="[24] /home/travis/build/icyphy/ptII/ptolemy/domains/de/test/auto/DepthTest6.xml (RunModel)" time="0.013" />
  <testcase classname="ptolemy.util.test.junit.AutoTests" name="[25] /home/travis/build/icyphy/ptII/ptolemy/domains/de/test/auto/DepthTest7.xml (RunModel)" time="0.017" />
  <testcase classname="ptolemy.util.test.junit.AutoTests" name="[26] /home/travis/build/icyphy/ptII/ptolemy/domains/de/test/auto/EventToDate.xml (RunModel)" time="3.053" />
  <testcase classname="ptolemy.util.test.junit.AutoTests" name="[27] /home/travis/build/icyphy/ptII/ptolemy/domains/de/test/auto/FSM1.xml (RunModel)" time="0.054" />
  <testcase classname="ptolemy.util.test.junit.AutoTests" name="[28] /home/travis/build/icyphy/ptII/ptolemy/domains/de/test/auto/FSM7.xml (RunModel)" time="0.046" />
  <testcase classname="ptolemy.util.test.junit.AutoTests" name="[29] /home/travis/build/icyphy/ptII/ptolemy/domains/de/test/auto/Inspection.xml (RunModel)" time="0.046" />
  <testcase classname="ptolemy.util.test.junit.AutoTests" name="[30] /home/travis/build/icyphy/ptII/ptolemy/domains/de/test/auto/Iteration.xml (RunModel)" time="0.024" />
  <testcase classname="ptolemy.util.test.junit.AutoTests" name="[31] /home/travis/build/icyphy/ptII/ptolemy/domains/de/test/auto/LineFault.xml (RunModel)" time="0.634" />
  <testcase classname="ptolemy.util.test.junit.AutoTests" name="[32] /home/travis/build/icyphy/ptII/ptolemy/domains/de/test/auto/MergeModel1Add.xml (RunModel)" time="0.051" />
  <testcase classname="ptolemy.util.test.junit.AutoTests" name="[33] /home/travis/build/icyphy/ptII/ptolemy/domains/de/test/auto/MergeModel2Add.xml (RunModel)" time="0.042" />
  <testcase classname="ptolemy.util.test.junit.AutoTests" name="[34] /home/travis/build/icyphy/ptII/ptolemy/domains/de/test/auto/MergeModel3Add.xml (RunModel)" time="0.044" />
  <testcase classname="ptolemy.util.test.junit.AutoTests" name="[35] /home/travis/build/icyphy/ptII/ptolemy/domains/de/test/auto/MergeWithoutDiscard.xml (RunModel)" time="0.022" />
  <testcase classname="ptolemy.util.test.junit.AutoTests" name="[36] /home/travis/build/icyphy/ptII/ptolemy/domains/de/test/auto/Modal1.xml (RunModel)" time="0.027" />
  <testcase classname="ptolemy.util.test.junit.AutoTests" name="[37] /home/travis/build/icyphy/ptII/ptolemy/domains/de/test/auto/Modal2.xml (RunModel)" time="0.035" />
  <testcase classname="ptolemy.util.test.junit.AutoTests" name="[38] /home/travis/build/icyphy/ptII/ptolemy/domains/de/test/auto/Modal3.xml (RunModel)" time="0.028" />
  <testcase classname="ptolemy.util.test.junit.AutoTests" name="[39] /home/travis/build/icyphy/ptII/ptolemy/domains/de/test/auto/Modal4.xml (RunModel)" time="0.035" />
  <testcase classname="ptolemy.util.test.junit.AutoTests" name="[40] /home/travis/build/icyphy/ptII/ptolemy/domains/de/test/auto/Modal5.xml (RunModel)" time="0.033" />
  <testcase classname="ptolemy.util.test.junit.AutoTests" name="[41] /home/travis/build/icyphy/ptII/ptolemy/domains/de/test/auto/Modal6.xml (RunModel)" time="0.025" />
  <testcase classname="ptolemy.util.test.junit.AutoTests" name="[42] /home/travis/build/icyphy/ptII/ptolemy/domains/de/test/auto/Modal7.xml (RunModel)" time="0.034" />
  <testcase classname="ptolemy.util.test.junit.AutoTests" name="[43] /home/travis/build/icyphy/ptII/ptolemy/domains/de/test/auto/ModalModel.xml (RunModel)" time="0.175" />
  <testcase classname="ptolemy.util.test.junit.AutoTests" name="[44] /home/travis/build/icyphy/ptII/ptolemy/domains/de/test/auto/ModalSource.xml (RunModel)" time="0.023" />
  <testcase classname="ptolemy.util.test.junit.AutoTests" name="[45] /home/travis/build/icyphy/ptII/ptolemy/domains/de/test/auto/NonInterruptibleTimerZeroDelay.xml (RunModel)" time="0.01" />
  <testcase classname="ptolemy.util.test.junit.AutoTests" name="[46] /home/travis/build/icyphy/ptII/ptolemy/domains/de/test/auto/OpenQueueingNetwork.xml (RunModel)" time="2.424" />
  <testcase classname="ptolemy.util.test.junit.AutoTests" name="[47] /home/travis/build/icyphy/ptII/ptolemy/domains/de/test/auto/OpenQueuingNetwork.xml (RunModel)" time="0.285" />
  <testcase classname="ptolemy.util.test.junit.AutoTests" name="[48] /home/travis/build/icyphy/ptII/ptolemy/domains/de/test/auto/PeriodicSampler.xml (RunModel)" time="0.011" />
  <testcase classname="ptolemy.util.test.junit.AutoTests" name="[49] /home/travis/build/icyphy/ptII/ptolemy/domains/de/test/auto/PersistentIO.xml (RunModel)" time="0.018" />
  <testcase classname="ptolemy.util.test.junit.AutoTests" name="[50] /home/travis/build/icyphy/ptII/ptolemy/domains/de/test/auto/PortParameterResetOnInitialize.xml (RunModel)" time="0.009" />
  <testcase classname="ptolemy.util.test.junit.AutoTests" name="[51] /home/travis/build/icyphy/ptII/ptolemy/domains/de/test/auto/PortParameterUpdates.xml (RunModel)" time="0.017" />
  <testcase classname="ptolemy.util.test.junit.AutoTests" name="[52] /home/travis/build/icyphy/ptII/ptolemy/domains/de/test/auto/QueueAndServer.xml (RunModel)" time="0.023" />
  <testcase classname="ptolemy.util.test.junit.AutoTests" name="[53] /home/travis/build/icyphy/ptII/ptolemy/domains/de/test/auto/Records.xml (RunModel)" time="0.013" />
  <testcase classname="ptolemy.util.test.junit.AutoTests" name="[54] /home/travis/build/icyphy/ptII/ptolemy/domains/de/test/auto/ResetTransitionWithStartTime1.xml (RunModel)" time="0.021" />
  <testcase classname="ptolemy.util.test.junit.AutoTests" name="[55] /home/travis/build/icyphy/ptII/ptolemy/domains/de/test/auto/ResetTransitionWithStartTime2.xml (RunModel)" time="0.023" />
  <testcase classname="ptolemy.util.test.junit.AutoTests" name="[56] /home/travis/build/icyphy/ptII/ptolemy/domains/de/test/auto/ResetTransitionWithStartTime3.xml (RunModel)" time="0.019" />
  <testcase classname="ptolemy.util.test.junit.AutoTests" name="[57] /home/travis/build/icyphy/ptII/ptolemy/domains/de/test/auto/ResetTransitionWithStartTime4.xml (RunModel)" time="0.018" />
  <testcase classname="ptolemy.util.test.junit.AutoTests" name="[58] /home/travis/build/icyphy/ptII/ptolemy/domains/de/test/auto/ResettableTimer1.xml (RunModel)" time="0.01" />
  <testcase classname="ptolemy.util.test.junit.AutoTests" name="[59] /home/travis/build/icyphy/ptII/ptolemy/domains/de/test/auto/ResettableTimer2.xml (RunModel)" time="0.009" />
  <testcase classname="ptolemy.util.test.junit.AutoTests" name="[60] /home/travis/build/icyphy/ptII/ptolemy/domains/de/test/auto/ResettableTimer3.xml (RunModel)" time="0.008" />
  <testcase classname="ptolemy.util.test.junit.AutoTests" name="[61] /home/travis/build/icyphy/ptII/ptolemy/domains/de/test/auto/ResettableTimer4.xml (RunModel)" time="0.01" />
  <testcase classname="ptolemy.util.test.junit.AutoTests" name="[62] /home/travis/build/icyphy/ptII/ptolemy/domains/de/test/auto/ResettableTimer5.xml (RunModel)" time="0.009" />
  <testcase classname="ptolemy.util.test.junit.AutoTests" name="[63] /home/travis/build/icyphy/ptII/ptolemy/domains/de/test/auto/ResettableTimer6.xml (RunModel)" time="0.015" />
  <testcase classname="ptolemy.util.test.junit.AutoTests" name="[64] /home/travis/build/icyphy/ptII/ptolemy/domains/de/test/auto/ServerZeroDelay.xml (RunModel)" time="0.012" />
  <testcase classname="ptolemy.util.test.junit.AutoTests" name="[65] /home/travis/build/icyphy/ptII/ptolemy/domains/de/test/auto/SmartSender.xml (RunModel)" time="3.009" />
  <testcase classname="ptolemy.util.test.junit.AutoTests" name="[66] /home/travis/build/icyphy/ptII/ptolemy/domains/de/test/auto/ThreadedComposite.xml (RunModel)" time="0.2" />
  <testcase classname="ptolemy.util.test.junit.AutoTests" name="[67] /home/travis/build/icyphy/ptII/ptolemy/domains/de/test/auto/Time.xml (RunModel)" time="0.442" />
  <testcase classname="ptolemy.util.test.junit.AutoTests" name="[68] /home/travis/build/icyphy/ptII/ptolemy/domains/de/test/auto/TimeDelayZeroDelay.xml (RunModel)" time="0.013" />
  <testcase classname="ptolemy.util.test.junit.AutoTests" name="[69] /home/travis/build/icyphy/ptII/ptolemy/domains/de/test/auto/TimerZeroDelay.xml (RunModel)" time="0.011" />
  <testcase classname="ptolemy.util.test.junit.AutoTests" name="[70] /home/travis/build/icyphy/ptII/ptolemy/domains/de/test/auto/TimingParadox.xml (RunModel)" time="0.37" />
  <testcase classname="ptolemy.util.test.junit.AutoTests" name="[71] /home/travis/build/icyphy/ptII/ptolemy/domains/de/test/auto/TransferInputs.xml (RunModel)" time="0.013" />
  <testcase classname="ptolemy.util.test.junit.AutoTests" name="[72] /home/travis/build/icyphy/ptII/ptolemy/domains/de/test/auto/TransferOutputs2.xml (RunModel)" time="0.015" />
  <testcase classname="ptolemy.util.test.junit.AutoTests" name="[73] /home/travis/build/icyphy/ptII/ptolemy/domains/de/test/auto/Trilateration.xml (RunModel)" time="13.959" />
  <testcase classname="ptolemy.util.test.junit.AutoTests" name="[74] /home/travis/build/icyphy/ptII/ptolemy/domains/de/test/auto/TwoSigmaDelta.xml (RunModel)" time="2.334" />
  <testcase classname="ptolemy.util.test.junit.AutoTests" name="[75] /home/travis/build/icyphy/ptII/ptolemy/domains/de/test/auto/VariableDelay.xml (RunModel)" time="0.018" />
  <testcase classname="ptolemy.util.test.junit.AutoTests" name="[76] /home/travis/build/icyphy/ptII/ptolemy/domains/de/test/auto/VariableDelay2.xml (RunModel)" time="0.008" />
  <testcase classname="ptolemy.util.test.junit.AutoTests" name="[77] /home/travis/build/icyphy/ptII/ptolemy/domains/de/test/auto/VariableDelayZeroDelay.xml (RunModel)" time="0.011" />
  <testcase classname="ptolemy.util.test.junit.AutoTests" name="[78] /home/travis/build/icyphy/ptII/ptolemy/domains/de/test/auto/VariableDelayZeroDelay2.xml (RunModel)" time="0.009" />
  <testcase classname="ptolemy.util.test.junit.AutoTests" name="[79] /home/travis/build/icyphy/ptII/ptolemy/domains/de/test/auto/deInCt.xml (RunModel)" time="0.019" />
  <testcase classname="ptolemy.util.test.junit.AutoTests" name="[80] /home/travis/build/icyphy/ptII/ptolemy/domains/de/test/auto/deInCt2.xml (RunModel)" time="0.014" />
  <testcase classname="ptolemy.util.test.junit.AutoTests" name="[81] /home/travis/build/icyphy/ptII/ptolemy/domains/de/test/auto/dynamicCausalityInterface1.xml (RunModel)" time="0.017" />
  <testcase classname="ptolemy.util.test.junit.AutoTests" name="[82] /home/travis/build/icyphy/ptII/ptolemy/domains/de/test/auto/fsm_de_test.xml (RunModel)" time="0.022" />
  <testcase classname="ptolemy.util.test.junit.AutoTests" name="[83] /home/travis/build/icyphy/ptII/ptolemy/domains/de/test/auto/functionDependencyReconstruction.xml (RunModel)" time="0.033" />
  <testcase classname="ptolemy.util.test.junit.AutoTests" name="[84] /home/travis/build/icyphy/ptII/ptolemy/domains/de/test/auto/multirate.xml (RunModel)" time="0.014" />
  <testcase classname="ptolemy.util.test.junit.AutoTests" name="[85] /home/travis/build/icyphy/ptII/ptolemy/domains/de/test/auto/multirate2.xml (RunModel)" time="0.013" />
  <testcase classname="ptolemy.util.test.junit.AutoTests" name="[86] /home/travis/build/icyphy/ptII/ptolemy/domains/de/test/auto/realtime.xml (RunModel)" time="10.009" />
  <testcase classname="ptolemy.util.test.junit.AutoTests" name="[87] /home/travis/build/icyphy/ptII/ptolemy/domains/de/test/auto/relationGroup.xml (RunModel)" time="0.019" />
  <testcase classname="ptolemy.util.test.junit.AutoTests" name="[88] /home/travis/build/icyphy/ptII/ptolemy/domains/de/test/auto/relationGroup2.xml (RunModel)" time="0.011" />
  <testcase classname="ptolemy.util.test.junit.AutoTests" name="[89] /home/travis/build/icyphy/ptII/ptolemy/domains/de/test/auto/sortWithOpaquePorts.xml (RunModel)" time="0.013" />
  <testcase classname="ptolemy.util.test.junit.AutoTests" name="[90] /home/travis/build/icyphy/ptII/ptolemy/domains/de/test/auto/transferInputsandOutputs.xml (RunModel)" time="0.017" />
  <testcase classname="ptolemy.util.test.junit.AutoTests" name="[91] /home/travis/build/icyphy/ptII/ptolemy/domains/de/test/auto/triggerType.xml (RunModel)" time="0.009" />
  <system-out><![CDATA[/home/travis/build/icyphy/ptII/ptolemy/domains/de/test/DependencyLoop.tcl
testDefs.tcl: setting time out to 9000 seconds at Sat Aug 31 05:30:14 UTC 2019
87 ms. Memory: 120832K Free: 72004K (60%)
22 ms. Memory: 120832K Free: 54582K (45%)
/home/travis/build/icyphy/ptII/ptolemy/domains/de/test/RunDETestsAsQSS.tcl
Run the DE tests using ptolemy.domains.qss.test.QSSDirectorTest, which extends QSSDirector and prints a message in the constructors.
------------------ testing $PTII/ptolemy/domains/de/test/auto/knownFailedTests/DirectFeedback.xml (Known Failure) 
39 ms. Memory: 120832K Free: 48966K (41%)


==== $PTIIhome/travis/build/icyphy/ptII/ptolemy/domains/de/test/../../../../: Auto Automatic test in file $PTII/ptolemy/domains/de/test/auto/knownFailedTests/DirectFeedback.xml
==== Contents of test case:

	    # FIXME: we should use $relativeFilename here, but it
	    # might have backslashes under Windows, which causes no end
	    # of trouble.
	    createAndExecute $file
	    list {}
	
.... Test generated KNOWN error:
    while executing
ptolemy.kernel.util.IllegalActionException: Test fails in iteration 1.
Value was: 1.0. Should have been: 2.0
  in .DirectFeedback.Test
	at ptolemy.actor.lib.Test.fire(Test.java:268)
	at ptolemy.domains.de.kernel.DEDirector._fire(DEDirector.java:1949)
	at ptolemy.domains.de.kernel.DEDirector.fire(DEDirector.java:502)
	at ptolemy.actor.CompositeActor.fire(CompositeActor.java:455)
	at ptolemy.actor.Manager.iterate(Manager.java:851)
	at ptolemy.actor.Manager.execute(Manager.java:369)
	at ptolemy.actor.Manager.run(Manager.java:1263)
	at ptolemy.actor.Manager$PtolemyRunThread.run(Manager.java:1933)

    while executing
ptolemy.kernel.util.IllegalActionException: Test fails in iteration 1.
Value was: 1.0. Should have been: 2.0
  in .DirectFeedback.Test
    while executing
"java::new ptolemy.moml.MoMLSimpleApplication $file
"
    (procedure "createAndExecute" line 2)
    invoked from within
"createAndExecute $file"
    ("uplevel" body line 5)
    invoked from within
"uplevel $contents_of_test"
------------------ testing $PTII/ptolemy/domains/de/test/auto/knownFailedTests/dependencyLoop.xml (Known Failure) 
16 ms. Memory: 120832K Free: 45894K (38%)


==== $PTIIhome/travis/build/icyphy/ptII/ptolemy/domains/de/test/../../../../: Auto Automatic test in file $PTII/ptolemy/domains/de/test/auto/knownFailedTests/dependencyLoop.xml
==== Contents of test case:

	    # FIXME: we should use $relativeFilename here, but it
	    # might have backslashes under Windows, which causes no end
	    # of trouble.
	    createAndExecute $file
	    list {}
	
.... Test generated KNOWN error:
    while executing
ptolemy.kernel.util.IllegalActionException: Found a zero delay loop containing .dependencyLoop.original
  in .dependencyLoop and .dependencyLoop.original
	at ptolemy.actor.util.CausalityInterfaceForComposites._computeOutputPortDepth(CausalityInterfaceForComposites.java:759)
	at ptolemy.actor.util.CausalityInterfaceForComposites._computeInputDepth(CausalityInterfaceForComposites.java:696)
	at ptolemy.actor.util.CausalityInterfaceForComposites._computeOutputPortDepth(CausalityInterfaceForComposites.java:765)
	at ptolemy.actor.util.CausalityInterfaceForComposites._computeInputDepth(CausalityInterfaceForComposites.java:696)
	at ptolemy.actor.util.CausalityInterfaceForComposites._computeOutputPortDepth(CausalityInterfaceForComposites.java:765)
	at ptolemy.actor.util.CausalityInterfaceForComposites._computeInputDepth(CausalityInterfaceForComposites.java:696)
	at ptolemy.actor.util.CausalityInterfaceForComposites._computeActorDepth(CausalityInterfaceForComposites.java:532)
	at ptolemy.actor.util.CausalityInterfaceForComposites.checkForCycles(CausalityInterfaceForComposites.java:96)
	at ptolemy.domains.de.kernel.DEDirector.preinitialize(DEDirector.java:1338)
	at ptolemy.actor.CompositeActor.preinitialize(CompositeActor.java:1828)
	at ptolemy.actor.Manager.preinitializeAndResolveTypes(Manager.java:1040)
	at ptolemy.actor.Manager.initialize(Manager.java:710)
	at ptolemy.actor.Manager.execute(Manager.java:356)
	at ptolemy.actor.Manager.run(Manager.java:1263)
	at ptolemy.actor.Manager$PtolemyRunThread.run(Manager.java:1933)

    while executing
ptolemy.kernel.util.IllegalActionException: Found a zero delay loop containing .dependencyLoop.original
  in .dependencyLoop and .dependencyLoop.original
    while executing
"java::new ptolemy.moml.MoMLSimpleApplication $file
"
    (procedure "createAndExecute" line 2)
    invoked from within
"createAndExecute $file"
    ("uplevel" body line 5)
    invoked from within
"uplevel $contents_of_test"
------------------ testing $PTII/ptolemy/domains/de/test/auto/knownFailedTests/FSMSource.xml (Known Failure) 
81 ms. Memory: 120832K Free: 99534K (82%)
!!!! Auto was marked as failing, but now passes
------------------ testing $PTII/ptolemy/domains/de/test/auto/knownFailedTests/HierarchicalModel.xml (Known Failure) 
12 ms. Memory: 120832K Free: 82131K (68%)


==== $PTIIhome/travis/build/icyphy/ptII/ptolemy/domains/de/test/../../../../: Auto Automatic test in file $PTII/ptolemy/domains/de/test/auto/knownFailedTests/HierarchicalModel.xml
==== Contents of test case:

	    # FIXME: we should use $relativeFilename here, but it
	    # might have backslashes under Windows, which causes no end
	    # of trouble.
	    createAndExecute $file
	    list {}
	
.... Test generated KNOWN error:
    while executing
ptolemy.kernel.util.IllegalActionException: Found a zero delay loop containing .HierarchicalModel.A
  in .HierarchicalModel and .HierarchicalModel.A
	at ptolemy.actor.util.CausalityInterfaceForComposites._computeOutputPortDepth(CausalityInterfaceForComposites.java:759)
	at ptolemy.actor.util.CausalityInterfaceForComposites._computeInputDepth(CausalityInterfaceForComposites.java:696)
	at ptolemy.actor.util.CausalityInterfaceForComposites._computeOutputPortDepth(CausalityInterfaceForComposites.java:765)
	at ptolemy.actor.util.CausalityInterfaceForComposites._computeInputDepth(CausalityInterfaceForComposites.java:696)
	at ptolemy.actor.util.CausalityInterfaceForComposites._computeOutputPortDepth(CausalityInterfaceForComposites.java:765)
	at ptolemy.actor.util.CausalityInterfaceForComposites._computeInputDepth(CausalityInterfaceForComposites.java:696)
	at ptolemy.actor.util.CausalityInterfaceForComposites._computeActorDepth(CausalityInterfaceForComposites.java:532)
	at ptolemy.actor.util.CausalityInterfaceForComposites.checkForCycles(CausalityInterfaceForComposites.java:96)
	at ptolemy.domains.de.kernel.DEDirector.preinitialize(DEDirector.java:1338)
	at ptolemy.actor.CompositeActor.preinitialize(CompositeActor.java:1828)
	at ptolemy.actor.Manager.preinitializeAndResolveTypes(Manager.java:1040)
	at ptolemy.actor.Manager.initialize(Manager.java:710)
	at ptolemy.actor.Manager.execute(Manager.java:356)
	at ptolemy.actor.Manager.run(Manager.java:1263)
	at ptolemy.actor.Manager$PtolemyRunThread.run(Manager.java:1933)

    while executing
ptolemy.kernel.util.IllegalActionException: Found a zero delay loop containing .HierarchicalModel.A
  in .HierarchicalModel and .HierarchicalModel.A
    while executing
"java::new ptolemy.moml.MoMLSimpleApplication $file
"
    (procedure "createAndExecute" line 2)
    invoked from within
"createAndExecute $file"
    ("uplevel" body line 5)
    invoked from within
"uplevel $contents_of_test"
------------------ testing $PTII/ptolemy/domains/de/test/auto/knownFailedTests/dependencyLoop2.xml (Known Failure) 
5 ms. Memory: 120832K Free: 66239K (55%)


==== $PTIIhome/travis/build/icyphy/ptII/ptolemy/domains/de/test/../../../../: Auto Automatic test in file $PTII/ptolemy/domains/de/test/auto/knownFailedTests/dependencyLoop2.xml
==== Contents of test case:

	    # FIXME: we should use $relativeFilename here, but it
	    # might have backslashes under Windows, which causes no end
	    # of trouble.
	    createAndExecute $file
	    list {}
	
.... Test generated KNOWN error:
    while executing
ptolemy.kernel.util.IllegalActionException: Found a zero delay loop containing .dependencyLoop2.original
  in .dependencyLoop2 and .dependencyLoop2.original
	at ptolemy.actor.util.CausalityInterfaceForComposites._computeOutputPortDepth(CausalityInterfaceForComposites.java:759)
	at ptolemy.actor.util.CausalityInterfaceForComposites._computeInputDepth(CausalityInterfaceForComposites.java:696)
	at ptolemy.actor.util.CausalityInterfaceForComposites._computeOutputPortDepth(CausalityInterfaceForComposites.java:765)
	at ptolemy.actor.util.CausalityInterfaceForComposites._computeInputDepth(CausalityInterfaceForComposites.java:696)
	at ptolemy.actor.util.CausalityInterfaceForComposites._computeOutputPortDepth(CausalityInterfaceForComposites.java:765)
	at ptolemy.actor.util.CausalityInterfaceForComposites._computeInputDepth(CausalityInterfaceForComposites.java:696)
	at ptolemy.actor.util.CausalityInterfaceForComposites._computeActorDepth(CausalityInterfaceForComposites.java:532)
	at ptolemy.actor.util.CausalityInterfaceForComposites.checkForCycles(CausalityInterfaceForComposites.java:96)
	at ptolemy.domains.de.kernel.DEDirector.preinitialize(DEDirector.java:1338)
	at ptolemy.actor.CompositeActor.preinitialize(CompositeActor.java:1828)
	at ptolemy.actor.Manager.preinitializeAndResolveTypes(Manager.java:1040)
	at ptolemy.actor.Manager.initialize(Manager.java:710)
	at ptolemy.actor.Manager.execute(Manager.java:356)
	at ptolemy.actor.Manager.run(Manager.java:1263)
	at ptolemy.actor.Manager$PtolemyRunThread.run(Manager.java:1933)

    while executing
ptolemy.kernel.util.IllegalActionException: Found a zero delay loop containing .dependencyLoop2.original
  in .dependencyLoop2 and .dependencyLoop2.original
    while executing
"java::new ptolemy.moml.MoMLSimpleApplication $file
"
    (procedure "createAndExecute" line 2)
    invoked from within
"createAndExecute $file"
    ("uplevel" body line 5)
    invoked from within
"uplevel $contents_of_test"
------------------ testing $PTII/ptolemy/domains/de/test/auto/knownFailedTests/DESDFClockTest.xml (Known Failure) 
2062 ms. Memory: 120832K Free: 95717K (79%)


==== $PTIIhome/travis/build/icyphy/ptII/ptolemy/domains/de/test/../../../../: Auto Automatic test in file $PTII/ptolemy/domains/de/test/auto/knownFailedTests/DESDFClockTest.xml
==== Contents of test case:

	    # FIXME: we should use $relativeFilename here, but it
	    # might have backslashes under Windows, which causes no end
	    # of trouble.
	    createAndExecute $file
	    list {}
	
.... Test generated KNOWN error:
    while executing
ptolemy.kernel.util.IllegalActionException: Actor is not ready to fire.  Perhaps UpSample.prefire() returned false? Try debugging the actor by selecting "Listen to Actor".  Also, for SDF check moml for tokenConsumptionRate on input.
  in .DESDFClockTest.Play Bell.Copy1:SDF Director and .DESDFClockTest.Play Bell.UpSample
	at ptolemy.actor.sched.StaticSchedulingDirector.fire(StaticSchedulingDirector.java:227)
	at ptolemy.domains.sdf.kernel.SDFDirector.fire(SDFDirector.java:500)
	at ptolemy.actor.CompositeActor.fire(CompositeActor.java:455)
	at ptolemy.domains.de.kernel.DEDirector._fire(DEDirector.java:1949)
	at ptolemy.domains.de.kernel.DEDirector.fire(DEDirector.java:502)
	at ptolemy.actor.CompositeActor.fire(CompositeActor.java:455)
	at ptolemy.actor.Manager.iterate(Manager.java:851)
	at ptolemy.actor.Manager.execute(Manager.java:369)
	at ptolemy.actor.Manager.run(Manager.java:1263)
	at ptolemy.actor.Manager$PtolemyRunThread.run(Manager.java:1933)

    while executing
ptolemy.kernel.util.IllegalActionException: Actor is not ready to fire.  Perhaps UpSample.prefire() returned false? Try debugging the actor by selecting "Listen to Actor".  Also, for SDF check moml for tokenConsumptionRate on input.
  in .DESDFClockTest.Play Bell.Copy1:SDF Director and .DESDFClockTest.Play Bell.UpSample
    while executing
"java::new ptolemy.moml.MoMLSimpleApplication $file
"
    (procedure "createAndExecute" line 2)
    invoked from within
"createAndExecute $file"
    ("uplevel" body line 5)
    invoked from within
"uplevel $contents_of_test"
------------------ testing $PTII/ptolemy/domains/de/test/auto/ActorDepthCalculation_actorWithoutPorts.xml
auto.tcl: Setting watchdog for 200 seconds at Sat Aug 31 05:30:18 UTC 2019
5 ms. Memory: 120832K Free: 88699K (73%)
ptolemy.util.test.WatchDog.cancel(): canceling Sat Aug 31 05:30:18 UTC 2019
auto.tcl: Setting watchdog for 200 seconds at Sat Aug 31 05:30:18 UTC 2019
5 ms. Memory: 120832K Free: 86997K (72%)
ptolemy.util.test.WatchDog.cancel(): canceling Sat Aug 31 05:30:18 UTC 2019
------------------ testing $PTII/ptolemy/domains/de/test/auto/AssemblyLine.xml
auto.tcl: Setting watchdog for 200 seconds at Sat Aug 31 05:30:19 UTC 2019
8 ms. Memory: 45056K Free: 23250K (52%)
ptolemy.util.test.WatchDog.cancel(): canceling Sat Aug 31 05:30:19 UTC 2019
auto.tcl: Setting watchdog for 200 seconds at Sat Aug 31 05:30:19 UTC 2019
8 ms. Memory: 45056K Free: 22271K (49%)
ptolemy.util.test.WatchDog.cancel(): canceling Sat Aug 31 05:30:19 UTC 2019
------------------ testing $PTII/ptolemy/domains/de/test/auto/CQBug1.xml
auto.tcl: Setting watchdog for 200 seconds at Sat Aug 31 05:30:19 UTC 2019
3 ms. Memory: 45056K Free: 28502K (63%)
ptolemy.util.test.WatchDog.cancel(): canceling Sat Aug 31 05:30:19 UTC 2019
auto.tcl: Setting watchdog for 200 seconds at Sat Aug 31 05:30:19 UTC 2019
3 ms. Memory: 45056K Free: 28104K (62%)
ptolemy.util.test.WatchDog.cancel(): canceling Sat Aug 31 05:30:19 UTC 2019
------------------ testing $PTII/ptolemy/domains/de/test/auto/CancelFireAt.xml
auto.tcl: Setting watchdog for 200 seconds at Sat Aug 31 05:30:19 UTC 2019
6 ms. Memory: 45056K Free: 29687K (66%)
ptolemy.util.test.WatchDog.cancel(): canceling Sat Aug 31 05:30:19 UTC 2019
auto.tcl: Setting watchdog for 200 seconds at Sat Aug 31 05:30:19 UTC 2019
1 ms. Memory: 45056K Free: 29289K (65%)
ptolemy.util.test.WatchDog.cancel(): canceling Sat Aug 31 05:30:19 UTC 2019
------------------ testing $PTII/ptolemy/domains/de/test/auto/CausalityAndComposabilityAnalysis.xml
auto.tcl: Setting watchdog for 200 seconds at Sat Aug 31 05:30:19 UTC 2019
16 ms. Memory: 45056K Free: 27445K (61%)
ptolemy.util.test.WatchDog.cancel(): canceling Sat Aug 31 05:30:19 UTC 2019
auto.tcl: Setting watchdog for 200 seconds at Sat Aug 31 05:30:19 UTC 2019
6 ms. Memory: 45056K Free: 27031K (60%)
ptolemy.util.test.WatchDog.cancel(): canceling Sat Aug 31 05:30:19 UTC 2019
------------------ testing $PTII/ptolemy/domains/de/test/auto/CausalityInterface1.xml
auto.tcl: Setting watchdog for 200 seconds at Sat Aug 31 05:30:19 UTC 2019
17 ms. Memory: 45056K Free: 26389K (59%)
ptolemy.util.test.WatchDog.cancel(): canceling Sat Aug 31 05:30:19 UTC 2019
auto.tcl: Setting watchdog for 200 seconds at Sat Aug 31 05:30:19 UTC 2019
4 ms. Memory: 45056K Free: 25397K (56%)
ptolemy.util.test.WatchDog.cancel(): canceling Sat Aug 31 05:30:19 UTC 2019
------------------ testing $PTII/ptolemy/domains/de/test/auto/CausalityInterface15.xml
auto.tcl: Setting watchdog for 200 seconds at Sat Aug 31 05:30:19 UTC 2019
14 ms. Memory: 45056K Free: 26029K (58%)
ptolemy.util.test.WatchDog.cancel(): canceling Sat Aug 31 05:30:19 UTC 2019
auto.tcl: Setting watchdog for 200 seconds at Sat Aug 31 05:30:19 UTC 2019
5 ms. Memory: 45056K Free: 25369K (56%)
ptolemy.util.test.WatchDog.cancel(): canceling Sat Aug 31 05:30:19 UTC 2019
------------------ testing $PTII/ptolemy/domains/de/test/auto/CausalityInterface2.xml
auto.tcl: Setting watchdog for 200 seconds at Sat Aug 31 05:30:19 UTC 2019
6 ms. Memory: 45056K Free: 27100K (60%)
ptolemy.util.test.WatchDog.cancel(): canceling Sat Aug 31 05:30:19 UTC 2019
auto.tcl: Setting watchdog for 200 seconds at Sat Aug 31 05:30:19 UTC 2019
4 ms. Memory: 45056K Free: 26349K (58%)
ptolemy.util.test.WatchDog.cancel(): canceling Sat Aug 31 05:30:19 UTC 2019
------------------ testing $PTII/ptolemy/domains/de/test/auto/CausalityInterface3.xml
auto.tcl: Setting watchdog for 200 seconds at Sat Aug 31 05:30:20 UTC 2019
6 ms. Memory: 45056K Free: 26562K (59%)
ptolemy.util.test.WatchDog.cancel(): canceling Sat Aug 31 05:30:20 UTC 2019
auto.tcl: Setting watchdog for 200 seconds at Sat Aug 31 05:30:20 UTC 2019
3 ms. Memory: 45056K Free: 25765K (57%)
ptolemy.util.test.WatchDog.cancel(): canceling Sat Aug 31 05:30:20 UTC 2019
------------------ testing $PTII/ptolemy/domains/de/test/auto/ClockDrift.xml
auto.tcl: Setting watchdog for 200 seconds at Sat Aug 31 05:30:20 UTC 2019
91 ms. Memory: 45056K Free: 19063K (42%)
ptolemy.util.test.WatchDog.cancel(): canceling Sat Aug 31 05:30:20 UTC 2019
auto.tcl: Setting watchdog for 200 seconds at Sat Aug 31 05:30:20 UTC 2019
64 ms. Memory: 45056K Free: 15646K (35%)
ptolemy.util.test.WatchDog.cancel(): canceling Sat Aug 31 05:30:20 UTC 2019
------------------ testing $PTII/ptolemy/domains/de/test/auto/ClockDriftAndValueChange.xml
auto.tcl: Setting watchdog for 200 seconds at Sat Aug 31 05:30:20 UTC 2019
26 ms. Memory: 45056K Free: 19516K (43%)
ptolemy.util.test.WatchDog.cancel(): canceling Sat Aug 31 05:30:20 UTC 2019
auto.tcl: Setting watchdog for 200 seconds at Sat Aug 31 05:30:20 UTC 2019
23 ms. Memory: 45056K Free: 16580K (37%)
ptolemy.util.test.WatchDog.cancel(): canceling Sat Aug 31 05:30:20 UTC 2019
------------------ testing $PTII/ptolemy/domains/de/test/auto/ClockDriftChange.xml
auto.tcl: Setting watchdog for 200 seconds at Sat Aug 31 05:30:20 UTC 2019
23 ms. Memory: 45056K Free: 21171K (47%)
ptolemy.util.test.WatchDog.cancel(): canceling Sat Aug 31 05:30:20 UTC 2019
auto.tcl: Setting watchdog for 200 seconds at Sat Aug 31 05:30:20 UTC 2019
15 ms. Memory: 45056K Free: 18603K (41%)
ptolemy.util.test.WatchDog.cancel(): canceling Sat Aug 31 05:30:20 UTC 2019
------------------ testing $PTII/ptolemy/domains/de/test/auto/ComposableCausalityAnalysis.xml
auto.tcl: Setting watchdog for 200 seconds at Sat Aug 31 05:30:20 UTC 2019
2 ms. Memory: 45056K Free: 25729K (57%)
ptolemy.util.test.WatchDog.cancel(): canceling Sat Aug 31 05:30:20 UTC 2019
auto.tcl: Setting watchdog for 200 seconds at Sat Aug 31 05:30:20 UTC 2019
5 ms. Memory: 45056K Free: 24509K (54%)
ptolemy.util.test.WatchDog.cancel(): canceling Sat Aug 31 05:30:20 UTC 2019
------------------ testing $PTII/ptolemy/domains/de/test/auto/DEFixedPointLimitation.xml
auto.tcl: Setting watchdog for 200 seconds at Sat Aug 31 05:30:20 UTC 2019
2 ms. Memory: 45056K Free: 27081K (60%)
ptolemy.util.test.WatchDog.cancel(): canceling Sat Aug 31 05:30:20 UTC 2019
auto.tcl: Setting watchdog for 200 seconds at Sat Aug 31 05:30:20 UTC 2019
1 ms. Memory: 45056K Free: 26244K (58%)
ptolemy.util.test.WatchDog.cancel(): canceling Sat Aug 31 05:30:20 UTC 2019
------------------ testing $PTII/ptolemy/domains/de/test/auto/DEScheduleTest.xml
auto.tcl: Setting watchdog for 200 seconds at Sat Aug 31 05:30:20 UTC 2019
4 ms. Memory: 45056K Free: 27437K (61%)
ptolemy.util.test.WatchDog.cancel(): canceling Sat Aug 31 05:30:20 UTC 2019
auto.tcl: Setting watchdog for 200 seconds at Sat Aug 31 05:30:20 UTC 2019
3 ms. Memory: 45056K Free: 26671K (59%)
ptolemy.util.test.WatchDog.cancel(): canceling Sat Aug 31 05:30:20 UTC 2019
------------------ testing $PTII/ptolemy/domains/de/test/auto/DEinDEwithStartTimes.xml
auto.tcl: Setting watchdog for 200 seconds at Sat Aug 31 05:30:20 UTC 2019
3 ms. Memory: 45056K Free: 25672K (57%)
ptolemy.util.test.WatchDog.cancel(): canceling Sat Aug 31 05:30:20 UTC 2019
auto.tcl: Setting watchdog for 200 seconds at Sat Aug 31 05:30:20 UTC 2019
3 ms. Memory: 45056K Free: 24574K (55%)
ptolemy.util.test.WatchDog.cancel(): canceling Sat Aug 31 05:30:20 UTC 2019
------------------ testing $PTII/ptolemy/domains/de/test/auto/DEinDEwithStartTimes2.xml
auto.tcl: Setting watchdog for 200 seconds at Sat Aug 31 05:30:20 UTC 2019
4 ms. Memory: 45056K Free: 24843K (55%)
ptolemy.util.test.WatchDog.cancel(): canceling Sat Aug 31 05:30:20 UTC 2019
auto.tcl: Setting watchdog for 200 seconds at Sat Aug 31 05:30:20 UTC 2019
4 ms. Memory: 45056K Free: 23529K (52%)
ptolemy.util.test.WatchDog.cancel(): canceling Sat Aug 31 05:30:20 UTC 2019
------------------ testing $PTII/ptolemy/domains/de/test/auto/DateDemo.xml
auto.tcl: Setting watchdog for 200 seconds at Sat Aug 31 05:30:21 UTC 2019
19 ms. Memory: 45056K Free: 19763K (44%)
ptolemy.util.test.WatchDog.cancel(): canceling Sat Aug 31 05:30:21 UTC 2019
auto.tcl: Setting watchdog for 200 seconds at Sat Aug 31 05:30:21 UTC 2019
10 ms. Memory: 45056K Free: 18009K (40%)
ptolemy.util.test.WatchDog.cancel(): canceling Sat Aug 31 05:30:21 UTC 2019
------------------ testing $PTII/ptolemy/domains/de/test/auto/DateToEvent.xml
auto.tcl: Setting watchdog for 200 seconds at Sat Aug 31 05:30:21 UTC 2019
2014 ms. Memory: 45056K Free: 14445K (32%)
ptolemy.util.test.WatchDog.cancel(): canceling Sat Aug 31 05:30:23 UTC 2019
auto.tcl: Setting watchdog for 200 seconds at Sat Aug 31 05:30:23 UTC 2019
2005 ms. Memory: 45056K Free: 14076K (31%)
ptolemy.util.test.WatchDog.cancel(): canceling Sat Aug 31 05:30:25 UTC 2019
------------------ testing $PTII/ptolemy/domains/de/test/auto/DepthTest1.xml
auto.tcl: Setting watchdog for 200 seconds at Sat Aug 31 05:30:25 UTC 2019
2 ms. Memory: 45056K Free: 28380K (63%)
ptolemy.util.test.WatchDog.cancel(): canceling Sat Aug 31 05:30:25 UTC 2019
auto.tcl: Setting watchdog for 200 seconds at Sat Aug 31 05:30:25 UTC 2019
2 ms. Memory: 45056K Free: 27842K (62%)
ptolemy.util.test.WatchDog.cancel(): canceling Sat Aug 31 05:30:25 UTC 2019
------------------ testing $PTII/ptolemy/domains/de/test/auto/DepthTest2.xml
auto.tcl: Setting watchdog for 200 seconds at Sat Aug 31 05:30:25 UTC 2019
5 ms. Memory: 45056K Free: 25090K (56%)
ptolemy.util.test.WatchDog.cancel(): canceling Sat Aug 31 05:30:25 UTC 2019
auto.tcl: Setting watchdog for 200 seconds at Sat Aug 31 05:30:25 UTC 2019
3 ms. Memory: 45056K Free: 24568K (55%)
ptolemy.util.test.WatchDog.cancel(): canceling Sat Aug 31 05:30:25 UTC 2019
------------------ testing $PTII/ptolemy/domains/de/test/auto/DepthTest3.xml
auto.tcl: Setting watchdog for 200 seconds at Sat Aug 31 05:30:25 UTC 2019
3 ms. Memory: 45056K Free: 28570K (63%)
ptolemy.util.test.WatchDog.cancel(): canceling Sat Aug 31 05:30:25 UTC 2019
auto.tcl: Setting watchdog for 200 seconds at Sat Aug 31 05:30:25 UTC 2019
2 ms. Memory: 45056K Free: 28185K (63%)
ptolemy.util.test.WatchDog.cancel(): canceling Sat Aug 31 05:30:25 UTC 2019
------------------ testing $PTII/ptolemy/domains/de/test/auto/DepthTest4.xml
auto.tcl: Setting watchdog for 200 seconds at Sat Aug 31 05:30:25 UTC 2019
3 ms. Memory: 45056K Free: 26927K (60%)
ptolemy.util.test.WatchDog.cancel(): canceling Sat Aug 31 05:30:25 UTC 2019
auto.tcl: Setting watchdog for 200 seconds at Sat Aug 31 05:30:25 UTC 2019
2 ms. Memory: 45056K Free: 26172K (58%)
ptolemy.util.test.WatchDog.cancel(): canceling Sat Aug 31 05:30:25 UTC 2019
------------------ testing $PTII/ptolemy/domains/de/test/auto/DepthTest5.xml
auto.tcl: Setting watchdog for 200 seconds at Sat Aug 31 05:30:25 UTC 2019
4 ms. Memory: 45056K Free: 26080K (58%)
ptolemy.util.test.WatchDog.cancel(): canceling Sat Aug 31 05:30:25 UTC 2019
auto.tcl: Setting watchdog for 200 seconds at Sat Aug 31 05:30:25 UTC 2019
3 ms. Memory: 45056K Free: 25698K (57%)
ptolemy.util.test.WatchDog.cancel(): canceling Sat Aug 31 05:30:25 UTC 2019
------------------ testing $PTII/ptolemy/domains/de/test/auto/DepthTest6.xml
auto.tcl: Setting watchdog for 200 seconds at Sat Aug 31 05:30:25 UTC 2019
4 ms. Memory: 45056K Free: 26058K (58%)
ptolemy.util.test.WatchDog.cancel(): canceling Sat Aug 31 05:30:25 UTC 2019
auto.tcl: Setting watchdog for 200 seconds at Sat Aug 31 05:30:25 UTC 2019
2 ms. Memory: 45056K Free: 25509K (57%)
ptolemy.util.test.WatchDog.cancel(): canceling Sat Aug 31 05:30:25 UTC 2019
------------------ testing $PTII/ptolemy/domains/de/test/auto/DepthTest7.xml
auto.tcl: Setting watchdog for 200 seconds at Sat Aug 31 05:30:25 UTC 2019
3 ms. Memory: 45056K Free: 26530K (59%)
ptolemy.util.test.WatchDog.cancel(): canceling Sat Aug 31 05:30:25 UTC 2019
auto.tcl: Setting watchdog for 200 seconds at Sat Aug 31 05:30:25 UTC 2019
2 ms. Memory: 45056K Free: 26123K (58%)
ptolemy.util.test.WatchDog.cancel(): canceling Sat Aug 31 05:30:25 UTC 2019
------------------ testing $PTII/ptolemy/domains/de/test/auto/EventToDate.xml
auto.tcl: Setting watchdog for 200 seconds at Sat Aug 31 05:30:25 UTC 2019
3010 ms. Memory: 45056K Free: 17658K (39%)
ptolemy.util.test.WatchDog.cancel(): canceling Sat Aug 31 05:30:28 UTC 2019
auto.tcl: Setting watchdog for 200 seconds at Sat Aug 31 05:30:28 UTC 2019
3007 ms. Memory: 45056K Free: 16936K (38%)
ptolemy.util.test.WatchDog.cancel(): canceling Sat Aug 31 05:30:31 UTC 2019
------------------ testing $PTII/ptolemy/domains/de/test/auto/FSM1.xml
auto.tcl: Setting watchdog for 200 seconds at Sat Aug 31 05:30:31 UTC 2019
27 ms. Memory: 45056K Free: 18857K (42%)
ptolemy.util.test.WatchDog.cancel(): canceling Sat Aug 31 05:30:31 UTC 2019
auto.tcl: Setting watchdog for 200 seconds at Sat Aug 31 05:30:31 UTC 2019
33 ms. Memory: 45056K Free: 15597K (35%)
ptolemy.util.test.WatchDog.cancel(): canceling Sat Aug 31 05:30:32 UTC 2019
------------------ testing $PTII/ptolemy/domains/de/test/auto/FSM7.xml
auto.tcl: Setting watchdog for 200 seconds at Sat Aug 31 05:30:32 UTC 2019
15 ms. Memory: 45056K Free: 18581K (41%)
ptolemy.util.test.WatchDog.cancel(): canceling Sat Aug 31 05:30:32 UTC 2019
auto.tcl: Setting watchdog for 200 seconds at Sat Aug 31 05:30:32 UTC 2019
20 ms. Memory: 45056K Free: 15430K (34%)
ptolemy.util.test.WatchDog.cancel(): canceling Sat Aug 31 05:30:32 UTC 2019
------------------ testing $PTII/ptolemy/domains/de/test/auto/Inspection.xml
auto.tcl: Setting watchdog for 200 seconds at Sat Aug 31 05:30:32 UTC 2019
35 ms. Memory: 45056K Free: 18402K (41%)
ptolemy.util.test.WatchDog.cancel(): canceling Sat Aug 31 05:30:32 UTC 2019
auto.tcl: Setting watchdog for 200 seconds at Sat Aug 31 05:30:32 UTC 2019
20 ms. Memory: 45056K Free: 16519K (37%)
ptolemy.util.test.WatchDog.cancel(): canceling Sat Aug 31 05:30:32 UTC 2019
------------------ testing $PTII/ptolemy/domains/de/test/auto/Iteration.xml
auto.tcl: Setting watchdog for 200 seconds at Sat Aug 31 05:30:32 UTC 2019
7 ms. Memory: 45056K Free: 24299K (54%)
ptolemy.util.test.WatchDog.cancel(): canceling Sat Aug 31 05:30:32 UTC 2019
auto.tcl: Setting watchdog for 200 seconds at Sat Aug 31 05:30:32 UTC 2019
6 ms. Memory: 45056K Free: 23275K (52%)
ptolemy.util.test.WatchDog.cancel(): canceling Sat Aug 31 05:30:32 UTC 2019
------------------ testing $PTII/ptolemy/domains/de/test/auto/LineFault.xml
auto.tcl: Setting watchdog for 200 seconds at Sat Aug 31 05:30:32 UTC 2019
697 ms. Memory: 45056K Free: 24987K (55%)
ptolemy.util.test.WatchDog.cancel(): canceling Sat Aug 31 05:30:33 UTC 2019
auto.tcl: Setting watchdog for 200 seconds at Sat Aug 31 05:30:33 UTC 2019
584 ms. Memory: 54272K Free: 17056K (31%)
ptolemy.util.test.WatchDog.cancel(): canceling Sat Aug 31 05:30:33 UTC 2019
------------------ testing $PTII/ptolemy/domains/de/test/auto/MergeModel1Add.xml
auto.tcl: Setting watchdog for 200 seconds at Sat Aug 31 05:30:33 UTC 2019
30 ms. Memory: 54272K Free: 19253K (35%)
ptolemy.util.test.WatchDog.cancel(): canceling Sat Aug 31 05:30:34 UTC 2019
auto.tcl: Setting watchdog for 200 seconds at Sat Aug 31 05:30:34 UTC 2019
16 ms. Memory: 54272K Free: 17708K (33%)
ptolemy.util.test.WatchDog.cancel(): canceling Sat Aug 31 05:30:34 UTC 2019
------------------ testing $PTII/ptolemy/domains/de/test/auto/MergeModel2Add.xml
auto.tcl: Setting watchdog for 200 seconds at Sat Aug 31 05:30:34 UTC 2019
9 ms. Memory: 48128K Free: 15931K (33%)
ptolemy.util.test.WatchDog.cancel(): canceling Sat Aug 31 05:30:34 UTC 2019
auto.tcl: Setting watchdog for 200 seconds at Sat Aug 31 05:30:34 UTC 2019
9 ms. Memory: 48128K Free: 14491K (30%)
ptolemy.util.test.WatchDog.cancel(): canceling Sat Aug 31 05:30:34 UTC 2019
------------------ testing $PTII/ptolemy/domains/de/test/auto/MergeModel3Add.xml
auto.tcl: Setting watchdog for 200 seconds at Sat Aug 31 05:30:34 UTC 2019
8 ms. Memory: 48128K Free: 15465K (32%)
ptolemy.util.test.WatchDog.cancel(): canceling Sat Aug 31 05:30:34 UTC 2019
auto.tcl: Setting watchdog for 200 seconds at Sat Aug 31 05:30:34 UTC 2019
7 ms. Memory: 48128K Free: 14122K (29%)
ptolemy.util.test.WatchDog.cancel(): canceling Sat Aug 31 05:30:34 UTC 2019
------------------ testing $PTII/ptolemy/domains/de/test/auto/MergeWithoutDiscard.xml
auto.tcl: Setting watchdog for 200 seconds at Sat Aug 31 05:30:34 UTC 2019
3 ms. Memory: 48128K Free: 30027K (62%)
ptolemy.util.test.WatchDog.cancel(): canceling Sat Aug 31 05:30:34 UTC 2019
auto.tcl: Setting watchdog for 200 seconds at Sat Aug 31 05:30:34 UTC 2019
1 ms. Memory: 48128K Free: 29628K (62%)
ptolemy.util.test.WatchDog.cancel(): canceling Sat Aug 31 05:30:34 UTC 2019
------------------ testing $PTII/ptolemy/domains/de/test/auto/Modal1.xml
auto.tcl: Setting watchdog for 200 seconds at Sat Aug 31 05:30:34 UTC 2019
12 ms. Memory: 48128K Free: 21926K (46%)
ptolemy.util.test.WatchDog.cancel(): canceling Sat Aug 31 05:30:34 UTC 2019
auto.tcl: Setting watchdog for 200 seconds at Sat Aug 31 05:30:34 UTC 2019
14 ms. Memory: 48128K Free: 18502K (38%)
ptolemy.util.test.WatchDog.cancel(): canceling Sat Aug 31 05:30:34 UTC 2019
------------------ testing $PTII/ptolemy/domains/de/test/auto/Modal2.xml
auto.tcl: Setting watchdog for 200 seconds at Sat Aug 31 05:30:34 UTC 2019
20 ms. Memory: 48128K Free: 22038K (46%)
ptolemy.util.test.WatchDog.cancel(): canceling Sat Aug 31 05:30:34 UTC 2019
auto.tcl: Setting watchdog for 200 seconds at Sat Aug 31 05:30:34 UTC 2019
21 ms. Memory: 48128K Free: 18818K (39%)
ptolemy.util.test.WatchDog.cancel(): canceling Sat Aug 31 05:30:34 UTC 2019
------------------ testing $PTII/ptolemy/domains/de/test/auto/Modal3.xml
auto.tcl: Setting watchdog for 200 seconds at Sat Aug 31 05:30:34 UTC 2019
11 ms. Memory: 48128K Free: 21774K (45%)
ptolemy.util.test.WatchDog.cancel(): canceling Sat Aug 31 05:30:34 UTC 2019
auto.tcl: Setting watchdog for 200 seconds at Sat Aug 31 05:30:34 UTC 2019
12 ms. Memory: 48128K Free: 18473K (38%)
ptolemy.util.test.WatchDog.cancel(): canceling Sat Aug 31 05:30:34 UTC 2019
------------------ testing $PTII/ptolemy/domains/de/test/auto/Modal4.xml
auto.tcl: Setting watchdog for 200 seconds at Sat Aug 31 05:30:34 UTC 2019
14 ms. Memory: 48128K Free: 20975K (44%)
ptolemy.util.test.WatchDog.cancel(): canceling Sat Aug 31 05:30:34 UTC 2019
auto.tcl: Setting watchdog for 200 seconds at Sat Aug 31 05:30:34 UTC 2019
15 ms. Memory: 48128K Free: 17145K (36%)
ptolemy.util.test.WatchDog.cancel(): canceling Sat Aug 31 05:30:34 UTC 2019
------------------ testing $PTII/ptolemy/domains/de/test/auto/Modal5.xml
auto.tcl: Setting watchdog for 200 seconds at Sat Aug 31 05:30:34 UTC 2019
13 ms. Memory: 48128K Free: 20996K (44%)
ptolemy.util.test.WatchDog.cancel(): canceling Sat Aug 31 05:30:34 UTC 2019
auto.tcl: Setting watchdog for 200 seconds at Sat Aug 31 05:30:34 UTC 2019
15 ms. Memory: 48128K Free: 17148K (36%)
ptolemy.util.test.WatchDog.cancel(): canceling Sat Aug 31 05:30:34 UTC 2019
------------------ testing $PTII/ptolemy/domains/de/test/auto/Modal6.xml
auto.tcl: Setting watchdog for 200 seconds at Sat Aug 31 05:30:35 UTC 2019
12 ms. Memory: 48128K Free: 21771K (45%)
ptolemy.util.test.WatchDog.cancel(): canceling Sat Aug 31 05:30:35 UTC 2019
auto.tcl: Setting watchdog for 200 seconds at Sat Aug 31 05:30:35 UTC 2019
14 ms. Memory: 48128K Free: 17785K (37%)
ptolemy.util.test.WatchDog.cancel(): canceling Sat Aug 31 05:30:35 UTC 2019
------------------ testing $PTII/ptolemy/domains/de/test/auto/Modal7.xml
auto.tcl: Setting watchdog for 200 seconds at Sat Aug 31 05:30:35 UTC 2019
10 ms. Memory: 48128K Free: 20752K (43%)
ptolemy.util.test.WatchDog.cancel(): canceling Sat Aug 31 05:30:35 UTC 2019
auto.tcl: Setting watchdog for 200 seconds at Sat Aug 31 05:30:35 UTC 2019
12 ms. Memory: 48128K Free: 17130K (36%)
ptolemy.util.test.WatchDog.cancel(): canceling Sat Aug 31 05:30:35 UTC 2019
------------------ testing $PTII/ptolemy/domains/de/test/auto/ModalModel.xml
auto.tcl: Setting watchdog for 200 seconds at Sat Aug 31 05:30:35 UTC 2019
241 ms. Memory: 59392K Free: 19603K (33%)
ptolemy.util.test.WatchDog.cancel(): canceling Sat Aug 31 05:30:35 UTC 2019
auto.tcl: Setting watchdog for 200 seconds at Sat Aug 31 05:30:35 UTC 2019
229 ms. Memory: 59392K Free: 44047K (74%)
ptolemy.util.test.WatchDog.cancel(): canceling Sat Aug 31 05:30:35 UTC 2019
------------------ testing $PTII/ptolemy/domains/de/test/auto/ModalSource.xml
auto.tcl: Setting watchdog for 200 seconds at Sat Aug 31 05:30:35 UTC 2019
9 ms. Memory: 48128K Free: 25835K (54%)
ptolemy.util.test.WatchDog.cancel(): canceling Sat Aug 31 05:30:35 UTC 2019
auto.tcl: Setting watchdog for 200 seconds at Sat Aug 31 05:30:35 UTC 2019
6 ms. Memory: 48128K Free: 23756K (49%)
ptolemy.util.test.WatchDog.cancel(): canceling Sat Aug 31 05:30:35 UTC 2019
------------------ testing $PTII/ptolemy/domains/de/test/auto/NonInterruptibleTimerZeroDelay.xml
auto.tcl: Setting watchdog for 200 seconds at Sat Aug 31 05:30:35 UTC 2019
4 ms. Memory: 48128K Free: 31018K (64%)
ptolemy.util.test.WatchDog.cancel(): canceling Sat Aug 31 05:30:35 UTC 2019
auto.tcl: Setting watchdog for 200 seconds at Sat Aug 31 05:30:35 UTC 2019
3 ms. Memory: 48128K Free: 30125K (63%)
ptolemy.util.test.WatchDog.cancel(): canceling Sat Aug 31 05:30:35 UTC 2019
------------------ testing $PTII/ptolemy/domains/de/test/auto/OpenQueueingNetwork.xml
auto.tcl: Setting watchdog for 200 seconds at Sat Aug 31 05:30:35 UTC 2019
2934 ms. Memory: 101376K Free: 56466K (56%)
ptolemy.util.test.WatchDog.cancel(): canceling Sat Aug 31 05:30:39 UTC 2019
auto.tcl: Setting watchdog for 200 seconds at Sat Aug 31 05:30:39 UTC 2019
2479 ms. Memory: 146432K Free: 58475K (40%)
ptolemy.util.test.WatchDog.cancel(): canceling Sat Aug 31 05:30:41 UTC 2019
------------------ testing $PTII/ptolemy/domains/de/test/auto/OpenQueuingNetwork.xml
auto.tcl: Setting watchdog for 200 seconds at Sat Aug 31 05:30:41 UTC 2019
236 ms. Memory: 51200K Free: 17344K (34%)
ptolemy.util.test.WatchDog.cancel(): canceling Sat Aug 31 05:30:41 UTC 2019
auto.tcl: Setting watchdog for 200 seconds at Sat Aug 31 05:30:41 UTC 2019
232 ms. Memory: 51200K Free: 23290K (45%)
ptolemy.util.test.WatchDog.cancel(): canceling Sat Aug 31 05:30:42 UTC 2019
------------------ testing $PTII/ptolemy/domains/de/test/auto/PeriodicSampler.xml
auto.tcl: Setting watchdog for 200 seconds at Sat Aug 31 05:30:42 UTC 2019
3 ms. Memory: 48128K Free: 29936K (62%)
ptolemy.util.test.WatchDog.cancel(): canceling Sat Aug 31 05:30:42 UTC 2019
auto.tcl: Setting watchdog for 200 seconds at Sat Aug 31 05:30:42 UTC 2019
2 ms. Memory: 48128K Free: 29039K (60%)
ptolemy.util.test.WatchDog.cancel(): canceling Sat Aug 31 05:30:42 UTC 2019
------------------ testing $PTII/ptolemy/domains/de/test/auto/PersistentIO.xml
auto.tcl: Setting watchdog for 200 seconds at Sat Aug 31 05:30:42 UTC 2019
22 ms. Memory: 48128K Free: 24861K (52%)
ptolemy.util.test.WatchDog.cancel(): canceling Sat Aug 31 05:30:42 UTC 2019
auto.tcl: Setting watchdog for 200 seconds at Sat Aug 31 05:30:42 UTC 2019
5 ms. Memory: 48128K Free: 23437K (49%)
ptolemy.util.test.WatchDog.cancel(): canceling Sat Aug 31 05:30:42 UTC 2019
------------------ testing $PTII/ptolemy/domains/de/test/auto/PortParameterResetOnInitialize.xml
auto.tcl: Setting watchdog for 200 seconds at Sat Aug 31 05:30:42 UTC 2019
4 ms. Memory: 48128K Free: 29829K (62%)
ptolemy.util.test.WatchDog.cancel(): canceling Sat Aug 31 05:30:42 UTC 2019
auto.tcl: Setting watchdog for 200 seconds at Sat Aug 31 05:30:42 UTC 2019
1 ms. Memory: 48128K Free: 29349K (61%)
ptolemy.util.test.WatchDog.cancel(): canceling Sat Aug 31 05:30:42 UTC 2019
------------------ testing $PTII/ptolemy/domains/de/test/auto/PortParameterUpdates.xml
auto.tcl: Setting watchdog for 200 seconds at Sat Aug 31 05:30:42 UTC 2019
4 ms. Memory: 48128K Free: 28189K (59%)
ptolemy.util.test.WatchDog.cancel(): canceling Sat Aug 31 05:30:42 UTC 2019
auto.tcl: Setting watchdog for 200 seconds at Sat Aug 31 05:30:42 UTC 2019
4 ms. Memory: 48128K Free: 26975K (56%)
ptolemy.util.test.WatchDog.cancel(): canceling Sat Aug 31 05:30:42 UTC 2019
------------------ testing $PTII/ptolemy/domains/de/test/auto/QueueAndServer.xml
auto.tcl: Setting watchdog for 200 seconds at Sat Aug 31 05:30:42 UTC 2019
15 ms. Memory: 48128K Free: 27129K (56%)
ptolemy.util.test.WatchDog.cancel(): canceling Sat Aug 31 05:30:42 UTC 2019
auto.tcl: Setting watchdog for 200 seconds at Sat Aug 31 05:30:42 UTC 2019
10 ms. Memory: 48128K Free: 25492K (53%)
ptolemy.util.test.WatchDog.cancel(): canceling Sat Aug 31 05:30:42 UTC 2019
------------------ testing $PTII/ptolemy/domains/de/test/auto/Records.xml
auto.tcl: Setting watchdog for 200 seconds at Sat Aug 31 05:30:42 UTC 2019
3 ms. Memory: 48128K Free: 29401K (61%)
ptolemy.util.test.WatchDog.cancel(): canceling Sat Aug 31 05:30:42 UTC 2019
auto.tcl: Setting watchdog for 200 seconds at Sat Aug 31 05:30:42 UTC 2019
2 ms. Memory: 48128K Free: 28933K (60%)
ptolemy.util.test.WatchDog.cancel(): canceling Sat Aug 31 05:30:42 UTC 2019
------------------ testing $PTII/ptolemy/domains/de/test/auto/ResetTransitionWithStartTime1.xml
auto.tcl: Setting watchdog for 200 seconds at Sat Aug 31 05:30:42 UTC 2019
15 ms. Memory: 48128K Free: 26345K (55%)
ptolemy.util.test.WatchDog.cancel(): canceling Sat Aug 31 05:30:42 UTC 2019
auto.tcl: Setting watchdog for 200 seconds at Sat Aug 31 05:30:42 UTC 2019
10 ms. Memory: 48128K Free: 23841K (50%)
ptolemy.util.test.WatchDog.cancel(): canceling Sat Aug 31 05:30:42 UTC 2019
------------------ testing $PTII/ptolemy/domains/de/test/auto/ResetTransitionWithStartTime2.xml
auto.tcl: Setting watchdog for 200 seconds at Sat Aug 31 05:30:42 UTC 2019
6 ms. Memory: 48128K Free: 26300K (55%)
ptolemy.util.test.WatchDog.cancel(): canceling Sat Aug 31 05:30:42 UTC 2019
auto.tcl: Setting watchdog for 200 seconds at Sat Aug 31 05:30:42 UTC 2019
6 ms. Memory: 48128K Free: 23780K (49%)
ptolemy.util.test.WatchDog.cancel(): canceling Sat Aug 31 05:30:42 UTC 2019
------------------ testing $PTII/ptolemy/domains/de/test/auto/ResetTransitionWithStartTime3.xml
auto.tcl: Setting watchdog for 200 seconds at Sat Aug 31 05:30:42 UTC 2019
10 ms. Memory: 48128K Free: 26298K (55%)
ptolemy.util.test.WatchDog.cancel(): canceling Sat Aug 31 05:30:42 UTC 2019
auto.tcl: Setting watchdog for 200 seconds at Sat Aug 31 05:30:42 UTC 2019
6 ms. Memory: 48128K Free: 23786K (49%)
ptolemy.util.test.WatchDog.cancel(): canceling Sat Aug 31 05:30:42 UTC 2019
------------------ testing $PTII/ptolemy/domains/de/test/auto/ResetTransitionWithStartTime4.xml
auto.tcl: Setting watchdog for 200 seconds at Sat Aug 31 05:30:43 UTC 2019
8 ms. Memory: 48128K Free: 26785K (56%)
ptolemy.util.test.WatchDog.cancel(): canceling Sat Aug 31 05:30:43 UTC 2019
auto.tcl: Setting watchdog for 200 seconds at Sat Aug 31 05:30:43 UTC 2019
4 ms. Memory: 48128K Free: 25393K (53%)
ptolemy.util.test.WatchDog.cancel(): canceling Sat Aug 31 05:30:43 UTC 2019
------------------ testing $PTII/ptolemy/domains/de/test/auto/ResettableTimer1.xml
auto.tcl: Setting watchdog for 200 seconds at Sat Aug 31 05:30:43 UTC 2019
3 ms. Memory: 48128K Free: 30811K (64%)
ptolemy.util.test.WatchDog.cancel(): canceling Sat Aug 31 05:30:43 UTC 2019
auto.tcl: Setting watchdog for 200 seconds at Sat Aug 31 05:30:43 UTC 2019
2 ms. Memory: 48128K Free: 29896K (62%)
ptolemy.util.test.WatchDog.cancel(): canceling Sat Aug 31 05:30:43 UTC 2019
------------------ testing $PTII/ptolemy/domains/de/test/auto/ResettableTimer2.xml
auto.tcl: Setting watchdog for 200 seconds at Sat Aug 31 05:30:43 UTC 2019
2 ms. Memory: 48128K Free: 30601K (64%)
ptolemy.util.test.WatchDog.cancel(): canceling Sat Aug 31 05:30:43 UTC 2019
auto.tcl: Setting watchdog for 200 seconds at Sat Aug 31 05:30:43 UTC 2019
2 ms. Memory: 48128K Free: 29513K (61%)
ptolemy.util.test.WatchDog.cancel(): canceling Sat Aug 31 05:30:43 UTC 2019
------------------ testing $PTII/ptolemy/domains/de/test/auto/ResettableTimer3.xml
auto.tcl: Setting watchdog for 200 seconds at Sat Aug 31 05:30:43 UTC 2019
1 ms. Memory: 48128K Free: 30904K (64%)
ptolemy.util.test.WatchDog.cancel(): canceling Sat Aug 31 05:30:43 UTC 2019
auto.tcl: Setting watchdog for 200 seconds at Sat Aug 31 05:30:43 UTC 2019
1 ms. Memory: 48128K Free: 30449K (63%)
ptolemy.util.test.WatchDog.cancel(): canceling Sat Aug 31 05:30:43 UTC 2019
------------------ testing $PTII/ptolemy/domains/de/test/auto/ResettableTimer4.xml
auto.tcl: Setting watchdog for 200 seconds at Sat Aug 31 05:30:43 UTC 2019
1 ms. Memory: 48128K Free: 30500K (63%)
ptolemy.util.test.WatchDog.cancel(): canceling Sat Aug 31 05:30:43 UTC 2019
auto.tcl: Setting watchdog for 200 seconds at Sat Aug 31 05:30:43 UTC 2019
1 ms. Memory: 48128K Free: 30444K (63%)
ptolemy.util.test.WatchDog.cancel(): canceling Sat Aug 31 05:30:43 UTC 2019
------------------ testing $PTII/ptolemy/domains/de/test/auto/ResettableTimer5.xml
auto.tcl: Setting watchdog for 200 seconds at Sat Aug 31 05:30:43 UTC 2019
1 ms. Memory: 48128K Free: 29915K (62%)
ptolemy.util.test.WatchDog.cancel(): canceling Sat Aug 31 05:30:43 UTC 2019
auto.tcl: Setting watchdog for 200 seconds at Sat Aug 31 05:30:43 UTC 2019
1 ms. Memory: 48128K Free: 29475K (61%)
ptolemy.util.test.WatchDog.cancel(): canceling Sat Aug 31 05:30:43 UTC 2019
------------------ testing $PTII/ptolemy/domains/de/test/auto/ResettableTimer6.xml
auto.tcl: Setting watchdog for 200 seconds at Sat Aug 31 05:30:43 UTC 2019
2 ms. Memory: 48128K Free: 29905K (62%)
ptolemy.util.test.WatchDog.cancel(): canceling Sat Aug 31 05:30:43 UTC 2019
auto.tcl: Setting watchdog for 200 seconds at Sat Aug 31 05:30:43 UTC 2019
2 ms. Memory: 48128K Free: 29457K (61%)
ptolemy.util.test.WatchDog.cancel(): canceling Sat Aug 31 05:30:43 UTC 2019
------------------ testing $PTII/ptolemy/domains/de/test/auto/ServerZeroDelay.xml
auto.tcl: Setting watchdog for 200 seconds at Sat Aug 31 05:30:43 UTC 2019
3 ms. Memory: 48128K Free: 30424K (63%)
ptolemy.util.test.WatchDog.cancel(): canceling Sat Aug 31 05:30:43 UTC 2019
auto.tcl: Setting watchdog for 200 seconds at Sat Aug 31 05:30:43 UTC 2019
2 ms. Memory: 48128K Free: 29513K (61%)
ptolemy.util.test.WatchDog.cancel(): canceling Sat Aug 31 05:30:43 UTC 2019
------------------ testing $PTII/ptolemy/domains/de/test/auto/SmartSender.xml
auto.tcl: Setting watchdog for 200 seconds at Sat Aug 31 05:30:43 UTC 2019
3002 ms. Memory: 48128K Free: 30419K (63%)
ptolemy.util.test.WatchDog.cancel(): canceling Sat Aug 31 05:30:46 UTC 2019
auto.tcl: Setting watchdog for 200 seconds at Sat Aug 31 05:30:46 UTC 2019
3002 ms. Memory: 48128K Free: 29947K (62%)
ptolemy.util.test.WatchDog.cancel(): canceling Sat Aug 31 05:30:49 UTC 2019
------------------ testing $PTII/ptolemy/domains/de/test/auto/ThreadedComposite.xml
auto.tcl: Setting watchdog for 200 seconds at Sat Aug 31 05:30:49 UTC 2019
265 ms. Memory: 48128K Free: 11200K (23%)
ptolemy.util.test.WatchDog.cancel(): canceling Sat Aug 31 05:30:49 UTC 2019
auto.tcl: Setting watchdog for 200 seconds at Sat Aug 31 05:30:49 UTC 2019
207 ms. Memory: 48128K Free: 23539K (49%)
ptolemy.util.test.WatchDog.cancel(): canceling Sat Aug 31 05:30:50 UTC 2019
------------------ testing $PTII/ptolemy/domains/de/test/auto/Time.xml
auto.tcl: Setting watchdog for 200 seconds at Sat Aug 31 05:30:50 UTC 2019
602 ms. Memory: 48128K Free: 27131K (56%)
ptolemy.util.test.WatchDog.cancel(): canceling Sat Aug 31 05:30:50 UTC 2019
auto.tcl: Setting watchdog for 200 seconds at Sat Aug 31 05:30:50 UTC 2019
587 ms. Memory: 48128K Free: 23097K (48%)
ptolemy.util.test.WatchDog.cancel(): canceling Sat Aug 31 05:30:51 UTC 2019
------------------ testing $PTII/ptolemy/domains/de/test/auto/TimeDelayZeroDelay.xml
auto.tcl: Setting watchdog for 200 seconds at Sat Aug 31 05:30:51 UTC 2019
4 ms. Memory: 48128K Free: 30845K (64%)
ptolemy.util.test.WatchDog.cancel(): canceling Sat Aug 31 05:30:51 UTC 2019
auto.tcl: Setting watchdog for 200 seconds at Sat Aug 31 05:30:51 UTC 2019
2 ms. Memory: 48128K Free: 29944K (62%)
ptolemy.util.test.WatchDog.cancel(): canceling Sat Aug 31 05:30:51 UTC 2019
------------------ testing $PTII/ptolemy/domains/de/test/auto/TimerZeroDelay.xml
auto.tcl: Setting watchdog for 200 seconds at Sat Aug 31 05:30:51 UTC 2019
3 ms. Memory: 48128K Free: 30836K (64%)
ptolemy.util.test.WatchDog.cancel(): canceling Sat Aug 31 05:30:51 UTC 2019
auto.tcl: Setting watchdog for 200 seconds at Sat Aug 31 05:30:51 UTC 2019
2 ms. Memory: 48128K Free: 30001K (62%)
ptolemy.util.test.WatchDog.cancel(): canceling Sat Aug 31 05:30:51 UTC 2019
------------------ testing $PTII/ptolemy/domains/de/test/auto/TimingParadox.xml
auto.tcl: Setting watchdog for 200 seconds at Sat Aug 31 05:30:51 UTC 2019
394 ms. Memory: 48128K Free: 13466K (28%)
ptolemy.util.test.WatchDog.cancel(): canceling Sat Aug 31 05:30:52 UTC 2019
auto.tcl: Setting watchdog for 200 seconds at Sat Aug 31 05:30:52 UTC 2019
386 ms. Memory: 58368K Free: 12143K (21%)
ptolemy.util.test.WatchDog.cancel(): canceling Sat Aug 31 05:30:52 UTC 2019
------------------ testing $PTII/ptolemy/domains/de/test/auto/TransferInputs.xml
auto.tcl: Setting watchdog for 200 seconds at Sat Aug 31 05:30:52 UTC 2019
2 ms. Memory: 51200K Free: 31940K (62%)
ptolemy.util.test.WatchDog.cancel(): canceling Sat Aug 31 05:30:52 UTC 2019
auto.tcl: Setting watchdog for 200 seconds at Sat Aug 31 05:30:52 UTC 2019
1 ms. Memory: 51200K Free: 31023K (61%)
ptolemy.util.test.WatchDog.cancel(): canceling Sat Aug 31 05:30:52 UTC 2019
------------------ testing $PTII/ptolemy/domains/de/test/auto/TransferOutputs2.xml
auto.tcl: Setting watchdog for 200 seconds at Sat Aug 31 05:30:52 UTC 2019
3 ms. Memory: 48128K Free: 26302K (55%)
ptolemy.util.test.WatchDog.cancel(): canceling Sat Aug 31 05:30:52 UTC 2019
auto.tcl: Setting watchdog for 200 seconds at Sat Aug 31 05:30:52 UTC 2019
3 ms. Memory: 48128K Free: 24909K (52%)
ptolemy.util.test.WatchDog.cancel(): canceling Sat Aug 31 05:30:52 UTC 2019
------------------ testing $PTII/ptolemy/domains/de/test/auto/Trilateration.xml
auto.tcl: Setting watchdog for 200 seconds at Sat Aug 31 05:30:52 UTC 2019
14574 ms. Memory: 520192K Free: 436597K (84%)
ptolemy.util.test.WatchDog.cancel(): canceling Sat Aug 31 05:31:08 UTC 2019
auto.tcl: Setting watchdog for 200 seconds at Sat Aug 31 05:31:08 UTC 2019
11239 ms. Memory: 520192K Free: 276147K (53%)
ptolemy.util.test.WatchDog.cancel(): canceling Sat Aug 31 05:31:19 UTC 2019
------------------ testing $PTII/ptolemy/domains/de/test/auto/TwoSigmaDelta.xml
auto.tcl: Setting watchdog for 200 seconds at Sat Aug 31 05:31:19 UTC 2019
2781 ms. Memory: 86016K Free: 53641K (62%)
ptolemy.util.test.WatchDog.cancel(): canceling Sat Aug 31 05:31:22 UTC 2019
auto.tcl: Setting watchdog for 200 seconds at Sat Aug 31 05:31:22 UTC 2019
2255 ms. Memory: 86016K Free: 41344K (48%)
ptolemy.util.test.WatchDog.cancel(): canceling Sat Aug 31 05:31:25 UTC 2019
------------------ testing $PTII/ptolemy/domains/de/test/auto/VariableDelay.xml
auto.tcl: Setting watchdog for 200 seconds at Sat Aug 31 05:31:25 UTC 2019
2 ms. Memory: 51200K Free: 32409K (63%)
ptolemy.util.test.WatchDog.cancel(): canceling Sat Aug 31 05:31:25 UTC 2019
auto.tcl: Setting watchdog for 200 seconds at Sat Aug 31 05:31:25 UTC 2019
2 ms. Memory: 51200K Free: 31415K (61%)
ptolemy.util.test.WatchDog.cancel(): canceling Sat Aug 31 05:31:25 UTC 2019
------------------ testing $PTII/ptolemy/domains/de/test/auto/VariableDelay2.xml
auto.tcl: Setting watchdog for 200 seconds at Sat Aug 31 05:31:25 UTC 2019
2 ms. Memory: 51200K Free: 33352K (65%)
ptolemy.util.test.WatchDog.cancel(): canceling Sat Aug 31 05:31:25 UTC 2019
auto.tcl: Setting watchdog for 200 seconds at Sat Aug 31 05:31:25 UTC 2019
2 ms. Memory: 51200K Free: 32328K (63%)
ptolemy.util.test.WatchDog.cancel(): canceling Sat Aug 31 05:31:25 UTC 2019
------------------ testing $PTII/ptolemy/domains/de/test/auto/VariableDelayZeroDelay.xml
auto.tcl: Setting watchdog for 200 seconds at Sat Aug 31 05:31:25 UTC 2019
2 ms. Memory: 51200K Free: 33350K (65%)
ptolemy.util.test.WatchDog.cancel(): canceling Sat Aug 31 05:31:25 UTC 2019
auto.tcl: Setting watchdog for 200 seconds at Sat Aug 31 05:31:25 UTC 2019
2 ms. Memory: 51200K Free: 32822K (64%)
ptolemy.util.test.WatchDog.cancel(): canceling Sat Aug 31 05:31:25 UTC 2019
------------------ testing $PTII/ptolemy/domains/de/test/auto/VariableDelayZeroDelay2.xml
auto.tcl: Setting watchdog for 200 seconds at Sat Aug 31 05:31:25 UTC 2019
2 ms. Memory: 51200K Free: 33349K (65%)
ptolemy.util.test.WatchDog.cancel(): canceling Sat Aug 31 05:31:25 UTC 2019
auto.tcl: Setting watchdog for 200 seconds at Sat Aug 31 05:31:25 UTC 2019
2 ms. Memory: 51200K Free: 32325K (63%)
ptolemy.util.test.WatchDog.cancel(): canceling Sat Aug 31 05:31:25 UTC 2019
------------------ testing $PTII/ptolemy/domains/de/test/auto/deInCt.xml
auto.tcl: Setting watchdog for 200 seconds at Sat Aug 31 05:31:25 UTC 2019
0
1
1
1
1
0
0
0
0
0
1
1
1
0
0
0
0
0
1
1
1
0
0
0
0
1
1
1
0
0
1
1
1
1
9 ms. Memory: 51200K Free: 32323K (63%)
ptolemy.util.test.WatchDog.cancel(): canceling Sat Aug 31 05:31:25 UTC 2019
auto.tcl: Setting watchdog for 200 seconds at Sat Aug 31 05:31:25 UTC 2019
0
1
1
1
0
0
0
1
1
0
0
0
1
1
1
1
1
1
1
1
0
0
0
1
1
1
0
0
0
1
1
1
5 ms. Memory: 51200K Free: 30785K (60%)
ptolemy.util.test.WatchDog.cancel(): canceling Sat Aug 31 05:31:25 UTC 2019
------------------ testing $PTII/ptolemy/domains/de/test/auto/deInCt2.xml
auto.tcl: Setting watchdog for 200 seconds at Sat Aug 31 05:31:25 UTC 2019
0
1
1
1
0
0
1
1
1
0
0
1
1
1
0
0
1
1
1
0
0
1
1
1
0
0
1
1
1
0
0
1
1
1
0
0
1
1
1
0
0
0
10 ms. Memory: 48128K Free: 29253K (61%)
ptolemy.util.test.WatchDog.cancel(): canceling Sat Aug 31 05:31:25 UTC 2019
auto.tcl: Setting watchdog for 200 seconds at Sat Aug 31 05:31:25 UTC 2019
0
1
1
1
0
0
1
1
1
0
0
1
1
1
0
0
1
1
1
0
0
1
1
1
0
0
1
1
1
0
0
1
1
1
0
0
1
1
1
0
0
0
7 ms. Memory: 48128K Free: 27720K (58%)
ptolemy.util.test.WatchDog.cancel(): canceling Sat Aug 31 05:31:25 UTC 2019
------------------ testing $PTII/ptolemy/domains/de/test/auto/dynamicCausalityInterface1.xml
auto.tcl: Setting watchdog for 200 seconds at Sat Aug 31 05:31:25 UTC 2019
2 ms. Memory: 48128K Free: 24541K (51%)
ptolemy.util.test.WatchDog.cancel(): canceling Sat Aug 31 05:31:25 UTC 2019
auto.tcl: Setting watchdog for 200 seconds at Sat Aug 31 05:31:25 UTC 2019
1 ms. Memory: 48128K Free: 24541K (51%)
ptolemy.util.test.WatchDog.cancel(): canceling Sat Aug 31 05:31:25 UTC 2019
------------------ testing $PTII/ptolemy/domains/de/test/auto/fsm_de_test.xml
auto.tcl: Setting watchdog for 200 seconds at Sat Aug 31 05:31:25 UTC 2019
12 ms. Memory: 48128K Free: 25050K (52%)
ptolemy.util.test.WatchDog.cancel(): canceling Sat Aug 31 05:31:25 UTC 2019
auto.tcl: Setting watchdog for 200 seconds at Sat Aug 31 05:31:25 UTC 2019
8 ms. Memory: 48128K Free: 23033K (48%)
ptolemy.util.test.WatchDog.cancel(): canceling Sat Aug 31 05:31:25 UTC 2019
------------------ testing $PTII/ptolemy/domains/de/test/auto/functionDependencyReconstruction.xml
auto.tcl: Setting watchdog for 200 seconds at Sat Aug 31 05:31:25 UTC 2019
2 ms. Memory: 48128K Free: 19046K (40%)
ptolemy.util.test.WatchDog.cancel(): canceling Sat Aug 31 05:31:25 UTC 2019
auto.tcl: Setting watchdog for 200 seconds at Sat Aug 31 05:31:25 UTC 2019
2 ms. Memory: 48128K Free: 16878K (35%)
ptolemy.util.test.WatchDog.cancel(): canceling Sat Aug 31 05:31:25 UTC 2019
------------------ testing $PTII/ptolemy/domains/de/test/auto/multirate.xml
auto.tcl: Setting watchdog for 200 seconds at Sat Aug 31 05:31:25 UTC 2019
3 ms. Memory: 48128K Free: 26953K (56%)
ptolemy.util.test.WatchDog.cancel(): canceling Sat Aug 31 05:31:25 UTC 2019
auto.tcl: Setting watchdog for 200 seconds at Sat Aug 31 05:31:25 UTC 2019
2 ms. Memory: 48128K Free: 25819K (54%)
ptolemy.util.test.WatchDog.cancel(): canceling Sat Aug 31 05:31:25 UTC 2019
------------------ testing $PTII/ptolemy/domains/de/test/auto/multirate2.xml
auto.tcl: Setting watchdog for 200 seconds at Sat Aug 31 05:31:25 UTC 2019
9 ms. Memory: 48128K Free: 27690K (58%)
ptolemy.util.test.WatchDog.cancel(): canceling Sat Aug 31 05:31:25 UTC 2019
auto.tcl: Setting watchdog for 200 seconds at Sat Aug 31 05:31:25 UTC 2019
3 ms. Memory: 48128K Free: 25985K (54%)
ptolemy.util.test.WatchDog.cancel(): canceling Sat Aug 31 05:31:25 UTC 2019
------------------ testing $PTII/ptolemy/domains/de/test/auto/realtime.xml
auto.tcl: Setting watchdog for 200 seconds at Sat Aug 31 05:31:25 UTC 2019
10002 ms. Memory: 48128K Free: 29736K (62%)
ptolemy.util.test.WatchDog.cancel(): canceling Sat Aug 31 05:31:35 UTC 2019
auto.tcl: Setting watchdog for 200 seconds at Sat Aug 31 05:31:35 UTC 2019
10001 ms. Memory: 48128K Free: 29010K (60%)
ptolemy.util.test.WatchDog.cancel(): canceling Sat Aug 31 05:31:45 UTC 2019
------------------ testing $PTII/ptolemy/domains/de/test/auto/relationGroup.xml
auto.tcl: Setting watchdog for 200 seconds at Sat Aug 31 05:31:46 UTC 2019
2 ms. Memory: 48128K Free: 30847K (64%)
ptolemy.util.test.WatchDog.cancel(): canceling Sat Aug 31 05:31:46 UTC 2019
auto.tcl: Setting watchdog for 200 seconds at Sat Aug 31 05:31:46 UTC 2019
2 ms. Memory: 48128K Free: 30091K (63%)
ptolemy.util.test.WatchDog.cancel(): canceling Sat Aug 31 05:31:46 UTC 2019
------------------ testing $PTII/ptolemy/domains/de/test/auto/relationGroup2.xml
auto.tcl: Setting watchdog for 200 seconds at Sat Aug 31 05:31:46 UTC 2019
2 ms. Memory: 48128K Free: 30627K (64%)
ptolemy.util.test.WatchDog.cancel(): canceling Sat Aug 31 05:31:46 UTC 2019
auto.tcl: Setting watchdog for 200 seconds at Sat Aug 31 05:31:46 UTC 2019
2 ms. Memory: 48128K Free: 29624K (62%)
ptolemy.util.test.WatchDog.cancel(): canceling Sat Aug 31 05:31:46 UTC 2019
------------------ testing $PTII/ptolemy/domains/de/test/auto/sortWithOpaquePorts.xml
auto.tcl: Setting watchdog for 200 seconds at Sat Aug 31 05:31:46 UTC 2019
2 ms. Memory: 48128K Free: 29590K (61%)
ptolemy.util.test.WatchDog.cancel(): canceling Sat Aug 31 05:31:46 UTC 2019
auto.tcl: Setting watchdog for 200 seconds at Sat Aug 31 05:31:46 UTC 2019
2 ms. Memory: 48128K Free: 28584K (59%)
ptolemy.util.test.WatchDog.cancel(): canceling Sat Aug 31 05:31:46 UTC 2019
------------------ testing $PTII/ptolemy/domains/de/test/auto/transferInputsandOutputs.xml
auto.tcl: Setting watchdog for 200 seconds at Sat Aug 31 05:31:46 UTC 2019
2 ms. Memory: 48128K Free: 27034K (56%)
ptolemy.util.test.WatchDog.cancel(): canceling Sat Aug 31 05:31:46 UTC 2019
auto.tcl: Setting watchdog for 200 seconds at Sat Aug 31 05:31:46 UTC 2019
2 ms. Memory: 48128K Free: 26060K (54%)
ptolemy.util.test.WatchDog.cancel(): canceling Sat Aug 31 05:31:46 UTC 2019
------------------ testing $PTII/ptolemy/domains/de/test/auto/triggerType.xml
auto.tcl: Setting watchdog for 200 seconds at Sat Aug 31 05:31:46 UTC 2019
1 ms. Memory: 48128K Free: 30058K (62%)
ptolemy.util.test.WatchDog.cancel(): canceling Sat Aug 31 05:31:46 UTC 2019
auto.tcl: Setting watchdog for 200 seconds at Sat Aug 31 05:31:46 UTC 2019
2 ms. Memory: 48128K Free: 29087K (60%)
ptolemy.util.test.WatchDog.cancel(): canceling Sat Aug 31 05:31:46 UTC 2019
08/31/19 05:31:46
Failed: 0  Total Tests: 192  ((Passed: 187, Newly Passed: 1)  Known Failed: 5) /home/travis/build/icyphy/ptII/ptolemy/domains/de/test
08/31/19 05:31:46
Failed: 0  Total Tests: 192  ((Passed: 187, Newly Passed: 1)  Known Failed: 5) /home/travis/build/icyphy/ptII/ptolemy/domains/de/test
----------------- testing (KnownFailure) /home/travis/build/icyphy/ptII/ptolemy/domains/de/test/auto/knownFailedTests/DESDFClockTest.xml
2008 ms. Memory: 48128K Free: 22943K (48%)
Known Failure: java.lang.reflect.InvocationTargetException
----------------- testing (KnownFailure) /home/travis/build/icyphy/ptII/ptolemy/domains/de/test/auto/knownFailedTests/DirectFeedback.xml
1 ms. Memory: 48128K Free: 19357K (40%)
Known Failure: java.lang.reflect.InvocationTargetException
----------------- testing (KnownFailure) /home/travis/build/icyphy/ptII/ptolemy/domains/de/test/auto/knownFailedTests/FSMSource.xml
7 ms. Memory: 48128K Free: 11679K (24%)
----------------- testing (KnownFailure) /home/travis/build/icyphy/ptII/ptolemy/domains/de/test/auto/knownFailedTests/HierarchicalModel.xml
2 ms. Memory: 48128K Free: 21747K (45%)
Known Failure: java.lang.reflect.InvocationTargetException
----------------- testing (KnownFailure) /home/travis/build/icyphy/ptII/ptolemy/domains/de/test/auto/knownFailedTests/dependencyLoop.xml
7 ms. Memory: 48128K Free: 32334K (67%)
Known Failure: java.lang.reflect.InvocationTargetException
----------------- testing (KnownFailure) /home/travis/build/icyphy/ptII/ptolemy/domains/de/test/auto/knownFailedTests/dependencyLoop2.xml
3 ms. Memory: 48128K Free: 17187K (36%)
Known Failure: java.lang.reflect.InvocationTargetException
No auto/linux-amd64/*.xml tests in /home/travis/build/icyphy/ptII/ptolemy/domains/de/test
AutoTests.java: About to close Vertx.
AutoTests.java: Vertx closed.

===========================================================================================
----------------- testing Sat Aug 31 05:31:48 UTC 2019 /home/travis/build/icyphy/ptII/ptolemy/domains/de/test/auto/ActorDepthCalculation_actorWithoutPorts.xml
----------------- Instantiating /home/travis/build/icyphy/ptII/ptolemy/domains/de/test/auto/ActorDepthCalculation_actorWithoutPorts.xml
2 ms. Memory: 48128K Free: 10817K (22%)
----------------- Invoking toplevel() on ptolemy.moml.MoMLSimpleApplication@64a83167
----------------- Done invoking toplevel() on ptolemy.moml.MoMLSimpleApplication@64a83167
reloadAllAccessors: .ActorDepthCalculation_actorWithoutPorts

===========================================================================================
----------------- testing Sat Aug 31 05:31:48 UTC 2019 /home/travis/build/icyphy/ptII/ptolemy/domains/de/test/auto/AssemblyLine.xml
----------------- Instantiating /home/travis/build/icyphy/ptII/ptolemy/domains/de/test/auto/AssemblyLine.xml
5 ms. Memory: 48128K Free: 29644K (62%)
----------------- Invoking toplevel() on ptolemy.moml.MoMLSimpleApplication@75e94cf9
----------------- Done invoking toplevel() on ptolemy.moml.MoMLSimpleApplication@75e94cf9
reloadAllAccessors: .AssemblyLine

===========================================================================================
----------------- testing Sat Aug 31 05:31:48 UTC 2019 /home/travis/build/icyphy/ptII/ptolemy/domains/de/test/auto/CQBug1.xml
----------------- Instantiating /home/travis/build/icyphy/ptII/ptolemy/domains/de/test/auto/CQBug1.xml
1 ms. Memory: 48128K Free: 26630K (55%)
----------------- Invoking toplevel() on ptolemy.moml.MoMLSimpleApplication@621317cd
----------------- Done invoking toplevel() on ptolemy.moml.MoMLSimpleApplication@621317cd
reloadAllAccessors: .CQBug1

===========================================================================================
----------------- testing Sat Aug 31 05:31:48 UTC 2019 /home/travis/build/icyphy/ptII/ptolemy/domains/de/test/auto/CancelFireAt.xml
----------------- Instantiating /home/travis/build/icyphy/ptII/ptolemy/domains/de/test/auto/CancelFireAt.xml
1 ms. Memory: 48128K Free: 24321K (51%)
----------------- Invoking toplevel() on ptolemy.moml.MoMLSimpleApplication@255b4cec
----------------- Done invoking toplevel() on ptolemy.moml.MoMLSimpleApplication@255b4cec
reloadAllAccessors: .CancelFireAt

===========================================================================================
----------------- testing Sat Aug 31 05:31:48 UTC 2019 /home/travis/build/icyphy/ptII/ptolemy/domains/de/test/auto/CausalityAndComposabilityAnalysis.xml
----------------- Instantiating /home/travis/build/icyphy/ptII/ptolemy/domains/de/test/auto/CausalityAndComposabilityAnalysis.xml
1 ms. Memory: 48128K Free: 20038K (42%)
----------------- Invoking toplevel() on ptolemy.moml.MoMLSimpleApplication@7e74a5ab
----------------- Done invoking toplevel() on ptolemy.moml.MoMLSimpleApplication@7e74a5ab
reloadAllAccessors: .CausalityAndComposabilityAnalysis

===========================================================================================
----------------- testing Sat Aug 31 05:31:48 UTC 2019 /home/travis/build/icyphy/ptII/ptolemy/domains/de/test/auto/CausalityInterface1.xml
----------------- Instantiating /home/travis/build/icyphy/ptII/ptolemy/domains/de/test/auto/CausalityInterface1.xml
4 ms. Memory: 48128K Free: 15135K (31%)
----------------- Invoking toplevel() on ptolemy.moml.MoMLSimpleApplication@c129d44
----------------- Done invoking toplevel() on ptolemy.moml.MoMLSimpleApplication@c129d44
reloadAllAccessors: .CausalityInterface1

===========================================================================================
----------------- testing Sat Aug 31 05:31:48 UTC 2019 /home/travis/build/icyphy/ptII/ptolemy/domains/de/test/auto/CausalityInterface15.xml
----------------- Instantiating /home/travis/build/icyphy/ptII/ptolemy/domains/de/test/auto/CausalityInterface15.xml
2 ms. Memory: 48128K Free: 9644K (20%)
----------------- Invoking toplevel() on ptolemy.moml.MoMLSimpleApplication@7d0b6c6
----------------- Done invoking toplevel() on ptolemy.moml.MoMLSimpleApplication@7d0b6c6
reloadAllAccessors: .CausalityInterface15

===========================================================================================
----------------- testing Sat Aug 31 05:31:48 UTC 2019 /home/travis/build/icyphy/ptII/ptolemy/domains/de/test/auto/CausalityInterface2.xml
----------------- Instantiating /home/travis/build/icyphy/ptII/ptolemy/domains/de/test/auto/CausalityInterface2.xml
2 ms. Memory: 48128K Free: 30862K (64%)
----------------- Invoking toplevel() on ptolemy.moml.MoMLSimpleApplication@3f40e6b0
----------------- Done invoking toplevel() on ptolemy.moml.MoMLSimpleApplication@3f40e6b0
reloadAllAccessors: .CausalityInterface2

===========================================================================================
----------------- testing Sat Aug 31 05:31:48 UTC 2019 /home/travis/build/icyphy/ptII/ptolemy/domains/de/test/auto/CausalityInterface3.xml
----------------- Instantiating /home/travis/build/icyphy/ptII/ptolemy/domains/de/test/auto/CausalityInterface3.xml
2 ms. Memory: 48128K Free: 25911K (54%)
----------------- Invoking toplevel() on ptolemy.moml.MoMLSimpleApplication@221ce93c
----------------- Done invoking toplevel() on ptolemy.moml.MoMLSimpleApplication@221ce93c
reloadAllAccessors: .CausalityInterface3

===========================================================================================
----------------- testing Sat Aug 31 05:31:48 UTC 2019 /home/travis/build/icyphy/ptII/ptolemy/domains/de/test/auto/ClockDrift.xml
----------------- Instantiating /home/travis/build/icyphy/ptII/ptolemy/domains/de/test/auto/ClockDrift.xml
14 ms. Memory: 48128K Free: 14051K (29%)
----------------- Invoking toplevel() on ptolemy.moml.MoMLSimpleApplication@f6eb105
----------------- Done invoking toplevel() on ptolemy.moml.MoMLSimpleApplication@f6eb105
reloadAllAccessors: .ClockDrift

===========================================================================================
----------------- testing Sat Aug 31 05:31:48 UTC 2019 /home/travis/build/icyphy/ptII/ptolemy/domains/de/test/auto/ClockDriftAndValueChange.xml
----------------- Instantiating /home/travis/build/icyphy/ptII/ptolemy/domains/de/test/auto/ClockDriftAndValueChange.xml
8 ms. Memory: 48128K Free: 27928K (58%)
----------------- Invoking toplevel() on ptolemy.moml.MoMLSimpleApplication@690178a1
----------------- Done invoking toplevel() on ptolemy.moml.MoMLSimpleApplication@690178a1
reloadAllAccessors: .ClockDriftAndValueChange

===========================================================================================
----------------- testing Sat Aug 31 05:31:48 UTC 2019 /home/travis/build/icyphy/ptII/ptolemy/domains/de/test/auto/ClockDriftChange.xml
----------------- Instantiating /home/travis/build/icyphy/ptII/ptolemy/domains/de/test/auto/ClockDriftChange.xml
7 ms. Memory: 48128K Free: 18016K (37%)
----------------- Invoking toplevel() on ptolemy.moml.MoMLSimpleApplication@52e30735
----------------- Done invoking toplevel() on ptolemy.moml.MoMLSimpleApplication@52e30735
reloadAllAccessors: .ClockDriftChange

===========================================================================================
----------------- testing Sat Aug 31 05:31:48 UTC 2019 /home/travis/build/icyphy/ptII/ptolemy/domains/de/test/auto/ComposableCausalityAnalysis.xml
----------------- Instantiating /home/travis/build/icyphy/ptII/ptolemy/domains/de/test/auto/ComposableCausalityAnalysis.xml
1 ms. Memory: 48128K Free: 12214K (25%)
----------------- Invoking toplevel() on ptolemy.moml.MoMLSimpleApplication@331eae02
----------------- Done invoking toplevel() on ptolemy.moml.MoMLSimpleApplication@331eae02
reloadAllAccessors: .ComposableCausalityAnalysis

===========================================================================================
----------------- testing Sat Aug 31 05:31:48 UTC 2019 /home/travis/build/icyphy/ptII/ptolemy/domains/de/test/auto/DEFixedPointLimitation.xml
----------------- Instantiating /home/travis/build/icyphy/ptII/ptolemy/domains/de/test/auto/DEFixedPointLimitation.xml
1 ms. Memory: 48128K Free: 32391K (67%)
----------------- Invoking toplevel() on ptolemy.moml.MoMLSimpleApplication@359b955f
----------------- Done invoking toplevel() on ptolemy.moml.MoMLSimpleApplication@359b955f
reloadAllAccessors: .DEFixedPointLimitation

===========================================================================================
----------------- testing Sat Aug 31 05:31:48 UTC 2019 /home/travis/build/icyphy/ptII/ptolemy/domains/de/test/auto/DEScheduleTest.xml
----------------- Instantiating /home/travis/build/icyphy/ptII/ptolemy/domains/de/test/auto/DEScheduleTest.xml
2 ms. Memory: 48128K Free: 28089K (58%)
----------------- Invoking toplevel() on ptolemy.moml.MoMLSimpleApplication@6dee0628
----------------- Done invoking toplevel() on ptolemy.moml.MoMLSimpleApplication@6dee0628
reloadAllAccessors: .DEScheduleTest

===========================================================================================
----------------- testing Sat Aug 31 05:31:48 UTC 2019 /home/travis/build/icyphy/ptII/ptolemy/domains/de/test/auto/DEinDEwithStartTimes.xml
----------------- Instantiating /home/travis/build/icyphy/ptII/ptolemy/domains/de/test/auto/DEinDEwithStartTimes.xml
1 ms. Memory: 48128K Free: 22198K (46%)
----------------- Invoking toplevel() on ptolemy.moml.MoMLSimpleApplication@1d86a005
----------------- Done invoking toplevel() on ptolemy.moml.MoMLSimpleApplication@1d86a005
reloadAllAccessors: .DEinDEwithStartTimes

===========================================================================================
----------------- testing Sat Aug 31 05:31:48 UTC 2019 /home/travis/build/icyphy/ptII/ptolemy/domains/de/test/auto/DEinDEwithStartTimes2.xml
----------------- Instantiating /home/travis/build/icyphy/ptII/ptolemy/domains/de/test/auto/DEinDEwithStartTimes2.xml
2 ms. Memory: 48128K Free: 15720K (33%)
----------------- Invoking toplevel() on ptolemy.moml.MoMLSimpleApplication@78f1e1f6
----------------- Done invoking toplevel() on ptolemy.moml.MoMLSimpleApplication@78f1e1f6
reloadAllAccessors: .DEinDEwithStartTimes2

===========================================================================================
----------------- testing Sat Aug 31 05:31:48 UTC 2019 /home/travis/build/icyphy/ptII/ptolemy/domains/de/test/auto/DateDemo.xml
----------------- Instantiating /home/travis/build/icyphy/ptII/ptolemy/domains/de/test/auto/DateDemo.xml
6 ms. Memory: 48128K Free: 29106K (60%)
----------------- Invoking toplevel() on ptolemy.moml.MoMLSimpleApplication@78c2e99f
----------------- Done invoking toplevel() on ptolemy.moml.MoMLSimpleApplication@78c2e99f
reloadAllAccessors: .DateDemo

===========================================================================================
----------------- testing Sat Aug 31 05:31:48 UTC 2019 /home/travis/build/icyphy/ptII/ptolemy/domains/de/test/auto/DateToEvent.xml
----------------- Instantiating /home/travis/build/icyphy/ptII/ptolemy/domains/de/test/auto/DateToEvent.xml
2004 ms. Memory: 48128K Free: 13391K (28%)
----------------- Invoking toplevel() on ptolemy.moml.MoMLSimpleApplication@66d38c20
----------------- Done invoking toplevel() on ptolemy.moml.MoMLSimpleApplication@66d38c20
reloadAllAccessors: .DateToEvent

===========================================================================================
----------------- testing Sat Aug 31 05:31:51 UTC 2019 /home/travis/build/icyphy/ptII/ptolemy/domains/de/test/auto/DepthTest1.xml
----------------- Instantiating /home/travis/build/icyphy/ptII/ptolemy/domains/de/test/auto/DepthTest1.xml
1 ms. Memory: 48128K Free: 10623K (22%)
----------------- Invoking toplevel() on ptolemy.moml.MoMLSimpleApplication@6075340f
----------------- Done invoking toplevel() on ptolemy.moml.MoMLSimpleApplication@6075340f
reloadAllAccessors: .DepthTest1

===========================================================================================
----------------- testing Sat Aug 31 05:31:51 UTC 2019 /home/travis/build/icyphy/ptII/ptolemy/domains/de/test/auto/DepthTest2.xml
----------------- Instantiating /home/travis/build/icyphy/ptII/ptolemy/domains/de/test/auto/DepthTest2.xml
2 ms. Memory: 48128K Free: 28965K (60%)
----------------- Invoking toplevel() on ptolemy.moml.MoMLSimpleApplication@3c5f93f3
----------------- Done invoking toplevel() on ptolemy.moml.MoMLSimpleApplication@3c5f93f3
reloadAllAccessors: .DepthTest2

===========================================================================================
----------------- testing Sat Aug 31 05:31:51 UTC 2019 /home/travis/build/icyphy/ptII/ptolemy/domains/de/test/auto/DepthTest3.xml
----------------- Instantiating /home/travis/build/icyphy/ptII/ptolemy/domains/de/test/auto/DepthTest3.xml
1 ms. Memory: 48128K Free: 25917K (54%)
----------------- Invoking toplevel() on ptolemy.moml.MoMLSimpleApplication@44c51abe
----------------- Done invoking toplevel() on ptolemy.moml.MoMLSimpleApplication@44c51abe
reloadAllAccessors: .DepthTest3

===========================================================================================
----------------- testing Sat Aug 31 05:31:51 UTC 2019 /home/travis/build/icyphy/ptII/ptolemy/domains/de/test/auto/DepthTest4.xml
----------------- Instantiating /home/travis/build/icyphy/ptII/ptolemy/domains/de/test/auto/DepthTest4.xml
2 ms. Memory: 48128K Free: 21147K (44%)
----------------- Invoking toplevel() on ptolemy.moml.MoMLSimpleApplication@3990e58f
----------------- Done invoking toplevel() on ptolemy.moml.MoMLSimpleApplication@3990e58f
reloadAllAccessors: .DepthTest4

===========================================================================================
----------------- testing Sat Aug 31 05:31:51 UTC 2019 /home/travis/build/icyphy/ptII/ptolemy/domains/de/test/auto/DepthTest5.xml
----------------- Instantiating /home/travis/build/icyphy/ptII/ptolemy/domains/de/test/auto/DepthTest5.xml
12 ms. Memory: 48128K Free: 15863K (33%)
----------------- Invoking toplevel() on ptolemy.moml.MoMLSimpleApplication@7926de5a
----------------- Done invoking toplevel() on ptolemy.moml.MoMLSimpleApplication@7926de5a
reloadAllAccessors: .DepthTest5

===========================================================================================
----------------- testing Sat Aug 31 05:31:51 UTC 2019 /home/travis/build/icyphy/ptII/ptolemy/domains/de/test/auto/DepthTest6.xml
----------------- Instantiating /home/travis/build/icyphy/ptII/ptolemy/domains/de/test/auto/DepthTest6.xml
2 ms. Memory: 48128K Free: 10509K (22%)
----------------- Invoking toplevel() on ptolemy.moml.MoMLSimpleApplication@3e34d1c4
----------------- Done invoking toplevel() on ptolemy.moml.MoMLSimpleApplication@3e34d1c4
reloadAllAccessors: .DepthTest6

===========================================================================================
----------------- testing Sat Aug 31 05:31:51 UTC 2019 /home/travis/build/icyphy/ptII/ptolemy/domains/de/test/auto/DepthTest7.xml
----------------- Instantiating /home/travis/build/icyphy/ptII/ptolemy/domains/de/test/auto/DepthTest7.xml
2 ms. Memory: 48128K Free: 30217K (63%)
----------------- Invoking toplevel() on ptolemy.moml.MoMLSimpleApplication@43b732b
----------------- Done invoking toplevel() on ptolemy.moml.MoMLSimpleApplication@43b732b
reloadAllAccessors: .DepthTest7

===========================================================================================
----------------- testing Sat Aug 31 05:31:51 UTC 2019 /home/travis/build/icyphy/ptII/ptolemy/domains/de/test/auto/EventToDate.xml
----------------- Instantiating /home/travis/build/icyphy/ptII/ptolemy/domains/de/test/auto/EventToDate.xml
3017 ms. Memory: 48128K Free: 16889K (35%)
----------------- Invoking toplevel() on ptolemy.moml.MoMLSimpleApplication@78b6ecea
----------------- Done invoking toplevel() on ptolemy.moml.MoMLSimpleApplication@78b6ecea
reloadAllAccessors: .EventToDate

===========================================================================================
----------------- testing Sat Aug 31 05:31:54 UTC 2019 /home/travis/build/icyphy/ptII/ptolemy/domains/de/test/auto/FSM1.xml
----------------- Instantiating /home/travis/build/icyphy/ptII/ptolemy/domains/de/test/auto/FSM1.xml
26 ms. Memory: 48128K Free: 29293K (61%)
----------------- Invoking toplevel() on ptolemy.moml.MoMLSimpleApplication@6db1d124
----------------- Done invoking toplevel() on ptolemy.moml.MoMLSimpleApplication@6db1d124
reloadAllAccessors: .FSM1

===========================================================================================
----------------- testing Sat Aug 31 05:31:54 UTC 2019 /home/travis/build/icyphy/ptII/ptolemy/domains/de/test/auto/FSM7.xml
----------------- Instantiating /home/travis/build/icyphy/ptII/ptolemy/domains/de/test/auto/FSM7.xml
18 ms. Memory: 48128K Free: 16991K (35%)
----------------- Invoking toplevel() on ptolemy.moml.MoMLSimpleApplication@32a05ca6
----------------- Done invoking toplevel() on ptolemy.moml.MoMLSimpleApplication@32a05ca6
reloadAllAccessors: .FSM7

===========================================================================================
----------------- testing Sat Aug 31 05:31:54 UTC 2019 /home/travis/build/icyphy/ptII/ptolemy/domains/de/test/auto/Inspection.xml
----------------- Instantiating /home/travis/build/icyphy/ptII/ptolemy/domains/de/test/auto/Inspection.xml
16 ms. Memory: 48128K Free: 29368K (61%)
----------------- Invoking toplevel() on ptolemy.moml.MoMLSimpleApplication@36aeddeb
----------------- Done invoking toplevel() on ptolemy.moml.MoMLSimpleApplication@36aeddeb
reloadAllAccessors: .Inspection

===========================================================================================
----------------- testing Sat Aug 31 05:31:54 UTC 2019 /home/travis/build/icyphy/ptII/ptolemy/domains/de/test/auto/Iteration.xml
----------------- Instantiating /home/travis/build/icyphy/ptII/ptolemy/domains/de/test/auto/Iteration.xml
11 ms. Memory: 48128K Free: 22513K (47%)
----------------- Invoking toplevel() on ptolemy.moml.MoMLSimpleApplication@219e0cde
----------------- Done invoking toplevel() on ptolemy.moml.MoMLSimpleApplication@219e0cde
reloadAllAccessors: .Iteration

===========================================================================================
----------------- testing Sat Aug 31 05:31:54 UTC 2019 /home/travis/build/icyphy/ptII/ptolemy/domains/de/test/auto/LineFault.xml
----------------- Instantiating /home/travis/build/icyphy/ptII/ptolemy/domains/de/test/auto/LineFault.xml
499 ms. Memory: 48128K Free: 24829K (52%)
----------------- Invoking toplevel() on ptolemy.moml.MoMLSimpleApplication@c7ef7da
----------------- Done invoking toplevel() on ptolemy.moml.MoMLSimpleApplication@c7ef7da
reloadAllAccessors: .LineFault

===========================================================================================
----------------- testing Sat Aug 31 05:31:55 UTC 2019 /home/travis/build/icyphy/ptII/ptolemy/domains/de/test/auto/MergeModel1Add.xml
----------------- Instantiating /home/travis/build/icyphy/ptII/ptolemy/domains/de/test/auto/MergeModel1Add.xml
7 ms. Memory: 48128K Free: 26885K (56%)
----------------- Invoking toplevel() on ptolemy.moml.MoMLSimpleApplication@18ed547d
----------------- Done invoking toplevel() on ptolemy.moml.MoMLSimpleApplication@18ed547d
reloadAllAccessors: .MergeModel1Add

===========================================================================================
----------------- testing Sat Aug 31 05:31:55 UTC 2019 /home/travis/build/icyphy/ptII/ptolemy/domains/de/test/auto/MergeModel2Add.xml
----------------- Instantiating /home/travis/build/icyphy/ptII/ptolemy/domains/de/test/auto/MergeModel2Add.xml
10 ms. Memory: 48128K Free: 30115K (63%)
----------------- Invoking toplevel() on ptolemy.moml.MoMLSimpleApplication@58d8024b
----------------- Done invoking toplevel() on ptolemy.moml.MoMLSimpleApplication@58d8024b
reloadAllAccessors: .MergeModel2Add

===========================================================================================
----------------- testing Sat Aug 31 05:31:55 UTC 2019 /home/travis/build/icyphy/ptII/ptolemy/domains/de/test/auto/MergeModel3Add.xml
----------------- Instantiating /home/travis/build/icyphy/ptII/ptolemy/domains/de/test/auto/MergeModel3Add.xml
5 ms. Memory: 48128K Free: 12492K (26%)
----------------- Invoking toplevel() on ptolemy.moml.MoMLSimpleApplication@745c25e
----------------- Done invoking toplevel() on ptolemy.moml.MoMLSimpleApplication@745c25e
reloadAllAccessors: .MergeModel3Add

===========================================================================================
----------------- testing Sat Aug 31 05:31:55 UTC 2019 /home/travis/build/icyphy/ptII/ptolemy/domains/de/test/auto/MergeWithoutDiscard.xml
----------------- Instantiating /home/travis/build/icyphy/ptII/ptolemy/domains/de/test/auto/MergeWithoutDiscard.xml
1 ms. Memory: 48128K Free: 29958K (62%)
----------------- Invoking toplevel() on ptolemy.moml.MoMLSimpleApplication@3d43167d
----------------- Done invoking toplevel() on ptolemy.moml.MoMLSimpleApplication@3d43167d
reloadAllAccessors: .MergeWithoutDiscard

===========================================================================================
----------------- testing Sat Aug 31 05:31:55 UTC 2019 /home/travis/build/icyphy/ptII/ptolemy/domains/de/test/auto/Modal1.xml
----------------- Instantiating /home/travis/build/icyphy/ptII/ptolemy/domains/de/test/auto/Modal1.xml
7 ms. Memory: 48128K Free: 17680K (37%)
----------------- Invoking toplevel() on ptolemy.moml.MoMLSimpleApplication@7a5ea792
----------------- Done invoking toplevel() on ptolemy.moml.MoMLSimpleApplication@7a5ea792
reloadAllAccessors: .Modal1

===========================================================================================
----------------- testing Sat Aug 31 05:31:55 UTC 2019 /home/travis/build/icyphy/ptII/ptolemy/domains/de/test/auto/Modal2.xml
----------------- Instantiating /home/travis/build/icyphy/ptII/ptolemy/domains/de/test/auto/Modal2.xml
10 ms. Memory: 48128K Free: 27027K (56%)
----------------- Invoking toplevel() on ptolemy.moml.MoMLSimpleApplication@475c76a2
----------------- Done invoking toplevel() on ptolemy.moml.MoMLSimpleApplication@475c76a2
reloadAllAccessors: .Modal2

===========================================================================================
----------------- testing Sat Aug 31 05:31:55 UTC 2019 /home/travis/build/icyphy/ptII/ptolemy/domains/de/test/auto/Modal3.xml
----------------- Instantiating /home/travis/build/icyphy/ptII/ptolemy/domains/de/test/auto/Modal3.xml
9 ms. Memory: 48128K Free: 14755K (31%)
----------------- Invoking toplevel() on ptolemy.moml.MoMLSimpleApplication@629b0c57
----------------- Done invoking toplevel() on ptolemy.moml.MoMLSimpleApplication@629b0c57
reloadAllAccessors: .Modal3

===========================================================================================
----------------- testing Sat Aug 31 05:31:55 UTC 2019 /home/travis/build/icyphy/ptII/ptolemy/domains/de/test/auto/Modal4.xml
----------------- Instantiating /home/travis/build/icyphy/ptII/ptolemy/domains/de/test/auto/Modal4.xml
9 ms. Memory: 48128K Free: 23114K (48%)
----------------- Invoking toplevel() on ptolemy.moml.MoMLSimpleApplication@bfb43cc
----------------- Done invoking toplevel() on ptolemy.moml.MoMLSimpleApplication@bfb43cc
reloadAllAccessors: .Modal4

===========================================================================================
----------------- testing Sat Aug 31 05:31:55 UTC 2019 /home/travis/build/icyphy/ptII/ptolemy/domains/de/test/auto/Modal5.xml
----------------- Instantiating /home/travis/build/icyphy/ptII/ptolemy/domains/de/test/auto/Modal5.xml
15 ms. Memory: 48128K Free: 31033K (64%)
----------------- Invoking toplevel() on ptolemy.moml.MoMLSimpleApplication@3f7ee9ff
----------------- Done invoking toplevel() on ptolemy.moml.MoMLSimpleApplication@3f7ee9ff
reloadAllAccessors: .Modal5

===========================================================================================
----------------- testing Sat Aug 31 05:31:55 UTC 2019 /home/travis/build/icyphy/ptII/ptolemy/domains/de/test/auto/Modal6.xml
----------------- Instantiating /home/travis/build/icyphy/ptII/ptolemy/domains/de/test/auto/Modal6.xml
9 ms. Memory: 48128K Free: 18456K (38%)
----------------- Invoking toplevel() on ptolemy.moml.MoMLSimpleApplication@40239d1b
----------------- Done invoking toplevel() on ptolemy.moml.MoMLSimpleApplication@40239d1b
reloadAllAccessors: .Modal6

===========================================================================================
----------------- testing Sat Aug 31 05:31:55 UTC 2019 /home/travis/build/icyphy/ptII/ptolemy/domains/de/test/auto/Modal7.xml
----------------- Instantiating /home/travis/build/icyphy/ptII/ptolemy/domains/de/test/auto/Modal7.xml
7 ms. Memory: 48128K Free: 26588K (55%)
----------------- Invoking toplevel() on ptolemy.moml.MoMLSimpleApplication@171ed26f
----------------- Done invoking toplevel() on ptolemy.moml.MoMLSimpleApplication@171ed26f
reloadAllAccessors: .Modal7

===========================================================================================
----------------- testing Sat Aug 31 05:31:55 UTC 2019 /home/travis/build/icyphy/ptII/ptolemy/domains/de/test/auto/ModalModel.xml
----------------- Instantiating /home/travis/build/icyphy/ptII/ptolemy/domains/de/test/auto/ModalModel.xml
131 ms. Memory: 63488K Free: 22026K (35%)
----------------- Invoking toplevel() on ptolemy.moml.MoMLSimpleApplication@50c7ea79
----------------- Done invoking toplevel() on ptolemy.moml.MoMLSimpleApplication@50c7ea79
reloadAllAccessors: .ModalModel

===========================================================================================
----------------- testing Sat Aug 31 05:31:55 UTC 2019 /home/travis/build/icyphy/ptII/ptolemy/domains/de/test/auto/ModalSource.xml
----------------- Instantiating /home/travis/build/icyphy/ptII/ptolemy/domains/de/test/auto/ModalSource.xml
4 ms. Memory: 63488K Free: 42950K (68%)
----------------- Invoking toplevel() on ptolemy.moml.MoMLSimpleApplication@6e290205
----------------- Done invoking toplevel() on ptolemy.moml.MoMLSimpleApplication@6e290205
reloadAllAccessors: .ModalSource

===========================================================================================
----------------- testing Sat Aug 31 05:31:55 UTC 2019 /home/travis/build/icyphy/ptII/ptolemy/domains/de/test/auto/NonInterruptibleTimerZeroDelay.xml
----------------- Instantiating /home/travis/build/icyphy/ptII/ptolemy/domains/de/test/auto/NonInterruptibleTimerZeroDelay.xml
1 ms. Memory: 63488K Free: 39167K (62%)
----------------- Invoking toplevel() on ptolemy.moml.MoMLSimpleApplication@1af72ec7
----------------- Done invoking toplevel() on ptolemy.moml.MoMLSimpleApplication@1af72ec7
reloadAllAccessors: .NonInterruptibleTimerZeroDelay

===========================================================================================
----------------- testing Sat Aug 31 05:31:55 UTC 2019 /home/travis/build/icyphy/ptII/ptolemy/domains/de/test/auto/OpenQueueingNetwork.xml
----------------- Instantiating /home/travis/build/icyphy/ptII/ptolemy/domains/de/test/auto/OpenQueueingNetwork.xml
2315 ms. Memory: 222208K Free: 100805K (45%)
----------------- Invoking toplevel() on ptolemy.moml.MoMLSimpleApplication@55738530
----------------- Done invoking toplevel() on ptolemy.moml.MoMLSimpleApplication@55738530
reloadAllAccessors: .OpenQueueingNetwork

===========================================================================================
----------------- testing Sat Aug 31 05:31:58 UTC 2019 /home/travis/build/icyphy/ptII/ptolemy/domains/de/test/auto/OpenQueuingNetwork.xml
----------------- Instantiating /home/travis/build/icyphy/ptII/ptolemy/domains/de/test/auto/OpenQueuingNetwork.xml
234 ms. Memory: 222208K Free: 135172K (61%)
----------------- Invoking toplevel() on ptolemy.moml.MoMLSimpleApplication@5fd8c336
----------------- Done invoking toplevel() on ptolemy.moml.MoMLSimpleApplication@5fd8c336
reloadAllAccessors: .OpenQueuingNetwork

===========================================================================================
----------------- testing Sat Aug 31 05:31:58 UTC 2019 /home/travis/build/icyphy/ptII/ptolemy/domains/de/test/auto/PeriodicSampler.xml
----------------- Instantiating /home/travis/build/icyphy/ptII/ptolemy/domains/de/test/auto/PeriodicSampler.xml
2 ms. Memory: 222208K Free: 131076K (59%)
----------------- Invoking toplevel() on ptolemy.moml.MoMLSimpleApplication@21e971c3
----------------- Done invoking toplevel() on ptolemy.moml.MoMLSimpleApplication@21e971c3
reloadAllAccessors: .PeriodicSampler

===========================================================================================
----------------- testing Sat Aug 31 05:31:58 UTC 2019 /home/travis/build/icyphy/ptII/ptolemy/domains/de/test/auto/PersistentIO.xml
----------------- Instantiating /home/travis/build/icyphy/ptII/ptolemy/domains/de/test/auto/PersistentIO.xml
3 ms. Memory: 222208K Free: 121846K (55%)
----------------- Invoking toplevel() on ptolemy.moml.MoMLSimpleApplication@e56fd05
----------------- Done invoking toplevel() on ptolemy.moml.MoMLSimpleApplication@e56fd05
reloadAllAccessors: .PersistentIO

===========================================================================================
----------------- testing Sat Aug 31 05:31:58 UTC 2019 /home/travis/build/icyphy/ptII/ptolemy/domains/de/test/auto/PortParameterResetOnInitialize.xml
----------------- Instantiating /home/travis/build/icyphy/ptII/ptolemy/domains/de/test/auto/PortParameterResetOnInitialize.xml
2 ms. Memory: 222208K Free: 116734K (53%)
----------------- Invoking toplevel() on ptolemy.moml.MoMLSimpleApplication@4f6e2048
----------------- Done invoking toplevel() on ptolemy.moml.MoMLSimpleApplication@4f6e2048
reloadAllAccessors: .PortParameterResetOnInitialize

===========================================================================================
----------------- testing Sat Aug 31 05:31:58 UTC 2019 /home/travis/build/icyphy/ptII/ptolemy/domains/de/test/auto/PortParameterUpdates.xml
----------------- Instantiating /home/travis/build/icyphy/ptII/ptolemy/domains/de/test/auto/PortParameterUpdates.xml
7 ms. Memory: 222208K Free: 110086K (50%)
----------------- Invoking toplevel() on ptolemy.moml.MoMLSimpleApplication@62c928ec
----------------- Done invoking toplevel() on ptolemy.moml.MoMLSimpleApplication@62c928ec
reloadAllAccessors: .PortParameterUpdates

===========================================================================================
----------------- testing Sat Aug 31 05:31:58 UTC 2019 /home/travis/build/icyphy/ptII/ptolemy/domains/de/test/auto/QueueAndServer.xml
----------------- Instantiating /home/travis/build/icyphy/ptII/ptolemy/domains/de/test/auto/QueueAndServer.xml
6 ms. Memory: 222208K Free: 102404K (46%)
----------------- Invoking toplevel() on ptolemy.moml.MoMLSimpleApplication@222df20a
----------------- Done invoking toplevel() on ptolemy.moml.MoMLSimpleApplication@222df20a
reloadAllAccessors: .QueueAndServer

===========================================================================================
----------------- testing Sat Aug 31 05:31:58 UTC 2019 /home/travis/build/icyphy/ptII/ptolemy/domains/de/test/auto/Records.xml
----------------- Instantiating /home/travis/build/icyphy/ptII/ptolemy/domains/de/test/auto/Records.xml
3 ms. Memory: 222208K Free: 96774K (44%)
----------------- Invoking toplevel() on ptolemy.moml.MoMLSimpleApplication@6cd42181
----------------- Done invoking toplevel() on ptolemy.moml.MoMLSimpleApplication@6cd42181
reloadAllAccessors: .Records

===========================================================================================
----------------- testing Sat Aug 31 05:31:58 UTC 2019 /home/travis/build/icyphy/ptII/ptolemy/domains/de/test/auto/ResetTransitionWithStartTime1.xml
----------------- Instantiating /home/travis/build/icyphy/ptII/ptolemy/domains/de/test/auto/ResetTransitionWithStartTime1.xml
8 ms. Memory: 222208K Free: 88582K (40%)
----------------- Invoking toplevel() on ptolemy.moml.MoMLSimpleApplication@56ee411d
----------------- Done invoking toplevel() on ptolemy.moml.MoMLSimpleApplication@56ee411d
reloadAllAccessors: .ResetTransitionWithStartTime1

===========================================================================================
----------------- testing Sat Aug 31 05:31:58 UTC 2019 /home/travis/build/icyphy/ptII/ptolemy/domains/de/test/auto/ResetTransitionWithStartTime2.xml
----------------- Instantiating /home/travis/build/icyphy/ptII/ptolemy/domains/de/test/auto/ResetTransitionWithStartTime2.xml
5 ms. Memory: 222208K Free: 197527K (89%)
----------------- Invoking toplevel() on ptolemy.moml.MoMLSimpleApplication@cfbd402
----------------- Done invoking toplevel() on ptolemy.moml.MoMLSimpleApplication@cfbd402
reloadAllAccessors: .ResetTransitionWithStartTime2

===========================================================================================
----------------- testing Sat Aug 31 05:31:58 UTC 2019 /home/travis/build/icyphy/ptII/ptolemy/domains/de/test/auto/ResetTransitionWithStartTime3.xml
----------------- Instantiating /home/travis/build/icyphy/ptII/ptolemy/domains/de/test/auto/ResetTransitionWithStartTime3.xml
4 ms. Memory: 222208K Free: 189335K (85%)
----------------- Invoking toplevel() on ptolemy.moml.MoMLSimpleApplication@33cbffee
----------------- Done invoking toplevel() on ptolemy.moml.MoMLSimpleApplication@33cbffee
reloadAllAccessors: .ResetTransitionWithStartTime3

===========================================================================================
----------------- testing Sat Aug 31 05:31:58 UTC 2019 /home/travis/build/icyphy/ptII/ptolemy/domains/de/test/auto/ResetTransitionWithStartTime4.xml
----------------- Instantiating /home/travis/build/icyphy/ptII/ptolemy/domains/de/test/auto/ResetTransitionWithStartTime4.xml
4 ms. Memory: 222208K Free: 181647K (82%)
----------------- Invoking toplevel() on ptolemy.moml.MoMLSimpleApplication@723bc293
----------------- Done invoking toplevel() on ptolemy.moml.MoMLSimpleApplication@723bc293
reloadAllAccessors: .ResetTransitionWithStartTime4

===========================================================================================
----------------- testing Sat Aug 31 05:31:58 UTC 2019 /home/travis/build/icyphy/ptII/ptolemy/domains/de/test/auto/ResettableTimer1.xml
----------------- Instantiating /home/travis/build/icyphy/ptII/ptolemy/domains/de/test/auto/ResettableTimer1.xml
1 ms. Memory: 222208K Free: 177557K (80%)
----------------- Invoking toplevel() on ptolemy.moml.MoMLSimpleApplication@1c902f35
----------------- Done invoking toplevel() on ptolemy.moml.MoMLSimpleApplication@1c902f35
reloadAllAccessors: .ResettableTimer1

===========================================================================================
----------------- testing Sat Aug 31 05:31:58 UTC 2019 /home/travis/build/icyphy/ptII/ptolemy/domains/de/test/auto/ResettableTimer2.xml
----------------- Instantiating /home/travis/build/icyphy/ptII/ptolemy/domains/de/test/auto/ResettableTimer2.xml
2 ms. Memory: 222208K Free: 173461K (78%)
----------------- Invoking toplevel() on ptolemy.moml.MoMLSimpleApplication@2617d6db
----------------- Done invoking toplevel() on ptolemy.moml.MoMLSimpleApplication@2617d6db
reloadAllAccessors: .ResettableTimer2

===========================================================================================
----------------- testing Sat Aug 31 05:31:58 UTC 2019 /home/travis/build/icyphy/ptII/ptolemy/domains/de/test/auto/ResettableTimer3.xml
----------------- Instantiating /home/travis/build/icyphy/ptII/ptolemy/domains/de/test/auto/ResettableTimer3.xml
1 ms. Memory: 222208K Free: 169365K (76%)
----------------- Invoking toplevel() on ptolemy.moml.MoMLSimpleApplication@6a3258a8
----------------- Done invoking toplevel() on ptolemy.moml.MoMLSimpleApplication@6a3258a8
reloadAllAccessors: .ResettableTimer3

===========================================================================================
----------------- testing Sat Aug 31 05:31:58 UTC 2019 /home/travis/build/icyphy/ptII/ptolemy/domains/de/test/auto/ResettableTimer4.xml
----------------- Instantiating /home/travis/build/icyphy/ptII/ptolemy/domains/de/test/auto/ResettableTimer4.xml
1 ms. Memory: 222208K Free: 165269K (74%)
----------------- Invoking toplevel() on ptolemy.moml.MoMLSimpleApplication@6c039cff
----------------- Done invoking toplevel() on ptolemy.moml.MoMLSimpleApplication@6c039cff
reloadAllAccessors: .ResettableTimer4

===========================================================================================
----------------- testing Sat Aug 31 05:31:58 UTC 2019 /home/travis/build/icyphy/ptII/ptolemy/domains/de/test/auto/ResettableTimer5.xml
----------------- Instantiating /home/travis/build/icyphy/ptII/ptolemy/domains/de/test/auto/ResettableTimer5.xml
1 ms. Memory: 222208K Free: 160663K (72%)
----------------- Invoking toplevel() on ptolemy.moml.MoMLSimpleApplication@d0d0a66
----------------- Done invoking toplevel() on ptolemy.moml.MoMLSimpleApplication@d0d0a66
reloadAllAccessors: .ResettableTimer5

===========================================================================================
----------------- testing Sat Aug 31 05:31:58 UTC 2019 /home/travis/build/icyphy/ptII/ptolemy/domains/de/test/auto/ResettableTimer6.xml
----------------- Instantiating /home/travis/build/icyphy/ptII/ptolemy/domains/de/test/auto/ResettableTimer6.xml
7 ms. Memory: 222208K Free: 156051K (70%)
----------------- Invoking toplevel() on ptolemy.moml.MoMLSimpleApplication@5cbba136
----------------- Done invoking toplevel() on ptolemy.moml.MoMLSimpleApplication@5cbba136
reloadAllAccessors: .ResettableTimer6

===========================================================================================
----------------- testing Sat Aug 31 05:31:58 UTC 2019 /home/travis/build/icyphy/ptII/ptolemy/domains/de/test/auto/ServerZeroDelay.xml
----------------- Instantiating /home/travis/build/icyphy/ptII/ptolemy/domains/de/test/auto/ServerZeroDelay.xml
4 ms. Memory: 222208K Free: 151927K (68%)
----------------- Invoking toplevel() on ptolemy.moml.MoMLSimpleApplication@4fc16995
----------------- Done invoking toplevel() on ptolemy.moml.MoMLSimpleApplication@4fc16995
reloadAllAccessors: .ServerZeroDelay

===========================================================================================
----------------- testing Sat Aug 31 05:31:58 UTC 2019 /home/travis/build/icyphy/ptII/ptolemy/domains/de/test/auto/SmartSender.xml
----------------- Instantiating /home/travis/build/icyphy/ptII/ptolemy/domains/de/test/auto/SmartSender.xml
3002 ms. Memory: 222208K Free: 147861K (67%)
----------------- Invoking toplevel() on ptolemy.moml.MoMLSimpleApplication@3437407c
----------------- Done invoking toplevel() on ptolemy.moml.MoMLSimpleApplication@3437407c
reloadAllAccessors: .SmartSender

===========================================================================================
----------------- testing Sat Aug 31 05:32:01 UTC 2019 /home/travis/build/icyphy/ptII/ptolemy/domains/de/test/auto/ThreadedComposite.xml
----------------- Instantiating /home/travis/build/icyphy/ptII/ptolemy/domains/de/test/auto/ThreadedComposite.xml
178 ms. Memory: 222208K Free: 123285K (55%)
----------------- Invoking toplevel() on ptolemy.moml.MoMLSimpleApplication@371350d5
----------------- Done invoking toplevel() on ptolemy.moml.MoMLSimpleApplication@371350d5
reloadAllAccessors: .ThreadedComposite

===========================================================================================
----------------- testing Sat Aug 31 05:32:01 UTC 2019 /home/travis/build/icyphy/ptII/ptolemy/domains/de/test/auto/Time.xml
----------------- Instantiating /home/travis/build/icyphy/ptII/ptolemy/domains/de/test/auto/Time.xml
432 ms. Memory: 222208K Free: 195512K (88%)
----------------- Invoking toplevel() on ptolemy.moml.MoMLSimpleApplication@452d31ed
----------------- Done invoking toplevel() on ptolemy.moml.MoMLSimpleApplication@452d31ed
reloadAllAccessors: .Time

===========================================================================================
----------------- testing Sat Aug 31 05:32:02 UTC 2019 /home/travis/build/icyphy/ptII/ptolemy/domains/de/test/auto/TimeDelayZeroDelay.xml
----------------- Instantiating /home/travis/build/icyphy/ptII/ptolemy/domains/de/test/auto/TimeDelayZeroDelay.xml
2 ms. Memory: 222208K Free: 190902K (86%)
----------------- Invoking toplevel() on ptolemy.moml.MoMLSimpleApplication@7c242003
----------------- Done invoking toplevel() on ptolemy.moml.MoMLSimpleApplication@7c242003
reloadAllAccessors: .TimeDelayZeroDelay

===========================================================================================
----------------- testing Sat Aug 31 05:32:02 UTC 2019 /home/travis/build/icyphy/ptII/ptolemy/domains/de/test/auto/TimerZeroDelay.xml
----------------- Instantiating /home/travis/build/icyphy/ptII/ptolemy/domains/de/test/auto/TimerZeroDelay.xml
3 ms. Memory: 222208K Free: 186775K (84%)
----------------- Invoking toplevel() on ptolemy.moml.MoMLSimpleApplication@62e08c26
----------------- Done invoking toplevel() on ptolemy.moml.MoMLSimpleApplication@62e08c26
reloadAllAccessors: .TimerZeroDelay

===========================================================================================
----------------- testing Sat Aug 31 05:32:02 UTC 2019 /home/travis/build/icyphy/ptII/ptolemy/domains/de/test/auto/TimingParadox.xml
----------------- Instantiating /home/travis/build/icyphy/ptII/ptolemy/domains/de/test/auto/TimingParadox.xml
309 ms. Memory: 222208K Free: 120246K (54%)
----------------- Invoking toplevel() on ptolemy.moml.MoMLSimpleApplication@4ceda568
----------------- Done invoking toplevel() on ptolemy.moml.MoMLSimpleApplication@4ceda568
reloadAllAccessors: .TimingParadox

===========================================================================================
----------------- testing Sat Aug 31 05:32:02 UTC 2019 /home/travis/build/icyphy/ptII/ptolemy/domains/de/test/auto/TransferInputs.xml
----------------- Instantiating /home/travis/build/icyphy/ptII/ptolemy/domains/de/test/auto/TransferInputs.xml
1 ms. Memory: 222208K Free: 115640K (52%)
----------------- Invoking toplevel() on ptolemy.moml.MoMLSimpleApplication@4b70948d
----------------- Done invoking toplevel() on ptolemy.moml.MoMLSimpleApplication@4b70948d
reloadAllAccessors: .TransferInputs

===========================================================================================
----------------- testing Sat Aug 31 05:32:02 UTC 2019 /home/travis/build/icyphy/ptII/ptolemy/domains/de/test/auto/TransferOutputs2.xml
----------------- Instantiating /home/travis/build/icyphy/ptII/ptolemy/domains/de/test/auto/TransferOutputs2.xml
2 ms. Memory: 222208K Free: 107448K (48%)
----------------- Invoking toplevel() on ptolemy.moml.MoMLSimpleApplication@1254de60
----------------- Done invoking toplevel() on ptolemy.moml.MoMLSimpleApplication@1254de60
reloadAllAccessors: .TransferOutputs2

===========================================================================================
----------------- testing Sat Aug 31 05:32:02 UTC 2019 /home/travis/build/icyphy/ptII/ptolemy/domains/de/test/auto/Trilateration.xml
----------------- Instantiating /home/travis/build/icyphy/ptII/ptolemy/domains/de/test/auto/Trilateration.xml
13247 ms. Memory: 386048K Free: 216475K (56%)
----------------- Invoking toplevel() on ptolemy.moml.MoMLSimpleApplication@64ef533
----------------- Done invoking toplevel() on ptolemy.moml.MoMLSimpleApplication@64ef533
reloadAllAccessors: .Trilateration

===========================================================================================
----------------- testing Sat Aug 31 05:32:16 UTC 2019 /home/travis/build/icyphy/ptII/ptolemy/domains/de/test/auto/TwoSigmaDelta.xml
----------------- Instantiating /home/travis/build/icyphy/ptII/ptolemy/domains/de/test/auto/TwoSigmaDelta.xml
2278 ms. Memory: 386048K Free: 235802K (61%)
----------------- Invoking toplevel() on ptolemy.moml.MoMLSimpleApplication@304a75ab
----------------- Done invoking toplevel() on ptolemy.moml.MoMLSimpleApplication@304a75ab
reloadAllAccessors: .TwoSigmaDelta

===========================================================================================
----------------- testing Sat Aug 31 05:32:19 UTC 2019 /home/travis/build/icyphy/ptII/ptolemy/domains/de/test/auto/VariableDelay.xml
----------------- Instantiating /home/travis/build/icyphy/ptII/ptolemy/domains/de/test/auto/VariableDelay.xml
3 ms. Memory: 386048K Free: 230668K (60%)
----------------- Invoking toplevel() on ptolemy.moml.MoMLSimpleApplication@6f6c0d2e
----------------- Done invoking toplevel() on ptolemy.moml.MoMLSimpleApplication@6f6c0d2e
reloadAllAccessors: .VariableDelay

===========================================================================================
----------------- testing Sat Aug 31 05:32:19 UTC 2019 /home/travis/build/icyphy/ptII/ptolemy/domains/de/test/auto/VariableDelay2.xml
----------------- Instantiating /home/travis/build/icyphy/ptII/ptolemy/domains/de/test/auto/VariableDelay2.xml
1 ms. Memory: 386048K Free: 226076K (59%)
----------------- Invoking toplevel() on ptolemy.moml.MoMLSimpleApplication@6d3c8b4d
----------------- Done invoking toplevel() on ptolemy.moml.MoMLSimpleApplication@6d3c8b4d
reloadAllAccessors: .VariableDelay2

===========================================================================================
----------------- testing Sat Aug 31 05:32:19 UTC 2019 /home/travis/build/icyphy/ptII/ptolemy/domains/de/test/auto/VariableDelayZeroDelay.xml
----------------- Instantiating /home/travis/build/icyphy/ptII/ptolemy/domains/de/test/auto/VariableDelayZeroDelay.xml
4 ms. Memory: 386048K Free: 221980K (58%)
----------------- Invoking toplevel() on ptolemy.moml.MoMLSimpleApplication@13e55c6a
----------------- Done invoking toplevel() on ptolemy.moml.MoMLSimpleApplication@13e55c6a
reloadAllAccessors: .VariableDelayZeroDelay

===========================================================================================
----------------- testing Sat Aug 31 05:32:19 UTC 2019 /home/travis/build/icyphy/ptII/ptolemy/domains/de/test/auto/VariableDelayZeroDelay2.xml
----------------- Instantiating /home/travis/build/icyphy/ptII/ptolemy/domains/de/test/auto/VariableDelayZeroDelay2.xml
2 ms. Memory: 386048K Free: 217884K (56%)
----------------- Invoking toplevel() on ptolemy.moml.MoMLSimpleApplication@6250d396
----------------- Done invoking toplevel() on ptolemy.moml.MoMLSimpleApplication@6250d396
reloadAllAccessors: .VariableDelayZeroDelay2

===========================================================================================
----------------- testing Sat Aug 31 05:32:19 UTC 2019 /home/travis/build/icyphy/ptII/ptolemy/domains/de/test/auto/deInCt.xml
----------------- Instantiating /home/travis/build/icyphy/ptII/ptolemy/domains/de/test/auto/deInCt.xml
0
1
1
1
0
0
0
1
1
1
0
0
0
1
1
1
0
0
0
0
0
0
1
1
1
0
0
0
1
1
1
0
0
0
1
1
1
1
0
0
0
0
10 ms. Memory: 386048K Free: 212764K (55%)
----------------- Invoking toplevel() on ptolemy.moml.MoMLSimpleApplication@19723b0d
----------------- Done invoking toplevel() on ptolemy.moml.MoMLSimpleApplication@19723b0d
reloadAllAccessors: .deInCt

===========================================================================================
----------------- testing Sat Aug 31 05:32:19 UTC 2019 /home/travis/build/icyphy/ptII/ptolemy/domains/de/test/auto/deInCt2.xml
----------------- Instantiating /home/travis/build/icyphy/ptII/ptolemy/domains/de/test/auto/deInCt2.xml
0
1
1
1
0
0
1
1
1
0
0
1
1
1
0
0
1
1
1
0
0
1
1
1
0
0
1
1
1
0
0
1
1
1
0
0
1
1
1
0
0
0
7 ms. Memory: 386048K Free: 207644K (54%)
----------------- Invoking toplevel() on ptolemy.moml.MoMLSimpleApplication@59144bfa
----------------- Done invoking toplevel() on ptolemy.moml.MoMLSimpleApplication@59144bfa
reloadAllAccessors: .deInCt2

===========================================================================================
----------------- testing Sat Aug 31 05:32:19 UTC 2019 /home/travis/build/icyphy/ptII/ptolemy/domains/de/test/auto/dynamicCausalityInterface1.xml
----------------- Instantiating /home/travis/build/icyphy/ptII/ptolemy/domains/de/test/auto/dynamicCausalityInterface1.xml
1 ms. Memory: 386048K Free: 198428K (51%)
----------------- Invoking toplevel() on ptolemy.moml.MoMLSimpleApplication@16e79c52
----------------- Done invoking toplevel() on ptolemy.moml.MoMLSimpleApplication@16e79c52
reloadAllAccessors: .dynamicCausalityInterface1

===========================================================================================
----------------- testing Sat Aug 31 05:32:19 UTC 2019 /home/travis/build/icyphy/ptII/ptolemy/domains/de/test/auto/fsm_de_test.xml
----------------- Instantiating /home/travis/build/icyphy/ptII/ptolemy/domains/de/test/auto/fsm_de_test.xml
5 ms. Memory: 386048K Free: 189212K (49%)
----------------- Invoking toplevel() on ptolemy.moml.MoMLSimpleApplication@67d92762
----------------- Done invoking toplevel() on ptolemy.moml.MoMLSimpleApplication@67d92762
reloadAllAccessors: .fsm_de_test

===========================================================================================
----------------- testing Sat Aug 31 05:32:19 UTC 2019 /home/travis/build/icyphy/ptII/ptolemy/domains/de/test/auto/functionDependencyReconstruction.xml
----------------- Instantiating /home/travis/build/icyphy/ptII/ptolemy/domains/de/test/auto/functionDependencyReconstruction.xml
2 ms. Memory: 386048K Free: 174362K (45%)
----------------- Invoking toplevel() on ptolemy.moml.MoMLSimpleApplication@953b93e
----------------- Done invoking toplevel() on ptolemy.moml.MoMLSimpleApplication@953b93e
reloadAllAccessors: .functionDependencyReconstruction

===========================================================================================
----------------- testing Sat Aug 31 05:32:19 UTC 2019 /home/travis/build/icyphy/ptII/ptolemy/domains/de/test/auto/multirate.xml
----------------- Instantiating /home/travis/build/icyphy/ptII/ptolemy/domains/de/test/auto/multirate.xml
2 ms. Memory: 386048K Free: 167708K (43%)
----------------- Invoking toplevel() on ptolemy.moml.MoMLSimpleApplication@68d2d69
----------------- Done invoking toplevel() on ptolemy.moml.MoMLSimpleApplication@68d2d69
reloadAllAccessors: .multirate

===========================================================================================
----------------- testing Sat Aug 31 05:32:19 UTC 2019 /home/travis/build/icyphy/ptII/ptolemy/domains/de/test/auto/multirate2.xml
----------------- Instantiating /home/travis/build/icyphy/ptII/ptolemy/domains/de/test/auto/multirate2.xml
2 ms. Memory: 386048K Free: 161036K (42%)
----------------- Invoking toplevel() on ptolemy.moml.MoMLSimpleApplication@55962763
----------------- Done invoking toplevel() on ptolemy.moml.MoMLSimpleApplication@55962763
reloadAllAccessors: .multirate2

===========================================================================================
----------------- testing Sat Aug 31 05:32:19 UTC 2019 /home/travis/build/icyphy/ptII/ptolemy/domains/de/test/auto/realtime.xml
----------------- Instantiating /home/travis/build/icyphy/ptII/ptolemy/domains/de/test/auto/realtime.xml
10002 ms. Memory: 386048K Free: 156444K (41%)
----------------- Invoking toplevel() on ptolemy.moml.MoMLSimpleApplication@740248ad
----------------- Done invoking toplevel() on ptolemy.moml.MoMLSimpleApplication@740248ad
reloadAllAccessors: .realtime

===========================================================================================
----------------- testing Sat Aug 31 05:32:29 UTC 2019 /home/travis/build/icyphy/ptII/ptolemy/domains/de/test/auto/relationGroup.xml
----------------- Instantiating /home/travis/build/icyphy/ptII/ptolemy/domains/de/test/auto/relationGroup.xml
1 ms. Memory: 386048K Free: 152858K (40%)
----------------- Invoking toplevel() on ptolemy.moml.MoMLSimpleApplication@35e400ce
----------------- Done invoking toplevel() on ptolemy.moml.MoMLSimpleApplication@35e400ce
reloadAllAccessors: .relationGroup

===========================================================================================
----------------- testing Sat Aug 31 05:32:29 UTC 2019 /home/travis/build/icyphy/ptII/ptolemy/domains/de/test/auto/relationGroup2.xml
----------------- Instantiating /home/travis/build/icyphy/ptII/ptolemy/domains/de/test/auto/relationGroup2.xml
2 ms. Memory: 386048K Free: 149276K (39%)
----------------- Invoking toplevel() on ptolemy.moml.MoMLSimpleApplication@2f5e99e
----------------- Done invoking toplevel() on ptolemy.moml.MoMLSimpleApplication@2f5e99e
reloadAllAccessors: .relationGroup2

===========================================================================================
----------------- testing Sat Aug 31 05:32:29 UTC 2019 /home/travis/build/icyphy/ptII/ptolemy/domains/de/test/auto/sortWithOpaquePorts.xml
----------------- Instantiating /home/travis/build/icyphy/ptII/ptolemy/domains/de/test/auto/sortWithOpaquePorts.xml
2 ms. Memory: 386048K Free: 144636K (37%)
----------------- Invoking toplevel() on ptolemy.moml.MoMLSimpleApplication@19e2d940
----------------- Done invoking toplevel() on ptolemy.moml.MoMLSimpleApplication@19e2d940
reloadAllAccessors: .sortWithOpaquePorts

===========================================================================================
----------------- testing Sat Aug 31 05:32:29 UTC 2019 /home/travis/build/icyphy/ptII/ptolemy/domains/de/test/auto/transferInputsandOutputs.xml
----------------- Instantiating /home/travis/build/icyphy/ptII/ptolemy/domains/de/test/auto/transferInputsandOutputs.xml
2 ms. Memory: 386048K Free: 137498K (36%)
----------------- Invoking toplevel() on ptolemy.moml.MoMLSimpleApplication@73804ac9
----------------- Done invoking toplevel() on ptolemy.moml.MoMLSimpleApplication@73804ac9
reloadAllAccessors: .transferInputsandOutputs

===========================================================================================
----------------- testing Sat Aug 31 05:32:29 UTC 2019 /home/travis/build/icyphy/ptII/ptolemy/domains/de/test/auto/triggerType.xml
----------------- Instantiating /home/travis/build/icyphy/ptII/ptolemy/domains/de/test/auto/triggerType.xml
2 ms. Memory: 386048K Free: 133388K (35%)
----------------- Invoking toplevel() on ptolemy.moml.MoMLSimpleApplication@6da1d0e5
----------------- Done invoking toplevel() on ptolemy.moml.MoMLSimpleApplication@6da1d0e5
reloadAllAccessors: .triggerType
AutoTests.java: About to close Vertx.
AutoTests.java: Vertx closed.
]]></system-out>
  <system-err><![CDATA[java.lang.RuntimeException: Execution failed
	at ptolemy.moml.MoMLSimpleApplication$UnloadThread.run(MoMLSimpleApplication.java:402)
Caused by: ptolemy.kernel.util.IllegalActionException: Found a zero delay loop containing .dependencyLoop.original
  in .dependencyLoop and .dependencyLoop.original
	at ptolemy.actor.util.CausalityInterfaceForComposites._computeOutputPortDepth(CausalityInterfaceForComposites.java:759)
	at ptolemy.actor.util.CausalityInterfaceForComposites._computeInputDepth(CausalityInterfaceForComposites.java:696)
	at ptolemy.actor.util.CausalityInterfaceForComposites._computeOutputPortDepth(CausalityInterfaceForComposites.java:765)
	at ptolemy.actor.util.CausalityInterfaceForComposites._computeInputDepth(CausalityInterfaceForComposites.java:696)
	at ptolemy.actor.util.CausalityInterfaceForComposites._computeOutputPortDepth(CausalityInterfaceForComposites.java:765)
	at ptolemy.actor.util.CausalityInterfaceForComposites._computeInputDepth(CausalityInterfaceForComposites.java:696)
	at ptolemy.actor.util.CausalityInterfaceForComposites._computeActorDepth(CausalityInterfaceForComposites.java:532)
	at ptolemy.actor.util.CausalityInterfaceForComposites.checkForCycles(CausalityInterfaceForComposites.java:96)
	at ptolemy.domains.de.kernel.DEDirector.preinitialize(DEDirector.java:1338)
	at ptolemy.actor.CompositeActor.preinitialize(CompositeActor.java:1828)
	at ptolemy.actor.Manager.preinitializeAndResolveTypes(Manager.java:1040)
	at ptolemy.actor.Manager.initialize(Manager.java:710)
	at ptolemy.actor.Manager.execute(Manager.java:356)
	at ptolemy.actor.Manager.run(Manager.java:1263)
	at ptolemy.actor.Manager$PtolemyRunThread.run(Manager.java:1933)
java.lang.RuntimeException: Execution failed
	at ptolemy.moml.MoMLSimpleApplication$UnloadThread.run(MoMLSimpleApplication.java:402)
Caused by: ptolemy.kernel.util.IllegalActionException: Found a zero delay loop containing .dependencyLoop2.original
  in .dependencyLoop2 and .dependencyLoop2.original
	at ptolemy.actor.util.CausalityInterfaceForComposites._computeOutputPortDepth(CausalityInterfaceForComposites.java:759)
	at ptolemy.actor.util.CausalityInterfaceForComposites._computeInputDepth(CausalityInterfaceForComposites.java:696)
	at ptolemy.actor.util.CausalityInterfaceForComposites._computeOutputPortDepth(CausalityInterfaceForComposites.java:765)
	at ptolemy.actor.util.CausalityInterfaceForComposites._computeInputDepth(CausalityInterfaceForComposites.java:696)
	at ptolemy.actor.util.CausalityInterfaceForComposites._computeOutputPortDepth(CausalityInterfaceForComposites.java:765)
	at ptolemy.actor.util.CausalityInterfaceForComposites._computeInputDepth(CausalityInterfaceForComposites.java:696)
	at ptolemy.actor.util.CausalityInterfaceForComposites._computeActorDepth(CausalityInterfaceForComposites.java:532)
	at ptolemy.actor.util.CausalityInterfaceForComposites.checkForCycles(CausalityInterfaceForComposites.java:96)
	at ptolemy.domains.de.kernel.DEDirector.preinitialize(DEDirector.java:1338)
	at ptolemy.actor.CompositeActor.preinitialize(CompositeActor.java:1828)
	at ptolemy.actor.Manager.preinitializeAndResolveTypes(Manager.java:1040)
	at ptolemy.actor.Manager.initialize(Manager.java:710)
	at ptolemy.actor.Manager.execute(Manager.java:356)
	at ptolemy.actor.Manager.run(Manager.java:1263)
	at ptolemy.actor.Manager$PtolemyRunThread.run(Manager.java:1933)
java.lang.RuntimeException: Execution failed
	at ptolemy.moml.MoMLSimpleApplication$UnloadThread.run(MoMLSimpleApplication.java:402)
Caused by: ptolemy.kernel.util.IllegalActionException: Test fails in iteration 1.
Value was: 1.0. Should have been: 2.0
  in .DirectFeedback.Test
	at ptolemy.actor.lib.Test.fire(Test.java:268)
	at ptolemy.domains.de.kernel.DEDirector._fire(DEDirector.java:1949)
	at ptolemy.domains.de.kernel.DEDirector.fire(DEDirector.java:502)
	at ptolemy.actor.CompositeActor.fire(CompositeActor.java:455)
	at ptolemy.actor.Manager.iterate(Manager.java:851)
	at ptolemy.actor.Manager.execute(Manager.java:369)
	at ptolemy.actor.Manager.run(Manager.java:1263)
	at ptolemy.actor.Manager$PtolemyRunThread.run(Manager.java:1933)
java.lang.RuntimeException: Execution failed
	at ptolemy.moml.MoMLSimpleApplication$UnloadThread.run(MoMLSimpleApplication.java:402)
Caused by: ptolemy.kernel.util.IllegalActionException: Found a zero delay loop containing .dependencyLoop.original
  in .dependencyLoop and .dependencyLoop.original
	at ptolemy.actor.util.CausalityInterfaceForComposites._computeOutputPortDepth(CausalityInterfaceForComposites.java:759)
	at ptolemy.actor.util.CausalityInterfaceForComposites._computeInputDepth(CausalityInterfaceForComposites.java:696)
	at ptolemy.actor.util.CausalityInterfaceForComposites._computeOutputPortDepth(CausalityInterfaceForComposites.java:765)
	at ptolemy.actor.util.CausalityInterfaceForComposites._computeInputDepth(CausalityInterfaceForComposites.java:696)
	at ptolemy.actor.util.CausalityInterfaceForComposites._computeOutputPortDepth(CausalityInterfaceForComposites.java:765)
	at ptolemy.actor.util.CausalityInterfaceForComposites._computeInputDepth(CausalityInterfaceForComposites.java:696)
	at ptolemy.actor.util.CausalityInterfaceForComposites._computeActorDepth(CausalityInterfaceForComposites.java:532)
	at ptolemy.actor.util.CausalityInterfaceForComposites.checkForCycles(CausalityInterfaceForComposites.java:96)
	at ptolemy.domains.de.kernel.DEDirector.preinitialize(DEDirector.java:1338)
	at ptolemy.actor.CompositeActor.preinitialize(CompositeActor.java:1828)
	at ptolemy.actor.Manager.preinitializeAndResolveTypes(Manager.java:1040)
	at ptolemy.actor.Manager.initialize(Manager.java:710)
	at ptolemy.actor.Manager.execute(Manager.java:356)
	at ptolemy.actor.Manager.run(Manager.java:1263)
	at ptolemy.actor.Manager$PtolemyRunThread.run(Manager.java:1933)
java.lang.RuntimeException: Execution failed
	at ptolemy.moml.MoMLSimpleApplication$UnloadThread.run(MoMLSimpleApplication.java:402)
Caused by: ptolemy.kernel.util.IllegalActionException: Found a zero delay loop containing .HierarchicalModel.A
  in .HierarchicalModel and .HierarchicalModel.A
	at ptolemy.actor.util.CausalityInterfaceForComposites._computeOutputPortDepth(CausalityInterfaceForComposites.java:759)
	at ptolemy.actor.util.CausalityInterfaceForComposites._computeInputDepth(CausalityInterfaceForComposites.java:696)
	at ptolemy.actor.util.CausalityInterfaceForComposites._computeOutputPortDepth(CausalityInterfaceForComposites.java:765)
	at ptolemy.actor.util.CausalityInterfaceForComposites._computeInputDepth(CausalityInterfaceForComposites.java:696)
	at ptolemy.actor.util.CausalityInterfaceForComposites._computeOutputPortDepth(CausalityInterfaceForComposites.java:765)
	at ptolemy.actor.util.CausalityInterfaceForComposites._computeInputDepth(CausalityInterfaceForComposites.java:696)
	at ptolemy.actor.util.CausalityInterfaceForComposites._computeActorDepth(CausalityInterfaceForComposites.java:532)
	at ptolemy.actor.util.CausalityInterfaceForComposites.checkForCycles(CausalityInterfaceForComposites.java:96)
	at ptolemy.domains.de.kernel.DEDirector.preinitialize(DEDirector.java:1338)
	at ptolemy.actor.CompositeActor.preinitialize(CompositeActor.java:1828)
	at ptolemy.actor.Manager.preinitializeAndResolveTypes(Manager.java:1040)
	at ptolemy.actor.Manager.initialize(Manager.java:710)
	at ptolemy.actor.Manager.execute(Manager.java:356)
	at ptolemy.actor.Manager.run(Manager.java:1263)
	at ptolemy.actor.Manager$PtolemyRunThread.run(Manager.java:1933)
java.lang.RuntimeException: Execution failed
	at ptolemy.moml.MoMLSimpleApplication$UnloadThread.run(MoMLSimpleApplication.java:402)
Caused by: ptolemy.kernel.util.IllegalActionException: Found a zero delay loop containing .dependencyLoop2.original
  in .dependencyLoop2 and .dependencyLoop2.original
	at ptolemy.actor.util.CausalityInterfaceForComposites._computeOutputPortDepth(CausalityInterfaceForComposites.java:759)
	at ptolemy.actor.util.CausalityInterfaceForComposites._computeInputDepth(CausalityInterfaceForComposites.java:696)
	at ptolemy.actor.util.CausalityInterfaceForComposites._computeOutputPortDepth(CausalityInterfaceForComposites.java:765)
	at ptolemy.actor.util.CausalityInterfaceForComposites._computeInputDepth(CausalityInterfaceForComposites.java:696)
	at ptolemy.actor.util.CausalityInterfaceForComposites._computeOutputPortDepth(CausalityInterfaceForComposites.java:765)
	at ptolemy.actor.util.CausalityInterfaceForComposites._computeInputDepth(CausalityInterfaceForComposites.java:696)
	at ptolemy.actor.util.CausalityInterfaceForComposites._computeActorDepth(CausalityInterfaceForComposites.java:532)
	at ptolemy.actor.util.CausalityInterfaceForComposites.checkForCycles(CausalityInterfaceForComposites.java:96)
	at ptolemy.domains.de.kernel.DEDirector.preinitialize(DEDirector.java:1338)
	at ptolemy.actor.CompositeActor.preinitialize(CompositeActor.java:1828)
	at ptolemy.actor.Manager.preinitializeAndResolveTypes(Manager.java:1040)
	at ptolemy.actor.Manager.initialize(Manager.java:710)
	at ptolemy.actor.Manager.execute(Manager.java:356)
	at ptolemy.actor.Manager.run(Manager.java:1263)
	at ptolemy.actor.Manager$PtolemyRunThread.run(Manager.java:1933)
java.lang.RuntimeException: Execution failed
	at ptolemy.moml.MoMLSimpleApplication$UnloadThread.run(MoMLSimpleApplication.java:402)
Caused by: ptolemy.kernel.util.IllegalActionException: Actor is not ready to fire.  Perhaps UpSample.prefire() returned false? Try debugging the actor by selecting "Listen to Actor".  Also, for SDF check moml for tokenConsumptionRate on input.
  in .DESDFClockTest.Play Bell.Copy1:SDF Director and .DESDFClockTest.Play Bell.UpSample
	at ptolemy.actor.sched.StaticSchedulingDirector.fire(StaticSchedulingDirector.java:227)
	at ptolemy.domains.sdf.kernel.SDFDirector.fire(SDFDirector.java:500)
	at ptolemy.actor.CompositeActor.fire(CompositeActor.java:455)
	at ptolemy.domains.de.kernel.DEDirector._fire(DEDirector.java:1949)
	at ptolemy.domains.de.kernel.DEDirector.fire(DEDirector.java:502)
	at ptolemy.actor.CompositeActor.fire(CompositeActor.java:455)
	at ptolemy.actor.Manager.iterate(Manager.java:851)
	at ptolemy.actor.Manager.execute(Manager.java:369)
	at ptolemy.actor.Manager.run(Manager.java:1263)
	at ptolemy.actor.Manager$PtolemyRunThread.run(Manager.java:1933)
java.lang.RuntimeException: Execution failed
	at ptolemy.moml.MoMLSimpleApplication$UnloadThread.run(MoMLSimpleApplication.java:402)
Caused by: ptolemy.kernel.util.IllegalActionException: Actor is not ready to fire.  Perhaps UpSample.prefire() returned false? Try debugging the actor by selecting "Listen to Actor".  Also, for SDF check moml for tokenConsumptionRate on input.
  in .DESDFClockTest.Play Bell.Copy1:SDF Director and .DESDFClockTest.Play Bell.UpSample
	at ptolemy.actor.sched.StaticSchedulingDirector.fire(StaticSchedulingDirector.java:227)
	at ptolemy.domains.sdf.kernel.SDFDirector.fire(SDFDirector.java:500)
	at ptolemy.actor.CompositeActor.fire(CompositeActor.java:455)
	at ptolemy.domains.de.kernel.DEDirector._fire(DEDirector.java:1949)
	at ptolemy.domains.de.kernel.DEDirector.fire(DEDirector.java:502)
	at ptolemy.actor.CompositeActor.fire(CompositeActor.java:455)
	at ptolemy.actor.Manager.iterate(Manager.java:851)
	at ptolemy.actor.Manager.execute(Manager.java:369)
	at ptolemy.actor.Manager.run(Manager.java:1263)
	at ptolemy.actor.Manager$PtolemyRunThread.run(Manager.java:1933)
java.lang.reflect.InvocationTargetException
	at java.base/jdk.internal.reflect.NativeConstructorAccessorImpl.newInstance0(Native Method)
	at java.base/jdk.internal.reflect.NativeConstructorAccessorImpl.newInstance(NativeConstructorAccessorImpl.java:62)
	at java.base/jdk.internal.reflect.DelegatingConstructorAccessorImpl.newInstance(DelegatingConstructorAccessorImpl.java:45)
	at java.base/java.lang.reflect.Constructor.newInstance(Constructor.java:490)
	at ptolemy.util.test.junit.AutoKnownFailedTests.RunModel(AutoKnownFailedTests.java:105)
	at java.base/jdk.internal.reflect.NativeMethodAccessorImpl.invoke0(Native Method)
	at java.base/jdk.internal.reflect.NativeMethodAccessorImpl.invoke(NativeMethodAccessorImpl.java:62)
	at java.base/jdk.internal.reflect.DelegatingMethodAccessorImpl.invoke(DelegatingMethodAccessorImpl.java:43)
	at java.base/java.lang.reflect.Method.invoke(Method.java:566)
	at org.junit.runners.model.FrameworkMethod$1.runReflectiveCall(FrameworkMethod.java:44)
	at org.junit.internal.runners.model.ReflectiveCallable.run(ReflectiveCallable.java:15)
	at org.junit.runners.model.FrameworkMethod.invokeExplosively(FrameworkMethod.java:41)
	at junitparams.internal.InvokeParameterisedMethod.evaluate(InvokeParameterisedMethod.java:102)
	at org.junit.internal.runners.statements.FailOnTimeout$1.run(FailOnTimeout.java:28)
Caused by: ptolemy.kernel.util.IllegalActionException: Actor is not ready to fire.  Perhaps UpSample.prefire() returned false? Try debugging the actor by selecting "Listen to Actor".  Also, for SDF check moml for tokenConsumptionRate on input.
  in .DESDFClockTest.Play Bell.Copy1:SDF Director and .DESDFClockTest.Play Bell.UpSample
	at ptolemy.actor.sched.StaticSchedulingDirector.fire(StaticSchedulingDirector.java:227)
	at ptolemy.domains.sdf.kernel.SDFDirector.fire(SDFDirector.java:500)
	at ptolemy.actor.CompositeActor.fire(CompositeActor.java:455)
	at ptolemy.domains.de.kernel.DEDirector._fire(DEDirector.java:1949)
	at ptolemy.domains.de.kernel.DEDirector.fire(DEDirector.java:502)
	at ptolemy.actor.CompositeActor.fire(CompositeActor.java:455)
	at ptolemy.actor.Manager.iterate(Manager.java:851)
	at ptolemy.actor.Manager.execute(Manager.java:369)
	at ptolemy.actor.Manager.run(Manager.java:1263)
	at ptolemy.actor.Manager$PtolemyRunThread.run(Manager.java:1933)
java.lang.RuntimeException: Execution failed
	at ptolemy.moml.MoMLSimpleApplication$UnloadThread.run(MoMLSimpleApplication.java:402)
Caused by: ptolemy.kernel.util.IllegalActionException: Test fails in iteration 1.
Value was: 1.0. Should have been: 2.0
  in .DirectFeedback.Test
	at ptolemy.actor.lib.Test.fire(Test.java:268)
	at ptolemy.domains.de.kernel.DEDirector._fire(DEDirector.java:1949)
	at ptolemy.domains.de.kernel.DEDirector.fire(DEDirector.java:502)
	at ptolemy.actor.CompositeActor.fire(CompositeActor.java:455)
	at ptolemy.actor.Manager.iterate(Manager.java:851)
	at ptolemy.actor.Manager.execute(Manager.java:369)
	at ptolemy.actor.Manager.run(Manager.java:1263)
	at ptolemy.actor.Manager$PtolemyRunThread.run(Manager.java:1933)
java.lang.reflect.InvocationTargetException
	at java.base/jdk.internal.reflect.NativeConstructorAccessorImpl.newInstance0(Native Method)
	at java.base/jdk.internal.reflect.NativeConstructorAccessorImpl.newInstance(NativeConstructorAccessorImpl.java:62)
	at java.base/jdk.internal.reflect.DelegatingConstructorAccessorImpl.newInstance(DelegatingConstructorAccessorImpl.java:45)
	at java.base/java.lang.reflect.Constructor.newInstance(Constructor.java:490)
	at ptolemy.util.test.junit.AutoKnownFailedTests.RunModel(AutoKnownFailedTests.java:105)
	at java.base/jdk.internal.reflect.NativeMethodAccessorImpl.invoke0(Native Method)
	at java.base/jdk.internal.reflect.NativeMethodAccessorImpl.invoke(NativeMethodAccessorImpl.java:62)
	at java.base/jdk.internal.reflect.DelegatingMethodAccessorImpl.invoke(DelegatingMethodAccessorImpl.java:43)
	at java.base/java.lang.reflect.Method.invoke(Method.java:566)
	at org.junit.runners.model.FrameworkMethod$1.runReflectiveCall(FrameworkMethod.java:44)
	at org.junit.internal.runners.model.ReflectiveCallable.run(ReflectiveCallable.java:15)
	at org.junit.runners.model.FrameworkMethod.invokeExplosively(FrameworkMethod.java:41)
	at junitparams.internal.InvokeParameterisedMethod.evaluate(InvokeParameterisedMethod.java:102)
	at org.junit.internal.runners.statements.FailOnTimeout$1.run(FailOnTimeout.java:28)
Caused by: ptolemy.kernel.util.IllegalActionException: Test fails in iteration 1.
Value was: 1.0. Should have been: 2.0
  in .DirectFeedback.Test
	at ptolemy.actor.lib.Test.fire(Test.java:268)
	at ptolemy.domains.de.kernel.DEDirector._fire(DEDirector.java:1949)
	at ptolemy.domains.de.kernel.DEDirector.fire(DEDirector.java:502)
	at ptolemy.actor.CompositeActor.fire(CompositeActor.java:455)
	at ptolemy.actor.Manager.iterate(Manager.java:851)
	at ptolemy.actor.Manager.execute(Manager.java:369)
	at ptolemy.actor.Manager.run(Manager.java:1263)
	at ptolemy.actor.Manager$PtolemyRunThread.run(Manager.java:1933)
java.lang.RuntimeException: Execution failed
	at ptolemy.moml.MoMLSimpleApplication$UnloadThread.run(MoMLSimpleApplication.java:402)
Caused by: ptolemy.kernel.util.IllegalActionException: Found a zero delay loop containing .HierarchicalModel.A
  in .HierarchicalModel and .HierarchicalModel.A
	at ptolemy.actor.util.CausalityInterfaceForComposites._computeOutputPortDepth(CausalityInterfaceForComposites.java:759)
	at ptolemy.actor.util.CausalityInterfaceForComposites._computeInputDepth(CausalityInterfaceForComposites.java:696)
	at ptolemy.actor.util.CausalityInterfaceForComposites._computeOutputPortDepth(CausalityInterfaceForComposites.java:765)
	at ptolemy.actor.util.CausalityInterfaceForComposites._computeInputDepth(CausalityInterfaceForComposites.java:696)
	at ptolemy.actor.util.CausalityInterfaceForComposites._computeOutputPortDepth(CausalityInterfaceForComposites.java:765)
	at ptolemy.actor.util.CausalityInterfaceForComposites._computeInputDepth(CausalityInterfaceForComposites.java:696)
	at ptolemy.actor.util.CausalityInterfaceForComposites._computeActorDepth(CausalityInterfaceForComposites.java:532)
	at ptolemy.actor.util.CausalityInterfaceForComposites.checkForCycles(CausalityInterfaceForComposites.java:96)
	at ptolemy.domains.de.kernel.DEDirector.preinitialize(DEDirector.java:1338)
	at ptolemy.actor.CompositeActor.preinitialize(CompositeActor.java:1828)
	at ptolemy.actor.Manager.preinitializeAndResolveTypes(Manager.java:1040)
	at ptolemy.actor.Manager.initialize(Manager.java:710)
	at ptolemy.actor.Manager.execute(Manager.java:356)
	at ptolemy.actor.Manager.run(Manager.java:1263)
	at ptolemy.actor.Manager$PtolemyRunThread.run(Manager.java:1933)
java.lang.reflect.InvocationTargetException
	at java.base/jdk.internal.reflect.NativeConstructorAccessorImpl.newInstance0(Native Method)
	at java.base/jdk.internal.reflect.NativeConstructorAccessorImpl.newInstance(NativeConstructorAccessorImpl.java:62)
	at java.base/jdk.internal.reflect.DelegatingConstructorAccessorImpl.newInstance(DelegatingConstructorAccessorImpl.java:45)
	at java.base/java.lang.reflect.Constructor.newInstance(Constructor.java:490)
	at ptolemy.util.test.junit.AutoKnownFailedTests.RunModel(AutoKnownFailedTests.java:105)
	at java.base/jdk.internal.reflect.NativeMethodAccessorImpl.invoke0(Native Method)
	at java.base/jdk.internal.reflect.NativeMethodAccessorImpl.invoke(NativeMethodAccessorImpl.java:62)
	at java.base/jdk.internal.reflect.DelegatingMethodAccessorImpl.invoke(DelegatingMethodAccessorImpl.java:43)
	at java.base/java.lang.reflect.Method.invoke(Method.java:566)
	at org.junit.runners.model.FrameworkMethod$1.runReflectiveCall(FrameworkMethod.java:44)
	at org.junit.internal.runners.model.ReflectiveCallable.run(ReflectiveCallable.java:15)
	at org.junit.runners.model.FrameworkMethod.invokeExplosively(FrameworkMethod.java:41)
	at junitparams.internal.InvokeParameterisedMethod.evaluate(InvokeParameterisedMethod.java:102)
	at org.junit.internal.runners.statements.FailOnTimeout$1.run(FailOnTimeout.java:28)
Caused by: ptolemy.kernel.util.IllegalActionException: Found a zero delay loop containing .HierarchicalModel.A
  in .HierarchicalModel and .HierarchicalModel.A
	at ptolemy.actor.util.CausalityInterfaceForComposites._computeOutputPortDepth(CausalityInterfaceForComposites.java:759)
	at ptolemy.actor.util.CausalityInterfaceForComposites._computeInputDepth(CausalityInterfaceForComposites.java:696)
	at ptolemy.actor.util.CausalityInterfaceForComposites._computeOutputPortDepth(CausalityInterfaceForComposites.java:765)
	at ptolemy.actor.util.CausalityInterfaceForComposites._computeInputDepth(CausalityInterfaceForComposites.java:696)
	at ptolemy.actor.util.CausalityInterfaceForComposites._computeOutputPortDepth(CausalityInterfaceForComposites.java:765)
	at ptolemy.actor.util.CausalityInterfaceForComposites._computeInputDepth(CausalityInterfaceForComposites.java:696)
	at ptolemy.actor.util.CausalityInterfaceForComposites._computeActorDepth(CausalityInterfaceForComposites.java:532)
	at ptolemy.actor.util.CausalityInterfaceForComposites.checkForCycles(CausalityInterfaceForComposites.java:96)
	at ptolemy.domains.de.kernel.DEDirector.preinitialize(DEDirector.java:1338)
	at ptolemy.actor.CompositeActor.preinitialize(CompositeActor.java:1828)
	at ptolemy.actor.Manager.preinitializeAndResolveTypes(Manager.java:1040)
	at ptolemy.actor.Manager.initialize(Manager.java:710)
	at ptolemy.actor.Manager.execute(Manager.java:356)
	at ptolemy.actor.Manager.run(Manager.java:1263)
	at ptolemy.actor.Manager$PtolemyRunThread.run(Manager.java:1933)
java.lang.RuntimeException: Execution failed
	at ptolemy.moml.MoMLSimpleApplication$UnloadThread.run(MoMLSimpleApplication.java:402)
Caused by: ptolemy.kernel.util.IllegalActionException: Found a zero delay loop containing .dependencyLoop.original
  in .dependencyLoop and .dependencyLoop.original
	at ptolemy.actor.util.CausalityInterfaceForComposites._computeOutputPortDepth(CausalityInterfaceForComposites.java:759)
	at ptolemy.actor.util.CausalityInterfaceForComposites._computeInputDepth(CausalityInterfaceForComposites.java:696)
	at ptolemy.actor.util.CausalityInterfaceForComposites._computeOutputPortDepth(CausalityInterfaceForComposites.java:765)
	at ptolemy.actor.util.CausalityInterfaceForComposites._computeInputDepth(CausalityInterfaceForComposites.java:696)
	at ptolemy.actor.util.CausalityInterfaceForComposites._computeOutputPortDepth(CausalityInterfaceForComposites.java:765)
	at ptolemy.actor.util.CausalityInterfaceForComposites._computeInputDepth(CausalityInterfaceForComposites.java:696)
	at ptolemy.actor.util.CausalityInterfaceForComposites._computeActorDepth(CausalityInterfaceForComposites.java:532)
	at ptolemy.actor.util.CausalityInterfaceForComposites.checkForCycles(CausalityInterfaceForComposites.java:96)
	at ptolemy.domains.de.kernel.DEDirector.preinitialize(DEDirector.java:1338)
	at ptolemy.actor.CompositeActor.preinitialize(CompositeActor.java:1828)
	at ptolemy.actor.Manager.preinitializeAndResolveTypes(Manager.java:1040)
	at ptolemy.actor.Manager.initialize(Manager.java:710)
	at ptolemy.actor.Manager.execute(Manager.java:356)
	at ptolemy.actor.Manager.run(Manager.java:1263)
	at ptolemy.actor.Manager$PtolemyRunThread.run(Manager.java:1933)
java.lang.reflect.InvocationTargetException
	at java.base/jdk.internal.reflect.NativeConstructorAccessorImpl.newInstance0(Native Method)
	at java.base/jdk.internal.reflect.NativeConstructorAccessorImpl.newInstance(NativeConstructorAccessorImpl.java:62)
	at java.base/jdk.internal.reflect.DelegatingConstructorAccessorImpl.newInstance(DelegatingConstructorAccessorImpl.java:45)
	at java.base/java.lang.reflect.Constructor.newInstance(Constructor.java:490)
	at ptolemy.util.test.junit.AutoKnownFailedTests.RunModel(AutoKnownFailedTests.java:105)
	at java.base/jdk.internal.reflect.NativeMethodAccessorImpl.invoke0(Native Method)
	at java.base/jdk.internal.reflect.NativeMethodAccessorImpl.invoke(NativeMethodAccessorImpl.java:62)
	at java.base/jdk.internal.reflect.DelegatingMethodAccessorImpl.invoke(DelegatingMethodAccessorImpl.java:43)
	at java.base/java.lang.reflect.Method.invoke(Method.java:566)
	at org.junit.runners.model.FrameworkMethod$1.runReflectiveCall(FrameworkMethod.java:44)
	at org.junit.internal.runners.model.ReflectiveCallable.run(ReflectiveCallable.java:15)
	at org.junit.runners.model.FrameworkMethod.invokeExplosively(FrameworkMethod.java:41)
	at junitparams.internal.InvokeParameterisedMethod.evaluate(InvokeParameterisedMethod.java:102)
	at org.junit.internal.runners.statements.FailOnTimeout$1.run(FailOnTimeout.java:28)
Caused by: ptolemy.kernel.util.IllegalActionException: Found a zero delay loop containing .dependencyLoop.original
  in .dependencyLoop and .dependencyLoop.original
	at ptolemy.actor.util.CausalityInterfaceForComposites._computeOutputPortDepth(CausalityInterfaceForComposites.java:759)
	at ptolemy.actor.util.CausalityInterfaceForComposites._computeInputDepth(CausalityInterfaceForComposites.java:696)
	at ptolemy.actor.util.CausalityInterfaceForComposites._computeOutputPortDepth(CausalityInterfaceForComposites.java:765)
	at ptolemy.actor.util.CausalityInterfaceForComposites._computeInputDepth(CausalityInterfaceForComposites.java:696)
	at ptolemy.actor.util.CausalityInterfaceForComposites._computeOutputPortDepth(CausalityInterfaceForComposites.java:765)
	at ptolemy.actor.util.CausalityInterfaceForComposites._computeInputDepth(CausalityInterfaceForComposites.java:696)
	at ptolemy.actor.util.CausalityInterfaceForComposites._computeActorDepth(CausalityInterfaceForComposites.java:532)
	at ptolemy.actor.util.CausalityInterfaceForComposites.checkForCycles(CausalityInterfaceForComposites.java:96)
	at ptolemy.domains.de.kernel.DEDirector.preinitialize(DEDirector.java:1338)
	at ptolemy.actor.CompositeActor.preinitialize(CompositeActor.java:1828)
	at ptolemy.actor.Manager.preinitializeAndResolveTypes(Manager.java:1040)
	at ptolemy.actor.Manager.initialize(Manager.java:710)
	at ptolemy.actor.Manager.execute(Manager.java:356)
	at ptolemy.actor.Manager.run(Manager.java:1263)
	at ptolemy.actor.Manager$PtolemyRunThread.run(Manager.java:1933)
java.lang.RuntimeException: Execution failed
	at ptolemy.moml.MoMLSimpleApplication$UnloadThread.run(MoMLSimpleApplication.java:402)
Caused by: ptolemy.kernel.util.IllegalActionException: Found a zero delay loop containing .dependencyLoop2.original
  in .dependencyLoop2 and .dependencyLoop2.original
	at ptolemy.actor.util.CausalityInterfaceForComposites._computeOutputPortDepth(CausalityInterfaceForComposites.java:759)
	at ptolemy.actor.util.CausalityInterfaceForComposites._computeInputDepth(CausalityInterfaceForComposites.java:696)
	at ptolemy.actor.util.CausalityInterfaceForComposites._computeOutputPortDepth(CausalityInterfaceForComposites.java:765)
	at ptolemy.actor.util.CausalityInterfaceForComposites._computeInputDepth(CausalityInterfaceForComposites.java:696)
	at ptolemy.actor.util.CausalityInterfaceForComposites._computeOutputPortDepth(CausalityInterfaceForComposites.java:765)
	at ptolemy.actor.util.CausalityInterfaceForComposites._computeInputDepth(CausalityInterfaceForComposites.java:696)
	at ptolemy.actor.util.CausalityInterfaceForComposites._computeActorDepth(CausalityInterfaceForComposites.java:532)
	at ptolemy.actor.util.CausalityInterfaceForComposites.checkForCycles(CausalityInterfaceForComposites.java:96)
	at ptolemy.domains.de.kernel.DEDirector.preinitialize(DEDirector.java:1338)
	at ptolemy.actor.CompositeActor.preinitialize(CompositeActor.java:1828)
	at ptolemy.actor.Manager.preinitializeAndResolveTypes(Manager.java:1040)
	at ptolemy.actor.Manager.initialize(Manager.java:710)
	at ptolemy.actor.Manager.execute(Manager.java:356)
	at ptolemy.actor.Manager.run(Manager.java:1263)
	at ptolemy.actor.Manager$PtolemyRunThread.run(Manager.java:1933)
java.lang.reflect.InvocationTargetException
	at java.base/jdk.internal.reflect.NativeConstructorAccessorImpl.newInstance0(Native Method)
	at java.base/jdk.internal.reflect.NativeConstructorAccessorImpl.newInstance(NativeConstructorAccessorImpl.java:62)
	at java.base/jdk.internal.reflect.DelegatingConstructorAccessorImpl.newInstance(DelegatingConstructorAccessorImpl.java:45)
	at java.base/java.lang.reflect.Constructor.newInstance(Constructor.java:490)
	at ptolemy.util.test.junit.AutoKnownFailedTests.RunModel(AutoKnownFailedTests.java:105)
	at java.base/jdk.internal.reflect.NativeMethodAccessorImpl.invoke0(Native Method)
	at java.base/jdk.internal.reflect.NativeMethodAccessorImpl.invoke(NativeMethodAccessorImpl.java:62)
	at java.base/jdk.internal.reflect.DelegatingMethodAccessorImpl.invoke(DelegatingMethodAccessorImpl.java:43)
	at java.base/java.lang.reflect.Method.invoke(Method.java:566)
	at org.junit.runners.model.FrameworkMethod$1.runReflectiveCall(FrameworkMethod.java:44)
	at org.junit.internal.runners.model.ReflectiveCallable.run(ReflectiveCallable.java:15)
	at org.junit.runners.model.FrameworkMethod.invokeExplosively(FrameworkMethod.java:41)
	at junitparams.internal.InvokeParameterisedMethod.evaluate(InvokeParameterisedMethod.java:102)
	at org.junit.internal.runners.statements.FailOnTimeout$1.run(FailOnTimeout.java:28)
Caused by: ptolemy.kernel.util.IllegalActionException: Found a zero delay loop containing .dependencyLoop2.original
  in .dependencyLoop2 and .dependencyLoop2.original
	at ptolemy.actor.util.CausalityInterfaceForComposites._computeOutputPortDepth(CausalityInterfaceForComposites.java:759)
	at ptolemy.actor.util.CausalityInterfaceForComposites._computeInputDepth(CausalityInterfaceForComposites.java:696)
	at ptolemy.actor.util.CausalityInterfaceForComposites._computeOutputPortDepth(CausalityInterfaceForComposites.java:765)
	at ptolemy.actor.util.CausalityInterfaceForComposites._computeInputDepth(CausalityInterfaceForComposites.java:696)
	at ptolemy.actor.util.CausalityInterfaceForComposites._computeOutputPortDepth(CausalityInterfaceForComposites.java:765)
	at ptolemy.actor.util.CausalityInterfaceForComposites._computeInputDepth(CausalityInterfaceForComposites.java:696)
	at ptolemy.actor.util.CausalityInterfaceForComposites._computeActorDepth(CausalityInterfaceForComposites.java:532)
	at ptolemy.actor.util.CausalityInterfaceForComposites.checkForCycles(CausalityInterfaceForComposites.java:96)
	at ptolemy.domains.de.kernel.DEDirector.preinitialize(DEDirector.java:1338)
	at ptolemy.actor.CompositeActor.preinitialize(CompositeActor.java:1828)
	at ptolemy.actor.Manager.preinitializeAndResolveTypes(Manager.java:1040)
	at ptolemy.actor.Manager.initialize(Manager.java:710)
	at ptolemy.actor.Manager.execute(Manager.java:356)
	at ptolemy.actor.Manager.run(Manager.java:1263)
	at ptolemy.actor.Manager$PtolemyRunThread.run(Manager.java:1933)
]]></system-err>
</testsuite>
