<?xml version="1.0" encoding="UTF-8" ?>
<testsuite errors="0" failures="0" hostname="travis-job-b23ada21-8ff2-40fc-9406-c23a637a09a8" name="ptolemy.domains.de.test.junit.JUnitTclTest" skipped="0" tests="101" time="129.521" timestamp="2019-04-18T04:29:22">
  <properties>
    <property name="npm.executable" value="npm" />
    <property name="file.encoding.pkg" value="sun.io" />
    <property name="env.TRAVIS_ROOT" value="/" />
    <property name="ptII.mk.exists" value="true" />
    <property name="env.TRAVIS_APP_HOST" value="build.travis-ci.org" />
    <property name="env.rvm_bin_path" value="/home/travis/.rvm/bin" />
    <property name="java.home" value="/usr/lib/jvm/java-8-oracle/jre" />
    <property name="env.TRAVIS_JOB_NUMBER" value="1093.9" />
    <property name="env.TRAVIS_HOME" value="/home/travis" />
    <property name="env.DISPLAY" value=":99.0" />
    <property name="java.net.preferIPv4Stack" value="true" />
    <property name="env.TRAVIS_INIT" value="upstart" />
    <property name="env.SSH_TTY" value="/dev/pts/0" />
    <property name="env.RUN_TESTS" value="true" />
    <property name="timeout.short" value="1000000" />
    <property name="env.TRAVIS_JOB_NAME" value="" />
    <property name="env.TRAVIS_STACK_NODE_ATTRIBUTES" value="/.node-attributes.yml" />
    <property name="junit.formatter" value="xml" />
    <property name="java.endorsed.dirs" value="/usr/lib/jvm/java-8-oracle/jre/lib/endorsed" />
    <property name="env.TRAVIS_SUDO" value="true" />
    <property name="env.LOGNAME" value="travis" />
    <property name="jsdoc.home" value="node_modules/@terraswarm/jsdoc" />
    <property name="debuglevel" value="source,lines,vars" />
    <property name="checkstyle.formatter" value="xml" />
    <property name="bin.vergil.makeable" value="true" />
    <property name="env._system_version" value="14.04" />
    <property name="sun.os.patch.level" value="unknown" />
    <property name="java.vendor.url" value="http://java.oracle.com/" />
    <property name="env.TRAVIS_BUILD_WEB_URL" value="https://travis-ci.org/icyphy/ptII/builds/521542909" />
    <property name="java.version" value="1.8.0_151" />
    <property name="env.TZ" value="UTC" />
    <property name="env.PT_NO_NET" value="true" />
    <property name="env.TRAVIS_PULL_REQUEST_SHA" value="" />
    <property name="env.TRAVIS_SECURE_ENV_VARS" value="true" />
    <property name="env._system_type" value="Linux" />
    <property name="java.vendor.url.bug" value="http://bugreport.sun.com/bugreport/" />
    <property name="env.SSH_CLIENT" value="10.10.4.79 39928 22" />
    <property name="npmjs-org-is-up" value="true" />
    <property name="env.GEM_HOME" value="/home/travis/.rvm/gems/ruby-2.4.1" />
    <property name="env.HAS_ANTARES_THREE_LITTLE_FRONZIES_BADGE" value="true" />
    <property name="env.PS4" value="+" />
    <property name="ant.project.invoked-targets" value="build,test.core2.xml" />
    <property name="env.TRAVIS_PULL_REQUEST_BRANCH" value="" />
    <property name="env.TRAVIS_REPO_SLUG" value="icyphy/ptII" />
    <property name="env.TRAVIS_APT_PROXY" value="http://build-cache.travisci.net" />
    <property name="node.in.path" value="true" />
    <property name="java.maxmemory" value="1400m" />
    <property name="env.RUBY_VERSION" value="ruby-2.4.1" />
    <property name="user.name" value="travis" />
    <property name="env.LANG" value="en_US.UTF-8" />
    <property name="sun.io.unicode.encoding" value="UnicodeLittle" />
    <property name="sun.jnu.encoding" value="UTF-8" />
    <property name="java.runtime.name" value="Java(TM) SE Runtime Environment" />
    <property name="usefile" value="false" />
    <property name="return.code" value="0" />
    <property name="junit.single.formatter" value="plain" />
    <property name="env.DYLD_LIBRARY_PATH" value="/home/travis/pthla/certi-tools/lib:" />
    <property name="env.DEBIAN_FRONTEND" value="noninteractive" />
    <property name="env.SSH_CONNECTION" value="10.10.4.79 39928 10.20.1.204 22" />
    <property name="env.MYSQL_UNIX_PORT" value="/var/run/mysqld/mysqld.sock" />
    <property name="env.TRAVIS_ALLOW_FAILURE" value="false" />
    <property name="env.LC_ALL" value="en_US.UTF-8" />
    <property name="env.TRAVIS_JOB_WEB_URL" value="https://travis-ci.org/icyphy/ptII/jobs/521542918" />
    <property name="java.specification.name" value="Java Platform API Specification" />
    <property name="node.works" value="true" />
    <property name="user.timezone" value="" />
    <property name="path.separator" value=":" />
    <property name="env.TRAVIS_ENABLE_INFRA_DETECTION" value="true" />
    <property name="env.PYTHON_CFLAGS" value="-g -fstack-protector --param=ssp-buffer-size=4 -Wformat -Werror=format-security" />
    <property name="timeout.long" value="4000000" />
    <property name="env.CERTI_HOME" value="/home/travis/pthla/certi-tools" />
    <property name="file.encoding" value="UTF-8" />
    <property name="ant.file.ptII" value="/home/travis/build/icyphy/ptII/build.xml" />
    <property name="javadoc.packagenames" value="com.*,diva.*,lbnl.*,org.hlacerti.*,org.json.*,org.ptolemy.*,org.terraswarm.*,ptolemy.*,ptserver.*" />
    <property name="env.TRAVIS_PULL_REQUEST_SLUG" value="" />
    <property name="ant.project.default-target" value="build" />
    <property name="env.GIT_ASKPASS" value="echo" />
    <property name="env.HOME" value="/home/travis" />
    <property name="sun.java.command" value="org.apache.tools.ant.taskdefs.optional.junit.JUnitTestRunner ptolemy.domains.de.test.junit.JUnitTclTest skipNonTests=false filtertrace=true haltOnError=false haltOnFailure=false formatter=org.apache.tools.ant.taskdefs.optional.junit.OutErrSummaryJUnitResultFormatter showoutput=true outputtoformatters=true logfailedtests=true threadid=0 logtestlistenerevents=false formatter=org.apache.tools.ant.taskdefs.optional.junit.XMLJUnitResultFormatter,/home/travis/build/icyphy/ptII/reports/junit/TEST-ptolemy.domains.de.test.junit.JUnitTclTest.xml crashfile=/home/travis/build/icyphy/ptII/junitvmwatcher2689144639843082424.properties propsfile=/home/travis/build/icyphy/ptII/junit995854382492958439.properties" />
    <property name="env.MANPATH" value="/home/travis/.nvm/versions/node/v7.10.1/share/man:/home/travis/.kiex/elixirs/elixir-1.4.5/man:/home/travis/.rvm/rubies/ruby-2.4.1/share/man:/usr/local/man:/usr/local/cmake-3.9.2/man:/usr/local/clang-5.0.0/share/man:/usr/local/share/man:/usr/share/man:/home/travis/.rvm/man" />
    <property name="env.COMPOSER_NO_INTERACTION" value="1" />
    <property name="env.JDK_SWITCHER_DEFAULT" value="oraclejdk8" />
    <property name="env.TRAVIS_TIMER_ID" value="092b03b4" />
    <property name="ant.file" value="/home/travis/build/icyphy/ptII/build.xml" />
    <property name="env.TRAVIS_COMMIT_RANGE" value="3d6a7c638f166608a27885e62bff14e707681c86...45a395352d464eed1eb0f8bdc087b807cbfe8a46" />
    <property name="env._system_name" value="Ubuntu" />
    <property name="timeout" value="2400000" />
    <property name="ptII.classpath.optional.property" value="/home/travis/build/icyphy/ptII/lib/bsh-2.0b4.jar:/home/travis/build/icyphy/ptII/lib/ptCal.jar:/home/travis/build/icyphy/ptII/lib/java_cup.jar:/home/travis/build/icyphy/ptII/lib/saxon8.jar:/home/travis/build/icyphy/ptII/lib/saxon8-dom.jar:/home/travis/build/icyphy/ptII/lib/chic.jar:/home/travis/build/icyphy/ptII/lib/ptcolt.jar:/usr/lib/jvm/java-8-oracle/lib/tools.jar:/home/travis/build/icyphy/ptII/vendors/misc/itext/iText.jar:/home/travis/build/icyphy/ptII/lib/g4ltl.jar:/home/travis/build/icyphy/ptII/lib/StructuralCoder.jar:/home/travis/build/icyphy/ptII/vendors/jai-1_1_2_01/lib/jai_core.jar:/home/travis/build/icyphy/ptII/vendors/jai-1_1_2_01/lib/jai_codec.jar:/home/travis/build/icyphy/ptII/lib/jcerti.jar:/home/travis/build/icyphy/ptII/lib/javax.mail.jar:/home/travis/build/icyphy/ptII/vendors/JMF-2.1.1e/lib/jmf.jar:/home/travis/build/icyphy/ptII/lib/jna-4.0.0-variadic.jar:/home/travis/build/icyphy/ptII/vendors/misc/joystick/Joystick.jar:/home/travis/build/icyphy/ptII/lib/ptjacl.jar:/home/travis/build/icyphy/ptII/lib/jsoup-1.8.2.jar:/home/travis/build/icyphy/ptII/lib/junit-4.8.2.jar:/home/travis/build/icyphy/ptII/lib/JUnitParams-0.4.0.jar:/home/travis/build/icyphy/ptII/ptolemy/actor/lib/excel/jxl.jar:/home/travis/build/icyphy/ptII/lib/jython.jar:/home/travis/build/icyphy/ptII/lib/kieler.jar:/home/travis/build/icyphy/ptII/vendors/opencv/share/OpenCV/java/opencv-341.jar:/home/travis/build/icyphy/ptII/lib/oscP5.jar:/home/travis/build/icyphy/ptII/lib/nrjavaserial-3.11.0.devel.jar:/home/travis/build/icyphy/ptII/vendors/j3d/lib/j3dcore.jar:/home/travis/build/icyphy/ptII/vendors/j3d/lib/j3dutils.jar:/home/travis/build/icyphy/ptII/vendors/j3d/lib/vecmath.jar:/home/travis/build/icyphy/ptII/ptolemy/distributed/jini/jar/jini-core.jar:/home/travis/build/icyphy/ptII/ptolemy/distributed/jini/jar/jini-ext.jar:/home/travis/build/icyphy/ptII/ptolemy/distributed/jini/jar/sun-util.jar:/home/travis/build/icyphy/ptII/lib/protobuf-java-2.4.1.jar:/home/travis/build/icyphy/ptII/lib/org.eclipse.paho.client.mqttv3.jar:/home/travis/build/icyphy/ptII/lib/mapss.jar:/home/travis/build/icyphy/ptII/ptolemy/actor/ptalon/antlr/antlr.jar:/home/travis/build/icyphy/ptII/lib/JRI.jar:/home/travis/build/icyphy/ptII/lib/commons-lang-2.6.jar:/home/travis/build/icyphy/ptII/lib/commons-logging-1.1.1.jar:/home/travis/build/icyphy/ptII/lib/sootclasses.jar:/home/travis/build/icyphy/ptII/ptolemy/actor/lib/database/mysql-connector-java-5.1.6-bin.jar:/home/travis/build/icyphy/ptII/vendors/misc/sphinx4/sphinx4-data-5prealpha.jar:/home/travis/build/icyphy/ptII/vendors/misc/sphinx4/sphinx4-core-5prealpha.jar:/home/travis/build/icyphy/ptII/lib/PDFRenderer.jar:/home/travis/build/icyphy/ptII/lib/svgSalamander.jar:/home/travis/build/icyphy/ptII/lib/rsyntaxtextarea-2.6.0-SNAPSHOT.jar:/home/travis/build/icyphy/ptII/lib/hazelcast-3.8.2.jar:/home/travis/build/icyphy/ptII/lib/jackson-annotations-2.9.0.jar:/home/travis/build/icyphy/ptII/lib/jackson-core-2.9.3.jar:/home/travis/build/icyphy/ptII/lib/jackson-databind-2.9.3.jar:/home/travis/build/icyphy/ptII/lib/netty-buffer-4.1.19.Final.jar:/home/travis/build/icyphy/ptII/lib/netty-codec-4.1.19.Final.jar:/home/travis/build/icyphy/ptII/lib/netty-codec-dns-4.1.19.Final.jar:/home/travis/build/icyphy/ptII/lib/netty-codec-http-4.1.19.Final.jar:/home/travis/build/icyphy/ptII/lib/netty-codec-http2-4.1.19.Final.jar:/home/travis/build/icyphy/ptII/lib/netty-common-4.1.19.Final.jar:/home/travis/build/icyphy/ptII/lib/netty-handler-4.1.19.Final.jar:/home/travis/build/icyphy/ptII/lib/netty-resolver-4.1.19.Final.jar:/home/travis/build/icyphy/ptII/lib/netty-resolver-dns-4.1.19.Final.jar:/home/travis/build/icyphy/ptII/lib/netty-transport-4.1.19.Final.jar:/home/travis/build/icyphy/ptII/lib/vertx-codegen-3.5.1.jar:/home/travis/build/icyphy/ptII/lib/vertx-core-3.5.2-SNAPSHOT.jar:/home/travis/build/icyphy/ptII/lib/vertx-hazelcast-3.5.1.jar:/home/travis/build/icyphy/ptII/lib/vertx-lang-js-3.5.1.jar:/home/travis/build/icyphy/ptII/lib/vertx-service-proxy-3.5.1.jar:/home/travis/build/icyphy/ptII/lib/vertx-web-3.5.1.jar:/home/travis/build/icyphy/ptII/lib/slf4j-api-1.7.13.jar:/home/travis/build/icyphy/ptII/lib/slf4j-simple-1.7.13.jar:/home/travis/build/icyphy/ptII/lib/webcam-capture-0.3.12.jar:/home/travis/build/icyphy/ptII/lib/bridj-0.7.0.jar:/home/travis/build/icyphy/ptII/lib/xbjlib-1.1.0.nrjavaserial.jar" />
    <property name="test.batch" value="**/junit/*.java" />
    <property name="env._" value="/usr/bin/timeout" />
    <property name="java.io.tmpdir" value="/tmp" />
    <property name="env.TRAVIS_INTERNAL_RUBY_REGEX" value="^ruby-(2\.[0-4]\.[0-9]|1\.9\.3)" />
    <property name="user.language" value="en" />
    <property name="env.HISTCONTROL" value="ignoredups:ignorespace" />
    <property name="env.GOROOT" value="/home/travis/.gimme/versions/go1.7.4.linux.amd64" />
    <property name="line.separator" value="&#xa;" />
    <property name="target" value="1.8" />
    <property name="env.TRAVIS_BUILD_DIR" value="/home/travis/build/icyphy/ptII" />
    <property name="env.ANT_OPTS" value="-Xmx2048m" />
    <property name="ant.file.type" value="file" />
    <property name="ptolemy.ptII.batchMode" value="true" />
    <property name="env.HISTSIZE" value="1000" />
    <property name="env.MERB_ENV" value="test" />
    <property name="java.vm.info" value="mixed mode" />
    <property name="source" value="1.8" />
    <property name="java.vm.specification.name" value="Java Virtual Machine Specification" />
    <property name="env.TRAVIS_TEST_RESULT" value="0" />
    <property name="jsdoc.command" value="node_modules/@terraswarm/jsdoc/jsdoc.js" />
    <property name="npm.works" value="true" />
    <property name="cobertura.dir" value="/home/travis/build/icyphy/ptII/vendors/cobertura-2.0.3" />
    <property name="env.rvm_path" value="/home/travis/.rvm" />
    <property name="env.GEM_PATH" value="/home/travis/.rvm/gems/ruby-2.4.1:/home/travis/.rvm/gems/ruby-2.4.1@global" />
    <property name="env.LC_CTYPE" value="en_US.UTF-8" />
    <property name="java.awt.printerjob" value="sun.print.PSPrinterJob" />
    <property name="env.TRAVIS_CMD" value="$PTII/bin/ptIITravisBuild.sh $SECONDS" />
    <property name="env.TRAVIS_STACK_NAME" value="garnet" />
    <property name="env.TRAVIS_TIMER_START_TIME" value="1555561264591965100" />
    <property name="ant.version" value="Apache Ant(TM) version 1.10.1 compiled on February 2 2017" />
    <property name="ptII.reports" value="/home/travis/build/icyphy/ptII/reports" />
    <property name="env.TRAVIS_STACK_TIMESTAMP" value="2017-12-05 19:33:09 UTC" />
    <property name="ant.file.type.ptII" value="file" />
    <property name="env.RBENV_SHELL" value="bash" />
    <property name="os.name" value="Linux" />
    <property name="java.specification.vendor" value="Oracle Corporation" />
    <property name="env.rvm_version" value="1.29.3 (latest)" />
    <property name="env.TRAVIS_INFRA" value="gce" />
    <property name="env.TERM" value="xterm" />
    <property name="java.vm.name" value="Java HotSpot(TM) 64-Bit Server VM" />
    <property name="env.TRAVIS_BUILD_NUMBER" value="1093" />
    <property name="env.CI" value="true" />
    <property name="java.library.path" value="/home/travis/pthla/certi-tools/lib:/usr/lib/jni:/usr/local/share/OpenCV/java/:/usr/share/OpenCV/java::/usr/java/packages/lib/amd64:/usr/lib64:/lib64:/lib:/usr/lib" />
    <property name="env.rvm_prefix" value="/home/travis" />
    <property name="env.PATH" value="/home/travis/pthla/certi-tools/share/scripts:/home/travis/.rvm/gems/ruby-2.4.1/bin:/home/travis/.rvm/gems/ruby-2.4.1@global/bin:/home/travis/.rvm/rubies/ruby-2.4.1/bin:/home/travis/.rvm/bin:/home/travis/.nvm/versions/node/v7.10.1/bin:./node_modules/.bin:/home/travis/build/icyphy/ptII/bin:/home/travis/pthla/certi-tools/bin:/home/travis/bin:/home/travis/.local/bin:/opt/pyenv/shims:/home/travis/.phpenv/shims:/home/travis/perl5/perlbrew/bin:/home/travis/.kiex/elixirs/elixir-1.4.5/bin:/home/travis/.kiex/bin:/home/travis/gopath/bin:/home/travis/.gimme/versions/go1.7.4.linux.amd64/bin:/usr/local/phantomjs/bin:/usr/local/phantomjs:/usr/local/neo4j-3.2.7/bin:/usr/local/maven-3.5.2/bin:/usr/local/cmake-3.9.2/bin:/usr/local/clang-5.0.0/bin:/usr/local/sbin:/usr/local/bin:/usr/sbin:/usr/bin:/sbin:/bin:/home/travis/.phpenv/bin:/opt/pyenv/bin:/home/travis/.yarn/bin" />
    <property name="env.TRAVIS_OS_NAME" value="linux" />
    <property name="ant.java.version" value="1.8" />
    <property name="basedir" value="/home/travis/build/icyphy/ptII" />
    <property name="java.class.version" value="52.0" />
    <property name="env.SHLVL" value="3" />
    <property name="env.LD_LIBRARY_PATH" value="/home/travis/pthla/certi-tools/lib:/usr/lib/jni:/usr/local/share/OpenCV/java/:/usr/share/OpenCV/java:" />
    <property name="env.RACK_ENV" value="test" />
    <property name="ant.home" value="/home/travis/build/icyphy/ptII/ant" />
    <property name="env.PERLBREW_BASHRC_VERSION" value="0.80" />
    <property name="env.NVM_DIR" value="/home/travis/.nvm" />
    <property name="env.TRAVIS_BUILD_ID" value="521542909" />
    <property name="env.CERTI_FOM_PATH" value="/home/travis/pthla/certi-tools/share/federations" />
    <property name="env.PYENV_ROOT" value="/opt/pyenv" />
    <property name="env.TRAVIS_UID" value="2000" />
    <property name="env.rvm_pretty_print_flag" value="auto" />
    <property name="env.NVM_BIN" value="/home/travis/.nvm/versions/node/v7.10.1/bin" />
    <property name="env.TRAVIS_COMMIT" value="45a395352d464eed1eb0f8bdc087b807cbfe8a46" />
    <property name="env._system_arch" value="x86_64" />
    <property name="node.executable" value="node" />
    <property name="sun.boot.library.path" value="/usr/lib/jvm/java-8-oracle/jre/lib/amd64" />
    <property name="sun.management.compiler" value="HotSpot 64-Bit Tiered Compilers" />
    <property name="env.GOPATH" value="/home/travis/gopath" />
    <property name="java.awt.graphicsenv" value="sun.awt.X11GraphicsEnvironment" />
    <property name="ptolemy.ptII.dir" value="/home/travis/build/icyphy/ptII" />
    <property name="env.USER" value="travis" />
    <property name="env.HISTFILESIZE" value="2000" />
    <property name="timeout.longest" value="19000000" />
    <property name="env.TRAVIS_STACK_FEATURES" value="basic cassandra chromium couchdb disabled-ipv6 docker docker-compose elasticsearch firefox go-toolchain google-chrome jdk memcached mongodb mysql neo4j nodejs_interpreter perl_interpreter perlbrew phantomjs postgresql python_interpreter rabbitmq redis riak ruby_interpreter sqlite xserver" />
    <property name="env.TRAVIS_PULL_REQUEST" value="false" />
    <property name="env.PYENV_SHELL" value="bash" />
    <property name="ant.project.name" value="ptII" />
    <property name="java.vm.specification.version" value="1.8" />
    <property name="env.ANSI_RESET" value="\033[0m" />
    <property name="env.TRAVIS_DIST" value="trusty" />
    <property name="env.CERTI_VERSION" value="4.0.0" />
    <property name="env.NLSPATH" value="/usr/dt/lib/nls/msg/%L/%N.cat" />
    <property name="awt.toolkit" value="sun.awt.X11.XToolkit" />
    <property name="env.CERTI_HOST" value="localhost" />
    <property name="env.MY_RUBY_HOME" value="/home/travis/.rvm/rubies/ruby-2.4.1" />
    <property name="sun.cpu.isalist" value="" />
    <property name="env.TRAVIS_TMPDIR" value="/tmp/tmp.rzZxPq11Uj" />
    <property name="java.ext.dirs" value="/usr/lib/jvm/java-8-oracle/jre/lib/ext:/usr/java/packages/lib/ext" />
    <property name="os.version" value="4.4.0-101-generic" />
    <property name="user.home" value="/home/travis" />
    <property name="env.MIX_ARCHIVES" value="/home/travis/.kiex/mix/elixir-1.4.5" />
    <property name="java.vm.vendor" value="Oracle Corporation" />
    <property name="env.TRAVIS_TAG" value="nightly" />
    <property name="env.ANSI_YELLOW" value="\033[33;1m" />
    <property name="env.TRAVIS_FILTERED" value="redirect_io" />
    <property name="env.ANSI_GREEN" value="\033[32;1m" />
    <property name="env.JAVA_HOME" value="/usr/lib/jvm/java-8-oracle" />
    <property name="env.PTII" value="/home/travis/build/icyphy/ptII" />
    <property name="javadoc.excludepackagenames" value="adm.cvs2svn.*,build.*,config.*,doc.coding.templates.*,jni.test.jni.meaningOfLife.*,jni.test.jni.testDeux.*,jni.test.jni.testTrois.*,org.terraswarm.accessor.accessors.web.node_modules.*,org.terraswarm.accessor.accessors.web.hosts.cordova.demo.*,org.terraswarm.accessor.accessors.web.hosts.cordova.plugins.*,org.terraswarm.accessor.accessors-svn.*,pt-modules.*,ptolemy.apps.agilent.*,ptolemy.apps.anytimecontrol.*,ptolemy.apps.apes.*,ptolemy.apps.charon.*,ptolemy.apps.crazyboard.*,ptolemy.apps.eclipse.*,ptolemy.apps.etherealSting.*,ptolemy.apps.fullscreen.*,ptolemy.apps.giotto.*,ptolemy.apps.ia.*,ptolemy.apps.interfaces.*,ptolemy.apps.jmf.*,ptolemy.apps.kurt.*,ptolemy.apps.kvm.*,ptolemy.apps.lego.*,ptolemy.apps.lejos.*,ptolemy.apps.midp.*,ptolemy.apps.mobileCoding.*,ptolemy.apps.pendulum.*,ptolemy.apps.rijndael.*,ptolemy.apps.robot.*,ptolemy.apps.security.*,ptolemy.apps.sobel.*,ptolemy.apps.soot.*,ptolemy.apps.throttle.*,ptolemy.apps.tini.*,ptolemy.apps.transmission.*,ptolemy.apps.vergil.*,ptolemy.apps.waba.*,ptolemy.apps.websensor.*,ptolemy.apps.webstart.*,ptolemy.apps.xsl.*,ptolemy.apps.zaurus.*,ptolemy.codegen.c.actor.lib.oldJavaFiles.*,ptolemy.codegen.dsp.lib.*,ptolemy.codegen.kernel.newInterfaces.*,ptolemy.codegen.lib.*,ptolemy.copernicus.kernel.fragment.*,ptolemy.copernicus.shallow.cg.*,ptolemy.domains.giotto.demo.Hierarchy.Hierarchy.*,ptolemy.domains.giotto.demo.Multimode.Multimode.*,ptolemy.domains.giotto.demo.Simple.Simple.*,ptolemy.domains.gr.lib.experimental.*,ptolemy.domains.gro.*,ptolemy.domains.pdf.*,ptolemy.domains.ptinyos.demo.Surge.output.*,ptolemy.moml.test.NoPackageActor.java*,ptolemy.plot.adm.*,ptolemy.plot.servlet.*,reports.*,signed.*,src.*,target.*,vendors.*,ptolemy.apps.eclipse.awt.*,ptolemy.backtrack.*,ptolemy.backtrack.ast.*,ptolemy.cg.adapter.generic.program.procedural.c.mbed*,ptolemy.homer.*,org.ptolemy.scala.*,diva.util.java2d.svg.*,ptolemy.domains.ptinyos.*,ptolemy.actor.lib.fmi.fmipp.*,,org.terraswarm.accessor.accessors.web.node_modules.*,org.terraswarm.accessor.accessors-svn,ptolemy.apps.*,ptolemy.actor.ptalon.demo.ptinyos.SendAndReceiveCnt.output,ptolemy.actor.ptalon.demo.ptinyos.SenseToLeds.output,ptolemy.domains.ptinyos.demo.CntToLedsAndRfm.output,ptolemy.domains.ptinyos.demo.RfmToLeds.output,ptolemy.domains.ptinyos.demo.SendAndReceiveCnt.output,ptolemy.domains.ptinyos.demo.SenseToLeds.output,ptolemy.actor.lib.jjs.modules.udpSocket.*" />
    <property name="env.TRAVIS_COMMIT_MESSAGE" value="Tuning documentation in org.hlacerti.lib (renaming some variables)." />
    <property name="keystore" value="ptKeystore" />
    <property name="env.XDG_SESSION_ID" value="2" />
    <property name="junit.output.dir" value="/home/travis/build/icyphy/ptII/reports/junit" />
    <property name="npm.return.code" value="0" />
    <property name="user.dir" value="/home/travis/build/icyphy/ptII/ptolemy/domains/de/test" />
    <property name="env.TRAVIS_NODE_VERSION" value="7" />
    <property name="env.XFILESEARCHPATH" value="/usr/dt/app-defaults/%L/Dt" />
    <property name="env.TRAVIS_EVENT_TYPE" value="cron" />
    <property name="env.MAIL" value="/var/mail/travis" />
    <property name="env.PWD" value="/home/travis/build/icyphy/ptII" />
    <property name="env.PERLBREW_ROOT" value="/home/travis/perl5/perlbrew" />
    <property name="timeout.npm" value="45000" />
    <property name="env.PT_TRAVIS_TEST_CORE2_XML" value="true" />
    <property name="env.TRAVIS_ARCH" value="amd64" />
    <property name="env.PAGER" value="cat" />
    <property name="sun.cpu.endian" value="little" />
    <property name="env.TRAVIS_BUILD_STAGE_NAME" value="Test" />
    <property name="env.PERLBREW_HOME" value="/home/travis/.perlbrew" />
    <property name="env.RAILS_ENV" value="test" />
    <property name="java.vm.version" value="25.151-b12" />
    <property name="java.class.path" value="/home/travis/build/icyphy/ptII:/home/travis/build/icyphy/ptII/lib/bsh-2.0b4.jar:/home/travis/build/icyphy/ptII/lib/ptCal.jar:/home/travis/build/icyphy/ptII/lib/java_cup.jar:/home/travis/build/icyphy/ptII/lib/saxon8.jar:/home/travis/build/icyphy/ptII/lib/saxon8-dom.jar:/home/travis/build/icyphy/ptII/lib/chic.jar:/home/travis/build/icyphy/ptII/lib/ptcolt.jar:/usr/lib/jvm/java-8-oracle/lib/tools.jar:/home/travis/build/icyphy/ptII/vendors/misc/itext/iText.jar:/home/travis/build/icyphy/ptII/lib/g4ltl.jar:/home/travis/build/icyphy/ptII/lib/StructuralCoder.jar:/home/travis/build/icyphy/ptII/vendors/jai-1_1_2_01/lib/jai_core.jar:/home/travis/build/icyphy/ptII/vendors/jai-1_1_2_01/lib/jai_codec.jar:/home/travis/build/icyphy/ptII/lib/jcerti.jar:/home/travis/build/icyphy/ptII/lib/javax.mail.jar:/home/travis/build/icyphy/ptII/vendors/JMF-2.1.1e/lib/jmf.jar:/home/travis/build/icyphy/ptII/lib/jna-4.0.0-variadic.jar:/home/travis/build/icyphy/ptII/vendors/misc/joystick/Joystick.jar:/home/travis/build/icyphy/ptII/lib/ptjacl.jar:/home/travis/build/icyphy/ptII/lib/jsoup-1.8.2.jar:/home/travis/build/icyphy/ptII/lib/junit-4.8.2.jar:/home/travis/build/icyphy/ptII/lib/JUnitParams-0.4.0.jar:/home/travis/build/icyphy/ptII/ptolemy/actor/lib/excel/jxl.jar:/home/travis/build/icyphy/ptII/lib/jython.jar:/home/travis/build/icyphy/ptII/lib/kieler.jar:/home/travis/build/icyphy/ptII/vendors/opencv/share/OpenCV/java/opencv-341.jar:/home/travis/build/icyphy/ptII/lib/oscP5.jar:/home/travis/build/icyphy/ptII/lib/nrjavaserial-3.11.0.devel.jar:/home/travis/build/icyphy/ptII/vendors/j3d/lib/j3dcore.jar:/home/travis/build/icyphy/ptII/vendors/j3d/lib/j3dutils.jar:/home/travis/build/icyphy/ptII/vendors/j3d/lib/vecmath.jar:/home/travis/build/icyphy/ptII/ptolemy/distributed/jini/jar/jini-core.jar:/home/travis/build/icyphy/ptII/ptolemy/distributed/jini/jar/jini-ext.jar:/home/travis/build/icyphy/ptII/ptolemy/distributed/jini/jar/sun-util.jar:/home/travis/build/icyphy/ptII/lib/protobuf-java-2.4.1.jar:/home/travis/build/icyphy/ptII/lib/org.eclipse.paho.client.mqttv3.jar:/home/travis/build/icyphy/ptII/lib/mapss.jar:/home/travis/build/icyphy/ptII/ptolemy/actor/ptalon/antlr/antlr.jar:/home/travis/build/icyphy/ptII/lib/JRI.jar:/home/travis/build/icyphy/ptII/lib/commons-lang-2.6.jar:/home/travis/build/icyphy/ptII/lib/commons-logging-1.1.1.jar:/home/travis/build/icyphy/ptII/lib/sootclasses.jar:/home/travis/build/icyphy/ptII/ptolemy/actor/lib/database/mysql-connector-java-5.1.6-bin.jar:/home/travis/build/icyphy/ptII/vendors/misc/sphinx4/sphinx4-data-5prealpha.jar:/home/travis/build/icyphy/ptII/vendors/misc/sphinx4/sphinx4-core-5prealpha.jar:/home/travis/build/icyphy/ptII/lib/PDFRenderer.jar:/home/travis/build/icyphy/ptII/lib/svgSalamander.jar:/home/travis/build/icyphy/ptII/lib/rsyntaxtextarea-2.6.0-SNAPSHOT.jar:/home/travis/build/icyphy/ptII/lib/hazelcast-3.8.2.jar:/home/travis/build/icyphy/ptII/lib/jackson-annotations-2.9.0.jar:/home/travis/build/icyphy/ptII/lib/jackson-core-2.9.3.jar:/home/travis/build/icyphy/ptII/lib/jackson-databind-2.9.3.jar:/home/travis/build/icyphy/ptII/lib/netty-buffer-4.1.19.Final.jar:/home/travis/build/icyphy/ptII/lib/netty-codec-4.1.19.Final.jar:/home/travis/build/icyphy/ptII/lib/netty-codec-dns-4.1.19.Final.jar:/home/travis/build/icyphy/ptII/lib/netty-codec-http-4.1.19.Final.jar:/home/travis/build/icyphy/ptII/lib/netty-codec-http2-4.1.19.Final.jar:/home/travis/build/icyphy/ptII/lib/netty-common-4.1.19.Final.jar:/home/travis/build/icyphy/ptII/lib/netty-handler-4.1.19.Final.jar:/home/travis/build/icyphy/ptII/lib/netty-resolver-4.1.19.Final.jar:/home/travis/build/icyphy/ptII/lib/netty-resolver-dns-4.1.19.Final.jar:/home/travis/build/icyphy/ptII/lib/netty-transport-4.1.19.Final.jar:/home/travis/build/icyphy/ptII/lib/vertx-codegen-3.5.1.jar:/home/travis/build/icyphy/ptII/lib/vertx-core-3.5.2-SNAPSHOT.jar:/home/travis/build/icyphy/ptII/lib/vertx-hazelcast-3.5.1.jar:/home/travis/build/icyphy/ptII/lib/vertx-lang-js-3.5.1.jar:/home/travis/build/icyphy/ptII/lib/vertx-service-proxy-3.5.1.jar:/home/travis/build/icyphy/ptII/lib/vertx-web-3.5.1.jar:/home/travis/build/icyphy/ptII/lib/slf4j-api-1.7.13.jar:/home/travis/build/icyphy/ptII/lib/slf4j-simple-1.7.13.jar:/home/travis/build/icyphy/ptII/lib/webcam-capture-0.3.12.jar:/home/travis/build/icyphy/ptII/lib/bridj-0.7.0.jar:/home/travis/build/icyphy/ptII/lib/xbjlib-1.1.0.nrjavaserial.jar:/home/travis/build/icyphy/ptII/ptolemy/moml/test:/home/travis/build/icyphy/ptII/ant/lib/ant-launcher.jar:/home/travis/build/icyphy/ptII/ant/lib/ant.jar:/home/travis/build/icyphy/ptII/ant/lib/ant-junit.jar:/home/travis/build/icyphy/ptII/ant/lib/ant-junit4.jar" />
    <property name="ant.library.dir" value="/home/travis/build/icyphy/ptII/ant/lib" />
    <property name="os.arch" value="amd64" />
    <property name="env.TRAVIS_LANGUAGE" value="node_js" />
    <property name="env.CONTINUOUS_INTEGRATION" value="true" />
    <property name="env.TRAVIS_STACK_LANGUAGES" value="__garnet__ c c++ clojure cplusplus cpp default go groovy java node_js php pure_java python ruby scala" />
    <property name="test.name" value="ptolemy.actor.lib.test.junit.JUnitTclTest" />
    <property name="sun.java.launcher" value="SUN_STANDARD" />
    <property name="env.PYTHON_CONFIGURE_OPTS" value="--enable-unicode=ucs4 --with-wide-unicode --enable-shared --enable-ipv6 --enable-loadable-sqlite-extensions --with-computed-gotos" />
    <property name="ant.core.lib" value="/home/travis/build/icyphy/ptII/ant/lib/ant.jar" />
    <property name="java.vm.specification.vendor" value="Oracle Corporation" />
    <property name="env.BCVTB_HOME" value="/home/travis/build/icyphy/ptII/lbnl" />
    <property name="file.separator" value="/" />
    <property name="spotbugs.home" value="/home/travis/build/icyphy/ptII/vendors/spotbugs-3.1.1" />
    <property name="java.runtime.version" value="1.8.0_151-b12" />
    <property name="sun.boot.class.path" value="/usr/lib/jvm/java-8-oracle/jre/lib/resources.jar:/usr/lib/jvm/java-8-oracle/jre/lib/rt.jar:/usr/lib/jvm/java-8-oracle/jre/lib/sunrsasign.jar:/usr/lib/jvm/java-8-oracle/jre/lib/jsse.jar:/usr/lib/jvm/java-8-oracle/jre/lib/jce.jar:/usr/lib/jvm/java-8-oracle/jre/lib/charsets.jar:/usr/lib/jvm/java-8-oracle/jre/lib/jfr.jar:/usr/lib/jvm/java-8-oracle/jre/classes" />
    <property name="env.ANSI_CLEAR" value="\033[0K" />
    <property name="env.HAS_JOSH_K_SEAL_OF_APPROVAL" value="true" />
    <property name="env.XDG_RUNTIME_DIR" value="/run/user/2000" />
    <property name="env.TRAVIS_OSX_IMAGE" value="" />
    <property name="env.TRAVIS_BRANCH" value="master" />
    <property name="env.TRAVIS_JOB_ID" value="521542918" />
    <property name="user.country" value="US" />
    <property name="env.CERTI_HOME_TRAVIS" value="/home/travis/pthla/certi-tools" />
    <property name="env.SHELL" value="/bin/bash" />
    <property name="java.maxmemory.large" value="5000m" />
    <property name="model" value="" />
    <property name="env.CASHER_DIR" value="/home/travis/.casher" />
    <property name="env.NVM_CD_FLAGS" value="" />
    <property name="jshint.executable" value="/home/travis/node_modules/jshint/bin/jshint" />
    <property name="java.vendor" value="Oracle Corporation" />
    <property name="env.JRUBY_OPTS" value=" --client -J-XX:+TieredCompilation -J-XX:TieredStopAtLevel=1 -J-Xss2m -Xcompile.invokedynamic=false" />
    <property name="env.TRAVIS_PRE_CHEF_BOOTSTRAP_TIME" value="2017-12-05T19:32:55" />
    <property name="env.TRAVIS_STACK_JOB_BOARD_REGISTER" value="/.job-board-register.yml" />
    <property name="env.ELIXIR_VERSION" value="1.4.5" />
    <property name="env.ANSI_RED" value="\033[31;1m" />
    <property name="java.specification.version" value="1.8" />
    <property name="env.TRAVIS" value="true" />
    <property name="env.IRBRC" value="/home/travis/.rvm/rubies/ruby-2.4.1/.irbrc" />
    <property name="sun.arch.data.model" value="64" />
  </properties>
  <testcase classname="ptolemy.util.test.junit.TclTests" name="[0] /home/travis/build/icyphy/ptII/ptolemy/domains/de/test/DependencyLoop.tcl (RunTclFile)" time="0.74" />
  <testcase classname="ptolemy.util.test.junit.TclTests" name="[1] /home/travis/build/icyphy/ptII/ptolemy/domains/de/test/RunDETestsAsQSS.tcl (RunTclFile)" time="89.398" />
  <testcase classname="ptolemy.util.test.junit.AutoKnownFailedTests" name="[0] /home/travis/build/icyphy/ptII/ptolemy/domains/de/test/auto/knownFailedTests/DESDFClockTest.xml (RunModel)" time="2.037" />
  <testcase classname="ptolemy.util.test.junit.AutoKnownFailedTests" name="[1] /home/travis/build/icyphy/ptII/ptolemy/domains/de/test/auto/knownFailedTests/DirectFeedback.xml (RunModel)" time="0.012" />
  <testcase classname="ptolemy.util.test.junit.AutoKnownFailedTests" name="[2] /home/travis/build/icyphy/ptII/ptolemy/domains/de/test/auto/knownFailedTests/FSMSource.xml (RunModel)" time="0.015" />
  <testcase classname="ptolemy.util.test.junit.AutoKnownFailedTests" name="[3] /home/travis/build/icyphy/ptII/ptolemy/domains/de/test/auto/knownFailedTests/HierarchicalModel.xml (RunModel)" time="0.026" />
  <testcase classname="ptolemy.util.test.junit.AutoKnownFailedTests" name="[4] /home/travis/build/icyphy/ptII/ptolemy/domains/de/test/auto/knownFailedTests/dependencyLoop.xml (RunModel)" time="0.027" />
  <testcase classname="ptolemy.util.test.junit.AutoKnownFailedTests" name="[5] /home/travis/build/icyphy/ptII/ptolemy/domains/de/test/auto/knownFailedTests/dependencyLoop2.xml (RunModel)" time="0.035" />
  <testcase classname="ptolemy.util.test.junit.AutoNameArchTests" name="[0] ThereAreNoAutoArchTests (RunModel)" time="0.005" />
  <testcase classname="ptolemy.util.test.junit.AutoTests" name="[0] /home/travis/build/icyphy/ptII/ptolemy/domains/de/test/auto/ActorDepthCalculation_actorWithoutPorts.xml (RunModel)" time="0.016" />
  <testcase classname="ptolemy.util.test.junit.AutoTests" name="[1] /home/travis/build/icyphy/ptII/ptolemy/domains/de/test/auto/AssemblyLine.xml (RunModel)" time="0.017" />
  <testcase classname="ptolemy.util.test.junit.AutoTests" name="[2] /home/travis/build/icyphy/ptII/ptolemy/domains/de/test/auto/CQBug1.xml (RunModel)" time="0.007" />
  <testcase classname="ptolemy.util.test.junit.AutoTests" name="[3] /home/travis/build/icyphy/ptII/ptolemy/domains/de/test/auto/CancelFireAt.xml (RunModel)" time="0.006" />
  <testcase classname="ptolemy.util.test.junit.AutoTests" name="[4] /home/travis/build/icyphy/ptII/ptolemy/domains/de/test/auto/CausalityAndComposabilityAnalysis.xml (RunModel)" time="0.011" />
  <testcase classname="ptolemy.util.test.junit.AutoTests" name="[5] /home/travis/build/icyphy/ptII/ptolemy/domains/de/test/auto/CausalityInterface1.xml (RunModel)" time="0.012" />
  <testcase classname="ptolemy.util.test.junit.AutoTests" name="[6] /home/travis/build/icyphy/ptII/ptolemy/domains/de/test/auto/CausalityInterface15.xml (RunModel)" time="0.012" />
  <testcase classname="ptolemy.util.test.junit.AutoTests" name="[7] /home/travis/build/icyphy/ptII/ptolemy/domains/de/test/auto/CausalityInterface2.xml (RunModel)" time="0.011" />
  <testcase classname="ptolemy.util.test.junit.AutoTests" name="[8] /home/travis/build/icyphy/ptII/ptolemy/domains/de/test/auto/CausalityInterface3.xml (RunModel)" time="0.015" />
  <testcase classname="ptolemy.util.test.junit.AutoTests" name="[9] /home/travis/build/icyphy/ptII/ptolemy/domains/de/test/auto/ClockDrift.xml (RunModel)" time="0.04" />
  <testcase classname="ptolemy.util.test.junit.AutoTests" name="[10] /home/travis/build/icyphy/ptII/ptolemy/domains/de/test/auto/ClockDriftAndValueChange.xml (RunModel)" time="0.033" />
  <testcase classname="ptolemy.util.test.junit.AutoTests" name="[11] /home/travis/build/icyphy/ptII/ptolemy/domains/de/test/auto/ClockDriftChange.xml (RunModel)" time="0.032" />
  <testcase classname="ptolemy.util.test.junit.AutoTests" name="[12] /home/travis/build/icyphy/ptII/ptolemy/domains/de/test/auto/ComposableCausalityAnalysis.xml (RunModel)" time="0.013" />
  <testcase classname="ptolemy.util.test.junit.AutoTests" name="[13] /home/travis/build/icyphy/ptII/ptolemy/domains/de/test/auto/DEFixedPointLimitation.xml (RunModel)" time="0.009" />
  <testcase classname="ptolemy.util.test.junit.AutoTests" name="[14] /home/travis/build/icyphy/ptII/ptolemy/domains/de/test/auto/DEScheduleTest.xml (RunModel)" time="0.011" />
  <testcase classname="ptolemy.util.test.junit.AutoTests" name="[15] /home/travis/build/icyphy/ptII/ptolemy/domains/de/test/auto/DEinDEwithStartTimes.xml (RunModel)" time="0.017" />
  <testcase classname="ptolemy.util.test.junit.AutoTests" name="[16] /home/travis/build/icyphy/ptII/ptolemy/domains/de/test/auto/DEinDEwithStartTimes2.xml (RunModel)" time="0.016" />
  <testcase classname="ptolemy.util.test.junit.AutoTests" name="[17] /home/travis/build/icyphy/ptII/ptolemy/domains/de/test/auto/DateDemo.xml (RunModel)" time="0.031" />
  <testcase classname="ptolemy.util.test.junit.AutoTests" name="[18] /home/travis/build/icyphy/ptII/ptolemy/domains/de/test/auto/DateToEvent.xml (RunModel)" time="2.04" />
  <testcase classname="ptolemy.util.test.junit.AutoTests" name="[19] /home/travis/build/icyphy/ptII/ptolemy/domains/de/test/auto/DepthTest1.xml (RunModel)" time="0.008" />
  <testcase classname="ptolemy.util.test.junit.AutoTests" name="[20] /home/travis/build/icyphy/ptII/ptolemy/domains/de/test/auto/DepthTest2.xml (RunModel)" time="0.017" />
  <testcase classname="ptolemy.util.test.junit.AutoTests" name="[21] /home/travis/build/icyphy/ptII/ptolemy/domains/de/test/auto/DepthTest3.xml (RunModel)" time="0.008" />
  <testcase classname="ptolemy.util.test.junit.AutoTests" name="[22] /home/travis/build/icyphy/ptII/ptolemy/domains/de/test/auto/DepthTest4.xml (RunModel)" time="0.012" />
  <testcase classname="ptolemy.util.test.junit.AutoTests" name="[23] /home/travis/build/icyphy/ptII/ptolemy/domains/de/test/auto/DepthTest5.xml (RunModel)" time="0.014" />
  <testcase classname="ptolemy.util.test.junit.AutoTests" name="[24] /home/travis/build/icyphy/ptII/ptolemy/domains/de/test/auto/DepthTest6.xml (RunModel)" time="0.013" />
  <testcase classname="ptolemy.util.test.junit.AutoTests" name="[25] /home/travis/build/icyphy/ptII/ptolemy/domains/de/test/auto/DepthTest7.xml (RunModel)" time="0.012" />
  <testcase classname="ptolemy.util.test.junit.AutoTests" name="[26] /home/travis/build/icyphy/ptII/ptolemy/domains/de/test/auto/EventToDate.xml (RunModel)" time="3.032" />
  <testcase classname="ptolemy.util.test.junit.AutoTests" name="[27] /home/travis/build/icyphy/ptII/ptolemy/domains/de/test/auto/FSM1.xml (RunModel)" time="0.059" />
  <testcase classname="ptolemy.util.test.junit.AutoTests" name="[28] /home/travis/build/icyphy/ptII/ptolemy/domains/de/test/auto/FSM7.xml (RunModel)" time="0.05" />
  <testcase classname="ptolemy.util.test.junit.AutoTests" name="[29] /home/travis/build/icyphy/ptII/ptolemy/domains/de/test/auto/Inspection.xml (RunModel)" time="0.074" />
  <testcase classname="ptolemy.util.test.junit.AutoTests" name="[30] /home/travis/build/icyphy/ptII/ptolemy/domains/de/test/auto/Iteration.xml (RunModel)" time="0.03" />
  <testcase classname="ptolemy.util.test.junit.AutoTests" name="[31] /home/travis/build/icyphy/ptII/ptolemy/domains/de/test/auto/LineFault.xml (RunModel)" time="0.436" />
  <testcase classname="ptolemy.util.test.junit.AutoTests" name="[32] /home/travis/build/icyphy/ptII/ptolemy/domains/de/test/auto/MergeModel1Add.xml (RunModel)" time="0.032" />
  <testcase classname="ptolemy.util.test.junit.AutoTests" name="[33] /home/travis/build/icyphy/ptII/ptolemy/domains/de/test/auto/MergeModel2Add.xml (RunModel)" time="0.027" />
  <testcase classname="ptolemy.util.test.junit.AutoTests" name="[34] /home/travis/build/icyphy/ptII/ptolemy/domains/de/test/auto/MergeModel3Add.xml (RunModel)" time="0.044" />
  <testcase classname="ptolemy.util.test.junit.AutoTests" name="[35] /home/travis/build/icyphy/ptII/ptolemy/domains/de/test/auto/MergeWithoutDiscard.xml (RunModel)" time="0.01" />
  <testcase classname="ptolemy.util.test.junit.AutoTests" name="[36] /home/travis/build/icyphy/ptII/ptolemy/domains/de/test/auto/Modal1.xml (RunModel)" time="0.031" />
  <testcase classname="ptolemy.util.test.junit.AutoTests" name="[37] /home/travis/build/icyphy/ptII/ptolemy/domains/de/test/auto/Modal2.xml (RunModel)" time="0.031" />
  <testcase classname="ptolemy.util.test.junit.AutoTests" name="[38] /home/travis/build/icyphy/ptII/ptolemy/domains/de/test/auto/Modal3.xml (RunModel)" time="0.032" />
  <testcase classname="ptolemy.util.test.junit.AutoTests" name="[39] /home/travis/build/icyphy/ptII/ptolemy/domains/de/test/auto/Modal4.xml (RunModel)" time="0.026" />
  <testcase classname="ptolemy.util.test.junit.AutoTests" name="[40] /home/travis/build/icyphy/ptII/ptolemy/domains/de/test/auto/Modal5.xml (RunModel)" time="0.026" />
  <testcase classname="ptolemy.util.test.junit.AutoTests" name="[41] /home/travis/build/icyphy/ptII/ptolemy/domains/de/test/auto/Modal6.xml (RunModel)" time="0.026" />
  <testcase classname="ptolemy.util.test.junit.AutoTests" name="[42] /home/travis/build/icyphy/ptII/ptolemy/domains/de/test/auto/Modal7.xml (RunModel)" time="0.027" />
  <testcase classname="ptolemy.util.test.junit.AutoTests" name="[43] /home/travis/build/icyphy/ptII/ptolemy/domains/de/test/auto/ModalModel.xml (RunModel)" time="0.135" />
  <testcase classname="ptolemy.util.test.junit.AutoTests" name="[44] /home/travis/build/icyphy/ptII/ptolemy/domains/de/test/auto/ModalSource.xml (RunModel)" time="0.016" />
  <testcase classname="ptolemy.util.test.junit.AutoTests" name="[45] /home/travis/build/icyphy/ptII/ptolemy/domains/de/test/auto/NonInterruptibleTimerZeroDelay.xml (RunModel)" time="0.009" />
  <testcase classname="ptolemy.util.test.junit.AutoTests" name="[46] /home/travis/build/icyphy/ptII/ptolemy/domains/de/test/auto/OpenQueueingNetwork.xml (RunModel)" time="1.966" />
  <testcase classname="ptolemy.util.test.junit.AutoTests" name="[47] /home/travis/build/icyphy/ptII/ptolemy/domains/de/test/auto/OpenQueuingNetwork.xml (RunModel)" time="0.264" />
  <testcase classname="ptolemy.util.test.junit.AutoTests" name="[48] /home/travis/build/icyphy/ptII/ptolemy/domains/de/test/auto/PeriodicSampler.xml (RunModel)" time="0.008" />
  <testcase classname="ptolemy.util.test.junit.AutoTests" name="[49] /home/travis/build/icyphy/ptII/ptolemy/domains/de/test/auto/PersistentIO.xml (RunModel)" time="0.017" />
  <testcase classname="ptolemy.util.test.junit.AutoTests" name="[50] /home/travis/build/icyphy/ptII/ptolemy/domains/de/test/auto/PortParameterResetOnInitialize.xml (RunModel)" time="0.008" />
  <testcase classname="ptolemy.util.test.junit.AutoTests" name="[51] /home/travis/build/icyphy/ptII/ptolemy/domains/de/test/auto/PortParameterUpdates.xml (RunModel)" time="0.012" />
  <testcase classname="ptolemy.util.test.junit.AutoTests" name="[52] /home/travis/build/icyphy/ptII/ptolemy/domains/de/test/auto/QueueAndServer.xml (RunModel)" time="0.017" />
  <testcase classname="ptolemy.util.test.junit.AutoTests" name="[53] /home/travis/build/icyphy/ptII/ptolemy/domains/de/test/auto/Records.xml (RunModel)" time="0.013" />
  <testcase classname="ptolemy.util.test.junit.AutoTests" name="[54] /home/travis/build/icyphy/ptII/ptolemy/domains/de/test/auto/ResetTransitionWithStartTime1.xml (RunModel)" time="0.017" />
  <testcase classname="ptolemy.util.test.junit.AutoTests" name="[55] /home/travis/build/icyphy/ptII/ptolemy/domains/de/test/auto/ResetTransitionWithStartTime2.xml (RunModel)" time="0.018" />
  <testcase classname="ptolemy.util.test.junit.AutoTests" name="[56] /home/travis/build/icyphy/ptII/ptolemy/domains/de/test/auto/ResetTransitionWithStartTime3.xml (RunModel)" time="0.017" />
  <testcase classname="ptolemy.util.test.junit.AutoTests" name="[57] /home/travis/build/icyphy/ptII/ptolemy/domains/de/test/auto/ResetTransitionWithStartTime4.xml (RunModel)" time="0.017" />
  <testcase classname="ptolemy.util.test.junit.AutoTests" name="[58] /home/travis/build/icyphy/ptII/ptolemy/domains/de/test/auto/ResettableTimer1.xml (RunModel)" time="0.01" />
  <testcase classname="ptolemy.util.test.junit.AutoTests" name="[59] /home/travis/build/icyphy/ptII/ptolemy/domains/de/test/auto/ResettableTimer2.xml (RunModel)" time="0.01" />
  <testcase classname="ptolemy.util.test.junit.AutoTests" name="[60] /home/travis/build/icyphy/ptII/ptolemy/domains/de/test/auto/ResettableTimer3.xml (RunModel)" time="0.009" />
  <testcase classname="ptolemy.util.test.junit.AutoTests" name="[61] /home/travis/build/icyphy/ptII/ptolemy/domains/de/test/auto/ResettableTimer4.xml (RunModel)" time="0.008" />
  <testcase classname="ptolemy.util.test.junit.AutoTests" name="[62] /home/travis/build/icyphy/ptII/ptolemy/domains/de/test/auto/ResettableTimer5.xml (RunModel)" time="0.011" />
  <testcase classname="ptolemy.util.test.junit.AutoTests" name="[63] /home/travis/build/icyphy/ptII/ptolemy/domains/de/test/auto/ResettableTimer6.xml (RunModel)" time="0.011" />
  <testcase classname="ptolemy.util.test.junit.AutoTests" name="[64] /home/travis/build/icyphy/ptII/ptolemy/domains/de/test/auto/ServerZeroDelay.xml (RunModel)" time="0.009" />
  <testcase classname="ptolemy.util.test.junit.AutoTests" name="[65] /home/travis/build/icyphy/ptII/ptolemy/domains/de/test/auto/SmartSender.xml (RunModel)" time="3.008" />
  <testcase classname="ptolemy.util.test.junit.AutoTests" name="[66] /home/travis/build/icyphy/ptII/ptolemy/domains/de/test/auto/ThreadedComposite.xml (RunModel)" time="0.169" />
  <testcase classname="ptolemy.util.test.junit.AutoTests" name="[67] /home/travis/build/icyphy/ptII/ptolemy/domains/de/test/auto/Time.xml (RunModel)" time="0.421" />
  <testcase classname="ptolemy.util.test.junit.AutoTests" name="[68] /home/travis/build/icyphy/ptII/ptolemy/domains/de/test/auto/TimeDelayZeroDelay.xml (RunModel)" time="0.01" />
  <testcase classname="ptolemy.util.test.junit.AutoTests" name="[69] /home/travis/build/icyphy/ptII/ptolemy/domains/de/test/auto/TimerZeroDelay.xml (RunModel)" time="0.009" />
  <testcase classname="ptolemy.util.test.junit.AutoTests" name="[70] /home/travis/build/icyphy/ptII/ptolemy/domains/de/test/auto/TimingParadox.xml (RunModel)" time="0.346" />
  <testcase classname="ptolemy.util.test.junit.AutoTests" name="[71] /home/travis/build/icyphy/ptII/ptolemy/domains/de/test/auto/TransferInputs.xml (RunModel)" time="0.009" />
  <testcase classname="ptolemy.util.test.junit.AutoTests" name="[72] /home/travis/build/icyphy/ptII/ptolemy/domains/de/test/auto/TransferOutputs2.xml (RunModel)" time="0.015" />
  <testcase classname="ptolemy.util.test.junit.AutoTests" name="[73] /home/travis/build/icyphy/ptII/ptolemy/domains/de/test/auto/Trilateration.xml (RunModel)" time="11.596" />
  <testcase classname="ptolemy.util.test.junit.AutoTests" name="[74] /home/travis/build/icyphy/ptII/ptolemy/domains/de/test/auto/TwoSigmaDelta.xml (RunModel)" time="2.037" />
  <testcase classname="ptolemy.util.test.junit.AutoTests" name="[75] /home/travis/build/icyphy/ptII/ptolemy/domains/de/test/auto/VariableDelay.xml (RunModel)" time="0.025" />
  <testcase classname="ptolemy.util.test.junit.AutoTests" name="[76] /home/travis/build/icyphy/ptII/ptolemy/domains/de/test/auto/VariableDelay2.xml (RunModel)" time="0.013" />
  <testcase classname="ptolemy.util.test.junit.AutoTests" name="[77] /home/travis/build/icyphy/ptII/ptolemy/domains/de/test/auto/VariableDelayZeroDelay.xml (RunModel)" time="0.013" />
  <testcase classname="ptolemy.util.test.junit.AutoTests" name="[78] /home/travis/build/icyphy/ptII/ptolemy/domains/de/test/auto/VariableDelayZeroDelay2.xml (RunModel)" time="0.019" />
  <testcase classname="ptolemy.util.test.junit.AutoTests" name="[79] /home/travis/build/icyphy/ptII/ptolemy/domains/de/test/auto/deInCt.xml (RunModel)" time="0.017" />
  <testcase classname="ptolemy.util.test.junit.AutoTests" name="[80] /home/travis/build/icyphy/ptII/ptolemy/domains/de/test/auto/deInCt2.xml (RunModel)" time="0.026" />
  <testcase classname="ptolemy.util.test.junit.AutoTests" name="[81] /home/travis/build/icyphy/ptII/ptolemy/domains/de/test/auto/dynamicCausalityInterface1.xml (RunModel)" time="0.016" />
  <testcase classname="ptolemy.util.test.junit.AutoTests" name="[82] /home/travis/build/icyphy/ptII/ptolemy/domains/de/test/auto/fsm_de_test.xml (RunModel)" time="0.028" />
  <testcase classname="ptolemy.util.test.junit.AutoTests" name="[83] /home/travis/build/icyphy/ptII/ptolemy/domains/de/test/auto/functionDependencyReconstruction.xml (RunModel)" time="0.031" />
  <testcase classname="ptolemy.util.test.junit.AutoTests" name="[84] /home/travis/build/icyphy/ptII/ptolemy/domains/de/test/auto/multirate.xml (RunModel)" time="0.018" />
  <testcase classname="ptolemy.util.test.junit.AutoTests" name="[85] /home/travis/build/icyphy/ptII/ptolemy/domains/de/test/auto/multirate2.xml (RunModel)" time="0.018" />
  <testcase classname="ptolemy.util.test.junit.AutoTests" name="[86] /home/travis/build/icyphy/ptII/ptolemy/domains/de/test/auto/realtime.xml (RunModel)" time="10.011" />
  <testcase classname="ptolemy.util.test.junit.AutoTests" name="[87] /home/travis/build/icyphy/ptII/ptolemy/domains/de/test/auto/relationGroup.xml (RunModel)" time="0.007" />
  <testcase classname="ptolemy.util.test.junit.AutoTests" name="[88] /home/travis/build/icyphy/ptII/ptolemy/domains/de/test/auto/relationGroup2.xml (RunModel)" time="0.009" />
  <testcase classname="ptolemy.util.test.junit.AutoTests" name="[89] /home/travis/build/icyphy/ptII/ptolemy/domains/de/test/auto/sortWithOpaquePorts.xml (RunModel)" time="0.01" />
  <testcase classname="ptolemy.util.test.junit.AutoTests" name="[90] /home/travis/build/icyphy/ptII/ptolemy/domains/de/test/auto/transferInputsandOutputs.xml (RunModel)" time="0.014" />
  <testcase classname="ptolemy.util.test.junit.AutoTests" name="[91] /home/travis/build/icyphy/ptII/ptolemy/domains/de/test/auto/triggerType.xml (RunModel)" time="0.009" />
  <system-out><![CDATA[/home/travis/build/icyphy/ptII/ptolemy/domains/de/test/DependencyLoop.tcl
testDefs.tcl: setting time out to 9000 seconds at Thu Apr 18 04:29:22 UTC 2019
14 ms. Memory: 116224K Free: 97611K (84%)
21 ms. Memory: 146944K Free: 140831K (96%)
/home/travis/build/icyphy/ptII/ptolemy/domains/de/test/RunDETestsAsQSS.tcl
Run the DE tests using ptolemy.domains.qss.test.QSSDirectorTest, which extends QSSDirector and prints a message in the constructors.
------------------ testing $PTII/ptolemy/domains/de/test/auto/knownFailedTests/dependencyLoop.xml (Known Failure) 
11 ms. Memory: 146944K Free: 136584K (93%)


==== $PTIIhome/travis/build/icyphy/ptII/ptolemy/domains/de/test/../../../../: Auto Automatic test in file $PTII/ptolemy/domains/de/test/auto/knownFailedTests/dependencyLoop.xml
==== Contents of test case:

	    # FIXME: we should use $relativeFilename here, but it
	    # might have backslashes under Windows, which causes no end
	    # of trouble.
	    createAndExecute $file
	    list {}
	
.... Test generated KNOWN error:
    while executing
ptolemy.kernel.util.IllegalActionException: Found a zero delay loop containing .dependencyLoop.original
  in .dependencyLoop and .dependencyLoop.original
	at ptolemy.actor.util.CausalityInterfaceForComposites._computeOutputPortDepth(CausalityInterfaceForComposites.java:759)
	at ptolemy.actor.util.CausalityInterfaceForComposites._computeInputDepth(CausalityInterfaceForComposites.java:696)
	at ptolemy.actor.util.CausalityInterfaceForComposites._computeOutputPortDepth(CausalityInterfaceForComposites.java:765)
	at ptolemy.actor.util.CausalityInterfaceForComposites._computeInputDepth(CausalityInterfaceForComposites.java:696)
	at ptolemy.actor.util.CausalityInterfaceForComposites._computeOutputPortDepth(CausalityInterfaceForComposites.java:765)
	at ptolemy.actor.util.CausalityInterfaceForComposites._computeInputDepth(CausalityInterfaceForComposites.java:696)
	at ptolemy.actor.util.CausalityInterfaceForComposites._computeActorDepth(CausalityInterfaceForComposites.java:532)
	at ptolemy.actor.util.CausalityInterfaceForComposites.checkForCycles(CausalityInterfaceForComposites.java:96)
	at ptolemy.domains.de.kernel.DEDirector.preinitialize(DEDirector.java:1338)
	at ptolemy.actor.CompositeActor.preinitialize(CompositeActor.java:1828)
	at ptolemy.actor.Manager.preinitializeAndResolveTypes(Manager.java:1040)
	at ptolemy.actor.Manager.initialize(Manager.java:710)
	at ptolemy.actor.Manager.execute(Manager.java:356)
	at ptolemy.actor.Manager.run(Manager.java:1263)
	at ptolemy.actor.Manager$PtolemyRunThread.run(Manager.java:1915)

    while executing
ptolemy.kernel.util.IllegalActionException: Found a zero delay loop containing .dependencyLoop.original
  in .dependencyLoop and .dependencyLoop.original
    while executing
"java::new ptolemy.moml.MoMLSimpleApplication $file
"
    (procedure "createAndExecute" line 2)
    invoked from within
"createAndExecute $file"
    ("uplevel" body line 5)
    invoked from within
"uplevel $contents_of_test"
------------------ testing $PTII/ptolemy/domains/de/test/auto/knownFailedTests/DESDFClockTest.xml (Known Failure) 
2101 ms. Memory: 146944K Free: 120992K (82%)


==== $PTIIhome/travis/build/icyphy/ptII/ptolemy/domains/de/test/../../../../: Auto Automatic test in file $PTII/ptolemy/domains/de/test/auto/knownFailedTests/DESDFClockTest.xml
==== Contents of test case:

	    # FIXME: we should use $relativeFilename here, but it
	    # might have backslashes under Windows, which causes no end
	    # of trouble.
	    createAndExecute $file
	    list {}
	
.... Test generated KNOWN error:
    while executing
ptolemy.kernel.util.IllegalActionException: Actor is not ready to fire.  Perhaps UpSample.prefire() returned false? Try debugging the actor by selecting "Listen to Actor".  Also, for SDF check moml for tokenConsumptionRate on input.
  in .DESDFClockTest.Play Bell.Copy1:SDF Director and .DESDFClockTest.Play Bell.UpSample
	at ptolemy.actor.sched.StaticSchedulingDirector.fire(StaticSchedulingDirector.java:227)
	at ptolemy.domains.sdf.kernel.SDFDirector.fire(SDFDirector.java:500)
	at ptolemy.actor.CompositeActor.fire(CompositeActor.java:455)
	at ptolemy.domains.de.kernel.DEDirector._fire(DEDirector.java:1949)
	at ptolemy.domains.de.kernel.DEDirector.fire(DEDirector.java:502)
	at ptolemy.actor.CompositeActor.fire(CompositeActor.java:455)
	at ptolemy.actor.Manager.iterate(Manager.java:851)
	at ptolemy.actor.Manager.execute(Manager.java:369)
	at ptolemy.actor.Manager.run(Manager.java:1263)
	at ptolemy.actor.Manager$PtolemyRunThread.run(Manager.java:1915)

    while executing
ptolemy.kernel.util.IllegalActionException: Actor is not ready to fire.  Perhaps UpSample.prefire() returned false? Try debugging the actor by selecting "Listen to Actor".  Also, for SDF check moml for tokenConsumptionRate on input.
  in .DESDFClockTest.Play Bell.Copy1:SDF Director and .DESDFClockTest.Play Bell.UpSample
    while executing
"java::new ptolemy.moml.MoMLSimpleApplication $file
"
    (procedure "createAndExecute" line 2)
    invoked from within
"createAndExecute $file"
    ("uplevel" body line 5)
    invoked from within
"uplevel $contents_of_test"
------------------ testing $PTII/ptolemy/domains/de/test/auto/knownFailedTests/FSMSource.xml (Known Failure) 
36 ms. Memory: 146944K Free: 112118K (76%)
!!!! Auto was marked as failing, but now passes
------------------ testing $PTII/ptolemy/domains/de/test/auto/knownFailedTests/dependencyLoop2.xml (Known Failure) 
12 ms. Memory: 146944K Free: 110235K (75%)


==== $PTIIhome/travis/build/icyphy/ptII/ptolemy/domains/de/test/../../../../: Auto Automatic test in file $PTII/ptolemy/domains/de/test/auto/knownFailedTests/dependencyLoop2.xml
==== Contents of test case:

	    # FIXME: we should use $relativeFilename here, but it
	    # might have backslashes under Windows, which causes no end
	    # of trouble.
	    createAndExecute $file
	    list {}
	
.... Test generated KNOWN error:
    while executing
ptolemy.kernel.util.IllegalActionException: Found a zero delay loop containing .dependencyLoop2.original
  in .dependencyLoop2 and .dependencyLoop2.original
	at ptolemy.actor.util.CausalityInterfaceForComposites._computeOutputPortDepth(CausalityInterfaceForComposites.java:759)
	at ptolemy.actor.util.CausalityInterfaceForComposites._computeInputDepth(CausalityInterfaceForComposites.java:696)
	at ptolemy.actor.util.CausalityInterfaceForComposites._computeOutputPortDepth(CausalityInterfaceForComposites.java:765)
	at ptolemy.actor.util.CausalityInterfaceForComposites._computeInputDepth(CausalityInterfaceForComposites.java:696)
	at ptolemy.actor.util.CausalityInterfaceForComposites._computeOutputPortDepth(CausalityInterfaceForComposites.java:765)
	at ptolemy.actor.util.CausalityInterfaceForComposites._computeInputDepth(CausalityInterfaceForComposites.java:696)
	at ptolemy.actor.util.CausalityInterfaceForComposites._computeActorDepth(CausalityInterfaceForComposites.java:532)
	at ptolemy.actor.util.CausalityInterfaceForComposites.checkForCycles(CausalityInterfaceForComposites.java:96)
	at ptolemy.domains.de.kernel.DEDirector.preinitialize(DEDirector.java:1338)
	at ptolemy.actor.CompositeActor.preinitialize(CompositeActor.java:1828)
	at ptolemy.actor.Manager.preinitializeAndResolveTypes(Manager.java:1040)
	at ptolemy.actor.Manager.initialize(Manager.java:710)
	at ptolemy.actor.Manager.execute(Manager.java:356)
	at ptolemy.actor.Manager.run(Manager.java:1263)
	at ptolemy.actor.Manager$PtolemyRunThread.run(Manager.java:1915)

    while executing
ptolemy.kernel.util.IllegalActionException: Found a zero delay loop containing .dependencyLoop2.original
  in .dependencyLoop2 and .dependencyLoop2.original
    while executing
"java::new ptolemy.moml.MoMLSimpleApplication $file
"
    (procedure "createAndExecute" line 2)
    invoked from within
"createAndExecute $file"
    ("uplevel" body line 5)
    invoked from within
"uplevel $contents_of_test"
------------------ testing $PTII/ptolemy/domains/de/test/auto/knownFailedTests/HierarchicalModel.xml (Known Failure) 
6 ms. Memory: 146944K Free: 90061K (61%)


==== $PTIIhome/travis/build/icyphy/ptII/ptolemy/domains/de/test/../../../../: Auto Automatic test in file $PTII/ptolemy/domains/de/test/auto/knownFailedTests/HierarchicalModel.xml
==== Contents of test case:

	    # FIXME: we should use $relativeFilename here, but it
	    # might have backslashes under Windows, which causes no end
	    # of trouble.
	    createAndExecute $file
	    list {}
	
.... Test generated KNOWN error:
    while executing
ptolemy.kernel.util.IllegalActionException: Found a zero delay loop containing .HierarchicalModel.A
  in .HierarchicalModel and .HierarchicalModel.A
	at ptolemy.actor.util.CausalityInterfaceForComposites._computeOutputPortDepth(CausalityInterfaceForComposites.java:759)
	at ptolemy.actor.util.CausalityInterfaceForComposites._computeInputDepth(CausalityInterfaceForComposites.java:696)
	at ptolemy.actor.util.CausalityInterfaceForComposites._computeOutputPortDepth(CausalityInterfaceForComposites.java:765)
	at ptolemy.actor.util.CausalityInterfaceForComposites._computeInputDepth(CausalityInterfaceForComposites.java:696)
	at ptolemy.actor.util.CausalityInterfaceForComposites._computeOutputPortDepth(CausalityInterfaceForComposites.java:765)
	at ptolemy.actor.util.CausalityInterfaceForComposites._computeInputDepth(CausalityInterfaceForComposites.java:696)
	at ptolemy.actor.util.CausalityInterfaceForComposites._computeActorDepth(CausalityInterfaceForComposites.java:532)
	at ptolemy.actor.util.CausalityInterfaceForComposites.checkForCycles(CausalityInterfaceForComposites.java:96)
	at ptolemy.domains.de.kernel.DEDirector.preinitialize(DEDirector.java:1338)
	at ptolemy.actor.CompositeActor.preinitialize(CompositeActor.java:1828)
	at ptolemy.actor.Manager.preinitializeAndResolveTypes(Manager.java:1040)
	at ptolemy.actor.Manager.initialize(Manager.java:710)
	at ptolemy.actor.Manager.execute(Manager.java:356)
	at ptolemy.actor.Manager.run(Manager.java:1263)
	at ptolemy.actor.Manager$PtolemyRunThread.run(Manager.java:1915)

    while executing
ptolemy.kernel.util.IllegalActionException: Found a zero delay loop containing .HierarchicalModel.A
  in .HierarchicalModel and .HierarchicalModel.A
    while executing
"java::new ptolemy.moml.MoMLSimpleApplication $file
"
    (procedure "createAndExecute" line 2)
    invoked from within
"createAndExecute $file"
    ("uplevel" body line 5)
    invoked from within
"uplevel $contents_of_test"
------------------ testing $PTII/ptolemy/domains/de/test/auto/knownFailedTests/DirectFeedback.xml (Known Failure) 
4 ms. Memory: 146944K Free: 85949K (58%)


==== $PTIIhome/travis/build/icyphy/ptII/ptolemy/domains/de/test/../../../../: Auto Automatic test in file $PTII/ptolemy/domains/de/test/auto/knownFailedTests/DirectFeedback.xml
==== Contents of test case:

	    # FIXME: we should use $relativeFilename here, but it
	    # might have backslashes under Windows, which causes no end
	    # of trouble.
	    createAndExecute $file
	    list {}
	
.... Test generated KNOWN error:
    while executing
ptolemy.kernel.util.IllegalActionException: Test fails in iteration 1.
Value was: 1.0. Should have been: 2.0
  in .DirectFeedback.Test
	at ptolemy.actor.lib.Test.fire(Test.java:268)
	at ptolemy.domains.de.kernel.DEDirector._fire(DEDirector.java:1949)
	at ptolemy.domains.de.kernel.DEDirector.fire(DEDirector.java:502)
	at ptolemy.actor.CompositeActor.fire(CompositeActor.java:455)
	at ptolemy.actor.Manager.iterate(Manager.java:851)
	at ptolemy.actor.Manager.execute(Manager.java:369)
	at ptolemy.actor.Manager.run(Manager.java:1263)
	at ptolemy.actor.Manager$PtolemyRunThread.run(Manager.java:1915)

    while executing
ptolemy.kernel.util.IllegalActionException: Test fails in iteration 1.
Value was: 1.0. Should have been: 2.0
  in .DirectFeedback.Test
    while executing
"java::new ptolemy.moml.MoMLSimpleApplication $file
"
    (procedure "createAndExecute" line 2)
    invoked from within
"createAndExecute $file"
    ("uplevel" body line 5)
    invoked from within
"uplevel $contents_of_test"
------------------ testing $PTII/ptolemy/domains/de/test/auto/ActorDepthCalculation_actorWithoutPorts.xml
auto.tcl: Setting watchdog for 200 seconds at Thu Apr 18 04:29:25 UTC 2019
3 ms. Memory: 146944K Free: 138700K (94%)
ptolemy.util.test.WatchDog.cancel(): canceling Thu Apr 18 04:29:25 UTC 2019
auto.tcl: Setting watchdog for 200 seconds at Thu Apr 18 04:29:25 UTC 2019
4 ms. Memory: 146944K Free: 137684K (94%)
ptolemy.util.test.WatchDog.cancel(): canceling Thu Apr 18 04:29:25 UTC 2019
------------------ testing $PTII/ptolemy/domains/de/test/auto/AssemblyLine.xml
auto.tcl: Setting watchdog for 200 seconds at Thu Apr 18 04:29:26 UTC 2019
21 ms. Memory: 208384K Free: 183432K (88%)
ptolemy.util.test.WatchDog.cancel(): canceling Thu Apr 18 04:29:26 UTC 2019
auto.tcl: Setting watchdog for 200 seconds at Thu Apr 18 04:29:26 UTC 2019
9 ms. Memory: 208384K Free: 183432K (88%)
ptolemy.util.test.WatchDog.cancel(): canceling Thu Apr 18 04:29:26 UTC 2019
------------------ testing $PTII/ptolemy/domains/de/test/auto/CQBug1.xml
auto.tcl: Setting watchdog for 200 seconds at Thu Apr 18 04:29:26 UTC 2019
10 ms. Memory: 208384K Free: 197920K (95%)
ptolemy.util.test.WatchDog.cancel(): canceling Thu Apr 18 04:29:26 UTC 2019
auto.tcl: Setting watchdog for 200 seconds at Thu Apr 18 04:29:26 UTC 2019
2 ms. Memory: 208384K Free: 197920K (95%)
ptolemy.util.test.WatchDog.cancel(): canceling Thu Apr 18 04:29:26 UTC 2019
------------------ testing $PTII/ptolemy/domains/de/test/auto/CancelFireAt.xml
auto.tcl: Setting watchdog for 200 seconds at Thu Apr 18 04:29:26 UTC 2019
4 ms. Memory: 208384K Free: 201428K (97%)
ptolemy.util.test.WatchDog.cancel(): canceling Thu Apr 18 04:29:26 UTC 2019
auto.tcl: Setting watchdog for 200 seconds at Thu Apr 18 04:29:26 UTC 2019
6 ms. Memory: 208384K Free: 199396K (96%)
ptolemy.util.test.WatchDog.cancel(): canceling Thu Apr 18 04:29:26 UTC 2019
------------------ testing $PTII/ptolemy/domains/de/test/auto/CausalityAndComposabilityAnalysis.xml
auto.tcl: Setting watchdog for 200 seconds at Thu Apr 18 04:29:26 UTC 2019
8 ms. Memory: 208384K Free: 198993K (95%)
ptolemy.util.test.WatchDog.cancel(): canceling Thu Apr 18 04:29:26 UTC 2019
auto.tcl: Setting watchdog for 200 seconds at Thu Apr 18 04:29:26 UTC 2019
11 ms. Memory: 208384K Free: 196961K (95%)
ptolemy.util.test.WatchDog.cancel(): canceling Thu Apr 18 04:29:26 UTC 2019
------------------ testing $PTII/ptolemy/domains/de/test/auto/CausalityInterface1.xml
auto.tcl: Setting watchdog for 200 seconds at Thu Apr 18 04:29:26 UTC 2019
13 ms. Memory: 208384K Free: 196380K (94%)
ptolemy.util.test.WatchDog.cancel(): canceling Thu Apr 18 04:29:26 UTC 2019
auto.tcl: Setting watchdog for 200 seconds at Thu Apr 18 04:29:26 UTC 2019
17 ms. Memory: 208384K Free: 196380K (94%)
ptolemy.util.test.WatchDog.cancel(): canceling Thu Apr 18 04:29:26 UTC 2019
------------------ testing $PTII/ptolemy/domains/de/test/auto/CausalityInterface15.xml
auto.tcl: Setting watchdog for 200 seconds at Thu Apr 18 04:29:26 UTC 2019
8 ms. Memory: 208384K Free: 196338K (94%)
ptolemy.util.test.WatchDog.cancel(): canceling Thu Apr 18 04:29:26 UTC 2019
auto.tcl: Setting watchdog for 200 seconds at Thu Apr 18 04:29:26 UTC 2019
9 ms. Memory: 208384K Free: 196338K (94%)
ptolemy.util.test.WatchDog.cancel(): canceling Thu Apr 18 04:29:26 UTC 2019
------------------ testing $PTII/ptolemy/domains/de/test/auto/CausalityInterface2.xml
auto.tcl: Setting watchdog for 200 seconds at Thu Apr 18 04:29:26 UTC 2019
9 ms. Memory: 208384K Free: 196354K (94%)
ptolemy.util.test.WatchDog.cancel(): canceling Thu Apr 18 04:29:26 UTC 2019
auto.tcl: Setting watchdog for 200 seconds at Thu Apr 18 04:29:26 UTC 2019
7 ms. Memory: 208384K Free: 196354K (94%)
ptolemy.util.test.WatchDog.cancel(): canceling Thu Apr 18 04:29:26 UTC 2019
------------------ testing $PTII/ptolemy/domains/de/test/auto/CausalityInterface3.xml
auto.tcl: Setting watchdog for 200 seconds at Thu Apr 18 04:29:27 UTC 2019
4 ms. Memory: 208384K Free: 196367K (94%)
ptolemy.util.test.WatchDog.cancel(): canceling Thu Apr 18 04:29:27 UTC 2019
auto.tcl: Setting watchdog for 200 seconds at Thu Apr 18 04:29:27 UTC 2019
3 ms. Memory: 208384K Free: 196367K (94%)
ptolemy.util.test.WatchDog.cancel(): canceling Thu Apr 18 04:29:27 UTC 2019
------------------ testing $PTII/ptolemy/domains/de/test/auto/ClockDrift.xml
auto.tcl: Setting watchdog for 200 seconds at Thu Apr 18 04:29:27 UTC 2019
61 ms. Memory: 208384K Free: 187802K (90%)
ptolemy.util.test.WatchDog.cancel(): canceling Thu Apr 18 04:29:27 UTC 2019
auto.tcl: Setting watchdog for 200 seconds at Thu Apr 18 04:29:27 UTC 2019
56 ms. Memory: 208384K Free: 185770K (89%)
ptolemy.util.test.WatchDog.cancel(): canceling Thu Apr 18 04:29:27 UTC 2019
------------------ testing $PTII/ptolemy/domains/de/test/auto/ClockDriftAndValueChange.xml
auto.tcl: Setting watchdog for 200 seconds at Thu Apr 18 04:29:27 UTC 2019
67 ms. Memory: 208384K Free: 187639K (90%)
ptolemy.util.test.WatchDog.cancel(): canceling Thu Apr 18 04:29:27 UTC 2019
auto.tcl: Setting watchdog for 200 seconds at Thu Apr 18 04:29:27 UTC 2019
24 ms. Memory: 208384K Free: 185607K (89%)
ptolemy.util.test.WatchDog.cancel(): canceling Thu Apr 18 04:29:27 UTC 2019
------------------ testing $PTII/ptolemy/domains/de/test/auto/ClockDriftChange.xml
auto.tcl: Setting watchdog for 200 seconds at Thu Apr 18 04:29:27 UTC 2019
19 ms. Memory: 208384K Free: 190892K (92%)
ptolemy.util.test.WatchDog.cancel(): canceling Thu Apr 18 04:29:27 UTC 2019
auto.tcl: Setting watchdog for 200 seconds at Thu Apr 18 04:29:27 UTC 2019
24 ms. Memory: 208384K Free: 188860K (91%)
ptolemy.util.test.WatchDog.cancel(): canceling Thu Apr 18 04:29:27 UTC 2019
------------------ testing $PTII/ptolemy/domains/de/test/auto/ComposableCausalityAnalysis.xml
auto.tcl: Setting watchdog for 200 seconds at Thu Apr 18 04:29:27 UTC 2019
3 ms. Memory: 208384K Free: 196221K (94%)
ptolemy.util.test.WatchDog.cancel(): canceling Thu Apr 18 04:29:27 UTC 2019
auto.tcl: Setting watchdog for 200 seconds at Thu Apr 18 04:29:27 UTC 2019
1 ms. Memory: 208384K Free: 194189K (93%)
ptolemy.util.test.WatchDog.cancel(): canceling Thu Apr 18 04:29:27 UTC 2019
------------------ testing $PTII/ptolemy/domains/de/test/auto/DEFixedPointLimitation.xml
auto.tcl: Setting watchdog for 200 seconds at Thu Apr 18 04:29:27 UTC 2019
2 ms. Memory: 208384K Free: 196302K (94%)
ptolemy.util.test.WatchDog.cancel(): canceling Thu Apr 18 04:29:27 UTC 2019
auto.tcl: Setting watchdog for 200 seconds at Thu Apr 18 04:29:27 UTC 2019
1 ms. Memory: 208384K Free: 196302K (94%)
ptolemy.util.test.WatchDog.cancel(): canceling Thu Apr 18 04:29:27 UTC 2019
------------------ testing $PTII/ptolemy/domains/de/test/auto/DEScheduleTest.xml
auto.tcl: Setting watchdog for 200 seconds at Thu Apr 18 04:29:27 UTC 2019
4 ms. Memory: 208384K Free: 198889K (95%)
ptolemy.util.test.WatchDog.cancel(): canceling Thu Apr 18 04:29:27 UTC 2019
auto.tcl: Setting watchdog for 200 seconds at Thu Apr 18 04:29:27 UTC 2019
6 ms. Memory: 208384K Free: 196338K (94%)
ptolemy.util.test.WatchDog.cancel(): canceling Thu Apr 18 04:29:27 UTC 2019
------------------ testing $PTII/ptolemy/domains/de/test/auto/DEinDEwithStartTimes.xml
auto.tcl: Setting watchdog for 200 seconds at Thu Apr 18 04:29:27 UTC 2019
10 ms. Memory: 208384K Free: 196307K (94%)
ptolemy.util.test.WatchDog.cancel(): canceling Thu Apr 18 04:29:27 UTC 2019
auto.tcl: Setting watchdog for 200 seconds at Thu Apr 18 04:29:27 UTC 2019
4 ms. Memory: 208384K Free: 194275K (93%)
ptolemy.util.test.WatchDog.cancel(): canceling Thu Apr 18 04:29:27 UTC 2019
------------------ testing $PTII/ptolemy/domains/de/test/auto/DEinDEwithStartTimes2.xml
auto.tcl: Setting watchdog for 200 seconds at Thu Apr 18 04:29:27 UTC 2019
4 ms. Memory: 208384K Free: 196287K (94%)
ptolemy.util.test.WatchDog.cancel(): canceling Thu Apr 18 04:29:28 UTC 2019
auto.tcl: Setting watchdog for 200 seconds at Thu Apr 18 04:29:28 UTC 2019
4 ms. Memory: 208384K Free: 194255K (93%)
ptolemy.util.test.WatchDog.cancel(): canceling Thu Apr 18 04:29:28 UTC 2019
------------------ testing $PTII/ptolemy/domains/de/test/auto/DateDemo.xml
auto.tcl: Setting watchdog for 200 seconds at Thu Apr 18 04:29:28 UTC 2019
19 ms. Memory: 208384K Free: 188921K (91%)
ptolemy.util.test.WatchDog.cancel(): canceling Thu Apr 18 04:29:28 UTC 2019
auto.tcl: Setting watchdog for 200 seconds at Thu Apr 18 04:29:28 UTC 2019
12 ms. Memory: 208384K Free: 186889K (90%)
ptolemy.util.test.WatchDog.cancel(): canceling Thu Apr 18 04:29:28 UTC 2019
------------------ testing $PTII/ptolemy/domains/de/test/auto/DateToEvent.xml
auto.tcl: Setting watchdog for 200 seconds at Thu Apr 18 04:29:28 UTC 2019
2020 ms. Memory: 208384K Free: 183831K (88%)
ptolemy.util.test.WatchDog.cancel(): canceling Thu Apr 18 04:29:30 UTC 2019
auto.tcl: Setting watchdog for 200 seconds at Thu Apr 18 04:29:30 UTC 2019
2005 ms. Memory: 208384K Free: 183831K (88%)
ptolemy.util.test.WatchDog.cancel(): canceling Thu Apr 18 04:29:32 UTC 2019
------------------ testing $PTII/ptolemy/domains/de/test/auto/DepthTest1.xml
auto.tcl: Setting watchdog for 200 seconds at Thu Apr 18 04:29:32 UTC 2019
5 ms. Memory: 208384K Free: 195116K (94%)
ptolemy.util.test.WatchDog.cancel(): canceling Thu Apr 18 04:29:32 UTC 2019
auto.tcl: Setting watchdog for 200 seconds at Thu Apr 18 04:29:32 UTC 2019
3 ms. Memory: 208384K Free: 195116K (94%)
ptolemy.util.test.WatchDog.cancel(): canceling Thu Apr 18 04:29:32 UTC 2019
------------------ testing $PTII/ptolemy/domains/de/test/auto/DepthTest2.xml
auto.tcl: Setting watchdog for 200 seconds at Thu Apr 18 04:29:32 UTC 2019
4 ms. Memory: 208384K Free: 193941K (93%)
ptolemy.util.test.WatchDog.cancel(): canceling Thu Apr 18 04:29:32 UTC 2019
auto.tcl: Setting watchdog for 200 seconds at Thu Apr 18 04:29:32 UTC 2019
7 ms. Memory: 208384K Free: 193941K (93%)
ptolemy.util.test.WatchDog.cancel(): canceling Thu Apr 18 04:29:32 UTC 2019
------------------ testing $PTII/ptolemy/domains/de/test/auto/DepthTest3.xml
auto.tcl: Setting watchdog for 200 seconds at Thu Apr 18 04:29:32 UTC 2019
2 ms. Memory: 208384K Free: 197907K (95%)
ptolemy.util.test.WatchDog.cancel(): canceling Thu Apr 18 04:29:32 UTC 2019
auto.tcl: Setting watchdog for 200 seconds at Thu Apr 18 04:29:32 UTC 2019
4 ms. Memory: 208384K Free: 197907K (95%)
ptolemy.util.test.WatchDog.cancel(): canceling Thu Apr 18 04:29:32 UTC 2019
------------------ testing $PTII/ptolemy/domains/de/test/auto/DepthTest4.xml
auto.tcl: Setting watchdog for 200 seconds at Thu Apr 18 04:29:32 UTC 2019
7 ms. Memory: 208384K Free: 195961K (94%)
ptolemy.util.test.WatchDog.cancel(): canceling Thu Apr 18 04:29:32 UTC 2019
auto.tcl: Setting watchdog for 200 seconds at Thu Apr 18 04:29:32 UTC 2019
2 ms. Memory: 208384K Free: 195961K (94%)
ptolemy.util.test.WatchDog.cancel(): canceling Thu Apr 18 04:29:32 UTC 2019
------------------ testing $PTII/ptolemy/domains/de/test/auto/DepthTest5.xml
auto.tcl: Setting watchdog for 200 seconds at Thu Apr 18 04:29:32 UTC 2019
3 ms. Memory: 208384K Free: 195909K (94%)
ptolemy.util.test.WatchDog.cancel(): canceling Thu Apr 18 04:29:32 UTC 2019
auto.tcl: Setting watchdog for 200 seconds at Thu Apr 18 04:29:32 UTC 2019
3 ms. Memory: 208384K Free: 195909K (94%)
ptolemy.util.test.WatchDog.cancel(): canceling Thu Apr 18 04:29:32 UTC 2019
------------------ testing $PTII/ptolemy/domains/de/test/auto/DepthTest6.xml
auto.tcl: Setting watchdog for 200 seconds at Thu Apr 18 04:29:32 UTC 2019
9 ms. Memory: 208384K Free: 195885K (94%)
ptolemy.util.test.WatchDog.cancel(): canceling Thu Apr 18 04:29:32 UTC 2019
auto.tcl: Setting watchdog for 200 seconds at Thu Apr 18 04:29:32 UTC 2019
2 ms. Memory: 208384K Free: 195885K (94%)
ptolemy.util.test.WatchDog.cancel(): canceling Thu Apr 18 04:29:32 UTC 2019
------------------ testing $PTII/ptolemy/domains/de/test/auto/DepthTest7.xml
auto.tcl: Setting watchdog for 200 seconds at Thu Apr 18 04:29:32 UTC 2019
2 ms. Memory: 208384K Free: 195866K (94%)
ptolemy.util.test.WatchDog.cancel(): canceling Thu Apr 18 04:29:32 UTC 2019
auto.tcl: Setting watchdog for 200 seconds at Thu Apr 18 04:29:32 UTC 2019
2 ms. Memory: 208384K Free: 195866K (94%)
ptolemy.util.test.WatchDog.cancel(): canceling Thu Apr 18 04:29:32 UTC 2019
------------------ testing $PTII/ptolemy/domains/de/test/auto/EventToDate.xml
auto.tcl: Setting watchdog for 200 seconds at Thu Apr 18 04:29:32 UTC 2019
3010 ms. Memory: 208384K Free: 185728K (89%)
ptolemy.util.test.WatchDog.cancel(): canceling Thu Apr 18 04:29:36 UTC 2019
auto.tcl: Setting watchdog for 200 seconds at Thu Apr 18 04:29:36 UTC 2019
3004 ms. Memory: 208384K Free: 185728K (89%)
ptolemy.util.test.WatchDog.cancel(): canceling Thu Apr 18 04:29:39 UTC 2019
------------------ testing $PTII/ptolemy/domains/de/test/auto/FSM1.xml
auto.tcl: Setting watchdog for 200 seconds at Thu Apr 18 04:29:39 UTC 2019
18 ms. Memory: 208384K Free: 189053K (91%)
ptolemy.util.test.WatchDog.cancel(): canceling Thu Apr 18 04:29:39 UTC 2019
auto.tcl: Setting watchdog for 200 seconds at Thu Apr 18 04:29:39 UTC 2019
23 ms. Memory: 208384K Free: 184989K (89%)
ptolemy.util.test.WatchDog.cancel(): canceling Thu Apr 18 04:29:39 UTC 2019
------------------ testing $PTII/ptolemy/domains/de/test/auto/FSM7.xml
auto.tcl: Setting watchdog for 200 seconds at Thu Apr 18 04:29:39 UTC 2019
27 ms. Memory: 208384K Free: 187222K (90%)
ptolemy.util.test.WatchDog.cancel(): canceling Thu Apr 18 04:29:39 UTC 2019
auto.tcl: Setting watchdog for 200 seconds at Thu Apr 18 04:29:39 UTC 2019
17 ms. Memory: 208384K Free: 185189K (89%)
ptolemy.util.test.WatchDog.cancel(): canceling Thu Apr 18 04:29:39 UTC 2019
------------------ testing $PTII/ptolemy/domains/de/test/auto/Inspection.xml
auto.tcl: Setting watchdog for 200 seconds at Thu Apr 18 04:29:39 UTC 2019
20 ms. Memory: 208384K Free: 188954K (91%)
ptolemy.util.test.WatchDog.cancel(): canceling Thu Apr 18 04:29:39 UTC 2019
auto.tcl: Setting watchdog for 200 seconds at Thu Apr 18 04:29:39 UTC 2019
31 ms. Memory: 208384K Free: 186922K (90%)
ptolemy.util.test.WatchDog.cancel(): canceling Thu Apr 18 04:29:39 UTC 2019
------------------ testing $PTII/ptolemy/domains/de/test/auto/Iteration.xml
auto.tcl: Setting watchdog for 200 seconds at Thu Apr 18 04:29:39 UTC 2019
8 ms. Memory: 208384K Free: 196188K (94%)
ptolemy.util.test.WatchDog.cancel(): canceling Thu Apr 18 04:29:39 UTC 2019
auto.tcl: Setting watchdog for 200 seconds at Thu Apr 18 04:29:39 UTC 2019
6 ms. Memory: 208384K Free: 193636K (93%)
ptolemy.util.test.WatchDog.cancel(): canceling Thu Apr 18 04:29:39 UTC 2019
------------------ testing $PTII/ptolemy/domains/de/test/auto/LineFault.xml
auto.tcl: Setting watchdog for 200 seconds at Thu Apr 18 04:29:39 UTC 2019
741 ms. Memory: 208384K Free: 200575K (96%)
ptolemy.util.test.WatchDog.cancel(): canceling Thu Apr 18 04:29:40 UTC 2019
auto.tcl: Setting watchdog for 200 seconds at Thu Apr 18 04:29:40 UTC 2019
574 ms. Memory: 208384K Free: 143425K (69%)
ptolemy.util.test.WatchDog.cancel(): canceling Thu Apr 18 04:29:41 UTC 2019
------------------ testing $PTII/ptolemy/domains/de/test/auto/MergeModel1Add.xml
auto.tcl: Setting watchdog for 200 seconds at Thu Apr 18 04:29:41 UTC 2019
30 ms. Memory: 331264K Free: 300444K (91%)
ptolemy.util.test.WatchDog.cancel(): canceling Thu Apr 18 04:29:41 UTC 2019
auto.tcl: Setting watchdog for 200 seconds at Thu Apr 18 04:29:41 UTC 2019
8 ms. Memory: 331264K Free: 300444K (91%)
ptolemy.util.test.WatchDog.cancel(): canceling Thu Apr 18 04:29:41 UTC 2019
------------------ testing $PTII/ptolemy/domains/de/test/auto/MergeModel2Add.xml
auto.tcl: Setting watchdog for 200 seconds at Thu Apr 18 04:29:41 UTC 2019
9 ms. Memory: 331264K Free: 305341K (92%)
ptolemy.util.test.WatchDog.cancel(): canceling Thu Apr 18 04:29:41 UTC 2019
auto.tcl: Setting watchdog for 200 seconds at Thu Apr 18 04:29:41 UTC 2019
10 ms. Memory: 331264K Free: 301790K (91%)
ptolemy.util.test.WatchDog.cancel(): canceling Thu Apr 18 04:29:41 UTC 2019
------------------ testing $PTII/ptolemy/domains/de/test/auto/MergeModel3Add.xml
auto.tcl: Setting watchdog for 200 seconds at Thu Apr 18 04:29:41 UTC 2019
8 ms. Memory: 331264K Free: 305351K (92%)
ptolemy.util.test.WatchDog.cancel(): canceling Thu Apr 18 04:29:41 UTC 2019
auto.tcl: Setting watchdog for 200 seconds at Thu Apr 18 04:29:41 UTC 2019
8 ms. Memory: 331264K Free: 301800K (91%)
ptolemy.util.test.WatchDog.cancel(): canceling Thu Apr 18 04:29:41 UTC 2019
------------------ testing $PTII/ptolemy/domains/de/test/auto/MergeWithoutDiscard.xml
auto.tcl: Setting watchdog for 200 seconds at Thu Apr 18 04:29:41 UTC 2019
2 ms. Memory: 331264K Free: 316675K (96%)
ptolemy.util.test.WatchDog.cancel(): canceling Thu Apr 18 04:29:41 UTC 2019
auto.tcl: Setting watchdog for 200 seconds at Thu Apr 18 04:29:41 UTC 2019
2 ms. Memory: 331264K Free: 316000K (95%)
ptolemy.util.test.WatchDog.cancel(): canceling Thu Apr 18 04:29:41 UTC 2019
------------------ testing $PTII/ptolemy/domains/de/test/auto/Modal1.xml
auto.tcl: Setting watchdog for 200 seconds at Thu Apr 18 04:29:41 UTC 2019
20 ms. Memory: 331264K Free: 310303K (94%)
ptolemy.util.test.WatchDog.cancel(): canceling Thu Apr 18 04:29:41 UTC 2019
auto.tcl: Setting watchdog for 200 seconds at Thu Apr 18 04:29:41 UTC 2019
26 ms. Memory: 331264K Free: 306753K (93%)
ptolemy.util.test.WatchDog.cancel(): canceling Thu Apr 18 04:29:41 UTC 2019
------------------ testing $PTII/ptolemy/domains/de/test/auto/Modal2.xml
auto.tcl: Setting watchdog for 200 seconds at Thu Apr 18 04:29:41 UTC 2019
11 ms. Memory: 331264K Free: 310163K (94%)
ptolemy.util.test.WatchDog.cancel(): canceling Thu Apr 18 04:29:42 UTC 2019
auto.tcl: Setting watchdog for 200 seconds at Thu Apr 18 04:29:42 UTC 2019
12 ms. Memory: 331264K Free: 306612K (93%)
ptolemy.util.test.WatchDog.cancel(): canceling Thu Apr 18 04:29:42 UTC 2019
------------------ testing $PTII/ptolemy/domains/de/test/auto/Modal3.xml
auto.tcl: Setting watchdog for 200 seconds at Thu Apr 18 04:29:42 UTC 2019
13 ms. Memory: 331264K Free: 310845K (94%)
ptolemy.util.test.WatchDog.cancel(): canceling Thu Apr 18 04:29:42 UTC 2019
auto.tcl: Setting watchdog for 200 seconds at Thu Apr 18 04:29:42 UTC 2019
15 ms. Memory: 331264K Free: 306619K (93%)
ptolemy.util.test.WatchDog.cancel(): canceling Thu Apr 18 04:29:42 UTC 2019
------------------ testing $PTII/ptolemy/domains/de/test/auto/Modal4.xml
auto.tcl: Setting watchdog for 200 seconds at Thu Apr 18 04:29:42 UTC 2019
14 ms. Memory: 331264K Free: 310175K (94%)
ptolemy.util.test.WatchDog.cancel(): canceling Thu Apr 18 04:29:42 UTC 2019
auto.tcl: Setting watchdog for 200 seconds at Thu Apr 18 04:29:42 UTC 2019
16 ms. Memory: 331264K Free: 306624K (93%)
ptolemy.util.test.WatchDog.cancel(): canceling Thu Apr 18 04:29:42 UTC 2019
------------------ testing $PTII/ptolemy/domains/de/test/auto/Modal5.xml
auto.tcl: Setting watchdog for 200 seconds at Thu Apr 18 04:29:42 UTC 2019
15 ms. Memory: 331264K Free: 310162K (94%)
ptolemy.util.test.WatchDog.cancel(): canceling Thu Apr 18 04:29:42 UTC 2019
auto.tcl: Setting watchdog for 200 seconds at Thu Apr 18 04:29:42 UTC 2019
14 ms. Memory: 331264K Free: 306611K (93%)
ptolemy.util.test.WatchDog.cancel(): canceling Thu Apr 18 04:29:42 UTC 2019
------------------ testing $PTII/ptolemy/domains/de/test/auto/Modal6.xml
auto.tcl: Setting watchdog for 200 seconds at Thu Apr 18 04:29:42 UTC 2019
15 ms. Memory: 331264K Free: 310160K (94%)
ptolemy.util.test.WatchDog.cancel(): canceling Thu Apr 18 04:29:42 UTC 2019
auto.tcl: Setting watchdog for 200 seconds at Thu Apr 18 04:29:42 UTC 2019
18 ms. Memory: 331264K Free: 306609K (93%)
ptolemy.util.test.WatchDog.cancel(): canceling Thu Apr 18 04:29:42 UTC 2019
------------------ testing $PTII/ptolemy/domains/de/test/auto/Modal7.xml
auto.tcl: Setting watchdog for 200 seconds at Thu Apr 18 04:29:42 UTC 2019
18 ms. Memory: 331264K Free: 306609K (93%)
ptolemy.util.test.WatchDog.cancel(): canceling Thu Apr 18 04:29:42 UTC 2019
auto.tcl: Setting watchdog for 200 seconds at Thu Apr 18 04:29:42 UTC 2019
11 ms. Memory: 331264K Free: 303058K (91%)
ptolemy.util.test.WatchDog.cancel(): canceling Thu Apr 18 04:29:42 UTC 2019
------------------ testing $PTII/ptolemy/domains/de/test/auto/ModalModel.xml
auto.tcl: Setting watchdog for 200 seconds at Thu Apr 18 04:29:42 UTC 2019
224 ms. Memory: 331264K Free: 247866K (75%)
ptolemy.util.test.WatchDog.cancel(): canceling Thu Apr 18 04:29:42 UTC 2019
auto.tcl: Setting watchdog for 200 seconds at Thu Apr 18 04:29:42 UTC 2019
194 ms. Memory: 331264K Free: 191054K (58%)
ptolemy.util.test.WatchDog.cancel(): canceling Thu Apr 18 04:29:43 UTC 2019
------------------ testing $PTII/ptolemy/domains/de/test/auto/ModalSource.xml
auto.tcl: Setting watchdog for 200 seconds at Thu Apr 18 04:29:43 UTC 2019
6 ms. Memory: 331264K Free: 316413K (96%)
ptolemy.util.test.WatchDog.cancel(): canceling Thu Apr 18 04:29:43 UTC 2019
auto.tcl: Setting watchdog for 200 seconds at Thu Apr 18 04:29:43 UTC 2019
6 ms. Memory: 331264K Free: 313158K (95%)
ptolemy.util.test.WatchDog.cancel(): canceling Thu Apr 18 04:29:43 UTC 2019
------------------ testing $PTII/ptolemy/domains/de/test/auto/NonInterruptibleTimerZeroDelay.xml
auto.tcl: Setting watchdog for 200 seconds at Thu Apr 18 04:29:43 UTC 2019
4 ms. Memory: 331264K Free: 320759K (97%)
ptolemy.util.test.WatchDog.cancel(): canceling Thu Apr 18 04:29:43 UTC 2019
auto.tcl: Setting watchdog for 200 seconds at Thu Apr 18 04:29:43 UTC 2019
3 ms. Memory: 331264K Free: 317504K (96%)
ptolemy.util.test.WatchDog.cancel(): canceling Thu Apr 18 04:29:43 UTC 2019
------------------ testing $PTII/ptolemy/domains/de/test/auto/OpenQueueingNetwork.xml
auto.tcl: Setting watchdog for 200 seconds at Thu Apr 18 04:29:43 UTC 2019
2873 ms. Memory: 317952K Free: 164473K (52%)
ptolemy.util.test.WatchDog.cancel(): canceling Thu Apr 18 04:29:46 UTC 2019
auto.tcl: Setting watchdog for 200 seconds at Thu Apr 18 04:29:46 UTC 2019
2530 ms. Memory: 287232K Free: 236435K (82%)
ptolemy.util.test.WatchDog.cancel(): canceling Thu Apr 18 04:29:48 UTC 2019
------------------ testing $PTII/ptolemy/domains/de/test/auto/OpenQueuingNetwork.xml
auto.tcl: Setting watchdog for 200 seconds at Thu Apr 18 04:29:48 UTC 2019
245 ms. Memory: 287232K Free: 187231K (65%)
ptolemy.util.test.WatchDog.cancel(): canceling Thu Apr 18 04:29:49 UTC 2019
auto.tcl: Setting watchdog for 200 seconds at Thu Apr 18 04:29:49 UTC 2019
231 ms. Memory: 287232K Free: 130439K (45%)
ptolemy.util.test.WatchDog.cancel(): canceling Thu Apr 18 04:29:49 UTC 2019
------------------ testing $PTII/ptolemy/domains/de/test/auto/PeriodicSampler.xml
auto.tcl: Setting watchdog for 200 seconds at Thu Apr 18 04:29:49 UTC 2019
4 ms. Memory: 289792K Free: 277400K (96%)
ptolemy.util.test.WatchDog.cancel(): canceling Thu Apr 18 04:29:49 UTC 2019
auto.tcl: Setting watchdog for 200 seconds at Thu Apr 18 04:29:49 UTC 2019
2 ms. Memory: 289792K Free: 274517K (95%)
ptolemy.util.test.WatchDog.cancel(): canceling Thu Apr 18 04:29:49 UTC 2019
------------------ testing $PTII/ptolemy/domains/de/test/auto/PersistentIO.xml
auto.tcl: Setting watchdog for 200 seconds at Thu Apr 18 04:29:49 UTC 2019
12 ms. Memory: 287232K Free: 269674K (94%)
ptolemy.util.test.WatchDog.cancel(): canceling Thu Apr 18 04:29:49 UTC 2019
auto.tcl: Setting watchdog for 200 seconds at Thu Apr 18 04:29:49 UTC 2019
3 ms. Memory: 287232K Free: 266807K (93%)
ptolemy.util.test.WatchDog.cancel(): canceling Thu Apr 18 04:29:49 UTC 2019
------------------ testing $PTII/ptolemy/domains/de/test/auto/PortParameterResetOnInitialize.xml
auto.tcl: Setting watchdog for 200 seconds at Thu Apr 18 04:29:49 UTC 2019
3 ms. Memory: 289280K Free: 276369K (96%)
ptolemy.util.test.WatchDog.cancel(): canceling Thu Apr 18 04:29:49 UTC 2019
auto.tcl: Setting watchdog for 200 seconds at Thu Apr 18 04:29:49 UTC 2019
2 ms. Memory: 289280K Free: 276369K (96%)
ptolemy.util.test.WatchDog.cancel(): canceling Thu Apr 18 04:29:49 UTC 2019
------------------ testing $PTII/ptolemy/domains/de/test/auto/PortParameterUpdates.xml
auto.tcl: Setting watchdog for 200 seconds at Thu Apr 18 04:29:49 UTC 2019
3 ms. Memory: 287232K Free: 274471K (96%)
ptolemy.util.test.WatchDog.cancel(): canceling Thu Apr 18 04:29:49 UTC 2019
auto.tcl: Setting watchdog for 200 seconds at Thu Apr 18 04:29:49 UTC 2019
6 ms. Memory: 287232K Free: 271588K (95%)
ptolemy.util.test.WatchDog.cancel(): canceling Thu Apr 18 04:29:49 UTC 2019
------------------ testing $PTII/ptolemy/domains/de/test/auto/QueueAndServer.xml
auto.tcl: Setting watchdog for 200 seconds at Thu Apr 18 04:29:49 UTC 2019
12 ms. Memory: 289280K Free: 273591K (95%)
ptolemy.util.test.WatchDog.cancel(): canceling Thu Apr 18 04:29:49 UTC 2019
auto.tcl: Setting watchdog for 200 seconds at Thu Apr 18 04:29:49 UTC 2019
6 ms. Memory: 289280K Free: 273591K (95%)
ptolemy.util.test.WatchDog.cancel(): canceling Thu Apr 18 04:29:49 UTC 2019
------------------ testing $PTII/ptolemy/domains/de/test/auto/Records.xml
auto.tcl: Setting watchdog for 200 seconds at Thu Apr 18 04:29:49 UTC 2019
3 ms. Memory: 287232K Free: 274359K (96%)
ptolemy.util.test.WatchDog.cancel(): canceling Thu Apr 18 04:29:49 UTC 2019
auto.tcl: Setting watchdog for 200 seconds at Thu Apr 18 04:29:49 UTC 2019
2 ms. Memory: 287232K Free: 274359K (96%)
ptolemy.util.test.WatchDog.cancel(): canceling Thu Apr 18 04:29:49 UTC 2019
------------------ testing $PTII/ptolemy/domains/de/test/auto/ResetTransitionWithStartTime1.xml
auto.tcl: Setting watchdog for 200 seconds at Thu Apr 18 04:29:50 UTC 2019
15 ms. Memory: 288768K Free: 273045K (95%)
ptolemy.util.test.WatchDog.cancel(): canceling Thu Apr 18 04:29:50 UTC 2019
auto.tcl: Setting watchdog for 200 seconds at Thu Apr 18 04:29:50 UTC 2019
10 ms. Memory: 288768K Free: 273045K (95%)
ptolemy.util.test.WatchDog.cancel(): canceling Thu Apr 18 04:29:50 UTC 2019
------------------ testing $PTII/ptolemy/domains/de/test/auto/ResetTransitionWithStartTime2.xml
auto.tcl: Setting watchdog for 200 seconds at Thu Apr 18 04:29:50 UTC 2019
12 ms. Memory: 287232K Free: 271663K (95%)
ptolemy.util.test.WatchDog.cancel(): canceling Thu Apr 18 04:29:50 UTC 2019
auto.tcl: Setting watchdog for 200 seconds at Thu Apr 18 04:29:50 UTC 2019
6 ms. Memory: 287232K Free: 271663K (95%)
ptolemy.util.test.WatchDog.cancel(): canceling Thu Apr 18 04:29:50 UTC 2019
------------------ testing $PTII/ptolemy/domains/de/test/auto/ResetTransitionWithStartTime3.xml
auto.tcl: Setting watchdog for 200 seconds at Thu Apr 18 04:29:50 UTC 2019
8 ms. Memory: 288768K Free: 272888K (95%)
ptolemy.util.test.WatchDog.cancel(): canceling Thu Apr 18 04:29:50 UTC 2019
auto.tcl: Setting watchdog for 200 seconds at Thu Apr 18 04:29:50 UTC 2019
6 ms. Memory: 288768K Free: 272888K (95%)
ptolemy.util.test.WatchDog.cancel(): canceling Thu Apr 18 04:29:50 UTC 2019
------------------ testing $PTII/ptolemy/domains/de/test/auto/ResetTransitionWithStartTime4.xml
auto.tcl: Setting watchdog for 200 seconds at Thu Apr 18 04:29:50 UTC 2019
4 ms. Memory: 287232K Free: 271521K (95%)
ptolemy.util.test.WatchDog.cancel(): canceling Thu Apr 18 04:29:50 UTC 2019
auto.tcl: Setting watchdog for 200 seconds at Thu Apr 18 04:29:50 UTC 2019
4 ms. Memory: 287232K Free: 271521K (95%)
ptolemy.util.test.WatchDog.cancel(): canceling Thu Apr 18 04:29:50 UTC 2019
------------------ testing $PTII/ptolemy/domains/de/test/auto/ResettableTimer1.xml
auto.tcl: Setting watchdog for 200 seconds at Thu Apr 18 04:29:50 UTC 2019
3 ms. Memory: 288768K Free: 273707K (95%)
ptolemy.util.test.WatchDog.cancel(): canceling Thu Apr 18 04:29:50 UTC 2019
auto.tcl: Setting watchdog for 200 seconds at Thu Apr 18 04:29:50 UTC 2019
2 ms. Memory: 288768K Free: 273707K (95%)
ptolemy.util.test.WatchDog.cancel(): canceling Thu Apr 18 04:29:50 UTC 2019
------------------ testing $PTII/ptolemy/domains/de/test/auto/ResettableTimer2.xml
auto.tcl: Setting watchdog for 200 seconds at Thu Apr 18 04:29:50 UTC 2019
3 ms. Memory: 287232K Free: 274442K (96%)
ptolemy.util.test.WatchDog.cancel(): canceling Thu Apr 18 04:29:50 UTC 2019
auto.tcl: Setting watchdog for 200 seconds at Thu Apr 18 04:29:50 UTC 2019
2 ms. Memory: 287232K Free: 274442K (96%)
ptolemy.util.test.WatchDog.cancel(): canceling Thu Apr 18 04:29:50 UTC 2019
------------------ testing $PTII/ptolemy/domains/de/test/auto/ResettableTimer3.xml
auto.tcl: Setting watchdog for 200 seconds at Thu Apr 18 04:29:50 UTC 2019
1 ms. Memory: 288256K Free: 273252K (95%)
ptolemy.util.test.WatchDog.cancel(): canceling Thu Apr 18 04:29:50 UTC 2019
auto.tcl: Setting watchdog for 200 seconds at Thu Apr 18 04:29:50 UTC 2019
2 ms. Memory: 288256K Free: 273252K (95%)
ptolemy.util.test.WatchDog.cancel(): canceling Thu Apr 18 04:29:50 UTC 2019
------------------ testing $PTII/ptolemy/domains/de/test/auto/ResettableTimer4.xml
auto.tcl: Setting watchdog for 200 seconds at Thu Apr 18 04:29:50 UTC 2019
2 ms. Memory: 287232K Free: 274454K (96%)
ptolemy.util.test.WatchDog.cancel(): canceling Thu Apr 18 04:29:50 UTC 2019
auto.tcl: Setting watchdog for 200 seconds at Thu Apr 18 04:29:50 UTC 2019
1 ms. Memory: 287232K Free: 274454K (96%)
ptolemy.util.test.WatchDog.cancel(): canceling Thu Apr 18 04:29:50 UTC 2019
------------------ testing $PTII/ptolemy/domains/de/test/auto/ResettableTimer5.xml
auto.tcl: Setting watchdog for 200 seconds at Thu Apr 18 04:29:50 UTC 2019
4 ms. Memory: 288256K Free: 273418K (95%)
ptolemy.util.test.WatchDog.cancel(): canceling Thu Apr 18 04:29:50 UTC 2019
auto.tcl: Setting watchdog for 200 seconds at Thu Apr 18 04:29:50 UTC 2019
2 ms. Memory: 288256K Free: 273418K (95%)
ptolemy.util.test.WatchDog.cancel(): canceling Thu Apr 18 04:29:50 UTC 2019
------------------ testing $PTII/ptolemy/domains/de/test/auto/ResettableTimer6.xml
auto.tcl: Setting watchdog for 200 seconds at Thu Apr 18 04:29:50 UTC 2019
1 ms. Memory: 287232K Free: 272203K (95%)
ptolemy.util.test.WatchDog.cancel(): canceling Thu Apr 18 04:29:50 UTC 2019
auto.tcl: Setting watchdog for 200 seconds at Thu Apr 18 04:29:50 UTC 2019
2 ms. Memory: 287232K Free: 272203K (95%)
ptolemy.util.test.WatchDog.cancel(): canceling Thu Apr 18 04:29:50 UTC 2019
------------------ testing $PTII/ptolemy/domains/de/test/auto/ServerZeroDelay.xml
auto.tcl: Setting watchdog for 200 seconds at Thu Apr 18 04:29:50 UTC 2019
12 ms. Memory: 288256K Free: 275433K (96%)
ptolemy.util.test.WatchDog.cancel(): canceling Thu Apr 18 04:29:50 UTC 2019
auto.tcl: Setting watchdog for 200 seconds at Thu Apr 18 04:29:50 UTC 2019
3 ms. Memory: 288256K Free: 275433K (96%)
ptolemy.util.test.WatchDog.cancel(): canceling Thu Apr 18 04:29:50 UTC 2019
------------------ testing $PTII/ptolemy/domains/de/test/auto/SmartSender.xml
auto.tcl: Setting watchdog for 200 seconds at Thu Apr 18 04:29:50 UTC 2019
3003 ms. Memory: 287232K Free: 274403K (96%)
ptolemy.util.test.WatchDog.cancel(): canceling Thu Apr 18 04:29:53 UTC 2019
auto.tcl: Setting watchdog for 200 seconds at Thu Apr 18 04:29:53 UTC 2019
3002 ms. Memory: 287232K Free: 274403K (96%)
ptolemy.util.test.WatchDog.cancel(): canceling Thu Apr 18 04:29:56 UTC 2019
------------------ testing $PTII/ptolemy/domains/de/test/auto/ThreadedComposite.xml
auto.tcl: Setting watchdog for 200 seconds at Thu Apr 18 04:29:56 UTC 2019
163 ms. Memory: 288256K Free: 252238K (88%)
ptolemy.util.test.WatchDog.cancel(): canceling Thu Apr 18 04:29:57 UTC 2019
auto.tcl: Setting watchdog for 200 seconds at Thu Apr 18 04:29:57 UTC 2019
112 ms. Memory: 288256K Free: 241138K (84%)
ptolemy.util.test.WatchDog.cancel(): canceling Thu Apr 18 04:29:57 UTC 2019
------------------ testing $PTII/ptolemy/domains/de/test/auto/Time.xml
auto.tcl: Setting watchdog for 200 seconds at Thu Apr 18 04:29:57 UTC 2019
534 ms. Memory: 287232K Free: 222501K (77%)
ptolemy.util.test.WatchDog.cancel(): canceling Thu Apr 18 04:29:57 UTC 2019
auto.tcl: Setting watchdog for 200 seconds at Thu Apr 18 04:29:57 UTC 2019
479 ms. Memory: 287232K Free: 166780K (58%)
ptolemy.util.test.WatchDog.cancel(): canceling Thu Apr 18 04:29:58 UTC 2019
------------------ testing $PTII/ptolemy/domains/de/test/auto/TimeDelayZeroDelay.xml
auto.tcl: Setting watchdog for 200 seconds at Thu Apr 18 04:29:58 UTC 2019
2 ms. Memory: 287744K Free: 275365K (96%)
ptolemy.util.test.WatchDog.cancel(): canceling Thu Apr 18 04:29:58 UTC 2019
auto.tcl: Setting watchdog for 200 seconds at Thu Apr 18 04:29:58 UTC 2019
2 ms. Memory: 287744K Free: 275365K (96%)
ptolemy.util.test.WatchDog.cancel(): canceling Thu Apr 18 04:29:58 UTC 2019
------------------ testing $PTII/ptolemy/domains/de/test/auto/TimerZeroDelay.xml
auto.tcl: Setting watchdog for 200 seconds at Thu Apr 18 04:29:58 UTC 2019
2 ms. Memory: 287232K Free: 275013K (96%)
ptolemy.util.test.WatchDog.cancel(): canceling Thu Apr 18 04:29:58 UTC 2019
auto.tcl: Setting watchdog for 200 seconds at Thu Apr 18 04:29:58 UTC 2019
2 ms. Memory: 287232K Free: 275013K (96%)
ptolemy.util.test.WatchDog.cancel(): canceling Thu Apr 18 04:29:58 UTC 2019
------------------ testing $PTII/ptolemy/domains/de/test/auto/TimingParadox.xml
auto.tcl: Setting watchdog for 200 seconds at Thu Apr 18 04:29:58 UTC 2019
324 ms. Memory: 287744K Free: 211813K (74%)
ptolemy.util.test.WatchDog.cancel(): canceling Thu Apr 18 04:29:58 UTC 2019
auto.tcl: Setting watchdog for 200 seconds at Thu Apr 18 04:29:58 UTC 2019
296 ms. Memory: 287744K Free: 178724K (62%)
ptolemy.util.test.WatchDog.cancel(): canceling Thu Apr 18 04:29:59 UTC 2019
------------------ testing $PTII/ptolemy/domains/de/test/auto/TransferInputs.xml
auto.tcl: Setting watchdog for 200 seconds at Thu Apr 18 04:29:59 UTC 2019
2 ms. Memory: 287744K Free: 274392K (95%)
ptolemy.util.test.WatchDog.cancel(): canceling Thu Apr 18 04:29:59 UTC 2019
auto.tcl: Setting watchdog for 200 seconds at Thu Apr 18 04:29:59 UTC 2019
2 ms. Memory: 287744K Free: 274392K (95%)
ptolemy.util.test.WatchDog.cancel(): canceling Thu Apr 18 04:29:59 UTC 2019
------------------ testing $PTII/ptolemy/domains/de/test/auto/TransferOutputs2.xml
auto.tcl: Setting watchdog for 200 seconds at Thu Apr 18 04:29:59 UTC 2019
3 ms. Memory: 287232K Free: 272397K (95%)
ptolemy.util.test.WatchDog.cancel(): canceling Thu Apr 18 04:29:59 UTC 2019
auto.tcl: Setting watchdog for 200 seconds at Thu Apr 18 04:29:59 UTC 2019
3 ms. Memory: 287232K Free: 269812K (94%)
ptolemy.util.test.WatchDog.cancel(): canceling Thu Apr 18 04:29:59 UTC 2019
------------------ testing $PTII/ptolemy/domains/de/test/auto/Trilateration.xml
auto.tcl: Setting watchdog for 200 seconds at Thu Apr 18 04:29:59 UTC 2019
14270 ms. Memory: 473088K Free: 302106K (64%)
ptolemy.util.test.WatchDog.cancel(): canceling Thu Apr 18 04:30:14 UTC 2019
auto.tcl: Setting watchdog for 200 seconds at Thu Apr 18 04:30:14 UTC 2019
10960 ms. Memory: 352256K Free: 255112K (72%)
ptolemy.util.test.WatchDog.cancel(): canceling Thu Apr 18 04:30:25 UTC 2019
------------------ testing $PTII/ptolemy/domains/de/test/auto/TwoSigmaDelta.xml
auto.tcl: Setting watchdog for 200 seconds at Thu Apr 18 04:30:25 UTC 2019
3057 ms. Memory: 339968K Free: 302625K (89%)
ptolemy.util.test.WatchDog.cancel(): canceling Thu Apr 18 04:30:28 UTC 2019
auto.tcl: Setting watchdog for 200 seconds at Thu Apr 18 04:30:28 UTC 2019
2120 ms. Memory: 339968K Free: 66460K (20%)
ptolemy.util.test.WatchDog.cancel(): canceling Thu Apr 18 04:30:31 UTC 2019
------------------ testing $PTII/ptolemy/domains/de/test/auto/VariableDelay.xml
auto.tcl: Setting watchdog for 200 seconds at Thu Apr 18 04:30:31 UTC 2019
4 ms. Memory: 337408K Free: 325447K (96%)
ptolemy.util.test.WatchDog.cancel(): canceling Thu Apr 18 04:30:31 UTC 2019
auto.tcl: Setting watchdog for 200 seconds at Thu Apr 18 04:30:31 UTC 2019
2 ms. Memory: 337408K Free: 321575K (95%)
ptolemy.util.test.WatchDog.cancel(): canceling Thu Apr 18 04:30:31 UTC 2019
------------------ testing $PTII/ptolemy/domains/de/test/auto/VariableDelay2.xml
auto.tcl: Setting watchdog for 200 seconds at Thu Apr 18 04:30:31 UTC 2019
1 ms. Memory: 339456K Free: 327907K (97%)
ptolemy.util.test.WatchDog.cancel(): canceling Thu Apr 18 04:30:31 UTC 2019
auto.tcl: Setting watchdog for 200 seconds at Thu Apr 18 04:30:31 UTC 2019
2 ms. Memory: 339456K Free: 324035K (95%)
ptolemy.util.test.WatchDog.cancel(): canceling Thu Apr 18 04:30:31 UTC 2019
------------------ testing $PTII/ptolemy/domains/de/test/auto/VariableDelayZeroDelay.xml
auto.tcl: Setting watchdog for 200 seconds at Thu Apr 18 04:30:31 UTC 2019
2 ms. Memory: 337408K Free: 323298K (96%)
ptolemy.util.test.WatchDog.cancel(): canceling Thu Apr 18 04:30:31 UTC 2019
auto.tcl: Setting watchdog for 200 seconds at Thu Apr 18 04:30:31 UTC 2019
2 ms. Memory: 337408K Free: 323298K (96%)
ptolemy.util.test.WatchDog.cancel(): canceling Thu Apr 18 04:30:31 UTC 2019
------------------ testing $PTII/ptolemy/domains/de/test/auto/VariableDelayZeroDelay2.xml
auto.tcl: Setting watchdog for 200 seconds at Thu Apr 18 04:30:31 UTC 2019
7 ms. Memory: 339456K Free: 325344K (96%)
ptolemy.util.test.WatchDog.cancel(): canceling Thu Apr 18 04:30:31 UTC 2019
auto.tcl: Setting watchdog for 200 seconds at Thu Apr 18 04:30:31 UTC 2019
2 ms. Memory: 339456K Free: 321472K (95%)
ptolemy.util.test.WatchDog.cancel(): canceling Thu Apr 18 04:30:31 UTC 2019
------------------ testing $PTII/ptolemy/domains/de/test/auto/deInCt.xml
auto.tcl: Setting watchdog for 200 seconds at Thu Apr 18 04:30:31 UTC 2019
0
1
1
1
0
0
0
1
1
1
1
0
0
0
1
1
1
1
0
0
0
1
1
1
1
0
0
0
1
1
1
0
0
0
1
1
1
1
1
0
0
0
0
14 ms. Memory: 337408K Free: 323293K (96%)
ptolemy.util.test.WatchDog.cancel(): canceling Thu Apr 18 04:30:31 UTC 2019
auto.tcl: Setting watchdog for 200 seconds at Thu Apr 18 04:30:31 UTC 2019
0
1
1
1
0
0
0
1
1
1
1
0
0
0
1
1
1
0
0
0
0
0
0
1
1
1
0
0
0
0
1
1
1
4 ms. Memory: 337408K Free: 319421K (95%)
ptolemy.util.test.WatchDog.cancel(): canceling Thu Apr 18 04:30:31 UTC 2019
------------------ testing $PTII/ptolemy/domains/de/test/auto/deInCt2.xml
auto.tcl: Setting watchdog for 200 seconds at Thu Apr 18 04:30:31 UTC 2019
0
1
1
1
0
0
1
1
1
0
0
1
1
1
0
0
1
1
1
0
0
1
1
1
0
0
1
1
1
0
0
1
1
1
0
0
1
1
1
0
0
0
6 ms. Memory: 338944K Free: 324822K (96%)
ptolemy.util.test.WatchDog.cancel(): canceling Thu Apr 18 04:30:31 UTC 2019
auto.tcl: Setting watchdog for 200 seconds at Thu Apr 18 04:30:31 UTC 2019
0
1
1
1
0
0
1
1
1
0
0
1
1
1
0
0
1
1
1
0
0
1
1
1
0
0
1
1
1
0
0
1
1
1
0
0
1
1
1
0
0
0
5 ms. Memory: 338944K Free: 320966K (95%)
ptolemy.util.test.WatchDog.cancel(): canceling Thu Apr 18 04:30:31 UTC 2019
------------------ testing $PTII/ptolemy/domains/de/test/auto/dynamicCausalityInterface1.xml
auto.tcl: Setting watchdog for 200 seconds at Thu Apr 18 04:30:31 UTC 2019
1 ms. Memory: 337408K Free: 315552K (94%)
ptolemy.util.test.WatchDog.cancel(): canceling Thu Apr 18 04:30:31 UTC 2019
auto.tcl: Setting watchdog for 200 seconds at Thu Apr 18 04:30:31 UTC 2019
1 ms. Memory: 337408K Free: 315552K (94%)
ptolemy.util.test.WatchDog.cancel(): canceling Thu Apr 18 04:30:31 UTC 2019
------------------ testing $PTII/ptolemy/domains/de/test/auto/fsm_de_test.xml
auto.tcl: Setting watchdog for 200 seconds at Thu Apr 18 04:30:31 UTC 2019
6 ms. Memory: 338944K Free: 316990K (94%)
ptolemy.util.test.WatchDog.cancel(): canceling Thu Apr 18 04:30:31 UTC 2019
auto.tcl: Setting watchdog for 200 seconds at Thu Apr 18 04:30:31 UTC 2019
4 ms. Memory: 338944K Free: 316990K (94%)
ptolemy.util.test.WatchDog.cancel(): canceling Thu Apr 18 04:30:31 UTC 2019
------------------ testing $PTII/ptolemy/domains/de/test/auto/functionDependencyReconstruction.xml
auto.tcl: Setting watchdog for 200 seconds at Thu Apr 18 04:30:31 UTC 2019
4 ms. Memory: 337408K Free: 311581K (92%)
ptolemy.util.test.WatchDog.cancel(): canceling Thu Apr 18 04:30:31 UTC 2019
auto.tcl: Setting watchdog for 200 seconds at Thu Apr 18 04:30:31 UTC 2019
3 ms. Memory: 337408K Free: 307725K (91%)
ptolemy.util.test.WatchDog.cancel(): canceling Thu Apr 18 04:30:31 UTC 2019
------------------ testing $PTII/ptolemy/domains/de/test/auto/multirate.xml
auto.tcl: Setting watchdog for 200 seconds at Thu Apr 18 04:30:31 UTC 2019
4 ms. Memory: 338432K Free: 320200K (95%)
ptolemy.util.test.WatchDog.cancel(): canceling Thu Apr 18 04:30:31 UTC 2019
auto.tcl: Setting watchdog for 200 seconds at Thu Apr 18 04:30:31 UTC 2019
3 ms. Memory: 338432K Free: 320194K (95%)
ptolemy.util.test.WatchDog.cancel(): canceling Thu Apr 18 04:30:31 UTC 2019
------------------ testing $PTII/ptolemy/domains/de/test/auto/multirate2.xml
auto.tcl: Setting watchdog for 200 seconds at Thu Apr 18 04:30:31 UTC 2019
7 ms. Memory: 337408K Free: 321934K (95%)
ptolemy.util.test.WatchDog.cancel(): canceling Thu Apr 18 04:30:31 UTC 2019
auto.tcl: Setting watchdog for 200 seconds at Thu Apr 18 04:30:31 UTC 2019
3 ms. Memory: 337408K Free: 321934K (95%)
ptolemy.util.test.WatchDog.cancel(): canceling Thu Apr 18 04:30:31 UTC 2019
------------------ testing $PTII/ptolemy/domains/de/test/auto/realtime.xml
auto.tcl: Setting watchdog for 200 seconds at Thu Apr 18 04:30:32 UTC 2019
10001 ms. Memory: 338432K Free: 326813K (97%)
ptolemy.util.test.WatchDog.cancel(): canceling Thu Apr 18 04:30:42 UTC 2019
auto.tcl: Setting watchdog for 200 seconds at Thu Apr 18 04:30:42 UTC 2019
10001 ms. Memory: 338432K Free: 322941K (95%)
ptolemy.util.test.WatchDog.cancel(): canceling Thu Apr 18 04:30:52 UTC 2019
------------------ testing $PTII/ptolemy/domains/de/test/auto/relationGroup.xml
auto.tcl: Setting watchdog for 200 seconds at Thu Apr 18 04:30:52 UTC 2019
2 ms. Memory: 337408K Free: 325821K (97%)
ptolemy.util.test.WatchDog.cancel(): canceling Thu Apr 18 04:30:52 UTC 2019
auto.tcl: Setting watchdog for 200 seconds at Thu Apr 18 04:30:52 UTC 2019
2 ms. Memory: 337408K Free: 325821K (97%)
ptolemy.util.test.WatchDog.cancel(): canceling Thu Apr 18 04:30:52 UTC 2019
------------------ testing $PTII/ptolemy/domains/de/test/auto/relationGroup2.xml
auto.tcl: Setting watchdog for 200 seconds at Thu Apr 18 04:30:52 UTC 2019
6 ms. Memory: 338432K Free: 326870K (97%)
ptolemy.util.test.WatchDog.cancel(): canceling Thu Apr 18 04:30:52 UTC 2019
auto.tcl: Setting watchdog for 200 seconds at Thu Apr 18 04:30:52 UTC 2019
2 ms. Memory: 338432K Free: 326870K (97%)
ptolemy.util.test.WatchDog.cancel(): canceling Thu Apr 18 04:30:52 UTC 2019
------------------ testing $PTII/ptolemy/domains/de/test/auto/sortWithOpaquePorts.xml
auto.tcl: Setting watchdog for 200 seconds at Thu Apr 18 04:30:52 UTC 2019
2 ms. Memory: 337408K Free: 323287K (96%)
ptolemy.util.test.WatchDog.cancel(): canceling Thu Apr 18 04:30:52 UTC 2019
auto.tcl: Setting watchdog for 200 seconds at Thu Apr 18 04:30:52 UTC 2019
2 ms. Memory: 337408K Free: 319416K (95%)
ptolemy.util.test.WatchDog.cancel(): canceling Thu Apr 18 04:30:52 UTC 2019
------------------ testing $PTII/ptolemy/domains/de/test/auto/transferInputsandOutputs.xml
auto.tcl: Setting watchdog for 200 seconds at Thu Apr 18 04:30:52 UTC 2019
2 ms. Memory: 337920K Free: 319914K (95%)
ptolemy.util.test.WatchDog.cancel(): canceling Thu Apr 18 04:30:52 UTC 2019
auto.tcl: Setting watchdog for 200 seconds at Thu Apr 18 04:30:52 UTC 2019
3 ms. Memory: 337920K Free: 319914K (95%)
ptolemy.util.test.WatchDog.cancel(): canceling Thu Apr 18 04:30:52 UTC 2019
------------------ testing $PTII/ptolemy/domains/de/test/auto/triggerType.xml
auto.tcl: Setting watchdog for 200 seconds at Thu Apr 18 04:30:52 UTC 2019
2 ms. Memory: 337408K Free: 323225K (96%)
ptolemy.util.test.WatchDog.cancel(): canceling Thu Apr 18 04:30:52 UTC 2019
auto.tcl: Setting watchdog for 200 seconds at Thu Apr 18 04:30:52 UTC 2019
1 ms. Memory: 337408K Free: 319353K (95%)
ptolemy.util.test.WatchDog.cancel(): canceling Thu Apr 18 04:30:52 UTC 2019
04/18/19 04:30:52
Failed: 0  Total Tests: 192  ((Passed: 187, Newly Passed: 1)  Known Failed: 5) /home/travis/build/icyphy/ptII/ptolemy/domains/de/test
04/18/19 04:30:52
Failed: 0  Total Tests: 192  ((Passed: 187, Newly Passed: 1)  Known Failed: 5) /home/travis/build/icyphy/ptII/ptolemy/domains/de/test
----------------- testing (KnownFailure) /home/travis/build/icyphy/ptII/ptolemy/domains/de/test/auto/knownFailedTests/DESDFClockTest.xml
2010 ms. Memory: 337920K Free: 313550K (93%)
Known Failure: java.lang.reflect.InvocationTargetException
----------------- testing (KnownFailure) /home/travis/build/icyphy/ptII/ptolemy/domains/de/test/auto/knownFailedTests/DirectFeedback.xml
2 ms. Memory: 337920K Free: 293069K (87%)
Known Failure: java.lang.reflect.InvocationTargetException
----------------- testing (KnownFailure) /home/travis/build/icyphy/ptII/ptolemy/domains/de/test/auto/knownFailedTests/FSMSource.xml
4 ms. Memory: 337920K Free: 272589K (81%)
----------------- testing (KnownFailure) /home/travis/build/icyphy/ptII/ptolemy/domains/de/test/auto/knownFailedTests/HierarchicalModel.xml
2 ms. Memory: 337920K Free: 246966K (73%)
Known Failure: java.lang.reflect.InvocationTargetException
----------------- testing (KnownFailure) /home/travis/build/icyphy/ptII/ptolemy/domains/de/test/auto/knownFailedTests/dependencyLoop.xml
2 ms. Memory: 337920K Free: 216230K (64%)
Known Failure: java.lang.reflect.InvocationTargetException
----------------- testing (KnownFailure) /home/travis/build/icyphy/ptII/ptolemy/domains/de/test/auto/knownFailedTests/dependencyLoop2.xml
2 ms. Memory: 337920K Free: 185494K (55%)
Known Failure: java.lang.reflect.InvocationTargetException
No auto/linux-amd64/*.xml tests in /home/travis/build/icyphy/ptII/ptolemy/domains/de/test
AutoTests.java: About to close Vertx.
AutoTests.java: Vertx closed.

===========================================================================================
----------------- testing Thu Apr 18 04:30:54 UTC 2019 /home/travis/build/icyphy/ptII/ptolemy/domains/de/test/auto/ActorDepthCalculation_actorWithoutPorts.xml
----------------- Instantiating /home/travis/build/icyphy/ptII/ptolemy/domains/de/test/auto/ActorDepthCalculation_actorWithoutPorts.xml
2 ms. Memory: 337920K Free: 159893K (47%)
----------------- Invoking toplevel() on ptolemy.moml.MoMLSimpleApplication@28bdddef
----------------- Done invoking toplevel() on ptolemy.moml.MoMLSimpleApplication@28bdddef
reloadAllAccessors: .ActorDepthCalculation_actorWithoutPorts

===========================================================================================
----------------- testing Thu Apr 18 04:30:54 UTC 2019 /home/travis/build/icyphy/ptII/ptolemy/domains/de/test/auto/AssemblyLine.xml
----------------- Instantiating /home/travis/build/icyphy/ptII/ptolemy/domains/de/test/auto/AssemblyLine.xml
2 ms. Memory: 337920K Free: 144533K (43%)
----------------- Invoking toplevel() on ptolemy.moml.MoMLSimpleApplication@6071ebf3
----------------- Done invoking toplevel() on ptolemy.moml.MoMLSimpleApplication@6071ebf3
reloadAllAccessors: .AssemblyLine

===========================================================================================
----------------- testing Thu Apr 18 04:30:54 UTC 2019 /home/travis/build/icyphy/ptII/ptolemy/domains/de/test/auto/CQBug1.xml
----------------- Instantiating /home/travis/build/icyphy/ptII/ptolemy/domains/de/test/auto/CQBug1.xml
1 ms. Memory: 337920K Free: 134293K (40%)
----------------- Invoking toplevel() on ptolemy.moml.MoMLSimpleApplication@2a84e63a
----------------- Done invoking toplevel() on ptolemy.moml.MoMLSimpleApplication@2a84e63a
reloadAllAccessors: .CQBug1

===========================================================================================
----------------- testing Thu Apr 18 04:30:54 UTC 2019 /home/travis/build/icyphy/ptII/ptolemy/domains/de/test/auto/CancelFireAt.xml
----------------- Instantiating /home/travis/build/icyphy/ptII/ptolemy/domains/de/test/auto/CancelFireAt.xml
0 ms. Memory: 337920K Free: 124053K (37%)
----------------- Invoking toplevel() on ptolemy.moml.MoMLSimpleApplication@6bbb0d05
----------------- Done invoking toplevel() on ptolemy.moml.MoMLSimpleApplication@6bbb0d05
reloadAllAccessors: .CancelFireAt

===========================================================================================
----------------- testing Thu Apr 18 04:30:54 UTC 2019 /home/travis/build/icyphy/ptII/ptolemy/domains/de/test/auto/CausalityAndComposabilityAnalysis.xml
----------------- Instantiating /home/travis/build/icyphy/ptII/ptolemy/domains/de/test/auto/CausalityAndComposabilityAnalysis.xml
2 ms. Memory: 337920K Free: 113813K (34%)
----------------- Invoking toplevel() on ptolemy.moml.MoMLSimpleApplication@3de4a4d8
----------------- Done invoking toplevel() on ptolemy.moml.MoMLSimpleApplication@3de4a4d8
reloadAllAccessors: .CausalityAndComposabilityAnalysis

===========================================================================================
----------------- testing Thu Apr 18 04:30:54 UTC 2019 /home/travis/build/icyphy/ptII/ptolemy/domains/de/test/auto/CausalityInterface1.xml
----------------- Instantiating /home/travis/build/icyphy/ptII/ptolemy/domains/de/test/auto/CausalityInterface1.xml
4 ms. Memory: 337920K Free: 103573K (31%)
----------------- Invoking toplevel() on ptolemy.moml.MoMLSimpleApplication@64538e25
----------------- Done invoking toplevel() on ptolemy.moml.MoMLSimpleApplication@64538e25
reloadAllAccessors: .CausalityInterface1

===========================================================================================
----------------- testing Thu Apr 18 04:30:54 UTC 2019 /home/travis/build/icyphy/ptII/ptolemy/domains/de/test/auto/CausalityInterface15.xml
----------------- Instantiating /home/travis/build/icyphy/ptII/ptolemy/domains/de/test/auto/CausalityInterface15.xml
2 ms. Memory: 337920K Free: 89477K (26%)
----------------- Invoking toplevel() on ptolemy.moml.MoMLSimpleApplication@36bd431d
----------------- Done invoking toplevel() on ptolemy.moml.MoMLSimpleApplication@36bd431d
reloadAllAccessors: .CausalityInterface15

===========================================================================================
----------------- testing Thu Apr 18 04:30:54 UTC 2019 /home/travis/build/icyphy/ptII/ptolemy/domains/de/test/auto/CausalityInterface2.xml
----------------- Instantiating /home/travis/build/icyphy/ptII/ptolemy/domains/de/test/auto/CausalityInterface2.xml
2 ms. Memory: 337920K Free: 79237K (23%)
----------------- Invoking toplevel() on ptolemy.moml.MoMLSimpleApplication@5bdcb49e
----------------- Done invoking toplevel() on ptolemy.moml.MoMLSimpleApplication@5bdcb49e
reloadAllAccessors: .CausalityInterface2

===========================================================================================
----------------- testing Thu Apr 18 04:30:54 UTC 2019 /home/travis/build/icyphy/ptII/ptolemy/domains/de/test/auto/CausalityInterface3.xml
----------------- Instantiating /home/travis/build/icyphy/ptII/ptolemy/domains/de/test/auto/CausalityInterface3.xml
1 ms. Memory: 326144K Free: 315566K (97%)
----------------- Invoking toplevel() on ptolemy.moml.MoMLSimpleApplication@49e823af
----------------- Done invoking toplevel() on ptolemy.moml.MoMLSimpleApplication@49e823af
reloadAllAccessors: .CausalityInterface3

===========================================================================================
----------------- testing Thu Apr 18 04:30:54 UTC 2019 /home/travis/build/icyphy/ptII/ptolemy/domains/de/test/auto/ClockDrift.xml
----------------- Instantiating /home/travis/build/icyphy/ptII/ptolemy/domains/de/test/auto/ClockDrift.xml
19 ms. Memory: 326144K Free: 298440K (92%)
----------------- Invoking toplevel() on ptolemy.moml.MoMLSimpleApplication@30cda96f
----------------- Done invoking toplevel() on ptolemy.moml.MoMLSimpleApplication@30cda96f
reloadAllAccessors: .ClockDrift

===========================================================================================
----------------- testing Thu Apr 18 04:30:54 UTC 2019 /home/travis/build/icyphy/ptII/ptolemy/domains/de/test/auto/ClockDriftAndValueChange.xml
----------------- Instantiating /home/travis/build/icyphy/ptII/ptolemy/domains/de/test/auto/ClockDriftAndValueChange.xml
11 ms. Memory: 326144K Free: 283740K (87%)
----------------- Invoking toplevel() on ptolemy.moml.MoMLSimpleApplication@4d52cf2c
----------------- Done invoking toplevel() on ptolemy.moml.MoMLSimpleApplication@4d52cf2c
reloadAllAccessors: .ClockDriftAndValueChange

===========================================================================================
----------------- testing Thu Apr 18 04:30:54 UTC 2019 /home/travis/build/icyphy/ptII/ptolemy/domains/de/test/auto/ClockDriftChange.xml
----------------- Instantiating /home/travis/build/icyphy/ptII/ptolemy/domains/de/test/auto/ClockDriftChange.xml
10 ms. Memory: 326144K Free: 271471K (83%)
----------------- Invoking toplevel() on ptolemy.moml.MoMLSimpleApplication@42521ef6
----------------- Done invoking toplevel() on ptolemy.moml.MoMLSimpleApplication@42521ef6
reloadAllAccessors: .ClockDriftChange

===========================================================================================
----------------- testing Thu Apr 18 04:30:54 UTC 2019 /home/travis/build/icyphy/ptII/ptolemy/domains/de/test/auto/ComposableCausalityAnalysis.xml
----------------- Instantiating /home/travis/build/icyphy/ptII/ptolemy/domains/de/test/auto/ComposableCausalityAnalysis.xml
1 ms. Memory: 326144K Free: 264113K (81%)
----------------- Invoking toplevel() on ptolemy.moml.MoMLSimpleApplication@26314a92
----------------- Done invoking toplevel() on ptolemy.moml.MoMLSimpleApplication@26314a92
reloadAllAccessors: .ComposableCausalityAnalysis

===========================================================================================
----------------- testing Thu Apr 18 04:30:54 UTC 2019 /home/travis/build/icyphy/ptII/ptolemy/domains/de/test/auto/DEFixedPointLimitation.xml
----------------- Instantiating /home/travis/build/icyphy/ptII/ptolemy/domains/de/test/auto/DEFixedPointLimitation.xml
1 ms. Memory: 326144K Free: 256771K (79%)
----------------- Invoking toplevel() on ptolemy.moml.MoMLSimpleApplication@62840124
----------------- Done invoking toplevel() on ptolemy.moml.MoMLSimpleApplication@62840124
reloadAllAccessors: .DEFixedPointLimitation

===========================================================================================
----------------- testing Thu Apr 18 04:30:54 UTC 2019 /home/travis/build/icyphy/ptII/ptolemy/domains/de/test/auto/DEScheduleTest.xml
----------------- Instantiating /home/travis/build/icyphy/ptII/ptolemy/domains/de/test/auto/DEScheduleTest.xml
2 ms. Memory: 326144K Free: 246991K (76%)
----------------- Invoking toplevel() on ptolemy.moml.MoMLSimpleApplication@7557b67d
----------------- Done invoking toplevel() on ptolemy.moml.MoMLSimpleApplication@7557b67d
reloadAllAccessors: .DEScheduleTest

===========================================================================================
----------------- testing Thu Apr 18 04:30:54 UTC 2019 /home/travis/build/icyphy/ptII/ptolemy/domains/de/test/auto/DEinDEwithStartTimes.xml
----------------- Instantiating /home/travis/build/icyphy/ptII/ptolemy/domains/de/test/auto/DEinDEwithStartTimes.xml
2 ms. Memory: 326144K Free: 239632K (73%)
----------------- Invoking toplevel() on ptolemy.moml.MoMLSimpleApplication@563a92f4
----------------- Done invoking toplevel() on ptolemy.moml.MoMLSimpleApplication@563a92f4
reloadAllAccessors: .DEinDEwithStartTimes

===========================================================================================
----------------- testing Thu Apr 18 04:30:54 UTC 2019 /home/travis/build/icyphy/ptII/ptolemy/domains/de/test/auto/DEinDEwithStartTimes2.xml
----------------- Instantiating /home/travis/build/icyphy/ptII/ptolemy/domains/de/test/auto/DEinDEwithStartTimes2.xml
2 ms. Memory: 326144K Free: 229843K (70%)
----------------- Invoking toplevel() on ptolemy.moml.MoMLSimpleApplication@5e767829
----------------- Done invoking toplevel() on ptolemy.moml.MoMLSimpleApplication@5e767829
reloadAllAccessors: .DEinDEwithStartTimes2

===========================================================================================
----------------- testing Thu Apr 18 04:30:54 UTC 2019 /home/travis/build/icyphy/ptII/ptolemy/domains/de/test/auto/DateDemo.xml
----------------- Instantiating /home/travis/build/icyphy/ptII/ptolemy/domains/de/test/auto/DateDemo.xml
6 ms. Memory: 326144K Free: 215110K (66%)
----------------- Invoking toplevel() on ptolemy.moml.MoMLSimpleApplication@6edc9980
----------------- Done invoking toplevel() on ptolemy.moml.MoMLSimpleApplication@6edc9980
reloadAllAccessors: .DateDemo

===========================================================================================
----------------- testing Thu Apr 18 04:30:54 UTC 2019 /home/travis/build/icyphy/ptII/ptolemy/domains/de/test/auto/DateToEvent.xml
----------------- Instantiating /home/travis/build/icyphy/ptII/ptolemy/domains/de/test/auto/DateToEvent.xml
2005 ms. Memory: 326144K Free: 195483K (60%)
----------------- Invoking toplevel() on ptolemy.moml.MoMLSimpleApplication@1dae7e54
----------------- Done invoking toplevel() on ptolemy.moml.MoMLSimpleApplication@1dae7e54
reloadAllAccessors: .DateToEvent

===========================================================================================
----------------- testing Thu Apr 18 04:30:56 UTC 2019 /home/travis/build/icyphy/ptII/ptolemy/domains/de/test/auto/DepthTest1.xml
----------------- Instantiating /home/travis/build/icyphy/ptII/ptolemy/domains/de/test/auto/DepthTest1.xml
1 ms. Memory: 326144K Free: 188166K (58%)
----------------- Invoking toplevel() on ptolemy.moml.MoMLSimpleApplication@19efeab4
----------------- Done invoking toplevel() on ptolemy.moml.MoMLSimpleApplication@19efeab4
reloadAllAccessors: .DepthTest1

===========================================================================================
----------------- testing Thu Apr 18 04:30:56 UTC 2019 /home/travis/build/icyphy/ptII/ptolemy/domains/de/test/auto/DepthTest2.xml
----------------- Instantiating /home/travis/build/icyphy/ptII/ptolemy/domains/de/test/auto/DepthTest2.xml
2 ms. Memory: 326144K Free: 178361K (55%)
----------------- Invoking toplevel() on ptolemy.moml.MoMLSimpleApplication@51a905a7
----------------- Done invoking toplevel() on ptolemy.moml.MoMLSimpleApplication@51a905a7
reloadAllAccessors: .DepthTest2

===========================================================================================
----------------- testing Thu Apr 18 04:30:56 UTC 2019 /home/travis/build/icyphy/ptII/ptolemy/domains/de/test/auto/DepthTest3.xml
----------------- Instantiating /home/travis/build/icyphy/ptII/ptolemy/domains/de/test/auto/DepthTest3.xml
2 ms. Memory: 326144K Free: 173466K (53%)
----------------- Invoking toplevel() on ptolemy.moml.MoMLSimpleApplication@6bfde1c9
----------------- Done invoking toplevel() on ptolemy.moml.MoMLSimpleApplication@6bfde1c9
reloadAllAccessors: .DepthTest3

===========================================================================================
----------------- testing Thu Apr 18 04:30:56 UTC 2019 /home/travis/build/icyphy/ptII/ptolemy/domains/de/test/auto/DepthTest4.xml
----------------- Instantiating /home/travis/build/icyphy/ptII/ptolemy/domains/de/test/auto/DepthTest4.xml
2 ms. Memory: 326144K Free: 166108K (51%)
----------------- Invoking toplevel() on ptolemy.moml.MoMLSimpleApplication@73ffb53b
----------------- Done invoking toplevel() on ptolemy.moml.MoMLSimpleApplication@73ffb53b
reloadAllAccessors: .DepthTest4

===========================================================================================
----------------- testing Thu Apr 18 04:30:57 UTC 2019 /home/travis/build/icyphy/ptII/ptolemy/domains/de/test/auto/DepthTest5.xml
----------------- Instantiating /home/travis/build/icyphy/ptII/ptolemy/domains/de/test/auto/DepthTest5.xml
2 ms. Memory: 326144K Free: 158750K (49%)
----------------- Invoking toplevel() on ptolemy.moml.MoMLSimpleApplication@3b69464b
----------------- Done invoking toplevel() on ptolemy.moml.MoMLSimpleApplication@3b69464b
reloadAllAccessors: .DepthTest5

===========================================================================================
----------------- testing Thu Apr 18 04:30:57 UTC 2019 /home/travis/build/icyphy/ptII/ptolemy/domains/de/test/auto/DepthTest6.xml
----------------- Instantiating /home/travis/build/icyphy/ptII/ptolemy/domains/de/test/auto/DepthTest6.xml
2 ms. Memory: 326144K Free: 148970K (46%)
----------------- Invoking toplevel() on ptolemy.moml.MoMLSimpleApplication@650baba6
----------------- Done invoking toplevel() on ptolemy.moml.MoMLSimpleApplication@650baba6
reloadAllAccessors: .DepthTest6

===========================================================================================
----------------- testing Thu Apr 18 04:30:57 UTC 2019 /home/travis/build/icyphy/ptII/ptolemy/domains/de/test/auto/DepthTest7.xml
----------------- Instantiating /home/travis/build/icyphy/ptII/ptolemy/domains/de/test/auto/DepthTest7.xml
2 ms. Memory: 326144K Free: 141612K (43%)
----------------- Invoking toplevel() on ptolemy.moml.MoMLSimpleApplication@7499cd2
----------------- Done invoking toplevel() on ptolemy.moml.MoMLSimpleApplication@7499cd2
reloadAllAccessors: .DepthTest7

===========================================================================================
----------------- testing Thu Apr 18 04:30:57 UTC 2019 /home/travis/build/icyphy/ptII/ptolemy/domains/de/test/auto/EventToDate.xml
----------------- Instantiating /home/travis/build/icyphy/ptII/ptolemy/domains/de/test/auto/EventToDate.xml
3003 ms. Memory: 326144K Free: 124440K (38%)
----------------- Invoking toplevel() on ptolemy.moml.MoMLSimpleApplication@20a13c15
----------------- Done invoking toplevel() on ptolemy.moml.MoMLSimpleApplication@20a13c15
reloadAllAccessors: .EventToDate

===========================================================================================
----------------- testing Thu Apr 18 04:31:00 UTC 2019 /home/travis/build/icyphy/ptII/ptolemy/domains/de/test/auto/FSM1.xml
----------------- Instantiating /home/travis/build/icyphy/ptII/ptolemy/domains/de/test/auto/FSM1.xml
19 ms. Memory: 326144K Free: 109716K (34%)
----------------- Invoking toplevel() on ptolemy.moml.MoMLSimpleApplication@361c21ea
----------------- Done invoking toplevel() on ptolemy.moml.MoMLSimpleApplication@361c21ea
reloadAllAccessors: .FSM1

===========================================================================================
----------------- testing Thu Apr 18 04:31:00 UTC 2019 /home/travis/build/icyphy/ptII/ptolemy/domains/de/test/auto/FSM7.xml
----------------- Instantiating /home/travis/build/icyphy/ptII/ptolemy/domains/de/test/auto/FSM7.xml
14 ms. Memory: 326144K Free: 94983K (29%)
----------------- Invoking toplevel() on ptolemy.moml.MoMLSimpleApplication@3e1e06a2
----------------- Done invoking toplevel() on ptolemy.moml.MoMLSimpleApplication@3e1e06a2
reloadAllAccessors: .FSM7

===========================================================================================
----------------- testing Thu Apr 18 04:31:00 UTC 2019 /home/travis/build/icyphy/ptII/ptolemy/domains/de/test/auto/Inspection.xml
----------------- Instantiating /home/travis/build/icyphy/ptII/ptolemy/domains/de/test/auto/Inspection.xml
24 ms. Memory: 326144K Free: 77845K (24%)
----------------- Invoking toplevel() on ptolemy.moml.MoMLSimpleApplication@33d8b5f6
----------------- Done invoking toplevel() on ptolemy.moml.MoMLSimpleApplication@33d8b5f6
reloadAllAccessors: .Inspection

===========================================================================================
----------------- testing Thu Apr 18 04:31:00 UTC 2019 /home/travis/build/icyphy/ptII/ptolemy/domains/de/test/auto/Iteration.xml
----------------- Instantiating /home/travis/build/icyphy/ptII/ptolemy/domains/de/test/auto/Iteration.xml
11 ms. Memory: 315904K Free: 302824K (96%)
----------------- Invoking toplevel() on ptolemy.moml.MoMLSimpleApplication@66ea85d9
----------------- Done invoking toplevel() on ptolemy.moml.MoMLSimpleApplication@66ea85d9
reloadAllAccessors: .Iteration

===========================================================================================
----------------- testing Thu Apr 18 04:31:00 UTC 2019 /home/travis/build/icyphy/ptII/ptolemy/domains/de/test/auto/LineFault.xml
----------------- Instantiating /home/travis/build/icyphy/ptII/ptolemy/domains/de/test/auto/LineFault.xml
315 ms. Memory: 315904K Free: 184028K (58%)
----------------- Invoking toplevel() on ptolemy.moml.MoMLSimpleApplication@a95e83f
----------------- Done invoking toplevel() on ptolemy.moml.MoMLSimpleApplication@a95e83f
reloadAllAccessors: .LineFault

===========================================================================================
----------------- testing Thu Apr 18 04:31:00 UTC 2019 /home/travis/build/icyphy/ptII/ptolemy/domains/de/test/auto/MergeModel1Add.xml
----------------- Instantiating /home/travis/build/icyphy/ptII/ptolemy/domains/de/test/auto/MergeModel1Add.xml
5 ms. Memory: 315904K Free: 162930K (52%)
----------------- Invoking toplevel() on ptolemy.moml.MoMLSimpleApplication@695f18d1
----------------- Done invoking toplevel() on ptolemy.moml.MoMLSimpleApplication@695f18d1
reloadAllAccessors: .MergeModel1Add

===========================================================================================
----------------- testing Thu Apr 18 04:31:00 UTC 2019 /home/travis/build/icyphy/ptII/ptolemy/domains/de/test/auto/MergeModel2Add.xml
----------------- Instantiating /home/travis/build/icyphy/ptII/ptolemy/domains/de/test/auto/MergeModel2Add.xml
4 ms. Memory: 315904K Free: 141822K (45%)
----------------- Invoking toplevel() on ptolemy.moml.MoMLSimpleApplication@2c9f1670
----------------- Done invoking toplevel() on ptolemy.moml.MoMLSimpleApplication@2c9f1670
reloadAllAccessors: .MergeModel2Add

===========================================================================================
----------------- testing Thu Apr 18 04:31:00 UTC 2019 /home/travis/build/icyphy/ptII/ptolemy/domains/de/test/auto/MergeModel3Add.xml
----------------- Instantiating /home/travis/build/icyphy/ptII/ptolemy/domains/de/test/auto/MergeModel3Add.xml
7 ms. Memory: 315904K Free: 119122K (38%)
----------------- Invoking toplevel() on ptolemy.moml.MoMLSimpleApplication@24f6f4d9
----------------- Done invoking toplevel() on ptolemy.moml.MoMLSimpleApplication@24f6f4d9
reloadAllAccessors: .MergeModel3Add

===========================================================================================
----------------- testing Thu Apr 18 04:31:00 UTC 2019 /home/travis/build/icyphy/ptII/ptolemy/domains/de/test/auto/MergeWithoutDiscard.xml
----------------- Instantiating /home/travis/build/icyphy/ptII/ptolemy/domains/de/test/auto/MergeWithoutDiscard.xml
1 ms. Memory: 315904K Free: 112102K (35%)
----------------- Invoking toplevel() on ptolemy.moml.MoMLSimpleApplication@68f3f6ab
----------------- Done invoking toplevel() on ptolemy.moml.MoMLSimpleApplication@68f3f6ab
reloadAllAccessors: .MergeWithoutDiscard

===========================================================================================
----------------- testing Thu Apr 18 04:31:00 UTC 2019 /home/travis/build/icyphy/ptII/ptolemy/domains/de/test/auto/Modal1.xml
----------------- Instantiating /home/travis/build/icyphy/ptII/ptolemy/domains/de/test/auto/Modal1.xml
7 ms. Memory: 315904K Free: 98030K (31%)
----------------- Invoking toplevel() on ptolemy.moml.MoMLSimpleApplication@610b68df
----------------- Done invoking toplevel() on ptolemy.moml.MoMLSimpleApplication@610b68df
reloadAllAccessors: .Modal1

===========================================================================================
----------------- testing Thu Apr 18 04:31:00 UTC 2019 /home/travis/build/icyphy/ptII/ptolemy/domains/de/test/auto/Modal2.xml
----------------- Instantiating /home/travis/build/icyphy/ptII/ptolemy/domains/de/test/auto/Modal2.xml
8 ms. Memory: 315904K Free: 80010K (25%)
----------------- Invoking toplevel() on ptolemy.moml.MoMLSimpleApplication@434730b5
----------------- Done invoking toplevel() on ptolemy.moml.MoMLSimpleApplication@434730b5
reloadAllAccessors: .Modal2

===========================================================================================
----------------- testing Thu Apr 18 04:31:00 UTC 2019 /home/travis/build/icyphy/ptII/ptolemy/domains/de/test/auto/Modal3.xml
----------------- Instantiating /home/travis/build/icyphy/ptII/ptolemy/domains/de/test/auto/Modal3.xml
6 ms. Memory: 305152K Free: 288695K (95%)
----------------- Invoking toplevel() on ptolemy.moml.MoMLSimpleApplication@33d85772
----------------- Done invoking toplevel() on ptolemy.moml.MoMLSimpleApplication@33d85772
reloadAllAccessors: .Modal3

===========================================================================================
----------------- testing Thu Apr 18 04:31:00 UTC 2019 /home/travis/build/icyphy/ptII/ptolemy/domains/de/test/auto/Modal4.xml
----------------- Instantiating /home/travis/build/icyphy/ptII/ptolemy/domains/de/test/auto/Modal4.xml
8 ms. Memory: 305152K Free: 271964K (89%)
----------------- Invoking toplevel() on ptolemy.moml.MoMLSimpleApplication@1ea9cb46
----------------- Done invoking toplevel() on ptolemy.moml.MoMLSimpleApplication@1ea9cb46
reloadAllAccessors: .Modal4

===========================================================================================
----------------- testing Thu Apr 18 04:31:01 UTC 2019 /home/travis/build/icyphy/ptII/ptolemy/domains/de/test/auto/Modal5.xml
----------------- Instantiating /home/travis/build/icyphy/ptII/ptolemy/domains/de/test/auto/Modal5.xml
8 ms. Memory: 305152K Free: 256254K (84%)
----------------- Invoking toplevel() on ptolemy.moml.MoMLSimpleApplication@26244b3f
----------------- Done invoking toplevel() on ptolemy.moml.MoMLSimpleApplication@26244b3f
reloadAllAccessors: .Modal5

===========================================================================================
----------------- testing Thu Apr 18 04:31:01 UTC 2019 /home/travis/build/icyphy/ptII/ptolemy/domains/de/test/auto/Modal6.xml
----------------- Instantiating /home/travis/build/icyphy/ptII/ptolemy/domains/de/test/auto/Modal6.xml
8 ms. Memory: 305152K Free: 239523K (78%)
----------------- Invoking toplevel() on ptolemy.moml.MoMLSimpleApplication@6d67de3d
----------------- Done invoking toplevel() on ptolemy.moml.MoMLSimpleApplication@6d67de3d
reloadAllAccessors: .Modal6

===========================================================================================
----------------- testing Thu Apr 18 04:31:01 UTC 2019 /home/travis/build/icyphy/ptII/ptolemy/domains/de/test/auto/Modal7.xml
----------------- Instantiating /home/travis/build/icyphy/ptII/ptolemy/domains/de/test/auto/Modal7.xml
6 ms. Memory: 305152K Free: 223820K (73%)
----------------- Invoking toplevel() on ptolemy.moml.MoMLSimpleApplication@4acea644
----------------- Done invoking toplevel() on ptolemy.moml.MoMLSimpleApplication@4acea644
reloadAllAccessors: .Modal7

===========================================================================================
----------------- testing Thu Apr 18 04:31:01 UTC 2019 /home/travis/build/icyphy/ptII/ptolemy/domains/de/test/auto/ModalModel.xml
----------------- Instantiating /home/travis/build/icyphy/ptII/ptolemy/domains/de/test/auto/ModalModel.xml
96 ms. Memory: 305152K Free: 150912K (49%)
----------------- Invoking toplevel() on ptolemy.moml.MoMLSimpleApplication@2f85c7f3
----------------- Done invoking toplevel() on ptolemy.moml.MoMLSimpleApplication@2f85c7f3
reloadAllAccessors: .ModalModel

===========================================================================================
----------------- testing Thu Apr 18 04:31:01 UTC 2019 /home/travis/build/icyphy/ptII/ptolemy/domains/de/test/auto/ModalSource.xml
----------------- Instantiating /home/travis/build/icyphy/ptII/ptolemy/domains/de/test/auto/ModalSource.xml
4 ms. Memory: 305152K Free: 141962K (47%)
----------------- Invoking toplevel() on ptolemy.moml.MoMLSimpleApplication@4a575b3e
----------------- Done invoking toplevel() on ptolemy.moml.MoMLSimpleApplication@4a575b3e
reloadAllAccessors: .ModalSource

===========================================================================================
----------------- testing Thu Apr 18 04:31:01 UTC 2019 /home/travis/build/icyphy/ptII/ptolemy/domains/de/test/auto/NonInterruptibleTimerZeroDelay.xml
----------------- Instantiating /home/travis/build/icyphy/ptII/ptolemy/domains/de/test/auto/NonInterruptibleTimerZeroDelay.xml
1 ms. Memory: 305152K Free: 134229K (44%)
----------------- Invoking toplevel() on ptolemy.moml.MoMLSimpleApplication@7f3096fa
----------------- Done invoking toplevel() on ptolemy.moml.MoMLSimpleApplication@7f3096fa
reloadAllAccessors: .NonInterruptibleTimerZeroDelay

===========================================================================================
----------------- testing Thu Apr 18 04:31:01 UTC 2019 /home/travis/build/icyphy/ptII/ptolemy/domains/de/test/auto/OpenQueueingNetwork.xml
----------------- Instantiating /home/travis/build/icyphy/ptII/ptolemy/domains/de/test/auto/OpenQueueingNetwork.xml
1912 ms. Memory: 279552K Free: 162446K (58%)
----------------- Invoking toplevel() on ptolemy.moml.MoMLSimpleApplication@5c8da6cd
----------------- Done invoking toplevel() on ptolemy.moml.MoMLSimpleApplication@5c8da6cd
reloadAllAccessors: .OpenQueueingNetwork

===========================================================================================
----------------- testing Thu Apr 18 04:31:03 UTC 2019 /home/travis/build/icyphy/ptII/ptolemy/domains/de/test/auto/OpenQueuingNetwork.xml
----------------- Instantiating /home/travis/build/icyphy/ptII/ptolemy/domains/de/test/auto/OpenQueuingNetwork.xml
214 ms. Memory: 269824K Free: 257652K (95%)
----------------- Invoking toplevel() on ptolemy.moml.MoMLSimpleApplication@6adaa6c5
----------------- Done invoking toplevel() on ptolemy.moml.MoMLSimpleApplication@6adaa6c5
reloadAllAccessors: .OpenQueuingNetwork

===========================================================================================
----------------- testing Thu Apr 18 04:31:03 UTC 2019 /home/travis/build/icyphy/ptII/ptolemy/domains/de/test/auto/PeriodicSampler.xml
----------------- Instantiating /home/travis/build/icyphy/ptII/ptolemy/domains/de/test/auto/PeriodicSampler.xml
2 ms. Memory: 269824K Free: 250062K (93%)
----------------- Invoking toplevel() on ptolemy.moml.MoMLSimpleApplication@3d628f97
----------------- Done invoking toplevel() on ptolemy.moml.MoMLSimpleApplication@3d628f97
reloadAllAccessors: .PeriodicSampler

===========================================================================================
----------------- testing Thu Apr 18 04:31:03 UTC 2019 /home/travis/build/icyphy/ptII/ptolemy/domains/de/test/auto/PersistentIO.xml
----------------- Instantiating /home/travis/build/icyphy/ptII/ptolemy/domains/de/test/auto/PersistentIO.xml
3 ms. Memory: 269824K Free: 238385K (88%)
----------------- Invoking toplevel() on ptolemy.moml.MoMLSimpleApplication@4ec0df40
----------------- Done invoking toplevel() on ptolemy.moml.MoMLSimpleApplication@4ec0df40
reloadAllAccessors: .PersistentIO

===========================================================================================
----------------- testing Thu Apr 18 04:31:03 UTC 2019 /home/travis/build/icyphy/ptII/ptolemy/domains/de/test/auto/PortParameterResetOnInitialize.xml
----------------- Instantiating /home/travis/build/icyphy/ptII/ptolemy/domains/de/test/auto/PortParameterResetOnInitialize.xml
2 ms. Memory: 269824K Free: 231990K (86%)
----------------- Invoking toplevel() on ptolemy.moml.MoMLSimpleApplication@63c85a2f
----------------- Done invoking toplevel() on ptolemy.moml.MoMLSimpleApplication@63c85a2f
reloadAllAccessors: .PortParameterResetOnInitialize

===========================================================================================
----------------- testing Thu Apr 18 04:31:03 UTC 2019 /home/travis/build/icyphy/ptII/ptolemy/domains/de/test/auto/PortParameterUpdates.xml
----------------- Instantiating /home/travis/build/icyphy/ptII/ptolemy/domains/de/test/auto/PortParameterUpdates.xml
3 ms. Memory: 269824K Free: 224087K (83%)
----------------- Invoking toplevel() on ptolemy.moml.MoMLSimpleApplication@45f33050
----------------- Done invoking toplevel() on ptolemy.moml.MoMLSimpleApplication@45f33050
reloadAllAccessors: .PortParameterUpdates

===========================================================================================
----------------- testing Thu Apr 18 04:31:03 UTC 2019 /home/travis/build/icyphy/ptII/ptolemy/domains/de/test/auto/QueueAndServer.xml
----------------- Instantiating /home/travis/build/icyphy/ptII/ptolemy/domains/de/test/auto/QueueAndServer.xml
5 ms. Memory: 269824K Free: 214296K (79%)
----------------- Invoking toplevel() on ptolemy.moml.MoMLSimpleApplication@401068fd
----------------- Done invoking toplevel() on ptolemy.moml.MoMLSimpleApplication@401068fd
reloadAllAccessors: .QueueAndServer

===========================================================================================
----------------- testing Thu Apr 18 04:31:03 UTC 2019 /home/travis/build/icyphy/ptII/ptolemy/domains/de/test/auto/Records.xml
----------------- Instantiating /home/travis/build/icyphy/ptII/ptolemy/domains/de/test/auto/Records.xml
2 ms. Memory: 269824K Free: 206006K (76%)
----------------- Invoking toplevel() on ptolemy.moml.MoMLSimpleApplication@139908d0
----------------- Done invoking toplevel() on ptolemy.moml.MoMLSimpleApplication@139908d0
reloadAllAccessors: .Records

===========================================================================================
----------------- testing Thu Apr 18 04:31:03 UTC 2019 /home/travis/build/icyphy/ptII/ptolemy/domains/de/test/auto/ResetTransitionWithStartTime1.xml
----------------- Instantiating /home/travis/build/icyphy/ptII/ptolemy/domains/de/test/auto/ResetTransitionWithStartTime1.xml
4 ms. Memory: 269824K Free: 194329K (72%)
----------------- Invoking toplevel() on ptolemy.moml.MoMLSimpleApplication@2f9d15ea
----------------- Done invoking toplevel() on ptolemy.moml.MoMLSimpleApplication@2f9d15ea
reloadAllAccessors: .ResetTransitionWithStartTime1

===========================================================================================
----------------- testing Thu Apr 18 04:31:03 UTC 2019 /home/travis/build/icyphy/ptII/ptolemy/domains/de/test/auto/ResetTransitionWithStartTime2.xml
----------------- Instantiating /home/travis/build/icyphy/ptII/ptolemy/domains/de/test/auto/ResetTransitionWithStartTime2.xml
4 ms. Memory: 269824K Free: 182660K (68%)
----------------- Invoking toplevel() on ptolemy.moml.MoMLSimpleApplication@271b0d7e
----------------- Done invoking toplevel() on ptolemy.moml.MoMLSimpleApplication@271b0d7e
reloadAllAccessors: .ResetTransitionWithStartTime2

===========================================================================================
----------------- testing Thu Apr 18 04:31:03 UTC 2019 /home/travis/build/icyphy/ptII/ptolemy/domains/de/test/auto/ResetTransitionWithStartTime3.xml
----------------- Instantiating /home/travis/build/icyphy/ptII/ptolemy/domains/de/test/auto/ResetTransitionWithStartTime3.xml
4 ms. Memory: 269824K Free: 170619K (63%)
----------------- Invoking toplevel() on ptolemy.moml.MoMLSimpleApplication@773a9d30
----------------- Done invoking toplevel() on ptolemy.moml.MoMLSimpleApplication@773a9d30
reloadAllAccessors: .ResetTransitionWithStartTime3

===========================================================================================
----------------- testing Thu Apr 18 04:31:03 UTC 2019 /home/travis/build/icyphy/ptII/ptolemy/domains/de/test/auto/ResetTransitionWithStartTime4.xml
----------------- Instantiating /home/travis/build/icyphy/ptII/ptolemy/domains/de/test/auto/ResetTransitionWithStartTime4.xml
3 ms. Memory: 269824K Free: 160837K (60%)
----------------- Invoking toplevel() on ptolemy.moml.MoMLSimpleApplication@3c583d56
----------------- Done invoking toplevel() on ptolemy.moml.MoMLSimpleApplication@3c583d56
reloadAllAccessors: .ResetTransitionWithStartTime4

===========================================================================================
----------------- testing Thu Apr 18 04:31:03 UTC 2019 /home/travis/build/icyphy/ptII/ptolemy/domains/de/test/auto/ResettableTimer1.xml
----------------- Instantiating /home/travis/build/icyphy/ptII/ptolemy/domains/de/test/auto/ResettableTimer1.xml
1 ms. Memory: 269824K Free: 154441K (57%)
----------------- Invoking toplevel() on ptolemy.moml.MoMLSimpleApplication@59a7f59e
----------------- Done invoking toplevel() on ptolemy.moml.MoMLSimpleApplication@59a7f59e
reloadAllAccessors: .ResettableTimer1

===========================================================================================
----------------- testing Thu Apr 18 04:31:03 UTC 2019 /home/travis/build/icyphy/ptII/ptolemy/domains/de/test/auto/ResettableTimer2.xml
----------------- Instantiating /home/travis/build/icyphy/ptII/ptolemy/domains/de/test/auto/ResettableTimer2.xml
2 ms. Memory: 269824K Free: 148417K (55%)
----------------- Invoking toplevel() on ptolemy.moml.MoMLSimpleApplication@73961190
----------------- Done invoking toplevel() on ptolemy.moml.MoMLSimpleApplication@73961190
reloadAllAccessors: .ResettableTimer2

===========================================================================================
----------------- testing Thu Apr 18 04:31:03 UTC 2019 /home/travis/build/icyphy/ptII/ptolemy/domains/de/test/auto/ResettableTimer3.xml
----------------- Instantiating /home/travis/build/icyphy/ptII/ptolemy/domains/de/test/auto/ResettableTimer3.xml
2 ms. Memory: 269824K Free: 142393K (53%)
----------------- Invoking toplevel() on ptolemy.moml.MoMLSimpleApplication@4ca3c43c
----------------- Done invoking toplevel() on ptolemy.moml.MoMLSimpleApplication@4ca3c43c
reloadAllAccessors: .ResettableTimer3

===========================================================================================
----------------- testing Thu Apr 18 04:31:03 UTC 2019 /home/travis/build/icyphy/ptII/ptolemy/domains/de/test/auto/ResettableTimer4.xml
----------------- Instantiating /home/travis/build/icyphy/ptII/ptolemy/domains/de/test/auto/ResettableTimer4.xml
1 ms. Memory: 269824K Free: 135995K (50%)
----------------- Invoking toplevel() on ptolemy.moml.MoMLSimpleApplication@152eed7f
----------------- Done invoking toplevel() on ptolemy.moml.MoMLSimpleApplication@152eed7f
reloadAllAccessors: .ResettableTimer4

===========================================================================================
----------------- testing Thu Apr 18 04:31:03 UTC 2019 /home/travis/build/icyphy/ptII/ptolemy/domains/de/test/auto/ResettableTimer5.xml
----------------- Instantiating /home/travis/build/icyphy/ptII/ptolemy/domains/de/test/auto/ResettableTimer5.xml
1 ms. Memory: 269824K Free: 129979K (48%)
----------------- Invoking toplevel() on ptolemy.moml.MoMLSimpleApplication@578059bb
----------------- Done invoking toplevel() on ptolemy.moml.MoMLSimpleApplication@578059bb
reloadAllAccessors: .ResettableTimer5

===========================================================================================
----------------- testing Thu Apr 18 04:31:03 UTC 2019 /home/travis/build/icyphy/ptII/ptolemy/domains/de/test/auto/ResettableTimer6.xml
----------------- Instantiating /home/travis/build/icyphy/ptII/ptolemy/domains/de/test/auto/ResettableTimer6.xml
1 ms. Memory: 269824K Free: 121689K (45%)
----------------- Invoking toplevel() on ptolemy.moml.MoMLSimpleApplication@248bea9a
----------------- Done invoking toplevel() on ptolemy.moml.MoMLSimpleApplication@248bea9a
reloadAllAccessors: .ResettableTimer6

===========================================================================================
----------------- testing Thu Apr 18 04:31:03 UTC 2019 /home/travis/build/icyphy/ptII/ptolemy/domains/de/test/auto/ServerZeroDelay.xml
----------------- Instantiating /home/travis/build/icyphy/ptII/ptolemy/domains/de/test/auto/ServerZeroDelay.xml
2 ms. Memory: 269824K Free: 115673K (43%)
----------------- Invoking toplevel() on ptolemy.moml.MoMLSimpleApplication@113aaf73
----------------- Done invoking toplevel() on ptolemy.moml.MoMLSimpleApplication@113aaf73
reloadAllAccessors: .ServerZeroDelay

===========================================================================================
----------------- testing Thu Apr 18 04:31:03 UTC 2019 /home/travis/build/icyphy/ptII/ptolemy/domains/de/test/auto/SmartSender.xml
----------------- Instantiating /home/travis/build/icyphy/ptII/ptolemy/domains/de/test/auto/SmartSender.xml
3002 ms. Memory: 269824K Free: 109657K (41%)
----------------- Invoking toplevel() on ptolemy.moml.MoMLSimpleApplication@38c0e8a7
----------------- Done invoking toplevel() on ptolemy.moml.MoMLSimpleApplication@38c0e8a7
reloadAllAccessors: .SmartSender

===========================================================================================
----------------- testing Thu Apr 18 04:31:06 UTC 2019 /home/travis/build/icyphy/ptII/ptolemy/domains/de/test/auto/ThreadedComposite.xml
----------------- Instantiating /home/travis/build/icyphy/ptII/ptolemy/domains/de/test/auto/ThreadedComposite.xml
147 ms. Memory: 269824K Free: 78806K (29%)
----------------- Invoking toplevel() on ptolemy.moml.MoMLSimpleApplication@7fbd3b98
----------------- Done invoking toplevel() on ptolemy.moml.MoMLSimpleApplication@7fbd3b98
reloadAllAccessors: .ThreadedComposite

===========================================================================================
----------------- testing Thu Apr 18 04:31:06 UTC 2019 /home/travis/build/icyphy/ptII/ptolemy/domains/de/test/auto/Time.xml
----------------- Instantiating /home/travis/build/icyphy/ptII/ptolemy/domains/de/test/auto/Time.xml
413 ms. Memory: 263680K Free: 204209K (77%)
----------------- Invoking toplevel() on ptolemy.moml.MoMLSimpleApplication@3dd037ad
----------------- Done invoking toplevel() on ptolemy.moml.MoMLSimpleApplication@3dd037ad
reloadAllAccessors: .Time

===========================================================================================
----------------- testing Thu Apr 18 04:31:07 UTC 2019 /home/travis/build/icyphy/ptII/ptolemy/domains/de/test/auto/TimeDelayZeroDelay.xml
----------------- Instantiating /home/travis/build/icyphy/ptII/ptolemy/domains/de/test/auto/TimeDelayZeroDelay.xml
2 ms. Memory: 263680K Free: 197846K (75%)
----------------- Invoking toplevel() on ptolemy.moml.MoMLSimpleApplication@3901b161
----------------- Done invoking toplevel() on ptolemy.moml.MoMLSimpleApplication@3901b161
reloadAllAccessors: .TimeDelayZeroDelay

===========================================================================================
----------------- testing Thu Apr 18 04:31:07 UTC 2019 /home/travis/build/icyphy/ptII/ptolemy/domains/de/test/auto/TimerZeroDelay.xml
----------------- Instantiating /home/travis/build/icyphy/ptII/ptolemy/domains/de/test/auto/TimerZeroDelay.xml
2 ms. Memory: 263680K Free: 192436K (73%)
----------------- Invoking toplevel() on ptolemy.moml.MoMLSimpleApplication@d9bd1c
----------------- Done invoking toplevel() on ptolemy.moml.MoMLSimpleApplication@d9bd1c
reloadAllAccessors: .TimerZeroDelay

===========================================================================================
----------------- testing Thu Apr 18 04:31:07 UTC 2019 /home/travis/build/icyphy/ptII/ptolemy/domains/de/test/auto/TimingParadox.xml
----------------- Instantiating /home/travis/build/icyphy/ptII/ptolemy/domains/de/test/auto/TimingParadox.xml
290 ms. Memory: 263680K Free: 125525K (48%)
----------------- Invoking toplevel() on ptolemy.moml.MoMLSimpleApplication@1f16f429
----------------- Done invoking toplevel() on ptolemy.moml.MoMLSimpleApplication@1f16f429
reloadAllAccessors: .TimingParadox

===========================================================================================
----------------- testing Thu Apr 18 04:31:07 UTC 2019 /home/travis/build/icyphy/ptII/ptolemy/domains/de/test/auto/TransferInputs.xml
----------------- Instantiating /home/travis/build/icyphy/ptII/ptolemy/domains/de/test/auto/TransferInputs.xml
1 ms. Memory: 263680K Free: 120083K (46%)
----------------- Invoking toplevel() on ptolemy.moml.MoMLSimpleApplication@3c117871
----------------- Done invoking toplevel() on ptolemy.moml.MoMLSimpleApplication@3c117871
reloadAllAccessors: .TransferInputs

===========================================================================================
----------------- testing Thu Apr 18 04:31:07 UTC 2019 /home/travis/build/icyphy/ptII/ptolemy/domains/de/test/auto/TransferOutputs2.xml
----------------- Instantiating /home/travis/build/icyphy/ptII/ptolemy/domains/de/test/auto/TransferOutputs2.xml
2 ms. Memory: 263680K Free: 110112K (42%)
----------------- Invoking toplevel() on ptolemy.moml.MoMLSimpleApplication@1a297fce
----------------- Done invoking toplevel() on ptolemy.moml.MoMLSimpleApplication@1a297fce
reloadAllAccessors: .TransferOutputs2

===========================================================================================
----------------- testing Thu Apr 18 04:31:07 UTC 2019 /home/travis/build/icyphy/ptII/ptolemy/domains/de/test/auto/Trilateration.xml
----------------- Instantiating /home/travis/build/icyphy/ptII/ptolemy/domains/de/test/auto/Trilateration.xml
10877 ms. Memory: 716800K Free: 493586K (69%)
----------------- Invoking toplevel() on ptolemy.moml.MoMLSimpleApplication@35b85dc8
----------------- Done invoking toplevel() on ptolemy.moml.MoMLSimpleApplication@35b85dc8
reloadAllAccessors: .Trilateration

===========================================================================================
----------------- testing Thu Apr 18 04:31:19 UTC 2019 /home/travis/build/icyphy/ptII/ptolemy/domains/de/test/auto/TwoSigmaDelta.xml
----------------- Instantiating /home/travis/build/icyphy/ptII/ptolemy/domains/de/test/auto/TwoSigmaDelta.xml
1981 ms. Memory: 716800K Free: 196160K (27%)
----------------- Invoking toplevel() on ptolemy.moml.MoMLSimpleApplication@62bb96dc
----------------- Done invoking toplevel() on ptolemy.moml.MoMLSimpleApplication@62bb96dc
reloadAllAccessors: .TwoSigmaDelta

===========================================================================================
----------------- testing Thu Apr 18 04:31:21 UTC 2019 /home/travis/build/icyphy/ptII/ptolemy/domains/de/test/auto/VariableDelay.xml
----------------- Instantiating /home/travis/build/icyphy/ptII/ptolemy/domains/de/test/auto/VariableDelay.xml
5 ms. Memory: 716800K Free: 170223K (24%)
----------------- Invoking toplevel() on ptolemy.moml.MoMLSimpleApplication@5b7dff53
----------------- Done invoking toplevel() on ptolemy.moml.MoMLSimpleApplication@5b7dff53
reloadAllAccessors: .VariableDelay

===========================================================================================
----------------- testing Thu Apr 18 04:31:21 UTC 2019 /home/travis/build/icyphy/ptII/ptolemy/domains/de/test/auto/VariableDelay2.xml
----------------- Instantiating /home/travis/build/icyphy/ptII/ptolemy/domains/de/test/auto/VariableDelay2.xml
1 ms. Memory: 716800K Free: 144285K (20%)
----------------- Invoking toplevel() on ptolemy.moml.MoMLSimpleApplication@6e4a3012
----------------- Done invoking toplevel() on ptolemy.moml.MoMLSimpleApplication@6e4a3012
reloadAllAccessors: .VariableDelay2

===========================================================================================
----------------- testing Thu Apr 18 04:31:21 UTC 2019 /home/travis/build/icyphy/ptII/ptolemy/domains/de/test/auto/VariableDelayZeroDelay.xml
----------------- Instantiating /home/travis/build/icyphy/ptII/ptolemy/domains/de/test/auto/VariableDelayZeroDelay.xml
2 ms. Memory: 716800K Free: 119115K (17%)
----------------- Invoking toplevel() on ptolemy.moml.MoMLSimpleApplication@7aaefa3f
----------------- Done invoking toplevel() on ptolemy.moml.MoMLSimpleApplication@7aaefa3f
reloadAllAccessors: .VariableDelayZeroDelay

===========================================================================================
----------------- testing Thu Apr 18 04:31:21 UTC 2019 /home/travis/build/icyphy/ptII/ptolemy/domains/de/test/auto/VariableDelayZeroDelay2.xml
----------------- Instantiating /home/travis/build/icyphy/ptII/ptolemy/domains/de/test/auto/VariableDelayZeroDelay2.xml
2 ms. Memory: 716800K Free: 93179K (13%)
----------------- Invoking toplevel() on ptolemy.moml.MoMLSimpleApplication@342fc7e7
----------------- Done invoking toplevel() on ptolemy.moml.MoMLSimpleApplication@342fc7e7
reloadAllAccessors: .VariableDelayZeroDelay2

===========================================================================================
----------------- testing Thu Apr 18 04:31:21 UTC 2019 /home/travis/build/icyphy/ptII/ptolemy/domains/de/test/auto/deInCt.xml
----------------- Instantiating /home/travis/build/icyphy/ptII/ptolemy/domains/de/test/auto/deInCt.xml
0
1
1
0
0
1
1
1
0
0
0
1
1
0
0
0
0
1
1
1
1
0
0
0
1
1
1
0
0
0
0
1
1
1
1
0
0
1
1
1
0
0
0
0
5 ms. Memory: 716800K Free: 67243K (9%)
----------------- Invoking toplevel() on ptolemy.moml.MoMLSimpleApplication@7e104608
----------------- Done invoking toplevel() on ptolemy.moml.MoMLSimpleApplication@7e104608
reloadAllAccessors: .deInCt

===========================================================================================
----------------- testing Thu Apr 18 04:31:21 UTC 2019 /home/travis/build/icyphy/ptII/ptolemy/domains/de/test/auto/deInCt2.xml
----------------- Instantiating /home/travis/build/icyphy/ptII/ptolemy/domains/de/test/auto/deInCt2.xml
0
1
1
1
0
0
1
1
1
0
0
1
1
1
0
0
1
1
1
0
0
1
1
1
0
0
1
1
1
0
0
1
1
1
0
0
1
1
1
0
0
0
13 ms. Memory: 680960K Free: 644834K (95%)
----------------- Invoking toplevel() on ptolemy.moml.MoMLSimpleApplication@c8f4371
----------------- Done invoking toplevel() on ptolemy.moml.MoMLSimpleApplication@c8f4371
reloadAllAccessors: .deInCt2

===========================================================================================
----------------- testing Thu Apr 18 04:31:21 UTC 2019 /home/travis/build/icyphy/ptII/ptolemy/domains/de/test/auto/dynamicCausalityInterface1.xml
----------------- Instantiating /home/travis/build/icyphy/ptII/ptolemy/domains/de/test/auto/dynamicCausalityInterface1.xml
1 ms. Memory: 680960K Free: 625857K (92%)
----------------- Invoking toplevel() on ptolemy.moml.MoMLSimpleApplication@27f8da36
----------------- Done invoking toplevel() on ptolemy.moml.MoMLSimpleApplication@27f8da36
reloadAllAccessors: .dynamicCausalityInterface1

===========================================================================================
----------------- testing Thu Apr 18 04:31:21 UTC 2019 /home/travis/build/icyphy/ptII/ptolemy/domains/de/test/auto/fsm_de_test.xml
----------------- Instantiating /home/travis/build/icyphy/ptII/ptolemy/domains/de/test/auto/fsm_de_test.xml
7 ms. Memory: 680960K Free: 607376K (89%)
----------------- Invoking toplevel() on ptolemy.moml.MoMLSimpleApplication@199cfe26
----------------- Done invoking toplevel() on ptolemy.moml.MoMLSimpleApplication@199cfe26
reloadAllAccessors: .fsm_de_test

===========================================================================================
----------------- testing Thu Apr 18 04:31:21 UTC 2019 /home/travis/build/icyphy/ptII/ptolemy/domains/de/test/auto/functionDependencyReconstruction.xml
----------------- Instantiating /home/travis/build/icyphy/ptII/ptolemy/domains/de/test/auto/functionDependencyReconstruction.xml
2 ms. Memory: 680960K Free: 582882K (86%)
----------------- Invoking toplevel() on ptolemy.moml.MoMLSimpleApplication@7ab0927b
----------------- Done invoking toplevel() on ptolemy.moml.MoMLSimpleApplication@7ab0927b
reloadAllAccessors: .functionDependencyReconstruction

===========================================================================================
----------------- testing Thu Apr 18 04:31:21 UTC 2019 /home/travis/build/icyphy/ptII/ptolemy/domains/de/test/auto/multirate.xml
----------------- Instantiating /home/travis/build/icyphy/ptII/ptolemy/domains/de/test/auto/multirate.xml
6 ms. Memory: 680960K Free: 570396K (84%)
----------------- Invoking toplevel() on ptolemy.moml.MoMLSimpleApplication@580af933
----------------- Done invoking toplevel() on ptolemy.moml.MoMLSimpleApplication@580af933
reloadAllAccessors: .multirate

===========================================================================================
----------------- testing Thu Apr 18 04:31:21 UTC 2019 /home/travis/build/icyphy/ptII/ptolemy/domains/de/test/auto/multirate2.xml
----------------- Instantiating /home/travis/build/icyphy/ptII/ptolemy/domains/de/test/auto/multirate2.xml
2 ms. Memory: 680960K Free: 557910K (82%)
----------------- Invoking toplevel() on ptolemy.moml.MoMLSimpleApplication@478d4890
----------------- Done invoking toplevel() on ptolemy.moml.MoMLSimpleApplication@478d4890
reloadAllAccessors: .multirate2

===========================================================================================
----------------- testing Thu Apr 18 04:31:21 UTC 2019 /home/travis/build/icyphy/ptII/ptolemy/domains/de/test/auto/realtime.xml
----------------- Instantiating /home/travis/build/icyphy/ptII/ptolemy/domains/de/test/auto/realtime.xml
10001 ms. Memory: 680960K Free: 545424K (80%)
----------------- Invoking toplevel() on ptolemy.moml.MoMLSimpleApplication@7252edc5
----------------- Done invoking toplevel() on ptolemy.moml.MoMLSimpleApplication@7252edc5
reloadAllAccessors: .realtime

===========================================================================================
----------------- testing Thu Apr 18 04:31:31 UTC 2019 /home/travis/build/icyphy/ptII/ptolemy/domains/de/test/auto/relationGroup.xml
----------------- Instantiating /home/travis/build/icyphy/ptII/ptolemy/domains/de/test/auto/relationGroup.xml
1 ms. Memory: 680960K Free: 532938K (78%)
----------------- Invoking toplevel() on ptolemy.moml.MoMLSimpleApplication@203eb55c
----------------- Done invoking toplevel() on ptolemy.moml.MoMLSimpleApplication@203eb55c
reloadAllAccessors: .relationGroup

===========================================================================================
----------------- testing Thu Apr 18 04:31:31 UTC 2019 /home/travis/build/icyphy/ptII/ptolemy/domains/de/test/auto/relationGroup2.xml
----------------- Instantiating /home/travis/build/icyphy/ptII/ptolemy/domains/de/test/auto/relationGroup2.xml
3 ms. Memory: 680960K Free: 520452K (76%)
----------------- Invoking toplevel() on ptolemy.moml.MoMLSimpleApplication@137ba6b8
----------------- Done invoking toplevel() on ptolemy.moml.MoMLSimpleApplication@137ba6b8
reloadAllAccessors: .relationGroup2

===========================================================================================
----------------- testing Thu Apr 18 04:31:31 UTC 2019 /home/travis/build/icyphy/ptII/ptolemy/domains/de/test/auto/sortWithOpaquePorts.xml
----------------- Instantiating /home/travis/build/icyphy/ptII/ptolemy/domains/de/test/auto/sortWithOpaquePorts.xml
2 ms. Memory: 680960K Free: 507470K (75%)
----------------- Invoking toplevel() on ptolemy.moml.MoMLSimpleApplication@26a3eb50
----------------- Done invoking toplevel() on ptolemy.moml.MoMLSimpleApplication@26a3eb50
reloadAllAccessors: .sortWithOpaquePorts

===========================================================================================
----------------- testing Thu Apr 18 04:31:31 UTC 2019 /home/travis/build/icyphy/ptII/ptolemy/domains/de/test/auto/transferInputsandOutputs.xml
----------------- Instantiating /home/travis/build/icyphy/ptII/ptolemy/domains/de/test/auto/transferInputsandOutputs.xml
2 ms. Memory: 680960K Free: 494984K (73%)
----------------- Invoking toplevel() on ptolemy.moml.MoMLSimpleApplication@46658670
----------------- Done invoking toplevel() on ptolemy.moml.MoMLSimpleApplication@46658670
reloadAllAccessors: .transferInputsandOutputs

===========================================================================================
----------------- testing Thu Apr 18 04:31:31 UTC 2019 /home/travis/build/icyphy/ptII/ptolemy/domains/de/test/auto/triggerType.xml
----------------- Instantiating /home/travis/build/icyphy/ptII/ptolemy/domains/de/test/auto/triggerType.xml
1 ms. Memory: 680960K Free: 482498K (71%)
----------------- Invoking toplevel() on ptolemy.moml.MoMLSimpleApplication@2e0d988f
----------------- Done invoking toplevel() on ptolemy.moml.MoMLSimpleApplication@2e0d988f
reloadAllAccessors: .triggerType
AutoTests.java: About to close Vertx.
AutoTests.java: Vertx closed.
]]></system-out>
  <system-err><![CDATA[java.lang.RuntimeException: Execution failed
	at ptolemy.moml.MoMLSimpleApplication$UnloadThread.run(MoMLSimpleApplication.java:402)
Caused by: ptolemy.kernel.util.IllegalActionException: Found a zero delay loop containing .dependencyLoop.original
  in .dependencyLoop and .dependencyLoop.original
	at ptolemy.actor.util.CausalityInterfaceForComposites._computeOutputPortDepth(CausalityInterfaceForComposites.java:759)
	at ptolemy.actor.util.CausalityInterfaceForComposites._computeInputDepth(CausalityInterfaceForComposites.java:696)
	at ptolemy.actor.util.CausalityInterfaceForComposites._computeOutputPortDepth(CausalityInterfaceForComposites.java:765)
	at ptolemy.actor.util.CausalityInterfaceForComposites._computeInputDepth(CausalityInterfaceForComposites.java:696)
	at ptolemy.actor.util.CausalityInterfaceForComposites._computeOutputPortDepth(CausalityInterfaceForComposites.java:765)
	at ptolemy.actor.util.CausalityInterfaceForComposites._computeInputDepth(CausalityInterfaceForComposites.java:696)
	at ptolemy.actor.util.CausalityInterfaceForComposites._computeActorDepth(CausalityInterfaceForComposites.java:532)
	at ptolemy.actor.util.CausalityInterfaceForComposites.checkForCycles(CausalityInterfaceForComposites.java:96)
	at ptolemy.domains.de.kernel.DEDirector.preinitialize(DEDirector.java:1338)
	at ptolemy.actor.CompositeActor.preinitialize(CompositeActor.java:1828)
	at ptolemy.actor.Manager.preinitializeAndResolveTypes(Manager.java:1040)
	at ptolemy.actor.Manager.initialize(Manager.java:710)
	at ptolemy.actor.Manager.execute(Manager.java:356)
	at ptolemy.actor.Manager.run(Manager.java:1263)
	at ptolemy.actor.Manager$PtolemyRunThread.run(Manager.java:1915)
java.lang.RuntimeException: Execution failed
	at ptolemy.moml.MoMLSimpleApplication$UnloadThread.run(MoMLSimpleApplication.java:402)
Caused by: ptolemy.kernel.util.IllegalActionException: Found a zero delay loop containing .dependencyLoop2.original
  in .dependencyLoop2 and .dependencyLoop2.original
	at ptolemy.actor.util.CausalityInterfaceForComposites._computeOutputPortDepth(CausalityInterfaceForComposites.java:759)
	at ptolemy.actor.util.CausalityInterfaceForComposites._computeInputDepth(CausalityInterfaceForComposites.java:696)
	at ptolemy.actor.util.CausalityInterfaceForComposites._computeOutputPortDepth(CausalityInterfaceForComposites.java:765)
	at ptolemy.actor.util.CausalityInterfaceForComposites._computeInputDepth(CausalityInterfaceForComposites.java:696)
	at ptolemy.actor.util.CausalityInterfaceForComposites._computeOutputPortDepth(CausalityInterfaceForComposites.java:765)
	at ptolemy.actor.util.CausalityInterfaceForComposites._computeInputDepth(CausalityInterfaceForComposites.java:696)
	at ptolemy.actor.util.CausalityInterfaceForComposites._computeActorDepth(CausalityInterfaceForComposites.java:532)
	at ptolemy.actor.util.CausalityInterfaceForComposites.checkForCycles(CausalityInterfaceForComposites.java:96)
	at ptolemy.domains.de.kernel.DEDirector.preinitialize(DEDirector.java:1338)
	at ptolemy.actor.CompositeActor.preinitialize(CompositeActor.java:1828)
	at ptolemy.actor.Manager.preinitializeAndResolveTypes(Manager.java:1040)
	at ptolemy.actor.Manager.initialize(Manager.java:710)
	at ptolemy.actor.Manager.execute(Manager.java:356)
	at ptolemy.actor.Manager.run(Manager.java:1263)
	at ptolemy.actor.Manager$PtolemyRunThread.run(Manager.java:1915)
java.lang.RuntimeException: Execution failed
	at ptolemy.moml.MoMLSimpleApplication$UnloadThread.run(MoMLSimpleApplication.java:402)
Caused by: ptolemy.kernel.util.IllegalActionException: Found a zero delay loop containing .dependencyLoop.original
  in .dependencyLoop and .dependencyLoop.original
	at ptolemy.actor.util.CausalityInterfaceForComposites._computeOutputPortDepth(CausalityInterfaceForComposites.java:759)
	at ptolemy.actor.util.CausalityInterfaceForComposites._computeInputDepth(CausalityInterfaceForComposites.java:696)
	at ptolemy.actor.util.CausalityInterfaceForComposites._computeOutputPortDepth(CausalityInterfaceForComposites.java:765)
	at ptolemy.actor.util.CausalityInterfaceForComposites._computeInputDepth(CausalityInterfaceForComposites.java:696)
	at ptolemy.actor.util.CausalityInterfaceForComposites._computeOutputPortDepth(CausalityInterfaceForComposites.java:765)
	at ptolemy.actor.util.CausalityInterfaceForComposites._computeInputDepth(CausalityInterfaceForComposites.java:696)
	at ptolemy.actor.util.CausalityInterfaceForComposites._computeActorDepth(CausalityInterfaceForComposites.java:532)
	at ptolemy.actor.util.CausalityInterfaceForComposites.checkForCycles(CausalityInterfaceForComposites.java:96)
	at ptolemy.domains.de.kernel.DEDirector.preinitialize(DEDirector.java:1338)
	at ptolemy.actor.CompositeActor.preinitialize(CompositeActor.java:1828)
	at ptolemy.actor.Manager.preinitializeAndResolveTypes(Manager.java:1040)
	at ptolemy.actor.Manager.initialize(Manager.java:710)
	at ptolemy.actor.Manager.execute(Manager.java:356)
	at ptolemy.actor.Manager.run(Manager.java:1263)
	at ptolemy.actor.Manager$PtolemyRunThread.run(Manager.java:1915)
java.lang.RuntimeException: Execution failed
	at ptolemy.moml.MoMLSimpleApplication$UnloadThread.run(MoMLSimpleApplication.java:402)
Caused by: ptolemy.kernel.util.IllegalActionException: Actor is not ready to fire.  Perhaps UpSample.prefire() returned false? Try debugging the actor by selecting "Listen to Actor".  Also, for SDF check moml for tokenConsumptionRate on input.
  in .DESDFClockTest.Play Bell.Copy1:SDF Director and .DESDFClockTest.Play Bell.UpSample
	at ptolemy.actor.sched.StaticSchedulingDirector.fire(StaticSchedulingDirector.java:227)
	at ptolemy.domains.sdf.kernel.SDFDirector.fire(SDFDirector.java:500)
	at ptolemy.actor.CompositeActor.fire(CompositeActor.java:455)
	at ptolemy.domains.de.kernel.DEDirector._fire(DEDirector.java:1949)
	at ptolemy.domains.de.kernel.DEDirector.fire(DEDirector.java:502)
	at ptolemy.actor.CompositeActor.fire(CompositeActor.java:455)
	at ptolemy.actor.Manager.iterate(Manager.java:851)
	at ptolemy.actor.Manager.execute(Manager.java:369)
	at ptolemy.actor.Manager.run(Manager.java:1263)
	at ptolemy.actor.Manager$PtolemyRunThread.run(Manager.java:1915)
java.lang.RuntimeException: Execution failed
	at ptolemy.moml.MoMLSimpleApplication$UnloadThread.run(MoMLSimpleApplication.java:402)
Caused by: ptolemy.kernel.util.IllegalActionException: Found a zero delay loop containing .dependencyLoop2.original
  in .dependencyLoop2 and .dependencyLoop2.original
	at ptolemy.actor.util.CausalityInterfaceForComposites._computeOutputPortDepth(CausalityInterfaceForComposites.java:759)
	at ptolemy.actor.util.CausalityInterfaceForComposites._computeInputDepth(CausalityInterfaceForComposites.java:696)
	at ptolemy.actor.util.CausalityInterfaceForComposites._computeOutputPortDepth(CausalityInterfaceForComposites.java:765)
	at ptolemy.actor.util.CausalityInterfaceForComposites._computeInputDepth(CausalityInterfaceForComposites.java:696)
	at ptolemy.actor.util.CausalityInterfaceForComposites._computeOutputPortDepth(CausalityInterfaceForComposites.java:765)
	at ptolemy.actor.util.CausalityInterfaceForComposites._computeInputDepth(CausalityInterfaceForComposites.java:696)
	at ptolemy.actor.util.CausalityInterfaceForComposites._computeActorDepth(CausalityInterfaceForComposites.java:532)
	at ptolemy.actor.util.CausalityInterfaceForComposites.checkForCycles(CausalityInterfaceForComposites.java:96)
	at ptolemy.domains.de.kernel.DEDirector.preinitialize(DEDirector.java:1338)
	at ptolemy.actor.CompositeActor.preinitialize(CompositeActor.java:1828)
	at ptolemy.actor.Manager.preinitializeAndResolveTypes(Manager.java:1040)
	at ptolemy.actor.Manager.initialize(Manager.java:710)
	at ptolemy.actor.Manager.execute(Manager.java:356)
	at ptolemy.actor.Manager.run(Manager.java:1263)
	at ptolemy.actor.Manager$PtolemyRunThread.run(Manager.java:1915)
java.lang.RuntimeException: Execution failed
	at ptolemy.moml.MoMLSimpleApplication$UnloadThread.run(MoMLSimpleApplication.java:402)
Caused by: ptolemy.kernel.util.IllegalActionException: Found a zero delay loop containing .HierarchicalModel.A
  in .HierarchicalModel and .HierarchicalModel.A
	at ptolemy.actor.util.CausalityInterfaceForComposites._computeOutputPortDepth(CausalityInterfaceForComposites.java:759)
	at ptolemy.actor.util.CausalityInterfaceForComposites._computeInputDepth(CausalityInterfaceForComposites.java:696)
	at ptolemy.actor.util.CausalityInterfaceForComposites._computeOutputPortDepth(CausalityInterfaceForComposites.java:765)
	at ptolemy.actor.util.CausalityInterfaceForComposites._computeInputDepth(CausalityInterfaceForComposites.java:696)
	at ptolemy.actor.util.CausalityInterfaceForComposites._computeOutputPortDepth(CausalityInterfaceForComposites.java:765)
	at ptolemy.actor.util.CausalityInterfaceForComposites._computeInputDepth(CausalityInterfaceForComposites.java:696)
	at ptolemy.actor.util.CausalityInterfaceForComposites._computeActorDepth(CausalityInterfaceForComposites.java:532)
	at ptolemy.actor.util.CausalityInterfaceForComposites.checkForCycles(CausalityInterfaceForComposites.java:96)
	at ptolemy.domains.de.kernel.DEDirector.preinitialize(DEDirector.java:1338)
	at ptolemy.actor.CompositeActor.preinitialize(CompositeActor.java:1828)
	at ptolemy.actor.Manager.preinitializeAndResolveTypes(Manager.java:1040)
	at ptolemy.actor.Manager.initialize(Manager.java:710)
	at ptolemy.actor.Manager.execute(Manager.java:356)
	at ptolemy.actor.Manager.run(Manager.java:1263)
	at ptolemy.actor.Manager$PtolemyRunThread.run(Manager.java:1915)
java.lang.RuntimeException: Execution failed
	at ptolemy.moml.MoMLSimpleApplication$UnloadThread.run(MoMLSimpleApplication.java:402)
Caused by: ptolemy.kernel.util.IllegalActionException: Test fails in iteration 1.
Value was: 1.0. Should have been: 2.0
  in .DirectFeedback.Test
	at ptolemy.actor.lib.Test.fire(Test.java:268)
	at ptolemy.domains.de.kernel.DEDirector._fire(DEDirector.java:1949)
	at ptolemy.domains.de.kernel.DEDirector.fire(DEDirector.java:502)
	at ptolemy.actor.CompositeActor.fire(CompositeActor.java:455)
	at ptolemy.actor.Manager.iterate(Manager.java:851)
	at ptolemy.actor.Manager.execute(Manager.java:369)
	at ptolemy.actor.Manager.run(Manager.java:1263)
	at ptolemy.actor.Manager$PtolemyRunThread.run(Manager.java:1915)
java.lang.RuntimeException: Execution failed
	at ptolemy.moml.MoMLSimpleApplication$UnloadThread.run(MoMLSimpleApplication.java:402)
Caused by: ptolemy.kernel.util.IllegalActionException: Actor is not ready to fire.  Perhaps UpSample.prefire() returned false? Try debugging the actor by selecting "Listen to Actor".  Also, for SDF check moml for tokenConsumptionRate on input.
  in .DESDFClockTest.Play Bell.Copy1:SDF Director and .DESDFClockTest.Play Bell.UpSample
	at ptolemy.actor.sched.StaticSchedulingDirector.fire(StaticSchedulingDirector.java:227)
	at ptolemy.domains.sdf.kernel.SDFDirector.fire(SDFDirector.java:500)
	at ptolemy.actor.CompositeActor.fire(CompositeActor.java:455)
	at ptolemy.domains.de.kernel.DEDirector._fire(DEDirector.java:1949)
	at ptolemy.domains.de.kernel.DEDirector.fire(DEDirector.java:502)
	at ptolemy.actor.CompositeActor.fire(CompositeActor.java:455)
	at ptolemy.actor.Manager.iterate(Manager.java:851)
	at ptolemy.actor.Manager.execute(Manager.java:369)
	at ptolemy.actor.Manager.run(Manager.java:1263)
	at ptolemy.actor.Manager$PtolemyRunThread.run(Manager.java:1915)
java.lang.reflect.InvocationTargetException
	at sun.reflect.NativeConstructorAccessorImpl.newInstance0(Native Method)
	at sun.reflect.NativeConstructorAccessorImpl.newInstance(NativeConstructorAccessorImpl.java:62)
	at sun.reflect.DelegatingConstructorAccessorImpl.newInstance(DelegatingConstructorAccessorImpl.java:45)
	at java.lang.reflect.Constructor.newInstance(Constructor.java:423)
	at ptolemy.util.test.junit.AutoKnownFailedTests.RunModel(AutoKnownFailedTests.java:105)
	at sun.reflect.NativeMethodAccessorImpl.invoke0(Native Method)
	at sun.reflect.NativeMethodAccessorImpl.invoke(NativeMethodAccessorImpl.java:62)
	at sun.reflect.DelegatingMethodAccessorImpl.invoke(DelegatingMethodAccessorImpl.java:43)
	at java.lang.reflect.Method.invoke(Method.java:498)
	at org.junit.runners.model.FrameworkMethod$1.runReflectiveCall(FrameworkMethod.java:44)
	at org.junit.internal.runners.model.ReflectiveCallable.run(ReflectiveCallable.java:15)
	at org.junit.runners.model.FrameworkMethod.invokeExplosively(FrameworkMethod.java:41)
	at junitparams.internal.InvokeParameterisedMethod.evaluate(InvokeParameterisedMethod.java:102)
	at org.junit.internal.runners.statements.FailOnTimeout$1.run(FailOnTimeout.java:28)
Caused by: ptolemy.kernel.util.IllegalActionException: Actor is not ready to fire.  Perhaps UpSample.prefire() returned false? Try debugging the actor by selecting "Listen to Actor".  Also, for SDF check moml for tokenConsumptionRate on input.
  in .DESDFClockTest.Play Bell.Copy1:SDF Director and .DESDFClockTest.Play Bell.UpSample
	at ptolemy.actor.sched.StaticSchedulingDirector.fire(StaticSchedulingDirector.java:227)
	at ptolemy.domains.sdf.kernel.SDFDirector.fire(SDFDirector.java:500)
	at ptolemy.actor.CompositeActor.fire(CompositeActor.java:455)
	at ptolemy.domains.de.kernel.DEDirector._fire(DEDirector.java:1949)
	at ptolemy.domains.de.kernel.DEDirector.fire(DEDirector.java:502)
	at ptolemy.actor.CompositeActor.fire(CompositeActor.java:455)
	at ptolemy.actor.Manager.iterate(Manager.java:851)
	at ptolemy.actor.Manager.execute(Manager.java:369)
	at ptolemy.actor.Manager.run(Manager.java:1263)
	at ptolemy.actor.Manager$PtolemyRunThread.run(Manager.java:1915)
java.lang.RuntimeException: Execution failed
	at ptolemy.moml.MoMLSimpleApplication$UnloadThread.run(MoMLSimpleApplication.java:402)
Caused by: ptolemy.kernel.util.IllegalActionException: Test fails in iteration 1.
Value was: 1.0. Should have been: 2.0
  in .DirectFeedback.Test
	at ptolemy.actor.lib.Test.fire(Test.java:268)
	at ptolemy.domains.de.kernel.DEDirector._fire(DEDirector.java:1949)
	at ptolemy.domains.de.kernel.DEDirector.fire(DEDirector.java:502)
	at ptolemy.actor.CompositeActor.fire(CompositeActor.java:455)
	at ptolemy.actor.Manager.iterate(Manager.java:851)
	at ptolemy.actor.Manager.execute(Manager.java:369)
	at ptolemy.actor.Manager.run(Manager.java:1263)
	at ptolemy.actor.Manager$PtolemyRunThread.run(Manager.java:1915)
java.lang.reflect.InvocationTargetException
	at sun.reflect.NativeConstructorAccessorImpl.newInstance0(Native Method)
	at sun.reflect.NativeConstructorAccessorImpl.newInstance(NativeConstructorAccessorImpl.java:62)
	at sun.reflect.DelegatingConstructorAccessorImpl.newInstance(DelegatingConstructorAccessorImpl.java:45)
	at java.lang.reflect.Constructor.newInstance(Constructor.java:423)
	at ptolemy.util.test.junit.AutoKnownFailedTests.RunModel(AutoKnownFailedTests.java:105)
	at sun.reflect.NativeMethodAccessorImpl.invoke0(Native Method)
	at sun.reflect.NativeMethodAccessorImpl.invoke(NativeMethodAccessorImpl.java:62)
	at sun.reflect.DelegatingMethodAccessorImpl.invoke(DelegatingMethodAccessorImpl.java:43)
	at java.lang.reflect.Method.invoke(Method.java:498)
	at org.junit.runners.model.FrameworkMethod$1.runReflectiveCall(FrameworkMethod.java:44)
	at org.junit.internal.runners.model.ReflectiveCallable.run(ReflectiveCallable.java:15)
	at org.junit.runners.model.FrameworkMethod.invokeExplosively(FrameworkMethod.java:41)
	at junitparams.internal.InvokeParameterisedMethod.evaluate(InvokeParameterisedMethod.java:102)
	at org.junit.internal.runners.statements.FailOnTimeout$1.run(FailOnTimeout.java:28)
Caused by: ptolemy.kernel.util.IllegalActionException: Test fails in iteration 1.
Value was: 1.0. Should have been: 2.0
  in .DirectFeedback.Test
	at ptolemy.actor.lib.Test.fire(Test.java:268)
	at ptolemy.domains.de.kernel.DEDirector._fire(DEDirector.java:1949)
	at ptolemy.domains.de.kernel.DEDirector.fire(DEDirector.java:502)
	at ptolemy.actor.CompositeActor.fire(CompositeActor.java:455)
	at ptolemy.actor.Manager.iterate(Manager.java:851)
	at ptolemy.actor.Manager.execute(Manager.java:369)
	at ptolemy.actor.Manager.run(Manager.java:1263)
	at ptolemy.actor.Manager$PtolemyRunThread.run(Manager.java:1915)
java.lang.RuntimeException: Execution failed
	at ptolemy.moml.MoMLSimpleApplication$UnloadThread.run(MoMLSimpleApplication.java:402)
Caused by: ptolemy.kernel.util.IllegalActionException: Found a zero delay loop containing .HierarchicalModel.A
  in .HierarchicalModel and .HierarchicalModel.A
	at ptolemy.actor.util.CausalityInterfaceForComposites._computeOutputPortDepth(CausalityInterfaceForComposites.java:759)
	at ptolemy.actor.util.CausalityInterfaceForComposites._computeInputDepth(CausalityInterfaceForComposites.java:696)
	at ptolemy.actor.util.CausalityInterfaceForComposites._computeOutputPortDepth(CausalityInterfaceForComposites.java:765)
	at ptolemy.actor.util.CausalityInterfaceForComposites._computeInputDepth(CausalityInterfaceForComposites.java:696)
	at ptolemy.actor.util.CausalityInterfaceForComposites._computeOutputPortDepth(CausalityInterfaceForComposites.java:765)
	at ptolemy.actor.util.CausalityInterfaceForComposites._computeInputDepth(CausalityInterfaceForComposites.java:696)
	at ptolemy.actor.util.CausalityInterfaceForComposites._computeActorDepth(CausalityInterfaceForComposites.java:532)
	at ptolemy.actor.util.CausalityInterfaceForComposites.checkForCycles(CausalityInterfaceForComposites.java:96)
	at ptolemy.domains.de.kernel.DEDirector.preinitialize(DEDirector.java:1338)
	at ptolemy.actor.CompositeActor.preinitialize(CompositeActor.java:1828)
	at ptolemy.actor.Manager.preinitializeAndResolveTypes(Manager.java:1040)
	at ptolemy.actor.Manager.initialize(Manager.java:710)
	at ptolemy.actor.Manager.execute(Manager.java:356)
	at ptolemy.actor.Manager.run(Manager.java:1263)
	at ptolemy.actor.Manager$PtolemyRunThread.run(Manager.java:1915)
java.lang.reflect.InvocationTargetException
	at sun.reflect.NativeConstructorAccessorImpl.newInstance0(Native Method)
	at sun.reflect.NativeConstructorAccessorImpl.newInstance(NativeConstructorAccessorImpl.java:62)
	at sun.reflect.DelegatingConstructorAccessorImpl.newInstance(DelegatingConstructorAccessorImpl.java:45)
	at java.lang.reflect.Constructor.newInstance(Constructor.java:423)
	at ptolemy.util.test.junit.AutoKnownFailedTests.RunModel(AutoKnownFailedTests.java:105)
	at sun.reflect.NativeMethodAccessorImpl.invoke0(Native Method)
	at sun.reflect.NativeMethodAccessorImpl.invoke(NativeMethodAccessorImpl.java:62)
	at sun.reflect.DelegatingMethodAccessorImpl.invoke(DelegatingMethodAccessorImpl.java:43)
	at java.lang.reflect.Method.invoke(Method.java:498)
	at org.junit.runners.model.FrameworkMethod$1.runReflectiveCall(FrameworkMethod.java:44)
	at org.junit.internal.runners.model.ReflectiveCallable.run(ReflectiveCallable.java:15)
	at org.junit.runners.model.FrameworkMethod.invokeExplosively(FrameworkMethod.java:41)
	at junitparams.internal.InvokeParameterisedMethod.evaluate(InvokeParameterisedMethod.java:102)
	at org.junit.internal.runners.statements.FailOnTimeout$1.run(FailOnTimeout.java:28)
Caused by: ptolemy.kernel.util.IllegalActionException: Found a zero delay loop containing .HierarchicalModel.A
  in .HierarchicalModel and .HierarchicalModel.A
	at ptolemy.actor.util.CausalityInterfaceForComposites._computeOutputPortDepth(CausalityInterfaceForComposites.java:759)
	at ptolemy.actor.util.CausalityInterfaceForComposites._computeInputDepth(CausalityInterfaceForComposites.java:696)
	at ptolemy.actor.util.CausalityInterfaceForComposites._computeOutputPortDepth(CausalityInterfaceForComposites.java:765)
	at ptolemy.actor.util.CausalityInterfaceForComposites._computeInputDepth(CausalityInterfaceForComposites.java:696)
	at ptolemy.actor.util.CausalityInterfaceForComposites._computeOutputPortDepth(CausalityInterfaceForComposites.java:765)
	at ptolemy.actor.util.CausalityInterfaceForComposites._computeInputDepth(CausalityInterfaceForComposites.java:696)
	at ptolemy.actor.util.CausalityInterfaceForComposites._computeActorDepth(CausalityInterfaceForComposites.java:532)
	at ptolemy.actor.util.CausalityInterfaceForComposites.checkForCycles(CausalityInterfaceForComposites.java:96)
	at ptolemy.domains.de.kernel.DEDirector.preinitialize(DEDirector.java:1338)
	at ptolemy.actor.CompositeActor.preinitialize(CompositeActor.java:1828)
	at ptolemy.actor.Manager.preinitializeAndResolveTypes(Manager.java:1040)
	at ptolemy.actor.Manager.initialize(Manager.java:710)
	at ptolemy.actor.Manager.execute(Manager.java:356)
	at ptolemy.actor.Manager.run(Manager.java:1263)
	at ptolemy.actor.Manager$PtolemyRunThread.run(Manager.java:1915)
java.lang.RuntimeException: Execution failed
	at ptolemy.moml.MoMLSimpleApplication$UnloadThread.run(MoMLSimpleApplication.java:402)
Caused by: ptolemy.kernel.util.IllegalActionException: Found a zero delay loop containing .dependencyLoop.original
  in .dependencyLoop and .dependencyLoop.original
	at ptolemy.actor.util.CausalityInterfaceForComposites._computeOutputPortDepth(CausalityInterfaceForComposites.java:759)
	at ptolemy.actor.util.CausalityInterfaceForComposites._computeInputDepth(CausalityInterfaceForComposites.java:696)
	at ptolemy.actor.util.CausalityInterfaceForComposites._computeOutputPortDepth(CausalityInterfaceForComposites.java:765)
	at ptolemy.actor.util.CausalityInterfaceForComposites._computeInputDepth(CausalityInterfaceForComposites.java:696)
	at ptolemy.actor.util.CausalityInterfaceForComposites._computeOutputPortDepth(CausalityInterfaceForComposites.java:765)
	at ptolemy.actor.util.CausalityInterfaceForComposites._computeInputDepth(CausalityInterfaceForComposites.java:696)
	at ptolemy.actor.util.CausalityInterfaceForComposites._computeActorDepth(CausalityInterfaceForComposites.java:532)
	at ptolemy.actor.util.CausalityInterfaceForComposites.checkForCycles(CausalityInterfaceForComposites.java:96)
	at ptolemy.domains.de.kernel.DEDirector.preinitialize(DEDirector.java:1338)
	at ptolemy.actor.CompositeActor.preinitialize(CompositeActor.java:1828)
	at ptolemy.actor.Manager.preinitializeAndResolveTypes(Manager.java:1040)
	at ptolemy.actor.Manager.initialize(Manager.java:710)
	at ptolemy.actor.Manager.execute(Manager.java:356)
	at ptolemy.actor.Manager.run(Manager.java:1263)
	at ptolemy.actor.Manager$PtolemyRunThread.run(Manager.java:1915)
java.lang.reflect.InvocationTargetException
	at sun.reflect.NativeConstructorAccessorImpl.newInstance0(Native Method)
	at sun.reflect.NativeConstructorAccessorImpl.newInstance(NativeConstructorAccessorImpl.java:62)
	at sun.reflect.DelegatingConstructorAccessorImpl.newInstance(DelegatingConstructorAccessorImpl.java:45)
	at java.lang.reflect.Constructor.newInstance(Constructor.java:423)
	at ptolemy.util.test.junit.AutoKnownFailedTests.RunModel(AutoKnownFailedTests.java:105)
	at sun.reflect.NativeMethodAccessorImpl.invoke0(Native Method)
	at sun.reflect.NativeMethodAccessorImpl.invoke(NativeMethodAccessorImpl.java:62)
	at sun.reflect.DelegatingMethodAccessorImpl.invoke(DelegatingMethodAccessorImpl.java:43)
	at java.lang.reflect.Method.invoke(Method.java:498)
	at org.junit.runners.model.FrameworkMethod$1.runReflectiveCall(FrameworkMethod.java:44)
	at org.junit.internal.runners.model.ReflectiveCallable.run(ReflectiveCallable.java:15)
	at org.junit.runners.model.FrameworkMethod.invokeExplosively(FrameworkMethod.java:41)
	at junitparams.internal.InvokeParameterisedMethod.evaluate(InvokeParameterisedMethod.java:102)
	at org.junit.internal.runners.statements.FailOnTimeout$1.run(FailOnTimeout.java:28)
Caused by: ptolemy.kernel.util.IllegalActionException: Found a zero delay loop containing .dependencyLoop.original
  in .dependencyLoop and .dependencyLoop.original
	at ptolemy.actor.util.CausalityInterfaceForComposites._computeOutputPortDepth(CausalityInterfaceForComposites.java:759)
	at ptolemy.actor.util.CausalityInterfaceForComposites._computeInputDepth(CausalityInterfaceForComposites.java:696)
	at ptolemy.actor.util.CausalityInterfaceForComposites._computeOutputPortDepth(CausalityInterfaceForComposites.java:765)
	at ptolemy.actor.util.CausalityInterfaceForComposites._computeInputDepth(CausalityInterfaceForComposites.java:696)
	at ptolemy.actor.util.CausalityInterfaceForComposites._computeOutputPortDepth(CausalityInterfaceForComposites.java:765)
	at ptolemy.actor.util.CausalityInterfaceForComposites._computeInputDepth(CausalityInterfaceForComposites.java:696)
	at ptolemy.actor.util.CausalityInterfaceForComposites._computeActorDepth(CausalityInterfaceForComposites.java:532)
	at ptolemy.actor.util.CausalityInterfaceForComposites.checkForCycles(CausalityInterfaceForComposites.java:96)
	at ptolemy.domains.de.kernel.DEDirector.preinitialize(DEDirector.java:1338)
	at ptolemy.actor.CompositeActor.preinitialize(CompositeActor.java:1828)
	at ptolemy.actor.Manager.preinitializeAndResolveTypes(Manager.java:1040)
	at ptolemy.actor.Manager.initialize(Manager.java:710)
	at ptolemy.actor.Manager.execute(Manager.java:356)
	at ptolemy.actor.Manager.run(Manager.java:1263)
	at ptolemy.actor.Manager$PtolemyRunThread.run(Manager.java:1915)
java.lang.RuntimeException: Execution failed
	at ptolemy.moml.MoMLSimpleApplication$UnloadThread.run(MoMLSimpleApplication.java:402)
Caused by: ptolemy.kernel.util.IllegalActionException: Found a zero delay loop containing .dependencyLoop2.original
  in .dependencyLoop2 and .dependencyLoop2.original
	at ptolemy.actor.util.CausalityInterfaceForComposites._computeOutputPortDepth(CausalityInterfaceForComposites.java:759)
	at ptolemy.actor.util.CausalityInterfaceForComposites._computeInputDepth(CausalityInterfaceForComposites.java:696)
	at ptolemy.actor.util.CausalityInterfaceForComposites._computeOutputPortDepth(CausalityInterfaceForComposites.java:765)
	at ptolemy.actor.util.CausalityInterfaceForComposites._computeInputDepth(CausalityInterfaceForComposites.java:696)
	at ptolemy.actor.util.CausalityInterfaceForComposites._computeOutputPortDepth(CausalityInterfaceForComposites.java:765)
	at ptolemy.actor.util.CausalityInterfaceForComposites._computeInputDepth(CausalityInterfaceForComposites.java:696)
	at ptolemy.actor.util.CausalityInterfaceForComposites._computeActorDepth(CausalityInterfaceForComposites.java:532)
	at ptolemy.actor.util.CausalityInterfaceForComposites.checkForCycles(CausalityInterfaceForComposites.java:96)
	at ptolemy.domains.de.kernel.DEDirector.preinitialize(DEDirector.java:1338)
	at ptolemy.actor.CompositeActor.preinitialize(CompositeActor.java:1828)
	at ptolemy.actor.Manager.preinitializeAndResolveTypes(Manager.java:1040)
	at ptolemy.actor.Manager.initialize(Manager.java:710)
	at ptolemy.actor.Manager.execute(Manager.java:356)
	at ptolemy.actor.Manager.run(Manager.java:1263)
	at ptolemy.actor.Manager$PtolemyRunThread.run(Manager.java:1915)
java.lang.reflect.InvocationTargetException
	at sun.reflect.NativeConstructorAccessorImpl.newInstance0(Native Method)
	at sun.reflect.NativeConstructorAccessorImpl.newInstance(NativeConstructorAccessorImpl.java:62)
	at sun.reflect.DelegatingConstructorAccessorImpl.newInstance(DelegatingConstructorAccessorImpl.java:45)
	at java.lang.reflect.Constructor.newInstance(Constructor.java:423)
	at ptolemy.util.test.junit.AutoKnownFailedTests.RunModel(AutoKnownFailedTests.java:105)
	at sun.reflect.NativeMethodAccessorImpl.invoke0(Native Method)
	at sun.reflect.NativeMethodAccessorImpl.invoke(NativeMethodAccessorImpl.java:62)
	at sun.reflect.DelegatingMethodAccessorImpl.invoke(DelegatingMethodAccessorImpl.java:43)
	at java.lang.reflect.Method.invoke(Method.java:498)
	at org.junit.runners.model.FrameworkMethod$1.runReflectiveCall(FrameworkMethod.java:44)
	at org.junit.internal.runners.model.ReflectiveCallable.run(ReflectiveCallable.java:15)
	at org.junit.runners.model.FrameworkMethod.invokeExplosively(FrameworkMethod.java:41)
	at junitparams.internal.InvokeParameterisedMethod.evaluate(InvokeParameterisedMethod.java:102)
	at org.junit.internal.runners.statements.FailOnTimeout$1.run(FailOnTimeout.java:28)
Caused by: ptolemy.kernel.util.IllegalActionException: Found a zero delay loop containing .dependencyLoop2.original
  in .dependencyLoop2 and .dependencyLoop2.original
	at ptolemy.actor.util.CausalityInterfaceForComposites._computeOutputPortDepth(CausalityInterfaceForComposites.java:759)
	at ptolemy.actor.util.CausalityInterfaceForComposites._computeInputDepth(CausalityInterfaceForComposites.java:696)
	at ptolemy.actor.util.CausalityInterfaceForComposites._computeOutputPortDepth(CausalityInterfaceForComposites.java:765)
	at ptolemy.actor.util.CausalityInterfaceForComposites._computeInputDepth(CausalityInterfaceForComposites.java:696)
	at ptolemy.actor.util.CausalityInterfaceForComposites._computeOutputPortDepth(CausalityInterfaceForComposites.java:765)
	at ptolemy.actor.util.CausalityInterfaceForComposites._computeInputDepth(CausalityInterfaceForComposites.java:696)
	at ptolemy.actor.util.CausalityInterfaceForComposites._computeActorDepth(CausalityInterfaceForComposites.java:532)
	at ptolemy.actor.util.CausalityInterfaceForComposites.checkForCycles(CausalityInterfaceForComposites.java:96)
	at ptolemy.domains.de.kernel.DEDirector.preinitialize(DEDirector.java:1338)
	at ptolemy.actor.CompositeActor.preinitialize(CompositeActor.java:1828)
	at ptolemy.actor.Manager.preinitializeAndResolveTypes(Manager.java:1040)
	at ptolemy.actor.Manager.initialize(Manager.java:710)
	at ptolemy.actor.Manager.execute(Manager.java:356)
	at ptolemy.actor.Manager.run(Manager.java:1263)
	at ptolemy.actor.Manager$PtolemyRunThread.run(Manager.java:1915)
]]></system-err>
</testsuite>
