<?xml version="1.0" encoding="UTF-8" ?>
<testsuite errors="0" failures="0" hostname="travis-job-aaf80e0e-e882-4e60-b55d-7bf133c6be5a" name="ptolemy.domains.de.test.junit.JUnitTclTest" skipped="0" tests="101" time="135.364" timestamp="2019-06-26T04:38:43">
  <properties>
    <property name="npm.executable" value="npm" />
    <property name="env.TRAVIS_ROOT" value="/" />
    <property name="ptII.mk.exists" value="true" />
    <property name="env.TRAVIS_APP_HOST" value="build.travis-ci.org" />
    <property name="env.rvm_bin_path" value="/home/travis/.rvm/bin" />
    <property name="java.home" value="/usr/local/lib/jvm/openjdk11" />
    <property name="env.TRAVIS_JOB_NUMBER" value="1184.9" />
    <property name="env.TRAVIS_HOME" value="/home/travis" />
    <property name="env.DISPLAY" value=":99.0" />
    <property name="env.TRAVIS_INIT" value="systemd" />
    <property name="env.SSH_TTY" value="/dev/pts/0" />
    <property name="java.net.preferIPv4Stack" value="true" />
    <property name="env.RUN_TESTS" value="true" />
    <property name="timeout.short" value="1000000" />
    <property name="junit.formatter" value="xml" />
    <property name="env.TRAVIS_SUDO" value="true" />
    <property name="env.TRAVIS_JOB_NAME" value="" />
    <property name="env.TRAVIS_STACK_NODE_ATTRIBUTES" value="/.node-attributes.yml" />
    <property name="env.LOGNAME" value="travis" />
    <property name="jsdoc.home" value="node_modules/@terraswarm/jsdoc" />
    <property name="debuglevel" value="source,lines,vars" />
    <property name="checkstyle.formatter" value="xml" />
    <property name="env._system_version" value="16.04" />
    <property name="bin.vergil.makeable" value="true" />
    <property name="sun.os.patch.level" value="unknown" />
    <property name="java.vendor.url" value="http://java.oracle.com/" />
    <property name="env.TRAVIS_BUILD_WEB_URL" value="https://travis-ci.org/icyphy/ptII/builds/550614083" />
    <property name="java.version" value="11.0.2" />
    <property name="env.TZ" value="UTC" />
    <property name="env.PT_NO_NET" value="true" />
    <property name="env.TRAVIS_PULL_REQUEST_SHA" value="" />
    <property name="env.TRAVIS_SECURE_ENV_VARS" value="true" />
    <property name="env._system_type" value="Linux" />
    <property name="java.vendor.url.bug" value="http://bugreport.java.com/bugreport/" />
    <property name="npmjs-org-is-up" value="true" />
    <property name="env.LANGUAGE" value="en_US.UTF-8" />
    <property name="env.SSH_CLIENT" value="10.10.19.229 42838 22" />
    <property name="env.GEM_HOME" value="/home/travis/.rvm/gems/ruby-2.5.3" />
    <property name="env.HAS_ANTARES_THREE_LITTLE_FRONZIES_BADGE" value="true" />
    <property name="java.version.date" value="2019-01-15" />
    <property name="env.PS4" value="+" />
    <property name="ant.project.invoked-targets" value="build,test.core2.xml" />
    <property name="env.TRAVIS_PULL_REQUEST_BRANCH" value="" />
    <property name="env.TRAVIS_REPO_SLUG" value="icyphy/ptII" />
    <property name="env.XDG_DATA_DIRS" value="/usr/local/share:/usr/share:/var/lib/snapd/desktop" />
    <property name="jdk.debug" value="release" />
    <property name="env.TRAVIS_APT_PROXY" value="http://apt.cache.travis-ci.com" />
    <property name="node.in.path" value="true" />
    <property name="user.name" value="travis" />
    <property name="java.maxmemory" value="1400m" />
    <property name="env.RUBY_VERSION" value="ruby-2.5.3" />
    <property name="env.LANG" value="en_US.UTF-8" />
    <property name="sun.io.unicode.encoding" value="UnicodeLittle" />
    <property name="sun.jnu.encoding" value="UTF-8" />
    <property name="java.runtime.name" value="OpenJDK Runtime Environment" />
    <property name="usefile" value="false" />
    <property name="return.code" value="0" />
    <property name="junit.single.formatter" value="plain" />
    <property name="env.DYLD_LIBRARY_PATH" value="/home/travis/pthla/certi-tools/lib:" />
    <property name="env.DEBIAN_FRONTEND" value="noninteractive" />
    <property name="env.SSH_CONNECTION" value="10.10.19.229 42838 10.20.1.188 22" />
    <property name="env.MYSQL_UNIX_PORT" value="/var/run/mysqld/mysqld.sock" />
    <property name="env.LC_ALL" value="en_US.UTF-8" />
    <property name="env.TRAVIS_ALLOW_FAILURE" value="false" />
    <property name="env.TRAVIS_JOB_WEB_URL" value="https://travis-ci.org/icyphy/ptII/jobs/550614092" />
    <property name="java.specification.name" value="Java Platform API Specification" />
    <property name="node.works" value="true" />
    <property name="user.timezone" value="" />
    <property name="path.separator" value=":" />
    <property name="env.TRAVIS_ENABLE_INFRA_DETECTION" value="true" />
    <property name="env.PYTHON_CFLAGS" value="-g -fstack-protector --param=ssp-buffer-size=4 -Wformat -Werror=format-security" />
    <property name="timeout.long" value="4000000" />
    <property name="env.CERTI_HOME" value="/home/travis/pthla/certi-tools" />
    <property name="ant.file.ptII" value="/home/travis/build/icyphy/ptII/build.xml" />
    <property name="javadoc.packagenames" value="com.*,diva.*,lbnl.*,org.hlacerti.*,org.json.*,org.ptolemy.*,org.terraswarm.*,ptolemy.*,ptserver.*" />
    <property name="file.encoding" value="UTF-8" />
    <property name="env.TRAVIS_PULL_REQUEST_SLUG" value="" />
    <property name="ant.project.default-target" value="build" />
    <property name="env.GIT_ASKPASS" value="echo" />
    <property name="env.HOME" value="/home/travis" />
    <property name="sun.java.command" value="org.apache.tools.ant.taskdefs.optional.junit.JUnitTestRunner ptolemy.domains.de.test.junit.JUnitTclTest skipNonTests=false filtertrace=true haltOnError=false haltOnFailure=false formatter=org.apache.tools.ant.taskdefs.optional.junit.OutErrSummaryJUnitResultFormatter showoutput=true outputtoformatters=true logfailedtests=true threadid=0 logtestlistenerevents=false formatter=org.apache.tools.ant.taskdefs.optional.junit.XMLJUnitResultFormatter,/home/travis/build/icyphy/ptII/reports/junit/TEST-ptolemy.domains.de.test.junit.JUnitTclTest.xml crashfile=/home/travis/build/icyphy/ptII/junitvmwatcher4251238752679931912.properties propsfile=/home/travis/build/icyphy/ptII/junit655727540758882966.properties" />
    <property name="env.COMPOSER_NO_INTERACTION" value="1" />
    <property name="env.MANPATH" value="/home/travis/.nvm/versions/node/v7.10.1/share/man:/home/travis/.rvm/rubies/ruby-2.5.3/share/man:/usr/local/cmake-3.12.4/man:/usr/local/clang-7.0.0/share/man:/usr/local/man:/usr/local/share/man:/usr/share/man:/home/travis/.rvm/man" />
    <property name="env.TRAVIS_TIMER_ID" value="2c1538e0" />
    <property name="ant.file" value="/home/travis/build/icyphy/ptII/build.xml" />
    <property name="env.TRAVIS_COMMIT_RANGE" value="fcbd8b5a68c760c19c82e52584d805fab600307d...b6de4a29689c219dd7cbcef974805eca11f91674" />
    <property name="env._system_name" value="Ubuntu" />
    <property name="ptII.classpath.optional.property" value="/home/travis/build/icyphy/ptII/lib/bsh-2.0b4.jar:/home/travis/build/icyphy/ptII/lib/ptCal.jar:/home/travis/build/icyphy/ptII/lib/java_cup.jar:/home/travis/build/icyphy/ptII/lib/saxon8.jar:/home/travis/build/icyphy/ptII/lib/saxon8-dom.jar:/home/travis/build/icyphy/ptII/lib/chic.jar:/home/travis/build/icyphy/ptII/lib/ptcolt.jar:/home/travis/build/icyphy/ptII/vendors/misc/itext/iText.jar:/home/travis/build/icyphy/ptII/lib/g4ltl.jar:/home/travis/build/icyphy/ptII/lib/StructuralCoder.jar:/home/travis/build/icyphy/ptII/vendors/jai-1_1_2_01/lib/jai_core.jar:/home/travis/build/icyphy/ptII/vendors/jai-1_1_2_01/lib/jai_codec.jar:/home/travis/build/icyphy/ptII/lib/jcerti.jar:/home/travis/build/icyphy/ptII/lib/javax.mail.jar:/home/travis/build/icyphy/ptII/vendors/JMF-2.1.1e/lib/jmf.jar:/home/travis/build/icyphy/ptII/lib/jna-4.0.0-variadic.jar:/home/travis/build/icyphy/ptII/vendors/misc/joystick/Joystick.jar:/home/travis/build/icyphy/ptII/lib/ptjacl.jar:/home/travis/build/icyphy/ptII/lib/jsoup-1.8.2.jar:/home/travis/build/icyphy/ptII/lib/junit-4.8.2.jar:/home/travis/build/icyphy/ptII/lib/JUnitParams-0.4.0.jar:/home/travis/build/icyphy/ptII/ptolemy/actor/lib/excel/jxl.jar:/home/travis/build/icyphy/ptII/lib/jython.jar:/home/travis/build/icyphy/ptII/lib/kieler.jar:/home/travis/build/icyphy/ptII/vendors/opencv/share/OpenCV/java/opencv-341.jar:/home/travis/build/icyphy/ptII/lib/oscP5.jar:/home/travis/build/icyphy/ptII/lib/nrjavaserial-3.11.0.devel.jar:/home/travis/build/icyphy/ptII/vendors/j3d/lib/j3dcore.jar:/home/travis/build/icyphy/ptII/vendors/j3d/lib/j3dutils.jar:/home/travis/build/icyphy/ptII/vendors/j3d/lib/vecmath.jar:/home/travis/build/icyphy/ptII/ptolemy/distributed/jini/jar/jini-core.jar:/home/travis/build/icyphy/ptII/ptolemy/distributed/jini/jar/jini-ext.jar:/home/travis/build/icyphy/ptII/ptolemy/distributed/jini/jar/sun-util.jar:/home/travis/build/icyphy/ptII/lib/protobuf-java-2.4.1.jar:/home/travis/build/icyphy/ptII/lib/org.eclipse.paho.client.mqttv3.jar:/home/travis/build/icyphy/ptII/lib/mapss.jar:/home/travis/build/icyphy/ptII/ptolemy/actor/ptalon/antlr/antlr.jar:/home/travis/build/icyphy/ptII/lib/JRI.jar:/home/travis/build/icyphy/ptII/lib/commons-lang-2.6.jar:/home/travis/build/icyphy/ptII/lib/commons-logging-1.1.1.jar:/home/travis/build/icyphy/ptII/lib/sootclasses.jar:/home/travis/build/icyphy/ptII/ptolemy/actor/lib/database/mysql-connector-java-5.1.6-bin.jar:/home/travis/build/icyphy/ptII/vendors/misc/sphinx4/sphinx4-data-5prealpha.jar:/home/travis/build/icyphy/ptII/vendors/misc/sphinx4/sphinx4-core-5prealpha.jar:/home/travis/build/icyphy/ptII/lib/PDFRenderer.jar:/home/travis/build/icyphy/ptII/lib/svgSalamander.jar:/home/travis/build/icyphy/ptII/lib/rsyntaxtextarea-2.6.0-SNAPSHOT.jar:/home/travis/build/icyphy/ptII/lib/hazelcast-3.8.2.jar:/home/travis/build/icyphy/ptII/lib/jackson-annotations-2.9.0.jar:/home/travis/build/icyphy/ptII/lib/jackson-core-2.9.3.jar:/home/travis/build/icyphy/ptII/lib/jackson-databind-2.9.3.jar:/home/travis/build/icyphy/ptII/lib/netty-buffer-4.1.19.Final.jar:/home/travis/build/icyphy/ptII/lib/netty-codec-4.1.19.Final.jar:/home/travis/build/icyphy/ptII/lib/netty-codec-dns-4.1.19.Final.jar:/home/travis/build/icyphy/ptII/lib/netty-codec-http-4.1.19.Final.jar:/home/travis/build/icyphy/ptII/lib/netty-codec-http2-4.1.19.Final.jar:/home/travis/build/icyphy/ptII/lib/netty-common-4.1.19.Final.jar:/home/travis/build/icyphy/ptII/lib/netty-handler-4.1.19.Final.jar:/home/travis/build/icyphy/ptII/lib/netty-resolver-4.1.19.Final.jar:/home/travis/build/icyphy/ptII/lib/netty-resolver-dns-4.1.19.Final.jar:/home/travis/build/icyphy/ptII/lib/netty-transport-4.1.19.Final.jar:/home/travis/build/icyphy/ptII/lib/vertx-codegen-3.5.1.jar:/home/travis/build/icyphy/ptII/lib/vertx-core-3.5.2-SNAPSHOT.jar:/home/travis/build/icyphy/ptII/lib/vertx-hazelcast-3.5.1.jar:/home/travis/build/icyphy/ptII/lib/vertx-lang-js-3.5.1.jar:/home/travis/build/icyphy/ptII/lib/vertx-service-proxy-3.5.1.jar:/home/travis/build/icyphy/ptII/lib/vertx-web-3.5.1.jar:/home/travis/build/icyphy/ptII/lib/slf4j-api-1.7.13.jar:/home/travis/build/icyphy/ptII/lib/slf4j-simple-1.7.13.jar:/home/travis/build/icyphy/ptII/lib/webcam-capture-0.3.12.jar:/home/travis/build/icyphy/ptII/lib/bridj-0.7.0.jar:/home/travis/build/icyphy/ptII/lib/xbjlib-1.1.0.nrjavaserial.jar" />
    <property name="timeout" value="2400000" />
    <property name="test.batch" value="**/junit/*.java" />
    <property name="env._" value="/usr/bin/timeout" />
    <property name="java.io.tmpdir" value="/tmp" />
    <property name="user.language" value="en" />
    <property name="env.TRAVIS_INTERNAL_RUBY_REGEX" value="^ruby-(2\.[0-4]\.[0-9]|1\.9\.3)" />
    <property name="env.HISTCONTROL" value="ignoredups:ignorespace" />
    <property name="env.GOROOT" value="/home/travis/.gimme/versions/go1.11.1.linux.amd64" />
    <property name="line.separator" value="&#xa;" />
    <property name="target" value="11" />
    <property name="env.TRAVIS_BUILD_DIR" value="/home/travis/build/icyphy/ptII" />
    <property name="env.ANT_OPTS" value="-Xmx2048m" />
    <property name="ant.file.type" value="file" />
    <property name="ptolemy.ptII.batchMode" value="true" />
    <property name="env.HISTSIZE" value="1000" />
    <property name="env.MERB_ENV" value="test" />
    <property name="java.vm.info" value="mixed mode" />
    <property name="source" value="11" />
    <property name="java.vm.specification.name" value="Java Virtual Machine Specification" />
    <property name="env.TRAVIS_TEST_RESULT" value="0" />
    <property name="jsdoc.command" value="node_modules/@terraswarm/jsdoc/jsdoc.js" />
    <property name="npm.works" value="true" />
    <property name="cobertura.dir" value="/home/travis/build/icyphy/ptII/vendors/cobertura-2.0.3" />
    <property name="env.rvm_path" value="/home/travis/.rvm" />
    <property name="env.GEM_PATH" value="/home/travis/.rvm/gems/ruby-2.5.3:/home/travis/.rvm/gems/ruby-2.5.3@global" />
    <property name="env.LC_CTYPE" value="en_US.UTF-8" />
    <property name="env.TRAVIS_CMD" value="$PTII/bin/ptIITravisBuild.sh $SECONDS" />
    <property name="java.awt.printerjob" value="sun.print.PSPrinterJob" />
    <property name="env.TRAVIS_STACK_NAME" value="sardonyx" />
    <property name="env.TRAVIS_TIMER_START_TIME" value="1561523692355924994" />
    <property name="ant.version" value="Apache Ant(TM) version 1.10.1 compiled on February 2 2017" />
    <property name="ptII.reports" value="/home/travis/build/icyphy/ptII/reports" />
    <property name="env.TRAVIS_STACK_TIMESTAMP" value="2019-03-25 16:16:56 UTC" />
    <property name="ant.file.type.ptII" value="file" />
    <property name="env.RBENV_SHELL" value="bash" />
    <property name="os.name" value="Linux" />
    <property name="java.specification.vendor" value="Oracle Corporation" />
    <property name="env.rvm_version" value="1.29.7 (latest)" />
    <property name="env.TRAVIS_INFRA" value="unknown" />
    <property name="env.TERM" value="xterm" />
    <property name="java.vm.name" value="OpenJDK 64-Bit Server VM" />
    <property name="env.TRAVIS_BUILD_NUMBER" value="1184" />
    <property name="env.CI" value="true" />
    <property name="java.library.path" value="/home/travis/pthla/certi-tools/lib:/usr/lib/jni:/usr/local/share/OpenCV/java/:/usr/share/OpenCV/java::/usr/java/packages/lib:/usr/lib64:/lib64:/lib:/usr/lib" />
    <property name="env.rvm_prefix" value="/home/travis" />
    <property name="env.PATH" value="/home/travis/pthla/certi-tools/share/scripts:/home/travis/.rvm/gems/ruby-2.5.3/bin:/home/travis/.rvm/gems/ruby-2.5.3@global/bin:/home/travis/.rvm/rubies/ruby-2.5.3/bin:/home/travis/.rvm/bin:/home/travis/.nvm/versions/node/v7.10.1/bin:./node_modules/.bin:/home/travis/build/icyphy/ptII/bin:/home/travis/pthla/certi-tools/bin:/home/travis/bin:/home/travis/.local/bin:/usr/local/lib/jvm/openjdk11/bin:/opt/pyenv/shims:/home/travis/.phpenv/shims:/home/travis/perl5/perlbrew/bin:/home/travis/gopath/bin:/home/travis/.gimme/versions/go1.11.1.linux.amd64/bin:/usr/local/maven-3.6.0/bin:/usr/local/cmake-3.12.4/bin:/usr/local/clang-7.0.0/bin:/usr/local/sbin:/usr/local/bin:/usr/sbin:/usr/bin:/sbin:/bin:/snap/bin:/home/travis/.phpenv/bin:/opt/pyenv/bin:/home/travis/.yarn/bin" />
    <property name="env.TRAVIS_OS_NAME" value="linux" />
    <property name="ant.java.version" value="9" />
    <property name="basedir" value="/home/travis/build/icyphy/ptII" />
    <property name="java.class.version" value="55.0" />
    <property name="env.SHLVL" value="3" />
    <property name="env.LD_LIBRARY_PATH" value="/home/travis/pthla/certi-tools/lib:/usr/lib/jni:/usr/local/share/OpenCV/java/:/usr/share/OpenCV/java:" />
    <property name="env.RACK_ENV" value="test" />
    <property name="ant.home" value="/home/travis/build/icyphy/ptII/ant" />
    <property name="env.NVM_DIR" value="/home/travis/.nvm" />
    <property name="env.CERTI_FOM_PATH" value="/home/travis/pthla/certi-tools/share/federations" />
    <property name="env.TRAVIS_BUILD_ID" value="550614083" />
    <property name="env.PYENV_ROOT" value="/opt/pyenv" />
    <property name="env.TRAVIS_UID" value="2000" />
    <property name="env.NVM_BIN" value="/home/travis/.nvm/versions/node/v7.10.1/bin" />
    <property name="env.TRAVIS_COMMIT" value="b6de4a29689c219dd7cbcef974805eca11f91674" />
    <property name="env._system_arch" value="x86_64" />
    <property name="node.executable" value="node" />
    <property name="sun.boot.library.path" value="/usr/local/lib/jvm/openjdk11/lib" />
    <property name="sun.management.compiler" value="HotSpot 64-Bit Tiered Compilers" />
    <property name="java.awt.graphicsenv" value="sun.awt.X11GraphicsEnvironment" />
    <property name="env.GOPATH" value="/home/travis/gopath" />
    <property name="ptolemy.ptII.dir" value="/home/travis/build/icyphy/ptII" />
    <property name="env.USER" value="travis" />
    <property name="env.HISTFILESIZE" value="2000" />
    <property name="timeout.longest" value="19000000" />
    <property name="env.PERLBREW_SHELLRC_VERSION" value="0.86" />
    <property name="env.TRAVIS_STACK_FEATURES" value="basic couchdb disabled-ipv6 docker docker-compose elasticsearch firefox go-toolchain google-chrome jdk memcached mongodb mysql nodejs_interpreter perl_interpreter perlbrew phantomjs postgresql python_interpreter redis ruby_interpreter sqlite xserver" />
    <property name="env.TRAVIS_PULL_REQUEST" value="false" />
    <property name="env.PYENV_SHELL" value="bash" />
    <property name="ant.project.name" value="ptII" />
    <property name="env.ANSI_RESET" value="\033[0m" />
    <property name="java.vm.specification.version" value="11" />
    <property name="env.TRAVIS_DIST" value="xenial" />
    <property name="env.CERTI_VERSION" value="4.0.0" />
    <property name="env.CERTI_HOST" value="localhost" />
    <property name="awt.toolkit" value="sun.awt.X11.XToolkit" />
    <property name="env.MY_RUBY_HOME" value="/home/travis/.rvm/rubies/ruby-2.5.3" />
    <property name="sun.cpu.isalist" value="" />
    <property name="env.TRAVIS_TMPDIR" value="/tmp/tmp.tMpL60pz9I" />
    <property name="java.vm.compressedOopsMode" value="Zero based" />
    <property name="os.version" value="4.15.0-1028-gcp" />
    <property name="user.home" value="/home/travis" />
    <property name="java.vm.vendor" value="Oracle Corporation" />
    <property name="env.TRAVIS_TAG" value="nightly" />
    <property name="env.ANSI_YELLOW" value="\033[33;1m" />
    <property name="env.TRAVIS_FILTERED" value="redirect_io" />
    <property name="env.ANSI_GREEN" value="\033[32;1m" />
    <property name="env.JAVA_HOME" value="/usr/local/lib/jvm/openjdk11" />
    <property name="javadoc.excludepackagenames" value="adm.cvs2svn.*,build.*,config.*,doc.coding.templates.*,jni.test.jni.meaningOfLife.*,jni.test.jni.testDeux.*,jni.test.jni.testTrois.*,org.terraswarm.accessor.accessors.web.node_modules.*,org.terraswarm.accessor.accessors.web.hosts.cordova.demo.*,org.terraswarm.accessor.accessors.web.hosts.cordova.plugins.*,org.terraswarm.accessor.accessors-svn.*,pt-modules.*,ptolemy.apps.agilent.*,ptolemy.apps.anytimecontrol.*,ptolemy.apps.apes.*,ptolemy.apps.charon.*,ptolemy.apps.crazyboard.*,ptolemy.apps.eclipse.*,ptolemy.apps.etherealSting.*,ptolemy.apps.fullscreen.*,ptolemy.apps.giotto.*,ptolemy.apps.ia.*,ptolemy.apps.interfaces.*,ptolemy.apps.jmf.*,ptolemy.apps.kurt.*,ptolemy.apps.kvm.*,ptolemy.apps.lego.*,ptolemy.apps.lejos.*,ptolemy.apps.midp.*,ptolemy.apps.mobileCoding.*,ptolemy.apps.pendulum.*,ptolemy.apps.rijndael.*,ptolemy.apps.robot.*,ptolemy.apps.security.*,ptolemy.apps.sobel.*,ptolemy.apps.soot.*,ptolemy.apps.throttle.*,ptolemy.apps.tini.*,ptolemy.apps.transmission.*,ptolemy.apps.vergil.*,ptolemy.apps.waba.*,ptolemy.apps.websensor.*,ptolemy.apps.webstart.*,ptolemy.apps.xsl.*,ptolemy.apps.zaurus.*,ptolemy.codegen.c.actor.lib.oldJavaFiles.*,ptolemy.codegen.dsp.lib.*,ptolemy.codegen.kernel.newInterfaces.*,ptolemy.codegen.lib.*,ptolemy.copernicus.kernel.fragment.*,ptolemy.copernicus.shallow.cg.*,ptolemy.domains.giotto.demo.Hierarchy.Hierarchy.*,ptolemy.domains.giotto.demo.Multimode.Multimode.*,ptolemy.domains.giotto.demo.Simple.Simple.*,ptolemy.domains.gr.lib.experimental.*,ptolemy.domains.gro.*,ptolemy.domains.pdf.*,ptolemy.domains.ptinyos.demo.Surge.output.*,ptolemy.moml.test.NoPackageActor.java*,ptolemy.plot.adm.*,ptolemy.plot.servlet.*,reports.*,signed.*,src.*,target.*,vendors.*,ptolemy.copernicus.applet.*,ptolemy.media.viewer.*,ptolemy.actor.corba.*,doc.doclets.*,ptolemy.apps.eclipse.awt.*,ptolemy.backtrack.*,ptolemy.backtrack.ast.*,ptolemy.cg.adapter.generic.program.procedural.c.mbed*,ptolemy.homer.*,ptolemy.actor.lib.jjs.modules.audio.*,org.ptolemy.scala.*,diva.util.java2d.svg.*,ptolemy.domains.ptinyos.*,ptolemy.actor.lib.fmi.fmipp.*,,org.terraswarm.accessor.accessors.web.node_modules.*,org.terraswarm.accessor.accessors-svn,ptolemy.apps.*,ptolemy.actor.ptalon.demo.ptinyos.SendAndReceiveCnt.output,ptolemy.actor.ptalon.demo.ptinyos.SenseToLeds.output,ptolemy.domains.ptinyos.demo.CntToLedsAndRfm.output,ptolemy.domains.ptinyos.demo.RfmToLeds.output,ptolemy.domains.ptinyos.demo.SendAndReceiveCnt.output,ptolemy.domains.ptinyos.demo.SenseToLeds.output,ptolemy.actor.lib.jjs.modules.udpSocket.*" />
    <property name="env.PTII" value="/home/travis/build/icyphy/ptII" />
    <property name="env.XDG_SESSION_ID" value="2" />
    <property name="keystore" value="ptKeystore" />
    <property name="env.TRAVIS_COMMIT_MESSAGE" value="Moved csp and doc tests to core6 so that core2 will run to completion." />
    <property name="junit.output.dir" value="/home/travis/build/icyphy/ptII/reports/junit" />
    <property name="npm.return.code" value="0" />
    <property name="user.dir" value="/home/travis/build/icyphy/ptII/ptolemy/domains/de/test" />
    <property name="env.TRAVIS_NODE_VERSION" value="7" />
    <property name="env.TRAVIS_EVENT_TYPE" value="cron" />
    <property name="env.MAIL" value="/var/mail/travis" />
    <property name="env.PERLBREW_ROOT" value="/home/travis/perl5/perlbrew" />
    <property name="env.PWD" value="/home/travis/build/icyphy/ptII" />
    <property name="timeout.npm" value="45000" />
    <property name="env.PT_TRAVIS_TEST_CORE2_XML" value="true" />
    <property name="env.TRAVIS_ARCH" value="amd64" />
    <property name="sun.cpu.endian" value="little" />
    <property name="env.PAGER" value="cat" />
    <property name="env.TRAVIS_BUILD_STAGE_NAME" value="Test" />
    <property name="env.PERLBREW_HOME" value="/home/travis/.perlbrew" />
    <property name="java.vm.version" value="11.0.2+9" />
    <property name="env.RAILS_ENV" value="test" />
    <property name="java.class.path" value="/home/travis/build/icyphy/ptII:/home/travis/build/icyphy/ptII/lib/bsh-2.0b4.jar:/home/travis/build/icyphy/ptII/lib/ptCal.jar:/home/travis/build/icyphy/ptII/lib/java_cup.jar:/home/travis/build/icyphy/ptII/lib/saxon8.jar:/home/travis/build/icyphy/ptII/lib/saxon8-dom.jar:/home/travis/build/icyphy/ptII/lib/chic.jar:/home/travis/build/icyphy/ptII/lib/ptcolt.jar:/home/travis/build/icyphy/ptII/vendors/misc/itext/iText.jar:/home/travis/build/icyphy/ptII/lib/g4ltl.jar:/home/travis/build/icyphy/ptII/lib/StructuralCoder.jar:/home/travis/build/icyphy/ptII/vendors/jai-1_1_2_01/lib/jai_core.jar:/home/travis/build/icyphy/ptII/vendors/jai-1_1_2_01/lib/jai_codec.jar:/home/travis/build/icyphy/ptII/lib/jcerti.jar:/home/travis/build/icyphy/ptII/lib/javax.mail.jar:/home/travis/build/icyphy/ptII/vendors/JMF-2.1.1e/lib/jmf.jar:/home/travis/build/icyphy/ptII/lib/jna-4.0.0-variadic.jar:/home/travis/build/icyphy/ptII/vendors/misc/joystick/Joystick.jar:/home/travis/build/icyphy/ptII/lib/ptjacl.jar:/home/travis/build/icyphy/ptII/lib/jsoup-1.8.2.jar:/home/travis/build/icyphy/ptII/lib/junit-4.8.2.jar:/home/travis/build/icyphy/ptII/lib/JUnitParams-0.4.0.jar:/home/travis/build/icyphy/ptII/ptolemy/actor/lib/excel/jxl.jar:/home/travis/build/icyphy/ptII/lib/jython.jar:/home/travis/build/icyphy/ptII/lib/kieler.jar:/home/travis/build/icyphy/ptII/vendors/opencv/share/OpenCV/java/opencv-341.jar:/home/travis/build/icyphy/ptII/lib/oscP5.jar:/home/travis/build/icyphy/ptII/lib/nrjavaserial-3.11.0.devel.jar:/home/travis/build/icyphy/ptII/vendors/j3d/lib/j3dcore.jar:/home/travis/build/icyphy/ptII/vendors/j3d/lib/j3dutils.jar:/home/travis/build/icyphy/ptII/vendors/j3d/lib/vecmath.jar:/home/travis/build/icyphy/ptII/ptolemy/distributed/jini/jar/jini-core.jar:/home/travis/build/icyphy/ptII/ptolemy/distributed/jini/jar/jini-ext.jar:/home/travis/build/icyphy/ptII/ptolemy/distributed/jini/jar/sun-util.jar:/home/travis/build/icyphy/ptII/lib/protobuf-java-2.4.1.jar:/home/travis/build/icyphy/ptII/lib/org.eclipse.paho.client.mqttv3.jar:/home/travis/build/icyphy/ptII/lib/mapss.jar:/home/travis/build/icyphy/ptII/ptolemy/actor/ptalon/antlr/antlr.jar:/home/travis/build/icyphy/ptII/lib/JRI.jar:/home/travis/build/icyphy/ptII/lib/commons-lang-2.6.jar:/home/travis/build/icyphy/ptII/lib/commons-logging-1.1.1.jar:/home/travis/build/icyphy/ptII/lib/sootclasses.jar:/home/travis/build/icyphy/ptII/ptolemy/actor/lib/database/mysql-connector-java-5.1.6-bin.jar:/home/travis/build/icyphy/ptII/vendors/misc/sphinx4/sphinx4-data-5prealpha.jar:/home/travis/build/icyphy/ptII/vendors/misc/sphinx4/sphinx4-core-5prealpha.jar:/home/travis/build/icyphy/ptII/lib/PDFRenderer.jar:/home/travis/build/icyphy/ptII/lib/svgSalamander.jar:/home/travis/build/icyphy/ptII/lib/rsyntaxtextarea-2.6.0-SNAPSHOT.jar:/home/travis/build/icyphy/ptII/lib/hazelcast-3.8.2.jar:/home/travis/build/icyphy/ptII/lib/jackson-annotations-2.9.0.jar:/home/travis/build/icyphy/ptII/lib/jackson-core-2.9.3.jar:/home/travis/build/icyphy/ptII/lib/jackson-databind-2.9.3.jar:/home/travis/build/icyphy/ptII/lib/netty-buffer-4.1.19.Final.jar:/home/travis/build/icyphy/ptII/lib/netty-codec-4.1.19.Final.jar:/home/travis/build/icyphy/ptII/lib/netty-codec-dns-4.1.19.Final.jar:/home/travis/build/icyphy/ptII/lib/netty-codec-http-4.1.19.Final.jar:/home/travis/build/icyphy/ptII/lib/netty-codec-http2-4.1.19.Final.jar:/home/travis/build/icyphy/ptII/lib/netty-common-4.1.19.Final.jar:/home/travis/build/icyphy/ptII/lib/netty-handler-4.1.19.Final.jar:/home/travis/build/icyphy/ptII/lib/netty-resolver-4.1.19.Final.jar:/home/travis/build/icyphy/ptII/lib/netty-resolver-dns-4.1.19.Final.jar:/home/travis/build/icyphy/ptII/lib/netty-transport-4.1.19.Final.jar:/home/travis/build/icyphy/ptII/lib/vertx-codegen-3.5.1.jar:/home/travis/build/icyphy/ptII/lib/vertx-core-3.5.2-SNAPSHOT.jar:/home/travis/build/icyphy/ptII/lib/vertx-hazelcast-3.5.1.jar:/home/travis/build/icyphy/ptII/lib/vertx-lang-js-3.5.1.jar:/home/travis/build/icyphy/ptII/lib/vertx-service-proxy-3.5.1.jar:/home/travis/build/icyphy/ptII/lib/vertx-web-3.5.1.jar:/home/travis/build/icyphy/ptII/lib/slf4j-api-1.7.13.jar:/home/travis/build/icyphy/ptII/lib/slf4j-simple-1.7.13.jar:/home/travis/build/icyphy/ptII/lib/webcam-capture-0.3.12.jar:/home/travis/build/icyphy/ptII/lib/bridj-0.7.0.jar:/home/travis/build/icyphy/ptII/lib/xbjlib-1.1.0.nrjavaserial.jar:/home/travis/build/icyphy/ptII/ptolemy/moml/test:/home/travis/build/icyphy/ptII/ant/lib/ant-launcher.jar:/home/travis/build/icyphy/ptII/ant/lib/ant.jar:/home/travis/build/icyphy/ptII/ant/lib/ant-junit.jar:/home/travis/build/icyphy/ptII/ant/lib/ant-junit4.jar" />
    <property name="ant.library.dir" value="/home/travis/build/icyphy/ptII/ant/lib" />
    <property name="os.arch" value="amd64" />
    <property name="env.CONTINUOUS_INTEGRATION" value="true" />
    <property name="env.TRAVIS_LANGUAGE" value="node_js" />
    <property name="env.TRAVIS_STACK_LANGUAGES" value="__sardonyx__ c c++ clojure cplusplus cpp default generic go groovy java node_js php pure_java python ruby scala" />
    <property name="test.name" value="ptolemy.actor.lib.test.junit.JUnitTclTest" />
    <property name="env.APT_KEY_DONT_WARN_ON_DANGEROUS_USAGE" value="1" />
    <property name="sun.java.launcher" value="SUN_STANDARD" />
    <property name="env.PYTHON_CONFIGURE_OPTS" value="--enable-unicode=ucs4 --with-wide-unicode --enable-shared --enable-ipv6 --enable-loadable-sqlite-extensions --with-computed-gotos" />
    <property name="ant.core.lib" value="/home/travis/build/icyphy/ptII/ant/lib/ant.jar" />
    <property name="java.vm.specification.vendor" value="Oracle Corporation" />
    <property name="env.BCVTB_HOME" value="/home/travis/build/icyphy/ptII/lbnl" />
    <property name="file.separator" value="/" />
    <property name="spotbugs.home" value="/home/travis/build/icyphy/ptII/vendors/spotbugs-3.1.1" />
    <property name="java.runtime.version" value="11.0.2+9" />
    <property name="env.ANSI_CLEAR" value="\033[0K" />
    <property name="env.HAS_JOSH_K_SEAL_OF_APPROVAL" value="true" />
    <property name="env.XDG_RUNTIME_DIR" value="/run/user/2000" />
    <property name="env.TRAVIS_OSX_IMAGE" value="" />
    <property name="env.TRAVIS_JOB_ID" value="550614092" />
    <property name="env.TRAVIS_BRANCH" value="master" />
    <property name="user.country" value="US" />
    <property name="env.CERTI_HOME_TRAVIS" value="/home/travis/pthla/certi-tools" />
    <property name="env.SHELL" value="/bin/bash" />
    <property name="java.maxmemory.large" value="5000m" />
    <property name="model" value="" />
    <property name="env.CASHER_DIR" value="/home/travis/.casher" />
    <property name="env.NVM_CD_FLAGS" value="" />
    <property name="java.vendor.version" value="18.9" />
    <property name="jshint.executable" value="/home/travis/node_modules/jshint/bin/jshint" />
    <property name="env.JRUBY_OPTS" value=" --client -J-XX:+TieredCompilation -J-XX:TieredStopAtLevel=1 -J-Xss2m -Xcompile.invokedynamic=false" />
    <property name="java.vendor" value="Oracle Corporation" />
    <property name="env.TRAVIS_PRE_CHEF_BOOTSTRAP_TIME" value="2019-03-25T16:16:42" />
    <property name="env.TRAVIS_STACK_JOB_BOARD_REGISTER" value="/.job-board-register.yml" />
    <property name="env.ANSI_RED" value="\033[31;1m" />
    <property name="java.specification.version" value="11" />
    <property name="env.IRBRC" value="/home/travis/.rvm/rubies/ruby-2.5.3/.irbrc" />
    <property name="env.TRAVIS" value="true" />
    <property name="sun.arch.data.model" value="64" />
  </properties>
  <testcase classname="ptolemy.util.test.junit.TclTests" name="[0] /home/travis/build/icyphy/ptII/ptolemy/domains/de/test/DependencyLoop.tcl (RunTclFile)" time="1.139" />
  <testcase classname="ptolemy.util.test.junit.TclTests" name="[1] /home/travis/build/icyphy/ptII/ptolemy/domains/de/test/RunDETestsAsQSS.tcl (RunTclFile)" time="92.748" />
  <testcase classname="ptolemy.util.test.junit.AutoKnownFailedTests" name="[0] /home/travis/build/icyphy/ptII/ptolemy/domains/de/test/auto/knownFailedTests/DESDFClockTest.xml (RunModel)" time="2.044" />
  <testcase classname="ptolemy.util.test.junit.AutoKnownFailedTests" name="[1] /home/travis/build/icyphy/ptII/ptolemy/domains/de/test/auto/knownFailedTests/DirectFeedback.xml (RunModel)" time="0.019" />
  <testcase classname="ptolemy.util.test.junit.AutoKnownFailedTests" name="[2] /home/travis/build/icyphy/ptII/ptolemy/domains/de/test/auto/knownFailedTests/FSMSource.xml (RunModel)" time="0.025" />
  <testcase classname="ptolemy.util.test.junit.AutoKnownFailedTests" name="[3] /home/travis/build/icyphy/ptII/ptolemy/domains/de/test/auto/knownFailedTests/HierarchicalModel.xml (RunModel)" time="0.062" />
  <testcase classname="ptolemy.util.test.junit.AutoKnownFailedTests" name="[4] /home/travis/build/icyphy/ptII/ptolemy/domains/de/test/auto/knownFailedTests/dependencyLoop.xml (RunModel)" time="0.044" />
  <testcase classname="ptolemy.util.test.junit.AutoKnownFailedTests" name="[5] /home/travis/build/icyphy/ptII/ptolemy/domains/de/test/auto/knownFailedTests/dependencyLoop2.xml (RunModel)" time="0.039" />
  <testcase classname="ptolemy.util.test.junit.AutoNameArchTests" name="[0] ThereAreNoAutoArchTests (RunModel)" time="0.002" />
  <testcase classname="ptolemy.util.test.junit.AutoTests" name="[0] /home/travis/build/icyphy/ptII/ptolemy/domains/de/test/auto/ActorDepthCalculation_actorWithoutPorts.xml (RunModel)" time="0.03" />
  <testcase classname="ptolemy.util.test.junit.AutoTests" name="[1] /home/travis/build/icyphy/ptII/ptolemy/domains/de/test/auto/AssemblyLine.xml (RunModel)" time="0.027" />
  <testcase classname="ptolemy.util.test.junit.AutoTests" name="[2] /home/travis/build/icyphy/ptII/ptolemy/domains/de/test/auto/CQBug1.xml (RunModel)" time="0.014" />
  <testcase classname="ptolemy.util.test.junit.AutoTests" name="[3] /home/travis/build/icyphy/ptII/ptolemy/domains/de/test/auto/CancelFireAt.xml (RunModel)" time="0.022" />
  <testcase classname="ptolemy.util.test.junit.AutoTests" name="[4] /home/travis/build/icyphy/ptII/ptolemy/domains/de/test/auto/CausalityAndComposabilityAnalysis.xml (RunModel)" time="0.019" />
  <testcase classname="ptolemy.util.test.junit.AutoTests" name="[5] /home/travis/build/icyphy/ptII/ptolemy/domains/de/test/auto/CausalityInterface1.xml (RunModel)" time="0.015" />
  <testcase classname="ptolemy.util.test.junit.AutoTests" name="[6] /home/travis/build/icyphy/ptII/ptolemy/domains/de/test/auto/CausalityInterface15.xml (RunModel)" time="0.015" />
  <testcase classname="ptolemy.util.test.junit.AutoTests" name="[7] /home/travis/build/icyphy/ptII/ptolemy/domains/de/test/auto/CausalityInterface2.xml (RunModel)" time="0.02" />
  <testcase classname="ptolemy.util.test.junit.AutoTests" name="[8] /home/travis/build/icyphy/ptII/ptolemy/domains/de/test/auto/CausalityInterface3.xml (RunModel)" time="0.011" />
  <testcase classname="ptolemy.util.test.junit.AutoTests" name="[9] /home/travis/build/icyphy/ptII/ptolemy/domains/de/test/auto/ClockDrift.xml (RunModel)" time="0.041" />
  <testcase classname="ptolemy.util.test.junit.AutoTests" name="[10] /home/travis/build/icyphy/ptII/ptolemy/domains/de/test/auto/ClockDriftAndValueChange.xml (RunModel)" time="0.037" />
  <testcase classname="ptolemy.util.test.junit.AutoTests" name="[11] /home/travis/build/icyphy/ptII/ptolemy/domains/de/test/auto/ClockDriftChange.xml (RunModel)" time="0.034" />
  <testcase classname="ptolemy.util.test.junit.AutoTests" name="[12] /home/travis/build/icyphy/ptII/ptolemy/domains/de/test/auto/ComposableCausalityAnalysis.xml (RunModel)" time="0.017" />
  <testcase classname="ptolemy.util.test.junit.AutoTests" name="[13] /home/travis/build/icyphy/ptII/ptolemy/domains/de/test/auto/DEFixedPointLimitation.xml (RunModel)" time="0.012" />
  <testcase classname="ptolemy.util.test.junit.AutoTests" name="[14] /home/travis/build/icyphy/ptII/ptolemy/domains/de/test/auto/DEScheduleTest.xml (RunModel)" time="0.014" />
  <testcase classname="ptolemy.util.test.junit.AutoTests" name="[15] /home/travis/build/icyphy/ptII/ptolemy/domains/de/test/auto/DEinDEwithStartTimes.xml (RunModel)" time="0.019" />
  <testcase classname="ptolemy.util.test.junit.AutoTests" name="[16] /home/travis/build/icyphy/ptII/ptolemy/domains/de/test/auto/DEinDEwithStartTimes2.xml (RunModel)" time="0.019" />
  <testcase classname="ptolemy.util.test.junit.AutoTests" name="[17] /home/travis/build/icyphy/ptII/ptolemy/domains/de/test/auto/DateDemo.xml (RunModel)" time="0.045" />
  <testcase classname="ptolemy.util.test.junit.AutoTests" name="[18] /home/travis/build/icyphy/ptII/ptolemy/domains/de/test/auto/DateToEvent.xml (RunModel)" time="2.044" />
  <testcase classname="ptolemy.util.test.junit.AutoTests" name="[19] /home/travis/build/icyphy/ptII/ptolemy/domains/de/test/auto/DepthTest1.xml (RunModel)" time="0.01" />
  <testcase classname="ptolemy.util.test.junit.AutoTests" name="[20] /home/travis/build/icyphy/ptII/ptolemy/domains/de/test/auto/DepthTest2.xml (RunModel)" time="0.018" />
  <testcase classname="ptolemy.util.test.junit.AutoTests" name="[21] /home/travis/build/icyphy/ptII/ptolemy/domains/de/test/auto/DepthTest3.xml (RunModel)" time="0.015" />
  <testcase classname="ptolemy.util.test.junit.AutoTests" name="[22] /home/travis/build/icyphy/ptII/ptolemy/domains/de/test/auto/DepthTest4.xml (RunModel)" time="0.014" />
  <testcase classname="ptolemy.util.test.junit.AutoTests" name="[23] /home/travis/build/icyphy/ptII/ptolemy/domains/de/test/auto/DepthTest5.xml (RunModel)" time="0.015" />
  <testcase classname="ptolemy.util.test.junit.AutoTests" name="[24] /home/travis/build/icyphy/ptII/ptolemy/domains/de/test/auto/DepthTest6.xml (RunModel)" time="0.013" />
  <testcase classname="ptolemy.util.test.junit.AutoTests" name="[25] /home/travis/build/icyphy/ptII/ptolemy/domains/de/test/auto/DepthTest7.xml (RunModel)" time="0.023" />
  <testcase classname="ptolemy.util.test.junit.AutoTests" name="[26] /home/travis/build/icyphy/ptII/ptolemy/domains/de/test/auto/EventToDate.xml (RunModel)" time="3.038" />
  <testcase classname="ptolemy.util.test.junit.AutoTests" name="[27] /home/travis/build/icyphy/ptII/ptolemy/domains/de/test/auto/FSM1.xml (RunModel)" time="0.044" />
  <testcase classname="ptolemy.util.test.junit.AutoTests" name="[28] /home/travis/build/icyphy/ptII/ptolemy/domains/de/test/auto/FSM7.xml (RunModel)" time="0.05" />
  <testcase classname="ptolemy.util.test.junit.AutoTests" name="[29] /home/travis/build/icyphy/ptII/ptolemy/domains/de/test/auto/Inspection.xml (RunModel)" time="0.047" />
  <testcase classname="ptolemy.util.test.junit.AutoTests" name="[30] /home/travis/build/icyphy/ptII/ptolemy/domains/de/test/auto/Iteration.xml (RunModel)" time="0.029" />
  <testcase classname="ptolemy.util.test.junit.AutoTests" name="[31] /home/travis/build/icyphy/ptII/ptolemy/domains/de/test/auto/LineFault.xml (RunModel)" time="0.641" />
  <testcase classname="ptolemy.util.test.junit.AutoTests" name="[32] /home/travis/build/icyphy/ptII/ptolemy/domains/de/test/auto/MergeModel1Add.xml (RunModel)" time="0.047" />
  <testcase classname="ptolemy.util.test.junit.AutoTests" name="[33] /home/travis/build/icyphy/ptII/ptolemy/domains/de/test/auto/MergeModel2Add.xml (RunModel)" time="0.041" />
  <testcase classname="ptolemy.util.test.junit.AutoTests" name="[34] /home/travis/build/icyphy/ptII/ptolemy/domains/de/test/auto/MergeModel3Add.xml (RunModel)" time="0.048" />
  <testcase classname="ptolemy.util.test.junit.AutoTests" name="[35] /home/travis/build/icyphy/ptII/ptolemy/domains/de/test/auto/MergeWithoutDiscard.xml (RunModel)" time="0.011" />
  <testcase classname="ptolemy.util.test.junit.AutoTests" name="[36] /home/travis/build/icyphy/ptII/ptolemy/domains/de/test/auto/Modal1.xml (RunModel)" time="0.025" />
  <testcase classname="ptolemy.util.test.junit.AutoTests" name="[37] /home/travis/build/icyphy/ptII/ptolemy/domains/de/test/auto/Modal2.xml (RunModel)" time="0.041" />
  <testcase classname="ptolemy.util.test.junit.AutoTests" name="[38] /home/travis/build/icyphy/ptII/ptolemy/domains/de/test/auto/Modal3.xml (RunModel)" time="0.032" />
  <testcase classname="ptolemy.util.test.junit.AutoTests" name="[39] /home/travis/build/icyphy/ptII/ptolemy/domains/de/test/auto/Modal4.xml (RunModel)" time="0.044" />
  <testcase classname="ptolemy.util.test.junit.AutoTests" name="[40] /home/travis/build/icyphy/ptII/ptolemy/domains/de/test/auto/Modal5.xml (RunModel)" time="0.03" />
  <testcase classname="ptolemy.util.test.junit.AutoTests" name="[41] /home/travis/build/icyphy/ptII/ptolemy/domains/de/test/auto/Modal6.xml (RunModel)" time="0.034" />
  <testcase classname="ptolemy.util.test.junit.AutoTests" name="[42] /home/travis/build/icyphy/ptII/ptolemy/domains/de/test/auto/Modal7.xml (RunModel)" time="0.032" />
  <testcase classname="ptolemy.util.test.junit.AutoTests" name="[43] /home/travis/build/icyphy/ptII/ptolemy/domains/de/test/auto/ModalModel.xml (RunModel)" time="0.173" />
  <testcase classname="ptolemy.util.test.junit.AutoTests" name="[44] /home/travis/build/icyphy/ptII/ptolemy/domains/de/test/auto/ModalSource.xml (RunModel)" time="0.027" />
  <testcase classname="ptolemy.util.test.junit.AutoTests" name="[45] /home/travis/build/icyphy/ptII/ptolemy/domains/de/test/auto/NonInterruptibleTimerZeroDelay.xml (RunModel)" time="0.009" />
  <testcase classname="ptolemy.util.test.junit.AutoTests" name="[46] /home/travis/build/icyphy/ptII/ptolemy/domains/de/test/auto/OpenQueueingNetwork.xml (RunModel)" time="2.603" />
  <testcase classname="ptolemy.util.test.junit.AutoTests" name="[47] /home/travis/build/icyphy/ptII/ptolemy/domains/de/test/auto/OpenQueuingNetwork.xml (RunModel)" time="0.278" />
  <testcase classname="ptolemy.util.test.junit.AutoTests" name="[48] /home/travis/build/icyphy/ptII/ptolemy/domains/de/test/auto/PeriodicSampler.xml (RunModel)" time="0.012" />
  <testcase classname="ptolemy.util.test.junit.AutoTests" name="[49] /home/travis/build/icyphy/ptII/ptolemy/domains/de/test/auto/PersistentIO.xml (RunModel)" time="0.022" />
  <testcase classname="ptolemy.util.test.junit.AutoTests" name="[50] /home/travis/build/icyphy/ptII/ptolemy/domains/de/test/auto/PortParameterResetOnInitialize.xml (RunModel)" time="0.008" />
  <testcase classname="ptolemy.util.test.junit.AutoTests" name="[51] /home/travis/build/icyphy/ptII/ptolemy/domains/de/test/auto/PortParameterUpdates.xml (RunModel)" time="0.016" />
  <testcase classname="ptolemy.util.test.junit.AutoTests" name="[52] /home/travis/build/icyphy/ptII/ptolemy/domains/de/test/auto/QueueAndServer.xml (RunModel)" time="0.024" />
  <testcase classname="ptolemy.util.test.junit.AutoTests" name="[53] /home/travis/build/icyphy/ptII/ptolemy/domains/de/test/auto/Records.xml (RunModel)" time="0.022" />
  <testcase classname="ptolemy.util.test.junit.AutoTests" name="[54] /home/travis/build/icyphy/ptII/ptolemy/domains/de/test/auto/ResetTransitionWithStartTime1.xml (RunModel)" time="0.02" />
  <testcase classname="ptolemy.util.test.junit.AutoTests" name="[55] /home/travis/build/icyphy/ptII/ptolemy/domains/de/test/auto/ResetTransitionWithStartTime2.xml (RunModel)" time="0.016" />
  <testcase classname="ptolemy.util.test.junit.AutoTests" name="[56] /home/travis/build/icyphy/ptII/ptolemy/domains/de/test/auto/ResetTransitionWithStartTime3.xml (RunModel)" time="0.019" />
  <testcase classname="ptolemy.util.test.junit.AutoTests" name="[57] /home/travis/build/icyphy/ptII/ptolemy/domains/de/test/auto/ResetTransitionWithStartTime4.xml (RunModel)" time="0.021" />
  <testcase classname="ptolemy.util.test.junit.AutoTests" name="[58] /home/travis/build/icyphy/ptII/ptolemy/domains/de/test/auto/ResettableTimer1.xml (RunModel)" time="0.01" />
  <testcase classname="ptolemy.util.test.junit.AutoTests" name="[59] /home/travis/build/icyphy/ptII/ptolemy/domains/de/test/auto/ResettableTimer2.xml (RunModel)" time="0.011" />
  <testcase classname="ptolemy.util.test.junit.AutoTests" name="[60] /home/travis/build/icyphy/ptII/ptolemy/domains/de/test/auto/ResettableTimer3.xml (RunModel)" time="0.009" />
  <testcase classname="ptolemy.util.test.junit.AutoTests" name="[61] /home/travis/build/icyphy/ptII/ptolemy/domains/de/test/auto/ResettableTimer4.xml (RunModel)" time="0.009" />
  <testcase classname="ptolemy.util.test.junit.AutoTests" name="[62] /home/travis/build/icyphy/ptII/ptolemy/domains/de/test/auto/ResettableTimer5.xml (RunModel)" time="0.013" />
  <testcase classname="ptolemy.util.test.junit.AutoTests" name="[63] /home/travis/build/icyphy/ptII/ptolemy/domains/de/test/auto/ResettableTimer6.xml (RunModel)" time="0.02" />
  <testcase classname="ptolemy.util.test.junit.AutoTests" name="[64] /home/travis/build/icyphy/ptII/ptolemy/domains/de/test/auto/ServerZeroDelay.xml (RunModel)" time="0.011" />
  <testcase classname="ptolemy.util.test.junit.AutoTests" name="[65] /home/travis/build/icyphy/ptII/ptolemy/domains/de/test/auto/SmartSender.xml (RunModel)" time="3.008" />
  <testcase classname="ptolemy.util.test.junit.AutoTests" name="[66] /home/travis/build/icyphy/ptII/ptolemy/domains/de/test/auto/ThreadedComposite.xml (RunModel)" time="0.131" />
  <testcase classname="ptolemy.util.test.junit.AutoTests" name="[67] /home/travis/build/icyphy/ptII/ptolemy/domains/de/test/auto/Time.xml (RunModel)" time="0.435" />
  <testcase classname="ptolemy.util.test.junit.AutoTests" name="[68] /home/travis/build/icyphy/ptII/ptolemy/domains/de/test/auto/TimeDelayZeroDelay.xml (RunModel)" time="0.011" />
  <testcase classname="ptolemy.util.test.junit.AutoTests" name="[69] /home/travis/build/icyphy/ptII/ptolemy/domains/de/test/auto/TimerZeroDelay.xml (RunModel)" time="0.011" />
  <testcase classname="ptolemy.util.test.junit.AutoTests" name="[70] /home/travis/build/icyphy/ptII/ptolemy/domains/de/test/auto/TimingParadox.xml (RunModel)" time="0.372" />
  <testcase classname="ptolemy.util.test.junit.AutoTests" name="[71] /home/travis/build/icyphy/ptII/ptolemy/domains/de/test/auto/TransferInputs.xml (RunModel)" time="0.014" />
  <testcase classname="ptolemy.util.test.junit.AutoTests" name="[72] /home/travis/build/icyphy/ptII/ptolemy/domains/de/test/auto/TransferOutputs2.xml (RunModel)" time="0.015" />
  <testcase classname="ptolemy.util.test.junit.AutoTests" name="[73] /home/travis/build/icyphy/ptII/ptolemy/domains/de/test/auto/Trilateration.xml (RunModel)" time="12.254" />
  <testcase classname="ptolemy.util.test.junit.AutoTests" name="[74] /home/travis/build/icyphy/ptII/ptolemy/domains/de/test/auto/TwoSigmaDelta.xml (RunModel)" time="2.161" />
  <testcase classname="ptolemy.util.test.junit.AutoTests" name="[75] /home/travis/build/icyphy/ptII/ptolemy/domains/de/test/auto/VariableDelay.xml (RunModel)" time="0.014" />
  <testcase classname="ptolemy.util.test.junit.AutoTests" name="[76] /home/travis/build/icyphy/ptII/ptolemy/domains/de/test/auto/VariableDelay2.xml (RunModel)" time="0.011" />
  <testcase classname="ptolemy.util.test.junit.AutoTests" name="[77] /home/travis/build/icyphy/ptII/ptolemy/domains/de/test/auto/VariableDelayZeroDelay.xml (RunModel)" time="0.016" />
  <testcase classname="ptolemy.util.test.junit.AutoTests" name="[78] /home/travis/build/icyphy/ptII/ptolemy/domains/de/test/auto/VariableDelayZeroDelay2.xml (RunModel)" time="0.01" />
  <testcase classname="ptolemy.util.test.junit.AutoTests" name="[79] /home/travis/build/icyphy/ptII/ptolemy/domains/de/test/auto/deInCt.xml (RunModel)" time="0.018" />
  <testcase classname="ptolemy.util.test.junit.AutoTests" name="[80] /home/travis/build/icyphy/ptII/ptolemy/domains/de/test/auto/deInCt2.xml (RunModel)" time="0.015" />
  <testcase classname="ptolemy.util.test.junit.AutoTests" name="[81] /home/travis/build/icyphy/ptII/ptolemy/domains/de/test/auto/dynamicCausalityInterface1.xml (RunModel)" time="0.02" />
  <testcase classname="ptolemy.util.test.junit.AutoTests" name="[82] /home/travis/build/icyphy/ptII/ptolemy/domains/de/test/auto/fsm_de_test.xml (RunModel)" time="0.021" />
  <testcase classname="ptolemy.util.test.junit.AutoTests" name="[83] /home/travis/build/icyphy/ptII/ptolemy/domains/de/test/auto/functionDependencyReconstruction.xml (RunModel)" time="0.055" />
  <testcase classname="ptolemy.util.test.junit.AutoTests" name="[84] /home/travis/build/icyphy/ptII/ptolemy/domains/de/test/auto/multirate.xml (RunModel)" time="0.015" />
  <testcase classname="ptolemy.util.test.junit.AutoTests" name="[85] /home/travis/build/icyphy/ptII/ptolemy/domains/de/test/auto/multirate2.xml (RunModel)" time="0.014" />
  <testcase classname="ptolemy.util.test.junit.AutoTests" name="[86] /home/travis/build/icyphy/ptII/ptolemy/domains/de/test/auto/realtime.xml (RunModel)" time="10.011" />
  <testcase classname="ptolemy.util.test.junit.AutoTests" name="[87] /home/travis/build/icyphy/ptII/ptolemy/domains/de/test/auto/relationGroup.xml (RunModel)" time="0.014" />
  <testcase classname="ptolemy.util.test.junit.AutoTests" name="[88] /home/travis/build/icyphy/ptII/ptolemy/domains/de/test/auto/relationGroup2.xml (RunModel)" time="0.008" />
  <testcase classname="ptolemy.util.test.junit.AutoTests" name="[89] /home/travis/build/icyphy/ptII/ptolemy/domains/de/test/auto/sortWithOpaquePorts.xml (RunModel)" time="0.01" />
  <testcase classname="ptolemy.util.test.junit.AutoTests" name="[90] /home/travis/build/icyphy/ptII/ptolemy/domains/de/test/auto/transferInputsandOutputs.xml (RunModel)" time="0.018" />
  <testcase classname="ptolemy.util.test.junit.AutoTests" name="[91] /home/travis/build/icyphy/ptII/ptolemy/domains/de/test/auto/triggerType.xml (RunModel)" time="0.009" />
  <system-out><![CDATA[/home/travis/build/icyphy/ptII/ptolemy/domains/de/test/DependencyLoop.tcl
testDefs.tcl: setting time out to 9000 seconds at Wed Jun 26 04:38:43 UTC 2019
89 ms. Memory: 120832K Free: 98092K (81%)
29 ms. Memory: 157696K Free: 138354K (88%)
/home/travis/build/icyphy/ptII/ptolemy/domains/de/test/RunDETestsAsQSS.tcl
Run the DE tests using ptolemy.domains.qss.test.QSSDirectorTest, which extends QSSDirector and prints a message in the constructors.
------------------ testing $PTII/ptolemy/domains/de/test/auto/knownFailedTests/DirectFeedback.xml (Known Failure) 
59 ms. Memory: 157696K Free: 132720K (84%)


==== $PTIIhome/travis/build/icyphy/ptII/ptolemy/domains/de/test/../../../../: Auto Automatic test in file $PTII/ptolemy/domains/de/test/auto/knownFailedTests/DirectFeedback.xml
==== Contents of test case:

	    # FIXME: we should use $relativeFilename here, but it
	    # might have backslashes under Windows, which causes no end
	    # of trouble.
	    createAndExecute $file
	    list {}
	
.... Test generated KNOWN error:
    while executing
ptolemy.kernel.util.IllegalActionException: Test fails in iteration 1.
Value was: 1.0. Should have been: 2.0
  in .DirectFeedback.Test
	at ptolemy.actor.lib.Test.fire(Test.java:268)
	at ptolemy.domains.de.kernel.DEDirector._fire(DEDirector.java:1949)
	at ptolemy.domains.de.kernel.DEDirector.fire(DEDirector.java:502)
	at ptolemy.actor.CompositeActor.fire(CompositeActor.java:455)
	at ptolemy.actor.Manager.iterate(Manager.java:851)
	at ptolemy.actor.Manager.execute(Manager.java:369)
	at ptolemy.actor.Manager.run(Manager.java:1263)
	at ptolemy.actor.Manager$PtolemyRunThread.run(Manager.java:1915)

    while executing
ptolemy.kernel.util.IllegalActionException: Test fails in iteration 1.
Value was: 1.0. Should have been: 2.0
  in .DirectFeedback.Test
    while executing
"java::new ptolemy.moml.MoMLSimpleApplication $file
"
    (procedure "createAndExecute" line 2)
    invoked from within
"createAndExecute $file"
    ("uplevel" body line 5)
    invoked from within
"uplevel $contents_of_test"
------------------ testing $PTII/ptolemy/domains/de/test/auto/knownFailedTests/dependencyLoop.xml (Known Failure) 
18 ms. Memory: 157696K Free: 129648K (82%)


==== $PTIIhome/travis/build/icyphy/ptII/ptolemy/domains/de/test/../../../../: Auto Automatic test in file $PTII/ptolemy/domains/de/test/auto/knownFailedTests/dependencyLoop.xml
==== Contents of test case:

	    # FIXME: we should use $relativeFilename here, but it
	    # might have backslashes under Windows, which causes no end
	    # of trouble.
	    createAndExecute $file
	    list {}
	
.... Test generated KNOWN error:
    while executing
ptolemy.kernel.util.IllegalActionException: Found a zero delay loop containing .dependencyLoop.original
  in .dependencyLoop and .dependencyLoop.original
	at ptolemy.actor.util.CausalityInterfaceForComposites._computeOutputPortDepth(CausalityInterfaceForComposites.java:759)
	at ptolemy.actor.util.CausalityInterfaceForComposites._computeInputDepth(CausalityInterfaceForComposites.java:696)
	at ptolemy.actor.util.CausalityInterfaceForComposites._computeOutputPortDepth(CausalityInterfaceForComposites.java:765)
	at ptolemy.actor.util.CausalityInterfaceForComposites._computeInputDepth(CausalityInterfaceForComposites.java:696)
	at ptolemy.actor.util.CausalityInterfaceForComposites._computeOutputPortDepth(CausalityInterfaceForComposites.java:765)
	at ptolemy.actor.util.CausalityInterfaceForComposites._computeInputDepth(CausalityInterfaceForComposites.java:696)
	at ptolemy.actor.util.CausalityInterfaceForComposites._computeActorDepth(CausalityInterfaceForComposites.java:532)
	at ptolemy.actor.util.CausalityInterfaceForComposites.checkForCycles(CausalityInterfaceForComposites.java:96)
	at ptolemy.domains.de.kernel.DEDirector.preinitialize(DEDirector.java:1338)
	at ptolemy.actor.CompositeActor.preinitialize(CompositeActor.java:1828)
	at ptolemy.actor.Manager.preinitializeAndResolveTypes(Manager.java:1040)
	at ptolemy.actor.Manager.initialize(Manager.java:710)
	at ptolemy.actor.Manager.execute(Manager.java:356)
	at ptolemy.actor.Manager.run(Manager.java:1263)
	at ptolemy.actor.Manager$PtolemyRunThread.run(Manager.java:1915)

    while executing
ptolemy.kernel.util.IllegalActionException: Found a zero delay loop containing .dependencyLoop.original
  in .dependencyLoop and .dependencyLoop.original
    while executing
"java::new ptolemy.moml.MoMLSimpleApplication $file
"
    (procedure "createAndExecute" line 2)
    invoked from within
"createAndExecute $file"
    ("uplevel" body line 5)
    invoked from within
"uplevel $contents_of_test"
------------------ testing $PTII/ptolemy/domains/de/test/auto/knownFailedTests/FSMSource.xml (Known Failure) 
90 ms. Memory: 157696K Free: 120418K (76%)
!!!! Auto was marked as failing, but now passes
------------------ testing $PTII/ptolemy/domains/de/test/auto/knownFailedTests/HierarchicalModel.xml (Known Failure) 
6 ms. Memory: 157696K Free: 103024K (65%)


==== $PTIIhome/travis/build/icyphy/ptII/ptolemy/domains/de/test/../../../../: Auto Automatic test in file $PTII/ptolemy/domains/de/test/auto/knownFailedTests/HierarchicalModel.xml
==== Contents of test case:

	    # FIXME: we should use $relativeFilename here, but it
	    # might have backslashes under Windows, which causes no end
	    # of trouble.
	    createAndExecute $file
	    list {}
	
.... Test generated KNOWN error:
    while executing
ptolemy.kernel.util.IllegalActionException: Found a zero delay loop containing .HierarchicalModel.A
  in .HierarchicalModel and .HierarchicalModel.A
	at ptolemy.actor.util.CausalityInterfaceForComposites._computeOutputPortDepth(CausalityInterfaceForComposites.java:759)
	at ptolemy.actor.util.CausalityInterfaceForComposites._computeInputDepth(CausalityInterfaceForComposites.java:696)
	at ptolemy.actor.util.CausalityInterfaceForComposites._computeOutputPortDepth(CausalityInterfaceForComposites.java:765)
	at ptolemy.actor.util.CausalityInterfaceForComposites._computeInputDepth(CausalityInterfaceForComposites.java:696)
	at ptolemy.actor.util.CausalityInterfaceForComposites._computeOutputPortDepth(CausalityInterfaceForComposites.java:765)
	at ptolemy.actor.util.CausalityInterfaceForComposites._computeInputDepth(CausalityInterfaceForComposites.java:696)
	at ptolemy.actor.util.CausalityInterfaceForComposites._computeActorDepth(CausalityInterfaceForComposites.java:532)
	at ptolemy.actor.util.CausalityInterfaceForComposites.checkForCycles(CausalityInterfaceForComposites.java:96)
	at ptolemy.domains.de.kernel.DEDirector.preinitialize(DEDirector.java:1338)
	at ptolemy.actor.CompositeActor.preinitialize(CompositeActor.java:1828)
	at ptolemy.actor.Manager.preinitializeAndResolveTypes(Manager.java:1040)
	at ptolemy.actor.Manager.initialize(Manager.java:710)
	at ptolemy.actor.Manager.execute(Manager.java:356)
	at ptolemy.actor.Manager.run(Manager.java:1263)
	at ptolemy.actor.Manager$PtolemyRunThread.run(Manager.java:1915)

    while executing
ptolemy.kernel.util.IllegalActionException: Found a zero delay loop containing .HierarchicalModel.A
  in .HierarchicalModel and .HierarchicalModel.A
    while executing
"java::new ptolemy.moml.MoMLSimpleApplication $file
"
    (procedure "createAndExecute" line 2)
    invoked from within
"createAndExecute $file"
    ("uplevel" body line 5)
    invoked from within
"uplevel $contents_of_test"
------------------ testing $PTII/ptolemy/domains/de/test/auto/knownFailedTests/dependencyLoop2.xml (Known Failure) 
12 ms. Memory: 157696K Free: 99442K (63%)


==== $PTIIhome/travis/build/icyphy/ptII/ptolemy/domains/de/test/../../../../: Auto Automatic test in file $PTII/ptolemy/domains/de/test/auto/knownFailedTests/dependencyLoop2.xml
==== Contents of test case:

	    # FIXME: we should use $relativeFilename here, but it
	    # might have backslashes under Windows, which causes no end
	    # of trouble.
	    createAndExecute $file
	    list {}
	
.... Test generated KNOWN error:
    while executing
ptolemy.kernel.util.IllegalActionException: Found a zero delay loop containing .dependencyLoop2.original
  in .dependencyLoop2 and .dependencyLoop2.original
	at ptolemy.actor.util.CausalityInterfaceForComposites._computeOutputPortDepth(CausalityInterfaceForComposites.java:759)
	at ptolemy.actor.util.CausalityInterfaceForComposites._computeInputDepth(CausalityInterfaceForComposites.java:696)
	at ptolemy.actor.util.CausalityInterfaceForComposites._computeOutputPortDepth(CausalityInterfaceForComposites.java:765)
	at ptolemy.actor.util.CausalityInterfaceForComposites._computeInputDepth(CausalityInterfaceForComposites.java:696)
	at ptolemy.actor.util.CausalityInterfaceForComposites._computeOutputPortDepth(CausalityInterfaceForComposites.java:765)
	at ptolemy.actor.util.CausalityInterfaceForComposites._computeInputDepth(CausalityInterfaceForComposites.java:696)
	at ptolemy.actor.util.CausalityInterfaceForComposites._computeActorDepth(CausalityInterfaceForComposites.java:532)
	at ptolemy.actor.util.CausalityInterfaceForComposites.checkForCycles(CausalityInterfaceForComposites.java:96)
	at ptolemy.domains.de.kernel.DEDirector.preinitialize(DEDirector.java:1338)
	at ptolemy.actor.CompositeActor.preinitialize(CompositeActor.java:1828)
	at ptolemy.actor.Manager.preinitializeAndResolveTypes(Manager.java:1040)
	at ptolemy.actor.Manager.initialize(Manager.java:710)
	at ptolemy.actor.Manager.execute(Manager.java:356)
	at ptolemy.actor.Manager.run(Manager.java:1263)
	at ptolemy.actor.Manager$PtolemyRunThread.run(Manager.java:1915)

    while executing
ptolemy.kernel.util.IllegalActionException: Found a zero delay loop containing .dependencyLoop2.original
  in .dependencyLoop2 and .dependencyLoop2.original
    while executing
"java::new ptolemy.moml.MoMLSimpleApplication $file
"
    (procedure "createAndExecute" line 2)
    invoked from within
"createAndExecute $file"
    ("uplevel" body line 5)
    invoked from within
"uplevel $contents_of_test"
------------------ testing $PTII/ptolemy/domains/de/test/auto/knownFailedTests/DESDFClockTest.xml (Known Failure) 
2059 ms. Memory: 157696K Free: 87154K (55%)


==== $PTIIhome/travis/build/icyphy/ptII/ptolemy/domains/de/test/../../../../: Auto Automatic test in file $PTII/ptolemy/domains/de/test/auto/knownFailedTests/DESDFClockTest.xml
==== Contents of test case:

	    # FIXME: we should use $relativeFilename here, but it
	    # might have backslashes under Windows, which causes no end
	    # of trouble.
	    createAndExecute $file
	    list {}
	
.... Test generated KNOWN error:
    while executing
ptolemy.kernel.util.IllegalActionException: Actor is not ready to fire.  Perhaps UpSample.prefire() returned false? Try debugging the actor by selecting "Listen to Actor".  Also, for SDF check moml for tokenConsumptionRate on input.
  in .DESDFClockTest.Play Bell.Copy1:SDF Director and .DESDFClockTest.Play Bell.UpSample
	at ptolemy.actor.sched.StaticSchedulingDirector.fire(StaticSchedulingDirector.java:227)
	at ptolemy.domains.sdf.kernel.SDFDirector.fire(SDFDirector.java:500)
	at ptolemy.actor.CompositeActor.fire(CompositeActor.java:455)
	at ptolemy.domains.de.kernel.DEDirector._fire(DEDirector.java:1949)
	at ptolemy.domains.de.kernel.DEDirector.fire(DEDirector.java:502)
	at ptolemy.actor.CompositeActor.fire(CompositeActor.java:455)
	at ptolemy.actor.Manager.iterate(Manager.java:851)
	at ptolemy.actor.Manager.execute(Manager.java:369)
	at ptolemy.actor.Manager.run(Manager.java:1263)
	at ptolemy.actor.Manager$PtolemyRunThread.run(Manager.java:1915)

    while executing
ptolemy.kernel.util.IllegalActionException: Actor is not ready to fire.  Perhaps UpSample.prefire() returned false? Try debugging the actor by selecting "Listen to Actor".  Also, for SDF check moml for tokenConsumptionRate on input.
  in .DESDFClockTest.Play Bell.Copy1:SDF Director and .DESDFClockTest.Play Bell.UpSample
    while executing
"java::new ptolemy.moml.MoMLSimpleApplication $file
"
    (procedure "createAndExecute" line 2)
    invoked from within
"createAndExecute $file"
    ("uplevel" body line 5)
    invoked from within
"uplevel $contents_of_test"
------------------ testing $PTII/ptolemy/domains/de/test/auto/ActorDepthCalculation_actorWithoutPorts.xml
auto.tcl: Setting watchdog for 200 seconds at Wed Jun 26 04:38:47 UTC 2019
15 ms. Memory: 157696K Free: 79986K (51%)
ptolemy.util.test.WatchDog.cancel(): canceling Wed Jun 26 04:38:47 UTC 2019
auto.tcl: Setting watchdog for 200 seconds at Wed Jun 26 04:38:47 UTC 2019
13 ms. Memory: 157696K Free: 78434K (50%)
ptolemy.util.test.WatchDog.cancel(): canceling Wed Jun 26 04:38:47 UTC 2019
------------------ testing $PTII/ptolemy/domains/de/test/auto/AssemblyLine.xml
auto.tcl: Setting watchdog for 200 seconds at Wed Jun 26 04:38:47 UTC 2019
18 ms. Memory: 45056K Free: 23457K (52%)
ptolemy.util.test.WatchDog.cancel(): canceling Wed Jun 26 04:38:47 UTC 2019
auto.tcl: Setting watchdog for 200 seconds at Wed Jun 26 04:38:47 UTC 2019
19 ms. Memory: 45056K Free: 22623K (50%)
ptolemy.util.test.WatchDog.cancel(): canceling Wed Jun 26 04:38:47 UTC 2019
------------------ testing $PTII/ptolemy/domains/de/test/auto/CQBug1.xml
auto.tcl: Setting watchdog for 200 seconds at Wed Jun 26 04:38:47 UTC 2019
3 ms. Memory: 45056K Free: 29245K (65%)
ptolemy.util.test.WatchDog.cancel(): canceling Wed Jun 26 04:38:48 UTC 2019
auto.tcl: Setting watchdog for 200 seconds at Wed Jun 26 04:38:48 UTC 2019
2 ms. Memory: 45056K Free: 28871K (64%)
ptolemy.util.test.WatchDog.cancel(): canceling Wed Jun 26 04:38:48 UTC 2019
------------------ testing $PTII/ptolemy/domains/de/test/auto/CancelFireAt.xml
auto.tcl: Setting watchdog for 200 seconds at Wed Jun 26 04:38:48 UTC 2019
5 ms. Memory: 45056K Free: 30121K (67%)
ptolemy.util.test.WatchDog.cancel(): canceling Wed Jun 26 04:38:48 UTC 2019
auto.tcl: Setting watchdog for 200 seconds at Wed Jun 26 04:38:48 UTC 2019
2 ms. Memory: 45056K Free: 29572K (66%)
ptolemy.util.test.WatchDog.cancel(): canceling Wed Jun 26 04:38:48 UTC 2019
------------------ testing $PTII/ptolemy/domains/de/test/auto/CausalityAndComposabilityAnalysis.xml
auto.tcl: Setting watchdog for 200 seconds at Wed Jun 26 04:38:48 UTC 2019
10 ms. Memory: 45056K Free: 28152K (62%)
ptolemy.util.test.WatchDog.cancel(): canceling Wed Jun 26 04:38:48 UTC 2019
auto.tcl: Setting watchdog for 200 seconds at Wed Jun 26 04:38:48 UTC 2019
13 ms. Memory: 45056K Free: 27571K (61%)
ptolemy.util.test.WatchDog.cancel(): canceling Wed Jun 26 04:38:48 UTC 2019
------------------ testing $PTII/ptolemy/domains/de/test/auto/CausalityInterface1.xml
auto.tcl: Setting watchdog for 200 seconds at Wed Jun 26 04:38:48 UTC 2019
22 ms. Memory: 45056K Free: 26901K (60%)
ptolemy.util.test.WatchDog.cancel(): canceling Wed Jun 26 04:38:48 UTC 2019
auto.tcl: Setting watchdog for 200 seconds at Wed Jun 26 04:38:48 UTC 2019
8 ms. Memory: 45056K Free: 25959K (58%)
ptolemy.util.test.WatchDog.cancel(): canceling Wed Jun 26 04:38:48 UTC 2019
------------------ testing $PTII/ptolemy/domains/de/test/auto/CausalityInterface15.xml
auto.tcl: Setting watchdog for 200 seconds at Wed Jun 26 04:38:48 UTC 2019
15 ms. Memory: 45056K Free: 26684K (59%)
ptolemy.util.test.WatchDog.cancel(): canceling Wed Jun 26 04:38:48 UTC 2019
auto.tcl: Setting watchdog for 200 seconds at Wed Jun 26 04:38:48 UTC 2019
4 ms. Memory: 45056K Free: 25909K (58%)
ptolemy.util.test.WatchDog.cancel(): canceling Wed Jun 26 04:38:48 UTC 2019
------------------ testing $PTII/ptolemy/domains/de/test/auto/CausalityInterface2.xml
auto.tcl: Setting watchdog for 200 seconds at Wed Jun 26 04:38:48 UTC 2019
4 ms. Memory: 45056K Free: 27633K (61%)
ptolemy.util.test.WatchDog.cancel(): canceling Wed Jun 26 04:38:48 UTC 2019
auto.tcl: Setting watchdog for 200 seconds at Wed Jun 26 04:38:48 UTC 2019
4 ms. Memory: 45056K Free: 26889K (60%)
ptolemy.util.test.WatchDog.cancel(): canceling Wed Jun 26 04:38:48 UTC 2019
------------------ testing $PTII/ptolemy/domains/de/test/auto/CausalityInterface3.xml
auto.tcl: Setting watchdog for 200 seconds at Wed Jun 26 04:38:48 UTC 2019
5 ms. Memory: 45056K Free: 27190K (60%)
ptolemy.util.test.WatchDog.cancel(): canceling Wed Jun 26 04:38:48 UTC 2019
auto.tcl: Setting watchdog for 200 seconds at Wed Jun 26 04:38:48 UTC 2019
3 ms. Memory: 45056K Free: 26383K (59%)
ptolemy.util.test.WatchDog.cancel(): canceling Wed Jun 26 04:38:48 UTC 2019
------------------ testing $PTII/ptolemy/domains/de/test/auto/ClockDrift.xml
auto.tcl: Setting watchdog for 200 seconds at Wed Jun 26 04:38:48 UTC 2019
81 ms. Memory: 45056K Free: 19683K (44%)
ptolemy.util.test.WatchDog.cancel(): canceling Wed Jun 26 04:38:48 UTC 2019
auto.tcl: Setting watchdog for 200 seconds at Wed Jun 26 04:38:48 UTC 2019
75 ms. Memory: 45056K Free: 16422K (36%)
ptolemy.util.test.WatchDog.cancel(): canceling Wed Jun 26 04:38:48 UTC 2019
------------------ testing $PTII/ptolemy/domains/de/test/auto/ClockDriftAndValueChange.xml
auto.tcl: Setting watchdog for 200 seconds at Wed Jun 26 04:38:48 UTC 2019
44 ms. Memory: 45056K Free: 20177K (45%)
ptolemy.util.test.WatchDog.cancel(): canceling Wed Jun 26 04:38:49 UTC 2019
auto.tcl: Setting watchdog for 200 seconds at Wed Jun 26 04:38:49 UTC 2019
27 ms. Memory: 45056K Free: 16986K (38%)
ptolemy.util.test.WatchDog.cancel(): canceling Wed Jun 26 04:38:49 UTC 2019
------------------ testing $PTII/ptolemy/domains/de/test/auto/ClockDriftChange.xml
auto.tcl: Setting watchdog for 200 seconds at Wed Jun 26 04:38:49 UTC 2019
22 ms. Memory: 45056K Free: 21547K (48%)
ptolemy.util.test.WatchDog.cancel(): canceling Wed Jun 26 04:38:49 UTC 2019
auto.tcl: Setting watchdog for 200 seconds at Wed Jun 26 04:38:49 UTC 2019
28 ms. Memory: 45056K Free: 19028K (42%)
ptolemy.util.test.WatchDog.cancel(): canceling Wed Jun 26 04:38:49 UTC 2019
------------------ testing $PTII/ptolemy/domains/de/test/auto/ComposableCausalityAnalysis.xml
auto.tcl: Setting watchdog for 200 seconds at Wed Jun 26 04:38:49 UTC 2019
4 ms. Memory: 45056K Free: 26239K (58%)
ptolemy.util.test.WatchDog.cancel(): canceling Wed Jun 26 04:38:49 UTC 2019
auto.tcl: Setting watchdog for 200 seconds at Wed Jun 26 04:38:49 UTC 2019
3 ms. Memory: 45056K Free: 25212K (56%)
ptolemy.util.test.WatchDog.cancel(): canceling Wed Jun 26 04:38:49 UTC 2019
------------------ testing $PTII/ptolemy/domains/de/test/auto/DEFixedPointLimitation.xml
auto.tcl: Setting watchdog for 200 seconds at Wed Jun 26 04:38:49 UTC 2019
5 ms. Memory: 45056K Free: 27586K (61%)
ptolemy.util.test.WatchDog.cancel(): canceling Wed Jun 26 04:38:49 UTC 2019
auto.tcl: Setting watchdog for 200 seconds at Wed Jun 26 04:38:49 UTC 2019
2 ms. Memory: 45056K Free: 26853K (60%)
ptolemy.util.test.WatchDog.cancel(): canceling Wed Jun 26 04:38:49 UTC 2019
------------------ testing $PTII/ptolemy/domains/de/test/auto/DEScheduleTest.xml
auto.tcl: Setting watchdog for 200 seconds at Wed Jun 26 04:38:49 UTC 2019
8 ms. Memory: 45056K Free: 27963K (62%)
ptolemy.util.test.WatchDog.cancel(): canceling Wed Jun 26 04:38:49 UTC 2019
auto.tcl: Setting watchdog for 200 seconds at Wed Jun 26 04:38:49 UTC 2019
3 ms. Memory: 45056K Free: 27169K (60%)
ptolemy.util.test.WatchDog.cancel(): canceling Wed Jun 26 04:38:49 UTC 2019
------------------ testing $PTII/ptolemy/domains/de/test/auto/DEinDEwithStartTimes.xml
auto.tcl: Setting watchdog for 200 seconds at Wed Jun 26 04:38:49 UTC 2019
6 ms. Memory: 45056K Free: 26476K (59%)
ptolemy.util.test.WatchDog.cancel(): canceling Wed Jun 26 04:38:49 UTC 2019
auto.tcl: Setting watchdog for 200 seconds at Wed Jun 26 04:38:49 UTC 2019
5 ms. Memory: 45056K Free: 25072K (56%)
ptolemy.util.test.WatchDog.cancel(): canceling Wed Jun 26 04:38:49 UTC 2019
------------------ testing $PTII/ptolemy/domains/de/test/auto/DEinDEwithStartTimes2.xml
auto.tcl: Setting watchdog for 200 seconds at Wed Jun 26 04:38:49 UTC 2019
8 ms. Memory: 45056K Free: 25551K (57%)
ptolemy.util.test.WatchDog.cancel(): canceling Wed Jun 26 04:38:49 UTC 2019
auto.tcl: Setting watchdog for 200 seconds at Wed Jun 26 04:38:49 UTC 2019
5 ms. Memory: 45056K Free: 24208K (54%)
ptolemy.util.test.WatchDog.cancel(): canceling Wed Jun 26 04:38:49 UTC 2019
------------------ testing $PTII/ptolemy/domains/de/test/auto/DateDemo.xml
auto.tcl: Setting watchdog for 200 seconds at Wed Jun 26 04:38:49 UTC 2019
27 ms. Memory: 45056K Free: 20002K (44%)
ptolemy.util.test.WatchDog.cancel(): canceling Wed Jun 26 04:38:49 UTC 2019
auto.tcl: Setting watchdog for 200 seconds at Wed Jun 26 04:38:49 UTC 2019
9 ms. Memory: 45056K Free: 18321K (41%)
ptolemy.util.test.WatchDog.cancel(): canceling Wed Jun 26 04:38:49 UTC 2019
------------------ testing $PTII/ptolemy/domains/de/test/auto/DateToEvent.xml
auto.tcl: Setting watchdog for 200 seconds at Wed Jun 26 04:38:49 UTC 2019
2022 ms. Memory: 45056K Free: 30773K (68%)
ptolemy.util.test.WatchDog.cancel(): canceling Wed Jun 26 04:38:51 UTC 2019
auto.tcl: Setting watchdog for 200 seconds at Wed Jun 26 04:38:51 UTC 2019
2005 ms. Memory: 45056K Free: 30039K (67%)
ptolemy.util.test.WatchDog.cancel(): canceling Wed Jun 26 04:38:53 UTC 2019
------------------ testing $PTII/ptolemy/domains/de/test/auto/DepthTest1.xml
auto.tcl: Setting watchdog for 200 seconds at Wed Jun 26 04:38:54 UTC 2019
5 ms. Memory: 45056K Free: 28835K (64%)
ptolemy.util.test.WatchDog.cancel(): canceling Wed Jun 26 04:38:54 UTC 2019
auto.tcl: Setting watchdog for 200 seconds at Wed Jun 26 04:38:54 UTC 2019
1 ms. Memory: 45056K Free: 28403K (63%)
ptolemy.util.test.WatchDog.cancel(): canceling Wed Jun 26 04:38:54 UTC 2019
------------------ testing $PTII/ptolemy/domains/de/test/auto/DepthTest2.xml
auto.tcl: Setting watchdog for 200 seconds at Wed Jun 26 04:38:54 UTC 2019
10 ms. Memory: 45056K Free: 25689K (57%)
ptolemy.util.test.WatchDog.cancel(): canceling Wed Jun 26 04:38:54 UTC 2019
auto.tcl: Setting watchdog for 200 seconds at Wed Jun 26 04:38:54 UTC 2019
2 ms. Memory: 45056K Free: 25066K (56%)
ptolemy.util.test.WatchDog.cancel(): canceling Wed Jun 26 04:38:54 UTC 2019
------------------ testing $PTII/ptolemy/domains/de/test/auto/DepthTest3.xml
auto.tcl: Setting watchdog for 200 seconds at Wed Jun 26 04:38:54 UTC 2019
2 ms. Memory: 45056K Free: 29134K (65%)
ptolemy.util.test.WatchDog.cancel(): canceling Wed Jun 26 04:38:54 UTC 2019
auto.tcl: Setting watchdog for 200 seconds at Wed Jun 26 04:38:54 UTC 2019
3 ms. Memory: 45056K Free: 28711K (64%)
ptolemy.util.test.WatchDog.cancel(): canceling Wed Jun 26 04:38:54 UTC 2019
------------------ testing $PTII/ptolemy/domains/de/test/auto/DepthTest4.xml
auto.tcl: Setting watchdog for 200 seconds at Wed Jun 26 04:38:54 UTC 2019
4 ms. Memory: 45056K Free: 27427K (61%)
ptolemy.util.test.WatchDog.cancel(): canceling Wed Jun 26 04:38:54 UTC 2019
auto.tcl: Setting watchdog for 200 seconds at Wed Jun 26 04:38:54 UTC 2019
2 ms. Memory: 45056K Free: 26769K (59%)
ptolemy.util.test.WatchDog.cancel(): canceling Wed Jun 26 04:38:54 UTC 2019
------------------ testing $PTII/ptolemy/domains/de/test/auto/DepthTest5.xml
auto.tcl: Setting watchdog for 200 seconds at Wed Jun 26 04:38:54 UTC 2019
6 ms. Memory: 45056K Free: 26640K (59%)
ptolemy.util.test.WatchDog.cancel(): canceling Wed Jun 26 04:38:54 UTC 2019
auto.tcl: Setting watchdog for 200 seconds at Wed Jun 26 04:38:54 UTC 2019
3 ms. Memory: 45056K Free: 26026K (58%)
ptolemy.util.test.WatchDog.cancel(): canceling Wed Jun 26 04:38:54 UTC 2019
------------------ testing $PTII/ptolemy/domains/de/test/auto/DepthTest6.xml
auto.tcl: Setting watchdog for 200 seconds at Wed Jun 26 04:38:54 UTC 2019
3 ms. Memory: 45056K Free: 26591K (59%)
ptolemy.util.test.WatchDog.cancel(): canceling Wed Jun 26 04:38:54 UTC 2019
auto.tcl: Setting watchdog for 200 seconds at Wed Jun 26 04:38:54 UTC 2019
3 ms. Memory: 45056K Free: 26004K (58%)
ptolemy.util.test.WatchDog.cancel(): canceling Wed Jun 26 04:38:54 UTC 2019
------------------ testing $PTII/ptolemy/domains/de/test/auto/DepthTest7.xml
auto.tcl: Setting watchdog for 200 seconds at Wed Jun 26 04:38:54 UTC 2019
3 ms. Memory: 45056K Free: 27244K (60%)
ptolemy.util.test.WatchDog.cancel(): canceling Wed Jun 26 04:38:54 UTC 2019
auto.tcl: Setting watchdog for 200 seconds at Wed Jun 26 04:38:54 UTC 2019
2 ms. Memory: 45056K Free: 26358K (59%)
ptolemy.util.test.WatchDog.cancel(): canceling Wed Jun 26 04:38:54 UTC 2019
------------------ testing $PTII/ptolemy/domains/de/test/auto/EventToDate.xml
auto.tcl: Setting watchdog for 200 seconds at Wed Jun 26 04:38:54 UTC 2019
3009 ms. Memory: 45056K Free: 18100K (40%)
ptolemy.util.test.WatchDog.cancel(): canceling Wed Jun 26 04:38:57 UTC 2019
auto.tcl: Setting watchdog for 200 seconds at Wed Jun 26 04:38:57 UTC 2019
3004 ms. Memory: 45056K Free: 17512K (39%)
ptolemy.util.test.WatchDog.cancel(): canceling Wed Jun 26 04:39:00 UTC 2019
------------------ testing $PTII/ptolemy/domains/de/test/auto/FSM1.xml
auto.tcl: Setting watchdog for 200 seconds at Wed Jun 26 04:39:00 UTC 2019
22 ms. Memory: 45056K Free: 19368K (43%)
ptolemy.util.test.WatchDog.cancel(): canceling Wed Jun 26 04:39:00 UTC 2019
auto.tcl: Setting watchdog for 200 seconds at Wed Jun 26 04:39:00 UTC 2019
27 ms. Memory: 45056K Free: 16120K (36%)
ptolemy.util.test.WatchDog.cancel(): canceling Wed Jun 26 04:39:00 UTC 2019
------------------ testing $PTII/ptolemy/domains/de/test/auto/FSM7.xml
auto.tcl: Setting watchdog for 200 seconds at Wed Jun 26 04:39:00 UTC 2019
30 ms. Memory: 45056K Free: 19174K (43%)
ptolemy.util.test.WatchDog.cancel(): canceling Wed Jun 26 04:39:00 UTC 2019
auto.tcl: Setting watchdog for 200 seconds at Wed Jun 26 04:39:00 UTC 2019
35 ms. Memory: 45056K Free: 16037K (36%)
ptolemy.util.test.WatchDog.cancel(): canceling Wed Jun 26 04:39:00 UTC 2019
------------------ testing $PTII/ptolemy/domains/de/test/auto/Inspection.xml
auto.tcl: Setting watchdog for 200 seconds at Wed Jun 26 04:39:00 UTC 2019
33 ms. Memory: 45056K Free: 19167K (43%)
ptolemy.util.test.WatchDog.cancel(): canceling Wed Jun 26 04:39:01 UTC 2019
auto.tcl: Setting watchdog for 200 seconds at Wed Jun 26 04:39:01 UTC 2019
31 ms. Memory: 45056K Free: 17386K (39%)
ptolemy.util.test.WatchDog.cancel(): canceling Wed Jun 26 04:39:01 UTC 2019
------------------ testing $PTII/ptolemy/domains/de/test/auto/Iteration.xml
auto.tcl: Setting watchdog for 200 seconds at Wed Jun 26 04:39:01 UTC 2019
8 ms. Memory: 45056K Free: 24931K (55%)
ptolemy.util.test.WatchDog.cancel(): canceling Wed Jun 26 04:39:01 UTC 2019
auto.tcl: Setting watchdog for 200 seconds at Wed Jun 26 04:39:01 UTC 2019
8 ms. Memory: 45056K Free: 23461K (52%)
ptolemy.util.test.WatchDog.cancel(): canceling Wed Jun 26 04:39:01 UTC 2019
------------------ testing $PTII/ptolemy/domains/de/test/auto/LineFault.xml
auto.tcl: Setting watchdog for 200 seconds at Wed Jun 26 04:39:01 UTC 2019
802 ms. Memory: 54272K Free: 29167K (54%)
ptolemy.util.test.WatchDog.cancel(): canceling Wed Jun 26 04:39:02 UTC 2019
auto.tcl: Setting watchdog for 200 seconds at Wed Jun 26 04:39:02 UTC 2019
646 ms. Memory: 54272K Free: 22232K (41%)
ptolemy.util.test.WatchDog.cancel(): canceling Wed Jun 26 04:39:02 UTC 2019
------------------ testing $PTII/ptolemy/domains/de/test/auto/MergeModel1Add.xml
auto.tcl: Setting watchdog for 200 seconds at Wed Jun 26 04:39:02 UTC 2019
35 ms. Memory: 51200K Free: 17389K (34%)
ptolemy.util.test.WatchDog.cancel(): canceling Wed Jun 26 04:39:03 UTC 2019
auto.tcl: Setting watchdog for 200 seconds at Wed Jun 26 04:39:03 UTC 2019
14 ms. Memory: 51200K Free: 15745K (31%)
ptolemy.util.test.WatchDog.cancel(): canceling Wed Jun 26 04:39:03 UTC 2019
------------------ testing $PTII/ptolemy/domains/de/test/auto/MergeModel2Add.xml
auto.tcl: Setting watchdog for 200 seconds at Wed Jun 26 04:39:03 UTC 2019
9 ms. Memory: 48128K Free: 16175K (34%)
ptolemy.util.test.WatchDog.cancel(): canceling Wed Jun 26 04:39:03 UTC 2019
auto.tcl: Setting watchdog for 200 seconds at Wed Jun 26 04:39:03 UTC 2019
8 ms. Memory: 48128K Free: 14535K (30%)
ptolemy.util.test.WatchDog.cancel(): canceling Wed Jun 26 04:39:03 UTC 2019
------------------ testing $PTII/ptolemy/domains/de/test/auto/MergeModel3Add.xml
auto.tcl: Setting watchdog for 200 seconds at Wed Jun 26 04:39:03 UTC 2019
7 ms. Memory: 48128K Free: 15938K (33%)
ptolemy.util.test.WatchDog.cancel(): canceling Wed Jun 26 04:39:03 UTC 2019
auto.tcl: Setting watchdog for 200 seconds at Wed Jun 26 04:39:03 UTC 2019
7 ms. Memory: 48128K Free: 14545K (30%)
ptolemy.util.test.WatchDog.cancel(): canceling Wed Jun 26 04:39:03 UTC 2019
------------------ testing $PTII/ptolemy/domains/de/test/auto/MergeWithoutDiscard.xml
auto.tcl: Setting watchdog for 200 seconds at Wed Jun 26 04:39:03 UTC 2019
3 ms. Memory: 48128K Free: 30823K (64%)
ptolemy.util.test.WatchDog.cancel(): canceling Wed Jun 26 04:39:03 UTC 2019
auto.tcl: Setting watchdog for 200 seconds at Wed Jun 26 04:39:03 UTC 2019
1 ms. Memory: 48128K Free: 30330K (63%)
ptolemy.util.test.WatchDog.cancel(): canceling Wed Jun 26 04:39:03 UTC 2019
------------------ testing $PTII/ptolemy/domains/de/test/auto/Modal1.xml
auto.tcl: Setting watchdog for 200 seconds at Wed Jun 26 04:39:03 UTC 2019
13 ms. Memory: 48128K Free: 22883K (48%)
ptolemy.util.test.WatchDog.cancel(): canceling Wed Jun 26 04:39:03 UTC 2019
auto.tcl: Setting watchdog for 200 seconds at Wed Jun 26 04:39:03 UTC 2019
12 ms. Memory: 48128K Free: 19346K (40%)
ptolemy.util.test.WatchDog.cancel(): canceling Wed Jun 26 04:39:03 UTC 2019
------------------ testing $PTII/ptolemy/domains/de/test/auto/Modal2.xml
auto.tcl: Setting watchdog for 200 seconds at Wed Jun 26 04:39:03 UTC 2019
11 ms. Memory: 45056K Free: 19450K (43%)
ptolemy.util.test.WatchDog.cancel(): canceling Wed Jun 26 04:39:03 UTC 2019
auto.tcl: Setting watchdog for 200 seconds at Wed Jun 26 04:39:03 UTC 2019
12 ms. Memory: 45056K Free: 16190K (36%)
ptolemy.util.test.WatchDog.cancel(): canceling Wed Jun 26 04:39:03 UTC 2019
------------------ testing $PTII/ptolemy/domains/de/test/auto/Modal3.xml
auto.tcl: Setting watchdog for 200 seconds at Wed Jun 26 04:39:03 UTC 2019
12 ms. Memory: 45056K Free: 19179K (43%)
ptolemy.util.test.WatchDog.cancel(): canceling Wed Jun 26 04:39:03 UTC 2019
auto.tcl: Setting watchdog for 200 seconds at Wed Jun 26 04:39:03 UTC 2019
13 ms. Memory: 45056K Free: 16220K (36%)
ptolemy.util.test.WatchDog.cancel(): canceling Wed Jun 26 04:39:03 UTC 2019
------------------ testing $PTII/ptolemy/domains/de/test/auto/Modal4.xml
auto.tcl: Setting watchdog for 200 seconds at Wed Jun 26 04:39:03 UTC 2019
31 ms. Memory: 45056K Free: 18432K (41%)
ptolemy.util.test.WatchDog.cancel(): canceling Wed Jun 26 04:39:03 UTC 2019
auto.tcl: Setting watchdog for 200 seconds at Wed Jun 26 04:39:03 UTC 2019
26 ms. Memory: 45056K Free: 14564K (32%)
ptolemy.util.test.WatchDog.cancel(): canceling Wed Jun 26 04:39:03 UTC 2019
------------------ testing $PTII/ptolemy/domains/de/test/auto/Modal5.xml
auto.tcl: Setting watchdog for 200 seconds at Wed Jun 26 04:39:03 UTC 2019
15 ms. Memory: 45056K Free: 18410K (41%)
ptolemy.util.test.WatchDog.cancel(): canceling Wed Jun 26 04:39:03 UTC 2019
auto.tcl: Setting watchdog for 200 seconds at Wed Jun 26 04:39:03 UTC 2019
15 ms. Memory: 45056K Free: 14789K (33%)
ptolemy.util.test.WatchDog.cancel(): canceling Wed Jun 26 04:39:03 UTC 2019
------------------ testing $PTII/ptolemy/domains/de/test/auto/Modal6.xml
auto.tcl: Setting watchdog for 200 seconds at Wed Jun 26 04:39:04 UTC 2019
22 ms. Memory: 45056K Free: 19418K (43%)
ptolemy.util.test.WatchDog.cancel(): canceling Wed Jun 26 04:39:04 UTC 2019
auto.tcl: Setting watchdog for 200 seconds at Wed Jun 26 04:39:04 UTC 2019
19 ms. Memory: 45056K Free: 15574K (35%)
ptolemy.util.test.WatchDog.cancel(): canceling Wed Jun 26 04:39:04 UTC 2019
------------------ testing $PTII/ptolemy/domains/de/test/auto/Modal7.xml
auto.tcl: Setting watchdog for 200 seconds at Wed Jun 26 04:39:04 UTC 2019
19 ms. Memory: 45056K Free: 18185K (40%)
ptolemy.util.test.WatchDog.cancel(): canceling Wed Jun 26 04:39:04 UTC 2019
auto.tcl: Setting watchdog for 200 seconds at Wed Jun 26 04:39:04 UTC 2019
14 ms. Memory: 45056K Free: 14852K (33%)
ptolemy.util.test.WatchDog.cancel(): canceling Wed Jun 26 04:39:04 UTC 2019
------------------ testing $PTII/ptolemy/domains/de/test/auto/ModalModel.xml
auto.tcl: Setting watchdog for 200 seconds at Wed Jun 26 04:39:04 UTC 2019
251 ms. Memory: 56320K Free: 18801K (33%)
ptolemy.util.test.WatchDog.cancel(): canceling Wed Jun 26 04:39:04 UTC 2019
auto.tcl: Setting watchdog for 200 seconds at Wed Jun 26 04:39:04 UTC 2019
218 ms. Memory: 56320K Free: 15295K (27%)
ptolemy.util.test.WatchDog.cancel(): canceling Wed Jun 26 04:39:04 UTC 2019
------------------ testing $PTII/ptolemy/domains/de/test/auto/ModalSource.xml
auto.tcl: Setting watchdog for 200 seconds at Wed Jun 26 04:39:04 UTC 2019
11 ms. Memory: 48128K Free: 26295K (55%)
ptolemy.util.test.WatchDog.cancel(): canceling Wed Jun 26 04:39:04 UTC 2019
auto.tcl: Setting watchdog for 200 seconds at Wed Jun 26 04:39:04 UTC 2019
6 ms. Memory: 48128K Free: 24247K (50%)
ptolemy.util.test.WatchDog.cancel(): canceling Wed Jun 26 04:39:04 UTC 2019
------------------ testing $PTII/ptolemy/domains/de/test/auto/NonInterruptibleTimerZeroDelay.xml
auto.tcl: Setting watchdog for 200 seconds at Wed Jun 26 04:39:05 UTC 2019
4 ms. Memory: 48128K Free: 31537K (66%)
ptolemy.util.test.WatchDog.cancel(): canceling Wed Jun 26 04:39:05 UTC 2019
auto.tcl: Setting watchdog for 200 seconds at Wed Jun 26 04:39:05 UTC 2019
2 ms. Memory: 48128K Free: 30620K (64%)
ptolemy.util.test.WatchDog.cancel(): canceling Wed Jun 26 04:39:05 UTC 2019
------------------ testing $PTII/ptolemy/domains/de/test/auto/OpenQueueingNetwork.xml
auto.tcl: Setting watchdog for 200 seconds at Wed Jun 26 04:39:05 UTC 2019
2849 ms. Memory: 113664K Free: 81495K (72%)
ptolemy.util.test.WatchDog.cancel(): canceling Wed Jun 26 04:39:08 UTC 2019
auto.tcl: Setting watchdog for 200 seconds at Wed Jun 26 04:39:08 UTC 2019
2547 ms. Memory: 137216K Free: 51784K (38%)
ptolemy.util.test.WatchDog.cancel(): canceling Wed Jun 26 04:39:10 UTC 2019
------------------ testing $PTII/ptolemy/domains/de/test/auto/OpenQueuingNetwork.xml
auto.tcl: Setting watchdog for 200 seconds at Wed Jun 26 04:39:10 UTC 2019
248 ms. Memory: 51200K Free: 17859K (35%)
ptolemy.util.test.WatchDog.cancel(): canceling Wed Jun 26 04:39:11 UTC 2019
auto.tcl: Setting watchdog for 200 seconds at Wed Jun 26 04:39:11 UTC 2019
239 ms. Memory: 51200K Free: 23663K (46%)
ptolemy.util.test.WatchDog.cancel(): canceling Wed Jun 26 04:39:11 UTC 2019
------------------ testing $PTII/ptolemy/domains/de/test/auto/PeriodicSampler.xml
auto.tcl: Setting watchdog for 200 seconds at Wed Jun 26 04:39:11 UTC 2019
3 ms. Memory: 48128K Free: 30427K (63%)
ptolemy.util.test.WatchDog.cancel(): canceling Wed Jun 26 04:39:11 UTC 2019
auto.tcl: Setting watchdog for 200 seconds at Wed Jun 26 04:39:11 UTC 2019
2 ms. Memory: 48128K Free: 29524K (61%)
ptolemy.util.test.WatchDog.cancel(): canceling Wed Jun 26 04:39:11 UTC 2019
------------------ testing $PTII/ptolemy/domains/de/test/auto/PersistentIO.xml
auto.tcl: Setting watchdog for 200 seconds at Wed Jun 26 04:39:11 UTC 2019
16 ms. Memory: 45056K Free: 22263K (49%)
ptolemy.util.test.WatchDog.cancel(): canceling Wed Jun 26 04:39:11 UTC 2019
auto.tcl: Setting watchdog for 200 seconds at Wed Jun 26 04:39:11 UTC 2019
4 ms. Memory: 45056K Free: 20899K (46%)
ptolemy.util.test.WatchDog.cancel(): canceling Wed Jun 26 04:39:11 UTC 2019
------------------ testing $PTII/ptolemy/domains/de/test/auto/PortParameterResetOnInitialize.xml
auto.tcl: Setting watchdog for 200 seconds at Wed Jun 26 04:39:11 UTC 2019
3 ms. Memory: 45056K Free: 27298K (61%)
ptolemy.util.test.WatchDog.cancel(): canceling Wed Jun 26 04:39:11 UTC 2019
auto.tcl: Setting watchdog for 200 seconds at Wed Jun 26 04:39:11 UTC 2019
2 ms. Memory: 45056K Free: 26876K (60%)
ptolemy.util.test.WatchDog.cancel(): canceling Wed Jun 26 04:39:11 UTC 2019
------------------ testing $PTII/ptolemy/domains/de/test/auto/PortParameterUpdates.xml
auto.tcl: Setting watchdog for 200 seconds at Wed Jun 26 04:39:11 UTC 2019
5 ms. Memory: 45056K Free: 25382K (56%)
ptolemy.util.test.WatchDog.cancel(): canceling Wed Jun 26 04:39:11 UTC 2019
auto.tcl: Setting watchdog for 200 seconds at Wed Jun 26 04:39:11 UTC 2019
5 ms. Memory: 45056K Free: 23993K (53%)
ptolemy.util.test.WatchDog.cancel(): canceling Wed Jun 26 04:39:11 UTC 2019
------------------ testing $PTII/ptolemy/domains/de/test/auto/QueueAndServer.xml
auto.tcl: Setting watchdog for 200 seconds at Wed Jun 26 04:39:11 UTC 2019
6 ms. Memory: 45056K Free: 24301K (54%)
ptolemy.util.test.WatchDog.cancel(): canceling Wed Jun 26 04:39:11 UTC 2019
auto.tcl: Setting watchdog for 200 seconds at Wed Jun 26 04:39:11 UTC 2019
6 ms. Memory: 45056K Free: 22767K (51%)
ptolemy.util.test.WatchDog.cancel(): canceling Wed Jun 26 04:39:11 UTC 2019
------------------ testing $PTII/ptolemy/domains/de/test/auto/Records.xml
auto.tcl: Setting watchdog for 200 seconds at Wed Jun 26 04:39:11 UTC 2019
4 ms. Memory: 45056K Free: 26863K (60%)
ptolemy.util.test.WatchDog.cancel(): canceling Wed Jun 26 04:39:11 UTC 2019
auto.tcl: Setting watchdog for 200 seconds at Wed Jun 26 04:39:11 UTC 2019
2 ms. Memory: 45056K Free: 26370K (59%)
ptolemy.util.test.WatchDog.cancel(): canceling Wed Jun 26 04:39:11 UTC 2019
------------------ testing $PTII/ptolemy/domains/de/test/auto/ResetTransitionWithStartTime1.xml
auto.tcl: Setting watchdog for 200 seconds at Wed Jun 26 04:39:11 UTC 2019
24 ms. Memory: 45056K Free: 23763K (53%)
ptolemy.util.test.WatchDog.cancel(): canceling Wed Jun 26 04:39:11 UTC 2019
auto.tcl: Setting watchdog for 200 seconds at Wed Jun 26 04:39:11 UTC 2019
10 ms. Memory: 45056K Free: 21286K (47%)
ptolemy.util.test.WatchDog.cancel(): canceling Wed Jun 26 04:39:11 UTC 2019
------------------ testing $PTII/ptolemy/domains/de/test/auto/ResetTransitionWithStartTime2.xml
auto.tcl: Setting watchdog for 200 seconds at Wed Jun 26 04:39:11 UTC 2019
6 ms. Memory: 45056K Free: 23718K (53%)
ptolemy.util.test.WatchDog.cancel(): canceling Wed Jun 26 04:39:11 UTC 2019
auto.tcl: Setting watchdog for 200 seconds at Wed Jun 26 04:39:11 UTC 2019
7 ms. Memory: 45056K Free: 21233K (47%)
ptolemy.util.test.WatchDog.cancel(): canceling Wed Jun 26 04:39:11 UTC 2019
------------------ testing $PTII/ptolemy/domains/de/test/auto/ResetTransitionWithStartTime3.xml
auto.tcl: Setting watchdog for 200 seconds at Wed Jun 26 04:39:11 UTC 2019
6 ms. Memory: 45056K Free: 23924K (53%)
ptolemy.util.test.WatchDog.cancel(): canceling Wed Jun 26 04:39:11 UTC 2019
auto.tcl: Setting watchdog for 200 seconds at Wed Jun 26 04:39:11 UTC 2019
7 ms. Memory: 45056K Free: 21669K (48%)
ptolemy.util.test.WatchDog.cancel(): canceling Wed Jun 26 04:39:11 UTC 2019
------------------ testing $PTII/ptolemy/domains/de/test/auto/ResetTransitionWithStartTime4.xml
auto.tcl: Setting watchdog for 200 seconds at Wed Jun 26 04:39:12 UTC 2019
17 ms. Memory: 45056K Free: 24245K (54%)
ptolemy.util.test.WatchDog.cancel(): canceling Wed Jun 26 04:39:12 UTC 2019
auto.tcl: Setting watchdog for 200 seconds at Wed Jun 26 04:39:12 UTC 2019
4 ms. Memory: 45056K Free: 22841K (51%)
ptolemy.util.test.WatchDog.cancel(): canceling Wed Jun 26 04:39:12 UTC 2019
------------------ testing $PTII/ptolemy/domains/de/test/auto/ResettableTimer1.xml
auto.tcl: Setting watchdog for 200 seconds at Wed Jun 26 04:39:12 UTC 2019
3 ms. Memory: 45056K Free: 27514K (61%)
ptolemy.util.test.WatchDog.cancel(): canceling Wed Jun 26 04:39:12 UTC 2019
auto.tcl: Setting watchdog for 200 seconds at Wed Jun 26 04:39:12 UTC 2019
3 ms. Memory: 45056K Free: 27076K (60%)
ptolemy.util.test.WatchDog.cancel(): canceling Wed Jun 26 04:39:12 UTC 2019
------------------ testing $PTII/ptolemy/domains/de/test/auto/ResettableTimer2.xml
auto.tcl: Setting watchdog for 200 seconds at Wed Jun 26 04:39:12 UTC 2019
4 ms. Memory: 45056K Free: 28097K (62%)
ptolemy.util.test.WatchDog.cancel(): canceling Wed Jun 26 04:39:12 UTC 2019
auto.tcl: Setting watchdog for 200 seconds at Wed Jun 26 04:39:12 UTC 2019
2 ms. Memory: 45056K Free: 27023K (60%)
ptolemy.util.test.WatchDog.cancel(): canceling Wed Jun 26 04:39:12 UTC 2019
------------------ testing $PTII/ptolemy/domains/de/test/auto/ResettableTimer3.xml
auto.tcl: Setting watchdog for 200 seconds at Wed Jun 26 04:39:12 UTC 2019
2 ms. Memory: 45056K Free: 27934K (62%)
ptolemy.util.test.WatchDog.cancel(): canceling Wed Jun 26 04:39:12 UTC 2019
auto.tcl: Setting watchdog for 200 seconds at Wed Jun 26 04:39:12 UTC 2019
1 ms. Memory: 45056K Free: 27850K (62%)
ptolemy.util.test.WatchDog.cancel(): canceling Wed Jun 26 04:39:12 UTC 2019
------------------ testing $PTII/ptolemy/domains/de/test/auto/ResettableTimer4.xml
auto.tcl: Setting watchdog for 200 seconds at Wed Jun 26 04:39:12 UTC 2019
1 ms. Memory: 45056K Free: 27948K (62%)
ptolemy.util.test.WatchDog.cancel(): canceling Wed Jun 26 04:39:12 UTC 2019
auto.tcl: Setting watchdog for 200 seconds at Wed Jun 26 04:39:12 UTC 2019
1 ms. Memory: 45056K Free: 27863K (62%)
ptolemy.util.test.WatchDog.cancel(): canceling Wed Jun 26 04:39:12 UTC 2019
------------------ testing $PTII/ptolemy/domains/de/test/auto/ResettableTimer5.xml
auto.tcl: Setting watchdog for 200 seconds at Wed Jun 26 04:39:12 UTC 2019
2 ms. Memory: 45056K Free: 27916K (62%)
ptolemy.util.test.WatchDog.cancel(): canceling Wed Jun 26 04:39:12 UTC 2019
auto.tcl: Setting watchdog for 200 seconds at Wed Jun 26 04:39:12 UTC 2019
2 ms. Memory: 45056K Free: 27424K (61%)
ptolemy.util.test.WatchDog.cancel(): canceling Wed Jun 26 04:39:12 UTC 2019
------------------ testing $PTII/ptolemy/domains/de/test/auto/ResettableTimer6.xml
auto.tcl: Setting watchdog for 200 seconds at Wed Jun 26 04:39:12 UTC 2019
1 ms. Memory: 45056K Free: 27336K (61%)
ptolemy.util.test.WatchDog.cancel(): canceling Wed Jun 26 04:39:12 UTC 2019
auto.tcl: Setting watchdog for 200 seconds at Wed Jun 26 04:39:12 UTC 2019
2 ms. Memory: 45056K Free: 26828K (60%)
ptolemy.util.test.WatchDog.cancel(): canceling Wed Jun 26 04:39:12 UTC 2019
------------------ testing $PTII/ptolemy/domains/de/test/auto/ServerZeroDelay.xml
auto.tcl: Setting watchdog for 200 seconds at Wed Jun 26 04:39:12 UTC 2019
6 ms. Memory: 45056K Free: 28043K (62%)
ptolemy.util.test.WatchDog.cancel(): canceling Wed Jun 26 04:39:12 UTC 2019
auto.tcl: Setting watchdog for 200 seconds at Wed Jun 26 04:39:12 UTC 2019
4 ms. Memory: 45056K Free: 26959K (60%)
ptolemy.util.test.WatchDog.cancel(): canceling Wed Jun 26 04:39:12 UTC 2019
------------------ testing $PTII/ptolemy/domains/de/test/auto/SmartSender.xml
auto.tcl: Setting watchdog for 200 seconds at Wed Jun 26 04:39:12 UTC 2019
3001 ms. Memory: 45056K Free: 27925K (62%)
ptolemy.util.test.WatchDog.cancel(): canceling Wed Jun 26 04:39:15 UTC 2019
auto.tcl: Setting watchdog for 200 seconds at Wed Jun 26 04:39:15 UTC 2019
3001 ms. Memory: 45056K Free: 27383K (61%)
ptolemy.util.test.WatchDog.cancel(): canceling Wed Jun 26 04:39:18 UTC 2019
------------------ testing $PTII/ptolemy/domains/de/test/auto/ThreadedComposite.xml
auto.tcl: Setting watchdog for 200 seconds at Wed Jun 26 04:39:18 UTC 2019
203 ms. Memory: 45056K Free: 8926K (20%)
ptolemy.util.test.WatchDog.cancel(): canceling Wed Jun 26 04:39:18 UTC 2019
auto.tcl: Setting watchdog for 200 seconds at Wed Jun 26 04:39:18 UTC 2019
128 ms. Memory: 45056K Free: 19978K (44%)
ptolemy.util.test.WatchDog.cancel(): canceling Wed Jun 26 04:39:19 UTC 2019
------------------ testing $PTII/ptolemy/domains/de/test/auto/Time.xml
auto.tcl: Setting watchdog for 200 seconds at Wed Jun 26 04:39:19 UTC 2019
511 ms. Memory: 45056K Free: 22960K (51%)
ptolemy.util.test.WatchDog.cancel(): canceling Wed Jun 26 04:39:19 UTC 2019
auto.tcl: Setting watchdog for 200 seconds at Wed Jun 26 04:39:19 UTC 2019
513 ms. Memory: 45056K Free: 17249K (38%)
ptolemy.util.test.WatchDog.cancel(): canceling Wed Jun 26 04:39:20 UTC 2019
------------------ testing $PTII/ptolemy/domains/de/test/auto/TimeDelayZeroDelay.xml
auto.tcl: Setting watchdog for 200 seconds at Wed Jun 26 04:39:20 UTC 2019
4 ms. Memory: 45056K Free: 28285K (63%)
ptolemy.util.test.WatchDog.cancel(): canceling Wed Jun 26 04:39:20 UTC 2019
auto.tcl: Setting watchdog for 200 seconds at Wed Jun 26 04:39:20 UTC 2019
2 ms. Memory: 45056K Free: 27768K (62%)
ptolemy.util.test.WatchDog.cancel(): canceling Wed Jun 26 04:39:20 UTC 2019
------------------ testing $PTII/ptolemy/domains/de/test/auto/TimerZeroDelay.xml
auto.tcl: Setting watchdog for 200 seconds at Wed Jun 26 04:39:20 UTC 2019
5 ms. Memory: 45056K Free: 28307K (63%)
ptolemy.util.test.WatchDog.cancel(): canceling Wed Jun 26 04:39:20 UTC 2019
auto.tcl: Setting watchdog for 200 seconds at Wed Jun 26 04:39:20 UTC 2019
2 ms. Memory: 45056K Free: 27811K (62%)
ptolemy.util.test.WatchDog.cancel(): canceling Wed Jun 26 04:39:20 UTC 2019
------------------ testing $PTII/ptolemy/domains/de/test/auto/TimingParadox.xml
auto.tcl: Setting watchdog for 200 seconds at Wed Jun 26 04:39:20 UTC 2019
422 ms. Memory: 54272K Free: 15466K (28%)
ptolemy.util.test.WatchDog.cancel(): canceling Wed Jun 26 04:39:20 UTC 2019
auto.tcl: Setting watchdog for 200 seconds at Wed Jun 26 04:39:20 UTC 2019
412 ms. Memory: 54272K Free: 38455K (71%)
ptolemy.util.test.WatchDog.cancel(): canceling Wed Jun 26 04:39:21 UTC 2019
------------------ testing $PTII/ptolemy/domains/de/test/auto/TransferInputs.xml
auto.tcl: Setting watchdog for 200 seconds at Wed Jun 26 04:39:21 UTC 2019
2 ms. Memory: 51200K Free: 32407K (63%)
ptolemy.util.test.WatchDog.cancel(): canceling Wed Jun 26 04:39:21 UTC 2019
auto.tcl: Setting watchdog for 200 seconds at Wed Jun 26 04:39:21 UTC 2019
2 ms. Memory: 51200K Free: 31535K (62%)
ptolemy.util.test.WatchDog.cancel(): canceling Wed Jun 26 04:39:21 UTC 2019
------------------ testing $PTII/ptolemy/domains/de/test/auto/TransferOutputs2.xml
auto.tcl: Setting watchdog for 200 seconds at Wed Jun 26 04:39:21 UTC 2019
3 ms. Memory: 48128K Free: 26794K (56%)
ptolemy.util.test.WatchDog.cancel(): canceling Wed Jun 26 04:39:21 UTC 2019
auto.tcl: Setting watchdog for 200 seconds at Wed Jun 26 04:39:21 UTC 2019
4 ms. Memory: 48128K Free: 25406K (53%)
ptolemy.util.test.WatchDog.cancel(): canceling Wed Jun 26 04:39:21 UTC 2019
------------------ testing $PTII/ptolemy/domains/de/test/auto/Trilateration.xml
auto.tcl: Setting watchdog for 200 seconds at Wed Jun 26 04:39:21 UTC 2019
16458 ms. Memory: 590848K Free: 400423K (68%)
ptolemy.util.test.WatchDog.cancel(): canceling Wed Jun 26 04:39:39 UTC 2019
auto.tcl: Setting watchdog for 200 seconds at Wed Jun 26 04:39:39 UTC 2019
11601 ms. Memory: 590848K Free: 226660K (38%)
ptolemy.util.test.WatchDog.cancel(): canceling Wed Jun 26 04:39:50 UTC 2019
------------------ testing $PTII/ptolemy/domains/de/test/auto/TwoSigmaDelta.xml
auto.tcl: Setting watchdog for 200 seconds at Wed Jun 26 04:39:50 UTC 2019
2774 ms. Memory: 86016K Free: 56177K (65%)
ptolemy.util.test.WatchDog.cancel(): canceling Wed Jun 26 04:39:53 UTC 2019
auto.tcl: Setting watchdog for 200 seconds at Wed Jun 26 04:39:53 UTC 2019
2029 ms. Memory: 103424K Free: 22894K (22%)
ptolemy.util.test.WatchDog.cancel(): canceling Wed Jun 26 04:39:55 UTC 2019
------------------ testing $PTII/ptolemy/domains/de/test/auto/VariableDelay.xml
auto.tcl: Setting watchdog for 200 seconds at Wed Jun 26 04:39:55 UTC 2019
3 ms. Memory: 48128K Free: 29826K (62%)
ptolemy.util.test.WatchDog.cancel(): canceling Wed Jun 26 04:39:55 UTC 2019
auto.tcl: Setting watchdog for 200 seconds at Wed Jun 26 04:39:55 UTC 2019
2 ms. Memory: 48128K Free: 29346K (61%)
ptolemy.util.test.WatchDog.cancel(): canceling Wed Jun 26 04:39:55 UTC 2019
------------------ testing $PTII/ptolemy/domains/de/test/auto/VariableDelay2.xml
auto.tcl: Setting watchdog for 200 seconds at Wed Jun 26 04:39:55 UTC 2019
7 ms. Memory: 48128K Free: 30460K (63%)
ptolemy.util.test.WatchDog.cancel(): canceling Wed Jun 26 04:39:55 UTC 2019
auto.tcl: Setting watchdog for 200 seconds at Wed Jun 26 04:39:55 UTC 2019
2 ms. Memory: 48128K Free: 29922K (62%)
ptolemy.util.test.WatchDog.cancel(): canceling Wed Jun 26 04:39:55 UTC 2019
------------------ testing $PTII/ptolemy/domains/de/test/auto/VariableDelayZeroDelay.xml
auto.tcl: Setting watchdog for 200 seconds at Wed Jun 26 04:39:55 UTC 2019
2 ms. Memory: 48128K Free: 30768K (64%)
ptolemy.util.test.WatchDog.cancel(): canceling Wed Jun 26 04:39:56 UTC 2019
auto.tcl: Setting watchdog for 200 seconds at Wed Jun 26 04:39:56 UTC 2019
3 ms. Memory: 48128K Free: 30254K (63%)
ptolemy.util.test.WatchDog.cancel(): canceling Wed Jun 26 04:39:56 UTC 2019
------------------ testing $PTII/ptolemy/domains/de/test/auto/VariableDelayZeroDelay2.xml
auto.tcl: Setting watchdog for 200 seconds at Wed Jun 26 04:39:56 UTC 2019
2 ms. Memory: 48128K Free: 30887K (64%)
ptolemy.util.test.WatchDog.cancel(): canceling Wed Jun 26 04:39:56 UTC 2019
auto.tcl: Setting watchdog for 200 seconds at Wed Jun 26 04:39:56 UTC 2019
2 ms. Memory: 48128K Free: 29743K (62%)
ptolemy.util.test.WatchDog.cancel(): canceling Wed Jun 26 04:39:56 UTC 2019
------------------ testing $PTII/ptolemy/domains/de/test/auto/deInCt.xml
auto.tcl: Setting watchdog for 200 seconds at Wed Jun 26 04:39:56 UTC 2019
0
1
1
1
0
0
0
1
1
0
0
0
1
1
1
0
0
0
0
1
1
1
0
0
0
0
0
1
1
1
1
1
0
0
0
1
1
1
1
10 ms. Memory: 48128K Free: 29741K (62%)
ptolemy.util.test.WatchDog.cancel(): canceling Wed Jun 26 04:39:56 UTC 2019
auto.tcl: Setting watchdog for 200 seconds at Wed Jun 26 04:39:56 UTC 2019
0
1
1
1
0
0
0
0
0
1
1
1
1
0
0
0
0
1
1
1
1
1
1
0
0
0
4 ms. Memory: 48128K Free: 28208K (59%)
ptolemy.util.test.WatchDog.cancel(): canceling Wed Jun 26 04:39:56 UTC 2019
------------------ testing $PTII/ptolemy/domains/de/test/auto/deInCt2.xml
auto.tcl: Setting watchdog for 200 seconds at Wed Jun 26 04:39:56 UTC 2019
0
1
1
1
0
0
1
1
1
0
0
1
1
1
0
0
1
1
1
0
0
1
1
1
0
0
1
1
1
0
0
1
1
1
0
0
1
1
1
0
0
0
9 ms. Memory: 48128K Free: 29743K (62%)
ptolemy.util.test.WatchDog.cancel(): canceling Wed Jun 26 04:39:56 UTC 2019
auto.tcl: Setting watchdog for 200 seconds at Wed Jun 26 04:39:56 UTC 2019
0
1
1
1
0
0
1
1
1
0
0
1
1
1
0
0
1
1
1
0
0
1
1
1
0
0
1
1
1
0
0
1
1
1
0
0
1
1
1
0
0
0
6 ms. Memory: 48128K Free: 28210K (59%)
ptolemy.util.test.WatchDog.cancel(): canceling Wed Jun 26 04:39:56 UTC 2019
------------------ testing $PTII/ptolemy/domains/de/test/auto/dynamicCausalityInterface1.xml
auto.tcl: Setting watchdog for 200 seconds at Wed Jun 26 04:39:56 UTC 2019
2 ms. Memory: 48128K Free: 25641K (53%)
ptolemy.util.test.WatchDog.cancel(): canceling Wed Jun 26 04:39:56 UTC 2019
auto.tcl: Setting watchdog for 200 seconds at Wed Jun 26 04:39:56 UTC 2019
1 ms. Memory: 48128K Free: 25133K (52%)
ptolemy.util.test.WatchDog.cancel(): canceling Wed Jun 26 04:39:56 UTC 2019
------------------ testing $PTII/ptolemy/domains/de/test/auto/fsm_de_test.xml
auto.tcl: Setting watchdog for 200 seconds at Wed Jun 26 04:39:56 UTC 2019
7 ms. Memory: 48128K Free: 25540K (53%)
ptolemy.util.test.WatchDog.cancel(): canceling Wed Jun 26 04:39:56 UTC 2019
auto.tcl: Setting watchdog for 200 seconds at Wed Jun 26 04:39:56 UTC 2019
11 ms. Memory: 48128K Free: 23492K (49%)
ptolemy.util.test.WatchDog.cancel(): canceling Wed Jun 26 04:39:56 UTC 2019
------------------ testing $PTII/ptolemy/domains/de/test/auto/functionDependencyReconstruction.xml
auto.tcl: Setting watchdog for 200 seconds at Wed Jun 26 04:39:56 UTC 2019
3 ms. Memory: 48128K Free: 19385K (40%)
ptolemy.util.test.WatchDog.cancel(): canceling Wed Jun 26 04:39:56 UTC 2019
auto.tcl: Setting watchdog for 200 seconds at Wed Jun 26 04:39:56 UTC 2019
2 ms. Memory: 48128K Free: 17337K (36%)
ptolemy.util.test.WatchDog.cancel(): canceling Wed Jun 26 04:39:56 UTC 2019
------------------ testing $PTII/ptolemy/domains/de/test/auto/multirate.xml
auto.tcl: Setting watchdog for 200 seconds at Wed Jun 26 04:39:56 UTC 2019
4 ms. Memory: 48128K Free: 27963K (58%)
ptolemy.util.test.WatchDog.cancel(): canceling Wed Jun 26 04:39:56 UTC 2019
auto.tcl: Setting watchdog for 200 seconds at Wed Jun 26 04:39:56 UTC 2019
3 ms. Memory: 48128K Free: 26457K (55%)
ptolemy.util.test.WatchDog.cancel(): canceling Wed Jun 26 04:39:56 UTC 2019
------------------ testing $PTII/ptolemy/domains/de/test/auto/multirate2.xml
auto.tcl: Setting watchdog for 200 seconds at Wed Jun 26 04:39:56 UTC 2019
5 ms. Memory: 48128K Free: 28136K (58%)
ptolemy.util.test.WatchDog.cancel(): canceling Wed Jun 26 04:39:56 UTC 2019
auto.tcl: Setting watchdog for 200 seconds at Wed Jun 26 04:39:56 UTC 2019
7 ms. Memory: 48128K Free: 26616K (55%)
ptolemy.util.test.WatchDog.cancel(): canceling Wed Jun 26 04:39:56 UTC 2019
------------------ testing $PTII/ptolemy/domains/de/test/auto/realtime.xml
auto.tcl: Setting watchdog for 200 seconds at Wed Jun 26 04:39:56 UTC 2019
10001 ms. Memory: 48128K Free: 30197K (63%)
ptolemy.util.test.WatchDog.cancel(): canceling Wed Jun 26 04:40:06 UTC 2019
auto.tcl: Setting watchdog for 200 seconds at Wed Jun 26 04:40:06 UTC 2019
10002 ms. Memory: 48128K Free: 29185K (61%)
ptolemy.util.test.WatchDog.cancel(): canceling Wed Jun 26 04:40:16 UTC 2019
------------------ testing $PTII/ptolemy/domains/de/test/auto/relationGroup.xml
auto.tcl: Setting watchdog for 200 seconds at Wed Jun 26 04:40:16 UTC 2019
2 ms. Memory: 48128K Free: 31483K (65%)
ptolemy.util.test.WatchDog.cancel(): canceling Wed Jun 26 04:40:16 UTC 2019
auto.tcl: Setting watchdog for 200 seconds at Wed Jun 26 04:40:16 UTC 2019
2 ms. Memory: 48128K Free: 30983K (64%)
ptolemy.util.test.WatchDog.cancel(): canceling Wed Jun 26 04:40:16 UTC 2019
------------------ testing $PTII/ptolemy/domains/de/test/auto/relationGroup2.xml
auto.tcl: Setting watchdog for 200 seconds at Wed Jun 26 04:40:16 UTC 2019
1 ms. Memory: 48128K Free: 31274K (65%)
ptolemy.util.test.WatchDog.cancel(): canceling Wed Jun 26 04:40:16 UTC 2019
auto.tcl: Setting watchdog for 200 seconds at Wed Jun 26 04:40:16 UTC 2019
2 ms. Memory: 48128K Free: 30262K (63%)
ptolemy.util.test.WatchDog.cancel(): canceling Wed Jun 26 04:40:16 UTC 2019
------------------ testing $PTII/ptolemy/domains/de/test/auto/sortWithOpaquePorts.xml
auto.tcl: Setting watchdog for 200 seconds at Wed Jun 26 04:40:16 UTC 2019
2 ms. Memory: 45056K Free: 27195K (60%)
ptolemy.util.test.WatchDog.cancel(): canceling Wed Jun 26 04:40:16 UTC 2019
auto.tcl: Setting watchdog for 200 seconds at Wed Jun 26 04:40:16 UTC 2019
2 ms. Memory: 45056K Free: 26204K (58%)
ptolemy.util.test.WatchDog.cancel(): canceling Wed Jun 26 04:40:16 UTC 2019
------------------ testing $PTII/ptolemy/domains/de/test/auto/transferInputsandOutputs.xml
auto.tcl: Setting watchdog for 200 seconds at Wed Jun 26 04:40:17 UTC 2019
3 ms. Memory: 45056K Free: 24638K (55%)
ptolemy.util.test.WatchDog.cancel(): canceling Wed Jun 26 04:40:17 UTC 2019
auto.tcl: Setting watchdog for 200 seconds at Wed Jun 26 04:40:17 UTC 2019
3 ms. Memory: 45056K Free: 23694K (53%)
ptolemy.util.test.WatchDog.cancel(): canceling Wed Jun 26 04:40:17 UTC 2019
------------------ testing $PTII/ptolemy/domains/de/test/auto/triggerType.xml
auto.tcl: Setting watchdog for 200 seconds at Wed Jun 26 04:40:17 UTC 2019
1 ms. Memory: 45056K Free: 27686K (61%)
ptolemy.util.test.WatchDog.cancel(): canceling Wed Jun 26 04:40:17 UTC 2019
auto.tcl: Setting watchdog for 200 seconds at Wed Jun 26 04:40:17 UTC 2019
1 ms. Memory: 45056K Free: 26743K (59%)
ptolemy.util.test.WatchDog.cancel(): canceling Wed Jun 26 04:40:17 UTC 2019
06/26/19 04:40:17
Failed: 0  Total Tests: 192  ((Passed: 187, Newly Passed: 1)  Known Failed: 5) /home/travis/build/icyphy/ptII/ptolemy/domains/de/test
06/26/19 04:40:17
Failed: 0  Total Tests: 192  ((Passed: 187, Newly Passed: 1)  Known Failed: 5) /home/travis/build/icyphy/ptII/ptolemy/domains/de/test
----------------- testing (KnownFailure) /home/travis/build/icyphy/ptII/ptolemy/domains/de/test/auto/knownFailedTests/DESDFClockTest.xml
2015 ms. Memory: 45056K Free: 21078K (47%)
Known Failure: java.lang.reflect.InvocationTargetException
----------------- testing (KnownFailure) /home/travis/build/icyphy/ptII/ptolemy/domains/de/test/auto/knownFailedTests/DirectFeedback.xml
1 ms. Memory: 45056K Free: 17501K (39%)
Known Failure: java.lang.reflect.InvocationTargetException
----------------- testing (KnownFailure) /home/travis/build/icyphy/ptII/ptolemy/domains/de/test/auto/knownFailedTests/FSMSource.xml
10 ms. Memory: 45056K Free: 10309K (23%)
----------------- testing (KnownFailure) /home/travis/build/icyphy/ptII/ptolemy/domains/de/test/auto/knownFailedTests/HierarchicalModel.xml
3 ms. Memory: 45056K Free: 18540K (41%)
Known Failure: java.lang.reflect.InvocationTargetException
----------------- testing (KnownFailure) /home/travis/build/icyphy/ptII/ptolemy/domains/de/test/auto/knownFailedTests/dependencyLoop.xml
2 ms. Memory: 45056K Free: 27424K (61%)
Known Failure: java.lang.reflect.InvocationTargetException
----------------- testing (KnownFailure) /home/travis/build/icyphy/ptII/ptolemy/domains/de/test/auto/knownFailedTests/dependencyLoop2.xml
4 ms. Memory: 45056K Free: 12366K (27%)
Known Failure: java.lang.reflect.InvocationTargetException
No auto/linux-amd64/*.xml tests in /home/travis/build/icyphy/ptII/ptolemy/domains/de/test
AutoTests.java: About to close Vertx.
AutoTests.java: Vertx closed.

===========================================================================================
----------------- testing Wed Jun 26 04:40:19 UTC 2019 /home/travis/build/icyphy/ptII/ptolemy/domains/de/test/auto/ActorDepthCalculation_actorWithoutPorts.xml
----------------- Instantiating /home/travis/build/icyphy/ptII/ptolemy/domains/de/test/auto/ActorDepthCalculation_actorWithoutPorts.xml
1 ms. Memory: 45056K Free: 29925K (66%)
----------------- Invoking toplevel() on ptolemy.moml.MoMLSimpleApplication@36d4c57f
----------------- Done invoking toplevel() on ptolemy.moml.MoMLSimpleApplication@36d4c57f
reloadAllAccessors: .ActorDepthCalculation_actorWithoutPorts

===========================================================================================
----------------- testing Wed Jun 26 04:40:19 UTC 2019 /home/travis/build/icyphy/ptII/ptolemy/domains/de/test/auto/AssemblyLine.xml
----------------- Instantiating /home/travis/build/icyphy/ptII/ptolemy/domains/de/test/auto/AssemblyLine.xml
4 ms. Memory: 45056K Free: 22575K (50%)
----------------- Invoking toplevel() on ptolemy.moml.MoMLSimpleApplication@36ceec6e
----------------- Done invoking toplevel() on ptolemy.moml.MoMLSimpleApplication@36ceec6e
reloadAllAccessors: .AssemblyLine

===========================================================================================
----------------- testing Wed Jun 26 04:40:19 UTC 2019 /home/travis/build/icyphy/ptII/ptolemy/domains/de/test/auto/CQBug1.xml
----------------- Instantiating /home/travis/build/icyphy/ptII/ptolemy/domains/de/test/auto/CQBug1.xml
1 ms. Memory: 45056K Free: 19700K (44%)
----------------- Invoking toplevel() on ptolemy.moml.MoMLSimpleApplication@59c2f0d0
----------------- Done invoking toplevel() on ptolemy.moml.MoMLSimpleApplication@59c2f0d0
reloadAllAccessors: .CQBug1

===========================================================================================
----------------- testing Wed Jun 26 04:40:19 UTC 2019 /home/travis/build/icyphy/ptII/ptolemy/domains/de/test/auto/CancelFireAt.xml
----------------- Instantiating /home/travis/build/icyphy/ptII/ptolemy/domains/de/test/auto/CancelFireAt.xml
13 ms. Memory: 45056K Free: 17165K (38%)
----------------- Invoking toplevel() on ptolemy.moml.MoMLSimpleApplication@45641759
----------------- Done invoking toplevel() on ptolemy.moml.MoMLSimpleApplication@45641759
reloadAllAccessors: .CancelFireAt

===========================================================================================
----------------- testing Wed Jun 26 04:40:19 UTC 2019 /home/travis/build/icyphy/ptII/ptolemy/domains/de/test/auto/CausalityAndComposabilityAnalysis.xml
----------------- Instantiating /home/travis/build/icyphy/ptII/ptolemy/domains/de/test/auto/CausalityAndComposabilityAnalysis.xml
2 ms. Memory: 45056K Free: 12792K (28%)
----------------- Invoking toplevel() on ptolemy.moml.MoMLSimpleApplication@2285cf00
----------------- Done invoking toplevel() on ptolemy.moml.MoMLSimpleApplication@2285cf00
reloadAllAccessors: .CausalityAndComposabilityAnalysis

===========================================================================================
----------------- testing Wed Jun 26 04:40:19 UTC 2019 /home/travis/build/icyphy/ptII/ptolemy/domains/de/test/auto/CausalityInterface1.xml
----------------- Instantiating /home/travis/build/icyphy/ptII/ptolemy/domains/de/test/auto/CausalityInterface1.xml
6 ms. Memory: 45056K Free: 7924K (18%)
----------------- Invoking toplevel() on ptolemy.moml.MoMLSimpleApplication@2184462c
----------------- Done invoking toplevel() on ptolemy.moml.MoMLSimpleApplication@2184462c
reloadAllAccessors: .CausalityInterface1

===========================================================================================
----------------- testing Wed Jun 26 04:40:19 UTC 2019 /home/travis/build/icyphy/ptII/ptolemy/domains/de/test/auto/CausalityInterface15.xml
----------------- Instantiating /home/travis/build/icyphy/ptII/ptolemy/domains/de/test/auto/CausalityInterface15.xml
2 ms. Memory: 45056K Free: 26323K (58%)
----------------- Invoking toplevel() on ptolemy.moml.MoMLSimpleApplication@492990d
----------------- Done invoking toplevel() on ptolemy.moml.MoMLSimpleApplication@492990d
reloadAllAccessors: .CausalityInterface15

===========================================================================================
----------------- testing Wed Jun 26 04:40:19 UTC 2019 /home/travis/build/icyphy/ptII/ptolemy/domains/de/test/auto/CausalityInterface2.xml
----------------- Instantiating /home/travis/build/icyphy/ptII/ptolemy/domains/de/test/auto/CausalityInterface2.xml
1 ms. Memory: 45056K Free: 21777K (48%)
----------------- Invoking toplevel() on ptolemy.moml.MoMLSimpleApplication@2782bbb7
----------------- Done invoking toplevel() on ptolemy.moml.MoMLSimpleApplication@2782bbb7
reloadAllAccessors: .CausalityInterface2

===========================================================================================
----------------- testing Wed Jun 26 04:40:19 UTC 2019 /home/travis/build/icyphy/ptII/ptolemy/domains/de/test/auto/CausalityInterface3.xml
----------------- Instantiating /home/travis/build/icyphy/ptII/ptolemy/domains/de/test/auto/CausalityInterface3.xml
1 ms. Memory: 45056K Free: 16815K (37%)
----------------- Invoking toplevel() on ptolemy.moml.MoMLSimpleApplication@aa7c7ea
----------------- Done invoking toplevel() on ptolemy.moml.MoMLSimpleApplication@aa7c7ea
reloadAllAccessors: .CausalityInterface3

===========================================================================================
----------------- testing Wed Jun 26 04:40:19 UTC 2019 /home/travis/build/icyphy/ptII/ptolemy/domains/de/test/auto/ClockDrift.xml
----------------- Instantiating /home/travis/build/icyphy/ptII/ptolemy/domains/de/test/auto/ClockDrift.xml
19 ms. Memory: 45056K Free: 28270K (63%)
----------------- Invoking toplevel() on ptolemy.moml.MoMLSimpleApplication@6ecc637d
----------------- Done invoking toplevel() on ptolemy.moml.MoMLSimpleApplication@6ecc637d
reloadAllAccessors: .ClockDrift

===========================================================================================
----------------- testing Wed Jun 26 04:40:19 UTC 2019 /home/travis/build/icyphy/ptII/ptolemy/domains/de/test/auto/ClockDriftAndValueChange.xml
----------------- Instantiating /home/travis/build/icyphy/ptII/ptolemy/domains/de/test/auto/ClockDriftAndValueChange.xml
11 ms. Memory: 45056K Free: 16779K (37%)
----------------- Invoking toplevel() on ptolemy.moml.MoMLSimpleApplication@30b1cb4a
----------------- Done invoking toplevel() on ptolemy.moml.MoMLSimpleApplication@30b1cb4a
reloadAllAccessors: .ClockDriftAndValueChange

===========================================================================================
----------------- testing Wed Jun 26 04:40:19 UTC 2019 /home/travis/build/icyphy/ptII/ptolemy/domains/de/test/auto/ClockDriftChange.xml
----------------- Instantiating /home/travis/build/icyphy/ptII/ptolemy/domains/de/test/auto/ClockDriftChange.xml
15 ms. Memory: 45056K Free: 29849K (66%)
----------------- Invoking toplevel() on ptolemy.moml.MoMLSimpleApplication@1a162132
----------------- Done invoking toplevel() on ptolemy.moml.MoMLSimpleApplication@1a162132
reloadAllAccessors: .ClockDriftChange

===========================================================================================
----------------- testing Wed Jun 26 04:40:19 UTC 2019 /home/travis/build/icyphy/ptII/ptolemy/domains/de/test/auto/ComposableCausalityAnalysis.xml
----------------- Instantiating /home/travis/build/icyphy/ptII/ptolemy/domains/de/test/auto/ComposableCausalityAnalysis.xml
1 ms. Memory: 45056K Free: 23961K (53%)
----------------- Invoking toplevel() on ptolemy.moml.MoMLSimpleApplication@41d85aae
----------------- Done invoking toplevel() on ptolemy.moml.MoMLSimpleApplication@41d85aae
reloadAllAccessors: .ComposableCausalityAnalysis

===========================================================================================
----------------- testing Wed Jun 26 04:40:19 UTC 2019 /home/travis/build/icyphy/ptII/ptolemy/domains/de/test/auto/DEFixedPointLimitation.xml
----------------- Instantiating /home/travis/build/icyphy/ptII/ptolemy/domains/de/test/auto/DEFixedPointLimitation.xml
1 ms. Memory: 45056K Free: 19364K (43%)
----------------- Invoking toplevel() on ptolemy.moml.MoMLSimpleApplication@791341e1
----------------- Done invoking toplevel() on ptolemy.moml.MoMLSimpleApplication@791341e1
reloadAllAccessors: .DEFixedPointLimitation

===========================================================================================
----------------- testing Wed Jun 26 04:40:19 UTC 2019 /home/travis/build/icyphy/ptII/ptolemy/domains/de/test/auto/DEScheduleTest.xml
----------------- Instantiating /home/travis/build/icyphy/ptII/ptolemy/domains/de/test/auto/DEScheduleTest.xml
1 ms. Memory: 45056K Free: 15293K (34%)
----------------- Invoking toplevel() on ptolemy.moml.MoMLSimpleApplication@6e6b3b19
----------------- Done invoking toplevel() on ptolemy.moml.MoMLSimpleApplication@6e6b3b19
reloadAllAccessors: .DEScheduleTest

===========================================================================================
----------------- testing Wed Jun 26 04:40:19 UTC 2019 /home/travis/build/icyphy/ptII/ptolemy/domains/de/test/auto/DEinDEwithStartTimes.xml
----------------- Instantiating /home/travis/build/icyphy/ptII/ptolemy/domains/de/test/auto/DEinDEwithStartTimes.xml
2 ms. Memory: 45056K Free: 9600K (21%)
----------------- Invoking toplevel() on ptolemy.moml.MoMLSimpleApplication@7599c2f0
----------------- Done invoking toplevel() on ptolemy.moml.MoMLSimpleApplication@7599c2f0
reloadAllAccessors: .DEinDEwithStartTimes

===========================================================================================
----------------- testing Wed Jun 26 04:40:19 UTC 2019 /home/travis/build/icyphy/ptII/ptolemy/domains/de/test/auto/DEinDEwithStartTimes2.xml
----------------- Instantiating /home/travis/build/icyphy/ptII/ptolemy/domains/de/test/auto/DEinDEwithStartTimes2.xml
2 ms. Memory: 45056K Free: 25556K (57%)
----------------- Invoking toplevel() on ptolemy.moml.MoMLSimpleApplication@165ee7ea
----------------- Done invoking toplevel() on ptolemy.moml.MoMLSimpleApplication@165ee7ea
reloadAllAccessors: .DEinDEwithStartTimes2

===========================================================================================
----------------- testing Wed Jun 26 04:40:19 UTC 2019 /home/travis/build/icyphy/ptII/ptolemy/domains/de/test/auto/DateDemo.xml
----------------- Instantiating /home/travis/build/icyphy/ptII/ptolemy/domains/de/test/auto/DateDemo.xml
17 ms. Memory: 45056K Free: 14671K (33%)
----------------- Invoking toplevel() on ptolemy.moml.MoMLSimpleApplication@22d8f0ac
----------------- Done invoking toplevel() on ptolemy.moml.MoMLSimpleApplication@22d8f0ac
reloadAllAccessors: .DateDemo

===========================================================================================
----------------- testing Wed Jun 26 04:40:19 UTC 2019 /home/travis/build/icyphy/ptII/ptolemy/domains/de/test/auto/DateToEvent.xml
----------------- Instantiating /home/travis/build/icyphy/ptII/ptolemy/domains/de/test/auto/DateToEvent.xml
2004 ms. Memory: 45056K Free: 20936K (46%)
----------------- Invoking toplevel() on ptolemy.moml.MoMLSimpleApplication@729d125f
----------------- Done invoking toplevel() on ptolemy.moml.MoMLSimpleApplication@729d125f
reloadAllAccessors: .DateToEvent

===========================================================================================
----------------- testing Wed Jun 26 04:40:21 UTC 2019 /home/travis/build/icyphy/ptII/ptolemy/domains/de/test/auto/DepthTest1.xml
----------------- Instantiating /home/travis/build/icyphy/ptII/ptolemy/domains/de/test/auto/DepthTest1.xml
1 ms. Memory: 45056K Free: 18204K (40%)
----------------- Invoking toplevel() on ptolemy.moml.MoMLSimpleApplication@1c6f0aaa
----------------- Done invoking toplevel() on ptolemy.moml.MoMLSimpleApplication@1c6f0aaa
reloadAllAccessors: .DepthTest1

===========================================================================================
----------------- testing Wed Jun 26 04:40:21 UTC 2019 /home/travis/build/icyphy/ptII/ptolemy/domains/de/test/auto/DepthTest2.xml
----------------- Instantiating /home/travis/build/icyphy/ptII/ptolemy/domains/de/test/auto/DepthTest2.xml
2 ms. Memory: 45056K Free: 11917K (26%)
----------------- Invoking toplevel() on ptolemy.moml.MoMLSimpleApplication@436cc6b2
----------------- Done invoking toplevel() on ptolemy.moml.MoMLSimpleApplication@436cc6b2
reloadAllAccessors: .DepthTest2

===========================================================================================
----------------- testing Wed Jun 26 04:40:21 UTC 2019 /home/travis/build/icyphy/ptII/ptolemy/domains/de/test/auto/DepthTest3.xml
----------------- Instantiating /home/travis/build/icyphy/ptII/ptolemy/domains/de/test/auto/DepthTest3.xml
1 ms. Memory: 45056K Free: 8964K (20%)
----------------- Invoking toplevel() on ptolemy.moml.MoMLSimpleApplication@669b0694
----------------- Done invoking toplevel() on ptolemy.moml.MoMLSimpleApplication@669b0694
reloadAllAccessors: .DepthTest3

===========================================================================================
----------------- testing Wed Jun 26 04:40:21 UTC 2019 /home/travis/build/icyphy/ptII/ptolemy/domains/de/test/auto/DepthTest4.xml
----------------- Instantiating /home/travis/build/icyphy/ptII/ptolemy/domains/de/test/auto/DepthTest4.xml
2 ms. Memory: 45056K Free: 27067K (60%)
----------------- Invoking toplevel() on ptolemy.moml.MoMLSimpleApplication@255350aa
----------------- Done invoking toplevel() on ptolemy.moml.MoMLSimpleApplication@255350aa
reloadAllAccessors: .DepthTest4

===========================================================================================
----------------- testing Wed Jun 26 04:40:21 UTC 2019 /home/travis/build/icyphy/ptII/ptolemy/domains/de/test/auto/DepthTest5.xml
----------------- Instantiating /home/travis/build/icyphy/ptII/ptolemy/domains/de/test/auto/DepthTest5.xml
2 ms. Memory: 45056K Free: 21811K (48%)
----------------- Invoking toplevel() on ptolemy.moml.MoMLSimpleApplication@7a8d0274
----------------- Done invoking toplevel() on ptolemy.moml.MoMLSimpleApplication@7a8d0274
reloadAllAccessors: .DepthTest5

===========================================================================================
----------------- testing Wed Jun 26 04:40:21 UTC 2019 /home/travis/build/icyphy/ptII/ptolemy/domains/de/test/auto/DepthTest6.xml
----------------- Instantiating /home/travis/build/icyphy/ptII/ptolemy/domains/de/test/auto/DepthTest6.xml
1 ms. Memory: 45056K Free: 16621K (37%)
----------------- Invoking toplevel() on ptolemy.moml.MoMLSimpleApplication@1ebc0f25
----------------- Done invoking toplevel() on ptolemy.moml.MoMLSimpleApplication@1ebc0f25
reloadAllAccessors: .DepthTest6

===========================================================================================
----------------- testing Wed Jun 26 04:40:22 UTC 2019 /home/travis/build/icyphy/ptII/ptolemy/domains/de/test/auto/DepthTest7.xml
----------------- Instantiating /home/travis/build/icyphy/ptII/ptolemy/domains/de/test/auto/DepthTest7.xml
2 ms. Memory: 45056K Free: 11707K (26%)
----------------- Invoking toplevel() on ptolemy.moml.MoMLSimpleApplication@42bc463d
----------------- Done invoking toplevel() on ptolemy.moml.MoMLSimpleApplication@42bc463d
reloadAllAccessors: .DepthTest7

===========================================================================================
----------------- testing Wed Jun 26 04:40:22 UTC 2019 /home/travis/build/icyphy/ptII/ptolemy/domains/de/test/auto/EventToDate.xml
----------------- Instantiating /home/travis/build/icyphy/ptII/ptolemy/domains/de/test/auto/EventToDate.xml
3004 ms. Memory: 45056K Free: 20592K (46%)
----------------- Invoking toplevel() on ptolemy.moml.MoMLSimpleApplication@17fddc9f
----------------- Done invoking toplevel() on ptolemy.moml.MoMLSimpleApplication@17fddc9f
reloadAllAccessors: .EventToDate

===========================================================================================
----------------- testing Wed Jun 26 04:40:25 UTC 2019 /home/travis/build/icyphy/ptII/ptolemy/domains/de/test/auto/FSM1.xml
----------------- Instantiating /home/travis/build/icyphy/ptII/ptolemy/domains/de/test/auto/FSM1.xml
22 ms. Memory: 45056K Free: 8647K (19%)
----------------- Invoking toplevel() on ptolemy.moml.MoMLSimpleApplication@127c9437
----------------- Done invoking toplevel() on ptolemy.moml.MoMLSimpleApplication@127c9437
reloadAllAccessors: .FSM1

===========================================================================================
----------------- testing Wed Jun 26 04:40:25 UTC 2019 /home/travis/build/icyphy/ptII/ptolemy/domains/de/test/auto/FSM7.xml
----------------- Instantiating /home/travis/build/icyphy/ptII/ptolemy/domains/de/test/auto/FSM7.xml
19 ms. Memory: 45056K Free: 19249K (43%)
----------------- Invoking toplevel() on ptolemy.moml.MoMLSimpleApplication@64fac0fd
----------------- Done invoking toplevel() on ptolemy.moml.MoMLSimpleApplication@64fac0fd
reloadAllAccessors: .FSM7

===========================================================================================
----------------- testing Wed Jun 26 04:40:25 UTC 2019 /home/travis/build/icyphy/ptII/ptolemy/domains/de/test/auto/Inspection.xml
----------------- Instantiating /home/travis/build/icyphy/ptII/ptolemy/domains/de/test/auto/Inspection.xml
19 ms. Memory: 45056K Free: 29547K (66%)
----------------- Invoking toplevel() on ptolemy.moml.MoMLSimpleApplication@225bbbb2
----------------- Done invoking toplevel() on ptolemy.moml.MoMLSimpleApplication@225bbbb2
reloadAllAccessors: .Inspection

===========================================================================================
----------------- testing Wed Jun 26 04:40:25 UTC 2019 /home/travis/build/icyphy/ptII/ptolemy/domains/de/test/auto/Iteration.xml
----------------- Instantiating /home/travis/build/icyphy/ptII/ptolemy/domains/de/test/auto/Iteration.xml
11 ms. Memory: 45056K Free: 22574K (50%)
----------------- Invoking toplevel() on ptolemy.moml.MoMLSimpleApplication@55743ac8
----------------- Done invoking toplevel() on ptolemy.moml.MoMLSimpleApplication@55743ac8
reloadAllAccessors: .Iteration

===========================================================================================
----------------- testing Wed Jun 26 04:40:25 UTC 2019 /home/travis/build/icyphy/ptII/ptolemy/domains/de/test/auto/LineFault.xml
----------------- Instantiating /home/travis/build/icyphy/ptII/ptolemy/domains/de/test/auto/LineFault.xml
502 ms. Memory: 54272K Free: 35248K (65%)
----------------- Invoking toplevel() on ptolemy.moml.MoMLSimpleApplication@137aeabf
----------------- Done invoking toplevel() on ptolemy.moml.MoMLSimpleApplication@137aeabf
reloadAllAccessors: .LineFault

===========================================================================================
----------------- testing Wed Jun 26 04:40:25 UTC 2019 /home/travis/build/icyphy/ptII/ptolemy/domains/de/test/auto/MergeModel1Add.xml
----------------- Instantiating /home/travis/build/icyphy/ptII/ptolemy/domains/de/test/auto/MergeModel1Add.xml
5 ms. Memory: 54272K Free: 16234K (30%)
----------------- Invoking toplevel() on ptolemy.moml.MoMLSimpleApplication@6ec46139
----------------- Done invoking toplevel() on ptolemy.moml.MoMLSimpleApplication@6ec46139
reloadAllAccessors: .MergeModel1Add

===========================================================================================
----------------- testing Wed Jun 26 04:40:25 UTC 2019 /home/travis/build/icyphy/ptII/ptolemy/domains/de/test/auto/MergeModel2Add.xml
----------------- Instantiating /home/travis/build/icyphy/ptII/ptolemy/domains/de/test/auto/MergeModel2Add.xml
6 ms. Memory: 54272K Free: 23065K (42%)
----------------- Invoking toplevel() on ptolemy.moml.MoMLSimpleApplication@6735572e
----------------- Done invoking toplevel() on ptolemy.moml.MoMLSimpleApplication@6735572e
reloadAllAccessors: .MergeModel2Add

===========================================================================================
----------------- testing Wed Jun 26 04:40:25 UTC 2019 /home/travis/build/icyphy/ptII/ptolemy/domains/de/test/auto/MergeModel3Add.xml
----------------- Instantiating /home/travis/build/icyphy/ptII/ptolemy/domains/de/test/auto/MergeModel3Add.xml
5 ms. Memory: 54272K Free: 31102K (57%)
----------------- Invoking toplevel() on ptolemy.moml.MoMLSimpleApplication@17ee618
----------------- Done invoking toplevel() on ptolemy.moml.MoMLSimpleApplication@17ee618
reloadAllAccessors: .MergeModel3Add

===========================================================================================
----------------- testing Wed Jun 26 04:40:26 UTC 2019 /home/travis/build/icyphy/ptII/ptolemy/domains/de/test/auto/MergeWithoutDiscard.xml
----------------- Instantiating /home/travis/build/icyphy/ptII/ptolemy/domains/de/test/auto/MergeWithoutDiscard.xml
2 ms. Memory: 54272K Free: 26982K (50%)
----------------- Invoking toplevel() on ptolemy.moml.MoMLSimpleApplication@5ba2c81e
----------------- Done invoking toplevel() on ptolemy.moml.MoMLSimpleApplication@5ba2c81e
reloadAllAccessors: .MergeWithoutDiscard

===========================================================================================
----------------- testing Wed Jun 26 04:40:26 UTC 2019 /home/travis/build/icyphy/ptII/ptolemy/domains/de/test/auto/Modal1.xml
----------------- Instantiating /home/travis/build/icyphy/ptII/ptolemy/domains/de/test/auto/Modal1.xml
7 ms. Memory: 54272K Free: 14908K (27%)
----------------- Invoking toplevel() on ptolemy.moml.MoMLSimpleApplication@7c1e3f69
----------------- Done invoking toplevel() on ptolemy.moml.MoMLSimpleApplication@7c1e3f69
reloadAllAccessors: .Modal1

===========================================================================================
----------------- testing Wed Jun 26 04:40:26 UTC 2019 /home/travis/build/icyphy/ptII/ptolemy/domains/de/test/auto/Modal2.xml
----------------- Instantiating /home/travis/build/icyphy/ptII/ptolemy/domains/de/test/auto/Modal2.xml
14 ms. Memory: 54272K Free: 27581K (51%)
----------------- Invoking toplevel() on ptolemy.moml.MoMLSimpleApplication@2a6b35d6
----------------- Done invoking toplevel() on ptolemy.moml.MoMLSimpleApplication@2a6b35d6
reloadAllAccessors: .Modal2

===========================================================================================
----------------- testing Wed Jun 26 04:40:26 UTC 2019 /home/travis/build/icyphy/ptII/ptolemy/domains/de/test/auto/Modal3.xml
----------------- Instantiating /home/travis/build/icyphy/ptII/ptolemy/domains/de/test/auto/Modal3.xml
7 ms. Memory: 54272K Free: 15565K (29%)
----------------- Invoking toplevel() on ptolemy.moml.MoMLSimpleApplication@be67fbc
----------------- Done invoking toplevel() on ptolemy.moml.MoMLSimpleApplication@be67fbc
reloadAllAccessors: .Modal3

===========================================================================================
----------------- testing Wed Jun 26 04:40:26 UTC 2019 /home/travis/build/icyphy/ptII/ptolemy/domains/de/test/auto/Modal4.xml
----------------- Instantiating /home/travis/build/icyphy/ptII/ptolemy/domains/de/test/auto/Modal4.xml
14 ms. Memory: 65536K Free: 39747K (61%)
----------------- Invoking toplevel() on ptolemy.moml.MoMLSimpleApplication@4d3ce8fc
----------------- Done invoking toplevel() on ptolemy.moml.MoMLSimpleApplication@4d3ce8fc
reloadAllAccessors: .Modal4

===========================================================================================
----------------- testing Wed Jun 26 04:40:26 UTC 2019 /home/travis/build/icyphy/ptII/ptolemy/domains/de/test/auto/Modal5.xml
----------------- Instantiating /home/travis/build/icyphy/ptII/ptolemy/domains/de/test/auto/Modal5.xml
8 ms. Memory: 65536K Free: 26774K (41%)
----------------- Invoking toplevel() on ptolemy.moml.MoMLSimpleApplication@4d7420ba
----------------- Done invoking toplevel() on ptolemy.moml.MoMLSimpleApplication@4d7420ba
reloadAllAccessors: .Modal5

===========================================================================================
----------------- testing Wed Jun 26 04:40:26 UTC 2019 /home/travis/build/icyphy/ptII/ptolemy/domains/de/test/auto/Modal6.xml
----------------- Instantiating /home/travis/build/icyphy/ptII/ptolemy/domains/de/test/auto/Modal6.xml
17 ms. Memory: 65536K Free: 46177K (70%)
----------------- Invoking toplevel() on ptolemy.moml.MoMLSimpleApplication@1205d83d
----------------- Done invoking toplevel() on ptolemy.moml.MoMLSimpleApplication@1205d83d
reloadAllAccessors: .Modal6

===========================================================================================
----------------- testing Wed Jun 26 04:40:26 UTC 2019 /home/travis/build/icyphy/ptII/ptolemy/domains/de/test/auto/Modal7.xml
----------------- Instantiating /home/travis/build/icyphy/ptII/ptolemy/domains/de/test/auto/Modal7.xml
6 ms. Memory: 65536K Free: 32987K (50%)
----------------- Invoking toplevel() on ptolemy.moml.MoMLSimpleApplication@402f9175
----------------- Done invoking toplevel() on ptolemy.moml.MoMLSimpleApplication@402f9175
reloadAllAccessors: .Modal7

===========================================================================================
----------------- testing Wed Jun 26 04:40:26 UTC 2019 /home/travis/build/icyphy/ptII/ptolemy/domains/de/test/auto/ModalModel.xml
----------------- Instantiating /home/travis/build/icyphy/ptII/ptolemy/domains/de/test/auto/ModalModel.xml
129 ms. Memory: 65536K Free: 28625K (44%)
----------------- Invoking toplevel() on ptolemy.moml.MoMLSimpleApplication@342882ad
----------------- Done invoking toplevel() on ptolemy.moml.MoMLSimpleApplication@342882ad
reloadAllAccessors: .ModalModel

===========================================================================================
----------------- testing Wed Jun 26 04:40:26 UTC 2019 /home/travis/build/icyphy/ptII/ptolemy/domains/de/test/auto/ModalSource.xml
----------------- Instantiating /home/travis/build/icyphy/ptII/ptolemy/domains/de/test/auto/ModalSource.xml
6 ms. Memory: 65536K Free: 20402K (31%)
----------------- Invoking toplevel() on ptolemy.moml.MoMLSimpleApplication@30ccb4fd
----------------- Done invoking toplevel() on ptolemy.moml.MoMLSimpleApplication@30ccb4fd
reloadAllAccessors: .ModalSource

===========================================================================================
----------------- testing Wed Jun 26 04:40:26 UTC 2019 /home/travis/build/icyphy/ptII/ptolemy/domains/de/test/auto/NonInterruptibleTimerZeroDelay.xml
----------------- Instantiating /home/travis/build/icyphy/ptII/ptolemy/domains/de/test/auto/NonInterruptibleTimerZeroDelay.xml
1 ms. Memory: 65536K Free: 16641K (25%)
----------------- Invoking toplevel() on ptolemy.moml.MoMLSimpleApplication@7bf9d78c
----------------- Done invoking toplevel() on ptolemy.moml.MoMLSimpleApplication@7bf9d78c
reloadAllAccessors: .NonInterruptibleTimerZeroDelay

===========================================================================================
----------------- testing Wed Jun 26 04:40:26 UTC 2019 /home/travis/build/icyphy/ptII/ptolemy/domains/de/test/auto/OpenQueueingNetwork.xml
----------------- Instantiating /home/travis/build/icyphy/ptII/ptolemy/domains/de/test/auto/OpenQueueingNetwork.xml
2486 ms. Memory: 203776K Free: 147989K (73%)
----------------- Invoking toplevel() on ptolemy.moml.MoMLSimpleApplication@30fcdb7c
----------------- Done invoking toplevel() on ptolemy.moml.MoMLSimpleApplication@30fcdb7c
reloadAllAccessors: .OpenQueueingNetwork

===========================================================================================
----------------- testing Wed Jun 26 04:40:29 UTC 2019 /home/travis/build/icyphy/ptII/ptolemy/domains/de/test/auto/OpenQueuingNetwork.xml
----------------- Instantiating /home/travis/build/icyphy/ptII/ptolemy/domains/de/test/auto/OpenQueuingNetwork.xml
233 ms. Memory: 203776K Free: 71703K (35%)
----------------- Invoking toplevel() on ptolemy.moml.MoMLSimpleApplication@5eb786a1
----------------- Done invoking toplevel() on ptolemy.moml.MoMLSimpleApplication@5eb786a1
reloadAllAccessors: .OpenQueuingNetwork

===========================================================================================
----------------- testing Wed Jun 26 04:40:29 UTC 2019 /home/travis/build/icyphy/ptII/ptolemy/domains/de/test/auto/PeriodicSampler.xml
----------------- Instantiating /home/travis/build/icyphy/ptII/ptolemy/domains/de/test/auto/PeriodicSampler.xml
1 ms. Memory: 203776K Free: 67607K (33%)
----------------- Invoking toplevel() on ptolemy.moml.MoMLSimpleApplication@1ce21800
----------------- Done invoking toplevel() on ptolemy.moml.MoMLSimpleApplication@1ce21800
reloadAllAccessors: .PeriodicSampler

===========================================================================================
----------------- testing Wed Jun 26 04:40:29 UTC 2019 /home/travis/build/icyphy/ptII/ptolemy/domains/de/test/auto/PersistentIO.xml
----------------- Instantiating /home/travis/build/icyphy/ptII/ptolemy/domains/de/test/auto/PersistentIO.xml
3 ms. Memory: 203776K Free: 179545K (88%)
----------------- Invoking toplevel() on ptolemy.moml.MoMLSimpleApplication@47fe82b7
----------------- Done invoking toplevel() on ptolemy.moml.MoMLSimpleApplication@47fe82b7
reloadAllAccessors: .PersistentIO

===========================================================================================
----------------- testing Wed Jun 26 04:40:29 UTC 2019 /home/travis/build/icyphy/ptII/ptolemy/domains/de/test/auto/PortParameterResetOnInitialize.xml
----------------- Instantiating /home/travis/build/icyphy/ptII/ptolemy/domains/de/test/auto/PortParameterResetOnInitialize.xml
2 ms. Memory: 203776K Free: 174905K (86%)
----------------- Invoking toplevel() on ptolemy.moml.MoMLSimpleApplication@4ce31d87
----------------- Done invoking toplevel() on ptolemy.moml.MoMLSimpleApplication@4ce31d87
reloadAllAccessors: .PortParameterResetOnInitialize

===========================================================================================
----------------- testing Wed Jun 26 04:40:29 UTC 2019 /home/travis/build/icyphy/ptII/ptolemy/domains/de/test/auto/PortParameterUpdates.xml
----------------- Instantiating /home/travis/build/icyphy/ptII/ptolemy/domains/de/test/auto/PortParameterUpdates.xml
5 ms. Memory: 203776K Free: 168777K (83%)
----------------- Invoking toplevel() on ptolemy.moml.MoMLSimpleApplication@6ad32b9e
----------------- Done invoking toplevel() on ptolemy.moml.MoMLSimpleApplication@6ad32b9e
reloadAllAccessors: .PortParameterUpdates

===========================================================================================
----------------- testing Wed Jun 26 04:40:29 UTC 2019 /home/travis/build/icyphy/ptII/ptolemy/domains/de/test/auto/QueueAndServer.xml
----------------- Instantiating /home/travis/build/icyphy/ptII/ptolemy/domains/de/test/auto/QueueAndServer.xml
8 ms. Memory: 203776K Free: 161113K (79%)
----------------- Invoking toplevel() on ptolemy.moml.MoMLSimpleApplication@60ebfe18
----------------- Done invoking toplevel() on ptolemy.moml.MoMLSimpleApplication@60ebfe18
reloadAllAccessors: .QueueAndServer

===========================================================================================
----------------- testing Wed Jun 26 04:40:29 UTC 2019 /home/travis/build/icyphy/ptII/ptolemy/domains/de/test/auto/Records.xml
----------------- Instantiating /home/travis/build/icyphy/ptII/ptolemy/domains/de/test/auto/Records.xml
9 ms. Memory: 203776K Free: 155479K (76%)
----------------- Invoking toplevel() on ptolemy.moml.MoMLSimpleApplication@43780eb
----------------- Done invoking toplevel() on ptolemy.moml.MoMLSimpleApplication@43780eb
reloadAllAccessors: .Records

===========================================================================================
----------------- testing Wed Jun 26 04:40:29 UTC 2019 /home/travis/build/icyphy/ptII/ptolemy/domains/de/test/auto/ResetTransitionWithStartTime1.xml
----------------- Instantiating /home/travis/build/icyphy/ptII/ptolemy/domains/de/test/auto/ResetTransitionWithStartTime1.xml
6 ms. Memory: 203776K Free: 147273K (72%)
----------------- Invoking toplevel() on ptolemy.moml.MoMLSimpleApplication@707b1d28
----------------- Done invoking toplevel() on ptolemy.moml.MoMLSimpleApplication@707b1d28
reloadAllAccessors: .ResetTransitionWithStartTime1

===========================================================================================
----------------- testing Wed Jun 26 04:40:29 UTC 2019 /home/travis/build/icyphy/ptII/ptolemy/domains/de/test/auto/ResetTransitionWithStartTime2.xml
----------------- Instantiating /home/travis/build/icyphy/ptII/ptolemy/domains/de/test/auto/ResetTransitionWithStartTime2.xml
4 ms. Memory: 203776K Free: 139081K (68%)
----------------- Invoking toplevel() on ptolemy.moml.MoMLSimpleApplication@793507c5
----------------- Done invoking toplevel() on ptolemy.moml.MoMLSimpleApplication@793507c5
reloadAllAccessors: .ResetTransitionWithStartTime2

===========================================================================================
----------------- testing Wed Jun 26 04:40:29 UTC 2019 /home/travis/build/icyphy/ptII/ptolemy/domains/de/test/auto/ResetTransitionWithStartTime3.xml
----------------- Instantiating /home/travis/build/icyphy/ptII/ptolemy/domains/de/test/auto/ResetTransitionWithStartTime3.xml
4 ms. Memory: 203776K Free: 130889K (64%)
----------------- Invoking toplevel() on ptolemy.moml.MoMLSimpleApplication@3980bc4c
----------------- Done invoking toplevel() on ptolemy.moml.MoMLSimpleApplication@3980bc4c
reloadAllAccessors: .ResetTransitionWithStartTime3

===========================================================================================
----------------- testing Wed Jun 26 04:40:29 UTC 2019 /home/travis/build/icyphy/ptII/ptolemy/domains/de/test/auto/ResetTransitionWithStartTime4.xml
----------------- Instantiating /home/travis/build/icyphy/ptII/ptolemy/domains/de/test/auto/ResetTransitionWithStartTime4.xml
4 ms. Memory: 203776K Free: 123225K (60%)
----------------- Invoking toplevel() on ptolemy.moml.MoMLSimpleApplication@6f0d577b
----------------- Done invoking toplevel() on ptolemy.moml.MoMLSimpleApplication@6f0d577b
reloadAllAccessors: .ResetTransitionWithStartTime4

===========================================================================================
----------------- testing Wed Jun 26 04:40:29 UTC 2019 /home/travis/build/icyphy/ptII/ptolemy/domains/de/test/auto/ResettableTimer1.xml
----------------- Instantiating /home/travis/build/icyphy/ptII/ptolemy/domains/de/test/auto/ResettableTimer1.xml
1 ms. Memory: 203776K Free: 119129K (58%)
----------------- Invoking toplevel() on ptolemy.moml.MoMLSimpleApplication@5b42daf2
----------------- Done invoking toplevel() on ptolemy.moml.MoMLSimpleApplication@5b42daf2
reloadAllAccessors: .ResettableTimer1

===========================================================================================
----------------- testing Wed Jun 26 04:40:29 UTC 2019 /home/travis/build/icyphy/ptII/ptolemy/domains/de/test/auto/ResettableTimer2.xml
----------------- Instantiating /home/travis/build/icyphy/ptII/ptolemy/domains/de/test/auto/ResettableTimer2.xml
3 ms. Memory: 203776K Free: 115033K (56%)
----------------- Invoking toplevel() on ptolemy.moml.MoMLSimpleApplication@4932356e
----------------- Done invoking toplevel() on ptolemy.moml.MoMLSimpleApplication@4932356e
reloadAllAccessors: .ResettableTimer2

===========================================================================================
----------------- testing Wed Jun 26 04:40:29 UTC 2019 /home/travis/build/icyphy/ptII/ptolemy/domains/de/test/auto/ResettableTimer3.xml
----------------- Instantiating /home/travis/build/icyphy/ptII/ptolemy/domains/de/test/auto/ResettableTimer3.xml
2 ms. Memory: 203776K Free: 110937K (54%)
----------------- Invoking toplevel() on ptolemy.moml.MoMLSimpleApplication@76431f72
----------------- Done invoking toplevel() on ptolemy.moml.MoMLSimpleApplication@76431f72
reloadAllAccessors: .ResettableTimer3

===========================================================================================
----------------- testing Wed Jun 26 04:40:29 UTC 2019 /home/travis/build/icyphy/ptII/ptolemy/domains/de/test/auto/ResettableTimer4.xml
----------------- Instantiating /home/travis/build/icyphy/ptII/ptolemy/domains/de/test/auto/ResettableTimer4.xml
1 ms. Memory: 203776K Free: 107351K (53%)
----------------- Invoking toplevel() on ptolemy.moml.MoMLSimpleApplication@518a5452
----------------- Done invoking toplevel() on ptolemy.moml.MoMLSimpleApplication@518a5452
reloadAllAccessors: .ResettableTimer4

===========================================================================================
----------------- testing Wed Jun 26 04:40:29 UTC 2019 /home/travis/build/icyphy/ptII/ptolemy/domains/de/test/auto/ResettableTimer5.xml
----------------- Instantiating /home/travis/build/icyphy/ptII/ptolemy/domains/de/test/auto/ResettableTimer5.xml
5 ms. Memory: 203776K Free: 102745K (50%)
----------------- Invoking toplevel() on ptolemy.moml.MoMLSimpleApplication@2661a391
----------------- Done invoking toplevel() on ptolemy.moml.MoMLSimpleApplication@2661a391
reloadAllAccessors: .ResettableTimer5

===========================================================================================
----------------- testing Wed Jun 26 04:40:29 UTC 2019 /home/travis/build/icyphy/ptII/ptolemy/domains/de/test/auto/ResettableTimer6.xml
----------------- Instantiating /home/travis/build/icyphy/ptII/ptolemy/domains/de/test/auto/ResettableTimer6.xml
7 ms. Memory: 203776K Free: 98135K (48%)
----------------- Invoking toplevel() on ptolemy.moml.MoMLSimpleApplication@76437c28
----------------- Done invoking toplevel() on ptolemy.moml.MoMLSimpleApplication@76437c28
reloadAllAccessors: .ResettableTimer6

===========================================================================================
----------------- testing Wed Jun 26 04:40:29 UTC 2019 /home/travis/build/icyphy/ptII/ptolemy/domains/de/test/auto/ServerZeroDelay.xml
----------------- Instantiating /home/travis/build/icyphy/ptII/ptolemy/domains/de/test/auto/ServerZeroDelay.xml
1 ms. Memory: 203776K Free: 94009K (46%)
----------------- Invoking toplevel() on ptolemy.moml.MoMLSimpleApplication@d45d193
----------------- Done invoking toplevel() on ptolemy.moml.MoMLSimpleApplication@d45d193
reloadAllAccessors: .ServerZeroDelay

===========================================================================================
----------------- testing Wed Jun 26 04:40:29 UTC 2019 /home/travis/build/icyphy/ptII/ptolemy/domains/de/test/auto/SmartSender.xml
----------------- Instantiating /home/travis/build/icyphy/ptII/ptolemy/domains/de/test/auto/SmartSender.xml
3001 ms. Memory: 203776K Free: 89943K (44%)
----------------- Invoking toplevel() on ptolemy.moml.MoMLSimpleApplication@16c20ca2
----------------- Done invoking toplevel() on ptolemy.moml.MoMLSimpleApplication@16c20ca2
reloadAllAccessors: .SmartSender

===========================================================================================
----------------- testing Wed Jun 26 04:40:32 UTC 2019 /home/travis/build/icyphy/ptII/ptolemy/domains/de/test/auto/ThreadedComposite.xml
----------------- Instantiating /home/travis/build/icyphy/ptII/ptolemy/domains/de/test/auto/ThreadedComposite.xml
107 ms. Memory: 203776K Free: 70487K (35%)
----------------- Invoking toplevel() on ptolemy.moml.MoMLSimpleApplication@7fbb862c
----------------- Done invoking toplevel() on ptolemy.moml.MoMLSimpleApplication@7fbb862c
reloadAllAccessors: .ThreadedComposite

===========================================================================================
----------------- testing Wed Jun 26 04:40:32 UTC 2019 /home/travis/build/icyphy/ptII/ptolemy/domains/de/test/auto/Time.xml
----------------- Instantiating /home/travis/build/icyphy/ptII/ptolemy/domains/de/test/auto/Time.xml
422 ms. Memory: 203776K Free: 139629K (69%)
----------------- Invoking toplevel() on ptolemy.moml.MoMLSimpleApplication@6b415418
----------------- Done invoking toplevel() on ptolemy.moml.MoMLSimpleApplication@6b415418
reloadAllAccessors: .Time

===========================================================================================
----------------- testing Wed Jun 26 04:40:33 UTC 2019 /home/travis/build/icyphy/ptII/ptolemy/domains/de/test/auto/TimeDelayZeroDelay.xml
----------------- Instantiating /home/travis/build/icyphy/ptII/ptolemy/domains/de/test/auto/TimeDelayZeroDelay.xml
2 ms. Memory: 203776K Free: 135533K (67%)
----------------- Invoking toplevel() on ptolemy.moml.MoMLSimpleApplication@e165718
----------------- Done invoking toplevel() on ptolemy.moml.MoMLSimpleApplication@e165718
reloadAllAccessors: .TimeDelayZeroDelay

===========================================================================================
----------------- testing Wed Jun 26 04:40:33 UTC 2019 /home/travis/build/icyphy/ptII/ptolemy/domains/de/test/auto/TimerZeroDelay.xml
----------------- Instantiating /home/travis/build/icyphy/ptII/ptolemy/domains/de/test/auto/TimerZeroDelay.xml
1 ms. Memory: 203776K Free: 131437K (65%)
----------------- Invoking toplevel() on ptolemy.moml.MoMLSimpleApplication@69a90f61
----------------- Done invoking toplevel() on ptolemy.moml.MoMLSimpleApplication@69a90f61
reloadAllAccessors: .TimerZeroDelay

===========================================================================================
----------------- testing Wed Jun 26 04:40:33 UTC 2019 /home/travis/build/icyphy/ptII/ptolemy/domains/de/test/auto/TimingParadox.xml
----------------- Instantiating /home/travis/build/icyphy/ptII/ptolemy/domains/de/test/auto/TimingParadox.xml
304 ms. Memory: 203776K Free: 185415K (91%)
----------------- Invoking toplevel() on ptolemy.moml.MoMLSimpleApplication@3d7c4c72
----------------- Done invoking toplevel() on ptolemy.moml.MoMLSimpleApplication@3d7c4c72
reloadAllAccessors: .TimingParadox

===========================================================================================
----------------- testing Wed Jun 26 04:40:33 UTC 2019 /home/travis/build/icyphy/ptII/ptolemy/domains/de/test/auto/TransferInputs.xml
----------------- Instantiating /home/travis/build/icyphy/ptII/ptolemy/domains/de/test/auto/TransferInputs.xml
1 ms. Memory: 203776K Free: 180265K (88%)
----------------- Invoking toplevel() on ptolemy.moml.MoMLSimpleApplication@7d6adcd0
----------------- Done invoking toplevel() on ptolemy.moml.MoMLSimpleApplication@7d6adcd0
reloadAllAccessors: .TransferInputs

===========================================================================================
----------------- testing Wed Jun 26 04:40:33 UTC 2019 /home/travis/build/icyphy/ptII/ptolemy/domains/de/test/auto/TransferOutputs2.xml
----------------- Instantiating /home/travis/build/icyphy/ptII/ptolemy/domains/de/test/auto/TransferOutputs2.xml
3 ms. Memory: 203776K Free: 172617K (85%)
----------------- Invoking toplevel() on ptolemy.moml.MoMLSimpleApplication@7711d721
----------------- Done invoking toplevel() on ptolemy.moml.MoMLSimpleApplication@7711d721
reloadAllAccessors: .TransferOutputs2

===========================================================================================
----------------- testing Wed Jun 26 04:40:33 UTC 2019 /home/travis/build/icyphy/ptII/ptolemy/domains/de/test/auto/Trilateration.xml
----------------- Instantiating /home/travis/build/icyphy/ptII/ptolemy/domains/de/test/auto/Trilateration.xml
11538 ms. Memory: 435200K Free: 406327K (93%)
----------------- Invoking toplevel() on ptolemy.moml.MoMLSimpleApplication@60e2ca09
----------------- Done invoking toplevel() on ptolemy.moml.MoMLSimpleApplication@60e2ca09
reloadAllAccessors: .Trilateration

===========================================================================================
----------------- testing Wed Jun 26 04:40:45 UTC 2019 /home/travis/build/icyphy/ptII/ptolemy/domains/de/test/auto/TwoSigmaDelta.xml
----------------- Instantiating /home/travis/build/icyphy/ptII/ptolemy/domains/de/test/auto/TwoSigmaDelta.xml
2103 ms. Memory: 435200K Free: 205623K (47%)
----------------- Invoking toplevel() on ptolemy.moml.MoMLSimpleApplication@151c28a0
----------------- Done invoking toplevel() on ptolemy.moml.MoMLSimpleApplication@151c28a0
reloadAllAccessors: .TwoSigmaDelta

===========================================================================================
----------------- testing Wed Jun 26 04:40:48 UTC 2019 /home/travis/build/icyphy/ptII/ptolemy/domains/de/test/auto/VariableDelay.xml
----------------- Instantiating /home/travis/build/icyphy/ptII/ptolemy/domains/de/test/auto/VariableDelay.xml
1 ms. Memory: 435200K Free: 201007K (46%)
----------------- Invoking toplevel() on ptolemy.moml.MoMLSimpleApplication@41a10d18
----------------- Done invoking toplevel() on ptolemy.moml.MoMLSimpleApplication@41a10d18
reloadAllAccessors: .VariableDelay

===========================================================================================
----------------- testing Wed Jun 26 04:40:48 UTC 2019 /home/travis/build/icyphy/ptII/ptolemy/domains/de/test/auto/VariableDelay2.xml
----------------- Instantiating /home/travis/build/icyphy/ptII/ptolemy/domains/de/test/auto/VariableDelay2.xml
2 ms. Memory: 435200K Free: 196407K (45%)
----------------- Invoking toplevel() on ptolemy.moml.MoMLSimpleApplication@3b44645d
----------------- Done invoking toplevel() on ptolemy.moml.MoMLSimpleApplication@3b44645d
reloadAllAccessors: .VariableDelay2

===========================================================================================
----------------- testing Wed Jun 26 04:40:48 UTC 2019 /home/travis/build/icyphy/ptII/ptolemy/domains/de/test/auto/VariableDelayZeroDelay.xml
----------------- Instantiating /home/travis/build/icyphy/ptII/ptolemy/domains/de/test/auto/VariableDelayZeroDelay.xml
4 ms. Memory: 435200K Free: 192311K (44%)
----------------- Invoking toplevel() on ptolemy.moml.MoMLSimpleApplication@25e6a323
----------------- Done invoking toplevel() on ptolemy.moml.MoMLSimpleApplication@25e6a323
reloadAllAccessors: .VariableDelayZeroDelay

===========================================================================================
----------------- testing Wed Jun 26 04:40:48 UTC 2019 /home/travis/build/icyphy/ptII/ptolemy/domains/de/test/auto/VariableDelayZeroDelay2.xml
----------------- Instantiating /home/travis/build/icyphy/ptII/ptolemy/domains/de/test/auto/VariableDelayZeroDelay2.xml
1 ms. Memory: 435200K Free: 188215K (43%)
----------------- Invoking toplevel() on ptolemy.moml.MoMLSimpleApplication@2228ede4
----------------- Done invoking toplevel() on ptolemy.moml.MoMLSimpleApplication@2228ede4
reloadAllAccessors: .VariableDelayZeroDelay2

===========================================================================================
----------------- testing Wed Jun 26 04:40:48 UTC 2019 /home/travis/build/icyphy/ptII/ptolemy/domains/de/test/auto/deInCt.xml
----------------- Instantiating /home/travis/build/icyphy/ptII/ptolemy/domains/de/test/auto/deInCt.xml
0
1
1
1
0
0
0
0
1
1
1
0
0
0
1
1
1
1
1
0
0
0
1
1
1
0
0
0
1
1
1
1
0
0
0
1
1
0
0
0
1
1
1
1
9 ms. Memory: 435200K Free: 183095K (42%)
----------------- Invoking toplevel() on ptolemy.moml.MoMLSimpleApplication@27a3e121
----------------- Done invoking toplevel() on ptolemy.moml.MoMLSimpleApplication@27a3e121
reloadAllAccessors: .deInCt

===========================================================================================
----------------- testing Wed Jun 26 04:40:48 UTC 2019 /home/travis/build/icyphy/ptII/ptolemy/domains/de/test/auto/deInCt2.xml
----------------- Instantiating /home/travis/build/icyphy/ptII/ptolemy/domains/de/test/auto/deInCt2.xml
0
1
1
1
0
0
1
1
1
0
0
1
1
1
0
0
1
1
1
0
0
1
1
1
0
0
1
1
1
0
0
1
1
1
0
0
1
1
1
0
0
0
6 ms. Memory: 435200K Free: 177975K (41%)
----------------- Invoking toplevel() on ptolemy.moml.MoMLSimpleApplication@41c18925
----------------- Done invoking toplevel() on ptolemy.moml.MoMLSimpleApplication@41c18925
reloadAllAccessors: .deInCt2

===========================================================================================
----------------- testing Wed Jun 26 04:40:48 UTC 2019 /home/travis/build/icyphy/ptII/ptolemy/domains/de/test/auto/dynamicCausalityInterface1.xml
----------------- Instantiating /home/travis/build/icyphy/ptII/ptolemy/domains/de/test/auto/dynamicCausalityInterface1.xml
1 ms. Memory: 435200K Free: 168759K (39%)
----------------- Invoking toplevel() on ptolemy.moml.MoMLSimpleApplication@707ed6d0
----------------- Done invoking toplevel() on ptolemy.moml.MoMLSimpleApplication@707ed6d0
reloadAllAccessors: .dynamicCausalityInterface1

===========================================================================================
----------------- testing Wed Jun 26 04:40:48 UTC 2019 /home/travis/build/icyphy/ptII/ptolemy/domains/de/test/auto/fsm_de_test.xml
----------------- Instantiating /home/travis/build/icyphy/ptII/ptolemy/domains/de/test/auto/fsm_de_test.xml
4 ms. Memory: 435200K Free: 159543K (37%)
----------------- Invoking toplevel() on ptolemy.moml.MoMLSimpleApplication@73508535
----------------- Done invoking toplevel() on ptolemy.moml.MoMLSimpleApplication@73508535
reloadAllAccessors: .fsm_de_test

===========================================================================================
----------------- testing Wed Jun 26 04:40:48 UTC 2019 /home/travis/build/icyphy/ptII/ptolemy/domains/de/test/auto/functionDependencyReconstruction.xml
----------------- Instantiating /home/travis/build/icyphy/ptII/ptolemy/domains/de/test/auto/functionDependencyReconstruction.xml
5 ms. Memory: 435200K Free: 399121K (92%)
----------------- Invoking toplevel() on ptolemy.moml.MoMLSimpleApplication@5408b382
----------------- Done invoking toplevel() on ptolemy.moml.MoMLSimpleApplication@5408b382
reloadAllAccessors: .functionDependencyReconstruction

===========================================================================================
----------------- testing Wed Jun 26 04:40:48 UTC 2019 /home/travis/build/icyphy/ptII/ptolemy/domains/de/test/auto/multirate.xml
----------------- Instantiating /home/travis/build/icyphy/ptII/ptolemy/domains/de/test/auto/multirate.xml
2 ms. Memory: 435200K Free: 392481K (90%)
----------------- Invoking toplevel() on ptolemy.moml.MoMLSimpleApplication@33bdade3
----------------- Done invoking toplevel() on ptolemy.moml.MoMLSimpleApplication@33bdade3
reloadAllAccessors: .multirate

===========================================================================================
----------------- testing Wed Jun 26 04:40:48 UTC 2019 /home/travis/build/icyphy/ptII/ptolemy/domains/de/test/auto/multirate2.xml
----------------- Instantiating /home/travis/build/icyphy/ptII/ptolemy/domains/de/test/auto/multirate2.xml
2 ms. Memory: 435200K Free: 385809K (89%)
----------------- Invoking toplevel() on ptolemy.moml.MoMLSimpleApplication@364b0762
----------------- Done invoking toplevel() on ptolemy.moml.MoMLSimpleApplication@364b0762
reloadAllAccessors: .multirate2

===========================================================================================
----------------- testing Wed Jun 26 04:40:48 UTC 2019 /home/travis/build/icyphy/ptII/ptolemy/domains/de/test/auto/realtime.xml
----------------- Instantiating /home/travis/build/icyphy/ptII/ptolemy/domains/de/test/auto/realtime.xml
10001 ms. Memory: 435200K Free: 381217K (88%)
----------------- Invoking toplevel() on ptolemy.moml.MoMLSimpleApplication@6afc5f78
----------------- Done invoking toplevel() on ptolemy.moml.MoMLSimpleApplication@6afc5f78
reloadAllAccessors: .realtime

===========================================================================================
----------------- testing Wed Jun 26 04:40:58 UTC 2019 /home/travis/build/icyphy/ptII/ptolemy/domains/de/test/auto/relationGroup.xml
----------------- Instantiating /home/travis/build/icyphy/ptII/ptolemy/domains/de/test/auto/relationGroup.xml
1 ms. Memory: 435200K Free: 377631K (87%)
----------------- Invoking toplevel() on ptolemy.moml.MoMLSimpleApplication@6be5558b
----------------- Done invoking toplevel() on ptolemy.moml.MoMLSimpleApplication@6be5558b
reloadAllAccessors: .relationGroup

===========================================================================================
----------------- testing Wed Jun 26 04:40:58 UTC 2019 /home/travis/build/icyphy/ptII/ptolemy/domains/de/test/auto/relationGroup2.xml
----------------- Instantiating /home/travis/build/icyphy/ptII/ptolemy/domains/de/test/auto/relationGroup2.xml
1 ms. Memory: 435200K Free: 374049K (86%)
----------------- Invoking toplevel() on ptolemy.moml.MoMLSimpleApplication@933b355
----------------- Done invoking toplevel() on ptolemy.moml.MoMLSimpleApplication@933b355
reloadAllAccessors: .relationGroup2

===========================================================================================
----------------- testing Wed Jun 26 04:40:58 UTC 2019 /home/travis/build/icyphy/ptII/ptolemy/domains/de/test/auto/sortWithOpaquePorts.xml
----------------- Instantiating /home/travis/build/icyphy/ptII/ptolemy/domains/de/test/auto/sortWithOpaquePorts.xml
1 ms. Memory: 435200K Free: 369425K (85%)
----------------- Invoking toplevel() on ptolemy.moml.MoMLSimpleApplication@3a2eb272
----------------- Done invoking toplevel() on ptolemy.moml.MoMLSimpleApplication@3a2eb272
reloadAllAccessors: .sortWithOpaquePorts

===========================================================================================
----------------- testing Wed Jun 26 04:40:58 UTC 2019 /home/travis/build/icyphy/ptII/ptolemy/domains/de/test/auto/transferInputsandOutputs.xml
----------------- Instantiating /home/travis/build/icyphy/ptII/ptolemy/domains/de/test/auto/transferInputsandOutputs.xml
2 ms. Memory: 435200K Free: 362785K (83%)
----------------- Invoking toplevel() on ptolemy.moml.MoMLSimpleApplication@61d059f5
----------------- Done invoking toplevel() on ptolemy.moml.MoMLSimpleApplication@61d059f5
reloadAllAccessors: .transferInputsandOutputs

===========================================================================================
----------------- testing Wed Jun 26 04:40:58 UTC 2019 /home/travis/build/icyphy/ptII/ptolemy/domains/de/test/auto/triggerType.xml
----------------- Instantiating /home/travis/build/icyphy/ptII/ptolemy/domains/de/test/auto/triggerType.xml
1 ms. Memory: 435200K Free: 358689K (82%)
----------------- Invoking toplevel() on ptolemy.moml.MoMLSimpleApplication@1887b480
----------------- Done invoking toplevel() on ptolemy.moml.MoMLSimpleApplication@1887b480
reloadAllAccessors: .triggerType
AutoTests.java: About to close Vertx.
AutoTests.java: Vertx closed.
]]></system-out>
  <system-err><![CDATA[java.lang.RuntimeException: Execution failed
	at ptolemy.moml.MoMLSimpleApplication$UnloadThread.run(MoMLSimpleApplication.java:402)
Caused by: ptolemy.kernel.util.IllegalActionException: Found a zero delay loop containing .dependencyLoop.original
  in .dependencyLoop and .dependencyLoop.original
	at ptolemy.actor.util.CausalityInterfaceForComposites._computeOutputPortDepth(CausalityInterfaceForComposites.java:759)
	at ptolemy.actor.util.CausalityInterfaceForComposites._computeInputDepth(CausalityInterfaceForComposites.java:696)
	at ptolemy.actor.util.CausalityInterfaceForComposites._computeOutputPortDepth(CausalityInterfaceForComposites.java:765)
	at ptolemy.actor.util.CausalityInterfaceForComposites._computeInputDepth(CausalityInterfaceForComposites.java:696)
	at ptolemy.actor.util.CausalityInterfaceForComposites._computeOutputPortDepth(CausalityInterfaceForComposites.java:765)
	at ptolemy.actor.util.CausalityInterfaceForComposites._computeInputDepth(CausalityInterfaceForComposites.java:696)
	at ptolemy.actor.util.CausalityInterfaceForComposites._computeActorDepth(CausalityInterfaceForComposites.java:532)
	at ptolemy.actor.util.CausalityInterfaceForComposites.checkForCycles(CausalityInterfaceForComposites.java:96)
	at ptolemy.domains.de.kernel.DEDirector.preinitialize(DEDirector.java:1338)
	at ptolemy.actor.CompositeActor.preinitialize(CompositeActor.java:1828)
	at ptolemy.actor.Manager.preinitializeAndResolveTypes(Manager.java:1040)
	at ptolemy.actor.Manager.initialize(Manager.java:710)
	at ptolemy.actor.Manager.execute(Manager.java:356)
	at ptolemy.actor.Manager.run(Manager.java:1263)
	at ptolemy.actor.Manager$PtolemyRunThread.run(Manager.java:1915)
java.lang.RuntimeException: Execution failed
	at ptolemy.moml.MoMLSimpleApplication$UnloadThread.run(MoMLSimpleApplication.java:402)
Caused by: ptolemy.kernel.util.IllegalActionException: Found a zero delay loop containing .dependencyLoop2.original
  in .dependencyLoop2 and .dependencyLoop2.original
	at ptolemy.actor.util.CausalityInterfaceForComposites._computeOutputPortDepth(CausalityInterfaceForComposites.java:759)
	at ptolemy.actor.util.CausalityInterfaceForComposites._computeInputDepth(CausalityInterfaceForComposites.java:696)
	at ptolemy.actor.util.CausalityInterfaceForComposites._computeOutputPortDepth(CausalityInterfaceForComposites.java:765)
	at ptolemy.actor.util.CausalityInterfaceForComposites._computeInputDepth(CausalityInterfaceForComposites.java:696)
	at ptolemy.actor.util.CausalityInterfaceForComposites._computeOutputPortDepth(CausalityInterfaceForComposites.java:765)
	at ptolemy.actor.util.CausalityInterfaceForComposites._computeInputDepth(CausalityInterfaceForComposites.java:696)
	at ptolemy.actor.util.CausalityInterfaceForComposites._computeActorDepth(CausalityInterfaceForComposites.java:532)
	at ptolemy.actor.util.CausalityInterfaceForComposites.checkForCycles(CausalityInterfaceForComposites.java:96)
	at ptolemy.domains.de.kernel.DEDirector.preinitialize(DEDirector.java:1338)
	at ptolemy.actor.CompositeActor.preinitialize(CompositeActor.java:1828)
	at ptolemy.actor.Manager.preinitializeAndResolveTypes(Manager.java:1040)
	at ptolemy.actor.Manager.initialize(Manager.java:710)
	at ptolemy.actor.Manager.execute(Manager.java:356)
	at ptolemy.actor.Manager.run(Manager.java:1263)
	at ptolemy.actor.Manager$PtolemyRunThread.run(Manager.java:1915)
java.lang.RuntimeException: Execution failed
	at ptolemy.moml.MoMLSimpleApplication$UnloadThread.run(MoMLSimpleApplication.java:402)
Caused by: ptolemy.kernel.util.IllegalActionException: Test fails in iteration 1.
Value was: 1.0. Should have been: 2.0
  in .DirectFeedback.Test
	at ptolemy.actor.lib.Test.fire(Test.java:268)
	at ptolemy.domains.de.kernel.DEDirector._fire(DEDirector.java:1949)
	at ptolemy.domains.de.kernel.DEDirector.fire(DEDirector.java:502)
	at ptolemy.actor.CompositeActor.fire(CompositeActor.java:455)
	at ptolemy.actor.Manager.iterate(Manager.java:851)
	at ptolemy.actor.Manager.execute(Manager.java:369)
	at ptolemy.actor.Manager.run(Manager.java:1263)
	at ptolemy.actor.Manager$PtolemyRunThread.run(Manager.java:1915)
java.lang.RuntimeException: Execution failed
	at ptolemy.moml.MoMLSimpleApplication$UnloadThread.run(MoMLSimpleApplication.java:402)
Caused by: ptolemy.kernel.util.IllegalActionException: Found a zero delay loop containing .dependencyLoop.original
  in .dependencyLoop and .dependencyLoop.original
	at ptolemy.actor.util.CausalityInterfaceForComposites._computeOutputPortDepth(CausalityInterfaceForComposites.java:759)
	at ptolemy.actor.util.CausalityInterfaceForComposites._computeInputDepth(CausalityInterfaceForComposites.java:696)
	at ptolemy.actor.util.CausalityInterfaceForComposites._computeOutputPortDepth(CausalityInterfaceForComposites.java:765)
	at ptolemy.actor.util.CausalityInterfaceForComposites._computeInputDepth(CausalityInterfaceForComposites.java:696)
	at ptolemy.actor.util.CausalityInterfaceForComposites._computeOutputPortDepth(CausalityInterfaceForComposites.java:765)
	at ptolemy.actor.util.CausalityInterfaceForComposites._computeInputDepth(CausalityInterfaceForComposites.java:696)
	at ptolemy.actor.util.CausalityInterfaceForComposites._computeActorDepth(CausalityInterfaceForComposites.java:532)
	at ptolemy.actor.util.CausalityInterfaceForComposites.checkForCycles(CausalityInterfaceForComposites.java:96)
	at ptolemy.domains.de.kernel.DEDirector.preinitialize(DEDirector.java:1338)
	at ptolemy.actor.CompositeActor.preinitialize(CompositeActor.java:1828)
	at ptolemy.actor.Manager.preinitializeAndResolveTypes(Manager.java:1040)
	at ptolemy.actor.Manager.initialize(Manager.java:710)
	at ptolemy.actor.Manager.execute(Manager.java:356)
	at ptolemy.actor.Manager.run(Manager.java:1263)
	at ptolemy.actor.Manager$PtolemyRunThread.run(Manager.java:1915)
java.lang.RuntimeException: Execution failed
	at ptolemy.moml.MoMLSimpleApplication$UnloadThread.run(MoMLSimpleApplication.java:402)
Caused by: ptolemy.kernel.util.IllegalActionException: Found a zero delay loop containing .HierarchicalModel.A
  in .HierarchicalModel and .HierarchicalModel.A
	at ptolemy.actor.util.CausalityInterfaceForComposites._computeOutputPortDepth(CausalityInterfaceForComposites.java:759)
	at ptolemy.actor.util.CausalityInterfaceForComposites._computeInputDepth(CausalityInterfaceForComposites.java:696)
	at ptolemy.actor.util.CausalityInterfaceForComposites._computeOutputPortDepth(CausalityInterfaceForComposites.java:765)
	at ptolemy.actor.util.CausalityInterfaceForComposites._computeInputDepth(CausalityInterfaceForComposites.java:696)
	at ptolemy.actor.util.CausalityInterfaceForComposites._computeOutputPortDepth(CausalityInterfaceForComposites.java:765)
	at ptolemy.actor.util.CausalityInterfaceForComposites._computeInputDepth(CausalityInterfaceForComposites.java:696)
	at ptolemy.actor.util.CausalityInterfaceForComposites._computeActorDepth(CausalityInterfaceForComposites.java:532)
	at ptolemy.actor.util.CausalityInterfaceForComposites.checkForCycles(CausalityInterfaceForComposites.java:96)
	at ptolemy.domains.de.kernel.DEDirector.preinitialize(DEDirector.java:1338)
	at ptolemy.actor.CompositeActor.preinitialize(CompositeActor.java:1828)
	at ptolemy.actor.Manager.preinitializeAndResolveTypes(Manager.java:1040)
	at ptolemy.actor.Manager.initialize(Manager.java:710)
	at ptolemy.actor.Manager.execute(Manager.java:356)
	at ptolemy.actor.Manager.run(Manager.java:1263)
	at ptolemy.actor.Manager$PtolemyRunThread.run(Manager.java:1915)
java.lang.RuntimeException: Execution failed
	at ptolemy.moml.MoMLSimpleApplication$UnloadThread.run(MoMLSimpleApplication.java:402)
Caused by: ptolemy.kernel.util.IllegalActionException: Found a zero delay loop containing .dependencyLoop2.original
  in .dependencyLoop2 and .dependencyLoop2.original
	at ptolemy.actor.util.CausalityInterfaceForComposites._computeOutputPortDepth(CausalityInterfaceForComposites.java:759)
	at ptolemy.actor.util.CausalityInterfaceForComposites._computeInputDepth(CausalityInterfaceForComposites.java:696)
	at ptolemy.actor.util.CausalityInterfaceForComposites._computeOutputPortDepth(CausalityInterfaceForComposites.java:765)
	at ptolemy.actor.util.CausalityInterfaceForComposites._computeInputDepth(CausalityInterfaceForComposites.java:696)
	at ptolemy.actor.util.CausalityInterfaceForComposites._computeOutputPortDepth(CausalityInterfaceForComposites.java:765)
	at ptolemy.actor.util.CausalityInterfaceForComposites._computeInputDepth(CausalityInterfaceForComposites.java:696)
	at ptolemy.actor.util.CausalityInterfaceForComposites._computeActorDepth(CausalityInterfaceForComposites.java:532)
	at ptolemy.actor.util.CausalityInterfaceForComposites.checkForCycles(CausalityInterfaceForComposites.java:96)
	at ptolemy.domains.de.kernel.DEDirector.preinitialize(DEDirector.java:1338)
	at ptolemy.actor.CompositeActor.preinitialize(CompositeActor.java:1828)
	at ptolemy.actor.Manager.preinitializeAndResolveTypes(Manager.java:1040)
	at ptolemy.actor.Manager.initialize(Manager.java:710)
	at ptolemy.actor.Manager.execute(Manager.java:356)
	at ptolemy.actor.Manager.run(Manager.java:1263)
	at ptolemy.actor.Manager$PtolemyRunThread.run(Manager.java:1915)
java.lang.RuntimeException: Execution failed
	at ptolemy.moml.MoMLSimpleApplication$UnloadThread.run(MoMLSimpleApplication.java:402)
Caused by: ptolemy.kernel.util.IllegalActionException: Actor is not ready to fire.  Perhaps UpSample.prefire() returned false? Try debugging the actor by selecting "Listen to Actor".  Also, for SDF check moml for tokenConsumptionRate on input.
  in .DESDFClockTest.Play Bell.Copy1:SDF Director and .DESDFClockTest.Play Bell.UpSample
	at ptolemy.actor.sched.StaticSchedulingDirector.fire(StaticSchedulingDirector.java:227)
	at ptolemy.domains.sdf.kernel.SDFDirector.fire(SDFDirector.java:500)
	at ptolemy.actor.CompositeActor.fire(CompositeActor.java:455)
	at ptolemy.domains.de.kernel.DEDirector._fire(DEDirector.java:1949)
	at ptolemy.domains.de.kernel.DEDirector.fire(DEDirector.java:502)
	at ptolemy.actor.CompositeActor.fire(CompositeActor.java:455)
	at ptolemy.actor.Manager.iterate(Manager.java:851)
	at ptolemy.actor.Manager.execute(Manager.java:369)
	at ptolemy.actor.Manager.run(Manager.java:1263)
	at ptolemy.actor.Manager$PtolemyRunThread.run(Manager.java:1915)
java.lang.RuntimeException: Execution failed
	at ptolemy.moml.MoMLSimpleApplication$UnloadThread.run(MoMLSimpleApplication.java:402)
Caused by: ptolemy.kernel.util.IllegalActionException: Actor is not ready to fire.  Perhaps UpSample.prefire() returned false? Try debugging the actor by selecting "Listen to Actor".  Also, for SDF check moml for tokenConsumptionRate on input.
  in .DESDFClockTest.Play Bell.Copy1:SDF Director and .DESDFClockTest.Play Bell.UpSample
	at ptolemy.actor.sched.StaticSchedulingDirector.fire(StaticSchedulingDirector.java:227)
	at ptolemy.domains.sdf.kernel.SDFDirector.fire(SDFDirector.java:500)
	at ptolemy.actor.CompositeActor.fire(CompositeActor.java:455)
	at ptolemy.domains.de.kernel.DEDirector._fire(DEDirector.java:1949)
	at ptolemy.domains.de.kernel.DEDirector.fire(DEDirector.java:502)
	at ptolemy.actor.CompositeActor.fire(CompositeActor.java:455)
	at ptolemy.actor.Manager.iterate(Manager.java:851)
	at ptolemy.actor.Manager.execute(Manager.java:369)
	at ptolemy.actor.Manager.run(Manager.java:1263)
	at ptolemy.actor.Manager$PtolemyRunThread.run(Manager.java:1915)
java.lang.reflect.InvocationTargetException
	at java.base/jdk.internal.reflect.NativeConstructorAccessorImpl.newInstance0(Native Method)
	at java.base/jdk.internal.reflect.NativeConstructorAccessorImpl.newInstance(NativeConstructorAccessorImpl.java:62)
	at java.base/jdk.internal.reflect.DelegatingConstructorAccessorImpl.newInstance(DelegatingConstructorAccessorImpl.java:45)
	at java.base/java.lang.reflect.Constructor.newInstance(Constructor.java:490)
	at ptolemy.util.test.junit.AutoKnownFailedTests.RunModel(AutoKnownFailedTests.java:105)
	at java.base/jdk.internal.reflect.NativeMethodAccessorImpl.invoke0(Native Method)
	at java.base/jdk.internal.reflect.NativeMethodAccessorImpl.invoke(NativeMethodAccessorImpl.java:62)
	at java.base/jdk.internal.reflect.DelegatingMethodAccessorImpl.invoke(DelegatingMethodAccessorImpl.java:43)
	at java.base/java.lang.reflect.Method.invoke(Method.java:566)
	at org.junit.runners.model.FrameworkMethod$1.runReflectiveCall(FrameworkMethod.java:44)
	at org.junit.internal.runners.model.ReflectiveCallable.run(ReflectiveCallable.java:15)
	at org.junit.runners.model.FrameworkMethod.invokeExplosively(FrameworkMethod.java:41)
	at junitparams.internal.InvokeParameterisedMethod.evaluate(InvokeParameterisedMethod.java:102)
	at org.junit.internal.runners.statements.FailOnTimeout$1.run(FailOnTimeout.java:28)
Caused by: ptolemy.kernel.util.IllegalActionException: Actor is not ready to fire.  Perhaps UpSample.prefire() returned false? Try debugging the actor by selecting "Listen to Actor".  Also, for SDF check moml for tokenConsumptionRate on input.
  in .DESDFClockTest.Play Bell.Copy1:SDF Director and .DESDFClockTest.Play Bell.UpSample
	at ptolemy.actor.sched.StaticSchedulingDirector.fire(StaticSchedulingDirector.java:227)
	at ptolemy.domains.sdf.kernel.SDFDirector.fire(SDFDirector.java:500)
	at ptolemy.actor.CompositeActor.fire(CompositeActor.java:455)
	at ptolemy.domains.de.kernel.DEDirector._fire(DEDirector.java:1949)
	at ptolemy.domains.de.kernel.DEDirector.fire(DEDirector.java:502)
	at ptolemy.actor.CompositeActor.fire(CompositeActor.java:455)
	at ptolemy.actor.Manager.iterate(Manager.java:851)
	at ptolemy.actor.Manager.execute(Manager.java:369)
	at ptolemy.actor.Manager.run(Manager.java:1263)
	at ptolemy.actor.Manager$PtolemyRunThread.run(Manager.java:1915)
java.lang.RuntimeException: Execution failed
	at ptolemy.moml.MoMLSimpleApplication$UnloadThread.run(MoMLSimpleApplication.java:402)
Caused by: ptolemy.kernel.util.IllegalActionException: Test fails in iteration 1.
Value was: 1.0. Should have been: 2.0
  in .DirectFeedback.Test
	at ptolemy.actor.lib.Test.fire(Test.java:268)
	at ptolemy.domains.de.kernel.DEDirector._fire(DEDirector.java:1949)
	at ptolemy.domains.de.kernel.DEDirector.fire(DEDirector.java:502)
	at ptolemy.actor.CompositeActor.fire(CompositeActor.java:455)
	at ptolemy.actor.Manager.iterate(Manager.java:851)
	at ptolemy.actor.Manager.execute(Manager.java:369)
	at ptolemy.actor.Manager.run(Manager.java:1263)
	at ptolemy.actor.Manager$PtolemyRunThread.run(Manager.java:1915)
java.lang.reflect.InvocationTargetException
	at java.base/jdk.internal.reflect.NativeConstructorAccessorImpl.newInstance0(Native Method)
	at java.base/jdk.internal.reflect.NativeConstructorAccessorImpl.newInstance(NativeConstructorAccessorImpl.java:62)
	at java.base/jdk.internal.reflect.DelegatingConstructorAccessorImpl.newInstance(DelegatingConstructorAccessorImpl.java:45)
	at java.base/java.lang.reflect.Constructor.newInstance(Constructor.java:490)
	at ptolemy.util.test.junit.AutoKnownFailedTests.RunModel(AutoKnownFailedTests.java:105)
	at java.base/jdk.internal.reflect.NativeMethodAccessorImpl.invoke0(Native Method)
	at java.base/jdk.internal.reflect.NativeMethodAccessorImpl.invoke(NativeMethodAccessorImpl.java:62)
	at java.base/jdk.internal.reflect.DelegatingMethodAccessorImpl.invoke(DelegatingMethodAccessorImpl.java:43)
	at java.base/java.lang.reflect.Method.invoke(Method.java:566)
	at org.junit.runners.model.FrameworkMethod$1.runReflectiveCall(FrameworkMethod.java:44)
	at org.junit.internal.runners.model.ReflectiveCallable.run(ReflectiveCallable.java:15)
	at org.junit.runners.model.FrameworkMethod.invokeExplosively(FrameworkMethod.java:41)
	at junitparams.internal.InvokeParameterisedMethod.evaluate(InvokeParameterisedMethod.java:102)
	at org.junit.internal.runners.statements.FailOnTimeout$1.run(FailOnTimeout.java:28)
Caused by: ptolemy.kernel.util.IllegalActionException: Test fails in iteration 1.
Value was: 1.0. Should have been: 2.0
  in .DirectFeedback.Test
	at ptolemy.actor.lib.Test.fire(Test.java:268)
	at ptolemy.domains.de.kernel.DEDirector._fire(DEDirector.java:1949)
	at ptolemy.domains.de.kernel.DEDirector.fire(DEDirector.java:502)
	at ptolemy.actor.CompositeActor.fire(CompositeActor.java:455)
	at ptolemy.actor.Manager.iterate(Manager.java:851)
	at ptolemy.actor.Manager.execute(Manager.java:369)
	at ptolemy.actor.Manager.run(Manager.java:1263)
	at ptolemy.actor.Manager$PtolemyRunThread.run(Manager.java:1915)
java.lang.RuntimeException: Execution failed
	at ptolemy.moml.MoMLSimpleApplication$UnloadThread.run(MoMLSimpleApplication.java:402)
Caused by: ptolemy.kernel.util.IllegalActionException: Found a zero delay loop containing .HierarchicalModel.A
  in .HierarchicalModel and .HierarchicalModel.A
	at ptolemy.actor.util.CausalityInterfaceForComposites._computeOutputPortDepth(CausalityInterfaceForComposites.java:759)
	at ptolemy.actor.util.CausalityInterfaceForComposites._computeInputDepth(CausalityInterfaceForComposites.java:696)
	at ptolemy.actor.util.CausalityInterfaceForComposites._computeOutputPortDepth(CausalityInterfaceForComposites.java:765)
	at ptolemy.actor.util.CausalityInterfaceForComposites._computeInputDepth(CausalityInterfaceForComposites.java:696)
	at ptolemy.actor.util.CausalityInterfaceForComposites._computeOutputPortDepth(CausalityInterfaceForComposites.java:765)
	at ptolemy.actor.util.CausalityInterfaceForComposites._computeInputDepth(CausalityInterfaceForComposites.java:696)
	at ptolemy.actor.util.CausalityInterfaceForComposites._computeActorDepth(CausalityInterfaceForComposites.java:532)
	at ptolemy.actor.util.CausalityInterfaceForComposites.checkForCycles(CausalityInterfaceForComposites.java:96)
	at ptolemy.domains.de.kernel.DEDirector.preinitialize(DEDirector.java:1338)
	at ptolemy.actor.CompositeActor.preinitialize(CompositeActor.java:1828)
	at ptolemy.actor.Manager.preinitializeAndResolveTypes(Manager.java:1040)
	at ptolemy.actor.Manager.initialize(Manager.java:710)
	at ptolemy.actor.Manager.execute(Manager.java:356)
	at ptolemy.actor.Manager.run(Manager.java:1263)
	at ptolemy.actor.Manager$PtolemyRunThread.run(Manager.java:1915)
java.lang.reflect.InvocationTargetException
	at java.base/jdk.internal.reflect.NativeConstructorAccessorImpl.newInstance0(Native Method)
	at java.base/jdk.internal.reflect.NativeConstructorAccessorImpl.newInstance(NativeConstructorAccessorImpl.java:62)
	at java.base/jdk.internal.reflect.DelegatingConstructorAccessorImpl.newInstance(DelegatingConstructorAccessorImpl.java:45)
	at java.base/java.lang.reflect.Constructor.newInstance(Constructor.java:490)
	at ptolemy.util.test.junit.AutoKnownFailedTests.RunModel(AutoKnownFailedTests.java:105)
	at java.base/jdk.internal.reflect.NativeMethodAccessorImpl.invoke0(Native Method)
	at java.base/jdk.internal.reflect.NativeMethodAccessorImpl.invoke(NativeMethodAccessorImpl.java:62)
	at java.base/jdk.internal.reflect.DelegatingMethodAccessorImpl.invoke(DelegatingMethodAccessorImpl.java:43)
	at java.base/java.lang.reflect.Method.invoke(Method.java:566)
	at org.junit.runners.model.FrameworkMethod$1.runReflectiveCall(FrameworkMethod.java:44)
	at org.junit.internal.runners.model.ReflectiveCallable.run(ReflectiveCallable.java:15)
	at org.junit.runners.model.FrameworkMethod.invokeExplosively(FrameworkMethod.java:41)
	at junitparams.internal.InvokeParameterisedMethod.evaluate(InvokeParameterisedMethod.java:102)
	at org.junit.internal.runners.statements.FailOnTimeout$1.run(FailOnTimeout.java:28)
Caused by: ptolemy.kernel.util.IllegalActionException: Found a zero delay loop containing .HierarchicalModel.A
  in .HierarchicalModel and .HierarchicalModel.A
	at ptolemy.actor.util.CausalityInterfaceForComposites._computeOutputPortDepth(CausalityInterfaceForComposites.java:759)
	at ptolemy.actor.util.CausalityInterfaceForComposites._computeInputDepth(CausalityInterfaceForComposites.java:696)
	at ptolemy.actor.util.CausalityInterfaceForComposites._computeOutputPortDepth(CausalityInterfaceForComposites.java:765)
	at ptolemy.actor.util.CausalityInterfaceForComposites._computeInputDepth(CausalityInterfaceForComposites.java:696)
	at ptolemy.actor.util.CausalityInterfaceForComposites._computeOutputPortDepth(CausalityInterfaceForComposites.java:765)
	at ptolemy.actor.util.CausalityInterfaceForComposites._computeInputDepth(CausalityInterfaceForComposites.java:696)
	at ptolemy.actor.util.CausalityInterfaceForComposites._computeActorDepth(CausalityInterfaceForComposites.java:532)
	at ptolemy.actor.util.CausalityInterfaceForComposites.checkForCycles(CausalityInterfaceForComposites.java:96)
	at ptolemy.domains.de.kernel.DEDirector.preinitialize(DEDirector.java:1338)
	at ptolemy.actor.CompositeActor.preinitialize(CompositeActor.java:1828)
	at ptolemy.actor.Manager.preinitializeAndResolveTypes(Manager.java:1040)
	at ptolemy.actor.Manager.initialize(Manager.java:710)
	at ptolemy.actor.Manager.execute(Manager.java:356)
	at ptolemy.actor.Manager.run(Manager.java:1263)
	at ptolemy.actor.Manager$PtolemyRunThread.run(Manager.java:1915)
java.lang.RuntimeException: Execution failed
	at ptolemy.moml.MoMLSimpleApplication$UnloadThread.run(MoMLSimpleApplication.java:402)
Caused by: ptolemy.kernel.util.IllegalActionException: Found a zero delay loop containing .dependencyLoop.original
  in .dependencyLoop and .dependencyLoop.original
	at ptolemy.actor.util.CausalityInterfaceForComposites._computeOutputPortDepth(CausalityInterfaceForComposites.java:759)
	at ptolemy.actor.util.CausalityInterfaceForComposites._computeInputDepth(CausalityInterfaceForComposites.java:696)
	at ptolemy.actor.util.CausalityInterfaceForComposites._computeOutputPortDepth(CausalityInterfaceForComposites.java:765)
	at ptolemy.actor.util.CausalityInterfaceForComposites._computeInputDepth(CausalityInterfaceForComposites.java:696)
	at ptolemy.actor.util.CausalityInterfaceForComposites._computeOutputPortDepth(CausalityInterfaceForComposites.java:765)
	at ptolemy.actor.util.CausalityInterfaceForComposites._computeInputDepth(CausalityInterfaceForComposites.java:696)
	at ptolemy.actor.util.CausalityInterfaceForComposites._computeActorDepth(CausalityInterfaceForComposites.java:532)
	at ptolemy.actor.util.CausalityInterfaceForComposites.checkForCycles(CausalityInterfaceForComposites.java:96)
	at ptolemy.domains.de.kernel.DEDirector.preinitialize(DEDirector.java:1338)
	at ptolemy.actor.CompositeActor.preinitialize(CompositeActor.java:1828)
	at ptolemy.actor.Manager.preinitializeAndResolveTypes(Manager.java:1040)
	at ptolemy.actor.Manager.initialize(Manager.java:710)
	at ptolemy.actor.Manager.execute(Manager.java:356)
	at ptolemy.actor.Manager.run(Manager.java:1263)
	at ptolemy.actor.Manager$PtolemyRunThread.run(Manager.java:1915)
java.lang.reflect.InvocationTargetException
	at java.base/jdk.internal.reflect.NativeConstructorAccessorImpl.newInstance0(Native Method)
	at java.base/jdk.internal.reflect.NativeConstructorAccessorImpl.newInstance(NativeConstructorAccessorImpl.java:62)
	at java.base/jdk.internal.reflect.DelegatingConstructorAccessorImpl.newInstance(DelegatingConstructorAccessorImpl.java:45)
	at java.base/java.lang.reflect.Constructor.newInstance(Constructor.java:490)
	at ptolemy.util.test.junit.AutoKnownFailedTests.RunModel(AutoKnownFailedTests.java:105)
	at java.base/jdk.internal.reflect.NativeMethodAccessorImpl.invoke0(Native Method)
	at java.base/jdk.internal.reflect.NativeMethodAccessorImpl.invoke(NativeMethodAccessorImpl.java:62)
	at java.base/jdk.internal.reflect.DelegatingMethodAccessorImpl.invoke(DelegatingMethodAccessorImpl.java:43)
	at java.base/java.lang.reflect.Method.invoke(Method.java:566)
	at org.junit.runners.model.FrameworkMethod$1.runReflectiveCall(FrameworkMethod.java:44)
	at org.junit.internal.runners.model.ReflectiveCallable.run(ReflectiveCallable.java:15)
	at org.junit.runners.model.FrameworkMethod.invokeExplosively(FrameworkMethod.java:41)
	at junitparams.internal.InvokeParameterisedMethod.evaluate(InvokeParameterisedMethod.java:102)
	at org.junit.internal.runners.statements.FailOnTimeout$1.run(FailOnTimeout.java:28)
Caused by: ptolemy.kernel.util.IllegalActionException: Found a zero delay loop containing .dependencyLoop.original
  in .dependencyLoop and .dependencyLoop.original
	at ptolemy.actor.util.CausalityInterfaceForComposites._computeOutputPortDepth(CausalityInterfaceForComposites.java:759)
	at ptolemy.actor.util.CausalityInterfaceForComposites._computeInputDepth(CausalityInterfaceForComposites.java:696)
	at ptolemy.actor.util.CausalityInterfaceForComposites._computeOutputPortDepth(CausalityInterfaceForComposites.java:765)
	at ptolemy.actor.util.CausalityInterfaceForComposites._computeInputDepth(CausalityInterfaceForComposites.java:696)
	at ptolemy.actor.util.CausalityInterfaceForComposites._computeOutputPortDepth(CausalityInterfaceForComposites.java:765)
	at ptolemy.actor.util.CausalityInterfaceForComposites._computeInputDepth(CausalityInterfaceForComposites.java:696)
	at ptolemy.actor.util.CausalityInterfaceForComposites._computeActorDepth(CausalityInterfaceForComposites.java:532)
	at ptolemy.actor.util.CausalityInterfaceForComposites.checkForCycles(CausalityInterfaceForComposites.java:96)
	at ptolemy.domains.de.kernel.DEDirector.preinitialize(DEDirector.java:1338)
	at ptolemy.actor.CompositeActor.preinitialize(CompositeActor.java:1828)
	at ptolemy.actor.Manager.preinitializeAndResolveTypes(Manager.java:1040)
	at ptolemy.actor.Manager.initialize(Manager.java:710)
	at ptolemy.actor.Manager.execute(Manager.java:356)
	at ptolemy.actor.Manager.run(Manager.java:1263)
	at ptolemy.actor.Manager$PtolemyRunThread.run(Manager.java:1915)
java.lang.RuntimeException: Execution failed
	at ptolemy.moml.MoMLSimpleApplication$UnloadThread.run(MoMLSimpleApplication.java:402)
Caused by: ptolemy.kernel.util.IllegalActionException: Found a zero delay loop containing .dependencyLoop2.original
  in .dependencyLoop2 and .dependencyLoop2.original
	at ptolemy.actor.util.CausalityInterfaceForComposites._computeOutputPortDepth(CausalityInterfaceForComposites.java:759)
	at ptolemy.actor.util.CausalityInterfaceForComposites._computeInputDepth(CausalityInterfaceForComposites.java:696)
	at ptolemy.actor.util.CausalityInterfaceForComposites._computeOutputPortDepth(CausalityInterfaceForComposites.java:765)
	at ptolemy.actor.util.CausalityInterfaceForComposites._computeInputDepth(CausalityInterfaceForComposites.java:696)
	at ptolemy.actor.util.CausalityInterfaceForComposites._computeOutputPortDepth(CausalityInterfaceForComposites.java:765)
	at ptolemy.actor.util.CausalityInterfaceForComposites._computeInputDepth(CausalityInterfaceForComposites.java:696)
	at ptolemy.actor.util.CausalityInterfaceForComposites._computeActorDepth(CausalityInterfaceForComposites.java:532)
	at ptolemy.actor.util.CausalityInterfaceForComposites.checkForCycles(CausalityInterfaceForComposites.java:96)
	at ptolemy.domains.de.kernel.DEDirector.preinitialize(DEDirector.java:1338)
	at ptolemy.actor.CompositeActor.preinitialize(CompositeActor.java:1828)
	at ptolemy.actor.Manager.preinitializeAndResolveTypes(Manager.java:1040)
	at ptolemy.actor.Manager.initialize(Manager.java:710)
	at ptolemy.actor.Manager.execute(Manager.java:356)
	at ptolemy.actor.Manager.run(Manager.java:1263)
	at ptolemy.actor.Manager$PtolemyRunThread.run(Manager.java:1915)
java.lang.reflect.InvocationTargetException
	at java.base/jdk.internal.reflect.NativeConstructorAccessorImpl.newInstance0(Native Method)
	at java.base/jdk.internal.reflect.NativeConstructorAccessorImpl.newInstance(NativeConstructorAccessorImpl.java:62)
	at java.base/jdk.internal.reflect.DelegatingConstructorAccessorImpl.newInstance(DelegatingConstructorAccessorImpl.java:45)
	at java.base/java.lang.reflect.Constructor.newInstance(Constructor.java:490)
	at ptolemy.util.test.junit.AutoKnownFailedTests.RunModel(AutoKnownFailedTests.java:105)
	at java.base/jdk.internal.reflect.NativeMethodAccessorImpl.invoke0(Native Method)
	at java.base/jdk.internal.reflect.NativeMethodAccessorImpl.invoke(NativeMethodAccessorImpl.java:62)
	at java.base/jdk.internal.reflect.DelegatingMethodAccessorImpl.invoke(DelegatingMethodAccessorImpl.java:43)
	at java.base/java.lang.reflect.Method.invoke(Method.java:566)
	at org.junit.runners.model.FrameworkMethod$1.runReflectiveCall(FrameworkMethod.java:44)
	at org.junit.internal.runners.model.ReflectiveCallable.run(ReflectiveCallable.java:15)
	at org.junit.runners.model.FrameworkMethod.invokeExplosively(FrameworkMethod.java:41)
	at junitparams.internal.InvokeParameterisedMethod.evaluate(InvokeParameterisedMethod.java:102)
	at org.junit.internal.runners.statements.FailOnTimeout$1.run(FailOnTimeout.java:28)
Caused by: ptolemy.kernel.util.IllegalActionException: Found a zero delay loop containing .dependencyLoop2.original
  in .dependencyLoop2 and .dependencyLoop2.original
	at ptolemy.actor.util.CausalityInterfaceForComposites._computeOutputPortDepth(CausalityInterfaceForComposites.java:759)
	at ptolemy.actor.util.CausalityInterfaceForComposites._computeInputDepth(CausalityInterfaceForComposites.java:696)
	at ptolemy.actor.util.CausalityInterfaceForComposites._computeOutputPortDepth(CausalityInterfaceForComposites.java:765)
	at ptolemy.actor.util.CausalityInterfaceForComposites._computeInputDepth(CausalityInterfaceForComposites.java:696)
	at ptolemy.actor.util.CausalityInterfaceForComposites._computeOutputPortDepth(CausalityInterfaceForComposites.java:765)
	at ptolemy.actor.util.CausalityInterfaceForComposites._computeInputDepth(CausalityInterfaceForComposites.java:696)
	at ptolemy.actor.util.CausalityInterfaceForComposites._computeActorDepth(CausalityInterfaceForComposites.java:532)
	at ptolemy.actor.util.CausalityInterfaceForComposites.checkForCycles(CausalityInterfaceForComposites.java:96)
	at ptolemy.domains.de.kernel.DEDirector.preinitialize(DEDirector.java:1338)
	at ptolemy.actor.CompositeActor.preinitialize(CompositeActor.java:1828)
	at ptolemy.actor.Manager.preinitializeAndResolveTypes(Manager.java:1040)
	at ptolemy.actor.Manager.initialize(Manager.java:710)
	at ptolemy.actor.Manager.execute(Manager.java:356)
	at ptolemy.actor.Manager.run(Manager.java:1263)
	at ptolemy.actor.Manager$PtolemyRunThread.run(Manager.java:1915)
]]></system-err>
</testsuite>
