<?xml version="1.0" encoding="UTF-8" ?>
<testsuite errors="0" failures="1" hostname="travis-job-28fc627a-b80c-4d98-b57c-f3a8c46b70d0" name="ptolemy.actor.lib.test.junit.JUnitTclTest" skipped="0" tests="517" time="65.227" timestamp="2019-12-09T06:20:52">
  <properties>
    <property name="npm.executable" value="npm" />
    <property name="env.TRAVIS_ROOT" value="/" />
    <property name="ptII.mk.exists" value="true" />
    <property name="env.TRAVIS_APP_HOST" value="build.travis-ci.org" />
    <property name="env.rvm_bin_path" value="/home/travis/.rvm/bin" />
    <property name="java.home" value="/usr/local/lib/jvm/openjdk11" />
    <property name="env.TRAVIS_JOB_NUMBER" value="1422.8" />
    <property name="env.TRAVIS_HOME" value="/home/travis" />
    <property name="env.DISPLAY" value=":99.0" />
    <property name="env.TRAVIS_INIT" value="systemd" />
    <property name="env.SSH_TTY" value="/dev/pts/0" />
    <property name="java.net.preferIPv4Stack" value="true" />
    <property name="env.RUN_TESTS" value="true" />
    <property name="timeout.short" value="1000000" />
    <property name="junit.formatter" value="xml" />
    <property name="env.TRAVIS_SUDO" value="true" />
    <property name="env.TRAVIS_JOB_NAME" value="" />
    <property name="env.TRAVIS_STACK_NODE_ATTRIBUTES" value="/.node-attributes.yml" />
    <property name="env.LOGNAME" value="travis" />
    <property name="env.PT_TRAVIS_TEST_CORE1_XML" value="true" />
    <property name="jsdoc.home" value="node_modules/@terraswarm/jsdoc" />
    <property name="debuglevel" value="source,lines,vars" />
    <property name="checkstyle.formatter" value="xml" />
    <property name="env._system_version" value="16.04" />
    <property name="bin.vergil.makeable" value="true" />
    <property name="sun.os.patch.level" value="unknown" />
    <property name="java.vendor.url" value="http://java.oracle.com/" />
    <property name="env.TRAVIS_BUILD_WEB_URL" value="https://travis-ci.org/icyphy/ptII/builds/622494071" />
    <property name="java.version" value="11.0.2" />
    <property name="env.TZ" value="UTC" />
    <property name="env.TRAVIS_PULL_REQUEST_SHA" value="" />
    <property name="env.PT_NO_NET" value="true" />
    <property name="env.TRAVIS_SECURE_ENV_VARS" value="true" />
    <property name="env._system_type" value="Linux" />
    <property name="java.vendor.url.bug" value="http://bugreport.java.com/bugreport/" />
    <property name="npmjs-org-is-up" value="true" />
    <property name="env.LANGUAGE" value="en_US.UTF-8" />
    <property name="env.SSH_CLIENT" value="10.24.3.11 44948 22" />
    <property name="env.GEM_HOME" value="/home/travis/.rvm/gems/ruby-2.5.3" />
    <property name="env.HAS_ANTARES_THREE_LITTLE_FRONZIES_BADGE" value="true" />
    <property name="java.version.date" value="2019-01-15" />
    <property name="env.PS4" value="+" />
    <property name="ant.project.invoked-targets" value="build,test.core1.xml" />
    <property name="env.TRAVIS_PULL_REQUEST_BRANCH" value="" />
    <property name="env.TRAVIS_REPO_SLUG" value="icyphy/ptII" />
    <property name="env.XDG_DATA_DIRS" value="/usr/local/share:/usr/share:/var/lib/snapd/desktop" />
    <property name="jdk.debug" value="release" />
    <property name="env.TRAVIS_APT_PROXY" value="http://apt.cache.travis-ci.com" />
    <property name="env.TRAVIS_CPU_ARCH" value="amd64" />
    <property name="node.in.path" value="true" />
    <property name="user.name" value="travis" />
    <property name="java.maxmemory" value="1400m" />
    <property name="env.RUBY_VERSION" value="ruby-2.5.3" />
    <property name="env.LANG" value="en_US.UTF-8" />
    <property name="sun.io.unicode.encoding" value="UnicodeLittle" />
    <property name="sun.jnu.encoding" value="UTF-8" />
    <property name="java.runtime.name" value="OpenJDK Runtime Environment" />
    <property name="usefile" value="false" />
    <property name="return.code" value="0" />
    <property name="junit.single.formatter" value="plain" />
    <property name="env.DYLD_LIBRARY_PATH" value="/home/travis/pthla/certi-tools/lib:" />
    <property name="env.DEBIAN_FRONTEND" value="noninteractive" />
    <property name="env.SSH_CONNECTION" value="10.24.3.11 44948 10.20.0.212 22" />
    <property name="env.MYSQL_UNIX_PORT" value="/var/run/mysqld/mysqld.sock" />
    <property name="env.LC_ALL" value="en_US.UTF-8" />
    <property name="env.TRAVIS_ALLOW_FAILURE" value="false" />
    <property name="env.TRAVIS_JOB_WEB_URL" value="https://travis-ci.org/icyphy/ptII/jobs/622494079" />
    <property name="java.specification.name" value="Java Platform API Specification" />
    <property name="node.works" value="true" />
    <property name="user.timezone" value="" />
    <property name="path.separator" value=":" />
    <property name="env.TRAVIS_ENABLE_INFRA_DETECTION" value="true" />
    <property name="env.PYTHON_CFLAGS" value="-g -fstack-protector --param=ssp-buffer-size=4 -Wformat -Werror=format-security" />
    <property name="timeout.long" value="4000000" />
    <property name="env.CERTI_HOME" value="/home/travis/pthla/certi-tools" />
    <property name="ant.file.ptII" value="/home/travis/build/icyphy/ptII/build.xml" />
    <property name="javadoc.packagenames" value="com.*,diva.*,lbnl.*,org.hlacerti.*,org.json.*,org.ptolemy.*,org.terraswarm.*,ptolemy.*,ptserver.*" />
    <property name="file.encoding" value="UTF-8" />
    <property name="env.TRAVIS_PULL_REQUEST_SLUG" value="" />
    <property name="ant.project.default-target" value="build" />
    <property name="env.GIT_ASKPASS" value="echo" />
    <property name="env.HOME" value="/home/travis" />
    <property name="sun.java.command" value="org.apache.tools.ant.taskdefs.optional.junit.JUnitTestRunner ptolemy.actor.lib.test.junit.JUnitTclTest skipNonTests=false filtertrace=true haltOnError=false haltOnFailure=false formatter=org.apache.tools.ant.taskdefs.optional.junit.OutErrSummaryJUnitResultFormatter showoutput=true outputtoformatters=true logfailedtests=true threadid=0 logtestlistenerevents=false formatter=org.apache.tools.ant.taskdefs.optional.junit.XMLJUnitResultFormatter,/home/travis/build/icyphy/ptII/reports/junit/TEST-ptolemy.actor.lib.test.junit.JUnitTclTest.xml crashfile=/home/travis/build/icyphy/ptII/junitvmwatcher10865508986788265831.properties propsfile=/home/travis/build/icyphy/ptII/junit1080590743909142206.properties" />
    <property name="env.COMPOSER_NO_INTERACTION" value="1" />
    <property name="env.MANPATH" value="/home/travis/.nvm/versions/node/v7.10.1/share/man:/home/travis/.rvm/rubies/ruby-2.5.3/share/man:/usr/local/cmake-3.12.4/man:/usr/local/clang-7.0.0/share/man:/usr/local/man:/usr/local/share/man:/usr/share/man:/home/travis/.rvm/man" />
    <property name="env.TRAVIS_TIMER_ID" value="0debf726" />
    <property name="ant.file" value="/home/travis/build/icyphy/ptII/build.xml" />
    <property name="env.TRAVIS_COMMIT_RANGE" value="45a1af74cde64810f1a740ff9bd66386be4e642c...11deb69804adb5926cd4863c8231df6048994796" />
    <property name="env._system_name" value="Ubuntu" />
    <property name="ptII.classpath.optional.property" value="/home/travis/build/icyphy/ptII/lib/bsh-2.0b4.jar:/home/travis/build/icyphy/ptII/lib/ptCal.jar:/home/travis/build/icyphy/ptII/lib/java_cup.jar:/home/travis/build/icyphy/ptII/lib/saxon8.jar:/home/travis/build/icyphy/ptII/lib/saxon8-dom.jar:/home/travis/build/icyphy/ptII/lib/chic.jar:/home/travis/build/icyphy/ptII/lib/ptcolt.jar:/home/travis/build/icyphy/ptII/vendors/misc/itext/iText.jar:/home/travis/build/icyphy/ptII/lib/g4ltl.jar:/home/travis/build/icyphy/ptII/lib/StructuralCoder.jar:/home/travis/build/icyphy/ptII/lib/jcerti.jar:/home/travis/build/icyphy/ptII/lib/javax.mail.jar:/home/travis/build/icyphy/ptII/vendors/JMF-2.1.1e/lib/jmf.jar:/home/travis/build/icyphy/ptII/lib/jna-4.0.0-variadic.jar:/home/travis/build/icyphy/ptII/vendors/misc/joystick/Joystick.jar:/home/travis/build/icyphy/ptII/lib/ptjacl.jar:/home/travis/build/icyphy/ptII/lib/jsoup-1.8.2.jar:/home/travis/build/icyphy/ptII/lib/junit-4.8.2.jar:/home/travis/build/icyphy/ptII/lib/JUnitParams-0.4.0.jar:/home/travis/build/icyphy/ptII/ptolemy/actor/lib/excel/jxl.jar:/home/travis/build/icyphy/ptII/lib/jython.jar:/home/travis/build/icyphy/ptII/lib/kieler.jar:/home/travis/build/icyphy/ptII/vendors/opencv/share/OpenCV/java/opencv-341.jar:/home/travis/build/icyphy/ptII/lib/oscP5.jar:/home/travis/build/icyphy/ptII/lib/nrjavaserial-3.11.0.devel.jar:/home/travis/build/icyphy/ptII/vendors/j3d/lib/Linux/j3dcore.jar:/home/travis/build/icyphy/ptII/vendors/j3d/lib/Linux/j3dutils.jar:/home/travis/build/icyphy/ptII/vendors/j3d/lib/Linux/vecmath.jar:/home/travis/build/icyphy/ptII/vendors/jogl/lib/Linux/gluegen-rt-natives-linux-amd64.jar:/home/travis/build/icyphy/ptII/vendors/jogl/lib/Linux/gluegen-rt.jar:/home/travis/build/icyphy/ptII/vendors/jogl/lib/Linux/jogl-all-natives-linux-amd64.jar:/home/travis/build/icyphy/ptII/vendors/jogl/lib/Linux/jogl-all.jar:/home/travis/build/icyphy/ptII/ptolemy/distributed/jini/jar/jini-core.jar:/home/travis/build/icyphy/ptII/ptolemy/distributed/jini/jar/jini-ext.jar:/home/travis/build/icyphy/ptII/ptolemy/distributed/jini/jar/sun-util.jar:/home/travis/build/icyphy/ptII/lib/protobuf-java-2.4.1.jar:/home/travis/build/icyphy/ptII/lib/org.eclipse.paho.client.mqttv3.jar:/home/travis/build/icyphy/ptII/lib/mapss.jar:/home/travis/build/icyphy/ptII/ptolemy/actor/ptalon/antlr/antlr.jar:/home/travis/build/icyphy/ptII/lib/JRI.jar:/home/travis/build/icyphy/ptII/lib/commons-lang-2.6.jar:/home/travis/build/icyphy/ptII/lib/commons-logging-1.1.1.jar:/home/travis/build/icyphy/ptII/lib/sootclasses.jar:/home/travis/build/icyphy/ptII/ptolemy/actor/lib/database/mysql-connector-java-5.1.6-bin.jar:/home/travis/build/icyphy/ptII/vendors/misc/sphinx4/sphinx4-data-5prealpha.jar:/home/travis/build/icyphy/ptII/vendors/misc/sphinx4/sphinx4-core-5prealpha.jar:/home/travis/build/icyphy/ptII/lib/PDFRenderer.jar:/home/travis/build/icyphy/ptII/lib/svgSalamander.jar:/home/travis/build/icyphy/ptII/lib/rsyntaxtextarea-2.6.0-SNAPSHOT.jar:/home/travis/build/icyphy/ptII/lib/hazelcast-3.8.2.jar:/home/travis/build/icyphy/ptII/lib/jackson-annotations-2.9.0.jar:/home/travis/build/icyphy/ptII/lib/jackson-core-2.9.3.jar:/home/travis/build/icyphy/ptII/lib/jackson-databind-2.9.3.jar:/home/travis/build/icyphy/ptII/lib/netty-buffer-4.1.19.Final.jar:/home/travis/build/icyphy/ptII/lib/netty-codec-4.1.19.Final.jar:/home/travis/build/icyphy/ptII/lib/netty-codec-dns-4.1.19.Final.jar:/home/travis/build/icyphy/ptII/lib/netty-codec-http-4.1.19.Final.jar:/home/travis/build/icyphy/ptII/lib/netty-codec-http2-4.1.19.Final.jar:/home/travis/build/icyphy/ptII/lib/netty-common-4.1.19.Final.jar:/home/travis/build/icyphy/ptII/lib/netty-handler-4.1.19.Final.jar:/home/travis/build/icyphy/ptII/lib/netty-resolver-4.1.19.Final.jar:/home/travis/build/icyphy/ptII/lib/netty-resolver-dns-4.1.19.Final.jar:/home/travis/build/icyphy/ptII/lib/netty-transport-4.1.19.Final.jar:/home/travis/build/icyphy/ptII/lib/vertx-codegen-3.5.1.jar:/home/travis/build/icyphy/ptII/lib/vertx-core-3.5.2-SNAPSHOT.jar:/home/travis/build/icyphy/ptII/lib/vertx-hazelcast-3.5.1.jar:/home/travis/build/icyphy/ptII/lib/vertx-lang-js-3.5.1.jar:/home/travis/build/icyphy/ptII/lib/vertx-service-proxy-3.5.1.jar:/home/travis/build/icyphy/ptII/lib/vertx-web-3.5.1.jar:/home/travis/build/icyphy/ptII/lib/slf4j-api-1.7.13.jar:/home/travis/build/icyphy/ptII/lib/slf4j-simple-1.7.13.jar:/home/travis/build/icyphy/ptII/lib/webcam-capture-0.3.12.jar:/home/travis/build/icyphy/ptII/lib/bridj-0.7.0.jar:/home/travis/build/icyphy/ptII/lib/xbjlib-1.1.0.nrjavaserial.jar" />
    <property name="timeout" value="2400000" />
    <property name="test.batch" value="**/junit/*.java" />
    <property name="env._" value="/usr/bin/timeout" />
    <property name="java.io.tmpdir" value="/tmp" />
    <property name="user.language" value="en" />
    <property name="env.TRAVIS_INTERNAL_RUBY_REGEX" value="^ruby-(2\.[0-4]\.[0-9]|1\.9\.3)" />
    <property name="env.HISTCONTROL" value="ignoredups:ignorespace" />
    <property name="env.GOROOT" value="/home/travis/.gimme/versions/go1.11.1.linux.amd64" />
    <property name="line.separator" value="&#xa;" />
    <property name="target" value="11" />
    <property name="env.TRAVIS_BUILD_DIR" value="/home/travis/build/icyphy/ptII" />
    <property name="env.ANT_OPTS" value="-Xmx2048m" />
    <property name="ant.file.type" value="file" />
    <property name="ptolemy.ptII.batchMode" value="true" />
    <property name="env.HISTSIZE" value="1000" />
    <property name="env.MERB_ENV" value="test" />
    <property name="java.vm.info" value="mixed mode" />
    <property name="source" value="11" />
    <property name="java.vm.specification.name" value="Java Virtual Machine Specification" />
    <property name="env.TRAVIS_TEST_RESULT" value="0" />
    <property name="jsdoc.command" value="node_modules/@terraswarm/jsdoc/jsdoc.js" />
    <property name="npm.works" value="true" />
    <property name="cobertura.dir" value="/home/travis/build/icyphy/ptII/vendors/cobertura-2.0.3" />
    <property name="jsdoc.command.exists" value="true" />
    <property name="env.rvm_path" value="/home/travis/.rvm" />
    <property name="env.GEM_PATH" value="/home/travis/.rvm/gems/ruby-2.5.3:/home/travis/.rvm/gems/ruby-2.5.3@global" />
    <property name="env.LC_CTYPE" value="en_US.UTF-8" />
    <property name="env.TRAVIS_CMD" value="$PTII/bin/ptIITravisBuild.sh $SECONDS" />
    <property name="java.awt.printerjob" value="sun.print.PSPrinterJob" />
    <property name="env.TRAVIS_STACK_NAME" value="sardonyx" />
    <property name="env.TRAVIS_TIMER_START_TIME" value="1575871755383059109" />
    <property name="ant.version" value="Apache Ant(TM) version 1.10.1 compiled on February 2 2017" />
    <property name="ptII.reports" value="/home/travis/build/icyphy/ptII/reports" />
    <property name="env.TRAVIS_STACK_TIMESTAMP" value="2019-03-25 16:16:56 UTC" />
    <property name="ant.file.type.ptII" value="file" />
    <property name="env.RBENV_SHELL" value="bash" />
    <property name="os.name" value="Linux" />
    <property name="java.specification.vendor" value="Oracle Corporation" />
    <property name="env.rvm_version" value="1.29.7 (latest)" />
    <property name="env.TRAVIS_INFRA" value="unknown" />
    <property name="env.TERM" value="xterm" />
    <property name="java.vm.name" value="OpenJDK 64-Bit Server VM" />
    <property name="env.TRAVIS_BUILD_NUMBER" value="1422" />
    <property name="env.CI" value="true" />
    <property name="java.library.path" value="/home/travis/pthla/certi-tools/lib:/usr/lib/jni:/usr/local/share/OpenCV/java/:/usr/share/OpenCV/java::/usr/java/packages/lib:/usr/lib64:/lib64:/lib:/usr/lib" />
    <property name="jdk.module.path" value="/home/travis/build/icyphy/ptII/vendors/javafx/javafx-sdk-11.0.2/lib:" />
    <property name="env.rvm_prefix" value="/home/travis" />
    <property name="env.PATH" value="/home/travis/pthla/certi-tools/share/scripts:/home/travis/.rvm/gems/ruby-2.5.3/bin:/home/travis/.rvm/gems/ruby-2.5.3@global/bin:/home/travis/.rvm/rubies/ruby-2.5.3/bin:/home/travis/.rvm/bin:/home/travis/.nvm/versions/node/v7.10.1/bin:./node_modules/.bin:/home/travis/build/icyphy/ptII/bin:/home/travis/pthla/certi-tools/bin:/home/travis/bin:/home/travis/.local/bin:/usr/local/lib/jvm/openjdk11/bin:/opt/pyenv/shims:/home/travis/.phpenv/shims:/home/travis/perl5/perlbrew/bin:/home/travis/gopath/bin:/home/travis/.gimme/versions/go1.11.1.linux.amd64/bin:/usr/local/maven-3.6.0/bin:/usr/local/cmake-3.12.4/bin:/usr/local/clang-7.0.0/bin:/usr/local/sbin:/usr/local/bin:/usr/sbin:/usr/bin:/sbin:/bin:/snap/bin:/home/travis/.phpenv/bin:/opt/pyenv/bin:/home/travis/.yarn/bin" />
    <property name="env.TRAVIS_OS_NAME" value="linux" />
    <property name="ant.java.version" value="9" />
    <property name="basedir" value="/home/travis/build/icyphy/ptII" />
    <property name="java.class.version" value="55.0" />
    <property name="env.SHLVL" value="3" />
    <property name="env.LD_LIBRARY_PATH" value="/home/travis/pthla/certi-tools/lib:/usr/lib/jni:/usr/local/share/OpenCV/java/:/usr/share/OpenCV/java:" />
    <property name="env.RACK_ENV" value="test" />
    <property name="ant.home" value="/home/travis/build/icyphy/ptII/ant" />
    <property name="env.NVM_DIR" value="/home/travis/.nvm" />
    <property name="env.CERTI_FOM_PATH" value="/home/travis/pthla/certi-tools/share/federations" />
    <property name="env.TRAVIS_BUILD_ID" value="622494071" />
    <property name="env.PYENV_ROOT" value="/opt/pyenv" />
    <property name="env.TRAVIS_UID" value="2000" />
    <property name="prism.verbose" value="true" />
    <property name="env.NVM_BIN" value="/home/travis/.nvm/versions/node/v7.10.1/bin" />
    <property name="env.TRAVIS_COMMIT" value="11deb69804adb5926cd4863c8231df6048994796" />
    <property name="env._system_arch" value="x86_64" />
    <property name="node.executable" value="node" />
    <property name="sun.boot.library.path" value="/usr/local/lib/jvm/openjdk11/lib" />
    <property name="sun.management.compiler" value="HotSpot 64-Bit Tiered Compilers" />
    <property name="java.awt.graphicsenv" value="sun.awt.X11GraphicsEnvironment" />
    <property name="env.GOPATH" value="/home/travis/gopath" />
    <property name="ptolemy.ptII.dir" value="/home/travis/build/icyphy/ptII" />
    <property name="env.USER" value="travis" />
    <property name="env.HISTFILESIZE" value="2000" />
    <property name="timeout.longest" value="19000000" />
    <property name="env.PERLBREW_SHELLRC_VERSION" value="0.86" />
    <property name="env.TRAVIS_STACK_FEATURES" value="basic couchdb disabled-ipv6 docker docker-compose elasticsearch firefox go-toolchain google-chrome jdk memcached mongodb mysql nodejs_interpreter perl_interpreter perlbrew phantomjs postgresql python_interpreter redis ruby_interpreter sqlite xserver" />
    <property name="env.TRAVIS_PULL_REQUEST" value="false" />
    <property name="env.PYENV_SHELL" value="bash" />
    <property name="ant.project.name" value="ptII" />
    <property name="env.ANSI_RESET" value="\033[0m" />
    <property name="java.vm.specification.version" value="11" />
    <property name="env.TRAVIS_DIST" value="xenial" />
    <property name="env.CERTI_VERSION" value="4.0.0" />
    <property name="env.CERTI_HOST" value="localhost" />
    <property name="awt.toolkit" value="sun.awt.X11.XToolkit" />
    <property name="env.MY_RUBY_HOME" value="/home/travis/.rvm/rubies/ruby-2.5.3" />
    <property name="sun.cpu.isalist" value="" />
    <property name="env.TRAVIS_TMPDIR" value="/tmp/tmp.MMJ4aVbi9t" />
    <property name="java.vm.compressedOopsMode" value="Zero based" />
    <property name="os.version" value="4.15.0-1028-gcp" />
    <property name="user.home" value="/home/travis" />
    <property name="java.vm.vendor" value="Oracle Corporation" />
    <property name="env.TRAVIS_TAG" value="nightly" />
    <property name="env.ANSI_YELLOW" value="\033[33;1m" />
    <property name="env.TRAVIS_FILTERED" value="redirect_io" />
    <property name="env.ANSI_GREEN" value="\033[32;1m" />
    <property name="env.JAVA_HOME" value="/usr/local/lib/jvm/openjdk11" />
    <property name="javadoc.excludepackagenames" value="adm.cvs2svn.*,build.*,config.*,doc.coding.templates.*,jni.test.jni.meaningOfLife.*,jni.test.jni.testDeux.*,jni.test.jni.testTrois.*,org.terraswarm.accessor.accessors.web.node_modules.*,org.terraswarm.accessor.accessors.web.hosts.cordova.demo.*,org.terraswarm.accessor.accessors.web.hosts.cordova.plugins.*,org.terraswarm.accessor.accessors-svn.*,pt-modules.*,ptolemy.apps.agilent.*,ptolemy.apps.anytimecontrol.*,ptolemy.apps.apes.*,ptolemy.apps.charon.*,ptolemy.apps.crazyboard.*,ptolemy.apps.eclipse.*,ptolemy.apps.etherealSting.*,ptolemy.apps.fullscreen.*,ptolemy.apps.giotto.*,ptolemy.apps.ia.*,ptolemy.apps.interfaces.*,ptolemy.apps.jmf.*,ptolemy.apps.kurt.*,ptolemy.apps.kvm.*,ptolemy.apps.lego.*,ptolemy.apps.lejos.*,ptolemy.apps.midp.*,ptolemy.apps.mobileCoding.*,ptolemy.apps.pendulum.*,ptolemy.apps.rijndael.*,ptolemy.apps.robot.*,ptolemy.apps.security.*,ptolemy.apps.sobel.*,ptolemy.apps.soot.*,ptolemy.apps.throttle.*,ptolemy.apps.tini.*,ptolemy.apps.transmission.*,ptolemy.apps.vergil.*,ptolemy.apps.waba.*,ptolemy.apps.websensor.*,ptolemy.apps.webstart.*,ptolemy.apps.xsl.*,ptolemy.apps.zaurus.*,ptolemy.codegen.c.actor.lib.oldJavaFiles.*,ptolemy.codegen.dsp.lib.*,ptolemy.codegen.kernel.newInterfaces.*,ptolemy.codegen.lib.*,ptolemy.copernicus.kernel.fragment.*,ptolemy.copernicus.shallow.cg.*,ptolemy.domains.giotto.demo.Hierarchy.Hierarchy.*,ptolemy.domains.giotto.demo.Multimode.Multimode.*,ptolemy.domains.giotto.demo.Simple.Simple.*,ptolemy.domains.gr.lib.experimental.*,ptolemy.domains.gro.*,ptolemy.domains.pdf.*,ptolemy.domains.ptinyos.demo.Surge.output.*,ptolemy.moml.test.NoPackageActor.java*,ptolemy.plot.adm.*,ptolemy.plot.servlet.*,reports.*,signed.*,src.*,target.*,vendors.*,ptolemy.copernicus.applet.*,ptolemy.media.viewer.*,ptolemy.actor.corba.*,doc.doclets.*,ptolemy.apps.eclipse.awt.*,ptolemy.backtrack.*,ptolemy.backtrack.ast.*,ptolemy.cg.adapter.generic.program.procedural.c.mbed*,ptolemy.homer.*,ptolemy.actor.lib.jai.*,org.ptolemy.scala.*,diva.util.java2d.svg.*,ptolemy.domains.ptinyos.*,ptolemy.actor.lib.fmi.fmipp.*,,org.terraswarm.accessor.accessors.web.node_modules.*,org.terraswarm.accessor.accessors-svn,ptolemy.apps.*,ptolemy.actor.ptalon.demo.ptinyos.SendAndReceiveCnt.output,ptolemy.actor.ptalon.demo.ptinyos.SenseToLeds.output,ptolemy.domains.ptinyos.demo.CntToLedsAndRfm.output,ptolemy.domains.ptinyos.demo.RfmToLeds.output,ptolemy.domains.ptinyos.demo.SendAndReceiveCnt.output,ptolemy.domains.ptinyos.demo.SenseToLeds.output,ptolemy.actor.lib.jjs.modules.udpSocket.*" />
    <property name="env.PTII" value="/home/travis/build/icyphy/ptII" />
    <property name="env.XDG_SESSION_ID" value="2" />
    <property name="keystore" value="ptKeystore" />
    <property name="env.TRAVIS_COMMIT_MESSAGE" value="Conform a model to new HlaManager design." />
    <property name="junit.output.dir" value="/home/travis/build/icyphy/ptII/reports/junit" />
    <property name="npm.return.code" value="0" />
    <property name="user.dir" value="/home/travis/build/icyphy/ptII/ptolemy/actor/lib/test" />
    <property name="env.TRAVIS_NODE_VERSION" value="7" />
    <property name="env.TRAVIS_EVENT_TYPE" value="cron" />
    <property name="env.MAIL" value="/var/mail/travis" />
    <property name="env.PERLBREW_ROOT" value="/home/travis/perl5/perlbrew" />
    <property name="env.PWD" value="/home/travis/build/icyphy/ptII" />
    <property name="timeout.npm" value="45000" />
    <property name="env.TRAVIS_ARCH" value="amd64" />
    <property name="sun.cpu.endian" value="little" />
    <property name="env.PAGER" value="cat" />
    <property name="env.TRAVIS_BUILD_STAGE_NAME" value="Test" />
    <property name="env.PERLBREW_HOME" value="/home/travis/.perlbrew" />
    <property name="java.vm.version" value="11.0.2+9" />
    <property name="env.RAILS_ENV" value="test" />
    <property name="java.class.path" value="/home/travis/.ptolemyII:/home/travis/.ptolemyII/*:/home/travis/build/icyphy/ptII:/home/travis/build/icyphy/ptII/lib/bsh-2.0b4.jar:/home/travis/build/icyphy/ptII/lib/ptCal.jar:/home/travis/build/icyphy/ptII/lib/java_cup.jar:/home/travis/build/icyphy/ptII/lib/saxon8.jar:/home/travis/build/icyphy/ptII/lib/saxon8-dom.jar:/home/travis/build/icyphy/ptII/lib/chic.jar:/home/travis/build/icyphy/ptII/lib/ptcolt.jar:/home/travis/build/icyphy/ptII/vendors/misc/itext/iText.jar:/home/travis/build/icyphy/ptII/lib/g4ltl.jar:/home/travis/build/icyphy/ptII/lib/StructuralCoder.jar:/home/travis/build/icyphy/ptII/lib/jcerti.jar:/home/travis/build/icyphy/ptII/lib/javax.mail.jar:/home/travis/build/icyphy/ptII/vendors/JMF-2.1.1e/lib/jmf.jar:/home/travis/build/icyphy/ptII/lib/jna-4.0.0-variadic.jar:/home/travis/build/icyphy/ptII/vendors/misc/joystick/Joystick.jar:/home/travis/build/icyphy/ptII/lib/ptjacl.jar:/home/travis/build/icyphy/ptII/lib/jsoup-1.8.2.jar:/home/travis/build/icyphy/ptII/lib/junit-4.8.2.jar:/home/travis/build/icyphy/ptII/lib/JUnitParams-0.4.0.jar:/home/travis/build/icyphy/ptII/ptolemy/actor/lib/excel/jxl.jar:/home/travis/build/icyphy/ptII/lib/jython.jar:/home/travis/build/icyphy/ptII/lib/kieler.jar:/home/travis/build/icyphy/ptII/vendors/opencv/share/OpenCV/java/opencv-341.jar:/home/travis/build/icyphy/ptII/lib/oscP5.jar:/home/travis/build/icyphy/ptII/lib/nrjavaserial-3.11.0.devel.jar:/home/travis/build/icyphy/ptII/vendors/j3d/lib/Linux/j3dcore.jar:/home/travis/build/icyphy/ptII/vendors/j3d/lib/Linux/j3dutils.jar:/home/travis/build/icyphy/ptII/vendors/j3d/lib/Linux/vecmath.jar:/home/travis/build/icyphy/ptII/vendors/jogl/lib/Linux/gluegen-rt-natives-linux-amd64.jar:/home/travis/build/icyphy/ptII/vendors/jogl/lib/Linux/gluegen-rt.jar:/home/travis/build/icyphy/ptII/vendors/jogl/lib/Linux/jogl-all-natives-linux-amd64.jar:/home/travis/build/icyphy/ptII/vendors/jogl/lib/Linux/jogl-all.jar:/home/travis/build/icyphy/ptII/ptolemy/distributed/jini/jar/jini-core.jar:/home/travis/build/icyphy/ptII/ptolemy/distributed/jini/jar/jini-ext.jar:/home/travis/build/icyphy/ptII/ptolemy/distributed/jini/jar/sun-util.jar:/home/travis/build/icyphy/ptII/lib/protobuf-java-2.4.1.jar:/home/travis/build/icyphy/ptII/lib/org.eclipse.paho.client.mqttv3.jar:/home/travis/build/icyphy/ptII/lib/mapss.jar:/home/travis/build/icyphy/ptII/ptolemy/actor/ptalon/antlr/antlr.jar:/home/travis/build/icyphy/ptII/lib/JRI.jar:/home/travis/build/icyphy/ptII/lib/commons-lang-2.6.jar:/home/travis/build/icyphy/ptII/lib/commons-logging-1.1.1.jar:/home/travis/build/icyphy/ptII/lib/sootclasses.jar:/home/travis/build/icyphy/ptII/ptolemy/actor/lib/database/mysql-connector-java-5.1.6-bin.jar:/home/travis/build/icyphy/ptII/vendors/misc/sphinx4/sphinx4-data-5prealpha.jar:/home/travis/build/icyphy/ptII/vendors/misc/sphinx4/sphinx4-core-5prealpha.jar:/home/travis/build/icyphy/ptII/lib/PDFRenderer.jar:/home/travis/build/icyphy/ptII/lib/svgSalamander.jar:/home/travis/build/icyphy/ptII/lib/rsyntaxtextarea-2.6.0-SNAPSHOT.jar:/home/travis/build/icyphy/ptII/lib/hazelcast-3.8.2.jar:/home/travis/build/icyphy/ptII/lib/jackson-annotations-2.9.0.jar:/home/travis/build/icyphy/ptII/lib/jackson-core-2.9.3.jar:/home/travis/build/icyphy/ptII/lib/jackson-databind-2.9.3.jar:/home/travis/build/icyphy/ptII/lib/netty-buffer-4.1.19.Final.jar:/home/travis/build/icyphy/ptII/lib/netty-codec-4.1.19.Final.jar:/home/travis/build/icyphy/ptII/lib/netty-codec-dns-4.1.19.Final.jar:/home/travis/build/icyphy/ptII/lib/netty-codec-http-4.1.19.Final.jar:/home/travis/build/icyphy/ptII/lib/netty-codec-http2-4.1.19.Final.jar:/home/travis/build/icyphy/ptII/lib/netty-common-4.1.19.Final.jar:/home/travis/build/icyphy/ptII/lib/netty-handler-4.1.19.Final.jar:/home/travis/build/icyphy/ptII/lib/netty-resolver-4.1.19.Final.jar:/home/travis/build/icyphy/ptII/lib/netty-resolver-dns-4.1.19.Final.jar:/home/travis/build/icyphy/ptII/lib/netty-transport-4.1.19.Final.jar:/home/travis/build/icyphy/ptII/lib/vertx-codegen-3.5.1.jar:/home/travis/build/icyphy/ptII/lib/vertx-core-3.5.2-SNAPSHOT.jar:/home/travis/build/icyphy/ptII/lib/vertx-hazelcast-3.5.1.jar:/home/travis/build/icyphy/ptII/lib/vertx-lang-js-3.5.1.jar:/home/travis/build/icyphy/ptII/lib/vertx-service-proxy-3.5.1.jar:/home/travis/build/icyphy/ptII/lib/vertx-web-3.5.1.jar:/home/travis/build/icyphy/ptII/lib/slf4j-api-1.7.13.jar:/home/travis/build/icyphy/ptII/lib/slf4j-simple-1.7.13.jar:/home/travis/build/icyphy/ptII/lib/webcam-capture-0.3.12.jar:/home/travis/build/icyphy/ptII/lib/bridj-0.7.0.jar:/home/travis/build/icyphy/ptII/lib/xbjlib-1.1.0.nrjavaserial.jar:/home/travis/build/icyphy/ptII/ptolemy/moml/test:/home/travis/build/icyphy/ptII/ant/lib/ant-launcher.jar:/home/travis/build/icyphy/ptII/ant/lib/ant.jar:/home/travis/build/icyphy/ptII/ant/lib/ant-junit.jar:/home/travis/build/icyphy/ptII/ant/lib/ant-junit4.jar" />
    <property name="ant.library.dir" value="/home/travis/build/icyphy/ptII/ant/lib" />
    <property name="os.arch" value="amd64" />
    <property name="env.CONTINUOUS_INTEGRATION" value="true" />
    <property name="env.TRAVIS_LANGUAGE" value="node_js" />
    <property name="env.TRAVIS_STACK_LANGUAGES" value="__sardonyx__ c c++ clojure cplusplus cpp default generic go groovy java node_js php pure_java python ruby scala" />
    <property name="test.name" value="ptolemy.actor.lib.test.junit.JUnitTclTest" />
    <property name="env.APT_KEY_DONT_WARN_ON_DANGEROUS_USAGE" value="1" />
    <property name="sun.java.launcher" value="SUN_STANDARD" />
    <property name="env.PYTHON_CONFIGURE_OPTS" value="--enable-unicode=ucs4 --with-wide-unicode --enable-shared --enable-ipv6 --enable-loadable-sqlite-extensions --with-computed-gotos" />
    <property name="ant.core.lib" value="/home/travis/build/icyphy/ptII/ant/lib/ant.jar" />
    <property name="java.vm.specification.vendor" value="Oracle Corporation" />
    <property name="env.BCVTB_HOME" value="/home/travis/build/icyphy/ptII/lbnl" />
    <property name="file.separator" value="/" />
    <property name="spotbugs.home" value="/home/travis/build/icyphy/ptII/vendors/spotbugs-3.1.1" />
    <property name="java.runtime.version" value="11.0.2+9" />
    <property name="env.ANSI_CLEAR" value="\033[0K" />
    <property name="javafx.verbose" value="true" />
    <property name="env.HAS_JOSH_K_SEAL_OF_APPROVAL" value="true" />
    <property name="env.XDG_RUNTIME_DIR" value="/run/user/2000" />
    <property name="env.TRAVIS_OSX_IMAGE" value="" />
    <property name="env.TRAVIS_JOB_ID" value="622494079" />
    <property name="env.TRAVIS_BRANCH" value="master" />
    <property name="user.country" value="US" />
    <property name="env.CERTI_HOME_TRAVIS" value="/home/travis/pthla/certi-tools" />
    <property name="env.SHELL" value="/bin/bash" />
    <property name="java.maxmemory.large" value="3200m" />
    <property name="model" value="" />
    <property name="env.CASHER_DIR" value="/home/travis/.casher" />
    <property name="env.NVM_CD_FLAGS" value="" />
    <property name="java.vendor.version" value="18.9" />
    <property name="jshint.executable" value="/home/travis/node_modules/jshint/bin/jshint" />
    <property name="env.JRUBY_OPTS" value=" --client -J-XX:+TieredCompilation -J-XX:TieredStopAtLevel=1 -J-Xss2m -Xcompile.invokedynamic=false" />
    <property name="java.vendor" value="Oracle Corporation" />
    <property name="env.TRAVIS_PRE_CHEF_BOOTSTRAP_TIME" value="2019-03-25T16:16:42" />
    <property name="env.TRAVIS_STACK_JOB_BOARD_REGISTER" value="/.job-board-register.yml" />
    <property name="env.ANSI_RED" value="\033[31;1m" />
    <property name="java.specification.version" value="11" />
    <property name="env.IRBRC" value="/home/travis/.rvm/rubies/ruby-2.5.3/.irbrc" />
    <property name="env.TRAVIS" value="true" />
    <property name="sun.arch.data.model" value="64" />
  </properties>
  <testcase classname="ptolemy.util.test.junit.TclTests" name="[0] /home/travis/build/icyphy/ptII/ptolemy/actor/lib/test/AbsoluteValue.tcl (RunTclFile)" time="0.612" />
  <testcase classname="ptolemy.util.test.junit.TclTests" name="[1] /home/travis/build/icyphy/ptII/ptolemy/actor/lib/test/AddSubtract.tcl (RunTclFile)" time="0.239" />
  <testcase classname="ptolemy.util.test.junit.TclTests" name="[2] /home/travis/build/icyphy/ptII/ptolemy/actor/lib/test/Average.tcl (RunTclFile)" time="0.077" />
  <testcase classname="ptolemy.util.test.junit.TclTests" name="[3] /home/travis/build/icyphy/ptII/ptolemy/actor/lib/test/Bernoulli.tcl (RunTclFile)" time="0.048" />
  <testcase classname="ptolemy.util.test.junit.TclTests" name="[4] /home/travis/build/icyphy/ptII/ptolemy/actor/lib/test/Clock.tcl (RunTclFile)" time="0.092" />
  <testcase classname="ptolemy.util.test.junit.TclTests" name="[5] /home/travis/build/icyphy/ptII/ptolemy/actor/lib/test/Commutator.tcl (RunTclFile)" time="0.187" />
  <testcase classname="ptolemy.util.test.junit.TclTests" name="[6] /home/travis/build/icyphy/ptII/ptolemy/actor/lib/test/Const.tcl (RunTclFile)" time="0.131" />
  <testcase classname="ptolemy.util.test.junit.TclTests" name="[7] /home/travis/build/icyphy/ptII/ptolemy/actor/lib/test/CurrentTime.tcl (RunTclFile)" time="0.044" />
  <testcase classname="ptolemy.util.test.junit.TclTests" name="[8] /home/travis/build/icyphy/ptII/ptolemy/actor/lib/test/DB.tcl (RunTclFile)" time="0.047" />
  <testcase classname="ptolemy.util.test.junit.TclTests" name="[9] /home/travis/build/icyphy/ptII/ptolemy/actor/lib/test/DiscreteRandomSource.tcl (RunTclFile)" time="0.027" />
  <testcase classname="ptolemy.util.test.junit.TclTests" name="[10] /home/travis/build/icyphy/ptII/ptolemy/actor/lib/test/Distributor.tcl (RunTclFile)" time="0.04" />
  <testcase classname="ptolemy.util.test.junit.TclTests" name="[11] /home/travis/build/icyphy/ptII/ptolemy/actor/lib/test/Exit.tcl (RunTclFile)" time="0.103" />
  <testcase classname="ptolemy.util.test.junit.TclTests" name="[12] /home/travis/build/icyphy/ptII/ptolemy/actor/lib/test/Expression.tcl (RunTclFile)" time="0.152" />
  <testcase classname="ptolemy.util.test.junit.TclTests" name="[13] /home/travis/build/icyphy/ptII/ptolemy/actor/lib/test/Gaussian.tcl (RunTclFile)" time="0.975" />
  <testcase classname="ptolemy.util.test.junit.TclTests" name="[14] /home/travis/build/icyphy/ptII/ptolemy/actor/lib/test/IIR.tcl (RunTclFile)" time="0.043" />
  <testcase classname="ptolemy.util.test.junit.TclTests" name="[15] /home/travis/build/icyphy/ptII/ptolemy/actor/lib/test/Interpolator.tcl (RunTclFile)" time="0.1" />
  <testcase classname="ptolemy.util.test.junit.TclTests" name="[16] /home/travis/build/icyphy/ptII/ptolemy/actor/lib/test/MathFunction.tcl (RunTclFile)" time="0.047" />
  <testcase classname="ptolemy.util.test.junit.TclTests" name="[17] /home/travis/build/icyphy/ptII/ptolemy/actor/lib/test/Maximum.tcl (RunTclFile)" time="0.025" />
  <testcase classname="ptolemy.util.test.junit.TclTests" name="[18] /home/travis/build/icyphy/ptII/ptolemy/actor/lib/test/Minimum.tcl (RunTclFile)" time="0.034" />
  <testcase classname="ptolemy.util.test.junit.TclTests" name="[19] /home/travis/build/icyphy/ptII/ptolemy/actor/lib/test/MultiplyDivide.tcl (RunTclFile)" time="0.044" />
  <testcase classname="ptolemy.util.test.junit.TclTests" name="[20] /home/travis/build/icyphy/ptII/ptolemy/actor/lib/test/OrderedMerge.tcl (RunTclFile)" time="0.142" />
  <testcase classname="ptolemy.util.test.junit.TclTests" name="[21] /home/travis/build/icyphy/ptII/ptolemy/actor/lib/test/Publisher.tcl (RunTclFile)" time="0.997" />
  <testcase classname="ptolemy.util.test.junit.TclTests" name="[22] /home/travis/build/icyphy/ptII/ptolemy/actor/lib/test/Pulse.tcl (RunTclFile)" time="0.082" />
  <testcase classname="ptolemy.util.test.junit.TclTests" name="[23] /home/travis/build/icyphy/ptII/ptolemy/actor/lib/test/Ramp.tcl (RunTclFile)" time="2.309" />
  <testcase classname="ptolemy.util.test.junit.TclTests" name="[24] /home/travis/build/icyphy/ptII/ptolemy/actor/lib/test/RampContinuous.tcl (RunTclFile)" time="0.018" />
  <testcase classname="ptolemy.util.test.junit.TclTests" name="[25] /home/travis/build/icyphy/ptII/ptolemy/actor/lib/test/RecordAssembler.tcl (RunTclFile)" time="0.016" />
  <testcase classname="ptolemy.util.test.junit.TclTests" name="[26] /home/travis/build/icyphy/ptII/ptolemy/actor/lib/test/RecordDisassembler.tcl (RunTclFile)" time="0.02" />
  <testcase classname="ptolemy.util.test.junit.TclTests" name="[27] /home/travis/build/icyphy/ptII/ptolemy/actor/lib/test/Scale.tcl (RunTclFile)" time="0.018" />
  <testcase classname="ptolemy.util.test.junit.TclTests" name="[28] /home/travis/build/icyphy/ptII/ptolemy/actor/lib/test/SequentialClock.tcl (RunTclFile)" time="0.013" />
  <testcase classname="ptolemy.util.test.junit.TclTests" name="[29] /home/travis/build/icyphy/ptII/ptolemy/actor/lib/test/SetVariable.tcl (RunTclFile)" time="0.028">
    <failure message="Number of failed tests is has increased. expected:&lt;0&gt; but was:&lt;1&gt;" type="junit.framework.AssertionFailedError">junit.framework.AssertionFailedError: Number of failed tests is has increased. expected:&lt;0&gt; but was:&lt;1&gt;
	at ptolemy.util.test.junit.TclTests.RunTclFile(TclTests.java:286)
	at jdk.internal.reflect.GeneratedMethodAccessor19.invoke(Unknown Source)
	at java.base/jdk.internal.reflect.DelegatingMethodAccessorImpl.invoke(DelegatingMethodAccessorImpl.java:43)
	at junitparams.internal.InvokeParameterisedMethod.evaluate(InvokeParameterisedMethod.java:102)
	at junitparams.internal.ParameterisedTestMethodRunner.runMethodInvoker(ParameterisedTestMethodRunner.java:47)
	at junitparams.internal.ParameterisedTestMethodRunner.runTestMethod(ParameterisedTestMethodRunner.java:41)
	at junitparams.internal.ParameterisedTestClassRunner.runParameterisedTest(ParameterisedTestClassRunner.java:143)
	at junitparams.JUnitParamsRunner.runChild(JUnitParamsRunner.java:237)
	at junitparams.JUnitParamsRunner.runChild(JUnitParamsRunner.java:215)
</failure>
  </testcase>
  <testcase classname="ptolemy.util.test.junit.TclTests" name="[30] /home/travis/build/icyphy/ptII/ptolemy/actor/lib/test/Sinewave.tcl (RunTclFile)" time="0.028" />
  <testcase classname="ptolemy.util.test.junit.TclTests" name="[31] /home/travis/build/icyphy/ptII/ptolemy/actor/lib/test/SubscriptionAggregator.tcl (RunTclFile)" time="2.558" />
  <testcase classname="ptolemy.util.test.junit.TclTests" name="[32] /home/travis/build/icyphy/ptII/ptolemy/actor/lib/test/Test.tcl (RunTclFile)" time="0.124" />
  <testcase classname="ptolemy.util.test.junit.TclTests" name="[33] /home/travis/build/icyphy/ptII/ptolemy/actor/lib/test/TestExceptionHandler.tcl (RunTclFile)" time="0.014" />
  <testcase classname="ptolemy.util.test.junit.TclTests" name="[34] /home/travis/build/icyphy/ptII/ptolemy/actor/lib/test/UnionDisassembler.tcl (RunTclFile)" time="0.077" />
  <testcase classname="ptolemy.util.test.junit.TclTests" name="[35] /home/travis/build/icyphy/ptII/ptolemy/actor/lib/test/VariableClock.tcl (RunTclFile)" time="0.025" />
  <testcase classname="ptolemy.util.test.junit.AutoKnownFailedTests" name="[0] /home/travis/build/icyphy/ptII/ptolemy/actor/lib/test/auto/knownFailedTests/PublisherPortToplevelSubscriber.xml (RunModel)" time="0.028" />
  <testcase classname="ptolemy.util.test.junit.AutoKnownFailedTests" name="[1] /home/travis/build/icyphy/ptII/ptolemy/actor/lib/test/auto/knownFailedTests/PublisherSubscriberPortToplevel.xml (RunModel)" time="0.022" />
  <testcase classname="ptolemy.util.test.junit.AutoKnownFailedTests" name="[2] /home/travis/build/icyphy/ptII/ptolemy/actor/lib/test/auto/knownFailedTests/PublisherSubscriptionAggregatorPort.xml (RunModel)" time="0.024" />
  <testcase classname="ptolemy.util.test.junit.AutoKnownFailedTests" name="[3] /home/travis/build/icyphy/ptII/ptolemy/actor/lib/test/auto/knownFailedTests/sizedarray3.xml (RunModel)" time="0.026" />
  <testcase classname="ptolemy.util.test.junit.AutoNameArchTests" name="[0] ThereAreNoAutoArchTests (RunModel)" time="0.005" />
  <testcase classname="ptolemy.util.test.junit.AutoTests" name="[0] /home/travis/build/icyphy/ptII/ptolemy/actor/lib/test/auto/AbsoluteValue.xml (RunModel)" time="0.129" />
  <testcase classname="ptolemy.util.test.junit.AutoTests" name="[1] /home/travis/build/icyphy/ptII/ptolemy/actor/lib/test/auto/AbsoluteValue2.xml (RunModel)" time="0.044" />
  <testcase classname="ptolemy.util.test.junit.AutoTests" name="[2] /home/travis/build/icyphy/ptII/ptolemy/actor/lib/test/auto/Accumulator.xml (RunModel)" time="0.033" />
  <testcase classname="ptolemy.util.test.junit.AutoTests" name="[3] /home/travis/build/icyphy/ptII/ptolemy/actor/lib/test/auto/Accumulator2.xml (RunModel)" time="0.019" />
  <testcase classname="ptolemy.util.test.junit.AutoTests" name="[4] /home/travis/build/icyphy/ptII/ptolemy/actor/lib/test/auto/Accumulator3.xml (RunModel)" time="0.015" />
  <testcase classname="ptolemy.util.test.junit.AutoTests" name="[5] /home/travis/build/icyphy/ptII/ptolemy/actor/lib/test/auto/ArrayAppend.xml (RunModel)" time="0.028" />
  <testcase classname="ptolemy.util.test.junit.AutoTests" name="[6] /home/travis/build/icyphy/ptII/ptolemy/actor/lib/test/auto/ArrayAppend2.xml (RunModel)" time="0.42" />
  <testcase classname="ptolemy.util.test.junit.AutoTests" name="[7] /home/travis/build/icyphy/ptII/ptolemy/actor/lib/test/auto/ArrayAppend3.xml (RunModel)" time="0.049" />
  <testcase classname="ptolemy.util.test.junit.AutoTests" name="[8] /home/travis/build/icyphy/ptII/ptolemy/actor/lib/test/auto/ArrayAppend4.xml (RunModel)" time="0.022" />
  <testcase classname="ptolemy.util.test.junit.AutoTests" name="[9] /home/travis/build/icyphy/ptII/ptolemy/actor/lib/test/auto/ArrayAppend5.xml (RunModel)" time="0.021" />
  <testcase classname="ptolemy.util.test.junit.AutoTests" name="[10] /home/travis/build/icyphy/ptII/ptolemy/actor/lib/test/auto/ArrayAppend6.xml (RunModel)" time="0.026" />
  <testcase classname="ptolemy.util.test.junit.AutoTests" name="[11] /home/travis/build/icyphy/ptII/ptolemy/actor/lib/test/auto/ArrayAppendPerformanceTest.xml (RunModel)" time="0.075" />
  <testcase classname="ptolemy.util.test.junit.AutoTests" name="[12] /home/travis/build/icyphy/ptII/ptolemy/actor/lib/test/auto/ArrayAppendWithEmptyInput.xml (RunModel)" time="0.064" />
  <testcase classname="ptolemy.util.test.junit.AutoTests" name="[13] /home/travis/build/icyphy/ptII/ptolemy/actor/lib/test/auto/ArrayAverage.xml (RunModel)" time="0.04" />
  <testcase classname="ptolemy.util.test.junit.AutoTests" name="[14] /home/travis/build/icyphy/ptII/ptolemy/actor/lib/test/auto/ArrayContains.xml (RunModel)" time="0.125" />
  <testcase classname="ptolemy.util.test.junit.AutoTests" name="[15] /home/travis/build/icyphy/ptII/ptolemy/actor/lib/test/auto/ArrayElement.xml (RunModel)" time="0.027" />
  <testcase classname="ptolemy.util.test.junit.AutoTests" name="[16] /home/travis/build/icyphy/ptII/ptolemy/actor/lib/test/auto/ArrayElementAsMatrix.xml (RunModel)" time="0.075" />
  <testcase classname="ptolemy.util.test.junit.AutoTests" name="[17] /home/travis/build/icyphy/ptII/ptolemy/actor/lib/test/auto/ArrayElementI.xml (RunModel)" time="0.017" />
  <testcase classname="ptolemy.util.test.junit.AutoTests" name="[18] /home/travis/build/icyphy/ptII/ptolemy/actor/lib/test/auto/ArrayExtract.xml (RunModel)" time="0.046" />
  <testcase classname="ptolemy.util.test.junit.AutoTests" name="[19] /home/travis/build/icyphy/ptII/ptolemy/actor/lib/test/auto/ArrayExtract2.xml (RunModel)" time="0.021" />
  <testcase classname="ptolemy.util.test.junit.AutoTests" name="[20] /home/travis/build/icyphy/ptII/ptolemy/actor/lib/test/auto/ArrayLength.xml (RunModel)" time="0.016" />
  <testcase classname="ptolemy.util.test.junit.AutoTests" name="[21] /home/travis/build/icyphy/ptII/ptolemy/actor/lib/test/auto/ArrayLevelCrossing.xml (RunModel)" time="0.028" />
  <testcase classname="ptolemy.util.test.junit.AutoTests" name="[22] /home/travis/build/icyphy/ptII/ptolemy/actor/lib/test/auto/ArrayLevelCrossing2.xml (RunModel)" time="0.023" />
  <testcase classname="ptolemy.util.test.junit.AutoTests" name="[23] /home/travis/build/icyphy/ptII/ptolemy/actor/lib/test/auto/ArrayPeakSearch.xml (RunModel)" time="0.044" />
  <testcase classname="ptolemy.util.test.junit.AutoTests" name="[24] /home/travis/build/icyphy/ptII/ptolemy/actor/lib/test/auto/ArrayPeakSearch2.xml (RunModel)" time="0.034" />
  <testcase classname="ptolemy.util.test.junit.AutoTests" name="[25] /home/travis/build/icyphy/ptII/ptolemy/actor/lib/test/auto/ArrayPeakSearch3.xml (RunModel)" time="0.03" />
  <testcase classname="ptolemy.util.test.junit.AutoTests" name="[26] /home/travis/build/icyphy/ptII/ptolemy/actor/lib/test/auto/ArrayRemoveElement.xml (RunModel)" time="0.029" />
  <testcase classname="ptolemy.util.test.junit.AutoTests" name="[27] /home/travis/build/icyphy/ptII/ptolemy/actor/lib/test/auto/ArraySort.xml (RunModel)" time="0.03" />
  <testcase classname="ptolemy.util.test.junit.AutoTests" name="[28] /home/travis/build/icyphy/ptII/ptolemy/actor/lib/test/auto/ArraySum.xml (RunModel)" time="0.019" />
  <testcase classname="ptolemy.util.test.junit.AutoTests" name="[29] /home/travis/build/icyphy/ptII/ptolemy/actor/lib/test/auto/ArrayToElements.xml (RunModel)" time="0.018" />
  <testcase classname="ptolemy.util.test.junit.AutoTests" name="[30] /home/travis/build/icyphy/ptII/ptolemy/actor/lib/test/auto/ArrayToMatrix.xml (RunModel)" time="0.048" />
  <testcase classname="ptolemy.util.test.junit.AutoTests" name="[31] /home/travis/build/icyphy/ptII/ptolemy/actor/lib/test/auto/ArrayUpdate1.xml (RunModel)" time="0.03" />
  <testcase classname="ptolemy.util.test.junit.AutoTests" name="[32] /home/travis/build/icyphy/ptII/ptolemy/actor/lib/test/auto/ArrayUpdate2.xml (RunModel)" time="0.022" />
  <testcase classname="ptolemy.util.test.junit.AutoTests" name="[33] /home/travis/build/icyphy/ptII/ptolemy/actor/lib/test/auto/ArrayUpdate3.xml (RunModel)" time="0.015" />
  <testcase classname="ptolemy.util.test.junit.AutoTests" name="[34] /home/travis/build/icyphy/ptII/ptolemy/actor/lib/test/auto/Assert1.xml (RunModel)" time="0.024" />
  <testcase classname="ptolemy.util.test.junit.AutoTests" name="[35] /home/travis/build/icyphy/ptII/ptolemy/actor/lib/test/auto/Assert2.xml (RunModel)" time="0.012" />
  <testcase classname="ptolemy.util.test.junit.AutoTests" name="[36] /home/travis/build/icyphy/ptII/ptolemy/actor/lib/test/auto/BooleanMultiplexor.xml (RunModel)" time="0.018" />
  <testcase classname="ptolemy.util.test.junit.AutoTests" name="[37] /home/travis/build/icyphy/ptII/ptolemy/actor/lib/test/auto/BooleanMultiplexor2.xml (RunModel)" time="0.029" />
  <testcase classname="ptolemy.util.test.junit.AutoTests" name="[38] /home/travis/build/icyphy/ptII/ptolemy/actor/lib/test/auto/BooleanMultiplexor3.xml (RunModel)" time="0.02" />
  <testcase classname="ptolemy.util.test.junit.AutoTests" name="[39] /home/travis/build/icyphy/ptII/ptolemy/actor/lib/test/auto/BooleanSelect.xml (RunModel)" time="0.039" />
  <testcase classname="ptolemy.util.test.junit.AutoTests" name="[40] /home/travis/build/icyphy/ptII/ptolemy/actor/lib/test/auto/BooleanSelect2.xml (RunModel)" time="0.021" />
  <testcase classname="ptolemy.util.test.junit.AutoTests" name="[41] /home/travis/build/icyphy/ptII/ptolemy/actor/lib/test/auto/BooleanSwitch.xml (RunModel)" time="0.028" />
  <testcase classname="ptolemy.util.test.junit.AutoTests" name="[42] /home/travis/build/icyphy/ptII/ptolemy/actor/lib/test/auto/BooleanSwitch2.xml (RunModel)" time="0.016" />
  <testcase classname="ptolemy.util.test.junit.AutoTests" name="[43] /home/travis/build/icyphy/ptII/ptolemy/actor/lib/test/auto/BooleanSwitchCloningBugWithClassRelationGroup.xml (RunModel)" time="0.037" />
  <testcase classname="ptolemy.util.test.junit.AutoTests" name="[44] /home/travis/build/icyphy/ptII/ptolemy/actor/lib/test/auto/BusActors.xml (RunModel)" time="0.039" />
  <testcase classname="ptolemy.util.test.junit.AutoTests" name="[45] /home/travis/build/icyphy/ptII/ptolemy/actor/lib/test/auto/ClassWrapper.xml (RunModel)" time="0.026" />
  <testcase classname="ptolemy.util.test.junit.AutoTests" name="[46] /home/travis/build/icyphy/ptII/ptolemy/actor/lib/test/auto/Clock.xml (RunModel)" time="0.015" />
  <testcase classname="ptolemy.util.test.junit.AutoTests" name="[47] /home/travis/build/icyphy/ptII/ptolemy/actor/lib/test/auto/Clock10.xml (RunModel)" time="0.02" />
  <testcase classname="ptolemy.util.test.junit.AutoTests" name="[48] /home/travis/build/icyphy/ptII/ptolemy/actor/lib/test/auto/Clock11.xml (RunModel)" time="0.022" />
  <testcase classname="ptolemy.util.test.junit.AutoTests" name="[49] /home/travis/build/icyphy/ptII/ptolemy/actor/lib/test/auto/Clock12.xml (RunModel)" time="0.026" />
  <testcase classname="ptolemy.util.test.junit.AutoTests" name="[50] /home/travis/build/icyphy/ptII/ptolemy/actor/lib/test/auto/Clock13.xml (RunModel)" time="0.024" />
  <testcase classname="ptolemy.util.test.junit.AutoTests" name="[51] /home/travis/build/icyphy/ptII/ptolemy/actor/lib/test/auto/Clock14.xml (RunModel)" time="0.022" />
  <testcase classname="ptolemy.util.test.junit.AutoTests" name="[52] /home/travis/build/icyphy/ptII/ptolemy/actor/lib/test/auto/Clock15.xml (RunModel)" time="0.022" />
  <testcase classname="ptolemy.util.test.junit.AutoTests" name="[53] /home/travis/build/icyphy/ptII/ptolemy/actor/lib/test/auto/Clock16.xml (RunModel)" time="0.121" />
  <testcase classname="ptolemy.util.test.junit.AutoTests" name="[54] /home/travis/build/icyphy/ptII/ptolemy/actor/lib/test/auto/Clock17.xml (RunModel)" time="0.061" />
  <testcase classname="ptolemy.util.test.junit.AutoTests" name="[55] /home/travis/build/icyphy/ptII/ptolemy/actor/lib/test/auto/Clock18.xml (RunModel)" time="0.047" />
  <testcase classname="ptolemy.util.test.junit.AutoTests" name="[56] /home/travis/build/icyphy/ptII/ptolemy/actor/lib/test/auto/Clock19.xml (RunModel)" time="0.044" />
  <testcase classname="ptolemy.util.test.junit.AutoTests" name="[57] /home/travis/build/icyphy/ptII/ptolemy/actor/lib/test/auto/Clock2.xml (RunModel)" time="0.014" />
  <testcase classname="ptolemy.util.test.junit.AutoTests" name="[58] /home/travis/build/icyphy/ptII/ptolemy/actor/lib/test/auto/Clock20.xml (RunModel)" time="0.021" />
  <testcase classname="ptolemy.util.test.junit.AutoTests" name="[59] /home/travis/build/icyphy/ptII/ptolemy/actor/lib/test/auto/Clock21.xml (RunModel)" time="0.018" />
  <testcase classname="ptolemy.util.test.junit.AutoTests" name="[60] /home/travis/build/icyphy/ptII/ptolemy/actor/lib/test/auto/Clock22.xml (RunModel)" time="0.019" />
  <testcase classname="ptolemy.util.test.junit.AutoTests" name="[61] /home/travis/build/icyphy/ptII/ptolemy/actor/lib/test/auto/Clock23.xml (RunModel)" time="0.018" />
  <testcase classname="ptolemy.util.test.junit.AutoTests" name="[62] /home/travis/build/icyphy/ptII/ptolemy/actor/lib/test/auto/Clock24.xml (RunModel)" time="0.018" />
  <testcase classname="ptolemy.util.test.junit.AutoTests" name="[63] /home/travis/build/icyphy/ptII/ptolemy/actor/lib/test/auto/Clock4.xml (RunModel)" time="0.013" />
  <testcase classname="ptolemy.util.test.junit.AutoTests" name="[64] /home/travis/build/icyphy/ptII/ptolemy/actor/lib/test/auto/Clock5.xml (RunModel)" time="0.017" />
  <testcase classname="ptolemy.util.test.junit.AutoTests" name="[65] /home/travis/build/icyphy/ptII/ptolemy/actor/lib/test/auto/Clock6.xml (RunModel)" time="0.026" />
  <testcase classname="ptolemy.util.test.junit.AutoTests" name="[66] /home/travis/build/icyphy/ptII/ptolemy/actor/lib/test/auto/Clock7.xml (RunModel)" time="0.012" />
  <testcase classname="ptolemy.util.test.junit.AutoTests" name="[67] /home/travis/build/icyphy/ptII/ptolemy/actor/lib/test/auto/Clock8.xml (RunModel)" time="0.021" />
  <testcase classname="ptolemy.util.test.junit.AutoTests" name="[68] /home/travis/build/icyphy/ptII/ptolemy/actor/lib/test/auto/Clock9.xml (RunModel)" time="0.016" />
  <testcase classname="ptolemy.util.test.junit.AutoTests" name="[69] /home/travis/build/icyphy/ptII/ptolemy/actor/lib/test/auto/CommDistDiscard.xml (RunModel)" time="0.03" />
  <testcase classname="ptolemy.util.test.junit.AutoTests" name="[70] /home/travis/build/icyphy/ptII/ptolemy/actor/lib/test/auto/Commutator.xml (RunModel)" time="0.019" />
  <testcase classname="ptolemy.util.test.junit.AutoTests" name="[71] /home/travis/build/icyphy/ptII/ptolemy/actor/lib/test/auto/Commutator2.xml (RunModel)" time="0.013" />
  <testcase classname="ptolemy.util.test.junit.AutoTests" name="[72] /home/travis/build/icyphy/ptII/ptolemy/actor/lib/test/auto/Commutator3.xml (RunModel)" time="0.015" />
  <testcase classname="ptolemy.util.test.junit.AutoTests" name="[73] /home/travis/build/icyphy/ptII/ptolemy/actor/lib/test/auto/Compare.xml (RunModel)" time="0.026" />
  <testcase classname="ptolemy.util.test.junit.AutoTests" name="[74] /home/travis/build/icyphy/ptII/ptolemy/actor/lib/test/auto/CompareDE.xml (RunModel)" time="0.026" />
  <testcase classname="ptolemy.util.test.junit.AutoTests" name="[75] /home/travis/build/icyphy/ptII/ptolemy/actor/lib/test/auto/ComplexDivide.xml (RunModel)" time="0.013" />
  <testcase classname="ptolemy.util.test.junit.AutoTests" name="[76] /home/travis/build/icyphy/ptII/ptolemy/actor/lib/test/auto/ComputeHistogram.xml (RunModel)" time="0.076" />
  <testcase classname="ptolemy.util.test.junit.AutoTests" name="[77] /home/travis/build/icyphy/ptII/ptolemy/actor/lib/test/auto/ConfigurationSelect.xml (RunModel)" time="0.021" />
  <testcase classname="ptolemy.util.test.junit.AutoTests" name="[78] /home/travis/build/icyphy/ptII/ptolemy/actor/lib/test/auto/ConfigurationSelect2.xml (RunModel)" time="0.018" />
  <testcase classname="ptolemy.util.test.junit.AutoTests" name="[79] /home/travis/build/icyphy/ptII/ptolemy/actor/lib/test/auto/ConfigurationSwitch.xml (RunModel)" time="0.03" />
  <testcase classname="ptolemy.util.test.junit.AutoTests" name="[80] /home/travis/build/icyphy/ptII/ptolemy/actor/lib/test/auto/ConfigurationSwitch2.xml (RunModel)" time="0.024" />
  <testcase classname="ptolemy.util.test.junit.AutoTests" name="[81] /home/travis/build/icyphy/ptII/ptolemy/actor/lib/test/auto/ConfigurationSwitchCloningBugWithClassRelationGroup.xml (RunModel)" time="0.026" />
  <testcase classname="ptolemy.util.test.junit.AutoTests" name="[82] /home/travis/build/icyphy/ptII/ptolemy/actor/lib/test/auto/ConfigurationSwitchSelectSDF.xml (RunModel)" time="0.02" />
  <testcase classname="ptolemy.util.test.junit.AutoTests" name="[83] /home/travis/build/icyphy/ptII/ptolemy/actor/lib/test/auto/ConfigurationSwitchSelectSDF2.xml (RunModel)" time="0.018" />
  <testcase classname="ptolemy.util.test.junit.AutoTests" name="[84] /home/travis/build/icyphy/ptII/ptolemy/actor/lib/test/auto/Const.xml (RunModel)" time="0.015" />
  <testcase classname="ptolemy.util.test.junit.AutoTests" name="[85] /home/travis/build/icyphy/ptII/ptolemy/actor/lib/test/auto/Const2.xml (RunModel)" time="0.013" />
  <testcase classname="ptolemy.util.test.junit.AutoTests" name="[86] /home/travis/build/icyphy/ptII/ptolemy/actor/lib/test/auto/Const3.xml (RunModel)" time="0.011" />
  <testcase classname="ptolemy.util.test.junit.AutoTests" name="[87] /home/travis/build/icyphy/ptII/ptolemy/actor/lib/test/auto/ConstantPublisherPort1.xml (RunModel)" time="0.029" />
  <testcase classname="ptolemy.util.test.junit.AutoTests" name="[88] /home/travis/build/icyphy/ptII/ptolemy/actor/lib/test/auto/ConstantPublisherPort2.xml (RunModel)" time="0.025" />
  <testcase classname="ptolemy.util.test.junit.AutoTests" name="[89] /home/travis/build/icyphy/ptII/ptolemy/actor/lib/test/auto/ConstantPublisherPort3.xml (RunModel)" time="0.023" />
  <testcase classname="ptolemy.util.test.junit.AutoTests" name="[90] /home/travis/build/icyphy/ptII/ptolemy/actor/lib/test/auto/ConstantPublisherPort4.xml (RunModel)" time="0.025" />
  <testcase classname="ptolemy.util.test.junit.AutoTests" name="[91] /home/travis/build/icyphy/ptII/ptolemy/actor/lib/test/auto/ConstantPublisherPort5.xml (RunModel)" time="0.046" />
  <testcase classname="ptolemy.util.test.junit.AutoTests" name="[92] /home/travis/build/icyphy/ptII/ptolemy/actor/lib/test/auto/ConstantPublisherPort6.xml (RunModel)" time="0.032" />
  <testcase classname="ptolemy.util.test.junit.AutoTests" name="[93] /home/travis/build/icyphy/ptII/ptolemy/actor/lib/test/auto/ConstantPublisherPort7.xml (RunModel)" time="0.035" />
  <testcase classname="ptolemy.util.test.junit.AutoTests" name="[94] /home/travis/build/icyphy/ptII/ptolemy/actor/lib/test/auto/ConstraintMonitor1.xml (RunModel)" time="0.036" />
  <testcase classname="ptolemy.util.test.junit.AutoTests" name="[95] /home/travis/build/icyphy/ptII/ptolemy/actor/lib/test/auto/ConstraintMonitor2.xml (RunModel)" time="0.013" />
  <testcase classname="ptolemy.util.test.junit.AutoTests" name="[96] /home/travis/build/icyphy/ptII/ptolemy/actor/lib/test/auto/ConstraintMonitor3.xml (RunModel)" time="0.015" />
  <testcase classname="ptolemy.util.test.junit.AutoTests" name="[97] /home/travis/build/icyphy/ptII/ptolemy/actor/lib/test/auto/ConstraintMonitor4.xml (RunModel)" time="0.014" />
  <testcase classname="ptolemy.util.test.junit.AutoTests" name="[98] /home/travis/build/icyphy/ptII/ptolemy/actor/lib/test/auto/ConstraintMonitor5.xml (RunModel)" time="0.024" />
  <testcase classname="ptolemy.util.test.junit.AutoTests" name="[99] /home/travis/build/icyphy/ptII/ptolemy/actor/lib/test/auto/ConstraintMonitor6.xml (RunModel)" time="0.025" />
  <testcase classname="ptolemy.util.test.junit.AutoTests" name="[100] /home/travis/build/icyphy/ptII/ptolemy/actor/lib/test/auto/ConstraintMonitor7.xml (RunModel)" time="0.026" />
  <testcase classname="ptolemy.util.test.junit.AutoTests" name="[101] /home/travis/build/icyphy/ptII/ptolemy/actor/lib/test/auto/ConstraintMonitor8.xml (RunModel)" time="0.02" />
  <testcase classname="ptolemy.util.test.junit.AutoTests" name="[102] /home/travis/build/icyphy/ptII/ptolemy/actor/lib/test/auto/Counter.xml (RunModel)" time="0.015" />
  <testcase classname="ptolemy.util.test.junit.AutoTests" name="[103] /home/travis/build/icyphy/ptII/ptolemy/actor/lib/test/auto/CurrentTimeSDF.xml (RunModel)" time="0.009" />
  <testcase classname="ptolemy.util.test.junit.AutoTests" name="[104] /home/travis/build/icyphy/ptII/ptolemy/actor/lib/test/auto/DB.xml (RunModel)" time="0.013" />
  <testcase classname="ptolemy.util.test.junit.AutoTests" name="[105] /home/travis/build/icyphy/ptII/ptolemy/actor/lib/test/auto/DBDE.xml (RunModel)" time="0.015" />
  <testcase classname="ptolemy.util.test.junit.AutoTests" name="[106] /home/travis/build/icyphy/ptII/ptolemy/actor/lib/test/auto/DateConstructor.xml (RunModel)" time="0.074" />
  <testcase classname="ptolemy.util.test.junit.AutoTests" name="[107] /home/travis/build/icyphy/ptII/ptolemy/actor/lib/test/auto/DelayTime.xml (RunModel)" time="0.016" />
  <testcase classname="ptolemy.util.test.junit.AutoTests" name="[108] /home/travis/build/icyphy/ptII/ptolemy/actor/lib/test/auto/Dictionary1.xml (RunModel)" time="0.017" />
  <testcase classname="ptolemy.util.test.junit.AutoTests" name="[109] /home/travis/build/icyphy/ptII/ptolemy/actor/lib/test/auto/Dictionary2.xml (RunModel)" time="0.019" />
  <testcase classname="ptolemy.util.test.junit.AutoTests" name="[110] /home/travis/build/icyphy/ptII/ptolemy/actor/lib/test/auto/Dictionary3.xml (RunModel)" time="0.014" />
  <testcase classname="ptolemy.util.test.junit.AutoTests" name="[111] /home/travis/build/icyphy/ptII/ptolemy/actor/lib/test/auto/Dictionary4.xml (RunModel)" time="0.018" />
  <testcase classname="ptolemy.util.test.junit.AutoTests" name="[112] /home/travis/build/icyphy/ptII/ptolemy/actor/lib/test/auto/Differential.xml (RunModel)" time="0.013" />
  <testcase classname="ptolemy.util.test.junit.AutoTests" name="[113] /home/travis/build/icyphy/ptII/ptolemy/actor/lib/test/auto/Director.xml (RunModel)" time="0.014" />
  <testcase classname="ptolemy.util.test.junit.AutoTests" name="[114] /home/travis/build/icyphy/ptII/ptolemy/actor/lib/test/auto/DiscreteClock.xml (RunModel)" time="0.009" />
  <testcase classname="ptolemy.util.test.junit.AutoTests" name="[115] /home/travis/build/icyphy/ptII/ptolemy/actor/lib/test/auto/DiscreteClock10.xml (RunModel)" time="0.014" />
  <testcase classname="ptolemy.util.test.junit.AutoTests" name="[116] /home/travis/build/icyphy/ptII/ptolemy/actor/lib/test/auto/DiscreteClock11.xml (RunModel)" time="0.013" />
  <testcase classname="ptolemy.util.test.junit.AutoTests" name="[117] /home/travis/build/icyphy/ptII/ptolemy/actor/lib/test/auto/DiscreteClock12.xml (RunModel)" time="0.015" />
  <testcase classname="ptolemy.util.test.junit.AutoTests" name="[118] /home/travis/build/icyphy/ptII/ptolemy/actor/lib/test/auto/DiscreteClock13.xml (RunModel)" time="0.017" />
  <testcase classname="ptolemy.util.test.junit.AutoTests" name="[119] /home/travis/build/icyphy/ptII/ptolemy/actor/lib/test/auto/DiscreteClock14.xml (RunModel)" time="0.015" />
  <testcase classname="ptolemy.util.test.junit.AutoTests" name="[120] /home/travis/build/icyphy/ptII/ptolemy/actor/lib/test/auto/DiscreteClock15.xml (RunModel)" time="0.015" />
  <testcase classname="ptolemy.util.test.junit.AutoTests" name="[121] /home/travis/build/icyphy/ptII/ptolemy/actor/lib/test/auto/DiscreteClock16.xml (RunModel)" time="0.04" />
  <testcase classname="ptolemy.util.test.junit.AutoTests" name="[122] /home/travis/build/icyphy/ptII/ptolemy/actor/lib/test/auto/DiscreteClock17.xml (RunModel)" time="0.04" />
  <testcase classname="ptolemy.util.test.junit.AutoTests" name="[123] /home/travis/build/icyphy/ptII/ptolemy/actor/lib/test/auto/DiscreteClock18.xml (RunModel)" time="0.036" />
  <testcase classname="ptolemy.util.test.junit.AutoTests" name="[124] /home/travis/build/icyphy/ptII/ptolemy/actor/lib/test/auto/DiscreteClock19.xml (RunModel)" time="0.044" />
  <testcase classname="ptolemy.util.test.junit.AutoTests" name="[125] /home/travis/build/icyphy/ptII/ptolemy/actor/lib/test/auto/DiscreteClock2.xml (RunModel)" time="0.012" />
  <testcase classname="ptolemy.util.test.junit.AutoTests" name="[126] /home/travis/build/icyphy/ptII/ptolemy/actor/lib/test/auto/DiscreteClock20.xml (RunModel)" time="0.016" />
  <testcase classname="ptolemy.util.test.junit.AutoTests" name="[127] /home/travis/build/icyphy/ptII/ptolemy/actor/lib/test/auto/DiscreteClock21.xml (RunModel)" time="0.012" />
  <testcase classname="ptolemy.util.test.junit.AutoTests" name="[128] /home/travis/build/icyphy/ptII/ptolemy/actor/lib/test/auto/DiscreteClock22.xml (RunModel)" time="0.015" />
  <testcase classname="ptolemy.util.test.junit.AutoTests" name="[129] /home/travis/build/icyphy/ptII/ptolemy/actor/lib/test/auto/DiscreteClock23.xml (RunModel)" time="0.015" />
  <testcase classname="ptolemy.util.test.junit.AutoTests" name="[130] /home/travis/build/icyphy/ptII/ptolemy/actor/lib/test/auto/DiscreteClock24.xml (RunModel)" time="0.014" />
  <testcase classname="ptolemy.util.test.junit.AutoTests" name="[131] /home/travis/build/icyphy/ptII/ptolemy/actor/lib/test/auto/DiscreteClock4.xml (RunModel)" time="0.012" />
  <testcase classname="ptolemy.util.test.junit.AutoTests" name="[132] /home/travis/build/icyphy/ptII/ptolemy/actor/lib/test/auto/DiscreteClock5.xml (RunModel)" time="0.013" />
  <testcase classname="ptolemy.util.test.junit.AutoTests" name="[133] /home/travis/build/icyphy/ptII/ptolemy/actor/lib/test/auto/DiscreteClock6.xml (RunModel)" time="0.012" />
  <testcase classname="ptolemy.util.test.junit.AutoTests" name="[134] /home/travis/build/icyphy/ptII/ptolemy/actor/lib/test/auto/DiscreteClock7.xml (RunModel)" time="0.011" />
  <testcase classname="ptolemy.util.test.junit.AutoTests" name="[135] /home/travis/build/icyphy/ptII/ptolemy/actor/lib/test/auto/DiscreteClock8.xml (RunModel)" time="0.026" />
  <testcase classname="ptolemy.util.test.junit.AutoTests" name="[136] /home/travis/build/icyphy/ptII/ptolemy/actor/lib/test/auto/DiscreteClock9.xml (RunModel)" time="0.021" />
  <testcase classname="ptolemy.util.test.junit.AutoTests" name="[137] /home/travis/build/icyphy/ptII/ptolemy/actor/lib/test/auto/DisplayArray.xml (RunModel)" time="0.016" />
  <testcase classname="ptolemy.util.test.junit.AutoTests" name="[138] /home/travis/build/icyphy/ptII/ptolemy/actor/lib/test/auto/Distributor.xml (RunModel)" time="0.009" />
  <testcase classname="ptolemy.util.test.junit.AutoTests" name="[139] /home/travis/build/icyphy/ptII/ptolemy/actor/lib/test/auto/Distributor2.xml (RunModel)" time="0.011" />
  <testcase classname="ptolemy.util.test.junit.AutoTests" name="[140] /home/travis/build/icyphy/ptII/ptolemy/actor/lib/test/auto/DownSample.xml (RunModel)" time="0.012" />
  <testcase classname="ptolemy.util.test.junit.AutoTests" name="[141] /home/travis/build/icyphy/ptII/ptolemy/actor/lib/test/auto/ElectronicUnitBase1.xml (RunModel)" time="0.064" />
  <testcase classname="ptolemy.util.test.junit.AutoTests" name="[142] /home/travis/build/icyphy/ptII/ptolemy/actor/lib/test/auto/ElementsToArray.xml (RunModel)" time="0.01" />
  <testcase classname="ptolemy.util.test.junit.AutoTests" name="[143] /home/travis/build/icyphy/ptII/ptolemy/actor/lib/test/auto/Equals.xml (RunModel)" time="0.017" />
  <testcase classname="ptolemy.util.test.junit.AutoTests" name="[144] /home/travis/build/icyphy/ptII/ptolemy/actor/lib/test/auto/Exec.xml (RunModel)" time="0.031" />
  <testcase classname="ptolemy.util.test.junit.AutoTests" name="[145] /home/travis/build/icyphy/ptII/ptolemy/actor/lib/test/auto/ExecEnvironment.xml (RunModel)" time="0.042" />
  <testcase classname="ptolemy.util.test.junit.AutoTests" name="[146] /home/travis/build/icyphy/ptII/ptolemy/actor/lib/test/auto/ExecNonZeroReturnOutput.xml (RunModel)" time="0.22" />
  <testcase classname="ptolemy.util.test.junit.AutoTests" name="[147] /home/travis/build/icyphy/ptII/ptolemy/actor/lib/test/auto/ExecRunDemos.xml (RunModel)" time="11.412" />
  <testcase classname="ptolemy.util.test.junit.AutoTests" name="[148] /home/travis/build/icyphy/ptII/ptolemy/actor/lib/test/auto/ExecStop.xml (RunModel)" time="5.044" />
  <testcase classname="ptolemy.util.test.junit.AutoTests" name="[149] /home/travis/build/icyphy/ptII/ptolemy/actor/lib/test/auto/ExecutionTimeSDF.xml (RunModel)" time="6.037" />
  <testcase classname="ptolemy.util.test.junit.AutoTests" name="[150] /home/travis/build/icyphy/ptII/ptolemy/actor/lib/test/auto/Expression1.xml (RunModel)" time="0.026" />
  <testcase classname="ptolemy.util.test.junit.AutoTests" name="[151] /home/travis/build/icyphy/ptII/ptolemy/actor/lib/test/auto/Expression10.xml (RunModel)" time="0.029" />
  <testcase classname="ptolemy.util.test.junit.AutoTests" name="[152] /home/travis/build/icyphy/ptII/ptolemy/actor/lib/test/auto/Expression11.xml (RunModel)" time="0.015" />
  <testcase classname="ptolemy.util.test.junit.AutoTests" name="[153] /home/travis/build/icyphy/ptII/ptolemy/actor/lib/test/auto/Expression12.xml (RunModel)" time="0.015" />
  <testcase classname="ptolemy.util.test.junit.AutoTests" name="[154] /home/travis/build/icyphy/ptII/ptolemy/actor/lib/test/auto/Expression13.xml (RunModel)" time="0.013" />
  <testcase classname="ptolemy.util.test.junit.AutoTests" name="[155] /home/travis/build/icyphy/ptII/ptolemy/actor/lib/test/auto/Expression14.xml (RunModel)" time="0.019" />
  <testcase classname="ptolemy.util.test.junit.AutoTests" name="[156] /home/travis/build/icyphy/ptII/ptolemy/actor/lib/test/auto/Expression15.xml (RunModel)" time="0.007" />
  <testcase classname="ptolemy.util.test.junit.AutoTests" name="[157] /home/travis/build/icyphy/ptII/ptolemy/actor/lib/test/auto/Expression16.xml (RunModel)" time="0.013" />
  <testcase classname="ptolemy.util.test.junit.AutoTests" name="[158] /home/travis/build/icyphy/ptII/ptolemy/actor/lib/test/auto/Expression17.xml (RunModel)" time="0.012" />
  <testcase classname="ptolemy.util.test.junit.AutoTests" name="[159] /home/travis/build/icyphy/ptII/ptolemy/actor/lib/test/auto/Expression18.xml (RunModel)" time="0.017" />
  <testcase classname="ptolemy.util.test.junit.AutoTests" name="[160] /home/travis/build/icyphy/ptII/ptolemy/actor/lib/test/auto/Expression2.xml (RunModel)" time="0.014" />
  <testcase classname="ptolemy.util.test.junit.AutoTests" name="[161] /home/travis/build/icyphy/ptII/ptolemy/actor/lib/test/auto/Expression3.xml (RunModel)" time="0.014" />
  <testcase classname="ptolemy.util.test.junit.AutoTests" name="[162] /home/travis/build/icyphy/ptII/ptolemy/actor/lib/test/auto/Expression4.xml (RunModel)" time="0.021" />
  <testcase classname="ptolemy.util.test.junit.AutoTests" name="[163] /home/travis/build/icyphy/ptII/ptolemy/actor/lib/test/auto/Expression5.xml (RunModel)" time="0.012" />
  <testcase classname="ptolemy.util.test.junit.AutoTests" name="[164] /home/travis/build/icyphy/ptII/ptolemy/actor/lib/test/auto/Expression6.xml (RunModel)" time="0.011" />
  <testcase classname="ptolemy.util.test.junit.AutoTests" name="[165] /home/travis/build/icyphy/ptII/ptolemy/actor/lib/test/auto/Expression7.xml (RunModel)" time="0.013" />
  <testcase classname="ptolemy.util.test.junit.AutoTests" name="[166] /home/travis/build/icyphy/ptII/ptolemy/actor/lib/test/auto/Expression8.xml (RunModel)" time="0.017" />
  <testcase classname="ptolemy.util.test.junit.AutoTests" name="[167] /home/travis/build/icyphy/ptII/ptolemy/actor/lib/test/auto/Expression9.xml (RunModel)" time="0.025" />
  <testcase classname="ptolemy.util.test.junit.AutoTests" name="[168] /home/travis/build/icyphy/ptII/ptolemy/actor/lib/test/auto/ExpressionConcatenateArrayType.xml (RunModel)" time="0.037" />
  <testcase classname="ptolemy.util.test.junit.AutoTests" name="[169] /home/travis/build/icyphy/ptII/ptolemy/actor/lib/test/auto/ExpressionConcatenateArrayType2.xml (RunModel)" time="0.024" />
  <testcase classname="ptolemy.util.test.junit.AutoTests" name="[170] /home/travis/build/icyphy/ptII/ptolemy/actor/lib/test/auto/ExpressionFix.xml (RunModel)" time="0.05" />
  <testcase classname="ptolemy.util.test.junit.AutoTests" name="[171] /home/travis/build/icyphy/ptII/ptolemy/actor/lib/test/auto/ExpressionFix2.xml (RunModel)" time="0.016" />
  <testcase classname="ptolemy.util.test.junit.AutoTests" name="[172] /home/travis/build/icyphy/ptII/ptolemy/actor/lib/test/auto/ExpressionFix3.xml (RunModel)" time="0.013" />
  <testcase classname="ptolemy.util.test.junit.AutoTests" name="[173] /home/travis/build/icyphy/ptII/ptolemy/actor/lib/test/auto/FileWriter1.xml (RunModel)" time="0.009" />
  <testcase classname="ptolemy.util.test.junit.AutoTests" name="[174] /home/travis/build/icyphy/ptII/ptolemy/actor/lib/test/auto/FileWriter2.xml (RunModel)" time="0.012" />
  <testcase classname="ptolemy.util.test.junit.AutoTests" name="[175] /home/travis/build/icyphy/ptII/ptolemy/actor/lib/test/auto/FileWriter3.xml (RunModel)" time="0.016" />
  <testcase classname="ptolemy.util.test.junit.AutoTests" name="[176] /home/travis/build/icyphy/ptII/ptolemy/actor/lib/test/auto/Gaussian.xml (RunModel)" time="0.014" />
  <testcase classname="ptolemy.util.test.junit.AutoTests" name="[177] /home/travis/build/icyphy/ptII/ptolemy/actor/lib/test/auto/Gaussian1.xml (RunModel)" time="0.023" />
  <testcase classname="ptolemy.util.test.junit.AutoTests" name="[178] /home/travis/build/icyphy/ptII/ptolemy/actor/lib/test/auto/Gaussian2.xml (RunModel)" time="0.018" />
  <testcase classname="ptolemy.util.test.junit.AutoTests" name="[179] /home/travis/build/icyphy/ptII/ptolemy/actor/lib/test/auto/GradientAdaptiveLattice.xml (RunModel)" time="0.017" />
  <testcase classname="ptolemy.util.test.junit.AutoTests" name="[180] /home/travis/build/icyphy/ptII/ptolemy/actor/lib/test/auto/IIR.xml (RunModel)" time="0.011" />
  <testcase classname="ptolemy.util.test.junit.AutoTests" name="[181] /home/travis/build/icyphy/ptII/ptolemy/actor/lib/test/auto/InputOutputTransparentPorts.xml (RunModel)" time="0.019" />
  <testcase classname="ptolemy.util.test.junit.AutoTests" name="[182] /home/travis/build/icyphy/ptII/ptolemy/actor/lib/test/auto/Interpolator.xml (RunModel)" time="0.012" />
  <testcase classname="ptolemy.util.test.junit.AutoTests" name="[183] /home/travis/build/icyphy/ptII/ptolemy/actor/lib/test/auto/InterpolatorFiringLimitDE.xml (RunModel)" time="0.015" />
  <testcase classname="ptolemy.util.test.junit.AutoTests" name="[184] /home/travis/build/icyphy/ptII/ptolemy/actor/lib/test/auto/Lattice.xml (RunModel)" time="0.012" />
  <testcase classname="ptolemy.util.test.junit.AutoTests" name="[185] /home/travis/build/icyphy/ptII/ptolemy/actor/lib/test/auto/LazyAOCTestLazy.xml (RunModel)" time="0.041" />
  <testcase classname="ptolemy.util.test.junit.AutoTests" name="[186] /home/travis/build/icyphy/ptII/ptolemy/actor/lib/test/auto/LazyAOCTestNonLazy.xml (RunModel)" time="0.049" />
  <testcase classname="ptolemy.util.test.junit.AutoTests" name="[187] /home/travis/build/icyphy/ptII/ptolemy/actor/lib/test/auto/LazyInnerClass.xml (RunModel)" time="0.06" />
  <testcase classname="ptolemy.util.test.junit.AutoTests" name="[188] /home/travis/build/icyphy/ptII/ptolemy/actor/lib/test/auto/LazyPubSub.xml (RunModel)" time="0.066" />
  <testcase classname="ptolemy.util.test.junit.AutoTests" name="[189] /home/travis/build/icyphy/ptII/ptolemy/actor/lib/test/auto/LazyPubSub2.xml (RunModel)" time="0.051" />
  <testcase classname="ptolemy.util.test.junit.AutoTests" name="[190] /home/travis/build/icyphy/ptII/ptolemy/actor/lib/test/auto/LazyPubSub3.xml (RunModel)" time="0.029" />
  <testcase classname="ptolemy.util.test.junit.AutoTests" name="[191] /home/travis/build/icyphy/ptII/ptolemy/actor/lib/test/auto/LazySubClassModel.xml (RunModel)" time="0.024" />
  <testcase classname="ptolemy.util.test.junit.AutoTests" name="[192] /home/travis/build/icyphy/ptII/ptolemy/actor/lib/test/auto/LevelCrossTest1.xml (RunModel)" time="0.012" />
  <testcase classname="ptolemy.util.test.junit.AutoTests" name="[193] /home/travis/build/icyphy/ptII/ptolemy/actor/lib/test/auto/LevelCrossTest10.xml (RunModel)" time="0.017" />
  <testcase classname="ptolemy.util.test.junit.AutoTests" name="[194] /home/travis/build/icyphy/ptII/ptolemy/actor/lib/test/auto/LevelCrossTest11.xml (RunModel)" time="0.019" />
  <testcase classname="ptolemy.util.test.junit.AutoTests" name="[195] /home/travis/build/icyphy/ptII/ptolemy/actor/lib/test/auto/LevelCrossTest12.xml (RunModel)" time="0.019" />
  <testcase classname="ptolemy.util.test.junit.AutoTests" name="[196] /home/travis/build/icyphy/ptII/ptolemy/actor/lib/test/auto/LevelCrossTest13.xml (RunModel)" time="0.016" />
  <testcase classname="ptolemy.util.test.junit.AutoTests" name="[197] /home/travis/build/icyphy/ptII/ptolemy/actor/lib/test/auto/LevelCrossTest2.xml (RunModel)" time="0.011" />
  <testcase classname="ptolemy.util.test.junit.AutoTests" name="[198] /home/travis/build/icyphy/ptII/ptolemy/actor/lib/test/auto/LevelCrossTest3.xml (RunModel)" time="0.014" />
  <testcase classname="ptolemy.util.test.junit.AutoTests" name="[199] /home/travis/build/icyphy/ptII/ptolemy/actor/lib/test/auto/LevelCrossTest4.xml (RunModel)" time="0.013" />
  <testcase classname="ptolemy.util.test.junit.AutoTests" name="[200] /home/travis/build/icyphy/ptII/ptolemy/actor/lib/test/auto/LevelCrossTest5.xml (RunModel)" time="0.022" />
  <testcase classname="ptolemy.util.test.junit.AutoTests" name="[201] /home/travis/build/icyphy/ptII/ptolemy/actor/lib/test/auto/LevelCrossTest6.xml (RunModel)" time="0.021" />
  <testcase classname="ptolemy.util.test.junit.AutoTests" name="[202] /home/travis/build/icyphy/ptII/ptolemy/actor/lib/test/auto/LevelCrossTest7.xml (RunModel)" time="0.018" />
  <testcase classname="ptolemy.util.test.junit.AutoTests" name="[203] /home/travis/build/icyphy/ptII/ptolemy/actor/lib/test/auto/LevelCrossTest8.xml (RunModel)" time="0.017" />
  <testcase classname="ptolemy.util.test.junit.AutoTests" name="[204] /home/travis/build/icyphy/ptII/ptolemy/actor/lib/test/auto/LevelCrossTest9.xml (RunModel)" time="0.017" />
  <testcase classname="ptolemy.util.test.junit.AutoTests" name="[205] /home/travis/build/icyphy/ptII/ptolemy/actor/lib/test/auto/LevinsonDurbin.xml (RunModel)" time="0.018" />
  <testcase classname="ptolemy.util.test.junit.AutoTests" name="[206] /home/travis/build/icyphy/ptII/ptolemy/actor/lib/test/auto/LevinsonDurbin2.xml (RunModel)" time="0.019" />
  <testcase classname="ptolemy.util.test.junit.AutoTests" name="[207] /home/travis/build/icyphy/ptII/ptolemy/actor/lib/test/auto/LevinsonDurbin3.xml (RunModel)" time="0.012" />
  <testcase classname="ptolemy.util.test.junit.AutoTests" name="[208] /home/travis/build/icyphy/ptII/ptolemy/actor/lib/test/auto/Limiter.xml (RunModel)" time="0.054" />
  <testcase classname="ptolemy.util.test.junit.AutoTests" name="[209] /home/travis/build/icyphy/ptII/ptolemy/actor/lib/test/auto/LinearDifferenceEquationSystem.xml (RunModel)" time="0.032" />
  <testcase classname="ptolemy.util.test.junit.AutoTests" name="[210] /home/travis/build/icyphy/ptII/ptolemy/actor/lib/test/auto/LookupTable.xml (RunModel)" time="0.011" />
  <testcase classname="ptolemy.util.test.junit.AutoTests" name="[211] /home/travis/build/icyphy/ptII/ptolemy/actor/lib/test/auto/MathFunction.xml (RunModel)" time="0.018" />
  <testcase classname="ptolemy.util.test.junit.AutoTests" name="[212] /home/travis/build/icyphy/ptII/ptolemy/actor/lib/test/auto/MathFunction2.xml (RunModel)" time="0.014" />
  <testcase classname="ptolemy.util.test.junit.AutoTests" name="[213] /home/travis/build/icyphy/ptII/ptolemy/actor/lib/test/auto/MathFunction3.xml (RunModel)" time="0.02" />
  <testcase classname="ptolemy.util.test.junit.AutoTests" name="[214] /home/travis/build/icyphy/ptII/ptolemy/actor/lib/test/auto/MatrixCropBoolean.xml (RunModel)" time="0.018" />
  <testcase classname="ptolemy.util.test.junit.AutoTests" name="[215] /home/travis/build/icyphy/ptII/ptolemy/actor/lib/test/auto/MatrixCropComplex.xml (RunModel)" time="0.009" />
  <testcase classname="ptolemy.util.test.junit.AutoTests" name="[216] /home/travis/build/icyphy/ptII/ptolemy/actor/lib/test/auto/MatrixCropDouble.xml (RunModel)" time="0.009" />
  <testcase classname="ptolemy.util.test.junit.AutoTests" name="[217] /home/travis/build/icyphy/ptII/ptolemy/actor/lib/test/auto/MatrixCropFix.xml (RunModel)" time="0.016" />
  <testcase classname="ptolemy.util.test.junit.AutoTests" name="[218] /home/travis/build/icyphy/ptII/ptolemy/actor/lib/test/auto/MatrixCropInt.xml (RunModel)" time="0.011" />
  <testcase classname="ptolemy.util.test.junit.AutoTests" name="[219] /home/travis/build/icyphy/ptII/ptolemy/actor/lib/test/auto/MatrixCropLong.xml (RunModel)" time="0.022" />
  <testcase classname="ptolemy.util.test.junit.AutoTests" name="[220] /home/travis/build/icyphy/ptII/ptolemy/actor/lib/test/auto/MatrixToArray.xml (RunModel)" time="0.057" />
  <testcase classname="ptolemy.util.test.junit.AutoTests" name="[221] /home/travis/build/icyphy/ptII/ptolemy/actor/lib/test/auto/MaxIndex.xml (RunModel)" time="0.018" />
  <testcase classname="ptolemy.util.test.junit.AutoTests" name="[222] /home/travis/build/icyphy/ptII/ptolemy/actor/lib/test/auto/Maximum.xml (RunModel)" time="0.015" />
  <testcase classname="ptolemy.util.test.junit.AutoTests" name="[223] /home/travis/build/icyphy/ptII/ptolemy/actor/lib/test/auto/MaximumComplex.xml (RunModel)" time="0.016" />
  <testcase classname="ptolemy.util.test.junit.AutoTests" name="[224] /home/travis/build/icyphy/ptII/ptolemy/actor/lib/test/auto/MethodCallTest.xml (RunModel)" time="0.026" />
  <testcase classname="ptolemy.util.test.junit.AutoTests" name="[225] /home/travis/build/icyphy/ptII/ptolemy/actor/lib/test/auto/Minimum.xml (RunModel)" time="0.017" />
  <testcase classname="ptolemy.util.test.junit.AutoTests" name="[226] /home/travis/build/icyphy/ptII/ptolemy/actor/lib/test/auto/MinimumComplex.xml (RunModel)" time="0.029" />
  <testcase classname="ptolemy.util.test.junit.AutoTests" name="[227] /home/travis/build/icyphy/ptII/ptolemy/actor/lib/test/auto/MinimumMultiports.xml (RunModel)" time="0.021" />
  <testcase classname="ptolemy.util.test.junit.AutoTests" name="[228] /home/travis/build/icyphy/ptII/ptolemy/actor/lib/test/auto/ModifyDate.xml (RunModel)" time="0.048" />
  <testcase classname="ptolemy.util.test.junit.AutoTests" name="[229] /home/travis/build/icyphy/ptII/ptolemy/actor/lib/test/auto/ModifyDate2.xml (RunModel)" time="0.026" />
  <testcase classname="ptolemy.util.test.junit.AutoTests" name="[230] /home/travis/build/icyphy/ptII/ptolemy/actor/lib/test/auto/MovingAverage.xml (RunModel)" time="0.012" />
  <testcase classname="ptolemy.util.test.junit.AutoTests" name="[231] /home/travis/build/icyphy/ptII/ptolemy/actor/lib/test/auto/MovingMaximum.xml (RunModel)" time="0.012" />
  <testcase classname="ptolemy.util.test.junit.AutoTests" name="[232] /home/travis/build/icyphy/ptII/ptolemy/actor/lib/test/auto/MultipleLinksToSameRelation.xml (RunModel)" time="0.008" />
  <testcase classname="ptolemy.util.test.junit.AutoTests" name="[233] /home/travis/build/icyphy/ptII/ptolemy/actor/lib/test/auto/MultipleLinksToSameRelationDE.xml (RunModel)" time="0.012" />
  <testcase classname="ptolemy.util.test.junit.AutoTests" name="[234] /home/travis/build/icyphy/ptII/ptolemy/actor/lib/test/auto/Multiplexor.xml (RunModel)" time="0.012" />
  <testcase classname="ptolemy.util.test.junit.AutoTests" name="[235] /home/travis/build/icyphy/ptII/ptolemy/actor/lib/test/auto/Multiplexor1.xml (RunModel)" time="0.013" />
  <testcase classname="ptolemy.util.test.junit.AutoTests" name="[236] /home/travis/build/icyphy/ptII/ptolemy/actor/lib/test/auto/Multiplexor2.xml (RunModel)" time="0.02" />
  <testcase classname="ptolemy.util.test.junit.AutoTests" name="[237] /home/travis/build/icyphy/ptII/ptolemy/actor/lib/test/auto/Multiplexor3.xml (RunModel)" time="0.01" />
  <testcase classname="ptolemy.util.test.junit.AutoTests" name="[238] /home/travis/build/icyphy/ptII/ptolemy/actor/lib/test/auto/MultiplexorDE.xml (RunModel)" time="0.019" />
  <testcase classname="ptolemy.util.test.junit.AutoTests" name="[239] /home/travis/build/icyphy/ptII/ptolemy/actor/lib/test/auto/MultiportBroadcastTest.xml (RunModel)" time="0.103" />
  <testcase classname="ptolemy.util.test.junit.AutoTests" name="[240] /home/travis/build/icyphy/ptII/ptolemy/actor/lib/test/auto/MultiportOutHangDuringGetWidth.xml (RunModel)" time="0.033" />
  <testcase classname="ptolemy.util.test.junit.AutoTests" name="[241] /home/travis/build/icyphy/ptII/ptolemy/actor/lib/test/auto/NilToken.xml (RunModel)" time="0.008" />
  <testcase classname="ptolemy.util.test.junit.AutoTests" name="[242] /home/travis/build/icyphy/ptII/ptolemy/actor/lib/test/auto/NilTokenNonStrictTest.xml (RunModel)" time="0.011" />
  <testcase classname="ptolemy.util.test.junit.AutoTests" name="[243] /home/travis/build/icyphy/ptII/ptolemy/actor/lib/test/auto/NilTokenRecord.xml (RunModel)" time="0.021" />
  <testcase classname="ptolemy.util.test.junit.AutoTests" name="[244] /home/travis/build/icyphy/ptII/ptolemy/actor/lib/test/auto/NilTokenTypeTest.xml (RunModel)" time="0.034" />
  <testcase classname="ptolemy.util.test.junit.AutoTests" name="[245] /home/travis/build/icyphy/ptII/ptolemy/actor/lib/test/auto/ObjectToken1.xml (RunModel)" time="0.008" />
  <testcase classname="ptolemy.util.test.junit.AutoTests" name="[246] /home/travis/build/icyphy/ptII/ptolemy/actor/lib/test/auto/OrderedMerge.xml (RunModel)" time="0.02" />
  <testcase classname="ptolemy.util.test.junit.AutoTests" name="[247] /home/travis/build/icyphy/ptII/ptolemy/actor/lib/test/auto/OrderedRecordDisassembler.xml (RunModel)" time="0.021" />
  <testcase classname="ptolemy.util.test.junit.AutoTests" name="[248] /home/travis/build/icyphy/ptII/ptolemy/actor/lib/test/auto/OrderedRecordDisassembler2.xml (RunModel)" time="0.019" />
  <testcase classname="ptolemy.util.test.junit.AutoTests" name="[249] /home/travis/build/icyphy/ptII/ptolemy/actor/lib/test/auto/OrderedRecordUpdater.xml (RunModel)" time="0.011" />
  <testcase classname="ptolemy.util.test.junit.AutoTests" name="[250] /home/travis/build/icyphy/ptII/ptolemy/actor/lib/test/auto/OrderedRecordUpdater2.xml (RunModel)" time="0.018" />
  <testcase classname="ptolemy.util.test.junit.AutoTests" name="[251] /home/travis/build/icyphy/ptII/ptolemy/actor/lib/test/auto/PhaseUnwrap.xml (RunModel)" time="0.014" />
  <testcase classname="ptolemy.util.test.junit.AutoTests" name="[252] /home/travis/build/icyphy/ptII/ptolemy/actor/lib/test/auto/PoissonClock.xml (RunModel)" time="0.011" />
  <testcase classname="ptolemy.util.test.junit.AutoTests" name="[253] /home/travis/build/icyphy/ptII/ptolemy/actor/lib/test/auto/PoissonClock2.xml (RunModel)" time="0.008" />
  <testcase classname="ptolemy.util.test.junit.AutoTests" name="[254] /home/travis/build/icyphy/ptII/ptolemy/actor/lib/test/auto/PoissonClock3.xml (RunModel)" time="0.026" />
  <testcase classname="ptolemy.util.test.junit.AutoTests" name="[255] /home/travis/build/icyphy/ptII/ptolemy/actor/lib/test/auto/PubSubWithInitialTokens.xml (RunModel)" time="0.013" />
  <testcase classname="ptolemy.util.test.junit.AutoTests" name="[256] /home/travis/build/icyphy/ptII/ptolemy/actor/lib/test/auto/PubSubWithInitialTokens2.xml (RunModel)" time="0.011" />
  <testcase classname="ptolemy.util.test.junit.AutoTests" name="[257] /home/travis/build/icyphy/ptII/ptolemy/actor/lib/test/auto/PublisherClassNoParameter.xml (RunModel)" time="0.021" />
  <testcase classname="ptolemy.util.test.junit.AutoTests" name="[258] /home/travis/build/icyphy/ptII/ptolemy/actor/lib/test/auto/PublisherClassParameter.xml (RunModel)" time="0.02" />
  <testcase classname="ptolemy.util.test.junit.AutoTests" name="[259] /home/travis/build/icyphy/ptII/ptolemy/actor/lib/test/auto/PublisherNonStrictTest.xml (RunModel)" time="0.015" />
  <testcase classname="ptolemy.util.test.junit.AutoTests" name="[260] /home/travis/build/icyphy/ptII/ptolemy/actor/lib/test/auto/PublisherPort1.xml (RunModel)" time="0.01" />
  <testcase classname="ptolemy.util.test.junit.AutoTests" name="[261] /home/travis/build/icyphy/ptII/ptolemy/actor/lib/test/auto/PublisherPort2.xml (RunModel)" time="0.021" />
  <testcase classname="ptolemy.util.test.junit.AutoTests" name="[262] /home/travis/build/icyphy/ptII/ptolemy/actor/lib/test/auto/PublisherPort3.xml (RunModel)" time="0.013" />
  <testcase classname="ptolemy.util.test.junit.AutoTests" name="[263] /home/travis/build/icyphy/ptII/ptolemy/actor/lib/test/auto/PublisherPort4.xml (RunModel)" time="0.013" />
  <testcase classname="ptolemy.util.test.junit.AutoTests" name="[264] /home/travis/build/icyphy/ptII/ptolemy/actor/lib/test/auto/PublisherPort5.xml (RunModel)" time="0.016" />
  <testcase classname="ptolemy.util.test.junit.AutoTests" name="[265] /home/travis/build/icyphy/ptII/ptolemy/actor/lib/test/auto/PublisherPort5LookAlike.xml (RunModel)" time="0.02" />
  <testcase classname="ptolemy.util.test.junit.AutoTests" name="[266] /home/travis/build/icyphy/ptII/ptolemy/actor/lib/test/auto/PublisherPort6.xml (RunModel)" time="0.013" />
  <testcase classname="ptolemy.util.test.junit.AutoTests" name="[267] /home/travis/build/icyphy/ptII/ptolemy/actor/lib/test/auto/PublisherPort7.xml (RunModel)" time="0.034" />
  <testcase classname="ptolemy.util.test.junit.AutoTests" name="[268] /home/travis/build/icyphy/ptII/ptolemy/actor/lib/test/auto/PublisherPort8.xml (RunModel)" time="0.025" />
  <testcase classname="ptolemy.util.test.junit.AutoTests" name="[269] /home/travis/build/icyphy/ptII/ptolemy/actor/lib/test/auto/PublisherPortSubscriberChannelVariablesAOC2.xml (RunModel)" time="0.038" />
  <testcase classname="ptolemy.util.test.junit.AutoTests" name="[270] /home/travis/build/icyphy/ptII/ptolemy/actor/lib/test/auto/PublisherPortSubscriberOpaqueWidthInference.xml (RunModel)" time="0.017" />
  <testcase classname="ptolemy.util.test.junit.AutoTests" name="[271] /home/travis/build/icyphy/ptII/ptolemy/actor/lib/test/auto/PublisherPortSubscriberPortAdjacent.xml (RunModel)" time="0.025" />
  <testcase classname="ptolemy.util.test.junit.AutoTests" name="[272] /home/travis/build/icyphy/ptII/ptolemy/actor/lib/test/auto/PublisherPortSubscriberPortExpression.xml (RunModel)" time="0.018" />
  <testcase classname="ptolemy.util.test.junit.AutoTests" name="[273] /home/travis/build/icyphy/ptII/ptolemy/actor/lib/test/auto/PublisherPortSubscriberPortOpaqueD3Reverse.xml (RunModel)" time="0.041" />
  <testcase classname="ptolemy.util.test.junit.AutoTests" name="[274] /home/travis/build/icyphy/ptII/ptolemy/actor/lib/test/auto/PublisherPortSubscriberPortOpaqueWidthInference.xml (RunModel)" time="0.033" />
  <testcase classname="ptolemy.util.test.junit.AutoTests" name="[275] /home/travis/build/icyphy/ptII/ptolemy/actor/lib/test/auto/PublisherPortToplevelSubscriberPortAOC.xml (RunModel)" time="0.013" />
  <testcase classname="ptolemy.util.test.junit.AutoTests" name="[276] /home/travis/build/icyphy/ptII/ptolemy/actor/lib/test/auto/PublisherSubscriber.xml (RunModel)" time="0.014" />
  <testcase classname="ptolemy.util.test.junit.AutoTests" name="[277] /home/travis/build/icyphy/ptII/ptolemy/actor/lib/test/auto/PublisherSubscriber10.xml (RunModel)" time="0.023" />
  <testcase classname="ptolemy.util.test.junit.AutoTests" name="[278] /home/travis/build/icyphy/ptII/ptolemy/actor/lib/test/auto/PublisherSubscriber10InitialOutputs.xml (RunModel)" time="0.032" />
  <testcase classname="ptolemy.util.test.junit.AutoTests" name="[279] /home/travis/build/icyphy/ptII/ptolemy/actor/lib/test/auto/PublisherSubscriber11.xml (RunModel)" time="0.017" />
  <testcase classname="ptolemy.util.test.junit.AutoTests" name="[280] /home/travis/build/icyphy/ptII/ptolemy/actor/lib/test/auto/PublisherSubscriber12.xml (RunModel)" time="0.015" />
  <testcase classname="ptolemy.util.test.junit.AutoTests" name="[281] /home/travis/build/icyphy/ptII/ptolemy/actor/lib/test/auto/PublisherSubscriber13.xml (RunModel)" time="0.01" />
  <testcase classname="ptolemy.util.test.junit.AutoTests" name="[282] /home/travis/build/icyphy/ptII/ptolemy/actor/lib/test/auto/PublisherSubscriber14.xml (RunModel)" time="0.032" />
  <testcase classname="ptolemy.util.test.junit.AutoTests" name="[283] /home/travis/build/icyphy/ptII/ptolemy/actor/lib/test/auto/PublisherSubscriber2.xml (RunModel)" time="0.011" />
  <testcase classname="ptolemy.util.test.junit.AutoTests" name="[284] /home/travis/build/icyphy/ptII/ptolemy/actor/lib/test/auto/PublisherSubscriber3.xml (RunModel)" time="0.009" />
  <testcase classname="ptolemy.util.test.junit.AutoTests" name="[285] /home/travis/build/icyphy/ptII/ptolemy/actor/lib/test/auto/PublisherSubscriber4.xml (RunModel)" time="0.01" />
  <testcase classname="ptolemy.util.test.junit.AutoTests" name="[286] /home/travis/build/icyphy/ptII/ptolemy/actor/lib/test/auto/PublisherSubscriber5.xml (RunModel)" time="0.013" />
  <testcase classname="ptolemy.util.test.junit.AutoTests" name="[287] /home/travis/build/icyphy/ptII/ptolemy/actor/lib/test/auto/PublisherSubscriber6.xml (RunModel)" time="0.017" />
  <testcase classname="ptolemy.util.test.junit.AutoTests" name="[288] /home/travis/build/icyphy/ptII/ptolemy/actor/lib/test/auto/PublisherSubscriber7.xml (RunModel)" time="0.021" />
  <testcase classname="ptolemy.util.test.junit.AutoTests" name="[289] /home/travis/build/icyphy/ptII/ptolemy/actor/lib/test/auto/PublisherSubscriber8.xml (RunModel)" time="0.034" />
  <testcase classname="ptolemy.util.test.junit.AutoTests" name="[290] /home/travis/build/icyphy/ptII/ptolemy/actor/lib/test/auto/PublisherSubscriber9.xml (RunModel)" time="0.019" />
  <testcase classname="ptolemy.util.test.junit.AutoTests" name="[291] /home/travis/build/icyphy/ptII/ptolemy/actor/lib/test/auto/PublisherSubscriberAdjacent.xml (RunModel)" time="0.017" />
  <testcase classname="ptolemy.util.test.junit.AutoTests" name="[292] /home/travis/build/icyphy/ptII/ptolemy/actor/lib/test/auto/PublisherSubscriberChannelVariablesAOC2.xml (RunModel)" time="0.03" />
  <testcase classname="ptolemy.util.test.junit.AutoTests" name="[293] /home/travis/build/icyphy/ptII/ptolemy/actor/lib/test/auto/PublisherSubscriberD3.xml (RunModel)" time="0.014" />
  <testcase classname="ptolemy.util.test.junit.AutoTests" name="[294] /home/travis/build/icyphy/ptII/ptolemy/actor/lib/test/auto/PublisherSubscriberD3Reverse.xml (RunModel)" time="0.015" />
  <testcase classname="ptolemy.util.test.junit.AutoTests" name="[295] /home/travis/build/icyphy/ptII/ptolemy/actor/lib/test/auto/PublisherSubscriberExpression.xml (RunModel)" time="0.02" />
  <testcase classname="ptolemy.util.test.junit.AutoTests" name="[296] /home/travis/build/icyphy/ptII/ptolemy/actor/lib/test/auto/PublisherSubscriberOpaque.xml (RunModel)" time="0.017" />
  <testcase classname="ptolemy.util.test.junit.AutoTests" name="[297] /home/travis/build/icyphy/ptII/ptolemy/actor/lib/test/auto/PublisherSubscriberOpaqueD3.xml (RunModel)" time="0.025" />
  <testcase classname="ptolemy.util.test.junit.AutoTests" name="[298] /home/travis/build/icyphy/ptII/ptolemy/actor/lib/test/auto/PublisherSubscriberOpaqueD3Reverse.xml (RunModel)" time="0.024" />
  <testcase classname="ptolemy.util.test.junit.AutoTests" name="[299] /home/travis/build/icyphy/ptII/ptolemy/actor/lib/test/auto/PublisherSubscriberOpaqueWidthInference.xml (RunModel)" time="0.018" />
  <testcase classname="ptolemy.util.test.junit.AutoTests" name="[300] /home/travis/build/icyphy/ptII/ptolemy/actor/lib/test/auto/PublisherTestSubscriber.xml (RunModel)" time="0.016" />
  <testcase classname="ptolemy.util.test.junit.AutoTests" name="[301] /home/travis/build/icyphy/ptII/ptolemy/actor/lib/test/auto/PublisherToplevelSubscriberPortAOC.xml (RunModel)" time="0.011" />
  <testcase classname="ptolemy.util.test.junit.AutoTests" name="[302] /home/travis/build/icyphy/ptII/ptolemy/actor/lib/test/auto/PulseFiringLimitDE.xml (RunModel)" time="0.016" />
  <testcase classname="ptolemy.util.test.junit.AutoTests" name="[303] /home/travis/build/icyphy/ptII/ptolemy/actor/lib/test/auto/Ramp1.xml (RunModel)" time="0.007" />
  <testcase classname="ptolemy.util.test.junit.AutoTests" name="[304] /home/travis/build/icyphy/ptII/ptolemy/actor/lib/test/auto/RampFiringLimitDE.xml (RunModel)" time="0.012" />
  <testcase classname="ptolemy.util.test.junit.AutoTests" name="[305] /home/travis/build/icyphy/ptII/ptolemy/actor/lib/test/auto/RampFiringLimitSDF.xml (RunModel)" time="0.01" />
  <testcase classname="ptolemy.util.test.junit.AutoTests" name="[306] /home/travis/build/icyphy/ptII/ptolemy/actor/lib/test/auto/RandomInteger.xml (RunModel)" time="0.009" />
  <testcase classname="ptolemy.util.test.junit.AutoTests" name="[307] /home/travis/build/icyphy/ptII/ptolemy/actor/lib/test/auto/ReadFile1.xml (RunModel)" time="0.008" />
  <testcase classname="ptolemy.util.test.junit.AutoTests" name="[308] /home/travis/build/icyphy/ptII/ptolemy/actor/lib/test/auto/ReadFile2.xml (RunModel)" time="0.011" />
  <testcase classname="ptolemy.util.test.junit.AutoTests" name="[309] /home/travis/build/icyphy/ptII/ptolemy/actor/lib/test/auto/Reader.xml (RunModel)" time="0.014" />
  <testcase classname="ptolemy.util.test.junit.AutoTests" name="[310] /home/travis/build/icyphy/ptII/ptolemy/actor/lib/test/auto/RecordAssemblerDisplayNameTest.xml (RunModel)" time="3.522" />
  <testcase classname="ptolemy.util.test.junit.AutoTests" name="[311] /home/travis/build/icyphy/ptII/ptolemy/actor/lib/test/auto/RecordAssemblerTypeError.xml (RunModel)" time="0.029" />
  <testcase classname="ptolemy.util.test.junit.AutoTests" name="[312] /home/travis/build/icyphy/ptII/ptolemy/actor/lib/test/auto/RecordDisassember.xml (RunModel)" time="0.012" />
  <testcase classname="ptolemy.util.test.junit.AutoTests" name="[313] /home/travis/build/icyphy/ptII/ptolemy/actor/lib/test/auto/RecordDisassemberDisplayNameTest.xml (RunModel)" time="0.018" />
  <testcase classname="ptolemy.util.test.junit.AutoTests" name="[314] /home/travis/build/icyphy/ptII/ptolemy/actor/lib/test/auto/RecordDisassembler.xml (RunModel)" time="0.01" />
  <testcase classname="ptolemy.util.test.junit.AutoTests" name="[315] /home/travis/build/icyphy/ptII/ptolemy/actor/lib/test/auto/RecordDisassembler2.xml (RunModel)" time="0.013" />
  <testcase classname="ptolemy.util.test.junit.AutoTests" name="[316] /home/travis/build/icyphy/ptII/ptolemy/actor/lib/test/auto/RecordUpdater.xml (RunModel)" time="0.009" />
  <testcase classname="ptolemy.util.test.junit.AutoTests" name="[317] /home/travis/build/icyphy/ptII/ptolemy/actor/lib/test/auto/RecordUpdater2.xml (RunModel)" time="0.01" />
  <testcase classname="ptolemy.util.test.junit.AutoTests" name="[318] /home/travis/build/icyphy/ptII/ptolemy/actor/lib/test/auto/RecursiveLattice.xml (RunModel)" time="0.008" />
  <testcase classname="ptolemy.util.test.junit.AutoTests" name="[319] /home/travis/build/icyphy/ptII/ptolemy/actor/lib/test/auto/Router.xml (RunModel)" time="3.025" />
  <testcase classname="ptolemy.util.test.junit.AutoTests" name="[320] /home/travis/build/icyphy/ptII/ptolemy/actor/lib/test/auto/Router2.xml (RunModel)" time="3.037" />
  <testcase classname="ptolemy.util.test.junit.AutoTests" name="[321] /home/travis/build/icyphy/ptII/ptolemy/actor/lib/test/auto/RunningMaximum.xml (RunModel)" time="0.021" />
  <testcase classname="ptolemy.util.test.junit.AutoTests" name="[322] /home/travis/build/icyphy/ptII/ptolemy/actor/lib/test/auto/RunningMinimum.xml (RunModel)" time="0.03" />
  <testcase classname="ptolemy.util.test.junit.AutoTests" name="[323] /home/travis/build/icyphy/ptII/ptolemy/actor/lib/test/auto/Scale.xml (RunModel)" time="0.012" />
  <testcase classname="ptolemy.util.test.junit.AutoTests" name="[324] /home/travis/build/icyphy/ptII/ptolemy/actor/lib/test/auto/Scale2.xml (RunModel)" time="0.009" />
  <testcase classname="ptolemy.util.test.junit.AutoTests" name="[325] /home/travis/build/icyphy/ptII/ptolemy/actor/lib/test/auto/Scale3.xml (RunModel)" time="0.02" />
  <testcase classname="ptolemy.util.test.junit.AutoTests" name="[326] /home/travis/build/icyphy/ptII/ptolemy/actor/lib/test/auto/ScaleArray.xml (RunModel)" time="0.009" />
  <testcase classname="ptolemy.util.test.junit.AutoTests" name="[327] /home/travis/build/icyphy/ptII/ptolemy/actor/lib/test/auto/ScaleArray2.xml (RunModel)" time="0.009" />
  <testcase classname="ptolemy.util.test.junit.AutoTests" name="[328] /home/travis/build/icyphy/ptII/ptolemy/actor/lib/test/auto/ScaleMatrix.xml (RunModel)" time="0.184" />
  <testcase classname="ptolemy.util.test.junit.AutoTests" name="[329] /home/travis/build/icyphy/ptII/ptolemy/actor/lib/test/auto/Select.xml (RunModel)" time="0.02" />
  <testcase classname="ptolemy.util.test.junit.AutoTests" name="[330] /home/travis/build/icyphy/ptII/ptolemy/actor/lib/test/auto/Select2.xml (RunModel)" time="0.008" />
  <testcase classname="ptolemy.util.test.junit.AutoTests" name="[331] /home/travis/build/icyphy/ptII/ptolemy/actor/lib/test/auto/SequenceToArray2.xml (RunModel)" time="0.154" />
  <testcase classname="ptolemy.util.test.junit.AutoTests" name="[332] /home/travis/build/icyphy/ptII/ptolemy/actor/lib/test/auto/SequentialClock.xml (RunModel)" time="0.014" />
  <testcase classname="ptolemy.util.test.junit.AutoTests" name="[333] /home/travis/build/icyphy/ptII/ptolemy/actor/lib/test/auto/SetVariable.xml (RunModel)" time="0.01" />
  <testcase classname="ptolemy.util.test.junit.AutoTests" name="[334] /home/travis/build/icyphy/ptII/ptolemy/actor/lib/test/auto/SetVariable2.xml (RunModel)" time="0.016" />
  <testcase classname="ptolemy.util.test.junit.AutoTests" name="[335] /home/travis/build/icyphy/ptII/ptolemy/actor/lib/test/auto/SetVariable3.xml (RunModel)" time="0.02" />
  <testcase classname="ptolemy.util.test.junit.AutoTests" name="[336] /home/travis/build/icyphy/ptII/ptolemy/actor/lib/test/auto/SetVariable4.xml (RunModel)" time="0.026" />
  <testcase classname="ptolemy.util.test.junit.AutoTests" name="[337] /home/travis/build/icyphy/ptII/ptolemy/actor/lib/test/auto/SetVariable5.xml (RunModel)" time="0.038" />
  <testcase classname="ptolemy.util.test.junit.AutoTests" name="[338] /home/travis/build/icyphy/ptII/ptolemy/actor/lib/test/auto/Sinewave.xml (RunModel)" time="0.026" />
  <testcase classname="ptolemy.util.test.junit.AutoTests" name="[339] /home/travis/build/icyphy/ptII/ptolemy/actor/lib/test/auto/Sinewave2.xml (RunModel)" time="0.018" />
  <testcase classname="ptolemy.util.test.junit.AutoTests" name="[340] /home/travis/build/icyphy/ptII/ptolemy/actor/lib/test/auto/Sinewave3.xml (RunModel)" time="0.028" />
  <testcase classname="ptolemy.util.test.junit.AutoTests" name="[341] /home/travis/build/icyphy/ptII/ptolemy/actor/lib/test/auto/SingleEvent.xml (RunModel)" time="0.015" />
  <testcase classname="ptolemy.util.test.junit.AutoTests" name="[342] /home/travis/build/icyphy/ptII/ptolemy/actor/lib/test/auto/Sleep.xml (RunModel)" time="6.015" />
  <testcase classname="ptolemy.util.test.junit.AutoTests" name="[343] /home/travis/build/icyphy/ptII/ptolemy/actor/lib/test/auto/SleepMultipleFire.xml (RunModel)" time="1.027" />
  <testcase classname="ptolemy.util.test.junit.AutoTests" name="[344] /home/travis/build/icyphy/ptII/ptolemy/actor/lib/test/auto/StopDE.xml (RunModel)" time="0.015" />
  <testcase classname="ptolemy.util.test.junit.AutoTests" name="[345] /home/travis/build/icyphy/ptII/ptolemy/actor/lib/test/auto/StopSDF.xml (RunModel)" time="0.014" />
  <testcase classname="ptolemy.util.test.junit.AutoTests" name="[346] /home/travis/build/icyphy/ptII/ptolemy/actor/lib/test/auto/StringConstant.xml (RunModel)" time="0.02" />
  <testcase classname="ptolemy.util.test.junit.AutoTests" name="[347] /home/travis/build/icyphy/ptII/ptolemy/actor/lib/test/auto/SubscriberPortInitialValues1.xml (RunModel)" time="0.022" />
  <testcase classname="ptolemy.util.test.junit.AutoTests" name="[348] /home/travis/build/icyphy/ptII/ptolemy/actor/lib/test/auto/SubscriberPortInitialValues13.xml (RunModel)" time="0.025" />
  <testcase classname="ptolemy.util.test.junit.AutoTests" name="[349] /home/travis/build/icyphy/ptII/ptolemy/actor/lib/test/auto/SubscriberPortInitialValues14.xml (RunModel)" time="0.015" />
  <testcase classname="ptolemy.util.test.junit.AutoTests" name="[350] /home/travis/build/icyphy/ptII/ptolemy/actor/lib/test/auto/SubscriberPortInitialValues2.xml (RunModel)" time="0.023" />
  <testcase classname="ptolemy.util.test.junit.AutoTests" name="[351] /home/travis/build/icyphy/ptII/ptolemy/actor/lib/test/auto/SubscriberPortInitialValues3.xml (RunModel)" time="0.026" />
  <testcase classname="ptolemy.util.test.junit.AutoTests" name="[352] /home/travis/build/icyphy/ptII/ptolemy/actor/lib/test/auto/SubscriptionAggregator.xml (RunModel)" time="0.012" />
  <testcase classname="ptolemy.util.test.junit.AutoTests" name="[353] /home/travis/build/icyphy/ptII/ptolemy/actor/lib/test/auto/SubscriptionAggregator2.xml (RunModel)" time="0.013" />
  <testcase classname="ptolemy.util.test.junit.AutoTests" name="[354] /home/travis/build/icyphy/ptII/ptolemy/actor/lib/test/auto/SubscriptionAggregator3.xml (RunModel)" time="0.017" />
  <testcase classname="ptolemy.util.test.junit.AutoTests" name="[355] /home/travis/build/icyphy/ptII/ptolemy/actor/lib/test/auto/SubscriptionAggregatorMultiply.xml (RunModel)" time="0.015" />
  <testcase classname="ptolemy.util.test.junit.AutoTests" name="[356] /home/travis/build/icyphy/ptII/ptolemy/actor/lib/test/auto/SubscriptionAggregatorPortMultiply1.xml (RunModel)" time="0.014" />
  <testcase classname="ptolemy.util.test.junit.AutoTests" name="[357] /home/travis/build/icyphy/ptII/ptolemy/actor/lib/test/auto/Switch.xml (RunModel)" time="0.037" />
  <testcase classname="ptolemy.util.test.junit.AutoTests" name="[358] /home/travis/build/icyphy/ptII/ptolemy/actor/lib/test/auto/Switch2.xml (RunModel)" time="0.013" />
  <testcase classname="ptolemy.util.test.junit.AutoTests" name="[359] /home/travis/build/icyphy/ptII/ptolemy/actor/lib/test/auto/SwitchDE.xml (RunModel)" time="0.013" />
  <testcase classname="ptolemy.util.test.junit.AutoTests" name="[360] /home/travis/build/icyphy/ptII/ptolemy/actor/lib/test/auto/SynchronizerDE.xml (RunModel)" time="0.024" />
  <testcase classname="ptolemy.util.test.junit.AutoTests" name="[361] /home/travis/build/icyphy/ptII/ptolemy/actor/lib/test/auto/Test.xml (RunModel)" time="0.018" />
  <testcase classname="ptolemy.util.test.junit.AutoTests" name="[362] /home/travis/build/icyphy/ptII/ptolemy/actor/lib/test/auto/TestExceptionAttribute1.xml (RunModel)" time="0.009" />
  <testcase classname="ptolemy.util.test.junit.AutoTests" name="[363] /home/travis/build/icyphy/ptII/ptolemy/actor/lib/test/auto/TestExceptionAttribute2.xml (RunModel)" time="0.008" />
  <testcase classname="ptolemy.util.test.junit.AutoTests" name="[364] /home/travis/build/icyphy/ptII/ptolemy/actor/lib/test/auto/TestExceptionAttribute3.xml (RunModel)" time="0.012" />
  <testcase classname="ptolemy.util.test.junit.AutoTests" name="[365] /home/travis/build/icyphy/ptII/ptolemy/actor/lib/test/auto/TestExceptionAttribute4.xml (RunModel)" time="0.007" />
  <testcase classname="ptolemy.util.test.junit.AutoTests" name="[366] /home/travis/build/icyphy/ptII/ptolemy/actor/lib/test/auto/TestExceptionHandler1.xml (RunModel)" time="0.009" />
  <testcase classname="ptolemy.util.test.junit.AutoTests" name="[367] /home/travis/build/icyphy/ptII/ptolemy/actor/lib/test/auto/TestExceptionHandler2.xml (RunModel)" time="0.007" />
  <testcase classname="ptolemy.util.test.junit.AutoTests" name="[368] /home/travis/build/icyphy/ptII/ptolemy/actor/lib/test/auto/TestExceptionHandler3.xml (RunModel)" time="0.008" />
  <testcase classname="ptolemy.util.test.junit.AutoTests" name="[369] /home/travis/build/icyphy/ptII/ptolemy/actor/lib/test/auto/TestExceptionHandler4.xml (RunModel)" time="0.006" />
  <testcase classname="ptolemy.util.test.junit.AutoTests" name="[370] /home/travis/build/icyphy/ptII/ptolemy/actor/lib/test/auto/TestRequireCorrectOrder.xml (RunModel)" time="0.01" />
  <testcase classname="ptolemy.util.test.junit.AutoTests" name="[371] /home/travis/build/icyphy/ptII/ptolemy/actor/lib/test/auto/TestSimple.xml (RunModel)" time="0.013" />
  <testcase classname="ptolemy.util.test.junit.AutoTests" name="[372] /home/travis/build/icyphy/ptII/ptolemy/actor/lib/test/auto/ThrowModelError.xml (RunModel)" time="0.013" />
  <testcase classname="ptolemy.util.test.junit.AutoTests" name="[373] /home/travis/build/icyphy/ptII/ptolemy/actor/lib/test/auto/TimeDelayMicrosteps.xml (RunModel)" time="0.016" />
  <testcase classname="ptolemy.util.test.junit.AutoTests" name="[374] /home/travis/build/icyphy/ptII/ptolemy/actor/lib/test/auto/TimeDelayMicrosteps2.xml (RunModel)" time="0.015" />
  <testcase classname="ptolemy.util.test.junit.AutoTests" name="[375] /home/travis/build/icyphy/ptII/ptolemy/actor/lib/test/auto/TimeDelayMicrosteps3.xml (RunModel)" time="0.013" />
  <testcase classname="ptolemy.util.test.junit.AutoTests" name="[376] /home/travis/build/icyphy/ptII/ptolemy/actor/lib/test/auto/TimeDelayVariableMicrosteps.xml (RunModel)" time="0.013" />
  <testcase classname="ptolemy.util.test.junit.AutoTests" name="[377] /home/travis/build/icyphy/ptII/ptolemy/actor/lib/test/auto/TimeGap.xml (RunModel)" time="0.014" />
  <testcase classname="ptolemy.util.test.junit.AutoTests" name="[378] /home/travis/build/icyphy/ptII/ptolemy/actor/lib/test/auto/TimeGap2.xml (RunModel)" time="0.01" />
  <testcase classname="ptolemy.util.test.junit.AutoTests" name="[379] /home/travis/build/icyphy/ptII/ptolemy/actor/lib/test/auto/TimedSinewave.xml (RunModel)" time="0.044" />
  <testcase classname="ptolemy.util.test.junit.AutoTests" name="[380] /home/travis/build/icyphy/ptII/ptolemy/actor/lib/test/auto/TimedSinewavePhase.xml (RunModel)" time="0.043" />
  <testcase classname="ptolemy.util.test.junit.AutoTests" name="[381] /home/travis/build/icyphy/ptII/ptolemy/actor/lib/test/auto/Timer.xml (RunModel)" time="0.018" />
  <testcase classname="ptolemy.util.test.junit.AutoTests" name="[382] /home/travis/build/icyphy/ptII/ptolemy/actor/lib/test/auto/TriangularDistTestModel.xml (RunModel)" time="0.018" />
  <testcase classname="ptolemy.util.test.junit.AutoTests" name="[383] /home/travis/build/icyphy/ptII/ptolemy/actor/lib/test/auto/TrigFunction.xml (RunModel)" time="0.015" />
  <testcase classname="ptolemy.util.test.junit.AutoTests" name="[384] /home/travis/build/icyphy/ptII/ptolemy/actor/lib/test/auto/TrigFunctionDE.xml (RunModel)" time="0.014" />
  <testcase classname="ptolemy.util.test.junit.AutoTests" name="[385] /home/travis/build/icyphy/ptII/ptolemy/actor/lib/test/auto/TrigFunctionInverse.xml (RunModel)" time="0.009" />
  <testcase classname="ptolemy.util.test.junit.AutoTests" name="[386] /home/travis/build/icyphy/ptII/ptolemy/actor/lib/test/auto/TrigFunctionTan.xml (RunModel)" time="0.007" />
  <testcase classname="ptolemy.util.test.junit.AutoTests" name="[387] /home/travis/build/icyphy/ptII/ptolemy/actor/lib/test/auto/TriggeredClock.xml (RunModel)" time="0.008" />
  <testcase classname="ptolemy.util.test.junit.AutoTests" name="[388] /home/travis/build/icyphy/ptII/ptolemy/actor/lib/test/auto/URLDirectoryReader.xml (RunModel)" time="0.132" />
  <testcase classname="ptolemy.util.test.junit.AutoTests" name="[389] /home/travis/build/icyphy/ptII/ptolemy/actor/lib/test/auto/URLDirectoryReader3.xml (RunModel)" time="1.337" />
  <testcase classname="ptolemy.util.test.junit.AutoTests" name="[390] /home/travis/build/icyphy/ptII/ptolemy/actor/lib/test/auto/UnaryMathFunction.xml (RunModel)" time="0.036" />
  <testcase classname="ptolemy.util.test.junit.AutoTests" name="[391] /home/travis/build/icyphy/ptII/ptolemy/actor/lib/test/auto/Uniform.xml (RunModel)" time="0.014" />
  <testcase classname="ptolemy.util.test.junit.AutoTests" name="[392] /home/travis/build/icyphy/ptII/ptolemy/actor/lib/test/auto/UnionDisassemblerTest.xml (RunModel)" time="0.017" />
  <testcase classname="ptolemy.util.test.junit.AutoTests" name="[393] /home/travis/build/icyphy/ptII/ptolemy/actor/lib/test/auto/UtilityFunctions.xml (RunModel)" time="0.007" />
  <testcase classname="ptolemy.util.test.junit.AutoTests" name="[394] /home/travis/build/icyphy/ptII/ptolemy/actor/lib/test/auto/VariableSleep.xml (RunModel)" time="0.513" />
  <testcase classname="ptolemy.util.test.junit.AutoTests" name="[395] /home/travis/build/icyphy/ptII/ptolemy/actor/lib/test/auto/VectorAssemblerDisassemblerCT.xml (RunModel)" time="0.11" />
  <testcase classname="ptolemy.util.test.junit.AutoTests" name="[396] /home/travis/build/icyphy/ptII/ptolemy/actor/lib/test/auto/VectorAssemblerDisassemblerDE.xml (RunModel)" time="0.015" />
  <testcase classname="ptolemy.util.test.junit.AutoTests" name="[397] /home/travis/build/icyphy/ptII/ptolemy/actor/lib/test/auto/VectorAssemblerDisassemblerSDF.xml (RunModel)" time="0.013" />
  <testcase classname="ptolemy.util.test.junit.AutoTests" name="[398] /home/travis/build/icyphy/ptII/ptolemy/actor/lib/test/auto/WallClockTime.xml (RunModel)" time="1.023" />
  <testcase classname="ptolemy.util.test.junit.AutoTests" name="[399] /home/travis/build/icyphy/ptII/ptolemy/actor/lib/test/auto/WidthTestWithSubscriberPublisher.xml (RunModel)" time="0.037" />
  <testcase classname="ptolemy.util.test.junit.AutoTests" name="[400] /home/travis/build/icyphy/ptII/ptolemy/actor/lib/test/auto/WidthTestWithSubscriberPublisher2.xml (RunModel)" time="0.018" />
  <testcase classname="ptolemy.util.test.junit.AutoTests" name="[401] /home/travis/build/icyphy/ptII/ptolemy/actor/lib/test/auto/WidthTestWithSubscriberPublisher3.xml (RunModel)" time="0.016" />
  <testcase classname="ptolemy.util.test.junit.AutoTests" name="[402] /home/travis/build/icyphy/ptII/ptolemy/actor/lib/test/auto/Writer.xml (RunModel)" time="0.009" />
  <testcase classname="ptolemy.util.test.junit.AutoTests" name="[403] /home/travis/build/icyphy/ptII/ptolemy/actor/lib/test/auto/array.xml (RunModel)" time="0.024" />
  <testcase classname="ptolemy.util.test.junit.AutoTests" name="[404] /home/travis/build/icyphy/ptII/ptolemy/actor/lib/test/auto/array2.xml (RunModel)" time="0.014" />
  <testcase classname="ptolemy.util.test.junit.AutoTests" name="[405] /home/travis/build/icyphy/ptII/ptolemy/actor/lib/test/auto/arrayType.xml (RunModel)" time="0.012" />
  <testcase classname="ptolemy.util.test.junit.AutoTests" name="[406] /home/travis/build/icyphy/ptII/ptolemy/actor/lib/test/auto/arrayType10.xml (RunModel)" time="0.008" />
  <testcase classname="ptolemy.util.test.junit.AutoTests" name="[407] /home/travis/build/icyphy/ptII/ptolemy/actor/lib/test/auto/arrayType11.xml (RunModel)" time="0.009" />
  <testcase classname="ptolemy.util.test.junit.AutoTests" name="[408] /home/travis/build/icyphy/ptII/ptolemy/actor/lib/test/auto/arrayType12.xml (RunModel)" time="0.01" />
  <testcase classname="ptolemy.util.test.junit.AutoTests" name="[409] /home/travis/build/icyphy/ptII/ptolemy/actor/lib/test/auto/arrayType13.xml (RunModel)" time="0.009" />
  <testcase classname="ptolemy.util.test.junit.AutoTests" name="[410] /home/travis/build/icyphy/ptII/ptolemy/actor/lib/test/auto/arrayType14.xml (RunModel)" time="0.009" />
  <testcase classname="ptolemy.util.test.junit.AutoTests" name="[411] /home/travis/build/icyphy/ptII/ptolemy/actor/lib/test/auto/arrayType15.xml (RunModel)" time="0.01" />
  <testcase classname="ptolemy.util.test.junit.AutoTests" name="[412] /home/travis/build/icyphy/ptII/ptolemy/actor/lib/test/auto/arrayType16.xml (RunModel)" time="0.009" />
  <testcase classname="ptolemy.util.test.junit.AutoTests" name="[413] /home/travis/build/icyphy/ptII/ptolemy/actor/lib/test/auto/arrayType17.xml (RunModel)" time="0.009" />
  <testcase classname="ptolemy.util.test.junit.AutoTests" name="[414] /home/travis/build/icyphy/ptII/ptolemy/actor/lib/test/auto/arrayType18.xml (RunModel)" time="0.008" />
  <testcase classname="ptolemy.util.test.junit.AutoTests" name="[415] /home/travis/build/icyphy/ptII/ptolemy/actor/lib/test/auto/arrayType19.xml (RunModel)" time="0.009" />
  <testcase classname="ptolemy.util.test.junit.AutoTests" name="[416] /home/travis/build/icyphy/ptII/ptolemy/actor/lib/test/auto/arrayType2.xml (RunModel)" time="0.01" />
  <testcase classname="ptolemy.util.test.junit.AutoTests" name="[417] /home/travis/build/icyphy/ptII/ptolemy/actor/lib/test/auto/arrayType20.xml (RunModel)" time="0.009" />
  <testcase classname="ptolemy.util.test.junit.AutoTests" name="[418] /home/travis/build/icyphy/ptII/ptolemy/actor/lib/test/auto/arrayType21.xml (RunModel)" time="0.01" />
  <testcase classname="ptolemy.util.test.junit.AutoTests" name="[419] /home/travis/build/icyphy/ptII/ptolemy/actor/lib/test/auto/arrayType22.xml (RunModel)" time="0.008" />
  <testcase classname="ptolemy.util.test.junit.AutoTests" name="[420] /home/travis/build/icyphy/ptII/ptolemy/actor/lib/test/auto/arrayType23.xml (RunModel)" time="0.008" />
  <testcase classname="ptolemy.util.test.junit.AutoTests" name="[421] /home/travis/build/icyphy/ptII/ptolemy/actor/lib/test/auto/arrayType24.xml (RunModel)" time="0.01" />
  <testcase classname="ptolemy.util.test.junit.AutoTests" name="[422] /home/travis/build/icyphy/ptII/ptolemy/actor/lib/test/auto/arrayType25.xml (RunModel)" time="0.009" />
  <testcase classname="ptolemy.util.test.junit.AutoTests" name="[423] /home/travis/build/icyphy/ptII/ptolemy/actor/lib/test/auto/arrayType26.xml (RunModel)" time="0.008" />
  <testcase classname="ptolemy.util.test.junit.AutoTests" name="[424] /home/travis/build/icyphy/ptII/ptolemy/actor/lib/test/auto/arrayType27.xml (RunModel)" time="0.009" />
  <testcase classname="ptolemy.util.test.junit.AutoTests" name="[425] /home/travis/build/icyphy/ptII/ptolemy/actor/lib/test/auto/arrayType28.xml (RunModel)" time="0.009" />
  <testcase classname="ptolemy.util.test.junit.AutoTests" name="[426] /home/travis/build/icyphy/ptII/ptolemy/actor/lib/test/auto/arrayType3.xml (RunModel)" time="0.009" />
  <testcase classname="ptolemy.util.test.junit.AutoTests" name="[427] /home/travis/build/icyphy/ptII/ptolemy/actor/lib/test/auto/arrayType4.xml (RunModel)" time="0.008" />
  <testcase classname="ptolemy.util.test.junit.AutoTests" name="[428] /home/travis/build/icyphy/ptII/ptolemy/actor/lib/test/auto/arrayType5.xml (RunModel)" time="0.008" />
  <testcase classname="ptolemy.util.test.junit.AutoTests" name="[429] /home/travis/build/icyphy/ptII/ptolemy/actor/lib/test/auto/arrayType6.xml (RunModel)" time="0.012" />
  <testcase classname="ptolemy.util.test.junit.AutoTests" name="[430] /home/travis/build/icyphy/ptII/ptolemy/actor/lib/test/auto/arrayType7.xml (RunModel)" time="0.008" />
  <testcase classname="ptolemy.util.test.junit.AutoTests" name="[431] /home/travis/build/icyphy/ptII/ptolemy/actor/lib/test/auto/arrayType8.xml (RunModel)" time="0.009" />
  <testcase classname="ptolemy.util.test.junit.AutoTests" name="[432] /home/travis/build/icyphy/ptII/ptolemy/actor/lib/test/auto/arrayType9.xml (RunModel)" time="0.024" />
  <testcase classname="ptolemy.util.test.junit.AutoTests" name="[433] /home/travis/build/icyphy/ptII/ptolemy/actor/lib/test/auto/cast.xml (RunModel)" time="0.009" />
  <testcase classname="ptolemy.util.test.junit.AutoTests" name="[434] /home/travis/build/icyphy/ptII/ptolemy/actor/lib/test/auto/compositeMultiPort.xml (RunModel)" time="0.017" />
  <testcase classname="ptolemy.util.test.junit.AutoTests" name="[435] /home/travis/build/icyphy/ptII/ptolemy/actor/lib/test/auto/expressionCastInference.xml (RunModel)" time="0.008" />
  <testcase classname="ptolemy.util.test.junit.AutoTests" name="[436] /home/travis/build/icyphy/ptII/ptolemy/actor/lib/test/auto/expressionCastInference2.xml (RunModel)" time="0.01" />
  <testcase classname="ptolemy.util.test.junit.AutoTests" name="[437] /home/travis/build/icyphy/ptII/ptolemy/actor/lib/test/auto/expressionInference.xml (RunModel)" time="0.008" />
  <testcase classname="ptolemy.util.test.junit.AutoTests" name="[438] /home/travis/build/icyphy/ptII/ptolemy/actor/lib/test/auto/expression_bug.xml (RunModel)" time="0.008" />
  <testcase classname="ptolemy.util.test.junit.AutoTests" name="[439] /home/travis/build/icyphy/ptII/ptolemy/actor/lib/test/auto/factorial.xml (RunModel)" time="0.051" />
  <testcase classname="ptolemy.util.test.junit.AutoTests" name="[440] /home/travis/build/icyphy/ptII/ptolemy/actor/lib/test/auto/filterTest1.xml (RunModel)" time="0.012" />
  <testcase classname="ptolemy.util.test.junit.AutoTests" name="[441] /home/travis/build/icyphy/ptII/ptolemy/actor/lib/test/auto/funcApplyInConst.xml (RunModel)" time="0.006" />
  <testcase classname="ptolemy.util.test.junit.AutoTests" name="[442] /home/travis/build/icyphy/ptII/ptolemy/actor/lib/test/auto/funcApplyInExpr.xml (RunModel)" time="0.006" />
  <testcase classname="ptolemy.util.test.junit.AutoTests" name="[443] /home/travis/build/icyphy/ptII/ptolemy/actor/lib/test/auto/function.xml (RunModel)" time="0.054" />
  <testcase classname="ptolemy.util.test.junit.AutoTests" name="[444] /home/travis/build/icyphy/ptII/ptolemy/actor/lib/test/auto/function2.xml (RunModel)" time="0.032" />
  <testcase classname="ptolemy.util.test.junit.AutoTests" name="[445] /home/travis/build/icyphy/ptII/ptolemy/actor/lib/test/auto/function3.xml (RunModel)" time="0.031" />
  <testcase classname="ptolemy.util.test.junit.AutoTests" name="[446] /home/travis/build/icyphy/ptII/ptolemy/actor/lib/test/auto/functionClosureTest1.xml (RunModel)" time="0.044" />
  <testcase classname="ptolemy.util.test.junit.AutoTests" name="[447] /home/travis/build/icyphy/ptII/ptolemy/actor/lib/test/auto/functionClosureTest2.xml (RunModel)" time="0.053" />
  <testcase classname="ptolemy.util.test.junit.AutoTests" name="[448] /home/travis/build/icyphy/ptII/ptolemy/actor/lib/test/auto/functionClosureTest3.xml (RunModel)" time="0.032" />
  <testcase classname="ptolemy.util.test.junit.AutoTests" name="[449] /home/travis/build/icyphy/ptII/ptolemy/actor/lib/test/auto/functionClosureTest4.xml (RunModel)" time="0.031" />
  <testcase classname="ptolemy.util.test.junit.AutoTests" name="[450] /home/travis/build/icyphy/ptII/ptolemy/actor/lib/test/auto/functionClosureTest5.xml (RunModel)" time="0.037" />
  <testcase classname="ptolemy.util.test.junit.AutoTests" name="[451] /home/travis/build/icyphy/ptII/ptolemy/actor/lib/test/auto/functionClosureTest6.xml (RunModel)" time="0.014" />
  <testcase classname="ptolemy.util.test.junit.AutoTests" name="[452] /home/travis/build/icyphy/ptII/ptolemy/actor/lib/test/auto/functionsOnArcs.xml (RunModel)" time="0.011" />
  <testcase classname="ptolemy.util.test.junit.AutoTests" name="[453] /home/travis/build/icyphy/ptII/ptolemy/actor/lib/test/auto/functionsOnArcsHOF.xml (RunModel)" time="0.012" />
  <testcase classname="ptolemy.util.test.junit.AutoTests" name="[454] /home/travis/build/icyphy/ptII/ptolemy/actor/lib/test/auto/logic.xml (RunModel)" time="0.02" />
  <testcase classname="ptolemy.util.test.junit.AutoTests" name="[455] /home/travis/build/icyphy/ptII/ptolemy/actor/lib/test/auto/matrixType.xml (RunModel)" time="0.008" />
  <testcase classname="ptolemy.util.test.junit.AutoTests" name="[456] /home/travis/build/icyphy/ptII/ptolemy/actor/lib/test/auto/matrixType10.xml (RunModel)" time="0.009" />
  <testcase classname="ptolemy.util.test.junit.AutoTests" name="[457] /home/travis/build/icyphy/ptII/ptolemy/actor/lib/test/auto/matrixType11.xml (RunModel)" time="0.008" />
  <testcase classname="ptolemy.util.test.junit.AutoTests" name="[458] /home/travis/build/icyphy/ptII/ptolemy/actor/lib/test/auto/matrixType12.xml (RunModel)" time="0.009" />
  <testcase classname="ptolemy.util.test.junit.AutoTests" name="[459] /home/travis/build/icyphy/ptII/ptolemy/actor/lib/test/auto/matrixType13.xml (RunModel)" time="0.008" />
  <testcase classname="ptolemy.util.test.junit.AutoTests" name="[460] /home/travis/build/icyphy/ptII/ptolemy/actor/lib/test/auto/matrixType14.xml (RunModel)" time="0.009" />
  <testcase classname="ptolemy.util.test.junit.AutoTests" name="[461] /home/travis/build/icyphy/ptII/ptolemy/actor/lib/test/auto/matrixType2.xml (RunModel)" time="0.008" />
  <testcase classname="ptolemy.util.test.junit.AutoTests" name="[462] /home/travis/build/icyphy/ptII/ptolemy/actor/lib/test/auto/matrixType3.xml (RunModel)" time="0.01" />
  <testcase classname="ptolemy.util.test.junit.AutoTests" name="[463] /home/travis/build/icyphy/ptII/ptolemy/actor/lib/test/auto/matrixType4.xml (RunModel)" time="0.011" />
  <testcase classname="ptolemy.util.test.junit.AutoTests" name="[464] /home/travis/build/icyphy/ptII/ptolemy/actor/lib/test/auto/matrixType5.xml (RunModel)" time="0.009" />
  <testcase classname="ptolemy.util.test.junit.AutoTests" name="[465] /home/travis/build/icyphy/ptII/ptolemy/actor/lib/test/auto/matrixType6.xml (RunModel)" time="0.009" />
  <testcase classname="ptolemy.util.test.junit.AutoTests" name="[466] /home/travis/build/icyphy/ptII/ptolemy/actor/lib/test/auto/matrixType7.xml (RunModel)" time="0.008" />
  <testcase classname="ptolemy.util.test.junit.AutoTests" name="[467] /home/travis/build/icyphy/ptII/ptolemy/actor/lib/test/auto/matrixType8.xml (RunModel)" time="0.009" />
  <testcase classname="ptolemy.util.test.junit.AutoTests" name="[468] /home/travis/build/icyphy/ptII/ptolemy/actor/lib/test/auto/matrixType9.xml (RunModel)" time="0.008" />
  <testcase classname="ptolemy.util.test.junit.AutoTests" name="[469] /home/travis/build/icyphy/ptII/ptolemy/actor/lib/test/auto/paraFunctest.xml (RunModel)" time="0.008" />
  <testcase classname="ptolemy.util.test.junit.AutoTests" name="[470] /home/travis/build/icyphy/ptII/ptolemy/actor/lib/test/auto/paraFunctest2.xml (RunModel)" time="0.009" />
  <testcase classname="ptolemy.util.test.junit.AutoTests" name="[471] /home/travis/build/icyphy/ptII/ptolemy/actor/lib/test/auto/parameterPassing.xml (RunModel)" time="0.01" />
  <testcase classname="ptolemy.util.test.junit.AutoTests" name="[472] /home/travis/build/icyphy/ptII/ptolemy/actor/lib/test/auto/record.xml (RunModel)" time="0.009" />
  <testcase classname="ptolemy.util.test.junit.AutoTests" name="[473] /home/travis/build/icyphy/ptII/ptolemy/actor/lib/test/auto/sizedarray1.xml (RunModel)" time="0.01" />
  <testcase classname="ptolemy.util.test.junit.AutoTests" name="[474] /home/travis/build/icyphy/ptII/ptolemy/actor/lib/test/auto/sizedarray2.xml (RunModel)" time="0.012" />
  <testcase classname="ptolemy.util.test.junit.AutoTests" name="[475] /home/travis/build/icyphy/ptII/ptolemy/actor/lib/test/auto/twoPublishers.xml (RunModel)" time="0.028" />
  <system-out><![CDATA[/home/travis/build/icyphy/ptII/ptolemy/actor/lib/test/AbsoluteValue.tcl
testDefs.tcl: setting time out to 9000 seconds at Mon Dec 09 06:20:52 UTC 2019
114 ms. Memory: 120832K Free: 85431K (71%)
8 ms. Memory: 120832K Free: 83912K (69%)
8 ms. Memory: 120832K Free: 82888K (69%)
5 ms. Memory: 120832K Free: 82359K (68%)
/home/travis/build/icyphy/ptII/ptolemy/actor/lib/test/AddSubtract.tcl
30 ms. Memory: 120832K Free: 80295K (66%)
22 ms. Memory: 120832K Free: 79783K (66%)
18 ms. Memory: 120832K Free: 78792K (65%)
11 ms. Memory: 120832K Free: 77768K (64%)
97 ms. Memory: 120832K Free: 75206K (62%)
10 ms. Memory: 120832K Free: 74182K (61%)
/home/travis/build/icyphy/ptII/ptolemy/actor/lib/test/Average.tcl
21 ms. Memory: 120832K Free: 72648K (60%)
19 ms. Memory: 120832K Free: 71624K (59%)
/home/travis/build/icyphy/ptII/ptolemy/actor/lib/test/Bernoulli.tcl
14 ms. Memory: 120832K Free: 69576K (58%)
3 ms. Memory: 120832K Free: 69576K (58%)
/home/travis/build/icyphy/ptII/ptolemy/actor/lib/test/Clock.tcl
preinitializing
resolving types
initializing
executing number 1
wrapping up
idle
25 ms. Memory: 120832K Free: 66504K (55%)
Completed execution with 5 iterations
preinitializing
resolving types
initializing
executing number 1
wrapping up
idle
5 ms. Memory: 120832K Free: 65959K (55%)
Completed execution with 5 iterations
preinitializing
resolving types
initializing
executing number 1
wrapping up
idle
4 ms. Memory: 120832K Free: 65480K (54%)
Completed execution with 5 iterations
/home/travis/build/icyphy/ptII/ptolemy/actor/lib/test/Commutator.tcl
10 ms. Memory: 120832K Free: 63432K (52%)
12 ms. Memory: 120832K Free: 62408K (52%)
17 ms. Memory: 120832K Free: 56759K (47%)
/home/travis/build/icyphy/ptII/ptolemy/actor/lib/test/Const.tcl
5 ms. Memory: 120832K Free: 55240K (46%)
3 ms. Memory: 120832K Free: 54726K (45%)
4 ms. Memory: 120832K Free: 54216K (45%)
3 ms. Memory: 120832K Free: 53702K (44%)
4 ms. Memory: 120832K Free: 52663K (44%)
22 ms. Memory: 120832K Free: 51144K (42%)
5 ms. Memory: 120832K Free: 50120K (41%)
6 ms. Memory: 120832K Free: 49096K (41%)
/home/travis/build/icyphy/ptII/ptolemy/actor/lib/test/CurrentTime.tcl
preinitializing
resolving types
initializing
executing number 1
wrapping up
idle
14 ms. Memory: 120832K Free: 47527K (39%)
Completed execution with 11 iterations
/home/travis/build/icyphy/ptII/ptolemy/actor/lib/test/DB.tcl
26 ms. Memory: 120832K Free: 107378K (89%)
2 ms. Memory: 120832K Free: 106868K (88%)
2 ms. Memory: 120832K Free: 106354K (88%)
/home/travis/build/icyphy/ptII/ptolemy/actor/lib/test/DiscreteRandomSource.tcl
preinitializing
resolving types
initializing
executing number 1
wrapping up
idle
5 ms. Memory: 120832K Free: 104820K (87%)
Completed execution with 4 iterations
preinitializing
resolving types
initializing
executing number 1
wrapping up
idle
2 ms. Memory: 120832K Free: 104306K (86%)
Completed execution with 4 iterations
preinitializing
resolving types
initializing
executing number 1
wrapping up
idle
2 ms. Memory: 120832K Free: 103796K (86%)
Completed execution with 4 iterations
preinitializing
resolving types
initializing
executing number 1
wrapping up
idle
2 ms. Memory: 120832K Free: 103796K (86%)
Completed execution with 4 iterations
preinitializing
resolving types
initializing
executing number 1
wrapping up
idle
5 ms. Memory: 120832K Free: 103252K (85%)
Completed execution with 4 iterations
/home/travis/build/icyphy/ptII/ptolemy/actor/lib/test/Distributor.tcl
4 ms. Memory: 120832K Free: 101748K (84%)
3 ms. Memory: 120832K Free: 100724K (83%)
StreamChangeRequest.changeExecuted(): <deleteEntity name="rec2"/> succeeded
StreamChangeRequest.changeExecuted(): <deleteRelation name="r2"/> succeeded
StreamChangeRequest.changeExecuted(): Record firings per iteration succeeded
5 ms. Memory: 120832K Free: 98162K (81%)
/home/travis/build/icyphy/ptII/ptolemy/actor/lib/test/Exit.tcl
Exit.tcl: this will print a message about Manager.exitAfterWrapup, which can be ignored.
10 ms. Memory: 120832K Free: 95028K (79%)
/home/travis/build/icyphy/ptII/ptolemy/actor/lib/test/Expression.tcl
43 ms. Memory: 120832K Free: 105469K (87%)
8 ms. Memory: 120832K Free: 104445K (86%)
3 ms. Memory: 120832K Free: 103935K (86%)
preinitializing
resolving types
initializing
executing number 1
wrapping up
idle
16 ms. Memory: 120832K Free: 102367K (85%)
Completed execution with 6 iterations
9 ms. Memory: 120832K Free: 101373K (84%)
5 ms. Memory: 120832K Free: 100863K (83%)
8 ms. Memory: 120832K Free: 99839K (83%)
6 ms. Memory: 120832K Free: 98271K (81%)
9 ms. Memory: 120832K Free: 97277K (81%)
/home/travis/build/icyphy/ptII/ptolemy/actor/lib/test/Gaussian.tcl
7 ms. Memory: 120832K Free: 95229K (79%)
sleeping 1 seconds: ......................................................................................................................................................................................................................................................................................................................................................................................................................................................................................................................................................................................................................................................................................................................................................................................................................................................................................................................................................................................................................................................................................................................................................................................................................................................................................................................................................................................................................................................................................................................................................................................................................................................................................................................................................................................................................................................................................................................................................................................................................................................................................................................................................................................................................................................................................................................................................................................................................................................................................................................................................................................................................................................................................................................................................................................................................................................................................................................................................................................................................................................................................................................................................................................................................................................................................................................................................................................................................................................................................................................................................................................................................................................................................................................................................................................................................................................................................................................................................................................................................................................................................................................................................................................................................................................................................................................................................................................................................................................................................................................................................................................................................................................................................................................................................................................................................................................................................................................................................................................................................................................................................................................................................................................................................................................................................................................................................................................................................................................................................................................................................................................................................................................................................................................................................................................................................................................................................................................................................................................................................................................................................................................................................................................................................................................................................................................................................................................................................................................................................................................................................................................................................................................................................................................................................................................................................................................................................................................................................................................................................................................................................................................................................................................................................................................................................................................................................................................................................................................................................................................................................................................................................................................................................................................................................................................................................................................................................................................................................................................................................................................................................................................................................................................................................................................................................................................................................................................................................................................................................................................................................................................................................................................................................................................................................................................................................................................................................................................................................................................................................................................................................................................................................................................................................................................................................................................................................................................................................................................................................................................................................................................................................................................................................................................................................................................................................................................................................................................................................................................................................................................................................................................................................................................................................................................................................................................................................................................................................................................................................................................................................................................................................................................................................................................................................................................................................................................................................................................................................................................................................................................................................................................................................................................................................................................................................................................................................................................................................................................................................................................................................................................................................................................................................................................................................................................................................................................................................................................................................................................................................................................................................................................................................................................................................................................................................................................................................................................................................................................................................................................................................................................................................................................................................................................................................................................................................................................................................................................................................................................................................................................................................................................................................................................................................................................................................................................................................................................................................................................................................................................................................................................................................................................................................................................................................................................................................................................................................................................................................................................................................................................................................................................................................................................................................................................................................................................................................................................................................................................................................................................................................................................................................................................................................................................................................................................................................................................................................................................................................................................................................................................................................................................................................................................................................................................................................................................................................................................................................................................................................................................................................................................................................................................................................................................................................................................................................................................................................................................................................................................................................................................................................................................................................................................................................................................................................................................................................................................................................................................................................................................................................................................................................................................................................................................................................................................................................................................................................................................................................................................................................................................................................................................................................................................................................................................................................................................................................................................................................................................................................................................................................................................................................................................................................................................................................................................................................................................................................................................................................................................................................................................................................................................................................................................................................................................................................................................................................................................................................................................................................................................................................................................................................................................................................................................................................................................................................................................................................................................................................................................................................................................................................................................................................................................................................................................................................................................................................................................................................................................................................................................................................................................................................................................................................................................................................................................................................................................................................................................................................................................................................................................................................................................................................................................................................................................................................................................................................................................................................................................................................................................................................................................................................................................................................................................................................................................................................................................................................................................................................................................................................................................................................................................................................................................................................................................................................................................................................................................................................................................................................................................................................................................................................................................................................................................................................................................................................................................................................................................................................................................................................................................................................................................................................................................................................................................................................................................................................................................................................................................................................................................................................................................................................................................................................................................................................................................................................................................................................................................................................................................................................................................................................................................................................................................................................................................................................................................................................................................................................................................................................................................................................................................................................................................................................................................................................................................................................................................................................................................................................................................................................................................................................................................................................................................................................................................................................................................................................................................................................................................................................................................................................................................................................................................................................................................................................................................................................................................................................................................................................................................................................................................................................................................................................................................................................................................................................................................................................................................................................................................................................................................................................................................................................................................................................................................................................................................................................................................................................................................................................................................................................................................................................................................................................................................................................................................................................................................................................................................................................................................................................................................................................................................................................................................................................................................................................................................................................................................................................................................................................................................................................................................................................................................................................................................................................................................................................................................................................................................................................................................................................................................................................................................................................................................................................................................................................................................................................................................................................................................................................................................................................................................................................................................................................................................................................................................................................................................................................................................................................................................................................................................................................................................................................................................................................................................................................................................................................................................................................................................................................................................................................................................................................................................................................................................................................................................................................................................................................................................................................................................................................................................................................................................................................................................................................................................................................................................................................................................................................................................................................................................................................................................................................................................................................................................................................................................................................................................................................................................................................................................................................................................................................................................................................................................................................................................................................................................................................................................................................................................................................................................................................................................................................................................................................................................................................................................................................................................................................................................................................................................................................................................................................................................................................................................................................................................................................................................................................................................................................................................................................................................................................................................................................................................................................................................................................................................................................................................................................................................................................................................................................................................................................................................................................................................................................................................................................................................................................................................................................................................................................................................................................................................................................................................................................................................................................................................................................................................................................................................................................................................................................................................................................................................................................................................................................................................................................................................................................................................................................................................................................................................................................................................................................................................................................................................................................................................................................................................................................................................................................................................................................................................................................................................................................................................................................................................................................................................................................................................................................................................................................................................................................................................................................................................................................................................................................................................................................................................................................................................................................................................................................................................................................................................................................................................................................................................................................................................................................................................................................................................................................................................................................................................................................................................................................................................................................................................................................................................................................................................................................................................................................................................................................................................................................................................................................................................................................................................................................................................................................................................................................................................................................................................................................................................................................................................................................................................................................................................................................................................................................................................................................................................................................................................................................................................................................................................................................................................................................................................................................................................................................................................................................................................................................................................................................................................................................................................................................................................................................................................................................................................................................................................................................................................................................................................................................................................................................................................................................................................................................................................................................................................................................................................................................................................................................................................................................................................................................................................................................................................................................................................................................................................................................................................................................................................................................................................................................................................................................................................................................................................................................................................................................................................................................................................................................................................................................................................................................................................................................................................................................................................................................................................................................................................................................................................................................................................................................................................................................................................................................................................................................................................................................................................................................................................................................................................................................................................................................................................................................................................................................................................................................................................................................................................................................................................................................................................................................................................................................................................................................................................................................................................................................................................................................................................................................................................................................................................................................................................................................................................................................................................................................................................................................................................................................................................................................................................................................................................................................................................................................................................................................................................................................................................................................................................................................................................................................................................................................................................................................................................................................................................................................................................................................................................................................................................................................................................................................................................................................................................................................................................................................................................................................................................................................................................................................................................................................................................................................................................................................................................................................................................................................................................................................................................................................................................................................................................................................................................................................................................................................................................................................................................................................................................................................................................................................................................................................................................................................................................................................................................................................................................................................................................................................................................................................................................................................................................................................................................................................................................................................................................................................................................................................................................................................................................................................................................................................................................................................................................................................................................................................................................................................................................................................................................................................................................................................................................................................................................................................................................................................................................................................................................................................................................................................................................................................................................................................................................................................................................................................................................................................................................................................................................................................................................................................................................................................................................................................................................................................................................................................................................................................................................................................................................................................................................................................................................................................................................................................................................................................................................................................................................................................................................................................................................................................................................................................................................................................................................................................................................................................................................................................................................................................................................................................................................................................................................................................................................................................................................................................................................................................................................................................................................................................................................................................................................................................................................................................................................................................................................................................................................................................................................................................................................................................................................................................................................................................................................................................................................................................................................................................................................................................................................................................................................................................................................................................................................................................................................................................................................................................................................................................................................................................................................................................................................................................................................................................................................................................................................................................................................................................................................................................................................................................................................................................................................................................................................................................................................................................................................................................................................................................................................................................................................................................................................................................................................................................................................................................................................................................................................................................................................................................................................................................................................................................................................................................................................................................................................................................................................................................................................................................................................................................................................................................................................................................................................................................................................................................................................................................................................................................................................................................................................................................................................................................................................................................................................................................................................................................................................................................................................................................................................................................................3 ms. Memory: 120832K Free: 105983K (88%)
4 ms. Memory: 120832K Free: 104959K (87%)
2 ms. Memory: 120832K Free: 103935K (86%)
6 ms. Memory: 120832K Free: 103240K (85%)
8 ms. Memory: 120832K Free: 102895K (85%)
/home/travis/build/icyphy/ptII/ptolemy/actor/lib/test/IIR.tcl
/home/travis/build/icyphy/ptII/ptolemy/actor/lib/test/Interpolator.tcl
5 ms. Memory: 120832K Free: 98815K (82%)
4 ms. Memory: 120832K Free: 98287K (81%)
1 ms. Memory: 120832K Free: 97791K (81%)
2 ms. Memory: 120832K Free: 97263K (80%)
3 ms. Memory: 120832K Free: 96223K (80%)
5 ms. Memory: 120832K Free: 95743K (79%)
3 ms. Memory: 120832K Free: 94719K (78%)
3 ms. Memory: 120832K Free: 93695K (78%)
2 ms. Memory: 120832K Free: 93181K (77%)
3 ms. Memory: 120832K Free: 92151K (76%)
/home/travis/build/icyphy/ptII/ptolemy/actor/lib/test/MathFunction.tcl
5 ms. Memory: 120832K Free: 90109K (75%)
3 ms. Memory: 120832K Free: 88575K (73%)
3 ms. Memory: 120832K Free: 87551K (72%)
2 ms. Memory: 120832K Free: 87023K (72%)
4 ms. Memory: 120832K Free: 85503K (71%)
6 ms. Memory: 120832K Free: 83935K (69%)
/home/travis/build/icyphy/ptII/ptolemy/actor/lib/test/Maximum.tcl
4 ms. Memory: 120832K Free: 81903K (68%)
2 ms. Memory: 120832K Free: 80893K (67%)
3 ms. Memory: 120832K Free: 80383K (67%)
2 ms. Memory: 120832K Free: 79855K (66%)
/home/travis/build/icyphy/ptII/ptolemy/actor/lib/test/Minimum.tcl
7 ms. Memory: 120832K Free: 78335K (65%)
6 ms. Memory: 120832K Free: 77311K (64%)
3 ms. Memory: 120832K Free: 76767K (64%)
3 ms. Memory: 120832K Free: 76287K (63%)
/home/travis/build/icyphy/ptII/ptolemy/actor/lib/test/MultiplyDivide.tcl
9 ms. Memory: 120832K Free: 74239K (61%)
3 ms. Memory: 120832K Free: 73719K (61%)
4 ms. Memory: 120832K Free: 72701K (60%)
5 ms. Memory: 120832K Free: 72191K (60%)
5 ms. Memory: 120832K Free: 71167K (59%)
/home/travis/build/icyphy/ptII/ptolemy/actor/lib/test/OrderedMerge.tcl
Connections changed on port: inputA
Connections changed on port: inputB
Connections changed on port: output
Connections changed on port: output
Connections changed on port: output
Connections changed on port: input
.top. Preinitializing ...
Invoking preinitialize():  .top.OrderedMerge
Called preinitialize()
Invoking preinitialize():  .top.Ramp
Called preinitialize()
Invoking preinitialize():  .top.Ramp2
Called preinitialize()
Invoking preinitialize():  .top.Test
Called preinitialize()
Connections changed on port: inputA
Connections changed on port: output
Connections changed on port: output
Connections changed on port: input
Connections changed on port: inputB
Connections changed on port: output
.top. Finished preinitialize().
Called initialize().
Invoking initialize():  .top.OrderedMerge
Initializing actor: .top.OrderedMerge
Adding a thread: .top.OrderedMerge
Invoking initialize():  .top.Ramp
Initializing actor: .top.Ramp
Adding a thread: .top.Ramp
Invoking initialize():  .top.Ramp2
Initializing actor: .top.Ramp2
Adding a thread: .top.Ramp2
Invoking initialize():  .top.Test
Initializing actor: .top.Test
Adding a thread: .top.Test
Called fire().
Checking for deadlock:
-- Starting thread.
Called initialize()
Called prefire()
Called fire()
-- Starting thread.
Called initialize()
-- Starting thread.
Called initialize()
Called prefire()
Called prefire()
-- Starting thread.
Called initialize()
Called prefire()
Called fire()
Called fire()
Called fire()
There are 0 Blocked actors, 0 Stopped actors, and 4 active threads.
Waiting for actors to stop.
Called postfire()
Called prefire()
Called fire()
Called postfire()
Called prefire()
Called fire()
Read input token from inputA with value 0.0
Next port to read input from is inputB
Called postfire()
Called prefire()
Called fire()
Read input token from inputB with value 0.0
Sent output token with value 0.0
Next port to read input from is inputA
Called postfire()
Called prefire()
Called fire()
Checking for deadlock:
There are 1 Blocked actors, 0 Stopped actors, and 4 active threads.
Waiting for actors to stop.
-- Read input: 0.0, which is expected to match: 0.0
Called prefire()
Called fire()
Called postfire()
Called prefire()
Called fire()
Called postfire()
Called prefire()
Called fire()
Checking for deadlock:
There are 3 Blocked actors, 0 Stopped actors, and 4 active threads.
Waiting for actors to stop.
Called postfire()
Called prefire()
Called fire()
Checking for deadlock:
There are 3 Blocked actors, 0 Stopped actors, and 4 active threads.
Waiting for actors to stop.
Read input token from inputA with value 1.0
-- Read input: 0.0, which is expected to match: 0.0
Called prefire()
Called fire()
Checking for deadlock:
There are 3 Blocked actors, 0 Stopped actors, and 4 active threads.
Waiting for actors to stop.
Sent output token with value 0.0
Next port to read input from is inputB
Called postfire()
Called prefire()
Called fire()
Called postfire()
Called prefire()
Called fire()
Checking for deadlock:
There are 3 Blocked actors, 0 Stopped actors, and 4 active threads.
Waiting for actors to stop.
Read input token from inputB with value 1.5
-- Read input: 1.0, which is expected to match: 1.0
Called prefire()
Called fire()
Checking for deadlock:
There are 3 Blocked actors, 0 Stopped actors, and 4 active threads.
Waiting for actors to stop.
Sent output token with value 1.0
Next port to read input from is inputA
Called postfire()
Called prefire()
Called fire()
Checking for deadlock:
There are 2 Blocked actors, 0 Stopped actors, and 4 active threads.
Waiting for actors to stop.
Called postfire()
Called prefire()
Called fire()
Checking for deadlock:
There are 3 Blocked actors, 0 Stopped actors, and 4 active threads.
Waiting for actors to stop.
Read input token from inputA with value 2.0
Checking for deadlock:
There are 2 Blocked actors, 0 Stopped actors, and 4 active threads.
Waiting for actors to stop.
-- Read input: 1.5, which is expected to match: 1.5
Called prefire()
Called fire()
Checking for deadlock:
There are 3 Blocked actors, 0 Stopped actors, and 4 active threads.
Waiting for actors to stop.
Sent output token with value 1.5
Next port to read input from is inputB
Called postfire()
Called prefire()
Called fire()
Called postfire()
Called prefire()
Called fire()
Checking for deadlock:
There are 3 Blocked actors, 0 Stopped actors, and 4 active threads.
Waiting for actors to stop.
Read input token from inputB with value 3.0
-- Read input: 2.0, which is expected to match: 2.0
Called prefire()
Called fire()
Checking for deadlock:
There are 3 Blocked actors, 0 Stopped actors, and 4 active threads.
Waiting for actors to stop.
Sent output token with value 2.0
Next port to read input from is inputA
Called postfire()
Called prefire()
Called fire()
Checking for deadlock:
There are 2 Blocked actors, 0 Stopped actors, and 4 active threads.
Waiting for actors to stop.
Called postfire()
Called prefire()
Called fire()
Checking for deadlock:
There are 3 Blocked actors, 0 Stopped actors, and 4 active threads.
Waiting for actors to stop.
Read input token from inputA with value 3.0
Checking for deadlock:
There are 2 Blocked actors, 0 Stopped actors, and 4 active threads.
Waiting for actors to stop.
-- Read input: 3.0, which is expected to match: 3.0
Called prefire()
Called fire()
Checking for deadlock:
There are 3 Blocked actors, 0 Stopped actors, and 4 active threads.
Waiting for actors to stop.
Sent output token with value 3.0
Next port to read input from is inputB
Called postfire()
Called prefire()
Called fire()
Called postfire()
Called prefire()
Called fire()
Checking for deadlock:
There are 3 Blocked actors, 0 Stopped actors, and 4 active threads.
Waiting for actors to stop.
Read input token from inputB with value 4.5
-- Read input: 3.0, which is expected to match: 3.0
Called prefire()
Called fire()
Checking for deadlock:
There are 3 Blocked actors, 0 Stopped actors, and 4 active threads.
Waiting for actors to stop.
Sent output token with value 3.0
Next port to read input from is inputA
Called postfire()
Called prefire()
Called fire()
Checking for deadlock:
There are 2 Blocked actors, 0 Stopped actors, and 4 active threads.
Waiting for actors to stop.
Called postfire()
Called prefire()
Called fire()
Checking for deadlock:
There are 3 Blocked actors, 0 Stopped actors, and 4 active threads.
Waiting for actors to stop.
Read input token from inputA with value 4.0
Checking for deadlock:
There are 2 Blocked actors, 0 Stopped actors, and 4 active threads.
Waiting for actors to stop.
-- Read input: 4.0, which is expected to match: 4.0
Called prefire()
Called fire()
Past the end of training data. Read and discard all inputs.
Checking for deadlock:
There are 3 Blocked actors, 0 Stopped actors, and 4 active threads.
Waiting for actors to stop.
Sent output token with value 4.0
Next port to read input from is inputA
Called postfire()
Called prefire()
Called fire()
Checking for deadlock:
There are 2 Blocked actors, 0 Stopped actors, and 4 active threads.
Waiting for actors to stop.
Called postfire()
Called prefire()
Called fire()
Checking for deadlock:
There are 3 Blocked actors, 0 Stopped actors, and 4 active threads.
Waiting for actors to stop.
Read input token from inputA with value 5.0
Checking for deadlock:
There are 2 Blocked actors, 0 Stopped actors, and 4 active threads.
Waiting for actors to stop.
Called prefire()
Called fire()
Past the end of training data. Read and discard all inputs.
Checking for deadlock:
There are 3 Blocked actors, 0 Stopped actors, and 4 active threads.
Waiting for actors to stop.
Sent output token with value 4.5
Next port to read input from is inputB
Called postfire()
Called prefire()
Called fire()
Called postfire()
Called prefire()
Called fire()
Checking for deadlock:
There are 3 Blocked actors, 0 Stopped actors, and 4 active threads.
Waiting for actors to stop.
Read input token from inputB with value 6.0
Called prefire()
Called fire()
Past the end of training data. Read and discard all inputs.
Checking for deadlock:
There are 3 Blocked actors, 0 Stopped actors, and 4 active threads.
Waiting for actors to stop.
Sent output token with value 5.0
Next port to read input from is inputA
Called postfire()
Called prefire()
Called fire()
Checking for deadlock:
There are 2 Blocked actors, 0 Stopped actors, and 4 active threads.
Waiting for actors to stop.
Called postfire()
Called prefire()
Called fire()
Checking for deadlock:
There are 3 Blocked actors, 0 Stopped actors, and 4 active threads.
Waiting for actors to stop.
Read input token from inputA with value 6.0
Checking for deadlock:
There are 2 Blocked actors, 0 Stopped actors, and 4 active threads.
Waiting for actors to stop.
Called prefire()
Called fire()
Past the end of training data. Read and discard all inputs.
Checking for deadlock:
There are 3 Blocked actors, 0 Stopped actors, and 4 active threads.
Waiting for actors to stop.
Sent output token with value 6.0
Next port to read input from is inputB
Called postfire()
Called prefire()
Called fire()
Called postfire()
Called prefire()
Called fire()
Checking for deadlock:
There are 3 Blocked actors, 0 Stopped actors, and 4 active threads.
Waiting for actors to stop.
Read input token from inputB with value 7.5
Called prefire()
Called fire()
Past the end of training data. Read and discard all inputs.
Checking for deadlock:
There are 3 Blocked actors, 0 Stopped actors, and 4 active threads.
Waiting for actors to stop.
Sent output token with value 6.0
Next port to read input from is inputA
Called postfire()
Called prefire()
Called fire()
Checking for deadlock:
There are 2 Blocked actors, 0 Stopped actors, and 4 active threads.
Waiting for actors to stop.
Called postfire()
Called prefire()
Called fire()
Checking for deadlock:
There are 3 Blocked actors, 0 Stopped actors, and 4 active threads.
Waiting for actors to stop.
Read input token from inputA with value 7.0
Checking for deadlock:
There are 2 Blocked actors, 0 Stopped actors, and 4 active threads.
Waiting for actors to stop.
Called prefire()
Called fire()
Past the end of training data. Read and discard all inputs.
Checking for deadlock:
There are 3 Blocked actors, 0 Stopped actors, and 4 active threads.
Waiting for actors to stop.
Sent output token with value 7.0
Next port to read input from is inputA
Called postfire()
Called prefire()
Called fire()
Checking for deadlock:
There are 2 Blocked actors, 0 Stopped actors, and 4 active threads.
Waiting for actors to stop.
-- Thread wrapup() called.
Called wrapup()
Thread .top.Ramp is exiting.
-- Thread stopped.
Checking for deadlock:
There are 2 Blocked actors, 0 Stopped actors, and 3 active threads.
Waiting for actors to stop.
Read input token from inputA with value 8.0
Called prefire()
Called fire()
Past the end of training data. Read and discard all inputs.
Checking for deadlock:
There are 2 Blocked actors, 0 Stopped actors, and 3 active threads.
Waiting for actors to stop.
Sent output token with value 7.5
Next port to read input from is inputB
Called postfire()
Called prefire()
Called fire()
Checking for deadlock:
There are 1 Blocked actors, 0 Stopped actors, and 3 active threads.
Waiting for actors to stop.
Called postfire()
Called prefire()
Called fire()
Checking for deadlock:
There are 2 Blocked actors, 0 Stopped actors, and 3 active threads.
Waiting for actors to stop.
Read input token from inputB with value 9.0
Checking for deadlock:
There are 1 Blocked actors, 0 Stopped actors, and 3 active threads.
Waiting for actors to stop.
Called prefire()
Called fire()
Past the end of training data. Read and discard all inputs.
Checking for deadlock:
There are 2 Blocked actors, 0 Stopped actors, and 3 active threads.
Waiting for actors to stop.
Sent output token with value 8.0
Next port to read input from is inputA
Called postfire()
Called prefire()
Called fire()
Read input token from inputA with value 9.0
Called prefire()
Called fire()
Past the end of training data. Read and discard all inputs.
Checking for deadlock:
There are 2 Blocked actors, 0 Stopped actors, and 3 active threads.
Waiting for actors to stop.
Sent output token with value 9.0
Next port to read input from is inputB
Called postfire()
Called prefire()
Called fire()
Called postfire()
Called prefire()
Called fire()
Checking for deadlock:
There are 2 Blocked actors, 0 Stopped actors, and 3 active threads.
Waiting for actors to stop.
Read input token from inputB with value 10.5
Called prefire()
Called fire()
Past the end of training data. Read and discard all inputs.
Checking for deadlock:
There are 2 Blocked actors, 0 Stopped actors, and 3 active threads.
Waiting for actors to stop.
Sent output token with value 9.0
Next port to read input from is inputA
Called postfire()
Called prefire()
Called fire()
Checking for deadlock:
There are 3 Blocked actors, 0 Stopped actors, and 3 active threads.
Actors have stopped.
Checking for deadlock:
There are 3 Blocked actors, 0 Stopped actors, and 3 active threads.
Deadlock detected.
Resolving Deadlock
Checking for deadlock:
There are 3 Blocked actors, 0 Stopped actors, and 3 active threads.
Artificial Deadlock - increasing queue capacity.
increasing the capacity of receiver ptolemy.actor.TypedIOPort {.top.OrderedMerge.inputB} to 2
Director: Called postfire().
Called postfire().
_stopRequested = false
_stopFireRequested = false
Returning from postfire(): true
Called fire().
Checking for deadlock:
There are 2 Blocked actors, 0 Stopped actors, and 3 active threads.
Waiting for actors to stop.
-- Thread wrapup() called.
Called wrapup()
Thread .top.Ramp2 is exiting.
-- Thread stopped.
Checking for deadlock:
There are 2 Blocked actors, 0 Stopped actors, and 2 active threads.
Actors have stopped.
Checking for deadlock:
There are 2 Blocked actors, 0 Stopped actors, and 2 active threads.
Deadlock detected.
Resolving Deadlock
Checking for deadlock:
There are 2 Blocked actors, 0 Stopped actors, and 2 active threads.
Deadlock detected: no processes blocked on write, but some are blocked on read.
Called postfire().
_stopRequested = false
_stopFireRequested = false
Returning from postfire(): false
Finished deactivating branches.
Called wrapup().
-- Thread wrapup() called.
Called wrapup()
Thread .top.Test is exiting.
-- Thread stopped.
-- Blocked Receiver call threw TerminateProcessException.
-- Thread wrapup() called.
Called wrapup()
Thread .top.OrderedMerge is exiting.
-- Thread stopped.
-- Blocked Receiver call threw TerminateProcessException.
80 ms. Memory: 120832K Free: 66557K (55%)
.top. Preinitializing ...
Invoking preinitialize():  .top.OrderedMerge
Called preinitialize()
Invoking preinitialize():  .top.Ramp
Called preinitialize()
Invoking preinitialize():  .top.Ramp2
Called preinitialize()
Invoking preinitialize():  .top.Test
Called preinitialize()
.top. Finished preinitialize().
Called initialize().
Invoking initialize():  .top.OrderedMerge
Initializing actor: .top.OrderedMerge
Adding a thread: .top.OrderedMerge
Invoking initialize():  .top.Ramp
Initializing actor: .top.Ramp
Adding a thread: .top.Ramp
Invoking initialize():  .top.Ramp2
Initializing actor: .top.Ramp2
Adding a thread: .top.Ramp2
Invoking initialize():  .top.Test
Initializing actor: .top.Test
Adding a thread: .top.Test
-- Starting thread.
Called initialize()
Called prefire()
Called fire()
-- Starting thread.
Called initialize()
Called prefire()
Called fire()
Called postfire()
Called prefire()
Called fire()
-- Starting thread.
Called fire().
Checking for deadlock:
There are 2 Blocked actors, 0 Stopped actors, and 4 active threads.
Waiting for actors to stop.
Called initialize()
Called prefire()
Called fire()
Called postfire()
Called prefire()
Called fire()
Checking for deadlock:
There are 3 Blocked actors, 0 Stopped actors, and 4 active threads.
Waiting for actors to stop.
-- Starting thread.
Called initialize()
Called prefire()
Called fire()
Checking for deadlock:
There are 2 Blocked actors, 0 Stopped actors, and 4 active threads.
Waiting for actors to stop.
Read input token from inputA with value 0.0
Next port to read input from is inputB
Called postfire()
Called prefire()
Called fire()
Read input token from inputB with value 0.0
Sent output token with value 0.0
Next port to read input from is inputA
Called postfire()
Called prefire()
Called fire()
Checking for deadlock:
There are 1 Blocked actors, 0 Stopped actors, and 4 active threads.
Waiting for actors to stop.
-- Read input: 0.0, which is expected to match: 0.0
Called prefire()
Called fire()
Called postfire()
Called prefire()
Called fire()
Checking for deadlock:
There are 2 Blocked actors, 0 Stopped actors, and 4 active threads.
Waiting for actors to stop.
Read input token from inputA with value 1.0
Sent output token with value 0.0
Next port to read input from is inputB
Called postfire()
Called prefire()
Called fire()
Read input token from inputB with value 1.5
Checking for deadlock:
There are 1 Blocked actors, 0 Stopped actors, and 4 active threads.
Waiting for actors to stop.
Called postfire()
Called postfire()
Checking for deadlock:
Called prefire()
-- Read input: 0.0, which is expected to match: 0.0
There are 0 Blocked actors, 0 Stopped actors, and 4 active threads.
Waiting for actors to stop.
Called prefire()
Called fire()
Called prefire()
Sent output token with value 1.0
Called fire()
Checking for deadlock:
There are 1 Blocked actors, 0 Stopped actors, and 4 active threads.
Waiting for actors to stop.
Next port to read input from is inputA
-- Read input: 1.0, which is expected to match: 1.0
Called prefire()
Called fire()
Checking for deadlock:
There are 2 Blocked actors, 0 Stopped actors, and 4 active threads.
Called fire()
Called postfire()
Waiting for actors to stop.
Called prefire()
Called fire()
Called postfire()
Called prefire()
Called fire()
Read input token from inputA with value 2.0
Called postfire()
Called prefire()
Sent output token with value 1.5
-- Read input: 1.5, which is expected to match: 1.5
Checking for deadlock:
There are 1 Blocked actors, 0 Stopped actors, and 4 active threads.
Waiting for actors to stop.
Called prefire()
Called fire()
Next port to read input from is inputB
Checking for deadlock:
There are 2 Blocked actors, 0 Stopped actors, and 4 active threads.
Waiting for actors to stop.
Called postfire()
Called prefire()
Called fire()
Read input token from inputB with value 3.0
Sent output token with value 2.0
Next port to read input from is inputA
Called postfire()
Called prefire()
Called fire()
Read input token from inputA with value 3.0
Checking for deadlock:
There are 1 Blocked actors, 0 Stopped actors, and 4 active threads.
Waiting for actors to stop.
-- Read input: 2.0, which is expected to match: 2.0
Called prefire()
Called fire()
Checking for deadlock:
Called postfire()
There are 1 Blocked actors, 0 Stopped actors, and 4 active threads.
Called prefire()
Called fire()
Waiting for actors to stop.
Checking for deadlock:
There are 2 Blocked actors, 0 Stopped actors, and 4 active threads.
Waiting for actors to stop.
Sent output token with value 3.0
Next port to read input from is inputB
Called postfire()
Called prefire()
Called fire()
Read input token from inputB with value 4.5
Called postfire()
Called prefire()
Called fire()
Checking for deadlock:
There are 1 Blocked actors, 0 Stopped actors, and 4 active threads.
Waiting for actors to stop.
-- Read input: 3.0, which is expected to match: 3.0
Called prefire()
Called fire()
Checking for deadlock:
Called fire()
There are 2 Blocked actors, 0 Stopped actors, and 4 active threads.
Waiting for actors to stop.
Checking for deadlock:
There are 1 Blocked actors, 0 Stopped actors, and 4 active threads.
Waiting for actors to stop.
-- Read input: 3.0, which is expected to match: 3.0
Sent output token with value 3.0
Called prefire()
Called fire()
Checking for deadlock:
There are 2 Blocked actors, 0 Stopped actors, and 4 active threads.
Waiting for actors to stop.
Next port to read input from is inputA
Called postfire()
Called prefire()
Called fire()
Read input token from inputA with value 4.0
Sent output token with value 4.0
Next port to read input from is inputA
Called postfire()
Called prefire()
Called fire()
Checking for deadlock:
There are 2 Blocked actors, 0 Stopped actors, and 4 active threads.
Waiting for actors to stop.
-- Read input: 4.0, which is expected to match: 4.0
Called prefire()
Called fire()
Past the end of training data. Read and discard all inputs.
Checking for deadlock:
There are 3 Blocked actors, 0 Stopped actors, and 4 active threads.
Waiting for actors to stop.
Called postfire()
Called prefire()
Called fire()
Checking for deadlock:
There are 2 Blocked actors, 0 Stopped actors, and 4 active threads.
Waiting for actors to stop.
Read input token from inputA with value 5.0
Checking for deadlock:
Called prefire()
There are 1 Blocked actors, 0 Stopped actors, and 4 active threads.
Waiting for actors to stop.
Called fire()
Past the end of training data. Read and discard all inputs.
Sent output token with value 4.5
Checking for deadlock:
There are 2 Blocked actors, 0 Stopped actors, and 4 active threads.
Waiting for actors to stop.
Next port to read input from is inputB
Called postfire()
Called prefire()
Called fire()
Checking for deadlock:
There are 1 Blocked actors, 0 Stopped actors, and 4 active threads.
Waiting for actors to stop.
Read input token from inputB with value 6.0
Called postfire()
Called prefire()
Called fire()
Sent output token with value 5.0
Called prefire()
Checking for deadlock:
Called fire()
There are 1 Blocked actors, 0 Stopped actors, and 4 active threads.
Waiting for actors to stop.
Past the end of training data. Read and discard all inputs.
Checking for deadlock:
There are 2 Blocked actors, 0 Stopped actors, and 4 active threads.
Waiting for actors to stop.
Next port to read input from is inputA
Called postfire()
Called prefire()
Called fire()
Checking for deadlock:
There are 3 Blocked actors, 0 Stopped actors, and 4 active threads.
Waiting for actors to stop.
Called postfire()
Called prefire()
Called fire()
Called postfire()
Called prefire()
Called fire()
Called postfire()
Called prefire()
Called fire()
Read input token from inputA with value 6.0
Sent output token with value 6.0
Next port to read input from is inputB
Called postfire()
Called prefire()
Called fire()
Read input token from inputB with value 7.5
Checking for deadlock:
There are 2 Blocked actors, 0 Stopped actors, and 4 active threads.
Waiting for actors to stop.
Called prefire()
Called fire()
Past the end of training data. Read and discard all inputs.
Checking for deadlock:
There are 2 Blocked actors, 0 Stopped actors, and 4 active threads.
Waiting for actors to stop.
Called postfire()
Sent output token with value 6.0
Called prefire()
Called fire()
Next port to read input from is inputA
Called postfire()
Called prefire()
Called fire()
Called prefire()
Called fire()
Past the end of training data. Read and discard all inputs.
Read input token from inputA with value 7.0
Sent output token with value 7.0
Called postfire()
Next port to read input from is inputA
Called prefire()
Checking for deadlock:
There are 1 Blocked actors, 0 Stopped actors, and 4 active threads.
Waiting for actors to stop.
Called postfire()
Called prefire()
Called prefire()
Called fire()
Past the end of training data. Read and discard all inputs.
Checking for deadlock:
Called fire()
There are 2 Blocked actors, 0 Stopped actors, and 4 active threads.
Waiting for actors to stop.
Called fire()
Read input token from inputA with value 8.0
-- Thread wrapup() called.
Called wrapup()
Sent output token with value 7.5
Thread .top.Ramp is exiting.
-- Thread stopped.
Next port to read input from is inputB
Called postfire()
Called prefire()
Called fire()
Read input token from inputB with value 9.0
Checking for deadlock:
There are 1 Blocked actors, 0 Stopped actors, and 3 active threads.
Waiting for actors to stop.
Called prefire()
Called fire()
Past the end of training data. Read and discard all inputs.
Checking for deadlock:
There are 1 Blocked actors, 0 Stopped actors, and 3 active threads.
Waiting for actors to stop.
Called postfire()
Called prefire()
Called fire()
Sent output token with value 8.0
Called prefire()
Next port to read input from is inputA
Called postfire()
Called prefire()
Called fire()
Called fire()
Read input token from inputA with value 9.0
Past the end of training data. Read and discard all inputs.
Checking for deadlock:
There are 2 Blocked actors, 0 Stopped actors, and 3 active threads.
Waiting for actors to stop.
Sent output token with value 9.0
Next port to read input from is inputB
Called postfire()
Called prefire()
Called fire()
Read input token from inputB with value 10.5
Checking for deadlock:
There are 1 Blocked actors, 0 Stopped actors, and 3 active threads.
Waiting for actors to stop.
Called prefire()
Called fire()
Past the end of training data. Read and discard all inputs.
Checking for deadlock:
There are 1 Blocked actors, 0 Stopped actors, and 3 active threads.
Waiting for actors to stop.
Called postfire()
Called prefire()
Called fire()
Sent output token with value 9.0
Called prefire()
Called fire()
Next port to read input from is inputA
Called postfire()
Past the end of training data. Read and discard all inputs.
Checking for deadlock:
There are 1 Blocked actors, 0 Stopped actors, and 3 active threads.
Waiting for actors to stop.
Called prefire()
Called fire()
Checking for deadlock:
There are 3 Blocked actors, 0 Stopped actors, and 3 active threads.
Actors have stopped.
Checking for deadlock:
There are 3 Blocked actors, 0 Stopped actors, and 3 active threads.
Deadlock detected.
Resolving Deadlock
Checking for deadlock:
There are 3 Blocked actors, 0 Stopped actors, and 3 active threads.
Artificial Deadlock - increasing queue capacity.
increasing the capacity of receiver ptolemy.actor.TypedIOPort {.top.OrderedMerge.inputB} to 2
Director: Called postfire().
Called postfire().
_stopRequested = false
_stopFireRequested = false
Returning from postfire(): true
Called fire().
Checking for deadlock:
There are 2 Blocked actors, 0 Stopped actors, and 3 active threads.
Waiting for actors to stop.
-- Thread wrapup() called.
Called wrapup()
Thread .top.Ramp2 is exiting.
-- Thread stopped.
Checking for deadlock:
There are 2 Blocked actors, 0 Stopped actors, and 2 active threads.
Actors have stopped.
Checking for deadlock:
There are 2 Blocked actors, 0 Stopped actors, and 2 active threads.
Deadlock detected.
Resolving Deadlock
Checking for deadlock:
There are 2 Blocked actors, 0 Stopped actors, and 2 active threads.
Deadlock detected: no processes blocked on write, but some are blocked on read.
Called postfire().
_stopRequested = false
_stopFireRequested = false
Returning from postfire(): false
Finished deactivating branches.
Called wrapup().
-- Thread wrapup() called.
Called wrapup()
Thread .top.Test is exiting.
-- Thread stopped.
-- Blocked Receiver call threw TerminateProcessException.
-- Thread wrapup() called.
Called wrapup()
Thread .top.OrderedMerge is exiting.
-- Thread stopped.
-- Blocked Receiver call threw TerminateProcessException.
38 ms. Memory: 120832K Free: 63999K (53%)
/home/travis/build/icyphy/ptII/ptolemy/actor/lib/test/Publisher.tcl
16 ms. Memory: 120832K Free: 57855K (48%)
6 ms. Memory: 120832K Free: 52735K (44%)
16 ms. Memory: 120832K Free: 48639K (40%)
8 ms. Memory: 120832K Free: 47615K (39%)
9 ms. Memory: 120832K Free: 47101K (39%)
29 ms. Memory: 120832K Free: 105294K (87%)
3 ms. Memory: 120832K Free: 104381K (86%)
8 ms. Memory: 120832K Free: 103871K (86%)
19 ms. Memory: 145408K Free: 119921K (82%)
5 ms. Memory: 145408K Free: 116321K (80%)
2 ms. Memory: 145408K Free: 115825K (80%)
5 ms. Memory: 145408K Free: 113249K (78%)
16 ms. Memory: 145408K Free: 105585K (73%)
6 ms. Memory: 145408K Free: 96369K (66%)
6 ms. Memory: 145408K Free: 85105K (59%)
/home/travis/build/icyphy/ptII/ptolemy/actor/lib/test/Pulse.tcl
7 ms. Memory: 145408K Free: 101465K (70%)
2 ms. Memory: 145408K Free: 100961K (69%)
7 ms. Memory: 145408K Free: 100441K (69%)
3 ms. Memory: 145408K Free: 99935K (69%)
2 ms. Memory: 145408K Free: 99423K (68%)
8 ms. Memory: 145408K Free: 98399K (68%)
8 ms. Memory: 145408K Free: 97344K (67%)
2 ms. Memory: 145408K Free: 96320K (66%)
6 ms. Memory: 145408K Free: 95841K (66%)
/home/travis/build/icyphy/ptII/ptolemy/actor/lib/test/Ramp.tcl
8 ms. Memory: 145408K Free: 93793K (65%)
2 ms. Memory: 145408K Free: 93265K (64%)
2 ms. Memory: 145408K Free: 92255K (63%)
2 ms. Memory: 145408K Free: 91745K (63%)
5 ms. Memory: 145408K Free: 90721K (62%)
9 ms. Memory: 145408K Free: 89697K (62%)
5 ms. Memory: 145408K Free: 89169K (61%)
5 actors
4000 microseconds per iteration to create
10 ms. Memory: 145408K Free: 86111K (59%)
1 ms. Memory: 145408K Free: 85601K (59%)
1 ms. Memory: 145408K Free: 85073K (59%)
4 ms. Memory: 145408K Free: 84577K (58%)
50 actors
50000 microseconds per iteration to create
59 ms. Memory: 145408K Free: 126878K (87%)
14 ms. Memory: 145408K Free: 125878K (87%)
6 ms. Memory: 145408K Free: 124846K (86%)
14 ms. Memory: 145408K Free: 123806K (85%)
500 actors
1673000 microseconds per iteration to create
281 ms. Memory: 175104K Free: 122269K (70%)
43 ms. Memory: 175104K Free: 117149K (67%)
42 ms. Memory: 175104K Free: 112029K (64%)
37 ms. Memory: 175104K Free: 106909K (61%)
/home/travis/build/icyphy/ptII/ptolemy/actor/lib/test/RampContinuous.tcl
7 ms. Memory: 175104K Free: 105356K (60%)
/home/travis/build/icyphy/ptII/ptolemy/actor/lib/test/RecordAssembler.tcl
4 ms. Memory: 175104K Free: 103837K (59%)
3 ms. Memory: 175104K Free: 102813K (59%)
/home/travis/build/icyphy/ptII/ptolemy/actor/lib/test/RecordDisassembler.tcl
6 ms. Memory: 175104K Free: 100765K (58%)
3 ms. Memory: 175104K Free: 100236K (57%)
3 ms. Memory: 175104K Free: 99212K (57%)
/home/travis/build/icyphy/ptII/ptolemy/actor/lib/test/Scale.tcl
2 ms. Memory: 175104K Free: 97179K (55%)
1 ms. Memory: 175104K Free: 96669K (55%)
1 ms. Memory: 175104K Free: 95645K (55%)
2 ms. Memory: 175104K Free: 94621K (54%)
2 ms. Memory: 175104K Free: 94107K (54%)
/home/travis/build/icyphy/ptII/ptolemy/actor/lib/test/SequentialClock.tcl
preinitializing
resolving types
initializing
executing number 1
wrapping up
idle
2 ms. Memory: 175104K Free: 92573K (53%)
Completed execution with 5 iterations
preinitializing
resolving types
initializing
executing number 1
wrapping up
idle
1 ms. Memory: 175104K Free: 92044K (53%)
Completed execution with 5 iterations
preinitializing
resolving types
initializing
executing number 1
wrapping up
idle
2 ms. Memory: 175104K Free: 91549K (52%)
Completed execution with 5 iterations
/home/travis/build/icyphy/ptII/ptolemy/actor/lib/test/SetVariable.tcl
4 ms. Memory: 175104K Free: 90004K (51%)


==== $PTII/ptolemy/actor/lib/test/SetVariable.tcl: SetVariable-3.1 changeFailed
==== Contents of test case:

    #Uses 2.1 above
    jdkCaptureErr {
        # This test was failing if we ran Exit.tcl and then this test.
        # MessageHandler.error() now actually throws the Exception.
	catch {$setVariable changeFailed [java::null]  [java::new Exception {Test exception for SetVariable.changeFailed()}]} errMsg
    } results
    list [string range $results 0 89] "\n" $errMsg

==== Result was:
{java.lang.Exception: Test exception for SetVariable.changeFailed()
	at java.base/jdk.inter} {
} {java.lang.RuntimeException: java.lang.Exception: Test exception for SetVariable.changeFailed()}
---- Result should have been:
{Failed to set variable.
java.lang.Exception: Test exception for SetVariable.changeFailed()} {
} {java.lang.RuntimeException: java.lang.Exception: Test exception for SetVariable.changeFailed()}
---- SetVariable-3.1 FAILED
/home/travis/build/icyphy/ptII/ptolemy/actor/lib/test/Sinewave.tcl
/home/travis/build/icyphy/ptII/ptolemy/actor/lib/test/SubscriptionAggregator.tcl
4 ms. Memory: 175104K Free: 77723K (44%)
2 ms. Memory: 175104K Free: 77213K (44%)
1 ms. Memory: 175104K Free: 76692K (44%)
1 ms. Memory: 175104K Free: 76189K (44%)
2 ms. Memory: 175104K Free: 149388K (85%)
14 ms. Memory: 175104K Free: 147355K (84%)
...............................................................1205 ms. Memory: 292864K Free: 144421K (49%)
/home/travis/build/icyphy/ptII/ptolemy/actor/lib/test/Test.tcl
 The next command will produce a warning about training mode,
   which may be ignored.
5 ms. Memory: 292864K Free: 142375K (49%)
5 ms. Memory: 292864K Free: 141847K (48%)
1 ms. Memory: 292864K Free: 140823K (48%)
1 ms. Memory: 292864K Free: 140327K (48%)
3 ms. Memory: 292864K Free: 139799K (48%)
3 ms. Memory: 292864K Free: 138789K (47%)
4 ms. Memory: 292864K Free: 137255K (47%)
 The next command will produce a warning about training mode,
   which may be ignored.
13 ms. Memory: 292864K Free: 135207K (46%)
 The next command will produce a warning about training mode,
   which may be ignored.
2 ms. Memory: 292864K Free: 133663K (46%)
4 ms. Memory: 292864K Free: 133159K (45%)
2 ms. Memory: 292864K Free: 132631K (45%)
3 ms. Memory: 292864K Free: 132135K (45%)
9 ms. Memory: 292864K Free: 131111K (45%)
5 ms. Memory: 292864K Free: 127511K (44%)
/home/travis/build/icyphy/ptII/ptolemy/actor/lib/test/TestExceptionHandler.tcl
 The next command will produce a warning about training mode,
   which may be ignored.
3 ms. Memory: 292864K Free: 125991K (43%)
2 ms. Memory: 292864K Free: 125477K (43%)
1 ms. Memory: 292864K Free: 124967K (43%)
/home/travis/build/icyphy/ptII/ptolemy/actor/lib/test/UnionDisassembler.tcl
27 ms. Memory: 292864K Free: 117799K (40%)
/home/travis/build/icyphy/ptII/ptolemy/actor/lib/test/VariableClock.tcl
preinitializing
resolving types
initializing
executing number 1
wrapping up
idle
11 ms. Memory: 292864K Free: 115751K (40%)
Completed execution with 11 iterations
preinitializing
resolving types
initializing
executing number 1
wrapping up
idle
4 ms. Memory: 292864K Free: 114727K (39%)
Completed execution with 10 iterations
12/09/19 06:21:01
Failed: 1  Total Tests: 234  ((Passed: 233, Newly Passed: 0)  Known Failed: 0) /home/travis/build/icyphy/ptII/ptolemy/actor/lib/test
----------------- testing (KnownFailure) /home/travis/build/icyphy/ptII/ptolemy/actor/lib/test/auto/knownFailedTests/PublisherPortToplevelSubscriber.xml
1 ms. Memory: 292864K Free: 111141K (38%)
Known Failure: java.lang.reflect.InvocationTargetException
----------------- testing (KnownFailure) /home/travis/build/icyphy/ptII/ptolemy/actor/lib/test/auto/knownFailedTests/PublisherSubscriberPortToplevel.xml
1 ms. Memory: 292864K Free: 107045K (37%)
Known Failure: java.lang.reflect.InvocationTargetException
----------------- testing (KnownFailure) /home/travis/build/icyphy/ptII/ptolemy/actor/lib/test/auto/knownFailedTests/PublisherSubscriptionAggregatorPort.xml
0 ms. Memory: 292864K Free: 102949K (35%)
Known Failure: java.lang.reflect.InvocationTargetException
----------------- testing (KnownFailure) /home/travis/build/icyphy/ptII/ptolemy/actor/lib/test/auto/knownFailedTests/sizedarray3.xml
8 ms. Memory: 292864K Free: 98343K (34%)
Known Failure: java.lang.reflect.InvocationTargetException
No auto/linux-amd64/*.xml tests in /home/travis/build/icyphy/ptII/ptolemy/actor/lib/test
AutoTests.java: About to close Vertx.
AutoTests.java: Vertx closed.

===========================================================================================
----------------- testing Mon Dec 09 06:21:02 UTC 2019 /home/travis/build/icyphy/ptII/ptolemy/actor/lib/test/auto/AbsoluteValue.xml
----------------- Instantiating /home/travis/build/icyphy/ptII/ptolemy/actor/lib/test/auto/AbsoluteValue.xml
14 ms. Memory: 292864K Free: 230949K (79%)
----------------- Invoking toplevel() on ptolemy.moml.MoMLSimpleApplication@1df3b99f
----------------- Done invoking toplevel() on ptolemy.moml.MoMLSimpleApplication@1df3b99f
reloadAllAccessors: .AbsoluteValue

===========================================================================================
----------------- testing Mon Dec 09 06:21:02 UTC 2019 /home/travis/build/icyphy/ptII/ptolemy/actor/lib/test/auto/AbsoluteValue2.xml
----------------- Instantiating /home/travis/build/icyphy/ptII/ptolemy/actor/lib/test/auto/AbsoluteValue2.xml
6 ms. Memory: 292864K Free: 224295K (77%)
----------------- Invoking toplevel() on ptolemy.moml.MoMLSimpleApplication@6aa470f1
----------------- Done invoking toplevel() on ptolemy.moml.MoMLSimpleApplication@6aa470f1
reloadAllAccessors: .AbsoluteValue2

===========================================================================================
----------------- testing Mon Dec 09 06:21:02 UTC 2019 /home/travis/build/icyphy/ptII/ptolemy/actor/lib/test/auto/Accumulator.xml
----------------- Instantiating /home/travis/build/icyphy/ptII/ptolemy/actor/lib/test/auto/Accumulator.xml
6 ms. Memory: 292864K Free: 218151K (74%)
----------------- Invoking toplevel() on ptolemy.moml.MoMLSimpleApplication@6992c36a
----------------- Done invoking toplevel() on ptolemy.moml.MoMLSimpleApplication@6992c36a
reloadAllAccessors: .Accumulator

===========================================================================================
----------------- testing Mon Dec 09 06:21:02 UTC 2019 /home/travis/build/icyphy/ptII/ptolemy/actor/lib/test/auto/Accumulator2.xml
----------------- Instantiating /home/travis/build/icyphy/ptII/ptolemy/actor/lib/test/auto/Accumulator2.xml
3 ms. Memory: 292864K Free: 212517K (73%)
----------------- Invoking toplevel() on ptolemy.moml.MoMLSimpleApplication@5953715f
----------------- Done invoking toplevel() on ptolemy.moml.MoMLSimpleApplication@5953715f
reloadAllAccessors: .Accumulator2

===========================================================================================
----------------- testing Mon Dec 09 06:21:02 UTC 2019 /home/travis/build/icyphy/ptII/ptolemy/actor/lib/test/auto/Accumulator3.xml
----------------- Instantiating /home/travis/build/icyphy/ptII/ptolemy/actor/lib/test/auto/Accumulator3.xml
2 ms. Memory: 292864K Free: 208421K (71%)
----------------- Invoking toplevel() on ptolemy.moml.MoMLSimpleApplication@16c1e7b1
----------------- Done invoking toplevel() on ptolemy.moml.MoMLSimpleApplication@16c1e7b1
reloadAllAccessors: .Accumulator3

===========================================================================================
----------------- testing Mon Dec 09 06:21:02 UTC 2019 /home/travis/build/icyphy/ptII/ptolemy/actor/lib/test/auto/ArrayAppend.xml
----------------- Instantiating /home/travis/build/icyphy/ptII/ptolemy/actor/lib/test/auto/ArrayAppend.xml
4 ms. Memory: 292864K Free: 201767K (69%)
----------------- Invoking toplevel() on ptolemy.moml.MoMLSimpleApplication@196584c2
----------------- Done invoking toplevel() on ptolemy.moml.MoMLSimpleApplication@196584c2
reloadAllAccessors: .ArrayAppend

===========================================================================================
----------------- testing Mon Dec 09 06:21:02 UTC 2019 /home/travis/build/icyphy/ptII/ptolemy/actor/lib/test/auto/ArrayAppend2.xml
----------------- Instantiating /home/travis/build/icyphy/ptII/ptolemy/actor/lib/test/auto/ArrayAppend2.xml
359 ms. Memory: 292864K Free: 142885K (49%)
----------------- Invoking toplevel() on ptolemy.moml.MoMLSimpleApplication@1934ae25
----------------- Done invoking toplevel() on ptolemy.moml.MoMLSimpleApplication@1934ae25
reloadAllAccessors: .ArrayAppend2

===========================================================================================
----------------- testing Mon Dec 09 06:21:03 UTC 2019 /home/travis/build/icyphy/ptII/ptolemy/actor/lib/test/auto/ArrayAppend3.xml
----------------- Instantiating /home/travis/build/icyphy/ptII/ptolemy/actor/lib/test/auto/ArrayAppend3.xml
4 ms. Memory: 292864K Free: 137255K (47%)
----------------- Invoking toplevel() on ptolemy.moml.MoMLSimpleApplication@cec798b
----------------- Done invoking toplevel() on ptolemy.moml.MoMLSimpleApplication@cec798b
reloadAllAccessors: .ArrayAppend3

===========================================================================================
----------------- testing Mon Dec 09 06:21:03 UTC 2019 /home/travis/build/icyphy/ptII/ptolemy/actor/lib/test/auto/ArrayAppend4.xml
----------------- Instantiating /home/travis/build/icyphy/ptII/ptolemy/actor/lib/test/auto/ArrayAppend4.xml
3 ms. Memory: 292864K Free: 132135K (45%)
----------------- Invoking toplevel() on ptolemy.moml.MoMLSimpleApplication@201b500d
----------------- Done invoking toplevel() on ptolemy.moml.MoMLSimpleApplication@201b500d
reloadAllAccessors: .ArrayAppend4

===========================================================================================
----------------- testing Mon Dec 09 06:21:03 UTC 2019 /home/travis/build/icyphy/ptII/ptolemy/actor/lib/test/auto/ArrayAppend5.xml
----------------- Instantiating /home/travis/build/icyphy/ptII/ptolemy/actor/lib/test/auto/ArrayAppend5.xml
4 ms. Memory: 292864K Free: 127015K (43%)
----------------- Invoking toplevel() on ptolemy.moml.MoMLSimpleApplication@3c7128b3
----------------- Done invoking toplevel() on ptolemy.moml.MoMLSimpleApplication@3c7128b3
reloadAllAccessors: .ArrayAppend5

===========================================================================================
----------------- testing Mon Dec 09 06:21:03 UTC 2019 /home/travis/build/icyphy/ptII/ptolemy/actor/lib/test/auto/ArrayAppend6.xml
----------------- Instantiating /home/travis/build/icyphy/ptII/ptolemy/actor/lib/test/auto/ArrayAppend6.xml
5 ms. Memory: 292864K Free: 121381K (41%)
----------------- Invoking toplevel() on ptolemy.moml.MoMLSimpleApplication@6f982e9a
----------------- Done invoking toplevel() on ptolemy.moml.MoMLSimpleApplication@6f982e9a
reloadAllAccessors: .ArrayAppend6

===========================================================================================
----------------- testing Mon Dec 09 06:21:03 UTC 2019 /home/travis/build/icyphy/ptII/ptolemy/actor/lib/test/auto/ArrayAppendPerformanceTest.xml
----------------- Instantiating /home/travis/build/icyphy/ptII/ptolemy/actor/lib/test/auto/ArrayAppendPerformanceTest.xml
40 ms. Memory: 292864K Free: 111141K (38%)
----------------- Invoking toplevel() on ptolemy.moml.MoMLSimpleApplication@26ae0df2
----------------- Done invoking toplevel() on ptolemy.moml.MoMLSimpleApplication@26ae0df2
reloadAllAccessors: .ArrayAppendPerformanceTest

===========================================================================================
----------------- testing Mon Dec 09 06:21:03 UTC 2019 /home/travis/build/icyphy/ptII/ptolemy/actor/lib/test/auto/ArrayAppendWithEmptyInput.xml
----------------- Instantiating /home/travis/build/icyphy/ptII/ptolemy/actor/lib/test/auto/ArrayAppendWithEmptyInput.xml
12 ms. Memory: 292864K Free: 102949K (35%)
----------------- Invoking toplevel() on ptolemy.moml.MoMLSimpleApplication@16893808
----------------- Done invoking toplevel() on ptolemy.moml.MoMLSimpleApplication@16893808
reloadAllAccessors: .ArrayAppendWithEmptyInput

===========================================================================================
----------------- testing Mon Dec 09 06:21:03 UTC 2019 /home/travis/build/icyphy/ptII/ptolemy/actor/lib/test/auto/ArrayAverage.xml
----------------- Instantiating /home/travis/build/icyphy/ptII/ptolemy/actor/lib/test/auto/ArrayAverage.xml
11 ms. Memory: 292864K Free: 95271K (33%)
----------------- Invoking toplevel() on ptolemy.moml.MoMLSimpleApplication@1287435a
----------------- Done invoking toplevel() on ptolemy.moml.MoMLSimpleApplication@1287435a
reloadAllAccessors: .ArrayAverage

===========================================================================================
----------------- testing Mon Dec 09 06:21:03 UTC 2019 /home/travis/build/icyphy/ptII/ptolemy/actor/lib/test/auto/ArrayContains.xml
----------------- Instantiating /home/travis/build/icyphy/ptII/ptolemy/actor/lib/test/auto/ArrayContains.xml
13 ms. Memory: 292864K Free: 242803K (83%)
----------------- Invoking toplevel() on ptolemy.moml.MoMLSimpleApplication@335492e7
----------------- Done invoking toplevel() on ptolemy.moml.MoMLSimpleApplication@335492e7
reloadAllAccessors: .ArrayContains

===========================================================================================
----------------- testing Mon Dec 09 06:21:03 UTC 2019 /home/travis/build/icyphy/ptII/ptolemy/actor/lib/test/auto/ArrayElement.xml
----------------- Instantiating /home/travis/build/icyphy/ptII/ptolemy/actor/lib/test/auto/ArrayElement.xml
12 ms. Memory: 292864K Free: 236659K (81%)
----------------- Invoking toplevel() on ptolemy.moml.MoMLSimpleApplication@3dde3aa5
----------------- Done invoking toplevel() on ptolemy.moml.MoMLSimpleApplication@3dde3aa5
reloadAllAccessors: .ArrayElement

===========================================================================================
----------------- testing Mon Dec 09 06:21:03 UTC 2019 /home/travis/build/icyphy/ptII/ptolemy/actor/lib/test/auto/ArrayElementAsMatrix.xml
----------------- Instantiating /home/travis/build/icyphy/ptII/ptolemy/actor/lib/test/auto/ArrayElementAsMatrix.xml
25 ms. Memory: 292864K Free: 226929K (77%)
----------------- Invoking toplevel() on ptolemy.moml.MoMLSimpleApplication@772fb96d
----------------- Done invoking toplevel() on ptolemy.moml.MoMLSimpleApplication@772fb96d
reloadAllAccessors: .ArrayElementAsMatrix

===========================================================================================
----------------- testing Mon Dec 09 06:21:03 UTC 2019 /home/travis/build/icyphy/ptII/ptolemy/actor/lib/test/auto/ArrayElementI.xml
----------------- Instantiating /home/travis/build/icyphy/ptII/ptolemy/actor/lib/test/auto/ArrayElementI.xml
3 ms. Memory: 292864K Free: 221809K (76%)
----------------- Invoking toplevel() on ptolemy.moml.MoMLSimpleApplication@1e55be25
----------------- Done invoking toplevel() on ptolemy.moml.MoMLSimpleApplication@1e55be25
reloadAllAccessors: .ArrayElementI

===========================================================================================
----------------- testing Mon Dec 09 06:21:03 UTC 2019 /home/travis/build/icyphy/ptII/ptolemy/actor/lib/test/auto/ArrayExtract.xml
----------------- Instantiating /home/travis/build/icyphy/ptII/ptolemy/actor/lib/test/auto/ArrayExtract.xml
5 ms. Memory: 292864K Free: 213107K (73%)
----------------- Invoking toplevel() on ptolemy.moml.MoMLSimpleApplication@2ab31b82
----------------- Done invoking toplevel() on ptolemy.moml.MoMLSimpleApplication@2ab31b82
reloadAllAccessors: .ArrayExtract

===========================================================================================
----------------- testing Mon Dec 09 06:21:03 UTC 2019 /home/travis/build/icyphy/ptII/ptolemy/actor/lib/test/auto/ArrayExtract2.xml
----------------- Instantiating /home/travis/build/icyphy/ptII/ptolemy/actor/lib/test/auto/ArrayExtract2.xml
2 ms. Memory: 292864K Free: 207443K (71%)
----------------- Invoking toplevel() on ptolemy.moml.MoMLSimpleApplication@5daa314
----------------- Done invoking toplevel() on ptolemy.moml.MoMLSimpleApplication@5daa314
reloadAllAccessors: .ArrayExtract2

===========================================================================================
----------------- testing Mon Dec 09 06:21:03 UTC 2019 /home/travis/build/icyphy/ptII/ptolemy/actor/lib/test/auto/ArrayLength.xml
----------------- Instantiating /home/travis/build/icyphy/ptII/ptolemy/actor/lib/test/auto/ArrayLength.xml
2 ms. Memory: 292864K Free: 203891K (70%)
----------------- Invoking toplevel() on ptolemy.moml.MoMLSimpleApplication@6095a1d4
----------------- Done invoking toplevel() on ptolemy.moml.MoMLSimpleApplication@6095a1d4
reloadAllAccessors: .ArrayLength

===========================================================================================
----------------- testing Mon Dec 09 06:21:03 UTC 2019 /home/travis/build/icyphy/ptII/ptolemy/actor/lib/test/auto/ArrayLevelCrossing.xml
----------------- Instantiating /home/travis/build/icyphy/ptII/ptolemy/actor/lib/test/auto/ArrayLevelCrossing.xml
4 ms. Memory: 292864K Free: 195699K (67%)
----------------- Invoking toplevel() on ptolemy.moml.MoMLSimpleApplication@606b106
----------------- Done invoking toplevel() on ptolemy.moml.MoMLSimpleApplication@606b106
reloadAllAccessors: .ArrayLevelCrossing

===========================================================================================
----------------- testing Mon Dec 09 06:21:03 UTC 2019 /home/travis/build/icyphy/ptII/ptolemy/actor/lib/test/auto/ArrayLevelCrossing2.xml
----------------- Instantiating /home/travis/build/icyphy/ptII/ptolemy/actor/lib/test/auto/ArrayLevelCrossing2.xml
3 ms. Memory: 292864K Free: 188531K (64%)
----------------- Invoking toplevel() on ptolemy.moml.MoMLSimpleApplication@4c72e111
----------------- Done invoking toplevel() on ptolemy.moml.MoMLSimpleApplication@4c72e111
reloadAllAccessors: .ArrayLevelCrossing2

===========================================================================================
----------------- testing Mon Dec 09 06:21:03 UTC 2019 /home/travis/build/icyphy/ptII/ptolemy/actor/lib/test/auto/ArrayPeakSearch.xml
----------------- Instantiating /home/travis/build/icyphy/ptII/ptolemy/actor/lib/test/auto/ArrayPeakSearch.xml
9 ms. Memory: 292864K Free: 179315K (61%)
----------------- Invoking toplevel() on ptolemy.moml.MoMLSimpleApplication@58cee54f
----------------- Done invoking toplevel() on ptolemy.moml.MoMLSimpleApplication@58cee54f
reloadAllAccessors: .ArrayPeakSearch

===========================================================================================
----------------- testing Mon Dec 09 06:21:03 UTC 2019 /home/travis/build/icyphy/ptII/ptolemy/actor/lib/test/auto/ArrayPeakSearch2.xml
----------------- Instantiating /home/travis/build/icyphy/ptII/ptolemy/actor/lib/test/auto/ArrayPeakSearch2.xml
6 ms. Memory: 292864K Free: 168547K (58%)
----------------- Invoking toplevel() on ptolemy.moml.MoMLSimpleApplication@2b753d9
----------------- Done invoking toplevel() on ptolemy.moml.MoMLSimpleApplication@2b753d9
reloadAllAccessors: .ArrayPeakSearch2

===========================================================================================
----------------- testing Mon Dec 09 06:21:03 UTC 2019 /home/travis/build/icyphy/ptII/ptolemy/actor/lib/test/auto/ArrayPeakSearch3.xml
----------------- Instantiating /home/travis/build/icyphy/ptII/ptolemy/actor/lib/test/auto/ArrayPeakSearch3.xml
4 ms. Memory: 292864K Free: 159345K (54%)
----------------- Invoking toplevel() on ptolemy.moml.MoMLSimpleApplication@d3c3afc
----------------- Done invoking toplevel() on ptolemy.moml.MoMLSimpleApplication@d3c3afc
reloadAllAccessors: .ArrayPeakSearch3

===========================================================================================
----------------- testing Mon Dec 09 06:21:03 UTC 2019 /home/travis/build/icyphy/ptII/ptolemy/actor/lib/test/auto/ArrayRemoveElement.xml
----------------- Instantiating /home/travis/build/icyphy/ptII/ptolemy/actor/lib/test/auto/ArrayRemoveElement.xml
3 ms. Memory: 292864K Free: 151667K (52%)
----------------- Invoking toplevel() on ptolemy.moml.MoMLSimpleApplication@621fdfe1
----------------- Done invoking toplevel() on ptolemy.moml.MoMLSimpleApplication@621fdfe1
reloadAllAccessors: .ArrayRemoveElement

===========================================================================================
----------------- testing Mon Dec 09 06:21:04 UTC 2019 /home/travis/build/icyphy/ptII/ptolemy/actor/lib/test/auto/ArraySort.xml
----------------- Instantiating /home/travis/build/icyphy/ptII/ptolemy/actor/lib/test/auto/ArraySort.xml
6 ms. Memory: 292864K Free: 142451K (49%)
----------------- Invoking toplevel() on ptolemy.moml.MoMLSimpleApplication@29faa0c0
----------------- Done invoking toplevel() on ptolemy.moml.MoMLSimpleApplication@29faa0c0
reloadAllAccessors: .ArraySort

===========================================================================================
----------------- testing Mon Dec 09 06:21:04 UTC 2019 /home/travis/build/icyphy/ptII/ptolemy/actor/lib/test/auto/ArraySum.xml
----------------- Instantiating /home/travis/build/icyphy/ptII/ptolemy/actor/lib/test/auto/ArraySum.xml
8 ms. Memory: 292864K Free: 137331K (47%)
----------------- Invoking toplevel() on ptolemy.moml.MoMLSimpleApplication@6343979c
----------------- Done invoking toplevel() on ptolemy.moml.MoMLSimpleApplication@6343979c
reloadAllAccessors: .ArraySum

===========================================================================================
----------------- testing Mon Dec 09 06:21:04 UTC 2019 /home/travis/build/icyphy/ptII/ptolemy/actor/lib/test/auto/ArrayToElements.xml
----------------- Instantiating /home/travis/build/icyphy/ptII/ptolemy/actor/lib/test/auto/ArrayToElements.xml
6 ms. Memory: 292864K Free: 131697K (45%)
----------------- Invoking toplevel() on ptolemy.moml.MoMLSimpleApplication@379ce536
----------------- Done invoking toplevel() on ptolemy.moml.MoMLSimpleApplication@379ce536
reloadAllAccessors: .ArrayToElements

===========================================================================================
----------------- testing Mon Dec 09 06:21:04 UTC 2019 /home/travis/build/icyphy/ptII/ptolemy/actor/lib/test/auto/ArrayToMatrix.xml
----------------- Instantiating /home/travis/build/icyphy/ptII/ptolemy/actor/lib/test/auto/ArrayToMatrix.xml
9 ms. Memory: 292864K Free: 117875K (40%)
----------------- Invoking toplevel() on ptolemy.moml.MoMLSimpleApplication@6a1bb0f3
----------------- Done invoking toplevel() on ptolemy.moml.MoMLSimpleApplication@6a1bb0f3
reloadAllAccessors: .ArrayToMatrix

===========================================================================================
----------------- testing Mon Dec 09 06:21:04 UTC 2019 /home/travis/build/icyphy/ptII/ptolemy/actor/lib/test/auto/ArrayUpdate1.xml
----------------- Instantiating /home/travis/build/icyphy/ptII/ptolemy/actor/lib/test/auto/ArrayUpdate1.xml
5 ms. Memory: 292864K Free: 112755K (39%)
----------------- Invoking toplevel() on ptolemy.moml.MoMLSimpleApplication@c3ad8fd
----------------- Done invoking toplevel() on ptolemy.moml.MoMLSimpleApplication@c3ad8fd
reloadAllAccessors: .ArrayUpdate1

===========================================================================================
----------------- testing Mon Dec 09 06:21:04 UTC 2019 /home/travis/build/icyphy/ptII/ptolemy/actor/lib/test/auto/ArrayUpdate2.xml
----------------- Instantiating /home/travis/build/icyphy/ptII/ptolemy/actor/lib/test/auto/ArrayUpdate2.xml
6 ms. Memory: 292864K Free: 106611K (36%)
----------------- Invoking toplevel() on ptolemy.moml.MoMLSimpleApplication@3c4f588a
----------------- Done invoking toplevel() on ptolemy.moml.MoMLSimpleApplication@3c4f588a
reloadAllAccessors: .ArrayUpdate2

===========================================================================================
----------------- testing Mon Dec 09 06:21:04 UTC 2019 /home/travis/build/icyphy/ptII/ptolemy/actor/lib/test/auto/ArrayUpdate3.xml
----------------- Instantiating /home/travis/build/icyphy/ptII/ptolemy/actor/lib/test/auto/ArrayUpdate3.xml
5 ms. Memory: 292864K Free: 101491K (35%)
----------------- Invoking toplevel() on ptolemy.moml.MoMLSimpleApplication@43ca3437
----------------- Done invoking toplevel() on ptolemy.moml.MoMLSimpleApplication@43ca3437
reloadAllAccessors: .ArrayUpdate3

===========================================================================================
----------------- testing Mon Dec 09 06:21:04 UTC 2019 /home/travis/build/icyphy/ptII/ptolemy/actor/lib/test/auto/Assert1.xml
----------------- Instantiating /home/travis/build/icyphy/ptII/ptolemy/actor/lib/test/auto/Assert1.xml
6 ms. Memory: 292864K Free: 97395K (33%)
----------------- Invoking toplevel() on ptolemy.moml.MoMLSimpleApplication@67419693
----------------- Done invoking toplevel() on ptolemy.moml.MoMLSimpleApplication@67419693
reloadAllAccessors: .Assert1

===========================================================================================
----------------- testing Mon Dec 09 06:21:04 UTC 2019 /home/travis/build/icyphy/ptII/ptolemy/actor/lib/test/auto/Assert2.xml
----------------- Instantiating /home/travis/build/icyphy/ptII/ptolemy/actor/lib/test/auto/Assert2.xml
2 ms. Memory: 292864K Free: 93297K (32%)
----------------- Invoking toplevel() on ptolemy.moml.MoMLSimpleApplication@11aad465
----------------- Done invoking toplevel() on ptolemy.moml.MoMLSimpleApplication@11aad465
reloadAllAccessors: .Assert2

===========================================================================================
----------------- testing Mon Dec 09 06:21:04 UTC 2019 /home/travis/build/icyphy/ptII/ptolemy/actor/lib/test/auto/BooleanMultiplexor.xml
----------------- Instantiating /home/travis/build/icyphy/ptII/ptolemy/actor/lib/test/auto/BooleanMultiplexor.xml
3 ms. Memory: 292864K Free: 87155K (30%)
----------------- Invoking toplevel() on ptolemy.moml.MoMLSimpleApplication@7231e1f3
----------------- Done invoking toplevel() on ptolemy.moml.MoMLSimpleApplication@7231e1f3
reloadAllAccessors: .BooleanMultiplexor

===========================================================================================
----------------- testing Mon Dec 09 06:21:04 UTC 2019 /home/travis/build/icyphy/ptII/ptolemy/actor/lib/test/auto/BooleanMultiplexor2.xml
----------------- Instantiating /home/travis/build/icyphy/ptII/ptolemy/actor/lib/test/auto/BooleanMultiplexor2.xml
15 ms. Memory: 292864K Free: 80497K (27%)
----------------- Invoking toplevel() on ptolemy.moml.MoMLSimpleApplication@7b6184c4
----------------- Done invoking toplevel() on ptolemy.moml.MoMLSimpleApplication@7b6184c4
reloadAllAccessors: .BooleanMultiplexor2

===========================================================================================
----------------- testing Mon Dec 09 06:21:04 UTC 2019 /home/travis/build/icyphy/ptII/ptolemy/actor/lib/test/auto/BooleanMultiplexor3.xml
----------------- Instantiating /home/travis/build/icyphy/ptII/ptolemy/actor/lib/test/auto/BooleanMultiplexor3.xml
2 ms. Memory: 292864K Free: 76915K (26%)
----------------- Invoking toplevel() on ptolemy.moml.MoMLSimpleApplication@69acef44
----------------- Done invoking toplevel() on ptolemy.moml.MoMLSimpleApplication@69acef44
reloadAllAccessors: .BooleanMultiplexor3

===========================================================================================
----------------- testing Mon Dec 09 06:21:04 UTC 2019 /home/travis/build/icyphy/ptII/ptolemy/actor/lib/test/auto/BooleanSelect.xml
----------------- Instantiating /home/travis/build/icyphy/ptII/ptolemy/actor/lib/test/auto/BooleanSelect.xml
11 ms. Memory: 528384K Free: 479411K (91%)
----------------- Invoking toplevel() on ptolemy.moml.MoMLSimpleApplication@40ed46f1
----------------- Done invoking toplevel() on ptolemy.moml.MoMLSimpleApplication@40ed46f1
reloadAllAccessors: .BooleanSelect

===========================================================================================
----------------- testing Mon Dec 09 06:21:04 UTC 2019 /home/travis/build/icyphy/ptII/ptolemy/actor/lib/test/auto/BooleanSelect2.xml
----------------- Instantiating /home/travis/build/icyphy/ptII/ptolemy/actor/lib/test/auto/BooleanSelect2.xml
2 ms. Memory: 528384K Free: 474801K (90%)
----------------- Invoking toplevel() on ptolemy.moml.MoMLSimpleApplication@375fe223
----------------- Done invoking toplevel() on ptolemy.moml.MoMLSimpleApplication@375fe223
reloadAllAccessors: .BooleanSelect2

===========================================================================================
----------------- testing Mon Dec 09 06:21:04 UTC 2019 /home/travis/build/icyphy/ptII/ptolemy/actor/lib/test/auto/BooleanSwitch.xml
----------------- Instantiating /home/travis/build/icyphy/ptII/ptolemy/actor/lib/test/auto/BooleanSwitch.xml
10 ms. Memory: 528384K Free: 468147K (89%)
----------------- Invoking toplevel() on ptolemy.moml.MoMLSimpleApplication@5db75b1c
----------------- Done invoking toplevel() on ptolemy.moml.MoMLSimpleApplication@5db75b1c
reloadAllAccessors: .BooleanSwitch

===========================================================================================
----------------- testing Mon Dec 09 06:21:04 UTC 2019 /home/travis/build/icyphy/ptII/ptolemy/actor/lib/test/auto/BooleanSwitch2.xml
----------------- Instantiating /home/travis/build/icyphy/ptII/ptolemy/actor/lib/test/auto/BooleanSwitch2.xml
3 ms. Memory: 528384K Free: 464051K (88%)
----------------- Invoking toplevel() on ptolemy.moml.MoMLSimpleApplication@30b23666
----------------- Done invoking toplevel() on ptolemy.moml.MoMLSimpleApplication@30b23666
reloadAllAccessors: .BooleanSwitch2

===========================================================================================
----------------- testing Mon Dec 09 06:21:04 UTC 2019 /home/travis/build/icyphy/ptII/ptolemy/actor/lib/test/auto/BooleanSwitchCloningBugWithClassRelationGroup.xml
----------------- Instantiating /home/travis/build/icyphy/ptII/ptolemy/actor/lib/test/auto/BooleanSwitchCloningBugWithClassRelationGroup.xml
4 ms. Memory: 528384K Free: 457393K (87%)
----------------- Invoking toplevel() on ptolemy.moml.MoMLSimpleApplication@33a69225
----------------- Done invoking toplevel() on ptolemy.moml.MoMLSimpleApplication@33a69225
reloadAllAccessors: .BooleanSwitchCloningBugWithClassRelationGroup

===========================================================================================
----------------- testing Mon Dec 09 06:21:04 UTC 2019 /home/travis/build/icyphy/ptII/ptolemy/actor/lib/test/auto/BusActors.xml
----------------- Instantiating /home/travis/build/icyphy/ptII/ptolemy/actor/lib/test/auto/BusActors.xml
5 ms. Memory: 528384K Free: 449715K (85%)
----------------- Invoking toplevel() on ptolemy.moml.MoMLSimpleApplication@ce11309
----------------- Done invoking toplevel() on ptolemy.moml.MoMLSimpleApplication@ce11309
reloadAllAccessors: .BusActors

===========================================================================================
----------------- testing Mon Dec 09 06:21:04 UTC 2019 /home/travis/build/icyphy/ptII/ptolemy/actor/lib/test/auto/ClassWrapper.xml
----------------- Instantiating /home/travis/build/icyphy/ptII/ptolemy/actor/lib/test/auto/ClassWrapper.xml
4 ms. Memory: 528384K Free: 445105K (84%)
----------------- Invoking toplevel() on ptolemy.moml.MoMLSimpleApplication@6b1f9b59
----------------- Done invoking toplevel() on ptolemy.moml.MoMLSimpleApplication@6b1f9b59
reloadAllAccessors: .ClassWrapper

===========================================================================================
----------------- testing Mon Dec 09 06:21:04 UTC 2019 /home/travis/build/icyphy/ptII/ptolemy/actor/lib/test/auto/Clock.xml
----------------- Instantiating /home/travis/build/icyphy/ptII/ptolemy/actor/lib/test/auto/Clock.xml
3 ms. Memory: 528384K Free: 441523K (84%)
----------------- Invoking toplevel() on ptolemy.moml.MoMLSimpleApplication@49ad339d
----------------- Done invoking toplevel() on ptolemy.moml.MoMLSimpleApplication@49ad339d
reloadAllAccessors: .Clock

===========================================================================================
----------------- testing Mon Dec 09 06:21:04 UTC 2019 /home/travis/build/icyphy/ptII/ptolemy/actor/lib/test/auto/Clock10.xml
----------------- Instantiating /home/travis/build/icyphy/ptII/ptolemy/actor/lib/test/auto/Clock10.xml
3 ms. Memory: 528384K Free: 435379K (82%)
----------------- Invoking toplevel() on ptolemy.moml.MoMLSimpleApplication@648dc858
----------------- Done invoking toplevel() on ptolemy.moml.MoMLSimpleApplication@648dc858
reloadAllAccessors: .Clock10

===========================================================================================
----------------- testing Mon Dec 09 06:21:04 UTC 2019 /home/travis/build/icyphy/ptII/ptolemy/actor/lib/test/auto/Clock11.xml
----------------- Instantiating /home/travis/build/icyphy/ptII/ptolemy/actor/lib/test/auto/Clock11.xml
6 ms. Memory: 528384K Free: 429745K (81%)
----------------- Invoking toplevel() on ptolemy.moml.MoMLSimpleApplication@7a215ab7
----------------- Done invoking toplevel() on ptolemy.moml.MoMLSimpleApplication@7a215ab7
reloadAllAccessors: .Clock11

===========================================================================================
----------------- testing Mon Dec 09 06:21:04 UTC 2019 /home/travis/build/icyphy/ptII/ptolemy/actor/lib/test/auto/Clock12.xml
----------------- Instantiating /home/travis/build/icyphy/ptII/ptolemy/actor/lib/test/auto/Clock12.xml
6 ms. Memory: 528384K Free: 423601K (80%)
----------------- Invoking toplevel() on ptolemy.moml.MoMLSimpleApplication@4f2ffcb4
----------------- Done invoking toplevel() on ptolemy.moml.MoMLSimpleApplication@4f2ffcb4
reloadAllAccessors: .Clock12

===========================================================================================
----------------- testing Mon Dec 09 06:21:04 UTC 2019 /home/travis/build/icyphy/ptII/ptolemy/actor/lib/test/auto/Clock13.xml
----------------- Instantiating /home/travis/build/icyphy/ptII/ptolemy/actor/lib/test/auto/Clock13.xml
8 ms. Memory: 528384K Free: 417971K (79%)
----------------- Invoking toplevel() on ptolemy.moml.MoMLSimpleApplication@5a0f11c0
----------------- Done invoking toplevel() on ptolemy.moml.MoMLSimpleApplication@5a0f11c0
reloadAllAccessors: .Clock13

===========================================================================================
----------------- testing Mon Dec 09 06:21:04 UTC 2019 /home/travis/build/icyphy/ptII/ptolemy/actor/lib/test/auto/Clock14.xml
----------------- Instantiating /home/travis/build/icyphy/ptII/ptolemy/actor/lib/test/auto/Clock14.xml
6 ms. Memory: 528384K Free: 411827K (78%)
----------------- Invoking toplevel() on ptolemy.moml.MoMLSimpleApplication@525dd5b
----------------- Done invoking toplevel() on ptolemy.moml.MoMLSimpleApplication@525dd5b
reloadAllAccessors: .Clock14

===========================================================================================
----------------- testing Mon Dec 09 06:21:04 UTC 2019 /home/travis/build/icyphy/ptII/ptolemy/actor/lib/test/auto/Clock15.xml
----------------- Instantiating /home/travis/build/icyphy/ptII/ptolemy/actor/lib/test/auto/Clock15.xml
5 ms. Memory: 528384K Free: 406163K (77%)
----------------- Invoking toplevel() on ptolemy.moml.MoMLSimpleApplication@35b65303
----------------- Done invoking toplevel() on ptolemy.moml.MoMLSimpleApplication@35b65303
reloadAllAccessors: .Clock15

===========================================================================================
----------------- testing Mon Dec 09 06:21:04 UTC 2019 /home/travis/build/icyphy/ptII/ptolemy/actor/lib/test/auto/Clock16.xml
----------------- Instantiating /home/travis/build/icyphy/ptII/ptolemy/actor/lib/test/auto/Clock16.xml
52 ms. Memory: 528384K Free: 390833K (74%)
----------------- Invoking toplevel() on ptolemy.moml.MoMLSimpleApplication@1b42e2e8
----------------- Done invoking toplevel() on ptolemy.moml.MoMLSimpleApplication@1b42e2e8
reloadAllAccessors: .Clock16

===========================================================================================
----------------- testing Mon Dec 09 06:21:04 UTC 2019 /home/travis/build/icyphy/ptII/ptolemy/actor/lib/test/auto/Clock17.xml
----------------- Instantiating /home/travis/build/icyphy/ptII/ptolemy/actor/lib/test/auto/Clock17.xml
20 ms. Memory: 528384K Free: 376483K (71%)
----------------- Invoking toplevel() on ptolemy.moml.MoMLSimpleApplication@677663dd
----------------- Done invoking toplevel() on ptolemy.moml.MoMLSimpleApplication@677663dd
reloadAllAccessors: .Clock17

===========================================================================================
----------------- testing Mon Dec 09 06:21:05 UTC 2019 /home/travis/build/icyphy/ptII/ptolemy/actor/lib/test/auto/Clock18.xml
----------------- Instantiating /home/travis/build/icyphy/ptII/ptolemy/actor/lib/test/auto/Clock18.xml
17 ms. Memory: 528384K Free: 363699K (69%)
----------------- Invoking toplevel() on ptolemy.moml.MoMLSimpleApplication@3b19b479
----------------- Done invoking toplevel() on ptolemy.moml.MoMLSimpleApplication@3b19b479
reloadAllAccessors: .Clock18

===========================================================================================
----------------- testing Mon Dec 09 06:21:05 UTC 2019 /home/travis/build/icyphy/ptII/ptolemy/actor/lib/test/auto/Clock19.xml
----------------- Instantiating /home/travis/build/icyphy/ptII/ptolemy/actor/lib/test/auto/Clock19.xml
15 ms. Memory: 528384K Free: 350387K (66%)
----------------- Invoking toplevel() on ptolemy.moml.MoMLSimpleApplication@26ae8898
----------------- Done invoking toplevel() on ptolemy.moml.MoMLSimpleApplication@26ae8898
reloadAllAccessors: .Clock19

===========================================================================================
----------------- testing Mon Dec 09 06:21:05 UTC 2019 /home/travis/build/icyphy/ptII/ptolemy/actor/lib/test/auto/Clock2.xml
----------------- Instantiating /home/travis/build/icyphy/ptII/ptolemy/actor/lib/test/auto/Clock2.xml
5 ms. Memory: 528384K Free: 346291K (66%)
----------------- Invoking toplevel() on ptolemy.moml.MoMLSimpleApplication@18247d99
----------------- Done invoking toplevel() on ptolemy.moml.MoMLSimpleApplication@18247d99
reloadAllAccessors: .Clock2

===========================================================================================
----------------- testing Mon Dec 09 06:21:05 UTC 2019 /home/travis/build/icyphy/ptII/ptolemy/actor/lib/test/auto/Clock20.xml
----------------- Instantiating /home/travis/build/icyphy/ptII/ptolemy/actor/lib/test/auto/Clock20.xml
7 ms. Memory: 528384K Free: 340657K (64%)
----------------- Invoking toplevel() on ptolemy.moml.MoMLSimpleApplication@6351882e
----------------- Done invoking toplevel() on ptolemy.moml.MoMLSimpleApplication@6351882e
reloadAllAccessors: .Clock20

===========================================================================================
----------------- testing Mon Dec 09 06:21:05 UTC 2019 /home/travis/build/icyphy/ptII/ptolemy/actor/lib/test/auto/Clock21.xml
----------------- Instantiating /home/travis/build/icyphy/ptII/ptolemy/actor/lib/test/auto/Clock21.xml
6 ms. Memory: 528384K Free: 335537K (64%)
----------------- Invoking toplevel() on ptolemy.moml.MoMLSimpleApplication@2e05bffb
----------------- Done invoking toplevel() on ptolemy.moml.MoMLSimpleApplication@2e05bffb
reloadAllAccessors: .Clock21

===========================================================================================
----------------- testing Mon Dec 09 06:21:05 UTC 2019 /home/travis/build/icyphy/ptII/ptolemy/actor/lib/test/auto/Clock22.xml
----------------- Instantiating /home/travis/build/icyphy/ptII/ptolemy/actor/lib/test/auto/Clock22.xml
6 ms. Memory: 528384K Free: 329907K (62%)
----------------- Invoking toplevel() on ptolemy.moml.MoMLSimpleApplication@67997a47
----------------- Done invoking toplevel() on ptolemy.moml.MoMLSimpleApplication@67997a47
reloadAllAccessors: .Clock22

===========================================================================================
----------------- testing Mon Dec 09 06:21:05 UTC 2019 /home/travis/build/icyphy/ptII/ptolemy/actor/lib/test/auto/Clock23.xml
----------------- Instantiating /home/travis/build/icyphy/ptII/ptolemy/actor/lib/test/auto/Clock23.xml
6 ms. Memory: 528384K Free: 324273K (61%)
----------------- Invoking toplevel() on ptolemy.moml.MoMLSimpleApplication@1e9c2c01
----------------- Done invoking toplevel() on ptolemy.moml.MoMLSimpleApplication@1e9c2c01
reloadAllAccessors: .Clock23

===========================================================================================
----------------- testing Mon Dec 09 06:21:05 UTC 2019 /home/travis/build/icyphy/ptII/ptolemy/actor/lib/test/auto/Clock24.xml
----------------- Instantiating /home/travis/build/icyphy/ptII/ptolemy/actor/lib/test/auto/Clock24.xml
5 ms. Memory: 528384K Free: 319153K (60%)
----------------- Invoking toplevel() on ptolemy.moml.MoMLSimpleApplication@46faa59f
----------------- Done invoking toplevel() on ptolemy.moml.MoMLSimpleApplication@46faa59f
reloadAllAccessors: .Clock24

===========================================================================================
----------------- testing Mon Dec 09 06:21:05 UTC 2019 /home/travis/build/icyphy/ptII/ptolemy/actor/lib/test/auto/Clock4.xml
----------------- Instantiating /home/travis/build/icyphy/ptII/ptolemy/actor/lib/test/auto/Clock4.xml
2 ms. Memory: 528384K Free: 314003K (59%)
----------------- Invoking toplevel() on ptolemy.moml.MoMLSimpleApplication@35b70f01
----------------- Done invoking toplevel() on ptolemy.moml.MoMLSimpleApplication@35b70f01
reloadAllAccessors: .Clock4

===========================================================================================
----------------- testing Mon Dec 09 06:21:05 UTC 2019 /home/travis/build/icyphy/ptII/ptolemy/actor/lib/test/auto/Clock5.xml
----------------- Instantiating /home/travis/build/icyphy/ptII/ptolemy/actor/lib/test/auto/Clock5.xml
2 ms. Memory: 528384K Free: 308907K (58%)
----------------- Invoking toplevel() on ptolemy.moml.MoMLSimpleApplication@32e64f09
----------------- Done invoking toplevel() on ptolemy.moml.MoMLSimpleApplication@32e64f09
reloadAllAccessors: .Clock5

===========================================================================================
----------------- testing Mon Dec 09 06:21:05 UTC 2019 /home/travis/build/icyphy/ptII/ptolemy/actor/lib/test/auto/Clock6.xml
----------------- Instantiating /home/travis/build/icyphy/ptII/ptolemy/actor/lib/test/auto/Clock6.xml
3 ms. Memory: 528384K Free: 304307K (58%)
----------------- Invoking toplevel() on ptolemy.moml.MoMLSimpleApplication@6a372710
----------------- Done invoking toplevel() on ptolemy.moml.MoMLSimpleApplication@6a372710
reloadAllAccessors: .Clock6

===========================================================================================
----------------- testing Mon Dec 09 06:21:05 UTC 2019 /home/travis/build/icyphy/ptII/ptolemy/actor/lib/test/auto/Clock7.xml
----------------- Instantiating /home/travis/build/icyphy/ptII/ptolemy/actor/lib/test/auto/Clock7.xml
2 ms. Memory: 528384K Free: 299697K (57%)
----------------- Invoking toplevel() on ptolemy.moml.MoMLSimpleApplication@1ff37f07
----------------- Done invoking toplevel() on ptolemy.moml.MoMLSimpleApplication@1ff37f07
reloadAllAccessors: .Clock7

===========================================================================================
----------------- testing Mon Dec 09 06:21:05 UTC 2019 /home/travis/build/icyphy/ptII/ptolemy/actor/lib/test/auto/Clock8.xml
----------------- Instantiating /home/travis/build/icyphy/ptII/ptolemy/actor/lib/test/auto/Clock8.xml
6 ms. Memory: 528384K Free: 294547K (56%)
----------------- Invoking toplevel() on ptolemy.moml.MoMLSimpleApplication@483b3300
----------------- Done invoking toplevel() on ptolemy.moml.MoMLSimpleApplication@483b3300
reloadAllAccessors: .Clock8

===========================================================================================
----------------- testing Mon Dec 09 06:21:05 UTC 2019 /home/travis/build/icyphy/ptII/ptolemy/actor/lib/test/auto/Clock9.xml
----------------- Instantiating /home/travis/build/icyphy/ptII/ptolemy/actor/lib/test/auto/Clock9.xml
3 ms. Memory: 528384K Free: 288947K (55%)
----------------- Invoking toplevel() on ptolemy.moml.MoMLSimpleApplication@2b2ba6db
----------------- Done invoking toplevel() on ptolemy.moml.MoMLSimpleApplication@2b2ba6db
reloadAllAccessors: .Clock9

===========================================================================================
----------------- testing Mon Dec 09 06:21:05 UTC 2019 /home/travis/build/icyphy/ptII/ptolemy/actor/lib/test/auto/CommDistDiscard.xml
----------------- Instantiating /home/travis/build/icyphy/ptII/ptolemy/actor/lib/test/auto/CommDistDiscard.xml
5 ms. Memory: 528384K Free: 283827K (54%)
----------------- Invoking toplevel() on ptolemy.moml.MoMLSimpleApplication@52f31d5e
----------------- Done invoking toplevel() on ptolemy.moml.MoMLSimpleApplication@52f31d5e
reloadAllAccessors: .CommDistDiscard

===========================================================================================
----------------- testing Mon Dec 09 06:21:05 UTC 2019 /home/travis/build/icyphy/ptII/ptolemy/actor/lib/test/auto/Commutator.xml
----------------- Instantiating /home/travis/build/icyphy/ptII/ptolemy/actor/lib/test/auto/Commutator.xml
2 ms. Memory: 528384K Free: 279217K (53%)
----------------- Invoking toplevel() on ptolemy.moml.MoMLSimpleApplication@32df9058
----------------- Done invoking toplevel() on ptolemy.moml.MoMLSimpleApplication@32df9058
reloadAllAccessors: .Commutator

===========================================================================================
----------------- testing Mon Dec 09 06:21:05 UTC 2019 /home/travis/build/icyphy/ptII/ptolemy/actor/lib/test/auto/Commutator2.xml
----------------- Instantiating /home/travis/build/icyphy/ptII/ptolemy/actor/lib/test/auto/Commutator2.xml
2 ms. Memory: 528384K Free: 274611K (52%)
----------------- Invoking toplevel() on ptolemy.moml.MoMLSimpleApplication@23346b73
----------------- Done invoking toplevel() on ptolemy.moml.MoMLSimpleApplication@23346b73
reloadAllAccessors: .Commutator2

===========================================================================================
----------------- testing Mon Dec 09 06:21:05 UTC 2019 /home/travis/build/icyphy/ptII/ptolemy/actor/lib/test/auto/Commutator3.xml
----------------- Instantiating /home/travis/build/icyphy/ptII/ptolemy/actor/lib/test/auto/Commutator3.xml
2 ms. Memory: 528384K Free: 270515K (51%)
----------------- Invoking toplevel() on ptolemy.moml.MoMLSimpleApplication@ada1243
----------------- Done invoking toplevel() on ptolemy.moml.MoMLSimpleApplication@ada1243
reloadAllAccessors: .Commutator3

===========================================================================================
----------------- testing Mon Dec 09 06:21:05 UTC 2019 /home/travis/build/icyphy/ptII/ptolemy/actor/lib/test/auto/Compare.xml
----------------- Instantiating /home/travis/build/icyphy/ptII/ptolemy/actor/lib/test/auto/Compare.xml
3 ms. Memory: 528384K Free: 263857K (50%)
----------------- Invoking toplevel() on ptolemy.moml.MoMLSimpleApplication@32c37a6f
----------------- Done invoking toplevel() on ptolemy.moml.MoMLSimpleApplication@32c37a6f
reloadAllAccessors: .Compare

===========================================================================================
----------------- testing Mon Dec 09 06:21:05 UTC 2019 /home/travis/build/icyphy/ptII/ptolemy/actor/lib/test/auto/CompareDE.xml
----------------- Instantiating /home/travis/build/icyphy/ptII/ptolemy/actor/lib/test/auto/CompareDE.xml
5 ms. Memory: 528384K Free: 257203K (49%)
----------------- Invoking toplevel() on ptolemy.moml.MoMLSimpleApplication@633881b7
----------------- Done invoking toplevel() on ptolemy.moml.MoMLSimpleApplication@633881b7
reloadAllAccessors: .CompareDE

===========================================================================================
----------------- testing Mon Dec 09 06:21:05 UTC 2019 /home/travis/build/icyphy/ptII/ptolemy/actor/lib/test/auto/ComplexDivide.xml
----------------- Instantiating /home/travis/build/icyphy/ptII/ptolemy/actor/lib/test/auto/ComplexDivide.xml
1 ms. Memory: 528384K Free: 253107K (48%)
----------------- Invoking toplevel() on ptolemy.moml.MoMLSimpleApplication@54057fa0
----------------- Done invoking toplevel() on ptolemy.moml.MoMLSimpleApplication@54057fa0
reloadAllAccessors: .ComplexDivide

===========================================================================================
----------------- testing Mon Dec 09 06:21:05 UTC 2019 /home/travis/build/icyphy/ptII/ptolemy/actor/lib/test/auto/ComputeHistogram.xml
----------------- Instantiating /home/travis/build/icyphy/ptII/ptolemy/actor/lib/test/auto/ComputeHistogram.xml
38 ms. Memory: 528384K Free: 240305K (45%)
----------------- Invoking toplevel() on ptolemy.moml.MoMLSimpleApplication@3d9bc520
----------------- Done invoking toplevel() on ptolemy.moml.MoMLSimpleApplication@3d9bc520
reloadAllAccessors: .ComputeHistogram

===========================================================================================
----------------- testing Mon Dec 09 06:21:05 UTC 2019 /home/travis/build/icyphy/ptII/ptolemy/actor/lib/test/auto/ConfigurationSelect.xml
----------------- Instantiating /home/travis/build/icyphy/ptII/ptolemy/actor/lib/test/auto/ConfigurationSelect.xml
8 ms. Memory: 528384K Free: 235171K (45%)
----------------- Invoking toplevel() on ptolemy.moml.MoMLSimpleApplication@74315329
----------------- Done invoking toplevel() on ptolemy.moml.MoMLSimpleApplication@74315329
reloadAllAccessors: .ConfigurationSelect

===========================================================================================
----------------- testing Mon Dec 09 06:21:05 UTC 2019 /home/travis/build/icyphy/ptII/ptolemy/actor/lib/test/auto/ConfigurationSelect2.xml
----------------- Instantiating /home/travis/build/icyphy/ptII/ptolemy/actor/lib/test/auto/ConfigurationSelect2.xml
2 ms. Memory: 528384K Free: 230579K (44%)
----------------- Invoking toplevel() on ptolemy.moml.MoMLSimpleApplication@5de274fc
----------------- Done invoking toplevel() on ptolemy.moml.MoMLSimpleApplication@5de274fc
reloadAllAccessors: .ConfigurationSelect2

===========================================================================================
----------------- testing Mon Dec 09 06:21:05 UTC 2019 /home/travis/build/icyphy/ptII/ptolemy/actor/lib/test/auto/ConfigurationSwitch.xml
----------------- Instantiating /home/travis/build/icyphy/ptII/ptolemy/actor/lib/test/auto/ConfigurationSwitch.xml
3 ms. Memory: 528384K Free: 225459K (43%)
----------------- Invoking toplevel() on ptolemy.moml.MoMLSimpleApplication@7e1d74e5
----------------- Done invoking toplevel() on ptolemy.moml.MoMLSimpleApplication@7e1d74e5
reloadAllAccessors: .ConfigurationSwitch

===========================================================================================
----------------- testing Mon Dec 09 06:21:05 UTC 2019 /home/travis/build/icyphy/ptII/ptolemy/actor/lib/test/auto/ConfigurationSwitch2.xml
----------------- Instantiating /home/travis/build/icyphy/ptII/ptolemy/actor/lib/test/auto/ConfigurationSwitch2.xml
2 ms. Memory: 528384K Free: 219825K (42%)
----------------- Invoking toplevel() on ptolemy.moml.MoMLSimpleApplication@5b9d8fdf
----------------- Done invoking toplevel() on ptolemy.moml.MoMLSimpleApplication@5b9d8fdf
reloadAllAccessors: .ConfigurationSwitch2

===========================================================================================
----------------- testing Mon Dec 09 06:21:05 UTC 2019 /home/travis/build/icyphy/ptII/ptolemy/actor/lib/test/auto/ConfigurationSwitchCloningBugWithClassRelationGroup.xml
----------------- Instantiating /home/travis/build/icyphy/ptII/ptolemy/actor/lib/test/auto/ConfigurationSwitchCloningBugWithClassRelationGroup.xml
1 ms. Memory: 528384K Free: 213171K (40%)
----------------- Invoking toplevel() on ptolemy.moml.MoMLSimpleApplication@2454d274
----------------- Done invoking toplevel() on ptolemy.moml.MoMLSimpleApplication@2454d274
reloadAllAccessors: .ConfigurationSwitchCloningBugWithClassRelationGroup

===========================================================================================
----------------- testing Mon Dec 09 06:21:05 UTC 2019 /home/travis/build/icyphy/ptII/ptolemy/actor/lib/test/auto/ConfigurationSwitchSelectSDF.xml
----------------- Instantiating /home/travis/build/icyphy/ptII/ptolemy/actor/lib/test/auto/ConfigurationSwitchSelectSDF.xml
3 ms. Memory: 528384K Free: 208051K (39%)
----------------- Invoking toplevel() on ptolemy.moml.MoMLSimpleApplication@489acae9
----------------- Done invoking toplevel() on ptolemy.moml.MoMLSimpleApplication@489acae9
reloadAllAccessors: .ConfigurationSwitchSelectSDF

===========================================================================================
----------------- testing Mon Dec 09 06:21:05 UTC 2019 /home/travis/build/icyphy/ptII/ptolemy/actor/lib/test/auto/ConfigurationSwitchSelectSDF2.xml
----------------- Instantiating /home/travis/build/icyphy/ptII/ptolemy/actor/lib/test/auto/ConfigurationSwitchSelectSDF2.xml
3 ms. Memory: 528384K Free: 201907K (38%)
----------------- Invoking toplevel() on ptolemy.moml.MoMLSimpleApplication@68cc1693
----------------- Done invoking toplevel() on ptolemy.moml.MoMLSimpleApplication@68cc1693
reloadAllAccessors: .ConfigurationSwitchSelectSDF2

===========================================================================================
----------------- testing Mon Dec 09 06:21:05 UTC 2019 /home/travis/build/icyphy/ptII/ptolemy/actor/lib/test/auto/Const.xml
----------------- Instantiating /home/travis/build/icyphy/ptII/ptolemy/actor/lib/test/auto/Const.xml
1 ms. Memory: 528384K Free: 198321K (38%)
----------------- Invoking toplevel() on ptolemy.moml.MoMLSimpleApplication@1da8ce8
----------------- Done invoking toplevel() on ptolemy.moml.MoMLSimpleApplication@1da8ce8
reloadAllAccessors: .Const

===========================================================================================
----------------- testing Mon Dec 09 06:21:05 UTC 2019 /home/travis/build/icyphy/ptII/ptolemy/actor/lib/test/auto/Const2.xml
----------------- Instantiating /home/travis/build/icyphy/ptII/ptolemy/actor/lib/test/auto/Const2.xml
2 ms. Memory: 528384K Free: 194739K (37%)
----------------- Invoking toplevel() on ptolemy.moml.MoMLSimpleApplication@7d62693f
----------------- Done invoking toplevel() on ptolemy.moml.MoMLSimpleApplication@7d62693f
reloadAllAccessors: .Const2

===========================================================================================
----------------- testing Mon Dec 09 06:21:05 UTC 2019 /home/travis/build/icyphy/ptII/ptolemy/actor/lib/test/auto/Const3.xml
----------------- Instantiating /home/travis/build/icyphy/ptII/ptolemy/actor/lib/test/auto/Const3.xml
1 ms. Memory: 528384K Free: 191667K (36%)
----------------- Invoking toplevel() on ptolemy.moml.MoMLSimpleApplication@7ed7a62b
----------------- Done invoking toplevel() on ptolemy.moml.MoMLSimpleApplication@7ed7a62b
reloadAllAccessors: .Const3

===========================================================================================
----------------- testing Mon Dec 09 06:21:05 UTC 2019 /home/travis/build/icyphy/ptII/ptolemy/actor/lib/test/auto/ConstantPublisherPort1.xml
----------------- Instantiating /home/travis/build/icyphy/ptII/ptolemy/actor/lib/test/auto/ConstantPublisherPort1.xml
9 ms. Memory: 528384K Free: 182961K (35%)
----------------- Invoking toplevel() on ptolemy.moml.MoMLSimpleApplication@20ac1ea2
----------------- Done invoking toplevel() on ptolemy.moml.MoMLSimpleApplication@20ac1ea2
reloadAllAccessors: .ConstantPublisherPort1

===========================================================================================
----------------- testing Mon Dec 09 06:21:05 UTC 2019 /home/travis/build/icyphy/ptII/ptolemy/actor/lib/test/auto/ConstantPublisherPort2.xml
----------------- Instantiating /home/travis/build/icyphy/ptII/ptolemy/actor/lib/test/auto/ConstantPublisherPort2.xml
12 ms. Memory: 528384K Free: 175283K (33%)
----------------- Invoking toplevel() on ptolemy.moml.MoMLSimpleApplication@7030a9b3
----------------- Done invoking toplevel() on ptolemy.moml.MoMLSimpleApplication@7030a9b3
reloadAllAccessors: .ConstantPublisherPort2

===========================================================================================
----------------- testing Mon Dec 09 06:21:06 UTC 2019 /home/travis/build/icyphy/ptII/ptolemy/actor/lib/test/auto/ConstantPublisherPort3.xml
----------------- Instantiating /home/travis/build/icyphy/ptII/ptolemy/actor/lib/test/auto/ConstantPublisherPort3.xml
6 ms. Memory: 528384K Free: 167601K (32%)
----------------- Invoking toplevel() on ptolemy.moml.MoMLSimpleApplication@600d7c34
----------------- Done invoking toplevel() on ptolemy.moml.MoMLSimpleApplication@600d7c34
reloadAllAccessors: .ConstantPublisherPort3

===========================================================================================
----------------- testing Mon Dec 09 06:21:06 UTC 2019 /home/travis/build/icyphy/ptII/ptolemy/actor/lib/test/auto/ConstantPublisherPort4.xml
----------------- Instantiating /home/travis/build/icyphy/ptII/ptolemy/actor/lib/test/auto/ConstantPublisherPort4.xml
2 ms. Memory: 528384K Free: 475026K (90%)
----------------- Invoking toplevel() on ptolemy.moml.MoMLSimpleApplication@614777c
----------------- Done invoking toplevel() on ptolemy.moml.MoMLSimpleApplication@614777c
reloadAllAccessors: .ConstantPublisherPort4

===========================================================================================
----------------- testing Mon Dec 09 06:21:06 UTC 2019 /home/travis/build/icyphy/ptII/ptolemy/actor/lib/test/auto/ConstantPublisherPort5.xml
----------------- Instantiating /home/travis/build/icyphy/ptII/ptolemy/actor/lib/test/auto/ConstantPublisherPort5.xml
29 ms. Memory: 528384K Free: 465296K (88%)
----------------- Invoking toplevel() on ptolemy.moml.MoMLSimpleApplication@67e69899
----------------- Done invoking toplevel() on ptolemy.moml.MoMLSimpleApplication@67e69899
reloadAllAccessors: .ConstantPublisherPort5

===========================================================================================
----------------- testing Mon Dec 09 06:21:06 UTC 2019 /home/travis/build/icyphy/ptII/ptolemy/actor/lib/test/auto/ConstantPublisherPort6.xml
----------------- Instantiating /home/travis/build/icyphy/ptII/ptolemy/actor/lib/test/auto/ConstantPublisherPort6.xml
14 ms. Memory: 528384K Free: 456080K (86%)
----------------- Invoking toplevel() on ptolemy.moml.MoMLSimpleApplication@5f30c769
----------------- Done invoking toplevel() on ptolemy.moml.MoMLSimpleApplication@5f30c769
reloadAllAccessors: .ConstantPublisherPort6

===========================================================================================
----------------- testing Mon Dec 09 06:21:06 UTC 2019 /home/travis/build/icyphy/ptII/ptolemy/actor/lib/test/auto/ConstantPublisherPort7.xml
----------------- Instantiating /home/travis/build/icyphy/ptII/ptolemy/actor/lib/test/auto/ConstantPublisherPort7.xml
22 ms. Memory: 528384K Free: 446864K (85%)
----------------- Invoking toplevel() on ptolemy.moml.MoMLSimpleApplication@3bc63c15
----------------- Done invoking toplevel() on ptolemy.moml.MoMLSimpleApplication@3bc63c15
reloadAllAccessors: .ConstantPublisherPort7

===========================================================================================
----------------- testing Mon Dec 09 06:21:06 UTC 2019 /home/travis/build/icyphy/ptII/ptolemy/actor/lib/test/auto/ConstraintMonitor1.xml
----------------- Instantiating /home/travis/build/icyphy/ptII/ptolemy/actor/lib/test/auto/ConstraintMonitor1.xml
6 ms. Memory: 528384K Free: 441234K (84%)
----------------- Invoking toplevel() on ptolemy.moml.MoMLSimpleApplication@a26ad01
----------------- Done invoking toplevel() on ptolemy.moml.MoMLSimpleApplication@a26ad01
reloadAllAccessors: .ConstraintMonitor1

===========================================================================================
----------------- testing Mon Dec 09 06:21:06 UTC 2019 /home/travis/build/icyphy/ptII/ptolemy/actor/lib/test/auto/ConstraintMonitor2.xml
----------------- Instantiating /home/travis/build/icyphy/ptII/ptolemy/actor/lib/test/auto/ConstraintMonitor2.xml
4 ms. Memory: 528384K Free: 436114K (83%)
----------------- Invoking toplevel() on ptolemy.moml.MoMLSimpleApplication@420788e0
----------------- Done invoking toplevel() on ptolemy.moml.MoMLSimpleApplication@420788e0
reloadAllAccessors: .ConstraintMonitor2

===========================================================================================
----------------- testing Mon Dec 09 06:21:06 UTC 2019 /home/travis/build/icyphy/ptII/ptolemy/actor/lib/test/auto/ConstraintMonitor3.xml
----------------- Instantiating /home/travis/build/icyphy/ptII/ptolemy/actor/lib/test/auto/ConstraintMonitor3.xml
4 ms. Memory: 528384K Free: 431504K (82%)
----------------- Invoking toplevel() on ptolemy.moml.MoMLSimpleApplication@16f97f6f
----------------- Done invoking toplevel() on ptolemy.moml.MoMLSimpleApplication@16f97f6f
reloadAllAccessors: .ConstraintMonitor3

===========================================================================================
----------------- testing Mon Dec 09 06:21:06 UTC 2019 /home/travis/build/icyphy/ptII/ptolemy/actor/lib/test/auto/ConstraintMonitor4.xml
----------------- Instantiating /home/travis/build/icyphy/ptII/ptolemy/actor/lib/test/auto/ConstraintMonitor4.xml
4 ms. Memory: 528384K Free: 426384K (81%)
----------------- Invoking toplevel() on ptolemy.moml.MoMLSimpleApplication@1749b98e
----------------- Done invoking toplevel() on ptolemy.moml.MoMLSimpleApplication@1749b98e
reloadAllAccessors: .ConstraintMonitor4

===========================================================================================
----------------- testing Mon Dec 09 06:21:06 UTC 2019 /home/travis/build/icyphy/ptII/ptolemy/actor/lib/test/auto/ConstraintMonitor5.xml
----------------- Instantiating /home/travis/build/icyphy/ptII/ptolemy/actor/lib/test/auto/ConstraintMonitor5.xml
11 ms. Memory: 528384K Free: 421264K (80%)
----------------- Invoking toplevel() on ptolemy.moml.MoMLSimpleApplication@39c53d7e
----------------- Done invoking toplevel() on ptolemy.moml.MoMLSimpleApplication@39c53d7e
reloadAllAccessors: .ConstraintMonitor5

===========================================================================================
----------------- testing Mon Dec 09 06:21:06 UTC 2019 /home/travis/build/icyphy/ptII/ptolemy/actor/lib/test/auto/ConstraintMonitor6.xml
----------------- Instantiating /home/travis/build/icyphy/ptII/ptolemy/actor/lib/test/auto/ConstraintMonitor6.xml
12 ms. Memory: 528384K Free: 415634K (79%)
----------------- Invoking toplevel() on ptolemy.moml.MoMLSimpleApplication@4cc48211
----------------- Done invoking toplevel() on ptolemy.moml.MoMLSimpleApplication@4cc48211
reloadAllAccessors: .ConstraintMonitor6

===========================================================================================
----------------- testing Mon Dec 09 06:21:06 UTC 2019 /home/travis/build/icyphy/ptII/ptolemy/actor/lib/test/auto/ConstraintMonitor7.xml
----------------- Instantiating /home/travis/build/icyphy/ptII/ptolemy/actor/lib/test/auto/ConstraintMonitor7.xml
6 ms. Memory: 528384K Free: 408962K (77%)
----------------- Invoking toplevel() on ptolemy.moml.MoMLSimpleApplication@1bbaa0b7
----------------- Done invoking toplevel() on ptolemy.moml.MoMLSimpleApplication@1bbaa0b7
reloadAllAccessors: .ConstraintMonitor7

===========================================================================================
----------------- testing Mon Dec 09 06:21:06 UTC 2019 /home/travis/build/icyphy/ptII/ptolemy/actor/lib/test/auto/ConstraintMonitor8.xml
----------------- Instantiating /home/travis/build/icyphy/ptII/ptolemy/actor/lib/test/auto/ConstraintMonitor8.xml
7 ms. Memory: 528384K Free: 401298K (76%)
----------------- Invoking toplevel() on ptolemy.moml.MoMLSimpleApplication@183d56e8
----------------- Done invoking toplevel() on ptolemy.moml.MoMLSimpleApplication@183d56e8
reloadAllAccessors: .ConstraintMonitor8

===========================================================================================
----------------- testing Mon Dec 09 06:21:06 UTC 2019 /home/travis/build/icyphy/ptII/ptolemy/actor/lib/test/auto/Counter.xml
----------------- Instantiating /home/travis/build/icyphy/ptII/ptolemy/actor/lib/test/auto/Counter.xml
2 ms. Memory: 528384K Free: 395664K (75%)
----------------- Invoking toplevel() on ptolemy.moml.MoMLSimpleApplication@7813d64f
----------------- Done invoking toplevel() on ptolemy.moml.MoMLSimpleApplication@7813d64f
reloadAllAccessors: .Counter

===========================================================================================
----------------- testing Mon Dec 09 06:21:06 UTC 2019 /home/travis/build/icyphy/ptII/ptolemy/actor/lib/test/auto/CurrentTimeSDF.xml
----------------- Instantiating /home/travis/build/icyphy/ptII/ptolemy/actor/lib/test/auto/CurrentTimeSDF.xml
1 ms. Memory: 528384K Free: 392082K (74%)
----------------- Invoking toplevel() on ptolemy.moml.MoMLSimpleApplication@6e6d3693
----------------- Done invoking toplevel() on ptolemy.moml.MoMLSimpleApplication@6e6d3693
reloadAllAccessors: .CurrentTimeSDF

===========================================================================================
----------------- testing Mon Dec 09 06:21:06 UTC 2019 /home/travis/build/icyphy/ptII/ptolemy/actor/lib/test/auto/DB.xml
----------------- Instantiating /home/travis/build/icyphy/ptII/ptolemy/actor/lib/test/auto/DB.xml
2 ms. Memory: 528384K Free: 386448K (73%)
----------------- Invoking toplevel() on ptolemy.moml.MoMLSimpleApplication@244cfe50
----------------- Done invoking toplevel() on ptolemy.moml.MoMLSimpleApplication@244cfe50
reloadAllAccessors: .DB

===========================================================================================
----------------- testing Mon Dec 09 06:21:06 UTC 2019 /home/travis/build/icyphy/ptII/ptolemy/actor/lib/test/auto/DBDE.xml
----------------- Instantiating /home/travis/build/icyphy/ptII/ptolemy/actor/lib/test/auto/DBDE.xml
3 ms. Memory: 528384K Free: 380274K (72%)
----------------- Invoking toplevel() on ptolemy.moml.MoMLSimpleApplication@4f4743ae
----------------- Done invoking toplevel() on ptolemy.moml.MoMLSimpleApplication@4f4743ae
reloadAllAccessors: .DBDE

===========================================================================================
----------------- testing Mon Dec 09 06:21:06 UTC 2019 /home/travis/build/icyphy/ptII/ptolemy/actor/lib/test/auto/DateConstructor.xml
----------------- Instantiating /home/travis/build/icyphy/ptII/ptolemy/actor/lib/test/auto/DateConstructor.xml
28 ms. Memory: 528384K Free: 362896K (69%)
----------------- Invoking toplevel() on ptolemy.moml.MoMLSimpleApplication@7c101a3e
----------------- Done invoking toplevel() on ptolemy.moml.MoMLSimpleApplication@7c101a3e
reloadAllAccessors: .DateConstructor

===========================================================================================
----------------- testing Mon Dec 09 06:21:06 UTC 2019 /home/travis/build/icyphy/ptII/ptolemy/actor/lib/test/auto/DelayTime.xml
----------------- Instantiating /home/travis/build/icyphy/ptII/ptolemy/actor/lib/test/auto/DelayTime.xml
6 ms. Memory: 528384K Free: 357266K (68%)
----------------- Invoking toplevel() on ptolemy.moml.MoMLSimpleApplication@6638323
----------------- Done invoking toplevel() on ptolemy.moml.MoMLSimpleApplication@6638323
reloadAllAccessors: .DelayTime

===========================================================================================
----------------- testing Mon Dec 09 06:21:06 UTC 2019 /home/travis/build/icyphy/ptII/ptolemy/actor/lib/test/auto/Dictionary1.xml
----------------- Instantiating /home/travis/build/icyphy/ptII/ptolemy/actor/lib/test/auto/Dictionary1.xml
1 ms. Memory: 528384K Free: 351632K (67%)
----------------- Invoking toplevel() on ptolemy.moml.MoMLSimpleApplication@2be9ded2
----------------- Done invoking toplevel() on ptolemy.moml.MoMLSimpleApplication@2be9ded2
reloadAllAccessors: .Dictionary1

===========================================================================================
----------------- testing Mon Dec 09 06:21:06 UTC 2019 /home/travis/build/icyphy/ptII/ptolemy/actor/lib/test/auto/Dictionary2.xml
----------------- Instantiating /home/travis/build/icyphy/ptII/ptolemy/actor/lib/test/auto/Dictionary2.xml
4 ms. Memory: 528384K Free: 346002K (65%)
----------------- Invoking toplevel() on ptolemy.moml.MoMLSimpleApplication@46209955
----------------- Done invoking toplevel() on ptolemy.moml.MoMLSimpleApplication@46209955
reloadAllAccessors: .Dictionary2

===========================================================================================
----------------- testing Mon Dec 09 06:21:06 UTC 2019 /home/travis/build/icyphy/ptII/ptolemy/actor/lib/test/auto/Dictionary3.xml
----------------- Instantiating /home/travis/build/icyphy/ptII/ptolemy/actor/lib/test/auto/Dictionary3.xml
2 ms. Memory: 528384K Free: 340882K (65%)
----------------- Invoking toplevel() on ptolemy.moml.MoMLSimpleApplication@57231401
----------------- Done invoking toplevel() on ptolemy.moml.MoMLSimpleApplication@57231401
reloadAllAccessors: .Dictionary3

===========================================================================================
----------------- testing Mon Dec 09 06:21:06 UTC 2019 /home/travis/build/icyphy/ptII/ptolemy/actor/lib/test/auto/Dictionary4.xml
----------------- Instantiating /home/travis/build/icyphy/ptII/ptolemy/actor/lib/test/auto/Dictionary4.xml
3 ms. Memory: 528384K Free: 333714K (63%)
----------------- Invoking toplevel() on ptolemy.moml.MoMLSimpleApplication@182dda83
----------------- Done invoking toplevel() on ptolemy.moml.MoMLSimpleApplication@182dda83
reloadAllAccessors: .Dictionary4

===========================================================================================
----------------- testing Mon Dec 09 06:21:06 UTC 2019 /home/travis/build/icyphy/ptII/ptolemy/actor/lib/test/auto/Differential.xml
----------------- Instantiating /home/travis/build/icyphy/ptII/ptolemy/actor/lib/test/auto/Differential.xml
4 ms. Memory: 528384K Free: 329104K (62%)
----------------- Invoking toplevel() on ptolemy.moml.MoMLSimpleApplication@417d29f2
----------------- Done invoking toplevel() on ptolemy.moml.MoMLSimpleApplication@417d29f2
reloadAllAccessors: .Differential

===========================================================================================
----------------- testing Mon Dec 09 06:21:06 UTC 2019 /home/travis/build/icyphy/ptII/ptolemy/actor/lib/test/auto/Director.xml
----------------- Instantiating /home/travis/build/icyphy/ptII/ptolemy/actor/lib/test/auto/Director.xml
4 ms. Memory: 528384K Free: 326032K (62%)
----------------- Invoking toplevel() on ptolemy.moml.MoMLSimpleApplication@700fd719
----------------- Done invoking toplevel() on ptolemy.moml.MoMLSimpleApplication@700fd719
reloadAllAccessors: .Director

===========================================================================================
----------------- testing Mon Dec 09 06:21:06 UTC 2019 /home/travis/build/icyphy/ptII/ptolemy/actor/lib/test/auto/DiscreteClock.xml
----------------- Instantiating /home/travis/build/icyphy/ptII/ptolemy/actor/lib/test/auto/DiscreteClock.xml
1 ms. Memory: 528384K Free: 321936K (61%)
----------------- Invoking toplevel() on ptolemy.moml.MoMLSimpleApplication@2c6baedd
----------------- Done invoking toplevel() on ptolemy.moml.MoMLSimpleApplication@2c6baedd
reloadAllAccessors: .DiscreteClock

===========================================================================================
----------------- testing Mon Dec 09 06:21:06 UTC 2019 /home/travis/build/icyphy/ptII/ptolemy/actor/lib/test/auto/DiscreteClock10.xml
----------------- Instantiating /home/travis/build/icyphy/ptII/ptolemy/actor/lib/test/auto/DiscreteClock10.xml
3 ms. Memory: 528384K Free: 315792K (60%)
----------------- Invoking toplevel() on ptolemy.moml.MoMLSimpleApplication@54566b25
----------------- Done invoking toplevel() on ptolemy.moml.MoMLSimpleApplication@54566b25
reloadAllAccessors: .DiscreteClock10

===========================================================================================
----------------- testing Mon Dec 09 06:21:06 UTC 2019 /home/travis/build/icyphy/ptII/ptolemy/actor/lib/test/auto/DiscreteClock11.xml
----------------- Instantiating /home/travis/build/icyphy/ptII/ptolemy/actor/lib/test/auto/DiscreteClock11.xml
2 ms. Memory: 528384K Free: 310162K (59%)
----------------- Invoking toplevel() on ptolemy.moml.MoMLSimpleApplication@699297c8
----------------- Done invoking toplevel() on ptolemy.moml.MoMLSimpleApplication@699297c8
reloadAllAccessors: .DiscreteClock11

===========================================================================================
----------------- testing Mon Dec 09 06:21:06 UTC 2019 /home/travis/build/icyphy/ptII/ptolemy/actor/lib/test/auto/DiscreteClock12.xml
----------------- Instantiating /home/travis/build/icyphy/ptII/ptolemy/actor/lib/test/auto/DiscreteClock12.xml
3 ms. Memory: 528384K Free: 304018K (58%)
----------------- Invoking toplevel() on ptolemy.moml.MoMLSimpleApplication@1aadbff8
----------------- Done invoking toplevel() on ptolemy.moml.MoMLSimpleApplication@1aadbff8
reloadAllAccessors: .DiscreteClock12

===========================================================================================
----------------- testing Mon Dec 09 06:21:06 UTC 2019 /home/travis/build/icyphy/ptII/ptolemy/actor/lib/test/auto/DiscreteClock13.xml
----------------- Instantiating /home/travis/build/icyphy/ptII/ptolemy/actor/lib/test/auto/DiscreteClock13.xml
5 ms. Memory: 528384K Free: 297874K (56%)
----------------- Invoking toplevel() on ptolemy.moml.MoMLSimpleApplication@68f4cf9f
----------------- Done invoking toplevel() on ptolemy.moml.MoMLSimpleApplication@68f4cf9f
reloadAllAccessors: .DiscreteClock13

===========================================================================================
----------------- testing Mon Dec 09 06:21:06 UTC 2019 /home/travis/build/icyphy/ptII/ptolemy/actor/lib/test/auto/DiscreteClock14.xml
----------------- Instantiating /home/travis/build/icyphy/ptII/ptolemy/actor/lib/test/auto/DiscreteClock14.xml
5 ms. Memory: 528384K Free: 292210K (55%)
----------------- Invoking toplevel() on ptolemy.moml.MoMLSimpleApplication@12695499
----------------- Done invoking toplevel() on ptolemy.moml.MoMLSimpleApplication@12695499
reloadAllAccessors: .DiscreteClock14

===========================================================================================
----------------- testing Mon Dec 09 06:21:06 UTC 2019 /home/travis/build/icyphy/ptII/ptolemy/actor/lib/test/auto/DiscreteClock15.xml
----------------- Instantiating /home/travis/build/icyphy/ptII/ptolemy/actor/lib/test/auto/DiscreteClock15.xml
5 ms. Memory: 528384K Free: 286090K (54%)
----------------- Invoking toplevel() on ptolemy.moml.MoMLSimpleApplication@6e166a53
----------------- Done invoking toplevel() on ptolemy.moml.MoMLSimpleApplication@6e166a53
reloadAllAccessors: .DiscreteClock15

===========================================================================================
----------------- testing Mon Dec 09 06:21:06 UTC 2019 /home/travis/build/icyphy/ptII/ptolemy/actor/lib/test/auto/DiscreteClock16.xml
----------------- Instantiating /home/travis/build/icyphy/ptII/ptolemy/actor/lib/test/auto/DiscreteClock16.xml
14 ms. Memory: 528384K Free: 272274K (52%)
----------------- Invoking toplevel() on ptolemy.moml.MoMLSimpleApplication@4e47c3d2
----------------- Done invoking toplevel() on ptolemy.moml.MoMLSimpleApplication@4e47c3d2
reloadAllAccessors: .DiscreteClock16

===========================================================================================
----------------- testing Mon Dec 09 06:21:06 UTC 2019 /home/travis/build/icyphy/ptII/ptolemy/actor/lib/test/auto/DiscreteClock17.xml
----------------- Instantiating /home/travis/build/icyphy/ptII/ptolemy/actor/lib/test/auto/DiscreteClock17.xml
14 ms. Memory: 528384K Free: 257394K (49%)
----------------- Invoking toplevel() on ptolemy.moml.MoMLSimpleApplication@44fb4932
----------------- Done invoking toplevel() on ptolemy.moml.MoMLSimpleApplication@44fb4932
reloadAllAccessors: .DiscreteClock17

===========================================================================================
----------------- testing Mon Dec 09 06:21:06 UTC 2019 /home/travis/build/icyphy/ptII/ptolemy/actor/lib/test/auto/DiscreteClock18.xml
----------------- Instantiating /home/travis/build/icyphy/ptII/ptolemy/actor/lib/test/auto/DiscreteClock18.xml
12 ms. Memory: 528384K Free: 244107K (46%)
----------------- Invoking toplevel() on ptolemy.moml.MoMLSimpleApplication@5f842e61
----------------- Done invoking toplevel() on ptolemy.moml.MoMLSimpleApplication@5f842e61
reloadAllAccessors: .DiscreteClock18

===========================================================================================
----------------- testing Mon Dec 09 06:21:07 UTC 2019 /home/travis/build/icyphy/ptII/ptolemy/actor/lib/test/auto/DiscreteClock19.xml
----------------- Instantiating /home/travis/build/icyphy/ptII/ptolemy/actor/lib/test/auto/DiscreteClock19.xml
13 ms. Memory: 528384K Free: 230290K (44%)
----------------- Invoking toplevel() on ptolemy.moml.MoMLSimpleApplication@54d420a0
----------------- Done invoking toplevel() on ptolemy.moml.MoMLSimpleApplication@54d420a0
reloadAllAccessors: .DiscreteClock19

===========================================================================================
----------------- testing Mon Dec 09 06:21:07 UTC 2019 /home/travis/build/icyphy/ptII/ptolemy/actor/lib/test/auto/DiscreteClock2.xml
----------------- Instantiating /home/travis/build/icyphy/ptII/ptolemy/actor/lib/test/auto/DiscreteClock2.xml
4 ms. Memory: 528384K Free: 225170K (43%)
----------------- Invoking toplevel() on ptolemy.moml.MoMLSimpleApplication@1a1d12ab
----------------- Done invoking toplevel() on ptolemy.moml.MoMLSimpleApplication@1a1d12ab
reloadAllAccessors: .DiscreteClock2

===========================================================================================
----------------- testing Mon Dec 09 06:21:07 UTC 2019 /home/travis/build/icyphy/ptII/ptolemy/actor/lib/test/auto/DiscreteClock20.xml
----------------- Instantiating /home/travis/build/icyphy/ptII/ptolemy/actor/lib/test/auto/DiscreteClock20.xml
6 ms. Memory: 528384K Free: 220050K (42%)
----------------- Invoking toplevel() on ptolemy.moml.MoMLSimpleApplication@44eb8499
----------------- Done invoking toplevel() on ptolemy.moml.MoMLSimpleApplication@44eb8499
reloadAllAccessors: .DiscreteClock20

===========================================================================================
----------------- testing Mon Dec 09 06:21:07 UTC 2019 /home/travis/build/icyphy/ptII/ptolemy/actor/lib/test/auto/DiscreteClock21.xml
----------------- Instantiating /home/travis/build/icyphy/ptII/ptolemy/actor/lib/test/auto/DiscreteClock21.xml
3 ms. Memory: 528384K Free: 214416K (41%)
----------------- Invoking toplevel() on ptolemy.moml.MoMLSimpleApplication@6f3bded3
----------------- Done invoking toplevel() on ptolemy.moml.MoMLSimpleApplication@6f3bded3
reloadAllAccessors: .DiscreteClock21

===========================================================================================
----------------- testing Mon Dec 09 06:21:07 UTC 2019 /home/travis/build/icyphy/ptII/ptolemy/actor/lib/test/auto/DiscreteClock22.xml
----------------- Instantiating /home/travis/build/icyphy/ptII/ptolemy/actor/lib/test/auto/DiscreteClock22.xml
5 ms. Memory: 528384K Free: 208786K (40%)
----------------- Invoking toplevel() on ptolemy.moml.MoMLSimpleApplication@12296c5d
----------------- Done invoking toplevel() on ptolemy.moml.MoMLSimpleApplication@12296c5d
reloadAllAccessors: .DiscreteClock22

===========================================================================================
----------------- testing Mon Dec 09 06:21:07 UTC 2019 /home/travis/build/icyphy/ptII/ptolemy/actor/lib/test/auto/DiscreteClock23.xml
----------------- Instantiating /home/travis/build/icyphy/ptII/ptolemy/actor/lib/test/auto/DiscreteClock23.xml
4 ms. Memory: 528384K Free: 203152K (38%)
----------------- Invoking toplevel() on ptolemy.moml.MoMLSimpleApplication@406970e1
----------------- Done invoking toplevel() on ptolemy.moml.MoMLSimpleApplication@406970e1
reloadAllAccessors: .DiscreteClock23

===========================================================================================
----------------- testing Mon Dec 09 06:21:07 UTC 2019 /home/travis/build/icyphy/ptII/ptolemy/actor/lib/test/auto/DiscreteClock24.xml
----------------- Instantiating /home/travis/build/icyphy/ptII/ptolemy/actor/lib/test/auto/DiscreteClock24.xml
5 ms. Memory: 528384K Free: 198032K (37%)
----------------- Invoking toplevel() on ptolemy.moml.MoMLSimpleApplication@45de66b8
----------------- Done invoking toplevel() on ptolemy.moml.MoMLSimpleApplication@45de66b8
reloadAllAccessors: .DiscreteClock24

===========================================================================================
----------------- testing Mon Dec 09 06:21:07 UTC 2019 /home/travis/build/icyphy/ptII/ptolemy/actor/lib/test/auto/DiscreteClock4.xml
----------------- Instantiating /home/travis/build/icyphy/ptII/ptolemy/actor/lib/test/auto/DiscreteClock4.xml
2 ms. Memory: 528384K Free: 192402K (36%)
----------------- Invoking toplevel() on ptolemy.moml.MoMLSimpleApplication@77344c28
----------------- Done invoking toplevel() on ptolemy.moml.MoMLSimpleApplication@77344c28
reloadAllAccessors: .DiscreteClock4

===========================================================================================
----------------- testing Mon Dec 09 06:21:07 UTC 2019 /home/travis/build/icyphy/ptII/ptolemy/actor/lib/test/auto/DiscreteClock5.xml
----------------- Instantiating /home/travis/build/icyphy/ptII/ptolemy/actor/lib/test/auto/DiscreteClock5.xml
1 ms. Memory: 528384K Free: 186754K (35%)
----------------- Invoking toplevel() on ptolemy.moml.MoMLSimpleApplication@ad63805
----------------- Done invoking toplevel() on ptolemy.moml.MoMLSimpleApplication@ad63805
reloadAllAccessors: .DiscreteClock5

===========================================================================================
----------------- testing Mon Dec 09 06:21:07 UTC 2019 /home/travis/build/icyphy/ptII/ptolemy/actor/lib/test/auto/DiscreteClock6.xml
----------------- Instantiating /home/travis/build/icyphy/ptII/ptolemy/actor/lib/test/auto/DiscreteClock6.xml
1 ms. Memory: 528384K Free: 182672K (35%)
----------------- Invoking toplevel() on ptolemy.moml.MoMLSimpleApplication@5736e27e
----------------- Done invoking toplevel() on ptolemy.moml.MoMLSimpleApplication@5736e27e
reloadAllAccessors: .DiscreteClock6

===========================================================================================
----------------- testing Mon Dec 09 06:21:07 UTC 2019 /home/travis/build/icyphy/ptII/ptolemy/actor/lib/test/auto/DiscreteClock7.xml
----------------- Instantiating /home/travis/build/icyphy/ptII/ptolemy/actor/lib/test/auto/DiscreteClock7.xml
2 ms. Memory: 528384K Free: 177552K (34%)
----------------- Invoking toplevel() on ptolemy.moml.MoMLSimpleApplication@393e19ba
----------------- Done invoking toplevel() on ptolemy.moml.MoMLSimpleApplication@393e19ba
reloadAllAccessors: .DiscreteClock7

===========================================================================================
----------------- testing Mon Dec 09 06:21:07 UTC 2019 /home/travis/build/icyphy/ptII/ptolemy/actor/lib/test/auto/DiscreteClock8.xml
----------------- Instantiating /home/travis/build/icyphy/ptII/ptolemy/actor/lib/test/auto/DiscreteClock8.xml
2 ms. Memory: 528384K Free: 171922K (33%)
----------------- Invoking toplevel() on ptolemy.moml.MoMLSimpleApplication@231c251c
----------------- Done invoking toplevel() on ptolemy.moml.MoMLSimpleApplication@231c251c
reloadAllAccessors: .DiscreteClock8

===========================================================================================
----------------- testing Mon Dec 09 06:21:07 UTC 2019 /home/travis/build/icyphy/ptII/ptolemy/actor/lib/test/auto/DiscreteClock9.xml
----------------- Instantiating /home/travis/build/icyphy/ptII/ptolemy/actor/lib/test/auto/DiscreteClock9.xml
4 ms. Memory: 528384K Free: 479208K (91%)
----------------- Invoking toplevel() on ptolemy.moml.MoMLSimpleApplication@74217499
----------------- Done invoking toplevel() on ptolemy.moml.MoMLSimpleApplication@74217499
reloadAllAccessors: .DiscreteClock9

===========================================================================================
----------------- testing Mon Dec 09 06:21:07 UTC 2019 /home/travis/build/icyphy/ptII/ptolemy/actor/lib/test/auto/DisplayArray.xml
----------------- Instantiating /home/travis/build/icyphy/ptII/ptolemy/actor/lib/test/auto/DisplayArray.xml
6 ms. Memory: 528384K Free: 475640K (90%)
----------------- Invoking toplevel() on ptolemy.moml.MoMLSimpleApplication@55098f5d
----------------- Done invoking toplevel() on ptolemy.moml.MoMLSimpleApplication@55098f5d
reloadAllAccessors: .DisplayArray

===========================================================================================
----------------- testing Mon Dec 09 06:21:07 UTC 2019 /home/travis/build/icyphy/ptII/ptolemy/actor/lib/test/auto/Distributor.xml
----------------- Instantiating /home/travis/build/icyphy/ptII/ptolemy/actor/lib/test/auto/Distributor.xml
2 ms. Memory: 528384K Free: 470520K (89%)
----------------- Invoking toplevel() on ptolemy.moml.MoMLSimpleApplication@4712df
----------------- Done invoking toplevel() on ptolemy.moml.MoMLSimpleApplication@4712df
reloadAllAccessors: .Distributor

===========================================================================================
----------------- testing Mon Dec 09 06:21:07 UTC 2019 /home/travis/build/icyphy/ptII/ptolemy/actor/lib/test/auto/Distributor2.xml
----------------- Instantiating /home/travis/build/icyphy/ptII/ptolemy/actor/lib/test/auto/Distributor2.xml
1 ms. Memory: 528384K Free: 465400K (88%)
----------------- Invoking toplevel() on ptolemy.moml.MoMLSimpleApplication@49d933bd
----------------- Done invoking toplevel() on ptolemy.moml.MoMLSimpleApplication@49d933bd
reloadAllAccessors: .Distributor2

===========================================================================================
----------------- testing Mon Dec 09 06:21:07 UTC 2019 /home/travis/build/icyphy/ptII/ptolemy/actor/lib/test/auto/DownSample.xml
----------------- Instantiating /home/travis/build/icyphy/ptII/ptolemy/actor/lib/test/auto/DownSample.xml
2 ms. Memory: 528384K Free: 461304K (87%)
----------------- Invoking toplevel() on ptolemy.moml.MoMLSimpleApplication@511c64a1
----------------- Done invoking toplevel() on ptolemy.moml.MoMLSimpleApplication@511c64a1
reloadAllAccessors: .DownSample

===========================================================================================
----------------- testing Mon Dec 09 06:21:07 UTC 2019 /home/travis/build/icyphy/ptII/ptolemy/actor/lib/test/auto/ElectronicUnitBase1.xml
----------------- Instantiating /home/travis/build/icyphy/ptII/ptolemy/actor/lib/test/auto/ElectronicUnitBase1.xml
18 ms. Memory: 528384K Free: 444920K (84%)
----------------- Invoking toplevel() on ptolemy.moml.MoMLSimpleApplication@1af961c6
----------------- Done invoking toplevel() on ptolemy.moml.MoMLSimpleApplication@1af961c6
reloadAllAccessors: .ElectronicUnitBase1

===========================================================================================
----------------- testing Mon Dec 09 06:21:07 UTC 2019 /home/travis/build/icyphy/ptII/ptolemy/actor/lib/test/auto/ElementsToArray.xml
----------------- Instantiating /home/travis/build/icyphy/ptII/ptolemy/actor/lib/test/auto/ElementsToArray.xml
2 ms. Memory: 528384K Free: 439800K (83%)
----------------- Invoking toplevel() on ptolemy.moml.MoMLSimpleApplication@3f53866
----------------- Done invoking toplevel() on ptolemy.moml.MoMLSimpleApplication@3f53866
reloadAllAccessors: .ElementsToArray

===========================================================================================
----------------- testing Mon Dec 09 06:21:07 UTC 2019 /home/travis/build/icyphy/ptII/ptolemy/actor/lib/test/auto/Equals.xml
----------------- Instantiating /home/travis/build/icyphy/ptII/ptolemy/actor/lib/test/auto/Equals.xml
3 ms. Memory: 528384K Free: 435190K (82%)
----------------- Invoking toplevel() on ptolemy.moml.MoMLSimpleApplication@8ad3e27
----------------- Done invoking toplevel() on ptolemy.moml.MoMLSimpleApplication@8ad3e27
reloadAllAccessors: .Equals

===========================================================================================
----------------- testing Mon Dec 09 06:21:07 UTC 2019 /home/travis/build/icyphy/ptII/ptolemy/actor/lib/test/auto/Exec.xml
----------------- Instantiating /home/travis/build/icyphy/ptII/ptolemy/actor/lib/test/auto/Exec.xml
20 ms. Memory: 528384K Free: 430056K (81%)
----------------- Invoking toplevel() on ptolemy.moml.MoMLSimpleApplication@31cd0af4
----------------- Done invoking toplevel() on ptolemy.moml.MoMLSimpleApplication@31cd0af4
reloadAllAccessors: .Exec

===========================================================================================
----------------- testing Mon Dec 09 06:21:07 UTC 2019 /home/travis/build/icyphy/ptII/ptolemy/actor/lib/test/auto/ExecEnvironment.xml
----------------- Instantiating /home/travis/build/icyphy/ptII/ptolemy/actor/lib/test/auto/ExecEnvironment.xml
27 ms. Memory: 528384K Free: 424440K (80%)
----------------- Invoking toplevel() on ptolemy.moml.MoMLSimpleApplication@33bfcb28
----------------- Done invoking toplevel() on ptolemy.moml.MoMLSimpleApplication@33bfcb28
reloadAllAccessors: .ExecEnvironment

===========================================================================================
----------------- testing Mon Dec 09 06:21:07 UTC 2019 /home/travis/build/icyphy/ptII/ptolemy/actor/lib/test/auto/ExecNonZeroReturnOutput.xml
----------------- Instantiating /home/travis/build/icyphy/ptII/ptolemy/actor/lib/test/auto/ExecNonZeroReturnOutput.xml
194 ms. Memory: 528384K Free: 413176K (78%)
----------------- Invoking toplevel() on ptolemy.moml.MoMLSimpleApplication@2573f31e
----------------- Done invoking toplevel() on ptolemy.moml.MoMLSimpleApplication@2573f31e
reloadAllAccessors: .ExecNonZeroReturnOutput

===========================================================================================
----------------- testing Mon Dec 09 06:21:07 UTC 2019 /home/travis/build/icyphy/ptII/ptolemy/actor/lib/test/auto/ExecRunDemos.xml
----------------- Instantiating /home/travis/build/icyphy/ptII/ptolemy/actor/lib/test/auto/ExecRunDemos.xml
Finished: 150 ms. Memory: 120832K Free: 111785K (93%)

Finished: 89 ms. Memory: 120832K Free: 110923K (92%)

Finished: 98 ms. Memory: 120832K Free: 110982K (92%)

Finished: 93 ms. Memory: 120832K Free: 103534K (86%)

Finished: 103 ms. Memory: 120832K Free: 104204K (86%)

11376 ms. Memory: 528384K Free: 391670K (74%)
----------------- Invoking toplevel() on ptolemy.moml.MoMLSimpleApplication@5eb6e1b8
----------------- Done invoking toplevel() on ptolemy.moml.MoMLSimpleApplication@5eb6e1b8
reloadAllAccessors: .ExecRunDemos

===========================================================================================
----------------- testing Mon Dec 09 06:21:19 UTC 2019 /home/travis/build/icyphy/ptII/ptolemy/actor/lib/test/auto/ExecStop.xml
----------------- Instantiating /home/travis/build/icyphy/ptII/ptolemy/actor/lib/test/auto/ExecStop.xml
5020 ms. Memory: 528384K Free: 267768K (51%)
----------------- Invoking toplevel() on ptolemy.moml.MoMLSimpleApplication@36a61714
----------------- Done invoking toplevel() on ptolemy.moml.MoMLSimpleApplication@36a61714
reloadAllAccessors: .ExecStop

===========================================================================================
----------------- testing Mon Dec 09 06:21:24 UTC 2019 /home/travis/build/icyphy/ptII/ptolemy/actor/lib/test/auto/ExecutionTimeSDF.xml
----------------- Instantiating /home/travis/build/icyphy/ptII/ptolemy/actor/lib/test/auto/ExecutionTimeSDF.xml
Fired ExecutionTime: -1725767296
Fired ExecutionTime: 1049600000
Fired ExecutionTime: 1072800000
6007 ms. Memory: 528384K Free: 255480K (48%)
----------------- Invoking toplevel() on ptolemy.moml.MoMLSimpleApplication@37ecedb0
----------------- Done invoking toplevel() on ptolemy.moml.MoMLSimpleApplication@37ecedb0
reloadAllAccessors: .ExecutionTimeSDF

===========================================================================================
----------------- testing Mon Dec 09 06:21:30 UTC 2019 /home/travis/build/icyphy/ptII/ptolemy/actor/lib/test/auto/Expression1.xml
----------------- Instantiating /home/travis/build/icyphy/ptII/ptolemy/actor/lib/test/auto/Expression1.xml
1 ms. Memory: 528384K Free: 252408K (48%)
----------------- Invoking toplevel() on ptolemy.moml.MoMLSimpleApplication@6e4f4996
----------------- Done invoking toplevel() on ptolemy.moml.MoMLSimpleApplication@6e4f4996
reloadAllAccessors: .Expression1

===========================================================================================
----------------- testing Mon Dec 09 06:21:30 UTC 2019 /home/travis/build/icyphy/ptII/ptolemy/actor/lib/test/auto/Expression10.xml
----------------- Instantiating /home/travis/build/icyphy/ptII/ptolemy/actor/lib/test/auto/Expression10.xml
8 ms. Memory: 528384K Free: 246774K (47%)
----------------- Invoking toplevel() on ptolemy.moml.MoMLSimpleApplication@a0155cd
----------------- Done invoking toplevel() on ptolemy.moml.MoMLSimpleApplication@a0155cd
reloadAllAccessors: .Expression10

===========================================================================================
----------------- testing Mon Dec 09 06:21:30 UTC 2019 /home/travis/build/icyphy/ptII/ptolemy/actor/lib/test/auto/Expression11.xml
----------------- Instantiating /home/travis/build/icyphy/ptII/ptolemy/actor/lib/test/auto/Expression11.xml
4 ms. Memory: 528384K Free: 241654K (46%)
----------------- Invoking toplevel() on ptolemy.moml.MoMLSimpleApplication@222f66ac
----------------- Done invoking toplevel() on ptolemy.moml.MoMLSimpleApplication@222f66ac
reloadAllAccessors: .Expression11

===========================================================================================
----------------- testing Mon Dec 09 06:21:30 UTC 2019 /home/travis/build/icyphy/ptII/ptolemy/actor/lib/test/auto/Expression12.xml
----------------- Instantiating /home/travis/build/icyphy/ptII/ptolemy/actor/lib/test/auto/Expression12.xml
4 ms. Memory: 528384K Free: 236534K (45%)
----------------- Invoking toplevel() on ptolemy.moml.MoMLSimpleApplication@30e84b3a
----------------- Done invoking toplevel() on ptolemy.moml.MoMLSimpleApplication@30e84b3a
reloadAllAccessors: .Expression12

===========================================================================================
----------------- testing Mon Dec 09 06:21:30 UTC 2019 /home/travis/build/icyphy/ptII/ptolemy/actor/lib/test/auto/Expression13.xml
----------------- Instantiating /home/travis/build/icyphy/ptII/ptolemy/actor/lib/test/auto/Expression13.xml
4 ms. Memory: 528384K Free: 231414K (44%)
----------------- Invoking toplevel() on ptolemy.moml.MoMLSimpleApplication@768c605d
----------------- Done invoking toplevel() on ptolemy.moml.MoMLSimpleApplication@768c605d
reloadAllAccessors: .Expression13

===========================================================================================
----------------- testing Mon Dec 09 06:21:30 UTC 2019 /home/travis/build/icyphy/ptII/ptolemy/actor/lib/test/auto/Expression14.xml
----------------- Instantiating /home/travis/build/icyphy/ptII/ptolemy/actor/lib/test/auto/Expression14.xml
8 ms. Memory: 528384K Free: 225784K (43%)
----------------- Invoking toplevel() on ptolemy.moml.MoMLSimpleApplication@4ba90ffb
----------------- Done invoking toplevel() on ptolemy.moml.MoMLSimpleApplication@4ba90ffb
reloadAllAccessors: .Expression14

===========================================================================================
----------------- testing Mon Dec 09 06:21:30 UTC 2019 /home/travis/build/icyphy/ptII/ptolemy/actor/lib/test/auto/Expression15.xml
----------------- Instantiating /home/travis/build/icyphy/ptII/ptolemy/actor/lib/test/auto/Expression15.xml
2 ms. Memory: 528384K Free: 221688K (42%)
----------------- Invoking toplevel() on ptolemy.moml.MoMLSimpleApplication@1e04a7e3
----------------- Done invoking toplevel() on ptolemy.moml.MoMLSimpleApplication@1e04a7e3
reloadAllAccessors: .Expression15

===========================================================================================
----------------- testing Mon Dec 09 06:21:30 UTC 2019 /home/travis/build/icyphy/ptII/ptolemy/actor/lib/test/auto/Expression16.xml
----------------- Instantiating /home/travis/build/icyphy/ptII/ptolemy/actor/lib/test/auto/Expression16.xml
4 ms. Memory: 528384K Free: 217078K (41%)
----------------- Invoking toplevel() on ptolemy.moml.MoMLSimpleApplication@ee9d80d
----------------- Done invoking toplevel() on ptolemy.moml.MoMLSimpleApplication@ee9d80d
reloadAllAccessors: .Expression16

===========================================================================================
----------------- testing Mon Dec 09 06:21:30 UTC 2019 /home/travis/build/icyphy/ptII/ptolemy/actor/lib/test/auto/Expression17.xml
----------------- Instantiating /home/travis/build/icyphy/ptII/ptolemy/actor/lib/test/auto/Expression17.xml
3 ms. Memory: 528384K Free: 211958K (40%)
----------------- Invoking toplevel() on ptolemy.moml.MoMLSimpleApplication@6f6d93d4
----------------- Done invoking toplevel() on ptolemy.moml.MoMLSimpleApplication@6f6d93d4
reloadAllAccessors: .Expression17

===========================================================================================
----------------- testing Mon Dec 09 06:21:30 UTC 2019 /home/travis/build/icyphy/ptII/ptolemy/actor/lib/test/auto/Expression18.xml
----------------- Instantiating /home/travis/build/icyphy/ptII/ptolemy/actor/lib/test/auto/Expression18.xml
5 ms. Memory: 528384K Free: 207350K (39%)
----------------- Invoking toplevel() on ptolemy.moml.MoMLSimpleApplication@4b8b248f
----------------- Done invoking toplevel() on ptolemy.moml.MoMLSimpleApplication@4b8b248f
reloadAllAccessors: .Expression18

===========================================================================================
----------------- testing Mon Dec 09 06:21:30 UTC 2019 /home/travis/build/icyphy/ptII/ptolemy/actor/lib/test/auto/Expression2.xml
----------------- Instantiating /home/travis/build/icyphy/ptII/ptolemy/actor/lib/test/auto/Expression2.xml
2 ms. Memory: 528384K Free: 201718K (38%)
----------------- Invoking toplevel() on ptolemy.moml.MoMLSimpleApplication@5b85ed0a
----------------- Done invoking toplevel() on ptolemy.moml.MoMLSimpleApplication@5b85ed0a
reloadAllAccessors: .Expression2

===========================================================================================
----------------- testing Mon Dec 09 06:21:30 UTC 2019 /home/travis/build/icyphy/ptII/ptolemy/actor/lib/test/auto/Expression3.xml
----------------- Instantiating /home/travis/build/icyphy/ptII/ptolemy/actor/lib/test/auto/Expression3.xml
6 ms. Memory: 528384K Free: 196598K (37%)
----------------- Invoking toplevel() on ptolemy.moml.MoMLSimpleApplication@11d6896d
----------------- Done invoking toplevel() on ptolemy.moml.MoMLSimpleApplication@11d6896d
reloadAllAccessors: .Expression3

===========================================================================================
----------------- testing Mon Dec 09 06:21:30 UTC 2019 /home/travis/build/icyphy/ptII/ptolemy/actor/lib/test/auto/Expression4.xml
----------------- Instantiating /home/travis/build/icyphy/ptII/ptolemy/actor/lib/test/auto/Expression4.xml
7 ms. Memory: 528384K Free: 189430K (36%)
----------------- Invoking toplevel() on ptolemy.moml.MoMLSimpleApplication@3d753405
----------------- Done invoking toplevel() on ptolemy.moml.MoMLSimpleApplication@3d753405
reloadAllAccessors: .Expression4

===========================================================================================
----------------- testing Mon Dec 09 06:21:30 UTC 2019 /home/travis/build/icyphy/ptII/ptolemy/actor/lib/test/auto/Expression5.xml
----------------- Instantiating /home/travis/build/icyphy/ptII/ptolemy/actor/lib/test/auto/Expression5.xml
3 ms. Memory: 528384K Free: 184310K (35%)
----------------- Invoking toplevel() on ptolemy.moml.MoMLSimpleApplication@556487de
----------------- Done invoking toplevel() on ptolemy.moml.MoMLSimpleApplication@556487de
reloadAllAccessors: .Expression5

===========================================================================================
----------------- testing Mon Dec 09 06:21:30 UTC 2019 /home/travis/build/icyphy/ptII/ptolemy/actor/lib/test/auto/Expression6.xml
----------------- Instantiating /home/travis/build/icyphy/ptII/ptolemy/actor/lib/test/auto/Expression6.xml
3 ms. Memory: 528384K Free: 180214K (34%)
----------------- Invoking toplevel() on ptolemy.moml.MoMLSimpleApplication@f7a6b40
----------------- Done invoking toplevel() on ptolemy.moml.MoMLSimpleApplication@f7a6b40
reloadAllAccessors: .Expression6

===========================================================================================
----------------- testing Mon Dec 09 06:21:30 UTC 2019 /home/travis/build/icyphy/ptII/ptolemy/actor/lib/test/auto/Expression7.xml
----------------- Instantiating /home/travis/build/icyphy/ptII/ptolemy/actor/lib/test/auto/Expression7.xml
2 ms. Memory: 528384K Free: 175094K (33%)
----------------- Invoking toplevel() on ptolemy.moml.MoMLSimpleApplication@598b45c9
----------------- Done invoking toplevel() on ptolemy.moml.MoMLSimpleApplication@598b45c9
reloadAllAccessors: .Expression7

===========================================================================================
----------------- testing Mon Dec 09 06:21:30 UTC 2019 /home/travis/build/icyphy/ptII/ptolemy/actor/lib/test/auto/Expression8.xml
----------------- Instantiating /home/travis/build/icyphy/ptII/ptolemy/actor/lib/test/auto/Expression8.xml
9 ms. Memory: 528384K Free: 169974K (32%)
----------------- Invoking toplevel() on ptolemy.moml.MoMLSimpleApplication@4a250e5
----------------- Done invoking toplevel() on ptolemy.moml.MoMLSimpleApplication@4a250e5
reloadAllAccessors: .Expression8

===========================================================================================
----------------- testing Mon Dec 09 06:21:30 UTC 2019 /home/travis/build/icyphy/ptII/ptolemy/actor/lib/test/auto/Expression9.xml
----------------- Instantiating /home/travis/build/icyphy/ptII/ptolemy/actor/lib/test/auto/Expression9.xml
1 ms. Memory: 528384K Free: 479745K (91%)
----------------- Invoking toplevel() on ptolemy.moml.MoMLSimpleApplication@44ff7ab0
----------------- Done invoking toplevel() on ptolemy.moml.MoMLSimpleApplication@44ff7ab0
reloadAllAccessors: .Expression9

===========================================================================================
----------------- testing Mon Dec 09 06:21:30 UTC 2019 /home/travis/build/icyphy/ptII/ptolemy/actor/lib/test/auto/ExpressionConcatenateArrayType.xml
----------------- Instantiating /home/travis/build/icyphy/ptII/ptolemy/actor/lib/test/auto/ExpressionConcatenateArrayType.xml
3 ms. Memory: 528384K Free: 472862K (89%)
----------------- Invoking toplevel() on ptolemy.moml.MoMLSimpleApplication@6cf243c
----------------- Done invoking toplevel() on ptolemy.moml.MoMLSimpleApplication@6cf243c
reloadAllAccessors: .ExpressionConcatenateArrayType

===========================================================================================
----------------- testing Mon Dec 09 06:21:30 UTC 2019 /home/travis/build/icyphy/ptII/ptolemy/actor/lib/test/auto/ExpressionConcatenateArrayType2.xml
----------------- Instantiating /home/travis/build/icyphy/ptII/ptolemy/actor/lib/test/auto/ExpressionConcatenateArrayType2.xml
2 ms. Memory: 528384K Free: 467742K (89%)
----------------- Invoking toplevel() on ptolemy.moml.MoMLSimpleApplication@10a94fe7
----------------- Done invoking toplevel() on ptolemy.moml.MoMLSimpleApplication@10a94fe7
reloadAllAccessors: .ExpressionConcatenateArrayType2

===========================================================================================
----------------- testing Mon Dec 09 06:21:30 UTC 2019 /home/travis/build/icyphy/ptII/ptolemy/actor/lib/test/auto/ExpressionFix.xml
----------------- Instantiating /home/travis/build/icyphy/ptII/ptolemy/actor/lib/test/auto/ExpressionFix.xml
24 ms. Memory: 528384K Free: 461088K (87%)
----------------- Invoking toplevel() on ptolemy.moml.MoMLSimpleApplication@4e8bbc9e
----------------- Done invoking toplevel() on ptolemy.moml.MoMLSimpleApplication@4e8bbc9e
reloadAllAccessors: .ExpressionFix

===========================================================================================
----------------- testing Mon Dec 09 06:21:30 UTC 2019 /home/travis/build/icyphy/ptII/ptolemy/actor/lib/test/auto/ExpressionFix2.xml
----------------- Instantiating /home/travis/build/icyphy/ptII/ptolemy/actor/lib/test/auto/ExpressionFix2.xml
5 ms. Memory: 528384K Free: 457502K (87%)
----------------- Invoking toplevel() on ptolemy.moml.MoMLSimpleApplication@1c6afe5e
----------------- Done invoking toplevel() on ptolemy.moml.MoMLSimpleApplication@1c6afe5e
reloadAllAccessors: .ExpressionFix2

===========================================================================================
----------------- testing Mon Dec 09 06:21:30 UTC 2019 /home/travis/build/icyphy/ptII/ptolemy/actor/lib/test/auto/ExpressionFix3.xml
----------------- Instantiating /home/travis/build/icyphy/ptII/ptolemy/actor/lib/test/auto/ExpressionFix3.xml
3 ms. Memory: 528384K Free: 452896K (86%)
----------------- Invoking toplevel() on ptolemy.moml.MoMLSimpleApplication@bf4d65e
----------------- Done invoking toplevel() on ptolemy.moml.MoMLSimpleApplication@bf4d65e
reloadAllAccessors: .ExpressionFix3

===========================================================================================
----------------- testing Mon Dec 09 06:21:30 UTC 2019 /home/travis/build/icyphy/ptII/ptolemy/actor/lib/test/auto/FileWriter1.xml
----------------- Instantiating /home/travis/build/icyphy/ptII/ptolemy/actor/lib/test/auto/FileWriter1.xml
2 ms. Memory: 528384K Free: 448800K (85%)
----------------- Invoking toplevel() on ptolemy.moml.MoMLSimpleApplication@482df2e7
----------------- Done invoking toplevel() on ptolemy.moml.MoMLSimpleApplication@482df2e7
reloadAllAccessors: .FileWriter1

===========================================================================================
----------------- testing Mon Dec 09 06:21:30 UTC 2019 /home/travis/build/icyphy/ptII/ptolemy/actor/lib/test/auto/FileWriter2.xml
----------------- Instantiating /home/travis/build/icyphy/ptII/ptolemy/actor/lib/test/auto/FileWriter2.xml
2 ms. Memory: 528384K Free: 444704K (84%)
----------------- Invoking toplevel() on ptolemy.moml.MoMLSimpleApplication@6678e13c
----------------- Done invoking toplevel() on ptolemy.moml.MoMLSimpleApplication@6678e13c
reloadAllAccessors: .FileWriter2

===========================================================================================
----------------- testing Mon Dec 09 06:21:30 UTC 2019 /home/travis/build/icyphy/ptII/ptolemy/actor/lib/test/auto/FileWriter3.xml
----------------- Instantiating /home/travis/build/icyphy/ptII/ptolemy/actor/lib/test/auto/FileWriter3.xml
5 ms. Memory: 528384K Free: 440608K (83%)
----------------- Invoking toplevel() on ptolemy.moml.MoMLSimpleApplication@64ee723
----------------- Done invoking toplevel() on ptolemy.moml.MoMLSimpleApplication@64ee723
reloadAllAccessors: .FileWriter3

===========================================================================================
----------------- testing Mon Dec 09 06:21:30 UTC 2019 /home/travis/build/icyphy/ptII/ptolemy/actor/lib/test/auto/Gaussian.xml
----------------- Instantiating /home/travis/build/icyphy/ptII/ptolemy/actor/lib/test/auto/Gaussian.xml
3 ms. Memory: 528384K Free: 435998K (83%)
----------------- Invoking toplevel() on ptolemy.moml.MoMLSimpleApplication@59917d46
----------------- Done invoking toplevel() on ptolemy.moml.MoMLSimpleApplication@59917d46
reloadAllAccessors: .Gaussian

===========================================================================================
----------------- testing Mon Dec 09 06:21:30 UTC 2019 /home/travis/build/icyphy/ptII/ptolemy/actor/lib/test/auto/Gaussian1.xml
----------------- Instantiating /home/travis/build/icyphy/ptII/ptolemy/actor/lib/test/auto/Gaussian1.xml
12 ms. Memory: 528384K Free: 430848K (82%)
----------------- Invoking toplevel() on ptolemy.moml.MoMLSimpleApplication@213dea49
----------------- Done invoking toplevel() on ptolemy.moml.MoMLSimpleApplication@213dea49
reloadAllAccessors: .Gaussian1

===========================================================================================
----------------- testing Mon Dec 09 06:21:30 UTC 2019 /home/travis/build/icyphy/ptII/ptolemy/actor/lib/test/auto/Gaussian2.xml
----------------- Instantiating /home/travis/build/icyphy/ptII/ptolemy/actor/lib/test/auto/Gaussian2.xml
2 ms. Memory: 528384K Free: 425248K (80%)
----------------- Invoking toplevel() on ptolemy.moml.MoMLSimpleApplication@2f86aba7
----------------- Done invoking toplevel() on ptolemy.moml.MoMLSimpleApplication@2f86aba7
reloadAllAccessors: .Gaussian2

===========================================================================================
----------------- testing Mon Dec 09 06:21:30 UTC 2019 /home/travis/build/icyphy/ptII/ptolemy/actor/lib/test/auto/GradientAdaptiveLattice.xml
----------------- Instantiating /home/travis/build/icyphy/ptII/ptolemy/actor/lib/test/auto/GradientAdaptiveLattice.xml
4 ms. Memory: 528384K Free: 420638K (80%)
----------------- Invoking toplevel() on ptolemy.moml.MoMLSimpleApplication@60955a70
----------------- Done invoking toplevel() on ptolemy.moml.MoMLSimpleApplication@60955a70
reloadAllAccessors: .GradientAdaptiveLattice

===========================================================================================
----------------- testing Mon Dec 09 06:21:30 UTC 2019 /home/travis/build/icyphy/ptII/ptolemy/actor/lib/test/auto/IIR.xml
----------------- Instantiating /home/travis/build/icyphy/ptII/ptolemy/actor/lib/test/auto/IIR.xml
1 ms. Memory: 528384K Free: 416032K (79%)
----------------- Invoking toplevel() on ptolemy.moml.MoMLSimpleApplication@5b794cfe
----------------- Done invoking toplevel() on ptolemy.moml.MoMLSimpleApplication@5b794cfe
reloadAllAccessors: .IIR

===========================================================================================
----------------- testing Mon Dec 09 06:21:30 UTC 2019 /home/travis/build/icyphy/ptII/ptolemy/actor/lib/test/auto/InputOutputTransparentPorts.xml
----------------- Instantiating /home/travis/build/icyphy/ptII/ptolemy/actor/lib/test/auto/InputOutputTransparentPorts.xml
2 ms. Memory: 528384K Free: 408350K (77%)
----------------- Invoking toplevel() on ptolemy.moml.MoMLSimpleApplication@5e202286
----------------- Done invoking toplevel() on ptolemy.moml.MoMLSimpleApplication@5e202286
reloadAllAccessors: .InputOutputTransparentPorts

===========================================================================================
----------------- testing Mon Dec 09 06:21:30 UTC 2019 /home/travis/build/icyphy/ptII/ptolemy/actor/lib/test/auto/Interpolator.xml
----------------- Instantiating /home/travis/build/icyphy/ptII/ptolemy/actor/lib/test/auto/Interpolator.xml
4 ms. Memory: 528384K Free: 404254K (77%)
----------------- Invoking toplevel() on ptolemy.moml.MoMLSimpleApplication@1a48666e
----------------- Done invoking toplevel() on ptolemy.moml.MoMLSimpleApplication@1a48666e
reloadAllAccessors: .Interpolator

===========================================================================================
----------------- testing Mon Dec 09 06:21:30 UTC 2019 /home/travis/build/icyphy/ptII/ptolemy/actor/lib/test/auto/InterpolatorFiringLimitDE.xml
----------------- Instantiating /home/travis/build/icyphy/ptII/ptolemy/actor/lib/test/auto/InterpolatorFiringLimitDE.xml
2 ms. Memory: 528384K Free: 397600K (75%)
----------------- Invoking toplevel() on ptolemy.moml.MoMLSimpleApplication@52fdfd8a
----------------- Done invoking toplevel() on ptolemy.moml.MoMLSimpleApplication@52fdfd8a
reloadAllAccessors: .InterpolatorFiringLimitDE

===========================================================================================
----------------- testing Mon Dec 09 06:21:31 UTC 2019 /home/travis/build/icyphy/ptII/ptolemy/actor/lib/test/auto/Lattice.xml
----------------- Instantiating /home/travis/build/icyphy/ptII/ptolemy/actor/lib/test/auto/Lattice.xml
1 ms. Memory: 528384K Free: 393504K (74%)
----------------- Invoking toplevel() on ptolemy.moml.MoMLSimpleApplication@64bdc02b
----------------- Done invoking toplevel() on ptolemy.moml.MoMLSimpleApplication@64bdc02b
reloadAllAccessors: .Lattice

===========================================================================================
----------------- testing Mon Dec 09 06:21:31 UTC 2019 /home/travis/build/icyphy/ptII/ptolemy/actor/lib/test/auto/LazyAOCTestLazy.xml
----------------- Instantiating /home/travis/build/icyphy/ptII/ptolemy/actor/lib/test/auto/LazyAOCTestLazy.xml
22 ms. Memory: 528384K Free: 387870K (73%)
----------------- Invoking toplevel() on ptolemy.moml.MoMLSimpleApplication@463058a6
----------------- Done invoking toplevel() on ptolemy.moml.MoMLSimpleApplication@463058a6
reloadAllAccessors: .LazyAOCTestLazy

===========================================================================================
----------------- testing Mon Dec 09 06:21:31 UTC 2019 /home/travis/build/icyphy/ptII/ptolemy/actor/lib/test/auto/LazyAOCTestNonLazy.xml
----------------- Instantiating /home/travis/build/icyphy/ptII/ptolemy/actor/lib/test/auto/LazyAOCTestNonLazy.xml
2 ms. Memory: 528384K Free: 381726K (72%)
----------------- Invoking toplevel() on ptolemy.moml.MoMLSimpleApplication@43cf4ff1
----------------- Done invoking toplevel() on ptolemy.moml.MoMLSimpleApplication@43cf4ff1
reloadAllAccessors: .LazyAOCTestNonLazy

===========================================================================================
----------------- testing Mon Dec 09 06:21:31 UTC 2019 /home/travis/build/icyphy/ptII/ptolemy/actor/lib/test/auto/LazyInnerClass.xml
----------------- Instantiating /home/travis/build/icyphy/ptII/ptolemy/actor/lib/test/auto/LazyInnerClass.xml
28 ms. Memory: 528384K Free: 373024K (71%)
----------------- Invoking toplevel() on ptolemy.moml.MoMLSimpleApplication@6a1fe05d
----------------- Done invoking toplevel() on ptolemy.moml.MoMLSimpleApplication@6a1fe05d
reloadAllAccessors: .LazyInnerClass

===========================================================================================
----------------- testing Mon Dec 09 06:21:31 UTC 2019 /home/travis/build/icyphy/ptII/ptolemy/actor/lib/test/auto/LazyPubSub.xml
----------------- Instantiating /home/travis/build/icyphy/ptII/ptolemy/actor/lib/test/auto/LazyPubSub.xml
21 ms. Memory: 528384K Free: 362784K (69%)
----------------- Invoking toplevel() on ptolemy.moml.MoMLSimpleApplication@2f70c803
----------------- Done invoking toplevel() on ptolemy.moml.MoMLSimpleApplication@2f70c803
reloadAllAccessors: .LazyPubSub

===========================================================================================
----------------- testing Mon Dec 09 06:21:31 UTC 2019 /home/travis/build/icyphy/ptII/ptolemy/actor/lib/test/auto/LazyPubSub2.xml
----------------- Instantiating /home/travis/build/icyphy/ptII/ptolemy/actor/lib/test/auto/LazyPubSub2.xml
13 ms. Memory: 528384K Free: 353054K (67%)
----------------- Invoking toplevel() on ptolemy.moml.MoMLSimpleApplication@37a2d7a0
----------------- Done invoking toplevel() on ptolemy.moml.MoMLSimpleApplication@37a2d7a0
reloadAllAccessors: .LazyPubSub2

===========================================================================================
----------------- testing Mon Dec 09 06:21:31 UTC 2019 /home/travis/build/icyphy/ptII/ptolemy/actor/lib/test/auto/LazyPubSub3.xml
----------------- Instantiating /home/travis/build/icyphy/ptII/ptolemy/actor/lib/test/auto/LazyPubSub3.xml
15 ms. Memory: 528384K Free: 342814K (65%)
----------------- Invoking toplevel() on ptolemy.moml.MoMLSimpleApplication@5a103406
----------------- Done invoking toplevel() on ptolemy.moml.MoMLSimpleApplication@5a103406
reloadAllAccessors: .LazyPubSub3

===========================================================================================
----------------- testing Mon Dec 09 06:21:31 UTC 2019 /home/travis/build/icyphy/ptII/ptolemy/actor/lib/test/auto/LazySubClassModel.xml
----------------- Instantiating /home/travis/build/icyphy/ptII/ptolemy/actor/lib/test/auto/LazySubClassModel.xml
2 ms. Memory: 528384K Free: 334112K (63%)
----------------- Invoking toplevel() on ptolemy.moml.MoMLSimpleApplication@256db2a9
----------------- Done invoking toplevel() on ptolemy.moml.MoMLSimpleApplication@256db2a9
reloadAllAccessors: .LazySubClassModel

===========================================================================================
----------------- testing Mon Dec 09 06:21:31 UTC 2019 /home/travis/build/icyphy/ptII/ptolemy/actor/lib/test/auto/LevelCrossTest1.xml
----------------- Instantiating /home/travis/build/icyphy/ptII/ptolemy/actor/lib/test/auto/LevelCrossTest1.xml
2 ms. Memory: 528384K Free: 328478K (62%)
----------------- Invoking toplevel() on ptolemy.moml.MoMLSimpleApplication@419647f4
----------------- Done invoking toplevel() on ptolemy.moml.MoMLSimpleApplication@419647f4
reloadAllAccessors: .broken

===========================================================================================
----------------- testing Mon Dec 09 06:21:31 UTC 2019 /home/travis/build/icyphy/ptII/ptolemy/actor/lib/test/auto/LevelCrossTest10.xml
----------------- Instantiating /home/travis/build/icyphy/ptII/ptolemy/actor/lib/test/auto/LevelCrossTest10.xml
1 ms. Memory: 528384K Free: 321310K (61%)
----------------- Invoking toplevel() on ptolemy.moml.MoMLSimpleApplication@7a9b5847
----------------- Done invoking toplevel() on ptolemy.moml.MoMLSimpleApplication@7a9b5847
reloadAllAccessors: .LevelCrossTest10

===========================================================================================
----------------- testing Mon Dec 09 06:21:31 UTC 2019 /home/travis/build/icyphy/ptII/ptolemy/actor/lib/test/auto/LevelCrossTest11.xml
----------------- Instantiating /home/travis/build/icyphy/ptII/ptolemy/actor/lib/test/auto/LevelCrossTest11.xml
2 ms. Memory: 528384K Free: 315166K (60%)
----------------- Invoking toplevel() on ptolemy.moml.MoMLSimpleApplication@236dc777
----------------- Done invoking toplevel() on ptolemy.moml.MoMLSimpleApplication@236dc777
reloadAllAccessors: .LevelCrossTest11

===========================================================================================
----------------- testing Mon Dec 09 06:21:31 UTC 2019 /home/travis/build/icyphy/ptII/ptolemy/actor/lib/test/auto/LevelCrossTest12.xml
----------------- Instantiating /home/travis/build/icyphy/ptII/ptolemy/actor/lib/test/auto/LevelCrossTest12.xml
2 ms. Memory: 528384K Free: 307488K (58%)
----------------- Invoking toplevel() on ptolemy.moml.MoMLSimpleApplication@78e8291
----------------- Done invoking toplevel() on ptolemy.moml.MoMLSimpleApplication@78e8291
reloadAllAccessors: .LevelCrossTest12

===========================================================================================
----------------- testing Mon Dec 09 06:21:31 UTC 2019 /home/travis/build/icyphy/ptII/ptolemy/actor/lib/test/auto/LevelCrossTest13.xml
----------------- Instantiating /home/travis/build/icyphy/ptII/ptolemy/actor/lib/test/auto/LevelCrossTest13.xml
2 ms. Memory: 528384K Free: 299806K (57%)
----------------- Invoking toplevel() on ptolemy.moml.MoMLSimpleApplication@315402b3
----------------- Done invoking toplevel() on ptolemy.moml.MoMLSimpleApplication@315402b3
reloadAllAccessors: .LevelCrossTest13

===========================================================================================
----------------- testing Mon Dec 09 06:21:31 UTC 2019 /home/travis/build/icyphy/ptII/ptolemy/actor/lib/test/auto/LevelCrossTest2.xml
----------------- Instantiating /home/travis/build/icyphy/ptII/ptolemy/actor/lib/test/auto/LevelCrossTest2.xml
2 ms. Memory: 528384K Free: 294176K (56%)
----------------- Invoking toplevel() on ptolemy.moml.MoMLSimpleApplication@3ee5bb09
----------------- Done invoking toplevel() on ptolemy.moml.MoMLSimpleApplication@3ee5bb09
reloadAllAccessors: .broken

===========================================================================================
----------------- testing Mon Dec 09 06:21:31 UTC 2019 /home/travis/build/icyphy/ptII/ptolemy/actor/lib/test/auto/LevelCrossTest3.xml
----------------- Instantiating /home/travis/build/icyphy/ptII/ptolemy/actor/lib/test/auto/LevelCrossTest3.xml
1 ms. Memory: 528384K Free: 287518K (54%)
----------------- Invoking toplevel() on ptolemy.moml.MoMLSimpleApplication@3469332b
----------------- Done invoking toplevel() on ptolemy.moml.MoMLSimpleApplication@3469332b
reloadAllAccessors: .LevelCrossTest3

===========================================================================================
----------------- testing Mon Dec 09 06:21:31 UTC 2019 /home/travis/build/icyphy/ptII/ptolemy/actor/lib/test/auto/LevelCrossTest4.xml
----------------- Instantiating /home/travis/build/icyphy/ptII/ptolemy/actor/lib/test/auto/LevelCrossTest4.xml
2 ms. Memory: 528384K Free: 281888K (53%)
----------------- Invoking toplevel() on ptolemy.moml.MoMLSimpleApplication@525a7fae
----------------- Done invoking toplevel() on ptolemy.moml.MoMLSimpleApplication@525a7fae
reloadAllAccessors: .broken

===========================================================================================
----------------- testing Mon Dec 09 06:21:31 UTC 2019 /home/travis/build/icyphy/ptII/ptolemy/actor/lib/test/auto/LevelCrossTest5.xml
----------------- Instantiating /home/travis/build/icyphy/ptII/ptolemy/actor/lib/test/auto/LevelCrossTest5.xml
4 ms. Memory: 528384K Free: 275744K (52%)
----------------- Invoking toplevel() on ptolemy.moml.MoMLSimpleApplication@3ead6f44
----------------- Done invoking toplevel() on ptolemy.moml.MoMLSimpleApplication@3ead6f44
reloadAllAccessors: .LevelCrossTest5

===========================================================================================
----------------- testing Mon Dec 09 06:21:31 UTC 2019 /home/travis/build/icyphy/ptII/ptolemy/actor/lib/test/auto/LevelCrossTest6.xml
----------------- Instantiating /home/travis/build/icyphy/ptII/ptolemy/actor/lib/test/auto/LevelCrossTest6.xml
1 ms. Memory: 528384K Free: 269086K (51%)
----------------- Invoking toplevel() on ptolemy.moml.MoMLSimpleApplication@26f6f296
----------------- Done invoking toplevel() on ptolemy.moml.MoMLSimpleApplication@26f6f296
reloadAllAccessors: .LevelCrossTest6

===========================================================================================
----------------- testing Mon Dec 09 06:21:31 UTC 2019 /home/travis/build/icyphy/ptII/ptolemy/actor/lib/test/auto/LevelCrossTest7.xml
----------------- Instantiating /home/travis/build/icyphy/ptII/ptolemy/actor/lib/test/auto/LevelCrossTest7.xml
1 ms. Memory: 528384K Free: 261408K (49%)
----------------- Invoking toplevel() on ptolemy.moml.MoMLSimpleApplication@370b86d5
----------------- Done invoking toplevel() on ptolemy.moml.MoMLSimpleApplication@370b86d5
reloadAllAccessors: .LevelCrossTest7

===========================================================================================
----------------- testing Mon Dec 09 06:21:31 UTC 2019 /home/travis/build/icyphy/ptII/ptolemy/actor/lib/test/auto/LevelCrossTest8.xml
----------------- Instantiating /home/travis/build/icyphy/ptII/ptolemy/actor/lib/test/auto/LevelCrossTest8.xml
1 ms. Memory: 528384K Free: 254750K (48%)
----------------- Invoking toplevel() on ptolemy.moml.MoMLSimpleApplication@3942e823
----------------- Done invoking toplevel() on ptolemy.moml.MoMLSimpleApplication@3942e823
reloadAllAccessors: .LevelCrossTest8

===========================================================================================
----------------- testing Mon Dec 09 06:21:31 UTC 2019 /home/travis/build/icyphy/ptII/ptolemy/actor/lib/test/auto/LevelCrossTest9.xml
----------------- Instantiating /home/travis/build/icyphy/ptII/ptolemy/actor/lib/test/auto/LevelCrossTest9.xml
2 ms. Memory: 528384K Free: 246558K (47%)
----------------- Invoking toplevel() on ptolemy.moml.MoMLSimpleApplication@4e9e32c8
----------------- Done invoking toplevel() on ptolemy.moml.MoMLSimpleApplication@4e9e32c8
reloadAllAccessors: .LevelCrossTest9

===========================================================================================
----------------- testing Mon Dec 09 06:21:31 UTC 2019 /home/travis/build/icyphy/ptII/ptolemy/actor/lib/test/auto/LevinsonDurbin.xml
----------------- Instantiating /home/travis/build/icyphy/ptII/ptolemy/actor/lib/test/auto/LevinsonDurbin.xml
9 ms. Memory: 528384K Free: 242462K (46%)
----------------- Invoking toplevel() on ptolemy.moml.MoMLSimpleApplication@45b4b294
----------------- Done invoking toplevel() on ptolemy.moml.MoMLSimpleApplication@45b4b294
reloadAllAccessors: .LevinsonDurbin

===========================================================================================
----------------- testing Mon Dec 09 06:21:31 UTC 2019 /home/travis/build/icyphy/ptII/ptolemy/actor/lib/test/auto/LevinsonDurbin2.xml
----------------- Instantiating /home/travis/build/icyphy/ptII/ptolemy/actor/lib/test/auto/LevinsonDurbin2.xml
3 ms. Memory: 528384K Free: 238366K (45%)
----------------- Invoking toplevel() on ptolemy.moml.MoMLSimpleApplication@5cd1b044
----------------- Done invoking toplevel() on ptolemy.moml.MoMLSimpleApplication@5cd1b044
reloadAllAccessors: .LevinsonDurbin2

===========================================================================================
----------------- testing Mon Dec 09 06:21:31 UTC 2019 /home/travis/build/icyphy/ptII/ptolemy/actor/lib/test/auto/LevinsonDurbin3.xml
----------------- Instantiating /home/travis/build/icyphy/ptII/ptolemy/actor/lib/test/auto/LevinsonDurbin3.xml
2 ms. Memory: 528384K Free: 234784K (44%)
----------------- Invoking toplevel() on ptolemy.moml.MoMLSimpleApplication@4419493d
----------------- Done invoking toplevel() on ptolemy.moml.MoMLSimpleApplication@4419493d
reloadAllAccessors: .LevinsonDurbin3

===========================================================================================
----------------- testing Mon Dec 09 06:21:31 UTC 2019 /home/travis/build/icyphy/ptII/ptolemy/actor/lib/test/auto/Limiter.xml
----------------- Instantiating /home/travis/build/icyphy/ptII/ptolemy/actor/lib/test/auto/Limiter.xml
19 ms. Memory: 528384K Free: 225568K (43%)
----------------- Invoking toplevel() on ptolemy.moml.MoMLSimpleApplication@27086d44
----------------- Done invoking toplevel() on ptolemy.moml.MoMLSimpleApplication@27086d44
reloadAllAccessors: .Limiter

===========================================================================================
----------------- testing Mon Dec 09 06:21:31 UTC 2019 /home/travis/build/icyphy/ptII/ptolemy/actor/lib/test/auto/LinearDifferenceEquationSystem.xml
----------------- Instantiating /home/travis/build/icyphy/ptII/ptolemy/actor/lib/test/auto/LinearDifferenceEquationSystem.xml
4 ms. Memory: 528384K Free: 218400K (41%)
----------------- Invoking toplevel() on ptolemy.moml.MoMLSimpleApplication@516c032e
----------------- Done invoking toplevel() on ptolemy.moml.MoMLSimpleApplication@516c032e
reloadAllAccessors: .LinearDifferenceEquationSystem

===========================================================================================
----------------- testing Mon Dec 09 06:21:31 UTC 2019 /home/travis/build/icyphy/ptII/ptolemy/actor/lib/test/auto/LookupTable.xml
----------------- Instantiating /home/travis/build/icyphy/ptII/ptolemy/actor/lib/test/auto/LookupTable.xml
2 ms. Memory: 528384K Free: 214304K (41%)
----------------- Invoking toplevel() on ptolemy.moml.MoMLSimpleApplication@5ee97024
----------------- Done invoking toplevel() on ptolemy.moml.MoMLSimpleApplication@5ee97024
reloadAllAccessors: .LookupTable

===========================================================================================
----------------- testing Mon Dec 09 06:21:31 UTC 2019 /home/travis/build/icyphy/ptII/ptolemy/actor/lib/test/auto/MathFunction.xml
----------------- Instantiating /home/travis/build/icyphy/ptII/ptolemy/actor/lib/test/auto/MathFunction.xml
2 ms. Memory: 528384K Free: 206112K (39%)
----------------- Invoking toplevel() on ptolemy.moml.MoMLSimpleApplication@3e7b7c51
----------------- Done invoking toplevel() on ptolemy.moml.MoMLSimpleApplication@3e7b7c51
reloadAllAccessors: .MathFunction

===========================================================================================
----------------- testing Mon Dec 09 06:21:31 UTC 2019 /home/travis/build/icyphy/ptII/ptolemy/actor/lib/test/auto/MathFunction2.xml
----------------- Instantiating /home/travis/build/icyphy/ptII/ptolemy/actor/lib/test/auto/MathFunction2.xml
4 ms. Memory: 528384K Free: 202016K (38%)
----------------- Invoking toplevel() on ptolemy.moml.MoMLSimpleApplication@46598acc
----------------- Done invoking toplevel() on ptolemy.moml.MoMLSimpleApplication@46598acc
reloadAllAccessors: .MathFunction2

===========================================================================================
----------------- testing Mon Dec 09 06:21:31 UTC 2019 /home/travis/build/icyphy/ptII/ptolemy/actor/lib/test/auto/MathFunction3.xml
----------------- Instantiating /home/travis/build/icyphy/ptII/ptolemy/actor/lib/test/auto/MathFunction3.xml
2 ms. Memory: 528384K Free: 194848K (37%)
----------------- Invoking toplevel() on ptolemy.moml.MoMLSimpleApplication@1f81866c
----------------- Done invoking toplevel() on ptolemy.moml.MoMLSimpleApplication@1f81866c
reloadAllAccessors: .MathFunction3

===========================================================================================
----------------- testing Mon Dec 09 06:21:31 UTC 2019 /home/travis/build/icyphy/ptII/ptolemy/actor/lib/test/auto/MatrixCropBoolean.xml
----------------- Instantiating /home/travis/build/icyphy/ptII/ptolemy/actor/lib/test/auto/MatrixCropBoolean.xml
1 ms. Memory: 528384K Free: 190752K (36%)
----------------- Invoking toplevel() on ptolemy.moml.MoMLSimpleApplication@104d765e
----------------- Done invoking toplevel() on ptolemy.moml.MoMLSimpleApplication@104d765e
reloadAllAccessors: .MatrixCropBoolean

===========================================================================================
----------------- testing Mon Dec 09 06:21:31 UTC 2019 /home/travis/build/icyphy/ptII/ptolemy/actor/lib/test/auto/MatrixCropComplex.xml
----------------- Instantiating /home/travis/build/icyphy/ptII/ptolemy/actor/lib/test/auto/MatrixCropComplex.xml
2 ms. Memory: 528384K Free: 185632K (35%)
----------------- Invoking toplevel() on ptolemy.moml.MoMLSimpleApplication@202e5032
----------------- Done invoking toplevel() on ptolemy.moml.MoMLSimpleApplication@202e5032
reloadAllAccessors: .MatrixCropComplex

===========================================================================================
----------------- testing Mon Dec 09 06:21:31 UTC 2019 /home/travis/build/icyphy/ptII/ptolemy/actor/lib/test/auto/MatrixCropDouble.xml
----------------- Instantiating /home/travis/build/icyphy/ptII/ptolemy/actor/lib/test/auto/MatrixCropDouble.xml
2 ms. Memory: 528384K Free: 181016K (34%)
----------------- Invoking toplevel() on ptolemy.moml.MoMLSimpleApplication@152c86a1
----------------- Done invoking toplevel() on ptolemy.moml.MoMLSimpleApplication@152c86a1
reloadAllAccessors: .MatrixCropDouble

===========================================================================================
----------------- testing Mon Dec 09 06:21:31 UTC 2019 /home/travis/build/icyphy/ptII/ptolemy/actor/lib/test/auto/MatrixCropFix.xml
----------------- Instantiating /home/travis/build/icyphy/ptII/ptolemy/actor/lib/test/auto/MatrixCropFix.xml
2 ms. Memory: 528384K Free: 176416K (33%)
----------------- Invoking toplevel() on ptolemy.moml.MoMLSimpleApplication@d910119
----------------- Done invoking toplevel() on ptolemy.moml.MoMLSimpleApplication@d910119
reloadAllAccessors: .MatrixCropFix

===========================================================================================
----------------- testing Mon Dec 09 06:21:31 UTC 2019 /home/travis/build/icyphy/ptII/ptolemy/actor/lib/test/auto/MatrixCropInt.xml
----------------- Instantiating /home/travis/build/icyphy/ptII/ptolemy/actor/lib/test/auto/MatrixCropInt.xml
1 ms. Memory: 528384K Free: 171296K (32%)
----------------- Invoking toplevel() on ptolemy.moml.MoMLSimpleApplication@6ded891
----------------- Done invoking toplevel() on ptolemy.moml.MoMLSimpleApplication@6ded891
reloadAllAccessors: .MatrixCropInt

===========================================================================================
----------------- testing Mon Dec 09 06:21:31 UTC 2019 /home/travis/build/icyphy/ptII/ptolemy/actor/lib/test/auto/MatrixCropLong.xml
----------------- Instantiating /home/travis/build/icyphy/ptII/ptolemy/actor/lib/test/auto/MatrixCropLong.xml
14 ms. Memory: 528384K Free: 479670K (91%)
----------------- Invoking toplevel() on ptolemy.moml.MoMLSimpleApplication@379b7da7
----------------- Done invoking toplevel() on ptolemy.moml.MoMLSimpleApplication@379b7da7
reloadAllAccessors: .MatrixCropLong

===========================================================================================
----------------- testing Mon Dec 09 06:21:31 UTC 2019 /home/travis/build/icyphy/ptII/ptolemy/actor/lib/test/auto/MatrixToArray.xml
----------------- Instantiating /home/travis/build/icyphy/ptII/ptolemy/actor/lib/test/auto/MatrixToArray.xml
7 ms. Memory: 528384K Free: 463796K (88%)
----------------- Invoking toplevel() on ptolemy.moml.MoMLSimpleApplication@26472169
----------------- Done invoking toplevel() on ptolemy.moml.MoMLSimpleApplication@26472169
reloadAllAccessors: .MatrixToArray

===========================================================================================
----------------- testing Mon Dec 09 06:21:32 UTC 2019 /home/travis/build/icyphy/ptII/ptolemy/actor/lib/test/auto/MaxIndex.xml
----------------- Instantiating /home/travis/build/icyphy/ptII/ptolemy/actor/lib/test/auto/MaxIndex.xml
2 ms. Memory: 528384K Free: 458676K (87%)
----------------- Invoking toplevel() on ptolemy.moml.MoMLSimpleApplication@7adefa2
----------------- Done invoking toplevel() on ptolemy.moml.MoMLSimpleApplication@7adefa2
reloadAllAccessors: .MaxIndex

===========================================================================================
----------------- testing Mon Dec 09 06:21:32 UTC 2019 /home/travis/build/icyphy/ptII/ptolemy/actor/lib/test/auto/Maximum.xml
----------------- Instantiating /home/travis/build/icyphy/ptII/ptolemy/actor/lib/test/auto/Maximum.xml
4 ms. Memory: 528384K Free: 452502K (86%)
----------------- Invoking toplevel() on ptolemy.moml.MoMLSimpleApplication@2ea12496
----------------- Done invoking toplevel() on ptolemy.moml.MoMLSimpleApplication@2ea12496
reloadAllAccessors: .Maximum

===========================================================================================
----------------- testing Mon Dec 09 06:21:32 UTC 2019 /home/travis/build/icyphy/ptII/ptolemy/actor/lib/test/auto/MaximumComplex.xml
----------------- Instantiating /home/travis/build/icyphy/ptII/ptolemy/actor/lib/test/auto/MaximumComplex.xml
6 ms. Memory: 528384K Free: 446374K (84%)
----------------- Invoking toplevel() on ptolemy.moml.MoMLSimpleApplication@272016e3
----------------- Done invoking toplevel() on ptolemy.moml.MoMLSimpleApplication@272016e3
reloadAllAccessors: .MaximumComplex

===========================================================================================
----------------- testing Mon Dec 09 06:21:32 UTC 2019 /home/travis/build/icyphy/ptII/ptolemy/actor/lib/test/auto/MethodCallTest.xml
----------------- Instantiating /home/travis/build/icyphy/ptII/ptolemy/actor/lib/test/auto/MethodCallTest.xml
7 ms. Memory: 528384K Free: 439734K (83%)
----------------- Invoking toplevel() on ptolemy.moml.MoMLSimpleApplication@2c9e16cb
----------------- Done invoking toplevel() on ptolemy.moml.MoMLSimpleApplication@2c9e16cb
reloadAllAccessors: .MethodCallTest

===========================================================================================
----------------- testing Mon Dec 09 06:21:32 UTC 2019 /home/travis/build/icyphy/ptII/ptolemy/actor/lib/test/auto/Minimum.xml
----------------- Instantiating /home/travis/build/icyphy/ptII/ptolemy/actor/lib/test/auto/Minimum.xml
3 ms. Memory: 528384K Free: 433062K (82%)
----------------- Invoking toplevel() on ptolemy.moml.MoMLSimpleApplication@3636ecf0
----------------- Done invoking toplevel() on ptolemy.moml.MoMLSimpleApplication@3636ecf0
reloadAllAccessors: .Minimum

===========================================================================================
----------------- testing Mon Dec 09 06:21:32 UTC 2019 /home/travis/build/icyphy/ptII/ptolemy/actor/lib/test/auto/MinimumComplex.xml
----------------- Instantiating /home/travis/build/icyphy/ptII/ptolemy/actor/lib/test/auto/MinimumComplex.xml
3 ms. Memory: 528384K Free: 427446K (81%)
----------------- Invoking toplevel() on ptolemy.moml.MoMLSimpleApplication@1f4f526a
----------------- Done invoking toplevel() on ptolemy.moml.MoMLSimpleApplication@1f4f526a
reloadAllAccessors: .MinimumComplex

===========================================================================================
----------------- testing Mon Dec 09 06:21:32 UTC 2019 /home/travis/build/icyphy/ptII/ptolemy/actor/lib/test/auto/MinimumMultiports.xml
----------------- Instantiating /home/travis/build/icyphy/ptII/ptolemy/actor/lib/test/auto/MinimumMultiports.xml
4 ms. Memory: 528384K Free: 418740K (79%)
----------------- Invoking toplevel() on ptolemy.moml.MoMLSimpleApplication@c3ee95b
----------------- Done invoking toplevel() on ptolemy.moml.MoMLSimpleApplication@c3ee95b
reloadAllAccessors: .MinimumMultiports

===========================================================================================
----------------- testing Mon Dec 09 06:21:32 UTC 2019 /home/travis/build/icyphy/ptII/ptolemy/actor/lib/test/auto/ModifyDate.xml
----------------- Instantiating /home/travis/build/icyphy/ptII/ptolemy/actor/lib/test/auto/ModifyDate.xml
10 ms. Memory: 528384K Free: 405942K (77%)
----------------- Invoking toplevel() on ptolemy.moml.MoMLSimpleApplication@4cdd352b
----------------- Done invoking toplevel() on ptolemy.moml.MoMLSimpleApplication@4cdd352b
reloadAllAccessors: .ModifyDate

===========================================================================================
----------------- testing Mon Dec 09 06:21:32 UTC 2019 /home/travis/build/icyphy/ptII/ptolemy/actor/lib/test/auto/ModifyDate2.xml
----------------- Instantiating /home/travis/build/icyphy/ptII/ptolemy/actor/lib/test/auto/ModifyDate2.xml
3 ms. Memory: 528384K Free: 397236K (75%)
----------------- Invoking toplevel() on ptolemy.moml.MoMLSimpleApplication@798be0bb
----------------- Done invoking toplevel() on ptolemy.moml.MoMLSimpleApplication@798be0bb
reloadAllAccessors: .ModifyDate2

===========================================================================================
----------------- testing Mon Dec 09 06:21:32 UTC 2019 /home/travis/build/icyphy/ptII/ptolemy/actor/lib/test/auto/MovingAverage.xml
----------------- Instantiating /home/travis/build/icyphy/ptII/ptolemy/actor/lib/test/auto/MovingAverage.xml
2 ms. Memory: 528384K Free: 392630K (74%)
----------------- Invoking toplevel() on ptolemy.moml.MoMLSimpleApplication@34d1c299
----------------- Done invoking toplevel() on ptolemy.moml.MoMLSimpleApplication@34d1c299
reloadAllAccessors: .MovingAverage

===========================================================================================
----------------- testing Mon Dec 09 06:21:32 UTC 2019 /home/travis/build/icyphy/ptII/ptolemy/actor/lib/test/auto/MovingMaximum.xml
----------------- Instantiating /home/travis/build/icyphy/ptII/ptolemy/actor/lib/test/auto/MovingMaximum.xml
1 ms. Memory: 528384K Free: 388020K (73%)
----------------- Invoking toplevel() on ptolemy.moml.MoMLSimpleApplication@530c266d
----------------- Done invoking toplevel() on ptolemy.moml.MoMLSimpleApplication@530c266d
reloadAllAccessors: .MovingMaximum

===========================================================================================
----------------- testing Mon Dec 09 06:21:32 UTC 2019 /home/travis/build/icyphy/ptII/ptolemy/actor/lib/test/auto/MultipleLinksToSameRelation.xml
----------------- Instantiating /home/travis/build/icyphy/ptII/ptolemy/actor/lib/test/auto/MultipleLinksToSameRelation.xml
2 ms. Memory: 528384K Free: 383924K (73%)
----------------- Invoking toplevel() on ptolemy.moml.MoMLSimpleApplication@3df34b94
----------------- Done invoking toplevel() on ptolemy.moml.MoMLSimpleApplication@3df34b94
reloadAllAccessors: .MultipleLinksToSameRelation

===========================================================================================
----------------- testing Mon Dec 09 06:21:32 UTC 2019 /home/travis/build/icyphy/ptII/ptolemy/actor/lib/test/auto/MultipleLinksToSameRelationDE.xml
----------------- Instantiating /home/travis/build/icyphy/ptII/ptolemy/actor/lib/test/auto/MultipleLinksToSameRelationDE.xml
5 ms. Memory: 528384K Free: 379318K (72%)
----------------- Invoking toplevel() on ptolemy.moml.MoMLSimpleApplication@ece20a5
----------------- Done invoking toplevel() on ptolemy.moml.MoMLSimpleApplication@ece20a5
reloadAllAccessors: .MultipleLinksToSameRelationDE

===========================================================================================
----------------- testing Mon Dec 09 06:21:32 UTC 2019 /home/travis/build/icyphy/ptII/ptolemy/actor/lib/test/auto/Multiplexor.xml
----------------- Instantiating /home/travis/build/icyphy/ptII/ptolemy/actor/lib/test/auto/Multiplexor.xml
2 ms. Memory: 528384K Free: 373684K (71%)
----------------- Invoking toplevel() on ptolemy.moml.MoMLSimpleApplication@7a69cb0f
----------------- Done invoking toplevel() on ptolemy.moml.MoMLSimpleApplication@7a69cb0f
reloadAllAccessors: .Multiplexor

===========================================================================================
----------------- testing Mon Dec 09 06:21:32 UTC 2019 /home/travis/build/icyphy/ptII/ptolemy/actor/lib/test/auto/Multiplexor1.xml
----------------- Instantiating /home/travis/build/icyphy/ptII/ptolemy/actor/lib/test/auto/Multiplexor1.xml
2 ms. Memory: 528384K Free: 368534K (70%)
----------------- Invoking toplevel() on ptolemy.moml.MoMLSimpleApplication@61d3d37c
----------------- Done invoking toplevel() on ptolemy.moml.MoMLSimpleApplication@61d3d37c
reloadAllAccessors: .Multiplexor1

===========================================================================================
----------------- testing Mon Dec 09 06:21:32 UTC 2019 /home/travis/build/icyphy/ptII/ptolemy/actor/lib/test/auto/Multiplexor2.xml
----------------- Instantiating /home/travis/build/icyphy/ptII/ptolemy/actor/lib/test/auto/Multiplexor2.xml
5 ms. Memory: 528384K Free: 361910K (68%)
----------------- Invoking toplevel() on ptolemy.moml.MoMLSimpleApplication@3685bcb7
----------------- Done invoking toplevel() on ptolemy.moml.MoMLSimpleApplication@3685bcb7
reloadAllAccessors: .Multiplexor2

===========================================================================================
----------------- testing Mon Dec 09 06:21:32 UTC 2019 /home/travis/build/icyphy/ptII/ptolemy/actor/lib/test/auto/Multiplexor3.xml
----------------- Instantiating /home/travis/build/icyphy/ptII/ptolemy/actor/lib/test/auto/Multiplexor3.xml
3 ms. Memory: 528384K Free: 357814K (68%)
----------------- Invoking toplevel() on ptolemy.moml.MoMLSimpleApplication@481b543f
----------------- Done invoking toplevel() on ptolemy.moml.MoMLSimpleApplication@481b543f
reloadAllAccessors: .Multiplexor3

===========================================================================================
----------------- testing Mon Dec 09 06:21:32 UTC 2019 /home/travis/build/icyphy/ptII/ptolemy/actor/lib/test/auto/MultiplexorDE.xml
----------------- Instantiating /home/travis/build/icyphy/ptII/ptolemy/actor/lib/test/auto/MultiplexorDE.xml
3 ms. Memory: 528384K Free: 350102K (66%)
----------------- Invoking toplevel() on ptolemy.moml.MoMLSimpleApplication@475ceaed
----------------- Done invoking toplevel() on ptolemy.moml.MoMLSimpleApplication@475ceaed
reloadAllAccessors: .MultiplexorDE

===========================================================================================
----------------- testing Mon Dec 09 06:21:32 UTC 2019 /home/travis/build/icyphy/ptII/ptolemy/actor/lib/test/auto/MultiportBroadcastTest.xml
----------------- Instantiating /home/travis/build/icyphy/ptII/ptolemy/actor/lib/test/auto/MultiportBroadcastTest.xml
93 ms. Memory: 528384K Free: 343985K (65%)
----------------- Invoking toplevel() on ptolemy.moml.MoMLSimpleApplication@3b3224c9
----------------- Done invoking toplevel() on ptolemy.moml.MoMLSimpleApplication@3b3224c9
reloadAllAccessors: .MultiportBroadcastTest

===========================================================================================
----------------- testing Mon Dec 09 06:21:32 UTC 2019 /home/travis/build/icyphy/ptII/ptolemy/actor/lib/test/auto/MultiportOutHangDuringGetWidth.xml
----------------- Instantiating /home/travis/build/icyphy/ptII/ptolemy/actor/lib/test/auto/MultiportOutHangDuringGetWidth.xml
4 ms. Memory: 528384K Free: 332214K (63%)
----------------- Invoking toplevel() on ptolemy.moml.MoMLSimpleApplication@7010504a
----------------- Done invoking toplevel() on ptolemy.moml.MoMLSimpleApplication@7010504a
reloadAllAccessors: .MultiportOutHangDuringGetWidth

===========================================================================================
----------------- testing Mon Dec 09 06:21:32 UTC 2019 /home/travis/build/icyphy/ptII/ptolemy/actor/lib/test/auto/NilToken.xml
----------------- Instantiating /home/travis/build/icyphy/ptII/ptolemy/actor/lib/test/auto/NilToken.xml
1 ms. Memory: 528384K Free: 328118K (62%)
----------------- Invoking toplevel() on ptolemy.moml.MoMLSimpleApplication@9c0777c
----------------- Done invoking toplevel() on ptolemy.moml.MoMLSimpleApplication@9c0777c
reloadAllAccessors: .NilToken

===========================================================================================
----------------- testing Mon Dec 09 06:21:32 UTC 2019 /home/travis/build/icyphy/ptII/ptolemy/actor/lib/test/auto/NilTokenNonStrictTest.xml
----------------- Instantiating /home/travis/build/icyphy/ptII/ptolemy/actor/lib/test/auto/NilTokenNonStrictTest.xml
2 ms. Memory: 528384K Free: 323508K (61%)
----------------- Invoking toplevel() on ptolemy.moml.MoMLSimpleApplication@307737e3
----------------- Done invoking toplevel() on ptolemy.moml.MoMLSimpleApplication@307737e3
reloadAllAccessors: .NilTokenNonStrictTest

===========================================================================================
----------------- testing Mon Dec 09 06:21:32 UTC 2019 /home/travis/build/icyphy/ptII/ptolemy/actor/lib/test/auto/NilTokenRecord.xml
----------------- Instantiating /home/travis/build/icyphy/ptII/ptolemy/actor/lib/test/auto/NilTokenRecord.xml
5 ms. Memory: 528384K Free: 316854K (60%)
----------------- Invoking toplevel() on ptolemy.moml.MoMLSimpleApplication@50eb781b
----------------- Done invoking toplevel() on ptolemy.moml.MoMLSimpleApplication@50eb781b
reloadAllAccessors: .NilTokenRecord

===========================================================================================
----------------- testing Mon Dec 09 06:21:32 UTC 2019 /home/travis/build/icyphy/ptII/ptolemy/actor/lib/test/auto/NilTokenTypeTest.xml
----------------- Instantiating /home/travis/build/icyphy/ptII/ptolemy/actor/lib/test/auto/NilTokenTypeTest.xml
12 ms. Memory: 528384K Free: 307124K (58%)
----------------- Invoking toplevel() on ptolemy.moml.MoMLSimpleApplication@62232361
----------------- Done invoking toplevel() on ptolemy.moml.MoMLSimpleApplication@62232361
reloadAllAccessors: .NilTokenTypeTest

===========================================================================================
----------------- testing Mon Dec 09 06:21:32 UTC 2019 /home/travis/build/icyphy/ptII/ptolemy/actor/lib/test/auto/ObjectToken1.xml
----------------- Instantiating /home/travis/build/icyphy/ptII/ptolemy/actor/lib/test/auto/ObjectToken1.xml
3 ms. Memory: 528384K Free: 303028K (57%)
----------------- Invoking toplevel() on ptolemy.moml.MoMLSimpleApplication@3f175bf
----------------- Done invoking toplevel() on ptolemy.moml.MoMLSimpleApplication@3f175bf
reloadAllAccessors: .ObjectToken1

===========================================================================================
----------------- testing Mon Dec 09 06:21:32 UTC 2019 /home/travis/build/icyphy/ptII/ptolemy/actor/lib/test/auto/OrderedMerge.xml
----------------- Instantiating /home/travis/build/icyphy/ptII/ptolemy/actor/lib/test/auto/OrderedMerge.xml
11 ms. Memory: 528384K Free: 297908K (56%)
----------------- Invoking toplevel() on ptolemy.moml.MoMLSimpleApplication@3166c1f2
----------------- Done invoking toplevel() on ptolemy.moml.MoMLSimpleApplication@3166c1f2
reloadAllAccessors: .OrderedMerge

===========================================================================================
----------------- testing Mon Dec 09 06:21:32 UTC 2019 /home/travis/build/icyphy/ptII/ptolemy/actor/lib/test/auto/OrderedRecordDisassembler.xml
----------------- Instantiating /home/travis/build/icyphy/ptII/ptolemy/actor/lib/test/auto/OrderedRecordDisassembler.xml
3 ms. Memory: 528384K Free: 292782K (55%)
----------------- Invoking toplevel() on ptolemy.moml.MoMLSimpleApplication@792ae243
----------------- Done invoking toplevel() on ptolemy.moml.MoMLSimpleApplication@792ae243
reloadAllAccessors: .OrderedRecordDisassembler

===========================================================================================
----------------- testing Mon Dec 09 06:21:32 UTC 2019 /home/travis/build/icyphy/ptII/ptolemy/actor/lib/test/auto/OrderedRecordDisassembler2.xml
----------------- Instantiating /home/travis/build/icyphy/ptII/ptolemy/actor/lib/test/auto/OrderedRecordDisassembler2.xml
4 ms. Memory: 528384K Free: 285110K (54%)
----------------- Invoking toplevel() on ptolemy.moml.MoMLSimpleApplication@61ceca83
----------------- Done invoking toplevel() on ptolemy.moml.MoMLSimpleApplication@61ceca83
reloadAllAccessors: .OrderedRecordDisassembler2

===========================================================================================
----------------- testing Mon Dec 09 06:21:32 UTC 2019 /home/travis/build/icyphy/ptII/ptolemy/actor/lib/test/auto/OrderedRecordUpdater.xml
----------------- Instantiating /home/travis/build/icyphy/ptII/ptolemy/actor/lib/test/auto/OrderedRecordUpdater.xml
2 ms. Memory: 528384K Free: 279990K (53%)
----------------- Invoking toplevel() on ptolemy.moml.MoMLSimpleApplication@42483104
----------------- Done invoking toplevel() on ptolemy.moml.MoMLSimpleApplication@42483104
reloadAllAccessors: .RecordUpdater

===========================================================================================
----------------- testing Mon Dec 09 06:21:32 UTC 2019 /home/travis/build/icyphy/ptII/ptolemy/actor/lib/test/auto/OrderedRecordUpdater2.xml
----------------- Instantiating /home/travis/build/icyphy/ptII/ptolemy/actor/lib/test/auto/OrderedRecordUpdater2.xml
2 ms. Memory: 528384K Free: 275380K (52%)
----------------- Invoking toplevel() on ptolemy.moml.MoMLSimpleApplication@6f9cdc81
----------------- Done invoking toplevel() on ptolemy.moml.MoMLSimpleApplication@6f9cdc81
reloadAllAccessors: .RecordUpdater2

===========================================================================================
----------------- testing Mon Dec 09 06:21:32 UTC 2019 /home/travis/build/icyphy/ptII/ptolemy/actor/lib/test/auto/PhaseUnwrap.xml
----------------- Instantiating /home/travis/build/icyphy/ptII/ptolemy/actor/lib/test/auto/PhaseUnwrap.xml
1 ms. Memory: 528384K Free: 271284K (51%)
----------------- Invoking toplevel() on ptolemy.moml.MoMLSimpleApplication@4a196403
----------------- Done invoking toplevel() on ptolemy.moml.MoMLSimpleApplication@4a196403
reloadAllAccessors: .PhaseUnwrap

===========================================================================================
----------------- testing Mon Dec 09 06:21:32 UTC 2019 /home/travis/build/icyphy/ptII/ptolemy/actor/lib/test/auto/PoissonClock.xml
----------------- Instantiating /home/travis/build/icyphy/ptII/ptolemy/actor/lib/test/auto/PoissonClock.xml
2 ms. Memory: 528384K Free: 267188K (51%)
----------------- Invoking toplevel() on ptolemy.moml.MoMLSimpleApplication@6d02874b
----------------- Done invoking toplevel() on ptolemy.moml.MoMLSimpleApplication@6d02874b
reloadAllAccessors: .PoissonClock

===========================================================================================
----------------- testing Mon Dec 09 06:21:32 UTC 2019 /home/travis/build/icyphy/ptII/ptolemy/actor/lib/test/auto/PoissonClock2.xml
----------------- Instantiating /home/travis/build/icyphy/ptII/ptolemy/actor/lib/test/auto/PoissonClock2.xml
2 ms. Memory: 528384K Free: 262582K (50%)
----------------- Invoking toplevel() on ptolemy.moml.MoMLSimpleApplication@7aab43
----------------- Done invoking toplevel() on ptolemy.moml.MoMLSimpleApplication@7aab43
reloadAllAccessors: .PoissonClock2

===========================================================================================
----------------- testing Mon Dec 09 06:21:32 UTC 2019 /home/travis/build/icyphy/ptII/ptolemy/actor/lib/test/auto/PoissonClock3.xml
----------------- Instantiating /home/travis/build/icyphy/ptII/ptolemy/actor/lib/test/auto/PoissonClock3.xml
2 ms. Memory: 528384K Free: 257972K (49%)
----------------- Invoking toplevel() on ptolemy.moml.MoMLSimpleApplication@5dd83711
----------------- Done invoking toplevel() on ptolemy.moml.MoMLSimpleApplication@5dd83711
reloadAllAccessors: .PoissonClock3

===========================================================================================
----------------- testing Mon Dec 09 06:21:32 UTC 2019 /home/travis/build/icyphy/ptII/ptolemy/actor/lib/test/auto/PubSubWithInitialTokens.xml
----------------- Instantiating /home/travis/build/icyphy/ptII/ptolemy/actor/lib/test/auto/PubSubWithInitialTokens.xml
2 ms. Memory: 528384K Free: 252342K (48%)
----------------- Invoking toplevel() on ptolemy.moml.MoMLSimpleApplication@5859b001
----------------- Done invoking toplevel() on ptolemy.moml.MoMLSimpleApplication@5859b001
reloadAllAccessors: .PubSubWithInitialTokens

===========================================================================================
----------------- testing Mon Dec 09 06:21:32 UTC 2019 /home/travis/build/icyphy/ptII/ptolemy/actor/lib/test/auto/PubSubWithInitialTokens2.xml
----------------- Instantiating /home/travis/build/icyphy/ptII/ptolemy/actor/lib/test/auto/PubSubWithInitialTokens2.xml
2 ms. Memory: 528384K Free: 246198K (47%)
----------------- Invoking toplevel() on ptolemy.moml.MoMLSimpleApplication@41914ca8
----------------- Done invoking toplevel() on ptolemy.moml.MoMLSimpleApplication@41914ca8
reloadAllAccessors: .PubSubWithInitialTokens2

===========================================================================================
----------------- testing Mon Dec 09 06:21:32 UTC 2019 /home/travis/build/icyphy/ptII/ptolemy/actor/lib/test/auto/PublisherClassNoParameter.xml
----------------- Instantiating /home/travis/build/icyphy/ptII/ptolemy/actor/lib/test/auto/PublisherClassNoParameter.xml
2 ms. Memory: 528384K Free: 235958K (45%)
----------------- Invoking toplevel() on ptolemy.moml.MoMLSimpleApplication@3f96ecdc
----------------- Done invoking toplevel() on ptolemy.moml.MoMLSimpleApplication@3f96ecdc
reloadAllAccessors: .PublisherClassNoParameter

===========================================================================================
----------------- testing Mon Dec 09 06:21:32 UTC 2019 /home/travis/build/icyphy/ptII/ptolemy/actor/lib/test/auto/PublisherClassParameter.xml
----------------- Instantiating /home/travis/build/icyphy/ptII/ptolemy/actor/lib/test/auto/PublisherClassParameter.xml
2 ms. Memory: 528384K Free: 225718K (43%)
----------------- Invoking toplevel() on ptolemy.moml.MoMLSimpleApplication@4dfba55e
----------------- Done invoking toplevel() on ptolemy.moml.MoMLSimpleApplication@4dfba55e
reloadAllAccessors: .PublisherClassParameter

===========================================================================================
----------------- testing Mon Dec 09 06:21:32 UTC 2019 /home/travis/build/icyphy/ptII/ptolemy/actor/lib/test/auto/PublisherNonStrictTest.xml
----------------- Instantiating /home/travis/build/icyphy/ptII/ptolemy/actor/lib/test/auto/PublisherNonStrictTest.xml
4 ms. Memory: 528384K Free: 218030K (41%)
----------------- Invoking toplevel() on ptolemy.moml.MoMLSimpleApplication@6ef57bd3
----------------- Done invoking toplevel() on ptolemy.moml.MoMLSimpleApplication@6ef57bd3
reloadAllAccessors: .PublisherNonStrictTest

===========================================================================================
----------------- testing Mon Dec 09 06:21:32 UTC 2019 /home/travis/build/icyphy/ptII/ptolemy/actor/lib/test/auto/PublisherPort1.xml
----------------- Instantiating /home/travis/build/icyphy/ptII/ptolemy/actor/lib/test/auto/PublisherPort1.xml
2 ms. Memory: 528384K Free: 212406K (40%)
----------------- Invoking toplevel() on ptolemy.moml.MoMLSimpleApplication@43af8146
----------------- Done invoking toplevel() on ptolemy.moml.MoMLSimpleApplication@43af8146
reloadAllAccessors: .PublisherPort1

===========================================================================================
----------------- testing Mon Dec 09 06:21:32 UTC 2019 /home/travis/build/icyphy/ptII/ptolemy/actor/lib/test/auto/PublisherPort2.xml
----------------- Instantiating /home/travis/build/icyphy/ptII/ptolemy/actor/lib/test/auto/PublisherPort2.xml
13 ms. Memory: 528384K Free: 207286K (39%)
----------------- Invoking toplevel() on ptolemy.moml.MoMLSimpleApplication@7220606a
----------------- Done invoking toplevel() on ptolemy.moml.MoMLSimpleApplication@7220606a
reloadAllAccessors: .PublisherPort2

===========================================================================================
----------------- testing Mon Dec 09 06:21:33 UTC 2019 /home/travis/build/icyphy/ptII/ptolemy/actor/lib/test/auto/PublisherPort3.xml
----------------- Instantiating /home/travis/build/icyphy/ptII/ptolemy/actor/lib/test/auto/PublisherPort3.xml
3 ms. Memory: 528384K Free: 200598K (38%)
----------------- Invoking toplevel() on ptolemy.moml.MoMLSimpleApplication@6ba71c59
----------------- Done invoking toplevel() on ptolemy.moml.MoMLSimpleApplication@6ba71c59
reloadAllAccessors: .PublisherPort3

===========================================================================================
----------------- testing Mon Dec 09 06:21:33 UTC 2019 /home/travis/build/icyphy/ptII/ptolemy/actor/lib/test/auto/PublisherPort4.xml
----------------- Instantiating /home/travis/build/icyphy/ptII/ptolemy/actor/lib/test/auto/PublisherPort4.xml
2 ms. Memory: 528384K Free: 194998K (37%)
----------------- Invoking toplevel() on ptolemy.moml.MoMLSimpleApplication@169e6d4f
----------------- Done invoking toplevel() on ptolemy.moml.MoMLSimpleApplication@169e6d4f
reloadAllAccessors: .PublisherPort4

===========================================================================================
----------------- testing Mon Dec 09 06:21:33 UTC 2019 /home/travis/build/icyphy/ptII/ptolemy/actor/lib/test/auto/PublisherPort5.xml
----------------- Instantiating /home/travis/build/icyphy/ptII/ptolemy/actor/lib/test/auto/PublisherPort5.xml
3 ms. Memory: 528384K Free: 187316K (35%)
----------------- Invoking toplevel() on ptolemy.moml.MoMLSimpleApplication@575acdfb
----------------- Done invoking toplevel() on ptolemy.moml.MoMLSimpleApplication@575acdfb
reloadAllAccessors: .PublisherPort5

===========================================================================================
----------------- testing Mon Dec 09 06:21:33 UTC 2019 /home/travis/build/icyphy/ptII/ptolemy/actor/lib/test/auto/PublisherPort5LookAlike.xml
----------------- Instantiating /home/travis/build/icyphy/ptII/ptolemy/actor/lib/test/auto/PublisherPort5LookAlike.xml
8 ms. Memory: 528384K Free: 180148K (34%)
----------------- Invoking toplevel() on ptolemy.moml.MoMLSimpleApplication@1ff07b82
----------------- Done invoking toplevel() on ptolemy.moml.MoMLSimpleApplication@1ff07b82
reloadAllAccessors: .PublisherPort5LookAlike

===========================================================================================
----------------- testing Mon Dec 09 06:21:33 UTC 2019 /home/travis/build/icyphy/ptII/ptolemy/actor/lib/test/auto/PublisherPort6.xml
----------------- Instantiating /home/travis/build/icyphy/ptII/ptolemy/actor/lib/test/auto/PublisherPort6.xml
2 ms. Memory: 528384K Free: 173494K (33%)
----------------- Invoking toplevel() on ptolemy.moml.MoMLSimpleApplication@5808e60c
----------------- Done invoking toplevel() on ptolemy.moml.MoMLSimpleApplication@5808e60c
reloadAllAccessors: .PublisherPort6

===========================================================================================
----------------- testing Mon Dec 09 06:21:33 UTC 2019 /home/travis/build/icyphy/ptII/ptolemy/actor/lib/test/auto/PublisherPort7.xml
----------------- Instantiating /home/travis/build/icyphy/ptII/ptolemy/actor/lib/test/auto/PublisherPort7.xml
22 ms. Memory: 528384K Free: 478888K (91%)
----------------- Invoking toplevel() on ptolemy.moml.MoMLSimpleApplication@3783d42c
----------------- Done invoking toplevel() on ptolemy.moml.MoMLSimpleApplication@3783d42c
reloadAllAccessors: .PublisherPort7

===========================================================================================
----------------- testing Mon Dec 09 06:21:33 UTC 2019 /home/travis/build/icyphy/ptII/ptolemy/actor/lib/test/auto/PublisherPort8.xml
----------------- Instantiating /home/travis/build/icyphy/ptII/ptolemy/actor/lib/test/auto/PublisherPort8.xml
13 ms. Memory: 528384K Free: 469672K (89%)
----------------- Invoking toplevel() on ptolemy.moml.MoMLSimpleApplication@4f1b88a
----------------- Done invoking toplevel() on ptolemy.moml.MoMLSimpleApplication@4f1b88a
reloadAllAccessors: .PublisherPort8

===========================================================================================
----------------- testing Mon Dec 09 06:21:33 UTC 2019 /home/travis/build/icyphy/ptII/ptolemy/actor/lib/test/auto/PublisherPortSubscriberChannelVariablesAOC2.xml
----------------- Instantiating /home/travis/build/icyphy/ptII/ptolemy/actor/lib/test/auto/PublisherPortSubscriberChannelVariablesAOC2.xml
3 ms. Memory: 528384K Free: 452264K (86%)
----------------- Invoking toplevel() on ptolemy.moml.MoMLSimpleApplication@e38828c
----------------- Done invoking toplevel() on ptolemy.moml.MoMLSimpleApplication@e38828c
reloadAllAccessors: .PublisherPortSubscriberChannelVariablesAOC2

===========================================================================================
----------------- testing Mon Dec 09 06:21:33 UTC 2019 /home/travis/build/icyphy/ptII/ptolemy/actor/lib/test/auto/PublisherPortSubscriberOpaqueWidthInference.xml
----------------- Instantiating /home/travis/build/icyphy/ptII/ptolemy/actor/lib/test/auto/PublisherPortSubscriberOpaqueWidthInference.xml
3 ms. Memory: 528384K Free: 444058K (84%)
----------------- Invoking toplevel() on ptolemy.moml.MoMLSimpleApplication@4e863a89
----------------- Done invoking toplevel() on ptolemy.moml.MoMLSimpleApplication@4e863a89
reloadAllAccessors: .PublisherPortSubscriberOpaqueWidthInference

===========================================================================================
----------------- testing Mon Dec 09 06:21:33 UTC 2019 /home/travis/build/icyphy/ptII/ptolemy/actor/lib/test/auto/PublisherPortSubscriberPortAdjacent.xml
----------------- Instantiating /home/travis/build/icyphy/ptII/ptolemy/actor/lib/test/auto/PublisherPortSubscriberPortAdjacent.xml
7 ms. Memory: 528384K Free: 435880K (82%)
----------------- Invoking toplevel() on ptolemy.moml.MoMLSimpleApplication@5d5f85c8
----------------- Done invoking toplevel() on ptolemy.moml.MoMLSimpleApplication@5d5f85c8
reloadAllAccessors: .PublisherPortSubscriberPortAdjacent

===========================================================================================
----------------- testing Mon Dec 09 06:21:33 UTC 2019 /home/travis/build/icyphy/ptII/ptolemy/actor/lib/test/auto/PublisherPortSubscriberPortExpression.xml
----------------- Instantiating /home/travis/build/icyphy/ptII/ptolemy/actor/lib/test/auto/PublisherPortSubscriberPortExpression.xml
3 ms. Memory: 528384K Free: 428202K (81%)
----------------- Invoking toplevel() on ptolemy.moml.MoMLSimpleApplication@2d8cfb57
----------------- Done invoking toplevel() on ptolemy.moml.MoMLSimpleApplication@2d8cfb57
reloadAllAccessors: .PublisherPortSubscriberPortExpression

===========================================================================================
----------------- testing Mon Dec 09 06:21:33 UTC 2019 /home/travis/build/icyphy/ptII/ptolemy/actor/lib/test/auto/PublisherPortSubscriberPortOpaqueD3Reverse.xml
----------------- Instantiating /home/travis/build/icyphy/ptII/ptolemy/actor/lib/test/auto/PublisherPortSubscriberPortOpaqueD3Reverse.xml
7 ms. Memory: 528384K Free: 417962K (79%)
----------------- Invoking toplevel() on ptolemy.moml.MoMLSimpleApplication@1b8e0a01
----------------- Done invoking toplevel() on ptolemy.moml.MoMLSimpleApplication@1b8e0a01
reloadAllAccessors: .PublisherPortSubscriberPortOpaqueD3Reverse

===========================================================================================
----------------- testing Mon Dec 09 06:21:33 UTC 2019 /home/travis/build/icyphy/ptII/ptolemy/actor/lib/test/auto/PublisherPortSubscriberPortOpaqueWidthInference.xml
----------------- Instantiating /home/travis/build/icyphy/ptII/ptolemy/actor/lib/test/auto/PublisherPortSubscriberPortOpaqueWidthInference.xml
4 ms. Memory: 528384K Free: 410266K (78%)
----------------- Invoking toplevel() on ptolemy.moml.MoMLSimpleApplication@64bd1b3f
----------------- Done invoking toplevel() on ptolemy.moml.MoMLSimpleApplication@64bd1b3f
reloadAllAccessors: .PublisherPortSubscriberPortOpaqueWidthInference

===========================================================================================
----------------- testing Mon Dec 09 06:21:33 UTC 2019 /home/travis/build/icyphy/ptII/ptolemy/actor/lib/test/auto/PublisherPortToplevelSubscriberPortAOC.xml
----------------- Instantiating /home/travis/build/icyphy/ptII/ptolemy/actor/lib/test/auto/PublisherPortToplevelSubscriberPortAOC.xml
.PublisherPortToplevelSubscriberPortAOC.TestExceptionAttribute: initialize() was not invoked, but wrapup() was.  This is unusual, but not always a problem.  For example, exporting JNLP will do this.
1 ms. Memory: 528384K Free: 404650K (77%)
----------------- Invoking toplevel() on ptolemy.moml.MoMLSimpleApplication@3ddfcb43
----------------- Done invoking toplevel() on ptolemy.moml.MoMLSimpleApplication@3ddfcb43
reloadAllAccessors: .PublisherPortToplevelSubscriberPortAOC

===========================================================================================
----------------- testing Mon Dec 09 06:21:33 UTC 2019 /home/travis/build/icyphy/ptII/ptolemy/actor/lib/test/auto/PublisherSubscriber.xml
----------------- Instantiating /home/travis/build/icyphy/ptII/ptolemy/actor/lib/test/auto/PublisherSubscriber.xml
3 ms. Memory: 528384K Free: 396938K (75%)
----------------- Invoking toplevel() on ptolemy.moml.MoMLSimpleApplication@22472a9b
----------------- Done invoking toplevel() on ptolemy.moml.MoMLSimpleApplication@22472a9b
reloadAllAccessors: .PublisherSubscriber

===========================================================================================
----------------- testing Mon Dec 09 06:21:33 UTC 2019 /home/travis/build/icyphy/ptII/ptolemy/actor/lib/test/auto/PublisherSubscriber10.xml
----------------- Instantiating /home/travis/build/icyphy/ptII/ptolemy/actor/lib/test/auto/PublisherSubscriber10.xml
7 ms. Memory: 528384K Free: 387752K (73%)
----------------- Invoking toplevel() on ptolemy.moml.MoMLSimpleApplication@d6bc8c8
----------------- Done invoking toplevel() on ptolemy.moml.MoMLSimpleApplication@d6bc8c8
reloadAllAccessors: .PublisherSubscriber10

===========================================================================================
----------------- testing Mon Dec 09 06:21:33 UTC 2019 /home/travis/build/icyphy/ptII/ptolemy/actor/lib/test/auto/PublisherSubscriber10InitialOutputs.xml
----------------- Instantiating /home/travis/build/icyphy/ptII/ptolemy/actor/lib/test/auto/PublisherSubscriber10InitialOutputs.xml
16 ms. Memory: 528384K Free: 378026K (72%)
----------------- Invoking toplevel() on ptolemy.moml.MoMLSimpleApplication@20f0b70d
----------------- Done invoking toplevel() on ptolemy.moml.MoMLSimpleApplication@20f0b70d
reloadAllAccessors: .PublisherSubscriber10InitialOutputs

===========================================================================================
----------------- testing Mon Dec 09 06:21:33 UTC 2019 /home/travis/build/icyphy/ptII/ptolemy/actor/lib/test/auto/PublisherSubscriber11.xml
----------------- Instantiating /home/travis/build/icyphy/ptII/ptolemy/actor/lib/test/auto/PublisherSubscriber11.xml
3 ms. Memory: 528384K Free: 371882K (70%)
----------------- Invoking toplevel() on ptolemy.moml.MoMLSimpleApplication@d868602
----------------- Done invoking toplevel() on ptolemy.moml.MoMLSimpleApplication@d868602
reloadAllAccessors: .PublisherSubscriber11

===========================================================================================
----------------- testing Mon Dec 09 06:21:33 UTC 2019 /home/travis/build/icyphy/ptII/ptolemy/actor/lib/test/auto/PublisherSubscriber12.xml
----------------- Instantiating /home/travis/build/icyphy/ptII/ptolemy/actor/lib/test/auto/PublisherSubscriber12.xml
5 ms. Memory: 528384K Free: 364714K (69%)
----------------- Invoking toplevel() on ptolemy.moml.MoMLSimpleApplication@1a797de0
----------------- Done invoking toplevel() on ptolemy.moml.MoMLSimpleApplication@1a797de0
reloadAllAccessors: .PublisherSubscriber12

===========================================================================================
----------------- testing Mon Dec 09 06:21:33 UTC 2019 /home/travis/build/icyphy/ptII/ptolemy/actor/lib/test/auto/PublisherSubscriber13.xml
----------------- Instantiating /home/travis/build/icyphy/ptII/ptolemy/actor/lib/test/auto/PublisherSubscriber13.xml
2 ms. Memory: 528384K Free: 359050K (68%)
----------------- Invoking toplevel() on ptolemy.moml.MoMLSimpleApplication@bf42bf0
----------------- Done invoking toplevel() on ptolemy.moml.MoMLSimpleApplication@bf42bf0
reloadAllAccessors: .PublisherSubscriber13

===========================================================================================
----------------- testing Mon Dec 09 06:21:33 UTC 2019 /home/travis/build/icyphy/ptII/ptolemy/actor/lib/test/auto/PublisherSubscriber14.xml
----------------- Instantiating /home/travis/build/icyphy/ptII/ptolemy/actor/lib/test/auto/PublisherSubscriber14.xml
2 ms. Memory: 528384K Free: 350378K (66%)
----------------- Invoking toplevel() on ptolemy.moml.MoMLSimpleApplication@399fd1e8
----------------- Done invoking toplevel() on ptolemy.moml.MoMLSimpleApplication@399fd1e8
reloadAllAccessors: .PublisherSubscriber14

===========================================================================================
----------------- testing Mon Dec 09 06:21:33 UTC 2019 /home/travis/build/icyphy/ptII/ptolemy/actor/lib/test/auto/PublisherSubscriber2.xml
----------------- Instantiating /home/travis/build/icyphy/ptII/ptolemy/actor/lib/test/auto/PublisherSubscriber2.xml
3 ms. Memory: 528384K Free: 344714K (65%)
----------------- Invoking toplevel() on ptolemy.moml.MoMLSimpleApplication@6ce582d4
----------------- Done invoking toplevel() on ptolemy.moml.MoMLSimpleApplication@6ce582d4
reloadAllAccessors: .PublisherSubscriber2

===========================================================================================
----------------- testing Mon Dec 09 06:21:33 UTC 2019 /home/travis/build/icyphy/ptII/ptolemy/actor/lib/test/auto/PublisherSubscriber3.xml
----------------- Instantiating /home/travis/build/icyphy/ptII/ptolemy/actor/lib/test/auto/PublisherSubscriber3.xml
2 ms. Memory: 528384K Free: 339114K (64%)
----------------- Invoking toplevel() on ptolemy.moml.MoMLSimpleApplication@6821f589
----------------- Done invoking toplevel() on ptolemy.moml.MoMLSimpleApplication@6821f589
reloadAllAccessors: .PublisherSubscriber3

===========================================================================================
----------------- testing Mon Dec 09 06:21:33 UTC 2019 /home/travis/build/icyphy/ptII/ptolemy/actor/lib/test/auto/PublisherSubscriber4.xml
----------------- Instantiating /home/travis/build/icyphy/ptII/ptolemy/actor/lib/test/auto/PublisherSubscriber4.xml
2 ms. Memory: 528384K Free: 333450K (63%)
----------------- Invoking toplevel() on ptolemy.moml.MoMLSimpleApplication@5b910389
----------------- Done invoking toplevel() on ptolemy.moml.MoMLSimpleApplication@5b910389
reloadAllAccessors: .PublisherSubscriber4

===========================================================================================
----------------- testing Mon Dec 09 06:21:33 UTC 2019 /home/travis/build/icyphy/ptII/ptolemy/actor/lib/test/auto/PublisherSubscriber5.xml
----------------- Instantiating /home/travis/build/icyphy/ptII/ptolemy/actor/lib/test/auto/PublisherSubscriber5.xml
2 ms. Memory: 528384K Free: 326826K (62%)
----------------- Invoking toplevel() on ptolemy.moml.MoMLSimpleApplication@330913cf
----------------- Done invoking toplevel() on ptolemy.moml.MoMLSimpleApplication@330913cf
reloadAllAccessors: .PublisherSubscriber5

===========================================================================================
----------------- testing Mon Dec 09 06:21:33 UTC 2019 /home/travis/build/icyphy/ptII/ptolemy/actor/lib/test/auto/PublisherSubscriber6.xml
----------------- Instantiating /home/travis/build/icyphy/ptII/ptolemy/actor/lib/test/auto/PublisherSubscriber6.xml
4 ms. Memory: 528384K Free: 320682K (61%)
----------------- Invoking toplevel() on ptolemy.moml.MoMLSimpleApplication@5b34e95b
----------------- Done invoking toplevel() on ptolemy.moml.MoMLSimpleApplication@5b34e95b
reloadAllAccessors: .PublisherSubscriber6

===========================================================================================
----------------- testing Mon Dec 09 06:21:33 UTC 2019 /home/travis/build/icyphy/ptII/ptolemy/actor/lib/test/auto/PublisherSubscriber7.xml
----------------- Instantiating /home/travis/build/icyphy/ptII/ptolemy/actor/lib/test/auto/PublisherSubscriber7.xml
8 ms. Memory: 528384K Free: 314024K (59%)
----------------- Invoking toplevel() on ptolemy.moml.MoMLSimpleApplication@2b71e8ae
----------------- Done invoking toplevel() on ptolemy.moml.MoMLSimpleApplication@2b71e8ae
reloadAllAccessors: .PublisherSubscriber7

===========================================================================================
----------------- testing Mon Dec 09 06:21:33 UTC 2019 /home/travis/build/icyphy/ptII/ptolemy/actor/lib/test/auto/PublisherSubscriber8.xml
----------------- Instantiating /home/travis/build/icyphy/ptII/ptolemy/actor/lib/test/auto/PublisherSubscriber8.xml
18 ms. Memory: 528384K Free: 302250K (57%)
----------------- Invoking toplevel() on ptolemy.moml.MoMLSimpleApplication@656ef984
----------------- Done invoking toplevel() on ptolemy.moml.MoMLSimpleApplication@656ef984
reloadAllAccessors: .PublisherSubscriber8

===========================================================================================
----------------- testing Mon Dec 09 06:21:33 UTC 2019 /home/travis/build/icyphy/ptII/ptolemy/actor/lib/test/auto/PublisherSubscriber9.xml
----------------- Instantiating /home/travis/build/icyphy/ptII/ptolemy/actor/lib/test/auto/PublisherSubscriber9.xml
3 ms. Memory: 528384K Free: 295082K (56%)
----------------- Invoking toplevel() on ptolemy.moml.MoMLSimpleApplication@8b8dc6
----------------- Done invoking toplevel() on ptolemy.moml.MoMLSimpleApplication@8b8dc6
reloadAllAccessors: .PublisherSubscriber9

===========================================================================================
----------------- testing Mon Dec 09 06:21:33 UTC 2019 /home/travis/build/icyphy/ptII/ptolemy/actor/lib/test/auto/PublisherSubscriberAdjacent.xml
----------------- Instantiating /home/travis/build/icyphy/ptII/ptolemy/actor/lib/test/auto/PublisherSubscriberAdjacent.xml
2 ms. Memory: 528384K Free: 286890K (54%)
----------------- Invoking toplevel() on ptolemy.moml.MoMLSimpleApplication@268d5236
----------------- Done invoking toplevel() on ptolemy.moml.MoMLSimpleApplication@268d5236
reloadAllAccessors: .PublisherSubscriberAdjacent

===========================================================================================
----------------- testing Mon Dec 09 06:21:33 UTC 2019 /home/travis/build/icyphy/ptII/ptolemy/actor/lib/test/auto/PublisherSubscriberChannelVariablesAOC2.xml
----------------- Instantiating /home/travis/build/icyphy/ptII/ptolemy/actor/lib/test/auto/PublisherSubscriberChannelVariablesAOC2.xml
2 ms. Memory: 528384K Free: 271530K (51%)
----------------- Invoking toplevel() on ptolemy.moml.MoMLSimpleApplication@25d6b27a
----------------- Done invoking toplevel() on ptolemy.moml.MoMLSimpleApplication@25d6b27a
reloadAllAccessors: .PublisherSubscriberChannelVariablesAOC2

===========================================================================================
----------------- testing Mon Dec 09 06:21:33 UTC 2019 /home/travis/build/icyphy/ptII/ptolemy/actor/lib/test/auto/PublisherSubscriberD3.xml
----------------- Instantiating /home/travis/build/icyphy/ptII/ptolemy/actor/lib/test/auto/PublisherSubscriberD3.xml
1 ms. Memory: 528384K Free: 264362K (50%)
----------------- Invoking toplevel() on ptolemy.moml.MoMLSimpleApplication@651bd69
----------------- Done invoking toplevel() on ptolemy.moml.MoMLSimpleApplication@651bd69
reloadAllAccessors: .PublisherSubscriberD3

===========================================================================================
----------------- testing Mon Dec 09 06:21:33 UTC 2019 /home/travis/build/icyphy/ptII/ptolemy/actor/lib/test/auto/PublisherSubscriberD3Reverse.xml
----------------- Instantiating /home/travis/build/icyphy/ptII/ptolemy/actor/lib/test/auto/PublisherSubscriberD3Reverse.xml
5 ms. Memory: 528384K Free: 258218K (49%)
----------------- Invoking toplevel() on ptolemy.moml.MoMLSimpleApplication@3cadaa26
----------------- Done invoking toplevel() on ptolemy.moml.MoMLSimpleApplication@3cadaa26
reloadAllAccessors: .PublisherSubscriberD3Reverse

===========================================================================================
----------------- testing Mon Dec 09 06:21:33 UTC 2019 /home/travis/build/icyphy/ptII/ptolemy/actor/lib/test/auto/PublisherSubscriberExpression.xml
----------------- Instantiating /home/travis/build/icyphy/ptII/ptolemy/actor/lib/test/auto/PublisherSubscriberExpression.xml
4 ms. Memory: 528384K Free: 250026K (47%)
----------------- Invoking toplevel() on ptolemy.moml.MoMLSimpleApplication@4e05df8a
----------------- Done invoking toplevel() on ptolemy.moml.MoMLSimpleApplication@4e05df8a
reloadAllAccessors: .PublisherSubscriberExpression

===========================================================================================
----------------- testing Mon Dec 09 06:21:33 UTC 2019 /home/travis/build/icyphy/ptII/ptolemy/actor/lib/test/auto/PublisherSubscriberOpaque.xml
----------------- Instantiating /home/travis/build/icyphy/ptII/ptolemy/actor/lib/test/auto/PublisherSubscriberOpaque.xml
3 ms. Memory: 528384K Free: 241834K (46%)
----------------- Invoking toplevel() on ptolemy.moml.MoMLSimpleApplication@359f7d7a
----------------- Done invoking toplevel() on ptolemy.moml.MoMLSimpleApplication@359f7d7a
reloadAllAccessors: .PublisherSubscriberOpaque

===========================================================================================
----------------- testing Mon Dec 09 06:21:33 UTC 2019 /home/travis/build/icyphy/ptII/ptolemy/actor/lib/test/auto/PublisherSubscriberOpaqueD3.xml
----------------- Instantiating /home/travis/build/icyphy/ptII/ptolemy/actor/lib/test/auto/PublisherSubscriberOpaqueD3.xml
5 ms. Memory: 528384K Free: 230570K (44%)
----------------- Invoking toplevel() on ptolemy.moml.MoMLSimpleApplication@74dcaeac
----------------- Done invoking toplevel() on ptolemy.moml.MoMLSimpleApplication@74dcaeac
reloadAllAccessors: .PublisherSubscriberOpaqueD3

===========================================================================================
----------------- testing Mon Dec 09 06:21:33 UTC 2019 /home/travis/build/icyphy/ptII/ptolemy/actor/lib/test/auto/PublisherSubscriberOpaqueD3Reverse.xml
----------------- Instantiating /home/travis/build/icyphy/ptII/ptolemy/actor/lib/test/auto/PublisherSubscriberOpaqueD3Reverse.xml
8 ms. Memory: 528384K Free: 219816K (42%)
----------------- Invoking toplevel() on ptolemy.moml.MoMLSimpleApplication@c4b4868
----------------- Done invoking toplevel() on ptolemy.moml.MoMLSimpleApplication@c4b4868
reloadAllAccessors: .PublisherSubscriberOpaqueD3Reverse

===========================================================================================
----------------- testing Mon Dec 09 06:21:33 UTC 2019 /home/travis/build/icyphy/ptII/ptolemy/actor/lib/test/auto/PublisherSubscriberOpaqueWidthInference.xml
----------------- Instantiating /home/travis/build/icyphy/ptII/ptolemy/actor/lib/test/auto/PublisherSubscriberOpaqueWidthInference.xml
5 ms. Memory: 528384K Free: 211610K (40%)
----------------- Invoking toplevel() on ptolemy.moml.MoMLSimpleApplication@2cf6cd63
----------------- Done invoking toplevel() on ptolemy.moml.MoMLSimpleApplication@2cf6cd63
reloadAllAccessors: .PublisherSubscriberOpaqueWidthInference

===========================================================================================
----------------- testing Mon Dec 09 06:21:33 UTC 2019 /home/travis/build/icyphy/ptII/ptolemy/actor/lib/test/auto/PublisherTestSubscriber.xml
----------------- Instantiating /home/travis/build/icyphy/ptII/ptolemy/actor/lib/test/auto/PublisherTestSubscriber.xml
3 ms. Memory: 528384K Free: 203946K (39%)
----------------- Invoking toplevel() on ptolemy.moml.MoMLSimpleApplication@7127b0f4
----------------- Done invoking toplevel() on ptolemy.moml.MoMLSimpleApplication@7127b0f4
reloadAllAccessors: .PublisherTestSubscriber

===========================================================================================
----------------- testing Mon Dec 09 06:21:33 UTC 2019 /home/travis/build/icyphy/ptII/ptolemy/actor/lib/test/auto/PublisherToplevelSubscriberPortAOC.xml
----------------- Instantiating /home/travis/build/icyphy/ptII/ptolemy/actor/lib/test/auto/PublisherToplevelSubscriberPortAOC.xml
2 ms. Memory: 528384K Free: 197802K (37%)
----------------- Invoking toplevel() on ptolemy.moml.MoMLSimpleApplication@4644a990
----------------- Done invoking toplevel() on ptolemy.moml.MoMLSimpleApplication@4644a990
reloadAllAccessors: .PublisherToplevelSubscriberPortAOC

===========================================================================================
----------------- testing Mon Dec 09 06:21:33 UTC 2019 /home/travis/build/icyphy/ptII/ptolemy/actor/lib/test/auto/PulseFiringLimitDE.xml
----------------- Instantiating /home/travis/build/icyphy/ptII/ptolemy/actor/lib/test/auto/PulseFiringLimitDE.xml
2 ms. Memory: 528384K Free: 191144K (36%)
----------------- Invoking toplevel() on ptolemy.moml.MoMLSimpleApplication@4b4e8602
----------------- Done invoking toplevel() on ptolemy.moml.MoMLSimpleApplication@4b4e8602
reloadAllAccessors: .PulseFiringLimitDE

===========================================================================================
----------------- testing Mon Dec 09 06:21:33 UTC 2019 /home/travis/build/icyphy/ptII/ptolemy/actor/lib/test/auto/Ramp1.xml
----------------- Instantiating /home/travis/build/icyphy/ptII/ptolemy/actor/lib/test/auto/Ramp1.xml
2 ms. Memory: 528384K Free: 187042K (35%)
----------------- Invoking toplevel() on ptolemy.moml.MoMLSimpleApplication@4fc98bed
----------------- Done invoking toplevel() on ptolemy.moml.MoMLSimpleApplication@4fc98bed
reloadAllAccessors: .Ramp1

===========================================================================================
----------------- testing Mon Dec 09 06:21:33 UTC 2019 /home/travis/build/icyphy/ptII/ptolemy/actor/lib/test/auto/RampFiringLimitDE.xml
----------------- Instantiating /home/travis/build/icyphy/ptII/ptolemy/actor/lib/test/auto/RampFiringLimitDE.xml
2 ms. Memory: 528384K Free: 180890K (34%)
----------------- Invoking toplevel() on ptolemy.moml.MoMLSimpleApplication@7250f4da
----------------- Done invoking toplevel() on ptolemy.moml.MoMLSimpleApplication@7250f4da
reloadAllAccessors: .RampFiringLimitDE

===========================================================================================
----------------- testing Mon Dec 09 06:21:34 UTC 2019 /home/travis/build/icyphy/ptII/ptolemy/actor/lib/test/auto/RampFiringLimitSDF.xml
----------------- Instantiating /home/travis/build/icyphy/ptII/ptolemy/actor/lib/test/auto/RampFiringLimitSDF.xml
3 ms. Memory: 528384K Free: 175770K (33%)
----------------- Invoking toplevel() on ptolemy.moml.MoMLSimpleApplication@57c8a2
----------------- Done invoking toplevel() on ptolemy.moml.MoMLSimpleApplication@57c8a2
reloadAllAccessors: .RampFiringLimitSDF

===========================================================================================
----------------- testing Mon Dec 09 06:21:34 UTC 2019 /home/travis/build/icyphy/ptII/ptolemy/actor/lib/test/auto/RandomInteger.xml
----------------- Instantiating /home/travis/build/icyphy/ptII/ptolemy/actor/lib/test/auto/RandomInteger.xml
1 ms. Memory: 528384K Free: 171688K (32%)
----------------- Invoking toplevel() on ptolemy.moml.MoMLSimpleApplication@451a4fb6
----------------- Done invoking toplevel() on ptolemy.moml.MoMLSimpleApplication@451a4fb6
reloadAllAccessors: .RandomInteger

===========================================================================================
----------------- testing Mon Dec 09 06:21:34 UTC 2019 /home/travis/build/icyphy/ptII/ptolemy/actor/lib/test/auto/ReadFile1.xml
----------------- Instantiating /home/travis/build/icyphy/ptII/ptolemy/actor/lib/test/auto/ReadFile1.xml
2 ms. Memory: 528384K Free: 167082K (32%)
----------------- Invoking toplevel() on ptolemy.moml.MoMLSimpleApplication@2b042716
----------------- Done invoking toplevel() on ptolemy.moml.MoMLSimpleApplication@2b042716
reloadAllAccessors: .ReadFile1

===========================================================================================
----------------- testing Mon Dec 09 06:21:34 UTC 2019 /home/travis/build/icyphy/ptII/ptolemy/actor/lib/test/auto/ReadFile2.xml
----------------- Instantiating /home/travis/build/icyphy/ptII/ptolemy/actor/lib/test/auto/ReadFile2.xml
1 ms. Memory: 528384K Free: 475991K (90%)
----------------- Invoking toplevel() on ptolemy.moml.MoMLSimpleApplication@402325d
----------------- Done invoking toplevel() on ptolemy.moml.MoMLSimpleApplication@402325d
reloadAllAccessors: .ReadFile2

===========================================================================================
----------------- testing Mon Dec 09 06:21:34 UTC 2019 /home/travis/build/icyphy/ptII/ptolemy/actor/lib/test/auto/Reader.xml
----------------- Instantiating /home/travis/build/icyphy/ptII/ptolemy/actor/lib/test/auto/Reader.xml
actor.lib.Reader is obsolete, use actor.lib.io.ExpressionReader instead
5 ms. Memory: 528384K Free: 471895K (89%)
----------------- Invoking toplevel() on ptolemy.moml.MoMLSimpleApplication@1707e91a
----------------- Done invoking toplevel() on ptolemy.moml.MoMLSimpleApplication@1707e91a
reloadAllAccessors: .Reader

===========================================================================================
----------------- testing Mon Dec 09 06:21:34 UTC 2019 /home/travis/build/icyphy/ptII/ptolemy/actor/lib/test/auto/RecordAssemblerDisplayNameTest.xml
----------------- Instantiating /home/travis/build/icyphy/ptII/ptolemy/actor/lib/test/auto/RecordAssemblerDisplayNameTest.xml
3509 ms. Memory: 528384K Free: 194934K (37%)
----------------- Invoking toplevel() on ptolemy.moml.MoMLSimpleApplication@2781806d
----------------- Done invoking toplevel() on ptolemy.moml.MoMLSimpleApplication@2781806d
reloadAllAccessors: .RecordAssemblerDisplayNameTest

===========================================================================================
----------------- testing Mon Dec 09 06:21:37 UTC 2019 /home/travis/build/icyphy/ptII/ptolemy/actor/lib/test/auto/RecordAssemblerTypeError.xml
----------------- Instantiating /home/travis/build/icyphy/ptII/ptolemy/actor/lib/test/auto/RecordAssemblerTypeError.xml
4 ms. Memory: 528384K Free: 185208K (35%)
----------------- Invoking toplevel() on ptolemy.moml.MoMLSimpleApplication@6ef5720d
----------------- Done invoking toplevel() on ptolemy.moml.MoMLSimpleApplication@6ef5720d
reloadAllAccessors: .RecordAssemblerTypeError

===========================================================================================
----------------- testing Mon Dec 09 06:21:37 UTC 2019 /home/travis/build/icyphy/ptII/ptolemy/actor/lib/test/auto/RecordDisassember.xml
----------------- Instantiating /home/travis/build/icyphy/ptII/ptolemy/actor/lib/test/auto/RecordDisassember.xml
3 ms. Memory: 528384K Free: 180568K (34%)
----------------- Invoking toplevel() on ptolemy.moml.MoMLSimpleApplication@2d52d9fa
----------------- Done invoking toplevel() on ptolemy.moml.MoMLSimpleApplication@2d52d9fa
reloadAllAccessors: .RecordDisassember

===========================================================================================
----------------- testing Mon Dec 09 06:21:37 UTC 2019 /home/travis/build/icyphy/ptII/ptolemy/actor/lib/test/auto/RecordDisassemberDisplayNameTest.xml
----------------- Instantiating /home/travis/build/icyphy/ptII/ptolemy/actor/lib/test/auto/RecordDisassemberDisplayNameTest.xml
6 ms. Memory: 528384K Free: 172920K (33%)
----------------- Invoking toplevel() on ptolemy.moml.MoMLSimpleApplication@55628a5e
----------------- Done invoking toplevel() on ptolemy.moml.MoMLSimpleApplication@55628a5e
reloadAllAccessors: .RecordDisassemberDisplayNameTest

===========================================================================================
----------------- testing Mon Dec 09 06:21:37 UTC 2019 /home/travis/build/icyphy/ptII/ptolemy/actor/lib/test/auto/RecordDisassembler.xml
----------------- Instantiating /home/travis/build/icyphy/ptII/ptolemy/actor/lib/test/auto/RecordDisassembler.xml
2 ms. Memory: 528384K Free: 167800K (32%)
----------------- Invoking toplevel() on ptolemy.moml.MoMLSimpleApplication@125457fa
----------------- Done invoking toplevel() on ptolemy.moml.MoMLSimpleApplication@125457fa
reloadAllAccessors: .RecordDisassembler

===========================================================================================
----------------- testing Mon Dec 09 06:21:37 UTC 2019 /home/travis/build/icyphy/ptII/ptolemy/actor/lib/test/auto/RecordDisassembler2.xml
----------------- Instantiating /home/travis/build/icyphy/ptII/ptolemy/actor/lib/test/auto/RecordDisassembler2.xml
2 ms. Memory: 528384K Free: 474723K (90%)
----------------- Invoking toplevel() on ptolemy.moml.MoMLSimpleApplication@35987d01
----------------- Done invoking toplevel() on ptolemy.moml.MoMLSimpleApplication@35987d01
reloadAllAccessors: .RecordDisassembler2

===========================================================================================
----------------- testing Mon Dec 09 06:21:37 UTC 2019 /home/travis/build/icyphy/ptII/ptolemy/actor/lib/test/auto/RecordUpdater.xml
----------------- Instantiating /home/travis/build/icyphy/ptII/ptolemy/actor/lib/test/auto/RecordUpdater.xml
2 ms. Memory: 528384K Free: 470113K (89%)
----------------- Invoking toplevel() on ptolemy.moml.MoMLSimpleApplication@7305883a
----------------- Done invoking toplevel() on ptolemy.moml.MoMLSimpleApplication@7305883a
reloadAllAccessors: .RecordUpdater

===========================================================================================
----------------- testing Mon Dec 09 06:21:37 UTC 2019 /home/travis/build/icyphy/ptII/ptolemy/actor/lib/test/auto/RecordUpdater2.xml
----------------- Instantiating /home/travis/build/icyphy/ptII/ptolemy/actor/lib/test/auto/RecordUpdater2.xml
2 ms. Memory: 528384K Free: 464483K (88%)
----------------- Invoking toplevel() on ptolemy.moml.MoMLSimpleApplication@1d14b022
----------------- Done invoking toplevel() on ptolemy.moml.MoMLSimpleApplication@1d14b022
reloadAllAccessors: .RecordUpdater2

===========================================================================================
----------------- testing Mon Dec 09 06:21:37 UTC 2019 /home/travis/build/icyphy/ptII/ptolemy/actor/lib/test/auto/RecursiveLattice.xml
----------------- Instantiating /home/travis/build/icyphy/ptII/ptolemy/actor/lib/test/auto/RecursiveLattice.xml
2 ms. Memory: 528384K Free: 460387K (87%)
----------------- Invoking toplevel() on ptolemy.moml.MoMLSimpleApplication@4691d51c
----------------- Done invoking toplevel() on ptolemy.moml.MoMLSimpleApplication@4691d51c
reloadAllAccessors: .RecursiveLattice

===========================================================================================
----------------- testing Mon Dec 09 06:21:37 UTC 2019 /home/travis/build/icyphy/ptII/ptolemy/actor/lib/test/auto/Router.xml
----------------- Instantiating /home/travis/build/icyphy/ptII/ptolemy/actor/lib/test/auto/Router.xml
3004 ms. Memory: 528384K Free: 449123K (85%)
----------------- Invoking toplevel() on ptolemy.moml.MoMLSimpleApplication@61391475
----------------- Done invoking toplevel() on ptolemy.moml.MoMLSimpleApplication@61391475
reloadAllAccessors: .Router

===========================================================================================
----------------- testing Mon Dec 09 06:21:40 UTC 2019 /home/travis/build/icyphy/ptII/ptolemy/actor/lib/test/auto/Router2.xml
----------------- Instantiating /home/travis/build/icyphy/ptII/ptolemy/actor/lib/test/auto/Router2.xml
3003 ms. Memory: 528384K Free: 438883K (83%)
----------------- Invoking toplevel() on ptolemy.moml.MoMLSimpleApplication@2d4b323c
----------------- Done invoking toplevel() on ptolemy.moml.MoMLSimpleApplication@2d4b323c
reloadAllAccessors: .Router2

===========================================================================================
----------------- testing Mon Dec 09 06:21:43 UTC 2019 /home/travis/build/icyphy/ptII/ptolemy/actor/lib/test/auto/RunningMaximum.xml
----------------- Instantiating /home/travis/build/icyphy/ptII/ptolemy/actor/lib/test/auto/RunningMaximum.xml
2 ms. Memory: 528384K Free: 434273K (82%)
----------------- Invoking toplevel() on ptolemy.moml.MoMLSimpleApplication@3e5752e5
----------------- Done invoking toplevel() on ptolemy.moml.MoMLSimpleApplication@3e5752e5
reloadAllAccessors: .RunningMaximum

===========================================================================================
----------------- testing Mon Dec 09 06:21:43 UTC 2019 /home/travis/build/icyphy/ptII/ptolemy/actor/lib/test/auto/RunningMinimum.xml
----------------- Instantiating /home/travis/build/icyphy/ptII/ptolemy/actor/lib/test/auto/RunningMinimum.xml
10 ms. Memory: 528384K Free: 429667K (81%)
----------------- Invoking toplevel() on ptolemy.moml.MoMLSimpleApplication@3d5aa440
----------------- Done invoking toplevel() on ptolemy.moml.MoMLSimpleApplication@3d5aa440
reloadAllAccessors: .RunningMinimum

===========================================================================================
----------------- testing Mon Dec 09 06:21:43 UTC 2019 /home/travis/build/icyphy/ptII/ptolemy/actor/lib/test/auto/Scale.xml
----------------- Instantiating /home/travis/build/icyphy/ptII/ptolemy/actor/lib/test/auto/Scale.xml
2 ms. Memory: 528384K Free: 425057K (80%)
----------------- Invoking toplevel() on ptolemy.moml.MoMLSimpleApplication@4123b6ad
----------------- Done invoking toplevel() on ptolemy.moml.MoMLSimpleApplication@4123b6ad
reloadAllAccessors: .Scale

===========================================================================================
----------------- testing Mon Dec 09 06:21:43 UTC 2019 /home/travis/build/icyphy/ptII/ptolemy/actor/lib/test/auto/Scale2.xml
----------------- Instantiating /home/travis/build/icyphy/ptII/ptolemy/actor/lib/test/auto/Scale2.xml
2 ms. Memory: 528384K Free: 420451K (80%)
----------------- Invoking toplevel() on ptolemy.moml.MoMLSimpleApplication@43a6470a
----------------- Done invoking toplevel() on ptolemy.moml.MoMLSimpleApplication@43a6470a
reloadAllAccessors: .Scale2

===========================================================================================
----------------- testing Mon Dec 09 06:21:43 UTC 2019 /home/travis/build/icyphy/ptII/ptolemy/actor/lib/test/auto/Scale3.xml
----------------- Instantiating /home/travis/build/icyphy/ptII/ptolemy/actor/lib/test/auto/Scale3.xml
9 ms. Memory: 528384K Free: 413793K (78%)
----------------- Invoking toplevel() on ptolemy.moml.MoMLSimpleApplication@30d4f89c
----------------- Done invoking toplevel() on ptolemy.moml.MoMLSimpleApplication@30d4f89c
reloadAllAccessors: .Scale3

===========================================================================================
----------------- testing Mon Dec 09 06:21:43 UTC 2019 /home/travis/build/icyphy/ptII/ptolemy/actor/lib/test/auto/ScaleArray.xml
----------------- Instantiating /home/travis/build/icyphy/ptII/ptolemy/actor/lib/test/auto/ScaleArray.xml
2 ms. Memory: 528384K Free: 409187K (77%)
----------------- Invoking toplevel() on ptolemy.moml.MoMLSimpleApplication@43d1a4a1
----------------- Done invoking toplevel() on ptolemy.moml.MoMLSimpleApplication@43d1a4a1
reloadAllAccessors: .ScaleArray

===========================================================================================
----------------- testing Mon Dec 09 06:21:43 UTC 2019 /home/travis/build/icyphy/ptII/ptolemy/actor/lib/test/auto/ScaleArray2.xml
----------------- Instantiating /home/travis/build/icyphy/ptII/ptolemy/actor/lib/test/auto/ScaleArray2.xml
1 ms. Memory: 528384K Free: 405091K (77%)
----------------- Invoking toplevel() on ptolemy.moml.MoMLSimpleApplication@778ce43c
----------------- Done invoking toplevel() on ptolemy.moml.MoMLSimpleApplication@778ce43c
reloadAllAccessors: .ScaleArray2

===========================================================================================
----------------- testing Mon Dec 09 06:21:43 UTC 2019 /home/travis/build/icyphy/ptII/ptolemy/actor/lib/test/auto/ScaleMatrix.xml
----------------- Instantiating /home/travis/build/icyphy/ptII/ptolemy/actor/lib/test/auto/ScaleMatrix.xml
177 ms. Memory: 528384K Free: 390241K (74%)
----------------- Invoking toplevel() on ptolemy.moml.MoMLSimpleApplication@527a6c3f
----------------- Done invoking toplevel() on ptolemy.moml.MoMLSimpleApplication@527a6c3f
reloadAllAccessors: .ScaleMatrix

===========================================================================================
----------------- testing Mon Dec 09 06:21:44 UTC 2019 /home/travis/build/icyphy/ptII/ptolemy/actor/lib/test/auto/Select.xml
----------------- Instantiating /home/travis/build/icyphy/ptII/ptolemy/actor/lib/test/auto/Select.xml
2 ms. Memory: 528384K Free: 383587K (73%)
----------------- Invoking toplevel() on ptolemy.moml.MoMLSimpleApplication@78476658
----------------- Done invoking toplevel() on ptolemy.moml.MoMLSimpleApplication@78476658
reloadAllAccessors: .Select

===========================================================================================
----------------- testing Mon Dec 09 06:21:44 UTC 2019 /home/travis/build/icyphy/ptII/ptolemy/actor/lib/test/auto/Select2.xml
----------------- Instantiating /home/travis/build/icyphy/ptII/ptolemy/actor/lib/test/auto/Select2.xml
1 ms. Memory: 528384K Free: 378977K (72%)
----------------- Invoking toplevel() on ptolemy.moml.MoMLSimpleApplication@12ff23a4
----------------- Done invoking toplevel() on ptolemy.moml.MoMLSimpleApplication@12ff23a4
reloadAllAccessors: .Select2

===========================================================================================
----------------- testing Mon Dec 09 06:21:44 UTC 2019 /home/travis/build/icyphy/ptII/ptolemy/actor/lib/test/auto/SequenceToArray2.xml
----------------- Instantiating /home/travis/build/icyphy/ptII/ptolemy/actor/lib/test/auto/SequenceToArray2.xml
117 ms. Memory: 528384K Free: 353891K (67%)
----------------- Invoking toplevel() on ptolemy.moml.MoMLSimpleApplication@65cb6f66
----------------- Done invoking toplevel() on ptolemy.moml.MoMLSimpleApplication@65cb6f66
reloadAllAccessors: .SequenceToArray2

===========================================================================================
----------------- testing Mon Dec 09 06:21:44 UTC 2019 /home/travis/build/icyphy/ptII/ptolemy/actor/lib/test/auto/SequentialClock.xml
----------------- Instantiating /home/travis/build/icyphy/ptII/ptolemy/actor/lib/test/auto/SequentialClock.xml
1 ms. Memory: 528384K Free: 349795K (66%)
----------------- Invoking toplevel() on ptolemy.moml.MoMLSimpleApplication@4242611b
----------------- Done invoking toplevel() on ptolemy.moml.MoMLSimpleApplication@4242611b
reloadAllAccessors: .SequentialClock

===========================================================================================
----------------- testing Mon Dec 09 06:21:44 UTC 2019 /home/travis/build/icyphy/ptII/ptolemy/actor/lib/test/auto/SetVariable.xml
----------------- Instantiating /home/travis/build/icyphy/ptII/ptolemy/actor/lib/test/auto/SetVariable.xml
2 ms. Memory: 528384K Free: 345185K (65%)
----------------- Invoking toplevel() on ptolemy.moml.MoMLSimpleApplication@6a662b68
----------------- Done invoking toplevel() on ptolemy.moml.MoMLSimpleApplication@6a662b68
reloadAllAccessors: .SetVariable

===========================================================================================
----------------- testing Mon Dec 09 06:21:44 UTC 2019 /home/travis/build/icyphy/ptII/ptolemy/actor/lib/test/auto/SetVariable2.xml
----------------- Instantiating /home/travis/build/icyphy/ptII/ptolemy/actor/lib/test/auto/SetVariable2.xml
4 ms. Memory: 528384K Free: 340065K (64%)
----------------- Invoking toplevel() on ptolemy.moml.MoMLSimpleApplication@5ca05be4
----------------- Done invoking toplevel() on ptolemy.moml.MoMLSimpleApplication@5ca05be4
reloadAllAccessors: .SetVariable2

===========================================================================================
----------------- testing Mon Dec 09 06:21:44 UTC 2019 /home/travis/build/icyphy/ptII/ptolemy/actor/lib/test/auto/SetVariable3.xml
----------------- Instantiating /home/travis/build/icyphy/ptII/ptolemy/actor/lib/test/auto/SetVariable3.xml
10 ms. Memory: 528384K Free: 334945K (63%)
----------------- Invoking toplevel() on ptolemy.moml.MoMLSimpleApplication@16b352af
----------------- Done invoking toplevel() on ptolemy.moml.MoMLSimpleApplication@16b352af
reloadAllAccessors: .SetVariable3

===========================================================================================
----------------- testing Mon Dec 09 06:21:44 UTC 2019 /home/travis/build/icyphy/ptII/ptolemy/actor/lib/test/auto/SetVariable4.xml
----------------- Instantiating /home/travis/build/icyphy/ptII/ptolemy/actor/lib/test/auto/SetVariable4.xml
16 ms. Memory: 528384K Free: 325219K (62%)
----------------- Invoking toplevel() on ptolemy.moml.MoMLSimpleApplication@6d32ca95
----------------- Done invoking toplevel() on ptolemy.moml.MoMLSimpleApplication@6d32ca95
reloadAllAccessors: .SetVariable4

===========================================================================================
----------------- testing Mon Dec 09 06:21:44 UTC 2019 /home/travis/build/icyphy/ptII/ptolemy/actor/lib/test/auto/SetVariable5.xml
----------------- Instantiating /home/travis/build/icyphy/ptII/ptolemy/actor/lib/test/auto/SetVariable5.xml
19 ms. Memory: 528384K Free: 316003K (60%)
----------------- Invoking toplevel() on ptolemy.moml.MoMLSimpleApplication@75493fab
----------------- Done invoking toplevel() on ptolemy.moml.MoMLSimpleApplication@75493fab
reloadAllAccessors: .SetVariable5

===========================================================================================
----------------- testing Mon Dec 09 06:21:44 UTC 2019 /home/travis/build/icyphy/ptII/ptolemy/actor/lib/test/auto/Sinewave.xml
----------------- Instantiating /home/travis/build/icyphy/ptII/ptolemy/actor/lib/test/auto/Sinewave.xml
5 ms. Memory: 528384K Free: 305763K (58%)
----------------- Invoking toplevel() on ptolemy.moml.MoMLSimpleApplication@2ab27111
----------------- Done invoking toplevel() on ptolemy.moml.MoMLSimpleApplication@2ab27111
reloadAllAccessors: .Sinewave

===========================================================================================
----------------- testing Mon Dec 09 06:21:44 UTC 2019 /home/travis/build/icyphy/ptII/ptolemy/actor/lib/test/auto/Sinewave2.xml
----------------- Instantiating /home/travis/build/icyphy/ptII/ptolemy/actor/lib/test/auto/Sinewave2.xml
7 ms. Memory: 528384K Free: 297571K (56%)
----------------- Invoking toplevel() on ptolemy.moml.MoMLSimpleApplication@690c8642
----------------- Done invoking toplevel() on ptolemy.moml.MoMLSimpleApplication@690c8642
reloadAllAccessors: .Sinewave2

===========================================================================================
----------------- testing Mon Dec 09 06:21:44 UTC 2019 /home/travis/build/icyphy/ptII/ptolemy/actor/lib/test/auto/Sinewave3.xml
----------------- Instantiating /home/travis/build/icyphy/ptII/ptolemy/actor/lib/test/auto/Sinewave3.xml
15 ms. Memory: 528384K Free: 289379K (55%)
----------------- Invoking toplevel() on ptolemy.moml.MoMLSimpleApplication@70791db0
----------------- Done invoking toplevel() on ptolemy.moml.MoMLSimpleApplication@70791db0
reloadAllAccessors: .Sinewave3

===========================================================================================
----------------- testing Mon Dec 09 06:21:44 UTC 2019 /home/travis/build/icyphy/ptII/ptolemy/actor/lib/test/auto/SingleEvent.xml
----------------- Instantiating /home/travis/build/icyphy/ptII/ptolemy/actor/lib/test/auto/SingleEvent.xml
4 ms. Memory: 528384K Free: 285283K (54%)
----------------- Invoking toplevel() on ptolemy.moml.MoMLSimpleApplication@2e485494
----------------- Done invoking toplevel() on ptolemy.moml.MoMLSimpleApplication@2e485494
reloadAllAccessors: .SingleEvent

===========================================================================================
----------------- testing Mon Dec 09 06:21:44 UTC 2019 /home/travis/build/icyphy/ptII/ptolemy/actor/lib/test/auto/Sleep.xml
----------------- Instantiating /home/travis/build/icyphy/ptII/ptolemy/actor/lib/test/auto/Sleep.xml
6003 ms. Memory: 528384K Free: 279649K (53%)
----------------- Invoking toplevel() on ptolemy.moml.MoMLSimpleApplication@567f38b0
----------------- Done invoking toplevel() on ptolemy.moml.MoMLSimpleApplication@567f38b0
reloadAllAccessors: .Sleep

===========================================================================================
----------------- testing Mon Dec 09 06:21:50 UTC 2019 /home/travis/build/icyphy/ptII/ptolemy/actor/lib/test/auto/SleepMultipleFire.xml
----------------- Instantiating /home/travis/build/icyphy/ptII/ptolemy/actor/lib/test/auto/SleepMultipleFire.xml
1006 ms. Memory: 528384K Free: 274019K (52%)
----------------- Invoking toplevel() on ptolemy.moml.MoMLSimpleApplication@439f3908
----------------- Done invoking toplevel() on ptolemy.moml.MoMLSimpleApplication@439f3908
reloadAllAccessors: .SleepMultipleFire

===========================================================================================
----------------- testing Mon Dec 09 06:21:51 UTC 2019 /home/travis/build/icyphy/ptII/ptolemy/actor/lib/test/auto/StopDE.xml
----------------- Instantiating /home/travis/build/icyphy/ptII/ptolemy/actor/lib/test/auto/StopDE.xml
4 ms. Memory: 528384K Free: 267875K (51%)
----------------- Invoking toplevel() on ptolemy.moml.MoMLSimpleApplication@1be47ea9
----------------- Done invoking toplevel() on ptolemy.moml.MoMLSimpleApplication@1be47ea9
reloadAllAccessors: .StopDE

===========================================================================================
----------------- testing Mon Dec 09 06:21:51 UTC 2019 /home/travis/build/icyphy/ptII/ptolemy/actor/lib/test/auto/StopSDF.xml
----------------- Instantiating /home/travis/build/icyphy/ptII/ptolemy/actor/lib/test/auto/StopSDF.xml
3 ms. Memory: 528384K Free: 262755K (50%)
----------------- Invoking toplevel() on ptolemy.moml.MoMLSimpleApplication@6c966571
----------------- Done invoking toplevel() on ptolemy.moml.MoMLSimpleApplication@6c966571
reloadAllAccessors: .StopSDF

===========================================================================================
----------------- testing Mon Dec 09 06:21:51 UTC 2019 /home/travis/build/icyphy/ptII/ptolemy/actor/lib/test/auto/StringConstant.xml
----------------- Instantiating /home/travis/build/icyphy/ptII/ptolemy/actor/lib/test/auto/StringConstant.xml
11 ms. Memory: 528384K Free: 258659K (49%)
----------------- Invoking toplevel() on ptolemy.moml.MoMLSimpleApplication@52eca60d
----------------- Done invoking toplevel() on ptolemy.moml.MoMLSimpleApplication@52eca60d
reloadAllAccessors: .StringConstant

===========================================================================================
----------------- testing Mon Dec 09 06:21:51 UTC 2019 /home/travis/build/icyphy/ptII/ptolemy/actor/lib/test/auto/SubscriberPortInitialValues1.xml
----------------- Instantiating /home/travis/build/icyphy/ptII/ptolemy/actor/lib/test/auto/SubscriberPortInitialValues1.xml
10 ms. Memory: 528384K Free: 249953K (47%)
----------------- Invoking toplevel() on ptolemy.moml.MoMLSimpleApplication@7fce2c53
----------------- Done invoking toplevel() on ptolemy.moml.MoMLSimpleApplication@7fce2c53
reloadAllAccessors: .SubscriberPortInitialValues1

===========================================================================================
----------------- testing Mon Dec 09 06:21:51 UTC 2019 /home/travis/build/icyphy/ptII/ptolemy/actor/lib/test/auto/SubscriberPortInitialValues13.xml
----------------- Instantiating /home/travis/build/icyphy/ptII/ptolemy/actor/lib/test/auto/SubscriberPortInitialValues13.xml
6 ms. Memory: 528384K Free: 237155K (45%)
----------------- Invoking toplevel() on ptolemy.moml.MoMLSimpleApplication@7a83d4da
----------------- Done invoking toplevel() on ptolemy.moml.MoMLSimpleApplication@7a83d4da
reloadAllAccessors: .SubscriberPortInitialValues13

===========================================================================================
----------------- testing Mon Dec 09 06:21:51 UTC 2019 /home/travis/build/icyphy/ptII/ptolemy/actor/lib/test/auto/SubscriberPortInitialValues14.xml
----------------- Instantiating /home/travis/build/icyphy/ptII/ptolemy/actor/lib/test/auto/SubscriberPortInitialValues14.xml
4 ms. Memory: 528384K Free: 229473K (43%)
----------------- Invoking toplevel() on ptolemy.moml.MoMLSimpleApplication@5740b1fd
----------------- Done invoking toplevel() on ptolemy.moml.MoMLSimpleApplication@5740b1fd
reloadAllAccessors: .SubscriberPortInitialValues14

===========================================================================================
----------------- testing Mon Dec 09 06:21:51 UTC 2019 /home/travis/build/icyphy/ptII/ptolemy/actor/lib/test/auto/SubscriberPortInitialValues2.xml
----------------- Instantiating /home/travis/build/icyphy/ptII/ptolemy/actor/lib/test/auto/SubscriberPortInitialValues2.xml
12 ms. Memory: 528384K Free: 221795K (42%)
----------------- Invoking toplevel() on ptolemy.moml.MoMLSimpleApplication@2c73785c
----------------- Done invoking toplevel() on ptolemy.moml.MoMLSimpleApplication@2c73785c
reloadAllAccessors: .SubscriberPortInitialValues2

===========================================================================================
----------------- testing Mon Dec 09 06:21:51 UTC 2019 /home/travis/build/icyphy/ptII/ptolemy/actor/lib/test/auto/SubscriberPortInitialValues3.xml
----------------- Instantiating /home/travis/build/icyphy/ptII/ptolemy/actor/lib/test/auto/SubscriberPortInitialValues3.xml
4 ms. Memory: 528384K Free: 211041K (40%)
----------------- Invoking toplevel() on ptolemy.moml.MoMLSimpleApplication@6224462
----------------- Done invoking toplevel() on ptolemy.moml.MoMLSimpleApplication@6224462
reloadAllAccessors: .SubscriberPortInitialValues3

===========================================================================================
----------------- testing Mon Dec 09 06:21:51 UTC 2019 /home/travis/build/icyphy/ptII/ptolemy/actor/lib/test/auto/SubscriptionAggregator.xml
----------------- Instantiating /home/travis/build/icyphy/ptII/ptolemy/actor/lib/test/auto/SubscriptionAggregator.xml
2 ms. Memory: 528384K Free: 204387K (39%)
----------------- Invoking toplevel() on ptolemy.moml.MoMLSimpleApplication@12e963cc
----------------- Done invoking toplevel() on ptolemy.moml.MoMLSimpleApplication@12e963cc
reloadAllAccessors: .SubscriptionAggregator

===========================================================================================
----------------- testing Mon Dec 09 06:21:51 UTC 2019 /home/travis/build/icyphy/ptII/ptolemy/actor/lib/test/auto/SubscriptionAggregator2.xml
----------------- Instantiating /home/travis/build/icyphy/ptII/ptolemy/actor/lib/test/auto/SubscriptionAggregator2.xml
3 ms. Memory: 528384K Free: 197723K (37%)
----------------- Invoking toplevel() on ptolemy.moml.MoMLSimpleApplication@5c67d9fe
----------------- Done invoking toplevel() on ptolemy.moml.MoMLSimpleApplication@5c67d9fe
reloadAllAccessors: .SubscriptionAggregator2

===========================================================================================
----------------- testing Mon Dec 09 06:21:51 UTC 2019 /home/travis/build/icyphy/ptII/ptolemy/actor/lib/test/auto/SubscriptionAggregator3.xml
----------------- Instantiating /home/travis/build/icyphy/ptII/ptolemy/actor/lib/test/auto/SubscriptionAggregator3.xml
4 ms. Memory: 528384K Free: 189027K (36%)
----------------- Invoking toplevel() on ptolemy.moml.MoMLSimpleApplication@6899192e
----------------- Done invoking toplevel() on ptolemy.moml.MoMLSimpleApplication@6899192e
reloadAllAccessors: .SubscriptionAggregator3

===========================================================================================
----------------- testing Mon Dec 09 06:21:51 UTC 2019 /home/travis/build/icyphy/ptII/ptolemy/actor/lib/test/auto/SubscriptionAggregatorMultiply.xml
----------------- Instantiating /home/travis/build/icyphy/ptII/ptolemy/actor/lib/test/auto/SubscriptionAggregatorMultiply.xml
3 ms. Memory: 528384K Free: 180835K (34%)
----------------- Invoking toplevel() on ptolemy.moml.MoMLSimpleApplication@39085be2
----------------- Done invoking toplevel() on ptolemy.moml.MoMLSimpleApplication@39085be2
reloadAllAccessors: .SubscriptionAggregatorMultiply

===========================================================================================
----------------- testing Mon Dec 09 06:21:51 UTC 2019 /home/travis/build/icyphy/ptII/ptolemy/actor/lib/test/auto/SubscriptionAggregatorPortMultiply1.xml
----------------- Instantiating /home/travis/build/icyphy/ptII/ptolemy/actor/lib/test/auto/SubscriptionAggregatorPortMultiply1.xml
3 ms. Memory: 528384K Free: 172643K (33%)
----------------- Invoking toplevel() on ptolemy.moml.MoMLSimpleApplication@5d93a6f2
----------------- Done invoking toplevel() on ptolemy.moml.MoMLSimpleApplication@5d93a6f2
reloadAllAccessors: .SubscriptionAggregatorPortMultiply1

===========================================================================================
----------------- testing Mon Dec 09 06:21:51 UTC 2019 /home/travis/build/icyphy/ptII/ptolemy/actor/lib/test/auto/Switch.xml
----------------- Instantiating /home/travis/build/icyphy/ptII/ptolemy/actor/lib/test/auto/Switch.xml
28 ms. Memory: 528384K Free: 476284K (90%)
----------------- Invoking toplevel() on ptolemy.moml.MoMLSimpleApplication@ea05b19
----------------- Done invoking toplevel() on ptolemy.moml.MoMLSimpleApplication@ea05b19
reloadAllAccessors: .Switch

===========================================================================================
----------------- testing Mon Dec 09 06:21:51 UTC 2019 /home/travis/build/icyphy/ptII/ptolemy/actor/lib/test/auto/Switch2.xml
----------------- Instantiating /home/travis/build/icyphy/ptII/ptolemy/actor/lib/test/auto/Switch2.xml
2 ms. Memory: 528384K Free: 470910K (89%)
----------------- Invoking toplevel() on ptolemy.moml.MoMLSimpleApplication@67a64a5b
----------------- Done invoking toplevel() on ptolemy.moml.MoMLSimpleApplication@67a64a5b
reloadAllAccessors: .Switch2

===========================================================================================
----------------- testing Mon Dec 09 06:21:51 UTC 2019 /home/travis/build/icyphy/ptII/ptolemy/actor/lib/test/auto/SwitchDE.xml
----------------- Instantiating /home/travis/build/icyphy/ptII/ptolemy/actor/lib/test/auto/SwitchDE.xml
2 ms. Memory: 528384K Free: 464766K (88%)
----------------- Invoking toplevel() on ptolemy.moml.MoMLSimpleApplication@4570405a
----------------- Done invoking toplevel() on ptolemy.moml.MoMLSimpleApplication@4570405a
reloadAllAccessors: .SwitchDE

===========================================================================================
----------------- testing Mon Dec 09 06:21:52 UTC 2019 /home/travis/build/icyphy/ptII/ptolemy/actor/lib/test/auto/SynchronizerDE.xml
----------------- Instantiating /home/travis/build/icyphy/ptII/ptolemy/actor/lib/test/auto/SynchronizerDE.xml
9 ms. Memory: 528384K Free: 456574K (86%)
----------------- Invoking toplevel() on ptolemy.moml.MoMLSimpleApplication@617d6f2f
----------------- Done invoking toplevel() on ptolemy.moml.MoMLSimpleApplication@617d6f2f
reloadAllAccessors: .SynchronizerDE

===========================================================================================
----------------- testing Mon Dec 09 06:21:52 UTC 2019 /home/travis/build/icyphy/ptII/ptolemy/actor/lib/test/auto/Test.xml
----------------- Instantiating /home/travis/build/icyphy/ptII/ptolemy/actor/lib/test/auto/Test.xml
10 ms. Memory: 528384K Free: 451454K (85%)
----------------- Invoking toplevel() on ptolemy.moml.MoMLSimpleApplication@2c38c14e
----------------- Done invoking toplevel() on ptolemy.moml.MoMLSimpleApplication@2c38c14e
reloadAllAccessors: .Test

===========================================================================================
----------------- testing Mon Dec 09 06:21:52 UTC 2019 /home/travis/build/icyphy/ptII/ptolemy/actor/lib/test/auto/TestExceptionAttribute1.xml
----------------- Instantiating /home/travis/build/icyphy/ptII/ptolemy/actor/lib/test/auto/TestExceptionAttribute1.xml
1 ms. Memory: 528384K Free: 447868K (85%)
----------------- Invoking toplevel() on ptolemy.moml.MoMLSimpleApplication@31a2c27e
----------------- Done invoking toplevel() on ptolemy.moml.MoMLSimpleApplication@31a2c27e
reloadAllAccessors: .TestExceptionAttribute1

===========================================================================================
----------------- testing Mon Dec 09 06:21:52 UTC 2019 /home/travis/build/icyphy/ptII/ptolemy/actor/lib/test/auto/TestExceptionAttribute2.xml
----------------- Instantiating /home/travis/build/icyphy/ptII/ptolemy/actor/lib/test/auto/TestExceptionAttribute2.xml
2 ms. Memory: 528384K Free: 444286K (84%)
----------------- Invoking toplevel() on ptolemy.moml.MoMLSimpleApplication@2053b818
----------------- Done invoking toplevel() on ptolemy.moml.MoMLSimpleApplication@2053b818
reloadAllAccessors: .TestExceptionAttribute2

===========================================================================================
----------------- testing Mon Dec 09 06:21:52 UTC 2019 /home/travis/build/icyphy/ptII/ptolemy/actor/lib/test/auto/TestExceptionAttribute3.xml
----------------- Instantiating /home/travis/build/icyphy/ptII/ptolemy/actor/lib/test/auto/TestExceptionAttribute3.xml
.TestExceptionAttribute3.TestExceptionAttribute: initialize() was not invoked, but wrapup() was.  This is unusual, but not always a problem.  For example, exporting JNLP will do this.
1 ms. Memory: 528384K Free: 440700K (83%)
----------------- Invoking toplevel() on ptolemy.moml.MoMLSimpleApplication@169dcf10
----------------- Done invoking toplevel() on ptolemy.moml.MoMLSimpleApplication@169dcf10
reloadAllAccessors: .TestExceptionAttribute3

===========================================================================================
----------------- testing Mon Dec 09 06:21:52 UTC 2019 /home/travis/build/icyphy/ptII/ptolemy/actor/lib/test/auto/TestExceptionAttribute4.xml
----------------- Instantiating /home/travis/build/icyphy/ptII/ptolemy/actor/lib/test/auto/TestExceptionAttribute4.xml
.TestExceptionAttribute4.TestExceptionAttribute: initialize() was not invoked, but wrapup() was.  This is unusual, but not always a problem.  For example, exporting JNLP will do this.
.TestExceptionAttribute4.TestExceptionAttribute2: initialize() was not invoked, but wrapup() was.  This is unusual, but not always a problem.  For example, exporting JNLP will do this.
0 ms. Memory: 528384K Free: 436604K (83%)
----------------- Invoking toplevel() on ptolemy.moml.MoMLSimpleApplication@2eeeb143
----------------- Done invoking toplevel() on ptolemy.moml.MoMLSimpleApplication@2eeeb143
reloadAllAccessors: .TestExceptionAttribute4

===========================================================================================
----------------- testing Mon Dec 09 06:21:52 UTC 2019 /home/travis/build/icyphy/ptII/ptolemy/actor/lib/test/auto/TestExceptionHandler1.xml
----------------- Instantiating /home/travis/build/icyphy/ptII/ptolemy/actor/lib/test/auto/TestExceptionHandler1.xml
1 ms. Memory: 528384K Free: 433022K (82%)
----------------- Invoking toplevel() on ptolemy.moml.MoMLSimpleApplication@583bee3b
----------------- Done invoking toplevel() on ptolemy.moml.MoMLSimpleApplication@583bee3b
reloadAllAccessors: .TestExceptionHandler1

===========================================================================================
----------------- testing Mon Dec 09 06:21:52 UTC 2019 /home/travis/build/icyphy/ptII/ptolemy/actor/lib/test/auto/TestExceptionHandler2.xml
----------------- Instantiating /home/travis/build/icyphy/ptII/ptolemy/actor/lib/test/auto/TestExceptionHandler2.xml
2 ms. Memory: 528384K Free: 429436K (81%)
----------------- Invoking toplevel() on ptolemy.moml.MoMLSimpleApplication@1d7ca2ce
----------------- Done invoking toplevel() on ptolemy.moml.MoMLSimpleApplication@1d7ca2ce
reloadAllAccessors: .TestExceptionHandler2

===========================================================================================
----------------- testing Mon Dec 09 06:21:52 UTC 2019 /home/travis/build/icyphy/ptII/ptolemy/actor/lib/test/auto/TestExceptionHandler3.xml
----------------- Instantiating /home/travis/build/icyphy/ptII/ptolemy/actor/lib/test/auto/TestExceptionHandler3.xml
1 ms. Memory: 528384K Free: 425854K (81%)
----------------- Invoking toplevel() on ptolemy.moml.MoMLSimpleApplication@27300e6f
----------------- Done invoking toplevel() on ptolemy.moml.MoMLSimpleApplication@27300e6f
reloadAllAccessors: .TestExceptionHandler3

===========================================================================================
----------------- testing Mon Dec 09 06:21:52 UTC 2019 /home/travis/build/icyphy/ptII/ptolemy/actor/lib/test/auto/TestExceptionHandler4.xml
----------------- Instantiating /home/travis/build/icyphy/ptII/ptolemy/actor/lib/test/auto/TestExceptionHandler4.xml
1 ms. Memory: 528384K Free: 421758K (80%)
----------------- Invoking toplevel() on ptolemy.moml.MoMLSimpleApplication@51ba55ee
----------------- Done invoking toplevel() on ptolemy.moml.MoMLSimpleApplication@51ba55ee
reloadAllAccessors: .TestExceptionHandler4

===========================================================================================
----------------- testing Mon Dec 09 06:21:52 UTC 2019 /home/travis/build/icyphy/ptII/ptolemy/actor/lib/test/auto/TestRequireCorrectOrder.xml
----------------- Instantiating /home/travis/build/icyphy/ptII/ptolemy/actor/lib/test/auto/TestRequireCorrectOrder.xml
3 ms. Memory: 528384K Free: 416638K (79%)
----------------- Invoking toplevel() on ptolemy.moml.MoMLSimpleApplication@472ca2da
----------------- Done invoking toplevel() on ptolemy.moml.MoMLSimpleApplication@472ca2da
reloadAllAccessors: .TestRequireCorrectOrder

===========================================================================================
----------------- testing Mon Dec 09 06:21:52 UTC 2019 /home/travis/build/icyphy/ptII/ptolemy/actor/lib/test/auto/TestSimple.xml
----------------- Instantiating /home/travis/build/icyphy/ptII/ptolemy/actor/lib/test/auto/TestSimple.xml
5 ms. Memory: 528384K Free: 412028K (78%)
----------------- Invoking toplevel() on ptolemy.moml.MoMLSimpleApplication@7141e8ca
----------------- Done invoking toplevel() on ptolemy.moml.MoMLSimpleApplication@7141e8ca
reloadAllAccessors: .TestSimple

===========================================================================================
----------------- testing Mon Dec 09 06:21:52 UTC 2019 /home/travis/build/icyphy/ptII/ptolemy/actor/lib/test/auto/ThrowModelError.xml
----------------- Instantiating /home/travis/build/icyphy/ptII/ptolemy/actor/lib/test/auto/ThrowModelError.xml
2 ms. Memory: 528384K Free: 407422K (77%)
----------------- Invoking toplevel() on ptolemy.moml.MoMLSimpleApplication@4b77ec0c
----------------- Done invoking toplevel() on ptolemy.moml.MoMLSimpleApplication@4b77ec0c
reloadAllAccessors: .ThrowModelError

===========================================================================================
----------------- testing Mon Dec 09 06:21:52 UTC 2019 /home/travis/build/icyphy/ptII/ptolemy/actor/lib/test/auto/TimeDelayMicrosteps.xml
----------------- Instantiating /home/travis/build/icyphy/ptII/ptolemy/actor/lib/test/auto/TimeDelayMicrosteps.xml
3 ms. Memory: 528384K Free: 400734K (76%)
----------------- Invoking toplevel() on ptolemy.moml.MoMLSimpleApplication@680041a8
----------------- Done invoking toplevel() on ptolemy.moml.MoMLSimpleApplication@680041a8
reloadAllAccessors: .TimeDelayMicrosteps

===========================================================================================
----------------- testing Mon Dec 09 06:21:52 UTC 2019 /home/travis/build/icyphy/ptII/ptolemy/actor/lib/test/auto/TimeDelayMicrosteps2.xml
----------------- Instantiating /home/travis/build/icyphy/ptII/ptolemy/actor/lib/test/auto/TimeDelayMicrosteps2.xml
3 ms. Memory: 528384K Free: 393582K (74%)
----------------- Invoking toplevel() on ptolemy.moml.MoMLSimpleApplication@5074e293
----------------- Done invoking toplevel() on ptolemy.moml.MoMLSimpleApplication@5074e293
reloadAllAccessors: .TimeDelayMicrosteps2

===========================================================================================
----------------- testing Mon Dec 09 06:21:52 UTC 2019 /home/travis/build/icyphy/ptII/ptolemy/actor/lib/test/auto/TimeDelayMicrosteps3.xml
----------------- Instantiating /home/travis/build/icyphy/ptII/ptolemy/actor/lib/test/auto/TimeDelayMicrosteps3.xml
3 ms. Memory: 528384K Free: 386942K (73%)
----------------- Invoking toplevel() on ptolemy.moml.MoMLSimpleApplication@12f7625c
----------------- Done invoking toplevel() on ptolemy.moml.MoMLSimpleApplication@12f7625c
reloadAllAccessors: .TimeDelayMicrosteps3

===========================================================================================
----------------- testing Mon Dec 09 06:21:52 UTC 2019 /home/travis/build/icyphy/ptII/ptolemy/actor/lib/test/auto/TimeDelayVariableMicrosteps.xml
----------------- Instantiating /home/travis/build/icyphy/ptII/ptolemy/actor/lib/test/auto/TimeDelayVariableMicrosteps.xml
3 ms. Memory: 528384K Free: 380284K (72%)
----------------- Invoking toplevel() on ptolemy.moml.MoMLSimpleApplication@1380b583
----------------- Done invoking toplevel() on ptolemy.moml.MoMLSimpleApplication@1380b583
reloadAllAccessors: .TimeDelayVariableMicrosteps

===========================================================================================
----------------- testing Mon Dec 09 06:21:52 UTC 2019 /home/travis/build/icyphy/ptII/ptolemy/actor/lib/test/auto/TimeGap.xml
----------------- Instantiating /home/travis/build/icyphy/ptII/ptolemy/actor/lib/test/auto/TimeGap.xml
3 ms. Memory: 528384K Free: 375150K (71%)
----------------- Invoking toplevel() on ptolemy.moml.MoMLSimpleApplication@5495309c
----------------- Done invoking toplevel() on ptolemy.moml.MoMLSimpleApplication@5495309c
reloadAllAccessors: .TimeGap

===========================================================================================
----------------- testing Mon Dec 09 06:21:52 UTC 2019 /home/travis/build/icyphy/ptII/ptolemy/actor/lib/test/auto/TimeGap2.xml
----------------- Instantiating /home/travis/build/icyphy/ptII/ptolemy/actor/lib/test/auto/TimeGap2.xml
2 ms. Memory: 528384K Free: 369534K (70%)
----------------- Invoking toplevel() on ptolemy.moml.MoMLSimpleApplication@16bbe9dc
----------------- Done invoking toplevel() on ptolemy.moml.MoMLSimpleApplication@16bbe9dc
reloadAllAccessors: .TimeGap2

===========================================================================================
----------------- testing Mon Dec 09 06:21:52 UTC 2019 /home/travis/build/icyphy/ptII/ptolemy/actor/lib/test/auto/TimedSinewave.xml
----------------- Instantiating /home/travis/build/icyphy/ptII/ptolemy/actor/lib/test/auto/TimedSinewave.xml
15 ms. Memory: 528384K Free: 355198K (67%)
----------------- Invoking toplevel() on ptolemy.moml.MoMLSimpleApplication@68415dce
----------------- Done invoking toplevel() on ptolemy.moml.MoMLSimpleApplication@68415dce
reloadAllAccessors: .TimedSinewave

===========================================================================================
----------------- testing Mon Dec 09 06:21:52 UTC 2019 /home/travis/build/icyphy/ptII/ptolemy/actor/lib/test/auto/TimedSinewavePhase.xml
----------------- Instantiating /home/travis/build/icyphy/ptII/ptolemy/actor/lib/test/auto/TimedSinewavePhase.xml
10 ms. Memory: 528384K Free: 344958K (65%)
----------------- Invoking toplevel() on ptolemy.moml.MoMLSimpleApplication@30ac71ac
----------------- Done invoking toplevel() on ptolemy.moml.MoMLSimpleApplication@30ac71ac
reloadAllAccessors: .TimedSinewavePhase

===========================================================================================
----------------- testing Mon Dec 09 06:21:52 UTC 2019 /home/travis/build/icyphy/ptII/ptolemy/actor/lib/test/auto/Timer.xml
----------------- Instantiating /home/travis/build/icyphy/ptII/ptolemy/actor/lib/test/auto/Timer.xml
2 ms. Memory: 528384K Free: 339324K (64%)
----------------- Invoking toplevel() on ptolemy.moml.MoMLSimpleApplication@529f8456
----------------- Done invoking toplevel() on ptolemy.moml.MoMLSimpleApplication@529f8456
reloadAllAccessors: .Timer

===========================================================================================
----------------- testing Mon Dec 09 06:21:52 UTC 2019 /home/travis/build/icyphy/ptII/ptolemy/actor/lib/test/auto/TriangularDistTestModel.xml
----------------- Instantiating /home/travis/build/icyphy/ptII/ptolemy/actor/lib/test/auto/TriangularDistTestModel.xml
2 ms. Memory: 528384K Free: 333694K (63%)
----------------- Invoking toplevel() on ptolemy.moml.MoMLSimpleApplication@72b38c37
----------------- Done invoking toplevel() on ptolemy.moml.MoMLSimpleApplication@72b38c37
reloadAllAccessors: .TriangularDistTestModel

===========================================================================================
----------------- testing Mon Dec 09 06:21:52 UTC 2019 /home/travis/build/icyphy/ptII/ptolemy/actor/lib/test/auto/TrigFunction.xml
----------------- Instantiating /home/travis/build/icyphy/ptII/ptolemy/actor/lib/test/auto/TrigFunction.xml
2 ms. Memory: 528384K Free: 329084K (62%)
----------------- Invoking toplevel() on ptolemy.moml.MoMLSimpleApplication@333fa7c7
----------------- Done invoking toplevel() on ptolemy.moml.MoMLSimpleApplication@333fa7c7
reloadAllAccessors: .TrigFunction

===========================================================================================
----------------- testing Mon Dec 09 06:21:52 UTC 2019 /home/travis/build/icyphy/ptII/ptolemy/actor/lib/test/auto/TrigFunctionDE.xml
----------------- Instantiating /home/travis/build/icyphy/ptII/ptolemy/actor/lib/test/auto/TrigFunctionDE.xml
4 ms. Memory: 528384K Free: 323454K (61%)
----------------- Invoking toplevel() on ptolemy.moml.MoMLSimpleApplication@bc5861d
----------------- Done invoking toplevel() on ptolemy.moml.MoMLSimpleApplication@bc5861d
reloadAllAccessors: .TrigFunctionDE

===========================================================================================
----------------- testing Mon Dec 09 06:21:52 UTC 2019 /home/travis/build/icyphy/ptII/ptolemy/actor/lib/test/auto/TrigFunctionInverse.xml
----------------- Instantiating /home/travis/build/icyphy/ptII/ptolemy/actor/lib/test/auto/TrigFunctionInverse.xml
2 ms. Memory: 528384K Free: 318334K (60%)
----------------- Invoking toplevel() on ptolemy.moml.MoMLSimpleApplication@73df85b8
----------------- Done invoking toplevel() on ptolemy.moml.MoMLSimpleApplication@73df85b8
reloadAllAccessors: .TrigFunctionInverse

===========================================================================================
----------------- testing Mon Dec 09 06:21:52 UTC 2019 /home/travis/build/icyphy/ptII/ptolemy/actor/lib/test/auto/TrigFunctionTan.xml
----------------- Instantiating /home/travis/build/icyphy/ptII/ptolemy/actor/lib/test/auto/TrigFunctionTan.xml
1 ms. Memory: 528384K Free: 313724K (59%)
----------------- Invoking toplevel() on ptolemy.moml.MoMLSimpleApplication@43089e74
----------------- Done invoking toplevel() on ptolemy.moml.MoMLSimpleApplication@43089e74
reloadAllAccessors: .TrigFunctionTan

===========================================================================================
----------------- testing Mon Dec 09 06:21:52 UTC 2019 /home/travis/build/icyphy/ptII/ptolemy/actor/lib/test/auto/TriggeredClock.xml
----------------- Instantiating /home/travis/build/icyphy/ptII/ptolemy/actor/lib/test/auto/TriggeredClock.xml
2 ms. Memory: 528384K Free: 308094K (58%)
----------------- Invoking toplevel() on ptolemy.moml.MoMLSimpleApplication@3d0d525c
----------------- Done invoking toplevel() on ptolemy.moml.MoMLSimpleApplication@3d0d525c
reloadAllAccessors: .TriggeredClock

===========================================================================================
----------------- testing Mon Dec 09 06:21:52 UTC 2019 /home/travis/build/icyphy/ptII/ptolemy/actor/lib/test/auto/URLDirectoryReader.xml
----------------- Instantiating /home/travis/build/icyphy/ptII/ptolemy/actor/lib/test/auto/URLDirectoryReader.xml
48 ms. Memory: 528384K Free: 298364K (56%)
----------------- Invoking toplevel() on ptolemy.moml.MoMLSimpleApplication@18f63521
----------------- Done invoking toplevel() on ptolemy.moml.MoMLSimpleApplication@18f63521
reloadAllAccessors: .URLDirectoryReader

===========================================================================================
----------------- testing Mon Dec 09 06:21:52 UTC 2019 /home/travis/build/icyphy/ptII/ptolemy/actor/lib/test/auto/URLDirectoryReader3.xml
----------------- Instantiating /home/travis/build/icyphy/ptII/ptolemy/actor/lib/test/auto/URLDirectoryReader3.xml
1108 ms. Memory: 528384K Free: 470240K (89%)
----------------- Invoking toplevel() on ptolemy.moml.MoMLSimpleApplication@2de7e767
----------------- Done invoking toplevel() on ptolemy.moml.MoMLSimpleApplication@2de7e767
reloadAllAccessors: .URLDirectoryReader3

===========================================================================================
----------------- testing Mon Dec 09 06:21:54 UTC 2019 /home/travis/build/icyphy/ptII/ptolemy/actor/lib/test/auto/UnaryMathFunction.xml
----------------- Instantiating /home/travis/build/icyphy/ptII/ptolemy/actor/lib/test/auto/UnaryMathFunction.xml
2 ms. Memory: 528384K Free: 462449K (88%)
----------------- Invoking toplevel() on ptolemy.moml.MoMLSimpleApplication@3afd8ab1
----------------- Done invoking toplevel() on ptolemy.moml.MoMLSimpleApplication@3afd8ab1
reloadAllAccessors: .UnaryMathFunction

===========================================================================================
----------------- testing Mon Dec 09 06:21:54 UTC 2019 /home/travis/build/icyphy/ptII/ptolemy/actor/lib/test/auto/Uniform.xml
----------------- Instantiating /home/travis/build/icyphy/ptII/ptolemy/actor/lib/test/auto/Uniform.xml
4 ms. Memory: 528384K Free: 457323K (87%)
----------------- Invoking toplevel() on ptolemy.moml.MoMLSimpleApplication@30d9ec9
----------------- Done invoking toplevel() on ptolemy.moml.MoMLSimpleApplication@30d9ec9
reloadAllAccessors: .Uniform

===========================================================================================
----------------- testing Mon Dec 09 06:21:54 UTC 2019 /home/travis/build/icyphy/ptII/ptolemy/actor/lib/test/auto/UnionDisassemblerTest.xml
----------------- Instantiating /home/travis/build/icyphy/ptII/ptolemy/actor/lib/test/auto/UnionDisassemblerTest.xml
12 ms. Memory: 528384K Free: 453747K (86%)
----------------- Invoking toplevel() on ptolemy.moml.MoMLSimpleApplication@730467e2
----------------- Done invoking toplevel() on ptolemy.moml.MoMLSimpleApplication@730467e2
reloadAllAccessors: .UnionDisassemblerTest

===========================================================================================
----------------- testing Mon Dec 09 06:21:54 UTC 2019 /home/travis/build/icyphy/ptII/ptolemy/actor/lib/test/auto/UtilityFunctions.xml
----------------- Instantiating /home/travis/build/icyphy/ptII/ptolemy/actor/lib/test/auto/UtilityFunctions.xml
1 ms. Memory: 528384K Free: 449651K (85%)
----------------- Invoking toplevel() on ptolemy.moml.MoMLSimpleApplication@1404162e
----------------- Done invoking toplevel() on ptolemy.moml.MoMLSimpleApplication@1404162e
reloadAllAccessors: .UtilityFunctions

===========================================================================================
----------------- testing Mon Dec 09 06:21:54 UTC 2019 /home/travis/build/icyphy/ptII/ptolemy/actor/lib/test/auto/VariableSleep.xml
----------------- Instantiating /home/travis/build/icyphy/ptII/ptolemy/actor/lib/test/auto/VariableSleep.xml
503 ms. Memory: 528384K Free: 444531K (84%)
----------------- Invoking toplevel() on ptolemy.moml.MoMLSimpleApplication@6b49db21
----------------- Done invoking toplevel() on ptolemy.moml.MoMLSimpleApplication@6b49db21
reloadAllAccessors: .VariableSleep

===========================================================================================
----------------- testing Mon Dec 09 06:21:54 UTC 2019 /home/travis/build/icyphy/ptII/ptolemy/actor/lib/test/auto/VectorAssemblerDisassemblerCT.xml
----------------- Instantiating /home/travis/build/icyphy/ptII/ptolemy/actor/lib/test/auto/VectorAssemblerDisassemblerCT.xml
64 ms. Memory: 528384K Free: 424561K (80%)
----------------- Invoking toplevel() on ptolemy.moml.MoMLSimpleApplication@741c2f7f
----------------- Done invoking toplevel() on ptolemy.moml.MoMLSimpleApplication@741c2f7f
reloadAllAccessors: .VectorAssemblerDisassemblerCT

===========================================================================================
----------------- testing Mon Dec 09 06:21:54 UTC 2019 /home/travis/build/icyphy/ptII/ptolemy/actor/lib/test/auto/VectorAssemblerDisassemblerDE.xml
----------------- Instantiating /home/travis/build/icyphy/ptII/ptolemy/actor/lib/test/auto/VectorAssemblerDisassemblerDE.xml
3 ms. Memory: 528384K Free: 416883K (79%)
----------------- Invoking toplevel() on ptolemy.moml.MoMLSimpleApplication@3ae6d3b7
----------------- Done invoking toplevel() on ptolemy.moml.MoMLSimpleApplication@3ae6d3b7
reloadAllAccessors: .VectorAssemblerDisassemblerDE

===========================================================================================
----------------- testing Mon Dec 09 06:21:54 UTC 2019 /home/travis/build/icyphy/ptII/ptolemy/actor/lib/test/auto/VectorAssemblerDisassemblerSDF.xml
----------------- Instantiating /home/travis/build/icyphy/ptII/ptolemy/actor/lib/test/auto/VectorAssemblerDisassemblerSDF.xml
3 ms. Memory: 528384K Free: 410739K (78%)
----------------- Invoking toplevel() on ptolemy.moml.MoMLSimpleApplication@538bfb5f
----------------- Done invoking toplevel() on ptolemy.moml.MoMLSimpleApplication@538bfb5f
reloadAllAccessors: .VectorAssemblerDisassemblerSDF

===========================================================================================
----------------- testing Mon Dec 09 06:21:54 UTC 2019 /home/travis/build/icyphy/ptII/ptolemy/actor/lib/test/auto/WallClockTime.xml
----------------- Instantiating /home/travis/build/icyphy/ptII/ptolemy/actor/lib/test/auto/WallClockTime.xml
1014 ms. Memory: 528384K Free: 405619K (77%)
----------------- Invoking toplevel() on ptolemy.moml.MoMLSimpleApplication@87b7dfb
----------------- Done invoking toplevel() on ptolemy.moml.MoMLSimpleApplication@87b7dfb
reloadAllAccessors: .WallClockTime

===========================================================================================
----------------- testing Mon Dec 09 06:21:55 UTC 2019 /home/travis/build/icyphy/ptII/ptolemy/actor/lib/test/auto/WidthTestWithSubscriberPublisher.xml
----------------- Instantiating /home/travis/build/icyphy/ptII/ptolemy/actor/lib/test/auto/WidthTestWithSubscriberPublisher.xml
8 ms. Memory: 528384K Free: 387697K (73%)
----------------- Invoking toplevel() on ptolemy.moml.MoMLSimpleApplication@69f26226
----------------- Done invoking toplevel() on ptolemy.moml.MoMLSimpleApplication@69f26226
reloadAllAccessors: .WidthTestWithSubscriberPublisher

===========================================================================================
----------------- testing Mon Dec 09 06:21:55 UTC 2019 /home/travis/build/icyphy/ptII/ptolemy/actor/lib/test/auto/WidthTestWithSubscriberPublisher2.xml
----------------- Instantiating /home/travis/build/icyphy/ptII/ptolemy/actor/lib/test/auto/WidthTestWithSubscriberPublisher2.xml
6 ms. Memory: 528384K Free: 381553K (72%)
----------------- Invoking toplevel() on ptolemy.moml.MoMLSimpleApplication@4f78f988
----------------- Done invoking toplevel() on ptolemy.moml.MoMLSimpleApplication@4f78f988
reloadAllAccessors: .WidthTestWithSubscriberPublisher2

===========================================================================================
----------------- testing Mon Dec 09 06:21:55 UTC 2019 /home/travis/build/icyphy/ptII/ptolemy/actor/lib/test/auto/WidthTestWithSubscriberPublisher3.xml
----------------- Instantiating /home/travis/build/icyphy/ptII/ptolemy/actor/lib/test/auto/WidthTestWithSubscriberPublisher3.xml
2 ms. Memory: 528384K Free: 375923K (71%)
----------------- Invoking toplevel() on ptolemy.moml.MoMLSimpleApplication@a4faa98
----------------- Done invoking toplevel() on ptolemy.moml.MoMLSimpleApplication@a4faa98
reloadAllAccessors: .WidthTestWithSubscriberPublisher3

===========================================================================================
----------------- testing Mon Dec 09 06:21:55 UTC 2019 /home/travis/build/icyphy/ptII/ptolemy/actor/lib/test/auto/Writer.xml
----------------- Instantiating /home/travis/build/icyphy/ptII/ptolemy/actor/lib/test/auto/Writer.xml
0
1
2
3
4
2 ms. Memory: 528384K Free: 371283K (70%)
----------------- Invoking toplevel() on ptolemy.moml.MoMLSimpleApplication@2126c775
----------------- Done invoking toplevel() on ptolemy.moml.MoMLSimpleApplication@2126c775
reloadAllAccessors: .Writer

===========================================================================================
----------------- testing Mon Dec 09 06:21:55 UTC 2019 /home/travis/build/icyphy/ptII/ptolemy/actor/lib/test/auto/array.xml
----------------- Instantiating /home/travis/build/icyphy/ptII/ptolemy/actor/lib/test/auto/array.xml
2 ms. Memory: 528384K Free: 366707K (69%)
----------------- Invoking toplevel() on ptolemy.moml.MoMLSimpleApplication@1fa059f9
----------------- Done invoking toplevel() on ptolemy.moml.MoMLSimpleApplication@1fa059f9
reloadAllAccessors: .array

===========================================================================================
----------------- testing Mon Dec 09 06:21:55 UTC 2019 /home/travis/build/icyphy/ptII/ptolemy/actor/lib/test/auto/array2.xml
----------------- Instantiating /home/travis/build/icyphy/ptII/ptolemy/actor/lib/test/auto/array2.xml
7 ms. Memory: 528384K Free: 361587K (68%)
----------------- Invoking toplevel() on ptolemy.moml.MoMLSimpleApplication@311ead25
----------------- Done invoking toplevel() on ptolemy.moml.MoMLSimpleApplication@311ead25
reloadAllAccessors: .array2

===========================================================================================
----------------- testing Mon Dec 09 06:21:55 UTC 2019 /home/travis/build/icyphy/ptII/ptolemy/actor/lib/test/auto/arrayType.xml
----------------- Instantiating /home/travis/build/icyphy/ptII/ptolemy/actor/lib/test/auto/arrayType.xml
1 ms. Memory: 528384K Free: 356467K (67%)
----------------- Invoking toplevel() on ptolemy.moml.MoMLSimpleApplication@49bf1728
----------------- Done invoking toplevel() on ptolemy.moml.MoMLSimpleApplication@49bf1728
reloadAllAccessors: .arrayType

===========================================================================================
----------------- testing Mon Dec 09 06:21:55 UTC 2019 /home/travis/build/icyphy/ptII/ptolemy/actor/lib/test/auto/arrayType10.xml
----------------- Instantiating /home/travis/build/icyphy/ptII/ptolemy/actor/lib/test/auto/arrayType10.xml
2 ms. Memory: 528384K Free: 351857K (67%)
----------------- Invoking toplevel() on ptolemy.moml.MoMLSimpleApplication@25d0ccb4
----------------- Done invoking toplevel() on ptolemy.moml.MoMLSimpleApplication@25d0ccb4
reloadAllAccessors: .arrayType10

===========================================================================================
----------------- testing Mon Dec 09 06:21:55 UTC 2019 /home/travis/build/icyphy/ptII/ptolemy/actor/lib/test/auto/arrayType11.xml
----------------- Instantiating /home/travis/build/icyphy/ptII/ptolemy/actor/lib/test/auto/arrayType11.xml
2 ms. Memory: 528384K Free: 346737K (66%)
----------------- Invoking toplevel() on ptolemy.moml.MoMLSimpleApplication@7a407be2
----------------- Done invoking toplevel() on ptolemy.moml.MoMLSimpleApplication@7a407be2
reloadAllAccessors: .arrayType11

===========================================================================================
----------------- testing Mon Dec 09 06:21:55 UTC 2019 /home/travis/build/icyphy/ptII/ptolemy/actor/lib/test/auto/arrayType12.xml
----------------- Instantiating /home/travis/build/icyphy/ptII/ptolemy/actor/lib/test/auto/arrayType12.xml
3 ms. Memory: 528384K Free: 342131K (65%)
----------------- Invoking toplevel() on ptolemy.moml.MoMLSimpleApplication@3d345eb5
----------------- Done invoking toplevel() on ptolemy.moml.MoMLSimpleApplication@3d345eb5
reloadAllAccessors: .arrayType12

===========================================================================================
----------------- testing Mon Dec 09 06:21:55 UTC 2019 /home/travis/build/icyphy/ptII/ptolemy/actor/lib/test/auto/arrayType13.xml
----------------- Instantiating /home/travis/build/icyphy/ptII/ptolemy/actor/lib/test/auto/arrayType13.xml
2 ms. Memory: 528384K Free: 337011K (64%)
----------------- Invoking toplevel() on ptolemy.moml.MoMLSimpleApplication@24febf77
----------------- Done invoking toplevel() on ptolemy.moml.MoMLSimpleApplication@24febf77
reloadAllAccessors: .arrayType13

===========================================================================================
----------------- testing Mon Dec 09 06:21:56 UTC 2019 /home/travis/build/icyphy/ptII/ptolemy/actor/lib/test/auto/arrayType14.xml
----------------- Instantiating /home/travis/build/icyphy/ptII/ptolemy/actor/lib/test/auto/arrayType14.xml
2 ms. Memory: 528384K Free: 331891K (63%)
----------------- Invoking toplevel() on ptolemy.moml.MoMLSimpleApplication@4f8cc0d1
----------------- Done invoking toplevel() on ptolemy.moml.MoMLSimpleApplication@4f8cc0d1
reloadAllAccessors: .arrayType14

===========================================================================================
----------------- testing Mon Dec 09 06:21:56 UTC 2019 /home/travis/build/icyphy/ptII/ptolemy/actor/lib/test/auto/arrayType15.xml
----------------- Instantiating /home/travis/build/icyphy/ptII/ptolemy/actor/lib/test/auto/arrayType15.xml
2 ms. Memory: 528384K Free: 326771K (62%)
----------------- Invoking toplevel() on ptolemy.moml.MoMLSimpleApplication@32524174
----------------- Done invoking toplevel() on ptolemy.moml.MoMLSimpleApplication@32524174
reloadAllAccessors: .arrayType15

===========================================================================================
----------------- testing Mon Dec 09 06:21:56 UTC 2019 /home/travis/build/icyphy/ptII/ptolemy/actor/lib/test/auto/arrayType16.xml
----------------- Instantiating /home/travis/build/icyphy/ptII/ptolemy/actor/lib/test/auto/arrayType16.xml
1 ms. Memory: 528384K Free: 321137K (61%)
----------------- Invoking toplevel() on ptolemy.moml.MoMLSimpleApplication@45985676
----------------- Done invoking toplevel() on ptolemy.moml.MoMLSimpleApplication@45985676
reloadAllAccessors: .arrayType16

===========================================================================================
----------------- testing Mon Dec 09 06:21:56 UTC 2019 /home/travis/build/icyphy/ptII/ptolemy/actor/lib/test/auto/arrayType17.xml
----------------- Instantiating /home/travis/build/icyphy/ptII/ptolemy/actor/lib/test/auto/arrayType17.xml
1 ms. Memory: 528384K Free: 316003K (60%)
----------------- Invoking toplevel() on ptolemy.moml.MoMLSimpleApplication@7c4cc82e
----------------- Done invoking toplevel() on ptolemy.moml.MoMLSimpleApplication@7c4cc82e
reloadAllAccessors: .arrayType17

===========================================================================================
----------------- testing Mon Dec 09 06:21:56 UTC 2019 /home/travis/build/icyphy/ptII/ptolemy/actor/lib/test/auto/arrayType18.xml
----------------- Instantiating /home/travis/build/icyphy/ptII/ptolemy/actor/lib/test/auto/arrayType18.xml
1 ms. Memory: 528384K Free: 311411K (59%)
----------------- Invoking toplevel() on ptolemy.moml.MoMLSimpleApplication@4139bc58
----------------- Done invoking toplevel() on ptolemy.moml.MoMLSimpleApplication@4139bc58
reloadAllAccessors: .arrayType18

===========================================================================================
----------------- testing Mon Dec 09 06:21:56 UTC 2019 /home/travis/build/icyphy/ptII/ptolemy/actor/lib/test/auto/arrayType19.xml
----------------- Instantiating /home/travis/build/icyphy/ptII/ptolemy/actor/lib/test/auto/arrayType19.xml
1 ms. Memory: 528384K Free: 306801K (58%)
----------------- Invoking toplevel() on ptolemy.moml.MoMLSimpleApplication@1c58cbf3
----------------- Done invoking toplevel() on ptolemy.moml.MoMLSimpleApplication@1c58cbf3
reloadAllAccessors: .arrayType19

===========================================================================================
----------------- testing Mon Dec 09 06:21:56 UTC 2019 /home/travis/build/icyphy/ptII/ptolemy/actor/lib/test/auto/arrayType2.xml
----------------- Instantiating /home/travis/build/icyphy/ptII/ptolemy/actor/lib/test/auto/arrayType2.xml
1 ms. Memory: 528384K Free: 301681K (57%)
----------------- Invoking toplevel() on ptolemy.moml.MoMLSimpleApplication@291cfa42
----------------- Done invoking toplevel() on ptolemy.moml.MoMLSimpleApplication@291cfa42
reloadAllAccessors: .arrayType2

===========================================================================================
----------------- testing Mon Dec 09 06:21:56 UTC 2019 /home/travis/build/icyphy/ptII/ptolemy/actor/lib/test/auto/arrayType20.xml
----------------- Instantiating /home/travis/build/icyphy/ptII/ptolemy/actor/lib/test/auto/arrayType20.xml
1 ms. Memory: 528384K Free: 296561K (56%)
----------------- Invoking toplevel() on ptolemy.moml.MoMLSimpleApplication@7021e106
----------------- Done invoking toplevel() on ptolemy.moml.MoMLSimpleApplication@7021e106
reloadAllAccessors: .arrayType20

===========================================================================================
----------------- testing Mon Dec 09 06:21:56 UTC 2019 /home/travis/build/icyphy/ptII/ptolemy/actor/lib/test/auto/arrayType21.xml
----------------- Instantiating /home/travis/build/icyphy/ptII/ptolemy/actor/lib/test/auto/arrayType21.xml
1 ms. Memory: 528384K Free: 291955K (55%)
----------------- Invoking toplevel() on ptolemy.moml.MoMLSimpleApplication@64d5fb6b
----------------- Done invoking toplevel() on ptolemy.moml.MoMLSimpleApplication@64d5fb6b
reloadAllAccessors: .arrayType21

===========================================================================================
----------------- testing Mon Dec 09 06:21:56 UTC 2019 /home/travis/build/icyphy/ptII/ptolemy/actor/lib/test/auto/arrayType22.xml
----------------- Instantiating /home/travis/build/icyphy/ptII/ptolemy/actor/lib/test/auto/arrayType22.xml
1 ms. Memory: 528384K Free: 287345K (54%)
----------------- Invoking toplevel() on ptolemy.moml.MoMLSimpleApplication@72e78f27
----------------- Done invoking toplevel() on ptolemy.moml.MoMLSimpleApplication@72e78f27
reloadAllAccessors: .arrayType22

===========================================================================================
----------------- testing Mon Dec 09 06:21:56 UTC 2019 /home/travis/build/icyphy/ptII/ptolemy/actor/lib/test/auto/arrayType23.xml
----------------- Instantiating /home/travis/build/icyphy/ptII/ptolemy/actor/lib/test/auto/arrayType23.xml
1 ms. Memory: 528384K Free: 282739K (54%)
----------------- Invoking toplevel() on ptolemy.moml.MoMLSimpleApplication@28ee981
----------------- Done invoking toplevel() on ptolemy.moml.MoMLSimpleApplication@28ee981
reloadAllAccessors: .arrayType23

===========================================================================================
----------------- testing Mon Dec 09 06:21:56 UTC 2019 /home/travis/build/icyphy/ptII/ptolemy/actor/lib/test/auto/arrayType24.xml
----------------- Instantiating /home/travis/build/icyphy/ptII/ptolemy/actor/lib/test/auto/arrayType24.xml
3 ms. Memory: 528384K Free: 277619K (53%)
----------------- Invoking toplevel() on ptolemy.moml.MoMLSimpleApplication@68d88173
----------------- Done invoking toplevel() on ptolemy.moml.MoMLSimpleApplication@68d88173
reloadAllAccessors: .arrayType24

===========================================================================================
----------------- testing Mon Dec 09 06:21:56 UTC 2019 /home/travis/build/icyphy/ptII/ptolemy/actor/lib/test/auto/arrayType25.xml
----------------- Instantiating /home/travis/build/icyphy/ptII/ptolemy/actor/lib/test/auto/arrayType25.xml
2 ms. Memory: 528384K Free: 272499K (52%)
----------------- Invoking toplevel() on ptolemy.moml.MoMLSimpleApplication@2405afd2
----------------- Done invoking toplevel() on ptolemy.moml.MoMLSimpleApplication@2405afd2
reloadAllAccessors: .arrayType25

===========================================================================================
----------------- testing Mon Dec 09 06:21:56 UTC 2019 /home/travis/build/icyphy/ptII/ptolemy/actor/lib/test/auto/arrayType26.xml
----------------- Instantiating /home/travis/build/icyphy/ptII/ptolemy/actor/lib/test/auto/arrayType26.xml
2 ms. Memory: 528384K Free: 267379K (51%)
----------------- Invoking toplevel() on ptolemy.moml.MoMLSimpleApplication@78ec74a6
----------------- Done invoking toplevel() on ptolemy.moml.MoMLSimpleApplication@78ec74a6
reloadAllAccessors: .arrayType26

===========================================================================================
----------------- testing Mon Dec 09 06:21:56 UTC 2019 /home/travis/build/icyphy/ptII/ptolemy/actor/lib/test/auto/arrayType27.xml
----------------- Instantiating /home/travis/build/icyphy/ptII/ptolemy/actor/lib/test/auto/arrayType27.xml
2 ms. Memory: 528384K Free: 262259K (50%)
----------------- Invoking toplevel() on ptolemy.moml.MoMLSimpleApplication@1cccb108
----------------- Done invoking toplevel() on ptolemy.moml.MoMLSimpleApplication@1cccb108
reloadAllAccessors: .arrayType27

===========================================================================================
----------------- testing Mon Dec 09 06:21:56 UTC 2019 /home/travis/build/icyphy/ptII/ptolemy/actor/lib/test/auto/arrayType28.xml
----------------- Instantiating /home/travis/build/icyphy/ptII/ptolemy/actor/lib/test/auto/arrayType28.xml
2 ms. Memory: 528384K Free: 256625K (49%)
----------------- Invoking toplevel() on ptolemy.moml.MoMLSimpleApplication@348fb27d
----------------- Done invoking toplevel() on ptolemy.moml.MoMLSimpleApplication@348fb27d
reloadAllAccessors: .arrayType28

===========================================================================================
----------------- testing Mon Dec 09 06:21:56 UTC 2019 /home/travis/build/icyphy/ptII/ptolemy/actor/lib/test/auto/arrayType3.xml
----------------- Instantiating /home/travis/build/icyphy/ptII/ptolemy/actor/lib/test/auto/arrayType3.xml
2 ms. Memory: 528384K Free: 251491K (48%)
----------------- Invoking toplevel() on ptolemy.moml.MoMLSimpleApplication@636d83da
----------------- Done invoking toplevel() on ptolemy.moml.MoMLSimpleApplication@636d83da
reloadAllAccessors: .arrayType3

===========================================================================================
----------------- testing Mon Dec 09 06:21:56 UTC 2019 /home/travis/build/icyphy/ptII/ptolemy/actor/lib/test/auto/arrayType4.xml
----------------- Instantiating /home/travis/build/icyphy/ptII/ptolemy/actor/lib/test/auto/arrayType4.xml
1 ms. Memory: 528384K Free: 246371K (47%)
----------------- Invoking toplevel() on ptolemy.moml.MoMLSimpleApplication@4c8b704a
----------------- Done invoking toplevel() on ptolemy.moml.MoMLSimpleApplication@4c8b704a
reloadAllAccessors: .arrayType4

===========================================================================================
----------------- testing Mon Dec 09 06:21:56 UTC 2019 /home/travis/build/icyphy/ptII/ptolemy/actor/lib/test/auto/arrayType5.xml
----------------- Instantiating /home/travis/build/icyphy/ptII/ptolemy/actor/lib/test/auto/arrayType5.xml
2 ms. Memory: 528384K Free: 241265K (46%)
----------------- Invoking toplevel() on ptolemy.moml.MoMLSimpleApplication@6266e616
----------------- Done invoking toplevel() on ptolemy.moml.MoMLSimpleApplication@6266e616
reloadAllAccessors: .arrayType5

===========================================================================================
----------------- testing Mon Dec 09 06:21:56 UTC 2019 /home/travis/build/icyphy/ptII/ptolemy/actor/lib/test/auto/arrayType6.xml
----------------- Instantiating /home/travis/build/icyphy/ptII/ptolemy/actor/lib/test/auto/arrayType6.xml
1 ms. Memory: 528384K Free: 236145K (45%)
----------------- Invoking toplevel() on ptolemy.moml.MoMLSimpleApplication@bb90c75
----------------- Done invoking toplevel() on ptolemy.moml.MoMLSimpleApplication@bb90c75
reloadAllAccessors: .arrayType6

===========================================================================================
----------------- testing Mon Dec 09 06:21:56 UTC 2019 /home/travis/build/icyphy/ptII/ptolemy/actor/lib/test/auto/arrayType7.xml
----------------- Instantiating /home/travis/build/icyphy/ptII/ptolemy/actor/lib/test/auto/arrayType7.xml
2 ms. Memory: 528384K Free: 231539K (44%)
----------------- Invoking toplevel() on ptolemy.moml.MoMLSimpleApplication@3e52eae0
----------------- Done invoking toplevel() on ptolemy.moml.MoMLSimpleApplication@3e52eae0
reloadAllAccessors: .arrayType7

===========================================================================================
----------------- testing Mon Dec 09 06:21:56 UTC 2019 /home/travis/build/icyphy/ptII/ptolemy/actor/lib/test/auto/arrayType8.xml
----------------- Instantiating /home/travis/build/icyphy/ptII/ptolemy/actor/lib/test/auto/arrayType8.xml
2 ms. Memory: 528384K Free: 226929K (43%)
----------------- Invoking toplevel() on ptolemy.moml.MoMLSimpleApplication@61689865
----------------- Done invoking toplevel() on ptolemy.moml.MoMLSimpleApplication@61689865
reloadAllAccessors: .arrayType8

===========================================================================================
----------------- testing Mon Dec 09 06:21:56 UTC 2019 /home/travis/build/icyphy/ptII/ptolemy/actor/lib/test/auto/arrayType9.xml
----------------- Instantiating /home/travis/build/icyphy/ptII/ptolemy/actor/lib/test/auto/arrayType9.xml
6 ms. Memory: 528384K Free: 221809K (42%)
----------------- Invoking toplevel() on ptolemy.moml.MoMLSimpleApplication@d540b50
----------------- Done invoking toplevel() on ptolemy.moml.MoMLSimpleApplication@d540b50
reloadAllAccessors: .arrayType9

===========================================================================================
----------------- testing Mon Dec 09 06:21:56 UTC 2019 /home/travis/build/icyphy/ptII/ptolemy/actor/lib/test/auto/cast.xml
----------------- Instantiating /home/travis/build/icyphy/ptII/ptolemy/actor/lib/test/auto/cast.xml
2 ms. Memory: 528384K Free: 216689K (41%)
----------------- Invoking toplevel() on ptolemy.moml.MoMLSimpleApplication@d38a5b5
----------------- Done invoking toplevel() on ptolemy.moml.MoMLSimpleApplication@d38a5b5
reloadAllAccessors: .cast

===========================================================================================
----------------- testing Mon Dec 09 06:21:56 UTC 2019 /home/travis/build/icyphy/ptII/ptolemy/actor/lib/test/auto/compositeMultiPort.xml
----------------- Instantiating /home/travis/build/icyphy/ptII/ptolemy/actor/lib/test/auto/compositeMultiPort.xml
5 ms. Memory: 528384K Free: 207987K (39%)
----------------- Invoking toplevel() on ptolemy.moml.MoMLSimpleApplication@41796cd
----------------- Done invoking toplevel() on ptolemy.moml.MoMLSimpleApplication@41796cd
reloadAllAccessors: .compositeMultiPort

===========================================================================================
----------------- testing Mon Dec 09 06:21:56 UTC 2019 /home/travis/build/icyphy/ptII/ptolemy/actor/lib/test/auto/expressionCastInference.xml
----------------- Instantiating /home/travis/build/icyphy/ptII/ptolemy/actor/lib/test/auto/expressionCastInference.xml
2 ms. Memory: 528384K Free: 203377K (38%)
----------------- Invoking toplevel() on ptolemy.moml.MoMLSimpleApplication@58ba28e4
----------------- Done invoking toplevel() on ptolemy.moml.MoMLSimpleApplication@58ba28e4
reloadAllAccessors: .expressionCastInference

===========================================================================================
----------------- testing Mon Dec 09 06:21:56 UTC 2019 /home/travis/build/icyphy/ptII/ptolemy/actor/lib/test/auto/expressionCastInference2.xml
----------------- Instantiating /home/travis/build/icyphy/ptII/ptolemy/actor/lib/test/auto/expressionCastInference2.xml
4 ms. Memory: 528384K Free: 198771K (38%)
----------------- Invoking toplevel() on ptolemy.moml.MoMLSimpleApplication@3418e6f1
----------------- Done invoking toplevel() on ptolemy.moml.MoMLSimpleApplication@3418e6f1
reloadAllAccessors: .expressionCastInference2

===========================================================================================
----------------- testing Mon Dec 09 06:21:56 UTC 2019 /home/travis/build/icyphy/ptII/ptolemy/actor/lib/test/auto/expressionInference.xml
----------------- Instantiating /home/travis/build/icyphy/ptII/ptolemy/actor/lib/test/auto/expressionInference.xml
2 ms. Memory: 528384K Free: 194161K (37%)
----------------- Invoking toplevel() on ptolemy.moml.MoMLSimpleApplication@4d0a86e3
----------------- Done invoking toplevel() on ptolemy.moml.MoMLSimpleApplication@4d0a86e3
reloadAllAccessors: .expressionInference

===========================================================================================
----------------- testing Mon Dec 09 06:21:56 UTC 2019 /home/travis/build/icyphy/ptII/ptolemy/actor/lib/test/auto/expression_bug.xml
----------------- Instantiating /home/travis/build/icyphy/ptII/ptolemy/actor/lib/test/auto/expression_bug.xml
1 ms. Memory: 528384K Free: 190065K (36%)
----------------- Invoking toplevel() on ptolemy.moml.MoMLSimpleApplication@ad1d86e
----------------- Done invoking toplevel() on ptolemy.moml.MoMLSimpleApplication@ad1d86e
reloadAllAccessors: .expression_bug

===========================================================================================
----------------- testing Mon Dec 09 06:21:56 UTC 2019 /home/travis/build/icyphy/ptII/ptolemy/actor/lib/test/auto/factorial.xml
----------------- Instantiating /home/travis/build/icyphy/ptII/ptolemy/actor/lib/test/auto/factorial.xml
39 ms. Memory: 528384K Free: 181873K (34%)
----------------- Invoking toplevel() on ptolemy.moml.MoMLSimpleApplication@349870cd
----------------- Done invoking toplevel() on ptolemy.moml.MoMLSimpleApplication@349870cd
reloadAllAccessors: .factorial

===========================================================================================
----------------- testing Mon Dec 09 06:21:56 UTC 2019 /home/travis/build/icyphy/ptII/ptolemy/actor/lib/test/auto/filterTest1.xml
----------------- Instantiating /home/travis/build/icyphy/ptII/ptolemy/actor/lib/test/auto/filterTest1.xml
3 ms. Memory: 528384K Free: 175729K (33%)
----------------- Invoking toplevel() on ptolemy.moml.MoMLSimpleApplication@2bdf4ff3
----------------- Done invoking toplevel() on ptolemy.moml.MoMLSimpleApplication@2bdf4ff3
reloadAllAccessors: .filterTest1

===========================================================================================
----------------- testing Mon Dec 09 06:21:56 UTC 2019 /home/travis/build/icyphy/ptII/ptolemy/actor/lib/test/auto/funcApplyInConst.xml
----------------- Instantiating /home/travis/build/icyphy/ptII/ptolemy/actor/lib/test/auto/funcApplyInConst.xml
1 ms. Memory: 528384K Free: 172147K (33%)
----------------- Invoking toplevel() on ptolemy.moml.MoMLSimpleApplication@552c4083
----------------- Done invoking toplevel() on ptolemy.moml.MoMLSimpleApplication@552c4083
reloadAllAccessors: .funcApplyInConst

===========================================================================================
----------------- testing Mon Dec 09 06:21:56 UTC 2019 /home/travis/build/icyphy/ptII/ptolemy/actor/lib/test/auto/funcApplyInExpr.xml
----------------- Instantiating /home/travis/build/icyphy/ptII/ptolemy/actor/lib/test/auto/funcApplyInExpr.xml
2 ms. Memory: 528384K Free: 168561K (32%)
----------------- Invoking toplevel() on ptolemy.moml.MoMLSimpleApplication@50170635
----------------- Done invoking toplevel() on ptolemy.moml.MoMLSimpleApplication@50170635
reloadAllAccessors: .funcApplyInExpr

===========================================================================================
----------------- testing Mon Dec 09 06:21:56 UTC 2019 /home/travis/build/icyphy/ptII/ptolemy/actor/lib/test/auto/function.xml
----------------- Instantiating /home/travis/build/icyphy/ptII/ptolemy/actor/lib/test/auto/function.xml
5 ms. Memory: 528384K Free: 473699K (90%)
----------------- Invoking toplevel() on ptolemy.moml.MoMLSimpleApplication@48c78582
----------------- Done invoking toplevel() on ptolemy.moml.MoMLSimpleApplication@48c78582
reloadAllAccessors: .function

===========================================================================================
----------------- testing Mon Dec 09 06:21:56 UTC 2019 /home/travis/build/icyphy/ptII/ptolemy/actor/lib/test/auto/function2.xml
----------------- Instantiating /home/travis/build/icyphy/ptII/ptolemy/actor/lib/test/auto/function2.xml
4 ms. Memory: 528384K Free: 468593K (89%)
----------------- Invoking toplevel() on ptolemy.moml.MoMLSimpleApplication@4e4b015c
----------------- Done invoking toplevel() on ptolemy.moml.MoMLSimpleApplication@4e4b015c
reloadAllAccessors: .function2

===========================================================================================
----------------- testing Mon Dec 09 06:21:56 UTC 2019 /home/travis/build/icyphy/ptII/ptolemy/actor/lib/test/auto/function3.xml
----------------- Instantiating /home/travis/build/icyphy/ptII/ptolemy/actor/lib/test/auto/function3.xml
1 ms. Memory: 528384K Free: 465011K (88%)
----------------- Invoking toplevel() on ptolemy.moml.MoMLSimpleApplication@79aa9ab3
----------------- Done invoking toplevel() on ptolemy.moml.MoMLSimpleApplication@79aa9ab3
reloadAllAccessors: .function3

===========================================================================================
----------------- testing Mon Dec 09 06:21:56 UTC 2019 /home/travis/build/icyphy/ptII/ptolemy/actor/lib/test/auto/functionClosureTest1.xml
----------------- Instantiating /home/travis/build/icyphy/ptII/ptolemy/actor/lib/test/auto/functionClosureTest1.xml
3 ms. Memory: 528384K Free: 459371K (87%)
----------------- Invoking toplevel() on ptolemy.moml.MoMLSimpleApplication@178be8b8
----------------- Done invoking toplevel() on ptolemy.moml.MoMLSimpleApplication@178be8b8
reloadAllAccessors: .functionClosureTest1

===========================================================================================
----------------- testing Mon Dec 09 06:21:56 UTC 2019 /home/travis/build/icyphy/ptII/ptolemy/actor/lib/test/auto/functionClosureTest2.xml
----------------- Instantiating /home/travis/build/icyphy/ptII/ptolemy/actor/lib/test/auto/functionClosureTest2.xml
23 ms. Memory: 528384K Free: 455281K (86%)
----------------- Invoking toplevel() on ptolemy.moml.MoMLSimpleApplication@37e2e89c
----------------- Done invoking toplevel() on ptolemy.moml.MoMLSimpleApplication@37e2e89c
reloadAllAccessors: .functionClosureTest2

===========================================================================================
----------------- testing Mon Dec 09 06:21:56 UTC 2019 /home/travis/build/icyphy/ptII/ptolemy/actor/lib/test/auto/functionClosureTest3.xml
----------------- Instantiating /home/travis/build/icyphy/ptII/ptolemy/actor/lib/test/auto/functionClosureTest3.xml
5 ms. Memory: 528384K Free: 450147K (85%)
----------------- Invoking toplevel() on ptolemy.moml.MoMLSimpleApplication@71235993
----------------- Done invoking toplevel() on ptolemy.moml.MoMLSimpleApplication@71235993
reloadAllAccessors: .functionClosureTest3

===========================================================================================
----------------- testing Mon Dec 09 06:21:56 UTC 2019 /home/travis/build/icyphy/ptII/ptolemy/actor/lib/test/auto/functionClosureTest4.xml
----------------- Instantiating /home/travis/build/icyphy/ptII/ptolemy/actor/lib/test/auto/functionClosureTest4.xml
4 ms. Memory: 528384K Free: 444017K (84%)
----------------- Invoking toplevel() on ptolemy.moml.MoMLSimpleApplication@9260483
----------------- Done invoking toplevel() on ptolemy.moml.MoMLSimpleApplication@9260483
reloadAllAccessors: .functionClosureTest4

===========================================================================================
----------------- testing Mon Dec 09 06:21:56 UTC 2019 /home/travis/build/icyphy/ptII/ptolemy/actor/lib/test/auto/functionClosureTest5.xml
----------------- Instantiating /home/travis/build/icyphy/ptII/ptolemy/actor/lib/test/auto/functionClosureTest5.xml
5 ms. Memory: 528384K Free: 438387K (83%)
----------------- Invoking toplevel() on ptolemy.moml.MoMLSimpleApplication@ebda390
----------------- Done invoking toplevel() on ptolemy.moml.MoMLSimpleApplication@ebda390
reloadAllAccessors: .functionClosureTest5

===========================================================================================
----------------- testing Mon Dec 09 06:21:56 UTC 2019 /home/travis/build/icyphy/ptII/ptolemy/actor/lib/test/auto/functionClosureTest6.xml
----------------- Instantiating /home/travis/build/icyphy/ptII/ptolemy/actor/lib/test/auto/functionClosureTest6.xml
2 ms. Memory: 528384K Free: 433771K (82%)
----------------- Invoking toplevel() on ptolemy.moml.MoMLSimpleApplication@13d1df19
----------------- Done invoking toplevel() on ptolemy.moml.MoMLSimpleApplication@13d1df19
reloadAllAccessors: .functionClosureTest6

===========================================================================================
----------------- testing Mon Dec 09 06:21:56 UTC 2019 /home/travis/build/icyphy/ptII/ptolemy/actor/lib/test/auto/functionsOnArcs.xml
----------------- Instantiating /home/travis/build/icyphy/ptII/ptolemy/actor/lib/test/auto/functionsOnArcs.xml
2 ms. Memory: 528384K Free: 428657K (81%)
----------------- Invoking toplevel() on ptolemy.moml.MoMLSimpleApplication@4885bce
----------------- Done invoking toplevel() on ptolemy.moml.MoMLSimpleApplication@4885bce
reloadAllAccessors: .functionsOnArcs

===========================================================================================
----------------- testing Mon Dec 09 06:21:56 UTC 2019 /home/travis/build/icyphy/ptII/ptolemy/actor/lib/test/auto/functionsOnArcsHOF.xml
----------------- Instantiating /home/travis/build/icyphy/ptII/ptolemy/actor/lib/test/auto/functionsOnArcsHOF.xml
3 ms. Memory: 528384K Free: 422513K (80%)
----------------- Invoking toplevel() on ptolemy.moml.MoMLSimpleApplication@5b8cf3ae
----------------- Done invoking toplevel() on ptolemy.moml.MoMLSimpleApplication@5b8cf3ae
reloadAllAccessors: .functionsOnArcsHOF

===========================================================================================
----------------- testing Mon Dec 09 06:21:56 UTC 2019 /home/travis/build/icyphy/ptII/ptolemy/actor/lib/test/auto/logic.xml
----------------- Instantiating /home/travis/build/icyphy/ptII/ptolemy/actor/lib/test/auto/logic.xml
2 ms. Memory: 528384K Free: 415345K (79%)
----------------- Invoking toplevel() on ptolemy.moml.MoMLSimpleApplication@3c038b33
----------------- Done invoking toplevel() on ptolemy.moml.MoMLSimpleApplication@3c038b33
reloadAllAccessors: .logic

===========================================================================================
----------------- testing Mon Dec 09 06:21:56 UTC 2019 /home/travis/build/icyphy/ptII/ptolemy/actor/lib/test/auto/matrixType.xml
----------------- Instantiating /home/travis/build/icyphy/ptII/ptolemy/actor/lib/test/auto/matrixType.xml
1 ms. Memory: 528384K Free: 410211K (78%)
----------------- Invoking toplevel() on ptolemy.moml.MoMLSimpleApplication@754a5b80
----------------- Done invoking toplevel() on ptolemy.moml.MoMLSimpleApplication@754a5b80
reloadAllAccessors: .matrixType

===========================================================================================
----------------- testing Mon Dec 09 06:21:56 UTC 2019 /home/travis/build/icyphy/ptII/ptolemy/actor/lib/test/auto/matrixType10.xml
----------------- Instantiating /home/travis/build/icyphy/ptII/ptolemy/actor/lib/test/auto/matrixType10.xml
1 ms. Memory: 528384K Free: 405105K (77%)
----------------- Invoking toplevel() on ptolemy.moml.MoMLSimpleApplication@29654ca1
----------------- Done invoking toplevel() on ptolemy.moml.MoMLSimpleApplication@29654ca1
reloadAllAccessors: .matrixType10

===========================================================================================
----------------- testing Mon Dec 09 06:21:56 UTC 2019 /home/travis/build/icyphy/ptII/ptolemy/actor/lib/test/auto/matrixType11.xml
----------------- Instantiating /home/travis/build/icyphy/ptII/ptolemy/actor/lib/test/auto/matrixType11.xml
2 ms. Memory: 528384K Free: 400499K (76%)
----------------- Invoking toplevel() on ptolemy.moml.MoMLSimpleApplication@1877ef22
----------------- Done invoking toplevel() on ptolemy.moml.MoMLSimpleApplication@1877ef22
reloadAllAccessors: .matrixType11

===========================================================================================
----------------- testing Mon Dec 09 06:21:56 UTC 2019 /home/travis/build/icyphy/ptII/ptolemy/actor/lib/test/auto/matrixType12.xml
----------------- Instantiating /home/travis/build/icyphy/ptII/ptolemy/actor/lib/test/auto/matrixType12.xml
1 ms. Memory: 528384K Free: 395889K (75%)
----------------- Invoking toplevel() on ptolemy.moml.MoMLSimpleApplication@7bb5a578
----------------- Done invoking toplevel() on ptolemy.moml.MoMLSimpleApplication@7bb5a578
reloadAllAccessors: .matrixType12

===========================================================================================
----------------- testing Mon Dec 09 06:21:56 UTC 2019 /home/travis/build/icyphy/ptII/ptolemy/actor/lib/test/auto/matrixType13.xml
----------------- Instantiating /home/travis/build/icyphy/ptII/ptolemy/actor/lib/test/auto/matrixType13.xml
1 ms. Memory: 528384K Free: 390769K (74%)
----------------- Invoking toplevel() on ptolemy.moml.MoMLSimpleApplication@6bb12d10
----------------- Done invoking toplevel() on ptolemy.moml.MoMLSimpleApplication@6bb12d10
reloadAllAccessors: .matrixType13

===========================================================================================
----------------- testing Mon Dec 09 06:21:56 UTC 2019 /home/travis/build/icyphy/ptII/ptolemy/actor/lib/test/auto/matrixType14.xml
----------------- Instantiating /home/travis/build/icyphy/ptII/ptolemy/actor/lib/test/auto/matrixType14.xml
2 ms. Memory: 528384K Free: 385649K (73%)
----------------- Invoking toplevel() on ptolemy.moml.MoMLSimpleApplication@57e74086
----------------- Done invoking toplevel() on ptolemy.moml.MoMLSimpleApplication@57e74086
reloadAllAccessors: .matrixType14

===========================================================================================
----------------- testing Mon Dec 09 06:21:56 UTC 2019 /home/travis/build/icyphy/ptII/ptolemy/actor/lib/test/auto/matrixType2.xml
----------------- Instantiating /home/travis/build/icyphy/ptII/ptolemy/actor/lib/test/auto/matrixType2.xml
2 ms. Memory: 528384K Free: 380529K (72%)
----------------- Invoking toplevel() on ptolemy.moml.MoMLSimpleApplication@47f0ce57
----------------- Done invoking toplevel() on ptolemy.moml.MoMLSimpleApplication@47f0ce57
reloadAllAccessors: .matrixType2

===========================================================================================
----------------- testing Mon Dec 09 06:21:57 UTC 2019 /home/travis/build/icyphy/ptII/ptolemy/actor/lib/test/auto/matrixType3.xml
----------------- Instantiating /home/travis/build/icyphy/ptII/ptolemy/actor/lib/test/auto/matrixType3.xml
1 ms. Memory: 528384K Free: 375409K (71%)
----------------- Invoking toplevel() on ptolemy.moml.MoMLSimpleApplication@2a402507
----------------- Done invoking toplevel() on ptolemy.moml.MoMLSimpleApplication@2a402507
reloadAllAccessors: .matrixType3

===========================================================================================
----------------- testing Mon Dec 09 06:21:57 UTC 2019 /home/travis/build/icyphy/ptII/ptolemy/actor/lib/test/auto/matrixType4.xml
----------------- Instantiating /home/travis/build/icyphy/ptII/ptolemy/actor/lib/test/auto/matrixType4.xml
1 ms. Memory: 528384K Free: 370803K (70%)
----------------- Invoking toplevel() on ptolemy.moml.MoMLSimpleApplication@3d3b7811
----------------- Done invoking toplevel() on ptolemy.moml.MoMLSimpleApplication@3d3b7811
reloadAllAccessors: .matrixType4

===========================================================================================
----------------- testing Mon Dec 09 06:21:57 UTC 2019 /home/travis/build/icyphy/ptII/ptolemy/actor/lib/test/auto/matrixType5.xml
----------------- Instantiating /home/travis/build/icyphy/ptII/ptolemy/actor/lib/test/auto/matrixType5.xml
2 ms. Memory: 528384K Free: 366193K (69%)
----------------- Invoking toplevel() on ptolemy.moml.MoMLSimpleApplication@4fdc7b1e
----------------- Done invoking toplevel() on ptolemy.moml.MoMLSimpleApplication@4fdc7b1e
reloadAllAccessors: .matrixType5

===========================================================================================
----------------- testing Mon Dec 09 06:21:57 UTC 2019 /home/travis/build/icyphy/ptII/ptolemy/actor/lib/test/auto/matrixType6.xml
----------------- Instantiating /home/travis/build/icyphy/ptII/ptolemy/actor/lib/test/auto/matrixType6.xml
1 ms. Memory: 528384K Free: 361073K (68%)
----------------- Invoking toplevel() on ptolemy.moml.MoMLSimpleApplication@bff2ae4
----------------- Done invoking toplevel() on ptolemy.moml.MoMLSimpleApplication@bff2ae4
reloadAllAccessors: .matrixType6

===========================================================================================
----------------- testing Mon Dec 09 06:21:57 UTC 2019 /home/travis/build/icyphy/ptII/ptolemy/actor/lib/test/auto/matrixType7.xml
----------------- Instantiating /home/travis/build/icyphy/ptII/ptolemy/actor/lib/test/auto/matrixType7.xml
2 ms. Memory: 528384K Free: 356467K (67%)
----------------- Invoking toplevel() on ptolemy.moml.MoMLSimpleApplication@7f399b68
----------------- Done invoking toplevel() on ptolemy.moml.MoMLSimpleApplication@7f399b68
reloadAllAccessors: .matrixType7

===========================================================================================
----------------- testing Mon Dec 09 06:21:57 UTC 2019 /home/travis/build/icyphy/ptII/ptolemy/actor/lib/test/auto/matrixType8.xml
----------------- Instantiating /home/travis/build/icyphy/ptII/ptolemy/actor/lib/test/auto/matrixType8.xml
1 ms. Memory: 528384K Free: 351857K (67%)
----------------- Invoking toplevel() on ptolemy.moml.MoMLSimpleApplication@1a9af068
----------------- Done invoking toplevel() on ptolemy.moml.MoMLSimpleApplication@1a9af068
reloadAllAccessors: .matrixType8

===========================================================================================
----------------- testing Mon Dec 09 06:21:57 UTC 2019 /home/travis/build/icyphy/ptII/ptolemy/actor/lib/test/auto/matrixType9.xml
----------------- Instantiating /home/travis/build/icyphy/ptII/ptolemy/actor/lib/test/auto/matrixType9.xml
2 ms. Memory: 528384K Free: 346737K (66%)
----------------- Invoking toplevel() on ptolemy.moml.MoMLSimpleApplication@33b19c14
----------------- Done invoking toplevel() on ptolemy.moml.MoMLSimpleApplication@33b19c14
reloadAllAccessors: .matrixType9

===========================================================================================
----------------- testing Mon Dec 09 06:21:57 UTC 2019 /home/travis/build/icyphy/ptII/ptolemy/actor/lib/test/auto/paraFunctest.xml
----------------- Instantiating /home/travis/build/icyphy/ptII/ptolemy/actor/lib/test/auto/paraFunctest.xml
1 ms. Memory: 528384K Free: 342641K (65%)
----------------- Invoking toplevel() on ptolemy.moml.MoMLSimpleApplication@23699485
----------------- Done invoking toplevel() on ptolemy.moml.MoMLSimpleApplication@23699485
reloadAllAccessors: .paraFunctest

===========================================================================================
----------------- testing Mon Dec 09 06:21:57 UTC 2019 /home/travis/build/icyphy/ptII/ptolemy/actor/lib/test/auto/paraFunctest2.xml
----------------- Instantiating /home/travis/build/icyphy/ptII/ptolemy/actor/lib/test/auto/paraFunctest2.xml
2 ms. Memory: 528384K Free: 337521K (64%)
----------------- Invoking toplevel() on ptolemy.moml.MoMLSimpleApplication@69e41553
----------------- Done invoking toplevel() on ptolemy.moml.MoMLSimpleApplication@69e41553
reloadAllAccessors: .paraFunctest2

===========================================================================================
----------------- testing Mon Dec 09 06:21:57 UTC 2019 /home/travis/build/icyphy/ptII/ptolemy/actor/lib/test/auto/parameterPassing.xml
----------------- Instantiating /home/travis/build/icyphy/ptII/ptolemy/actor/lib/test/auto/parameterPassing.xml
1 ms. Memory: 528384K Free: 333425K (63%)
----------------- Invoking toplevel() on ptolemy.moml.MoMLSimpleApplication@64f91fa9
----------------- Done invoking toplevel() on ptolemy.moml.MoMLSimpleApplication@64f91fa9
reloadAllAccessors: .parameterPassing

===========================================================================================
----------------- testing Mon Dec 09 06:21:57 UTC 2019 /home/travis/build/icyphy/ptII/ptolemy/actor/lib/test/auto/record.xml
----------------- Instantiating /home/travis/build/icyphy/ptII/ptolemy/actor/lib/test/auto/record.xml
2 ms. Memory: 528384K Free: 328819K (62%)
----------------- Invoking toplevel() on ptolemy.moml.MoMLSimpleApplication@3a6879e3
----------------- Done invoking toplevel() on ptolemy.moml.MoMLSimpleApplication@3a6879e3
reloadAllAccessors: .record

===========================================================================================
----------------- testing Mon Dec 09 06:21:57 UTC 2019 /home/travis/build/icyphy/ptII/ptolemy/actor/lib/test/auto/sizedarray1.xml
----------------- Instantiating /home/travis/build/icyphy/ptII/ptolemy/actor/lib/test/auto/sizedarray1.xml
1 ms. Memory: 528384K Free: 323185K (61%)
----------------- Invoking toplevel() on ptolemy.moml.MoMLSimpleApplication@6dc1c5e2
----------------- Done invoking toplevel() on ptolemy.moml.MoMLSimpleApplication@6dc1c5e2
reloadAllAccessors: .sizedarray1

===========================================================================================
----------------- testing Mon Dec 09 06:21:57 UTC 2019 /home/travis/build/icyphy/ptII/ptolemy/actor/lib/test/auto/sizedarray2.xml
----------------- Instantiating /home/travis/build/icyphy/ptII/ptolemy/actor/lib/test/auto/sizedarray2.xml
4 ms. Memory: 528384K Free: 318065K (60%)
----------------- Invoking toplevel() on ptolemy.moml.MoMLSimpleApplication@50c83b47
----------------- Done invoking toplevel() on ptolemy.moml.MoMLSimpleApplication@50c83b47
reloadAllAccessors: .sizedarray2

===========================================================================================
----------------- testing Mon Dec 09 06:21:57 UTC 2019 /home/travis/build/icyphy/ptII/ptolemy/actor/lib/test/auto/twoPublishers.xml
----------------- Instantiating /home/travis/build/icyphy/ptII/ptolemy/actor/lib/test/auto/twoPublishers.xml
7 ms. Memory: 528384K Free: 307819K (58%)
----------------- Invoking toplevel() on ptolemy.moml.MoMLSimpleApplication@542531e1
----------------- Done invoking toplevel() on ptolemy.moml.MoMLSimpleApplication@542531e1
reloadAllAccessors: .twoPublishers
AutoTests.java: About to close Vertx.
AutoTests.java: Vertx closed.
]]></system-out>
  <system-err><![CDATA[java.lang.RuntimeException: Execution failed
	at ptolemy.moml.MoMLSimpleApplication$UnloadThread.run(MoMLSimpleApplication.java:402)
Caused by: java.lang.RuntimeException: StringUtilities.exit() was called. Normally, we would exit here because Manager.exitAfterWrapup() was called.  However, because the ptolemy.ptII.exitAfterWrapup property is set, we throw this exception instead.
	at ptolemy.util.StringUtilities.exit(StringUtilities.java:365)
	at ptolemy.actor.Manager.wrapup(Manager.java:1549)
	at ptolemy.actor.Manager.execute(Manager.java:407)
	at ptolemy.actor.Manager.run(Manager.java:1263)
	at ptolemy.actor.Manager$PtolemyRunThread.run(Manager.java:1933)
Warning: '.top.test' is in training mode, set the trainingMode parameter to false before checking in
Warning: '.top.test' is in training mode, set the trainingMode parameter to false before checking in
Warning: '.top.test' is in training mode, set the trainingMode parameter to false before checking in
Warning: '.BooleanSwitch_RegressionTest_WrongTrainingValues.Test' is in training mode, set the trainingMode parameter to false before checking in
Warning: '.BooleanSwitch_RegressionTest_WrongTrainingValues.Test2' is in training mode, set the trainingMode parameter to false before checking in
Warning: '.BooleanSwitch_RegressionTest_WrongTrainingValues.Test2' The test produced 0 tokens.
Warning: '.top.testExceptionHandler' is in training mode, set the trainingMode parameter to false before checking in
java.lang.RuntimeException: Execution failed
	at ptolemy.moml.MoMLSimpleApplication$UnloadThread.run(MoMLSimpleApplication.java:402)
Caused by: ptolemy.kernel.util.IllegalActionException: PublisherPorts cannot be used at the top level, use a Publisher actor instead.
  in .PublisherPortToplevelSubscriber.PublisherPort
	at ptolemy.actor.PublisherPort.preinitialize(PublisherPort.java:403)
	at ptolemy.actor.CompositeActor.preinitialize(CompositeActor.java:1769)
	at ptolemy.actor.Manager.preinitializeAndResolveTypes(Manager.java:1040)
	at ptolemy.actor.Manager.initialize(Manager.java:710)
	at ptolemy.actor.Manager.execute(Manager.java:356)
	at ptolemy.actor.Manager.run(Manager.java:1263)
	at ptolemy.actor.Manager$PtolemyRunThread.run(Manager.java:1933)
java.lang.reflect.InvocationTargetException
	at java.base/jdk.internal.reflect.NativeConstructorAccessorImpl.newInstance0(Native Method)
	at java.base/jdk.internal.reflect.NativeConstructorAccessorImpl.newInstance(NativeConstructorAccessorImpl.java:62)
	at java.base/jdk.internal.reflect.DelegatingConstructorAccessorImpl.newInstance(DelegatingConstructorAccessorImpl.java:45)
	at java.base/java.lang.reflect.Constructor.newInstance(Constructor.java:490)
	at ptolemy.util.test.junit.AutoKnownFailedTests.RunModel(AutoKnownFailedTests.java:105)
	at java.base/jdk.internal.reflect.NativeMethodAccessorImpl.invoke0(Native Method)
	at java.base/jdk.internal.reflect.NativeMethodAccessorImpl.invoke(NativeMethodAccessorImpl.java:62)
	at java.base/jdk.internal.reflect.DelegatingMethodAccessorImpl.invoke(DelegatingMethodAccessorImpl.java:43)
	at java.base/java.lang.reflect.Method.invoke(Method.java:566)
	at org.junit.runners.model.FrameworkMethod$1.runReflectiveCall(FrameworkMethod.java:44)
	at org.junit.internal.runners.model.ReflectiveCallable.run(ReflectiveCallable.java:15)
	at org.junit.runners.model.FrameworkMethod.invokeExplosively(FrameworkMethod.java:41)
	at junitparams.internal.InvokeParameterisedMethod.evaluate(InvokeParameterisedMethod.java:102)
	at org.junit.internal.runners.statements.FailOnTimeout$1.run(FailOnTimeout.java:28)
Caused by: ptolemy.kernel.util.IllegalActionException: PublisherPorts cannot be used at the top level, use a Publisher actor instead.
  in .PublisherPortToplevelSubscriber.PublisherPort
	at ptolemy.actor.PublisherPort.preinitialize(PublisherPort.java:403)
	at ptolemy.actor.CompositeActor.preinitialize(CompositeActor.java:1769)
	at ptolemy.actor.Manager.preinitializeAndResolveTypes(Manager.java:1040)
	at ptolemy.actor.Manager.initialize(Manager.java:710)
	at ptolemy.actor.Manager.execute(Manager.java:356)
	at ptolemy.actor.Manager.run(Manager.java:1263)
	at ptolemy.actor.Manager$PtolemyRunThread.run(Manager.java:1933)
java.lang.RuntimeException: Execution failed
	at ptolemy.moml.MoMLSimpleApplication$UnloadThread.run(MoMLSimpleApplication.java:402)
Caused by: ptolemy.kernel.util.IllegalActionException: SubscriberPorts cannot be used at the top level, use a Subscriber actor instead.
  in .PublisherSubscriberPortToplevel.SubscriberPort
	at ptolemy.actor.SubscriberPort.preinitialize(SubscriberPort.java:328)
	at ptolemy.actor.CompositeActor.preinitialize(CompositeActor.java:1769)
	at ptolemy.actor.Manager.preinitializeAndResolveTypes(Manager.java:1040)
	at ptolemy.actor.Manager.initialize(Manager.java:710)
	at ptolemy.actor.Manager.execute(Manager.java:356)
	at ptolemy.actor.Manager.run(Manager.java:1263)
	at ptolemy.actor.Manager$PtolemyRunThread.run(Manager.java:1933)
java.lang.reflect.InvocationTargetException
	at java.base/jdk.internal.reflect.NativeConstructorAccessorImpl.newInstance0(Native Method)
	at java.base/jdk.internal.reflect.NativeConstructorAccessorImpl.newInstance(NativeConstructorAccessorImpl.java:62)
	at java.base/jdk.internal.reflect.DelegatingConstructorAccessorImpl.newInstance(DelegatingConstructorAccessorImpl.java:45)
	at java.base/java.lang.reflect.Constructor.newInstance(Constructor.java:490)
	at ptolemy.util.test.junit.AutoKnownFailedTests.RunModel(AutoKnownFailedTests.java:105)
	at java.base/jdk.internal.reflect.NativeMethodAccessorImpl.invoke0(Native Method)
	at java.base/jdk.internal.reflect.NativeMethodAccessorImpl.invoke(NativeMethodAccessorImpl.java:62)
	at java.base/jdk.internal.reflect.DelegatingMethodAccessorImpl.invoke(DelegatingMethodAccessorImpl.java:43)
	at java.base/java.lang.reflect.Method.invoke(Method.java:566)
	at org.junit.runners.model.FrameworkMethod$1.runReflectiveCall(FrameworkMethod.java:44)
	at org.junit.internal.runners.model.ReflectiveCallable.run(ReflectiveCallable.java:15)
	at org.junit.runners.model.FrameworkMethod.invokeExplosively(FrameworkMethod.java:41)
	at junitparams.internal.InvokeParameterisedMethod.evaluate(InvokeParameterisedMethod.java:102)
	at org.junit.internal.runners.statements.FailOnTimeout$1.run(FailOnTimeout.java:28)
Caused by: ptolemy.kernel.util.IllegalActionException: SubscriberPorts cannot be used at the top level, use a Subscriber actor instead.
  in .PublisherSubscriberPortToplevel.SubscriberPort
	at ptolemy.actor.SubscriberPort.preinitialize(SubscriberPort.java:328)
	at ptolemy.actor.CompositeActor.preinitialize(CompositeActor.java:1769)
	at ptolemy.actor.Manager.preinitializeAndResolveTypes(Manager.java:1040)
	at ptolemy.actor.Manager.initialize(Manager.java:710)
	at ptolemy.actor.Manager.execute(Manager.java:356)
	at ptolemy.actor.Manager.run(Manager.java:1263)
	at ptolemy.actor.Manager$PtolemyRunThread.run(Manager.java:1933)
java.lang.RuntimeException: Execution failed
	at ptolemy.moml.MoMLSimpleApplication$UnloadThread.run(MoMLSimpleApplication.java:402)
Caused by: ptolemy.kernel.util.IllegalActionException: SubscriptionAggregatorPorts cannot be used at the top level, use a SubscriptionAggregator actor instead.
  in .PublisherSubscriptionAggregatorPort.SubscriptionAggregatorPort
	at ptolemy.actor.SubscriptionAggregatorPort.preinitialize(SubscriptionAggregatorPort.java:353)
	at ptolemy.actor.CompositeActor.preinitialize(CompositeActor.java:1769)
	at ptolemy.actor.Manager.preinitializeAndResolveTypes(Manager.java:1040)
	at ptolemy.actor.Manager.initialize(Manager.java:710)
	at ptolemy.actor.Manager.execute(Manager.java:356)
	at ptolemy.actor.Manager.run(Manager.java:1263)
	at ptolemy.actor.Manager$PtolemyRunThread.run(Manager.java:1933)
java.lang.reflect.InvocationTargetException
	at java.base/jdk.internal.reflect.NativeConstructorAccessorImpl.newInstance0(Native Method)
	at java.base/jdk.internal.reflect.NativeConstructorAccessorImpl.newInstance(NativeConstructorAccessorImpl.java:62)
	at java.base/jdk.internal.reflect.DelegatingConstructorAccessorImpl.newInstance(DelegatingConstructorAccessorImpl.java:45)
	at java.base/java.lang.reflect.Constructor.newInstance(Constructor.java:490)
	at ptolemy.util.test.junit.AutoKnownFailedTests.RunModel(AutoKnownFailedTests.java:105)
	at java.base/jdk.internal.reflect.NativeMethodAccessorImpl.invoke0(Native Method)
	at java.base/jdk.internal.reflect.NativeMethodAccessorImpl.invoke(NativeMethodAccessorImpl.java:62)
	at java.base/jdk.internal.reflect.DelegatingMethodAccessorImpl.invoke(DelegatingMethodAccessorImpl.java:43)
	at java.base/java.lang.reflect.Method.invoke(Method.java:566)
	at org.junit.runners.model.FrameworkMethod$1.runReflectiveCall(FrameworkMethod.java:44)
	at org.junit.internal.runners.model.ReflectiveCallable.run(ReflectiveCallable.java:15)
	at org.junit.runners.model.FrameworkMethod.invokeExplosively(FrameworkMethod.java:41)
	at junitparams.internal.InvokeParameterisedMethod.evaluate(InvokeParameterisedMethod.java:102)
	at org.junit.internal.runners.statements.FailOnTimeout$1.run(FailOnTimeout.java:28)
Caused by: ptolemy.kernel.util.IllegalActionException: SubscriptionAggregatorPorts cannot be used at the top level, use a SubscriptionAggregator actor instead.
  in .PublisherSubscriptionAggregatorPort.SubscriptionAggregatorPort
	at ptolemy.actor.SubscriptionAggregatorPort.preinitialize(SubscriptionAggregatorPort.java:353)
	at ptolemy.actor.CompositeActor.preinitialize(CompositeActor.java:1769)
	at ptolemy.actor.Manager.preinitializeAndResolveTypes(Manager.java:1040)
	at ptolemy.actor.Manager.initialize(Manager.java:710)
	at ptolemy.actor.Manager.execute(Manager.java:356)
	at ptolemy.actor.Manager.run(Manager.java:1263)
	at ptolemy.actor.Manager$PtolemyRunThread.run(Manager.java:1933)
java.lang.RuntimeException: Execution failed
	at ptolemy.moml.MoMLSimpleApplication$UnloadThread.run(MoMLSimpleApplication.java:402)
Caused by: ptolemy.kernel.util.IllegalActionException: TypeTest actor has no training data.
  in .sizedarray3.TypeTest
	at ptolemy.actor.lib.TypeTest.initialize(TypeTest.java:250)
	at ptolemy.actor.Director.initialize(Director.java:938)
	at ptolemy.actor.Director.initialize(Director.java:907)
	at ptolemy.actor.sched.StaticSchedulingDirector.initialize(StaticSchedulingDirector.java:159)
	at ptolemy.domains.sdf.kernel.SDFDirector.initialize(SDFDirector.java:544)
	at ptolemy.actor.CompositeActor.initialize(CompositeActor.java:935)
	at ptolemy.actor.Manager.initialize(Manager.java:724)
	at ptolemy.actor.Manager.execute(Manager.java:356)
	at ptolemy.actor.Manager.run(Manager.java:1263)
	at ptolemy.actor.Manager$PtolemyRunThread.run(Manager.java:1933)
java.lang.reflect.InvocationTargetException
	at java.base/jdk.internal.reflect.NativeConstructorAccessorImpl.newInstance0(Native Method)
	at java.base/jdk.internal.reflect.NativeConstructorAccessorImpl.newInstance(NativeConstructorAccessorImpl.java:62)
	at java.base/jdk.internal.reflect.DelegatingConstructorAccessorImpl.newInstance(DelegatingConstructorAccessorImpl.java:45)
	at java.base/java.lang.reflect.Constructor.newInstance(Constructor.java:490)
	at ptolemy.util.test.junit.AutoKnownFailedTests.RunModel(AutoKnownFailedTests.java:105)
	at java.base/jdk.internal.reflect.NativeMethodAccessorImpl.invoke0(Native Method)
	at java.base/jdk.internal.reflect.NativeMethodAccessorImpl.invoke(NativeMethodAccessorImpl.java:62)
	at java.base/jdk.internal.reflect.DelegatingMethodAccessorImpl.invoke(DelegatingMethodAccessorImpl.java:43)
	at java.base/java.lang.reflect.Method.invoke(Method.java:566)
	at org.junit.runners.model.FrameworkMethod$1.runReflectiveCall(FrameworkMethod.java:44)
	at org.junit.internal.runners.model.ReflectiveCallable.run(ReflectiveCallable.java:15)
	at org.junit.runners.model.FrameworkMethod.invokeExplosively(FrameworkMethod.java:41)
	at junitparams.internal.InvokeParameterisedMethod.evaluate(InvokeParameterisedMethod.java:102)
	at org.junit.internal.runners.statements.FailOnTimeout$1.run(FailOnTimeout.java:28)
Caused by: ptolemy.kernel.util.IllegalActionException: TypeTest actor has no training data.
  in .sizedarray3.TypeTest
	at ptolemy.actor.lib.TypeTest.initialize(TypeTest.java:250)
	at ptolemy.actor.Director.initialize(Director.java:938)
	at ptolemy.actor.Director.initialize(Director.java:907)
	at ptolemy.actor.sched.StaticSchedulingDirector.initialize(StaticSchedulingDirector.java:159)
	at ptolemy.domains.sdf.kernel.SDFDirector.initialize(SDFDirector.java:544)
	at ptolemy.actor.CompositeActor.initialize(CompositeActor.java:935)
	at ptolemy.actor.Manager.initialize(Manager.java:724)
	at ptolemy.actor.Manager.execute(Manager.java:356)
	at ptolemy.actor.Manager.run(Manager.java:1263)
	at ptolemy.actor.Manager$PtolemyRunThread.run(Manager.java:1933)
]]></system-err>
</testsuite>
