<?xml version="1.0" encoding="UTF-8" ?>
<testsuite errors="0" failures="0" hostname="travis-job-d95b0af8-cbf5-457b-99e2-d7330c184f80" name="ptolemy.actor.lib.test.junit.JUnitTclTest" skipped="0" tests="517" time="61.239" timestamp="2018-08-02T01:42:31">
  <properties>
    <property name="npm.executable" value="npm" />
    <property name="file.encoding.pkg" value="sun.io" />
    <property name="ptII.mk.exists" value="true" />
    <property name="env.rvm_bin_path" value="/home/travis/.rvm/bin" />
    <property name="java.home" value="/usr/lib/jvm/java-8-oracle/jre" />
    <property name="env.TRAVIS_JOB_NUMBER" value="677.8" />
    <property name="env.DISPLAY" value=":99.0" />
    <property name="java.net.preferIPv4Stack" value="true" />
    <property name="env.TRAVIS_INIT" value="upstart" />
    <property name="env.SSH_TTY" value="/dev/pts/0" />
    <property name="env.RUN_TESTS" value="false" />
    <property name="timeout.short" value="1000000" />
    <property name="env.TRAVIS_STACK_NODE_ATTRIBUTES" value="/.node-attributes.yml" />
    <property name="junit.formatter" value="xml" />
    <property name="java.endorsed.dirs" value="/usr/lib/jvm/java-8-oracle/jre/lib/endorsed" />
    <property name="env.TRAVIS_SUDO" value="true" />
    <property name="env.LOGNAME" value="travis" />
    <property name="env.PT_TRAVIS_TEST_CORE1_XML" value="true" />
    <property name="jsdoc.home" value="node_modules/@terraswarm/jsdoc" />
    <property name="debuglevel" value="source,lines,vars" />
    <property name="checkstyle.formatter" value="xml" />
    <property name="bin.vergil.makeable" value="true" />
    <property name="env._system_version" value="14.04" />
    <property name="sun.os.patch.level" value="unknown" />
    <property name="java.vendor.url" value="http://java.oracle.com/" />
    <property name="java.version" value="1.8.0_151" />
    <property name="env.TZ" value="UTC" />
    <property name="env.PT_NO_NET" value="true" />
    <property name="env.TRAVIS_PULL_REQUEST_SHA" value="" />
    <property name="env.TRAVIS_SECURE_ENV_VARS" value="true" />
    <property name="env._system_type" value="Linux" />
    <property name="java.vendor.url.bug" value="http://bugreport.sun.com/bugreport/" />
    <property name="env.SSH_CLIENT" value="10.10.16.2 53826 22" />
    <property name="npmjs-org-is-up" value="true" />
    <property name="env.GEM_HOME" value="/home/travis/.rvm/gems/ruby-2.4.1" />
    <property name="env.HAS_ANTARES_THREE_LITTLE_FRONZIES_BADGE" value="true" />
    <property name="env.PS4" value="+" />
    <property name="ant.project.invoked-targets" value="build,test.core1.xml" />
    <property name="env.TRAVIS_PULL_REQUEST_BRANCH" value="" />
    <property name="env.TRAVIS_REPO_SLUG" value="icyphy/ptII" />
    <property name="node.in.path" value="true" />
    <property name="java.maxmemory" value="1400m" />
    <property name="env.RUBY_VERSION" value="ruby-2.4.1" />
    <property name="user.name" value="travis" />
    <property name="env.LANG" value="en_US.UTF-8" />
    <property name="sun.io.unicode.encoding" value="UnicodeLittle" />
    <property name="sun.jnu.encoding" value="UTF-8" />
    <property name="java.runtime.name" value="Java(TM) SE Runtime Environment" />
    <property name="usefile" value="false" />
    <property name="return.code" value="0" />
    <property name="junit.single.formatter" value="plain" />
    <property name="env.DYLD_LIBRARY_PATH" value="/home/travis/pthla/certi-tools/lib:" />
    <property name="env.DEBIAN_FRONTEND" value="noninteractive" />
    <property name="env.SSH_CONNECTION" value="10.10.16.2 53826 10.20.0.81 22" />
    <property name="env.MYSQL_UNIX_PORT" value="/var/run/mysqld/mysqld.sock" />
    <property name="env.TRAVIS_ALLOW_FAILURE" value="false" />
    <property name="env.LC_ALL" value="en_US.UTF-8" />
    <property name="java.specification.name" value="Java Platform API Specification" />
    <property name="node.works" value="true" />
    <property name="user.timezone" value="" />
    <property name="path.separator" value=":" />
    <property name="env.PYTHON_CFLAGS" value="-g -fstack-protector --param=ssp-buffer-size=4 -Wformat -Werror=format-security" />
    <property name="timeout.long" value="4000000" />
    <property name="env.CERTI_HOME" value="/home/travis/pthla/certi-tools" />
    <property name="file.encoding" value="UTF-8" />
    <property name="ant.file.ptII" value="/home/travis/build/icyphy/ptII/build.xml" />
    <property name="javadoc.packagenames" value="com.*,diva.*,lbnl.*,org.hlacerti.*,org.json.*,org.ptolemy.*,org.terraswarm.*,ptolemy.*,ptserver.*" />
    <property name="env.TRAVIS_PULL_REQUEST_SLUG" value="" />
    <property name="ant.project.default-target" value="build" />
    <property name="env.GIT_ASKPASS" value="echo" />
    <property name="env.HOME" value="/home/travis" />
    <property name="sun.java.command" value="org.apache.tools.ant.taskdefs.optional.junit.JUnitTestRunner ptolemy.actor.lib.test.junit.JUnitTclTest skipNonTests=false filtertrace=true haltOnError=false haltOnFailure=false formatter=org.apache.tools.ant.taskdefs.optional.junit.OutErrSummaryJUnitResultFormatter showoutput=true outputtoformatters=true logfailedtests=true threadid=0 logtestlistenerevents=false formatter=org.apache.tools.ant.taskdefs.optional.junit.XMLJUnitResultFormatter,/home/travis/build/icyphy/ptII/reports/junit/TEST-ptolemy.actor.lib.test.junit.JUnitTclTest.xml crashfile=/home/travis/build/icyphy/ptII/junitvmwatcher674982211648912443.properties propsfile=/home/travis/build/icyphy/ptII/junit5329201615184371809.properties" />
    <property name="env.MANPATH" value="/home/travis/.nvm/versions/node/v7.10.1/share/man:/home/travis/.kiex/elixirs/elixir-1.4.5/man:/home/travis/.rvm/rubies/ruby-2.4.1/share/man:/usr/local/man:/usr/local/cmake-3.9.2/man:/usr/local/clang-5.0.0/share/man:/usr/local/share/man:/usr/share/man:/home/travis/.rvm/man" />
    <property name="env.COMPOSER_NO_INTERACTION" value="1" />
    <property name="env.JDK_SWITCHER_DEFAULT" value="oraclejdk8" />
    <property name="ant.file" value="/home/travis/build/icyphy/ptII/build.xml" />
    <property name="env.TRAVIS_COMMIT_RANGE" value="9306933f8736eb21e4646ecd0366406a9fb889f9...9c38733458b1fb1d06265d679068a5e4ba110532" />
    <property name="env._system_name" value="Ubuntu" />
    <property name="timeout" value="2400000" />
    <property name="ptII.classpath.optional.property" value="/home/travis/build/icyphy/ptII/lib/bsh-2.0b4.jar:/home/travis/build/icyphy/ptII/lib/ptCal.jar:/home/travis/build/icyphy/ptII/lib/java_cup.jar:/home/travis/build/icyphy/ptII/lib/saxon8.jar:/home/travis/build/icyphy/ptII/lib/saxon8-dom.jar:/home/travis/build/icyphy/ptII/lib/chic.jar:/home/travis/build/icyphy/ptII/lib/ptcolt.jar:/usr/lib/jvm/java-8-oracle/lib/tools.jar:/usr/lib/eclipse/plugins/org.eclipse.jdt.core_3.8.2.dist.jar:/usr/lib/eclipse/plugins/org.eclipse.core.runtime_3.8.0.dist.jar:/usr/lib/eclipse/plugins/org.eclipse.osgi_3.8.1.dist.jar:/usr/lib/eclipse/plugins/org.eclipse.core.resources_3.8.1.dist.jar:/usr/lib/eclipse/plugins/org.eclipse.equinox.common_3.6.100.dist.jar:/usr/lib/eclipse/plugins/org.eclipse.core.jobs_3.5.200.dist.jar:/usr/lib/eclipse/plugins/org.eclipse.core.contenttype_3.4.200.dist.jar:/usr/lib/eclipse/plugins/org.eclipse.equinox.preferences_3.5.0.dist.jar:/usr/lib/eclipse/plugins/org.eclipse.text_3.5.200.dist.jar:/usr/lib/eclipse/plugins/org.eclipse.ui.workbench_3.8.1.dist.jar:/usr/lib/eclipse/plugins/org.eclipse.jface_3.8.0.dist.jar:/usr/lib/eclipse/plugins/org.eclipse.swt_3.8.2.jar:/usr/lib/eclipse/plugins/org.eclipse.jface.text_3.8.1.dist.jar:/usr/lib/eclipse/plugins/org.eclipse.ui.workbench.texteditor_3.8.0.dist.jar:/usr/lib/eclipse/plugins/org.eclipse.ui.editors_3.8.0.dist.jar:/usr/lib/eclipse/plugins/org.eclipse.core.commands_3.6.1.dist.jar:/usr/lib/eclipse/plugins/org.eclipse.equinox.registry_3.5.200.dist.jar:/usr/lib/eclipse/plugins/org.eclipse.ui.console_3.5.100.dist.jar:/usr/lib/eclipse/plugins/org.eclipse.ui.forms_3.5.200.dist.jar:/usr/lib/eclipse/plugins/org.eclipse.ui.ide_3.8.1.dist.jar:/home/travis/build/icyphy/ptII/vendors/oracle/dbxml.jar:/home/travis/build/icyphy/ptII/vendors/oracle/db.jar:/home/travis/build/icyphy/ptII/vendors/misc/itext/iText.jar:/home/travis/build/icyphy/ptII/lib/g4ltl.jar:/home/travis/build/icyphy/ptII/lib/StructuralCoder.jar:/home/travis/build/icyphy/ptII/lib/org-openide-util.jar:/home/travis/build/icyphy/ptII/lib/org-openide-util-lookup.jar:/home/travis/build/icyphy/ptII/lib/org-netbeans-api-visual.jar:/home/travis/build/icyphy/ptII/vendors/jai-1_1_2_01/lib/jai_core.jar:/home/travis/build/icyphy/ptII/vendors/jai-1_1_2_01/lib/jai_codec.jar:/home/travis/build/icyphy/ptII/lib/jcerti.jar:/home/travis/build/icyphy/ptII/lib/smack.jar:/home/travis/build/icyphy/ptII/lib/smackx.jar:/home/travis/build/icyphy/ptII/lib/jetty-all-8.1.5-v20120716.jar:/home/travis/build/icyphy/ptII/lib/javax.servlet-api-3.0.1.jar:/home/travis/build/icyphy/ptII/lib/javax.mail.jar:/home/travis/build/icyphy/ptII/vendors/JMF-2.1.1e/lib/jmf.jar:/home/travis/build/icyphy/ptII/lib/jna-4.0.0-variadic.jar:/home/travis/build/icyphy/ptII/vendors/misc/joystick/Joystick.jar:/home/travis/build/icyphy/ptII/lib/ptjacl.jar:/home/travis/build/icyphy/ptII/lib/jsoup-1.8.2.jar:/home/travis/build/icyphy/ptII/lib/junit-4.8.2.jar:/home/travis/build/icyphy/ptII/lib/JUnitParams-0.4.0.jar:/home/travis/build/icyphy/ptII/ptolemy/actor/lib/excel/jxl.jar:/home/travis/build/icyphy/ptII/lib/jython.jar:/home/travis/build/icyphy/ptII/lib/kieler.jar:/home/travis/build/icyphy/ptII/vendors/opencv/share/OpenCV/java/opencv-341.jar:/home/travis/build/icyphy/ptII/lib/oscP5.jar:/home/travis/build/icyphy/ptII/lib/nrjavaserial-3.11.0.devel.jar:/home/travis/build/icyphy/ptII/vendors/j3d/lib/j3dcore.jar:/home/travis/build/icyphy/ptII/vendors/j3d/lib/j3dutils.jar:/home/travis/build/icyphy/ptII/vendors/j3d/lib/vecmath.jar:/home/travis/build/icyphy/ptII/ptolemy/distributed/jini/jar/jini-core.jar:/home/travis/build/icyphy/ptII/ptolemy/distributed/jini/jar/jini-ext.jar:/home/travis/build/icyphy/ptII/ptolemy/distributed/jini/jar/sun-util.jar:/home/travis/build/icyphy/ptII/lib/protobuf-java-2.4.1.jar:/home/travis/build/icyphy/ptII/lib/org.eclipse.paho.client.mqttv3.jar:/home/travis/build/icyphy/ptII/ptserver/lib/hessian-4.0.7.jar:/home/travis/build/icyphy/ptII/ptserver/lib/wmqtt.jar:/home/travis/build/icyphy/ptII/lib/mapss.jar:/home/travis/build/icyphy/ptII/ptolemy/actor/ptalon/antlr/antlr.jar:/home/travis/build/icyphy/ptII/lib/JRI.jar:/home/travis/build/icyphy/ptII/lib/commons-lang-2.6.jar:/home/travis/build/icyphy/ptII/lib/commons-logging-1.1.1.jar:/home/travis/build/icyphy/ptII/lib/sootclasses.jar:/home/travis/build/icyphy/ptII/ptolemy/actor/lib/database/mysql-connector-java-5.1.6-bin.jar:/home/travis/build/icyphy/ptII/vendors/misc/sphinx4/sphinx4-data-5prealpha.jar:/home/travis/build/icyphy/ptII/vendors/misc/sphinx4/sphinx4-core-5prealpha.jar:/home/travis/build/icyphy/ptII/lib/PDFRenderer.jar:/home/travis/build/icyphy/ptII/lib/svgSalamander.jar:/home/travis/build/icyphy/ptII/lib/rsyntaxtextarea-2.6.0-SNAPSHOT.jar:/home/travis/build/icyphy/ptII/lib/hazelcast-3.8.2.jar:/home/travis/build/icyphy/ptII/lib/jackson-annotations-2.9.0.jar:/home/travis/build/icyphy/ptII/lib/jackson-core-2.9.3.jar:/home/travis/build/icyphy/ptII/lib/jackson-databind-2.9.3.jar:/home/travis/build/icyphy/ptII/lib/netty-buffer-4.1.19.Final.jar:/home/travis/build/icyphy/ptII/lib/netty-codec-4.1.19.Final.jar:/home/travis/build/icyphy/ptII/lib/netty-codec-dns-4.1.19.Final.jar:/home/travis/build/icyphy/ptII/lib/netty-codec-http-4.1.19.Final.jar:/home/travis/build/icyphy/ptII/lib/netty-codec-http2-4.1.19.Final.jar:/home/travis/build/icyphy/ptII/lib/netty-common-4.1.19.Final.jar:/home/travis/build/icyphy/ptII/lib/netty-handler-4.1.19.Final.jar:/home/travis/build/icyphy/ptII/lib/netty-resolver-4.1.19.Final.jar:/home/travis/build/icyphy/ptII/lib/netty-resolver-dns-4.1.19.Final.jar:/home/travis/build/icyphy/ptII/lib/netty-transport-4.1.19.Final.jar:/home/travis/build/icyphy/ptII/lib/vertx-codegen-3.5.1.jar:/home/travis/build/icyphy/ptII/lib/vertx-core-3.5.2-SNAPSHOT.jar:/home/travis/build/icyphy/ptII/lib/vertx-hazelcast-3.5.1.jar:/home/travis/build/icyphy/ptII/lib/vertx-lang-js-3.5.1.jar:/home/travis/build/icyphy/ptII/lib/vertx-service-proxy-3.5.1.jar:/home/travis/build/icyphy/ptII/lib/vertx-web-3.5.1.jar:/home/travis/build/icyphy/ptII/lib/slf4j-api-1.7.13.jar:/home/travis/build/icyphy/ptII/lib/slf4j-simple-1.7.13.jar:/home/travis/build/icyphy/ptII/lib/webcam-capture-0.3.12.jar:/home/travis/build/icyphy/ptII/lib/bridj-0.7.0.jar:/home/travis/build/icyphy/ptII/lib/xbjlib-1.1.0.nrjavaserial.jar" />
    <property name="test.batch" value="**/junit/*.java" />
    <property name="env._" value="/usr/bin/timeout" />
    <property name="java.io.tmpdir" value="/tmp" />
    <property name="user.language" value="en" />
    <property name="env.HISTCONTROL" value="ignoredups:ignorespace" />
    <property name="env.GOROOT" value="/home/travis/.gimme/versions/go1.7.4.linux.amd64" />
    <property name="line.separator" value="&#xa;" />
    <property name="target" value="1.8" />
    <property name="env.TRAVIS_BUILD_DIR" value="/home/travis/build/icyphy/ptII" />
    <property name="env.ANT_OPTS" value="-Xmx2048m" />
    <property name="ant.file.type" value="file" />
    <property name="ptolemy.ptII.batchMode" value="true" />
    <property name="env.HISTSIZE" value="1000" />
    <property name="env.MERB_ENV" value="test" />
    <property name="java.vm.info" value="mixed mode" />
    <property name="source" value="1.8" />
    <property name="java.vm.specification.name" value="Java Virtual Machine Specification" />
    <property name="env.TRAVIS_TEST_RESULT" value="0" />
    <property name="jsdoc.command" value="node_modules/@terraswarm/jsdoc/jsdoc.js" />
    <property name="npm.works" value="true" />
    <property name="cobertura.dir" value="/home/travis/build/icyphy/ptII/vendors/cobertura-2.0.3" />
    <property name="env.rvm_path" value="/home/travis/.rvm" />
    <property name="env.GEM_PATH" value="/home/travis/.rvm/gems/ruby-2.4.1:/home/travis/.rvm/gems/ruby-2.4.1@global" />
    <property name="env.LC_CTYPE" value="en_US.UTF-8" />
    <property name="java.awt.printerjob" value="sun.print.PSPrinterJob" />
    <property name="env.TRAVIS_STACK_NAME" value="garnet" />
    <property name="ant.version" value="Apache Ant(TM) version 1.10.1 compiled on February 2 2017" />
    <property name="ptII.reports" value="/home/travis/build/icyphy/ptII/reports" />
    <property name="env.TRAVIS_STACK_TIMESTAMP" value="2017-12-05 19:33:09 UTC" />
    <property name="ant.file.type.ptII" value="file" />
    <property name="env.RBENV_SHELL" value="bash" />
    <property name="os.name" value="Linux" />
    <property name="java.specification.vendor" value="Oracle Corporation" />
    <property name="env.rvm_version" value="1.29.3 (latest)" />
    <property name="env.TERM" value="xterm" />
    <property name="java.vm.name" value="Java HotSpot(TM) 64-Bit Server VM" />
    <property name="env.TRAVIS_BUILD_NUMBER" value="677" />
    <property name="env.CI" value="true" />
    <property name="java.library.path" value="/home/travis/pthla/certi-tools/lib:/usr/lib/jni:/usr/local/share/OpenCV/java/:/usr/share/OpenCV/java::/usr/java/packages/lib/amd64:/usr/lib64:/lib64:/lib:/usr/lib" />
    <property name="env.rvm_prefix" value="/home/travis" />
    <property name="env.PATH" value="/home/travis/pthla/certi-tools/share/scripts:/home/travis/.rvm/gems/ruby-2.4.1/bin:/home/travis/.rvm/gems/ruby-2.4.1@global/bin:/home/travis/.rvm/rubies/ruby-2.4.1/bin:/home/travis/.rvm/bin:/home/travis/.nvm/versions/node/v7.10.1/bin:./node_modules/.bin:/home/travis/build/icyphy/ptII/bin:/home/travis/pthla/certi-tools/bin:/home/travis/bin:/home/travis/.local/bin:/opt/pyenv/shims:/home/travis/.phpenv/shims:/home/travis/perl5/perlbrew/bin:/home/travis/.kiex/elixirs/elixir-1.4.5/bin:/home/travis/.kiex/bin:/home/travis/gopath/bin:/home/travis/.gimme/versions/go1.7.4.linux.amd64/bin:/usr/local/phantomjs/bin:/usr/local/phantomjs:/usr/local/neo4j-3.2.7/bin:/usr/local/maven-3.5.2/bin:/usr/local/cmake-3.9.2/bin:/usr/local/clang-5.0.0/bin:/usr/local/sbin:/usr/local/bin:/usr/sbin:/usr/bin:/sbin:/bin:/home/travis/.phpenv/bin:/opt/pyenv/bin:/home/travis/.yarn/bin" />
    <property name="env.TRAVIS_OS_NAME" value="linux" />
    <property name="ant.java.version" value="1.8" />
    <property name="basedir" value="/home/travis/build/icyphy/ptII" />
    <property name="java.class.version" value="52.0" />
    <property name="env.SHLVL" value="3" />
    <property name="env.LD_LIBRARY_PATH" value="/home/travis/pthla/certi-tools/lib:/usr/lib/jni:/usr/local/share/OpenCV/java/:/usr/share/OpenCV/java:" />
    <property name="env.RACK_ENV" value="test" />
    <property name="ant.home" value="/home/travis/build/icyphy/ptII/ant" />
    <property name="env.NVM_DIR" value="/home/travis/.nvm" />
    <property name="env.PERLBREW_BASHRC_VERSION" value="0.80" />
    <property name="env.CERTI_FOM_PATH" value="/home/travis/pthla/certi-tools/share/federations" />
    <property name="env.TRAVIS_BUILD_ID" value="411074317" />
    <property name="env.PYENV_ROOT" value="/opt/pyenv" />
    <property name="env.TRAVIS_UID" value="2000" />
    <property name="env.rvm_pretty_print_flag" value="auto" />
    <property name="env.NVM_BIN" value="/home/travis/.nvm/versions/node/v7.10.1/bin" />
    <property name="env.TRAVIS_COMMIT" value="9c38733458b1fb1d06265d679068a5e4ba110532" />
    <property name="env._system_arch" value="x86_64" />
    <property name="node.executable" value="node" />
    <property name="sun.boot.library.path" value="/usr/lib/jvm/java-8-oracle/jre/lib/amd64" />
    <property name="sun.management.compiler" value="HotSpot 64-Bit Tiered Compilers" />
    <property name="env.GOPATH" value="/home/travis/gopath" />
    <property name="java.awt.graphicsenv" value="sun.awt.X11GraphicsEnvironment" />
    <property name="ptolemy.ptII.dir" value="/home/travis/build/icyphy/ptII" />
    <property name="env.USER" value="travis" />
    <property name="env.HISTFILESIZE" value="2000" />
    <property name="timeout.longest" value="19000000" />
    <property name="env.TRAVIS_STACK_FEATURES" value="basic cassandra chromium couchdb disabled-ipv6 docker docker-compose elasticsearch firefox go-toolchain google-chrome jdk memcached mongodb mysql neo4j nodejs_interpreter perl_interpreter perlbrew phantomjs postgresql python_interpreter rabbitmq redis riak ruby_interpreter sqlite xserver" />
    <property name="env.TRAVIS_PULL_REQUEST" value="false" />
    <property name="env.PYENV_SHELL" value="bash" />
    <property name="ant.project.name" value="ptII" />
    <property name="java.vm.specification.version" value="1.8" />
    <property name="env.TRAVIS_DIST" value="trusty" />
    <property name="env.CERTI_VERSION" value="4.0.0" />
    <property name="env.NLSPATH" value="/usr/dt/lib/nls/msg/%L/%N.cat" />
    <property name="awt.toolkit" value="sun.awt.X11.XToolkit" />
    <property name="env.CERTI_HOST" value="localhost" />
    <property name="env.MY_RUBY_HOME" value="/home/travis/.rvm/rubies/ruby-2.4.1" />
    <property name="sun.cpu.isalist" value="" />
    <property name="java.ext.dirs" value="/usr/lib/jvm/java-8-oracle/jre/lib/ext:/usr/java/packages/lib/ext" />
    <property name="os.version" value="4.4.0-101-generic" />
    <property name="user.home" value="/home/travis" />
    <property name="env.MIX_ARCHIVES" value="/home/travis/.kiex/mix/elixir-1.4.5" />
    <property name="java.vm.vendor" value="Oracle Corporation" />
    <property name="env.TRAVIS_TAG" value="nightly" />
    <property name="env.TRAVIS_FILTERED" value="redirect_io" />
    <property name="env.JAVA_HOME" value="/usr/lib/jvm/java-8-oracle" />
    <property name="env.PTII" value="/home/travis/build/icyphy/ptII" />
    <property name="javadoc.excludepackagenames" value="adm.cvs2svn.*,build.*,config.*,doc.coding.templates.*,jni.test.jni.meaningOfLife.*,jni.test.jni.testDeux.*,jni.test.jni.testTrois.*,org.terraswarm.accessor.accessors.web.node_modules.*,org.terraswarm.accessor.accessors.web.hosts.cordova.demo.*,org.terraswarm.accessor.accessors.web.hosts.cordova.plugins.*,org.terraswarm.accessor.accessors-svn.*,pt-modules.*,ptolemy.apps.agilent.*,ptolemy.apps.anytimecontrol.*,ptolemy.apps.apes.*,ptolemy.apps.charon.*,ptolemy.apps.crazyboard.*,ptolemy.apps.eclipse.*,ptolemy.apps.etherealSting.*,ptolemy.apps.fullscreen.*,ptolemy.apps.giotto.*,ptolemy.apps.ia.*,ptolemy.apps.interfaces.*,ptolemy.apps.jmf.*,ptolemy.apps.kurt.*,ptolemy.apps.kvm.*,ptolemy.apps.lego.*,ptolemy.apps.lejos.*,ptolemy.apps.midp.*,ptolemy.apps.mobileCoding.*,ptolemy.apps.pendulum.*,ptolemy.apps.rijndael.*,ptolemy.apps.robot.*,ptolemy.apps.security.*,ptolemy.apps.sobel.*,ptolemy.apps.soot.*,ptolemy.apps.throttle.*,ptolemy.apps.tini.*,ptolemy.apps.transmission.*,ptolemy.apps.vergil.*,ptolemy.apps.waba.*,ptolemy.apps.websensor.*,ptolemy.apps.webstart.*,ptolemy.apps.xsl.*,ptolemy.apps.zaurus.*,ptolemy.backtrack.eclipse.plugin.*,ptolemy.backtrack.test.*,ptolemy.codegen.c.actor.lib.oldJavaFiles.*,ptolemy.codegen.dsp.lib.*,ptolemy.codegen.kernel.newInterfaces.*,ptolemy.codegen.lib.*,ptolemy.copernicus.kernel.fragment.*,ptolemy.copernicus.shallow.cg.*,ptolemy.domains.giotto.demo.Hierarchy.Hierarchy.*,ptolemy.domains.giotto.demo.Multimode.Multimode.*,ptolemy.domains.giotto.demo.Simple.Simple.*,ptolemy.domains.gr.lib.experimental.*,ptolemy.domains.gro.*,ptolemy.domains.pdf.*,ptolemy.domains.ptinyos.demo.Surge.output.*,ptolemy.moml.test.NoPackageActor.java*,ptolemy.plot.adm.*,ptolemy.plot.servlet.*,reports.*,signed.*,src.*,target.*,vendors.*,ptolemy.cg.adapter.generic.program.procedural.c.mbed*,ptolemy.actor.lib.fmi.fmus.omc*,ptolemy.domains.openmodelica*,ptdb.kernel.bl.save.test.*,ptdb.kernel.bl.load.test.*,ptdb.kernel.bl.search.test.*,ptdb.kernel.bl.migration.test.*,ptdb.kernel.database.test.*,ptdb.test.*,ptdb.gui.test.*,org.ptolemy.scala.*,diva.util.java2d.svg.*,ptolemy.domains.ptinyos.*,ptolemy.actor.lib.fmi.fmipp.*,,org.terraswarm.accessor.accessors.web.node_modules.*,org.terraswarm.accessor.accessors-svn,ptolemy.apps.*,ptolemy.actor.ptalon.demo.ptinyos.SendAndReceiveCnt.output,ptolemy.actor.ptalon.demo.ptinyos.SenseToLeds.output,ptolemy.domains.ptinyos.demo.CntToLedsAndRfm.output,ptolemy.domains.ptinyos.demo.RfmToLeds.output,ptolemy.domains.ptinyos.demo.SendAndReceiveCnt.output,ptolemy.domains.ptinyos.demo.SenseToLeds.output,ptolemy.actor.lib.jjs.modules.udpSocket.*" />
    <property name="env.TRAVIS_COMMIT_MESSAGE" value="Merge branch &apos;master&apos; of https://github.com/icyphy/ptII" />
    <property name="keystore" value="ptKeystore" />
    <property name="env.XDG_SESSION_ID" value="2" />
    <property name="junit.output.dir" value="/home/travis/build/icyphy/ptII/reports/junit" />
    <property name="npm.return.code" value="0" />
    <property name="user.dir" value="/home/travis/build/icyphy/ptII/ptolemy/actor/lib/test" />
    <property name="env.TRAVIS_NODE_VERSION" value="7" />
    <property name="env.XFILESEARCHPATH" value="/usr/dt/app-defaults/%L/Dt" />
    <property name="env.TRAVIS_EVENT_TYPE" value="cron" />
    <property name="env.MAIL" value="/var/mail/travis" />
    <property name="env.PERLBREW_ROOT" value="/home/travis/perl5/perlbrew" />
    <property name="env.PWD" value="/home/travis/build/icyphy/ptII" />
    <property name="timeout.npm" value="45000" />
    <property name="env.PAGER" value="cat" />
    <property name="sun.cpu.endian" value="little" />
    <property name="env.TRAVIS_BUILD_STAGE_NAME" value="Test" />
    <property name="env.PERLBREW_HOME" value="/home/travis/.perlbrew" />
    <property name="env.RAILS_ENV" value="test" />
    <property name="java.vm.version" value="25.151-b12" />
    <property name="java.class.path" value="/home/travis/.ptolemyII:/home/travis/.ptolemyII/*:/home/travis/build/icyphy/ptII:/home/travis/build/icyphy/ptII/lib/bsh-2.0b4.jar:/home/travis/build/icyphy/ptII/lib/ptCal.jar:/home/travis/build/icyphy/ptII/lib/java_cup.jar:/home/travis/build/icyphy/ptII/lib/saxon8.jar:/home/travis/build/icyphy/ptII/lib/saxon8-dom.jar:/home/travis/build/icyphy/ptII/lib/chic.jar:/home/travis/build/icyphy/ptII/lib/ptcolt.jar:/usr/lib/jvm/java-8-oracle/lib/tools.jar:/usr/lib/eclipse/plugins/org.eclipse.jdt.core_3.8.2.dist.jar:/usr/lib/eclipse/plugins/org.eclipse.core.runtime_3.8.0.dist.jar:/usr/lib/eclipse/plugins/org.eclipse.osgi_3.8.1.dist.jar:/usr/lib/eclipse/plugins/org.eclipse.core.resources_3.8.1.dist.jar:/usr/lib/eclipse/plugins/org.eclipse.equinox.common_3.6.100.dist.jar:/usr/lib/eclipse/plugins/org.eclipse.core.jobs_3.5.200.dist.jar:/usr/lib/eclipse/plugins/org.eclipse.core.contenttype_3.4.200.dist.jar:/usr/lib/eclipse/plugins/org.eclipse.equinox.preferences_3.5.0.dist.jar:/usr/lib/eclipse/plugins/org.eclipse.text_3.5.200.dist.jar:/usr/lib/eclipse/plugins/org.eclipse.ui.workbench_3.8.1.dist.jar:/usr/lib/eclipse/plugins/org.eclipse.jface_3.8.0.dist.jar:/usr/lib/eclipse/plugins/org.eclipse.swt_3.8.2.jar:/usr/lib/eclipse/plugins/org.eclipse.jface.text_3.8.1.dist.jar:/usr/lib/eclipse/plugins/org.eclipse.ui.workbench.texteditor_3.8.0.dist.jar:/usr/lib/eclipse/plugins/org.eclipse.ui.editors_3.8.0.dist.jar:/usr/lib/eclipse/plugins/org.eclipse.core.commands_3.6.1.dist.jar:/usr/lib/eclipse/plugins/org.eclipse.equinox.registry_3.5.200.dist.jar:/usr/lib/eclipse/plugins/org.eclipse.ui.console_3.5.100.dist.jar:/usr/lib/eclipse/plugins/org.eclipse.ui.forms_3.5.200.dist.jar:/usr/lib/eclipse/plugins/org.eclipse.ui.ide_3.8.1.dist.jar:/home/travis/build/icyphy/ptII/vendors/oracle/dbxml.jar:/home/travis/build/icyphy/ptII/vendors/oracle/db.jar:/home/travis/build/icyphy/ptII/vendors/misc/itext/iText.jar:/home/travis/build/icyphy/ptII/lib/g4ltl.jar:/home/travis/build/icyphy/ptII/lib/StructuralCoder.jar:/home/travis/build/icyphy/ptII/lib/org-openide-util.jar:/home/travis/build/icyphy/ptII/lib/org-openide-util-lookup.jar:/home/travis/build/icyphy/ptII/lib/org-netbeans-api-visual.jar:/home/travis/build/icyphy/ptII/vendors/jai-1_1_2_01/lib/jai_core.jar:/home/travis/build/icyphy/ptII/vendors/jai-1_1_2_01/lib/jai_codec.jar:/home/travis/build/icyphy/ptII/lib/jcerti.jar:/home/travis/build/icyphy/ptII/lib/smack.jar:/home/travis/build/icyphy/ptII/lib/smackx.jar:/home/travis/build/icyphy/ptII/lib/jetty-all-8.1.5-v20120716.jar:/home/travis/build/icyphy/ptII/lib/javax.servlet-api-3.0.1.jar:/home/travis/build/icyphy/ptII/lib/javax.mail.jar:/home/travis/build/icyphy/ptII/vendors/JMF-2.1.1e/lib/jmf.jar:/home/travis/build/icyphy/ptII/lib/jna-4.0.0-variadic.jar:/home/travis/build/icyphy/ptII/vendors/misc/joystick/Joystick.jar:/home/travis/build/icyphy/ptII/lib/ptjacl.jar:/home/travis/build/icyphy/ptII/lib/jsoup-1.8.2.jar:/home/travis/build/icyphy/ptII/lib/junit-4.8.2.jar:/home/travis/build/icyphy/ptII/lib/JUnitParams-0.4.0.jar:/home/travis/build/icyphy/ptII/ptolemy/actor/lib/excel/jxl.jar:/home/travis/build/icyphy/ptII/lib/jython.jar:/home/travis/build/icyphy/ptII/lib/kieler.jar:/home/travis/build/icyphy/ptII/vendors/opencv/share/OpenCV/java/opencv-341.jar:/home/travis/build/icyphy/ptII/lib/oscP5.jar:/home/travis/build/icyphy/ptII/lib/nrjavaserial-3.11.0.devel.jar:/home/travis/build/icyphy/ptII/vendors/j3d/lib/j3dcore.jar:/home/travis/build/icyphy/ptII/vendors/j3d/lib/j3dutils.jar:/home/travis/build/icyphy/ptII/vendors/j3d/lib/vecmath.jar:/home/travis/build/icyphy/ptII/ptolemy/distributed/jini/jar/jini-core.jar:/home/travis/build/icyphy/ptII/ptolemy/distributed/jini/jar/jini-ext.jar:/home/travis/build/icyphy/ptII/ptolemy/distributed/jini/jar/sun-util.jar:/home/travis/build/icyphy/ptII/lib/protobuf-java-2.4.1.jar:/home/travis/build/icyphy/ptII/lib/org.eclipse.paho.client.mqttv3.jar:/home/travis/build/icyphy/ptII/ptserver/lib/hessian-4.0.7.jar:/home/travis/build/icyphy/ptII/ptserver/lib/wmqtt.jar:/home/travis/build/icyphy/ptII/lib/mapss.jar:/home/travis/build/icyphy/ptII/ptolemy/actor/ptalon/antlr/antlr.jar:/home/travis/build/icyphy/ptII/lib/JRI.jar:/home/travis/build/icyphy/ptII/lib/commons-lang-2.6.jar:/home/travis/build/icyphy/ptII/lib/commons-logging-1.1.1.jar:/home/travis/build/icyphy/ptII/lib/sootclasses.jar:/home/travis/build/icyphy/ptII/ptolemy/actor/lib/database/mysql-connector-java-5.1.6-bin.jar:/home/travis/build/icyphy/ptII/vendors/misc/sphinx4/sphinx4-data-5prealpha.jar:/home/travis/build/icyphy/ptII/vendors/misc/sphinx4/sphinx4-core-5prealpha.jar:/home/travis/build/icyphy/ptII/lib/PDFRenderer.jar:/home/travis/build/icyphy/ptII/lib/svgSalamander.jar:/home/travis/build/icyphy/ptII/lib/rsyntaxtextarea-2.6.0-SNAPSHOT.jar:/home/travis/build/icyphy/ptII/lib/hazelcast-3.8.2.jar:/home/travis/build/icyphy/ptII/lib/jackson-annotations-2.9.0.jar:/home/travis/build/icyphy/ptII/lib/jackson-core-2.9.3.jar:/home/travis/build/icyphy/ptII/lib/jackson-databind-2.9.3.jar:/home/travis/build/icyphy/ptII/lib/netty-buffer-4.1.19.Final.jar:/home/travis/build/icyphy/ptII/lib/netty-codec-4.1.19.Final.jar:/home/travis/build/icyphy/ptII/lib/netty-codec-dns-4.1.19.Final.jar:/home/travis/build/icyphy/ptII/lib/netty-codec-http-4.1.19.Final.jar:/home/travis/build/icyphy/ptII/lib/netty-codec-http2-4.1.19.Final.jar:/home/travis/build/icyphy/ptII/lib/netty-common-4.1.19.Final.jar:/home/travis/build/icyphy/ptII/lib/netty-handler-4.1.19.Final.jar:/home/travis/build/icyphy/ptII/lib/netty-resolver-4.1.19.Final.jar:/home/travis/build/icyphy/ptII/lib/netty-resolver-dns-4.1.19.Final.jar:/home/travis/build/icyphy/ptII/lib/netty-transport-4.1.19.Final.jar:/home/travis/build/icyphy/ptII/lib/vertx-codegen-3.5.1.jar:/home/travis/build/icyphy/ptII/lib/vertx-core-3.5.2-SNAPSHOT.jar:/home/travis/build/icyphy/ptII/lib/vertx-hazelcast-3.5.1.jar:/home/travis/build/icyphy/ptII/lib/vertx-lang-js-3.5.1.jar:/home/travis/build/icyphy/ptII/lib/vertx-service-proxy-3.5.1.jar:/home/travis/build/icyphy/ptII/lib/vertx-web-3.5.1.jar:/home/travis/build/icyphy/ptII/lib/slf4j-api-1.7.13.jar:/home/travis/build/icyphy/ptII/lib/slf4j-simple-1.7.13.jar:/home/travis/build/icyphy/ptII/lib/webcam-capture-0.3.12.jar:/home/travis/build/icyphy/ptII/lib/bridj-0.7.0.jar:/home/travis/build/icyphy/ptII/lib/xbjlib-1.1.0.nrjavaserial.jar:/home/travis/build/icyphy/ptII/ptolemy/moml/test:/home/travis/build/icyphy/ptII/ant/lib/ant-launcher.jar:/home/travis/build/icyphy/ptII/ant/lib/ant.jar:/home/travis/build/icyphy/ptII/ant/lib/ant-junit.jar:/home/travis/build/icyphy/ptII/ant/lib/ant-junit4.jar" />
    <property name="ant.library.dir" value="/home/travis/build/icyphy/ptII/ant/lib" />
    <property name="os.arch" value="amd64" />
    <property name="env.TRAVIS_LANGUAGE" value="node_js" />
    <property name="env.CONTINUOUS_INTEGRATION" value="true" />
    <property name="env.TRAVIS_STACK_LANGUAGES" value="__garnet__ c c++ clojure cplusplus cpp default go groovy java node_js php pure_java python ruby scala" />
    <property name="test.name" value="ptolemy.actor.lib.test.junit.JUnitTclTest" />
    <property name="sun.java.launcher" value="SUN_STANDARD" />
    <property name="env.PYTHON_CONFIGURE_OPTS" value="--enable-unicode=ucs4 --with-wide-unicode --enable-shared --enable-ipv6 --enable-loadable-sqlite-extensions --with-computed-gotos" />
    <property name="ant.core.lib" value="/home/travis/build/icyphy/ptII/ant/lib/ant.jar" />
    <property name="java.vm.specification.vendor" value="Oracle Corporation" />
    <property name="env.BCVTB_HOME" value="/home/travis/build/icyphy/ptII/lbnl" />
    <property name="file.separator" value="/" />
    <property name="java.runtime.version" value="1.8.0_151-b12" />
    <property name="spotbugs.home" value="/home/travis/build/icyphy/ptII/vendors/spotbugs-3.1.1" />
    <property name="sun.boot.class.path" value="/usr/lib/jvm/java-8-oracle/jre/lib/resources.jar:/usr/lib/jvm/java-8-oracle/jre/lib/rt.jar:/usr/lib/jvm/java-8-oracle/jre/lib/sunrsasign.jar:/usr/lib/jvm/java-8-oracle/jre/lib/jsse.jar:/usr/lib/jvm/java-8-oracle/jre/lib/jce.jar:/usr/lib/jvm/java-8-oracle/jre/lib/charsets.jar:/usr/lib/jvm/java-8-oracle/jre/lib/jfr.jar:/usr/lib/jvm/java-8-oracle/jre/classes" />
    <property name="env.HAS_JOSH_K_SEAL_OF_APPROVAL" value="true" />
    <property name="env.XDG_RUNTIME_DIR" value="/run/user/2000" />
    <property name="env.TRAVIS_OSX_IMAGE" value="" />
    <property name="env.TRAVIS_BRANCH" value="master" />
    <property name="env.TRAVIS_JOB_ID" value="411074325" />
    <property name="user.country" value="US" />
    <property name="env.CERTI_HOME_TRAVIS" value="/home/travis/pthla/certi-tools" />
    <property name="env.SHELL" value="/bin/bash" />
    <property name="java.maxmemory.large" value="5000m" />
    <property name="model" value="" />
    <property name="env.CASHER_DIR" value="/home/travis/.casher" />
    <property name="env.NVM_CD_FLAGS" value="" />
    <property name="jshint.executable" value="/home/travis/node_modules/jshint/bin/jshint" />
    <property name="java.vendor" value="Oracle Corporation" />
    <property name="env.JRUBY_OPTS" value=" --client -J-XX:+TieredCompilation -J-XX:TieredStopAtLevel=1 -J-Xss2m -Xcompile.invokedynamic=false" />
    <property name="env.TRAVIS_PRE_CHEF_BOOTSTRAP_TIME" value="2017-12-05T19:32:55" />
    <property name="env.ELIXIR_VERSION" value="1.4.5" />
    <property name="env.TRAVIS_STACK_JOB_BOARD_REGISTER" value="/.job-board-register.yml" />
    <property name="java.specification.version" value="1.8" />
    <property name="env.TRAVIS" value="true" />
    <property name="env.IRBRC" value="/home/travis/.rvm/rubies/ruby-2.4.1/.irbrc" />
    <property name="sun.arch.data.model" value="64" />
  </properties>
  <testcase classname="ptolemy.util.test.junit.TclTests" name="[0] /home/travis/build/icyphy/ptII/ptolemy/actor/lib/test/AbsoluteValue.tcl (RunTclFile)" time="0.485" />
  <testcase classname="ptolemy.util.test.junit.TclTests" name="[1] /home/travis/build/icyphy/ptII/ptolemy/actor/lib/test/AddSubtract.tcl (RunTclFile)" time="0.066" />
  <testcase classname="ptolemy.util.test.junit.TclTests" name="[2] /home/travis/build/icyphy/ptII/ptolemy/actor/lib/test/Average.tcl (RunTclFile)" time="0.061" />
  <testcase classname="ptolemy.util.test.junit.TclTests" name="[3] /home/travis/build/icyphy/ptII/ptolemy/actor/lib/test/Bernoulli.tcl (RunTclFile)" time="0.036" />
  <testcase classname="ptolemy.util.test.junit.TclTests" name="[4] /home/travis/build/icyphy/ptII/ptolemy/actor/lib/test/Clock.tcl (RunTclFile)" time="0.087" />
  <testcase classname="ptolemy.util.test.junit.TclTests" name="[5] /home/travis/build/icyphy/ptII/ptolemy/actor/lib/test/Commutator.tcl (RunTclFile)" time="0.115" />
  <testcase classname="ptolemy.util.test.junit.TclTests" name="[6] /home/travis/build/icyphy/ptII/ptolemy/actor/lib/test/Const.tcl (RunTclFile)" time="0.115" />
  <testcase classname="ptolemy.util.test.junit.TclTests" name="[7] /home/travis/build/icyphy/ptII/ptolemy/actor/lib/test/CurrentTime.tcl (RunTclFile)" time="0.02" />
  <testcase classname="ptolemy.util.test.junit.TclTests" name="[8] /home/travis/build/icyphy/ptII/ptolemy/actor/lib/test/DB.tcl (RunTclFile)" time="0.025" />
  <testcase classname="ptolemy.util.test.junit.TclTests" name="[9] /home/travis/build/icyphy/ptII/ptolemy/actor/lib/test/DiscreteRandomSource.tcl (RunTclFile)" time="0.052" />
  <testcase classname="ptolemy.util.test.junit.TclTests" name="[10] /home/travis/build/icyphy/ptII/ptolemy/actor/lib/test/Distributor.tcl (RunTclFile)" time="0.037" />
  <testcase classname="ptolemy.util.test.junit.TclTests" name="[11] /home/travis/build/icyphy/ptII/ptolemy/actor/lib/test/Exit.tcl (RunTclFile)" time="0.049" />
  <testcase classname="ptolemy.util.test.junit.TclTests" name="[12] /home/travis/build/icyphy/ptII/ptolemy/actor/lib/test/Expression.tcl (RunTclFile)" time="0.099" />
  <testcase classname="ptolemy.util.test.junit.TclTests" name="[13] /home/travis/build/icyphy/ptII/ptolemy/actor/lib/test/Gaussian.tcl (RunTclFile)" time="0.522" />
  <testcase classname="ptolemy.util.test.junit.TclTests" name="[14] /home/travis/build/icyphy/ptII/ptolemy/actor/lib/test/IIR.tcl (RunTclFile)" time="0.044" />
  <testcase classname="ptolemy.util.test.junit.TclTests" name="[15] /home/travis/build/icyphy/ptII/ptolemy/actor/lib/test/Interpolator.tcl (RunTclFile)" time="0.124" />
  <testcase classname="ptolemy.util.test.junit.TclTests" name="[16] /home/travis/build/icyphy/ptII/ptolemy/actor/lib/test/MathFunction.tcl (RunTclFile)" time="0.072" />
  <testcase classname="ptolemy.util.test.junit.TclTests" name="[17] /home/travis/build/icyphy/ptII/ptolemy/actor/lib/test/Maximum.tcl (RunTclFile)" time="0.024" />
  <testcase classname="ptolemy.util.test.junit.TclTests" name="[18] /home/travis/build/icyphy/ptII/ptolemy/actor/lib/test/Minimum.tcl (RunTclFile)" time="0.021" />
  <testcase classname="ptolemy.util.test.junit.TclTests" name="[19] /home/travis/build/icyphy/ptII/ptolemy/actor/lib/test/MultiplyDivide.tcl (RunTclFile)" time="0.024" />
  <testcase classname="ptolemy.util.test.junit.TclTests" name="[20] /home/travis/build/icyphy/ptII/ptolemy/actor/lib/test/OrderedMerge.tcl (RunTclFile)" time="0.094" />
  <testcase classname="ptolemy.util.test.junit.TclTests" name="[21] /home/travis/build/icyphy/ptII/ptolemy/actor/lib/test/Publisher.tcl (RunTclFile)" time="0.66" />
  <testcase classname="ptolemy.util.test.junit.TclTests" name="[22] /home/travis/build/icyphy/ptII/ptolemy/actor/lib/test/Pulse.tcl (RunTclFile)" time="0.052" />
  <testcase classname="ptolemy.util.test.junit.TclTests" name="[23] /home/travis/build/icyphy/ptII/ptolemy/actor/lib/test/Ramp.tcl (RunTclFile)" time="2.19" />
  <testcase classname="ptolemy.util.test.junit.TclTests" name="[24] /home/travis/build/icyphy/ptII/ptolemy/actor/lib/test/RampContinuous.tcl (RunTclFile)" time="0.018" />
  <testcase classname="ptolemy.util.test.junit.TclTests" name="[25] /home/travis/build/icyphy/ptII/ptolemy/actor/lib/test/RecordAssembler.tcl (RunTclFile)" time="0.015" />
  <testcase classname="ptolemy.util.test.junit.TclTests" name="[26] /home/travis/build/icyphy/ptII/ptolemy/actor/lib/test/RecordDisassembler.tcl (RunTclFile)" time="0.018" />
  <testcase classname="ptolemy.util.test.junit.TclTests" name="[27] /home/travis/build/icyphy/ptII/ptolemy/actor/lib/test/Scale.tcl (RunTclFile)" time="0.018" />
  <testcase classname="ptolemy.util.test.junit.TclTests" name="[28] /home/travis/build/icyphy/ptII/ptolemy/actor/lib/test/SequentialClock.tcl (RunTclFile)" time="0.012" />
  <testcase classname="ptolemy.util.test.junit.TclTests" name="[29] /home/travis/build/icyphy/ptII/ptolemy/actor/lib/test/SetVariable.tcl (RunTclFile)" time="0.014" />
  <testcase classname="ptolemy.util.test.junit.TclTests" name="[30] /home/travis/build/icyphy/ptII/ptolemy/actor/lib/test/Sinewave.tcl (RunTclFile)" time="0.026" />
  <testcase classname="ptolemy.util.test.junit.TclTests" name="[31] /home/travis/build/icyphy/ptII/ptolemy/actor/lib/test/SubscriptionAggregator.tcl (RunTclFile)" time="2.314" />
  <testcase classname="ptolemy.util.test.junit.TclTests" name="[32] /home/travis/build/icyphy/ptII/ptolemy/actor/lib/test/Test.tcl (RunTclFile)" time="0.066" />
  <testcase classname="ptolemy.util.test.junit.TclTests" name="[33] /home/travis/build/icyphy/ptII/ptolemy/actor/lib/test/TestExceptionHandler.tcl (RunTclFile)" time="0.01" />
  <testcase classname="ptolemy.util.test.junit.TclTests" name="[34] /home/travis/build/icyphy/ptII/ptolemy/actor/lib/test/UnionDisassembler.tcl (RunTclFile)" time="0.043" />
  <testcase classname="ptolemy.util.test.junit.TclTests" name="[35] /home/travis/build/icyphy/ptII/ptolemy/actor/lib/test/VariableClock.tcl (RunTclFile)" time="0.015" />
  <testcase classname="ptolemy.util.test.junit.AutoKnownFailedTests" name="[0] /home/travis/build/icyphy/ptII/ptolemy/actor/lib/test/auto/knownFailedTests/PublisherPortToplevelSubscriber.xml (RunModel)" time="0.022" />
  <testcase classname="ptolemy.util.test.junit.AutoKnownFailedTests" name="[1] /home/travis/build/icyphy/ptII/ptolemy/actor/lib/test/auto/knownFailedTests/PublisherSubscriberPortToplevel.xml (RunModel)" time="0.029" />
  <testcase classname="ptolemy.util.test.junit.AutoKnownFailedTests" name="[2] /home/travis/build/icyphy/ptII/ptolemy/actor/lib/test/auto/knownFailedTests/PublisherSubscriptionAggregatorPort.xml (RunModel)" time="0.021" />
  <testcase classname="ptolemy.util.test.junit.AutoKnownFailedTests" name="[3] /home/travis/build/icyphy/ptII/ptolemy/actor/lib/test/auto/knownFailedTests/sizedarray3.xml (RunModel)" time="0.047" />
  <testcase classname="ptolemy.util.test.junit.AutoNameArchTests" name="[0] ThereAreNoAutoArchTests (RunModel)" time="0.005" />
  <testcase classname="ptolemy.util.test.junit.AutoTests" name="[0] /home/travis/build/icyphy/ptII/ptolemy/actor/lib/test/auto/AbsoluteValue.xml (RunModel)" time="0.108" />
  <testcase classname="ptolemy.util.test.junit.AutoTests" name="[1] /home/travis/build/icyphy/ptII/ptolemy/actor/lib/test/auto/AbsoluteValue2.xml (RunModel)" time="0.076" />
  <testcase classname="ptolemy.util.test.junit.AutoTests" name="[2] /home/travis/build/icyphy/ptII/ptolemy/actor/lib/test/auto/Accumulator.xml (RunModel)" time="0.075" />
  <testcase classname="ptolemy.util.test.junit.AutoTests" name="[3] /home/travis/build/icyphy/ptII/ptolemy/actor/lib/test/auto/Accumulator2.xml (RunModel)" time="0.053" />
  <testcase classname="ptolemy.util.test.junit.AutoTests" name="[4] /home/travis/build/icyphy/ptII/ptolemy/actor/lib/test/auto/Accumulator3.xml (RunModel)" time="0.028" />
  <testcase classname="ptolemy.util.test.junit.AutoTests" name="[5] /home/travis/build/icyphy/ptII/ptolemy/actor/lib/test/auto/ArrayAppend.xml (RunModel)" time="0.06" />
  <testcase classname="ptolemy.util.test.junit.AutoTests" name="[6] /home/travis/build/icyphy/ptII/ptolemy/actor/lib/test/auto/ArrayAppend2.xml (RunModel)" time="0.599" />
  <testcase classname="ptolemy.util.test.junit.AutoTests" name="[7] /home/travis/build/icyphy/ptII/ptolemy/actor/lib/test/auto/ArrayAppend3.xml (RunModel)" time="0.027" />
  <testcase classname="ptolemy.util.test.junit.AutoTests" name="[8] /home/travis/build/icyphy/ptII/ptolemy/actor/lib/test/auto/ArrayAppend4.xml (RunModel)" time="0.018" />
  <testcase classname="ptolemy.util.test.junit.AutoTests" name="[9] /home/travis/build/icyphy/ptII/ptolemy/actor/lib/test/auto/ArrayAppend5.xml (RunModel)" time="0.018" />
  <testcase classname="ptolemy.util.test.junit.AutoTests" name="[10] /home/travis/build/icyphy/ptII/ptolemy/actor/lib/test/auto/ArrayAppend6.xml (RunModel)" time="0.028" />
  <testcase classname="ptolemy.util.test.junit.AutoTests" name="[11] /home/travis/build/icyphy/ptII/ptolemy/actor/lib/test/auto/ArrayAppendPerformanceTest.xml (RunModel)" time="0.039" />
  <testcase classname="ptolemy.util.test.junit.AutoTests" name="[12] /home/travis/build/icyphy/ptII/ptolemy/actor/lib/test/auto/ArrayAppendWithEmptyInput.xml (RunModel)" time="0.043" />
  <testcase classname="ptolemy.util.test.junit.AutoTests" name="[13] /home/travis/build/icyphy/ptII/ptolemy/actor/lib/test/auto/ArrayAverage.xml (RunModel)" time="0.035" />
  <testcase classname="ptolemy.util.test.junit.AutoTests" name="[14] /home/travis/build/icyphy/ptII/ptolemy/actor/lib/test/auto/ArrayContains.xml (RunModel)" time="0.023" />
  <testcase classname="ptolemy.util.test.junit.AutoTests" name="[15] /home/travis/build/icyphy/ptII/ptolemy/actor/lib/test/auto/ArrayElement.xml (RunModel)" time="0.036" />
  <testcase classname="ptolemy.util.test.junit.AutoTests" name="[16] /home/travis/build/icyphy/ptII/ptolemy/actor/lib/test/auto/ArrayElementAsMatrix.xml (RunModel)" time="0.069" />
  <testcase classname="ptolemy.util.test.junit.AutoTests" name="[17] /home/travis/build/icyphy/ptII/ptolemy/actor/lib/test/auto/ArrayElementI.xml (RunModel)" time="0.027" />
  <testcase classname="ptolemy.util.test.junit.AutoTests" name="[18] /home/travis/build/icyphy/ptII/ptolemy/actor/lib/test/auto/ArrayExtract.xml (RunModel)" time="0.023" />
  <testcase classname="ptolemy.util.test.junit.AutoTests" name="[19] /home/travis/build/icyphy/ptII/ptolemy/actor/lib/test/auto/ArrayExtract2.xml (RunModel)" time="0.018" />
  <testcase classname="ptolemy.util.test.junit.AutoTests" name="[20] /home/travis/build/icyphy/ptII/ptolemy/actor/lib/test/auto/ArrayLength.xml (RunModel)" time="0.044" />
  <testcase classname="ptolemy.util.test.junit.AutoTests" name="[21] /home/travis/build/icyphy/ptII/ptolemy/actor/lib/test/auto/ArrayLevelCrossing.xml (RunModel)" time="0.042" />
  <testcase classname="ptolemy.util.test.junit.AutoTests" name="[22] /home/travis/build/icyphy/ptII/ptolemy/actor/lib/test/auto/ArrayLevelCrossing2.xml (RunModel)" time="0.028" />
  <testcase classname="ptolemy.util.test.junit.AutoTests" name="[23] /home/travis/build/icyphy/ptII/ptolemy/actor/lib/test/auto/ArrayPeakSearch.xml (RunModel)" time="0.065" />
  <testcase classname="ptolemy.util.test.junit.AutoTests" name="[24] /home/travis/build/icyphy/ptII/ptolemy/actor/lib/test/auto/ArrayPeakSearch2.xml (RunModel)" time="0.046" />
  <testcase classname="ptolemy.util.test.junit.AutoTests" name="[25] /home/travis/build/icyphy/ptII/ptolemy/actor/lib/test/auto/ArrayPeakSearch3.xml (RunModel)" time="0.035" />
  <testcase classname="ptolemy.util.test.junit.AutoTests" name="[26] /home/travis/build/icyphy/ptII/ptolemy/actor/lib/test/auto/ArrayRemoveElement.xml (RunModel)" time="0.033" />
  <testcase classname="ptolemy.util.test.junit.AutoTests" name="[27] /home/travis/build/icyphy/ptII/ptolemy/actor/lib/test/auto/ArraySort.xml (RunModel)" time="0.039" />
  <testcase classname="ptolemy.util.test.junit.AutoTests" name="[28] /home/travis/build/icyphy/ptII/ptolemy/actor/lib/test/auto/ArraySum.xml (RunModel)" time="0.021" />
  <testcase classname="ptolemy.util.test.junit.AutoTests" name="[29] /home/travis/build/icyphy/ptII/ptolemy/actor/lib/test/auto/ArrayToElements.xml (RunModel)" time="0.053" />
  <testcase classname="ptolemy.util.test.junit.AutoTests" name="[30] /home/travis/build/icyphy/ptII/ptolemy/actor/lib/test/auto/ArrayToMatrix.xml (RunModel)" time="0.059" />
  <testcase classname="ptolemy.util.test.junit.AutoTests" name="[31] /home/travis/build/icyphy/ptII/ptolemy/actor/lib/test/auto/ArrayUpdate1.xml (RunModel)" time="0.039" />
  <testcase classname="ptolemy.util.test.junit.AutoTests" name="[32] /home/travis/build/icyphy/ptII/ptolemy/actor/lib/test/auto/ArrayUpdate2.xml (RunModel)" time="0.026" />
  <testcase classname="ptolemy.util.test.junit.AutoTests" name="[33] /home/travis/build/icyphy/ptII/ptolemy/actor/lib/test/auto/ArrayUpdate3.xml (RunModel)" time="0.022" />
  <testcase classname="ptolemy.util.test.junit.AutoTests" name="[34] /home/travis/build/icyphy/ptII/ptolemy/actor/lib/test/auto/Assert1.xml (RunModel)" time="0.022" />
  <testcase classname="ptolemy.util.test.junit.AutoTests" name="[35] /home/travis/build/icyphy/ptII/ptolemy/actor/lib/test/auto/Assert2.xml (RunModel)" time="0.016" />
  <testcase classname="ptolemy.util.test.junit.AutoTests" name="[36] /home/travis/build/icyphy/ptII/ptolemy/actor/lib/test/auto/BooleanMultiplexor.xml (RunModel)" time="0.014" />
  <testcase classname="ptolemy.util.test.junit.AutoTests" name="[37] /home/travis/build/icyphy/ptII/ptolemy/actor/lib/test/auto/BooleanMultiplexor2.xml (RunModel)" time="0.035" />
  <testcase classname="ptolemy.util.test.junit.AutoTests" name="[38] /home/travis/build/icyphy/ptII/ptolemy/actor/lib/test/auto/BooleanMultiplexor3.xml (RunModel)" time="0.029" />
  <testcase classname="ptolemy.util.test.junit.AutoTests" name="[39] /home/travis/build/icyphy/ptII/ptolemy/actor/lib/test/auto/BooleanSelect.xml (RunModel)" time="0.017" />
  <testcase classname="ptolemy.util.test.junit.AutoTests" name="[40] /home/travis/build/icyphy/ptII/ptolemy/actor/lib/test/auto/BooleanSelect2.xml (RunModel)" time="0.013" />
  <testcase classname="ptolemy.util.test.junit.AutoTests" name="[41] /home/travis/build/icyphy/ptII/ptolemy/actor/lib/test/auto/BooleanSwitch.xml (RunModel)" time="0.022" />
  <testcase classname="ptolemy.util.test.junit.AutoTests" name="[42] /home/travis/build/icyphy/ptII/ptolemy/actor/lib/test/auto/BooleanSwitch2.xml (RunModel)" time="0.013" />
  <testcase classname="ptolemy.util.test.junit.AutoTests" name="[43] /home/travis/build/icyphy/ptII/ptolemy/actor/lib/test/auto/BooleanSwitchCloningBugWithClassRelationGroup.xml (RunModel)" time="0.033" />
  <testcase classname="ptolemy.util.test.junit.AutoTests" name="[44] /home/travis/build/icyphy/ptII/ptolemy/actor/lib/test/auto/BusActors.xml (RunModel)" time="0.056" />
  <testcase classname="ptolemy.util.test.junit.AutoTests" name="[45] /home/travis/build/icyphy/ptII/ptolemy/actor/lib/test/auto/ClassWrapper.xml (RunModel)" time="0.015" />
  <testcase classname="ptolemy.util.test.junit.AutoTests" name="[46] /home/travis/build/icyphy/ptII/ptolemy/actor/lib/test/auto/Clock.xml (RunModel)" time="0.012" />
  <testcase classname="ptolemy.util.test.junit.AutoTests" name="[47] /home/travis/build/icyphy/ptII/ptolemy/actor/lib/test/auto/Clock10.xml (RunModel)" time="0.02" />
  <testcase classname="ptolemy.util.test.junit.AutoTests" name="[48] /home/travis/build/icyphy/ptII/ptolemy/actor/lib/test/auto/Clock11.xml (RunModel)" time="0.013" />
  <testcase classname="ptolemy.util.test.junit.AutoTests" name="[49] /home/travis/build/icyphy/ptII/ptolemy/actor/lib/test/auto/Clock12.xml (RunModel)" time="0.013" />
  <testcase classname="ptolemy.util.test.junit.AutoTests" name="[50] /home/travis/build/icyphy/ptII/ptolemy/actor/lib/test/auto/Clock13.xml (RunModel)" time="0.013" />
  <testcase classname="ptolemy.util.test.junit.AutoTests" name="[51] /home/travis/build/icyphy/ptII/ptolemy/actor/lib/test/auto/Clock14.xml (RunModel)" time="0.015" />
  <testcase classname="ptolemy.util.test.junit.AutoTests" name="[52] /home/travis/build/icyphy/ptII/ptolemy/actor/lib/test/auto/Clock15.xml (RunModel)" time="0.016" />
  <testcase classname="ptolemy.util.test.junit.AutoTests" name="[53] /home/travis/build/icyphy/ptII/ptolemy/actor/lib/test/auto/Clock16.xml (RunModel)" time="0.075" />
  <testcase classname="ptolemy.util.test.junit.AutoTests" name="[54] /home/travis/build/icyphy/ptII/ptolemy/actor/lib/test/auto/Clock17.xml (RunModel)" time="0.066" />
  <testcase classname="ptolemy.util.test.junit.AutoTests" name="[55] /home/travis/build/icyphy/ptII/ptolemy/actor/lib/test/auto/Clock18.xml (RunModel)" time="0.074" />
  <testcase classname="ptolemy.util.test.junit.AutoTests" name="[56] /home/travis/build/icyphy/ptII/ptolemy/actor/lib/test/auto/Clock19.xml (RunModel)" time="0.042" />
  <testcase classname="ptolemy.util.test.junit.AutoTests" name="[57] /home/travis/build/icyphy/ptII/ptolemy/actor/lib/test/auto/Clock2.xml (RunModel)" time="0.011" />
  <testcase classname="ptolemy.util.test.junit.AutoTests" name="[58] /home/travis/build/icyphy/ptII/ptolemy/actor/lib/test/auto/Clock20.xml (RunModel)" time="0.026" />
  <testcase classname="ptolemy.util.test.junit.AutoTests" name="[59] /home/travis/build/icyphy/ptII/ptolemy/actor/lib/test/auto/Clock21.xml (RunModel)" time="0.019" />
  <testcase classname="ptolemy.util.test.junit.AutoTests" name="[60] /home/travis/build/icyphy/ptII/ptolemy/actor/lib/test/auto/Clock22.xml (RunModel)" time="0.016" />
  <testcase classname="ptolemy.util.test.junit.AutoTests" name="[61] /home/travis/build/icyphy/ptII/ptolemy/actor/lib/test/auto/Clock23.xml (RunModel)" time="0.017" />
  <testcase classname="ptolemy.util.test.junit.AutoTests" name="[62] /home/travis/build/icyphy/ptII/ptolemy/actor/lib/test/auto/Clock24.xml (RunModel)" time="0.024" />
  <testcase classname="ptolemy.util.test.junit.AutoTests" name="[63] /home/travis/build/icyphy/ptII/ptolemy/actor/lib/test/auto/Clock4.xml (RunModel)" time="0.015" />
  <testcase classname="ptolemy.util.test.junit.AutoTests" name="[64] /home/travis/build/icyphy/ptII/ptolemy/actor/lib/test/auto/Clock5.xml (RunModel)" time="0.022" />
  <testcase classname="ptolemy.util.test.junit.AutoTests" name="[65] /home/travis/build/icyphy/ptII/ptolemy/actor/lib/test/auto/Clock6.xml (RunModel)" time="0.01" />
  <testcase classname="ptolemy.util.test.junit.AutoTests" name="[66] /home/travis/build/icyphy/ptII/ptolemy/actor/lib/test/auto/Clock7.xml (RunModel)" time="0.013" />
  <testcase classname="ptolemy.util.test.junit.AutoTests" name="[67] /home/travis/build/icyphy/ptII/ptolemy/actor/lib/test/auto/Clock8.xml (RunModel)" time="0.02" />
  <testcase classname="ptolemy.util.test.junit.AutoTests" name="[68] /home/travis/build/icyphy/ptII/ptolemy/actor/lib/test/auto/Clock9.xml (RunModel)" time="0.017" />
  <testcase classname="ptolemy.util.test.junit.AutoTests" name="[69] /home/travis/build/icyphy/ptII/ptolemy/actor/lib/test/auto/CommDistDiscard.xml (RunModel)" time="0.023" />
  <testcase classname="ptolemy.util.test.junit.AutoTests" name="[70] /home/travis/build/icyphy/ptII/ptolemy/actor/lib/test/auto/Commutator.xml (RunModel)" time="0.017" />
  <testcase classname="ptolemy.util.test.junit.AutoTests" name="[71] /home/travis/build/icyphy/ptII/ptolemy/actor/lib/test/auto/Commutator2.xml (RunModel)" time="0.013" />
  <testcase classname="ptolemy.util.test.junit.AutoTests" name="[72] /home/travis/build/icyphy/ptII/ptolemy/actor/lib/test/auto/Commutator3.xml (RunModel)" time="0.012" />
  <testcase classname="ptolemy.util.test.junit.AutoTests" name="[73] /home/travis/build/icyphy/ptII/ptolemy/actor/lib/test/auto/Compare.xml (RunModel)" time="0.021" />
  <testcase classname="ptolemy.util.test.junit.AutoTests" name="[74] /home/travis/build/icyphy/ptII/ptolemy/actor/lib/test/auto/CompareDE.xml (RunModel)" time="0.021" />
  <testcase classname="ptolemy.util.test.junit.AutoTests" name="[75] /home/travis/build/icyphy/ptII/ptolemy/actor/lib/test/auto/ComplexDivide.xml (RunModel)" time="0.011" />
  <testcase classname="ptolemy.util.test.junit.AutoTests" name="[76] /home/travis/build/icyphy/ptII/ptolemy/actor/lib/test/auto/ComputeHistogram.xml (RunModel)" time="0.083" />
  <testcase classname="ptolemy.util.test.junit.AutoTests" name="[77] /home/travis/build/icyphy/ptII/ptolemy/actor/lib/test/auto/ConfigurationSelect.xml (RunModel)" time="0.022" />
  <testcase classname="ptolemy.util.test.junit.AutoTests" name="[78] /home/travis/build/icyphy/ptII/ptolemy/actor/lib/test/auto/ConfigurationSelect2.xml (RunModel)" time="0.014" />
  <testcase classname="ptolemy.util.test.junit.AutoTests" name="[79] /home/travis/build/icyphy/ptII/ptolemy/actor/lib/test/auto/ConfigurationSwitch.xml (RunModel)" time="0.024" />
  <testcase classname="ptolemy.util.test.junit.AutoTests" name="[80] /home/travis/build/icyphy/ptII/ptolemy/actor/lib/test/auto/ConfigurationSwitch2.xml (RunModel)" time="0.025" />
  <testcase classname="ptolemy.util.test.junit.AutoTests" name="[81] /home/travis/build/icyphy/ptII/ptolemy/actor/lib/test/auto/ConfigurationSwitchCloningBugWithClassRelationGroup.xml (RunModel)" time="0.022" />
  <testcase classname="ptolemy.util.test.junit.AutoTests" name="[82] /home/travis/build/icyphy/ptII/ptolemy/actor/lib/test/auto/ConfigurationSwitchSelectSDF.xml (RunModel)" time="0.017" />
  <testcase classname="ptolemy.util.test.junit.AutoTests" name="[83] /home/travis/build/icyphy/ptII/ptolemy/actor/lib/test/auto/ConfigurationSwitchSelectSDF2.xml (RunModel)" time="0.012" />
  <testcase classname="ptolemy.util.test.junit.AutoTests" name="[84] /home/travis/build/icyphy/ptII/ptolemy/actor/lib/test/auto/Const.xml (RunModel)" time="0.007" />
  <testcase classname="ptolemy.util.test.junit.AutoTests" name="[85] /home/travis/build/icyphy/ptII/ptolemy/actor/lib/test/auto/Const2.xml (RunModel)" time="0.008" />
  <testcase classname="ptolemy.util.test.junit.AutoTests" name="[86] /home/travis/build/icyphy/ptII/ptolemy/actor/lib/test/auto/Const3.xml (RunModel)" time="0.006" />
  <testcase classname="ptolemy.util.test.junit.AutoTests" name="[87] /home/travis/build/icyphy/ptII/ptolemy/actor/lib/test/auto/ConstantPublisherPort1.xml (RunModel)" time="0.02" />
  <testcase classname="ptolemy.util.test.junit.AutoTests" name="[88] /home/travis/build/icyphy/ptII/ptolemy/actor/lib/test/auto/ConstantPublisherPort2.xml (RunModel)" time="0.018" />
  <testcase classname="ptolemy.util.test.junit.AutoTests" name="[89] /home/travis/build/icyphy/ptII/ptolemy/actor/lib/test/auto/ConstantPublisherPort3.xml (RunModel)" time="0.018" />
  <testcase classname="ptolemy.util.test.junit.AutoTests" name="[90] /home/travis/build/icyphy/ptII/ptolemy/actor/lib/test/auto/ConstantPublisherPort4.xml (RunModel)" time="0.018" />
  <testcase classname="ptolemy.util.test.junit.AutoTests" name="[91] /home/travis/build/icyphy/ptII/ptolemy/actor/lib/test/auto/ConstantPublisherPort5.xml (RunModel)" time="0.03" />
  <testcase classname="ptolemy.util.test.junit.AutoTests" name="[92] /home/travis/build/icyphy/ptII/ptolemy/actor/lib/test/auto/ConstantPublisherPort6.xml (RunModel)" time="0.031" />
  <testcase classname="ptolemy.util.test.junit.AutoTests" name="[93] /home/travis/build/icyphy/ptII/ptolemy/actor/lib/test/auto/ConstantPublisherPort7.xml (RunModel)" time="0.027" />
  <testcase classname="ptolemy.util.test.junit.AutoTests" name="[94] /home/travis/build/icyphy/ptII/ptolemy/actor/lib/test/auto/ConstraintMonitor1.xml (RunModel)" time="0.032" />
  <testcase classname="ptolemy.util.test.junit.AutoTests" name="[95] /home/travis/build/icyphy/ptII/ptolemy/actor/lib/test/auto/ConstraintMonitor2.xml (RunModel)" time="0.015" />
  <testcase classname="ptolemy.util.test.junit.AutoTests" name="[96] /home/travis/build/icyphy/ptII/ptolemy/actor/lib/test/auto/ConstraintMonitor3.xml (RunModel)" time="0.013" />
  <testcase classname="ptolemy.util.test.junit.AutoTests" name="[97] /home/travis/build/icyphy/ptII/ptolemy/actor/lib/test/auto/ConstraintMonitor4.xml (RunModel)" time="0.018" />
  <testcase classname="ptolemy.util.test.junit.AutoTests" name="[98] /home/travis/build/icyphy/ptII/ptolemy/actor/lib/test/auto/ConstraintMonitor5.xml (RunModel)" time="0.014" />
  <testcase classname="ptolemy.util.test.junit.AutoTests" name="[99] /home/travis/build/icyphy/ptII/ptolemy/actor/lib/test/auto/ConstraintMonitor6.xml (RunModel)" time="0.021" />
  <testcase classname="ptolemy.util.test.junit.AutoTests" name="[100] /home/travis/build/icyphy/ptII/ptolemy/actor/lib/test/auto/ConstraintMonitor7.xml (RunModel)" time="0.014" />
  <testcase classname="ptolemy.util.test.junit.AutoTests" name="[101] /home/travis/build/icyphy/ptII/ptolemy/actor/lib/test/auto/ConstraintMonitor8.xml (RunModel)" time="0.016" />
  <testcase classname="ptolemy.util.test.junit.AutoTests" name="[102] /home/travis/build/icyphy/ptII/ptolemy/actor/lib/test/auto/Counter.xml (RunModel)" time="0.012" />
  <testcase classname="ptolemy.util.test.junit.AutoTests" name="[103] /home/travis/build/icyphy/ptII/ptolemy/actor/lib/test/auto/CurrentTimeSDF.xml (RunModel)" time="0.01" />
  <testcase classname="ptolemy.util.test.junit.AutoTests" name="[104] /home/travis/build/icyphy/ptII/ptolemy/actor/lib/test/auto/DB.xml (RunModel)" time="0.01" />
  <testcase classname="ptolemy.util.test.junit.AutoTests" name="[105] /home/travis/build/icyphy/ptII/ptolemy/actor/lib/test/auto/DBDE.xml (RunModel)" time="0.014" />
  <testcase classname="ptolemy.util.test.junit.AutoTests" name="[106] /home/travis/build/icyphy/ptII/ptolemy/actor/lib/test/auto/DateConstructor.xml (RunModel)" time="0.046" />
  <testcase classname="ptolemy.util.test.junit.AutoTests" name="[107] /home/travis/build/icyphy/ptII/ptolemy/actor/lib/test/auto/DelayTime.xml (RunModel)" time="0.014" />
  <testcase classname="ptolemy.util.test.junit.AutoTests" name="[108] /home/travis/build/icyphy/ptII/ptolemy/actor/lib/test/auto/Dictionary1.xml (RunModel)" time="0.016" />
  <testcase classname="ptolemy.util.test.junit.AutoTests" name="[109] /home/travis/build/icyphy/ptII/ptolemy/actor/lib/test/auto/Dictionary2.xml (RunModel)" time="0.014" />
  <testcase classname="ptolemy.util.test.junit.AutoTests" name="[110] /home/travis/build/icyphy/ptII/ptolemy/actor/lib/test/auto/Dictionary3.xml (RunModel)" time="0.013" />
  <testcase classname="ptolemy.util.test.junit.AutoTests" name="[111] /home/travis/build/icyphy/ptII/ptolemy/actor/lib/test/auto/Dictionary4.xml (RunModel)" time="0.017" />
  <testcase classname="ptolemy.util.test.junit.AutoTests" name="[112] /home/travis/build/icyphy/ptII/ptolemy/actor/lib/test/auto/Differential.xml (RunModel)" time="0.011" />
  <testcase classname="ptolemy.util.test.junit.AutoTests" name="[113] /home/travis/build/icyphy/ptII/ptolemy/actor/lib/test/auto/Director.xml (RunModel)" time="0.01" />
  <testcase classname="ptolemy.util.test.junit.AutoTests" name="[114] /home/travis/build/icyphy/ptII/ptolemy/actor/lib/test/auto/DiscreteClock.xml (RunModel)" time="0.008" />
  <testcase classname="ptolemy.util.test.junit.AutoTests" name="[115] /home/travis/build/icyphy/ptII/ptolemy/actor/lib/test/auto/DiscreteClock10.xml (RunModel)" time="0.012" />
  <testcase classname="ptolemy.util.test.junit.AutoTests" name="[116] /home/travis/build/icyphy/ptII/ptolemy/actor/lib/test/auto/DiscreteClock11.xml (RunModel)" time="0.011" />
  <testcase classname="ptolemy.util.test.junit.AutoTests" name="[117] /home/travis/build/icyphy/ptII/ptolemy/actor/lib/test/auto/DiscreteClock12.xml (RunModel)" time="0.012" />
  <testcase classname="ptolemy.util.test.junit.AutoTests" name="[118] /home/travis/build/icyphy/ptII/ptolemy/actor/lib/test/auto/DiscreteClock13.xml (RunModel)" time="0.019" />
  <testcase classname="ptolemy.util.test.junit.AutoTests" name="[119] /home/travis/build/icyphy/ptII/ptolemy/actor/lib/test/auto/DiscreteClock14.xml (RunModel)" time="0.012" />
  <testcase classname="ptolemy.util.test.junit.AutoTests" name="[120] /home/travis/build/icyphy/ptII/ptolemy/actor/lib/test/auto/DiscreteClock15.xml (RunModel)" time="0.012" />
  <testcase classname="ptolemy.util.test.junit.AutoTests" name="[121] /home/travis/build/icyphy/ptII/ptolemy/actor/lib/test/auto/DiscreteClock16.xml (RunModel)" time="0.059" />
  <testcase classname="ptolemy.util.test.junit.AutoTests" name="[122] /home/travis/build/icyphy/ptII/ptolemy/actor/lib/test/auto/DiscreteClock17.xml (RunModel)" time="0.039" />
  <testcase classname="ptolemy.util.test.junit.AutoTests" name="[123] /home/travis/build/icyphy/ptII/ptolemy/actor/lib/test/auto/DiscreteClock18.xml (RunModel)" time="0.044" />
  <testcase classname="ptolemy.util.test.junit.AutoTests" name="[124] /home/travis/build/icyphy/ptII/ptolemy/actor/lib/test/auto/DiscreteClock19.xml (RunModel)" time="0.053" />
  <testcase classname="ptolemy.util.test.junit.AutoTests" name="[125] /home/travis/build/icyphy/ptII/ptolemy/actor/lib/test/auto/DiscreteClock2.xml (RunModel)" time="0.009" />
  <testcase classname="ptolemy.util.test.junit.AutoTests" name="[126] /home/travis/build/icyphy/ptII/ptolemy/actor/lib/test/auto/DiscreteClock20.xml (RunModel)" time="0.018" />
  <testcase classname="ptolemy.util.test.junit.AutoTests" name="[127] /home/travis/build/icyphy/ptII/ptolemy/actor/lib/test/auto/DiscreteClock21.xml (RunModel)" time="0.025" />
  <testcase classname="ptolemy.util.test.junit.AutoTests" name="[128] /home/travis/build/icyphy/ptII/ptolemy/actor/lib/test/auto/DiscreteClock22.xml (RunModel)" time="0.023" />
  <testcase classname="ptolemy.util.test.junit.AutoTests" name="[129] /home/travis/build/icyphy/ptII/ptolemy/actor/lib/test/auto/DiscreteClock23.xml (RunModel)" time="0.02" />
  <testcase classname="ptolemy.util.test.junit.AutoTests" name="[130] /home/travis/build/icyphy/ptII/ptolemy/actor/lib/test/auto/DiscreteClock24.xml (RunModel)" time="0.011" />
  <testcase classname="ptolemy.util.test.junit.AutoTests" name="[131] /home/travis/build/icyphy/ptII/ptolemy/actor/lib/test/auto/DiscreteClock4.xml (RunModel)" time="0.009" />
  <testcase classname="ptolemy.util.test.junit.AutoTests" name="[132] /home/travis/build/icyphy/ptII/ptolemy/actor/lib/test/auto/DiscreteClock5.xml (RunModel)" time="0.014" />
  <testcase classname="ptolemy.util.test.junit.AutoTests" name="[133] /home/travis/build/icyphy/ptII/ptolemy/actor/lib/test/auto/DiscreteClock6.xml (RunModel)" time="0.007" />
  <testcase classname="ptolemy.util.test.junit.AutoTests" name="[134] /home/travis/build/icyphy/ptII/ptolemy/actor/lib/test/auto/DiscreteClock7.xml (RunModel)" time="0.588" />
  <testcase classname="ptolemy.util.test.junit.AutoTests" name="[135] /home/travis/build/icyphy/ptII/ptolemy/actor/lib/test/auto/DiscreteClock8.xml (RunModel)" time="0.014" />
  <testcase classname="ptolemy.util.test.junit.AutoTests" name="[136] /home/travis/build/icyphy/ptII/ptolemy/actor/lib/test/auto/DiscreteClock9.xml (RunModel)" time="0.014" />
  <testcase classname="ptolemy.util.test.junit.AutoTests" name="[137] /home/travis/build/icyphy/ptII/ptolemy/actor/lib/test/auto/DisplayArray.xml (RunModel)" time="0.017" />
  <testcase classname="ptolemy.util.test.junit.AutoTests" name="[138] /home/travis/build/icyphy/ptII/ptolemy/actor/lib/test/auto/Distributor.xml (RunModel)" time="0.008" />
  <testcase classname="ptolemy.util.test.junit.AutoTests" name="[139] /home/travis/build/icyphy/ptII/ptolemy/actor/lib/test/auto/Distributor2.xml (RunModel)" time="0.013" />
  <testcase classname="ptolemy.util.test.junit.AutoTests" name="[140] /home/travis/build/icyphy/ptII/ptolemy/actor/lib/test/auto/DownSample.xml (RunModel)" time="0.009" />
  <testcase classname="ptolemy.util.test.junit.AutoTests" name="[141] /home/travis/build/icyphy/ptII/ptolemy/actor/lib/test/auto/ElectronicUnitBase1.xml (RunModel)" time="0.092" />
  <testcase classname="ptolemy.util.test.junit.AutoTests" name="[142] /home/travis/build/icyphy/ptII/ptolemy/actor/lib/test/auto/ElementsToArray.xml (RunModel)" time="0.012" />
  <testcase classname="ptolemy.util.test.junit.AutoTests" name="[143] /home/travis/build/icyphy/ptII/ptolemy/actor/lib/test/auto/Equals.xml (RunModel)" time="0.015" />
  <testcase classname="ptolemy.util.test.junit.AutoTests" name="[144] /home/travis/build/icyphy/ptII/ptolemy/actor/lib/test/auto/Exec.xml (RunModel)" time="0.017" />
  <testcase classname="ptolemy.util.test.junit.AutoTests" name="[145] /home/travis/build/icyphy/ptII/ptolemy/actor/lib/test/auto/ExecEnvironment.xml (RunModel)" time="0.042" />
  <testcase classname="ptolemy.util.test.junit.AutoTests" name="[146] /home/travis/build/icyphy/ptII/ptolemy/actor/lib/test/auto/ExecNonZeroReturnOutput.xml (RunModel)" time="0.142" />
  <testcase classname="ptolemy.util.test.junit.AutoTests" name="[147] /home/travis/build/icyphy/ptII/ptolemy/actor/lib/test/auto/ExecRunDemos.xml (RunModel)" time="9.363" />
  <testcase classname="ptolemy.util.test.junit.AutoTests" name="[148] /home/travis/build/icyphy/ptII/ptolemy/actor/lib/test/auto/ExecStop.xml (RunModel)" time="5.021" />
  <testcase classname="ptolemy.util.test.junit.AutoTests" name="[149] /home/travis/build/icyphy/ptII/ptolemy/actor/lib/test/auto/ExecutionTimeSDF.xml (RunModel)" time="6.04" />
  <testcase classname="ptolemy.util.test.junit.AutoTests" name="[150] /home/travis/build/icyphy/ptII/ptolemy/actor/lib/test/auto/Expression1.xml (RunModel)" time="0.011" />
  <testcase classname="ptolemy.util.test.junit.AutoTests" name="[151] /home/travis/build/icyphy/ptII/ptolemy/actor/lib/test/auto/Expression10.xml (RunModel)" time="0.031" />
  <testcase classname="ptolemy.util.test.junit.AutoTests" name="[152] /home/travis/build/icyphy/ptII/ptolemy/actor/lib/test/auto/Expression11.xml (RunModel)" time="0.013" />
  <testcase classname="ptolemy.util.test.junit.AutoTests" name="[153] /home/travis/build/icyphy/ptII/ptolemy/actor/lib/test/auto/Expression12.xml (RunModel)" time="0.015" />
  <testcase classname="ptolemy.util.test.junit.AutoTests" name="[154] /home/travis/build/icyphy/ptII/ptolemy/actor/lib/test/auto/Expression13.xml (RunModel)" time="0.014" />
  <testcase classname="ptolemy.util.test.junit.AutoTests" name="[155] /home/travis/build/icyphy/ptII/ptolemy/actor/lib/test/auto/Expression14.xml (RunModel)" time="0.018" />
  <testcase classname="ptolemy.util.test.junit.AutoTests" name="[156] /home/travis/build/icyphy/ptII/ptolemy/actor/lib/test/auto/Expression15.xml (RunModel)" time="0.009" />
  <testcase classname="ptolemy.util.test.junit.AutoTests" name="[157] /home/travis/build/icyphy/ptII/ptolemy/actor/lib/test/auto/Expression16.xml (RunModel)" time="0.012" />
  <testcase classname="ptolemy.util.test.junit.AutoTests" name="[158] /home/travis/build/icyphy/ptII/ptolemy/actor/lib/test/auto/Expression17.xml (RunModel)" time="0.012" />
  <testcase classname="ptolemy.util.test.junit.AutoTests" name="[159] /home/travis/build/icyphy/ptII/ptolemy/actor/lib/test/auto/Expression18.xml (RunModel)" time="0.015" />
  <testcase classname="ptolemy.util.test.junit.AutoTests" name="[160] /home/travis/build/icyphy/ptII/ptolemy/actor/lib/test/auto/Expression2.xml (RunModel)" time="0.014" />
  <testcase classname="ptolemy.util.test.junit.AutoTests" name="[161] /home/travis/build/icyphy/ptII/ptolemy/actor/lib/test/auto/Expression3.xml (RunModel)" time="0.014" />
  <testcase classname="ptolemy.util.test.junit.AutoTests" name="[162] /home/travis/build/icyphy/ptII/ptolemy/actor/lib/test/auto/Expression4.xml (RunModel)" time="0.028" />
  <testcase classname="ptolemy.util.test.junit.AutoTests" name="[163] /home/travis/build/icyphy/ptII/ptolemy/actor/lib/test/auto/Expression5.xml (RunModel)" time="0.018" />
  <testcase classname="ptolemy.util.test.junit.AutoTests" name="[164] /home/travis/build/icyphy/ptII/ptolemy/actor/lib/test/auto/Expression6.xml (RunModel)" time="0.016" />
  <testcase classname="ptolemy.util.test.junit.AutoTests" name="[165] /home/travis/build/icyphy/ptII/ptolemy/actor/lib/test/auto/Expression7.xml (RunModel)" time="0.013" />
  <testcase classname="ptolemy.util.test.junit.AutoTests" name="[166] /home/travis/build/icyphy/ptII/ptolemy/actor/lib/test/auto/Expression8.xml (RunModel)" time="0.018" />
  <testcase classname="ptolemy.util.test.junit.AutoTests" name="[167] /home/travis/build/icyphy/ptII/ptolemy/actor/lib/test/auto/Expression9.xml (RunModel)" time="0.009" />
  <testcase classname="ptolemy.util.test.junit.AutoTests" name="[168] /home/travis/build/icyphy/ptII/ptolemy/actor/lib/test/auto/ExpressionConcatenateArrayType.xml (RunModel)" time="0.027" />
  <testcase classname="ptolemy.util.test.junit.AutoTests" name="[169] /home/travis/build/icyphy/ptII/ptolemy/actor/lib/test/auto/ExpressionConcatenateArrayType2.xml (RunModel)" time="0.019" />
  <testcase classname="ptolemy.util.test.junit.AutoTests" name="[170] /home/travis/build/icyphy/ptII/ptolemy/actor/lib/test/auto/ExpressionFix.xml (RunModel)" time="0.028" />
  <testcase classname="ptolemy.util.test.junit.AutoTests" name="[171] /home/travis/build/icyphy/ptII/ptolemy/actor/lib/test/auto/ExpressionFix2.xml (RunModel)" time="0.01" />
  <testcase classname="ptolemy.util.test.junit.AutoTests" name="[172] /home/travis/build/icyphy/ptII/ptolemy/actor/lib/test/auto/ExpressionFix3.xml (RunModel)" time="0.011" />
  <testcase classname="ptolemy.util.test.junit.AutoTests" name="[173] /home/travis/build/icyphy/ptII/ptolemy/actor/lib/test/auto/FileWriter1.xml (RunModel)" time="0.014" />
  <testcase classname="ptolemy.util.test.junit.AutoTests" name="[174] /home/travis/build/icyphy/ptII/ptolemy/actor/lib/test/auto/FileWriter2.xml (RunModel)" time="0.009" />
  <testcase classname="ptolemy.util.test.junit.AutoTests" name="[175] /home/travis/build/icyphy/ptII/ptolemy/actor/lib/test/auto/FileWriter3.xml (RunModel)" time="0.016" />
  <testcase classname="ptolemy.util.test.junit.AutoTests" name="[176] /home/travis/build/icyphy/ptII/ptolemy/actor/lib/test/auto/Gaussian.xml (RunModel)" time="0.012" />
  <testcase classname="ptolemy.util.test.junit.AutoTests" name="[177] /home/travis/build/icyphy/ptII/ptolemy/actor/lib/test/auto/Gaussian1.xml (RunModel)" time="0.015" />
  <testcase classname="ptolemy.util.test.junit.AutoTests" name="[178] /home/travis/build/icyphy/ptII/ptolemy/actor/lib/test/auto/Gaussian2.xml (RunModel)" time="0.019" />
  <testcase classname="ptolemy.util.test.junit.AutoTests" name="[179] /home/travis/build/icyphy/ptII/ptolemy/actor/lib/test/auto/GradientAdaptiveLattice.xml (RunModel)" time="0.018" />
  <testcase classname="ptolemy.util.test.junit.AutoTests" name="[180] /home/travis/build/icyphy/ptII/ptolemy/actor/lib/test/auto/IIR.xml (RunModel)" time="0.012" />
  <testcase classname="ptolemy.util.test.junit.AutoTests" name="[181] /home/travis/build/icyphy/ptII/ptolemy/actor/lib/test/auto/InputOutputTransparentPorts.xml (RunModel)" time="0.019" />
  <testcase classname="ptolemy.util.test.junit.AutoTests" name="[182] /home/travis/build/icyphy/ptII/ptolemy/actor/lib/test/auto/Interpolator.xml (RunModel)" time="0.01" />
  <testcase classname="ptolemy.util.test.junit.AutoTests" name="[183] /home/travis/build/icyphy/ptII/ptolemy/actor/lib/test/auto/InterpolatorFiringLimitDE.xml (RunModel)" time="0.014" />
  <testcase classname="ptolemy.util.test.junit.AutoTests" name="[184] /home/travis/build/icyphy/ptII/ptolemy/actor/lib/test/auto/Lattice.xml (RunModel)" time="0.008" />
  <testcase classname="ptolemy.util.test.junit.AutoTests" name="[185] /home/travis/build/icyphy/ptII/ptolemy/actor/lib/test/auto/LazyAOCTestLazy.xml (RunModel)" time="0.02" />
  <testcase classname="ptolemy.util.test.junit.AutoTests" name="[186] /home/travis/build/icyphy/ptII/ptolemy/actor/lib/test/auto/LazyAOCTestNonLazy.xml (RunModel)" time="0.044" />
  <testcase classname="ptolemy.util.test.junit.AutoTests" name="[187] /home/travis/build/icyphy/ptII/ptolemy/actor/lib/test/auto/LazyInnerClass.xml (RunModel)" time="0.049" />
  <testcase classname="ptolemy.util.test.junit.AutoTests" name="[188] /home/travis/build/icyphy/ptII/ptolemy/actor/lib/test/auto/LazyPubSub.xml (RunModel)" time="0.029" />
  <testcase classname="ptolemy.util.test.junit.AutoTests" name="[189] /home/travis/build/icyphy/ptII/ptolemy/actor/lib/test/auto/LazyPubSub2.xml (RunModel)" time="0.052" />
  <testcase classname="ptolemy.util.test.junit.AutoTests" name="[190] /home/travis/build/icyphy/ptII/ptolemy/actor/lib/test/auto/LazyPubSub3.xml (RunModel)" time="0.053" />
  <testcase classname="ptolemy.util.test.junit.AutoTests" name="[191] /home/travis/build/icyphy/ptII/ptolemy/actor/lib/test/auto/LazySubClassModel.xml (RunModel)" time="0.028" />
  <testcase classname="ptolemy.util.test.junit.AutoTests" name="[192] /home/travis/build/icyphy/ptII/ptolemy/actor/lib/test/auto/LevelCrossTest1.xml (RunModel)" time="0.013" />
  <testcase classname="ptolemy.util.test.junit.AutoTests" name="[193] /home/travis/build/icyphy/ptII/ptolemy/actor/lib/test/auto/LevelCrossTest10.xml (RunModel)" time="0.021" />
  <testcase classname="ptolemy.util.test.junit.AutoTests" name="[194] /home/travis/build/icyphy/ptII/ptolemy/actor/lib/test/auto/LevelCrossTest11.xml (RunModel)" time="0.013" />
  <testcase classname="ptolemy.util.test.junit.AutoTests" name="[195] /home/travis/build/icyphy/ptII/ptolemy/actor/lib/test/auto/LevelCrossTest12.xml (RunModel)" time="0.019" />
  <testcase classname="ptolemy.util.test.junit.AutoTests" name="[196] /home/travis/build/icyphy/ptII/ptolemy/actor/lib/test/auto/LevelCrossTest13.xml (RunModel)" time="0.015" />
  <testcase classname="ptolemy.util.test.junit.AutoTests" name="[197] /home/travis/build/icyphy/ptII/ptolemy/actor/lib/test/auto/LevelCrossTest2.xml (RunModel)" time="0.012" />
  <testcase classname="ptolemy.util.test.junit.AutoTests" name="[198] /home/travis/build/icyphy/ptII/ptolemy/actor/lib/test/auto/LevelCrossTest3.xml (RunModel)" time="0.013" />
  <testcase classname="ptolemy.util.test.junit.AutoTests" name="[199] /home/travis/build/icyphy/ptII/ptolemy/actor/lib/test/auto/LevelCrossTest4.xml (RunModel)" time="0.01" />
  <testcase classname="ptolemy.util.test.junit.AutoTests" name="[200] /home/travis/build/icyphy/ptII/ptolemy/actor/lib/test/auto/LevelCrossTest5.xml (RunModel)" time="0.014" />
  <testcase classname="ptolemy.util.test.junit.AutoTests" name="[201] /home/travis/build/icyphy/ptII/ptolemy/actor/lib/test/auto/LevelCrossTest6.xml (RunModel)" time="0.018" />
  <testcase classname="ptolemy.util.test.junit.AutoTests" name="[202] /home/travis/build/icyphy/ptII/ptolemy/actor/lib/test/auto/LevelCrossTest7.xml (RunModel)" time="0.03" />
  <testcase classname="ptolemy.util.test.junit.AutoTests" name="[203] /home/travis/build/icyphy/ptII/ptolemy/actor/lib/test/auto/LevelCrossTest8.xml (RunModel)" time="0.02" />
  <testcase classname="ptolemy.util.test.junit.AutoTests" name="[204] /home/travis/build/icyphy/ptII/ptolemy/actor/lib/test/auto/LevelCrossTest9.xml (RunModel)" time="0.013" />
  <testcase classname="ptolemy.util.test.junit.AutoTests" name="[205] /home/travis/build/icyphy/ptII/ptolemy/actor/lib/test/auto/LevinsonDurbin.xml (RunModel)" time="0.008" />
  <testcase classname="ptolemy.util.test.junit.AutoTests" name="[206] /home/travis/build/icyphy/ptII/ptolemy/actor/lib/test/auto/LevinsonDurbin2.xml (RunModel)" time="0.007" />
  <testcase classname="ptolemy.util.test.junit.AutoTests" name="[207] /home/travis/build/icyphy/ptII/ptolemy/actor/lib/test/auto/LevinsonDurbin3.xml (RunModel)" time="0.007" />
  <testcase classname="ptolemy.util.test.junit.AutoTests" name="[208] /home/travis/build/icyphy/ptII/ptolemy/actor/lib/test/auto/Limiter.xml (RunModel)" time="0.024" />
  <testcase classname="ptolemy.util.test.junit.AutoTests" name="[209] /home/travis/build/icyphy/ptII/ptolemy/actor/lib/test/auto/LinearDifferenceEquationSystem.xml (RunModel)" time="0.02" />
  <testcase classname="ptolemy.util.test.junit.AutoTests" name="[210] /home/travis/build/icyphy/ptII/ptolemy/actor/lib/test/auto/LookupTable.xml (RunModel)" time="0.009" />
  <testcase classname="ptolemy.util.test.junit.AutoTests" name="[211] /home/travis/build/icyphy/ptII/ptolemy/actor/lib/test/auto/MathFunction.xml (RunModel)" time="0.02" />
  <testcase classname="ptolemy.util.test.junit.AutoTests" name="[212] /home/travis/build/icyphy/ptII/ptolemy/actor/lib/test/auto/MathFunction2.xml (RunModel)" time="0.008" />
  <testcase classname="ptolemy.util.test.junit.AutoTests" name="[213] /home/travis/build/icyphy/ptII/ptolemy/actor/lib/test/auto/MathFunction3.xml (RunModel)" time="0.019" />
  <testcase classname="ptolemy.util.test.junit.AutoTests" name="[214] /home/travis/build/icyphy/ptII/ptolemy/actor/lib/test/auto/MatrixCropBoolean.xml (RunModel)" time="0.012" />
  <testcase classname="ptolemy.util.test.junit.AutoTests" name="[215] /home/travis/build/icyphy/ptII/ptolemy/actor/lib/test/auto/MatrixCropComplex.xml (RunModel)" time="0.009" />
  <testcase classname="ptolemy.util.test.junit.AutoTests" name="[216] /home/travis/build/icyphy/ptII/ptolemy/actor/lib/test/auto/MatrixCropDouble.xml (RunModel)" time="0.009" />
  <testcase classname="ptolemy.util.test.junit.AutoTests" name="[217] /home/travis/build/icyphy/ptII/ptolemy/actor/lib/test/auto/MatrixCropFix.xml (RunModel)" time="0.013" />
  <testcase classname="ptolemy.util.test.junit.AutoTests" name="[218] /home/travis/build/icyphy/ptII/ptolemy/actor/lib/test/auto/MatrixCropInt.xml (RunModel)" time="0.009" />
  <testcase classname="ptolemy.util.test.junit.AutoTests" name="[219] /home/travis/build/icyphy/ptII/ptolemy/actor/lib/test/auto/MatrixCropLong.xml (RunModel)" time="0.009" />
  <testcase classname="ptolemy.util.test.junit.AutoTests" name="[220] /home/travis/build/icyphy/ptII/ptolemy/actor/lib/test/auto/MatrixToArray.xml (RunModel)" time="0.05" />
  <testcase classname="ptolemy.util.test.junit.AutoTests" name="[221] /home/travis/build/icyphy/ptII/ptolemy/actor/lib/test/auto/MaxIndex.xml (RunModel)" time="0.013" />
  <testcase classname="ptolemy.util.test.junit.AutoTests" name="[222] /home/travis/build/icyphy/ptII/ptolemy/actor/lib/test/auto/Maximum.xml (RunModel)" time="0.015" />
  <testcase classname="ptolemy.util.test.junit.AutoTests" name="[223] /home/travis/build/icyphy/ptII/ptolemy/actor/lib/test/auto/MaximumComplex.xml (RunModel)" time="0.013" />
  <testcase classname="ptolemy.util.test.junit.AutoTests" name="[224] /home/travis/build/icyphy/ptII/ptolemy/actor/lib/test/auto/MethodCallTest.xml (RunModel)" time="0.019" />
  <testcase classname="ptolemy.util.test.junit.AutoTests" name="[225] /home/travis/build/icyphy/ptII/ptolemy/actor/lib/test/auto/Minimum.xml (RunModel)" time="0.013" />
  <testcase classname="ptolemy.util.test.junit.AutoTests" name="[226] /home/travis/build/icyphy/ptII/ptolemy/actor/lib/test/auto/MinimumComplex.xml (RunModel)" time="0.013" />
  <testcase classname="ptolemy.util.test.junit.AutoTests" name="[227] /home/travis/build/icyphy/ptII/ptolemy/actor/lib/test/auto/MinimumMultiports.xml (RunModel)" time="0.019" />
  <testcase classname="ptolemy.util.test.junit.AutoTests" name="[228] /home/travis/build/icyphy/ptII/ptolemy/actor/lib/test/auto/ModifyDate.xml (RunModel)" time="0.041" />
  <testcase classname="ptolemy.util.test.junit.AutoTests" name="[229] /home/travis/build/icyphy/ptII/ptolemy/actor/lib/test/auto/ModifyDate2.xml (RunModel)" time="0.032" />
  <testcase classname="ptolemy.util.test.junit.AutoTests" name="[230] /home/travis/build/icyphy/ptII/ptolemy/actor/lib/test/auto/MovingAverage.xml (RunModel)" time="0.012" />
  <testcase classname="ptolemy.util.test.junit.AutoTests" name="[231] /home/travis/build/icyphy/ptII/ptolemy/actor/lib/test/auto/MovingMaximum.xml (RunModel)" time="0.014" />
  <testcase classname="ptolemy.util.test.junit.AutoTests" name="[232] /home/travis/build/icyphy/ptII/ptolemy/actor/lib/test/auto/MultipleLinksToSameRelation.xml (RunModel)" time="0.008" />
  <testcase classname="ptolemy.util.test.junit.AutoTests" name="[233] /home/travis/build/icyphy/ptII/ptolemy/actor/lib/test/auto/MultipleLinksToSameRelationDE.xml (RunModel)" time="0.008" />
  <testcase classname="ptolemy.util.test.junit.AutoTests" name="[234] /home/travis/build/icyphy/ptII/ptolemy/actor/lib/test/auto/Multiplexor.xml (RunModel)" time="0.011" />
  <testcase classname="ptolemy.util.test.junit.AutoTests" name="[235] /home/travis/build/icyphy/ptII/ptolemy/actor/lib/test/auto/Multiplexor1.xml (RunModel)" time="0.012" />
  <testcase classname="ptolemy.util.test.junit.AutoTests" name="[236] /home/travis/build/icyphy/ptII/ptolemy/actor/lib/test/auto/Multiplexor2.xml (RunModel)" time="0.014" />
  <testcase classname="ptolemy.util.test.junit.AutoTests" name="[237] /home/travis/build/icyphy/ptII/ptolemy/actor/lib/test/auto/Multiplexor3.xml (RunModel)" time="0.007" />
  <testcase classname="ptolemy.util.test.junit.AutoTests" name="[238] /home/travis/build/icyphy/ptII/ptolemy/actor/lib/test/auto/MultiplexorDE.xml (RunModel)" time="0.018" />
  <testcase classname="ptolemy.util.test.junit.AutoTests" name="[239] /home/travis/build/icyphy/ptII/ptolemy/actor/lib/test/auto/MultiportBroadcastTest.xml (RunModel)" time="0.081" />
  <testcase classname="ptolemy.util.test.junit.AutoTests" name="[240] /home/travis/build/icyphy/ptII/ptolemy/actor/lib/test/auto/MultiportOutHangDuringGetWidth.xml (RunModel)" time="0.034" />
  <testcase classname="ptolemy.util.test.junit.AutoTests" name="[241] /home/travis/build/icyphy/ptII/ptolemy/actor/lib/test/auto/NilToken.xml (RunModel)" time="0.007" />
  <testcase classname="ptolemy.util.test.junit.AutoTests" name="[242] /home/travis/build/icyphy/ptII/ptolemy/actor/lib/test/auto/NilTokenNonStrictTest.xml (RunModel)" time="0.012" />
  <testcase classname="ptolemy.util.test.junit.AutoTests" name="[243] /home/travis/build/icyphy/ptII/ptolemy/actor/lib/test/auto/NilTokenRecord.xml (RunModel)" time="0.02" />
  <testcase classname="ptolemy.util.test.junit.AutoTests" name="[244] /home/travis/build/icyphy/ptII/ptolemy/actor/lib/test/auto/NilTokenTypeTest.xml (RunModel)" time="0.032" />
  <testcase classname="ptolemy.util.test.junit.AutoTests" name="[245] /home/travis/build/icyphy/ptII/ptolemy/actor/lib/test/auto/ObjectToken1.xml (RunModel)" time="0.009" />
  <testcase classname="ptolemy.util.test.junit.AutoTests" name="[246] /home/travis/build/icyphy/ptII/ptolemy/actor/lib/test/auto/OrderedMerge.xml (RunModel)" time="0.019" />
  <testcase classname="ptolemy.util.test.junit.AutoTests" name="[247] /home/travis/build/icyphy/ptII/ptolemy/actor/lib/test/auto/OrderedRecordDisassembler.xml (RunModel)" time="0.014" />
  <testcase classname="ptolemy.util.test.junit.AutoTests" name="[248] /home/travis/build/icyphy/ptII/ptolemy/actor/lib/test/auto/OrderedRecordDisassembler2.xml (RunModel)" time="0.019" />
  <testcase classname="ptolemy.util.test.junit.AutoTests" name="[249] /home/travis/build/icyphy/ptII/ptolemy/actor/lib/test/auto/OrderedRecordUpdater.xml (RunModel)" time="0.01" />
  <testcase classname="ptolemy.util.test.junit.AutoTests" name="[250] /home/travis/build/icyphy/ptII/ptolemy/actor/lib/test/auto/OrderedRecordUpdater2.xml (RunModel)" time="0.029" />
  <testcase classname="ptolemy.util.test.junit.AutoTests" name="[251] /home/travis/build/icyphy/ptII/ptolemy/actor/lib/test/auto/PhaseUnwrap.xml (RunModel)" time="0.01" />
  <testcase classname="ptolemy.util.test.junit.AutoTests" name="[252] /home/travis/build/icyphy/ptII/ptolemy/actor/lib/test/auto/PoissonClock.xml (RunModel)" time="0.008" />
  <testcase classname="ptolemy.util.test.junit.AutoTests" name="[253] /home/travis/build/icyphy/ptII/ptolemy/actor/lib/test/auto/PoissonClock2.xml (RunModel)" time="0.007" />
  <testcase classname="ptolemy.util.test.junit.AutoTests" name="[254] /home/travis/build/icyphy/ptII/ptolemy/actor/lib/test/auto/PoissonClock3.xml (RunModel)" time="0.008" />
  <testcase classname="ptolemy.util.test.junit.AutoTests" name="[255] /home/travis/build/icyphy/ptII/ptolemy/actor/lib/test/auto/PubSubWithInitialTokens.xml (RunModel)" time="0.01" />
  <testcase classname="ptolemy.util.test.junit.AutoTests" name="[256] /home/travis/build/icyphy/ptII/ptolemy/actor/lib/test/auto/PubSubWithInitialTokens2.xml (RunModel)" time="0.011" />
  <testcase classname="ptolemy.util.test.junit.AutoTests" name="[257] /home/travis/build/icyphy/ptII/ptolemy/actor/lib/test/auto/PublisherClassNoParameter.xml (RunModel)" time="0.02" />
  <testcase classname="ptolemy.util.test.junit.AutoTests" name="[258] /home/travis/build/icyphy/ptII/ptolemy/actor/lib/test/auto/PublisherClassParameter.xml (RunModel)" time="0.023" />
  <testcase classname="ptolemy.util.test.junit.AutoTests" name="[259] /home/travis/build/icyphy/ptII/ptolemy/actor/lib/test/auto/PublisherNonStrictTest.xml (RunModel)" time="0.016" />
  <testcase classname="ptolemy.util.test.junit.AutoTests" name="[260] /home/travis/build/icyphy/ptII/ptolemy/actor/lib/test/auto/PublisherPort1.xml (RunModel)" time="0.011" />
  <testcase classname="ptolemy.util.test.junit.AutoTests" name="[261] /home/travis/build/icyphy/ptII/ptolemy/actor/lib/test/auto/PublisherPort2.xml (RunModel)" time="0.009" />
  <testcase classname="ptolemy.util.test.junit.AutoTests" name="[262] /home/travis/build/icyphy/ptII/ptolemy/actor/lib/test/auto/PublisherPort3.xml (RunModel)" time="0.012" />
  <testcase classname="ptolemy.util.test.junit.AutoTests" name="[263] /home/travis/build/icyphy/ptII/ptolemy/actor/lib/test/auto/PublisherPort4.xml (RunModel)" time="0.011" />
  <testcase classname="ptolemy.util.test.junit.AutoTests" name="[264] /home/travis/build/icyphy/ptII/ptolemy/actor/lib/test/auto/PublisherPort5.xml (RunModel)" time="0.014" />
  <testcase classname="ptolemy.util.test.junit.AutoTests" name="[265] /home/travis/build/icyphy/ptII/ptolemy/actor/lib/test/auto/PublisherPort5LookAlike.xml (RunModel)" time="0.015" />
  <testcase classname="ptolemy.util.test.junit.AutoTests" name="[266] /home/travis/build/icyphy/ptII/ptolemy/actor/lib/test/auto/PublisherPort6.xml (RunModel)" time="0.012" />
  <testcase classname="ptolemy.util.test.junit.AutoTests" name="[267] /home/travis/build/icyphy/ptII/ptolemy/actor/lib/test/auto/PublisherPort7.xml (RunModel)" time="0.015" />
  <testcase classname="ptolemy.util.test.junit.AutoTests" name="[268] /home/travis/build/icyphy/ptII/ptolemy/actor/lib/test/auto/PublisherPort8.xml (RunModel)" time="0.016" />
  <testcase classname="ptolemy.util.test.junit.AutoTests" name="[269] /home/travis/build/icyphy/ptII/ptolemy/actor/lib/test/auto/PublisherPortSubscriberChannelVariablesAOC2.xml (RunModel)" time="0.034" />
  <testcase classname="ptolemy.util.test.junit.AutoTests" name="[270] /home/travis/build/icyphy/ptII/ptolemy/actor/lib/test/auto/PublisherPortSubscriberOpaqueWidthInference.xml (RunModel)" time="0.016" />
  <testcase classname="ptolemy.util.test.junit.AutoTests" name="[271] /home/travis/build/icyphy/ptII/ptolemy/actor/lib/test/auto/PublisherPortSubscriberPortAdjacent.xml (RunModel)" time="0.018" />
  <testcase classname="ptolemy.util.test.junit.AutoTests" name="[272] /home/travis/build/icyphy/ptII/ptolemy/actor/lib/test/auto/PublisherPortSubscriberPortExpression.xml (RunModel)" time="0.016" />
  <testcase classname="ptolemy.util.test.junit.AutoTests" name="[273] /home/travis/build/icyphy/ptII/ptolemy/actor/lib/test/auto/PublisherPortSubscriberPortOpaqueD3Reverse.xml (RunModel)" time="0.022" />
  <testcase classname="ptolemy.util.test.junit.AutoTests" name="[274] /home/travis/build/icyphy/ptII/ptolemy/actor/lib/test/auto/PublisherPortSubscriberPortOpaqueWidthInference.xml (RunModel)" time="0.016" />
  <testcase classname="ptolemy.util.test.junit.AutoTests" name="[275] /home/travis/build/icyphy/ptII/ptolemy/actor/lib/test/auto/PublisherPortToplevelSubscriberPortAOC.xml (RunModel)" time="0.034" />
  <testcase classname="ptolemy.util.test.junit.AutoTests" name="[276] /home/travis/build/icyphy/ptII/ptolemy/actor/lib/test/auto/PublisherSubscriber.xml (RunModel)" time="0.017" />
  <testcase classname="ptolemy.util.test.junit.AutoTests" name="[277] /home/travis/build/icyphy/ptII/ptolemy/actor/lib/test/auto/PublisherSubscriber10.xml (RunModel)" time="0.021" />
  <testcase classname="ptolemy.util.test.junit.AutoTests" name="[278] /home/travis/build/icyphy/ptII/ptolemy/actor/lib/test/auto/PublisherSubscriber10InitialOutputs.xml (RunModel)" time="0.041" />
  <testcase classname="ptolemy.util.test.junit.AutoTests" name="[279] /home/travis/build/icyphy/ptII/ptolemy/actor/lib/test/auto/PublisherSubscriber11.xml (RunModel)" time="0.024" />
  <testcase classname="ptolemy.util.test.junit.AutoTests" name="[280] /home/travis/build/icyphy/ptII/ptolemy/actor/lib/test/auto/PublisherSubscriber12.xml (RunModel)" time="0.016" />
  <testcase classname="ptolemy.util.test.junit.AutoTests" name="[281] /home/travis/build/icyphy/ptII/ptolemy/actor/lib/test/auto/PublisherSubscriber13.xml (RunModel)" time="0.019" />
  <testcase classname="ptolemy.util.test.junit.AutoTests" name="[282] /home/travis/build/icyphy/ptII/ptolemy/actor/lib/test/auto/PublisherSubscriber14.xml (RunModel)" time="0.021" />
  <testcase classname="ptolemy.util.test.junit.AutoTests" name="[283] /home/travis/build/icyphy/ptII/ptolemy/actor/lib/test/auto/PublisherSubscriber2.xml (RunModel)" time="0.009" />
  <testcase classname="ptolemy.util.test.junit.AutoTests" name="[284] /home/travis/build/icyphy/ptII/ptolemy/actor/lib/test/auto/PublisherSubscriber3.xml (RunModel)" time="0.009" />
  <testcase classname="ptolemy.util.test.junit.AutoTests" name="[285] /home/travis/build/icyphy/ptII/ptolemy/actor/lib/test/auto/PublisherSubscriber4.xml (RunModel)" time="0.009" />
  <testcase classname="ptolemy.util.test.junit.AutoTests" name="[286] /home/travis/build/icyphy/ptII/ptolemy/actor/lib/test/auto/PublisherSubscriber5.xml (RunModel)" time="0.012" />
  <testcase classname="ptolemy.util.test.junit.AutoTests" name="[287] /home/travis/build/icyphy/ptII/ptolemy/actor/lib/test/auto/PublisherSubscriber6.xml (RunModel)" time="0.012" />
  <testcase classname="ptolemy.util.test.junit.AutoTests" name="[288] /home/travis/build/icyphy/ptII/ptolemy/actor/lib/test/auto/PublisherSubscriber7.xml (RunModel)" time="0.014" />
  <testcase classname="ptolemy.util.test.junit.AutoTests" name="[289] /home/travis/build/icyphy/ptII/ptolemy/actor/lib/test/auto/PublisherSubscriber8.xml (RunModel)" time="0.03" />
  <testcase classname="ptolemy.util.test.junit.AutoTests" name="[290] /home/travis/build/icyphy/ptII/ptolemy/actor/lib/test/auto/PublisherSubscriber9.xml (RunModel)" time="0.021" />
  <testcase classname="ptolemy.util.test.junit.AutoTests" name="[291] /home/travis/build/icyphy/ptII/ptolemy/actor/lib/test/auto/PublisherSubscriberAdjacent.xml (RunModel)" time="0.02" />
  <testcase classname="ptolemy.util.test.junit.AutoTests" name="[292] /home/travis/build/icyphy/ptII/ptolemy/actor/lib/test/auto/PublisherSubscriberChannelVariablesAOC2.xml (RunModel)" time="0.029" />
  <testcase classname="ptolemy.util.test.junit.AutoTests" name="[293] /home/travis/build/icyphy/ptII/ptolemy/actor/lib/test/auto/PublisherSubscriberD3.xml (RunModel)" time="0.015" />
  <testcase classname="ptolemy.util.test.junit.AutoTests" name="[294] /home/travis/build/icyphy/ptII/ptolemy/actor/lib/test/auto/PublisherSubscriberD3Reverse.xml (RunModel)" time="0.013" />
  <testcase classname="ptolemy.util.test.junit.AutoTests" name="[295] /home/travis/build/icyphy/ptII/ptolemy/actor/lib/test/auto/PublisherSubscriberExpression.xml (RunModel)" time="0.019" />
  <testcase classname="ptolemy.util.test.junit.AutoTests" name="[296] /home/travis/build/icyphy/ptII/ptolemy/actor/lib/test/auto/PublisherSubscriberOpaque.xml (RunModel)" time="0.017" />
  <testcase classname="ptolemy.util.test.junit.AutoTests" name="[297] /home/travis/build/icyphy/ptII/ptolemy/actor/lib/test/auto/PublisherSubscriberOpaqueD3.xml (RunModel)" time="0.027" />
  <testcase classname="ptolemy.util.test.junit.AutoTests" name="[298] /home/travis/build/icyphy/ptII/ptolemy/actor/lib/test/auto/PublisherSubscriberOpaqueD3Reverse.xml (RunModel)" time="0.023" />
  <testcase classname="ptolemy.util.test.junit.AutoTests" name="[299] /home/travis/build/icyphy/ptII/ptolemy/actor/lib/test/auto/PublisherSubscriberOpaqueWidthInference.xml (RunModel)" time="0.018" />
  <testcase classname="ptolemy.util.test.junit.AutoTests" name="[300] /home/travis/build/icyphy/ptII/ptolemy/actor/lib/test/auto/PublisherTestSubscriber.xml (RunModel)" time="0.017" />
  <testcase classname="ptolemy.util.test.junit.AutoTests" name="[301] /home/travis/build/icyphy/ptII/ptolemy/actor/lib/test/auto/PublisherToplevelSubscriberPortAOC.xml (RunModel)" time="0.012" />
  <testcase classname="ptolemy.util.test.junit.AutoTests" name="[302] /home/travis/build/icyphy/ptII/ptolemy/actor/lib/test/auto/PulseFiringLimitDE.xml (RunModel)" time="0.017" />
  <testcase classname="ptolemy.util.test.junit.AutoTests" name="[303] /home/travis/build/icyphy/ptII/ptolemy/actor/lib/test/auto/Ramp1.xml (RunModel)" time="0.007" />
  <testcase classname="ptolemy.util.test.junit.AutoTests" name="[304] /home/travis/build/icyphy/ptII/ptolemy/actor/lib/test/auto/RampFiringLimitDE.xml (RunModel)" time="0.012" />
  <testcase classname="ptolemy.util.test.junit.AutoTests" name="[305] /home/travis/build/icyphy/ptII/ptolemy/actor/lib/test/auto/RampFiringLimitSDF.xml (RunModel)" time="0.011" />
  <testcase classname="ptolemy.util.test.junit.AutoTests" name="[306] /home/travis/build/icyphy/ptII/ptolemy/actor/lib/test/auto/RandomInteger.xml (RunModel)" time="0.007" />
  <testcase classname="ptolemy.util.test.junit.AutoTests" name="[307] /home/travis/build/icyphy/ptII/ptolemy/actor/lib/test/auto/ReadFile1.xml (RunModel)" time="0.009" />
  <testcase classname="ptolemy.util.test.junit.AutoTests" name="[308] /home/travis/build/icyphy/ptII/ptolemy/actor/lib/test/auto/ReadFile2.xml (RunModel)" time="0.008" />
  <testcase classname="ptolemy.util.test.junit.AutoTests" name="[309] /home/travis/build/icyphy/ptII/ptolemy/actor/lib/test/auto/Reader.xml (RunModel)" time="0.014" />
  <testcase classname="ptolemy.util.test.junit.AutoTests" name="[310] /home/travis/build/icyphy/ptII/ptolemy/actor/lib/test/auto/RecordAssemblerDisplayNameTest.xml (RunModel)" time="3.854" />
  <testcase classname="ptolemy.util.test.junit.AutoTests" name="[311] /home/travis/build/icyphy/ptII/ptolemy/actor/lib/test/auto/RecordAssemblerTypeError.xml (RunModel)" time="0.036" />
  <testcase classname="ptolemy.util.test.junit.AutoTests" name="[312] /home/travis/build/icyphy/ptII/ptolemy/actor/lib/test/auto/RecordDisassember.xml (RunModel)" time="0.012" />
  <testcase classname="ptolemy.util.test.junit.AutoTests" name="[313] /home/travis/build/icyphy/ptII/ptolemy/actor/lib/test/auto/RecordDisassemberDisplayNameTest.xml (RunModel)" time="0.021" />
  <testcase classname="ptolemy.util.test.junit.AutoTests" name="[314] /home/travis/build/icyphy/ptII/ptolemy/actor/lib/test/auto/RecordDisassembler.xml (RunModel)" time="0.009" />
  <testcase classname="ptolemy.util.test.junit.AutoTests" name="[315] /home/travis/build/icyphy/ptII/ptolemy/actor/lib/test/auto/RecordDisassembler2.xml (RunModel)" time="0.01" />
  <testcase classname="ptolemy.util.test.junit.AutoTests" name="[316] /home/travis/build/icyphy/ptII/ptolemy/actor/lib/test/auto/RecordUpdater.xml (RunModel)" time="0.009" />
  <testcase classname="ptolemy.util.test.junit.AutoTests" name="[317] /home/travis/build/icyphy/ptII/ptolemy/actor/lib/test/auto/RecordUpdater2.xml (RunModel)" time="0.009" />
  <testcase classname="ptolemy.util.test.junit.AutoTests" name="[318] /home/travis/build/icyphy/ptII/ptolemy/actor/lib/test/auto/RecursiveLattice.xml (RunModel)" time="0.008" />
  <testcase classname="ptolemy.util.test.junit.AutoTests" name="[319] /home/travis/build/icyphy/ptII/ptolemy/actor/lib/test/auto/Router.xml (RunModel)" time="3.024" />
  <testcase classname="ptolemy.util.test.junit.AutoTests" name="[320] /home/travis/build/icyphy/ptII/ptolemy/actor/lib/test/auto/Router2.xml (RunModel)" time="3.022" />
  <testcase classname="ptolemy.util.test.junit.AutoTests" name="[321] /home/travis/build/icyphy/ptII/ptolemy/actor/lib/test/auto/RunningMaximum.xml (RunModel)" time="0.012" />
  <testcase classname="ptolemy.util.test.junit.AutoTests" name="[322] /home/travis/build/icyphy/ptII/ptolemy/actor/lib/test/auto/RunningMinimum.xml (RunModel)" time="0.01" />
  <testcase classname="ptolemy.util.test.junit.AutoTests" name="[323] /home/travis/build/icyphy/ptII/ptolemy/actor/lib/test/auto/Scale.xml (RunModel)" time="0.008" />
  <testcase classname="ptolemy.util.test.junit.AutoTests" name="[324] /home/travis/build/icyphy/ptII/ptolemy/actor/lib/test/auto/Scale2.xml (RunModel)" time="0.009" />
  <testcase classname="ptolemy.util.test.junit.AutoTests" name="[325] /home/travis/build/icyphy/ptII/ptolemy/actor/lib/test/auto/Scale3.xml (RunModel)" time="0.014" />
  <testcase classname="ptolemy.util.test.junit.AutoTests" name="[326] /home/travis/build/icyphy/ptII/ptolemy/actor/lib/test/auto/ScaleArray.xml (RunModel)" time="0.008" />
  <testcase classname="ptolemy.util.test.junit.AutoTests" name="[327] /home/travis/build/icyphy/ptII/ptolemy/actor/lib/test/auto/ScaleArray2.xml (RunModel)" time="0.008" />
  <testcase classname="ptolemy.util.test.junit.AutoTests" name="[328] /home/travis/build/icyphy/ptII/ptolemy/actor/lib/test/auto/ScaleMatrix.xml (RunModel)" time="0.108" />
  <testcase classname="ptolemy.util.test.junit.AutoTests" name="[329] /home/travis/build/icyphy/ptII/ptolemy/actor/lib/test/auto/Select.xml (RunModel)" time="0.016" />
  <testcase classname="ptolemy.util.test.junit.AutoTests" name="[330] /home/travis/build/icyphy/ptII/ptolemy/actor/lib/test/auto/Select2.xml (RunModel)" time="0.011" />
  <testcase classname="ptolemy.util.test.junit.AutoTests" name="[331] /home/travis/build/icyphy/ptII/ptolemy/actor/lib/test/auto/SequenceToArray2.xml (RunModel)" time="0.139" />
  <testcase classname="ptolemy.util.test.junit.AutoTests" name="[332] /home/travis/build/icyphy/ptII/ptolemy/actor/lib/test/auto/SequentialClock.xml (RunModel)" time="0.009" />
  <testcase classname="ptolemy.util.test.junit.AutoTests" name="[333] /home/travis/build/icyphy/ptII/ptolemy/actor/lib/test/auto/SetVariable.xml (RunModel)" time="0.013" />
  <testcase classname="ptolemy.util.test.junit.AutoTests" name="[334] /home/travis/build/icyphy/ptII/ptolemy/actor/lib/test/auto/SetVariable2.xml (RunModel)" time="0.011" />
  <testcase classname="ptolemy.util.test.junit.AutoTests" name="[335] /home/travis/build/icyphy/ptII/ptolemy/actor/lib/test/auto/SetVariable3.xml (RunModel)" time="0.017" />
  <testcase classname="ptolemy.util.test.junit.AutoTests" name="[336] /home/travis/build/icyphy/ptII/ptolemy/actor/lib/test/auto/SetVariable4.xml (RunModel)" time="0.035" />
  <testcase classname="ptolemy.util.test.junit.AutoTests" name="[337] /home/travis/build/icyphy/ptII/ptolemy/actor/lib/test/auto/SetVariable5.xml (RunModel)" time="0.036" />
  <testcase classname="ptolemy.util.test.junit.AutoTests" name="[338] /home/travis/build/icyphy/ptII/ptolemy/actor/lib/test/auto/Sinewave.xml (RunModel)" time="0.026" />
  <testcase classname="ptolemy.util.test.junit.AutoTests" name="[339] /home/travis/build/icyphy/ptII/ptolemy/actor/lib/test/auto/Sinewave2.xml (RunModel)" time="0.022" />
  <testcase classname="ptolemy.util.test.junit.AutoTests" name="[340] /home/travis/build/icyphy/ptII/ptolemy/actor/lib/test/auto/Sinewave3.xml (RunModel)" time="0.017" />
  <testcase classname="ptolemy.util.test.junit.AutoTests" name="[341] /home/travis/build/icyphy/ptII/ptolemy/actor/lib/test/auto/SingleEvent.xml (RunModel)" time="0.007" />
  <testcase classname="ptolemy.util.test.junit.AutoTests" name="[342] /home/travis/build/icyphy/ptII/ptolemy/actor/lib/test/auto/Sleep.xml (RunModel)" time="6.012" />
  <testcase classname="ptolemy.util.test.junit.AutoTests" name="[343] /home/travis/build/icyphy/ptII/ptolemy/actor/lib/test/auto/SleepMultipleFire.xml (RunModel)" time="1.019" />
  <testcase classname="ptolemy.util.test.junit.AutoTests" name="[344] /home/travis/build/icyphy/ptII/ptolemy/actor/lib/test/auto/StopDE.xml (RunModel)" time="0.013" />
  <testcase classname="ptolemy.util.test.junit.AutoTests" name="[345] /home/travis/build/icyphy/ptII/ptolemy/actor/lib/test/auto/StopSDF.xml (RunModel)" time="0.011" />
  <testcase classname="ptolemy.util.test.junit.AutoTests" name="[346] /home/travis/build/icyphy/ptII/ptolemy/actor/lib/test/auto/StringConstant.xml (RunModel)" time="0.008" />
  <testcase classname="ptolemy.util.test.junit.AutoTests" name="[347] /home/travis/build/icyphy/ptII/ptolemy/actor/lib/test/auto/SubscriberPortInitialValues1.xml (RunModel)" time="0.017" />
  <testcase classname="ptolemy.util.test.junit.AutoTests" name="[348] /home/travis/build/icyphy/ptII/ptolemy/actor/lib/test/auto/SubscriberPortInitialValues13.xml (RunModel)" time="0.024" />
  <testcase classname="ptolemy.util.test.junit.AutoTests" name="[349] /home/travis/build/icyphy/ptII/ptolemy/actor/lib/test/auto/SubscriberPortInitialValues14.xml (RunModel)" time="0.015" />
  <testcase classname="ptolemy.util.test.junit.AutoTests" name="[350] /home/travis/build/icyphy/ptII/ptolemy/actor/lib/test/auto/SubscriberPortInitialValues2.xml (RunModel)" time="0.014" />
  <testcase classname="ptolemy.util.test.junit.AutoTests" name="[351] /home/travis/build/icyphy/ptII/ptolemy/actor/lib/test/auto/SubscriberPortInitialValues3.xml (RunModel)" time="0.019" />
  <testcase classname="ptolemy.util.test.junit.AutoTests" name="[352] /home/travis/build/icyphy/ptII/ptolemy/actor/lib/test/auto/SubscriptionAggregator.xml (RunModel)" time="0.011" />
  <testcase classname="ptolemy.util.test.junit.AutoTests" name="[353] /home/travis/build/icyphy/ptII/ptolemy/actor/lib/test/auto/SubscriptionAggregator2.xml (RunModel)" time="0.011" />
  <testcase classname="ptolemy.util.test.junit.AutoTests" name="[354] /home/travis/build/icyphy/ptII/ptolemy/actor/lib/test/auto/SubscriptionAggregator3.xml (RunModel)" time="0.017" />
  <testcase classname="ptolemy.util.test.junit.AutoTests" name="[355] /home/travis/build/icyphy/ptII/ptolemy/actor/lib/test/auto/SubscriptionAggregatorMultiply.xml (RunModel)" time="0.015" />
  <testcase classname="ptolemy.util.test.junit.AutoTests" name="[356] /home/travis/build/icyphy/ptII/ptolemy/actor/lib/test/auto/SubscriptionAggregatorPortMultiply1.xml (RunModel)" time="0.014" />
  <testcase classname="ptolemy.util.test.junit.AutoTests" name="[357] /home/travis/build/icyphy/ptII/ptolemy/actor/lib/test/auto/Switch.xml (RunModel)" time="0.013" />
  <testcase classname="ptolemy.util.test.junit.AutoTests" name="[358] /home/travis/build/icyphy/ptII/ptolemy/actor/lib/test/auto/Switch2.xml (RunModel)" time="0.009" />
  <testcase classname="ptolemy.util.test.junit.AutoTests" name="[359] /home/travis/build/icyphy/ptII/ptolemy/actor/lib/test/auto/SwitchDE.xml (RunModel)" time="0.012" />
  <testcase classname="ptolemy.util.test.junit.AutoTests" name="[360] /home/travis/build/icyphy/ptII/ptolemy/actor/lib/test/auto/SynchronizerDE.xml (RunModel)" time="0.023" />
  <testcase classname="ptolemy.util.test.junit.AutoTests" name="[361] /home/travis/build/icyphy/ptII/ptolemy/actor/lib/test/auto/Test.xml (RunModel)" time="0.01" />
  <testcase classname="ptolemy.util.test.junit.AutoTests" name="[362] /home/travis/build/icyphy/ptII/ptolemy/actor/lib/test/auto/TestExceptionAttribute1.xml (RunModel)" time="0.007" />
  <testcase classname="ptolemy.util.test.junit.AutoTests" name="[363] /home/travis/build/icyphy/ptII/ptolemy/actor/lib/test/auto/TestExceptionAttribute2.xml (RunModel)" time="0.008" />
  <testcase classname="ptolemy.util.test.junit.AutoTests" name="[364] /home/travis/build/icyphy/ptII/ptolemy/actor/lib/test/auto/TestExceptionAttribute3.xml (RunModel)" time="0.005" />
  <testcase classname="ptolemy.util.test.junit.AutoTests" name="[365] /home/travis/build/icyphy/ptII/ptolemy/actor/lib/test/auto/TestExceptionAttribute4.xml (RunModel)" time="0.006" />
  <testcase classname="ptolemy.util.test.junit.AutoTests" name="[366] /home/travis/build/icyphy/ptII/ptolemy/actor/lib/test/auto/TestExceptionHandler1.xml (RunModel)" time="0.005" />
  <testcase classname="ptolemy.util.test.junit.AutoTests" name="[367] /home/travis/build/icyphy/ptII/ptolemy/actor/lib/test/auto/TestExceptionHandler2.xml (RunModel)" time="0.005" />
  <testcase classname="ptolemy.util.test.junit.AutoTests" name="[368] /home/travis/build/icyphy/ptII/ptolemy/actor/lib/test/auto/TestExceptionHandler3.xml (RunModel)" time="0.005" />
  <testcase classname="ptolemy.util.test.junit.AutoTests" name="[369] /home/travis/build/icyphy/ptII/ptolemy/actor/lib/test/auto/TestExceptionHandler4.xml (RunModel)" time="0.006" />
  <testcase classname="ptolemy.util.test.junit.AutoTests" name="[370] /home/travis/build/icyphy/ptII/ptolemy/actor/lib/test/auto/TestRequireCorrectOrder.xml (RunModel)" time="0.009" />
  <testcase classname="ptolemy.util.test.junit.AutoTests" name="[371] /home/travis/build/icyphy/ptII/ptolemy/actor/lib/test/auto/TestSimple.xml (RunModel)" time="0.009" />
  <testcase classname="ptolemy.util.test.junit.AutoTests" name="[372] /home/travis/build/icyphy/ptII/ptolemy/actor/lib/test/auto/ThrowModelError.xml (RunModel)" time="0.011" />
  <testcase classname="ptolemy.util.test.junit.AutoTests" name="[373] /home/travis/build/icyphy/ptII/ptolemy/actor/lib/test/auto/TimeDelayMicrosteps.xml (RunModel)" time="0.015" />
  <testcase classname="ptolemy.util.test.junit.AutoTests" name="[374] /home/travis/build/icyphy/ptII/ptolemy/actor/lib/test/auto/TimeDelayMicrosteps2.xml (RunModel)" time="0.017" />
  <testcase classname="ptolemy.util.test.junit.AutoTests" name="[375] /home/travis/build/icyphy/ptII/ptolemy/actor/lib/test/auto/TimeDelayMicrosteps3.xml (RunModel)" time="0.014" />
  <testcase classname="ptolemy.util.test.junit.AutoTests" name="[376] /home/travis/build/icyphy/ptII/ptolemy/actor/lib/test/auto/TimeDelayVariableMicrosteps.xml (RunModel)" time="0.017" />
  <testcase classname="ptolemy.util.test.junit.AutoTests" name="[377] /home/travis/build/icyphy/ptII/ptolemy/actor/lib/test/auto/TimeGap.xml (RunModel)" time="0.022" />
  <testcase classname="ptolemy.util.test.junit.AutoTests" name="[378] /home/travis/build/icyphy/ptII/ptolemy/actor/lib/test/auto/TimeGap2.xml (RunModel)" time="0.019" />
  <testcase classname="ptolemy.util.test.junit.AutoTests" name="[379] /home/travis/build/icyphy/ptII/ptolemy/actor/lib/test/auto/TimedSinewave.xml (RunModel)" time="0.054" />
  <testcase classname="ptolemy.util.test.junit.AutoTests" name="[380] /home/travis/build/icyphy/ptII/ptolemy/actor/lib/test/auto/TimedSinewavePhase.xml (RunModel)" time="0.035" />
  <testcase classname="ptolemy.util.test.junit.AutoTests" name="[381] /home/travis/build/icyphy/ptII/ptolemy/actor/lib/test/auto/Timer.xml (RunModel)" time="0.015" />
  <testcase classname="ptolemy.util.test.junit.AutoTests" name="[382] /home/travis/build/icyphy/ptII/ptolemy/actor/lib/test/auto/TriangularDistTestModel.xml (RunModel)" time="0.013" />
  <testcase classname="ptolemy.util.test.junit.AutoTests" name="[383] /home/travis/build/icyphy/ptII/ptolemy/actor/lib/test/auto/TrigFunction.xml (RunModel)" time="0.008" />
  <testcase classname="ptolemy.util.test.junit.AutoTests" name="[384] /home/travis/build/icyphy/ptII/ptolemy/actor/lib/test/auto/TrigFunctionDE.xml (RunModel)" time="0.011" />
  <testcase classname="ptolemy.util.test.junit.AutoTests" name="[385] /home/travis/build/icyphy/ptII/ptolemy/actor/lib/test/auto/TrigFunctionInverse.xml (RunModel)" time="0.009" />
  <testcase classname="ptolemy.util.test.junit.AutoTests" name="[386] /home/travis/build/icyphy/ptII/ptolemy/actor/lib/test/auto/TrigFunctionTan.xml (RunModel)" time="0.006" />
  <testcase classname="ptolemy.util.test.junit.AutoTests" name="[387] /home/travis/build/icyphy/ptII/ptolemy/actor/lib/test/auto/TriggeredClock.xml (RunModel)" time="0.007" />
  <testcase classname="ptolemy.util.test.junit.AutoTests" name="[388] /home/travis/build/icyphy/ptII/ptolemy/actor/lib/test/auto/URLDirectoryReader.xml (RunModel)" time="0.094" />
  <testcase classname="ptolemy.util.test.junit.AutoTests" name="[389] /home/travis/build/icyphy/ptII/ptolemy/actor/lib/test/auto/URLDirectoryReader3.xml (RunModel)" time="1.321" />
  <testcase classname="ptolemy.util.test.junit.AutoTests" name="[390] /home/travis/build/icyphy/ptII/ptolemy/actor/lib/test/auto/UnaryMathFunction.xml (RunModel)" time="0.021" />
  <testcase classname="ptolemy.util.test.junit.AutoTests" name="[391] /home/travis/build/icyphy/ptII/ptolemy/actor/lib/test/auto/Uniform.xml (RunModel)" time="0.012" />
  <testcase classname="ptolemy.util.test.junit.AutoTests" name="[392] /home/travis/build/icyphy/ptII/ptolemy/actor/lib/test/auto/UnionDisassemblerTest.xml (RunModel)" time="0.008" />
  <testcase classname="ptolemy.util.test.junit.AutoTests" name="[393] /home/travis/build/icyphy/ptII/ptolemy/actor/lib/test/auto/UtilityFunctions.xml (RunModel)" time="0.007" />
  <testcase classname="ptolemy.util.test.junit.AutoTests" name="[394] /home/travis/build/icyphy/ptII/ptolemy/actor/lib/test/auto/VariableSleep.xml (RunModel)" time="0.514" />
  <testcase classname="ptolemy.util.test.junit.AutoTests" name="[395] /home/travis/build/icyphy/ptII/ptolemy/actor/lib/test/auto/VectorAssemblerDisassemblerCT.xml (RunModel)" time="0.124" />
  <testcase classname="ptolemy.util.test.junit.AutoTests" name="[396] /home/travis/build/icyphy/ptII/ptolemy/actor/lib/test/auto/VectorAssemblerDisassemblerDE.xml (RunModel)" time="0.015" />
  <testcase classname="ptolemy.util.test.junit.AutoTests" name="[397] /home/travis/build/icyphy/ptII/ptolemy/actor/lib/test/auto/VectorAssemblerDisassemblerSDF.xml (RunModel)" time="0.015" />
  <testcase classname="ptolemy.util.test.junit.AutoTests" name="[398] /home/travis/build/icyphy/ptII/ptolemy/actor/lib/test/auto/WallClockTime.xml (RunModel)" time="1.016" />
  <testcase classname="ptolemy.util.test.junit.AutoTests" name="[399] /home/travis/build/icyphy/ptII/ptolemy/actor/lib/test/auto/WidthTestWithSubscriberPublisher.xml (RunModel)" time="0.044" />
  <testcase classname="ptolemy.util.test.junit.AutoTests" name="[400] /home/travis/build/icyphy/ptII/ptolemy/actor/lib/test/auto/WidthTestWithSubscriberPublisher2.xml (RunModel)" time="0.015" />
  <testcase classname="ptolemy.util.test.junit.AutoTests" name="[401] /home/travis/build/icyphy/ptII/ptolemy/actor/lib/test/auto/WidthTestWithSubscriberPublisher3.xml (RunModel)" time="0.027" />
  <testcase classname="ptolemy.util.test.junit.AutoTests" name="[402] /home/travis/build/icyphy/ptII/ptolemy/actor/lib/test/auto/Writer.xml (RunModel)" time="0.008" />
  <testcase classname="ptolemy.util.test.junit.AutoTests" name="[403] /home/travis/build/icyphy/ptII/ptolemy/actor/lib/test/auto/array.xml (RunModel)" time="0.009" />
  <testcase classname="ptolemy.util.test.junit.AutoTests" name="[404] /home/travis/build/icyphy/ptII/ptolemy/actor/lib/test/auto/array2.xml (RunModel)" time="0.011" />
  <testcase classname="ptolemy.util.test.junit.AutoTests" name="[405] /home/travis/build/icyphy/ptII/ptolemy/actor/lib/test/auto/arrayType.xml (RunModel)" time="0.015" />
  <testcase classname="ptolemy.util.test.junit.AutoTests" name="[406] /home/travis/build/icyphy/ptII/ptolemy/actor/lib/test/auto/arrayType10.xml (RunModel)" time="0.008" />
  <testcase classname="ptolemy.util.test.junit.AutoTests" name="[407] /home/travis/build/icyphy/ptII/ptolemy/actor/lib/test/auto/arrayType11.xml (RunModel)" time="0.009" />
  <testcase classname="ptolemy.util.test.junit.AutoTests" name="[408] /home/travis/build/icyphy/ptII/ptolemy/actor/lib/test/auto/arrayType12.xml (RunModel)" time="0.01" />
  <testcase classname="ptolemy.util.test.junit.AutoTests" name="[409] /home/travis/build/icyphy/ptII/ptolemy/actor/lib/test/auto/arrayType13.xml (RunModel)" time="0.009" />
  <testcase classname="ptolemy.util.test.junit.AutoTests" name="[410] /home/travis/build/icyphy/ptII/ptolemy/actor/lib/test/auto/arrayType14.xml (RunModel)" time="0.009" />
  <testcase classname="ptolemy.util.test.junit.AutoTests" name="[411] /home/travis/build/icyphy/ptII/ptolemy/actor/lib/test/auto/arrayType15.xml (RunModel)" time="0.01" />
  <testcase classname="ptolemy.util.test.junit.AutoTests" name="[412] /home/travis/build/icyphy/ptII/ptolemy/actor/lib/test/auto/arrayType16.xml (RunModel)" time="0.009" />
  <testcase classname="ptolemy.util.test.junit.AutoTests" name="[413] /home/travis/build/icyphy/ptII/ptolemy/actor/lib/test/auto/arrayType17.xml (RunModel)" time="0.012" />
  <testcase classname="ptolemy.util.test.junit.AutoTests" name="[414] /home/travis/build/icyphy/ptII/ptolemy/actor/lib/test/auto/arrayType18.xml (RunModel)" time="0.011" />
  <testcase classname="ptolemy.util.test.junit.AutoTests" name="[415] /home/travis/build/icyphy/ptII/ptolemy/actor/lib/test/auto/arrayType19.xml (RunModel)" time="0.009" />
  <testcase classname="ptolemy.util.test.junit.AutoTests" name="[416] /home/travis/build/icyphy/ptII/ptolemy/actor/lib/test/auto/arrayType2.xml (RunModel)" time="0.012" />
  <testcase classname="ptolemy.util.test.junit.AutoTests" name="[417] /home/travis/build/icyphy/ptII/ptolemy/actor/lib/test/auto/arrayType20.xml (RunModel)" time="0.01" />
  <testcase classname="ptolemy.util.test.junit.AutoTests" name="[418] /home/travis/build/icyphy/ptII/ptolemy/actor/lib/test/auto/arrayType21.xml (RunModel)" time="0.009" />
  <testcase classname="ptolemy.util.test.junit.AutoTests" name="[419] /home/travis/build/icyphy/ptII/ptolemy/actor/lib/test/auto/arrayType22.xml (RunModel)" time="0.01" />
  <testcase classname="ptolemy.util.test.junit.AutoTests" name="[420] /home/travis/build/icyphy/ptII/ptolemy/actor/lib/test/auto/arrayType23.xml (RunModel)" time="0.009" />
  <testcase classname="ptolemy.util.test.junit.AutoTests" name="[421] /home/travis/build/icyphy/ptII/ptolemy/actor/lib/test/auto/arrayType24.xml (RunModel)" time="0.013" />
  <testcase classname="ptolemy.util.test.junit.AutoTests" name="[422] /home/travis/build/icyphy/ptII/ptolemy/actor/lib/test/auto/arrayType25.xml (RunModel)" time="0.011" />
  <testcase classname="ptolemy.util.test.junit.AutoTests" name="[423] /home/travis/build/icyphy/ptII/ptolemy/actor/lib/test/auto/arrayType26.xml (RunModel)" time="0.012" />
  <testcase classname="ptolemy.util.test.junit.AutoTests" name="[424] /home/travis/build/icyphy/ptII/ptolemy/actor/lib/test/auto/arrayType27.xml (RunModel)" time="0.013" />
  <testcase classname="ptolemy.util.test.junit.AutoTests" name="[425] /home/travis/build/icyphy/ptII/ptolemy/actor/lib/test/auto/arrayType28.xml (RunModel)" time="0.011" />
  <testcase classname="ptolemy.util.test.junit.AutoTests" name="[426] /home/travis/build/icyphy/ptII/ptolemy/actor/lib/test/auto/arrayType3.xml (RunModel)" time="0.01" />
  <testcase classname="ptolemy.util.test.junit.AutoTests" name="[427] /home/travis/build/icyphy/ptII/ptolemy/actor/lib/test/auto/arrayType4.xml (RunModel)" time="0.011" />
  <testcase classname="ptolemy.util.test.junit.AutoTests" name="[428] /home/travis/build/icyphy/ptII/ptolemy/actor/lib/test/auto/arrayType5.xml (RunModel)" time="0.011" />
  <testcase classname="ptolemy.util.test.junit.AutoTests" name="[429] /home/travis/build/icyphy/ptII/ptolemy/actor/lib/test/auto/arrayType6.xml (RunModel)" time="0.009" />
  <testcase classname="ptolemy.util.test.junit.AutoTests" name="[430] /home/travis/build/icyphy/ptII/ptolemy/actor/lib/test/auto/arrayType7.xml (RunModel)" time="0.023" />
  <testcase classname="ptolemy.util.test.junit.AutoTests" name="[431] /home/travis/build/icyphy/ptII/ptolemy/actor/lib/test/auto/arrayType8.xml (RunModel)" time="0.014" />
  <testcase classname="ptolemy.util.test.junit.AutoTests" name="[432] /home/travis/build/icyphy/ptII/ptolemy/actor/lib/test/auto/arrayType9.xml (RunModel)" time="0.009" />
  <testcase classname="ptolemy.util.test.junit.AutoTests" name="[433] /home/travis/build/icyphy/ptII/ptolemy/actor/lib/test/auto/cast.xml (RunModel)" time="0.009" />
  <testcase classname="ptolemy.util.test.junit.AutoTests" name="[434] /home/travis/build/icyphy/ptII/ptolemy/actor/lib/test/auto/compositeMultiPort.xml (RunModel)" time="0.018" />
  <testcase classname="ptolemy.util.test.junit.AutoTests" name="[435] /home/travis/build/icyphy/ptII/ptolemy/actor/lib/test/auto/expressionCastInference.xml (RunModel)" time="0.008" />
  <testcase classname="ptolemy.util.test.junit.AutoTests" name="[436] /home/travis/build/icyphy/ptII/ptolemy/actor/lib/test/auto/expressionCastInference2.xml (RunModel)" time="0.008" />
  <testcase classname="ptolemy.util.test.junit.AutoTests" name="[437] /home/travis/build/icyphy/ptII/ptolemy/actor/lib/test/auto/expressionInference.xml (RunModel)" time="0.008" />
  <testcase classname="ptolemy.util.test.junit.AutoTests" name="[438] /home/travis/build/icyphy/ptII/ptolemy/actor/lib/test/auto/expression_bug.xml (RunModel)" time="0.008" />
  <testcase classname="ptolemy.util.test.junit.AutoTests" name="[439] /home/travis/build/icyphy/ptII/ptolemy/actor/lib/test/auto/factorial.xml (RunModel)" time="0.054" />
  <testcase classname="ptolemy.util.test.junit.AutoTests" name="[440] /home/travis/build/icyphy/ptII/ptolemy/actor/lib/test/auto/filterTest1.xml (RunModel)" time="0.012" />
  <testcase classname="ptolemy.util.test.junit.AutoTests" name="[441] /home/travis/build/icyphy/ptII/ptolemy/actor/lib/test/auto/funcApplyInConst.xml (RunModel)" time="0.005" />
  <testcase classname="ptolemy.util.test.junit.AutoTests" name="[442] /home/travis/build/icyphy/ptII/ptolemy/actor/lib/test/auto/funcApplyInExpr.xml (RunModel)" time="0.005" />
  <testcase classname="ptolemy.util.test.junit.AutoTests" name="[443] /home/travis/build/icyphy/ptII/ptolemy/actor/lib/test/auto/function.xml (RunModel)" time="0.01" />
  <testcase classname="ptolemy.util.test.junit.AutoTests" name="[444] /home/travis/build/icyphy/ptII/ptolemy/actor/lib/test/auto/function2.xml (RunModel)" time="0.011" />
  <testcase classname="ptolemy.util.test.junit.AutoTests" name="[445] /home/travis/build/icyphy/ptII/ptolemy/actor/lib/test/auto/function3.xml (RunModel)" time="0.007" />
  <testcase classname="ptolemy.util.test.junit.AutoTests" name="[446] /home/travis/build/icyphy/ptII/ptolemy/actor/lib/test/auto/functionClosureTest1.xml (RunModel)" time="0.01" />
  <testcase classname="ptolemy.util.test.junit.AutoTests" name="[447] /home/travis/build/icyphy/ptII/ptolemy/actor/lib/test/auto/functionClosureTest2.xml (RunModel)" time="0.006" />
  <testcase classname="ptolemy.util.test.junit.AutoTests" name="[448] /home/travis/build/icyphy/ptII/ptolemy/actor/lib/test/auto/functionClosureTest3.xml (RunModel)" time="0.009" />
  <testcase classname="ptolemy.util.test.junit.AutoTests" name="[449] /home/travis/build/icyphy/ptII/ptolemy/actor/lib/test/auto/functionClosureTest4.xml (RunModel)" time="0.015" />
  <testcase classname="ptolemy.util.test.junit.AutoTests" name="[450] /home/travis/build/icyphy/ptII/ptolemy/actor/lib/test/auto/functionClosureTest5.xml (RunModel)" time="0.011" />
  <testcase classname="ptolemy.util.test.junit.AutoTests" name="[451] /home/travis/build/icyphy/ptII/ptolemy/actor/lib/test/auto/functionClosureTest6.xml (RunModel)" time="0.009" />
  <testcase classname="ptolemy.util.test.junit.AutoTests" name="[452] /home/travis/build/icyphy/ptII/ptolemy/actor/lib/test/auto/functionsOnArcs.xml (RunModel)" time="0.01" />
  <testcase classname="ptolemy.util.test.junit.AutoTests" name="[453] /home/travis/build/icyphy/ptII/ptolemy/actor/lib/test/auto/functionsOnArcsHOF.xml (RunModel)" time="0.015" />
  <testcase classname="ptolemy.util.test.junit.AutoTests" name="[454] /home/travis/build/icyphy/ptII/ptolemy/actor/lib/test/auto/logic.xml (RunModel)" time="0.017" />
  <testcase classname="ptolemy.util.test.junit.AutoTests" name="[455] /home/travis/build/icyphy/ptII/ptolemy/actor/lib/test/auto/matrixType.xml (RunModel)" time="0.009" />
  <testcase classname="ptolemy.util.test.junit.AutoTests" name="[456] /home/travis/build/icyphy/ptII/ptolemy/actor/lib/test/auto/matrixType10.xml (RunModel)" time="0.008" />
  <testcase classname="ptolemy.util.test.junit.AutoTests" name="[457] /home/travis/build/icyphy/ptII/ptolemy/actor/lib/test/auto/matrixType11.xml (RunModel)" time="0.007" />
  <testcase classname="ptolemy.util.test.junit.AutoTests" name="[458] /home/travis/build/icyphy/ptII/ptolemy/actor/lib/test/auto/matrixType12.xml (RunModel)" time="0.01" />
  <testcase classname="ptolemy.util.test.junit.AutoTests" name="[459] /home/travis/build/icyphy/ptII/ptolemy/actor/lib/test/auto/matrixType13.xml (RunModel)" time="0.008" />
  <testcase classname="ptolemy.util.test.junit.AutoTests" name="[460] /home/travis/build/icyphy/ptII/ptolemy/actor/lib/test/auto/matrixType14.xml (RunModel)" time="0.008" />
  <testcase classname="ptolemy.util.test.junit.AutoTests" name="[461] /home/travis/build/icyphy/ptII/ptolemy/actor/lib/test/auto/matrixType2.xml (RunModel)" time="0.008" />
  <testcase classname="ptolemy.util.test.junit.AutoTests" name="[462] /home/travis/build/icyphy/ptII/ptolemy/actor/lib/test/auto/matrixType3.xml (RunModel)" time="0.01" />
  <testcase classname="ptolemy.util.test.junit.AutoTests" name="[463] /home/travis/build/icyphy/ptII/ptolemy/actor/lib/test/auto/matrixType4.xml (RunModel)" time="0.007" />
  <testcase classname="ptolemy.util.test.junit.AutoTests" name="[464] /home/travis/build/icyphy/ptII/ptolemy/actor/lib/test/auto/matrixType5.xml (RunModel)" time="0.008" />
  <testcase classname="ptolemy.util.test.junit.AutoTests" name="[465] /home/travis/build/icyphy/ptII/ptolemy/actor/lib/test/auto/matrixType6.xml (RunModel)" time="0.009" />
  <testcase classname="ptolemy.util.test.junit.AutoTests" name="[466] /home/travis/build/icyphy/ptII/ptolemy/actor/lib/test/auto/matrixType7.xml (RunModel)" time="0.008" />
  <testcase classname="ptolemy.util.test.junit.AutoTests" name="[467] /home/travis/build/icyphy/ptII/ptolemy/actor/lib/test/auto/matrixType8.xml (RunModel)" time="0.008" />
  <testcase classname="ptolemy.util.test.junit.AutoTests" name="[468] /home/travis/build/icyphy/ptII/ptolemy/actor/lib/test/auto/matrixType9.xml (RunModel)" time="0.008" />
  <testcase classname="ptolemy.util.test.junit.AutoTests" name="[469] /home/travis/build/icyphy/ptII/ptolemy/actor/lib/test/auto/paraFunctest.xml (RunModel)" time="0.006" />
  <testcase classname="ptolemy.util.test.junit.AutoTests" name="[470] /home/travis/build/icyphy/ptII/ptolemy/actor/lib/test/auto/paraFunctest2.xml (RunModel)" time="0.006" />
  <testcase classname="ptolemy.util.test.junit.AutoTests" name="[471] /home/travis/build/icyphy/ptII/ptolemy/actor/lib/test/auto/parameterPassing.xml (RunModel)" time="0.007" />
  <testcase classname="ptolemy.util.test.junit.AutoTests" name="[472] /home/travis/build/icyphy/ptII/ptolemy/actor/lib/test/auto/record.xml (RunModel)" time="0.008" />
  <testcase classname="ptolemy.util.test.junit.AutoTests" name="[473] /home/travis/build/icyphy/ptII/ptolemy/actor/lib/test/auto/sizedarray1.xml (RunModel)" time="0.009" />
  <testcase classname="ptolemy.util.test.junit.AutoTests" name="[474] /home/travis/build/icyphy/ptII/ptolemy/actor/lib/test/auto/sizedarray2.xml (RunModel)" time="0.009" />
  <testcase classname="ptolemy.util.test.junit.AutoTests" name="[475] /home/travis/build/icyphy/ptII/ptolemy/actor/lib/test/auto/twoPublishers.xml (RunModel)" time="0.02" />
  <system-out><![CDATA[/home/travis/build/icyphy/ptII/ptolemy/actor/lib/test/AbsoluteValue.tcl
testDefs.tcl: setting time out to 9000 seconds at Thu Aug 02 01:42:31 UTC 2018
78 ms. Memory: 116224K Free: 106764K (92%)
4 ms. Memory: 116224K Free: 105546K (91%)
4 ms. Memory: 116224K Free: 104944K (90%)
4 ms. Memory: 116224K Free: 103734K (89%)
/home/travis/build/icyphy/ptII/ptolemy/actor/lib/test/AddSubtract.tcl
8 ms. Memory: 116224K Free: 101914K (88%)
6 ms. Memory: 116224K Free: 101296K (87%)
5 ms. Memory: 116224K Free: 100077K (86%)
5 ms. Memory: 116224K Free: 99476K (86%)
6 ms. Memory: 116224K Free: 98859K (85%)
13 ms. Memory: 116224K Free: 98257K (85%)
/home/travis/build/icyphy/ptII/ptolemy/actor/lib/test/Average.tcl
15 ms. Memory: 116224K Free: 96405K (83%)
7 ms. Memory: 116224K Free: 95202K (82%)
/home/travis/build/icyphy/ptII/ptolemy/actor/lib/test/Bernoulli.tcl
9 ms. Memory: 116224K Free: 93374K (80%)
2 ms. Memory: 116224K Free: 92757K (80%)
/home/travis/build/icyphy/ptII/ptolemy/actor/lib/test/Clock.tcl
preinitializing
resolving types
initializing
executing number 1
wrapping up
idle
23 ms. Memory: 116224K Free: 90905K (78%)
Completed execution with 5 iterations
preinitializing
resolving types
initializing
executing number 1
wrapping up
idle
4 ms. Memory: 116224K Free: 89703K (77%)
Completed execution with 5 iterations
preinitializing
resolving types
initializing
executing number 1
wrapping up
idle
4 ms. Memory: 116224K Free: 89101K (77%)
Completed execution with 5 iterations
/home/travis/build/icyphy/ptII/ptolemy/actor/lib/test/Commutator.tcl
6 ms. Memory: 116224K Free: 87257K (75%)
8 ms. Memory: 116224K Free: 86055K (74%)
19 ms. Memory: 116224K Free: 81773K (70%)
/home/travis/build/icyphy/ptII/ptolemy/actor/lib/test/Const.tcl
3 ms. Memory: 116224K Free: 110243K (95%)
2 ms. Memory: 116224K Free: 109437K (94%)
2 ms. Memory: 116224K Free: 108831K (94%)
2 ms. Memory: 116224K Free: 108217K (93%)
2 ms. Memory: 116224K Free: 107587K (93%)
15 ms. Memory: 116224K Free: 105730K (91%)
4 ms. Memory: 116224K Free: 105084K (90%)
3 ms. Memory: 116224K Free: 103241K (89%)
/home/travis/build/icyphy/ptII/ptolemy/actor/lib/test/CurrentTime.tcl
preinitializing
resolving types
initializing
executing number 1
wrapping up
idle
7 ms. Memory: 116224K Free: 101400K (87%)
Completed execution with 11 iterations
/home/travis/build/icyphy/ptII/ptolemy/actor/lib/test/DB.tcl
4 ms. Memory: 116224K Free: 99574K (86%)
2 ms. Memory: 116224K Free: 98952K (85%)
2 ms. Memory: 116224K Free: 98952K (85%)
/home/travis/build/icyphy/ptII/ptolemy/actor/lib/test/DiscreteRandomSource.tcl
preinitializing
resolving types
initializing
executing number 1
wrapping up
idle
9 ms. Memory: 116224K Free: 97126K (84%)
Completed execution with 4 iterations
preinitializing
resolving types
initializing
executing number 1
wrapping up
idle
10 ms. Memory: 116224K Free: 96520K (83%)
Completed execution with 4 iterations
preinitializing
resolving types
initializing
executing number 1
wrapping up
idle
2 ms. Memory: 116224K Free: 96520K (83%)
Completed execution with 4 iterations
preinitializing
resolving types
initializing
executing number 1
wrapping up
idle
2 ms. Memory: 116224K Free: 95915K (83%)
Completed execution with 4 iterations
preinitializing
resolving types
initializing
executing number 1
wrapping up
idle
9 ms. Memory: 116224K Free: 95308K (82%)
Completed execution with 4 iterations
/home/travis/build/icyphy/ptII/ptolemy/actor/lib/test/Distributor.tcl
4 ms. Memory: 116224K Free: 93411K (80%)
3 ms. Memory: 116224K Free: 92805K (80%)
StreamChangeRequest.changeExecuted(): <deleteEntity name="rec2"/> succeeded
StreamChangeRequest.changeExecuted(): <deleteRelation name="r2"/> succeeded
StreamChangeRequest.changeExecuted(): Record firings per iteration succeeded
5 ms. Memory: 116224K Free: 90333K (78%)
/home/travis/build/icyphy/ptII/ptolemy/actor/lib/test/Exit.tcl
Exit.tcl: this will print a message about Manager.exitAfterWrapup, which can be ignored.
5 ms. Memory: 116224K Free: 87247K (75%)
/home/travis/build/icyphy/ptII/ptolemy/actor/lib/test/Expression.tcl
5 ms. Memory: 116224K Free: 84775K (73%)
4 ms. Memory: 116224K Free: 84145K (72%)
2 ms. Memory: 116224K Free: 83523K (72%)
preinitializing
resolving types
initializing
executing number 1
wrapping up
idle
5 ms. Memory: 116224K Free: 81658K (70%)
Completed execution with 6 iterations
17 ms. Memory: 116224K Free: 110626K (95%)
3 ms. Memory: 116224K Free: 110037K (95%)
5 ms. Memory: 116224K Free: 108842K (94%)
9 ms. Memory: 116224K Free: 107631K (93%)
9 ms. Memory: 116224K Free: 106388K (92%)
/home/travis/build/icyphy/ptII/ptolemy/actor/lib/test/Gaussian.tcl
3 ms. Memory: 116224K Free: 104620K (90%)
sleeping 1 seconds: ............................................................................................................................................................................................................................................................................................................................................................................................................................................................................................................................................................................................................................................................................................................................................................................................................................................................................................................................................................................................................................................................................................................................................................................................................................................................................................................................................................................................................................................................................................................................................................................................................................................................................................................................................................................................................................................................................................................................................................................................................................................................................................................................................................................................................................................................................................................................................................................................................................................................................................................................................................................................................................................................................................................................................................................................................................................................................................................................................................................................................................................................................................................................................................................................................................................................................................................................................................................................................................................................................................................................................................................................................................................................................................................................................................................................................................................................................................................................................................................................................................................................................................................................................................................................................................................................................................................................................................................................................................................................................................................................................................................................................................................................................................................................................................................................................................................................................................................................................................................................................................................................................................................................................................................................................................................................................................................................................................................................................................................................................................................................................................................................................................................................................................................................................................................................................................................................................................................................................................................................................................................................................................................................................................................................................................................................................................................................................................................................................................................................................................................................................................................................................................................................................................................................................................................................................................................................................................................................................................................................................................................................................................................................................................................................................................................................................................................................................................................................................................................................................................................................................................................................................................................................................................................................................................................................................................................................................................................................................................................................................................................................................................................................................................................................................................................................................................................................................................................................................................................................................................................................................................................................................................................................................................................................................................................................................................................................................................................................................................................................................................................................................................................................................................................................................................................................................................................................................................................................................................................................................................................................................................................................................................................................................................................................................................................................................................................................................................................................................................................................................................................................................................................................................................................................................................................................................................................................................................................................................................................................................................................................................................................................................................................................................................................................................................................................................................................................................................................................................................................................................................................................................................................................................................................................................................................................................................................................................................................................................................................................................................................................................................................................................................................................................................................................................................................................................................................................................................................................................................................................................................................................................................................................................................................................................................................................................................................................................................................................................................................................................................................................................................................................................................................................................................................................................................................................................................................................................................................................................................................................................................................................................................................................................................................................................................................................................................................................................................................................................................................................................................................................................................................................................................................................................................................................................................................................................................................................................................................................................................................................................................................................................................................................................................................................................................................................................................................................................................................................................................................................................................................................................................................................................................................................................................................................................................................................................................................................................................................................................................................................................................................................................................................................................................................................................................................................................................................................................................................................................................................................................................................................................................................................................................................................................................................................................................................................................................................................................................................................................................................................................................................................................................................................................................................................................................................................................................................................................................................................................................................................................................................................................................................................................................................................................................................................................................................................................................................................................................................................................................................................................................................................................................................................................................................................................................................................................................................................................................................................................................................................................................................................................................................................................................................................................................................................................................................................................................................................................................................................................................................................................................................................................................................................................................................................................................................................................................................................................................................................................................................................................................................................................................................................................................................................................................................................................................................................................................................................................................................................................................................................................................................................................................................................................................................................................................................................................................................................................................................................................................................................................................................................................................................................................................................................................................................................................................................................................................................................................................................................................................................................................................................................................................................................................................................................................................................................................................................................................................................................................................................................................................................................................................................................................................................................................................................................................................................................................................................................................................................................................................................................................................................................................................................................................................................................................................................................................................................................................................................................................................................................................................................................................................................................................................................................................................................................................................................................................................................................................................................................................................................................................................................................................................................................................................................................................................................................................................................................................................................................................................................................................................................................................................................................................................................................................................................................................................................................................................................................................................................................................................................................................................................................................................................................................................................................................................................................................................................................................................................................................................................................................................................................................................................................................................................................................................................................................................................................................................................................................................................................................................................................5 ms. Memory: 146944K Free: 128569K (87%)
4 ms. Memory: 146944K Free: 128569K (87%)
4 ms. Memory: 146944K Free: 127361K (87%)
5 ms. Memory: 146944K Free: 127192K (87%)
2 ms. Memory: 146944K Free: 125985K (86%)
/home/travis/build/icyphy/ptII/ptolemy/actor/lib/test/IIR.tcl
/home/travis/build/icyphy/ptII/ptolemy/actor/lib/test/Interpolator.tcl
4 ms. Memory: 146944K Free: 122346K (83%)
2 ms. Memory: 146944K Free: 121138K (82%)
2 ms. Memory: 146944K Free: 121138K (82%)
2 ms. Memory: 146944K Free: 119930K (82%)
3 ms. Memory: 146944K Free: 119930K (82%)
5 ms. Memory: 146944K Free: 118723K (81%)
7 ms. Memory: 146944K Free: 117515K (80%)
3 ms. Memory: 146944K Free: 117515K (80%)
6 ms. Memory: 146944K Free: 116307K (79%)
10 ms. Memory: 146944K Free: 115100K (78%)
/home/travis/build/icyphy/ptII/ptolemy/actor/lib/test/MathFunction.tcl
6 ms. Memory: 146944K Free: 112684K (77%)
2 ms. Memory: 146944K Free: 111476K (76%)
6 ms. Memory: 146944K Free: 111476K (76%)
2 ms. Memory: 146944K Free: 110269K (75%)
4 ms. Memory: 146944K Free: 109061K (74%)
8 ms. Memory: 146944K Free: 106646K (73%)
/home/travis/build/icyphy/ptII/ptolemy/actor/lib/test/Maximum.tcl
3 ms. Memory: 146944K Free: 105438K (72%)
2 ms. Memory: 146944K Free: 104230K (71%)
2 ms. Memory: 146944K Free: 103022K (70%)
3 ms. Memory: 146944K Free: 103022K (70%)
/home/travis/build/icyphy/ptII/ptolemy/actor/lib/test/Minimum.tcl
3 ms. Memory: 146944K Free: 100607K (68%)
2 ms. Memory: 146944K Free: 100607K (68%)
2 ms. Memory: 146944K Free: 99399K (68%)
2 ms. Memory: 146944K Free: 99399K (68%)
/home/travis/build/icyphy/ptII/ptolemy/actor/lib/test/MultiplyDivide.tcl
5 ms. Memory: 146944K Free: 96984K (66%)
2 ms. Memory: 146944K Free: 96984K (66%)
2 ms. Memory: 146944K Free: 95776K (65%)
3 ms. Memory: 146944K Free: 94569K (64%)
2 ms. Memory: 146944K Free: 94569K (64%)
/home/travis/build/icyphy/ptII/ptolemy/actor/lib/test/OrderedMerge.tcl
Connections changed on port: inputA
Connections changed on port: inputB
Connections changed on port: output
Connections changed on port: output
Connections changed on port: output
Connections changed on port: input
.top. Preinitializing ...
Invoking preinitialize():  .top.OrderedMerge
Called preinitialize()
Invoking preinitialize():  .top.Ramp
Called preinitialize()
Invoking preinitialize():  .top.Ramp2
Called preinitialize()
Invoking preinitialize():  .top.Test
Called preinitialize()
Connections changed on port: inputA
Connections changed on port: output
Connections changed on port: inputB
Connections changed on port: output
Connections changed on port: output
Connections changed on port: input
.top. Finished preinitialize().
Called initialize().
Invoking initialize():  .top.OrderedMerge
Initializing actor: .top.OrderedMerge
Adding a thread: .top.OrderedMerge
Invoking initialize():  .top.Ramp
Initializing actor: .top.Ramp
Adding a thread: .top.Ramp
Invoking initialize():  .top.Ramp2
Initializing actor: .top.Ramp2
Adding a thread: .top.Ramp2
Invoking initialize():  .top.Test
Initializing actor: .top.Test
Adding a thread: .top.Test
-- Starting thread.
Called initialize()
Called prefire()
Called fire()
Called postfire()
Called prefire()
Called fire()
-- Starting thread.
Called initialize()
Called prefire()
Called fire()
Called postfire()
Called prefire()
Called fire()
Called fire().
Checking for deadlock:
There are 2 Blocked actors, 0 Stopped actors, and 4 active threads.
Waiting for actors to stop.
-- Starting thread.
Called initialize()
Called prefire()
Called fire()
Checking for deadlock:
There are 1 Blocked actors, 0 Stopped actors, and 4 active threads.
Waiting for actors to stop.
Called postfire()
Called prefire()
Called fire()
Checking for deadlock:
There are 2 Blocked actors, 0 Stopped actors, and 4 active threads.
Waiting for actors to stop.
Read input token from inputA with value 0.0
Next port to read input from is inputB
Called postfire()
Called prefire()
Called fire()
Checking for deadlock:
There are 1 Blocked actors, 0 Stopped actors, and 4 active threads.
Waiting for actors to stop.
Called postfire()
Called prefire()
Called fire()
Checking for deadlock:
There are 2 Blocked actors, 0 Stopped actors, and 4 active threads.
Waiting for actors to stop.
Read input token from inputB with value 0.0
Sent output token with value 0.0
Next port to read input from is inputA
Called postfire()
Called prefire()
Called fire()
Checking for deadlock:
There are 1 Blocked actors, 0 Stopped actors, and 4 active threads.
Waiting for actors to stop.
Called postfire()
Called prefire()
Called fire()
Checking for deadlock:
There are 2 Blocked actors, 0 Stopped actors, and 4 active threads.
Waiting for actors to stop.
Read input token from inputA with value 1.0
Checking for deadlock:
There are 3 Blocked actors, 0 Stopped actors, and 4 active threads.
Waiting for actors to stop.
-- Starting thread.
Called initialize()
Called prefire()
Called fire()
Checking for deadlock:
There are 2 Blocked actors, 0 Stopped actors, and 4 active threads.
Waiting for actors to stop.
-- Read input: 0.0, which is expected to match: 0.0
Called prefire()
Called fire()
Checking for deadlock:
There are 3 Blocked actors, 0 Stopped actors, and 4 active threads.
Waiting for actors to stop.
Checking for deadlock:
There are 2 Blocked actors, 0 Stopped actors, and 4 active threads.
Waiting for actors to stop.
-- Read input: 0.0, which is expected to match: 0.0
Called prefire()
Called fire()
Checking for deadlock:
There are 3 Blocked actors, 0 Stopped actors, and 4 active threads.
Waiting for actors to stop.
Sent output token with value 0.0
Next port to read input from is inputB
Called postfire()
Called prefire()
Called fire()
Called postfire()
Called prefire()
Called fire()
Checking for deadlock:
There are 3 Blocked actors, 0 Stopped actors, and 4 active threads.
Waiting for actors to stop.
Read input token from inputB with value 1.5
Sent output token with value 1.0
Next port to read input from is inputA
Called postfire()
Called prefire()
Called fire()
Read input token from inputA with value 2.0
Called postfire()
Called prefire()
Called fire()
Checking for deadlock:
There are 3 Blocked actors, 0 Stopped actors, and 4 active threads.
Waiting for actors to stop.
-- Read input: 1.0, which is expected to match: 1.0
Called prefire()
Called fire()
Checking for deadlock:
There are 3 Blocked actors, 0 Stopped actors, and 4 active threads.
Waiting for actors to stop.
Checking for deadlock:
There are 2 Blocked actors, 0 Stopped actors, and 4 active threads.
Waiting for actors to stop.
-- Read input: 1.5, which is expected to match: 1.5
Called prefire()
Called fire()
Checking for deadlock:
There are 3 Blocked actors, 0 Stopped actors, and 4 active threads.
Waiting for actors to stop.
Sent output token with value 1.5
Next port to read input from is inputB
Called postfire()
Called prefire()
Called fire()
Checking for deadlock:
There are 2 Blocked actors, 0 Stopped actors, and 4 active threads.
Waiting for actors to stop.
Called postfire()
Called prefire()
Called fire()
Checking for deadlock:
There are 3 Blocked actors, 0 Stopped actors, and 4 active threads.
Waiting for actors to stop.
Read input token from inputB with value 3.0
Sent output token with value 2.0
Next port to read input from is inputA
Called postfire()
Called prefire()
Called fire()
Read input token from inputA with value 3.0
Called postfire()
Called prefire()
Called fire()
Checking for deadlock:
There are 3 Blocked actors, 0 Stopped actors, and 4 active threads.
Waiting for actors to stop.
-- Read input: 2.0, which is expected to match: 2.0
Called prefire()
Called fire()
Checking for deadlock:
There are 3 Blocked actors, 0 Stopped actors, and 4 active threads.
Waiting for actors to stop.
Checking for deadlock:
There are 2 Blocked actors, 0 Stopped actors, and 4 active threads.
Waiting for actors to stop.
-- Read input: 3.0, which is expected to match: 3.0
Called prefire()
Called fire()
Checking for deadlock:
There are 3 Blocked actors, 0 Stopped actors, and 4 active threads.
Waiting for actors to stop.
Sent output token with value 3.0
Next port to read input from is inputB
Called postfire()
Called prefire()
Called fire()
Checking for deadlock:
There are 2 Blocked actors, 0 Stopped actors, and 4 active threads.
Waiting for actors to stop.
Called postfire()
Called prefire()
Called fire()
Checking for deadlock:
There are 3 Blocked actors, 0 Stopped actors, and 4 active threads.
Waiting for actors to stop.
Read input token from inputB with value 4.5
Sent output token with value 3.0
Next port to read input from is inputA
Called postfire()
Called prefire()
Called fire()
Read input token from inputA with value 4.0
Called postfire()
Called prefire()
Called fire()
Checking for deadlock:
There are 3 Blocked actors, 0 Stopped actors, and 4 active threads.
Waiting for actors to stop.
-- Read input: 3.0, which is expected to match: 3.0
Called prefire()
Called fire()
Checking for deadlock:
There are 3 Blocked actors, 0 Stopped actors, and 4 active threads.
Waiting for actors to stop.
Checking for deadlock:
There are 2 Blocked actors, 0 Stopped actors, and 4 active threads.
Waiting for actors to stop.
-- Read input: 4.0, which is expected to match: 4.0
Called prefire()
Called fire()
Past the end of training data. Read and discard all inputs.
Checking for deadlock:
There are 3 Blocked actors, 0 Stopped actors, and 4 active threads.
Waiting for actors to stop.
Sent output token with value 4.0
Next port to read input from is inputA
Called postfire()
Called prefire()
Called fire()
Called postfire()
Called prefire()
Called fire()
Checking for deadlock:
There are 3 Blocked actors, 0 Stopped actors, and 4 active threads.
Waiting for actors to stop.
Read input token from inputA with value 5.0
Sent output token with value 4.5
Next port to read input from is inputB
Called postfire()
Called prefire()
Called fire()
Read input token from inputB with value 6.0
Called postfire()
Called prefire()
Called fire()
Checking for deadlock:
There are 3 Blocked actors, 0 Stopped actors, and 4 active threads.
Waiting for actors to stop.
Called prefire()
Called fire()
Past the end of training data. Read and discard all inputs.
Checking for deadlock:
There are 3 Blocked actors, 0 Stopped actors, and 4 active threads.
Waiting for actors to stop.
Checking for deadlock:
There are 2 Blocked actors, 0 Stopped actors, and 4 active threads.
Waiting for actors to stop.
Called prefire()
Called fire()
Past the end of training data. Read and discard all inputs.
Checking for deadlock:
There are 3 Blocked actors, 0 Stopped actors, and 4 active threads.
Waiting for actors to stop.
Sent output token with value 5.0
Next port to read input from is inputA
Called postfire()
Called prefire()
Called fire()
Checking for deadlock:
There are 2 Blocked actors, 0 Stopped actors, and 4 active threads.
Waiting for actors to stop.
Called postfire()
Called prefire()
Called fire()
Checking for deadlock:
There are 3 Blocked actors, 0 Stopped actors, and 4 active threads.
Waiting for actors to stop.
Read input token from inputA with value 6.0
Sent output token with value 6.0
Next port to read input from is inputB
Called postfire()
Called prefire()
Called fire()
Read input token from inputB with value 7.5
Called postfire()
Called prefire()
Called fire()
Checking for deadlock:
There are 3 Blocked actors, 0 Stopped actors, and 4 active threads.
Waiting for actors to stop.
Called prefire()
Called fire()
Past the end of training data. Read and discard all inputs.
Checking for deadlock:
There are 3 Blocked actors, 0 Stopped actors, and 4 active threads.
Waiting for actors to stop.
Checking for deadlock:
There are 2 Blocked actors, 0 Stopped actors, and 4 active threads.
Waiting for actors to stop.
Called prefire()
Called fire()
Past the end of training data. Read and discard all inputs.
Checking for deadlock:
There are 3 Blocked actors, 0 Stopped actors, and 4 active threads.
Waiting for actors to stop.
Sent output token with value 6.0
Next port to read input from is inputA
Called postfire()
Called prefire()
Called fire()
Checking for deadlock:
There are 2 Blocked actors, 0 Stopped actors, and 4 active threads.
Waiting for actors to stop.
Called postfire()
Called prefire()
Called fire()
Checking for deadlock:
There are 3 Blocked actors, 0 Stopped actors, and 4 active threads.
Waiting for actors to stop.
Read input token from inputA with value 7.0
Sent output token with value 7.0
Next port to read input from is inputA
Called postfire()
Called prefire()
Called fire()
Read input token from inputA with value 8.0
Checking for deadlock:
There are 2 Blocked actors, 0 Stopped actors, and 4 active threads.
Waiting for actors to stop.
-- Thread wrapup() called.
Called wrapup()
Thread .top.Ramp is exiting.
-- Thread stopped.
Checking for deadlock:
There are 2 Blocked actors, 0 Stopped actors, and 3 active threads.
Waiting for actors to stop.
Called prefire()
Called fire()
Past the end of training data. Read and discard all inputs.
Checking for deadlock:
There are 2 Blocked actors, 0 Stopped actors, and 3 active threads.
Waiting for actors to stop.
Checking for deadlock:
There are 1 Blocked actors, 0 Stopped actors, and 3 active threads.
Waiting for actors to stop.
Called prefire()
Called fire()
Past the end of training data. Read and discard all inputs.
Checking for deadlock:
There are 2 Blocked actors, 0 Stopped actors, and 3 active threads.
Waiting for actors to stop.
Sent output token with value 7.5
Next port to read input from is inputB
Called postfire()
Called prefire()
Called fire()
Checking for deadlock:
There are 1 Blocked actors, 0 Stopped actors, and 3 active threads.
Waiting for actors to stop.
Called postfire()
Called prefire()
Called fire()
Checking for deadlock:
There are 2 Blocked actors, 0 Stopped actors, and 3 active threads.
Waiting for actors to stop.
Read input token from inputB with value 9.0
Sent output token with value 8.0
Next port to read input from is inputA
Called postfire()
Called prefire()
Called fire()
Read input token from inputA with value 9.0
Checking for deadlock:
There are 2 Blocked actors, 0 Stopped actors, and 3 active threads.
Waiting for actors to stop.
Checking for deadlock:
There are 1 Blocked actors, 0 Stopped actors, and 3 active threads.
Waiting for actors to stop.
Called prefire()
Called fire()
Past the end of training data. Read and discard all inputs.
Checking for deadlock:
There are 2 Blocked actors, 0 Stopped actors, and 3 active threads.
Waiting for actors to stop.
Checking for deadlock:
There are 1 Blocked actors, 0 Stopped actors, and 3 active threads.
Waiting for actors to stop.
Called prefire()
Called fire()
Past the end of training data. Read and discard all inputs.
Checking for deadlock:
There are 2 Blocked actors, 0 Stopped actors, and 3 active threads.
Waiting for actors to stop.
Sent output token with value 9.0
Next port to read input from is inputB
Called postfire()
Called prefire()
Called fire()
Called postfire()
Called prefire()
Called fire()
Checking for deadlock:
There are 2 Blocked actors, 0 Stopped actors, and 3 active threads.
Waiting for actors to stop.
Read input token from inputB with value 10.5
Sent output token with value 9.0
Checking for deadlock:
There are 1 Blocked actors, 0 Stopped actors, and 3 active threads.
Waiting for actors to stop.
Called prefire()
Called fire()
Past the end of training data. Read and discard all inputs.
Checking for deadlock:
There are 2 Blocked actors, 0 Stopped actors, and 3 active threads.
Waiting for actors to stop.
Next port to read input from is inputA
Called postfire()
Called prefire()
Called fire()
Checking for deadlock:
There are 3 Blocked actors, 0 Stopped actors, and 3 active threads.
Actors have stopped.
Checking for deadlock:
There are 3 Blocked actors, 0 Stopped actors, and 3 active threads.
Deadlock detected.
Resolving Deadlock
Checking for deadlock:
There are 3 Blocked actors, 0 Stopped actors, and 3 active threads.
Artificial Deadlock - increasing queue capacity.
increasing the capacity of receiver ptolemy.actor.TypedIOPort {.top.OrderedMerge.inputB} to 2
Director: Called postfire().
Called postfire().
_stopRequested = false
_stopFireRequested = false
Returning from postfire(): true
Called fire().
Checking for deadlock:
There are 2 Blocked actors, 0 Stopped actors, and 3 active threads.
Waiting for actors to stop.
-- Thread wrapup() called.
Called wrapup()
Thread .top.Ramp2 is exiting.
-- Thread stopped.
Checking for deadlock:
There are 2 Blocked actors, 0 Stopped actors, and 2 active threads.
Actors have stopped.
Checking for deadlock:
There are 2 Blocked actors, 0 Stopped actors, and 2 active threads.
Deadlock detected.
Resolving Deadlock
Checking for deadlock:
There are 2 Blocked actors, 0 Stopped actors, and 2 active threads.
Deadlock detected: no processes blocked on write, but some are blocked on read.
Called postfire().
_stopRequested = false
_stopFireRequested = false
Returning from postfire(): false
Finished deactivating branches.
Called wrapup().
-- Thread wrapup() called.
Called wrapup()
-- Thread wrapup() called.
Called wrapup()
Thread .top.OrderedMerge is exiting.
-- Thread stopped.
-- Blocked Receiver call threw TerminateProcessException.
Thread .top.Test is exiting.
38 ms. Memory: 146944K Free: 89696K (61%)
.top. Preinitializing ...
Invoking preinitialize():  .top.OrderedMerge
Called preinitialize()
Invoking preinitialize():  .top.Ramp
Called preinitialize()
Invoking preinitialize():  .top.Ramp2
Called preinitialize()
Invoking preinitialize():  .top.Test
Called preinitialize()
.top. Finished preinitialize().
Called initialize().
Invoking initialize():  .top.OrderedMerge
Initializing actor: .top.OrderedMerge
Adding a thread: .top.OrderedMerge
Invoking initialize():  .top.Ramp
Initializing actor: .top.Ramp
Adding a thread: .top.Ramp
Invoking initialize():  .top.Ramp2
Initializing actor: .top.Ramp2
Adding a thread: .top.Ramp2
Invoking initialize():  .top.Test
Initializing actor: .top.Test
Adding a thread: .top.Test
-- Thread stopped.
-- Blocked Receiver call threw TerminateProcessException.
-- Starting thread.
Called initialize()
Called prefire()
Called fire()
-- Starting thread.
Called initialize()
Called prefire()
Called fire()
Called postfire()
Called prefire()
Called fire()
-- Starting thread.
Called initialize()
Called prefire()
Called fire()
Called postfire()
Called prefire()
Called fire()
Called fire().
Checking for deadlock:
There are 3 Blocked actors, 0 Stopped actors, and 4 active threads.
Waiting for actors to stop.
-- Starting thread.
Called initialize()
Called prefire()
Called fire()
Checking for deadlock:
There are 2 Blocked actors, 0 Stopped actors, and 4 active threads.
Waiting for actors to stop.
Called postfire()
Called prefire()
Called fire()
Checking for deadlock:
There are 3 Blocked actors, 0 Stopped actors, and 4 active threads.
Waiting for actors to stop.
Read input token from inputA with value 0.0
Next port to read input from is inputB
Called postfire()
Called prefire()
Called fire()
Checking for deadlock:
There are 2 Blocked actors, 0 Stopped actors, and 4 active threads.
Waiting for actors to stop.
Called postfire()
Called prefire()
Called fire()
Checking for deadlock:
There are 3 Blocked actors, 0 Stopped actors, and 4 active threads.
Waiting for actors to stop.
Read input token from inputB with value 0.0
Checking for deadlock:
There are 2 Blocked actors, 0 Stopped actors, and 4 active threads.
Waiting for actors to stop.
-- Read input: 0.0, which is expected to match: 0.0
Called prefire()
Called fire()
Checking for deadlock:
There are 3 Blocked actors, 0 Stopped actors, and 4 active threads.
Waiting for actors to stop.
Sent output token with value 0.0
Next port to read input from is inputA
Called postfire()
Called prefire()
Called fire()
Checking for deadlock:
There are 2 Blocked actors, 0 Stopped actors, and 4 active threads.
Waiting for actors to stop.
Called postfire()
Called prefire()
Called fire()
Checking for deadlock:
There are 3 Blocked actors, 0 Stopped actors, and 4 active threads.
Waiting for actors to stop.
Read input token from inputA with value 1.0
Checking for deadlock:
There are 2 Blocked actors, 0 Stopped actors, and 4 active threads.
Waiting for actors to stop.
-- Read input: 0.0, which is expected to match: 0.0
Called prefire()
Called fire()
Checking for deadlock:
There are 3 Blocked actors, 0 Stopped actors, and 4 active threads.
Waiting for actors to stop.
Sent output token with value 0.0
Next port to read input from is inputB
Called postfire()
Called prefire()
Called fire()
Checking for deadlock:
There are 2 Blocked actors, 0 Stopped actors, and 4 active threads.
Waiting for actors to stop.
Called postfire()
Called prefire()
Called fire()
Checking for deadlock:
There are 3 Blocked actors, 0 Stopped actors, and 4 active threads.
Waiting for actors to stop.
Read input token from inputB with value 1.5
Checking for deadlock:
There are 2 Blocked actors, 0 Stopped actors, and 4 active threads.
Waiting for actors to stop.
-- Read input: 1.0, which is expected to match: 1.0
Called prefire()
Called fire()
Checking for deadlock:
There are 3 Blocked actors, 0 Stopped actors, and 4 active threads.
Waiting for actors to stop.
Sent output token with value 1.0
Next port to read input from is inputA
Called postfire()
Called prefire()
Called fire()
Checking for deadlock:
There are 2 Blocked actors, 0 Stopped actors, and 4 active threads.
Waiting for actors to stop.
Called postfire()
Called prefire()
Called fire()
Checking for deadlock:
There are 3 Blocked actors, 0 Stopped actors, and 4 active threads.
Waiting for actors to stop.
Read input token from inputA with value 2.0
Checking for deadlock:
There are 2 Blocked actors, 0 Stopped actors, and 4 active threads.
Waiting for actors to stop.
-- Read input: 1.5, which is expected to match: 1.5
Called prefire()
Called fire()
Checking for deadlock:
There are 3 Blocked actors, 0 Stopped actors, and 4 active threads.
Waiting for actors to stop.
Sent output token with value 1.5
Next port to read input from is inputB
Called postfire()
Called prefire()
Called fire()
Checking for deadlock:
There are 2 Blocked actors, 0 Stopped actors, and 4 active threads.
Waiting for actors to stop.
Called postfire()
Called prefire()
Called fire()
Checking for deadlock:
There are 3 Blocked actors, 0 Stopped actors, and 4 active threads.
Waiting for actors to stop.
Read input token from inputB with value 3.0
Checking for deadlock:
There are 2 Blocked actors, 0 Stopped actors, and 4 active threads.
Waiting for actors to stop.
-- Read input: 2.0, which is expected to match: 2.0
Called prefire()
Called fire()
Checking for deadlock:
There are 3 Blocked actors, 0 Stopped actors, and 4 active threads.
Waiting for actors to stop.
Sent output token with value 2.0
Next port to read input from is inputA
Called postfire()
Called prefire()
Called fire()
Checking for deadlock:
There are 2 Blocked actors, 0 Stopped actors, and 4 active threads.
Waiting for actors to stop.
Called postfire()
Called prefire()
Called fire()
Checking for deadlock:
There are 3 Blocked actors, 0 Stopped actors, and 4 active threads.
Waiting for actors to stop.
Read input token from inputA with value 3.0
Checking for deadlock:
There are 2 Blocked actors, 0 Stopped actors, and 4 active threads.
Waiting for actors to stop.
-- Read input: 3.0, which is expected to match: 3.0
Called prefire()
Called fire()
Checking for deadlock:
There are 3 Blocked actors, 0 Stopped actors, and 4 active threads.
Waiting for actors to stop.
Sent output token with value 3.0
Next port to read input from is inputB
Called postfire()
Called prefire()
Called fire()
Checking for deadlock:
There are 2 Blocked actors, 0 Stopped actors, and 4 active threads.
Waiting for actors to stop.
Called postfire()
Called prefire()
Called fire()
Checking for deadlock:
There are 3 Blocked actors, 0 Stopped actors, and 4 active threads.
Waiting for actors to stop.
Read input token from inputB with value 4.5
Checking for deadlock:
There are 2 Blocked actors, 0 Stopped actors, and 4 active threads.
Waiting for actors to stop.
-- Read input: 3.0, which is expected to match: 3.0
Called prefire()
Called fire()
Checking for deadlock:
There are 3 Blocked actors, 0 Stopped actors, and 4 active threads.
Waiting for actors to stop.
Sent output token with value 3.0
Next port to read input from is inputA
Called postfire()
Called prefire()
Called fire()
Checking for deadlock:
There are 2 Blocked actors, 0 Stopped actors, and 4 active threads.
Waiting for actors to stop.
Called postfire()
Called prefire()
Called fire()
Checking for deadlock:
There are 3 Blocked actors, 0 Stopped actors, and 4 active threads.
Waiting for actors to stop.
Read input token from inputA with value 4.0
Checking for deadlock:
There are 2 Blocked actors, 0 Stopped actors, and 4 active threads.
Waiting for actors to stop.
-- Read input: 4.0, which is expected to match: 4.0
Called prefire()
Called fire()
Past the end of training data. Read and discard all inputs.
Checking for deadlock:
There are 3 Blocked actors, 0 Stopped actors, and 4 active threads.
Waiting for actors to stop.
Sent output token with value 4.0
Next port to read input from is inputA
Called postfire()
Called prefire()
Called fire()
Checking for deadlock:
There are 2 Blocked actors, 0 Stopped actors, and 4 active threads.
Waiting for actors to stop.
Called postfire()
Called prefire()
Called fire()
Checking for deadlock:
There are 3 Blocked actors, 0 Stopped actors, and 4 active threads.
Waiting for actors to stop.
Read input token from inputA with value 5.0
Checking for deadlock:
There are 2 Blocked actors, 0 Stopped actors, and 4 active threads.
Waiting for actors to stop.
Called prefire()
Called fire()
Past the end of training data. Read and discard all inputs.
Checking for deadlock:
There are 3 Blocked actors, 0 Stopped actors, and 4 active threads.
Waiting for actors to stop.
Sent output token with value 4.5
Next port to read input from is inputB
Called postfire()
Called prefire()
Called fire()
Checking for deadlock:
There are 2 Blocked actors, 0 Stopped actors, and 4 active threads.
Waiting for actors to stop.
Called postfire()
Called prefire()
Called fire()
Checking for deadlock:
There are 3 Blocked actors, 0 Stopped actors, and 4 active threads.
Waiting for actors to stop.
Read input token from inputB with value 6.0
Checking for deadlock:
There are 2 Blocked actors, 0 Stopped actors, and 4 active threads.
Waiting for actors to stop.
Called prefire()
Called fire()
Past the end of training data. Read and discard all inputs.
Checking for deadlock:
There are 3 Blocked actors, 0 Stopped actors, and 4 active threads.
Waiting for actors to stop.
Sent output token with value 5.0
Next port to read input from is inputA
Called postfire()
Called prefire()
Called fire()
Checking for deadlock:
There are 2 Blocked actors, 0 Stopped actors, and 4 active threads.
Waiting for actors to stop.
Called postfire()
Called prefire()
Called fire()
Checking for deadlock:
There are 3 Blocked actors, 0 Stopped actors, and 4 active threads.
Waiting for actors to stop.
Read input token from inputA with value 6.0
Checking for deadlock:
There are 2 Blocked actors, 0 Stopped actors, and 4 active threads.
Waiting for actors to stop.
Called prefire()
Called fire()
Past the end of training data. Read and discard all inputs.
Checking for deadlock:
There are 3 Blocked actors, 0 Stopped actors, and 4 active threads.
Waiting for actors to stop.
Sent output token with value 6.0
Next port to read input from is inputB
Called postfire()
Called prefire()
Called fire()
Checking for deadlock:
There are 2 Blocked actors, 0 Stopped actors, and 4 active threads.
Waiting for actors to stop.
Called postfire()
Called prefire()
Called fire()
Checking for deadlock:
There are 3 Blocked actors, 0 Stopped actors, and 4 active threads.
Waiting for actors to stop.
Read input token from inputB with value 7.5
Checking for deadlock:
There are 2 Blocked actors, 0 Stopped actors, and 4 active threads.
Waiting for actors to stop.
Called prefire()
Called fire()
Past the end of training data. Read and discard all inputs.
Checking for deadlock:
There are 3 Blocked actors, 0 Stopped actors, and 4 active threads.
Waiting for actors to stop.
Sent output token with value 6.0
Next port to read input from is inputA
Called postfire()
Called prefire()
Called fire()
Checking for deadlock:
There are 2 Blocked actors, 0 Stopped actors, and 4 active threads.
Waiting for actors to stop.
Called postfire()
Called prefire()
Called fire()
Checking for deadlock:
There are 3 Blocked actors, 0 Stopped actors, and 4 active threads.
Waiting for actors to stop.
Read input token from inputA with value 7.0
Checking for deadlock:
There are 2 Blocked actors, 0 Stopped actors, and 4 active threads.
Waiting for actors to stop.
Called prefire()
Called fire()
Past the end of training data. Read and discard all inputs.
Checking for deadlock:
There are 3 Blocked actors, 0 Stopped actors, and 4 active threads.
Waiting for actors to stop.
Sent output token with value 7.0
Next port to read input from is inputA
Called postfire()
Called prefire()
Called fire()
Checking for deadlock:
There are 2 Blocked actors, 0 Stopped actors, and 4 active threads.
Waiting for actors to stop.
-- Thread wrapup() called.
Called wrapup()
Thread .top.Ramp is exiting.
Checking for deadlock:
There are 2 Blocked actors, 0 Stopped actors, and 3 active threads.
Waiting for actors to stop.
-- Thread stopped.
Read input token from inputA with value 8.0
Checking for deadlock:
There are 1 Blocked actors, 0 Stopped actors, and 3 active threads.
Waiting for actors to stop.
Called prefire()
Called fire()
Past the end of training data. Read and discard all inputs.
Checking for deadlock:
There are 2 Blocked actors, 0 Stopped actors, and 3 active threads.
Waiting for actors to stop.
Sent output token with value 7.5
Next port to read input from is inputB
Called postfire()
Called prefire()
Called fire()
Checking for deadlock:
There are 1 Blocked actors, 0 Stopped actors, and 3 active threads.
Waiting for actors to stop.
Called postfire()
Called prefire()
Called fire()
Checking for deadlock:
There are 2 Blocked actors, 0 Stopped actors, and 3 active threads.
Waiting for actors to stop.
Read input token from inputB with value 9.0
Checking for deadlock:
There are 1 Blocked actors, 0 Stopped actors, and 3 active threads.
Waiting for actors to stop.
Called prefire()
Called fire()
Past the end of training data. Read and discard all inputs.
Checking for deadlock:
There are 2 Blocked actors, 0 Stopped actors, and 3 active threads.
Waiting for actors to stop.
Sent output token with value 8.0
Next port to read input from is inputA
Called postfire()
Called prefire()
Called fire()
Read input token from inputA with value 9.0
Checking for deadlock:
There are 1 Blocked actors, 0 Stopped actors, and 3 active threads.
Waiting for actors to stop.
Called prefire()
Called fire()
Past the end of training data. Read and discard all inputs.
Checking for deadlock:
There are 2 Blocked actors, 0 Stopped actors, and 3 active threads.
Waiting for actors to stop.
Sent output token with value 9.0
Next port to read input from is inputB
Called postfire()
Called prefire()
Called fire()
Checking for deadlock:
There are 1 Blocked actors, 0 Stopped actors, and 3 active threads.
Waiting for actors to stop.
Called postfire()
Called prefire()
Called fire()
Checking for deadlock:
There are 2 Blocked actors, 0 Stopped actors, and 3 active threads.
Waiting for actors to stop.
Read input token from inputB with value 10.5
Checking for deadlock:
There are 1 Blocked actors, 0 Stopped actors, and 3 active threads.
Waiting for actors to stop.
Called prefire()
Called fire()
Past the end of training data. Read and discard all inputs.
Checking for deadlock:
There are 2 Blocked actors, 0 Stopped actors, and 3 active threads.
Waiting for actors to stop.
Sent output token with value 9.0
Next port to read input from is inputA
Called postfire()
Called prefire()
Called fire()
Checking for deadlock:
There are 3 Blocked actors, 0 Stopped actors, and 3 active threads.
Actors have stopped.
Checking for deadlock:
There are 3 Blocked actors, 0 Stopped actors, and 3 active threads.
Deadlock detected.
Resolving Deadlock
Checking for deadlock:
There are 3 Blocked actors, 0 Stopped actors, and 3 active threads.
Artificial Deadlock - increasing queue capacity.
increasing the capacity of receiver ptolemy.actor.TypedIOPort {.top.OrderedMerge.inputB} to 2
Director: Called postfire().
Called postfire().
_stopRequested = false
_stopFireRequested = false
Returning from postfire(): true
Called fire().
Checking for deadlock:
There are 2 Blocked actors, 0 Stopped actors, and 3 active threads.
Waiting for actors to stop.
-- Thread wrapup() called.
Called wrapup()
Thread .top.Ramp2 is exiting.
-- Thread stopped.
Checking for deadlock:
There are 2 Blocked actors, 0 Stopped actors, and 2 active threads.
Actors have stopped.
Checking for deadlock:
There are 2 Blocked actors, 0 Stopped actors, and 2 active threads.
Deadlock detected.
Resolving Deadlock
Checking for deadlock:
There are 2 Blocked actors, 0 Stopped actors, and 2 active threads.
Deadlock detected: no processes blocked on write, but some are blocked on read.
Called postfire().
_stopRequested = false
_stopFireRequested = false
Returning from postfire(): false
Finished deactivating branches.
Called wrapup().
-- Thread wrapup() called.
Called wrapup()
Thread .top.Test is exiting.
-- Thread stopped.
-- Blocked Receiver call threw TerminateProcessException.
-- Thread wrapup() called.
Called wrapup()
Thread .top.OrderedMerge is exiting.
-- Thread stopped.
-- Blocked Receiver call threw TerminateProcessException.
27 ms. Memory: 146944K Free: 87238K (59%)
/home/travis/build/icyphy/ptII/ptolemy/actor/lib/test/Publisher.tcl
23 ms. Memory: 146944K Free: 80414K (55%)
17 ms. Memory: 207872K Free: 194352K (93%)
2 ms. Memory: 207872K Free: 191997K (92%)
12 ms. Memory: 207872K Free: 189641K (91%)
3 ms. Memory: 207872K Free: 189641K (91%)
3 ms. Memory: 207872K Free: 187286K (90%)
3 ms. Memory: 207872K Free: 187286K (90%)
3 ms. Memory: 207872K Free: 187286K (90%)
1 ms. Memory: 207872K Free: 177867K (86%)
3 ms. Memory: 207872K Free: 173158K (83%)
2 ms. Memory: 207872K Free: 173158K (83%)
1 ms. Memory: 207872K Free: 170803K (82%)
7 ms. Memory: 207872K Free: 161384K (78%)
6 ms. Memory: 207872K Free: 151966K (73%)
6 ms. Memory: 207872K Free: 140192K (67%)
/home/travis/build/icyphy/ptII/ptolemy/actor/lib/test/Pulse.tcl
2 ms. Memory: 207872K Free: 97792K (47%)
2 ms. Memory: 207872K Free: 97792K (47%)
2 ms. Memory: 207872K Free: 97792K (47%)
2 ms. Memory: 207872K Free: 95437K (46%)
1 ms. Memory: 207872K Free: 95437K (46%)
3 ms. Memory: 207872K Free: 95437K (46%)
2 ms. Memory: 207872K Free: 93066K (45%)
2 ms. Memory: 207872K Free: 93066K (45%)
5 ms. Memory: 207872K Free: 93066K (45%)
/home/travis/build/icyphy/ptII/ptolemy/actor/lib/test/Ramp.tcl
4 ms. Memory: 207872K Free: 90712K (44%)
3 ms. Memory: 207872K Free: 90712K (44%)
3 ms. Memory: 207872K Free: 88357K (43%)
2 ms. Memory: 207872K Free: 88357K (43%)
6 ms. Memory: 207872K Free: 88357K (43%)
7 ms. Memory: 207872K Free: 85986K (41%)
11 ms. Memory: 207872K Free: 85986K (41%)
5 actors
6000 microseconds per iteration to create
13 ms. Memory: 207872K Free: 83632K (40%)
3 ms. Memory: 207872K Free: 81277K (39%)
4 ms. Memory: 207872K Free: 81277K (39%)
10 ms. Memory: 207872K Free: 81277K (39%)
50 actors
66000 microseconds per iteration to create
41 ms. Memory: 208896K Free: 186711K (89%)
5 ms. Memory: 208896K Free: 186711K (89%)
5 ms. Memory: 208896K Free: 184329K (88%)
5 ms. Memory: 208896K Free: 184329K (88%)
500 actors
1545000 microseconds per iteration to create
297 ms. Memory: 330240K Free: 256659K (78%)
47 ms. Memory: 330240K Free: 247050K (75%)
36 ms. Memory: 330240K Free: 242262K (73%)
32 ms. Memory: 330240K Free: 237474K (72%)
/home/travis/build/icyphy/ptII/ptolemy/actor/lib/test/RampContinuous.tcl
7 ms. Memory: 330240K Free: 237474K (72%)
/home/travis/build/icyphy/ptII/ptolemy/actor/lib/test/RecordAssembler.tcl
5 ms. Memory: 330240K Free: 237474K (72%)
3 ms. Memory: 330240K Free: 232669K (70%)
/home/travis/build/icyphy/ptII/ptolemy/actor/lib/test/RecordDisassembler.tcl
5 ms. Memory: 330240K Free: 232669K (70%)
3 ms. Memory: 330240K Free: 232669K (70%)
4 ms. Memory: 330240K Free: 232669K (70%)
/home/travis/build/icyphy/ptII/ptolemy/actor/lib/test/Scale.tcl
3 ms. Memory: 330240K Free: 227881K (69%)
1 ms. Memory: 330240K Free: 227881K (69%)
2 ms. Memory: 330240K Free: 227881K (69%)
2 ms. Memory: 330240K Free: 227881K (69%)
2 ms. Memory: 330240K Free: 227881K (69%)
/home/travis/build/icyphy/ptII/ptolemy/actor/lib/test/SequentialClock.tcl
preinitializing
resolving types
initializing
executing number 1
wrapping up
idle
2 ms. Memory: 330240K Free: 223093K (68%)
Completed execution with 5 iterations
preinitializing
resolving types
initializing
executing number 1
wrapping up
idle
1 ms. Memory: 330240K Free: 223093K (68%)
Completed execution with 5 iterations
preinitializing
resolving types
initializing
executing number 1
wrapping up
idle
1 ms. Memory: 330240K Free: 223093K (68%)
Completed execution with 5 iterations
/home/travis/build/icyphy/ptII/ptolemy/actor/lib/test/SetVariable.tcl
5 ms. Memory: 330240K Free: 223093K (68%)
/home/travis/build/icyphy/ptII/ptolemy/actor/lib/test/Sinewave.tcl
/home/travis/build/icyphy/ptII/ptolemy/actor/lib/test/SubscriptionAggregator.tcl
5 ms. Memory: 330240K Free: 208720K (63%)
3 ms. Memory: 330240K Free: 208720K (63%)
1 ms. Memory: 330240K Free: 208720K (63%)
1 ms. Memory: 330240K Free: 203931K (62%)
1 ms. Memory: 330240K Free: 203931K (62%)
7 ms. Memory: 330240K Free: 199127K (60%)
...............................................................1033 ms. Memory: 478720K Free: 221311K (46%)
/home/travis/build/icyphy/ptII/ptolemy/actor/lib/test/Test.tcl
 The next command will produce a warning about training mode,
   which may be ignored.
4 ms. Memory: 478720K Free: 221311K (46%)
2 ms. Memory: 478720K Free: 221311K (46%)
1 ms. Memory: 478720K Free: 221311K (46%)
2 ms. Memory: 478720K Free: 221311K (46%)
2 ms. Memory: 478720K Free: 221311K (46%)
3 ms. Memory: 478720K Free: 213587K (45%)
3 ms. Memory: 478720K Free: 213587K (45%)
 The next command will produce a warning about training mode,
   which may be ignored.
3 ms. Memory: 478720K Free: 213587K (45%)
 The next command will produce a warning about training mode,
   which may be ignored.
2 ms. Memory: 478720K Free: 213587K (45%)
1 ms. Memory: 478720K Free: 213587K (45%)
1 ms. Memory: 478720K Free: 213587K (45%)
1 ms. Memory: 478720K Free: 213587K (45%)
1 ms. Memory: 478720K Free: 213587K (45%)
3 ms. Memory: 478720K Free: 205878K (43%)
/home/travis/build/icyphy/ptII/ptolemy/actor/lib/test/TestExceptionHandler.tcl
 The next command will produce a warning about training mode,
   which may be ignored.
2 ms. Memory: 478720K Free: 205878K (43%)
0 ms. Memory: 478720K Free: 205878K (43%)
1 ms. Memory: 478720K Free: 205878K (43%)
/home/travis/build/icyphy/ptII/ptolemy/actor/lib/test/UnionDisassembler.tcl
14 ms. Memory: 478720K Free: 198170K (41%)
/home/travis/build/icyphy/ptII/ptolemy/actor/lib/test/VariableClock.tcl
preinitializing
resolving types
initializing
executing number 1
wrapping up
idle
3 ms. Memory: 478720K Free: 190454K (40%)
Completed execution with 11 iterations
preinitializing
resolving types
initializing
executing number 1
wrapping up
idle
3 ms. Memory: 478720K Free: 190454K (40%)
Completed execution with 10 iterations
08/02/18 01:42:38
Failed: 0  Total Tests: 234  ((Passed: 234, Newly Passed: 0)  Known Failed: 0) /home/travis/build/icyphy/ptII/ptolemy/actor/lib/test
----------------- testing (KnownFailure) /home/travis/build/icyphy/ptII/ptolemy/actor/lib/test/auto/knownFailedTests/PublisherPortToplevelSubscriber.xml
1 ms. Memory: 478720K Free: 182692K (38%)
Known Failure: java.lang.reflect.InvocationTargetException
----------------- testing (KnownFailure) /home/travis/build/icyphy/ptII/ptolemy/actor/lib/test/auto/knownFailedTests/PublisherSubscriberPortToplevel.xml
9 ms. Memory: 478720K Free: 167168K (35%)
Known Failure: java.lang.reflect.InvocationTargetException
----------------- testing (KnownFailure) /home/travis/build/icyphy/ptII/ptolemy/actor/lib/test/auto/knownFailedTests/PublisherSubscriptionAggregatorPort.xml
2 ms. Memory: 478720K Free: 151644K (32%)
Known Failure: java.lang.reflect.InvocationTargetException
----------------- testing (KnownFailure) /home/travis/build/icyphy/ptII/ptolemy/actor/lib/test/auto/knownFailedTests/sizedarray3.xml
4 ms. Memory: 478720K Free: 136120K (28%)
Known Failure: java.lang.reflect.InvocationTargetException
No auto/linux-amd64/*.xml tests in /home/travis/build/icyphy/ptII/ptolemy/actor/lib/test
AutoTests.java: About to close Vertx.
AutoTests.java: Vertx closed.

===========================================================================================
----------------- testing Thu Aug 02 01:42:39 UTC 2018 /home/travis/build/icyphy/ptII/ptolemy/actor/lib/test/auto/AbsoluteValue.xml
----------------- Instantiating /home/travis/build/icyphy/ptII/ptolemy/actor/lib/test/auto/AbsoluteValue.xml
5 ms. Memory: 478720K Free: 68536K (14%)
----------------- Invoking toplevel() on ptolemy.moml.MoMLSimpleApplication@cd138f1
----------------- Done invoking toplevel() on ptolemy.moml.MoMLSimpleApplication@cd138f1
reloadAllAccessors: .AbsoluteValue

===========================================================================================
----------------- testing Thu Aug 02 01:42:39 UTC 2018 /home/travis/build/icyphy/ptII/ptolemy/actor/lib/test/auto/AbsoluteValue2.xml
----------------- Instantiating /home/travis/build/icyphy/ptII/ptolemy/actor/lib/test/auto/AbsoluteValue2.xml
5 ms. Memory: 479744K Free: 422449K (88%)
----------------- Invoking toplevel() on ptolemy.moml.MoMLSimpleApplication@2062e324
----------------- Done invoking toplevel() on ptolemy.moml.MoMLSimpleApplication@2062e324
reloadAllAccessors: .AbsoluteValue2

===========================================================================================
----------------- testing Thu Aug 02 01:42:39 UTC 2018 /home/travis/build/icyphy/ptII/ptolemy/actor/lib/test/auto/Accumulator.xml
----------------- Instantiating /home/travis/build/icyphy/ptII/ptolemy/actor/lib/test/auto/Accumulator.xml
14 ms. Memory: 479744K Free: 414687K (86%)
----------------- Invoking toplevel() on ptolemy.moml.MoMLSimpleApplication@2c31f749
----------------- Done invoking toplevel() on ptolemy.moml.MoMLSimpleApplication@2c31f749
reloadAllAccessors: .Accumulator

===========================================================================================
----------------- testing Thu Aug 02 01:42:39 UTC 2018 /home/travis/build/icyphy/ptII/ptolemy/actor/lib/test/auto/Accumulator2.xml
----------------- Instantiating /home/travis/build/icyphy/ptII/ptolemy/actor/lib/test/auto/Accumulator2.xml
9 ms. Memory: 479744K Free: 406917K (85%)
----------------- Invoking toplevel() on ptolemy.moml.MoMLSimpleApplication@56dd00fb
----------------- Done invoking toplevel() on ptolemy.moml.MoMLSimpleApplication@56dd00fb
reloadAllAccessors: .Accumulator2

===========================================================================================
----------------- testing Thu Aug 02 01:42:39 UTC 2018 /home/travis/build/icyphy/ptII/ptolemy/actor/lib/test/auto/Accumulator3.xml
----------------- Instantiating /home/travis/build/icyphy/ptII/ptolemy/actor/lib/test/auto/Accumulator3.xml
8 ms. Memory: 479744K Free: 401662K (84%)
----------------- Invoking toplevel() on ptolemy.moml.MoMLSimpleApplication@27c8ab55
----------------- Done invoking toplevel() on ptolemy.moml.MoMLSimpleApplication@27c8ab55
reloadAllAccessors: .Accumulator3

===========================================================================================
----------------- testing Thu Aug 02 01:42:39 UTC 2018 /home/travis/build/icyphy/ptII/ptolemy/actor/lib/test/auto/ArrayAppend.xml
----------------- Instantiating /home/travis/build/icyphy/ptII/ptolemy/actor/lib/test/auto/ArrayAppend.xml
5 ms. Memory: 479744K Free: 386892K (81%)
----------------- Invoking toplevel() on ptolemy.moml.MoMLSimpleApplication@9a1c20a
----------------- Done invoking toplevel() on ptolemy.moml.MoMLSimpleApplication@9a1c20a
reloadAllAccessors: .ArrayAppend

===========================================================================================
----------------- testing Thu Aug 02 01:42:39 UTC 2018 /home/travis/build/icyphy/ptII/ptolemy/actor/lib/test/auto/ArrayAppend2.xml
----------------- Instantiating /home/travis/build/icyphy/ptII/ptolemy/actor/lib/test/auto/ArrayAppend2.xml
581 ms. Memory: 479744K Free: 301510K (63%)
----------------- Invoking toplevel() on ptolemy.moml.MoMLSimpleApplication@42d968
----------------- Done invoking toplevel() on ptolemy.moml.MoMLSimpleApplication@42d968
reloadAllAccessors: .ArrayAppend2

===========================================================================================
----------------- testing Thu Aug 02 01:42:40 UTC 2018 /home/travis/build/icyphy/ptII/ptolemy/actor/lib/test/auto/ArrayAppend3.xml
----------------- Instantiating /home/travis/build/icyphy/ptII/ptolemy/actor/lib/test/auto/ArrayAppend3.xml
5 ms. Memory: 479744K Free: 293732K (61%)
----------------- Invoking toplevel() on ptolemy.moml.MoMLSimpleApplication@2915de56
----------------- Done invoking toplevel() on ptolemy.moml.MoMLSimpleApplication@2915de56
reloadAllAccessors: .ArrayAppend3

===========================================================================================
----------------- testing Thu Aug 02 01:42:40 UTC 2018 /home/travis/build/icyphy/ptII/ptolemy/actor/lib/test/auto/ArrayAppend4.xml
----------------- Instantiating /home/travis/build/icyphy/ptII/ptolemy/actor/lib/test/auto/ArrayAppend4.xml
2 ms. Memory: 479744K Free: 278947K (58%)
----------------- Invoking toplevel() on ptolemy.moml.MoMLSimpleApplication@4ca8086b
----------------- Done invoking toplevel() on ptolemy.moml.MoMLSimpleApplication@4ca8086b
reloadAllAccessors: .ArrayAppend4

===========================================================================================
----------------- testing Thu Aug 02 01:42:40 UTC 2018 /home/travis/build/icyphy/ptII/ptolemy/actor/lib/test/auto/ArrayAppend5.xml
----------------- Instantiating /home/travis/build/icyphy/ptII/ptolemy/actor/lib/test/auto/ArrayAppend5.xml
2 ms. Memory: 479744K Free: 271185K (57%)
----------------- Invoking toplevel() on ptolemy.moml.MoMLSimpleApplication@9998691
----------------- Done invoking toplevel() on ptolemy.moml.MoMLSimpleApplication@9998691
reloadAllAccessors: .ArrayAppend5

===========================================================================================
----------------- testing Thu Aug 02 01:42:40 UTC 2018 /home/travis/build/icyphy/ptII/ptolemy/actor/lib/test/auto/ArrayAppend6.xml
----------------- Instantiating /home/travis/build/icyphy/ptII/ptolemy/actor/lib/test/auto/ArrayAppend6.xml
3 ms. Memory: 479744K Free: 263407K (55%)
----------------- Invoking toplevel() on ptolemy.moml.MoMLSimpleApplication@658727e6
----------------- Done invoking toplevel() on ptolemy.moml.MoMLSimpleApplication@658727e6
reloadAllAccessors: .ArrayAppend6

===========================================================================================
----------------- testing Thu Aug 02 01:42:40 UTC 2018 /home/travis/build/icyphy/ptII/ptolemy/actor/lib/test/auto/ArrayAppendPerformanceTest.xml
----------------- Instantiating /home/travis/build/icyphy/ptII/ptolemy/actor/lib/test/auto/ArrayAppendPerformanceTest.xml
17 ms. Memory: 479744K Free: 246034K (51%)
----------------- Invoking toplevel() on ptolemy.moml.MoMLSimpleApplication@5c97bc08
----------------- Done invoking toplevel() on ptolemy.moml.MoMLSimpleApplication@5c97bc08
reloadAllAccessors: .ArrayAppendPerformanceTest

===========================================================================================
----------------- testing Thu Aug 02 01:42:40 UTC 2018 /home/travis/build/icyphy/ptII/ptolemy/actor/lib/test/auto/ArrayAppendWithEmptyInput.xml
----------------- Instantiating /home/travis/build/icyphy/ptII/ptolemy/actor/lib/test/auto/ArrayAppendWithEmptyInput.xml
17 ms. Memory: 479744K Free: 235661K (49%)
----------------- Invoking toplevel() on ptolemy.moml.MoMLSimpleApplication@17873766
----------------- Done invoking toplevel() on ptolemy.moml.MoMLSimpleApplication@17873766
reloadAllAccessors: .ArrayAppendWithEmptyInput

===========================================================================================
----------------- testing Thu Aug 02 01:42:40 UTC 2018 /home/travis/build/icyphy/ptII/ptolemy/actor/lib/test/auto/ArrayAverage.xml
----------------- Instantiating /home/travis/build/icyphy/ptII/ptolemy/actor/lib/test/auto/ArrayAverage.xml
5 ms. Memory: 479744K Free: 225296K (47%)
----------------- Invoking toplevel() on ptolemy.moml.MoMLSimpleApplication@3b03d40d
----------------- Done invoking toplevel() on ptolemy.moml.MoMLSimpleApplication@3b03d40d
reloadAllAccessors: .ArrayAverage

===========================================================================================
----------------- testing Thu Aug 02 01:42:40 UTC 2018 /home/travis/build/icyphy/ptII/ptolemy/actor/lib/test/auto/ArrayContains.xml
----------------- Instantiating /home/travis/build/icyphy/ptII/ptolemy/actor/lib/test/auto/ArrayContains.xml
6 ms. Memory: 479744K Free: 210526K (44%)
----------------- Invoking toplevel() on ptolemy.moml.MoMLSimpleApplication@7002a7b6
----------------- Done invoking toplevel() on ptolemy.moml.MoMLSimpleApplication@7002a7b6
reloadAllAccessors: .ArrayContains

===========================================================================================
----------------- testing Thu Aug 02 01:42:40 UTC 2018 /home/travis/build/icyphy/ptII/ptolemy/actor/lib/test/auto/ArrayElement.xml
----------------- Instantiating /home/travis/build/icyphy/ptII/ptolemy/actor/lib/test/auto/ArrayElement.xml
5 ms. Memory: 479744K Free: 202748K (42%)
----------------- Invoking toplevel() on ptolemy.moml.MoMLSimpleApplication@5d20b7be
----------------- Done invoking toplevel() on ptolemy.moml.MoMLSimpleApplication@5d20b7be
reloadAllAccessors: .ArrayElement

===========================================================================================
----------------- testing Thu Aug 02 01:42:40 UTC 2018 /home/travis/build/icyphy/ptII/ptolemy/actor/lib/test/auto/ArrayElementAsMatrix.xml
----------------- Instantiating /home/travis/build/icyphy/ptII/ptolemy/actor/lib/test/auto/ArrayElementAsMatrix.xml
33 ms. Memory: 479744K Free: 192383K (40%)
----------------- Invoking toplevel() on ptolemy.moml.MoMLSimpleApplication@144a08e7
----------------- Done invoking toplevel() on ptolemy.moml.MoMLSimpleApplication@144a08e7
reloadAllAccessors: .ArrayElementAsMatrix

===========================================================================================
----------------- testing Thu Aug 02 01:42:40 UTC 2018 /home/travis/build/icyphy/ptII/ptolemy/actor/lib/test/auto/ArrayElementI.xml
----------------- Instantiating /home/travis/build/icyphy/ptII/ptolemy/actor/lib/test/auto/ArrayElementI.xml
4 ms. Memory: 479744K Free: 177598K (37%)
----------------- Invoking toplevel() on ptolemy.moml.MoMLSimpleApplication@52a72c8c
----------------- Done invoking toplevel() on ptolemy.moml.MoMLSimpleApplication@52a72c8c
reloadAllAccessors: .ArrayElementI

===========================================================================================
----------------- testing Thu Aug 02 01:42:40 UTC 2018 /home/travis/build/icyphy/ptII/ptolemy/actor/lib/test/auto/ArrayExtract.xml
----------------- Instantiating /home/travis/build/icyphy/ptII/ptolemy/actor/lib/test/auto/ArrayExtract.xml
5 ms. Memory: 479744K Free: 169828K (35%)
----------------- Invoking toplevel() on ptolemy.moml.MoMLSimpleApplication@1d29746e
----------------- Done invoking toplevel() on ptolemy.moml.MoMLSimpleApplication@1d29746e
reloadAllAccessors: .ArrayExtract

===========================================================================================
----------------- testing Thu Aug 02 01:42:41 UTC 2018 /home/travis/build/icyphy/ptII/ptolemy/actor/lib/test/auto/ArrayExtract2.xml
----------------- Instantiating /home/travis/build/icyphy/ptII/ptolemy/actor/lib/test/auto/ArrayExtract2.xml
2 ms. Memory: 479744K Free: 162050K (34%)
----------------- Invoking toplevel() on ptolemy.moml.MoMLSimpleApplication@37a92036
----------------- Done invoking toplevel() on ptolemy.moml.MoMLSimpleApplication@37a92036
reloadAllAccessors: .ArrayExtract2

===========================================================================================
----------------- testing Thu Aug 02 01:42:41 UTC 2018 /home/travis/build/icyphy/ptII/ptolemy/actor/lib/test/auto/ArrayLength.xml
----------------- Instantiating /home/travis/build/icyphy/ptII/ptolemy/actor/lib/test/auto/ArrayLength.xml
2 ms. Memory: 479744K Free: 156875K (33%)
----------------- Invoking toplevel() on ptolemy.moml.MoMLSimpleApplication@685214f8
----------------- Done invoking toplevel() on ptolemy.moml.MoMLSimpleApplication@685214f8
reloadAllAccessors: .ArrayLength

===========================================================================================
----------------- testing Thu Aug 02 01:42:41 UTC 2018 /home/travis/build/icyphy/ptII/ptolemy/actor/lib/test/auto/ArrayLevelCrossing.xml
----------------- Instantiating /home/travis/build/icyphy/ptII/ptolemy/actor/lib/test/auto/ArrayLevelCrossing.xml
9 ms. Memory: 479744K Free: 139486K (29%)
----------------- Invoking toplevel() on ptolemy.moml.MoMLSimpleApplication@54cec195
----------------- Done invoking toplevel() on ptolemy.moml.MoMLSimpleApplication@54cec195
reloadAllAccessors: .ArrayLevelCrossing

===========================================================================================
----------------- testing Thu Aug 02 01:42:41 UTC 2018 /home/travis/build/icyphy/ptII/ptolemy/actor/lib/test/auto/ArrayLevelCrossing2.xml
----------------- Instantiating /home/travis/build/icyphy/ptII/ptolemy/actor/lib/test/auto/ArrayLevelCrossing2.xml
3 ms. Memory: 479744K Free: 131724K (27%)
----------------- Invoking toplevel() on ptolemy.moml.MoMLSimpleApplication@5801e5ad
----------------- Done invoking toplevel() on ptolemy.moml.MoMLSimpleApplication@5801e5ad
reloadAllAccessors: .ArrayLevelCrossing2

===========================================================================================
----------------- testing Thu Aug 02 01:42:41 UTC 2018 /home/travis/build/icyphy/ptII/ptolemy/actor/lib/test/auto/ArrayPeakSearch.xml
----------------- Instantiating /home/travis/build/icyphy/ptII/ptolemy/actor/lib/test/auto/ArrayPeakSearch.xml
13 ms. Memory: 479744K Free: 121358K (25%)
----------------- Invoking toplevel() on ptolemy.moml.MoMLSimpleApplication@2c3148ae
----------------- Done invoking toplevel() on ptolemy.moml.MoMLSimpleApplication@2c3148ae
reloadAllAccessors: .ArrayPeakSearch

===========================================================================================
----------------- testing Thu Aug 02 01:42:41 UTC 2018 /home/travis/build/icyphy/ptII/ptolemy/actor/lib/test/auto/ArrayPeakSearch2.xml
----------------- Instantiating /home/travis/build/icyphy/ptII/ptolemy/actor/lib/test/auto/ArrayPeakSearch2.xml
8 ms. Memory: 479744K Free: 101398K (21%)
----------------- Invoking toplevel() on ptolemy.moml.MoMLSimpleApplication@2418dc6f
----------------- Done invoking toplevel() on ptolemy.moml.MoMLSimpleApplication@2418dc6f
reloadAllAccessors: .ArrayPeakSearch2

===========================================================================================
----------------- testing Thu Aug 02 01:42:41 UTC 2018 /home/travis/build/icyphy/ptII/ptolemy/actor/lib/test/auto/ArrayPeakSearch3.xml
----------------- Instantiating /home/travis/build/icyphy/ptII/ptolemy/actor/lib/test/auto/ArrayPeakSearch3.xml
6 ms. Memory: 479744K Free: 91041K (19%)
----------------- Invoking toplevel() on ptolemy.moml.MoMLSimpleApplication@66c351c
----------------- Done invoking toplevel() on ptolemy.moml.MoMLSimpleApplication@66c351c
reloadAllAccessors: .ArrayPeakSearch3

===========================================================================================
----------------- testing Thu Aug 02 01:42:41 UTC 2018 /home/travis/build/icyphy/ptII/ptolemy/actor/lib/test/auto/ArrayRemoveElement.xml
----------------- Instantiating /home/travis/build/icyphy/ptII/ptolemy/actor/lib/test/auto/ArrayRemoveElement.xml
3 ms. Memory: 479744K Free: 80676K (17%)
----------------- Invoking toplevel() on ptolemy.moml.MoMLSimpleApplication@4c543c81
----------------- Done invoking toplevel() on ptolemy.moml.MoMLSimpleApplication@4c543c81
reloadAllAccessors: .ArrayRemoveElement

===========================================================================================
----------------- testing Thu Aug 02 01:42:41 UTC 2018 /home/travis/build/icyphy/ptII/ptolemy/actor/lib/test/auto/ArraySort.xml
----------------- Instantiating /home/travis/build/icyphy/ptII/ptolemy/actor/lib/test/auto/ArraySort.xml
4 ms. Memory: 479744K Free: 63319K (13%)
----------------- Invoking toplevel() on ptolemy.moml.MoMLSimpleApplication@3338c5ed
----------------- Done invoking toplevel() on ptolemy.moml.MoMLSimpleApplication@3338c5ed
reloadAllAccessors: .ArraySort

===========================================================================================
----------------- testing Thu Aug 02 01:42:41 UTC 2018 /home/travis/build/icyphy/ptII/ptolemy/actor/lib/test/auto/ArraySum.xml
----------------- Instantiating /home/travis/build/icyphy/ptII/ptolemy/actor/lib/test/auto/ArraySum.xml
3 ms. Memory: 479744K Free: 55541K (12%)
----------------- Invoking toplevel() on ptolemy.moml.MoMLSimpleApplication@4265b5e5
----------------- Done invoking toplevel() on ptolemy.moml.MoMLSimpleApplication@4265b5e5
reloadAllAccessors: .ArraySum

===========================================================================================
----------------- testing Thu Aug 02 01:42:41 UTC 2018 /home/travis/build/icyphy/ptII/ptolemy/actor/lib/test/auto/ArrayToElements.xml
----------------- Instantiating /home/travis/build/icyphy/ptII/ptolemy/actor/lib/test/auto/ArrayToElements.xml
4 ms. Memory: 718848K Free: 672863K (94%)
----------------- Invoking toplevel() on ptolemy.moml.MoMLSimpleApplication@f85da3
----------------- Done invoking toplevel() on ptolemy.moml.MoMLSimpleApplication@f85da3
reloadAllAccessors: .ArrayToElements

===========================================================================================
----------------- testing Thu Aug 02 01:42:41 UTC 2018 /home/travis/build/icyphy/ptII/ptolemy/actor/lib/test/auto/ArrayToMatrix.xml
----------------- Instantiating /home/travis/build/icyphy/ptII/ptolemy/actor/lib/test/auto/ArrayToMatrix.xml
6 ms. Memory: 718848K Free: 644152K (90%)
----------------- Invoking toplevel() on ptolemy.moml.MoMLSimpleApplication@4253c14b
----------------- Done invoking toplevel() on ptolemy.moml.MoMLSimpleApplication@4253c14b
reloadAllAccessors: .ArrayToMatrix

===========================================================================================
----------------- testing Thu Aug 02 01:42:41 UTC 2018 /home/travis/build/icyphy/ptII/ptolemy/actor/lib/test/auto/ArrayUpdate1.xml
----------------- Instantiating /home/travis/build/icyphy/ptII/ptolemy/actor/lib/test/auto/ArrayUpdate1.xml
3 ms. Memory: 718848K Free: 635878K (88%)
----------------- Invoking toplevel() on ptolemy.moml.MoMLSimpleApplication@7ae4f809
----------------- Done invoking toplevel() on ptolemy.moml.MoMLSimpleApplication@7ae4f809
reloadAllAccessors: .ArrayUpdate1

===========================================================================================
----------------- testing Thu Aug 02 01:42:41 UTC 2018 /home/travis/build/icyphy/ptII/ptolemy/actor/lib/test/auto/ArrayUpdate2.xml
----------------- Instantiating /home/travis/build/icyphy/ptII/ptolemy/actor/lib/test/auto/ArrayUpdate2.xml
8 ms. Memory: 718848K Free: 627604K (87%)
----------------- Invoking toplevel() on ptolemy.moml.MoMLSimpleApplication@110df58
----------------- Done invoking toplevel() on ptolemy.moml.MoMLSimpleApplication@110df58
reloadAllAccessors: .ArrayUpdate2

===========================================================================================
----------------- testing Thu Aug 02 01:42:41 UTC 2018 /home/travis/build/icyphy/ptII/ptolemy/actor/lib/test/auto/ArrayUpdate3.xml
----------------- Instantiating /home/travis/build/icyphy/ptII/ptolemy/actor/lib/test/auto/ArrayUpdate3.xml
2 ms. Memory: 718848K Free: 611420K (85%)
----------------- Invoking toplevel() on ptolemy.moml.MoMLSimpleApplication@4493ac2a
----------------- Done invoking toplevel() on ptolemy.moml.MoMLSimpleApplication@4493ac2a
reloadAllAccessors: .ArrayUpdate3

===========================================================================================
----------------- testing Thu Aug 02 01:42:41 UTC 2018 /home/travis/build/icyphy/ptII/ptolemy/actor/lib/test/auto/Assert1.xml
----------------- Instantiating /home/travis/build/icyphy/ptII/ptolemy/actor/lib/test/auto/Assert1.xml
2 ms. Memory: 718848K Free: 603146K (84%)
----------------- Invoking toplevel() on ptolemy.moml.MoMLSimpleApplication@211b0eb8
----------------- Done invoking toplevel() on ptolemy.moml.MoMLSimpleApplication@211b0eb8
reloadAllAccessors: .Assert1

===========================================================================================
----------------- testing Thu Aug 02 01:42:41 UTC 2018 /home/travis/build/icyphy/ptII/ptolemy/actor/lib/test/auto/Assert2.xml
----------------- Instantiating /home/travis/build/icyphy/ptII/ptolemy/actor/lib/test/auto/Assert2.xml
6 ms. Memory: 718848K Free: 594872K (83%)
----------------- Invoking toplevel() on ptolemy.moml.MoMLSimpleApplication@2ed9f47d
----------------- Done invoking toplevel() on ptolemy.moml.MoMLSimpleApplication@2ed9f47d
reloadAllAccessors: .Assert2

===========================================================================================
----------------- testing Thu Aug 02 01:42:41 UTC 2018 /home/travis/build/icyphy/ptII/ptolemy/actor/lib/test/auto/BooleanMultiplexor.xml
----------------- Instantiating /home/travis/build/icyphy/ptII/ptolemy/actor/lib/test/auto/BooleanMultiplexor.xml
2 ms. Memory: 718848K Free: 586598K (82%)
----------------- Invoking toplevel() on ptolemy.moml.MoMLSimpleApplication@1c24fb38
----------------- Done invoking toplevel() on ptolemy.moml.MoMLSimpleApplication@1c24fb38
reloadAllAccessors: .BooleanMultiplexor

===========================================================================================
----------------- testing Thu Aug 02 01:42:41 UTC 2018 /home/travis/build/icyphy/ptII/ptolemy/actor/lib/test/auto/BooleanMultiplexor2.xml
----------------- Instantiating /home/travis/build/icyphy/ptII/ptolemy/actor/lib/test/auto/BooleanMultiplexor2.xml
11 ms. Memory: 718848K Free: 566261K (79%)
----------------- Invoking toplevel() on ptolemy.moml.MoMLSimpleApplication@25d11494
----------------- Done invoking toplevel() on ptolemy.moml.MoMLSimpleApplication@25d11494
reloadAllAccessors: .BooleanMultiplexor2

===========================================================================================
----------------- testing Thu Aug 02 01:42:41 UTC 2018 /home/travis/build/icyphy/ptII/ptolemy/actor/lib/test/auto/BooleanMultiplexor3.xml
----------------- Instantiating /home/travis/build/icyphy/ptII/ptolemy/actor/lib/test/auto/BooleanMultiplexor3.xml
4 ms. Memory: 718848K Free: 557987K (78%)
----------------- Invoking toplevel() on ptolemy.moml.MoMLSimpleApplication@28e47bf7
----------------- Done invoking toplevel() on ptolemy.moml.MoMLSimpleApplication@28e47bf7
reloadAllAccessors: .BooleanMultiplexor3

===========================================================================================
----------------- testing Thu Aug 02 01:42:41 UTC 2018 /home/travis/build/icyphy/ptII/ptolemy/actor/lib/test/auto/BooleanSelect.xml
----------------- Instantiating /home/travis/build/icyphy/ptII/ptolemy/actor/lib/test/auto/BooleanSelect.xml
3 ms. Memory: 718848K Free: 549713K (76%)
----------------- Invoking toplevel() on ptolemy.moml.MoMLSimpleApplication@51e8cebd
----------------- Done invoking toplevel() on ptolemy.moml.MoMLSimpleApplication@51e8cebd
reloadAllAccessors: .BooleanSelect

===========================================================================================
----------------- testing Thu Aug 02 01:42:41 UTC 2018 /home/travis/build/icyphy/ptII/ptolemy/actor/lib/test/auto/BooleanSelect2.xml
----------------- Instantiating /home/travis/build/icyphy/ptII/ptolemy/actor/lib/test/auto/BooleanSelect2.xml
2 ms. Memory: 718848K Free: 533529K (74%)
----------------- Invoking toplevel() on ptolemy.moml.MoMLSimpleApplication@20817c93
----------------- Done invoking toplevel() on ptolemy.moml.MoMLSimpleApplication@20817c93
reloadAllAccessors: .BooleanSelect2

===========================================================================================
----------------- testing Thu Aug 02 01:42:41 UTC 2018 /home/travis/build/icyphy/ptII/ptolemy/actor/lib/test/auto/BooleanSwitch.xml
----------------- Instantiating /home/travis/build/icyphy/ptII/ptolemy/actor/lib/test/auto/BooleanSwitch.xml
4 ms. Memory: 718848K Free: 525255K (73%)
----------------- Invoking toplevel() on ptolemy.moml.MoMLSimpleApplication@544f7ece
----------------- Done invoking toplevel() on ptolemy.moml.MoMLSimpleApplication@544f7ece
reloadAllAccessors: .BooleanSwitch

===========================================================================================
----------------- testing Thu Aug 02 01:42:41 UTC 2018 /home/travis/build/icyphy/ptII/ptolemy/actor/lib/test/auto/BooleanSwitch2.xml
----------------- Instantiating /home/travis/build/icyphy/ptII/ptolemy/actor/lib/test/auto/BooleanSwitch2.xml
1 ms. Memory: 718848K Free: 516981K (72%)
----------------- Invoking toplevel() on ptolemy.moml.MoMLSimpleApplication@51e91f25
----------------- Done invoking toplevel() on ptolemy.moml.MoMLSimpleApplication@51e91f25
reloadAllAccessors: .BooleanSwitch2

===========================================================================================
----------------- testing Thu Aug 02 01:42:41 UTC 2018 /home/travis/build/icyphy/ptII/ptolemy/actor/lib/test/auto/BooleanSwitchCloningBugWithClassRelationGroup.xml
----------------- Instantiating /home/travis/build/icyphy/ptII/ptolemy/actor/lib/test/auto/BooleanSwitchCloningBugWithClassRelationGroup.xml
6 ms. Memory: 718848K Free: 504554K (70%)
----------------- Invoking toplevel() on ptolemy.moml.MoMLSimpleApplication@6703b9b2
----------------- Done invoking toplevel() on ptolemy.moml.MoMLSimpleApplication@6703b9b2
reloadAllAccessors: .BooleanSwitchCloningBugWithClassRelationGroup

===========================================================================================
----------------- testing Thu Aug 02 01:42:41 UTC 2018 /home/travis/build/icyphy/ptII/ptolemy/actor/lib/test/auto/BusActors.xml
----------------- Instantiating /home/travis/build/icyphy/ptII/ptolemy/actor/lib/test/auto/BusActors.xml
4 ms. Memory: 718848K Free: 484217K (67%)
----------------- Invoking toplevel() on ptolemy.moml.MoMLSimpleApplication@d764631
----------------- Done invoking toplevel() on ptolemy.moml.MoMLSimpleApplication@d764631
reloadAllAccessors: .BusActors

===========================================================================================
----------------- testing Thu Aug 02 01:42:42 UTC 2018 /home/travis/build/icyphy/ptII/ptolemy/actor/lib/test/auto/ClassWrapper.xml
----------------- Instantiating /home/travis/build/icyphy/ptII/ptolemy/actor/lib/test/auto/ClassWrapper.xml
3 ms. Memory: 718848K Free: 475943K (66%)
----------------- Invoking toplevel() on ptolemy.moml.MoMLSimpleApplication@fe51eed
----------------- Done invoking toplevel() on ptolemy.moml.MoMLSimpleApplication@fe51eed
reloadAllAccessors: .ClassWrapper

===========================================================================================
----------------- testing Thu Aug 02 01:42:42 UTC 2018 /home/travis/build/icyphy/ptII/ptolemy/actor/lib/test/auto/Clock.xml
----------------- Instantiating /home/travis/build/icyphy/ptII/ptolemy/actor/lib/test/auto/Clock.xml
1 ms. Memory: 718848K Free: 467669K (65%)
----------------- Invoking toplevel() on ptolemy.moml.MoMLSimpleApplication@2a755ac3
----------------- Done invoking toplevel() on ptolemy.moml.MoMLSimpleApplication@2a755ac3
reloadAllAccessors: .Clock

===========================================================================================
----------------- testing Thu Aug 02 01:42:42 UTC 2018 /home/travis/build/icyphy/ptII/ptolemy/actor/lib/test/auto/Clock10.xml
----------------- Instantiating /home/travis/build/icyphy/ptII/ptolemy/actor/lib/test/auto/Clock10.xml
3 ms. Memory: 718848K Free: 451485K (63%)
----------------- Invoking toplevel() on ptolemy.moml.MoMLSimpleApplication@455bfa33
----------------- Done invoking toplevel() on ptolemy.moml.MoMLSimpleApplication@455bfa33
reloadAllAccessors: .Clock10

===========================================================================================
----------------- testing Thu Aug 02 01:42:42 UTC 2018 /home/travis/build/icyphy/ptII/ptolemy/actor/lib/test/auto/Clock11.xml
----------------- Instantiating /home/travis/build/icyphy/ptII/ptolemy/actor/lib/test/auto/Clock11.xml
3 ms. Memory: 718848K Free: 443211K (62%)
----------------- Invoking toplevel() on ptolemy.moml.MoMLSimpleApplication@3bae59c6
----------------- Done invoking toplevel() on ptolemy.moml.MoMLSimpleApplication@3bae59c6
reloadAllAccessors: .Clock11

===========================================================================================
----------------- testing Thu Aug 02 01:42:42 UTC 2018 /home/travis/build/icyphy/ptII/ptolemy/actor/lib/test/auto/Clock12.xml
----------------- Instantiating /home/travis/build/icyphy/ptII/ptolemy/actor/lib/test/auto/Clock12.xml
2 ms. Memory: 718848K Free: 434937K (61%)
----------------- Invoking toplevel() on ptolemy.moml.MoMLSimpleApplication@69d06774
----------------- Done invoking toplevel() on ptolemy.moml.MoMLSimpleApplication@69d06774
reloadAllAccessors: .Clock12

===========================================================================================
----------------- testing Thu Aug 02 01:42:42 UTC 2018 /home/travis/build/icyphy/ptII/ptolemy/actor/lib/test/auto/Clock13.xml
----------------- Instantiating /home/travis/build/icyphy/ptII/ptolemy/actor/lib/test/auto/Clock13.xml
2 ms. Memory: 718848K Free: 426663K (59%)
----------------- Invoking toplevel() on ptolemy.moml.MoMLSimpleApplication@1e9f282
----------------- Done invoking toplevel() on ptolemy.moml.MoMLSimpleApplication@1e9f282
reloadAllAccessors: .Clock13

===========================================================================================
----------------- testing Thu Aug 02 01:42:42 UTC 2018 /home/travis/build/icyphy/ptII/ptolemy/actor/lib/test/auto/Clock14.xml
----------------- Instantiating /home/travis/build/icyphy/ptII/ptolemy/actor/lib/test/auto/Clock14.xml
5 ms. Memory: 718848K Free: 410479K (57%)
----------------- Invoking toplevel() on ptolemy.moml.MoMLSimpleApplication@5be772d3
----------------- Done invoking toplevel() on ptolemy.moml.MoMLSimpleApplication@5be772d3
reloadAllAccessors: .Clock14

===========================================================================================
----------------- testing Thu Aug 02 01:42:42 UTC 2018 /home/travis/build/icyphy/ptII/ptolemy/actor/lib/test/auto/Clock15.xml
----------------- Instantiating /home/travis/build/icyphy/ptII/ptolemy/actor/lib/test/auto/Clock15.xml
4 ms. Memory: 718848K Free: 402205K (56%)
----------------- Invoking toplevel() on ptolemy.moml.MoMLSimpleApplication@36257e3a
----------------- Done invoking toplevel() on ptolemy.moml.MoMLSimpleApplication@36257e3a
reloadAllAccessors: .Clock15

===========================================================================================
----------------- testing Thu Aug 02 01:42:42 UTC 2018 /home/travis/build/icyphy/ptII/ptolemy/actor/lib/test/auto/Clock16.xml
----------------- Instantiating /home/travis/build/icyphy/ptII/ptolemy/actor/lib/test/auto/Clock16.xml
19 ms. Memory: 718848K Free: 385641K (54%)
----------------- Invoking toplevel() on ptolemy.moml.MoMLSimpleApplication@7b18eaa8
----------------- Done invoking toplevel() on ptolemy.moml.MoMLSimpleApplication@7b18eaa8
reloadAllAccessors: .Clock16

===========================================================================================
----------------- testing Thu Aug 02 01:42:42 UTC 2018 /home/travis/build/icyphy/ptII/ptolemy/actor/lib/test/auto/Clock17.xml
----------------- Instantiating /home/travis/build/icyphy/ptII/ptolemy/actor/lib/test/auto/Clock17.xml
28 ms. Memory: 718848K Free: 361175K (50%)
----------------- Invoking toplevel() on ptolemy.moml.MoMLSimpleApplication@64a14dc
----------------- Done invoking toplevel() on ptolemy.moml.MoMLSimpleApplication@64a14dc
reloadAllAccessors: .Clock17

===========================================================================================
----------------- testing Thu Aug 02 01:42:42 UTC 2018 /home/travis/build/icyphy/ptII/ptolemy/actor/lib/test/auto/Clock18.xml
----------------- Instantiating /home/travis/build/icyphy/ptII/ptolemy/actor/lib/test/auto/Clock18.xml
27 ms. Memory: 718848K Free: 344595K (48%)
----------------- Invoking toplevel() on ptolemy.moml.MoMLSimpleApplication@1b50c91d
----------------- Done invoking toplevel() on ptolemy.moml.MoMLSimpleApplication@1b50c91d
reloadAllAccessors: .Clock18

===========================================================================================
----------------- testing Thu Aug 02 01:42:42 UTC 2018 /home/travis/build/icyphy/ptII/ptolemy/actor/lib/test/auto/Clock19.xml
----------------- Instantiating /home/travis/build/icyphy/ptII/ptolemy/actor/lib/test/auto/Clock19.xml
10 ms. Memory: 718848K Free: 328031K (46%)
----------------- Invoking toplevel() on ptolemy.moml.MoMLSimpleApplication@5c7bf469
----------------- Done invoking toplevel() on ptolemy.moml.MoMLSimpleApplication@5c7bf469
reloadAllAccessors: .Clock19

===========================================================================================
----------------- testing Thu Aug 02 01:42:42 UTC 2018 /home/travis/build/icyphy/ptII/ptolemy/actor/lib/test/auto/Clock2.xml
----------------- Instantiating /home/travis/build/icyphy/ptII/ptolemy/actor/lib/test/auto/Clock2.xml
3 ms. Memory: 718848K Free: 319757K (44%)
----------------- Invoking toplevel() on ptolemy.moml.MoMLSimpleApplication@71315180
----------------- Done invoking toplevel() on ptolemy.moml.MoMLSimpleApplication@71315180
reloadAllAccessors: .Clock2

===========================================================================================
----------------- testing Thu Aug 02 01:42:42 UTC 2018 /home/travis/build/icyphy/ptII/ptolemy/actor/lib/test/auto/Clock20.xml
----------------- Instantiating /home/travis/build/icyphy/ptII/ptolemy/actor/lib/test/auto/Clock20.xml
13 ms. Memory: 718848K Free: 303573K (42%)
----------------- Invoking toplevel() on ptolemy.moml.MoMLSimpleApplication@7acac30
----------------- Done invoking toplevel() on ptolemy.moml.MoMLSimpleApplication@7acac30
reloadAllAccessors: .Clock20

===========================================================================================
----------------- testing Thu Aug 02 01:42:42 UTC 2018 /home/travis/build/icyphy/ptII/ptolemy/actor/lib/test/auto/Clock21.xml
----------------- Instantiating /home/travis/build/icyphy/ptII/ptolemy/actor/lib/test/auto/Clock21.xml
8 ms. Memory: 718848K Free: 295299K (41%)
----------------- Invoking toplevel() on ptolemy.moml.MoMLSimpleApplication@5bd6fe53
----------------- Done invoking toplevel() on ptolemy.moml.MoMLSimpleApplication@5bd6fe53
reloadAllAccessors: .Clock21

===========================================================================================
----------------- testing Thu Aug 02 01:42:42 UTC 2018 /home/travis/build/icyphy/ptII/ptolemy/actor/lib/test/auto/Clock22.xml
----------------- Instantiating /home/travis/build/icyphy/ptII/ptolemy/actor/lib/test/auto/Clock22.xml
5 ms. Memory: 718848K Free: 287025K (40%)
----------------- Invoking toplevel() on ptolemy.moml.MoMLSimpleApplication@7a0ac32c
----------------- Done invoking toplevel() on ptolemy.moml.MoMLSimpleApplication@7a0ac32c
reloadAllAccessors: .Clock22

===========================================================================================
----------------- testing Thu Aug 02 01:42:42 UTC 2018 /home/travis/build/icyphy/ptII/ptolemy/actor/lib/test/auto/Clock23.xml
----------------- Instantiating /home/travis/build/icyphy/ptII/ptolemy/actor/lib/test/auto/Clock23.xml
2 ms. Memory: 718848K Free: 270841K (38%)
----------------- Invoking toplevel() on ptolemy.moml.MoMLSimpleApplication@5609ed1e
----------------- Done invoking toplevel() on ptolemy.moml.MoMLSimpleApplication@5609ed1e
reloadAllAccessors: .Clock23

===========================================================================================
----------------- testing Thu Aug 02 01:42:42 UTC 2018 /home/travis/build/icyphy/ptII/ptolemy/actor/lib/test/auto/Clock24.xml
----------------- Instantiating /home/travis/build/icyphy/ptII/ptolemy/actor/lib/test/auto/Clock24.xml
7 ms. Memory: 718848K Free: 262567K (37%)
----------------- Invoking toplevel() on ptolemy.moml.MoMLSimpleApplication@36712d97
----------------- Done invoking toplevel() on ptolemy.moml.MoMLSimpleApplication@36712d97
reloadAllAccessors: .Clock24

===========================================================================================
----------------- testing Thu Aug 02 01:42:42 UTC 2018 /home/travis/build/icyphy/ptII/ptolemy/actor/lib/test/auto/Clock4.xml
----------------- Instantiating /home/travis/build/icyphy/ptII/ptolemy/actor/lib/test/auto/Clock4.xml
3 ms. Memory: 718848K Free: 254293K (35%)
----------------- Invoking toplevel() on ptolemy.moml.MoMLSimpleApplication@21a2bdab
----------------- Done invoking toplevel() on ptolemy.moml.MoMLSimpleApplication@21a2bdab
reloadAllAccessors: .Clock4

===========================================================================================
----------------- testing Thu Aug 02 01:42:42 UTC 2018 /home/travis/build/icyphy/ptII/ptolemy/actor/lib/test/auto/Clock5.xml
----------------- Instantiating /home/travis/build/icyphy/ptII/ptolemy/actor/lib/test/auto/Clock5.xml
2 ms. Memory: 718848K Free: 246019K (34%)
----------------- Invoking toplevel() on ptolemy.moml.MoMLSimpleApplication@2760393c
----------------- Done invoking toplevel() on ptolemy.moml.MoMLSimpleApplication@2760393c
reloadAllAccessors: .Clock5

===========================================================================================
----------------- testing Thu Aug 02 01:42:42 UTC 2018 /home/travis/build/icyphy/ptII/ptolemy/actor/lib/test/auto/Clock6.xml
----------------- Instantiating /home/travis/build/icyphy/ptII/ptolemy/actor/lib/test/auto/Clock6.xml
2 ms. Memory: 718848K Free: 229835K (32%)
----------------- Invoking toplevel() on ptolemy.moml.MoMLSimpleApplication@e9f06ea
----------------- Done invoking toplevel() on ptolemy.moml.MoMLSimpleApplication@e9f06ea
reloadAllAccessors: .Clock6

===========================================================================================
----------------- testing Thu Aug 02 01:42:42 UTC 2018 /home/travis/build/icyphy/ptII/ptolemy/actor/lib/test/auto/Clock7.xml
----------------- Instantiating /home/travis/build/icyphy/ptII/ptolemy/actor/lib/test/auto/Clock7.xml
4 ms. Memory: 718848K Free: 221561K (31%)
----------------- Invoking toplevel() on ptolemy.moml.MoMLSimpleApplication@97ab5cb
----------------- Done invoking toplevel() on ptolemy.moml.MoMLSimpleApplication@97ab5cb
reloadAllAccessors: .Clock7

===========================================================================================
----------------- testing Thu Aug 02 01:42:42 UTC 2018 /home/travis/build/icyphy/ptII/ptolemy/actor/lib/test/auto/Clock8.xml
----------------- Instantiating /home/travis/build/icyphy/ptII/ptolemy/actor/lib/test/auto/Clock8.xml
9 ms. Memory: 718848K Free: 213287K (30%)
----------------- Invoking toplevel() on ptolemy.moml.MoMLSimpleApplication@8c3e208
----------------- Done invoking toplevel() on ptolemy.moml.MoMLSimpleApplication@8c3e208
reloadAllAccessors: .Clock8

===========================================================================================
----------------- testing Thu Aug 02 01:42:42 UTC 2018 /home/travis/build/icyphy/ptII/ptolemy/actor/lib/test/auto/Clock9.xml
----------------- Instantiating /home/travis/build/icyphy/ptII/ptolemy/actor/lib/test/auto/Clock9.xml
8 ms. Memory: 718848K Free: 197103K (27%)
----------------- Invoking toplevel() on ptolemy.moml.MoMLSimpleApplication@7683ec0e
----------------- Done invoking toplevel() on ptolemy.moml.MoMLSimpleApplication@7683ec0e
reloadAllAccessors: .Clock9

===========================================================================================
----------------- testing Thu Aug 02 01:42:42 UTC 2018 /home/travis/build/icyphy/ptII/ptolemy/actor/lib/test/auto/CommDistDiscard.xml
----------------- Instantiating /home/travis/build/icyphy/ptII/ptolemy/actor/lib/test/auto/CommDistDiscard.xml
5 ms. Memory: 718848K Free: 188829K (26%)
----------------- Invoking toplevel() on ptolemy.moml.MoMLSimpleApplication@4f09b44a
----------------- Done invoking toplevel() on ptolemy.moml.MoMLSimpleApplication@4f09b44a
reloadAllAccessors: .CommDistDiscard

===========================================================================================
----------------- testing Thu Aug 02 01:42:42 UTC 2018 /home/travis/build/icyphy/ptII/ptolemy/actor/lib/test/auto/Commutator.xml
----------------- Instantiating /home/travis/build/icyphy/ptII/ptolemy/actor/lib/test/auto/Commutator.xml
4 ms. Memory: 718848K Free: 180555K (25%)
----------------- Invoking toplevel() on ptolemy.moml.MoMLSimpleApplication@31258906
----------------- Done invoking toplevel() on ptolemy.moml.MoMLSimpleApplication@31258906
reloadAllAccessors: .Commutator

===========================================================================================
----------------- testing Thu Aug 02 01:42:42 UTC 2018 /home/travis/build/icyphy/ptII/ptolemy/actor/lib/test/auto/Commutator2.xml
----------------- Instantiating /home/travis/build/icyphy/ptII/ptolemy/actor/lib/test/auto/Commutator2.xml
2 ms. Memory: 718848K Free: 172281K (24%)
----------------- Invoking toplevel() on ptolemy.moml.MoMLSimpleApplication@118dffc4
----------------- Done invoking toplevel() on ptolemy.moml.MoMLSimpleApplication@118dffc4
reloadAllAccessors: .Commutator2

===========================================================================================
----------------- testing Thu Aug 02 01:42:42 UTC 2018 /home/travis/build/icyphy/ptII/ptolemy/actor/lib/test/auto/Commutator3.xml
----------------- Instantiating /home/travis/build/icyphy/ptII/ptolemy/actor/lib/test/auto/Commutator3.xml
2 ms. Memory: 718848K Free: 156097K (22%)
----------------- Invoking toplevel() on ptolemy.moml.MoMLSimpleApplication@11624696
----------------- Done invoking toplevel() on ptolemy.moml.MoMLSimpleApplication@11624696
reloadAllAccessors: .Commutator3

===========================================================================================
----------------- testing Thu Aug 02 01:42:42 UTC 2018 /home/travis/build/icyphy/ptII/ptolemy/actor/lib/test/auto/Compare.xml
----------------- Instantiating /home/travis/build/icyphy/ptII/ptolemy/actor/lib/test/auto/Compare.xml
2 ms. Memory: 718848K Free: 143686K (20%)
----------------- Invoking toplevel() on ptolemy.moml.MoMLSimpleApplication@1b329c7b
----------------- Done invoking toplevel() on ptolemy.moml.MoMLSimpleApplication@1b329c7b
reloadAllAccessors: .Compare

===========================================================================================
----------------- testing Thu Aug 02 01:42:42 UTC 2018 /home/travis/build/icyphy/ptII/ptolemy/actor/lib/test/auto/CompareDE.xml
----------------- Instantiating /home/travis/build/icyphy/ptII/ptolemy/actor/lib/test/auto/CompareDE.xml
5 ms. Memory: 718848K Free: 131275K (18%)
----------------- Invoking toplevel() on ptolemy.moml.MoMLSimpleApplication@5ae8e92e
----------------- Done invoking toplevel() on ptolemy.moml.MoMLSimpleApplication@5ae8e92e
reloadAllAccessors: .CompareDE

===========================================================================================
----------------- testing Thu Aug 02 01:42:42 UTC 2018 /home/travis/build/icyphy/ptII/ptolemy/actor/lib/test/auto/ComplexDivide.xml
----------------- Instantiating /home/travis/build/icyphy/ptII/ptolemy/actor/lib/test/auto/ComplexDivide.xml
2 ms. Memory: 718848K Free: 115091K (16%)
----------------- Invoking toplevel() on ptolemy.moml.MoMLSimpleApplication@11b98527
----------------- Done invoking toplevel() on ptolemy.moml.MoMLSimpleApplication@11b98527
reloadAllAccessors: .ComplexDivide

===========================================================================================
----------------- testing Thu Aug 02 01:42:42 UTC 2018 /home/travis/build/icyphy/ptII/ptolemy/actor/lib/test/auto/ComputeHistogram.xml
----------------- Instantiating /home/travis/build/icyphy/ptII/ptolemy/actor/lib/test/auto/ComputeHistogram.xml
42 ms. Memory: 718848K Free: 98519K (14%)
----------------- Invoking toplevel() on ptolemy.moml.MoMLSimpleApplication@429c4c8b
----------------- Done invoking toplevel() on ptolemy.moml.MoMLSimpleApplication@429c4c8b
reloadAllAccessors: .ComputeHistogram

===========================================================================================
----------------- testing Thu Aug 02 01:42:43 UTC 2018 /home/travis/build/icyphy/ptII/ptolemy/actor/lib/test/auto/ConfigurationSelect.xml
----------------- Instantiating /home/travis/build/icyphy/ptII/ptolemy/actor/lib/test/auto/ConfigurationSelect.xml
5 ms. Memory: 718848K Free: 90245K (13%)
----------------- Invoking toplevel() on ptolemy.moml.MoMLSimpleApplication@7cb8513e
----------------- Done invoking toplevel() on ptolemy.moml.MoMLSimpleApplication@7cb8513e
reloadAllAccessors: .ConfigurationSelect

===========================================================================================
----------------- testing Thu Aug 02 01:42:43 UTC 2018 /home/travis/build/icyphy/ptII/ptolemy/actor/lib/test/auto/ConfigurationSelect2.xml
----------------- Instantiating /home/travis/build/icyphy/ptII/ptolemy/actor/lib/test/auto/ConfigurationSelect2.xml
2 ms. Memory: 718848K Free: 81971K (11%)
----------------- Invoking toplevel() on ptolemy.moml.MoMLSimpleApplication@2137200b
----------------- Done invoking toplevel() on ptolemy.moml.MoMLSimpleApplication@2137200b
reloadAllAccessors: .ConfigurationSelect2

===========================================================================================
----------------- testing Thu Aug 02 01:42:43 UTC 2018 /home/travis/build/icyphy/ptII/ptolemy/actor/lib/test/auto/ConfigurationSwitch.xml
----------------- Instantiating /home/travis/build/icyphy/ptII/ptolemy/actor/lib/test/auto/ConfigurationSwitch.xml
3 ms. Memory: 718848K Free: 65787K (9%)
----------------- Invoking toplevel() on ptolemy.moml.MoMLSimpleApplication@53961aea
----------------- Done invoking toplevel() on ptolemy.moml.MoMLSimpleApplication@53961aea
reloadAllAccessors: .ConfigurationSwitch

===========================================================================================
----------------- testing Thu Aug 02 01:42:43 UTC 2018 /home/travis/build/icyphy/ptII/ptolemy/actor/lib/test/auto/ConfigurationSwitch2.xml
----------------- Instantiating /home/travis/build/icyphy/ptII/ptolemy/actor/lib/test/auto/ConfigurationSwitch2.xml
4 ms. Memory: 718848K Free: 58581K (8%)
----------------- Invoking toplevel() on ptolemy.moml.MoMLSimpleApplication@564994eb
----------------- Done invoking toplevel() on ptolemy.moml.MoMLSimpleApplication@564994eb
reloadAllAccessors: .ConfigurationSwitch2

===========================================================================================
----------------- testing Thu Aug 02 01:42:43 UTC 2018 /home/travis/build/icyphy/ptII/ptolemy/actor/lib/test/auto/ConfigurationSwitchCloningBugWithClassRelationGroup.xml
----------------- Instantiating /home/travis/build/icyphy/ptII/ptolemy/actor/lib/test/auto/ConfigurationSwitchCloningBugWithClassRelationGroup.xml
1 ms. Memory: 719360K Free: 666937K (93%)
----------------- Invoking toplevel() on ptolemy.moml.MoMLSimpleApplication@41e2e8bd
----------------- Done invoking toplevel() on ptolemy.moml.MoMLSimpleApplication@41e2e8bd
reloadAllAccessors: .ConfigurationSwitchCloningBugWithClassRelationGroup

===========================================================================================
----------------- testing Thu Aug 02 01:42:43 UTC 2018 /home/travis/build/icyphy/ptII/ptolemy/actor/lib/test/auto/ConfigurationSwitchSelectSDF.xml
----------------- Instantiating /home/travis/build/icyphy/ptII/ptolemy/actor/lib/test/auto/ConfigurationSwitchSelectSDF.xml
2 ms. Memory: 719360K Free: 652706K (91%)
----------------- Invoking toplevel() on ptolemy.moml.MoMLSimpleApplication@64ce565
----------------- Done invoking toplevel() on ptolemy.moml.MoMLSimpleApplication@64ce565
reloadAllAccessors: .ConfigurationSwitchSelectSDF

===========================================================================================
----------------- testing Thu Aug 02 01:42:43 UTC 2018 /home/travis/build/icyphy/ptII/ptolemy/actor/lib/test/auto/ConfigurationSwitchSelectSDF2.xml
----------------- Instantiating /home/travis/build/icyphy/ptII/ptolemy/actor/lib/test/auto/ConfigurationSwitchSelectSDF2.xml
2 ms. Memory: 719360K Free: 644432K (90%)
----------------- Invoking toplevel() on ptolemy.moml.MoMLSimpleApplication@5858b3b5
----------------- Done invoking toplevel() on ptolemy.moml.MoMLSimpleApplication@5858b3b5
reloadAllAccessors: .ConfigurationSwitchSelectSDF2

===========================================================================================
----------------- testing Thu Aug 02 01:42:43 UTC 2018 /home/travis/build/icyphy/ptII/ptolemy/actor/lib/test/auto/Const.xml
----------------- Instantiating /home/travis/build/icyphy/ptII/ptolemy/actor/lib/test/auto/Const.xml
1 ms. Memory: 719360K Free: 630201K (88%)
----------------- Invoking toplevel() on ptolemy.moml.MoMLSimpleApplication@1dede85
----------------- Done invoking toplevel() on ptolemy.moml.MoMLSimpleApplication@1dede85
reloadAllAccessors: .Const

===========================================================================================
----------------- testing Thu Aug 02 01:42:43 UTC 2018 /home/travis/build/icyphy/ptII/ptolemy/actor/lib/test/auto/Const2.xml
----------------- Instantiating /home/travis/build/icyphy/ptII/ptolemy/actor/lib/test/auto/Const2.xml
1 ms. Memory: 719360K Free: 621927K (86%)
----------------- Invoking toplevel() on ptolemy.moml.MoMLSimpleApplication@2fb6a0fa
----------------- Done invoking toplevel() on ptolemy.moml.MoMLSimpleApplication@2fb6a0fa
reloadAllAccessors: .Const2

===========================================================================================
----------------- testing Thu Aug 02 01:42:43 UTC 2018 /home/travis/build/icyphy/ptII/ptolemy/actor/lib/test/auto/Const3.xml
----------------- Instantiating /home/travis/build/icyphy/ptII/ptolemy/actor/lib/test/auto/Const3.xml
1 ms. Memory: 719360K Free: 613653K (85%)
----------------- Invoking toplevel() on ptolemy.moml.MoMLSimpleApplication@4fe5f01c
----------------- Done invoking toplevel() on ptolemy.moml.MoMLSimpleApplication@4fe5f01c
reloadAllAccessors: .Const3

===========================================================================================
----------------- testing Thu Aug 02 01:42:43 UTC 2018 /home/travis/build/icyphy/ptII/ptolemy/actor/lib/test/auto/ConstantPublisherPort1.xml
----------------- Instantiating /home/travis/build/icyphy/ptII/ptolemy/actor/lib/test/auto/ConstantPublisherPort1.xml
5 ms. Memory: 719360K Free: 595269K (83%)
----------------- Invoking toplevel() on ptolemy.moml.MoMLSimpleApplication@3c2cb6cf
----------------- Done invoking toplevel() on ptolemy.moml.MoMLSimpleApplication@3c2cb6cf
reloadAllAccessors: .ConstantPublisherPort1

===========================================================================================
----------------- testing Thu Aug 02 01:42:43 UTC 2018 /home/travis/build/icyphy/ptII/ptolemy/actor/lib/test/auto/ConstantPublisherPort2.xml
----------------- Instantiating /home/travis/build/icyphy/ptII/ptolemy/actor/lib/test/auto/ConstantPublisherPort2.xml
5 ms. Memory: 719360K Free: 582850K (81%)
----------------- Invoking toplevel() on ptolemy.moml.MoMLSimpleApplication@54e0f05a
----------------- Done invoking toplevel() on ptolemy.moml.MoMLSimpleApplication@54e0f05a
reloadAllAccessors: .ConstantPublisherPort2

===========================================================================================
----------------- testing Thu Aug 02 01:42:43 UTC 2018 /home/travis/build/icyphy/ptII/ptolemy/actor/lib/test/auto/ConstantPublisherPort3.xml
----------------- Instantiating /home/travis/build/icyphy/ptII/ptolemy/actor/lib/test/auto/ConstantPublisherPort3.xml
4 ms. Memory: 719360K Free: 564466K (78%)
----------------- Invoking toplevel() on ptolemy.moml.MoMLSimpleApplication@3e0ac078
----------------- Done invoking toplevel() on ptolemy.moml.MoMLSimpleApplication@3e0ac078
reloadAllAccessors: .ConstantPublisherPort3

===========================================================================================
----------------- testing Thu Aug 02 01:42:43 UTC 2018 /home/travis/build/icyphy/ptII/ptolemy/actor/lib/test/auto/ConstantPublisherPort4.xml
----------------- Instantiating /home/travis/build/icyphy/ptII/ptolemy/actor/lib/test/auto/ConstantPublisherPort4.xml
2 ms. Memory: 719360K Free: 552055K (77%)
----------------- Invoking toplevel() on ptolemy.moml.MoMLSimpleApplication@9d2c186
----------------- Done invoking toplevel() on ptolemy.moml.MoMLSimpleApplication@9d2c186
reloadAllAccessors: .ConstantPublisherPort4

===========================================================================================
----------------- testing Thu Aug 02 01:42:43 UTC 2018 /home/travis/build/icyphy/ptII/ptolemy/actor/lib/test/auto/ConstantPublisherPort5.xml
----------------- Instantiating /home/travis/build/icyphy/ptII/ptolemy/actor/lib/test/auto/ConstantPublisherPort5.xml
15 ms. Memory: 719360K Free: 531370K (74%)
----------------- Invoking toplevel() on ptolemy.moml.MoMLSimpleApplication@5c6bb641
----------------- Done invoking toplevel() on ptolemy.moml.MoMLSimpleApplication@5c6bb641
reloadAllAccessors: .ConstantPublisherPort5

===========================================================================================
----------------- testing Thu Aug 02 01:42:43 UTC 2018 /home/travis/build/icyphy/ptII/ptolemy/actor/lib/test/auto/ConstantPublisherPort6.xml
----------------- Instantiating /home/travis/build/icyphy/ptII/ptolemy/actor/lib/test/auto/ConstantPublisherPort6.xml
12 ms. Memory: 719360K Free: 500575K (70%)
----------------- Invoking toplevel() on ptolemy.moml.MoMLSimpleApplication@7c840dd2
----------------- Done invoking toplevel() on ptolemy.moml.MoMLSimpleApplication@7c840dd2
reloadAllAccessors: .ConstantPublisherPort6

===========================================================================================
----------------- testing Thu Aug 02 01:42:43 UTC 2018 /home/travis/build/icyphy/ptII/ptolemy/actor/lib/test/auto/ConstantPublisherPort7.xml
----------------- Instantiating /home/travis/build/icyphy/ptII/ptolemy/actor/lib/test/auto/ConstantPublisherPort7.xml
13 ms. Memory: 719360K Free: 475737K (66%)
----------------- Invoking toplevel() on ptolemy.moml.MoMLSimpleApplication@53eff9a5
----------------- Done invoking toplevel() on ptolemy.moml.MoMLSimpleApplication@53eff9a5
reloadAllAccessors: .ConstantPublisherPort7

===========================================================================================
----------------- testing Thu Aug 02 01:42:43 UTC 2018 /home/travis/build/icyphy/ptII/ptolemy/actor/lib/test/auto/ConstraintMonitor1.xml
----------------- Instantiating /home/travis/build/icyphy/ptII/ptolemy/actor/lib/test/auto/ConstraintMonitor1.xml
4 ms. Memory: 719360K Free: 467463K (65%)
----------------- Invoking toplevel() on ptolemy.moml.MoMLSimpleApplication@71414ce7
----------------- Done invoking toplevel() on ptolemy.moml.MoMLSimpleApplication@71414ce7
reloadAllAccessors: .ConstraintMonitor1

===========================================================================================
----------------- testing Thu Aug 02 01:42:43 UTC 2018 /home/travis/build/icyphy/ptII/ptolemy/actor/lib/test/auto/ConstraintMonitor2.xml
----------------- Instantiating /home/travis/build/icyphy/ptII/ptolemy/actor/lib/test/auto/ConstraintMonitor2.xml
2 ms. Memory: 719360K Free: 453232K (63%)
----------------- Invoking toplevel() on ptolemy.moml.MoMLSimpleApplication@6045eead
----------------- Done invoking toplevel() on ptolemy.moml.MoMLSimpleApplication@6045eead
reloadAllAccessors: .ConstraintMonitor2

===========================================================================================
----------------- testing Thu Aug 02 01:42:43 UTC 2018 /home/travis/build/icyphy/ptII/ptolemy/actor/lib/test/auto/ConstraintMonitor3.xml
----------------- Instantiating /home/travis/build/icyphy/ptII/ptolemy/actor/lib/test/auto/ConstraintMonitor3.xml
1 ms. Memory: 719360K Free: 444958K (62%)
----------------- Invoking toplevel() on ptolemy.moml.MoMLSimpleApplication@3d54ad8d
----------------- Done invoking toplevel() on ptolemy.moml.MoMLSimpleApplication@3d54ad8d
reloadAllAccessors: .ConstraintMonitor3

===========================================================================================
----------------- testing Thu Aug 02 01:42:43 UTC 2018 /home/travis/build/icyphy/ptII/ptolemy/actor/lib/test/auto/ConstraintMonitor4.xml
----------------- Instantiating /home/travis/build/icyphy/ptII/ptolemy/actor/lib/test/auto/ConstraintMonitor4.xml
2 ms. Memory: 719360K Free: 430726K (60%)
----------------- Invoking toplevel() on ptolemy.moml.MoMLSimpleApplication@2f579e3e
----------------- Done invoking toplevel() on ptolemy.moml.MoMLSimpleApplication@2f579e3e
reloadAllAccessors: .ConstraintMonitor4

===========================================================================================
----------------- testing Thu Aug 02 01:42:43 UTC 2018 /home/travis/build/icyphy/ptII/ptolemy/actor/lib/test/auto/ConstraintMonitor5.xml
----------------- Instantiating /home/travis/build/icyphy/ptII/ptolemy/actor/lib/test/auto/ConstraintMonitor5.xml
2 ms. Memory: 719360K Free: 422452K (59%)
----------------- Invoking toplevel() on ptolemy.moml.MoMLSimpleApplication@355de434
----------------- Done invoking toplevel() on ptolemy.moml.MoMLSimpleApplication@355de434
reloadAllAccessors: .ConstraintMonitor5

===========================================================================================
----------------- testing Thu Aug 02 01:42:43 UTC 2018 /home/travis/build/icyphy/ptII/ptolemy/actor/lib/test/auto/ConstraintMonitor6.xml
----------------- Instantiating /home/travis/build/icyphy/ptII/ptolemy/actor/lib/test/auto/ConstraintMonitor6.xml
7 ms. Memory: 719360K Free: 410034K (57%)
----------------- Invoking toplevel() on ptolemy.moml.MoMLSimpleApplication@209545d7
----------------- Done invoking toplevel() on ptolemy.moml.MoMLSimpleApplication@209545d7
reloadAllAccessors: .ConstraintMonitor6

===========================================================================================
----------------- testing Thu Aug 02 01:42:43 UTC 2018 /home/travis/build/icyphy/ptII/ptolemy/actor/lib/test/auto/ConstraintMonitor7.xml
----------------- Instantiating /home/travis/build/icyphy/ptII/ptolemy/actor/lib/test/auto/ConstraintMonitor7.xml
3 ms. Memory: 719360K Free: 391657K (54%)
----------------- Invoking toplevel() on ptolemy.moml.MoMLSimpleApplication@24b8f035
----------------- Done invoking toplevel() on ptolemy.moml.MoMLSimpleApplication@24b8f035
reloadAllAccessors: .ConstraintMonitor7

===========================================================================================
----------------- testing Thu Aug 02 01:42:43 UTC 2018 /home/travis/build/icyphy/ptII/ptolemy/actor/lib/test/auto/ConstraintMonitor8.xml
----------------- Instantiating /home/travis/build/icyphy/ptII/ptolemy/actor/lib/test/auto/ConstraintMonitor8.xml
3 ms. Memory: 719360K Free: 379231K (53%)
----------------- Invoking toplevel() on ptolemy.moml.MoMLSimpleApplication@28567de9
----------------- Done invoking toplevel() on ptolemy.moml.MoMLSimpleApplication@28567de9
reloadAllAccessors: .ConstraintMonitor8

===========================================================================================
----------------- testing Thu Aug 02 01:42:43 UTC 2018 /home/travis/build/icyphy/ptII/ptolemy/actor/lib/test/auto/Counter.xml
----------------- Instantiating /home/travis/build/icyphy/ptII/ptolemy/actor/lib/test/auto/Counter.xml
2 ms. Memory: 719360K Free: 370957K (52%)
----------------- Invoking toplevel() on ptolemy.moml.MoMLSimpleApplication@6f45e578
----------------- Done invoking toplevel() on ptolemy.moml.MoMLSimpleApplication@6f45e578
reloadAllAccessors: .Counter

===========================================================================================
----------------- testing Thu Aug 02 01:42:43 UTC 2018 /home/travis/build/icyphy/ptII/ptolemy/actor/lib/test/auto/CurrentTimeSDF.xml
----------------- Instantiating /home/travis/build/icyphy/ptII/ptolemy/actor/lib/test/auto/CurrentTimeSDF.xml
2 ms. Memory: 719360K Free: 356726K (50%)
----------------- Invoking toplevel() on ptolemy.moml.MoMLSimpleApplication@3361bc88
----------------- Done invoking toplevel() on ptolemy.moml.MoMLSimpleApplication@3361bc88
reloadAllAccessors: .CurrentTimeSDF

===========================================================================================
----------------- testing Thu Aug 02 01:42:43 UTC 2018 /home/travis/build/icyphy/ptII/ptolemy/actor/lib/test/auto/DB.xml
----------------- Instantiating /home/travis/build/icyphy/ptII/ptolemy/actor/lib/test/auto/DB.xml
2 ms. Memory: 719360K Free: 348452K (48%)
----------------- Invoking toplevel() on ptolemy.moml.MoMLSimpleApplication@203e2e6f
----------------- Done invoking toplevel() on ptolemy.moml.MoMLSimpleApplication@203e2e6f
reloadAllAccessors: .DB

===========================================================================================
----------------- testing Thu Aug 02 01:42:43 UTC 2018 /home/travis/build/icyphy/ptII/ptolemy/actor/lib/test/auto/DBDE.xml
----------------- Instantiating /home/travis/build/icyphy/ptII/ptolemy/actor/lib/test/auto/DBDE.xml
2 ms. Memory: 719360K Free: 340178K (47%)
----------------- Invoking toplevel() on ptolemy.moml.MoMLSimpleApplication@6f19d443
----------------- Done invoking toplevel() on ptolemy.moml.MoMLSimpleApplication@6f19d443
reloadAllAccessors: .DBDE

===========================================================================================
----------------- testing Thu Aug 02 01:42:43 UTC 2018 /home/travis/build/icyphy/ptII/ptolemy/actor/lib/test/auto/DateConstructor.xml
----------------- Instantiating /home/travis/build/icyphy/ptII/ptolemy/actor/lib/test/auto/DateConstructor.xml
12 ms. Memory: 719360K Free: 313504K (44%)
----------------- Invoking toplevel() on ptolemy.moml.MoMLSimpleApplication@704fb02f
----------------- Done invoking toplevel() on ptolemy.moml.MoMLSimpleApplication@704fb02f
reloadAllAccessors: .DateConstructor

===========================================================================================
----------------- testing Thu Aug 02 01:42:43 UTC 2018 /home/travis/build/icyphy/ptII/ptolemy/actor/lib/test/auto/DelayTime.xml
----------------- Instantiating /home/travis/build/icyphy/ptII/ptolemy/actor/lib/test/auto/DelayTime.xml
3 ms. Memory: 719360K Free: 305230K (42%)
----------------- Invoking toplevel() on ptolemy.moml.MoMLSimpleApplication@20dc9a5b
----------------- Done invoking toplevel() on ptolemy.moml.MoMLSimpleApplication@20dc9a5b
reloadAllAccessors: .DelayTime

===========================================================================================
----------------- testing Thu Aug 02 01:42:43 UTC 2018 /home/travis/build/icyphy/ptII/ptolemy/actor/lib/test/auto/Dictionary1.xml
----------------- Instantiating /home/travis/build/icyphy/ptII/ptolemy/actor/lib/test/auto/Dictionary1.xml
1 ms. Memory: 719360K Free: 290999K (40%)
----------------- Invoking toplevel() on ptolemy.moml.MoMLSimpleApplication@39ccfb60
----------------- Done invoking toplevel() on ptolemy.moml.MoMLSimpleApplication@39ccfb60
reloadAllAccessors: .Dictionary1

===========================================================================================
----------------- testing Thu Aug 02 01:42:43 UTC 2018 /home/travis/build/icyphy/ptII/ptolemy/actor/lib/test/auto/Dictionary2.xml
----------------- Instantiating /home/travis/build/icyphy/ptII/ptolemy/actor/lib/test/auto/Dictionary2.xml
1 ms. Memory: 719360K Free: 282725K (39%)
----------------- Invoking toplevel() on ptolemy.moml.MoMLSimpleApplication@2b05a4c9
----------------- Done invoking toplevel() on ptolemy.moml.MoMLSimpleApplication@2b05a4c9
reloadAllAccessors: .Dictionary2

===========================================================================================
----------------- testing Thu Aug 02 01:42:43 UTC 2018 /home/travis/build/icyphy/ptII/ptolemy/actor/lib/test/auto/Dictionary3.xml
----------------- Instantiating /home/travis/build/icyphy/ptII/ptolemy/actor/lib/test/auto/Dictionary3.xml
1 ms. Memory: 719360K Free: 274451K (38%)
----------------- Invoking toplevel() on ptolemy.moml.MoMLSimpleApplication@27842d11
----------------- Done invoking toplevel() on ptolemy.moml.MoMLSimpleApplication@27842d11
reloadAllAccessors: .Dictionary3

===========================================================================================
----------------- testing Thu Aug 02 01:42:43 UTC 2018 /home/travis/build/icyphy/ptII/ptolemy/actor/lib/test/auto/Dictionary4.xml
----------------- Instantiating /home/travis/build/icyphy/ptII/ptolemy/actor/lib/test/auto/Dictionary4.xml
2 ms. Memory: 719360K Free: 256067K (36%)
----------------- Invoking toplevel() on ptolemy.moml.MoMLSimpleApplication@4af74c2f
----------------- Done invoking toplevel() on ptolemy.moml.MoMLSimpleApplication@4af74c2f
reloadAllAccessors: .Dictionary4

===========================================================================================
----------------- testing Thu Aug 02 01:42:43 UTC 2018 /home/travis/build/icyphy/ptII/ptolemy/actor/lib/test/auto/Differential.xml
----------------- Instantiating /home/travis/build/icyphy/ptII/ptolemy/actor/lib/test/auto/Differential.xml
1 ms. Memory: 719360K Free: 247793K (34%)
----------------- Invoking toplevel() on ptolemy.moml.MoMLSimpleApplication@2f4db2e5
----------------- Done invoking toplevel() on ptolemy.moml.MoMLSimpleApplication@2f4db2e5
reloadAllAccessors: .Differential

===========================================================================================
----------------- testing Thu Aug 02 01:42:43 UTC 2018 /home/travis/build/icyphy/ptII/ptolemy/actor/lib/test/auto/Director.xml
----------------- Instantiating /home/travis/build/icyphy/ptII/ptolemy/actor/lib/test/auto/Director.xml
1 ms. Memory: 719360K Free: 239519K (33%)
----------------- Invoking toplevel() on ptolemy.moml.MoMLSimpleApplication@5240d228
----------------- Done invoking toplevel() on ptolemy.moml.MoMLSimpleApplication@5240d228
reloadAllAccessors: .Director

===========================================================================================
----------------- testing Thu Aug 02 01:42:43 UTC 2018 /home/travis/build/icyphy/ptII/ptolemy/actor/lib/test/auto/DiscreteClock.xml
----------------- Instantiating /home/travis/build/icyphy/ptII/ptolemy/actor/lib/test/auto/DiscreteClock.xml
1 ms. Memory: 719360K Free: 225288K (31%)
----------------- Invoking toplevel() on ptolemy.moml.MoMLSimpleApplication@3965f902
----------------- Done invoking toplevel() on ptolemy.moml.MoMLSimpleApplication@3965f902
reloadAllAccessors: .DiscreteClock

===========================================================================================
----------------- testing Thu Aug 02 01:42:43 UTC 2018 /home/travis/build/icyphy/ptII/ptolemy/actor/lib/test/auto/DiscreteClock10.xml
----------------- Instantiating /home/travis/build/icyphy/ptII/ptolemy/actor/lib/test/auto/DiscreteClock10.xml
2 ms. Memory: 719360K Free: 217014K (30%)
----------------- Invoking toplevel() on ptolemy.moml.MoMLSimpleApplication@62fcffb9
----------------- Done invoking toplevel() on ptolemy.moml.MoMLSimpleApplication@62fcffb9
reloadAllAccessors: .DiscreteClock10

===========================================================================================
----------------- testing Thu Aug 02 01:42:43 UTC 2018 /home/travis/build/icyphy/ptII/ptolemy/actor/lib/test/auto/DiscreteClock11.xml
----------------- Instantiating /home/travis/build/icyphy/ptII/ptolemy/actor/lib/test/auto/DiscreteClock11.xml
2 ms. Memory: 719360K Free: 202783K (28%)
----------------- Invoking toplevel() on ptolemy.moml.MoMLSimpleApplication@3dff4f
----------------- Done invoking toplevel() on ptolemy.moml.MoMLSimpleApplication@3dff4f
reloadAllAccessors: .DiscreteClock11

===========================================================================================
----------------- testing Thu Aug 02 01:42:43 UTC 2018 /home/travis/build/icyphy/ptII/ptolemy/actor/lib/test/auto/DiscreteClock12.xml
----------------- Instantiating /home/travis/build/icyphy/ptII/ptolemy/actor/lib/test/auto/DiscreteClock12.xml
1 ms. Memory: 719360K Free: 194509K (27%)
----------------- Invoking toplevel() on ptolemy.moml.MoMLSimpleApplication@16216f92
----------------- Done invoking toplevel() on ptolemy.moml.MoMLSimpleApplication@16216f92
reloadAllAccessors: .DiscreteClock12

===========================================================================================
----------------- testing Thu Aug 02 01:42:43 UTC 2018 /home/travis/build/icyphy/ptII/ptolemy/actor/lib/test/auto/DiscreteClock13.xml
----------------- Instantiating /home/travis/build/icyphy/ptII/ptolemy/actor/lib/test/auto/DiscreteClock13.xml
4 ms. Memory: 719360K Free: 186235K (26%)
----------------- Invoking toplevel() on ptolemy.moml.MoMLSimpleApplication@6caa5458
----------------- Done invoking toplevel() on ptolemy.moml.MoMLSimpleApplication@6caa5458
reloadAllAccessors: .DiscreteClock13

===========================================================================================
----------------- testing Thu Aug 02 01:42:43 UTC 2018 /home/travis/build/icyphy/ptII/ptolemy/actor/lib/test/auto/DiscreteClock14.xml
----------------- Instantiating /home/travis/build/icyphy/ptII/ptolemy/actor/lib/test/auto/DiscreteClock14.xml
4 ms. Memory: 719360K Free: 172003K (24%)
----------------- Invoking toplevel() on ptolemy.moml.MoMLSimpleApplication@15c29ee
----------------- Done invoking toplevel() on ptolemy.moml.MoMLSimpleApplication@15c29ee
reloadAllAccessors: .DiscreteClock14

===========================================================================================
----------------- testing Thu Aug 02 01:42:43 UTC 2018 /home/travis/build/icyphy/ptII/ptolemy/actor/lib/test/auto/DiscreteClock15.xml
----------------- Instantiating /home/travis/build/icyphy/ptII/ptolemy/actor/lib/test/auto/DiscreteClock15.xml
2 ms. Memory: 719360K Free: 163730K (23%)
----------------- Invoking toplevel() on ptolemy.moml.MoMLSimpleApplication@3878349d
----------------- Done invoking toplevel() on ptolemy.moml.MoMLSimpleApplication@3878349d
reloadAllAccessors: .DiscreteClock15

===========================================================================================
----------------- testing Thu Aug 02 01:42:43 UTC 2018 /home/travis/build/icyphy/ptII/ptolemy/actor/lib/test/auto/DiscreteClock16.xml
----------------- Instantiating /home/travis/build/icyphy/ptII/ptolemy/actor/lib/test/auto/DiscreteClock16.xml
19 ms. Memory: 719360K Free: 147181K (20%)
----------------- Invoking toplevel() on ptolemy.moml.MoMLSimpleApplication@12b01501
----------------- Done invoking toplevel() on ptolemy.moml.MoMLSimpleApplication@12b01501
reloadAllAccessors: .DiscreteClock16

===========================================================================================
----------------- testing Thu Aug 02 01:42:44 UTC 2018 /home/travis/build/icyphy/ptII/ptolemy/actor/lib/test/auto/DiscreteClock17.xml
----------------- Instantiating /home/travis/build/icyphy/ptII/ptolemy/actor/lib/test/auto/DiscreteClock17.xml
13 ms. Memory: 719360K Free: 124660K (17%)
----------------- Invoking toplevel() on ptolemy.moml.MoMLSimpleApplication@72cebaf0
----------------- Done invoking toplevel() on ptolemy.moml.MoMLSimpleApplication@72cebaf0
reloadAllAccessors: .DiscreteClock17

===========================================================================================
----------------- testing Thu Aug 02 01:42:44 UTC 2018 /home/travis/build/icyphy/ptII/ptolemy/actor/lib/test/auto/DiscreteClock18.xml
----------------- Instantiating /home/travis/build/icyphy/ptII/ptolemy/actor/lib/test/auto/DiscreteClock18.xml
19 ms. Memory: 719360K Free: 108096K (15%)
----------------- Invoking toplevel() on ptolemy.moml.MoMLSimpleApplication@3768422e
----------------- Done invoking toplevel() on ptolemy.moml.MoMLSimpleApplication@3768422e
reloadAllAccessors: .DiscreteClock18

===========================================================================================
----------------- testing Thu Aug 02 01:42:44 UTC 2018 /home/travis/build/icyphy/ptII/ptolemy/actor/lib/test/auto/DiscreteClock19.xml
----------------- Instantiating /home/travis/build/icyphy/ptII/ptolemy/actor/lib/test/auto/DiscreteClock19.xml
16 ms. Memory: 719360K Free: 85575K (12%)
----------------- Invoking toplevel() on ptolemy.moml.MoMLSimpleApplication@4e50902f
----------------- Done invoking toplevel() on ptolemy.moml.MoMLSimpleApplication@4e50902f
reloadAllAccessors: .DiscreteClock19

===========================================================================================
----------------- testing Thu Aug 02 01:42:44 UTC 2018 /home/travis/build/icyphy/ptII/ptolemy/actor/lib/test/auto/DiscreteClock2.xml
----------------- Instantiating /home/travis/build/icyphy/ptII/ptolemy/actor/lib/test/auto/DiscreteClock2.xml
1 ms. Memory: 719360K Free: 77301K (11%)
----------------- Invoking toplevel() on ptolemy.moml.MoMLSimpleApplication@47564a8c
----------------- Done invoking toplevel() on ptolemy.moml.MoMLSimpleApplication@47564a8c
reloadAllAccessors: .DiscreteClock2

===========================================================================================
----------------- testing Thu Aug 02 01:42:44 UTC 2018 /home/travis/build/icyphy/ptII/ptolemy/actor/lib/test/auto/DiscreteClock20.xml
----------------- Instantiating /home/travis/build/icyphy/ptII/ptolemy/actor/lib/test/auto/DiscreteClock20.xml
4 ms. Memory: 719360K Free: 69028K (10%)
----------------- Invoking toplevel() on ptolemy.moml.MoMLSimpleApplication@5c2bea42
----------------- Done invoking toplevel() on ptolemy.moml.MoMLSimpleApplication@5c2bea42
reloadAllAccessors: .DiscreteClock20

===========================================================================================
----------------- testing Thu Aug 02 01:42:44 UTC 2018 /home/travis/build/icyphy/ptII/ptolemy/actor/lib/test/auto/DiscreteClock21.xml
----------------- Instantiating /home/travis/build/icyphy/ptII/ptolemy/actor/lib/test/auto/DiscreteClock21.xml
12 ms. Memory: 1092096K Free: 1048523K (96%)
----------------- Invoking toplevel() on ptolemy.moml.MoMLSimpleApplication@654501e6
----------------- Done invoking toplevel() on ptolemy.moml.MoMLSimpleApplication@654501e6
reloadAllAccessors: .DiscreteClock21

===========================================================================================
----------------- testing Thu Aug 02 01:42:44 UTC 2018 /home/travis/build/icyphy/ptII/ptolemy/actor/lib/test/auto/DiscreteClock22.xml
----------------- Instantiating /home/travis/build/icyphy/ptII/ptolemy/actor/lib/test/auto/DiscreteClock22.xml
8 ms. Memory: 1092096K Free: 1018055K (93%)
----------------- Invoking toplevel() on ptolemy.moml.MoMLSimpleApplication@1c7f9c33
----------------- Done invoking toplevel() on ptolemy.moml.MoMLSimpleApplication@1c7f9c33
reloadAllAccessors: .DiscreteClock22

===========================================================================================
----------------- testing Thu Aug 02 01:42:44 UTC 2018 /home/travis/build/icyphy/ptII/ptolemy/actor/lib/test/auto/DiscreteClock23.xml
----------------- Instantiating /home/travis/build/icyphy/ptII/ptolemy/actor/lib/test/auto/DiscreteClock23.xml
11 ms. Memory: 1092096K Free: 1004811K (92%)
----------------- Invoking toplevel() on ptolemy.moml.MoMLSimpleApplication@560c780b
----------------- Done invoking toplevel() on ptolemy.moml.MoMLSimpleApplication@560c780b
reloadAllAccessors: .DiscreteClock23

===========================================================================================
----------------- testing Thu Aug 02 01:42:44 UTC 2018 /home/travis/build/icyphy/ptII/ptolemy/actor/lib/test/auto/DiscreteClock24.xml
----------------- Instantiating /home/travis/build/icyphy/ptII/ptolemy/actor/lib/test/auto/DiscreteClock24.xml
2 ms. Memory: 1092096K Free: 991567K (91%)
----------------- Invoking toplevel() on ptolemy.moml.MoMLSimpleApplication@e218133
----------------- Done invoking toplevel() on ptolemy.moml.MoMLSimpleApplication@e218133
reloadAllAccessors: .DiscreteClock24

===========================================================================================
----------------- testing Thu Aug 02 01:42:44 UTC 2018 /home/travis/build/icyphy/ptII/ptolemy/actor/lib/test/auto/DiscreteClock4.xml
----------------- Instantiating /home/travis/build/icyphy/ptII/ptolemy/actor/lib/test/auto/DiscreteClock4.xml
2 ms. Memory: 1092096K Free: 970924K (89%)
----------------- Invoking toplevel() on ptolemy.moml.MoMLSimpleApplication@766b0482
----------------- Done invoking toplevel() on ptolemy.moml.MoMLSimpleApplication@766b0482
reloadAllAccessors: .DiscreteClock4

===========================================================================================
----------------- testing Thu Aug 02 01:42:44 UTC 2018 /home/travis/build/icyphy/ptII/ptolemy/actor/lib/test/auto/DiscreteClock5.xml
----------------- Instantiating /home/travis/build/icyphy/ptII/ptolemy/actor/lib/test/auto/DiscreteClock5.xml
1 ms. Memory: 1092096K Free: 957680K (88%)
----------------- Invoking toplevel() on ptolemy.moml.MoMLSimpleApplication@19f477e9
----------------- Done invoking toplevel() on ptolemy.moml.MoMLSimpleApplication@19f477e9
reloadAllAccessors: .DiscreteClock5

===========================================================================================
----------------- testing Thu Aug 02 01:42:44 UTC 2018 /home/travis/build/icyphy/ptII/ptolemy/actor/lib/test/auto/DiscreteClock6.xml
----------------- Instantiating /home/travis/build/icyphy/ptII/ptolemy/actor/lib/test/auto/DiscreteClock6.xml
1 ms. Memory: 1092096K Free: 944436K (86%)
----------------- Invoking toplevel() on ptolemy.moml.MoMLSimpleApplication@40e510a4
----------------- Done invoking toplevel() on ptolemy.moml.MoMLSimpleApplication@40e510a4
reloadAllAccessors: .DiscreteClock6

===========================================================================================
----------------- testing Thu Aug 02 01:42:44 UTC 2018 /home/travis/build/icyphy/ptII/ptolemy/actor/lib/test/auto/DiscreteClock7.xml
----------------- Instantiating /home/travis/build/icyphy/ptII/ptolemy/actor/lib/test/auto/DiscreteClock7.xml
2 ms. Memory: 1109504K Free: 1052445K (95%)
----------------- Invoking toplevel() on ptolemy.moml.MoMLSimpleApplication@3d99fdea
----------------- Done invoking toplevel() on ptolemy.moml.MoMLSimpleApplication@3d99fdea
reloadAllAccessors: .DiscreteClock7

===========================================================================================
----------------- testing Thu Aug 02 01:42:44 UTC 2018 /home/travis/build/icyphy/ptII/ptolemy/actor/lib/test/auto/DiscreteClock8.xml
----------------- Instantiating /home/travis/build/icyphy/ptII/ptolemy/actor/lib/test/auto/DiscreteClock8.xml
4 ms. Memory: 1109504K Free: 1031801K (93%)
----------------- Invoking toplevel() on ptolemy.moml.MoMLSimpleApplication@257badc5
----------------- Done invoking toplevel() on ptolemy.moml.MoMLSimpleApplication@257badc5
reloadAllAccessors: .DiscreteClock8

===========================================================================================
----------------- testing Thu Aug 02 01:42:44 UTC 2018 /home/travis/build/icyphy/ptII/ptolemy/actor/lib/test/auto/DiscreteClock9.xml
----------------- Instantiating /home/travis/build/icyphy/ptII/ptolemy/actor/lib/test/auto/DiscreteClock9.xml
2 ms. Memory: 1109504K Free: 1018557K (92%)
----------------- Invoking toplevel() on ptolemy.moml.MoMLSimpleApplication@66b663df
----------------- Done invoking toplevel() on ptolemy.moml.MoMLSimpleApplication@66b663df
reloadAllAccessors: .DiscreteClock9

===========================================================================================
----------------- testing Thu Aug 02 01:42:44 UTC 2018 /home/travis/build/icyphy/ptII/ptolemy/actor/lib/test/auto/DisplayArray.xml
----------------- Instantiating /home/travis/build/icyphy/ptII/ptolemy/actor/lib/test/auto/DisplayArray.xml
1 ms. Memory: 1109504K Free: 1005256K (91%)
----------------- Invoking toplevel() on ptolemy.moml.MoMLSimpleApplication@60eec320
----------------- Done invoking toplevel() on ptolemy.moml.MoMLSimpleApplication@60eec320
reloadAllAccessors: .DisplayArray

===========================================================================================
----------------- testing Thu Aug 02 01:42:45 UTC 2018 /home/travis/build/icyphy/ptII/ptolemy/actor/lib/test/auto/Distributor.xml
----------------- Instantiating /home/travis/build/icyphy/ptII/ptolemy/actor/lib/test/auto/Distributor.xml
2 ms. Memory: 1109504K Free: 984612K (89%)
----------------- Invoking toplevel() on ptolemy.moml.MoMLSimpleApplication@48b121be
----------------- Done invoking toplevel() on ptolemy.moml.MoMLSimpleApplication@48b121be
reloadAllAccessors: .Distributor

===========================================================================================
----------------- testing Thu Aug 02 01:42:45 UTC 2018 /home/travis/build/icyphy/ptII/ptolemy/actor/lib/test/auto/Distributor2.xml
----------------- Instantiating /home/travis/build/icyphy/ptII/ptolemy/actor/lib/test/auto/Distributor2.xml
1 ms. Memory: 1109504K Free: 971368K (88%)
----------------- Invoking toplevel() on ptolemy.moml.MoMLSimpleApplication@c64db2e
----------------- Done invoking toplevel() on ptolemy.moml.MoMLSimpleApplication@c64db2e
reloadAllAccessors: .Distributor2

===========================================================================================
----------------- testing Thu Aug 02 01:42:45 UTC 2018 /home/travis/build/icyphy/ptII/ptolemy/actor/lib/test/auto/DownSample.xml
----------------- Instantiating /home/travis/build/icyphy/ptII/ptolemy/actor/lib/test/auto/DownSample.xml
1 ms. Memory: 1109504K Free: 958125K (86%)
----------------- Invoking toplevel() on ptolemy.moml.MoMLSimpleApplication@6200beeb
----------------- Done invoking toplevel() on ptolemy.moml.MoMLSimpleApplication@6200beeb
reloadAllAccessors: .DownSample

===========================================================================================
----------------- testing Thu Aug 02 01:42:45 UTC 2018 /home/travis/build/icyphy/ptII/ptolemy/actor/lib/test/auto/ElectronicUnitBase1.xml
----------------- Instantiating /home/travis/build/icyphy/ptII/ptolemy/actor/lib/test/auto/ElectronicUnitBase1.xml
22 ms. Memory: 1109504K Free: 924213K (83%)
----------------- Invoking toplevel() on ptolemy.moml.MoMLSimpleApplication@329432a8
----------------- Done invoking toplevel() on ptolemy.moml.MoMLSimpleApplication@329432a8
reloadAllAccessors: .ElectronicUnitBase1

===========================================================================================
----------------- testing Thu Aug 02 01:42:45 UTC 2018 /home/travis/build/icyphy/ptII/ptolemy/actor/lib/test/auto/ElementsToArray.xml
----------------- Instantiating /home/travis/build/icyphy/ptII/ptolemy/actor/lib/test/auto/ElementsToArray.xml
3 ms. Memory: 1109504K Free: 910970K (82%)
----------------- Invoking toplevel() on ptolemy.moml.MoMLSimpleApplication@11e17955
----------------- Done invoking toplevel() on ptolemy.moml.MoMLSimpleApplication@11e17955
reloadAllAccessors: .ElementsToArray

===========================================================================================
----------------- testing Thu Aug 02 01:42:45 UTC 2018 /home/travis/build/icyphy/ptII/ptolemy/actor/lib/test/auto/Equals.xml
----------------- Instantiating /home/travis/build/icyphy/ptII/ptolemy/actor/lib/test/auto/Equals.xml
3 ms. Memory: 1109504K Free: 897726K (81%)
----------------- Invoking toplevel() on ptolemy.moml.MoMLSimpleApplication@65194f66
----------------- Done invoking toplevel() on ptolemy.moml.MoMLSimpleApplication@65194f66
reloadAllAccessors: .Equals

===========================================================================================
----------------- testing Thu Aug 02 01:42:45 UTC 2018 /home/travis/build/icyphy/ptII/ptolemy/actor/lib/test/auto/Exec.xml
----------------- Instantiating /home/travis/build/icyphy/ptII/ptolemy/actor/lib/test/auto/Exec.xml
6 ms. Memory: 1109504K Free: 860527K (78%)
----------------- Invoking toplevel() on ptolemy.moml.MoMLSimpleApplication@1b3352e1
----------------- Done invoking toplevel() on ptolemy.moml.MoMLSimpleApplication@1b3352e1
reloadAllAccessors: .Exec

===========================================================================================
----------------- testing Thu Aug 02 01:42:45 UTC 2018 /home/travis/build/icyphy/ptII/ptolemy/actor/lib/test/auto/ExecEnvironment.xml
----------------- Instantiating /home/travis/build/icyphy/ptII/ptolemy/actor/lib/test/auto/ExecEnvironment.xml
24 ms. Memory: 1109504K Free: 827417K (75%)
----------------- Invoking toplevel() on ptolemy.moml.MoMLSimpleApplication@3e92bfdc
----------------- Done invoking toplevel() on ptolemy.moml.MoMLSimpleApplication@3e92bfdc
reloadAllAccessors: .ExecEnvironment

===========================================================================================
----------------- testing Thu Aug 02 01:42:45 UTC 2018 /home/travis/build/icyphy/ptII/ptolemy/actor/lib/test/auto/ExecNonZeroReturnOutput.xml
----------------- Instantiating /home/travis/build/icyphy/ptII/ptolemy/actor/lib/test/auto/ExecNonZeroReturnOutput.xml
127 ms. Memory: 1109504K Free: 728088K (66%)
----------------- Invoking toplevel() on ptolemy.moml.MoMLSimpleApplication@9eef735
----------------- Done invoking toplevel() on ptolemy.moml.MoMLSimpleApplication@9eef735
reloadAllAccessors: .ExecNonZeroReturnOutput

===========================================================================================
----------------- testing Thu Aug 02 01:42:45 UTC 2018 /home/travis/build/icyphy/ptII/ptolemy/actor/lib/test/auto/ExecRunDemos.xml
----------------- Instantiating /home/travis/build/icyphy/ptII/ptolemy/actor/lib/test/auto/ExecRunDemos.xml
Finished: 38 ms. Memory: 116224K Free: 100103K (86%)

Finished: 39 ms. Memory: 116224K Free: 96358K (83%)

Finished: 82 ms. Memory: 116224K Free: 96933K (83%)

Finished: 39 ms. Memory: 116224K Free: 98236K (85%)

Finished: 48 ms. Memory: 116224K Free: 99464K (86%)

9321 ms. Memory: 1109504K Free: 635351K (57%)
----------------- Invoking toplevel() on ptolemy.moml.MoMLSimpleApplication@223d5c2f
----------------- Done invoking toplevel() on ptolemy.moml.MoMLSimpleApplication@223d5c2f
reloadAllAccessors: .ExecRunDemos

===========================================================================================
----------------- testing Thu Aug 02 01:42:54 UTC 2018 /home/travis/build/icyphy/ptII/ptolemy/actor/lib/test/auto/ExecStop.xml
----------------- Instantiating /home/travis/build/icyphy/ptII/ptolemy/actor/lib/test/auto/ExecStop.xml
5009 ms. Memory: 1109504K Free: 455781K (41%)
----------------- Invoking toplevel() on ptolemy.moml.MoMLSimpleApplication@5ebd679
----------------- Done invoking toplevel() on ptolemy.moml.MoMLSimpleApplication@5ebd679
reloadAllAccessors: .ExecStop

===========================================================================================
----------------- testing Thu Aug 02 01:42:59 UTC 2018 /home/travis/build/icyphy/ptII/ptolemy/actor/lib/test/auto/ExecutionTimeSDF.xml
----------------- Instantiating /home/travis/build/icyphy/ptII/ptolemy/actor/lib/test/auto/ExecutionTimeSDF.xml
Fired ExecutionTime: -1750567296
Fired ExecutionTime: 907600000
Fired ExecutionTime: -1153367296
6007 ms. Memory: 1109504K Free: 435900K (39%)
----------------- Invoking toplevel() on ptolemy.moml.MoMLSimpleApplication@1761f44
----------------- Done invoking toplevel() on ptolemy.moml.MoMLSimpleApplication@1761f44
reloadAllAccessors: .ExecutionTimeSDF

===========================================================================================
----------------- testing Thu Aug 02 01:43:05 UTC 2018 /home/travis/build/icyphy/ptII/ptolemy/actor/lib/test/auto/Expression1.xml
----------------- Instantiating /home/travis/build/icyphy/ptII/ptolemy/actor/lib/test/auto/Expression1.xml
2 ms. Memory: 1109504K Free: 422656K (38%)
----------------- Invoking toplevel() on ptolemy.moml.MoMLSimpleApplication@37ceabad
----------------- Done invoking toplevel() on ptolemy.moml.MoMLSimpleApplication@37ceabad
reloadAllAccessors: .Expression1

===========================================================================================
----------------- testing Thu Aug 02 01:43:05 UTC 2018 /home/travis/build/icyphy/ptII/ptolemy/actor/lib/test/auto/Expression10.xml
----------------- Instantiating /home/travis/build/icyphy/ptII/ptolemy/actor/lib/test/auto/Expression10.xml
10 ms. Memory: 1109504K Free: 402012K (36%)
----------------- Invoking toplevel() on ptolemy.moml.MoMLSimpleApplication@2dd5f1bb
----------------- Done invoking toplevel() on ptolemy.moml.MoMLSimpleApplication@2dd5f1bb
reloadAllAccessors: .Expression10

===========================================================================================
----------------- testing Thu Aug 02 01:43:05 UTC 2018 /home/travis/build/icyphy/ptII/ptolemy/actor/lib/test/auto/Expression11.xml
----------------- Instantiating /home/travis/build/icyphy/ptII/ptolemy/actor/lib/test/auto/Expression11.xml
2 ms. Memory: 1109504K Free: 388769K (35%)
----------------- Invoking toplevel() on ptolemy.moml.MoMLSimpleApplication@63092a63
----------------- Done invoking toplevel() on ptolemy.moml.MoMLSimpleApplication@63092a63
reloadAllAccessors: .Expression11

===========================================================================================
----------------- testing Thu Aug 02 01:43:05 UTC 2018 /home/travis/build/icyphy/ptII/ptolemy/actor/lib/test/auto/Expression12.xml
----------------- Instantiating /home/travis/build/icyphy/ptII/ptolemy/actor/lib/test/auto/Expression12.xml
4 ms. Memory: 1109504K Free: 375525K (34%)
----------------- Invoking toplevel() on ptolemy.moml.MoMLSimpleApplication@6210ee25
----------------- Done invoking toplevel() on ptolemy.moml.MoMLSimpleApplication@6210ee25
reloadAllAccessors: .Expression12

===========================================================================================
----------------- testing Thu Aug 02 01:43:05 UTC 2018 /home/travis/build/icyphy/ptII/ptolemy/actor/lib/test/auto/Expression13.xml
----------------- Instantiating /home/travis/build/icyphy/ptII/ptolemy/actor/lib/test/auto/Expression13.xml
4 ms. Memory: 1109504K Free: 354881K (32%)
----------------- Invoking toplevel() on ptolemy.moml.MoMLSimpleApplication@6e79f01c
----------------- Done invoking toplevel() on ptolemy.moml.MoMLSimpleApplication@6e79f01c
reloadAllAccessors: .Expression13

===========================================================================================
----------------- testing Thu Aug 02 01:43:05 UTC 2018 /home/travis/build/icyphy/ptII/ptolemy/actor/lib/test/auto/Expression14.xml
----------------- Instantiating /home/travis/build/icyphy/ptII/ptolemy/actor/lib/test/auto/Expression14.xml
4 ms. Memory: 1109504K Free: 341637K (31%)
----------------- Invoking toplevel() on ptolemy.moml.MoMLSimpleApplication@4b48c56b
----------------- Done invoking toplevel() on ptolemy.moml.MoMLSimpleApplication@4b48c56b
reloadAllAccessors: .Expression14

===========================================================================================
----------------- testing Thu Aug 02 01:43:05 UTC 2018 /home/travis/build/icyphy/ptII/ptolemy/actor/lib/test/auto/Expression15.xml
----------------- Instantiating /home/travis/build/icyphy/ptII/ptolemy/actor/lib/test/auto/Expression15.xml
1 ms. Memory: 1109504K Free: 328394K (30%)
----------------- Invoking toplevel() on ptolemy.moml.MoMLSimpleApplication@34401509
----------------- Done invoking toplevel() on ptolemy.moml.MoMLSimpleApplication@34401509
reloadAllAccessors: .Expression15

===========================================================================================
----------------- testing Thu Aug 02 01:43:05 UTC 2018 /home/travis/build/icyphy/ptII/ptolemy/actor/lib/test/auto/Expression16.xml
----------------- Instantiating /home/travis/build/icyphy/ptII/ptolemy/actor/lib/test/auto/Expression16.xml
3 ms. Memory: 1109504K Free: 315150K (28%)
----------------- Invoking toplevel() on ptolemy.moml.MoMLSimpleApplication@77c7a148
----------------- Done invoking toplevel() on ptolemy.moml.MoMLSimpleApplication@77c7a148
reloadAllAccessors: .Expression16

===========================================================================================
----------------- testing Thu Aug 02 01:43:06 UTC 2018 /home/travis/build/icyphy/ptII/ptolemy/actor/lib/test/auto/Expression17.xml
----------------- Instantiating /home/travis/build/icyphy/ptII/ptolemy/actor/lib/test/auto/Expression17.xml
3 ms. Memory: 1109504K Free: 294506K (27%)
----------------- Invoking toplevel() on ptolemy.moml.MoMLSimpleApplication@5ab0e2d
----------------- Done invoking toplevel() on ptolemy.moml.MoMLSimpleApplication@5ab0e2d
reloadAllAccessors: .Expression17

===========================================================================================
----------------- testing Thu Aug 02 01:43:06 UTC 2018 /home/travis/build/icyphy/ptII/ptolemy/actor/lib/test/auto/Expression18.xml
----------------- Instantiating /home/travis/build/icyphy/ptII/ptolemy/actor/lib/test/auto/Expression18.xml
2 ms. Memory: 1109504K Free: 281262K (25%)
----------------- Invoking toplevel() on ptolemy.moml.MoMLSimpleApplication@2b876987
----------------- Done invoking toplevel() on ptolemy.moml.MoMLSimpleApplication@2b876987
reloadAllAccessors: .Expression18

===========================================================================================
----------------- testing Thu Aug 02 01:43:06 UTC 2018 /home/travis/build/icyphy/ptII/ptolemy/actor/lib/test/auto/Expression2.xml
----------------- Instantiating /home/travis/build/icyphy/ptII/ptolemy/actor/lib/test/auto/Expression2.xml
4 ms. Memory: 1109504K Free: 268018K (24%)
----------------- Invoking toplevel() on ptolemy.moml.MoMLSimpleApplication@4735ea4a
----------------- Done invoking toplevel() on ptolemy.moml.MoMLSimpleApplication@4735ea4a
reloadAllAccessors: .Expression2

===========================================================================================
----------------- testing Thu Aug 02 01:43:06 UTC 2018 /home/travis/build/icyphy/ptII/ptolemy/actor/lib/test/auto/Expression3.xml
----------------- Instantiating /home/travis/build/icyphy/ptII/ptolemy/actor/lib/test/auto/Expression3.xml
4 ms. Memory: 1109504K Free: 247374K (22%)
----------------- Invoking toplevel() on ptolemy.moml.MoMLSimpleApplication@65bf6c13
----------------- Done invoking toplevel() on ptolemy.moml.MoMLSimpleApplication@65bf6c13
reloadAllAccessors: .Expression3

===========================================================================================
----------------- testing Thu Aug 02 01:43:06 UTC 2018 /home/travis/build/icyphy/ptII/ptolemy/actor/lib/test/auto/Expression4.xml
----------------- Instantiating /home/travis/build/icyphy/ptII/ptolemy/actor/lib/test/auto/Expression4.xml
5 ms. Memory: 1109504K Free: 234131K (21%)
----------------- Invoking toplevel() on ptolemy.moml.MoMLSimpleApplication@6f44c619
----------------- Done invoking toplevel() on ptolemy.moml.MoMLSimpleApplication@6f44c619
reloadAllAccessors: .Expression4

===========================================================================================
----------------- testing Thu Aug 02 01:43:06 UTC 2018 /home/travis/build/icyphy/ptII/ptolemy/actor/lib/test/auto/Expression5.xml
----------------- Instantiating /home/travis/build/icyphy/ptII/ptolemy/actor/lib/test/auto/Expression5.xml
5 ms. Memory: 1109504K Free: 220887K (20%)
----------------- Invoking toplevel() on ptolemy.moml.MoMLSimpleApplication@1fb76522
----------------- Done invoking toplevel() on ptolemy.moml.MoMLSimpleApplication@1fb76522
reloadAllAccessors: .Expression5

===========================================================================================
----------------- testing Thu Aug 02 01:43:06 UTC 2018 /home/travis/build/icyphy/ptII/ptolemy/actor/lib/test/auto/Expression6.xml
----------------- Instantiating /home/travis/build/icyphy/ptII/ptolemy/actor/lib/test/auto/Expression6.xml
3 ms. Memory: 1109504K Free: 200243K (18%)
----------------- Invoking toplevel() on ptolemy.moml.MoMLSimpleApplication@113d218e
----------------- Done invoking toplevel() on ptolemy.moml.MoMLSimpleApplication@113d218e
reloadAllAccessors: .Expression6

===========================================================================================
----------------- testing Thu Aug 02 01:43:06 UTC 2018 /home/travis/build/icyphy/ptII/ptolemy/actor/lib/test/auto/Expression7.xml
----------------- Instantiating /home/travis/build/icyphy/ptII/ptolemy/actor/lib/test/auto/Expression7.xml
3 ms. Memory: 1109504K Free: 186999K (17%)
----------------- Invoking toplevel() on ptolemy.moml.MoMLSimpleApplication@6a67ae39
----------------- Done invoking toplevel() on ptolemy.moml.MoMLSimpleApplication@6a67ae39
reloadAllAccessors: .Expression7

===========================================================================================
----------------- testing Thu Aug 02 01:43:06 UTC 2018 /home/travis/build/icyphy/ptII/ptolemy/actor/lib/test/auto/Expression8.xml
----------------- Instantiating /home/travis/build/icyphy/ptII/ptolemy/actor/lib/test/auto/Expression8.xml
4 ms. Memory: 1109504K Free: 173755K (16%)
----------------- Invoking toplevel() on ptolemy.moml.MoMLSimpleApplication@40343dfc
----------------- Done invoking toplevel() on ptolemy.moml.MoMLSimpleApplication@40343dfc
reloadAllAccessors: .Expression8

===========================================================================================
----------------- testing Thu Aug 02 01:43:06 UTC 2018 /home/travis/build/icyphy/ptII/ptolemy/actor/lib/test/auto/Expression9.xml
----------------- Instantiating /home/travis/build/icyphy/ptII/ptolemy/actor/lib/test/auto/Expression9.xml
2 ms. Memory: 1109504K Free: 153112K (14%)
----------------- Invoking toplevel() on ptolemy.moml.MoMLSimpleApplication@ead9f5d
----------------- Done invoking toplevel() on ptolemy.moml.MoMLSimpleApplication@ead9f5d
reloadAllAccessors: .Expression9

===========================================================================================
----------------- testing Thu Aug 02 01:43:06 UTC 2018 /home/travis/build/icyphy/ptII/ptolemy/actor/lib/test/auto/ExpressionConcatenateArrayType.xml
----------------- Instantiating /home/travis/build/icyphy/ptII/ptolemy/actor/lib/test/auto/ExpressionConcatenateArrayType.xml
3 ms. Memory: 1109504K Free: 139868K (13%)
----------------- Invoking toplevel() on ptolemy.moml.MoMLSimpleApplication@4b07282
----------------- Done invoking toplevel() on ptolemy.moml.MoMLSimpleApplication@4b07282
reloadAllAccessors: .ExpressionConcatenateArrayType

===========================================================================================
----------------- testing Thu Aug 02 01:43:06 UTC 2018 /home/travis/build/icyphy/ptII/ptolemy/actor/lib/test/auto/ExpressionConcatenateArrayType2.xml
----------------- Instantiating /home/travis/build/icyphy/ptII/ptolemy/actor/lib/test/auto/ExpressionConcatenateArrayType2.xml
2 ms. Memory: 1109504K Free: 126624K (11%)
----------------- Invoking toplevel() on ptolemy.moml.MoMLSimpleApplication@7367f73b
----------------- Done invoking toplevel() on ptolemy.moml.MoMLSimpleApplication@7367f73b
reloadAllAccessors: .ExpressionConcatenateArrayType2

===========================================================================================
----------------- testing Thu Aug 02 01:43:06 UTC 2018 /home/travis/build/icyphy/ptII/ptolemy/actor/lib/test/auto/ExpressionFix.xml
----------------- Instantiating /home/travis/build/icyphy/ptII/ptolemy/actor/lib/test/auto/ExpressionFix.xml
9 ms. Memory: 1109504K Free: 113381K (10%)
----------------- Invoking toplevel() on ptolemy.moml.MoMLSimpleApplication@11f35a82
----------------- Done invoking toplevel() on ptolemy.moml.MoMLSimpleApplication@11f35a82
reloadAllAccessors: .ExpressionFix

===========================================================================================
----------------- testing Thu Aug 02 01:43:06 UTC 2018 /home/travis/build/icyphy/ptII/ptolemy/actor/lib/test/auto/ExpressionFix2.xml
----------------- Instantiating /home/travis/build/icyphy/ptII/ptolemy/actor/lib/test/auto/ExpressionFix2.xml
2 ms. Memory: 1109504K Free: 92737K (8%)
----------------- Invoking toplevel() on ptolemy.moml.MoMLSimpleApplication@be04e04
----------------- Done invoking toplevel() on ptolemy.moml.MoMLSimpleApplication@be04e04
reloadAllAccessors: .ExpressionFix2

===========================================================================================
----------------- testing Thu Aug 02 01:43:06 UTC 2018 /home/travis/build/icyphy/ptII/ptolemy/actor/lib/test/auto/ExpressionFix3.xml
----------------- Instantiating /home/travis/build/icyphy/ptII/ptolemy/actor/lib/test/auto/ExpressionFix3.xml
2 ms. Memory: 1109504K Free: 79493K (7%)
----------------- Invoking toplevel() on ptolemy.moml.MoMLSimpleApplication@7b841f88
----------------- Done invoking toplevel() on ptolemy.moml.MoMLSimpleApplication@7b841f88
reloadAllAccessors: .ExpressionFix3

===========================================================================================
----------------- testing Thu Aug 02 01:43:06 UTC 2018 /home/travis/build/icyphy/ptII/ptolemy/actor/lib/test/auto/FileWriter1.xml
----------------- Instantiating /home/travis/build/icyphy/ptII/ptolemy/actor/lib/test/auto/FileWriter1.xml
2 ms. Memory: 1279488K Free: 1231382K (96%)
----------------- Invoking toplevel() on ptolemy.moml.MoMLSimpleApplication@1fc77f80
----------------- Done invoking toplevel() on ptolemy.moml.MoMLSimpleApplication@1fc77f80
reloadAllAccessors: .FileWriter1

===========================================================================================
----------------- testing Thu Aug 02 01:43:06 UTC 2018 /home/travis/build/icyphy/ptII/ptolemy/actor/lib/test/auto/FileWriter2.xml
----------------- Instantiating /home/travis/build/icyphy/ptII/ptolemy/actor/lib/test/auto/FileWriter2.xml
2 ms. Memory: 1279488K Free: 1213189K (95%)
----------------- Invoking toplevel() on ptolemy.moml.MoMLSimpleApplication@123a69d7
----------------- Done invoking toplevel() on ptolemy.moml.MoMLSimpleApplication@123a69d7
reloadAllAccessors: .FileWriter2

===========================================================================================
----------------- testing Thu Aug 02 01:43:06 UTC 2018 /home/travis/build/icyphy/ptII/ptolemy/actor/lib/test/auto/FileWriter3.xml
----------------- Instantiating /home/travis/build/icyphy/ptII/ptolemy/actor/lib/test/auto/FileWriter3.xml
6 ms. Memory: 1279488K Free: 1201387K (94%)
----------------- Invoking toplevel() on ptolemy.moml.MoMLSimpleApplication@5ae983d0
----------------- Done invoking toplevel() on ptolemy.moml.MoMLSimpleApplication@5ae983d0
reloadAllAccessors: .FileWriter3

===========================================================================================
----------------- testing Thu Aug 02 01:43:06 UTC 2018 /home/travis/build/icyphy/ptII/ptolemy/actor/lib/test/auto/Gaussian.xml
----------------- Instantiating /home/travis/build/icyphy/ptII/ptolemy/actor/lib/test/auto/Gaussian.xml
2 ms. Memory: 1279488K Free: 1183193K (92%)
----------------- Invoking toplevel() on ptolemy.moml.MoMLSimpleApplication@9a7eea0
----------------- Done invoking toplevel() on ptolemy.moml.MoMLSimpleApplication@9a7eea0
reloadAllAccessors: .Gaussian

===========================================================================================
----------------- testing Thu Aug 02 01:43:06 UTC 2018 /home/travis/build/icyphy/ptII/ptolemy/actor/lib/test/auto/Gaussian1.xml
----------------- Instantiating /home/travis/build/icyphy/ptII/ptolemy/actor/lib/test/auto/Gaussian1.xml
3 ms. Memory: 1279488K Free: 1171392K (92%)
----------------- Invoking toplevel() on ptolemy.moml.MoMLSimpleApplication@7031a148
----------------- Done invoking toplevel() on ptolemy.moml.MoMLSimpleApplication@7031a148
reloadAllAccessors: .Gaussian1

===========================================================================================
----------------- testing Thu Aug 02 01:43:06 UTC 2018 /home/travis/build/icyphy/ptII/ptolemy/actor/lib/test/auto/Gaussian2.xml
----------------- Instantiating /home/travis/build/icyphy/ptII/ptolemy/actor/lib/test/auto/Gaussian2.xml
2 ms. Memory: 1279488K Free: 1159590K (91%)
----------------- Invoking toplevel() on ptolemy.moml.MoMLSimpleApplication@33ab4641
----------------- Done invoking toplevel() on ptolemy.moml.MoMLSimpleApplication@33ab4641
reloadAllAccessors: .Gaussian2

===========================================================================================
----------------- testing Thu Aug 02 01:43:06 UTC 2018 /home/travis/build/icyphy/ptII/ptolemy/actor/lib/test/auto/GradientAdaptiveLattice.xml
----------------- Instantiating /home/travis/build/icyphy/ptII/ptolemy/actor/lib/test/auto/GradientAdaptiveLattice.xml
2 ms. Memory: 1279488K Free: 1141396K (89%)
----------------- Invoking toplevel() on ptolemy.moml.MoMLSimpleApplication@2994a33a
----------------- Done invoking toplevel() on ptolemy.moml.MoMLSimpleApplication@2994a33a
reloadAllAccessors: .GradientAdaptiveLattice

===========================================================================================
----------------- testing Thu Aug 02 01:43:06 UTC 2018 /home/travis/build/icyphy/ptII/ptolemy/actor/lib/test/auto/IIR.xml
----------------- Instantiating /home/travis/build/icyphy/ptII/ptolemy/actor/lib/test/auto/IIR.xml
1 ms. Memory: 1279488K Free: 1129595K (88%)
----------------- Invoking toplevel() on ptolemy.moml.MoMLSimpleApplication@65d1fda7
----------------- Done invoking toplevel() on ptolemy.moml.MoMLSimpleApplication@65d1fda7
reloadAllAccessors: .IIR

===========================================================================================
----------------- testing Thu Aug 02 01:43:06 UTC 2018 /home/travis/build/icyphy/ptII/ptolemy/actor/lib/test/auto/InputOutputTransparentPorts.xml
----------------- Instantiating /home/travis/build/icyphy/ptII/ptolemy/actor/lib/test/auto/InputOutputTransparentPorts.xml
2 ms. Memory: 1279488K Free: 1117793K (87%)
----------------- Invoking toplevel() on ptolemy.moml.MoMLSimpleApplication@11f00ad
----------------- Done invoking toplevel() on ptolemy.moml.MoMLSimpleApplication@11f00ad
reloadAllAccessors: .InputOutputTransparentPorts

===========================================================================================
----------------- testing Thu Aug 02 01:43:06 UTC 2018 /home/travis/build/icyphy/ptII/ptolemy/actor/lib/test/auto/Interpolator.xml
----------------- Instantiating /home/travis/build/icyphy/ptII/ptolemy/actor/lib/test/auto/Interpolator.xml
3 ms. Memory: 1279488K Free: 1099599K (86%)
----------------- Invoking toplevel() on ptolemy.moml.MoMLSimpleApplication@cd8a579
----------------- Done invoking toplevel() on ptolemy.moml.MoMLSimpleApplication@cd8a579
reloadAllAccessors: .Interpolator

===========================================================================================
----------------- testing Thu Aug 02 01:43:06 UTC 2018 /home/travis/build/icyphy/ptII/ptolemy/actor/lib/test/auto/InterpolatorFiringLimitDE.xml
----------------- Instantiating /home/travis/build/icyphy/ptII/ptolemy/actor/lib/test/auto/InterpolatorFiringLimitDE.xml
2 ms. Memory: 1279488K Free: 1087798K (85%)
----------------- Invoking toplevel() on ptolemy.moml.MoMLSimpleApplication@440db5e
----------------- Done invoking toplevel() on ptolemy.moml.MoMLSimpleApplication@440db5e
reloadAllAccessors: .InterpolatorFiringLimitDE

===========================================================================================
----------------- testing Thu Aug 02 01:43:06 UTC 2018 /home/travis/build/icyphy/ptII/ptolemy/actor/lib/test/auto/Lattice.xml
----------------- Instantiating /home/travis/build/icyphy/ptII/ptolemy/actor/lib/test/auto/Lattice.xml
1 ms. Memory: 1279488K Free: 1075996K (84%)
----------------- Invoking toplevel() on ptolemy.moml.MoMLSimpleApplication@c3e31a7
----------------- Done invoking toplevel() on ptolemy.moml.MoMLSimpleApplication@c3e31a7
reloadAllAccessors: .Lattice

===========================================================================================
----------------- testing Thu Aug 02 01:43:06 UTC 2018 /home/travis/build/icyphy/ptII/ptolemy/actor/lib/test/auto/LazyAOCTestLazy.xml
----------------- Instantiating /home/travis/build/icyphy/ptII/ptolemy/actor/lib/test/auto/LazyAOCTestLazy.xml
7 ms. Memory: 1279488K Free: 1057802K (83%)
----------------- Invoking toplevel() on ptolemy.moml.MoMLSimpleApplication@126948
----------------- Done invoking toplevel() on ptolemy.moml.MoMLSimpleApplication@126948
reloadAllAccessors: .LazyAOCTestLazy

===========================================================================================
----------------- testing Thu Aug 02 01:43:06 UTC 2018 /home/travis/build/icyphy/ptII/ptolemy/actor/lib/test/auto/LazyAOCTestNonLazy.xml
----------------- Instantiating /home/travis/build/icyphy/ptII/ptolemy/actor/lib/test/auto/LazyAOCTestNonLazy.xml
10 ms. Memory: 1279488K Free: 1046001K (82%)
----------------- Invoking toplevel() on ptolemy.moml.MoMLSimpleApplication@56695a5c
----------------- Done invoking toplevel() on ptolemy.moml.MoMLSimpleApplication@56695a5c
reloadAllAccessors: .LazyAOCTestNonLazy

===========================================================================================
----------------- testing Thu Aug 02 01:43:06 UTC 2018 /home/travis/build/icyphy/ptII/ptolemy/actor/lib/test/auto/LazyInnerClass.xml
----------------- Instantiating /home/travis/build/icyphy/ptII/ptolemy/actor/lib/test/auto/LazyInnerClass.xml
19 ms. Memory: 1279488K Free: 1027807K (80%)
----------------- Invoking toplevel() on ptolemy.moml.MoMLSimpleApplication@714c5e32
----------------- Done invoking toplevel() on ptolemy.moml.MoMLSimpleApplication@714c5e32
reloadAllAccessors: .LazyInnerClass

===========================================================================================
----------------- testing Thu Aug 02 01:43:06 UTC 2018 /home/travis/build/icyphy/ptII/ptolemy/actor/lib/test/auto/LazyPubSub.xml
----------------- Instantiating /home/travis/build/icyphy/ptII/ptolemy/actor/lib/test/auto/LazyPubSub.xml
11 ms. Memory: 1279488K Free: 1016005K (79%)
----------------- Invoking toplevel() on ptolemy.moml.MoMLSimpleApplication@1adbd56e
----------------- Done invoking toplevel() on ptolemy.moml.MoMLSimpleApplication@1adbd56e
reloadAllAccessors: .LazyPubSub

===========================================================================================
----------------- testing Thu Aug 02 01:43:06 UTC 2018 /home/travis/build/icyphy/ptII/ptolemy/actor/lib/test/auto/LazyPubSub2.xml
----------------- Instantiating /home/travis/build/icyphy/ptII/ptolemy/actor/lib/test/auto/LazyPubSub2.xml
25 ms. Memory: 1279488K Free: 1004204K (78%)
----------------- Invoking toplevel() on ptolemy.moml.MoMLSimpleApplication@72885a20
----------------- Done invoking toplevel() on ptolemy.moml.MoMLSimpleApplication@72885a20
reloadAllAccessors: .LazyPubSub2

===========================================================================================
----------------- testing Thu Aug 02 01:43:06 UTC 2018 /home/travis/build/icyphy/ptII/ptolemy/actor/lib/test/auto/LazyPubSub3.xml
----------------- Instantiating /home/travis/build/icyphy/ptII/ptolemy/actor/lib/test/auto/LazyPubSub3.xml
14 ms. Memory: 1279488K Free: 986010K (77%)
----------------- Invoking toplevel() on ptolemy.moml.MoMLSimpleApplication@23b9afd2
----------------- Done invoking toplevel() on ptolemy.moml.MoMLSimpleApplication@23b9afd2
reloadAllAccessors: .LazyPubSub3

===========================================================================================
----------------- testing Thu Aug 02 01:43:06 UTC 2018 /home/travis/build/icyphy/ptII/ptolemy/actor/lib/test/auto/LazySubClassModel.xml
----------------- Instantiating /home/travis/build/icyphy/ptII/ptolemy/actor/lib/test/auto/LazySubClassModel.xml
2 ms. Memory: 1279488K Free: 968256K (76%)
----------------- Invoking toplevel() on ptolemy.moml.MoMLSimpleApplication@1dc0c81d
----------------- Done invoking toplevel() on ptolemy.moml.MoMLSimpleApplication@1dc0c81d
reloadAllAccessors: .LazySubClassModel

===========================================================================================
----------------- testing Thu Aug 02 01:43:06 UTC 2018 /home/travis/build/icyphy/ptII/ptolemy/actor/lib/test/auto/LevelCrossTest1.xml
----------------- Instantiating /home/travis/build/icyphy/ptII/ptolemy/actor/lib/test/auto/LevelCrossTest1.xml
1 ms. Memory: 1279488K Free: 956454K (75%)
----------------- Invoking toplevel() on ptolemy.moml.MoMLSimpleApplication@5a854a06
----------------- Done invoking toplevel() on ptolemy.moml.MoMLSimpleApplication@5a854a06
reloadAllAccessors: .broken

===========================================================================================
----------------- testing Thu Aug 02 01:43:06 UTC 2018 /home/travis/build/icyphy/ptII/ptolemy/actor/lib/test/auto/LevelCrossTest10.xml
----------------- Instantiating /home/travis/build/icyphy/ptII/ptolemy/actor/lib/test/auto/LevelCrossTest10.xml
1 ms. Memory: 1279488K Free: 932344K (73%)
----------------- Invoking toplevel() on ptolemy.moml.MoMLSimpleApplication@25e1d3dc
----------------- Done invoking toplevel() on ptolemy.moml.MoMLSimpleApplication@25e1d3dc
reloadAllAccessors: .LevelCrossTest10

===========================================================================================
----------------- testing Thu Aug 02 01:43:06 UTC 2018 /home/travis/build/icyphy/ptII/ptolemy/actor/lib/test/auto/LevelCrossTest11.xml
----------------- Instantiating /home/travis/build/icyphy/ptII/ptolemy/actor/lib/test/auto/LevelCrossTest11.xml
1 ms. Memory: 1279488K Free: 920542K (72%)
----------------- Invoking toplevel() on ptolemy.moml.MoMLSimpleApplication@31d4454c
----------------- Done invoking toplevel() on ptolemy.moml.MoMLSimpleApplication@31d4454c
reloadAllAccessors: .LevelCrossTest11

===========================================================================================
----------------- testing Thu Aug 02 01:43:06 UTC 2018 /home/travis/build/icyphy/ptII/ptolemy/actor/lib/test/auto/LevelCrossTest12.xml
----------------- Instantiating /home/travis/build/icyphy/ptII/ptolemy/actor/lib/test/auto/LevelCrossTest12.xml
1 ms. Memory: 1279488K Free: 908741K (71%)
----------------- Invoking toplevel() on ptolemy.moml.MoMLSimpleApplication@29e82dc
----------------- Done invoking toplevel() on ptolemy.moml.MoMLSimpleApplication@29e82dc
reloadAllAccessors: .LevelCrossTest12

===========================================================================================
----------------- testing Thu Aug 02 01:43:06 UTC 2018 /home/travis/build/icyphy/ptII/ptolemy/actor/lib/test/auto/LevelCrossTest13.xml
----------------- Instantiating /home/travis/build/icyphy/ptII/ptolemy/actor/lib/test/auto/LevelCrossTest13.xml
1 ms. Memory: 1279488K Free: 890547K (70%)
----------------- Invoking toplevel() on ptolemy.moml.MoMLSimpleApplication@4ce3527d
----------------- Done invoking toplevel() on ptolemy.moml.MoMLSimpleApplication@4ce3527d
reloadAllAccessors: .LevelCrossTest13

===========================================================================================
----------------- testing Thu Aug 02 01:43:06 UTC 2018 /home/travis/build/icyphy/ptII/ptolemy/actor/lib/test/auto/LevelCrossTest2.xml
----------------- Instantiating /home/travis/build/icyphy/ptII/ptolemy/actor/lib/test/auto/LevelCrossTest2.xml
1 ms. Memory: 1279488K Free: 878745K (69%)
----------------- Invoking toplevel() on ptolemy.moml.MoMLSimpleApplication@4404cfb4
----------------- Done invoking toplevel() on ptolemy.moml.MoMLSimpleApplication@4404cfb4
reloadAllAccessors: .broken

===========================================================================================
----------------- testing Thu Aug 02 01:43:06 UTC 2018 /home/travis/build/icyphy/ptII/ptolemy/actor/lib/test/auto/LevelCrossTest3.xml
----------------- Instantiating /home/travis/build/icyphy/ptII/ptolemy/actor/lib/test/auto/LevelCrossTest3.xml
1 ms. Memory: 1279488K Free: 866944K (68%)
----------------- Invoking toplevel() on ptolemy.moml.MoMLSimpleApplication@1791ffb7
----------------- Done invoking toplevel() on ptolemy.moml.MoMLSimpleApplication@1791ffb7
reloadAllAccessors: .LevelCrossTest3

===========================================================================================
----------------- testing Thu Aug 02 01:43:06 UTC 2018 /home/travis/build/icyphy/ptII/ptolemy/actor/lib/test/auto/LevelCrossTest4.xml
----------------- Instantiating /home/travis/build/icyphy/ptII/ptolemy/actor/lib/test/auto/LevelCrossTest4.xml
1 ms. Memory: 1279488K Free: 848750K (66%)
----------------- Invoking toplevel() on ptolemy.moml.MoMLSimpleApplication@7af91e18
----------------- Done invoking toplevel() on ptolemy.moml.MoMLSimpleApplication@7af91e18
reloadAllAccessors: .broken

===========================================================================================
----------------- testing Thu Aug 02 01:43:07 UTC 2018 /home/travis/build/icyphy/ptII/ptolemy/actor/lib/test/auto/LevelCrossTest5.xml
----------------- Instantiating /home/travis/build/icyphy/ptII/ptolemy/actor/lib/test/auto/LevelCrossTest5.xml
1 ms. Memory: 1279488K Free: 836948K (65%)
----------------- Invoking toplevel() on ptolemy.moml.MoMLSimpleApplication@481b5634
----------------- Done invoking toplevel() on ptolemy.moml.MoMLSimpleApplication@481b5634
reloadAllAccessors: .LevelCrossTest5

===========================================================================================
----------------- testing Thu Aug 02 01:43:07 UTC 2018 /home/travis/build/icyphy/ptII/ptolemy/actor/lib/test/auto/LevelCrossTest6.xml
----------------- Instantiating /home/travis/build/icyphy/ptII/ptolemy/actor/lib/test/auto/LevelCrossTest6.xml
4 ms. Memory: 1279488K Free: 818755K (64%)
----------------- Invoking toplevel() on ptolemy.moml.MoMLSimpleApplication@2ac6e13d
----------------- Done invoking toplevel() on ptolemy.moml.MoMLSimpleApplication@2ac6e13d
reloadAllAccessors: .LevelCrossTest6

===========================================================================================
----------------- testing Thu Aug 02 01:43:07 UTC 2018 /home/travis/build/icyphy/ptII/ptolemy/actor/lib/test/auto/LevelCrossTest7.xml
----------------- Instantiating /home/travis/build/icyphy/ptII/ptolemy/actor/lib/test/auto/LevelCrossTest7.xml
9 ms. Memory: 1279488K Free: 806953K (63%)
----------------- Invoking toplevel() on ptolemy.moml.MoMLSimpleApplication@4cf2412a
----------------- Done invoking toplevel() on ptolemy.moml.MoMLSimpleApplication@4cf2412a
reloadAllAccessors: .LevelCrossTest7

===========================================================================================
----------------- testing Thu Aug 02 01:43:07 UTC 2018 /home/travis/build/icyphy/ptII/ptolemy/actor/lib/test/auto/LevelCrossTest8.xml
----------------- Instantiating /home/travis/build/icyphy/ptII/ptolemy/actor/lib/test/auto/LevelCrossTest8.xml
1 ms. Memory: 1279488K Free: 795151K (62%)
----------------- Invoking toplevel() on ptolemy.moml.MoMLSimpleApplication@1f042c65
----------------- Done invoking toplevel() on ptolemy.moml.MoMLSimpleApplication@1f042c65
reloadAllAccessors: .LevelCrossTest8

===========================================================================================
----------------- testing Thu Aug 02 01:43:07 UTC 2018 /home/travis/build/icyphy/ptII/ptolemy/actor/lib/test/auto/LevelCrossTest9.xml
----------------- Instantiating /home/travis/build/icyphy/ptII/ptolemy/actor/lib/test/auto/LevelCrossTest9.xml
1 ms. Memory: 1279488K Free: 776958K (61%)
----------------- Invoking toplevel() on ptolemy.moml.MoMLSimpleApplication@da36523
----------------- Done invoking toplevel() on ptolemy.moml.MoMLSimpleApplication@da36523
reloadAllAccessors: .LevelCrossTest9

===========================================================================================
----------------- testing Thu Aug 02 01:43:07 UTC 2018 /home/travis/build/icyphy/ptII/ptolemy/actor/lib/test/auto/LevinsonDurbin.xml
----------------- Instantiating /home/travis/build/icyphy/ptII/ptolemy/actor/lib/test/auto/LevinsonDurbin.xml
1 ms. Memory: 1279488K Free: 765156K (60%)
----------------- Invoking toplevel() on ptolemy.moml.MoMLSimpleApplication@73d57832
----------------- Done invoking toplevel() on ptolemy.moml.MoMLSimpleApplication@73d57832
reloadAllAccessors: .LevinsonDurbin

===========================================================================================
----------------- testing Thu Aug 02 01:43:07 UTC 2018 /home/travis/build/icyphy/ptII/ptolemy/actor/lib/test/auto/LevinsonDurbin2.xml
----------------- Instantiating /home/travis/build/icyphy/ptII/ptolemy/actor/lib/test/auto/LevinsonDurbin2.xml
1 ms. Memory: 1279488K Free: 753354K (59%)
----------------- Invoking toplevel() on ptolemy.moml.MoMLSimpleApplication@1ef85063
----------------- Done invoking toplevel() on ptolemy.moml.MoMLSimpleApplication@1ef85063
reloadAllAccessors: .LevinsonDurbin2

===========================================================================================
----------------- testing Thu Aug 02 01:43:07 UTC 2018 /home/travis/build/icyphy/ptII/ptolemy/actor/lib/test/auto/LevinsonDurbin3.xml
----------------- Instantiating /home/travis/build/icyphy/ptII/ptolemy/actor/lib/test/auto/LevinsonDurbin3.xml
2 ms. Memory: 1279488K Free: 735161K (57%)
----------------- Invoking toplevel() on ptolemy.moml.MoMLSimpleApplication@72cab562
----------------- Done invoking toplevel() on ptolemy.moml.MoMLSimpleApplication@72cab562
reloadAllAccessors: .LevinsonDurbin3

===========================================================================================
----------------- testing Thu Aug 02 01:43:07 UTC 2018 /home/travis/build/icyphy/ptII/ptolemy/actor/lib/test/auto/Limiter.xml
----------------- Instantiating /home/travis/build/icyphy/ptII/ptolemy/actor/lib/test/auto/Limiter.xml
4 ms. Memory: 1279488K Free: 717442K (56%)
----------------- Invoking toplevel() on ptolemy.moml.MoMLSimpleApplication@e4ba5fc
----------------- Done invoking toplevel() on ptolemy.moml.MoMLSimpleApplication@e4ba5fc
reloadAllAccessors: .Limiter

===========================================================================================
----------------- testing Thu Aug 02 01:43:07 UTC 2018 /home/travis/build/icyphy/ptII/ptolemy/actor/lib/test/auto/LinearDifferenceEquationSystem.xml
----------------- Instantiating /home/travis/build/icyphy/ptII/ptolemy/actor/lib/test/auto/LinearDifferenceEquationSystem.xml
3 ms. Memory: 1279488K Free: 705641K (55%)
----------------- Invoking toplevel() on ptolemy.moml.MoMLSimpleApplication@3176e761
----------------- Done invoking toplevel() on ptolemy.moml.MoMLSimpleApplication@3176e761
reloadAllAccessors: .LinearDifferenceEquationSystem

===========================================================================================
----------------- testing Thu Aug 02 01:43:07 UTC 2018 /home/travis/build/icyphy/ptII/ptolemy/actor/lib/test/auto/LookupTable.xml
----------------- Instantiating /home/travis/build/icyphy/ptII/ptolemy/actor/lib/test/auto/LookupTable.xml
2 ms. Memory: 1279488K Free: 687447K (54%)
----------------- Invoking toplevel() on ptolemy.moml.MoMLSimpleApplication@411c40c2
----------------- Done invoking toplevel() on ptolemy.moml.MoMLSimpleApplication@411c40c2
reloadAllAccessors: .LookupTable

===========================================================================================
----------------- testing Thu Aug 02 01:43:07 UTC 2018 /home/travis/build/icyphy/ptII/ptolemy/actor/lib/test/auto/MathFunction.xml
----------------- Instantiating /home/travis/build/icyphy/ptII/ptolemy/actor/lib/test/auto/MathFunction.xml
2 ms. Memory: 1279488K Free: 669737K (52%)
----------------- Invoking toplevel() on ptolemy.moml.MoMLSimpleApplication@26d2b10b
----------------- Done invoking toplevel() on ptolemy.moml.MoMLSimpleApplication@26d2b10b
reloadAllAccessors: .MathFunction

===========================================================================================
----------------- testing Thu Aug 02 01:43:07 UTC 2018 /home/travis/build/icyphy/ptII/ptolemy/actor/lib/test/auto/MathFunction2.xml
----------------- Instantiating /home/travis/build/icyphy/ptII/ptolemy/actor/lib/test/auto/MathFunction2.xml
1 ms. Memory: 1279488K Free: 651543K (51%)
----------------- Invoking toplevel() on ptolemy.moml.MoMLSimpleApplication@51873a5
----------------- Done invoking toplevel() on ptolemy.moml.MoMLSimpleApplication@51873a5
reloadAllAccessors: .MathFunction2

===========================================================================================
----------------- testing Thu Aug 02 01:43:07 UTC 2018 /home/travis/build/icyphy/ptII/ptolemy/actor/lib/test/auto/MathFunction3.xml
----------------- Instantiating /home/travis/build/icyphy/ptII/ptolemy/actor/lib/test/auto/MathFunction3.xml
2 ms. Memory: 1279488K Free: 639741K (50%)
----------------- Invoking toplevel() on ptolemy.moml.MoMLSimpleApplication@391918c2
----------------- Done invoking toplevel() on ptolemy.moml.MoMLSimpleApplication@391918c2
reloadAllAccessors: .MathFunction3

===========================================================================================
----------------- testing Thu Aug 02 01:43:07 UTC 2018 /home/travis/build/icyphy/ptII/ptolemy/actor/lib/test/auto/MatrixCropBoolean.xml
----------------- Instantiating /home/travis/build/icyphy/ptII/ptolemy/actor/lib/test/auto/MatrixCropBoolean.xml
2 ms. Memory: 1279488K Free: 627940K (49%)
----------------- Invoking toplevel() on ptolemy.moml.MoMLSimpleApplication@201c58be
----------------- Done invoking toplevel() on ptolemy.moml.MoMLSimpleApplication@201c58be
reloadAllAccessors: .MatrixCropBoolean

===========================================================================================
----------------- testing Thu Aug 02 01:43:07 UTC 2018 /home/travis/build/icyphy/ptII/ptolemy/actor/lib/test/auto/MatrixCropComplex.xml
----------------- Instantiating /home/travis/build/icyphy/ptII/ptolemy/actor/lib/test/auto/MatrixCropComplex.xml
1 ms. Memory: 1279488K Free: 609746K (48%)
----------------- Invoking toplevel() on ptolemy.moml.MoMLSimpleApplication@11a7bc1a
----------------- Done invoking toplevel() on ptolemy.moml.MoMLSimpleApplication@11a7bc1a
reloadAllAccessors: .MatrixCropComplex

===========================================================================================
----------------- testing Thu Aug 02 01:43:07 UTC 2018 /home/travis/build/icyphy/ptII/ptolemy/actor/lib/test/auto/MatrixCropDouble.xml
----------------- Instantiating /home/travis/build/icyphy/ptII/ptolemy/actor/lib/test/auto/MatrixCropDouble.xml
1 ms. Memory: 1279488K Free: 597944K (47%)
----------------- Invoking toplevel() on ptolemy.moml.MoMLSimpleApplication@4b4e1865
----------------- Done invoking toplevel() on ptolemy.moml.MoMLSimpleApplication@4b4e1865
reloadAllAccessors: .MatrixCropDouble

===========================================================================================
----------------- testing Thu Aug 02 01:43:07 UTC 2018 /home/travis/build/icyphy/ptII/ptolemy/actor/lib/test/auto/MatrixCropFix.xml
----------------- Instantiating /home/travis/build/icyphy/ptII/ptolemy/actor/lib/test/auto/MatrixCropFix.xml
2 ms. Memory: 1279488K Free: 586143K (46%)
----------------- Invoking toplevel() on ptolemy.moml.MoMLSimpleApplication@5d00fda6
----------------- Done invoking toplevel() on ptolemy.moml.MoMLSimpleApplication@5d00fda6
reloadAllAccessors: .MatrixCropFix

===========================================================================================
----------------- testing Thu Aug 02 01:43:07 UTC 2018 /home/travis/build/icyphy/ptII/ptolemy/actor/lib/test/auto/MatrixCropInt.xml
----------------- Instantiating /home/travis/build/icyphy/ptII/ptolemy/actor/lib/test/auto/MatrixCropInt.xml
1 ms. Memory: 1279488K Free: 567949K (44%)
----------------- Invoking toplevel() on ptolemy.moml.MoMLSimpleApplication@1b9135a2
----------------- Done invoking toplevel() on ptolemy.moml.MoMLSimpleApplication@1b9135a2
reloadAllAccessors: .MatrixCropInt

===========================================================================================
----------------- testing Thu Aug 02 01:43:07 UTC 2018 /home/travis/build/icyphy/ptII/ptolemy/actor/lib/test/auto/MatrixCropLong.xml
----------------- Instantiating /home/travis/build/icyphy/ptII/ptolemy/actor/lib/test/auto/MatrixCropLong.xml
1 ms. Memory: 1279488K Free: 556147K (43%)
----------------- Invoking toplevel() on ptolemy.moml.MoMLSimpleApplication@65f7ef45
----------------- Done invoking toplevel() on ptolemy.moml.MoMLSimpleApplication@65f7ef45
reloadAllAccessors: .MatrixCropLong

===========================================================================================
----------------- testing Thu Aug 02 01:43:07 UTC 2018 /home/travis/build/icyphy/ptII/ptolemy/actor/lib/test/auto/MatrixToArray.xml
----------------- Instantiating /home/travis/build/icyphy/ptII/ptolemy/actor/lib/test/auto/MatrixToArray.xml
5 ms. Memory: 1279488K Free: 532520K (42%)
----------------- Invoking toplevel() on ptolemy.moml.MoMLSimpleApplication@bfc8218
----------------- Done invoking toplevel() on ptolemy.moml.MoMLSimpleApplication@bfc8218
reloadAllAccessors: .MatrixToArray

===========================================================================================
----------------- testing Thu Aug 02 01:43:07 UTC 2018 /home/travis/build/icyphy/ptII/ptolemy/actor/lib/test/auto/MaxIndex.xml
----------------- Instantiating /home/travis/build/icyphy/ptII/ptolemy/actor/lib/test/auto/MaxIndex.xml
2 ms. Memory: 1279488K Free: 514327K (40%)
----------------- Invoking toplevel() on ptolemy.moml.MoMLSimpleApplication@4f384084
----------------- Done invoking toplevel() on ptolemy.moml.MoMLSimpleApplication@4f384084
reloadAllAccessors: .MaxIndex

===========================================================================================
----------------- testing Thu Aug 02 01:43:07 UTC 2018 /home/travis/build/icyphy/ptII/ptolemy/actor/lib/test/auto/Maximum.xml
----------------- Instantiating /home/travis/build/icyphy/ptII/ptolemy/actor/lib/test/auto/Maximum.xml
3 ms. Memory: 1279488K Free: 502525K (39%)
----------------- Invoking toplevel() on ptolemy.moml.MoMLSimpleApplication@4d447674
----------------- Done invoking toplevel() on ptolemy.moml.MoMLSimpleApplication@4d447674
reloadAllAccessors: .Maximum

===========================================================================================
----------------- testing Thu Aug 02 01:43:07 UTC 2018 /home/travis/build/icyphy/ptII/ptolemy/actor/lib/test/auto/MaximumComplex.xml
----------------- Instantiating /home/travis/build/icyphy/ptII/ptolemy/actor/lib/test/auto/MaximumComplex.xml
3 ms. Memory: 1279488K Free: 484331K (38%)
----------------- Invoking toplevel() on ptolemy.moml.MoMLSimpleApplication@57a56aaf
----------------- Done invoking toplevel() on ptolemy.moml.MoMLSimpleApplication@57a56aaf
reloadAllAccessors: .MaximumComplex

===========================================================================================
----------------- testing Thu Aug 02 01:43:07 UTC 2018 /home/travis/build/icyphy/ptII/ptolemy/actor/lib/test/auto/MethodCallTest.xml
----------------- Instantiating /home/travis/build/icyphy/ptII/ptolemy/actor/lib/test/auto/MethodCallTest.xml
2 ms. Memory: 1279488K Free: 472530K (37%)
----------------- Invoking toplevel() on ptolemy.moml.MoMLSimpleApplication@2d80d7e9
----------------- Done invoking toplevel() on ptolemy.moml.MoMLSimpleApplication@2d80d7e9
reloadAllAccessors: .MethodCallTest

===========================================================================================
----------------- testing Thu Aug 02 01:43:07 UTC 2018 /home/travis/build/icyphy/ptII/ptolemy/actor/lib/test/auto/Minimum.xml
----------------- Instantiating /home/travis/build/icyphy/ptII/ptolemy/actor/lib/test/auto/Minimum.xml
3 ms. Memory: 1279488K Free: 460728K (36%)
----------------- Invoking toplevel() on ptolemy.moml.MoMLSimpleApplication@67facd17
----------------- Done invoking toplevel() on ptolemy.moml.MoMLSimpleApplication@67facd17
reloadAllAccessors: .Minimum

===========================================================================================
----------------- testing Thu Aug 02 01:43:07 UTC 2018 /home/travis/build/icyphy/ptII/ptolemy/actor/lib/test/auto/MinimumComplex.xml
----------------- Instantiating /home/travis/build/icyphy/ptII/ptolemy/actor/lib/test/auto/MinimumComplex.xml
2 ms. Memory: 1279488K Free: 442534K (35%)
----------------- Invoking toplevel() on ptolemy.moml.MoMLSimpleApplication@4a4edf36
----------------- Done invoking toplevel() on ptolemy.moml.MoMLSimpleApplication@4a4edf36
reloadAllAccessors: .MinimumComplex

===========================================================================================
----------------- testing Thu Aug 02 01:43:07 UTC 2018 /home/travis/build/icyphy/ptII/ptolemy/actor/lib/test/auto/MinimumMultiports.xml
----------------- Instantiating /home/travis/build/icyphy/ptII/ptolemy/actor/lib/test/auto/MinimumMultiports.xml
3 ms. Memory: 1279488K Free: 430733K (34%)
----------------- Invoking toplevel() on ptolemy.moml.MoMLSimpleApplication@273bd503
----------------- Done invoking toplevel() on ptolemy.moml.MoMLSimpleApplication@273bd503
reloadAllAccessors: .MinimumMultiports

===========================================================================================
----------------- testing Thu Aug 02 01:43:07 UTC 2018 /home/travis/build/icyphy/ptII/ptolemy/actor/lib/test/auto/ModifyDate.xml
----------------- Instantiating /home/travis/build/icyphy/ptII/ptolemy/actor/lib/test/auto/ModifyDate.xml
5 ms. Memory: 1279488K Free: 407106K (32%)
----------------- Invoking toplevel() on ptolemy.moml.MoMLSimpleApplication@31e7cf43
----------------- Done invoking toplevel() on ptolemy.moml.MoMLSimpleApplication@31e7cf43
reloadAllAccessors: .ModifyDate

===========================================================================================
----------------- testing Thu Aug 02 01:43:07 UTC 2018 /home/travis/build/icyphy/ptII/ptolemy/actor/lib/test/auto/ModifyDate2.xml
----------------- Instantiating /home/travis/build/icyphy/ptII/ptolemy/actor/lib/test/auto/ModifyDate2.xml
3 ms. Memory: 1279488K Free: 383011K (30%)
----------------- Invoking toplevel() on ptolemy.moml.MoMLSimpleApplication@5cb4a17c
----------------- Done invoking toplevel() on ptolemy.moml.MoMLSimpleApplication@5cb4a17c
reloadAllAccessors: .ModifyDate2

===========================================================================================
----------------- testing Thu Aug 02 01:43:07 UTC 2018 /home/travis/build/icyphy/ptII/ptolemy/actor/lib/test/auto/MovingAverage.xml
----------------- Instantiating /home/travis/build/icyphy/ptII/ptolemy/actor/lib/test/auto/MovingAverage.xml
3 ms. Memory: 1279488K Free: 371210K (29%)
----------------- Invoking toplevel() on ptolemy.moml.MoMLSimpleApplication@23b89abe
----------------- Done invoking toplevel() on ptolemy.moml.MoMLSimpleApplication@23b89abe
reloadAllAccessors: .MovingAverage

===========================================================================================
----------------- testing Thu Aug 02 01:43:07 UTC 2018 /home/travis/build/icyphy/ptII/ptolemy/actor/lib/test/auto/MovingMaximum.xml
----------------- Instantiating /home/travis/build/icyphy/ptII/ptolemy/actor/lib/test/auto/MovingMaximum.xml
2 ms. Memory: 1279488K Free: 353016K (28%)
----------------- Invoking toplevel() on ptolemy.moml.MoMLSimpleApplication@73e1704d
----------------- Done invoking toplevel() on ptolemy.moml.MoMLSimpleApplication@73e1704d
reloadAllAccessors: .MovingMaximum

===========================================================================================
----------------- testing Thu Aug 02 01:43:07 UTC 2018 /home/travis/build/icyphy/ptII/ptolemy/actor/lib/test/auto/MultipleLinksToSameRelation.xml
----------------- Instantiating /home/travis/build/icyphy/ptII/ptolemy/actor/lib/test/auto/MultipleLinksToSameRelation.xml
2 ms. Memory: 1279488K Free: 341214K (27%)
----------------- Invoking toplevel() on ptolemy.moml.MoMLSimpleApplication@40065811
----------------- Done invoking toplevel() on ptolemy.moml.MoMLSimpleApplication@40065811
reloadAllAccessors: .MultipleLinksToSameRelation

===========================================================================================
----------------- testing Thu Aug 02 01:43:07 UTC 2018 /home/travis/build/icyphy/ptII/ptolemy/actor/lib/test/auto/MultipleLinksToSameRelationDE.xml
----------------- Instantiating /home/travis/build/icyphy/ptII/ptolemy/actor/lib/test/auto/MultipleLinksToSameRelationDE.xml
1 ms. Memory: 1279488K Free: 329413K (26%)
----------------- Invoking toplevel() on ptolemy.moml.MoMLSimpleApplication@32e1e2ea
----------------- Done invoking toplevel() on ptolemy.moml.MoMLSimpleApplication@32e1e2ea
reloadAllAccessors: .MultipleLinksToSameRelationDE

===========================================================================================
----------------- testing Thu Aug 02 01:43:07 UTC 2018 /home/travis/build/icyphy/ptII/ptolemy/actor/lib/test/auto/Multiplexor.xml
----------------- Instantiating /home/travis/build/icyphy/ptII/ptolemy/actor/lib/test/auto/Multiplexor.xml
1 ms. Memory: 1279488K Free: 311219K (24%)
----------------- Invoking toplevel() on ptolemy.moml.MoMLSimpleApplication@cb977ae
----------------- Done invoking toplevel() on ptolemy.moml.MoMLSimpleApplication@cb977ae
reloadAllAccessors: .Multiplexor

===========================================================================================
----------------- testing Thu Aug 02 01:43:07 UTC 2018 /home/travis/build/icyphy/ptII/ptolemy/actor/lib/test/auto/Multiplexor1.xml
----------------- Instantiating /home/travis/build/icyphy/ptII/ptolemy/actor/lib/test/auto/Multiplexor1.xml
1 ms. Memory: 1279488K Free: 299418K (23%)
----------------- Invoking toplevel() on ptolemy.moml.MoMLSimpleApplication@178bf185
----------------- Done invoking toplevel() on ptolemy.moml.MoMLSimpleApplication@178bf185
reloadAllAccessors: .Multiplexor1

===========================================================================================
----------------- testing Thu Aug 02 01:43:07 UTC 2018 /home/travis/build/icyphy/ptII/ptolemy/actor/lib/test/auto/Multiplexor2.xml
----------------- Instantiating /home/travis/build/icyphy/ptII/ptolemy/actor/lib/test/auto/Multiplexor2.xml
2 ms. Memory: 1279488K Free: 287616K (22%)
----------------- Invoking toplevel() on ptolemy.moml.MoMLSimpleApplication@4b50577d
----------------- Done invoking toplevel() on ptolemy.moml.MoMLSimpleApplication@4b50577d
reloadAllAccessors: .Multiplexor2

===========================================================================================
----------------- testing Thu Aug 02 01:43:07 UTC 2018 /home/travis/build/icyphy/ptII/ptolemy/actor/lib/test/auto/Multiplexor3.xml
----------------- Instantiating /home/travis/build/icyphy/ptII/ptolemy/actor/lib/test/auto/Multiplexor3.xml
1 ms. Memory: 1279488K Free: 269422K (21%)
----------------- Invoking toplevel() on ptolemy.moml.MoMLSimpleApplication@6da101bd
----------------- Done invoking toplevel() on ptolemy.moml.MoMLSimpleApplication@6da101bd
reloadAllAccessors: .Multiplexor3

===========================================================================================
----------------- testing Thu Aug 02 01:43:07 UTC 2018 /home/travis/build/icyphy/ptII/ptolemy/actor/lib/test/auto/MultiplexorDE.xml
----------------- Instantiating /home/travis/build/icyphy/ptII/ptolemy/actor/lib/test/auto/MultiplexorDE.xml
2 ms. Memory: 1279488K Free: 257621K (20%)
----------------- Invoking toplevel() on ptolemy.moml.MoMLSimpleApplication@36938a10
----------------- Done invoking toplevel() on ptolemy.moml.MoMLSimpleApplication@36938a10
reloadAllAccessors: .MultiplexorDE

===========================================================================================
----------------- testing Thu Aug 02 01:43:07 UTC 2018 /home/travis/build/icyphy/ptII/ptolemy/actor/lib/test/auto/MultiportBroadcastTest.xml
----------------- Instantiating /home/travis/build/icyphy/ptII/ptolemy/actor/lib/test/auto/MultiportBroadcastTest.xml
72 ms. Memory: 1279488K Free: 245819K (19%)
----------------- Invoking toplevel() on ptolemy.moml.MoMLSimpleApplication@190f979a
----------------- Done invoking toplevel() on ptolemy.moml.MoMLSimpleApplication@190f979a
reloadAllAccessors: .MultiportBroadcastTest

===========================================================================================
----------------- testing Thu Aug 02 01:43:07 UTC 2018 /home/travis/build/icyphy/ptII/ptolemy/actor/lib/test/auto/MultiportOutHangDuringGetWidth.xml
----------------- Instantiating /home/travis/build/icyphy/ptII/ptolemy/actor/lib/test/auto/MultiportOutHangDuringGetWidth.xml
5 ms. Memory: 1279488K Free: 221725K (17%)
----------------- Invoking toplevel() on ptolemy.moml.MoMLSimpleApplication@690dd4b7
----------------- Done invoking toplevel() on ptolemy.moml.MoMLSimpleApplication@690dd4b7
reloadAllAccessors: .MultiportOutHangDuringGetWidth

===========================================================================================
----------------- testing Thu Aug 02 01:43:07 UTC 2018 /home/travis/build/icyphy/ptII/ptolemy/actor/lib/test/auto/NilToken.xml
----------------- Instantiating /home/travis/build/icyphy/ptII/ptolemy/actor/lib/test/auto/NilToken.xml
1 ms. Memory: 1279488K Free: 209923K (16%)
----------------- Invoking toplevel() on ptolemy.moml.MoMLSimpleApplication@755c306
----------------- Done invoking toplevel() on ptolemy.moml.MoMLSimpleApplication@755c306
reloadAllAccessors: .NilToken

===========================================================================================
----------------- testing Thu Aug 02 01:43:07 UTC 2018 /home/travis/build/icyphy/ptII/ptolemy/actor/lib/test/auto/NilTokenNonStrictTest.xml
----------------- Instantiating /home/travis/build/icyphy/ptII/ptolemy/actor/lib/test/auto/NilTokenNonStrictTest.xml
2 ms. Memory: 1279488K Free: 191730K (15%)
----------------- Invoking toplevel() on ptolemy.moml.MoMLSimpleApplication@31d3d443
----------------- Done invoking toplevel() on ptolemy.moml.MoMLSimpleApplication@31d3d443
reloadAllAccessors: .NilTokenNonStrictTest

===========================================================================================
----------------- testing Thu Aug 02 01:43:07 UTC 2018 /home/travis/build/icyphy/ptII/ptolemy/actor/lib/test/auto/NilTokenRecord.xml
----------------- Instantiating /home/travis/build/icyphy/ptII/ptolemy/actor/lib/test/auto/NilTokenRecord.xml
5 ms. Memory: 1279488K Free: 179928K (14%)
----------------- Invoking toplevel() on ptolemy.moml.MoMLSimpleApplication@2a078e09
----------------- Done invoking toplevel() on ptolemy.moml.MoMLSimpleApplication@2a078e09
reloadAllAccessors: .NilTokenRecord

===========================================================================================
----------------- testing Thu Aug 02 01:43:07 UTC 2018 /home/travis/build/icyphy/ptII/ptolemy/actor/lib/test/auto/NilTokenTypeTest.xml
----------------- Instantiating /home/travis/build/icyphy/ptII/ptolemy/actor/lib/test/auto/NilTokenTypeTest.xml
4 ms. Memory: 1279488K Free: 162210K (13%)
----------------- Invoking toplevel() on ptolemy.moml.MoMLSimpleApplication@424e40ff
----------------- Done invoking toplevel() on ptolemy.moml.MoMLSimpleApplication@424e40ff
reloadAllAccessors: .NilTokenTypeTest

===========================================================================================
----------------- testing Thu Aug 02 01:43:07 UTC 2018 /home/travis/build/icyphy/ptII/ptolemy/actor/lib/test/auto/ObjectToken1.xml
----------------- Instantiating /home/travis/build/icyphy/ptII/ptolemy/actor/lib/test/auto/ObjectToken1.xml
2 ms. Memory: 1279488K Free: 144016K (11%)
----------------- Invoking toplevel() on ptolemy.moml.MoMLSimpleApplication@4d43c713
----------------- Done invoking toplevel() on ptolemy.moml.MoMLSimpleApplication@4d43c713
reloadAllAccessors: .ObjectToken1

===========================================================================================
----------------- testing Thu Aug 02 01:43:08 UTC 2018 /home/travis/build/icyphy/ptII/ptolemy/actor/lib/test/auto/OrderedMerge.xml
----------------- Instantiating /home/travis/build/icyphy/ptII/ptolemy/actor/lib/test/auto/OrderedMerge.xml
11 ms. Memory: 1279488K Free: 108611K (8%)
----------------- Invoking toplevel() on ptolemy.moml.MoMLSimpleApplication@3d693e23
----------------- Done invoking toplevel() on ptolemy.moml.MoMLSimpleApplication@3d693e23
reloadAllAccessors: .OrderedMerge

===========================================================================================
----------------- testing Thu Aug 02 01:43:08 UTC 2018 /home/travis/build/icyphy/ptII/ptolemy/actor/lib/test/auto/OrderedRecordDisassembler.xml
----------------- Instantiating /home/travis/build/icyphy/ptII/ptolemy/actor/lib/test/auto/OrderedRecordDisassembler.xml
4 ms. Memory: 1279488K Free: 96810K (8%)
----------------- Invoking toplevel() on ptolemy.moml.MoMLSimpleApplication@3ea4308c
----------------- Done invoking toplevel() on ptolemy.moml.MoMLSimpleApplication@3ea4308c
reloadAllAccessors: .OrderedRecordDisassembler

===========================================================================================
----------------- testing Thu Aug 02 01:43:08 UTC 2018 /home/travis/build/icyphy/ptII/ptolemy/actor/lib/test/auto/OrderedRecordDisassembler2.xml
----------------- Instantiating /home/travis/build/icyphy/ptII/ptolemy/actor/lib/test/auto/OrderedRecordDisassembler2.xml
4 ms. Memory: 1279488K Free: 78616K (6%)
----------------- Invoking toplevel() on ptolemy.moml.MoMLSimpleApplication@4bd3a444
----------------- Done invoking toplevel() on ptolemy.moml.MoMLSimpleApplication@4bd3a444
reloadAllAccessors: .OrderedRecordDisassembler2

===========================================================================================
----------------- testing Thu Aug 02 01:43:08 UTC 2018 /home/travis/build/icyphy/ptII/ptolemy/actor/lib/test/auto/OrderedRecordUpdater.xml
----------------- Instantiating /home/travis/build/icyphy/ptII/ptolemy/actor/lib/test/auto/OrderedRecordUpdater.xml
2 ms. Memory: 1279488K Free: 66814K (5%)
----------------- Invoking toplevel() on ptolemy.moml.MoMLSimpleApplication@71b00c08
----------------- Done invoking toplevel() on ptolemy.moml.MoMLSimpleApplication@71b00c08
reloadAllAccessors: .RecordUpdater

===========================================================================================
----------------- testing Thu Aug 02 01:43:08 UTC 2018 /home/travis/build/icyphy/ptII/ptolemy/actor/lib/test/auto/OrderedRecordUpdater2.xml
----------------- Instantiating /home/travis/build/icyphy/ptII/ptolemy/actor/lib/test/auto/OrderedRecordUpdater2.xml
2 ms. Memory: 1420800K Free: 1372372K (97%)
----------------- Invoking toplevel() on ptolemy.moml.MoMLSimpleApplication@b39c5e8
----------------- Done invoking toplevel() on ptolemy.moml.MoMLSimpleApplication@b39c5e8
reloadAllAccessors: .RecordUpdater2

===========================================================================================
----------------- testing Thu Aug 02 01:43:08 UTC 2018 /home/travis/build/icyphy/ptII/ptolemy/actor/lib/test/auto/PhaseUnwrap.xml
----------------- Instantiating /home/travis/build/icyphy/ptII/ptolemy/actor/lib/test/auto/PhaseUnwrap.xml
1 ms. Memory: 1420800K Free: 1353291K (95%)
----------------- Invoking toplevel() on ptolemy.moml.MoMLSimpleApplication@7d01df69
----------------- Done invoking toplevel() on ptolemy.moml.MoMLSimpleApplication@7d01df69
reloadAllAccessors: .PhaseUnwrap

===========================================================================================
----------------- testing Thu Aug 02 01:43:08 UTC 2018 /home/travis/build/icyphy/ptII/ptolemy/actor/lib/test/auto/PoissonClock.xml
----------------- Instantiating /home/travis/build/icyphy/ptII/ptolemy/actor/lib/test/auto/PoissonClock.xml
1 ms. Memory: 1420800K Free: 1340240K (94%)
----------------- Invoking toplevel() on ptolemy.moml.MoMLSimpleApplication@4a4decb6
----------------- Done invoking toplevel() on ptolemy.moml.MoMLSimpleApplication@4a4decb6
reloadAllAccessors: .PoissonClock

===========================================================================================
----------------- testing Thu Aug 02 01:43:08 UTC 2018 /home/travis/build/icyphy/ptII/ptolemy/actor/lib/test/auto/PoissonClock2.xml
----------------- Instantiating /home/travis/build/icyphy/ptII/ptolemy/actor/lib/test/auto/PoissonClock2.xml
2 ms. Memory: 1420800K Free: 1321158K (93%)
----------------- Invoking toplevel() on ptolemy.moml.MoMLSimpleApplication@193eff31
----------------- Done invoking toplevel() on ptolemy.moml.MoMLSimpleApplication@193eff31
reloadAllAccessors: .PoissonClock2

===========================================================================================
----------------- testing Thu Aug 02 01:43:08 UTC 2018 /home/travis/build/icyphy/ptII/ptolemy/actor/lib/test/auto/PoissonClock3.xml
----------------- Instantiating /home/travis/build/icyphy/ptII/ptolemy/actor/lib/test/auto/PoissonClock3.xml
1 ms. Memory: 1420800K Free: 1308076K (92%)
----------------- Invoking toplevel() on ptolemy.moml.MoMLSimpleApplication@1350d663
----------------- Done invoking toplevel() on ptolemy.moml.MoMLSimpleApplication@1350d663
reloadAllAccessors: .PoissonClock3

===========================================================================================
----------------- testing Thu Aug 02 01:43:08 UTC 2018 /home/travis/build/icyphy/ptII/ptolemy/actor/lib/test/auto/PubSubWithInitialTokens.xml
----------------- Instantiating /home/travis/build/icyphy/ptII/ptolemy/actor/lib/test/auto/PubSubWithInitialTokens.xml
2 ms. Memory: 1420800K Free: 1295025K (91%)
----------------- Invoking toplevel() on ptolemy.moml.MoMLSimpleApplication@53c4a624
----------------- Done invoking toplevel() on ptolemy.moml.MoMLSimpleApplication@53c4a624
reloadAllAccessors: .PubSubWithInitialTokens

===========================================================================================
----------------- testing Thu Aug 02 01:43:08 UTC 2018 /home/travis/build/icyphy/ptII/ptolemy/actor/lib/test/auto/PubSubWithInitialTokens2.xml
----------------- Instantiating /home/travis/build/icyphy/ptII/ptolemy/actor/lib/test/auto/PubSubWithInitialTokens2.xml
2 ms. Memory: 1420800K Free: 1275944K (90%)
----------------- Invoking toplevel() on ptolemy.moml.MoMLSimpleApplication@430ab593
----------------- Done invoking toplevel() on ptolemy.moml.MoMLSimpleApplication@430ab593
reloadAllAccessors: .PubSubWithInitialTokens2

===========================================================================================
----------------- testing Thu Aug 02 01:43:08 UTC 2018 /home/travis/build/icyphy/ptII/ptolemy/actor/lib/test/auto/PublisherClassNoParameter.xml
----------------- Instantiating /home/travis/build/icyphy/ptII/ptolemy/actor/lib/test/auto/PublisherClassNoParameter.xml
2 ms. Memory: 1420800K Free: 1256367K (88%)
----------------- Invoking toplevel() on ptolemy.moml.MoMLSimpleApplication@50e1e828
----------------- Done invoking toplevel() on ptolemy.moml.MoMLSimpleApplication@50e1e828
reloadAllAccessors: .PublisherClassNoParameter

===========================================================================================
----------------- testing Thu Aug 02 01:43:08 UTC 2018 /home/travis/build/icyphy/ptII/ptolemy/actor/lib/test/auto/PublisherClassParameter.xml
----------------- Instantiating /home/travis/build/icyphy/ptII/ptolemy/actor/lib/test/auto/PublisherClassParameter.xml
2 ms. Memory: 1420800K Free: 1230760K (87%)
----------------- Invoking toplevel() on ptolemy.moml.MoMLSimpleApplication@5ebc9d5b
----------------- Done invoking toplevel() on ptolemy.moml.MoMLSimpleApplication@5ebc9d5b
reloadAllAccessors: .PublisherClassParameter

===========================================================================================
----------------- testing Thu Aug 02 01:43:08 UTC 2018 /home/travis/build/icyphy/ptII/ptolemy/actor/lib/test/auto/PublisherNonStrictTest.xml
----------------- Instantiating /home/travis/build/icyphy/ptII/ptolemy/actor/lib/test/auto/PublisherNonStrictTest.xml
3 ms. Memory: 1420800K Free: 1217709K (86%)
----------------- Invoking toplevel() on ptolemy.moml.MoMLSimpleApplication@2e69ffb1
----------------- Done invoking toplevel() on ptolemy.moml.MoMLSimpleApplication@2e69ffb1
reloadAllAccessors: .PublisherNonStrictTest

===========================================================================================
----------------- testing Thu Aug 02 01:43:08 UTC 2018 /home/travis/build/icyphy/ptII/ptolemy/actor/lib/test/auto/PublisherPort1.xml
----------------- Instantiating /home/travis/build/icyphy/ptII/ptolemy/actor/lib/test/auto/PublisherPort1.xml
3 ms. Memory: 1420800K Free: 1204658K (85%)
----------------- Invoking toplevel() on ptolemy.moml.MoMLSimpleApplication@6725b881
----------------- Done invoking toplevel() on ptolemy.moml.MoMLSimpleApplication@6725b881
reloadAllAccessors: .PublisherPort1

===========================================================================================
----------------- testing Thu Aug 02 01:43:08 UTC 2018 /home/travis/build/icyphy/ptII/ptolemy/actor/lib/test/auto/PublisherPort2.xml
----------------- Instantiating /home/travis/build/icyphy/ptII/ptolemy/actor/lib/test/auto/PublisherPort2.xml
1 ms. Memory: 1420800K Free: 1185577K (83%)
----------------- Invoking toplevel() on ptolemy.moml.MoMLSimpleApplication@60eaa810
----------------- Done invoking toplevel() on ptolemy.moml.MoMLSimpleApplication@60eaa810
reloadAllAccessors: .PublisherPort2

===========================================================================================
----------------- testing Thu Aug 02 01:43:08 UTC 2018 /home/travis/build/icyphy/ptII/ptolemy/actor/lib/test/auto/PublisherPort3.xml
----------------- Instantiating /home/travis/build/icyphy/ptII/ptolemy/actor/lib/test/auto/PublisherPort3.xml
2 ms. Memory: 1420800K Free: 1172526K (83%)
----------------- Invoking toplevel() on ptolemy.moml.MoMLSimpleApplication@25681f55
----------------- Done invoking toplevel() on ptolemy.moml.MoMLSimpleApplication@25681f55
reloadAllAccessors: .PublisherPort3

===========================================================================================
----------------- testing Thu Aug 02 01:43:08 UTC 2018 /home/travis/build/icyphy/ptII/ptolemy/actor/lib/test/auto/PublisherPort4.xml
----------------- Instantiating /home/travis/build/icyphy/ptII/ptolemy/actor/lib/test/auto/PublisherPort4.xml
2 ms. Memory: 1420800K Free: 1153444K (81%)
----------------- Invoking toplevel() on ptolemy.moml.MoMLSimpleApplication@171b702
----------------- Done invoking toplevel() on ptolemy.moml.MoMLSimpleApplication@171b702
reloadAllAccessors: .PublisherPort4

===========================================================================================
----------------- testing Thu Aug 02 01:43:08 UTC 2018 /home/travis/build/icyphy/ptII/ptolemy/actor/lib/test/auto/PublisherPort5.xml
----------------- Instantiating /home/travis/build/icyphy/ptII/ptolemy/actor/lib/test/auto/PublisherPort5.xml
4 ms. Memory: 1420800K Free: 1140393K (80%)
----------------- Invoking toplevel() on ptolemy.moml.MoMLSimpleApplication@7c53c02c
----------------- Done invoking toplevel() on ptolemy.moml.MoMLSimpleApplication@7c53c02c
reloadAllAccessors: .PublisherPort5

===========================================================================================
----------------- testing Thu Aug 02 01:43:08 UTC 2018 /home/travis/build/icyphy/ptII/ptolemy/actor/lib/test/auto/PublisherPort5LookAlike.xml
----------------- Instantiating /home/travis/build/icyphy/ptII/ptolemy/actor/lib/test/auto/PublisherPort5LookAlike.xml
3 ms. Memory: 1420800K Free: 1127342K (79%)
----------------- Invoking toplevel() on ptolemy.moml.MoMLSimpleApplication@3c529e91
----------------- Done invoking toplevel() on ptolemy.moml.MoMLSimpleApplication@3c529e91
reloadAllAccessors: .PublisherPort5LookAlike

===========================================================================================
----------------- testing Thu Aug 02 01:43:08 UTC 2018 /home/travis/build/icyphy/ptII/ptolemy/actor/lib/test/auto/PublisherPort6.xml
----------------- Instantiating /home/travis/build/icyphy/ptII/ptolemy/actor/lib/test/auto/PublisherPort6.xml
2 ms. Memory: 1420800K Free: 1108260K (78%)
----------------- Invoking toplevel() on ptolemy.moml.MoMLSimpleApplication@3c0dbb08
----------------- Done invoking toplevel() on ptolemy.moml.MoMLSimpleApplication@3c0dbb08
reloadAllAccessors: .PublisherPort6

===========================================================================================
----------------- testing Thu Aug 02 01:43:08 UTC 2018 /home/travis/build/icyphy/ptII/ptolemy/actor/lib/test/auto/PublisherPort7.xml
----------------- Instantiating /home/travis/build/icyphy/ptII/ptolemy/actor/lib/test/auto/PublisherPort7.xml
3 ms. Memory: 1420800K Free: 1095210K (77%)
----------------- Invoking toplevel() on ptolemy.moml.MoMLSimpleApplication@607580a5
----------------- Done invoking toplevel() on ptolemy.moml.MoMLSimpleApplication@607580a5
reloadAllAccessors: .PublisherPort7

===========================================================================================
----------------- testing Thu Aug 02 01:43:08 UTC 2018 /home/travis/build/icyphy/ptII/ptolemy/actor/lib/test/auto/PublisherPort8.xml
----------------- Instantiating /home/travis/build/icyphy/ptII/ptolemy/actor/lib/test/auto/PublisherPort8.xml
4 ms. Memory: 1420800K Free: 1076128K (76%)
----------------- Invoking toplevel() on ptolemy.moml.MoMLSimpleApplication@7f7b273c
----------------- Done invoking toplevel() on ptolemy.moml.MoMLSimpleApplication@7f7b273c
reloadAllAccessors: .PublisherPort8

===========================================================================================
----------------- testing Thu Aug 02 01:43:08 UTC 2018 /home/travis/build/icyphy/ptII/ptolemy/actor/lib/test/auto/PublisherPortSubscriberChannelVariablesAOC2.xml
----------------- Instantiating /home/travis/build/icyphy/ptII/ptolemy/actor/lib/test/auto/PublisherPortSubscriberChannelVariablesAOC2.xml
3 ms. Memory: 1420800K Free: 1049994K (74%)
----------------- Invoking toplevel() on ptolemy.moml.MoMLSimpleApplication@7a2bf3ba
----------------- Done invoking toplevel() on ptolemy.moml.MoMLSimpleApplication@7a2bf3ba
reloadAllAccessors: .PublisherPortSubscriberChannelVariablesAOC2

===========================================================================================
----------------- testing Thu Aug 02 01:43:08 UTC 2018 /home/travis/build/icyphy/ptII/ptolemy/actor/lib/test/auto/PublisherPortSubscriberOpaqueWidthInference.xml
----------------- Instantiating /home/travis/build/icyphy/ptII/ptolemy/actor/lib/test/auto/PublisherPortSubscriberOpaqueWidthInference.xml
4 ms. Memory: 1420800K Free: 1036943K (73%)
----------------- Invoking toplevel() on ptolemy.moml.MoMLSimpleApplication@68233ee4
----------------- Done invoking toplevel() on ptolemy.moml.MoMLSimpleApplication@68233ee4
reloadAllAccessors: .PublisherPortSubscriberOpaqueWidthInference

===========================================================================================
----------------- testing Thu Aug 02 01:43:08 UTC 2018 /home/travis/build/icyphy/ptII/ptolemy/actor/lib/test/auto/PublisherPortSubscriberPortAdjacent.xml
----------------- Instantiating /home/travis/build/icyphy/ptII/ptolemy/actor/lib/test/auto/PublisherPortSubscriberPortAdjacent.xml
2 ms. Memory: 1420800K Free: 1011320K (71%)
----------------- Invoking toplevel() on ptolemy.moml.MoMLSimpleApplication@622c2ab6
----------------- Done invoking toplevel() on ptolemy.moml.MoMLSimpleApplication@622c2ab6
reloadAllAccessors: .PublisherPortSubscriberPortAdjacent

===========================================================================================
----------------- testing Thu Aug 02 01:43:08 UTC 2018 /home/travis/build/icyphy/ptII/ptolemy/actor/lib/test/auto/PublisherPortSubscriberPortExpression.xml
----------------- Instantiating /home/travis/build/icyphy/ptII/ptolemy/actor/lib/test/auto/PublisherPortSubscriberPortExpression.xml
3 ms. Memory: 1420800K Free: 998269K (70%)
----------------- Invoking toplevel() on ptolemy.moml.MoMLSimpleApplication@79d3dda1
----------------- Done invoking toplevel() on ptolemy.moml.MoMLSimpleApplication@79d3dda1
reloadAllAccessors: .PublisherPortSubscriberPortExpression

===========================================================================================
----------------- testing Thu Aug 02 01:43:08 UTC 2018 /home/travis/build/icyphy/ptII/ptolemy/actor/lib/test/auto/PublisherPortSubscriberPortOpaqueD3Reverse.xml
----------------- Instantiating /home/travis/build/icyphy/ptII/ptolemy/actor/lib/test/auto/PublisherPortSubscriberPortOpaqueD3Reverse.xml
6 ms. Memory: 1420800K Free: 979188K (69%)
----------------- Invoking toplevel() on ptolemy.moml.MoMLSimpleApplication@58961f91
----------------- Done invoking toplevel() on ptolemy.moml.MoMLSimpleApplication@58961f91
reloadAllAccessors: .PublisherPortSubscriberPortOpaqueD3Reverse

===========================================================================================
----------------- testing Thu Aug 02 01:43:08 UTC 2018 /home/travis/build/icyphy/ptII/ptolemy/actor/lib/test/auto/PublisherPortSubscriberPortOpaqueWidthInference.xml
----------------- Instantiating /home/travis/build/icyphy/ptII/ptolemy/actor/lib/test/auto/PublisherPortSubscriberPortOpaqueWidthInference.xml
4 ms. Memory: 1420800K Free: 966137K (68%)
----------------- Invoking toplevel() on ptolemy.moml.MoMLSimpleApplication@2b5bda74
----------------- Done invoking toplevel() on ptolemy.moml.MoMLSimpleApplication@2b5bda74
reloadAllAccessors: .PublisherPortSubscriberPortOpaqueWidthInference

===========================================================================================
----------------- testing Thu Aug 02 01:43:08 UTC 2018 /home/travis/build/icyphy/ptII/ptolemy/actor/lib/test/auto/PublisherPortToplevelSubscriberPortAOC.xml
----------------- Instantiating /home/travis/build/icyphy/ptII/ptolemy/actor/lib/test/auto/PublisherPortToplevelSubscriberPortAOC.xml
.PublisherPortToplevelSubscriberPortAOC.TestExceptionAttribute: initialize() was not invoked, but wrapup() was.  This is unusual, but not always a problem.  For example, exporting JNLP will do this.
5 ms. Memory: 1420800K Free: 953086K (67%)
----------------- Invoking toplevel() on ptolemy.moml.MoMLSimpleApplication@a6df65d
----------------- Done invoking toplevel() on ptolemy.moml.MoMLSimpleApplication@a6df65d
reloadAllAccessors: .PublisherPortToplevelSubscriberPortAOC

===========================================================================================
----------------- testing Thu Aug 02 01:43:08 UTC 2018 /home/travis/build/icyphy/ptII/ptolemy/actor/lib/test/auto/PublisherSubscriber.xml
----------------- Instantiating /home/travis/build/icyphy/ptII/ptolemy/actor/lib/test/auto/PublisherSubscriber.xml
3 ms. Memory: 1420800K Free: 934005K (66%)
----------------- Invoking toplevel() on ptolemy.moml.MoMLSimpleApplication@7cfe7ef5
----------------- Done invoking toplevel() on ptolemy.moml.MoMLSimpleApplication@7cfe7ef5
reloadAllAccessors: .PublisherSubscriber

===========================================================================================
----------------- testing Thu Aug 02 01:43:08 UTC 2018 /home/travis/build/icyphy/ptII/ptolemy/actor/lib/test/auto/PublisherSubscriber10.xml
----------------- Instantiating /home/travis/build/icyphy/ptII/ptolemy/actor/lib/test/auto/PublisherSubscriber10.xml
6 ms. Memory: 1420800K Free: 914412K (64%)
----------------- Invoking toplevel() on ptolemy.moml.MoMLSimpleApplication@6ad8c66e
----------------- Done invoking toplevel() on ptolemy.moml.MoMLSimpleApplication@6ad8c66e
reloadAllAccessors: .PublisherSubscriber10

===========================================================================================
----------------- testing Thu Aug 02 01:43:08 UTC 2018 /home/travis/build/icyphy/ptII/ptolemy/actor/lib/test/auto/PublisherSubscriber10InitialOutputs.xml
----------------- Instantiating /home/travis/build/icyphy/ptII/ptolemy/actor/lib/test/auto/PublisherSubscriber10InitialOutputs.xml
10 ms. Memory: 1420800K Free: 895331K (63%)
----------------- Invoking toplevel() on ptolemy.moml.MoMLSimpleApplication@3e27d611
----------------- Done invoking toplevel() on ptolemy.moml.MoMLSimpleApplication@3e27d611
reloadAllAccessors: .PublisherSubscriber10InitialOutputs

===========================================================================================
----------------- testing Thu Aug 02 01:43:08 UTC 2018 /home/travis/build/icyphy/ptII/ptolemy/actor/lib/test/auto/PublisherSubscriber11.xml
----------------- Instantiating /home/travis/build/icyphy/ptII/ptolemy/actor/lib/test/auto/PublisherSubscriber11.xml
4 ms. Memory: 1420800K Free: 882280K (62%)
----------------- Invoking toplevel() on ptolemy.moml.MoMLSimpleApplication@2f7fb3ea
----------------- Done invoking toplevel() on ptolemy.moml.MoMLSimpleApplication@2f7fb3ea
reloadAllAccessors: .PublisherSubscriber11

===========================================================================================
----------------- testing Thu Aug 02 01:43:08 UTC 2018 /home/travis/build/icyphy/ptII/ptolemy/actor/lib/test/auto/PublisherSubscriber12.xml
----------------- Instantiating /home/travis/build/icyphy/ptII/ptolemy/actor/lib/test/auto/PublisherSubscriber12.xml
5 ms. Memory: 1420800K Free: 869229K (61%)
----------------- Invoking toplevel() on ptolemy.moml.MoMLSimpleApplication@5a13afa9
----------------- Done invoking toplevel() on ptolemy.moml.MoMLSimpleApplication@5a13afa9
reloadAllAccessors: .PublisherSubscriber12

===========================================================================================
----------------- testing Thu Aug 02 01:43:08 UTC 2018 /home/travis/build/icyphy/ptII/ptolemy/actor/lib/test/auto/PublisherSubscriber13.xml
----------------- Instantiating /home/travis/build/icyphy/ptII/ptolemy/actor/lib/test/auto/PublisherSubscriber13.xml
2 ms. Memory: 1420800K Free: 850147K (60%)
----------------- Invoking toplevel() on ptolemy.moml.MoMLSimpleApplication@12c532c3
----------------- Done invoking toplevel() on ptolemy.moml.MoMLSimpleApplication@12c532c3
reloadAllAccessors: .PublisherSubscriber13

===========================================================================================
----------------- testing Thu Aug 02 01:43:08 UTC 2018 /home/travis/build/icyphy/ptII/ptolemy/actor/lib/test/auto/PublisherSubscriber14.xml
----------------- Instantiating /home/travis/build/icyphy/ptII/ptolemy/actor/lib/test/auto/PublisherSubscriber14.xml
2 ms. Memory: 1420800K Free: 837096K (59%)
----------------- Invoking toplevel() on ptolemy.moml.MoMLSimpleApplication@70cd69fa
----------------- Done invoking toplevel() on ptolemy.moml.MoMLSimpleApplication@70cd69fa
reloadAllAccessors: .PublisherSubscriber14

===========================================================================================
----------------- testing Thu Aug 02 01:43:08 UTC 2018 /home/travis/build/icyphy/ptII/ptolemy/actor/lib/test/auto/PublisherSubscriber2.xml
----------------- Instantiating /home/travis/build/icyphy/ptII/ptolemy/actor/lib/test/auto/PublisherSubscriber2.xml
2 ms. Memory: 1420800K Free: 818015K (58%)
----------------- Invoking toplevel() on ptolemy.moml.MoMLSimpleApplication@2a4a0433
----------------- Done invoking toplevel() on ptolemy.moml.MoMLSimpleApplication@2a4a0433
reloadAllAccessors: .PublisherSubscriber2

===========================================================================================
----------------- testing Thu Aug 02 01:43:08 UTC 2018 /home/travis/build/icyphy/ptII/ptolemy/actor/lib/test/auto/PublisherSubscriber3.xml
----------------- Instantiating /home/travis/build/icyphy/ptII/ptolemy/actor/lib/test/auto/PublisherSubscriber3.xml
1 ms. Memory: 1420800K Free: 804964K (57%)
----------------- Invoking toplevel() on ptolemy.moml.MoMLSimpleApplication@6f31ee2f
----------------- Done invoking toplevel() on ptolemy.moml.MoMLSimpleApplication@6f31ee2f
reloadAllAccessors: .PublisherSubscriber3

===========================================================================================
----------------- testing Thu Aug 02 01:43:08 UTC 2018 /home/travis/build/icyphy/ptII/ptolemy/actor/lib/test/auto/PublisherSubscriber4.xml
----------------- Instantiating /home/travis/build/icyphy/ptII/ptolemy/actor/lib/test/auto/PublisherSubscriber4.xml
2 ms. Memory: 1420800K Free: 791913K (56%)
----------------- Invoking toplevel() on ptolemy.moml.MoMLSimpleApplication@30d52ef4
----------------- Done invoking toplevel() on ptolemy.moml.MoMLSimpleApplication@30d52ef4
reloadAllAccessors: .PublisherSubscriber4

===========================================================================================
----------------- testing Thu Aug 02 01:43:08 UTC 2018 /home/travis/build/icyphy/ptII/ptolemy/actor/lib/test/auto/PublisherSubscriber5.xml
----------------- Instantiating /home/travis/build/icyphy/ptII/ptolemy/actor/lib/test/auto/PublisherSubscriber5.xml
2 ms. Memory: 1420800K Free: 772832K (54%)
----------------- Invoking toplevel() on ptolemy.moml.MoMLSimpleApplication@765a4427
----------------- Done invoking toplevel() on ptolemy.moml.MoMLSimpleApplication@765a4427
reloadAllAccessors: .PublisherSubscriber5

===========================================================================================
----------------- testing Thu Aug 02 01:43:08 UTC 2018 /home/travis/build/icyphy/ptII/ptolemy/actor/lib/test/auto/PublisherSubscriber6.xml
----------------- Instantiating /home/travis/build/icyphy/ptII/ptolemy/actor/lib/test/auto/PublisherSubscriber6.xml
2 ms. Memory: 1420800K Free: 759781K (53%)
----------------- Invoking toplevel() on ptolemy.moml.MoMLSimpleApplication@294ba9b5
----------------- Done invoking toplevel() on ptolemy.moml.MoMLSimpleApplication@294ba9b5
reloadAllAccessors: .PublisherSubscriber6

===========================================================================================
----------------- testing Thu Aug 02 01:43:08 UTC 2018 /home/travis/build/icyphy/ptII/ptolemy/actor/lib/test/auto/PublisherSubscriber7.xml
----------------- Instantiating /home/travis/build/icyphy/ptII/ptolemy/actor/lib/test/auto/PublisherSubscriber7.xml
3 ms. Memory: 1420800K Free: 740699K (52%)
----------------- Invoking toplevel() on ptolemy.moml.MoMLSimpleApplication@37b20ba1
----------------- Done invoking toplevel() on ptolemy.moml.MoMLSimpleApplication@37b20ba1
reloadAllAccessors: .PublisherSubscriber7

===========================================================================================
----------------- testing Thu Aug 02 01:43:08 UTC 2018 /home/travis/build/icyphy/ptII/ptolemy/actor/lib/test/auto/PublisherSubscriber8.xml
----------------- Instantiating /home/travis/build/icyphy/ptII/ptolemy/actor/lib/test/auto/PublisherSubscriber8.xml
17 ms. Memory: 1420800K Free: 662394K (47%)
----------------- Invoking toplevel() on ptolemy.moml.MoMLSimpleApplication@44b83e55
----------------- Done invoking toplevel() on ptolemy.moml.MoMLSimpleApplication@44b83e55
reloadAllAccessors: .PublisherSubscriber8

===========================================================================================
----------------- testing Thu Aug 02 01:43:08 UTC 2018 /home/travis/build/icyphy/ptII/ptolemy/actor/lib/test/auto/PublisherSubscriber9.xml
----------------- Instantiating /home/travis/build/icyphy/ptII/ptolemy/actor/lib/test/auto/PublisherSubscriber9.xml
2 ms. Memory: 1420800K Free: 649343K (46%)
----------------- Invoking toplevel() on ptolemy.moml.MoMLSimpleApplication@4be2d33b
----------------- Done invoking toplevel() on ptolemy.moml.MoMLSimpleApplication@4be2d33b
reloadAllAccessors: .PublisherSubscriber9

===========================================================================================
----------------- testing Thu Aug 02 01:43:08 UTC 2018 /home/travis/build/icyphy/ptII/ptolemy/actor/lib/test/auto/PublisherSubscriberAdjacent.xml
----------------- Instantiating /home/travis/build/icyphy/ptII/ptolemy/actor/lib/test/auto/PublisherSubscriberAdjacent.xml
3 ms. Memory: 1420800K Free: 623728K (44%)
----------------- Invoking toplevel() on ptolemy.moml.MoMLSimpleApplication@17e7ffa9
----------------- Done invoking toplevel() on ptolemy.moml.MoMLSimpleApplication@17e7ffa9
reloadAllAccessors: .PublisherSubscriberAdjacent

===========================================================================================
----------------- testing Thu Aug 02 01:43:08 UTC 2018 /home/travis/build/icyphy/ptII/ptolemy/actor/lib/test/auto/PublisherSubscriberChannelVariablesAOC2.xml
----------------- Instantiating /home/travis/build/icyphy/ptII/ptolemy/actor/lib/test/auto/PublisherSubscriberChannelVariablesAOC2.xml
3 ms. Memory: 1420800K Free: 597626K (42%)
----------------- Invoking toplevel() on ptolemy.moml.MoMLSimpleApplication@62da31c3
----------------- Done invoking toplevel() on ptolemy.moml.MoMLSimpleApplication@62da31c3
reloadAllAccessors: .PublisherSubscriberChannelVariablesAOC2

===========================================================================================
----------------- testing Thu Aug 02 01:43:09 UTC 2018 /home/travis/build/icyphy/ptII/ptolemy/actor/lib/test/auto/PublisherSubscriberD3.xml
----------------- Instantiating /home/travis/build/icyphy/ptII/ptolemy/actor/lib/test/auto/PublisherSubscriberD3.xml
2 ms. Memory: 1420800K Free: 578544K (41%)
----------------- Invoking toplevel() on ptolemy.moml.MoMLSimpleApplication@1007c20e
----------------- Done invoking toplevel() on ptolemy.moml.MoMLSimpleApplication@1007c20e
reloadAllAccessors: .PublisherSubscriberD3

===========================================================================================
----------------- testing Thu Aug 02 01:43:09 UTC 2018 /home/travis/build/icyphy/ptII/ptolemy/actor/lib/test/auto/PublisherSubscriberD3Reverse.xml
----------------- Instantiating /home/travis/build/icyphy/ptII/ptolemy/actor/lib/test/auto/PublisherSubscriberD3Reverse.xml
1 ms. Memory: 1420800K Free: 565493K (40%)
----------------- Invoking toplevel() on ptolemy.moml.MoMLSimpleApplication@8fe545a
----------------- Done invoking toplevel() on ptolemy.moml.MoMLSimpleApplication@8fe545a
reloadAllAccessors: .PublisherSubscriberD3Reverse

===========================================================================================
----------------- testing Thu Aug 02 01:43:09 UTC 2018 /home/travis/build/icyphy/ptII/ptolemy/actor/lib/test/auto/PublisherSubscriberExpression.xml
----------------- Instantiating /home/travis/build/icyphy/ptII/ptolemy/actor/lib/test/auto/PublisherSubscriberExpression.xml
4 ms. Memory: 1420800K Free: 552442K (39%)
----------------- Invoking toplevel() on ptolemy.moml.MoMLSimpleApplication@7fe4a392
----------------- Done invoking toplevel() on ptolemy.moml.MoMLSimpleApplication@7fe4a392
reloadAllAccessors: .PublisherSubscriberExpression

===========================================================================================
----------------- testing Thu Aug 02 01:43:09 UTC 2018 /home/travis/build/icyphy/ptII/ptolemy/actor/lib/test/auto/PublisherSubscriberOpaque.xml
----------------- Instantiating /home/travis/build/icyphy/ptII/ptolemy/actor/lib/test/auto/PublisherSubscriberOpaque.xml
3 ms. Memory: 1420800K Free: 533361K (38%)
----------------- Invoking toplevel() on ptolemy.moml.MoMLSimpleApplication@6ffefeb6
----------------- Done invoking toplevel() on ptolemy.moml.MoMLSimpleApplication@6ffefeb6
reloadAllAccessors: .PublisherSubscriberOpaque

===========================================================================================
----------------- testing Thu Aug 02 01:43:09 UTC 2018 /home/travis/build/icyphy/ptII/ptolemy/actor/lib/test/auto/PublisherSubscriberOpaqueD3.xml
----------------- Instantiating /home/travis/build/icyphy/ptII/ptolemy/actor/lib/test/auto/PublisherSubscriberOpaqueD3.xml
6 ms. Memory: 1420800K Free: 513785K (36%)
----------------- Invoking toplevel() on ptolemy.moml.MoMLSimpleApplication@36d803c6
----------------- Done invoking toplevel() on ptolemy.moml.MoMLSimpleApplication@36d803c6
reloadAllAccessors: .PublisherSubscriberOpaqueD3

===========================================================================================
----------------- testing Thu Aug 02 01:43:09 UTC 2018 /home/travis/build/icyphy/ptII/ptolemy/actor/lib/test/auto/PublisherSubscriberOpaqueD3Reverse.xml
----------------- Instantiating /home/travis/build/icyphy/ptII/ptolemy/actor/lib/test/auto/PublisherSubscriberOpaqueD3Reverse.xml
7 ms. Memory: 1420800K Free: 488162K (34%)
----------------- Invoking toplevel() on ptolemy.moml.MoMLSimpleApplication@2d823b22
----------------- Done invoking toplevel() on ptolemy.moml.MoMLSimpleApplication@2d823b22
reloadAllAccessors: .PublisherSubscriberOpaqueD3Reverse

===========================================================================================
----------------- testing Thu Aug 02 01:43:09 UTC 2018 /home/travis/build/icyphy/ptII/ptolemy/actor/lib/test/auto/PublisherSubscriberOpaqueWidthInference.xml
----------------- Instantiating /home/travis/build/icyphy/ptII/ptolemy/actor/lib/test/auto/PublisherSubscriberOpaqueWidthInference.xml
4 ms. Memory: 1420800K Free: 475111K (33%)
----------------- Invoking toplevel() on ptolemy.moml.MoMLSimpleApplication@55f5c196
----------------- Done invoking toplevel() on ptolemy.moml.MoMLSimpleApplication@55f5c196
reloadAllAccessors: .PublisherSubscriberOpaqueWidthInference

===========================================================================================
----------------- testing Thu Aug 02 01:43:09 UTC 2018 /home/travis/build/icyphy/ptII/ptolemy/actor/lib/test/auto/PublisherTestSubscriber.xml
----------------- Instantiating /home/travis/build/icyphy/ptII/ptolemy/actor/lib/test/auto/PublisherTestSubscriber.xml
5 ms. Memory: 1420800K Free: 456029K (32%)
----------------- Invoking toplevel() on ptolemy.moml.MoMLSimpleApplication@84861c6
----------------- Done invoking toplevel() on ptolemy.moml.MoMLSimpleApplication@84861c6
reloadAllAccessors: .PublisherTestSubscriber

===========================================================================================
----------------- testing Thu Aug 02 01:43:09 UTC 2018 /home/travis/build/icyphy/ptII/ptolemy/actor/lib/test/auto/PublisherToplevelSubscriberPortAOC.xml
----------------- Instantiating /home/travis/build/icyphy/ptII/ptolemy/actor/lib/test/auto/PublisherToplevelSubscriberPortAOC.xml
2 ms. Memory: 1420800K Free: 442978K (31%)
----------------- Invoking toplevel() on ptolemy.moml.MoMLSimpleApplication@308fc729
----------------- Done invoking toplevel() on ptolemy.moml.MoMLSimpleApplication@308fc729
reloadAllAccessors: .PublisherToplevelSubscriberPortAOC

===========================================================================================
----------------- testing Thu Aug 02 01:43:09 UTC 2018 /home/travis/build/icyphy/ptII/ptolemy/actor/lib/test/auto/PulseFiringLimitDE.xml
----------------- Instantiating /home/travis/build/icyphy/ptII/ptolemy/actor/lib/test/auto/PulseFiringLimitDE.xml
2 ms. Memory: 1420800K Free: 429928K (30%)
----------------- Invoking toplevel() on ptolemy.moml.MoMLSimpleApplication@377423a6
----------------- Done invoking toplevel() on ptolemy.moml.MoMLSimpleApplication@377423a6
reloadAllAccessors: .PulseFiringLimitDE

===========================================================================================
----------------- testing Thu Aug 02 01:43:09 UTC 2018 /home/travis/build/icyphy/ptII/ptolemy/actor/lib/test/auto/Ramp1.xml
----------------- Instantiating /home/travis/build/icyphy/ptII/ptolemy/actor/lib/test/auto/Ramp1.xml
2 ms. Memory: 1420800K Free: 410846K (29%)
----------------- Invoking toplevel() on ptolemy.moml.MoMLSimpleApplication@73187fc4
----------------- Done invoking toplevel() on ptolemy.moml.MoMLSimpleApplication@73187fc4
reloadAllAccessors: .Ramp1

===========================================================================================
----------------- testing Thu Aug 02 01:43:09 UTC 2018 /home/travis/build/icyphy/ptII/ptolemy/actor/lib/test/auto/RampFiringLimitDE.xml
----------------- Instantiating /home/travis/build/icyphy/ptII/ptolemy/actor/lib/test/auto/RampFiringLimitDE.xml
2 ms. Memory: 1420800K Free: 397795K (28%)
----------------- Invoking toplevel() on ptolemy.moml.MoMLSimpleApplication@7727e10f
----------------- Done invoking toplevel() on ptolemy.moml.MoMLSimpleApplication@7727e10f
reloadAllAccessors: .RampFiringLimitDE

===========================================================================================
----------------- testing Thu Aug 02 01:43:09 UTC 2018 /home/travis/build/icyphy/ptII/ptolemy/actor/lib/test/auto/RampFiringLimitSDF.xml
----------------- Instantiating /home/travis/build/icyphy/ptII/ptolemy/actor/lib/test/auto/RampFiringLimitSDF.xml
2 ms. Memory: 1420800K Free: 378714K (27%)
----------------- Invoking toplevel() on ptolemy.moml.MoMLSimpleApplication@1a485ec1
----------------- Done invoking toplevel() on ptolemy.moml.MoMLSimpleApplication@1a485ec1
reloadAllAccessors: .RampFiringLimitSDF

===========================================================================================
----------------- testing Thu Aug 02 01:43:09 UTC 2018 /home/travis/build/icyphy/ptII/ptolemy/actor/lib/test/auto/RandomInteger.xml
----------------- Instantiating /home/travis/build/icyphy/ptII/ptolemy/actor/lib/test/auto/RandomInteger.xml
1 ms. Memory: 1420800K Free: 365663K (26%)
----------------- Invoking toplevel() on ptolemy.moml.MoMLSimpleApplication@2a2c2e7d
----------------- Done invoking toplevel() on ptolemy.moml.MoMLSimpleApplication@2a2c2e7d
reloadAllAccessors: .RandomInteger

===========================================================================================
----------------- testing Thu Aug 02 01:43:09 UTC 2018 /home/travis/build/icyphy/ptII/ptolemy/actor/lib/test/auto/ReadFile1.xml
----------------- Instantiating /home/travis/build/icyphy/ptII/ptolemy/actor/lib/test/auto/ReadFile1.xml
2 ms. Memory: 1420800K Free: 352612K (25%)
----------------- Invoking toplevel() on ptolemy.moml.MoMLSimpleApplication@1e1b6658
----------------- Done invoking toplevel() on ptolemy.moml.MoMLSimpleApplication@1e1b6658
reloadAllAccessors: .ReadFile1

===========================================================================================
----------------- testing Thu Aug 02 01:43:09 UTC 2018 /home/travis/build/icyphy/ptII/ptolemy/actor/lib/test/auto/ReadFile2.xml
----------------- Instantiating /home/travis/build/icyphy/ptII/ptolemy/actor/lib/test/auto/ReadFile2.xml
1 ms. Memory: 1420800K Free: 333530K (23%)
----------------- Invoking toplevel() on ptolemy.moml.MoMLSimpleApplication@4ca24c31
----------------- Done invoking toplevel() on ptolemy.moml.MoMLSimpleApplication@4ca24c31
reloadAllAccessors: .ReadFile2

===========================================================================================
----------------- testing Thu Aug 02 01:43:09 UTC 2018 /home/travis/build/icyphy/ptII/ptolemy/actor/lib/test/auto/Reader.xml
----------------- Instantiating /home/travis/build/icyphy/ptII/ptolemy/actor/lib/test/auto/Reader.xml
actor.lib.Reader is obsolete, use actor.lib.io.ExpressionReader instead
5 ms. Memory: 1420800K Free: 320480K (23%)
----------------- Invoking toplevel() on ptolemy.moml.MoMLSimpleApplication@51125c3
----------------- Done invoking toplevel() on ptolemy.moml.MoMLSimpleApplication@51125c3
reloadAllAccessors: .Reader

===========================================================================================
----------------- testing Thu Aug 02 01:43:09 UTC 2018 /home/travis/build/icyphy/ptII/ptolemy/actor/lib/test/auto/RecordAssemblerDisplayNameTest.xml
----------------- Instantiating /home/travis/build/icyphy/ptII/ptolemy/actor/lib/test/auto/RecordAssemblerDisplayNameTest.xml
3843 ms. Memory: 1522688K Free: 466775K (31%)
----------------- Invoking toplevel() on ptolemy.moml.MoMLSimpleApplication@3e6f2fcd
----------------- Done invoking toplevel() on ptolemy.moml.MoMLSimpleApplication@3e6f2fcd
reloadAllAccessors: .RecordAssemblerDisplayNameTest

===========================================================================================
----------------- testing Thu Aug 02 01:43:13 UTC 2018 /home/travis/build/icyphy/ptII/ptolemy/actor/lib/test/auto/RecordAssemblerTypeError.xml
----------------- Instantiating /home/travis/build/icyphy/ptII/ptolemy/actor/lib/test/auto/RecordAssemblerTypeError.xml
6 ms. Memory: 1522688K Free: 436472K (29%)
----------------- Invoking toplevel() on ptolemy.moml.MoMLSimpleApplication@59e28e7b
----------------- Done invoking toplevel() on ptolemy.moml.MoMLSimpleApplication@59e28e7b
reloadAllAccessors: .RecordAssemblerTypeError

===========================================================================================
----------------- testing Thu Aug 02 01:43:13 UTC 2018 /home/travis/build/icyphy/ptII/ptolemy/actor/lib/test/auto/RecordDisassember.xml
----------------- Instantiating /home/travis/build/icyphy/ptII/ptolemy/actor/lib/test/auto/RecordDisassember.xml
2 ms. Memory: 1522688K Free: 422243K (28%)
----------------- Invoking toplevel() on ptolemy.moml.MoMLSimpleApplication@5d055146
----------------- Done invoking toplevel() on ptolemy.moml.MoMLSimpleApplication@5d055146
reloadAllAccessors: .RecordDisassember

===========================================================================================
----------------- testing Thu Aug 02 01:43:13 UTC 2018 /home/travis/build/icyphy/ptII/ptolemy/actor/lib/test/auto/RecordDisassemberDisplayNameTest.xml
----------------- Instantiating /home/travis/build/icyphy/ptII/ptolemy/actor/lib/test/auto/RecordDisassemberDisplayNameTest.xml
4 ms. Memory: 1522688K Free: 402635K (26%)
----------------- Invoking toplevel() on ptolemy.moml.MoMLSimpleApplication@5e25fb51
----------------- Done invoking toplevel() on ptolemy.moml.MoMLSimpleApplication@5e25fb51
reloadAllAccessors: .RecordDisassemberDisplayNameTest

===========================================================================================
----------------- testing Thu Aug 02 01:43:13 UTC 2018 /home/travis/build/icyphy/ptII/ptolemy/actor/lib/test/auto/RecordDisassembler.xml
----------------- Instantiating /home/travis/build/icyphy/ptII/ptolemy/actor/lib/test/auto/RecordDisassembler.xml
2 ms. Memory: 1522688K Free: 388406K (26%)
----------------- Invoking toplevel() on ptolemy.moml.MoMLSimpleApplication@21e9ade9
----------------- Done invoking toplevel() on ptolemy.moml.MoMLSimpleApplication@21e9ade9
reloadAllAccessors: .RecordDisassembler

===========================================================================================
----------------- testing Thu Aug 02 01:43:13 UTC 2018 /home/travis/build/icyphy/ptII/ptolemy/actor/lib/test/auto/RecordDisassembler2.xml
----------------- Instantiating /home/travis/build/icyphy/ptII/ptolemy/actor/lib/test/auto/RecordDisassembler2.xml
2 ms. Memory: 1522688K Free: 368798K (24%)
----------------- Invoking toplevel() on ptolemy.moml.MoMLSimpleApplication@79c629de
----------------- Done invoking toplevel() on ptolemy.moml.MoMLSimpleApplication@79c629de
reloadAllAccessors: .RecordDisassembler2

===========================================================================================
----------------- testing Thu Aug 02 01:43:13 UTC 2018 /home/travis/build/icyphy/ptII/ptolemy/actor/lib/test/auto/RecordUpdater.xml
----------------- Instantiating /home/travis/build/icyphy/ptII/ptolemy/actor/lib/test/auto/RecordUpdater.xml
2 ms. Memory: 1522688K Free: 354569K (23%)
----------------- Invoking toplevel() on ptolemy.moml.MoMLSimpleApplication@760b9cd3
----------------- Done invoking toplevel() on ptolemy.moml.MoMLSimpleApplication@760b9cd3
reloadAllAccessors: .RecordUpdater

===========================================================================================
----------------- testing Thu Aug 02 01:43:13 UTC 2018 /home/travis/build/icyphy/ptII/ptolemy/actor/lib/test/auto/RecordUpdater2.xml
----------------- Instantiating /home/travis/build/icyphy/ptII/ptolemy/actor/lib/test/auto/RecordUpdater2.xml
2 ms. Memory: 1522688K Free: 334960K (22%)
----------------- Invoking toplevel() on ptolemy.moml.MoMLSimpleApplication@472cbcc4
----------------- Done invoking toplevel() on ptolemy.moml.MoMLSimpleApplication@472cbcc4
reloadAllAccessors: .RecordUpdater2

===========================================================================================
----------------- testing Thu Aug 02 01:43:13 UTC 2018 /home/travis/build/icyphy/ptII/ptolemy/actor/lib/test/auto/RecursiveLattice.xml
----------------- Instantiating /home/travis/build/icyphy/ptII/ptolemy/actor/lib/test/auto/RecursiveLattice.xml
2 ms. Memory: 1522688K Free: 320732K (21%)
----------------- Invoking toplevel() on ptolemy.moml.MoMLSimpleApplication@54488f5a
----------------- Done invoking toplevel() on ptolemy.moml.MoMLSimpleApplication@54488f5a
reloadAllAccessors: .RecursiveLattice

===========================================================================================
----------------- testing Thu Aug 02 01:43:13 UTC 2018 /home/travis/build/icyphy/ptII/ptolemy/actor/lib/test/auto/Router.xml
----------------- Instantiating /home/travis/build/icyphy/ptII/ptolemy/actor/lib/test/auto/Router.xml
3004 ms. Memory: 1522688K Free: 301123K (20%)
----------------- Invoking toplevel() on ptolemy.moml.MoMLSimpleApplication@16ca4a6a
----------------- Done invoking toplevel() on ptolemy.moml.MoMLSimpleApplication@16ca4a6a
reloadAllAccessors: .Router

===========================================================================================
----------------- testing Thu Aug 02 01:43:16 UTC 2018 /home/travis/build/icyphy/ptII/ptolemy/actor/lib/test/auto/Router2.xml
----------------- Instantiating /home/travis/build/icyphy/ptII/ptolemy/actor/lib/test/auto/Router2.xml
3003 ms. Memory: 1522688K Free: 286895K (19%)
----------------- Invoking toplevel() on ptolemy.moml.MoMLSimpleApplication@791a0d65
----------------- Done invoking toplevel() on ptolemy.moml.MoMLSimpleApplication@791a0d65
reloadAllAccessors: .Router2

===========================================================================================
----------------- testing Thu Aug 02 01:43:19 UTC 2018 /home/travis/build/icyphy/ptII/ptolemy/actor/lib/test/auto/RunningMaximum.xml
----------------- Instantiating /home/travis/build/icyphy/ptII/ptolemy/actor/lib/test/auto/RunningMaximum.xml
2 ms. Memory: 1522688K Free: 272666K (18%)
----------------- Invoking toplevel() on ptolemy.moml.MoMLSimpleApplication@694d8d76
----------------- Done invoking toplevel() on ptolemy.moml.MoMLSimpleApplication@694d8d76
reloadAllAccessors: .RunningMaximum

===========================================================================================
----------------- testing Thu Aug 02 01:43:19 UTC 2018 /home/travis/build/icyphy/ptII/ptolemy/actor/lib/test/auto/RunningMinimum.xml
----------------- Instantiating /home/travis/build/icyphy/ptII/ptolemy/actor/lib/test/auto/RunningMinimum.xml
1 ms. Memory: 1522688K Free: 253058K (17%)
----------------- Invoking toplevel() on ptolemy.moml.MoMLSimpleApplication@67f0a155
----------------- Done invoking toplevel() on ptolemy.moml.MoMLSimpleApplication@67f0a155
reloadAllAccessors: .RunningMinimum

===========================================================================================
----------------- testing Thu Aug 02 01:43:19 UTC 2018 /home/travis/build/icyphy/ptII/ptolemy/actor/lib/test/auto/Scale.xml
----------------- Instantiating /home/travis/build/icyphy/ptII/ptolemy/actor/lib/test/auto/Scale.xml
1 ms. Memory: 1522688K Free: 238829K (16%)
----------------- Invoking toplevel() on ptolemy.moml.MoMLSimpleApplication@7e895826
----------------- Done invoking toplevel() on ptolemy.moml.MoMLSimpleApplication@7e895826
reloadAllAccessors: .Scale

===========================================================================================
----------------- testing Thu Aug 02 01:43:19 UTC 2018 /home/travis/build/icyphy/ptII/ptolemy/actor/lib/test/auto/Scale2.xml
----------------- Instantiating /home/travis/build/icyphy/ptII/ptolemy/actor/lib/test/auto/Scale2.xml
1 ms. Memory: 1522688K Free: 219220K (14%)
----------------- Invoking toplevel() on ptolemy.moml.MoMLSimpleApplication@1373df76
----------------- Done invoking toplevel() on ptolemy.moml.MoMLSimpleApplication@1373df76
reloadAllAccessors: .Scale2

===========================================================================================
----------------- testing Thu Aug 02 01:43:19 UTC 2018 /home/travis/build/icyphy/ptII/ptolemy/actor/lib/test/auto/Scale3.xml
----------------- Instantiating /home/travis/build/icyphy/ptII/ptolemy/actor/lib/test/auto/Scale3.xml
2 ms. Memory: 1522688K Free: 204992K (13%)
----------------- Invoking toplevel() on ptolemy.moml.MoMLSimpleApplication@38f28174
----------------- Done invoking toplevel() on ptolemy.moml.MoMLSimpleApplication@38f28174
reloadAllAccessors: .Scale3

===========================================================================================
----------------- testing Thu Aug 02 01:43:19 UTC 2018 /home/travis/build/icyphy/ptII/ptolemy/actor/lib/test/auto/ScaleArray.xml
----------------- Instantiating /home/travis/build/icyphy/ptII/ptolemy/actor/lib/test/auto/ScaleArray.xml
1 ms. Memory: 1522688K Free: 185383K (12%)
----------------- Invoking toplevel() on ptolemy.moml.MoMLSimpleApplication@263f2e3b
----------------- Done invoking toplevel() on ptolemy.moml.MoMLSimpleApplication@263f2e3b
reloadAllAccessors: .ScaleArray

===========================================================================================
----------------- testing Thu Aug 02 01:43:19 UTC 2018 /home/travis/build/icyphy/ptII/ptolemy/actor/lib/test/auto/ScaleArray2.xml
----------------- Instantiating /home/travis/build/icyphy/ptII/ptolemy/actor/lib/test/auto/ScaleArray2.xml
1 ms. Memory: 1522688K Free: 171155K (11%)
----------------- Invoking toplevel() on ptolemy.moml.MoMLSimpleApplication@3feb6bb4
----------------- Done invoking toplevel() on ptolemy.moml.MoMLSimpleApplication@3feb6bb4
reloadAllAccessors: .ScaleArray2

===========================================================================================
----------------- testing Thu Aug 02 01:43:19 UTC 2018 /home/travis/build/icyphy/ptII/ptolemy/actor/lib/test/auto/ScaleMatrix.xml
----------------- Instantiating /home/travis/build/icyphy/ptII/ptolemy/actor/lib/test/auto/ScaleMatrix.xml
102 ms. Memory: 1522688K Free: 144431K (9%)
----------------- Invoking toplevel() on ptolemy.moml.MoMLSimpleApplication@6cf0624b
----------------- Done invoking toplevel() on ptolemy.moml.MoMLSimpleApplication@6cf0624b
reloadAllAccessors: .ScaleMatrix

===========================================================================================
----------------- testing Thu Aug 02 01:43:19 UTC 2018 /home/travis/build/icyphy/ptII/ptolemy/actor/lib/test/auto/Select.xml
----------------- Instantiating /home/travis/build/icyphy/ptII/ptolemy/actor/lib/test/auto/Select.xml
3 ms. Memory: 1522688K Free: 130203K (9%)
----------------- Invoking toplevel() on ptolemy.moml.MoMLSimpleApplication@5ba501b5
----------------- Done invoking toplevel() on ptolemy.moml.MoMLSimpleApplication@5ba501b5
reloadAllAccessors: .Select

===========================================================================================
----------------- testing Thu Aug 02 01:43:19 UTC 2018 /home/travis/build/icyphy/ptII/ptolemy/actor/lib/test/auto/Select2.xml
----------------- Instantiating /home/travis/build/icyphy/ptII/ptolemy/actor/lib/test/auto/Select2.xml
1 ms. Memory: 1522688K Free: 115974K (8%)
----------------- Invoking toplevel() on ptolemy.moml.MoMLSimpleApplication@13699e1c
----------------- Done invoking toplevel() on ptolemy.moml.MoMLSimpleApplication@13699e1c
reloadAllAccessors: .Select2

===========================================================================================
----------------- testing Thu Aug 02 01:43:19 UTC 2018 /home/travis/build/icyphy/ptII/ptolemy/actor/lib/test/auto/SequenceToArray2.xml
----------------- Instantiating /home/travis/build/icyphy/ptII/ptolemy/actor/lib/test/auto/SequenceToArray2.xml
95 ms. Memory: 1627648K Free: 1531009K (94%)
----------------- Invoking toplevel() on ptolemy.moml.MoMLSimpleApplication@35a02c24
----------------- Done invoking toplevel() on ptolemy.moml.MoMLSimpleApplication@35a02c24
reloadAllAccessors: .SequenceToArray2

===========================================================================================
----------------- testing Thu Aug 02 01:43:19 UTC 2018 /home/travis/build/icyphy/ptII/ptolemy/actor/lib/test/auto/SequentialClock.xml
----------------- Instantiating /home/travis/build/icyphy/ptII/ptolemy/actor/lib/test/auto/SequentialClock.xml
2 ms. Memory: 1627648K Free: 1512811K (93%)
----------------- Invoking toplevel() on ptolemy.moml.MoMLSimpleApplication@1f128d69
----------------- Done invoking toplevel() on ptolemy.moml.MoMLSimpleApplication@1f128d69
reloadAllAccessors: .SequentialClock

===========================================================================================
----------------- testing Thu Aug 02 01:43:19 UTC 2018 /home/travis/build/icyphy/ptII/ptolemy/actor/lib/test/auto/SetVariable.xml
----------------- Instantiating /home/travis/build/icyphy/ptII/ptolemy/actor/lib/test/auto/SetVariable.xml
3 ms. Memory: 1627648K Free: 1498507K (92%)
----------------- Invoking toplevel() on ptolemy.moml.MoMLSimpleApplication@55ca71f9
----------------- Done invoking toplevel() on ptolemy.moml.MoMLSimpleApplication@55ca71f9
reloadAllAccessors: .SetVariable

===========================================================================================
----------------- testing Thu Aug 02 01:43:19 UTC 2018 /home/travis/build/icyphy/ptII/ptolemy/actor/lib/test/auto/SetVariable2.xml
----------------- Instantiating /home/travis/build/icyphy/ptII/ptolemy/actor/lib/test/auto/SetVariable2.xml
3 ms. Memory: 1627648K Free: 1488325K (91%)
----------------- Invoking toplevel() on ptolemy.moml.MoMLSimpleApplication@4637c284
----------------- Done invoking toplevel() on ptolemy.moml.MoMLSimpleApplication@4637c284
reloadAllAccessors: .SetVariable2

===========================================================================================
----------------- testing Thu Aug 02 01:43:19 UTC 2018 /home/travis/build/icyphy/ptII/ptolemy/actor/lib/test/auto/SetVariable3.xml
----------------- Instantiating /home/travis/build/icyphy/ptII/ptolemy/actor/lib/test/auto/SetVariable3.xml
7 ms. Memory: 1627648K Free: 1474022K (91%)
----------------- Invoking toplevel() on ptolemy.moml.MoMLSimpleApplication@76478a08
----------------- Done invoking toplevel() on ptolemy.moml.MoMLSimpleApplication@76478a08
reloadAllAccessors: .SetVariable3

===========================================================================================
----------------- testing Thu Aug 02 01:43:19 UTC 2018 /home/travis/build/icyphy/ptII/ptolemy/actor/lib/test/auto/SetVariable4.xml
----------------- Instantiating /home/travis/build/icyphy/ptII/ptolemy/actor/lib/test/auto/SetVariable4.xml
19 ms. Memory: 1627648K Free: 1428203K (88%)
----------------- Invoking toplevel() on ptolemy.moml.MoMLSimpleApplication@767a9b8f
----------------- Done invoking toplevel() on ptolemy.moml.MoMLSimpleApplication@767a9b8f
reloadAllAccessors: .SetVariable4

===========================================================================================
----------------- testing Thu Aug 02 01:43:19 UTC 2018 /home/travis/build/icyphy/ptII/ptolemy/actor/lib/test/auto/SetVariable5.xml
----------------- Instantiating /home/travis/build/icyphy/ptII/ptolemy/actor/lib/test/auto/SetVariable5.xml
16 ms. Memory: 1627648K Free: 1408777K (87%)
----------------- Invoking toplevel() on ptolemy.moml.MoMLSimpleApplication@b94ee18
----------------- Done invoking toplevel() on ptolemy.moml.MoMLSimpleApplication@b94ee18
reloadAllAccessors: .SetVariable5

===========================================================================================
----------------- testing Thu Aug 02 01:43:19 UTC 2018 /home/travis/build/icyphy/ptII/ptolemy/actor/lib/test/auto/Sinewave.xml
----------------- Instantiating /home/travis/build/icyphy/ptII/ptolemy/actor/lib/test/auto/Sinewave.xml
4 ms. Memory: 1627648K Free: 1389382K (85%)
----------------- Invoking toplevel() on ptolemy.moml.MoMLSimpleApplication@5548c8b6
----------------- Done invoking toplevel() on ptolemy.moml.MoMLSimpleApplication@5548c8b6
reloadAllAccessors: .Sinewave

===========================================================================================
----------------- testing Thu Aug 02 01:43:19 UTC 2018 /home/travis/build/icyphy/ptII/ptolemy/actor/lib/test/auto/Sinewave2.xml
----------------- Instantiating /home/travis/build/icyphy/ptII/ptolemy/actor/lib/test/auto/Sinewave2.xml
11 ms. Memory: 1627648K Free: 1379200K (85%)
----------------- Invoking toplevel() on ptolemy.moml.MoMLSimpleApplication@3e6d200a
----------------- Done invoking toplevel() on ptolemy.moml.MoMLSimpleApplication@3e6d200a
reloadAllAccessors: .Sinewave2

===========================================================================================
----------------- testing Thu Aug 02 01:43:20 UTC 2018 /home/travis/build/icyphy/ptII/ptolemy/actor/lib/test/auto/Sinewave3.xml
----------------- Instantiating /home/travis/build/icyphy/ptII/ptolemy/actor/lib/test/auto/Sinewave3.xml
5 ms. Memory: 1627648K Free: 1364897K (84%)
----------------- Invoking toplevel() on ptolemy.moml.MoMLSimpleApplication@3a65739e
----------------- Done invoking toplevel() on ptolemy.moml.MoMLSimpleApplication@3a65739e
reloadAllAccessors: .Sinewave3

===========================================================================================
----------------- testing Thu Aug 02 01:43:20 UTC 2018 /home/travis/build/icyphy/ptII/ptolemy/actor/lib/test/auto/SingleEvent.xml
----------------- Instantiating /home/travis/build/icyphy/ptII/ptolemy/actor/lib/test/auto/SingleEvent.xml
1 ms. Memory: 1627648K Free: 1354715K (83%)
----------------- Invoking toplevel() on ptolemy.moml.MoMLSimpleApplication@7f3b38f0
----------------- Done invoking toplevel() on ptolemy.moml.MoMLSimpleApplication@7f3b38f0
reloadAllAccessors: .SingleEvent

===========================================================================================
----------------- testing Thu Aug 02 01:43:20 UTC 2018 /home/travis/build/icyphy/ptII/ptolemy/actor/lib/test/auto/Sleep.xml
----------------- Instantiating /home/travis/build/icyphy/ptII/ptolemy/actor/lib/test/auto/Sleep.xml
6003 ms. Memory: 1627648K Free: 1340411K (82%)
----------------- Invoking toplevel() on ptolemy.moml.MoMLSimpleApplication@64c6921f
----------------- Done invoking toplevel() on ptolemy.moml.MoMLSimpleApplication@64c6921f
reloadAllAccessors: .Sleep

===========================================================================================
----------------- testing Thu Aug 02 01:43:26 UTC 2018 /home/travis/build/icyphy/ptII/ptolemy/actor/lib/test/auto/SleepMultipleFire.xml
----------------- Instantiating /home/travis/build/icyphy/ptII/ptolemy/actor/lib/test/auto/SleepMultipleFire.xml
1005 ms. Memory: 1627648K Free: 1326108K (81%)
----------------- Invoking toplevel() on ptolemy.moml.MoMLSimpleApplication@75f776ca
----------------- Done invoking toplevel() on ptolemy.moml.MoMLSimpleApplication@75f776ca
reloadAllAccessors: .SleepMultipleFire

===========================================================================================
----------------- testing Thu Aug 02 01:43:27 UTC 2018 /home/travis/build/icyphy/ptII/ptolemy/actor/lib/test/auto/StopDE.xml
----------------- Instantiating /home/travis/build/icyphy/ptII/ptolemy/actor/lib/test/auto/StopDE.xml
2 ms. Memory: 1627648K Free: 1315926K (81%)
----------------- Invoking toplevel() on ptolemy.moml.MoMLSimpleApplication@68e7a2f5
----------------- Done invoking toplevel() on ptolemy.moml.MoMLSimpleApplication@68e7a2f5
reloadAllAccessors: .StopDE

===========================================================================================
----------------- testing Thu Aug 02 01:43:27 UTC 2018 /home/travis/build/icyphy/ptII/ptolemy/actor/lib/test/auto/StopSDF.xml
----------------- Instantiating /home/travis/build/icyphy/ptII/ptolemy/actor/lib/test/auto/StopSDF.xml
2 ms. Memory: 1627648K Free: 1301622K (80%)
----------------- Invoking toplevel() on ptolemy.moml.MoMLSimpleApplication@60659f34
----------------- Done invoking toplevel() on ptolemy.moml.MoMLSimpleApplication@60659f34
reloadAllAccessors: .StopSDF

===========================================================================================
----------------- testing Thu Aug 02 01:43:27 UTC 2018 /home/travis/build/icyphy/ptII/ptolemy/actor/lib/test/auto/StringConstant.xml
----------------- Instantiating /home/travis/build/icyphy/ptII/ptolemy/actor/lib/test/auto/StringConstant.xml
1 ms. Memory: 1627648K Free: 1291440K (79%)
----------------- Invoking toplevel() on ptolemy.moml.MoMLSimpleApplication@768ae1b4
----------------- Done invoking toplevel() on ptolemy.moml.MoMLSimpleApplication@768ae1b4
reloadAllAccessors: .StringConstant

===========================================================================================
----------------- testing Thu Aug 02 01:43:27 UTC 2018 /home/travis/build/icyphy/ptII/ptolemy/actor/lib/test/auto/SubscriberPortInitialValues1.xml
----------------- Instantiating /home/travis/build/icyphy/ptII/ptolemy/actor/lib/test/auto/SubscriberPortInitialValues1.xml
5 ms. Memory: 1627648K Free: 1272038K (78%)
----------------- Invoking toplevel() on ptolemy.moml.MoMLSimpleApplication@ba4057
----------------- Done invoking toplevel() on ptolemy.moml.MoMLSimpleApplication@ba4057
reloadAllAccessors: .SubscriberPortInitialValues1

===========================================================================================
----------------- testing Thu Aug 02 01:43:27 UTC 2018 /home/travis/build/icyphy/ptII/ptolemy/actor/lib/test/auto/SubscriberPortInitialValues13.xml
----------------- Instantiating /home/travis/build/icyphy/ptII/ptolemy/actor/lib/test/auto/SubscriberPortInitialValues13.xml
4 ms. Memory: 1627648K Free: 1252643K (77%)
----------------- Invoking toplevel() on ptolemy.moml.MoMLSimpleApplication@99a78ea
----------------- Done invoking toplevel() on ptolemy.moml.MoMLSimpleApplication@99a78ea
reloadAllAccessors: .SubscriberPortInitialValues13

===========================================================================================
----------------- testing Thu Aug 02 01:43:27 UTC 2018 /home/travis/build/icyphy/ptII/ptolemy/actor/lib/test/auto/SubscriberPortInitialValues14.xml
----------------- Instantiating /home/travis/build/icyphy/ptII/ptolemy/actor/lib/test/auto/SubscriberPortInitialValues14.xml
5 ms. Memory: 1627648K Free: 1242462K (76%)
----------------- Invoking toplevel() on ptolemy.moml.MoMLSimpleApplication@77f3aa3d
----------------- Done invoking toplevel() on ptolemy.moml.MoMLSimpleApplication@77f3aa3d
reloadAllAccessors: .SubscriberPortInitialValues14

===========================================================================================
----------------- testing Thu Aug 02 01:43:27 UTC 2018 /home/travis/build/icyphy/ptII/ptolemy/actor/lib/test/auto/SubscriberPortInitialValues2.xml
----------------- Instantiating /home/travis/build/icyphy/ptII/ptolemy/actor/lib/test/auto/SubscriberPortInitialValues2.xml
4 ms. Memory: 1627648K Free: 1223067K (75%)
----------------- Invoking toplevel() on ptolemy.moml.MoMLSimpleApplication@3b930df0
----------------- Done invoking toplevel() on ptolemy.moml.MoMLSimpleApplication@3b930df0
reloadAllAccessors: .SubscriberPortInitialValues2

===========================================================================================
----------------- testing Thu Aug 02 01:43:27 UTC 2018 /home/travis/build/icyphy/ptII/ptolemy/actor/lib/test/auto/SubscriberPortInitialValues3.xml
----------------- Instantiating /home/travis/build/icyphy/ptII/ptolemy/actor/lib/test/auto/SubscriberPortInitialValues3.xml
4 ms. Memory: 1627648K Free: 1207778K (74%)
----------------- Invoking toplevel() on ptolemy.moml.MoMLSimpleApplication@1543f060
----------------- Done invoking toplevel() on ptolemy.moml.MoMLSimpleApplication@1543f060
reloadAllAccessors: .SubscriberPortInitialValues3

===========================================================================================
----------------- testing Thu Aug 02 01:43:27 UTC 2018 /home/travis/build/icyphy/ptII/ptolemy/actor/lib/test/auto/SubscriptionAggregator.xml
----------------- Instantiating /home/travis/build/icyphy/ptII/ptolemy/actor/lib/test/auto/SubscriptionAggregator.xml
2 ms. Memory: 1627648K Free: 1193474K (73%)
----------------- Invoking toplevel() on ptolemy.moml.MoMLSimpleApplication@e96dc1a
----------------- Done invoking toplevel() on ptolemy.moml.MoMLSimpleApplication@e96dc1a
reloadAllAccessors: .SubscriptionAggregator

===========================================================================================
----------------- testing Thu Aug 02 01:43:27 UTC 2018 /home/travis/build/icyphy/ptII/ptolemy/actor/lib/test/auto/SubscriptionAggregator2.xml
----------------- Instantiating /home/travis/build/icyphy/ptII/ptolemy/actor/lib/test/auto/SubscriptionAggregator2.xml
2 ms. Memory: 1627648K Free: 1179171K (72%)
----------------- Invoking toplevel() on ptolemy.moml.MoMLSimpleApplication@2704b3f0
----------------- Done invoking toplevel() on ptolemy.moml.MoMLSimpleApplication@2704b3f0
reloadAllAccessors: .SubscriptionAggregator2

===========================================================================================
----------------- testing Thu Aug 02 01:43:27 UTC 2018 /home/travis/build/icyphy/ptII/ptolemy/actor/lib/test/auto/SubscriptionAggregator3.xml
----------------- Instantiating /home/travis/build/icyphy/ptII/ptolemy/actor/lib/test/auto/SubscriptionAggregator3.xml
3 ms. Memory: 1627648K Free: 1163882K (72%)
----------------- Invoking toplevel() on ptolemy.moml.MoMLSimpleApplication@418e1754
----------------- Done invoking toplevel() on ptolemy.moml.MoMLSimpleApplication@418e1754
reloadAllAccessors: .SubscriptionAggregator3

===========================================================================================
----------------- testing Thu Aug 02 01:43:27 UTC 2018 /home/travis/build/icyphy/ptII/ptolemy/actor/lib/test/auto/SubscriptionAggregatorMultiply.xml
----------------- Instantiating /home/travis/build/icyphy/ptII/ptolemy/actor/lib/test/auto/SubscriptionAggregatorMultiply.xml
2 ms. Memory: 1627648K Free: 1144472K (70%)
----------------- Invoking toplevel() on ptolemy.moml.MoMLSimpleApplication@7820cad4
----------------- Done invoking toplevel() on ptolemy.moml.MoMLSimpleApplication@7820cad4
reloadAllAccessors: .SubscriptionAggregatorMultiply

===========================================================================================
----------------- testing Thu Aug 02 01:43:27 UTC 2018 /home/travis/build/icyphy/ptII/ptolemy/actor/lib/test/auto/SubscriptionAggregatorPortMultiply1.xml
----------------- Instantiating /home/travis/build/icyphy/ptII/ptolemy/actor/lib/test/auto/SubscriptionAggregatorPortMultiply1.xml
3 ms. Memory: 1627648K Free: 1134290K (70%)
----------------- Invoking toplevel() on ptolemy.moml.MoMLSimpleApplication@4a2d58a4
----------------- Done invoking toplevel() on ptolemy.moml.MoMLSimpleApplication@4a2d58a4
reloadAllAccessors: .SubscriptionAggregatorPortMultiply1

===========================================================================================
----------------- testing Thu Aug 02 01:43:27 UTC 2018 /home/travis/build/icyphy/ptII/ptolemy/actor/lib/test/auto/Switch.xml
----------------- Instantiating /home/travis/build/icyphy/ptII/ptolemy/actor/lib/test/auto/Switch.xml
4 ms. Memory: 1627648K Free: 1089440K (67%)
----------------- Invoking toplevel() on ptolemy.moml.MoMLSimpleApplication@17f009dd
----------------- Done invoking toplevel() on ptolemy.moml.MoMLSimpleApplication@17f009dd
reloadAllAccessors: .Switch

===========================================================================================
----------------- testing Thu Aug 02 01:43:27 UTC 2018 /home/travis/build/icyphy/ptII/ptolemy/actor/lib/test/auto/Switch2.xml
----------------- Instantiating /home/travis/build/icyphy/ptII/ptolemy/actor/lib/test/auto/Switch2.xml
1 ms. Memory: 1627648K Free: 1075136K (66%)
----------------- Invoking toplevel() on ptolemy.moml.MoMLSimpleApplication@3951a1de
----------------- Done invoking toplevel() on ptolemy.moml.MoMLSimpleApplication@3951a1de
reloadAllAccessors: .Switch2

===========================================================================================
----------------- testing Thu Aug 02 01:43:27 UTC 2018 /home/travis/build/icyphy/ptII/ptolemy/actor/lib/test/auto/SwitchDE.xml
----------------- Instantiating /home/travis/build/icyphy/ptII/ptolemy/actor/lib/test/auto/SwitchDE.xml
2 ms. Memory: 1627648K Free: 1064955K (65%)
----------------- Invoking toplevel() on ptolemy.moml.MoMLSimpleApplication@48ff6f46
----------------- Done invoking toplevel() on ptolemy.moml.MoMLSimpleApplication@48ff6f46
reloadAllAccessors: .SwitchDE

===========================================================================================
----------------- testing Thu Aug 02 01:43:27 UTC 2018 /home/travis/build/icyphy/ptII/ptolemy/actor/lib/test/auto/SynchronizerDE.xml
----------------- Instantiating /home/travis/build/icyphy/ptII/ptolemy/actor/lib/test/auto/SynchronizerDE.xml
4 ms. Memory: 1627648K Free: 1045560K (64%)
----------------- Invoking toplevel() on ptolemy.moml.MoMLSimpleApplication@cd8f857
----------------- Done invoking toplevel() on ptolemy.moml.MoMLSimpleApplication@cd8f857
reloadAllAccessors: .SynchronizerDE

===========================================================================================
----------------- testing Thu Aug 02 01:43:27 UTC 2018 /home/travis/build/icyphy/ptII/ptolemy/actor/lib/test/auto/Test.xml
----------------- Instantiating /home/travis/build/icyphy/ptII/ptolemy/actor/lib/test/auto/Test.xml
1 ms. Memory: 1627648K Free: 1035378K (64%)
----------------- Invoking toplevel() on ptolemy.moml.MoMLSimpleApplication@e156228
----------------- Done invoking toplevel() on ptolemy.moml.MoMLSimpleApplication@e156228
reloadAllAccessors: .Test

===========================================================================================
----------------- testing Thu Aug 02 01:43:27 UTC 2018 /home/travis/build/icyphy/ptII/ptolemy/actor/lib/test/auto/TestExceptionAttribute1.xml
----------------- Instantiating /home/travis/build/icyphy/ptII/ptolemy/actor/lib/test/auto/TestExceptionAttribute1.xml
3 ms. Memory: 1627648K Free: 1021075K (63%)
----------------- Invoking toplevel() on ptolemy.moml.MoMLSimpleApplication@13282aac
----------------- Done invoking toplevel() on ptolemy.moml.MoMLSimpleApplication@13282aac
reloadAllAccessors: .TestExceptionAttribute1

===========================================================================================
----------------- testing Thu Aug 02 01:43:27 UTC 2018 /home/travis/build/icyphy/ptII/ptolemy/actor/lib/test/auto/TestExceptionAttribute2.xml
----------------- Instantiating /home/travis/build/icyphy/ptII/ptolemy/actor/lib/test/auto/TestExceptionAttribute2.xml
1 ms. Memory: 1627648K Free: 1006771K (62%)
----------------- Invoking toplevel() on ptolemy.moml.MoMLSimpleApplication@3ab2e9d3
----------------- Done invoking toplevel() on ptolemy.moml.MoMLSimpleApplication@3ab2e9d3
reloadAllAccessors: .TestExceptionAttribute2

===========================================================================================
----------------- testing Thu Aug 02 01:43:27 UTC 2018 /home/travis/build/icyphy/ptII/ptolemy/actor/lib/test/auto/TestExceptionAttribute3.xml
----------------- Instantiating /home/travis/build/icyphy/ptII/ptolemy/actor/lib/test/auto/TestExceptionAttribute3.xml
.TestExceptionAttribute3.TestExceptionAttribute: initialize() was not invoked, but wrapup() was.  This is unusual, but not always a problem.  For example, exporting JNLP will do this.
1 ms. Memory: 1627648K Free: 996589K (61%)
----------------- Invoking toplevel() on ptolemy.moml.MoMLSimpleApplication@666c559d
----------------- Done invoking toplevel() on ptolemy.moml.MoMLSimpleApplication@666c559d
reloadAllAccessors: .TestExceptionAttribute3

===========================================================================================
----------------- testing Thu Aug 02 01:43:27 UTC 2018 /home/travis/build/icyphy/ptII/ptolemy/actor/lib/test/auto/TestExceptionAttribute4.xml
----------------- Instantiating /home/travis/build/icyphy/ptII/ptolemy/actor/lib/test/auto/TestExceptionAttribute4.xml
.TestExceptionAttribute4.TestExceptionAttribute: initialize() was not invoked, but wrapup() was.  This is unusual, but not always a problem.  For example, exporting JNLP will do this.
.TestExceptionAttribute4.TestExceptionAttribute2: initialize() was not invoked, but wrapup() was.  This is unusual, but not always a problem.  For example, exporting JNLP will do this.
0 ms. Memory: 1627648K Free: 982285K (60%)
----------------- Invoking toplevel() on ptolemy.moml.MoMLSimpleApplication@17c36a31
----------------- Done invoking toplevel() on ptolemy.moml.MoMLSimpleApplication@17c36a31
reloadAllAccessors: .TestExceptionAttribute4

===========================================================================================
----------------- testing Thu Aug 02 01:43:27 UTC 2018 /home/travis/build/icyphy/ptII/ptolemy/actor/lib/test/auto/TestExceptionHandler1.xml
----------------- Instantiating /home/travis/build/icyphy/ptII/ptolemy/actor/lib/test/auto/TestExceptionHandler1.xml
1 ms. Memory: 1627648K Free: 972103K (60%)
----------------- Invoking toplevel() on ptolemy.moml.MoMLSimpleApplication@8e91a7e
----------------- Done invoking toplevel() on ptolemy.moml.MoMLSimpleApplication@8e91a7e
reloadAllAccessors: .TestExceptionHandler1

===========================================================================================
----------------- testing Thu Aug 02 01:43:27 UTC 2018 /home/travis/build/icyphy/ptII/ptolemy/actor/lib/test/auto/TestExceptionHandler2.xml
----------------- Instantiating /home/travis/build/icyphy/ptII/ptolemy/actor/lib/test/auto/TestExceptionHandler2.xml
1 ms. Memory: 1627648K Free: 957800K (59%)
----------------- Invoking toplevel() on ptolemy.moml.MoMLSimpleApplication@5e79c879
----------------- Done invoking toplevel() on ptolemy.moml.MoMLSimpleApplication@5e79c879
reloadAllAccessors: .TestExceptionHandler2

===========================================================================================
----------------- testing Thu Aug 02 01:43:27 UTC 2018 /home/travis/build/icyphy/ptII/ptolemy/actor/lib/test/auto/TestExceptionHandler3.xml
----------------- Instantiating /home/travis/build/icyphy/ptII/ptolemy/actor/lib/test/auto/TestExceptionHandler3.xml
0 ms. Memory: 1627648K Free: 943497K (58%)
----------------- Invoking toplevel() on ptolemy.moml.MoMLSimpleApplication@60561b0
----------------- Done invoking toplevel() on ptolemy.moml.MoMLSimpleApplication@60561b0
reloadAllAccessors: .TestExceptionHandler3

===========================================================================================
----------------- testing Thu Aug 02 01:43:27 UTC 2018 /home/travis/build/icyphy/ptII/ptolemy/actor/lib/test/auto/TestExceptionHandler4.xml
----------------- Instantiating /home/travis/build/icyphy/ptII/ptolemy/actor/lib/test/auto/TestExceptionHandler4.xml
0 ms. Memory: 1627648K Free: 933315K (57%)
----------------- Invoking toplevel() on ptolemy.moml.MoMLSimpleApplication@4b88039a
----------------- Done invoking toplevel() on ptolemy.moml.MoMLSimpleApplication@4b88039a
reloadAllAccessors: .TestExceptionHandler4

===========================================================================================
----------------- testing Thu Aug 02 01:43:27 UTC 2018 /home/travis/build/icyphy/ptII/ptolemy/actor/lib/test/auto/TestRequireCorrectOrder.xml
----------------- Instantiating /home/travis/build/icyphy/ptII/ptolemy/actor/lib/test/auto/TestRequireCorrectOrder.xml
2 ms. Memory: 1627648K Free: 919011K (56%)
----------------- Invoking toplevel() on ptolemy.moml.MoMLSimpleApplication@6b2e61b5
----------------- Done invoking toplevel() on ptolemy.moml.MoMLSimpleApplication@6b2e61b5
reloadAllAccessors: .TestRequireCorrectOrder

===========================================================================================
----------------- testing Thu Aug 02 01:43:27 UTC 2018 /home/travis/build/icyphy/ptII/ptolemy/actor/lib/test/auto/TestSimple.xml
----------------- Instantiating /home/travis/build/icyphy/ptII/ptolemy/actor/lib/test/auto/TestSimple.xml
3 ms. Memory: 1627648K Free: 908829K (56%)
----------------- Invoking toplevel() on ptolemy.moml.MoMLSimpleApplication@162f5e9c
----------------- Done invoking toplevel() on ptolemy.moml.MoMLSimpleApplication@162f5e9c
reloadAllAccessors: .TestSimple

===========================================================================================
----------------- testing Thu Aug 02 01:43:27 UTC 2018 /home/travis/build/icyphy/ptII/ptolemy/actor/lib/test/auto/ThrowModelError.xml
----------------- Instantiating /home/travis/build/icyphy/ptII/ptolemy/actor/lib/test/auto/ThrowModelError.xml
2 ms. Memory: 1627648K Free: 894526K (55%)
----------------- Invoking toplevel() on ptolemy.moml.MoMLSimpleApplication@19c080eb
----------------- Done invoking toplevel() on ptolemy.moml.MoMLSimpleApplication@19c080eb
reloadAllAccessors: .ThrowModelError

===========================================================================================
----------------- testing Thu Aug 02 01:43:27 UTC 2018 /home/travis/build/icyphy/ptII/ptolemy/actor/lib/test/auto/TimeDelayMicrosteps.xml
----------------- Instantiating /home/travis/build/icyphy/ptII/ptolemy/actor/lib/test/auto/TimeDelayMicrosteps.xml
3 ms. Memory: 1627648K Free: 880222K (54%)
----------------- Invoking toplevel() on ptolemy.moml.MoMLSimpleApplication@52667a2d
----------------- Done invoking toplevel() on ptolemy.moml.MoMLSimpleApplication@52667a2d
reloadAllAccessors: .TimeDelayMicrosteps

===========================================================================================
----------------- testing Thu Aug 02 01:43:27 UTC 2018 /home/travis/build/icyphy/ptII/ptolemy/actor/lib/test/auto/TimeDelayMicrosteps2.xml
----------------- Instantiating /home/travis/build/icyphy/ptII/ptolemy/actor/lib/test/auto/TimeDelayMicrosteps2.xml
4 ms. Memory: 1627648K Free: 870040K (53%)
----------------- Invoking toplevel() on ptolemy.moml.MoMLSimpleApplication@580fcd1c
----------------- Done invoking toplevel() on ptolemy.moml.MoMLSimpleApplication@580fcd1c
reloadAllAccessors: .TimeDelayMicrosteps2

===========================================================================================
----------------- testing Thu Aug 02 01:43:27 UTC 2018 /home/travis/build/icyphy/ptII/ptolemy/actor/lib/test/auto/TimeDelayMicrosteps3.xml
----------------- Instantiating /home/travis/build/icyphy/ptII/ptolemy/actor/lib/test/auto/TimeDelayMicrosteps3.xml
3 ms. Memory: 1627648K Free: 855736K (53%)
----------------- Invoking toplevel() on ptolemy.moml.MoMLSimpleApplication@3b4f9120
----------------- Done invoking toplevel() on ptolemy.moml.MoMLSimpleApplication@3b4f9120
reloadAllAccessors: .TimeDelayMicrosteps3

===========================================================================================
----------------- testing Thu Aug 02 01:43:27 UTC 2018 /home/travis/build/icyphy/ptII/ptolemy/actor/lib/test/auto/TimeDelayVariableMicrosteps.xml
----------------- Instantiating /home/travis/build/icyphy/ptII/ptolemy/actor/lib/test/auto/TimeDelayVariableMicrosteps.xml
3 ms. Memory: 1627648K Free: 845554K (52%)
----------------- Invoking toplevel() on ptolemy.moml.MoMLSimpleApplication@77705b16
----------------- Done invoking toplevel() on ptolemy.moml.MoMLSimpleApplication@77705b16
reloadAllAccessors: .TimeDelayVariableMicrosteps

===========================================================================================
----------------- testing Thu Aug 02 01:43:27 UTC 2018 /home/travis/build/icyphy/ptII/ptolemy/actor/lib/test/auto/TimeGap.xml
----------------- Instantiating /home/travis/build/icyphy/ptII/ptolemy/actor/lib/test/auto/TimeGap.xml
10 ms. Memory: 1627648K Free: 831251K (51%)
----------------- Invoking toplevel() on ptolemy.moml.MoMLSimpleApplication@5d976a58
----------------- Done invoking toplevel() on ptolemy.moml.MoMLSimpleApplication@5d976a58
reloadAllAccessors: .TimeGap

===========================================================================================
----------------- testing Thu Aug 02 01:43:27 UTC 2018 /home/travis/build/icyphy/ptII/ptolemy/actor/lib/test/auto/TimeGap2.xml
----------------- Instantiating /home/travis/build/icyphy/ptII/ptolemy/actor/lib/test/auto/TimeGap2.xml
2 ms. Memory: 1627648K Free: 816947K (50%)
----------------- Invoking toplevel() on ptolemy.moml.MoMLSimpleApplication@52f39f65
----------------- Done invoking toplevel() on ptolemy.moml.MoMLSimpleApplication@52f39f65
reloadAllAccessors: .TimeGap2

===========================================================================================
----------------- testing Thu Aug 02 01:43:27 UTC 2018 /home/travis/build/icyphy/ptII/ptolemy/actor/lib/test/auto/TimedSinewave.xml
----------------- Instantiating /home/travis/build/icyphy/ptII/ptolemy/actor/lib/test/auto/TimedSinewave.xml
21 ms. Memory: 1627648K Free: 796551K (49%)
----------------- Invoking toplevel() on ptolemy.moml.MoMLSimpleApplication@6075ee75
----------------- Done invoking toplevel() on ptolemy.moml.MoMLSimpleApplication@6075ee75
reloadAllAccessors: .TimedSinewave

===========================================================================================
----------------- testing Thu Aug 02 01:43:27 UTC 2018 /home/travis/build/icyphy/ptII/ptolemy/actor/lib/test/auto/TimedSinewavePhase.xml
----------------- Instantiating /home/travis/build/icyphy/ptII/ptolemy/actor/lib/test/auto/TimedSinewavePhase.xml
10 ms. Memory: 1627648K Free: 777141K (48%)
----------------- Invoking toplevel() on ptolemy.moml.MoMLSimpleApplication@3e9d8af4
----------------- Done invoking toplevel() on ptolemy.moml.MoMLSimpleApplication@3e9d8af4
reloadAllAccessors: .TimedSinewavePhase

===========================================================================================
----------------- testing Thu Aug 02 01:43:27 UTC 2018 /home/travis/build/icyphy/ptII/ptolemy/actor/lib/test/auto/Timer.xml
----------------- Instantiating /home/travis/build/icyphy/ptII/ptolemy/actor/lib/test/auto/Timer.xml
2 ms. Memory: 1627648K Free: 766959K (47%)
----------------- Invoking toplevel() on ptolemy.moml.MoMLSimpleApplication@4f12b4cf
----------------- Done invoking toplevel() on ptolemy.moml.MoMLSimpleApplication@4f12b4cf
reloadAllAccessors: .Timer

===========================================================================================
----------------- testing Thu Aug 02 01:43:27 UTC 2018 /home/travis/build/icyphy/ptII/ptolemy/actor/lib/test/auto/TriangularDistTestModel.xml
----------------- Instantiating /home/travis/build/icyphy/ptII/ptolemy/actor/lib/test/auto/TriangularDistTestModel.xml
1 ms. Memory: 1627648K Free: 752655K (46%)
----------------- Invoking toplevel() on ptolemy.moml.MoMLSimpleApplication@42d8fa89
----------------- Done invoking toplevel() on ptolemy.moml.MoMLSimpleApplication@42d8fa89
reloadAllAccessors: .TriangularDistTestModel

===========================================================================================
----------------- testing Thu Aug 02 01:43:27 UTC 2018 /home/travis/build/icyphy/ptII/ptolemy/actor/lib/test/auto/TrigFunction.xml
----------------- Instantiating /home/travis/build/icyphy/ptII/ptolemy/actor/lib/test/auto/TrigFunction.xml
2 ms. Memory: 1627648K Free: 738352K (45%)
----------------- Invoking toplevel() on ptolemy.moml.MoMLSimpleApplication@745ce45b
----------------- Done invoking toplevel() on ptolemy.moml.MoMLSimpleApplication@745ce45b
reloadAllAccessors: .TrigFunction

===========================================================================================
----------------- testing Thu Aug 02 01:43:27 UTC 2018 /home/travis/build/icyphy/ptII/ptolemy/actor/lib/test/auto/TrigFunctionDE.xml
----------------- Instantiating /home/travis/build/icyphy/ptII/ptolemy/actor/lib/test/auto/TrigFunctionDE.xml
2 ms. Memory: 1627648K Free: 728170K (45%)
----------------- Invoking toplevel() on ptolemy.moml.MoMLSimpleApplication@3e2dc3f2
----------------- Done invoking toplevel() on ptolemy.moml.MoMLSimpleApplication@3e2dc3f2
reloadAllAccessors: .TrigFunctionDE

===========================================================================================
----------------- testing Thu Aug 02 01:43:27 UTC 2018 /home/travis/build/icyphy/ptII/ptolemy/actor/lib/test/auto/TrigFunctionInverse.xml
----------------- Instantiating /home/travis/build/icyphy/ptII/ptolemy/actor/lib/test/auto/TrigFunctionInverse.xml
2 ms. Memory: 1627648K Free: 713866K (44%)
----------------- Invoking toplevel() on ptolemy.moml.MoMLSimpleApplication@28be5ced
----------------- Done invoking toplevel() on ptolemy.moml.MoMLSimpleApplication@28be5ced
reloadAllAccessors: .TrigFunctionInverse

===========================================================================================
----------------- testing Thu Aug 02 01:43:27 UTC 2018 /home/travis/build/icyphy/ptII/ptolemy/actor/lib/test/auto/TrigFunctionTan.xml
----------------- Instantiating /home/travis/build/icyphy/ptII/ptolemy/actor/lib/test/auto/TrigFunctionTan.xml
1 ms. Memory: 1627648K Free: 703684K (43%)
----------------- Invoking toplevel() on ptolemy.moml.MoMLSimpleApplication@2c25d8a8
----------------- Done invoking toplevel() on ptolemy.moml.MoMLSimpleApplication@2c25d8a8
reloadAllAccessors: .TrigFunctionTan

===========================================================================================
----------------- testing Thu Aug 02 01:43:27 UTC 2018 /home/travis/build/icyphy/ptII/ptolemy/actor/lib/test/auto/TriggeredClock.xml
----------------- Instantiating /home/travis/build/icyphy/ptII/ptolemy/actor/lib/test/auto/TriggeredClock.xml
1 ms. Memory: 1627648K Free: 689381K (42%)
----------------- Invoking toplevel() on ptolemy.moml.MoMLSimpleApplication@d2ae4c8
----------------- Done invoking toplevel() on ptolemy.moml.MoMLSimpleApplication@d2ae4c8
reloadAllAccessors: .TriggeredClock

===========================================================================================
----------------- testing Thu Aug 02 01:43:27 UTC 2018 /home/travis/build/icyphy/ptII/ptolemy/actor/lib/test/auto/URLDirectoryReader.xml
----------------- Instantiating /home/travis/build/icyphy/ptII/ptolemy/actor/lib/test/auto/URLDirectoryReader.xml
38 ms. Memory: 1627648K Free: 669986K (41%)
----------------- Invoking toplevel() on ptolemy.moml.MoMLSimpleApplication@27529508
----------------- Done invoking toplevel() on ptolemy.moml.MoMLSimpleApplication@27529508
reloadAllAccessors: .URLDirectoryReader

===========================================================================================
----------------- testing Thu Aug 02 01:43:27 UTC 2018 /home/travis/build/icyphy/ptII/ptolemy/actor/lib/test/auto/URLDirectoryReader3.xml
----------------- Instantiating /home/travis/build/icyphy/ptII/ptolemy/actor/lib/test/auto/URLDirectoryReader3.xml
1112 ms. Memory: 1627648K Free: 629258K (39%)
----------------- Invoking toplevel() on ptolemy.moml.MoMLSimpleApplication@56719d28
----------------- Done invoking toplevel() on ptolemy.moml.MoMLSimpleApplication@56719d28
reloadAllAccessors: .URLDirectoryReader3

===========================================================================================
----------------- testing Thu Aug 02 01:43:29 UTC 2018 /home/travis/build/icyphy/ptII/ptolemy/actor/lib/test/auto/UnaryMathFunction.xml
----------------- Instantiating /home/travis/build/icyphy/ptII/ptolemy/actor/lib/test/auto/UnaryMathFunction.xml
2 ms. Memory: 1627648K Free: 614954K (38%)
----------------- Invoking toplevel() on ptolemy.moml.MoMLSimpleApplication@4531239a
----------------- Done invoking toplevel() on ptolemy.moml.MoMLSimpleApplication@4531239a
reloadAllAccessors: .UnaryMathFunction

===========================================================================================
----------------- testing Thu Aug 02 01:43:29 UTC 2018 /home/travis/build/icyphy/ptII/ptolemy/actor/lib/test/auto/Uniform.xml
----------------- Instantiating /home/travis/build/icyphy/ptII/ptolemy/actor/lib/test/auto/Uniform.xml
2 ms. Memory: 1627648K Free: 600651K (37%)
----------------- Invoking toplevel() on ptolemy.moml.MoMLSimpleApplication@5c149fb2
----------------- Done invoking toplevel() on ptolemy.moml.MoMLSimpleApplication@5c149fb2
reloadAllAccessors: .Uniform

===========================================================================================
----------------- testing Thu Aug 02 01:43:29 UTC 2018 /home/travis/build/icyphy/ptII/ptolemy/actor/lib/test/auto/UnionDisassemblerTest.xml
----------------- Instantiating /home/travis/build/icyphy/ptII/ptolemy/actor/lib/test/auto/UnionDisassemblerTest.xml
8 ms. Memory: 1627648K Free: 590469K (36%)
----------------- Invoking toplevel() on ptolemy.moml.MoMLSimpleApplication@58d78b89
----------------- Done invoking toplevel() on ptolemy.moml.MoMLSimpleApplication@58d78b89
reloadAllAccessors: .UnionDisassemblerTest

===========================================================================================
----------------- testing Thu Aug 02 01:43:29 UTC 2018 /home/travis/build/icyphy/ptII/ptolemy/actor/lib/test/auto/UtilityFunctions.xml
----------------- Instantiating /home/travis/build/icyphy/ptII/ptolemy/actor/lib/test/auto/UtilityFunctions.xml
1 ms. Memory: 1627648K Free: 576165K (35%)
----------------- Invoking toplevel() on ptolemy.moml.MoMLSimpleApplication@502582ad
----------------- Done invoking toplevel() on ptolemy.moml.MoMLSimpleApplication@502582ad
reloadAllAccessors: .UtilityFunctions

===========================================================================================
----------------- testing Thu Aug 02 01:43:29 UTC 2018 /home/travis/build/icyphy/ptII/ptolemy/actor/lib/test/auto/VariableSleep.xml
----------------- Instantiating /home/travis/build/icyphy/ptII/ptolemy/actor/lib/test/auto/VariableSleep.xml
503 ms. Memory: 1627648K Free: 565983K (35%)
----------------- Invoking toplevel() on ptolemy.moml.MoMLSimpleApplication@5638a4c1
----------------- Done invoking toplevel() on ptolemy.moml.MoMLSimpleApplication@5638a4c1
reloadAllAccessors: .VariableSleep

===========================================================================================
----------------- testing Thu Aug 02 01:43:29 UTC 2018 /home/travis/build/icyphy/ptII/ptolemy/actor/lib/test/auto/VectorAssemblerDisassemblerCT.xml
----------------- Instantiating /home/travis/build/icyphy/ptII/ptolemy/actor/lib/test/auto/VectorAssemblerDisassemblerCT.xml
73 ms. Memory: 1627648K Free: 531275K (33%)
----------------- Invoking toplevel() on ptolemy.moml.MoMLSimpleApplication@343fd62
----------------- Done invoking toplevel() on ptolemy.moml.MoMLSimpleApplication@343fd62
reloadAllAccessors: .VectorAssemblerDisassemblerCT

===========================================================================================
----------------- testing Thu Aug 02 01:43:30 UTC 2018 /home/travis/build/icyphy/ptII/ptolemy/actor/lib/test/auto/VectorAssemblerDisassemblerDE.xml
----------------- Instantiating /home/travis/build/icyphy/ptII/ptolemy/actor/lib/test/auto/VectorAssemblerDisassemblerDE.xml
3 ms. Memory: 1627648K Free: 516972K (32%)
----------------- Invoking toplevel() on ptolemy.moml.MoMLSimpleApplication@172dbb72
----------------- Done invoking toplevel() on ptolemy.moml.MoMLSimpleApplication@172dbb72
reloadAllAccessors: .VectorAssemblerDisassemblerDE

===========================================================================================
----------------- testing Thu Aug 02 01:43:30 UTC 2018 /home/travis/build/icyphy/ptII/ptolemy/actor/lib/test/auto/VectorAssemblerDisassemblerSDF.xml
----------------- Instantiating /home/travis/build/icyphy/ptII/ptolemy/actor/lib/test/auto/VectorAssemblerDisassemblerSDF.xml
2 ms. Memory: 1627648K Free: 506790K (31%)
----------------- Invoking toplevel() on ptolemy.moml.MoMLSimpleApplication@23f1e182
----------------- Done invoking toplevel() on ptolemy.moml.MoMLSimpleApplication@23f1e182
reloadAllAccessors: .VectorAssemblerDisassemblerSDF

===========================================================================================
----------------- testing Thu Aug 02 01:43:30 UTC 2018 /home/travis/build/icyphy/ptII/ptolemy/actor/lib/test/auto/WallClockTime.xml
----------------- Instantiating /home/travis/build/icyphy/ptII/ptolemy/actor/lib/test/auto/WallClockTime.xml
1004 ms. Memory: 1627648K Free: 492486K (30%)
----------------- Invoking toplevel() on ptolemy.moml.MoMLSimpleApplication@1b140a40
----------------- Done invoking toplevel() on ptolemy.moml.MoMLSimpleApplication@1b140a40
reloadAllAccessors: .WallClockTime

===========================================================================================
----------------- testing Thu Aug 02 01:43:31 UTC 2018 /home/travis/build/icyphy/ptII/ptolemy/actor/lib/test/auto/WidthTestWithSubscriberPublisher.xml
----------------- Instantiating /home/travis/build/icyphy/ptII/ptolemy/actor/lib/test/auto/WidthTestWithSubscriberPublisher.xml
6 ms. Memory: 1627648K Free: 466999K (29%)
----------------- Invoking toplevel() on ptolemy.moml.MoMLSimpleApplication@261a1a2b
----------------- Done invoking toplevel() on ptolemy.moml.MoMLSimpleApplication@261a1a2b
reloadAllAccessors: .WidthTestWithSubscriberPublisher

===========================================================================================
----------------- testing Thu Aug 02 01:43:31 UTC 2018 /home/travis/build/icyphy/ptII/ptolemy/actor/lib/test/auto/WidthTestWithSubscriberPublisher2.xml
----------------- Instantiating /home/travis/build/icyphy/ptII/ptolemy/actor/lib/test/auto/WidthTestWithSubscriberPublisher2.xml
2 ms. Memory: 1627648K Free: 452696K (28%)
----------------- Invoking toplevel() on ptolemy.moml.MoMLSimpleApplication@78f3f68c
----------------- Done invoking toplevel() on ptolemy.moml.MoMLSimpleApplication@78f3f68c
reloadAllAccessors: .WidthTestWithSubscriberPublisher2

===========================================================================================
----------------- testing Thu Aug 02 01:43:31 UTC 2018 /home/travis/build/icyphy/ptII/ptolemy/actor/lib/test/auto/WidthTestWithSubscriberPublisher3.xml
----------------- Instantiating /home/travis/build/icyphy/ptII/ptolemy/actor/lib/test/auto/WidthTestWithSubscriberPublisher3.xml
3 ms. Memory: 1627648K Free: 438392K (27%)
----------------- Invoking toplevel() on ptolemy.moml.MoMLSimpleApplication@4f2177db
----------------- Done invoking toplevel() on ptolemy.moml.MoMLSimpleApplication@4f2177db
reloadAllAccessors: .WidthTestWithSubscriberPublisher3

===========================================================================================
----------------- testing Thu Aug 02 01:43:31 UTC 2018 /home/travis/build/icyphy/ptII/ptolemy/actor/lib/test/auto/Writer.xml
----------------- Instantiating /home/travis/build/icyphy/ptII/ptolemy/actor/lib/test/auto/Writer.xml
0
1
2
3
4
1 ms. Memory: 1627648K Free: 428210K (26%)
----------------- Invoking toplevel() on ptolemy.moml.MoMLSimpleApplication@3b6b3015
----------------- Done invoking toplevel() on ptolemy.moml.MoMLSimpleApplication@3b6b3015
reloadAllAccessors: .Writer

===========================================================================================
----------------- testing Thu Aug 02 01:43:31 UTC 2018 /home/travis/build/icyphy/ptII/ptolemy/actor/lib/test/auto/array.xml
----------------- Instantiating /home/travis/build/icyphy/ptII/ptolemy/actor/lib/test/auto/array.xml
1 ms. Memory: 1627648K Free: 413907K (25%)
----------------- Invoking toplevel() on ptolemy.moml.MoMLSimpleApplication@3fff6d5e
----------------- Done invoking toplevel() on ptolemy.moml.MoMLSimpleApplication@3fff6d5e
reloadAllAccessors: .array

===========================================================================================
----------------- testing Thu Aug 02 01:43:31 UTC 2018 /home/travis/build/icyphy/ptII/ptolemy/actor/lib/test/auto/array2.xml
----------------- Instantiating /home/travis/build/icyphy/ptII/ptolemy/actor/lib/test/auto/array2.xml
2 ms. Memory: 1627648K Free: 403725K (25%)
----------------- Invoking toplevel() on ptolemy.moml.MoMLSimpleApplication@7b40d1d9
----------------- Done invoking toplevel() on ptolemy.moml.MoMLSimpleApplication@7b40d1d9
reloadAllAccessors: .array2

===========================================================================================
----------------- testing Thu Aug 02 01:43:31 UTC 2018 /home/travis/build/icyphy/ptII/ptolemy/actor/lib/test/auto/arrayType.xml
----------------- Instantiating /home/travis/build/icyphy/ptII/ptolemy/actor/lib/test/auto/arrayType.xml
1 ms. Memory: 1627648K Free: 389421K (24%)
----------------- Invoking toplevel() on ptolemy.moml.MoMLSimpleApplication@7032d231
----------------- Done invoking toplevel() on ptolemy.moml.MoMLSimpleApplication@7032d231
reloadAllAccessors: .arrayType

===========================================================================================
----------------- testing Thu Aug 02 01:43:31 UTC 2018 /home/travis/build/icyphy/ptII/ptolemy/actor/lib/test/auto/arrayType10.xml
----------------- Instantiating /home/travis/build/icyphy/ptII/ptolemy/actor/lib/test/auto/arrayType10.xml
1 ms. Memory: 1627648K Free: 375117K (23%)
----------------- Invoking toplevel() on ptolemy.moml.MoMLSimpleApplication@59710e83
----------------- Done invoking toplevel() on ptolemy.moml.MoMLSimpleApplication@59710e83
reloadAllAccessors: .arrayType10

===========================================================================================
----------------- testing Thu Aug 02 01:43:31 UTC 2018 /home/travis/build/icyphy/ptII/ptolemy/actor/lib/test/auto/arrayType11.xml
----------------- Instantiating /home/travis/build/icyphy/ptII/ptolemy/actor/lib/test/auto/arrayType11.xml
1 ms. Memory: 1627648K Free: 364935K (22%)
----------------- Invoking toplevel() on ptolemy.moml.MoMLSimpleApplication@7d687290
----------------- Done invoking toplevel() on ptolemy.moml.MoMLSimpleApplication@7d687290
reloadAllAccessors: .arrayType11

===========================================================================================
----------------- testing Thu Aug 02 01:43:31 UTC 2018 /home/travis/build/icyphy/ptII/ptolemy/actor/lib/test/auto/arrayType12.xml
----------------- Instantiating /home/travis/build/icyphy/ptII/ptolemy/actor/lib/test/auto/arrayType12.xml
1 ms. Memory: 1627648K Free: 350632K (22%)
----------------- Invoking toplevel() on ptolemy.moml.MoMLSimpleApplication@35f119d4
----------------- Done invoking toplevel() on ptolemy.moml.MoMLSimpleApplication@35f119d4
reloadAllAccessors: .arrayType12

===========================================================================================
----------------- testing Thu Aug 02 01:43:31 UTC 2018 /home/travis/build/icyphy/ptII/ptolemy/actor/lib/test/auto/arrayType13.xml
----------------- Instantiating /home/travis/build/icyphy/ptII/ptolemy/actor/lib/test/auto/arrayType13.xml
2 ms. Memory: 1627648K Free: 336328K (21%)
----------------- Invoking toplevel() on ptolemy.moml.MoMLSimpleApplication@7667626e
----------------- Done invoking toplevel() on ptolemy.moml.MoMLSimpleApplication@7667626e
reloadAllAccessors: .arrayType13

===========================================================================================
----------------- testing Thu Aug 02 01:43:31 UTC 2018 /home/travis/build/icyphy/ptII/ptolemy/actor/lib/test/auto/arrayType14.xml
----------------- Instantiating /home/travis/build/icyphy/ptII/ptolemy/actor/lib/test/auto/arrayType14.xml
2 ms. Memory: 1627648K Free: 326146K (20%)
----------------- Invoking toplevel() on ptolemy.moml.MoMLSimpleApplication@2abe62
----------------- Done invoking toplevel() on ptolemy.moml.MoMLSimpleApplication@2abe62
reloadAllAccessors: .arrayType14

===========================================================================================
----------------- testing Thu Aug 02 01:43:31 UTC 2018 /home/travis/build/icyphy/ptII/ptolemy/actor/lib/test/auto/arrayType15.xml
----------------- Instantiating /home/travis/build/icyphy/ptII/ptolemy/actor/lib/test/auto/arrayType15.xml
2 ms. Memory: 1627648K Free: 311843K (19%)
----------------- Invoking toplevel() on ptolemy.moml.MoMLSimpleApplication@66f2d67b
----------------- Done invoking toplevel() on ptolemy.moml.MoMLSimpleApplication@66f2d67b
reloadAllAccessors: .arrayType15

===========================================================================================
----------------- testing Thu Aug 02 01:43:31 UTC 2018 /home/travis/build/icyphy/ptII/ptolemy/actor/lib/test/auto/arrayType16.xml
----------------- Instantiating /home/travis/build/icyphy/ptII/ptolemy/actor/lib/test/auto/arrayType16.xml
1 ms. Memory: 1627648K Free: 301661K (19%)
----------------- Invoking toplevel() on ptolemy.moml.MoMLSimpleApplication@4e8db1a9
----------------- Done invoking toplevel() on ptolemy.moml.MoMLSimpleApplication@4e8db1a9
reloadAllAccessors: .arrayType16

===========================================================================================
----------------- testing Thu Aug 02 01:43:31 UTC 2018 /home/travis/build/icyphy/ptII/ptolemy/actor/lib/test/auto/arrayType17.xml
----------------- Instantiating /home/travis/build/icyphy/ptII/ptolemy/actor/lib/test/auto/arrayType17.xml
1 ms. Memory: 1627648K Free: 287357K (18%)
----------------- Invoking toplevel() on ptolemy.moml.MoMLSimpleApplication@437af1cb
----------------- Done invoking toplevel() on ptolemy.moml.MoMLSimpleApplication@437af1cb
reloadAllAccessors: .arrayType17

===========================================================================================
----------------- testing Thu Aug 02 01:43:31 UTC 2018 /home/travis/build/icyphy/ptII/ptolemy/actor/lib/test/auto/arrayType18.xml
----------------- Instantiating /home/travis/build/icyphy/ptII/ptolemy/actor/lib/test/auto/arrayType18.xml
1 ms. Memory: 1627648K Free: 273054K (17%)
----------------- Invoking toplevel() on ptolemy.moml.MoMLSimpleApplication@1de11442
----------------- Done invoking toplevel() on ptolemy.moml.MoMLSimpleApplication@1de11442
reloadAllAccessors: .arrayType18

===========================================================================================
----------------- testing Thu Aug 02 01:43:31 UTC 2018 /home/travis/build/icyphy/ptII/ptolemy/actor/lib/test/auto/arrayType19.xml
----------------- Instantiating /home/travis/build/icyphy/ptII/ptolemy/actor/lib/test/auto/arrayType19.xml
2 ms. Memory: 1627648K Free: 262872K (16%)
----------------- Invoking toplevel() on ptolemy.moml.MoMLSimpleApplication@3412ad9
----------------- Done invoking toplevel() on ptolemy.moml.MoMLSimpleApplication@3412ad9
reloadAllAccessors: .arrayType19

===========================================================================================
----------------- testing Thu Aug 02 01:43:31 UTC 2018 /home/travis/build/icyphy/ptII/ptolemy/actor/lib/test/auto/arrayType2.xml
----------------- Instantiating /home/travis/build/icyphy/ptII/ptolemy/actor/lib/test/auto/arrayType2.xml
2 ms. Memory: 1627648K Free: 248568K (15%)
----------------- Invoking toplevel() on ptolemy.moml.MoMLSimpleApplication@345974cc
----------------- Done invoking toplevel() on ptolemy.moml.MoMLSimpleApplication@345974cc
reloadAllAccessors: .arrayType2

===========================================================================================
----------------- testing Thu Aug 02 01:43:31 UTC 2018 /home/travis/build/icyphy/ptII/ptolemy/actor/lib/test/auto/arrayType20.xml
----------------- Instantiating /home/travis/build/icyphy/ptII/ptolemy/actor/lib/test/auto/arrayType20.xml
2 ms. Memory: 1627648K Free: 238386K (15%)
----------------- Invoking toplevel() on ptolemy.moml.MoMLSimpleApplication@112b2717
----------------- Done invoking toplevel() on ptolemy.moml.MoMLSimpleApplication@112b2717
reloadAllAccessors: .arrayType20

===========================================================================================
----------------- testing Thu Aug 02 01:43:31 UTC 2018 /home/travis/build/icyphy/ptII/ptolemy/actor/lib/test/auto/arrayType21.xml
----------------- Instantiating /home/travis/build/icyphy/ptII/ptolemy/actor/lib/test/auto/arrayType21.xml
1 ms. Memory: 1627648K Free: 224083K (14%)
----------------- Invoking toplevel() on ptolemy.moml.MoMLSimpleApplication@55f94cc0
----------------- Done invoking toplevel() on ptolemy.moml.MoMLSimpleApplication@55f94cc0
reloadAllAccessors: .arrayType21

===========================================================================================
----------------- testing Thu Aug 02 01:43:31 UTC 2018 /home/travis/build/icyphy/ptII/ptolemy/actor/lib/test/auto/arrayType22.xml
----------------- Instantiating /home/travis/build/icyphy/ptII/ptolemy/actor/lib/test/auto/arrayType22.xml
1 ms. Memory: 1627648K Free: 209779K (13%)
----------------- Invoking toplevel() on ptolemy.moml.MoMLSimpleApplication@5a7a21a0
----------------- Done invoking toplevel() on ptolemy.moml.MoMLSimpleApplication@5a7a21a0
reloadAllAccessors: .arrayType22

===========================================================================================
----------------- testing Thu Aug 02 01:43:31 UTC 2018 /home/travis/build/icyphy/ptII/ptolemy/actor/lib/test/auto/arrayType23.xml
----------------- Instantiating /home/travis/build/icyphy/ptII/ptolemy/actor/lib/test/auto/arrayType23.xml
2 ms. Memory: 1627648K Free: 199597K (12%)
----------------- Invoking toplevel() on ptolemy.moml.MoMLSimpleApplication@303c8f09
----------------- Done invoking toplevel() on ptolemy.moml.MoMLSimpleApplication@303c8f09
reloadAllAccessors: .arrayType23

===========================================================================================
----------------- testing Thu Aug 02 01:43:31 UTC 2018 /home/travis/build/icyphy/ptII/ptolemy/actor/lib/test/auto/arrayType24.xml
----------------- Instantiating /home/travis/build/icyphy/ptII/ptolemy/actor/lib/test/auto/arrayType24.xml
4 ms. Memory: 1627648K Free: 185294K (11%)
----------------- Invoking toplevel() on ptolemy.moml.MoMLSimpleApplication@73652b05
----------------- Done invoking toplevel() on ptolemy.moml.MoMLSimpleApplication@73652b05
reloadAllAccessors: .arrayType24

===========================================================================================
----------------- testing Thu Aug 02 01:43:31 UTC 2018 /home/travis/build/icyphy/ptII/ptolemy/actor/lib/test/auto/arrayType25.xml
----------------- Instantiating /home/travis/build/icyphy/ptII/ptolemy/actor/lib/test/auto/arrayType25.xml
2 ms. Memory: 1627648K Free: 170990K (11%)
----------------- Invoking toplevel() on ptolemy.moml.MoMLSimpleApplication@3c1dd446
----------------- Done invoking toplevel() on ptolemy.moml.MoMLSimpleApplication@3c1dd446
reloadAllAccessors: .arrayType25

===========================================================================================
----------------- testing Thu Aug 02 01:43:31 UTC 2018 /home/travis/build/icyphy/ptII/ptolemy/actor/lib/test/auto/arrayType26.xml
----------------- Instantiating /home/travis/build/icyphy/ptII/ptolemy/actor/lib/test/auto/arrayType26.xml
1 ms. Memory: 1627648K Free: 160808K (10%)
----------------- Invoking toplevel() on ptolemy.moml.MoMLSimpleApplication@318b2606
----------------- Done invoking toplevel() on ptolemy.moml.MoMLSimpleApplication@318b2606
reloadAllAccessors: .arrayType26

===========================================================================================
----------------- testing Thu Aug 02 01:43:31 UTC 2018 /home/travis/build/icyphy/ptII/ptolemy/actor/lib/test/auto/arrayType27.xml
----------------- Instantiating /home/travis/build/icyphy/ptII/ptolemy/actor/lib/test/auto/arrayType27.xml
3 ms. Memory: 1627648K Free: 146505K (9%)
----------------- Invoking toplevel() on ptolemy.moml.MoMLSimpleApplication@5fae4053
----------------- Done invoking toplevel() on ptolemy.moml.MoMLSimpleApplication@5fae4053
reloadAllAccessors: .arrayType27

===========================================================================================
----------------- testing Thu Aug 02 01:43:31 UTC 2018 /home/travis/build/icyphy/ptII/ptolemy/actor/lib/test/auto/arrayType28.xml
----------------- Instantiating /home/travis/build/icyphy/ptII/ptolemy/actor/lib/test/auto/arrayType28.xml
2 ms. Memory: 1627648K Free: 136323K (8%)
----------------- Invoking toplevel() on ptolemy.moml.MoMLSimpleApplication@311efd92
----------------- Done invoking toplevel() on ptolemy.moml.MoMLSimpleApplication@311efd92
reloadAllAccessors: .arrayType28

===========================================================================================
----------------- testing Thu Aug 02 01:43:31 UTC 2018 /home/travis/build/icyphy/ptII/ptolemy/actor/lib/test/auto/arrayType3.xml
----------------- Instantiating /home/travis/build/icyphy/ptII/ptolemy/actor/lib/test/auto/arrayType3.xml
2 ms. Memory: 1627648K Free: 122019K (7%)
----------------- Invoking toplevel() on ptolemy.moml.MoMLSimpleApplication@4730ba10
----------------- Done invoking toplevel() on ptolemy.moml.MoMLSimpleApplication@4730ba10
reloadAllAccessors: .arrayType3

===========================================================================================
----------------- testing Thu Aug 02 01:43:31 UTC 2018 /home/travis/build/icyphy/ptII/ptolemy/actor/lib/test/auto/arrayType4.xml
----------------- Instantiating /home/travis/build/icyphy/ptII/ptolemy/actor/lib/test/auto/arrayType4.xml
1 ms. Memory: 1627648K Free: 107716K (7%)
----------------- Invoking toplevel() on ptolemy.moml.MoMLSimpleApplication@f6ce21c
----------------- Done invoking toplevel() on ptolemy.moml.MoMLSimpleApplication@f6ce21c
reloadAllAccessors: .arrayType4

===========================================================================================
----------------- testing Thu Aug 02 01:43:31 UTC 2018 /home/travis/build/icyphy/ptII/ptolemy/actor/lib/test/auto/arrayType5.xml
----------------- Instantiating /home/travis/build/icyphy/ptII/ptolemy/actor/lib/test/auto/arrayType5.xml
2 ms. Memory: 1627648K Free: 97534K (6%)
----------------- Invoking toplevel() on ptolemy.moml.MoMLSimpleApplication@516429ac
----------------- Done invoking toplevel() on ptolemy.moml.MoMLSimpleApplication@516429ac
reloadAllAccessors: .arrayType5

===========================================================================================
----------------- testing Thu Aug 02 01:43:31 UTC 2018 /home/travis/build/icyphy/ptII/ptolemy/actor/lib/test/auto/arrayType6.xml
----------------- Instantiating /home/travis/build/icyphy/ptII/ptolemy/actor/lib/test/auto/arrayType6.xml
2 ms. Memory: 1627648K Free: 83230K (5%)
----------------- Invoking toplevel() on ptolemy.moml.MoMLSimpleApplication@703e2e10
----------------- Done invoking toplevel() on ptolemy.moml.MoMLSimpleApplication@703e2e10
reloadAllAccessors: .arrayType6

===========================================================================================
----------------- testing Thu Aug 02 01:43:31 UTC 2018 /home/travis/build/icyphy/ptII/ptolemy/actor/lib/test/auto/arrayType7.xml
----------------- Instantiating /home/travis/build/icyphy/ptII/ptolemy/actor/lib/test/auto/arrayType7.xml
1 ms. Memory: 1627648K Free: 68927K (4%)
----------------- Invoking toplevel() on ptolemy.moml.MoMLSimpleApplication@7cf1bf77
----------------- Done invoking toplevel() on ptolemy.moml.MoMLSimpleApplication@7cf1bf77
reloadAllAccessors: .arrayType7

===========================================================================================
----------------- testing Thu Aug 02 01:43:31 UTC 2018 /home/travis/build/icyphy/ptII/ptolemy/actor/lib/test/auto/arrayType8.xml
----------------- Instantiating /home/travis/build/icyphy/ptII/ptolemy/actor/lib/test/auto/arrayType8.xml
4 ms. Memory: 1627648K Free: 60987K (4%)
----------------- Invoking toplevel() on ptolemy.moml.MoMLSimpleApplication@254f7aa2
----------------- Done invoking toplevel() on ptolemy.moml.MoMLSimpleApplication@254f7aa2
reloadAllAccessors: .arrayType8

===========================================================================================
----------------- testing Thu Aug 02 01:43:31 UTC 2018 /home/travis/build/icyphy/ptII/ptolemy/actor/lib/test/auto/arrayType9.xml
----------------- Instantiating /home/travis/build/icyphy/ptII/ptolemy/actor/lib/test/auto/arrayType9.xml
1 ms. Memory: 1673728K Free: 1606083K (96%)
----------------- Invoking toplevel() on ptolemy.moml.MoMLSimpleApplication@e211346
----------------- Done invoking toplevel() on ptolemy.moml.MoMLSimpleApplication@e211346
reloadAllAccessors: .arrayType9

===========================================================================================
----------------- testing Thu Aug 02 01:43:31 UTC 2018 /home/travis/build/icyphy/ptII/ptolemy/actor/lib/test/auto/cast.xml
----------------- Instantiating /home/travis/build/icyphy/ptII/ptolemy/actor/lib/test/auto/cast.xml
2 ms. Memory: 1673728K Free: 1593603K (95%)
----------------- Invoking toplevel() on ptolemy.moml.MoMLSimpleApplication@651b1db3
----------------- Done invoking toplevel() on ptolemy.moml.MoMLSimpleApplication@651b1db3
reloadAllAccessors: .cast

===========================================================================================
----------------- testing Thu Aug 02 01:43:31 UTC 2018 /home/travis/build/icyphy/ptII/ptolemy/actor/lib/test/auto/compositeMultiPort.xml
----------------- Instantiating /home/travis/build/icyphy/ptII/ptolemy/actor/lib/test/auto/compositeMultiPort.xml
3 ms. Memory: 1673728K Free: 1576571K (94%)
----------------- Invoking toplevel() on ptolemy.moml.MoMLSimpleApplication@539047db
----------------- Done invoking toplevel() on ptolemy.moml.MoMLSimpleApplication@539047db
reloadAllAccessors: .compositeMultiPort

===========================================================================================
----------------- testing Thu Aug 02 01:43:31 UTC 2018 /home/travis/build/icyphy/ptII/ptolemy/actor/lib/test/auto/expressionCastInference.xml
----------------- Instantiating /home/travis/build/icyphy/ptII/ptolemy/actor/lib/test/auto/expressionCastInference.xml
2 ms. Memory: 1673728K Free: 1564090K (93%)
----------------- Invoking toplevel() on ptolemy.moml.MoMLSimpleApplication@4da5ffb9
----------------- Done invoking toplevel() on ptolemy.moml.MoMLSimpleApplication@4da5ffb9
reloadAllAccessors: .expressionCastInference

===========================================================================================
----------------- testing Thu Aug 02 01:43:31 UTC 2018 /home/travis/build/icyphy/ptII/ptolemy/actor/lib/test/auto/expressionCastInference2.xml
----------------- Instantiating /home/travis/build/icyphy/ptII/ptolemy/actor/lib/test/auto/expressionCastInference2.xml
1 ms. Memory: 1673728K Free: 1547059K (92%)
----------------- Invoking toplevel() on ptolemy.moml.MoMLSimpleApplication@9d35c44
----------------- Done invoking toplevel() on ptolemy.moml.MoMLSimpleApplication@9d35c44
reloadAllAccessors: .expressionCastInference2

===========================================================================================
----------------- testing Thu Aug 02 01:43:31 UTC 2018 /home/travis/build/icyphy/ptII/ptolemy/actor/lib/test/auto/expressionInference.xml
----------------- Instantiating /home/travis/build/icyphy/ptII/ptolemy/actor/lib/test/auto/expressionInference.xml
1 ms. Memory: 1673728K Free: 1530027K (91%)
----------------- Invoking toplevel() on ptolemy.moml.MoMLSimpleApplication@7b0c5329
----------------- Done invoking toplevel() on ptolemy.moml.MoMLSimpleApplication@7b0c5329
reloadAllAccessors: .expressionInference

===========================================================================================
----------------- testing Thu Aug 02 01:43:31 UTC 2018 /home/travis/build/icyphy/ptII/ptolemy/actor/lib/test/auto/expression_bug.xml
----------------- Instantiating /home/travis/build/icyphy/ptII/ptolemy/actor/lib/test/auto/expression_bug.xml
1 ms. Memory: 1673728K Free: 1517547K (91%)
----------------- Invoking toplevel() on ptolemy.moml.MoMLSimpleApplication@60c2fb59
----------------- Done invoking toplevel() on ptolemy.moml.MoMLSimpleApplication@60c2fb59
reloadAllAccessors: .expression_bug

===========================================================================================
----------------- testing Thu Aug 02 01:43:31 UTC 2018 /home/travis/build/icyphy/ptII/ptolemy/actor/lib/test/auto/factorial.xml
----------------- Instantiating /home/travis/build/icyphy/ptII/ptolemy/actor/lib/test/auto/factorial.xml
41 ms. Memory: 1673728K Free: 1500505K (90%)
----------------- Invoking toplevel() on ptolemy.moml.MoMLSimpleApplication@7cbc8ddd
----------------- Done invoking toplevel() on ptolemy.moml.MoMLSimpleApplication@7cbc8ddd
reloadAllAccessors: .factorial

===========================================================================================
----------------- testing Thu Aug 02 01:43:31 UTC 2018 /home/travis/build/icyphy/ptII/ptolemy/actor/lib/test/auto/filterTest1.xml
----------------- Instantiating /home/travis/build/icyphy/ptII/ptolemy/actor/lib/test/auto/filterTest1.xml
3 ms. Memory: 1673728K Free: 1488024K (89%)
----------------- Invoking toplevel() on ptolemy.moml.MoMLSimpleApplication@123c0c11
----------------- Done invoking toplevel() on ptolemy.moml.MoMLSimpleApplication@123c0c11
reloadAllAccessors: .filterTest1

===========================================================================================
----------------- testing Thu Aug 02 01:43:31 UTC 2018 /home/travis/build/icyphy/ptII/ptolemy/actor/lib/test/auto/funcApplyInConst.xml
----------------- Instantiating /home/travis/build/icyphy/ptII/ptolemy/actor/lib/test/auto/funcApplyInConst.xml
1 ms. Memory: 1673728K Free: 1470993K (88%)
----------------- Invoking toplevel() on ptolemy.moml.MoMLSimpleApplication@7184c0e6
----------------- Done invoking toplevel() on ptolemy.moml.MoMLSimpleApplication@7184c0e6
reloadAllAccessors: .funcApplyInConst

===========================================================================================
----------------- testing Thu Aug 02 01:43:31 UTC 2018 /home/travis/build/icyphy/ptII/ptolemy/actor/lib/test/auto/funcApplyInExpr.xml
----------------- Instantiating /home/travis/build/icyphy/ptII/ptolemy/actor/lib/test/auto/funcApplyInExpr.xml
1 ms. Memory: 1673728K Free: 1458512K (87%)
----------------- Invoking toplevel() on ptolemy.moml.MoMLSimpleApplication@3a9e7c38
----------------- Done invoking toplevel() on ptolemy.moml.MoMLSimpleApplication@3a9e7c38
reloadAllAccessors: .funcApplyInExpr

===========================================================================================
----------------- testing Thu Aug 02 01:43:31 UTC 2018 /home/travis/build/icyphy/ptII/ptolemy/actor/lib/test/auto/function.xml
----------------- Instantiating /home/travis/build/icyphy/ptII/ptolemy/actor/lib/test/auto/function.xml
2 ms. Memory: 1673728K Free: 1441480K (86%)
----------------- Invoking toplevel() on ptolemy.moml.MoMLSimpleApplication@7ce5ddd8
----------------- Done invoking toplevel() on ptolemy.moml.MoMLSimpleApplication@7ce5ddd8
reloadAllAccessors: .function

===========================================================================================
----------------- testing Thu Aug 02 01:43:31 UTC 2018 /home/travis/build/icyphy/ptII/ptolemy/actor/lib/test/auto/function2.xml
----------------- Instantiating /home/travis/build/icyphy/ptII/ptolemy/actor/lib/test/auto/function2.xml
2 ms. Memory: 1673728K Free: 1424449K (85%)
----------------- Invoking toplevel() on ptolemy.moml.MoMLSimpleApplication@3f363c3f
----------------- Done invoking toplevel() on ptolemy.moml.MoMLSimpleApplication@3f363c3f
reloadAllAccessors: .function2

===========================================================================================
----------------- testing Thu Aug 02 01:43:31 UTC 2018 /home/travis/build/icyphy/ptII/ptolemy/actor/lib/test/auto/function3.xml
----------------- Instantiating /home/travis/build/icyphy/ptII/ptolemy/actor/lib/test/auto/function3.xml
1 ms. Memory: 1673728K Free: 1411968K (84%)
----------------- Invoking toplevel() on ptolemy.moml.MoMLSimpleApplication@53061305
----------------- Done invoking toplevel() on ptolemy.moml.MoMLSimpleApplication@53061305
reloadAllAccessors: .function3

===========================================================================================
----------------- testing Thu Aug 02 01:43:31 UTC 2018 /home/travis/build/icyphy/ptII/ptolemy/actor/lib/test/auto/functionClosureTest1.xml
----------------- Instantiating /home/travis/build/icyphy/ptII/ptolemy/actor/lib/test/auto/functionClosureTest1.xml
2 ms. Memory: 1673728K Free: 1394937K (83%)
----------------- Invoking toplevel() on ptolemy.moml.MoMLSimpleApplication@69bf280c
----------------- Done invoking toplevel() on ptolemy.moml.MoMLSimpleApplication@69bf280c
reloadAllAccessors: .functionClosureTest1

===========================================================================================
----------------- testing Thu Aug 02 01:43:31 UTC 2018 /home/travis/build/icyphy/ptII/ptolemy/actor/lib/test/auto/functionClosureTest2.xml
----------------- Instantiating /home/travis/build/icyphy/ptII/ptolemy/actor/lib/test/auto/functionClosureTest2.xml
1 ms. Memory: 1673728K Free: 1382456K (83%)
----------------- Invoking toplevel() on ptolemy.moml.MoMLSimpleApplication@5ca6ec54
----------------- Done invoking toplevel() on ptolemy.moml.MoMLSimpleApplication@5ca6ec54
reloadAllAccessors: .functionClosureTest2

===========================================================================================
----------------- testing Thu Aug 02 01:43:31 UTC 2018 /home/travis/build/icyphy/ptII/ptolemy/actor/lib/test/auto/functionClosureTest3.xml
----------------- Instantiating /home/travis/build/icyphy/ptII/ptolemy/actor/lib/test/auto/functionClosureTest3.xml
2 ms. Memory: 1673728K Free: 1365425K (82%)
----------------- Invoking toplevel() on ptolemy.moml.MoMLSimpleApplication@7432c474
----------------- Done invoking toplevel() on ptolemy.moml.MoMLSimpleApplication@7432c474
reloadAllAccessors: .functionClosureTest3

===========================================================================================
----------------- testing Thu Aug 02 01:43:31 UTC 2018 /home/travis/build/icyphy/ptII/ptolemy/actor/lib/test/auto/functionClosureTest4.xml
----------------- Instantiating /home/travis/build/icyphy/ptII/ptolemy/actor/lib/test/auto/functionClosureTest4.xml
4 ms. Memory: 1673728K Free: 1352944K (81%)
----------------- Invoking toplevel() on ptolemy.moml.MoMLSimpleApplication@68ec0db8
----------------- Done invoking toplevel() on ptolemy.moml.MoMLSimpleApplication@68ec0db8
reloadAllAccessors: .functionClosureTest4

===========================================================================================
----------------- testing Thu Aug 02 01:43:32 UTC 2018 /home/travis/build/icyphy/ptII/ptolemy/actor/lib/test/auto/functionClosureTest5.xml
----------------- Instantiating /home/travis/build/icyphy/ptII/ptolemy/actor/lib/test/auto/functionClosureTest5.xml
4 ms. Memory: 1673728K Free: 1335912K (80%)
----------------- Invoking toplevel() on ptolemy.moml.MoMLSimpleApplication@15b38d8e
----------------- Done invoking toplevel() on ptolemy.moml.MoMLSimpleApplication@15b38d8e
reloadAllAccessors: .functionClosureTest5

===========================================================================================
----------------- testing Thu Aug 02 01:43:32 UTC 2018 /home/travis/build/icyphy/ptII/ptolemy/actor/lib/test/auto/functionClosureTest6.xml
----------------- Instantiating /home/travis/build/icyphy/ptII/ptolemy/actor/lib/test/auto/functionClosureTest6.xml
2 ms. Memory: 1673728K Free: 1318881K (79%)
----------------- Invoking toplevel() on ptolemy.moml.MoMLSimpleApplication@50fdd757
----------------- Done invoking toplevel() on ptolemy.moml.MoMLSimpleApplication@50fdd757
reloadAllAccessors: .functionClosureTest6

===========================================================================================
----------------- testing Thu Aug 02 01:43:32 UTC 2018 /home/travis/build/icyphy/ptII/ptolemy/actor/lib/test/auto/functionsOnArcs.xml
----------------- Instantiating /home/travis/build/icyphy/ptII/ptolemy/actor/lib/test/auto/functionsOnArcs.xml
1 ms. Memory: 1673728K Free: 1306400K (78%)
----------------- Invoking toplevel() on ptolemy.moml.MoMLSimpleApplication@56356779
----------------- Done invoking toplevel() on ptolemy.moml.MoMLSimpleApplication@56356779
reloadAllAccessors: .functionsOnArcs

===========================================================================================
----------------- testing Thu Aug 02 01:43:32 UTC 2018 /home/travis/build/icyphy/ptII/ptolemy/actor/lib/test/auto/functionsOnArcsHOF.xml
----------------- Instantiating /home/travis/build/icyphy/ptII/ptolemy/actor/lib/test/auto/functionsOnArcsHOF.xml
5 ms. Memory: 1673728K Free: 1289369K (77%)
----------------- Invoking toplevel() on ptolemy.moml.MoMLSimpleApplication@65034386
----------------- Done invoking toplevel() on ptolemy.moml.MoMLSimpleApplication@65034386
reloadAllAccessors: .functionsOnArcsHOF

===========================================================================================
----------------- testing Thu Aug 02 01:43:32 UTC 2018 /home/travis/build/icyphy/ptII/ptolemy/actor/lib/test/auto/logic.xml
----------------- Instantiating /home/travis/build/icyphy/ptII/ptolemy/actor/lib/test/auto/logic.xml
2 ms. Memory: 1673728K Free: 1276888K (76%)
----------------- Invoking toplevel() on ptolemy.moml.MoMLSimpleApplication@1aa34f62
----------------- Done invoking toplevel() on ptolemy.moml.MoMLSimpleApplication@1aa34f62
reloadAllAccessors: .logic

===========================================================================================
----------------- testing Thu Aug 02 01:43:32 UTC 2018 /home/travis/build/icyphy/ptII/ptolemy/actor/lib/test/auto/matrixType.xml
----------------- Instantiating /home/travis/build/icyphy/ptII/ptolemy/actor/lib/test/auto/matrixType.xml
1 ms. Memory: 1673728K Free: 1259857K (75%)
----------------- Invoking toplevel() on ptolemy.moml.MoMLSimpleApplication@6f6aee44
----------------- Done invoking toplevel() on ptolemy.moml.MoMLSimpleApplication@6f6aee44
reloadAllAccessors: .matrixType

===========================================================================================
----------------- testing Thu Aug 02 01:43:32 UTC 2018 /home/travis/build/icyphy/ptII/ptolemy/actor/lib/test/auto/matrixType10.xml
----------------- Instantiating /home/travis/build/icyphy/ptII/ptolemy/actor/lib/test/auto/matrixType10.xml
1 ms. Memory: 1673728K Free: 1247376K (75%)
----------------- Invoking toplevel() on ptolemy.moml.MoMLSimpleApplication@33165da
----------------- Done invoking toplevel() on ptolemy.moml.MoMLSimpleApplication@33165da
reloadAllAccessors: .matrixType10

===========================================================================================
----------------- testing Thu Aug 02 01:43:32 UTC 2018 /home/travis/build/icyphy/ptII/ptolemy/actor/lib/test/auto/matrixType11.xml
----------------- Instantiating /home/travis/build/icyphy/ptII/ptolemy/actor/lib/test/auto/matrixType11.xml
1 ms. Memory: 1673728K Free: 1230344K (74%)
----------------- Invoking toplevel() on ptolemy.moml.MoMLSimpleApplication@55907ce
----------------- Done invoking toplevel() on ptolemy.moml.MoMLSimpleApplication@55907ce
reloadAllAccessors: .matrixType11

===========================================================================================
----------------- testing Thu Aug 02 01:43:32 UTC 2018 /home/travis/build/icyphy/ptII/ptolemy/actor/lib/test/auto/matrixType12.xml
----------------- Instantiating /home/travis/build/icyphy/ptII/ptolemy/actor/lib/test/auto/matrixType12.xml
1 ms. Memory: 1673728K Free: 1213313K (72%)
----------------- Invoking toplevel() on ptolemy.moml.MoMLSimpleApplication@6ff3ac66
----------------- Done invoking toplevel() on ptolemy.moml.MoMLSimpleApplication@6ff3ac66
reloadAllAccessors: .matrixType12

===========================================================================================
----------------- testing Thu Aug 02 01:43:32 UTC 2018 /home/travis/build/icyphy/ptII/ptolemy/actor/lib/test/auto/matrixType13.xml
----------------- Instantiating /home/travis/build/icyphy/ptII/ptolemy/actor/lib/test/auto/matrixType13.xml
1 ms. Memory: 1673728K Free: 1200832K (72%)
----------------- Invoking toplevel() on ptolemy.moml.MoMLSimpleApplication@1e5478bb
----------------- Done invoking toplevel() on ptolemy.moml.MoMLSimpleApplication@1e5478bb
reloadAllAccessors: .matrixType13

===========================================================================================
----------------- testing Thu Aug 02 01:43:32 UTC 2018 /home/travis/build/icyphy/ptII/ptolemy/actor/lib/test/auto/matrixType14.xml
----------------- Instantiating /home/travis/build/icyphy/ptII/ptolemy/actor/lib/test/auto/matrixType14.xml
1 ms. Memory: 1673728K Free: 1183801K (71%)
----------------- Invoking toplevel() on ptolemy.moml.MoMLSimpleApplication@1181b29e
----------------- Done invoking toplevel() on ptolemy.moml.MoMLSimpleApplication@1181b29e
reloadAllAccessors: .matrixType14

===========================================================================================
----------------- testing Thu Aug 02 01:43:32 UTC 2018 /home/travis/build/icyphy/ptII/ptolemy/actor/lib/test/auto/matrixType2.xml
----------------- Instantiating /home/travis/build/icyphy/ptII/ptolemy/actor/lib/test/auto/matrixType2.xml
1 ms. Memory: 1673728K Free: 1171320K (70%)
----------------- Invoking toplevel() on ptolemy.moml.MoMLSimpleApplication@e7f37bc
----------------- Done invoking toplevel() on ptolemy.moml.MoMLSimpleApplication@e7f37bc
reloadAllAccessors: .matrixType2

===========================================================================================
----------------- testing Thu Aug 02 01:43:32 UTC 2018 /home/travis/build/icyphy/ptII/ptolemy/actor/lib/test/auto/matrixType3.xml
----------------- Instantiating /home/travis/build/icyphy/ptII/ptolemy/actor/lib/test/auto/matrixType3.xml
4 ms. Memory: 1673728K Free: 1154289K (69%)
----------------- Invoking toplevel() on ptolemy.moml.MoMLSimpleApplication@6ba32ec9
----------------- Done invoking toplevel() on ptolemy.moml.MoMLSimpleApplication@6ba32ec9
reloadAllAccessors: .matrixType3

===========================================================================================
----------------- testing Thu Aug 02 01:43:32 UTC 2018 /home/travis/build/icyphy/ptII/ptolemy/actor/lib/test/auto/matrixType4.xml
----------------- Instantiating /home/travis/build/icyphy/ptII/ptolemy/actor/lib/test/auto/matrixType4.xml
1 ms. Memory: 1673728K Free: 1141808K (68%)
----------------- Invoking toplevel() on ptolemy.moml.MoMLSimpleApplication@3bbfc9b7
----------------- Done invoking toplevel() on ptolemy.moml.MoMLSimpleApplication@3bbfc9b7
reloadAllAccessors: .matrixType4

===========================================================================================
----------------- testing Thu Aug 02 01:43:32 UTC 2018 /home/travis/build/icyphy/ptII/ptolemy/actor/lib/test/auto/matrixType5.xml
----------------- Instantiating /home/travis/build/icyphy/ptII/ptolemy/actor/lib/test/auto/matrixType5.xml
1 ms. Memory: 1673728K Free: 1124777K (67%)
----------------- Invoking toplevel() on ptolemy.moml.MoMLSimpleApplication@564fb20a
----------------- Done invoking toplevel() on ptolemy.moml.MoMLSimpleApplication@564fb20a
reloadAllAccessors: .matrixType5

===========================================================================================
----------------- testing Thu Aug 02 01:43:32 UTC 2018 /home/travis/build/icyphy/ptII/ptolemy/actor/lib/test/auto/matrixType6.xml
----------------- Instantiating /home/travis/build/icyphy/ptII/ptolemy/actor/lib/test/auto/matrixType6.xml
1 ms. Memory: 1673728K Free: 1107745K (66%)
----------------- Invoking toplevel() on ptolemy.moml.MoMLSimpleApplication@5815f1da
----------------- Done invoking toplevel() on ptolemy.moml.MoMLSimpleApplication@5815f1da
reloadAllAccessors: .matrixType6

===========================================================================================
----------------- testing Thu Aug 02 01:43:32 UTC 2018 /home/travis/build/icyphy/ptII/ptolemy/actor/lib/test/auto/matrixType7.xml
----------------- Instantiating /home/travis/build/icyphy/ptII/ptolemy/actor/lib/test/auto/matrixType7.xml
2 ms. Memory: 1673728K Free: 1095265K (65%)
----------------- Invoking toplevel() on ptolemy.moml.MoMLSimpleApplication@18f45279
----------------- Done invoking toplevel() on ptolemy.moml.MoMLSimpleApplication@18f45279
reloadAllAccessors: .matrixType7

===========================================================================================
----------------- testing Thu Aug 02 01:43:32 UTC 2018 /home/travis/build/icyphy/ptII/ptolemy/actor/lib/test/auto/matrixType8.xml
----------------- Instantiating /home/travis/build/icyphy/ptII/ptolemy/actor/lib/test/auto/matrixType8.xml
1 ms. Memory: 1673728K Free: 1078233K (64%)
----------------- Invoking toplevel() on ptolemy.moml.MoMLSimpleApplication@be20ca3
----------------- Done invoking toplevel() on ptolemy.moml.MoMLSimpleApplication@be20ca3
reloadAllAccessors: .matrixType8

===========================================================================================
----------------- testing Thu Aug 02 01:43:32 UTC 2018 /home/travis/build/icyphy/ptII/ptolemy/actor/lib/test/auto/matrixType9.xml
----------------- Instantiating /home/travis/build/icyphy/ptII/ptolemy/actor/lib/test/auto/matrixType9.xml
1 ms. Memory: 1673728K Free: 1065752K (64%)
----------------- Invoking toplevel() on ptolemy.moml.MoMLSimpleApplication@4b7f77fc
----------------- Done invoking toplevel() on ptolemy.moml.MoMLSimpleApplication@4b7f77fc
reloadAllAccessors: .matrixType9

===========================================================================================
----------------- testing Thu Aug 02 01:43:32 UTC 2018 /home/travis/build/icyphy/ptII/ptolemy/actor/lib/test/auto/paraFunctest.xml
----------------- Instantiating /home/travis/build/icyphy/ptII/ptolemy/actor/lib/test/auto/paraFunctest.xml
1 ms. Memory: 1673728K Free: 1048721K (63%)
----------------- Invoking toplevel() on ptolemy.moml.MoMLSimpleApplication@1d248653
----------------- Done invoking toplevel() on ptolemy.moml.MoMLSimpleApplication@1d248653
reloadAllAccessors: .paraFunctest

===========================================================================================
----------------- testing Thu Aug 02 01:43:32 UTC 2018 /home/travis/build/icyphy/ptII/ptolemy/actor/lib/test/auto/paraFunctest2.xml
----------------- Instantiating /home/travis/build/icyphy/ptII/ptolemy/actor/lib/test/auto/paraFunctest2.xml
2 ms. Memory: 1673728K Free: 1036240K (62%)
----------------- Invoking toplevel() on ptolemy.moml.MoMLSimpleApplication@6781e899
----------------- Done invoking toplevel() on ptolemy.moml.MoMLSimpleApplication@6781e899
reloadAllAccessors: .paraFunctest2

===========================================================================================
----------------- testing Thu Aug 02 01:43:32 UTC 2018 /home/travis/build/icyphy/ptII/ptolemy/actor/lib/test/auto/parameterPassing.xml
----------------- Instantiating /home/travis/build/icyphy/ptII/ptolemy/actor/lib/test/auto/parameterPassing.xml
1 ms. Memory: 1673728K Free: 1019209K (61%)
----------------- Invoking toplevel() on ptolemy.moml.MoMLSimpleApplication@1698c8ff
----------------- Done invoking toplevel() on ptolemy.moml.MoMLSimpleApplication@1698c8ff
reloadAllAccessors: .parameterPassing

===========================================================================================
----------------- testing Thu Aug 02 01:43:32 UTC 2018 /home/travis/build/icyphy/ptII/ptolemy/actor/lib/test/auto/record.xml
----------------- Instantiating /home/travis/build/icyphy/ptII/ptolemy/actor/lib/test/auto/record.xml
1 ms. Memory: 1673728K Free: 1002177K (60%)
----------------- Invoking toplevel() on ptolemy.moml.MoMLSimpleApplication@11985577
----------------- Done invoking toplevel() on ptolemy.moml.MoMLSimpleApplication@11985577
reloadAllAccessors: .record

===========================================================================================
----------------- testing Thu Aug 02 01:43:32 UTC 2018 /home/travis/build/icyphy/ptII/ptolemy/actor/lib/test/auto/sizedarray1.xml
----------------- Instantiating /home/travis/build/icyphy/ptII/ptolemy/actor/lib/test/auto/sizedarray1.xml
1 ms. Memory: 1673728K Free: 989697K (59%)
----------------- Invoking toplevel() on ptolemy.moml.MoMLSimpleApplication@54720b6d
----------------- Done invoking toplevel() on ptolemy.moml.MoMLSimpleApplication@54720b6d
reloadAllAccessors: .sizedarray1

===========================================================================================
----------------- testing Thu Aug 02 01:43:32 UTC 2018 /home/travis/build/icyphy/ptII/ptolemy/actor/lib/test/auto/sizedarray2.xml
----------------- Instantiating /home/travis/build/icyphy/ptII/ptolemy/actor/lib/test/auto/sizedarray2.xml
2 ms. Memory: 1673728K Free: 972665K (58%)
----------------- Invoking toplevel() on ptolemy.moml.MoMLSimpleApplication@7f272c2e
----------------- Done invoking toplevel() on ptolemy.moml.MoMLSimpleApplication@7f272c2e
reloadAllAccessors: .sizedarray2

===========================================================================================
----------------- testing Thu Aug 02 01:43:32 UTC 2018 /home/travis/build/icyphy/ptII/ptolemy/actor/lib/test/auto/twoPublishers.xml
----------------- Instantiating /home/travis/build/icyphy/ptII/ptolemy/actor/lib/test/auto/twoPublishers.xml
2 ms. Memory: 1673728K Free: 953928K (57%)
----------------- Invoking toplevel() on ptolemy.moml.MoMLSimpleApplication@5e7e6e05
----------------- Done invoking toplevel() on ptolemy.moml.MoMLSimpleApplication@5e7e6e05
reloadAllAccessors: .twoPublishers
AutoTests.java: About to close Vertx.
AutoTests.java: Vertx closed.
]]></system-out>
  <system-err><![CDATA[java.lang.RuntimeException: Execution failed
	at ptolemy.moml.MoMLSimpleApplication$UnloadThread.run(MoMLSimpleApplication.java:402)
Caused by: java.lang.RuntimeException: Normally, we would exit here because Manager.exitAfterWrapup() was called.  However, because the ptolemy.ptII.exitAfterWrapup property is set, we throw this exception instead.
	at ptolemy.util.StringUtilities.exit(StringUtilities.java:363)
	at ptolemy.actor.Manager.wrapup(Manager.java:1531)
	at ptolemy.actor.Manager.execute(Manager.java:407)
	at ptolemy.actor.Manager.run(Manager.java:1263)
	at ptolemy.actor.Manager$PtolemyRunThread.run(Manager.java:1915)
Warning: '.top.test' is in training mode, set the trainingMode parameter to false before checking in
Warning: '.top.test' is in training mode, set the trainingMode parameter to false before checking in
Warning: '.top.test' is in training mode, set the trainingMode parameter to false before checking in
Warning: '.BooleanSwitch_RegressionTest_WrongTrainingValues.Test' is in training mode, set the trainingMode parameter to false before checking in
Warning: '.BooleanSwitch_RegressionTest_WrongTrainingValues.Test2' is in training mode, set the trainingMode parameter to false before checking in
Warning: '.BooleanSwitch_RegressionTest_WrongTrainingValues.Test2' The test produced 0 tokens.
Warning: '.top.testExceptionHandler' is in training mode, set the trainingMode parameter to false before checking in
java.lang.RuntimeException: Execution failed
	at ptolemy.moml.MoMLSimpleApplication$UnloadThread.run(MoMLSimpleApplication.java:402)
Caused by: ptolemy.kernel.util.IllegalActionException: PublisherPorts cannot be used at the top level, use a Publisher actor instead.
  in .PublisherPortToplevelSubscriber.PublisherPort
	at ptolemy.actor.PublisherPort.preinitialize(PublisherPort.java:403)
	at ptolemy.actor.CompositeActor.preinitialize(CompositeActor.java:1769)
	at ptolemy.actor.Manager.preinitializeAndResolveTypes(Manager.java:1040)
	at ptolemy.actor.Manager.initialize(Manager.java:710)
	at ptolemy.actor.Manager.execute(Manager.java:356)
	at ptolemy.actor.Manager.run(Manager.java:1263)
	at ptolemy.actor.Manager$PtolemyRunThread.run(Manager.java:1915)
java.lang.reflect.InvocationTargetException
	at sun.reflect.NativeConstructorAccessorImpl.newInstance0(Native Method)
	at sun.reflect.NativeConstructorAccessorImpl.newInstance(NativeConstructorAccessorImpl.java:62)
	at sun.reflect.DelegatingConstructorAccessorImpl.newInstance(DelegatingConstructorAccessorImpl.java:45)
	at java.lang.reflect.Constructor.newInstance(Constructor.java:423)
	at ptolemy.util.test.junit.AutoKnownFailedTests.RunModel(AutoKnownFailedTests.java:107)
	at sun.reflect.NativeMethodAccessorImpl.invoke0(Native Method)
	at sun.reflect.NativeMethodAccessorImpl.invoke(NativeMethodAccessorImpl.java:62)
	at sun.reflect.DelegatingMethodAccessorImpl.invoke(DelegatingMethodAccessorImpl.java:43)
	at java.lang.reflect.Method.invoke(Method.java:498)
	at org.junit.runners.model.FrameworkMethod$1.runReflectiveCall(FrameworkMethod.java:44)
	at org.junit.internal.runners.model.ReflectiveCallable.run(ReflectiveCallable.java:15)
	at org.junit.runners.model.FrameworkMethod.invokeExplosively(FrameworkMethod.java:41)
	at junitparams.internal.InvokeParameterisedMethod.evaluate(InvokeParameterisedMethod.java:102)
	at org.junit.internal.runners.statements.FailOnTimeout$1.run(FailOnTimeout.java:28)
Caused by: ptolemy.kernel.util.IllegalActionException: PublisherPorts cannot be used at the top level, use a Publisher actor instead.
  in .PublisherPortToplevelSubscriber.PublisherPort
	at ptolemy.actor.PublisherPort.preinitialize(PublisherPort.java:403)
	at ptolemy.actor.CompositeActor.preinitialize(CompositeActor.java:1769)
	at ptolemy.actor.Manager.preinitializeAndResolveTypes(Manager.java:1040)
	at ptolemy.actor.Manager.initialize(Manager.java:710)
	at ptolemy.actor.Manager.execute(Manager.java:356)
	at ptolemy.actor.Manager.run(Manager.java:1263)
	at ptolemy.actor.Manager$PtolemyRunThread.run(Manager.java:1915)
java.lang.RuntimeException: Execution failed
	at ptolemy.moml.MoMLSimpleApplication$UnloadThread.run(MoMLSimpleApplication.java:402)
Caused by: ptolemy.kernel.util.IllegalActionException: SubscriberPorts cannot be used at the top level, use a Subscriber actor instead.
  in .PublisherSubscriberPortToplevel.SubscriberPort
	at ptolemy.actor.SubscriberPort.preinitialize(SubscriberPort.java:328)
	at ptolemy.actor.CompositeActor.preinitialize(CompositeActor.java:1769)
	at ptolemy.actor.Manager.preinitializeAndResolveTypes(Manager.java:1040)
	at ptolemy.actor.Manager.initialize(Manager.java:710)
	at ptolemy.actor.Manager.execute(Manager.java:356)
	at ptolemy.actor.Manager.run(Manager.java:1263)
	at ptolemy.actor.Manager$PtolemyRunThread.run(Manager.java:1915)
java.lang.reflect.InvocationTargetException
	at sun.reflect.NativeConstructorAccessorImpl.newInstance0(Native Method)
	at sun.reflect.NativeConstructorAccessorImpl.newInstance(NativeConstructorAccessorImpl.java:62)
	at sun.reflect.DelegatingConstructorAccessorImpl.newInstance(DelegatingConstructorAccessorImpl.java:45)
	at java.lang.reflect.Constructor.newInstance(Constructor.java:423)
	at ptolemy.util.test.junit.AutoKnownFailedTests.RunModel(AutoKnownFailedTests.java:107)
	at sun.reflect.NativeMethodAccessorImpl.invoke0(Native Method)
	at sun.reflect.NativeMethodAccessorImpl.invoke(NativeMethodAccessorImpl.java:62)
	at sun.reflect.DelegatingMethodAccessorImpl.invoke(DelegatingMethodAccessorImpl.java:43)
	at java.lang.reflect.Method.invoke(Method.java:498)
	at org.junit.runners.model.FrameworkMethod$1.runReflectiveCall(FrameworkMethod.java:44)
	at org.junit.internal.runners.model.ReflectiveCallable.run(ReflectiveCallable.java:15)
	at org.junit.runners.model.FrameworkMethod.invokeExplosively(FrameworkMethod.java:41)
	at junitparams.internal.InvokeParameterisedMethod.evaluate(InvokeParameterisedMethod.java:102)
	at org.junit.internal.runners.statements.FailOnTimeout$1.run(FailOnTimeout.java:28)
Caused by: ptolemy.kernel.util.IllegalActionException: SubscriberPorts cannot be used at the top level, use a Subscriber actor instead.
  in .PublisherSubscriberPortToplevel.SubscriberPort
	at ptolemy.actor.SubscriberPort.preinitialize(SubscriberPort.java:328)
	at ptolemy.actor.CompositeActor.preinitialize(CompositeActor.java:1769)
	at ptolemy.actor.Manager.preinitializeAndResolveTypes(Manager.java:1040)
	at ptolemy.actor.Manager.initialize(Manager.java:710)
	at ptolemy.actor.Manager.execute(Manager.java:356)
	at ptolemy.actor.Manager.run(Manager.java:1263)
	at ptolemy.actor.Manager$PtolemyRunThread.run(Manager.java:1915)
java.lang.RuntimeException: Execution failed
	at ptolemy.moml.MoMLSimpleApplication$UnloadThread.run(MoMLSimpleApplication.java:402)
Caused by: ptolemy.kernel.util.IllegalActionException: SubscriptionAggregatorPorts cannot be used at the top level, use a SubscriptionAggregator actor instead.
  in .PublisherSubscriptionAggregatorPort.SubscriptionAggregatorPort
	at ptolemy.actor.SubscriptionAggregatorPort.preinitialize(SubscriptionAggregatorPort.java:353)
	at ptolemy.actor.CompositeActor.preinitialize(CompositeActor.java:1769)
	at ptolemy.actor.Manager.preinitializeAndResolveTypes(Manager.java:1040)
	at ptolemy.actor.Manager.initialize(Manager.java:710)
	at ptolemy.actor.Manager.execute(Manager.java:356)
	at ptolemy.actor.Manager.run(Manager.java:1263)
	at ptolemy.actor.Manager$PtolemyRunThread.run(Manager.java:1915)
java.lang.reflect.InvocationTargetException
	at sun.reflect.NativeConstructorAccessorImpl.newInstance0(Native Method)
	at sun.reflect.NativeConstructorAccessorImpl.newInstance(NativeConstructorAccessorImpl.java:62)
	at sun.reflect.DelegatingConstructorAccessorImpl.newInstance(DelegatingConstructorAccessorImpl.java:45)
	at java.lang.reflect.Constructor.newInstance(Constructor.java:423)
	at ptolemy.util.test.junit.AutoKnownFailedTests.RunModel(AutoKnownFailedTests.java:107)
	at sun.reflect.NativeMethodAccessorImpl.invoke0(Native Method)
	at sun.reflect.NativeMethodAccessorImpl.invoke(NativeMethodAccessorImpl.java:62)
	at sun.reflect.DelegatingMethodAccessorImpl.invoke(DelegatingMethodAccessorImpl.java:43)
	at java.lang.reflect.Method.invoke(Method.java:498)
	at org.junit.runners.model.FrameworkMethod$1.runReflectiveCall(FrameworkMethod.java:44)
	at org.junit.internal.runners.model.ReflectiveCallable.run(ReflectiveCallable.java:15)
	at org.junit.runners.model.FrameworkMethod.invokeExplosively(FrameworkMethod.java:41)
	at junitparams.internal.InvokeParameterisedMethod.evaluate(InvokeParameterisedMethod.java:102)
	at org.junit.internal.runners.statements.FailOnTimeout$1.run(FailOnTimeout.java:28)
Caused by: ptolemy.kernel.util.IllegalActionException: SubscriptionAggregatorPorts cannot be used at the top level, use a SubscriptionAggregator actor instead.
  in .PublisherSubscriptionAggregatorPort.SubscriptionAggregatorPort
	at ptolemy.actor.SubscriptionAggregatorPort.preinitialize(SubscriptionAggregatorPort.java:353)
	at ptolemy.actor.CompositeActor.preinitialize(CompositeActor.java:1769)
	at ptolemy.actor.Manager.preinitializeAndResolveTypes(Manager.java:1040)
	at ptolemy.actor.Manager.initialize(Manager.java:710)
	at ptolemy.actor.Manager.execute(Manager.java:356)
	at ptolemy.actor.Manager.run(Manager.java:1263)
	at ptolemy.actor.Manager$PtolemyRunThread.run(Manager.java:1915)
java.lang.RuntimeException: Execution failed
	at ptolemy.moml.MoMLSimpleApplication$UnloadThread.run(MoMLSimpleApplication.java:402)
Caused by: ptolemy.kernel.util.IllegalActionException: TypeTest actor has no training data.
  in .sizedarray3.TypeTest
	at ptolemy.actor.lib.TypeTest.initialize(TypeTest.java:250)
	at ptolemy.actor.Director.initialize(Director.java:938)
	at ptolemy.actor.Director.initialize(Director.java:907)
	at ptolemy.actor.sched.StaticSchedulingDirector.initialize(StaticSchedulingDirector.java:159)
	at ptolemy.domains.sdf.kernel.SDFDirector.initialize(SDFDirector.java:544)
	at ptolemy.actor.CompositeActor.initialize(CompositeActor.java:935)
	at ptolemy.actor.Manager.initialize(Manager.java:724)
	at ptolemy.actor.Manager.execute(Manager.java:356)
	at ptolemy.actor.Manager.run(Manager.java:1263)
	at ptolemy.actor.Manager$PtolemyRunThread.run(Manager.java:1915)
java.lang.reflect.InvocationTargetException
	at sun.reflect.NativeConstructorAccessorImpl.newInstance0(Native Method)
	at sun.reflect.NativeConstructorAccessorImpl.newInstance(NativeConstructorAccessorImpl.java:62)
	at sun.reflect.DelegatingConstructorAccessorImpl.newInstance(DelegatingConstructorAccessorImpl.java:45)
	at java.lang.reflect.Constructor.newInstance(Constructor.java:423)
	at ptolemy.util.test.junit.AutoKnownFailedTests.RunModel(AutoKnownFailedTests.java:107)
	at sun.reflect.NativeMethodAccessorImpl.invoke0(Native Method)
	at sun.reflect.NativeMethodAccessorImpl.invoke(NativeMethodAccessorImpl.java:62)
	at sun.reflect.DelegatingMethodAccessorImpl.invoke(DelegatingMethodAccessorImpl.java:43)
	at java.lang.reflect.Method.invoke(Method.java:498)
	at org.junit.runners.model.FrameworkMethod$1.runReflectiveCall(FrameworkMethod.java:44)
	at org.junit.internal.runners.model.ReflectiveCallable.run(ReflectiveCallable.java:15)
	at org.junit.runners.model.FrameworkMethod.invokeExplosively(FrameworkMethod.java:41)
	at junitparams.internal.InvokeParameterisedMethod.evaluate(InvokeParameterisedMethod.java:102)
	at org.junit.internal.runners.statements.FailOnTimeout$1.run(FailOnTimeout.java:28)
Caused by: ptolemy.kernel.util.IllegalActionException: TypeTest actor has no training data.
  in .sizedarray3.TypeTest
	at ptolemy.actor.lib.TypeTest.initialize(TypeTest.java:250)
	at ptolemy.actor.Director.initialize(Director.java:938)
	at ptolemy.actor.Director.initialize(Director.java:907)
	at ptolemy.actor.sched.StaticSchedulingDirector.initialize(StaticSchedulingDirector.java:159)
	at ptolemy.domains.sdf.kernel.SDFDirector.initialize(SDFDirector.java:544)
	at ptolemy.actor.CompositeActor.initialize(CompositeActor.java:935)
	at ptolemy.actor.Manager.initialize(Manager.java:724)
	at ptolemy.actor.Manager.execute(Manager.java:356)
	at ptolemy.actor.Manager.run(Manager.java:1263)
	at ptolemy.actor.Manager$PtolemyRunThread.run(Manager.java:1915)
ptolemy.kernel.util.InternalErrorException: Exec Stderr Gobbler-3: Failed while reading from java.lang.UNIXProcess$ProcessPipeInputStream@42a2939a. To avoid this, try setting the ignoreIOExceptionReadErrors parameter to true.null
  in .ExecEnvironment.Exec
Because:
Stream closed
	at ptolemy.actor.lib.Exec$_StreamReaderThread._read(Exec.java:762)
	at ptolemy.actor.lib.Exec$_StreamReaderThread.run(Exec.java:706)
Caused by: java.io.IOException: Stream closed
	at sun.nio.cs.StreamDecoder.ensureOpen(StreamDecoder.java:46)
	at sun.nio.cs.StreamDecoder.read(StreamDecoder.java:148)
	at java.io.InputStreamReader.read(InputStreamReader.java:184)
	at ptolemy.actor.lib.Exec$_StreamReaderThread._read(Exec.java:724)
	... 1 more
Caused by: java.io.IOException: Stream closed
	at sun.nio.cs.StreamDecoder.ensureOpen(StreamDecoder.java:46)
	at sun.nio.cs.StreamDecoder.read(StreamDecoder.java:148)
	at java.io.InputStreamReader.read(InputStreamReader.java:184)
	at ptolemy.actor.lib.Exec$_StreamReaderThread._read(Exec.java:724)
	at ptolemy.actor.lib.Exec$_StreamReaderThread.run(Exec.java:706)
]]></system-err>
</testsuite>
