<?xml version="1.0" encoding="UTF-8" ?>
<testsuite errors="1" failures="2" hostname="travis-job-7a24d2aa-ba17-4965-93d5-112ad7fa4025" name="ptolemy.actor.lib.test.junit.JUnitTclTest" skipped="0" tests="517" time="66.96" timestamp="2019-06-23T16:11:59">
  <properties>
    <property name="npm.executable" value="npm" />
    <property name="env.TRAVIS_ROOT" value="/" />
    <property name="ptII.mk.exists" value="true" />
    <property name="env.TRAVIS_APP_HOST" value="build.travis-ci.org" />
    <property name="env.rvm_bin_path" value="/home/travis/.rvm/bin" />
    <property name="java.home" value="/usr/local/lib/jvm/openjdk11" />
    <property name="env.TRAVIS_JOB_NUMBER" value="1179.8" />
    <property name="env.TRAVIS_HOME" value="/home/travis" />
    <property name="env.DISPLAY" value=":99.0" />
    <property name="env.TRAVIS_INIT" value="systemd" />
    <property name="env.SSH_TTY" value="/dev/pts/0" />
    <property name="java.net.preferIPv4Stack" value="true" />
    <property name="env.RUN_TESTS" value="true" />
    <property name="timeout.short" value="1000000" />
    <property name="junit.formatter" value="xml" />
    <property name="env.TRAVIS_SUDO" value="true" />
    <property name="env.TRAVIS_JOB_NAME" value="" />
    <property name="env.TRAVIS_STACK_NODE_ATTRIBUTES" value="/.node-attributes.yml" />
    <property name="env.LOGNAME" value="travis" />
    <property name="env.PT_TRAVIS_TEST_CORE1_XML" value="true" />
    <property name="jsdoc.home" value="node_modules/@terraswarm/jsdoc" />
    <property name="debuglevel" value="source,lines,vars" />
    <property name="checkstyle.formatter" value="xml" />
    <property name="env._system_version" value="16.04" />
    <property name="bin.vergil.makeable" value="true" />
    <property name="sun.os.patch.level" value="unknown" />
    <property name="java.vendor.url" value="http://java.oracle.com/" />
    <property name="env.TRAVIS_BUILD_WEB_URL" value="https://travis-ci.org/icyphy/ptII/builds/549391390" />
    <property name="java.version" value="11.0.2" />
    <property name="env.TZ" value="UTC" />
    <property name="env.TRAVIS_PULL_REQUEST_SHA" value="" />
    <property name="env.PT_NO_NET" value="true" />
    <property name="env.TRAVIS_SECURE_ENV_VARS" value="true" />
    <property name="env._system_type" value="Linux" />
    <property name="java.vendor.url.bug" value="http://bugreport.java.com/bugreport/" />
    <property name="npmjs-org-is-up" value="true" />
    <property name="env.LANGUAGE" value="en_US.UTF-8" />
    <property name="env.SSH_CLIENT" value="10.10.16.26 41040 22" />
    <property name="env.GEM_HOME" value="/home/travis/.rvm/gems/ruby-2.5.3" />
    <property name="env.HAS_ANTARES_THREE_LITTLE_FRONZIES_BADGE" value="true" />
    <property name="java.version.date" value="2019-01-15" />
    <property name="env.PS4" value="+" />
    <property name="ant.project.invoked-targets" value="build,test.core1.xml" />
    <property name="env.TRAVIS_PULL_REQUEST_BRANCH" value="" />
    <property name="env.TRAVIS_REPO_SLUG" value="icyphy/ptII" />
    <property name="env.XDG_DATA_DIRS" value="/usr/local/share:/usr/share:/var/lib/snapd/desktop" />
    <property name="jdk.debug" value="release" />
    <property name="env.TRAVIS_APT_PROXY" value="http://apt.cache.travis-ci.com" />
    <property name="node.in.path" value="true" />
    <property name="user.name" value="travis" />
    <property name="java.maxmemory" value="1400m" />
    <property name="env.RUBY_VERSION" value="ruby-2.5.3" />
    <property name="env.LANG" value="en_US.UTF-8" />
    <property name="sun.io.unicode.encoding" value="UnicodeLittle" />
    <property name="sun.jnu.encoding" value="UTF-8" />
    <property name="java.runtime.name" value="OpenJDK Runtime Environment" />
    <property name="usefile" value="false" />
    <property name="return.code" value="0" />
    <property name="junit.single.formatter" value="plain" />
    <property name="env.DYLD_LIBRARY_PATH" value="/home/travis/pthla/certi-tools/lib:" />
    <property name="env.DEBIAN_FRONTEND" value="noninteractive" />
    <property name="env.SSH_CONNECTION" value="10.10.16.26 41040 10.20.0.165 22" />
    <property name="env.MYSQL_UNIX_PORT" value="/var/run/mysqld/mysqld.sock" />
    <property name="env.LC_ALL" value="en_US.UTF-8" />
    <property name="env.TRAVIS_ALLOW_FAILURE" value="false" />
    <property name="env.TRAVIS_JOB_WEB_URL" value="https://travis-ci.org/icyphy/ptII/jobs/549391398" />
    <property name="java.specification.name" value="Java Platform API Specification" />
    <property name="node.works" value="true" />
    <property name="user.timezone" value="" />
    <property name="path.separator" value=":" />
    <property name="env.TRAVIS_ENABLE_INFRA_DETECTION" value="true" />
    <property name="env.PYTHON_CFLAGS" value="-g -fstack-protector --param=ssp-buffer-size=4 -Wformat -Werror=format-security" />
    <property name="timeout.long" value="4000000" />
    <property name="env.CERTI_HOME" value="/home/travis/pthla/certi-tools" />
    <property name="ant.file.ptII" value="/home/travis/build/icyphy/ptII/build.xml" />
    <property name="javadoc.packagenames" value="com.*,diva.*,lbnl.*,org.hlacerti.*,org.json.*,org.ptolemy.*,org.terraswarm.*,ptolemy.*,ptserver.*" />
    <property name="file.encoding" value="UTF-8" />
    <property name="env.TRAVIS_PULL_REQUEST_SLUG" value="" />
    <property name="ant.project.default-target" value="build" />
    <property name="env.GIT_ASKPASS" value="echo" />
    <property name="env.HOME" value="/home/travis" />
    <property name="sun.java.command" value="org.apache.tools.ant.taskdefs.optional.junit.JUnitTestRunner ptolemy.actor.lib.test.junit.JUnitTclTest skipNonTests=false filtertrace=true haltOnError=false haltOnFailure=false formatter=org.apache.tools.ant.taskdefs.optional.junit.OutErrSummaryJUnitResultFormatter showoutput=true outputtoformatters=true logfailedtests=true threadid=0 logtestlistenerevents=false formatter=org.apache.tools.ant.taskdefs.optional.junit.XMLJUnitResultFormatter,/home/travis/build/icyphy/ptII/reports/junit/TEST-ptolemy.actor.lib.test.junit.JUnitTclTest.xml crashfile=/home/travis/build/icyphy/ptII/junitvmwatcher11566099311598694749.properties propsfile=/home/travis/build/icyphy/ptII/junit2682105338837536785.properties" />
    <property name="env.COMPOSER_NO_INTERACTION" value="1" />
    <property name="env.MANPATH" value="/home/travis/.nvm/versions/node/v7.10.1/share/man:/home/travis/.rvm/rubies/ruby-2.5.3/share/man:/usr/local/cmake-3.12.4/man:/usr/local/clang-7.0.0/share/man:/usr/local/man:/usr/local/share/man:/usr/share/man:/home/travis/.rvm/man" />
    <property name="env.TRAVIS_TIMER_ID" value="232428a2" />
    <property name="ant.file" value="/home/travis/build/icyphy/ptII/build.xml" />
    <property name="env.TRAVIS_COMMIT_RANGE" value="e55319cffb99...0950278645c3" />
    <property name="env._system_name" value="Ubuntu" />
    <property name="ptII.classpath.optional.property" value="/home/travis/build/icyphy/ptII/lib/bsh-2.0b4.jar:/home/travis/build/icyphy/ptII/lib/ptCal.jar:/home/travis/build/icyphy/ptII/lib/java_cup.jar:/home/travis/build/icyphy/ptII/lib/saxon8.jar:/home/travis/build/icyphy/ptII/lib/saxon8-dom.jar:/home/travis/build/icyphy/ptII/lib/chic.jar:/home/travis/build/icyphy/ptII/lib/ptcolt.jar:/home/travis/build/icyphy/ptII/vendors/misc/itext/iText.jar:/home/travis/build/icyphy/ptII/lib/g4ltl.jar:/home/travis/build/icyphy/ptII/lib/StructuralCoder.jar:/home/travis/build/icyphy/ptII/vendors/jai-1_1_2_01/lib/jai_core.jar:/home/travis/build/icyphy/ptII/vendors/jai-1_1_2_01/lib/jai_codec.jar:/home/travis/build/icyphy/ptII/lib/jcerti.jar:/home/travis/build/icyphy/ptII/lib/javax.mail.jar:/home/travis/build/icyphy/ptII/vendors/JMF-2.1.1e/lib/jmf.jar:/home/travis/build/icyphy/ptII/lib/jna-4.0.0-variadic.jar:/home/travis/build/icyphy/ptII/vendors/misc/joystick/Joystick.jar:/home/travis/build/icyphy/ptII/lib/ptjacl.jar:/home/travis/build/icyphy/ptII/lib/jsoup-1.8.2.jar:/home/travis/build/icyphy/ptII/lib/junit-4.8.2.jar:/home/travis/build/icyphy/ptII/lib/JUnitParams-0.4.0.jar:/home/travis/build/icyphy/ptII/ptolemy/actor/lib/excel/jxl.jar:/home/travis/build/icyphy/ptII/lib/jython.jar:/home/travis/build/icyphy/ptII/lib/kieler.jar:/home/travis/build/icyphy/ptII/vendors/opencv/share/OpenCV/java/opencv-341.jar:/home/travis/build/icyphy/ptII/lib/oscP5.jar:/home/travis/build/icyphy/ptII/lib/nrjavaserial-3.11.0.devel.jar:/home/travis/build/icyphy/ptII/vendors/j3d/lib/j3dcore.jar:/home/travis/build/icyphy/ptII/vendors/j3d/lib/j3dutils.jar:/home/travis/build/icyphy/ptII/vendors/j3d/lib/vecmath.jar:/home/travis/build/icyphy/ptII/ptolemy/distributed/jini/jar/jini-core.jar:/home/travis/build/icyphy/ptII/ptolemy/distributed/jini/jar/jini-ext.jar:/home/travis/build/icyphy/ptII/ptolemy/distributed/jini/jar/sun-util.jar:/home/travis/build/icyphy/ptII/lib/protobuf-java-2.4.1.jar:/home/travis/build/icyphy/ptII/lib/org.eclipse.paho.client.mqttv3.jar:/home/travis/build/icyphy/ptII/lib/mapss.jar:/home/travis/build/icyphy/ptII/ptolemy/actor/ptalon/antlr/antlr.jar:/home/travis/build/icyphy/ptII/lib/JRI.jar:/home/travis/build/icyphy/ptII/lib/commons-lang-2.6.jar:/home/travis/build/icyphy/ptII/lib/commons-logging-1.1.1.jar:/home/travis/build/icyphy/ptII/lib/sootclasses.jar:/home/travis/build/icyphy/ptII/ptolemy/actor/lib/database/mysql-connector-java-5.1.6-bin.jar:/home/travis/build/icyphy/ptII/vendors/misc/sphinx4/sphinx4-data-5prealpha.jar:/home/travis/build/icyphy/ptII/vendors/misc/sphinx4/sphinx4-core-5prealpha.jar:/home/travis/build/icyphy/ptII/lib/PDFRenderer.jar:/home/travis/build/icyphy/ptII/lib/svgSalamander.jar:/home/travis/build/icyphy/ptII/lib/rsyntaxtextarea-2.6.0-SNAPSHOT.jar:/home/travis/build/icyphy/ptII/lib/hazelcast-3.8.2.jar:/home/travis/build/icyphy/ptII/lib/jackson-annotations-2.9.0.jar:/home/travis/build/icyphy/ptII/lib/jackson-core-2.9.3.jar:/home/travis/build/icyphy/ptII/lib/jackson-databind-2.9.3.jar:/home/travis/build/icyphy/ptII/lib/netty-buffer-4.1.19.Final.jar:/home/travis/build/icyphy/ptII/lib/netty-codec-4.1.19.Final.jar:/home/travis/build/icyphy/ptII/lib/netty-codec-dns-4.1.19.Final.jar:/home/travis/build/icyphy/ptII/lib/netty-codec-http-4.1.19.Final.jar:/home/travis/build/icyphy/ptII/lib/netty-codec-http2-4.1.19.Final.jar:/home/travis/build/icyphy/ptII/lib/netty-common-4.1.19.Final.jar:/home/travis/build/icyphy/ptII/lib/netty-handler-4.1.19.Final.jar:/home/travis/build/icyphy/ptII/lib/netty-resolver-4.1.19.Final.jar:/home/travis/build/icyphy/ptII/lib/netty-resolver-dns-4.1.19.Final.jar:/home/travis/build/icyphy/ptII/lib/netty-transport-4.1.19.Final.jar:/home/travis/build/icyphy/ptII/lib/vertx-codegen-3.5.1.jar:/home/travis/build/icyphy/ptII/lib/vertx-core-3.5.2-SNAPSHOT.jar:/home/travis/build/icyphy/ptII/lib/vertx-hazelcast-3.5.1.jar:/home/travis/build/icyphy/ptII/lib/vertx-lang-js-3.5.1.jar:/home/travis/build/icyphy/ptII/lib/vertx-service-proxy-3.5.1.jar:/home/travis/build/icyphy/ptII/lib/vertx-web-3.5.1.jar:/home/travis/build/icyphy/ptII/lib/slf4j-api-1.7.13.jar:/home/travis/build/icyphy/ptII/lib/slf4j-simple-1.7.13.jar:/home/travis/build/icyphy/ptII/lib/webcam-capture-0.3.12.jar:/home/travis/build/icyphy/ptII/lib/bridj-0.7.0.jar:/home/travis/build/icyphy/ptII/lib/xbjlib-1.1.0.nrjavaserial.jar" />
    <property name="timeout" value="2400000" />
    <property name="test.batch" value="**/junit/*.java" />
    <property name="env._" value="/usr/bin/timeout" />
    <property name="java.io.tmpdir" value="/tmp" />
    <property name="user.language" value="en" />
    <property name="env.TRAVIS_INTERNAL_RUBY_REGEX" value="^ruby-(2\.[0-4]\.[0-9]|1\.9\.3)" />
    <property name="env.HISTCONTROL" value="ignoredups:ignorespace" />
    <property name="env.GOROOT" value="/home/travis/.gimme/versions/go1.11.1.linux.amd64" />
    <property name="line.separator" value="&#xa;" />
    <property name="target" value="11" />
    <property name="env.TRAVIS_BUILD_DIR" value="/home/travis/build/icyphy/ptII" />
    <property name="env.ANT_OPTS" value="-Xmx2048m" />
    <property name="ant.file.type" value="file" />
    <property name="ptolemy.ptII.batchMode" value="true" />
    <property name="env.HISTSIZE" value="1000" />
    <property name="env.MERB_ENV" value="test" />
    <property name="java.vm.info" value="mixed mode" />
    <property name="source" value="11" />
    <property name="java.vm.specification.name" value="Java Virtual Machine Specification" />
    <property name="env.TRAVIS_TEST_RESULT" value="0" />
    <property name="jsdoc.command" value="node_modules/@terraswarm/jsdoc/jsdoc.js" />
    <property name="npm.works" value="true" />
    <property name="cobertura.dir" value="/home/travis/build/icyphy/ptII/vendors/cobertura-2.0.3" />
    <property name="env.rvm_path" value="/home/travis/.rvm" />
    <property name="env.GEM_PATH" value="/home/travis/.rvm/gems/ruby-2.5.3:/home/travis/.rvm/gems/ruby-2.5.3@global" />
    <property name="env.LC_CTYPE" value="en_US.UTF-8" />
    <property name="env.TRAVIS_CMD" value="$PTII/bin/ptIITravisBuild.sh $SECONDS" />
    <property name="java.awt.printerjob" value="sun.print.PSPrinterJob" />
    <property name="env.TRAVIS_STACK_NAME" value="sardonyx" />
    <property name="env.TRAVIS_TIMER_START_TIME" value="1561305590099342689" />
    <property name="ant.version" value="Apache Ant(TM) version 1.10.1 compiled on February 2 2017" />
    <property name="ptII.reports" value="/home/travis/build/icyphy/ptII/reports" />
    <property name="env.TRAVIS_STACK_TIMESTAMP" value="2019-03-25 16:16:56 UTC" />
    <property name="ant.file.type.ptII" value="file" />
    <property name="env.RBENV_SHELL" value="bash" />
    <property name="os.name" value="Linux" />
    <property name="java.specification.vendor" value="Oracle Corporation" />
    <property name="env.rvm_version" value="1.29.7 (latest)" />
    <property name="env.TRAVIS_INFRA" value="gce" />
    <property name="env.TERM" value="xterm" />
    <property name="java.vm.name" value="OpenJDK 64-Bit Server VM" />
    <property name="env.TRAVIS_BUILD_NUMBER" value="1179" />
    <property name="env.CI" value="true" />
    <property name="java.library.path" value="/home/travis/pthla/certi-tools/lib:/usr/lib/jni:/usr/local/share/OpenCV/java/:/usr/share/OpenCV/java::/usr/java/packages/lib:/usr/lib64:/lib64:/lib:/usr/lib" />
    <property name="env.rvm_prefix" value="/home/travis" />
    <property name="env.PATH" value="/home/travis/pthla/certi-tools/share/scripts:/home/travis/.rvm/gems/ruby-2.5.3/bin:/home/travis/.rvm/gems/ruby-2.5.3@global/bin:/home/travis/.rvm/rubies/ruby-2.5.3/bin:/home/travis/.rvm/bin:/home/travis/.nvm/versions/node/v7.10.1/bin:./node_modules/.bin:/home/travis/build/icyphy/ptII/bin:/home/travis/pthla/certi-tools/bin:/home/travis/bin:/home/travis/.local/bin:/usr/local/lib/jvm/openjdk11/bin:/opt/pyenv/shims:/home/travis/.phpenv/shims:/home/travis/perl5/perlbrew/bin:/home/travis/gopath/bin:/home/travis/.gimme/versions/go1.11.1.linux.amd64/bin:/usr/local/maven-3.6.0/bin:/usr/local/cmake-3.12.4/bin:/usr/local/clang-7.0.0/bin:/usr/local/sbin:/usr/local/bin:/usr/sbin:/usr/bin:/sbin:/bin:/snap/bin:/home/travis/.phpenv/bin:/opt/pyenv/bin:/home/travis/.yarn/bin" />
    <property name="env.TRAVIS_OS_NAME" value="linux" />
    <property name="ant.java.version" value="9" />
    <property name="basedir" value="/home/travis/build/icyphy/ptII" />
    <property name="java.class.version" value="55.0" />
    <property name="env.SHLVL" value="3" />
    <property name="env.LD_LIBRARY_PATH" value="/home/travis/pthla/certi-tools/lib:/usr/lib/jni:/usr/local/share/OpenCV/java/:/usr/share/OpenCV/java:" />
    <property name="env.RACK_ENV" value="test" />
    <property name="ant.home" value="/home/travis/build/icyphy/ptII/ant" />
    <property name="env.NVM_DIR" value="/home/travis/.nvm" />
    <property name="env.CERTI_FOM_PATH" value="/home/travis/pthla/certi-tools/share/federations" />
    <property name="env.TRAVIS_BUILD_ID" value="549391390" />
    <property name="env.PYENV_ROOT" value="/opt/pyenv" />
    <property name="env.TRAVIS_UID" value="2000" />
    <property name="env.NVM_BIN" value="/home/travis/.nvm/versions/node/v7.10.1/bin" />
    <property name="env.TRAVIS_COMMIT" value="0950278645c3ac219c292a1d685441e18942f011" />
    <property name="env._system_arch" value="x86_64" />
    <property name="node.executable" value="node" />
    <property name="sun.boot.library.path" value="/usr/local/lib/jvm/openjdk11/lib" />
    <property name="sun.management.compiler" value="HotSpot 64-Bit Tiered Compilers" />
    <property name="java.awt.graphicsenv" value="sun.awt.X11GraphicsEnvironment" />
    <property name="env.GOPATH" value="/home/travis/gopath" />
    <property name="ptolemy.ptII.dir" value="/home/travis/build/icyphy/ptII" />
    <property name="env.USER" value="travis" />
    <property name="env.HISTFILESIZE" value="2000" />
    <property name="timeout.longest" value="19000000" />
    <property name="env.PERLBREW_SHELLRC_VERSION" value="0.86" />
    <property name="env.TRAVIS_STACK_FEATURES" value="basic couchdb disabled-ipv6 docker docker-compose elasticsearch firefox go-toolchain google-chrome jdk memcached mongodb mysql nodejs_interpreter perl_interpreter perlbrew phantomjs postgresql python_interpreter redis ruby_interpreter sqlite xserver" />
    <property name="env.TRAVIS_PULL_REQUEST" value="false" />
    <property name="env.PYENV_SHELL" value="bash" />
    <property name="ant.project.name" value="ptII" />
    <property name="env.ANSI_RESET" value="\033[0m" />
    <property name="java.vm.specification.version" value="11" />
    <property name="env.TRAVIS_DIST" value="xenial" />
    <property name="env.CERTI_VERSION" value="4.0.0" />
    <property name="env.CERTI_HOST" value="localhost" />
    <property name="awt.toolkit" value="sun.awt.X11.XToolkit" />
    <property name="env.MY_RUBY_HOME" value="/home/travis/.rvm/rubies/ruby-2.5.3" />
    <property name="sun.cpu.isalist" value="" />
    <property name="env.TRAVIS_TMPDIR" value="/tmp/tmp.V48VELUFFR" />
    <property name="java.vm.compressedOopsMode" value="Zero based" />
    <property name="os.version" value="4.15.0-1028-gcp" />
    <property name="user.home" value="/home/travis" />
    <property name="java.vm.vendor" value="Oracle Corporation" />
    <property name="env.TRAVIS_TAG" value="nightly" />
    <property name="env.ANSI_YELLOW" value="\033[33;1m" />
    <property name="env.TRAVIS_FILTERED" value="redirect_io" />
    <property name="env.ANSI_GREEN" value="\033[32;1m" />
    <property name="env.JAVA_HOME" value="/usr/local/lib/jvm/openjdk11" />
    <property name="javadoc.excludepackagenames" value="adm.cvs2svn.*,build.*,config.*,doc.coding.templates.*,jni.test.jni.meaningOfLife.*,jni.test.jni.testDeux.*,jni.test.jni.testTrois.*,org.terraswarm.accessor.accessors.web.node_modules.*,org.terraswarm.accessor.accessors.web.hosts.cordova.demo.*,org.terraswarm.accessor.accessors.web.hosts.cordova.plugins.*,org.terraswarm.accessor.accessors-svn.*,pt-modules.*,ptolemy.apps.agilent.*,ptolemy.apps.anytimecontrol.*,ptolemy.apps.apes.*,ptolemy.apps.charon.*,ptolemy.apps.crazyboard.*,ptolemy.apps.eclipse.*,ptolemy.apps.etherealSting.*,ptolemy.apps.fullscreen.*,ptolemy.apps.giotto.*,ptolemy.apps.ia.*,ptolemy.apps.interfaces.*,ptolemy.apps.jmf.*,ptolemy.apps.kurt.*,ptolemy.apps.kvm.*,ptolemy.apps.lego.*,ptolemy.apps.lejos.*,ptolemy.apps.midp.*,ptolemy.apps.mobileCoding.*,ptolemy.apps.pendulum.*,ptolemy.apps.rijndael.*,ptolemy.apps.robot.*,ptolemy.apps.security.*,ptolemy.apps.sobel.*,ptolemy.apps.soot.*,ptolemy.apps.throttle.*,ptolemy.apps.tini.*,ptolemy.apps.transmission.*,ptolemy.apps.vergil.*,ptolemy.apps.waba.*,ptolemy.apps.websensor.*,ptolemy.apps.webstart.*,ptolemy.apps.xsl.*,ptolemy.apps.zaurus.*,ptolemy.codegen.c.actor.lib.oldJavaFiles.*,ptolemy.codegen.dsp.lib.*,ptolemy.codegen.kernel.newInterfaces.*,ptolemy.codegen.lib.*,ptolemy.copernicus.kernel.fragment.*,ptolemy.copernicus.shallow.cg.*,ptolemy.domains.giotto.demo.Hierarchy.Hierarchy.*,ptolemy.domains.giotto.demo.Multimode.Multimode.*,ptolemy.domains.giotto.demo.Simple.Simple.*,ptolemy.domains.gr.lib.experimental.*,ptolemy.domains.gro.*,ptolemy.domains.pdf.*,ptolemy.domains.ptinyos.demo.Surge.output.*,ptolemy.moml.test.NoPackageActor.java*,ptolemy.plot.adm.*,ptolemy.plot.servlet.*,reports.*,signed.*,src.*,target.*,vendors.*,ptolemy.copernicus.applet.*,ptolemy.media.viewer.*,ptolemy.actor.corba.*,doc.doclets.*,ptolemy.apps.eclipse.awt.*,ptolemy.backtrack.*,ptolemy.backtrack.ast.*,ptolemy.cg.adapter.generic.program.procedural.c.mbed*,ptolemy.homer.*,ptolemy.actor.lib.jjs.modules.audio.*,org.ptolemy.scala.*,diva.util.java2d.svg.*,ptolemy.domains.ptinyos.*,ptolemy.actor.lib.fmi.fmipp.*,,org.terraswarm.accessor.accessors.web.node_modules.*,org.terraswarm.accessor.accessors-svn,ptolemy.apps.*,ptolemy.actor.ptalon.demo.ptinyos.SendAndReceiveCnt.output,ptolemy.actor.ptalon.demo.ptinyos.SenseToLeds.output,ptolemy.domains.ptinyos.demo.CntToLedsAndRfm.output,ptolemy.domains.ptinyos.demo.RfmToLeds.output,ptolemy.domains.ptinyos.demo.SendAndReceiveCnt.output,ptolemy.domains.ptinyos.demo.SenseToLeds.output,ptolemy.actor.lib.jjs.modules.udpSocket.*" />
    <property name="env.PTII" value="/home/travis/build/icyphy/ptII" />
    <property name="env.XDG_SESSION_ID" value="2" />
    <property name="keystore" value="ptKeystore" />
    <property name="env.TRAVIS_COMMIT_MESSAGE" value="Fixed a typo.  White space around an equals sign in bash should be avoided." />
    <property name="junit.output.dir" value="/home/travis/build/icyphy/ptII/reports/junit" />
    <property name="npm.return.code" value="0" />
    <property name="user.dir" value="/home/travis/build/icyphy/ptII/ptolemy/actor/lib/test" />
    <property name="env.TRAVIS_NODE_VERSION" value="7" />
    <property name="env.TRAVIS_EVENT_TYPE" value="push" />
    <property name="env.MAIL" value="/var/mail/travis" />
    <property name="env.PERLBREW_ROOT" value="/home/travis/perl5/perlbrew" />
    <property name="env.PWD" value="/home/travis/build/icyphy/ptII" />
    <property name="timeout.npm" value="45000" />
    <property name="env.TRAVIS_ARCH" value="amd64" />
    <property name="sun.cpu.endian" value="little" />
    <property name="env.PAGER" value="cat" />
    <property name="env.TRAVIS_BUILD_STAGE_NAME" value="Test" />
    <property name="env.PERLBREW_HOME" value="/home/travis/.perlbrew" />
    <property name="java.vm.version" value="11.0.2+9" />
    <property name="env.RAILS_ENV" value="test" />
    <property name="java.class.path" value="/home/travis/.ptolemyII:/home/travis/.ptolemyII/*:/home/travis/build/icyphy/ptII:/home/travis/build/icyphy/ptII/lib/bsh-2.0b4.jar:/home/travis/build/icyphy/ptII/lib/ptCal.jar:/home/travis/build/icyphy/ptII/lib/java_cup.jar:/home/travis/build/icyphy/ptII/lib/saxon8.jar:/home/travis/build/icyphy/ptII/lib/saxon8-dom.jar:/home/travis/build/icyphy/ptII/lib/chic.jar:/home/travis/build/icyphy/ptII/lib/ptcolt.jar:/home/travis/build/icyphy/ptII/vendors/misc/itext/iText.jar:/home/travis/build/icyphy/ptII/lib/g4ltl.jar:/home/travis/build/icyphy/ptII/lib/StructuralCoder.jar:/home/travis/build/icyphy/ptII/vendors/jai-1_1_2_01/lib/jai_core.jar:/home/travis/build/icyphy/ptII/vendors/jai-1_1_2_01/lib/jai_codec.jar:/home/travis/build/icyphy/ptII/lib/jcerti.jar:/home/travis/build/icyphy/ptII/lib/javax.mail.jar:/home/travis/build/icyphy/ptII/vendors/JMF-2.1.1e/lib/jmf.jar:/home/travis/build/icyphy/ptII/lib/jna-4.0.0-variadic.jar:/home/travis/build/icyphy/ptII/vendors/misc/joystick/Joystick.jar:/home/travis/build/icyphy/ptII/lib/ptjacl.jar:/home/travis/build/icyphy/ptII/lib/jsoup-1.8.2.jar:/home/travis/build/icyphy/ptII/lib/junit-4.8.2.jar:/home/travis/build/icyphy/ptII/lib/JUnitParams-0.4.0.jar:/home/travis/build/icyphy/ptII/ptolemy/actor/lib/excel/jxl.jar:/home/travis/build/icyphy/ptII/lib/jython.jar:/home/travis/build/icyphy/ptII/lib/kieler.jar:/home/travis/build/icyphy/ptII/vendors/opencv/share/OpenCV/java/opencv-341.jar:/home/travis/build/icyphy/ptII/lib/oscP5.jar:/home/travis/build/icyphy/ptII/lib/nrjavaserial-3.11.0.devel.jar:/home/travis/build/icyphy/ptII/vendors/j3d/lib/j3dcore.jar:/home/travis/build/icyphy/ptII/vendors/j3d/lib/j3dutils.jar:/home/travis/build/icyphy/ptII/vendors/j3d/lib/vecmath.jar:/home/travis/build/icyphy/ptII/ptolemy/distributed/jini/jar/jini-core.jar:/home/travis/build/icyphy/ptII/ptolemy/distributed/jini/jar/jini-ext.jar:/home/travis/build/icyphy/ptII/ptolemy/distributed/jini/jar/sun-util.jar:/home/travis/build/icyphy/ptII/lib/protobuf-java-2.4.1.jar:/home/travis/build/icyphy/ptII/lib/org.eclipse.paho.client.mqttv3.jar:/home/travis/build/icyphy/ptII/lib/mapss.jar:/home/travis/build/icyphy/ptII/ptolemy/actor/ptalon/antlr/antlr.jar:/home/travis/build/icyphy/ptII/lib/JRI.jar:/home/travis/build/icyphy/ptII/lib/commons-lang-2.6.jar:/home/travis/build/icyphy/ptII/lib/commons-logging-1.1.1.jar:/home/travis/build/icyphy/ptII/lib/sootclasses.jar:/home/travis/build/icyphy/ptII/ptolemy/actor/lib/database/mysql-connector-java-5.1.6-bin.jar:/home/travis/build/icyphy/ptII/vendors/misc/sphinx4/sphinx4-data-5prealpha.jar:/home/travis/build/icyphy/ptII/vendors/misc/sphinx4/sphinx4-core-5prealpha.jar:/home/travis/build/icyphy/ptII/lib/PDFRenderer.jar:/home/travis/build/icyphy/ptII/lib/svgSalamander.jar:/home/travis/build/icyphy/ptII/lib/rsyntaxtextarea-2.6.0-SNAPSHOT.jar:/home/travis/build/icyphy/ptII/lib/hazelcast-3.8.2.jar:/home/travis/build/icyphy/ptII/lib/jackson-annotations-2.9.0.jar:/home/travis/build/icyphy/ptII/lib/jackson-core-2.9.3.jar:/home/travis/build/icyphy/ptII/lib/jackson-databind-2.9.3.jar:/home/travis/build/icyphy/ptII/lib/netty-buffer-4.1.19.Final.jar:/home/travis/build/icyphy/ptII/lib/netty-codec-4.1.19.Final.jar:/home/travis/build/icyphy/ptII/lib/netty-codec-dns-4.1.19.Final.jar:/home/travis/build/icyphy/ptII/lib/netty-codec-http-4.1.19.Final.jar:/home/travis/build/icyphy/ptII/lib/netty-codec-http2-4.1.19.Final.jar:/home/travis/build/icyphy/ptII/lib/netty-common-4.1.19.Final.jar:/home/travis/build/icyphy/ptII/lib/netty-handler-4.1.19.Final.jar:/home/travis/build/icyphy/ptII/lib/netty-resolver-4.1.19.Final.jar:/home/travis/build/icyphy/ptII/lib/netty-resolver-dns-4.1.19.Final.jar:/home/travis/build/icyphy/ptII/lib/netty-transport-4.1.19.Final.jar:/home/travis/build/icyphy/ptII/lib/vertx-codegen-3.5.1.jar:/home/travis/build/icyphy/ptII/lib/vertx-core-3.5.2-SNAPSHOT.jar:/home/travis/build/icyphy/ptII/lib/vertx-hazelcast-3.5.1.jar:/home/travis/build/icyphy/ptII/lib/vertx-lang-js-3.5.1.jar:/home/travis/build/icyphy/ptII/lib/vertx-service-proxy-3.5.1.jar:/home/travis/build/icyphy/ptII/lib/vertx-web-3.5.1.jar:/home/travis/build/icyphy/ptII/lib/slf4j-api-1.7.13.jar:/home/travis/build/icyphy/ptII/lib/slf4j-simple-1.7.13.jar:/home/travis/build/icyphy/ptII/lib/webcam-capture-0.3.12.jar:/home/travis/build/icyphy/ptII/lib/bridj-0.7.0.jar:/home/travis/build/icyphy/ptII/lib/xbjlib-1.1.0.nrjavaserial.jar:/home/travis/build/icyphy/ptII/ptolemy/moml/test:/home/travis/build/icyphy/ptII/ant/lib/ant-launcher.jar:/home/travis/build/icyphy/ptII/ant/lib/ant.jar:/home/travis/build/icyphy/ptII/ant/lib/ant-junit.jar:/home/travis/build/icyphy/ptII/ant/lib/ant-junit4.jar" />
    <property name="ant.library.dir" value="/home/travis/build/icyphy/ptII/ant/lib" />
    <property name="os.arch" value="amd64" />
    <property name="env.CONTINUOUS_INTEGRATION" value="true" />
    <property name="env.TRAVIS_LANGUAGE" value="node_js" />
    <property name="env.TRAVIS_STACK_LANGUAGES" value="__sardonyx__ c c++ clojure cplusplus cpp default generic go groovy java node_js php pure_java python ruby scala" />
    <property name="test.name" value="ptolemy.actor.lib.test.junit.JUnitTclTest" />
    <property name="env.APT_KEY_DONT_WARN_ON_DANGEROUS_USAGE" value="1" />
    <property name="sun.java.launcher" value="SUN_STANDARD" />
    <property name="env.PYTHON_CONFIGURE_OPTS" value="--enable-unicode=ucs4 --with-wide-unicode --enable-shared --enable-ipv6 --enable-loadable-sqlite-extensions --with-computed-gotos" />
    <property name="ant.core.lib" value="/home/travis/build/icyphy/ptII/ant/lib/ant.jar" />
    <property name="java.vm.specification.vendor" value="Oracle Corporation" />
    <property name="env.BCVTB_HOME" value="/home/travis/build/icyphy/ptII/lbnl" />
    <property name="file.separator" value="/" />
    <property name="spotbugs.home" value="/home/travis/build/icyphy/ptII/vendors/spotbugs-3.1.1" />
    <property name="java.runtime.version" value="11.0.2+9" />
    <property name="env.ANSI_CLEAR" value="\033[0K" />
    <property name="env.HAS_JOSH_K_SEAL_OF_APPROVAL" value="true" />
    <property name="env.XDG_RUNTIME_DIR" value="/run/user/2000" />
    <property name="env.TRAVIS_OSX_IMAGE" value="" />
    <property name="env.TRAVIS_JOB_ID" value="549391398" />
    <property name="env.TRAVIS_BRANCH" value="master" />
    <property name="user.country" value="US" />
    <property name="env.CERTI_HOME_TRAVIS" value="/home/travis/pthla/certi-tools" />
    <property name="env.SHELL" value="/bin/bash" />
    <property name="java.maxmemory.large" value="5000m" />
    <property name="model" value="" />
    <property name="env.CASHER_DIR" value="/home/travis/.casher" />
    <property name="env.NVM_CD_FLAGS" value="" />
    <property name="java.vendor.version" value="18.9" />
    <property name="jshint.executable" value="/home/travis/node_modules/jshint/bin/jshint" />
    <property name="env.JRUBY_OPTS" value=" --client -J-XX:+TieredCompilation -J-XX:TieredStopAtLevel=1 -J-Xss2m -Xcompile.invokedynamic=false" />
    <property name="java.vendor" value="Oracle Corporation" />
    <property name="env.TRAVIS_PRE_CHEF_BOOTSTRAP_TIME" value="2019-03-25T16:16:42" />
    <property name="env.TRAVIS_STACK_JOB_BOARD_REGISTER" value="/.job-board-register.yml" />
    <property name="env.ANSI_RED" value="\033[31;1m" />
    <property name="java.specification.version" value="11" />
    <property name="env.IRBRC" value="/home/travis/.rvm/rubies/ruby-2.5.3/.irbrc" />
    <property name="env.TRAVIS" value="true" />
    <property name="sun.arch.data.model" value="64" />
  </properties>
  <testcase classname="ptolemy.util.test.junit.TclTests" name="[0] /home/travis/build/icyphy/ptII/ptolemy/actor/lib/test/AbsoluteValue.tcl (RunTclFile)" time="0.586" />
  <testcase classname="ptolemy.util.test.junit.TclTests" name="[1] /home/travis/build/icyphy/ptII/ptolemy/actor/lib/test/AddSubtract.tcl (RunTclFile)" time="0.191" />
  <testcase classname="ptolemy.util.test.junit.TclTests" name="[2] /home/travis/build/icyphy/ptII/ptolemy/actor/lib/test/Average.tcl (RunTclFile)" time="0.076" />
  <testcase classname="ptolemy.util.test.junit.TclTests" name="[3] /home/travis/build/icyphy/ptII/ptolemy/actor/lib/test/Bernoulli.tcl (RunTclFile)" time="0.037" />
  <testcase classname="ptolemy.util.test.junit.TclTests" name="[4] /home/travis/build/icyphy/ptII/ptolemy/actor/lib/test/Clock.tcl (RunTclFile)" time="0.13" />
  <testcase classname="ptolemy.util.test.junit.TclTests" name="[5] /home/travis/build/icyphy/ptII/ptolemy/actor/lib/test/Commutator.tcl (RunTclFile)" time="0.224">
    <failure message="Number of failed tests is has increased. expected:&lt;0&gt; but was:&lt;1&gt;" type="junit.framework.AssertionFailedError">junit.framework.AssertionFailedError: Number of failed tests is has increased. expected:&lt;0&gt; but was:&lt;1&gt;
	at ptolemy.util.test.junit.TclTests.RunTclFile(TclTests.java:286)
	at java.base/jdk.internal.reflect.NativeMethodAccessorImpl.invoke0(Native Method)
	at java.base/jdk.internal.reflect.NativeMethodAccessorImpl.invoke(NativeMethodAccessorImpl.java:62)
	at java.base/jdk.internal.reflect.DelegatingMethodAccessorImpl.invoke(DelegatingMethodAccessorImpl.java:43)
	at junitparams.internal.InvokeParameterisedMethod.evaluate(InvokeParameterisedMethod.java:102)
	at junitparams.internal.ParameterisedTestMethodRunner.runMethodInvoker(ParameterisedTestMethodRunner.java:47)
	at junitparams.internal.ParameterisedTestMethodRunner.runTestMethod(ParameterisedTestMethodRunner.java:41)
	at junitparams.internal.ParameterisedTestClassRunner.runParameterisedTest(ParameterisedTestClassRunner.java:143)
	at junitparams.JUnitParamsRunner.runChild(JUnitParamsRunner.java:237)
	at junitparams.JUnitParamsRunner.runChild(JUnitParamsRunner.java:215)
</failure>
  </testcase>
  <testcase classname="ptolemy.util.test.junit.TclTests" name="[6] /home/travis/build/icyphy/ptII/ptolemy/actor/lib/test/Const.tcl (RunTclFile)" time="0.157" />
  <testcase classname="ptolemy.util.test.junit.TclTests" name="[7] /home/travis/build/icyphy/ptII/ptolemy/actor/lib/test/CurrentTime.tcl (RunTclFile)" time="0.045" />
  <testcase classname="ptolemy.util.test.junit.TclTests" name="[8] /home/travis/build/icyphy/ptII/ptolemy/actor/lib/test/DB.tcl (RunTclFile)" time="0.046" />
  <testcase classname="ptolemy.util.test.junit.TclTests" name="[9] /home/travis/build/icyphy/ptII/ptolemy/actor/lib/test/DiscreteRandomSource.tcl (RunTclFile)" time="0.044" />
  <testcase classname="ptolemy.util.test.junit.TclTests" name="[10] /home/travis/build/icyphy/ptII/ptolemy/actor/lib/test/Distributor.tcl (RunTclFile)" time="0.061" />
  <testcase classname="ptolemy.util.test.junit.TclTests" name="[11] /home/travis/build/icyphy/ptII/ptolemy/actor/lib/test/Exit.tcl (RunTclFile)" time="0.121" />
  <testcase classname="ptolemy.util.test.junit.TclTests" name="[12] /home/travis/build/icyphy/ptII/ptolemy/actor/lib/test/Expression.tcl (RunTclFile)" time="0.126" />
  <testcase classname="ptolemy.util.test.junit.TclTests" name="[13] /home/travis/build/icyphy/ptII/ptolemy/actor/lib/test/Gaussian.tcl (RunTclFile)" time="0.877" />
  <testcase classname="ptolemy.util.test.junit.TclTests" name="[14] /home/travis/build/icyphy/ptII/ptolemy/actor/lib/test/IIR.tcl (RunTclFile)" time="0.023" />
  <testcase classname="ptolemy.util.test.junit.TclTests" name="[15] /home/travis/build/icyphy/ptII/ptolemy/actor/lib/test/Interpolator.tcl (RunTclFile)" time="0.127" />
  <testcase classname="ptolemy.util.test.junit.TclTests" name="[16] /home/travis/build/icyphy/ptII/ptolemy/actor/lib/test/MathFunction.tcl (RunTclFile)" time="0.044" />
  <testcase classname="ptolemy.util.test.junit.TclTests" name="[17] /home/travis/build/icyphy/ptII/ptolemy/actor/lib/test/Maximum.tcl (RunTclFile)" time="0.044" />
  <testcase classname="ptolemy.util.test.junit.TclTests" name="[18] /home/travis/build/icyphy/ptII/ptolemy/actor/lib/test/Minimum.tcl (RunTclFile)" time="0.039" />
  <testcase classname="ptolemy.util.test.junit.TclTests" name="[19] /home/travis/build/icyphy/ptII/ptolemy/actor/lib/test/MultiplyDivide.tcl (RunTclFile)" time="0.049" />
  <testcase classname="ptolemy.util.test.junit.TclTests" name="[20] /home/travis/build/icyphy/ptII/ptolemy/actor/lib/test/OrderedMerge.tcl (RunTclFile)" time="0.134" />
  <testcase classname="ptolemy.util.test.junit.TclTests" name="[21] /home/travis/build/icyphy/ptII/ptolemy/actor/lib/test/Publisher.tcl (RunTclFile)" time="1.091" />
  <testcase classname="ptolemy.util.test.junit.TclTests" name="[22] /home/travis/build/icyphy/ptII/ptolemy/actor/lib/test/Pulse.tcl (RunTclFile)" time="0.054" />
  <testcase classname="ptolemy.util.test.junit.TclTests" name="[23] /home/travis/build/icyphy/ptII/ptolemy/actor/lib/test/Ramp.tcl (RunTclFile)" time="2.333" />
  <testcase classname="ptolemy.util.test.junit.TclTests" name="[24] /home/travis/build/icyphy/ptII/ptolemy/actor/lib/test/RampContinuous.tcl (RunTclFile)" time="0.019" />
  <testcase classname="ptolemy.util.test.junit.TclTests" name="[25] /home/travis/build/icyphy/ptII/ptolemy/actor/lib/test/RecordAssembler.tcl (RunTclFile)" time="0.046" />
  <testcase classname="ptolemy.util.test.junit.TclTests" name="[26] /home/travis/build/icyphy/ptII/ptolemy/actor/lib/test/RecordDisassembler.tcl (RunTclFile)" time="0.034" />
  <testcase classname="ptolemy.util.test.junit.TclTests" name="[27] /home/travis/build/icyphy/ptII/ptolemy/actor/lib/test/Scale.tcl (RunTclFile)" time="0.037" />
  <testcase classname="ptolemy.util.test.junit.TclTests" name="[28] /home/travis/build/icyphy/ptII/ptolemy/actor/lib/test/SequentialClock.tcl (RunTclFile)" time="0.016" />
  <testcase classname="ptolemy.util.test.junit.TclTests" name="[29] /home/travis/build/icyphy/ptII/ptolemy/actor/lib/test/SetVariable.tcl (RunTclFile)" time="0.032">
    <failure message="Number of failed tests is has increased. expected:&lt;1&gt; but was:&lt;2&gt;" type="junit.framework.AssertionFailedError">junit.framework.AssertionFailedError: Number of failed tests is has increased. expected:&lt;1&gt; but was:&lt;2&gt;
	at ptolemy.util.test.junit.TclTests.RunTclFile(TclTests.java:286)
	at jdk.internal.reflect.GeneratedMethodAccessor19.invoke(Unknown Source)
	at java.base/jdk.internal.reflect.DelegatingMethodAccessorImpl.invoke(DelegatingMethodAccessorImpl.java:43)
	at junitparams.internal.InvokeParameterisedMethod.evaluate(InvokeParameterisedMethod.java:102)
	at junitparams.internal.ParameterisedTestMethodRunner.runMethodInvoker(ParameterisedTestMethodRunner.java:47)
	at junitparams.internal.ParameterisedTestMethodRunner.runTestMethod(ParameterisedTestMethodRunner.java:41)
	at junitparams.internal.ParameterisedTestClassRunner.runParameterisedTest(ParameterisedTestClassRunner.java:143)
	at junitparams.JUnitParamsRunner.runChild(JUnitParamsRunner.java:237)
	at junitparams.JUnitParamsRunner.runChild(JUnitParamsRunner.java:215)
</failure>
  </testcase>
  <testcase classname="ptolemy.util.test.junit.TclTests" name="[30] /home/travis/build/icyphy/ptII/ptolemy/actor/lib/test/Sinewave.tcl (RunTclFile)" time="0.06" />
  <testcase classname="ptolemy.util.test.junit.TclTests" name="[31] /home/travis/build/icyphy/ptII/ptolemy/actor/lib/test/SubscriptionAggregator.tcl (RunTclFile)" time="2.613" />
  <testcase classname="ptolemy.util.test.junit.TclTests" name="[32] /home/travis/build/icyphy/ptII/ptolemy/actor/lib/test/Test.tcl (RunTclFile)" time="0.151" />
  <testcase classname="ptolemy.util.test.junit.TclTests" name="[33] /home/travis/build/icyphy/ptII/ptolemy/actor/lib/test/TestExceptionHandler.tcl (RunTclFile)" time="0.013" />
  <testcase classname="ptolemy.util.test.junit.TclTests" name="[34] /home/travis/build/icyphy/ptII/ptolemy/actor/lib/test/UnionDisassembler.tcl (RunTclFile)" time="0.113" />
  <testcase classname="ptolemy.util.test.junit.TclTests" name="[35] /home/travis/build/icyphy/ptII/ptolemy/actor/lib/test/VariableClock.tcl (RunTclFile)" time="0.016" />
  <testcase classname="ptolemy.util.test.junit.AutoKnownFailedTests" name="[0] /home/travis/build/icyphy/ptII/ptolemy/actor/lib/test/auto/knownFailedTests/PublisherPortToplevelSubscriber.xml (RunModel)" time="0.04" />
  <testcase classname="ptolemy.util.test.junit.AutoKnownFailedTests" name="[1] /home/travis/build/icyphy/ptII/ptolemy/actor/lib/test/auto/knownFailedTests/PublisherSubscriberPortToplevel.xml (RunModel)" time="0.015" />
  <testcase classname="ptolemy.util.test.junit.AutoKnownFailedTests" name="[2] /home/travis/build/icyphy/ptII/ptolemy/actor/lib/test/auto/knownFailedTests/PublisherSubscriptionAggregatorPort.xml (RunModel)" time="0.03" />
  <testcase classname="ptolemy.util.test.junit.AutoKnownFailedTests" name="[3] /home/travis/build/icyphy/ptII/ptolemy/actor/lib/test/auto/knownFailedTests/sizedarray3.xml (RunModel)" time="0.033" />
  <testcase classname="ptolemy.util.test.junit.AutoNameArchTests" name="[0] ThereAreNoAutoArchTests (RunModel)" time="0.001" />
  <testcase classname="ptolemy.util.test.junit.AutoTests" name="[0] /home/travis/build/icyphy/ptII/ptolemy/actor/lib/test/auto/AbsoluteValue.xml (RunModel)" time="0.117" />
  <testcase classname="ptolemy.util.test.junit.AutoTests" name="[1] /home/travis/build/icyphy/ptII/ptolemy/actor/lib/test/auto/AbsoluteValue2.xml (RunModel)" time="0.076" />
  <testcase classname="ptolemy.util.test.junit.AutoTests" name="[2] /home/travis/build/icyphy/ptII/ptolemy/actor/lib/test/auto/Accumulator.xml (RunModel)" time="0.077" />
  <testcase classname="ptolemy.util.test.junit.AutoTests" name="[3] /home/travis/build/icyphy/ptII/ptolemy/actor/lib/test/auto/Accumulator2.xml (RunModel)" time="0.046" />
  <testcase classname="ptolemy.util.test.junit.AutoTests" name="[4] /home/travis/build/icyphy/ptII/ptolemy/actor/lib/test/auto/Accumulator3.xml (RunModel)" time="0.035" />
  <testcase classname="ptolemy.util.test.junit.AutoTests" name="[5] /home/travis/build/icyphy/ptII/ptolemy/actor/lib/test/auto/ArrayAppend.xml (RunModel)" time="0.029" />
  <testcase classname="ptolemy.util.test.junit.AutoTests" name="[6] /home/travis/build/icyphy/ptII/ptolemy/actor/lib/test/auto/ArrayAppend2.xml (RunModel)" time="0.556" />
  <testcase classname="ptolemy.util.test.junit.AutoTests" name="[7] /home/travis/build/icyphy/ptII/ptolemy/actor/lib/test/auto/ArrayAppend3.xml (RunModel)" time="0.062" />
  <testcase classname="ptolemy.util.test.junit.AutoTests" name="[8] /home/travis/build/icyphy/ptII/ptolemy/actor/lib/test/auto/ArrayAppend4.xml (RunModel)" time="0.023" />
  <testcase classname="ptolemy.util.test.junit.AutoTests" name="[9] /home/travis/build/icyphy/ptII/ptolemy/actor/lib/test/auto/ArrayAppend5.xml (RunModel)" time="0.018" />
  <testcase classname="ptolemy.util.test.junit.AutoTests" name="[10] /home/travis/build/icyphy/ptII/ptolemy/actor/lib/test/auto/ArrayAppend6.xml (RunModel)" time="0.027" />
  <testcase classname="ptolemy.util.test.junit.AutoTests" name="[11] /home/travis/build/icyphy/ptII/ptolemy/actor/lib/test/auto/ArrayAppendPerformanceTest.xml (RunModel)" time="0.07" />
  <testcase classname="ptolemy.util.test.junit.AutoTests" name="[12] /home/travis/build/icyphy/ptII/ptolemy/actor/lib/test/auto/ArrayAppendWithEmptyInput.xml (RunModel)" time="0.062" />
  <testcase classname="ptolemy.util.test.junit.AutoTests" name="[13] /home/travis/build/icyphy/ptII/ptolemy/actor/lib/test/auto/ArrayAverage.xml (RunModel)" time="0.052" />
  <testcase classname="ptolemy.util.test.junit.AutoTests" name="[14] /home/travis/build/icyphy/ptII/ptolemy/actor/lib/test/auto/ArrayContains.xml (RunModel)" time="0.039" />
  <testcase classname="ptolemy.util.test.junit.AutoTests" name="[15] /home/travis/build/icyphy/ptII/ptolemy/actor/lib/test/auto/ArrayElement.xml (RunModel)" time="0.038" />
  <testcase classname="ptolemy.util.test.junit.AutoTests" name="[16] /home/travis/build/icyphy/ptII/ptolemy/actor/lib/test/auto/ArrayElementAsMatrix.xml (RunModel)" time="0.096" />
  <testcase classname="ptolemy.util.test.junit.AutoTests" name="[17] /home/travis/build/icyphy/ptII/ptolemy/actor/lib/test/auto/ArrayElementI.xml (RunModel)" time="0.027" />
  <testcase classname="ptolemy.util.test.junit.AutoTests" name="[18] /home/travis/build/icyphy/ptII/ptolemy/actor/lib/test/auto/ArrayExtract.xml (RunModel)" time="0.038" />
  <testcase classname="ptolemy.util.test.junit.AutoTests" name="[19] /home/travis/build/icyphy/ptII/ptolemy/actor/lib/test/auto/ArrayExtract2.xml (RunModel)" time="0.024" />
  <testcase classname="ptolemy.util.test.junit.AutoTests" name="[20] /home/travis/build/icyphy/ptII/ptolemy/actor/lib/test/auto/ArrayLength.xml (RunModel)" time="0.029" />
  <testcase classname="ptolemy.util.test.junit.AutoTests" name="[21] /home/travis/build/icyphy/ptII/ptolemy/actor/lib/test/auto/ArrayLevelCrossing.xml (RunModel)" time="0.036" />
  <testcase classname="ptolemy.util.test.junit.AutoTests" name="[22] /home/travis/build/icyphy/ptII/ptolemy/actor/lib/test/auto/ArrayLevelCrossing2.xml (RunModel)" time="0.03" />
  <testcase classname="ptolemy.util.test.junit.AutoTests" name="[23] /home/travis/build/icyphy/ptII/ptolemy/actor/lib/test/auto/ArrayPeakSearch.xml (RunModel)" time="0.048" />
  <testcase classname="ptolemy.util.test.junit.AutoTests" name="[24] /home/travis/build/icyphy/ptII/ptolemy/actor/lib/test/auto/ArrayPeakSearch2.xml (RunModel)" time="0.051" />
  <testcase classname="ptolemy.util.test.junit.AutoTests" name="[25] /home/travis/build/icyphy/ptII/ptolemy/actor/lib/test/auto/ArrayPeakSearch3.xml (RunModel)" time="0.043" />
  <testcase classname="ptolemy.util.test.junit.AutoTests" name="[26] /home/travis/build/icyphy/ptII/ptolemy/actor/lib/test/auto/ArrayRemoveElement.xml (RunModel)" time="0.035" />
  <testcase classname="ptolemy.util.test.junit.AutoTests" name="[27] /home/travis/build/icyphy/ptII/ptolemy/actor/lib/test/auto/ArraySort.xml (RunModel)" time="0.039" />
  <testcase classname="ptolemy.util.test.junit.AutoTests" name="[28] /home/travis/build/icyphy/ptII/ptolemy/actor/lib/test/auto/ArraySum.xml (RunModel)" time="0.018" />
  <testcase classname="ptolemy.util.test.junit.AutoTests" name="[29] /home/travis/build/icyphy/ptII/ptolemy/actor/lib/test/auto/ArrayToElements.xml (RunModel)" time="0.024" />
  <testcase classname="ptolemy.util.test.junit.AutoTests" name="[30] /home/travis/build/icyphy/ptII/ptolemy/actor/lib/test/auto/ArrayToMatrix.xml (RunModel)" time="0.067" />
  <testcase classname="ptolemy.util.test.junit.AutoTests" name="[31] /home/travis/build/icyphy/ptII/ptolemy/actor/lib/test/auto/ArrayUpdate1.xml (RunModel)" time="0.023" />
  <testcase classname="ptolemy.util.test.junit.AutoTests" name="[32] /home/travis/build/icyphy/ptII/ptolemy/actor/lib/test/auto/ArrayUpdate2.xml (RunModel)" time="0.03" />
  <testcase classname="ptolemy.util.test.junit.AutoTests" name="[33] /home/travis/build/icyphy/ptII/ptolemy/actor/lib/test/auto/ArrayUpdate3.xml (RunModel)" time="0.017" />
  <testcase classname="ptolemy.util.test.junit.AutoTests" name="[34] /home/travis/build/icyphy/ptII/ptolemy/actor/lib/test/auto/Assert1.xml (RunModel)" time="0.021" />
  <testcase classname="ptolemy.util.test.junit.AutoTests" name="[35] /home/travis/build/icyphy/ptII/ptolemy/actor/lib/test/auto/Assert2.xml (RunModel)" time="0.012" />
  <testcase classname="ptolemy.util.test.junit.AutoTests" name="[36] /home/travis/build/icyphy/ptII/ptolemy/actor/lib/test/auto/BooleanMultiplexor.xml (RunModel)" time="0.016" />
  <testcase classname="ptolemy.util.test.junit.AutoTests" name="[37] /home/travis/build/icyphy/ptII/ptolemy/actor/lib/test/auto/BooleanMultiplexor2.xml (RunModel)" time="0.015" />
  <testcase classname="ptolemy.util.test.junit.AutoTests" name="[38] /home/travis/build/icyphy/ptII/ptolemy/actor/lib/test/auto/BooleanMultiplexor3.xml (RunModel)" time="0.02" />
  <testcase classname="ptolemy.util.test.junit.AutoTests" name="[39] /home/travis/build/icyphy/ptII/ptolemy/actor/lib/test/auto/BooleanSelect.xml (RunModel)" time="0.027" />
  <testcase classname="ptolemy.util.test.junit.AutoTests" name="[40] /home/travis/build/icyphy/ptII/ptolemy/actor/lib/test/auto/BooleanSelect2.xml (RunModel)" time="0.019" />
  <testcase classname="ptolemy.util.test.junit.AutoTests" name="[41] /home/travis/build/icyphy/ptII/ptolemy/actor/lib/test/auto/BooleanSwitch.xml (RunModel)" time="0.022" />
  <testcase classname="ptolemy.util.test.junit.AutoTests" name="[42] /home/travis/build/icyphy/ptII/ptolemy/actor/lib/test/auto/BooleanSwitch2.xml (RunModel)" time="0.02" />
  <testcase classname="ptolemy.util.test.junit.AutoTests" name="[43] /home/travis/build/icyphy/ptII/ptolemy/actor/lib/test/auto/BooleanSwitchCloningBugWithClassRelationGroup.xml (RunModel)" time="0.026" />
  <testcase classname="ptolemy.util.test.junit.AutoTests" name="[44] /home/travis/build/icyphy/ptII/ptolemy/actor/lib/test/auto/BusActors.xml (RunModel)" time="0.048" />
  <testcase classname="ptolemy.util.test.junit.AutoTests" name="[45] /home/travis/build/icyphy/ptII/ptolemy/actor/lib/test/auto/ClassWrapper.xml (RunModel)" time="0.027" />
  <testcase classname="ptolemy.util.test.junit.AutoTests" name="[46] /home/travis/build/icyphy/ptII/ptolemy/actor/lib/test/auto/Clock.xml (RunModel)" time="0.027" />
  <testcase classname="ptolemy.util.test.junit.AutoTests" name="[47] /home/travis/build/icyphy/ptII/ptolemy/actor/lib/test/auto/Clock10.xml (RunModel)" time="0.031" />
  <testcase classname="ptolemy.util.test.junit.AutoTests" name="[48] /home/travis/build/icyphy/ptII/ptolemy/actor/lib/test/auto/Clock11.xml (RunModel)" time="0.021" />
  <testcase classname="ptolemy.util.test.junit.AutoTests" name="[49] /home/travis/build/icyphy/ptII/ptolemy/actor/lib/test/auto/Clock12.xml (RunModel)" time="0.021" />
  <testcase classname="ptolemy.util.test.junit.AutoTests" name="[50] /home/travis/build/icyphy/ptII/ptolemy/actor/lib/test/auto/Clock13.xml (RunModel)" time="0.017" />
  <testcase classname="ptolemy.util.test.junit.AutoTests" name="[51] /home/travis/build/icyphy/ptII/ptolemy/actor/lib/test/auto/Clock14.xml (RunModel)" time="0.02" />
  <testcase classname="ptolemy.util.test.junit.AutoTests" name="[52] /home/travis/build/icyphy/ptII/ptolemy/actor/lib/test/auto/Clock15.xml (RunModel)" time="0.016" />
  <testcase classname="ptolemy.util.test.junit.AutoTests" name="[53] /home/travis/build/icyphy/ptII/ptolemy/actor/lib/test/auto/Clock16.xml (RunModel)" time="0.112" />
  <testcase classname="ptolemy.util.test.junit.AutoTests" name="[54] /home/travis/build/icyphy/ptII/ptolemy/actor/lib/test/auto/Clock17.xml (RunModel)" time="0.052" />
  <testcase classname="ptolemy.util.test.junit.AutoTests" name="[55] /home/travis/build/icyphy/ptII/ptolemy/actor/lib/test/auto/Clock18.xml (RunModel)" time="0.041" />
  <testcase classname="ptolemy.util.test.junit.AutoTests" name="[56] /home/travis/build/icyphy/ptII/ptolemy/actor/lib/test/auto/Clock19.xml (RunModel)" time="0.038" />
  <testcase classname="ptolemy.util.test.junit.AutoTests" name="[57] /home/travis/build/icyphy/ptII/ptolemy/actor/lib/test/auto/Clock2.xml (RunModel)" time="0.012" />
  <testcase classname="ptolemy.util.test.junit.AutoTests" name="[58] /home/travis/build/icyphy/ptII/ptolemy/actor/lib/test/auto/Clock20.xml (RunModel)" time="0.019" />
  <testcase classname="ptolemy.util.test.junit.AutoTests" name="[59] /home/travis/build/icyphy/ptII/ptolemy/actor/lib/test/auto/Clock21.xml (RunModel)" time="0.017" />
  <testcase classname="ptolemy.util.test.junit.AutoTests" name="[60] /home/travis/build/icyphy/ptII/ptolemy/actor/lib/test/auto/Clock22.xml (RunModel)" time="0.016" />
  <testcase classname="ptolemy.util.test.junit.AutoTests" name="[61] /home/travis/build/icyphy/ptII/ptolemy/actor/lib/test/auto/Clock23.xml (RunModel)" time="0.021" />
  <testcase classname="ptolemy.util.test.junit.AutoTests" name="[62] /home/travis/build/icyphy/ptII/ptolemy/actor/lib/test/auto/Clock24.xml (RunModel)" time="0.02" />
  <testcase classname="ptolemy.util.test.junit.AutoTests" name="[63] /home/travis/build/icyphy/ptII/ptolemy/actor/lib/test/auto/Clock4.xml (RunModel)" time="0.014" />
  <testcase classname="ptolemy.util.test.junit.AutoTests" name="[64] /home/travis/build/icyphy/ptII/ptolemy/actor/lib/test/auto/Clock5.xml (RunModel)" time="0.011" />
  <testcase classname="ptolemy.util.test.junit.AutoTests" name="[65] /home/travis/build/icyphy/ptII/ptolemy/actor/lib/test/auto/Clock6.xml (RunModel)" time="0.009" />
  <testcase classname="ptolemy.util.test.junit.AutoTests" name="[66] /home/travis/build/icyphy/ptII/ptolemy/actor/lib/test/auto/Clock7.xml (RunModel)" time="0.011" />
  <testcase classname="ptolemy.util.test.junit.AutoTests" name="[67] /home/travis/build/icyphy/ptII/ptolemy/actor/lib/test/auto/Clock8.xml (RunModel)" time="0.014" />
  <testcase classname="ptolemy.util.test.junit.AutoTests" name="[68] /home/travis/build/icyphy/ptII/ptolemy/actor/lib/test/auto/Clock9.xml (RunModel)" time="0.016" />
  <testcase classname="ptolemy.util.test.junit.AutoTests" name="[69] /home/travis/build/icyphy/ptII/ptolemy/actor/lib/test/auto/CommDistDiscard.xml (RunModel)" time="0.029" />
  <testcase classname="ptolemy.util.test.junit.AutoTests" name="[70] /home/travis/build/icyphy/ptII/ptolemy/actor/lib/test/auto/Commutator.xml (RunModel)" time="0.015" />
  <testcase classname="ptolemy.util.test.junit.AutoTests" name="[71] /home/travis/build/icyphy/ptII/ptolemy/actor/lib/test/auto/Commutator2.xml (RunModel)" time="0.012" />
  <testcase classname="ptolemy.util.test.junit.AutoTests" name="[72] /home/travis/build/icyphy/ptII/ptolemy/actor/lib/test/auto/Commutator3.xml (RunModel)" time="0.013" />
  <testcase classname="ptolemy.util.test.junit.AutoTests" name="[73] /home/travis/build/icyphy/ptII/ptolemy/actor/lib/test/auto/Compare.xml (RunModel)" time="0.024" />
  <testcase classname="ptolemy.util.test.junit.AutoTests" name="[74] /home/travis/build/icyphy/ptII/ptolemy/actor/lib/test/auto/CompareDE.xml (RunModel)" time="0.018" />
  <testcase classname="ptolemy.util.test.junit.AutoTests" name="[75] /home/travis/build/icyphy/ptII/ptolemy/actor/lib/test/auto/ComplexDivide.xml (RunModel)" time="0.013" />
  <testcase classname="ptolemy.util.test.junit.AutoTests" name="[76] /home/travis/build/icyphy/ptII/ptolemy/actor/lib/test/auto/ComputeHistogram.xml (RunModel)" time="0.082" />
  <testcase classname="ptolemy.util.test.junit.AutoTests" name="[77] /home/travis/build/icyphy/ptII/ptolemy/actor/lib/test/auto/ConfigurationSelect.xml (RunModel)" time="0.024" />
  <testcase classname="ptolemy.util.test.junit.AutoTests" name="[78] /home/travis/build/icyphy/ptII/ptolemy/actor/lib/test/auto/ConfigurationSelect2.xml (RunModel)" time="0.016" />
  <testcase classname="ptolemy.util.test.junit.AutoTests" name="[79] /home/travis/build/icyphy/ptII/ptolemy/actor/lib/test/auto/ConfigurationSwitch.xml (RunModel)" time="0.02" />
  <testcase classname="ptolemy.util.test.junit.AutoTests" name="[80] /home/travis/build/icyphy/ptII/ptolemy/actor/lib/test/auto/ConfigurationSwitch2.xml (RunModel)" time="0.038" />
  <testcase classname="ptolemy.util.test.junit.AutoTests" name="[81] /home/travis/build/icyphy/ptII/ptolemy/actor/lib/test/auto/ConfigurationSwitchCloningBugWithClassRelationGroup.xml (RunModel)" time="0.025" />
  <testcase classname="ptolemy.util.test.junit.AutoTests" name="[82] /home/travis/build/icyphy/ptII/ptolemy/actor/lib/test/auto/ConfigurationSwitchSelectSDF.xml (RunModel)" time="0.019" />
  <testcase classname="ptolemy.util.test.junit.AutoTests" name="[83] /home/travis/build/icyphy/ptII/ptolemy/actor/lib/test/auto/ConfigurationSwitchSelectSDF2.xml (RunModel)" time="0.013" />
  <testcase classname="ptolemy.util.test.junit.AutoTests" name="[84] /home/travis/build/icyphy/ptII/ptolemy/actor/lib/test/auto/Const.xml (RunModel)" time="0.008" />
  <testcase classname="ptolemy.util.test.junit.AutoTests" name="[85] /home/travis/build/icyphy/ptII/ptolemy/actor/lib/test/auto/Const2.xml (RunModel)" time="0.012" />
  <testcase classname="ptolemy.util.test.junit.AutoTests" name="[86] /home/travis/build/icyphy/ptII/ptolemy/actor/lib/test/auto/Const3.xml (RunModel)" time="0.011" />
  <testcase classname="ptolemy.util.test.junit.AutoTests" name="[87] /home/travis/build/icyphy/ptII/ptolemy/actor/lib/test/auto/ConstantPublisherPort1.xml (RunModel)" time="0.024" />
  <testcase classname="ptolemy.util.test.junit.AutoTests" name="[88] /home/travis/build/icyphy/ptII/ptolemy/actor/lib/test/auto/ConstantPublisherPort2.xml (RunModel)" time="0.03" />
  <testcase classname="ptolemy.util.test.junit.AutoTests" name="[89] /home/travis/build/icyphy/ptII/ptolemy/actor/lib/test/auto/ConstantPublisherPort3.xml (RunModel)" time="0.025" />
  <testcase classname="ptolemy.util.test.junit.AutoTests" name="[90] /home/travis/build/icyphy/ptII/ptolemy/actor/lib/test/auto/ConstantPublisherPort4.xml (RunModel)" time="0.017" />
  <testcase classname="ptolemy.util.test.junit.AutoTests" name="[91] /home/travis/build/icyphy/ptII/ptolemy/actor/lib/test/auto/ConstantPublisherPort5.xml (RunModel)" time="0.044" />
  <testcase classname="ptolemy.util.test.junit.AutoTests" name="[92] /home/travis/build/icyphy/ptII/ptolemy/actor/lib/test/auto/ConstantPublisherPort6.xml (RunModel)" time="0.035" />
  <testcase classname="ptolemy.util.test.junit.AutoTests" name="[93] /home/travis/build/icyphy/ptII/ptolemy/actor/lib/test/auto/ConstantPublisherPort7.xml (RunModel)" time="0.035" />
  <testcase classname="ptolemy.util.test.junit.AutoTests" name="[94] /home/travis/build/icyphy/ptII/ptolemy/actor/lib/test/auto/ConstraintMonitor1.xml (RunModel)" time="0.043" />
  <testcase classname="ptolemy.util.test.junit.AutoTests" name="[95] /home/travis/build/icyphy/ptII/ptolemy/actor/lib/test/auto/ConstraintMonitor2.xml (RunModel)" time="0.015" />
  <testcase classname="ptolemy.util.test.junit.AutoTests" name="[96] /home/travis/build/icyphy/ptII/ptolemy/actor/lib/test/auto/ConstraintMonitor3.xml (RunModel)" time="0.017" />
  <testcase classname="ptolemy.util.test.junit.AutoTests" name="[97] /home/travis/build/icyphy/ptII/ptolemy/actor/lib/test/auto/ConstraintMonitor4.xml (RunModel)" time="0.016" />
  <testcase classname="ptolemy.util.test.junit.AutoTests" name="[98] /home/travis/build/icyphy/ptII/ptolemy/actor/lib/test/auto/ConstraintMonitor5.xml (RunModel)" time="0.015" />
  <testcase classname="ptolemy.util.test.junit.AutoTests" name="[99] /home/travis/build/icyphy/ptII/ptolemy/actor/lib/test/auto/ConstraintMonitor6.xml (RunModel)" time="0.028" />
  <testcase classname="ptolemy.util.test.junit.AutoTests" name="[100] /home/travis/build/icyphy/ptII/ptolemy/actor/lib/test/auto/ConstraintMonitor7.xml (RunModel)" time="0.02" />
  <testcase classname="ptolemy.util.test.junit.AutoTests" name="[101] /home/travis/build/icyphy/ptII/ptolemy/actor/lib/test/auto/ConstraintMonitor8.xml (RunModel)" time="0.021" />
  <testcase classname="ptolemy.util.test.junit.AutoTests" name="[102] /home/travis/build/icyphy/ptII/ptolemy/actor/lib/test/auto/Counter.xml (RunModel)" time="0.015" />
  <testcase classname="ptolemy.util.test.junit.AutoTests" name="[103] /home/travis/build/icyphy/ptII/ptolemy/actor/lib/test/auto/CurrentTimeSDF.xml (RunModel)" time="0.012" />
  <testcase classname="ptolemy.util.test.junit.AutoTests" name="[104] /home/travis/build/icyphy/ptII/ptolemy/actor/lib/test/auto/DB.xml (RunModel)" time="0.015" />
  <testcase classname="ptolemy.util.test.junit.AutoTests" name="[105] /home/travis/build/icyphy/ptII/ptolemy/actor/lib/test/auto/DBDE.xml (RunModel)" time="0.015" />
  <testcase classname="ptolemy.util.test.junit.AutoTests" name="[106] /home/travis/build/icyphy/ptII/ptolemy/actor/lib/test/auto/DateConstructor.xml (RunModel)" time="0.079" />
  <testcase classname="ptolemy.util.test.junit.AutoTests" name="[107] /home/travis/build/icyphy/ptII/ptolemy/actor/lib/test/auto/DelayTime.xml (RunModel)" time="0.02" />
  <testcase classname="ptolemy.util.test.junit.AutoTests" name="[108] /home/travis/build/icyphy/ptII/ptolemy/actor/lib/test/auto/Dictionary1.xml (RunModel)" time="0.022" />
  <testcase classname="ptolemy.util.test.junit.AutoTests" name="[109] /home/travis/build/icyphy/ptII/ptolemy/actor/lib/test/auto/Dictionary2.xml (RunModel)" time="0.019" />
  <testcase classname="ptolemy.util.test.junit.AutoTests" name="[110] /home/travis/build/icyphy/ptII/ptolemy/actor/lib/test/auto/Dictionary3.xml (RunModel)" time="0.015" />
  <testcase classname="ptolemy.util.test.junit.AutoTests" name="[111] /home/travis/build/icyphy/ptII/ptolemy/actor/lib/test/auto/Dictionary4.xml (RunModel)" time="0.02" />
  <testcase classname="ptolemy.util.test.junit.AutoTests" name="[112] /home/travis/build/icyphy/ptII/ptolemy/actor/lib/test/auto/Differential.xml (RunModel)" time="0.013" />
  <testcase classname="ptolemy.util.test.junit.AutoTests" name="[113] /home/travis/build/icyphy/ptII/ptolemy/actor/lib/test/auto/Director.xml (RunModel)" time="0.014" />
  <testcase classname="ptolemy.util.test.junit.AutoTests" name="[114] /home/travis/build/icyphy/ptII/ptolemy/actor/lib/test/auto/DiscreteClock.xml (RunModel)" time="0.008" />
  <testcase classname="ptolemy.util.test.junit.AutoTests" name="[115] /home/travis/build/icyphy/ptII/ptolemy/actor/lib/test/auto/DiscreteClock10.xml (RunModel)" time="0.015" />
  <testcase classname="ptolemy.util.test.junit.AutoTests" name="[116] /home/travis/build/icyphy/ptII/ptolemy/actor/lib/test/auto/DiscreteClock11.xml (RunModel)" time="0.013" />
  <testcase classname="ptolemy.util.test.junit.AutoTests" name="[117] /home/travis/build/icyphy/ptII/ptolemy/actor/lib/test/auto/DiscreteClock12.xml (RunModel)" time="0.015" />
  <testcase classname="ptolemy.util.test.junit.AutoTests" name="[118] /home/travis/build/icyphy/ptII/ptolemy/actor/lib/test/auto/DiscreteClock13.xml (RunModel)" time="0.016" />
  <testcase classname="ptolemy.util.test.junit.AutoTests" name="[119] /home/travis/build/icyphy/ptII/ptolemy/actor/lib/test/auto/DiscreteClock14.xml (RunModel)" time="0.013" />
  <testcase classname="ptolemy.util.test.junit.AutoTests" name="[120] /home/travis/build/icyphy/ptII/ptolemy/actor/lib/test/auto/DiscreteClock15.xml (RunModel)" time="0.022" />
  <testcase classname="ptolemy.util.test.junit.AutoTests" name="[121] /home/travis/build/icyphy/ptII/ptolemy/actor/lib/test/auto/DiscreteClock16.xml (RunModel)" time="0.047" />
  <testcase classname="ptolemy.util.test.junit.AutoTests" name="[122] /home/travis/build/icyphy/ptII/ptolemy/actor/lib/test/auto/DiscreteClock17.xml (RunModel)" time="0.058" />
  <testcase classname="ptolemy.util.test.junit.AutoTests" name="[123] /home/travis/build/icyphy/ptII/ptolemy/actor/lib/test/auto/DiscreteClock18.xml (RunModel)" time="0.034" />
  <testcase classname="ptolemy.util.test.junit.AutoTests" name="[124] /home/travis/build/icyphy/ptII/ptolemy/actor/lib/test/auto/DiscreteClock19.xml (RunModel)" time="0.053" />
  <testcase classname="ptolemy.util.test.junit.AutoTests" name="[125] /home/travis/build/icyphy/ptII/ptolemy/actor/lib/test/auto/DiscreteClock2.xml (RunModel)" time="0.008" />
  <testcase classname="ptolemy.util.test.junit.AutoTests" name="[126] /home/travis/build/icyphy/ptII/ptolemy/actor/lib/test/auto/DiscreteClock20.xml (RunModel)" time="0.023" />
  <testcase classname="ptolemy.util.test.junit.AutoTests" name="[127] /home/travis/build/icyphy/ptII/ptolemy/actor/lib/test/auto/DiscreteClock21.xml (RunModel)" time="0.015" />
  <testcase classname="ptolemy.util.test.junit.AutoTests" name="[128] /home/travis/build/icyphy/ptII/ptolemy/actor/lib/test/auto/DiscreteClock22.xml (RunModel)" time="0.018" />
  <testcase classname="ptolemy.util.test.junit.AutoTests" name="[129] /home/travis/build/icyphy/ptII/ptolemy/actor/lib/test/auto/DiscreteClock23.xml (RunModel)" time="0.021" />
  <testcase classname="ptolemy.util.test.junit.AutoTests" name="[130] /home/travis/build/icyphy/ptII/ptolemy/actor/lib/test/auto/DiscreteClock24.xml (RunModel)" time="0.014" />
  <testcase classname="ptolemy.util.test.junit.AutoTests" name="[131] /home/travis/build/icyphy/ptII/ptolemy/actor/lib/test/auto/DiscreteClock4.xml (RunModel)" time="0.017" />
  <testcase classname="ptolemy.util.test.junit.AutoTests" name="[132] /home/travis/build/icyphy/ptII/ptolemy/actor/lib/test/auto/DiscreteClock5.xml (RunModel)" time="0.011" />
  <testcase classname="ptolemy.util.test.junit.AutoTests" name="[133] /home/travis/build/icyphy/ptII/ptolemy/actor/lib/test/auto/DiscreteClock6.xml (RunModel)" time="0.013" />
  <testcase classname="ptolemy.util.test.junit.AutoTests" name="[134] /home/travis/build/icyphy/ptII/ptolemy/actor/lib/test/auto/DiscreteClock7.xml (RunModel)" time="0.02" />
  <testcase classname="ptolemy.util.test.junit.AutoTests" name="[135] /home/travis/build/icyphy/ptII/ptolemy/actor/lib/test/auto/DiscreteClock8.xml (RunModel)" time="0.01" />
  <testcase classname="ptolemy.util.test.junit.AutoTests" name="[136] /home/travis/build/icyphy/ptII/ptolemy/actor/lib/test/auto/DiscreteClock9.xml (RunModel)" time="0.012" />
  <testcase classname="ptolemy.util.test.junit.AutoTests" name="[137] /home/travis/build/icyphy/ptII/ptolemy/actor/lib/test/auto/DisplayArray.xml (RunModel)" time="0.016" />
  <testcase classname="ptolemy.util.test.junit.AutoTests" name="[138] /home/travis/build/icyphy/ptII/ptolemy/actor/lib/test/auto/Distributor.xml (RunModel)" time="0.01" />
  <testcase classname="ptolemy.util.test.junit.AutoTests" name="[139] /home/travis/build/icyphy/ptII/ptolemy/actor/lib/test/auto/Distributor2.xml (RunModel)" time="0.011" />
  <testcase classname="ptolemy.util.test.junit.AutoTests" name="[140] /home/travis/build/icyphy/ptII/ptolemy/actor/lib/test/auto/DownSample.xml (RunModel)" time="0.01" />
  <testcase classname="ptolemy.util.test.junit.AutoTests" name="[141] /home/travis/build/icyphy/ptII/ptolemy/actor/lib/test/auto/ElectronicUnitBase1.xml (RunModel)" time="0.077" />
  <testcase classname="ptolemy.util.test.junit.AutoTests" name="[142] /home/travis/build/icyphy/ptII/ptolemy/actor/lib/test/auto/ElementsToArray.xml (RunModel)" time="0.012" />
  <testcase classname="ptolemy.util.test.junit.AutoTests" name="[143] /home/travis/build/icyphy/ptII/ptolemy/actor/lib/test/auto/Equals.xml (RunModel)" time="0.016" />
  <testcase classname="ptolemy.util.test.junit.AutoTests" name="[144] /home/travis/build/icyphy/ptII/ptolemy/actor/lib/test/auto/Exec.xml (RunModel)" time="0.031" />
  <testcase classname="ptolemy.util.test.junit.AutoTests" name="[145] /home/travis/build/icyphy/ptII/ptolemy/actor/lib/test/auto/ExecEnvironment.xml (RunModel)" time="0.041" />
  <testcase classname="ptolemy.util.test.junit.AutoTests" name="[146] /home/travis/build/icyphy/ptII/ptolemy/actor/lib/test/auto/ExecNonZeroReturnOutput.xml (RunModel)" time="0.232" />
  <testcase classname="ptolemy.util.test.junit.AutoTests" name="[147] /home/travis/build/icyphy/ptII/ptolemy/actor/lib/test/auto/ExecRunDemos.xml (RunModel)" time="11.993">
    <error type="java.lang.reflect.InvocationTargetException">java.lang.reflect.InvocationTargetException
	at jdk.internal.reflect.GeneratedConstructorAccessor36.newInstance(Unknown Source)
	at java.base/jdk.internal.reflect.DelegatingConstructorAccessorImpl.newInstance(DelegatingConstructorAccessorImpl.java:45)
	at java.base/java.lang.reflect.Constructor.newInstance(Constructor.java:490)
	at ptolemy.util.test.junit.AutoTests.RunModel(AutoTests.java:193)
	at jdk.internal.reflect.GeneratedMethodAccessor43.invoke(Unknown Source)
	at java.base/jdk.internal.reflect.DelegatingMethodAccessorImpl.invoke(DelegatingMethodAccessorImpl.java:43)
	at junitparams.internal.InvokeParameterisedMethod.evaluate(InvokeParameterisedMethod.java:102)
Caused by: ptolemy.kernel.util.IllegalActionException: Test fails in iteration 0.
Value was: &quot;WARNING: An illegal reflective access operation has occurred\nWARNING: Illegal reflective access by io.netty.util.internal.ReflectionUtil (file:/home/travis/build/icyphy/ptII/lib/netty-common-4.1.19.Final.jar) to constructor java.nio.DirectByteBuffer(long,int)\nWARNING: Please consider reporting this to the maintainers of io.netty.util.internal.ReflectionUtil\nWARNING: Use --illegal-access=warn to enable warnings of further illegal reflective access operations\nWARNING: All illegal access operations will be denied in a future release\n&quot;. Should have been: &quot;&quot;
  in .ExecRunDemos.Test
	at ptolemy.actor.lib.Test.fire(Test.java:268)
	at ptolemy.actor.AtomicActor.iterate(AtomicActor.java:512)
	at ptolemy.actor.sched.StaticSchedulingDirector.fire(StaticSchedulingDirector.java:216)
	at ptolemy.domains.sdf.kernel.SDFDirector.fire(SDFDirector.java:500)
	at ptolemy.actor.CompositeActor.fire(CompositeActor.java:455)
	at ptolemy.actor.Manager.iterate(Manager.java:851)
	at ptolemy.actor.Manager.execute(Manager.java:369)
	at ptolemy.actor.Manager.run(Manager.java:1263)
	at ptolemy.actor.Manager$PtolemyRunThread.run(Manager.java:1915)
</error>
  </testcase>
  <testcase classname="ptolemy.util.test.junit.AutoTests" name="[148] /home/travis/build/icyphy/ptII/ptolemy/actor/lib/test/auto/ExecStop.xml (RunModel)" time="5.047" />
  <testcase classname="ptolemy.util.test.junit.AutoTests" name="[149] /home/travis/build/icyphy/ptII/ptolemy/actor/lib/test/auto/ExecutionTimeSDF.xml (RunModel)" time="6.036" />
  <testcase classname="ptolemy.util.test.junit.AutoTests" name="[150] /home/travis/build/icyphy/ptII/ptolemy/actor/lib/test/auto/Expression1.xml (RunModel)" time="0.017" />
  <testcase classname="ptolemy.util.test.junit.AutoTests" name="[151] /home/travis/build/icyphy/ptII/ptolemy/actor/lib/test/auto/Expression10.xml (RunModel)" time="0.029" />
  <testcase classname="ptolemy.util.test.junit.AutoTests" name="[152] /home/travis/build/icyphy/ptII/ptolemy/actor/lib/test/auto/Expression11.xml (RunModel)" time="0.014" />
  <testcase classname="ptolemy.util.test.junit.AutoTests" name="[153] /home/travis/build/icyphy/ptII/ptolemy/actor/lib/test/auto/Expression12.xml (RunModel)" time="0.016" />
  <testcase classname="ptolemy.util.test.junit.AutoTests" name="[154] /home/travis/build/icyphy/ptII/ptolemy/actor/lib/test/auto/Expression13.xml (RunModel)" time="0.016" />
  <testcase classname="ptolemy.util.test.junit.AutoTests" name="[155] /home/travis/build/icyphy/ptII/ptolemy/actor/lib/test/auto/Expression14.xml (RunModel)" time="0.024" />
  <testcase classname="ptolemy.util.test.junit.AutoTests" name="[156] /home/travis/build/icyphy/ptII/ptolemy/actor/lib/test/auto/Expression15.xml (RunModel)" time="0.009" />
  <testcase classname="ptolemy.util.test.junit.AutoTests" name="[157] /home/travis/build/icyphy/ptII/ptolemy/actor/lib/test/auto/Expression16.xml (RunModel)" time="0.014" />
  <testcase classname="ptolemy.util.test.junit.AutoTests" name="[158] /home/travis/build/icyphy/ptII/ptolemy/actor/lib/test/auto/Expression17.xml (RunModel)" time="0.012" />
  <testcase classname="ptolemy.util.test.junit.AutoTests" name="[159] /home/travis/build/icyphy/ptII/ptolemy/actor/lib/test/auto/Expression18.xml (RunModel)" time="0.013" />
  <testcase classname="ptolemy.util.test.junit.AutoTests" name="[160] /home/travis/build/icyphy/ptII/ptolemy/actor/lib/test/auto/Expression2.xml (RunModel)" time="0.014" />
  <testcase classname="ptolemy.util.test.junit.AutoTests" name="[161] /home/travis/build/icyphy/ptII/ptolemy/actor/lib/test/auto/Expression3.xml (RunModel)" time="0.015" />
  <testcase classname="ptolemy.util.test.junit.AutoTests" name="[162] /home/travis/build/icyphy/ptII/ptolemy/actor/lib/test/auto/Expression4.xml (RunModel)" time="0.024" />
  <testcase classname="ptolemy.util.test.junit.AutoTests" name="[163] /home/travis/build/icyphy/ptII/ptolemy/actor/lib/test/auto/Expression5.xml (RunModel)" time="0.014" />
  <testcase classname="ptolemy.util.test.junit.AutoTests" name="[164] /home/travis/build/icyphy/ptII/ptolemy/actor/lib/test/auto/Expression6.xml (RunModel)" time="0.01" />
  <testcase classname="ptolemy.util.test.junit.AutoTests" name="[165] /home/travis/build/icyphy/ptII/ptolemy/actor/lib/test/auto/Expression7.xml (RunModel)" time="0.015" />
  <testcase classname="ptolemy.util.test.junit.AutoTests" name="[166] /home/travis/build/icyphy/ptII/ptolemy/actor/lib/test/auto/Expression8.xml (RunModel)" time="0.018" />
  <testcase classname="ptolemy.util.test.junit.AutoTests" name="[167] /home/travis/build/icyphy/ptII/ptolemy/actor/lib/test/auto/Expression9.xml (RunModel)" time="0.009" />
  <testcase classname="ptolemy.util.test.junit.AutoTests" name="[168] /home/travis/build/icyphy/ptII/ptolemy/actor/lib/test/auto/ExpressionConcatenateArrayType.xml (RunModel)" time="0.033" />
  <testcase classname="ptolemy.util.test.junit.AutoTests" name="[169] /home/travis/build/icyphy/ptII/ptolemy/actor/lib/test/auto/ExpressionConcatenateArrayType2.xml (RunModel)" time="0.022" />
  <testcase classname="ptolemy.util.test.junit.AutoTests" name="[170] /home/travis/build/icyphy/ptII/ptolemy/actor/lib/test/auto/ExpressionFix.xml (RunModel)" time="0.048" />
  <testcase classname="ptolemy.util.test.junit.AutoTests" name="[171] /home/travis/build/icyphy/ptII/ptolemy/actor/lib/test/auto/ExpressionFix2.xml (RunModel)" time="0.014" />
  <testcase classname="ptolemy.util.test.junit.AutoTests" name="[172] /home/travis/build/icyphy/ptII/ptolemy/actor/lib/test/auto/ExpressionFix3.xml (RunModel)" time="0.015" />
  <testcase classname="ptolemy.util.test.junit.AutoTests" name="[173] /home/travis/build/icyphy/ptII/ptolemy/actor/lib/test/auto/FileWriter1.xml (RunModel)" time="0.012" />
  <testcase classname="ptolemy.util.test.junit.AutoTests" name="[174] /home/travis/build/icyphy/ptII/ptolemy/actor/lib/test/auto/FileWriter2.xml (RunModel)" time="0.014" />
  <testcase classname="ptolemy.util.test.junit.AutoTests" name="[175] /home/travis/build/icyphy/ptII/ptolemy/actor/lib/test/auto/FileWriter3.xml (RunModel)" time="0.013" />
  <testcase classname="ptolemy.util.test.junit.AutoTests" name="[176] /home/travis/build/icyphy/ptII/ptolemy/actor/lib/test/auto/Gaussian.xml (RunModel)" time="0.016" />
  <testcase classname="ptolemy.util.test.junit.AutoTests" name="[177] /home/travis/build/icyphy/ptII/ptolemy/actor/lib/test/auto/Gaussian1.xml (RunModel)" time="0.021" />
  <testcase classname="ptolemy.util.test.junit.AutoTests" name="[178] /home/travis/build/icyphy/ptII/ptolemy/actor/lib/test/auto/Gaussian2.xml (RunModel)" time="0.026" />
  <testcase classname="ptolemy.util.test.junit.AutoTests" name="[179] /home/travis/build/icyphy/ptII/ptolemy/actor/lib/test/auto/GradientAdaptiveLattice.xml (RunModel)" time="0.02" />
  <testcase classname="ptolemy.util.test.junit.AutoTests" name="[180] /home/travis/build/icyphy/ptII/ptolemy/actor/lib/test/auto/IIR.xml (RunModel)" time="0.016" />
  <testcase classname="ptolemy.util.test.junit.AutoTests" name="[181] /home/travis/build/icyphy/ptII/ptolemy/actor/lib/test/auto/InputOutputTransparentPorts.xml (RunModel)" time="0.026" />
  <testcase classname="ptolemy.util.test.junit.AutoTests" name="[182] /home/travis/build/icyphy/ptII/ptolemy/actor/lib/test/auto/Interpolator.xml (RunModel)" time="0.013" />
  <testcase classname="ptolemy.util.test.junit.AutoTests" name="[183] /home/travis/build/icyphy/ptII/ptolemy/actor/lib/test/auto/InterpolatorFiringLimitDE.xml (RunModel)" time="0.015" />
  <testcase classname="ptolemy.util.test.junit.AutoTests" name="[184] /home/travis/build/icyphy/ptII/ptolemy/actor/lib/test/auto/Lattice.xml (RunModel)" time="0.011" />
  <testcase classname="ptolemy.util.test.junit.AutoTests" name="[185] /home/travis/build/icyphy/ptII/ptolemy/actor/lib/test/auto/LazyAOCTestLazy.xml (RunModel)" time="0.038" />
  <testcase classname="ptolemy.util.test.junit.AutoTests" name="[186] /home/travis/build/icyphy/ptII/ptolemy/actor/lib/test/auto/LazyAOCTestNonLazy.xml (RunModel)" time="0.054" />
  <testcase classname="ptolemy.util.test.junit.AutoTests" name="[187] /home/travis/build/icyphy/ptII/ptolemy/actor/lib/test/auto/LazyInnerClass.xml (RunModel)" time="0.052" />
  <testcase classname="ptolemy.util.test.junit.AutoTests" name="[188] /home/travis/build/icyphy/ptII/ptolemy/actor/lib/test/auto/LazyPubSub.xml (RunModel)" time="0.066" />
  <testcase classname="ptolemy.util.test.junit.AutoTests" name="[189] /home/travis/build/icyphy/ptII/ptolemy/actor/lib/test/auto/LazyPubSub2.xml (RunModel)" time="0.059" />
  <testcase classname="ptolemy.util.test.junit.AutoTests" name="[190] /home/travis/build/icyphy/ptII/ptolemy/actor/lib/test/auto/LazyPubSub3.xml (RunModel)" time="0.045" />
  <testcase classname="ptolemy.util.test.junit.AutoTests" name="[191] /home/travis/build/icyphy/ptII/ptolemy/actor/lib/test/auto/LazySubClassModel.xml (RunModel)" time="0.02" />
  <testcase classname="ptolemy.util.test.junit.AutoTests" name="[192] /home/travis/build/icyphy/ptII/ptolemy/actor/lib/test/auto/LevelCrossTest1.xml (RunModel)" time="0.011" />
  <testcase classname="ptolemy.util.test.junit.AutoTests" name="[193] /home/travis/build/icyphy/ptII/ptolemy/actor/lib/test/auto/LevelCrossTest10.xml (RunModel)" time="0.016" />
  <testcase classname="ptolemy.util.test.junit.AutoTests" name="[194] /home/travis/build/icyphy/ptII/ptolemy/actor/lib/test/auto/LevelCrossTest11.xml (RunModel)" time="0.02" />
  <testcase classname="ptolemy.util.test.junit.AutoTests" name="[195] /home/travis/build/icyphy/ptII/ptolemy/actor/lib/test/auto/LevelCrossTest12.xml (RunModel)" time="0.018" />
  <testcase classname="ptolemy.util.test.junit.AutoTests" name="[196] /home/travis/build/icyphy/ptII/ptolemy/actor/lib/test/auto/LevelCrossTest13.xml (RunModel)" time="0.018" />
  <testcase classname="ptolemy.util.test.junit.AutoTests" name="[197] /home/travis/build/icyphy/ptII/ptolemy/actor/lib/test/auto/LevelCrossTest2.xml (RunModel)" time="0.011" />
  <testcase classname="ptolemy.util.test.junit.AutoTests" name="[198] /home/travis/build/icyphy/ptII/ptolemy/actor/lib/test/auto/LevelCrossTest3.xml (RunModel)" time="0.012" />
  <testcase classname="ptolemy.util.test.junit.AutoTests" name="[199] /home/travis/build/icyphy/ptII/ptolemy/actor/lib/test/auto/LevelCrossTest4.xml (RunModel)" time="0.012" />
  <testcase classname="ptolemy.util.test.junit.AutoTests" name="[200] /home/travis/build/icyphy/ptII/ptolemy/actor/lib/test/auto/LevelCrossTest5.xml (RunModel)" time="0.022" />
  <testcase classname="ptolemy.util.test.junit.AutoTests" name="[201] /home/travis/build/icyphy/ptII/ptolemy/actor/lib/test/auto/LevelCrossTest6.xml (RunModel)" time="0.025" />
  <testcase classname="ptolemy.util.test.junit.AutoTests" name="[202] /home/travis/build/icyphy/ptII/ptolemy/actor/lib/test/auto/LevelCrossTest7.xml (RunModel)" time="0.024" />
  <testcase classname="ptolemy.util.test.junit.AutoTests" name="[203] /home/travis/build/icyphy/ptII/ptolemy/actor/lib/test/auto/LevelCrossTest8.xml (RunModel)" time="0.015" />
  <testcase classname="ptolemy.util.test.junit.AutoTests" name="[204] /home/travis/build/icyphy/ptII/ptolemy/actor/lib/test/auto/LevelCrossTest9.xml (RunModel)" time="0.016" />
  <testcase classname="ptolemy.util.test.junit.AutoTests" name="[205] /home/travis/build/icyphy/ptII/ptolemy/actor/lib/test/auto/LevinsonDurbin.xml (RunModel)" time="0.011" />
  <testcase classname="ptolemy.util.test.junit.AutoTests" name="[206] /home/travis/build/icyphy/ptII/ptolemy/actor/lib/test/auto/LevinsonDurbin2.xml (RunModel)" time="0.013" />
  <testcase classname="ptolemy.util.test.junit.AutoTests" name="[207] /home/travis/build/icyphy/ptII/ptolemy/actor/lib/test/auto/LevinsonDurbin3.xml (RunModel)" time="0.015" />
  <testcase classname="ptolemy.util.test.junit.AutoTests" name="[208] /home/travis/build/icyphy/ptII/ptolemy/actor/lib/test/auto/Limiter.xml (RunModel)" time="0.045" />
  <testcase classname="ptolemy.util.test.junit.AutoTests" name="[209] /home/travis/build/icyphy/ptII/ptolemy/actor/lib/test/auto/LinearDifferenceEquationSystem.xml (RunModel)" time="0.024" />
  <testcase classname="ptolemy.util.test.junit.AutoTests" name="[210] /home/travis/build/icyphy/ptII/ptolemy/actor/lib/test/auto/LookupTable.xml (RunModel)" time="0.012" />
  <testcase classname="ptolemy.util.test.junit.AutoTests" name="[211] /home/travis/build/icyphy/ptII/ptolemy/actor/lib/test/auto/MathFunction.xml (RunModel)" time="0.024" />
  <testcase classname="ptolemy.util.test.junit.AutoTests" name="[212] /home/travis/build/icyphy/ptII/ptolemy/actor/lib/test/auto/MathFunction2.xml (RunModel)" time="0.012" />
  <testcase classname="ptolemy.util.test.junit.AutoTests" name="[213] /home/travis/build/icyphy/ptII/ptolemy/actor/lib/test/auto/MathFunction3.xml (RunModel)" time="0.023" />
  <testcase classname="ptolemy.util.test.junit.AutoTests" name="[214] /home/travis/build/icyphy/ptII/ptolemy/actor/lib/test/auto/MatrixCropBoolean.xml (RunModel)" time="0.016" />
  <testcase classname="ptolemy.util.test.junit.AutoTests" name="[215] /home/travis/build/icyphy/ptII/ptolemy/actor/lib/test/auto/MatrixCropComplex.xml (RunModel)" time="0.013" />
  <testcase classname="ptolemy.util.test.junit.AutoTests" name="[216] /home/travis/build/icyphy/ptII/ptolemy/actor/lib/test/auto/MatrixCropDouble.xml (RunModel)" time="0.013" />
  <testcase classname="ptolemy.util.test.junit.AutoTests" name="[217] /home/travis/build/icyphy/ptII/ptolemy/actor/lib/test/auto/MatrixCropFix.xml (RunModel)" time="0.016" />
  <testcase classname="ptolemy.util.test.junit.AutoTests" name="[218] /home/travis/build/icyphy/ptII/ptolemy/actor/lib/test/auto/MatrixCropInt.xml (RunModel)" time="0.013" />
  <testcase classname="ptolemy.util.test.junit.AutoTests" name="[219] /home/travis/build/icyphy/ptII/ptolemy/actor/lib/test/auto/MatrixCropLong.xml (RunModel)" time="0.012" />
  <testcase classname="ptolemy.util.test.junit.AutoTests" name="[220] /home/travis/build/icyphy/ptII/ptolemy/actor/lib/test/auto/MatrixToArray.xml (RunModel)" time="0.07" />
  <testcase classname="ptolemy.util.test.junit.AutoTests" name="[221] /home/travis/build/icyphy/ptII/ptolemy/actor/lib/test/auto/MaxIndex.xml (RunModel)" time="0.013" />
  <testcase classname="ptolemy.util.test.junit.AutoTests" name="[222] /home/travis/build/icyphy/ptII/ptolemy/actor/lib/test/auto/Maximum.xml (RunModel)" time="0.014" />
  <testcase classname="ptolemy.util.test.junit.AutoTests" name="[223] /home/travis/build/icyphy/ptII/ptolemy/actor/lib/test/auto/MaximumComplex.xml (RunModel)" time="0.016" />
  <testcase classname="ptolemy.util.test.junit.AutoTests" name="[224] /home/travis/build/icyphy/ptII/ptolemy/actor/lib/test/auto/MethodCallTest.xml (RunModel)" time="0.033" />
  <testcase classname="ptolemy.util.test.junit.AutoTests" name="[225] /home/travis/build/icyphy/ptII/ptolemy/actor/lib/test/auto/Minimum.xml (RunModel)" time="0.014" />
  <testcase classname="ptolemy.util.test.junit.AutoTests" name="[226] /home/travis/build/icyphy/ptII/ptolemy/actor/lib/test/auto/MinimumComplex.xml (RunModel)" time="0.026" />
  <testcase classname="ptolemy.util.test.junit.AutoTests" name="[227] /home/travis/build/icyphy/ptII/ptolemy/actor/lib/test/auto/MinimumMultiports.xml (RunModel)" time="0.026" />
  <testcase classname="ptolemy.util.test.junit.AutoTests" name="[228] /home/travis/build/icyphy/ptII/ptolemy/actor/lib/test/auto/ModifyDate.xml (RunModel)" time="0.057" />
  <testcase classname="ptolemy.util.test.junit.AutoTests" name="[229] /home/travis/build/icyphy/ptII/ptolemy/actor/lib/test/auto/ModifyDate2.xml (RunModel)" time="0.034" />
  <testcase classname="ptolemy.util.test.junit.AutoTests" name="[230] /home/travis/build/icyphy/ptII/ptolemy/actor/lib/test/auto/MovingAverage.xml (RunModel)" time="0.029" />
  <testcase classname="ptolemy.util.test.junit.AutoTests" name="[231] /home/travis/build/icyphy/ptII/ptolemy/actor/lib/test/auto/MovingMaximum.xml (RunModel)" time="0.022" />
  <testcase classname="ptolemy.util.test.junit.AutoTests" name="[232] /home/travis/build/icyphy/ptII/ptolemy/actor/lib/test/auto/MultipleLinksToSameRelation.xml (RunModel)" time="0.009" />
  <testcase classname="ptolemy.util.test.junit.AutoTests" name="[233] /home/travis/build/icyphy/ptII/ptolemy/actor/lib/test/auto/MultipleLinksToSameRelationDE.xml (RunModel)" time="0.009" />
  <testcase classname="ptolemy.util.test.junit.AutoTests" name="[234] /home/travis/build/icyphy/ptII/ptolemy/actor/lib/test/auto/Multiplexor.xml (RunModel)" time="0.013" />
  <testcase classname="ptolemy.util.test.junit.AutoTests" name="[235] /home/travis/build/icyphy/ptII/ptolemy/actor/lib/test/auto/Multiplexor1.xml (RunModel)" time="0.021" />
  <testcase classname="ptolemy.util.test.junit.AutoTests" name="[236] /home/travis/build/icyphy/ptII/ptolemy/actor/lib/test/auto/Multiplexor2.xml (RunModel)" time="0.015" />
  <testcase classname="ptolemy.util.test.junit.AutoTests" name="[237] /home/travis/build/icyphy/ptII/ptolemy/actor/lib/test/auto/Multiplexor3.xml (RunModel)" time="0.01" />
  <testcase classname="ptolemy.util.test.junit.AutoTests" name="[238] /home/travis/build/icyphy/ptII/ptolemy/actor/lib/test/auto/MultiplexorDE.xml (RunModel)" time="0.019" />
  <testcase classname="ptolemy.util.test.junit.AutoTests" name="[239] /home/travis/build/icyphy/ptII/ptolemy/actor/lib/test/auto/MultiportBroadcastTest.xml (RunModel)" time="0.108" />
  <testcase classname="ptolemy.util.test.junit.AutoTests" name="[240] /home/travis/build/icyphy/ptII/ptolemy/actor/lib/test/auto/MultiportOutHangDuringGetWidth.xml (RunModel)" time="0.034" />
  <testcase classname="ptolemy.util.test.junit.AutoTests" name="[241] /home/travis/build/icyphy/ptII/ptolemy/actor/lib/test/auto/NilToken.xml (RunModel)" time="0.013" />
  <testcase classname="ptolemy.util.test.junit.AutoTests" name="[242] /home/travis/build/icyphy/ptII/ptolemy/actor/lib/test/auto/NilTokenNonStrictTest.xml (RunModel)" time="0.011" />
  <testcase classname="ptolemy.util.test.junit.AutoTests" name="[243] /home/travis/build/icyphy/ptII/ptolemy/actor/lib/test/auto/NilTokenRecord.xml (RunModel)" time="0.028" />
  <testcase classname="ptolemy.util.test.junit.AutoTests" name="[244] /home/travis/build/icyphy/ptII/ptolemy/actor/lib/test/auto/NilTokenTypeTest.xml (RunModel)" time="0.039" />
  <testcase classname="ptolemy.util.test.junit.AutoTests" name="[245] /home/travis/build/icyphy/ptII/ptolemy/actor/lib/test/auto/ObjectToken1.xml (RunModel)" time="0.016" />
  <testcase classname="ptolemy.util.test.junit.AutoTests" name="[246] /home/travis/build/icyphy/ptII/ptolemy/actor/lib/test/auto/OrderedMerge.xml (RunModel)" time="0.017" />
  <testcase classname="ptolemy.util.test.junit.AutoTests" name="[247] /home/travis/build/icyphy/ptII/ptolemy/actor/lib/test/auto/OrderedRecordDisassembler.xml (RunModel)" time="0.021" />
  <testcase classname="ptolemy.util.test.junit.AutoTests" name="[248] /home/travis/build/icyphy/ptII/ptolemy/actor/lib/test/auto/OrderedRecordDisassembler2.xml (RunModel)" time="0.021" />
  <testcase classname="ptolemy.util.test.junit.AutoTests" name="[249] /home/travis/build/icyphy/ptII/ptolemy/actor/lib/test/auto/OrderedRecordUpdater.xml (RunModel)" time="0.011" />
  <testcase classname="ptolemy.util.test.junit.AutoTests" name="[250] /home/travis/build/icyphy/ptII/ptolemy/actor/lib/test/auto/OrderedRecordUpdater2.xml (RunModel)" time="0.022" />
  <testcase classname="ptolemy.util.test.junit.AutoTests" name="[251] /home/travis/build/icyphy/ptII/ptolemy/actor/lib/test/auto/PhaseUnwrap.xml (RunModel)" time="0.014" />
  <testcase classname="ptolemy.util.test.junit.AutoTests" name="[252] /home/travis/build/icyphy/ptII/ptolemy/actor/lib/test/auto/PoissonClock.xml (RunModel)" time="0.012" />
  <testcase classname="ptolemy.util.test.junit.AutoTests" name="[253] /home/travis/build/icyphy/ptII/ptolemy/actor/lib/test/auto/PoissonClock2.xml (RunModel)" time="0.01" />
  <testcase classname="ptolemy.util.test.junit.AutoTests" name="[254] /home/travis/build/icyphy/ptII/ptolemy/actor/lib/test/auto/PoissonClock3.xml (RunModel)" time="0.03" />
  <testcase classname="ptolemy.util.test.junit.AutoTests" name="[255] /home/travis/build/icyphy/ptII/ptolemy/actor/lib/test/auto/PubSubWithInitialTokens.xml (RunModel)" time="0.014" />
  <testcase classname="ptolemy.util.test.junit.AutoTests" name="[256] /home/travis/build/icyphy/ptII/ptolemy/actor/lib/test/auto/PubSubWithInitialTokens2.xml (RunModel)" time="0.013" />
  <testcase classname="ptolemy.util.test.junit.AutoTests" name="[257] /home/travis/build/icyphy/ptII/ptolemy/actor/lib/test/auto/PublisherClassNoParameter.xml (RunModel)" time="0.03" />
  <testcase classname="ptolemy.util.test.junit.AutoTests" name="[258] /home/travis/build/icyphy/ptII/ptolemy/actor/lib/test/auto/PublisherClassParameter.xml (RunModel)" time="0.022" />
  <testcase classname="ptolemy.util.test.junit.AutoTests" name="[259] /home/travis/build/icyphy/ptII/ptolemy/actor/lib/test/auto/PublisherNonStrictTest.xml (RunModel)" time="0.021" />
  <testcase classname="ptolemy.util.test.junit.AutoTests" name="[260] /home/travis/build/icyphy/ptII/ptolemy/actor/lib/test/auto/PublisherPort1.xml (RunModel)" time="0.012" />
  <testcase classname="ptolemy.util.test.junit.AutoTests" name="[261] /home/travis/build/icyphy/ptII/ptolemy/actor/lib/test/auto/PublisherPort2.xml (RunModel)" time="0.01" />
  <testcase classname="ptolemy.util.test.junit.AutoTests" name="[262] /home/travis/build/icyphy/ptII/ptolemy/actor/lib/test/auto/PublisherPort3.xml (RunModel)" time="0.022" />
  <testcase classname="ptolemy.util.test.junit.AutoTests" name="[263] /home/travis/build/icyphy/ptII/ptolemy/actor/lib/test/auto/PublisherPort4.xml (RunModel)" time="0.016" />
  <testcase classname="ptolemy.util.test.junit.AutoTests" name="[264] /home/travis/build/icyphy/ptII/ptolemy/actor/lib/test/auto/PublisherPort5.xml (RunModel)" time="0.014" />
  <testcase classname="ptolemy.util.test.junit.AutoTests" name="[265] /home/travis/build/icyphy/ptII/ptolemy/actor/lib/test/auto/PublisherPort5LookAlike.xml (RunModel)" time="0.02" />
  <testcase classname="ptolemy.util.test.junit.AutoTests" name="[266] /home/travis/build/icyphy/ptII/ptolemy/actor/lib/test/auto/PublisherPort6.xml (RunModel)" time="0.012" />
  <testcase classname="ptolemy.util.test.junit.AutoTests" name="[267] /home/travis/build/icyphy/ptII/ptolemy/actor/lib/test/auto/PublisherPort7.xml (RunModel)" time="0.015" />
  <testcase classname="ptolemy.util.test.junit.AutoTests" name="[268] /home/travis/build/icyphy/ptII/ptolemy/actor/lib/test/auto/PublisherPort8.xml (RunModel)" time="0.017" />
  <testcase classname="ptolemy.util.test.junit.AutoTests" name="[269] /home/travis/build/icyphy/ptII/ptolemy/actor/lib/test/auto/PublisherPortSubscriberChannelVariablesAOC2.xml (RunModel)" time="0.047" />
  <testcase classname="ptolemy.util.test.junit.AutoTests" name="[270] /home/travis/build/icyphy/ptII/ptolemy/actor/lib/test/auto/PublisherPortSubscriberOpaqueWidthInference.xml (RunModel)" time="0.017" />
  <testcase classname="ptolemy.util.test.junit.AutoTests" name="[271] /home/travis/build/icyphy/ptII/ptolemy/actor/lib/test/auto/PublisherPortSubscriberPortAdjacent.xml (RunModel)" time="0.041" />
  <testcase classname="ptolemy.util.test.junit.AutoTests" name="[272] /home/travis/build/icyphy/ptII/ptolemy/actor/lib/test/auto/PublisherPortSubscriberPortExpression.xml (RunModel)" time="0.022" />
  <testcase classname="ptolemy.util.test.junit.AutoTests" name="[273] /home/travis/build/icyphy/ptII/ptolemy/actor/lib/test/auto/PublisherPortSubscriberPortOpaqueD3Reverse.xml (RunModel)" time="0.025" />
  <testcase classname="ptolemy.util.test.junit.AutoTests" name="[274] /home/travis/build/icyphy/ptII/ptolemy/actor/lib/test/auto/PublisherPortSubscriberPortOpaqueWidthInference.xml (RunModel)" time="0.016" />
  <testcase classname="ptolemy.util.test.junit.AutoTests" name="[275] /home/travis/build/icyphy/ptII/ptolemy/actor/lib/test/auto/PublisherPortToplevelSubscriberPortAOC.xml (RunModel)" time="0.011" />
  <testcase classname="ptolemy.util.test.junit.AutoTests" name="[276] /home/travis/build/icyphy/ptII/ptolemy/actor/lib/test/auto/PublisherSubscriber.xml (RunModel)" time="0.013" />
  <testcase classname="ptolemy.util.test.junit.AutoTests" name="[277] /home/travis/build/icyphy/ptII/ptolemy/actor/lib/test/auto/PublisherSubscriber10.xml (RunModel)" time="0.034" />
  <testcase classname="ptolemy.util.test.junit.AutoTests" name="[278] /home/travis/build/icyphy/ptII/ptolemy/actor/lib/test/auto/PublisherSubscriber10InitialOutputs.xml (RunModel)" time="0.03" />
  <testcase classname="ptolemy.util.test.junit.AutoTests" name="[279] /home/travis/build/icyphy/ptII/ptolemy/actor/lib/test/auto/PublisherSubscriber11.xml (RunModel)" time="0.02" />
  <testcase classname="ptolemy.util.test.junit.AutoTests" name="[280] /home/travis/build/icyphy/ptII/ptolemy/actor/lib/test/auto/PublisherSubscriber12.xml (RunModel)" time="0.023" />
  <testcase classname="ptolemy.util.test.junit.AutoTests" name="[281] /home/travis/build/icyphy/ptII/ptolemy/actor/lib/test/auto/PublisherSubscriber13.xml (RunModel)" time="0.011" />
  <testcase classname="ptolemy.util.test.junit.AutoTests" name="[282] /home/travis/build/icyphy/ptII/ptolemy/actor/lib/test/auto/PublisherSubscriber14.xml (RunModel)" time="0.02" />
  <testcase classname="ptolemy.util.test.junit.AutoTests" name="[283] /home/travis/build/icyphy/ptII/ptolemy/actor/lib/test/auto/PublisherSubscriber2.xml (RunModel)" time="0.012" />
  <testcase classname="ptolemy.util.test.junit.AutoTests" name="[284] /home/travis/build/icyphy/ptII/ptolemy/actor/lib/test/auto/PublisherSubscriber3.xml (RunModel)" time="0.01" />
  <testcase classname="ptolemy.util.test.junit.AutoTests" name="[285] /home/travis/build/icyphy/ptII/ptolemy/actor/lib/test/auto/PublisherSubscriber4.xml (RunModel)" time="0.011" />
  <testcase classname="ptolemy.util.test.junit.AutoTests" name="[286] /home/travis/build/icyphy/ptII/ptolemy/actor/lib/test/auto/PublisherSubscriber5.xml (RunModel)" time="0.014" />
  <testcase classname="ptolemy.util.test.junit.AutoTests" name="[287] /home/travis/build/icyphy/ptII/ptolemy/actor/lib/test/auto/PublisherSubscriber6.xml (RunModel)" time="0.015" />
  <testcase classname="ptolemy.util.test.junit.AutoTests" name="[288] /home/travis/build/icyphy/ptII/ptolemy/actor/lib/test/auto/PublisherSubscriber7.xml (RunModel)" time="0.018" />
  <testcase classname="ptolemy.util.test.junit.AutoTests" name="[289] /home/travis/build/icyphy/ptII/ptolemy/actor/lib/test/auto/PublisherSubscriber8.xml (RunModel)" time="0.038" />
  <testcase classname="ptolemy.util.test.junit.AutoTests" name="[290] /home/travis/build/icyphy/ptII/ptolemy/actor/lib/test/auto/PublisherSubscriber9.xml (RunModel)" time="0.019" />
  <testcase classname="ptolemy.util.test.junit.AutoTests" name="[291] /home/travis/build/icyphy/ptII/ptolemy/actor/lib/test/auto/PublisherSubscriberAdjacent.xml (RunModel)" time="0.016" />
  <testcase classname="ptolemy.util.test.junit.AutoTests" name="[292] /home/travis/build/icyphy/ptII/ptolemy/actor/lib/test/auto/PublisherSubscriberChannelVariablesAOC2.xml (RunModel)" time="0.03" />
  <testcase classname="ptolemy.util.test.junit.AutoTests" name="[293] /home/travis/build/icyphy/ptII/ptolemy/actor/lib/test/auto/PublisherSubscriberD3.xml (RunModel)" time="0.015" />
  <testcase classname="ptolemy.util.test.junit.AutoTests" name="[294] /home/travis/build/icyphy/ptII/ptolemy/actor/lib/test/auto/PublisherSubscriberD3Reverse.xml (RunModel)" time="0.014" />
  <testcase classname="ptolemy.util.test.junit.AutoTests" name="[295] /home/travis/build/icyphy/ptII/ptolemy/actor/lib/test/auto/PublisherSubscriberExpression.xml (RunModel)" time="0.02" />
  <testcase classname="ptolemy.util.test.junit.AutoTests" name="[296] /home/travis/build/icyphy/ptII/ptolemy/actor/lib/test/auto/PublisherSubscriberOpaque.xml (RunModel)" time="0.034" />
  <testcase classname="ptolemy.util.test.junit.AutoTests" name="[297] /home/travis/build/icyphy/ptII/ptolemy/actor/lib/test/auto/PublisherSubscriberOpaqueD3.xml (RunModel)" time="0.023" />
  <testcase classname="ptolemy.util.test.junit.AutoTests" name="[298] /home/travis/build/icyphy/ptII/ptolemy/actor/lib/test/auto/PublisherSubscriberOpaqueD3Reverse.xml (RunModel)" time="0.022" />
  <testcase classname="ptolemy.util.test.junit.AutoTests" name="[299] /home/travis/build/icyphy/ptII/ptolemy/actor/lib/test/auto/PublisherSubscriberOpaqueWidthInference.xml (RunModel)" time="0.016" />
  <testcase classname="ptolemy.util.test.junit.AutoTests" name="[300] /home/travis/build/icyphy/ptII/ptolemy/actor/lib/test/auto/PublisherTestSubscriber.xml (RunModel)" time="0.014" />
  <testcase classname="ptolemy.util.test.junit.AutoTests" name="[301] /home/travis/build/icyphy/ptII/ptolemy/actor/lib/test/auto/PublisherToplevelSubscriberPortAOC.xml (RunModel)" time="0.01" />
  <testcase classname="ptolemy.util.test.junit.AutoTests" name="[302] /home/travis/build/icyphy/ptII/ptolemy/actor/lib/test/auto/PulseFiringLimitDE.xml (RunModel)" time="0.014" />
  <testcase classname="ptolemy.util.test.junit.AutoTests" name="[303] /home/travis/build/icyphy/ptII/ptolemy/actor/lib/test/auto/Ramp1.xml (RunModel)" time="0.007" />
  <testcase classname="ptolemy.util.test.junit.AutoTests" name="[304] /home/travis/build/icyphy/ptII/ptolemy/actor/lib/test/auto/RampFiringLimitDE.xml (RunModel)" time="0.011" />
  <testcase classname="ptolemy.util.test.junit.AutoTests" name="[305] /home/travis/build/icyphy/ptII/ptolemy/actor/lib/test/auto/RampFiringLimitSDF.xml (RunModel)" time="0.01" />
  <testcase classname="ptolemy.util.test.junit.AutoTests" name="[306] /home/travis/build/icyphy/ptII/ptolemy/actor/lib/test/auto/RandomInteger.xml (RunModel)" time="0.021" />
  <testcase classname="ptolemy.util.test.junit.AutoTests" name="[307] /home/travis/build/icyphy/ptII/ptolemy/actor/lib/test/auto/ReadFile1.xml (RunModel)" time="0.007" />
  <testcase classname="ptolemy.util.test.junit.AutoTests" name="[308] /home/travis/build/icyphy/ptII/ptolemy/actor/lib/test/auto/ReadFile2.xml (RunModel)" time="0.007" />
  <testcase classname="ptolemy.util.test.junit.AutoTests" name="[309] /home/travis/build/icyphy/ptII/ptolemy/actor/lib/test/auto/Reader.xml (RunModel)" time="0.017" />
  <testcase classname="ptolemy.util.test.junit.AutoTests" name="[310] /home/travis/build/icyphy/ptII/ptolemy/actor/lib/test/auto/RecordAssemblerDisplayNameTest.xml (RunModel)" time="3.969" />
  <testcase classname="ptolemy.util.test.junit.AutoTests" name="[311] /home/travis/build/icyphy/ptII/ptolemy/actor/lib/test/auto/RecordAssemblerTypeError.xml (RunModel)" time="0.029" />
  <testcase classname="ptolemy.util.test.junit.AutoTests" name="[312] /home/travis/build/icyphy/ptII/ptolemy/actor/lib/test/auto/RecordDisassember.xml (RunModel)" time="0.014" />
  <testcase classname="ptolemy.util.test.junit.AutoTests" name="[313] /home/travis/build/icyphy/ptII/ptolemy/actor/lib/test/auto/RecordDisassemberDisplayNameTest.xml (RunModel)" time="0.025" />
  <testcase classname="ptolemy.util.test.junit.AutoTests" name="[314] /home/travis/build/icyphy/ptII/ptolemy/actor/lib/test/auto/RecordDisassembler.xml (RunModel)" time="0.017" />
  <testcase classname="ptolemy.util.test.junit.AutoTests" name="[315] /home/travis/build/icyphy/ptII/ptolemy/actor/lib/test/auto/RecordDisassembler2.xml (RunModel)" time="0.012" />
  <testcase classname="ptolemy.util.test.junit.AutoTests" name="[316] /home/travis/build/icyphy/ptII/ptolemy/actor/lib/test/auto/RecordUpdater.xml (RunModel)" time="0.01" />
  <testcase classname="ptolemy.util.test.junit.AutoTests" name="[317] /home/travis/build/icyphy/ptII/ptolemy/actor/lib/test/auto/RecordUpdater2.xml (RunModel)" time="0.009" />
  <testcase classname="ptolemy.util.test.junit.AutoTests" name="[318] /home/travis/build/icyphy/ptII/ptolemy/actor/lib/test/auto/RecursiveLattice.xml (RunModel)" time="0.009" />
  <testcase classname="ptolemy.util.test.junit.AutoTests" name="[319] /home/travis/build/icyphy/ptII/ptolemy/actor/lib/test/auto/Router.xml (RunModel)" time="3.029" />
  <testcase classname="ptolemy.util.test.junit.AutoTests" name="[320] /home/travis/build/icyphy/ptII/ptolemy/actor/lib/test/auto/Router2.xml (RunModel)" time="3.026" />
  <testcase classname="ptolemy.util.test.junit.AutoTests" name="[321] /home/travis/build/icyphy/ptII/ptolemy/actor/lib/test/auto/RunningMaximum.xml (RunModel)" time="0.02" />
  <testcase classname="ptolemy.util.test.junit.AutoTests" name="[322] /home/travis/build/icyphy/ptII/ptolemy/actor/lib/test/auto/RunningMinimum.xml (RunModel)" time="0.018" />
  <testcase classname="ptolemy.util.test.junit.AutoTests" name="[323] /home/travis/build/icyphy/ptII/ptolemy/actor/lib/test/auto/Scale.xml (RunModel)" time="0.008" />
  <testcase classname="ptolemy.util.test.junit.AutoTests" name="[324] /home/travis/build/icyphy/ptII/ptolemy/actor/lib/test/auto/Scale2.xml (RunModel)" time="0.011" />
  <testcase classname="ptolemy.util.test.junit.AutoTests" name="[325] /home/travis/build/icyphy/ptII/ptolemy/actor/lib/test/auto/Scale3.xml (RunModel)" time="0.019" />
  <testcase classname="ptolemy.util.test.junit.AutoTests" name="[326] /home/travis/build/icyphy/ptII/ptolemy/actor/lib/test/auto/ScaleArray.xml (RunModel)" time="0.008" />
  <testcase classname="ptolemy.util.test.junit.AutoTests" name="[327] /home/travis/build/icyphy/ptII/ptolemy/actor/lib/test/auto/ScaleArray2.xml (RunModel)" time="0.009" />
  <testcase classname="ptolemy.util.test.junit.AutoTests" name="[328] /home/travis/build/icyphy/ptII/ptolemy/actor/lib/test/auto/ScaleMatrix.xml (RunModel)" time="0.194" />
  <testcase classname="ptolemy.util.test.junit.AutoTests" name="[329] /home/travis/build/icyphy/ptII/ptolemy/actor/lib/test/auto/Select.xml (RunModel)" time="0.021" />
  <testcase classname="ptolemy.util.test.junit.AutoTests" name="[330] /home/travis/build/icyphy/ptII/ptolemy/actor/lib/test/auto/Select2.xml (RunModel)" time="0.008" />
  <testcase classname="ptolemy.util.test.junit.AutoTests" name="[331] /home/travis/build/icyphy/ptII/ptolemy/actor/lib/test/auto/SequenceToArray2.xml (RunModel)" time="0.13" />
  <testcase classname="ptolemy.util.test.junit.AutoTests" name="[332] /home/travis/build/icyphy/ptII/ptolemy/actor/lib/test/auto/SequentialClock.xml (RunModel)" time="0.012" />
  <testcase classname="ptolemy.util.test.junit.AutoTests" name="[333] /home/travis/build/icyphy/ptII/ptolemy/actor/lib/test/auto/SetVariable.xml (RunModel)" time="0.011" />
  <testcase classname="ptolemy.util.test.junit.AutoTests" name="[334] /home/travis/build/icyphy/ptII/ptolemy/actor/lib/test/auto/SetVariable2.xml (RunModel)" time="0.013" />
  <testcase classname="ptolemy.util.test.junit.AutoTests" name="[335] /home/travis/build/icyphy/ptII/ptolemy/actor/lib/test/auto/SetVariable3.xml (RunModel)" time="0.018" />
  <testcase classname="ptolemy.util.test.junit.AutoTests" name="[336] /home/travis/build/icyphy/ptII/ptolemy/actor/lib/test/auto/SetVariable4.xml (RunModel)" time="0.028" />
  <testcase classname="ptolemy.util.test.junit.AutoTests" name="[337] /home/travis/build/icyphy/ptII/ptolemy/actor/lib/test/auto/SetVariable5.xml (RunModel)" time="0.039" />
  <testcase classname="ptolemy.util.test.junit.AutoTests" name="[338] /home/travis/build/icyphy/ptII/ptolemy/actor/lib/test/auto/Sinewave.xml (RunModel)" time="0.028" />
  <testcase classname="ptolemy.util.test.junit.AutoTests" name="[339] /home/travis/build/icyphy/ptII/ptolemy/actor/lib/test/auto/Sinewave2.xml (RunModel)" time="0.021" />
  <testcase classname="ptolemy.util.test.junit.AutoTests" name="[340] /home/travis/build/icyphy/ptII/ptolemy/actor/lib/test/auto/Sinewave3.xml (RunModel)" time="0.026" />
  <testcase classname="ptolemy.util.test.junit.AutoTests" name="[341] /home/travis/build/icyphy/ptII/ptolemy/actor/lib/test/auto/SingleEvent.xml (RunModel)" time="0.009" />
  <testcase classname="ptolemy.util.test.junit.AutoTests" name="[342] /home/travis/build/icyphy/ptII/ptolemy/actor/lib/test/auto/Sleep.xml (RunModel)" time="6.024" />
  <testcase classname="ptolemy.util.test.junit.AutoTests" name="[343] /home/travis/build/icyphy/ptII/ptolemy/actor/lib/test/auto/SleepMultipleFire.xml (RunModel)" time="1.016" />
  <testcase classname="ptolemy.util.test.junit.AutoTests" name="[344] /home/travis/build/icyphy/ptII/ptolemy/actor/lib/test/auto/StopDE.xml (RunModel)" time="0.017" />
  <testcase classname="ptolemy.util.test.junit.AutoTests" name="[345] /home/travis/build/icyphy/ptII/ptolemy/actor/lib/test/auto/StopSDF.xml (RunModel)" time="0.013" />
  <testcase classname="ptolemy.util.test.junit.AutoTests" name="[346] /home/travis/build/icyphy/ptII/ptolemy/actor/lib/test/auto/StringConstant.xml (RunModel)" time="0.017" />
  <testcase classname="ptolemy.util.test.junit.AutoTests" name="[347] /home/travis/build/icyphy/ptII/ptolemy/actor/lib/test/auto/SubscriberPortInitialValues1.xml (RunModel)" time="0.024" />
  <testcase classname="ptolemy.util.test.junit.AutoTests" name="[348] /home/travis/build/icyphy/ptII/ptolemy/actor/lib/test/auto/SubscriberPortInitialValues13.xml (RunModel)" time="0.029" />
  <testcase classname="ptolemy.util.test.junit.AutoTests" name="[349] /home/travis/build/icyphy/ptII/ptolemy/actor/lib/test/auto/SubscriberPortInitialValues14.xml (RunModel)" time="0.02" />
  <testcase classname="ptolemy.util.test.junit.AutoTests" name="[350] /home/travis/build/icyphy/ptII/ptolemy/actor/lib/test/auto/SubscriberPortInitialValues2.xml (RunModel)" time="0.017" />
  <testcase classname="ptolemy.util.test.junit.AutoTests" name="[351] /home/travis/build/icyphy/ptII/ptolemy/actor/lib/test/auto/SubscriberPortInitialValues3.xml (RunModel)" time="0.021" />
  <testcase classname="ptolemy.util.test.junit.AutoTests" name="[352] /home/travis/build/icyphy/ptII/ptolemy/actor/lib/test/auto/SubscriptionAggregator.xml (RunModel)" time="0.012" />
  <testcase classname="ptolemy.util.test.junit.AutoTests" name="[353] /home/travis/build/icyphy/ptII/ptolemy/actor/lib/test/auto/SubscriptionAggregator2.xml (RunModel)" time="0.013" />
  <testcase classname="ptolemy.util.test.junit.AutoTests" name="[354] /home/travis/build/icyphy/ptII/ptolemy/actor/lib/test/auto/SubscriptionAggregator3.xml (RunModel)" time="0.018" />
  <testcase classname="ptolemy.util.test.junit.AutoTests" name="[355] /home/travis/build/icyphy/ptII/ptolemy/actor/lib/test/auto/SubscriptionAggregatorMultiply.xml (RunModel)" time="0.015" />
  <testcase classname="ptolemy.util.test.junit.AutoTests" name="[356] /home/travis/build/icyphy/ptII/ptolemy/actor/lib/test/auto/SubscriptionAggregatorPortMultiply1.xml (RunModel)" time="0.014" />
  <testcase classname="ptolemy.util.test.junit.AutoTests" name="[357] /home/travis/build/icyphy/ptII/ptolemy/actor/lib/test/auto/Switch.xml (RunModel)" time="0.019" />
  <testcase classname="ptolemy.util.test.junit.AutoTests" name="[358] /home/travis/build/icyphy/ptII/ptolemy/actor/lib/test/auto/Switch2.xml (RunModel)" time="0.011" />
  <testcase classname="ptolemy.util.test.junit.AutoTests" name="[359] /home/travis/build/icyphy/ptII/ptolemy/actor/lib/test/auto/SwitchDE.xml (RunModel)" time="0.014" />
  <testcase classname="ptolemy.util.test.junit.AutoTests" name="[360] /home/travis/build/icyphy/ptII/ptolemy/actor/lib/test/auto/SynchronizerDE.xml (RunModel)" time="0.022" />
  <testcase classname="ptolemy.util.test.junit.AutoTests" name="[361] /home/travis/build/icyphy/ptII/ptolemy/actor/lib/test/auto/Test.xml (RunModel)" time="0.011" />
  <testcase classname="ptolemy.util.test.junit.AutoTests" name="[362] /home/travis/build/icyphy/ptII/ptolemy/actor/lib/test/auto/TestExceptionAttribute1.xml (RunModel)" time="0.01" />
  <testcase classname="ptolemy.util.test.junit.AutoTests" name="[363] /home/travis/build/icyphy/ptII/ptolemy/actor/lib/test/auto/TestExceptionAttribute2.xml (RunModel)" time="0.007" />
  <testcase classname="ptolemy.util.test.junit.AutoTests" name="[364] /home/travis/build/icyphy/ptII/ptolemy/actor/lib/test/auto/TestExceptionAttribute3.xml (RunModel)" time="0.006" />
  <testcase classname="ptolemy.util.test.junit.AutoTests" name="[365] /home/travis/build/icyphy/ptII/ptolemy/actor/lib/test/auto/TestExceptionAttribute4.xml (RunModel)" time="0.008" />
  <testcase classname="ptolemy.util.test.junit.AutoTests" name="[366] /home/travis/build/icyphy/ptII/ptolemy/actor/lib/test/auto/TestExceptionHandler1.xml (RunModel)" time="0.011" />
  <testcase classname="ptolemy.util.test.junit.AutoTests" name="[367] /home/travis/build/icyphy/ptII/ptolemy/actor/lib/test/auto/TestExceptionHandler2.xml (RunModel)" time="0.018" />
  <testcase classname="ptolemy.util.test.junit.AutoTests" name="[368] /home/travis/build/icyphy/ptII/ptolemy/actor/lib/test/auto/TestExceptionHandler3.xml (RunModel)" time="0.006" />
  <testcase classname="ptolemy.util.test.junit.AutoTests" name="[369] /home/travis/build/icyphy/ptII/ptolemy/actor/lib/test/auto/TestExceptionHandler4.xml (RunModel)" time="0.006" />
  <testcase classname="ptolemy.util.test.junit.AutoTests" name="[370] /home/travis/build/icyphy/ptII/ptolemy/actor/lib/test/auto/TestRequireCorrectOrder.xml (RunModel)" time="0.009" />
  <testcase classname="ptolemy.util.test.junit.AutoTests" name="[371] /home/travis/build/icyphy/ptII/ptolemy/actor/lib/test/auto/TestSimple.xml (RunModel)" time="0.01" />
  <testcase classname="ptolemy.util.test.junit.AutoTests" name="[372] /home/travis/build/icyphy/ptII/ptolemy/actor/lib/test/auto/ThrowModelError.xml (RunModel)" time="0.012" />
  <testcase classname="ptolemy.util.test.junit.AutoTests" name="[373] /home/travis/build/icyphy/ptII/ptolemy/actor/lib/test/auto/TimeDelayMicrosteps.xml (RunModel)" time="0.015" />
  <testcase classname="ptolemy.util.test.junit.AutoTests" name="[374] /home/travis/build/icyphy/ptII/ptolemy/actor/lib/test/auto/TimeDelayMicrosteps2.xml (RunModel)" time="0.02" />
  <testcase classname="ptolemy.util.test.junit.AutoTests" name="[375] /home/travis/build/icyphy/ptII/ptolemy/actor/lib/test/auto/TimeDelayMicrosteps3.xml (RunModel)" time="0.013" />
  <testcase classname="ptolemy.util.test.junit.AutoTests" name="[376] /home/travis/build/icyphy/ptII/ptolemy/actor/lib/test/auto/TimeDelayVariableMicrosteps.xml (RunModel)" time="0.014" />
  <testcase classname="ptolemy.util.test.junit.AutoTests" name="[377] /home/travis/build/icyphy/ptII/ptolemy/actor/lib/test/auto/TimeGap.xml (RunModel)" time="0.019" />
  <testcase classname="ptolemy.util.test.junit.AutoTests" name="[378] /home/travis/build/icyphy/ptII/ptolemy/actor/lib/test/auto/TimeGap2.xml (RunModel)" time="0.012" />
  <testcase classname="ptolemy.util.test.junit.AutoTests" name="[379] /home/travis/build/icyphy/ptII/ptolemy/actor/lib/test/auto/TimedSinewave.xml (RunModel)" time="0.061" />
  <testcase classname="ptolemy.util.test.junit.AutoTests" name="[380] /home/travis/build/icyphy/ptII/ptolemy/actor/lib/test/auto/TimedSinewavePhase.xml (RunModel)" time="0.036" />
  <testcase classname="ptolemy.util.test.junit.AutoTests" name="[381] /home/travis/build/icyphy/ptII/ptolemy/actor/lib/test/auto/Timer.xml (RunModel)" time="0.013" />
  <testcase classname="ptolemy.util.test.junit.AutoTests" name="[382] /home/travis/build/icyphy/ptII/ptolemy/actor/lib/test/auto/TriangularDistTestModel.xml (RunModel)" time="0.015" />
  <testcase classname="ptolemy.util.test.junit.AutoTests" name="[383] /home/travis/build/icyphy/ptII/ptolemy/actor/lib/test/auto/TrigFunction.xml (RunModel)" time="0.01" />
  <testcase classname="ptolemy.util.test.junit.AutoTests" name="[384] /home/travis/build/icyphy/ptII/ptolemy/actor/lib/test/auto/TrigFunctionDE.xml (RunModel)" time="0.012" />
  <testcase classname="ptolemy.util.test.junit.AutoTests" name="[385] /home/travis/build/icyphy/ptII/ptolemy/actor/lib/test/auto/TrigFunctionInverse.xml (RunModel)" time="0.011" />
  <testcase classname="ptolemy.util.test.junit.AutoTests" name="[386] /home/travis/build/icyphy/ptII/ptolemy/actor/lib/test/auto/TrigFunctionTan.xml (RunModel)" time="0.008" />
  <testcase classname="ptolemy.util.test.junit.AutoTests" name="[387] /home/travis/build/icyphy/ptII/ptolemy/actor/lib/test/auto/TriggeredClock.xml (RunModel)" time="0.009" />
  <testcase classname="ptolemy.util.test.junit.AutoTests" name="[388] /home/travis/build/icyphy/ptII/ptolemy/actor/lib/test/auto/URLDirectoryReader.xml (RunModel)" time="0.133" />
  <testcase classname="ptolemy.util.test.junit.AutoTests" name="[389] /home/travis/build/icyphy/ptII/ptolemy/actor/lib/test/auto/URLDirectoryReader3.xml (RunModel)" time="1.358" />
  <testcase classname="ptolemy.util.test.junit.AutoTests" name="[390] /home/travis/build/icyphy/ptII/ptolemy/actor/lib/test/auto/UnaryMathFunction.xml (RunModel)" time="0.021" />
  <testcase classname="ptolemy.util.test.junit.AutoTests" name="[391] /home/travis/build/icyphy/ptII/ptolemy/actor/lib/test/auto/Uniform.xml (RunModel)" time="0.012" />
  <testcase classname="ptolemy.util.test.junit.AutoTests" name="[392] /home/travis/build/icyphy/ptII/ptolemy/actor/lib/test/auto/UnionDisassemblerTest.xml (RunModel)" time="0.02" />
  <testcase classname="ptolemy.util.test.junit.AutoTests" name="[393] /home/travis/build/icyphy/ptII/ptolemy/actor/lib/test/auto/UtilityFunctions.xml (RunModel)" time="0.009" />
  <testcase classname="ptolemy.util.test.junit.AutoTests" name="[394] /home/travis/build/icyphy/ptII/ptolemy/actor/lib/test/auto/VariableSleep.xml (RunModel)" time="0.514" />
  <testcase classname="ptolemy.util.test.junit.AutoTests" name="[395] /home/travis/build/icyphy/ptII/ptolemy/actor/lib/test/auto/VectorAssemblerDisassemblerCT.xml (RunModel)" time="0.111" />
  <testcase classname="ptolemy.util.test.junit.AutoTests" name="[396] /home/travis/build/icyphy/ptII/ptolemy/actor/lib/test/auto/VectorAssemblerDisassemblerDE.xml (RunModel)" time="0.013" />
  <testcase classname="ptolemy.util.test.junit.AutoTests" name="[397] /home/travis/build/icyphy/ptII/ptolemy/actor/lib/test/auto/VectorAssemblerDisassemblerSDF.xml (RunModel)" time="0.011" />
  <testcase classname="ptolemy.util.test.junit.AutoTests" name="[398] /home/travis/build/icyphy/ptII/ptolemy/actor/lib/test/auto/WallClockTime.xml (RunModel)" time="1.014" />
  <testcase classname="ptolemy.util.test.junit.AutoTests" name="[399] /home/travis/build/icyphy/ptII/ptolemy/actor/lib/test/auto/WidthTestWithSubscriberPublisher.xml (RunModel)" time="0.048" />
  <testcase classname="ptolemy.util.test.junit.AutoTests" name="[400] /home/travis/build/icyphy/ptII/ptolemy/actor/lib/test/auto/WidthTestWithSubscriberPublisher2.xml (RunModel)" time="0.034" />
  <testcase classname="ptolemy.util.test.junit.AutoTests" name="[401] /home/travis/build/icyphy/ptII/ptolemy/actor/lib/test/auto/WidthTestWithSubscriberPublisher3.xml (RunModel)" time="0.013" />
  <testcase classname="ptolemy.util.test.junit.AutoTests" name="[402] /home/travis/build/icyphy/ptII/ptolemy/actor/lib/test/auto/Writer.xml (RunModel)" time="0.008" />
  <testcase classname="ptolemy.util.test.junit.AutoTests" name="[403] /home/travis/build/icyphy/ptII/ptolemy/actor/lib/test/auto/array.xml (RunModel)" time="0.011" />
  <testcase classname="ptolemy.util.test.junit.AutoTests" name="[404] /home/travis/build/icyphy/ptII/ptolemy/actor/lib/test/auto/array2.xml (RunModel)" time="0.035" />
  <testcase classname="ptolemy.util.test.junit.AutoTests" name="[405] /home/travis/build/icyphy/ptII/ptolemy/actor/lib/test/auto/arrayType.xml (RunModel)" time="0.021" />
  <testcase classname="ptolemy.util.test.junit.AutoTests" name="[406] /home/travis/build/icyphy/ptII/ptolemy/actor/lib/test/auto/arrayType10.xml (RunModel)" time="0.008" />
  <testcase classname="ptolemy.util.test.junit.AutoTests" name="[407] /home/travis/build/icyphy/ptII/ptolemy/actor/lib/test/auto/arrayType11.xml (RunModel)" time="0.008" />
  <testcase classname="ptolemy.util.test.junit.AutoTests" name="[408] /home/travis/build/icyphy/ptII/ptolemy/actor/lib/test/auto/arrayType12.xml (RunModel)" time="0.013" />
  <testcase classname="ptolemy.util.test.junit.AutoTests" name="[409] /home/travis/build/icyphy/ptII/ptolemy/actor/lib/test/auto/arrayType13.xml (RunModel)" time="0.01" />
  <testcase classname="ptolemy.util.test.junit.AutoTests" name="[410] /home/travis/build/icyphy/ptII/ptolemy/actor/lib/test/auto/arrayType14.xml (RunModel)" time="0.011" />
  <testcase classname="ptolemy.util.test.junit.AutoTests" name="[411] /home/travis/build/icyphy/ptII/ptolemy/actor/lib/test/auto/arrayType15.xml (RunModel)" time="0.01" />
  <testcase classname="ptolemy.util.test.junit.AutoTests" name="[412] /home/travis/build/icyphy/ptII/ptolemy/actor/lib/test/auto/arrayType16.xml (RunModel)" time="0.009" />
  <testcase classname="ptolemy.util.test.junit.AutoTests" name="[413] /home/travis/build/icyphy/ptII/ptolemy/actor/lib/test/auto/arrayType17.xml (RunModel)" time="0.009" />
  <testcase classname="ptolemy.util.test.junit.AutoTests" name="[414] /home/travis/build/icyphy/ptII/ptolemy/actor/lib/test/auto/arrayType18.xml (RunModel)" time="0.008" />
  <testcase classname="ptolemy.util.test.junit.AutoTests" name="[415] /home/travis/build/icyphy/ptII/ptolemy/actor/lib/test/auto/arrayType19.xml (RunModel)" time="0.009" />
  <testcase classname="ptolemy.util.test.junit.AutoTests" name="[416] /home/travis/build/icyphy/ptII/ptolemy/actor/lib/test/auto/arrayType2.xml (RunModel)" time="0.009" />
  <testcase classname="ptolemy.util.test.junit.AutoTests" name="[417] /home/travis/build/icyphy/ptII/ptolemy/actor/lib/test/auto/arrayType20.xml (RunModel)" time="0.008" />
  <testcase classname="ptolemy.util.test.junit.AutoTests" name="[418] /home/travis/build/icyphy/ptII/ptolemy/actor/lib/test/auto/arrayType21.xml (RunModel)" time="0.008" />
  <testcase classname="ptolemy.util.test.junit.AutoTests" name="[419] /home/travis/build/icyphy/ptII/ptolemy/actor/lib/test/auto/arrayType22.xml (RunModel)" time="0.009" />
  <testcase classname="ptolemy.util.test.junit.AutoTests" name="[420] /home/travis/build/icyphy/ptII/ptolemy/actor/lib/test/auto/arrayType23.xml (RunModel)" time="0.009" />
  <testcase classname="ptolemy.util.test.junit.AutoTests" name="[421] /home/travis/build/icyphy/ptII/ptolemy/actor/lib/test/auto/arrayType24.xml (RunModel)" time="0.01" />
  <testcase classname="ptolemy.util.test.junit.AutoTests" name="[422] /home/travis/build/icyphy/ptII/ptolemy/actor/lib/test/auto/arrayType25.xml (RunModel)" time="0.009" />
  <testcase classname="ptolemy.util.test.junit.AutoTests" name="[423] /home/travis/build/icyphy/ptII/ptolemy/actor/lib/test/auto/arrayType26.xml (RunModel)" time="0.01" />
  <testcase classname="ptolemy.util.test.junit.AutoTests" name="[424] /home/travis/build/icyphy/ptII/ptolemy/actor/lib/test/auto/arrayType27.xml (RunModel)" time="0.012" />
  <testcase classname="ptolemy.util.test.junit.AutoTests" name="[425] /home/travis/build/icyphy/ptII/ptolemy/actor/lib/test/auto/arrayType28.xml (RunModel)" time="0.018" />
  <testcase classname="ptolemy.util.test.junit.AutoTests" name="[426] /home/travis/build/icyphy/ptII/ptolemy/actor/lib/test/auto/arrayType3.xml (RunModel)" time="0.012" />
  <testcase classname="ptolemy.util.test.junit.AutoTests" name="[427] /home/travis/build/icyphy/ptII/ptolemy/actor/lib/test/auto/arrayType4.xml (RunModel)" time="0.009" />
  <testcase classname="ptolemy.util.test.junit.AutoTests" name="[428] /home/travis/build/icyphy/ptII/ptolemy/actor/lib/test/auto/arrayType5.xml (RunModel)" time="0.008" />
  <testcase classname="ptolemy.util.test.junit.AutoTests" name="[429] /home/travis/build/icyphy/ptII/ptolemy/actor/lib/test/auto/arrayType6.xml (RunModel)" time="0.008" />
  <testcase classname="ptolemy.util.test.junit.AutoTests" name="[430] /home/travis/build/icyphy/ptII/ptolemy/actor/lib/test/auto/arrayType7.xml (RunModel)" time="0.008" />
  <testcase classname="ptolemy.util.test.junit.AutoTests" name="[431] /home/travis/build/icyphy/ptII/ptolemy/actor/lib/test/auto/arrayType8.xml (RunModel)" time="0.014" />
  <testcase classname="ptolemy.util.test.junit.AutoTests" name="[432] /home/travis/build/icyphy/ptII/ptolemy/actor/lib/test/auto/arrayType9.xml (RunModel)" time="0.02" />
  <testcase classname="ptolemy.util.test.junit.AutoTests" name="[433] /home/travis/build/icyphy/ptII/ptolemy/actor/lib/test/auto/cast.xml (RunModel)" time="0.009" />
  <testcase classname="ptolemy.util.test.junit.AutoTests" name="[434] /home/travis/build/icyphy/ptII/ptolemy/actor/lib/test/auto/compositeMultiPort.xml (RunModel)" time="0.04" />
  <testcase classname="ptolemy.util.test.junit.AutoTests" name="[435] /home/travis/build/icyphy/ptII/ptolemy/actor/lib/test/auto/expressionCastInference.xml (RunModel)" time="0.014" />
  <testcase classname="ptolemy.util.test.junit.AutoTests" name="[436] /home/travis/build/icyphy/ptII/ptolemy/actor/lib/test/auto/expressionCastInference2.xml (RunModel)" time="0.042" />
  <testcase classname="ptolemy.util.test.junit.AutoTests" name="[437] /home/travis/build/icyphy/ptII/ptolemy/actor/lib/test/auto/expressionInference.xml (RunModel)" time="0.038" />
  <testcase classname="ptolemy.util.test.junit.AutoTests" name="[438] /home/travis/build/icyphy/ptII/ptolemy/actor/lib/test/auto/expression_bug.xml (RunModel)" time="0.031" />
  <testcase classname="ptolemy.util.test.junit.AutoTests" name="[439] /home/travis/build/icyphy/ptII/ptolemy/actor/lib/test/auto/factorial.xml (RunModel)" time="0.122" />
  <testcase classname="ptolemy.util.test.junit.AutoTests" name="[440] /home/travis/build/icyphy/ptII/ptolemy/actor/lib/test/auto/filterTest1.xml (RunModel)" time="0.04" />
  <testcase classname="ptolemy.util.test.junit.AutoTests" name="[441] /home/travis/build/icyphy/ptII/ptolemy/actor/lib/test/auto/funcApplyInConst.xml (RunModel)" time="0.02" />
  <testcase classname="ptolemy.util.test.junit.AutoTests" name="[442] /home/travis/build/icyphy/ptII/ptolemy/actor/lib/test/auto/funcApplyInExpr.xml (RunModel)" time="0.007" />
  <testcase classname="ptolemy.util.test.junit.AutoTests" name="[443] /home/travis/build/icyphy/ptII/ptolemy/actor/lib/test/auto/function.xml (RunModel)" time="0.012" />
  <testcase classname="ptolemy.util.test.junit.AutoTests" name="[444] /home/travis/build/icyphy/ptII/ptolemy/actor/lib/test/auto/function2.xml (RunModel)" time="0.013" />
  <testcase classname="ptolemy.util.test.junit.AutoTests" name="[445] /home/travis/build/icyphy/ptII/ptolemy/actor/lib/test/auto/function3.xml (RunModel)" time="0.008" />
  <testcase classname="ptolemy.util.test.junit.AutoTests" name="[446] /home/travis/build/icyphy/ptII/ptolemy/actor/lib/test/auto/functionClosureTest1.xml (RunModel)" time="0.011" />
  <testcase classname="ptolemy.util.test.junit.AutoTests" name="[447] /home/travis/build/icyphy/ptII/ptolemy/actor/lib/test/auto/functionClosureTest2.xml (RunModel)" time="0.008" />
  <testcase classname="ptolemy.util.test.junit.AutoTests" name="[448] /home/travis/build/icyphy/ptII/ptolemy/actor/lib/test/auto/functionClosureTest3.xml (RunModel)" time="0.01" />
  <testcase classname="ptolemy.util.test.junit.AutoTests" name="[449] /home/travis/build/icyphy/ptII/ptolemy/actor/lib/test/auto/functionClosureTest4.xml (RunModel)" time="0.019" />
  <testcase classname="ptolemy.util.test.junit.AutoTests" name="[450] /home/travis/build/icyphy/ptII/ptolemy/actor/lib/test/auto/functionClosureTest5.xml (RunModel)" time="0.019" />
  <testcase classname="ptolemy.util.test.junit.AutoTests" name="[451] /home/travis/build/icyphy/ptII/ptolemy/actor/lib/test/auto/functionClosureTest6.xml (RunModel)" time="0.009" />
  <testcase classname="ptolemy.util.test.junit.AutoTests" name="[452] /home/travis/build/icyphy/ptII/ptolemy/actor/lib/test/auto/functionsOnArcs.xml (RunModel)" time="0.011" />
  <testcase classname="ptolemy.util.test.junit.AutoTests" name="[453] /home/travis/build/icyphy/ptII/ptolemy/actor/lib/test/auto/functionsOnArcsHOF.xml (RunModel)" time="0.014" />
  <testcase classname="ptolemy.util.test.junit.AutoTests" name="[454] /home/travis/build/icyphy/ptII/ptolemy/actor/lib/test/auto/logic.xml (RunModel)" time="0.02" />
  <testcase classname="ptolemy.util.test.junit.AutoTests" name="[455] /home/travis/build/icyphy/ptII/ptolemy/actor/lib/test/auto/matrixType.xml (RunModel)" time="0.011" />
  <testcase classname="ptolemy.util.test.junit.AutoTests" name="[456] /home/travis/build/icyphy/ptII/ptolemy/actor/lib/test/auto/matrixType10.xml (RunModel)" time="0.01" />
  <testcase classname="ptolemy.util.test.junit.AutoTests" name="[457] /home/travis/build/icyphy/ptII/ptolemy/actor/lib/test/auto/matrixType11.xml (RunModel)" time="0.01" />
  <testcase classname="ptolemy.util.test.junit.AutoTests" name="[458] /home/travis/build/icyphy/ptII/ptolemy/actor/lib/test/auto/matrixType12.xml (RunModel)" time="0.012" />
  <testcase classname="ptolemy.util.test.junit.AutoTests" name="[459] /home/travis/build/icyphy/ptII/ptolemy/actor/lib/test/auto/matrixType13.xml (RunModel)" time="0.01" />
  <testcase classname="ptolemy.util.test.junit.AutoTests" name="[460] /home/travis/build/icyphy/ptII/ptolemy/actor/lib/test/auto/matrixType14.xml (RunModel)" time="0.01" />
  <testcase classname="ptolemy.util.test.junit.AutoTests" name="[461] /home/travis/build/icyphy/ptII/ptolemy/actor/lib/test/auto/matrixType2.xml (RunModel)" time="0.01" />
  <testcase classname="ptolemy.util.test.junit.AutoTests" name="[462] /home/travis/build/icyphy/ptII/ptolemy/actor/lib/test/auto/matrixType3.xml (RunModel)" time="0.015" />
  <testcase classname="ptolemy.util.test.junit.AutoTests" name="[463] /home/travis/build/icyphy/ptII/ptolemy/actor/lib/test/auto/matrixType4.xml (RunModel)" time="0.009" />
  <testcase classname="ptolemy.util.test.junit.AutoTests" name="[464] /home/travis/build/icyphy/ptII/ptolemy/actor/lib/test/auto/matrixType5.xml (RunModel)" time="0.009" />
  <testcase classname="ptolemy.util.test.junit.AutoTests" name="[465] /home/travis/build/icyphy/ptII/ptolemy/actor/lib/test/auto/matrixType6.xml (RunModel)" time="0.01" />
  <testcase classname="ptolemy.util.test.junit.AutoTests" name="[466] /home/travis/build/icyphy/ptII/ptolemy/actor/lib/test/auto/matrixType7.xml (RunModel)" time="0.01" />
  <testcase classname="ptolemy.util.test.junit.AutoTests" name="[467] /home/travis/build/icyphy/ptII/ptolemy/actor/lib/test/auto/matrixType8.xml (RunModel)" time="0.01" />
  <testcase classname="ptolemy.util.test.junit.AutoTests" name="[468] /home/travis/build/icyphy/ptII/ptolemy/actor/lib/test/auto/matrixType9.xml (RunModel)" time="0.009" />
  <testcase classname="ptolemy.util.test.junit.AutoTests" name="[469] /home/travis/build/icyphy/ptII/ptolemy/actor/lib/test/auto/paraFunctest.xml (RunModel)" time="0.008" />
  <testcase classname="ptolemy.util.test.junit.AutoTests" name="[470] /home/travis/build/icyphy/ptII/ptolemy/actor/lib/test/auto/paraFunctest2.xml (RunModel)" time="0.01" />
  <testcase classname="ptolemy.util.test.junit.AutoTests" name="[471] /home/travis/build/icyphy/ptII/ptolemy/actor/lib/test/auto/parameterPassing.xml (RunModel)" time="0.009" />
  <testcase classname="ptolemy.util.test.junit.AutoTests" name="[472] /home/travis/build/icyphy/ptII/ptolemy/actor/lib/test/auto/record.xml (RunModel)" time="0.012" />
  <testcase classname="ptolemy.util.test.junit.AutoTests" name="[473] /home/travis/build/icyphy/ptII/ptolemy/actor/lib/test/auto/sizedarray1.xml (RunModel)" time="0.011" />
  <testcase classname="ptolemy.util.test.junit.AutoTests" name="[474] /home/travis/build/icyphy/ptII/ptolemy/actor/lib/test/auto/sizedarray2.xml (RunModel)" time="0.011" />
  <testcase classname="ptolemy.util.test.junit.AutoTests" name="[475] /home/travis/build/icyphy/ptII/ptolemy/actor/lib/test/auto/twoPublishers.xml (RunModel)" time="0.035" />
  <system-out><![CDATA[/home/travis/build/icyphy/ptII/ptolemy/actor/lib/test/AbsoluteValue.tcl
testDefs.tcl: setting time out to 9000 seconds at Sun Jun 23 16:11:59 UTC 2019
94 ms. Memory: 120832K Free: 100355K (83%)
13 ms. Memory: 120832K Free: 98275K (81%)
18 ms. Memory: 120832K Free: 97522K (81%)
9 ms. Memory: 120832K Free: 96829K (80%)
/home/travis/build/icyphy/ptII/ptolemy/actor/lib/test/AddSubtract.tcl
28 ms. Memory: 120832K Free: 107612K (89%)
5 ms. Memory: 120832K Free: 107190K (89%)
5 ms. Memory: 120832K Free: 106085K (88%)
8 ms. Memory: 120832K Free: 105542K (87%)
83 ms. Memory: 120832K Free: 102492K (85%)
8 ms. Memory: 120832K Free: 101891K (84%)
/home/travis/build/icyphy/ptII/ptolemy/actor/lib/test/Average.tcl
16 ms. Memory: 120832K Free: 99992K (83%)
23 ms. Memory: 120832K Free: 98819K (82%)
/home/travis/build/icyphy/ptII/ptolemy/actor/lib/test/Bernoulli.tcl
5 ms. Memory: 120832K Free: 97341K (81%)
6 ms. Memory: 120832K Free: 96904K (80%)
/home/travis/build/icyphy/ptII/ptolemy/actor/lib/test/Clock.tcl
preinitializing
resolving types
initializing
executing number 1
wrapping up
idle
42 ms. Memory: 120832K Free: 94300K (78%)
Completed execution with 5 iterations
preinitializing
resolving types
initializing
executing number 1
wrapping up
idle
4 ms. Memory: 120832K Free: 93276K (77%)
Completed execution with 5 iterations
preinitializing
resolving types
initializing
executing number 1
wrapping up
idle
4 ms. Memory: 120832K Free: 92838K (77%)
Completed execution with 5 iterations
/home/travis/build/icyphy/ptII/ptolemy/actor/lib/test/Commutator.tcl
6 ms. Memory: 120832K Free: 90776K (75%)
7 ms. Memory: 120832K Free: 89760K (74%)


==== $PTII/ptolemy/actor/lib/test/Commutator.tcl: Commutator-4.1 run with mutations
==== Contents of test case:

    # Grab stdout and put it into results
    jdkCapture {
	$m addChangeListener  [java::new ptolemy.kernel.util.StreamChangeListener]

	set dir [$e0 getDirector]
	#	$dir addDebugListener  #		[java::new ptolemy.kernel.util.StreamListener]
	$m initialize
	$m iterate
	set c1 [java::new ptolemy.moml.MoMLChangeRequest $e0 $e0  {<deleteEntity name="ramp1"/>}]
	set c2 [java::new ptolemy.moml.MoMLChangeRequest $e0 $e0  {<deleteRelation name="r1"/>}]
	$e0 requestChange $c1
	$e0 requestChange $c2
	$m iterate
	$m wrapup
    } results
    # The MoML within <group> ...</group> comes 
    # from SDFScheduler._setBufferSize
    list $results  [enumToTokenValues [$rec getRecord 0]]

==== Result was:
{} {0 0 1}
---- Result should have been:
{StreamChangeRequest.changeExecuted(): <deleteEntity name="ramp1"/> succeeded
StreamChangeRequest.changeExecuted(): <deleteRelation name="r1"/> succeeded
StreamChangeRequest.changeExecuted(): Record firings per iteration succeeded
} {0 0 1}
---- Commutator-4.1 FAILED
25 ms. Memory: 177152K Free: 160897K (91%)
/home/travis/build/icyphy/ptII/ptolemy/actor/lib/test/Const.tcl
13 ms. Memory: 177152K Free: 158879K (90%)
4 ms. Memory: 177152K Free: 158369K (89%)
6 ms. Memory: 177152K Free: 157825K (89%)
10 ms. Memory: 177152K Free: 157345K (89%)
3 ms. Memory: 177152K Free: 156831K (89%)
25 ms. Memory: 177152K Free: 154769K (87%)
5 ms. Memory: 177152K Free: 153745K (87%)
3 ms. Memory: 177152K Free: 153249K (87%)
/home/travis/build/icyphy/ptII/ptolemy/actor/lib/test/CurrentTime.tcl
preinitializing
resolving types
initializing
executing number 1
wrapping up
idle
14 ms. Memory: 177152K Free: 151201K (85%)
Completed execution with 11 iterations
/home/travis/build/icyphy/ptII/ptolemy/actor/lib/test/DB.tcl
9 ms. Memory: 177152K Free: 149657K (84%)
2 ms. Memory: 177152K Free: 149153K (84%)
8 ms. Memory: 177152K Free: 148639K (84%)
/home/travis/build/icyphy/ptII/ptolemy/actor/lib/test/DiscreteRandomSource.tcl
preinitializing
resolving types
initializing
executing number 1
wrapping up
idle
9 ms. Memory: 177152K Free: 147105K (83%)
Completed execution with 4 iterations
preinitializing
resolving types
initializing
executing number 1
wrapping up
idle
1 ms. Memory: 177152K Free: 146585K (83%)
Completed execution with 4 iterations
preinitializing
resolving types
initializing
executing number 1
wrapping up
idle
2 ms. Memory: 177152K Free: 146081K (82%)
Completed execution with 4 iterations
preinitializing
resolving types
initializing
executing number 1
wrapping up
idle
8 ms. Memory: 177152K Free: 145553K (82%)
Completed execution with 4 iterations
preinitializing
resolving types
initializing
executing number 1
wrapping up
idle
8 ms. Memory: 177152K Free: 145057K (82%)
Completed execution with 4 iterations
/home/travis/build/icyphy/ptII/ptolemy/actor/lib/test/Distributor.tcl
6 ms. Memory: 177152K Free: 143519K (81%)
5 ms. Memory: 177152K Free: 143009K (81%)
StreamChangeRequest.changeExecuted(): <deleteEntity name="rec2"/> succeeded
StreamChangeRequest.changeExecuted(): <deleteRelation name="r2"/> succeeded
StreamChangeRequest.changeExecuted(): Record firings per iteration succeeded
11 ms. Memory: 177152K Free: 139937K (79%)
/home/travis/build/icyphy/ptII/ptolemy/actor/lib/test/Exit.tcl
Exit.tcl: this will print a message about Manager.exitAfterWrapup, which can be ignored.
9 ms. Memory: 177152K Free: 136865K (77%)
/home/travis/build/icyphy/ptII/ptolemy/actor/lib/test/Expression.tcl
27 ms. Memory: 177152K Free: 133279K (75%)
8 ms. Memory: 177152K Free: 132769K (75%)
12 ms. Memory: 177152K Free: 131745K (74%)
preinitializing
resolving types
initializing
16 ms. Memory: 177152K Free: 162653K (92%)
4 ms. Memory: 177152K Free: 162157K (92%)
3 ms. Memory: 177152K Free: 161131K (91%)
5 ms. Memory: 177152K Free: 160109K (90%)
9 ms. Memory: 177152K Free: 158557K (90%)
9 ms. Memory: 177152K Free: 157547K (89%)
/home/travis/build/icyphy/ptII/ptolemy/actor/lib/test/Gaussian.tcl
6 ms. Memory: 177152K Free: 156013K (88%)
sleeping 1 seconds: .......................................................................................................................................................................................................................................................................................................................................................................................................................................................................................................................................................................................................................................................................................................................................................................................................................................................................................................................................................................................................................................................................................................................................................................................................................................................................................................................................................................................................................................................................................................................................................................................................................................................................................................................................................................................................................................................................................................................................................................................................................................................................................................................................................................................................................................................................................................................................................................................................................................................................................................................................................................................................................................................................................................................................................................................................................................................................................................................................................................................................................................................................................................................................................................................................................................................................................................................................................................................................................................................................................................................................................................................................................................................................................................................................................................................................................................................................................................................................................................................................................................................................................................................................................................................................................................................................................................................................................................................................................................................................................................................................................................................................................................................................................................................................................................................................................................................................................................................................................................................................................................................................................................................................................................................................................................................................................................................................................................................................................................................................................................................................................................................................................................................................................................................................................................................................................................................................................................................................................................................................................................................................................................................................................................................................................................................................................................................................................................................................................................................................................................................................................................................................................................................................................................................................................................................................................................................................................................................................................................................................................................................................................................................................................................................................................................................................................................................................................................................................................................................................................................................................................................................................................................................................................................................................................................................................................................................................................................................................................................................................................................................................................................................................................................................................................................................................................................................................................................................................................................................................................................................................................................................................................................................................................................................................................................................................................................................................................................................................................................................................................................................................................................................................................................................................................................................................................................................................................................................................................................................................................................................................................................................................................................................................................................................................................................................................................................................................................................................................................................................................................................................................................................................................................................................................................................................................................................................................................................................................................................................................................................................................................................................................................................................................................................................................................................................................................................................................................................................................................................................................................................................................................................................................................................................................................................................................................................................................................................................................................................................................................................................................................................................................................................................................................................................................................................................................................................................................................................................................................................................................................................................................................................................................................................................................................................................................................................................................................................................................................................................................................................................................................................................................................................................................................................................................................................................................................................................................................................................................................................................................................................................................................................................................................................................................................................................................................................................................................................................................................................................................................................................................................................................................................................................................................................................................................................................................................................................................................................................................................................................................................................................................................................................................................................................................................................................................................................................................................................................................................................................................................................................................................................................................................................................................................................................................................................................................................................................................................................................................................................................................................................................................................................................................................................................................................................................................................................................................................................................................................................................................................................................................................................................................................................................................................................................................................................................................................................................................................................................................................................................................................................................................................................................................................................................................................................................................................................................................................................................................................................................................................................................................................................................................................................................................................................................................................................................................................................................................................................................................................................................................................................................................................................................................................................................................................................................................................................................................................................................................................................................................................................................................................................................................................................................................................................................................................................................................................................................................................................................................................................................................................................................................................................................................................................................................................................................................................................................................................................................................................................................................................................................................................................................................................................................................................................................................................................................................................................................................................................................................................................................................................................................................................................................................................................................................................................................................................................................................................................................................................................................................................................................................................................................................................................................................................................................................................................................................................................................................................................................................................................................................................................................................................................................................................................................................................................................................................................................................................................................................................................................................................................................................................................................................................................................................................................................................................................................................................................................................................................................................................................................................................................................................................................................................................................................................................................................................................................................................................................................................................................................................................................................................................................................................................................................................................................................................................................................................................................................................................................................................................................................................................................................................................................................................................................................................................................................................................................................................................................................................................................................................................................................................................................................................................................................................................................................................................................................................................................................................................................................................................................................................................................................................................................................................................................................................................................................................................................................................................................................................................................................................................................................................................................................................................................................................................................................................................................................................................................................................................................................................................................................................................................................................................................................................................................................................................................................................................................................................................................................................................................................................................................................................................................................................................................................................................................................................................................................................................................................................................................................................................................................................................................................................................................................................................................................................................................................................................................................................................................................................................................................................................................................................................................................................................................................................................................................................................................................................................................................................................................................................................................................................................................................................................................................................................................................................................................................................................................................................................................................................................................................................................................................................................................................................................................................................................................................................................................................................................................................................................................................................................................................................................................................................................................................................................................................................................................................................................................................................................................................................................................................................................................................................................................................................................................................................................................................................................................................................................................................................................................................................................................................................................................................................................................................................................................................................................................................................................................................................................................................................................................................................................................................................................................................................................................................................................................................................................................................................................................................................................................................................................................................................................................................................................................................................................................................................................................................................................................................................................................................................................................................................................................................................................................................................................................................................................................................................................................................................................................................................................................................................................................................................................................................................................................................................................................................................................................................................................................................................................................................................................................................................................................................................................................................................................................................................................................................................................................................................................................................................................................................................................................................................................................................................................................................................................................................................................................................................................................................................................................................................................................................................................................................................................................................................................................................................................................................................................................................................................................................................................................................................................................................................................................................................................................................................................................................................................................................................................................................................................................................................................................................................................................................................................................................................................................................................................................................................................................................................................................................................................................................................................................................................................................................................................................................................................................................................................................................................................................................................................................................................................................................................................................................................................................................................................................................................................................................................................................................................................................................................................................................................................................................................................................................................................................................................................................................................................................................................................................................................................................................................................................................................................................................................................................................................................................................................................................................................................................................................................................................................................................................................................................................................................................................................................................................................................................................................................................................................................................................................................................................................................................................................................................................................................................................................................................................................................................................................................................................................................................................................................................................................................................................................................................................................................................................................................................................................................................................................................................................................................................................................................................................................................................................................................................................................................................................................................................................................................................................................................................................................................................................................................................................................................................................................................................................................................................................................................................................................................................................................................................................................................................................................................................................................................................................................................................................................................................................................................................................................................................................................................................................................................................................................................................................................................................................................................................................................................................................................................................................................................................................................................................................................................................................................................................................................................................................................................................................................................................................................................................................................................................................................................................................................................................................................................................................................................................................................................................................................................................................................................................................................................................................................................................................................................................................................................................................................................................................................................................................................................................................................................................................................................................................................................................................................................................................................................................................................................................................................................................................................................................................................................................................................................................................................................................................................................................................................................................................................................................................................................................................................................................................................................................................................................................................................................................................................................................................................................................................................................................................................................................................................................................................................................................................................................................................................................................................................................................................................................................................................................................................................................................................................................................................................................................................................................................................................................................................................................................................................................................................................................................................................................................................................................................................................................................................................................................................................................................................................................................................................................................................................................................................................................................................................................................................................................................................................................................................................................................................................................................................................................................................................................................................................................................................................................................................................................................................................................................................................................................................................................................................................................................................................................................................................................................................................................................................................................................................................................................................................................................................................................................................................................................................................................................................................................................................................................................................................................................................................................................................................................................................................................................................................................................................................................................................................................................................................................................................................................................................................................................................................................................................................................................................................................................................................................................................................................................................................................................................................................................................................................................................................................................................................................................................................................................................................................................................................................................................................................................................................................................................................................................................................................................................................................................................................................................................................................................................................................................................................................................................................................................................................................................................................................................................................................................................................................................................................................................................................................................................................................................................................................................................................................................................................................................................................................................................................................................................................................................................................................................................................................................................................................................................................................................................................................................................................................................................................................................................................................................................................................................................................................................................................................................................................................................................................................................................................................................................................................................................................................................................................................................................................................................................................................................................................................................................................................................................................................................................................................................................................................................................................................................................................................................................................................................................................................................................................................................................................................................................................................................................................................................................................................................................................................................................................................................................................................................................................................................................................................................................................................................................................................................................................................................................................................................................................................................................................................................................................................................................................................................2 ms. Memory: 177152K Free: 126656K (71%)
2 ms. Memory: 177152K Free: 125640K (71%)
2 ms. Memory: 177152K Free: 125136K (71%)
2 ms. Memory: 177152K Free: 124608K (70%)
2 ms. Memory: 177152K Free: 124112K (70%)
/home/travis/build/icyphy/ptII/ptolemy/actor/lib/test/IIR.tcl
/home/travis/build/icyphy/ptII/ptolemy/actor/lib/test/Interpolator.tcl
5 ms. Memory: 177152K Free: 120016K (68%)
2 ms. Memory: 177152K Free: 119502K (67%)
4 ms. Memory: 177152K Free: 118990K (67%)
1 ms. Memory: 177152K Free: 118462K (67%)
2 ms. Memory: 177152K Free: 117454K (66%)
12 ms. Memory: 177152K Free: 116942K (66%)
12 ms. Memory: 177152K Free: 115920K (65%)
2 ms. Memory: 177152K Free: 114896K (65%)
6 ms. Memory: 177152K Free: 114368K (65%)
11 ms. Memory: 177152K Free: 113344K (64%)
/home/travis/build/icyphy/ptII/ptolemy/actor/lib/test/MathFunction.tcl
4 ms. Memory: 177152K Free: 111296K (63%)
2 ms. Memory: 177152K Free: 110272K (62%)
2 ms. Memory: 177152K Free: 109262K (62%)
1 ms. Memory: 177152K Free: 108224K (61%)
4 ms. Memory: 177152K Free: 106704K (60%)
6 ms. Memory: 177152K Free: 105152K (59%)
/home/travis/build/icyphy/ptII/ptolemy/actor/lib/test/Maximum.tcl
8 ms. Memory: 177152K Free: 103104K (58%)
3 ms. Memory: 177152K Free: 102608K (58%)
8 ms. Memory: 177152K Free: 101584K (57%)
2 ms. Memory: 177152K Free: 101070K (57%)
/home/travis/build/icyphy/ptII/ptolemy/actor/lib/test/Minimum.tcl
8 ms. Memory: 177152K Free: 99536K (56%)
2 ms. Memory: 177152K Free: 99022K (56%)
3 ms. Memory: 177152K Free: 97984K (55%)
2 ms. Memory: 177152K Free: 97488K (55%)
/home/travis/build/icyphy/ptII/ptolemy/actor/lib/test/MultiplyDivide.tcl
5 ms. Memory: 177152K Free: 95440K (54%)
11 ms. Memory: 177152K Free: 94920K (54%)
6 ms. Memory: 177152K Free: 93902K (53%)
6 ms. Memory: 177152K Free: 93392K (53%)
2 ms. Memory: 177152K Free: 92368K (52%)
/home/travis/build/icyphy/ptII/ptolemy/actor/lib/test/OrderedMerge.tcl
Connections changed on port: inputA
Connections changed on port: inputB
Connections changed on port: output
Connections changed on port: output
Connections changed on port: output
Connections changed on port: input
.top. Preinitializing ...
Invoking preinitialize():  .top.OrderedMerge
Called preinitialize()
Invoking preinitialize():  .top.Ramp
Called preinitialize()
Invoking preinitialize():  .top.Ramp2
Called preinitialize()
Invoking preinitialize():  .top.Test
Called preinitialize()
Connections changed on port: inputA
Connections changed on port: output
Connections changed on port: output
Connections changed on port: input
Connections changed on port: inputB
Connections changed on port: output
.top. Finished preinitialize().
Called initialize().
Invoking initialize():  .top.OrderedMerge
Initializing actor: .top.OrderedMerge
Adding a thread: .top.OrderedMerge
Invoking initialize():  .top.Ramp
Initializing actor: .top.Ramp
Adding a thread: .top.Ramp
Invoking initialize():  .top.Ramp2
Initializing actor: .top.Ramp2
Adding a thread: .top.Ramp2
Invoking initialize():  .top.Test
Initializing actor: .top.Test
Adding a thread: .top.Test
Called fire().
Checking for deadlock:
-- Starting thread.
Called initialize()
Called prefire()
Called fire()
-- Starting thread.
Called initialize()
-- Starting thread.
Called initialize()
Called prefire()
Called prefire()
Called fire()
Called fire()
-- Starting thread.
Called initialize()
Called prefire()
Called fire()
There are 0 Blocked actors, 0 Stopped actors, and 4 active threads.
Waiting for actors to stop.
Called postfire()
Called postfire()
Called prefire()
Called prefire()
Called fire()
Called fire()
Read input token from inputA with value 0.0
Next port to read input from is inputB
Called postfire()
Called prefire()
Called fire()
Read input token from inputB with value 0.0
Sent output token with value 0.0
Next port to read input from is inputA
Called postfire()
Called prefire()
Called fire()
Checking for deadlock:
There are 1 Blocked actors, 0 Stopped actors, and 4 active threads.
Waiting for actors to stop.
Called postfire()
Called prefire()
Called fire()
-- Read input: 0.0, which is expected to match: 0.0
Called prefire()
Called fire()
Called postfire()
Called prefire()
Called fire()
Checking for deadlock:
There are 3 Blocked actors, 0 Stopped actors, and 4 active threads.
Waiting for actors to stop.
Called postfire()
Called prefire()
Called fire()
Read input token from inputA with value 1.0
Sent output token with value 0.0
Next port to read input from is inputB
Called postfire()
Called prefire()
Called fire()
Read input token from inputB with value 1.5
Checking for deadlock:
There are 2 Blocked actors, 0 Stopped actors, and 4 active threads.
Waiting for actors to stop.
Called postfire()
Called prefire()
Called fire()
-- Read input: 0.0, which is expected to match: 0.0
Called prefire()
Called fire()
Checking for deadlock:
There are 3 Blocked actors, 0 Stopped actors, and 4 active threads.
Waiting for actors to stop.
-- Read input: 1.0, which is expected to match: 1.0
Called prefire()
Called fire()
Sent output token with value 1.0
Next port to read input from is inputA
Called postfire()
Called prefire()
Called fire()
Read input token from inputA with value 2.0
Sent output token with value 1.5
Next port to read input from is inputB
Called postfire()
Called prefire()
Called fire()
Read input token from inputB with value 3.0
Checking for deadlock:
There are 1 Blocked actors, 0 Stopped actors, and 4 active threads.
Waiting for actors to stop.
Called postfire()
Called prefire()
Called fire()
Called postfire()
Called prefire()
Called fire()
-- Read input: 1.5, which is expected to match: 1.5
Called prefire()
Called fire()
Checking for deadlock:
There are 3 Blocked actors, 0 Stopped actors, and 4 active threads.
Waiting for actors to stop.
-- Read input: 2.0, which is expected to match: 2.0
Called prefire()
Called fire()
Sent output token with value 2.0
Next port to read input from is inputA
Called postfire()
Called prefire()
Called fire()
Read input token from inputA with value 3.0
Sent output token with value 3.0
Next port to read input from is inputB
Called postfire()
Called prefire()
Called fire()
Read input token from inputB with value 4.5
Checking for deadlock:
There are 1 Blocked actors, 0 Stopped actors, and 4 active threads.
Waiting for actors to stop.
Called postfire()
Called prefire()
Called fire()
Called postfire()
Called prefire()
Called fire()
-- Read input: 3.0, which is expected to match: 3.0
Called prefire()
Called fire()
Checking for deadlock:
There are 3 Blocked actors, 0 Stopped actors, and 4 active threads.
Waiting for actors to stop.
-- Read input: 3.0, which is expected to match: 3.0
Called prefire()
Called fire()
Sent output token with value 3.0
Next port to read input from is inputA
Called postfire()
Called prefire()
Called fire()
Read input token from inputA with value 4.0
Sent output token with value 4.0
Next port to read input from is inputA
Called postfire()
Called prefire()
Called fire()
Checking for deadlock:
There are 2 Blocked actors, 0 Stopped actors, and 4 active threads.
Waiting for actors to stop.
Called postfire()
Called prefire()
Called fire()
-- Read input: 4.0, which is expected to match: 4.0
Called prefire()
Called fire()
Past the end of training data. Read and discard all inputs.
Checking for deadlock:
There are 3 Blocked actors, 0 Stopped actors, and 4 active threads.
Waiting for actors to stop.
Called postfire()
Called prefire()
Called fire()
Checking for deadlock:
There are 3 Blocked actors, 0 Stopped actors, and 4 active threads.
Waiting for actors to stop.
Read input token from inputA with value 5.0
Called prefire()
Called fire()
Past the end of training data. Read and discard all inputs.
Checking for deadlock:
There are 3 Blocked actors, 0 Stopped actors, and 4 active threads.
Waiting for actors to stop.
Sent output token with value 4.5
Next port to read input from is inputB
Called postfire()
Called prefire()
Called fire()
Called postfire()
Called prefire()
Called fire()
Checking for deadlock:
There are 3 Blocked actors, 0 Stopped actors, and 4 active threads.
Waiting for actors to stop.
Read input token from inputB with value 6.0
Called prefire()
Called fire()
Past the end of training data. Read and discard all inputs.
Checking for deadlock:
There are 3 Blocked actors, 0 Stopped actors, and 4 active threads.
Waiting for actors to stop.
Sent output token with value 5.0
Next port to read input from is inputA
Called postfire()
Called prefire()
Called fire()
Checking for deadlock:
There are 2 Blocked actors, 0 Stopped actors, and 4 active threads.
Waiting for actors to stop.
Called postfire()
Called prefire()
Called fire()
Checking for deadlock:
There are 3 Blocked actors, 0 Stopped actors, and 4 active threads.
Waiting for actors to stop.
Read input token from inputA with value 6.0
Checking for deadlock:
There are 2 Blocked actors, 0 Stopped actors, and 4 active threads.
Waiting for actors to stop.
Called prefire()
Called fire()
Past the end of training data. Read and discard all inputs.
Checking for deadlock:
There are 3 Blocked actors, 0 Stopped actors, and 4 active threads.
Waiting for actors to stop.
Sent output token with value 6.0
Next port to read input from is inputB
Called postfire()
Called prefire()
Called fire()
Called postfire()
Called prefire()
Called fire()
Checking for deadlock:
There are 3 Blocked actors, 0 Stopped actors, and 4 active threads.
Waiting for actors to stop.
Read input token from inputB with value 7.5
Called prefire()
Called fire()
Past the end of training data. Read and discard all inputs.
Checking for deadlock:
There are 3 Blocked actors, 0 Stopped actors, and 4 active threads.
Waiting for actors to stop.
Sent output token with value 6.0
Next port to read input from is inputA
Called postfire()
Called prefire()
Called fire()
Checking for deadlock:
There are 2 Blocked actors, 0 Stopped actors, and 4 active threads.
Waiting for actors to stop.
Called postfire()
Called prefire()
Called fire()
Checking for deadlock:
There are 3 Blocked actors, 0 Stopped actors, and 4 active threads.
Waiting for actors to stop.
Read input token from inputA with value 7.0
Checking for deadlock:
There are 2 Blocked actors, 0 Stopped actors, and 4 active threads.
Waiting for actors to stop.
Called prefire()
Called fire()
Past the end of training data. Read and discard all inputs.
Checking for deadlock:
There are 3 Blocked actors, 0 Stopped actors, and 4 active threads.
Waiting for actors to stop.
Sent output token with value 7.0
Next port to read input from is inputA
Called postfire()
Called prefire()
Called fire()
Checking for deadlock:
There are 2 Blocked actors, 0 Stopped actors, and 4 active threads.
Waiting for actors to stop.
-- Thread wrapup() called.
Called wrapup()
Thread .top.Ramp is exiting.
-- Thread stopped.
Checking for deadlock:
There are 2 Blocked actors, 0 Stopped actors, and 3 active threads.
Waiting for actors to stop.
Read input token from inputA with value 8.0
Called prefire()
Called fire()
Past the end of training data. Read and discard all inputs.
Checking for deadlock:
There are 2 Blocked actors, 0 Stopped actors, and 3 active threads.
Waiting for actors to stop.
Sent output token with value 7.5
Next port to read input from is inputB
Called postfire()
Called prefire()
Called fire()
Checking for deadlock:
There are 1 Blocked actors, 0 Stopped actors, and 3 active threads.
Waiting for actors to stop.
Called postfire()
Called prefire()
Called fire()
Checking for deadlock:
There are 2 Blocked actors, 0 Stopped actors, and 3 active threads.
Waiting for actors to stop.
Read input token from inputB with value 9.0
Checking for deadlock:
There are 1 Blocked actors, 0 Stopped actors, and 3 active threads.
Waiting for actors to stop.
Called prefire()
Called fire()
Past the end of training data. Read and discard all inputs.
Checking for deadlock:
There are 2 Blocked actors, 0 Stopped actors, and 3 active threads.
Waiting for actors to stop.
Sent output token with value 8.0
Next port to read input from is inputA
Called postfire()
Called prefire()
Called fire()
Read input token from inputA with value 9.0
Called prefire()
Called fire()
Past the end of training data. Read and discard all inputs.
Checking for deadlock:
There are 2 Blocked actors, 0 Stopped actors, and 3 active threads.
Waiting for actors to stop.
Sent output token with value 9.0
Next port to read input from is inputB
Called postfire()
Called prefire()
Called fire()
Called postfire()
Called prefire()
Called fire()
Checking for deadlock:
There are 2 Blocked actors, 0 Stopped actors, and 3 active threads.
Waiting for actors to stop.
Read input token from inputB with value 10.5
Called prefire()
Called fire()
Past the end of training data. Read and discard all inputs.
Checking for deadlock:
There are 2 Blocked actors, 0 Stopped actors, and 3 active threads.
Waiting for actors to stop.
Sent output token with value 9.0
Next port to read input from is inputA
Called postfire()
Called prefire()
Called fire()
Checking for deadlock:
There are 3 Blocked actors, 0 Stopped actors, and 3 active threads.
Actors have stopped.
Checking for deadlock:
There are 3 Blocked actors, 0 Stopped actors, and 3 active threads.
Deadlock detected.
Resolving Deadlock
Checking for deadlock:
There are 3 Blocked actors, 0 Stopped actors, and 3 active threads.
Artificial Deadlock - increasing queue capacity.
increasing the capacity of receiver ptolemy.actor.TypedIOPort {.top.OrderedMerge.inputB} to 2
Director: Called postfire().
Called postfire().
_stopRequested = false
_stopFireRequested = false
Returning from postfire(): true
Called fire().
Checking for deadlock:
There are 2 Blocked actors, 0 Stopped actors, and 3 active threads.
Waiting for actors to stop.
-- Thread wrapup() called.
Called wrapup()
Thread .top.Ramp2 is exiting.
-- Thread stopped.
Checking for deadlock:
There are 2 Blocked actors, 0 Stopped actors, and 2 active threads.
Actors have stopped.
Checking for deadlock:
There are 2 Blocked actors, 0 Stopped actors, and 2 active threads.
Deadlock detected.
Resolving Deadlock
Checking for deadlock:
There are 2 Blocked actors, 0 Stopped actors, and 2 active threads.
Deadlock detected: no processes blocked on write, but some are blocked on read.
Called postfire().
_stopRequested = false
_stopFireRequested = false
Returning from postfire(): false
Finished deactivating branches.
Called wrapup().
-- Thread wrapup() called.
Called wrapup()
Thread .top.Test is exiting.
-- Thread stopped.
-- Blocked Receiver call threw TerminateProcessException.
-- Thread wrapup() called.
Called wrapup()
Thread .top.OrderedMerge is exiting.
-- Thread stopped.
-- Blocked Receiver call threw TerminateProcessException.
61 ms. Memory: 177152K Free: 87758K (50%)
.top. Preinitializing ...
Invoking preinitialize():  .top.OrderedMerge
Called preinitialize()
Invoking preinitialize():  .top.Ramp
Called preinitialize()
Invoking preinitialize():  .top.Ramp2
Called preinitialize()
Invoking preinitialize():  .top.Test
Called preinitialize()
.top. Finished preinitialize().
Called initialize().
Invoking initialize():  .top.OrderedMerge
Initializing actor: .top.OrderedMerge
Adding a thread: .top.OrderedMerge
Invoking initialize():  .top.Ramp
Initializing actor: .top.Ramp
Adding a thread: .top.Ramp
Invoking initialize():  .top.Ramp2
Initializing actor: .top.Ramp2
Adding a thread: .top.Ramp2
Invoking initialize():  .top.Test
Initializing actor: .top.Test
Adding a thread: .top.Test
-- Starting thread.
Called initialize()
Called prefire()
Called fire()
-- Starting thread.
Called initialize()
Called prefire()
Called fire()
Called postfire()
Called prefire()
Called fire()
Called fire().
Checking for deadlock:
There are 2 Blocked actors, 0 Stopped actors, and 4 active threads.
Waiting for actors to stop.
-- Starting thread.
-- Starting thread.
Called initialize()
Called prefire()
Called fire()
Called postfire()
Called prefire()
Called fire()
Called initialize()
Called prefire()
Called fire()
Read input token from inputA with value 0.0
Next port to read input from is inputB
Called postfire()
Called prefire()
Called fire()
Read input token from inputB with value 0.0
Sent output token with value 0.0
Next port to read input from is inputA
Called postfire()
Called prefire()
Called fire()
Called postfire()
Called prefire()
Called fire()
Checking for deadlock:
There are 0 Blocked actors, 0 Stopped actors, and 4 active threads.
Waiting for actors to stop.
Called postfire()
Called prefire()
Called fire()
-- Read input: 0.0, which is expected to match: 0.0
Called prefire()
Called fire()
Read input token from inputA with value 1.0
Sent output token with value 0.0
Next port to read input from is inputB
Called postfire()
Called prefire()
Called fire()
Read input token from inputB with value 1.5
Checking for deadlock:
There are 1 Blocked actors, 0 Stopped actors, and 4 active threads.
Waiting for actors to stop.
Called postfire()
Called prefire()
Called fire()
-- Read input: 0.0, which is expected to match: 0.0
Checking for deadlock:
Called prefire()
There are 1 Blocked actors, 0 Stopped actors, and 4 active threads.
Called fire()
Waiting for actors to stop.
Called postfire()
Called prefire()
Called fire()
Checking for deadlock:
There are 2 Blocked actors, 0 Stopped actors, and 4 active threads.
Waiting for actors to stop.
-- Read input: 1.0, which is expected to match: 1.0
Called prefire()
Called fire()
Checking for deadlock:
There are 3 Blocked actors, 0 Stopped actors, and 4 active threads.
Waiting for actors to stop.
Sent output token with value 1.0
Next port to read input from is inputA
Called postfire()
Called prefire()
Called fire()
Read input token from inputA with value 2.0
Sent output token with value 1.5
Next port to read input from is inputB
Called postfire()
Called prefire()
Called fire()
Read input token from inputB with value 3.0
Called postfire()
Called prefire()
Called fire()
Checking for deadlock:
There are 2 Blocked actors, 0 Stopped actors, and 4 active threads.
Waiting for actors to stop.
Called postfire()
Called prefire()
Called fire()
Checking for deadlock:
There are 3 Blocked actors, 0 Stopped actors, and 4 active threads.
Waiting for actors to stop.
Checking for deadlock:
There are 2 Blocked actors, 0 Stopped actors, and 4 active threads.
-- Read input: 1.5, which is expected to match: 1.5
Waiting for actors to stop.
Called prefire()
Called fire()
Sent output token with value 2.0
-- Read input: 2.0, which is expected to match: 2.0
Next port to read input from is inputA
Called postfire()
Called prefire()
Called prefire()
Called fire()
Called fire()
Read input token from inputA with value 3.0
Sent output token with value 3.0
Next port to read input from is inputB
Called postfire()
Called prefire()
Called fire()
Read input token from inputB with value 4.5
Called postfire()
Called prefire()
Called fire()
-- Read input: 3.0, which is expected to match: 3.0
Checking for deadlock:
Called prefire()
Called fire()
There are 1 Blocked actors, 0 Stopped actors, and 4 active threads.
Waiting for actors to stop.
Called postfire()
Called prefire()
Called fire()
Checking for deadlock:
There are 2 Blocked actors, 0 Stopped actors, and 4 active threads.
Waiting for actors to stop.
Sent output token with value 3.0
-- Read input: 3.0, which is expected to match: 3.0
Called prefire()
Called fire()
Next port to read input from is inputA
Called postfire()
Called prefire()
Called fire()
Checking for deadlock:
There are 3 Blocked actors, 0 Stopped actors, and 4 active threads.
Waiting for actors to stop.
Called postfire()
Called prefire()
Called fire()
Checking for deadlock:
There are 3 Blocked actors, 0 Stopped actors, and 4 active threads.
Waiting for actors to stop.
Read input token from inputA with value 4.0
Checking for deadlock:
There are 2 Blocked actors, 0 Stopped actors, and 4 active threads.
Waiting for actors to stop.
Sent output token with value 4.0
Next port to read input from is inputA
Called postfire()
-- Read input: 4.0, which is expected to match: 4.0
Called prefire()
Called fire()
Called prefire()
Called fire()
Past the end of training data. Read and discard all inputs.
Checking for deadlock:
There are 1 Blocked actors, 0 Stopped actors, and 4 active threads.
Waiting for actors to stop.
Called postfire()
Called prefire()
Called fire()
Checking for deadlock:
There are 2 Blocked actors, 0 Stopped actors, and 4 active threads.
Waiting for actors to stop.
Checking for deadlock:
There are 3 Blocked actors, 0 Stopped actors, and 4 active threads.
Waiting for actors to stop.
Read input token from inputA with value 5.0
Checking for deadlock:
There are 2 Blocked actors, 0 Stopped actors, and 4 active threads.
Waiting for actors to stop.
Called prefire()
Called fire()
Past the end of training data. Read and discard all inputs.
Checking for deadlock:
There are 3 Blocked actors, 0 Stopped actors, and 4 active threads.
Waiting for actors to stop.
Sent output token with value 4.5
Next port to read input from is inputB
Called postfire()
Called prefire()
Called fire()
Checking for deadlock:
There are 2 Blocked actors, 0 Stopped actors, and 4 active threads.
Waiting for actors to stop.
Called postfire()
Called prefire()
Called fire()
Checking for deadlock:
There are 3 Blocked actors, 0 Stopped actors, and 4 active threads.
Waiting for actors to stop.
Read input token from inputB with value 6.0
Sent output token with value 5.0
Next port to read input from is inputA
Called postfire()
Called prefire()
Called fire()
Read input token from inputA with value 6.0
Checking for deadlock:
There are 2 Blocked actors, 0 Stopped actors, and 4 active threads.
Waiting for actors to stop.
Called postfire()
Called prefire()
Called prefire()
Called fire()
Called fire()
Past the end of training data. Read and discard all inputs.
Checking for deadlock:
There are 2 Blocked actors, 0 Stopped actors, and 4 active threads.
Waiting for actors to stop.
Called prefire()
Called fire()
Past the end of training data. Read and discard all inputs.
Checking for deadlock:
There are 3 Blocked actors, 0 Stopped actors, and 4 active threads.
Waiting for actors to stop.
Sent output token with value 6.0
Next port to read input from is inputB
Called postfire()
Called prefire()
Called fire()
Read input token from inputB with value 7.5
Sent output token with value 6.0
Next port to read input from is inputA
Called postfire()
Called prefire()
Called fire()
Read input token from inputA with value 7.0
Called postfire()
Called prefire()
Called fire()
Checking for deadlock:
There are 2 Blocked actors, 0 Stopped actors, and 4 active threads.
Waiting for actors to stop.
Called postfire()
Called prefire()
Called fire()
Checking for deadlock:
Called prefire()
Called fire()
There are 2 Blocked actors, 0 Stopped actors, and 4 active threads.
Past the end of training data. Read and discard all inputs.
Waiting for actors to stop.
Checking for deadlock:
There are 3 Blocked actors, 0 Stopped actors, and 4 active threads.
Waiting for actors to stop.
Called prefire()
Called fire()
Checking for deadlock:
Past the end of training data. Read and discard all inputs.
There are 2 Blocked actors, 0 Stopped actors, and 4 active threads.
Waiting for actors to stop.
Checking for deadlock:
There are 3 Blocked actors, 0 Stopped actors, and 4 active threads.
Waiting for actors to stop.
Sent output token with value 7.0
Next port to read input from is inputA
Called postfire()
Called prefire()
Called fire()
Read input token from inputA with value 8.0
Sent output token with value 7.5
Next port to read input from is inputB
Called postfire()
Called prefire()
Called fire()
Read input token from inputB with value 9.0
Called postfire()
Called prefire()
Called fire()
Checking for deadlock:
There are 2 Blocked actors, 0 Stopped actors, and 4 active threads.
Waiting for actors to stop.
-- Thread wrapup() called.
Called wrapup()
Thread .top.Ramp is exiting.
-- Thread stopped.
Checking for deadlock:
There are 1 Blocked actors, 0 Stopped actors, and 3 active threads.
Waiting for actors to stop.
Sent output token with value 8.0
Next port to read input from is inputA
Called postfire()
Called prefire()
Called fire()
Read input token from inputA with value 9.0
Checking for deadlock:
There are 2 Blocked actors, 0 Stopped actors, and 3 active threads.
Waiting for actors to stop.
Called prefire()
Called fire()
Past the end of training data. Read and discard all inputs.
Called prefire()
Called fire()
Past the end of training data. Read and discard all inputs.
Checking for deadlock:
There are 2 Blocked actors, 0 Stopped actors, and 3 active threads.
Waiting for actors to stop.
Checking for deadlock:
There are 1 Blocked actors, 0 Stopped actors, and 3 active threads.
Waiting for actors to stop.
Called prefire()
Called fire()
Past the end of training data. Read and discard all inputs.
Checking for deadlock:
There are 2 Blocked actors, 0 Stopped actors, and 3 active threads.
Waiting for actors to stop.
Sent output token with value 9.0
Next port to read input from is inputB
Called postfire()
Called prefire()
Called fire()
Called postfire()
Called prefire()
Called fire()
Checking for deadlock:
There are 2 Blocked actors, 0 Stopped actors, and 3 active threads.
Waiting for actors to stop.
Read input token from inputB with value 10.5
Checking for deadlock:
There are 1 Blocked actors, 0 Stopped actors, and 3 active threads.
Waiting for actors to stop.
Called prefire()
Sent output token with value 9.0
Called fire()
Past the end of training data. Read and discard all inputs.
Checking for deadlock:
There are 2 Blocked actors, 0 Stopped actors, and 3 active threads.
Waiting for actors to stop.
Next port to read input from is inputA
Called postfire()
Called prefire()
Called fire()
Checking for deadlock:
There are 3 Blocked actors, 0 Stopped actors, and 3 active threads.
Actors have stopped.
Checking for deadlock:
There are 3 Blocked actors, 0 Stopped actors, and 3 active threads.
Deadlock detected.
Resolving Deadlock
Checking for deadlock:
There are 3 Blocked actors, 0 Stopped actors, and 3 active threads.
Artificial Deadlock - increasing queue capacity.
increasing the capacity of receiver ptolemy.actor.TypedIOPort {.top.OrderedMerge.inputB} to 2
Director: Called postfire().
Called postfire().
_stopRequested = false
_stopFireRequested = false
Returning from postfire(): true
Called fire().
Checking for deadlock:
There are 2 Blocked actors, 0 Stopped actors, and 3 active threads.
Waiting for actors to stop.
-- Thread wrapup() called.
Called wrapup()
Thread .top.Ramp2 is exiting.
-- Thread stopped.
Checking for deadlock:
There are 2 Blocked actors, 0 Stopped actors, and 2 active threads.
Actors have stopped.
Checking for deadlock:
There are 2 Blocked actors, 0 Stopped actors, and 2 active threads.
Deadlock detected.
Resolving Deadlock
Checking for deadlock:
There are 2 Blocked actors, 0 Stopped actors, and 2 active threads.
Deadlock detected: no processes blocked on write, but some are blocked on read.
Called postfire().
_stopRequested = false
_stopFireRequested = false
Returning from postfire(): false
Finished deactivating branches.
Called wrapup().
-- Thread wrapup() called.
Called wrapup()
-- Thread wrapup() called.
Called wrapup()
Thread .top.Test is exiting.
-- Thread stopped.
-- Blocked Receiver call threw TerminateProcessException.
Thread .top.OrderedMerge is exiting.
-- Thread stopped.
-- Blocked Receiver call threw TerminateProcessException.
29 ms. Memory: 177152K Free: 85200K (48%)
/home/travis/build/icyphy/ptII/ptolemy/actor/lib/test/Publisher.tcl
23 ms. Memory: 177152K Free: 79056K (45%)
7 ms. Memory: 177152K Free: 73422K (41%)
6 ms. Memory: 177152K Free: 69840K (39%)
5 ms. Memory: 177152K Free: 68816K (39%)
6 ms. Memory: 177152K Free: 68296K (39%)
14 ms. Memory: 177152K Free: 67264K (38%)
2 ms. Memory: 177152K Free: 66240K (37%)
7 ms. Memory: 177152K Free: 65744K (37%)
22 ms. Memory: 226304K Free: 204383K (90%)
6 ms. Memory: 226304K Free: 200791K (89%)
4 ms. Memory: 226304K Free: 199759K (88%)
6 ms. Memory: 226304K Free: 197725K (87%)
9 ms. Memory: 226304K Free: 190047K (84%)
16 ms. Memory: 226304K Free: 180831K (80%)
15 ms. Memory: 226304K Free: 169567K (75%)
/home/travis/build/icyphy/ptII/ptolemy/actor/lib/test/Pulse.tcl
7 ms. Memory: 226304K Free: 175028K (77%)
10 ms. Memory: 226304K Free: 174484K (77%)
2 ms. Memory: 226304K Free: 174004K (77%)
2 ms. Memory: 226304K Free: 173476K (77%)
1 ms. Memory: 226304K Free: 172980K (76%)
6 ms. Memory: 226304K Free: 171956K (76%)
2 ms. Memory: 226304K Free: 170932K (76%)
1 ms. Memory: 226304K Free: 169908K (75%)
1 ms. Memory: 226304K Free: 169380K (75%)
/home/travis/build/icyphy/ptII/ptolemy/actor/lib/test/Ramp.tcl
2 ms. Memory: 226304K Free: 167346K (74%)
2 ms. Memory: 226304K Free: 166836K (74%)
2 ms. Memory: 226304K Free: 165812K (73%)
2 ms. Memory: 226304K Free: 165292K (73%)
3 ms. Memory: 226304K Free: 164274K (73%)
4 ms. Memory: 226304K Free: 163764K (72%)
4 ms. Memory: 226304K Free: 162740K (72%)
5 actors
5000 microseconds per iteration to create
5 ms. Memory: 226304K Free: 159668K (71%)
1 ms. Memory: 226304K Free: 159154K (70%)
1 ms. Memory: 226304K Free: 158644K (70%)
2 ms. Memory: 226304K Free: 158130K (70%)
50 actors
36000 microseconds per iteration to create
23 ms. Memory: 226304K Free: 142260K (63%)
5 ms. Memory: 226304K Free: 141236K (62%)
4 ms. Memory: 226304K Free: 140212K (62%)
4 ms. Memory: 226304K Free: 139188K (62%)
500 actors
1768000 microseconds per iteration to create
278 ms. Memory: 226304K Free: 100280K (44%)
50 ms. Memory: 226304K Free: 95146K (42%)
58 ms. Memory: 226304K Free: 90040K (40%)
46 ms. Memory: 226304K Free: 84410K (37%)
/home/travis/build/icyphy/ptII/ptolemy/actor/lib/test/RampContinuous.tcl
8 ms. Memory: 226304K Free: 83386K (37%)
/home/travis/build/icyphy/ptII/ptolemy/actor/lib/test/RecordAssembler.tcl
5 ms. Memory: 226304K Free: 81842K (36%)
31 ms. Memory: 226304K Free: 204445K (90%)
/home/travis/build/icyphy/ptII/ptolemy/actor/lib/test/RecordDisassembler.tcl
7 ms. Memory: 226304K Free: 202377K (89%)
4 ms. Memory: 226304K Free: 201893K (89%)
8 ms. Memory: 226304K Free: 200355K (89%)
/home/travis/build/icyphy/ptII/ptolemy/actor/lib/test/Scale.tcl
3 ms. Memory: 226304K Free: 198821K (88%)
1 ms. Memory: 226304K Free: 197797K (87%)
2 ms. Memory: 226304K Free: 197253K (87%)
3 ms. Memory: 226304K Free: 196259K (87%)
3 ms. Memory: 226304K Free: 195235K (86%)
/home/travis/build/icyphy/ptII/ptolemy/actor/lib/test/SequentialClock.tcl
preinitializing
resolving types
initializing
executing number 1
wrapping up
idle
5 ms. Memory: 226304K Free: 194211K (86%)
Completed execution with 5 iterations
preinitializing
resolving types
initializing
executing number 1
wrapping up
idle
1 ms. Memory: 226304K Free: 193701K (86%)
Completed execution with 5 iterations
preinitializing
resolving types
initializing
executing number 1
wrapping up
idle
2 ms. Memory: 226304K Free: 193173K (85%)
Completed execution with 5 iterations
/home/travis/build/icyphy/ptII/ptolemy/actor/lib/test/SetVariable.tcl
6 ms. Memory: 226304K Free: 191133K (84%)


==== $PTII/ptolemy/actor/lib/test/SetVariable.tcl: SetVariable-3.1 changeFailed
==== Contents of test case:

    #Uses 2.1 above
    jdkCaptureErr {
        # This test was failing if we ran Exit.tcl and then this test.
        # MessageHandler.error() now actually throws the Exception.
	catch {$setVariable changeFailed [java::null]  [java::new Exception {Test exception for SetVariable.changeFailed()}]} errMsg
    } results
    list [string range $results 0 89] "\n" $errMsg

==== Result was:
{java.lang.Exception: Test exception for SetVariable.changeFailed()
	at java.base/jdk.inter} {
} {java.lang.RuntimeException: java.lang.Exception: Test exception for SetVariable.changeFailed()}
---- Result should have been:
{java.lang.Exception: Test exception for SetVariable.changeFailed()
	at sun.reflect.NativeC} {
} {java.lang.RuntimeException: java.lang.Exception: Test exception for SetVariable.changeFailed()}
---- SetVariable-3.1 FAILED
/home/travis/build/icyphy/ptII/ptolemy/actor/lib/test/Sinewave.tcl
/home/travis/build/icyphy/ptII/ptolemy/actor/lib/test/SubscriptionAggregator.tcl
5 ms. Memory: 226304K Free: 179365K (79%)
8 ms. Memory: 226304K Free: 178851K (79%)
1 ms. Memory: 226304K Free: 178341K (79%)
1 ms. Memory: 226304K Free: 178309K (79%)
1 ms. Memory: 226304K Free: 174741K (77%)
17 ms. Memory: 226304K Free: 172197K (76%)
...............................................................1293 ms. Memory: 290816K Free: 119414K (41%)
/home/travis/build/icyphy/ptII/ptolemy/actor/lib/test/Test.tcl
 The next command will produce a warning about training mode,
   which may be ignored.
5 ms. Memory: 290816K Free: 117366K (40%)
3 ms. Memory: 290816K Free: 116852K (40%)
1 ms. Memory: 290816K Free: 115828K (40%)
10 ms. Memory: 290816K Free: 115318K (40%)
1 ms. Memory: 290816K Free: 114790K (39%)
11 ms. Memory: 290816K Free: 113750K (39%)
3 ms. Memory: 290816K Free: 112246K (39%)
 The next command will produce a warning about training mode,
   which may be ignored.
4 ms. Memory: 290816K Free: 109684K (38%)
 The next command will produce a warning about training mode,
   which may be ignored.
7 ms. Memory: 290816K Free: 108646K (37%)
1 ms. Memory: 290816K Free: 108150K (37%)
2 ms. Memory: 290816K Free: 107630K (37%)
3 ms. Memory: 290816K Free: 107126K (37%)
16 ms. Memory: 290816K Free: 106102K (36%)
3 ms. Memory: 290816K Free: 102502K (35%)
/home/travis/build/icyphy/ptII/ptolemy/actor/lib/test/TestExceptionHandler.tcl
 The next command will produce a warning about training mode,
   which may be ignored.
3 ms. Memory: 290816K Free: 100982K (35%)
0 ms. Memory: 290816K Free: 100454K (35%)
1 ms. Memory: 290816K Free: 99958K (34%)
/home/travis/build/icyphy/ptII/ptolemy/actor/lib/test/UnionDisassembler.tcl
14 ms. Memory: 290816K Free: 241904K (83%)
/home/travis/build/icyphy/ptII/ptolemy/actor/lib/test/VariableClock.tcl
preinitializing
resolving types
initializing
executing number 1
wrapping up
idle
3 ms. Memory: 290816K Free: 240335K (83%)
Completed execution with 11 iterations
preinitializing
resolving types
initializing
executing number 1
wrapping up
idle
4 ms. Memory: 290816K Free: 238832K (82%)
Completed execution with 10 iterations
06/23/19 04:12:09
Failed: 2  Total Tests: 234  ((Passed: 232, Newly Passed: 0)  Known Failed: 0) /home/travis/build/icyphy/ptII/ptolemy/actor/lib/test
----------------- testing (KnownFailure) /home/travis/build/icyphy/ptII/ptolemy/actor/lib/test/auto/knownFailedTests/PublisherPortToplevelSubscriber.xml
1 ms. Memory: 290816K Free: 235246K (81%)
Known Failure: java.lang.reflect.InvocationTargetException
----------------- testing (KnownFailure) /home/travis/build/icyphy/ptII/ptolemy/actor/lib/test/auto/knownFailedTests/PublisherSubscriberPortToplevel.xml
0 ms. Memory: 290816K Free: 231135K (79%)
Known Failure: java.lang.reflect.InvocationTargetException
----------------- testing (KnownFailure) /home/travis/build/icyphy/ptII/ptolemy/actor/lib/test/auto/knownFailedTests/PublisherSubscriptionAggregatorPort.xml
0 ms. Memory: 290816K Free: 226544K (78%)
Known Failure: java.lang.reflect.InvocationTargetException
----------------- testing (KnownFailure) /home/travis/build/icyphy/ptII/ptolemy/actor/lib/test/auto/knownFailedTests/sizedarray3.xml
10 ms. Memory: 290816K Free: 222448K (76%)
Known Failure: java.lang.reflect.InvocationTargetException
No auto/linux-amd64/*.xml tests in /home/travis/build/icyphy/ptII/ptolemy/actor/lib/test
AutoTests.java: About to close Vertx.
AutoTests.java: Vertx closed.

===========================================================================================
----------------- testing Sun Jun 23 16:12:09 UTC 2019 /home/travis/build/icyphy/ptII/ptolemy/actor/lib/test/auto/AbsoluteValue.xml
----------------- Instantiating /home/travis/build/icyphy/ptII/ptolemy/actor/lib/test/auto/AbsoluteValue.xml
4 ms. Memory: 290816K Free: 200430K (69%)
----------------- Invoking toplevel() on ptolemy.moml.MoMLSimpleApplication@5247cc06
----------------- Done invoking toplevel() on ptolemy.moml.MoMLSimpleApplication@5247cc06
reloadAllAccessors: .AbsoluteValue

===========================================================================================
----------------- testing Sun Jun 23 16:12:09 UTC 2019 /home/travis/build/icyphy/ptII/ptolemy/actor/lib/test/auto/AbsoluteValue2.xml
----------------- Instantiating /home/travis/build/icyphy/ptII/ptolemy/actor/lib/test/auto/AbsoluteValue2.xml
5 ms. Memory: 290816K Free: 193776K (67%)
----------------- Invoking toplevel() on ptolemy.moml.MoMLSimpleApplication@273f7d42
----------------- Done invoking toplevel() on ptolemy.moml.MoMLSimpleApplication@273f7d42
reloadAllAccessors: .AbsoluteValue2

===========================================================================================
----------------- testing Sun Jun 23 16:12:09 UTC 2019 /home/travis/build/icyphy/ptII/ptolemy/actor/lib/test/auto/Accumulator.xml
----------------- Instantiating /home/travis/build/icyphy/ptII/ptolemy/actor/lib/test/auto/Accumulator.xml
5 ms. Memory: 290816K Free: 187118K (64%)
----------------- Invoking toplevel() on ptolemy.moml.MoMLSimpleApplication@83b6c85
----------------- Done invoking toplevel() on ptolemy.moml.MoMLSimpleApplication@83b6c85
reloadAllAccessors: .Accumulator

===========================================================================================
----------------- testing Sun Jun 23 16:12:09 UTC 2019 /home/travis/build/icyphy/ptII/ptolemy/actor/lib/test/auto/Accumulator2.xml
----------------- Instantiating /home/travis/build/icyphy/ptII/ptolemy/actor/lib/test/auto/Accumulator2.xml
6 ms. Memory: 290816K Free: 181998K (63%)
----------------- Invoking toplevel() on ptolemy.moml.MoMLSimpleApplication@72749fa0
----------------- Done invoking toplevel() on ptolemy.moml.MoMLSimpleApplication@72749fa0
reloadAllAccessors: .Accumulator2

===========================================================================================
----------------- testing Sun Jun 23 16:12:09 UTC 2019 /home/travis/build/icyphy/ptII/ptolemy/actor/lib/test/auto/Accumulator3.xml
----------------- Instantiating /home/travis/build/icyphy/ptII/ptolemy/actor/lib/test/auto/Accumulator3.xml
9 ms. Memory: 290816K Free: 177902K (61%)
----------------- Invoking toplevel() on ptolemy.moml.MoMLSimpleApplication@4a76b19a
----------------- Done invoking toplevel() on ptolemy.moml.MoMLSimpleApplication@4a76b19a
reloadAllAccessors: .Accumulator3

===========================================================================================
----------------- testing Sun Jun 23 16:12:09 UTC 2019 /home/travis/build/icyphy/ptII/ptolemy/actor/lib/test/auto/ArrayAppend.xml
----------------- Instantiating /home/travis/build/icyphy/ptII/ptolemy/actor/lib/test/auto/ArrayAppend.xml
5 ms. Memory: 290816K Free: 171248K (59%)
----------------- Invoking toplevel() on ptolemy.moml.MoMLSimpleApplication@721d99c8
----------------- Done invoking toplevel() on ptolemy.moml.MoMLSimpleApplication@721d99c8
reloadAllAccessors: .ArrayAppend

===========================================================================================
----------------- testing Sun Jun 23 16:12:09 UTC 2019 /home/travis/build/icyphy/ptII/ptolemy/actor/lib/test/auto/ArrayAppend2.xml
----------------- Instantiating /home/travis/build/icyphy/ptII/ptolemy/actor/lib/test/auto/ArrayAppend2.xml
532 ms. Memory: 449536K Free: 395774K (88%)
----------------- Invoking toplevel() on ptolemy.moml.MoMLSimpleApplication@19f5d73f
----------------- Done invoking toplevel() on ptolemy.moml.MoMLSimpleApplication@19f5d73f
reloadAllAccessors: .ArrayAppend2

===========================================================================================
----------------- testing Sun Jun 23 16:12:10 UTC 2019 /home/travis/build/icyphy/ptII/ptolemy/actor/lib/test/auto/ArrayAppend3.xml
----------------- Instantiating /home/travis/build/icyphy/ptII/ptolemy/actor/lib/test/auto/ArrayAppend3.xml
13 ms. Memory: 449536K Free: 389630K (87%)
----------------- Invoking toplevel() on ptolemy.moml.MoMLSimpleApplication@bc11750
----------------- Done invoking toplevel() on ptolemy.moml.MoMLSimpleApplication@bc11750
reloadAllAccessors: .ArrayAppend3

===========================================================================================
----------------- testing Sun Jun 23 16:12:10 UTC 2019 /home/travis/build/icyphy/ptII/ptolemy/actor/lib/test/auto/ArrayAppend4.xml
----------------- Instantiating /home/travis/build/icyphy/ptII/ptolemy/actor/lib/test/auto/ArrayAppend4.xml
5 ms. Memory: 449536K Free: 384510K (86%)
----------------- Invoking toplevel() on ptolemy.moml.MoMLSimpleApplication@626ddd73
----------------- Done invoking toplevel() on ptolemy.moml.MoMLSimpleApplication@626ddd73
reloadAllAccessors: .ArrayAppend4

===========================================================================================
----------------- testing Sun Jun 23 16:12:10 UTC 2019 /home/travis/build/icyphy/ptII/ptolemy/actor/lib/test/auto/ArrayAppend5.xml
----------------- Instantiating /home/travis/build/icyphy/ptII/ptolemy/actor/lib/test/auto/ArrayAppend5.xml
2 ms. Memory: 449536K Free: 378880K (84%)
----------------- Invoking toplevel() on ptolemy.moml.MoMLSimpleApplication@5368e59
----------------- Done invoking toplevel() on ptolemy.moml.MoMLSimpleApplication@5368e59
reloadAllAccessors: .ArrayAppend5

===========================================================================================
----------------- testing Sun Jun 23 16:12:10 UTC 2019 /home/travis/build/icyphy/ptII/ptolemy/actor/lib/test/auto/ArrayAppend6.xml
----------------- Instantiating /home/travis/build/icyphy/ptII/ptolemy/actor/lib/test/auto/ArrayAppend6.xml
4 ms. Memory: 449536K Free: 373760K (83%)
----------------- Invoking toplevel() on ptolemy.moml.MoMLSimpleApplication@421ac9c8
----------------- Done invoking toplevel() on ptolemy.moml.MoMLSimpleApplication@421ac9c8
reloadAllAccessors: .ArrayAppend6

===========================================================================================
----------------- testing Sun Jun 23 16:12:10 UTC 2019 /home/travis/build/icyphy/ptII/ptolemy/actor/lib/test/auto/ArrayAppendPerformanceTest.xml
----------------- Instantiating /home/travis/build/icyphy/ptII/ptolemy/actor/lib/test/auto/ArrayAppendPerformanceTest.xml
45 ms. Memory: 449536K Free: 363006K (81%)
----------------- Invoking toplevel() on ptolemy.moml.MoMLSimpleApplication@7dd4cea5
----------------- Done invoking toplevel() on ptolemy.moml.MoMLSimpleApplication@7dd4cea5
reloadAllAccessors: .ArrayAppendPerformanceTest

===========================================================================================
----------------- testing Sun Jun 23 16:12:10 UTC 2019 /home/travis/build/icyphy/ptII/ptolemy/actor/lib/test/auto/ArrayAppendWithEmptyInput.xml
----------------- Instantiating /home/travis/build/icyphy/ptII/ptolemy/actor/lib/test/auto/ArrayAppendWithEmptyInput.xml
15 ms. Memory: 449536K Free: 354814K (79%)
----------------- Invoking toplevel() on ptolemy.moml.MoMLSimpleApplication@bd9df98
----------------- Done invoking toplevel() on ptolemy.moml.MoMLSimpleApplication@bd9df98
reloadAllAccessors: .ArrayAppendWithEmptyInput

===========================================================================================
----------------- testing Sun Jun 23 16:12:10 UTC 2019 /home/travis/build/icyphy/ptII/ptolemy/actor/lib/test/auto/ArrayAverage.xml
----------------- Instantiating /home/travis/build/icyphy/ptII/ptolemy/actor/lib/test/auto/ArrayAverage.xml
13 ms. Memory: 449536K Free: 347631K (77%)
----------------- Invoking toplevel() on ptolemy.moml.MoMLSimpleApplication@8bc9ab2
----------------- Done invoking toplevel() on ptolemy.moml.MoMLSimpleApplication@8bc9ab2
reloadAllAccessors: .ArrayAverage

===========================================================================================
----------------- testing Sun Jun 23 16:12:10 UTC 2019 /home/travis/build/icyphy/ptII/ptolemy/actor/lib/test/auto/ArrayContains.xml
----------------- Instantiating /home/travis/build/icyphy/ptII/ptolemy/actor/lib/test/auto/ArrayContains.xml
8 ms. Memory: 449536K Free: 340992K (76%)
----------------- Invoking toplevel() on ptolemy.moml.MoMLSimpleApplication@5a08fe19
----------------- Done invoking toplevel() on ptolemy.moml.MoMLSimpleApplication@5a08fe19
reloadAllAccessors: .ArrayContains

===========================================================================================
----------------- testing Sun Jun 23 16:12:10 UTC 2019 /home/travis/build/icyphy/ptII/ptolemy/actor/lib/test/auto/ArrayElement.xml
----------------- Instantiating /home/travis/build/icyphy/ptII/ptolemy/actor/lib/test/auto/ArrayElement.xml
9 ms. Memory: 449536K Free: 335872K (75%)
----------------- Invoking toplevel() on ptolemy.moml.MoMLSimpleApplication@5a4f1fe9
----------------- Done invoking toplevel() on ptolemy.moml.MoMLSimpleApplication@5a4f1fe9
reloadAllAccessors: .ArrayElement

===========================================================================================
----------------- testing Sun Jun 23 16:12:10 UTC 2019 /home/travis/build/icyphy/ptII/ptolemy/actor/lib/test/auto/ArrayElementAsMatrix.xml
----------------- Instantiating /home/travis/build/icyphy/ptII/ptolemy/actor/lib/test/auto/ArrayElementAsMatrix.xml
22 ms. Memory: 449536K Free: 325118K (72%)
----------------- Invoking toplevel() on ptolemy.moml.MoMLSimpleApplication@2c942e39
----------------- Done invoking toplevel() on ptolemy.moml.MoMLSimpleApplication@2c942e39
reloadAllAccessors: .ArrayElementAsMatrix

===========================================================================================
----------------- testing Sun Jun 23 16:12:11 UTC 2019 /home/travis/build/icyphy/ptII/ptolemy/actor/lib/test/auto/ArrayElementI.xml
----------------- Instantiating /home/travis/build/icyphy/ptII/ptolemy/actor/lib/test/auto/ArrayElementI.xml
3 ms. Memory: 449536K Free: 319983K (71%)
----------------- Invoking toplevel() on ptolemy.moml.MoMLSimpleApplication@66f20a8d
----------------- Done invoking toplevel() on ptolemy.moml.MoMLSimpleApplication@66f20a8d
reloadAllAccessors: .ArrayElementI

===========================================================================================
----------------- testing Sun Jun 23 16:12:11 UTC 2019 /home/travis/build/icyphy/ptII/ptolemy/actor/lib/test/auto/ArrayExtract.xml
----------------- Instantiating /home/travis/build/icyphy/ptII/ptolemy/actor/lib/test/auto/ArrayExtract.xml
7 ms. Memory: 449536K Free: 311296K (69%)
----------------- Invoking toplevel() on ptolemy.moml.MoMLSimpleApplication@765c39b2
----------------- Done invoking toplevel() on ptolemy.moml.MoMLSimpleApplication@765c39b2
reloadAllAccessors: .ArrayExtract

===========================================================================================
----------------- testing Sun Jun 23 16:12:11 UTC 2019 /home/travis/build/icyphy/ptII/ptolemy/actor/lib/test/auto/ArrayExtract2.xml
----------------- Instantiating /home/travis/build/icyphy/ptII/ptolemy/actor/lib/test/auto/ArrayExtract2.xml
3 ms. Memory: 449536K Free: 306176K (68%)
----------------- Invoking toplevel() on ptolemy.moml.MoMLSimpleApplication@20523e2a
----------------- Done invoking toplevel() on ptolemy.moml.MoMLSimpleApplication@20523e2a
reloadAllAccessors: .ArrayExtract2

===========================================================================================
----------------- testing Sun Jun 23 16:12:11 UTC 2019 /home/travis/build/icyphy/ptII/ptolemy/actor/lib/test/auto/ArrayLength.xml
----------------- Instantiating /home/travis/build/icyphy/ptII/ptolemy/actor/lib/test/auto/ArrayLength.xml
2 ms. Memory: 449536K Free: 302080K (67%)
----------------- Invoking toplevel() on ptolemy.moml.MoMLSimpleApplication@28563bdc
----------------- Done invoking toplevel() on ptolemy.moml.MoMLSimpleApplication@28563bdc
reloadAllAccessors: .ArrayLength

===========================================================================================
----------------- testing Sun Jun 23 16:12:11 UTC 2019 /home/travis/build/icyphy/ptII/ptolemy/actor/lib/test/auto/ArrayLevelCrossing.xml
----------------- Instantiating /home/travis/build/icyphy/ptII/ptolemy/actor/lib/test/auto/ArrayLevelCrossing.xml
5 ms. Memory: 449536K Free: 294398K (65%)
----------------- Invoking toplevel() on ptolemy.moml.MoMLSimpleApplication@39c69f4c
----------------- Done invoking toplevel() on ptolemy.moml.MoMLSimpleApplication@39c69f4c
reloadAllAccessors: .ArrayLevelCrossing

===========================================================================================
----------------- testing Sun Jun 23 16:12:11 UTC 2019 /home/travis/build/icyphy/ptII/ptolemy/actor/lib/test/auto/ArrayLevelCrossing2.xml
----------------- Instantiating /home/travis/build/icyphy/ptII/ptolemy/actor/lib/test/auto/ArrayLevelCrossing2.xml
5 ms. Memory: 449536K Free: 287744K (64%)
----------------- Invoking toplevel() on ptolemy.moml.MoMLSimpleApplication@21c4a505
----------------- Done invoking toplevel() on ptolemy.moml.MoMLSimpleApplication@21c4a505
reloadAllAccessors: .ArrayLevelCrossing2

===========================================================================================
----------------- testing Sun Jun 23 16:12:11 UTC 2019 /home/travis/build/icyphy/ptII/ptolemy/actor/lib/test/auto/ArrayPeakSearch.xml
----------------- Instantiating /home/travis/build/icyphy/ptII/ptolemy/actor/lib/test/auto/ArrayPeakSearch.xml
7 ms. Memory: 449536K Free: 278528K (62%)
----------------- Invoking toplevel() on ptolemy.moml.MoMLSimpleApplication@7542ac9c
----------------- Done invoking toplevel() on ptolemy.moml.MoMLSimpleApplication@7542ac9c
reloadAllAccessors: .ArrayPeakSearch

===========================================================================================
----------------- testing Sun Jun 23 16:12:11 UTC 2019 /home/travis/build/icyphy/ptII/ptolemy/actor/lib/test/auto/ArrayPeakSearch2.xml
----------------- Instantiating /home/travis/build/icyphy/ptII/ptolemy/actor/lib/test/auto/ArrayPeakSearch2.xml
9 ms. Memory: 449536K Free: 268288K (60%)
----------------- Invoking toplevel() on ptolemy.moml.MoMLSimpleApplication@7dd21758
----------------- Done invoking toplevel() on ptolemy.moml.MoMLSimpleApplication@7dd21758
reloadAllAccessors: .ArrayPeakSearch2

===========================================================================================
----------------- testing Sun Jun 23 16:12:11 UTC 2019 /home/travis/build/icyphy/ptII/ptolemy/actor/lib/test/auto/ArrayPeakSearch3.xml
----------------- Instantiating /home/travis/build/icyphy/ptII/ptolemy/actor/lib/test/auto/ArrayPeakSearch3.xml
7 ms. Memory: 449536K Free: 259072K (58%)
----------------- Invoking toplevel() on ptolemy.moml.MoMLSimpleApplication@633c6b21
----------------- Done invoking toplevel() on ptolemy.moml.MoMLSimpleApplication@633c6b21
reloadAllAccessors: .ArrayPeakSearch3

===========================================================================================
----------------- testing Sun Jun 23 16:12:11 UTC 2019 /home/travis/build/icyphy/ptII/ptolemy/actor/lib/test/auto/ArrayRemoveElement.xml
----------------- Instantiating /home/travis/build/icyphy/ptII/ptolemy/actor/lib/test/auto/ArrayRemoveElement.xml
4 ms. Memory: 449536K Free: 251390K (56%)
----------------- Invoking toplevel() on ptolemy.moml.MoMLSimpleApplication@1bdeb2a4
----------------- Done invoking toplevel() on ptolemy.moml.MoMLSimpleApplication@1bdeb2a4
reloadAllAccessors: .ArrayRemoveElement

===========================================================================================
----------------- testing Sun Jun 23 16:12:11 UTC 2019 /home/travis/build/icyphy/ptII/ptolemy/actor/lib/test/auto/ArraySort.xml
----------------- Instantiating /home/travis/build/icyphy/ptII/ptolemy/actor/lib/test/auto/ArraySort.xml
8 ms. Memory: 449536K Free: 242174K (54%)
----------------- Invoking toplevel() on ptolemy.moml.MoMLSimpleApplication@d76a11e
----------------- Done invoking toplevel() on ptolemy.moml.MoMLSimpleApplication@d76a11e
reloadAllAccessors: .ArraySort

===========================================================================================
----------------- testing Sun Jun 23 16:12:11 UTC 2019 /home/travis/build/icyphy/ptII/ptolemy/actor/lib/test/auto/ArraySum.xml
----------------- Instantiating /home/travis/build/icyphy/ptII/ptolemy/actor/lib/test/auto/ArraySum.xml
5 ms. Memory: 449536K Free: 237054K (53%)
----------------- Invoking toplevel() on ptolemy.moml.MoMLSimpleApplication@20fa56d8
----------------- Done invoking toplevel() on ptolemy.moml.MoMLSimpleApplication@20fa56d8
reloadAllAccessors: .ArraySum

===========================================================================================
----------------- testing Sun Jun 23 16:12:11 UTC 2019 /home/travis/build/icyphy/ptII/ptolemy/actor/lib/test/auto/ArrayToElements.xml
----------------- Instantiating /home/travis/build/icyphy/ptII/ptolemy/actor/lib/test/auto/ArrayToElements.xml
10 ms. Memory: 449536K Free: 231424K (51%)
----------------- Invoking toplevel() on ptolemy.moml.MoMLSimpleApplication@1a032839
----------------- Done invoking toplevel() on ptolemy.moml.MoMLSimpleApplication@1a032839
reloadAllAccessors: .ArrayToElements

===========================================================================================
----------------- testing Sun Jun 23 16:12:11 UTC 2019 /home/travis/build/icyphy/ptII/ptolemy/actor/lib/test/auto/ArrayToMatrix.xml
----------------- Instantiating /home/travis/build/icyphy/ptII/ptolemy/actor/lib/test/auto/ArrayToMatrix.xml
18 ms. Memory: 449536K Free: 217598K (48%)
----------------- Invoking toplevel() on ptolemy.moml.MoMLSimpleApplication@31180360
----------------- Done invoking toplevel() on ptolemy.moml.MoMLSimpleApplication@31180360
reloadAllAccessors: .ArrayToMatrix

===========================================================================================
----------------- testing Sun Jun 23 16:12:11 UTC 2019 /home/travis/build/icyphy/ptII/ptolemy/actor/lib/test/auto/ArrayUpdate1.xml
----------------- Instantiating /home/travis/build/icyphy/ptII/ptolemy/actor/lib/test/auto/ArrayUpdate1.xml
4 ms. Memory: 449536K Free: 212478K (47%)
----------------- Invoking toplevel() on ptolemy.moml.MoMLSimpleApplication@54aa41ae
----------------- Done invoking toplevel() on ptolemy.moml.MoMLSimpleApplication@54aa41ae
reloadAllAccessors: .ArrayUpdate1

===========================================================================================
----------------- testing Sun Jun 23 16:12:11 UTC 2019 /home/travis/build/icyphy/ptII/ptolemy/actor/lib/test/auto/ArrayUpdate2.xml
----------------- Instantiating /home/travis/build/icyphy/ptII/ptolemy/actor/lib/test/auto/ArrayUpdate2.xml
5 ms. Memory: 449536K Free: 206319K (46%)
----------------- Invoking toplevel() on ptolemy.moml.MoMLSimpleApplication@418e5f58
----------------- Done invoking toplevel() on ptolemy.moml.MoMLSimpleApplication@418e5f58
reloadAllAccessors: .ArrayUpdate2

===========================================================================================
----------------- testing Sun Jun 23 16:12:11 UTC 2019 /home/travis/build/icyphy/ptII/ptolemy/actor/lib/test/auto/ArrayUpdate3.xml
----------------- Instantiating /home/travis/build/icyphy/ptII/ptolemy/actor/lib/test/auto/ArrayUpdate3.xml
7 ms. Memory: 449536K Free: 201214K (45%)
----------------- Invoking toplevel() on ptolemy.moml.MoMLSimpleApplication@784f9b5f
----------------- Done invoking toplevel() on ptolemy.moml.MoMLSimpleApplication@784f9b5f
reloadAllAccessors: .ArrayUpdate3

===========================================================================================
----------------- testing Sun Jun 23 16:12:11 UTC 2019 /home/travis/build/icyphy/ptII/ptolemy/actor/lib/test/auto/Assert1.xml
----------------- Instantiating /home/travis/build/icyphy/ptII/ptolemy/actor/lib/test/auto/Assert1.xml
4 ms. Memory: 449536K Free: 197118K (44%)
----------------- Invoking toplevel() on ptolemy.moml.MoMLSimpleApplication@b7a8c9a
----------------- Done invoking toplevel() on ptolemy.moml.MoMLSimpleApplication@b7a8c9a
reloadAllAccessors: .Assert1

===========================================================================================
----------------- testing Sun Jun 23 16:12:11 UTC 2019 /home/travis/build/icyphy/ptII/ptolemy/actor/lib/test/auto/Assert2.xml
----------------- Instantiating /home/travis/build/icyphy/ptII/ptolemy/actor/lib/test/auto/Assert2.xml
2 ms. Memory: 449536K Free: 191488K (43%)
----------------- Invoking toplevel() on ptolemy.moml.MoMLSimpleApplication@3cd71bd8
----------------- Done invoking toplevel() on ptolemy.moml.MoMLSimpleApplication@3cd71bd8
reloadAllAccessors: .Assert2

===========================================================================================
----------------- testing Sun Jun 23 16:12:11 UTC 2019 /home/travis/build/icyphy/ptII/ptolemy/actor/lib/test/auto/BooleanMultiplexor.xml
----------------- Instantiating /home/travis/build/icyphy/ptII/ptolemy/actor/lib/test/auto/BooleanMultiplexor.xml
3 ms. Memory: 449536K Free: 186368K (41%)
----------------- Invoking toplevel() on ptolemy.moml.MoMLSimpleApplication@681c7f90
----------------- Done invoking toplevel() on ptolemy.moml.MoMLSimpleApplication@681c7f90
reloadAllAccessors: .BooleanMultiplexor

===========================================================================================
----------------- testing Sun Jun 23 16:12:11 UTC 2019 /home/travis/build/icyphy/ptII/ptolemy/actor/lib/test/auto/BooleanMultiplexor2.xml
----------------- Instantiating /home/travis/build/icyphy/ptII/ptolemy/actor/lib/test/auto/BooleanMultiplexor2.xml
3 ms. Memory: 449536K Free: 179710K (40%)
----------------- Invoking toplevel() on ptolemy.moml.MoMLSimpleApplication@5e96e5a0
----------------- Done invoking toplevel() on ptolemy.moml.MoMLSimpleApplication@5e96e5a0
reloadAllAccessors: .BooleanMultiplexor2

===========================================================================================
----------------- testing Sun Jun 23 16:12:11 UTC 2019 /home/travis/build/icyphy/ptII/ptolemy/actor/lib/test/auto/BooleanMultiplexor3.xml
----------------- Instantiating /home/travis/build/icyphy/ptII/ptolemy/actor/lib/test/auto/BooleanMultiplexor3.xml
2 ms. Memory: 449536K Free: 400384K (89%)
----------------- Invoking toplevel() on ptolemy.moml.MoMLSimpleApplication@1437b6ab
----------------- Done invoking toplevel() on ptolemy.moml.MoMLSimpleApplication@1437b6ab
reloadAllAccessors: .BooleanMultiplexor3

===========================================================================================
----------------- testing Sun Jun 23 16:12:11 UTC 2019 /home/travis/build/icyphy/ptII/ptolemy/actor/lib/test/auto/BooleanSelect.xml
----------------- Instantiating /home/travis/build/icyphy/ptII/ptolemy/actor/lib/test/auto/BooleanSelect.xml
9 ms. Memory: 449536K Free: 394240K (88%)
----------------- Invoking toplevel() on ptolemy.moml.MoMLSimpleApplication@3c5ae825
----------------- Done invoking toplevel() on ptolemy.moml.MoMLSimpleApplication@3c5ae825
reloadAllAccessors: .BooleanSelect

===========================================================================================
----------------- testing Sun Jun 23 16:12:11 UTC 2019 /home/travis/build/icyphy/ptII/ptolemy/actor/lib/test/auto/BooleanSelect2.xml
----------------- Instantiating /home/travis/build/icyphy/ptII/ptolemy/actor/lib/test/auto/BooleanSelect2.xml
6 ms. Memory: 449536K Free: 389630K (87%)
----------------- Invoking toplevel() on ptolemy.moml.MoMLSimpleApplication@450da678
----------------- Done invoking toplevel() on ptolemy.moml.MoMLSimpleApplication@450da678
reloadAllAccessors: .BooleanSelect2

===========================================================================================
----------------- testing Sun Jun 23 16:12:11 UTC 2019 /home/travis/build/icyphy/ptII/ptolemy/actor/lib/test/auto/BooleanSwitch.xml
----------------- Instantiating /home/travis/build/icyphy/ptII/ptolemy/actor/lib/test/auto/BooleanSwitch.xml
6 ms. Memory: 449536K Free: 384000K (85%)
----------------- Invoking toplevel() on ptolemy.moml.MoMLSimpleApplication@5382a181
----------------- Done invoking toplevel() on ptolemy.moml.MoMLSimpleApplication@5382a181
reloadAllAccessors: .BooleanSwitch

===========================================================================================
----------------- testing Sun Jun 23 16:12:11 UTC 2019 /home/travis/build/icyphy/ptII/ptolemy/actor/lib/test/auto/BooleanSwitch2.xml
----------------- Instantiating /home/travis/build/icyphy/ptII/ptolemy/actor/lib/test/auto/BooleanSwitch2.xml
2 ms. Memory: 449536K Free: 379390K (84%)
----------------- Invoking toplevel() on ptolemy.moml.MoMLSimpleApplication@4a73d129
----------------- Done invoking toplevel() on ptolemy.moml.MoMLSimpleApplication@4a73d129
reloadAllAccessors: .BooleanSwitch2

===========================================================================================
----------------- testing Sun Jun 23 16:12:11 UTC 2019 /home/travis/build/icyphy/ptII/ptolemy/actor/lib/test/auto/BooleanSwitchCloningBugWithClassRelationGroup.xml
----------------- Instantiating /home/travis/build/icyphy/ptII/ptolemy/actor/lib/test/auto/BooleanSwitchCloningBugWithClassRelationGroup.xml
3 ms. Memory: 449536K Free: 373246K (83%)
----------------- Invoking toplevel() on ptolemy.moml.MoMLSimpleApplication@6a004c72
----------------- Done invoking toplevel() on ptolemy.moml.MoMLSimpleApplication@6a004c72
reloadAllAccessors: .BooleanSwitchCloningBugWithClassRelationGroup

===========================================================================================
----------------- testing Sun Jun 23 16:12:12 UTC 2019 /home/travis/build/icyphy/ptII/ptolemy/actor/lib/test/auto/BusActors.xml
----------------- Instantiating /home/travis/build/icyphy/ptII/ptolemy/actor/lib/test/auto/BusActors.xml
6 ms. Memory: 449536K Free: 365054K (81%)
----------------- Invoking toplevel() on ptolemy.moml.MoMLSimpleApplication@56541ecd
----------------- Done invoking toplevel() on ptolemy.moml.MoMLSimpleApplication@56541ecd
reloadAllAccessors: .BusActors

===========================================================================================
----------------- testing Sun Jun 23 16:12:12 UTC 2019 /home/travis/build/icyphy/ptII/ptolemy/actor/lib/test/auto/ClassWrapper.xml
----------------- Instantiating /home/travis/build/icyphy/ptII/ptolemy/actor/lib/test/auto/ClassWrapper.xml
3 ms. Memory: 449536K Free: 360958K (80%)
----------------- Invoking toplevel() on ptolemy.moml.MoMLSimpleApplication@2b3a3533
----------------- Done invoking toplevel() on ptolemy.moml.MoMLSimpleApplication@2b3a3533
reloadAllAccessors: .ClassWrapper

===========================================================================================
----------------- testing Sun Jun 23 16:12:12 UTC 2019 /home/travis/build/icyphy/ptII/ptolemy/actor/lib/test/auto/Clock.xml
----------------- Instantiating /home/travis/build/icyphy/ptII/ptolemy/actor/lib/test/auto/Clock.xml
7 ms. Memory: 449536K Free: 356862K (79%)
----------------- Invoking toplevel() on ptolemy.moml.MoMLSimpleApplication@2dd78c5c
----------------- Done invoking toplevel() on ptolemy.moml.MoMLSimpleApplication@2dd78c5c
reloadAllAccessors: .Clock

===========================================================================================
----------------- testing Sun Jun 23 16:12:12 UTC 2019 /home/travis/build/icyphy/ptII/ptolemy/actor/lib/test/auto/Clock10.xml
----------------- Instantiating /home/travis/build/icyphy/ptII/ptolemy/actor/lib/test/auto/Clock10.xml
5 ms. Memory: 449536K Free: 351232K (78%)
----------------- Invoking toplevel() on ptolemy.moml.MoMLSimpleApplication@6f1a4179
----------------- Done invoking toplevel() on ptolemy.moml.MoMLSimpleApplication@6f1a4179
reloadAllAccessors: .Clock10

===========================================================================================
----------------- testing Sun Jun 23 16:12:12 UTC 2019 /home/travis/build/icyphy/ptII/ptolemy/actor/lib/test/auto/Clock11.xml
----------------- Instantiating /home/travis/build/icyphy/ptII/ptolemy/actor/lib/test/auto/Clock11.xml
6 ms. Memory: 449536K Free: 345088K (77%)
----------------- Invoking toplevel() on ptolemy.moml.MoMLSimpleApplication@674e91ea
----------------- Done invoking toplevel() on ptolemy.moml.MoMLSimpleApplication@674e91ea
reloadAllAccessors: .Clock11

===========================================================================================
----------------- testing Sun Jun 23 16:12:12 UTC 2019 /home/travis/build/icyphy/ptII/ptolemy/actor/lib/test/auto/Clock12.xml
----------------- Instantiating /home/travis/build/icyphy/ptII/ptolemy/actor/lib/test/auto/Clock12.xml
5 ms. Memory: 449536K Free: 339454K (76%)
----------------- Invoking toplevel() on ptolemy.moml.MoMLSimpleApplication@47134c04
----------------- Done invoking toplevel() on ptolemy.moml.MoMLSimpleApplication@47134c04
reloadAllAccessors: .Clock12

===========================================================================================
----------------- testing Sun Jun 23 16:12:12 UTC 2019 /home/travis/build/icyphy/ptII/ptolemy/actor/lib/test/auto/Clock13.xml
----------------- Instantiating /home/travis/build/icyphy/ptII/ptolemy/actor/lib/test/auto/Clock13.xml
4 ms. Memory: 449536K Free: 333295K (74%)
----------------- Invoking toplevel() on ptolemy.moml.MoMLSimpleApplication@fc0dac9
----------------- Done invoking toplevel() on ptolemy.moml.MoMLSimpleApplication@fc0dac9
reloadAllAccessors: .Clock13

===========================================================================================
----------------- testing Sun Jun 23 16:12:12 UTC 2019 /home/travis/build/icyphy/ptII/ptolemy/actor/lib/test/auto/Clock14.xml
----------------- Instantiating /home/travis/build/icyphy/ptII/ptolemy/actor/lib/test/auto/Clock14.xml
4 ms. Memory: 449536K Free: 327680K (73%)
----------------- Invoking toplevel() on ptolemy.moml.MoMLSimpleApplication@9c36dea
----------------- Done invoking toplevel() on ptolemy.moml.MoMLSimpleApplication@9c36dea
reloadAllAccessors: .Clock14

===========================================================================================
----------------- testing Sun Jun 23 16:12:12 UTC 2019 /home/travis/build/icyphy/ptII/ptolemy/actor/lib/test/auto/Clock15.xml
----------------- Instantiating /home/travis/build/icyphy/ptII/ptolemy/actor/lib/test/auto/Clock15.xml
6 ms. Memory: 449536K Free: 321536K (72%)
----------------- Invoking toplevel() on ptolemy.moml.MoMLSimpleApplication@175bccbb
----------------- Done invoking toplevel() on ptolemy.moml.MoMLSimpleApplication@175bccbb
reloadAllAccessors: .Clock15

===========================================================================================
----------------- testing Sun Jun 23 16:12:12 UTC 2019 /home/travis/build/icyphy/ptII/ptolemy/actor/lib/test/auto/Clock16.xml
----------------- Instantiating /home/travis/build/icyphy/ptII/ptolemy/actor/lib/test/auto/Clock16.xml
37 ms. Memory: 449536K Free: 307183K (68%)
----------------- Invoking toplevel() on ptolemy.moml.MoMLSimpleApplication@58305536
----------------- Done invoking toplevel() on ptolemy.moml.MoMLSimpleApplication@58305536
reloadAllAccessors: .Clock16

===========================================================================================
----------------- testing Sun Jun 23 16:12:12 UTC 2019 /home/travis/build/icyphy/ptII/ptolemy/actor/lib/test/auto/Clock17.xml
----------------- Instantiating /home/travis/build/icyphy/ptII/ptolemy/actor/lib/test/auto/Clock17.xml
14 ms. Memory: 449536K Free: 292864K (65%)
----------------- Invoking toplevel() on ptolemy.moml.MoMLSimpleApplication@2c7f699a
----------------- Done invoking toplevel() on ptolemy.moml.MoMLSimpleApplication@2c7f699a
reloadAllAccessors: .Clock17

===========================================================================================
----------------- testing Sun Jun 23 16:12:12 UTC 2019 /home/travis/build/icyphy/ptII/ptolemy/actor/lib/test/auto/Clock18.xml
----------------- Instantiating /home/travis/build/icyphy/ptII/ptolemy/actor/lib/test/auto/Clock18.xml
15 ms. Memory: 449536K Free: 279552K (62%)
----------------- Invoking toplevel() on ptolemy.moml.MoMLSimpleApplication@53151473
----------------- Done invoking toplevel() on ptolemy.moml.MoMLSimpleApplication@53151473
reloadAllAccessors: .Clock18

===========================================================================================
----------------- testing Sun Jun 23 16:12:12 UTC 2019 /home/travis/build/icyphy/ptII/ptolemy/actor/lib/test/auto/Clock19.xml
----------------- Instantiating /home/travis/build/icyphy/ptII/ptolemy/actor/lib/test/auto/Clock19.xml
14 ms. Memory: 449536K Free: 266750K (59%)
----------------- Invoking toplevel() on ptolemy.moml.MoMLSimpleApplication@11e0adde
----------------- Done invoking toplevel() on ptolemy.moml.MoMLSimpleApplication@11e0adde
reloadAllAccessors: .Clock19

===========================================================================================
----------------- testing Sun Jun 23 16:12:12 UTC 2019 /home/travis/build/icyphy/ptII/ptolemy/actor/lib/test/auto/Clock2.xml
----------------- Instantiating /home/travis/build/icyphy/ptII/ptolemy/actor/lib/test/auto/Clock2.xml
5 ms. Memory: 449536K Free: 261615K (58%)
----------------- Invoking toplevel() on ptolemy.moml.MoMLSimpleApplication@1c671d33
----------------- Done invoking toplevel() on ptolemy.moml.MoMLSimpleApplication@1c671d33
reloadAllAccessors: .Clock2

===========================================================================================
----------------- testing Sun Jun 23 16:12:12 UTC 2019 /home/travis/build/icyphy/ptII/ptolemy/actor/lib/test/auto/Clock20.xml
----------------- Instantiating /home/travis/build/icyphy/ptII/ptolemy/actor/lib/test/auto/Clock20.xml
7 ms. Memory: 449536K Free: 256510K (57%)
----------------- Invoking toplevel() on ptolemy.moml.MoMLSimpleApplication@7a949b1a
----------------- Done invoking toplevel() on ptolemy.moml.MoMLSimpleApplication@7a949b1a
reloadAllAccessors: .Clock20

===========================================================================================
----------------- testing Sun Jun 23 16:12:12 UTC 2019 /home/travis/build/icyphy/ptII/ptolemy/actor/lib/test/auto/Clock21.xml
----------------- Instantiating /home/travis/build/icyphy/ptII/ptolemy/actor/lib/test/auto/Clock21.xml
6 ms. Memory: 449536K Free: 250880K (56%)
----------------- Invoking toplevel() on ptolemy.moml.MoMLSimpleApplication@4864c5ea
----------------- Done invoking toplevel() on ptolemy.moml.MoMLSimpleApplication@4864c5ea
reloadAllAccessors: .Clock21

===========================================================================================
----------------- testing Sun Jun 23 16:12:12 UTC 2019 /home/travis/build/icyphy/ptII/ptolemy/actor/lib/test/auto/Clock22.xml
----------------- Instantiating /home/travis/build/icyphy/ptII/ptolemy/actor/lib/test/auto/Clock22.xml
5 ms. Memory: 449536K Free: 245760K (55%)
----------------- Invoking toplevel() on ptolemy.moml.MoMLSimpleApplication@12626023
----------------- Done invoking toplevel() on ptolemy.moml.MoMLSimpleApplication@12626023
reloadAllAccessors: .Clock22

===========================================================================================
----------------- testing Sun Jun 23 16:12:12 UTC 2019 /home/travis/build/icyphy/ptII/ptolemy/actor/lib/test/auto/Clock23.xml
----------------- Instantiating /home/travis/build/icyphy/ptII/ptolemy/actor/lib/test/auto/Clock23.xml
5 ms. Memory: 449536K Free: 240126K (53%)
----------------- Invoking toplevel() on ptolemy.moml.MoMLSimpleApplication@12c2f09f
----------------- Done invoking toplevel() on ptolemy.moml.MoMLSimpleApplication@12c2f09f
reloadAllAccessors: .Clock23

===========================================================================================
----------------- testing Sun Jun 23 16:12:12 UTC 2019 /home/travis/build/icyphy/ptII/ptolemy/actor/lib/test/auto/Clock24.xml
----------------- Instantiating /home/travis/build/icyphy/ptII/ptolemy/actor/lib/test/auto/Clock24.xml
7 ms. Memory: 449536K Free: 234496K (52%)
----------------- Invoking toplevel() on ptolemy.moml.MoMLSimpleApplication@336c7d8f
----------------- Done invoking toplevel() on ptolemy.moml.MoMLSimpleApplication@336c7d8f
reloadAllAccessors: .Clock24

===========================================================================================
----------------- testing Sun Jun 23 16:12:12 UTC 2019 /home/travis/build/icyphy/ptII/ptolemy/actor/lib/test/auto/Clock4.xml
----------------- Instantiating /home/travis/build/icyphy/ptII/ptolemy/actor/lib/test/auto/Clock4.xml
2 ms. Memory: 449536K Free: 229855K (51%)
----------------- Invoking toplevel() on ptolemy.moml.MoMLSimpleApplication@e9d0c3c
----------------- Done invoking toplevel() on ptolemy.moml.MoMLSimpleApplication@e9d0c3c
reloadAllAccessors: .Clock4

===========================================================================================
----------------- testing Sun Jun 23 16:12:12 UTC 2019 /home/travis/build/icyphy/ptII/ptolemy/actor/lib/test/auto/Clock5.xml
----------------- Instantiating /home/travis/build/icyphy/ptII/ptolemy/actor/lib/test/auto/Clock5.xml
2 ms. Memory: 449536K Free: 224256K (50%)
----------------- Invoking toplevel() on ptolemy.moml.MoMLSimpleApplication@6409b44f
----------------- Done invoking toplevel() on ptolemy.moml.MoMLSimpleApplication@6409b44f
reloadAllAccessors: .Clock5

===========================================================================================
----------------- testing Sun Jun 23 16:12:12 UTC 2019 /home/travis/build/icyphy/ptII/ptolemy/actor/lib/test/auto/Clock6.xml
----------------- Instantiating /home/travis/build/icyphy/ptII/ptolemy/actor/lib/test/auto/Clock6.xml
1 ms. Memory: 449536K Free: 220160K (49%)
----------------- Invoking toplevel() on ptolemy.moml.MoMLSimpleApplication@4b062658
----------------- Done invoking toplevel() on ptolemy.moml.MoMLSimpleApplication@4b062658
reloadAllAccessors: .Clock6

===========================================================================================
----------------- testing Sun Jun 23 16:12:12 UTC 2019 /home/travis/build/icyphy/ptII/ptolemy/actor/lib/test/auto/Clock7.xml
----------------- Instantiating /home/travis/build/icyphy/ptII/ptolemy/actor/lib/test/auto/Clock7.xml
2 ms. Memory: 449536K Free: 215040K (48%)
----------------- Invoking toplevel() on ptolemy.moml.MoMLSimpleApplication@617ae867
----------------- Done invoking toplevel() on ptolemy.moml.MoMLSimpleApplication@617ae867
reloadAllAccessors: .Clock7

===========================================================================================
----------------- testing Sun Jun 23 16:12:12 UTC 2019 /home/travis/build/icyphy/ptII/ptolemy/actor/lib/test/auto/Clock8.xml
----------------- Instantiating /home/travis/build/icyphy/ptII/ptolemy/actor/lib/test/auto/Clock8.xml
2 ms. Memory: 449536K Free: 209391K (47%)
----------------- Invoking toplevel() on ptolemy.moml.MoMLSimpleApplication@7d4b9613
----------------- Done invoking toplevel() on ptolemy.moml.MoMLSimpleApplication@7d4b9613
reloadAllAccessors: .Clock8

===========================================================================================
----------------- testing Sun Jun 23 16:12:12 UTC 2019 /home/travis/build/icyphy/ptII/ptolemy/actor/lib/test/auto/Clock9.xml
----------------- Instantiating /home/travis/build/icyphy/ptII/ptolemy/actor/lib/test/auto/Clock9.xml
5 ms. Memory: 449536K Free: 204255K (45%)
----------------- Invoking toplevel() on ptolemy.moml.MoMLSimpleApplication@7ba4f0a7
----------------- Done invoking toplevel() on ptolemy.moml.MoMLSimpleApplication@7ba4f0a7
reloadAllAccessors: .Clock9

===========================================================================================
----------------- testing Sun Jun 23 16:12:12 UTC 2019 /home/travis/build/icyphy/ptII/ptolemy/actor/lib/test/auto/CommDistDiscard.xml
----------------- Instantiating /home/travis/build/icyphy/ptII/ptolemy/actor/lib/test/auto/CommDistDiscard.xml
6 ms. Memory: 449536K Free: 198656K (44%)
----------------- Invoking toplevel() on ptolemy.moml.MoMLSimpleApplication@488450ec
----------------- Done invoking toplevel() on ptolemy.moml.MoMLSimpleApplication@488450ec
reloadAllAccessors: .CommDistDiscard

===========================================================================================
----------------- testing Sun Jun 23 16:12:12 UTC 2019 /home/travis/build/icyphy/ptII/ptolemy/actor/lib/test/auto/Commutator.xml
----------------- Instantiating /home/travis/build/icyphy/ptII/ptolemy/actor/lib/test/auto/Commutator.xml
2 ms. Memory: 449536K Free: 194560K (43%)
----------------- Invoking toplevel() on ptolemy.moml.MoMLSimpleApplication@7bbe0cb4
----------------- Done invoking toplevel() on ptolemy.moml.MoMLSimpleApplication@7bbe0cb4
reloadAllAccessors: .Commutator

===========================================================================================
----------------- testing Sun Jun 23 16:12:12 UTC 2019 /home/travis/build/icyphy/ptII/ptolemy/actor/lib/test/auto/Commutator2.xml
----------------- Instantiating /home/travis/build/icyphy/ptII/ptolemy/actor/lib/test/auto/Commutator2.xml
1 ms. Memory: 449536K Free: 189950K (42%)
----------------- Invoking toplevel() on ptolemy.moml.MoMLSimpleApplication@721892dd
----------------- Done invoking toplevel() on ptolemy.moml.MoMLSimpleApplication@721892dd
reloadAllAccessors: .Commutator2

===========================================================================================
----------------- testing Sun Jun 23 16:12:12 UTC 2019 /home/travis/build/icyphy/ptII/ptolemy/actor/lib/test/auto/Commutator3.xml
----------------- Instantiating /home/travis/build/icyphy/ptII/ptolemy/actor/lib/test/auto/Commutator3.xml
2 ms. Memory: 449536K Free: 185344K (41%)
----------------- Invoking toplevel() on ptolemy.moml.MoMLSimpleApplication@4d79f03e
----------------- Done invoking toplevel() on ptolemy.moml.MoMLSimpleApplication@4d79f03e
reloadAllAccessors: .Commutator3

===========================================================================================
----------------- testing Sun Jun 23 16:12:12 UTC 2019 /home/travis/build/icyphy/ptII/ptolemy/actor/lib/test/auto/Compare.xml
----------------- Instantiating /home/travis/build/icyphy/ptII/ptolemy/actor/lib/test/auto/Compare.xml
3 ms. Memory: 449536K Free: 179200K (40%)
----------------- Invoking toplevel() on ptolemy.moml.MoMLSimpleApplication@4d8053d4
----------------- Done invoking toplevel() on ptolemy.moml.MoMLSimpleApplication@4d8053d4
reloadAllAccessors: .Compare

===========================================================================================
----------------- testing Sun Jun 23 16:12:12 UTC 2019 /home/travis/build/icyphy/ptII/ptolemy/actor/lib/test/auto/CompareDE.xml
----------------- Instantiating /home/travis/build/icyphy/ptII/ptolemy/actor/lib/test/auto/CompareDE.xml
4 ms. Memory: 449536K Free: 172535K (38%)
----------------- Invoking toplevel() on ptolemy.moml.MoMLSimpleApplication@5dbd3271
----------------- Done invoking toplevel() on ptolemy.moml.MoMLSimpleApplication@5dbd3271
reloadAllAccessors: .CompareDE

===========================================================================================
----------------- testing Sun Jun 23 16:12:12 UTC 2019 /home/travis/build/icyphy/ptII/ptolemy/actor/lib/test/auto/ComplexDivide.xml
----------------- Instantiating /home/travis/build/icyphy/ptII/ptolemy/actor/lib/test/auto/ComplexDivide.xml
1 ms. Memory: 449536K Free: 168446K (37%)
----------------- Invoking toplevel() on ptolemy.moml.MoMLSimpleApplication@1a04d4f3
----------------- Done invoking toplevel() on ptolemy.moml.MoMLSimpleApplication@1a04d4f3
reloadAllAccessors: .ComplexDivide

===========================================================================================
----------------- testing Sun Jun 23 16:12:12 UTC 2019 /home/travis/build/icyphy/ptII/ptolemy/actor/lib/test/auto/ComputeHistogram.xml
----------------- Instantiating /home/travis/build/icyphy/ptII/ptolemy/actor/lib/test/auto/ComputeHistogram.xml
42 ms. Memory: 449536K Free: 155648K (35%)
----------------- Invoking toplevel() on ptolemy.moml.MoMLSimpleApplication@79fc8d02
----------------- Done invoking toplevel() on ptolemy.moml.MoMLSimpleApplication@79fc8d02
reloadAllAccessors: .ComputeHistogram

===========================================================================================
----------------- testing Sun Jun 23 16:12:13 UTC 2019 /home/travis/build/icyphy/ptII/ptolemy/actor/lib/test/auto/ConfigurationSelect.xml
----------------- Instantiating /home/travis/build/icyphy/ptII/ptolemy/actor/lib/test/auto/ConfigurationSelect.xml
10 ms. Memory: 449536K Free: 149983K (33%)
----------------- Invoking toplevel() on ptolemy.moml.MoMLSimpleApplication@1a4c8528
----------------- Done invoking toplevel() on ptolemy.moml.MoMLSimpleApplication@1a4c8528
reloadAllAccessors: .ConfigurationSelect

===========================================================================================
----------------- testing Sun Jun 23 16:12:13 UTC 2019 /home/travis/build/icyphy/ptII/ptolemy/actor/lib/test/auto/ConfigurationSelect2.xml
----------------- Instantiating /home/travis/build/icyphy/ptII/ptolemy/actor/lib/test/auto/ConfigurationSelect2.xml
2 ms. Memory: 449536K Free: 145918K (32%)
----------------- Invoking toplevel() on ptolemy.moml.MoMLSimpleApplication@c1065e8
----------------- Done invoking toplevel() on ptolemy.moml.MoMLSimpleApplication@c1065e8
reloadAllAccessors: .ConfigurationSelect2

===========================================================================================
----------------- testing Sun Jun 23 16:12:13 UTC 2019 /home/travis/build/icyphy/ptII/ptolemy/actor/lib/test/auto/ConfigurationSwitch.xml
----------------- Instantiating /home/travis/build/icyphy/ptII/ptolemy/actor/lib/test/auto/ConfigurationSwitch.xml
3 ms. Memory: 449536K Free: 140288K (31%)
----------------- Invoking toplevel() on ptolemy.moml.MoMLSimpleApplication@29ec7a5c
----------------- Done invoking toplevel() on ptolemy.moml.MoMLSimpleApplication@29ec7a5c
reloadAllAccessors: .ConfigurationSwitch

===========================================================================================
----------------- testing Sun Jun 23 16:12:13 UTC 2019 /home/travis/build/icyphy/ptII/ptolemy/actor/lib/test/auto/ConfigurationSwitch2.xml
----------------- Instantiating /home/travis/build/icyphy/ptII/ptolemy/actor/lib/test/auto/ConfigurationSwitch2.xml
13 ms. Memory: 449536K Free: 402168K (89%)
----------------- Invoking toplevel() on ptolemy.moml.MoMLSimpleApplication@bc3ee49
----------------- Done invoking toplevel() on ptolemy.moml.MoMLSimpleApplication@bc3ee49
reloadAllAccessors: .ConfigurationSwitch2

===========================================================================================
----------------- testing Sun Jun 23 16:12:13 UTC 2019 /home/travis/build/icyphy/ptII/ptolemy/actor/lib/test/auto/ConfigurationSwitchCloningBugWithClassRelationGroup.xml
----------------- Instantiating /home/travis/build/icyphy/ptII/ptolemy/actor/lib/test/auto/ConfigurationSwitchCloningBugWithClassRelationGroup.xml
2 ms. Memory: 449536K Free: 395264K (88%)
----------------- Invoking toplevel() on ptolemy.moml.MoMLSimpleApplication@7dc21c6a
----------------- Done invoking toplevel() on ptolemy.moml.MoMLSimpleApplication@7dc21c6a
reloadAllAccessors: .ConfigurationSwitchCloningBugWithClassRelationGroup

===========================================================================================
----------------- testing Sun Jun 23 16:12:13 UTC 2019 /home/travis/build/icyphy/ptII/ptolemy/actor/lib/test/auto/ConfigurationSwitchSelectSDF.xml
----------------- Instantiating /home/travis/build/icyphy/ptII/ptolemy/actor/lib/test/auto/ConfigurationSwitchSelectSDF.xml
3 ms. Memory: 449536K Free: 389630K (87%)
----------------- Invoking toplevel() on ptolemy.moml.MoMLSimpleApplication@22e6b2a3
----------------- Done invoking toplevel() on ptolemy.moml.MoMLSimpleApplication@22e6b2a3
reloadAllAccessors: .ConfigurationSwitchSelectSDF

===========================================================================================
----------------- testing Sun Jun 23 16:12:13 UTC 2019 /home/travis/build/icyphy/ptII/ptolemy/actor/lib/test/auto/ConfigurationSwitchSelectSDF2.xml
----------------- Instantiating /home/travis/build/icyphy/ptII/ptolemy/actor/lib/test/auto/ConfigurationSwitchSelectSDF2.xml
2 ms. Memory: 449536K Free: 384510K (86%)
----------------- Invoking toplevel() on ptolemy.moml.MoMLSimpleApplication@92d523c
----------------- Done invoking toplevel() on ptolemy.moml.MoMLSimpleApplication@92d523c
reloadAllAccessors: .ConfigurationSwitchSelectSDF2

===========================================================================================
----------------- testing Sun Jun 23 16:12:13 UTC 2019 /home/travis/build/icyphy/ptII/ptolemy/actor/lib/test/auto/Const.xml
----------------- Instantiating /home/travis/build/icyphy/ptII/ptolemy/actor/lib/test/auto/Const.xml
1 ms. Memory: 449536K Free: 380928K (85%)
----------------- Invoking toplevel() on ptolemy.moml.MoMLSimpleApplication@1309aeb0
----------------- Done invoking toplevel() on ptolemy.moml.MoMLSimpleApplication@1309aeb0
reloadAllAccessors: .Const

===========================================================================================
----------------- testing Sun Jun 23 16:12:13 UTC 2019 /home/travis/build/icyphy/ptII/ptolemy/actor/lib/test/auto/Const2.xml
----------------- Instantiating /home/travis/build/icyphy/ptII/ptolemy/actor/lib/test/auto/Const2.xml
1 ms. Memory: 449536K Free: 376832K (84%)
----------------- Invoking toplevel() on ptolemy.moml.MoMLSimpleApplication@5f7ec11
----------------- Done invoking toplevel() on ptolemy.moml.MoMLSimpleApplication@5f7ec11
reloadAllAccessors: .Const2

===========================================================================================
----------------- testing Sun Jun 23 16:12:13 UTC 2019 /home/travis/build/icyphy/ptII/ptolemy/actor/lib/test/auto/Const3.xml
----------------- Instantiating /home/travis/build/icyphy/ptII/ptolemy/actor/lib/test/auto/Const3.xml
1 ms. Memory: 449536K Free: 374270K (83%)
----------------- Invoking toplevel() on ptolemy.moml.MoMLSimpleApplication@54b9532
----------------- Done invoking toplevel() on ptolemy.moml.MoMLSimpleApplication@54b9532
reloadAllAccessors: .Const3

===========================================================================================
----------------- testing Sun Jun 23 16:12:13 UTC 2019 /home/travis/build/icyphy/ptII/ptolemy/actor/lib/test/auto/ConstantPublisherPort1.xml
----------------- Instantiating /home/travis/build/icyphy/ptII/ptolemy/actor/lib/test/auto/ConstantPublisherPort1.xml
6 ms. Memory: 449536K Free: 365568K (81%)
----------------- Invoking toplevel() on ptolemy.moml.MoMLSimpleApplication@275083c0
----------------- Done invoking toplevel() on ptolemy.moml.MoMLSimpleApplication@275083c0
reloadAllAccessors: .ConstantPublisherPort1

===========================================================================================
----------------- testing Sun Jun 23 16:12:13 UTC 2019 /home/travis/build/icyphy/ptII/ptolemy/actor/lib/test/auto/ConstantPublisherPort2.xml
----------------- Instantiating /home/travis/build/icyphy/ptII/ptolemy/actor/lib/test/auto/ConstantPublisherPort2.xml
12 ms. Memory: 449536K Free: 357886K (80%)
----------------- Invoking toplevel() on ptolemy.moml.MoMLSimpleApplication@53c6fadd
----------------- Done invoking toplevel() on ptolemy.moml.MoMLSimpleApplication@53c6fadd
reloadAllAccessors: .ConstantPublisherPort2

===========================================================================================
----------------- testing Sun Jun 23 16:12:13 UTC 2019 /home/travis/build/icyphy/ptII/ptolemy/actor/lib/test/auto/ConstantPublisherPort3.xml
----------------- Instantiating /home/travis/build/icyphy/ptII/ptolemy/actor/lib/test/auto/ConstantPublisherPort3.xml
6 ms. Memory: 449536K Free: 350718K (78%)
----------------- Invoking toplevel() on ptolemy.moml.MoMLSimpleApplication@3afa8781
----------------- Done invoking toplevel() on ptolemy.moml.MoMLSimpleApplication@3afa8781
reloadAllAccessors: .ConstantPublisherPort3

===========================================================================================
----------------- testing Sun Jun 23 16:12:13 UTC 2019 /home/travis/build/icyphy/ptII/ptolemy/actor/lib/test/auto/ConstantPublisherPort4.xml
----------------- Instantiating /home/travis/build/icyphy/ptII/ptolemy/actor/lib/test/auto/ConstantPublisherPort4.xml
3 ms. Memory: 449536K Free: 343550K (76%)
----------------- Invoking toplevel() on ptolemy.moml.MoMLSimpleApplication@3e112cea
----------------- Done invoking toplevel() on ptolemy.moml.MoMLSimpleApplication@3e112cea
reloadAllAccessors: .ConstantPublisherPort4

===========================================================================================
----------------- testing Sun Jun 23 16:12:13 UTC 2019 /home/travis/build/icyphy/ptII/ptolemy/actor/lib/test/auto/ConstantPublisherPort5.xml
----------------- Instantiating /home/travis/build/icyphy/ptII/ptolemy/actor/lib/test/auto/ConstantPublisherPort5.xml
29 ms. Memory: 449536K Free: 333824K (74%)
----------------- Invoking toplevel() on ptolemy.moml.MoMLSimpleApplication@1b8cc6c1
----------------- Done invoking toplevel() on ptolemy.moml.MoMLSimpleApplication@1b8cc6c1
reloadAllAccessors: .ConstantPublisherPort5

===========================================================================================
----------------- testing Sun Jun 23 16:12:13 UTC 2019 /home/travis/build/icyphy/ptII/ptolemy/actor/lib/test/auto/ConstantPublisherPort6.xml
----------------- Instantiating /home/travis/build/icyphy/ptII/ptolemy/actor/lib/test/auto/ConstantPublisherPort6.xml
21 ms. Memory: 449536K Free: 325118K (72%)
----------------- Invoking toplevel() on ptolemy.moml.MoMLSimpleApplication@414172ad
----------------- Done invoking toplevel() on ptolemy.moml.MoMLSimpleApplication@414172ad
reloadAllAccessors: .ConstantPublisherPort6

===========================================================================================
----------------- testing Sun Jun 23 16:12:13 UTC 2019 /home/travis/build/icyphy/ptII/ptolemy/actor/lib/test/auto/ConstantPublisherPort7.xml
----------------- Instantiating /home/travis/build/icyphy/ptII/ptolemy/actor/lib/test/auto/ConstantPublisherPort7.xml
16 ms. Memory: 449536K Free: 315902K (70%)
----------------- Invoking toplevel() on ptolemy.moml.MoMLSimpleApplication@721fd436
----------------- Done invoking toplevel() on ptolemy.moml.MoMLSimpleApplication@721fd436
reloadAllAccessors: .ConstantPublisherPort7

===========================================================================================
----------------- testing Sun Jun 23 16:12:13 UTC 2019 /home/travis/build/icyphy/ptII/ptolemy/actor/lib/test/auto/ConstraintMonitor1.xml
----------------- Instantiating /home/travis/build/icyphy/ptII/ptolemy/actor/lib/test/auto/ConstraintMonitor1.xml
7 ms. Memory: 449536K Free: 310270K (69%)
----------------- Invoking toplevel() on ptolemy.moml.MoMLSimpleApplication@6e64e369
----------------- Done invoking toplevel() on ptolemy.moml.MoMLSimpleApplication@6e64e369
reloadAllAccessors: .ConstraintMonitor1

===========================================================================================
----------------- testing Sun Jun 23 16:12:13 UTC 2019 /home/travis/build/icyphy/ptII/ptolemy/actor/lib/test/auto/ConstraintMonitor2.xml
----------------- Instantiating /home/travis/build/icyphy/ptII/ptolemy/actor/lib/test/auto/ConstraintMonitor2.xml
2 ms. Memory: 449536K Free: 306176K (68%)
----------------- Invoking toplevel() on ptolemy.moml.MoMLSimpleApplication@21cb8dab
----------------- Done invoking toplevel() on ptolemy.moml.MoMLSimpleApplication@21cb8dab
reloadAllAccessors: .ConstraintMonitor2

===========================================================================================
----------------- testing Sun Jun 23 16:12:13 UTC 2019 /home/travis/build/icyphy/ptII/ptolemy/actor/lib/test/auto/ConstraintMonitor3.xml
----------------- Instantiating /home/travis/build/icyphy/ptII/ptolemy/actor/lib/test/auto/ConstraintMonitor3.xml
3 ms. Memory: 449536K Free: 301566K (67%)
----------------- Invoking toplevel() on ptolemy.moml.MoMLSimpleApplication@327a912b
----------------- Done invoking toplevel() on ptolemy.moml.MoMLSimpleApplication@327a912b
reloadAllAccessors: .ConstraintMonitor3

===========================================================================================
----------------- testing Sun Jun 23 16:12:13 UTC 2019 /home/travis/build/icyphy/ptII/ptolemy/actor/lib/test/auto/ConstraintMonitor4.xml
----------------- Instantiating /home/travis/build/icyphy/ptII/ptolemy/actor/lib/test/auto/ConstraintMonitor4.xml
5 ms. Memory: 449536K Free: 296960K (66%)
----------------- Invoking toplevel() on ptolemy.moml.MoMLSimpleApplication@780db415
----------------- Done invoking toplevel() on ptolemy.moml.MoMLSimpleApplication@780db415
reloadAllAccessors: .ConstraintMonitor4

===========================================================================================
----------------- testing Sun Jun 23 16:12:13 UTC 2019 /home/travis/build/icyphy/ptII/ptolemy/actor/lib/test/auto/ConstraintMonitor5.xml
----------------- Instantiating /home/travis/build/icyphy/ptII/ptolemy/actor/lib/test/auto/ConstraintMonitor5.xml
4 ms. Memory: 449536K Free: 291840K (65%)
----------------- Invoking toplevel() on ptolemy.moml.MoMLSimpleApplication@276b6e56
----------------- Done invoking toplevel() on ptolemy.moml.MoMLSimpleApplication@276b6e56
reloadAllAccessors: .ConstraintMonitor5

===========================================================================================
----------------- testing Sun Jun 23 16:12:13 UTC 2019 /home/travis/build/icyphy/ptII/ptolemy/actor/lib/test/auto/ConstraintMonitor6.xml
----------------- Instantiating /home/travis/build/icyphy/ptII/ptolemy/actor/lib/test/auto/ConstraintMonitor6.xml
11 ms. Memory: 449536K Free: 285696K (64%)
----------------- Invoking toplevel() on ptolemy.moml.MoMLSimpleApplication@dd5ad63
----------------- Done invoking toplevel() on ptolemy.moml.MoMLSimpleApplication@dd5ad63
reloadAllAccessors: .ConstraintMonitor6

===========================================================================================
----------------- testing Sun Jun 23 16:12:13 UTC 2019 /home/travis/build/icyphy/ptII/ptolemy/actor/lib/test/auto/ConstraintMonitor7.xml
----------------- Instantiating /home/travis/build/icyphy/ptII/ptolemy/actor/lib/test/auto/ConstraintMonitor7.xml
3 ms. Memory: 449536K Free: 279552K (62%)
----------------- Invoking toplevel() on ptolemy.moml.MoMLSimpleApplication@56197245
----------------- Done invoking toplevel() on ptolemy.moml.MoMLSimpleApplication@56197245
reloadAllAccessors: .ConstraintMonitor7

===========================================================================================
----------------- testing Sun Jun 23 16:12:13 UTC 2019 /home/travis/build/icyphy/ptII/ptolemy/actor/lib/test/auto/ConstraintMonitor8.xml
----------------- Instantiating /home/travis/build/icyphy/ptII/ptolemy/actor/lib/test/auto/ConstraintMonitor8.xml
7 ms. Memory: 449536K Free: 271870K (60%)
----------------- Invoking toplevel() on ptolemy.moml.MoMLSimpleApplication@327b91c0
----------------- Done invoking toplevel() on ptolemy.moml.MoMLSimpleApplication@327b91c0
reloadAllAccessors: .ConstraintMonitor8

===========================================================================================
----------------- testing Sun Jun 23 16:12:13 UTC 2019 /home/travis/build/icyphy/ptII/ptolemy/actor/lib/test/auto/Counter.xml
----------------- Instantiating /home/travis/build/icyphy/ptII/ptolemy/actor/lib/test/auto/Counter.xml
2 ms. Memory: 449536K Free: 266750K (59%)
----------------- Invoking toplevel() on ptolemy.moml.MoMLSimpleApplication@7c95b84b
----------------- Done invoking toplevel() on ptolemy.moml.MoMLSimpleApplication@7c95b84b
reloadAllAccessors: .Counter

===========================================================================================
----------------- testing Sun Jun 23 16:12:13 UTC 2019 /home/travis/build/icyphy/ptII/ptolemy/actor/lib/test/auto/CurrentTimeSDF.xml
----------------- Instantiating /home/travis/build/icyphy/ptII/ptolemy/actor/lib/test/auto/CurrentTimeSDF.xml
2 ms. Memory: 449536K Free: 263168K (59%)
----------------- Invoking toplevel() on ptolemy.moml.MoMLSimpleApplication@330c78fc
----------------- Done invoking toplevel() on ptolemy.moml.MoMLSimpleApplication@330c78fc
reloadAllAccessors: .CurrentTimeSDF

===========================================================================================
----------------- testing Sun Jun 23 16:12:13 UTC 2019 /home/travis/build/icyphy/ptII/ptolemy/actor/lib/test/auto/DB.xml
----------------- Instantiating /home/travis/build/icyphy/ptII/ptolemy/actor/lib/test/auto/DB.xml
3 ms. Memory: 449536K Free: 257534K (57%)
----------------- Invoking toplevel() on ptolemy.moml.MoMLSimpleApplication@36b7e751
----------------- Done invoking toplevel() on ptolemy.moml.MoMLSimpleApplication@36b7e751
reloadAllAccessors: .DB

===========================================================================================
----------------- testing Sun Jun 23 16:12:13 UTC 2019 /home/travis/build/icyphy/ptII/ptolemy/actor/lib/test/auto/DBDE.xml
----------------- Instantiating /home/travis/build/icyphy/ptII/ptolemy/actor/lib/test/auto/DBDE.xml
3 ms. Memory: 449536K Free: 251375K (56%)
----------------- Invoking toplevel() on ptolemy.moml.MoMLSimpleApplication@3ae090ab
----------------- Done invoking toplevel() on ptolemy.moml.MoMLSimpleApplication@3ae090ab
reloadAllAccessors: .DBDE

===========================================================================================
----------------- testing Sun Jun 23 16:12:13 UTC 2019 /home/travis/build/icyphy/ptII/ptolemy/actor/lib/test/auto/DateConstructor.xml
----------------- Instantiating /home/travis/build/icyphy/ptII/ptolemy/actor/lib/test/auto/DateConstructor.xml
31 ms. Memory: 449536K Free: 233982K (52%)
----------------- Invoking toplevel() on ptolemy.moml.MoMLSimpleApplication@46d7d268
----------------- Done invoking toplevel() on ptolemy.moml.MoMLSimpleApplication@46d7d268
reloadAllAccessors: .DateConstructor

===========================================================================================
----------------- testing Sun Jun 23 16:12:13 UTC 2019 /home/travis/build/icyphy/ptII/ptolemy/actor/lib/test/auto/DelayTime.xml
----------------- Instantiating /home/travis/build/icyphy/ptII/ptolemy/actor/lib/test/auto/DelayTime.xml
7 ms. Memory: 449536K Free: 228862K (51%)
----------------- Invoking toplevel() on ptolemy.moml.MoMLSimpleApplication@3b239674
----------------- Done invoking toplevel() on ptolemy.moml.MoMLSimpleApplication@3b239674
reloadAllAccessors: .DelayTime

===========================================================================================
----------------- testing Sun Jun 23 16:12:13 UTC 2019 /home/travis/build/icyphy/ptII/ptolemy/actor/lib/test/auto/Dictionary1.xml
----------------- Instantiating /home/travis/build/icyphy/ptII/ptolemy/actor/lib/test/auto/Dictionary1.xml
3 ms. Memory: 449536K Free: 223232K (50%)
----------------- Invoking toplevel() on ptolemy.moml.MoMLSimpleApplication@743e193c
----------------- Done invoking toplevel() on ptolemy.moml.MoMLSimpleApplication@743e193c
reloadAllAccessors: .Dictionary1

===========================================================================================
----------------- testing Sun Jun 23 16:12:13 UTC 2019 /home/travis/build/icyphy/ptII/ptolemy/actor/lib/test/auto/Dictionary2.xml
----------------- Instantiating /home/travis/build/icyphy/ptII/ptolemy/actor/lib/test/auto/Dictionary2.xml
5 ms. Memory: 449536K Free: 218112K (49%)
----------------- Invoking toplevel() on ptolemy.moml.MoMLSimpleApplication@2f4f2b4a
----------------- Done invoking toplevel() on ptolemy.moml.MoMLSimpleApplication@2f4f2b4a
reloadAllAccessors: .Dictionary2

===========================================================================================
----------------- testing Sun Jun 23 16:12:13 UTC 2019 /home/travis/build/icyphy/ptII/ptolemy/actor/lib/test/auto/Dictionary3.xml
----------------- Instantiating /home/travis/build/icyphy/ptII/ptolemy/actor/lib/test/auto/Dictionary3.xml
2 ms. Memory: 449536K Free: 212478K (47%)
----------------- Invoking toplevel() on ptolemy.moml.MoMLSimpleApplication@20c1e38
----------------- Done invoking toplevel() on ptolemy.moml.MoMLSimpleApplication@20c1e38
reloadAllAccessors: .Dictionary3

===========================================================================================
----------------- testing Sun Jun 23 16:12:14 UTC 2019 /home/travis/build/icyphy/ptII/ptolemy/actor/lib/test/auto/Dictionary4.xml
----------------- Instantiating /home/travis/build/icyphy/ptII/ptolemy/actor/lib/test/auto/Dictionary4.xml
3 ms. Memory: 449536K Free: 205310K (46%)
----------------- Invoking toplevel() on ptolemy.moml.MoMLSimpleApplication@523dacf8
----------------- Done invoking toplevel() on ptolemy.moml.MoMLSimpleApplication@523dacf8
reloadAllAccessors: .Dictionary4

===========================================================================================
----------------- testing Sun Jun 23 16:12:14 UTC 2019 /home/travis/build/icyphy/ptII/ptolemy/actor/lib/test/auto/Differential.xml
----------------- Instantiating /home/travis/build/icyphy/ptII/ptolemy/actor/lib/test/auto/Differential.xml
3 ms. Memory: 449536K Free: 201214K (45%)
----------------- Invoking toplevel() on ptolemy.moml.MoMLSimpleApplication@59991825
----------------- Done invoking toplevel() on ptolemy.moml.MoMLSimpleApplication@59991825
reloadAllAccessors: .Differential

===========================================================================================
----------------- testing Sun Jun 23 16:12:14 UTC 2019 /home/travis/build/icyphy/ptII/ptolemy/actor/lib/test/auto/Director.xml
----------------- Instantiating /home/travis/build/icyphy/ptII/ptolemy/actor/lib/test/auto/Director.xml
4 ms. Memory: 449536K Free: 197632K (44%)
----------------- Invoking toplevel() on ptolemy.moml.MoMLSimpleApplication@1866c140
----------------- Done invoking toplevel() on ptolemy.moml.MoMLSimpleApplication@1866c140
reloadAllAccessors: .Director

===========================================================================================
----------------- testing Sun Jun 23 16:12:14 UTC 2019 /home/travis/build/icyphy/ptII/ptolemy/actor/lib/test/auto/DiscreteClock.xml
----------------- Instantiating /home/travis/build/icyphy/ptII/ptolemy/actor/lib/test/auto/DiscreteClock.xml
1 ms. Memory: 449536K Free: 193536K (43%)
----------------- Invoking toplevel() on ptolemy.moml.MoMLSimpleApplication@4c8cebd3
----------------- Done invoking toplevel() on ptolemy.moml.MoMLSimpleApplication@4c8cebd3
reloadAllAccessors: .DiscreteClock

===========================================================================================
----------------- testing Sun Jun 23 16:12:14 UTC 2019 /home/travis/build/icyphy/ptII/ptolemy/actor/lib/test/auto/DiscreteClock10.xml
----------------- Instantiating /home/travis/build/icyphy/ptII/ptolemy/actor/lib/test/auto/DiscreteClock10.xml
4 ms. Memory: 449536K Free: 187392K (42%)
----------------- Invoking toplevel() on ptolemy.moml.MoMLSimpleApplication@2bff38da
----------------- Done invoking toplevel() on ptolemy.moml.MoMLSimpleApplication@2bff38da
reloadAllAccessors: .DiscreteClock10

===========================================================================================
----------------- testing Sun Jun 23 16:12:14 UTC 2019 /home/travis/build/icyphy/ptII/ptolemy/actor/lib/test/auto/DiscreteClock11.xml
----------------- Instantiating /home/travis/build/icyphy/ptII/ptolemy/actor/lib/test/auto/DiscreteClock11.xml
3 ms. Memory: 449536K Free: 181758K (40%)
----------------- Invoking toplevel() on ptolemy.moml.MoMLSimpleApplication@393d871a
----------------- Done invoking toplevel() on ptolemy.moml.MoMLSimpleApplication@393d871a
reloadAllAccessors: .DiscreteClock11

===========================================================================================
----------------- testing Sun Jun 23 16:12:14 UTC 2019 /home/travis/build/icyphy/ptII/ptolemy/actor/lib/test/auto/DiscreteClock12.xml
----------------- Instantiating /home/travis/build/icyphy/ptII/ptolemy/actor/lib/test/auto/DiscreteClock12.xml
3 ms. Memory: 449536K Free: 175614K (39%)
----------------- Invoking toplevel() on ptolemy.moml.MoMLSimpleApplication@279e52bf
----------------- Done invoking toplevel() on ptolemy.moml.MoMLSimpleApplication@279e52bf
reloadAllAccessors: .DiscreteClock12

===========================================================================================
----------------- testing Sun Jun 23 16:12:14 UTC 2019 /home/travis/build/icyphy/ptII/ptolemy/actor/lib/test/auto/DiscreteClock13.xml
----------------- Instantiating /home/travis/build/icyphy/ptII/ptolemy/actor/lib/test/auto/DiscreteClock13.xml
5 ms. Memory: 449536K Free: 169439K (38%)
----------------- Invoking toplevel() on ptolemy.moml.MoMLSimpleApplication@78bf59c2
----------------- Done invoking toplevel() on ptolemy.moml.MoMLSimpleApplication@78bf59c2
reloadAllAccessors: .DiscreteClock13

===========================================================================================
----------------- testing Sun Jun 23 16:12:14 UTC 2019 /home/travis/build/icyphy/ptII/ptolemy/actor/lib/test/auto/DiscreteClock14.xml
----------------- Instantiating /home/travis/build/icyphy/ptII/ptolemy/actor/lib/test/auto/DiscreteClock14.xml
4 ms. Memory: 449536K Free: 163311K (36%)
----------------- Invoking toplevel() on ptolemy.moml.MoMLSimpleApplication@3b78346c
----------------- Done invoking toplevel() on ptolemy.moml.MoMLSimpleApplication@3b78346c
reloadAllAccessors: .DiscreteClock14

===========================================================================================
----------------- testing Sun Jun 23 16:12:14 UTC 2019 /home/travis/build/icyphy/ptII/ptolemy/actor/lib/test/auto/DiscreteClock15.xml
----------------- Instantiating /home/travis/build/icyphy/ptII/ptolemy/actor/lib/test/auto/DiscreteClock15.xml
11 ms. Memory: 449536K Free: 157696K (35%)
----------------- Invoking toplevel() on ptolemy.moml.MoMLSimpleApplication@31d522
----------------- Done invoking toplevel() on ptolemy.moml.MoMLSimpleApplication@31d522
reloadAllAccessors: .DiscreteClock15

===========================================================================================
----------------- testing Sun Jun 23 16:12:14 UTC 2019 /home/travis/build/icyphy/ptII/ptolemy/actor/lib/test/auto/DiscreteClock16.xml
----------------- Instantiating /home/travis/build/icyphy/ptII/ptolemy/actor/lib/test/auto/DiscreteClock16.xml
19 ms. Memory: 449536K Free: 143855K (32%)
----------------- Invoking toplevel() on ptolemy.moml.MoMLSimpleApplication@36bee219
----------------- Done invoking toplevel() on ptolemy.moml.MoMLSimpleApplication@36bee219
reloadAllAccessors: .DiscreteClock16

===========================================================================================
----------------- testing Sun Jun 23 16:12:14 UTC 2019 /home/travis/build/icyphy/ptII/ptolemy/actor/lib/test/auto/DiscreteClock17.xml
----------------- Instantiating /home/travis/build/icyphy/ptII/ptolemy/actor/lib/test/auto/DiscreteClock17.xml
17 ms. Memory: 449536K Free: 395743K (88%)
----------------- Invoking toplevel() on ptolemy.moml.MoMLSimpleApplication@69e9170
----------------- Done invoking toplevel() on ptolemy.moml.MoMLSimpleApplication@69e9170
reloadAllAccessors: .DiscreteClock17

===========================================================================================
----------------- testing Sun Jun 23 16:12:14 UTC 2019 /home/travis/build/icyphy/ptII/ptolemy/actor/lib/test/auto/DiscreteClock18.xml
----------------- Instantiating /home/travis/build/icyphy/ptII/ptolemy/actor/lib/test/auto/DiscreteClock18.xml
14 ms. Memory: 449536K Free: 382447K (85%)
----------------- Invoking toplevel() on ptolemy.moml.MoMLSimpleApplication@31d6d3f
----------------- Done invoking toplevel() on ptolemy.moml.MoMLSimpleApplication@31d6d3f
reloadAllAccessors: .DiscreteClock18

===========================================================================================
----------------- testing Sun Jun 23 16:12:14 UTC 2019 /home/travis/build/icyphy/ptII/ptolemy/actor/lib/test/auto/DiscreteClock19.xml
----------------- Instantiating /home/travis/build/icyphy/ptII/ptolemy/actor/lib/test/auto/DiscreteClock19.xml
18 ms. Memory: 449536K Free: 369119K (82%)
----------------- Invoking toplevel() on ptolemy.moml.MoMLSimpleApplication@429d26ba
----------------- Done invoking toplevel() on ptolemy.moml.MoMLSimpleApplication@429d26ba
reloadAllAccessors: .DiscreteClock19

===========================================================================================
----------------- testing Sun Jun 23 16:12:14 UTC 2019 /home/travis/build/icyphy/ptII/ptolemy/actor/lib/test/auto/DiscreteClock2.xml
----------------- Instantiating /home/travis/build/icyphy/ptII/ptolemy/actor/lib/test/auto/DiscreteClock2.xml
1 ms. Memory: 449536K Free: 364030K (81%)
----------------- Invoking toplevel() on ptolemy.moml.MoMLSimpleApplication@1f829f8e
----------------- Done invoking toplevel() on ptolemy.moml.MoMLSimpleApplication@1f829f8e
reloadAllAccessors: .DiscreteClock2

===========================================================================================
----------------- testing Sun Jun 23 16:12:14 UTC 2019 /home/travis/build/icyphy/ptII/ptolemy/actor/lib/test/auto/DiscreteClock20.xml
----------------- Instantiating /home/travis/build/icyphy/ptII/ptolemy/actor/lib/test/auto/DiscreteClock20.xml
6 ms. Memory: 449536K Free: 358400K (80%)
----------------- Invoking toplevel() on ptolemy.moml.MoMLSimpleApplication@41b85325
----------------- Done invoking toplevel() on ptolemy.moml.MoMLSimpleApplication@41b85325
reloadAllAccessors: .DiscreteClock20

===========================================================================================
----------------- testing Sun Jun 23 16:12:14 UTC 2019 /home/travis/build/icyphy/ptII/ptolemy/actor/lib/test/auto/DiscreteClock21.xml
----------------- Instantiating /home/travis/build/icyphy/ptII/ptolemy/actor/lib/test/auto/DiscreteClock21.xml
3 ms. Memory: 449536K Free: 353280K (79%)
----------------- Invoking toplevel() on ptolemy.moml.MoMLSimpleApplication@ff893b9
----------------- Done invoking toplevel() on ptolemy.moml.MoMLSimpleApplication@ff893b9
reloadAllAccessors: .DiscreteClock21

===========================================================================================
----------------- testing Sun Jun 23 16:12:14 UTC 2019 /home/travis/build/icyphy/ptII/ptolemy/actor/lib/test/auto/DiscreteClock22.xml
----------------- Instantiating /home/travis/build/icyphy/ptII/ptolemy/actor/lib/test/auto/DiscreteClock22.xml
7 ms. Memory: 449536K Free: 347646K (77%)
----------------- Invoking toplevel() on ptolemy.moml.MoMLSimpleApplication@5fbd0e1
----------------- Done invoking toplevel() on ptolemy.moml.MoMLSimpleApplication@5fbd0e1
reloadAllAccessors: .DiscreteClock22

===========================================================================================
----------------- testing Sun Jun 23 16:12:14 UTC 2019 /home/travis/build/icyphy/ptII/ptolemy/actor/lib/test/auto/DiscreteClock23.xml
----------------- Instantiating /home/travis/build/icyphy/ptII/ptolemy/actor/lib/test/auto/DiscreteClock23.xml
10 ms. Memory: 449536K Free: 342016K (76%)
----------------- Invoking toplevel() on ptolemy.moml.MoMLSimpleApplication@63bcc35a
----------------- Done invoking toplevel() on ptolemy.moml.MoMLSimpleApplication@63bcc35a
reloadAllAccessors: .DiscreteClock23

===========================================================================================
----------------- testing Sun Jun 23 16:12:14 UTC 2019 /home/travis/build/icyphy/ptII/ptolemy/actor/lib/test/auto/DiscreteClock24.xml
----------------- Instantiating /home/travis/build/icyphy/ptII/ptolemy/actor/lib/test/auto/DiscreteClock24.xml
2 ms. Memory: 449536K Free: 336382K (75%)
----------------- Invoking toplevel() on ptolemy.moml.MoMLSimpleApplication@7ab2aaca
----------------- Done invoking toplevel() on ptolemy.moml.MoMLSimpleApplication@7ab2aaca
reloadAllAccessors: .DiscreteClock24

===========================================================================================
----------------- testing Sun Jun 23 16:12:14 UTC 2019 /home/travis/build/icyphy/ptII/ptolemy/actor/lib/test/auto/DiscreteClock4.xml
----------------- Instantiating /home/travis/build/icyphy/ptII/ptolemy/actor/lib/test/auto/DiscreteClock4.xml
4 ms. Memory: 449536K Free: 331247K (74%)
----------------- Invoking toplevel() on ptolemy.moml.MoMLSimpleApplication@237e99a9
----------------- Done invoking toplevel() on ptolemy.moml.MoMLSimpleApplication@237e99a9
reloadAllAccessors: .DiscreteClock4

===========================================================================================
----------------- testing Sun Jun 23 16:12:14 UTC 2019 /home/travis/build/icyphy/ptII/ptolemy/actor/lib/test/auto/DiscreteClock5.xml
----------------- Instantiating /home/travis/build/icyphy/ptII/ptolemy/actor/lib/test/auto/DiscreteClock5.xml
1 ms. Memory: 449536K Free: 325632K (72%)
----------------- Invoking toplevel() on ptolemy.moml.MoMLSimpleApplication@db3145a
----------------- Done invoking toplevel() on ptolemy.moml.MoMLSimpleApplication@db3145a
reloadAllAccessors: .DiscreteClock5

===========================================================================================
----------------- testing Sun Jun 23 16:12:14 UTC 2019 /home/travis/build/icyphy/ptII/ptolemy/actor/lib/test/auto/DiscreteClock6.xml
----------------- Instantiating /home/travis/build/icyphy/ptII/ptolemy/actor/lib/test/auto/DiscreteClock6.xml
1 ms. Memory: 449536K Free: 321536K (72%)
----------------- Invoking toplevel() on ptolemy.moml.MoMLSimpleApplication@31701005
----------------- Done invoking toplevel() on ptolemy.moml.MoMLSimpleApplication@31701005
reloadAllAccessors: .DiscreteClock6

===========================================================================================
----------------- testing Sun Jun 23 16:12:14 UTC 2019 /home/travis/build/icyphy/ptII/ptolemy/actor/lib/test/auto/DiscreteClock7.xml
----------------- Instantiating /home/travis/build/icyphy/ptII/ptolemy/actor/lib/test/auto/DiscreteClock7.xml
1 ms. Memory: 449536K Free: 316926K (71%)
----------------- Invoking toplevel() on ptolemy.moml.MoMLSimpleApplication@5daaca15
----------------- Done invoking toplevel() on ptolemy.moml.MoMLSimpleApplication@5daaca15
reloadAllAccessors: .DiscreteClock7

===========================================================================================
----------------- testing Sun Jun 23 16:12:14 UTC 2019 /home/travis/build/icyphy/ptII/ptolemy/actor/lib/test/auto/DiscreteClock8.xml
----------------- Instantiating /home/travis/build/icyphy/ptII/ptolemy/actor/lib/test/auto/DiscreteClock8.xml
2 ms. Memory: 449536K Free: 311296K (69%)
----------------- Invoking toplevel() on ptolemy.moml.MoMLSimpleApplication@102d760a
----------------- Done invoking toplevel() on ptolemy.moml.MoMLSimpleApplication@102d760a
reloadAllAccessors: .DiscreteClock8

===========================================================================================
----------------- testing Sun Jun 23 16:12:14 UTC 2019 /home/travis/build/icyphy/ptII/ptolemy/actor/lib/test/auto/DiscreteClock9.xml
----------------- Instantiating /home/travis/build/icyphy/ptII/ptolemy/actor/lib/test/auto/DiscreteClock9.xml
2 ms. Memory: 449536K Free: 306176K (68%)
----------------- Invoking toplevel() on ptolemy.moml.MoMLSimpleApplication@630633be
----------------- Done invoking toplevel() on ptolemy.moml.MoMLSimpleApplication@630633be
reloadAllAccessors: .DiscreteClock9

===========================================================================================
----------------- testing Sun Jun 23 16:12:14 UTC 2019 /home/travis/build/icyphy/ptII/ptolemy/actor/lib/test/auto/DisplayArray.xml
----------------- Instantiating /home/travis/build/icyphy/ptII/ptolemy/actor/lib/test/auto/DisplayArray.xml
1 ms. Memory: 449536K Free: 302590K (67%)
----------------- Invoking toplevel() on ptolemy.moml.MoMLSimpleApplication@42445052
----------------- Done invoking toplevel() on ptolemy.moml.MoMLSimpleApplication@42445052
reloadAllAccessors: .DisplayArray

===========================================================================================
----------------- testing Sun Jun 23 16:12:14 UTC 2019 /home/travis/build/icyphy/ptII/ptolemy/actor/lib/test/auto/Distributor.xml
----------------- Instantiating /home/travis/build/icyphy/ptII/ptolemy/actor/lib/test/auto/Distributor.xml
1 ms. Memory: 449536K Free: 297470K (66%)
----------------- Invoking toplevel() on ptolemy.moml.MoMLSimpleApplication@5e2508a
----------------- Done invoking toplevel() on ptolemy.moml.MoMLSimpleApplication@5e2508a
reloadAllAccessors: .Distributor

===========================================================================================
----------------- testing Sun Jun 23 16:12:14 UTC 2019 /home/travis/build/icyphy/ptII/ptolemy/actor/lib/test/auto/Distributor2.xml
----------------- Instantiating /home/travis/build/icyphy/ptII/ptolemy/actor/lib/test/auto/Distributor2.xml
2 ms. Memory: 449536K Free: 292350K (65%)
----------------- Invoking toplevel() on ptolemy.moml.MoMLSimpleApplication@95f732c
----------------- Done invoking toplevel() on ptolemy.moml.MoMLSimpleApplication@95f732c
reloadAllAccessors: .Distributor2

===========================================================================================
----------------- testing Sun Jun 23 16:12:14 UTC 2019 /home/travis/build/icyphy/ptII/ptolemy/actor/lib/test/auto/DownSample.xml
----------------- Instantiating /home/travis/build/icyphy/ptII/ptolemy/actor/lib/test/auto/DownSample.xml
1 ms. Memory: 449536K Free: 288254K (64%)
----------------- Invoking toplevel() on ptolemy.moml.MoMLSimpleApplication@7c9deda5
----------------- Done invoking toplevel() on ptolemy.moml.MoMLSimpleApplication@7c9deda5
reloadAllAccessors: .DownSample

===========================================================================================
----------------- testing Sun Jun 23 16:12:14 UTC 2019 /home/travis/build/icyphy/ptII/ptolemy/actor/lib/test/auto/ElectronicUnitBase1.xml
----------------- Instantiating /home/travis/build/icyphy/ptII/ptolemy/actor/lib/test/auto/ElectronicUnitBase1.xml
16 ms. Memory: 449536K Free: 272384K (61%)
----------------- Invoking toplevel() on ptolemy.moml.MoMLSimpleApplication@6f666373
----------------- Done invoking toplevel() on ptolemy.moml.MoMLSimpleApplication@6f666373
reloadAllAccessors: .ElectronicUnitBase1

===========================================================================================
----------------- testing Sun Jun 23 16:12:14 UTC 2019 /home/travis/build/icyphy/ptII/ptolemy/actor/lib/test/auto/ElementsToArray.xml
----------------- Instantiating /home/travis/build/icyphy/ptII/ptolemy/actor/lib/test/auto/ElementsToArray.xml
3 ms. Memory: 449536K Free: 267264K (59%)
----------------- Invoking toplevel() on ptolemy.moml.MoMLSimpleApplication@57e2ef51
----------------- Done invoking toplevel() on ptolemy.moml.MoMLSimpleApplication@57e2ef51
reloadAllAccessors: .ElementsToArray

===========================================================================================
----------------- testing Sun Jun 23 16:12:14 UTC 2019 /home/travis/build/icyphy/ptII/ptolemy/actor/lib/test/auto/Equals.xml
----------------- Instantiating /home/travis/build/icyphy/ptII/ptolemy/actor/lib/test/auto/Equals.xml
4 ms. Memory: 449536K Free: 262654K (58%)
----------------- Invoking toplevel() on ptolemy.moml.MoMLSimpleApplication@8afa29d
----------------- Done invoking toplevel() on ptolemy.moml.MoMLSimpleApplication@8afa29d
reloadAllAccessors: .Equals

===========================================================================================
----------------- testing Sun Jun 23 16:12:14 UTC 2019 /home/travis/build/icyphy/ptII/ptolemy/actor/lib/test/auto/Exec.xml
----------------- Instantiating /home/travis/build/icyphy/ptII/ptolemy/actor/lib/test/auto/Exec.xml
20 ms. Memory: 449536K Free: 258046K (57%)
----------------- Invoking toplevel() on ptolemy.moml.MoMLSimpleApplication@3469bcbe
----------------- Done invoking toplevel() on ptolemy.moml.MoMLSimpleApplication@3469bcbe
reloadAllAccessors: .Exec

===========================================================================================
----------------- testing Sun Jun 23 16:12:14 UTC 2019 /home/travis/build/icyphy/ptII/ptolemy/actor/lib/test/auto/ExecEnvironment.xml
----------------- Instantiating /home/travis/build/icyphy/ptII/ptolemy/actor/lib/test/auto/ExecEnvironment.xml
26 ms. Memory: 449536K Free: 253423K (56%)
----------------- Invoking toplevel() on ptolemy.moml.MoMLSimpleApplication@677180f6
----------------- Done invoking toplevel() on ptolemy.moml.MoMLSimpleApplication@677180f6
reloadAllAccessors: .ExecEnvironment

===========================================================================================
----------------- testing Sun Jun 23 16:12:14 UTC 2019 /home/travis/build/icyphy/ptII/ptolemy/actor/lib/test/auto/ExecNonZeroReturnOutput.xml
----------------- Instantiating /home/travis/build/icyphy/ptII/ptolemy/actor/lib/test/auto/ExecNonZeroReturnOutput.xml
206 ms. Memory: 449536K Free: 242174K (54%)
----------------- Invoking toplevel() on ptolemy.moml.MoMLSimpleApplication@f5802c7
----------------- Done invoking toplevel() on ptolemy.moml.MoMLSimpleApplication@f5802c7
reloadAllAccessors: .ExecNonZeroReturnOutput

===========================================================================================
----------------- testing Sun Jun 23 16:12:15 UTC 2019 /home/travis/build/icyphy/ptII/ptolemy/actor/lib/test/auto/ExecRunDemos.xml
----------------- Instantiating /home/travis/build/icyphy/ptII/ptolemy/actor/lib/test/auto/ExecRunDemos.xml
11942 ms. Memory: 449536K Free: 223232K (50%)

===========================================================================================
----------------- testing Sun Jun 23 16:12:27 UTC 2019 /home/travis/build/icyphy/ptII/ptolemy/actor/lib/test/auto/ExecStop.xml
----------------- Instantiating /home/travis/build/icyphy/ptII/ptolemy/actor/lib/test/auto/ExecStop.xml
5010 ms. Memory: 449536K Free: 368929K (82%)
----------------- Invoking toplevel() on ptolemy.moml.MoMLSimpleApplication@3f2e1a1
----------------- Done invoking toplevel() on ptolemy.moml.MoMLSimpleApplication@3f2e1a1
reloadAllAccessors: .ExecStop

===========================================================================================
----------------- testing Sun Jun 23 16:12:32 UTC 2019 /home/travis/build/icyphy/ptII/ptolemy/actor/lib/test/auto/ExecutionTimeSDF.xml
----------------- Instantiating /home/travis/build/icyphy/ptII/ptolemy/actor/lib/test/auto/ExecutionTimeSDF.xml
Fired ExecutionTime: -1863367296
Fired ExecutionTime: 1030400000
Fired ExecutionTime: 1068400000
6007 ms. Memory: 449536K Free: 356130K (79%)
----------------- Invoking toplevel() on ptolemy.moml.MoMLSimpleApplication@5cd133d9
----------------- Done invoking toplevel() on ptolemy.moml.MoMLSimpleApplication@5cd133d9
reloadAllAccessors: .ExecutionTimeSDF

===========================================================================================
----------------- testing Sun Jun 23 16:12:38 UTC 2019 /home/travis/build/icyphy/ptII/ptolemy/actor/lib/test/auto/Expression1.xml
----------------- Instantiating /home/travis/build/icyphy/ptII/ptolemy/actor/lib/test/auto/Expression1.xml
1 ms. Memory: 449536K Free: 353058K (79%)
----------------- Invoking toplevel() on ptolemy.moml.MoMLSimpleApplication@109703d1
----------------- Done invoking toplevel() on ptolemy.moml.MoMLSimpleApplication@109703d1
reloadAllAccessors: .Expression1

===========================================================================================
----------------- testing Sun Jun 23 16:12:38 UTC 2019 /home/travis/build/icyphy/ptII/ptolemy/actor/lib/test/auto/Expression10.xml
----------------- Instantiating /home/travis/build/icyphy/ptII/ptolemy/actor/lib/test/auto/Expression10.xml
14 ms. Memory: 449536K Free: 347424K (77%)
----------------- Invoking toplevel() on ptolemy.moml.MoMLSimpleApplication@3fae8e52
----------------- Done invoking toplevel() on ptolemy.moml.MoMLSimpleApplication@3fae8e52
reloadAllAccessors: .Expression10

===========================================================================================
----------------- testing Sun Jun 23 16:12:38 UTC 2019 /home/travis/build/icyphy/ptII/ptolemy/actor/lib/test/auto/Expression11.xml
----------------- Instantiating /home/travis/build/icyphy/ptII/ptolemy/actor/lib/test/auto/Expression11.xml
3 ms. Memory: 449536K Free: 342304K (76%)
----------------- Invoking toplevel() on ptolemy.moml.MoMLSimpleApplication@3c822072
----------------- Done invoking toplevel() on ptolemy.moml.MoMLSimpleApplication@3c822072
reloadAllAccessors: .Expression11

===========================================================================================
----------------- testing Sun Jun 23 16:12:38 UTC 2019 /home/travis/build/icyphy/ptII/ptolemy/actor/lib/test/auto/Expression12.xml
----------------- Instantiating /home/travis/build/icyphy/ptII/ptolemy/actor/lib/test/auto/Expression12.xml
4 ms. Memory: 449536K Free: 337184K (75%)
----------------- Invoking toplevel() on ptolemy.moml.MoMLSimpleApplication@3f6a5bf7
----------------- Done invoking toplevel() on ptolemy.moml.MoMLSimpleApplication@3f6a5bf7
reloadAllAccessors: .Expression12

===========================================================================================
----------------- testing Sun Jun 23 16:12:38 UTC 2019 /home/travis/build/icyphy/ptII/ptolemy/actor/lib/test/auto/Expression13.xml
----------------- Instantiating /home/travis/build/icyphy/ptII/ptolemy/actor/lib/test/auto/Expression13.xml
5 ms. Memory: 449536K Free: 332064K (74%)
----------------- Invoking toplevel() on ptolemy.moml.MoMLSimpleApplication@21e08b15
----------------- Done invoking toplevel() on ptolemy.moml.MoMLSimpleApplication@21e08b15
reloadAllAccessors: .Expression13

===========================================================================================
----------------- testing Sun Jun 23 16:12:38 UTC 2019 /home/travis/build/icyphy/ptII/ptolemy/actor/lib/test/auto/Expression14.xml
----------------- Instantiating /home/travis/build/icyphy/ptII/ptolemy/actor/lib/test/auto/Expression14.xml
9 ms. Memory: 449536K Free: 326434K (73%)
----------------- Invoking toplevel() on ptolemy.moml.MoMLSimpleApplication@bb9910c
----------------- Done invoking toplevel() on ptolemy.moml.MoMLSimpleApplication@bb9910c
reloadAllAccessors: .Expression14

===========================================================================================
----------------- testing Sun Jun 23 16:12:38 UTC 2019 /home/travis/build/icyphy/ptII/ptolemy/actor/lib/test/auto/Expression15.xml
----------------- Instantiating /home/travis/build/icyphy/ptII/ptolemy/actor/lib/test/auto/Expression15.xml
1 ms. Memory: 449536K Free: 322834K (72%)
----------------- Invoking toplevel() on ptolemy.moml.MoMLSimpleApplication@10ace849
----------------- Done invoking toplevel() on ptolemy.moml.MoMLSimpleApplication@10ace849
reloadAllAccessors: .Expression15

===========================================================================================
----------------- testing Sun Jun 23 16:12:38 UTC 2019 /home/travis/build/icyphy/ptII/ptolemy/actor/lib/test/auto/Expression16.xml
----------------- Instantiating /home/travis/build/icyphy/ptII/ptolemy/actor/lib/test/auto/Expression16.xml
4 ms. Memory: 449536K Free: 317728K (71%)
----------------- Invoking toplevel() on ptolemy.moml.MoMLSimpleApplication@1b0cc97c
----------------- Done invoking toplevel() on ptolemy.moml.MoMLSimpleApplication@1b0cc97c
reloadAllAccessors: .Expression16

===========================================================================================
----------------- testing Sun Jun 23 16:12:38 UTC 2019 /home/travis/build/icyphy/ptII/ptolemy/actor/lib/test/auto/Expression17.xml
----------------- Instantiating /home/travis/build/icyphy/ptII/ptolemy/actor/lib/test/auto/Expression17.xml
4 ms. Memory: 449536K Free: 313122K (70%)
----------------- Invoking toplevel() on ptolemy.moml.MoMLSimpleApplication@4c30749f
----------------- Done invoking toplevel() on ptolemy.moml.MoMLSimpleApplication@4c30749f
reloadAllAccessors: .Expression17

===========================================================================================
----------------- testing Sun Jun 23 16:12:38 UTC 2019 /home/travis/build/icyphy/ptII/ptolemy/actor/lib/test/auto/Expression18.xml
----------------- Instantiating /home/travis/build/icyphy/ptII/ptolemy/actor/lib/test/auto/Expression18.xml
2 ms. Memory: 449536K Free: 307488K (68%)
----------------- Invoking toplevel() on ptolemy.moml.MoMLSimpleApplication@f239b7c
----------------- Done invoking toplevel() on ptolemy.moml.MoMLSimpleApplication@f239b7c
reloadAllAccessors: .Expression18

===========================================================================================
----------------- testing Sun Jun 23 16:12:38 UTC 2019 /home/travis/build/icyphy/ptII/ptolemy/actor/lib/test/auto/Expression2.xml
----------------- Instantiating /home/travis/build/icyphy/ptII/ptolemy/actor/lib/test/auto/Expression2.xml
3 ms. Memory: 449536K Free: 302882K (67%)
----------------- Invoking toplevel() on ptolemy.moml.MoMLSimpleApplication@1bdf6d43
----------------- Done invoking toplevel() on ptolemy.moml.MoMLSimpleApplication@1bdf6d43
reloadAllAccessors: .Expression2

===========================================================================================
----------------- testing Sun Jun 23 16:12:38 UTC 2019 /home/travis/build/icyphy/ptII/ptolemy/actor/lib/test/auto/Expression3.xml
----------------- Instantiating /home/travis/build/icyphy/ptII/ptolemy/actor/lib/test/auto/Expression3.xml
7 ms. Memory: 449536K Free: 297762K (66%)
----------------- Invoking toplevel() on ptolemy.moml.MoMLSimpleApplication@6e0c780e
----------------- Done invoking toplevel() on ptolemy.moml.MoMLSimpleApplication@6e0c780e
reloadAllAccessors: .Expression3

===========================================================================================
----------------- testing Sun Jun 23 16:12:38 UTC 2019 /home/travis/build/icyphy/ptII/ptolemy/actor/lib/test/auto/Expression4.xml
----------------- Instantiating /home/travis/build/icyphy/ptII/ptolemy/actor/lib/test/auto/Expression4.xml
10 ms. Memory: 449536K Free: 290080K (65%)
----------------- Invoking toplevel() on ptolemy.moml.MoMLSimpleApplication@1ff7694a
----------------- Done invoking toplevel() on ptolemy.moml.MoMLSimpleApplication@1ff7694a
reloadAllAccessors: .Expression4

===========================================================================================
----------------- testing Sun Jun 23 16:12:38 UTC 2019 /home/travis/build/icyphy/ptII/ptolemy/actor/lib/test/auto/Expression5.xml
----------------- Instantiating /home/travis/build/icyphy/ptII/ptolemy/actor/lib/test/auto/Expression5.xml
6 ms. Memory: 449536K Free: 285474K (64%)
----------------- Invoking toplevel() on ptolemy.moml.MoMLSimpleApplication@6540b41b
----------------- Done invoking toplevel() on ptolemy.moml.MoMLSimpleApplication@6540b41b
reloadAllAccessors: .Expression5

===========================================================================================
----------------- testing Sun Jun 23 16:12:38 UTC 2019 /home/travis/build/icyphy/ptII/ptolemy/actor/lib/test/auto/Expression6.xml
----------------- Instantiating /home/travis/build/icyphy/ptII/ptolemy/actor/lib/test/auto/Expression6.xml
2 ms. Memory: 449536K Free: 280864K (62%)
----------------- Invoking toplevel() on ptolemy.moml.MoMLSimpleApplication@1dddd18b
----------------- Done invoking toplevel() on ptolemy.moml.MoMLSimpleApplication@1dddd18b
reloadAllAccessors: .Expression6

===========================================================================================
----------------- testing Sun Jun 23 16:12:38 UTC 2019 /home/travis/build/icyphy/ptII/ptolemy/actor/lib/test/auto/Expression7.xml
----------------- Instantiating /home/travis/build/icyphy/ptII/ptolemy/actor/lib/test/auto/Expression7.xml
2 ms. Memory: 449536K Free: 276258K (61%)
----------------- Invoking toplevel() on ptolemy.moml.MoMLSimpleApplication@7cf9b5b
----------------- Done invoking toplevel() on ptolemy.moml.MoMLSimpleApplication@7cf9b5b
reloadAllAccessors: .Expression7

===========================================================================================
----------------- testing Sun Jun 23 16:12:38 UTC 2019 /home/travis/build/icyphy/ptII/ptolemy/actor/lib/test/auto/Expression8.xml
----------------- Instantiating /home/travis/build/icyphy/ptII/ptolemy/actor/lib/test/auto/Expression8.xml
9 ms. Memory: 449536K Free: 271138K (60%)
----------------- Invoking toplevel() on ptolemy.moml.MoMLSimpleApplication@24067481
----------------- Done invoking toplevel() on ptolemy.moml.MoMLSimpleApplication@24067481
reloadAllAccessors: .Expression8

===========================================================================================
----------------- testing Sun Jun 23 16:12:38 UTC 2019 /home/travis/build/icyphy/ptII/ptolemy/actor/lib/test/auto/Expression9.xml
----------------- Instantiating /home/travis/build/icyphy/ptII/ptolemy/actor/lib/test/auto/Expression9.xml
1 ms. Memory: 449536K Free: 267042K (59%)
----------------- Invoking toplevel() on ptolemy.moml.MoMLSimpleApplication@59515736
----------------- Done invoking toplevel() on ptolemy.moml.MoMLSimpleApplication@59515736
reloadAllAccessors: .Expression9

===========================================================================================
----------------- testing Sun Jun 23 16:12:38 UTC 2019 /home/travis/build/icyphy/ptII/ptolemy/actor/lib/test/auto/ExpressionConcatenateArrayType.xml
----------------- Instantiating /home/travis/build/icyphy/ptII/ptolemy/actor/lib/test/auto/ExpressionConcatenateArrayType.xml
3 ms. Memory: 449536K Free: 260898K (58%)
----------------- Invoking toplevel() on ptolemy.moml.MoMLSimpleApplication@7262dbf3
----------------- Done invoking toplevel() on ptolemy.moml.MoMLSimpleApplication@7262dbf3
reloadAllAccessors: .ExpressionConcatenateArrayType

===========================================================================================
----------------- testing Sun Jun 23 16:12:38 UTC 2019 /home/travis/build/icyphy/ptII/ptolemy/actor/lib/test/auto/ExpressionConcatenateArrayType2.xml
----------------- Instantiating /home/travis/build/icyphy/ptII/ptolemy/actor/lib/test/auto/ExpressionConcatenateArrayType2.xml
2 ms. Memory: 449536K Free: 255778K (57%)
----------------- Invoking toplevel() on ptolemy.moml.MoMLSimpleApplication@6e179dbd
----------------- Done invoking toplevel() on ptolemy.moml.MoMLSimpleApplication@6e179dbd
reloadAllAccessors: .ExpressionConcatenateArrayType2

===========================================================================================
----------------- testing Sun Jun 23 16:12:38 UTC 2019 /home/travis/build/icyphy/ptII/ptolemy/actor/lib/test/auto/ExpressionFix.xml
----------------- Instantiating /home/travis/build/icyphy/ptII/ptolemy/actor/lib/test/auto/ExpressionFix.xml
25 ms. Memory: 449536K Free: 249632K (56%)
----------------- Invoking toplevel() on ptolemy.moml.MoMLSimpleApplication@3851066f
----------------- Done invoking toplevel() on ptolemy.moml.MoMLSimpleApplication@3851066f
reloadAllAccessors: .ExpressionFix

===========================================================================================
----------------- testing Sun Jun 23 16:12:38 UTC 2019 /home/travis/build/icyphy/ptII/ptolemy/actor/lib/test/auto/ExpressionFix2.xml
----------------- Instantiating /home/travis/build/icyphy/ptII/ptolemy/actor/lib/test/auto/ExpressionFix2.xml
5 ms. Memory: 449536K Free: 245538K (55%)
----------------- Invoking toplevel() on ptolemy.moml.MoMLSimpleApplication@72216b88
----------------- Done invoking toplevel() on ptolemy.moml.MoMLSimpleApplication@72216b88
reloadAllAccessors: .ExpressionFix2

===========================================================================================
----------------- testing Sun Jun 23 16:12:38 UTC 2019 /home/travis/build/icyphy/ptII/ptolemy/actor/lib/test/auto/ExpressionFix3.xml
----------------- Instantiating /home/travis/build/icyphy/ptII/ptolemy/actor/lib/test/auto/ExpressionFix3.xml
3 ms. Memory: 449536K Free: 240928K (54%)
----------------- Invoking toplevel() on ptolemy.moml.MoMLSimpleApplication@676c1ba7
----------------- Done invoking toplevel() on ptolemy.moml.MoMLSimpleApplication@676c1ba7
reloadAllAccessors: .ExpressionFix3

===========================================================================================
----------------- testing Sun Jun 23 16:12:38 UTC 2019 /home/travis/build/icyphy/ptII/ptolemy/actor/lib/test/auto/FileWriter1.xml
----------------- Instantiating /home/travis/build/icyphy/ptII/ptolemy/actor/lib/test/auto/FileWriter1.xml
3 ms. Memory: 449536K Free: 237346K (53%)
----------------- Invoking toplevel() on ptolemy.moml.MoMLSimpleApplication@4a11143f
----------------- Done invoking toplevel() on ptolemy.moml.MoMLSimpleApplication@4a11143f
reloadAllAccessors: .FileWriter1

===========================================================================================
----------------- testing Sun Jun 23 16:12:38 UTC 2019 /home/travis/build/icyphy/ptII/ptolemy/actor/lib/test/auto/FileWriter2.xml
----------------- Instantiating /home/travis/build/icyphy/ptII/ptolemy/actor/lib/test/auto/FileWriter2.xml
2 ms. Memory: 449536K Free: 232736K (52%)
----------------- Invoking toplevel() on ptolemy.moml.MoMLSimpleApplication@65eba9ec
----------------- Done invoking toplevel() on ptolemy.moml.MoMLSimpleApplication@65eba9ec
reloadAllAccessors: .FileWriter2

===========================================================================================
----------------- testing Sun Jun 23 16:12:38 UTC 2019 /home/travis/build/icyphy/ptII/ptolemy/actor/lib/test/auto/FileWriter3.xml
----------------- Instantiating /home/travis/build/icyphy/ptII/ptolemy/actor/lib/test/auto/FileWriter3.xml
2 ms. Memory: 449536K Free: 228640K (51%)
----------------- Invoking toplevel() on ptolemy.moml.MoMLSimpleApplication@403b97ab
----------------- Done invoking toplevel() on ptolemy.moml.MoMLSimpleApplication@403b97ab
reloadAllAccessors: .FileWriter3

===========================================================================================
----------------- testing Sun Jun 23 16:12:38 UTC 2019 /home/travis/build/icyphy/ptII/ptolemy/actor/lib/test/auto/Gaussian.xml
----------------- Instantiating /home/travis/build/icyphy/ptII/ptolemy/actor/lib/test/auto/Gaussian.xml
1 ms. Memory: 449536K Free: 224530K (50%)
----------------- Invoking toplevel() on ptolemy.moml.MoMLSimpleApplication@1185ca90
----------------- Done invoking toplevel() on ptolemy.moml.MoMLSimpleApplication@1185ca90
reloadAllAccessors: .Gaussian

===========================================================================================
----------------- testing Sun Jun 23 16:12:38 UTC 2019 /home/travis/build/icyphy/ptII/ptolemy/actor/lib/test/auto/Gaussian1.xml
----------------- Instantiating /home/travis/build/icyphy/ptII/ptolemy/actor/lib/test/auto/Gaussian1.xml
9 ms. Memory: 449536K Free: 218914K (49%)
----------------- Invoking toplevel() on ptolemy.moml.MoMLSimpleApplication@40f57a28
----------------- Done invoking toplevel() on ptolemy.moml.MoMLSimpleApplication@40f57a28
reloadAllAccessors: .Gaussian1

===========================================================================================
----------------- testing Sun Jun 23 16:12:38 UTC 2019 /home/travis/build/icyphy/ptII/ptolemy/actor/lib/test/auto/Gaussian2.xml
----------------- Instantiating /home/travis/build/icyphy/ptII/ptolemy/actor/lib/test/auto/Gaussian2.xml
2 ms. Memory: 449536K Free: 213250K (47%)
----------------- Invoking toplevel() on ptolemy.moml.MoMLSimpleApplication@1dbb2ba1
----------------- Done invoking toplevel() on ptolemy.moml.MoMLSimpleApplication@1dbb2ba1
reloadAllAccessors: .Gaussian2

===========================================================================================
----------------- testing Sun Jun 23 16:12:38 UTC 2019 /home/travis/build/icyphy/ptII/ptolemy/actor/lib/test/auto/GradientAdaptiveLattice.xml
----------------- Instantiating /home/travis/build/icyphy/ptII/ptolemy/actor/lib/test/auto/GradientAdaptiveLattice.xml
6 ms. Memory: 449536K Free: 208674K (46%)
----------------- Invoking toplevel() on ptolemy.moml.MoMLSimpleApplication@5f85be51
----------------- Done invoking toplevel() on ptolemy.moml.MoMLSimpleApplication@5f85be51
reloadAllAccessors: .GradientAdaptiveLattice

===========================================================================================
----------------- testing Sun Jun 23 16:12:38 UTC 2019 /home/travis/build/icyphy/ptII/ptolemy/actor/lib/test/auto/IIR.xml
----------------- Instantiating /home/travis/build/icyphy/ptII/ptolemy/actor/lib/test/auto/IIR.xml
1 ms. Memory: 449536K Free: 204064K (45%)
----------------- Invoking toplevel() on ptolemy.moml.MoMLSimpleApplication@590c6044
----------------- Done invoking toplevel() on ptolemy.moml.MoMLSimpleApplication@590c6044
reloadAllAccessors: .IIR

===========================================================================================
----------------- testing Sun Jun 23 16:12:38 UTC 2019 /home/travis/build/icyphy/ptII/ptolemy/actor/lib/test/auto/InputOutputTransparentPorts.xml
----------------- Instantiating /home/travis/build/icyphy/ptII/ptolemy/actor/lib/test/auto/InputOutputTransparentPorts.xml
3 ms. Memory: 449536K Free: 196896K (44%)
----------------- Invoking toplevel() on ptolemy.moml.MoMLSimpleApplication@44d513c5
----------------- Done invoking toplevel() on ptolemy.moml.MoMLSimpleApplication@44d513c5
reloadAllAccessors: .InputOutputTransparentPorts

===========================================================================================
----------------- testing Sun Jun 23 16:12:38 UTC 2019 /home/travis/build/icyphy/ptII/ptolemy/actor/lib/test/auto/Interpolator.xml
----------------- Instantiating /home/travis/build/icyphy/ptII/ptolemy/actor/lib/test/auto/Interpolator.xml
4 ms. Memory: 449536K Free: 192800K (43%)
----------------- Invoking toplevel() on ptolemy.moml.MoMLSimpleApplication@24cbb87c
----------------- Done invoking toplevel() on ptolemy.moml.MoMLSimpleApplication@24cbb87c
reloadAllAccessors: .Interpolator

===========================================================================================
----------------- testing Sun Jun 23 16:12:38 UTC 2019 /home/travis/build/icyphy/ptII/ptolemy/actor/lib/test/auto/InterpolatorFiringLimitDE.xml
----------------- Instantiating /home/travis/build/icyphy/ptII/ptolemy/actor/lib/test/auto/InterpolatorFiringLimitDE.xml
2 ms. Memory: 449536K Free: 186656K (42%)
----------------- Invoking toplevel() on ptolemy.moml.MoMLSimpleApplication@247e0032
----------------- Done invoking toplevel() on ptolemy.moml.MoMLSimpleApplication@247e0032
reloadAllAccessors: .InterpolatorFiringLimitDE

===========================================================================================
----------------- testing Sun Jun 23 16:12:39 UTC 2019 /home/travis/build/icyphy/ptII/ptolemy/actor/lib/test/auto/Lattice.xml
----------------- Instantiating /home/travis/build/icyphy/ptII/ptolemy/actor/lib/test/auto/Lattice.xml
1 ms. Memory: 449536K Free: 182560K (41%)
----------------- Invoking toplevel() on ptolemy.moml.MoMLSimpleApplication@73ca4337
----------------- Done invoking toplevel() on ptolemy.moml.MoMLSimpleApplication@73ca4337
reloadAllAccessors: .Lattice

===========================================================================================
----------------- testing Sun Jun 23 16:12:39 UTC 2019 /home/travis/build/icyphy/ptII/ptolemy/actor/lib/test/auto/LazyAOCTestLazy.xml
----------------- Instantiating /home/travis/build/icyphy/ptII/ptolemy/actor/lib/test/auto/LazyAOCTestLazy.xml
20 ms. Memory: 449536K Free: 176930K (39%)
----------------- Invoking toplevel() on ptolemy.moml.MoMLSimpleApplication@37422b89
----------------- Done invoking toplevel() on ptolemy.moml.MoMLSimpleApplication@37422b89
reloadAllAccessors: .LazyAOCTestLazy

===========================================================================================
----------------- testing Sun Jun 23 16:12:39 UTC 2019 /home/travis/build/icyphy/ptII/ptolemy/actor/lib/test/auto/LazyAOCTestNonLazy.xml
----------------- Instantiating /home/travis/build/icyphy/ptII/ptolemy/actor/lib/test/auto/LazyAOCTestNonLazy.xml
2 ms. Memory: 449536K Free: 170272K (38%)
----------------- Invoking toplevel() on ptolemy.moml.MoMLSimpleApplication@194c412f
----------------- Done invoking toplevel() on ptolemy.moml.MoMLSimpleApplication@194c412f
reloadAllAccessors: .LazyAOCTestNonLazy

===========================================================================================
----------------- testing Sun Jun 23 16:12:39 UTC 2019 /home/travis/build/icyphy/ptII/ptolemy/actor/lib/test/auto/LazyInnerClass.xml
----------------- Instantiating /home/travis/build/icyphy/ptII/ptolemy/actor/lib/test/auto/LazyInnerClass.xml
19 ms. Memory: 449536K Free: 161570K (36%)
----------------- Invoking toplevel() on ptolemy.moml.MoMLSimpleApplication@486ea60a
----------------- Done invoking toplevel() on ptolemy.moml.MoMLSimpleApplication@486ea60a
reloadAllAccessors: .LazyInnerClass

===========================================================================================
----------------- testing Sun Jun 23 16:12:39 UTC 2019 /home/travis/build/icyphy/ptII/ptolemy/actor/lib/test/auto/LazyPubSub.xml
----------------- Instantiating /home/travis/build/icyphy/ptII/ptolemy/actor/lib/test/auto/LazyPubSub.xml
29 ms. Memory: 449536K Free: 151840K (34%)
----------------- Invoking toplevel() on ptolemy.moml.MoMLSimpleApplication@274fa03
----------------- Done invoking toplevel() on ptolemy.moml.MoMLSimpleApplication@274fa03
reloadAllAccessors: .LazyPubSub

===========================================================================================
----------------- testing Sun Jun 23 16:12:39 UTC 2019 /home/travis/build/icyphy/ptII/ptolemy/actor/lib/test/auto/LazyPubSub2.xml
----------------- Instantiating /home/travis/build/icyphy/ptII/ptolemy/actor/lib/test/auto/LazyPubSub2.xml
20 ms. Memory: 449536K Free: 141600K (31%)
----------------- Invoking toplevel() on ptolemy.moml.MoMLSimpleApplication@8ed880e
----------------- Done invoking toplevel() on ptolemy.moml.MoMLSimpleApplication@8ed880e
reloadAllAccessors: .LazyPubSub2

===========================================================================================
----------------- testing Sun Jun 23 16:12:39 UTC 2019 /home/travis/build/icyphy/ptII/ptolemy/actor/lib/test/auto/LazyPubSub3.xml
----------------- Instantiating /home/travis/build/icyphy/ptII/ptolemy/actor/lib/test/auto/LazyPubSub3.xml
15 ms. Memory: 449536K Free: 395980K (88%)
----------------- Invoking toplevel() on ptolemy.moml.MoMLSimpleApplication@533f797d
----------------- Done invoking toplevel() on ptolemy.moml.MoMLSimpleApplication@533f797d
reloadAllAccessors: .LazyPubSub3

===========================================================================================
----------------- testing Sun Jun 23 16:12:39 UTC 2019 /home/travis/build/icyphy/ptII/ptolemy/actor/lib/test/auto/LazySubClassModel.xml
----------------- Instantiating /home/travis/build/icyphy/ptII/ptolemy/actor/lib/test/auto/LazySubClassModel.xml
2 ms. Memory: 449536K Free: 386764K (86%)
----------------- Invoking toplevel() on ptolemy.moml.MoMLSimpleApplication@7e14f5f0
----------------- Done invoking toplevel() on ptolemy.moml.MoMLSimpleApplication@7e14f5f0
reloadAllAccessors: .LazySubClassModel

===========================================================================================
----------------- testing Sun Jun 23 16:12:39 UTC 2019 /home/travis/build/icyphy/ptII/ptolemy/actor/lib/test/auto/LevelCrossTest1.xml
----------------- Instantiating /home/travis/build/icyphy/ptII/ptolemy/actor/lib/test/auto/LevelCrossTest1.xml
1 ms. Memory: 449536K Free: 381134K (85%)
----------------- Invoking toplevel() on ptolemy.moml.MoMLSimpleApplication@511e3aa3
----------------- Done invoking toplevel() on ptolemy.moml.MoMLSimpleApplication@511e3aa3
reloadAllAccessors: .broken

===========================================================================================
----------------- testing Sun Jun 23 16:12:39 UTC 2019 /home/travis/build/icyphy/ptII/ptolemy/actor/lib/test/auto/LevelCrossTest10.xml
----------------- Instantiating /home/travis/build/icyphy/ptII/ptolemy/actor/lib/test/auto/LevelCrossTest10.xml
1 ms. Memory: 449536K Free: 373966K (83%)
----------------- Invoking toplevel() on ptolemy.moml.MoMLSimpleApplication@38fc8a45
----------------- Done invoking toplevel() on ptolemy.moml.MoMLSimpleApplication@38fc8a45
reloadAllAccessors: .LevelCrossTest10

===========================================================================================
----------------- testing Sun Jun 23 16:12:39 UTC 2019 /home/travis/build/icyphy/ptII/ptolemy/actor/lib/test/auto/LevelCrossTest11.xml
----------------- Instantiating /home/travis/build/icyphy/ptII/ptolemy/actor/lib/test/auto/LevelCrossTest11.xml
1 ms. Memory: 449536K Free: 367308K (82%)
----------------- Invoking toplevel() on ptolemy.moml.MoMLSimpleApplication@1da38f9
----------------- Done invoking toplevel() on ptolemy.moml.MoMLSimpleApplication@1da38f9
reloadAllAccessors: .LevelCrossTest11

===========================================================================================
----------------- testing Sun Jun 23 16:12:39 UTC 2019 /home/travis/build/icyphy/ptII/ptolemy/actor/lib/test/auto/LevelCrossTest12.xml
----------------- Instantiating /home/travis/build/icyphy/ptII/ptolemy/actor/lib/test/auto/LevelCrossTest12.xml
2 ms. Memory: 449536K Free: 360654K (80%)
----------------- Invoking toplevel() on ptolemy.moml.MoMLSimpleApplication@26993eef
----------------- Done invoking toplevel() on ptolemy.moml.MoMLSimpleApplication@26993eef
reloadAllAccessors: .LevelCrossTest12

===========================================================================================
----------------- testing Sun Jun 23 16:12:39 UTC 2019 /home/travis/build/icyphy/ptII/ptolemy/actor/lib/test/auto/LevelCrossTest13.xml
----------------- Instantiating /home/travis/build/icyphy/ptII/ptolemy/actor/lib/test/auto/LevelCrossTest13.xml
4 ms. Memory: 449536K Free: 352972K (79%)
----------------- Invoking toplevel() on ptolemy.moml.MoMLSimpleApplication@5f1aa695
----------------- Done invoking toplevel() on ptolemy.moml.MoMLSimpleApplication@5f1aa695
reloadAllAccessors: .LevelCrossTest13

===========================================================================================
----------------- testing Sun Jun 23 16:12:39 UTC 2019 /home/travis/build/icyphy/ptII/ptolemy/actor/lib/test/auto/LevelCrossTest2.xml
----------------- Instantiating /home/travis/build/icyphy/ptII/ptolemy/actor/lib/test/auto/LevelCrossTest2.xml
1 ms. Memory: 449536K Free: 347852K (77%)
----------------- Invoking toplevel() on ptolemy.moml.MoMLSimpleApplication@4a790832
----------------- Done invoking toplevel() on ptolemy.moml.MoMLSimpleApplication@4a790832
reloadAllAccessors: .broken

===========================================================================================
----------------- testing Sun Jun 23 16:12:39 UTC 2019 /home/travis/build/icyphy/ptII/ptolemy/actor/lib/test/auto/LevelCrossTest3.xml
----------------- Instantiating /home/travis/build/icyphy/ptII/ptolemy/actor/lib/test/auto/LevelCrossTest3.xml
2 ms. Memory: 449536K Free: 341198K (76%)
----------------- Invoking toplevel() on ptolemy.moml.MoMLSimpleApplication@416a5fa7
----------------- Done invoking toplevel() on ptolemy.moml.MoMLSimpleApplication@416a5fa7
reloadAllAccessors: .LevelCrossTest3

===========================================================================================
----------------- testing Sun Jun 23 16:12:39 UTC 2019 /home/travis/build/icyphy/ptII/ptolemy/actor/lib/test/auto/LevelCrossTest4.xml
----------------- Instantiating /home/travis/build/icyphy/ptII/ptolemy/actor/lib/test/auto/LevelCrossTest4.xml
2 ms. Memory: 449536K Free: 336078K (75%)
----------------- Invoking toplevel() on ptolemy.moml.MoMLSimpleApplication@5a78b6ce
----------------- Done invoking toplevel() on ptolemy.moml.MoMLSimpleApplication@5a78b6ce
reloadAllAccessors: .broken

===========================================================================================
----------------- testing Sun Jun 23 16:12:39 UTC 2019 /home/travis/build/icyphy/ptII/ptolemy/actor/lib/test/auto/LevelCrossTest5.xml
----------------- Instantiating /home/travis/build/icyphy/ptII/ptolemy/actor/lib/test/auto/LevelCrossTest5.xml
8 ms. Memory: 449536K Free: 329934K (73%)
----------------- Invoking toplevel() on ptolemy.moml.MoMLSimpleApplication@29fda222
----------------- Done invoking toplevel() on ptolemy.moml.MoMLSimpleApplication@29fda222
reloadAllAccessors: .LevelCrossTest5

===========================================================================================
----------------- testing Sun Jun 23 16:12:39 UTC 2019 /home/travis/build/icyphy/ptII/ptolemy/actor/lib/test/auto/LevelCrossTest6.xml
----------------- Instantiating /home/travis/build/icyphy/ptII/ptolemy/actor/lib/test/auto/LevelCrossTest6.xml
2 ms. Memory: 449536K Free: 323276K (72%)
----------------- Invoking toplevel() on ptolemy.moml.MoMLSimpleApplication@611eb5dc
----------------- Done invoking toplevel() on ptolemy.moml.MoMLSimpleApplication@611eb5dc
reloadAllAccessors: .LevelCrossTest6

===========================================================================================
----------------- testing Sun Jun 23 16:12:39 UTC 2019 /home/travis/build/icyphy/ptII/ptolemy/actor/lib/test/auto/LevelCrossTest7.xml
----------------- Instantiating /home/travis/build/icyphy/ptII/ptolemy/actor/lib/test/auto/LevelCrossTest7.xml
1 ms. Memory: 449536K Free: 315084K (70%)
----------------- Invoking toplevel() on ptolemy.moml.MoMLSimpleApplication@69d42637
----------------- Done invoking toplevel() on ptolemy.moml.MoMLSimpleApplication@69d42637
reloadAllAccessors: .LevelCrossTest7

===========================================================================================
----------------- testing Sun Jun 23 16:12:39 UTC 2019 /home/travis/build/icyphy/ptII/ptolemy/actor/lib/test/auto/LevelCrossTest8.xml
----------------- Instantiating /home/travis/build/icyphy/ptII/ptolemy/actor/lib/test/auto/LevelCrossTest8.xml
1 ms. Memory: 449536K Free: 307916K (68%)
----------------- Invoking toplevel() on ptolemy.moml.MoMLSimpleApplication@50cc034d
----------------- Done invoking toplevel() on ptolemy.moml.MoMLSimpleApplication@50cc034d
reloadAllAccessors: .LevelCrossTest8

===========================================================================================
----------------- testing Sun Jun 23 16:12:39 UTC 2019 /home/travis/build/icyphy/ptII/ptolemy/actor/lib/test/auto/LevelCrossTest9.xml
----------------- Instantiating /home/travis/build/icyphy/ptII/ptolemy/actor/lib/test/auto/LevelCrossTest9.xml
2 ms. Memory: 449536K Free: 301758K (67%)
----------------- Invoking toplevel() on ptolemy.moml.MoMLSimpleApplication@339860c9
----------------- Done invoking toplevel() on ptolemy.moml.MoMLSimpleApplication@339860c9
reloadAllAccessors: .LevelCrossTest9

===========================================================================================
----------------- testing Sun Jun 23 16:12:39 UTC 2019 /home/travis/build/icyphy/ptII/ptolemy/actor/lib/test/auto/LevinsonDurbin.xml
----------------- Instantiating /home/travis/build/icyphy/ptII/ptolemy/actor/lib/test/auto/LevinsonDurbin.xml
2 ms. Memory: 449536K Free: 297166K (66%)
----------------- Invoking toplevel() on ptolemy.moml.MoMLSimpleApplication@77379709
----------------- Done invoking toplevel() on ptolemy.moml.MoMLSimpleApplication@77379709
reloadAllAccessors: .LevinsonDurbin

===========================================================================================
----------------- testing Sun Jun 23 16:12:39 UTC 2019 /home/travis/build/icyphy/ptII/ptolemy/actor/lib/test/auto/LevinsonDurbin2.xml
----------------- Instantiating /home/travis/build/icyphy/ptII/ptolemy/actor/lib/test/auto/LevinsonDurbin2.xml
4 ms. Memory: 449536K Free: 293070K (65%)
----------------- Invoking toplevel() on ptolemy.moml.MoMLSimpleApplication@516d1ffc
----------------- Done invoking toplevel() on ptolemy.moml.MoMLSimpleApplication@516d1ffc
reloadAllAccessors: .LevinsonDurbin2

===========================================================================================
----------------- testing Sun Jun 23 16:12:39 UTC 2019 /home/travis/build/icyphy/ptII/ptolemy/actor/lib/test/auto/LevinsonDurbin3.xml
----------------- Instantiating /home/travis/build/icyphy/ptII/ptolemy/actor/lib/test/auto/LevinsonDurbin3.xml
2 ms. Memory: 449536K Free: 288974K (64%)
----------------- Invoking toplevel() on ptolemy.moml.MoMLSimpleApplication@53670988
----------------- Done invoking toplevel() on ptolemy.moml.MoMLSimpleApplication@53670988
reloadAllAccessors: .LevinsonDurbin3

===========================================================================================
----------------- testing Sun Jun 23 16:12:39 UTC 2019 /home/travis/build/icyphy/ptII/ptolemy/actor/lib/test/auto/Limiter.xml
----------------- Instantiating /home/travis/build/icyphy/ptII/ptolemy/actor/lib/test/auto/Limiter.xml
6 ms. Memory: 449536K Free: 280254K (62%)
----------------- Invoking toplevel() on ptolemy.moml.MoMLSimpleApplication@945236a
----------------- Done invoking toplevel() on ptolemy.moml.MoMLSimpleApplication@945236a
reloadAllAccessors: .Limiter

===========================================================================================
----------------- testing Sun Jun 23 16:12:39 UTC 2019 /home/travis/build/icyphy/ptII/ptolemy/actor/lib/test/auto/LinearDifferenceEquationSystem.xml
----------------- Instantiating /home/travis/build/icyphy/ptII/ptolemy/actor/lib/test/auto/LinearDifferenceEquationSystem.xml
4 ms. Memory: 449536K Free: 273100K (61%)
----------------- Invoking toplevel() on ptolemy.moml.MoMLSimpleApplication@4a0474e0
----------------- Done invoking toplevel() on ptolemy.moml.MoMLSimpleApplication@4a0474e0
reloadAllAccessors: .LinearDifferenceEquationSystem

===========================================================================================
----------------- testing Sun Jun 23 16:12:39 UTC 2019 /home/travis/build/icyphy/ptII/ptolemy/actor/lib/test/auto/LookupTable.xml
----------------- Instantiating /home/travis/build/icyphy/ptII/ptolemy/actor/lib/test/auto/LookupTable.xml
2 ms. Memory: 449536K Free: 268494K (60%)
----------------- Invoking toplevel() on ptolemy.moml.MoMLSimpleApplication@3f04321d
----------------- Done invoking toplevel() on ptolemy.moml.MoMLSimpleApplication@3f04321d
reloadAllAccessors: .LookupTable

===========================================================================================
----------------- testing Sun Jun 23 16:12:39 UTC 2019 /home/travis/build/icyphy/ptII/ptolemy/actor/lib/test/auto/MathFunction.xml
----------------- Instantiating /home/travis/build/icyphy/ptII/ptolemy/actor/lib/test/auto/MathFunction.xml
5 ms. Memory: 449536K Free: 260812K (58%)
----------------- Invoking toplevel() on ptolemy.moml.MoMLSimpleApplication@4be7d4c7
----------------- Done invoking toplevel() on ptolemy.moml.MoMLSimpleApplication@4be7d4c7
reloadAllAccessors: .MathFunction

===========================================================================================
----------------- testing Sun Jun 23 16:12:39 UTC 2019 /home/travis/build/icyphy/ptII/ptolemy/actor/lib/test/auto/MathFunction2.xml
----------------- Instantiating /home/travis/build/icyphy/ptII/ptolemy/actor/lib/test/auto/MathFunction2.xml
1 ms. Memory: 449536K Free: 256716K (57%)
----------------- Invoking toplevel() on ptolemy.moml.MoMLSimpleApplication@11b058ff
----------------- Done invoking toplevel() on ptolemy.moml.MoMLSimpleApplication@11b058ff
reloadAllAccessors: .MathFunction2

===========================================================================================
----------------- testing Sun Jun 23 16:12:39 UTC 2019 /home/travis/build/icyphy/ptII/ptolemy/actor/lib/test/auto/MathFunction3.xml
----------------- Instantiating /home/travis/build/icyphy/ptII/ptolemy/actor/lib/test/auto/MathFunction3.xml
6 ms. Memory: 449536K Free: 249548K (56%)
----------------- Invoking toplevel() on ptolemy.moml.MoMLSimpleApplication@74551134
----------------- Done invoking toplevel() on ptolemy.moml.MoMLSimpleApplication@74551134
reloadAllAccessors: .MathFunction3

===========================================================================================
----------------- testing Sun Jun 23 16:12:39 UTC 2019 /home/travis/build/icyphy/ptII/ptolemy/actor/lib/test/auto/MatrixCropBoolean.xml
----------------- Instantiating /home/travis/build/icyphy/ptII/ptolemy/actor/lib/test/auto/MatrixCropBoolean.xml
2 ms. Memory: 449536K Free: 244414K (54%)
----------------- Invoking toplevel() on ptolemy.moml.MoMLSimpleApplication@4e387563
----------------- Done invoking toplevel() on ptolemy.moml.MoMLSimpleApplication@4e387563
reloadAllAccessors: .MatrixCropBoolean

===========================================================================================
----------------- testing Sun Jun 23 16:12:39 UTC 2019 /home/travis/build/icyphy/ptII/ptolemy/actor/lib/test/auto/MatrixCropComplex.xml
----------------- Instantiating /home/travis/build/icyphy/ptII/ptolemy/actor/lib/test/auto/MatrixCropComplex.xml
2 ms. Memory: 449536K Free: 239294K (53%)
----------------- Invoking toplevel() on ptolemy.moml.MoMLSimpleApplication@55ef6afb
----------------- Done invoking toplevel() on ptolemy.moml.MoMLSimpleApplication@55ef6afb
reloadAllAccessors: .MatrixCropComplex

===========================================================================================
----------------- testing Sun Jun 23 16:12:39 UTC 2019 /home/travis/build/icyphy/ptII/ptolemy/actor/lib/test/auto/MatrixCropDouble.xml
----------------- Instantiating /home/travis/build/icyphy/ptII/ptolemy/actor/lib/test/auto/MatrixCropDouble.xml
3 ms. Memory: 449536K Free: 234702K (52%)
----------------- Invoking toplevel() on ptolemy.moml.MoMLSimpleApplication@47ea6dbd
----------------- Done invoking toplevel() on ptolemy.moml.MoMLSimpleApplication@47ea6dbd
reloadAllAccessors: .MatrixCropDouble

===========================================================================================
----------------- testing Sun Jun 23 16:12:39 UTC 2019 /home/travis/build/icyphy/ptII/ptolemy/actor/lib/test/auto/MatrixCropFix.xml
----------------- Instantiating /home/travis/build/icyphy/ptII/ptolemy/actor/lib/test/auto/MatrixCropFix.xml
3 ms. Memory: 449536K Free: 229582K (51%)
----------------- Invoking toplevel() on ptolemy.moml.MoMLSimpleApplication@42f1097e
----------------- Done invoking toplevel() on ptolemy.moml.MoMLSimpleApplication@42f1097e
reloadAllAccessors: .MatrixCropFix

===========================================================================================
----------------- testing Sun Jun 23 16:12:39 UTC 2019 /home/travis/build/icyphy/ptII/ptolemy/actor/lib/test/auto/MatrixCropInt.xml
----------------- Instantiating /home/travis/build/icyphy/ptII/ptolemy/actor/lib/test/auto/MatrixCropInt.xml
2 ms. Memory: 449536K Free: 224462K (50%)
----------------- Invoking toplevel() on ptolemy.moml.MoMLSimpleApplication@3297a7
----------------- Done invoking toplevel() on ptolemy.moml.MoMLSimpleApplication@3297a7
reloadAllAccessors: .MatrixCropInt

===========================================================================================
----------------- testing Sun Jun 23 16:12:39 UTC 2019 /home/travis/build/icyphy/ptII/ptolemy/actor/lib/test/auto/MatrixCropLong.xml
----------------- Instantiating /home/travis/build/icyphy/ptII/ptolemy/actor/lib/test/auto/MatrixCropLong.xml
2 ms. Memory: 449536K Free: 219822K (49%)
----------------- Invoking toplevel() on ptolemy.moml.MoMLSimpleApplication@6a6c8a0d
----------------- Done invoking toplevel() on ptolemy.moml.MoMLSimpleApplication@6a6c8a0d
reloadAllAccessors: .MatrixCropLong

===========================================================================================
----------------- testing Sun Jun 23 16:12:39 UTC 2019 /home/travis/build/icyphy/ptII/ptolemy/actor/lib/test/auto/MatrixToArray.xml
----------------- Instantiating /home/travis/build/icyphy/ptII/ptolemy/actor/lib/test/auto/MatrixToArray.xml
15 ms. Memory: 449536K Free: 205516K (46%)
----------------- Invoking toplevel() on ptolemy.moml.MoMLSimpleApplication@9fa3b2b
----------------- Done invoking toplevel() on ptolemy.moml.MoMLSimpleApplication@9fa3b2b
reloadAllAccessors: .MatrixToArray

===========================================================================================
----------------- testing Sun Jun 23 16:12:40 UTC 2019 /home/travis/build/icyphy/ptII/ptolemy/actor/lib/test/auto/MaxIndex.xml
----------------- Instantiating /home/travis/build/icyphy/ptII/ptolemy/actor/lib/test/auto/MaxIndex.xml
2 ms. Memory: 449536K Free: 200396K (45%)
----------------- Invoking toplevel() on ptolemy.moml.MoMLSimpleApplication@6a709d5c
----------------- Done invoking toplevel() on ptolemy.moml.MoMLSimpleApplication@6a709d5c
reloadAllAccessors: .MaxIndex

===========================================================================================
----------------- testing Sun Jun 23 16:12:40 UTC 2019 /home/travis/build/icyphy/ptII/ptolemy/actor/lib/test/auto/Maximum.xml
----------------- Instantiating /home/travis/build/icyphy/ptII/ptolemy/actor/lib/test/auto/Maximum.xml
2 ms. Memory: 449536K Free: 193742K (43%)
----------------- Invoking toplevel() on ptolemy.moml.MoMLSimpleApplication@4471fe6e
----------------- Done invoking toplevel() on ptolemy.moml.MoMLSimpleApplication@4471fe6e
reloadAllAccessors: .Maximum

===========================================================================================
----------------- testing Sun Jun 23 16:12:40 UTC 2019 /home/travis/build/icyphy/ptII/ptolemy/actor/lib/test/auto/MaximumComplex.xml
----------------- Instantiating /home/travis/build/icyphy/ptII/ptolemy/actor/lib/test/auto/MaximumComplex.xml
5 ms. Memory: 449536K Free: 187598K (42%)
----------------- Invoking toplevel() on ptolemy.moml.MoMLSimpleApplication@30fe3bcd
----------------- Done invoking toplevel() on ptolemy.moml.MoMLSimpleApplication@30fe3bcd
reloadAllAccessors: .MaximumComplex

===========================================================================================
----------------- testing Sun Jun 23 16:12:40 UTC 2019 /home/travis/build/icyphy/ptII/ptolemy/actor/lib/test/auto/MethodCallTest.xml
----------------- Instantiating /home/travis/build/icyphy/ptII/ptolemy/actor/lib/test/auto/MethodCallTest.xml
2 ms. Memory: 449536K Free: 181454K (40%)
----------------- Invoking toplevel() on ptolemy.moml.MoMLSimpleApplication@47abc902
----------------- Done invoking toplevel() on ptolemy.moml.MoMLSimpleApplication@47abc902
reloadAllAccessors: .MethodCallTest

===========================================================================================
----------------- testing Sun Jun 23 16:12:40 UTC 2019 /home/travis/build/icyphy/ptII/ptolemy/actor/lib/test/auto/Minimum.xml
----------------- Instantiating /home/travis/build/icyphy/ptII/ptolemy/actor/lib/test/auto/Minimum.xml
3 ms. Memory: 449536K Free: 175310K (39%)
----------------- Invoking toplevel() on ptolemy.moml.MoMLSimpleApplication@5dc5855b
----------------- Done invoking toplevel() on ptolemy.moml.MoMLSimpleApplication@5dc5855b
reloadAllAccessors: .Minimum

===========================================================================================
----------------- testing Sun Jun 23 16:12:40 UTC 2019 /home/travis/build/icyphy/ptII/ptolemy/actor/lib/test/auto/MinimumComplex.xml
----------------- Instantiating /home/travis/build/icyphy/ptII/ptolemy/actor/lib/test/auto/MinimumComplex.xml
3 ms. Memory: 449536K Free: 169166K (38%)
----------------- Invoking toplevel() on ptolemy.moml.MoMLSimpleApplication@12f0c3bd
----------------- Done invoking toplevel() on ptolemy.moml.MoMLSimpleApplication@12f0c3bd
reloadAllAccessors: .MinimumComplex

===========================================================================================
----------------- testing Sun Jun 23 16:12:40 UTC 2019 /home/travis/build/icyphy/ptII/ptolemy/actor/lib/test/auto/MinimumMultiports.xml
----------------- Instantiating /home/travis/build/icyphy/ptII/ptolemy/actor/lib/test/auto/MinimumMultiports.xml
6 ms. Memory: 449536K Free: 160454K (36%)
----------------- Invoking toplevel() on ptolemy.moml.MoMLSimpleApplication@697c1d84
----------------- Done invoking toplevel() on ptolemy.moml.MoMLSimpleApplication@697c1d84
reloadAllAccessors: .MinimumMultiports

===========================================================================================
----------------- testing Sun Jun 23 16:12:40 UTC 2019 /home/travis/build/icyphy/ptII/ptolemy/actor/lib/test/auto/ModifyDate.xml
----------------- Instantiating /home/travis/build/icyphy/ptII/ptolemy/actor/lib/test/auto/ModifyDate.xml
21 ms. Memory: 449536K Free: 147662K (33%)
----------------- Invoking toplevel() on ptolemy.moml.MoMLSimpleApplication@1ff11b99
----------------- Done invoking toplevel() on ptolemy.moml.MoMLSimpleApplication@1ff11b99
reloadAllAccessors: .ModifyDate

===========================================================================================
----------------- testing Sun Jun 23 16:12:40 UTC 2019 /home/travis/build/icyphy/ptII/ptolemy/actor/lib/test/auto/ModifyDate2.xml
----------------- Instantiating /home/travis/build/icyphy/ptII/ptolemy/actor/lib/test/auto/ModifyDate2.xml
9 ms. Memory: 449536K Free: 139470K (31%)
----------------- Invoking toplevel() on ptolemy.moml.MoMLSimpleApplication@3bdde503
----------------- Done invoking toplevel() on ptolemy.moml.MoMLSimpleApplication@3bdde503
reloadAllAccessors: .ModifyDate2

===========================================================================================
----------------- testing Sun Jun 23 16:12:40 UTC 2019 /home/travis/build/icyphy/ptII/ptolemy/actor/lib/test/auto/MovingAverage.xml
----------------- Instantiating /home/travis/build/icyphy/ptII/ptolemy/actor/lib/test/auto/MovingAverage.xml
19 ms. Memory: 449536K Free: 399801K (89%)
----------------- Invoking toplevel() on ptolemy.moml.MoMLSimpleApplication@2c6a8c96
----------------- Done invoking toplevel() on ptolemy.moml.MoMLSimpleApplication@2c6a8c96
reloadAllAccessors: .MovingAverage

===========================================================================================
----------------- testing Sun Jun 23 16:12:40 UTC 2019 /home/travis/build/icyphy/ptII/ptolemy/actor/lib/test/auto/MovingMaximum.xml
----------------- Instantiating /home/travis/build/icyphy/ptII/ptolemy/actor/lib/test/auto/MovingMaximum.xml
9 ms. Memory: 449536K Free: 394681K (88%)
----------------- Invoking toplevel() on ptolemy.moml.MoMLSimpleApplication@29d5a1ee
----------------- Done invoking toplevel() on ptolemy.moml.MoMLSimpleApplication@29d5a1ee
reloadAllAccessors: .MovingMaximum

===========================================================================================
----------------- testing Sun Jun 23 16:12:40 UTC 2019 /home/travis/build/icyphy/ptII/ptolemy/actor/lib/test/auto/MultipleLinksToSameRelation.xml
----------------- Instantiating /home/travis/build/icyphy/ptII/ptolemy/actor/lib/test/auto/MultipleLinksToSameRelation.xml
2 ms. Memory: 449536K Free: 390585K (87%)
----------------- Invoking toplevel() on ptolemy.moml.MoMLSimpleApplication@3f1f90a8
----------------- Done invoking toplevel() on ptolemy.moml.MoMLSimpleApplication@3f1f90a8
reloadAllAccessors: .MultipleLinksToSameRelation

===========================================================================================
----------------- testing Sun Jun 23 16:12:40 UTC 2019 /home/travis/build/icyphy/ptII/ptolemy/actor/lib/test/auto/MultipleLinksToSameRelationDE.xml
----------------- Instantiating /home/travis/build/icyphy/ptII/ptolemy/actor/lib/test/auto/MultipleLinksToSameRelationDE.xml
2 ms. Memory: 449536K Free: 386489K (86%)
----------------- Invoking toplevel() on ptolemy.moml.MoMLSimpleApplication@27623fc7
----------------- Done invoking toplevel() on ptolemy.moml.MoMLSimpleApplication@27623fc7
reloadAllAccessors: .MultipleLinksToSameRelationDE

===========================================================================================
----------------- testing Sun Jun 23 16:12:40 UTC 2019 /home/travis/build/icyphy/ptII/ptolemy/actor/lib/test/auto/Multiplexor.xml
----------------- Instantiating /home/travis/build/icyphy/ptII/ptolemy/actor/lib/test/auto/Multiplexor.xml
2 ms. Memory: 449536K Free: 380855K (85%)
----------------- Invoking toplevel() on ptolemy.moml.MoMLSimpleApplication@7b45d17c
----------------- Done invoking toplevel() on ptolemy.moml.MoMLSimpleApplication@7b45d17c
reloadAllAccessors: .Multiplexor

===========================================================================================
----------------- testing Sun Jun 23 16:12:40 UTC 2019 /home/travis/build/icyphy/ptII/ptolemy/actor/lib/test/auto/Multiplexor1.xml
----------------- Instantiating /home/travis/build/icyphy/ptII/ptolemy/actor/lib/test/auto/Multiplexor1.xml
2 ms. Memory: 449536K Free: 375225K (83%)
----------------- Invoking toplevel() on ptolemy.moml.MoMLSimpleApplication@68a35cd5
----------------- Done invoking toplevel() on ptolemy.moml.MoMLSimpleApplication@68a35cd5
reloadAllAccessors: .Multiplexor1

===========================================================================================
----------------- testing Sun Jun 23 16:12:40 UTC 2019 /home/travis/build/icyphy/ptII/ptolemy/actor/lib/test/auto/Multiplexor2.xml
----------------- Instantiating /home/travis/build/icyphy/ptII/ptolemy/actor/lib/test/auto/Multiplexor2.xml
4 ms. Memory: 449536K Free: 368564K (82%)
----------------- Invoking toplevel() on ptolemy.moml.MoMLSimpleApplication@f680e4
----------------- Done invoking toplevel() on ptolemy.moml.MoMLSimpleApplication@f680e4
reloadAllAccessors: .Multiplexor2

===========================================================================================
----------------- testing Sun Jun 23 16:12:40 UTC 2019 /home/travis/build/icyphy/ptII/ptolemy/actor/lib/test/auto/Multiplexor3.xml
----------------- Instantiating /home/travis/build/icyphy/ptII/ptolemy/actor/lib/test/auto/Multiplexor3.xml
2 ms. Memory: 449536K Free: 364471K (81%)
----------------- Invoking toplevel() on ptolemy.moml.MoMLSimpleApplication@73492ecc
----------------- Done invoking toplevel() on ptolemy.moml.MoMLSimpleApplication@73492ecc
reloadAllAccessors: .Multiplexor3

===========================================================================================
----------------- testing Sun Jun 23 16:12:40 UTC 2019 /home/travis/build/icyphy/ptII/ptolemy/actor/lib/test/auto/MultiplexorDE.xml
----------------- Instantiating /home/travis/build/icyphy/ptII/ptolemy/actor/lib/test/auto/MultiplexorDE.xml
2 ms. Memory: 449536K Free: 357273K (79%)
----------------- Invoking toplevel() on ptolemy.moml.MoMLSimpleApplication@2db549a1
----------------- Done invoking toplevel() on ptolemy.moml.MoMLSimpleApplication@2db549a1
reloadAllAccessors: .MultiplexorDE

===========================================================================================
----------------- testing Sun Jun 23 16:12:40 UTC 2019 /home/travis/build/icyphy/ptII/ptolemy/actor/lib/test/auto/MultiportBroadcastTest.xml
----------------- Instantiating /home/travis/build/icyphy/ptII/ptolemy/actor/lib/test/auto/MultiportBroadcastTest.xml
97 ms. Memory: 449536K Free: 351145K (78%)
----------------- Invoking toplevel() on ptolemy.moml.MoMLSimpleApplication@38e00111
----------------- Done invoking toplevel() on ptolemy.moml.MoMLSimpleApplication@38e00111
reloadAllAccessors: .MultiportBroadcastTest

===========================================================================================
----------------- testing Sun Jun 23 16:12:40 UTC 2019 /home/travis/build/icyphy/ptII/ptolemy/actor/lib/test/auto/MultiportOutHangDuringGetWidth.xml
----------------- Instantiating /home/travis/build/icyphy/ptII/ptolemy/actor/lib/test/auto/MultiportOutHangDuringGetWidth.xml
6 ms. Memory: 449536K Free: 339385K (75%)
----------------- Invoking toplevel() on ptolemy.moml.MoMLSimpleApplication@688c1922
----------------- Done invoking toplevel() on ptolemy.moml.MoMLSimpleApplication@688c1922
reloadAllAccessors: .MultiportOutHangDuringGetWidth

===========================================================================================
----------------- testing Sun Jun 23 16:12:40 UTC 2019 /home/travis/build/icyphy/ptII/ptolemy/actor/lib/test/auto/NilToken.xml
----------------- Instantiating /home/travis/build/icyphy/ptII/ptolemy/actor/lib/test/auto/NilToken.xml
1 ms. Memory: 449536K Free: 335289K (75%)
----------------- Invoking toplevel() on ptolemy.moml.MoMLSimpleApplication@722578b0
----------------- Done invoking toplevel() on ptolemy.moml.MoMLSimpleApplication@722578b0
reloadAllAccessors: .NilToken

===========================================================================================
----------------- testing Sun Jun 23 16:12:40 UTC 2019 /home/travis/build/icyphy/ptII/ptolemy/actor/lib/test/auto/NilTokenNonStrictTest.xml
----------------- Instantiating /home/travis/build/icyphy/ptII/ptolemy/actor/lib/test/auto/NilTokenNonStrictTest.xml
2 ms. Memory: 449536K Free: 330679K (74%)
----------------- Invoking toplevel() on ptolemy.moml.MoMLSimpleApplication@4c6a50c4
----------------- Done invoking toplevel() on ptolemy.moml.MoMLSimpleApplication@4c6a50c4
reloadAllAccessors: .NilTokenNonStrictTest

===========================================================================================
----------------- testing Sun Jun 23 16:12:40 UTC 2019 /home/travis/build/icyphy/ptII/ptolemy/actor/lib/test/auto/NilTokenRecord.xml
----------------- Instantiating /home/travis/build/icyphy/ptII/ptolemy/actor/lib/test/auto/NilTokenRecord.xml
7 ms. Memory: 449536K Free: 324025K (72%)
----------------- Invoking toplevel() on ptolemy.moml.MoMLSimpleApplication@4c20be2a
----------------- Done invoking toplevel() on ptolemy.moml.MoMLSimpleApplication@4c20be2a
reloadAllAccessors: .NilTokenRecord

===========================================================================================
----------------- testing Sun Jun 23 16:12:40 UTC 2019 /home/travis/build/icyphy/ptII/ptolemy/actor/lib/test/auto/NilTokenTypeTest.xml
----------------- Instantiating /home/travis/build/icyphy/ptII/ptolemy/actor/lib/test/auto/NilTokenTypeTest.xml
7 ms. Memory: 449536K Free: 314809K (70%)
----------------- Invoking toplevel() on ptolemy.moml.MoMLSimpleApplication@3b0cf1d
----------------- Done invoking toplevel() on ptolemy.moml.MoMLSimpleApplication@3b0cf1d
reloadAllAccessors: .NilTokenTypeTest

===========================================================================================
----------------- testing Sun Jun 23 16:12:40 UTC 2019 /home/travis/build/icyphy/ptII/ptolemy/actor/lib/test/auto/ObjectToken1.xml
----------------- Instantiating /home/travis/build/icyphy/ptII/ptolemy/actor/lib/test/auto/ObjectToken1.xml
3 ms. Memory: 449536K Free: 310711K (69%)
----------------- Invoking toplevel() on ptolemy.moml.MoMLSimpleApplication@17b7f745
----------------- Done invoking toplevel() on ptolemy.moml.MoMLSimpleApplication@17b7f745
reloadAllAccessors: .ObjectToken1

===========================================================================================
----------------- testing Sun Jun 23 16:12:40 UTC 2019 /home/travis/build/icyphy/ptII/ptolemy/actor/lib/test/auto/OrderedMerge.xml
----------------- Instantiating /home/travis/build/icyphy/ptII/ptolemy/actor/lib/test/auto/OrderedMerge.xml
6 ms. Memory: 449536K Free: 305079K (68%)
----------------- Invoking toplevel() on ptolemy.moml.MoMLSimpleApplication@6ee80c86
----------------- Done invoking toplevel() on ptolemy.moml.MoMLSimpleApplication@6ee80c86
reloadAllAccessors: .OrderedMerge

===========================================================================================
----------------- testing Sun Jun 23 16:12:40 UTC 2019 /home/travis/build/icyphy/ptII/ptolemy/actor/lib/test/auto/OrderedRecordDisassembler.xml
----------------- Instantiating /home/travis/build/icyphy/ptII/ptolemy/actor/lib/test/auto/OrderedRecordDisassembler.xml
3 ms. Memory: 449536K Free: 299945K (67%)
----------------- Invoking toplevel() on ptolemy.moml.MoMLSimpleApplication@3b56b193
----------------- Done invoking toplevel() on ptolemy.moml.MoMLSimpleApplication@3b56b193
reloadAllAccessors: .OrderedRecordDisassembler

===========================================================================================
----------------- testing Sun Jun 23 16:12:40 UTC 2019 /home/travis/build/icyphy/ptII/ptolemy/actor/lib/test/auto/OrderedRecordDisassembler2.xml
----------------- Instantiating /home/travis/build/icyphy/ptII/ptolemy/actor/lib/test/auto/OrderedRecordDisassembler2.xml
5 ms. Memory: 449536K Free: 292281K (65%)
----------------- Invoking toplevel() on ptolemy.moml.MoMLSimpleApplication@7affd7a1
----------------- Done invoking toplevel() on ptolemy.moml.MoMLSimpleApplication@7affd7a1
reloadAllAccessors: .OrderedRecordDisassembler2

===========================================================================================
----------------- testing Sun Jun 23 16:12:40 UTC 2019 /home/travis/build/icyphy/ptII/ptolemy/actor/lib/test/auto/OrderedRecordUpdater.xml
----------------- Instantiating /home/travis/build/icyphy/ptII/ptolemy/actor/lib/test/auto/OrderedRecordUpdater.xml
2 ms. Memory: 449536K Free: 287161K (64%)
----------------- Invoking toplevel() on ptolemy.moml.MoMLSimpleApplication@7ad4d25a
----------------- Done invoking toplevel() on ptolemy.moml.MoMLSimpleApplication@7ad4d25a
reloadAllAccessors: .RecordUpdater

===========================================================================================
----------------- testing Sun Jun 23 16:12:40 UTC 2019 /home/travis/build/icyphy/ptII/ptolemy/actor/lib/test/auto/OrderedRecordUpdater2.xml
----------------- Instantiating /home/travis/build/icyphy/ptII/ptolemy/actor/lib/test/auto/OrderedRecordUpdater2.xml
3 ms. Memory: 449536K Free: 282551K (63%)
----------------- Invoking toplevel() on ptolemy.moml.MoMLSimpleApplication@28040f6e
----------------- Done invoking toplevel() on ptolemy.moml.MoMLSimpleApplication@28040f6e
reloadAllAccessors: .RecordUpdater2

===========================================================================================
----------------- testing Sun Jun 23 16:12:40 UTC 2019 /home/travis/build/icyphy/ptII/ptolemy/actor/lib/test/auto/PhaseUnwrap.xml
----------------- Instantiating /home/travis/build/icyphy/ptII/ptolemy/actor/lib/test/auto/PhaseUnwrap.xml
1 ms. Memory: 449536K Free: 277945K (62%)
----------------- Invoking toplevel() on ptolemy.moml.MoMLSimpleApplication@2c6c9ab3
----------------- Done invoking toplevel() on ptolemy.moml.MoMLSimpleApplication@2c6c9ab3
reloadAllAccessors: .PhaseUnwrap

===========================================================================================
----------------- testing Sun Jun 23 16:12:40 UTC 2019 /home/travis/build/icyphy/ptII/ptolemy/actor/lib/test/auto/PoissonClock.xml
----------------- Instantiating /home/travis/build/icyphy/ptII/ptolemy/actor/lib/test/auto/PoissonClock.xml
2 ms. Memory: 449536K Free: 273849K (61%)
----------------- Invoking toplevel() on ptolemy.moml.MoMLSimpleApplication@3ef0ba5e
----------------- Done invoking toplevel() on ptolemy.moml.MoMLSimpleApplication@3ef0ba5e
reloadAllAccessors: .PoissonClock

===========================================================================================
----------------- testing Sun Jun 23 16:12:40 UTC 2019 /home/travis/build/icyphy/ptII/ptolemy/actor/lib/test/auto/PoissonClock2.xml
----------------- Instantiating /home/travis/build/icyphy/ptII/ptolemy/actor/lib/test/auto/PoissonClock2.xml
1 ms. Memory: 449536K Free: 269239K (60%)
----------------- Invoking toplevel() on ptolemy.moml.MoMLSimpleApplication@f7a49f4
----------------- Done invoking toplevel() on ptolemy.moml.MoMLSimpleApplication@f7a49f4
reloadAllAccessors: .PoissonClock2

===========================================================================================
----------------- testing Sun Jun 23 16:12:40 UTC 2019 /home/travis/build/icyphy/ptII/ptolemy/actor/lib/test/auto/PoissonClock3.xml
----------------- Instantiating /home/travis/build/icyphy/ptII/ptolemy/actor/lib/test/auto/PoissonClock3.xml
5 ms. Memory: 449536K Free: 264633K (59%)
----------------- Invoking toplevel() on ptolemy.moml.MoMLSimpleApplication@69adb9c2
----------------- Done invoking toplevel() on ptolemy.moml.MoMLSimpleApplication@69adb9c2
reloadAllAccessors: .PoissonClock3

===========================================================================================
----------------- testing Sun Jun 23 16:12:41 UTC 2019 /home/travis/build/icyphy/ptII/ptolemy/actor/lib/test/auto/PubSubWithInitialTokens.xml
----------------- Instantiating /home/travis/build/icyphy/ptII/ptolemy/actor/lib/test/auto/PubSubWithInitialTokens.xml
2 ms. Memory: 449536K Free: 258985K (58%)
----------------- Invoking toplevel() on ptolemy.moml.MoMLSimpleApplication@3db6f0d4
----------------- Done invoking toplevel() on ptolemy.moml.MoMLSimpleApplication@3db6f0d4
reloadAllAccessors: .PubSubWithInitialTokens

===========================================================================================
----------------- testing Sun Jun 23 16:12:41 UTC 2019 /home/travis/build/icyphy/ptII/ptolemy/actor/lib/test/auto/PubSubWithInitialTokens2.xml
----------------- Instantiating /home/travis/build/icyphy/ptII/ptolemy/actor/lib/test/auto/PubSubWithInitialTokens2.xml
2 ms. Memory: 449536K Free: 253369K (56%)
----------------- Invoking toplevel() on ptolemy.moml.MoMLSimpleApplication@ea0be0c
----------------- Done invoking toplevel() on ptolemy.moml.MoMLSimpleApplication@ea0be0c
reloadAllAccessors: .PubSubWithInitialTokens2

===========================================================================================
----------------- testing Sun Jun 23 16:12:41 UTC 2019 /home/travis/build/icyphy/ptII/ptolemy/actor/lib/test/auto/PublisherClassNoParameter.xml
----------------- Instantiating /home/travis/build/icyphy/ptII/ptolemy/actor/lib/test/auto/PublisherClassNoParameter.xml
2 ms. Memory: 449536K Free: 243639K (54%)
----------------- Invoking toplevel() on ptolemy.moml.MoMLSimpleApplication@7850ed06
----------------- Done invoking toplevel() on ptolemy.moml.MoMLSimpleApplication@7850ed06
reloadAllAccessors: .PublisherClassNoParameter

===========================================================================================
----------------- testing Sun Jun 23 16:12:41 UTC 2019 /home/travis/build/icyphy/ptII/ptolemy/actor/lib/test/auto/PublisherClassParameter.xml
----------------- Instantiating /home/travis/build/icyphy/ptII/ptolemy/actor/lib/test/auto/PublisherClassParameter.xml
2 ms. Memory: 449536K Free: 232889K (52%)
----------------- Invoking toplevel() on ptolemy.moml.MoMLSimpleApplication@29287a37
----------------- Done invoking toplevel() on ptolemy.moml.MoMLSimpleApplication@29287a37
reloadAllAccessors: .PublisherClassParameter

===========================================================================================
----------------- testing Sun Jun 23 16:12:41 UTC 2019 /home/travis/build/icyphy/ptII/ptolemy/actor/lib/test/auto/PublisherNonStrictTest.xml
----------------- Instantiating /home/travis/build/icyphy/ptII/ptolemy/actor/lib/test/auto/PublisherNonStrictTest.xml
4 ms. Memory: 449536K Free: 225207K (50%)
----------------- Invoking toplevel() on ptolemy.moml.MoMLSimpleApplication@279c8893
----------------- Done invoking toplevel() on ptolemy.moml.MoMLSimpleApplication@279c8893
reloadAllAccessors: .PublisherNonStrictTest

===========================================================================================
----------------- testing Sun Jun 23 16:12:41 UTC 2019 /home/travis/build/icyphy/ptII/ptolemy/actor/lib/test/auto/PublisherPort1.xml
----------------- Instantiating /home/travis/build/icyphy/ptII/ptolemy/actor/lib/test/auto/PublisherPort1.xml
2 ms. Memory: 449536K Free: 219577K (49%)
----------------- Invoking toplevel() on ptolemy.moml.MoMLSimpleApplication@17a73bab
----------------- Done invoking toplevel() on ptolemy.moml.MoMLSimpleApplication@17a73bab
reloadAllAccessors: .PublisherPort1

===========================================================================================
----------------- testing Sun Jun 23 16:12:41 UTC 2019 /home/travis/build/icyphy/ptII/ptolemy/actor/lib/test/auto/PublisherPort2.xml
----------------- Instantiating /home/travis/build/icyphy/ptII/ptolemy/actor/lib/test/auto/PublisherPort2.xml
2 ms. Memory: 449536K Free: 214457K (48%)
----------------- Invoking toplevel() on ptolemy.moml.MoMLSimpleApplication@49b3b56e
----------------- Done invoking toplevel() on ptolemy.moml.MoMLSimpleApplication@49b3b56e
reloadAllAccessors: .PublisherPort2

===========================================================================================
----------------- testing Sun Jun 23 16:12:41 UTC 2019 /home/travis/build/icyphy/ptII/ptolemy/actor/lib/test/auto/PublisherPort3.xml
----------------- Instantiating /home/travis/build/icyphy/ptII/ptolemy/actor/lib/test/auto/PublisherPort3.xml
14 ms. Memory: 449536K Free: 207769K (46%)
----------------- Invoking toplevel() on ptolemy.moml.MoMLSimpleApplication@de3869
----------------- Done invoking toplevel() on ptolemy.moml.MoMLSimpleApplication@de3869
reloadAllAccessors: .PublisherPort3

===========================================================================================
----------------- testing Sun Jun 23 16:12:41 UTC 2019 /home/travis/build/icyphy/ptII/ptolemy/actor/lib/test/auto/PublisherPort4.xml
----------------- Instantiating /home/travis/build/icyphy/ptII/ptolemy/actor/lib/test/auto/PublisherPort4.xml
2 ms. Memory: 449536K Free: 202169K (45%)
----------------- Invoking toplevel() on ptolemy.moml.MoMLSimpleApplication@22ee1144
----------------- Done invoking toplevel() on ptolemy.moml.MoMLSimpleApplication@22ee1144
reloadAllAccessors: .PublisherPort4

===========================================================================================
----------------- testing Sun Jun 23 16:12:41 UTC 2019 /home/travis/build/icyphy/ptII/ptolemy/actor/lib/test/auto/PublisherPort5.xml
----------------- Instantiating /home/travis/build/icyphy/ptII/ptolemy/actor/lib/test/auto/PublisherPort5.xml
3 ms. Memory: 449536K Free: 195001K (43%)
----------------- Invoking toplevel() on ptolemy.moml.MoMLSimpleApplication@74d03bbf
----------------- Done invoking toplevel() on ptolemy.moml.MoMLSimpleApplication@74d03bbf
reloadAllAccessors: .PublisherPort5

===========================================================================================
----------------- testing Sun Jun 23 16:12:41 UTC 2019 /home/travis/build/icyphy/ptII/ptolemy/actor/lib/test/auto/PublisherPort5LookAlike.xml
----------------- Instantiating /home/travis/build/icyphy/ptII/ptolemy/actor/lib/test/auto/PublisherPort5LookAlike.xml
9 ms. Memory: 449536K Free: 187319K (42%)
----------------- Invoking toplevel() on ptolemy.moml.MoMLSimpleApplication@36027bd9
----------------- Done invoking toplevel() on ptolemy.moml.MoMLSimpleApplication@36027bd9
reloadAllAccessors: .PublisherPort5LookAlike

===========================================================================================
----------------- testing Sun Jun 23 16:12:41 UTC 2019 /home/travis/build/icyphy/ptII/ptolemy/actor/lib/test/auto/PublisherPort6.xml
----------------- Instantiating /home/travis/build/icyphy/ptII/ptolemy/actor/lib/test/auto/PublisherPort6.xml
2 ms. Memory: 449536K Free: 180665K (40%)
----------------- Invoking toplevel() on ptolemy.moml.MoMLSimpleApplication@2b4c4e5b
----------------- Done invoking toplevel() on ptolemy.moml.MoMLSimpleApplication@2b4c4e5b
reloadAllAccessors: .PublisherPort6

===========================================================================================
----------------- testing Sun Jun 23 16:12:41 UTC 2019 /home/travis/build/icyphy/ptII/ptolemy/actor/lib/test/auto/PublisherPort7.xml
----------------- Instantiating /home/travis/build/icyphy/ptII/ptolemy/actor/lib/test/auto/PublisherPort7.xml
3 ms. Memory: 449536K Free: 172983K (38%)
----------------- Invoking toplevel() on ptolemy.moml.MoMLSimpleApplication@4229fcd4
----------------- Done invoking toplevel() on ptolemy.moml.MoMLSimpleApplication@4229fcd4
reloadAllAccessors: .PublisherPort7

===========================================================================================
----------------- testing Sun Jun 23 16:12:41 UTC 2019 /home/travis/build/icyphy/ptII/ptolemy/actor/lib/test/auto/PublisherPort8.xml
----------------- Instantiating /home/travis/build/icyphy/ptII/ptolemy/actor/lib/test/auto/PublisherPort8.xml
4 ms. Memory: 449536K Free: 164281K (37%)
----------------- Invoking toplevel() on ptolemy.moml.MoMLSimpleApplication@21c6e7e2
----------------- Done invoking toplevel() on ptolemy.moml.MoMLSimpleApplication@21c6e7e2
reloadAllAccessors: .PublisherPort8

===========================================================================================
----------------- testing Sun Jun 23 16:12:41 UTC 2019 /home/travis/build/icyphy/ptII/ptolemy/actor/lib/test/auto/PublisherPortSubscriberChannelVariablesAOC2.xml
----------------- Instantiating /home/travis/build/icyphy/ptII/ptolemy/actor/lib/test/auto/PublisherPortSubscriberChannelVariablesAOC2.xml
4 ms. Memory: 449536K Free: 146345K (33%)
----------------- Invoking toplevel() on ptolemy.moml.MoMLSimpleApplication@2849bf4e
----------------- Done invoking toplevel() on ptolemy.moml.MoMLSimpleApplication@2849bf4e
reloadAllAccessors: .PublisherPortSubscriberChannelVariablesAOC2

===========================================================================================
----------------- testing Sun Jun 23 16:12:41 UTC 2019 /home/travis/build/icyphy/ptII/ptolemy/actor/lib/test/auto/PublisherPortSubscriberOpaqueWidthInference.xml
----------------- Instantiating /home/travis/build/icyphy/ptII/ptolemy/actor/lib/test/auto/PublisherPortSubscriberOpaqueWidthInference.xml
4 ms. Memory: 449536K Free: 138681K (31%)
----------------- Invoking toplevel() on ptolemy.moml.MoMLSimpleApplication@7ac4fa7e
----------------- Done invoking toplevel() on ptolemy.moml.MoMLSimpleApplication@7ac4fa7e
reloadAllAccessors: .PublisherPortSubscriberOpaqueWidthInference

===========================================================================================
----------------- testing Sun Jun 23 16:12:41 UTC 2019 /home/travis/build/icyphy/ptII/ptolemy/actor/lib/test/auto/PublisherPortSubscriberPortAdjacent.xml
----------------- Instantiating /home/travis/build/icyphy/ptII/ptolemy/actor/lib/test/auto/PublisherPortSubscriberPortAdjacent.xml
7 ms. Memory: 449536K Free: 395899K (88%)
----------------- Invoking toplevel() on ptolemy.moml.MoMLSimpleApplication@7d095c22
----------------- Done invoking toplevel() on ptolemy.moml.MoMLSimpleApplication@7d095c22
reloadAllAccessors: .PublisherPortSubscriberPortAdjacent

===========================================================================================
----------------- testing Sun Jun 23 16:12:41 UTC 2019 /home/travis/build/icyphy/ptII/ptolemy/actor/lib/test/auto/PublisherPortSubscriberPortExpression.xml
----------------- Instantiating /home/travis/build/icyphy/ptII/ptolemy/actor/lib/test/auto/PublisherPortSubscriberPortExpression.xml
5 ms. Memory: 449536K Free: 388235K (86%)
----------------- Invoking toplevel() on ptolemy.moml.MoMLSimpleApplication@1683d3bd
----------------- Done invoking toplevel() on ptolemy.moml.MoMLSimpleApplication@1683d3bd
reloadAllAccessors: .PublisherPortSubscriberPortExpression

===========================================================================================
----------------- testing Sun Jun 23 16:12:41 UTC 2019 /home/travis/build/icyphy/ptII/ptolemy/actor/lib/test/auto/PublisherPortSubscriberPortOpaqueD3Reverse.xml
----------------- Instantiating /home/travis/build/icyphy/ptII/ptolemy/actor/lib/test/auto/PublisherPortSubscriberPortOpaqueD3Reverse.xml
12 ms. Memory: 449536K Free: 377995K (84%)
----------------- Invoking toplevel() on ptolemy.moml.MoMLSimpleApplication@29533795
----------------- Done invoking toplevel() on ptolemy.moml.MoMLSimpleApplication@29533795
reloadAllAccessors: .PublisherPortSubscriberPortOpaqueD3Reverse

===========================================================================================
----------------- testing Sun Jun 23 16:12:41 UTC 2019 /home/travis/build/icyphy/ptII/ptolemy/actor/lib/test/auto/PublisherPortSubscriberPortOpaqueWidthInference.xml
----------------- Instantiating /home/travis/build/icyphy/ptII/ptolemy/actor/lib/test/auto/PublisherPortSubscriberPortOpaqueWidthInference.xml
5 ms. Memory: 449536K Free: 370299K (82%)
----------------- Invoking toplevel() on ptolemy.moml.MoMLSimpleApplication@68e81f6c
----------------- Done invoking toplevel() on ptolemy.moml.MoMLSimpleApplication@68e81f6c
reloadAllAccessors: .PublisherPortSubscriberPortOpaqueWidthInference

===========================================================================================
----------------- testing Sun Jun 23 16:12:41 UTC 2019 /home/travis/build/icyphy/ptII/ptolemy/actor/lib/test/auto/PublisherPortToplevelSubscriberPortAOC.xml
----------------- Instantiating /home/travis/build/icyphy/ptII/ptolemy/actor/lib/test/auto/PublisherPortToplevelSubscriberPortAOC.xml
.PublisherPortToplevelSubscriberPortAOC.TestExceptionAttribute: initialize() was not invoked, but wrapup() was.  This is unusual, but not always a problem.  For example, exporting JNLP will do this.
2 ms. Memory: 449536K Free: 364683K (81%)
----------------- Invoking toplevel() on ptolemy.moml.MoMLSimpleApplication@1d6f2d1f
----------------- Done invoking toplevel() on ptolemy.moml.MoMLSimpleApplication@1d6f2d1f
reloadAllAccessors: .PublisherPortToplevelSubscriberPortAOC

===========================================================================================
----------------- testing Sun Jun 23 16:12:41 UTC 2019 /home/travis/build/icyphy/ptII/ptolemy/actor/lib/test/auto/PublisherSubscriber.xml
----------------- Instantiating /home/travis/build/icyphy/ptII/ptolemy/actor/lib/test/auto/PublisherSubscriber.xml
3 ms. Memory: 449536K Free: 357515K (80%)
----------------- Invoking toplevel() on ptolemy.moml.MoMLSimpleApplication@41eac707
----------------- Done invoking toplevel() on ptolemy.moml.MoMLSimpleApplication@41eac707
reloadAllAccessors: .PublisherSubscriber

===========================================================================================
----------------- testing Sun Jun 23 16:12:41 UTC 2019 /home/travis/build/icyphy/ptII/ptolemy/actor/lib/test/auto/PublisherSubscriber10.xml
----------------- Instantiating /home/travis/build/icyphy/ptII/ptolemy/actor/lib/test/auto/PublisherSubscriber10.xml
7 ms. Memory: 449536K Free: 348299K (77%)
----------------- Invoking toplevel() on ptolemy.moml.MoMLSimpleApplication@1caf7836
----------------- Done invoking toplevel() on ptolemy.moml.MoMLSimpleApplication@1caf7836
reloadAllAccessors: .PublisherSubscriber10

===========================================================================================
----------------- testing Sun Jun 23 16:12:41 UTC 2019 /home/travis/build/icyphy/ptII/ptolemy/actor/lib/test/auto/PublisherSubscriber10InitialOutputs.xml
----------------- Instantiating /home/travis/build/icyphy/ptII/ptolemy/actor/lib/test/auto/PublisherSubscriber10InitialOutputs.xml
12 ms. Memory: 449536K Free: 339083K (75%)
----------------- Invoking toplevel() on ptolemy.moml.MoMLSimpleApplication@20472bed
----------------- Done invoking toplevel() on ptolemy.moml.MoMLSimpleApplication@20472bed
reloadAllAccessors: .PublisherSubscriber10InitialOutputs

===========================================================================================
----------------- testing Sun Jun 23 16:12:41 UTC 2019 /home/travis/build/icyphy/ptII/ptolemy/actor/lib/test/auto/PublisherSubscriber11.xml
----------------- Instantiating /home/travis/build/icyphy/ptII/ptolemy/actor/lib/test/auto/PublisherSubscriber11.xml
3 ms. Memory: 449536K Free: 332939K (74%)
----------------- Invoking toplevel() on ptolemy.moml.MoMLSimpleApplication@3d9d5fee
----------------- Done invoking toplevel() on ptolemy.moml.MoMLSimpleApplication@3d9d5fee
reloadAllAccessors: .PublisherSubscriber11

===========================================================================================
----------------- testing Sun Jun 23 16:12:41 UTC 2019 /home/travis/build/icyphy/ptII/ptolemy/actor/lib/test/auto/PublisherSubscriber12.xml
----------------- Instantiating /home/travis/build/icyphy/ptII/ptolemy/actor/lib/test/auto/PublisherSubscriber12.xml
3 ms. Memory: 449536K Free: 325771K (72%)
----------------- Invoking toplevel() on ptolemy.moml.MoMLSimpleApplication@3dcc9773
----------------- Done invoking toplevel() on ptolemy.moml.MoMLSimpleApplication@3dcc9773
reloadAllAccessors: .PublisherSubscriber12

===========================================================================================
----------------- testing Sun Jun 23 16:12:41 UTC 2019 /home/travis/build/icyphy/ptII/ptolemy/actor/lib/test/auto/PublisherSubscriber13.xml
----------------- Instantiating /home/travis/build/icyphy/ptII/ptolemy/actor/lib/test/auto/PublisherSubscriber13.xml
3 ms. Memory: 449536K Free: 320137K (71%)
----------------- Invoking toplevel() on ptolemy.moml.MoMLSimpleApplication@4a7a6201
----------------- Done invoking toplevel() on ptolemy.moml.MoMLSimpleApplication@4a7a6201
reloadAllAccessors: .PublisherSubscriber13

===========================================================================================
----------------- testing Sun Jun 23 16:12:41 UTC 2019 /home/travis/build/icyphy/ptII/ptolemy/actor/lib/test/auto/PublisherSubscriber14.xml
----------------- Instantiating /home/travis/build/icyphy/ptII/ptolemy/actor/lib/test/auto/PublisherSubscriber14.xml
2 ms. Memory: 449536K Free: 311435K (69%)
----------------- Invoking toplevel() on ptolemy.moml.MoMLSimpleApplication@6b86ee46
----------------- Done invoking toplevel() on ptolemy.moml.MoMLSimpleApplication@6b86ee46
reloadAllAccessors: .PublisherSubscriber14

===========================================================================================
----------------- testing Sun Jun 23 16:12:41 UTC 2019 /home/travis/build/icyphy/ptII/ptolemy/actor/lib/test/auto/PublisherSubscriber2.xml
----------------- Instantiating /home/travis/build/icyphy/ptII/ptolemy/actor/lib/test/auto/PublisherSubscriber2.xml
3 ms. Memory: 449536K Free: 306315K (68%)
----------------- Invoking toplevel() on ptolemy.moml.MoMLSimpleApplication@28ec4bd4
----------------- Done invoking toplevel() on ptolemy.moml.MoMLSimpleApplication@28ec4bd4
reloadAllAccessors: .PublisherSubscriber2

===========================================================================================
----------------- testing Sun Jun 23 16:12:41 UTC 2019 /home/travis/build/icyphy/ptII/ptolemy/actor/lib/test/auto/PublisherSubscriber3.xml
----------------- Instantiating /home/travis/build/icyphy/ptII/ptolemy/actor/lib/test/auto/PublisherSubscriber3.xml
2 ms. Memory: 449536K Free: 300667K (67%)
----------------- Invoking toplevel() on ptolemy.moml.MoMLSimpleApplication@398fb940
----------------- Done invoking toplevel() on ptolemy.moml.MoMLSimpleApplication@398fb940
reloadAllAccessors: .PublisherSubscriber3

===========================================================================================
----------------- testing Sun Jun 23 16:12:41 UTC 2019 /home/travis/build/icyphy/ptII/ptolemy/actor/lib/test/auto/PublisherSubscriber4.xml
----------------- Instantiating /home/travis/build/icyphy/ptII/ptolemy/actor/lib/test/auto/PublisherSubscriber4.xml
2 ms. Memory: 449536K Free: 295547K (66%)
----------------- Invoking toplevel() on ptolemy.moml.MoMLSimpleApplication@788afbdb
----------------- Done invoking toplevel() on ptolemy.moml.MoMLSimpleApplication@788afbdb
reloadAllAccessors: .PublisherSubscriber4

===========================================================================================
----------------- testing Sun Jun 23 16:12:41 UTC 2019 /home/travis/build/icyphy/ptII/ptolemy/actor/lib/test/auto/PublisherSubscriber5.xml
----------------- Instantiating /home/travis/build/icyphy/ptII/ptolemy/actor/lib/test/auto/PublisherSubscriber5.xml
2 ms. Memory: 449536K Free: 288907K (64%)
----------------- Invoking toplevel() on ptolemy.moml.MoMLSimpleApplication@74fdb49d
----------------- Done invoking toplevel() on ptolemy.moml.MoMLSimpleApplication@74fdb49d
reloadAllAccessors: .PublisherSubscriber5

===========================================================================================
----------------- testing Sun Jun 23 16:12:41 UTC 2019 /home/travis/build/icyphy/ptII/ptolemy/actor/lib/test/auto/PublisherSubscriber6.xml
----------------- Instantiating /home/travis/build/icyphy/ptII/ptolemy/actor/lib/test/auto/PublisherSubscriber6.xml
4 ms. Memory: 449536K Free: 282235K (63%)
----------------- Invoking toplevel() on ptolemy.moml.MoMLSimpleApplication@18ab7001
----------------- Done invoking toplevel() on ptolemy.moml.MoMLSimpleApplication@18ab7001
reloadAllAccessors: .PublisherSubscriber6

===========================================================================================
----------------- testing Sun Jun 23 16:12:41 UTC 2019 /home/travis/build/icyphy/ptII/ptolemy/actor/lib/test/auto/PublisherSubscriber7.xml
----------------- Instantiating /home/travis/build/icyphy/ptII/ptolemy/actor/lib/test/auto/PublisherSubscriber7.xml
8 ms. Memory: 449536K Free: 275595K (61%)
----------------- Invoking toplevel() on ptolemy.moml.MoMLSimpleApplication@bd97ac4
----------------- Done invoking toplevel() on ptolemy.moml.MoMLSimpleApplication@bd97ac4
reloadAllAccessors: .PublisherSubscriber7

===========================================================================================
----------------- testing Sun Jun 23 16:12:41 UTC 2019 /home/travis/build/icyphy/ptII/ptolemy/actor/lib/test/auto/PublisherSubscriber8.xml
----------------- Instantiating /home/travis/build/icyphy/ptII/ptolemy/actor/lib/test/auto/PublisherSubscriber8.xml
24 ms. Memory: 449536K Free: 263817K (59%)
----------------- Invoking toplevel() on ptolemy.moml.MoMLSimpleApplication@26cb10a9
----------------- Done invoking toplevel() on ptolemy.moml.MoMLSimpleApplication@26cb10a9
reloadAllAccessors: .PublisherSubscriber8

===========================================================================================
----------------- testing Sun Jun 23 16:12:41 UTC 2019 /home/travis/build/icyphy/ptII/ptolemy/actor/lib/test/auto/PublisherSubscriber9.xml
----------------- Instantiating /home/travis/build/icyphy/ptII/ptolemy/actor/lib/test/auto/PublisherSubscriber9.xml
3 ms. Memory: 449536K Free: 256635K (57%)
----------------- Invoking toplevel() on ptolemy.moml.MoMLSimpleApplication@12a038a7
----------------- Done invoking toplevel() on ptolemy.moml.MoMLSimpleApplication@12a038a7
reloadAllAccessors: .PublisherSubscriber9

===========================================================================================
----------------- testing Sun Jun 23 16:12:41 UTC 2019 /home/travis/build/icyphy/ptII/ptolemy/actor/lib/test/auto/PublisherSubscriberAdjacent.xml
----------------- Instantiating /home/travis/build/icyphy/ptII/ptolemy/actor/lib/test/auto/PublisherSubscriberAdjacent.xml
2 ms. Memory: 449536K Free: 248457K (55%)
----------------- Invoking toplevel() on ptolemy.moml.MoMLSimpleApplication@749b8640
----------------- Done invoking toplevel() on ptolemy.moml.MoMLSimpleApplication@749b8640
reloadAllAccessors: .PublisherSubscriberAdjacent

===========================================================================================
----------------- testing Sun Jun 23 16:12:41 UTC 2019 /home/travis/build/icyphy/ptII/ptolemy/actor/lib/test/auto/PublisherSubscriberChannelVariablesAOC2.xml
----------------- Instantiating /home/travis/build/icyphy/ptII/ptolemy/actor/lib/test/auto/PublisherSubscriberChannelVariablesAOC2.xml
3 ms. Memory: 449536K Free: 233611K (52%)
----------------- Invoking toplevel() on ptolemy.moml.MoMLSimpleApplication@391e6b91
----------------- Done invoking toplevel() on ptolemy.moml.MoMLSimpleApplication@391e6b91
reloadAllAccessors: .PublisherSubscriberChannelVariablesAOC2

===========================================================================================
----------------- testing Sun Jun 23 16:12:41 UTC 2019 /home/travis/build/icyphy/ptII/ptolemy/actor/lib/test/auto/PublisherSubscriberD3.xml
----------------- Instantiating /home/travis/build/icyphy/ptII/ptolemy/actor/lib/test/auto/PublisherSubscriberD3.xml
2 ms. Memory: 449536K Free: 226443K (50%)
----------------- Invoking toplevel() on ptolemy.moml.MoMLSimpleApplication@790381f7
----------------- Done invoking toplevel() on ptolemy.moml.MoMLSimpleApplication@790381f7
reloadAllAccessors: .PublisherSubscriberD3

===========================================================================================
----------------- testing Sun Jun 23 16:12:41 UTC 2019 /home/travis/build/icyphy/ptII/ptolemy/actor/lib/test/auto/PublisherSubscriberD3Reverse.xml
----------------- Instantiating /home/travis/build/icyphy/ptII/ptolemy/actor/lib/test/auto/PublisherSubscriberD3Reverse.xml
2 ms. Memory: 449536K Free: 220299K (49%)
----------------- Invoking toplevel() on ptolemy.moml.MoMLSimpleApplication@2fc54c3f
----------------- Done invoking toplevel() on ptolemy.moml.MoMLSimpleApplication@2fc54c3f
reloadAllAccessors: .PublisherSubscriberD3Reverse

===========================================================================================
----------------- testing Sun Jun 23 16:12:41 UTC 2019 /home/travis/build/icyphy/ptII/ptolemy/actor/lib/test/auto/PublisherSubscriberExpression.xml
----------------- Instantiating /home/travis/build/icyphy/ptII/ptolemy/actor/lib/test/auto/PublisherSubscriberExpression.xml
4 ms. Memory: 449536K Free: 211579K (47%)
----------------- Invoking toplevel() on ptolemy.moml.MoMLSimpleApplication@6aee4b0d
----------------- Done invoking toplevel() on ptolemy.moml.MoMLSimpleApplication@6aee4b0d
reloadAllAccessors: .PublisherSubscriberExpression

===========================================================================================
----------------- testing Sun Jun 23 16:12:41 UTC 2019 /home/travis/build/icyphy/ptII/ptolemy/actor/lib/test/auto/PublisherSubscriberOpaque.xml
----------------- Instantiating /home/travis/build/icyphy/ptII/ptolemy/actor/lib/test/auto/PublisherSubscriberOpaque.xml
4 ms. Memory: 449536K Free: 203387K (45%)
----------------- Invoking toplevel() on ptolemy.moml.MoMLSimpleApplication@1675e2b7
----------------- Done invoking toplevel() on ptolemy.moml.MoMLSimpleApplication@1675e2b7
reloadAllAccessors: .PublisherSubscriberOpaque

===========================================================================================
----------------- testing Sun Jun 23 16:12:42 UTC 2019 /home/travis/build/icyphy/ptII/ptolemy/actor/lib/test/auto/PublisherSubscriberOpaqueD3.xml
----------------- Instantiating /home/travis/build/icyphy/ptII/ptolemy/actor/lib/test/auto/PublisherSubscriberOpaqueD3.xml
6 ms. Memory: 449536K Free: 192137K (43%)
----------------- Invoking toplevel() on ptolemy.moml.MoMLSimpleApplication@33059fdc
----------------- Done invoking toplevel() on ptolemy.moml.MoMLSimpleApplication@33059fdc
reloadAllAccessors: .PublisherSubscriberOpaqueD3

===========================================================================================
----------------- testing Sun Jun 23 16:12:42 UTC 2019 /home/travis/build/icyphy/ptII/ptolemy/actor/lib/test/auto/PublisherSubscriberOpaqueD3Reverse.xml
----------------- Instantiating /home/travis/build/icyphy/ptII/ptolemy/actor/lib/test/auto/PublisherSubscriberOpaqueD3Reverse.xml
7 ms. Memory: 449536K Free: 181387K (40%)
----------------- Invoking toplevel() on ptolemy.moml.MoMLSimpleApplication@5e48478c
----------------- Done invoking toplevel() on ptolemy.moml.MoMLSimpleApplication@5e48478c
reloadAllAccessors: .PublisherSubscriberOpaqueD3Reverse

===========================================================================================
----------------- testing Sun Jun 23 16:12:42 UTC 2019 /home/travis/build/icyphy/ptII/ptolemy/actor/lib/test/auto/PublisherSubscriberOpaqueWidthInference.xml
----------------- Instantiating /home/travis/build/icyphy/ptII/ptolemy/actor/lib/test/auto/PublisherSubscriberOpaqueWidthInference.xml
3 ms. Memory: 449536K Free: 173195K (39%)
----------------- Invoking toplevel() on ptolemy.moml.MoMLSimpleApplication@360c8cba
----------------- Done invoking toplevel() on ptolemy.moml.MoMLSimpleApplication@360c8cba
reloadAllAccessors: .PublisherSubscriberOpaqueWidthInference

===========================================================================================
----------------- testing Sun Jun 23 16:12:42 UTC 2019 /home/travis/build/icyphy/ptII/ptolemy/actor/lib/test/auto/PublisherTestSubscriber.xml
----------------- Instantiating /home/travis/build/icyphy/ptII/ptolemy/actor/lib/test/auto/PublisherTestSubscriber.xml
3 ms. Memory: 449536K Free: 165513K (37%)
----------------- Invoking toplevel() on ptolemy.moml.MoMLSimpleApplication@456c5773
----------------- Done invoking toplevel() on ptolemy.moml.MoMLSimpleApplication@456c5773
reloadAllAccessors: .PublisherTestSubscriber

===========================================================================================
----------------- testing Sun Jun 23 16:12:42 UTC 2019 /home/travis/build/icyphy/ptII/ptolemy/actor/lib/test/auto/PublisherToplevelSubscriberPortAOC.xml
----------------- Instantiating /home/travis/build/icyphy/ptII/ptolemy/actor/lib/test/auto/PublisherToplevelSubscriberPortAOC.xml
1 ms. Memory: 449536K Free: 159355K (35%)
----------------- Invoking toplevel() on ptolemy.moml.MoMLSimpleApplication@69e47d4c
----------------- Done invoking toplevel() on ptolemy.moml.MoMLSimpleApplication@69e47d4c
reloadAllAccessors: .PublisherToplevelSubscriberPortAOC

===========================================================================================
----------------- testing Sun Jun 23 16:12:42 UTC 2019 /home/travis/build/icyphy/ptII/ptolemy/actor/lib/test/auto/PulseFiringLimitDE.xml
----------------- Instantiating /home/travis/build/icyphy/ptII/ptolemy/actor/lib/test/auto/PulseFiringLimitDE.xml
2 ms. Memory: 449536K Free: 153225K (34%)
----------------- Invoking toplevel() on ptolemy.moml.MoMLSimpleApplication@52f4a8c7
----------------- Done invoking toplevel() on ptolemy.moml.MoMLSimpleApplication@52f4a8c7
reloadAllAccessors: .PulseFiringLimitDE

===========================================================================================
----------------- testing Sun Jun 23 16:12:42 UTC 2019 /home/travis/build/icyphy/ptII/ptolemy/actor/lib/test/auto/Ramp1.xml
----------------- Instantiating /home/travis/build/icyphy/ptII/ptolemy/actor/lib/test/auto/Ramp1.xml
2 ms. Memory: 449536K Free: 149123K (33%)
----------------- Invoking toplevel() on ptolemy.moml.MoMLSimpleApplication@2f53e8de
----------------- Done invoking toplevel() on ptolemy.moml.MoMLSimpleApplication@2f53e8de
reloadAllAccessors: .Ramp1

===========================================================================================
----------------- testing Sun Jun 23 16:12:42 UTC 2019 /home/travis/build/icyphy/ptII/ptolemy/actor/lib/test/auto/RampFiringLimitDE.xml
----------------- Instantiating /home/travis/build/icyphy/ptII/ptolemy/actor/lib/test/auto/RampFiringLimitDE.xml
4 ms. Memory: 449536K Free: 142971K (32%)
----------------- Invoking toplevel() on ptolemy.moml.MoMLSimpleApplication@7613d2d5
----------------- Done invoking toplevel() on ptolemy.moml.MoMLSimpleApplication@7613d2d5
reloadAllAccessors: .RampFiringLimitDE

===========================================================================================
----------------- testing Sun Jun 23 16:12:42 UTC 2019 /home/travis/build/icyphy/ptII/ptolemy/actor/lib/test/auto/RampFiringLimitSDF.xml
----------------- Instantiating /home/travis/build/icyphy/ptII/ptolemy/actor/lib/test/auto/RampFiringLimitSDF.xml
2 ms. Memory: 449536K Free: 137835K (31%)
----------------- Invoking toplevel() on ptolemy.moml.MoMLSimpleApplication@6f62272c
----------------- Done invoking toplevel() on ptolemy.moml.MoMLSimpleApplication@6f62272c
reloadAllAccessors: .RampFiringLimitSDF

===========================================================================================
----------------- testing Sun Jun 23 16:12:42 UTC 2019 /home/travis/build/icyphy/ptII/ptolemy/actor/lib/test/auto/RandomInteger.xml
----------------- Instantiating /home/travis/build/icyphy/ptII/ptolemy/actor/lib/test/auto/RandomInteger.xml
1 ms. Memory: 449536K Free: 398919K (89%)
----------------- Invoking toplevel() on ptolemy.moml.MoMLSimpleApplication@10dfd7f
----------------- Done invoking toplevel() on ptolemy.moml.MoMLSimpleApplication@10dfd7f
reloadAllAccessors: .RandomInteger

===========================================================================================
----------------- testing Sun Jun 23 16:12:42 UTC 2019 /home/travis/build/icyphy/ptII/ptolemy/actor/lib/test/auto/ReadFile1.xml
----------------- Instantiating /home/travis/build/icyphy/ptII/ptolemy/actor/lib/test/auto/ReadFile1.xml
1 ms. Memory: 449536K Free: 393807K (88%)
----------------- Invoking toplevel() on ptolemy.moml.MoMLSimpleApplication@6c928dd9
----------------- Done invoking toplevel() on ptolemy.moml.MoMLSimpleApplication@6c928dd9
reloadAllAccessors: .ReadFile1

===========================================================================================
----------------- testing Sun Jun 23 16:12:42 UTC 2019 /home/travis/build/icyphy/ptII/ptolemy/actor/lib/test/auto/ReadFile2.xml
----------------- Instantiating /home/travis/build/icyphy/ptII/ptolemy/actor/lib/test/auto/ReadFile2.xml
1 ms. Memory: 449536K Free: 389717K (87%)
----------------- Invoking toplevel() on ptolemy.moml.MoMLSimpleApplication@55c4757
----------------- Done invoking toplevel() on ptolemy.moml.MoMLSimpleApplication@55c4757
reloadAllAccessors: .ReadFile2

===========================================================================================
----------------- testing Sun Jun 23 16:12:42 UTC 2019 /home/travis/build/icyphy/ptII/ptolemy/actor/lib/test/auto/Reader.xml
----------------- Instantiating /home/travis/build/icyphy/ptII/ptolemy/actor/lib/test/auto/Reader.xml
actor.lib.Reader is obsolete, use actor.lib.io.ExpressionReader instead
5 ms. Memory: 449536K Free: 385621K (86%)
----------------- Invoking toplevel() on ptolemy.moml.MoMLSimpleApplication@173878c5
----------------- Done invoking toplevel() on ptolemy.moml.MoMLSimpleApplication@173878c5
reloadAllAccessors: .Reader

===========================================================================================
----------------- testing Sun Jun 23 16:12:42 UTC 2019 /home/travis/build/icyphy/ptII/ptolemy/actor/lib/test/auto/RecordAssemblerDisplayNameTest.xml
----------------- Instantiating /home/travis/build/icyphy/ptII/ptolemy/actor/lib/test/auto/RecordAssemblerDisplayNameTest.xml
3953 ms. Memory: 449536K Free: 251413K (56%)
----------------- Invoking toplevel() on ptolemy.moml.MoMLSimpleApplication@6d1a153a
----------------- Done invoking toplevel() on ptolemy.moml.MoMLSimpleApplication@6d1a153a
reloadAllAccessors: .RecordAssemblerDisplayNameTest

===========================================================================================
----------------- testing Sun Jun 23 16:12:46 UTC 2019 /home/travis/build/icyphy/ptII/ptolemy/actor/lib/test/auto/RecordAssemblerTypeError.xml
----------------- Instantiating /home/travis/build/icyphy/ptII/ptolemy/actor/lib/test/auto/RecordAssemblerTypeError.xml
6 ms. Memory: 449536K Free: 241687K (54%)
----------------- Invoking toplevel() on ptolemy.moml.MoMLSimpleApplication@27502ef
----------------- Done invoking toplevel() on ptolemy.moml.MoMLSimpleApplication@27502ef
reloadAllAccessors: .RecordAssemblerTypeError

===========================================================================================
----------------- testing Sun Jun 23 16:12:46 UTC 2019 /home/travis/build/icyphy/ptII/ptolemy/actor/lib/test/auto/RecordDisassember.xml
----------------- Instantiating /home/travis/build/icyphy/ptII/ptolemy/actor/lib/test/auto/RecordDisassember.xml
3 ms. Memory: 449536K Free: 237063K (53%)
----------------- Invoking toplevel() on ptolemy.moml.MoMLSimpleApplication@339a7816
----------------- Done invoking toplevel() on ptolemy.moml.MoMLSimpleApplication@339a7816
reloadAllAccessors: .RecordDisassember

===========================================================================================
----------------- testing Sun Jun 23 16:12:46 UTC 2019 /home/travis/build/icyphy/ptII/ptolemy/actor/lib/test/auto/RecordDisassemberDisplayNameTest.xml
----------------- Instantiating /home/travis/build/icyphy/ptII/ptolemy/actor/lib/test/auto/RecordDisassemberDisplayNameTest.xml
6 ms. Memory: 449536K Free: 229399K (51%)
----------------- Invoking toplevel() on ptolemy.moml.MoMLSimpleApplication@10df4c9b
----------------- Done invoking toplevel() on ptolemy.moml.MoMLSimpleApplication@10df4c9b
reloadAllAccessors: .RecordDisassemberDisplayNameTest

===========================================================================================
----------------- testing Sun Jun 23 16:12:46 UTC 2019 /home/travis/build/icyphy/ptII/ptolemy/actor/lib/test/auto/RecordDisassembler.xml
----------------- Instantiating /home/travis/build/icyphy/ptII/ptolemy/actor/lib/test/auto/RecordDisassembler.xml
3 ms. Memory: 449536K Free: 224279K (50%)
----------------- Invoking toplevel() on ptolemy.moml.MoMLSimpleApplication@7413b4c8
----------------- Done invoking toplevel() on ptolemy.moml.MoMLSimpleApplication@7413b4c8
reloadAllAccessors: .RecordDisassembler

===========================================================================================
----------------- testing Sun Jun 23 16:12:46 UTC 2019 /home/travis/build/icyphy/ptII/ptolemy/actor/lib/test/auto/RecordDisassembler2.xml
----------------- Instantiating /home/travis/build/icyphy/ptII/ptolemy/actor/lib/test/auto/RecordDisassembler2.xml
2 ms. Memory: 449536K Free: 219159K (49%)
----------------- Invoking toplevel() on ptolemy.moml.MoMLSimpleApplication@50f39d15
----------------- Done invoking toplevel() on ptolemy.moml.MoMLSimpleApplication@50f39d15
reloadAllAccessors: .RecordDisassembler2

===========================================================================================
----------------- testing Sun Jun 23 16:12:46 UTC 2019 /home/travis/build/icyphy/ptII/ptolemy/actor/lib/test/auto/RecordUpdater.xml
----------------- Instantiating /home/travis/build/icyphy/ptII/ptolemy/actor/lib/test/auto/RecordUpdater.xml
2 ms. Memory: 449536K Free: 214039K (48%)
----------------- Invoking toplevel() on ptolemy.moml.MoMLSimpleApplication@496d6fc4
----------------- Done invoking toplevel() on ptolemy.moml.MoMLSimpleApplication@496d6fc4
reloadAllAccessors: .RecordUpdater

===========================================================================================
----------------- testing Sun Jun 23 16:12:46 UTC 2019 /home/travis/build/icyphy/ptII/ptolemy/actor/lib/test/auto/RecordUpdater2.xml
----------------- Instantiating /home/travis/build/icyphy/ptII/ptolemy/actor/lib/test/auto/RecordUpdater2.xml
2 ms. Memory: 449536K Free: 209429K (47%)
----------------- Invoking toplevel() on ptolemy.moml.MoMLSimpleApplication@26acd5d9
----------------- Done invoking toplevel() on ptolemy.moml.MoMLSimpleApplication@26acd5d9
reloadAllAccessors: .RecordUpdater2

===========================================================================================
----------------- testing Sun Jun 23 16:12:46 UTC 2019 /home/travis/build/icyphy/ptII/ptolemy/actor/lib/test/auto/RecursiveLattice.xml
----------------- Instantiating /home/travis/build/icyphy/ptII/ptolemy/actor/lib/test/auto/RecursiveLattice.xml
1 ms. Memory: 449536K Free: 205319K (46%)
----------------- Invoking toplevel() on ptolemy.moml.MoMLSimpleApplication@2a4a5ce0
----------------- Done invoking toplevel() on ptolemy.moml.MoMLSimpleApplication@2a4a5ce0
reloadAllAccessors: .RecursiveLattice

===========================================================================================
----------------- testing Sun Jun 23 16:12:46 UTC 2019 /home/travis/build/icyphy/ptII/ptolemy/actor/lib/test/auto/Router.xml
----------------- Instantiating /home/travis/build/icyphy/ptII/ptolemy/actor/lib/test/auto/Router.xml
3003 ms. Memory: 449536K Free: 194583K (43%)
----------------- Invoking toplevel() on ptolemy.moml.MoMLSimpleApplication@286fff7e
----------------- Done invoking toplevel() on ptolemy.moml.MoMLSimpleApplication@286fff7e
reloadAllAccessors: .Router

===========================================================================================
----------------- testing Sun Jun 23 16:12:49 UTC 2019 /home/travis/build/icyphy/ptII/ptolemy/actor/lib/test/auto/Router2.xml
----------------- Instantiating /home/travis/build/icyphy/ptII/ptolemy/actor/lib/test/auto/Router2.xml
3003 ms. Memory: 449536K Free: 183319K (41%)
----------------- Invoking toplevel() on ptolemy.moml.MoMLSimpleApplication@5b548284
----------------- Done invoking toplevel() on ptolemy.moml.MoMLSimpleApplication@5b548284
reloadAllAccessors: .Router2

===========================================================================================
----------------- testing Sun Jun 23 16:12:52 UTC 2019 /home/travis/build/icyphy/ptII/ptolemy/actor/lib/test/auto/RunningMaximum.xml
----------------- Instantiating /home/travis/build/icyphy/ptII/ptolemy/actor/lib/test/auto/RunningMaximum.xml
2 ms. Memory: 449536K Free: 178709K (40%)
----------------- Invoking toplevel() on ptolemy.moml.MoMLSimpleApplication@4d128ed7
----------------- Done invoking toplevel() on ptolemy.moml.MoMLSimpleApplication@4d128ed7
reloadAllAccessors: .RunningMaximum

===========================================================================================
----------------- testing Sun Jun 23 16:12:52 UTC 2019 /home/travis/build/icyphy/ptII/ptolemy/actor/lib/test/auto/RunningMinimum.xml
----------------- Instantiating /home/travis/build/icyphy/ptII/ptolemy/actor/lib/test/auto/RunningMinimum.xml
9 ms. Memory: 449536K Free: 174103K (39%)
----------------- Invoking toplevel() on ptolemy.moml.MoMLSimpleApplication@73710136
----------------- Done invoking toplevel() on ptolemy.moml.MoMLSimpleApplication@73710136
reloadAllAccessors: .RunningMinimum

===========================================================================================
----------------- testing Sun Jun 23 16:12:52 UTC 2019 /home/travis/build/icyphy/ptII/ptolemy/actor/lib/test/auto/Scale.xml
----------------- Instantiating /home/travis/build/icyphy/ptII/ptolemy/actor/lib/test/auto/Scale.xml
1 ms. Memory: 449536K Free: 169493K (38%)
----------------- Invoking toplevel() on ptolemy.moml.MoMLSimpleApplication@59c099d9
----------------- Done invoking toplevel() on ptolemy.moml.MoMLSimpleApplication@59c099d9
reloadAllAccessors: .Scale

===========================================================================================
----------------- testing Sun Jun 23 16:12:52 UTC 2019 /home/travis/build/icyphy/ptII/ptolemy/actor/lib/test/auto/Scale2.xml
----------------- Instantiating /home/travis/build/icyphy/ptII/ptolemy/actor/lib/test/auto/Scale2.xml
1 ms. Memory: 449536K Free: 164887K (37%)
----------------- Invoking toplevel() on ptolemy.moml.MoMLSimpleApplication@6eebcd33
----------------- Done invoking toplevel() on ptolemy.moml.MoMLSimpleApplication@6eebcd33
reloadAllAccessors: .Scale2

===========================================================================================
----------------- testing Sun Jun 23 16:12:52 UTC 2019 /home/travis/build/icyphy/ptII/ptolemy/actor/lib/test/auto/Scale3.xml
----------------- Instantiating /home/travis/build/icyphy/ptII/ptolemy/actor/lib/test/auto/Scale3.xml
8 ms. Memory: 449536K Free: 158743K (35%)
----------------- Invoking toplevel() on ptolemy.moml.MoMLSimpleApplication@14e8e630
----------------- Done invoking toplevel() on ptolemy.moml.MoMLSimpleApplication@14e8e630
reloadAllAccessors: .Scale3

===========================================================================================
----------------- testing Sun Jun 23 16:12:52 UTC 2019 /home/travis/build/icyphy/ptII/ptolemy/actor/lib/test/auto/ScaleArray.xml
----------------- Instantiating /home/travis/build/icyphy/ptII/ptolemy/actor/lib/test/auto/ScaleArray.xml
2 ms. Memory: 449536K Free: 154133K (34%)
----------------- Invoking toplevel() on ptolemy.moml.MoMLSimpleApplication@25157d30
----------------- Done invoking toplevel() on ptolemy.moml.MoMLSimpleApplication@25157d30
reloadAllAccessors: .ScaleArray

===========================================================================================
----------------- testing Sun Jun 23 16:12:52 UTC 2019 /home/travis/build/icyphy/ptII/ptolemy/actor/lib/test/auto/ScaleArray2.xml
----------------- Instantiating /home/travis/build/icyphy/ptII/ptolemy/actor/lib/test/auto/ScaleArray2.xml
2 ms. Memory: 449536K Free: 149527K (33%)
----------------- Invoking toplevel() on ptolemy.moml.MoMLSimpleApplication@2b3ac196
----------------- Done invoking toplevel() on ptolemy.moml.MoMLSimpleApplication@2b3ac196
reloadAllAccessors: .ScaleArray2

===========================================================================================
----------------- testing Sun Jun 23 16:12:52 UTC 2019 /home/travis/build/icyphy/ptII/ptolemy/actor/lib/test/auto/ScaleMatrix.xml
----------------- Instantiating /home/travis/build/icyphy/ptII/ptolemy/actor/lib/test/auto/ScaleMatrix.xml
188 ms. Memory: 449536K Free: 400380K (89%)
----------------- Invoking toplevel() on ptolemy.moml.MoMLSimpleApplication@24a3f155
----------------- Done invoking toplevel() on ptolemy.moml.MoMLSimpleApplication@24a3f155
reloadAllAccessors: .ScaleMatrix

===========================================================================================
----------------- testing Sun Jun 23 16:12:52 UTC 2019 /home/travis/build/icyphy/ptII/ptolemy/actor/lib/test/auto/Select.xml
----------------- Instantiating /home/travis/build/icyphy/ptII/ptolemy/actor/lib/test/auto/Select.xml
2 ms. Memory: 449536K Free: 393572K (88%)
----------------- Invoking toplevel() on ptolemy.moml.MoMLSimpleApplication@7873e60f
----------------- Done invoking toplevel() on ptolemy.moml.MoMLSimpleApplication@7873e60f
reloadAllAccessors: .Select

===========================================================================================
----------------- testing Sun Jun 23 16:12:52 UTC 2019 /home/travis/build/icyphy/ptII/ptolemy/actor/lib/test/auto/Select2.xml
----------------- Instantiating /home/travis/build/icyphy/ptII/ptolemy/actor/lib/test/auto/Select2.xml
2 ms. Memory: 449536K Free: 388962K (87%)
----------------- Invoking toplevel() on ptolemy.moml.MoMLSimpleApplication@d5285e6
----------------- Done invoking toplevel() on ptolemy.moml.MoMLSimpleApplication@d5285e6
reloadAllAccessors: .Select2

===========================================================================================
----------------- testing Sun Jun 23 16:12:52 UTC 2019 /home/travis/build/icyphy/ptII/ptolemy/actor/lib/test/auto/SequenceToArray2.xml
----------------- Instantiating /home/travis/build/icyphy/ptII/ptolemy/actor/lib/test/auto/SequenceToArray2.xml
96 ms. Memory: 449536K Free: 365396K (81%)
----------------- Invoking toplevel() on ptolemy.moml.MoMLSimpleApplication@289cd427
----------------- Done invoking toplevel() on ptolemy.moml.MoMLSimpleApplication@289cd427
reloadAllAccessors: .SequenceToArray2

===========================================================================================
----------------- testing Sun Jun 23 16:12:52 UTC 2019 /home/travis/build/icyphy/ptII/ptolemy/actor/lib/test/auto/SequentialClock.xml
----------------- Instantiating /home/travis/build/icyphy/ptII/ptolemy/actor/lib/test/auto/SequentialClock.xml
2 ms. Memory: 449536K Free: 361314K (80%)
----------------- Invoking toplevel() on ptolemy.moml.MoMLSimpleApplication@4c5d1a66
----------------- Done invoking toplevel() on ptolemy.moml.MoMLSimpleApplication@4c5d1a66
reloadAllAccessors: .SequentialClock

===========================================================================================
----------------- testing Sun Jun 23 16:12:52 UTC 2019 /home/travis/build/icyphy/ptII/ptolemy/actor/lib/test/auto/SetVariable.xml
----------------- Instantiating /home/travis/build/icyphy/ptII/ptolemy/actor/lib/test/auto/SetVariable.xml
2 ms. Memory: 449536K Free: 356708K (79%)
----------------- Invoking toplevel() on ptolemy.moml.MoMLSimpleApplication@727e06e1
----------------- Done invoking toplevel() on ptolemy.moml.MoMLSimpleApplication@727e06e1
reloadAllAccessors: .SetVariable

===========================================================================================
----------------- testing Sun Jun 23 16:12:52 UTC 2019 /home/travis/build/icyphy/ptII/ptolemy/actor/lib/test/auto/SetVariable2.xml
----------------- Instantiating /home/travis/build/icyphy/ptII/ptolemy/actor/lib/test/auto/SetVariable2.xml
5 ms. Memory: 449536K Free: 351588K (78%)
----------------- Invoking toplevel() on ptolemy.moml.MoMLSimpleApplication@23c111dc
----------------- Done invoking toplevel() on ptolemy.moml.MoMLSimpleApplication@23c111dc
reloadAllAccessors: .SetVariable2

===========================================================================================
----------------- testing Sun Jun 23 16:12:52 UTC 2019 /home/travis/build/icyphy/ptII/ptolemy/actor/lib/test/auto/SetVariable3.xml
----------------- Instantiating /home/travis/build/icyphy/ptII/ptolemy/actor/lib/test/auto/SetVariable3.xml
9 ms. Memory: 449536K Free: 346468K (77%)
----------------- Invoking toplevel() on ptolemy.moml.MoMLSimpleApplication@79428b1c
----------------- Done invoking toplevel() on ptolemy.moml.MoMLSimpleApplication@79428b1c
reloadAllAccessors: .SetVariable3

===========================================================================================
----------------- testing Sun Jun 23 16:12:53 UTC 2019 /home/travis/build/icyphy/ptII/ptolemy/actor/lib/test/auto/SetVariable4.xml
----------------- Instantiating /home/travis/build/icyphy/ptII/ptolemy/actor/lib/test/auto/SetVariable4.xml
18 ms. Memory: 449536K Free: 337252K (75%)
----------------- Invoking toplevel() on ptolemy.moml.MoMLSimpleApplication@48b652f6
----------------- Done invoking toplevel() on ptolemy.moml.MoMLSimpleApplication@48b652f6
reloadAllAccessors: .SetVariable4

===========================================================================================
----------------- testing Sun Jun 23 16:12:53 UTC 2019 /home/travis/build/icyphy/ptII/ptolemy/actor/lib/test/auto/SetVariable5.xml
----------------- Instantiating /home/travis/build/icyphy/ptII/ptolemy/actor/lib/test/auto/SetVariable5.xml
19 ms. Memory: 449536K Free: 328036K (73%)
----------------- Invoking toplevel() on ptolemy.moml.MoMLSimpleApplication@5307f194
----------------- Done invoking toplevel() on ptolemy.moml.MoMLSimpleApplication@5307f194
reloadAllAccessors: .SetVariable5

===========================================================================================
----------------- testing Sun Jun 23 16:12:53 UTC 2019 /home/travis/build/icyphy/ptII/ptolemy/actor/lib/test/auto/Sinewave.xml
----------------- Instantiating /home/travis/build/icyphy/ptII/ptolemy/actor/lib/test/auto/Sinewave.xml
7 ms. Memory: 449536K Free: 316772K (70%)
----------------- Invoking toplevel() on ptolemy.moml.MoMLSimpleApplication@6a5e024a
----------------- Done invoking toplevel() on ptolemy.moml.MoMLSimpleApplication@6a5e024a
reloadAllAccessors: .Sinewave

===========================================================================================
----------------- testing Sun Jun 23 16:12:53 UTC 2019 /home/travis/build/icyphy/ptII/ptolemy/actor/lib/test/auto/Sinewave2.xml
----------------- Instantiating /home/travis/build/icyphy/ptII/ptolemy/actor/lib/test/auto/Sinewave2.xml
8 ms. Memory: 449536K Free: 308580K (69%)
----------------- Invoking toplevel() on ptolemy.moml.MoMLSimpleApplication@6184bb7d
----------------- Done invoking toplevel() on ptolemy.moml.MoMLSimpleApplication@6184bb7d
reloadAllAccessors: .Sinewave2

===========================================================================================
----------------- testing Sun Jun 23 16:12:53 UTC 2019 /home/travis/build/icyphy/ptII/ptolemy/actor/lib/test/auto/Sinewave3.xml
----------------- Instantiating /home/travis/build/icyphy/ptII/ptolemy/actor/lib/test/auto/Sinewave3.xml
9 ms. Memory: 449536K Free: 299860K (67%)
----------------- Invoking toplevel() on ptolemy.moml.MoMLSimpleApplication@634a8e81
----------------- Done invoking toplevel() on ptolemy.moml.MoMLSimpleApplication@634a8e81
reloadAllAccessors: .Sinewave3

===========================================================================================
----------------- testing Sun Jun 23 16:12:53 UTC 2019 /home/travis/build/icyphy/ptII/ptolemy/actor/lib/test/auto/SingleEvent.xml
----------------- Instantiating /home/travis/build/icyphy/ptII/ptolemy/actor/lib/test/auto/SingleEvent.xml
1 ms. Memory: 449536K Free: 295778K (66%)
----------------- Invoking toplevel() on ptolemy.moml.MoMLSimpleApplication@1ead84ad
----------------- Done invoking toplevel() on ptolemy.moml.MoMLSimpleApplication@1ead84ad
reloadAllAccessors: .SingleEvent

===========================================================================================
----------------- testing Sun Jun 23 16:12:53 UTC 2019 /home/travis/build/icyphy/ptII/ptolemy/actor/lib/test/auto/Sleep.xml
----------------- Instantiating /home/travis/build/icyphy/ptII/ptolemy/actor/lib/test/auto/Sleep.xml
6003 ms. Memory: 449536K Free: 290628K (65%)
----------------- Invoking toplevel() on ptolemy.moml.MoMLSimpleApplication@160d082
----------------- Done invoking toplevel() on ptolemy.moml.MoMLSimpleApplication@160d082
reloadAllAccessors: .Sleep

===========================================================================================
----------------- testing Sun Jun 23 16:12:59 UTC 2019 /home/travis/build/icyphy/ptII/ptolemy/actor/lib/test/auto/SleepMultipleFire.xml
----------------- Instantiating /home/travis/build/icyphy/ptII/ptolemy/actor/lib/test/auto/SleepMultipleFire.xml
1006 ms. Memory: 449536K Free: 285028K (63%)
----------------- Invoking toplevel() on ptolemy.moml.MoMLSimpleApplication@7d708472
----------------- Done invoking toplevel() on ptolemy.moml.MoMLSimpleApplication@7d708472
reloadAllAccessors: .SleepMultipleFire

===========================================================================================
----------------- testing Sun Jun 23 16:13:00 UTC 2019 /home/travis/build/icyphy/ptII/ptolemy/actor/lib/test/auto/StopDE.xml
----------------- Instantiating /home/travis/build/icyphy/ptII/ptolemy/actor/lib/test/auto/StopDE.xml
4 ms. Memory: 449536K Free: 279394K (62%)
----------------- Invoking toplevel() on ptolemy.moml.MoMLSimpleApplication@4ce94f02
----------------- Done invoking toplevel() on ptolemy.moml.MoMLSimpleApplication@4ce94f02
reloadAllAccessors: .StopDE

===========================================================================================
----------------- testing Sun Jun 23 16:13:00 UTC 2019 /home/travis/build/icyphy/ptII/ptolemy/actor/lib/test/auto/StopSDF.xml
----------------- Instantiating /home/travis/build/icyphy/ptII/ptolemy/actor/lib/test/auto/StopSDF.xml
3 ms. Memory: 449536K Free: 274274K (61%)
----------------- Invoking toplevel() on ptolemy.moml.MoMLSimpleApplication@5dd2f84d
----------------- Done invoking toplevel() on ptolemy.moml.MoMLSimpleApplication@5dd2f84d
reloadAllAccessors: .StopSDF

===========================================================================================
----------------- testing Sun Jun 23 16:13:00 UTC 2019 /home/travis/build/icyphy/ptII/ptolemy/actor/lib/test/auto/StringConstant.xml
----------------- Instantiating /home/travis/build/icyphy/ptII/ptolemy/actor/lib/test/auto/StringConstant.xml
11 ms. Memory: 449536K Free: 270178K (60%)
----------------- Invoking toplevel() on ptolemy.moml.MoMLSimpleApplication@43cbae72
----------------- Done invoking toplevel() on ptolemy.moml.MoMLSimpleApplication@43cbae72
reloadAllAccessors: .StringConstant

===========================================================================================
----------------- testing Sun Jun 23 16:13:00 UTC 2019 /home/travis/build/icyphy/ptII/ptolemy/actor/lib/test/auto/SubscriberPortInitialValues1.xml
----------------- Instantiating /home/travis/build/icyphy/ptII/ptolemy/actor/lib/test/auto/SubscriberPortInitialValues1.xml
12 ms. Memory: 449536K Free: 261476K (58%)
----------------- Invoking toplevel() on ptolemy.moml.MoMLSimpleApplication@15a7bcac
----------------- Done invoking toplevel() on ptolemy.moml.MoMLSimpleApplication@15a7bcac
reloadAllAccessors: .SubscriberPortInitialValues1

===========================================================================================
----------------- testing Sun Jun 23 16:13:00 UTC 2019 /home/travis/build/icyphy/ptII/ptolemy/actor/lib/test/auto/SubscriberPortInitialValues13.xml
----------------- Instantiating /home/travis/build/icyphy/ptII/ptolemy/actor/lib/test/auto/SubscriberPortInitialValues13.xml
6 ms. Memory: 449536K Free: 248674K (55%)
----------------- Invoking toplevel() on ptolemy.moml.MoMLSimpleApplication@d2d4203
----------------- Done invoking toplevel() on ptolemy.moml.MoMLSimpleApplication@d2d4203
reloadAllAccessors: .SubscriberPortInitialValues13

===========================================================================================
----------------- testing Sun Jun 23 16:13:00 UTC 2019 /home/travis/build/icyphy/ptII/ptolemy/actor/lib/test/auto/SubscriberPortInitialValues14.xml
----------------- Instantiating /home/travis/build/icyphy/ptII/ptolemy/actor/lib/test/auto/SubscriberPortInitialValues14.xml
4 ms. Memory: 449536K Free: 240482K (53%)
----------------- Invoking toplevel() on ptolemy.moml.MoMLSimpleApplication@6dec6d89
----------------- Done invoking toplevel() on ptolemy.moml.MoMLSimpleApplication@6dec6d89
reloadAllAccessors: .SubscriberPortInitialValues14

===========================================================================================
----------------- testing Sun Jun 23 16:13:00 UTC 2019 /home/travis/build/icyphy/ptII/ptolemy/actor/lib/test/auto/SubscriberPortInitialValues2.xml
----------------- Instantiating /home/travis/build/icyphy/ptII/ptolemy/actor/lib/test/auto/SubscriberPortInitialValues2.xml
4 ms. Memory: 449536K Free: 232804K (52%)
----------------- Invoking toplevel() on ptolemy.moml.MoMLSimpleApplication@57ed691d
----------------- Done invoking toplevel() on ptolemy.moml.MoMLSimpleApplication@57ed691d
reloadAllAccessors: .SubscriberPortInitialValues2

===========================================================================================
----------------- testing Sun Jun 23 16:13:00 UTC 2019 /home/travis/build/icyphy/ptII/ptolemy/actor/lib/test/auto/SubscriberPortInitialValues3.xml
----------------- Instantiating /home/travis/build/icyphy/ptII/ptolemy/actor/lib/test/auto/SubscriberPortInitialValues3.xml
4 ms. Memory: 449536K Free: 221540K (49%)
----------------- Invoking toplevel() on ptolemy.moml.MoMLSimpleApplication@6e091df
----------------- Done invoking toplevel() on ptolemy.moml.MoMLSimpleApplication@6e091df
reloadAllAccessors: .SubscriberPortInitialValues3

===========================================================================================
----------------- testing Sun Jun 23 16:13:00 UTC 2019 /home/travis/build/icyphy/ptII/ptolemy/actor/lib/test/auto/SubscriptionAggregator.xml
----------------- Instantiating /home/travis/build/icyphy/ptII/ptolemy/actor/lib/test/auto/SubscriptionAggregator.xml
3 ms. Memory: 449536K Free: 214372K (48%)
----------------- Invoking toplevel() on ptolemy.moml.MoMLSimpleApplication@5f9d47eb
----------------- Done invoking toplevel() on ptolemy.moml.MoMLSimpleApplication@5f9d47eb
reloadAllAccessors: .SubscriptionAggregator

===========================================================================================
----------------- testing Sun Jun 23 16:13:00 UTC 2019 /home/travis/build/icyphy/ptII/ptolemy/actor/lib/test/auto/SubscriptionAggregator2.xml
----------------- Instantiating /home/travis/build/icyphy/ptII/ptolemy/actor/lib/test/auto/SubscriptionAggregator2.xml
2 ms. Memory: 449536K Free: 207684K (46%)
----------------- Invoking toplevel() on ptolemy.moml.MoMLSimpleApplication@46f2ec00
----------------- Done invoking toplevel() on ptolemy.moml.MoMLSimpleApplication@46f2ec00
reloadAllAccessors: .SubscriptionAggregator2

===========================================================================================
----------------- testing Sun Jun 23 16:13:00 UTC 2019 /home/travis/build/icyphy/ptII/ptolemy/actor/lib/test/auto/SubscriptionAggregator3.xml
----------------- Instantiating /home/travis/build/icyphy/ptII/ptolemy/actor/lib/test/auto/SubscriptionAggregator3.xml
4 ms. Memory: 449536K Free: 198492K (44%)
----------------- Invoking toplevel() on ptolemy.moml.MoMLSimpleApplication@2e4354ab
----------------- Done invoking toplevel() on ptolemy.moml.MoMLSimpleApplication@2e4354ab
reloadAllAccessors: .SubscriptionAggregator3

===========================================================================================
----------------- testing Sun Jun 23 16:13:00 UTC 2019 /home/travis/build/icyphy/ptII/ptolemy/actor/lib/test/auto/SubscriptionAggregatorMultiply.xml
----------------- Instantiating /home/travis/build/icyphy/ptII/ptolemy/actor/lib/test/auto/SubscriptionAggregatorMultiply.xml
4 ms. Memory: 449536K Free: 190306K (42%)
----------------- Invoking toplevel() on ptolemy.moml.MoMLSimpleApplication@b7342fe
----------------- Done invoking toplevel() on ptolemy.moml.MoMLSimpleApplication@b7342fe
reloadAllAccessors: .SubscriptionAggregatorMultiply

===========================================================================================
----------------- testing Sun Jun 23 16:13:00 UTC 2019 /home/travis/build/icyphy/ptII/ptolemy/actor/lib/test/auto/SubscriptionAggregatorPortMultiply1.xml
----------------- Instantiating /home/travis/build/icyphy/ptII/ptolemy/actor/lib/test/auto/SubscriptionAggregatorPortMultiply1.xml
3 ms. Memory: 449536K Free: 182114K (41%)
----------------- Invoking toplevel() on ptolemy.moml.MoMLSimpleApplication@31df10e6
----------------- Done invoking toplevel() on ptolemy.moml.MoMLSimpleApplication@31df10e6
reloadAllAccessors: .SubscriptionAggregatorPortMultiply1

===========================================================================================
----------------- testing Sun Jun 23 16:13:00 UTC 2019 /home/travis/build/icyphy/ptII/ptolemy/actor/lib/test/auto/Switch.xml
----------------- Instantiating /home/travis/build/icyphy/ptII/ptolemy/actor/lib/test/auto/Switch.xml
7 ms. Memory: 449536K Free: 173922K (39%)
----------------- Invoking toplevel() on ptolemy.moml.MoMLSimpleApplication@6c360c5
----------------- Done invoking toplevel() on ptolemy.moml.MoMLSimpleApplication@6c360c5
reloadAllAccessors: .Switch

===========================================================================================
----------------- testing Sun Jun 23 16:13:00 UTC 2019 /home/travis/build/icyphy/ptII/ptolemy/actor/lib/test/auto/Switch2.xml
----------------- Instantiating /home/travis/build/icyphy/ptII/ptolemy/actor/lib/test/auto/Switch2.xml
2 ms. Memory: 449536K Free: 169316K (38%)
----------------- Invoking toplevel() on ptolemy.moml.MoMLSimpleApplication@1d216135
----------------- Done invoking toplevel() on ptolemy.moml.MoMLSimpleApplication@1d216135
reloadAllAccessors: .Switch2

===========================================================================================
----------------- testing Sun Jun 23 16:13:00 UTC 2019 /home/travis/build/icyphy/ptII/ptolemy/actor/lib/test/auto/SwitchDE.xml
----------------- Instantiating /home/travis/build/icyphy/ptII/ptolemy/actor/lib/test/auto/SwitchDE.xml
3 ms. Memory: 449536K Free: 163172K (36%)
----------------- Invoking toplevel() on ptolemy.moml.MoMLSimpleApplication@2c335507
----------------- Done invoking toplevel() on ptolemy.moml.MoMLSimpleApplication@2c335507
reloadAllAccessors: .SwitchDE

===========================================================================================
----------------- testing Sun Jun 23 16:13:00 UTC 2019 /home/travis/build/icyphy/ptII/ptolemy/actor/lib/test/auto/SynchronizerDE.xml
----------------- Instantiating /home/travis/build/icyphy/ptII/ptolemy/actor/lib/test/auto/SynchronizerDE.xml
9 ms. Memory: 449536K Free: 154980K (34%)
----------------- Invoking toplevel() on ptolemy.moml.MoMLSimpleApplication@2171e92
----------------- Done invoking toplevel() on ptolemy.moml.MoMLSimpleApplication@2171e92
reloadAllAccessors: .SynchronizerDE

===========================================================================================
----------------- testing Sun Jun 23 16:13:00 UTC 2019 /home/travis/build/icyphy/ptII/ptolemy/actor/lib/test/auto/Test.xml
----------------- Instantiating /home/travis/build/icyphy/ptII/ptolemy/actor/lib/test/auto/Test.xml
4 ms. Memory: 449536K Free: 149860K (33%)
----------------- Invoking toplevel() on ptolemy.moml.MoMLSimpleApplication@13ebf1da
----------------- Done invoking toplevel() on ptolemy.moml.MoMLSimpleApplication@13ebf1da
reloadAllAccessors: .Test

===========================================================================================
----------------- testing Sun Jun 23 16:13:00 UTC 2019 /home/travis/build/icyphy/ptII/ptolemy/actor/lib/test/auto/TestExceptionAttribute1.xml
----------------- Instantiating /home/travis/build/icyphy/ptII/ptolemy/actor/lib/test/auto/TestExceptionAttribute1.xml
2 ms. Memory: 449536K Free: 146274K (33%)
----------------- Invoking toplevel() on ptolemy.moml.MoMLSimpleApplication@301a51e1
----------------- Done invoking toplevel() on ptolemy.moml.MoMLSimpleApplication@301a51e1
reloadAllAccessors: .TestExceptionAttribute1

===========================================================================================
----------------- testing Sun Jun 23 16:13:00 UTC 2019 /home/travis/build/icyphy/ptII/ptolemy/actor/lib/test/auto/TestExceptionAttribute2.xml
----------------- Instantiating /home/travis/build/icyphy/ptII/ptolemy/actor/lib/test/auto/TestExceptionAttribute2.xml
2 ms. Memory: 449536K Free: 142692K (32%)
----------------- Invoking toplevel() on ptolemy.moml.MoMLSimpleApplication@74b3d25e
----------------- Done invoking toplevel() on ptolemy.moml.MoMLSimpleApplication@74b3d25e
reloadAllAccessors: .TestExceptionAttribute2

===========================================================================================
----------------- testing Sun Jun 23 16:13:00 UTC 2019 /home/travis/build/icyphy/ptII/ptolemy/actor/lib/test/auto/TestExceptionAttribute3.xml
----------------- Instantiating /home/travis/build/icyphy/ptII/ptolemy/actor/lib/test/auto/TestExceptionAttribute3.xml
.TestExceptionAttribute3.TestExceptionAttribute: initialize() was not invoked, but wrapup() was.  This is unusual, but not always a problem.  For example, exporting JNLP will do this.
0 ms. Memory: 449536K Free: 139106K (31%)
----------------- Invoking toplevel() on ptolemy.moml.MoMLSimpleApplication@198e7b78
----------------- Done invoking toplevel() on ptolemy.moml.MoMLSimpleApplication@198e7b78
reloadAllAccessors: .TestExceptionAttribute3

===========================================================================================
----------------- testing Sun Jun 23 16:13:00 UTC 2019 /home/travis/build/icyphy/ptII/ptolemy/actor/lib/test/auto/TestExceptionAttribute4.xml
----------------- Instantiating /home/travis/build/icyphy/ptII/ptolemy/actor/lib/test/auto/TestExceptionAttribute4.xml
.TestExceptionAttribute4.TestExceptionAttribute: initialize() was not invoked, but wrapup() was.  This is unusual, but not always a problem.  For example, exporting JNLP will do this.
.TestExceptionAttribute4.TestExceptionAttribute2: initialize() was not invoked, but wrapup() was.  This is unusual, but not always a problem.  For example, exporting JNLP will do this.
0 ms. Memory: 449536K Free: 135010K (30%)
----------------- Invoking toplevel() on ptolemy.moml.MoMLSimpleApplication@679f3195
----------------- Done invoking toplevel() on ptolemy.moml.MoMLSimpleApplication@679f3195
reloadAllAccessors: .TestExceptionAttribute4

===========================================================================================
----------------- testing Sun Jun 23 16:13:00 UTC 2019 /home/travis/build/icyphy/ptII/ptolemy/actor/lib/test/auto/TestExceptionHandler1.xml
----------------- Instantiating /home/travis/build/icyphy/ptII/ptolemy/actor/lib/test/auto/TestExceptionHandler1.xml
2 ms. Memory: 449536K Free: 396302K (88%)
----------------- Invoking toplevel() on ptolemy.moml.MoMLSimpleApplication@70c3be8
----------------- Done invoking toplevel() on ptolemy.moml.MoMLSimpleApplication@70c3be8
reloadAllAccessors: .TestExceptionHandler1

===========================================================================================
----------------- testing Sun Jun 23 16:13:00 UTC 2019 /home/travis/build/icyphy/ptII/ptolemy/actor/lib/test/auto/TestExceptionHandler2.xml
----------------- Instantiating /home/travis/build/icyphy/ptII/ptolemy/actor/lib/test/auto/TestExceptionHandler2.xml
2 ms. Memory: 449536K Free: 392716K (87%)
----------------- Invoking toplevel() on ptolemy.moml.MoMLSimpleApplication@c682bb4
----------------- Done invoking toplevel() on ptolemy.moml.MoMLSimpleApplication@c682bb4
reloadAllAccessors: .TestExceptionHandler2

===========================================================================================
----------------- testing Sun Jun 23 16:13:00 UTC 2019 /home/travis/build/icyphy/ptII/ptolemy/actor/lib/test/auto/TestExceptionHandler3.xml
----------------- Instantiating /home/travis/build/icyphy/ptII/ptolemy/actor/lib/test/auto/TestExceptionHandler3.xml
1 ms. Memory: 449536K Free: 388620K (86%)
----------------- Invoking toplevel() on ptolemy.moml.MoMLSimpleApplication@2cf3fc66
----------------- Done invoking toplevel() on ptolemy.moml.MoMLSimpleApplication@2cf3fc66
reloadAllAccessors: .TestExceptionHandler3

===========================================================================================
----------------- testing Sun Jun 23 16:13:00 UTC 2019 /home/travis/build/icyphy/ptII/ptolemy/actor/lib/test/auto/TestExceptionHandler4.xml
----------------- Instantiating /home/travis/build/icyphy/ptII/ptolemy/actor/lib/test/auto/TestExceptionHandler4.xml
0 ms. Memory: 449536K Free: 384524K (86%)
----------------- Invoking toplevel() on ptolemy.moml.MoMLSimpleApplication@9c0777c
----------------- Done invoking toplevel() on ptolemy.moml.MoMLSimpleApplication@9c0777c
reloadAllAccessors: .TestExceptionHandler4

===========================================================================================
----------------- testing Sun Jun 23 16:13:00 UTC 2019 /home/travis/build/icyphy/ptII/ptolemy/actor/lib/test/auto/TestRequireCorrectOrder.xml
----------------- Instantiating /home/travis/build/icyphy/ptII/ptolemy/actor/lib/test/auto/TestRequireCorrectOrder.xml
2 ms. Memory: 449536K Free: 379374K (84%)
----------------- Invoking toplevel() on ptolemy.moml.MoMLSimpleApplication@57e1f963
----------------- Done invoking toplevel() on ptolemy.moml.MoMLSimpleApplication@57e1f963
reloadAllAccessors: .TestRequireCorrectOrder

===========================================================================================
----------------- testing Sun Jun 23 16:13:00 UTC 2019 /home/travis/build/icyphy/ptII/ptolemy/actor/lib/test/auto/TestSimple.xml
----------------- Instantiating /home/travis/build/icyphy/ptII/ptolemy/actor/lib/test/auto/TestSimple.xml
6 ms. Memory: 449536K Free: 374798K (83%)
----------------- Invoking toplevel() on ptolemy.moml.MoMLSimpleApplication@c3bcb45
----------------- Done invoking toplevel() on ptolemy.moml.MoMLSimpleApplication@c3bcb45
reloadAllAccessors: .TestSimple

===========================================================================================
----------------- testing Sun Jun 23 16:13:00 UTC 2019 /home/travis/build/icyphy/ptII/ptolemy/actor/lib/test/auto/ThrowModelError.xml
----------------- Instantiating /home/travis/build/icyphy/ptII/ptolemy/actor/lib/test/auto/ThrowModelError.xml
1 ms. Memory: 449536K Free: 370188K (82%)
----------------- Invoking toplevel() on ptolemy.moml.MoMLSimpleApplication@31949a88
----------------- Done invoking toplevel() on ptolemy.moml.MoMLSimpleApplication@31949a88
reloadAllAccessors: .ThrowModelError

===========================================================================================
----------------- testing Sun Jun 23 16:13:00 UTC 2019 /home/travis/build/icyphy/ptII/ptolemy/actor/lib/test/auto/TimeDelayMicrosteps.xml
----------------- Instantiating /home/travis/build/icyphy/ptII/ptolemy/actor/lib/test/auto/TimeDelayMicrosteps.xml
3 ms. Memory: 449536K Free: 363534K (81%)
----------------- Invoking toplevel() on ptolemy.moml.MoMLSimpleApplication@20604579
----------------- Done invoking toplevel() on ptolemy.moml.MoMLSimpleApplication@20604579
reloadAllAccessors: .TimeDelayMicrosteps

===========================================================================================
----------------- testing Sun Jun 23 16:13:00 UTC 2019 /home/travis/build/icyphy/ptII/ptolemy/actor/lib/test/auto/TimeDelayMicrosteps2.xml
----------------- Instantiating /home/travis/build/icyphy/ptII/ptolemy/actor/lib/test/auto/TimeDelayMicrosteps2.xml
3 ms. Memory: 449536K Free: 356366K (79%)
----------------- Invoking toplevel() on ptolemy.moml.MoMLSimpleApplication@142ec55d
----------------- Done invoking toplevel() on ptolemy.moml.MoMLSimpleApplication@142ec55d
reloadAllAccessors: .TimeDelayMicrosteps2

===========================================================================================
----------------- testing Sun Jun 23 16:13:00 UTC 2019 /home/travis/build/icyphy/ptII/ptolemy/actor/lib/test/auto/TimeDelayMicrosteps3.xml
----------------- Instantiating /home/travis/build/icyphy/ptII/ptolemy/actor/lib/test/auto/TimeDelayMicrosteps3.xml
2 ms. Memory: 449536K Free: 349694K (78%)
----------------- Invoking toplevel() on ptolemy.moml.MoMLSimpleApplication@1feed2b2
----------------- Done invoking toplevel() on ptolemy.moml.MoMLSimpleApplication@1feed2b2
reloadAllAccessors: .TimeDelayMicrosteps3

===========================================================================================
----------------- testing Sun Jun 23 16:13:00 UTC 2019 /home/travis/build/icyphy/ptII/ptolemy/actor/lib/test/auto/TimeDelayVariableMicrosteps.xml
----------------- Instantiating /home/travis/build/icyphy/ptII/ptolemy/actor/lib/test/auto/TimeDelayVariableMicrosteps.xml
4 ms. Memory: 449536K Free: 343052K (76%)
----------------- Invoking toplevel() on ptolemy.moml.MoMLSimpleApplication@287eafd9
----------------- Done invoking toplevel() on ptolemy.moml.MoMLSimpleApplication@287eafd9
reloadAllAccessors: .TimeDelayVariableMicrosteps

===========================================================================================
----------------- testing Sun Jun 23 16:13:00 UTC 2019 /home/travis/build/icyphy/ptII/ptolemy/actor/lib/test/auto/TimeGap.xml
----------------- Instantiating /home/travis/build/icyphy/ptII/ptolemy/actor/lib/test/auto/TimeGap.xml
4 ms. Memory: 449536K Free: 337390K (75%)
----------------- Invoking toplevel() on ptolemy.moml.MoMLSimpleApplication@5aed8f3e
----------------- Done invoking toplevel() on ptolemy.moml.MoMLSimpleApplication@5aed8f3e
reloadAllAccessors: .TimeGap

===========================================================================================
----------------- testing Sun Jun 23 16:13:00 UTC 2019 /home/travis/build/icyphy/ptII/ptolemy/actor/lib/test/auto/TimeGap2.xml
----------------- Instantiating /home/travis/build/icyphy/ptII/ptolemy/actor/lib/test/auto/TimeGap2.xml
3 ms. Memory: 449536K Free: 331790K (74%)
----------------- Invoking toplevel() on ptolemy.moml.MoMLSimpleApplication@60a0b0a4
----------------- Done invoking toplevel() on ptolemy.moml.MoMLSimpleApplication@60a0b0a4
reloadAllAccessors: .TimeGap2

===========================================================================================
----------------- testing Sun Jun 23 16:13:00 UTC 2019 /home/travis/build/icyphy/ptII/ptolemy/actor/lib/test/auto/TimedSinewave.xml
----------------- Instantiating /home/travis/build/icyphy/ptII/ptolemy/actor/lib/test/auto/TimedSinewave.xml
25 ms. Memory: 449536K Free: 317964K (71%)
----------------- Invoking toplevel() on ptolemy.moml.MoMLSimpleApplication@4cb0cc48
----------------- Done invoking toplevel() on ptolemy.moml.MoMLSimpleApplication@4cb0cc48
reloadAllAccessors: .TimedSinewave

===========================================================================================
----------------- testing Sun Jun 23 16:13:01 UTC 2019 /home/travis/build/icyphy/ptII/ptolemy/actor/lib/test/auto/TimedSinewavePhase.xml
----------------- Instantiating /home/travis/build/icyphy/ptII/ptolemy/actor/lib/test/auto/TimedSinewavePhase.xml
10 ms. Memory: 449536K Free: 308238K (69%)
----------------- Invoking toplevel() on ptolemy.moml.MoMLSimpleApplication@175c0fae
----------------- Done invoking toplevel() on ptolemy.moml.MoMLSimpleApplication@175c0fae
reloadAllAccessors: .TimedSinewavePhase

===========================================================================================
----------------- testing Sun Jun 23 16:13:01 UTC 2019 /home/travis/build/icyphy/ptII/ptolemy/actor/lib/test/auto/Timer.xml
----------------- Instantiating /home/travis/build/icyphy/ptII/ptolemy/actor/lib/test/auto/Timer.xml
2 ms. Memory: 449536K Free: 302590K (67%)
----------------- Invoking toplevel() on ptolemy.moml.MoMLSimpleApplication@33551b4f
----------------- Done invoking toplevel() on ptolemy.moml.MoMLSimpleApplication@33551b4f
reloadAllAccessors: .Timer

===========================================================================================
----------------- testing Sun Jun 23 16:13:01 UTC 2019 /home/travis/build/icyphy/ptII/ptolemy/actor/lib/test/auto/TriangularDistTestModel.xml
----------------- Instantiating /home/travis/build/icyphy/ptII/ptolemy/actor/lib/test/auto/TriangularDistTestModel.xml
2 ms. Memory: 449536K Free: 296974K (66%)
----------------- Invoking toplevel() on ptolemy.moml.MoMLSimpleApplication@817db54
----------------- Done invoking toplevel() on ptolemy.moml.MoMLSimpleApplication@817db54
reloadAllAccessors: .TriangularDistTestModel

===========================================================================================
----------------- testing Sun Jun 23 16:13:01 UTC 2019 /home/travis/build/icyphy/ptII/ptolemy/actor/lib/test/auto/TrigFunction.xml
----------------- Instantiating /home/travis/build/icyphy/ptII/ptolemy/actor/lib/test/auto/TrigFunction.xml
1 ms. Memory: 449536K Free: 292364K (65%)
----------------- Invoking toplevel() on ptolemy.moml.MoMLSimpleApplication@215319f8
----------------- Done invoking toplevel() on ptolemy.moml.MoMLSimpleApplication@215319f8
reloadAllAccessors: .TrigFunction

===========================================================================================
----------------- testing Sun Jun 23 16:13:01 UTC 2019 /home/travis/build/icyphy/ptII/ptolemy/actor/lib/test/auto/TrigFunctionDE.xml
----------------- Instantiating /home/travis/build/icyphy/ptII/ptolemy/actor/lib/test/auto/TrigFunctionDE.xml
2 ms. Memory: 449536K Free: 286734K (64%)
----------------- Invoking toplevel() on ptolemy.moml.MoMLSimpleApplication@2197b586
----------------- Done invoking toplevel() on ptolemy.moml.MoMLSimpleApplication@2197b586
reloadAllAccessors: .TrigFunctionDE

===========================================================================================
----------------- testing Sun Jun 23 16:13:01 UTC 2019 /home/travis/build/icyphy/ptII/ptolemy/actor/lib/test/auto/TrigFunctionInverse.xml
----------------- Instantiating /home/travis/build/icyphy/ptII/ptolemy/actor/lib/test/auto/TrigFunctionInverse.xml
3 ms. Memory: 449536K Free: 281100K (63%)
----------------- Invoking toplevel() on ptolemy.moml.MoMLSimpleApplication@40fd8d12
----------------- Done invoking toplevel() on ptolemy.moml.MoMLSimpleApplication@40fd8d12
reloadAllAccessors: .TrigFunctionInverse

===========================================================================================
----------------- testing Sun Jun 23 16:13:01 UTC 2019 /home/travis/build/icyphy/ptII/ptolemy/actor/lib/test/auto/TrigFunctionTan.xml
----------------- Instantiating /home/travis/build/icyphy/ptII/ptolemy/actor/lib/test/auto/TrigFunctionTan.xml
2 ms. Memory: 449536K Free: 277004K (62%)
----------------- Invoking toplevel() on ptolemy.moml.MoMLSimpleApplication@67f1973e
----------------- Done invoking toplevel() on ptolemy.moml.MoMLSimpleApplication@67f1973e
reloadAllAccessors: .TrigFunctionTan

===========================================================================================
----------------- testing Sun Jun 23 16:13:01 UTC 2019 /home/travis/build/icyphy/ptII/ptolemy/actor/lib/test/auto/TriggeredClock.xml
----------------- Instantiating /home/travis/build/icyphy/ptII/ptolemy/actor/lib/test/auto/TriggeredClock.xml
1 ms. Memory: 449536K Free: 271854K (60%)
----------------- Invoking toplevel() on ptolemy.moml.MoMLSimpleApplication@264dde70
----------------- Done invoking toplevel() on ptolemy.moml.MoMLSimpleApplication@264dde70
reloadAllAccessors: .TriggeredClock

===========================================================================================
----------------- testing Sun Jun 23 16:13:01 UTC 2019 /home/travis/build/icyphy/ptII/ptolemy/actor/lib/test/auto/URLDirectoryReader.xml
----------------- Instantiating /home/travis/build/icyphy/ptII/ptolemy/actor/lib/test/auto/URLDirectoryReader.xml
40 ms. Memory: 449536K Free: 262668K (58%)
----------------- Invoking toplevel() on ptolemy.moml.MoMLSimpleApplication@3af3ab22
----------------- Done invoking toplevel() on ptolemy.moml.MoMLSimpleApplication@3af3ab22
reloadAllAccessors: .URLDirectoryReader

===========================================================================================
----------------- testing Sun Jun 23 16:13:01 UTC 2019 /home/travis/build/icyphy/ptII/ptolemy/actor/lib/test/auto/URLDirectoryReader3.xml
----------------- Instantiating /home/travis/build/icyphy/ptII/ptolemy/actor/lib/test/auto/URLDirectoryReader3.xml
1130 ms. Memory: 449536K Free: 391135K (87%)
----------------- Invoking toplevel() on ptolemy.moml.MoMLSimpleApplication@41d2d34c
----------------- Done invoking toplevel() on ptolemy.moml.MoMLSimpleApplication@41d2d34c
reloadAllAccessors: .URLDirectoryReader3

===========================================================================================
----------------- testing Sun Jun 23 16:13:02 UTC 2019 /home/travis/build/icyphy/ptII/ptolemy/actor/lib/test/auto/UnaryMathFunction.xml
----------------- Instantiating /home/travis/build/icyphy/ptII/ptolemy/actor/lib/test/auto/UnaryMathFunction.xml
2 ms. Memory: 449536K Free: 383383K (85%)
----------------- Invoking toplevel() on ptolemy.moml.MoMLSimpleApplication@33cb8caa
----------------- Done invoking toplevel() on ptolemy.moml.MoMLSimpleApplication@33cb8caa
reloadAllAccessors: .UnaryMathFunction

===========================================================================================
----------------- testing Sun Jun 23 16:13:02 UTC 2019 /home/travis/build/icyphy/ptII/ptolemy/actor/lib/test/auto/Uniform.xml
----------------- Instantiating /home/travis/build/icyphy/ptII/ptolemy/actor/lib/test/auto/Uniform.xml
1 ms. Memory: 449536K Free: 378777K (84%)
----------------- Invoking toplevel() on ptolemy.moml.MoMLSimpleApplication@2cd4892
----------------- Done invoking toplevel() on ptolemy.moml.MoMLSimpleApplication@2cd4892
reloadAllAccessors: .Uniform

===========================================================================================
----------------- testing Sun Jun 23 16:13:02 UTC 2019 /home/travis/build/icyphy/ptII/ptolemy/actor/lib/test/auto/UnionDisassemblerTest.xml
----------------- Instantiating /home/travis/build/icyphy/ptII/ptolemy/actor/lib/test/auto/UnionDisassemblerTest.xml
19 ms. Memory: 449536K Free: 375185K (83%)
----------------- Invoking toplevel() on ptolemy.moml.MoMLSimpleApplication@17c607b3
----------------- Done invoking toplevel() on ptolemy.moml.MoMLSimpleApplication@17c607b3
reloadAllAccessors: .UnionDisassemblerTest

===========================================================================================
----------------- testing Sun Jun 23 16:13:02 UTC 2019 /home/travis/build/icyphy/ptII/ptolemy/actor/lib/test/auto/UtilityFunctions.xml
----------------- Instantiating /home/travis/build/icyphy/ptII/ptolemy/actor/lib/test/auto/UtilityFunctions.xml
1 ms. Memory: 449536K Free: 371095K (83%)
----------------- Invoking toplevel() on ptolemy.moml.MoMLSimpleApplication@7465c3fc
----------------- Done invoking toplevel() on ptolemy.moml.MoMLSimpleApplication@7465c3fc
reloadAllAccessors: .UtilityFunctions

===========================================================================================
----------------- testing Sun Jun 23 16:13:02 UTC 2019 /home/travis/build/icyphy/ptII/ptolemy/actor/lib/test/auto/VariableSleep.xml
----------------- Instantiating /home/travis/build/icyphy/ptII/ptolemy/actor/lib/test/auto/VariableSleep.xml
504 ms. Memory: 449536K Free: 365975K (81%)
----------------- Invoking toplevel() on ptolemy.moml.MoMLSimpleApplication@66b4544f
----------------- Done invoking toplevel() on ptolemy.moml.MoMLSimpleApplication@66b4544f
reloadAllAccessors: .VariableSleep

===========================================================================================
----------------- testing Sun Jun 23 16:13:03 UTC 2019 /home/travis/build/icyphy/ptII/ptolemy/actor/lib/test/auto/VectorAssemblerDisassemblerCT.xml
----------------- Instantiating /home/travis/build/icyphy/ptII/ptolemy/actor/lib/test/auto/VectorAssemblerDisassemblerCT.xml
67 ms. Memory: 449536K Free: 345495K (77%)
----------------- Invoking toplevel() on ptolemy.moml.MoMLSimpleApplication@3fad7573
----------------- Done invoking toplevel() on ptolemy.moml.MoMLSimpleApplication@3fad7573
reloadAllAccessors: .VectorAssemblerDisassemblerCT

===========================================================================================
----------------- testing Sun Jun 23 16:13:03 UTC 2019 /home/travis/build/icyphy/ptII/ptolemy/actor/lib/test/auto/VectorAssemblerDisassemblerDE.xml
----------------- Instantiating /home/travis/build/icyphy/ptII/ptolemy/actor/lib/test/auto/VectorAssemblerDisassemblerDE.xml
3 ms. Memory: 449536K Free: 338327K (75%)
----------------- Invoking toplevel() on ptolemy.moml.MoMLSimpleApplication@60a26a34
----------------- Done invoking toplevel() on ptolemy.moml.MoMLSimpleApplication@60a26a34
reloadAllAccessors: .VectorAssemblerDisassemblerDE

===========================================================================================
----------------- testing Sun Jun 23 16:13:03 UTC 2019 /home/travis/build/icyphy/ptII/ptolemy/actor/lib/test/auto/VectorAssemblerDisassemblerSDF.xml
----------------- Instantiating /home/travis/build/icyphy/ptII/ptolemy/actor/lib/test/auto/VectorAssemblerDisassemblerSDF.xml
3 ms. Memory: 449536K Free: 331673K (74%)
----------------- Invoking toplevel() on ptolemy.moml.MoMLSimpleApplication@53456164
----------------- Done invoking toplevel() on ptolemy.moml.MoMLSimpleApplication@53456164
reloadAllAccessors: .VectorAssemblerDisassemblerSDF

===========================================================================================
----------------- testing Sun Jun 23 16:13:03 UTC 2019 /home/travis/build/icyphy/ptII/ptolemy/actor/lib/test/auto/WallClockTime.xml
----------------- Instantiating /home/travis/build/icyphy/ptII/ptolemy/actor/lib/test/auto/WallClockTime.xml
1004 ms. Memory: 449536K Free: 326553K (73%)
----------------- Invoking toplevel() on ptolemy.moml.MoMLSimpleApplication@132dcb34
----------------- Done invoking toplevel() on ptolemy.moml.MoMLSimpleApplication@132dcb34
reloadAllAccessors: .WallClockTime

===========================================================================================
----------------- testing Sun Jun 23 16:13:04 UTC 2019 /home/travis/build/icyphy/ptII/ptolemy/actor/lib/test/auto/WidthTestWithSubscriberPublisher.xml
----------------- Instantiating /home/travis/build/icyphy/ptII/ptolemy/actor/lib/test/auto/WidthTestWithSubscriberPublisher.xml
7 ms. Memory: 449536K Free: 309145K (69%)
----------------- Invoking toplevel() on ptolemy.moml.MoMLSimpleApplication@385b98ef
----------------- Done invoking toplevel() on ptolemy.moml.MoMLSimpleApplication@385b98ef
reloadAllAccessors: .WidthTestWithSubscriberPublisher

===========================================================================================
----------------- testing Sun Jun 23 16:13:04 UTC 2019 /home/travis/build/icyphy/ptII/ptolemy/actor/lib/test/auto/WidthTestWithSubscriberPublisher2.xml
----------------- Instantiating /home/travis/build/icyphy/ptII/ptolemy/actor/lib/test/auto/WidthTestWithSubscriberPublisher2.xml
2 ms. Memory: 449536K Free: 302487K (67%)
----------------- Invoking toplevel() on ptolemy.moml.MoMLSimpleApplication@282becb6
----------------- Done invoking toplevel() on ptolemy.moml.MoMLSimpleApplication@282becb6
reloadAllAccessors: .WidthTestWithSubscriberPublisher2

===========================================================================================
----------------- testing Sun Jun 23 16:13:04 UTC 2019 /home/travis/build/icyphy/ptII/ptolemy/actor/lib/test/auto/WidthTestWithSubscriberPublisher3.xml
----------------- Instantiating /home/travis/build/icyphy/ptII/ptolemy/actor/lib/test/auto/WidthTestWithSubscriberPublisher3.xml
2 ms. Memory: 449536K Free: 296857K (66%)
----------------- Invoking toplevel() on ptolemy.moml.MoMLSimpleApplication@326f7725
----------------- Done invoking toplevel() on ptolemy.moml.MoMLSimpleApplication@326f7725
reloadAllAccessors: .WidthTestWithSubscriberPublisher3

===========================================================================================
----------------- testing Sun Jun 23 16:13:04 UTC 2019 /home/travis/build/icyphy/ptII/ptolemy/actor/lib/test/auto/Writer.xml
----------------- Instantiating /home/travis/build/icyphy/ptII/ptolemy/actor/lib/test/auto/Writer.xml
0
1
2
3
4
1 ms. Memory: 449536K Free: 292761K (65%)
----------------- Invoking toplevel() on ptolemy.moml.MoMLSimpleApplication@5f4cad48
----------------- Done invoking toplevel() on ptolemy.moml.MoMLSimpleApplication@5f4cad48
reloadAllAccessors: .Writer

===========================================================================================
----------------- testing Sun Jun 23 16:13:04 UTC 2019 /home/travis/build/icyphy/ptII/ptolemy/actor/lib/test/auto/array.xml
----------------- Instantiating /home/travis/build/icyphy/ptII/ptolemy/actor/lib/test/auto/array.xml
2 ms. Memory: 449536K Free: 288151K (64%)
----------------- Invoking toplevel() on ptolemy.moml.MoMLSimpleApplication@2820dc3c
----------------- Done invoking toplevel() on ptolemy.moml.MoMLSimpleApplication@2820dc3c
reloadAllAccessors: .array

===========================================================================================
----------------- testing Sun Jun 23 16:13:04 UTC 2019 /home/travis/build/icyphy/ptII/ptolemy/actor/lib/test/auto/array2.xml
----------------- Instantiating /home/travis/build/icyphy/ptII/ptolemy/actor/lib/test/auto/array2.xml
11 ms. Memory: 449536K Free: 283017K (63%)
----------------- Invoking toplevel() on ptolemy.moml.MoMLSimpleApplication@619ea04f
----------------- Done invoking toplevel() on ptolemy.moml.MoMLSimpleApplication@619ea04f
reloadAllAccessors: .array2

===========================================================================================
----------------- testing Sun Jun 23 16:13:04 UTC 2019 /home/travis/build/icyphy/ptII/ptolemy/actor/lib/test/auto/arrayType.xml
----------------- Instantiating /home/travis/build/icyphy/ptII/ptolemy/actor/lib/test/auto/arrayType.xml
1 ms. Memory: 449536K Free: 277401K (62%)
----------------- Invoking toplevel() on ptolemy.moml.MoMLSimpleApplication@56971b2b
----------------- Done invoking toplevel() on ptolemy.moml.MoMLSimpleApplication@56971b2b
reloadAllAccessors: .arrayType

===========================================================================================
----------------- testing Sun Jun 23 16:13:04 UTC 2019 /home/travis/build/icyphy/ptII/ptolemy/actor/lib/test/auto/arrayType10.xml
----------------- Instantiating /home/travis/build/icyphy/ptII/ptolemy/actor/lib/test/auto/arrayType10.xml
2 ms. Memory: 449536K Free: 272791K (61%)
----------------- Invoking toplevel() on ptolemy.moml.MoMLSimpleApplication@2bf18dd8
----------------- Done invoking toplevel() on ptolemy.moml.MoMLSimpleApplication@2bf18dd8
reloadAllAccessors: .arrayType10

===========================================================================================
----------------- testing Sun Jun 23 16:13:04 UTC 2019 /home/travis/build/icyphy/ptII/ptolemy/actor/lib/test/auto/arrayType11.xml
----------------- Instantiating /home/travis/build/icyphy/ptII/ptolemy/actor/lib/test/auto/arrayType11.xml
2 ms. Memory: 449536K Free: 268185K (60%)
----------------- Invoking toplevel() on ptolemy.moml.MoMLSimpleApplication@42dcaba1
----------------- Done invoking toplevel() on ptolemy.moml.MoMLSimpleApplication@42dcaba1
reloadAllAccessors: .arrayType11

===========================================================================================
----------------- testing Sun Jun 23 16:13:04 UTC 2019 /home/travis/build/icyphy/ptII/ptolemy/actor/lib/test/auto/arrayType12.xml
----------------- Instantiating /home/travis/build/icyphy/ptII/ptolemy/actor/lib/test/auto/arrayType12.xml
2 ms. Memory: 449536K Free: 263575K (59%)
----------------- Invoking toplevel() on ptolemy.moml.MoMLSimpleApplication@599a4e90
----------------- Done invoking toplevel() on ptolemy.moml.MoMLSimpleApplication@599a4e90
reloadAllAccessors: .arrayType12

===========================================================================================
----------------- testing Sun Jun 23 16:13:04 UTC 2019 /home/travis/build/icyphy/ptII/ptolemy/actor/lib/test/auto/arrayType13.xml
----------------- Instantiating /home/travis/build/icyphy/ptII/ptolemy/actor/lib/test/auto/arrayType13.xml
2 ms. Memory: 449536K Free: 258441K (57%)
----------------- Invoking toplevel() on ptolemy.moml.MoMLSimpleApplication@28b5cbf3
----------------- Done invoking toplevel() on ptolemy.moml.MoMLSimpleApplication@28b5cbf3
reloadAllAccessors: .arrayType13

===========================================================================================
----------------- testing Sun Jun 23 16:13:04 UTC 2019 /home/travis/build/icyphy/ptII/ptolemy/actor/lib/test/auto/arrayType14.xml
----------------- Instantiating /home/travis/build/icyphy/ptII/ptolemy/actor/lib/test/auto/arrayType14.xml
3 ms. Memory: 449536K Free: 252825K (56%)
----------------- Invoking toplevel() on ptolemy.moml.MoMLSimpleApplication@4b4b74c9
----------------- Done invoking toplevel() on ptolemy.moml.MoMLSimpleApplication@4b4b74c9
reloadAllAccessors: .arrayType14

===========================================================================================
----------------- testing Sun Jun 23 16:13:04 UTC 2019 /home/travis/build/icyphy/ptII/ptolemy/actor/lib/test/auto/arrayType15.xml
----------------- Instantiating /home/travis/build/icyphy/ptII/ptolemy/actor/lib/test/auto/arrayType15.xml
2 ms. Memory: 449536K Free: 247705K (55%)
----------------- Invoking toplevel() on ptolemy.moml.MoMLSimpleApplication@1cbc8a44
----------------- Done invoking toplevel() on ptolemy.moml.MoMLSimpleApplication@1cbc8a44
reloadAllAccessors: .arrayType15

===========================================================================================
----------------- testing Sun Jun 23 16:13:04 UTC 2019 /home/travis/build/icyphy/ptII/ptolemy/actor/lib/test/auto/arrayType16.xml
----------------- Instantiating /home/travis/build/icyphy/ptII/ptolemy/actor/lib/test/auto/arrayType16.xml
2 ms. Memory: 449536K Free: 242585K (54%)
----------------- Invoking toplevel() on ptolemy.moml.MoMLSimpleApplication@449319f3
----------------- Done invoking toplevel() on ptolemy.moml.MoMLSimpleApplication@449319f3
reloadAllAccessors: .arrayType16

===========================================================================================
----------------- testing Sun Jun 23 16:13:04 UTC 2019 /home/travis/build/icyphy/ptII/ptolemy/actor/lib/test/auto/arrayType17.xml
----------------- Instantiating /home/travis/build/icyphy/ptII/ptolemy/actor/lib/test/auto/arrayType17.xml
2 ms. Memory: 449536K Free: 237465K (53%)
----------------- Invoking toplevel() on ptolemy.moml.MoMLSimpleApplication@1b11f506
----------------- Done invoking toplevel() on ptolemy.moml.MoMLSimpleApplication@1b11f506
reloadAllAccessors: .arrayType17

===========================================================================================
----------------- testing Sun Jun 23 16:13:04 UTC 2019 /home/travis/build/icyphy/ptII/ptolemy/actor/lib/test/auto/arrayType18.xml
----------------- Instantiating /home/travis/build/icyphy/ptII/ptolemy/actor/lib/test/auto/arrayType18.xml
1 ms. Memory: 449536K Free: 232345K (52%)
----------------- Invoking toplevel() on ptolemy.moml.MoMLSimpleApplication@6039476
----------------- Done invoking toplevel() on ptolemy.moml.MoMLSimpleApplication@6039476
reloadAllAccessors: .arrayType18

===========================================================================================
----------------- testing Sun Jun 23 16:13:04 UTC 2019 /home/travis/build/icyphy/ptII/ptolemy/actor/lib/test/auto/arrayType19.xml
----------------- Instantiating /home/travis/build/icyphy/ptII/ptolemy/actor/lib/test/auto/arrayType19.xml
1 ms. Memory: 449536K Free: 227735K (51%)
----------------- Invoking toplevel() on ptolemy.moml.MoMLSimpleApplication@6e3b8b17
----------------- Done invoking toplevel() on ptolemy.moml.MoMLSimpleApplication@6e3b8b17
reloadAllAccessors: .arrayType19

===========================================================================================
----------------- testing Sun Jun 23 16:13:04 UTC 2019 /home/travis/build/icyphy/ptII/ptolemy/actor/lib/test/auto/arrayType2.xml
----------------- Instantiating /home/travis/build/icyphy/ptII/ptolemy/actor/lib/test/auto/arrayType2.xml
2 ms. Memory: 449536K Free: 222601K (50%)
----------------- Invoking toplevel() on ptolemy.moml.MoMLSimpleApplication@62a47c95
----------------- Done invoking toplevel() on ptolemy.moml.MoMLSimpleApplication@62a47c95
reloadAllAccessors: .arrayType2

===========================================================================================
----------------- testing Sun Jun 23 16:13:04 UTC 2019 /home/travis/build/icyphy/ptII/ptolemy/actor/lib/test/auto/arrayType20.xml
----------------- Instantiating /home/travis/build/icyphy/ptII/ptolemy/actor/lib/test/auto/arrayType20.xml
2 ms. Memory: 449536K Free: 218009K (48%)
----------------- Invoking toplevel() on ptolemy.moml.MoMLSimpleApplication@61ddb44f
----------------- Done invoking toplevel() on ptolemy.moml.MoMLSimpleApplication@61ddb44f
reloadAllAccessors: .arrayType20

===========================================================================================
----------------- testing Sun Jun 23 16:13:04 UTC 2019 /home/travis/build/icyphy/ptII/ptolemy/actor/lib/test/auto/arrayType21.xml
----------------- Instantiating /home/travis/build/icyphy/ptII/ptolemy/actor/lib/test/auto/arrayType21.xml
2 ms. Memory: 449536K Free: 212889K (47%)
----------------- Invoking toplevel() on ptolemy.moml.MoMLSimpleApplication@57cbd4ab
----------------- Done invoking toplevel() on ptolemy.moml.MoMLSimpleApplication@57cbd4ab
reloadAllAccessors: .arrayType21

===========================================================================================
----------------- testing Sun Jun 23 16:13:04 UTC 2019 /home/travis/build/icyphy/ptII/ptolemy/actor/lib/test/auto/arrayType22.xml
----------------- Instantiating /home/travis/build/icyphy/ptII/ptolemy/actor/lib/test/auto/arrayType22.xml
1 ms. Memory: 449536K Free: 208279K (46%)
----------------- Invoking toplevel() on ptolemy.moml.MoMLSimpleApplication@636fc04f
----------------- Done invoking toplevel() on ptolemy.moml.MoMLSimpleApplication@636fc04f
reloadAllAccessors: .arrayType22

===========================================================================================
----------------- testing Sun Jun 23 16:13:04 UTC 2019 /home/travis/build/icyphy/ptII/ptolemy/actor/lib/test/auto/arrayType23.xml
----------------- Instantiating /home/travis/build/icyphy/ptII/ptolemy/actor/lib/test/auto/arrayType23.xml
1 ms. Memory: 449536K Free: 203673K (45%)
----------------- Invoking toplevel() on ptolemy.moml.MoMLSimpleApplication@29b1e5ef
----------------- Done invoking toplevel() on ptolemy.moml.MoMLSimpleApplication@29b1e5ef
reloadAllAccessors: .arrayType23

===========================================================================================
----------------- testing Sun Jun 23 16:13:04 UTC 2019 /home/travis/build/icyphy/ptII/ptolemy/actor/lib/test/auto/arrayType24.xml
----------------- Instantiating /home/travis/build/icyphy/ptII/ptolemy/actor/lib/test/auto/arrayType24.xml
1 ms. Memory: 449536K Free: 199063K (44%)
----------------- Invoking toplevel() on ptolemy.moml.MoMLSimpleApplication@1484eda5
----------------- Done invoking toplevel() on ptolemy.moml.MoMLSimpleApplication@1484eda5
reloadAllAccessors: .arrayType24

===========================================================================================
----------------- testing Sun Jun 23 16:13:04 UTC 2019 /home/travis/build/icyphy/ptII/ptolemy/actor/lib/test/auto/arrayType25.xml
----------------- Instantiating /home/travis/build/icyphy/ptII/ptolemy/actor/lib/test/auto/arrayType25.xml
1 ms. Memory: 449536K Free: 193433K (43%)
----------------- Invoking toplevel() on ptolemy.moml.MoMLSimpleApplication@3fb695e1
----------------- Done invoking toplevel() on ptolemy.moml.MoMLSimpleApplication@3fb695e1
reloadAllAccessors: .arrayType25

===========================================================================================
----------------- testing Sun Jun 23 16:13:04 UTC 2019 /home/travis/build/icyphy/ptII/ptolemy/actor/lib/test/auto/arrayType26.xml
----------------- Instantiating /home/travis/build/icyphy/ptII/ptolemy/actor/lib/test/auto/arrayType26.xml
1 ms. Memory: 449536K Free: 188313K (42%)
----------------- Invoking toplevel() on ptolemy.moml.MoMLSimpleApplication@2c0a73a6
----------------- Done invoking toplevel() on ptolemy.moml.MoMLSimpleApplication@2c0a73a6
reloadAllAccessors: .arrayType26

===========================================================================================
----------------- testing Sun Jun 23 16:13:04 UTC 2019 /home/travis/build/icyphy/ptII/ptolemy/actor/lib/test/auto/arrayType27.xml
----------------- Instantiating /home/travis/build/icyphy/ptII/ptolemy/actor/lib/test/auto/arrayType27.xml
3 ms. Memory: 449536K Free: 183193K (41%)
----------------- Invoking toplevel() on ptolemy.moml.MoMLSimpleApplication@3851e206
----------------- Done invoking toplevel() on ptolemy.moml.MoMLSimpleApplication@3851e206
reloadAllAccessors: .arrayType27

===========================================================================================
----------------- testing Sun Jun 23 16:13:04 UTC 2019 /home/travis/build/icyphy/ptII/ptolemy/actor/lib/test/auto/arrayType28.xml
----------------- Instantiating /home/travis/build/icyphy/ptII/ptolemy/actor/lib/test/auto/arrayType28.xml
9 ms. Memory: 449536K Free: 178073K (40%)
----------------- Invoking toplevel() on ptolemy.moml.MoMLSimpleApplication@1055dd4e
----------------- Done invoking toplevel() on ptolemy.moml.MoMLSimpleApplication@1055dd4e
reloadAllAccessors: .arrayType28

===========================================================================================
----------------- testing Sun Jun 23 16:13:04 UTC 2019 /home/travis/build/icyphy/ptII/ptolemy/actor/lib/test/auto/arrayType3.xml
----------------- Instantiating /home/travis/build/icyphy/ptII/ptolemy/actor/lib/test/auto/arrayType3.xml
2 ms. Memory: 449536K Free: 172439K (38%)
----------------- Invoking toplevel() on ptolemy.moml.MoMLSimpleApplication@61b489df
----------------- Done invoking toplevel() on ptolemy.moml.MoMLSimpleApplication@61b489df
reloadAllAccessors: .arrayType3

===========================================================================================
----------------- testing Sun Jun 23 16:13:04 UTC 2019 /home/travis/build/icyphy/ptII/ptolemy/actor/lib/test/auto/arrayType4.xml
----------------- Instantiating /home/travis/build/icyphy/ptII/ptolemy/actor/lib/test/auto/arrayType4.xml
2 ms. Memory: 449536K Free: 167319K (37%)
----------------- Invoking toplevel() on ptolemy.moml.MoMLSimpleApplication@7e893154
----------------- Done invoking toplevel() on ptolemy.moml.MoMLSimpleApplication@7e893154
reloadAllAccessors: .arrayType4

===========================================================================================
----------------- testing Sun Jun 23 16:13:04 UTC 2019 /home/travis/build/icyphy/ptII/ptolemy/actor/lib/test/auto/arrayType5.xml
----------------- Instantiating /home/travis/build/icyphy/ptII/ptolemy/actor/lib/test/auto/arrayType5.xml
2 ms. Memory: 449536K Free: 162185K (36%)
----------------- Invoking toplevel() on ptolemy.moml.MoMLSimpleApplication@61162c7e
----------------- Done invoking toplevel() on ptolemy.moml.MoMLSimpleApplication@61162c7e
reloadAllAccessors: .arrayType5

===========================================================================================
----------------- testing Sun Jun 23 16:13:04 UTC 2019 /home/travis/build/icyphy/ptII/ptolemy/actor/lib/test/auto/arrayType6.xml
----------------- Instantiating /home/travis/build/icyphy/ptII/ptolemy/actor/lib/test/auto/arrayType6.xml
2 ms. Memory: 449536K Free: 157593K (35%)
----------------- Invoking toplevel() on ptolemy.moml.MoMLSimpleApplication@3b2ca611
----------------- Done invoking toplevel() on ptolemy.moml.MoMLSimpleApplication@3b2ca611
reloadAllAccessors: .arrayType6

===========================================================================================
----------------- testing Sun Jun 23 16:13:04 UTC 2019 /home/travis/build/icyphy/ptII/ptolemy/actor/lib/test/auto/arrayType7.xml
----------------- Instantiating /home/travis/build/icyphy/ptII/ptolemy/actor/lib/test/auto/arrayType7.xml
1 ms. Memory: 449536K Free: 152473K (34%)
----------------- Invoking toplevel() on ptolemy.moml.MoMLSimpleApplication@683c23
----------------- Done invoking toplevel() on ptolemy.moml.MoMLSimpleApplication@683c23
reloadAllAccessors: .arrayType7

===========================================================================================
----------------- testing Sun Jun 23 16:13:04 UTC 2019 /home/travis/build/icyphy/ptII/ptolemy/actor/lib/test/auto/arrayType8.xml
----------------- Instantiating /home/travis/build/icyphy/ptII/ptolemy/actor/lib/test/auto/arrayType8.xml
7 ms. Memory: 449536K Free: 147863K (33%)
----------------- Invoking toplevel() on ptolemy.moml.MoMLSimpleApplication@2e652166
----------------- Done invoking toplevel() on ptolemy.moml.MoMLSimpleApplication@2e652166
reloadAllAccessors: .arrayType8

===========================================================================================
----------------- testing Sun Jun 23 16:13:04 UTC 2019 /home/travis/build/icyphy/ptII/ptolemy/actor/lib/test/auto/arrayType9.xml
----------------- Instantiating /home/travis/build/icyphy/ptII/ptolemy/actor/lib/test/auto/arrayType9.xml
2 ms. Memory: 449536K Free: 143257K (32%)
----------------- Invoking toplevel() on ptolemy.moml.MoMLSimpleApplication@bd3a92b
----------------- Done invoking toplevel() on ptolemy.moml.MoMLSimpleApplication@bd3a92b
reloadAllAccessors: .arrayType9

===========================================================================================
----------------- testing Sun Jun 23 16:13:05 UTC 2019 /home/travis/build/icyphy/ptII/ptolemy/actor/lib/test/auto/cast.xml
----------------- Instantiating /home/travis/build/icyphy/ptII/ptolemy/actor/lib/test/auto/cast.xml
2 ms. Memory: 449536K Free: 138137K (31%)
----------------- Invoking toplevel() on ptolemy.moml.MoMLSimpleApplication@68cb85b0
----------------- Done invoking toplevel() on ptolemy.moml.MoMLSimpleApplication@68cb85b0
reloadAllAccessors: .cast

===========================================================================================
----------------- testing Sun Jun 23 16:13:05 UTC 2019 /home/travis/build/icyphy/ptII/ptolemy/actor/lib/test/auto/compositeMultiPort.xml
----------------- Instantiating /home/travis/build/icyphy/ptII/ptolemy/actor/lib/test/auto/compositeMultiPort.xml
3 ms. Memory: 449536K Free: 392362K (87%)
----------------- Invoking toplevel() on ptolemy.moml.MoMLSimpleApplication@1306cc67
----------------- Done invoking toplevel() on ptolemy.moml.MoMLSimpleApplication@1306cc67
reloadAllAccessors: .compositeMultiPort

===========================================================================================
----------------- testing Sun Jun 23 16:13:05 UTC 2019 /home/travis/build/icyphy/ptII/ptolemy/actor/lib/test/auto/expressionCastInference.xml
----------------- Instantiating /home/travis/build/icyphy/ptII/ptolemy/actor/lib/test/auto/expressionCastInference.xml
2 ms. Memory: 449536K Free: 387242K (86%)
----------------- Invoking toplevel() on ptolemy.moml.MoMLSimpleApplication@392fe9e2
----------------- Done invoking toplevel() on ptolemy.moml.MoMLSimpleApplication@392fe9e2
reloadAllAccessors: .expressionCastInference

===========================================================================================
----------------- testing Sun Jun 23 16:13:05 UTC 2019 /home/travis/build/icyphy/ptII/ptolemy/actor/lib/test/auto/expressionCastInference2.xml
----------------- Instantiating /home/travis/build/icyphy/ptII/ptolemy/actor/lib/test/auto/expressionCastInference2.xml
2 ms. Memory: 449536K Free: 382632K (85%)
----------------- Invoking toplevel() on ptolemy.moml.MoMLSimpleApplication@414d20ae
----------------- Done invoking toplevel() on ptolemy.moml.MoMLSimpleApplication@414d20ae
reloadAllAccessors: .expressionCastInference2

===========================================================================================
----------------- testing Sun Jun 23 16:13:05 UTC 2019 /home/travis/build/icyphy/ptII/ptolemy/actor/lib/test/auto/expressionInference.xml
----------------- Instantiating /home/travis/build/icyphy/ptII/ptolemy/actor/lib/test/auto/expressionInference.xml
2 ms. Memory: 449536K Free: 378536K (84%)
----------------- Invoking toplevel() on ptolemy.moml.MoMLSimpleApplication@587d4b11
----------------- Done invoking toplevel() on ptolemy.moml.MoMLSimpleApplication@587d4b11
reloadAllAccessors: .expressionInference

===========================================================================================
----------------- testing Sun Jun 23 16:13:05 UTC 2019 /home/travis/build/icyphy/ptII/ptolemy/actor/lib/test/auto/expression_bug.xml
----------------- Instantiating /home/travis/build/icyphy/ptII/ptolemy/actor/lib/test/auto/expression_bug.xml
1 ms. Memory: 449536K Free: 373930K (83%)
----------------- Invoking toplevel() on ptolemy.moml.MoMLSimpleApplication@680678fd
----------------- Done invoking toplevel() on ptolemy.moml.MoMLSimpleApplication@680678fd
reloadAllAccessors: .expression_bug

===========================================================================================
----------------- testing Sun Jun 23 16:13:05 UTC 2019 /home/travis/build/icyphy/ptII/ptolemy/actor/lib/test/auto/factorial.xml
----------------- Instantiating /home/travis/build/icyphy/ptII/ptolemy/actor/lib/test/auto/factorial.xml
59 ms. Memory: 449536K Free: 365224K (81%)
----------------- Invoking toplevel() on ptolemy.moml.MoMLSimpleApplication@788f2017
----------------- Done invoking toplevel() on ptolemy.moml.MoMLSimpleApplication@788f2017
reloadAllAccessors: .factorial

===========================================================================================
----------------- testing Sun Jun 23 16:13:05 UTC 2019 /home/travis/build/icyphy/ptII/ptolemy/actor/lib/test/auto/filterTest1.xml
----------------- Instantiating /home/travis/build/icyphy/ptII/ptolemy/actor/lib/test/auto/filterTest1.xml
3 ms. Memory: 449536K Free: 359594K (80%)
----------------- Invoking toplevel() on ptolemy.moml.MoMLSimpleApplication@2c711ed9
----------------- Done invoking toplevel() on ptolemy.moml.MoMLSimpleApplication@2c711ed9
reloadAllAccessors: .filterTest1

===========================================================================================
----------------- testing Sun Jun 23 16:13:05 UTC 2019 /home/travis/build/icyphy/ptII/ptolemy/actor/lib/test/auto/funcApplyInConst.xml
----------------- Instantiating /home/travis/build/icyphy/ptII/ptolemy/actor/lib/test/auto/funcApplyInConst.xml
1 ms. Memory: 449536K Free: 355498K (79%)
----------------- Invoking toplevel() on ptolemy.moml.MoMLSimpleApplication@6c225f87
----------------- Done invoking toplevel() on ptolemy.moml.MoMLSimpleApplication@6c225f87
reloadAllAccessors: .funcApplyInConst

===========================================================================================
----------------- testing Sun Jun 23 16:13:05 UTC 2019 /home/travis/build/icyphy/ptII/ptolemy/actor/lib/test/auto/funcApplyInExpr.xml
----------------- Instantiating /home/travis/build/icyphy/ptII/ptolemy/actor/lib/test/auto/funcApplyInExpr.xml
1 ms. Memory: 449536K Free: 351912K (78%)
----------------- Invoking toplevel() on ptolemy.moml.MoMLSimpleApplication@34896a77
----------------- Done invoking toplevel() on ptolemy.moml.MoMLSimpleApplication@34896a77
reloadAllAccessors: .funcApplyInExpr

===========================================================================================
----------------- testing Sun Jun 23 16:13:05 UTC 2019 /home/travis/build/icyphy/ptII/ptolemy/actor/lib/test/auto/function.xml
----------------- Instantiating /home/travis/build/icyphy/ptII/ptolemy/actor/lib/test/auto/function.xml
2 ms. Memory: 449536K Free: 347306K (77%)
----------------- Invoking toplevel() on ptolemy.moml.MoMLSimpleApplication@42ec84f7
----------------- Done invoking toplevel() on ptolemy.moml.MoMLSimpleApplication@42ec84f7
reloadAllAccessors: .function

===========================================================================================
----------------- testing Sun Jun 23 16:13:05 UTC 2019 /home/travis/build/icyphy/ptII/ptolemy/actor/lib/test/auto/function2.xml
----------------- Instantiating /home/travis/build/icyphy/ptII/ptolemy/actor/lib/test/auto/function2.xml
3 ms. Memory: 449536K Free: 342186K (76%)
----------------- Invoking toplevel() on ptolemy.moml.MoMLSimpleApplication@68ad0755
----------------- Done invoking toplevel() on ptolemy.moml.MoMLSimpleApplication@68ad0755
reloadAllAccessors: .function2

===========================================================================================
----------------- testing Sun Jun 23 16:13:05 UTC 2019 /home/travis/build/icyphy/ptII/ptolemy/actor/lib/test/auto/function3.xml
----------------- Instantiating /home/travis/build/icyphy/ptII/ptolemy/actor/lib/test/auto/function3.xml
2 ms. Memory: 449536K Free: 338600K (75%)
----------------- Invoking toplevel() on ptolemy.moml.MoMLSimpleApplication@32d27afe
----------------- Done invoking toplevel() on ptolemy.moml.MoMLSimpleApplication@32d27afe
reloadAllAccessors: .function3

===========================================================================================
----------------- testing Sun Jun 23 16:13:05 UTC 2019 /home/travis/build/icyphy/ptII/ptolemy/actor/lib/test/auto/functionClosureTest1.xml
----------------- Instantiating /home/travis/build/icyphy/ptII/ptolemy/actor/lib/test/auto/functionClosureTest1.xml
2 ms. Memory: 449536K Free: 332970K (74%)
----------------- Invoking toplevel() on ptolemy.moml.MoMLSimpleApplication@3fdc00c8
----------------- Done invoking toplevel() on ptolemy.moml.MoMLSimpleApplication@3fdc00c8
reloadAllAccessors: .functionClosureTest1

===========================================================================================
----------------- testing Sun Jun 23 16:13:05 UTC 2019 /home/travis/build/icyphy/ptII/ptolemy/actor/lib/test/auto/functionClosureTest2.xml
----------------- Instantiating /home/travis/build/icyphy/ptII/ptolemy/actor/lib/test/auto/functionClosureTest2.xml
1 ms. Memory: 449536K Free: 328874K (73%)
----------------- Invoking toplevel() on ptolemy.moml.MoMLSimpleApplication@2e6d7803
----------------- Done invoking toplevel() on ptolemy.moml.MoMLSimpleApplication@2e6d7803
reloadAllAccessors: .functionClosureTest2

===========================================================================================
----------------- testing Sun Jun 23 16:13:05 UTC 2019 /home/travis/build/icyphy/ptII/ptolemy/actor/lib/test/auto/functionClosureTest3.xml
----------------- Instantiating /home/travis/build/icyphy/ptII/ptolemy/actor/lib/test/auto/functionClosureTest3.xml
2 ms. Memory: 449536K Free: 323754K (72%)
----------------- Invoking toplevel() on ptolemy.moml.MoMLSimpleApplication@7133d305
----------------- Done invoking toplevel() on ptolemy.moml.MoMLSimpleApplication@7133d305
reloadAllAccessors: .functionClosureTest3

===========================================================================================
----------------- testing Sun Jun 23 16:13:05 UTC 2019 /home/travis/build/icyphy/ptII/ptolemy/actor/lib/test/auto/functionClosureTest4.xml
----------------- Instantiating /home/travis/build/icyphy/ptII/ptolemy/actor/lib/test/auto/functionClosureTest4.xml
5 ms. Memory: 449536K Free: 317610K (71%)
----------------- Invoking toplevel() on ptolemy.moml.MoMLSimpleApplication@2a22b06e
----------------- Done invoking toplevel() on ptolemy.moml.MoMLSimpleApplication@2a22b06e
reloadAllAccessors: .functionClosureTest4

===========================================================================================
----------------- testing Sun Jun 23 16:13:05 UTC 2019 /home/travis/build/icyphy/ptII/ptolemy/actor/lib/test/auto/functionClosureTest5.xml
----------------- Instantiating /home/travis/build/icyphy/ptII/ptolemy/actor/lib/test/auto/functionClosureTest5.xml
5 ms. Memory: 449536K Free: 311962K (69%)
----------------- Invoking toplevel() on ptolemy.moml.MoMLSimpleApplication@5b4b7d5
----------------- Done invoking toplevel() on ptolemy.moml.MoMLSimpleApplication@5b4b7d5
reloadAllAccessors: .functionClosureTest5

===========================================================================================
----------------- testing Sun Jun 23 16:13:05 UTC 2019 /home/travis/build/icyphy/ptII/ptolemy/actor/lib/test/auto/functionClosureTest6.xml
----------------- Instantiating /home/travis/build/icyphy/ptII/ptolemy/actor/lib/test/auto/functionClosureTest6.xml
2 ms. Memory: 449536K Free: 307370K (68%)
----------------- Invoking toplevel() on ptolemy.moml.MoMLSimpleApplication@73db4931
----------------- Done invoking toplevel() on ptolemy.moml.MoMLSimpleApplication@73db4931
reloadAllAccessors: .functionClosureTest6

===========================================================================================
----------------- testing Sun Jun 23 16:13:05 UTC 2019 /home/travis/build/icyphy/ptII/ptolemy/actor/lib/test/auto/functionsOnArcs.xml
----------------- Instantiating /home/travis/build/icyphy/ptII/ptolemy/actor/lib/test/auto/functionsOnArcs.xml
2 ms. Memory: 449536K Free: 302250K (67%)
----------------- Invoking toplevel() on ptolemy.moml.MoMLSimpleApplication@11b645a
----------------- Done invoking toplevel() on ptolemy.moml.MoMLSimpleApplication@11b645a
reloadAllAccessors: .functionsOnArcs

===========================================================================================
----------------- testing Sun Jun 23 16:13:05 UTC 2019 /home/travis/build/icyphy/ptII/ptolemy/actor/lib/test/auto/functionsOnArcsHOF.xml
----------------- Instantiating /home/travis/build/icyphy/ptII/ptolemy/actor/lib/test/auto/functionsOnArcsHOF.xml
5 ms. Memory: 449536K Free: 296106K (66%)
----------------- Invoking toplevel() on ptolemy.moml.MoMLSimpleApplication@676d8134
----------------- Done invoking toplevel() on ptolemy.moml.MoMLSimpleApplication@676d8134
reloadAllAccessors: .functionsOnArcsHOF

===========================================================================================
----------------- testing Sun Jun 23 16:13:05 UTC 2019 /home/travis/build/icyphy/ptII/ptolemy/actor/lib/test/auto/logic.xml
----------------- Instantiating /home/travis/build/icyphy/ptII/ptolemy/actor/lib/test/auto/logic.xml
3 ms. Memory: 449536K Free: 288938K (64%)
----------------- Invoking toplevel() on ptolemy.moml.MoMLSimpleApplication@22c047d0
----------------- Done invoking toplevel() on ptolemy.moml.MoMLSimpleApplication@22c047d0
reloadAllAccessors: .logic

===========================================================================================
----------------- testing Sun Jun 23 16:13:05 UTC 2019 /home/travis/build/icyphy/ptII/ptolemy/actor/lib/test/auto/matrixType.xml
----------------- Instantiating /home/travis/build/icyphy/ptII/ptolemy/actor/lib/test/auto/matrixType.xml
2 ms. Memory: 449536K Free: 284328K (63%)
----------------- Invoking toplevel() on ptolemy.moml.MoMLSimpleApplication@140169a1
----------------- Done invoking toplevel() on ptolemy.moml.MoMLSimpleApplication@140169a1
reloadAllAccessors: .matrixType

===========================================================================================
----------------- testing Sun Jun 23 16:13:05 UTC 2019 /home/travis/build/icyphy/ptII/ptolemy/actor/lib/test/auto/matrixType10.xml
----------------- Instantiating /home/travis/build/icyphy/ptII/ptolemy/actor/lib/test/auto/matrixType10.xml
3 ms. Memory: 449536K Free: 279208K (62%)
----------------- Invoking toplevel() on ptolemy.moml.MoMLSimpleApplication@39854b83
----------------- Done invoking toplevel() on ptolemy.moml.MoMLSimpleApplication@39854b83
reloadAllAccessors: .matrixType10

===========================================================================================
----------------- testing Sun Jun 23 16:13:05 UTC 2019 /home/travis/build/icyphy/ptII/ptolemy/actor/lib/test/auto/matrixType11.xml
----------------- Instantiating /home/travis/build/icyphy/ptII/ptolemy/actor/lib/test/auto/matrixType11.xml
1 ms. Memory: 449536K Free: 274602K (61%)
----------------- Invoking toplevel() on ptolemy.moml.MoMLSimpleApplication@c0e0bfc
----------------- Done invoking toplevel() on ptolemy.moml.MoMLSimpleApplication@c0e0bfc
reloadAllAccessors: .matrixType11

===========================================================================================
----------------- testing Sun Jun 23 16:13:05 UTC 2019 /home/travis/build/icyphy/ptII/ptolemy/actor/lib/test/auto/matrixType12.xml
----------------- Instantiating /home/travis/build/icyphy/ptII/ptolemy/actor/lib/test/auto/matrixType12.xml
2 ms. Memory: 449536K Free: 269992K (60%)
----------------- Invoking toplevel() on ptolemy.moml.MoMLSimpleApplication@6dce14e6
----------------- Done invoking toplevel() on ptolemy.moml.MoMLSimpleApplication@6dce14e6
reloadAllAccessors: .matrixType12

===========================================================================================
----------------- testing Sun Jun 23 16:13:05 UTC 2019 /home/travis/build/icyphy/ptII/ptolemy/actor/lib/test/auto/matrixType13.xml
----------------- Instantiating /home/travis/build/icyphy/ptII/ptolemy/actor/lib/test/auto/matrixType13.xml
1 ms. Memory: 449536K Free: 264872K (59%)
----------------- Invoking toplevel() on ptolemy.moml.MoMLSimpleApplication@e4fd976
----------------- Done invoking toplevel() on ptolemy.moml.MoMLSimpleApplication@e4fd976
reloadAllAccessors: .matrixType13

===========================================================================================
----------------- testing Sun Jun 23 16:13:05 UTC 2019 /home/travis/build/icyphy/ptII/ptolemy/actor/lib/test/auto/matrixType14.xml
----------------- Instantiating /home/travis/build/icyphy/ptII/ptolemy/actor/lib/test/auto/matrixType14.xml
1 ms. Memory: 449536K Free: 259752K (58%)
----------------- Invoking toplevel() on ptolemy.moml.MoMLSimpleApplication@5bbbd652
----------------- Done invoking toplevel() on ptolemy.moml.MoMLSimpleApplication@5bbbd652
reloadAllAccessors: .matrixType14

===========================================================================================
----------------- testing Sun Jun 23 16:13:05 UTC 2019 /home/travis/build/icyphy/ptII/ptolemy/actor/lib/test/auto/matrixType2.xml
----------------- Instantiating /home/travis/build/icyphy/ptII/ptolemy/actor/lib/test/auto/matrixType2.xml
2 ms. Memory: 449536K Free: 254632K (57%)
----------------- Invoking toplevel() on ptolemy.moml.MoMLSimpleApplication@599aff27
----------------- Done invoking toplevel() on ptolemy.moml.MoMLSimpleApplication@599aff27
reloadAllAccessors: .matrixType2

===========================================================================================
----------------- testing Sun Jun 23 16:13:05 UTC 2019 /home/travis/build/icyphy/ptII/ptolemy/actor/lib/test/auto/matrixType3.xml
----------------- Instantiating /home/travis/build/icyphy/ptII/ptolemy/actor/lib/test/auto/matrixType3.xml
6 ms. Memory: 449536K Free: 249512K (56%)
----------------- Invoking toplevel() on ptolemy.moml.MoMLSimpleApplication@e368271
----------------- Done invoking toplevel() on ptolemy.moml.MoMLSimpleApplication@e368271
reloadAllAccessors: .matrixType3

===========================================================================================
----------------- testing Sun Jun 23 16:13:05 UTC 2019 /home/travis/build/icyphy/ptII/ptolemy/actor/lib/test/auto/matrixType4.xml
----------------- Instantiating /home/travis/build/icyphy/ptII/ptolemy/actor/lib/test/auto/matrixType4.xml
1 ms. Memory: 449536K Free: 244906K (54%)
----------------- Invoking toplevel() on ptolemy.moml.MoMLSimpleApplication@3e5f3141
----------------- Done invoking toplevel() on ptolemy.moml.MoMLSimpleApplication@3e5f3141
reloadAllAccessors: .matrixType4

===========================================================================================
----------------- testing Sun Jun 23 16:13:05 UTC 2019 /home/travis/build/icyphy/ptII/ptolemy/actor/lib/test/auto/matrixType5.xml
----------------- Instantiating /home/travis/build/icyphy/ptII/ptolemy/actor/lib/test/auto/matrixType5.xml
1 ms. Memory: 449536K Free: 239786K (53%)
----------------- Invoking toplevel() on ptolemy.moml.MoMLSimpleApplication@674fa84d
----------------- Done invoking toplevel() on ptolemy.moml.MoMLSimpleApplication@674fa84d
reloadAllAccessors: .matrixType5

===========================================================================================
----------------- testing Sun Jun 23 16:13:05 UTC 2019 /home/travis/build/icyphy/ptII/ptolemy/actor/lib/test/auto/matrixType6.xml
----------------- Instantiating /home/travis/build/icyphy/ptII/ptolemy/actor/lib/test/auto/matrixType6.xml
2 ms. Memory: 449536K Free: 235176K (52%)
----------------- Invoking toplevel() on ptolemy.moml.MoMLSimpleApplication@23c839e4
----------------- Done invoking toplevel() on ptolemy.moml.MoMLSimpleApplication@23c839e4
reloadAllAccessors: .matrixType6

===========================================================================================
----------------- testing Sun Jun 23 16:13:05 UTC 2019 /home/travis/build/icyphy/ptII/ptolemy/actor/lib/test/auto/matrixType7.xml
----------------- Instantiating /home/travis/build/icyphy/ptII/ptolemy/actor/lib/test/auto/matrixType7.xml
3 ms. Memory: 449536K Free: 230570K (51%)
----------------- Invoking toplevel() on ptolemy.moml.MoMLSimpleApplication@44de7e43
----------------- Done invoking toplevel() on ptolemy.moml.MoMLSimpleApplication@44de7e43
reloadAllAccessors: .matrixType7

===========================================================================================
----------------- testing Sun Jun 23 16:13:05 UTC 2019 /home/travis/build/icyphy/ptII/ptolemy/actor/lib/test/auto/matrixType8.xml
----------------- Instantiating /home/travis/build/icyphy/ptII/ptolemy/actor/lib/test/auto/matrixType8.xml
1 ms. Memory: 449536K Free: 225450K (50%)
----------------- Invoking toplevel() on ptolemy.moml.MoMLSimpleApplication@66800350
----------------- Done invoking toplevel() on ptolemy.moml.MoMLSimpleApplication@66800350
reloadAllAccessors: .matrixType8

===========================================================================================
----------------- testing Sun Jun 23 16:13:05 UTC 2019 /home/travis/build/icyphy/ptII/ptolemy/actor/lib/test/auto/matrixType9.xml
----------------- Instantiating /home/travis/build/icyphy/ptII/ptolemy/actor/lib/test/auto/matrixType9.xml
2 ms. Memory: 449536K Free: 220840K (49%)
----------------- Invoking toplevel() on ptolemy.moml.MoMLSimpleApplication@307e96f
----------------- Done invoking toplevel() on ptolemy.moml.MoMLSimpleApplication@307e96f
reloadAllAccessors: .matrixType9

===========================================================================================
----------------- testing Sun Jun 23 16:13:05 UTC 2019 /home/travis/build/icyphy/ptII/ptolemy/actor/lib/test/auto/paraFunctest.xml
----------------- Instantiating /home/travis/build/icyphy/ptII/ptolemy/actor/lib/test/auto/paraFunctest.xml
2 ms. Memory: 449536K Free: 216744K (48%)
----------------- Invoking toplevel() on ptolemy.moml.MoMLSimpleApplication@23568250
----------------- Done invoking toplevel() on ptolemy.moml.MoMLSimpleApplication@23568250
reloadAllAccessors: .paraFunctest

===========================================================================================
----------------- testing Sun Jun 23 16:13:05 UTC 2019 /home/travis/build/icyphy/ptII/ptolemy/actor/lib/test/auto/paraFunctest2.xml
----------------- Instantiating /home/travis/build/icyphy/ptII/ptolemy/actor/lib/test/auto/paraFunctest2.xml
1 ms. Memory: 449536K Free: 211624K (47%)
----------------- Invoking toplevel() on ptolemy.moml.MoMLSimpleApplication@1e63d850
----------------- Done invoking toplevel() on ptolemy.moml.MoMLSimpleApplication@1e63d850
reloadAllAccessors: .paraFunctest2

===========================================================================================
----------------- testing Sun Jun 23 16:13:05 UTC 2019 /home/travis/build/icyphy/ptII/ptolemy/actor/lib/test/auto/parameterPassing.xml
----------------- Instantiating /home/travis/build/icyphy/ptII/ptolemy/actor/lib/test/auto/parameterPassing.xml
1 ms. Memory: 449536K Free: 207528K (46%)
----------------- Invoking toplevel() on ptolemy.moml.MoMLSimpleApplication@43a97919
----------------- Done invoking toplevel() on ptolemy.moml.MoMLSimpleApplication@43a97919
reloadAllAccessors: .parameterPassing

===========================================================================================
----------------- testing Sun Jun 23 16:13:05 UTC 2019 /home/travis/build/icyphy/ptII/ptolemy/actor/lib/test/auto/record.xml
----------------- Instantiating /home/travis/build/icyphy/ptII/ptolemy/actor/lib/test/auto/record.xml
2 ms. Memory: 449536K Free: 202408K (45%)
----------------- Invoking toplevel() on ptolemy.moml.MoMLSimpleApplication@299e0ab5
----------------- Done invoking toplevel() on ptolemy.moml.MoMLSimpleApplication@299e0ab5
reloadAllAccessors: .record

===========================================================================================
----------------- testing Sun Jun 23 16:13:05 UTC 2019 /home/travis/build/icyphy/ptII/ptolemy/actor/lib/test/auto/sizedarray1.xml
----------------- Instantiating /home/travis/build/icyphy/ptII/ptolemy/actor/lib/test/auto/sizedarray1.xml
1 ms. Memory: 449536K Free: 197288K (44%)
----------------- Invoking toplevel() on ptolemy.moml.MoMLSimpleApplication@2f2c4a99
----------------- Done invoking toplevel() on ptolemy.moml.MoMLSimpleApplication@2f2c4a99
reloadAllAccessors: .sizedarray1

===========================================================================================
----------------- testing Sun Jun 23 16:13:05 UTC 2019 /home/travis/build/icyphy/ptII/ptolemy/actor/lib/test/auto/sizedarray2.xml
----------------- Instantiating /home/travis/build/icyphy/ptII/ptolemy/actor/lib/test/auto/sizedarray2.xml
3 ms. Memory: 449536K Free: 192168K (43%)
----------------- Invoking toplevel() on ptolemy.moml.MoMLSimpleApplication@361b1835
----------------- Done invoking toplevel() on ptolemy.moml.MoMLSimpleApplication@361b1835
reloadAllAccessors: .sizedarray2

===========================================================================================
----------------- testing Sun Jun 23 16:13:05 UTC 2019 /home/travis/build/icyphy/ptII/ptolemy/actor/lib/test/auto/twoPublishers.xml
----------------- Instantiating /home/travis/build/icyphy/ptII/ptolemy/actor/lib/test/auto/twoPublishers.xml
7 ms. Memory: 449536K Free: 181418K (40%)
----------------- Invoking toplevel() on ptolemy.moml.MoMLSimpleApplication@135b0459
----------------- Done invoking toplevel() on ptolemy.moml.MoMLSimpleApplication@135b0459
reloadAllAccessors: .twoPublishers
AutoTests.java: About to close Vertx.
AutoTests.java: Vertx closed.
]]></system-out>
  <system-err><![CDATA[java.lang.RuntimeException: Execution failed
	at ptolemy.moml.MoMLSimpleApplication$UnloadThread.run(MoMLSimpleApplication.java:402)
Caused by: java.lang.RuntimeException: StringUtilities.exit() was called. Normally, we would exit here because Manager.exitAfterWrapup() was called.  However, because the ptolemy.ptII.exitAfterWrapup property is set, we throw this exception instead.
	at ptolemy.util.StringUtilities.exit(StringUtilities.java:363)
	at ptolemy.actor.Manager.wrapup(Manager.java:1531)
	at ptolemy.actor.Manager.execute(Manager.java:407)
	at ptolemy.actor.Manager.run(Manager.java:1263)
	at ptolemy.actor.Manager$PtolemyRunThread.run(Manager.java:1915)
Warning: '.top.test' is in training mode, set the trainingMode parameter to false before checking in
Warning: '.top.test' is in training mode, set the trainingMode parameter to false before checking in
Warning: '.top.test' is in training mode, set the trainingMode parameter to false before checking in
Warning: '.BooleanSwitch_RegressionTest_WrongTrainingValues.Test' is in training mode, set the trainingMode parameter to false before checking in
Warning: '.BooleanSwitch_RegressionTest_WrongTrainingValues.Test2' is in training mode, set the trainingMode parameter to false before checking in
Warning: '.BooleanSwitch_RegressionTest_WrongTrainingValues.Test2' The test produced 0 tokens.
Warning: '.top.testExceptionHandler' is in training mode, set the trainingMode parameter to false before checking in
java.lang.RuntimeException: Execution failed
	at ptolemy.moml.MoMLSimpleApplication$UnloadThread.run(MoMLSimpleApplication.java:402)
Caused by: ptolemy.kernel.util.IllegalActionException: PublisherPorts cannot be used at the top level, use a Publisher actor instead.
  in .PublisherPortToplevelSubscriber.PublisherPort
	at ptolemy.actor.PublisherPort.preinitialize(PublisherPort.java:403)
	at ptolemy.actor.CompositeActor.preinitialize(CompositeActor.java:1769)
	at ptolemy.actor.Manager.preinitializeAndResolveTypes(Manager.java:1040)
	at ptolemy.actor.Manager.initialize(Manager.java:710)
	at ptolemy.actor.Manager.execute(Manager.java:356)
	at ptolemy.actor.Manager.run(Manager.java:1263)
	at ptolemy.actor.Manager$PtolemyRunThread.run(Manager.java:1915)
java.lang.reflect.InvocationTargetException
	at java.base/jdk.internal.reflect.NativeConstructorAccessorImpl.newInstance0(Native Method)
	at java.base/jdk.internal.reflect.NativeConstructorAccessorImpl.newInstance(NativeConstructorAccessorImpl.java:62)
	at java.base/jdk.internal.reflect.DelegatingConstructorAccessorImpl.newInstance(DelegatingConstructorAccessorImpl.java:45)
	at java.base/java.lang.reflect.Constructor.newInstance(Constructor.java:490)
	at ptolemy.util.test.junit.AutoKnownFailedTests.RunModel(AutoKnownFailedTests.java:105)
	at java.base/jdk.internal.reflect.NativeMethodAccessorImpl.invoke0(Native Method)
	at java.base/jdk.internal.reflect.NativeMethodAccessorImpl.invoke(NativeMethodAccessorImpl.java:62)
	at java.base/jdk.internal.reflect.DelegatingMethodAccessorImpl.invoke(DelegatingMethodAccessorImpl.java:43)
	at java.base/java.lang.reflect.Method.invoke(Method.java:566)
	at org.junit.runners.model.FrameworkMethod$1.runReflectiveCall(FrameworkMethod.java:44)
	at org.junit.internal.runners.model.ReflectiveCallable.run(ReflectiveCallable.java:15)
	at org.junit.runners.model.FrameworkMethod.invokeExplosively(FrameworkMethod.java:41)
	at junitparams.internal.InvokeParameterisedMethod.evaluate(InvokeParameterisedMethod.java:102)
	at org.junit.internal.runners.statements.FailOnTimeout$1.run(FailOnTimeout.java:28)
Caused by: ptolemy.kernel.util.IllegalActionException: PublisherPorts cannot be used at the top level, use a Publisher actor instead.
  in .PublisherPortToplevelSubscriber.PublisherPort
	at ptolemy.actor.PublisherPort.preinitialize(PublisherPort.java:403)
	at ptolemy.actor.CompositeActor.preinitialize(CompositeActor.java:1769)
	at ptolemy.actor.Manager.preinitializeAndResolveTypes(Manager.java:1040)
	at ptolemy.actor.Manager.initialize(Manager.java:710)
	at ptolemy.actor.Manager.execute(Manager.java:356)
	at ptolemy.actor.Manager.run(Manager.java:1263)
	at ptolemy.actor.Manager$PtolemyRunThread.run(Manager.java:1915)
java.lang.RuntimeException: Execution failed
	at ptolemy.moml.MoMLSimpleApplication$UnloadThread.run(MoMLSimpleApplication.java:402)
Caused by: ptolemy.kernel.util.IllegalActionException: SubscriberPorts cannot be used at the top level, use a Subscriber actor instead.
  in .PublisherSubscriberPortToplevel.SubscriberPort
	at ptolemy.actor.SubscriberPort.preinitialize(SubscriberPort.java:328)
	at ptolemy.actor.CompositeActor.preinitialize(CompositeActor.java:1769)
	at ptolemy.actor.Manager.preinitializeAndResolveTypes(Manager.java:1040)
	at ptolemy.actor.Manager.initialize(Manager.java:710)
	at ptolemy.actor.Manager.execute(Manager.java:356)
	at ptolemy.actor.Manager.run(Manager.java:1263)
	at ptolemy.actor.Manager$PtolemyRunThread.run(Manager.java:1915)
java.lang.reflect.InvocationTargetException
	at java.base/jdk.internal.reflect.NativeConstructorAccessorImpl.newInstance0(Native Method)
	at java.base/jdk.internal.reflect.NativeConstructorAccessorImpl.newInstance(NativeConstructorAccessorImpl.java:62)
	at java.base/jdk.internal.reflect.DelegatingConstructorAccessorImpl.newInstance(DelegatingConstructorAccessorImpl.java:45)
	at java.base/java.lang.reflect.Constructor.newInstance(Constructor.java:490)
	at ptolemy.util.test.junit.AutoKnownFailedTests.RunModel(AutoKnownFailedTests.java:105)
	at java.base/jdk.internal.reflect.NativeMethodAccessorImpl.invoke0(Native Method)
	at java.base/jdk.internal.reflect.NativeMethodAccessorImpl.invoke(NativeMethodAccessorImpl.java:62)
	at java.base/jdk.internal.reflect.DelegatingMethodAccessorImpl.invoke(DelegatingMethodAccessorImpl.java:43)
	at java.base/java.lang.reflect.Method.invoke(Method.java:566)
	at org.junit.runners.model.FrameworkMethod$1.runReflectiveCall(FrameworkMethod.java:44)
	at org.junit.internal.runners.model.ReflectiveCallable.run(ReflectiveCallable.java:15)
	at org.junit.runners.model.FrameworkMethod.invokeExplosively(FrameworkMethod.java:41)
	at junitparams.internal.InvokeParameterisedMethod.evaluate(InvokeParameterisedMethod.java:102)
	at org.junit.internal.runners.statements.FailOnTimeout$1.run(FailOnTimeout.java:28)
Caused by: ptolemy.kernel.util.IllegalActionException: SubscriberPorts cannot be used at the top level, use a Subscriber actor instead.
  in .PublisherSubscriberPortToplevel.SubscriberPort
	at ptolemy.actor.SubscriberPort.preinitialize(SubscriberPort.java:328)
	at ptolemy.actor.CompositeActor.preinitialize(CompositeActor.java:1769)
	at ptolemy.actor.Manager.preinitializeAndResolveTypes(Manager.java:1040)
	at ptolemy.actor.Manager.initialize(Manager.java:710)
	at ptolemy.actor.Manager.execute(Manager.java:356)
	at ptolemy.actor.Manager.run(Manager.java:1263)
	at ptolemy.actor.Manager$PtolemyRunThread.run(Manager.java:1915)
java.lang.RuntimeException: Execution failed
	at ptolemy.moml.MoMLSimpleApplication$UnloadThread.run(MoMLSimpleApplication.java:402)
Caused by: ptolemy.kernel.util.IllegalActionException: SubscriptionAggregatorPorts cannot be used at the top level, use a SubscriptionAggregator actor instead.
  in .PublisherSubscriptionAggregatorPort.SubscriptionAggregatorPort
	at ptolemy.actor.SubscriptionAggregatorPort.preinitialize(SubscriptionAggregatorPort.java:353)
	at ptolemy.actor.CompositeActor.preinitialize(CompositeActor.java:1769)
	at ptolemy.actor.Manager.preinitializeAndResolveTypes(Manager.java:1040)
	at ptolemy.actor.Manager.initialize(Manager.java:710)
	at ptolemy.actor.Manager.execute(Manager.java:356)
	at ptolemy.actor.Manager.run(Manager.java:1263)
	at ptolemy.actor.Manager$PtolemyRunThread.run(Manager.java:1915)
java.lang.reflect.InvocationTargetException
	at java.base/jdk.internal.reflect.NativeConstructorAccessorImpl.newInstance0(Native Method)
	at java.base/jdk.internal.reflect.NativeConstructorAccessorImpl.newInstance(NativeConstructorAccessorImpl.java:62)
	at java.base/jdk.internal.reflect.DelegatingConstructorAccessorImpl.newInstance(DelegatingConstructorAccessorImpl.java:45)
	at java.base/java.lang.reflect.Constructor.newInstance(Constructor.java:490)
	at ptolemy.util.test.junit.AutoKnownFailedTests.RunModel(AutoKnownFailedTests.java:105)
	at java.base/jdk.internal.reflect.NativeMethodAccessorImpl.invoke0(Native Method)
	at java.base/jdk.internal.reflect.NativeMethodAccessorImpl.invoke(NativeMethodAccessorImpl.java:62)
	at java.base/jdk.internal.reflect.DelegatingMethodAccessorImpl.invoke(DelegatingMethodAccessorImpl.java:43)
	at java.base/java.lang.reflect.Method.invoke(Method.java:566)
	at org.junit.runners.model.FrameworkMethod$1.runReflectiveCall(FrameworkMethod.java:44)
	at org.junit.internal.runners.model.ReflectiveCallable.run(ReflectiveCallable.java:15)
	at org.junit.runners.model.FrameworkMethod.invokeExplosively(FrameworkMethod.java:41)
	at junitparams.internal.InvokeParameterisedMethod.evaluate(InvokeParameterisedMethod.java:102)
	at org.junit.internal.runners.statements.FailOnTimeout$1.run(FailOnTimeout.java:28)
Caused by: ptolemy.kernel.util.IllegalActionException: SubscriptionAggregatorPorts cannot be used at the top level, use a SubscriptionAggregator actor instead.
  in .PublisherSubscriptionAggregatorPort.SubscriptionAggregatorPort
	at ptolemy.actor.SubscriptionAggregatorPort.preinitialize(SubscriptionAggregatorPort.java:353)
	at ptolemy.actor.CompositeActor.preinitialize(CompositeActor.java:1769)
	at ptolemy.actor.Manager.preinitializeAndResolveTypes(Manager.java:1040)
	at ptolemy.actor.Manager.initialize(Manager.java:710)
	at ptolemy.actor.Manager.execute(Manager.java:356)
	at ptolemy.actor.Manager.run(Manager.java:1263)
	at ptolemy.actor.Manager$PtolemyRunThread.run(Manager.java:1915)
java.lang.RuntimeException: Execution failed
	at ptolemy.moml.MoMLSimpleApplication$UnloadThread.run(MoMLSimpleApplication.java:402)
Caused by: ptolemy.kernel.util.IllegalActionException: TypeTest actor has no training data.
  in .sizedarray3.TypeTest
	at ptolemy.actor.lib.TypeTest.initialize(TypeTest.java:250)
	at ptolemy.actor.Director.initialize(Director.java:938)
	at ptolemy.actor.Director.initialize(Director.java:907)
	at ptolemy.actor.sched.StaticSchedulingDirector.initialize(StaticSchedulingDirector.java:159)
	at ptolemy.domains.sdf.kernel.SDFDirector.initialize(SDFDirector.java:544)
	at ptolemy.actor.CompositeActor.initialize(CompositeActor.java:935)
	at ptolemy.actor.Manager.initialize(Manager.java:724)
	at ptolemy.actor.Manager.execute(Manager.java:356)
	at ptolemy.actor.Manager.run(Manager.java:1263)
	at ptolemy.actor.Manager$PtolemyRunThread.run(Manager.java:1915)
java.lang.reflect.InvocationTargetException
	at java.base/jdk.internal.reflect.NativeConstructorAccessorImpl.newInstance0(Native Method)
	at java.base/jdk.internal.reflect.NativeConstructorAccessorImpl.newInstance(NativeConstructorAccessorImpl.java:62)
	at java.base/jdk.internal.reflect.DelegatingConstructorAccessorImpl.newInstance(DelegatingConstructorAccessorImpl.java:45)
	at java.base/java.lang.reflect.Constructor.newInstance(Constructor.java:490)
	at ptolemy.util.test.junit.AutoKnownFailedTests.RunModel(AutoKnownFailedTests.java:105)
	at java.base/jdk.internal.reflect.NativeMethodAccessorImpl.invoke0(Native Method)
	at java.base/jdk.internal.reflect.NativeMethodAccessorImpl.invoke(NativeMethodAccessorImpl.java:62)
	at java.base/jdk.internal.reflect.DelegatingMethodAccessorImpl.invoke(DelegatingMethodAccessorImpl.java:43)
	at java.base/java.lang.reflect.Method.invoke(Method.java:566)
	at org.junit.runners.model.FrameworkMethod$1.runReflectiveCall(FrameworkMethod.java:44)
	at org.junit.internal.runners.model.ReflectiveCallable.run(ReflectiveCallable.java:15)
	at org.junit.runners.model.FrameworkMethod.invokeExplosively(FrameworkMethod.java:41)
	at junitparams.internal.InvokeParameterisedMethod.evaluate(InvokeParameterisedMethod.java:102)
	at org.junit.internal.runners.statements.FailOnTimeout$1.run(FailOnTimeout.java:28)
Caused by: ptolemy.kernel.util.IllegalActionException: TypeTest actor has no training data.
  in .sizedarray3.TypeTest
	at ptolemy.actor.lib.TypeTest.initialize(TypeTest.java:250)
	at ptolemy.actor.Director.initialize(Director.java:938)
	at ptolemy.actor.Director.initialize(Director.java:907)
	at ptolemy.actor.sched.StaticSchedulingDirector.initialize(StaticSchedulingDirector.java:159)
	at ptolemy.domains.sdf.kernel.SDFDirector.initialize(SDFDirector.java:544)
	at ptolemy.actor.CompositeActor.initialize(CompositeActor.java:935)
	at ptolemy.actor.Manager.initialize(Manager.java:724)
	at ptolemy.actor.Manager.execute(Manager.java:356)
	at ptolemy.actor.Manager.run(Manager.java:1263)
	at ptolemy.actor.Manager$PtolemyRunThread.run(Manager.java:1915)
java.lang.RuntimeException: Execution failed
	at ptolemy.moml.MoMLSimpleApplication$UnloadThread.run(MoMLSimpleApplication.java:402)
Caused by: ptolemy.kernel.util.IllegalActionException: Test fails in iteration 0.
Value was: "WARNING: An illegal reflective access operation has occurred\nWARNING: Illegal reflective access by io.netty.util.internal.ReflectionUtil (file:/home/travis/build/icyphy/ptII/lib/netty-common-4.1.19.Final.jar) to constructor java.nio.DirectByteBuffer(long,int)\nWARNING: Please consider reporting this to the maintainers of io.netty.util.internal.ReflectionUtil\nWARNING: Use --illegal-access=warn to enable warnings of further illegal reflective access operations\nWARNING: All illegal access operations will be denied in a future release\n". Should have been: ""
  in .ExecRunDemos.Test
	at ptolemy.actor.lib.Test.fire(Test.java:268)
	at ptolemy.actor.AtomicActor.iterate(AtomicActor.java:512)
	at ptolemy.actor.sched.StaticSchedulingDirector.fire(StaticSchedulingDirector.java:216)
	at ptolemy.domains.sdf.kernel.SDFDirector.fire(SDFDirector.java:500)
	at ptolemy.actor.CompositeActor.fire(CompositeActor.java:455)
	at ptolemy.actor.Manager.iterate(Manager.java:851)
	at ptolemy.actor.Manager.execute(Manager.java:369)
	at ptolemy.actor.Manager.run(Manager.java:1263)
	at ptolemy.actor.Manager$PtolemyRunThread.run(Manager.java:1915)
]]></system-err>
</testsuite>
