<?xml version="1.0" encoding="UTF-8" ?>
<testsuite errors="0" failures="0" hostname="travis-job-79f8773e-6f05-463b-a000-152e9064d6ef" name="ptolemy.domains.de.test.junit.JUnitTclTest" skipped="0" tests="101" time="129.487" timestamp="2019-06-02T04:31:21">
  <properties>
    <property name="npm.executable" value="npm" />
    <property name="file.encoding.pkg" value="sun.io" />
    <property name="env.TRAVIS_ROOT" value="/" />
    <property name="ptII.mk.exists" value="true" />
    <property name="env.TRAVIS_APP_HOST" value="build.travis-ci.org" />
    <property name="env.rvm_bin_path" value="/home/travis/.rvm/bin" />
    <property name="java.home" value="/usr/lib/jvm/java-8-oracle/jre" />
    <property name="env.TRAVIS_JOB_NUMBER" value="1152.9" />
    <property name="env.TRAVIS_HOME" value="/home/travis" />
    <property name="env.DISPLAY" value=":99.0" />
    <property name="java.net.preferIPv4Stack" value="true" />
    <property name="env.TRAVIS_INIT" value="upstart" />
    <property name="env.SSH_TTY" value="/dev/pts/0" />
    <property name="env.RUN_TESTS" value="true" />
    <property name="timeout.short" value="1000000" />
    <property name="env.TRAVIS_JOB_NAME" value="" />
    <property name="env.TRAVIS_STACK_NODE_ATTRIBUTES" value="/.node-attributes.yml" />
    <property name="junit.formatter" value="xml" />
    <property name="java.endorsed.dirs" value="/usr/lib/jvm/java-8-oracle/jre/lib/endorsed" />
    <property name="env.TRAVIS_SUDO" value="true" />
    <property name="env.LOGNAME" value="travis" />
    <property name="jsdoc.home" value="node_modules/@terraswarm/jsdoc" />
    <property name="debuglevel" value="source,lines,vars" />
    <property name="checkstyle.formatter" value="xml" />
    <property name="bin.vergil.makeable" value="true" />
    <property name="env._system_version" value="14.04" />
    <property name="sun.os.patch.level" value="unknown" />
    <property name="java.vendor.url" value="http://java.oracle.com/" />
    <property name="env.TRAVIS_BUILD_WEB_URL" value="https://travis-ci.org/icyphy/ptII/builds/540278459" />
    <property name="java.version" value="1.8.0_151" />
    <property name="env.TZ" value="UTC" />
    <property name="env.PT_NO_NET" value="true" />
    <property name="env.TRAVIS_PULL_REQUEST_SHA" value="" />
    <property name="env.TRAVIS_SECURE_ENV_VARS" value="true" />
    <property name="env._system_type" value="Linux" />
    <property name="java.vendor.url.bug" value="http://bugreport.sun.com/bugreport/" />
    <property name="env.SSH_CLIENT" value="10.10.16.32 45614 22" />
    <property name="npmjs-org-is-up" value="true" />
    <property name="env.GEM_HOME" value="/home/travis/.rvm/gems/ruby-2.4.1" />
    <property name="env.HAS_ANTARES_THREE_LITTLE_FRONZIES_BADGE" value="true" />
    <property name="env.PS4" value="+" />
    <property name="ant.project.invoked-targets" value="build,test.core2.xml" />
    <property name="env.TRAVIS_PULL_REQUEST_BRANCH" value="" />
    <property name="env.TRAVIS_REPO_SLUG" value="icyphy/ptII" />
    <property name="env.TRAVIS_APT_PROXY" value="http://build-cache.travisci.net" />
    <property name="node.in.path" value="true" />
    <property name="java.maxmemory" value="1400m" />
    <property name="env.RUBY_VERSION" value="ruby-2.4.1" />
    <property name="user.name" value="travis" />
    <property name="env.LANG" value="en_US.UTF-8" />
    <property name="sun.io.unicode.encoding" value="UnicodeLittle" />
    <property name="sun.jnu.encoding" value="UTF-8" />
    <property name="java.runtime.name" value="Java(TM) SE Runtime Environment" />
    <property name="usefile" value="false" />
    <property name="return.code" value="0" />
    <property name="junit.single.formatter" value="plain" />
    <property name="env.DEBIAN_FRONTEND" value="noninteractive" />
    <property name="env.SSH_CONNECTION" value="10.10.16.32 45614 10.20.0.234 22" />
    <property name="env.MYSQL_UNIX_PORT" value="/var/run/mysqld/mysqld.sock" />
    <property name="env.TRAVIS_ALLOW_FAILURE" value="false" />
    <property name="env.LC_ALL" value="en_US.UTF-8" />
    <property name="env.TRAVIS_JOB_WEB_URL" value="https://travis-ci.org/icyphy/ptII/jobs/540278468" />
    <property name="java.specification.name" value="Java Platform API Specification" />
    <property name="node.works" value="true" />
    <property name="user.timezone" value="" />
    <property name="path.separator" value=":" />
    <property name="env.TRAVIS_ENABLE_INFRA_DETECTION" value="true" />
    <property name="env.PYTHON_CFLAGS" value="-g -fstack-protector --param=ssp-buffer-size=4 -Wformat -Werror=format-security" />
    <property name="timeout.long" value="4000000" />
    <property name="file.encoding" value="UTF-8" />
    <property name="ant.file.ptII" value="/home/travis/build/icyphy/ptII/build.xml" />
    <property name="javadoc.packagenames" value="com.*,diva.*,lbnl.*,org.hlacerti.*,org.json.*,org.ptolemy.*,org.terraswarm.*,ptolemy.*,ptserver.*" />
    <property name="env.TRAVIS_PULL_REQUEST_SLUG" value="" />
    <property name="ant.project.default-target" value="build" />
    <property name="env.GIT_ASKPASS" value="echo" />
    <property name="env.HOME" value="/home/travis" />
    <property name="sun.java.command" value="org.apache.tools.ant.taskdefs.optional.junit.JUnitTestRunner ptolemy.domains.de.test.junit.JUnitTclTest skipNonTests=false filtertrace=true haltOnError=false haltOnFailure=false formatter=org.apache.tools.ant.taskdefs.optional.junit.OutErrSummaryJUnitResultFormatter showoutput=true outputtoformatters=true logfailedtests=true threadid=0 logtestlistenerevents=false formatter=org.apache.tools.ant.taskdefs.optional.junit.XMLJUnitResultFormatter,/home/travis/build/icyphy/ptII/reports/junit/TEST-ptolemy.domains.de.test.junit.JUnitTclTest.xml crashfile=/home/travis/build/icyphy/ptII/junitvmwatcher4556080706615422022.properties propsfile=/home/travis/build/icyphy/ptII/junit3043856914804898616.properties" />
    <property name="env.MANPATH" value="/home/travis/.nvm/versions/node/v7.10.1/share/man:/home/travis/.kiex/elixirs/elixir-1.4.5/man:/home/travis/.rvm/rubies/ruby-2.4.1/share/man:/usr/local/man:/usr/local/cmake-3.9.2/man:/usr/local/clang-5.0.0/share/man:/usr/local/share/man:/usr/share/man:/home/travis/.rvm/man" />
    <property name="env.COMPOSER_NO_INTERACTION" value="1" />
    <property name="env.JDK_SWITCHER_DEFAULT" value="oraclejdk8" />
    <property name="env.TRAVIS_TIMER_ID" value="02ec7788" />
    <property name="ant.file" value="/home/travis/build/icyphy/ptII/build.xml" />
    <property name="env.TRAVIS_COMMIT_RANGE" value="0ed28c36560f22da659a6fb443d856255585fe78...f7e773614001b8d7aa6ca1b347adedf532d46552" />
    <property name="env._system_name" value="Ubuntu" />
    <property name="timeout" value="2400000" />
    <property name="ptII.classpath.optional.property" value="/home/travis/build/icyphy/ptII/lib/bsh-2.0b4.jar:/home/travis/build/icyphy/ptII/lib/ptCal.jar:/home/travis/build/icyphy/ptII/lib/java_cup.jar:/home/travis/build/icyphy/ptII/lib/saxon8.jar:/home/travis/build/icyphy/ptII/lib/saxon8-dom.jar:/home/travis/build/icyphy/ptII/lib/chic.jar:/home/travis/build/icyphy/ptII/lib/ptcolt.jar:/usr/lib/jvm/java-8-oracle/lib/tools.jar:/home/travis/build/icyphy/ptII/vendors/misc/itext/iText.jar:/home/travis/build/icyphy/ptII/lib/g4ltl.jar:/home/travis/build/icyphy/ptII/lib/StructuralCoder.jar:/home/travis/build/icyphy/ptII/vendors/jai-1_1_2_01/lib/jai_core.jar:/home/travis/build/icyphy/ptII/vendors/jai-1_1_2_01/lib/jai_codec.jar:/home/travis/build/icyphy/ptII/lib/jcerti.jar:/home/travis/build/icyphy/ptII/lib/javax.mail.jar:/home/travis/build/icyphy/ptII/vendors/JMF-2.1.1e/lib/jmf.jar:/home/travis/build/icyphy/ptII/lib/jna-4.0.0-variadic.jar:/home/travis/build/icyphy/ptII/vendors/misc/joystick/Joystick.jar:/home/travis/build/icyphy/ptII/lib/ptjacl.jar:/home/travis/build/icyphy/ptII/lib/jsoup-1.8.2.jar:/home/travis/build/icyphy/ptII/lib/junit-4.8.2.jar:/home/travis/build/icyphy/ptII/lib/JUnitParams-0.4.0.jar:/home/travis/build/icyphy/ptII/ptolemy/actor/lib/excel/jxl.jar:/home/travis/build/icyphy/ptII/lib/jython.jar:/home/travis/build/icyphy/ptII/lib/kieler.jar:/home/travis/build/icyphy/ptII/vendors/opencv/share/OpenCV/java/opencv-341.jar:/home/travis/build/icyphy/ptII/lib/oscP5.jar:/home/travis/build/icyphy/ptII/lib/nrjavaserial-3.11.0.devel.jar:/home/travis/build/icyphy/ptII/vendors/j3d/lib/j3dcore.jar:/home/travis/build/icyphy/ptII/vendors/j3d/lib/j3dutils.jar:/home/travis/build/icyphy/ptII/vendors/j3d/lib/vecmath.jar:/home/travis/build/icyphy/ptII/ptolemy/distributed/jini/jar/jini-core.jar:/home/travis/build/icyphy/ptII/ptolemy/distributed/jini/jar/jini-ext.jar:/home/travis/build/icyphy/ptII/ptolemy/distributed/jini/jar/sun-util.jar:/home/travis/build/icyphy/ptII/lib/protobuf-java-2.4.1.jar:/home/travis/build/icyphy/ptII/lib/org.eclipse.paho.client.mqttv3.jar:/home/travis/build/icyphy/ptII/lib/mapss.jar:/home/travis/build/icyphy/ptII/ptolemy/actor/ptalon/antlr/antlr.jar:/home/travis/build/icyphy/ptII/lib/JRI.jar:/home/travis/build/icyphy/ptII/lib/commons-lang-2.6.jar:/home/travis/build/icyphy/ptII/lib/commons-logging-1.1.1.jar:/home/travis/build/icyphy/ptII/lib/sootclasses.jar:/home/travis/build/icyphy/ptII/ptolemy/actor/lib/database/mysql-connector-java-5.1.6-bin.jar:/home/travis/build/icyphy/ptII/vendors/misc/sphinx4/sphinx4-data-5prealpha.jar:/home/travis/build/icyphy/ptII/vendors/misc/sphinx4/sphinx4-core-5prealpha.jar:/home/travis/build/icyphy/ptII/lib/PDFRenderer.jar:/home/travis/build/icyphy/ptII/lib/svgSalamander.jar:/home/travis/build/icyphy/ptII/lib/rsyntaxtextarea-2.6.0-SNAPSHOT.jar:/home/travis/build/icyphy/ptII/lib/hazelcast-3.8.2.jar:/home/travis/build/icyphy/ptII/lib/jackson-annotations-2.9.0.jar:/home/travis/build/icyphy/ptII/lib/jackson-core-2.9.3.jar:/home/travis/build/icyphy/ptII/lib/jackson-databind-2.9.3.jar:/home/travis/build/icyphy/ptII/lib/netty-buffer-4.1.19.Final.jar:/home/travis/build/icyphy/ptII/lib/netty-codec-4.1.19.Final.jar:/home/travis/build/icyphy/ptII/lib/netty-codec-dns-4.1.19.Final.jar:/home/travis/build/icyphy/ptII/lib/netty-codec-http-4.1.19.Final.jar:/home/travis/build/icyphy/ptII/lib/netty-codec-http2-4.1.19.Final.jar:/home/travis/build/icyphy/ptII/lib/netty-common-4.1.19.Final.jar:/home/travis/build/icyphy/ptII/lib/netty-handler-4.1.19.Final.jar:/home/travis/build/icyphy/ptII/lib/netty-resolver-4.1.19.Final.jar:/home/travis/build/icyphy/ptII/lib/netty-resolver-dns-4.1.19.Final.jar:/home/travis/build/icyphy/ptII/lib/netty-transport-4.1.19.Final.jar:/home/travis/build/icyphy/ptII/lib/vertx-codegen-3.5.1.jar:/home/travis/build/icyphy/ptII/lib/vertx-core-3.5.2-SNAPSHOT.jar:/home/travis/build/icyphy/ptII/lib/vertx-hazelcast-3.5.1.jar:/home/travis/build/icyphy/ptII/lib/vertx-lang-js-3.5.1.jar:/home/travis/build/icyphy/ptII/lib/vertx-service-proxy-3.5.1.jar:/home/travis/build/icyphy/ptII/lib/vertx-web-3.5.1.jar:/home/travis/build/icyphy/ptII/lib/slf4j-api-1.7.13.jar:/home/travis/build/icyphy/ptII/lib/slf4j-simple-1.7.13.jar:/home/travis/build/icyphy/ptII/lib/webcam-capture-0.3.12.jar:/home/travis/build/icyphy/ptII/lib/bridj-0.7.0.jar:/home/travis/build/icyphy/ptII/lib/xbjlib-1.1.0.nrjavaserial.jar" />
    <property name="test.batch" value="**/junit/*.java" />
    <property name="env._" value="/usr/bin/timeout" />
    <property name="java.io.tmpdir" value="/tmp" />
    <property name="env.TRAVIS_INTERNAL_RUBY_REGEX" value="^ruby-(2\.[0-4]\.[0-9]|1\.9\.3)" />
    <property name="user.language" value="en" />
    <property name="env.HISTCONTROL" value="ignoredups:ignorespace" />
    <property name="env.GOROOT" value="/home/travis/.gimme/versions/go1.7.4.linux.amd64" />
    <property name="line.separator" value="&#xa;" />
    <property name="target" value="1.8" />
    <property name="env.TRAVIS_BUILD_DIR" value="/home/travis/build/icyphy/ptII" />
    <property name="env.ANT_OPTS" value="-Xmx2048m" />
    <property name="ant.file.type" value="file" />
    <property name="ptolemy.ptII.batchMode" value="true" />
    <property name="env.HISTSIZE" value="1000" />
    <property name="env.MERB_ENV" value="test" />
    <property name="java.vm.info" value="mixed mode" />
    <property name="source" value="1.8" />
    <property name="java.vm.specification.name" value="Java Virtual Machine Specification" />
    <property name="env.TRAVIS_TEST_RESULT" value="0" />
    <property name="jsdoc.command" value="node_modules/@terraswarm/jsdoc/jsdoc.js" />
    <property name="npm.works" value="true" />
    <property name="cobertura.dir" value="/home/travis/build/icyphy/ptII/vendors/cobertura-2.0.3" />
    <property name="env.rvm_path" value="/home/travis/.rvm" />
    <property name="env.GEM_PATH" value="/home/travis/.rvm/gems/ruby-2.4.1:/home/travis/.rvm/gems/ruby-2.4.1@global" />
    <property name="env.LC_CTYPE" value="en_US.UTF-8" />
    <property name="java.awt.printerjob" value="sun.print.PSPrinterJob" />
    <property name="env.TRAVIS_CMD" value="$PTII/bin/ptIITravisBuild.sh $SECONDS" />
    <property name="env.TRAVIS_STACK_NAME" value="garnet" />
    <property name="env.TRAVIS_TIMER_START_TIME" value="1559449351425752662" />
    <property name="ant.version" value="Apache Ant(TM) version 1.10.1 compiled on February 2 2017" />
    <property name="ptII.reports" value="/home/travis/build/icyphy/ptII/reports" />
    <property name="env.TRAVIS_STACK_TIMESTAMP" value="2017-12-05 19:33:09 UTC" />
    <property name="ant.file.type.ptII" value="file" />
    <property name="env.RBENV_SHELL" value="bash" />
    <property name="os.name" value="Linux" />
    <property name="java.specification.vendor" value="Oracle Corporation" />
    <property name="env.rvm_version" value="1.29.3 (latest)" />
    <property name="env.TRAVIS_INFRA" value="gce" />
    <property name="env.TERM" value="xterm" />
    <property name="java.vm.name" value="Java HotSpot(TM) 64-Bit Server VM" />
    <property name="env.TRAVIS_BUILD_NUMBER" value="1152" />
    <property name="env.CI" value="true" />
    <property name="java.library.path" value="/usr/lib/jni:/usr/local/share/OpenCV/java/:/usr/share/OpenCV/java::/usr/java/packages/lib/amd64:/usr/lib64:/lib64:/lib:/usr/lib" />
    <property name="env.rvm_prefix" value="/home/travis" />
    <property name="env.PATH" value="/home/travis/.rvm/gems/ruby-2.4.1/bin:/home/travis/.rvm/gems/ruby-2.4.1@global/bin:/home/travis/.rvm/rubies/ruby-2.4.1/bin:/home/travis/.rvm/bin:/home/travis/.nvm/versions/node/v7.10.1/bin:./node_modules/.bin:/home/travis/build/icyphy/ptII/bin:/home/travis/pthla/certi-tools/bin:/home/travis/bin:/home/travis/.local/bin:/opt/pyenv/shims:/home/travis/.phpenv/shims:/home/travis/perl5/perlbrew/bin:/home/travis/.kiex/elixirs/elixir-1.4.5/bin:/home/travis/.kiex/bin:/home/travis/gopath/bin:/home/travis/.gimme/versions/go1.7.4.linux.amd64/bin:/usr/local/phantomjs/bin:/usr/local/phantomjs:/usr/local/neo4j-3.2.7/bin:/usr/local/maven-3.5.2/bin:/usr/local/cmake-3.9.2/bin:/usr/local/clang-5.0.0/bin:/usr/local/sbin:/usr/local/bin:/usr/sbin:/usr/bin:/sbin:/bin:/home/travis/.phpenv/bin:/opt/pyenv/bin:/home/travis/.yarn/bin" />
    <property name="env.TRAVIS_OS_NAME" value="linux" />
    <property name="ant.java.version" value="1.8" />
    <property name="basedir" value="/home/travis/build/icyphy/ptII" />
    <property name="java.class.version" value="52.0" />
    <property name="env.SHLVL" value="3" />
    <property name="env.LD_LIBRARY_PATH" value="/usr/lib/jni:/usr/local/share/OpenCV/java/:/usr/share/OpenCV/java:" />
    <property name="env.RACK_ENV" value="test" />
    <property name="ant.home" value="/home/travis/build/icyphy/ptII/ant" />
    <property name="env.NVM_DIR" value="/home/travis/.nvm" />
    <property name="env.PERLBREW_BASHRC_VERSION" value="0.80" />
    <property name="env.TRAVIS_BUILD_ID" value="540278459" />
    <property name="env.PYENV_ROOT" value="/opt/pyenv" />
    <property name="env.TRAVIS_UID" value="2000" />
    <property name="env.rvm_pretty_print_flag" value="auto" />
    <property name="env.NVM_BIN" value="/home/travis/.nvm/versions/node/v7.10.1/bin" />
    <property name="env.TRAVIS_COMMIT" value="f7e773614001b8d7aa6ca1b347adedf532d46552" />
    <property name="env._system_arch" value="x86_64" />
    <property name="node.executable" value="node" />
    <property name="sun.boot.library.path" value="/usr/lib/jvm/java-8-oracle/jre/lib/amd64" />
    <property name="sun.management.compiler" value="HotSpot 64-Bit Tiered Compilers" />
    <property name="env.GOPATH" value="/home/travis/gopath" />
    <property name="java.awt.graphicsenv" value="sun.awt.X11GraphicsEnvironment" />
    <property name="ptolemy.ptII.dir" value="/home/travis/build/icyphy/ptII" />
    <property name="env.USER" value="travis" />
    <property name="env.HISTFILESIZE" value="2000" />
    <property name="timeout.longest" value="19000000" />
    <property name="env.TRAVIS_STACK_FEATURES" value="basic cassandra chromium couchdb disabled-ipv6 docker docker-compose elasticsearch firefox go-toolchain google-chrome jdk memcached mongodb mysql neo4j nodejs_interpreter perl_interpreter perlbrew phantomjs postgresql python_interpreter rabbitmq redis riak ruby_interpreter sqlite xserver" />
    <property name="env.TRAVIS_PULL_REQUEST" value="false" />
    <property name="env.PYENV_SHELL" value="bash" />
    <property name="ant.project.name" value="ptII" />
    <property name="java.vm.specification.version" value="1.8" />
    <property name="env.ANSI_RESET" value="\033[0m" />
    <property name="env.TRAVIS_DIST" value="trusty" />
    <property name="env.NLSPATH" value="/usr/dt/lib/nls/msg/%L/%N.cat" />
    <property name="awt.toolkit" value="sun.awt.X11.XToolkit" />
    <property name="env.MY_RUBY_HOME" value="/home/travis/.rvm/rubies/ruby-2.4.1" />
    <property name="sun.cpu.isalist" value="" />
    <property name="env.TRAVIS_TMPDIR" value="/tmp/tmp.EXhboFGuxL" />
    <property name="java.ext.dirs" value="/usr/lib/jvm/java-8-oracle/jre/lib/ext:/usr/java/packages/lib/ext" />
    <property name="os.version" value="4.4.0-101-generic" />
    <property name="user.home" value="/home/travis" />
    <property name="env.MIX_ARCHIVES" value="/home/travis/.kiex/mix/elixir-1.4.5" />
    <property name="java.vm.vendor" value="Oracle Corporation" />
    <property name="env.TRAVIS_TAG" value="nightly" />
    <property name="env.ANSI_YELLOW" value="\033[33;1m" />
    <property name="env.TRAVIS_FILTERED" value="redirect_io" />
    <property name="env.PTII" value="/home/travis/build/icyphy/ptII" />
    <property name="env.JAVA_HOME" value="/usr/lib/jvm/java-8-oracle" />
    <property name="javadoc.excludepackagenames" value="adm.cvs2svn.*,build.*,config.*,doc.coding.templates.*,jni.test.jni.meaningOfLife.*,jni.test.jni.testDeux.*,jni.test.jni.testTrois.*,org.terraswarm.accessor.accessors.web.node_modules.*,org.terraswarm.accessor.accessors.web.hosts.cordova.demo.*,org.terraswarm.accessor.accessors.web.hosts.cordova.plugins.*,org.terraswarm.accessor.accessors-svn.*,pt-modules.*,ptolemy.apps.agilent.*,ptolemy.apps.anytimecontrol.*,ptolemy.apps.apes.*,ptolemy.apps.charon.*,ptolemy.apps.crazyboard.*,ptolemy.apps.eclipse.*,ptolemy.apps.etherealSting.*,ptolemy.apps.fullscreen.*,ptolemy.apps.giotto.*,ptolemy.apps.ia.*,ptolemy.apps.interfaces.*,ptolemy.apps.jmf.*,ptolemy.apps.kurt.*,ptolemy.apps.kvm.*,ptolemy.apps.lego.*,ptolemy.apps.lejos.*,ptolemy.apps.midp.*,ptolemy.apps.mobileCoding.*,ptolemy.apps.pendulum.*,ptolemy.apps.rijndael.*,ptolemy.apps.robot.*,ptolemy.apps.security.*,ptolemy.apps.sobel.*,ptolemy.apps.soot.*,ptolemy.apps.throttle.*,ptolemy.apps.tini.*,ptolemy.apps.transmission.*,ptolemy.apps.vergil.*,ptolemy.apps.waba.*,ptolemy.apps.websensor.*,ptolemy.apps.webstart.*,ptolemy.apps.xsl.*,ptolemy.apps.zaurus.*,ptolemy.codegen.c.actor.lib.oldJavaFiles.*,ptolemy.codegen.dsp.lib.*,ptolemy.codegen.kernel.newInterfaces.*,ptolemy.codegen.lib.*,ptolemy.copernicus.kernel.fragment.*,ptolemy.copernicus.shallow.cg.*,ptolemy.domains.giotto.demo.Hierarchy.Hierarchy.*,ptolemy.domains.giotto.demo.Multimode.Multimode.*,ptolemy.domains.giotto.demo.Simple.Simple.*,ptolemy.domains.gr.lib.experimental.*,ptolemy.domains.gro.*,ptolemy.domains.pdf.*,ptolemy.domains.ptinyos.demo.Surge.output.*,ptolemy.moml.test.NoPackageActor.java*,ptolemy.plot.adm.*,ptolemy.plot.servlet.*,reports.*,signed.*,src.*,target.*,vendors.*,ptolemy.apps.eclipse.awt.*,ptolemy.backtrack.*,ptolemy.backtrack.ast.*,ptolemy.cg.adapter.generic.program.procedural.c.mbed*,ptolemy.homer.*,org.ptolemy.scala.*,diva.util.java2d.svg.*,ptolemy.domains.ptinyos.*,ptolemy.actor.lib.fmi.fmipp.*,,org.terraswarm.accessor.accessors.web.node_modules.*,org.terraswarm.accessor.accessors-svn,ptolemy.apps.*,ptolemy.actor.ptalon.demo.ptinyos.SendAndReceiveCnt.output,ptolemy.actor.ptalon.demo.ptinyos.SenseToLeds.output,ptolemy.domains.ptinyos.demo.CntToLedsAndRfm.output,ptolemy.domains.ptinyos.demo.RfmToLeds.output,ptolemy.domains.ptinyos.demo.SendAndReceiveCnt.output,ptolemy.domains.ptinyos.demo.SenseToLeds.output,ptolemy.actor.lib.jjs.modules.udpSocket.*" />
    <property name="env.ANSI_GREEN" value="\033[32;1m" />
    <property name="env.TRAVIS_COMMIT_MESSAGE" value="Fixing error message in DuplicatedInstanceNameSender.xml (since last&#xa;commit the HlaPublisher actor is highlighted when there is an exception (instead of HlaManager))." />
    <property name="keystore" value="ptKeystore" />
    <property name="env.XDG_SESSION_ID" value="2" />
    <property name="junit.output.dir" value="/home/travis/build/icyphy/ptII/reports/junit" />
    <property name="npm.return.code" value="0" />
    <property name="user.dir" value="/home/travis/build/icyphy/ptII/ptolemy/domains/de/test" />
    <property name="env.XFILESEARCHPATH" value="/usr/dt/app-defaults/%L/Dt" />
    <property name="env.TRAVIS_NODE_VERSION" value="7" />
    <property name="env.MAIL" value="/var/mail/travis" />
    <property name="env.TRAVIS_EVENT_TYPE" value="cron" />
    <property name="env.PWD" value="/home/travis/build/icyphy/ptII" />
    <property name="env.PERLBREW_ROOT" value="/home/travis/perl5/perlbrew" />
    <property name="timeout.npm" value="45000" />
    <property name="env.PT_TRAVIS_TEST_CORE2_XML" value="true" />
    <property name="env.TRAVIS_ARCH" value="amd64" />
    <property name="env.PAGER" value="cat" />
    <property name="sun.cpu.endian" value="little" />
    <property name="env.TRAVIS_BUILD_STAGE_NAME" value="Test" />
    <property name="env.PERLBREW_HOME" value="/home/travis/.perlbrew" />
    <property name="java.vm.version" value="25.151-b12" />
    <property name="env.RAILS_ENV" value="test" />
    <property name="java.class.path" value="/home/travis/build/icyphy/ptII:/home/travis/build/icyphy/ptII/lib/bsh-2.0b4.jar:/home/travis/build/icyphy/ptII/lib/ptCal.jar:/home/travis/build/icyphy/ptII/lib/java_cup.jar:/home/travis/build/icyphy/ptII/lib/saxon8.jar:/home/travis/build/icyphy/ptII/lib/saxon8-dom.jar:/home/travis/build/icyphy/ptII/lib/chic.jar:/home/travis/build/icyphy/ptII/lib/ptcolt.jar:/usr/lib/jvm/java-8-oracle/lib/tools.jar:/home/travis/build/icyphy/ptII/vendors/misc/itext/iText.jar:/home/travis/build/icyphy/ptII/lib/g4ltl.jar:/home/travis/build/icyphy/ptII/lib/StructuralCoder.jar:/home/travis/build/icyphy/ptII/vendors/jai-1_1_2_01/lib/jai_core.jar:/home/travis/build/icyphy/ptII/vendors/jai-1_1_2_01/lib/jai_codec.jar:/home/travis/build/icyphy/ptII/lib/jcerti.jar:/home/travis/build/icyphy/ptII/lib/javax.mail.jar:/home/travis/build/icyphy/ptII/vendors/JMF-2.1.1e/lib/jmf.jar:/home/travis/build/icyphy/ptII/lib/jna-4.0.0-variadic.jar:/home/travis/build/icyphy/ptII/vendors/misc/joystick/Joystick.jar:/home/travis/build/icyphy/ptII/lib/ptjacl.jar:/home/travis/build/icyphy/ptII/lib/jsoup-1.8.2.jar:/home/travis/build/icyphy/ptII/lib/junit-4.8.2.jar:/home/travis/build/icyphy/ptII/lib/JUnitParams-0.4.0.jar:/home/travis/build/icyphy/ptII/ptolemy/actor/lib/excel/jxl.jar:/home/travis/build/icyphy/ptII/lib/jython.jar:/home/travis/build/icyphy/ptII/lib/kieler.jar:/home/travis/build/icyphy/ptII/vendors/opencv/share/OpenCV/java/opencv-341.jar:/home/travis/build/icyphy/ptII/lib/oscP5.jar:/home/travis/build/icyphy/ptII/lib/nrjavaserial-3.11.0.devel.jar:/home/travis/build/icyphy/ptII/vendors/j3d/lib/j3dcore.jar:/home/travis/build/icyphy/ptII/vendors/j3d/lib/j3dutils.jar:/home/travis/build/icyphy/ptII/vendors/j3d/lib/vecmath.jar:/home/travis/build/icyphy/ptII/ptolemy/distributed/jini/jar/jini-core.jar:/home/travis/build/icyphy/ptII/ptolemy/distributed/jini/jar/jini-ext.jar:/home/travis/build/icyphy/ptII/ptolemy/distributed/jini/jar/sun-util.jar:/home/travis/build/icyphy/ptII/lib/protobuf-java-2.4.1.jar:/home/travis/build/icyphy/ptII/lib/org.eclipse.paho.client.mqttv3.jar:/home/travis/build/icyphy/ptII/lib/mapss.jar:/home/travis/build/icyphy/ptII/ptolemy/actor/ptalon/antlr/antlr.jar:/home/travis/build/icyphy/ptII/lib/JRI.jar:/home/travis/build/icyphy/ptII/lib/commons-lang-2.6.jar:/home/travis/build/icyphy/ptII/lib/commons-logging-1.1.1.jar:/home/travis/build/icyphy/ptII/lib/sootclasses.jar:/home/travis/build/icyphy/ptII/ptolemy/actor/lib/database/mysql-connector-java-5.1.6-bin.jar:/home/travis/build/icyphy/ptII/vendors/misc/sphinx4/sphinx4-data-5prealpha.jar:/home/travis/build/icyphy/ptII/vendors/misc/sphinx4/sphinx4-core-5prealpha.jar:/home/travis/build/icyphy/ptII/lib/PDFRenderer.jar:/home/travis/build/icyphy/ptII/lib/svgSalamander.jar:/home/travis/build/icyphy/ptII/lib/rsyntaxtextarea-2.6.0-SNAPSHOT.jar:/home/travis/build/icyphy/ptII/lib/hazelcast-3.8.2.jar:/home/travis/build/icyphy/ptII/lib/jackson-annotations-2.9.0.jar:/home/travis/build/icyphy/ptII/lib/jackson-core-2.9.3.jar:/home/travis/build/icyphy/ptII/lib/jackson-databind-2.9.3.jar:/home/travis/build/icyphy/ptII/lib/netty-buffer-4.1.19.Final.jar:/home/travis/build/icyphy/ptII/lib/netty-codec-4.1.19.Final.jar:/home/travis/build/icyphy/ptII/lib/netty-codec-dns-4.1.19.Final.jar:/home/travis/build/icyphy/ptII/lib/netty-codec-http-4.1.19.Final.jar:/home/travis/build/icyphy/ptII/lib/netty-codec-http2-4.1.19.Final.jar:/home/travis/build/icyphy/ptII/lib/netty-common-4.1.19.Final.jar:/home/travis/build/icyphy/ptII/lib/netty-handler-4.1.19.Final.jar:/home/travis/build/icyphy/ptII/lib/netty-resolver-4.1.19.Final.jar:/home/travis/build/icyphy/ptII/lib/netty-resolver-dns-4.1.19.Final.jar:/home/travis/build/icyphy/ptII/lib/netty-transport-4.1.19.Final.jar:/home/travis/build/icyphy/ptII/lib/vertx-codegen-3.5.1.jar:/home/travis/build/icyphy/ptII/lib/vertx-core-3.5.2-SNAPSHOT.jar:/home/travis/build/icyphy/ptII/lib/vertx-hazelcast-3.5.1.jar:/home/travis/build/icyphy/ptII/lib/vertx-lang-js-3.5.1.jar:/home/travis/build/icyphy/ptII/lib/vertx-service-proxy-3.5.1.jar:/home/travis/build/icyphy/ptII/lib/vertx-web-3.5.1.jar:/home/travis/build/icyphy/ptII/lib/slf4j-api-1.7.13.jar:/home/travis/build/icyphy/ptII/lib/slf4j-simple-1.7.13.jar:/home/travis/build/icyphy/ptII/lib/webcam-capture-0.3.12.jar:/home/travis/build/icyphy/ptII/lib/bridj-0.7.0.jar:/home/travis/build/icyphy/ptII/lib/xbjlib-1.1.0.nrjavaserial.jar:/home/travis/build/icyphy/ptII/ptolemy/moml/test:/home/travis/build/icyphy/ptII/ant/lib/ant-launcher.jar:/home/travis/build/icyphy/ptII/ant/lib/ant.jar:/home/travis/build/icyphy/ptII/ant/lib/ant-junit.jar:/home/travis/build/icyphy/ptII/ant/lib/ant-junit4.jar" />
    <property name="ant.library.dir" value="/home/travis/build/icyphy/ptII/ant/lib" />
    <property name="os.arch" value="amd64" />
    <property name="env.TRAVIS_LANGUAGE" value="node_js" />
    <property name="env.CONTINUOUS_INTEGRATION" value="true" />
    <property name="env.TRAVIS_STACK_LANGUAGES" value="__garnet__ c c++ clojure cplusplus cpp default go groovy java node_js php pure_java python ruby scala" />
    <property name="test.name" value="ptolemy.actor.lib.test.junit.JUnitTclTest" />
    <property name="sun.java.launcher" value="SUN_STANDARD" />
    <property name="env.PYTHON_CONFIGURE_OPTS" value="--enable-unicode=ucs4 --with-wide-unicode --enable-shared --enable-ipv6 --enable-loadable-sqlite-extensions --with-computed-gotos" />
    <property name="ant.core.lib" value="/home/travis/build/icyphy/ptII/ant/lib/ant.jar" />
    <property name="java.vm.specification.vendor" value="Oracle Corporation" />
    <property name="env.BCVTB_HOME" value="/home/travis/build/icyphy/ptII/lbnl" />
    <property name="file.separator" value="/" />
    <property name="java.runtime.version" value="1.8.0_151-b12" />
    <property name="spotbugs.home" value="/home/travis/build/icyphy/ptII/vendors/spotbugs-3.1.1" />
    <property name="sun.boot.class.path" value="/usr/lib/jvm/java-8-oracle/jre/lib/resources.jar:/usr/lib/jvm/java-8-oracle/jre/lib/rt.jar:/usr/lib/jvm/java-8-oracle/jre/lib/sunrsasign.jar:/usr/lib/jvm/java-8-oracle/jre/lib/jsse.jar:/usr/lib/jvm/java-8-oracle/jre/lib/jce.jar:/usr/lib/jvm/java-8-oracle/jre/lib/charsets.jar:/usr/lib/jvm/java-8-oracle/jre/lib/jfr.jar:/usr/lib/jvm/java-8-oracle/jre/classes" />
    <property name="env.ANSI_CLEAR" value="\033[0K" />
    <property name="env.HAS_JOSH_K_SEAL_OF_APPROVAL" value="true" />
    <property name="env.TRAVIS_OSX_IMAGE" value="" />
    <property name="env.XDG_RUNTIME_DIR" value="/run/user/2000" />
    <property name="env.TRAVIS_JOB_ID" value="540278468" />
    <property name="env.TRAVIS_BRANCH" value="master" />
    <property name="user.country" value="US" />
    <property name="env.CERTI_HOME_TRAVIS" value="/home/travis/pthla/certi-tools" />
    <property name="env.SHELL" value="/bin/bash" />
    <property name="java.maxmemory.large" value="5000m" />
    <property name="model" value="" />
    <property name="env.CASHER_DIR" value="/home/travis/.casher" />
    <property name="env.NVM_CD_FLAGS" value="" />
    <property name="jshint.executable" value="/home/travis/node_modules/jshint/bin/jshint" />
    <property name="java.vendor" value="Oracle Corporation" />
    <property name="env.JRUBY_OPTS" value=" --client -J-XX:+TieredCompilation -J-XX:TieredStopAtLevel=1 -J-Xss2m -Xcompile.invokedynamic=false" />
    <property name="env.TRAVIS_PRE_CHEF_BOOTSTRAP_TIME" value="2017-12-05T19:32:55" />
    <property name="env.TRAVIS_STACK_JOB_BOARD_REGISTER" value="/.job-board-register.yml" />
    <property name="env.ELIXIR_VERSION" value="1.4.5" />
    <property name="env.ANSI_RED" value="\033[31;1m" />
    <property name="java.specification.version" value="1.8" />
    <property name="env.TRAVIS" value="true" />
    <property name="env.IRBRC" value="/home/travis/.rvm/rubies/ruby-2.4.1/.irbrc" />
    <property name="sun.arch.data.model" value="64" />
  </properties>
  <testcase classname="ptolemy.util.test.junit.TclTests" name="[0] /home/travis/build/icyphy/ptII/ptolemy/domains/de/test/DependencyLoop.tcl (RunTclFile)" time="0.814" />
  <testcase classname="ptolemy.util.test.junit.TclTests" name="[1] /home/travis/build/icyphy/ptII/ptolemy/domains/de/test/RunDETestsAsQSS.tcl (RunTclFile)" time="88.856" />
  <testcase classname="ptolemy.util.test.junit.AutoKnownFailedTests" name="[0] /home/travis/build/icyphy/ptII/ptolemy/domains/de/test/auto/knownFailedTests/DESDFClockTest.xml (RunModel)" time="2.033" />
  <testcase classname="ptolemy.util.test.junit.AutoKnownFailedTests" name="[1] /home/travis/build/icyphy/ptII/ptolemy/domains/de/test/auto/knownFailedTests/DirectFeedback.xml (RunModel)" time="0.014" />
  <testcase classname="ptolemy.util.test.junit.AutoKnownFailedTests" name="[2] /home/travis/build/icyphy/ptII/ptolemy/domains/de/test/auto/knownFailedTests/FSMSource.xml (RunModel)" time="0.025" />
  <testcase classname="ptolemy.util.test.junit.AutoKnownFailedTests" name="[3] /home/travis/build/icyphy/ptII/ptolemy/domains/de/test/auto/knownFailedTests/HierarchicalModel.xml (RunModel)" time="0.052" />
  <testcase classname="ptolemy.util.test.junit.AutoKnownFailedTests" name="[4] /home/travis/build/icyphy/ptII/ptolemy/domains/de/test/auto/knownFailedTests/dependencyLoop.xml (RunModel)" time="0.031" />
  <testcase classname="ptolemy.util.test.junit.AutoKnownFailedTests" name="[5] /home/travis/build/icyphy/ptII/ptolemy/domains/de/test/auto/knownFailedTests/dependencyLoop2.xml (RunModel)" time="0.042" />
  <testcase classname="ptolemy.util.test.junit.AutoNameArchTests" name="[0] ThereAreNoAutoArchTests (RunModel)" time="0.005" />
  <testcase classname="ptolemy.util.test.junit.AutoTests" name="[0] /home/travis/build/icyphy/ptII/ptolemy/domains/de/test/auto/ActorDepthCalculation_actorWithoutPorts.xml (RunModel)" time="0.017" />
  <testcase classname="ptolemy.util.test.junit.AutoTests" name="[1] /home/travis/build/icyphy/ptII/ptolemy/domains/de/test/auto/AssemblyLine.xml (RunModel)" time="0.018" />
  <testcase classname="ptolemy.util.test.junit.AutoTests" name="[2] /home/travis/build/icyphy/ptII/ptolemy/domains/de/test/auto/CQBug1.xml (RunModel)" time="0.013" />
  <testcase classname="ptolemy.util.test.junit.AutoTests" name="[3] /home/travis/build/icyphy/ptII/ptolemy/domains/de/test/auto/CancelFireAt.xml (RunModel)" time="0.011" />
  <testcase classname="ptolemy.util.test.junit.AutoTests" name="[4] /home/travis/build/icyphy/ptII/ptolemy/domains/de/test/auto/CausalityAndComposabilityAnalysis.xml (RunModel)" time="0.012" />
  <testcase classname="ptolemy.util.test.junit.AutoTests" name="[5] /home/travis/build/icyphy/ptII/ptolemy/domains/de/test/auto/CausalityInterface1.xml (RunModel)" time="0.013" />
  <testcase classname="ptolemy.util.test.junit.AutoTests" name="[6] /home/travis/build/icyphy/ptII/ptolemy/domains/de/test/auto/CausalityInterface15.xml (RunModel)" time="0.017" />
  <testcase classname="ptolemy.util.test.junit.AutoTests" name="[7] /home/travis/build/icyphy/ptII/ptolemy/domains/de/test/auto/CausalityInterface2.xml (RunModel)" time="0.018" />
  <testcase classname="ptolemy.util.test.junit.AutoTests" name="[8] /home/travis/build/icyphy/ptII/ptolemy/domains/de/test/auto/CausalityInterface3.xml (RunModel)" time="0.01" />
  <testcase classname="ptolemy.util.test.junit.AutoTests" name="[9] /home/travis/build/icyphy/ptII/ptolemy/domains/de/test/auto/ClockDrift.xml (RunModel)" time="0.038" />
  <testcase classname="ptolemy.util.test.junit.AutoTests" name="[10] /home/travis/build/icyphy/ptII/ptolemy/domains/de/test/auto/ClockDriftAndValueChange.xml (RunModel)" time="0.027" />
  <testcase classname="ptolemy.util.test.junit.AutoTests" name="[11] /home/travis/build/icyphy/ptII/ptolemy/domains/de/test/auto/ClockDriftChange.xml (RunModel)" time="0.025" />
  <testcase classname="ptolemy.util.test.junit.AutoTests" name="[12] /home/travis/build/icyphy/ptII/ptolemy/domains/de/test/auto/ComposableCausalityAnalysis.xml (RunModel)" time="0.018" />
  <testcase classname="ptolemy.util.test.junit.AutoTests" name="[13] /home/travis/build/icyphy/ptII/ptolemy/domains/de/test/auto/DEFixedPointLimitation.xml (RunModel)" time="0.009" />
  <testcase classname="ptolemy.util.test.junit.AutoTests" name="[14] /home/travis/build/icyphy/ptII/ptolemy/domains/de/test/auto/DEScheduleTest.xml (RunModel)" time="0.031" />
  <testcase classname="ptolemy.util.test.junit.AutoTests" name="[15] /home/travis/build/icyphy/ptII/ptolemy/domains/de/test/auto/DEinDEwithStartTimes.xml (RunModel)" time="0.016" />
  <testcase classname="ptolemy.util.test.junit.AutoTests" name="[16] /home/travis/build/icyphy/ptII/ptolemy/domains/de/test/auto/DEinDEwithStartTimes2.xml (RunModel)" time="0.013" />
  <testcase classname="ptolemy.util.test.junit.AutoTests" name="[17] /home/travis/build/icyphy/ptII/ptolemy/domains/de/test/auto/DateDemo.xml (RunModel)" time="0.025" />
  <testcase classname="ptolemy.util.test.junit.AutoTests" name="[18] /home/travis/build/icyphy/ptII/ptolemy/domains/de/test/auto/DateToEvent.xml (RunModel)" time="2.033" />
  <testcase classname="ptolemy.util.test.junit.AutoTests" name="[19] /home/travis/build/icyphy/ptII/ptolemy/domains/de/test/auto/DepthTest1.xml (RunModel)" time="0.009" />
  <testcase classname="ptolemy.util.test.junit.AutoTests" name="[20] /home/travis/build/icyphy/ptII/ptolemy/domains/de/test/auto/DepthTest2.xml (RunModel)" time="0.019" />
  <testcase classname="ptolemy.util.test.junit.AutoTests" name="[21] /home/travis/build/icyphy/ptII/ptolemy/domains/de/test/auto/DepthTest3.xml (RunModel)" time="0.008" />
  <testcase classname="ptolemy.util.test.junit.AutoTests" name="[22] /home/travis/build/icyphy/ptII/ptolemy/domains/de/test/auto/DepthTest4.xml (RunModel)" time="0.012" />
  <testcase classname="ptolemy.util.test.junit.AutoTests" name="[23] /home/travis/build/icyphy/ptII/ptolemy/domains/de/test/auto/DepthTest5.xml (RunModel)" time="0.015" />
  <testcase classname="ptolemy.util.test.junit.AutoTests" name="[24] /home/travis/build/icyphy/ptII/ptolemy/domains/de/test/auto/DepthTest6.xml (RunModel)" time="0.016" />
  <testcase classname="ptolemy.util.test.junit.AutoTests" name="[25] /home/travis/build/icyphy/ptII/ptolemy/domains/de/test/auto/DepthTest7.xml (RunModel)" time="0.014" />
  <testcase classname="ptolemy.util.test.junit.AutoTests" name="[26] /home/travis/build/icyphy/ptII/ptolemy/domains/de/test/auto/EventToDate.xml (RunModel)" time="3.037" />
  <testcase classname="ptolemy.util.test.junit.AutoTests" name="[27] /home/travis/build/icyphy/ptII/ptolemy/domains/de/test/auto/FSM1.xml (RunModel)" time="0.057" />
  <testcase classname="ptolemy.util.test.junit.AutoTests" name="[28] /home/travis/build/icyphy/ptII/ptolemy/domains/de/test/auto/FSM7.xml (RunModel)" time="0.048" />
  <testcase classname="ptolemy.util.test.junit.AutoTests" name="[29] /home/travis/build/icyphy/ptII/ptolemy/domains/de/test/auto/Inspection.xml (RunModel)" time="0.042" />
  <testcase classname="ptolemy.util.test.junit.AutoTests" name="[30] /home/travis/build/icyphy/ptII/ptolemy/domains/de/test/auto/Iteration.xml (RunModel)" time="0.024" />
  <testcase classname="ptolemy.util.test.junit.AutoTests" name="[31] /home/travis/build/icyphy/ptII/ptolemy/domains/de/test/auto/LineFault.xml (RunModel)" time="0.569" />
  <testcase classname="ptolemy.util.test.junit.AutoTests" name="[32] /home/travis/build/icyphy/ptII/ptolemy/domains/de/test/auto/MergeModel1Add.xml (RunModel)" time="0.04" />
  <testcase classname="ptolemy.util.test.junit.AutoTests" name="[33] /home/travis/build/icyphy/ptII/ptolemy/domains/de/test/auto/MergeModel2Add.xml (RunModel)" time="0.04" />
  <testcase classname="ptolemy.util.test.junit.AutoTests" name="[34] /home/travis/build/icyphy/ptII/ptolemy/domains/de/test/auto/MergeModel3Add.xml (RunModel)" time="0.045" />
  <testcase classname="ptolemy.util.test.junit.AutoTests" name="[35] /home/travis/build/icyphy/ptII/ptolemy/domains/de/test/auto/MergeWithoutDiscard.xml (RunModel)" time="0.009" />
  <testcase classname="ptolemy.util.test.junit.AutoTests" name="[36] /home/travis/build/icyphy/ptII/ptolemy/domains/de/test/auto/Modal1.xml (RunModel)" time="0.029" />
  <testcase classname="ptolemy.util.test.junit.AutoTests" name="[37] /home/travis/build/icyphy/ptII/ptolemy/domains/de/test/auto/Modal2.xml (RunModel)" time="0.033" />
  <testcase classname="ptolemy.util.test.junit.AutoTests" name="[38] /home/travis/build/icyphy/ptII/ptolemy/domains/de/test/auto/Modal3.xml (RunModel)" time="0.032" />
  <testcase classname="ptolemy.util.test.junit.AutoTests" name="[39] /home/travis/build/icyphy/ptII/ptolemy/domains/de/test/auto/Modal4.xml (RunModel)" time="0.028" />
  <testcase classname="ptolemy.util.test.junit.AutoTests" name="[40] /home/travis/build/icyphy/ptII/ptolemy/domains/de/test/auto/Modal5.xml (RunModel)" time="0.026" />
  <testcase classname="ptolemy.util.test.junit.AutoTests" name="[41] /home/travis/build/icyphy/ptII/ptolemy/domains/de/test/auto/Modal6.xml (RunModel)" time="0.031" />
  <testcase classname="ptolemy.util.test.junit.AutoTests" name="[42] /home/travis/build/icyphy/ptII/ptolemy/domains/de/test/auto/Modal7.xml (RunModel)" time="0.027" />
  <testcase classname="ptolemy.util.test.junit.AutoTests" name="[43] /home/travis/build/icyphy/ptII/ptolemy/domains/de/test/auto/ModalModel.xml (RunModel)" time="0.138" />
  <testcase classname="ptolemy.util.test.junit.AutoTests" name="[44] /home/travis/build/icyphy/ptII/ptolemy/domains/de/test/auto/ModalSource.xml (RunModel)" time="0.025" />
  <testcase classname="ptolemy.util.test.junit.AutoTests" name="[45] /home/travis/build/icyphy/ptII/ptolemy/domains/de/test/auto/NonInterruptibleTimerZeroDelay.xml (RunModel)" time="0.01" />
  <testcase classname="ptolemy.util.test.junit.AutoTests" name="[46] /home/travis/build/icyphy/ptII/ptolemy/domains/de/test/auto/OpenQueueingNetwork.xml (RunModel)" time="2.27" />
  <testcase classname="ptolemy.util.test.junit.AutoTests" name="[47] /home/travis/build/icyphy/ptII/ptolemy/domains/de/test/auto/OpenQueuingNetwork.xml (RunModel)" time="0.278" />
  <testcase classname="ptolemy.util.test.junit.AutoTests" name="[48] /home/travis/build/icyphy/ptII/ptolemy/domains/de/test/auto/PeriodicSampler.xml (RunModel)" time="0.01" />
  <testcase classname="ptolemy.util.test.junit.AutoTests" name="[49] /home/travis/build/icyphy/ptII/ptolemy/domains/de/test/auto/PersistentIO.xml (RunModel)" time="0.018" />
  <testcase classname="ptolemy.util.test.junit.AutoTests" name="[50] /home/travis/build/icyphy/ptII/ptolemy/domains/de/test/auto/PortParameterResetOnInitialize.xml (RunModel)" time="0.009" />
  <testcase classname="ptolemy.util.test.junit.AutoTests" name="[51] /home/travis/build/icyphy/ptII/ptolemy/domains/de/test/auto/PortParameterUpdates.xml (RunModel)" time="0.016" />
  <testcase classname="ptolemy.util.test.junit.AutoTests" name="[52] /home/travis/build/icyphy/ptII/ptolemy/domains/de/test/auto/QueueAndServer.xml (RunModel)" time="0.02" />
  <testcase classname="ptolemy.util.test.junit.AutoTests" name="[53] /home/travis/build/icyphy/ptII/ptolemy/domains/de/test/auto/Records.xml (RunModel)" time="0.014" />
  <testcase classname="ptolemy.util.test.junit.AutoTests" name="[54] /home/travis/build/icyphy/ptII/ptolemy/domains/de/test/auto/ResetTransitionWithStartTime1.xml (RunModel)" time="0.02" />
  <testcase classname="ptolemy.util.test.junit.AutoTests" name="[55] /home/travis/build/icyphy/ptII/ptolemy/domains/de/test/auto/ResetTransitionWithStartTime2.xml (RunModel)" time="0.017" />
  <testcase classname="ptolemy.util.test.junit.AutoTests" name="[56] /home/travis/build/icyphy/ptII/ptolemy/domains/de/test/auto/ResetTransitionWithStartTime3.xml (RunModel)" time="0.018" />
  <testcase classname="ptolemy.util.test.junit.AutoTests" name="[57] /home/travis/build/icyphy/ptII/ptolemy/domains/de/test/auto/ResetTransitionWithStartTime4.xml (RunModel)" time="0.021" />
  <testcase classname="ptolemy.util.test.junit.AutoTests" name="[58] /home/travis/build/icyphy/ptII/ptolemy/domains/de/test/auto/ResettableTimer1.xml (RunModel)" time="0.011" />
  <testcase classname="ptolemy.util.test.junit.AutoTests" name="[59] /home/travis/build/icyphy/ptII/ptolemy/domains/de/test/auto/ResettableTimer2.xml (RunModel)" time="0.009" />
  <testcase classname="ptolemy.util.test.junit.AutoTests" name="[60] /home/travis/build/icyphy/ptII/ptolemy/domains/de/test/auto/ResettableTimer3.xml (RunModel)" time="0.012" />
  <testcase classname="ptolemy.util.test.junit.AutoTests" name="[61] /home/travis/build/icyphy/ptII/ptolemy/domains/de/test/auto/ResettableTimer4.xml (RunModel)" time="0.012" />
  <testcase classname="ptolemy.util.test.junit.AutoTests" name="[62] /home/travis/build/icyphy/ptII/ptolemy/domains/de/test/auto/ResettableTimer5.xml (RunModel)" time="0.009" />
  <testcase classname="ptolemy.util.test.junit.AutoTests" name="[63] /home/travis/build/icyphy/ptII/ptolemy/domains/de/test/auto/ResettableTimer6.xml (RunModel)" time="0.019" />
  <testcase classname="ptolemy.util.test.junit.AutoTests" name="[64] /home/travis/build/icyphy/ptII/ptolemy/domains/de/test/auto/ServerZeroDelay.xml (RunModel)" time="0.012" />
  <testcase classname="ptolemy.util.test.junit.AutoTests" name="[65] /home/travis/build/icyphy/ptII/ptolemy/domains/de/test/auto/SmartSender.xml (RunModel)" time="3.009" />
  <testcase classname="ptolemy.util.test.junit.AutoTests" name="[66] /home/travis/build/icyphy/ptII/ptolemy/domains/de/test/auto/ThreadedComposite.xml (RunModel)" time="0.128" />
  <testcase classname="ptolemy.util.test.junit.AutoTests" name="[67] /home/travis/build/icyphy/ptII/ptolemy/domains/de/test/auto/Time.xml (RunModel)" time="0.425" />
  <testcase classname="ptolemy.util.test.junit.AutoTests" name="[68] /home/travis/build/icyphy/ptII/ptolemy/domains/de/test/auto/TimeDelayZeroDelay.xml (RunModel)" time="0.01" />
  <testcase classname="ptolemy.util.test.junit.AutoTests" name="[69] /home/travis/build/icyphy/ptII/ptolemy/domains/de/test/auto/TimerZeroDelay.xml (RunModel)" time="0.01" />
  <testcase classname="ptolemy.util.test.junit.AutoTests" name="[70] /home/travis/build/icyphy/ptII/ptolemy/domains/de/test/auto/TimingParadox.xml (RunModel)" time="0.346" />
  <testcase classname="ptolemy.util.test.junit.AutoTests" name="[71] /home/travis/build/icyphy/ptII/ptolemy/domains/de/test/auto/TransferInputs.xml (RunModel)" time="0.009" />
  <testcase classname="ptolemy.util.test.junit.AutoTests" name="[72] /home/travis/build/icyphy/ptII/ptolemy/domains/de/test/auto/TransferOutputs2.xml (RunModel)" time="0.018" />
  <testcase classname="ptolemy.util.test.junit.AutoTests" name="[73] /home/travis/build/icyphy/ptII/ptolemy/domains/de/test/auto/Trilateration.xml (RunModel)" time="11.525" />
  <testcase classname="ptolemy.util.test.junit.AutoTests" name="[74] /home/travis/build/icyphy/ptII/ptolemy/domains/de/test/auto/TwoSigmaDelta.xml (RunModel)" time="2.032" />
  <testcase classname="ptolemy.util.test.junit.AutoTests" name="[75] /home/travis/build/icyphy/ptII/ptolemy/domains/de/test/auto/VariableDelay.xml (RunModel)" time="0.017" />
  <testcase classname="ptolemy.util.test.junit.AutoTests" name="[76] /home/travis/build/icyphy/ptII/ptolemy/domains/de/test/auto/VariableDelay2.xml (RunModel)" time="0.011" />
  <testcase classname="ptolemy.util.test.junit.AutoTests" name="[77] /home/travis/build/icyphy/ptII/ptolemy/domains/de/test/auto/VariableDelayZeroDelay.xml (RunModel)" time="0.013" />
  <testcase classname="ptolemy.util.test.junit.AutoTests" name="[78] /home/travis/build/icyphy/ptII/ptolemy/domains/de/test/auto/VariableDelayZeroDelay2.xml (RunModel)" time="0.013" />
  <testcase classname="ptolemy.util.test.junit.AutoTests" name="[79] /home/travis/build/icyphy/ptII/ptolemy/domains/de/test/auto/deInCt.xml (RunModel)" time="0.015" />
  <testcase classname="ptolemy.util.test.junit.AutoTests" name="[80] /home/travis/build/icyphy/ptII/ptolemy/domains/de/test/auto/deInCt2.xml (RunModel)" time="0.018" />
  <testcase classname="ptolemy.util.test.junit.AutoTests" name="[81] /home/travis/build/icyphy/ptII/ptolemy/domains/de/test/auto/dynamicCausalityInterface1.xml (RunModel)" time="0.022" />
  <testcase classname="ptolemy.util.test.junit.AutoTests" name="[82] /home/travis/build/icyphy/ptII/ptolemy/domains/de/test/auto/fsm_de_test.xml (RunModel)" time="0.034" />
  <testcase classname="ptolemy.util.test.junit.AutoTests" name="[83] /home/travis/build/icyphy/ptII/ptolemy/domains/de/test/auto/functionDependencyReconstruction.xml (RunModel)" time="0.031" />
  <testcase classname="ptolemy.util.test.junit.AutoTests" name="[84] /home/travis/build/icyphy/ptII/ptolemy/domains/de/test/auto/multirate.xml (RunModel)" time="0.017" />
  <testcase classname="ptolemy.util.test.junit.AutoTests" name="[85] /home/travis/build/icyphy/ptII/ptolemy/domains/de/test/auto/multirate2.xml (RunModel)" time="0.015" />
  <testcase classname="ptolemy.util.test.junit.AutoTests" name="[86] /home/travis/build/icyphy/ptII/ptolemy/domains/de/test/auto/realtime.xml (RunModel)" time="10.011" />
  <testcase classname="ptolemy.util.test.junit.AutoTests" name="[87] /home/travis/build/icyphy/ptII/ptolemy/domains/de/test/auto/relationGroup.xml (RunModel)" time="0.012" />
  <testcase classname="ptolemy.util.test.junit.AutoTests" name="[88] /home/travis/build/icyphy/ptII/ptolemy/domains/de/test/auto/relationGroup2.xml (RunModel)" time="0.009" />
  <testcase classname="ptolemy.util.test.junit.AutoTests" name="[89] /home/travis/build/icyphy/ptII/ptolemy/domains/de/test/auto/sortWithOpaquePorts.xml (RunModel)" time="0.009" />
  <testcase classname="ptolemy.util.test.junit.AutoTests" name="[90] /home/travis/build/icyphy/ptII/ptolemy/domains/de/test/auto/transferInputsandOutputs.xml (RunModel)" time="0.014" />
  <testcase classname="ptolemy.util.test.junit.AutoTests" name="[91] /home/travis/build/icyphy/ptII/ptolemy/domains/de/test/auto/triggerType.xml (RunModel)" time="0.009" />
  <system-out><![CDATA[/home/travis/build/icyphy/ptII/ptolemy/domains/de/test/DependencyLoop.tcl
testDefs.tcl: setting time out to 9000 seconds at Sun Jun 02 04:31:21 UTC 2019
31 ms. Memory: 116224K Free: 97612K (84%)
30 ms. Memory: 146944K Free: 141200K (96%)
/home/travis/build/icyphy/ptII/ptolemy/domains/de/test/RunDETestsAsQSS.tcl
Run the DE tests using ptolemy.domains.qss.test.QSSDirectorTest, which extends QSSDirector and prints a message in the constructors.
------------------ testing $PTII/ptolemy/domains/de/test/auto/knownFailedTests/dependencyLoop.xml (Known Failure) 
14 ms. Memory: 146944K Free: 136956K (93%)


==== $PTIIhome/travis/build/icyphy/ptII/ptolemy/domains/de/test/../../../../: Auto Automatic test in file $PTII/ptolemy/domains/de/test/auto/knownFailedTests/dependencyLoop.xml
==== Contents of test case:

	    # FIXME: we should use $relativeFilename here, but it
	    # might have backslashes under Windows, which causes no end
	    # of trouble.
	    createAndExecute $file
	    list {}
	
.... Test generated KNOWN error:
    while executing
ptolemy.kernel.util.IllegalActionException: Found a zero delay loop containing .dependencyLoop.original
  in .dependencyLoop and .dependencyLoop.original
	at ptolemy.actor.util.CausalityInterfaceForComposites._computeOutputPortDepth(CausalityInterfaceForComposites.java:759)
	at ptolemy.actor.util.CausalityInterfaceForComposites._computeInputDepth(CausalityInterfaceForComposites.java:696)
	at ptolemy.actor.util.CausalityInterfaceForComposites._computeOutputPortDepth(CausalityInterfaceForComposites.java:765)
	at ptolemy.actor.util.CausalityInterfaceForComposites._computeInputDepth(CausalityInterfaceForComposites.java:696)
	at ptolemy.actor.util.CausalityInterfaceForComposites._computeOutputPortDepth(CausalityInterfaceForComposites.java:765)
	at ptolemy.actor.util.CausalityInterfaceForComposites._computeInputDepth(CausalityInterfaceForComposites.java:696)
	at ptolemy.actor.util.CausalityInterfaceForComposites._computeActorDepth(CausalityInterfaceForComposites.java:532)
	at ptolemy.actor.util.CausalityInterfaceForComposites.checkForCycles(CausalityInterfaceForComposites.java:96)
	at ptolemy.domains.de.kernel.DEDirector.preinitialize(DEDirector.java:1338)
	at ptolemy.actor.CompositeActor.preinitialize(CompositeActor.java:1828)
	at ptolemy.actor.Manager.preinitializeAndResolveTypes(Manager.java:1040)
	at ptolemy.actor.Manager.initialize(Manager.java:710)
	at ptolemy.actor.Manager.execute(Manager.java:356)
	at ptolemy.actor.Manager.run(Manager.java:1263)
	at ptolemy.actor.Manager$PtolemyRunThread.run(Manager.java:1915)

    while executing
ptolemy.kernel.util.IllegalActionException: Found a zero delay loop containing .dependencyLoop.original
  in .dependencyLoop and .dependencyLoop.original
    while executing
"java::new ptolemy.moml.MoMLSimpleApplication $file
"
    (procedure "createAndExecute" line 2)
    invoked from within
"createAndExecute $file"
    ("uplevel" body line 5)
    invoked from within
"uplevel $contents_of_test"
------------------ testing $PTII/ptolemy/domains/de/test/auto/knownFailedTests/DESDFClockTest.xml (Known Failure) 
2059 ms. Memory: 146944K Free: 121398K (83%)


==== $PTIIhome/travis/build/icyphy/ptII/ptolemy/domains/de/test/../../../../: Auto Automatic test in file $PTII/ptolemy/domains/de/test/auto/knownFailedTests/DESDFClockTest.xml
==== Contents of test case:

	    # FIXME: we should use $relativeFilename here, but it
	    # might have backslashes under Windows, which causes no end
	    # of trouble.
	    createAndExecute $file
	    list {}
	
.... Test generated KNOWN error:
    while executing
ptolemy.kernel.util.IllegalActionException: Actor is not ready to fire.  Perhaps UpSample.prefire() returned false? Try debugging the actor by selecting "Listen to Actor".  Also, for SDF check moml for tokenConsumptionRate on input.
  in .DESDFClockTest.Play Bell.Copy1:SDF Director and .DESDFClockTest.Play Bell.UpSample
	at ptolemy.actor.sched.StaticSchedulingDirector.fire(StaticSchedulingDirector.java:227)
	at ptolemy.domains.sdf.kernel.SDFDirector.fire(SDFDirector.java:500)
	at ptolemy.actor.CompositeActor.fire(CompositeActor.java:455)
	at ptolemy.domains.de.kernel.DEDirector._fire(DEDirector.java:1949)
	at ptolemy.domains.de.kernel.DEDirector.fire(DEDirector.java:502)
	at ptolemy.actor.CompositeActor.fire(CompositeActor.java:455)
	at ptolemy.actor.Manager.iterate(Manager.java:851)
	at ptolemy.actor.Manager.execute(Manager.java:369)
	at ptolemy.actor.Manager.run(Manager.java:1263)
	at ptolemy.actor.Manager$PtolemyRunThread.run(Manager.java:1915)

    while executing
ptolemy.kernel.util.IllegalActionException: Actor is not ready to fire.  Perhaps UpSample.prefire() returned false? Try debugging the actor by selecting "Listen to Actor".  Also, for SDF check moml for tokenConsumptionRate on input.
  in .DESDFClockTest.Play Bell.Copy1:SDF Director and .DESDFClockTest.Play Bell.UpSample
    while executing
"java::new ptolemy.moml.MoMLSimpleApplication $file
"
    (procedure "createAndExecute" line 2)
    invoked from within
"createAndExecute $file"
    ("uplevel" body line 5)
    invoked from within
"uplevel $contents_of_test"
------------------ testing $PTII/ptolemy/domains/de/test/auto/knownFailedTests/FSMSource.xml (Known Failure) 
43 ms. Memory: 146944K Free: 111973K (76%)
!!!! Auto was marked as failing, but now passes
------------------ testing $PTII/ptolemy/domains/de/test/auto/knownFailedTests/dependencyLoop2.xml (Known Failure) 
9 ms. Memory: 146944K Free: 110113K (75%)


==== $PTIIhome/travis/build/icyphy/ptII/ptolemy/domains/de/test/../../../../: Auto Automatic test in file $PTII/ptolemy/domains/de/test/auto/knownFailedTests/dependencyLoop2.xml
==== Contents of test case:

	    # FIXME: we should use $relativeFilename here, but it
	    # might have backslashes under Windows, which causes no end
	    # of trouble.
	    createAndExecute $file
	    list {}
	
.... Test generated KNOWN error:
    while executing
ptolemy.kernel.util.IllegalActionException: Found a zero delay loop containing .dependencyLoop2.original
  in .dependencyLoop2 and .dependencyLoop2.original
	at ptolemy.actor.util.CausalityInterfaceForComposites._computeOutputPortDepth(CausalityInterfaceForComposites.java:759)
	at ptolemy.actor.util.CausalityInterfaceForComposites._computeInputDepth(CausalityInterfaceForComposites.java:696)
	at ptolemy.actor.util.CausalityInterfaceForComposites._computeOutputPortDepth(CausalityInterfaceForComposites.java:765)
	at ptolemy.actor.util.CausalityInterfaceForComposites._computeInputDepth(CausalityInterfaceForComposites.java:696)
	at ptolemy.actor.util.CausalityInterfaceForComposites._computeOutputPortDepth(CausalityInterfaceForComposites.java:765)
	at ptolemy.actor.util.CausalityInterfaceForComposites._computeInputDepth(CausalityInterfaceForComposites.java:696)
	at ptolemy.actor.util.CausalityInterfaceForComposites._computeActorDepth(CausalityInterfaceForComposites.java:532)
	at ptolemy.actor.util.CausalityInterfaceForComposites.checkForCycles(CausalityInterfaceForComposites.java:96)
	at ptolemy.domains.de.kernel.DEDirector.preinitialize(DEDirector.java:1338)
	at ptolemy.actor.CompositeActor.preinitialize(CompositeActor.java:1828)
	at ptolemy.actor.Manager.preinitializeAndResolveTypes(Manager.java:1040)
	at ptolemy.actor.Manager.initialize(Manager.java:710)
	at ptolemy.actor.Manager.execute(Manager.java:356)
	at ptolemy.actor.Manager.run(Manager.java:1263)
	at ptolemy.actor.Manager$PtolemyRunThread.run(Manager.java:1915)

    while executing
ptolemy.kernel.util.IllegalActionException: Found a zero delay loop containing .dependencyLoop2.original
  in .dependencyLoop2 and .dependencyLoop2.original
    while executing
"java::new ptolemy.moml.MoMLSimpleApplication $file
"
    (procedure "createAndExecute" line 2)
    invoked from within
"createAndExecute $file"
    ("uplevel" body line 5)
    invoked from within
"uplevel $contents_of_test"
------------------ testing $PTII/ptolemy/domains/de/test/auto/knownFailedTests/HierarchicalModel.xml (Known Failure) 
8 ms. Memory: 146944K Free: 90007K (61%)


==== $PTIIhome/travis/build/icyphy/ptII/ptolemy/domains/de/test/../../../../: Auto Automatic test in file $PTII/ptolemy/domains/de/test/auto/knownFailedTests/HierarchicalModel.xml
==== Contents of test case:

	    # FIXME: we should use $relativeFilename here, but it
	    # might have backslashes under Windows, which causes no end
	    # of trouble.
	    createAndExecute $file
	    list {}
	
.... Test generated KNOWN error:
    while executing
ptolemy.kernel.util.IllegalActionException: Found a zero delay loop containing .HierarchicalModel.A
  in .HierarchicalModel and .HierarchicalModel.A
	at ptolemy.actor.util.CausalityInterfaceForComposites._computeOutputPortDepth(CausalityInterfaceForComposites.java:759)
	at ptolemy.actor.util.CausalityInterfaceForComposites._computeInputDepth(CausalityInterfaceForComposites.java:696)
	at ptolemy.actor.util.CausalityInterfaceForComposites._computeOutputPortDepth(CausalityInterfaceForComposites.java:765)
	at ptolemy.actor.util.CausalityInterfaceForComposites._computeInputDepth(CausalityInterfaceForComposites.java:696)
	at ptolemy.actor.util.CausalityInterfaceForComposites._computeOutputPortDepth(CausalityInterfaceForComposites.java:765)
	at ptolemy.actor.util.CausalityInterfaceForComposites._computeInputDepth(CausalityInterfaceForComposites.java:696)
	at ptolemy.actor.util.CausalityInterfaceForComposites._computeActorDepth(CausalityInterfaceForComposites.java:532)
	at ptolemy.actor.util.CausalityInterfaceForComposites.checkForCycles(CausalityInterfaceForComposites.java:96)
	at ptolemy.domains.de.kernel.DEDirector.preinitialize(DEDirector.java:1338)
	at ptolemy.actor.CompositeActor.preinitialize(CompositeActor.java:1828)
	at ptolemy.actor.Manager.preinitializeAndResolveTypes(Manager.java:1040)
	at ptolemy.actor.Manager.initialize(Manager.java:710)
	at ptolemy.actor.Manager.execute(Manager.java:356)
	at ptolemy.actor.Manager.run(Manager.java:1263)
	at ptolemy.actor.Manager$PtolemyRunThread.run(Manager.java:1915)

    while executing
ptolemy.kernel.util.IllegalActionException: Found a zero delay loop containing .HierarchicalModel.A
  in .HierarchicalModel and .HierarchicalModel.A
    while executing
"java::new ptolemy.moml.MoMLSimpleApplication $file
"
    (procedure "createAndExecute" line 2)
    invoked from within
"createAndExecute $file"
    ("uplevel" body line 5)
    invoked from within
"uplevel $contents_of_test"
------------------ testing $PTII/ptolemy/domains/de/test/auto/knownFailedTests/DirectFeedback.xml (Known Failure) 
9 ms. Memory: 146944K Free: 85900K (58%)


==== $PTIIhome/travis/build/icyphy/ptII/ptolemy/domains/de/test/../../../../: Auto Automatic test in file $PTII/ptolemy/domains/de/test/auto/knownFailedTests/DirectFeedback.xml
==== Contents of test case:

	    # FIXME: we should use $relativeFilename here, but it
	    # might have backslashes under Windows, which causes no end
	    # of trouble.
	    createAndExecute $file
	    list {}
	
.... Test generated KNOWN error:
    while executing
ptolemy.kernel.util.IllegalActionException: Test fails in iteration 1.
Value was: 1.0. Should have been: 2.0
  in .DirectFeedback.Test
	at ptolemy.actor.lib.Test.fire(Test.java:268)
	at ptolemy.domains.de.kernel.DEDirector._fire(DEDirector.java:1949)
	at ptolemy.domains.de.kernel.DEDirector.fire(DEDirector.java:502)
	at ptolemy.actor.CompositeActor.fire(CompositeActor.java:455)
	at ptolemy.actor.Manager.iterate(Manager.java:851)
	at ptolemy.actor.Manager.execute(Manager.java:369)
	at ptolemy.actor.Manager.run(Manager.java:1263)
	at ptolemy.actor.Manager$PtolemyRunThread.run(Manager.java:1915)

    while executing
ptolemy.kernel.util.IllegalActionException: Test fails in iteration 1.
Value was: 1.0. Should have been: 2.0
  in .DirectFeedback.Test
    while executing
"java::new ptolemy.moml.MoMLSimpleApplication $file
"
    (procedure "createAndExecute" line 2)
    invoked from within
"createAndExecute $file"
    ("uplevel" body line 5)
    invoked from within
"uplevel $contents_of_test"
------------------ testing $PTII/ptolemy/domains/de/test/auto/ActorDepthCalculation_actorWithoutPorts.xml
auto.tcl: Setting watchdog for 200 seconds at Sun Jun 02 04:31:25 UTC 2019
7 ms. Memory: 146944K Free: 138756K (94%)
ptolemy.util.test.WatchDog.cancel(): canceling Sun Jun 02 04:31:25 UTC 2019
auto.tcl: Setting watchdog for 200 seconds at Sun Jun 02 04:31:25 UTC 2019
6 ms. Memory: 146944K Free: 137745K (94%)
ptolemy.util.test.WatchDog.cancel(): canceling Sun Jun 02 04:31:25 UTC 2019
------------------ testing $PTII/ptolemy/domains/de/test/auto/AssemblyLine.xml
auto.tcl: Setting watchdog for 200 seconds at Sun Jun 02 04:31:25 UTC 2019
19 ms. Memory: 208384K Free: 183479K (88%)
ptolemy.util.test.WatchDog.cancel(): canceling Sun Jun 02 04:31:25 UTC 2019
auto.tcl: Setting watchdog for 200 seconds at Sun Jun 02 04:31:25 UTC 2019
14 ms. Memory: 208384K Free: 183479K (88%)
ptolemy.util.test.WatchDog.cancel(): canceling Sun Jun 02 04:31:25 UTC 2019
------------------ testing $PTII/ptolemy/domains/de/test/auto/CQBug1.xml
auto.tcl: Setting watchdog for 200 seconds at Sun Jun 02 04:31:25 UTC 2019
4 ms. Memory: 208384K Free: 197946K (95%)
ptolemy.util.test.WatchDog.cancel(): canceling Sun Jun 02 04:31:25 UTC 2019
auto.tcl: Setting watchdog for 200 seconds at Sun Jun 02 04:31:25 UTC 2019
2 ms. Memory: 208384K Free: 197946K (95%)
ptolemy.util.test.WatchDog.cancel(): canceling Sun Jun 02 04:31:25 UTC 2019
------------------ testing $PTII/ptolemy/domains/de/test/auto/CancelFireAt.xml
auto.tcl: Setting watchdog for 200 seconds at Sun Jun 02 04:31:25 UTC 2019
9 ms. Memory: 208384K Free: 201588K (97%)
ptolemy.util.test.WatchDog.cancel(): canceling Sun Jun 02 04:31:26 UTC 2019
auto.tcl: Setting watchdog for 200 seconds at Sun Jun 02 04:31:26 UTC 2019
9 ms. Memory: 208384K Free: 199566K (96%)
ptolemy.util.test.WatchDog.cancel(): canceling Sun Jun 02 04:31:26 UTC 2019
------------------ testing $PTII/ptolemy/domains/de/test/auto/CausalityAndComposabilityAnalysis.xml
auto.tcl: Setting watchdog for 200 seconds at Sun Jun 02 04:31:26 UTC 2019
13 ms. Memory: 208384K Free: 198645K (95%)
ptolemy.util.test.WatchDog.cancel(): canceling Sun Jun 02 04:31:26 UTC 2019
auto.tcl: Setting watchdog for 200 seconds at Sun Jun 02 04:31:26 UTC 2019
19 ms. Memory: 208384K Free: 196623K (94%)
ptolemy.util.test.WatchDog.cancel(): canceling Sun Jun 02 04:31:26 UTC 2019
------------------ testing $PTII/ptolemy/domains/de/test/auto/CausalityInterface1.xml
auto.tcl: Setting watchdog for 200 seconds at Sun Jun 02 04:31:26 UTC 2019
24 ms. Memory: 208384K Free: 196561K (94%)
ptolemy.util.test.WatchDog.cancel(): canceling Sun Jun 02 04:31:26 UTC 2019
auto.tcl: Setting watchdog for 200 seconds at Sun Jun 02 04:31:26 UTC 2019
8 ms. Memory: 208384K Free: 196561K (94%)
ptolemy.util.test.WatchDog.cancel(): canceling Sun Jun 02 04:31:26 UTC 2019
------------------ testing $PTII/ptolemy/domains/de/test/auto/CausalityInterface15.xml
auto.tcl: Setting watchdog for 200 seconds at Sun Jun 02 04:31:26 UTC 2019
8 ms. Memory: 208384K Free: 196552K (94%)
ptolemy.util.test.WatchDog.cancel(): canceling Sun Jun 02 04:31:26 UTC 2019
auto.tcl: Setting watchdog for 200 seconds at Sun Jun 02 04:31:26 UTC 2019
4 ms. Memory: 208384K Free: 196552K (94%)
ptolemy.util.test.WatchDog.cancel(): canceling Sun Jun 02 04:31:26 UTC 2019
------------------ testing $PTII/ptolemy/domains/de/test/auto/CausalityInterface2.xml
auto.tcl: Setting watchdog for 200 seconds at Sun Jun 02 04:31:26 UTC 2019
5 ms. Memory: 208384K Free: 196536K (94%)
ptolemy.util.test.WatchDog.cancel(): canceling Sun Jun 02 04:31:26 UTC 2019
auto.tcl: Setting watchdog for 200 seconds at Sun Jun 02 04:31:26 UTC 2019
3 ms. Memory: 208384K Free: 196536K (94%)
ptolemy.util.test.WatchDog.cancel(): canceling Sun Jun 02 04:31:26 UTC 2019
------------------ testing $PTII/ptolemy/domains/de/test/auto/CausalityInterface3.xml
auto.tcl: Setting watchdog for 200 seconds at Sun Jun 02 04:31:26 UTC 2019
6 ms. Memory: 208384K Free: 196542K (94%)
ptolemy.util.test.WatchDog.cancel(): canceling Sun Jun 02 04:31:26 UTC 2019
auto.tcl: Setting watchdog for 200 seconds at Sun Jun 02 04:31:26 UTC 2019
4 ms. Memory: 208384K Free: 196542K (94%)
ptolemy.util.test.WatchDog.cancel(): canceling Sun Jun 02 04:31:26 UTC 2019
------------------ testing $PTII/ptolemy/domains/de/test/auto/ClockDrift.xml
auto.tcl: Setting watchdog for 200 seconds at Sun Jun 02 04:31:26 UTC 2019
89 ms. Memory: 208384K Free: 188008K (90%)
ptolemy.util.test.WatchDog.cancel(): canceling Sun Jun 02 04:31:26 UTC 2019
auto.tcl: Setting watchdog for 200 seconds at Sun Jun 02 04:31:26 UTC 2019
67 ms. Memory: 208384K Free: 185987K (89%)
ptolemy.util.test.WatchDog.cancel(): canceling Sun Jun 02 04:31:26 UTC 2019
------------------ testing $PTII/ptolemy/domains/de/test/auto/ClockDriftAndValueChange.xml
auto.tcl: Setting watchdog for 200 seconds at Sun Jun 02 04:31:26 UTC 2019
32 ms. Memory: 208384K Free: 187844K (90%)
ptolemy.util.test.WatchDog.cancel(): canceling Sun Jun 02 04:31:26 UTC 2019
auto.tcl: Setting watchdog for 200 seconds at Sun Jun 02 04:31:26 UTC 2019
23 ms. Memory: 208384K Free: 185823K (89%)
ptolemy.util.test.WatchDog.cancel(): canceling Sun Jun 02 04:31:26 UTC 2019
------------------ testing $PTII/ptolemy/domains/de/test/auto/ClockDriftChange.xml
auto.tcl: Setting watchdog for 200 seconds at Sun Jun 02 04:31:27 UTC 2019
45 ms. Memory: 208384K Free: 191096K (92%)
ptolemy.util.test.WatchDog.cancel(): canceling Sun Jun 02 04:31:27 UTC 2019
auto.tcl: Setting watchdog for 200 seconds at Sun Jun 02 04:31:27 UTC 2019
25 ms. Memory: 208384K Free: 189075K (91%)
ptolemy.util.test.WatchDog.cancel(): canceling Sun Jun 02 04:31:27 UTC 2019
------------------ testing $PTII/ptolemy/domains/de/test/auto/ComposableCausalityAnalysis.xml
auto.tcl: Setting watchdog for 200 seconds at Sun Jun 02 04:31:27 UTC 2019
5 ms. Memory: 208384K Free: 196403K (94%)
ptolemy.util.test.WatchDog.cancel(): canceling Sun Jun 02 04:31:27 UTC 2019
auto.tcl: Setting watchdog for 200 seconds at Sun Jun 02 04:31:27 UTC 2019
2 ms. Memory: 208384K Free: 194382K (93%)
ptolemy.util.test.WatchDog.cancel(): canceling Sun Jun 02 04:31:27 UTC 2019
------------------ testing $PTII/ptolemy/domains/de/test/auto/DEFixedPointLimitation.xml
auto.tcl: Setting watchdog for 200 seconds at Sun Jun 02 04:31:27 UTC 2019
2 ms. Memory: 208384K Free: 196485K (94%)
ptolemy.util.test.WatchDog.cancel(): canceling Sun Jun 02 04:31:27 UTC 2019
auto.tcl: Setting watchdog for 200 seconds at Sun Jun 02 04:31:27 UTC 2019
2 ms. Memory: 208384K Free: 196485K (94%)
ptolemy.util.test.WatchDog.cancel(): canceling Sun Jun 02 04:31:27 UTC 2019
------------------ testing $PTII/ptolemy/domains/de/test/auto/DEScheduleTest.xml
auto.tcl: Setting watchdog for 200 seconds at Sun Jun 02 04:31:27 UTC 2019
4 ms. Memory: 208384K Free: 199061K (96%)
ptolemy.util.test.WatchDog.cancel(): canceling Sun Jun 02 04:31:27 UTC 2019
auto.tcl: Setting watchdog for 200 seconds at Sun Jun 02 04:31:27 UTC 2019
6 ms. Memory: 208384K Free: 196520K (94%)
ptolemy.util.test.WatchDog.cancel(): canceling Sun Jun 02 04:31:27 UTC 2019
------------------ testing $PTII/ptolemy/domains/de/test/auto/DEinDEwithStartTimes.xml
auto.tcl: Setting watchdog for 200 seconds at Sun Jun 02 04:31:27 UTC 2019
4 ms. Memory: 208384K Free: 196490K (94%)
ptolemy.util.test.WatchDog.cancel(): canceling Sun Jun 02 04:31:27 UTC 2019
auto.tcl: Setting watchdog for 200 seconds at Sun Jun 02 04:31:27 UTC 2019
4 ms. Memory: 208384K Free: 194469K (93%)
ptolemy.util.test.WatchDog.cancel(): canceling Sun Jun 02 04:31:27 UTC 2019
------------------ testing $PTII/ptolemy/domains/de/test/auto/DEinDEwithStartTimes2.xml
auto.tcl: Setting watchdog for 200 seconds at Sun Jun 02 04:31:27 UTC 2019
5 ms. Memory: 208384K Free: 196470K (94%)
ptolemy.util.test.WatchDog.cancel(): canceling Sun Jun 02 04:31:27 UTC 2019
auto.tcl: Setting watchdog for 200 seconds at Sun Jun 02 04:31:27 UTC 2019
5 ms. Memory: 208384K Free: 194448K (93%)
ptolemy.util.test.WatchDog.cancel(): canceling Sun Jun 02 04:31:27 UTC 2019
------------------ testing $PTII/ptolemy/domains/de/test/auto/DateDemo.xml
auto.tcl: Setting watchdog for 200 seconds at Sun Jun 02 04:31:27 UTC 2019
20 ms. Memory: 208384K Free: 189142K (91%)
ptolemy.util.test.WatchDog.cancel(): canceling Sun Jun 02 04:31:27 UTC 2019
auto.tcl: Setting watchdog for 200 seconds at Sun Jun 02 04:31:27 UTC 2019
18 ms. Memory: 208384K Free: 187120K (90%)
ptolemy.util.test.WatchDog.cancel(): canceling Sun Jun 02 04:31:27 UTC 2019
------------------ testing $PTII/ptolemy/domains/de/test/auto/DateToEvent.xml
auto.tcl: Setting watchdog for 200 seconds at Sun Jun 02 04:31:27 UTC 2019
2023 ms. Memory: 208384K Free: 184091K (88%)
ptolemy.util.test.WatchDog.cancel(): canceling Sun Jun 02 04:31:29 UTC 2019
auto.tcl: Setting watchdog for 200 seconds at Sun Jun 02 04:31:29 UTC 2019
2006 ms. Memory: 208384K Free: 181633K (87%)
ptolemy.util.test.WatchDog.cancel(): canceling Sun Jun 02 04:31:31 UTC 2019
------------------ testing $PTII/ptolemy/domains/de/test/auto/DepthTest1.xml
auto.tcl: Setting watchdog for 200 seconds at Sun Jun 02 04:31:32 UTC 2019
2 ms. Memory: 208384K Free: 197743K (95%)
ptolemy.util.test.WatchDog.cancel(): canceling Sun Jun 02 04:31:32 UTC 2019
auto.tcl: Setting watchdog for 200 seconds at Sun Jun 02 04:31:32 UTC 2019
6 ms. Memory: 208384K Free: 197743K (95%)
ptolemy.util.test.WatchDog.cancel(): canceling Sun Jun 02 04:31:32 UTC 2019
------------------ testing $PTII/ptolemy/domains/de/test/auto/DepthTest2.xml
auto.tcl: Setting watchdog for 200 seconds at Sun Jun 02 04:31:32 UTC 2019
8 ms. Memory: 208384K Free: 194099K (93%)
ptolemy.util.test.WatchDog.cancel(): canceling Sun Jun 02 04:31:32 UTC 2019
auto.tcl: Setting watchdog for 200 seconds at Sun Jun 02 04:31:32 UTC 2019
3 ms. Memory: 208384K Free: 194099K (93%)
ptolemy.util.test.WatchDog.cancel(): canceling Sun Jun 02 04:31:32 UTC 2019
------------------ testing $PTII/ptolemy/domains/de/test/auto/DepthTest3.xml
auto.tcl: Setting watchdog for 200 seconds at Sun Jun 02 04:31:32 UTC 2019
6 ms. Memory: 208384K Free: 198076K (95%)
ptolemy.util.test.WatchDog.cancel(): canceling Sun Jun 02 04:31:32 UTC 2019
auto.tcl: Setting watchdog for 200 seconds at Sun Jun 02 04:31:32 UTC 2019
2 ms. Memory: 208384K Free: 198076K (95%)
ptolemy.util.test.WatchDog.cancel(): canceling Sun Jun 02 04:31:32 UTC 2019
------------------ testing $PTII/ptolemy/domains/de/test/auto/DepthTest4.xml
auto.tcl: Setting watchdog for 200 seconds at Sun Jun 02 04:31:32 UTC 2019
7 ms. Memory: 208384K Free: 196142K (94%)
ptolemy.util.test.WatchDog.cancel(): canceling Sun Jun 02 04:31:32 UTC 2019
auto.tcl: Setting watchdog for 200 seconds at Sun Jun 02 04:31:32 UTC 2019
2 ms. Memory: 208384K Free: 196142K (94%)
ptolemy.util.test.WatchDog.cancel(): canceling Sun Jun 02 04:31:32 UTC 2019
------------------ testing $PTII/ptolemy/domains/de/test/auto/DepthTest5.xml
auto.tcl: Setting watchdog for 200 seconds at Sun Jun 02 04:31:32 UTC 2019
3 ms. Memory: 208384K Free: 196089K (94%)
ptolemy.util.test.WatchDog.cancel(): canceling Sun Jun 02 04:31:32 UTC 2019
auto.tcl: Setting watchdog for 200 seconds at Sun Jun 02 04:31:32 UTC 2019
3 ms. Memory: 208384K Free: 196089K (94%)
ptolemy.util.test.WatchDog.cancel(): canceling Sun Jun 02 04:31:32 UTC 2019
------------------ testing $PTII/ptolemy/domains/de/test/auto/DepthTest6.xml
auto.tcl: Setting watchdog for 200 seconds at Sun Jun 02 04:31:32 UTC 2019
6 ms. Memory: 208384K Free: 196584K (94%)
ptolemy.util.test.WatchDog.cancel(): canceling Sun Jun 02 04:31:32 UTC 2019
auto.tcl: Setting watchdog for 200 seconds at Sun Jun 02 04:31:32 UTC 2019
2 ms. Memory: 208384K Free: 196584K (94%)
ptolemy.util.test.WatchDog.cancel(): canceling Sun Jun 02 04:31:32 UTC 2019
------------------ testing $PTII/ptolemy/domains/de/test/auto/DepthTest7.xml
auto.tcl: Setting watchdog for 200 seconds at Sun Jun 02 04:31:32 UTC 2019
3 ms. Memory: 208384K Free: 196046K (94%)
ptolemy.util.test.WatchDog.cancel(): canceling Sun Jun 02 04:31:32 UTC 2019
auto.tcl: Setting watchdog for 200 seconds at Sun Jun 02 04:31:32 UTC 2019
3 ms. Memory: 208384K Free: 196046K (94%)
ptolemy.util.test.WatchDog.cancel(): canceling Sun Jun 02 04:31:32 UTC 2019
------------------ testing $PTII/ptolemy/domains/de/test/auto/EventToDate.xml
auto.tcl: Setting watchdog for 200 seconds at Sun Jun 02 04:31:32 UTC 2019
3006 ms. Memory: 208384K Free: 185953K (89%)
ptolemy.util.test.WatchDog.cancel(): canceling Sun Jun 02 04:31:35 UTC 2019
auto.tcl: Setting watchdog for 200 seconds at Sun Jun 02 04:31:35 UTC 2019
3005 ms. Memory: 208384K Free: 185953K (89%)
ptolemy.util.test.WatchDog.cancel(): canceling Sun Jun 02 04:31:38 UTC 2019
------------------ testing $PTII/ptolemy/domains/de/test/auto/FSM1.xml
auto.tcl: Setting watchdog for 200 seconds at Sun Jun 02 04:31:38 UTC 2019
29 ms. Memory: 208384K Free: 189255K (91%)
ptolemy.util.test.WatchDog.cancel(): canceling Sun Jun 02 04:31:38 UTC 2019
auto.tcl: Setting watchdog for 200 seconds at Sun Jun 02 04:31:38 UTC 2019
26 ms. Memory: 208384K Free: 185212K (89%)
ptolemy.util.test.WatchDog.cancel(): canceling Sun Jun 02 04:31:38 UTC 2019
------------------ testing $PTII/ptolemy/domains/de/test/auto/FSM7.xml
auto.tcl: Setting watchdog for 200 seconds at Sun Jun 02 04:31:38 UTC 2019
18 ms. Memory: 208384K Free: 187437K (90%)
ptolemy.util.test.WatchDog.cancel(): canceling Sun Jun 02 04:31:38 UTC 2019
auto.tcl: Setting watchdog for 200 seconds at Sun Jun 02 04:31:38 UTC 2019
29 ms. Memory: 208384K Free: 185416K (89%)
ptolemy.util.test.WatchDog.cancel(): canceling Sun Jun 02 04:31:38 UTC 2019
------------------ testing $PTII/ptolemy/domains/de/test/auto/Inspection.xml
auto.tcl: Setting watchdog for 200 seconds at Sun Jun 02 04:31:38 UTC 2019
26 ms. Memory: 208384K Free: 189169K (91%)
ptolemy.util.test.WatchDog.cancel(): canceling Sun Jun 02 04:31:39 UTC 2019
auto.tcl: Setting watchdog for 200 seconds at Sun Jun 02 04:31:39 UTC 2019
30 ms. Memory: 208384K Free: 187147K (90%)
ptolemy.util.test.WatchDog.cancel(): canceling Sun Jun 02 04:31:39 UTC 2019
------------------ testing $PTII/ptolemy/domains/de/test/auto/Iteration.xml
auto.tcl: Setting watchdog for 200 seconds at Sun Jun 02 04:31:39 UTC 2019
10 ms. Memory: 208384K Free: 195852K (94%)
ptolemy.util.test.WatchDog.cancel(): canceling Sun Jun 02 04:31:39 UTC 2019
auto.tcl: Setting watchdog for 200 seconds at Sun Jun 02 04:31:39 UTC 2019
8 ms. Memory: 208384K Free: 193830K (93%)
ptolemy.util.test.WatchDog.cancel(): canceling Sun Jun 02 04:31:39 UTC 2019
------------------ testing $PTII/ptolemy/domains/de/test/auto/LineFault.xml
auto.tcl: Setting watchdog for 200 seconds at Sun Jun 02 04:31:39 UTC 2019
688 ms. Memory: 208384K Free: 200743K (96%)
ptolemy.util.test.WatchDog.cancel(): canceling Sun Jun 02 04:31:40 UTC 2019
auto.tcl: Setting watchdog for 200 seconds at Sun Jun 02 04:31:40 UTC 2019
616 ms. Memory: 208384K Free: 143891K (69%)
ptolemy.util.test.WatchDog.cancel(): canceling Sun Jun 02 04:31:40 UTC 2019
------------------ testing $PTII/ptolemy/domains/de/test/auto/MergeModel1Add.xml
auto.tcl: Setting watchdog for 200 seconds at Sun Jun 02 04:31:40 UTC 2019
30 ms. Memory: 331264K Free: 300700K (91%)
ptolemy.util.test.WatchDog.cancel(): canceling Sun Jun 02 04:31:40 UTC 2019
auto.tcl: Setting watchdog for 200 seconds at Sun Jun 02 04:31:40 UTC 2019
14 ms. Memory: 331264K Free: 300700K (91%)
ptolemy.util.test.WatchDog.cancel(): canceling Sun Jun 02 04:31:40 UTC 2019
------------------ testing $PTII/ptolemy/domains/de/test/auto/MergeModel2Add.xml
auto.tcl: Setting watchdog for 200 seconds at Sun Jun 02 04:31:41 UTC 2019
10 ms. Memory: 331264K Free: 305587K (92%)
ptolemy.util.test.WatchDog.cancel(): canceling Sun Jun 02 04:31:41 UTC 2019
auto.tcl: Setting watchdog for 200 seconds at Sun Jun 02 04:31:41 UTC 2019
12 ms. Memory: 331264K Free: 302054K (91%)
ptolemy.util.test.WatchDog.cancel(): canceling Sun Jun 02 04:31:41 UTC 2019
------------------ testing $PTII/ptolemy/domains/de/test/auto/MergeModel3Add.xml
auto.tcl: Setting watchdog for 200 seconds at Sun Jun 02 04:31:41 UTC 2019
12 ms. Memory: 331264K Free: 305565K (92%)
ptolemy.util.test.WatchDog.cancel(): canceling Sun Jun 02 04:31:41 UTC 2019
auto.tcl: Setting watchdog for 200 seconds at Sun Jun 02 04:31:41 UTC 2019
10 ms. Memory: 331264K Free: 302033K (91%)
ptolemy.util.test.WatchDog.cancel(): canceling Sun Jun 02 04:31:41 UTC 2019
------------------ testing $PTII/ptolemy/domains/de/test/auto/MergeWithoutDiscard.xml
auto.tcl: Setting watchdog for 200 seconds at Sun Jun 02 04:31:41 UTC 2019
2 ms. Memory: 331264K Free: 316191K (95%)
ptolemy.util.test.WatchDog.cancel(): canceling Sun Jun 02 04:31:41 UTC 2019
auto.tcl: Setting watchdog for 200 seconds at Sun Jun 02 04:31:41 UTC 2019
2 ms. Memory: 331264K Free: 316191K (95%)
ptolemy.util.test.WatchDog.cancel(): canceling Sun Jun 02 04:31:41 UTC 2019
------------------ testing $PTII/ptolemy/domains/de/test/auto/Modal1.xml
auto.tcl: Setting watchdog for 200 seconds at Sun Jun 02 04:31:41 UTC 2019
20 ms. Memory: 331264K Free: 311174K (94%)
ptolemy.util.test.WatchDog.cancel(): canceling Sun Jun 02 04:31:41 UTC 2019
auto.tcl: Setting watchdog for 200 seconds at Sun Jun 02 04:31:41 UTC 2019
23 ms. Memory: 331264K Free: 306967K (93%)
ptolemy.util.test.WatchDog.cancel(): canceling Sun Jun 02 04:31:41 UTC 2019
------------------ testing $PTII/ptolemy/domains/de/test/auto/Modal2.xml
auto.tcl: Setting watchdog for 200 seconds at Sun Jun 02 04:31:41 UTC 2019
18 ms. Memory: 331264K Free: 310384K (94%)
ptolemy.util.test.WatchDog.cancel(): canceling Sun Jun 02 04:31:41 UTC 2019
auto.tcl: Setting watchdog for 200 seconds at Sun Jun 02 04:31:41 UTC 2019
20 ms. Memory: 331264K Free: 306852K (93%)
ptolemy.util.test.WatchDog.cancel(): canceling Sun Jun 02 04:31:41 UTC 2019
------------------ testing $PTII/ptolemy/domains/de/test/auto/Modal3.xml
auto.tcl: Setting watchdog for 200 seconds at Sun Jun 02 04:31:41 UTC 2019
15 ms. Memory: 331264K Free: 311046K (94%)
ptolemy.util.test.WatchDog.cancel(): canceling Sun Jun 02 04:31:41 UTC 2019
auto.tcl: Setting watchdog for 200 seconds at Sun Jun 02 04:31:41 UTC 2019
10 ms. Memory: 331264K Free: 306839K (93%)
ptolemy.util.test.WatchDog.cancel(): canceling Sun Jun 02 04:31:41 UTC 2019
------------------ testing $PTII/ptolemy/domains/de/test/auto/Modal4.xml
auto.tcl: Setting watchdog for 200 seconds at Sun Jun 02 04:31:41 UTC 2019
26 ms. Memory: 331264K Free: 310384K (94%)
ptolemy.util.test.WatchDog.cancel(): canceling Sun Jun 02 04:31:41 UTC 2019
auto.tcl: Setting watchdog for 200 seconds at Sun Jun 02 04:31:41 UTC 2019
15 ms. Memory: 331264K Free: 306852K (93%)
ptolemy.util.test.WatchDog.cancel(): canceling Sun Jun 02 04:31:41 UTC 2019
------------------ testing $PTII/ptolemy/domains/de/test/auto/Modal5.xml
auto.tcl: Setting watchdog for 200 seconds at Sun Jun 02 04:31:41 UTC 2019
17 ms. Memory: 331264K Free: 310371K (94%)
ptolemy.util.test.WatchDog.cancel(): canceling Sun Jun 02 04:31:41 UTC 2019
auto.tcl: Setting watchdog for 200 seconds at Sun Jun 02 04:31:41 UTC 2019
14 ms. Memory: 331264K Free: 306839K (93%)
ptolemy.util.test.WatchDog.cancel(): canceling Sun Jun 02 04:31:42 UTC 2019
------------------ testing $PTII/ptolemy/domains/de/test/auto/Modal6.xml
auto.tcl: Setting watchdog for 200 seconds at Sun Jun 02 04:31:42 UTC 2019
12 ms. Memory: 331264K Free: 310368K (94%)
ptolemy.util.test.WatchDog.cancel(): canceling Sun Jun 02 04:31:42 UTC 2019
auto.tcl: Setting watchdog for 200 seconds at Sun Jun 02 04:31:42 UTC 2019
14 ms. Memory: 331264K Free: 306836K (93%)
ptolemy.util.test.WatchDog.cancel(): canceling Sun Jun 02 04:31:42 UTC 2019
------------------ testing $PTII/ptolemy/domains/de/test/auto/Modal7.xml
auto.tcl: Setting watchdog for 200 seconds at Sun Jun 02 04:31:42 UTC 2019
20 ms. Memory: 331264K Free: 306837K (93%)
ptolemy.util.test.WatchDog.cancel(): canceling Sun Jun 02 04:31:42 UTC 2019
auto.tcl: Setting watchdog for 200 seconds at Sun Jun 02 04:31:42 UTC 2019
11 ms. Memory: 331264K Free: 303304K (92%)
ptolemy.util.test.WatchDog.cancel(): canceling Sun Jun 02 04:31:42 UTC 2019
------------------ testing $PTII/ptolemy/domains/de/test/auto/ModalModel.xml
auto.tcl: Setting watchdog for 200 seconds at Sun Jun 02 04:31:42 UTC 2019
182 ms. Memory: 331264K Free: 248130K (75%)
ptolemy.util.test.WatchDog.cancel(): canceling Sun Jun 02 04:31:42 UTC 2019
auto.tcl: Setting watchdog for 200 seconds at Sun Jun 02 04:31:42 UTC 2019
204 ms. Memory: 331264K Free: 191616K (58%)
ptolemy.util.test.WatchDog.cancel(): canceling Sun Jun 02 04:31:42 UTC 2019
------------------ testing $PTII/ptolemy/domains/de/test/auto/ModalSource.xml
auto.tcl: Setting watchdog for 200 seconds at Sun Jun 02 04:31:42 UTC 2019
7 ms. Memory: 331264K Free: 316594K (96%)
ptolemy.util.test.WatchDog.cancel(): canceling Sun Jun 02 04:31:42 UTC 2019
auto.tcl: Setting watchdog for 200 seconds at Sun Jun 02 04:31:42 UTC 2019
5 ms. Memory: 331264K Free: 313353K (95%)
ptolemy.util.test.WatchDog.cancel(): canceling Sun Jun 02 04:31:42 UTC 2019
------------------ testing $PTII/ptolemy/domains/de/test/auto/NonInterruptibleTimerZeroDelay.xml
auto.tcl: Setting watchdog for 200 seconds at Sun Jun 02 04:31:42 UTC 2019
4 ms. Memory: 331264K Free: 320926K (97%)
ptolemy.util.test.WatchDog.cancel(): canceling Sun Jun 02 04:31:42 UTC 2019
auto.tcl: Setting watchdog for 200 seconds at Sun Jun 02 04:31:42 UTC 2019
2 ms. Memory: 331264K Free: 317685K (96%)
ptolemy.util.test.WatchDog.cancel(): canceling Sun Jun 02 04:31:42 UTC 2019
------------------ testing $PTII/ptolemy/domains/de/test/auto/OpenQueueingNetwork.xml
auto.tcl: Setting watchdog for 200 seconds at Sun Jun 02 04:31:42 UTC 2019
3002 ms. Memory: 573952K Free: 406357K (71%)
ptolemy.util.test.WatchDog.cancel(): canceling Sun Jun 02 04:31:46 UTC 2019
auto.tcl: Setting watchdog for 200 seconds at Sun Jun 02 04:31:46 UTC 2019
2600 ms. Memory: 550912K Free: 292305K (53%)
ptolemy.util.test.WatchDog.cancel(): canceling Sun Jun 02 04:31:48 UTC 2019
------------------ testing $PTII/ptolemy/domains/de/test/auto/OpenQueuingNetwork.xml
auto.tcl: Setting watchdog for 200 seconds at Sun Jun 02 04:31:48 UTC 2019
249 ms. Memory: 549888K Free: 444711K (81%)
ptolemy.util.test.WatchDog.cancel(): canceling Sun Jun 02 04:31:49 UTC 2019
auto.tcl: Setting watchdog for 200 seconds at Sun Jun 02 04:31:49 UTC 2019
249 ms. Memory: 549888K Free: 385734K (70%)
ptolemy.util.test.WatchDog.cancel(): canceling Sun Jun 02 04:31:49 UTC 2019
------------------ testing $PTII/ptolemy/domains/de/test/auto/PeriodicSampler.xml
auto.tcl: Setting watchdog for 200 seconds at Sun Jun 02 04:31:49 UTC 2019
4 ms. Memory: 551936K Free: 535452K (97%)
ptolemy.util.test.WatchDog.cancel(): canceling Sun Jun 02 04:31:49 UTC 2019
auto.tcl: Setting watchdog for 200 seconds at Sun Jun 02 04:31:49 UTC 2019
2 ms. Memory: 551936K Free: 535452K (97%)
ptolemy.util.test.WatchDog.cancel(): canceling Sun Jun 02 04:31:49 UTC 2019
------------------ testing $PTII/ptolemy/domains/de/test/auto/PersistentIO.xml
auto.tcl: Setting watchdog for 200 seconds at Sun Jun 02 04:31:49 UTC 2019
17 ms. Memory: 549376K Free: 522260K (95%)
ptolemy.util.test.WatchDog.cancel(): canceling Sun Jun 02 04:31:49 UTC 2019
auto.tcl: Setting watchdog for 200 seconds at Sun Jun 02 04:31:49 UTC 2019
4 ms. Memory: 549376K Free: 522260K (95%)
ptolemy.util.test.WatchDog.cancel(): canceling Sun Jun 02 04:31:49 UTC 2019
------------------ testing $PTII/ptolemy/domains/de/test/auto/PortParameterResetOnInitialize.xml
auto.tcl: Setting watchdog for 200 seconds at Sun Jun 02 04:31:49 UTC 2019
2 ms. Memory: 551424K Free: 530723K (96%)
ptolemy.util.test.WatchDog.cancel(): canceling Sun Jun 02 04:31:49 UTC 2019
auto.tcl: Setting watchdog for 200 seconds at Sun Jun 02 04:31:49 UTC 2019
2 ms. Memory: 551424K Free: 530723K (96%)
ptolemy.util.test.WatchDog.cancel(): canceling Sun Jun 02 04:31:49 UTC 2019
------------------ testing $PTII/ptolemy/domains/de/test/auto/PortParameterUpdates.xml
auto.tcl: Setting watchdog for 200 seconds at Sun Jun 02 04:31:49 UTC 2019
4 ms. Memory: 549376K Free: 533487K (97%)
ptolemy.util.test.WatchDog.cancel(): canceling Sun Jun 02 04:31:49 UTC 2019
auto.tcl: Setting watchdog for 200 seconds at Sun Jun 02 04:31:49 UTC 2019
4 ms. Memory: 549376K Free: 533487K (97%)
ptolemy.util.test.WatchDog.cancel(): canceling Sun Jun 02 04:31:49 UTC 2019
------------------ testing $PTII/ptolemy/domains/de/test/auto/QueueAndServer.xml
auto.tcl: Setting watchdog for 200 seconds at Sun Jun 02 04:31:49 UTC 2019
17 ms. Memory: 551424K Free: 534956K (97%)
ptolemy.util.test.WatchDog.cancel(): canceling Sun Jun 02 04:31:49 UTC 2019
auto.tcl: Setting watchdog for 200 seconds at Sun Jun 02 04:31:49 UTC 2019
7 ms. Memory: 551424K Free: 528387K (96%)
ptolemy.util.test.WatchDog.cancel(): canceling Sun Jun 02 04:31:49 UTC 2019
------------------ testing $PTII/ptolemy/domains/de/test/auto/Records.xml
auto.tcl: Setting watchdog for 200 seconds at Sun Jun 02 04:31:49 UTC 2019
6 ms. Memory: 549376K Free: 532850K (97%)
ptolemy.util.test.WatchDog.cancel(): canceling Sun Jun 02 04:31:49 UTC 2019
auto.tcl: Setting watchdog for 200 seconds at Sun Jun 02 04:31:49 UTC 2019
2 ms. Memory: 549376K Free: 532850K (97%)
ptolemy.util.test.WatchDog.cancel(): canceling Sun Jun 02 04:31:49 UTC 2019
------------------ testing $PTII/ptolemy/domains/de/test/auto/ResetTransitionWithStartTime1.xml
auto.tcl: Setting watchdog for 200 seconds at Sun Jun 02 04:31:49 UTC 2019
6 ms. Memory: 551424K Free: 534923K (97%)
ptolemy.util.test.WatchDog.cancel(): canceling Sun Jun 02 04:31:49 UTC 2019
auto.tcl: Setting watchdog for 200 seconds at Sun Jun 02 04:31:49 UTC 2019
5 ms. Memory: 551424K Free: 528368K (96%)
ptolemy.util.test.WatchDog.cancel(): canceling Sun Jun 02 04:31:49 UTC 2019
------------------ testing $PTII/ptolemy/domains/de/test/auto/ResetTransitionWithStartTime2.xml
auto.tcl: Setting watchdog for 200 seconds at Sun Jun 02 04:31:49 UTC 2019
8 ms. Memory: 549376K Free: 533409K (97%)
ptolemy.util.test.WatchDog.cancel(): canceling Sun Jun 02 04:31:49 UTC 2019
auto.tcl: Setting watchdog for 200 seconds at Sun Jun 02 04:31:49 UTC 2019
6 ms. Memory: 549376K Free: 526848K (96%)
ptolemy.util.test.WatchDog.cancel(): canceling Sun Jun 02 04:31:49 UTC 2019
------------------ testing $PTII/ptolemy/domains/de/test/auto/ResetTransitionWithStartTime3.xml
auto.tcl: Setting watchdog for 200 seconds at Sun Jun 02 04:31:50 UTC 2019
8 ms. Memory: 550912K Free: 534401K (97%)
ptolemy.util.test.WatchDog.cancel(): canceling Sun Jun 02 04:31:50 UTC 2019
auto.tcl: Setting watchdog for 200 seconds at Sun Jun 02 04:31:50 UTC 2019
6 ms. Memory: 550912K Free: 527840K (96%)
ptolemy.util.test.WatchDog.cancel(): canceling Sun Jun 02 04:31:50 UTC 2019
------------------ testing $PTII/ptolemy/domains/de/test/auto/ResetTransitionWithStartTime4.xml
auto.tcl: Setting watchdog for 200 seconds at Sun Jun 02 04:31:50 UTC 2019
7 ms. Memory: 549376K Free: 526311K (96%)
ptolemy.util.test.WatchDog.cancel(): canceling Sun Jun 02 04:31:50 UTC 2019
auto.tcl: Setting watchdog for 200 seconds at Sun Jun 02 04:31:50 UTC 2019
4 ms. Memory: 549376K Free: 526311K (96%)
ptolemy.util.test.WatchDog.cancel(): canceling Sun Jun 02 04:31:50 UTC 2019
------------------ testing $PTII/ptolemy/domains/de/test/auto/ResettableTimer1.xml
auto.tcl: Setting watchdog for 200 seconds at Sun Jun 02 04:31:50 UTC 2019
4 ms. Memory: 550912K Free: 534394K (97%)
ptolemy.util.test.WatchDog.cancel(): canceling Sun Jun 02 04:31:50 UTC 2019
auto.tcl: Setting watchdog for 200 seconds at Sun Jun 02 04:31:50 UTC 2019
2 ms. Memory: 550912K Free: 534394K (97%)
ptolemy.util.test.WatchDog.cancel(): canceling Sun Jun 02 04:31:50 UTC 2019
------------------ testing $PTII/ptolemy/domains/de/test/auto/ResettableTimer2.xml
auto.tcl: Setting watchdog for 200 seconds at Sun Jun 02 04:31:50 UTC 2019
3 ms. Memory: 549376K Free: 533460K (97%)
ptolemy.util.test.WatchDog.cancel(): canceling Sun Jun 02 04:31:50 UTC 2019
auto.tcl: Setting watchdog for 200 seconds at Sun Jun 02 04:31:50 UTC 2019
2 ms. Memory: 549376K Free: 533460K (97%)
ptolemy.util.test.WatchDog.cancel(): canceling Sun Jun 02 04:31:50 UTC 2019
------------------ testing $PTII/ptolemy/domains/de/test/auto/ResettableTimer3.xml
auto.tcl: Setting watchdog for 200 seconds at Sun Jun 02 04:31:50 UTC 2019
1 ms. Memory: 550912K Free: 534452K (97%)
ptolemy.util.test.WatchDog.cancel(): canceling Sun Jun 02 04:31:50 UTC 2019
auto.tcl: Setting watchdog for 200 seconds at Sun Jun 02 04:31:50 UTC 2019
1 ms. Memory: 550912K Free: 534452K (97%)
ptolemy.util.test.WatchDog.cancel(): canceling Sun Jun 02 04:31:50 UTC 2019
------------------ testing $PTII/ptolemy/domains/de/test/auto/ResettableTimer4.xml
auto.tcl: Setting watchdog for 200 seconds at Sun Jun 02 04:31:50 UTC 2019
2 ms. Memory: 549376K Free: 533472K (97%)
ptolemy.util.test.WatchDog.cancel(): canceling Sun Jun 02 04:31:50 UTC 2019
auto.tcl: Setting watchdog for 200 seconds at Sun Jun 02 04:31:50 UTC 2019
1 ms. Memory: 549376K Free: 533472K (97%)
ptolemy.util.test.WatchDog.cancel(): canceling Sun Jun 02 04:31:50 UTC 2019
------------------ testing $PTII/ptolemy/domains/de/test/auto/ResettableTimer5.xml
auto.tcl: Setting watchdog for 200 seconds at Sun Jun 02 04:31:50 UTC 2019
2 ms. Memory: 550400K Free: 529815K (96%)
ptolemy.util.test.WatchDog.cancel(): canceling Sun Jun 02 04:31:50 UTC 2019
auto.tcl: Setting watchdog for 200 seconds at Sun Jun 02 04:31:50 UTC 2019
1 ms. Memory: 550400K Free: 529815K (96%)
ptolemy.util.test.WatchDog.cancel(): canceling Sun Jun 02 04:31:50 UTC 2019
------------------ testing $PTII/ptolemy/domains/de/test/auto/ResettableTimer6.xml
auto.tcl: Setting watchdog for 200 seconds at Sun Jun 02 04:31:50 UTC 2019
4 ms. Memory: 549376K Free: 528197K (96%)
ptolemy.util.test.WatchDog.cancel(): canceling Sun Jun 02 04:31:50 UTC 2019
auto.tcl: Setting watchdog for 200 seconds at Sun Jun 02 04:31:50 UTC 2019
1 ms. Memory: 549376K Free: 528197K (96%)
ptolemy.util.test.WatchDog.cancel(): canceling Sun Jun 02 04:31:50 UTC 2019
------------------ testing $PTII/ptolemy/domains/de/test/auto/ServerZeroDelay.xml
auto.tcl: Setting watchdog for 200 seconds at Sun Jun 02 04:31:50 UTC 2019
5 ms. Memory: 550400K Free: 534433K (97%)
ptolemy.util.test.WatchDog.cancel(): canceling Sun Jun 02 04:31:50 UTC 2019
auto.tcl: Setting watchdog for 200 seconds at Sun Jun 02 04:31:50 UTC 2019
2 ms. Memory: 550400K Free: 534433K (97%)
ptolemy.util.test.WatchDog.cancel(): canceling Sun Jun 02 04:31:50 UTC 2019
------------------ testing $PTII/ptolemy/domains/de/test/auto/SmartSender.xml
auto.tcl: Setting watchdog for 200 seconds at Sun Jun 02 04:31:50 UTC 2019
3002 ms. Memory: 549376K Free: 528724K (96%)
ptolemy.util.test.WatchDog.cancel(): canceling Sun Jun 02 04:31:53 UTC 2019
auto.tcl: Setting watchdog for 200 seconds at Sun Jun 02 04:31:53 UTC 2019
3001 ms. Memory: 549376K Free: 528724K (96%)
ptolemy.util.test.WatchDog.cancel(): canceling Sun Jun 02 04:31:56 UTC 2019
------------------ testing $PTII/ptolemy/domains/de/test/auto/ThreadedComposite.xml
auto.tcl: Setting watchdog for 200 seconds at Sun Jun 02 04:31:56 UTC 2019
261 ms. Memory: 550400K Free: 513307K (93%)
ptolemy.util.test.WatchDog.cancel(): canceling Sun Jun 02 04:31:57 UTC 2019
auto.tcl: Setting watchdog for 200 seconds at Sun Jun 02 04:31:57 UTC 2019
205 ms. Memory: 550400K Free: 488034K (89%)
ptolemy.util.test.WatchDog.cancel(): canceling Sun Jun 02 04:31:57 UTC 2019
------------------ testing $PTII/ptolemy/domains/de/test/auto/Time.xml
auto.tcl: Setting watchdog for 200 seconds at Sun Jun 02 04:31:57 UTC 2019
517 ms. Memory: 549376K Free: 476429K (87%)
ptolemy.util.test.WatchDog.cancel(): canceling Sun Jun 02 04:31:57 UTC 2019
auto.tcl: Setting watchdog for 200 seconds at Sun Jun 02 04:31:57 UTC 2019
436 ms. Memory: 549376K Free: 417452K (76%)
ptolemy.util.test.WatchDog.cancel(): canceling Sun Jun 02 04:31:58 UTC 2019
------------------ testing $PTII/ptolemy/domains/de/test/auto/TimeDelayZeroDelay.xml
auto.tcl: Setting watchdog for 200 seconds at Sun Jun 02 04:31:58 UTC 2019
3 ms. Memory: 550400K Free: 533806K (97%)
ptolemy.util.test.WatchDog.cancel(): canceling Sun Jun 02 04:31:58 UTC 2019
auto.tcl: Setting watchdog for 200 seconds at Sun Jun 02 04:31:58 UTC 2019
2 ms. Memory: 550400K Free: 533806K (97%)
ptolemy.util.test.WatchDog.cancel(): canceling Sun Jun 02 04:31:58 UTC 2019
------------------ testing $PTII/ptolemy/domains/de/test/auto/TimerZeroDelay.xml
auto.tcl: Setting watchdog for 200 seconds at Sun Jun 02 04:31:58 UTC 2019
2 ms. Memory: 549376K Free: 533369K (97%)
ptolemy.util.test.WatchDog.cancel(): canceling Sun Jun 02 04:31:58 UTC 2019
auto.tcl: Setting watchdog for 200 seconds at Sun Jun 02 04:31:58 UTC 2019
2 ms. Memory: 549376K Free: 533369K (97%)
ptolemy.util.test.WatchDog.cancel(): canceling Sun Jun 02 04:31:58 UTC 2019
------------------ testing $PTII/ptolemy/domains/de/test/auto/TimingParadox.xml
auto.tcl: Setting watchdog for 200 seconds at Sun Jun 02 04:31:58 UTC 2019
319 ms. Memory: 549888K Free: 463087K (84%)
ptolemy.util.test.WatchDog.cancel(): canceling Sun Jun 02 04:31:58 UTC 2019
auto.tcl: Setting watchdog for 200 seconds at Sun Jun 02 04:31:58 UTC 2019
312 ms. Memory: 549888K Free: 430322K (78%)
ptolemy.util.test.WatchDog.cancel(): canceling Sun Jun 02 04:31:59 UTC 2019
------------------ testing $PTII/ptolemy/domains/de/test/auto/TransferInputs.xml
auto.tcl: Setting watchdog for 200 seconds at Sun Jun 02 04:31:59 UTC 2019
9 ms. Memory: 549888K Free: 532842K (97%)
ptolemy.util.test.WatchDog.cancel(): canceling Sun Jun 02 04:31:59 UTC 2019
auto.tcl: Setting watchdog for 200 seconds at Sun Jun 02 04:31:59 UTC 2019
2 ms. Memory: 549888K Free: 532842K (97%)
ptolemy.util.test.WatchDog.cancel(): canceling Sun Jun 02 04:31:59 UTC 2019
------------------ testing $PTII/ptolemy/domains/de/test/auto/TransferOutputs2.xml
auto.tcl: Setting watchdog for 200 seconds at Sun Jun 02 04:31:59 UTC 2019
3 ms. Memory: 549376K Free: 522183K (95%)
ptolemy.util.test.WatchDog.cancel(): canceling Sun Jun 02 04:31:59 UTC 2019
auto.tcl: Setting watchdog for 200 seconds at Sun Jun 02 04:31:59 UTC 2019
2 ms. Memory: 549376K Free: 522183K (95%)
ptolemy.util.test.WatchDog.cancel(): canceling Sun Jun 02 04:31:59 UTC 2019
------------------ testing $PTII/ptolemy/domains/de/test/auto/Trilateration.xml
auto.tcl: Setting watchdog for 200 seconds at Sun Jun 02 04:31:59 UTC 2019
13874 ms. Memory: 453632K Free: 74891K (17%)
ptolemy.util.test.WatchDog.cancel(): canceling Sun Jun 02 04:32:14 UTC 2019
auto.tcl: Setting watchdog for 200 seconds at Sun Jun 02 04:32:14 UTC 2019
10640 ms. Memory: 331264K Free: 162905K (49%)
ptolemy.util.test.WatchDog.cancel(): canceling Sun Jun 02 04:32:24 UTC 2019
------------------ testing $PTII/ptolemy/domains/de/test/auto/TwoSigmaDelta.xml
auto.tcl: Setting watchdog for 200 seconds at Sun Jun 02 04:32:25 UTC 2019
2701 ms. Memory: 320000K Free: 275671K (86%)
ptolemy.util.test.WatchDog.cancel(): canceling Sun Jun 02 04:32:27 UTC 2019
auto.tcl: Setting watchdog for 200 seconds at Sun Jun 02 04:32:27 UTC 2019
2142 ms. Memory: 307712K Free: 266853K (87%)
ptolemy.util.test.WatchDog.cancel(): canceling Sun Jun 02 04:32:30 UTC 2019
------------------ testing $PTII/ptolemy/domains/de/test/auto/VariableDelay.xml
auto.tcl: Setting watchdog for 200 seconds at Sun Jun 02 04:32:30 UTC 2019
2 ms. Memory: 309760K Free: 293247K (95%)
ptolemy.util.test.WatchDog.cancel(): canceling Sun Jun 02 04:32:30 UTC 2019
auto.tcl: Setting watchdog for 200 seconds at Sun Jun 02 04:32:30 UTC 2019
1 ms. Memory: 309760K Free: 293247K (95%)
ptolemy.util.test.WatchDog.cancel(): canceling Sun Jun 02 04:32:30 UTC 2019
------------------ testing $PTII/ptolemy/domains/de/test/auto/VariableDelay2.xml
auto.tcl: Setting watchdog for 200 seconds at Sun Jun 02 04:32:30 UTC 2019
2 ms. Memory: 307712K Free: 293888K (96%)
ptolemy.util.test.WatchDog.cancel(): canceling Sun Jun 02 04:32:30 UTC 2019
auto.tcl: Setting watchdog for 200 seconds at Sun Jun 02 04:32:30 UTC 2019
2 ms. Memory: 307712K Free: 293888K (96%)
ptolemy.util.test.WatchDog.cancel(): canceling Sun Jun 02 04:32:30 UTC 2019
------------------ testing $PTII/ptolemy/domains/de/test/auto/VariableDelayZeroDelay.xml
auto.tcl: Setting watchdog for 200 seconds at Sun Jun 02 04:32:30 UTC 2019
2 ms. Memory: 309248K Free: 296520K (96%)
ptolemy.util.test.WatchDog.cancel(): canceling Sun Jun 02 04:32:30 UTC 2019
auto.tcl: Setting watchdog for 200 seconds at Sun Jun 02 04:32:30 UTC 2019
2 ms. Memory: 309248K Free: 293143K (95%)
ptolemy.util.test.WatchDog.cancel(): canceling Sun Jun 02 04:32:30 UTC 2019
------------------ testing $PTII/ptolemy/domains/de/test/auto/VariableDelayZeroDelay2.xml
auto.tcl: Setting watchdog for 200 seconds at Sun Jun 02 04:32:30 UTC 2019
2 ms. Memory: 307712K Free: 294982K (96%)
ptolemy.util.test.WatchDog.cancel(): canceling Sun Jun 02 04:32:30 UTC 2019
auto.tcl: Setting watchdog for 200 seconds at Sun Jun 02 04:32:30 UTC 2019
2 ms. Memory: 307712K Free: 291606K (95%)
ptolemy.util.test.WatchDog.cancel(): canceling Sun Jun 02 04:32:30 UTC 2019
------------------ testing $PTII/ptolemy/domains/de/test/auto/deInCt.xml
auto.tcl: Setting watchdog for 200 seconds at Sun Jun 02 04:32:30 UTC 2019
0
1
1
1
0
0
0
1
1
0
0
0
0
0
1
1
1
0
0
0
1
1
1
1
0
0
1
1
1
1
0
0
0
1
1
1
0
0
0
1
1
1
1
0
0
0
0
10 ms. Memory: 309248K Free: 293146K (95%)
ptolemy.util.test.WatchDog.cancel(): canceling Sun Jun 02 04:32:30 UTC 2019
auto.tcl: Setting watchdog for 200 seconds at Sun Jun 02 04:32:30 UTC 2019
0
1
1
1
0
0
0
1
1
1
0
0
0
1
1
1
1
1
0
0
0
0
1
1
1
1
0
0
0
1
1
1
1
1
5 ms. Memory: 309248K Free: 293146K (95%)
ptolemy.util.test.WatchDog.cancel(): canceling Sun Jun 02 04:32:30 UTC 2019
------------------ testing $PTII/ptolemy/domains/de/test/auto/deInCt2.xml
auto.tcl: Setting watchdog for 200 seconds at Sun Jun 02 04:32:30 UTC 2019
0
1
1
1
0
0
1
1
1
0
0
1
1
1
0
0
1
1
1
0
0
1
1
1
0
0
1
1
1
0
0
1
1
1
0
0
1
1
1
0
0
0
7 ms. Memory: 307712K Free: 291618K (95%)
ptolemy.util.test.WatchDog.cancel(): canceling Sun Jun 02 04:32:30 UTC 2019
auto.tcl: Setting watchdog for 200 seconds at Sun Jun 02 04:32:30 UTC 2019
0
1
1
1
0
0
1
1
1
0
0
1
1
1
0
0
1
1
1
0
0
1
1
1
0
0
1
1
1
0
0
1
1
1
0
0
1
1
1
0
0
0
5 ms. Memory: 307712K Free: 291618K (95%)
ptolemy.util.test.WatchDog.cancel(): canceling Sun Jun 02 04:32:30 UTC 2019
------------------ testing $PTII/ptolemy/domains/de/test/auto/dynamicCausalityInterface1.xml
auto.tcl: Setting watchdog for 200 seconds at Sun Jun 02 04:32:30 UTC 2019
3 ms. Memory: 308736K Free: 289259K (94%)
ptolemy.util.test.WatchDog.cancel(): canceling Sun Jun 02 04:32:30 UTC 2019
auto.tcl: Setting watchdog for 200 seconds at Sun Jun 02 04:32:30 UTC 2019
1 ms. Memory: 308736K Free: 289259K (94%)
ptolemy.util.test.WatchDog.cancel(): canceling Sun Jun 02 04:32:30 UTC 2019
------------------ testing $PTII/ptolemy/domains/de/test/auto/fsm_de_test.xml
auto.tcl: Setting watchdog for 200 seconds at Sun Jun 02 04:32:30 UTC 2019
15 ms. Memory: 307712K Free: 288146K (94%)
ptolemy.util.test.WatchDog.cancel(): canceling Sun Jun 02 04:32:30 UTC 2019
auto.tcl: Setting watchdog for 200 seconds at Sun Jun 02 04:32:30 UTC 2019
5 ms. Memory: 307712K Free: 288146K (94%)
ptolemy.util.test.WatchDog.cancel(): canceling Sun Jun 02 04:32:30 UTC 2019
------------------ testing $PTII/ptolemy/domains/de/test/auto/functionDependencyReconstruction.xml
auto.tcl: Setting watchdog for 200 seconds at Sun Jun 02 04:32:30 UTC 2019
4 ms. Memory: 308736K Free: 282392K (91%)
ptolemy.util.test.WatchDog.cancel(): canceling Sun Jun 02 04:32:30 UTC 2019
auto.tcl: Setting watchdog for 200 seconds at Sun Jun 02 04:32:30 UTC 2019
3 ms. Memory: 308736K Free: 282392K (91%)
ptolemy.util.test.WatchDog.cancel(): canceling Sun Jun 02 04:32:30 UTC 2019
------------------ testing $PTII/ptolemy/domains/de/test/auto/multirate.xml
auto.tcl: Setting watchdog for 200 seconds at Sun Jun 02 04:32:30 UTC 2019
4 ms. Memory: 307712K Free: 291373K (95%)
ptolemy.util.test.WatchDog.cancel(): canceling Sun Jun 02 04:32:30 UTC 2019
auto.tcl: Setting watchdog for 200 seconds at Sun Jun 02 04:32:30 UTC 2019
3 ms. Memory: 307712K Free: 288013K (94%)
ptolemy.util.test.WatchDog.cancel(): canceling Sun Jun 02 04:32:30 UTC 2019
------------------ testing $PTII/ptolemy/domains/de/test/auto/multirate2.xml
auto.tcl: Setting watchdog for 200 seconds at Sun Jun 02 04:32:30 UTC 2019
3 ms. Memory: 308736K Free: 292569K (95%)
ptolemy.util.test.WatchDog.cancel(): canceling Sun Jun 02 04:32:30 UTC 2019
auto.tcl: Setting watchdog for 200 seconds at Sun Jun 02 04:32:30 UTC 2019
3 ms. Memory: 308736K Free: 292569K (95%)
ptolemy.util.test.WatchDog.cancel(): canceling Sun Jun 02 04:32:30 UTC 2019
------------------ testing $PTII/ptolemy/domains/de/test/auto/realtime.xml
auto.tcl: Setting watchdog for 200 seconds at Sun Jun 02 04:32:30 UTC 2019
10003 ms. Memory: 307712K Free: 291524K (95%)
ptolemy.util.test.WatchDog.cancel(): canceling Sun Jun 02 04:32:40 UTC 2019
auto.tcl: Setting watchdog for 200 seconds at Sun Jun 02 04:32:40 UTC 2019
10002 ms. Memory: 307712K Free: 291524K (95%)
ptolemy.util.test.WatchDog.cancel(): canceling Sun Jun 02 04:32:50 UTC 2019
------------------ testing $PTII/ptolemy/domains/de/test/auto/relationGroup.xml
auto.tcl: Setting watchdog for 200 seconds at Sun Jun 02 04:32:50 UTC 2019
2 ms. Memory: 308224K Free: 295458K (96%)
ptolemy.util.test.WatchDog.cancel(): canceling Sun Jun 02 04:32:50 UTC 2019
auto.tcl: Setting watchdog for 200 seconds at Sun Jun 02 04:32:50 UTC 2019
2 ms. Memory: 308224K Free: 295458K (96%)
ptolemy.util.test.WatchDog.cancel(): canceling Sun Jun 02 04:32:50 UTC 2019
------------------ testing $PTII/ptolemy/domains/de/test/auto/relationGroup2.xml
auto.tcl: Setting watchdog for 200 seconds at Sun Jun 02 04:32:51 UTC 2019
1 ms. Memory: 307712K Free: 294973K (96%)
ptolemy.util.test.WatchDog.cancel(): canceling Sun Jun 02 04:32:51 UTC 2019
auto.tcl: Setting watchdog for 200 seconds at Sun Jun 02 04:32:51 UTC 2019
2 ms. Memory: 307712K Free: 294973K (96%)
ptolemy.util.test.WatchDog.cancel(): canceling Sun Jun 02 04:32:51 UTC 2019
------------------ testing $PTII/ptolemy/domains/de/test/auto/sortWithOpaquePorts.xml
auto.tcl: Setting watchdog for 200 seconds at Sun Jun 02 04:32:51 UTC 2019
1 ms. Memory: 308224K Free: 295486K (96%)
ptolemy.util.test.WatchDog.cancel(): canceling Sun Jun 02 04:32:51 UTC 2019
auto.tcl: Setting watchdog for 200 seconds at Sun Jun 02 04:32:51 UTC 2019
2 ms. Memory: 308224K Free: 292125K (95%)
ptolemy.util.test.WatchDog.cancel(): canceling Sun Jun 02 04:32:51 UTC 2019
------------------ testing $PTII/ptolemy/domains/de/test/auto/transferInputsandOutputs.xml
auto.tcl: Setting watchdog for 200 seconds at Sun Jun 02 04:32:51 UTC 2019
3 ms. Memory: 307712K Free: 291592K (95%)
ptolemy.util.test.WatchDog.cancel(): canceling Sun Jun 02 04:32:51 UTC 2019
auto.tcl: Setting watchdog for 200 seconds at Sun Jun 02 04:32:51 UTC 2019
2 ms. Memory: 307712K Free: 288232K (94%)
ptolemy.util.test.WatchDog.cancel(): canceling Sun Jun 02 04:32:51 UTC 2019
------------------ testing $PTII/ptolemy/domains/de/test/auto/triggerType.xml
auto.tcl: Setting watchdog for 200 seconds at Sun Jun 02 04:32:51 UTC 2019
1 ms. Memory: 308224K Free: 295423K (96%)
ptolemy.util.test.WatchDog.cancel(): canceling Sun Jun 02 04:32:51 UTC 2019
auto.tcl: Setting watchdog for 200 seconds at Sun Jun 02 04:32:51 UTC 2019
1 ms. Memory: 308224K Free: 292047K (95%)
ptolemy.util.test.WatchDog.cancel(): canceling Sun Jun 02 04:32:51 UTC 2019
06/02/19 04:32:51
Failed: 0  Total Tests: 192  ((Passed: 187, Newly Passed: 1)  Known Failed: 5) /home/travis/build/icyphy/ptII/ptolemy/domains/de/test
06/02/19 04:32:51
Failed: 0  Total Tests: 192  ((Passed: 187, Newly Passed: 1)  Known Failed: 5) /home/travis/build/icyphy/ptII/ptolemy/domains/de/test
----------------- testing (KnownFailure) /home/travis/build/icyphy/ptII/ptolemy/domains/de/test/auto/knownFailedTests/DESDFClockTest.xml
2011 ms. Memory: 307712K Free: 285877K (93%)
Known Failure: java.lang.reflect.InvocationTargetException
----------------- testing (KnownFailure) /home/travis/build/icyphy/ptII/ptolemy/domains/de/test/auto/knownFailedTests/DirectFeedback.xml
1 ms. Memory: 307712K Free: 267772K (87%)
Known Failure: java.lang.reflect.InvocationTargetException
----------------- testing (KnownFailure) /home/travis/build/icyphy/ptII/ptolemy/domains/de/test/auto/knownFailedTests/FSMSource.xml
11 ms. Memory: 307712K Free: 245134K (80%)
----------------- testing (KnownFailure) /home/travis/build/icyphy/ptII/ptolemy/domains/de/test/auto/knownFailedTests/HierarchicalModel.xml
2 ms. Memory: 307712K Free: 222487K (72%)
Known Failure: java.lang.reflect.InvocationTargetException
----------------- testing (KnownFailure) /home/travis/build/icyphy/ptII/ptolemy/domains/de/test/auto/knownFailedTests/dependencyLoop.xml
2 ms. Memory: 307712K Free: 190803K (62%)
Known Failure: java.lang.reflect.InvocationTargetException
----------------- testing (KnownFailure) /home/travis/build/icyphy/ptII/ptolemy/domains/de/test/auto/knownFailedTests/dependencyLoop2.xml
1 ms. Memory: 307712K Free: 159120K (52%)
Known Failure: java.lang.reflect.InvocationTargetException
No auto/linux-amd64/*.xml tests in /home/travis/build/icyphy/ptII/ptolemy/domains/de/test
AutoTests.java: About to close Vertx.
AutoTests.java: Vertx closed.

===========================================================================================
----------------- testing Sun Jun 02 04:32:53 UTC 2019 /home/travis/build/icyphy/ptII/ptolemy/domains/de/test/auto/ActorDepthCalculation_actorWithoutPorts.xml
----------------- Instantiating /home/travis/build/icyphy/ptII/ptolemy/domains/de/test/auto/ActorDepthCalculation_actorWithoutPorts.xml
2 ms. Memory: 307712K Free: 136489K (44%)
----------------- Invoking toplevel() on ptolemy.moml.MoMLSimpleApplication@79eac9fc
----------------- Done invoking toplevel() on ptolemy.moml.MoMLSimpleApplication@79eac9fc
reloadAllAccessors: .ActorDepthCalculation_actorWithoutPorts

===========================================================================================
----------------- testing Sun Jun 02 04:32:53 UTC 2019 /home/travis/build/icyphy/ptII/ptolemy/domains/de/test/auto/AssemblyLine.xml
----------------- Instantiating /home/travis/build/icyphy/ptII/ptolemy/domains/de/test/auto/AssemblyLine.xml
2 ms. Memory: 307712K Free: 122903K (40%)
----------------- Invoking toplevel() on ptolemy.moml.MoMLSimpleApplication@2d8fc57
----------------- Done invoking toplevel() on ptolemy.moml.MoMLSimpleApplication@2d8fc57
reloadAllAccessors: .AssemblyLine

===========================================================================================
----------------- testing Sun Jun 02 04:32:53 UTC 2019 /home/travis/build/icyphy/ptII/ptolemy/domains/de/test/auto/CQBug1.xml
----------------- Instantiating /home/travis/build/icyphy/ptII/ptolemy/domains/de/test/auto/CQBug1.xml
1 ms. Memory: 307712K Free: 113850K (37%)
----------------- Invoking toplevel() on ptolemy.moml.MoMLSimpleApplication@4cd732ca
----------------- Done invoking toplevel() on ptolemy.moml.MoMLSimpleApplication@4cd732ca
reloadAllAccessors: .CQBug1

===========================================================================================
----------------- testing Sun Jun 02 04:32:53 UTC 2019 /home/travis/build/icyphy/ptII/ptolemy/domains/de/test/auto/CancelFireAt.xml
----------------- Instantiating /home/travis/build/icyphy/ptII/ptolemy/domains/de/test/auto/CancelFireAt.xml
2 ms. Memory: 307712K Free: 104798K (34%)
----------------- Invoking toplevel() on ptolemy.moml.MoMLSimpleApplication@ca3ac43
----------------- Done invoking toplevel() on ptolemy.moml.MoMLSimpleApplication@ca3ac43
reloadAllAccessors: .CancelFireAt

===========================================================================================
----------------- testing Sun Jun 02 04:32:53 UTC 2019 /home/travis/build/icyphy/ptII/ptolemy/domains/de/test/auto/CausalityAndComposabilityAnalysis.xml
----------------- Instantiating /home/travis/build/icyphy/ptII/ptolemy/domains/de/test/auto/CausalityAndComposabilityAnalysis.xml
2 ms. Memory: 307712K Free: 95746K (31%)
----------------- Invoking toplevel() on ptolemy.moml.MoMLSimpleApplication@9e8bf48
----------------- Done invoking toplevel() on ptolemy.moml.MoMLSimpleApplication@9e8bf48
reloadAllAccessors: .CausalityAndComposabilityAnalysis

===========================================================================================
----------------- testing Sun Jun 02 04:32:53 UTC 2019 /home/travis/build/icyphy/ptII/ptolemy/domains/de/test/auto/CausalityInterface1.xml
----------------- Instantiating /home/travis/build/icyphy/ptII/ptolemy/domains/de/test/auto/CausalityInterface1.xml
4 ms. Memory: 307712K Free: 83333K (27%)
----------------- Invoking toplevel() on ptolemy.moml.MoMLSimpleApplication@177d99c0
----------------- Done invoking toplevel() on ptolemy.moml.MoMLSimpleApplication@177d99c0
reloadAllAccessors: .CausalityInterface1

===========================================================================================
----------------- testing Sun Jun 02 04:32:53 UTC 2019 /home/travis/build/icyphy/ptII/ptolemy/domains/de/test/auto/CausalityInterface15.xml
----------------- Instantiating /home/travis/build/icyphy/ptII/ptolemy/domains/de/test/auto/CausalityInterface15.xml
7 ms. Memory: 298496K Free: 291117K (98%)
----------------- Invoking toplevel() on ptolemy.moml.MoMLSimpleApplication@3dd7da8a
----------------- Done invoking toplevel() on ptolemy.moml.MoMLSimpleApplication@3dd7da8a
reloadAllAccessors: .CausalityInterface15

===========================================================================================
----------------- testing Sun Jun 02 04:32:53 UTC 2019 /home/travis/build/icyphy/ptII/ptolemy/domains/de/test/auto/CausalityInterface2.xml
----------------- Instantiating /home/travis/build/icyphy/ptII/ptolemy/domains/de/test/auto/CausalityInterface2.xml
1 ms. Memory: 298496K Free: 280281K (94%)
----------------- Invoking toplevel() on ptolemy.moml.MoMLSimpleApplication@7f804c2a
----------------- Done invoking toplevel() on ptolemy.moml.MoMLSimpleApplication@7f804c2a
reloadAllAccessors: .CausalityInterface2

===========================================================================================
----------------- testing Sun Jun 02 04:32:53 UTC 2019 /home/travis/build/icyphy/ptII/ptolemy/domains/de/test/auto/CausalityInterface3.xml
----------------- Instantiating /home/travis/build/icyphy/ptII/ptolemy/domains/de/test/auto/CausalityInterface3.xml
2 ms. Memory: 298496K Free: 273784K (92%)
----------------- Invoking toplevel() on ptolemy.moml.MoMLSimpleApplication@7526e180
----------------- Done invoking toplevel() on ptolemy.moml.MoMLSimpleApplication@7526e180
reloadAllAccessors: .CausalityInterface3

===========================================================================================
----------------- testing Sun Jun 02 04:32:53 UTC 2019 /home/travis/build/icyphy/ptII/ptolemy/domains/de/test/auto/ClockDrift.xml
----------------- Instantiating /home/travis/build/icyphy/ptII/ptolemy/domains/de/test/auto/ClockDrift.xml
15 ms. Memory: 298496K Free: 258607K (87%)
----------------- Invoking toplevel() on ptolemy.moml.MoMLSimpleApplication@2269b49b
----------------- Done invoking toplevel() on ptolemy.moml.MoMLSimpleApplication@2269b49b
reloadAllAccessors: .ClockDrift

===========================================================================================
----------------- testing Sun Jun 02 04:32:53 UTC 2019 /home/travis/build/icyphy/ptII/ptolemy/domains/de/test/auto/ClockDriftAndValueChange.xml
----------------- Instantiating /home/travis/build/icyphy/ptII/ptolemy/domains/de/test/auto/ClockDriftAndValueChange.xml
10 ms. Memory: 298496K Free: 243406K (82%)
----------------- Invoking toplevel() on ptolemy.moml.MoMLSimpleApplication@4ed11153
----------------- Done invoking toplevel() on ptolemy.moml.MoMLSimpleApplication@4ed11153
reloadAllAccessors: .ClockDriftAndValueChange

===========================================================================================
----------------- testing Sun Jun 02 04:32:53 UTC 2019 /home/travis/build/icyphy/ptII/ptolemy/domains/de/test/auto/ClockDriftChange.xml
----------------- Instantiating /home/travis/build/icyphy/ptII/ptolemy/domains/de/test/auto/ClockDriftChange.xml
7 ms. Memory: 298496K Free: 228266K (76%)
----------------- Invoking toplevel() on ptolemy.moml.MoMLSimpleApplication@208b85aa
----------------- Done invoking toplevel() on ptolemy.moml.MoMLSimpleApplication@208b85aa
reloadAllAccessors: .ClockDriftChange

===========================================================================================
----------------- testing Sun Jun 02 04:32:53 UTC 2019 /home/travis/build/icyphy/ptII/ptolemy/domains/de/test/auto/ComposableCausalityAnalysis.xml
----------------- Instantiating /home/travis/build/icyphy/ptII/ptolemy/domains/de/test/auto/ComposableCausalityAnalysis.xml
2 ms. Memory: 298496K Free: 219571K (74%)
----------------- Invoking toplevel() on ptolemy.moml.MoMLSimpleApplication@1b8b6ea4
----------------- Done invoking toplevel() on ptolemy.moml.MoMLSimpleApplication@1b8b6ea4
reloadAllAccessors: .ComposableCausalityAnalysis

===========================================================================================
----------------- testing Sun Jun 02 04:32:53 UTC 2019 /home/travis/build/icyphy/ptII/ptolemy/domains/de/test/auto/DEFixedPointLimitation.xml
----------------- Instantiating /home/travis/build/icyphy/ptII/ptolemy/domains/de/test/auto/DEFixedPointLimitation.xml
1 ms. Memory: 298496K Free: 213058K (71%)
----------------- Invoking toplevel() on ptolemy.moml.MoMLSimpleApplication@1ec9d7a6
----------------- Done invoking toplevel() on ptolemy.moml.MoMLSimpleApplication@1ec9d7a6
reloadAllAccessors: .DEFixedPointLimitation

===========================================================================================
----------------- testing Sun Jun 02 04:32:53 UTC 2019 /home/travis/build/icyphy/ptII/ptolemy/domains/de/test/auto/DEScheduleTest.xml
----------------- Instantiating /home/travis/build/icyphy/ptII/ptolemy/domains/de/test/auto/DEScheduleTest.xml
2 ms. Memory: 298496K Free: 206561K (69%)
----------------- Invoking toplevel() on ptolemy.moml.MoMLSimpleApplication@c4ee2ea
----------------- Done invoking toplevel() on ptolemy.moml.MoMLSimpleApplication@c4ee2ea
reloadAllAccessors: .DEScheduleTest

===========================================================================================
----------------- testing Sun Jun 02 04:32:53 UTC 2019 /home/travis/build/icyphy/ptII/ptolemy/domains/de/test/auto/DEinDEwithStartTimes.xml
----------------- Instantiating /home/travis/build/icyphy/ptII/ptolemy/domains/de/test/auto/DEinDEwithStartTimes.xml
1 ms. Memory: 298496K Free: 197881K (66%)
----------------- Invoking toplevel() on ptolemy.moml.MoMLSimpleApplication@7ccbdbb7
----------------- Done invoking toplevel() on ptolemy.moml.MoMLSimpleApplication@7ccbdbb7
reloadAllAccessors: .DEinDEwithStartTimes

===========================================================================================
----------------- testing Sun Jun 02 04:32:53 UTC 2019 /home/travis/build/icyphy/ptII/ptolemy/domains/de/test/auto/DEinDEwithStartTimes2.xml
----------------- Instantiating /home/travis/build/icyphy/ptII/ptolemy/domains/de/test/auto/DEinDEwithStartTimes2.xml
2 ms. Memory: 298496K Free: 187076K (63%)
----------------- Invoking toplevel() on ptolemy.moml.MoMLSimpleApplication@92c443c
----------------- Done invoking toplevel() on ptolemy.moml.MoMLSimpleApplication@92c443c
reloadAllAccessors: .DEinDEwithStartTimes2

===========================================================================================
----------------- testing Sun Jun 02 04:32:53 UTC 2019 /home/travis/build/icyphy/ptII/ptolemy/domains/de/test/auto/DateDemo.xml
----------------- Instantiating /home/travis/build/icyphy/ptII/ptolemy/domains/de/test/auto/DateDemo.xml
3 ms. Memory: 298496K Free: 174042K (58%)
----------------- Invoking toplevel() on ptolemy.moml.MoMLSimpleApplication@156d54f5
----------------- Done invoking toplevel() on ptolemy.moml.MoMLSimpleApplication@156d54f5
reloadAllAccessors: .DateDemo

===========================================================================================
----------------- testing Sun Jun 02 04:32:53 UTC 2019 /home/travis/build/icyphy/ptII/ptolemy/domains/de/test/auto/DateToEvent.xml
----------------- Instantiating /home/travis/build/icyphy/ptII/ptolemy/domains/de/test/auto/DateToEvent.xml
2005 ms. Memory: 298496K Free: 154493K (52%)
----------------- Invoking toplevel() on ptolemy.moml.MoMLSimpleApplication@15943375
----------------- Done invoking toplevel() on ptolemy.moml.MoMLSimpleApplication@15943375
reloadAllAccessors: .DateToEvent

===========================================================================================
----------------- testing Sun Jun 02 04:32:55 UTC 2019 /home/travis/build/icyphy/ptII/ptolemy/domains/de/test/auto/DepthTest1.xml
----------------- Instantiating /home/travis/build/icyphy/ptII/ptolemy/domains/de/test/auto/DepthTest1.xml
2 ms. Memory: 298496K Free: 150162K (50%)
----------------- Invoking toplevel() on ptolemy.moml.MoMLSimpleApplication@292e780
----------------- Done invoking toplevel() on ptolemy.moml.MoMLSimpleApplication@292e780
reloadAllAccessors: .DepthTest1

===========================================================================================
----------------- testing Sun Jun 02 04:32:55 UTC 2019 /home/travis/build/icyphy/ptII/ptolemy/domains/de/test/auto/DepthTest2.xml
----------------- Instantiating /home/travis/build/icyphy/ptII/ptolemy/domains/de/test/auto/DepthTest2.xml
2 ms. Memory: 298496K Free: 139370K (47%)
----------------- Invoking toplevel() on ptolemy.moml.MoMLSimpleApplication@7c5b5f4a
----------------- Done invoking toplevel() on ptolemy.moml.MoMLSimpleApplication@7c5b5f4a
reloadAllAccessors: .DepthTest2

===========================================================================================
----------------- testing Sun Jun 02 04:32:55 UTC 2019 /home/travis/build/icyphy/ptII/ptolemy/domains/de/test/auto/DepthTest3.xml
----------------- Instantiating /home/travis/build/icyphy/ptII/ptolemy/domains/de/test/auto/DepthTest3.xml
1 ms. Memory: 298496K Free: 132873K (45%)
----------------- Invoking toplevel() on ptolemy.moml.MoMLSimpleApplication@5084eef3
----------------- Done invoking toplevel() on ptolemy.moml.MoMLSimpleApplication@5084eef3
reloadAllAccessors: .DepthTest3

===========================================================================================
----------------- testing Sun Jun 02 04:32:55 UTC 2019 /home/travis/build/icyphy/ptII/ptolemy/domains/de/test/auto/DepthTest4.xml
----------------- Instantiating /home/travis/build/icyphy/ptII/ptolemy/domains/de/test/auto/DepthTest4.xml
1 ms. Memory: 298496K Free: 126359K (42%)
----------------- Invoking toplevel() on ptolemy.moml.MoMLSimpleApplication@6a7de574
----------------- Done invoking toplevel() on ptolemy.moml.MoMLSimpleApplication@6a7de574
reloadAllAccessors: .DepthTest4

===========================================================================================
----------------- testing Sun Jun 02 04:32:55 UTC 2019 /home/travis/build/icyphy/ptII/ptolemy/domains/de/test/auto/DepthTest5.xml
----------------- Instantiating /home/travis/build/icyphy/ptII/ptolemy/domains/de/test/auto/DepthTest5.xml
2 ms. Memory: 298496K Free: 117664K (39%)
----------------- Invoking toplevel() on ptolemy.moml.MoMLSimpleApplication@39ad8871
----------------- Done invoking toplevel() on ptolemy.moml.MoMLSimpleApplication@39ad8871
reloadAllAccessors: .DepthTest5

===========================================================================================
----------------- testing Sun Jun 02 04:32:55 UTC 2019 /home/travis/build/icyphy/ptII/ptolemy/domains/de/test/auto/DepthTest6.xml
----------------- Instantiating /home/travis/build/icyphy/ptII/ptolemy/domains/de/test/auto/DepthTest6.xml
2 ms. Memory: 298496K Free: 108985K (37%)
----------------- Invoking toplevel() on ptolemy.moml.MoMLSimpleApplication@41e724b8
----------------- Done invoking toplevel() on ptolemy.moml.MoMLSimpleApplication@41e724b8
reloadAllAccessors: .DepthTest6

===========================================================================================
----------------- testing Sun Jun 02 04:32:56 UTC 2019 /home/travis/build/icyphy/ptII/ptolemy/domains/de/test/auto/DepthTest7.xml
----------------- Instantiating /home/travis/build/icyphy/ptII/ptolemy/domains/de/test/auto/DepthTest7.xml
2 ms. Memory: 298496K Free: 100359K (34%)
----------------- Invoking toplevel() on ptolemy.moml.MoMLSimpleApplication@52ecb6da
----------------- Done invoking toplevel() on ptolemy.moml.MoMLSimpleApplication@52ecb6da
reloadAllAccessors: .DepthTest7

===========================================================================================
----------------- testing Sun Jun 02 04:32:56 UTC 2019 /home/travis/build/icyphy/ptII/ptolemy/domains/de/test/auto/EventToDate.xml
----------------- Instantiating /home/travis/build/icyphy/ptII/ptolemy/domains/de/test/auto/EventToDate.xml
3004 ms. Memory: 298496K Free: 82992K (28%)
----------------- Invoking toplevel() on ptolemy.moml.MoMLSimpleApplication@6d799050
----------------- Done invoking toplevel() on ptolemy.moml.MoMLSimpleApplication@6d799050
reloadAllAccessors: .EventToDate

===========================================================================================
----------------- testing Sun Jun 02 04:32:59 UTC 2019 /home/travis/build/icyphy/ptII/ptolemy/domains/de/test/auto/FSM1.xml
----------------- Instantiating /home/travis/build/icyphy/ptII/ptolemy/domains/de/test/auto/FSM1.xml
26 ms. Memory: 289280K Free: 276085K (95%)
----------------- Invoking toplevel() on ptolemy.moml.MoMLSimpleApplication@9cb8ffb
----------------- Done invoking toplevel() on ptolemy.moml.MoMLSimpleApplication@9cb8ffb
reloadAllAccessors: .FSM1

===========================================================================================
----------------- testing Sun Jun 02 04:32:59 UTC 2019 /home/travis/build/icyphy/ptII/ptolemy/domains/de/test/auto/FSM7.xml
----------------- Instantiating /home/travis/build/icyphy/ptII/ptolemy/domains/de/test/auto/FSM7.xml
10 ms. Memory: 289280K Free: 260146K (90%)
----------------- Invoking toplevel() on ptolemy.moml.MoMLSimpleApplication@50bc8269
----------------- Done invoking toplevel() on ptolemy.moml.MoMLSimpleApplication@50bc8269
reloadAllAccessors: .FSM7

===========================================================================================
----------------- testing Sun Jun 02 04:32:59 UTC 2019 /home/travis/build/icyphy/ptII/ptolemy/domains/de/test/auto/Inspection.xml
----------------- Instantiating /home/travis/build/icyphy/ptII/ptolemy/domains/de/test/auto/Inspection.xml
12 ms. Memory: 289280K Free: 245598K (85%)
----------------- Invoking toplevel() on ptolemy.moml.MoMLSimpleApplication@56b1565a
----------------- Done invoking toplevel() on ptolemy.moml.MoMLSimpleApplication@56b1565a
reloadAllAccessors: .Inspection

===========================================================================================
----------------- testing Sun Jun 02 04:32:59 UTC 2019 /home/travis/build/icyphy/ptII/ptolemy/domains/de/test/auto/Iteration.xml
----------------- Instantiating /home/travis/build/icyphy/ptII/ptolemy/domains/de/test/auto/Iteration.xml
8 ms. Memory: 289280K Free: 235911K (82%)
----------------- Invoking toplevel() on ptolemy.moml.MoMLSimpleApplication@57c16e7e
----------------- Done invoking toplevel() on ptolemy.moml.MoMLSimpleApplication@57c16e7e
reloadAllAccessors: .Iteration

===========================================================================================
----------------- testing Sun Jun 02 04:32:59 UTC 2019 /home/travis/build/icyphy/ptII/ptolemy/domains/de/test/auto/LineFault.xml
----------------- Instantiating /home/travis/build/icyphy/ptII/ptolemy/domains/de/test/auto/LineFault.xml
431 ms. Memory: 289280K Free: 119507K (41%)
----------------- Invoking toplevel() on ptolemy.moml.MoMLSimpleApplication@5e53cd63
----------------- Done invoking toplevel() on ptolemy.moml.MoMLSimpleApplication@5e53cd63
reloadAllAccessors: .LineFault

===========================================================================================
----------------- testing Sun Jun 02 04:32:59 UTC 2019 /home/travis/build/icyphy/ptII/ptolemy/domains/de/test/auto/MergeModel1Add.xml
----------------- Instantiating /home/travis/build/icyphy/ptII/ptolemy/domains/de/test/auto/MergeModel1Add.xml
6 ms. Memory: 289280K Free: 98691K (34%)
----------------- Invoking toplevel() on ptolemy.moml.MoMLSimpleApplication@26f7cee7
----------------- Done invoking toplevel() on ptolemy.moml.MoMLSimpleApplication@26f7cee7
reloadAllAccessors: .MergeModel1Add

===========================================================================================
----------------- testing Sun Jun 02 04:32:59 UTC 2019 /home/travis/build/icyphy/ptII/ptolemy/domains/de/test/auto/MergeModel2Add.xml
----------------- Instantiating /home/travis/build/icyphy/ptII/ptolemy/domains/de/test/auto/MergeModel2Add.xml
6 ms. Memory: 289280K Free: 76482K (26%)
----------------- Invoking toplevel() on ptolemy.moml.MoMLSimpleApplication@76839187
----------------- Done invoking toplevel() on ptolemy.moml.MoMLSimpleApplication@76839187
reloadAllAccessors: .MergeModel2Add

===========================================================================================
----------------- testing Sun Jun 02 04:32:59 UTC 2019 /home/travis/build/icyphy/ptII/ptolemy/domains/de/test/auto/MergeModel3Add.xml
----------------- Instantiating /home/travis/build/icyphy/ptII/ptolemy/domains/de/test/auto/MergeModel3Add.xml
5 ms. Memory: 280064K Free: 255566K (91%)
----------------- Invoking toplevel() on ptolemy.moml.MoMLSimpleApplication@6e186d17
----------------- Done invoking toplevel() on ptolemy.moml.MoMLSimpleApplication@6e186d17
reloadAllAccessors: .MergeModel3Add

===========================================================================================
----------------- testing Sun Jun 02 04:32:59 UTC 2019 /home/travis/build/icyphy/ptII/ptolemy/domains/de/test/auto/MergeWithoutDiscard.xml
----------------- Instantiating /home/travis/build/icyphy/ptII/ptolemy/domains/de/test/auto/MergeWithoutDiscard.xml
2 ms. Memory: 280064K Free: 249369K (89%)
----------------- Invoking toplevel() on ptolemy.moml.MoMLSimpleApplication@6faee76e
----------------- Done invoking toplevel() on ptolemy.moml.MoMLSimpleApplication@6faee76e
reloadAllAccessors: .MergeWithoutDiscard

===========================================================================================
----------------- testing Sun Jun 02 04:32:59 UTC 2019 /home/travis/build/icyphy/ptII/ptolemy/domains/de/test/auto/Modal1.xml
----------------- Instantiating /home/travis/build/icyphy/ptII/ptolemy/domains/de/test/auto/Modal1.xml
8 ms. Memory: 280064K Free: 235161K (84%)
----------------- Invoking toplevel() on ptolemy.moml.MoMLSimpleApplication@540e709a
----------------- Done invoking toplevel() on ptolemy.moml.MoMLSimpleApplication@540e709a
reloadAllAccessors: .Modal1

===========================================================================================
----------------- testing Sun Jun 02 04:32:59 UTC 2019 /home/travis/build/icyphy/ptII/ptolemy/domains/de/test/auto/Modal2.xml
----------------- Instantiating /home/travis/build/icyphy/ptII/ptolemy/domains/de/test/auto/Modal2.xml
11 ms. Memory: 280064K Free: 220521K (79%)
----------------- Invoking toplevel() on ptolemy.moml.MoMLSimpleApplication@7a87153
----------------- Done invoking toplevel() on ptolemy.moml.MoMLSimpleApplication@7a87153
reloadAllAccessors: .Modal2

===========================================================================================
----------------- testing Sun Jun 02 04:33:00 UTC 2019 /home/travis/build/icyphy/ptII/ptolemy/domains/de/test/auto/Modal3.xml
----------------- Instantiating /home/travis/build/icyphy/ptII/ptolemy/domains/de/test/auto/Modal3.xml
9 ms. Memory: 280064K Free: 205019K (73%)
----------------- Invoking toplevel() on ptolemy.moml.MoMLSimpleApplication@3ae91fd4
----------------- Done invoking toplevel() on ptolemy.moml.MoMLSimpleApplication@3ae91fd4
reloadAllAccessors: .Modal3

===========================================================================================
----------------- testing Sun Jun 02 04:33:00 UTC 2019 /home/travis/build/icyphy/ptII/ptolemy/domains/de/test/auto/Modal4.xml
----------------- Instantiating /home/travis/build/icyphy/ptII/ptolemy/domains/de/test/auto/Modal4.xml
8 ms. Memory: 280064K Free: 190381K (68%)
----------------- Invoking toplevel() on ptolemy.moml.MoMLSimpleApplication@5c398159
----------------- Done invoking toplevel() on ptolemy.moml.MoMLSimpleApplication@5c398159
reloadAllAccessors: .Modal4

===========================================================================================
----------------- testing Sun Jun 02 04:33:00 UTC 2019 /home/travis/build/icyphy/ptII/ptolemy/domains/de/test/auto/Modal5.xml
----------------- Instantiating /home/travis/build/icyphy/ptII/ptolemy/domains/de/test/auto/Modal5.xml
8 ms. Memory: 280064K Free: 174881K (62%)
----------------- Invoking toplevel() on ptolemy.moml.MoMLSimpleApplication@c574ba1
----------------- Done invoking toplevel() on ptolemy.moml.MoMLSimpleApplication@c574ba1
reloadAllAccessors: .Modal5

===========================================================================================
----------------- testing Sun Jun 02 04:33:00 UTC 2019 /home/travis/build/icyphy/ptII/ptolemy/domains/de/test/auto/Modal6.xml
----------------- Instantiating /home/travis/build/icyphy/ptII/ptolemy/domains/de/test/auto/Modal6.xml
12 ms. Memory: 280064K Free: 161589K (58%)
----------------- Invoking toplevel() on ptolemy.moml.MoMLSimpleApplication@869e6ab
----------------- Done invoking toplevel() on ptolemy.moml.MoMLSimpleApplication@869e6ab
reloadAllAccessors: .Modal6

===========================================================================================
----------------- testing Sun Jun 02 04:33:00 UTC 2019 /home/travis/build/icyphy/ptII/ptolemy/domains/de/test/auto/Modal7.xml
----------------- Instantiating /home/travis/build/icyphy/ptII/ptolemy/domains/de/test/auto/Modal7.xml
7 ms. Memory: 280064K Free: 146104K (52%)
----------------- Invoking toplevel() on ptolemy.moml.MoMLSimpleApplication@38667628
----------------- Done invoking toplevel() on ptolemy.moml.MoMLSimpleApplication@38667628
reloadAllAccessors: .Modal7

===========================================================================================
----------------- testing Sun Jun 02 04:33:00 UTC 2019 /home/travis/build/icyphy/ptII/ptolemy/domains/de/test/auto/ModalModel.xml
----------------- Instantiating /home/travis/build/icyphy/ptII/ptolemy/domains/de/test/auto/ModalModel.xml
100 ms. Memory: 280064K Free: 76739K (27%)
----------------- Invoking toplevel() on ptolemy.moml.MoMLSimpleApplication@33705742
----------------- Done invoking toplevel() on ptolemy.moml.MoMLSimpleApplication@33705742
reloadAllAccessors: .ModalModel

===========================================================================================
----------------- testing Sun Jun 02 04:33:00 UTC 2019 /home/travis/build/icyphy/ptII/ptolemy/domains/de/test/auto/ModalSource.xml
----------------- Instantiating /home/travis/build/icyphy/ptII/ptolemy/domains/de/test/auto/ModalSource.xml
4 ms. Memory: 272384K Free: 257635K (95%)
----------------- Invoking toplevel() on ptolemy.moml.MoMLSimpleApplication@6c9e84ef
----------------- Done invoking toplevel() on ptolemy.moml.MoMLSimpleApplication@6c9e84ef
reloadAllAccessors: .ModalSource

===========================================================================================
----------------- testing Sun Jun 02 04:33:00 UTC 2019 /home/travis/build/icyphy/ptII/ptolemy/domains/de/test/auto/NonInterruptibleTimerZeroDelay.xml
----------------- Instantiating /home/travis/build/icyphy/ptII/ptolemy/domains/de/test/auto/NonInterruptibleTimerZeroDelay.xml
2 ms. Memory: 272384K Free: 251956K (93%)
----------------- Invoking toplevel() on ptolemy.moml.MoMLSimpleApplication@24c1c01b
----------------- Done invoking toplevel() on ptolemy.moml.MoMLSimpleApplication@24c1c01b
reloadAllAccessors: .NonInterruptibleTimerZeroDelay

===========================================================================================
----------------- testing Sun Jun 02 04:33:00 UTC 2019 /home/travis/build/icyphy/ptII/ptolemy/domains/de/test/auto/OpenQueueingNetwork.xml
----------------- Instantiating /home/travis/build/icyphy/ptII/ptolemy/domains/de/test/auto/OpenQueueingNetwork.xml
2180 ms. Memory: 250368K Free: 148470K (59%)
----------------- Invoking toplevel() on ptolemy.moml.MoMLSimpleApplication@6476da5d
----------------- Done invoking toplevel() on ptolemy.moml.MoMLSimpleApplication@6476da5d
reloadAllAccessors: .OpenQueueingNetwork

===========================================================================================
----------------- testing Sun Jun 02 04:33:02 UTC 2019 /home/travis/build/icyphy/ptII/ptolemy/domains/de/test/auto/OpenQueuingNetwork.xml
----------------- Instantiating /home/travis/build/icyphy/ptII/ptolemy/domains/de/test/auto/OpenQueuingNetwork.xml
229 ms. Memory: 242688K Free: 216659K (89%)
----------------- Invoking toplevel() on ptolemy.moml.MoMLSimpleApplication@c92a5da
----------------- Done invoking toplevel() on ptolemy.moml.MoMLSimpleApplication@c92a5da
reloadAllAccessors: .OpenQueuingNetwork

===========================================================================================
----------------- testing Sun Jun 02 04:33:02 UTC 2019 /home/travis/build/icyphy/ptII/ptolemy/domains/de/test/auto/PeriodicSampler.xml
----------------- Instantiating /home/travis/build/icyphy/ptII/ptolemy/domains/de/test/auto/PeriodicSampler.xml
2 ms. Memory: 242688K Free: 210130K (87%)
----------------- Invoking toplevel() on ptolemy.moml.MoMLSimpleApplication@578caa66
----------------- Done invoking toplevel() on ptolemy.moml.MoMLSimpleApplication@578caa66
reloadAllAccessors: .PeriodicSampler

===========================================================================================
----------------- testing Sun Jun 02 04:33:02 UTC 2019 /home/travis/build/icyphy/ptII/ptolemy/domains/de/test/auto/PersistentIO.xml
----------------- Instantiating /home/travis/build/icyphy/ptII/ptolemy/domains/de/test/auto/PersistentIO.xml
4 ms. Memory: 242688K Free: 200037K (82%)
----------------- Invoking toplevel() on ptolemy.moml.MoMLSimpleApplication@5f584f4b
----------------- Done invoking toplevel() on ptolemy.moml.MoMLSimpleApplication@5f584f4b
reloadAllAccessors: .PersistentIO

===========================================================================================
----------------- testing Sun Jun 02 04:33:02 UTC 2019 /home/travis/build/icyphy/ptII/ptolemy/domains/de/test/auto/PortParameterResetOnInitialize.xml
----------------- Instantiating /home/travis/build/icyphy/ptII/ptolemy/domains/de/test/auto/PortParameterResetOnInitialize.xml
2 ms. Memory: 242688K Free: 194569K (80%)
----------------- Invoking toplevel() on ptolemy.moml.MoMLSimpleApplication@70f4cb77
----------------- Done invoking toplevel() on ptolemy.moml.MoMLSimpleApplication@70f4cb77
reloadAllAccessors: .PortParameterResetOnInitialize

===========================================================================================
----------------- testing Sun Jun 02 04:33:02 UTC 2019 /home/travis/build/icyphy/ptII/ptolemy/domains/de/test/auto/PortParameterUpdates.xml
----------------- Instantiating /home/travis/build/icyphy/ptII/ptolemy/domains/de/test/auto/PortParameterUpdates.xml
7 ms. Memory: 242688K Free: 187692K (77%)
----------------- Invoking toplevel() on ptolemy.moml.MoMLSimpleApplication@29ebc116
----------------- Done invoking toplevel() on ptolemy.moml.MoMLSimpleApplication@29ebc116
reloadAllAccessors: .PortParameterUpdates

===========================================================================================
----------------- testing Sun Jun 02 04:33:02 UTC 2019 /home/travis/build/icyphy/ptII/ptolemy/domains/de/test/auto/QueueAndServer.xml
----------------- Instantiating /home/travis/build/icyphy/ptII/ptolemy/domains/de/test/auto/QueueAndServer.xml
5 ms. Memory: 242688K Free: 179221K (74%)
----------------- Invoking toplevel() on ptolemy.moml.MoMLSimpleApplication@1f7415c1
----------------- Done invoking toplevel() on ptolemy.moml.MoMLSimpleApplication@1f7415c1
reloadAllAccessors: .QueueAndServer

===========================================================================================
----------------- testing Sun Jun 02 04:33:02 UTC 2019 /home/travis/build/icyphy/ptII/ptolemy/domains/de/test/auto/Records.xml
----------------- Instantiating /home/travis/build/icyphy/ptII/ptolemy/domains/de/test/auto/Records.xml
3 ms. Memory: 242688K Free: 172145K (71%)
----------------- Invoking toplevel() on ptolemy.moml.MoMLSimpleApplication@20848d4
----------------- Done invoking toplevel() on ptolemy.moml.MoMLSimpleApplication@20848d4
reloadAllAccessors: .Records

===========================================================================================
----------------- testing Sun Jun 02 04:33:02 UTC 2019 /home/travis/build/icyphy/ptII/ptolemy/domains/de/test/auto/ResetTransitionWithStartTime1.xml
----------------- Instantiating /home/travis/build/icyphy/ptII/ptolemy/domains/de/test/auto/ResetTransitionWithStartTime1.xml
6 ms. Memory: 242688K Free: 162037K (67%)
----------------- Invoking toplevel() on ptolemy.moml.MoMLSimpleApplication@319e2408
----------------- Done invoking toplevel() on ptolemy.moml.MoMLSimpleApplication@319e2408
reloadAllAccessors: .ResetTransitionWithStartTime1

===========================================================================================
----------------- testing Sun Jun 02 04:33:03 UTC 2019 /home/travis/build/icyphy/ptII/ptolemy/domains/de/test/auto/ResetTransitionWithStartTime2.xml
----------------- Instantiating /home/travis/build/icyphy/ptII/ptolemy/domains/de/test/auto/ResetTransitionWithStartTime2.xml
4 ms. Memory: 242688K Free: 151929K (63%)
----------------- Invoking toplevel() on ptolemy.moml.MoMLSimpleApplication@2838fcee
----------------- Done invoking toplevel() on ptolemy.moml.MoMLSimpleApplication@2838fcee
reloadAllAccessors: .ResetTransitionWithStartTime2

===========================================================================================
----------------- testing Sun Jun 02 04:33:03 UTC 2019 /home/travis/build/icyphy/ptII/ptolemy/domains/de/test/auto/ResetTransitionWithStartTime3.xml
----------------- Instantiating /home/travis/build/icyphy/ptII/ptolemy/domains/de/test/auto/ResetTransitionWithStartTime3.xml
5 ms. Memory: 242688K Free: 141589K (58%)
----------------- Invoking toplevel() on ptolemy.moml.MoMLSimpleApplication@4697ab97
----------------- Done invoking toplevel() on ptolemy.moml.MoMLSimpleApplication@4697ab97
reloadAllAccessors: .ResetTransitionWithStartTime3

===========================================================================================
----------------- testing Sun Jun 02 04:33:03 UTC 2019 /home/travis/build/icyphy/ptII/ptolemy/domains/de/test/auto/ResetTransitionWithStartTime4.xml
----------------- Instantiating /home/travis/build/icyphy/ptII/ptolemy/domains/de/test/auto/ResetTransitionWithStartTime4.xml
6 ms. Memory: 242688K Free: 133089K (55%)
----------------- Invoking toplevel() on ptolemy.moml.MoMLSimpleApplication@66eb5654
----------------- Done invoking toplevel() on ptolemy.moml.MoMLSimpleApplication@66eb5654
reloadAllAccessors: .ResetTransitionWithStartTime4

===========================================================================================
----------------- testing Sun Jun 02 04:33:03 UTC 2019 /home/travis/build/icyphy/ptII/ptolemy/domains/de/test/auto/ResettableTimer1.xml
----------------- Instantiating /home/travis/build/icyphy/ptII/ptolemy/domains/de/test/auto/ResettableTimer1.xml
4 ms. Memory: 242688K Free: 127613K (53%)
----------------- Invoking toplevel() on ptolemy.moml.MoMLSimpleApplication@48072335
----------------- Done invoking toplevel() on ptolemy.moml.MoMLSimpleApplication@48072335
reloadAllAccessors: .ResettableTimer1

===========================================================================================
----------------- testing Sun Jun 02 04:33:03 UTC 2019 /home/travis/build/icyphy/ptII/ptolemy/domains/de/test/auto/ResettableTimer2.xml
----------------- Instantiating /home/travis/build/icyphy/ptII/ptolemy/domains/de/test/auto/ResettableTimer2.xml
1 ms. Memory: 242688K Free: 122359K (50%)
----------------- Invoking toplevel() on ptolemy.moml.MoMLSimpleApplication@7a0b1a5f
----------------- Done invoking toplevel() on ptolemy.moml.MoMLSimpleApplication@7a0b1a5f
reloadAllAccessors: .ResettableTimer2

===========================================================================================
----------------- testing Sun Jun 02 04:33:03 UTC 2019 /home/travis/build/icyphy/ptII/ptolemy/domains/de/test/auto/ResettableTimer3.xml
----------------- Instantiating /home/travis/build/icyphy/ptII/ptolemy/domains/de/test/auto/ResettableTimer3.xml
2 ms. Memory: 242688K Free: 117106K (48%)
----------------- Invoking toplevel() on ptolemy.moml.MoMLSimpleApplication@e1473d9
----------------- Done invoking toplevel() on ptolemy.moml.MoMLSimpleApplication@e1473d9
reloadAllAccessors: .ResettableTimer3

===========================================================================================
----------------- testing Sun Jun 02 04:33:03 UTC 2019 /home/travis/build/icyphy/ptII/ptolemy/domains/de/test/auto/ResettableTimer4.xml
----------------- Instantiating /home/travis/build/icyphy/ptII/ptolemy/domains/de/test/auto/ResettableTimer4.xml
2 ms. Memory: 242688K Free: 111622K (46%)
----------------- Invoking toplevel() on ptolemy.moml.MoMLSimpleApplication@6129fbf2
----------------- Done invoking toplevel() on ptolemy.moml.MoMLSimpleApplication@6129fbf2
reloadAllAccessors: .ResettableTimer4

===========================================================================================
----------------- testing Sun Jun 02 04:33:03 UTC 2019 /home/travis/build/icyphy/ptII/ptolemy/domains/de/test/auto/ResettableTimer5.xml
----------------- Instantiating /home/travis/build/icyphy/ptII/ptolemy/domains/de/test/auto/ResettableTimer5.xml
1 ms. Memory: 242688K Free: 104745K (43%)
----------------- Invoking toplevel() on ptolemy.moml.MoMLSimpleApplication@2d2f8b93
----------------- Done invoking toplevel() on ptolemy.moml.MoMLSimpleApplication@2d2f8b93
reloadAllAccessors: .ResettableTimer5

===========================================================================================
----------------- testing Sun Jun 02 04:33:03 UTC 2019 /home/travis/build/icyphy/ptII/ptolemy/domains/de/test/auto/ResettableTimer6.xml
----------------- Instantiating /home/travis/build/icyphy/ptII/ptolemy/domains/de/test/auto/ResettableTimer6.xml
5 ms. Memory: 242688K Free: 97662K (40%)
----------------- Invoking toplevel() on ptolemy.moml.MoMLSimpleApplication@43bb1eee
----------------- Done invoking toplevel() on ptolemy.moml.MoMLSimpleApplication@43bb1eee
reloadAllAccessors: .ResettableTimer6

===========================================================================================
----------------- testing Sun Jun 02 04:33:03 UTC 2019 /home/travis/build/icyphy/ptII/ptolemy/domains/de/test/auto/ServerZeroDelay.xml
----------------- Instantiating /home/travis/build/icyphy/ptII/ptolemy/domains/de/test/auto/ServerZeroDelay.xml
2 ms. Memory: 242688K Free: 92393K (38%)
----------------- Invoking toplevel() on ptolemy.moml.MoMLSimpleApplication@6620cb89
----------------- Done invoking toplevel() on ptolemy.moml.MoMLSimpleApplication@6620cb89
reloadAllAccessors: .ServerZeroDelay

===========================================================================================
----------------- testing Sun Jun 02 04:33:03 UTC 2019 /home/travis/build/icyphy/ptII/ptolemy/domains/de/test/auto/SmartSender.xml
----------------- Instantiating /home/travis/build/icyphy/ptII/ptolemy/domains/de/test/auto/SmartSender.xml
3002 ms. Memory: 242688K Free: 86909K (36%)
----------------- Invoking toplevel() on ptolemy.moml.MoMLSimpleApplication@3c88226a
----------------- Done invoking toplevel() on ptolemy.moml.MoMLSimpleApplication@3c88226a
reloadAllAccessors: .SmartSender

===========================================================================================
----------------- testing Sun Jun 02 04:33:06 UTC 2019 /home/travis/build/icyphy/ptII/ptolemy/domains/de/test/auto/ThreadedComposite.xml
----------------- Instantiating /home/travis/build/icyphy/ptII/ptolemy/domains/de/test/auto/ThreadedComposite.xml
106 ms. Memory: 237056K Free: 217868K (92%)
----------------- Invoking toplevel() on ptolemy.moml.MoMLSimpleApplication@26f95a38
----------------- Done invoking toplevel() on ptolemy.moml.MoMLSimpleApplication@26f95a38
reloadAllAccessors: .ThreadedComposite

===========================================================================================
----------------- testing Sun Jun 02 04:33:06 UTC 2019 /home/travis/build/icyphy/ptII/ptolemy/domains/de/test/auto/Time.xml
----------------- Instantiating /home/travis/build/icyphy/ptII/ptolemy/domains/de/test/auto/Time.xml
412 ms. Memory: 237056K Free: 159864K (67%)
----------------- Invoking toplevel() on ptolemy.moml.MoMLSimpleApplication@3240d786
----------------- Done invoking toplevel() on ptolemy.moml.MoMLSimpleApplication@3240d786
reloadAllAccessors: .Time

===========================================================================================
----------------- testing Sun Jun 02 04:33:06 UTC 2019 /home/travis/build/icyphy/ptII/ptolemy/domains/de/test/auto/TimeDelayZeroDelay.xml
----------------- Instantiating /home/travis/build/icyphy/ptII/ptolemy/domains/de/test/auto/TimeDelayZeroDelay.xml
2 ms. Memory: 237056K Free: 155138K (65%)
----------------- Invoking toplevel() on ptolemy.moml.MoMLSimpleApplication@3bfdfd02
----------------- Done invoking toplevel() on ptolemy.moml.MoMLSimpleApplication@3bfdfd02
reloadAllAccessors: .TimeDelayZeroDelay

===========================================================================================
----------------- testing Sun Jun 02 04:33:06 UTC 2019 /home/travis/build/icyphy/ptII/ptolemy/domains/de/test/auto/TimerZeroDelay.xml
----------------- Instantiating /home/travis/build/icyphy/ptII/ptolemy/domains/de/test/auto/TimerZeroDelay.xml
2 ms. Memory: 237056K Free: 150613K (64%)
----------------- Invoking toplevel() on ptolemy.moml.MoMLSimpleApplication@8dcd65a
----------------- Done invoking toplevel() on ptolemy.moml.MoMLSimpleApplication@8dcd65a
reloadAllAccessors: .TimerZeroDelay

===========================================================================================
----------------- testing Sun Jun 02 04:33:06 UTC 2019 /home/travis/build/icyphy/ptII/ptolemy/domains/de/test/auto/TimingParadox.xml
----------------- Instantiating /home/travis/build/icyphy/ptII/ptolemy/domains/de/test/auto/TimingParadox.xml
281 ms. Memory: 237056K Free: 81969K (35%)
----------------- Invoking toplevel() on ptolemy.moml.MoMLSimpleApplication@419aa509
----------------- Done invoking toplevel() on ptolemy.moml.MoMLSimpleApplication@419aa509
reloadAllAccessors: .TimingParadox

===========================================================================================
----------------- testing Sun Jun 02 04:33:07 UTC 2019 /home/travis/build/icyphy/ptII/ptolemy/domains/de/test/auto/TransferInputs.xml
----------------- Instantiating /home/travis/build/icyphy/ptII/ptolemy/domains/de/test/auto/TransferInputs.xml
2 ms. Memory: 237056K Free: 76208K (32%)
----------------- Invoking toplevel() on ptolemy.moml.MoMLSimpleApplication@31e084cd
----------------- Done invoking toplevel() on ptolemy.moml.MoMLSimpleApplication@31e084cd
reloadAllAccessors: .TransferInputs

===========================================================================================
----------------- testing Sun Jun 02 04:33:07 UTC 2019 /home/travis/build/icyphy/ptII/ptolemy/domains/de/test/auto/TransferOutputs2.xml
----------------- Instantiating /home/travis/build/icyphy/ptII/ptolemy/domains/de/test/auto/TransferOutputs2.xml
2 ms. Memory: 229376K Free: 213213K (93%)
----------------- Invoking toplevel() on ptolemy.moml.MoMLSimpleApplication@1533d016
----------------- Done invoking toplevel() on ptolemy.moml.MoMLSimpleApplication@1533d016
reloadAllAccessors: .TransferOutputs2

===========================================================================================
----------------- testing Sun Jun 02 04:33:07 UTC 2019 /home/travis/build/icyphy/ptII/ptolemy/domains/de/test/auto/Trilateration.xml
----------------- Instantiating /home/travis/build/icyphy/ptII/ptolemy/domains/de/test/auto/Trilateration.xml
10810 ms. Memory: 596992K Free: 485216K (81%)
----------------- Invoking toplevel() on ptolemy.moml.MoMLSimpleApplication@4f42e459
----------------- Done invoking toplevel() on ptolemy.moml.MoMLSimpleApplication@4f42e459
reloadAllAccessors: .Trilateration

===========================================================================================
----------------- testing Sun Jun 02 04:33:18 UTC 2019 /home/travis/build/icyphy/ptII/ptolemy/domains/de/test/auto/TwoSigmaDelta.xml
----------------- Instantiating /home/travis/build/icyphy/ptII/ptolemy/domains/de/test/auto/TwoSigmaDelta.xml
1974 ms. Memory: 596992K Free: 190273K (32%)
----------------- Invoking toplevel() on ptolemy.moml.MoMLSimpleApplication@34785b9a
----------------- Done invoking toplevel() on ptolemy.moml.MoMLSimpleApplication@34785b9a
reloadAllAccessors: .TwoSigmaDelta

===========================================================================================
----------------- testing Sun Jun 02 04:33:20 UTC 2019 /home/travis/build/icyphy/ptII/ptolemy/domains/de/test/auto/VariableDelay.xml
----------------- Instantiating /home/travis/build/icyphy/ptII/ptolemy/domains/de/test/auto/VariableDelay.xml
2 ms. Memory: 596992K Free: 168958K (28%)
----------------- Invoking toplevel() on ptolemy.moml.MoMLSimpleApplication@63876c4
----------------- Done invoking toplevel() on ptolemy.moml.MoMLSimpleApplication@63876c4
reloadAllAccessors: .VariableDelay

===========================================================================================
----------------- testing Sun Jun 02 04:33:20 UTC 2019 /home/travis/build/icyphy/ptII/ptolemy/domains/de/test/auto/VariableDelay2.xml
----------------- Instantiating /home/travis/build/icyphy/ptII/ptolemy/domains/de/test/auto/VariableDelay2.xml
2 ms. Memory: 596992K Free: 147990K (25%)
----------------- Invoking toplevel() on ptolemy.moml.MoMLSimpleApplication@f906f30
----------------- Done invoking toplevel() on ptolemy.moml.MoMLSimpleApplication@f906f30
reloadAllAccessors: .VariableDelay2

===========================================================================================
----------------- testing Sun Jun 02 04:33:20 UTC 2019 /home/travis/build/icyphy/ptII/ptolemy/domains/de/test/auto/VariableDelayZeroDelay.xml
----------------- Instantiating /home/travis/build/icyphy/ptII/ptolemy/domains/de/test/auto/VariableDelayZeroDelay.xml
5 ms. Memory: 596992K Free: 126676K (21%)
----------------- Invoking toplevel() on ptolemy.moml.MoMLSimpleApplication@d98f2c8
----------------- Done invoking toplevel() on ptolemy.moml.MoMLSimpleApplication@d98f2c8
reloadAllAccessors: .VariableDelayZeroDelay

===========================================================================================
----------------- testing Sun Jun 02 04:33:20 UTC 2019 /home/travis/build/icyphy/ptII/ptolemy/domains/de/test/auto/VariableDelayZeroDelay2.xml
----------------- Instantiating /home/travis/build/icyphy/ptII/ptolemy/domains/de/test/auto/VariableDelayZeroDelay2.xml
2 ms. Memory: 596992K Free: 105707K (18%)
----------------- Invoking toplevel() on ptolemy.moml.MoMLSimpleApplication@76367b51
----------------- Done invoking toplevel() on ptolemy.moml.MoMLSimpleApplication@76367b51
reloadAllAccessors: .VariableDelayZeroDelay2

===========================================================================================
----------------- testing Sun Jun 02 04:33:20 UTC 2019 /home/travis/build/icyphy/ptII/ptolemy/domains/de/test/auto/deInCt.xml
----------------- Instantiating /home/travis/build/icyphy/ptII/ptolemy/domains/de/test/auto/deInCt.xml
0
1
1
1
1
1
1
0
0
0
0
1
1
1
0
0
0
0
0
1
1
1
0
0
0
1
1
1
0
0
0
1
1
1
4 ms. Memory: 596992K Free: 84393K (14%)
----------------- Invoking toplevel() on ptolemy.moml.MoMLSimpleApplication@1e276077
----------------- Done invoking toplevel() on ptolemy.moml.MoMLSimpleApplication@1e276077
reloadAllAccessors: .deInCt

===========================================================================================
----------------- testing Sun Jun 02 04:33:20 UTC 2019 /home/travis/build/icyphy/ptII/ptolemy/domains/de/test/auto/deInCt2.xml
----------------- Instantiating /home/travis/build/icyphy/ptII/ptolemy/domains/de/test/auto/deInCt2.xml
0
1
1
1
0
0
1
1
1
0
0
1
1
1
0
0
1
1
1
0
0
1
1
1
0
0
1
1
1
0
0
1
1
1
0
0
1
1
1
0
0
0
5 ms. Memory: 596992K Free: 63424K (11%)
----------------- Invoking toplevel() on ptolemy.moml.MoMLSimpleApplication@ce0929c
----------------- Done invoking toplevel() on ptolemy.moml.MoMLSimpleApplication@ce0929c
reloadAllAccessors: .deInCt2

===========================================================================================
----------------- testing Sun Jun 02 04:33:20 UTC 2019 /home/travis/build/icyphy/ptII/ptolemy/domains/de/test/auto/dynamicCausalityInterface1.xml
----------------- Instantiating /home/travis/build/icyphy/ptII/ptolemy/domains/de/test/auto/dynamicCausalityInterface1.xml
1 ms. Memory: 577024K Free: 534612K (93%)
----------------- Invoking toplevel() on ptolemy.moml.MoMLSimpleApplication@65822de0
----------------- Done invoking toplevel() on ptolemy.moml.MoMLSimpleApplication@65822de0
reloadAllAccessors: .dynamicCausalityInterface1

===========================================================================================
----------------- testing Sun Jun 02 04:33:20 UTC 2019 /home/travis/build/icyphy/ptII/ptolemy/domains/de/test/auto/fsm_de_test.xml
----------------- Instantiating /home/travis/build/icyphy/ptII/ptolemy/domains/de/test/auto/fsm_de_test.xml
7 ms. Memory: 577024K Free: 514223K (89%)
----------------- Invoking toplevel() on ptolemy.moml.MoMLSimpleApplication@5ebd5819
----------------- Done invoking toplevel() on ptolemy.moml.MoMLSimpleApplication@5ebd5819
reloadAllAccessors: .fsm_de_test

===========================================================================================
----------------- testing Sun Jun 02 04:33:20 UTC 2019 /home/travis/build/icyphy/ptII/ptolemy/domains/de/test/auto/functionDependencyReconstruction.xml
----------------- Instantiating /home/travis/build/icyphy/ptII/ptolemy/domains/de/test/auto/functionDependencyReconstruction.xml
1 ms. Memory: 577024K Free: 484233K (84%)
----------------- Invoking toplevel() on ptolemy.moml.MoMLSimpleApplication@7302cd2
----------------- Done invoking toplevel() on ptolemy.moml.MoMLSimpleApplication@7302cd2
reloadAllAccessors: .functionDependencyReconstruction

===========================================================================================
----------------- testing Sun Jun 02 04:33:20 UTC 2019 /home/travis/build/icyphy/ptII/ptolemy/domains/de/test/auto/multirate.xml
----------------- Instantiating /home/travis/build/icyphy/ptII/ptolemy/domains/de/test/auto/multirate.xml
4 ms. Memory: 577024K Free: 464089K (80%)
----------------- Invoking toplevel() on ptolemy.moml.MoMLSimpleApplication@8631b4b
----------------- Done invoking toplevel() on ptolemy.moml.MoMLSimpleApplication@8631b4b
reloadAllAccessors: .multirate

===========================================================================================
----------------- testing Sun Jun 02 04:33:20 UTC 2019 /home/travis/build/icyphy/ptII/ptolemy/domains/de/test/auto/multirate2.xml
----------------- Instantiating /home/travis/build/icyphy/ptII/ptolemy/domains/de/test/auto/multirate2.xml
4 ms. Memory: 577024K Free: 443703K (77%)
----------------- Invoking toplevel() on ptolemy.moml.MoMLSimpleApplication@3fe3e794
----------------- Done invoking toplevel() on ptolemy.moml.MoMLSimpleApplication@3fe3e794
reloadAllAccessors: .multirate2

===========================================================================================
----------------- testing Sun Jun 02 04:33:20 UTC 2019 /home/travis/build/icyphy/ptII/ptolemy/domains/de/test/auto/realtime.xml
----------------- Instantiating /home/travis/build/icyphy/ptII/ptolemy/domains/de/test/auto/realtime.xml
10002 ms. Memory: 577024K Free: 423559K (73%)
----------------- Invoking toplevel() on ptolemy.moml.MoMLSimpleApplication@31d1fef7
----------------- Done invoking toplevel() on ptolemy.moml.MoMLSimpleApplication@31d1fef7
reloadAllAccessors: .realtime

===========================================================================================
----------------- testing Sun Jun 02 04:33:30 UTC 2019 /home/travis/build/icyphy/ptII/ptolemy/domains/de/test/auto/relationGroup.xml
----------------- Instantiating /home/travis/build/icyphy/ptII/ptolemy/domains/de/test/auto/relationGroup.xml
2 ms. Memory: 577024K Free: 403414K (70%)
----------------- Invoking toplevel() on ptolemy.moml.MoMLSimpleApplication@7a0b1d2f
----------------- Done invoking toplevel() on ptolemy.moml.MoMLSimpleApplication@7a0b1d2f
reloadAllAccessors: .relationGroup

===========================================================================================
----------------- testing Sun Jun 02 04:33:30 UTC 2019 /home/travis/build/icyphy/ptII/ptolemy/domains/de/test/auto/relationGroup2.xml
----------------- Instantiating /home/travis/build/icyphy/ptII/ptolemy/domains/de/test/auto/relationGroup2.xml
1 ms. Memory: 577024K Free: 383028K (66%)
----------------- Invoking toplevel() on ptolemy.moml.MoMLSimpleApplication@13a3808
----------------- Done invoking toplevel() on ptolemy.moml.MoMLSimpleApplication@13a3808
reloadAllAccessors: .relationGroup2

===========================================================================================
----------------- testing Sun Jun 02 04:33:30 UTC 2019 /home/travis/build/icyphy/ptII/ptolemy/domains/de/test/auto/sortWithOpaquePorts.xml
----------------- Instantiating /home/travis/build/icyphy/ptII/ptolemy/domains/de/test/auto/sortWithOpaquePorts.xml
2 ms. Memory: 577024K Free: 362884K (63%)
----------------- Invoking toplevel() on ptolemy.moml.MoMLSimpleApplication@4024af4
----------------- Done invoking toplevel() on ptolemy.moml.MoMLSimpleApplication@4024af4
reloadAllAccessors: .sortWithOpaquePorts

===========================================================================================
----------------- testing Sun Jun 02 04:33:30 UTC 2019 /home/travis/build/icyphy/ptII/ptolemy/domains/de/test/auto/transferInputsandOutputs.xml
----------------- Instantiating /home/travis/build/icyphy/ptII/ptolemy/domains/de/test/auto/transferInputsandOutputs.xml
2 ms. Memory: 577024K Free: 342740K (59%)
----------------- Invoking toplevel() on ptolemy.moml.MoMLSimpleApplication@33e620f4
----------------- Done invoking toplevel() on ptolemy.moml.MoMLSimpleApplication@33e620f4
reloadAllAccessors: .transferInputsandOutputs

===========================================================================================
----------------- testing Sun Jun 02 04:33:30 UTC 2019 /home/travis/build/icyphy/ptII/ptolemy/domains/de/test/auto/triggerType.xml
----------------- Instantiating /home/travis/build/icyphy/ptII/ptolemy/domains/de/test/auto/triggerType.xml
1 ms. Memory: 577024K Free: 322596K (56%)
----------------- Invoking toplevel() on ptolemy.moml.MoMLSimpleApplication@372df688
----------------- Done invoking toplevel() on ptolemy.moml.MoMLSimpleApplication@372df688
reloadAllAccessors: .triggerType
AutoTests.java: About to close Vertx.
AutoTests.java: Vertx closed.
]]></system-out>
  <system-err><![CDATA[java.lang.RuntimeException: Execution failed
	at ptolemy.moml.MoMLSimpleApplication$UnloadThread.run(MoMLSimpleApplication.java:402)
Caused by: ptolemy.kernel.util.IllegalActionException: Found a zero delay loop containing .dependencyLoop.original
  in .dependencyLoop and .dependencyLoop.original
	at ptolemy.actor.util.CausalityInterfaceForComposites._computeOutputPortDepth(CausalityInterfaceForComposites.java:759)
	at ptolemy.actor.util.CausalityInterfaceForComposites._computeInputDepth(CausalityInterfaceForComposites.java:696)
	at ptolemy.actor.util.CausalityInterfaceForComposites._computeOutputPortDepth(CausalityInterfaceForComposites.java:765)
	at ptolemy.actor.util.CausalityInterfaceForComposites._computeInputDepth(CausalityInterfaceForComposites.java:696)
	at ptolemy.actor.util.CausalityInterfaceForComposites._computeOutputPortDepth(CausalityInterfaceForComposites.java:765)
	at ptolemy.actor.util.CausalityInterfaceForComposites._computeInputDepth(CausalityInterfaceForComposites.java:696)
	at ptolemy.actor.util.CausalityInterfaceForComposites._computeActorDepth(CausalityInterfaceForComposites.java:532)
	at ptolemy.actor.util.CausalityInterfaceForComposites.checkForCycles(CausalityInterfaceForComposites.java:96)
	at ptolemy.domains.de.kernel.DEDirector.preinitialize(DEDirector.java:1338)
	at ptolemy.actor.CompositeActor.preinitialize(CompositeActor.java:1828)
	at ptolemy.actor.Manager.preinitializeAndResolveTypes(Manager.java:1040)
	at ptolemy.actor.Manager.initialize(Manager.java:710)
	at ptolemy.actor.Manager.execute(Manager.java:356)
	at ptolemy.actor.Manager.run(Manager.java:1263)
	at ptolemy.actor.Manager$PtolemyRunThread.run(Manager.java:1915)
java.lang.RuntimeException: Execution failed
	at ptolemy.moml.MoMLSimpleApplication$UnloadThread.run(MoMLSimpleApplication.java:402)
Caused by: ptolemy.kernel.util.IllegalActionException: Found a zero delay loop containing .dependencyLoop2.original
  in .dependencyLoop2 and .dependencyLoop2.original
	at ptolemy.actor.util.CausalityInterfaceForComposites._computeOutputPortDepth(CausalityInterfaceForComposites.java:759)
	at ptolemy.actor.util.CausalityInterfaceForComposites._computeInputDepth(CausalityInterfaceForComposites.java:696)
	at ptolemy.actor.util.CausalityInterfaceForComposites._computeOutputPortDepth(CausalityInterfaceForComposites.java:765)
	at ptolemy.actor.util.CausalityInterfaceForComposites._computeInputDepth(CausalityInterfaceForComposites.java:696)
	at ptolemy.actor.util.CausalityInterfaceForComposites._computeOutputPortDepth(CausalityInterfaceForComposites.java:765)
	at ptolemy.actor.util.CausalityInterfaceForComposites._computeInputDepth(CausalityInterfaceForComposites.java:696)
	at ptolemy.actor.util.CausalityInterfaceForComposites._computeActorDepth(CausalityInterfaceForComposites.java:532)
	at ptolemy.actor.util.CausalityInterfaceForComposites.checkForCycles(CausalityInterfaceForComposites.java:96)
	at ptolemy.domains.de.kernel.DEDirector.preinitialize(DEDirector.java:1338)
	at ptolemy.actor.CompositeActor.preinitialize(CompositeActor.java:1828)
	at ptolemy.actor.Manager.preinitializeAndResolveTypes(Manager.java:1040)
	at ptolemy.actor.Manager.initialize(Manager.java:710)
	at ptolemy.actor.Manager.execute(Manager.java:356)
	at ptolemy.actor.Manager.run(Manager.java:1263)
	at ptolemy.actor.Manager$PtolemyRunThread.run(Manager.java:1915)
java.lang.RuntimeException: Execution failed
	at ptolemy.moml.MoMLSimpleApplication$UnloadThread.run(MoMLSimpleApplication.java:402)
Caused by: ptolemy.kernel.util.IllegalActionException: Found a zero delay loop containing .dependencyLoop.original
  in .dependencyLoop and .dependencyLoop.original
	at ptolemy.actor.util.CausalityInterfaceForComposites._computeOutputPortDepth(CausalityInterfaceForComposites.java:759)
	at ptolemy.actor.util.CausalityInterfaceForComposites._computeInputDepth(CausalityInterfaceForComposites.java:696)
	at ptolemy.actor.util.CausalityInterfaceForComposites._computeOutputPortDepth(CausalityInterfaceForComposites.java:765)
	at ptolemy.actor.util.CausalityInterfaceForComposites._computeInputDepth(CausalityInterfaceForComposites.java:696)
	at ptolemy.actor.util.CausalityInterfaceForComposites._computeOutputPortDepth(CausalityInterfaceForComposites.java:765)
	at ptolemy.actor.util.CausalityInterfaceForComposites._computeInputDepth(CausalityInterfaceForComposites.java:696)
	at ptolemy.actor.util.CausalityInterfaceForComposites._computeActorDepth(CausalityInterfaceForComposites.java:532)
	at ptolemy.actor.util.CausalityInterfaceForComposites.checkForCycles(CausalityInterfaceForComposites.java:96)
	at ptolemy.domains.de.kernel.DEDirector.preinitialize(DEDirector.java:1338)
	at ptolemy.actor.CompositeActor.preinitialize(CompositeActor.java:1828)
	at ptolemy.actor.Manager.preinitializeAndResolveTypes(Manager.java:1040)
	at ptolemy.actor.Manager.initialize(Manager.java:710)
	at ptolemy.actor.Manager.execute(Manager.java:356)
	at ptolemy.actor.Manager.run(Manager.java:1263)
	at ptolemy.actor.Manager$PtolemyRunThread.run(Manager.java:1915)
java.lang.RuntimeException: Execution failed
	at ptolemy.moml.MoMLSimpleApplication$UnloadThread.run(MoMLSimpleApplication.java:402)
Caused by: ptolemy.kernel.util.IllegalActionException: Actor is not ready to fire.  Perhaps UpSample.prefire() returned false? Try debugging the actor by selecting "Listen to Actor".  Also, for SDF check moml for tokenConsumptionRate on input.
  in .DESDFClockTest.Play Bell.Copy1:SDF Director and .DESDFClockTest.Play Bell.UpSample
	at ptolemy.actor.sched.StaticSchedulingDirector.fire(StaticSchedulingDirector.java:227)
	at ptolemy.domains.sdf.kernel.SDFDirector.fire(SDFDirector.java:500)
	at ptolemy.actor.CompositeActor.fire(CompositeActor.java:455)
	at ptolemy.domains.de.kernel.DEDirector._fire(DEDirector.java:1949)
	at ptolemy.domains.de.kernel.DEDirector.fire(DEDirector.java:502)
	at ptolemy.actor.CompositeActor.fire(CompositeActor.java:455)
	at ptolemy.actor.Manager.iterate(Manager.java:851)
	at ptolemy.actor.Manager.execute(Manager.java:369)
	at ptolemy.actor.Manager.run(Manager.java:1263)
	at ptolemy.actor.Manager$PtolemyRunThread.run(Manager.java:1915)
java.lang.RuntimeException: Execution failed
	at ptolemy.moml.MoMLSimpleApplication$UnloadThread.run(MoMLSimpleApplication.java:402)
Caused by: ptolemy.kernel.util.IllegalActionException: Found a zero delay loop containing .dependencyLoop2.original
  in .dependencyLoop2 and .dependencyLoop2.original
	at ptolemy.actor.util.CausalityInterfaceForComposites._computeOutputPortDepth(CausalityInterfaceForComposites.java:759)
	at ptolemy.actor.util.CausalityInterfaceForComposites._computeInputDepth(CausalityInterfaceForComposites.java:696)
	at ptolemy.actor.util.CausalityInterfaceForComposites._computeOutputPortDepth(CausalityInterfaceForComposites.java:765)
	at ptolemy.actor.util.CausalityInterfaceForComposites._computeInputDepth(CausalityInterfaceForComposites.java:696)
	at ptolemy.actor.util.CausalityInterfaceForComposites._computeOutputPortDepth(CausalityInterfaceForComposites.java:765)
	at ptolemy.actor.util.CausalityInterfaceForComposites._computeInputDepth(CausalityInterfaceForComposites.java:696)
	at ptolemy.actor.util.CausalityInterfaceForComposites._computeActorDepth(CausalityInterfaceForComposites.java:532)
	at ptolemy.actor.util.CausalityInterfaceForComposites.checkForCycles(CausalityInterfaceForComposites.java:96)
	at ptolemy.domains.de.kernel.DEDirector.preinitialize(DEDirector.java:1338)
	at ptolemy.actor.CompositeActor.preinitialize(CompositeActor.java:1828)
	at ptolemy.actor.Manager.preinitializeAndResolveTypes(Manager.java:1040)
	at ptolemy.actor.Manager.initialize(Manager.java:710)
	at ptolemy.actor.Manager.execute(Manager.java:356)
	at ptolemy.actor.Manager.run(Manager.java:1263)
	at ptolemy.actor.Manager$PtolemyRunThread.run(Manager.java:1915)
java.lang.RuntimeException: Execution failed
	at ptolemy.moml.MoMLSimpleApplication$UnloadThread.run(MoMLSimpleApplication.java:402)
Caused by: ptolemy.kernel.util.IllegalActionException: Found a zero delay loop containing .HierarchicalModel.A
  in .HierarchicalModel and .HierarchicalModel.A
	at ptolemy.actor.util.CausalityInterfaceForComposites._computeOutputPortDepth(CausalityInterfaceForComposites.java:759)
	at ptolemy.actor.util.CausalityInterfaceForComposites._computeInputDepth(CausalityInterfaceForComposites.java:696)
	at ptolemy.actor.util.CausalityInterfaceForComposites._computeOutputPortDepth(CausalityInterfaceForComposites.java:765)
	at ptolemy.actor.util.CausalityInterfaceForComposites._computeInputDepth(CausalityInterfaceForComposites.java:696)
	at ptolemy.actor.util.CausalityInterfaceForComposites._computeOutputPortDepth(CausalityInterfaceForComposites.java:765)
	at ptolemy.actor.util.CausalityInterfaceForComposites._computeInputDepth(CausalityInterfaceForComposites.java:696)
	at ptolemy.actor.util.CausalityInterfaceForComposites._computeActorDepth(CausalityInterfaceForComposites.java:532)
	at ptolemy.actor.util.CausalityInterfaceForComposites.checkForCycles(CausalityInterfaceForComposites.java:96)
	at ptolemy.domains.de.kernel.DEDirector.preinitialize(DEDirector.java:1338)
	at ptolemy.actor.CompositeActor.preinitialize(CompositeActor.java:1828)
	at ptolemy.actor.Manager.preinitializeAndResolveTypes(Manager.java:1040)
	at ptolemy.actor.Manager.initialize(Manager.java:710)
	at ptolemy.actor.Manager.execute(Manager.java:356)
	at ptolemy.actor.Manager.run(Manager.java:1263)
	at ptolemy.actor.Manager$PtolemyRunThread.run(Manager.java:1915)
java.lang.RuntimeException: Execution failed
	at ptolemy.moml.MoMLSimpleApplication$UnloadThread.run(MoMLSimpleApplication.java:402)
Caused by: ptolemy.kernel.util.IllegalActionException: Test fails in iteration 1.
Value was: 1.0. Should have been: 2.0
  in .DirectFeedback.Test
	at ptolemy.actor.lib.Test.fire(Test.java:268)
	at ptolemy.domains.de.kernel.DEDirector._fire(DEDirector.java:1949)
	at ptolemy.domains.de.kernel.DEDirector.fire(DEDirector.java:502)
	at ptolemy.actor.CompositeActor.fire(CompositeActor.java:455)
	at ptolemy.actor.Manager.iterate(Manager.java:851)
	at ptolemy.actor.Manager.execute(Manager.java:369)
	at ptolemy.actor.Manager.run(Manager.java:1263)
	at ptolemy.actor.Manager$PtolemyRunThread.run(Manager.java:1915)
java.lang.RuntimeException: Execution failed
	at ptolemy.moml.MoMLSimpleApplication$UnloadThread.run(MoMLSimpleApplication.java:402)
Caused by: ptolemy.kernel.util.IllegalActionException: Actor is not ready to fire.  Perhaps UpSample.prefire() returned false? Try debugging the actor by selecting "Listen to Actor".  Also, for SDF check moml for tokenConsumptionRate on input.
  in .DESDFClockTest.Play Bell.Copy1:SDF Director and .DESDFClockTest.Play Bell.UpSample
	at ptolemy.actor.sched.StaticSchedulingDirector.fire(StaticSchedulingDirector.java:227)
	at ptolemy.domains.sdf.kernel.SDFDirector.fire(SDFDirector.java:500)
	at ptolemy.actor.CompositeActor.fire(CompositeActor.java:455)
	at ptolemy.domains.de.kernel.DEDirector._fire(DEDirector.java:1949)
	at ptolemy.domains.de.kernel.DEDirector.fire(DEDirector.java:502)
	at ptolemy.actor.CompositeActor.fire(CompositeActor.java:455)
	at ptolemy.actor.Manager.iterate(Manager.java:851)
	at ptolemy.actor.Manager.execute(Manager.java:369)
	at ptolemy.actor.Manager.run(Manager.java:1263)
	at ptolemy.actor.Manager$PtolemyRunThread.run(Manager.java:1915)
java.lang.reflect.InvocationTargetException
	at sun.reflect.NativeConstructorAccessorImpl.newInstance0(Native Method)
	at sun.reflect.NativeConstructorAccessorImpl.newInstance(NativeConstructorAccessorImpl.java:62)
	at sun.reflect.DelegatingConstructorAccessorImpl.newInstance(DelegatingConstructorAccessorImpl.java:45)
	at java.lang.reflect.Constructor.newInstance(Constructor.java:423)
	at ptolemy.util.test.junit.AutoKnownFailedTests.RunModel(AutoKnownFailedTests.java:105)
	at sun.reflect.NativeMethodAccessorImpl.invoke0(Native Method)
	at sun.reflect.NativeMethodAccessorImpl.invoke(NativeMethodAccessorImpl.java:62)
	at sun.reflect.DelegatingMethodAccessorImpl.invoke(DelegatingMethodAccessorImpl.java:43)
	at java.lang.reflect.Method.invoke(Method.java:498)
	at org.junit.runners.model.FrameworkMethod$1.runReflectiveCall(FrameworkMethod.java:44)
	at org.junit.internal.runners.model.ReflectiveCallable.run(ReflectiveCallable.java:15)
	at org.junit.runners.model.FrameworkMethod.invokeExplosively(FrameworkMethod.java:41)
	at junitparams.internal.InvokeParameterisedMethod.evaluate(InvokeParameterisedMethod.java:102)
	at org.junit.internal.runners.statements.FailOnTimeout$1.run(FailOnTimeout.java:28)
Caused by: ptolemy.kernel.util.IllegalActionException: Actor is not ready to fire.  Perhaps UpSample.prefire() returned false? Try debugging the actor by selecting "Listen to Actor".  Also, for SDF check moml for tokenConsumptionRate on input.
  in .DESDFClockTest.Play Bell.Copy1:SDF Director and .DESDFClockTest.Play Bell.UpSample
	at ptolemy.actor.sched.StaticSchedulingDirector.fire(StaticSchedulingDirector.java:227)
	at ptolemy.domains.sdf.kernel.SDFDirector.fire(SDFDirector.java:500)
	at ptolemy.actor.CompositeActor.fire(CompositeActor.java:455)
	at ptolemy.domains.de.kernel.DEDirector._fire(DEDirector.java:1949)
	at ptolemy.domains.de.kernel.DEDirector.fire(DEDirector.java:502)
	at ptolemy.actor.CompositeActor.fire(CompositeActor.java:455)
	at ptolemy.actor.Manager.iterate(Manager.java:851)
	at ptolemy.actor.Manager.execute(Manager.java:369)
	at ptolemy.actor.Manager.run(Manager.java:1263)
	at ptolemy.actor.Manager$PtolemyRunThread.run(Manager.java:1915)
java.lang.RuntimeException: Execution failed
	at ptolemy.moml.MoMLSimpleApplication$UnloadThread.run(MoMLSimpleApplication.java:402)
Caused by: ptolemy.kernel.util.IllegalActionException: Test fails in iteration 1.
Value was: 1.0. Should have been: 2.0
  in .DirectFeedback.Test
	at ptolemy.actor.lib.Test.fire(Test.java:268)
	at ptolemy.domains.de.kernel.DEDirector._fire(DEDirector.java:1949)
	at ptolemy.domains.de.kernel.DEDirector.fire(DEDirector.java:502)
	at ptolemy.actor.CompositeActor.fire(CompositeActor.java:455)
	at ptolemy.actor.Manager.iterate(Manager.java:851)
	at ptolemy.actor.Manager.execute(Manager.java:369)
	at ptolemy.actor.Manager.run(Manager.java:1263)
	at ptolemy.actor.Manager$PtolemyRunThread.run(Manager.java:1915)
java.lang.reflect.InvocationTargetException
	at sun.reflect.NativeConstructorAccessorImpl.newInstance0(Native Method)
	at sun.reflect.NativeConstructorAccessorImpl.newInstance(NativeConstructorAccessorImpl.java:62)
	at sun.reflect.DelegatingConstructorAccessorImpl.newInstance(DelegatingConstructorAccessorImpl.java:45)
	at java.lang.reflect.Constructor.newInstance(Constructor.java:423)
	at ptolemy.util.test.junit.AutoKnownFailedTests.RunModel(AutoKnownFailedTests.java:105)
	at sun.reflect.NativeMethodAccessorImpl.invoke0(Native Method)
	at sun.reflect.NativeMethodAccessorImpl.invoke(NativeMethodAccessorImpl.java:62)
	at sun.reflect.DelegatingMethodAccessorImpl.invoke(DelegatingMethodAccessorImpl.java:43)
	at java.lang.reflect.Method.invoke(Method.java:498)
	at org.junit.runners.model.FrameworkMethod$1.runReflectiveCall(FrameworkMethod.java:44)
	at org.junit.internal.runners.model.ReflectiveCallable.run(ReflectiveCallable.java:15)
	at org.junit.runners.model.FrameworkMethod.invokeExplosively(FrameworkMethod.java:41)
	at junitparams.internal.InvokeParameterisedMethod.evaluate(InvokeParameterisedMethod.java:102)
	at org.junit.internal.runners.statements.FailOnTimeout$1.run(FailOnTimeout.java:28)
Caused by: ptolemy.kernel.util.IllegalActionException: Test fails in iteration 1.
Value was: 1.0. Should have been: 2.0
  in .DirectFeedback.Test
	at ptolemy.actor.lib.Test.fire(Test.java:268)
	at ptolemy.domains.de.kernel.DEDirector._fire(DEDirector.java:1949)
	at ptolemy.domains.de.kernel.DEDirector.fire(DEDirector.java:502)
	at ptolemy.actor.CompositeActor.fire(CompositeActor.java:455)
	at ptolemy.actor.Manager.iterate(Manager.java:851)
	at ptolemy.actor.Manager.execute(Manager.java:369)
	at ptolemy.actor.Manager.run(Manager.java:1263)
	at ptolemy.actor.Manager$PtolemyRunThread.run(Manager.java:1915)
java.lang.RuntimeException: Execution failed
	at ptolemy.moml.MoMLSimpleApplication$UnloadThread.run(MoMLSimpleApplication.java:402)
Caused by: ptolemy.kernel.util.IllegalActionException: Found a zero delay loop containing .HierarchicalModel.A
  in .HierarchicalModel and .HierarchicalModel.A
	at ptolemy.actor.util.CausalityInterfaceForComposites._computeOutputPortDepth(CausalityInterfaceForComposites.java:759)
	at ptolemy.actor.util.CausalityInterfaceForComposites._computeInputDepth(CausalityInterfaceForComposites.java:696)
	at ptolemy.actor.util.CausalityInterfaceForComposites._computeOutputPortDepth(CausalityInterfaceForComposites.java:765)
	at ptolemy.actor.util.CausalityInterfaceForComposites._computeInputDepth(CausalityInterfaceForComposites.java:696)
	at ptolemy.actor.util.CausalityInterfaceForComposites._computeOutputPortDepth(CausalityInterfaceForComposites.java:765)
	at ptolemy.actor.util.CausalityInterfaceForComposites._computeInputDepth(CausalityInterfaceForComposites.java:696)
	at ptolemy.actor.util.CausalityInterfaceForComposites._computeActorDepth(CausalityInterfaceForComposites.java:532)
	at ptolemy.actor.util.CausalityInterfaceForComposites.checkForCycles(CausalityInterfaceForComposites.java:96)
	at ptolemy.domains.de.kernel.DEDirector.preinitialize(DEDirector.java:1338)
	at ptolemy.actor.CompositeActor.preinitialize(CompositeActor.java:1828)
	at ptolemy.actor.Manager.preinitializeAndResolveTypes(Manager.java:1040)
	at ptolemy.actor.Manager.initialize(Manager.java:710)
	at ptolemy.actor.Manager.execute(Manager.java:356)
	at ptolemy.actor.Manager.run(Manager.java:1263)
	at ptolemy.actor.Manager$PtolemyRunThread.run(Manager.java:1915)
java.lang.reflect.InvocationTargetException
	at sun.reflect.NativeConstructorAccessorImpl.newInstance0(Native Method)
	at sun.reflect.NativeConstructorAccessorImpl.newInstance(NativeConstructorAccessorImpl.java:62)
	at sun.reflect.DelegatingConstructorAccessorImpl.newInstance(DelegatingConstructorAccessorImpl.java:45)
	at java.lang.reflect.Constructor.newInstance(Constructor.java:423)
	at ptolemy.util.test.junit.AutoKnownFailedTests.RunModel(AutoKnownFailedTests.java:105)
	at sun.reflect.NativeMethodAccessorImpl.invoke0(Native Method)
	at sun.reflect.NativeMethodAccessorImpl.invoke(NativeMethodAccessorImpl.java:62)
	at sun.reflect.DelegatingMethodAccessorImpl.invoke(DelegatingMethodAccessorImpl.java:43)
	at java.lang.reflect.Method.invoke(Method.java:498)
	at org.junit.runners.model.FrameworkMethod$1.runReflectiveCall(FrameworkMethod.java:44)
	at org.junit.internal.runners.model.ReflectiveCallable.run(ReflectiveCallable.java:15)
	at org.junit.runners.model.FrameworkMethod.invokeExplosively(FrameworkMethod.java:41)
	at junitparams.internal.InvokeParameterisedMethod.evaluate(InvokeParameterisedMethod.java:102)
	at org.junit.internal.runners.statements.FailOnTimeout$1.run(FailOnTimeout.java:28)
Caused by: ptolemy.kernel.util.IllegalActionException: Found a zero delay loop containing .HierarchicalModel.A
  in .HierarchicalModel and .HierarchicalModel.A
	at ptolemy.actor.util.CausalityInterfaceForComposites._computeOutputPortDepth(CausalityInterfaceForComposites.java:759)
	at ptolemy.actor.util.CausalityInterfaceForComposites._computeInputDepth(CausalityInterfaceForComposites.java:696)
	at ptolemy.actor.util.CausalityInterfaceForComposites._computeOutputPortDepth(CausalityInterfaceForComposites.java:765)
	at ptolemy.actor.util.CausalityInterfaceForComposites._computeInputDepth(CausalityInterfaceForComposites.java:696)
	at ptolemy.actor.util.CausalityInterfaceForComposites._computeOutputPortDepth(CausalityInterfaceForComposites.java:765)
	at ptolemy.actor.util.CausalityInterfaceForComposites._computeInputDepth(CausalityInterfaceForComposites.java:696)
	at ptolemy.actor.util.CausalityInterfaceForComposites._computeActorDepth(CausalityInterfaceForComposites.java:532)
	at ptolemy.actor.util.CausalityInterfaceForComposites.checkForCycles(CausalityInterfaceForComposites.java:96)
	at ptolemy.domains.de.kernel.DEDirector.preinitialize(DEDirector.java:1338)
	at ptolemy.actor.CompositeActor.preinitialize(CompositeActor.java:1828)
	at ptolemy.actor.Manager.preinitializeAndResolveTypes(Manager.java:1040)
	at ptolemy.actor.Manager.initialize(Manager.java:710)
	at ptolemy.actor.Manager.execute(Manager.java:356)
	at ptolemy.actor.Manager.run(Manager.java:1263)
	at ptolemy.actor.Manager$PtolemyRunThread.run(Manager.java:1915)
java.lang.RuntimeException: Execution failed
	at ptolemy.moml.MoMLSimpleApplication$UnloadThread.run(MoMLSimpleApplication.java:402)
Caused by: ptolemy.kernel.util.IllegalActionException: Found a zero delay loop containing .dependencyLoop.original
  in .dependencyLoop and .dependencyLoop.original
	at ptolemy.actor.util.CausalityInterfaceForComposites._computeOutputPortDepth(CausalityInterfaceForComposites.java:759)
	at ptolemy.actor.util.CausalityInterfaceForComposites._computeInputDepth(CausalityInterfaceForComposites.java:696)
	at ptolemy.actor.util.CausalityInterfaceForComposites._computeOutputPortDepth(CausalityInterfaceForComposites.java:765)
	at ptolemy.actor.util.CausalityInterfaceForComposites._computeInputDepth(CausalityInterfaceForComposites.java:696)
	at ptolemy.actor.util.CausalityInterfaceForComposites._computeOutputPortDepth(CausalityInterfaceForComposites.java:765)
	at ptolemy.actor.util.CausalityInterfaceForComposites._computeInputDepth(CausalityInterfaceForComposites.java:696)
	at ptolemy.actor.util.CausalityInterfaceForComposites._computeActorDepth(CausalityInterfaceForComposites.java:532)
	at ptolemy.actor.util.CausalityInterfaceForComposites.checkForCycles(CausalityInterfaceForComposites.java:96)
	at ptolemy.domains.de.kernel.DEDirector.preinitialize(DEDirector.java:1338)
	at ptolemy.actor.CompositeActor.preinitialize(CompositeActor.java:1828)
	at ptolemy.actor.Manager.preinitializeAndResolveTypes(Manager.java:1040)
	at ptolemy.actor.Manager.initialize(Manager.java:710)
	at ptolemy.actor.Manager.execute(Manager.java:356)
	at ptolemy.actor.Manager.run(Manager.java:1263)
	at ptolemy.actor.Manager$PtolemyRunThread.run(Manager.java:1915)
java.lang.reflect.InvocationTargetException
	at sun.reflect.NativeConstructorAccessorImpl.newInstance0(Native Method)
	at sun.reflect.NativeConstructorAccessorImpl.newInstance(NativeConstructorAccessorImpl.java:62)
	at sun.reflect.DelegatingConstructorAccessorImpl.newInstance(DelegatingConstructorAccessorImpl.java:45)
	at java.lang.reflect.Constructor.newInstance(Constructor.java:423)
	at ptolemy.util.test.junit.AutoKnownFailedTests.RunModel(AutoKnownFailedTests.java:105)
	at sun.reflect.NativeMethodAccessorImpl.invoke0(Native Method)
	at sun.reflect.NativeMethodAccessorImpl.invoke(NativeMethodAccessorImpl.java:62)
	at sun.reflect.DelegatingMethodAccessorImpl.invoke(DelegatingMethodAccessorImpl.java:43)
	at java.lang.reflect.Method.invoke(Method.java:498)
	at org.junit.runners.model.FrameworkMethod$1.runReflectiveCall(FrameworkMethod.java:44)
	at org.junit.internal.runners.model.ReflectiveCallable.run(ReflectiveCallable.java:15)
	at org.junit.runners.model.FrameworkMethod.invokeExplosively(FrameworkMethod.java:41)
	at junitparams.internal.InvokeParameterisedMethod.evaluate(InvokeParameterisedMethod.java:102)
	at org.junit.internal.runners.statements.FailOnTimeout$1.run(FailOnTimeout.java:28)
Caused by: ptolemy.kernel.util.IllegalActionException: Found a zero delay loop containing .dependencyLoop.original
  in .dependencyLoop and .dependencyLoop.original
	at ptolemy.actor.util.CausalityInterfaceForComposites._computeOutputPortDepth(CausalityInterfaceForComposites.java:759)
	at ptolemy.actor.util.CausalityInterfaceForComposites._computeInputDepth(CausalityInterfaceForComposites.java:696)
	at ptolemy.actor.util.CausalityInterfaceForComposites._computeOutputPortDepth(CausalityInterfaceForComposites.java:765)
	at ptolemy.actor.util.CausalityInterfaceForComposites._computeInputDepth(CausalityInterfaceForComposites.java:696)
	at ptolemy.actor.util.CausalityInterfaceForComposites._computeOutputPortDepth(CausalityInterfaceForComposites.java:765)
	at ptolemy.actor.util.CausalityInterfaceForComposites._computeInputDepth(CausalityInterfaceForComposites.java:696)
	at ptolemy.actor.util.CausalityInterfaceForComposites._computeActorDepth(CausalityInterfaceForComposites.java:532)
	at ptolemy.actor.util.CausalityInterfaceForComposites.checkForCycles(CausalityInterfaceForComposites.java:96)
	at ptolemy.domains.de.kernel.DEDirector.preinitialize(DEDirector.java:1338)
	at ptolemy.actor.CompositeActor.preinitialize(CompositeActor.java:1828)
	at ptolemy.actor.Manager.preinitializeAndResolveTypes(Manager.java:1040)
	at ptolemy.actor.Manager.initialize(Manager.java:710)
	at ptolemy.actor.Manager.execute(Manager.java:356)
	at ptolemy.actor.Manager.run(Manager.java:1263)
	at ptolemy.actor.Manager$PtolemyRunThread.run(Manager.java:1915)
java.lang.RuntimeException: Execution failed
	at ptolemy.moml.MoMLSimpleApplication$UnloadThread.run(MoMLSimpleApplication.java:402)
Caused by: ptolemy.kernel.util.IllegalActionException: Found a zero delay loop containing .dependencyLoop2.original
  in .dependencyLoop2 and .dependencyLoop2.original
	at ptolemy.actor.util.CausalityInterfaceForComposites._computeOutputPortDepth(CausalityInterfaceForComposites.java:759)
	at ptolemy.actor.util.CausalityInterfaceForComposites._computeInputDepth(CausalityInterfaceForComposites.java:696)
	at ptolemy.actor.util.CausalityInterfaceForComposites._computeOutputPortDepth(CausalityInterfaceForComposites.java:765)
	at ptolemy.actor.util.CausalityInterfaceForComposites._computeInputDepth(CausalityInterfaceForComposites.java:696)
	at ptolemy.actor.util.CausalityInterfaceForComposites._computeOutputPortDepth(CausalityInterfaceForComposites.java:765)
	at ptolemy.actor.util.CausalityInterfaceForComposites._computeInputDepth(CausalityInterfaceForComposites.java:696)
	at ptolemy.actor.util.CausalityInterfaceForComposites._computeActorDepth(CausalityInterfaceForComposites.java:532)
	at ptolemy.actor.util.CausalityInterfaceForComposites.checkForCycles(CausalityInterfaceForComposites.java:96)
	at ptolemy.domains.de.kernel.DEDirector.preinitialize(DEDirector.java:1338)
	at ptolemy.actor.CompositeActor.preinitialize(CompositeActor.java:1828)
	at ptolemy.actor.Manager.preinitializeAndResolveTypes(Manager.java:1040)
	at ptolemy.actor.Manager.initialize(Manager.java:710)
	at ptolemy.actor.Manager.execute(Manager.java:356)
	at ptolemy.actor.Manager.run(Manager.java:1263)
	at ptolemy.actor.Manager$PtolemyRunThread.run(Manager.java:1915)
java.lang.reflect.InvocationTargetException
	at sun.reflect.NativeConstructorAccessorImpl.newInstance0(Native Method)
	at sun.reflect.NativeConstructorAccessorImpl.newInstance(NativeConstructorAccessorImpl.java:62)
	at sun.reflect.DelegatingConstructorAccessorImpl.newInstance(DelegatingConstructorAccessorImpl.java:45)
	at java.lang.reflect.Constructor.newInstance(Constructor.java:423)
	at ptolemy.util.test.junit.AutoKnownFailedTests.RunModel(AutoKnownFailedTests.java:105)
	at sun.reflect.NativeMethodAccessorImpl.invoke0(Native Method)
	at sun.reflect.NativeMethodAccessorImpl.invoke(NativeMethodAccessorImpl.java:62)
	at sun.reflect.DelegatingMethodAccessorImpl.invoke(DelegatingMethodAccessorImpl.java:43)
	at java.lang.reflect.Method.invoke(Method.java:498)
	at org.junit.runners.model.FrameworkMethod$1.runReflectiveCall(FrameworkMethod.java:44)
	at org.junit.internal.runners.model.ReflectiveCallable.run(ReflectiveCallable.java:15)
	at org.junit.runners.model.FrameworkMethod.invokeExplosively(FrameworkMethod.java:41)
	at junitparams.internal.InvokeParameterisedMethod.evaluate(InvokeParameterisedMethod.java:102)
	at org.junit.internal.runners.statements.FailOnTimeout$1.run(FailOnTimeout.java:28)
Caused by: ptolemy.kernel.util.IllegalActionException: Found a zero delay loop containing .dependencyLoop2.original
  in .dependencyLoop2 and .dependencyLoop2.original
	at ptolemy.actor.util.CausalityInterfaceForComposites._computeOutputPortDepth(CausalityInterfaceForComposites.java:759)
	at ptolemy.actor.util.CausalityInterfaceForComposites._computeInputDepth(CausalityInterfaceForComposites.java:696)
	at ptolemy.actor.util.CausalityInterfaceForComposites._computeOutputPortDepth(CausalityInterfaceForComposites.java:765)
	at ptolemy.actor.util.CausalityInterfaceForComposites._computeInputDepth(CausalityInterfaceForComposites.java:696)
	at ptolemy.actor.util.CausalityInterfaceForComposites._computeOutputPortDepth(CausalityInterfaceForComposites.java:765)
	at ptolemy.actor.util.CausalityInterfaceForComposites._computeInputDepth(CausalityInterfaceForComposites.java:696)
	at ptolemy.actor.util.CausalityInterfaceForComposites._computeActorDepth(CausalityInterfaceForComposites.java:532)
	at ptolemy.actor.util.CausalityInterfaceForComposites.checkForCycles(CausalityInterfaceForComposites.java:96)
	at ptolemy.domains.de.kernel.DEDirector.preinitialize(DEDirector.java:1338)
	at ptolemy.actor.CompositeActor.preinitialize(CompositeActor.java:1828)
	at ptolemy.actor.Manager.preinitializeAndResolveTypes(Manager.java:1040)
	at ptolemy.actor.Manager.initialize(Manager.java:710)
	at ptolemy.actor.Manager.execute(Manager.java:356)
	at ptolemy.actor.Manager.run(Manager.java:1263)
	at ptolemy.actor.Manager$PtolemyRunThread.run(Manager.java:1915)
]]></system-err>
</testsuite>
