<?xml version="1.0" encoding="UTF-8" ?>
<testsuite errors="0" failures="1" hostname="travis-job-82408b53-ae00-4986-8bcf-62d7a88061ff" name="ptolemy.actor.lib.test.junit.JUnitTclTest" skipped="0" tests="517" time="67.323" timestamp="2019-11-06T22:09:22">
  <properties>
    <property name="npm.executable" value="npm" />
    <property name="env.TRAVIS_ROOT" value="/" />
    <property name="ptII.mk.exists" value="true" />
    <property name="env.TRAVIS_APP_HOST" value="build.travis-ci.org" />
    <property name="env.rvm_bin_path" value="/home/travis/.rvm/bin" />
    <property name="java.home" value="/usr/local/lib/jvm/openjdk11" />
    <property name="env.TRAVIS_JOB_NUMBER" value="1388.8" />
    <property name="env.TRAVIS_HOME" value="/home/travis" />
    <property name="env.DISPLAY" value=":99.0" />
    <property name="env.TRAVIS_INIT" value="systemd" />
    <property name="env.SSH_TTY" value="/dev/pts/0" />
    <property name="java.net.preferIPv4Stack" value="true" />
    <property name="env.RUN_TESTS" value="true" />
    <property name="timeout.short" value="1000000" />
    <property name="junit.formatter" value="xml" />
    <property name="env.TRAVIS_SUDO" value="true" />
    <property name="env.TRAVIS_JOB_NAME" value="" />
    <property name="env.TRAVIS_STACK_NODE_ATTRIBUTES" value="/.node-attributes.yml" />
    <property name="env.LOGNAME" value="travis" />
    <property name="env.PT_TRAVIS_TEST_CORE1_XML" value="true" />
    <property name="jsdoc.home" value="node_modules/@terraswarm/jsdoc" />
    <property name="debuglevel" value="source,lines,vars" />
    <property name="checkstyle.formatter" value="xml" />
    <property name="env._system_version" value="16.04" />
    <property name="bin.vergil.makeable" value="true" />
    <property name="sun.os.patch.level" value="unknown" />
    <property name="java.vendor.url" value="http://java.oracle.com/" />
    <property name="env.TRAVIS_BUILD_WEB_URL" value="https://travis-ci.org/icyphy/ptII/builds/608426634" />
    <property name="java.version" value="11.0.2" />
    <property name="env.TZ" value="UTC" />
    <property name="env.TRAVIS_PULL_REQUEST_SHA" value="" />
    <property name="env.PT_NO_NET" value="true" />
    <property name="env.TRAVIS_SECURE_ENV_VARS" value="true" />
    <property name="env._system_type" value="Linux" />
    <property name="java.vendor.url.bug" value="http://bugreport.java.com/bugreport/" />
    <property name="npmjs-org-is-up" value="true" />
    <property name="env.LANGUAGE" value="en_US.UTF-8" />
    <property name="env.SSH_CLIENT" value="10.16.6.12 44872 22" />
    <property name="env.GEM_HOME" value="/home/travis/.rvm/gems/ruby-2.5.3" />
    <property name="env.HAS_ANTARES_THREE_LITTLE_FRONZIES_BADGE" value="true" />
    <property name="java.version.date" value="2019-01-15" />
    <property name="env.PS4" value="+" />
    <property name="ant.project.invoked-targets" value="build,test.core1.xml" />
    <property name="env.TRAVIS_PULL_REQUEST_BRANCH" value="" />
    <property name="env.TRAVIS_REPO_SLUG" value="icyphy/ptII" />
    <property name="env.XDG_DATA_DIRS" value="/usr/local/share:/usr/share:/var/lib/snapd/desktop" />
    <property name="jdk.debug" value="release" />
    <property name="env.TRAVIS_APT_PROXY" value="http://apt.cache.travis-ci.com" />
    <property name="env.TRAVIS_CPU_ARCH" value="amd64" />
    <property name="node.in.path" value="true" />
    <property name="user.name" value="travis" />
    <property name="java.maxmemory" value="1400m" />
    <property name="env.RUBY_VERSION" value="ruby-2.5.3" />
    <property name="env.LANG" value="en_US.UTF-8" />
    <property name="sun.io.unicode.encoding" value="UnicodeLittle" />
    <property name="sun.jnu.encoding" value="UTF-8" />
    <property name="java.runtime.name" value="OpenJDK Runtime Environment" />
    <property name="usefile" value="false" />
    <property name="return.code" value="0" />
    <property name="junit.single.formatter" value="plain" />
    <property name="env.DYLD_LIBRARY_PATH" value="/home/travis/pthla/certi-tools/lib:" />
    <property name="env.DEBIAN_FRONTEND" value="noninteractive" />
    <property name="env.SSH_CONNECTION" value="10.16.6.12 44872 10.20.2.73 22" />
    <property name="env.MYSQL_UNIX_PORT" value="/var/run/mysqld/mysqld.sock" />
    <property name="env.LC_ALL" value="en_US.UTF-8" />
    <property name="env.TRAVIS_ALLOW_FAILURE" value="false" />
    <property name="env.TRAVIS_JOB_WEB_URL" value="https://travis-ci.org/icyphy/ptII/jobs/608426642" />
    <property name="java.specification.name" value="Java Platform API Specification" />
    <property name="node.works" value="true" />
    <property name="user.timezone" value="" />
    <property name="path.separator" value=":" />
    <property name="env.TRAVIS_ENABLE_INFRA_DETECTION" value="true" />
    <property name="env.PYTHON_CFLAGS" value="-g -fstack-protector --param=ssp-buffer-size=4 -Wformat -Werror=format-security" />
    <property name="timeout.long" value="4000000" />
    <property name="env.CERTI_HOME" value="/home/travis/pthla/certi-tools" />
    <property name="ant.file.ptII" value="/home/travis/build/icyphy/ptII/build.xml" />
    <property name="javadoc.packagenames" value="com.*,diva.*,lbnl.*,org.hlacerti.*,org.json.*,org.ptolemy.*,org.terraswarm.*,ptolemy.*,ptserver.*" />
    <property name="file.encoding" value="UTF-8" />
    <property name="env.TRAVIS_PULL_REQUEST_SLUG" value="" />
    <property name="ant.project.default-target" value="build" />
    <property name="env.GIT_ASKPASS" value="echo" />
    <property name="env.HOME" value="/home/travis" />
    <property name="sun.java.command" value="org.apache.tools.ant.taskdefs.optional.junit.JUnitTestRunner ptolemy.actor.lib.test.junit.JUnitTclTest skipNonTests=false filtertrace=true haltOnError=false haltOnFailure=false formatter=org.apache.tools.ant.taskdefs.optional.junit.OutErrSummaryJUnitResultFormatter showoutput=true outputtoformatters=true logfailedtests=true threadid=0 logtestlistenerevents=false formatter=org.apache.tools.ant.taskdefs.optional.junit.XMLJUnitResultFormatter,/home/travis/build/icyphy/ptII/reports/junit/TEST-ptolemy.actor.lib.test.junit.JUnitTclTest.xml crashfile=/home/travis/build/icyphy/ptII/junitvmwatcher857695517563865686.properties propsfile=/home/travis/build/icyphy/ptII/junit5261341381208149977.properties" />
    <property name="env.COMPOSER_NO_INTERACTION" value="1" />
    <property name="env.MANPATH" value="/home/travis/.nvm/versions/node/v7.10.1/share/man:/home/travis/.rvm/rubies/ruby-2.5.3/share/man:/usr/local/cmake-3.12.4/man:/usr/local/clang-7.0.0/share/man:/usr/local/man:/usr/local/share/man:/usr/share/man:/home/travis/.rvm/man" />
    <property name="env.TRAVIS_TIMER_ID" value="0dbe8f1d" />
    <property name="ant.file" value="/home/travis/build/icyphy/ptII/build.xml" />
    <property name="env.TRAVIS_COMMIT_RANGE" value="4d8f235a1445...45a1af74cde6" />
    <property name="env._system_name" value="Ubuntu" />
    <property name="ptII.classpath.optional.property" value="/home/travis/build/icyphy/ptII/lib/bsh-2.0b4.jar:/home/travis/build/icyphy/ptII/lib/ptCal.jar:/home/travis/build/icyphy/ptII/lib/java_cup.jar:/home/travis/build/icyphy/ptII/lib/saxon8.jar:/home/travis/build/icyphy/ptII/lib/saxon8-dom.jar:/home/travis/build/icyphy/ptII/lib/chic.jar:/home/travis/build/icyphy/ptII/lib/ptcolt.jar:/home/travis/build/icyphy/ptII/vendors/misc/itext/iText.jar:/home/travis/build/icyphy/ptII/lib/g4ltl.jar:/home/travis/build/icyphy/ptII/lib/StructuralCoder.jar:/home/travis/build/icyphy/ptII/lib/jcerti.jar:/home/travis/build/icyphy/ptII/lib/javax.mail.jar:/home/travis/build/icyphy/ptII/vendors/JMF-2.1.1e/lib/jmf.jar:/home/travis/build/icyphy/ptII/lib/jna-4.0.0-variadic.jar:/home/travis/build/icyphy/ptII/vendors/misc/joystick/Joystick.jar:/home/travis/build/icyphy/ptII/lib/ptjacl.jar:/home/travis/build/icyphy/ptII/lib/jsoup-1.8.2.jar:/home/travis/build/icyphy/ptII/lib/junit-4.8.2.jar:/home/travis/build/icyphy/ptII/lib/JUnitParams-0.4.0.jar:/home/travis/build/icyphy/ptII/ptolemy/actor/lib/excel/jxl.jar:/home/travis/build/icyphy/ptII/lib/jython.jar:/home/travis/build/icyphy/ptII/lib/kieler.jar:/home/travis/build/icyphy/ptII/vendors/opencv/share/OpenCV/java/opencv-341.jar:/home/travis/build/icyphy/ptII/lib/oscP5.jar:/home/travis/build/icyphy/ptII/lib/nrjavaserial-3.11.0.devel.jar:/home/travis/build/icyphy/ptII/vendors/j3d/lib/Linux/j3dcore.jar:/home/travis/build/icyphy/ptII/vendors/j3d/lib/Linux/j3dutils.jar:/home/travis/build/icyphy/ptII/vendors/j3d/lib/Linux/vecmath.jar:/home/travis/build/icyphy/ptII/vendors/jogl/lib/Linux/gluegen-rt-natives-linux-amd64.jar:/home/travis/build/icyphy/ptII/vendors/jogl/lib/Linux/gluegen-rt.jar:/home/travis/build/icyphy/ptII/vendors/jogl/lib/Linux/jogl-all-natives-linux-amd64.jar:/home/travis/build/icyphy/ptII/vendors/jogl/lib/Linux/jogl-all.jar:/home/travis/build/icyphy/ptII/ptolemy/distributed/jini/jar/jini-core.jar:/home/travis/build/icyphy/ptII/ptolemy/distributed/jini/jar/jini-ext.jar:/home/travis/build/icyphy/ptII/ptolemy/distributed/jini/jar/sun-util.jar:/home/travis/build/icyphy/ptII/lib/protobuf-java-2.4.1.jar:/home/travis/build/icyphy/ptII/lib/org.eclipse.paho.client.mqttv3.jar:/home/travis/build/icyphy/ptII/lib/mapss.jar:/home/travis/build/icyphy/ptII/ptolemy/actor/ptalon/antlr/antlr.jar:/home/travis/build/icyphy/ptII/lib/JRI.jar:/home/travis/build/icyphy/ptII/lib/commons-lang-2.6.jar:/home/travis/build/icyphy/ptII/lib/commons-logging-1.1.1.jar:/home/travis/build/icyphy/ptII/lib/sootclasses.jar:/home/travis/build/icyphy/ptII/ptolemy/actor/lib/database/mysql-connector-java-5.1.6-bin.jar:/home/travis/build/icyphy/ptII/vendors/misc/sphinx4/sphinx4-data-5prealpha.jar:/home/travis/build/icyphy/ptII/vendors/misc/sphinx4/sphinx4-core-5prealpha.jar:/home/travis/build/icyphy/ptII/lib/PDFRenderer.jar:/home/travis/build/icyphy/ptII/lib/svgSalamander.jar:/home/travis/build/icyphy/ptII/lib/rsyntaxtextarea-2.6.0-SNAPSHOT.jar:/home/travis/build/icyphy/ptII/lib/hazelcast-3.8.2.jar:/home/travis/build/icyphy/ptII/lib/jackson-annotations-2.9.0.jar:/home/travis/build/icyphy/ptII/lib/jackson-core-2.9.3.jar:/home/travis/build/icyphy/ptII/lib/jackson-databind-2.9.3.jar:/home/travis/build/icyphy/ptII/lib/netty-buffer-4.1.19.Final.jar:/home/travis/build/icyphy/ptII/lib/netty-codec-4.1.19.Final.jar:/home/travis/build/icyphy/ptII/lib/netty-codec-dns-4.1.19.Final.jar:/home/travis/build/icyphy/ptII/lib/netty-codec-http-4.1.19.Final.jar:/home/travis/build/icyphy/ptII/lib/netty-codec-http2-4.1.19.Final.jar:/home/travis/build/icyphy/ptII/lib/netty-common-4.1.19.Final.jar:/home/travis/build/icyphy/ptII/lib/netty-handler-4.1.19.Final.jar:/home/travis/build/icyphy/ptII/lib/netty-resolver-4.1.19.Final.jar:/home/travis/build/icyphy/ptII/lib/netty-resolver-dns-4.1.19.Final.jar:/home/travis/build/icyphy/ptII/lib/netty-transport-4.1.19.Final.jar:/home/travis/build/icyphy/ptII/lib/vertx-codegen-3.5.1.jar:/home/travis/build/icyphy/ptII/lib/vertx-core-3.5.2-SNAPSHOT.jar:/home/travis/build/icyphy/ptII/lib/vertx-hazelcast-3.5.1.jar:/home/travis/build/icyphy/ptII/lib/vertx-lang-js-3.5.1.jar:/home/travis/build/icyphy/ptII/lib/vertx-service-proxy-3.5.1.jar:/home/travis/build/icyphy/ptII/lib/vertx-web-3.5.1.jar:/home/travis/build/icyphy/ptII/lib/slf4j-api-1.7.13.jar:/home/travis/build/icyphy/ptII/lib/slf4j-simple-1.7.13.jar:/home/travis/build/icyphy/ptII/lib/webcam-capture-0.3.12.jar:/home/travis/build/icyphy/ptII/lib/bridj-0.7.0.jar:/home/travis/build/icyphy/ptII/lib/xbjlib-1.1.0.nrjavaserial.jar" />
    <property name="timeout" value="2400000" />
    <property name="test.batch" value="**/junit/*.java" />
    <property name="env._" value="/usr/bin/timeout" />
    <property name="java.io.tmpdir" value="/tmp" />
    <property name="user.language" value="en" />
    <property name="env.TRAVIS_INTERNAL_RUBY_REGEX" value="^ruby-(2\.[0-4]\.[0-9]|1\.9\.3)" />
    <property name="env.HISTCONTROL" value="ignoredups:ignorespace" />
    <property name="env.GOROOT" value="/home/travis/.gimme/versions/go1.11.1.linux.amd64" />
    <property name="line.separator" value="&#xa;" />
    <property name="target" value="11" />
    <property name="env.TRAVIS_BUILD_DIR" value="/home/travis/build/icyphy/ptII" />
    <property name="env.ANT_OPTS" value="-Xmx2048m" />
    <property name="ant.file.type" value="file" />
    <property name="ptolemy.ptII.batchMode" value="true" />
    <property name="env.HISTSIZE" value="1000" />
    <property name="env.MERB_ENV" value="test" />
    <property name="java.vm.info" value="mixed mode" />
    <property name="source" value="11" />
    <property name="java.vm.specification.name" value="Java Virtual Machine Specification" />
    <property name="env.TRAVIS_TEST_RESULT" value="0" />
    <property name="jsdoc.command" value="node_modules/@terraswarm/jsdoc/jsdoc.js" />
    <property name="npm.works" value="true" />
    <property name="cobertura.dir" value="/home/travis/build/icyphy/ptII/vendors/cobertura-2.0.3" />
    <property name="jsdoc.command.exists" value="true" />
    <property name="env.rvm_path" value="/home/travis/.rvm" />
    <property name="env.GEM_PATH" value="/home/travis/.rvm/gems/ruby-2.5.3:/home/travis/.rvm/gems/ruby-2.5.3@global" />
    <property name="env.LC_CTYPE" value="en_US.UTF-8" />
    <property name="env.TRAVIS_CMD" value="$PTII/bin/ptIITravisBuild.sh $SECONDS" />
    <property name="java.awt.printerjob" value="sun.print.PSPrinterJob" />
    <property name="env.TRAVIS_STACK_NAME" value="sardonyx" />
    <property name="env.TRAVIS_TIMER_START_TIME" value="1573077451364868228" />
    <property name="ant.version" value="Apache Ant(TM) version 1.10.1 compiled on February 2 2017" />
    <property name="ptII.reports" value="/home/travis/build/icyphy/ptII/reports" />
    <property name="env.TRAVIS_STACK_TIMESTAMP" value="2019-03-25 16:16:56 UTC" />
    <property name="ant.file.type.ptII" value="file" />
    <property name="env.RBENV_SHELL" value="bash" />
    <property name="os.name" value="Linux" />
    <property name="java.specification.vendor" value="Oracle Corporation" />
    <property name="env.rvm_version" value="1.29.7 (latest)" />
    <property name="env.TRAVIS_INFRA" value="unknown" />
    <property name="env.TERM" value="xterm" />
    <property name="java.vm.name" value="OpenJDK 64-Bit Server VM" />
    <property name="env.TRAVIS_BUILD_NUMBER" value="1388" />
    <property name="env.CI" value="true" />
    <property name="java.library.path" value="/home/travis/pthla/certi-tools/lib:/usr/lib/jni:/usr/local/share/OpenCV/java/:/usr/share/OpenCV/java::/usr/java/packages/lib:/usr/lib64:/lib64:/lib:/usr/lib" />
    <property name="jdk.module.path" value="/home/travis/build/icyphy/ptII/vendors/javafx/javafx-sdk-11.0.2/lib:" />
    <property name="env.rvm_prefix" value="/home/travis" />
    <property name="env.PATH" value="/home/travis/pthla/certi-tools/share/scripts:/home/travis/.rvm/gems/ruby-2.5.3/bin:/home/travis/.rvm/gems/ruby-2.5.3@global/bin:/home/travis/.rvm/rubies/ruby-2.5.3/bin:/home/travis/.rvm/bin:/home/travis/.nvm/versions/node/v7.10.1/bin:./node_modules/.bin:/home/travis/build/icyphy/ptII/bin:/home/travis/pthla/certi-tools/bin:/home/travis/bin:/home/travis/.local/bin:/usr/local/lib/jvm/openjdk11/bin:/opt/pyenv/shims:/home/travis/.phpenv/shims:/home/travis/perl5/perlbrew/bin:/home/travis/gopath/bin:/home/travis/.gimme/versions/go1.11.1.linux.amd64/bin:/usr/local/maven-3.6.0/bin:/usr/local/cmake-3.12.4/bin:/usr/local/clang-7.0.0/bin:/usr/local/sbin:/usr/local/bin:/usr/sbin:/usr/bin:/sbin:/bin:/snap/bin:/home/travis/.phpenv/bin:/opt/pyenv/bin:/home/travis/.yarn/bin" />
    <property name="env.TRAVIS_OS_NAME" value="linux" />
    <property name="ant.java.version" value="9" />
    <property name="basedir" value="/home/travis/build/icyphy/ptII" />
    <property name="java.class.version" value="55.0" />
    <property name="env.SHLVL" value="3" />
    <property name="env.LD_LIBRARY_PATH" value="/home/travis/pthla/certi-tools/lib:/usr/lib/jni:/usr/local/share/OpenCV/java/:/usr/share/OpenCV/java:" />
    <property name="env.RACK_ENV" value="test" />
    <property name="ant.home" value="/home/travis/build/icyphy/ptII/ant" />
    <property name="env.NVM_DIR" value="/home/travis/.nvm" />
    <property name="env.CERTI_FOM_PATH" value="/home/travis/pthla/certi-tools/share/federations" />
    <property name="env.TRAVIS_BUILD_ID" value="608426634" />
    <property name="env.PYENV_ROOT" value="/opt/pyenv" />
    <property name="env.TRAVIS_UID" value="2000" />
    <property name="prism.verbose" value="true" />
    <property name="env.NVM_BIN" value="/home/travis/.nvm/versions/node/v7.10.1/bin" />
    <property name="env.TRAVIS_COMMIT" value="45a1af74cde64810f1a740ff9bd66386be4e642c" />
    <property name="env._system_arch" value="x86_64" />
    <property name="node.executable" value="node" />
    <property name="sun.boot.library.path" value="/usr/local/lib/jvm/openjdk11/lib" />
    <property name="sun.management.compiler" value="HotSpot 64-Bit Tiered Compilers" />
    <property name="java.awt.graphicsenv" value="sun.awt.X11GraphicsEnvironment" />
    <property name="env.GOPATH" value="/home/travis/gopath" />
    <property name="ptolemy.ptII.dir" value="/home/travis/build/icyphy/ptII" />
    <property name="env.USER" value="travis" />
    <property name="env.HISTFILESIZE" value="2000" />
    <property name="timeout.longest" value="19000000" />
    <property name="env.PERLBREW_SHELLRC_VERSION" value="0.86" />
    <property name="env.TRAVIS_STACK_FEATURES" value="basic couchdb disabled-ipv6 docker docker-compose elasticsearch firefox go-toolchain google-chrome jdk memcached mongodb mysql nodejs_interpreter perl_interpreter perlbrew phantomjs postgresql python_interpreter redis ruby_interpreter sqlite xserver" />
    <property name="env.TRAVIS_PULL_REQUEST" value="false" />
    <property name="env.PYENV_SHELL" value="bash" />
    <property name="ant.project.name" value="ptII" />
    <property name="env.ANSI_RESET" value="\033[0m" />
    <property name="java.vm.specification.version" value="11" />
    <property name="env.TRAVIS_DIST" value="xenial" />
    <property name="env.CERTI_VERSION" value="4.0.0" />
    <property name="env.CERTI_HOST" value="localhost" />
    <property name="awt.toolkit" value="sun.awt.X11.XToolkit" />
    <property name="env.MY_RUBY_HOME" value="/home/travis/.rvm/rubies/ruby-2.5.3" />
    <property name="sun.cpu.isalist" value="" />
    <property name="env.TRAVIS_TMPDIR" value="/tmp/tmp.8RmKQQfI6C" />
    <property name="java.vm.compressedOopsMode" value="Zero based" />
    <property name="os.version" value="4.15.0-1028-gcp" />
    <property name="user.home" value="/home/travis" />
    <property name="java.vm.vendor" value="Oracle Corporation" />
    <property name="env.TRAVIS_TAG" value="nightly" />
    <property name="env.ANSI_YELLOW" value="\033[33;1m" />
    <property name="env.TRAVIS_FILTERED" value="redirect_io" />
    <property name="env.ANSI_GREEN" value="\033[32;1m" />
    <property name="env.JAVA_HOME" value="/usr/local/lib/jvm/openjdk11" />
    <property name="javadoc.excludepackagenames" value="adm.cvs2svn.*,build.*,config.*,doc.coding.templates.*,jni.test.jni.meaningOfLife.*,jni.test.jni.testDeux.*,jni.test.jni.testTrois.*,org.terraswarm.accessor.accessors.web.node_modules.*,org.terraswarm.accessor.accessors.web.hosts.cordova.demo.*,org.terraswarm.accessor.accessors.web.hosts.cordova.plugins.*,org.terraswarm.accessor.accessors-svn.*,pt-modules.*,ptolemy.apps.agilent.*,ptolemy.apps.anytimecontrol.*,ptolemy.apps.apes.*,ptolemy.apps.charon.*,ptolemy.apps.crazyboard.*,ptolemy.apps.eclipse.*,ptolemy.apps.etherealSting.*,ptolemy.apps.fullscreen.*,ptolemy.apps.giotto.*,ptolemy.apps.ia.*,ptolemy.apps.interfaces.*,ptolemy.apps.jmf.*,ptolemy.apps.kurt.*,ptolemy.apps.kvm.*,ptolemy.apps.lego.*,ptolemy.apps.lejos.*,ptolemy.apps.midp.*,ptolemy.apps.mobileCoding.*,ptolemy.apps.pendulum.*,ptolemy.apps.rijndael.*,ptolemy.apps.robot.*,ptolemy.apps.security.*,ptolemy.apps.sobel.*,ptolemy.apps.soot.*,ptolemy.apps.throttle.*,ptolemy.apps.tini.*,ptolemy.apps.transmission.*,ptolemy.apps.vergil.*,ptolemy.apps.waba.*,ptolemy.apps.websensor.*,ptolemy.apps.webstart.*,ptolemy.apps.xsl.*,ptolemy.apps.zaurus.*,ptolemy.codegen.c.actor.lib.oldJavaFiles.*,ptolemy.codegen.dsp.lib.*,ptolemy.codegen.kernel.newInterfaces.*,ptolemy.codegen.lib.*,ptolemy.copernicus.kernel.fragment.*,ptolemy.copernicus.shallow.cg.*,ptolemy.domains.giotto.demo.Hierarchy.Hierarchy.*,ptolemy.domains.giotto.demo.Multimode.Multimode.*,ptolemy.domains.giotto.demo.Simple.Simple.*,ptolemy.domains.gr.lib.experimental.*,ptolemy.domains.gro.*,ptolemy.domains.pdf.*,ptolemy.domains.ptinyos.demo.Surge.output.*,ptolemy.moml.test.NoPackageActor.java*,ptolemy.plot.adm.*,ptolemy.plot.servlet.*,reports.*,signed.*,src.*,target.*,vendors.*,ptolemy.copernicus.applet.*,ptolemy.media.viewer.*,ptolemy.actor.corba.*,doc.doclets.*,ptolemy.apps.eclipse.awt.*,ptolemy.backtrack.*,ptolemy.backtrack.ast.*,ptolemy.cg.adapter.generic.program.procedural.c.mbed*,ptolemy.homer.*,ptolemy.actor.lib.jai.*,org.ptolemy.scala.*,diva.util.java2d.svg.*,ptolemy.domains.ptinyos.*,ptolemy.actor.lib.fmi.fmipp.*,,org.terraswarm.accessor.accessors.web.node_modules.*,org.terraswarm.accessor.accessors-svn,ptolemy.apps.*,ptolemy.actor.ptalon.demo.ptinyos.SendAndReceiveCnt.output,ptolemy.actor.ptalon.demo.ptinyos.SenseToLeds.output,ptolemy.domains.ptinyos.demo.CntToLedsAndRfm.output,ptolemy.domains.ptinyos.demo.RfmToLeds.output,ptolemy.domains.ptinyos.demo.SendAndReceiveCnt.output,ptolemy.domains.ptinyos.demo.SenseToLeds.output,ptolemy.actor.lib.jjs.modules.udpSocket.*" />
    <property name="env.PTII" value="/home/travis/build/icyphy/ptII" />
    <property name="env.XDG_SESSION_ID" value="2" />
    <property name="keystore" value="ptKeystore" />
    <property name="env.TRAVIS_COMMIT_MESSAGE" value="Tunning some models in org.hlacerti.demo and code in org.hlacerti.lib." />
    <property name="junit.output.dir" value="/home/travis/build/icyphy/ptII/reports/junit" />
    <property name="npm.return.code" value="0" />
    <property name="user.dir" value="/home/travis/build/icyphy/ptII/ptolemy/actor/lib/test" />
    <property name="env.TRAVIS_NODE_VERSION" value="7" />
    <property name="env.TRAVIS_EVENT_TYPE" value="push" />
    <property name="env.MAIL" value="/var/mail/travis" />
    <property name="env.PERLBREW_ROOT" value="/home/travis/perl5/perlbrew" />
    <property name="env.PWD" value="/home/travis/build/icyphy/ptII" />
    <property name="timeout.npm" value="45000" />
    <property name="env.TRAVIS_ARCH" value="amd64" />
    <property name="sun.cpu.endian" value="little" />
    <property name="env.PAGER" value="cat" />
    <property name="env.TRAVIS_BUILD_STAGE_NAME" value="Test" />
    <property name="env.PERLBREW_HOME" value="/home/travis/.perlbrew" />
    <property name="java.vm.version" value="11.0.2+9" />
    <property name="env.RAILS_ENV" value="test" />
    <property name="java.class.path" value="/home/travis/.ptolemyII:/home/travis/.ptolemyII/*:/home/travis/build/icyphy/ptII:/home/travis/build/icyphy/ptII/lib/bsh-2.0b4.jar:/home/travis/build/icyphy/ptII/lib/ptCal.jar:/home/travis/build/icyphy/ptII/lib/java_cup.jar:/home/travis/build/icyphy/ptII/lib/saxon8.jar:/home/travis/build/icyphy/ptII/lib/saxon8-dom.jar:/home/travis/build/icyphy/ptII/lib/chic.jar:/home/travis/build/icyphy/ptII/lib/ptcolt.jar:/home/travis/build/icyphy/ptII/vendors/misc/itext/iText.jar:/home/travis/build/icyphy/ptII/lib/g4ltl.jar:/home/travis/build/icyphy/ptII/lib/StructuralCoder.jar:/home/travis/build/icyphy/ptII/lib/jcerti.jar:/home/travis/build/icyphy/ptII/lib/javax.mail.jar:/home/travis/build/icyphy/ptII/vendors/JMF-2.1.1e/lib/jmf.jar:/home/travis/build/icyphy/ptII/lib/jna-4.0.0-variadic.jar:/home/travis/build/icyphy/ptII/vendors/misc/joystick/Joystick.jar:/home/travis/build/icyphy/ptII/lib/ptjacl.jar:/home/travis/build/icyphy/ptII/lib/jsoup-1.8.2.jar:/home/travis/build/icyphy/ptII/lib/junit-4.8.2.jar:/home/travis/build/icyphy/ptII/lib/JUnitParams-0.4.0.jar:/home/travis/build/icyphy/ptII/ptolemy/actor/lib/excel/jxl.jar:/home/travis/build/icyphy/ptII/lib/jython.jar:/home/travis/build/icyphy/ptII/lib/kieler.jar:/home/travis/build/icyphy/ptII/vendors/opencv/share/OpenCV/java/opencv-341.jar:/home/travis/build/icyphy/ptII/lib/oscP5.jar:/home/travis/build/icyphy/ptII/lib/nrjavaserial-3.11.0.devel.jar:/home/travis/build/icyphy/ptII/vendors/j3d/lib/Linux/j3dcore.jar:/home/travis/build/icyphy/ptII/vendors/j3d/lib/Linux/j3dutils.jar:/home/travis/build/icyphy/ptII/vendors/j3d/lib/Linux/vecmath.jar:/home/travis/build/icyphy/ptII/vendors/jogl/lib/Linux/gluegen-rt-natives-linux-amd64.jar:/home/travis/build/icyphy/ptII/vendors/jogl/lib/Linux/gluegen-rt.jar:/home/travis/build/icyphy/ptII/vendors/jogl/lib/Linux/jogl-all-natives-linux-amd64.jar:/home/travis/build/icyphy/ptII/vendors/jogl/lib/Linux/jogl-all.jar:/home/travis/build/icyphy/ptII/ptolemy/distributed/jini/jar/jini-core.jar:/home/travis/build/icyphy/ptII/ptolemy/distributed/jini/jar/jini-ext.jar:/home/travis/build/icyphy/ptII/ptolemy/distributed/jini/jar/sun-util.jar:/home/travis/build/icyphy/ptII/lib/protobuf-java-2.4.1.jar:/home/travis/build/icyphy/ptII/lib/org.eclipse.paho.client.mqttv3.jar:/home/travis/build/icyphy/ptII/lib/mapss.jar:/home/travis/build/icyphy/ptII/ptolemy/actor/ptalon/antlr/antlr.jar:/home/travis/build/icyphy/ptII/lib/JRI.jar:/home/travis/build/icyphy/ptII/lib/commons-lang-2.6.jar:/home/travis/build/icyphy/ptII/lib/commons-logging-1.1.1.jar:/home/travis/build/icyphy/ptII/lib/sootclasses.jar:/home/travis/build/icyphy/ptII/ptolemy/actor/lib/database/mysql-connector-java-5.1.6-bin.jar:/home/travis/build/icyphy/ptII/vendors/misc/sphinx4/sphinx4-data-5prealpha.jar:/home/travis/build/icyphy/ptII/vendors/misc/sphinx4/sphinx4-core-5prealpha.jar:/home/travis/build/icyphy/ptII/lib/PDFRenderer.jar:/home/travis/build/icyphy/ptII/lib/svgSalamander.jar:/home/travis/build/icyphy/ptII/lib/rsyntaxtextarea-2.6.0-SNAPSHOT.jar:/home/travis/build/icyphy/ptII/lib/hazelcast-3.8.2.jar:/home/travis/build/icyphy/ptII/lib/jackson-annotations-2.9.0.jar:/home/travis/build/icyphy/ptII/lib/jackson-core-2.9.3.jar:/home/travis/build/icyphy/ptII/lib/jackson-databind-2.9.3.jar:/home/travis/build/icyphy/ptII/lib/netty-buffer-4.1.19.Final.jar:/home/travis/build/icyphy/ptII/lib/netty-codec-4.1.19.Final.jar:/home/travis/build/icyphy/ptII/lib/netty-codec-dns-4.1.19.Final.jar:/home/travis/build/icyphy/ptII/lib/netty-codec-http-4.1.19.Final.jar:/home/travis/build/icyphy/ptII/lib/netty-codec-http2-4.1.19.Final.jar:/home/travis/build/icyphy/ptII/lib/netty-common-4.1.19.Final.jar:/home/travis/build/icyphy/ptII/lib/netty-handler-4.1.19.Final.jar:/home/travis/build/icyphy/ptII/lib/netty-resolver-4.1.19.Final.jar:/home/travis/build/icyphy/ptII/lib/netty-resolver-dns-4.1.19.Final.jar:/home/travis/build/icyphy/ptII/lib/netty-transport-4.1.19.Final.jar:/home/travis/build/icyphy/ptII/lib/vertx-codegen-3.5.1.jar:/home/travis/build/icyphy/ptII/lib/vertx-core-3.5.2-SNAPSHOT.jar:/home/travis/build/icyphy/ptII/lib/vertx-hazelcast-3.5.1.jar:/home/travis/build/icyphy/ptII/lib/vertx-lang-js-3.5.1.jar:/home/travis/build/icyphy/ptII/lib/vertx-service-proxy-3.5.1.jar:/home/travis/build/icyphy/ptII/lib/vertx-web-3.5.1.jar:/home/travis/build/icyphy/ptII/lib/slf4j-api-1.7.13.jar:/home/travis/build/icyphy/ptII/lib/slf4j-simple-1.7.13.jar:/home/travis/build/icyphy/ptII/lib/webcam-capture-0.3.12.jar:/home/travis/build/icyphy/ptII/lib/bridj-0.7.0.jar:/home/travis/build/icyphy/ptII/lib/xbjlib-1.1.0.nrjavaserial.jar:/home/travis/build/icyphy/ptII/ptolemy/moml/test:/home/travis/build/icyphy/ptII/ant/lib/ant-launcher.jar:/home/travis/build/icyphy/ptII/ant/lib/ant.jar:/home/travis/build/icyphy/ptII/ant/lib/ant-junit.jar:/home/travis/build/icyphy/ptII/ant/lib/ant-junit4.jar" />
    <property name="ant.library.dir" value="/home/travis/build/icyphy/ptII/ant/lib" />
    <property name="os.arch" value="amd64" />
    <property name="env.CONTINUOUS_INTEGRATION" value="true" />
    <property name="env.TRAVIS_LANGUAGE" value="node_js" />
    <property name="env.TRAVIS_STACK_LANGUAGES" value="__sardonyx__ c c++ clojure cplusplus cpp default generic go groovy java node_js php pure_java python ruby scala" />
    <property name="test.name" value="ptolemy.actor.lib.test.junit.JUnitTclTest" />
    <property name="env.APT_KEY_DONT_WARN_ON_DANGEROUS_USAGE" value="1" />
    <property name="sun.java.launcher" value="SUN_STANDARD" />
    <property name="env.PYTHON_CONFIGURE_OPTS" value="--enable-unicode=ucs4 --with-wide-unicode --enable-shared --enable-ipv6 --enable-loadable-sqlite-extensions --with-computed-gotos" />
    <property name="ant.core.lib" value="/home/travis/build/icyphy/ptII/ant/lib/ant.jar" />
    <property name="java.vm.specification.vendor" value="Oracle Corporation" />
    <property name="env.BCVTB_HOME" value="/home/travis/build/icyphy/ptII/lbnl" />
    <property name="file.separator" value="/" />
    <property name="spotbugs.home" value="/home/travis/build/icyphy/ptII/vendors/spotbugs-3.1.1" />
    <property name="java.runtime.version" value="11.0.2+9" />
    <property name="env.ANSI_CLEAR" value="\033[0K" />
    <property name="javafx.verbose" value="true" />
    <property name="env.HAS_JOSH_K_SEAL_OF_APPROVAL" value="true" />
    <property name="env.XDG_RUNTIME_DIR" value="/run/user/2000" />
    <property name="env.TRAVIS_OSX_IMAGE" value="" />
    <property name="env.TRAVIS_JOB_ID" value="608426642" />
    <property name="env.TRAVIS_BRANCH" value="master" />
    <property name="user.country" value="US" />
    <property name="env.CERTI_HOME_TRAVIS" value="/home/travis/pthla/certi-tools" />
    <property name="env.SHELL" value="/bin/bash" />
    <property name="java.maxmemory.large" value="3200m" />
    <property name="model" value="" />
    <property name="env.CASHER_DIR" value="/home/travis/.casher" />
    <property name="env.NVM_CD_FLAGS" value="" />
    <property name="java.vendor.version" value="18.9" />
    <property name="jshint.executable" value="/home/travis/node_modules/jshint/bin/jshint" />
    <property name="env.JRUBY_OPTS" value=" --client -J-XX:+TieredCompilation -J-XX:TieredStopAtLevel=1 -J-Xss2m -Xcompile.invokedynamic=false" />
    <property name="java.vendor" value="Oracle Corporation" />
    <property name="env.TRAVIS_PRE_CHEF_BOOTSTRAP_TIME" value="2019-03-25T16:16:42" />
    <property name="env.TRAVIS_STACK_JOB_BOARD_REGISTER" value="/.job-board-register.yml" />
    <property name="env.ANSI_RED" value="\033[31;1m" />
    <property name="java.specification.version" value="11" />
    <property name="env.IRBRC" value="/home/travis/.rvm/rubies/ruby-2.5.3/.irbrc" />
    <property name="env.TRAVIS" value="true" />
    <property name="sun.arch.data.model" value="64" />
  </properties>
  <testcase classname="ptolemy.util.test.junit.TclTests" name="[0] /home/travis/build/icyphy/ptII/ptolemy/actor/lib/test/AbsoluteValue.tcl (RunTclFile)" time="0.72" />
  <testcase classname="ptolemy.util.test.junit.TclTests" name="[1] /home/travis/build/icyphy/ptII/ptolemy/actor/lib/test/AddSubtract.tcl (RunTclFile)" time="0.234" />
  <testcase classname="ptolemy.util.test.junit.TclTests" name="[2] /home/travis/build/icyphy/ptII/ptolemy/actor/lib/test/Average.tcl (RunTclFile)" time="0.084" />
  <testcase classname="ptolemy.util.test.junit.TclTests" name="[3] /home/travis/build/icyphy/ptII/ptolemy/actor/lib/test/Bernoulli.tcl (RunTclFile)" time="0.037" />
  <testcase classname="ptolemy.util.test.junit.TclTests" name="[4] /home/travis/build/icyphy/ptII/ptolemy/actor/lib/test/Clock.tcl (RunTclFile)" time="0.142" />
  <testcase classname="ptolemy.util.test.junit.TclTests" name="[5] /home/travis/build/icyphy/ptII/ptolemy/actor/lib/test/Commutator.tcl (RunTclFile)" time="0.214" />
  <testcase classname="ptolemy.util.test.junit.TclTests" name="[6] /home/travis/build/icyphy/ptII/ptolemy/actor/lib/test/Const.tcl (RunTclFile)" time="0.134" />
  <testcase classname="ptolemy.util.test.junit.TclTests" name="[7] /home/travis/build/icyphy/ptII/ptolemy/actor/lib/test/CurrentTime.tcl (RunTclFile)" time="0.037" />
  <testcase classname="ptolemy.util.test.junit.TclTests" name="[8] /home/travis/build/icyphy/ptII/ptolemy/actor/lib/test/DB.tcl (RunTclFile)" time="0.078" />
  <testcase classname="ptolemy.util.test.junit.TclTests" name="[9] /home/travis/build/icyphy/ptII/ptolemy/actor/lib/test/DiscreteRandomSource.tcl (RunTclFile)" time="0.028" />
  <testcase classname="ptolemy.util.test.junit.TclTests" name="[10] /home/travis/build/icyphy/ptII/ptolemy/actor/lib/test/Distributor.tcl (RunTclFile)" time="0.069" />
  <testcase classname="ptolemy.util.test.junit.TclTests" name="[11] /home/travis/build/icyphy/ptII/ptolemy/actor/lib/test/Exit.tcl (RunTclFile)" time="0.101" />
  <testcase classname="ptolemy.util.test.junit.TclTests" name="[12] /home/travis/build/icyphy/ptII/ptolemy/actor/lib/test/Expression.tcl (RunTclFile)" time="0.175" />
  <testcase classname="ptolemy.util.test.junit.TclTests" name="[13] /home/travis/build/icyphy/ptII/ptolemy/actor/lib/test/Gaussian.tcl (RunTclFile)" time="1.033" />
  <testcase classname="ptolemy.util.test.junit.TclTests" name="[14] /home/travis/build/icyphy/ptII/ptolemy/actor/lib/test/IIR.tcl (RunTclFile)" time="0.049" />
  <testcase classname="ptolemy.util.test.junit.TclTests" name="[15] /home/travis/build/icyphy/ptII/ptolemy/actor/lib/test/Interpolator.tcl (RunTclFile)" time="0.128" />
  <testcase classname="ptolemy.util.test.junit.TclTests" name="[16] /home/travis/build/icyphy/ptII/ptolemy/actor/lib/test/MathFunction.tcl (RunTclFile)" time="0.084" />
  <testcase classname="ptolemy.util.test.junit.TclTests" name="[17] /home/travis/build/icyphy/ptII/ptolemy/actor/lib/test/Maximum.tcl (RunTclFile)" time="0.05" />
  <testcase classname="ptolemy.util.test.junit.TclTests" name="[18] /home/travis/build/icyphy/ptII/ptolemy/actor/lib/test/Minimum.tcl (RunTclFile)" time="0.02" />
  <testcase classname="ptolemy.util.test.junit.TclTests" name="[19] /home/travis/build/icyphy/ptII/ptolemy/actor/lib/test/MultiplyDivide.tcl (RunTclFile)" time="0.034" />
  <testcase classname="ptolemy.util.test.junit.TclTests" name="[20] /home/travis/build/icyphy/ptII/ptolemy/actor/lib/test/OrderedMerge.tcl (RunTclFile)" time="0.119" />
  <testcase classname="ptolemy.util.test.junit.TclTests" name="[21] /home/travis/build/icyphy/ptII/ptolemy/actor/lib/test/Publisher.tcl (RunTclFile)" time="0.858" />
  <testcase classname="ptolemy.util.test.junit.TclTests" name="[22] /home/travis/build/icyphy/ptII/ptolemy/actor/lib/test/Pulse.tcl (RunTclFile)" time="0.037" />
  <testcase classname="ptolemy.util.test.junit.TclTests" name="[23] /home/travis/build/icyphy/ptII/ptolemy/actor/lib/test/Ramp.tcl (RunTclFile)" time="2.123" />
  <testcase classname="ptolemy.util.test.junit.TclTests" name="[24] /home/travis/build/icyphy/ptII/ptolemy/actor/lib/test/RampContinuous.tcl (RunTclFile)" time="0.018" />
  <testcase classname="ptolemy.util.test.junit.TclTests" name="[25] /home/travis/build/icyphy/ptII/ptolemy/actor/lib/test/RecordAssembler.tcl (RunTclFile)" time="0.017" />
  <testcase classname="ptolemy.util.test.junit.TclTests" name="[26] /home/travis/build/icyphy/ptII/ptolemy/actor/lib/test/RecordDisassembler.tcl (RunTclFile)" time="0.032" />
  <testcase classname="ptolemy.util.test.junit.TclTests" name="[27] /home/travis/build/icyphy/ptII/ptolemy/actor/lib/test/Scale.tcl (RunTclFile)" time="0.017" />
  <testcase classname="ptolemy.util.test.junit.TclTests" name="[28] /home/travis/build/icyphy/ptII/ptolemy/actor/lib/test/SequentialClock.tcl (RunTclFile)" time="0.013" />
  <testcase classname="ptolemy.util.test.junit.TclTests" name="[29] /home/travis/build/icyphy/ptII/ptolemy/actor/lib/test/SetVariable.tcl (RunTclFile)" time="0.023">
    <failure message="Number of failed tests is has increased. expected:&lt;0&gt; but was:&lt;1&gt;" type="junit.framework.AssertionFailedError">junit.framework.AssertionFailedError: Number of failed tests is has increased. expected:&lt;0&gt; but was:&lt;1&gt;
	at ptolemy.util.test.junit.TclTests.RunTclFile(TclTests.java:286)
	at jdk.internal.reflect.GeneratedMethodAccessor19.invoke(Unknown Source)
	at java.base/jdk.internal.reflect.DelegatingMethodAccessorImpl.invoke(DelegatingMethodAccessorImpl.java:43)
	at junitparams.internal.InvokeParameterisedMethod.evaluate(InvokeParameterisedMethod.java:102)
	at junitparams.internal.ParameterisedTestMethodRunner.runMethodInvoker(ParameterisedTestMethodRunner.java:47)
	at junitparams.internal.ParameterisedTestMethodRunner.runTestMethod(ParameterisedTestMethodRunner.java:41)
	at junitparams.internal.ParameterisedTestClassRunner.runParameterisedTest(ParameterisedTestClassRunner.java:143)
	at junitparams.JUnitParamsRunner.runChild(JUnitParamsRunner.java:237)
	at junitparams.JUnitParamsRunner.runChild(JUnitParamsRunner.java:215)
</failure>
  </testcase>
  <testcase classname="ptolemy.util.test.junit.TclTests" name="[30] /home/travis/build/icyphy/ptII/ptolemy/actor/lib/test/Sinewave.tcl (RunTclFile)" time="0.056" />
  <testcase classname="ptolemy.util.test.junit.TclTests" name="[31] /home/travis/build/icyphy/ptII/ptolemy/actor/lib/test/SubscriptionAggregator.tcl (RunTclFile)" time="2.599" />
  <testcase classname="ptolemy.util.test.junit.TclTests" name="[32] /home/travis/build/icyphy/ptII/ptolemy/actor/lib/test/Test.tcl (RunTclFile)" time="0.084" />
  <testcase classname="ptolemy.util.test.junit.TclTests" name="[33] /home/travis/build/icyphy/ptII/ptolemy/actor/lib/test/TestExceptionHandler.tcl (RunTclFile)" time="0.012" />
  <testcase classname="ptolemy.util.test.junit.TclTests" name="[34] /home/travis/build/icyphy/ptII/ptolemy/actor/lib/test/UnionDisassembler.tcl (RunTclFile)" time="0.075" />
  <testcase classname="ptolemy.util.test.junit.TclTests" name="[35] /home/travis/build/icyphy/ptII/ptolemy/actor/lib/test/VariableClock.tcl (RunTclFile)" time="0.017" />
  <testcase classname="ptolemy.util.test.junit.AutoKnownFailedTests" name="[0] /home/travis/build/icyphy/ptII/ptolemy/actor/lib/test/auto/knownFailedTests/PublisherPortToplevelSubscriber.xml (RunModel)" time="0.02" />
  <testcase classname="ptolemy.util.test.junit.AutoKnownFailedTests" name="[1] /home/travis/build/icyphy/ptII/ptolemy/actor/lib/test/auto/knownFailedTests/PublisherSubscriberPortToplevel.xml (RunModel)" time="0.019" />
  <testcase classname="ptolemy.util.test.junit.AutoKnownFailedTests" name="[2] /home/travis/build/icyphy/ptII/ptolemy/actor/lib/test/auto/knownFailedTests/PublisherSubscriptionAggregatorPort.xml (RunModel)" time="0.021" />
  <testcase classname="ptolemy.util.test.junit.AutoKnownFailedTests" name="[3] /home/travis/build/icyphy/ptII/ptolemy/actor/lib/test/auto/knownFailedTests/sizedarray3.xml (RunModel)" time="0.024" />
  <testcase classname="ptolemy.util.test.junit.AutoNameArchTests" name="[0] ThereAreNoAutoArchTests (RunModel)" time="0.004" />
  <testcase classname="ptolemy.util.test.junit.AutoTests" name="[0] /home/travis/build/icyphy/ptII/ptolemy/actor/lib/test/auto/AbsoluteValue.xml (RunModel)" time="0.088" />
  <testcase classname="ptolemy.util.test.junit.AutoTests" name="[1] /home/travis/build/icyphy/ptII/ptolemy/actor/lib/test/auto/AbsoluteValue2.xml (RunModel)" time="0.055" />
  <testcase classname="ptolemy.util.test.junit.AutoTests" name="[2] /home/travis/build/icyphy/ptII/ptolemy/actor/lib/test/auto/Accumulator.xml (RunModel)" time="0.15" />
  <testcase classname="ptolemy.util.test.junit.AutoTests" name="[3] /home/travis/build/icyphy/ptII/ptolemy/actor/lib/test/auto/Accumulator2.xml (RunModel)" time="0.054" />
  <testcase classname="ptolemy.util.test.junit.AutoTests" name="[4] /home/travis/build/icyphy/ptII/ptolemy/actor/lib/test/auto/Accumulator3.xml (RunModel)" time="0.027" />
  <testcase classname="ptolemy.util.test.junit.AutoTests" name="[5] /home/travis/build/icyphy/ptII/ptolemy/actor/lib/test/auto/ArrayAppend.xml (RunModel)" time="0.046" />
  <testcase classname="ptolemy.util.test.junit.AutoTests" name="[6] /home/travis/build/icyphy/ptII/ptolemy/actor/lib/test/auto/ArrayAppend2.xml (RunModel)" time="0.464" />
  <testcase classname="ptolemy.util.test.junit.AutoTests" name="[7] /home/travis/build/icyphy/ptII/ptolemy/actor/lib/test/auto/ArrayAppend3.xml (RunModel)" time="0.046" />
  <testcase classname="ptolemy.util.test.junit.AutoTests" name="[8] /home/travis/build/icyphy/ptII/ptolemy/actor/lib/test/auto/ArrayAppend4.xml (RunModel)" time="0.013" />
  <testcase classname="ptolemy.util.test.junit.AutoTests" name="[9] /home/travis/build/icyphy/ptII/ptolemy/actor/lib/test/auto/ArrayAppend5.xml (RunModel)" time="0.016" />
  <testcase classname="ptolemy.util.test.junit.AutoTests" name="[10] /home/travis/build/icyphy/ptII/ptolemy/actor/lib/test/auto/ArrayAppend6.xml (RunModel)" time="0.02" />
  <testcase classname="ptolemy.util.test.junit.AutoTests" name="[11] /home/travis/build/icyphy/ptII/ptolemy/actor/lib/test/auto/ArrayAppendPerformanceTest.xml (RunModel)" time="0.056" />
  <testcase classname="ptolemy.util.test.junit.AutoTests" name="[12] /home/travis/build/icyphy/ptII/ptolemy/actor/lib/test/auto/ArrayAppendWithEmptyInput.xml (RunModel)" time="0.131" />
  <testcase classname="ptolemy.util.test.junit.AutoTests" name="[13] /home/travis/build/icyphy/ptII/ptolemy/actor/lib/test/auto/ArrayAverage.xml (RunModel)" time="0.068" />
  <testcase classname="ptolemy.util.test.junit.AutoTests" name="[14] /home/travis/build/icyphy/ptII/ptolemy/actor/lib/test/auto/ArrayContains.xml (RunModel)" time="0.023" />
  <testcase classname="ptolemy.util.test.junit.AutoTests" name="[15] /home/travis/build/icyphy/ptII/ptolemy/actor/lib/test/auto/ArrayElement.xml (RunModel)" time="0.019" />
  <testcase classname="ptolemy.util.test.junit.AutoTests" name="[16] /home/travis/build/icyphy/ptII/ptolemy/actor/lib/test/auto/ArrayElementAsMatrix.xml (RunModel)" time="0.05" />
  <testcase classname="ptolemy.util.test.junit.AutoTests" name="[17] /home/travis/build/icyphy/ptII/ptolemy/actor/lib/test/auto/ArrayElementI.xml (RunModel)" time="0.034" />
  <testcase classname="ptolemy.util.test.junit.AutoTests" name="[18] /home/travis/build/icyphy/ptII/ptolemy/actor/lib/test/auto/ArrayExtract.xml (RunModel)" time="0.035" />
  <testcase classname="ptolemy.util.test.junit.AutoTests" name="[19] /home/travis/build/icyphy/ptII/ptolemy/actor/lib/test/auto/ArrayExtract2.xml (RunModel)" time="0.02" />
  <testcase classname="ptolemy.util.test.junit.AutoTests" name="[20] /home/travis/build/icyphy/ptII/ptolemy/actor/lib/test/auto/ArrayLength.xml (RunModel)" time="0.028" />
  <testcase classname="ptolemy.util.test.junit.AutoTests" name="[21] /home/travis/build/icyphy/ptII/ptolemy/actor/lib/test/auto/ArrayLevelCrossing.xml (RunModel)" time="0.038" />
  <testcase classname="ptolemy.util.test.junit.AutoTests" name="[22] /home/travis/build/icyphy/ptII/ptolemy/actor/lib/test/auto/ArrayLevelCrossing2.xml (RunModel)" time="0.03" />
  <testcase classname="ptolemy.util.test.junit.AutoTests" name="[23] /home/travis/build/icyphy/ptII/ptolemy/actor/lib/test/auto/ArrayPeakSearch.xml (RunModel)" time="0.055" />
  <testcase classname="ptolemy.util.test.junit.AutoTests" name="[24] /home/travis/build/icyphy/ptII/ptolemy/actor/lib/test/auto/ArrayPeakSearch2.xml (RunModel)" time="0.054" />
  <testcase classname="ptolemy.util.test.junit.AutoTests" name="[25] /home/travis/build/icyphy/ptII/ptolemy/actor/lib/test/auto/ArrayPeakSearch3.xml (RunModel)" time="0.05" />
  <testcase classname="ptolemy.util.test.junit.AutoTests" name="[26] /home/travis/build/icyphy/ptII/ptolemy/actor/lib/test/auto/ArrayRemoveElement.xml (RunModel)" time="0.037" />
  <testcase classname="ptolemy.util.test.junit.AutoTests" name="[27] /home/travis/build/icyphy/ptII/ptolemy/actor/lib/test/auto/ArraySort.xml (RunModel)" time="0.044" />
  <testcase classname="ptolemy.util.test.junit.AutoTests" name="[28] /home/travis/build/icyphy/ptII/ptolemy/actor/lib/test/auto/ArraySum.xml (RunModel)" time="0.022" />
  <testcase classname="ptolemy.util.test.junit.AutoTests" name="[29] /home/travis/build/icyphy/ptII/ptolemy/actor/lib/test/auto/ArrayToElements.xml (RunModel)" time="0.04" />
  <testcase classname="ptolemy.util.test.junit.AutoTests" name="[30] /home/travis/build/icyphy/ptII/ptolemy/actor/lib/test/auto/ArrayToMatrix.xml (RunModel)" time="0.077" />
  <testcase classname="ptolemy.util.test.junit.AutoTests" name="[31] /home/travis/build/icyphy/ptII/ptolemy/actor/lib/test/auto/ArrayUpdate1.xml (RunModel)" time="0.027" />
  <testcase classname="ptolemy.util.test.junit.AutoTests" name="[32] /home/travis/build/icyphy/ptII/ptolemy/actor/lib/test/auto/ArrayUpdate2.xml (RunModel)" time="0.029" />
  <testcase classname="ptolemy.util.test.junit.AutoTests" name="[33] /home/travis/build/icyphy/ptII/ptolemy/actor/lib/test/auto/ArrayUpdate3.xml (RunModel)" time="0.028" />
  <testcase classname="ptolemy.util.test.junit.AutoTests" name="[34] /home/travis/build/icyphy/ptII/ptolemy/actor/lib/test/auto/Assert1.xml (RunModel)" time="0.029" />
  <testcase classname="ptolemy.util.test.junit.AutoTests" name="[35] /home/travis/build/icyphy/ptII/ptolemy/actor/lib/test/auto/Assert2.xml (RunModel)" time="0.018" />
  <testcase classname="ptolemy.util.test.junit.AutoTests" name="[36] /home/travis/build/icyphy/ptII/ptolemy/actor/lib/test/auto/BooleanMultiplexor.xml (RunModel)" time="0.027" />
  <testcase classname="ptolemy.util.test.junit.AutoTests" name="[37] /home/travis/build/icyphy/ptII/ptolemy/actor/lib/test/auto/BooleanMultiplexor2.xml (RunModel)" time="0.035" />
  <testcase classname="ptolemy.util.test.junit.AutoTests" name="[38] /home/travis/build/icyphy/ptII/ptolemy/actor/lib/test/auto/BooleanMultiplexor3.xml (RunModel)" time="0.037" />
  <testcase classname="ptolemy.util.test.junit.AutoTests" name="[39] /home/travis/build/icyphy/ptII/ptolemy/actor/lib/test/auto/BooleanSelect.xml (RunModel)" time="0.037" />
  <testcase classname="ptolemy.util.test.junit.AutoTests" name="[40] /home/travis/build/icyphy/ptII/ptolemy/actor/lib/test/auto/BooleanSelect2.xml (RunModel)" time="0.02" />
  <testcase classname="ptolemy.util.test.junit.AutoTests" name="[41] /home/travis/build/icyphy/ptII/ptolemy/actor/lib/test/auto/BooleanSwitch.xml (RunModel)" time="0.031" />
  <testcase classname="ptolemy.util.test.junit.AutoTests" name="[42] /home/travis/build/icyphy/ptII/ptolemy/actor/lib/test/auto/BooleanSwitch2.xml (RunModel)" time="0.025" />
  <testcase classname="ptolemy.util.test.junit.AutoTests" name="[43] /home/travis/build/icyphy/ptII/ptolemy/actor/lib/test/auto/BooleanSwitchCloningBugWithClassRelationGroup.xml (RunModel)" time="0.037" />
  <testcase classname="ptolemy.util.test.junit.AutoTests" name="[44] /home/travis/build/icyphy/ptII/ptolemy/actor/lib/test/auto/BusActors.xml (RunModel)" time="0.038" />
  <testcase classname="ptolemy.util.test.junit.AutoTests" name="[45] /home/travis/build/icyphy/ptII/ptolemy/actor/lib/test/auto/ClassWrapper.xml (RunModel)" time="0.036" />
  <testcase classname="ptolemy.util.test.junit.AutoTests" name="[46] /home/travis/build/icyphy/ptII/ptolemy/actor/lib/test/auto/Clock.xml (RunModel)" time="0.011" />
  <testcase classname="ptolemy.util.test.junit.AutoTests" name="[47] /home/travis/build/icyphy/ptII/ptolemy/actor/lib/test/auto/Clock10.xml (RunModel)" time="0.032" />
  <testcase classname="ptolemy.util.test.junit.AutoTests" name="[48] /home/travis/build/icyphy/ptII/ptolemy/actor/lib/test/auto/Clock11.xml (RunModel)" time="0.034" />
  <testcase classname="ptolemy.util.test.junit.AutoTests" name="[49] /home/travis/build/icyphy/ptII/ptolemy/actor/lib/test/auto/Clock12.xml (RunModel)" time="0.016" />
  <testcase classname="ptolemy.util.test.junit.AutoTests" name="[50] /home/travis/build/icyphy/ptII/ptolemy/actor/lib/test/auto/Clock13.xml (RunModel)" time="0.016" />
  <testcase classname="ptolemy.util.test.junit.AutoTests" name="[51] /home/travis/build/icyphy/ptII/ptolemy/actor/lib/test/auto/Clock14.xml (RunModel)" time="0.023" />
  <testcase classname="ptolemy.util.test.junit.AutoTests" name="[52] /home/travis/build/icyphy/ptII/ptolemy/actor/lib/test/auto/Clock15.xml (RunModel)" time="0.017" />
  <testcase classname="ptolemy.util.test.junit.AutoTests" name="[53] /home/travis/build/icyphy/ptII/ptolemy/actor/lib/test/auto/Clock16.xml (RunModel)" time="0.12" />
  <testcase classname="ptolemy.util.test.junit.AutoTests" name="[54] /home/travis/build/icyphy/ptII/ptolemy/actor/lib/test/auto/Clock17.xml (RunModel)" time="0.076" />
  <testcase classname="ptolemy.util.test.junit.AutoTests" name="[55] /home/travis/build/icyphy/ptII/ptolemy/actor/lib/test/auto/Clock18.xml (RunModel)" time="0.059" />
  <testcase classname="ptolemy.util.test.junit.AutoTests" name="[56] /home/travis/build/icyphy/ptII/ptolemy/actor/lib/test/auto/Clock19.xml (RunModel)" time="0.06" />
  <testcase classname="ptolemy.util.test.junit.AutoTests" name="[57] /home/travis/build/icyphy/ptII/ptolemy/actor/lib/test/auto/Clock2.xml (RunModel)" time="0.011" />
  <testcase classname="ptolemy.util.test.junit.AutoTests" name="[58] /home/travis/build/icyphy/ptII/ptolemy/actor/lib/test/auto/Clock20.xml (RunModel)" time="0.017" />
  <testcase classname="ptolemy.util.test.junit.AutoTests" name="[59] /home/travis/build/icyphy/ptII/ptolemy/actor/lib/test/auto/Clock21.xml (RunModel)" time="0.015" />
  <testcase classname="ptolemy.util.test.junit.AutoTests" name="[60] /home/travis/build/icyphy/ptII/ptolemy/actor/lib/test/auto/Clock22.xml (RunModel)" time="0.015" />
  <testcase classname="ptolemy.util.test.junit.AutoTests" name="[61] /home/travis/build/icyphy/ptII/ptolemy/actor/lib/test/auto/Clock23.xml (RunModel)" time="0.019" />
  <testcase classname="ptolemy.util.test.junit.AutoTests" name="[62] /home/travis/build/icyphy/ptII/ptolemy/actor/lib/test/auto/Clock24.xml (RunModel)" time="0.014" />
  <testcase classname="ptolemy.util.test.junit.AutoTests" name="[63] /home/travis/build/icyphy/ptII/ptolemy/actor/lib/test/auto/Clock4.xml (RunModel)" time="0.013" />
  <testcase classname="ptolemy.util.test.junit.AutoTests" name="[64] /home/travis/build/icyphy/ptII/ptolemy/actor/lib/test/auto/Clock5.xml (RunModel)" time="0.014" />
  <testcase classname="ptolemy.util.test.junit.AutoTests" name="[65] /home/travis/build/icyphy/ptII/ptolemy/actor/lib/test/auto/Clock6.xml (RunModel)" time="0.016" />
  <testcase classname="ptolemy.util.test.junit.AutoTests" name="[66] /home/travis/build/icyphy/ptII/ptolemy/actor/lib/test/auto/Clock7.xml (RunModel)" time="0.01" />
  <testcase classname="ptolemy.util.test.junit.AutoTests" name="[67] /home/travis/build/icyphy/ptII/ptolemy/actor/lib/test/auto/Clock8.xml (RunModel)" time="0.023" />
  <testcase classname="ptolemy.util.test.junit.AutoTests" name="[68] /home/travis/build/icyphy/ptII/ptolemy/actor/lib/test/auto/Clock9.xml (RunModel)" time="0.018" />
  <testcase classname="ptolemy.util.test.junit.AutoTests" name="[69] /home/travis/build/icyphy/ptII/ptolemy/actor/lib/test/auto/CommDistDiscard.xml (RunModel)" time="0.029" />
  <testcase classname="ptolemy.util.test.junit.AutoTests" name="[70] /home/travis/build/icyphy/ptII/ptolemy/actor/lib/test/auto/Commutator.xml (RunModel)" time="0.02" />
  <testcase classname="ptolemy.util.test.junit.AutoTests" name="[71] /home/travis/build/icyphy/ptII/ptolemy/actor/lib/test/auto/Commutator2.xml (RunModel)" time="0.014" />
  <testcase classname="ptolemy.util.test.junit.AutoTests" name="[72] /home/travis/build/icyphy/ptII/ptolemy/actor/lib/test/auto/Commutator3.xml (RunModel)" time="0.015" />
  <testcase classname="ptolemy.util.test.junit.AutoTests" name="[73] /home/travis/build/icyphy/ptII/ptolemy/actor/lib/test/auto/Compare.xml (RunModel)" time="0.023" />
  <testcase classname="ptolemy.util.test.junit.AutoTests" name="[74] /home/travis/build/icyphy/ptII/ptolemy/actor/lib/test/auto/CompareDE.xml (RunModel)" time="0.022" />
  <testcase classname="ptolemy.util.test.junit.AutoTests" name="[75] /home/travis/build/icyphy/ptII/ptolemy/actor/lib/test/auto/ComplexDivide.xml (RunModel)" time="0.014" />
  <testcase classname="ptolemy.util.test.junit.AutoTests" name="[76] /home/travis/build/icyphy/ptII/ptolemy/actor/lib/test/auto/ComputeHistogram.xml (RunModel)" time="0.081" />
  <testcase classname="ptolemy.util.test.junit.AutoTests" name="[77] /home/travis/build/icyphy/ptII/ptolemy/actor/lib/test/auto/ConfigurationSelect.xml (RunModel)" time="0.024" />
  <testcase classname="ptolemy.util.test.junit.AutoTests" name="[78] /home/travis/build/icyphy/ptII/ptolemy/actor/lib/test/auto/ConfigurationSelect2.xml (RunModel)" time="0.019" />
  <testcase classname="ptolemy.util.test.junit.AutoTests" name="[79] /home/travis/build/icyphy/ptII/ptolemy/actor/lib/test/auto/ConfigurationSwitch.xml (RunModel)" time="0.032" />
  <testcase classname="ptolemy.util.test.junit.AutoTests" name="[80] /home/travis/build/icyphy/ptII/ptolemy/actor/lib/test/auto/ConfigurationSwitch2.xml (RunModel)" time="0.016" />
  <testcase classname="ptolemy.util.test.junit.AutoTests" name="[81] /home/travis/build/icyphy/ptII/ptolemy/actor/lib/test/auto/ConfigurationSwitchCloningBugWithClassRelationGroup.xml (RunModel)" time="0.025" />
  <testcase classname="ptolemy.util.test.junit.AutoTests" name="[82] /home/travis/build/icyphy/ptII/ptolemy/actor/lib/test/auto/ConfigurationSwitchSelectSDF.xml (RunModel)" time="0.015" />
  <testcase classname="ptolemy.util.test.junit.AutoTests" name="[83] /home/travis/build/icyphy/ptII/ptolemy/actor/lib/test/auto/ConfigurationSwitchSelectSDF2.xml (RunModel)" time="0.015" />
  <testcase classname="ptolemy.util.test.junit.AutoTests" name="[84] /home/travis/build/icyphy/ptII/ptolemy/actor/lib/test/auto/Const.xml (RunModel)" time="0.008" />
  <testcase classname="ptolemy.util.test.junit.AutoTests" name="[85] /home/travis/build/icyphy/ptII/ptolemy/actor/lib/test/auto/Const2.xml (RunModel)" time="0.011" />
  <testcase classname="ptolemy.util.test.junit.AutoTests" name="[86] /home/travis/build/icyphy/ptII/ptolemy/actor/lib/test/auto/Const3.xml (RunModel)" time="0.007" />
  <testcase classname="ptolemy.util.test.junit.AutoTests" name="[87] /home/travis/build/icyphy/ptII/ptolemy/actor/lib/test/auto/ConstantPublisherPort1.xml (RunModel)" time="0.022" />
  <testcase classname="ptolemy.util.test.junit.AutoTests" name="[88] /home/travis/build/icyphy/ptII/ptolemy/actor/lib/test/auto/ConstantPublisherPort2.xml (RunModel)" time="0.019" />
  <testcase classname="ptolemy.util.test.junit.AutoTests" name="[89] /home/travis/build/icyphy/ptII/ptolemy/actor/lib/test/auto/ConstantPublisherPort3.xml (RunModel)" time="0.019" />
  <testcase classname="ptolemy.util.test.junit.AutoTests" name="[90] /home/travis/build/icyphy/ptII/ptolemy/actor/lib/test/auto/ConstantPublisherPort4.xml (RunModel)" time="0.017" />
  <testcase classname="ptolemy.util.test.junit.AutoTests" name="[91] /home/travis/build/icyphy/ptII/ptolemy/actor/lib/test/auto/ConstantPublisherPort5.xml (RunModel)" time="0.051" />
  <testcase classname="ptolemy.util.test.junit.AutoTests" name="[92] /home/travis/build/icyphy/ptII/ptolemy/actor/lib/test/auto/ConstantPublisherPort6.xml (RunModel)" time="0.037" />
  <testcase classname="ptolemy.util.test.junit.AutoTests" name="[93] /home/travis/build/icyphy/ptII/ptolemy/actor/lib/test/auto/ConstantPublisherPort7.xml (RunModel)" time="0.035" />
  <testcase classname="ptolemy.util.test.junit.AutoTests" name="[94] /home/travis/build/icyphy/ptII/ptolemy/actor/lib/test/auto/ConstraintMonitor1.xml (RunModel)" time="0.047" />
  <testcase classname="ptolemy.util.test.junit.AutoTests" name="[95] /home/travis/build/icyphy/ptII/ptolemy/actor/lib/test/auto/ConstraintMonitor2.xml (RunModel)" time="0.015" />
  <testcase classname="ptolemy.util.test.junit.AutoTests" name="[96] /home/travis/build/icyphy/ptII/ptolemy/actor/lib/test/auto/ConstraintMonitor3.xml (RunModel)" time="0.022" />
  <testcase classname="ptolemy.util.test.junit.AutoTests" name="[97] /home/travis/build/icyphy/ptII/ptolemy/actor/lib/test/auto/ConstraintMonitor4.xml (RunModel)" time="0.019" />
  <testcase classname="ptolemy.util.test.junit.AutoTests" name="[98] /home/travis/build/icyphy/ptII/ptolemy/actor/lib/test/auto/ConstraintMonitor5.xml (RunModel)" time="0.018" />
  <testcase classname="ptolemy.util.test.junit.AutoTests" name="[99] /home/travis/build/icyphy/ptII/ptolemy/actor/lib/test/auto/ConstraintMonitor6.xml (RunModel)" time="0.019" />
  <testcase classname="ptolemy.util.test.junit.AutoTests" name="[100] /home/travis/build/icyphy/ptII/ptolemy/actor/lib/test/auto/ConstraintMonitor7.xml (RunModel)" time="0.024" />
  <testcase classname="ptolemy.util.test.junit.AutoTests" name="[101] /home/travis/build/icyphy/ptII/ptolemy/actor/lib/test/auto/ConstraintMonitor8.xml (RunModel)" time="0.024" />
  <testcase classname="ptolemy.util.test.junit.AutoTests" name="[102] /home/travis/build/icyphy/ptII/ptolemy/actor/lib/test/auto/Counter.xml (RunModel)" time="0.017" />
  <testcase classname="ptolemy.util.test.junit.AutoTests" name="[103] /home/travis/build/icyphy/ptII/ptolemy/actor/lib/test/auto/CurrentTimeSDF.xml (RunModel)" time="0.01" />
  <testcase classname="ptolemy.util.test.junit.AutoTests" name="[104] /home/travis/build/icyphy/ptII/ptolemy/actor/lib/test/auto/DB.xml (RunModel)" time="0.014" />
  <testcase classname="ptolemy.util.test.junit.AutoTests" name="[105] /home/travis/build/icyphy/ptII/ptolemy/actor/lib/test/auto/DBDE.xml (RunModel)" time="0.016" />
  <testcase classname="ptolemy.util.test.junit.AutoTests" name="[106] /home/travis/build/icyphy/ptII/ptolemy/actor/lib/test/auto/DateConstructor.xml (RunModel)" time="0.097" />
  <testcase classname="ptolemy.util.test.junit.AutoTests" name="[107] /home/travis/build/icyphy/ptII/ptolemy/actor/lib/test/auto/DelayTime.xml (RunModel)" time="0.024" />
  <testcase classname="ptolemy.util.test.junit.AutoTests" name="[108] /home/travis/build/icyphy/ptII/ptolemy/actor/lib/test/auto/Dictionary1.xml (RunModel)" time="0.02" />
  <testcase classname="ptolemy.util.test.junit.AutoTests" name="[109] /home/travis/build/icyphy/ptII/ptolemy/actor/lib/test/auto/Dictionary2.xml (RunModel)" time="0.016" />
  <testcase classname="ptolemy.util.test.junit.AutoTests" name="[110] /home/travis/build/icyphy/ptII/ptolemy/actor/lib/test/auto/Dictionary3.xml (RunModel)" time="0.014" />
  <testcase classname="ptolemy.util.test.junit.AutoTests" name="[111] /home/travis/build/icyphy/ptII/ptolemy/actor/lib/test/auto/Dictionary4.xml (RunModel)" time="0.018" />
  <testcase classname="ptolemy.util.test.junit.AutoTests" name="[112] /home/travis/build/icyphy/ptII/ptolemy/actor/lib/test/auto/Differential.xml (RunModel)" time="0.012" />
  <testcase classname="ptolemy.util.test.junit.AutoTests" name="[113] /home/travis/build/icyphy/ptII/ptolemy/actor/lib/test/auto/Director.xml (RunModel)" time="0.011" />
  <testcase classname="ptolemy.util.test.junit.AutoTests" name="[114] /home/travis/build/icyphy/ptII/ptolemy/actor/lib/test/auto/DiscreteClock.xml (RunModel)" time="0.009" />
  <testcase classname="ptolemy.util.test.junit.AutoTests" name="[115] /home/travis/build/icyphy/ptII/ptolemy/actor/lib/test/auto/DiscreteClock10.xml (RunModel)" time="0.013" />
  <testcase classname="ptolemy.util.test.junit.AutoTests" name="[116] /home/travis/build/icyphy/ptII/ptolemy/actor/lib/test/auto/DiscreteClock11.xml (RunModel)" time="0.013" />
  <testcase classname="ptolemy.util.test.junit.AutoTests" name="[117] /home/travis/build/icyphy/ptII/ptolemy/actor/lib/test/auto/DiscreteClock12.xml (RunModel)" time="0.014" />
  <testcase classname="ptolemy.util.test.junit.AutoTests" name="[118] /home/travis/build/icyphy/ptII/ptolemy/actor/lib/test/auto/DiscreteClock13.xml (RunModel)" time="0.017" />
  <testcase classname="ptolemy.util.test.junit.AutoTests" name="[119] /home/travis/build/icyphy/ptII/ptolemy/actor/lib/test/auto/DiscreteClock14.xml (RunModel)" time="0.016" />
  <testcase classname="ptolemy.util.test.junit.AutoTests" name="[120] /home/travis/build/icyphy/ptII/ptolemy/actor/lib/test/auto/DiscreteClock15.xml (RunModel)" time="0.017" />
  <testcase classname="ptolemy.util.test.junit.AutoTests" name="[121] /home/travis/build/icyphy/ptII/ptolemy/actor/lib/test/auto/DiscreteClock16.xml (RunModel)" time="0.043" />
  <testcase classname="ptolemy.util.test.junit.AutoTests" name="[122] /home/travis/build/icyphy/ptII/ptolemy/actor/lib/test/auto/DiscreteClock17.xml (RunModel)" time="0.043" />
  <testcase classname="ptolemy.util.test.junit.AutoTests" name="[123] /home/travis/build/icyphy/ptII/ptolemy/actor/lib/test/auto/DiscreteClock18.xml (RunModel)" time="0.039" />
  <testcase classname="ptolemy.util.test.junit.AutoTests" name="[124] /home/travis/build/icyphy/ptII/ptolemy/actor/lib/test/auto/DiscreteClock19.xml (RunModel)" time="0.04" />
  <testcase classname="ptolemy.util.test.junit.AutoTests" name="[125] /home/travis/build/icyphy/ptII/ptolemy/actor/lib/test/auto/DiscreteClock2.xml (RunModel)" time="0.012" />
  <testcase classname="ptolemy.util.test.junit.AutoTests" name="[126] /home/travis/build/icyphy/ptII/ptolemy/actor/lib/test/auto/DiscreteClock20.xml (RunModel)" time="0.016" />
  <testcase classname="ptolemy.util.test.junit.AutoTests" name="[127] /home/travis/build/icyphy/ptII/ptolemy/actor/lib/test/auto/DiscreteClock21.xml (RunModel)" time="0.015" />
  <testcase classname="ptolemy.util.test.junit.AutoTests" name="[128] /home/travis/build/icyphy/ptII/ptolemy/actor/lib/test/auto/DiscreteClock22.xml (RunModel)" time="0.015" />
  <testcase classname="ptolemy.util.test.junit.AutoTests" name="[129] /home/travis/build/icyphy/ptII/ptolemy/actor/lib/test/auto/DiscreteClock23.xml (RunModel)" time="0.016" />
  <testcase classname="ptolemy.util.test.junit.AutoTests" name="[130] /home/travis/build/icyphy/ptII/ptolemy/actor/lib/test/auto/DiscreteClock24.xml (RunModel)" time="0.013" />
  <testcase classname="ptolemy.util.test.junit.AutoTests" name="[131] /home/travis/build/icyphy/ptII/ptolemy/actor/lib/test/auto/DiscreteClock4.xml (RunModel)" time="0.02" />
  <testcase classname="ptolemy.util.test.junit.AutoTests" name="[132] /home/travis/build/icyphy/ptII/ptolemy/actor/lib/test/auto/DiscreteClock5.xml (RunModel)" time="0.012" />
  <testcase classname="ptolemy.util.test.junit.AutoTests" name="[133] /home/travis/build/icyphy/ptII/ptolemy/actor/lib/test/auto/DiscreteClock6.xml (RunModel)" time="0.009" />
  <testcase classname="ptolemy.util.test.junit.AutoTests" name="[134] /home/travis/build/icyphy/ptII/ptolemy/actor/lib/test/auto/DiscreteClock7.xml (RunModel)" time="0.011" />
  <testcase classname="ptolemy.util.test.junit.AutoTests" name="[135] /home/travis/build/icyphy/ptII/ptolemy/actor/lib/test/auto/DiscreteClock8.xml (RunModel)" time="0.012" />
  <testcase classname="ptolemy.util.test.junit.AutoTests" name="[136] /home/travis/build/icyphy/ptII/ptolemy/actor/lib/test/auto/DiscreteClock9.xml (RunModel)" time="0.012" />
  <testcase classname="ptolemy.util.test.junit.AutoTests" name="[137] /home/travis/build/icyphy/ptII/ptolemy/actor/lib/test/auto/DisplayArray.xml (RunModel)" time="0.017" />
  <testcase classname="ptolemy.util.test.junit.AutoTests" name="[138] /home/travis/build/icyphy/ptII/ptolemy/actor/lib/test/auto/Distributor.xml (RunModel)" time="0.014" />
  <testcase classname="ptolemy.util.test.junit.AutoTests" name="[139] /home/travis/build/icyphy/ptII/ptolemy/actor/lib/test/auto/Distributor2.xml (RunModel)" time="0.013" />
  <testcase classname="ptolemy.util.test.junit.AutoTests" name="[140] /home/travis/build/icyphy/ptII/ptolemy/actor/lib/test/auto/DownSample.xml (RunModel)" time="0.016" />
  <testcase classname="ptolemy.util.test.junit.AutoTests" name="[141] /home/travis/build/icyphy/ptII/ptolemy/actor/lib/test/auto/ElectronicUnitBase1.xml (RunModel)" time="0.097" />
  <testcase classname="ptolemy.util.test.junit.AutoTests" name="[142] /home/travis/build/icyphy/ptII/ptolemy/actor/lib/test/auto/ElementsToArray.xml (RunModel)" time="0.012" />
  <testcase classname="ptolemy.util.test.junit.AutoTests" name="[143] /home/travis/build/icyphy/ptII/ptolemy/actor/lib/test/auto/Equals.xml (RunModel)" time="0.02" />
  <testcase classname="ptolemy.util.test.junit.AutoTests" name="[144] /home/travis/build/icyphy/ptII/ptolemy/actor/lib/test/auto/Exec.xml (RunModel)" time="0.033" />
  <testcase classname="ptolemy.util.test.junit.AutoTests" name="[145] /home/travis/build/icyphy/ptII/ptolemy/actor/lib/test/auto/ExecEnvironment.xml (RunModel)" time="0.055" />
  <testcase classname="ptolemy.util.test.junit.AutoTests" name="[146] /home/travis/build/icyphy/ptII/ptolemy/actor/lib/test/auto/ExecNonZeroReturnOutput.xml (RunModel)" time="0.236" />
  <testcase classname="ptolemy.util.test.junit.AutoTests" name="[147] /home/travis/build/icyphy/ptII/ptolemy/actor/lib/test/auto/ExecRunDemos.xml (RunModel)" time="11.905" />
  <testcase classname="ptolemy.util.test.junit.AutoTests" name="[148] /home/travis/build/icyphy/ptII/ptolemy/actor/lib/test/auto/ExecStop.xml (RunModel)" time="5.041" />
  <testcase classname="ptolemy.util.test.junit.AutoTests" name="[149] /home/travis/build/icyphy/ptII/ptolemy/actor/lib/test/auto/ExecutionTimeSDF.xml (RunModel)" time="6.051" />
  <testcase classname="ptolemy.util.test.junit.AutoTests" name="[150] /home/travis/build/icyphy/ptII/ptolemy/actor/lib/test/auto/Expression1.xml (RunModel)" time="0.013" />
  <testcase classname="ptolemy.util.test.junit.AutoTests" name="[151] /home/travis/build/icyphy/ptII/ptolemy/actor/lib/test/auto/Expression10.xml (RunModel)" time="0.018" />
  <testcase classname="ptolemy.util.test.junit.AutoTests" name="[152] /home/travis/build/icyphy/ptII/ptolemy/actor/lib/test/auto/Expression11.xml (RunModel)" time="0.014" />
  <testcase classname="ptolemy.util.test.junit.AutoTests" name="[153] /home/travis/build/icyphy/ptII/ptolemy/actor/lib/test/auto/Expression12.xml (RunModel)" time="0.023" />
  <testcase classname="ptolemy.util.test.junit.AutoTests" name="[154] /home/travis/build/icyphy/ptII/ptolemy/actor/lib/test/auto/Expression13.xml (RunModel)" time="0.016" />
  <testcase classname="ptolemy.util.test.junit.AutoTests" name="[155] /home/travis/build/icyphy/ptII/ptolemy/actor/lib/test/auto/Expression14.xml (RunModel)" time="0.021" />
  <testcase classname="ptolemy.util.test.junit.AutoTests" name="[156] /home/travis/build/icyphy/ptII/ptolemy/actor/lib/test/auto/Expression15.xml (RunModel)" time="0.009" />
  <testcase classname="ptolemy.util.test.junit.AutoTests" name="[157] /home/travis/build/icyphy/ptII/ptolemy/actor/lib/test/auto/Expression16.xml (RunModel)" time="0.019" />
  <testcase classname="ptolemy.util.test.junit.AutoTests" name="[158] /home/travis/build/icyphy/ptII/ptolemy/actor/lib/test/auto/Expression17.xml (RunModel)" time="0.015" />
  <testcase classname="ptolemy.util.test.junit.AutoTests" name="[159] /home/travis/build/icyphy/ptII/ptolemy/actor/lib/test/auto/Expression18.xml (RunModel)" time="0.02" />
  <testcase classname="ptolemy.util.test.junit.AutoTests" name="[160] /home/travis/build/icyphy/ptII/ptolemy/actor/lib/test/auto/Expression2.xml (RunModel)" time="0.019" />
  <testcase classname="ptolemy.util.test.junit.AutoTests" name="[161] /home/travis/build/icyphy/ptII/ptolemy/actor/lib/test/auto/Expression3.xml (RunModel)" time="0.017" />
  <testcase classname="ptolemy.util.test.junit.AutoTests" name="[162] /home/travis/build/icyphy/ptII/ptolemy/actor/lib/test/auto/Expression4.xml (RunModel)" time="0.023" />
  <testcase classname="ptolemy.util.test.junit.AutoTests" name="[163] /home/travis/build/icyphy/ptII/ptolemy/actor/lib/test/auto/Expression5.xml (RunModel)" time="0.017" />
  <testcase classname="ptolemy.util.test.junit.AutoTests" name="[164] /home/travis/build/icyphy/ptII/ptolemy/actor/lib/test/auto/Expression6.xml (RunModel)" time="0.011" />
  <testcase classname="ptolemy.util.test.junit.AutoTests" name="[165] /home/travis/build/icyphy/ptII/ptolemy/actor/lib/test/auto/Expression7.xml (RunModel)" time="0.015" />
  <testcase classname="ptolemy.util.test.junit.AutoTests" name="[166] /home/travis/build/icyphy/ptII/ptolemy/actor/lib/test/auto/Expression8.xml (RunModel)" time="0.021" />
  <testcase classname="ptolemy.util.test.junit.AutoTests" name="[167] /home/travis/build/icyphy/ptII/ptolemy/actor/lib/test/auto/Expression9.xml (RunModel)" time="0.01" />
  <testcase classname="ptolemy.util.test.junit.AutoTests" name="[168] /home/travis/build/icyphy/ptII/ptolemy/actor/lib/test/auto/ExpressionConcatenateArrayType.xml (RunModel)" time="0.03" />
  <testcase classname="ptolemy.util.test.junit.AutoTests" name="[169] /home/travis/build/icyphy/ptII/ptolemy/actor/lib/test/auto/ExpressionConcatenateArrayType2.xml (RunModel)" time="0.016" />
  <testcase classname="ptolemy.util.test.junit.AutoTests" name="[170] /home/travis/build/icyphy/ptII/ptolemy/actor/lib/test/auto/ExpressionFix.xml (RunModel)" time="0.056" />
  <testcase classname="ptolemy.util.test.junit.AutoTests" name="[171] /home/travis/build/icyphy/ptII/ptolemy/actor/lib/test/auto/ExpressionFix2.xml (RunModel)" time="0.017" />
  <testcase classname="ptolemy.util.test.junit.AutoTests" name="[172] /home/travis/build/icyphy/ptII/ptolemy/actor/lib/test/auto/ExpressionFix3.xml (RunModel)" time="0.015" />
  <testcase classname="ptolemy.util.test.junit.AutoTests" name="[173] /home/travis/build/icyphy/ptII/ptolemy/actor/lib/test/auto/FileWriter1.xml (RunModel)" time="0.012" />
  <testcase classname="ptolemy.util.test.junit.AutoTests" name="[174] /home/travis/build/icyphy/ptII/ptolemy/actor/lib/test/auto/FileWriter2.xml (RunModel)" time="0.013" />
  <testcase classname="ptolemy.util.test.junit.AutoTests" name="[175] /home/travis/build/icyphy/ptII/ptolemy/actor/lib/test/auto/FileWriter3.xml (RunModel)" time="0.017" />
  <testcase classname="ptolemy.util.test.junit.AutoTests" name="[176] /home/travis/build/icyphy/ptII/ptolemy/actor/lib/test/auto/Gaussian.xml (RunModel)" time="0.018" />
  <testcase classname="ptolemy.util.test.junit.AutoTests" name="[177] /home/travis/build/icyphy/ptII/ptolemy/actor/lib/test/auto/Gaussian1.xml (RunModel)" time="0.016" />
  <testcase classname="ptolemy.util.test.junit.AutoTests" name="[178] /home/travis/build/icyphy/ptII/ptolemy/actor/lib/test/auto/Gaussian2.xml (RunModel)" time="0.024" />
  <testcase classname="ptolemy.util.test.junit.AutoTests" name="[179] /home/travis/build/icyphy/ptII/ptolemy/actor/lib/test/auto/GradientAdaptiveLattice.xml (RunModel)" time="0.028" />
  <testcase classname="ptolemy.util.test.junit.AutoTests" name="[180] /home/travis/build/icyphy/ptII/ptolemy/actor/lib/test/auto/IIR.xml (RunModel)" time="0.013" />
  <testcase classname="ptolemy.util.test.junit.AutoTests" name="[181] /home/travis/build/icyphy/ptII/ptolemy/actor/lib/test/auto/InputOutputTransparentPorts.xml (RunModel)" time="0.023" />
  <testcase classname="ptolemy.util.test.junit.AutoTests" name="[182] /home/travis/build/icyphy/ptII/ptolemy/actor/lib/test/auto/Interpolator.xml (RunModel)" time="0.017" />
  <testcase classname="ptolemy.util.test.junit.AutoTests" name="[183] /home/travis/build/icyphy/ptII/ptolemy/actor/lib/test/auto/InterpolatorFiringLimitDE.xml (RunModel)" time="0.017" />
  <testcase classname="ptolemy.util.test.junit.AutoTests" name="[184] /home/travis/build/icyphy/ptII/ptolemy/actor/lib/test/auto/Lattice.xml (RunModel)" time="0.013" />
  <testcase classname="ptolemy.util.test.junit.AutoTests" name="[185] /home/travis/build/icyphy/ptII/ptolemy/actor/lib/test/auto/LazyAOCTestLazy.xml (RunModel)" time="0.04" />
  <testcase classname="ptolemy.util.test.junit.AutoTests" name="[186] /home/travis/build/icyphy/ptII/ptolemy/actor/lib/test/auto/LazyAOCTestNonLazy.xml (RunModel)" time="0.067" />
  <testcase classname="ptolemy.util.test.junit.AutoTests" name="[187] /home/travis/build/icyphy/ptII/ptolemy/actor/lib/test/auto/LazyInnerClass.xml (RunModel)" time="0.061" />
  <testcase classname="ptolemy.util.test.junit.AutoTests" name="[188] /home/travis/build/icyphy/ptII/ptolemy/actor/lib/test/auto/LazyPubSub.xml (RunModel)" time="0.075" />
  <testcase classname="ptolemy.util.test.junit.AutoTests" name="[189] /home/travis/build/icyphy/ptII/ptolemy/actor/lib/test/auto/LazyPubSub2.xml (RunModel)" time="0.055" />
  <testcase classname="ptolemy.util.test.junit.AutoTests" name="[190] /home/travis/build/icyphy/ptII/ptolemy/actor/lib/test/auto/LazyPubSub3.xml (RunModel)" time="0.028" />
  <testcase classname="ptolemy.util.test.junit.AutoTests" name="[191] /home/travis/build/icyphy/ptII/ptolemy/actor/lib/test/auto/LazySubClassModel.xml (RunModel)" time="0.023" />
  <testcase classname="ptolemy.util.test.junit.AutoTests" name="[192] /home/travis/build/icyphy/ptII/ptolemy/actor/lib/test/auto/LevelCrossTest1.xml (RunModel)" time="0.01" />
  <testcase classname="ptolemy.util.test.junit.AutoTests" name="[193] /home/travis/build/icyphy/ptII/ptolemy/actor/lib/test/auto/LevelCrossTest10.xml (RunModel)" time="0.016" />
  <testcase classname="ptolemy.util.test.junit.AutoTests" name="[194] /home/travis/build/icyphy/ptII/ptolemy/actor/lib/test/auto/LevelCrossTest11.xml (RunModel)" time="0.018" />
  <testcase classname="ptolemy.util.test.junit.AutoTests" name="[195] /home/travis/build/icyphy/ptII/ptolemy/actor/lib/test/auto/LevelCrossTest12.xml (RunModel)" time="0.021" />
  <testcase classname="ptolemy.util.test.junit.AutoTests" name="[196] /home/travis/build/icyphy/ptII/ptolemy/actor/lib/test/auto/LevelCrossTest13.xml (RunModel)" time="0.016" />
  <testcase classname="ptolemy.util.test.junit.AutoTests" name="[197] /home/travis/build/icyphy/ptII/ptolemy/actor/lib/test/auto/LevelCrossTest2.xml (RunModel)" time="0.012" />
  <testcase classname="ptolemy.util.test.junit.AutoTests" name="[198] /home/travis/build/icyphy/ptII/ptolemy/actor/lib/test/auto/LevelCrossTest3.xml (RunModel)" time="0.014" />
  <testcase classname="ptolemy.util.test.junit.AutoTests" name="[199] /home/travis/build/icyphy/ptII/ptolemy/actor/lib/test/auto/LevelCrossTest4.xml (RunModel)" time="0.012" />
  <testcase classname="ptolemy.util.test.junit.AutoTests" name="[200] /home/travis/build/icyphy/ptII/ptolemy/actor/lib/test/auto/LevelCrossTest5.xml (RunModel)" time="0.022" />
  <testcase classname="ptolemy.util.test.junit.AutoTests" name="[201] /home/travis/build/icyphy/ptII/ptolemy/actor/lib/test/auto/LevelCrossTest6.xml (RunModel)" time="0.014" />
  <testcase classname="ptolemy.util.test.junit.AutoTests" name="[202] /home/travis/build/icyphy/ptII/ptolemy/actor/lib/test/auto/LevelCrossTest7.xml (RunModel)" time="0.022" />
  <testcase classname="ptolemy.util.test.junit.AutoTests" name="[203] /home/travis/build/icyphy/ptII/ptolemy/actor/lib/test/auto/LevelCrossTest8.xml (RunModel)" time="0.019" />
  <testcase classname="ptolemy.util.test.junit.AutoTests" name="[204] /home/travis/build/icyphy/ptII/ptolemy/actor/lib/test/auto/LevelCrossTest9.xml (RunModel)" time="0.016" />
  <testcase classname="ptolemy.util.test.junit.AutoTests" name="[205] /home/travis/build/icyphy/ptII/ptolemy/actor/lib/test/auto/LevinsonDurbin.xml (RunModel)" time="0.012" />
  <testcase classname="ptolemy.util.test.junit.AutoTests" name="[206] /home/travis/build/icyphy/ptII/ptolemy/actor/lib/test/auto/LevinsonDurbin2.xml (RunModel)" time="0.01" />
  <testcase classname="ptolemy.util.test.junit.AutoTests" name="[207] /home/travis/build/icyphy/ptII/ptolemy/actor/lib/test/auto/LevinsonDurbin3.xml (RunModel)" time="0.014" />
  <testcase classname="ptolemy.util.test.junit.AutoTests" name="[208] /home/travis/build/icyphy/ptII/ptolemy/actor/lib/test/auto/Limiter.xml (RunModel)" time="0.043" />
  <testcase classname="ptolemy.util.test.junit.AutoTests" name="[209] /home/travis/build/icyphy/ptII/ptolemy/actor/lib/test/auto/LinearDifferenceEquationSystem.xml (RunModel)" time="0.024" />
  <testcase classname="ptolemy.util.test.junit.AutoTests" name="[210] /home/travis/build/icyphy/ptII/ptolemy/actor/lib/test/auto/LookupTable.xml (RunModel)" time="0.01" />
  <testcase classname="ptolemy.util.test.junit.AutoTests" name="[211] /home/travis/build/icyphy/ptII/ptolemy/actor/lib/test/auto/MathFunction.xml (RunModel)" time="0.021" />
  <testcase classname="ptolemy.util.test.junit.AutoTests" name="[212] /home/travis/build/icyphy/ptII/ptolemy/actor/lib/test/auto/MathFunction2.xml (RunModel)" time="0.01" />
  <testcase classname="ptolemy.util.test.junit.AutoTests" name="[213] /home/travis/build/icyphy/ptII/ptolemy/actor/lib/test/auto/MathFunction3.xml (RunModel)" time="0.032" />
  <testcase classname="ptolemy.util.test.junit.AutoTests" name="[214] /home/travis/build/icyphy/ptII/ptolemy/actor/lib/test/auto/MatrixCropBoolean.xml (RunModel)" time="0.023" />
  <testcase classname="ptolemy.util.test.junit.AutoTests" name="[215] /home/travis/build/icyphy/ptII/ptolemy/actor/lib/test/auto/MatrixCropComplex.xml (RunModel)" time="0.011" />
  <testcase classname="ptolemy.util.test.junit.AutoTests" name="[216] /home/travis/build/icyphy/ptII/ptolemy/actor/lib/test/auto/MatrixCropDouble.xml (RunModel)" time="0.011" />
  <testcase classname="ptolemy.util.test.junit.AutoTests" name="[217] /home/travis/build/icyphy/ptII/ptolemy/actor/lib/test/auto/MatrixCropFix.xml (RunModel)" time="0.014" />
  <testcase classname="ptolemy.util.test.junit.AutoTests" name="[218] /home/travis/build/icyphy/ptII/ptolemy/actor/lib/test/auto/MatrixCropInt.xml (RunModel)" time="0.011" />
  <testcase classname="ptolemy.util.test.junit.AutoTests" name="[219] /home/travis/build/icyphy/ptII/ptolemy/actor/lib/test/auto/MatrixCropLong.xml (RunModel)" time="0.009" />
  <testcase classname="ptolemy.util.test.junit.AutoTests" name="[220] /home/travis/build/icyphy/ptII/ptolemy/actor/lib/test/auto/MatrixToArray.xml (RunModel)" time="0.065" />
  <testcase classname="ptolemy.util.test.junit.AutoTests" name="[221] /home/travis/build/icyphy/ptII/ptolemy/actor/lib/test/auto/MaxIndex.xml (RunModel)" time="0.013" />
  <testcase classname="ptolemy.util.test.junit.AutoTests" name="[222] /home/travis/build/icyphy/ptII/ptolemy/actor/lib/test/auto/Maximum.xml (RunModel)" time="0.018" />
  <testcase classname="ptolemy.util.test.junit.AutoTests" name="[223] /home/travis/build/icyphy/ptII/ptolemy/actor/lib/test/auto/MaximumComplex.xml (RunModel)" time="0.016" />
  <testcase classname="ptolemy.util.test.junit.AutoTests" name="[224] /home/travis/build/icyphy/ptII/ptolemy/actor/lib/test/auto/MethodCallTest.xml (RunModel)" time="0.026" />
  <testcase classname="ptolemy.util.test.junit.AutoTests" name="[225] /home/travis/build/icyphy/ptII/ptolemy/actor/lib/test/auto/Minimum.xml (RunModel)" time="0.015" />
  <testcase classname="ptolemy.util.test.junit.AutoTests" name="[226] /home/travis/build/icyphy/ptII/ptolemy/actor/lib/test/auto/MinimumComplex.xml (RunModel)" time="0.028" />
  <testcase classname="ptolemy.util.test.junit.AutoTests" name="[227] /home/travis/build/icyphy/ptII/ptolemy/actor/lib/test/auto/MinimumMultiports.xml (RunModel)" time="0.018" />
  <testcase classname="ptolemy.util.test.junit.AutoTests" name="[228] /home/travis/build/icyphy/ptII/ptolemy/actor/lib/test/auto/ModifyDate.xml (RunModel)" time="0.053" />
  <testcase classname="ptolemy.util.test.junit.AutoTests" name="[229] /home/travis/build/icyphy/ptII/ptolemy/actor/lib/test/auto/ModifyDate2.xml (RunModel)" time="0.034" />
  <testcase classname="ptolemy.util.test.junit.AutoTests" name="[230] /home/travis/build/icyphy/ptII/ptolemy/actor/lib/test/auto/MovingAverage.xml (RunModel)" time="0.021" />
  <testcase classname="ptolemy.util.test.junit.AutoTests" name="[231] /home/travis/build/icyphy/ptII/ptolemy/actor/lib/test/auto/MovingMaximum.xml (RunModel)" time="0.023" />
  <testcase classname="ptolemy.util.test.junit.AutoTests" name="[232] /home/travis/build/icyphy/ptII/ptolemy/actor/lib/test/auto/MultipleLinksToSameRelation.xml (RunModel)" time="0.01" />
  <testcase classname="ptolemy.util.test.junit.AutoTests" name="[233] /home/travis/build/icyphy/ptII/ptolemy/actor/lib/test/auto/MultipleLinksToSameRelationDE.xml (RunModel)" time="0.011" />
  <testcase classname="ptolemy.util.test.junit.AutoTests" name="[234] /home/travis/build/icyphy/ptII/ptolemy/actor/lib/test/auto/Multiplexor.xml (RunModel)" time="0.021" />
  <testcase classname="ptolemy.util.test.junit.AutoTests" name="[235] /home/travis/build/icyphy/ptII/ptolemy/actor/lib/test/auto/Multiplexor1.xml (RunModel)" time="0.018" />
  <testcase classname="ptolemy.util.test.junit.AutoTests" name="[236] /home/travis/build/icyphy/ptII/ptolemy/actor/lib/test/auto/Multiplexor2.xml (RunModel)" time="0.021" />
  <testcase classname="ptolemy.util.test.junit.AutoTests" name="[237] /home/travis/build/icyphy/ptII/ptolemy/actor/lib/test/auto/Multiplexor3.xml (RunModel)" time="0.013" />
  <testcase classname="ptolemy.util.test.junit.AutoTests" name="[238] /home/travis/build/icyphy/ptII/ptolemy/actor/lib/test/auto/MultiplexorDE.xml (RunModel)" time="0.021" />
  <testcase classname="ptolemy.util.test.junit.AutoTests" name="[239] /home/travis/build/icyphy/ptII/ptolemy/actor/lib/test/auto/MultiportBroadcastTest.xml (RunModel)" time="0.122" />
  <testcase classname="ptolemy.util.test.junit.AutoTests" name="[240] /home/travis/build/icyphy/ptII/ptolemy/actor/lib/test/auto/MultiportOutHangDuringGetWidth.xml (RunModel)" time="0.046" />
  <testcase classname="ptolemy.util.test.junit.AutoTests" name="[241] /home/travis/build/icyphy/ptII/ptolemy/actor/lib/test/auto/NilToken.xml (RunModel)" time="0.013" />
  <testcase classname="ptolemy.util.test.junit.AutoTests" name="[242] /home/travis/build/icyphy/ptII/ptolemy/actor/lib/test/auto/NilTokenNonStrictTest.xml (RunModel)" time="0.015" />
  <testcase classname="ptolemy.util.test.junit.AutoTests" name="[243] /home/travis/build/icyphy/ptII/ptolemy/actor/lib/test/auto/NilTokenRecord.xml (RunModel)" time="0.025" />
  <testcase classname="ptolemy.util.test.junit.AutoTests" name="[244] /home/travis/build/icyphy/ptII/ptolemy/actor/lib/test/auto/NilTokenTypeTest.xml (RunModel)" time="0.04" />
  <testcase classname="ptolemy.util.test.junit.AutoTests" name="[245] /home/travis/build/icyphy/ptII/ptolemy/actor/lib/test/auto/ObjectToken1.xml (RunModel)" time="0.012" />
  <testcase classname="ptolemy.util.test.junit.AutoTests" name="[246] /home/travis/build/icyphy/ptII/ptolemy/actor/lib/test/auto/OrderedMerge.xml (RunModel)" time="0.025" />
  <testcase classname="ptolemy.util.test.junit.AutoTests" name="[247] /home/travis/build/icyphy/ptII/ptolemy/actor/lib/test/auto/OrderedRecordDisassembler.xml (RunModel)" time="0.02" />
  <testcase classname="ptolemy.util.test.junit.AutoTests" name="[248] /home/travis/build/icyphy/ptII/ptolemy/actor/lib/test/auto/OrderedRecordDisassembler2.xml (RunModel)" time="0.022" />
  <testcase classname="ptolemy.util.test.junit.AutoTests" name="[249] /home/travis/build/icyphy/ptII/ptolemy/actor/lib/test/auto/OrderedRecordUpdater.xml (RunModel)" time="0.012" />
  <testcase classname="ptolemy.util.test.junit.AutoTests" name="[250] /home/travis/build/icyphy/ptII/ptolemy/actor/lib/test/auto/OrderedRecordUpdater2.xml (RunModel)" time="0.015" />
  <testcase classname="ptolemy.util.test.junit.AutoTests" name="[251] /home/travis/build/icyphy/ptII/ptolemy/actor/lib/test/auto/PhaseUnwrap.xml (RunModel)" time="0.014" />
  <testcase classname="ptolemy.util.test.junit.AutoTests" name="[252] /home/travis/build/icyphy/ptII/ptolemy/actor/lib/test/auto/PoissonClock.xml (RunModel)" time="0.01" />
  <testcase classname="ptolemy.util.test.junit.AutoTests" name="[253] /home/travis/build/icyphy/ptII/ptolemy/actor/lib/test/auto/PoissonClock2.xml (RunModel)" time="0.009" />
  <testcase classname="ptolemy.util.test.junit.AutoTests" name="[254] /home/travis/build/icyphy/ptII/ptolemy/actor/lib/test/auto/PoissonClock3.xml (RunModel)" time="0.01" />
  <testcase classname="ptolemy.util.test.junit.AutoTests" name="[255] /home/travis/build/icyphy/ptII/ptolemy/actor/lib/test/auto/PubSubWithInitialTokens.xml (RunModel)" time="0.012" />
  <testcase classname="ptolemy.util.test.junit.AutoTests" name="[256] /home/travis/build/icyphy/ptII/ptolemy/actor/lib/test/auto/PubSubWithInitialTokens2.xml (RunModel)" time="0.017" />
  <testcase classname="ptolemy.util.test.junit.AutoTests" name="[257] /home/travis/build/icyphy/ptII/ptolemy/actor/lib/test/auto/PublisherClassNoParameter.xml (RunModel)" time="0.024" />
  <testcase classname="ptolemy.util.test.junit.AutoTests" name="[258] /home/travis/build/icyphy/ptII/ptolemy/actor/lib/test/auto/PublisherClassParameter.xml (RunModel)" time="0.026" />
  <testcase classname="ptolemy.util.test.junit.AutoTests" name="[259] /home/travis/build/icyphy/ptII/ptolemy/actor/lib/test/auto/PublisherNonStrictTest.xml (RunModel)" time="0.02" />
  <testcase classname="ptolemy.util.test.junit.AutoTests" name="[260] /home/travis/build/icyphy/ptII/ptolemy/actor/lib/test/auto/PublisherPort1.xml (RunModel)" time="0.025" />
  <testcase classname="ptolemy.util.test.junit.AutoTests" name="[261] /home/travis/build/icyphy/ptII/ptolemy/actor/lib/test/auto/PublisherPort2.xml (RunModel)" time="0.014" />
  <testcase classname="ptolemy.util.test.junit.AutoTests" name="[262] /home/travis/build/icyphy/ptII/ptolemy/actor/lib/test/auto/PublisherPort3.xml (RunModel)" time="0.014" />
  <testcase classname="ptolemy.util.test.junit.AutoTests" name="[263] /home/travis/build/icyphy/ptII/ptolemy/actor/lib/test/auto/PublisherPort4.xml (RunModel)" time="0.018" />
  <testcase classname="ptolemy.util.test.junit.AutoTests" name="[264] /home/travis/build/icyphy/ptII/ptolemy/actor/lib/test/auto/PublisherPort5.xml (RunModel)" time="0.017" />
  <testcase classname="ptolemy.util.test.junit.AutoTests" name="[265] /home/travis/build/icyphy/ptII/ptolemy/actor/lib/test/auto/PublisherPort5LookAlike.xml (RunModel)" time="0.032" />
  <testcase classname="ptolemy.util.test.junit.AutoTests" name="[266] /home/travis/build/icyphy/ptII/ptolemy/actor/lib/test/auto/PublisherPort6.xml (RunModel)" time="0.016" />
  <testcase classname="ptolemy.util.test.junit.AutoTests" name="[267] /home/travis/build/icyphy/ptII/ptolemy/actor/lib/test/auto/PublisherPort7.xml (RunModel)" time="0.021" />
  <testcase classname="ptolemy.util.test.junit.AutoTests" name="[268] /home/travis/build/icyphy/ptII/ptolemy/actor/lib/test/auto/PublisherPort8.xml (RunModel)" time="0.022" />
  <testcase classname="ptolemy.util.test.junit.AutoTests" name="[269] /home/travis/build/icyphy/ptII/ptolemy/actor/lib/test/auto/PublisherPortSubscriberChannelVariablesAOC2.xml (RunModel)" time="0.047" />
  <testcase classname="ptolemy.util.test.junit.AutoTests" name="[270] /home/travis/build/icyphy/ptII/ptolemy/actor/lib/test/auto/PublisherPortSubscriberOpaqueWidthInference.xml (RunModel)" time="0.018" />
  <testcase classname="ptolemy.util.test.junit.AutoTests" name="[271] /home/travis/build/icyphy/ptII/ptolemy/actor/lib/test/auto/PublisherPortSubscriberPortAdjacent.xml (RunModel)" time="0.03" />
  <testcase classname="ptolemy.util.test.junit.AutoTests" name="[272] /home/travis/build/icyphy/ptII/ptolemy/actor/lib/test/auto/PublisherPortSubscriberPortExpression.xml (RunModel)" time="0.032" />
  <testcase classname="ptolemy.util.test.junit.AutoTests" name="[273] /home/travis/build/icyphy/ptII/ptolemy/actor/lib/test/auto/PublisherPortSubscriberPortOpaqueD3Reverse.xml (RunModel)" time="0.024" />
  <testcase classname="ptolemy.util.test.junit.AutoTests" name="[274] /home/travis/build/icyphy/ptII/ptolemy/actor/lib/test/auto/PublisherPortSubscriberPortOpaqueWidthInference.xml (RunModel)" time="0.019" />
  <testcase classname="ptolemy.util.test.junit.AutoTests" name="[275] /home/travis/build/icyphy/ptII/ptolemy/actor/lib/test/auto/PublisherPortToplevelSubscriberPortAOC.xml (RunModel)" time="0.015" />
  <testcase classname="ptolemy.util.test.junit.AutoTests" name="[276] /home/travis/build/icyphy/ptII/ptolemy/actor/lib/test/auto/PublisherSubscriber.xml (RunModel)" time="0.017" />
  <testcase classname="ptolemy.util.test.junit.AutoTests" name="[277] /home/travis/build/icyphy/ptII/ptolemy/actor/lib/test/auto/PublisherSubscriber10.xml (RunModel)" time="0.027" />
  <testcase classname="ptolemy.util.test.junit.AutoTests" name="[278] /home/travis/build/icyphy/ptII/ptolemy/actor/lib/test/auto/PublisherSubscriber10InitialOutputs.xml (RunModel)" time="0.045" />
  <testcase classname="ptolemy.util.test.junit.AutoTests" name="[279] /home/travis/build/icyphy/ptII/ptolemy/actor/lib/test/auto/PublisherSubscriber11.xml (RunModel)" time="0.023" />
  <testcase classname="ptolemy.util.test.junit.AutoTests" name="[280] /home/travis/build/icyphy/ptII/ptolemy/actor/lib/test/auto/PublisherSubscriber12.xml (RunModel)" time="0.019" />
  <testcase classname="ptolemy.util.test.junit.AutoTests" name="[281] /home/travis/build/icyphy/ptII/ptolemy/actor/lib/test/auto/PublisherSubscriber13.xml (RunModel)" time="0.022" />
  <testcase classname="ptolemy.util.test.junit.AutoTests" name="[282] /home/travis/build/icyphy/ptII/ptolemy/actor/lib/test/auto/PublisherSubscriber14.xml (RunModel)" time="0.024" />
  <testcase classname="ptolemy.util.test.junit.AutoTests" name="[283] /home/travis/build/icyphy/ptII/ptolemy/actor/lib/test/auto/PublisherSubscriber2.xml (RunModel)" time="0.013" />
  <testcase classname="ptolemy.util.test.junit.AutoTests" name="[284] /home/travis/build/icyphy/ptII/ptolemy/actor/lib/test/auto/PublisherSubscriber3.xml (RunModel)" time="0.012" />
  <testcase classname="ptolemy.util.test.junit.AutoTests" name="[285] /home/travis/build/icyphy/ptII/ptolemy/actor/lib/test/auto/PublisherSubscriber4.xml (RunModel)" time="0.014" />
  <testcase classname="ptolemy.util.test.junit.AutoTests" name="[286] /home/travis/build/icyphy/ptII/ptolemy/actor/lib/test/auto/PublisherSubscriber5.xml (RunModel)" time="0.015" />
  <testcase classname="ptolemy.util.test.junit.AutoTests" name="[287] /home/travis/build/icyphy/ptII/ptolemy/actor/lib/test/auto/PublisherSubscriber6.xml (RunModel)" time="0.019" />
  <testcase classname="ptolemy.util.test.junit.AutoTests" name="[288] /home/travis/build/icyphy/ptII/ptolemy/actor/lib/test/auto/PublisherSubscriber7.xml (RunModel)" time="0.02" />
  <testcase classname="ptolemy.util.test.junit.AutoTests" name="[289] /home/travis/build/icyphy/ptII/ptolemy/actor/lib/test/auto/PublisherSubscriber8.xml (RunModel)" time="0.031" />
  <testcase classname="ptolemy.util.test.junit.AutoTests" name="[290] /home/travis/build/icyphy/ptII/ptolemy/actor/lib/test/auto/PublisherSubscriber9.xml (RunModel)" time="0.021" />
  <testcase classname="ptolemy.util.test.junit.AutoTests" name="[291] /home/travis/build/icyphy/ptII/ptolemy/actor/lib/test/auto/PublisherSubscriberAdjacent.xml (RunModel)" time="0.02" />
  <testcase classname="ptolemy.util.test.junit.AutoTests" name="[292] /home/travis/build/icyphy/ptII/ptolemy/actor/lib/test/auto/PublisherSubscriberChannelVariablesAOC2.xml (RunModel)" time="0.031" />
  <testcase classname="ptolemy.util.test.junit.AutoTests" name="[293] /home/travis/build/icyphy/ptII/ptolemy/actor/lib/test/auto/PublisherSubscriberD3.xml (RunModel)" time="0.016" />
  <testcase classname="ptolemy.util.test.junit.AutoTests" name="[294] /home/travis/build/icyphy/ptII/ptolemy/actor/lib/test/auto/PublisherSubscriberD3Reverse.xml (RunModel)" time="0.013" />
  <testcase classname="ptolemy.util.test.junit.AutoTests" name="[295] /home/travis/build/icyphy/ptII/ptolemy/actor/lib/test/auto/PublisherSubscriberExpression.xml (RunModel)" time="0.024" />
  <testcase classname="ptolemy.util.test.junit.AutoTests" name="[296] /home/travis/build/icyphy/ptII/ptolemy/actor/lib/test/auto/PublisherSubscriberOpaque.xml (RunModel)" time="0.017" />
  <testcase classname="ptolemy.util.test.junit.AutoTests" name="[297] /home/travis/build/icyphy/ptII/ptolemy/actor/lib/test/auto/PublisherSubscriberOpaqueD3.xml (RunModel)" time="0.028" />
  <testcase classname="ptolemy.util.test.junit.AutoTests" name="[298] /home/travis/build/icyphy/ptII/ptolemy/actor/lib/test/auto/PublisherSubscriberOpaqueD3Reverse.xml (RunModel)" time="0.025" />
  <testcase classname="ptolemy.util.test.junit.AutoTests" name="[299] /home/travis/build/icyphy/ptII/ptolemy/actor/lib/test/auto/PublisherSubscriberOpaqueWidthInference.xml (RunModel)" time="0.019" />
  <testcase classname="ptolemy.util.test.junit.AutoTests" name="[300] /home/travis/build/icyphy/ptII/ptolemy/actor/lib/test/auto/PublisherTestSubscriber.xml (RunModel)" time="0.036" />
  <testcase classname="ptolemy.util.test.junit.AutoTests" name="[301] /home/travis/build/icyphy/ptII/ptolemy/actor/lib/test/auto/PublisherToplevelSubscriberPortAOC.xml (RunModel)" time="0.013" />
  <testcase classname="ptolemy.util.test.junit.AutoTests" name="[302] /home/travis/build/icyphy/ptII/ptolemy/actor/lib/test/auto/PulseFiringLimitDE.xml (RunModel)" time="0.018" />
  <testcase classname="ptolemy.util.test.junit.AutoTests" name="[303] /home/travis/build/icyphy/ptII/ptolemy/actor/lib/test/auto/Ramp1.xml (RunModel)" time="0.008" />
  <testcase classname="ptolemy.util.test.junit.AutoTests" name="[304] /home/travis/build/icyphy/ptII/ptolemy/actor/lib/test/auto/RampFiringLimitDE.xml (RunModel)" time="0.013" />
  <testcase classname="ptolemy.util.test.junit.AutoTests" name="[305] /home/travis/build/icyphy/ptII/ptolemy/actor/lib/test/auto/RampFiringLimitSDF.xml (RunModel)" time="0.013" />
  <testcase classname="ptolemy.util.test.junit.AutoTests" name="[306] /home/travis/build/icyphy/ptII/ptolemy/actor/lib/test/auto/RandomInteger.xml (RunModel)" time="0.01" />
  <testcase classname="ptolemy.util.test.junit.AutoTests" name="[307] /home/travis/build/icyphy/ptII/ptolemy/actor/lib/test/auto/ReadFile1.xml (RunModel)" time="0.01" />
  <testcase classname="ptolemy.util.test.junit.AutoTests" name="[308] /home/travis/build/icyphy/ptII/ptolemy/actor/lib/test/auto/ReadFile2.xml (RunModel)" time="0.012" />
  <testcase classname="ptolemy.util.test.junit.AutoTests" name="[309] /home/travis/build/icyphy/ptII/ptolemy/actor/lib/test/auto/Reader.xml (RunModel)" time="0.015" />
  <testcase classname="ptolemy.util.test.junit.AutoTests" name="[310] /home/travis/build/icyphy/ptII/ptolemy/actor/lib/test/auto/RecordAssemblerDisplayNameTest.xml (RunModel)" time="3.917" />
  <testcase classname="ptolemy.util.test.junit.AutoTests" name="[311] /home/travis/build/icyphy/ptII/ptolemy/actor/lib/test/auto/RecordAssemblerTypeError.xml (RunModel)" time="0.043" />
  <testcase classname="ptolemy.util.test.junit.AutoTests" name="[312] /home/travis/build/icyphy/ptII/ptolemy/actor/lib/test/auto/RecordDisassember.xml (RunModel)" time="0.02" />
  <testcase classname="ptolemy.util.test.junit.AutoTests" name="[313] /home/travis/build/icyphy/ptII/ptolemy/actor/lib/test/auto/RecordDisassemberDisplayNameTest.xml (RunModel)" time="0.021" />
  <testcase classname="ptolemy.util.test.junit.AutoTests" name="[314] /home/travis/build/icyphy/ptII/ptolemy/actor/lib/test/auto/RecordDisassembler.xml (RunModel)" time="0.015" />
  <testcase classname="ptolemy.util.test.junit.AutoTests" name="[315] /home/travis/build/icyphy/ptII/ptolemy/actor/lib/test/auto/RecordDisassembler2.xml (RunModel)" time="0.011" />
  <testcase classname="ptolemy.util.test.junit.AutoTests" name="[316] /home/travis/build/icyphy/ptII/ptolemy/actor/lib/test/auto/RecordUpdater.xml (RunModel)" time="0.01" />
  <testcase classname="ptolemy.util.test.junit.AutoTests" name="[317] /home/travis/build/icyphy/ptII/ptolemy/actor/lib/test/auto/RecordUpdater2.xml (RunModel)" time="0.008" />
  <testcase classname="ptolemy.util.test.junit.AutoTests" name="[318] /home/travis/build/icyphy/ptII/ptolemy/actor/lib/test/auto/RecursiveLattice.xml (RunModel)" time="0.009" />
  <testcase classname="ptolemy.util.test.junit.AutoTests" name="[319] /home/travis/build/icyphy/ptII/ptolemy/actor/lib/test/auto/Router.xml (RunModel)" time="3.027" />
  <testcase classname="ptolemy.util.test.junit.AutoTests" name="[320] /home/travis/build/icyphy/ptII/ptolemy/actor/lib/test/auto/Router2.xml (RunModel)" time="3.032" />
  <testcase classname="ptolemy.util.test.junit.AutoTests" name="[321] /home/travis/build/icyphy/ptII/ptolemy/actor/lib/test/auto/RunningMaximum.xml (RunModel)" time="0.02" />
  <testcase classname="ptolemy.util.test.junit.AutoTests" name="[322] /home/travis/build/icyphy/ptII/ptolemy/actor/lib/test/auto/RunningMinimum.xml (RunModel)" time="0.02" />
  <testcase classname="ptolemy.util.test.junit.AutoTests" name="[323] /home/travis/build/icyphy/ptII/ptolemy/actor/lib/test/auto/Scale.xml (RunModel)" time="0.01" />
  <testcase classname="ptolemy.util.test.junit.AutoTests" name="[324] /home/travis/build/icyphy/ptII/ptolemy/actor/lib/test/auto/Scale2.xml (RunModel)" time="0.012" />
  <testcase classname="ptolemy.util.test.junit.AutoTests" name="[325] /home/travis/build/icyphy/ptII/ptolemy/actor/lib/test/auto/Scale3.xml (RunModel)" time="0.025" />
  <testcase classname="ptolemy.util.test.junit.AutoTests" name="[326] /home/travis/build/icyphy/ptII/ptolemy/actor/lib/test/auto/ScaleArray.xml (RunModel)" time="0.01" />
  <testcase classname="ptolemy.util.test.junit.AutoTests" name="[327] /home/travis/build/icyphy/ptII/ptolemy/actor/lib/test/auto/ScaleArray2.xml (RunModel)" time="0.013" />
  <testcase classname="ptolemy.util.test.junit.AutoTests" name="[328] /home/travis/build/icyphy/ptII/ptolemy/actor/lib/test/auto/ScaleMatrix.xml (RunModel)" time="0.19" />
  <testcase classname="ptolemy.util.test.junit.AutoTests" name="[329] /home/travis/build/icyphy/ptII/ptolemy/actor/lib/test/auto/Select.xml (RunModel)" time="0.027" />
  <testcase classname="ptolemy.util.test.junit.AutoTests" name="[330] /home/travis/build/icyphy/ptII/ptolemy/actor/lib/test/auto/Select2.xml (RunModel)" time="0.011" />
  <testcase classname="ptolemy.util.test.junit.AutoTests" name="[331] /home/travis/build/icyphy/ptII/ptolemy/actor/lib/test/auto/SequenceToArray2.xml (RunModel)" time="0.164" />
  <testcase classname="ptolemy.util.test.junit.AutoTests" name="[332] /home/travis/build/icyphy/ptII/ptolemy/actor/lib/test/auto/SequentialClock.xml (RunModel)" time="0.011" />
  <testcase classname="ptolemy.util.test.junit.AutoTests" name="[333] /home/travis/build/icyphy/ptII/ptolemy/actor/lib/test/auto/SetVariable.xml (RunModel)" time="0.014" />
  <testcase classname="ptolemy.util.test.junit.AutoTests" name="[334] /home/travis/build/icyphy/ptII/ptolemy/actor/lib/test/auto/SetVariable2.xml (RunModel)" time="0.013" />
  <testcase classname="ptolemy.util.test.junit.AutoTests" name="[335] /home/travis/build/icyphy/ptII/ptolemy/actor/lib/test/auto/SetVariable3.xml (RunModel)" time="0.017" />
  <testcase classname="ptolemy.util.test.junit.AutoTests" name="[336] /home/travis/build/icyphy/ptII/ptolemy/actor/lib/test/auto/SetVariable4.xml (RunModel)" time="0.043" />
  <testcase classname="ptolemy.util.test.junit.AutoTests" name="[337] /home/travis/build/icyphy/ptII/ptolemy/actor/lib/test/auto/SetVariable5.xml (RunModel)" time="0.043" />
  <testcase classname="ptolemy.util.test.junit.AutoTests" name="[338] /home/travis/build/icyphy/ptII/ptolemy/actor/lib/test/auto/Sinewave.xml (RunModel)" time="0.032" />
  <testcase classname="ptolemy.util.test.junit.AutoTests" name="[339] /home/travis/build/icyphy/ptII/ptolemy/actor/lib/test/auto/Sinewave2.xml (RunModel)" time="0.024" />
  <testcase classname="ptolemy.util.test.junit.AutoTests" name="[340] /home/travis/build/icyphy/ptII/ptolemy/actor/lib/test/auto/Sinewave3.xml (RunModel)" time="0.024" />
  <testcase classname="ptolemy.util.test.junit.AutoTests" name="[341] /home/travis/build/icyphy/ptII/ptolemy/actor/lib/test/auto/SingleEvent.xml (RunModel)" time="0.009" />
  <testcase classname="ptolemy.util.test.junit.AutoTests" name="[342] /home/travis/build/icyphy/ptII/ptolemy/actor/lib/test/auto/Sleep.xml (RunModel)" time="6.017" />
  <testcase classname="ptolemy.util.test.junit.AutoTests" name="[343] /home/travis/build/icyphy/ptII/ptolemy/actor/lib/test/auto/SleepMultipleFire.xml (RunModel)" time="1.042" />
  <testcase classname="ptolemy.util.test.junit.AutoTests" name="[344] /home/travis/build/icyphy/ptII/ptolemy/actor/lib/test/auto/StopDE.xml (RunModel)" time="0.016" />
  <testcase classname="ptolemy.util.test.junit.AutoTests" name="[345] /home/travis/build/icyphy/ptII/ptolemy/actor/lib/test/auto/StopSDF.xml (RunModel)" time="0.014" />
  <testcase classname="ptolemy.util.test.junit.AutoTests" name="[346] /home/travis/build/icyphy/ptII/ptolemy/actor/lib/test/auto/StringConstant.xml (RunModel)" time="0.019" />
  <testcase classname="ptolemy.util.test.junit.AutoTests" name="[347] /home/travis/build/icyphy/ptII/ptolemy/actor/lib/test/auto/SubscriberPortInitialValues1.xml (RunModel)" time="0.027" />
  <testcase classname="ptolemy.util.test.junit.AutoTests" name="[348] /home/travis/build/icyphy/ptII/ptolemy/actor/lib/test/auto/SubscriberPortInitialValues13.xml (RunModel)" time="0.037" />
  <testcase classname="ptolemy.util.test.junit.AutoTests" name="[349] /home/travis/build/icyphy/ptII/ptolemy/actor/lib/test/auto/SubscriberPortInitialValues14.xml (RunModel)" time="0.018" />
  <testcase classname="ptolemy.util.test.junit.AutoTests" name="[350] /home/travis/build/icyphy/ptII/ptolemy/actor/lib/test/auto/SubscriberPortInitialValues2.xml (RunModel)" time="0.02" />
  <testcase classname="ptolemy.util.test.junit.AutoTests" name="[351] /home/travis/build/icyphy/ptII/ptolemy/actor/lib/test/auto/SubscriberPortInitialValues3.xml (RunModel)" time="0.023" />
  <testcase classname="ptolemy.util.test.junit.AutoTests" name="[352] /home/travis/build/icyphy/ptII/ptolemy/actor/lib/test/auto/SubscriptionAggregator.xml (RunModel)" time="0.013" />
  <testcase classname="ptolemy.util.test.junit.AutoTests" name="[353] /home/travis/build/icyphy/ptII/ptolemy/actor/lib/test/auto/SubscriptionAggregator2.xml (RunModel)" time="0.012" />
  <testcase classname="ptolemy.util.test.junit.AutoTests" name="[354] /home/travis/build/icyphy/ptII/ptolemy/actor/lib/test/auto/SubscriptionAggregator3.xml (RunModel)" time="0.017" />
  <testcase classname="ptolemy.util.test.junit.AutoTests" name="[355] /home/travis/build/icyphy/ptII/ptolemy/actor/lib/test/auto/SubscriptionAggregatorMultiply.xml (RunModel)" time="0.023" />
  <testcase classname="ptolemy.util.test.junit.AutoTests" name="[356] /home/travis/build/icyphy/ptII/ptolemy/actor/lib/test/auto/SubscriptionAggregatorPortMultiply1.xml (RunModel)" time="0.022" />
  <testcase classname="ptolemy.util.test.junit.AutoTests" name="[357] /home/travis/build/icyphy/ptII/ptolemy/actor/lib/test/auto/Switch.xml (RunModel)" time="0.02" />
  <testcase classname="ptolemy.util.test.junit.AutoTests" name="[358] /home/travis/build/icyphy/ptII/ptolemy/actor/lib/test/auto/Switch2.xml (RunModel)" time="0.013" />
  <testcase classname="ptolemy.util.test.junit.AutoTests" name="[359] /home/travis/build/icyphy/ptII/ptolemy/actor/lib/test/auto/SwitchDE.xml (RunModel)" time="0.016" />
  <testcase classname="ptolemy.util.test.junit.AutoTests" name="[360] /home/travis/build/icyphy/ptII/ptolemy/actor/lib/test/auto/SynchronizerDE.xml (RunModel)" time="0.025" />
  <testcase classname="ptolemy.util.test.junit.AutoTests" name="[361] /home/travis/build/icyphy/ptII/ptolemy/actor/lib/test/auto/Test.xml (RunModel)" time="0.01" />
  <testcase classname="ptolemy.util.test.junit.AutoTests" name="[362] /home/travis/build/icyphy/ptII/ptolemy/actor/lib/test/auto/TestExceptionAttribute1.xml (RunModel)" time="0.008" />
  <testcase classname="ptolemy.util.test.junit.AutoTests" name="[363] /home/travis/build/icyphy/ptII/ptolemy/actor/lib/test/auto/TestExceptionAttribute2.xml (RunModel)" time="0.009" />
  <testcase classname="ptolemy.util.test.junit.AutoTests" name="[364] /home/travis/build/icyphy/ptII/ptolemy/actor/lib/test/auto/TestExceptionAttribute3.xml (RunModel)" time="0.012" />
  <testcase classname="ptolemy.util.test.junit.AutoTests" name="[365] /home/travis/build/icyphy/ptII/ptolemy/actor/lib/test/auto/TestExceptionAttribute4.xml (RunModel)" time="0.008" />
  <testcase classname="ptolemy.util.test.junit.AutoTests" name="[366] /home/travis/build/icyphy/ptII/ptolemy/actor/lib/test/auto/TestExceptionHandler1.xml (RunModel)" time="0.007" />
  <testcase classname="ptolemy.util.test.junit.AutoTests" name="[367] /home/travis/build/icyphy/ptII/ptolemy/actor/lib/test/auto/TestExceptionHandler2.xml (RunModel)" time="0.01" />
  <testcase classname="ptolemy.util.test.junit.AutoTests" name="[368] /home/travis/build/icyphy/ptII/ptolemy/actor/lib/test/auto/TestExceptionHandler3.xml (RunModel)" time="0.006" />
  <testcase classname="ptolemy.util.test.junit.AutoTests" name="[369] /home/travis/build/icyphy/ptII/ptolemy/actor/lib/test/auto/TestExceptionHandler4.xml (RunModel)" time="0.006" />
  <testcase classname="ptolemy.util.test.junit.AutoTests" name="[370] /home/travis/build/icyphy/ptII/ptolemy/actor/lib/test/auto/TestRequireCorrectOrder.xml (RunModel)" time="0.016" />
  <testcase classname="ptolemy.util.test.junit.AutoTests" name="[371] /home/travis/build/icyphy/ptII/ptolemy/actor/lib/test/auto/TestSimple.xml (RunModel)" time="0.014" />
  <testcase classname="ptolemy.util.test.junit.AutoTests" name="[372] /home/travis/build/icyphy/ptII/ptolemy/actor/lib/test/auto/ThrowModelError.xml (RunModel)" time="0.011" />
  <testcase classname="ptolemy.util.test.junit.AutoTests" name="[373] /home/travis/build/icyphy/ptII/ptolemy/actor/lib/test/auto/TimeDelayMicrosteps.xml (RunModel)" time="0.017" />
  <testcase classname="ptolemy.util.test.junit.AutoTests" name="[374] /home/travis/build/icyphy/ptII/ptolemy/actor/lib/test/auto/TimeDelayMicrosteps2.xml (RunModel)" time="0.016" />
  <testcase classname="ptolemy.util.test.junit.AutoTests" name="[375] /home/travis/build/icyphy/ptII/ptolemy/actor/lib/test/auto/TimeDelayMicrosteps3.xml (RunModel)" time="0.014" />
  <testcase classname="ptolemy.util.test.junit.AutoTests" name="[376] /home/travis/build/icyphy/ptII/ptolemy/actor/lib/test/auto/TimeDelayVariableMicrosteps.xml (RunModel)" time="0.013" />
  <testcase classname="ptolemy.util.test.junit.AutoTests" name="[377] /home/travis/build/icyphy/ptII/ptolemy/actor/lib/test/auto/TimeGap.xml (RunModel)" time="0.017" />
  <testcase classname="ptolemy.util.test.junit.AutoTests" name="[378] /home/travis/build/icyphy/ptII/ptolemy/actor/lib/test/auto/TimeGap2.xml (RunModel)" time="0.012" />
  <testcase classname="ptolemy.util.test.junit.AutoTests" name="[379] /home/travis/build/icyphy/ptII/ptolemy/actor/lib/test/auto/TimedSinewave.xml (RunModel)" time="0.069" />
  <testcase classname="ptolemy.util.test.junit.AutoTests" name="[380] /home/travis/build/icyphy/ptII/ptolemy/actor/lib/test/auto/TimedSinewavePhase.xml (RunModel)" time="0.037" />
  <testcase classname="ptolemy.util.test.junit.AutoTests" name="[381] /home/travis/build/icyphy/ptII/ptolemy/actor/lib/test/auto/Timer.xml (RunModel)" time="0.014" />
  <testcase classname="ptolemy.util.test.junit.AutoTests" name="[382] /home/travis/build/icyphy/ptII/ptolemy/actor/lib/test/auto/TriangularDistTestModel.xml (RunModel)" time="0.023" />
  <testcase classname="ptolemy.util.test.junit.AutoTests" name="[383] /home/travis/build/icyphy/ptII/ptolemy/actor/lib/test/auto/TrigFunction.xml (RunModel)" time="0.012" />
  <testcase classname="ptolemy.util.test.junit.AutoTests" name="[384] /home/travis/build/icyphy/ptII/ptolemy/actor/lib/test/auto/TrigFunctionDE.xml (RunModel)" time="0.012" />
  <testcase classname="ptolemy.util.test.junit.AutoTests" name="[385] /home/travis/build/icyphy/ptII/ptolemy/actor/lib/test/auto/TrigFunctionInverse.xml (RunModel)" time="0.009" />
  <testcase classname="ptolemy.util.test.junit.AutoTests" name="[386] /home/travis/build/icyphy/ptII/ptolemy/actor/lib/test/auto/TrigFunctionTan.xml (RunModel)" time="0.007" />
  <testcase classname="ptolemy.util.test.junit.AutoTests" name="[387] /home/travis/build/icyphy/ptII/ptolemy/actor/lib/test/auto/TriggeredClock.xml (RunModel)" time="0.008" />
  <testcase classname="ptolemy.util.test.junit.AutoTests" name="[388] /home/travis/build/icyphy/ptII/ptolemy/actor/lib/test/auto/URLDirectoryReader.xml (RunModel)" time="0.135" />
  <testcase classname="ptolemy.util.test.junit.AutoTests" name="[389] /home/travis/build/icyphy/ptII/ptolemy/actor/lib/test/auto/URLDirectoryReader3.xml (RunModel)" time="1.459" />
  <testcase classname="ptolemy.util.test.junit.AutoTests" name="[390] /home/travis/build/icyphy/ptII/ptolemy/actor/lib/test/auto/UnaryMathFunction.xml (RunModel)" time="0.04" />
  <testcase classname="ptolemy.util.test.junit.AutoTests" name="[391] /home/travis/build/icyphy/ptII/ptolemy/actor/lib/test/auto/Uniform.xml (RunModel)" time="0.016" />
  <testcase classname="ptolemy.util.test.junit.AutoTests" name="[392] /home/travis/build/icyphy/ptII/ptolemy/actor/lib/test/auto/UnionDisassemblerTest.xml (RunModel)" time="0.018" />
  <testcase classname="ptolemy.util.test.junit.AutoTests" name="[393] /home/travis/build/icyphy/ptII/ptolemy/actor/lib/test/auto/UtilityFunctions.xml (RunModel)" time="0.008" />
  <testcase classname="ptolemy.util.test.junit.AutoTests" name="[394] /home/travis/build/icyphy/ptII/ptolemy/actor/lib/test/auto/VariableSleep.xml (RunModel)" time="0.514" />
  <testcase classname="ptolemy.util.test.junit.AutoTests" name="[395] /home/travis/build/icyphy/ptII/ptolemy/actor/lib/test/auto/VectorAssemblerDisassemblerCT.xml (RunModel)" time="0.152" />
  <testcase classname="ptolemy.util.test.junit.AutoTests" name="[396] /home/travis/build/icyphy/ptII/ptolemy/actor/lib/test/auto/VectorAssemblerDisassemblerDE.xml (RunModel)" time="0.021" />
  <testcase classname="ptolemy.util.test.junit.AutoTests" name="[397] /home/travis/build/icyphy/ptII/ptolemy/actor/lib/test/auto/VectorAssemblerDisassemblerSDF.xml (RunModel)" time="0.016" />
  <testcase classname="ptolemy.util.test.junit.AutoTests" name="[398] /home/travis/build/icyphy/ptII/ptolemy/actor/lib/test/auto/WallClockTime.xml (RunModel)" time="1.019" />
  <testcase classname="ptolemy.util.test.junit.AutoTests" name="[399] /home/travis/build/icyphy/ptII/ptolemy/actor/lib/test/auto/WidthTestWithSubscriberPublisher.xml (RunModel)" time="0.051" />
  <testcase classname="ptolemy.util.test.junit.AutoTests" name="[400] /home/travis/build/icyphy/ptII/ptolemy/actor/lib/test/auto/WidthTestWithSubscriberPublisher2.xml (RunModel)" time="0.024" />
  <testcase classname="ptolemy.util.test.junit.AutoTests" name="[401] /home/travis/build/icyphy/ptII/ptolemy/actor/lib/test/auto/WidthTestWithSubscriberPublisher3.xml (RunModel)" time="0.016" />
  <testcase classname="ptolemy.util.test.junit.AutoTests" name="[402] /home/travis/build/icyphy/ptII/ptolemy/actor/lib/test/auto/Writer.xml (RunModel)" time="0.01" />
  <testcase classname="ptolemy.util.test.junit.AutoTests" name="[403] /home/travis/build/icyphy/ptII/ptolemy/actor/lib/test/auto/array.xml (RunModel)" time="0.028" />
  <testcase classname="ptolemy.util.test.junit.AutoTests" name="[404] /home/travis/build/icyphy/ptII/ptolemy/actor/lib/test/auto/array2.xml (RunModel)" time="0.026" />
  <testcase classname="ptolemy.util.test.junit.AutoTests" name="[405] /home/travis/build/icyphy/ptII/ptolemy/actor/lib/test/auto/arrayType.xml (RunModel)" time="0.015" />
  <testcase classname="ptolemy.util.test.junit.AutoTests" name="[406] /home/travis/build/icyphy/ptII/ptolemy/actor/lib/test/auto/arrayType10.xml (RunModel)" time="0.01" />
  <testcase classname="ptolemy.util.test.junit.AutoTests" name="[407] /home/travis/build/icyphy/ptII/ptolemy/actor/lib/test/auto/arrayType11.xml (RunModel)" time="0.009" />
  <testcase classname="ptolemy.util.test.junit.AutoTests" name="[408] /home/travis/build/icyphy/ptII/ptolemy/actor/lib/test/auto/arrayType12.xml (RunModel)" time="0.012" />
  <testcase classname="ptolemy.util.test.junit.AutoTests" name="[409] /home/travis/build/icyphy/ptII/ptolemy/actor/lib/test/auto/arrayType13.xml (RunModel)" time="0.011" />
  <testcase classname="ptolemy.util.test.junit.AutoTests" name="[410] /home/travis/build/icyphy/ptII/ptolemy/actor/lib/test/auto/arrayType14.xml (RunModel)" time="0.012" />
  <testcase classname="ptolemy.util.test.junit.AutoTests" name="[411] /home/travis/build/icyphy/ptII/ptolemy/actor/lib/test/auto/arrayType15.xml (RunModel)" time="0.013" />
  <testcase classname="ptolemy.util.test.junit.AutoTests" name="[412] /home/travis/build/icyphy/ptII/ptolemy/actor/lib/test/auto/arrayType16.xml (RunModel)" time="0.013" />
  <testcase classname="ptolemy.util.test.junit.AutoTests" name="[413] /home/travis/build/icyphy/ptII/ptolemy/actor/lib/test/auto/arrayType17.xml (RunModel)" time="0.014" />
  <testcase classname="ptolemy.util.test.junit.AutoTests" name="[414] /home/travis/build/icyphy/ptII/ptolemy/actor/lib/test/auto/arrayType18.xml (RunModel)" time="0.011" />
  <testcase classname="ptolemy.util.test.junit.AutoTests" name="[415] /home/travis/build/icyphy/ptII/ptolemy/actor/lib/test/auto/arrayType19.xml (RunModel)" time="0.011" />
  <testcase classname="ptolemy.util.test.junit.AutoTests" name="[416] /home/travis/build/icyphy/ptII/ptolemy/actor/lib/test/auto/arrayType2.xml (RunModel)" time="0.011" />
  <testcase classname="ptolemy.util.test.junit.AutoTests" name="[417] /home/travis/build/icyphy/ptII/ptolemy/actor/lib/test/auto/arrayType20.xml (RunModel)" time="0.012" />
  <testcase classname="ptolemy.util.test.junit.AutoTests" name="[418] /home/travis/build/icyphy/ptII/ptolemy/actor/lib/test/auto/arrayType21.xml (RunModel)" time="0.012" />
  <testcase classname="ptolemy.util.test.junit.AutoTests" name="[419] /home/travis/build/icyphy/ptII/ptolemy/actor/lib/test/auto/arrayType22.xml (RunModel)" time="0.011" />
  <testcase classname="ptolemy.util.test.junit.AutoTests" name="[420] /home/travis/build/icyphy/ptII/ptolemy/actor/lib/test/auto/arrayType23.xml (RunModel)" time="0.013" />
  <testcase classname="ptolemy.util.test.junit.AutoTests" name="[421] /home/travis/build/icyphy/ptII/ptolemy/actor/lib/test/auto/arrayType24.xml (RunModel)" time="0.012" />
  <testcase classname="ptolemy.util.test.junit.AutoTests" name="[422] /home/travis/build/icyphy/ptII/ptolemy/actor/lib/test/auto/arrayType25.xml (RunModel)" time="0.011" />
  <testcase classname="ptolemy.util.test.junit.AutoTests" name="[423] /home/travis/build/icyphy/ptII/ptolemy/actor/lib/test/auto/arrayType26.xml (RunModel)" time="0.012" />
  <testcase classname="ptolemy.util.test.junit.AutoTests" name="[424] /home/travis/build/icyphy/ptII/ptolemy/actor/lib/test/auto/arrayType27.xml (RunModel)" time="0.011" />
  <testcase classname="ptolemy.util.test.junit.AutoTests" name="[425] /home/travis/build/icyphy/ptII/ptolemy/actor/lib/test/auto/arrayType28.xml (RunModel)" time="0.013" />
  <testcase classname="ptolemy.util.test.junit.AutoTests" name="[426] /home/travis/build/icyphy/ptII/ptolemy/actor/lib/test/auto/arrayType3.xml (RunModel)" time="0.018" />
  <testcase classname="ptolemy.util.test.junit.AutoTests" name="[427] /home/travis/build/icyphy/ptII/ptolemy/actor/lib/test/auto/arrayType4.xml (RunModel)" time="0.011" />
  <testcase classname="ptolemy.util.test.junit.AutoTests" name="[428] /home/travis/build/icyphy/ptII/ptolemy/actor/lib/test/auto/arrayType5.xml (RunModel)" time="0.011" />
  <testcase classname="ptolemy.util.test.junit.AutoTests" name="[429] /home/travis/build/icyphy/ptII/ptolemy/actor/lib/test/auto/arrayType6.xml (RunModel)" time="0.009" />
  <testcase classname="ptolemy.util.test.junit.AutoTests" name="[430] /home/travis/build/icyphy/ptII/ptolemy/actor/lib/test/auto/arrayType7.xml (RunModel)" time="0.009" />
  <testcase classname="ptolemy.util.test.junit.AutoTests" name="[431] /home/travis/build/icyphy/ptII/ptolemy/actor/lib/test/auto/arrayType8.xml (RunModel)" time="0.023" />
  <testcase classname="ptolemy.util.test.junit.AutoTests" name="[432] /home/travis/build/icyphy/ptII/ptolemy/actor/lib/test/auto/arrayType9.xml (RunModel)" time="0.015" />
  <testcase classname="ptolemy.util.test.junit.AutoTests" name="[433] /home/travis/build/icyphy/ptII/ptolemy/actor/lib/test/auto/cast.xml (RunModel)" time="0.01" />
  <testcase classname="ptolemy.util.test.junit.AutoTests" name="[434] /home/travis/build/icyphy/ptII/ptolemy/actor/lib/test/auto/compositeMultiPort.xml (RunModel)" time="0.018" />
  <testcase classname="ptolemy.util.test.junit.AutoTests" name="[435] /home/travis/build/icyphy/ptII/ptolemy/actor/lib/test/auto/expressionCastInference.xml (RunModel)" time="0.011" />
  <testcase classname="ptolemy.util.test.junit.AutoTests" name="[436] /home/travis/build/icyphy/ptII/ptolemy/actor/lib/test/auto/expressionCastInference2.xml (RunModel)" time="0.01" />
  <testcase classname="ptolemy.util.test.junit.AutoTests" name="[437] /home/travis/build/icyphy/ptII/ptolemy/actor/lib/test/auto/expressionInference.xml (RunModel)" time="0.008" />
  <testcase classname="ptolemy.util.test.junit.AutoTests" name="[438] /home/travis/build/icyphy/ptII/ptolemy/actor/lib/test/auto/expression_bug.xml (RunModel)" time="0.038" />
  <testcase classname="ptolemy.util.test.junit.AutoTests" name="[439] /home/travis/build/icyphy/ptII/ptolemy/actor/lib/test/auto/factorial.xml (RunModel)" time="0.061" />
  <testcase classname="ptolemy.util.test.junit.AutoTests" name="[440] /home/travis/build/icyphy/ptII/ptolemy/actor/lib/test/auto/filterTest1.xml (RunModel)" time="0.015" />
  <testcase classname="ptolemy.util.test.junit.AutoTests" name="[441] /home/travis/build/icyphy/ptII/ptolemy/actor/lib/test/auto/funcApplyInConst.xml (RunModel)" time="0.007" />
  <testcase classname="ptolemy.util.test.junit.AutoTests" name="[442] /home/travis/build/icyphy/ptII/ptolemy/actor/lib/test/auto/funcApplyInExpr.xml (RunModel)" time="0.01" />
  <testcase classname="ptolemy.util.test.junit.AutoTests" name="[443] /home/travis/build/icyphy/ptII/ptolemy/actor/lib/test/auto/function.xml (RunModel)" time="0.012" />
  <testcase classname="ptolemy.util.test.junit.AutoTests" name="[444] /home/travis/build/icyphy/ptII/ptolemy/actor/lib/test/auto/function2.xml (RunModel)" time="0.011" />
  <testcase classname="ptolemy.util.test.junit.AutoTests" name="[445] /home/travis/build/icyphy/ptII/ptolemy/actor/lib/test/auto/function3.xml (RunModel)" time="0.008" />
  <testcase classname="ptolemy.util.test.junit.AutoTests" name="[446] /home/travis/build/icyphy/ptII/ptolemy/actor/lib/test/auto/functionClosureTest1.xml (RunModel)" time="0.013" />
  <testcase classname="ptolemy.util.test.junit.AutoTests" name="[447] /home/travis/build/icyphy/ptII/ptolemy/actor/lib/test/auto/functionClosureTest2.xml (RunModel)" time="0.008" />
  <testcase classname="ptolemy.util.test.junit.AutoTests" name="[448] /home/travis/build/icyphy/ptII/ptolemy/actor/lib/test/auto/functionClosureTest3.xml (RunModel)" time="0.013" />
  <testcase classname="ptolemy.util.test.junit.AutoTests" name="[449] /home/travis/build/icyphy/ptII/ptolemy/actor/lib/test/auto/functionClosureTest4.xml (RunModel)" time="0.023" />
  <testcase classname="ptolemy.util.test.junit.AutoTests" name="[450] /home/travis/build/icyphy/ptII/ptolemy/actor/lib/test/auto/functionClosureTest5.xml (RunModel)" time="0.071" />
  <testcase classname="ptolemy.util.test.junit.AutoTests" name="[451] /home/travis/build/icyphy/ptII/ptolemy/actor/lib/test/auto/functionClosureTest6.xml (RunModel)" time="0.034" />
  <testcase classname="ptolemy.util.test.junit.AutoTests" name="[452] /home/travis/build/icyphy/ptII/ptolemy/actor/lib/test/auto/functionsOnArcs.xml (RunModel)" time="0.03" />
  <testcase classname="ptolemy.util.test.junit.AutoTests" name="[453] /home/travis/build/icyphy/ptII/ptolemy/actor/lib/test/auto/functionsOnArcsHOF.xml (RunModel)" time="0.018" />
  <testcase classname="ptolemy.util.test.junit.AutoTests" name="[454] /home/travis/build/icyphy/ptII/ptolemy/actor/lib/test/auto/logic.xml (RunModel)" time="0.019" />
  <testcase classname="ptolemy.util.test.junit.AutoTests" name="[455] /home/travis/build/icyphy/ptII/ptolemy/actor/lib/test/auto/matrixType.xml (RunModel)" time="0.01" />
  <testcase classname="ptolemy.util.test.junit.AutoTests" name="[456] /home/travis/build/icyphy/ptII/ptolemy/actor/lib/test/auto/matrixType10.xml (RunModel)" time="0.01" />
  <testcase classname="ptolemy.util.test.junit.AutoTests" name="[457] /home/travis/build/icyphy/ptII/ptolemy/actor/lib/test/auto/matrixType11.xml (RunModel)" time="0.01" />
  <testcase classname="ptolemy.util.test.junit.AutoTests" name="[458] /home/travis/build/icyphy/ptII/ptolemy/actor/lib/test/auto/matrixType12.xml (RunModel)" time="0.013" />
  <testcase classname="ptolemy.util.test.junit.AutoTests" name="[459] /home/travis/build/icyphy/ptII/ptolemy/actor/lib/test/auto/matrixType13.xml (RunModel)" time="0.01" />
  <testcase classname="ptolemy.util.test.junit.AutoTests" name="[460] /home/travis/build/icyphy/ptII/ptolemy/actor/lib/test/auto/matrixType14.xml (RunModel)" time="0.013" />
  <testcase classname="ptolemy.util.test.junit.AutoTests" name="[461] /home/travis/build/icyphy/ptII/ptolemy/actor/lib/test/auto/matrixType2.xml (RunModel)" time="0.013" />
  <testcase classname="ptolemy.util.test.junit.AutoTests" name="[462] /home/travis/build/icyphy/ptII/ptolemy/actor/lib/test/auto/matrixType3.xml (RunModel)" time="0.013" />
  <testcase classname="ptolemy.util.test.junit.AutoTests" name="[463] /home/travis/build/icyphy/ptII/ptolemy/actor/lib/test/auto/matrixType4.xml (RunModel)" time="0.011" />
  <testcase classname="ptolemy.util.test.junit.AutoTests" name="[464] /home/travis/build/icyphy/ptII/ptolemy/actor/lib/test/auto/matrixType5.xml (RunModel)" time="0.009" />
  <testcase classname="ptolemy.util.test.junit.AutoTests" name="[465] /home/travis/build/icyphy/ptII/ptolemy/actor/lib/test/auto/matrixType6.xml (RunModel)" time="0.009" />
  <testcase classname="ptolemy.util.test.junit.AutoTests" name="[466] /home/travis/build/icyphy/ptII/ptolemy/actor/lib/test/auto/matrixType7.xml (RunModel)" time="0.011" />
  <testcase classname="ptolemy.util.test.junit.AutoTests" name="[467] /home/travis/build/icyphy/ptII/ptolemy/actor/lib/test/auto/matrixType8.xml (RunModel)" time="0.011" />
  <testcase classname="ptolemy.util.test.junit.AutoTests" name="[468] /home/travis/build/icyphy/ptII/ptolemy/actor/lib/test/auto/matrixType9.xml (RunModel)" time="0.01" />
  <testcase classname="ptolemy.util.test.junit.AutoTests" name="[469] /home/travis/build/icyphy/ptII/ptolemy/actor/lib/test/auto/paraFunctest.xml (RunModel)" time="0.008" />
  <testcase classname="ptolemy.util.test.junit.AutoTests" name="[470] /home/travis/build/icyphy/ptII/ptolemy/actor/lib/test/auto/paraFunctest2.xml (RunModel)" time="0.014" />
  <testcase classname="ptolemy.util.test.junit.AutoTests" name="[471] /home/travis/build/icyphy/ptII/ptolemy/actor/lib/test/auto/parameterPassing.xml (RunModel)" time="0.011" />
  <testcase classname="ptolemy.util.test.junit.AutoTests" name="[472] /home/travis/build/icyphy/ptII/ptolemy/actor/lib/test/auto/record.xml (RunModel)" time="0.013" />
  <testcase classname="ptolemy.util.test.junit.AutoTests" name="[473] /home/travis/build/icyphy/ptII/ptolemy/actor/lib/test/auto/sizedarray1.xml (RunModel)" time="0.011" />
  <testcase classname="ptolemy.util.test.junit.AutoTests" name="[474] /home/travis/build/icyphy/ptII/ptolemy/actor/lib/test/auto/sizedarray2.xml (RunModel)" time="0.012" />
  <testcase classname="ptolemy.util.test.junit.AutoTests" name="[475] /home/travis/build/icyphy/ptII/ptolemy/actor/lib/test/auto/twoPublishers.xml (RunModel)" time="0.029" />
  <system-out><![CDATA[/home/travis/build/icyphy/ptII/ptolemy/actor/lib/test/AbsoluteValue.tcl
testDefs.tcl: setting time out to 9000 seconds at Wed Nov 06 22:09:22 UTC 2019
122 ms. Memory: 120832K Free: 85410K (71%)
5 ms. Memory: 120832K Free: 83907K (69%)
6 ms. Memory: 120832K Free: 82883K (69%)
17 ms. Memory: 120832K Free: 82354K (68%)
/home/travis/build/icyphy/ptII/ptolemy/actor/lib/test/AddSubtract.tcl
26 ms. Memory: 120832K Free: 80290K (66%)
9 ms. Memory: 120832K Free: 79778K (66%)
18 ms. Memory: 120832K Free: 78787K (65%)
23 ms. Memory: 120832K Free: 77763K (64%)
79 ms. Memory: 120832K Free: 75201K (62%)
20 ms. Memory: 120832K Free: 74170K (61%)
/home/travis/build/icyphy/ptII/ptolemy/actor/lib/test/Average.tcl
22 ms. Memory: 120832K Free: 72643K (60%)
7 ms. Memory: 120832K Free: 71619K (59%)
/home/travis/build/icyphy/ptII/ptolemy/actor/lib/test/Bernoulli.tcl
11 ms. Memory: 120832K Free: 69571K (58%)
2 ms. Memory: 120832K Free: 69571K (58%)
/home/travis/build/icyphy/ptII/ptolemy/actor/lib/test/Clock.tcl
preinitializing
resolving types
initializing
executing number 1
wrapping up
idle
39 ms. Memory: 120832K Free: 66499K (55%)
Completed execution with 5 iterations
preinitializing
resolving types
initializing
executing number 1
wrapping up
idle
10 ms. Memory: 120832K Free: 65954K (55%)
Completed execution with 5 iterations
preinitializing
resolving types
initializing
executing number 1
wrapping up
idle
12 ms. Memory: 120832K Free: 65475K (54%)
Completed execution with 5 iterations
/home/travis/build/icyphy/ptII/ptolemy/actor/lib/test/Commutator.tcl
20 ms. Memory: 120832K Free: 63427K (52%)
17 ms. Memory: 120832K Free: 62403K (52%)
16 ms. Memory: 120832K Free: 56754K (47%)
/home/travis/build/icyphy/ptII/ptolemy/actor/lib/test/Const.tcl
5 ms. Memory: 120832K Free: 55235K (46%)
2 ms. Memory: 120832K Free: 54721K (45%)
4 ms. Memory: 120832K Free: 54211K (45%)
3 ms. Memory: 120832K Free: 53697K (44%)
6 ms. Memory: 120832K Free: 52658K (44%)
15 ms. Memory: 120832K Free: 51139K (42%)
6 ms. Memory: 120832K Free: 50115K (41%)
4 ms. Memory: 120832K Free: 49091K (41%)
/home/travis/build/icyphy/ptII/ptolemy/actor/lib/test/CurrentTime.tcl
preinitializing
resolving types
initializing
executing number 1
wrapping up
idle
9 ms. Memory: 120832K Free: 47522K (39%)
Completed execution with 11 iterations
/home/travis/build/icyphy/ptII/ptolemy/actor/lib/test/DB.tcl
30 ms. Memory: 120832K Free: 107167K (89%)
2 ms. Memory: 120832K Free: 106657K (88%)
1 ms. Memory: 120832K Free: 106143K (88%)
/home/travis/build/icyphy/ptII/ptolemy/actor/lib/test/DiscreteRandomSource.tcl
preinitializing
resolving types
initializing
executing number 1
wrapping up
idle
5 ms. Memory: 120832K Free: 105088K (87%)
Completed execution with 4 iterations
preinitializing
resolving types
initializing
executing number 1
wrapping up
idle
2 ms. Memory: 120832K Free: 104609K (87%)
Completed execution with 4 iterations
preinitializing
resolving types
initializing
executing number 1
wrapping up
idle
3 ms. Memory: 120832K Free: 103894K (86%)
Completed execution with 4 iterations
preinitializing
resolving types
initializing
executing number 1
wrapping up
idle
4 ms. Memory: 120832K Free: 103585K (86%)
Completed execution with 4 iterations
preinitializing
resolving types
initializing
executing number 1
wrapping up
idle
4 ms. Memory: 120832K Free: 103040K (85%)
Completed execution with 4 iterations
/home/travis/build/icyphy/ptII/ptolemy/actor/lib/test/Distributor.tcl
6 ms. Memory: 120832K Free: 101537K (84%)
4 ms. Memory: 120832K Free: 100513K (83%)
StreamChangeRequest.changeExecuted(): <deleteEntity name="rec2"/> succeeded
StreamChangeRequest.changeExecuted(): <deleteRelation name="r2"/> succeeded
StreamChangeRequest.changeExecuted(): Record firings per iteration succeeded
6 ms. Memory: 120832K Free: 97951K (81%)
/home/travis/build/icyphy/ptII/ptolemy/actor/lib/test/Exit.tcl
Exit.tcl: this will print a message about Manager.exitAfterWrapup, which can be ignored.
9 ms. Memory: 120832K Free: 94817K (78%)
/home/travis/build/icyphy/ptII/ptolemy/actor/lib/test/Expression.tcl
26 ms. Memory: 120832K Free: 91807K (76%)
12 ms. Memory: 120832K Free: 91297K (76%)
3 ms. Memory: 120832K Free: 90273K (75%)
preinitializing
resolving types
39 ms. Memory: 120832K Free: 106181K (88%)
5 ms. Memory: 120832K Free: 105172K (87%)
3 ms. Memory: 120832K Free: 104662K (87%)
10 ms. Memory: 120832K Free: 103093K (85%)
6 ms. Memory: 120832K Free: 102100K (84%)
7 ms. Memory: 120832K Free: 101061K (84%)
/home/travis/build/icyphy/ptII/ptolemy/actor/lib/test/Gaussian.tcl
8 ms. Memory: 120832K Free: 99028K (82%)
sleeping 1 seconds: ..................................................................................................................................................................................................................................................................................................................................................................................................................................................................................................................................................................................................................................................................................................................................................................................................................................................................................................................................................................................................................................................................................................................................................................................................................................................................................................................................................................................................................................................................................................................................................................................................................................................................................................................................................................................................................................................................................................................................................................................................................................................................................................................................................................................................................................................................................................................................................................................................................................................................................................................................................................................................................................................................................................................................................................................................................................................................................................................................................................................................................................................................................................................................................................................................................................................................................................................................................................................................................................................................................................................................................................................................................................................................................................................................................................................................................................................................................................................................................................................................................................................................................................................................................................................................................................................................................................................................................................................................................................................................................................................................................................................................................................................................................................................................................................................................................................................................................................................................................................................................................................................................................................................................................................................................................................................................................................................................................................................................................................................................................................................................................................................................................................................................................................................................................................................................................................................................................................................................................................................................................................................................................................................................................................................................................................................................................................................................................................................................................................................................................................................................................................................................................................................................................................................................................................................................................................................................................................................................................................................................................................................................................................................................................................................................................................................................................................................................................................................................................................................................................................................................................................................................................................................................................................................................................................................................................................................................................................................................................................................................................................................................................................................................................................................................................................................................................................................................................................................................................................................................................................................................................................................................................................................................................................................................................................................................................................................................................................................................................................................................................................................................................................................................................................................................................................................................................................................................................................................................................................................................................................................................................................................................................................................................................................................................................................................................................................................................................................................................................................................................................................................................................................................................................................................................................................................................................................................................................................................................................................................................................................................................................................................................................................................................................................................................................................................................................................................................................................................................................................................................................................................................................................................................................................................................................................................................................................................................................................................................................................................................................................................................................................................................................................................................................................................................................................................................................................................................................................................................................................................................................................................................................................................................................................................................................................................................................................................................................................................................................................................................................................................................................................................................................................................................................................................................................................................................................................................................................................................................................................................................................................................................................................................................................................................................................................................................................................................................................................................................................................................................................................................................................................................................................................................................................................................................................................................................................................................................................................................................................................................................................................................................................................................................................................................................................................................................................................................................................................................................................................................................................................................................................................................................................................................................................................................................................................................................................................................................................................................................................................................................................................................................................................................................................................................................................................................................................................................................................................................................................................................................................................................................................................................................................................................................................................................................................................................................................................................................................................................................................................................................................................................................................................................................................................................................................................................................................................................................................................................................................................................................................................................................................................................................................................................................................................................................................................................................................................................................................................................................................................................................................................................................................................................................................................................................................................................................................................................................................................................................................................................................................................................................................................................................................................................................................................................................................................................................................................................................................................................................................................................................................................................................................................................................................................................................................................................................................................................................................................................................................................................................................................................................................................................................................................................................................................................................................................................................................................................................................................................................................................................................................................................................................................................................................................................................................................................................................................................................................................................................................................................................................................................................................................................................................................................................................................................................................................................................................................................................................................................................................................................................................................................................................................................................................................................................................................................................................................................................................................................................................................................................................................................................................................................................................................................................................................................................................................................................................................................................................................................................................................................................................................................................................................................................................................................................................................................................................................................................................................................................................................................................................................................................................................................................................................................................................................................................................................................................................................................................................................................................................................................................................................................................................................................................................................................................................................................................................................................................................................................................................................................................................................................................................................................................................................................................................................................................................................................................................................................................................................................................................................................................................................................................................................................................................................................................................................................................................................................................................................................................................................................................................................................................................................................................................................................................................................................................................................................................................................................................................................................................................................................................................................................................................................................................................................................................................................................................................................................................................................................................................................................................................................................................................................................................................................................................................................................................................................................................................................................................................................................................................................................................................................................................................................................................................................................................................................................................................................................................................................................................................................................................................................................................................................................................................................................................................................................................................................................................................................................................................................................................................................................................................................................................................................................................................................................................................................................................................................................................................................................................................................................................................................................................................................................................................................................................................................................................................................................................................................................................................................................................................................................................................................................................................................................................................................................................................................................................................................................................................................................................................................................................................................................................................................................................................................................................................................................................................................................................................................................................................................................................................................................................................................................................................................................................................................................................................................................................................................................................................................................................................................................................................................................................................................................................................................................................................................................................................................................................................................................................................................................................................................................................................................................................................................................................................................................................................................................................................................................................................................................................................................................................................................................................................................................................................................................................................................................................................................................................................................................................................................................................................................................................................................................................................................................................................................................................................................................................................................................................................................................................................................................................................................................................................................................................................................................................................................................................................................................................................................................................................................................................................................................................................................................................................................................................................................................................................................................................................................................................................................................................................................................................................................................................................................................................................................................................................................................................................................................................................................................................................................................................................................................................................................................................................................................................................................................................................................................................................................................................................................................................................................................................................................................................................................................................................................................................................................................................................................................................................................................................................................................................................................................................................................................................................................................................................................................................................................................................................................................................................................................................................................................................................................................................................................................................................................................................................................................................................................................................................................................................................................................................................................................................................................................................................................................................................................................................................................................................................................................................................................................................................................................................................................................................................................................................................................................................................................................................................................................................................................................................................................................................................................................................................................................................................................................................................................................................................................................................................................................................................................................................................................................................................................................................................................................................................................................................................................................................................................................................................................................................................................................................................................................................................................................................................................................................................................................................................................................................................................................................................................................................................................................................................................................................................................................................................................................................................................................................................................................................................................................................................................................................................................................................................................................................................................................................................................................................................................................................................................................................................................................................................................................................................................................................................................................................................................................................................................................................................................................................................................................................................................................................................................................................................................................................................................................................................................................................................................................................................................................................................................................................................................................................................................................................................................................................................................................................................................................................................................................................................................................................................................................................................................................................................................................................................................................................................................................................................................................................................................................................................................................................................................................................................................................................................................................................................................................................................................................................................................................................................................................................................................................................................................................................................................................................................................................................................................................................................................................................................................................................................................................................................................................................................................................................................................................................................................................................................................................................................................................................................................................................................................................................................................................................................................................................................................................................................................................................................................................................................................................................................................................................................................................................................................................................................................................................................................................................................................................................................................................................................................................................................................................................................................................................................................................................................................................................................................................................................................................................................................................................................................................................................................................................................................................................................................................................................................................................................................................................................................................................................................................................................................................................................................................................................................................................................................................................................................................................................................................................................................................................................................................................................................................................................................................................................................................................................................................................................................................................................................................................................................................................................................................................................................................................................................................................................................................................................................................................................................................................................................................................................................................................................................................................................................................................................................................................................................................................................................................................................................................................................................................................................................................................................................................................................................................................................................................................................................................................................................................................................................................................................................................................................................................................................................................................................................................................................................................................................................................................................................................................................................................................................................................................................................................................................................................................................................................................................................................................................................................................................................................................................................................................................................................................................................................................................................................................................................................................................................................................................................................................................................................................................................................................................................................................................................................................................................................................................................................................................................................................................................................................................................................................................................................................................................................................................................................................................................................................................................................................................................................................................................................................................................................................................................................................................................................................................................................................................................................................................................................................................................................................................................................................................................................................................................................................................................................................................................................................................................................................................................................................................................................................................................................................................................................................................................................................................................................................................................................4 ms. Memory: 145408K Free: 104147K (72%)
3 ms. Memory: 145408K Free: 103637K (71%)
2 ms. Memory: 145408K Free: 103117K (71%)
11 ms. Memory: 145408K Free: 102611K (71%)
4 ms. Memory: 145408K Free: 101589K (70%)
/home/travis/build/icyphy/ptII/ptolemy/actor/lib/test/IIR.tcl
/home/travis/build/icyphy/ptII/ptolemy/actor/lib/test/Interpolator.tcl
8 ms. Memory: 145408K Free: 97989K (67%)
4 ms. Memory: 145408K Free: 97493K (67%)
5 ms. Memory: 145408K Free: 96965K (67%)
2 ms. Memory: 145408K Free: 96469K (66%)
11 ms. Memory: 145408K Free: 95445K (66%)
2 ms. Memory: 145408K Free: 94931K (65%)
3 ms. Memory: 145408K Free: 93901K (65%)
2 ms. Memory: 145408K Free: 92883K (64%)
11 ms. Memory: 145408K Free: 91859K (63%)
3 ms. Memory: 145408K Free: 91349K (63%)
/home/travis/build/icyphy/ptII/ptolemy/actor/lib/test/MathFunction.tcl
9 ms. Memory: 145408K Free: 89301K (61%)
2 ms. Memory: 145408K Free: 87763K (60%)
2 ms. Memory: 145408K Free: 86725K (60%)
2 ms. Memory: 145408K Free: 85701K (59%)
4 ms. Memory: 145408K Free: 84661K (58%)
5 ms. Memory: 145408K Free: 82643K (57%)
/home/travis/build/icyphy/ptII/ptolemy/actor/lib/test/Maximum.tcl
7 ms. Memory: 145408K Free: 80595K (55%)
5 ms. Memory: 145408K Free: 80085K (55%)
7 ms. Memory: 145408K Free: 79565K (55%)
6 ms. Memory: 145408K Free: 78547K (54%)
/home/travis/build/icyphy/ptII/ptolemy/actor/lib/test/Minimum.tcl
4 ms. Memory: 145408K Free: 77013K (53%)
2 ms. Memory: 145408K Free: 76485K (53%)
2 ms. Memory: 145408K Free: 75989K (52%)
2 ms. Memory: 145408K Free: 74965K (52%)
/home/travis/build/icyphy/ptII/ptolemy/actor/lib/test/MultiplyDivide.tcl
4 ms. Memory: 145408K Free: 73397K (50%)
2 ms. Memory: 145408K Free: 72403K (50%)
11 ms. Memory: 145408K Free: 71893K (49%)
3 ms. Memory: 145408K Free: 70869K (49%)
4 ms. Memory: 145408K Free: 70355K (48%)
/home/travis/build/icyphy/ptII/ptolemy/actor/lib/test/OrderedMerge.tcl
Connections changed on port: inputA
Connections changed on port: inputB
Connections changed on port: output
Connections changed on port: output
Connections changed on port: output
Connections changed on port: input
.top. Preinitializing ...
Invoking preinitialize():  .top.OrderedMerge
Called preinitialize()
Invoking preinitialize():  .top.Ramp
Called preinitialize()
Invoking preinitialize():  .top.Ramp2
Called preinitialize()
Invoking preinitialize():  .top.Test
Called preinitialize()
Connections changed on port: inputA
Connections changed on port: output
Connections changed on port: output
Connections changed on port: input
Connections changed on port: inputB
Connections changed on port: output
.top. Finished preinitialize().
Called initialize().
Invoking initialize():  .top.OrderedMerge
Initializing actor: .top.OrderedMerge
Adding a thread: .top.OrderedMerge
Invoking initialize():  .top.Ramp
Initializing actor: .top.Ramp
Adding a thread: .top.Ramp
Invoking initialize():  .top.Ramp2
Initializing actor: .top.Ramp2
Adding a thread: .top.Ramp2
Invoking initialize():  .top.Test
Initializing actor: .top.Test
Adding a thread: .top.Test
Called fire().
Checking for deadlock:
-- Starting thread.
Called initialize()
Called prefire()
Called fire()
-- Starting thread.
Called initialize()
Called prefire()
Called fire()
-- Starting thread.
Called initialize()
Called prefire()
Called fire()
-- Starting thread.
Called initialize()
Called prefire()
Called fire()
There are 0 Blocked actors, 0 Stopped actors, and 4 active threads.
Waiting for actors to stop.
Called postfire()
Called prefire()
Called fire()
Called postfire()
Called prefire()
Called fire()
Checking for deadlock:
There are 2 Blocked actors, 0 Stopped actors, and 4 active threads.
Waiting for actors to stop.
Called postfire()
Called prefire()
Called fire()
Read input token from inputA with value 0.0
Next port to read input from is inputB
Called postfire()
Called prefire()
Called fire()
Checking for deadlock:
There are 3 Blocked actors, 0 Stopped actors, and 4 active threads.
Waiting for actors to stop.
Called postfire()
Called prefire()
Called fire()
Checking for deadlock:
There are 3 Blocked actors, 0 Stopped actors, and 4 active threads.
Waiting for actors to stop.
Read input token from inputB with value 0.0
-- Read input: 0.0, which is expected to match: 0.0
Called prefire()
Called fire()
Checking for deadlock:
There are 3 Blocked actors, 0 Stopped actors, and 4 active threads.
Waiting for actors to stop.
Sent output token with value 0.0
Next port to read input from is inputA
Called postfire()
Called prefire()
Called fire()
Checking for deadlock:
There are 2 Blocked actors, 0 Stopped actors, and 4 active threads.
Waiting for actors to stop.
Called postfire()
Called prefire()
Called fire()
Checking for deadlock:
There are 3 Blocked actors, 0 Stopped actors, and 4 active threads.
Waiting for actors to stop.
Read input token from inputA with value 1.0
Checking for deadlock:
There are 2 Blocked actors, 0 Stopped actors, and 4 active threads.
Waiting for actors to stop.
-- Read input: 0.0, which is expected to match: 0.0
Called prefire()
Called fire()
Checking for deadlock:
There are 3 Blocked actors, 0 Stopped actors, and 4 active threads.
Waiting for actors to stop.
Sent output token with value 0.0
Next port to read input from is inputB
Called postfire()
Called prefire()
Called fire()
Called postfire()
Called prefire()
Called fire()
Checking for deadlock:
There are 3 Blocked actors, 0 Stopped actors, and 4 active threads.
Waiting for actors to stop.
Read input token from inputB with value 1.5
-- Read input: 1.0, which is expected to match: 1.0
Called prefire()
Called fire()
Checking for deadlock:
There are 3 Blocked actors, 0 Stopped actors, and 4 active threads.
Waiting for actors to stop.
Sent output token with value 1.0
Next port to read input from is inputA
Called postfire()
Called prefire()
Called fire()
Checking for deadlock:
There are 2 Blocked actors, 0 Stopped actors, and 4 active threads.
Waiting for actors to stop.
Called postfire()
Called prefire()
Called fire()
Checking for deadlock:
There are 3 Blocked actors, 0 Stopped actors, and 4 active threads.
Waiting for actors to stop.
Read input token from inputA with value 2.0
Checking for deadlock:
There are 2 Blocked actors, 0 Stopped actors, and 4 active threads.
Waiting for actors to stop.
-- Read input: 1.5, which is expected to match: 1.5
Called prefire()
Called fire()
Checking for deadlock:
There are 3 Blocked actors, 0 Stopped actors, and 4 active threads.
Waiting for actors to stop.
Sent output token with value 1.5
Next port to read input from is inputB
Called postfire()
Called prefire()
Called fire()
Called postfire()
Called prefire()
Called fire()
Checking for deadlock:
There are 3 Blocked actors, 0 Stopped actors, and 4 active threads.
Waiting for actors to stop.
Read input token from inputB with value 3.0
-- Read input: 2.0, which is expected to match: 2.0
Called prefire()
Called fire()
Checking for deadlock:
There are 3 Blocked actors, 0 Stopped actors, and 4 active threads.
Waiting for actors to stop.
Sent output token with value 2.0
Next port to read input from is inputA
Called postfire()
Called prefire()
Called fire()
Checking for deadlock:
There are 2 Blocked actors, 0 Stopped actors, and 4 active threads.
Waiting for actors to stop.
Called postfire()
Called prefire()
Called fire()
Checking for deadlock:
There are 3 Blocked actors, 0 Stopped actors, and 4 active threads.
Waiting for actors to stop.
Read input token from inputA with value 3.0
Checking for deadlock:
There are 2 Blocked actors, 0 Stopped actors, and 4 active threads.
Waiting for actors to stop.
-- Read input: 3.0, which is expected to match: 3.0
Called prefire()
Called fire()
Checking for deadlock:
There are 3 Blocked actors, 0 Stopped actors, and 4 active threads.
Waiting for actors to stop.
Sent output token with value 3.0
Next port to read input from is inputB
Called postfire()
Called prefire()
Called fire()
Called postfire()
Called prefire()
Called fire()
Checking for deadlock:
There are 3 Blocked actors, 0 Stopped actors, and 4 active threads.
Waiting for actors to stop.
Read input token from inputB with value 4.5
-- Read input: 3.0, which is expected to match: 3.0
Called prefire()
Called fire()
Checking for deadlock:
There are 3 Blocked actors, 0 Stopped actors, and 4 active threads.
Waiting for actors to stop.
Sent output token with value 3.0
Next port to read input from is inputA
Called postfire()
Called prefire()
Called fire()
Checking for deadlock:
There are 2 Blocked actors, 0 Stopped actors, and 4 active threads.
Waiting for actors to stop.
Called postfire()
Called prefire()
Called fire()
Checking for deadlock:
There are 3 Blocked actors, 0 Stopped actors, and 4 active threads.
Waiting for actors to stop.
Read input token from inputA with value 4.0
Checking for deadlock:
There are 2 Blocked actors, 0 Stopped actors, and 4 active threads.
Waiting for actors to stop.
-- Read input: 4.0, which is expected to match: 4.0
Called prefire()
Called fire()
Past the end of training data. Read and discard all inputs.
Checking for deadlock:
There are 3 Blocked actors, 0 Stopped actors, and 4 active threads.
Waiting for actors to stop.
Sent output token with value 4.0
Next port to read input from is inputA
Called postfire()
Called prefire()
Called fire()
Checking for deadlock:
There are 2 Blocked actors, 0 Stopped actors, and 4 active threads.
Waiting for actors to stop.
Called postfire()
Called prefire()
Called fire()
Checking for deadlock:
There are 3 Blocked actors, 0 Stopped actors, and 4 active threads.
Waiting for actors to stop.
Read input token from inputA with value 5.0
Checking for deadlock:
There are 2 Blocked actors, 0 Stopped actors, and 4 active threads.
Waiting for actors to stop.
Called prefire()
Called fire()
Past the end of training data. Read and discard all inputs.
Checking for deadlock:
There are 3 Blocked actors, 0 Stopped actors, and 4 active threads.
Waiting for actors to stop.
Sent output token with value 4.5
Next port to read input from is inputB
Called postfire()
Called prefire()
Called fire()
Called postfire()
Called prefire()
Called fire()
Checking for deadlock:
There are 3 Blocked actors, 0 Stopped actors, and 4 active threads.
Waiting for actors to stop.
Read input token from inputB with value 6.0
Called prefire()
Called fire()
Past the end of training data. Read and discard all inputs.
Checking for deadlock:
There are 3 Blocked actors, 0 Stopped actors, and 4 active threads.
Waiting for actors to stop.
Sent output token with value 5.0
Next port to read input from is inputA
Called postfire()
Called prefire()
Called fire()
Checking for deadlock:
There are 2 Blocked actors, 0 Stopped actors, and 4 active threads.
Waiting for actors to stop.
Called postfire()
Called prefire()
Called fire()
Checking for deadlock:
There are 3 Blocked actors, 0 Stopped actors, and 4 active threads.
Waiting for actors to stop.
Read input token from inputA with value 6.0
Checking for deadlock:
There are 2 Blocked actors, 0 Stopped actors, and 4 active threads.
Waiting for actors to stop.
Called prefire()
Called fire()
Past the end of training data. Read and discard all inputs.
Checking for deadlock:
There are 3 Blocked actors, 0 Stopped actors, and 4 active threads.
Waiting for actors to stop.
Sent output token with value 6.0
Next port to read input from is inputB
Called postfire()
Called prefire()
Called fire()
Called postfire()
Called prefire()
Called fire()
Checking for deadlock:
There are 3 Blocked actors, 0 Stopped actors, and 4 active threads.
Waiting for actors to stop.
Read input token from inputB with value 7.5
Called prefire()
Called fire()
Past the end of training data. Read and discard all inputs.
Checking for deadlock:
There are 3 Blocked actors, 0 Stopped actors, and 4 active threads.
Waiting for actors to stop.
Sent output token with value 6.0
Next port to read input from is inputA
Called postfire()
Called prefire()
Called fire()
Checking for deadlock:
There are 2 Blocked actors, 0 Stopped actors, and 4 active threads.
Waiting for actors to stop.
Called postfire()
Called prefire()
Called fire()
Checking for deadlock:
There are 3 Blocked actors, 0 Stopped actors, and 4 active threads.
Waiting for actors to stop.
Read input token from inputA with value 7.0
Checking for deadlock:
There are 2 Blocked actors, 0 Stopped actors, and 4 active threads.
Waiting for actors to stop.
Called prefire()
Called fire()
Past the end of training data. Read and discard all inputs.
Checking for deadlock:
There are 3 Blocked actors, 0 Stopped actors, and 4 active threads.
Waiting for actors to stop.
Sent output token with value 7.0
Next port to read input from is inputA
Called postfire()
Called prefire()
Called fire()
Checking for deadlock:
There are 2 Blocked actors, 0 Stopped actors, and 4 active threads.
Waiting for actors to stop.
-- Thread wrapup() called.
Called wrapup()
Thread .top.Ramp is exiting.
-- Thread stopped.
Checking for deadlock:
There are 2 Blocked actors, 0 Stopped actors, and 3 active threads.
Waiting for actors to stop.
Read input token from inputA with value 8.0
Called prefire()
Called fire()
Past the end of training data. Read and discard all inputs.
Checking for deadlock:
There are 2 Blocked actors, 0 Stopped actors, and 3 active threads.
Waiting for actors to stop.
Sent output token with value 7.5
Next port to read input from is inputB
Called postfire()
Called prefire()
Called fire()
Checking for deadlock:
There are 1 Blocked actors, 0 Stopped actors, and 3 active threads.
Waiting for actors to stop.
Called postfire()
Called prefire()
Called fire()
Checking for deadlock:
There are 2 Blocked actors, 0 Stopped actors, and 3 active threads.
Waiting for actors to stop.
Read input token from inputB with value 9.0
Checking for deadlock:
There are 1 Blocked actors, 0 Stopped actors, and 3 active threads.
Waiting for actors to stop.
Called prefire()
Called fire()
Past the end of training data. Read and discard all inputs.
Checking for deadlock:
There are 2 Blocked actors, 0 Stopped actors, and 3 active threads.
Waiting for actors to stop.
Sent output token with value 8.0
Next port to read input from is inputA
Called postfire()
Called prefire()
Called fire()
Read input token from inputA with value 9.0
Called prefire()
Called fire()
Past the end of training data. Read and discard all inputs.
Checking for deadlock:
There are 2 Blocked actors, 0 Stopped actors, and 3 active threads.
Waiting for actors to stop.
Sent output token with value 9.0
Next port to read input from is inputB
Called postfire()
Called prefire()
Called fire()
Called postfire()
Called prefire()
Called fire()
Checking for deadlock:
There are 2 Blocked actors, 0 Stopped actors, and 3 active threads.
Waiting for actors to stop.
Read input token from inputB with value 10.5
Called prefire()
Called fire()
Past the end of training data. Read and discard all inputs.
Checking for deadlock:
There are 2 Blocked actors, 0 Stopped actors, and 3 active threads.
Waiting for actors to stop.
Sent output token with value 9.0
Next port to read input from is inputA
Called postfire()
Called prefire()
Called fire()
Checking for deadlock:
There are 3 Blocked actors, 0 Stopped actors, and 3 active threads.
Actors have stopped.
Checking for deadlock:
There are 3 Blocked actors, 0 Stopped actors, and 3 active threads.
Deadlock detected.
Resolving Deadlock
Checking for deadlock:
There are 3 Blocked actors, 0 Stopped actors, and 3 active threads.
Artificial Deadlock - increasing queue capacity.
increasing the capacity of receiver ptolemy.actor.TypedIOPort {.top.OrderedMerge.inputB} to 2
Director: Called postfire().
Called postfire().
_stopRequested = false
_stopFireRequested = false
Returning from postfire(): true
Called fire().
Checking for deadlock:
There are 2 Blocked actors, 0 Stopped actors, and 3 active threads.
Waiting for actors to stop.
-- Thread wrapup() called.
Called wrapup()
Thread .top.Ramp2 is exiting.
-- Thread stopped.
Checking for deadlock:
There are 2 Blocked actors, 0 Stopped actors, and 2 active threads.
Actors have stopped.
Checking for deadlock:
There are 2 Blocked actors, 0 Stopped actors, and 2 active threads.
Deadlock detected.
Resolving Deadlock
Checking for deadlock:
There are 2 Blocked actors, 0 Stopped actors, and 2 active threads.
Deadlock detected: no processes blocked on write, but some are blocked on read.
Called postfire().
_stopRequested = false
_stopFireRequested = false
Returning from postfire(): false
Finished deactivating branches.
Called wrapup().
-- Thread wrapup() called.
Called wrapup()
Thread .top.Test is exiting.
-- Thread stopped.
-- Blocked Receiver call threw TerminateProcessException.
-- Thread wrapup() called.
Called wrapup()
Thread .top.OrderedMerge is exiting.
-- Thread stopped.
-- Blocked Receiver call threw TerminateProcessException.
66 ms. Memory: 145408K Free: 65235K (45%)
.top. Preinitializing ...
Invoking preinitialize():  .top.OrderedMerge
Called preinitialize()
Invoking preinitialize():  .top.Ramp
Called preinitialize()
Invoking preinitialize():  .top.Ramp2
Called preinitialize()
Invoking preinitialize():  .top.Test
Called preinitialize()
.top. Finished preinitialize().
Called initialize().
Invoking initialize():  .top.OrderedMerge
Initializing actor: .top.OrderedMerge
Adding a thread: .top.OrderedMerge
Invoking initialize():  .top.Ramp
Initializing actor: .top.Ramp
Adding a thread: .top.Ramp
Invoking initialize():  .top.Ramp2
Initializing actor: .top.Ramp2
Adding a thread: .top.Ramp2
Invoking initialize():  .top.Test
Initializing actor: .top.Test
Adding a thread: .top.Test
-- Starting thread.
Called initialize()
Called prefire()
Called fire()
Called fire().
Checking for deadlock:
There are 1 Blocked actors, 0 Stopped actors, and 4 active threads.
Waiting for actors to stop.
-- Starting thread.
Called initialize()
-- Starting thread.
Called prefire()
Called fire()
Called postfire()
Called prefire()
Called fire()
Checking for deadlock:
There are 2 Blocked actors, 0 Stopped actors, and 4 active threads.
Waiting for actors to stop.
Called initialize()
Called prefire()
Called fire()
Called postfire()
Called prefire()
Called fire()
Checking for deadlock:
There are 3 Blocked actors, 0 Stopped actors, and 4 active threads.
Waiting for actors to stop.
-- Starting thread.
Called initialize()
Called prefire()
Called fire()
Checking for deadlock:
There are 2 Blocked actors, 0 Stopped actors, and 4 active threads.
Waiting for actors to stop.
Called postfire()
Called prefire()
Called fire()
Checking for deadlock:
There are 3 Blocked actors, 0 Stopped actors, and 4 active threads.
Waiting for actors to stop.
Read input token from inputA with value 0.0
Next port to read input from is inputB
Called postfire()
Called prefire()
Called fire()
Checking for deadlock:
There are 2 Blocked actors, 0 Stopped actors, and 4 active threads.
Waiting for actors to stop.
Called postfire()
Called prefire()
Called fire()
Checking for deadlock:
There are 3 Blocked actors, 0 Stopped actors, and 4 active threads.
Waiting for actors to stop.
Read input token from inputB with value 0.0
Checking for deadlock:
There are 2 Blocked actors, 0 Stopped actors, and 4 active threads.
Waiting for actors to stop.
-- Read input: 0.0, which is expected to match: 0.0
Called prefire()
Called fire()
Sent output token with value 0.0
Next port to read input from is inputA
Called postfire()
Called prefire()
Called fire()
Read input token from inputA with value 1.0
Sent output token with value 0.0
Next port to read input from is inputB
Called postfire()
Called prefire()
Called fire()
Read input token from inputB with value 1.5
Checking for deadlock:
Called postfire()
There are 1 Blocked actors, 0 Stopped actors, and 4 active threads.
Called prefire()
Waiting for actors to stop.
Called fire()
Called postfire()
Called prefire()
Called fire()
-- Read input: 0.0, which is expected to match: 0.0
Called prefire()
Called fire()
Checking for deadlock:
There are 3 Blocked actors, 0 Stopped actors, and 4 active threads.
Waiting for actors to stop.
Checking for deadlock:
There are 2 Blocked actors, 0 Stopped actors, and 4 active threads.
Waiting for actors to stop.
-- Read input: 1.0, which is expected to match: 1.0
Called prefire()
Called fire()
Checking for deadlock:
There are 3 Blocked actors, 0 Stopped actors, and 4 active threads.
Waiting for actors to stop.
Sent output token with value 1.0
Next port to read input from is inputA
Called postfire()
Called prefire()
Called fire()
Read input token from inputA with value 2.0
Sent output token with value 1.5
Next port to read input from is inputB
Called postfire()
Called prefire()
Called fire()
Read input token from inputB with value 3.0
Checking for deadlock:
Called postfire()
There are 1 Blocked actors, 0 Stopped actors, and 4 active threads.
Called prefire()
Waiting for actors to stop.
Called fire()
Called postfire()
Called prefire()
Called fire()
-- Read input: 1.5, which is expected to match: 1.5
Called prefire()
Called fire()
Checking for deadlock:
There are 3 Blocked actors, 0 Stopped actors, and 4 active threads.
Waiting for actors to stop.
-- Read input: 2.0, which is expected to match: 2.0
Called prefire()
Called fire()
Checking for deadlock:
There are 3 Blocked actors, 0 Stopped actors, and 4 active threads.
Waiting for actors to stop.
Sent output token with value 2.0
Next port to read input from is inputA
Called postfire()
Called prefire()
Called fire()
Checking for deadlock:
There are 2 Blocked actors, 0 Stopped actors, and 4 active threads.
Waiting for actors to stop.
Read input token from inputA with value 3.0
-- Read input: 3.0, which is expected to match: 3.0
Called prefire()
Called fire()
Checking for deadlock:
There are 2 Blocked actors, 0 Stopped actors, and 4 active threads.
Waiting for actors to stop.
Sent output token with value 3.0
Next port to read input from is inputB
Called postfire()
Called prefire()
Called fire()
Checking for deadlock:
There are 1 Blocked actors, 0 Stopped actors, and 4 active threads.
Waiting for actors to stop.
Called postfire()
Called prefire()
Called fire()
Checking for deadlock:
There are 2 Blocked actors, 0 Stopped actors, and 4 active threads.
Waiting for actors to stop.
Read input token from inputB with value 4.5
Checking for deadlock:
There are 1 Blocked actors, 0 Stopped actors, and 4 active threads.
Waiting for actors to stop.
-- Read input: 3.0, which is expected to match: 3.0
Called prefire()
Called fire()
Checking for deadlock:
There are 2 Blocked actors, 0 Stopped actors, and 4 active threads.
Waiting for actors to stop.
Sent output token with value 3.0
Next port to read input from is inputA
Called postfire()
Called prefire()
Called fire()
Checking for deadlock:
There are 3 Blocked actors, 0 Stopped actors, and 4 active threads.
Waiting for actors to stop.
Called postfire()
Called prefire()
Called fire()
Checking for deadlock:
There are 2 Blocked actors, 0 Stopped actors, and 4 active threads.
Waiting for actors to stop.
Checking for deadlock:
There are 3 Blocked actors, 0 Stopped actors, and 4 active threads.
Waiting for actors to stop.
Checking for deadlock:
There are 2 Blocked actors, 0 Stopped actors, and 4 active threads.
Waiting for actors to stop.
Called postfire()
Called prefire()
Called fire()
Read input token from inputA with value 4.0
Checking for deadlock:
There are 3 Blocked actors, 0 Stopped actors, and 4 active threads.
Waiting for actors to stop.
Checking for deadlock:
There are 2 Blocked actors, 0 Stopped actors, and 4 active threads.
Waiting for actors to stop.
-- Read input: 4.0, which is expected to match: 4.0
Called prefire()
Called fire()
Past the end of training data. Read and discard all inputs.
Sent output token with value 4.0
Checking for deadlock:
There are 3 Blocked actors, 0 Stopped actors, and 4 active threads.
Waiting for actors to stop.
Next port to read input from is inputA
Called postfire()
Called prefire()
Called fire()
Checking for deadlock:
There are 2 Blocked actors, 0 Stopped actors, and 4 active threads.
Waiting for actors to stop.
Called postfire()
Read input token from inputA with value 5.0
Called prefire()
Called fire()
Called prefire()
Called fire()
Past the end of training data. Read and discard all inputs.
Checking for deadlock:
There are 3 Blocked actors, 0 Stopped actors, and 4 active threads.
Waiting for actors to stop.
Sent output token with value 4.5
Next port to read input from is inputB
Called postfire()
Called prefire()
Called fire()
Called postfire()
Called prefire()
Called fire()
Checking for deadlock:
There are 3 Blocked actors, 0 Stopped actors, and 4 active threads.
Waiting for actors to stop.
Read input token from inputB with value 6.0
Called prefire()
Called fire()
Past the end of training data. Read and discard all inputs.
Checking for deadlock:
There are 3 Blocked actors, 0 Stopped actors, and 4 active threads.
Waiting for actors to stop.
Sent output token with value 5.0
Next port to read input from is inputA
Called postfire()
Called prefire()
Called fire()
Checking for deadlock:
There are 2 Blocked actors, 0 Stopped actors, and 4 active threads.
Waiting for actors to stop.
Called postfire()
Called prefire()
Called fire()
Read input token from inputA with value 6.0
Checking for deadlock:
There are 3 Blocked actors, 0 Stopped actors, and 4 active threads.
Waiting for actors to stop.
Checking for deadlock:
There are 2 Blocked actors, 0 Stopped actors, and 4 active threads.
Waiting for actors to stop.
Called prefire()
Called fire()
Past the end of training data. Read and discard all inputs.
Checking for deadlock:
There are 3 Blocked actors, 0 Stopped actors, and 4 active threads.
Waiting for actors to stop.
Sent output token with value 6.0
Next port to read input from is inputB
Called postfire()
Called prefire()
Called fire()
Called postfire()
Called prefire()
Called fire()
Checking for deadlock:
There are 3 Blocked actors, 0 Stopped actors, and 4 active threads.
Waiting for actors to stop.
Read input token from inputB with value 7.5
Called prefire()
Called fire()
Past the end of training data. Read and discard all inputs.
Checking for deadlock:
There are 3 Blocked actors, 0 Stopped actors, and 4 active threads.
Waiting for actors to stop.
Sent output token with value 6.0
Next port to read input from is inputA
Called postfire()
Called prefire()
Called fire()
Checking for deadlock:
There are 2 Blocked actors, 0 Stopped actors, and 4 active threads.
Waiting for actors to stop.
Called postfire()
Called prefire()
Called fire()
Read input token from inputA with value 7.0
Called prefire()
Called fire()
Past the end of training data. Read and discard all inputs.
Checking for deadlock:
There are 3 Blocked actors, 0 Stopped actors, and 4 active threads.
Waiting for actors to stop.
Sent output token with value 7.0
Next port to read input from is inputA
Called postfire()
Called prefire()
Called fire()
Checking for deadlock:
-- Thread wrapup() called.
There are 2 Blocked actors, 0 Stopped actors, and 4 active threads.
Called wrapup()
Waiting for actors to stop.
Thread .top.Ramp is exiting.
-- Thread stopped.
Checking for deadlock:
There are 2 Blocked actors, 0 Stopped actors, and 3 active threads.
Waiting for actors to stop.
Read input token from inputA with value 8.0
Called prefire()
Called fire()
Past the end of training data. Read and discard all inputs.
Checking for deadlock:
There are 2 Blocked actors, 0 Stopped actors, and 3 active threads.
Waiting for actors to stop.
Sent output token with value 7.5
Next port to read input from is inputB
Called postfire()
Called prefire()
Called fire()
Checking for deadlock:
There are 1 Blocked actors, 0 Stopped actors, and 3 active threads.
Waiting for actors to stop.
Called postfire()
Called prefire()
Called fire()
Checking for deadlock:
There are 2 Blocked actors, 0 Stopped actors, and 3 active threads.
Waiting for actors to stop.
Read input token from inputB with value 9.0
Checking for deadlock:
There are 1 Blocked actors, 0 Stopped actors, and 3 active threads.
Waiting for actors to stop.
Called prefire()
Called fire()
Past the end of training data. Read and discard all inputs.
Checking for deadlock:
There are 2 Blocked actors, 0 Stopped actors, and 3 active threads.
Waiting for actors to stop.
Sent output token with value 8.0
Next port to read input from is inputA
Called postfire()
Called prefire()
Called fire()
Read input token from inputA with value 9.0
Called prefire()
Called fire()
Past the end of training data. Read and discard all inputs.
Checking for deadlock:
There are 2 Blocked actors, 0 Stopped actors, and 3 active threads.
Waiting for actors to stop.
Sent output token with value 9.0
Next port to read input from is inputB
Called postfire()
Called prefire()
Called fire()
Called postfire()
Called prefire()
Called fire()
Checking for deadlock:
There are 2 Blocked actors, 0 Stopped actors, and 3 active threads.
Waiting for actors to stop.
Read input token from inputB with value 10.5
Called prefire()
Called fire()
Past the end of training data. Read and discard all inputs.
Checking for deadlock:
There are 2 Blocked actors, 0 Stopped actors, and 3 active threads.
Waiting for actors to stop.
Sent output token with value 9.0
Next port to read input from is inputA
Called postfire()
Called prefire()
Called fire()
Checking for deadlock:
There are 3 Blocked actors, 0 Stopped actors, and 3 active threads.
Actors have stopped.
Checking for deadlock:
There are 3 Blocked actors, 0 Stopped actors, and 3 active threads.
Deadlock detected.
Resolving Deadlock
Checking for deadlock:
There are 3 Blocked actors, 0 Stopped actors, and 3 active threads.
Artificial Deadlock - increasing queue capacity.
increasing the capacity of receiver ptolemy.actor.TypedIOPort {.top.OrderedMerge.inputB} to 2
Director: Called postfire().
Called postfire().
_stopRequested = false
_stopFireRequested = false
Returning from postfire(): true
Called fire().
Checking for deadlock:
There are 2 Blocked actors, 0 Stopped actors, and 3 active threads.
Waiting for actors to stop.
-- Thread wrapup() called.
Called wrapup()
Thread .top.Ramp2 is exiting.
-- Thread stopped.
Checking for deadlock:
There are 2 Blocked actors, 0 Stopped actors, and 2 active threads.
Actors have stopped.
Checking for deadlock:
There are 2 Blocked actors, 0 Stopped actors, and 2 active threads.
Deadlock detected.
Resolving Deadlock
Checking for deadlock:
There are 2 Blocked actors, 0 Stopped actors, and 2 active threads.
Deadlock detected: no processes blocked on write, but some are blocked on read.
Called postfire().
_stopRequested = false
_stopFireRequested = false
Returning from postfire(): false
Finished deactivating branches.
Called wrapup().
-- Thread wrapup() called.
Called wrapup()
-- Thread wrapup() called.
Called wrapup()
Thread .top.Test is exiting.
-- Thread stopped.
-- Blocked Receiver call threw TerminateProcessException.
Thread .top.OrderedMerge is exiting.
33 ms. Memory: 145408K Free: 128392K (88%)
/home/travis/build/icyphy/ptII/ptolemy/actor/lib/test/Publisher.tcl
-- Thread stopped.
-- Blocked Receiver call threw TerminateProcessException.
6 ms. Memory: 145408K Free: 122250K (84%)
9 ms. Memory: 145408K Free: 116586K (80%)
3 ms. Memory: 145408K Free: 126263K (87%)
21 ms. Memory: 145408K Free: 125759K (86%)
2 ms. Memory: 145408K Free: 124735K (86%)
6 ms. Memory: 145408K Free: 123711K (85%)
2 ms. Memory: 145408K Free: 123167K (85%)
37 ms. Memory: 145408K Free: 122173K (84%)
23 ms. Memory: 145408K Free: 112447K (77%)
6 ms. Memory: 145408K Free: 108351K (75%)
3 ms. Memory: 145408K Free: 107831K (74%)
3 ms. Memory: 145408K Free: 105789K (73%)
13 ms. Memory: 145408K Free: 97597K (67%)
6 ms. Memory: 145408K Free: 88381K (61%)
5 ms. Memory: 145408K Free: 77117K (53%)
/home/travis/build/icyphy/ptII/ptolemy/actor/lib/test/Pulse.tcl
2 ms. Memory: 145408K Free: 109795K (76%)
1 ms. Memory: 145408K Free: 109281K (75%)
1 ms. Memory: 145408K Free: 108771K (75%)
1 ms. Memory: 145408K Free: 108257K (74%)
1 ms. Memory: 145408K Free: 107747K (74%)
5 ms. Memory: 145408K Free: 106209K (73%)
2 ms. Memory: 145408K Free: 105171K (72%)
2 ms. Memory: 145408K Free: 104675K (72%)
1 ms. Memory: 145408K Free: 104161K (72%)
/home/travis/build/icyphy/ptII/ptolemy/actor/lib/test/Ramp.tcl
2 ms. Memory: 145408K Free: 102099K (70%)
2 ms. Memory: 145408K Free: 101075K (70%)
1 ms. Memory: 145408K Free: 100579K (69%)
1 ms. Memory: 145408K Free: 99555K (68%)
4 ms. Memory: 145408K Free: 99041K (68%)
5 ms. Memory: 145408K Free: 98011K (67%)
4 ms. Memory: 145408K Free: 96993K (67%)
5 actors
4000 microseconds per iteration to create
5 ms. Memory: 145408K Free: 94435K (65%)
2 ms. Memory: 145408K Free: 93907K (65%)
1 ms. Memory: 145408K Free: 93411K (64%)
2 ms. Memory: 145408K Free: 92387K (64%)
50 actors
31000 microseconds per iteration to create
26 ms. Memory: 145408K Free: 77027K (53%)
5 ms. Memory: 145408K Free: 76003K (52%)
4 ms. Memory: 145408K Free: 74979K (52%)
5 ms. Memory: 145408K Free: 73955K (51%)
500 actors
1608000 microseconds per iteration to create
272 ms. Memory: 175104K Free: 93432K (53%)
39 ms. Memory: 175104K Free: 88312K (50%)
38 ms. Memory: 175104K Free: 83192K (48%)
39 ms. Memory: 175104K Free: 78072K (45%)
/home/travis/build/icyphy/ptII/ptolemy/actor/lib/test/RampContinuous.tcl
8 ms. Memory: 175104K Free: 76520K (44%)
/home/travis/build/icyphy/ptII/ptolemy/actor/lib/test/RecordAssembler.tcl
5 ms. Memory: 175104K Free: 75000K (43%)
3 ms. Memory: 175104K Free: 73976K (42%)
/home/travis/build/icyphy/ptII/ptolemy/actor/lib/test/RecordDisassembler.tcl
14 ms. Memory: 175104K Free: 71928K (41%)
2 ms. Memory: 175104K Free: 71414K (41%)
3 ms. Memory: 175104K Free: 70390K (40%)
/home/travis/build/icyphy/ptII/ptolemy/actor/lib/test/Scale.tcl
2 ms. Memory: 175104K Free: 68312K (39%)
2 ms. Memory: 175104K Free: 67832K (39%)
1 ms. Memory: 175104K Free: 66808K (38%)
2 ms. Memory: 175104K Free: 65784K (38%)
3 ms. Memory: 175104K Free: 65270K (37%)
/home/travis/build/icyphy/ptII/ptolemy/actor/lib/test/SequentialClock.tcl
preinitializing
resolving types
initializing
executing number 1
wrapping up
idle
2 ms. Memory: 175104K Free: 63736K (36%)
Completed execution with 5 iterations
preinitializing
resolving types
initializing
executing number 1
wrapping up
idle
1 ms. Memory: 175104K Free: 63192K (36%)
Completed execution with 5 iterations
preinitializing
resolving types
initializing
executing number 1
wrapping up
idle
1 ms. Memory: 175104K Free: 62712K (36%)
Completed execution with 5 iterations
/home/travis/build/icyphy/ptII/ptolemy/actor/lib/test/SetVariable.tcl
4 ms. Memory: 175104K Free: 61174K (35%)


==== $PTII/ptolemy/actor/lib/test/SetVariable.tcl: SetVariable-3.1 changeFailed
==== Contents of test case:

    #Uses 2.1 above
    jdkCaptureErr {
        # This test was failing if we ran Exit.tcl and then this test.
        # MessageHandler.error() now actually throws the Exception.
	catch {$setVariable changeFailed [java::null]  [java::new Exception {Test exception for SetVariable.changeFailed()}]} errMsg
    } results
    list [string range $results 0 89] "\n" $errMsg

==== Result was:
{java.lang.Exception: Test exception for SetVariable.changeFailed()
	at java.base/jdk.inter} {
} {java.lang.RuntimeException: java.lang.Exception: Test exception for SetVariable.changeFailed()}
---- Result should have been:
{Failed to set variable.
java.lang.Exception: Test exception for SetVariable.changeFailed()} {
} {java.lang.RuntimeException: java.lang.Exception: Test exception for SetVariable.changeFailed()}
---- SetVariable-3.1 FAILED
/home/travis/build/icyphy/ptII/ptolemy/actor/lib/test/Sinewave.tcl
/home/travis/build/icyphy/ptII/ptolemy/actor/lib/test/SubscriptionAggregator.tcl
4 ms. Memory: 175104K Free: 143924K (82%)
4 ms. Memory: 175104K Free: 143414K (82%)
1 ms. Memory: 175104K Free: 142900K (82%)
0 ms. Memory: 175104K Free: 142390K (81%)
2 ms. Memory: 175104K Free: 138798K (79%)
8 ms. Memory: 175104K Free: 136756K (78%)
...............................................................1088 ms. Memory: 272384K Free: 167261K (61%)
/home/travis/build/icyphy/ptII/ptolemy/actor/lib/test/Test.tcl
 The next command will produce a warning about training mode,
   which may be ignored.
4 ms. Memory: 272384K Free: 165215K (61%)
2 ms. Memory: 272384K Free: 164686K (60%)
1 ms. Memory: 272384K Free: 163677K (60%)
1 ms. Memory: 272384K Free: 163167K (60%)
1 ms. Memory: 272384K Free: 162646K (60%)
3 ms. Memory: 272384K Free: 161614K (59%)
3 ms. Memory: 272384K Free: 160095K (59%)
 The next command will produce a warning about training mode,
   which may be ignored.
4 ms. Memory: 272384K Free: 157518K (58%)
 The next command will produce a warning about training mode,
   which may be ignored.
2 ms. Memory: 272384K Free: 156502K (57%)
1 ms. Memory: 272384K Free: 155999K (57%)
1 ms. Memory: 272384K Free: 155470K (57%)
1 ms. Memory: 272384K Free: 154975K (57%)
6 ms. Memory: 272384K Free: 153951K (57%)
4 ms. Memory: 272384K Free: 150358K (55%)
/home/travis/build/icyphy/ptII/ptolemy/actor/lib/test/TestExceptionHandler.tcl
 The next command will produce a warning about training mode,
   which may be ignored.
2 ms. Memory: 272384K Free: 148831K (55%)
1 ms. Memory: 272384K Free: 148310K (54%)
1 ms. Memory: 272384K Free: 147807K (54%)
/home/travis/build/icyphy/ptII/ptolemy/actor/lib/test/UnionDisassembler.tcl
33 ms. Memory: 272384K Free: 140639K (52%)
/home/travis/build/icyphy/ptII/ptolemy/actor/lib/test/VariableClock.tcl
preinitializing
resolving types
initializing
executing number 1
wrapping up
idle
3 ms. Memory: 272384K Free: 138591K (51%)
Completed execution with 11 iterations
preinitializing
resolving types
initializing
executing number 1
wrapping up
idle
3 ms. Memory: 272384K Free: 137567K (51%)
Completed execution with 10 iterations
11/06/19 10:09:32
Failed: 1  Total Tests: 234  ((Passed: 233, Newly Passed: 0)  Known Failed: 0) /home/travis/build/icyphy/ptII/ptolemy/actor/lib/test
----------------- testing (KnownFailure) /home/travis/build/icyphy/ptII/ptolemy/actor/lib/test/auto/knownFailedTests/PublisherPortToplevelSubscriber.xml
0 ms. Memory: 272384K Free: 133981K (49%)
Known Failure: java.lang.reflect.InvocationTargetException
----------------- testing (KnownFailure) /home/travis/build/icyphy/ptII/ptolemy/actor/lib/test/auto/knownFailedTests/PublisherSubscriberPortToplevel.xml
1 ms. Memory: 272384K Free: 129870K (48%)
Known Failure: java.lang.reflect.InvocationTargetException
----------------- testing (KnownFailure) /home/travis/build/icyphy/ptII/ptolemy/actor/lib/test/auto/knownFailedTests/PublisherSubscriptionAggregatorPort.xml
1 ms. Memory: 272384K Free: 125279K (46%)
Known Failure: java.lang.reflect.InvocationTargetException
----------------- testing (KnownFailure) /home/travis/build/icyphy/ptII/ptolemy/actor/lib/test/auto/knownFailedTests/sizedarray3.xml
3 ms. Memory: 272384K Free: 121183K (44%)
Known Failure: java.lang.reflect.InvocationTargetException
No auto/linux-amd64/*.xml tests in /home/travis/build/icyphy/ptII/ptolemy/actor/lib/test
AutoTests.java: About to close Vertx.
AutoTests.java: Vertx closed.

===========================================================================================
----------------- testing Wed Nov 06 22:09:32 UTC 2019 /home/travis/build/icyphy/ptII/ptolemy/actor/lib/test/auto/AbsoluteValue.xml
----------------- Instantiating /home/travis/build/icyphy/ptII/ptolemy/actor/lib/test/auto/AbsoluteValue.xml
9 ms. Memory: 272384K Free: 98141K (36%)
----------------- Invoking toplevel() on ptolemy.moml.MoMLSimpleApplication@4828ef43
----------------- Done invoking toplevel() on ptolemy.moml.MoMLSimpleApplication@4828ef43
reloadAllAccessors: .AbsoluteValue

===========================================================================================
----------------- testing Wed Nov 06 22:09:33 UTC 2019 /home/travis/build/icyphy/ptII/ptolemy/actor/lib/test/auto/AbsoluteValue2.xml
----------------- Instantiating /home/travis/build/icyphy/ptII/ptolemy/actor/lib/test/auto/AbsoluteValue2.xml
4 ms. Memory: 272384K Free: 91487K (34%)
----------------- Invoking toplevel() on ptolemy.moml.MoMLSimpleApplication@7f5c468c
----------------- Done invoking toplevel() on ptolemy.moml.MoMLSimpleApplication@7f5c468c
reloadAllAccessors: .AbsoluteValue2

===========================================================================================
----------------- testing Wed Nov 06 22:09:33 UTC 2019 /home/travis/build/icyphy/ptII/ptolemy/actor/lib/test/auto/Accumulator.xml
----------------- Instantiating /home/travis/build/icyphy/ptII/ptolemy/actor/lib/test/auto/Accumulator.xml
5 ms. Memory: 272384K Free: 222414K (82%)
----------------- Invoking toplevel() on ptolemy.moml.MoMLSimpleApplication@59c6cb1e
----------------- Done invoking toplevel() on ptolemy.moml.MoMLSimpleApplication@59c6cb1e
reloadAllAccessors: .Accumulator

===========================================================================================
----------------- testing Wed Nov 06 22:09:33 UTC 2019 /home/travis/build/icyphy/ptII/ptolemy/actor/lib/test/auto/Accumulator2.xml
----------------- Instantiating /home/travis/build/icyphy/ptII/ptolemy/actor/lib/test/auto/Accumulator2.xml
3 ms. Memory: 272384K Free: 216780K (80%)
----------------- Invoking toplevel() on ptolemy.moml.MoMLSimpleApplication@42d60f4e
----------------- Done invoking toplevel() on ptolemy.moml.MoMLSimpleApplication@42d60f4e
reloadAllAccessors: .Accumulator2

===========================================================================================
----------------- testing Wed Nov 06 22:09:33 UTC 2019 /home/travis/build/icyphy/ptII/ptolemy/actor/lib/test/auto/Accumulator3.xml
----------------- Instantiating /home/travis/build/icyphy/ptII/ptolemy/actor/lib/test/auto/Accumulator3.xml
6 ms. Memory: 272384K Free: 212684K (78%)
----------------- Invoking toplevel() on ptolemy.moml.MoMLSimpleApplication@635f3eda
----------------- Done invoking toplevel() on ptolemy.moml.MoMLSimpleApplication@635f3eda
reloadAllAccessors: .Accumulator3

===========================================================================================
----------------- testing Wed Nov 06 22:09:33 UTC 2019 /home/travis/build/icyphy/ptII/ptolemy/actor/lib/test/auto/ArrayAppend.xml
----------------- Instantiating /home/travis/build/icyphy/ptII/ptolemy/actor/lib/test/auto/ArrayAppend.xml
4 ms. Memory: 272384K Free: 206510K (76%)
----------------- Invoking toplevel() on ptolemy.moml.MoMLSimpleApplication@43f991bc
----------------- Done invoking toplevel() on ptolemy.moml.MoMLSimpleApplication@43f991bc
reloadAllAccessors: .ArrayAppend

===========================================================================================
----------------- testing Wed Nov 06 22:09:33 UTC 2019 /home/travis/build/icyphy/ptII/ptolemy/actor/lib/test/auto/ArrayAppend2.xml
----------------- Instantiating /home/travis/build/icyphy/ptII/ptolemy/actor/lib/test/auto/ArrayAppend2.xml
439 ms. Memory: 272384K Free: 124110K (46%)
----------------- Invoking toplevel() on ptolemy.moml.MoMLSimpleApplication@1b14f989
----------------- Done invoking toplevel() on ptolemy.moml.MoMLSimpleApplication@1b14f989
reloadAllAccessors: .ArrayAppend2

===========================================================================================
----------------- testing Wed Nov 06 22:09:33 UTC 2019 /home/travis/build/icyphy/ptII/ptolemy/actor/lib/test/auto/ArrayAppend3.xml
----------------- Instantiating /home/travis/build/icyphy/ptII/ptolemy/actor/lib/test/auto/ArrayAppend3.xml
8 ms. Memory: 272384K Free: 118476K (43%)
----------------- Invoking toplevel() on ptolemy.moml.MoMLSimpleApplication@29b3ade6
----------------- Done invoking toplevel() on ptolemy.moml.MoMLSimpleApplication@29b3ade6
reloadAllAccessors: .ArrayAppend3

===========================================================================================
----------------- testing Wed Nov 06 22:09:33 UTC 2019 /home/travis/build/icyphy/ptII/ptolemy/actor/lib/test/auto/ArrayAppend4.xml
----------------- Instantiating /home/travis/build/icyphy/ptII/ptolemy/actor/lib/test/auto/ArrayAppend4.xml
2 ms. Memory: 272384K Free: 113356K (42%)
----------------- Invoking toplevel() on ptolemy.moml.MoMLSimpleApplication@9429e7e
----------------- Done invoking toplevel() on ptolemy.moml.MoMLSimpleApplication@9429e7e
reloadAllAccessors: .ArrayAppend4

===========================================================================================
----------------- testing Wed Nov 06 22:09:33 UTC 2019 /home/travis/build/icyphy/ptII/ptolemy/actor/lib/test/auto/ArrayAppend5.xml
----------------- Instantiating /home/travis/build/icyphy/ptII/ptolemy/actor/lib/test/auto/ArrayAppend5.xml
2 ms. Memory: 272384K Free: 108236K (40%)
----------------- Invoking toplevel() on ptolemy.moml.MoMLSimpleApplication@62de68ea
----------------- Done invoking toplevel() on ptolemy.moml.MoMLSimpleApplication@62de68ea
reloadAllAccessors: .ArrayAppend5

===========================================================================================
----------------- testing Wed Nov 06 22:09:33 UTC 2019 /home/travis/build/icyphy/ptII/ptolemy/actor/lib/test/auto/ArrayAppend6.xml
----------------- Instantiating /home/travis/build/icyphy/ptII/ptolemy/actor/lib/test/auto/ArrayAppend6.xml
3 ms. Memory: 272384K Free: 102606K (38%)
----------------- Invoking toplevel() on ptolemy.moml.MoMLSimpleApplication@434df61a
----------------- Done invoking toplevel() on ptolemy.moml.MoMLSimpleApplication@434df61a
reloadAllAccessors: .ArrayAppend6

===========================================================================================
----------------- testing Wed Nov 06 22:09:33 UTC 2019 /home/travis/build/icyphy/ptII/ptolemy/actor/lib/test/auto/ArrayAppendPerformanceTest.xml
----------------- Instantiating /home/travis/build/icyphy/ptII/ptolemy/actor/lib/test/auto/ArrayAppendPerformanceTest.xml
27 ms. Memory: 272384K Free: 91852K (34%)
----------------- Invoking toplevel() on ptolemy.moml.MoMLSimpleApplication@1e0a8886
----------------- Done invoking toplevel() on ptolemy.moml.MoMLSimpleApplication@1e0a8886
reloadAllAccessors: .ArrayAppendPerformanceTest

===========================================================================================
----------------- testing Wed Nov 06 22:09:34 UTC 2019 /home/travis/build/icyphy/ptII/ptolemy/actor/lib/test/auto/ArrayAppendWithEmptyInput.xml
----------------- Instantiating /home/travis/build/icyphy/ptII/ptolemy/actor/lib/test/auto/ArrayAppendWithEmptyInput.xml
16 ms. Memory: 497664K Free: 447998K (90%)
----------------- Invoking toplevel() on ptolemy.moml.MoMLSimpleApplication@2e9fdb29
----------------- Done invoking toplevel() on ptolemy.moml.MoMLSimpleApplication@2e9fdb29
reloadAllAccessors: .ArrayAppendWithEmptyInput

===========================================================================================
----------------- testing Wed Nov 06 22:09:34 UTC 2019 /home/travis/build/icyphy/ptII/ptolemy/actor/lib/test/auto/ArrayAverage.xml
----------------- Instantiating /home/travis/build/icyphy/ptII/ptolemy/actor/lib/test/auto/ArrayAverage.xml
9 ms. Memory: 497664K Free: 440320K (88%)
----------------- Invoking toplevel() on ptolemy.moml.MoMLSimpleApplication@3792c8fe
----------------- Done invoking toplevel() on ptolemy.moml.MoMLSimpleApplication@3792c8fe
reloadAllAccessors: .ArrayAverage

===========================================================================================
----------------- testing Wed Nov 06 22:09:34 UTC 2019 /home/travis/build/icyphy/ptII/ptolemy/actor/lib/test/auto/ArrayContains.xml
----------------- Instantiating /home/travis/build/icyphy/ptII/ptolemy/actor/lib/test/auto/ArrayContains.xml
3 ms. Memory: 497664K Free: 434686K (87%)
----------------- Invoking toplevel() on ptolemy.moml.MoMLSimpleApplication@4c89030a
----------------- Done invoking toplevel() on ptolemy.moml.MoMLSimpleApplication@4c89030a
reloadAllAccessors: .ArrayContains

===========================================================================================
----------------- testing Wed Nov 06 22:09:34 UTC 2019 /home/travis/build/icyphy/ptII/ptolemy/actor/lib/test/auto/ArrayElement.xml
----------------- Instantiating /home/travis/build/icyphy/ptII/ptolemy/actor/lib/test/auto/ArrayElement.xml
4 ms. Memory: 497664K Free: 428542K (86%)
----------------- Invoking toplevel() on ptolemy.moml.MoMLSimpleApplication@164dccdf
----------------- Done invoking toplevel() on ptolemy.moml.MoMLSimpleApplication@164dccdf
reloadAllAccessors: .ArrayElement

===========================================================================================
----------------- testing Wed Nov 06 22:09:34 UTC 2019 /home/travis/build/icyphy/ptII/ptolemy/actor/lib/test/auto/ArrayElementAsMatrix.xml
----------------- Instantiating /home/travis/build/icyphy/ptII/ptolemy/actor/lib/test/auto/ArrayElementAsMatrix.xml
18 ms. Memory: 497664K Free: 418816K (84%)
----------------- Invoking toplevel() on ptolemy.moml.MoMLSimpleApplication@27be7c6d
----------------- Done invoking toplevel() on ptolemy.moml.MoMLSimpleApplication@27be7c6d
reloadAllAccessors: .ArrayElementAsMatrix

===========================================================================================
----------------- testing Wed Nov 06 22:09:34 UTC 2019 /home/travis/build/icyphy/ptII/ptolemy/actor/lib/test/auto/ArrayElementI.xml
----------------- Instantiating /home/travis/build/icyphy/ptII/ptolemy/actor/lib/test/auto/ArrayElementI.xml
6 ms. Memory: 497664K Free: 413696K (83%)
----------------- Invoking toplevel() on ptolemy.moml.MoMLSimpleApplication@4f59d84f
----------------- Done invoking toplevel() on ptolemy.moml.MoMLSimpleApplication@4f59d84f
reloadAllAccessors: .ArrayElementI

===========================================================================================
----------------- testing Wed Nov 06 22:09:34 UTC 2019 /home/travis/build/icyphy/ptII/ptolemy/actor/lib/test/auto/ArrayExtract.xml
----------------- Instantiating /home/travis/build/icyphy/ptII/ptolemy/actor/lib/test/auto/ArrayExtract.xml
7 ms. Memory: 497664K Free: 404990K (81%)
----------------- Invoking toplevel() on ptolemy.moml.MoMLSimpleApplication@45605671
----------------- Done invoking toplevel() on ptolemy.moml.MoMLSimpleApplication@45605671
reloadAllAccessors: .ArrayExtract

===========================================================================================
----------------- testing Wed Nov 06 22:09:34 UTC 2019 /home/travis/build/icyphy/ptII/ptolemy/actor/lib/test/auto/ArrayExtract2.xml
----------------- Instantiating /home/travis/build/icyphy/ptII/ptolemy/actor/lib/test/auto/ArrayExtract2.xml
2 ms. Memory: 497664K Free: 399360K (80%)
----------------- Invoking toplevel() on ptolemy.moml.MoMLSimpleApplication@47516300
----------------- Done invoking toplevel() on ptolemy.moml.MoMLSimpleApplication@47516300
reloadAllAccessors: .ArrayExtract2

===========================================================================================
----------------- testing Wed Nov 06 22:09:34 UTC 2019 /home/travis/build/icyphy/ptII/ptolemy/actor/lib/test/auto/ArrayLength.xml
----------------- Instantiating /home/travis/build/icyphy/ptII/ptolemy/actor/lib/test/auto/ArrayLength.xml
2 ms. Memory: 497664K Free: 395774K (80%)
----------------- Invoking toplevel() on ptolemy.moml.MoMLSimpleApplication@65e57e43
----------------- Done invoking toplevel() on ptolemy.moml.MoMLSimpleApplication@65e57e43
reloadAllAccessors: .ArrayLength

===========================================================================================
----------------- testing Wed Nov 06 22:09:34 UTC 2019 /home/travis/build/icyphy/ptII/ptolemy/actor/lib/test/auto/ArrayLevelCrossing.xml
----------------- Instantiating /home/travis/build/icyphy/ptII/ptolemy/actor/lib/test/auto/ArrayLevelCrossing.xml
6 ms. Memory: 497664K Free: 387582K (78%)
----------------- Invoking toplevel() on ptolemy.moml.MoMLSimpleApplication@3b362b6a
----------------- Done invoking toplevel() on ptolemy.moml.MoMLSimpleApplication@3b362b6a
reloadAllAccessors: .ArrayLevelCrossing

===========================================================================================
----------------- testing Wed Nov 06 22:09:34 UTC 2019 /home/travis/build/icyphy/ptII/ptolemy/actor/lib/test/auto/ArrayLevelCrossing2.xml
----------------- Instantiating /home/travis/build/icyphy/ptII/ptolemy/actor/lib/test/auto/ArrayLevelCrossing2.xml
3 ms. Memory: 497664K Free: 380928K (77%)
----------------- Invoking toplevel() on ptolemy.moml.MoMLSimpleApplication@5bd67457
----------------- Done invoking toplevel() on ptolemy.moml.MoMLSimpleApplication@5bd67457
reloadAllAccessors: .ArrayLevelCrossing2

===========================================================================================
----------------- testing Wed Nov 06 22:09:34 UTC 2019 /home/travis/build/icyphy/ptII/ptolemy/actor/lib/test/auto/ArrayPeakSearch.xml
----------------- Instantiating /home/travis/build/icyphy/ptII/ptolemy/actor/lib/test/auto/ArrayPeakSearch.xml
8 ms. Memory: 497664K Free: 371712K (75%)
----------------- Invoking toplevel() on ptolemy.moml.MoMLSimpleApplication@10213fed
----------------- Done invoking toplevel() on ptolemy.moml.MoMLSimpleApplication@10213fed
reloadAllAccessors: .ArrayPeakSearch

===========================================================================================
----------------- testing Wed Nov 06 22:09:34 UTC 2019 /home/travis/build/icyphy/ptII/ptolemy/actor/lib/test/auto/ArrayPeakSearch2.xml
----------------- Instantiating /home/travis/build/icyphy/ptII/ptolemy/actor/lib/test/auto/ArrayPeakSearch2.xml
12 ms. Memory: 497664K Free: 361472K (73%)
----------------- Invoking toplevel() on ptolemy.moml.MoMLSimpleApplication@5b941ddd
----------------- Done invoking toplevel() on ptolemy.moml.MoMLSimpleApplication@5b941ddd
reloadAllAccessors: .ArrayPeakSearch2

===========================================================================================
----------------- testing Wed Nov 06 22:09:34 UTC 2019 /home/travis/build/icyphy/ptII/ptolemy/actor/lib/test/auto/ArrayPeakSearch3.xml
----------------- Instantiating /home/travis/build/icyphy/ptII/ptolemy/actor/lib/test/auto/ArrayPeakSearch3.xml
8 ms. Memory: 497664K Free: 352766K (71%)
----------------- Invoking toplevel() on ptolemy.moml.MoMLSimpleApplication@450ea310
----------------- Done invoking toplevel() on ptolemy.moml.MoMLSimpleApplication@450ea310
reloadAllAccessors: .ArrayPeakSearch3

===========================================================================================
----------------- testing Wed Nov 06 22:09:34 UTC 2019 /home/travis/build/icyphy/ptII/ptolemy/actor/lib/test/auto/ArrayRemoveElement.xml
----------------- Instantiating /home/travis/build/icyphy/ptII/ptolemy/actor/lib/test/auto/ArrayRemoveElement.xml
4 ms. Memory: 497664K Free: 344574K (69%)
----------------- Invoking toplevel() on ptolemy.moml.MoMLSimpleApplication@7489307a
----------------- Done invoking toplevel() on ptolemy.moml.MoMLSimpleApplication@7489307a
reloadAllAccessors: .ArrayRemoveElement

===========================================================================================
----------------- testing Wed Nov 06 22:09:34 UTC 2019 /home/travis/build/icyphy/ptII/ptolemy/actor/lib/test/auto/ArraySort.xml
----------------- Instantiating /home/travis/build/icyphy/ptII/ptolemy/actor/lib/test/auto/ArraySort.xml
8 ms. Memory: 497664K Free: 335872K (67%)
----------------- Invoking toplevel() on ptolemy.moml.MoMLSimpleApplication@50b6462c
----------------- Done invoking toplevel() on ptolemy.moml.MoMLSimpleApplication@50b6462c
reloadAllAccessors: .ArraySort

===========================================================================================
----------------- testing Wed Nov 06 22:09:34 UTC 2019 /home/travis/build/icyphy/ptII/ptolemy/actor/lib/test/auto/ArraySum.xml
----------------- Instantiating /home/travis/build/icyphy/ptII/ptolemy/actor/lib/test/auto/ArraySum.xml
6 ms. Memory: 497664K Free: 330238K (66%)
----------------- Invoking toplevel() on ptolemy.moml.MoMLSimpleApplication@7f1aed4c
----------------- Done invoking toplevel() on ptolemy.moml.MoMLSimpleApplication@7f1aed4c
reloadAllAccessors: .ArraySum

===========================================================================================
----------------- testing Wed Nov 06 22:09:34 UTC 2019 /home/travis/build/icyphy/ptII/ptolemy/actor/lib/test/auto/ArrayToElements.xml
----------------- Instantiating /home/travis/build/icyphy/ptII/ptolemy/actor/lib/test/auto/ArrayToElements.xml
19 ms. Memory: 497664K Free: 325118K (65%)
----------------- Invoking toplevel() on ptolemy.moml.MoMLSimpleApplication@71e35bde
----------------- Done invoking toplevel() on ptolemy.moml.MoMLSimpleApplication@71e35bde
reloadAllAccessors: .ArrayToElements

===========================================================================================
----------------- testing Wed Nov 06 22:09:34 UTC 2019 /home/travis/build/icyphy/ptII/ptolemy/actor/lib/test/auto/ArrayToMatrix.xml
----------------- Instantiating /home/travis/build/icyphy/ptII/ptolemy/actor/lib/test/auto/ArrayToMatrix.xml
17 ms. Memory: 497664K Free: 310782K (62%)
----------------- Invoking toplevel() on ptolemy.moml.MoMLSimpleApplication@1daa8768
----------------- Done invoking toplevel() on ptolemy.moml.MoMLSimpleApplication@1daa8768
reloadAllAccessors: .ArrayToMatrix

===========================================================================================
----------------- testing Wed Nov 06 22:09:34 UTC 2019 /home/travis/build/icyphy/ptII/ptolemy/actor/lib/test/auto/ArrayUpdate1.xml
----------------- Instantiating /home/travis/build/icyphy/ptII/ptolemy/actor/lib/test/auto/ArrayUpdate1.xml
6 ms. Memory: 497664K Free: 306176K (62%)
----------------- Invoking toplevel() on ptolemy.moml.MoMLSimpleApplication@4615532d
----------------- Done invoking toplevel() on ptolemy.moml.MoMLSimpleApplication@4615532d
reloadAllAccessors: .ArrayUpdate1

===========================================================================================
----------------- testing Wed Nov 06 22:09:35 UTC 2019 /home/travis/build/icyphy/ptII/ptolemy/actor/lib/test/auto/ArrayUpdate2.xml
----------------- Instantiating /home/travis/build/icyphy/ptII/ptolemy/actor/lib/test/auto/ArrayUpdate2.xml
7 ms. Memory: 497664K Free: 300032K (60%)
----------------- Invoking toplevel() on ptolemy.moml.MoMLSimpleApplication@2d5983ef
----------------- Done invoking toplevel() on ptolemy.moml.MoMLSimpleApplication@2d5983ef
reloadAllAccessors: .ArrayUpdate2

===========================================================================================
----------------- testing Wed Nov 06 22:09:35 UTC 2019 /home/travis/build/icyphy/ptII/ptolemy/actor/lib/test/auto/ArrayUpdate3.xml
----------------- Instantiating /home/travis/build/icyphy/ptII/ptolemy/actor/lib/test/auto/ArrayUpdate3.xml
9 ms. Memory: 497664K Free: 295422K (59%)
----------------- Invoking toplevel() on ptolemy.moml.MoMLSimpleApplication@76954926
----------------- Done invoking toplevel() on ptolemy.moml.MoMLSimpleApplication@76954926
reloadAllAccessors: .ArrayUpdate3

===========================================================================================
----------------- testing Wed Nov 06 22:09:35 UTC 2019 /home/travis/build/icyphy/ptII/ptolemy/actor/lib/test/auto/Assert1.xml
----------------- Instantiating /home/travis/build/icyphy/ptII/ptolemy/actor/lib/test/auto/Assert1.xml
6 ms. Memory: 497664K Free: 290816K (58%)
----------------- Invoking toplevel() on ptolemy.moml.MoMLSimpleApplication@d04ea3b
----------------- Done invoking toplevel() on ptolemy.moml.MoMLSimpleApplication@d04ea3b
reloadAllAccessors: .Assert1

===========================================================================================
----------------- testing Wed Nov 06 22:09:35 UTC 2019 /home/travis/build/icyphy/ptII/ptolemy/actor/lib/test/auto/Assert2.xml
----------------- Instantiating /home/travis/build/icyphy/ptII/ptolemy/actor/lib/test/auto/Assert2.xml
3 ms. Memory: 497664K Free: 286206K (58%)
----------------- Invoking toplevel() on ptolemy.moml.MoMLSimpleApplication@4496bd89
----------------- Done invoking toplevel() on ptolemy.moml.MoMLSimpleApplication@4496bd89
reloadAllAccessors: .Assert2

===========================================================================================
----------------- testing Wed Nov 06 22:09:35 UTC 2019 /home/travis/build/icyphy/ptII/ptolemy/actor/lib/test/auto/BooleanMultiplexor.xml
----------------- Instantiating /home/travis/build/icyphy/ptII/ptolemy/actor/lib/test/auto/BooleanMultiplexor.xml
6 ms. Memory: 497664K Free: 280576K (56%)
----------------- Invoking toplevel() on ptolemy.moml.MoMLSimpleApplication@6ad151d6
----------------- Done invoking toplevel() on ptolemy.moml.MoMLSimpleApplication@6ad151d6
reloadAllAccessors: .BooleanMultiplexor

===========================================================================================
----------------- testing Wed Nov 06 22:09:35 UTC 2019 /home/travis/build/icyphy/ptII/ptolemy/actor/lib/test/auto/BooleanMultiplexor2.xml
----------------- Instantiating /home/travis/build/icyphy/ptII/ptolemy/actor/lib/test/auto/BooleanMultiplexor2.xml
15 ms. Memory: 497664K Free: 274430K (55%)
----------------- Invoking toplevel() on ptolemy.moml.MoMLSimpleApplication@4b5a7b41
----------------- Done invoking toplevel() on ptolemy.moml.MoMLSimpleApplication@4b5a7b41
reloadAllAccessors: .BooleanMultiplexor2

===========================================================================================
----------------- testing Wed Nov 06 22:09:35 UTC 2019 /home/travis/build/icyphy/ptII/ptolemy/actor/lib/test/auto/BooleanMultiplexor3.xml
----------------- Instantiating /home/travis/build/icyphy/ptII/ptolemy/actor/lib/test/auto/BooleanMultiplexor3.xml
4 ms. Memory: 497664K Free: 270336K (54%)
----------------- Invoking toplevel() on ptolemy.moml.MoMLSimpleApplication@466ee99b
----------------- Done invoking toplevel() on ptolemy.moml.MoMLSimpleApplication@466ee99b
reloadAllAccessors: .BooleanMultiplexor3

===========================================================================================
----------------- testing Wed Nov 06 22:09:35 UTC 2019 /home/travis/build/icyphy/ptII/ptolemy/actor/lib/test/auto/BooleanSelect.xml
----------------- Instantiating /home/travis/build/icyphy/ptII/ptolemy/actor/lib/test/auto/BooleanSelect.xml
4 ms. Memory: 497664K Free: 264687K (53%)
----------------- Invoking toplevel() on ptolemy.moml.MoMLSimpleApplication@2ba08530
----------------- Done invoking toplevel() on ptolemy.moml.MoMLSimpleApplication@2ba08530
reloadAllAccessors: .BooleanSelect

===========================================================================================
----------------- testing Wed Nov 06 22:09:35 UTC 2019 /home/travis/build/icyphy/ptII/ptolemy/actor/lib/test/auto/BooleanSelect2.xml
----------------- Instantiating /home/travis/build/icyphy/ptII/ptolemy/actor/lib/test/auto/BooleanSelect2.xml
2 ms. Memory: 497664K Free: 260096K (52%)
----------------- Invoking toplevel() on ptolemy.moml.MoMLSimpleApplication@65b837ea
----------------- Done invoking toplevel() on ptolemy.moml.MoMLSimpleApplication@65b837ea
reloadAllAccessors: .BooleanSelect2

===========================================================================================
----------------- testing Wed Nov 06 22:09:35 UTC 2019 /home/travis/build/icyphy/ptII/ptolemy/actor/lib/test/auto/BooleanSwitch.xml
----------------- Instantiating /home/travis/build/icyphy/ptII/ptolemy/actor/lib/test/auto/BooleanSwitch.xml
12 ms. Memory: 497664K Free: 253952K (51%)
----------------- Invoking toplevel() on ptolemy.moml.MoMLSimpleApplication@6bd1bcb8
----------------- Done invoking toplevel() on ptolemy.moml.MoMLSimpleApplication@6bd1bcb8
reloadAllAccessors: .BooleanSwitch

===========================================================================================
----------------- testing Wed Nov 06 22:09:35 UTC 2019 /home/travis/build/icyphy/ptII/ptolemy/actor/lib/test/auto/BooleanSwitch2.xml
----------------- Instantiating /home/travis/build/icyphy/ptII/ptolemy/actor/lib/test/auto/BooleanSwitch2.xml
2 ms. Memory: 497664K Free: 249342K (50%)
----------------- Invoking toplevel() on ptolemy.moml.MoMLSimpleApplication@4ce8fce6
----------------- Done invoking toplevel() on ptolemy.moml.MoMLSimpleApplication@4ce8fce6
reloadAllAccessors: .BooleanSwitch2

===========================================================================================
----------------- testing Wed Nov 06 22:09:35 UTC 2019 /home/travis/build/icyphy/ptII/ptolemy/actor/lib/test/auto/BooleanSwitchCloningBugWithClassRelationGroup.xml
----------------- Instantiating /home/travis/build/icyphy/ptII/ptolemy/actor/lib/test/auto/BooleanSwitchCloningBugWithClassRelationGroup.xml
6 ms. Memory: 497664K Free: 243712K (49%)
----------------- Invoking toplevel() on ptolemy.moml.MoMLSimpleApplication@2f597c4c
----------------- Done invoking toplevel() on ptolemy.moml.MoMLSimpleApplication@2f597c4c
reloadAllAccessors: .BooleanSwitchCloningBugWithClassRelationGroup

===========================================================================================
----------------- testing Wed Nov 06 22:09:35 UTC 2019 /home/travis/build/icyphy/ptII/ptolemy/actor/lib/test/auto/BusActors.xml
----------------- Instantiating /home/travis/build/icyphy/ptII/ptolemy/actor/lib/test/auto/BusActors.xml
4 ms. Memory: 497664K Free: 235520K (47%)
----------------- Invoking toplevel() on ptolemy.moml.MoMLSimpleApplication@4ee60ef9
----------------- Done invoking toplevel() on ptolemy.moml.MoMLSimpleApplication@4ee60ef9
reloadAllAccessors: .BusActors

===========================================================================================
----------------- testing Wed Nov 06 22:09:35 UTC 2019 /home/travis/build/icyphy/ptII/ptolemy/actor/lib/test/auto/ClassWrapper.xml
----------------- Instantiating /home/travis/build/icyphy/ptII/ptolemy/actor/lib/test/auto/ClassWrapper.xml
4 ms. Memory: 497664K Free: 230910K (46%)
----------------- Invoking toplevel() on ptolemy.moml.MoMLSimpleApplication@7c28b5f7
----------------- Done invoking toplevel() on ptolemy.moml.MoMLSimpleApplication@7c28b5f7
reloadAllAccessors: .ClassWrapper

===========================================================================================
----------------- testing Wed Nov 06 22:09:35 UTC 2019 /home/travis/build/icyphy/ptII/ptolemy/actor/lib/test/auto/Clock.xml
----------------- Instantiating /home/travis/build/icyphy/ptII/ptolemy/actor/lib/test/auto/Clock.xml
2 ms. Memory: 497664K Free: 227328K (46%)
----------------- Invoking toplevel() on ptolemy.moml.MoMLSimpleApplication@656544b0
----------------- Done invoking toplevel() on ptolemy.moml.MoMLSimpleApplication@656544b0
reloadAllAccessors: .Clock

===========================================================================================
----------------- testing Wed Nov 06 22:09:35 UTC 2019 /home/travis/build/icyphy/ptII/ptolemy/actor/lib/test/auto/Clock10.xml
----------------- Instantiating /home/travis/build/icyphy/ptII/ptolemy/actor/lib/test/auto/Clock10.xml
10 ms. Memory: 497664K Free: 221184K (44%)
----------------- Invoking toplevel() on ptolemy.moml.MoMLSimpleApplication@1e39c758
----------------- Done invoking toplevel() on ptolemy.moml.MoMLSimpleApplication@1e39c758
reloadAllAccessors: .Clock10

===========================================================================================
----------------- testing Wed Nov 06 22:09:35 UTC 2019 /home/travis/build/icyphy/ptII/ptolemy/actor/lib/test/auto/Clock11.xml
----------------- Instantiating /home/travis/build/icyphy/ptII/ptolemy/actor/lib/test/auto/Clock11.xml
5 ms. Memory: 497664K Free: 215550K (43%)
----------------- Invoking toplevel() on ptolemy.moml.MoMLSimpleApplication@34450179
----------------- Done invoking toplevel() on ptolemy.moml.MoMLSimpleApplication@34450179
reloadAllAccessors: .Clock11

===========================================================================================
----------------- testing Wed Nov 06 22:09:35 UTC 2019 /home/travis/build/icyphy/ptII/ptolemy/actor/lib/test/auto/Clock12.xml
----------------- Instantiating /home/travis/build/icyphy/ptII/ptolemy/actor/lib/test/auto/Clock12.xml
2 ms. Memory: 497664K Free: 209406K (42%)
----------------- Invoking toplevel() on ptolemy.moml.MoMLSimpleApplication@3dfdf633
----------------- Done invoking toplevel() on ptolemy.moml.MoMLSimpleApplication@3dfdf633
reloadAllAccessors: .Clock12

===========================================================================================
----------------- testing Wed Nov 06 22:09:35 UTC 2019 /home/travis/build/icyphy/ptII/ptolemy/actor/lib/test/auto/Clock13.xml
----------------- Instantiating /home/travis/build/icyphy/ptII/ptolemy/actor/lib/test/auto/Clock13.xml
6 ms. Memory: 497664K Free: 203776K (41%)
----------------- Invoking toplevel() on ptolemy.moml.MoMLSimpleApplication@22302d36
----------------- Done invoking toplevel() on ptolemy.moml.MoMLSimpleApplication@22302d36
reloadAllAccessors: .Clock13

===========================================================================================
----------------- testing Wed Nov 06 22:09:35 UTC 2019 /home/travis/build/icyphy/ptII/ptolemy/actor/lib/test/auto/Clock14.xml
----------------- Instantiating /home/travis/build/icyphy/ptII/ptolemy/actor/lib/test/auto/Clock14.xml
8 ms. Memory: 497664K Free: 447076K (90%)
----------------- Invoking toplevel() on ptolemy.moml.MoMLSimpleApplication@28818deb
----------------- Done invoking toplevel() on ptolemy.moml.MoMLSimpleApplication@28818deb
reloadAllAccessors: .Clock14

===========================================================================================
----------------- testing Wed Nov 06 22:09:35 UTC 2019 /home/travis/build/icyphy/ptII/ptolemy/actor/lib/test/auto/Clock15.xml
----------------- Instantiating /home/travis/build/icyphy/ptII/ptolemy/actor/lib/test/auto/Clock15.xml
5 ms. Memory: 497664K Free: 440932K (89%)
----------------- Invoking toplevel() on ptolemy.moml.MoMLSimpleApplication@68c42605
----------------- Done invoking toplevel() on ptolemy.moml.MoMLSimpleApplication@68c42605
reloadAllAccessors: .Clock15

===========================================================================================
----------------- testing Wed Nov 06 22:09:35 UTC 2019 /home/travis/build/icyphy/ptII/ptolemy/actor/lib/test/auto/Clock16.xml
----------------- Instantiating /home/travis/build/icyphy/ptII/ptolemy/actor/lib/test/auto/Clock16.xml
48 ms. Memory: 497664K Free: 425564K (86%)
----------------- Invoking toplevel() on ptolemy.moml.MoMLSimpleApplication@6e784ab6
----------------- Done invoking toplevel() on ptolemy.moml.MoMLSimpleApplication@6e784ab6
reloadAllAccessors: .Clock16

===========================================================================================
----------------- testing Wed Nov 06 22:09:35 UTC 2019 /home/travis/build/icyphy/ptII/ptolemy/actor/lib/test/auto/Clock17.xml
----------------- Instantiating /home/travis/build/icyphy/ptII/ptolemy/actor/lib/test/auto/Clock17.xml
30 ms. Memory: 497664K Free: 411756K (83%)
----------------- Invoking toplevel() on ptolemy.moml.MoMLSimpleApplication@5a0711a
----------------- Done invoking toplevel() on ptolemy.moml.MoMLSimpleApplication@5a0711a
reloadAllAccessors: .Clock17

===========================================================================================
----------------- testing Wed Nov 06 22:09:35 UTC 2019 /home/travis/build/icyphy/ptII/ptolemy/actor/lib/test/auto/Clock18.xml
----------------- Instantiating /home/travis/build/icyphy/ptII/ptolemy/actor/lib/test/auto/Clock18.xml
20 ms. Memory: 497664K Free: 397916K (80%)
----------------- Invoking toplevel() on ptolemy.moml.MoMLSimpleApplication@61c814
----------------- Done invoking toplevel() on ptolemy.moml.MoMLSimpleApplication@61c814
reloadAllAccessors: .Clock18

===========================================================================================
----------------- testing Wed Nov 06 22:09:35 UTC 2019 /home/travis/build/icyphy/ptII/ptolemy/actor/lib/test/auto/Clock19.xml
----------------- Instantiating /home/travis/build/icyphy/ptII/ptolemy/actor/lib/test/auto/Clock19.xml
18 ms. Memory: 497664K Free: 385132K (77%)
----------------- Invoking toplevel() on ptolemy.moml.MoMLSimpleApplication@8ca5195
----------------- Done invoking toplevel() on ptolemy.moml.MoMLSimpleApplication@8ca5195
reloadAllAccessors: .Clock19

===========================================================================================
----------------- testing Wed Nov 06 22:09:36 UTC 2019 /home/travis/build/icyphy/ptII/ptolemy/actor/lib/test/auto/Clock2.xml
----------------- Instantiating /home/travis/build/icyphy/ptII/ptolemy/actor/lib/test/auto/Clock2.xml
3 ms. Memory: 497664K Free: 380491K (76%)
----------------- Invoking toplevel() on ptolemy.moml.MoMLSimpleApplication@28874ec5
----------------- Done invoking toplevel() on ptolemy.moml.MoMLSimpleApplication@28874ec5
reloadAllAccessors: .Clock2

===========================================================================================
----------------- testing Wed Nov 06 22:09:36 UTC 2019 /home/travis/build/icyphy/ptII/ptolemy/actor/lib/test/auto/Clock20.xml
----------------- Instantiating /home/travis/build/icyphy/ptII/ptolemy/actor/lib/test/auto/Clock20.xml
4 ms. Memory: 497664K Free: 374892K (75%)
----------------- Invoking toplevel() on ptolemy.moml.MoMLSimpleApplication@7fe4f233
----------------- Done invoking toplevel() on ptolemy.moml.MoMLSimpleApplication@7fe4f233
reloadAllAccessors: .Clock20

===========================================================================================
----------------- testing Wed Nov 06 22:09:36 UTC 2019 /home/travis/build/icyphy/ptII/ptolemy/actor/lib/test/auto/Clock21.xml
----------------- Instantiating /home/travis/build/icyphy/ptII/ptolemy/actor/lib/test/auto/Clock21.xml
3 ms. Memory: 497664K Free: 369772K (74%)
----------------- Invoking toplevel() on ptolemy.moml.MoMLSimpleApplication@21e26fae
----------------- Done invoking toplevel() on ptolemy.moml.MoMLSimpleApplication@21e26fae
reloadAllAccessors: .Clock21

===========================================================================================
----------------- testing Wed Nov 06 22:09:36 UTC 2019 /home/travis/build/icyphy/ptII/ptolemy/actor/lib/test/auto/Clock22.xml
----------------- Instantiating /home/travis/build/icyphy/ptII/ptolemy/actor/lib/test/auto/Clock22.xml
4 ms. Memory: 497664K Free: 364138K (73%)
----------------- Invoking toplevel() on ptolemy.moml.MoMLSimpleApplication@6528fcca
----------------- Done invoking toplevel() on ptolemy.moml.MoMLSimpleApplication@6528fcca
reloadAllAccessors: .Clock22

===========================================================================================
----------------- testing Wed Nov 06 22:09:36 UTC 2019 /home/travis/build/icyphy/ptII/ptolemy/actor/lib/test/auto/Clock23.xml
----------------- Instantiating /home/travis/build/icyphy/ptII/ptolemy/actor/lib/test/auto/Clock23.xml
6 ms. Memory: 497664K Free: 359018K (72%)
----------------- Invoking toplevel() on ptolemy.moml.MoMLSimpleApplication@32424dba
----------------- Done invoking toplevel() on ptolemy.moml.MoMLSimpleApplication@32424dba
reloadAllAccessors: .Clock23

===========================================================================================
----------------- testing Wed Nov 06 22:09:36 UTC 2019 /home/travis/build/icyphy/ptII/ptolemy/actor/lib/test/auto/Clock24.xml
----------------- Instantiating /home/travis/build/icyphy/ptII/ptolemy/actor/lib/test/auto/Clock24.xml
3 ms. Memory: 497664K Free: 353388K (71%)
----------------- Invoking toplevel() on ptolemy.moml.MoMLSimpleApplication@a280494
----------------- Done invoking toplevel() on ptolemy.moml.MoMLSimpleApplication@a280494
reloadAllAccessors: .Clock24

===========================================================================================
----------------- testing Wed Nov 06 22:09:36 UTC 2019 /home/travis/build/icyphy/ptII/ptolemy/actor/lib/test/auto/Clock4.xml
----------------- Instantiating /home/travis/build/icyphy/ptII/ptolemy/actor/lib/test/auto/Clock4.xml
2 ms. Memory: 497664K Free: 348747K (70%)
----------------- Invoking toplevel() on ptolemy.moml.MoMLSimpleApplication@2c5b127b
----------------- Done invoking toplevel() on ptolemy.moml.MoMLSimpleApplication@2c5b127b
reloadAllAccessors: .Clock4

===========================================================================================
----------------- testing Wed Nov 06 22:09:36 UTC 2019 /home/travis/build/icyphy/ptII/ptolemy/actor/lib/test/auto/Clock5.xml
----------------- Instantiating /home/travis/build/icyphy/ptII/ptolemy/actor/lib/test/auto/Clock5.xml
1 ms. Memory: 497664K Free: 343148K (69%)
----------------- Invoking toplevel() on ptolemy.moml.MoMLSimpleApplication@10f8618c
----------------- Done invoking toplevel() on ptolemy.moml.MoMLSimpleApplication@10f8618c
reloadAllAccessors: .Clock5

===========================================================================================
----------------- testing Wed Nov 06 22:09:36 UTC 2019 /home/travis/build/icyphy/ptII/ptolemy/actor/lib/test/auto/Clock6.xml
----------------- Instantiating /home/travis/build/icyphy/ptII/ptolemy/actor/lib/test/auto/Clock6.xml
1 ms. Memory: 497664K Free: 338538K (68%)
----------------- Invoking toplevel() on ptolemy.moml.MoMLSimpleApplication@5401a062
----------------- Done invoking toplevel() on ptolemy.moml.MoMLSimpleApplication@5401a062
reloadAllAccessors: .Clock6

===========================================================================================
----------------- testing Wed Nov 06 22:09:36 UTC 2019 /home/travis/build/icyphy/ptII/ptolemy/actor/lib/test/auto/Clock7.xml
----------------- Instantiating /home/travis/build/icyphy/ptII/ptolemy/actor/lib/test/auto/Clock7.xml
2 ms. Memory: 497664K Free: 334442K (67%)
----------------- Invoking toplevel() on ptolemy.moml.MoMLSimpleApplication@7bac458c
----------------- Done invoking toplevel() on ptolemy.moml.MoMLSimpleApplication@7bac458c
reloadAllAccessors: .Clock7

===========================================================================================
----------------- testing Wed Nov 06 22:09:36 UTC 2019 /home/travis/build/icyphy/ptII/ptolemy/actor/lib/test/auto/Clock8.xml
----------------- Instantiating /home/travis/build/icyphy/ptII/ptolemy/actor/lib/test/auto/Clock8.xml
4 ms. Memory: 497664K Free: 328812K (66%)
----------------- Invoking toplevel() on ptolemy.moml.MoMLSimpleApplication@2c88965b
----------------- Done invoking toplevel() on ptolemy.moml.MoMLSimpleApplication@2c88965b
reloadAllAccessors: .Clock8

===========================================================================================
----------------- testing Wed Nov 06 22:09:36 UTC 2019 /home/travis/build/icyphy/ptII/ptolemy/actor/lib/test/auto/Clock9.xml
----------------- Instantiating /home/travis/build/icyphy/ptII/ptolemy/actor/lib/test/auto/Clock9.xml
5 ms. Memory: 497664K Free: 323692K (65%)
----------------- Invoking toplevel() on ptolemy.moml.MoMLSimpleApplication@1258e93a
----------------- Done invoking toplevel() on ptolemy.moml.MoMLSimpleApplication@1258e93a
reloadAllAccessors: .Clock9

===========================================================================================
----------------- testing Wed Nov 06 22:09:36 UTC 2019 /home/travis/build/icyphy/ptII/ptolemy/actor/lib/test/auto/CommDistDiscard.xml
----------------- Instantiating /home/travis/build/icyphy/ptII/ptolemy/actor/lib/test/auto/CommDistDiscard.xml
5 ms. Memory: 497664K Free: 318058K (64%)
----------------- Invoking toplevel() on ptolemy.moml.MoMLSimpleApplication@6a17dbe6
----------------- Done invoking toplevel() on ptolemy.moml.MoMLSimpleApplication@6a17dbe6
reloadAllAccessors: .CommDistDiscard

===========================================================================================
----------------- testing Wed Nov 06 22:09:36 UTC 2019 /home/travis/build/icyphy/ptII/ptolemy/actor/lib/test/auto/Commutator.xml
----------------- Instantiating /home/travis/build/icyphy/ptII/ptolemy/actor/lib/test/auto/Commutator.xml
4 ms. Memory: 497664K Free: 313452K (63%)
----------------- Invoking toplevel() on ptolemy.moml.MoMLSimpleApplication@5478b772
----------------- Done invoking toplevel() on ptolemy.moml.MoMLSimpleApplication@5478b772
reloadAllAccessors: .Commutator

===========================================================================================
----------------- testing Wed Nov 06 22:09:36 UTC 2019 /home/travis/build/icyphy/ptII/ptolemy/actor/lib/test/auto/Commutator2.xml
----------------- Instantiating /home/travis/build/icyphy/ptII/ptolemy/actor/lib/test/auto/Commutator2.xml
2 ms. Memory: 497664K Free: 309356K (62%)
----------------- Invoking toplevel() on ptolemy.moml.MoMLSimpleApplication@8ec115c
----------------- Done invoking toplevel() on ptolemy.moml.MoMLSimpleApplication@8ec115c
reloadAllAccessors: .Commutator2

===========================================================================================
----------------- testing Wed Nov 06 22:09:36 UTC 2019 /home/travis/build/icyphy/ptII/ptolemy/actor/lib/test/auto/Commutator3.xml
----------------- Instantiating /home/travis/build/icyphy/ptII/ptolemy/actor/lib/test/auto/Commutator3.xml
2 ms. Memory: 497664K Free: 304746K (61%)
----------------- Invoking toplevel() on ptolemy.moml.MoMLSimpleApplication@24e7b7e5
----------------- Done invoking toplevel() on ptolemy.moml.MoMLSimpleApplication@24e7b7e5
reloadAllAccessors: .Commutator3

===========================================================================================
----------------- testing Wed Nov 06 22:09:36 UTC 2019 /home/travis/build/icyphy/ptII/ptolemy/actor/lib/test/auto/Compare.xml
----------------- Instantiating /home/travis/build/icyphy/ptII/ptolemy/actor/lib/test/auto/Compare.xml
3 ms. Memory: 497664K Free: 298602K (60%)
----------------- Invoking toplevel() on ptolemy.moml.MoMLSimpleApplication@7edd241e
----------------- Done invoking toplevel() on ptolemy.moml.MoMLSimpleApplication@7edd241e
reloadAllAccessors: .Compare

===========================================================================================
----------------- testing Wed Nov 06 22:09:36 UTC 2019 /home/travis/build/icyphy/ptII/ptolemy/actor/lib/test/auto/CompareDE.xml
----------------- Instantiating /home/travis/build/icyphy/ptII/ptolemy/actor/lib/test/auto/CompareDE.xml
4 ms. Memory: 497664K Free: 291420K (59%)
----------------- Invoking toplevel() on ptolemy.moml.MoMLSimpleApplication@373f5ab8
----------------- Done invoking toplevel() on ptolemy.moml.MoMLSimpleApplication@373f5ab8
reloadAllAccessors: .CompareDE

===========================================================================================
----------------- testing Wed Nov 06 22:09:36 UTC 2019 /home/travis/build/icyphy/ptII/ptolemy/actor/lib/test/auto/ComplexDivide.xml
----------------- Instantiating /home/travis/build/icyphy/ptII/ptolemy/actor/lib/test/auto/ComplexDivide.xml
1 ms. Memory: 497664K Free: 287338K (58%)
----------------- Invoking toplevel() on ptolemy.moml.MoMLSimpleApplication@596823d6
----------------- Done invoking toplevel() on ptolemy.moml.MoMLSimpleApplication@596823d6
reloadAllAccessors: .ComplexDivide

===========================================================================================
----------------- testing Wed Nov 06 22:09:36 UTC 2019 /home/travis/build/icyphy/ptII/ptolemy/actor/lib/test/auto/ComputeHistogram.xml
----------------- Instantiating /home/travis/build/icyphy/ptII/ptolemy/actor/lib/test/auto/ComputeHistogram.xml
39 ms. Memory: 497664K Free: 274540K (55%)
----------------- Invoking toplevel() on ptolemy.moml.MoMLSimpleApplication@4e599465
----------------- Done invoking toplevel() on ptolemy.moml.MoMLSimpleApplication@4e599465
reloadAllAccessors: .ComputeHistogram

===========================================================================================
----------------- testing Wed Nov 06 22:09:36 UTC 2019 /home/travis/build/icyphy/ptII/ptolemy/actor/lib/test/auto/ConfigurationSelect.xml
----------------- Instantiating /home/travis/build/icyphy/ptII/ptolemy/actor/lib/test/auto/ConfigurationSelect.xml
10 ms. Memory: 497664K Free: 268875K (54%)
----------------- Invoking toplevel() on ptolemy.moml.MoMLSimpleApplication@6318a3bc
----------------- Done invoking toplevel() on ptolemy.moml.MoMLSimpleApplication@6318a3bc
reloadAllAccessors: .ConfigurationSelect

===========================================================================================
----------------- testing Wed Nov 06 22:09:36 UTC 2019 /home/travis/build/icyphy/ptII/ptolemy/actor/lib/test/auto/ConfigurationSelect2.xml
----------------- Instantiating /home/travis/build/icyphy/ptII/ptolemy/actor/lib/test/auto/ConfigurationSelect2.xml
2 ms. Memory: 497664K Free: 264300K (53%)
----------------- Invoking toplevel() on ptolemy.moml.MoMLSimpleApplication@16a67fae
----------------- Done invoking toplevel() on ptolemy.moml.MoMLSimpleApplication@16a67fae
reloadAllAccessors: .ConfigurationSelect2

===========================================================================================
----------------- testing Wed Nov 06 22:09:36 UTC 2019 /home/travis/build/icyphy/ptII/ptolemy/actor/lib/test/auto/ConfigurationSwitch.xml
----------------- Instantiating /home/travis/build/icyphy/ptII/ptolemy/actor/lib/test/auto/ConfigurationSwitch.xml
10 ms. Memory: 497664K Free: 259180K (52%)
----------------- Invoking toplevel() on ptolemy.moml.MoMLSimpleApplication@31226851
----------------- Done invoking toplevel() on ptolemy.moml.MoMLSimpleApplication@31226851
reloadAllAccessors: .ConfigurationSwitch

===========================================================================================
----------------- testing Wed Nov 06 22:09:36 UTC 2019 /home/travis/build/icyphy/ptII/ptolemy/actor/lib/test/auto/ConfigurationSwitch2.xml
----------------- Instantiating /home/travis/build/icyphy/ptII/ptolemy/actor/lib/test/auto/ConfigurationSwitch2.xml
2 ms. Memory: 497664K Free: 253546K (51%)
----------------- Invoking toplevel() on ptolemy.moml.MoMLSimpleApplication@6db77d7
----------------- Done invoking toplevel() on ptolemy.moml.MoMLSimpleApplication@6db77d7
reloadAllAccessors: .ConfigurationSwitch2

===========================================================================================
----------------- testing Wed Nov 06 22:09:36 UTC 2019 /home/travis/build/icyphy/ptII/ptolemy/actor/lib/test/auto/ConfigurationSwitchCloningBugWithClassRelationGroup.xml
----------------- Instantiating /home/travis/build/icyphy/ptII/ptolemy/actor/lib/test/auto/ConfigurationSwitchCloningBugWithClassRelationGroup.xml
2 ms. Memory: 497664K Free: 247402K (50%)
----------------- Invoking toplevel() on ptolemy.moml.MoMLSimpleApplication@23f0140b
----------------- Done invoking toplevel() on ptolemy.moml.MoMLSimpleApplication@23f0140b
reloadAllAccessors: .ConfigurationSwitchCloningBugWithClassRelationGroup

===========================================================================================
----------------- testing Wed Nov 06 22:09:36 UTC 2019 /home/travis/build/icyphy/ptII/ptolemy/actor/lib/test/auto/ConfigurationSwitchSelectSDF.xml
----------------- Instantiating /home/travis/build/icyphy/ptII/ptolemy/actor/lib/test/auto/ConfigurationSwitchSelectSDF.xml
3 ms. Memory: 497664K Free: 241772K (49%)
----------------- Invoking toplevel() on ptolemy.moml.MoMLSimpleApplication@4ccfb878
----------------- Done invoking toplevel() on ptolemy.moml.MoMLSimpleApplication@4ccfb878
reloadAllAccessors: .ConfigurationSwitchSelectSDF

===========================================================================================
----------------- testing Wed Nov 06 22:09:36 UTC 2019 /home/travis/build/icyphy/ptII/ptolemy/actor/lib/test/auto/ConfigurationSwitchSelectSDF2.xml
----------------- Instantiating /home/travis/build/icyphy/ptII/ptolemy/actor/lib/test/auto/ConfigurationSwitchSelectSDF2.xml
3 ms. Memory: 497664K Free: 235628K (47%)
----------------- Invoking toplevel() on ptolemy.moml.MoMLSimpleApplication@52a43b80
----------------- Done invoking toplevel() on ptolemy.moml.MoMLSimpleApplication@52a43b80
reloadAllAccessors: .ConfigurationSwitchSelectSDF2

===========================================================================================
----------------- testing Wed Nov 06 22:09:36 UTC 2019 /home/travis/build/icyphy/ptII/ptolemy/actor/lib/test/auto/Const.xml
----------------- Instantiating /home/travis/build/icyphy/ptII/ptolemy/actor/lib/test/auto/Const.xml
1 ms. Memory: 497664K Free: 232556K (47%)
----------------- Invoking toplevel() on ptolemy.moml.MoMLSimpleApplication@16c1e24a
----------------- Done invoking toplevel() on ptolemy.moml.MoMLSimpleApplication@16c1e24a
reloadAllAccessors: .Const

===========================================================================================
----------------- testing Wed Nov 06 22:09:36 UTC 2019 /home/travis/build/icyphy/ptII/ptolemy/actor/lib/test/auto/Const2.xml
----------------- Instantiating /home/travis/build/icyphy/ptII/ptolemy/actor/lib/test/auto/Const2.xml
1 ms. Memory: 497664K Free: 228460K (46%)
----------------- Invoking toplevel() on ptolemy.moml.MoMLSimpleApplication@52c60a79
----------------- Done invoking toplevel() on ptolemy.moml.MoMLSimpleApplication@52c60a79
reloadAllAccessors: .Const2

===========================================================================================
----------------- testing Wed Nov 06 22:09:36 UTC 2019 /home/travis/build/icyphy/ptII/ptolemy/actor/lib/test/auto/Const3.xml
----------------- Instantiating /home/travis/build/icyphy/ptII/ptolemy/actor/lib/test/auto/Const3.xml
1 ms. Memory: 497664K Free: 225388K (45%)
----------------- Invoking toplevel() on ptolemy.moml.MoMLSimpleApplication@739d6af7
----------------- Done invoking toplevel() on ptolemy.moml.MoMLSimpleApplication@739d6af7
reloadAllAccessors: .Const3

===========================================================================================
----------------- testing Wed Nov 06 22:09:36 UTC 2019 /home/travis/build/icyphy/ptII/ptolemy/actor/lib/test/auto/ConstantPublisherPort1.xml
----------------- Instantiating /home/travis/build/icyphy/ptII/ptolemy/actor/lib/test/auto/ConstantPublisherPort1.xml
6 ms. Memory: 497664K Free: 216682K (44%)
----------------- Invoking toplevel() on ptolemy.moml.MoMLSimpleApplication@25ae6d76
----------------- Done invoking toplevel() on ptolemy.moml.MoMLSimpleApplication@25ae6d76
reloadAllAccessors: .ConstantPublisherPort1

===========================================================================================
----------------- testing Wed Nov 06 22:09:36 UTC 2019 /home/travis/build/icyphy/ptII/ptolemy/actor/lib/test/auto/ConstantPublisherPort2.xml
----------------- Instantiating /home/travis/build/icyphy/ptII/ptolemy/actor/lib/test/auto/ConstantPublisherPort2.xml
4 ms. Memory: 497664K Free: 209004K (42%)
----------------- Invoking toplevel() on ptolemy.moml.MoMLSimpleApplication@21b262de
----------------- Done invoking toplevel() on ptolemy.moml.MoMLSimpleApplication@21b262de
reloadAllAccessors: .ConstantPublisherPort2

===========================================================================================
----------------- testing Wed Nov 06 22:09:36 UTC 2019 /home/travis/build/icyphy/ptII/ptolemy/actor/lib/test/auto/ConstantPublisherPort3.xml
----------------- Instantiating /home/travis/build/icyphy/ptII/ptolemy/actor/lib/test/auto/ConstantPublisherPort3.xml
4 ms. Memory: 497664K Free: 201322K (40%)
----------------- Invoking toplevel() on ptolemy.moml.MoMLSimpleApplication@58e92e2d
----------------- Done invoking toplevel() on ptolemy.moml.MoMLSimpleApplication@58e92e2d
reloadAllAccessors: .ConstantPublisherPort3

===========================================================================================
----------------- testing Wed Nov 06 22:09:36 UTC 2019 /home/travis/build/icyphy/ptII/ptolemy/actor/lib/test/auto/ConstantPublisherPort4.xml
----------------- Instantiating /home/travis/build/icyphy/ptII/ptolemy/actor/lib/test/auto/ConstantPublisherPort4.xml
3 ms. Memory: 497664K Free: 194668K (39%)
----------------- Invoking toplevel() on ptolemy.moml.MoMLSimpleApplication@2e2d8224
----------------- Done invoking toplevel() on ptolemy.moml.MoMLSimpleApplication@2e2d8224
reloadAllAccessors: .ConstantPublisherPort4

===========================================================================================
----------------- testing Wed Nov 06 22:09:36 UTC 2019 /home/travis/build/icyphy/ptII/ptolemy/actor/lib/test/auto/ConstantPublisherPort5.xml
----------------- Instantiating /home/travis/build/icyphy/ptII/ptolemy/actor/lib/test/auto/ConstantPublisherPort5.xml
34 ms. Memory: 497664K Free: 184938K (37%)
----------------- Invoking toplevel() on ptolemy.moml.MoMLSimpleApplication@20ced0bb
----------------- Done invoking toplevel() on ptolemy.moml.MoMLSimpleApplication@20ced0bb
reloadAllAccessors: .ConstantPublisherPort5

===========================================================================================
----------------- testing Wed Nov 06 22:09:36 UTC 2019 /home/travis/build/icyphy/ptII/ptolemy/actor/lib/test/auto/ConstantPublisherPort6.xml
----------------- Instantiating /home/travis/build/icyphy/ptII/ptolemy/actor/lib/test/auto/ConstantPublisherPort6.xml
19 ms. Memory: 497664K Free: 175722K (35%)
----------------- Invoking toplevel() on ptolemy.moml.MoMLSimpleApplication@323105df
----------------- Done invoking toplevel() on ptolemy.moml.MoMLSimpleApplication@323105df
reloadAllAccessors: .ConstantPublisherPort6

===========================================================================================
----------------- testing Wed Nov 06 22:09:36 UTC 2019 /home/travis/build/icyphy/ptII/ptolemy/actor/lib/test/auto/ConstantPublisherPort7.xml
----------------- Instantiating /home/travis/build/icyphy/ptII/ptolemy/actor/lib/test/auto/ConstantPublisherPort7.xml
20 ms. Memory: 497664K Free: 165996K (33%)
----------------- Invoking toplevel() on ptolemy.moml.MoMLSimpleApplication@35adba23
----------------- Done invoking toplevel() on ptolemy.moml.MoMLSimpleApplication@35adba23
reloadAllAccessors: .ConstantPublisherPort7

===========================================================================================
----------------- testing Wed Nov 06 22:09:37 UTC 2019 /home/travis/build/icyphy/ptII/ptolemy/actor/lib/test/auto/ConstraintMonitor1.xml
----------------- Instantiating /home/travis/build/icyphy/ptII/ptolemy/actor/lib/test/auto/ConstraintMonitor1.xml
4 ms. Memory: 497664K Free: 161386K (32%)
----------------- Invoking toplevel() on ptolemy.moml.MoMLSimpleApplication@8a52c9f
----------------- Done invoking toplevel() on ptolemy.moml.MoMLSimpleApplication@8a52c9f
reloadAllAccessors: .ConstraintMonitor1

===========================================================================================
----------------- testing Wed Nov 06 22:09:37 UTC 2019 /home/travis/build/icyphy/ptII/ptolemy/actor/lib/test/auto/ConstraintMonitor2.xml
----------------- Instantiating /home/travis/build/icyphy/ptII/ptolemy/actor/lib/test/auto/ConstraintMonitor2.xml
3 ms. Memory: 497664K Free: 156780K (32%)
----------------- Invoking toplevel() on ptolemy.moml.MoMLSimpleApplication@58c9e156
----------------- Done invoking toplevel() on ptolemy.moml.MoMLSimpleApplication@58c9e156
reloadAllAccessors: .ConstraintMonitor2

===========================================================================================
----------------- testing Wed Nov 06 22:09:37 UTC 2019 /home/travis/build/icyphy/ptII/ptolemy/actor/lib/test/auto/ConstraintMonitor3.xml
----------------- Instantiating /home/travis/build/icyphy/ptII/ptolemy/actor/lib/test/auto/ConstraintMonitor3.xml
2 ms. Memory: 497664K Free: 448324K (90%)
----------------- Invoking toplevel() on ptolemy.moml.MoMLSimpleApplication@66ca6730
----------------- Done invoking toplevel() on ptolemy.moml.MoMLSimpleApplication@66ca6730
reloadAllAccessors: .ConstraintMonitor3

===========================================================================================
----------------- testing Wed Nov 06 22:09:37 UTC 2019 /home/travis/build/icyphy/ptII/ptolemy/actor/lib/test/auto/ConstraintMonitor4.xml
----------------- Instantiating /home/travis/build/icyphy/ptII/ptolemy/actor/lib/test/auto/ConstraintMonitor4.xml
3 ms. Memory: 497664K Free: 443204K (89%)
----------------- Invoking toplevel() on ptolemy.moml.MoMLSimpleApplication@148931d6
----------------- Done invoking toplevel() on ptolemy.moml.MoMLSimpleApplication@148931d6
reloadAllAccessors: .ConstraintMonitor4

===========================================================================================
----------------- testing Wed Nov 06 22:09:37 UTC 2019 /home/travis/build/icyphy/ptII/ptolemy/actor/lib/test/auto/ConstraintMonitor5.xml
----------------- Instantiating /home/travis/build/icyphy/ptII/ptolemy/actor/lib/test/auto/ConstraintMonitor5.xml
4 ms. Memory: 497664K Free: 438070K (88%)
----------------- Invoking toplevel() on ptolemy.moml.MoMLSimpleApplication@22e4b7e4
----------------- Done invoking toplevel() on ptolemy.moml.MoMLSimpleApplication@22e4b7e4
reloadAllAccessors: .ConstraintMonitor5

===========================================================================================
----------------- testing Wed Nov 06 22:09:37 UTC 2019 /home/travis/build/icyphy/ptII/ptolemy/actor/lib/test/auto/ConstraintMonitor6.xml
----------------- Instantiating /home/travis/build/icyphy/ptII/ptolemy/actor/lib/test/auto/ConstraintMonitor6.xml
5 ms. Memory: 497664K Free: 431910K (87%)
----------------- Invoking toplevel() on ptolemy.moml.MoMLSimpleApplication@4ddfe616
----------------- Done invoking toplevel() on ptolemy.moml.MoMLSimpleApplication@4ddfe616
reloadAllAccessors: .ConstraintMonitor6

===========================================================================================
----------------- testing Wed Nov 06 22:09:37 UTC 2019 /home/travis/build/icyphy/ptII/ptolemy/actor/lib/test/auto/ConstraintMonitor7.xml
----------------- Instantiating /home/travis/build/icyphy/ptII/ptolemy/actor/lib/test/auto/ConstraintMonitor7.xml
7 ms. Memory: 497664K Free: 425782K (86%)
----------------- Invoking toplevel() on ptolemy.moml.MoMLSimpleApplication@62ed041d
----------------- Done invoking toplevel() on ptolemy.moml.MoMLSimpleApplication@62ed041d
reloadAllAccessors: .ConstraintMonitor7

===========================================================================================
----------------- testing Wed Nov 06 22:09:37 UTC 2019 /home/travis/build/icyphy/ptII/ptolemy/actor/lib/test/auto/ConstraintMonitor8.xml
----------------- Instantiating /home/travis/build/icyphy/ptII/ptolemy/actor/lib/test/auto/ConstraintMonitor8.xml
9 ms. Memory: 497664K Free: 418118K (84%)
----------------- Invoking toplevel() on ptolemy.moml.MoMLSimpleApplication@199b3cd5
----------------- Done invoking toplevel() on ptolemy.moml.MoMLSimpleApplication@199b3cd5
reloadAllAccessors: .ConstraintMonitor8

===========================================================================================
----------------- testing Wed Nov 06 22:09:37 UTC 2019 /home/travis/build/icyphy/ptII/ptolemy/actor/lib/test/auto/Counter.xml
----------------- Instantiating /home/travis/build/icyphy/ptII/ptolemy/actor/lib/test/auto/Counter.xml
3 ms. Memory: 497664K Free: 412998K (83%)
----------------- Invoking toplevel() on ptolemy.moml.MoMLSimpleApplication@128f7c9f
----------------- Done invoking toplevel() on ptolemy.moml.MoMLSimpleApplication@128f7c9f
reloadAllAccessors: .Counter

===========================================================================================
----------------- testing Wed Nov 06 22:09:37 UTC 2019 /home/travis/build/icyphy/ptII/ptolemy/actor/lib/test/auto/CurrentTimeSDF.xml
----------------- Instantiating /home/travis/build/icyphy/ptII/ptolemy/actor/lib/test/auto/CurrentTimeSDF.xml
2 ms. Memory: 497664K Free: 409412K (82%)
----------------- Invoking toplevel() on ptolemy.moml.MoMLSimpleApplication@15c6cb62
----------------- Done invoking toplevel() on ptolemy.moml.MoMLSimpleApplication@15c6cb62
reloadAllAccessors: .CurrentTimeSDF

===========================================================================================
----------------- testing Wed Nov 06 22:09:37 UTC 2019 /home/travis/build/icyphy/ptII/ptolemy/actor/lib/test/auto/DB.xml
----------------- Instantiating /home/travis/build/icyphy/ptII/ptolemy/actor/lib/test/auto/DB.xml
2 ms. Memory: 497664K Free: 403782K (81%)
----------------- Invoking toplevel() on ptolemy.moml.MoMLSimpleApplication@33186b05
----------------- Done invoking toplevel() on ptolemy.moml.MoMLSimpleApplication@33186b05
reloadAllAccessors: .DB

===========================================================================================
----------------- testing Wed Nov 06 22:09:37 UTC 2019 /home/travis/build/icyphy/ptII/ptolemy/actor/lib/test/auto/DBDE.xml
----------------- Instantiating /home/travis/build/icyphy/ptII/ptolemy/actor/lib/test/auto/DBDE.xml
2 ms. Memory: 497664K Free: 397638K (80%)
----------------- Invoking toplevel() on ptolemy.moml.MoMLSimpleApplication@3cb25bc3
----------------- Done invoking toplevel() on ptolemy.moml.MoMLSimpleApplication@3cb25bc3
reloadAllAccessors: .DBDE

===========================================================================================
----------------- testing Wed Nov 06 22:09:37 UTC 2019 /home/travis/build/icyphy/ptII/ptolemy/actor/lib/test/auto/DateConstructor.xml
----------------- Instantiating /home/travis/build/icyphy/ptII/ptolemy/actor/lib/test/auto/DateConstructor.xml
30 ms. Memory: 497664K Free: 380230K (76%)
----------------- Invoking toplevel() on ptolemy.moml.MoMLSimpleApplication@60098d07
----------------- Done invoking toplevel() on ptolemy.moml.MoMLSimpleApplication@60098d07
reloadAllAccessors: .DateConstructor

===========================================================================================
----------------- testing Wed Nov 06 22:09:37 UTC 2019 /home/travis/build/icyphy/ptII/ptolemy/actor/lib/test/auto/DelayTime.xml
----------------- Instantiating /home/travis/build/icyphy/ptII/ptolemy/actor/lib/test/auto/DelayTime.xml
11 ms. Memory: 497664K Free: 374596K (75%)
----------------- Invoking toplevel() on ptolemy.moml.MoMLSimpleApplication@4ec1d2bf
----------------- Done invoking toplevel() on ptolemy.moml.MoMLSimpleApplication@4ec1d2bf
reloadAllAccessors: .DelayTime

===========================================================================================
----------------- testing Wed Nov 06 22:09:37 UTC 2019 /home/travis/build/icyphy/ptII/ptolemy/actor/lib/test/auto/Dictionary1.xml
----------------- Instantiating /home/travis/build/icyphy/ptII/ptolemy/actor/lib/test/auto/Dictionary1.xml
2 ms. Memory: 497664K Free: 368966K (74%)
----------------- Invoking toplevel() on ptolemy.moml.MoMLSimpleApplication@6c0e97fb
----------------- Done invoking toplevel() on ptolemy.moml.MoMLSimpleApplication@6c0e97fb
reloadAllAccessors: .Dictionary1

===========================================================================================
----------------- testing Wed Nov 06 22:09:37 UTC 2019 /home/travis/build/icyphy/ptII/ptolemy/actor/lib/test/auto/Dictionary2.xml
----------------- Instantiating /home/travis/build/icyphy/ptII/ptolemy/actor/lib/test/auto/Dictionary2.xml
2 ms. Memory: 497664K Free: 363332K (73%)
----------------- Invoking toplevel() on ptolemy.moml.MoMLSimpleApplication@7c30cc91
----------------- Done invoking toplevel() on ptolemy.moml.MoMLSimpleApplication@7c30cc91
reloadAllAccessors: .Dictionary2

===========================================================================================
----------------- testing Wed Nov 06 22:09:37 UTC 2019 /home/travis/build/icyphy/ptII/ptolemy/actor/lib/test/auto/Dictionary3.xml
----------------- Instantiating /home/travis/build/icyphy/ptII/ptolemy/actor/lib/test/auto/Dictionary3.xml
1 ms. Memory: 497664K Free: 358212K (72%)
----------------- Invoking toplevel() on ptolemy.moml.MoMLSimpleApplication@415e8f18
----------------- Done invoking toplevel() on ptolemy.moml.MoMLSimpleApplication@415e8f18
reloadAllAccessors: .Dictionary3

===========================================================================================
----------------- testing Wed Nov 06 22:09:37 UTC 2019 /home/travis/build/icyphy/ptII/ptolemy/actor/lib/test/auto/Dictionary4.xml
----------------- Instantiating /home/travis/build/icyphy/ptII/ptolemy/actor/lib/test/auto/Dictionary4.xml
3 ms. Memory: 497664K Free: 351044K (71%)
----------------- Invoking toplevel() on ptolemy.moml.MoMLSimpleApplication@4490b010
----------------- Done invoking toplevel() on ptolemy.moml.MoMLSimpleApplication@4490b010
reloadAllAccessors: .Dictionary4

===========================================================================================
----------------- testing Wed Nov 06 22:09:37 UTC 2019 /home/travis/build/icyphy/ptII/ptolemy/actor/lib/test/auto/Differential.xml
----------------- Instantiating /home/travis/build/icyphy/ptII/ptolemy/actor/lib/test/auto/Differential.xml
2 ms. Memory: 497664K Free: 346438K (70%)
----------------- Invoking toplevel() on ptolemy.moml.MoMLSimpleApplication@34c1f1ab
----------------- Done invoking toplevel() on ptolemy.moml.MoMLSimpleApplication@34c1f1ab
reloadAllAccessors: .Differential

===========================================================================================
----------------- testing Wed Nov 06 22:09:37 UTC 2019 /home/travis/build/icyphy/ptII/ptolemy/actor/lib/test/auto/Director.xml
----------------- Instantiating /home/travis/build/icyphy/ptII/ptolemy/actor/lib/test/auto/Director.xml
2 ms. Memory: 497664K Free: 343366K (69%)
----------------- Invoking toplevel() on ptolemy.moml.MoMLSimpleApplication@3b10d7d5
----------------- Done invoking toplevel() on ptolemy.moml.MoMLSimpleApplication@3b10d7d5
reloadAllAccessors: .Director

===========================================================================================
----------------- testing Wed Nov 06 22:09:37 UTC 2019 /home/travis/build/icyphy/ptII/ptolemy/actor/lib/test/auto/DiscreteClock.xml
----------------- Instantiating /home/travis/build/icyphy/ptII/ptolemy/actor/lib/test/auto/DiscreteClock.xml
1 ms. Memory: 497664K Free: 339270K (68%)
----------------- Invoking toplevel() on ptolemy.moml.MoMLSimpleApplication@5ed7c1a8
----------------- Done invoking toplevel() on ptolemy.moml.MoMLSimpleApplication@5ed7c1a8
reloadAllAccessors: .DiscreteClock

===========================================================================================
----------------- testing Wed Nov 06 22:09:37 UTC 2019 /home/travis/build/icyphy/ptII/ptolemy/actor/lib/test/auto/DiscreteClock10.xml
----------------- Instantiating /home/travis/build/icyphy/ptII/ptolemy/actor/lib/test/auto/DiscreteClock10.xml
2 ms. Memory: 497664K Free: 333126K (67%)
----------------- Invoking toplevel() on ptolemy.moml.MoMLSimpleApplication@7d7bd6b1
----------------- Done invoking toplevel() on ptolemy.moml.MoMLSimpleApplication@7d7bd6b1
reloadAllAccessors: .DiscreteClock10

===========================================================================================
----------------- testing Wed Nov 06 22:09:37 UTC 2019 /home/travis/build/icyphy/ptII/ptolemy/actor/lib/test/auto/DiscreteClock11.xml
----------------- Instantiating /home/travis/build/icyphy/ptII/ptolemy/actor/lib/test/auto/DiscreteClock11.xml
3 ms. Memory: 497664K Free: 326982K (66%)
----------------- Invoking toplevel() on ptolemy.moml.MoMLSimpleApplication@298ba8d2
----------------- Done invoking toplevel() on ptolemy.moml.MoMLSimpleApplication@298ba8d2
reloadAllAccessors: .DiscreteClock11

===========================================================================================
----------------- testing Wed Nov 06 22:09:37 UTC 2019 /home/travis/build/icyphy/ptII/ptolemy/actor/lib/test/auto/DiscreteClock12.xml
----------------- Instantiating /home/travis/build/icyphy/ptII/ptolemy/actor/lib/test/auto/DiscreteClock12.xml
3 ms. Memory: 497664K Free: 321348K (65%)
----------------- Invoking toplevel() on ptolemy.moml.MoMLSimpleApplication@58ed00af
----------------- Done invoking toplevel() on ptolemy.moml.MoMLSimpleApplication@58ed00af
reloadAllAccessors: .DiscreteClock12

===========================================================================================
----------------- testing Wed Nov 06 22:09:37 UTC 2019 /home/travis/build/icyphy/ptII/ptolemy/actor/lib/test/auto/DiscreteClock13.xml
----------------- Instantiating /home/travis/build/icyphy/ptII/ptolemy/actor/lib/test/auto/DiscreteClock13.xml
3 ms. Memory: 497664K Free: 315174K (63%)
----------------- Invoking toplevel() on ptolemy.moml.MoMLSimpleApplication@69c6c33
----------------- Done invoking toplevel() on ptolemy.moml.MoMLSimpleApplication@69c6c33
reloadAllAccessors: .DiscreteClock13

===========================================================================================
----------------- testing Wed Nov 06 22:09:37 UTC 2019 /home/travis/build/icyphy/ptII/ptolemy/actor/lib/test/auto/DiscreteClock14.xml
----------------- Instantiating /home/travis/build/icyphy/ptII/ptolemy/actor/lib/test/auto/DiscreteClock14.xml
6 ms. Memory: 497664K Free: 309030K (62%)
----------------- Invoking toplevel() on ptolemy.moml.MoMLSimpleApplication@7f67075
----------------- Done invoking toplevel() on ptolemy.moml.MoMLSimpleApplication@7f67075
reloadAllAccessors: .DiscreteClock14

===========================================================================================
----------------- testing Wed Nov 06 22:09:37 UTC 2019 /home/travis/build/icyphy/ptII/ptolemy/actor/lib/test/auto/DiscreteClock15.xml
----------------- Instantiating /home/travis/build/icyphy/ptII/ptolemy/actor/lib/test/auto/DiscreteClock15.xml
6 ms. Memory: 497664K Free: 302910K (61%)
----------------- Invoking toplevel() on ptolemy.moml.MoMLSimpleApplication@2d4709d9
----------------- Done invoking toplevel() on ptolemy.moml.MoMLSimpleApplication@2d4709d9
reloadAllAccessors: .DiscreteClock15

===========================================================================================
----------------- testing Wed Nov 06 22:09:37 UTC 2019 /home/travis/build/icyphy/ptII/ptolemy/actor/lib/test/auto/DiscreteClock16.xml
----------------- Instantiating /home/travis/build/icyphy/ptII/ptolemy/actor/lib/test/auto/DiscreteClock16.xml
12 ms. Memory: 497664K Free: 289604K (58%)
----------------- Invoking toplevel() on ptolemy.moml.MoMLSimpleApplication@dae248f
----------------- Done invoking toplevel() on ptolemy.moml.MoMLSimpleApplication@dae248f
reloadAllAccessors: .DiscreteClock16

===========================================================================================
----------------- testing Wed Nov 06 22:09:37 UTC 2019 /home/travis/build/icyphy/ptII/ptolemy/actor/lib/test/auto/DiscreteClock17.xml
----------------- Instantiating /home/travis/build/icyphy/ptII/ptolemy/actor/lib/test/auto/DiscreteClock17.xml
17 ms. Memory: 497664K Free: 274758K (55%)
----------------- Invoking toplevel() on ptolemy.moml.MoMLSimpleApplication@421a7d06
----------------- Done invoking toplevel() on ptolemy.moml.MoMLSimpleApplication@421a7d06
reloadAllAccessors: .DiscreteClock17

===========================================================================================
----------------- testing Wed Nov 06 22:09:37 UTC 2019 /home/travis/build/icyphy/ptII/ptolemy/actor/lib/test/auto/DiscreteClock18.xml
----------------- Instantiating /home/travis/build/icyphy/ptII/ptolemy/actor/lib/test/auto/DiscreteClock18.xml
13 ms. Memory: 497664K Free: 260918K (52%)
----------------- Invoking toplevel() on ptolemy.moml.MoMLSimpleApplication@6f3dcb19
----------------- Done invoking toplevel() on ptolemy.moml.MoMLSimpleApplication@6f3dcb19
reloadAllAccessors: .DiscreteClock18

===========================================================================================
----------------- testing Wed Nov 06 22:09:37 UTC 2019 /home/travis/build/icyphy/ptII/ptolemy/actor/lib/test/auto/DiscreteClock19.xml
----------------- Instantiating /home/travis/build/icyphy/ptII/ptolemy/actor/lib/test/auto/DiscreteClock19.xml
13 ms. Memory: 497664K Free: 247110K (50%)
----------------- Invoking toplevel() on ptolemy.moml.MoMLSimpleApplication@2ce6b5bd
----------------- Done invoking toplevel() on ptolemy.moml.MoMLSimpleApplication@2ce6b5bd
reloadAllAccessors: .DiscreteClock19

===========================================================================================
----------------- testing Wed Nov 06 22:09:37 UTC 2019 /home/travis/build/icyphy/ptII/ptolemy/actor/lib/test/auto/DiscreteClock2.xml
----------------- Instantiating /home/travis/build/icyphy/ptII/ptolemy/actor/lib/test/auto/DiscreteClock2.xml
2 ms. Memory: 497664K Free: 242470K (49%)
----------------- Invoking toplevel() on ptolemy.moml.MoMLSimpleApplication@d9f9f99
----------------- Done invoking toplevel() on ptolemy.moml.MoMLSimpleApplication@d9f9f99
reloadAllAccessors: .DiscreteClock2

===========================================================================================
----------------- testing Wed Nov 06 22:09:37 UTC 2019 /home/travis/build/icyphy/ptII/ptolemy/actor/lib/test/auto/DiscreteClock20.xml
----------------- Instantiating /home/travis/build/icyphy/ptII/ptolemy/actor/lib/test/auto/DiscreteClock20.xml
5 ms. Memory: 497664K Free: 236870K (48%)
----------------- Invoking toplevel() on ptolemy.moml.MoMLSimpleApplication@68fd4154
----------------- Done invoking toplevel() on ptolemy.moml.MoMLSimpleApplication@68fd4154
reloadAllAccessors: .DiscreteClock20

===========================================================================================
----------------- testing Wed Nov 06 22:09:37 UTC 2019 /home/travis/build/icyphy/ptII/ptolemy/actor/lib/test/auto/DiscreteClock21.xml
----------------- Instantiating /home/travis/build/icyphy/ptII/ptolemy/actor/lib/test/auto/DiscreteClock21.xml
4 ms. Memory: 497664K Free: 231236K (46%)
----------------- Invoking toplevel() on ptolemy.moml.MoMLSimpleApplication@197b4768
----------------- Done invoking toplevel() on ptolemy.moml.MoMLSimpleApplication@197b4768
reloadAllAccessors: .DiscreteClock21

===========================================================================================
----------------- testing Wed Nov 06 22:09:37 UTC 2019 /home/travis/build/icyphy/ptII/ptolemy/actor/lib/test/auto/DiscreteClock22.xml
----------------- Instantiating /home/travis/build/icyphy/ptII/ptolemy/actor/lib/test/auto/DiscreteClock22.xml
5 ms. Memory: 497664K Free: 225606K (45%)
----------------- Invoking toplevel() on ptolemy.moml.MoMLSimpleApplication@5e00f90
----------------- Done invoking toplevel() on ptolemy.moml.MoMLSimpleApplication@5e00f90
reloadAllAccessors: .DiscreteClock22

===========================================================================================
----------------- testing Wed Nov 06 22:09:37 UTC 2019 /home/travis/build/icyphy/ptII/ptolemy/actor/lib/test/auto/DiscreteClock23.xml
----------------- Instantiating /home/travis/build/icyphy/ptII/ptolemy/actor/lib/test/auto/DiscreteClock23.xml
4 ms. Memory: 497664K Free: 219972K (44%)
----------------- Invoking toplevel() on ptolemy.moml.MoMLSimpleApplication@521cc6d4
----------------- Done invoking toplevel() on ptolemy.moml.MoMLSimpleApplication@521cc6d4
reloadAllAccessors: .DiscreteClock23

===========================================================================================
----------------- testing Wed Nov 06 22:09:38 UTC 2019 /home/travis/build/icyphy/ptII/ptolemy/actor/lib/test/auto/DiscreteClock24.xml
----------------- Instantiating /home/travis/build/icyphy/ptII/ptolemy/actor/lib/test/auto/DiscreteClock24.xml
2 ms. Memory: 497664K Free: 214852K (43%)
----------------- Invoking toplevel() on ptolemy.moml.MoMLSimpleApplication@7a5cb890
----------------- Done invoking toplevel() on ptolemy.moml.MoMLSimpleApplication@7a5cb890
reloadAllAccessors: .DiscreteClock24

===========================================================================================
----------------- testing Wed Nov 06 22:09:38 UTC 2019 /home/travis/build/icyphy/ptII/ptolemy/actor/lib/test/auto/DiscreteClock4.xml
----------------- Instantiating /home/travis/build/icyphy/ptII/ptolemy/actor/lib/test/auto/DiscreteClock4.xml
2 ms. Memory: 497664K Free: 209222K (42%)
----------------- Invoking toplevel() on ptolemy.moml.MoMLSimpleApplication@5c9e46a9
----------------- Done invoking toplevel() on ptolemy.moml.MoMLSimpleApplication@5c9e46a9
reloadAllAccessors: .DiscreteClock4

===========================================================================================
----------------- testing Wed Nov 06 22:09:38 UTC 2019 /home/travis/build/icyphy/ptII/ptolemy/actor/lib/test/auto/DiscreteClock5.xml
----------------- Instantiating /home/travis/build/icyphy/ptII/ptolemy/actor/lib/test/auto/DiscreteClock5.xml
1 ms. Memory: 497664K Free: 203574K (41%)
----------------- Invoking toplevel() on ptolemy.moml.MoMLSimpleApplication@a86b1ee
----------------- Done invoking toplevel() on ptolemy.moml.MoMLSimpleApplication@a86b1ee
reloadAllAccessors: .DiscreteClock5

===========================================================================================
----------------- testing Wed Nov 06 22:09:38 UTC 2019 /home/travis/build/icyphy/ptII/ptolemy/actor/lib/test/auto/DiscreteClock6.xml
----------------- Instantiating /home/travis/build/icyphy/ptII/ptolemy/actor/lib/test/auto/DiscreteClock6.xml
2 ms. Memory: 497664K Free: 198982K (40%)
----------------- Invoking toplevel() on ptolemy.moml.MoMLSimpleApplication@648679a3
----------------- Done invoking toplevel() on ptolemy.moml.MoMLSimpleApplication@648679a3
reloadAllAccessors: .DiscreteClock6

===========================================================================================
----------------- testing Wed Nov 06 22:09:38 UTC 2019 /home/travis/build/icyphy/ptII/ptolemy/actor/lib/test/auto/DiscreteClock7.xml
----------------- Instantiating /home/travis/build/icyphy/ptII/ptolemy/actor/lib/test/auto/DiscreteClock7.xml
2 ms. Memory: 497664K Free: 194372K (39%)
----------------- Invoking toplevel() on ptolemy.moml.MoMLSimpleApplication@2fde61a
----------------- Done invoking toplevel() on ptolemy.moml.MoMLSimpleApplication@2fde61a
reloadAllAccessors: .DiscreteClock7

===========================================================================================
----------------- testing Wed Nov 06 22:09:38 UTC 2019 /home/travis/build/icyphy/ptII/ptolemy/actor/lib/test/auto/DiscreteClock8.xml
----------------- Instantiating /home/travis/build/icyphy/ptII/ptolemy/actor/lib/test/auto/DiscreteClock8.xml
3 ms. Memory: 497664K Free: 188742K (38%)
----------------- Invoking toplevel() on ptolemy.moml.MoMLSimpleApplication@34c294dd
----------------- Done invoking toplevel() on ptolemy.moml.MoMLSimpleApplication@34c294dd
reloadAllAccessors: .DiscreteClock8

===========================================================================================
----------------- testing Wed Nov 06 22:09:38 UTC 2019 /home/travis/build/icyphy/ptII/ptolemy/actor/lib/test/auto/DiscreteClock9.xml
----------------- Instantiating /home/travis/build/icyphy/ptII/ptolemy/actor/lib/test/auto/DiscreteClock9.xml
2 ms. Memory: 497664K Free: 183108K (37%)
----------------- Invoking toplevel() on ptolemy.moml.MoMLSimpleApplication@7a87aae8
----------------- Done invoking toplevel() on ptolemy.moml.MoMLSimpleApplication@7a87aae8
reloadAllAccessors: .DiscreteClock9

===========================================================================================
----------------- testing Wed Nov 06 22:09:38 UTC 2019 /home/travis/build/icyphy/ptII/ptolemy/actor/lib/test/auto/DisplayArray.xml
----------------- Instantiating /home/travis/build/icyphy/ptII/ptolemy/actor/lib/test/auto/DisplayArray.xml
2 ms. Memory: 497664K Free: 179526K (36%)
----------------- Invoking toplevel() on ptolemy.moml.MoMLSimpleApplication@6fe28366
----------------- Done invoking toplevel() on ptolemy.moml.MoMLSimpleApplication@6fe28366
reloadAllAccessors: .DisplayArray

===========================================================================================
----------------- testing Wed Nov 06 22:09:38 UTC 2019 /home/travis/build/icyphy/ptII/ptolemy/actor/lib/test/auto/Distributor.xml
----------------- Instantiating /home/travis/build/icyphy/ptII/ptolemy/actor/lib/test/auto/Distributor.xml
2 ms. Memory: 497664K Free: 174406K (35%)
----------------- Invoking toplevel() on ptolemy.moml.MoMLSimpleApplication@1c4fac41
----------------- Done invoking toplevel() on ptolemy.moml.MoMLSimpleApplication@1c4fac41
reloadAllAccessors: .Distributor

===========================================================================================
----------------- testing Wed Nov 06 22:09:38 UTC 2019 /home/travis/build/icyphy/ptII/ptolemy/actor/lib/test/auto/Distributor2.xml
----------------- Instantiating /home/travis/build/icyphy/ptII/ptolemy/actor/lib/test/auto/Distributor2.xml
1 ms. Memory: 497664K Free: 169796K (34%)
----------------- Invoking toplevel() on ptolemy.moml.MoMLSimpleApplication@54335f06
----------------- Done invoking toplevel() on ptolemy.moml.MoMLSimpleApplication@54335f06
reloadAllAccessors: .Distributor2

===========================================================================================
----------------- testing Wed Nov 06 22:09:38 UTC 2019 /home/travis/build/icyphy/ptII/ptolemy/actor/lib/test/auto/DownSample.xml
----------------- Instantiating /home/travis/build/icyphy/ptII/ptolemy/actor/lib/test/auto/DownSample.xml
2 ms. Memory: 497664K Free: 165190K (33%)
----------------- Invoking toplevel() on ptolemy.moml.MoMLSimpleApplication@7afd1df9
----------------- Done invoking toplevel() on ptolemy.moml.MoMLSimpleApplication@7afd1df9
reloadAllAccessors: .DownSample

===========================================================================================
----------------- testing Wed Nov 06 22:09:38 UTC 2019 /home/travis/build/icyphy/ptII/ptolemy/actor/lib/test/auto/ElectronicUnitBase1.xml
----------------- Instantiating /home/travis/build/icyphy/ptII/ptolemy/actor/lib/test/auto/ElectronicUnitBase1.xml
16 ms. Memory: 497664K Free: 444926K (89%)
----------------- Invoking toplevel() on ptolemy.moml.MoMLSimpleApplication@57cb96d0
----------------- Done invoking toplevel() on ptolemy.moml.MoMLSimpleApplication@57cb96d0
reloadAllAccessors: .ElectronicUnitBase1

===========================================================================================
----------------- testing Wed Nov 06 22:09:38 UTC 2019 /home/travis/build/icyphy/ptII/ptolemy/actor/lib/test/auto/ElementsToArray.xml
----------------- Instantiating /home/travis/build/icyphy/ptII/ptolemy/actor/lib/test/auto/ElementsToArray.xml
2 ms. Memory: 497664K Free: 439806K (88%)
----------------- Invoking toplevel() on ptolemy.moml.MoMLSimpleApplication@18d4c9d2
----------------- Done invoking toplevel() on ptolemy.moml.MoMLSimpleApplication@18d4c9d2
reloadAllAccessors: .ElementsToArray

===========================================================================================
----------------- testing Wed Nov 06 22:09:38 UTC 2019 /home/travis/build/icyphy/ptII/ptolemy/actor/lib/test/auto/Equals.xml
----------------- Instantiating /home/travis/build/icyphy/ptII/ptolemy/actor/lib/test/auto/Equals.xml
3 ms. Memory: 497664K Free: 435200K (87%)
----------------- Invoking toplevel() on ptolemy.moml.MoMLSimpleApplication@2ac523db
----------------- Done invoking toplevel() on ptolemy.moml.MoMLSimpleApplication@2ac523db
reloadAllAccessors: .Equals

===========================================================================================
----------------- testing Wed Nov 06 22:09:38 UTC 2019 /home/travis/build/icyphy/ptII/ptolemy/actor/lib/test/auto/Exec.xml
----------------- Instantiating /home/travis/build/icyphy/ptII/ptolemy/actor/lib/test/auto/Exec.xml
20 ms. Memory: 497664K Free: 429056K (86%)
----------------- Invoking toplevel() on ptolemy.moml.MoMLSimpleApplication@13c12b56
----------------- Done invoking toplevel() on ptolemy.moml.MoMLSimpleApplication@13c12b56
reloadAllAccessors: .Exec

===========================================================================================
----------------- testing Wed Nov 06 22:09:38 UTC 2019 /home/travis/build/icyphy/ptII/ptolemy/actor/lib/test/auto/ExecEnvironment.xml
----------------- Instantiating /home/travis/build/icyphy/ptII/ptolemy/actor/lib/test/auto/ExecEnvironment.xml
38 ms. Memory: 497664K Free: 422910K (85%)
----------------- Invoking toplevel() on ptolemy.moml.MoMLSimpleApplication@4f8823bb
----------------- Done invoking toplevel() on ptolemy.moml.MoMLSimpleApplication@4f8823bb
reloadAllAccessors: .ExecEnvironment

===========================================================================================
----------------- testing Wed Nov 06 22:09:38 UTC 2019 /home/travis/build/icyphy/ptII/ptolemy/actor/lib/test/auto/ExecNonZeroReturnOutput.xml
----------------- Instantiating /home/travis/build/icyphy/ptII/ptolemy/actor/lib/test/auto/ExecNonZeroReturnOutput.xml
202 ms. Memory: 497664K Free: 411134K (83%)
----------------- Invoking toplevel() on ptolemy.moml.MoMLSimpleApplication@59a98a89
----------------- Done invoking toplevel() on ptolemy.moml.MoMLSimpleApplication@59a98a89
reloadAllAccessors: .ExecNonZeroReturnOutput

===========================================================================================
----------------- testing Wed Nov 06 22:09:38 UTC 2019 /home/travis/build/icyphy/ptII/ptolemy/actor/lib/test/auto/ExecRunDemos.xml
----------------- Instantiating /home/travis/build/icyphy/ptII/ptolemy/actor/lib/test/auto/ExecRunDemos.xml
Finished: 128 ms. Memory: 120832K Free: 104653K (87%)

Finished: 72 ms. Memory: 120832K Free: 110694K (92%)

Finished: 95 ms. Memory: 120832K Free: 110832K (92%)

Finished: 96 ms. Memory: 120832K Free: 103217K (85%)

Finished: 128 ms. Memory: 120832K Free: 103949K (86%)

11862 ms. Memory: 497664K Free: 390142K (78%)
----------------- Invoking toplevel() on ptolemy.moml.MoMLSimpleApplication@64e898bf
----------------- Done invoking toplevel() on ptolemy.moml.MoMLSimpleApplication@64e898bf
reloadAllAccessors: .ExecRunDemos

===========================================================================================
----------------- testing Wed Nov 06 22:09:50 UTC 2019 /home/travis/build/icyphy/ptII/ptolemy/actor/lib/test/auto/ExecStop.xml
----------------- Instantiating /home/travis/build/icyphy/ptII/ptolemy/actor/lib/test/auto/ExecStop.xml
5021 ms. Memory: 497664K Free: 284670K (57%)
----------------- Invoking toplevel() on ptolemy.moml.MoMLSimpleApplication@3033e4c1
----------------- Done invoking toplevel() on ptolemy.moml.MoMLSimpleApplication@3033e4c1
reloadAllAccessors: .ExecStop

===========================================================================================
----------------- testing Wed Nov 06 22:09:55 UTC 2019 /home/travis/build/icyphy/ptII/ptolemy/actor/lib/test/auto/ExecutionTimeSDF.xml
----------------- Instantiating /home/travis/build/icyphy/ptII/ptolemy/actor/lib/test/auto/ExecutionTimeSDF.xml
Fired ExecutionTime: 1617600000
Fired ExecutionTime: 1057600000
Fired ExecutionTime: -1087767296
6010 ms. Memory: 497664K Free: 272384K (55%)
----------------- Invoking toplevel() on ptolemy.moml.MoMLSimpleApplication@7a155e86
----------------- Done invoking toplevel() on ptolemy.moml.MoMLSimpleApplication@7a155e86
reloadAllAccessors: .ExecutionTimeSDF

===========================================================================================
----------------- testing Wed Nov 06 22:10:01 UTC 2019 /home/travis/build/icyphy/ptII/ptolemy/actor/lib/test/auto/Expression1.xml
----------------- Instantiating /home/travis/build/icyphy/ptII/ptolemy/actor/lib/test/auto/Expression1.xml
4 ms. Memory: 497664K Free: 268798K (54%)
----------------- Invoking toplevel() on ptolemy.moml.MoMLSimpleApplication@2373cd93
----------------- Done invoking toplevel() on ptolemy.moml.MoMLSimpleApplication@2373cd93
reloadAllAccessors: .Expression1

===========================================================================================
----------------- testing Wed Nov 06 22:10:01 UTC 2019 /home/travis/build/icyphy/ptII/ptolemy/actor/lib/test/auto/Expression10.xml
----------------- Instantiating /home/travis/build/icyphy/ptII/ptolemy/actor/lib/test/auto/Expression10.xml
8 ms. Memory: 497664K Free: 263168K (53%)
----------------- Invoking toplevel() on ptolemy.moml.MoMLSimpleApplication@75e35f74
----------------- Done invoking toplevel() on ptolemy.moml.MoMLSimpleApplication@75e35f74
reloadAllAccessors: .Expression10

===========================================================================================
----------------- testing Wed Nov 06 22:10:01 UTC 2019 /home/travis/build/icyphy/ptII/ptolemy/actor/lib/test/auto/Expression11.xml
----------------- Instantiating /home/travis/build/icyphy/ptII/ptolemy/actor/lib/test/auto/Expression11.xml
3 ms. Memory: 497664K Free: 258558K (52%)
----------------- Invoking toplevel() on ptolemy.moml.MoMLSimpleApplication@aab814a
----------------- Done invoking toplevel() on ptolemy.moml.MoMLSimpleApplication@aab814a
reloadAllAccessors: .Expression11

===========================================================================================
----------------- testing Wed Nov 06 22:10:01 UTC 2019 /home/travis/build/icyphy/ptII/ptolemy/actor/lib/test/auto/Expression12.xml
----------------- Instantiating /home/travis/build/icyphy/ptII/ptolemy/actor/lib/test/auto/Expression12.xml
6 ms. Memory: 497664K Free: 252928K (51%)
----------------- Invoking toplevel() on ptolemy.moml.MoMLSimpleApplication@496be9b2
----------------- Done invoking toplevel() on ptolemy.moml.MoMLSimpleApplication@496be9b2
reloadAllAccessors: .Expression12

===========================================================================================
----------------- testing Wed Nov 06 22:10:01 UTC 2019 /home/travis/build/icyphy/ptII/ptolemy/actor/lib/test/auto/Expression13.xml
----------------- Instantiating /home/travis/build/icyphy/ptII/ptolemy/actor/lib/test/auto/Expression13.xml
5 ms. Memory: 497664K Free: 247808K (50%)
----------------- Invoking toplevel() on ptolemy.moml.MoMLSimpleApplication@3d6af441
----------------- Done invoking toplevel() on ptolemy.moml.MoMLSimpleApplication@3d6af441
reloadAllAccessors: .Expression13

===========================================================================================
----------------- testing Wed Nov 06 22:10:01 UTC 2019 /home/travis/build/icyphy/ptII/ptolemy/actor/lib/test/auto/Expression14.xml
----------------- Instantiating /home/travis/build/icyphy/ptII/ptolemy/actor/lib/test/auto/Expression14.xml
9 ms. Memory: 497664K Free: 241664K (49%)
----------------- Invoking toplevel() on ptolemy.moml.MoMLSimpleApplication@679d620c
----------------- Done invoking toplevel() on ptolemy.moml.MoMLSimpleApplication@679d620c
reloadAllAccessors: .Expression14

===========================================================================================
----------------- testing Wed Nov 06 22:10:01 UTC 2019 /home/travis/build/icyphy/ptII/ptolemy/actor/lib/test/auto/Expression15.xml
----------------- Instantiating /home/travis/build/icyphy/ptII/ptolemy/actor/lib/test/auto/Expression15.xml
2 ms. Memory: 497664K Free: 237568K (48%)
----------------- Invoking toplevel() on ptolemy.moml.MoMLSimpleApplication@65dfa4b7
----------------- Done invoking toplevel() on ptolemy.moml.MoMLSimpleApplication@65dfa4b7
reloadAllAccessors: .Expression15

===========================================================================================
----------------- testing Wed Nov 06 22:10:01 UTC 2019 /home/travis/build/icyphy/ptII/ptolemy/actor/lib/test/auto/Expression16.xml
----------------- Instantiating /home/travis/build/icyphy/ptII/ptolemy/actor/lib/test/auto/Expression16.xml
6 ms. Memory: 497664K Free: 232958K (47%)
----------------- Invoking toplevel() on ptolemy.moml.MoMLSimpleApplication@218addc9
----------------- Done invoking toplevel() on ptolemy.moml.MoMLSimpleApplication@218addc9
reloadAllAccessors: .Expression16

===========================================================================================
----------------- testing Wed Nov 06 22:10:01 UTC 2019 /home/travis/build/icyphy/ptII/ptolemy/actor/lib/test/auto/Expression17.xml
----------------- Instantiating /home/travis/build/icyphy/ptII/ptolemy/actor/lib/test/auto/Expression17.xml
5 ms. Memory: 497664K Free: 227838K (46%)
----------------- Invoking toplevel() on ptolemy.moml.MoMLSimpleApplication@aa3d4f
----------------- Done invoking toplevel() on ptolemy.moml.MoMLSimpleApplication@aa3d4f
reloadAllAccessors: .Expression17

===========================================================================================
----------------- testing Wed Nov 06 22:10:01 UTC 2019 /home/travis/build/icyphy/ptII/ptolemy/actor/lib/test/auto/Expression18.xml
----------------- Instantiating /home/travis/build/icyphy/ptII/ptolemy/actor/lib/test/auto/Expression18.xml
2 ms. Memory: 497664K Free: 222718K (45%)
----------------- Invoking toplevel() on ptolemy.moml.MoMLSimpleApplication@490c0cf3
----------------- Done invoking toplevel() on ptolemy.moml.MoMLSimpleApplication@490c0cf3
reloadAllAccessors: .Expression18

===========================================================================================
----------------- testing Wed Nov 06 22:10:01 UTC 2019 /home/travis/build/icyphy/ptII/ptolemy/actor/lib/test/auto/Expression2.xml
----------------- Instantiating /home/travis/build/icyphy/ptII/ptolemy/actor/lib/test/auto/Expression2.xml
5 ms. Memory: 497664K Free: 217598K (44%)
----------------- Invoking toplevel() on ptolemy.moml.MoMLSimpleApplication@17e370f
----------------- Done invoking toplevel() on ptolemy.moml.MoMLSimpleApplication@17e370f
reloadAllAccessors: .Expression2

===========================================================================================
----------------- testing Wed Nov 06 22:10:01 UTC 2019 /home/travis/build/icyphy/ptII/ptolemy/actor/lib/test/auto/Expression3.xml
----------------- Instantiating /home/travis/build/icyphy/ptII/ptolemy/actor/lib/test/auto/Expression3.xml
8 ms. Memory: 497664K Free: 212478K (43%)
----------------- Invoking toplevel() on ptolemy.moml.MoMLSimpleApplication@43032e5d
----------------- Done invoking toplevel() on ptolemy.moml.MoMLSimpleApplication@43032e5d
reloadAllAccessors: .Expression3

===========================================================================================
----------------- testing Wed Nov 06 22:10:01 UTC 2019 /home/travis/build/icyphy/ptII/ptolemy/actor/lib/test/auto/Expression4.xml
----------------- Instantiating /home/travis/build/icyphy/ptII/ptolemy/actor/lib/test/auto/Expression4.xml
4 ms. Memory: 497664K Free: 205310K (41%)
----------------- Invoking toplevel() on ptolemy.moml.MoMLSimpleApplication@62060426
----------------- Done invoking toplevel() on ptolemy.moml.MoMLSimpleApplication@62060426
reloadAllAccessors: .Expression4

===========================================================================================
----------------- testing Wed Nov 06 22:10:02 UTC 2019 /home/travis/build/icyphy/ptII/ptolemy/actor/lib/test/auto/Expression5.xml
----------------- Instantiating /home/travis/build/icyphy/ptII/ptolemy/actor/lib/test/auto/Expression5.xml
7 ms. Memory: 497664K Free: 200190K (40%)
----------------- Invoking toplevel() on ptolemy.moml.MoMLSimpleApplication@1ac6f194
----------------- Done invoking toplevel() on ptolemy.moml.MoMLSimpleApplication@1ac6f194
reloadAllAccessors: .Expression5

===========================================================================================
----------------- testing Wed Nov 06 22:10:02 UTC 2019 /home/travis/build/icyphy/ptII/ptolemy/actor/lib/test/auto/Expression6.xml
----------------- Instantiating /home/travis/build/icyphy/ptII/ptolemy/actor/lib/test/auto/Expression6.xml
2 ms. Memory: 497664K Free: 195584K (39%)
----------------- Invoking toplevel() on ptolemy.moml.MoMLSimpleApplication@22a4df39
----------------- Done invoking toplevel() on ptolemy.moml.MoMLSimpleApplication@22a4df39
reloadAllAccessors: .Expression6

===========================================================================================
----------------- testing Wed Nov 06 22:10:02 UTC 2019 /home/travis/build/icyphy/ptII/ptolemy/actor/lib/test/auto/Expression7.xml
----------------- Instantiating /home/travis/build/icyphy/ptII/ptolemy/actor/lib/test/auto/Expression7.xml
2 ms. Memory: 497664K Free: 190464K (38%)
----------------- Invoking toplevel() on ptolemy.moml.MoMLSimpleApplication@47ce6019
----------------- Done invoking toplevel() on ptolemy.moml.MoMLSimpleApplication@47ce6019
reloadAllAccessors: .Expression7

===========================================================================================
----------------- testing Wed Nov 06 22:10:02 UTC 2019 /home/travis/build/icyphy/ptII/ptolemy/actor/lib/test/auto/Expression8.xml
----------------- Instantiating /home/travis/build/icyphy/ptII/ptolemy/actor/lib/test/auto/Expression8.xml
13 ms. Memory: 497664K Free: 185344K (37%)
----------------- Invoking toplevel() on ptolemy.moml.MoMLSimpleApplication@6f24e0fc
----------------- Done invoking toplevel() on ptolemy.moml.MoMLSimpleApplication@6f24e0fc
reloadAllAccessors: .Expression8

===========================================================================================
----------------- testing Wed Nov 06 22:10:02 UTC 2019 /home/travis/build/icyphy/ptII/ptolemy/actor/lib/test/auto/Expression9.xml
----------------- Instantiating /home/travis/build/icyphy/ptII/ptolemy/actor/lib/test/auto/Expression9.xml
1 ms. Memory: 497664K Free: 181248K (36%)
----------------- Invoking toplevel() on ptolemy.moml.MoMLSimpleApplication@4d79e12b
----------------- Done invoking toplevel() on ptolemy.moml.MoMLSimpleApplication@4d79e12b
reloadAllAccessors: .Expression9

===========================================================================================
----------------- testing Wed Nov 06 22:10:02 UTC 2019 /home/travis/build/icyphy/ptII/ptolemy/actor/lib/test/auto/ExpressionConcatenateArrayType.xml
----------------- Instantiating /home/travis/build/icyphy/ptII/ptolemy/actor/lib/test/auto/ExpressionConcatenateArrayType.xml
3 ms. Memory: 497664K Free: 175104K (35%)
----------------- Invoking toplevel() on ptolemy.moml.MoMLSimpleApplication@17f13625
----------------- Done invoking toplevel() on ptolemy.moml.MoMLSimpleApplication@17f13625
reloadAllAccessors: .ExpressionConcatenateArrayType

===========================================================================================
----------------- testing Wed Nov 06 22:10:02 UTC 2019 /home/travis/build/icyphy/ptII/ptolemy/actor/lib/test/auto/ExpressionConcatenateArrayType2.xml
----------------- Instantiating /home/travis/build/icyphy/ptII/ptolemy/actor/lib/test/auto/ExpressionConcatenateArrayType2.xml
3 ms. Memory: 497664K Free: 169470K (34%)
----------------- Invoking toplevel() on ptolemy.moml.MoMLSimpleApplication@58e8ec2a
----------------- Done invoking toplevel() on ptolemy.moml.MoMLSimpleApplication@58e8ec2a
reloadAllAccessors: .ExpressionConcatenateArrayType2

===========================================================================================
----------------- testing Wed Nov 06 22:10:02 UTC 2019 /home/travis/build/icyphy/ptII/ptolemy/actor/lib/test/auto/ExpressionFix.xml
----------------- Instantiating /home/travis/build/icyphy/ptII/ptolemy/actor/lib/test/auto/ExpressionFix.xml
30 ms. Memory: 497664K Free: 162816K (33%)
----------------- Invoking toplevel() on ptolemy.moml.MoMLSimpleApplication@338cf453
----------------- Done invoking toplevel() on ptolemy.moml.MoMLSimpleApplication@338cf453
reloadAllAccessors: .ExpressionFix

===========================================================================================
----------------- testing Wed Nov 06 22:10:02 UTC 2019 /home/travis/build/icyphy/ptII/ptolemy/actor/lib/test/auto/ExpressionFix2.xml
----------------- Instantiating /home/travis/build/icyphy/ptII/ptolemy/actor/lib/test/auto/ExpressionFix2.xml
4 ms. Memory: 497664K Free: 158720K (32%)
----------------- Invoking toplevel() on ptolemy.moml.MoMLSimpleApplication@70e76a68
----------------- Done invoking toplevel() on ptolemy.moml.MoMLSimpleApplication@70e76a68
reloadAllAccessors: .ExpressionFix2

===========================================================================================
----------------- testing Wed Nov 06 22:10:02 UTC 2019 /home/travis/build/icyphy/ptII/ptolemy/actor/lib/test/auto/ExpressionFix3.xml
----------------- Instantiating /home/travis/build/icyphy/ptII/ptolemy/actor/lib/test/auto/ExpressionFix3.xml
4 ms. Memory: 497664K Free: 154110K (31%)
----------------- Invoking toplevel() on ptolemy.moml.MoMLSimpleApplication@3fee0b3d
----------------- Done invoking toplevel() on ptolemy.moml.MoMLSimpleApplication@3fee0b3d
reloadAllAccessors: .ExpressionFix3

===========================================================================================
----------------- testing Wed Nov 06 22:10:02 UTC 2019 /home/travis/build/icyphy/ptII/ptolemy/actor/lib/test/auto/FileWriter1.xml
----------------- Instantiating /home/travis/build/icyphy/ptII/ptolemy/actor/lib/test/auto/FileWriter1.xml
2 ms. Memory: 497664K Free: 446041K (90%)
----------------- Invoking toplevel() on ptolemy.moml.MoMLSimpleApplication@17c08db7
----------------- Done invoking toplevel() on ptolemy.moml.MoMLSimpleApplication@17c08db7
reloadAllAccessors: .FileWriter1

===========================================================================================
----------------- testing Wed Nov 06 22:10:02 UTC 2019 /home/travis/build/icyphy/ptII/ptolemy/actor/lib/test/auto/FileWriter2.xml
----------------- Instantiating /home/travis/build/icyphy/ptII/ptolemy/actor/lib/test/auto/FileWriter2.xml
3 ms. Memory: 497664K Free: 441435K (89%)
----------------- Invoking toplevel() on ptolemy.moml.MoMLSimpleApplication@6672c5a
----------------- Done invoking toplevel() on ptolemy.moml.MoMLSimpleApplication@6672c5a
reloadAllAccessors: .FileWriter2

===========================================================================================
----------------- testing Wed Nov 06 22:10:02 UTC 2019 /home/travis/build/icyphy/ptII/ptolemy/actor/lib/test/auto/FileWriter3.xml
----------------- Instantiating /home/travis/build/icyphy/ptII/ptolemy/actor/lib/test/auto/FileWriter3.xml
6 ms. Memory: 497664K Free: 437849K (88%)
----------------- Invoking toplevel() on ptolemy.moml.MoMLSimpleApplication@58bb3a70
----------------- Done invoking toplevel() on ptolemy.moml.MoMLSimpleApplication@58bb3a70
reloadAllAccessors: .FileWriter3

===========================================================================================
----------------- testing Wed Nov 06 22:10:02 UTC 2019 /home/travis/build/icyphy/ptII/ptolemy/actor/lib/test/auto/Gaussian.xml
----------------- Instantiating /home/travis/build/icyphy/ptII/ptolemy/actor/lib/test/auto/Gaussian.xml
5 ms. Memory: 497664K Free: 433243K (87%)
----------------- Invoking toplevel() on ptolemy.moml.MoMLSimpleApplication@2c3f08e1
----------------- Done invoking toplevel() on ptolemy.moml.MoMLSimpleApplication@2c3f08e1
reloadAllAccessors: .Gaussian

===========================================================================================
----------------- testing Wed Nov 06 22:10:02 UTC 2019 /home/travis/build/icyphy/ptII/ptolemy/actor/lib/test/auto/Gaussian1.xml
----------------- Instantiating /home/travis/build/icyphy/ptII/ptolemy/actor/lib/test/auto/Gaussian1.xml
2 ms. Memory: 497664K Free: 427595K (86%)
----------------- Invoking toplevel() on ptolemy.moml.MoMLSimpleApplication@40eb603a
----------------- Done invoking toplevel() on ptolemy.moml.MoMLSimpleApplication@40eb603a
reloadAllAccessors: .Gaussian1

===========================================================================================
----------------- testing Wed Nov 06 22:10:02 UTC 2019 /home/travis/build/icyphy/ptII/ptolemy/actor/lib/test/auto/Gaussian2.xml
----------------- Instantiating /home/travis/build/icyphy/ptII/ptolemy/actor/lib/test/auto/Gaussian2.xml
9 ms. Memory: 497664K Free: 421979K (85%)
----------------- Invoking toplevel() on ptolemy.moml.MoMLSimpleApplication@3d778e70
----------------- Done invoking toplevel() on ptolemy.moml.MoMLSimpleApplication@3d778e70
reloadAllAccessors: .Gaussian2

===========================================================================================
----------------- testing Wed Nov 06 22:10:02 UTC 2019 /home/travis/build/icyphy/ptII/ptolemy/actor/lib/test/auto/GradientAdaptiveLattice.xml
----------------- Instantiating /home/travis/build/icyphy/ptII/ptolemy/actor/lib/test/auto/GradientAdaptiveLattice.xml
5 ms. Memory: 497664K Free: 416859K (84%)
----------------- Invoking toplevel() on ptolemy.moml.MoMLSimpleApplication@49a3ce2b
----------------- Done invoking toplevel() on ptolemy.moml.MoMLSimpleApplication@49a3ce2b
reloadAllAccessors: .GradientAdaptiveLattice

===========================================================================================
----------------- testing Wed Nov 06 22:10:02 UTC 2019 /home/travis/build/icyphy/ptII/ptolemy/actor/lib/test/auto/IIR.xml
----------------- Instantiating /home/travis/build/icyphy/ptII/ptolemy/actor/lib/test/auto/IIR.xml
1 ms. Memory: 497664K Free: 412249K (83%)
----------------- Invoking toplevel() on ptolemy.moml.MoMLSimpleApplication@3967007a
----------------- Done invoking toplevel() on ptolemy.moml.MoMLSimpleApplication@3967007a
reloadAllAccessors: .IIR

===========================================================================================
----------------- testing Wed Nov 06 22:10:02 UTC 2019 /home/travis/build/icyphy/ptII/ptolemy/actor/lib/test/auto/InputOutputTransparentPorts.xml
----------------- Instantiating /home/travis/build/icyphy/ptII/ptolemy/actor/lib/test/auto/InputOutputTransparentPorts.xml
3 ms. Memory: 497664K Free: 405081K (81%)
----------------- Invoking toplevel() on ptolemy.moml.MoMLSimpleApplication@2b544bcc
----------------- Done invoking toplevel() on ptolemy.moml.MoMLSimpleApplication@2b544bcc
reloadAllAccessors: .InputOutputTransparentPorts

===========================================================================================
----------------- testing Wed Nov 06 22:10:02 UTC 2019 /home/travis/build/icyphy/ptII/ptolemy/actor/lib/test/auto/Interpolator.xml
----------------- Instantiating /home/travis/build/icyphy/ptII/ptolemy/actor/lib/test/auto/Interpolator.xml
6 ms. Memory: 497664K Free: 399961K (80%)
----------------- Invoking toplevel() on ptolemy.moml.MoMLSimpleApplication@74b5f637
----------------- Done invoking toplevel() on ptolemy.moml.MoMLSimpleApplication@74b5f637
reloadAllAccessors: .Interpolator

===========================================================================================
----------------- testing Wed Nov 06 22:10:02 UTC 2019 /home/travis/build/icyphy/ptII/ptolemy/actor/lib/test/auto/InterpolatorFiringLimitDE.xml
----------------- Instantiating /home/travis/build/icyphy/ptII/ptolemy/actor/lib/test/auto/InterpolatorFiringLimitDE.xml
3 ms. Memory: 497664K Free: 393817K (79%)
----------------- Invoking toplevel() on ptolemy.moml.MoMLSimpleApplication@29f92f13
----------------- Done invoking toplevel() on ptolemy.moml.MoMLSimpleApplication@29f92f13
reloadAllAccessors: .InterpolatorFiringLimitDE

===========================================================================================
----------------- testing Wed Nov 06 22:10:02 UTC 2019 /home/travis/build/icyphy/ptII/ptolemy/actor/lib/test/auto/Lattice.xml
----------------- Instantiating /home/travis/build/icyphy/ptII/ptolemy/actor/lib/test/auto/Lattice.xml
2 ms. Memory: 497664K Free: 389721K (78%)
----------------- Invoking toplevel() on ptolemy.moml.MoMLSimpleApplication@7120036d
----------------- Done invoking toplevel() on ptolemy.moml.MoMLSimpleApplication@7120036d
reloadAllAccessors: .Lattice

===========================================================================================
----------------- testing Wed Nov 06 22:10:02 UTC 2019 /home/travis/build/icyphy/ptII/ptolemy/actor/lib/test/auto/LazyAOCTestLazy.xml
----------------- Instantiating /home/travis/build/icyphy/ptII/ptolemy/actor/lib/test/auto/LazyAOCTestLazy.xml
22 ms. Memory: 497664K Free: 383563K (77%)
----------------- Invoking toplevel() on ptolemy.moml.MoMLSimpleApplication@678b9df6
----------------- Done invoking toplevel() on ptolemy.moml.MoMLSimpleApplication@678b9df6
reloadAllAccessors: .LazyAOCTestLazy

===========================================================================================
----------------- testing Wed Nov 06 22:10:02 UTC 2019 /home/travis/build/icyphy/ptII/ptolemy/actor/lib/test/auto/LazyAOCTestNonLazy.xml
----------------- Instantiating /home/travis/build/icyphy/ptII/ptolemy/actor/lib/test/auto/LazyAOCTestNonLazy.xml
2 ms. Memory: 497664K Free: 376409K (76%)
----------------- Invoking toplevel() on ptolemy.moml.MoMLSimpleApplication@6ba3dfe
----------------- Done invoking toplevel() on ptolemy.moml.MoMLSimpleApplication@6ba3dfe
reloadAllAccessors: .LazyAOCTestNonLazy

===========================================================================================
----------------- testing Wed Nov 06 22:10:02 UTC 2019 /home/travis/build/icyphy/ptII/ptolemy/actor/lib/test/auto/LazyInnerClass.xml
----------------- Instantiating /home/travis/build/icyphy/ptII/ptolemy/actor/lib/test/auto/LazyInnerClass.xml
23 ms. Memory: 497664K Free: 367707K (74%)
----------------- Invoking toplevel() on ptolemy.moml.MoMLSimpleApplication@2a3eca5e
----------------- Done invoking toplevel() on ptolemy.moml.MoMLSimpleApplication@2a3eca5e
reloadAllAccessors: .LazyInnerClass

===========================================================================================
----------------- testing Wed Nov 06 22:10:02 UTC 2019 /home/travis/build/icyphy/ptII/ptolemy/actor/lib/test/auto/LazyPubSub.xml
----------------- Instantiating /home/travis/build/icyphy/ptII/ptolemy/actor/lib/test/auto/LazyPubSub.xml
28 ms. Memory: 497664K Free: 356953K (72%)
----------------- Invoking toplevel() on ptolemy.moml.MoMLSimpleApplication@74bfa61
----------------- Done invoking toplevel() on ptolemy.moml.MoMLSimpleApplication@74bfa61
reloadAllAccessors: .LazyPubSub

===========================================================================================
----------------- testing Wed Nov 06 22:10:02 UTC 2019 /home/travis/build/icyphy/ptII/ptolemy/actor/lib/test/auto/LazyPubSub2.xml
----------------- Instantiating /home/travis/build/icyphy/ptII/ptolemy/actor/lib/test/auto/LazyPubSub2.xml
29 ms. Memory: 497664K Free: 346713K (70%)
----------------- Invoking toplevel() on ptolemy.moml.MoMLSimpleApplication@55cea7cd
----------------- Done invoking toplevel() on ptolemy.moml.MoMLSimpleApplication@55cea7cd
reloadAllAccessors: .LazyPubSub2

===========================================================================================
----------------- testing Wed Nov 06 22:10:02 UTC 2019 /home/travis/build/icyphy/ptII/ptolemy/actor/lib/test/auto/LazyPubSub3.xml
----------------- Instantiating /home/travis/build/icyphy/ptII/ptolemy/actor/lib/test/auto/LazyPubSub3.xml
14 ms. Memory: 497664K Free: 336473K (68%)
----------------- Invoking toplevel() on ptolemy.moml.MoMLSimpleApplication@4c295747
----------------- Done invoking toplevel() on ptolemy.moml.MoMLSimpleApplication@4c295747
reloadAllAccessors: .LazyPubSub3

===========================================================================================
----------------- testing Wed Nov 06 22:10:02 UTC 2019 /home/travis/build/icyphy/ptII/ptolemy/actor/lib/test/auto/LazySubClassModel.xml
----------------- Instantiating /home/travis/build/icyphy/ptII/ptolemy/actor/lib/test/auto/LazySubClassModel.xml
1 ms. Memory: 497664K Free: 327257K (66%)
----------------- Invoking toplevel() on ptolemy.moml.MoMLSimpleApplication@1cd8f6a4
----------------- Done invoking toplevel() on ptolemy.moml.MoMLSimpleApplication@1cd8f6a4
reloadAllAccessors: .LazySubClassModel

===========================================================================================
----------------- testing Wed Nov 06 22:10:02 UTC 2019 /home/travis/build/icyphy/ptII/ptolemy/actor/lib/test/auto/LevelCrossTest1.xml
----------------- Instantiating /home/travis/build/icyphy/ptII/ptolemy/actor/lib/test/auto/LevelCrossTest1.xml
1 ms. Memory: 497664K Free: 321627K (65%)
----------------- Invoking toplevel() on ptolemy.moml.MoMLSimpleApplication@781585a8
----------------- Done invoking toplevel() on ptolemy.moml.MoMLSimpleApplication@781585a8
reloadAllAccessors: .broken

===========================================================================================
----------------- testing Wed Nov 06 22:10:02 UTC 2019 /home/travis/build/icyphy/ptII/ptolemy/actor/lib/test/auto/LevelCrossTest10.xml
----------------- Instantiating /home/travis/build/icyphy/ptII/ptolemy/actor/lib/test/auto/LevelCrossTest10.xml
1 ms. Memory: 497664K Free: 314969K (63%)
----------------- Invoking toplevel() on ptolemy.moml.MoMLSimpleApplication@1120cfac
----------------- Done invoking toplevel() on ptolemy.moml.MoMLSimpleApplication@1120cfac
reloadAllAccessors: .LevelCrossTest10

===========================================================================================
----------------- testing Wed Nov 06 22:10:02 UTC 2019 /home/travis/build/icyphy/ptII/ptolemy/actor/lib/test/auto/LevelCrossTest11.xml
----------------- Instantiating /home/travis/build/icyphy/ptII/ptolemy/actor/lib/test/auto/LevelCrossTest11.xml
1 ms. Memory: 497664K Free: 308315K (62%)
----------------- Invoking toplevel() on ptolemy.moml.MoMLSimpleApplication@199bdd93
----------------- Done invoking toplevel() on ptolemy.moml.MoMLSimpleApplication@199bdd93
reloadAllAccessors: .LevelCrossTest11

===========================================================================================
----------------- testing Wed Nov 06 22:10:03 UTC 2019 /home/travis/build/icyphy/ptII/ptolemy/actor/lib/test/auto/LevelCrossTest12.xml
----------------- Instantiating /home/travis/build/icyphy/ptII/ptolemy/actor/lib/test/auto/LevelCrossTest12.xml
1 ms. Memory: 497664K Free: 301147K (61%)
----------------- Invoking toplevel() on ptolemy.moml.MoMLSimpleApplication@36483dc1
----------------- Done invoking toplevel() on ptolemy.moml.MoMLSimpleApplication@36483dc1
reloadAllAccessors: .LevelCrossTest12

===========================================================================================
----------------- testing Wed Nov 06 22:10:03 UTC 2019 /home/travis/build/icyphy/ptII/ptolemy/actor/lib/test/auto/LevelCrossTest13.xml
----------------- Instantiating /home/travis/build/icyphy/ptII/ptolemy/actor/lib/test/auto/LevelCrossTest13.xml
1 ms. Memory: 497664K Free: 292955K (59%)
----------------- Invoking toplevel() on ptolemy.moml.MoMLSimpleApplication@32b4ae4
----------------- Done invoking toplevel() on ptolemy.moml.MoMLSimpleApplication@32b4ae4
reloadAllAccessors: .LevelCrossTest13

===========================================================================================
----------------- testing Wed Nov 06 22:10:03 UTC 2019 /home/travis/build/icyphy/ptII/ptolemy/actor/lib/test/auto/LevelCrossTest2.xml
----------------- Instantiating /home/travis/build/icyphy/ptII/ptolemy/actor/lib/test/auto/LevelCrossTest2.xml
1 ms. Memory: 497664K Free: 287321K (58%)
----------------- Invoking toplevel() on ptolemy.moml.MoMLSimpleApplication@6209de1c
----------------- Done invoking toplevel() on ptolemy.moml.MoMLSimpleApplication@6209de1c
reloadAllAccessors: .broken

===========================================================================================
----------------- testing Wed Nov 06 22:10:03 UTC 2019 /home/travis/build/icyphy/ptII/ptolemy/actor/lib/test/auto/LevelCrossTest3.xml
----------------- Instantiating /home/travis/build/icyphy/ptII/ptolemy/actor/lib/test/auto/LevelCrossTest3.xml
2 ms. Memory: 497664K Free: 280667K (56%)
----------------- Invoking toplevel() on ptolemy.moml.MoMLSimpleApplication@1c974f34
----------------- Done invoking toplevel() on ptolemy.moml.MoMLSimpleApplication@1c974f34
reloadAllAccessors: .LevelCrossTest3

===========================================================================================
----------------- testing Wed Nov 06 22:10:03 UTC 2019 /home/travis/build/icyphy/ptII/ptolemy/actor/lib/test/auto/LevelCrossTest4.xml
----------------- Instantiating /home/travis/build/icyphy/ptII/ptolemy/actor/lib/test/auto/LevelCrossTest4.xml
2 ms. Memory: 497664K Free: 275547K (55%)
----------------- Invoking toplevel() on ptolemy.moml.MoMLSimpleApplication@78309a79
----------------- Done invoking toplevel() on ptolemy.moml.MoMLSimpleApplication@78309a79
reloadAllAccessors: .broken

===========================================================================================
----------------- testing Wed Nov 06 22:10:03 UTC 2019 /home/travis/build/icyphy/ptII/ptolemy/actor/lib/test/auto/LevelCrossTest5.xml
----------------- Instantiating /home/travis/build/icyphy/ptII/ptolemy/actor/lib/test/auto/LevelCrossTest5.xml
4 ms. Memory: 497664K Free: 268889K (54%)
----------------- Invoking toplevel() on ptolemy.moml.MoMLSimpleApplication@6436dd5c
----------------- Done invoking toplevel() on ptolemy.moml.MoMLSimpleApplication@6436dd5c
reloadAllAccessors: .LevelCrossTest5

===========================================================================================
----------------- testing Wed Nov 06 22:10:03 UTC 2019 /home/travis/build/icyphy/ptII/ptolemy/actor/lib/test/auto/LevelCrossTest6.xml
----------------- Instantiating /home/travis/build/icyphy/ptII/ptolemy/actor/lib/test/auto/LevelCrossTest6.xml
1 ms. Memory: 497664K Free: 262235K (53%)
----------------- Invoking toplevel() on ptolemy.moml.MoMLSimpleApplication@464f4ce5
----------------- Done invoking toplevel() on ptolemy.moml.MoMLSimpleApplication@464f4ce5
reloadAllAccessors: .LevelCrossTest6

===========================================================================================
----------------- testing Wed Nov 06 22:10:03 UTC 2019 /home/travis/build/icyphy/ptII/ptolemy/actor/lib/test/auto/LevelCrossTest7.xml
----------------- Instantiating /home/travis/build/icyphy/ptII/ptolemy/actor/lib/test/auto/LevelCrossTest7.xml
2 ms. Memory: 497664K Free: 255067K (51%)
----------------- Invoking toplevel() on ptolemy.moml.MoMLSimpleApplication@54d75d32
----------------- Done invoking toplevel() on ptolemy.moml.MoMLSimpleApplication@54d75d32
reloadAllAccessors: .LevelCrossTest7

===========================================================================================
----------------- testing Wed Nov 06 22:10:03 UTC 2019 /home/travis/build/icyphy/ptII/ptolemy/actor/lib/test/auto/LevelCrossTest8.xml
----------------- Instantiating /home/travis/build/icyphy/ptII/ptolemy/actor/lib/test/auto/LevelCrossTest8.xml
6 ms. Memory: 497664K Free: 247899K (50%)
----------------- Invoking toplevel() on ptolemy.moml.MoMLSimpleApplication@4564bf5a
----------------- Done invoking toplevel() on ptolemy.moml.MoMLSimpleApplication@4564bf5a
reloadAllAccessors: .LevelCrossTest8

===========================================================================================
----------------- testing Wed Nov 06 22:10:03 UTC 2019 /home/travis/build/icyphy/ptII/ptolemy/actor/lib/test/auto/LevelCrossTest9.xml
----------------- Instantiating /home/travis/build/icyphy/ptII/ptolemy/actor/lib/test/auto/LevelCrossTest9.xml
1 ms. Memory: 497664K Free: 241241K (48%)
----------------- Invoking toplevel() on ptolemy.moml.MoMLSimpleApplication@69ed17ba
----------------- Done invoking toplevel() on ptolemy.moml.MoMLSimpleApplication@69ed17ba
reloadAllAccessors: .LevelCrossTest9

===========================================================================================
----------------- testing Wed Nov 06 22:10:03 UTC 2019 /home/travis/build/icyphy/ptII/ptolemy/actor/lib/test/auto/LevinsonDurbin.xml
----------------- Instantiating /home/travis/build/icyphy/ptII/ptolemy/actor/lib/test/auto/LevinsonDurbin.xml
1 ms. Memory: 497664K Free: 237145K (48%)
----------------- Invoking toplevel() on ptolemy.moml.MoMLSimpleApplication@1907c4c3
----------------- Done invoking toplevel() on ptolemy.moml.MoMLSimpleApplication@1907c4c3
reloadAllAccessors: .LevinsonDurbin

===========================================================================================
----------------- testing Wed Nov 06 22:10:03 UTC 2019 /home/travis/build/icyphy/ptII/ptolemy/actor/lib/test/auto/LevinsonDurbin2.xml
----------------- Instantiating /home/travis/build/icyphy/ptII/ptolemy/actor/lib/test/auto/LevinsonDurbin2.xml
1 ms. Memory: 497664K Free: 233049K (47%)
----------------- Invoking toplevel() on ptolemy.moml.MoMLSimpleApplication@7a4d4151
----------------- Done invoking toplevel() on ptolemy.moml.MoMLSimpleApplication@7a4d4151
reloadAllAccessors: .LevinsonDurbin2

===========================================================================================
----------------- testing Wed Nov 06 22:10:03 UTC 2019 /home/travis/build/icyphy/ptII/ptolemy/actor/lib/test/auto/LevinsonDurbin3.xml
----------------- Instantiating /home/travis/build/icyphy/ptII/ptolemy/actor/lib/test/auto/LevinsonDurbin3.xml
2 ms. Memory: 497664K Free: 228953K (46%)
----------------- Invoking toplevel() on ptolemy.moml.MoMLSimpleApplication@18dd4840
----------------- Done invoking toplevel() on ptolemy.moml.MoMLSimpleApplication@18dd4840
reloadAllAccessors: .LevinsonDurbin3

===========================================================================================
----------------- testing Wed Nov 06 22:10:03 UTC 2019 /home/travis/build/icyphy/ptII/ptolemy/actor/lib/test/auto/Limiter.xml
----------------- Instantiating /home/travis/build/icyphy/ptII/ptolemy/actor/lib/test/auto/Limiter.xml
6 ms. Memory: 497664K Free: 220251K (44%)
----------------- Invoking toplevel() on ptolemy.moml.MoMLSimpleApplication@403e47ef
----------------- Done invoking toplevel() on ptolemy.moml.MoMLSimpleApplication@403e47ef
reloadAllAccessors: .Limiter

===========================================================================================
----------------- testing Wed Nov 06 22:10:03 UTC 2019 /home/travis/build/icyphy/ptII/ptolemy/actor/lib/test/auto/LinearDifferenceEquationSystem.xml
----------------- Instantiating /home/travis/build/icyphy/ptII/ptolemy/actor/lib/test/auto/LinearDifferenceEquationSystem.xml
4 ms. Memory: 497664K Free: 213083K (43%)
----------------- Invoking toplevel() on ptolemy.moml.MoMLSimpleApplication@3c423ed7
----------------- Done invoking toplevel() on ptolemy.moml.MoMLSimpleApplication@3c423ed7
reloadAllAccessors: .LinearDifferenceEquationSystem

===========================================================================================
----------------- testing Wed Nov 06 22:10:03 UTC 2019 /home/travis/build/icyphy/ptII/ptolemy/actor/lib/test/auto/LookupTable.xml
----------------- Instantiating /home/travis/build/icyphy/ptII/ptolemy/actor/lib/test/auto/LookupTable.xml
2 ms. Memory: 497664K Free: 208473K (42%)
----------------- Invoking toplevel() on ptolemy.moml.MoMLSimpleApplication@6dad4363
----------------- Done invoking toplevel() on ptolemy.moml.MoMLSimpleApplication@6dad4363
reloadAllAccessors: .LookupTable

===========================================================================================
----------------- testing Wed Nov 06 22:10:03 UTC 2019 /home/travis/build/icyphy/ptII/ptolemy/actor/lib/test/auto/MathFunction.xml
----------------- Instantiating /home/travis/build/icyphy/ptII/ptolemy/actor/lib/test/auto/MathFunction.xml
2 ms. Memory: 497664K Free: 200281K (40%)
----------------- Invoking toplevel() on ptolemy.moml.MoMLSimpleApplication@23cfb4c1
----------------- Done invoking toplevel() on ptolemy.moml.MoMLSimpleApplication@23cfb4c1
reloadAllAccessors: .MathFunction

===========================================================================================
----------------- testing Wed Nov 06 22:10:03 UTC 2019 /home/travis/build/icyphy/ptII/ptolemy/actor/lib/test/auto/MathFunction2.xml
----------------- Instantiating /home/travis/build/icyphy/ptII/ptolemy/actor/lib/test/auto/MathFunction2.xml
1 ms. Memory: 497664K Free: 196185K (39%)
----------------- Invoking toplevel() on ptolemy.moml.MoMLSimpleApplication@599642c3
----------------- Done invoking toplevel() on ptolemy.moml.MoMLSimpleApplication@599642c3
reloadAllAccessors: .MathFunction2

===========================================================================================
----------------- testing Wed Nov 06 22:10:03 UTC 2019 /home/travis/build/icyphy/ptII/ptolemy/actor/lib/test/auto/MathFunction3.xml
----------------- Instantiating /home/travis/build/icyphy/ptII/ptolemy/actor/lib/test/auto/MathFunction3.xml
16 ms. Memory: 497664K Free: 189017K (38%)
----------------- Invoking toplevel() on ptolemy.moml.MoMLSimpleApplication@69996567
----------------- Done invoking toplevel() on ptolemy.moml.MoMLSimpleApplication@69996567
reloadAllAccessors: .MathFunction3

===========================================================================================
----------------- testing Wed Nov 06 22:10:03 UTC 2019 /home/travis/build/icyphy/ptII/ptolemy/actor/lib/test/auto/MatrixCropBoolean.xml
----------------- Instantiating /home/travis/build/icyphy/ptII/ptolemy/actor/lib/test/auto/MatrixCropBoolean.xml
2 ms. Memory: 497664K Free: 183867K (37%)
----------------- Invoking toplevel() on ptolemy.moml.MoMLSimpleApplication@e16d850
----------------- Done invoking toplevel() on ptolemy.moml.MoMLSimpleApplication@e16d850
reloadAllAccessors: .MatrixCropBoolean

===========================================================================================
----------------- testing Wed Nov 06 22:10:03 UTC 2019 /home/travis/build/icyphy/ptII/ptolemy/actor/lib/test/auto/MatrixCropComplex.xml
----------------- Instantiating /home/travis/build/icyphy/ptII/ptolemy/actor/lib/test/auto/MatrixCropComplex.xml
2 ms. Memory: 497664K Free: 178771K (36%)
----------------- Invoking toplevel() on ptolemy.moml.MoMLSimpleApplication@7527371e
----------------- Done invoking toplevel() on ptolemy.moml.MoMLSimpleApplication@7527371e
reloadAllAccessors: .MatrixCropComplex

===========================================================================================
----------------- testing Wed Nov 06 22:10:03 UTC 2019 /home/travis/build/icyphy/ptII/ptolemy/actor/lib/test/auto/MatrixCropDouble.xml
----------------- Instantiating /home/travis/build/icyphy/ptII/ptolemy/actor/lib/test/auto/MatrixCropDouble.xml
2 ms. Memory: 497664K Free: 173627K (35%)
----------------- Invoking toplevel() on ptolemy.moml.MoMLSimpleApplication@74f5e2c2
----------------- Done invoking toplevel() on ptolemy.moml.MoMLSimpleApplication@74f5e2c2
reloadAllAccessors: .MatrixCropDouble

===========================================================================================
----------------- testing Wed Nov 06 22:10:03 UTC 2019 /home/travis/build/icyphy/ptII/ptolemy/actor/lib/test/auto/MatrixCropFix.xml
----------------- Instantiating /home/travis/build/icyphy/ptII/ptolemy/actor/lib/test/auto/MatrixCropFix.xml
2 ms. Memory: 497664K Free: 168507K (34%)
----------------- Invoking toplevel() on ptolemy.moml.MoMLSimpleApplication@6e14fb14
----------------- Done invoking toplevel() on ptolemy.moml.MoMLSimpleApplication@6e14fb14
reloadAllAccessors: .MatrixCropFix

===========================================================================================
----------------- testing Wed Nov 06 22:10:03 UTC 2019 /home/travis/build/icyphy/ptII/ptolemy/actor/lib/test/auto/MatrixCropInt.xml
----------------- Instantiating /home/travis/build/icyphy/ptII/ptolemy/actor/lib/test/auto/MatrixCropInt.xml
1 ms. Memory: 497664K Free: 163931K (33%)
----------------- Invoking toplevel() on ptolemy.moml.MoMLSimpleApplication@74c42b31
----------------- Done invoking toplevel() on ptolemy.moml.MoMLSimpleApplication@74c42b31
reloadAllAccessors: .MatrixCropInt

===========================================================================================
----------------- testing Wed Nov 06 22:10:03 UTC 2019 /home/travis/build/icyphy/ptII/ptolemy/actor/lib/test/auto/MatrixCropLong.xml
----------------- Instantiating /home/travis/build/icyphy/ptII/ptolemy/actor/lib/test/auto/MatrixCropLong.xml
1 ms. Memory: 497664K Free: 158811K (32%)
----------------- Invoking toplevel() on ptolemy.moml.MoMLSimpleApplication@5725f47f
----------------- Done invoking toplevel() on ptolemy.moml.MoMLSimpleApplication@5725f47f
reloadAllAccessors: .MatrixCropLong

===========================================================================================
----------------- testing Wed Nov 06 22:10:03 UTC 2019 /home/travis/build/icyphy/ptII/ptolemy/actor/lib/test/auto/MatrixToArray.xml
----------------- Instantiating /home/travis/build/icyphy/ptII/ptolemy/actor/lib/test/auto/MatrixToArray.xml
6 ms. Memory: 497664K Free: 439368K (88%)
----------------- Invoking toplevel() on ptolemy.moml.MoMLSimpleApplication@39dae9c4
----------------- Done invoking toplevel() on ptolemy.moml.MoMLSimpleApplication@39dae9c4
reloadAllAccessors: .MatrixToArray

===========================================================================================
----------------- testing Wed Nov 06 22:10:03 UTC 2019 /home/travis/build/icyphy/ptII/ptolemy/actor/lib/test/auto/MaxIndex.xml
----------------- Instantiating /home/travis/build/icyphy/ptII/ptolemy/actor/lib/test/auto/MaxIndex.xml
2 ms. Memory: 497664K Free: 434248K (87%)
----------------- Invoking toplevel() on ptolemy.moml.MoMLSimpleApplication@7de0d7d7
----------------- Done invoking toplevel() on ptolemy.moml.MoMLSimpleApplication@7de0d7d7
reloadAllAccessors: .MaxIndex

===========================================================================================
----------------- testing Wed Nov 06 22:10:03 UTC 2019 /home/travis/build/icyphy/ptII/ptolemy/actor/lib/test/auto/Maximum.xml
----------------- Instantiating /home/travis/build/icyphy/ptII/ptolemy/actor/lib/test/auto/Maximum.xml
6 ms. Memory: 497664K Free: 427594K (86%)
----------------- Invoking toplevel() on ptolemy.moml.MoMLSimpleApplication@1543e428
----------------- Done invoking toplevel() on ptolemy.moml.MoMLSimpleApplication@1543e428
reloadAllAccessors: .Maximum

===========================================================================================
----------------- testing Wed Nov 06 22:10:03 UTC 2019 /home/travis/build/icyphy/ptII/ptolemy/actor/lib/test/auto/MaximumComplex.xml
----------------- Instantiating /home/travis/build/icyphy/ptII/ptolemy/actor/lib/test/auto/MaximumComplex.xml
4 ms. Memory: 497664K Free: 421450K (85%)
----------------- Invoking toplevel() on ptolemy.moml.MoMLSimpleApplication@66fcbe8
----------------- Done invoking toplevel() on ptolemy.moml.MoMLSimpleApplication@66fcbe8
reloadAllAccessors: .MaximumComplex

===========================================================================================
----------------- testing Wed Nov 06 22:10:03 UTC 2019 /home/travis/build/icyphy/ptII/ptolemy/actor/lib/test/auto/MethodCallTest.xml
----------------- Instantiating /home/travis/build/icyphy/ptII/ptolemy/actor/lib/test/auto/MethodCallTest.xml
2 ms. Memory: 497664K Free: 414792K (83%)
----------------- Invoking toplevel() on ptolemy.moml.MoMLSimpleApplication@44d0f53f
----------------- Done invoking toplevel() on ptolemy.moml.MoMLSimpleApplication@44d0f53f
reloadAllAccessors: .MethodCallTest

===========================================================================================
----------------- testing Wed Nov 06 22:10:03 UTC 2019 /home/travis/build/icyphy/ptII/ptolemy/actor/lib/test/auto/Minimum.xml
----------------- Instantiating /home/travis/build/icyphy/ptII/ptolemy/actor/lib/test/auto/Minimum.xml
3 ms. Memory: 497664K Free: 408138K (82%)
----------------- Invoking toplevel() on ptolemy.moml.MoMLSimpleApplication@709f52b5
----------------- Done invoking toplevel() on ptolemy.moml.MoMLSimpleApplication@709f52b5
reloadAllAccessors: .Minimum

===========================================================================================
----------------- testing Wed Nov 06 22:10:03 UTC 2019 /home/travis/build/icyphy/ptII/ptolemy/actor/lib/test/auto/MinimumComplex.xml
----------------- Instantiating /home/travis/build/icyphy/ptII/ptolemy/actor/lib/test/auto/MinimumComplex.xml
3 ms. Memory: 497664K Free: 401994K (81%)
----------------- Invoking toplevel() on ptolemy.moml.MoMLSimpleApplication@425133df
----------------- Done invoking toplevel() on ptolemy.moml.MoMLSimpleApplication@425133df
reloadAllAccessors: .MinimumComplex

===========================================================================================
----------------- testing Wed Nov 06 22:10:03 UTC 2019 /home/travis/build/icyphy/ptII/ptolemy/actor/lib/test/auto/MinimumMultiports.xml
----------------- Instantiating /home/travis/build/icyphy/ptII/ptolemy/actor/lib/test/auto/MinimumMultiports.xml
5 ms. Memory: 497664K Free: 393282K (79%)
----------------- Invoking toplevel() on ptolemy.moml.MoMLSimpleApplication@33d7ec0
----------------- Done invoking toplevel() on ptolemy.moml.MoMLSimpleApplication@33d7ec0
reloadAllAccessors: .MinimumMultiports

===========================================================================================
----------------- testing Wed Nov 06 22:10:03 UTC 2019 /home/travis/build/icyphy/ptII/ptolemy/actor/lib/test/auto/ModifyDate.xml
----------------- Instantiating /home/travis/build/icyphy/ptII/ptolemy/actor/lib/test/auto/ModifyDate.xml
9 ms. Memory: 497664K Free: 380490K (76%)
----------------- Invoking toplevel() on ptolemy.moml.MoMLSimpleApplication@7bb9ff7c
----------------- Done invoking toplevel() on ptolemy.moml.MoMLSimpleApplication@7bb9ff7c
reloadAllAccessors: .ModifyDate

===========================================================================================
----------------- testing Wed Nov 06 22:10:03 UTC 2019 /home/travis/build/icyphy/ptII/ptolemy/actor/lib/test/auto/ModifyDate2.xml
----------------- Instantiating /home/travis/build/icyphy/ptII/ptolemy/actor/lib/test/auto/ModifyDate2.xml
6 ms. Memory: 497664K Free: 371274K (75%)
----------------- Invoking toplevel() on ptolemy.moml.MoMLSimpleApplication@4a258f70
----------------- Done invoking toplevel() on ptolemy.moml.MoMLSimpleApplication@4a258f70
reloadAllAccessors: .ModifyDate2

===========================================================================================
----------------- testing Wed Nov 06 22:10:03 UTC 2019 /home/travis/build/icyphy/ptII/ptolemy/actor/lib/test/auto/MovingAverage.xml
----------------- Instantiating /home/travis/build/icyphy/ptII/ptolemy/actor/lib/test/auto/MovingAverage.xml
9 ms. Memory: 497664K Free: 366154K (74%)
----------------- Invoking toplevel() on ptolemy.moml.MoMLSimpleApplication@2d925fed
----------------- Done invoking toplevel() on ptolemy.moml.MoMLSimpleApplication@2d925fed
reloadAllAccessors: .MovingAverage

===========================================================================================
----------------- testing Wed Nov 06 22:10:03 UTC 2019 /home/travis/build/icyphy/ptII/ptolemy/actor/lib/test/auto/MovingMaximum.xml
----------------- Instantiating /home/travis/build/icyphy/ptII/ptolemy/actor/lib/test/auto/MovingMaximum.xml
2 ms. Memory: 497664K Free: 361544K (73%)
----------------- Invoking toplevel() on ptolemy.moml.MoMLSimpleApplication@1cccce2c
----------------- Done invoking toplevel() on ptolemy.moml.MoMLSimpleApplication@1cccce2c
reloadAllAccessors: .MovingMaximum

===========================================================================================
----------------- testing Wed Nov 06 22:10:03 UTC 2019 /home/travis/build/icyphy/ptII/ptolemy/actor/lib/test/auto/MultipleLinksToSameRelation.xml
----------------- Instantiating /home/travis/build/icyphy/ptII/ptolemy/actor/lib/test/auto/MultipleLinksToSameRelation.xml
2 ms. Memory: 497664K Free: 357448K (72%)
----------------- Invoking toplevel() on ptolemy.moml.MoMLSimpleApplication@7cc9358b
----------------- Done invoking toplevel() on ptolemy.moml.MoMLSimpleApplication@7cc9358b
reloadAllAccessors: .MultipleLinksToSameRelation

===========================================================================================
----------------- testing Wed Nov 06 22:10:03 UTC 2019 /home/travis/build/icyphy/ptII/ptolemy/actor/lib/test/auto/MultipleLinksToSameRelationDE.xml
----------------- Instantiating /home/travis/build/icyphy/ptII/ptolemy/actor/lib/test/auto/MultipleLinksToSameRelationDE.xml
3 ms. Memory: 497664K Free: 352842K (71%)
----------------- Invoking toplevel() on ptolemy.moml.MoMLSimpleApplication@2e070ba5
----------------- Done invoking toplevel() on ptolemy.moml.MoMLSimpleApplication@2e070ba5
reloadAllAccessors: .MultipleLinksToSameRelationDE

===========================================================================================
----------------- testing Wed Nov 06 22:10:03 UTC 2019 /home/travis/build/icyphy/ptII/ptolemy/actor/lib/test/auto/Multiplexor.xml
----------------- Instantiating /home/travis/build/icyphy/ptII/ptolemy/actor/lib/test/auto/Multiplexor.xml
10 ms. Memory: 497664K Free: 347208K (70%)
----------------- Invoking toplevel() on ptolemy.moml.MoMLSimpleApplication@345d290e
----------------- Done invoking toplevel() on ptolemy.moml.MoMLSimpleApplication@345d290e
reloadAllAccessors: .Multiplexor

===========================================================================================
----------------- testing Wed Nov 06 22:10:04 UTC 2019 /home/travis/build/icyphy/ptII/ptolemy/actor/lib/test/auto/Multiplexor1.xml
----------------- Instantiating /home/travis/build/icyphy/ptII/ptolemy/actor/lib/test/auto/Multiplexor1.xml
2 ms. Memory: 497664K Free: 341578K (69%)
----------------- Invoking toplevel() on ptolemy.moml.MoMLSimpleApplication@63060c63
----------------- Done invoking toplevel() on ptolemy.moml.MoMLSimpleApplication@63060c63
reloadAllAccessors: .Multiplexor1

===========================================================================================
----------------- testing Wed Nov 06 22:10:04 UTC 2019 /home/travis/build/icyphy/ptII/ptolemy/actor/lib/test/auto/Multiplexor2.xml
----------------- Instantiating /home/travis/build/icyphy/ptII/ptolemy/actor/lib/test/auto/Multiplexor2.xml
8 ms. Memory: 497664K Free: 334920K (67%)
----------------- Invoking toplevel() on ptolemy.moml.MoMLSimpleApplication@eb5691d
----------------- Done invoking toplevel() on ptolemy.moml.MoMLSimpleApplication@eb5691d
reloadAllAccessors: .Multiplexor2

===========================================================================================
----------------- testing Wed Nov 06 22:10:04 UTC 2019 /home/travis/build/icyphy/ptII/ptolemy/actor/lib/test/auto/Multiplexor3.xml
----------------- Instantiating /home/travis/build/icyphy/ptII/ptolemy/actor/lib/test/auto/Multiplexor3.xml
3 ms. Memory: 497664K Free: 330824K (66%)
----------------- Invoking toplevel() on ptolemy.moml.MoMLSimpleApplication@129111ff
----------------- Done invoking toplevel() on ptolemy.moml.MoMLSimpleApplication@129111ff
reloadAllAccessors: .Multiplexor3

===========================================================================================
----------------- testing Wed Nov 06 22:10:04 UTC 2019 /home/travis/build/icyphy/ptII/ptolemy/actor/lib/test/auto/MultiplexorDE.xml
----------------- Instantiating /home/travis/build/icyphy/ptII/ptolemy/actor/lib/test/auto/MultiplexorDE.xml
2 ms. Memory: 497664K Free: 323146K (65%)
----------------- Invoking toplevel() on ptolemy.moml.MoMLSimpleApplication@7b722931
----------------- Done invoking toplevel() on ptolemy.moml.MoMLSimpleApplication@7b722931
reloadAllAccessors: .MultiplexorDE

===========================================================================================
----------------- testing Wed Nov 06 22:10:04 UTC 2019 /home/travis/build/icyphy/ptII/ptolemy/actor/lib/test/auto/MultiportBroadcastTest.xml
----------------- Instantiating /home/travis/build/icyphy/ptII/ptolemy/actor/lib/test/auto/MultiportBroadcastTest.xml
111 ms. Memory: 497664K Free: 317002K (64%)
----------------- Invoking toplevel() on ptolemy.moml.MoMLSimpleApplication@240e172e
----------------- Done invoking toplevel() on ptolemy.moml.MoMLSimpleApplication@240e172e
reloadAllAccessors: .MultiportBroadcastTest

===========================================================================================
----------------- testing Wed Nov 06 22:10:04 UTC 2019 /home/travis/build/icyphy/ptII/ptolemy/actor/lib/test/auto/MultiportOutHangDuringGetWidth.xml
----------------- Instantiating /home/travis/build/icyphy/ptII/ptolemy/actor/lib/test/auto/MultiportOutHangDuringGetWidth.xml
6 ms. Memory: 497664K Free: 304714K (61%)
----------------- Invoking toplevel() on ptolemy.moml.MoMLSimpleApplication@6509fa0e
----------------- Done invoking toplevel() on ptolemy.moml.MoMLSimpleApplication@6509fa0e
reloadAllAccessors: .MultiportOutHangDuringGetWidth

===========================================================================================
----------------- testing Wed Nov 06 22:10:04 UTC 2019 /home/travis/build/icyphy/ptII/ptolemy/actor/lib/test/auto/NilToken.xml
----------------- Instantiating /home/travis/build/icyphy/ptII/ptolemy/actor/lib/test/auto/NilToken.xml
1 ms. Memory: 497664K Free: 300618K (60%)
----------------- Invoking toplevel() on ptolemy.moml.MoMLSimpleApplication@7d439412
----------------- Done invoking toplevel() on ptolemy.moml.MoMLSimpleApplication@7d439412
reloadAllAccessors: .NilToken

===========================================================================================
----------------- testing Wed Nov 06 22:10:04 UTC 2019 /home/travis/build/icyphy/ptII/ptolemy/actor/lib/test/auto/NilTokenNonStrictTest.xml
----------------- Instantiating /home/travis/build/icyphy/ptII/ptolemy/actor/lib/test/auto/NilTokenNonStrictTest.xml
1 ms. Memory: 497664K Free: 296008K (59%)
----------------- Invoking toplevel() on ptolemy.moml.MoMLSimpleApplication@5f64e342
----------------- Done invoking toplevel() on ptolemy.moml.MoMLSimpleApplication@5f64e342
reloadAllAccessors: .NilTokenNonStrictTest

===========================================================================================
----------------- testing Wed Nov 06 22:10:04 UTC 2019 /home/travis/build/icyphy/ptII/ptolemy/actor/lib/test/auto/NilTokenRecord.xml
----------------- Instantiating /home/travis/build/icyphy/ptII/ptolemy/actor/lib/test/auto/NilTokenRecord.xml
7 ms. Memory: 497664K Free: 289354K (58%)
----------------- Invoking toplevel() on ptolemy.moml.MoMLSimpleApplication@6e274d73
----------------- Done invoking toplevel() on ptolemy.moml.MoMLSimpleApplication@6e274d73
reloadAllAccessors: .NilTokenRecord

===========================================================================================
----------------- testing Wed Nov 06 22:10:04 UTC 2019 /home/travis/build/icyphy/ptII/ptolemy/actor/lib/test/auto/NilTokenTypeTest.xml
----------------- Instantiating /home/travis/build/icyphy/ptII/ptolemy/actor/lib/test/auto/NilTokenTypeTest.xml
6 ms. Memory: 497664K Free: 279624K (56%)
----------------- Invoking toplevel() on ptolemy.moml.MoMLSimpleApplication@3b614d95
----------------- Done invoking toplevel() on ptolemy.moml.MoMLSimpleApplication@3b614d95
reloadAllAccessors: .NilTokenTypeTest

===========================================================================================
----------------- testing Wed Nov 06 22:10:04 UTC 2019 /home/travis/build/icyphy/ptII/ptolemy/actor/lib/test/auto/ObjectToken1.xml
----------------- Instantiating /home/travis/build/icyphy/ptII/ptolemy/actor/lib/test/auto/ObjectToken1.xml
4 ms. Memory: 497664K Free: 275528K (55%)
----------------- Invoking toplevel() on ptolemy.moml.MoMLSimpleApplication@11c8fe90
----------------- Done invoking toplevel() on ptolemy.moml.MoMLSimpleApplication@11c8fe90
reloadAllAccessors: .ObjectToken1

===========================================================================================
----------------- testing Wed Nov 06 22:10:04 UTC 2019 /home/travis/build/icyphy/ptII/ptolemy/actor/lib/test/auto/OrderedMerge.xml
----------------- Instantiating /home/travis/build/icyphy/ptII/ptolemy/actor/lib/test/auto/OrderedMerge.xml
14 ms. Memory: 497664K Free: 269898K (54%)
----------------- Invoking toplevel() on ptolemy.moml.MoMLSimpleApplication@61c95b6a
----------------- Done invoking toplevel() on ptolemy.moml.MoMLSimpleApplication@61c95b6a
reloadAllAccessors: .OrderedMerge

===========================================================================================
----------------- testing Wed Nov 06 22:10:04 UTC 2019 /home/travis/build/icyphy/ptII/ptolemy/actor/lib/test/auto/OrderedRecordDisassembler.xml
----------------- Instantiating /home/travis/build/icyphy/ptII/ptolemy/actor/lib/test/auto/OrderedRecordDisassembler.xml
3 ms. Memory: 497664K Free: 264778K (53%)
----------------- Invoking toplevel() on ptolemy.moml.MoMLSimpleApplication@1da15fc3
----------------- Done invoking toplevel() on ptolemy.moml.MoMLSimpleApplication@1da15fc3
reloadAllAccessors: .OrderedRecordDisassembler

===========================================================================================
----------------- testing Wed Nov 06 22:10:04 UTC 2019 /home/travis/build/icyphy/ptII/ptolemy/actor/lib/test/auto/OrderedRecordDisassembler2.xml
----------------- Instantiating /home/travis/build/icyphy/ptII/ptolemy/actor/lib/test/auto/OrderedRecordDisassembler2.xml
5 ms. Memory: 497664K Free: 257082K (52%)
----------------- Invoking toplevel() on ptolemy.moml.MoMLSimpleApplication@7c451007
----------------- Done invoking toplevel() on ptolemy.moml.MoMLSimpleApplication@7c451007
reloadAllAccessors: .OrderedRecordDisassembler2

===========================================================================================
----------------- testing Wed Nov 06 22:10:04 UTC 2019 /home/travis/build/icyphy/ptII/ptolemy/actor/lib/test/auto/OrderedRecordUpdater.xml
----------------- Instantiating /home/travis/build/icyphy/ptII/ptolemy/actor/lib/test/auto/OrderedRecordUpdater.xml
2 ms. Memory: 497664K Free: 252488K (51%)
----------------- Invoking toplevel() on ptolemy.moml.MoMLSimpleApplication@26a55ef2
----------------- Done invoking toplevel() on ptolemy.moml.MoMLSimpleApplication@26a55ef2
reloadAllAccessors: .RecordUpdater

===========================================================================================
----------------- testing Wed Nov 06 22:10:04 UTC 2019 /home/travis/build/icyphy/ptII/ptolemy/actor/lib/test/auto/OrderedRecordUpdater2.xml
----------------- Instantiating /home/travis/build/icyphy/ptII/ptolemy/actor/lib/test/auto/OrderedRecordUpdater2.xml
3 ms. Memory: 497664K Free: 246856K (50%)
----------------- Invoking toplevel() on ptolemy.moml.MoMLSimpleApplication@245ee6bf
----------------- Done invoking toplevel() on ptolemy.moml.MoMLSimpleApplication@245ee6bf
reloadAllAccessors: .RecordUpdater2

===========================================================================================
----------------- testing Wed Nov 06 22:10:04 UTC 2019 /home/travis/build/icyphy/ptII/ptolemy/actor/lib/test/auto/PhaseUnwrap.xml
----------------- Instantiating /home/travis/build/icyphy/ptII/ptolemy/actor/lib/test/auto/PhaseUnwrap.xml
2 ms. Memory: 497664K Free: 241736K (49%)
----------------- Invoking toplevel() on ptolemy.moml.MoMLSimpleApplication@73a6f9f2
----------------- Done invoking toplevel() on ptolemy.moml.MoMLSimpleApplication@73a6f9f2
reloadAllAccessors: .PhaseUnwrap

===========================================================================================
----------------- testing Wed Nov 06 22:10:04 UTC 2019 /home/travis/build/icyphy/ptII/ptolemy/actor/lib/test/auto/PoissonClock.xml
----------------- Instantiating /home/travis/build/icyphy/ptII/ptolemy/actor/lib/test/auto/PoissonClock.xml
2 ms. Memory: 497664K Free: 237640K (48%)
----------------- Invoking toplevel() on ptolemy.moml.MoMLSimpleApplication@9891255
----------------- Done invoking toplevel() on ptolemy.moml.MoMLSimpleApplication@9891255
reloadAllAccessors: .PoissonClock

===========================================================================================
----------------- testing Wed Nov 06 22:10:04 UTC 2019 /home/travis/build/icyphy/ptII/ptolemy/actor/lib/test/auto/PoissonClock2.xml
----------------- Instantiating /home/travis/build/icyphy/ptII/ptolemy/actor/lib/test/auto/PoissonClock2.xml
1 ms. Memory: 497664K Free: 233530K (47%)
----------------- Invoking toplevel() on ptolemy.moml.MoMLSimpleApplication@7db75772
----------------- Done invoking toplevel() on ptolemy.moml.MoMLSimpleApplication@7db75772
reloadAllAccessors: .PoissonClock2

===========================================================================================
----------------- testing Wed Nov 06 22:10:04 UTC 2019 /home/travis/build/icyphy/ptII/ptolemy/actor/lib/test/auto/PoissonClock3.xml
----------------- Instantiating /home/travis/build/icyphy/ptII/ptolemy/actor/lib/test/auto/PoissonClock3.xml
2 ms. Memory: 497664K Free: 228424K (46%)
----------------- Invoking toplevel() on ptolemy.moml.MoMLSimpleApplication@2688b5d1
----------------- Done invoking toplevel() on ptolemy.moml.MoMLSimpleApplication@2688b5d1
reloadAllAccessors: .PoissonClock3

===========================================================================================
----------------- testing Wed Nov 06 22:10:04 UTC 2019 /home/travis/build/icyphy/ptII/ptolemy/actor/lib/test/auto/PubSubWithInitialTokens.xml
----------------- Instantiating /home/travis/build/icyphy/ptII/ptolemy/actor/lib/test/auto/PubSubWithInitialTokens.xml
3 ms. Memory: 497664K Free: 222794K (45%)
----------------- Invoking toplevel() on ptolemy.moml.MoMLSimpleApplication@3b388d55
----------------- Done invoking toplevel() on ptolemy.moml.MoMLSimpleApplication@3b388d55
reloadAllAccessors: .PubSubWithInitialTokens

===========================================================================================
----------------- testing Wed Nov 06 22:10:04 UTC 2019 /home/travis/build/icyphy/ptII/ptolemy/actor/lib/test/auto/PubSubWithInitialTokens2.xml
----------------- Instantiating /home/travis/build/icyphy/ptII/ptolemy/actor/lib/test/auto/PubSubWithInitialTokens2.xml
2 ms. Memory: 497664K Free: 216650K (44%)
----------------- Invoking toplevel() on ptolemy.moml.MoMLSimpleApplication@1d5f9f22
----------------- Done invoking toplevel() on ptolemy.moml.MoMLSimpleApplication@1d5f9f22
reloadAllAccessors: .PubSubWithInitialTokens2

===========================================================================================
----------------- testing Wed Nov 06 22:10:04 UTC 2019 /home/travis/build/icyphy/ptII/ptolemy/actor/lib/test/auto/PublisherClassNoParameter.xml
----------------- Instantiating /home/travis/build/icyphy/ptII/ptolemy/actor/lib/test/auto/PublisherClassNoParameter.xml
3 ms. Memory: 497664K Free: 206920K (42%)
----------------- Invoking toplevel() on ptolemy.moml.MoMLSimpleApplication@7b005724
----------------- Done invoking toplevel() on ptolemy.moml.MoMLSimpleApplication@7b005724
reloadAllAccessors: .PublisherClassNoParameter

===========================================================================================
----------------- testing Wed Nov 06 22:10:04 UTC 2019 /home/travis/build/icyphy/ptII/ptolemy/actor/lib/test/auto/PublisherClassParameter.xml
----------------- Instantiating /home/travis/build/icyphy/ptII/ptolemy/actor/lib/test/auto/PublisherClassParameter.xml
2 ms. Memory: 497664K Free: 196666K (40%)
----------------- Invoking toplevel() on ptolemy.moml.MoMLSimpleApplication@2440c865
----------------- Done invoking toplevel() on ptolemy.moml.MoMLSimpleApplication@2440c865
reloadAllAccessors: .PublisherClassParameter

===========================================================================================
----------------- testing Wed Nov 06 22:10:04 UTC 2019 /home/travis/build/icyphy/ptII/ptolemy/actor/lib/test/auto/PublisherNonStrictTest.xml
----------------- Instantiating /home/travis/build/icyphy/ptII/ptolemy/actor/lib/test/auto/PublisherNonStrictTest.xml
3 ms. Memory: 497664K Free: 189002K (38%)
----------------- Invoking toplevel() on ptolemy.moml.MoMLSimpleApplication@a7f55da
----------------- Done invoking toplevel() on ptolemy.moml.MoMLSimpleApplication@a7f55da
reloadAllAccessors: .PublisherNonStrictTest

===========================================================================================
----------------- testing Wed Nov 06 22:10:04 UTC 2019 /home/travis/build/icyphy/ptII/ptolemy/actor/lib/test/auto/PublisherPort1.xml
----------------- Instantiating /home/travis/build/icyphy/ptII/ptolemy/actor/lib/test/auto/PublisherPort1.xml
16 ms. Memory: 497664K Free: 183362K (37%)
----------------- Invoking toplevel() on ptolemy.moml.MoMLSimpleApplication@27fc8e76
----------------- Done invoking toplevel() on ptolemy.moml.MoMLSimpleApplication@27fc8e76
reloadAllAccessors: .PublisherPort1

===========================================================================================
----------------- testing Wed Nov 06 22:10:04 UTC 2019 /home/travis/build/icyphy/ptII/ptolemy/actor/lib/test/auto/PublisherPort2.xml
----------------- Instantiating /home/travis/build/icyphy/ptII/ptolemy/actor/lib/test/auto/PublisherPort2.xml
2 ms. Memory: 497664K Free: 178248K (36%)
----------------- Invoking toplevel() on ptolemy.moml.MoMLSimpleApplication@3260f7bb
----------------- Done invoking toplevel() on ptolemy.moml.MoMLSimpleApplication@3260f7bb
reloadAllAccessors: .PublisherPort2

===========================================================================================
----------------- testing Wed Nov 06 22:10:04 UTC 2019 /home/travis/build/icyphy/ptII/ptolemy/actor/lib/test/auto/PublisherPort3.xml
----------------- Instantiating /home/travis/build/icyphy/ptII/ptolemy/actor/lib/test/auto/PublisherPort3.xml
3 ms. Memory: 497664K Free: 171050K (34%)
----------------- Invoking toplevel() on ptolemy.moml.MoMLSimpleApplication@1f6c62f1
----------------- Done invoking toplevel() on ptolemy.moml.MoMLSimpleApplication@1f6c62f1
reloadAllAccessors: .PublisherPort3

===========================================================================================
----------------- testing Wed Nov 06 22:10:04 UTC 2019 /home/travis/build/icyphy/ptII/ptolemy/actor/lib/test/auto/PublisherPort4.xml
----------------- Instantiating /home/travis/build/icyphy/ptII/ptolemy/actor/lib/test/auto/PublisherPort4.xml
4 ms. Memory: 497664K Free: 165450K (33%)
----------------- Invoking toplevel() on ptolemy.moml.MoMLSimpleApplication@2f87cfd5
----------------- Done invoking toplevel() on ptolemy.moml.MoMLSimpleApplication@2f87cfd5
reloadAllAccessors: .PublisherPort4

===========================================================================================
----------------- testing Wed Nov 06 22:10:04 UTC 2019 /home/travis/build/icyphy/ptII/ptolemy/actor/lib/test/auto/PublisherPort5.xml
----------------- Instantiating /home/travis/build/icyphy/ptII/ptolemy/actor/lib/test/auto/PublisherPort5.xml
4 ms. Memory: 497664K Free: 157768K (32%)
----------------- Invoking toplevel() on ptolemy.moml.MoMLSimpleApplication@1466884f
----------------- Done invoking toplevel() on ptolemy.moml.MoMLSimpleApplication@1466884f
reloadAllAccessors: .PublisherPort5

===========================================================================================
----------------- testing Wed Nov 06 22:10:04 UTC 2019 /home/travis/build/icyphy/ptII/ptolemy/actor/lib/test/auto/PublisherPort5LookAlike.xml
----------------- Instantiating /home/travis/build/icyphy/ptII/ptolemy/actor/lib/test/auto/PublisherPort5LookAlike.xml
10 ms. Memory: 497664K Free: 444963K (89%)
----------------- Invoking toplevel() on ptolemy.moml.MoMLSimpleApplication@119e98f5
----------------- Done invoking toplevel() on ptolemy.moml.MoMLSimpleApplication@119e98f5
reloadAllAccessors: .PublisherPort5LookAlike

===========================================================================================
----------------- testing Wed Nov 06 22:10:04 UTC 2019 /home/travis/build/icyphy/ptII/ptolemy/actor/lib/test/auto/PublisherPort6.xml
----------------- Instantiating /home/travis/build/icyphy/ptII/ptolemy/actor/lib/test/auto/PublisherPort6.xml
3 ms. Memory: 497664K Free: 437795K (88%)
----------------- Invoking toplevel() on ptolemy.moml.MoMLSimpleApplication@39be30e0
----------------- Done invoking toplevel() on ptolemy.moml.MoMLSimpleApplication@39be30e0
reloadAllAccessors: .PublisherPort6

===========================================================================================
----------------- testing Wed Nov 06 22:10:04 UTC 2019 /home/travis/build/icyphy/ptII/ptolemy/actor/lib/test/auto/PublisherPort7.xml
----------------- Instantiating /home/travis/build/icyphy/ptII/ptolemy/actor/lib/test/auto/PublisherPort7.xml
5 ms. Memory: 497664K Free: 430113K (86%)
----------------- Invoking toplevel() on ptolemy.moml.MoMLSimpleApplication@34054129
----------------- Done invoking toplevel() on ptolemy.moml.MoMLSimpleApplication@34054129
reloadAllAccessors: .PublisherPort7

===========================================================================================
----------------- testing Wed Nov 06 22:10:04 UTC 2019 /home/travis/build/icyphy/ptII/ptolemy/actor/lib/test/auto/PublisherPort8.xml
----------------- Instantiating /home/travis/build/icyphy/ptII/ptolemy/actor/lib/test/auto/PublisherPort8.xml
5 ms. Memory: 497664K Free: 421411K (85%)
----------------- Invoking toplevel() on ptolemy.moml.MoMLSimpleApplication@1684eda9
----------------- Done invoking toplevel() on ptolemy.moml.MoMLSimpleApplication@1684eda9
reloadAllAccessors: .PublisherPort8

===========================================================================================
----------------- testing Wed Nov 06 22:10:04 UTC 2019 /home/travis/build/icyphy/ptII/ptolemy/actor/lib/test/auto/PublisherPortSubscriberChannelVariablesAOC2.xml
----------------- Instantiating /home/travis/build/icyphy/ptII/ptolemy/actor/lib/test/auto/PublisherPortSubscriberChannelVariablesAOC2.xml
3 ms. Memory: 497664K Free: 404513K (81%)
----------------- Invoking toplevel() on ptolemy.moml.MoMLSimpleApplication@63be05ed
----------------- Done invoking toplevel() on ptolemy.moml.MoMLSimpleApplication@63be05ed
reloadAllAccessors: .PublisherPortSubscriberChannelVariablesAOC2

===========================================================================================
----------------- testing Wed Nov 06 22:10:04 UTC 2019 /home/travis/build/icyphy/ptII/ptolemy/actor/lib/test/auto/PublisherPortSubscriberOpaqueWidthInference.xml
----------------- Instantiating /home/travis/build/icyphy/ptII/ptolemy/actor/lib/test/auto/PublisherPortSubscriberOpaqueWidthInference.xml
4 ms. Memory: 497664K Free: 396307K (80%)
----------------- Invoking toplevel() on ptolemy.moml.MoMLSimpleApplication@2dec5806
----------------- Done invoking toplevel() on ptolemy.moml.MoMLSimpleApplication@2dec5806
reloadAllAccessors: .PublisherPortSubscriberOpaqueWidthInference

===========================================================================================
----------------- testing Wed Nov 06 22:10:05 UTC 2019 /home/travis/build/icyphy/ptII/ptolemy/actor/lib/test/auto/PublisherPortSubscriberPortAdjacent.xml
----------------- Instantiating /home/travis/build/icyphy/ptII/ptolemy/actor/lib/test/auto/PublisherPortSubscriberPortAdjacent.xml
8 ms. Memory: 497664K Free: 388129K (78%)
----------------- Invoking toplevel() on ptolemy.moml.MoMLSimpleApplication@7a4c19f5
----------------- Done invoking toplevel() on ptolemy.moml.MoMLSimpleApplication@7a4c19f5
reloadAllAccessors: .PublisherPortSubscriberPortAdjacent

===========================================================================================
----------------- testing Wed Nov 06 22:10:05 UTC 2019 /home/travis/build/icyphy/ptII/ptolemy/actor/lib/test/auto/PublisherPortSubscriberPortExpression.xml
----------------- Instantiating /home/travis/build/icyphy/ptII/ptolemy/actor/lib/test/auto/PublisherPortSubscriberPortExpression.xml
5 ms. Memory: 497664K Free: 380451K (76%)
----------------- Invoking toplevel() on ptolemy.moml.MoMLSimpleApplication@290c99d5
----------------- Done invoking toplevel() on ptolemy.moml.MoMLSimpleApplication@290c99d5
reloadAllAccessors: .PublisherPortSubscriberPortExpression

===========================================================================================
----------------- testing Wed Nov 06 22:10:05 UTC 2019 /home/travis/build/icyphy/ptII/ptolemy/actor/lib/test/auto/PublisherPortSubscriberPortOpaqueD3Reverse.xml
----------------- Instantiating /home/travis/build/icyphy/ptII/ptolemy/actor/lib/test/auto/PublisherPortSubscriberPortOpaqueD3Reverse.xml
8 ms. Memory: 497664K Free: 369697K (74%)
----------------- Invoking toplevel() on ptolemy.moml.MoMLSimpleApplication@4bf7188
----------------- Done invoking toplevel() on ptolemy.moml.MoMLSimpleApplication@4bf7188
reloadAllAccessors: .PublisherPortSubscriberPortOpaqueD3Reverse

===========================================================================================
----------------- testing Wed Nov 06 22:10:05 UTC 2019 /home/travis/build/icyphy/ptII/ptolemy/actor/lib/test/auto/PublisherPortSubscriberPortOpaqueWidthInference.xml
----------------- Instantiating /home/travis/build/icyphy/ptII/ptolemy/actor/lib/test/auto/PublisherPortSubscriberPortOpaqueWidthInference.xml
4 ms. Memory: 497664K Free: 362019K (73%)
----------------- Invoking toplevel() on ptolemy.moml.MoMLSimpleApplication@346e52f2
----------------- Done invoking toplevel() on ptolemy.moml.MoMLSimpleApplication@346e52f2
reloadAllAccessors: .PublisherPortSubscriberPortOpaqueWidthInference

===========================================================================================
----------------- testing Wed Nov 06 22:10:05 UTC 2019 /home/travis/build/icyphy/ptII/ptolemy/actor/lib/test/auto/PublisherPortToplevelSubscriberPortAOC.xml
----------------- Instantiating /home/travis/build/icyphy/ptII/ptolemy/actor/lib/test/auto/PublisherPortToplevelSubscriberPortAOC.xml
.PublisherPortToplevelSubscriberPortAOC.TestExceptionAttribute: initialize() was not invoked, but wrapup() was.  This is unusual, but not always a problem.  For example, exporting JNLP will do this.
1 ms. Memory: 497664K Free: 355875K (72%)
----------------- Invoking toplevel() on ptolemy.moml.MoMLSimpleApplication@56eb4b44
----------------- Done invoking toplevel() on ptolemy.moml.MoMLSimpleApplication@56eb4b44
reloadAllAccessors: .PublisherPortToplevelSubscriberPortAOC

===========================================================================================
----------------- testing Wed Nov 06 22:10:05 UTC 2019 /home/travis/build/icyphy/ptII/ptolemy/actor/lib/test/auto/PublisherSubscriber.xml
----------------- Instantiating /home/travis/build/icyphy/ptII/ptolemy/actor/lib/test/auto/PublisherSubscriber.xml
3 ms. Memory: 497664K Free: 348163K (70%)
----------------- Invoking toplevel() on ptolemy.moml.MoMLSimpleApplication@7a2976bb
----------------- Done invoking toplevel() on ptolemy.moml.MoMLSimpleApplication@7a2976bb
reloadAllAccessors: .PublisherSubscriber

===========================================================================================
----------------- testing Wed Nov 06 22:10:05 UTC 2019 /home/travis/build/icyphy/ptII/ptolemy/actor/lib/test/auto/PublisherSubscriber10.xml
----------------- Instantiating /home/travis/build/icyphy/ptII/ptolemy/actor/lib/test/auto/PublisherSubscriber10.xml
8 ms. Memory: 497664K Free: 338467K (68%)
----------------- Invoking toplevel() on ptolemy.moml.MoMLSimpleApplication@7c10fc9
----------------- Done invoking toplevel() on ptolemy.moml.MoMLSimpleApplication@7c10fc9
reloadAllAccessors: .PublisherSubscriber10

===========================================================================================
----------------- testing Wed Nov 06 22:10:05 UTC 2019 /home/travis/build/icyphy/ptII/ptolemy/actor/lib/test/auto/PublisherSubscriber10InitialOutputs.xml
----------------- Instantiating /home/travis/build/icyphy/ptII/ptolemy/actor/lib/test/auto/PublisherSubscriber10InitialOutputs.xml
16 ms. Memory: 497664K Free: 329251K (66%)
----------------- Invoking toplevel() on ptolemy.moml.MoMLSimpleApplication@3b582f73
----------------- Done invoking toplevel() on ptolemy.moml.MoMLSimpleApplication@3b582f73
reloadAllAccessors: .PublisherSubscriber10InitialOutputs

===========================================================================================
----------------- testing Wed Nov 06 22:10:05 UTC 2019 /home/travis/build/icyphy/ptII/ptolemy/actor/lib/test/auto/PublisherSubscriber11.xml
----------------- Instantiating /home/travis/build/icyphy/ptII/ptolemy/actor/lib/test/auto/PublisherSubscriber11.xml
7 ms. Memory: 497664K Free: 323107K (65%)
----------------- Invoking toplevel() on ptolemy.moml.MoMLSimpleApplication@14b6a191
----------------- Done invoking toplevel() on ptolemy.moml.MoMLSimpleApplication@14b6a191
reloadAllAccessors: .PublisherSubscriber11

===========================================================================================
----------------- testing Wed Nov 06 22:10:05 UTC 2019 /home/travis/build/icyphy/ptII/ptolemy/actor/lib/test/auto/PublisherSubscriber12.xml
----------------- Instantiating /home/travis/build/icyphy/ptII/ptolemy/actor/lib/test/auto/PublisherSubscriber12.xml
7 ms. Memory: 497664K Free: 315425K (63%)
----------------- Invoking toplevel() on ptolemy.moml.MoMLSimpleApplication@13f8a3ef
----------------- Done invoking toplevel() on ptolemy.moml.MoMLSimpleApplication@13f8a3ef
reloadAllAccessors: .PublisherSubscriber12

===========================================================================================
----------------- testing Wed Nov 06 22:10:05 UTC 2019 /home/travis/build/icyphy/ptII/ptolemy/actor/lib/test/auto/PublisherSubscriber13.xml
----------------- Instantiating /home/travis/build/icyphy/ptII/ptolemy/actor/lib/test/auto/PublisherSubscriber13.xml
3 ms. Memory: 497664K Free: 309795K (62%)
----------------- Invoking toplevel() on ptolemy.moml.MoMLSimpleApplication@74d11dd5
----------------- Done invoking toplevel() on ptolemy.moml.MoMLSimpleApplication@74d11dd5
reloadAllAccessors: .PublisherSubscriber13

===========================================================================================
----------------- testing Wed Nov 06 22:10:05 UTC 2019 /home/travis/build/icyphy/ptII/ptolemy/actor/lib/test/auto/PublisherSubscriber14.xml
----------------- Instantiating /home/travis/build/icyphy/ptII/ptolemy/actor/lib/test/auto/PublisherSubscriber14.xml
2 ms. Memory: 497664K Free: 301075K (60%)
----------------- Invoking toplevel() on ptolemy.moml.MoMLSimpleApplication@efacc5f
----------------- Done invoking toplevel() on ptolemy.moml.MoMLSimpleApplication@efacc5f
reloadAllAccessors: .PublisherSubscriber14

===========================================================================================
----------------- testing Wed Nov 06 22:10:05 UTC 2019 /home/travis/build/icyphy/ptII/ptolemy/actor/lib/test/auto/PublisherSubscriber2.xml
----------------- Instantiating /home/travis/build/icyphy/ptII/ptolemy/actor/lib/test/auto/PublisherSubscriber2.xml
3 ms. Memory: 497664K Free: 295459K (59%)
----------------- Invoking toplevel() on ptolemy.moml.MoMLSimpleApplication@1a39ed83
----------------- Done invoking toplevel() on ptolemy.moml.MoMLSimpleApplication@1a39ed83
reloadAllAccessors: .PublisherSubscriber2

===========================================================================================
----------------- testing Wed Nov 06 22:10:05 UTC 2019 /home/travis/build/icyphy/ptII/ptolemy/actor/lib/test/auto/PublisherSubscriber3.xml
----------------- Instantiating /home/travis/build/icyphy/ptII/ptolemy/actor/lib/test/auto/PublisherSubscriber3.xml
2 ms. Memory: 497664K Free: 289795K (58%)
----------------- Invoking toplevel() on ptolemy.moml.MoMLSimpleApplication@627b29d1
----------------- Done invoking toplevel() on ptolemy.moml.MoMLSimpleApplication@627b29d1
reloadAllAccessors: .PublisherSubscriber3

===========================================================================================
----------------- testing Wed Nov 06 22:10:05 UTC 2019 /home/travis/build/icyphy/ptII/ptolemy/actor/lib/test/auto/PublisherSubscriber4.xml
----------------- Instantiating /home/travis/build/icyphy/ptII/ptolemy/actor/lib/test/auto/PublisherSubscriber4.xml
2 ms. Memory: 497664K Free: 284195K (57%)
----------------- Invoking toplevel() on ptolemy.moml.MoMLSimpleApplication@563cf885
----------------- Done invoking toplevel() on ptolemy.moml.MoMLSimpleApplication@563cf885
reloadAllAccessors: .PublisherSubscriber4

===========================================================================================
----------------- testing Wed Nov 06 22:10:05 UTC 2019 /home/travis/build/icyphy/ptII/ptolemy/actor/lib/test/auto/PublisherSubscriber5.xml
----------------- Instantiating /home/travis/build/icyphy/ptII/ptolemy/actor/lib/test/auto/PublisherSubscriber5.xml
3 ms. Memory: 497664K Free: 277523K (56%)
----------------- Invoking toplevel() on ptolemy.moml.MoMLSimpleApplication@36ff4487
----------------- Done invoking toplevel() on ptolemy.moml.MoMLSimpleApplication@36ff4487
reloadAllAccessors: .PublisherSubscriber5

===========================================================================================
----------------- testing Wed Nov 06 22:10:05 UTC 2019 /home/travis/build/icyphy/ptII/ptolemy/actor/lib/test/auto/PublisherSubscriber6.xml
----------------- Instantiating /home/travis/build/icyphy/ptII/ptolemy/actor/lib/test/auto/PublisherSubscriber6.xml
5 ms. Memory: 497664K Free: 270883K (54%)
----------------- Invoking toplevel() on ptolemy.moml.MoMLSimpleApplication@617b7700
----------------- Done invoking toplevel() on ptolemy.moml.MoMLSimpleApplication@617b7700
reloadAllAccessors: .PublisherSubscriber6

===========================================================================================
----------------- testing Wed Nov 06 22:10:05 UTC 2019 /home/travis/build/icyphy/ptII/ptolemy/actor/lib/test/auto/PublisherSubscriber7.xml
----------------- Instantiating /home/travis/build/icyphy/ptII/ptolemy/actor/lib/test/auto/PublisherSubscriber7.xml
7 ms. Memory: 497664K Free: 263715K (53%)
----------------- Invoking toplevel() on ptolemy.moml.MoMLSimpleApplication@8a0422a
----------------- Done invoking toplevel() on ptolemy.moml.MoMLSimpleApplication@8a0422a
reloadAllAccessors: .PublisherSubscriber7

===========================================================================================
----------------- testing Wed Nov 06 22:10:05 UTC 2019 /home/travis/build/icyphy/ptII/ptolemy/actor/lib/test/auto/PublisherSubscriber8.xml
----------------- Instantiating /home/travis/build/icyphy/ptII/ptolemy/actor/lib/test/auto/PublisherSubscriber8.xml
13 ms. Memory: 497664K Free: 252449K (51%)
----------------- Invoking toplevel() on ptolemy.moml.MoMLSimpleApplication@5511bd27
----------------- Done invoking toplevel() on ptolemy.moml.MoMLSimpleApplication@5511bd27
reloadAllAccessors: .PublisherSubscriber8

===========================================================================================
----------------- testing Wed Nov 06 22:10:05 UTC 2019 /home/travis/build/icyphy/ptII/ptolemy/actor/lib/test/auto/PublisherSubscriber9.xml
----------------- Instantiating /home/travis/build/icyphy/ptII/ptolemy/actor/lib/test/auto/PublisherSubscriber9.xml
3 ms. Memory: 497664K Free: 245283K (49%)
----------------- Invoking toplevel() on ptolemy.moml.MoMLSimpleApplication@74c3cf20
----------------- Done invoking toplevel() on ptolemy.moml.MoMLSimpleApplication@74c3cf20
reloadAllAccessors: .PublisherSubscriber9

===========================================================================================
----------------- testing Wed Nov 06 22:10:05 UTC 2019 /home/travis/build/icyphy/ptII/ptolemy/actor/lib/test/auto/PublisherSubscriberAdjacent.xml
----------------- Instantiating /home/travis/build/icyphy/ptII/ptolemy/actor/lib/test/auto/PublisherSubscriberAdjacent.xml
3 ms. Memory: 497664K Free: 236577K (48%)
----------------- Invoking toplevel() on ptolemy.moml.MoMLSimpleApplication@5a8047d7
----------------- Done invoking toplevel() on ptolemy.moml.MoMLSimpleApplication@5a8047d7
reloadAllAccessors: .PublisherSubscriberAdjacent

===========================================================================================
----------------- testing Wed Nov 06 22:10:05 UTC 2019 /home/travis/build/icyphy/ptII/ptolemy/actor/lib/test/auto/PublisherSubscriberChannelVariablesAOC2.xml
----------------- Instantiating /home/travis/build/icyphy/ptII/ptolemy/actor/lib/test/auto/PublisherSubscriberChannelVariablesAOC2.xml
3 ms. Memory: 497664K Free: 222227K (45%)
----------------- Invoking toplevel() on ptolemy.moml.MoMLSimpleApplication@3014db6f
----------------- Done invoking toplevel() on ptolemy.moml.MoMLSimpleApplication@3014db6f
reloadAllAccessors: .PublisherSubscriberChannelVariablesAOC2

===========================================================================================
----------------- testing Wed Nov 06 22:10:05 UTC 2019 /home/travis/build/icyphy/ptII/ptolemy/actor/lib/test/auto/PublisherSubscriberD3.xml
----------------- Instantiating /home/travis/build/icyphy/ptII/ptolemy/actor/lib/test/auto/PublisherSubscriberD3.xml
2 ms. Memory: 497664K Free: 215073K (43%)
----------------- Invoking toplevel() on ptolemy.moml.MoMLSimpleApplication@7262da0b
----------------- Done invoking toplevel() on ptolemy.moml.MoMLSimpleApplication@7262da0b
reloadAllAccessors: .PublisherSubscriberD3

===========================================================================================
----------------- testing Wed Nov 06 22:10:05 UTC 2019 /home/travis/build/icyphy/ptII/ptolemy/actor/lib/test/auto/PublisherSubscriberD3Reverse.xml
----------------- Instantiating /home/travis/build/icyphy/ptII/ptolemy/actor/lib/test/auto/PublisherSubscriberD3Reverse.xml
2 ms. Memory: 497664K Free: 208929K (42%)
----------------- Invoking toplevel() on ptolemy.moml.MoMLSimpleApplication@3dede5e8
----------------- Done invoking toplevel() on ptolemy.moml.MoMLSimpleApplication@3dede5e8
reloadAllAccessors: .PublisherSubscriberD3Reverse

===========================================================================================
----------------- testing Wed Nov 06 22:10:05 UTC 2019 /home/travis/build/icyphy/ptII/ptolemy/actor/lib/test/auto/PublisherSubscriberExpression.xml
----------------- Instantiating /home/travis/build/icyphy/ptII/ptolemy/actor/lib/test/auto/PublisherSubscriberExpression.xml
6 ms. Memory: 497664K Free: 200707K (40%)
----------------- Invoking toplevel() on ptolemy.moml.MoMLSimpleApplication@2b042575
----------------- Done invoking toplevel() on ptolemy.moml.MoMLSimpleApplication@2b042575
reloadAllAccessors: .PublisherSubscriberExpression

===========================================================================================
----------------- testing Wed Nov 06 22:10:05 UTC 2019 /home/travis/build/icyphy/ptII/ptolemy/actor/lib/test/auto/PublisherSubscriberOpaque.xml
----------------- Instantiating /home/travis/build/icyphy/ptII/ptolemy/actor/lib/test/auto/PublisherSubscriberOpaque.xml
3 ms. Memory: 497664K Free: 192035K (39%)
----------------- Invoking toplevel() on ptolemy.moml.MoMLSimpleApplication@3865deb1
----------------- Done invoking toplevel() on ptolemy.moml.MoMLSimpleApplication@3865deb1
reloadAllAccessors: .PublisherSubscriberOpaque

===========================================================================================
----------------- testing Wed Nov 06 22:10:05 UTC 2019 /home/travis/build/icyphy/ptII/ptolemy/actor/lib/test/auto/PublisherSubscriberOpaqueD3.xml
----------------- Instantiating /home/travis/build/icyphy/ptII/ptolemy/actor/lib/test/auto/PublisherSubscriberOpaqueD3.xml
8 ms. Memory: 497664K Free: 180771K (36%)
----------------- Invoking toplevel() on ptolemy.moml.MoMLSimpleApplication@57a2a7eb
----------------- Done invoking toplevel() on ptolemy.moml.MoMLSimpleApplication@57a2a7eb
reloadAllAccessors: .PublisherSubscriberOpaqueD3

===========================================================================================
----------------- testing Wed Nov 06 22:10:05 UTC 2019 /home/travis/build/icyphy/ptII/ptolemy/actor/lib/test/auto/PublisherSubscriberOpaqueD3Reverse.xml
----------------- Instantiating /home/travis/build/icyphy/ptII/ptolemy/actor/lib/test/auto/PublisherSubscriberOpaqueD3Reverse.xml
9 ms. Memory: 497664K Free: 170017K (34%)
----------------- Invoking toplevel() on ptolemy.moml.MoMLSimpleApplication@861f8b
----------------- Done invoking toplevel() on ptolemy.moml.MoMLSimpleApplication@861f8b
reloadAllAccessors: .PublisherSubscriberOpaqueD3Reverse

===========================================================================================
----------------- testing Wed Nov 06 22:10:05 UTC 2019 /home/travis/build/icyphy/ptII/ptolemy/actor/lib/test/auto/PublisherSubscriberOpaqueWidthInference.xml
----------------- Instantiating /home/travis/build/icyphy/ptII/ptolemy/actor/lib/test/auto/PublisherSubscriberOpaqueWidthInference.xml
5 ms. Memory: 497664K Free: 161811K (33%)
----------------- Invoking toplevel() on ptolemy.moml.MoMLSimpleApplication@1dc76839
----------------- Done invoking toplevel() on ptolemy.moml.MoMLSimpleApplication@1dc76839
reloadAllAccessors: .PublisherSubscriberOpaqueWidthInference

===========================================================================================
----------------- testing Wed Nov 06 22:10:05 UTC 2019 /home/travis/build/icyphy/ptII/ptolemy/actor/lib/test/auto/PublisherTestSubscriber.xml
----------------- Instantiating /home/travis/build/icyphy/ptII/ptolemy/actor/lib/test/auto/PublisherTestSubscriber.xml
21 ms. Memory: 497664K Free: 448843K (90%)
----------------- Invoking toplevel() on ptolemy.moml.MoMLSimpleApplication@515bb632
----------------- Done invoking toplevel() on ptolemy.moml.MoMLSimpleApplication@515bb632
reloadAllAccessors: .PublisherTestSubscriber

===========================================================================================
----------------- testing Wed Nov 06 22:10:05 UTC 2019 /home/travis/build/icyphy/ptII/ptolemy/actor/lib/test/auto/PublisherToplevelSubscriberPortAOC.xml
----------------- Instantiating /home/travis/build/icyphy/ptII/ptolemy/actor/lib/test/auto/PublisherToplevelSubscriberPortAOC.xml
2 ms. Memory: 497664K Free: 441965K (89%)
----------------- Invoking toplevel() on ptolemy.moml.MoMLSimpleApplication@282ed05c
----------------- Done invoking toplevel() on ptolemy.moml.MoMLSimpleApplication@282ed05c
reloadAllAccessors: .PublisherToplevelSubscriberPortAOC

===========================================================================================
----------------- testing Wed Nov 06 22:10:05 UTC 2019 /home/travis/build/icyphy/ptII/ptolemy/actor/lib/test/auto/PulseFiringLimitDE.xml
----------------- Instantiating /home/travis/build/icyphy/ptII/ptolemy/actor/lib/test/auto/PulseFiringLimitDE.xml
3 ms. Memory: 497664K Free: 435307K (87%)
----------------- Invoking toplevel() on ptolemy.moml.MoMLSimpleApplication@603b26b5
----------------- Done invoking toplevel() on ptolemy.moml.MoMLSimpleApplication@603b26b5
reloadAllAccessors: .PulseFiringLimitDE

===========================================================================================
----------------- testing Wed Nov 06 22:10:05 UTC 2019 /home/travis/build/icyphy/ptII/ptolemy/actor/lib/test/auto/Ramp1.xml
----------------- Instantiating /home/travis/build/icyphy/ptII/ptolemy/actor/lib/test/auto/Ramp1.xml
1 ms. Memory: 497664K Free: 431205K (87%)
----------------- Invoking toplevel() on ptolemy.moml.MoMLSimpleApplication@41b29dcd
----------------- Done invoking toplevel() on ptolemy.moml.MoMLSimpleApplication@41b29dcd
reloadAllAccessors: .Ramp1

===========================================================================================
----------------- testing Wed Nov 06 22:10:05 UTC 2019 /home/travis/build/icyphy/ptII/ptolemy/actor/lib/test/auto/RampFiringLimitDE.xml
----------------- Instantiating /home/travis/build/icyphy/ptII/ptolemy/actor/lib/test/auto/RampFiringLimitDE.xml
2 ms. Memory: 497664K Free: 424557K (85%)
----------------- Invoking toplevel() on ptolemy.moml.MoMLSimpleApplication@732cf8fc
----------------- Done invoking toplevel() on ptolemy.moml.MoMLSimpleApplication@732cf8fc
reloadAllAccessors: .RampFiringLimitDE

===========================================================================================
----------------- testing Wed Nov 06 22:10:05 UTC 2019 /home/travis/build/icyphy/ptII/ptolemy/actor/lib/test/auto/RampFiringLimitSDF.xml
----------------- Instantiating /home/travis/build/icyphy/ptII/ptolemy/actor/lib/test/auto/RampFiringLimitSDF.xml
2 ms. Memory: 497664K Free: 419437K (84%)
----------------- Invoking toplevel() on ptolemy.moml.MoMLSimpleApplication@28778118
----------------- Done invoking toplevel() on ptolemy.moml.MoMLSimpleApplication@28778118
reloadAllAccessors: .RampFiringLimitSDF

===========================================================================================
----------------- testing Wed Nov 06 22:10:05 UTC 2019 /home/travis/build/icyphy/ptII/ptolemy/actor/lib/test/auto/RandomInteger.xml
----------------- Instantiating /home/travis/build/icyphy/ptII/ptolemy/actor/lib/test/auto/RandomInteger.xml
1 ms. Memory: 497664K Free: 415341K (83%)
----------------- Invoking toplevel() on ptolemy.moml.MoMLSimpleApplication@3a186b77
----------------- Done invoking toplevel() on ptolemy.moml.MoMLSimpleApplication@3a186b77
reloadAllAccessors: .RandomInteger

===========================================================================================
----------------- testing Wed Nov 06 22:10:05 UTC 2019 /home/travis/build/icyphy/ptII/ptolemy/actor/lib/test/auto/ReadFile1.xml
----------------- Instantiating /home/travis/build/icyphy/ptII/ptolemy/actor/lib/test/auto/ReadFile1.xml
2 ms. Memory: 497664K Free: 410731K (83%)
----------------- Invoking toplevel() on ptolemy.moml.MoMLSimpleApplication@5992c455
----------------- Done invoking toplevel() on ptolemy.moml.MoMLSimpleApplication@5992c455
reloadAllAccessors: .ReadFile1

===========================================================================================
----------------- testing Wed Nov 06 22:10:05 UTC 2019 /home/travis/build/icyphy/ptII/ptolemy/actor/lib/test/auto/ReadFile2.xml
----------------- Instantiating /home/travis/build/icyphy/ptII/ptolemy/actor/lib/test/auto/ReadFile2.xml
1 ms. Memory: 497664K Free: 406635K (82%)
----------------- Invoking toplevel() on ptolemy.moml.MoMLSimpleApplication@ece1b46
----------------- Done invoking toplevel() on ptolemy.moml.MoMLSimpleApplication@ece1b46
reloadAllAccessors: .ReadFile2

===========================================================================================
----------------- testing Wed Nov 06 22:10:05 UTC 2019 /home/travis/build/icyphy/ptII/ptolemy/actor/lib/test/auto/Reader.xml
----------------- Instantiating /home/travis/build/icyphy/ptII/ptolemy/actor/lib/test/auto/Reader.xml
actor.lib.Reader is obsolete, use actor.lib.io.ExpressionReader instead
4 ms. Memory: 497664K Free: 402029K (81%)
----------------- Invoking toplevel() on ptolemy.moml.MoMLSimpleApplication@7e4ced76
----------------- Done invoking toplevel() on ptolemy.moml.MoMLSimpleApplication@7e4ced76
reloadAllAccessors: .Reader

===========================================================================================
----------------- testing Wed Nov 06 22:10:05 UTC 2019 /home/travis/build/icyphy/ptII/ptolemy/actor/lib/test/auto/RecordAssemblerDisplayNameTest.xml
----------------- Instantiating /home/travis/build/icyphy/ptII/ptolemy/actor/lib/test/auto/RecordAssemblerDisplayNameTest.xml
3905 ms. Memory: 497664K Free: 377229K (76%)
----------------- Invoking toplevel() on ptolemy.moml.MoMLSimpleApplication@69f36049
----------------- Done invoking toplevel() on ptolemy.moml.MoMLSimpleApplication@69f36049
reloadAllAccessors: .RecordAssemblerDisplayNameTest

===========================================================================================
----------------- testing Wed Nov 06 22:10:09 UTC 2019 /home/travis/build/icyphy/ptII/ptolemy/actor/lib/test/auto/RecordAssemblerTypeError.xml
----------------- Instantiating /home/travis/build/icyphy/ptII/ptolemy/actor/lib/test/auto/RecordAssemblerTypeError.xml
14 ms. Memory: 497664K Free: 367499K (74%)
----------------- Invoking toplevel() on ptolemy.moml.MoMLSimpleApplication@4eb8ed10
----------------- Done invoking toplevel() on ptolemy.moml.MoMLSimpleApplication@4eb8ed10
reloadAllAccessors: .RecordAssemblerTypeError

===========================================================================================
----------------- testing Wed Nov 06 22:10:09 UTC 2019 /home/travis/build/icyphy/ptII/ptolemy/actor/lib/test/auto/RecordDisassember.xml
----------------- Instantiating /home/travis/build/icyphy/ptII/ptolemy/actor/lib/test/auto/RecordDisassember.xml
3 ms. Memory: 497664K Free: 362373K (73%)
----------------- Invoking toplevel() on ptolemy.moml.MoMLSimpleApplication@1eea6478
----------------- Done invoking toplevel() on ptolemy.moml.MoMLSimpleApplication@1eea6478
reloadAllAccessors: .RecordDisassember

===========================================================================================
----------------- testing Wed Nov 06 22:10:09 UTC 2019 /home/travis/build/icyphy/ptII/ptolemy/actor/lib/test/auto/RecordDisassemberDisplayNameTest.xml
----------------- Instantiating /home/travis/build/icyphy/ptII/ptolemy/actor/lib/test/auto/RecordDisassemberDisplayNameTest.xml
6 ms. Memory: 497664K Free: 354701K (71%)
----------------- Invoking toplevel() on ptolemy.moml.MoMLSimpleApplication@3ccbf721
----------------- Done invoking toplevel() on ptolemy.moml.MoMLSimpleApplication@3ccbf721
reloadAllAccessors: .RecordDisassemberDisplayNameTest

===========================================================================================
----------------- testing Wed Nov 06 22:10:09 UTC 2019 /home/travis/build/icyphy/ptII/ptolemy/actor/lib/test/auto/RecordDisassembler.xml
----------------- Instantiating /home/travis/build/icyphy/ptII/ptolemy/actor/lib/test/auto/RecordDisassembler.xml
3 ms. Memory: 497664K Free: 349581K (70%)
----------------- Invoking toplevel() on ptolemy.moml.MoMLSimpleApplication@4537a66e
----------------- Done invoking toplevel() on ptolemy.moml.MoMLSimpleApplication@4537a66e
reloadAllAccessors: .RecordDisassembler

===========================================================================================
----------------- testing Wed Nov 06 22:10:10 UTC 2019 /home/travis/build/icyphy/ptII/ptolemy/actor/lib/test/auto/RecordDisassembler2.xml
----------------- Instantiating /home/travis/build/icyphy/ptII/ptolemy/actor/lib/test/auto/RecordDisassembler2.xml
2 ms. Memory: 497664K Free: 344461K (69%)
----------------- Invoking toplevel() on ptolemy.moml.MoMLSimpleApplication@2012517e
----------------- Done invoking toplevel() on ptolemy.moml.MoMLSimpleApplication@2012517e
reloadAllAccessors: .RecordDisassembler2

===========================================================================================
----------------- testing Wed Nov 06 22:10:10 UTC 2019 /home/travis/build/icyphy/ptII/ptolemy/actor/lib/test/auto/RecordUpdater.xml
----------------- Instantiating /home/travis/build/icyphy/ptII/ptolemy/actor/lib/test/auto/RecordUpdater.xml
2 ms. Memory: 497664K Free: 338827K (68%)
----------------- Invoking toplevel() on ptolemy.moml.MoMLSimpleApplication@cafec48
----------------- Done invoking toplevel() on ptolemy.moml.MoMLSimpleApplication@cafec48
reloadAllAccessors: .RecordUpdater

===========================================================================================
----------------- testing Wed Nov 06 22:10:10 UTC 2019 /home/travis/build/icyphy/ptII/ptolemy/actor/lib/test/auto/RecordUpdater2.xml
----------------- Instantiating /home/travis/build/icyphy/ptII/ptolemy/actor/lib/test/auto/RecordUpdater2.xml
2 ms. Memory: 497664K Free: 333707K (67%)
----------------- Invoking toplevel() on ptolemy.moml.MoMLSimpleApplication@313413a3
----------------- Done invoking toplevel() on ptolemy.moml.MoMLSimpleApplication@313413a3
reloadAllAccessors: .RecordUpdater2

===========================================================================================
----------------- testing Wed Nov 06 22:10:10 UTC 2019 /home/travis/build/icyphy/ptII/ptolemy/actor/lib/test/auto/RecursiveLattice.xml
----------------- Instantiating /home/travis/build/icyphy/ptII/ptolemy/actor/lib/test/auto/RecursiveLattice.xml
1 ms. Memory: 497664K Free: 329611K (66%)
----------------- Invoking toplevel() on ptolemy.moml.MoMLSimpleApplication@5bbdca1c
----------------- Done invoking toplevel() on ptolemy.moml.MoMLSimpleApplication@5bbdca1c
reloadAllAccessors: .RecursiveLattice

===========================================================================================
----------------- testing Wed Nov 06 22:10:10 UTC 2019 /home/travis/build/icyphy/ptII/ptolemy/actor/lib/test/auto/Router.xml
----------------- Instantiating /home/travis/build/icyphy/ptII/ptolemy/actor/lib/test/auto/Router.xml
3005 ms. Memory: 497664K Free: 319371K (64%)
----------------- Invoking toplevel() on ptolemy.moml.MoMLSimpleApplication@7aa97ec3
----------------- Done invoking toplevel() on ptolemy.moml.MoMLSimpleApplication@7aa97ec3
reloadAllAccessors: .Router

===========================================================================================
----------------- testing Wed Nov 06 22:10:13 UTC 2019 /home/travis/build/icyphy/ptII/ptolemy/actor/lib/test/auto/Router2.xml
----------------- Instantiating /home/travis/build/icyphy/ptII/ptolemy/actor/lib/test/auto/Router2.xml
3006 ms. Memory: 497664K Free: 308621K (62%)
----------------- Invoking toplevel() on ptolemy.moml.MoMLSimpleApplication@69800f8b
----------------- Done invoking toplevel() on ptolemy.moml.MoMLSimpleApplication@69800f8b
reloadAllAccessors: .Router2

===========================================================================================
----------------- testing Wed Nov 06 22:10:16 UTC 2019 /home/travis/build/icyphy/ptII/ptolemy/actor/lib/test/auto/RunningMaximum.xml
----------------- Instantiating /home/travis/build/icyphy/ptII/ptolemy/actor/lib/test/auto/RunningMaximum.xml
3 ms. Memory: 497664K Free: 304011K (61%)
----------------- Invoking toplevel() on ptolemy.moml.MoMLSimpleApplication@10f8e30e
----------------- Done invoking toplevel() on ptolemy.moml.MoMLSimpleApplication@10f8e30e
reloadAllAccessors: .RunningMaximum

===========================================================================================
----------------- testing Wed Nov 06 22:10:16 UTC 2019 /home/travis/build/icyphy/ptII/ptolemy/actor/lib/test/auto/RunningMinimum.xml
----------------- Instantiating /home/travis/build/icyphy/ptII/ptolemy/actor/lib/test/auto/RunningMinimum.xml
9 ms. Memory: 497664K Free: 299405K (60%)
----------------- Invoking toplevel() on ptolemy.moml.MoMLSimpleApplication@7c2db316
----------------- Done invoking toplevel() on ptolemy.moml.MoMLSimpleApplication@7c2db316
reloadAllAccessors: .RunningMinimum

===========================================================================================
----------------- testing Wed Nov 06 22:10:16 UTC 2019 /home/travis/build/icyphy/ptII/ptolemy/actor/lib/test/auto/Scale.xml
----------------- Instantiating /home/travis/build/icyphy/ptII/ptolemy/actor/lib/test/auto/Scale.xml
1 ms. Memory: 497664K Free: 294795K (59%)
----------------- Invoking toplevel() on ptolemy.moml.MoMLSimpleApplication@23eafd04
----------------- Done invoking toplevel() on ptolemy.moml.MoMLSimpleApplication@23eafd04
reloadAllAccessors: .Scale

===========================================================================================
----------------- testing Wed Nov 06 22:10:16 UTC 2019 /home/travis/build/icyphy/ptII/ptolemy/actor/lib/test/auto/Scale2.xml
----------------- Instantiating /home/travis/build/icyphy/ptII/ptolemy/actor/lib/test/auto/Scale2.xml
2 ms. Memory: 497664K Free: 290189K (58%)
----------------- Invoking toplevel() on ptolemy.moml.MoMLSimpleApplication@41595074
----------------- Done invoking toplevel() on ptolemy.moml.MoMLSimpleApplication@41595074
reloadAllAccessors: .Scale2

===========================================================================================
----------------- testing Wed Nov 06 22:10:16 UTC 2019 /home/travis/build/icyphy/ptII/ptolemy/actor/lib/test/auto/Scale3.xml
----------------- Instantiating /home/travis/build/icyphy/ptII/ptolemy/actor/lib/test/auto/Scale3.xml
10 ms. Memory: 497664K Free: 283531K (57%)
----------------- Invoking toplevel() on ptolemy.moml.MoMLSimpleApplication@39e12ead
----------------- Done invoking toplevel() on ptolemy.moml.MoMLSimpleApplication@39e12ead
reloadAllAccessors: .Scale3

===========================================================================================
----------------- testing Wed Nov 06 22:10:16 UTC 2019 /home/travis/build/icyphy/ptII/ptolemy/actor/lib/test/auto/ScaleArray.xml
----------------- Instantiating /home/travis/build/icyphy/ptII/ptolemy/actor/lib/test/auto/ScaleArray.xml
3 ms. Memory: 497664K Free: 278925K (56%)
----------------- Invoking toplevel() on ptolemy.moml.MoMLSimpleApplication@b16a747
----------------- Done invoking toplevel() on ptolemy.moml.MoMLSimpleApplication@b16a747
reloadAllAccessors: .ScaleArray

===========================================================================================
----------------- testing Wed Nov 06 22:10:16 UTC 2019 /home/travis/build/icyphy/ptII/ptolemy/actor/lib/test/auto/ScaleArray2.xml
----------------- Instantiating /home/travis/build/icyphy/ptII/ptolemy/actor/lib/test/auto/ScaleArray2.xml
1 ms. Memory: 497664K Free: 274829K (55%)
----------------- Invoking toplevel() on ptolemy.moml.MoMLSimpleApplication@5c93ba62
----------------- Done invoking toplevel() on ptolemy.moml.MoMLSimpleApplication@5c93ba62
reloadAllAccessors: .ScaleArray2

===========================================================================================
----------------- testing Wed Nov 06 22:10:16 UTC 2019 /home/travis/build/icyphy/ptII/ptolemy/actor/lib/test/auto/ScaleMatrix.xml
----------------- Instantiating /home/travis/build/icyphy/ptII/ptolemy/actor/lib/test/auto/ScaleMatrix.xml
180 ms. Memory: 497664K Free: 259979K (52%)
----------------- Invoking toplevel() on ptolemy.moml.MoMLSimpleApplication@210d34d9
----------------- Done invoking toplevel() on ptolemy.moml.MoMLSimpleApplication@210d34d9
reloadAllAccessors: .ScaleMatrix

===========================================================================================
----------------- testing Wed Nov 06 22:10:16 UTC 2019 /home/travis/build/icyphy/ptII/ptolemy/actor/lib/test/auto/Select.xml
----------------- Instantiating /home/travis/build/icyphy/ptII/ptolemy/actor/lib/test/auto/Select.xml
3 ms. Memory: 497664K Free: 253325K (51%)
----------------- Invoking toplevel() on ptolemy.moml.MoMLSimpleApplication@28171a64
----------------- Done invoking toplevel() on ptolemy.moml.MoMLSimpleApplication@28171a64
reloadAllAccessors: .Select

===========================================================================================
----------------- testing Wed Nov 06 22:10:16 UTC 2019 /home/travis/build/icyphy/ptII/ptolemy/actor/lib/test/auto/Select2.xml
----------------- Instantiating /home/travis/build/icyphy/ptII/ptolemy/actor/lib/test/auto/Select2.xml
1 ms. Memory: 497664K Free: 248205K (50%)
----------------- Invoking toplevel() on ptolemy.moml.MoMLSimpleApplication@3a939da5
----------------- Done invoking toplevel() on ptolemy.moml.MoMLSimpleApplication@3a939da5
reloadAllAccessors: .Select2

===========================================================================================
----------------- testing Wed Nov 06 22:10:16 UTC 2019 /home/travis/build/icyphy/ptII/ptolemy/actor/lib/test/auto/SequenceToArray2.xml
----------------- Instantiating /home/travis/build/icyphy/ptII/ptolemy/actor/lib/test/auto/SequenceToArray2.xml
119 ms. Memory: 497664K Free: 224139K (45%)
----------------- Invoking toplevel() on ptolemy.moml.MoMLSimpleApplication@1b3f434d
----------------- Done invoking toplevel() on ptolemy.moml.MoMLSimpleApplication@1b3f434d
reloadAllAccessors: .SequenceToArray2

===========================================================================================
----------------- testing Wed Nov 06 22:10:16 UTC 2019 /home/travis/build/icyphy/ptII/ptolemy/actor/lib/test/auto/SequentialClock.xml
----------------- Instantiating /home/travis/build/icyphy/ptII/ptolemy/actor/lib/test/auto/SequentialClock.xml
2 ms. Memory: 497664K Free: 220043K (44%)
----------------- Invoking toplevel() on ptolemy.moml.MoMLSimpleApplication@1b1e6b48
----------------- Done invoking toplevel() on ptolemy.moml.MoMLSimpleApplication@1b1e6b48
reloadAllAccessors: .SequentialClock

===========================================================================================
----------------- testing Wed Nov 06 22:10:16 UTC 2019 /home/travis/build/icyphy/ptII/ptolemy/actor/lib/test/auto/SetVariable.xml
----------------- Instantiating /home/travis/build/icyphy/ptII/ptolemy/actor/lib/test/auto/SetVariable.xml
3 ms. Memory: 497664K Free: 215437K (43%)
----------------- Invoking toplevel() on ptolemy.moml.MoMLSimpleApplication@69ab268e
----------------- Done invoking toplevel() on ptolemy.moml.MoMLSimpleApplication@69ab268e
reloadAllAccessors: .SetVariable

===========================================================================================
----------------- testing Wed Nov 06 22:10:16 UTC 2019 /home/travis/build/icyphy/ptII/ptolemy/actor/lib/test/auto/SetVariable2.xml
----------------- Instantiating /home/travis/build/icyphy/ptII/ptolemy/actor/lib/test/auto/SetVariable2.xml
3 ms. Memory: 497664K Free: 210317K (42%)
----------------- Invoking toplevel() on ptolemy.moml.MoMLSimpleApplication@514ce29c
----------------- Done invoking toplevel() on ptolemy.moml.MoMLSimpleApplication@514ce29c
reloadAllAccessors: .SetVariable2

===========================================================================================
----------------- testing Wed Nov 06 22:10:16 UTC 2019 /home/travis/build/icyphy/ptII/ptolemy/actor/lib/test/auto/SetVariable3.xml
----------------- Instantiating /home/travis/build/icyphy/ptII/ptolemy/actor/lib/test/auto/SetVariable3.xml
7 ms. Memory: 497664K Free: 204683K (41%)
----------------- Invoking toplevel() on ptolemy.moml.MoMLSimpleApplication@63881bb9
----------------- Done invoking toplevel() on ptolemy.moml.MoMLSimpleApplication@63881bb9
reloadAllAccessors: .SetVariable3

===========================================================================================
----------------- testing Wed Nov 06 22:10:16 UTC 2019 /home/travis/build/icyphy/ptII/ptolemy/actor/lib/test/auto/SetVariable4.xml
----------------- Instantiating /home/travis/build/icyphy/ptII/ptolemy/actor/lib/test/auto/SetVariable4.xml
26 ms. Memory: 497664K Free: 193931K (39%)
----------------- Invoking toplevel() on ptolemy.moml.MoMLSimpleApplication@3e8a27dc
----------------- Done invoking toplevel() on ptolemy.moml.MoMLSimpleApplication@3e8a27dc
reloadAllAccessors: .SetVariable4

===========================================================================================
----------------- testing Wed Nov 06 22:10:16 UTC 2019 /home/travis/build/icyphy/ptII/ptolemy/actor/lib/test/auto/SetVariable5.xml
----------------- Instantiating /home/travis/build/icyphy/ptII/ptolemy/actor/lib/test/auto/SetVariable5.xml
23 ms. Memory: 497664K Free: 184717K (37%)
----------------- Invoking toplevel() on ptolemy.moml.MoMLSimpleApplication@230d51b7
----------------- Done invoking toplevel() on ptolemy.moml.MoMLSimpleApplication@230d51b7
reloadAllAccessors: .SetVariable5

===========================================================================================
----------------- testing Wed Nov 06 22:10:16 UTC 2019 /home/travis/build/icyphy/ptII/ptolemy/actor/lib/test/auto/Sinewave.xml
----------------- Instantiating /home/travis/build/icyphy/ptII/ptolemy/actor/lib/test/auto/Sinewave.xml
7 ms. Memory: 497664K Free: 174477K (35%)
----------------- Invoking toplevel() on ptolemy.moml.MoMLSimpleApplication@3c7cc1ba
----------------- Done invoking toplevel() on ptolemy.moml.MoMLSimpleApplication@3c7cc1ba
reloadAllAccessors: .Sinewave

===========================================================================================
----------------- testing Wed Nov 06 22:10:16 UTC 2019 /home/travis/build/icyphy/ptII/ptolemy/actor/lib/test/auto/Sinewave2.xml
----------------- Instantiating /home/travis/build/icyphy/ptII/ptolemy/actor/lib/test/auto/Sinewave2.xml
9 ms. Memory: 497664K Free: 165771K (33%)
----------------- Invoking toplevel() on ptolemy.moml.MoMLSimpleApplication@39d7899a
----------------- Done invoking toplevel() on ptolemy.moml.MoMLSimpleApplication@39d7899a
reloadAllAccessors: .Sinewave2

===========================================================================================
----------------- testing Wed Nov 06 22:10:16 UTC 2019 /home/travis/build/icyphy/ptII/ptolemy/actor/lib/test/auto/Sinewave3.xml
----------------- Instantiating /home/travis/build/icyphy/ptII/ptolemy/actor/lib/test/auto/Sinewave3.xml
6 ms. Memory: 497664K Free: 157565K (32%)
----------------- Invoking toplevel() on ptolemy.moml.MoMLSimpleApplication@5655142c
----------------- Done invoking toplevel() on ptolemy.moml.MoMLSimpleApplication@5655142c
reloadAllAccessors: .Sinewave3

===========================================================================================
----------------- testing Wed Nov 06 22:10:16 UTC 2019 /home/travis/build/icyphy/ptII/ptolemy/actor/lib/test/auto/SingleEvent.xml
----------------- Instantiating /home/travis/build/icyphy/ptII/ptolemy/actor/lib/test/auto/SingleEvent.xml
2 ms. Memory: 497664K Free: 153483K (31%)
----------------- Invoking toplevel() on ptolemy.moml.MoMLSimpleApplication@4fb8a802
----------------- Done invoking toplevel() on ptolemy.moml.MoMLSimpleApplication@4fb8a802
reloadAllAccessors: .SingleEvent

===========================================================================================
----------------- testing Wed Nov 06 22:10:16 UTC 2019 /home/travis/build/icyphy/ptII/ptolemy/actor/lib/test/auto/Sleep.xml
----------------- Instantiating /home/travis/build/icyphy/ptII/ptolemy/actor/lib/test/auto/Sleep.xml
6004 ms. Memory: 497664K Free: 442460K (89%)
----------------- Invoking toplevel() on ptolemy.moml.MoMLSimpleApplication@2382e05e
----------------- Done invoking toplevel() on ptolemy.moml.MoMLSimpleApplication@2382e05e
reloadAllAccessors: .Sleep

===========================================================================================
----------------- testing Wed Nov 06 22:10:23 UTC 2019 /home/travis/build/icyphy/ptII/ptolemy/actor/lib/test/auto/SleepMultipleFire.xml
----------------- Instantiating /home/travis/build/icyphy/ptII/ptolemy/actor/lib/test/auto/SleepMultipleFire.xml
1006 ms. Memory: 497664K Free: 436316K (88%)
----------------- Invoking toplevel() on ptolemy.moml.MoMLSimpleApplication@1fe3d1e3
----------------- Done invoking toplevel() on ptolemy.moml.MoMLSimpleApplication@1fe3d1e3
reloadAllAccessors: .SleepMultipleFire

===========================================================================================
----------------- testing Wed Nov 06 22:10:24 UTC 2019 /home/travis/build/icyphy/ptII/ptolemy/actor/lib/test/auto/StopDE.xml
----------------- Instantiating /home/travis/build/icyphy/ptII/ptolemy/actor/lib/test/auto/StopDE.xml
5 ms. Memory: 497664K Free: 430686K (87%)
----------------- Invoking toplevel() on ptolemy.moml.MoMLSimpleApplication@4f39d1e6
----------------- Done invoking toplevel() on ptolemy.moml.MoMLSimpleApplication@4f39d1e6
reloadAllAccessors: .StopDE

===========================================================================================
----------------- testing Wed Nov 06 22:10:24 UTC 2019 /home/travis/build/icyphy/ptII/ptolemy/actor/lib/test/auto/StopSDF.xml
----------------- Instantiating /home/travis/build/icyphy/ptII/ptolemy/actor/lib/test/auto/StopSDF.xml
4 ms. Memory: 497664K Free: 425566K (86%)
----------------- Invoking toplevel() on ptolemy.moml.MoMLSimpleApplication@46de0130
----------------- Done invoking toplevel() on ptolemy.moml.MoMLSimpleApplication@46de0130
reloadAllAccessors: .StopSDF

===========================================================================================
----------------- testing Wed Nov 06 22:10:24 UTC 2019 /home/travis/build/icyphy/ptII/ptolemy/actor/lib/test/auto/StringConstant.xml
----------------- Instantiating /home/travis/build/icyphy/ptII/ptolemy/actor/lib/test/auto/StringConstant.xml
11 ms. Memory: 497664K Free: 420956K (85%)
----------------- Invoking toplevel() on ptolemy.moml.MoMLSimpleApplication@7dbdc9bb
----------------- Done invoking toplevel() on ptolemy.moml.MoMLSimpleApplication@7dbdc9bb
reloadAllAccessors: .StringConstant

===========================================================================================
----------------- testing Wed Nov 06 22:10:24 UTC 2019 /home/travis/build/icyphy/ptII/ptolemy/actor/lib/test/auto/SubscriberPortInitialValues1.xml
----------------- Instantiating /home/travis/build/icyphy/ptII/ptolemy/actor/lib/test/auto/SubscriberPortInitialValues1.xml
6 ms. Memory: 497664K Free: 411740K (83%)
----------------- Invoking toplevel() on ptolemy.moml.MoMLSimpleApplication@a8f1a26
----------------- Done invoking toplevel() on ptolemy.moml.MoMLSimpleApplication@a8f1a26
reloadAllAccessors: .SubscriberPortInitialValues1

===========================================================================================
----------------- testing Wed Nov 06 22:10:24 UTC 2019 /home/travis/build/icyphy/ptII/ptolemy/actor/lib/test/auto/SubscriberPortInitialValues13.xml
----------------- Instantiating /home/travis/build/icyphy/ptII/ptolemy/actor/lib/test/auto/SubscriberPortInitialValues13.xml
10 ms. Memory: 497664K Free: 398942K (80%)
----------------- Invoking toplevel() on ptolemy.moml.MoMLSimpleApplication@7f823eb
----------------- Done invoking toplevel() on ptolemy.moml.MoMLSimpleApplication@7f823eb
reloadAllAccessors: .SubscriberPortInitialValues13

===========================================================================================
----------------- testing Wed Nov 06 22:10:24 UTC 2019 /home/travis/build/icyphy/ptII/ptolemy/actor/lib/test/auto/SubscriberPortInitialValues14.xml
----------------- Instantiating /home/travis/build/icyphy/ptII/ptolemy/actor/lib/test/auto/SubscriberPortInitialValues14.xml
5 ms. Memory: 497664K Free: 391260K (79%)
----------------- Invoking toplevel() on ptolemy.moml.MoMLSimpleApplication@d3ba29f
----------------- Done invoking toplevel() on ptolemy.moml.MoMLSimpleApplication@d3ba29f
reloadAllAccessors: .SubscriberPortInitialValues14

===========================================================================================
----------------- testing Wed Nov 06 22:10:24 UTC 2019 /home/travis/build/icyphy/ptII/ptolemy/actor/lib/test/auto/SubscriberPortInitialValues2.xml
----------------- Instantiating /home/travis/build/icyphy/ptII/ptolemy/actor/lib/test/auto/SubscriberPortInitialValues2.xml
6 ms. Memory: 497664K Free: 383582K (77%)
----------------- Invoking toplevel() on ptolemy.moml.MoMLSimpleApplication@1eafda6
----------------- Done invoking toplevel() on ptolemy.moml.MoMLSimpleApplication@1eafda6
reloadAllAccessors: .SubscriberPortInitialValues2

===========================================================================================
----------------- testing Wed Nov 06 22:10:24 UTC 2019 /home/travis/build/icyphy/ptII/ptolemy/actor/lib/test/auto/SubscriberPortInitialValues3.xml
----------------- Instantiating /home/travis/build/icyphy/ptII/ptolemy/actor/lib/test/auto/SubscriberPortInitialValues3.xml
4 ms. Memory: 497664K Free: 372318K (75%)
----------------- Invoking toplevel() on ptolemy.moml.MoMLSimpleApplication@53f29c83
----------------- Done invoking toplevel() on ptolemy.moml.MoMLSimpleApplication@53f29c83
reloadAllAccessors: .SubscriberPortInitialValues3

===========================================================================================
----------------- testing Wed Nov 06 22:10:24 UTC 2019 /home/travis/build/icyphy/ptII/ptolemy/actor/lib/test/auto/SubscriptionAggregator.xml
----------------- Instantiating /home/travis/build/icyphy/ptII/ptolemy/actor/lib/test/auto/SubscriptionAggregator.xml
3 ms. Memory: 497664K Free: 365654K (73%)
----------------- Invoking toplevel() on ptolemy.moml.MoMLSimpleApplication@364f6dd7
----------------- Done invoking toplevel() on ptolemy.moml.MoMLSimpleApplication@364f6dd7
reloadAllAccessors: .SubscriptionAggregator

===========================================================================================
----------------- testing Wed Nov 06 22:10:24 UTC 2019 /home/travis/build/icyphy/ptII/ptolemy/actor/lib/test/auto/SubscriptionAggregator2.xml
----------------- Instantiating /home/travis/build/icyphy/ptII/ptolemy/actor/lib/test/auto/SubscriptionAggregator2.xml
3 ms. Memory: 497664K Free: 358486K (72%)
----------------- Invoking toplevel() on ptolemy.moml.MoMLSimpleApplication@6ccea0c8
----------------- Done invoking toplevel() on ptolemy.moml.MoMLSimpleApplication@6ccea0c8
reloadAllAccessors: .SubscriptionAggregator2

===========================================================================================
----------------- testing Wed Nov 06 22:10:24 UTC 2019 /home/travis/build/icyphy/ptII/ptolemy/actor/lib/test/auto/SubscriptionAggregator3.xml
----------------- Instantiating /home/travis/build/icyphy/ptII/ptolemy/actor/lib/test/auto/SubscriptionAggregator3.xml
5 ms. Memory: 497664K Free: 349270K (70%)
----------------- Invoking toplevel() on ptolemy.moml.MoMLSimpleApplication@799543da
----------------- Done invoking toplevel() on ptolemy.moml.MoMLSimpleApplication@799543da
reloadAllAccessors: .SubscriptionAggregator3

===========================================================================================
----------------- testing Wed Nov 06 22:10:24 UTC 2019 /home/travis/build/icyphy/ptII/ptolemy/actor/lib/test/auto/SubscriptionAggregatorMultiply.xml
----------------- Instantiating /home/travis/build/icyphy/ptII/ptolemy/actor/lib/test/auto/SubscriptionAggregatorMultiply.xml
10 ms. Memory: 497664K Free: 341084K (69%)
----------------- Invoking toplevel() on ptolemy.moml.MoMLSimpleApplication@24a79a61
----------------- Done invoking toplevel() on ptolemy.moml.MoMLSimpleApplication@24a79a61
reloadAllAccessors: .SubscriptionAggregatorMultiply

===========================================================================================
----------------- testing Wed Nov 06 22:10:24 UTC 2019 /home/travis/build/icyphy/ptII/ptolemy/actor/lib/test/auto/SubscriptionAggregatorPortMultiply1.xml
----------------- Instantiating /home/travis/build/icyphy/ptII/ptolemy/actor/lib/test/auto/SubscriptionAggregatorPortMultiply1.xml
3 ms. Memory: 497664K Free: 332892K (67%)
----------------- Invoking toplevel() on ptolemy.moml.MoMLSimpleApplication@271cad57
----------------- Done invoking toplevel() on ptolemy.moml.MoMLSimpleApplication@271cad57
reloadAllAccessors: .SubscriptionAggregatorPortMultiply1

===========================================================================================
----------------- testing Wed Nov 06 22:10:24 UTC 2019 /home/travis/build/icyphy/ptII/ptolemy/actor/lib/test/auto/Switch.xml
----------------- Instantiating /home/travis/build/icyphy/ptII/ptolemy/actor/lib/test/auto/Switch.xml
9 ms. Memory: 497664K Free: 324700K (65%)
----------------- Invoking toplevel() on ptolemy.moml.MoMLSimpleApplication@3108d948
----------------- Done invoking toplevel() on ptolemy.moml.MoMLSimpleApplication@3108d948
reloadAllAccessors: .Switch

===========================================================================================
----------------- testing Wed Nov 06 22:10:24 UTC 2019 /home/travis/build/icyphy/ptII/ptolemy/actor/lib/test/auto/Switch2.xml
----------------- Instantiating /home/travis/build/icyphy/ptII/ptolemy/actor/lib/test/auto/Switch2.xml
1 ms. Memory: 497664K Free: 319580K (64%)
----------------- Invoking toplevel() on ptolemy.moml.MoMLSimpleApplication@36ee8ef
----------------- Done invoking toplevel() on ptolemy.moml.MoMLSimpleApplication@36ee8ef
reloadAllAccessors: .Switch2

===========================================================================================
----------------- testing Wed Nov 06 22:10:24 UTC 2019 /home/travis/build/icyphy/ptII/ptolemy/actor/lib/test/auto/SwitchDE.xml
----------------- Instantiating /home/travis/build/icyphy/ptII/ptolemy/actor/lib/test/auto/SwitchDE.xml
4 ms. Memory: 497664K Free: 313406K (63%)
----------------- Invoking toplevel() on ptolemy.moml.MoMLSimpleApplication@7ee1dd06
----------------- Done invoking toplevel() on ptolemy.moml.MoMLSimpleApplication@7ee1dd06
reloadAllAccessors: .SwitchDE

===========================================================================================
----------------- testing Wed Nov 06 22:10:24 UTC 2019 /home/travis/build/icyphy/ptII/ptolemy/actor/lib/test/auto/SynchronizerDE.xml
----------------- Instantiating /home/travis/build/icyphy/ptII/ptolemy/actor/lib/test/auto/SynchronizerDE.xml
8 ms. Memory: 497664K Free: 305214K (61%)
----------------- Invoking toplevel() on ptolemy.moml.MoMLSimpleApplication@685f1e30
----------------- Done invoking toplevel() on ptolemy.moml.MoMLSimpleApplication@685f1e30
reloadAllAccessors: .SynchronizerDE

===========================================================================================
----------------- testing Wed Nov 06 22:10:24 UTC 2019 /home/travis/build/icyphy/ptII/ptolemy/actor/lib/test/auto/Test.xml
----------------- Instantiating /home/travis/build/icyphy/ptII/ptolemy/actor/lib/test/auto/Test.xml
2 ms. Memory: 497664K Free: 299614K (60%)
----------------- Invoking toplevel() on ptolemy.moml.MoMLSimpleApplication@794c14f3
----------------- Done invoking toplevel() on ptolemy.moml.MoMLSimpleApplication@794c14f3
reloadAllAccessors: .Test

===========================================================================================
----------------- testing Wed Nov 06 22:10:24 UTC 2019 /home/travis/build/icyphy/ptII/ptolemy/actor/lib/test/auto/TestExceptionAttribute1.xml
----------------- Instantiating /home/travis/build/icyphy/ptII/ptolemy/actor/lib/test/auto/TestExceptionAttribute1.xml
1 ms. Memory: 497664K Free: 296028K (59%)
----------------- Invoking toplevel() on ptolemy.moml.MoMLSimpleApplication@99bcdad
----------------- Done invoking toplevel() on ptolemy.moml.MoMLSimpleApplication@99bcdad
reloadAllAccessors: .TestExceptionAttribute1

===========================================================================================
----------------- testing Wed Nov 06 22:10:24 UTC 2019 /home/travis/build/icyphy/ptII/ptolemy/actor/lib/test/auto/TestExceptionAttribute2.xml
----------------- Instantiating /home/travis/build/icyphy/ptII/ptolemy/actor/lib/test/auto/TestExceptionAttribute2.xml
2 ms. Memory: 497664K Free: 292446K (59%)
----------------- Invoking toplevel() on ptolemy.moml.MoMLSimpleApplication@722f25e3
----------------- Done invoking toplevel() on ptolemy.moml.MoMLSimpleApplication@722f25e3
reloadAllAccessors: .TestExceptionAttribute2

===========================================================================================
----------------- testing Wed Nov 06 22:10:24 UTC 2019 /home/travis/build/icyphy/ptII/ptolemy/actor/lib/test/auto/TestExceptionAttribute3.xml
----------------- Instantiating /home/travis/build/icyphy/ptII/ptolemy/actor/lib/test/auto/TestExceptionAttribute3.xml
.TestExceptionAttribute3.TestExceptionAttribute: initialize() was not invoked, but wrapup() was.  This is unusual, but not always a problem.  For example, exporting JNLP will do this.
0 ms. Memory: 497664K Free: 288350K (58%)
----------------- Invoking toplevel() on ptolemy.moml.MoMLSimpleApplication@7f2e222d
----------------- Done invoking toplevel() on ptolemy.moml.MoMLSimpleApplication@7f2e222d
reloadAllAccessors: .TestExceptionAttribute3

===========================================================================================
----------------- testing Wed Nov 06 22:10:24 UTC 2019 /home/travis/build/icyphy/ptII/ptolemy/actor/lib/test/auto/TestExceptionAttribute4.xml
----------------- Instantiating /home/travis/build/icyphy/ptII/ptolemy/actor/lib/test/auto/TestExceptionAttribute4.xml
.TestExceptionAttribute4.TestExceptionAttribute: initialize() was not invoked, but wrapup() was.  This is unusual, but not always a problem.  For example, exporting JNLP will do this.
.TestExceptionAttribute4.TestExceptionAttribute2: initialize() was not invoked, but wrapup() was.  This is unusual, but not always a problem.  For example, exporting JNLP will do this.
1 ms. Memory: 497664K Free: 284254K (57%)
----------------- Invoking toplevel() on ptolemy.moml.MoMLSimpleApplication@aeb4f1d
----------------- Done invoking toplevel() on ptolemy.moml.MoMLSimpleApplication@aeb4f1d
reloadAllAccessors: .TestExceptionAttribute4

===========================================================================================
----------------- testing Wed Nov 06 22:10:24 UTC 2019 /home/travis/build/icyphy/ptII/ptolemy/actor/lib/test/auto/TestExceptionHandler1.xml
----------------- Instantiating /home/travis/build/icyphy/ptII/ptolemy/actor/lib/test/auto/TestExceptionHandler1.xml
1 ms. Memory: 497664K Free: 280668K (56%)
----------------- Invoking toplevel() on ptolemy.moml.MoMLSimpleApplication@29050265
----------------- Done invoking toplevel() on ptolemy.moml.MoMLSimpleApplication@29050265
reloadAllAccessors: .TestExceptionHandler1

===========================================================================================
----------------- testing Wed Nov 06 22:10:24 UTC 2019 /home/travis/build/icyphy/ptII/ptolemy/actor/lib/test/auto/TestExceptionHandler2.xml
----------------- Instantiating /home/travis/build/icyphy/ptII/ptolemy/actor/lib/test/auto/TestExceptionHandler2.xml
2 ms. Memory: 497664K Free: 276572K (56%)
----------------- Invoking toplevel() on ptolemy.moml.MoMLSimpleApplication@20e1521c
----------------- Done invoking toplevel() on ptolemy.moml.MoMLSimpleApplication@20e1521c
reloadAllAccessors: .TestExceptionHandler2

===========================================================================================
----------------- testing Wed Nov 06 22:10:24 UTC 2019 /home/travis/build/icyphy/ptII/ptolemy/actor/lib/test/auto/TestExceptionHandler3.xml
----------------- Instantiating /home/travis/build/icyphy/ptII/ptolemy/actor/lib/test/auto/TestExceptionHandler3.xml
1 ms. Memory: 497664K Free: 272990K (55%)
----------------- Invoking toplevel() on ptolemy.moml.MoMLSimpleApplication@10d68937
----------------- Done invoking toplevel() on ptolemy.moml.MoMLSimpleApplication@10d68937
reloadAllAccessors: .TestExceptionHandler3

===========================================================================================
----------------- testing Wed Nov 06 22:10:24 UTC 2019 /home/travis/build/icyphy/ptII/ptolemy/actor/lib/test/auto/TestExceptionHandler4.xml
----------------- Instantiating /home/travis/build/icyphy/ptII/ptolemy/actor/lib/test/auto/TestExceptionHandler4.xml
0 ms. Memory: 497664K Free: 268894K (54%)
----------------- Invoking toplevel() on ptolemy.moml.MoMLSimpleApplication@7c575550
----------------- Done invoking toplevel() on ptolemy.moml.MoMLSimpleApplication@7c575550
reloadAllAccessors: .TestExceptionHandler4

===========================================================================================
----------------- testing Wed Nov 06 22:10:24 UTC 2019 /home/travis/build/icyphy/ptII/ptolemy/actor/lib/test/auto/TestRequireCorrectOrder.xml
----------------- Instantiating /home/travis/build/icyphy/ptII/ptolemy/actor/lib/test/auto/TestRequireCorrectOrder.xml
9 ms. Memory: 497664K Free: 263246K (53%)
----------------- Invoking toplevel() on ptolemy.moml.MoMLSimpleApplication@7b5d20e5
----------------- Done invoking toplevel() on ptolemy.moml.MoMLSimpleApplication@7b5d20e5
reloadAllAccessors: .TestRequireCorrectOrder

===========================================================================================
----------------- testing Wed Nov 06 22:10:24 UTC 2019 /home/travis/build/icyphy/ptII/ptolemy/actor/lib/test/auto/TestSimple.xml
----------------- Instantiating /home/travis/build/icyphy/ptII/ptolemy/actor/lib/test/auto/TestSimple.xml
1 ms. Memory: 497664K Free: 259164K (52%)
----------------- Invoking toplevel() on ptolemy.moml.MoMLSimpleApplication@31e98858
----------------- Done invoking toplevel() on ptolemy.moml.MoMLSimpleApplication@31e98858
reloadAllAccessors: .TestSimple

===========================================================================================
----------------- testing Wed Nov 06 22:10:24 UTC 2019 /home/travis/build/icyphy/ptII/ptolemy/actor/lib/test/auto/ThrowModelError.xml
----------------- Instantiating /home/travis/build/icyphy/ptII/ptolemy/actor/lib/test/auto/ThrowModelError.xml
1 ms. Memory: 497664K Free: 254558K (51%)
----------------- Invoking toplevel() on ptolemy.moml.MoMLSimpleApplication@18aa2d08
----------------- Done invoking toplevel() on ptolemy.moml.MoMLSimpleApplication@18aa2d08
reloadAllAccessors: .ThrowModelError

===========================================================================================
----------------- testing Wed Nov 06 22:10:24 UTC 2019 /home/travis/build/icyphy/ptII/ptolemy/actor/lib/test/auto/TimeDelayMicrosteps.xml
----------------- Instantiating /home/travis/build/icyphy/ptII/ptolemy/actor/lib/test/auto/TimeDelayMicrosteps.xml
3 ms. Memory: 497664K Free: 247390K (50%)
----------------- Invoking toplevel() on ptolemy.moml.MoMLSimpleApplication@74a99f11
----------------- Done invoking toplevel() on ptolemy.moml.MoMLSimpleApplication@74a99f11
reloadAllAccessors: .TimeDelayMicrosteps

===========================================================================================
----------------- testing Wed Nov 06 22:10:24 UTC 2019 /home/travis/build/icyphy/ptII/ptolemy/actor/lib/test/auto/TimeDelayMicrosteps2.xml
----------------- Instantiating /home/travis/build/icyphy/ptII/ptolemy/actor/lib/test/auto/TimeDelayMicrosteps2.xml
3 ms. Memory: 497664K Free: 240222K (48%)
----------------- Invoking toplevel() on ptolemy.moml.MoMLSimpleApplication@124e9bd4
----------------- Done invoking toplevel() on ptolemy.moml.MoMLSimpleApplication@124e9bd4
reloadAllAccessors: .TimeDelayMicrosteps2

===========================================================================================
----------------- testing Wed Nov 06 22:10:24 UTC 2019 /home/travis/build/icyphy/ptII/ptolemy/actor/lib/test/auto/TimeDelayMicrosteps3.xml
----------------- Instantiating /home/travis/build/icyphy/ptII/ptolemy/actor/lib/test/auto/TimeDelayMicrosteps3.xml
3 ms. Memory: 497664K Free: 233558K (47%)
----------------- Invoking toplevel() on ptolemy.moml.MoMLSimpleApplication@5159115b
----------------- Done invoking toplevel() on ptolemy.moml.MoMLSimpleApplication@5159115b
reloadAllAccessors: .TimeDelayMicrosteps3

===========================================================================================
----------------- testing Wed Nov 06 22:10:24 UTC 2019 /home/travis/build/icyphy/ptII/ptolemy/actor/lib/test/auto/TimeDelayVariableMicrosteps.xml
----------------- Instantiating /home/travis/build/icyphy/ptII/ptolemy/actor/lib/test/auto/TimeDelayVariableMicrosteps.xml
4 ms. Memory: 497664K Free: 226396K (45%)
----------------- Invoking toplevel() on ptolemy.moml.MoMLSimpleApplication@a4283b4
----------------- Done invoking toplevel() on ptolemy.moml.MoMLSimpleApplication@a4283b4
reloadAllAccessors: .TimeDelayVariableMicrosteps

===========================================================================================
----------------- testing Wed Nov 06 22:10:24 UTC 2019 /home/travis/build/icyphy/ptII/ptolemy/actor/lib/test/auto/TimeGap.xml
----------------- Instantiating /home/travis/build/icyphy/ptII/ptolemy/actor/lib/test/auto/TimeGap.xml
3 ms. Memory: 497664K Free: 221246K (44%)
----------------- Invoking toplevel() on ptolemy.moml.MoMLSimpleApplication@1b60674e
----------------- Done invoking toplevel() on ptolemy.moml.MoMLSimpleApplication@1b60674e
reloadAllAccessors: .TimeGap

===========================================================================================
----------------- testing Wed Nov 06 22:10:24 UTC 2019 /home/travis/build/icyphy/ptII/ptolemy/actor/lib/test/auto/TimeGap2.xml
----------------- Instantiating /home/travis/build/icyphy/ptII/ptolemy/actor/lib/test/auto/TimeGap2.xml
2 ms. Memory: 497664K Free: 215646K (43%)
----------------- Invoking toplevel() on ptolemy.moml.MoMLSimpleApplication@19b935a7
----------------- Done invoking toplevel() on ptolemy.moml.MoMLSimpleApplication@19b935a7
reloadAllAccessors: .TimeGap2

===========================================================================================
----------------- testing Wed Nov 06 22:10:24 UTC 2019 /home/travis/build/icyphy/ptII/ptolemy/actor/lib/test/auto/TimedSinewave.xml
----------------- Instantiating /home/travis/build/icyphy/ptII/ptolemy/actor/lib/test/auto/TimedSinewave.xml
26 ms. Memory: 497664K Free: 200796K (40%)
----------------- Invoking toplevel() on ptolemy.moml.MoMLSimpleApplication@14e96285
----------------- Done invoking toplevel() on ptolemy.moml.MoMLSimpleApplication@14e96285
reloadAllAccessors: .TimedSinewave

===========================================================================================
----------------- testing Wed Nov 06 22:10:24 UTC 2019 /home/travis/build/icyphy/ptII/ptolemy/actor/lib/test/auto/TimedSinewavePhase.xml
----------------- Instantiating /home/travis/build/icyphy/ptII/ptolemy/actor/lib/test/auto/TimedSinewavePhase.xml
11 ms. Memory: 497664K Free: 191070K (38%)
----------------- Invoking toplevel() on ptolemy.moml.MoMLSimpleApplication@38a8de0a
----------------- Done invoking toplevel() on ptolemy.moml.MoMLSimpleApplication@38a8de0a
reloadAllAccessors: .TimedSinewavePhase

===========================================================================================
----------------- testing Wed Nov 06 22:10:24 UTC 2019 /home/travis/build/icyphy/ptII/ptolemy/actor/lib/test/auto/Timer.xml
----------------- Instantiating /home/travis/build/icyphy/ptII/ptolemy/actor/lib/test/auto/Timer.xml
1 ms. Memory: 497664K Free: 185436K (37%)
----------------- Invoking toplevel() on ptolemy.moml.MoMLSimpleApplication@713936f7
----------------- Done invoking toplevel() on ptolemy.moml.MoMLSimpleApplication@713936f7
reloadAllAccessors: .Timer

===========================================================================================
----------------- testing Wed Nov 06 22:10:24 UTC 2019 /home/travis/build/icyphy/ptII/ptolemy/actor/lib/test/auto/TriangularDistTestModel.xml
----------------- Instantiating /home/travis/build/icyphy/ptII/ptolemy/actor/lib/test/auto/TriangularDistTestModel.xml
3 ms. Memory: 497664K Free: 179278K (36%)
----------------- Invoking toplevel() on ptolemy.moml.MoMLSimpleApplication@f73283
----------------- Done invoking toplevel() on ptolemy.moml.MoMLSimpleApplication@f73283
reloadAllAccessors: .TriangularDistTestModel

===========================================================================================
----------------- testing Wed Nov 06 22:10:24 UTC 2019 /home/travis/build/icyphy/ptII/ptolemy/actor/lib/test/auto/TrigFunction.xml
----------------- Instantiating /home/travis/build/icyphy/ptII/ptolemy/actor/lib/test/auto/TrigFunction.xml
1 ms. Memory: 497664K Free: 174686K (35%)
----------------- Invoking toplevel() on ptolemy.moml.MoMLSimpleApplication@2447895c
----------------- Done invoking toplevel() on ptolemy.moml.MoMLSimpleApplication@2447895c
reloadAllAccessors: .TrigFunction

===========================================================================================
----------------- testing Wed Nov 06 22:10:24 UTC 2019 /home/travis/build/icyphy/ptII/ptolemy/actor/lib/test/auto/TrigFunctionDE.xml
----------------- Instantiating /home/travis/build/icyphy/ptII/ptolemy/actor/lib/test/auto/TrigFunctionDE.xml
1 ms. Memory: 497664K Free: 168542K (34%)
----------------- Invoking toplevel() on ptolemy.moml.MoMLSimpleApplication@52f95cb
----------------- Done invoking toplevel() on ptolemy.moml.MoMLSimpleApplication@52f95cb
reloadAllAccessors: .TrigFunctionDE

===========================================================================================
----------------- testing Wed Nov 06 22:10:24 UTC 2019 /home/travis/build/icyphy/ptII/ptolemy/actor/lib/test/auto/TrigFunctionInverse.xml
----------------- Instantiating /home/travis/build/icyphy/ptII/ptolemy/actor/lib/test/auto/TrigFunctionInverse.xml
2 ms. Memory: 497664K Free: 163422K (33%)
----------------- Invoking toplevel() on ptolemy.moml.MoMLSimpleApplication@2b8107b0
----------------- Done invoking toplevel() on ptolemy.moml.MoMLSimpleApplication@2b8107b0
reloadAllAccessors: .TrigFunctionInverse

===========================================================================================
----------------- testing Wed Nov 06 22:10:24 UTC 2019 /home/travis/build/icyphy/ptII/ptolemy/actor/lib/test/auto/TrigFunctionTan.xml
----------------- Instantiating /home/travis/build/icyphy/ptII/ptolemy/actor/lib/test/auto/TrigFunctionTan.xml
1 ms. Memory: 497664K Free: 159326K (32%)
----------------- Invoking toplevel() on ptolemy.moml.MoMLSimpleApplication@20a9e876
----------------- Done invoking toplevel() on ptolemy.moml.MoMLSimpleApplication@20a9e876
reloadAllAccessors: .TrigFunctionTan

===========================================================================================
----------------- testing Wed Nov 06 22:10:24 UTC 2019 /home/travis/build/icyphy/ptII/ptolemy/actor/lib/test/auto/TriggeredClock.xml
----------------- Instantiating /home/travis/build/icyphy/ptII/ptolemy/actor/lib/test/auto/TriggeredClock.xml
1 ms. Memory: 497664K Free: 153686K (31%)
----------------- Invoking toplevel() on ptolemy.moml.MoMLSimpleApplication@7d9600c3
----------------- Done invoking toplevel() on ptolemy.moml.MoMLSimpleApplication@7d9600c3
reloadAllAccessors: .TriggeredClock

===========================================================================================
----------------- testing Wed Nov 06 22:10:24 UTC 2019 /home/travis/build/icyphy/ptII/ptolemy/actor/lib/test/auto/URLDirectoryReader.xml
----------------- Instantiating /home/travis/build/icyphy/ptII/ptolemy/actor/lib/test/auto/URLDirectoryReader.xml
47 ms. Memory: 497664K Free: 438636K (88%)
----------------- Invoking toplevel() on ptolemy.moml.MoMLSimpleApplication@7cd89d91
----------------- Done invoking toplevel() on ptolemy.moml.MoMLSimpleApplication@7cd89d91
reloadAllAccessors: .URLDirectoryReader

===========================================================================================
----------------- testing Wed Nov 06 22:10:25 UTC 2019 /home/travis/build/icyphy/ptII/ptolemy/actor/lib/test/auto/URLDirectoryReader3.xml
----------------- Instantiating /home/travis/build/icyphy/ptII/ptolemy/actor/lib/test/auto/URLDirectoryReader3.xml
1234 ms. Memory: 497664K Free: 438074K (88%)
----------------- Invoking toplevel() on ptolemy.moml.MoMLSimpleApplication@4566f971
----------------- Done invoking toplevel() on ptolemy.moml.MoMLSimpleApplication@4566f971
reloadAllAccessors: .URLDirectoryReader3

===========================================================================================
----------------- testing Wed Nov 06 22:10:26 UTC 2019 /home/travis/build/icyphy/ptII/ptolemy/actor/lib/test/auto/UnaryMathFunction.xml
----------------- Instantiating /home/travis/build/icyphy/ptII/ptolemy/actor/lib/test/auto/UnaryMathFunction.xml
5 ms. Memory: 497664K Free: 429878K (86%)
----------------- Invoking toplevel() on ptolemy.moml.MoMLSimpleApplication@322785a0
----------------- Done invoking toplevel() on ptolemy.moml.MoMLSimpleApplication@322785a0
reloadAllAccessors: .UnaryMathFunction

===========================================================================================
----------------- testing Wed Nov 06 22:10:26 UTC 2019 /home/travis/build/icyphy/ptII/ptolemy/actor/lib/test/auto/Uniform.xml
----------------- Instantiating /home/travis/build/icyphy/ptII/ptolemy/actor/lib/test/auto/Uniform.xml
6 ms. Memory: 497664K Free: 425272K (85%)
----------------- Invoking toplevel() on ptolemy.moml.MoMLSimpleApplication@362f041b
----------------- Done invoking toplevel() on ptolemy.moml.MoMLSimpleApplication@362f041b
reloadAllAccessors: .Uniform

===========================================================================================
----------------- testing Wed Nov 06 22:10:26 UTC 2019 /home/travis/build/icyphy/ptII/ptolemy/actor/lib/test/auto/UnionDisassemblerTest.xml
----------------- Instantiating /home/travis/build/icyphy/ptII/ptolemy/actor/lib/test/auto/UnionDisassemblerTest.xml
17 ms. Memory: 497664K Free: 421176K (85%)
----------------- Invoking toplevel() on ptolemy.moml.MoMLSimpleApplication@1e2c2ce8
----------------- Done invoking toplevel() on ptolemy.moml.MoMLSimpleApplication@1e2c2ce8
reloadAllAccessors: .UnionDisassemblerTest

===========================================================================================
----------------- testing Wed Nov 06 22:10:26 UTC 2019 /home/travis/build/icyphy/ptII/ptolemy/actor/lib/test/auto/UtilityFunctions.xml
----------------- Instantiating /home/travis/build/icyphy/ptII/ptolemy/actor/lib/test/auto/UtilityFunctions.xml
2 ms. Memory: 497664K Free: 417080K (84%)
----------------- Invoking toplevel() on ptolemy.moml.MoMLSimpleApplication@4a20f2f1
----------------- Done invoking toplevel() on ptolemy.moml.MoMLSimpleApplication@4a20f2f1
reloadAllAccessors: .UtilityFunctions

===========================================================================================
----------------- testing Wed Nov 06 22:10:26 UTC 2019 /home/travis/build/icyphy/ptII/ptolemy/actor/lib/test/auto/VariableSleep.xml
----------------- Instantiating /home/travis/build/icyphy/ptII/ptolemy/actor/lib/test/auto/VariableSleep.xml
503 ms. Memory: 497664K Free: 411960K (83%)
----------------- Invoking toplevel() on ptolemy.moml.MoMLSimpleApplication@c4cf240
----------------- Done invoking toplevel() on ptolemy.moml.MoMLSimpleApplication@c4cf240
reloadAllAccessors: .VariableSleep

===========================================================================================
----------------- testing Wed Nov 06 22:10:27 UTC 2019 /home/travis/build/icyphy/ptII/ptolemy/actor/lib/test/auto/VectorAssemblerDisassemblerCT.xml
----------------- Instantiating /home/travis/build/icyphy/ptII/ptolemy/actor/lib/test/auto/VectorAssemblerDisassemblerCT.xml
96 ms. Memory: 497664K Free: 391480K (79%)
----------------- Invoking toplevel() on ptolemy.moml.MoMLSimpleApplication@47b049f5
----------------- Done invoking toplevel() on ptolemy.moml.MoMLSimpleApplication@47b049f5
reloadAllAccessors: .VectorAssemblerDisassemblerCT

===========================================================================================
----------------- testing Wed Nov 06 22:10:27 UTC 2019 /home/travis/build/icyphy/ptII/ptolemy/actor/lib/test/auto/VectorAssemblerDisassemblerDE.xml
----------------- Instantiating /home/travis/build/icyphy/ptII/ptolemy/actor/lib/test/auto/VectorAssemblerDisassemblerDE.xml
4 ms. Memory: 497664K Free: 384312K (77%)
----------------- Invoking toplevel() on ptolemy.moml.MoMLSimpleApplication@67c89cb4
----------------- Done invoking toplevel() on ptolemy.moml.MoMLSimpleApplication@67c89cb4
reloadAllAccessors: .VectorAssemblerDisassemblerDE

===========================================================================================
----------------- testing Wed Nov 06 22:10:27 UTC 2019 /home/travis/build/icyphy/ptII/ptolemy/actor/lib/test/auto/VectorAssemblerDisassemblerSDF.xml
----------------- Instantiating /home/travis/build/icyphy/ptII/ptolemy/actor/lib/test/auto/VectorAssemblerDisassemblerSDF.xml
4 ms. Memory: 497664K Free: 377144K (76%)
----------------- Invoking toplevel() on ptolemy.moml.MoMLSimpleApplication@24c8653b
----------------- Done invoking toplevel() on ptolemy.moml.MoMLSimpleApplication@24c8653b
reloadAllAccessors: .VectorAssemblerDisassemblerSDF

===========================================================================================
----------------- testing Wed Nov 06 22:10:27 UTC 2019 /home/travis/build/icyphy/ptII/ptolemy/actor/lib/test/auto/WallClockTime.xml
----------------- Instantiating /home/travis/build/icyphy/ptII/ptolemy/actor/lib/test/auto/WallClockTime.xml
1006 ms. Memory: 497664K Free: 372024K (75%)
----------------- Invoking toplevel() on ptolemy.moml.MoMLSimpleApplication@683029c9
----------------- Done invoking toplevel() on ptolemy.moml.MoMLSimpleApplication@683029c9
reloadAllAccessors: .WallClockTime

===========================================================================================
----------------- testing Wed Nov 06 22:10:28 UTC 2019 /home/travis/build/icyphy/ptII/ptolemy/actor/lib/test/auto/WidthTestWithSubscriberPublisher.xml
----------------- Instantiating /home/travis/build/icyphy/ptII/ptolemy/actor/lib/test/auto/WidthTestWithSubscriberPublisher.xml
10 ms. Memory: 497664K Free: 354102K (71%)
----------------- Invoking toplevel() on ptolemy.moml.MoMLSimpleApplication@7052b8a9
----------------- Done invoking toplevel() on ptolemy.moml.MoMLSimpleApplication@7052b8a9
reloadAllAccessors: .WidthTestWithSubscriberPublisher

===========================================================================================
----------------- testing Wed Nov 06 22:10:28 UTC 2019 /home/travis/build/icyphy/ptII/ptolemy/actor/lib/test/auto/WidthTestWithSubscriberPublisher2.xml
----------------- Instantiating /home/travis/build/icyphy/ptII/ptolemy/actor/lib/test/auto/WidthTestWithSubscriberPublisher2.xml
3 ms. Memory: 497664K Free: 347448K (70%)
----------------- Invoking toplevel() on ptolemy.moml.MoMLSimpleApplication@489f8154
----------------- Done invoking toplevel() on ptolemy.moml.MoMLSimpleApplication@489f8154
reloadAllAccessors: .WidthTestWithSubscriberPublisher2

===========================================================================================
----------------- testing Wed Nov 06 22:10:28 UTC 2019 /home/travis/build/icyphy/ptII/ptolemy/actor/lib/test/auto/WidthTestWithSubscriberPublisher3.xml
----------------- Instantiating /home/travis/build/icyphy/ptII/ptolemy/actor/lib/test/auto/WidthTestWithSubscriberPublisher3.xml
2 ms. Memory: 497664K Free: 341814K (69%)
----------------- Invoking toplevel() on ptolemy.moml.MoMLSimpleApplication@674662ce
----------------- Done invoking toplevel() on ptolemy.moml.MoMLSimpleApplication@674662ce
reloadAllAccessors: .WidthTestWithSubscriberPublisher3

===========================================================================================
----------------- testing Wed Nov 06 22:10:28 UTC 2019 /home/travis/build/icyphy/ptII/ptolemy/actor/lib/test/auto/Writer.xml
----------------- Instantiating /home/travis/build/icyphy/ptII/ptolemy/actor/lib/test/auto/Writer.xml
0
1
2
3
4
2 ms. Memory: 497664K Free: 337208K (68%)
----------------- Invoking toplevel() on ptolemy.moml.MoMLSimpleApplication@40084f0
----------------- Done invoking toplevel() on ptolemy.moml.MoMLSimpleApplication@40084f0
reloadAllAccessors: .Writer

===========================================================================================
----------------- testing Wed Nov 06 22:10:28 UTC 2019 /home/travis/build/icyphy/ptII/ptolemy/actor/lib/test/auto/array.xml
----------------- Instantiating /home/travis/build/icyphy/ptII/ptolemy/actor/lib/test/auto/array.xml
3 ms. Memory: 497664K Free: 332598K (67%)
----------------- Invoking toplevel() on ptolemy.moml.MoMLSimpleApplication@273de7a1
----------------- Done invoking toplevel() on ptolemy.moml.MoMLSimpleApplication@273de7a1
reloadAllAccessors: .array

===========================================================================================
----------------- testing Wed Nov 06 22:10:28 UTC 2019 /home/travis/build/icyphy/ptII/ptolemy/actor/lib/test/auto/array2.xml
----------------- Instantiating /home/travis/build/icyphy/ptII/ptolemy/actor/lib/test/auto/array2.xml
9 ms. Memory: 497664K Free: 327992K (66%)
----------------- Invoking toplevel() on ptolemy.moml.MoMLSimpleApplication@1f331d63
----------------- Done invoking toplevel() on ptolemy.moml.MoMLSimpleApplication@1f331d63
reloadAllAccessors: .array2

===========================================================================================
----------------- testing Wed Nov 06 22:10:28 UTC 2019 /home/travis/build/icyphy/ptII/ptolemy/actor/lib/test/auto/arrayType.xml
----------------- Instantiating /home/travis/build/icyphy/ptII/ptolemy/actor/lib/test/auto/arrayType.xml
2 ms. Memory: 497664K Free: 322358K (65%)
----------------- Invoking toplevel() on ptolemy.moml.MoMLSimpleApplication@8ab7fd2
----------------- Done invoking toplevel() on ptolemy.moml.MoMLSimpleApplication@8ab7fd2
reloadAllAccessors: .arrayType

===========================================================================================
----------------- testing Wed Nov 06 22:10:28 UTC 2019 /home/travis/build/icyphy/ptII/ptolemy/actor/lib/test/auto/arrayType10.xml
----------------- Instantiating /home/travis/build/icyphy/ptII/ptolemy/actor/lib/test/auto/arrayType10.xml
2 ms. Memory: 497664K Free: 317752K (64%)
----------------- Invoking toplevel() on ptolemy.moml.MoMLSimpleApplication@797f8395
----------------- Done invoking toplevel() on ptolemy.moml.MoMLSimpleApplication@797f8395
reloadAllAccessors: .arrayType10

===========================================================================================
----------------- testing Wed Nov 06 22:10:28 UTC 2019 /home/travis/build/icyphy/ptII/ptolemy/actor/lib/test/auto/arrayType11.xml
----------------- Instantiating /home/travis/build/icyphy/ptII/ptolemy/actor/lib/test/auto/arrayType11.xml
2 ms. Memory: 497664K Free: 312632K (63%)
----------------- Invoking toplevel() on ptolemy.moml.MoMLSimpleApplication@7fb4d5d9
----------------- Done invoking toplevel() on ptolemy.moml.MoMLSimpleApplication@7fb4d5d9
reloadAllAccessors: .arrayType11

===========================================================================================
----------------- testing Wed Nov 06 22:10:28 UTC 2019 /home/travis/build/icyphy/ptII/ptolemy/actor/lib/test/auto/arrayType12.xml
----------------- Instantiating /home/travis/build/icyphy/ptII/ptolemy/actor/lib/test/auto/arrayType12.xml
2 ms. Memory: 497664K Free: 308022K (62%)
----------------- Invoking toplevel() on ptolemy.moml.MoMLSimpleApplication@b0d678
----------------- Done invoking toplevel() on ptolemy.moml.MoMLSimpleApplication@b0d678
reloadAllAccessors: .arrayType12

===========================================================================================
----------------- testing Wed Nov 06 22:10:28 UTC 2019 /home/travis/build/icyphy/ptII/ptolemy/actor/lib/test/auto/arrayType13.xml
----------------- Instantiating /home/travis/build/icyphy/ptII/ptolemy/actor/lib/test/auto/arrayType13.xml
2 ms. Memory: 497664K Free: 301878K (61%)
----------------- Invoking toplevel() on ptolemy.moml.MoMLSimpleApplication@45c8b8a6
----------------- Done invoking toplevel() on ptolemy.moml.MoMLSimpleApplication@45c8b8a6
reloadAllAccessors: .arrayType13

===========================================================================================
----------------- testing Wed Nov 06 22:10:28 UTC 2019 /home/travis/build/icyphy/ptII/ptolemy/actor/lib/test/auto/arrayType14.xml
----------------- Instantiating /home/travis/build/icyphy/ptII/ptolemy/actor/lib/test/auto/arrayType14.xml
2 ms. Memory: 497664K Free: 296758K (60%)
----------------- Invoking toplevel() on ptolemy.moml.MoMLSimpleApplication@6e05ad31
----------------- Done invoking toplevel() on ptolemy.moml.MoMLSimpleApplication@6e05ad31
reloadAllAccessors: .arrayType14

===========================================================================================
----------------- testing Wed Nov 06 22:10:28 UTC 2019 /home/travis/build/icyphy/ptII/ptolemy/actor/lib/test/auto/arrayType15.xml
----------------- Instantiating /home/travis/build/icyphy/ptII/ptolemy/actor/lib/test/auto/arrayType15.xml
3 ms. Memory: 497664K Free: 291128K (58%)
----------------- Invoking toplevel() on ptolemy.moml.MoMLSimpleApplication@4cfe4be0
----------------- Done invoking toplevel() on ptolemy.moml.MoMLSimpleApplication@4cfe4be0
reloadAllAccessors: .arrayType15

===========================================================================================
----------------- testing Wed Nov 06 22:10:28 UTC 2019 /home/travis/build/icyphy/ptII/ptolemy/actor/lib/test/auto/arrayType16.xml
----------------- Instantiating /home/travis/build/icyphy/ptII/ptolemy/actor/lib/test/auto/arrayType16.xml
3 ms. Memory: 497664K Free: 286008K (57%)
----------------- Invoking toplevel() on ptolemy.moml.MoMLSimpleApplication@1be61659
----------------- Done invoking toplevel() on ptolemy.moml.MoMLSimpleApplication@1be61659
reloadAllAccessors: .arrayType16

===========================================================================================
----------------- testing Wed Nov 06 22:10:28 UTC 2019 /home/travis/build/icyphy/ptII/ptolemy/actor/lib/test/auto/arrayType17.xml
----------------- Instantiating /home/travis/build/icyphy/ptII/ptolemy/actor/lib/test/auto/arrayType17.xml
5 ms. Memory: 497664K Free: 280888K (56%)
----------------- Invoking toplevel() on ptolemy.moml.MoMLSimpleApplication@3c0700c9
----------------- Done invoking toplevel() on ptolemy.moml.MoMLSimpleApplication@3c0700c9
reloadAllAccessors: .arrayType17

===========================================================================================
----------------- testing Wed Nov 06 22:10:28 UTC 2019 /home/travis/build/icyphy/ptII/ptolemy/actor/lib/test/auto/arrayType18.xml
----------------- Instantiating /home/travis/build/icyphy/ptII/ptolemy/actor/lib/test/auto/arrayType18.xml
2 ms. Memory: 497664K Free: 275768K (55%)
----------------- Invoking toplevel() on ptolemy.moml.MoMLSimpleApplication@52303e93
----------------- Done invoking toplevel() on ptolemy.moml.MoMLSimpleApplication@52303e93
reloadAllAccessors: .arrayType18

===========================================================================================
----------------- testing Wed Nov 06 22:10:28 UTC 2019 /home/travis/build/icyphy/ptII/ptolemy/actor/lib/test/auto/arrayType19.xml
----------------- Instantiating /home/travis/build/icyphy/ptII/ptolemy/actor/lib/test/auto/arrayType19.xml
2 ms. Memory: 497664K Free: 271158K (54%)
----------------- Invoking toplevel() on ptolemy.moml.MoMLSimpleApplication@1222e093
----------------- Done invoking toplevel() on ptolemy.moml.MoMLSimpleApplication@1222e093
reloadAllAccessors: .arrayType19

===========================================================================================
----------------- testing Wed Nov 06 22:10:28 UTC 2019 /home/travis/build/icyphy/ptII/ptolemy/actor/lib/test/auto/arrayType2.xml
----------------- Instantiating /home/travis/build/icyphy/ptII/ptolemy/actor/lib/test/auto/arrayType2.xml
2 ms. Memory: 497664K Free: 265528K (53%)
----------------- Invoking toplevel() on ptolemy.moml.MoMLSimpleApplication@503bc603
----------------- Done invoking toplevel() on ptolemy.moml.MoMLSimpleApplication@503bc603
reloadAllAccessors: .arrayType2

===========================================================================================
----------------- testing Wed Nov 06 22:10:28 UTC 2019 /home/travis/build/icyphy/ptII/ptolemy/actor/lib/test/auto/arrayType20.xml
----------------- Instantiating /home/travis/build/icyphy/ptII/ptolemy/actor/lib/test/auto/arrayType20.xml
2 ms. Memory: 497664K Free: 260918K (52%)
----------------- Invoking toplevel() on ptolemy.moml.MoMLSimpleApplication@334a5ef5
----------------- Done invoking toplevel() on ptolemy.moml.MoMLSimpleApplication@334a5ef5
reloadAllAccessors: .arrayType20

===========================================================================================
----------------- testing Wed Nov 06 22:10:28 UTC 2019 /home/travis/build/icyphy/ptII/ptolemy/actor/lib/test/auto/arrayType21.xml
----------------- Instantiating /home/travis/build/icyphy/ptII/ptolemy/actor/lib/test/auto/arrayType21.xml
2 ms. Memory: 497664K Free: 255798K (51%)
----------------- Invoking toplevel() on ptolemy.moml.MoMLSimpleApplication@2d130ced
----------------- Done invoking toplevel() on ptolemy.moml.MoMLSimpleApplication@2d130ced
reloadAllAccessors: .arrayType21

===========================================================================================
----------------- testing Wed Nov 06 22:10:28 UTC 2019 /home/travis/build/icyphy/ptII/ptolemy/actor/lib/test/auto/arrayType22.xml
----------------- Instantiating /home/travis/build/icyphy/ptII/ptolemy/actor/lib/test/auto/arrayType22.xml
2 ms. Memory: 497664K Free: 251192K (50%)
----------------- Invoking toplevel() on ptolemy.moml.MoMLSimpleApplication@2009d22e
----------------- Done invoking toplevel() on ptolemy.moml.MoMLSimpleApplication@2009d22e
reloadAllAccessors: .arrayType22

===========================================================================================
----------------- testing Wed Nov 06 22:10:28 UTC 2019 /home/travis/build/icyphy/ptII/ptolemy/actor/lib/test/auto/arrayType23.xml
----------------- Instantiating /home/travis/build/icyphy/ptII/ptolemy/actor/lib/test/auto/arrayType23.xml
3 ms. Memory: 497664K Free: 246072K (49%)
----------------- Invoking toplevel() on ptolemy.moml.MoMLSimpleApplication@4044adbb
----------------- Done invoking toplevel() on ptolemy.moml.MoMLSimpleApplication@4044adbb
reloadAllAccessors: .arrayType23

===========================================================================================
----------------- testing Wed Nov 06 22:10:28 UTC 2019 /home/travis/build/icyphy/ptII/ptolemy/actor/lib/test/auto/arrayType24.xml
----------------- Instantiating /home/travis/build/icyphy/ptII/ptolemy/actor/lib/test/auto/arrayType24.xml
2 ms. Memory: 497664K Free: 241462K (49%)
----------------- Invoking toplevel() on ptolemy.moml.MoMLSimpleApplication@fe44f98
----------------- Done invoking toplevel() on ptolemy.moml.MoMLSimpleApplication@fe44f98
reloadAllAccessors: .arrayType24

===========================================================================================
----------------- testing Wed Nov 06 22:10:28 UTC 2019 /home/travis/build/icyphy/ptII/ptolemy/actor/lib/test/auto/arrayType25.xml
----------------- Instantiating /home/travis/build/icyphy/ptII/ptolemy/actor/lib/test/auto/arrayType25.xml
2 ms. Memory: 497664K Free: 235832K (47%)
----------------- Invoking toplevel() on ptolemy.moml.MoMLSimpleApplication@645fbc6e
----------------- Done invoking toplevel() on ptolemy.moml.MoMLSimpleApplication@645fbc6e
reloadAllAccessors: .arrayType25

===========================================================================================
----------------- testing Wed Nov 06 22:10:28 UTC 2019 /home/travis/build/icyphy/ptII/ptolemy/actor/lib/test/auto/arrayType26.xml
----------------- Instantiating /home/travis/build/icyphy/ptII/ptolemy/actor/lib/test/auto/arrayType26.xml
4 ms. Memory: 497664K Free: 230712K (46%)
----------------- Invoking toplevel() on ptolemy.moml.MoMLSimpleApplication@195e25e1
----------------- Done invoking toplevel() on ptolemy.moml.MoMLSimpleApplication@195e25e1
reloadAllAccessors: .arrayType26

===========================================================================================
----------------- testing Wed Nov 06 22:10:28 UTC 2019 /home/travis/build/icyphy/ptII/ptolemy/actor/lib/test/auto/arrayType27.xml
----------------- Instantiating /home/travis/build/icyphy/ptII/ptolemy/actor/lib/test/auto/arrayType27.xml
2 ms. Memory: 497664K Free: 225592K (45%)
----------------- Invoking toplevel() on ptolemy.moml.MoMLSimpleApplication@5e766eba
----------------- Done invoking toplevel() on ptolemy.moml.MoMLSimpleApplication@5e766eba
reloadAllAccessors: .arrayType27

===========================================================================================
----------------- testing Wed Nov 06 22:10:28 UTC 2019 /home/travis/build/icyphy/ptII/ptolemy/actor/lib/test/auto/arrayType28.xml
----------------- Instantiating /home/travis/build/icyphy/ptII/ptolemy/actor/lib/test/auto/arrayType28.xml
1 ms. Memory: 497664K Free: 219958K (44%)
----------------- Invoking toplevel() on ptolemy.moml.MoMLSimpleApplication@c95e396
----------------- Done invoking toplevel() on ptolemy.moml.MoMLSimpleApplication@c95e396
reloadAllAccessors: .arrayType28

===========================================================================================
----------------- testing Wed Nov 06 22:10:28 UTC 2019 /home/travis/build/icyphy/ptII/ptolemy/actor/lib/test/auto/arrayType3.xml
----------------- Instantiating /home/travis/build/icyphy/ptII/ptolemy/actor/lib/test/auto/arrayType3.xml
7 ms. Memory: 497664K Free: 214838K (43%)
----------------- Invoking toplevel() on ptolemy.moml.MoMLSimpleApplication@643b86aa
----------------- Done invoking toplevel() on ptolemy.moml.MoMLSimpleApplication@643b86aa
reloadAllAccessors: .arrayType3

===========================================================================================
----------------- testing Wed Nov 06 22:10:28 UTC 2019 /home/travis/build/icyphy/ptII/ptolemy/actor/lib/test/auto/arrayType4.xml
----------------- Instantiating /home/travis/build/icyphy/ptII/ptolemy/actor/lib/test/auto/arrayType4.xml
2 ms. Memory: 497664K Free: 209208K (42%)
----------------- Invoking toplevel() on ptolemy.moml.MoMLSimpleApplication@4046e6
----------------- Done invoking toplevel() on ptolemy.moml.MoMLSimpleApplication@4046e6
reloadAllAccessors: .arrayType4

===========================================================================================
----------------- testing Wed Nov 06 22:10:29 UTC 2019 /home/travis/build/icyphy/ptII/ptolemy/actor/lib/test/auto/arrayType5.xml
----------------- Instantiating /home/travis/build/icyphy/ptII/ptolemy/actor/lib/test/auto/arrayType5.xml
2 ms. Memory: 497664K Free: 204088K (41%)
----------------- Invoking toplevel() on ptolemy.moml.MoMLSimpleApplication@6b84f36a
----------------- Done invoking toplevel() on ptolemy.moml.MoMLSimpleApplication@6b84f36a
reloadAllAccessors: .arrayType5

===========================================================================================
----------------- testing Wed Nov 06 22:10:29 UTC 2019 /home/travis/build/icyphy/ptII/ptolemy/actor/lib/test/auto/arrayType6.xml
----------------- Instantiating /home/travis/build/icyphy/ptII/ptolemy/actor/lib/test/auto/arrayType6.xml
1 ms. Memory: 497664K Free: 198968K (40%)
----------------- Invoking toplevel() on ptolemy.moml.MoMLSimpleApplication@2368579e
----------------- Done invoking toplevel() on ptolemy.moml.MoMLSimpleApplication@2368579e
reloadAllAccessors: .arrayType6

===========================================================================================
----------------- testing Wed Nov 06 22:10:29 UTC 2019 /home/travis/build/icyphy/ptII/ptolemy/actor/lib/test/auto/arrayType7.xml
----------------- Instantiating /home/travis/build/icyphy/ptII/ptolemy/actor/lib/test/auto/arrayType7.xml
1 ms. Memory: 497664K Free: 194358K (39%)
----------------- Invoking toplevel() on ptolemy.moml.MoMLSimpleApplication@61afdec8
----------------- Done invoking toplevel() on ptolemy.moml.MoMLSimpleApplication@61afdec8
reloadAllAccessors: .arrayType7

===========================================================================================
----------------- testing Wed Nov 06 22:10:29 UTC 2019 /home/travis/build/icyphy/ptII/ptolemy/actor/lib/test/auto/arrayType8.xml
----------------- Instantiating /home/travis/build/icyphy/ptII/ptolemy/actor/lib/test/auto/arrayType8.xml
3 ms. Memory: 497664K Free: 189238K (38%)
----------------- Invoking toplevel() on ptolemy.moml.MoMLSimpleApplication@1d6c7043
----------------- Done invoking toplevel() on ptolemy.moml.MoMLSimpleApplication@1d6c7043
reloadAllAccessors: .arrayType8

===========================================================================================
----------------- testing Wed Nov 06 22:10:29 UTC 2019 /home/travis/build/icyphy/ptII/ptolemy/actor/lib/test/auto/arrayType9.xml
----------------- Instantiating /home/travis/build/icyphy/ptII/ptolemy/actor/lib/test/auto/arrayType9.xml
8 ms. Memory: 497664K Free: 184632K (37%)
----------------- Invoking toplevel() on ptolemy.moml.MoMLSimpleApplication@899583a
----------------- Done invoking toplevel() on ptolemy.moml.MoMLSimpleApplication@899583a
reloadAllAccessors: .arrayType9

===========================================================================================
----------------- testing Wed Nov 06 22:10:29 UTC 2019 /home/travis/build/icyphy/ptII/ptolemy/actor/lib/test/auto/cast.xml
----------------- Instantiating /home/travis/build/icyphy/ptII/ptolemy/actor/lib/test/auto/cast.xml
3 ms. Memory: 497664K Free: 179512K (36%)
----------------- Invoking toplevel() on ptolemy.moml.MoMLSimpleApplication@21b620db
----------------- Done invoking toplevel() on ptolemy.moml.MoMLSimpleApplication@21b620db
reloadAllAccessors: .cast

===========================================================================================
----------------- testing Wed Nov 06 22:10:29 UTC 2019 /home/travis/build/icyphy/ptII/ptolemy/actor/lib/test/auto/compositeMultiPort.xml
----------------- Instantiating /home/travis/build/icyphy/ptII/ptolemy/actor/lib/test/auto/compositeMultiPort.xml
4 ms. Memory: 497664K Free: 170806K (34%)
----------------- Invoking toplevel() on ptolemy.moml.MoMLSimpleApplication@7e65fa56
----------------- Done invoking toplevel() on ptolemy.moml.MoMLSimpleApplication@7e65fa56
reloadAllAccessors: .compositeMultiPort

===========================================================================================
----------------- testing Wed Nov 06 22:10:29 UTC 2019 /home/travis/build/icyphy/ptII/ptolemy/actor/lib/test/auto/expressionCastInference.xml
----------------- Instantiating /home/travis/build/icyphy/ptII/ptolemy/actor/lib/test/auto/expressionCastInference.xml
3 ms. Memory: 497664K Free: 165686K (33%)
----------------- Invoking toplevel() on ptolemy.moml.MoMLSimpleApplication@63d136fc
----------------- Done invoking toplevel() on ptolemy.moml.MoMLSimpleApplication@63d136fc
reloadAllAccessors: .expressionCastInference

===========================================================================================
----------------- testing Wed Nov 06 22:10:29 UTC 2019 /home/travis/build/icyphy/ptII/ptolemy/actor/lib/test/auto/expressionCastInference2.xml
----------------- Instantiating /home/travis/build/icyphy/ptII/ptolemy/actor/lib/test/auto/expressionCastInference2.xml
3 ms. Memory: 497664K Free: 161080K (32%)
----------------- Invoking toplevel() on ptolemy.moml.MoMLSimpleApplication@173ec24a
----------------- Done invoking toplevel() on ptolemy.moml.MoMLSimpleApplication@173ec24a
reloadAllAccessors: .expressionCastInference2

===========================================================================================
----------------- testing Wed Nov 06 22:10:29 UTC 2019 /home/travis/build/icyphy/ptII/ptolemy/actor/lib/test/auto/expressionInference.xml
----------------- Instantiating /home/travis/build/icyphy/ptII/ptolemy/actor/lib/test/auto/expressionInference.xml
1 ms. Memory: 497664K Free: 156470K (31%)
----------------- Invoking toplevel() on ptolemy.moml.MoMLSimpleApplication@f0e0fcb
----------------- Done invoking toplevel() on ptolemy.moml.MoMLSimpleApplication@f0e0fcb
reloadAllAccessors: .expressionInference

===========================================================================================
----------------- testing Wed Nov 06 22:10:29 UTC 2019 /home/travis/build/icyphy/ptII/ptolemy/actor/lib/test/auto/expression_bug.xml
----------------- Instantiating /home/travis/build/icyphy/ptII/ptolemy/actor/lib/test/auto/expression_bug.xml
30 ms. Memory: 497664K Free: 444666K (89%)
----------------- Invoking toplevel() on ptolemy.moml.MoMLSimpleApplication@5e89e9a6
----------------- Done invoking toplevel() on ptolemy.moml.MoMLSimpleApplication@5e89e9a6
reloadAllAccessors: .expression_bug

===========================================================================================
----------------- testing Wed Nov 06 22:10:29 UTC 2019 /home/travis/build/icyphy/ptII/ptolemy/actor/lib/test/auto/factorial.xml
----------------- Instantiating /home/travis/build/icyphy/ptII/ptolemy/actor/lib/test/auto/factorial.xml
47 ms. Memory: 497664K Free: 434940K (87%)
----------------- Invoking toplevel() on ptolemy.moml.MoMLSimpleApplication@2fc14a51
----------------- Done invoking toplevel() on ptolemy.moml.MoMLSimpleApplication@2fc14a51
reloadAllAccessors: .factorial

===========================================================================================
----------------- testing Wed Nov 06 22:10:29 UTC 2019 /home/travis/build/icyphy/ptII/ptolemy/actor/lib/test/auto/filterTest1.xml
----------------- Instantiating /home/travis/build/icyphy/ptII/ptolemy/actor/lib/test/auto/filterTest1.xml
4 ms. Memory: 497664K Free: 429306K (86%)
----------------- Invoking toplevel() on ptolemy.moml.MoMLSimpleApplication@4e0a219c
----------------- Done invoking toplevel() on ptolemy.moml.MoMLSimpleApplication@4e0a219c
reloadAllAccessors: .filterTest1

===========================================================================================
----------------- testing Wed Nov 06 22:10:29 UTC 2019 /home/travis/build/icyphy/ptII/ptolemy/actor/lib/test/auto/funcApplyInConst.xml
----------------- Instantiating /home/travis/build/icyphy/ptII/ptolemy/actor/lib/test/auto/funcApplyInConst.xml
2 ms. Memory: 497664K Free: 425210K (85%)
----------------- Invoking toplevel() on ptolemy.moml.MoMLSimpleApplication@542b1229
----------------- Done invoking toplevel() on ptolemy.moml.MoMLSimpleApplication@542b1229
reloadAllAccessors: .funcApplyInConst

===========================================================================================
----------------- testing Wed Nov 06 22:10:29 UTC 2019 /home/travis/build/icyphy/ptII/ptolemy/actor/lib/test/auto/funcApplyInExpr.xml
----------------- Instantiating /home/travis/build/icyphy/ptII/ptolemy/actor/lib/test/auto/funcApplyInExpr.xml
5 ms. Memory: 497664K Free: 421628K (85%)
----------------- Invoking toplevel() on ptolemy.moml.MoMLSimpleApplication@2b73725a
----------------- Done invoking toplevel() on ptolemy.moml.MoMLSimpleApplication@2b73725a
reloadAllAccessors: .funcApplyInExpr

===========================================================================================
----------------- testing Wed Nov 06 22:10:29 UTC 2019 /home/travis/build/icyphy/ptII/ptolemy/actor/lib/test/auto/function.xml
----------------- Instantiating /home/travis/build/icyphy/ptII/ptolemy/actor/lib/test/auto/function.xml
2 ms. Memory: 497664K Free: 416508K (84%)
----------------- Invoking toplevel() on ptolemy.moml.MoMLSimpleApplication@f7fecc2
----------------- Done invoking toplevel() on ptolemy.moml.MoMLSimpleApplication@f7fecc2
reloadAllAccessors: .function

===========================================================================================
----------------- testing Wed Nov 06 22:10:29 UTC 2019 /home/travis/build/icyphy/ptII/ptolemy/actor/lib/test/auto/function2.xml
----------------- Instantiating /home/travis/build/icyphy/ptII/ptolemy/actor/lib/test/auto/function2.xml
2 ms. Memory: 497664K Free: 411898K (83%)
----------------- Invoking toplevel() on ptolemy.moml.MoMLSimpleApplication@5bf02c34
----------------- Done invoking toplevel() on ptolemy.moml.MoMLSimpleApplication@5bf02c34
reloadAllAccessors: .function2

===========================================================================================
----------------- testing Wed Nov 06 22:10:29 UTC 2019 /home/travis/build/icyphy/ptII/ptolemy/actor/lib/test/auto/function3.xml
----------------- Instantiating /home/travis/build/icyphy/ptII/ptolemy/actor/lib/test/auto/function3.xml
2 ms. Memory: 497664K Free: 407802K (82%)
----------------- Invoking toplevel() on ptolemy.moml.MoMLSimpleApplication@7cbaafa7
----------------- Done invoking toplevel() on ptolemy.moml.MoMLSimpleApplication@7cbaafa7
reloadAllAccessors: .function3

===========================================================================================
----------------- testing Wed Nov 06 22:10:29 UTC 2019 /home/travis/build/icyphy/ptII/ptolemy/actor/lib/test/auto/functionClosureTest1.xml
----------------- Instantiating /home/travis/build/icyphy/ptII/ptolemy/actor/lib/test/auto/functionClosureTest1.xml
2 ms. Memory: 497664K Free: 402172K (81%)
----------------- Invoking toplevel() on ptolemy.moml.MoMLSimpleApplication@5fd01bbd
----------------- Done invoking toplevel() on ptolemy.moml.MoMLSimpleApplication@5fd01bbd
reloadAllAccessors: .functionClosureTest1

===========================================================================================
----------------- testing Wed Nov 06 22:10:29 UTC 2019 /home/travis/build/icyphy/ptII/ptolemy/actor/lib/test/auto/functionClosureTest2.xml
----------------- Instantiating /home/travis/build/icyphy/ptII/ptolemy/actor/lib/test/auto/functionClosureTest2.xml
2 ms. Memory: 497664K Free: 398076K (80%)
----------------- Invoking toplevel() on ptolemy.moml.MoMLSimpleApplication@68243ff6
----------------- Done invoking toplevel() on ptolemy.moml.MoMLSimpleApplication@68243ff6
reloadAllAccessors: .functionClosureTest2

===========================================================================================
----------------- testing Wed Nov 06 22:10:29 UTC 2019 /home/travis/build/icyphy/ptII/ptolemy/actor/lib/test/auto/functionClosureTest3.xml
----------------- Instantiating /home/travis/build/icyphy/ptII/ptolemy/actor/lib/test/auto/functionClosureTest3.xml
3 ms. Memory: 497664K Free: 392956K (79%)
----------------- Invoking toplevel() on ptolemy.moml.MoMLSimpleApplication@76e3a45c
----------------- Done invoking toplevel() on ptolemy.moml.MoMLSimpleApplication@76e3a45c
reloadAllAccessors: .functionClosureTest3

===========================================================================================
----------------- testing Wed Nov 06 22:10:29 UTC 2019 /home/travis/build/icyphy/ptII/ptolemy/actor/lib/test/auto/functionClosureTest4.xml
----------------- Instantiating /home/travis/build/icyphy/ptII/ptolemy/actor/lib/test/auto/functionClosureTest4.xml
5 ms. Memory: 497664K Free: 386298K (78%)
----------------- Invoking toplevel() on ptolemy.moml.MoMLSimpleApplication@5dda298d
----------------- Done invoking toplevel() on ptolemy.moml.MoMLSimpleApplication@5dda298d
reloadAllAccessors: .functionClosureTest4

===========================================================================================
----------------- testing Wed Nov 06 22:10:29 UTC 2019 /home/travis/build/icyphy/ptII/ptolemy/actor/lib/test/auto/functionClosureTest5.xml
----------------- Instantiating /home/travis/build/icyphy/ptII/ptolemy/actor/lib/test/auto/functionClosureTest5.xml
5 ms. Memory: 497664K Free: 381164K (77%)
----------------- Invoking toplevel() on ptolemy.moml.MoMLSimpleApplication@3fd98f7e
----------------- Done invoking toplevel() on ptolemy.moml.MoMLSimpleApplication@3fd98f7e
reloadAllAccessors: .functionClosureTest5

===========================================================================================
----------------- testing Wed Nov 06 22:10:29 UTC 2019 /home/travis/build/icyphy/ptII/ptolemy/actor/lib/test/auto/functionClosureTest6.xml
----------------- Instantiating /home/travis/build/icyphy/ptII/ptolemy/actor/lib/test/auto/functionClosureTest6.xml
3 ms. Memory: 497664K Free: 376052K (76%)
----------------- Invoking toplevel() on ptolemy.moml.MoMLSimpleApplication@66959042
----------------- Done invoking toplevel() on ptolemy.moml.MoMLSimpleApplication@66959042
reloadAllAccessors: .functionClosureTest6

===========================================================================================
----------------- testing Wed Nov 06 22:10:29 UTC 2019 /home/travis/build/icyphy/ptII/ptolemy/actor/lib/test/auto/functionsOnArcs.xml
----------------- Instantiating /home/travis/build/icyphy/ptII/ptolemy/actor/lib/test/auto/functionsOnArcs.xml
3 ms. Memory: 497664K Free: 370428K (74%)
----------------- Invoking toplevel() on ptolemy.moml.MoMLSimpleApplication@760cf189
----------------- Done invoking toplevel() on ptolemy.moml.MoMLSimpleApplication@760cf189
reloadAllAccessors: .functionsOnArcs

===========================================================================================
----------------- testing Wed Nov 06 22:10:29 UTC 2019 /home/travis/build/icyphy/ptII/ptolemy/actor/lib/test/auto/functionsOnArcsHOF.xml
----------------- Instantiating /home/travis/build/icyphy/ptII/ptolemy/actor/lib/test/auto/functionsOnArcsHOF.xml
4 ms. Memory: 497664K Free: 364794K (73%)
----------------- Invoking toplevel() on ptolemy.moml.MoMLSimpleApplication@44e0ac9b
----------------- Done invoking toplevel() on ptolemy.moml.MoMLSimpleApplication@44e0ac9b
reloadAllAccessors: .functionsOnArcsHOF

===========================================================================================
----------------- testing Wed Nov 06 22:10:29 UTC 2019 /home/travis/build/icyphy/ptII/ptolemy/actor/lib/test/auto/logic.xml
----------------- Instantiating /home/travis/build/icyphy/ptII/ptolemy/actor/lib/test/auto/logic.xml
3 ms. Memory: 497664K Free: 357116K (72%)
----------------- Invoking toplevel() on ptolemy.moml.MoMLSimpleApplication@e35848d
----------------- Done invoking toplevel() on ptolemy.moml.MoMLSimpleApplication@e35848d
reloadAllAccessors: .logic

===========================================================================================
----------------- testing Wed Nov 06 22:10:29 UTC 2019 /home/travis/build/icyphy/ptII/ptolemy/actor/lib/test/auto/matrixType.xml
----------------- Instantiating /home/travis/build/icyphy/ptII/ptolemy/actor/lib/test/auto/matrixType.xml
2 ms. Memory: 497664K Free: 351996K (71%)
----------------- Invoking toplevel() on ptolemy.moml.MoMLSimpleApplication@1098f04f
----------------- Done invoking toplevel() on ptolemy.moml.MoMLSimpleApplication@1098f04f
reloadAllAccessors: .matrixType

===========================================================================================
----------------- testing Wed Nov 06 22:10:29 UTC 2019 /home/travis/build/icyphy/ptII/ptolemy/actor/lib/test/auto/matrixType10.xml
----------------- Instantiating /home/travis/build/icyphy/ptII/ptolemy/actor/lib/test/auto/matrixType10.xml
2 ms. Memory: 497664K Free: 346876K (70%)
----------------- Invoking toplevel() on ptolemy.moml.MoMLSimpleApplication@dff7340
----------------- Done invoking toplevel() on ptolemy.moml.MoMLSimpleApplication@dff7340
reloadAllAccessors: .matrixType10

===========================================================================================
----------------- testing Wed Nov 06 22:10:29 UTC 2019 /home/travis/build/icyphy/ptII/ptolemy/actor/lib/test/auto/matrixType11.xml
----------------- Instantiating /home/travis/build/icyphy/ptII/ptolemy/actor/lib/test/auto/matrixType11.xml
2 ms. Memory: 497664K Free: 342266K (69%)
----------------- Invoking toplevel() on ptolemy.moml.MoMLSimpleApplication@5820c3c1
----------------- Done invoking toplevel() on ptolemy.moml.MoMLSimpleApplication@5820c3c1
reloadAllAccessors: .matrixType11

===========================================================================================
----------------- testing Wed Nov 06 22:10:29 UTC 2019 /home/travis/build/icyphy/ptII/ptolemy/actor/lib/test/auto/matrixType12.xml
----------------- Instantiating /home/travis/build/icyphy/ptII/ptolemy/actor/lib/test/auto/matrixType12.xml
1 ms. Memory: 497664K Free: 337146K (68%)
----------------- Invoking toplevel() on ptolemy.moml.MoMLSimpleApplication@58677283
----------------- Done invoking toplevel() on ptolemy.moml.MoMLSimpleApplication@58677283
reloadAllAccessors: .matrixType12

===========================================================================================
----------------- testing Wed Nov 06 22:10:29 UTC 2019 /home/travis/build/icyphy/ptII/ptolemy/actor/lib/test/auto/matrixType13.xml
----------------- Instantiating /home/travis/build/icyphy/ptII/ptolemy/actor/lib/test/auto/matrixType13.xml
2 ms. Memory: 497664K Free: 332026K (67%)
----------------- Invoking toplevel() on ptolemy.moml.MoMLSimpleApplication@680b3adb
----------------- Done invoking toplevel() on ptolemy.moml.MoMLSimpleApplication@680b3adb
reloadAllAccessors: .matrixType13

===========================================================================================
----------------- testing Wed Nov 06 22:10:29 UTC 2019 /home/travis/build/icyphy/ptII/ptolemy/actor/lib/test/auto/matrixType14.xml
----------------- Instantiating /home/travis/build/icyphy/ptII/ptolemy/actor/lib/test/auto/matrixType14.xml
2 ms. Memory: 497664K Free: 326892K (66%)
----------------- Invoking toplevel() on ptolemy.moml.MoMLSimpleApplication@740b44eb
----------------- Done invoking toplevel() on ptolemy.moml.MoMLSimpleApplication@740b44eb
reloadAllAccessors: .matrixType14

===========================================================================================
----------------- testing Wed Nov 06 22:10:29 UTC 2019 /home/travis/build/icyphy/ptII/ptolemy/actor/lib/test/auto/matrixType2.xml
----------------- Instantiating /home/travis/build/icyphy/ptII/ptolemy/actor/lib/test/auto/matrixType2.xml
2 ms. Memory: 497664K Free: 321786K (65%)
----------------- Invoking toplevel() on ptolemy.moml.MoMLSimpleApplication@5ef9c1af
----------------- Done invoking toplevel() on ptolemy.moml.MoMLSimpleApplication@5ef9c1af
reloadAllAccessors: .matrixType2

===========================================================================================
----------------- testing Wed Nov 06 22:10:29 UTC 2019 /home/travis/build/icyphy/ptII/ptolemy/actor/lib/test/auto/matrixType3.xml
----------------- Instantiating /home/travis/build/icyphy/ptII/ptolemy/actor/lib/test/auto/matrixType3.xml
5 ms. Memory: 497664K Free: 317180K (64%)
----------------- Invoking toplevel() on ptolemy.moml.MoMLSimpleApplication@65f097a9
----------------- Done invoking toplevel() on ptolemy.moml.MoMLSimpleApplication@65f097a9
reloadAllAccessors: .matrixType3

===========================================================================================
----------------- testing Wed Nov 06 22:10:29 UTC 2019 /home/travis/build/icyphy/ptII/ptolemy/actor/lib/test/auto/matrixType4.xml
----------------- Instantiating /home/travis/build/icyphy/ptII/ptolemy/actor/lib/test/auto/matrixType4.xml
2 ms. Memory: 497664K Free: 312060K (63%)
----------------- Invoking toplevel() on ptolemy.moml.MoMLSimpleApplication@1e7a4600
----------------- Done invoking toplevel() on ptolemy.moml.MoMLSimpleApplication@1e7a4600
reloadAllAccessors: .matrixType4

===========================================================================================
----------------- testing Wed Nov 06 22:10:29 UTC 2019 /home/travis/build/icyphy/ptII/ptolemy/actor/lib/test/auto/matrixType5.xml
----------------- Instantiating /home/travis/build/icyphy/ptII/ptolemy/actor/lib/test/auto/matrixType5.xml
2 ms. Memory: 497664K Free: 307450K (62%)
----------------- Invoking toplevel() on ptolemy.moml.MoMLSimpleApplication@2205ab39
----------------- Done invoking toplevel() on ptolemy.moml.MoMLSimpleApplication@2205ab39
reloadAllAccessors: .matrixType5

===========================================================================================
----------------- testing Wed Nov 06 22:10:29 UTC 2019 /home/travis/build/icyphy/ptII/ptolemy/actor/lib/test/auto/matrixType6.xml
----------------- Instantiating /home/travis/build/icyphy/ptII/ptolemy/actor/lib/test/auto/matrixType6.xml
2 ms. Memory: 497664K Free: 302330K (61%)
----------------- Invoking toplevel() on ptolemy.moml.MoMLSimpleApplication@f6f9e44
----------------- Done invoking toplevel() on ptolemy.moml.MoMLSimpleApplication@f6f9e44
reloadAllAccessors: .matrixType6

===========================================================================================
----------------- testing Wed Nov 06 22:10:29 UTC 2019 /home/travis/build/icyphy/ptII/ptolemy/actor/lib/test/auto/matrixType7.xml
----------------- Instantiating /home/travis/build/icyphy/ptII/ptolemy/actor/lib/test/auto/matrixType7.xml
2 ms. Memory: 497664K Free: 297210K (60%)
----------------- Invoking toplevel() on ptolemy.moml.MoMLSimpleApplication@7d7e6403
----------------- Done invoking toplevel() on ptolemy.moml.MoMLSimpleApplication@7d7e6403
reloadAllAccessors: .matrixType7

===========================================================================================
----------------- testing Wed Nov 06 22:10:29 UTC 2019 /home/travis/build/icyphy/ptII/ptolemy/actor/lib/test/auto/matrixType8.xml
----------------- Instantiating /home/travis/build/icyphy/ptII/ptolemy/actor/lib/test/auto/matrixType8.xml
1 ms. Memory: 497664K Free: 292604K (59%)
----------------- Invoking toplevel() on ptolemy.moml.MoMLSimpleApplication@6877e2a7
----------------- Done invoking toplevel() on ptolemy.moml.MoMLSimpleApplication@6877e2a7
reloadAllAccessors: .matrixType8

===========================================================================================
----------------- testing Wed Nov 06 22:10:29 UTC 2019 /home/travis/build/icyphy/ptII/ptolemy/actor/lib/test/auto/matrixType9.xml
----------------- Instantiating /home/travis/build/icyphy/ptII/ptolemy/actor/lib/test/auto/matrixType9.xml
1 ms. Memory: 497664K Free: 287484K (58%)
----------------- Invoking toplevel() on ptolemy.moml.MoMLSimpleApplication@3341eaac
----------------- Done invoking toplevel() on ptolemy.moml.MoMLSimpleApplication@3341eaac
reloadAllAccessors: .matrixType9

===========================================================================================
----------------- testing Wed Nov 06 22:10:29 UTC 2019 /home/travis/build/icyphy/ptII/ptolemy/actor/lib/test/auto/paraFunctest.xml
----------------- Instantiating /home/travis/build/icyphy/ptII/ptolemy/actor/lib/test/auto/paraFunctest.xml
2 ms. Memory: 497664K Free: 283898K (57%)
----------------- Invoking toplevel() on ptolemy.moml.MoMLSimpleApplication@3380e15e
----------------- Done invoking toplevel() on ptolemy.moml.MoMLSimpleApplication@3380e15e
reloadAllAccessors: .paraFunctest

===========================================================================================
----------------- testing Wed Nov 06 22:10:29 UTC 2019 /home/travis/build/icyphy/ptII/ptolemy/actor/lib/test/auto/paraFunctest2.xml
----------------- Instantiating /home/travis/build/icyphy/ptII/ptolemy/actor/lib/test/auto/paraFunctest2.xml
2 ms. Memory: 497664K Free: 278778K (56%)
----------------- Invoking toplevel() on ptolemy.moml.MoMLSimpleApplication@4095c90e
----------------- Done invoking toplevel() on ptolemy.moml.MoMLSimpleApplication@4095c90e
reloadAllAccessors: .paraFunctest2

===========================================================================================
----------------- testing Wed Nov 06 22:10:29 UTC 2019 /home/travis/build/icyphy/ptII/ptolemy/actor/lib/test/auto/parameterPassing.xml
----------------- Instantiating /home/travis/build/icyphy/ptII/ptolemy/actor/lib/test/auto/parameterPassing.xml
1 ms. Memory: 497664K Free: 274172K (55%)
----------------- Invoking toplevel() on ptolemy.moml.MoMLSimpleApplication@3467fafc
----------------- Done invoking toplevel() on ptolemy.moml.MoMLSimpleApplication@3467fafc
reloadAllAccessors: .parameterPassing

===========================================================================================
----------------- testing Wed Nov 06 22:10:29 UTC 2019 /home/travis/build/icyphy/ptII/ptolemy/actor/lib/test/auto/record.xml
----------------- Instantiating /home/travis/build/icyphy/ptII/ptolemy/actor/lib/test/auto/record.xml
4 ms. Memory: 497664K Free: 269562K (54%)
----------------- Invoking toplevel() on ptolemy.moml.MoMLSimpleApplication@58f66a7f
----------------- Done invoking toplevel() on ptolemy.moml.MoMLSimpleApplication@58f66a7f
reloadAllAccessors: .record

===========================================================================================
----------------- testing Wed Nov 06 22:10:29 UTC 2019 /home/travis/build/icyphy/ptII/ptolemy/actor/lib/test/auto/sizedarray1.xml
----------------- Instantiating /home/travis/build/icyphy/ptII/ptolemy/actor/lib/test/auto/sizedarray1.xml
2 ms. Memory: 497664K Free: 263932K (53%)
----------------- Invoking toplevel() on ptolemy.moml.MoMLSimpleApplication@70fd6fd1
----------------- Done invoking toplevel() on ptolemy.moml.MoMLSimpleApplication@70fd6fd1
reloadAllAccessors: .sizedarray1

===========================================================================================
----------------- testing Wed Nov 06 22:10:29 UTC 2019 /home/travis/build/icyphy/ptII/ptolemy/actor/lib/test/auto/sizedarray2.xml
----------------- Instantiating /home/travis/build/icyphy/ptII/ptolemy/actor/lib/test/auto/sizedarray2.xml
3 ms. Memory: 497664K Free: 258812K (52%)
----------------- Invoking toplevel() on ptolemy.moml.MoMLSimpleApplication@27a919c1
----------------- Done invoking toplevel() on ptolemy.moml.MoMLSimpleApplication@27a919c1
reloadAllAccessors: .sizedarray2

===========================================================================================
----------------- testing Wed Nov 06 22:10:29 UTC 2019 /home/travis/build/icyphy/ptII/ptolemy/actor/lib/test/auto/twoPublishers.xml
----------------- Instantiating /home/travis/build/icyphy/ptII/ptolemy/actor/lib/test/auto/twoPublishers.xml
7 ms. Memory: 497664K Free: 248058K (50%)
----------------- Invoking toplevel() on ptolemy.moml.MoMLSimpleApplication@a41b7e9
----------------- Done invoking toplevel() on ptolemy.moml.MoMLSimpleApplication@a41b7e9
reloadAllAccessors: .twoPublishers
AutoTests.java: About to close Vertx.
AutoTests.java: Vertx closed.
]]></system-out>
  <system-err><![CDATA[java.lang.RuntimeException: Execution failed
	at ptolemy.moml.MoMLSimpleApplication$UnloadThread.run(MoMLSimpleApplication.java:402)
Caused by: java.lang.RuntimeException: StringUtilities.exit() was called. Normally, we would exit here because Manager.exitAfterWrapup() was called.  However, because the ptolemy.ptII.exitAfterWrapup property is set, we throw this exception instead.
	at ptolemy.util.StringUtilities.exit(StringUtilities.java:365)
	at ptolemy.actor.Manager.wrapup(Manager.java:1549)
	at ptolemy.actor.Manager.execute(Manager.java:407)
	at ptolemy.actor.Manager.run(Manager.java:1263)
	at ptolemy.actor.Manager$PtolemyRunThread.run(Manager.java:1933)
Warning: '.top.test' is in training mode, set the trainingMode parameter to false before checking in
Warning: '.top.test' is in training mode, set the trainingMode parameter to false before checking in
Warning: '.top.test' is in training mode, set the trainingMode parameter to false before checking in
Warning: '.BooleanSwitch_RegressionTest_WrongTrainingValues.Test' is in training mode, set the trainingMode parameter to false before checking in
Warning: '.BooleanSwitch_RegressionTest_WrongTrainingValues.Test2' is in training mode, set the trainingMode parameter to false before checking in
Warning: '.BooleanSwitch_RegressionTest_WrongTrainingValues.Test2' The test produced 0 tokens.
Warning: '.top.testExceptionHandler' is in training mode, set the trainingMode parameter to false before checking in
java.lang.RuntimeException: Execution failed
	at ptolemy.moml.MoMLSimpleApplication$UnloadThread.run(MoMLSimpleApplication.java:402)
Caused by: ptolemy.kernel.util.IllegalActionException: PublisherPorts cannot be used at the top level, use a Publisher actor instead.
  in .PublisherPortToplevelSubscriber.PublisherPort
	at ptolemy.actor.PublisherPort.preinitialize(PublisherPort.java:403)
	at ptolemy.actor.CompositeActor.preinitialize(CompositeActor.java:1769)
	at ptolemy.actor.Manager.preinitializeAndResolveTypes(Manager.java:1040)
	at ptolemy.actor.Manager.initialize(Manager.java:710)
	at ptolemy.actor.Manager.execute(Manager.java:356)
	at ptolemy.actor.Manager.run(Manager.java:1263)
	at ptolemy.actor.Manager$PtolemyRunThread.run(Manager.java:1933)
java.lang.reflect.InvocationTargetException
	at java.base/jdk.internal.reflect.NativeConstructorAccessorImpl.newInstance0(Native Method)
	at java.base/jdk.internal.reflect.NativeConstructorAccessorImpl.newInstance(NativeConstructorAccessorImpl.java:62)
	at java.base/jdk.internal.reflect.DelegatingConstructorAccessorImpl.newInstance(DelegatingConstructorAccessorImpl.java:45)
	at java.base/java.lang.reflect.Constructor.newInstance(Constructor.java:490)
	at ptolemy.util.test.junit.AutoKnownFailedTests.RunModel(AutoKnownFailedTests.java:105)
	at java.base/jdk.internal.reflect.NativeMethodAccessorImpl.invoke0(Native Method)
	at java.base/jdk.internal.reflect.NativeMethodAccessorImpl.invoke(NativeMethodAccessorImpl.java:62)
	at java.base/jdk.internal.reflect.DelegatingMethodAccessorImpl.invoke(DelegatingMethodAccessorImpl.java:43)
	at java.base/java.lang.reflect.Method.invoke(Method.java:566)
	at org.junit.runners.model.FrameworkMethod$1.runReflectiveCall(FrameworkMethod.java:44)
	at org.junit.internal.runners.model.ReflectiveCallable.run(ReflectiveCallable.java:15)
	at org.junit.runners.model.FrameworkMethod.invokeExplosively(FrameworkMethod.java:41)
	at junitparams.internal.InvokeParameterisedMethod.evaluate(InvokeParameterisedMethod.java:102)
	at org.junit.internal.runners.statements.FailOnTimeout$1.run(FailOnTimeout.java:28)
Caused by: ptolemy.kernel.util.IllegalActionException: PublisherPorts cannot be used at the top level, use a Publisher actor instead.
  in .PublisherPortToplevelSubscriber.PublisherPort
	at ptolemy.actor.PublisherPort.preinitialize(PublisherPort.java:403)
	at ptolemy.actor.CompositeActor.preinitialize(CompositeActor.java:1769)
	at ptolemy.actor.Manager.preinitializeAndResolveTypes(Manager.java:1040)
	at ptolemy.actor.Manager.initialize(Manager.java:710)
	at ptolemy.actor.Manager.execute(Manager.java:356)
	at ptolemy.actor.Manager.run(Manager.java:1263)
	at ptolemy.actor.Manager$PtolemyRunThread.run(Manager.java:1933)
java.lang.RuntimeException: Execution failed
	at ptolemy.moml.MoMLSimpleApplication$UnloadThread.run(MoMLSimpleApplication.java:402)
Caused by: ptolemy.kernel.util.IllegalActionException: SubscriberPorts cannot be used at the top level, use a Subscriber actor instead.
  in .PublisherSubscriberPortToplevel.SubscriberPort
	at ptolemy.actor.SubscriberPort.preinitialize(SubscriberPort.java:328)
	at ptolemy.actor.CompositeActor.preinitialize(CompositeActor.java:1769)
	at ptolemy.actor.Manager.preinitializeAndResolveTypes(Manager.java:1040)
	at ptolemy.actor.Manager.initialize(Manager.java:710)
	at ptolemy.actor.Manager.execute(Manager.java:356)
	at ptolemy.actor.Manager.run(Manager.java:1263)
	at ptolemy.actor.Manager$PtolemyRunThread.run(Manager.java:1933)
java.lang.reflect.InvocationTargetException
	at java.base/jdk.internal.reflect.NativeConstructorAccessorImpl.newInstance0(Native Method)
	at java.base/jdk.internal.reflect.NativeConstructorAccessorImpl.newInstance(NativeConstructorAccessorImpl.java:62)
	at java.base/jdk.internal.reflect.DelegatingConstructorAccessorImpl.newInstance(DelegatingConstructorAccessorImpl.java:45)
	at java.base/java.lang.reflect.Constructor.newInstance(Constructor.java:490)
	at ptolemy.util.test.junit.AutoKnownFailedTests.RunModel(AutoKnownFailedTests.java:105)
	at java.base/jdk.internal.reflect.NativeMethodAccessorImpl.invoke0(Native Method)
	at java.base/jdk.internal.reflect.NativeMethodAccessorImpl.invoke(NativeMethodAccessorImpl.java:62)
	at java.base/jdk.internal.reflect.DelegatingMethodAccessorImpl.invoke(DelegatingMethodAccessorImpl.java:43)
	at java.base/java.lang.reflect.Method.invoke(Method.java:566)
	at org.junit.runners.model.FrameworkMethod$1.runReflectiveCall(FrameworkMethod.java:44)
	at org.junit.internal.runners.model.ReflectiveCallable.run(ReflectiveCallable.java:15)
	at org.junit.runners.model.FrameworkMethod.invokeExplosively(FrameworkMethod.java:41)
	at junitparams.internal.InvokeParameterisedMethod.evaluate(InvokeParameterisedMethod.java:102)
	at org.junit.internal.runners.statements.FailOnTimeout$1.run(FailOnTimeout.java:28)
Caused by: ptolemy.kernel.util.IllegalActionException: SubscriberPorts cannot be used at the top level, use a Subscriber actor instead.
  in .PublisherSubscriberPortToplevel.SubscriberPort
	at ptolemy.actor.SubscriberPort.preinitialize(SubscriberPort.java:328)
	at ptolemy.actor.CompositeActor.preinitialize(CompositeActor.java:1769)
	at ptolemy.actor.Manager.preinitializeAndResolveTypes(Manager.java:1040)
	at ptolemy.actor.Manager.initialize(Manager.java:710)
	at ptolemy.actor.Manager.execute(Manager.java:356)
	at ptolemy.actor.Manager.run(Manager.java:1263)
	at ptolemy.actor.Manager$PtolemyRunThread.run(Manager.java:1933)
java.lang.RuntimeException: Execution failed
	at ptolemy.moml.MoMLSimpleApplication$UnloadThread.run(MoMLSimpleApplication.java:402)
Caused by: ptolemy.kernel.util.IllegalActionException: SubscriptionAggregatorPorts cannot be used at the top level, use a SubscriptionAggregator actor instead.
  in .PublisherSubscriptionAggregatorPort.SubscriptionAggregatorPort
	at ptolemy.actor.SubscriptionAggregatorPort.preinitialize(SubscriptionAggregatorPort.java:353)
	at ptolemy.actor.CompositeActor.preinitialize(CompositeActor.java:1769)
	at ptolemy.actor.Manager.preinitializeAndResolveTypes(Manager.java:1040)
	at ptolemy.actor.Manager.initialize(Manager.java:710)
	at ptolemy.actor.Manager.execute(Manager.java:356)
	at ptolemy.actor.Manager.run(Manager.java:1263)
	at ptolemy.actor.Manager$PtolemyRunThread.run(Manager.java:1933)
java.lang.reflect.InvocationTargetException
	at java.base/jdk.internal.reflect.NativeConstructorAccessorImpl.newInstance0(Native Method)
	at java.base/jdk.internal.reflect.NativeConstructorAccessorImpl.newInstance(NativeConstructorAccessorImpl.java:62)
	at java.base/jdk.internal.reflect.DelegatingConstructorAccessorImpl.newInstance(DelegatingConstructorAccessorImpl.java:45)
	at java.base/java.lang.reflect.Constructor.newInstance(Constructor.java:490)
	at ptolemy.util.test.junit.AutoKnownFailedTests.RunModel(AutoKnownFailedTests.java:105)
	at java.base/jdk.internal.reflect.NativeMethodAccessorImpl.invoke0(Native Method)
	at java.base/jdk.internal.reflect.NativeMethodAccessorImpl.invoke(NativeMethodAccessorImpl.java:62)
	at java.base/jdk.internal.reflect.DelegatingMethodAccessorImpl.invoke(DelegatingMethodAccessorImpl.java:43)
	at java.base/java.lang.reflect.Method.invoke(Method.java:566)
	at org.junit.runners.model.FrameworkMethod$1.runReflectiveCall(FrameworkMethod.java:44)
	at org.junit.internal.runners.model.ReflectiveCallable.run(ReflectiveCallable.java:15)
	at org.junit.runners.model.FrameworkMethod.invokeExplosively(FrameworkMethod.java:41)
	at junitparams.internal.InvokeParameterisedMethod.evaluate(InvokeParameterisedMethod.java:102)
	at org.junit.internal.runners.statements.FailOnTimeout$1.run(FailOnTimeout.java:28)
Caused by: ptolemy.kernel.util.IllegalActionException: SubscriptionAggregatorPorts cannot be used at the top level, use a SubscriptionAggregator actor instead.
  in .PublisherSubscriptionAggregatorPort.SubscriptionAggregatorPort
	at ptolemy.actor.SubscriptionAggregatorPort.preinitialize(SubscriptionAggregatorPort.java:353)
	at ptolemy.actor.CompositeActor.preinitialize(CompositeActor.java:1769)
	at ptolemy.actor.Manager.preinitializeAndResolveTypes(Manager.java:1040)
	at ptolemy.actor.Manager.initialize(Manager.java:710)
	at ptolemy.actor.Manager.execute(Manager.java:356)
	at ptolemy.actor.Manager.run(Manager.java:1263)
	at ptolemy.actor.Manager$PtolemyRunThread.run(Manager.java:1933)
java.lang.RuntimeException: Execution failed
	at ptolemy.moml.MoMLSimpleApplication$UnloadThread.run(MoMLSimpleApplication.java:402)
Caused by: ptolemy.kernel.util.IllegalActionException: TypeTest actor has no training data.
  in .sizedarray3.TypeTest
	at ptolemy.actor.lib.TypeTest.initialize(TypeTest.java:250)
	at ptolemy.actor.Director.initialize(Director.java:938)
	at ptolemy.actor.Director.initialize(Director.java:907)
	at ptolemy.actor.sched.StaticSchedulingDirector.initialize(StaticSchedulingDirector.java:159)
	at ptolemy.domains.sdf.kernel.SDFDirector.initialize(SDFDirector.java:544)
	at ptolemy.actor.CompositeActor.initialize(CompositeActor.java:935)
	at ptolemy.actor.Manager.initialize(Manager.java:724)
	at ptolemy.actor.Manager.execute(Manager.java:356)
	at ptolemy.actor.Manager.run(Manager.java:1263)
	at ptolemy.actor.Manager$PtolemyRunThread.run(Manager.java:1933)
java.lang.reflect.InvocationTargetException
	at java.base/jdk.internal.reflect.NativeConstructorAccessorImpl.newInstance0(Native Method)
	at java.base/jdk.internal.reflect.NativeConstructorAccessorImpl.newInstance(NativeConstructorAccessorImpl.java:62)
	at java.base/jdk.internal.reflect.DelegatingConstructorAccessorImpl.newInstance(DelegatingConstructorAccessorImpl.java:45)
	at java.base/java.lang.reflect.Constructor.newInstance(Constructor.java:490)
	at ptolemy.util.test.junit.AutoKnownFailedTests.RunModel(AutoKnownFailedTests.java:105)
	at java.base/jdk.internal.reflect.NativeMethodAccessorImpl.invoke0(Native Method)
	at java.base/jdk.internal.reflect.NativeMethodAccessorImpl.invoke(NativeMethodAccessorImpl.java:62)
	at java.base/jdk.internal.reflect.DelegatingMethodAccessorImpl.invoke(DelegatingMethodAccessorImpl.java:43)
	at java.base/java.lang.reflect.Method.invoke(Method.java:566)
	at org.junit.runners.model.FrameworkMethod$1.runReflectiveCall(FrameworkMethod.java:44)
	at org.junit.internal.runners.model.ReflectiveCallable.run(ReflectiveCallable.java:15)
	at org.junit.runners.model.FrameworkMethod.invokeExplosively(FrameworkMethod.java:41)
	at junitparams.internal.InvokeParameterisedMethod.evaluate(InvokeParameterisedMethod.java:102)
	at org.junit.internal.runners.statements.FailOnTimeout$1.run(FailOnTimeout.java:28)
Caused by: ptolemy.kernel.util.IllegalActionException: TypeTest actor has no training data.
  in .sizedarray3.TypeTest
	at ptolemy.actor.lib.TypeTest.initialize(TypeTest.java:250)
	at ptolemy.actor.Director.initialize(Director.java:938)
	at ptolemy.actor.Director.initialize(Director.java:907)
	at ptolemy.actor.sched.StaticSchedulingDirector.initialize(StaticSchedulingDirector.java:159)
	at ptolemy.domains.sdf.kernel.SDFDirector.initialize(SDFDirector.java:544)
	at ptolemy.actor.CompositeActor.initialize(CompositeActor.java:935)
	at ptolemy.actor.Manager.initialize(Manager.java:724)
	at ptolemy.actor.Manager.execute(Manager.java:356)
	at ptolemy.actor.Manager.run(Manager.java:1263)
	at ptolemy.actor.Manager$PtolemyRunThread.run(Manager.java:1933)
]]></system-err>
</testsuite>
