<?xml version="1.0" encoding="UTF-8" ?>
<testsuite errors="0" failures="0" hostname="travis-job-0afc18ad-beff-48f5-9593-4e200142c7c4" name="ptolemy.domains.de.test.junit.JUnitTclTest" skipped="0" tests="101" time="128.063" timestamp="2019-06-08T04:31:27">
  <properties>
    <property name="npm.executable" value="npm" />
    <property name="file.encoding.pkg" value="sun.io" />
    <property name="env.TRAVIS_ROOT" value="/" />
    <property name="ptII.mk.exists" value="true" />
    <property name="env.TRAVIS_APP_HOST" value="build.travis-ci.org" />
    <property name="env.rvm_bin_path" value="/home/travis/.rvm/bin" />
    <property name="java.home" value="/usr/lib/jvm/java-8-oracle/jre" />
    <property name="env.TRAVIS_JOB_NUMBER" value="1161.9" />
    <property name="env.TRAVIS_HOME" value="/home/travis" />
    <property name="env.DISPLAY" value=":99.0" />
    <property name="java.net.preferIPv4Stack" value="true" />
    <property name="env.TRAVIS_INIT" value="upstart" />
    <property name="env.SSH_TTY" value="/dev/pts/0" />
    <property name="env.RUN_TESTS" value="true" />
    <property name="timeout.short" value="1000000" />
    <property name="env.TRAVIS_JOB_NAME" value="" />
    <property name="env.TRAVIS_STACK_NODE_ATTRIBUTES" value="/.node-attributes.yml" />
    <property name="junit.formatter" value="xml" />
    <property name="java.endorsed.dirs" value="/usr/lib/jvm/java-8-oracle/jre/lib/endorsed" />
    <property name="env.TRAVIS_SUDO" value="true" />
    <property name="env.LOGNAME" value="travis" />
    <property name="jsdoc.home" value="node_modules/@terraswarm/jsdoc" />
    <property name="debuglevel" value="source,lines,vars" />
    <property name="checkstyle.formatter" value="xml" />
    <property name="bin.vergil.makeable" value="true" />
    <property name="env._system_version" value="14.04" />
    <property name="sun.os.patch.level" value="unknown" />
    <property name="java.vendor.url" value="http://java.oracle.com/" />
    <property name="env.TRAVIS_BUILD_WEB_URL" value="https://travis-ci.org/icyphy/ptII/builds/543042170" />
    <property name="java.version" value="1.8.0_151" />
    <property name="env.TZ" value="UTC" />
    <property name="env.PT_NO_NET" value="true" />
    <property name="env.TRAVIS_PULL_REQUEST_SHA" value="" />
    <property name="env.TRAVIS_SECURE_ENV_VARS" value="true" />
    <property name="env._system_type" value="Linux" />
    <property name="java.vendor.url.bug" value="http://bugreport.sun.com/bugreport/" />
    <property name="env.SSH_CLIENT" value="10.10.16.24 54508 22" />
    <property name="npmjs-org-is-up" value="true" />
    <property name="env.GEM_HOME" value="/home/travis/.rvm/gems/ruby-2.4.1" />
    <property name="env.HAS_ANTARES_THREE_LITTLE_FRONZIES_BADGE" value="true" />
    <property name="env.PS4" value="+" />
    <property name="ant.project.invoked-targets" value="build,test.core2.xml" />
    <property name="env.TRAVIS_PULL_REQUEST_BRANCH" value="" />
    <property name="env.TRAVIS_REPO_SLUG" value="icyphy/ptII" />
    <property name="env.TRAVIS_APT_PROXY" value="http://apt.cache.travis-ci.com" />
    <property name="node.in.path" value="true" />
    <property name="java.maxmemory" value="1400m" />
    <property name="env.RUBY_VERSION" value="ruby-2.4.1" />
    <property name="user.name" value="travis" />
    <property name="env.LANG" value="en_US.UTF-8" />
    <property name="sun.io.unicode.encoding" value="UnicodeLittle" />
    <property name="sun.jnu.encoding" value="UTF-8" />
    <property name="java.runtime.name" value="Java(TM) SE Runtime Environment" />
    <property name="usefile" value="false" />
    <property name="return.code" value="0" />
    <property name="junit.single.formatter" value="plain" />
    <property name="env.DEBIAN_FRONTEND" value="noninteractive" />
    <property name="env.SSH_CONNECTION" value="10.10.16.24 54508 10.20.0.235 22" />
    <property name="env.MYSQL_UNIX_PORT" value="/var/run/mysqld/mysqld.sock" />
    <property name="env.TRAVIS_ALLOW_FAILURE" value="false" />
    <property name="env.LC_ALL" value="en_US.UTF-8" />
    <property name="env.TRAVIS_JOB_WEB_URL" value="https://travis-ci.org/icyphy/ptII/jobs/543042179" />
    <property name="java.specification.name" value="Java Platform API Specification" />
    <property name="node.works" value="true" />
    <property name="user.timezone" value="" />
    <property name="path.separator" value=":" />
    <property name="env.TRAVIS_ENABLE_INFRA_DETECTION" value="true" />
    <property name="env.PYTHON_CFLAGS" value="-g -fstack-protector --param=ssp-buffer-size=4 -Wformat -Werror=format-security" />
    <property name="timeout.long" value="4000000" />
    <property name="file.encoding" value="UTF-8" />
    <property name="ant.file.ptII" value="/home/travis/build/icyphy/ptII/build.xml" />
    <property name="javadoc.packagenames" value="com.*,diva.*,lbnl.*,org.hlacerti.*,org.json.*,org.ptolemy.*,org.terraswarm.*,ptolemy.*,ptserver.*" />
    <property name="env.TRAVIS_PULL_REQUEST_SLUG" value="" />
    <property name="ant.project.default-target" value="build" />
    <property name="env.GIT_ASKPASS" value="echo" />
    <property name="env.HOME" value="/home/travis" />
    <property name="sun.java.command" value="org.apache.tools.ant.taskdefs.optional.junit.JUnitTestRunner ptolemy.domains.de.test.junit.JUnitTclTest skipNonTests=false filtertrace=true haltOnError=false haltOnFailure=false formatter=org.apache.tools.ant.taskdefs.optional.junit.OutErrSummaryJUnitResultFormatter showoutput=true outputtoformatters=true logfailedtests=true threadid=0 logtestlistenerevents=false formatter=org.apache.tools.ant.taskdefs.optional.junit.XMLJUnitResultFormatter,/home/travis/build/icyphy/ptII/reports/junit/TEST-ptolemy.domains.de.test.junit.JUnitTclTest.xml crashfile=/home/travis/build/icyphy/ptII/junitvmwatcher3088924628214437233.properties propsfile=/home/travis/build/icyphy/ptII/junit544620427993374904.properties" />
    <property name="env.MANPATH" value="/home/travis/.nvm/versions/node/v7.10.1/share/man:/home/travis/.kiex/elixirs/elixir-1.4.5/man:/home/travis/.rvm/rubies/ruby-2.4.1/share/man:/usr/local/man:/usr/local/cmake-3.9.2/man:/usr/local/clang-5.0.0/share/man:/usr/local/share/man:/usr/share/man:/home/travis/.rvm/man" />
    <property name="env.COMPOSER_NO_INTERACTION" value="1" />
    <property name="env.JDK_SWITCHER_DEFAULT" value="oraclejdk8" />
    <property name="env.TRAVIS_TIMER_ID" value="02f847a2" />
    <property name="ant.file" value="/home/travis/build/icyphy/ptII/build.xml" />
    <property name="env.TRAVIS_COMMIT_RANGE" value="e5126a4801df799845d5f4b52ce416921306d716...21a84221cb4bcd37fabfbb95be95dcadf98df169" />
    <property name="env._system_name" value="Ubuntu" />
    <property name="timeout" value="2400000" />
    <property name="ptII.classpath.optional.property" value="/home/travis/build/icyphy/ptII/lib/bsh-2.0b4.jar:/home/travis/build/icyphy/ptII/lib/ptCal.jar:/home/travis/build/icyphy/ptII/lib/java_cup.jar:/home/travis/build/icyphy/ptII/lib/saxon8.jar:/home/travis/build/icyphy/ptII/lib/saxon8-dom.jar:/home/travis/build/icyphy/ptII/lib/chic.jar:/home/travis/build/icyphy/ptII/lib/ptcolt.jar:/usr/lib/jvm/java-8-oracle/lib/tools.jar:/home/travis/build/icyphy/ptII/vendors/misc/itext/iText.jar:/home/travis/build/icyphy/ptII/lib/g4ltl.jar:/home/travis/build/icyphy/ptII/lib/StructuralCoder.jar:/home/travis/build/icyphy/ptII/vendors/jai-1_1_2_01/lib/jai_core.jar:/home/travis/build/icyphy/ptII/vendors/jai-1_1_2_01/lib/jai_codec.jar:/home/travis/build/icyphy/ptII/lib/jcerti.jar:/home/travis/build/icyphy/ptII/lib/javax.mail.jar:/home/travis/build/icyphy/ptII/vendors/JMF-2.1.1e/lib/jmf.jar:/home/travis/build/icyphy/ptII/lib/jna-4.0.0-variadic.jar:/home/travis/build/icyphy/ptII/vendors/misc/joystick/Joystick.jar:/home/travis/build/icyphy/ptII/lib/ptjacl.jar:/home/travis/build/icyphy/ptII/lib/jsoup-1.8.2.jar:/home/travis/build/icyphy/ptII/lib/junit-4.8.2.jar:/home/travis/build/icyphy/ptII/lib/JUnitParams-0.4.0.jar:/home/travis/build/icyphy/ptII/ptolemy/actor/lib/excel/jxl.jar:/home/travis/build/icyphy/ptII/lib/jython.jar:/home/travis/build/icyphy/ptII/lib/kieler.jar:/home/travis/build/icyphy/ptII/vendors/opencv/share/OpenCV/java/opencv-341.jar:/home/travis/build/icyphy/ptII/lib/oscP5.jar:/home/travis/build/icyphy/ptII/lib/nrjavaserial-3.11.0.devel.jar:/home/travis/build/icyphy/ptII/vendors/j3d/lib/j3dcore.jar:/home/travis/build/icyphy/ptII/vendors/j3d/lib/j3dutils.jar:/home/travis/build/icyphy/ptII/vendors/j3d/lib/vecmath.jar:/home/travis/build/icyphy/ptII/ptolemy/distributed/jini/jar/jini-core.jar:/home/travis/build/icyphy/ptII/ptolemy/distributed/jini/jar/jini-ext.jar:/home/travis/build/icyphy/ptII/ptolemy/distributed/jini/jar/sun-util.jar:/home/travis/build/icyphy/ptII/lib/protobuf-java-2.4.1.jar:/home/travis/build/icyphy/ptII/lib/org.eclipse.paho.client.mqttv3.jar:/home/travis/build/icyphy/ptII/lib/mapss.jar:/home/travis/build/icyphy/ptII/ptolemy/actor/ptalon/antlr/antlr.jar:/home/travis/build/icyphy/ptII/lib/JRI.jar:/home/travis/build/icyphy/ptII/lib/commons-lang-2.6.jar:/home/travis/build/icyphy/ptII/lib/commons-logging-1.1.1.jar:/home/travis/build/icyphy/ptII/lib/sootclasses.jar:/home/travis/build/icyphy/ptII/ptolemy/actor/lib/database/mysql-connector-java-5.1.6-bin.jar:/home/travis/build/icyphy/ptII/vendors/misc/sphinx4/sphinx4-data-5prealpha.jar:/home/travis/build/icyphy/ptII/vendors/misc/sphinx4/sphinx4-core-5prealpha.jar:/home/travis/build/icyphy/ptII/lib/PDFRenderer.jar:/home/travis/build/icyphy/ptII/lib/svgSalamander.jar:/home/travis/build/icyphy/ptII/lib/rsyntaxtextarea-2.6.0-SNAPSHOT.jar:/home/travis/build/icyphy/ptII/lib/hazelcast-3.8.2.jar:/home/travis/build/icyphy/ptII/lib/jackson-annotations-2.9.0.jar:/home/travis/build/icyphy/ptII/lib/jackson-core-2.9.3.jar:/home/travis/build/icyphy/ptII/lib/jackson-databind-2.9.3.jar:/home/travis/build/icyphy/ptII/lib/netty-buffer-4.1.19.Final.jar:/home/travis/build/icyphy/ptII/lib/netty-codec-4.1.19.Final.jar:/home/travis/build/icyphy/ptII/lib/netty-codec-dns-4.1.19.Final.jar:/home/travis/build/icyphy/ptII/lib/netty-codec-http-4.1.19.Final.jar:/home/travis/build/icyphy/ptII/lib/netty-codec-http2-4.1.19.Final.jar:/home/travis/build/icyphy/ptII/lib/netty-common-4.1.19.Final.jar:/home/travis/build/icyphy/ptII/lib/netty-handler-4.1.19.Final.jar:/home/travis/build/icyphy/ptII/lib/netty-resolver-4.1.19.Final.jar:/home/travis/build/icyphy/ptII/lib/netty-resolver-dns-4.1.19.Final.jar:/home/travis/build/icyphy/ptII/lib/netty-transport-4.1.19.Final.jar:/home/travis/build/icyphy/ptII/lib/vertx-codegen-3.5.1.jar:/home/travis/build/icyphy/ptII/lib/vertx-core-3.5.2-SNAPSHOT.jar:/home/travis/build/icyphy/ptII/lib/vertx-hazelcast-3.5.1.jar:/home/travis/build/icyphy/ptII/lib/vertx-lang-js-3.5.1.jar:/home/travis/build/icyphy/ptII/lib/vertx-service-proxy-3.5.1.jar:/home/travis/build/icyphy/ptII/lib/vertx-web-3.5.1.jar:/home/travis/build/icyphy/ptII/lib/slf4j-api-1.7.13.jar:/home/travis/build/icyphy/ptII/lib/slf4j-simple-1.7.13.jar:/home/travis/build/icyphy/ptII/lib/webcam-capture-0.3.12.jar:/home/travis/build/icyphy/ptII/lib/bridj-0.7.0.jar:/home/travis/build/icyphy/ptII/lib/xbjlib-1.1.0.nrjavaserial.jar" />
    <property name="test.batch" value="**/junit/*.java" />
    <property name="env._" value="/usr/bin/timeout" />
    <property name="java.io.tmpdir" value="/tmp" />
    <property name="env.TRAVIS_INTERNAL_RUBY_REGEX" value="^ruby-(2\.[0-4]\.[0-9]|1\.9\.3)" />
    <property name="user.language" value="en" />
    <property name="env.HISTCONTROL" value="ignoredups:ignorespace" />
    <property name="env.GOROOT" value="/home/travis/.gimme/versions/go1.7.4.linux.amd64" />
    <property name="line.separator" value="&#xa;" />
    <property name="target" value="1.8" />
    <property name="env.TRAVIS_BUILD_DIR" value="/home/travis/build/icyphy/ptII" />
    <property name="env.ANT_OPTS" value="-Xmx2048m" />
    <property name="ant.file.type" value="file" />
    <property name="ptolemy.ptII.batchMode" value="true" />
    <property name="env.HISTSIZE" value="1000" />
    <property name="env.MERB_ENV" value="test" />
    <property name="java.vm.info" value="mixed mode" />
    <property name="source" value="1.8" />
    <property name="java.vm.specification.name" value="Java Virtual Machine Specification" />
    <property name="env.TRAVIS_TEST_RESULT" value="0" />
    <property name="jsdoc.command" value="node_modules/@terraswarm/jsdoc/jsdoc.js" />
    <property name="npm.works" value="true" />
    <property name="cobertura.dir" value="/home/travis/build/icyphy/ptII/vendors/cobertura-2.0.3" />
    <property name="env.rvm_path" value="/home/travis/.rvm" />
    <property name="env.GEM_PATH" value="/home/travis/.rvm/gems/ruby-2.4.1:/home/travis/.rvm/gems/ruby-2.4.1@global" />
    <property name="env.LC_CTYPE" value="en_US.UTF-8" />
    <property name="java.awt.printerjob" value="sun.print.PSPrinterJob" />
    <property name="env.TRAVIS_CMD" value="$PTII/bin/ptIITravisBuild.sh $SECONDS" />
    <property name="env.TRAVIS_STACK_NAME" value="garnet" />
    <property name="env.TRAVIS_TIMER_START_TIME" value="1559967793161609036" />
    <property name="ant.version" value="Apache Ant(TM) version 1.10.1 compiled on February 2 2017" />
    <property name="ptII.reports" value="/home/travis/build/icyphy/ptII/reports" />
    <property name="env.TRAVIS_STACK_TIMESTAMP" value="2017-12-05 19:33:09 UTC" />
    <property name="ant.file.type.ptII" value="file" />
    <property name="env.RBENV_SHELL" value="bash" />
    <property name="os.name" value="Linux" />
    <property name="java.specification.vendor" value="Oracle Corporation" />
    <property name="env.rvm_version" value="1.29.3 (latest)" />
    <property name="env.TRAVIS_INFRA" value="gce" />
    <property name="env.TERM" value="xterm" />
    <property name="java.vm.name" value="Java HotSpot(TM) 64-Bit Server VM" />
    <property name="env.TRAVIS_BUILD_NUMBER" value="1161" />
    <property name="env.CI" value="true" />
    <property name="java.library.path" value="/usr/lib/jni:/usr/local/share/OpenCV/java/:/usr/share/OpenCV/java::/usr/java/packages/lib/amd64:/usr/lib64:/lib64:/lib:/usr/lib" />
    <property name="env.rvm_prefix" value="/home/travis" />
    <property name="env.PATH" value="/home/travis/.rvm/gems/ruby-2.4.1/bin:/home/travis/.rvm/gems/ruby-2.4.1@global/bin:/home/travis/.rvm/rubies/ruby-2.4.1/bin:/home/travis/.rvm/bin:/home/travis/.nvm/versions/node/v7.10.1/bin:./node_modules/.bin:/home/travis/build/icyphy/ptII/bin:/home/travis/pthla/certi-tools/bin:/home/travis/bin:/home/travis/.local/bin:/opt/pyenv/shims:/home/travis/.phpenv/shims:/home/travis/perl5/perlbrew/bin:/home/travis/.kiex/elixirs/elixir-1.4.5/bin:/home/travis/.kiex/bin:/home/travis/gopath/bin:/home/travis/.gimme/versions/go1.7.4.linux.amd64/bin:/usr/local/phantomjs/bin:/usr/local/phantomjs:/usr/local/neo4j-3.2.7/bin:/usr/local/maven-3.5.2/bin:/usr/local/cmake-3.9.2/bin:/usr/local/clang-5.0.0/bin:/usr/local/sbin:/usr/local/bin:/usr/sbin:/usr/bin:/sbin:/bin:/home/travis/.phpenv/bin:/opt/pyenv/bin:/home/travis/.yarn/bin" />
    <property name="env.TRAVIS_OS_NAME" value="linux" />
    <property name="ant.java.version" value="1.8" />
    <property name="basedir" value="/home/travis/build/icyphy/ptII" />
    <property name="java.class.version" value="52.0" />
    <property name="env.SHLVL" value="3" />
    <property name="env.LD_LIBRARY_PATH" value="/usr/lib/jni:/usr/local/share/OpenCV/java/:/usr/share/OpenCV/java:" />
    <property name="env.RACK_ENV" value="test" />
    <property name="ant.home" value="/home/travis/build/icyphy/ptII/ant" />
    <property name="env.NVM_DIR" value="/home/travis/.nvm" />
    <property name="env.PERLBREW_BASHRC_VERSION" value="0.80" />
    <property name="env.TRAVIS_BUILD_ID" value="543042170" />
    <property name="env.PYENV_ROOT" value="/opt/pyenv" />
    <property name="env.TRAVIS_UID" value="2000" />
    <property name="env.rvm_pretty_print_flag" value="auto" />
    <property name="env.NVM_BIN" value="/home/travis/.nvm/versions/node/v7.10.1/bin" />
    <property name="env.TRAVIS_COMMIT" value="21a84221cb4bcd37fabfbb95be95dcadf98df169" />
    <property name="env._system_arch" value="x86_64" />
    <property name="node.executable" value="node" />
    <property name="sun.boot.library.path" value="/usr/lib/jvm/java-8-oracle/jre/lib/amd64" />
    <property name="sun.management.compiler" value="HotSpot 64-Bit Tiered Compilers" />
    <property name="env.GOPATH" value="/home/travis/gopath" />
    <property name="java.awt.graphicsenv" value="sun.awt.X11GraphicsEnvironment" />
    <property name="ptolemy.ptII.dir" value="/home/travis/build/icyphy/ptII" />
    <property name="env.USER" value="travis" />
    <property name="env.HISTFILESIZE" value="2000" />
    <property name="timeout.longest" value="19000000" />
    <property name="env.TRAVIS_STACK_FEATURES" value="basic cassandra chromium couchdb disabled-ipv6 docker docker-compose elasticsearch firefox go-toolchain google-chrome jdk memcached mongodb mysql neo4j nodejs_interpreter perl_interpreter perlbrew phantomjs postgresql python_interpreter rabbitmq redis riak ruby_interpreter sqlite xserver" />
    <property name="env.TRAVIS_PULL_REQUEST" value="false" />
    <property name="env.PYENV_SHELL" value="bash" />
    <property name="ant.project.name" value="ptII" />
    <property name="java.vm.specification.version" value="1.8" />
    <property name="env.ANSI_RESET" value="\033[0m" />
    <property name="env.TRAVIS_DIST" value="trusty" />
    <property name="env.NLSPATH" value="/usr/dt/lib/nls/msg/%L/%N.cat" />
    <property name="awt.toolkit" value="sun.awt.X11.XToolkit" />
    <property name="env.MY_RUBY_HOME" value="/home/travis/.rvm/rubies/ruby-2.4.1" />
    <property name="sun.cpu.isalist" value="" />
    <property name="env.TRAVIS_TMPDIR" value="/tmp/tmp.k7YNeV4rMT" />
    <property name="java.ext.dirs" value="/usr/lib/jvm/java-8-oracle/jre/lib/ext:/usr/java/packages/lib/ext" />
    <property name="os.version" value="4.4.0-101-generic" />
    <property name="user.home" value="/home/travis" />
    <property name="env.MIX_ARCHIVES" value="/home/travis/.kiex/mix/elixir-1.4.5" />
    <property name="java.vm.vendor" value="Oracle Corporation" />
    <property name="env.TRAVIS_TAG" value="nightly" />
    <property name="env.ANSI_YELLOW" value="\033[33;1m" />
    <property name="env.TRAVIS_FILTERED" value="redirect_io" />
    <property name="env.PTII" value="/home/travis/build/icyphy/ptII" />
    <property name="env.JAVA_HOME" value="/usr/lib/jvm/java-8-oracle" />
    <property name="javadoc.excludepackagenames" value="adm.cvs2svn.*,build.*,config.*,doc.coding.templates.*,jni.test.jni.meaningOfLife.*,jni.test.jni.testDeux.*,jni.test.jni.testTrois.*,org.terraswarm.accessor.accessors.web.node_modules.*,org.terraswarm.accessor.accessors.web.hosts.cordova.demo.*,org.terraswarm.accessor.accessors.web.hosts.cordova.plugins.*,org.terraswarm.accessor.accessors-svn.*,pt-modules.*,ptolemy.apps.agilent.*,ptolemy.apps.anytimecontrol.*,ptolemy.apps.apes.*,ptolemy.apps.charon.*,ptolemy.apps.crazyboard.*,ptolemy.apps.eclipse.*,ptolemy.apps.etherealSting.*,ptolemy.apps.fullscreen.*,ptolemy.apps.giotto.*,ptolemy.apps.ia.*,ptolemy.apps.interfaces.*,ptolemy.apps.jmf.*,ptolemy.apps.kurt.*,ptolemy.apps.kvm.*,ptolemy.apps.lego.*,ptolemy.apps.lejos.*,ptolemy.apps.midp.*,ptolemy.apps.mobileCoding.*,ptolemy.apps.pendulum.*,ptolemy.apps.rijndael.*,ptolemy.apps.robot.*,ptolemy.apps.security.*,ptolemy.apps.sobel.*,ptolemy.apps.soot.*,ptolemy.apps.throttle.*,ptolemy.apps.tini.*,ptolemy.apps.transmission.*,ptolemy.apps.vergil.*,ptolemy.apps.waba.*,ptolemy.apps.websensor.*,ptolemy.apps.webstart.*,ptolemy.apps.xsl.*,ptolemy.apps.zaurus.*,ptolemy.codegen.c.actor.lib.oldJavaFiles.*,ptolemy.codegen.dsp.lib.*,ptolemy.codegen.kernel.newInterfaces.*,ptolemy.codegen.lib.*,ptolemy.copernicus.kernel.fragment.*,ptolemy.copernicus.shallow.cg.*,ptolemy.domains.giotto.demo.Hierarchy.Hierarchy.*,ptolemy.domains.giotto.demo.Multimode.Multimode.*,ptolemy.domains.giotto.demo.Simple.Simple.*,ptolemy.domains.gr.lib.experimental.*,ptolemy.domains.gro.*,ptolemy.domains.pdf.*,ptolemy.domains.ptinyos.demo.Surge.output.*,ptolemy.moml.test.NoPackageActor.java*,ptolemy.plot.adm.*,ptolemy.plot.servlet.*,reports.*,signed.*,src.*,target.*,vendors.*,ptolemy.apps.eclipse.awt.*,ptolemy.backtrack.*,ptolemy.backtrack.ast.*,ptolemy.cg.adapter.generic.program.procedural.c.mbed*,ptolemy.homer.*,org.ptolemy.scala.*,diva.util.java2d.svg.*,ptolemy.domains.ptinyos.*,ptolemy.actor.lib.fmi.fmipp.*,,org.terraswarm.accessor.accessors.web.node_modules.*,org.terraswarm.accessor.accessors-svn,ptolemy.apps.*,ptolemy.actor.ptalon.demo.ptinyos.SendAndReceiveCnt.output,ptolemy.actor.ptalon.demo.ptinyos.SenseToLeds.output,ptolemy.domains.ptinyos.demo.CntToLedsAndRfm.output,ptolemy.domains.ptinyos.demo.RfmToLeds.output,ptolemy.domains.ptinyos.demo.SendAndReceiveCnt.output,ptolemy.domains.ptinyos.demo.SenseToLeds.output,ptolemy.actor.lib.jjs.modules.udpSocket.*" />
    <property name="env.ANSI_GREEN" value="\033[32;1m" />
    <property name="env.TRAVIS_COMMIT_MESSAGE" value="Using jcerti.jar file commit f32406b510de2a3b from branch br_ptII_berkeley that&#xa;improved the demo and fixed bugs 53878 and 41291. There is no fix yet for bug&#xa;55592. However, the results are similar to the ones using jcerti.jar pushed on&#xa;e8e30db5. Tested with CERTI c2146229adc0@master, Mar 1 10:08:30 2019. The new&#xa;CERTI branch for fixing bug 56284 was not tested yet in the Ptolemy framework." />
    <property name="keystore" value="ptKeystore" />
    <property name="env.XDG_SESSION_ID" value="2" />
    <property name="junit.output.dir" value="/home/travis/build/icyphy/ptII/reports/junit" />
    <property name="npm.return.code" value="0" />
    <property name="user.dir" value="/home/travis/build/icyphy/ptII/ptolemy/domains/de/test" />
    <property name="env.XFILESEARCHPATH" value="/usr/dt/app-defaults/%L/Dt" />
    <property name="env.TRAVIS_NODE_VERSION" value="7" />
    <property name="env.MAIL" value="/var/mail/travis" />
    <property name="env.TRAVIS_EVENT_TYPE" value="cron" />
    <property name="env.PWD" value="/home/travis/build/icyphy/ptII" />
    <property name="env.PERLBREW_ROOT" value="/home/travis/perl5/perlbrew" />
    <property name="timeout.npm" value="45000" />
    <property name="env.PT_TRAVIS_TEST_CORE2_XML" value="true" />
    <property name="env.TRAVIS_ARCH" value="amd64" />
    <property name="env.PAGER" value="cat" />
    <property name="sun.cpu.endian" value="little" />
    <property name="env.TRAVIS_BUILD_STAGE_NAME" value="Test" />
    <property name="env.PERLBREW_HOME" value="/home/travis/.perlbrew" />
    <property name="java.vm.version" value="25.151-b12" />
    <property name="env.RAILS_ENV" value="test" />
    <property name="java.class.path" value="/home/travis/build/icyphy/ptII:/home/travis/build/icyphy/ptII/lib/bsh-2.0b4.jar:/home/travis/build/icyphy/ptII/lib/ptCal.jar:/home/travis/build/icyphy/ptII/lib/java_cup.jar:/home/travis/build/icyphy/ptII/lib/saxon8.jar:/home/travis/build/icyphy/ptII/lib/saxon8-dom.jar:/home/travis/build/icyphy/ptII/lib/chic.jar:/home/travis/build/icyphy/ptII/lib/ptcolt.jar:/usr/lib/jvm/java-8-oracle/lib/tools.jar:/home/travis/build/icyphy/ptII/vendors/misc/itext/iText.jar:/home/travis/build/icyphy/ptII/lib/g4ltl.jar:/home/travis/build/icyphy/ptII/lib/StructuralCoder.jar:/home/travis/build/icyphy/ptII/vendors/jai-1_1_2_01/lib/jai_core.jar:/home/travis/build/icyphy/ptII/vendors/jai-1_1_2_01/lib/jai_codec.jar:/home/travis/build/icyphy/ptII/lib/jcerti.jar:/home/travis/build/icyphy/ptII/lib/javax.mail.jar:/home/travis/build/icyphy/ptII/vendors/JMF-2.1.1e/lib/jmf.jar:/home/travis/build/icyphy/ptII/lib/jna-4.0.0-variadic.jar:/home/travis/build/icyphy/ptII/vendors/misc/joystick/Joystick.jar:/home/travis/build/icyphy/ptII/lib/ptjacl.jar:/home/travis/build/icyphy/ptII/lib/jsoup-1.8.2.jar:/home/travis/build/icyphy/ptII/lib/junit-4.8.2.jar:/home/travis/build/icyphy/ptII/lib/JUnitParams-0.4.0.jar:/home/travis/build/icyphy/ptII/ptolemy/actor/lib/excel/jxl.jar:/home/travis/build/icyphy/ptII/lib/jython.jar:/home/travis/build/icyphy/ptII/lib/kieler.jar:/home/travis/build/icyphy/ptII/vendors/opencv/share/OpenCV/java/opencv-341.jar:/home/travis/build/icyphy/ptII/lib/oscP5.jar:/home/travis/build/icyphy/ptII/lib/nrjavaserial-3.11.0.devel.jar:/home/travis/build/icyphy/ptII/vendors/j3d/lib/j3dcore.jar:/home/travis/build/icyphy/ptII/vendors/j3d/lib/j3dutils.jar:/home/travis/build/icyphy/ptII/vendors/j3d/lib/vecmath.jar:/home/travis/build/icyphy/ptII/ptolemy/distributed/jini/jar/jini-core.jar:/home/travis/build/icyphy/ptII/ptolemy/distributed/jini/jar/jini-ext.jar:/home/travis/build/icyphy/ptII/ptolemy/distributed/jini/jar/sun-util.jar:/home/travis/build/icyphy/ptII/lib/protobuf-java-2.4.1.jar:/home/travis/build/icyphy/ptII/lib/org.eclipse.paho.client.mqttv3.jar:/home/travis/build/icyphy/ptII/lib/mapss.jar:/home/travis/build/icyphy/ptII/ptolemy/actor/ptalon/antlr/antlr.jar:/home/travis/build/icyphy/ptII/lib/JRI.jar:/home/travis/build/icyphy/ptII/lib/commons-lang-2.6.jar:/home/travis/build/icyphy/ptII/lib/commons-logging-1.1.1.jar:/home/travis/build/icyphy/ptII/lib/sootclasses.jar:/home/travis/build/icyphy/ptII/ptolemy/actor/lib/database/mysql-connector-java-5.1.6-bin.jar:/home/travis/build/icyphy/ptII/vendors/misc/sphinx4/sphinx4-data-5prealpha.jar:/home/travis/build/icyphy/ptII/vendors/misc/sphinx4/sphinx4-core-5prealpha.jar:/home/travis/build/icyphy/ptII/lib/PDFRenderer.jar:/home/travis/build/icyphy/ptII/lib/svgSalamander.jar:/home/travis/build/icyphy/ptII/lib/rsyntaxtextarea-2.6.0-SNAPSHOT.jar:/home/travis/build/icyphy/ptII/lib/hazelcast-3.8.2.jar:/home/travis/build/icyphy/ptII/lib/jackson-annotations-2.9.0.jar:/home/travis/build/icyphy/ptII/lib/jackson-core-2.9.3.jar:/home/travis/build/icyphy/ptII/lib/jackson-databind-2.9.3.jar:/home/travis/build/icyphy/ptII/lib/netty-buffer-4.1.19.Final.jar:/home/travis/build/icyphy/ptII/lib/netty-codec-4.1.19.Final.jar:/home/travis/build/icyphy/ptII/lib/netty-codec-dns-4.1.19.Final.jar:/home/travis/build/icyphy/ptII/lib/netty-codec-http-4.1.19.Final.jar:/home/travis/build/icyphy/ptII/lib/netty-codec-http2-4.1.19.Final.jar:/home/travis/build/icyphy/ptII/lib/netty-common-4.1.19.Final.jar:/home/travis/build/icyphy/ptII/lib/netty-handler-4.1.19.Final.jar:/home/travis/build/icyphy/ptII/lib/netty-resolver-4.1.19.Final.jar:/home/travis/build/icyphy/ptII/lib/netty-resolver-dns-4.1.19.Final.jar:/home/travis/build/icyphy/ptII/lib/netty-transport-4.1.19.Final.jar:/home/travis/build/icyphy/ptII/lib/vertx-codegen-3.5.1.jar:/home/travis/build/icyphy/ptII/lib/vertx-core-3.5.2-SNAPSHOT.jar:/home/travis/build/icyphy/ptII/lib/vertx-hazelcast-3.5.1.jar:/home/travis/build/icyphy/ptII/lib/vertx-lang-js-3.5.1.jar:/home/travis/build/icyphy/ptII/lib/vertx-service-proxy-3.5.1.jar:/home/travis/build/icyphy/ptII/lib/vertx-web-3.5.1.jar:/home/travis/build/icyphy/ptII/lib/slf4j-api-1.7.13.jar:/home/travis/build/icyphy/ptII/lib/slf4j-simple-1.7.13.jar:/home/travis/build/icyphy/ptII/lib/webcam-capture-0.3.12.jar:/home/travis/build/icyphy/ptII/lib/bridj-0.7.0.jar:/home/travis/build/icyphy/ptII/lib/xbjlib-1.1.0.nrjavaserial.jar:/home/travis/build/icyphy/ptII/ptolemy/moml/test:/home/travis/build/icyphy/ptII/ant/lib/ant-launcher.jar:/home/travis/build/icyphy/ptII/ant/lib/ant.jar:/home/travis/build/icyphy/ptII/ant/lib/ant-junit.jar:/home/travis/build/icyphy/ptII/ant/lib/ant-junit4.jar" />
    <property name="ant.library.dir" value="/home/travis/build/icyphy/ptII/ant/lib" />
    <property name="os.arch" value="amd64" />
    <property name="env.TRAVIS_LANGUAGE" value="node_js" />
    <property name="env.CONTINUOUS_INTEGRATION" value="true" />
    <property name="env.TRAVIS_STACK_LANGUAGES" value="__garnet__ c c++ clojure cplusplus cpp default go groovy java node_js php pure_java python ruby scala" />
    <property name="test.name" value="ptolemy.actor.lib.test.junit.JUnitTclTest" />
    <property name="sun.java.launcher" value="SUN_STANDARD" />
    <property name="env.PYTHON_CONFIGURE_OPTS" value="--enable-unicode=ucs4 --with-wide-unicode --enable-shared --enable-ipv6 --enable-loadable-sqlite-extensions --with-computed-gotos" />
    <property name="ant.core.lib" value="/home/travis/build/icyphy/ptII/ant/lib/ant.jar" />
    <property name="java.vm.specification.vendor" value="Oracle Corporation" />
    <property name="env.BCVTB_HOME" value="/home/travis/build/icyphy/ptII/lbnl" />
    <property name="file.separator" value="/" />
    <property name="java.runtime.version" value="1.8.0_151-b12" />
    <property name="spotbugs.home" value="/home/travis/build/icyphy/ptII/vendors/spotbugs-3.1.1" />
    <property name="sun.boot.class.path" value="/usr/lib/jvm/java-8-oracle/jre/lib/resources.jar:/usr/lib/jvm/java-8-oracle/jre/lib/rt.jar:/usr/lib/jvm/java-8-oracle/jre/lib/sunrsasign.jar:/usr/lib/jvm/java-8-oracle/jre/lib/jsse.jar:/usr/lib/jvm/java-8-oracle/jre/lib/jce.jar:/usr/lib/jvm/java-8-oracle/jre/lib/charsets.jar:/usr/lib/jvm/java-8-oracle/jre/lib/jfr.jar:/usr/lib/jvm/java-8-oracle/jre/classes" />
    <property name="env.ANSI_CLEAR" value="\033[0K" />
    <property name="env.HAS_JOSH_K_SEAL_OF_APPROVAL" value="true" />
    <property name="env.TRAVIS_OSX_IMAGE" value="" />
    <property name="env.XDG_RUNTIME_DIR" value="/run/user/2000" />
    <property name="env.TRAVIS_JOB_ID" value="543042179" />
    <property name="env.TRAVIS_BRANCH" value="master" />
    <property name="user.country" value="US" />
    <property name="env.CERTI_HOME_TRAVIS" value="/home/travis/pthla/certi-tools" />
    <property name="env.SHELL" value="/bin/bash" />
    <property name="java.maxmemory.large" value="5000m" />
    <property name="model" value="" />
    <property name="env.CASHER_DIR" value="/home/travis/.casher" />
    <property name="env.NVM_CD_FLAGS" value="" />
    <property name="jshint.executable" value="/home/travis/node_modules/jshint/bin/jshint" />
    <property name="java.vendor" value="Oracle Corporation" />
    <property name="env.JRUBY_OPTS" value=" --client -J-XX:+TieredCompilation -J-XX:TieredStopAtLevel=1 -J-Xss2m -Xcompile.invokedynamic=false" />
    <property name="env.TRAVIS_PRE_CHEF_BOOTSTRAP_TIME" value="2017-12-05T19:32:55" />
    <property name="env.TRAVIS_STACK_JOB_BOARD_REGISTER" value="/.job-board-register.yml" />
    <property name="env.ELIXIR_VERSION" value="1.4.5" />
    <property name="env.ANSI_RED" value="\033[31;1m" />
    <property name="java.specification.version" value="1.8" />
    <property name="env.TRAVIS" value="true" />
    <property name="env.IRBRC" value="/home/travis/.rvm/rubies/ruby-2.4.1/.irbrc" />
    <property name="sun.arch.data.model" value="64" />
  </properties>
  <testcase classname="ptolemy.util.test.junit.TclTests" name="[0] /home/travis/build/icyphy/ptII/ptolemy/domains/de/test/DependencyLoop.tcl (RunTclFile)" time="0.716" />
  <testcase classname="ptolemy.util.test.junit.TclTests" name="[1] /home/travis/build/icyphy/ptII/ptolemy/domains/de/test/RunDETestsAsQSS.tcl (RunTclFile)" time="87.325" />
  <testcase classname="ptolemy.util.test.junit.AutoKnownFailedTests" name="[0] /home/travis/build/icyphy/ptII/ptolemy/domains/de/test/auto/knownFailedTests/DESDFClockTest.xml (RunModel)" time="2.041" />
  <testcase classname="ptolemy.util.test.junit.AutoKnownFailedTests" name="[1] /home/travis/build/icyphy/ptII/ptolemy/domains/de/test/auto/knownFailedTests/DirectFeedback.xml (RunModel)" time="0.009" />
  <testcase classname="ptolemy.util.test.junit.AutoKnownFailedTests" name="[2] /home/travis/build/icyphy/ptII/ptolemy/domains/de/test/auto/knownFailedTests/FSMSource.xml (RunModel)" time="0.026" />
  <testcase classname="ptolemy.util.test.junit.AutoKnownFailedTests" name="[3] /home/travis/build/icyphy/ptII/ptolemy/domains/de/test/auto/knownFailedTests/HierarchicalModel.xml (RunModel)" time="0.046" />
  <testcase classname="ptolemy.util.test.junit.AutoKnownFailedTests" name="[4] /home/travis/build/icyphy/ptII/ptolemy/domains/de/test/auto/knownFailedTests/dependencyLoop.xml (RunModel)" time="0.04" />
  <testcase classname="ptolemy.util.test.junit.AutoKnownFailedTests" name="[5] /home/travis/build/icyphy/ptII/ptolemy/domains/de/test/auto/knownFailedTests/dependencyLoop2.xml (RunModel)" time="0.043" />
  <testcase classname="ptolemy.util.test.junit.AutoNameArchTests" name="[0] ThereAreNoAutoArchTests (RunModel)" time="0.001" />
  <testcase classname="ptolemy.util.test.junit.AutoTests" name="[0] /home/travis/build/icyphy/ptII/ptolemy/domains/de/test/auto/ActorDepthCalculation_actorWithoutPorts.xml (RunModel)" time="0.022" />
  <testcase classname="ptolemy.util.test.junit.AutoTests" name="[1] /home/travis/build/icyphy/ptII/ptolemy/domains/de/test/auto/AssemblyLine.xml (RunModel)" time="0.024" />
  <testcase classname="ptolemy.util.test.junit.AutoTests" name="[2] /home/travis/build/icyphy/ptII/ptolemy/domains/de/test/auto/CQBug1.xml (RunModel)" time="0.009" />
  <testcase classname="ptolemy.util.test.junit.AutoTests" name="[3] /home/travis/build/icyphy/ptII/ptolemy/domains/de/test/auto/CancelFireAt.xml (RunModel)" time="0.009" />
  <testcase classname="ptolemy.util.test.junit.AutoTests" name="[4] /home/travis/build/icyphy/ptII/ptolemy/domains/de/test/auto/CausalityAndComposabilityAnalysis.xml (RunModel)" time="0.011" />
  <testcase classname="ptolemy.util.test.junit.AutoTests" name="[5] /home/travis/build/icyphy/ptII/ptolemy/domains/de/test/auto/CausalityInterface1.xml (RunModel)" time="0.014" />
  <testcase classname="ptolemy.util.test.junit.AutoTests" name="[6] /home/travis/build/icyphy/ptII/ptolemy/domains/de/test/auto/CausalityInterface15.xml (RunModel)" time="0.022" />
  <testcase classname="ptolemy.util.test.junit.AutoTests" name="[7] /home/travis/build/icyphy/ptII/ptolemy/domains/de/test/auto/CausalityInterface2.xml (RunModel)" time="0.014" />
  <testcase classname="ptolemy.util.test.junit.AutoTests" name="[8] /home/travis/build/icyphy/ptII/ptolemy/domains/de/test/auto/CausalityInterface3.xml (RunModel)" time="0.01" />
  <testcase classname="ptolemy.util.test.junit.AutoTests" name="[9] /home/travis/build/icyphy/ptII/ptolemy/domains/de/test/auto/ClockDrift.xml (RunModel)" time="0.047" />
  <testcase classname="ptolemy.util.test.junit.AutoTests" name="[10] /home/travis/build/icyphy/ptII/ptolemy/domains/de/test/auto/ClockDriftAndValueChange.xml (RunModel)" time="0.03" />
  <testcase classname="ptolemy.util.test.junit.AutoTests" name="[11] /home/travis/build/icyphy/ptII/ptolemy/domains/de/test/auto/ClockDriftChange.xml (RunModel)" time="0.03" />
  <testcase classname="ptolemy.util.test.junit.AutoTests" name="[12] /home/travis/build/icyphy/ptII/ptolemy/domains/de/test/auto/ComposableCausalityAnalysis.xml (RunModel)" time="0.014" />
  <testcase classname="ptolemy.util.test.junit.AutoTests" name="[13] /home/travis/build/icyphy/ptII/ptolemy/domains/de/test/auto/DEFixedPointLimitation.xml (RunModel)" time="0.01" />
  <testcase classname="ptolemy.util.test.junit.AutoTests" name="[14] /home/travis/build/icyphy/ptII/ptolemy/domains/de/test/auto/DEScheduleTest.xml (RunModel)" time="0.024" />
  <testcase classname="ptolemy.util.test.junit.AutoTests" name="[15] /home/travis/build/icyphy/ptII/ptolemy/domains/de/test/auto/DEinDEwithStartTimes.xml (RunModel)" time="0.014" />
  <testcase classname="ptolemy.util.test.junit.AutoTests" name="[16] /home/travis/build/icyphy/ptII/ptolemy/domains/de/test/auto/DEinDEwithStartTimes2.xml (RunModel)" time="0.013" />
  <testcase classname="ptolemy.util.test.junit.AutoTests" name="[17] /home/travis/build/icyphy/ptII/ptolemy/domains/de/test/auto/DateDemo.xml (RunModel)" time="0.026" />
  <testcase classname="ptolemy.util.test.junit.AutoTests" name="[18] /home/travis/build/icyphy/ptII/ptolemy/domains/de/test/auto/DateToEvent.xml (RunModel)" time="2.037" />
  <testcase classname="ptolemy.util.test.junit.AutoTests" name="[19] /home/travis/build/icyphy/ptII/ptolemy/domains/de/test/auto/DepthTest1.xml (RunModel)" time="0.01" />
  <testcase classname="ptolemy.util.test.junit.AutoTests" name="[20] /home/travis/build/icyphy/ptII/ptolemy/domains/de/test/auto/DepthTest2.xml (RunModel)" time="0.017" />
  <testcase classname="ptolemy.util.test.junit.AutoTests" name="[21] /home/travis/build/icyphy/ptII/ptolemy/domains/de/test/auto/DepthTest3.xml (RunModel)" time="0.015" />
  <testcase classname="ptolemy.util.test.junit.AutoTests" name="[22] /home/travis/build/icyphy/ptII/ptolemy/domains/de/test/auto/DepthTest4.xml (RunModel)" time="0.013" />
  <testcase classname="ptolemy.util.test.junit.AutoTests" name="[23] /home/travis/build/icyphy/ptII/ptolemy/domains/de/test/auto/DepthTest5.xml (RunModel)" time="0.014" />
  <testcase classname="ptolemy.util.test.junit.AutoTests" name="[24] /home/travis/build/icyphy/ptII/ptolemy/domains/de/test/auto/DepthTest6.xml (RunModel)" time="0.013" />
  <testcase classname="ptolemy.util.test.junit.AutoTests" name="[25] /home/travis/build/icyphy/ptII/ptolemy/domains/de/test/auto/DepthTest7.xml (RunModel)" time="0.021" />
  <testcase classname="ptolemy.util.test.junit.AutoTests" name="[26] /home/travis/build/icyphy/ptII/ptolemy/domains/de/test/auto/EventToDate.xml (RunModel)" time="3.043" />
  <testcase classname="ptolemy.util.test.junit.AutoTests" name="[27] /home/travis/build/icyphy/ptII/ptolemy/domains/de/test/auto/FSM1.xml (RunModel)" time="0.058" />
  <testcase classname="ptolemy.util.test.junit.AutoTests" name="[28] /home/travis/build/icyphy/ptII/ptolemy/domains/de/test/auto/FSM7.xml (RunModel)" time="0.028" />
  <testcase classname="ptolemy.util.test.junit.AutoTests" name="[29] /home/travis/build/icyphy/ptII/ptolemy/domains/de/test/auto/Inspection.xml (RunModel)" time="0.036" />
  <testcase classname="ptolemy.util.test.junit.AutoTests" name="[30] /home/travis/build/icyphy/ptII/ptolemy/domains/de/test/auto/Iteration.xml (RunModel)" time="0.025" />
  <testcase classname="ptolemy.util.test.junit.AutoTests" name="[31] /home/travis/build/icyphy/ptII/ptolemy/domains/de/test/auto/LineFault.xml (RunModel)" time="0.529" />
  <testcase classname="ptolemy.util.test.junit.AutoTests" name="[32] /home/travis/build/icyphy/ptII/ptolemy/domains/de/test/auto/MergeModel1Add.xml (RunModel)" time="0.041" />
  <testcase classname="ptolemy.util.test.junit.AutoTests" name="[33] /home/travis/build/icyphy/ptII/ptolemy/domains/de/test/auto/MergeModel2Add.xml (RunModel)" time="0.033" />
  <testcase classname="ptolemy.util.test.junit.AutoTests" name="[34] /home/travis/build/icyphy/ptII/ptolemy/domains/de/test/auto/MergeModel3Add.xml (RunModel)" time="0.046" />
  <testcase classname="ptolemy.util.test.junit.AutoTests" name="[35] /home/travis/build/icyphy/ptII/ptolemy/domains/de/test/auto/MergeWithoutDiscard.xml (RunModel)" time="0.011" />
  <testcase classname="ptolemy.util.test.junit.AutoTests" name="[36] /home/travis/build/icyphy/ptII/ptolemy/domains/de/test/auto/Modal1.xml (RunModel)" time="0.032" />
  <testcase classname="ptolemy.util.test.junit.AutoTests" name="[37] /home/travis/build/icyphy/ptII/ptolemy/domains/de/test/auto/Modal2.xml (RunModel)" time="0.038" />
  <testcase classname="ptolemy.util.test.junit.AutoTests" name="[38] /home/travis/build/icyphy/ptII/ptolemy/domains/de/test/auto/Modal3.xml (RunModel)" time="0.026" />
  <testcase classname="ptolemy.util.test.junit.AutoTests" name="[39] /home/travis/build/icyphy/ptII/ptolemy/domains/de/test/auto/Modal4.xml (RunModel)" time="0.034" />
  <testcase classname="ptolemy.util.test.junit.AutoTests" name="[40] /home/travis/build/icyphy/ptII/ptolemy/domains/de/test/auto/Modal5.xml (RunModel)" time="0.029" />
  <testcase classname="ptolemy.util.test.junit.AutoTests" name="[41] /home/travis/build/icyphy/ptII/ptolemy/domains/de/test/auto/Modal6.xml (RunModel)" time="0.023" />
  <testcase classname="ptolemy.util.test.junit.AutoTests" name="[42] /home/travis/build/icyphy/ptII/ptolemy/domains/de/test/auto/Modal7.xml (RunModel)" time="0.025" />
  <testcase classname="ptolemy.util.test.junit.AutoTests" name="[43] /home/travis/build/icyphy/ptII/ptolemy/domains/de/test/auto/ModalModel.xml (RunModel)" time="0.146" />
  <testcase classname="ptolemy.util.test.junit.AutoTests" name="[44] /home/travis/build/icyphy/ptII/ptolemy/domains/de/test/auto/ModalSource.xml (RunModel)" time="0.021" />
  <testcase classname="ptolemy.util.test.junit.AutoTests" name="[45] /home/travis/build/icyphy/ptII/ptolemy/domains/de/test/auto/NonInterruptibleTimerZeroDelay.xml (RunModel)" time="0.009" />
  <testcase classname="ptolemy.util.test.junit.AutoTests" name="[46] /home/travis/build/icyphy/ptII/ptolemy/domains/de/test/auto/OpenQueueingNetwork.xml (RunModel)" time="2.343" />
  <testcase classname="ptolemy.util.test.junit.AutoTests" name="[47] /home/travis/build/icyphy/ptII/ptolemy/domains/de/test/auto/OpenQueuingNetwork.xml (RunModel)" time="0.279" />
  <testcase classname="ptolemy.util.test.junit.AutoTests" name="[48] /home/travis/build/icyphy/ptII/ptolemy/domains/de/test/auto/PeriodicSampler.xml (RunModel)" time="0.009" />
  <testcase classname="ptolemy.util.test.junit.AutoTests" name="[49] /home/travis/build/icyphy/ptII/ptolemy/domains/de/test/auto/PersistentIO.xml (RunModel)" time="0.017" />
  <testcase classname="ptolemy.util.test.junit.AutoTests" name="[50] /home/travis/build/icyphy/ptII/ptolemy/domains/de/test/auto/PortParameterResetOnInitialize.xml (RunModel)" time="0.009" />
  <testcase classname="ptolemy.util.test.junit.AutoTests" name="[51] /home/travis/build/icyphy/ptII/ptolemy/domains/de/test/auto/PortParameterUpdates.xml (RunModel)" time="0.014" />
  <testcase classname="ptolemy.util.test.junit.AutoTests" name="[52] /home/travis/build/icyphy/ptII/ptolemy/domains/de/test/auto/QueueAndServer.xml (RunModel)" time="0.02" />
  <testcase classname="ptolemy.util.test.junit.AutoTests" name="[53] /home/travis/build/icyphy/ptII/ptolemy/domains/de/test/auto/Records.xml (RunModel)" time="0.013" />
  <testcase classname="ptolemy.util.test.junit.AutoTests" name="[54] /home/travis/build/icyphy/ptII/ptolemy/domains/de/test/auto/ResetTransitionWithStartTime1.xml (RunModel)" time="0.026" />
  <testcase classname="ptolemy.util.test.junit.AutoTests" name="[55] /home/travis/build/icyphy/ptII/ptolemy/domains/de/test/auto/ResetTransitionWithStartTime2.xml (RunModel)" time="0.023" />
  <testcase classname="ptolemy.util.test.junit.AutoTests" name="[56] /home/travis/build/icyphy/ptII/ptolemy/domains/de/test/auto/ResetTransitionWithStartTime3.xml (RunModel)" time="0.021" />
  <testcase classname="ptolemy.util.test.junit.AutoTests" name="[57] /home/travis/build/icyphy/ptII/ptolemy/domains/de/test/auto/ResetTransitionWithStartTime4.xml (RunModel)" time="0.017" />
  <testcase classname="ptolemy.util.test.junit.AutoTests" name="[58] /home/travis/build/icyphy/ptII/ptolemy/domains/de/test/auto/ResettableTimer1.xml (RunModel)" time="0.012" />
  <testcase classname="ptolemy.util.test.junit.AutoTests" name="[59] /home/travis/build/icyphy/ptII/ptolemy/domains/de/test/auto/ResettableTimer2.xml (RunModel)" time="0.009" />
  <testcase classname="ptolemy.util.test.junit.AutoTests" name="[60] /home/travis/build/icyphy/ptII/ptolemy/domains/de/test/auto/ResettableTimer3.xml (RunModel)" time="0.009" />
  <testcase classname="ptolemy.util.test.junit.AutoTests" name="[61] /home/travis/build/icyphy/ptII/ptolemy/domains/de/test/auto/ResettableTimer4.xml (RunModel)" time="0.01" />
  <testcase classname="ptolemy.util.test.junit.AutoTests" name="[62] /home/travis/build/icyphy/ptII/ptolemy/domains/de/test/auto/ResettableTimer5.xml (RunModel)" time="0.009" />
  <testcase classname="ptolemy.util.test.junit.AutoTests" name="[63] /home/travis/build/icyphy/ptII/ptolemy/domains/de/test/auto/ResettableTimer6.xml (RunModel)" time="0.018" />
  <testcase classname="ptolemy.util.test.junit.AutoTests" name="[64] /home/travis/build/icyphy/ptII/ptolemy/domains/de/test/auto/ServerZeroDelay.xml (RunModel)" time="0.01" />
  <testcase classname="ptolemy.util.test.junit.AutoTests" name="[65] /home/travis/build/icyphy/ptII/ptolemy/domains/de/test/auto/SmartSender.xml (RunModel)" time="3.009" />
  <testcase classname="ptolemy.util.test.junit.AutoTests" name="[66] /home/travis/build/icyphy/ptII/ptolemy/domains/de/test/auto/ThreadedComposite.xml (RunModel)" time="0.172" />
  <testcase classname="ptolemy.util.test.junit.AutoTests" name="[67] /home/travis/build/icyphy/ptII/ptolemy/domains/de/test/auto/Time.xml (RunModel)" time="0.435" />
  <testcase classname="ptolemy.util.test.junit.AutoTests" name="[68] /home/travis/build/icyphy/ptII/ptolemy/domains/de/test/auto/TimeDelayZeroDelay.xml (RunModel)" time="0.011" />
  <testcase classname="ptolemy.util.test.junit.AutoTests" name="[69] /home/travis/build/icyphy/ptII/ptolemy/domains/de/test/auto/TimerZeroDelay.xml (RunModel)" time="0.009" />
  <testcase classname="ptolemy.util.test.junit.AutoTests" name="[70] /home/travis/build/icyphy/ptII/ptolemy/domains/de/test/auto/TimingParadox.xml (RunModel)" time="0.389" />
  <testcase classname="ptolemy.util.test.junit.AutoTests" name="[71] /home/travis/build/icyphy/ptII/ptolemy/domains/de/test/auto/TransferInputs.xml (RunModel)" time="0.016" />
  <testcase classname="ptolemy.util.test.junit.AutoTests" name="[72] /home/travis/build/icyphy/ptII/ptolemy/domains/de/test/auto/TransferOutputs2.xml (RunModel)" time="0.019" />
  <testcase classname="ptolemy.util.test.junit.AutoTests" name="[73] /home/travis/build/icyphy/ptII/ptolemy/domains/de/test/auto/Trilateration.xml (RunModel)" time="11.557" />
  <testcase classname="ptolemy.util.test.junit.AutoTests" name="[74] /home/travis/build/icyphy/ptII/ptolemy/domains/de/test/auto/TwoSigmaDelta.xml (RunModel)" time="2.106" />
  <testcase classname="ptolemy.util.test.junit.AutoTests" name="[75] /home/travis/build/icyphy/ptII/ptolemy/domains/de/test/auto/VariableDelay.xml (RunModel)" time="0.011" />
  <testcase classname="ptolemy.util.test.junit.AutoTests" name="[76] /home/travis/build/icyphy/ptII/ptolemy/domains/de/test/auto/VariableDelay2.xml (RunModel)" time="0.013" />
  <testcase classname="ptolemy.util.test.junit.AutoTests" name="[77] /home/travis/build/icyphy/ptII/ptolemy/domains/de/test/auto/VariableDelayZeroDelay.xml (RunModel)" time="0.013" />
  <testcase classname="ptolemy.util.test.junit.AutoTests" name="[78] /home/travis/build/icyphy/ptII/ptolemy/domains/de/test/auto/VariableDelayZeroDelay2.xml (RunModel)" time="0.013" />
  <testcase classname="ptolemy.util.test.junit.AutoTests" name="[79] /home/travis/build/icyphy/ptII/ptolemy/domains/de/test/auto/deInCt.xml (RunModel)" time="0.012" />
  <testcase classname="ptolemy.util.test.junit.AutoTests" name="[80] /home/travis/build/icyphy/ptII/ptolemy/domains/de/test/auto/deInCt2.xml (RunModel)" time="0.013" />
  <testcase classname="ptolemy.util.test.junit.AutoTests" name="[81] /home/travis/build/icyphy/ptII/ptolemy/domains/de/test/auto/dynamicCausalityInterface1.xml (RunModel)" time="0.02" />
  <testcase classname="ptolemy.util.test.junit.AutoTests" name="[82] /home/travis/build/icyphy/ptII/ptolemy/domains/de/test/auto/fsm_de_test.xml (RunModel)" time="0.038" />
  <testcase classname="ptolemy.util.test.junit.AutoTests" name="[83] /home/travis/build/icyphy/ptII/ptolemy/domains/de/test/auto/functionDependencyReconstruction.xml (RunModel)" time="0.029" />
  <testcase classname="ptolemy.util.test.junit.AutoTests" name="[84] /home/travis/build/icyphy/ptII/ptolemy/domains/de/test/auto/multirate.xml (RunModel)" time="0.014" />
  <testcase classname="ptolemy.util.test.junit.AutoTests" name="[85] /home/travis/build/icyphy/ptII/ptolemy/domains/de/test/auto/multirate2.xml (RunModel)" time="0.014" />
  <testcase classname="ptolemy.util.test.junit.AutoTests" name="[86] /home/travis/build/icyphy/ptII/ptolemy/domains/de/test/auto/realtime.xml (RunModel)" time="10.01" />
  <testcase classname="ptolemy.util.test.junit.AutoTests" name="[87] /home/travis/build/icyphy/ptII/ptolemy/domains/de/test/auto/relationGroup.xml (RunModel)" time="0.008" />
  <testcase classname="ptolemy.util.test.junit.AutoTests" name="[88] /home/travis/build/icyphy/ptII/ptolemy/domains/de/test/auto/relationGroup2.xml (RunModel)" time="0.005" />
  <testcase classname="ptolemy.util.test.junit.AutoTests" name="[89] /home/travis/build/icyphy/ptII/ptolemy/domains/de/test/auto/sortWithOpaquePorts.xml (RunModel)" time="0.014" />
  <testcase classname="ptolemy.util.test.junit.AutoTests" name="[90] /home/travis/build/icyphy/ptII/ptolemy/domains/de/test/auto/transferInputsandOutputs.xml (RunModel)" time="0.013" />
  <testcase classname="ptolemy.util.test.junit.AutoTests" name="[91] /home/travis/build/icyphy/ptII/ptolemy/domains/de/test/auto/triggerType.xml (RunModel)" time="0.008" />
  <system-out><![CDATA[/home/travis/build/icyphy/ptII/ptolemy/domains/de/test/DependencyLoop.tcl
testDefs.tcl: setting time out to 9000 seconds at Sat Jun 08 04:31:27 UTC 2019
14 ms. Memory: 116224K Free: 97611K (84%)
22 ms. Memory: 146944K Free: 141182K (96%)
/home/travis/build/icyphy/ptII/ptolemy/domains/de/test/RunDETestsAsQSS.tcl
Run the DE tests using ptolemy.domains.qss.test.QSSDirectorTest, which extends QSSDirector and prints a message in the constructors.
------------------ testing $PTII/ptolemy/domains/de/test/auto/knownFailedTests/dependencyLoop.xml (Known Failure) 
9 ms. Memory: 146944K Free: 136537K (93%)


==== $PTIIhome/travis/build/icyphy/ptII/ptolemy/domains/de/test/../../../../: Auto Automatic test in file $PTII/ptolemy/domains/de/test/auto/knownFailedTests/dependencyLoop.xml
==== Contents of test case:

	    # FIXME: we should use $relativeFilename here, but it
	    # might have backslashes under Windows, which causes no end
	    # of trouble.
	    createAndExecute $file
	    list {}
	
.... Test generated KNOWN error:
    while executing
ptolemy.kernel.util.IllegalActionException: Found a zero delay loop containing .dependencyLoop.original
  in .dependencyLoop and .dependencyLoop.original
	at ptolemy.actor.util.CausalityInterfaceForComposites._computeOutputPortDepth(CausalityInterfaceForComposites.java:759)
	at ptolemy.actor.util.CausalityInterfaceForComposites._computeInputDepth(CausalityInterfaceForComposites.java:696)
	at ptolemy.actor.util.CausalityInterfaceForComposites._computeOutputPortDepth(CausalityInterfaceForComposites.java:765)
	at ptolemy.actor.util.CausalityInterfaceForComposites._computeInputDepth(CausalityInterfaceForComposites.java:696)
	at ptolemy.actor.util.CausalityInterfaceForComposites._computeOutputPortDepth(CausalityInterfaceForComposites.java:765)
	at ptolemy.actor.util.CausalityInterfaceForComposites._computeInputDepth(CausalityInterfaceForComposites.java:696)
	at ptolemy.actor.util.CausalityInterfaceForComposites._computeActorDepth(CausalityInterfaceForComposites.java:532)
	at ptolemy.actor.util.CausalityInterfaceForComposites.checkForCycles(CausalityInterfaceForComposites.java:96)
	at ptolemy.domains.de.kernel.DEDirector.preinitialize(DEDirector.java:1338)
	at ptolemy.actor.CompositeActor.preinitialize(CompositeActor.java:1828)
	at ptolemy.actor.Manager.preinitializeAndResolveTypes(Manager.java:1040)
	at ptolemy.actor.Manager.initialize(Manager.java:710)
	at ptolemy.actor.Manager.execute(Manager.java:356)
	at ptolemy.actor.Manager.run(Manager.java:1263)
	at ptolemy.actor.Manager$PtolemyRunThread.run(Manager.java:1915)

    while executing
ptolemy.kernel.util.IllegalActionException: Found a zero delay loop containing .dependencyLoop.original
  in .dependencyLoop and .dependencyLoop.original
    while executing
"java::new ptolemy.moml.MoMLSimpleApplication $file
"
    (procedure "createAndExecute" line 2)
    invoked from within
"createAndExecute $file"
    ("uplevel" body line 5)
    invoked from within
"uplevel $contents_of_test"
------------------ testing $PTII/ptolemy/domains/de/test/auto/knownFailedTests/DESDFClockTest.xml (Known Failure) 
2065 ms. Memory: 146944K Free: 121373K (83%)


==== $PTIIhome/travis/build/icyphy/ptII/ptolemy/domains/de/test/../../../../: Auto Automatic test in file $PTII/ptolemy/domains/de/test/auto/knownFailedTests/DESDFClockTest.xml
==== Contents of test case:

	    # FIXME: we should use $relativeFilename here, but it
	    # might have backslashes under Windows, which causes no end
	    # of trouble.
	    createAndExecute $file
	    list {}
	
.... Test generated KNOWN error:
    while executing
ptolemy.kernel.util.IllegalActionException: Actor is not ready to fire.  Perhaps UpSample.prefire() returned false? Try debugging the actor by selecting "Listen to Actor".  Also, for SDF check moml for tokenConsumptionRate on input.
  in .DESDFClockTest.Play Bell.Copy1:SDF Director and .DESDFClockTest.Play Bell.UpSample
	at ptolemy.actor.sched.StaticSchedulingDirector.fire(StaticSchedulingDirector.java:227)
	at ptolemy.domains.sdf.kernel.SDFDirector.fire(SDFDirector.java:500)
	at ptolemy.actor.CompositeActor.fire(CompositeActor.java:455)
	at ptolemy.domains.de.kernel.DEDirector._fire(DEDirector.java:1949)
	at ptolemy.domains.de.kernel.DEDirector.fire(DEDirector.java:502)
	at ptolemy.actor.CompositeActor.fire(CompositeActor.java:455)
	at ptolemy.actor.Manager.iterate(Manager.java:851)
	at ptolemy.actor.Manager.execute(Manager.java:369)
	at ptolemy.actor.Manager.run(Manager.java:1263)
	at ptolemy.actor.Manager$PtolemyRunThread.run(Manager.java:1915)

    while executing
ptolemy.kernel.util.IllegalActionException: Actor is not ready to fire.  Perhaps UpSample.prefire() returned false? Try debugging the actor by selecting "Listen to Actor".  Also, for SDF check moml for tokenConsumptionRate on input.
  in .DESDFClockTest.Play Bell.Copy1:SDF Director and .DESDFClockTest.Play Bell.UpSample
    while executing
"java::new ptolemy.moml.MoMLSimpleApplication $file
"
    (procedure "createAndExecute" line 2)
    invoked from within
"createAndExecute $file"
    ("uplevel" body line 5)
    invoked from within
"uplevel $contents_of_test"
------------------ testing $PTII/ptolemy/domains/de/test/auto/knownFailedTests/FSMSource.xml (Known Failure) 
21 ms. Memory: 146944K Free: 112514K (77%)
!!!! Auto was marked as failing, but now passes
------------------ testing $PTII/ptolemy/domains/de/test/auto/knownFailedTests/dependencyLoop2.xml (Known Failure) 
5 ms. Memory: 146944K Free: 110631K (75%)


==== $PTIIhome/travis/build/icyphy/ptII/ptolemy/domains/de/test/../../../../: Auto Automatic test in file $PTII/ptolemy/domains/de/test/auto/knownFailedTests/dependencyLoop2.xml
==== Contents of test case:

	    # FIXME: we should use $relativeFilename here, but it
	    # might have backslashes under Windows, which causes no end
	    # of trouble.
	    createAndExecute $file
	    list {}
	
.... Test generated KNOWN error:
    while executing
ptolemy.kernel.util.IllegalActionException: Found a zero delay loop containing .dependencyLoop2.original
  in .dependencyLoop2 and .dependencyLoop2.original
	at ptolemy.actor.util.CausalityInterfaceForComposites._computeOutputPortDepth(CausalityInterfaceForComposites.java:759)
	at ptolemy.actor.util.CausalityInterfaceForComposites._computeInputDepth(CausalityInterfaceForComposites.java:696)
	at ptolemy.actor.util.CausalityInterfaceForComposites._computeOutputPortDepth(CausalityInterfaceForComposites.java:765)
	at ptolemy.actor.util.CausalityInterfaceForComposites._computeInputDepth(CausalityInterfaceForComposites.java:696)
	at ptolemy.actor.util.CausalityInterfaceForComposites._computeOutputPortDepth(CausalityInterfaceForComposites.java:765)
	at ptolemy.actor.util.CausalityInterfaceForComposites._computeInputDepth(CausalityInterfaceForComposites.java:696)
	at ptolemy.actor.util.CausalityInterfaceForComposites._computeActorDepth(CausalityInterfaceForComposites.java:532)
	at ptolemy.actor.util.CausalityInterfaceForComposites.checkForCycles(CausalityInterfaceForComposites.java:96)
	at ptolemy.domains.de.kernel.DEDirector.preinitialize(DEDirector.java:1338)
	at ptolemy.actor.CompositeActor.preinitialize(CompositeActor.java:1828)
	at ptolemy.actor.Manager.preinitializeAndResolveTypes(Manager.java:1040)
	at ptolemy.actor.Manager.initialize(Manager.java:710)
	at ptolemy.actor.Manager.execute(Manager.java:356)
	at ptolemy.actor.Manager.run(Manager.java:1263)
	at ptolemy.actor.Manager$PtolemyRunThread.run(Manager.java:1915)

    while executing
ptolemy.kernel.util.IllegalActionException: Found a zero delay loop containing .dependencyLoop2.original
  in .dependencyLoop2 and .dependencyLoop2.original
    while executing
"java::new ptolemy.moml.MoMLSimpleApplication $file
"
    (procedure "createAndExecute" line 2)
    invoked from within
"createAndExecute $file"
    ("uplevel" body line 5)
    invoked from within
"uplevel $contents_of_test"
------------------ testing $PTII/ptolemy/domains/de/test/auto/knownFailedTests/HierarchicalModel.xml (Known Failure) 
5 ms. Memory: 146944K Free: 90454K (62%)


==== $PTIIhome/travis/build/icyphy/ptII/ptolemy/domains/de/test/../../../../: Auto Automatic test in file $PTII/ptolemy/domains/de/test/auto/knownFailedTests/HierarchicalModel.xml
==== Contents of test case:

	    # FIXME: we should use $relativeFilename here, but it
	    # might have backslashes under Windows, which causes no end
	    # of trouble.
	    createAndExecute $file
	    list {}
	
.... Test generated KNOWN error:
    while executing
ptolemy.kernel.util.IllegalActionException: Found a zero delay loop containing .HierarchicalModel.A
  in .HierarchicalModel and .HierarchicalModel.A
	at ptolemy.actor.util.CausalityInterfaceForComposites._computeOutputPortDepth(CausalityInterfaceForComposites.java:759)
	at ptolemy.actor.util.CausalityInterfaceForComposites._computeInputDepth(CausalityInterfaceForComposites.java:696)
	at ptolemy.actor.util.CausalityInterfaceForComposites._computeOutputPortDepth(CausalityInterfaceForComposites.java:765)
	at ptolemy.actor.util.CausalityInterfaceForComposites._computeInputDepth(CausalityInterfaceForComposites.java:696)
	at ptolemy.actor.util.CausalityInterfaceForComposites._computeOutputPortDepth(CausalityInterfaceForComposites.java:765)
	at ptolemy.actor.util.CausalityInterfaceForComposites._computeInputDepth(CausalityInterfaceForComposites.java:696)
	at ptolemy.actor.util.CausalityInterfaceForComposites._computeActorDepth(CausalityInterfaceForComposites.java:532)
	at ptolemy.actor.util.CausalityInterfaceForComposites.checkForCycles(CausalityInterfaceForComposites.java:96)
	at ptolemy.domains.de.kernel.DEDirector.preinitialize(DEDirector.java:1338)
	at ptolemy.actor.CompositeActor.preinitialize(CompositeActor.java:1828)
	at ptolemy.actor.Manager.preinitializeAndResolveTypes(Manager.java:1040)
	at ptolemy.actor.Manager.initialize(Manager.java:710)
	at ptolemy.actor.Manager.execute(Manager.java:356)
	at ptolemy.actor.Manager.run(Manager.java:1263)
	at ptolemy.actor.Manager$PtolemyRunThread.run(Manager.java:1915)

    while executing
ptolemy.kernel.util.IllegalActionException: Found a zero delay loop containing .HierarchicalModel.A
  in .HierarchicalModel and .HierarchicalModel.A
    while executing
"java::new ptolemy.moml.MoMLSimpleApplication $file
"
    (procedure "createAndExecute" line 2)
    invoked from within
"createAndExecute $file"
    ("uplevel" body line 5)
    invoked from within
"uplevel $contents_of_test"
------------------ testing $PTII/ptolemy/domains/de/test/auto/knownFailedTests/DirectFeedback.xml (Known Failure) 
4 ms. Memory: 146944K Free: 86343K (59%)


==== $PTIIhome/travis/build/icyphy/ptII/ptolemy/domains/de/test/../../../../: Auto Automatic test in file $PTII/ptolemy/domains/de/test/auto/knownFailedTests/DirectFeedback.xml
==== Contents of test case:

	    # FIXME: we should use $relativeFilename here, but it
	    # might have backslashes under Windows, which causes no end
	    # of trouble.
	    createAndExecute $file
	    list {}
	
.... Test generated KNOWN error:
    while executing
ptolemy.kernel.util.IllegalActionException: Test fails in iteration 1.
Value was: 1.0. Should have been: 2.0
  in .DirectFeedback.Test
	at ptolemy.actor.lib.Test.fire(Test.java:268)
	at ptolemy.domains.de.kernel.DEDirector._fire(DEDirector.java:1949)
	at ptolemy.domains.de.kernel.DEDirector.fire(DEDirector.java:502)
	at ptolemy.actor.CompositeActor.fire(CompositeActor.java:455)
	at ptolemy.actor.Manager.iterate(Manager.java:851)
	at ptolemy.actor.Manager.execute(Manager.java:369)
	at ptolemy.actor.Manager.run(Manager.java:1263)
	at ptolemy.actor.Manager$PtolemyRunThread.run(Manager.java:1915)

    while executing
ptolemy.kernel.util.IllegalActionException: Test fails in iteration 1.
Value was: 1.0. Should have been: 2.0
  in .DirectFeedback.Test
    while executing
"java::new ptolemy.moml.MoMLSimpleApplication $file
"
    (procedure "createAndExecute" line 2)
    invoked from within
"createAndExecute $file"
    ("uplevel" body line 5)
    invoked from within
"uplevel $contents_of_test"
------------------ testing $PTII/ptolemy/domains/de/test/auto/ActorDepthCalculation_actorWithoutPorts.xml
auto.tcl: Setting watchdog for 200 seconds at Sat Jun 08 04:31:30 UTC 2019
8 ms. Memory: 146944K Free: 138678K (94%)
ptolemy.util.test.WatchDog.cancel(): canceling Sat Jun 08 04:31:30 UTC 2019
auto.tcl: Setting watchdog for 200 seconds at Sat Jun 08 04:31:30 UTC 2019
4 ms. Memory: 146944K Free: 137659K (94%)
ptolemy.util.test.WatchDog.cancel(): canceling Sat Jun 08 04:31:30 UTC 2019
------------------ testing $PTII/ptolemy/domains/de/test/auto/AssemblyLine.xml
auto.tcl: Setting watchdog for 200 seconds at Sat Jun 08 04:31:31 UTC 2019
23 ms. Memory: 208384K Free: 183408K (88%)
ptolemy.util.test.WatchDog.cancel(): canceling Sat Jun 08 04:31:31 UTC 2019
auto.tcl: Setting watchdog for 200 seconds at Sat Jun 08 04:31:31 UTC 2019
7 ms. Memory: 208384K Free: 183408K (88%)
ptolemy.util.test.WatchDog.cancel(): canceling Sat Jun 08 04:31:31 UTC 2019
------------------ testing $PTII/ptolemy/domains/de/test/auto/CQBug1.xml
auto.tcl: Setting watchdog for 200 seconds at Sat Jun 08 04:31:31 UTC 2019
12 ms. Memory: 208384K Free: 197912K (95%)
ptolemy.util.test.WatchDog.cancel(): canceling Sat Jun 08 04:31:31 UTC 2019
auto.tcl: Setting watchdog for 200 seconds at Sat Jun 08 04:31:31 UTC 2019
2 ms. Memory: 208384K Free: 197912K (95%)
ptolemy.util.test.WatchDog.cancel(): canceling Sat Jun 08 04:31:31 UTC 2019
------------------ testing $PTII/ptolemy/domains/de/test/auto/CancelFireAt.xml
auto.tcl: Setting watchdog for 200 seconds at Sat Jun 08 04:31:31 UTC 2019
7 ms. Memory: 208384K Free: 201572K (97%)
ptolemy.util.test.WatchDog.cancel(): canceling Sat Jun 08 04:31:31 UTC 2019
auto.tcl: Setting watchdog for 200 seconds at Sat Jun 08 04:31:31 UTC 2019
2 ms. Memory: 208384K Free: 199533K (96%)
ptolemy.util.test.WatchDog.cancel(): canceling Sat Jun 08 04:31:31 UTC 2019
------------------ testing $PTII/ptolemy/domains/de/test/auto/CausalityAndComposabilityAnalysis.xml
auto.tcl: Setting watchdog for 200 seconds at Sat Jun 08 04:31:31 UTC 2019
7 ms. Memory: 208384K Free: 198611K (95%)
ptolemy.util.test.WatchDog.cancel(): canceling Sat Jun 08 04:31:31 UTC 2019
auto.tcl: Setting watchdog for 200 seconds at Sat Jun 08 04:31:31 UTC 2019
5 ms. Memory: 208384K Free: 196572K (94%)
ptolemy.util.test.WatchDog.cancel(): canceling Sat Jun 08 04:31:31 UTC 2019
------------------ testing $PTII/ptolemy/domains/de/test/auto/CausalityInterface1.xml
auto.tcl: Setting watchdog for 200 seconds at Sat Jun 08 04:31:31 UTC 2019
16 ms. Memory: 208384K Free: 196509K (94%)
ptolemy.util.test.WatchDog.cancel(): canceling Sat Jun 08 04:31:31 UTC 2019
auto.tcl: Setting watchdog for 200 seconds at Sat Jun 08 04:31:31 UTC 2019
3 ms. Memory: 208384K Free: 196509K (94%)
ptolemy.util.test.WatchDog.cancel(): canceling Sat Jun 08 04:31:31 UTC 2019
------------------ testing $PTII/ptolemy/domains/de/test/auto/CausalityInterface15.xml
auto.tcl: Setting watchdog for 200 seconds at Sat Jun 08 04:31:31 UTC 2019
4 ms. Memory: 208384K Free: 196987K (95%)
ptolemy.util.test.WatchDog.cancel(): canceling Sat Jun 08 04:31:31 UTC 2019
auto.tcl: Setting watchdog for 200 seconds at Sat Jun 08 04:31:31 UTC 2019
4 ms. Memory: 208384K Free: 196987K (95%)
ptolemy.util.test.WatchDog.cancel(): canceling Sat Jun 08 04:31:31 UTC 2019
------------------ testing $PTII/ptolemy/domains/de/test/auto/CausalityInterface2.xml
auto.tcl: Setting watchdog for 200 seconds at Sat Jun 08 04:31:31 UTC 2019
4 ms. Memory: 208384K Free: 196483K (94%)
ptolemy.util.test.WatchDog.cancel(): canceling Sat Jun 08 04:31:31 UTC 2019
auto.tcl: Setting watchdog for 200 seconds at Sat Jun 08 04:31:31 UTC 2019
5 ms. Memory: 208384K Free: 196483K (94%)
ptolemy.util.test.WatchDog.cancel(): canceling Sat Jun 08 04:31:31 UTC 2019
------------------ testing $PTII/ptolemy/domains/de/test/auto/CausalityInterface3.xml
auto.tcl: Setting watchdog for 200 seconds at Sat Jun 08 04:31:31 UTC 2019
6 ms. Memory: 208384K Free: 196494K (94%)
ptolemy.util.test.WatchDog.cancel(): canceling Sat Jun 08 04:31:31 UTC 2019
auto.tcl: Setting watchdog for 200 seconds at Sat Jun 08 04:31:31 UTC 2019
3 ms. Memory: 208384K Free: 196494K (94%)
ptolemy.util.test.WatchDog.cancel(): canceling Sat Jun 08 04:31:32 UTC 2019
------------------ testing $PTII/ptolemy/domains/de/test/auto/ClockDrift.xml
auto.tcl: Setting watchdog for 200 seconds at Sat Jun 08 04:31:32 UTC 2019
82 ms. Memory: 208384K Free: 187906K (90%)
ptolemy.util.test.WatchDog.cancel(): canceling Sat Jun 08 04:31:32 UTC 2019
auto.tcl: Setting watchdog for 200 seconds at Sat Jun 08 04:31:32 UTC 2019
38 ms. Memory: 208384K Free: 185866K (89%)
ptolemy.util.test.WatchDog.cancel(): canceling Sat Jun 08 04:31:32 UTC 2019
------------------ testing $PTII/ptolemy/domains/de/test/auto/ClockDriftAndValueChange.xml
auto.tcl: Setting watchdog for 200 seconds at Sat Jun 08 04:31:32 UTC 2019
50 ms. Memory: 208384K Free: 187742K (90%)
ptolemy.util.test.WatchDog.cancel(): canceling Sat Jun 08 04:31:32 UTC 2019
auto.tcl: Setting watchdog for 200 seconds at Sat Jun 08 04:31:32 UTC 2019
38 ms. Memory: 208384K Free: 185702K (89%)
ptolemy.util.test.WatchDog.cancel(): canceling Sat Jun 08 04:31:32 UTC 2019
------------------ testing $PTII/ptolemy/domains/de/test/auto/ClockDriftChange.xml
auto.tcl: Setting watchdog for 200 seconds at Sat Jun 08 04:31:32 UTC 2019
33 ms. Memory: 208384K Free: 191004K (92%)
ptolemy.util.test.WatchDog.cancel(): canceling Sat Jun 08 04:31:32 UTC 2019
auto.tcl: Setting watchdog for 200 seconds at Sat Jun 08 04:31:32 UTC 2019
25 ms. Memory: 208384K Free: 188964K (91%)
ptolemy.util.test.WatchDog.cancel(): canceling Sat Jun 08 04:31:32 UTC 2019
------------------ testing $PTII/ptolemy/domains/de/test/auto/ComposableCausalityAnalysis.xml
auto.tcl: Setting watchdog for 200 seconds at Sat Jun 08 04:31:32 UTC 2019
3 ms. Memory: 208384K Free: 196350K (94%)
ptolemy.util.test.WatchDog.cancel(): canceling Sat Jun 08 04:31:32 UTC 2019
auto.tcl: Setting watchdog for 200 seconds at Sat Jun 08 04:31:32 UTC 2019
2 ms. Memory: 208384K Free: 194310K (93%)
ptolemy.util.test.WatchDog.cancel(): canceling Sat Jun 08 04:31:32 UTC 2019
------------------ testing $PTII/ptolemy/domains/de/test/auto/DEFixedPointLimitation.xml
auto.tcl: Setting watchdog for 200 seconds at Sat Jun 08 04:31:32 UTC 2019
3 ms. Memory: 208384K Free: 198470K (95%)
ptolemy.util.test.WatchDog.cancel(): canceling Sat Jun 08 04:31:32 UTC 2019
auto.tcl: Setting watchdog for 200 seconds at Sat Jun 08 04:31:32 UTC 2019
1 ms. Memory: 208384K Free: 196430K (94%)
ptolemy.util.test.WatchDog.cancel(): canceling Sat Jun 08 04:31:32 UTC 2019
------------------ testing $PTII/ptolemy/domains/de/test/auto/DEScheduleTest.xml
auto.tcl: Setting watchdog for 200 seconds at Sat Jun 08 04:31:32 UTC 2019
4 ms. Memory: 208384K Free: 199025K (96%)
ptolemy.util.test.WatchDog.cancel(): canceling Sat Jun 08 04:31:32 UTC 2019
auto.tcl: Setting watchdog for 200 seconds at Sat Jun 08 04:31:32 UTC 2019
4 ms. Memory: 208384K Free: 196466K (94%)
ptolemy.util.test.WatchDog.cancel(): canceling Sat Jun 08 04:31:32 UTC 2019
------------------ testing $PTII/ptolemy/domains/de/test/auto/DEinDEwithStartTimes.xml
auto.tcl: Setting watchdog for 200 seconds at Sat Jun 08 04:31:32 UTC 2019
7 ms. Memory: 208384K Free: 196436K (94%)
ptolemy.util.test.WatchDog.cancel(): canceling Sat Jun 08 04:31:32 UTC 2019
auto.tcl: Setting watchdog for 200 seconds at Sat Jun 08 04:31:32 UTC 2019
5 ms. Memory: 208384K Free: 196436K (94%)
ptolemy.util.test.WatchDog.cancel(): canceling Sat Jun 08 04:31:32 UTC 2019
------------------ testing $PTII/ptolemy/domains/de/test/auto/DEinDEwithStartTimes2.xml
auto.tcl: Setting watchdog for 200 seconds at Sat Jun 08 04:31:32 UTC 2019
4 ms. Memory: 208384K Free: 196416K (94%)
ptolemy.util.test.WatchDog.cancel(): canceling Sat Jun 08 04:31:32 UTC 2019
auto.tcl: Setting watchdog for 200 seconds at Sat Jun 08 04:31:32 UTC 2019
4 ms. Memory: 208384K Free: 194376K (93%)
ptolemy.util.test.WatchDog.cancel(): canceling Sat Jun 08 04:31:32 UTC 2019
------------------ testing $PTII/ptolemy/domains/de/test/auto/DateDemo.xml
auto.tcl: Setting watchdog for 200 seconds at Sat Jun 08 04:31:33 UTC 2019
15 ms. Memory: 208384K Free: 189026K (91%)
ptolemy.util.test.WatchDog.cancel(): canceling Sat Jun 08 04:31:33 UTC 2019
auto.tcl: Setting watchdog for 200 seconds at Sat Jun 08 04:31:33 UTC 2019
14 ms. Memory: 208384K Free: 186986K (90%)
ptolemy.util.test.WatchDog.cancel(): canceling Sat Jun 08 04:31:33 UTC 2019
------------------ testing $PTII/ptolemy/domains/de/test/auto/DateToEvent.xml
auto.tcl: Setting watchdog for 200 seconds at Sat Jun 08 04:31:33 UTC 2019
2023 ms. Memory: 208384K Free: 183913K (88%)
ptolemy.util.test.WatchDog.cancel(): canceling Sat Jun 08 04:31:35 UTC 2019
auto.tcl: Setting watchdog for 200 seconds at Sat Jun 08 04:31:35 UTC 2019
2006 ms. Memory: 208384K Free: 183913K (88%)
ptolemy.util.test.WatchDog.cancel(): canceling Sat Jun 08 04:31:37 UTC 2019
------------------ testing $PTII/ptolemy/domains/de/test/auto/DepthTest1.xml
auto.tcl: Setting watchdog for 200 seconds at Sat Jun 08 04:31:37 UTC 2019
3 ms. Memory: 208384K Free: 198553K (95%)
ptolemy.util.test.WatchDog.cancel(): canceling Sat Jun 08 04:31:37 UTC 2019
auto.tcl: Setting watchdog for 200 seconds at Sat Jun 08 04:31:37 UTC 2019
1 ms. Memory: 208384K Free: 198553K (95%)
ptolemy.util.test.WatchDog.cancel(): canceling Sat Jun 08 04:31:37 UTC 2019
------------------ testing $PTII/ptolemy/domains/de/test/auto/DepthTest2.xml
auto.tcl: Setting watchdog for 200 seconds at Sat Jun 08 04:31:37 UTC 2019
7 ms. Memory: 208384K Free: 194905K (94%)
ptolemy.util.test.WatchDog.cancel(): canceling Sat Jun 08 04:31:37 UTC 2019
auto.tcl: Setting watchdog for 200 seconds at Sat Jun 08 04:31:37 UTC 2019
5 ms. Memory: 208384K Free: 194905K (94%)
ptolemy.util.test.WatchDog.cancel(): canceling Sat Jun 08 04:31:37 UTC 2019
------------------ testing $PTII/ptolemy/domains/de/test/auto/DepthTest3.xml
auto.tcl: Setting watchdog for 200 seconds at Sat Jun 08 04:31:37 UTC 2019
4 ms. Memory: 208384K Free: 197138K (95%)
ptolemy.util.test.WatchDog.cancel(): canceling Sat Jun 08 04:31:37 UTC 2019
auto.tcl: Setting watchdog for 200 seconds at Sat Jun 08 04:31:37 UTC 2019
2 ms. Memory: 208384K Free: 197138K (95%)
ptolemy.util.test.WatchDog.cancel(): canceling Sat Jun 08 04:31:37 UTC 2019
------------------ testing $PTII/ptolemy/domains/de/test/auto/DepthTest4.xml
auto.tcl: Setting watchdog for 200 seconds at Sat Jun 08 04:31:37 UTC 2019
7 ms. Memory: 208384K Free: 196414K (94%)
ptolemy.util.test.WatchDog.cancel(): canceling Sat Jun 08 04:31:37 UTC 2019
auto.tcl: Setting watchdog for 200 seconds at Sat Jun 08 04:31:37 UTC 2019
5 ms. Memory: 208384K Free: 196414K (94%)
ptolemy.util.test.WatchDog.cancel(): canceling Sat Jun 08 04:31:37 UTC 2019
------------------ testing $PTII/ptolemy/domains/de/test/auto/DepthTest5.xml
auto.tcl: Setting watchdog for 200 seconds at Sat Jun 08 04:31:37 UTC 2019
6 ms. Memory: 208384K Free: 196361K (94%)
ptolemy.util.test.WatchDog.cancel(): canceling Sat Jun 08 04:31:37 UTC 2019
auto.tcl: Setting watchdog for 200 seconds at Sat Jun 08 04:31:37 UTC 2019
2 ms. Memory: 208384K Free: 196361K (94%)
ptolemy.util.test.WatchDog.cancel(): canceling Sat Jun 08 04:31:37 UTC 2019
------------------ testing $PTII/ptolemy/domains/de/test/auto/DepthTest6.xml
auto.tcl: Setting watchdog for 200 seconds at Sat Jun 08 04:31:37 UTC 2019
10 ms. Memory: 208384K Free: 196857K (94%)
ptolemy.util.test.WatchDog.cancel(): canceling Sat Jun 08 04:31:37 UTC 2019
auto.tcl: Setting watchdog for 200 seconds at Sat Jun 08 04:31:37 UTC 2019
3 ms. Memory: 208384K Free: 196857K (94%)
ptolemy.util.test.WatchDog.cancel(): canceling Sat Jun 08 04:31:37 UTC 2019
------------------ testing $PTII/ptolemy/domains/de/test/auto/DepthTest7.xml
auto.tcl: Setting watchdog for 200 seconds at Sat Jun 08 04:31:37 UTC 2019
3 ms. Memory: 208384K Free: 196318K (94%)
ptolemy.util.test.WatchDog.cancel(): canceling Sat Jun 08 04:31:37 UTC 2019
auto.tcl: Setting watchdog for 200 seconds at Sat Jun 08 04:31:37 UTC 2019
2 ms. Memory: 208384K Free: 196318K (94%)
ptolemy.util.test.WatchDog.cancel(): canceling Sat Jun 08 04:31:37 UTC 2019
------------------ testing $PTII/ptolemy/domains/de/test/auto/EventToDate.xml
auto.tcl: Setting watchdog for 200 seconds at Sat Jun 08 04:31:37 UTC 2019
3005 ms. Memory: 208384K Free: 183675K (88%)
ptolemy.util.test.WatchDog.cancel(): canceling Sat Jun 08 04:31:40 UTC 2019
auto.tcl: Setting watchdog for 200 seconds at Sat Jun 08 04:31:40 UTC 2019
3005 ms. Memory: 208384K Free: 183675K (88%)
ptolemy.util.test.WatchDog.cancel(): canceling Sat Jun 08 04:31:43 UTC 2019
------------------ testing $PTII/ptolemy/domains/de/test/auto/FSM1.xml
auto.tcl: Setting watchdog for 200 seconds at Sat Jun 08 04:31:43 UTC 2019
22 ms. Memory: 208384K Free: 190009K (91%)
ptolemy.util.test.WatchDog.cancel(): canceling Sat Jun 08 04:31:43 UTC 2019
auto.tcl: Setting watchdog for 200 seconds at Sat Jun 08 04:31:43 UTC 2019
15 ms. Memory: 208384K Free: 185929K (89%)
ptolemy.util.test.WatchDog.cancel(): canceling Sat Jun 08 04:31:44 UTC 2019
------------------ testing $PTII/ptolemy/domains/de/test/auto/FSM7.xml
auto.tcl: Setting watchdog for 200 seconds at Sat Jun 08 04:31:44 UTC 2019
28 ms. Memory: 208384K Free: 189693K (91%)
ptolemy.util.test.WatchDog.cancel(): canceling Sat Jun 08 04:31:44 UTC 2019
auto.tcl: Setting watchdog for 200 seconds at Sat Jun 08 04:31:44 UTC 2019
23 ms. Memory: 208384K Free: 185613K (89%)
ptolemy.util.test.WatchDog.cancel(): canceling Sat Jun 08 04:31:44 UTC 2019
------------------ testing $PTII/ptolemy/domains/de/test/auto/Inspection.xml
auto.tcl: Setting watchdog for 200 seconds at Sat Jun 08 04:31:44 UTC 2019
25 ms. Memory: 208384K Free: 188865K (91%)
ptolemy.util.test.WatchDog.cancel(): canceling Sat Jun 08 04:31:44 UTC 2019
auto.tcl: Setting watchdog for 200 seconds at Sat Jun 08 04:31:44 UTC 2019
42 ms. Memory: 208384K Free: 186825K (90%)
ptolemy.util.test.WatchDog.cancel(): canceling Sat Jun 08 04:31:44 UTC 2019
------------------ testing $PTII/ptolemy/domains/de/test/auto/Iteration.xml
auto.tcl: Setting watchdog for 200 seconds at Sat Jun 08 04:31:44 UTC 2019
8 ms. Memory: 208384K Free: 196641K (94%)
ptolemy.util.test.WatchDog.cancel(): canceling Sat Jun 08 04:31:44 UTC 2019
auto.tcl: Setting watchdog for 200 seconds at Sat Jun 08 04:31:44 UTC 2019
6 ms. Memory: 208384K Free: 194601K (93%)
ptolemy.util.test.WatchDog.cancel(): canceling Sat Jun 08 04:31:44 UTC 2019
------------------ testing $PTII/ptolemy/domains/de/test/auto/LineFault.xml
auto.tcl: Setting watchdog for 200 seconds at Sat Jun 08 04:31:44 UTC 2019
720 ms. Memory: 208384K Free: 199856K (96%)
ptolemy.util.test.WatchDog.cancel(): canceling Sat Jun 08 04:31:45 UTC 2019
auto.tcl: Setting watchdog for 200 seconds at Sat Jun 08 04:31:45 UTC 2019
612 ms. Memory: 208384K Free: 142486K (68%)
ptolemy.util.test.WatchDog.cancel(): canceling Sat Jun 08 04:31:46 UTC 2019
------------------ testing $PTII/ptolemy/domains/de/test/auto/MergeModel1Add.xml
auto.tcl: Setting watchdog for 200 seconds at Sat Jun 08 04:31:46 UTC 2019
18 ms. Memory: 331264K Free: 300830K (91%)
ptolemy.util.test.WatchDog.cancel(): canceling Sat Jun 08 04:31:46 UTC 2019
auto.tcl: Setting watchdog for 200 seconds at Sat Jun 08 04:31:46 UTC 2019
17 ms. Memory: 331264K Free: 300830K (91%)
ptolemy.util.test.WatchDog.cancel(): canceling Sat Jun 08 04:31:46 UTC 2019
------------------ testing $PTII/ptolemy/domains/de/test/auto/MergeModel2Add.xml
auto.tcl: Setting watchdog for 200 seconds at Sat Jun 08 04:31:46 UTC 2019
9 ms. Memory: 331264K Free: 305748K (92%)
ptolemy.util.test.WatchDog.cancel(): canceling Sat Jun 08 04:31:46 UTC 2019
auto.tcl: Setting watchdog for 200 seconds at Sat Jun 08 04:31:46 UTC 2019
8 ms. Memory: 331264K Free: 302183K (91%)
ptolemy.util.test.WatchDog.cancel(): canceling Sat Jun 08 04:31:46 UTC 2019
------------------ testing $PTII/ptolemy/domains/de/test/auto/MergeModel3Add.xml
auto.tcl: Setting watchdog for 200 seconds at Sat Jun 08 04:31:46 UTC 2019
10 ms. Memory: 331264K Free: 305316K (92%)
ptolemy.util.test.WatchDog.cancel(): canceling Sat Jun 08 04:31:46 UTC 2019
auto.tcl: Setting watchdog for 200 seconds at Sat Jun 08 04:31:46 UTC 2019
5 ms. Memory: 331264K Free: 301751K (91%)
ptolemy.util.test.WatchDog.cancel(): canceling Sat Jun 08 04:31:46 UTC 2019
------------------ testing $PTII/ptolemy/domains/de/test/auto/MergeWithoutDiscard.xml
auto.tcl: Setting watchdog for 200 seconds at Sat Jun 08 04:31:46 UTC 2019
2 ms. Memory: 331264K Free: 316713K (96%)
ptolemy.util.test.WatchDog.cancel(): canceling Sat Jun 08 04:31:46 UTC 2019
auto.tcl: Setting watchdog for 200 seconds at Sat Jun 08 04:31:46 UTC 2019
1 ms. Memory: 331264K Free: 316713K (96%)
ptolemy.util.test.WatchDog.cancel(): canceling Sat Jun 08 04:31:46 UTC 2019
------------------ testing $PTII/ptolemy/domains/de/test/auto/Modal1.xml
auto.tcl: Setting watchdog for 200 seconds at Sat Jun 08 04:31:46 UTC 2019
16 ms. Memory: 331264K Free: 310314K (94%)
ptolemy.util.test.WatchDog.cancel(): canceling Sat Jun 08 04:31:46 UTC 2019
auto.tcl: Setting watchdog for 200 seconds at Sat Jun 08 04:31:46 UTC 2019
10 ms. Memory: 331264K Free: 306749K (93%)
ptolemy.util.test.WatchDog.cancel(): canceling Sat Jun 08 04:31:46 UTC 2019
------------------ testing $PTII/ptolemy/domains/de/test/auto/Modal2.xml
auto.tcl: Setting watchdog for 200 seconds at Sat Jun 08 04:31:46 UTC 2019
20 ms. Memory: 331264K Free: 310188K (94%)
ptolemy.util.test.WatchDog.cancel(): canceling Sat Jun 08 04:31:46 UTC 2019
auto.tcl: Setting watchdog for 200 seconds at Sat Jun 08 04:31:46 UTC 2019
20 ms. Memory: 331264K Free: 306623K (93%)
ptolemy.util.test.WatchDog.cancel(): canceling Sat Jun 08 04:31:46 UTC 2019
------------------ testing $PTII/ptolemy/domains/de/test/auto/Modal3.xml
auto.tcl: Setting watchdog for 200 seconds at Sat Jun 08 04:31:46 UTC 2019
17 ms. Memory: 331264K Free: 310186K (94%)
ptolemy.util.test.WatchDog.cancel(): canceling Sat Jun 08 04:31:46 UTC 2019
auto.tcl: Setting watchdog for 200 seconds at Sat Jun 08 04:31:46 UTC 2019
14 ms. Memory: 331264K Free: 306621K (93%)
ptolemy.util.test.WatchDog.cancel(): canceling Sat Jun 08 04:31:46 UTC 2019
------------------ testing $PTII/ptolemy/domains/de/test/auto/Modal4.xml
auto.tcl: Setting watchdog for 200 seconds at Sat Jun 08 04:31:46 UTC 2019
28 ms. Memory: 331264K Free: 310199K (94%)
ptolemy.util.test.WatchDog.cancel(): canceling Sat Jun 08 04:31:47 UTC 2019
auto.tcl: Setting watchdog for 200 seconds at Sat Jun 08 04:31:47 UTC 2019
19 ms. Memory: 331264K Free: 306634K (93%)
ptolemy.util.test.WatchDog.cancel(): canceling Sat Jun 08 04:31:47 UTC 2019
------------------ testing $PTII/ptolemy/domains/de/test/auto/Modal5.xml
auto.tcl: Setting watchdog for 200 seconds at Sat Jun 08 04:31:47 UTC 2019
17 ms. Memory: 331264K Free: 310186K (94%)
ptolemy.util.test.WatchDog.cancel(): canceling Sat Jun 08 04:31:47 UTC 2019
auto.tcl: Setting watchdog for 200 seconds at Sat Jun 08 04:31:47 UTC 2019
13 ms. Memory: 331264K Free: 306621K (93%)
ptolemy.util.test.WatchDog.cancel(): canceling Sat Jun 08 04:31:47 UTC 2019
------------------ testing $PTII/ptolemy/domains/de/test/auto/Modal6.xml
auto.tcl: Setting watchdog for 200 seconds at Sat Jun 08 04:31:47 UTC 2019
16 ms. Memory: 331264K Free: 310184K (94%)
ptolemy.util.test.WatchDog.cancel(): canceling Sat Jun 08 04:31:47 UTC 2019
auto.tcl: Setting watchdog for 200 seconds at Sat Jun 08 04:31:47 UTC 2019
16 ms. Memory: 331264K Free: 306619K (93%)
ptolemy.util.test.WatchDog.cancel(): canceling Sat Jun 08 04:31:47 UTC 2019
------------------ testing $PTII/ptolemy/domains/de/test/auto/Modal7.xml
auto.tcl: Setting watchdog for 200 seconds at Sat Jun 08 04:31:47 UTC 2019
18 ms. Memory: 331264K Free: 306619K (93%)
ptolemy.util.test.WatchDog.cancel(): canceling Sat Jun 08 04:31:47 UTC 2019
auto.tcl: Setting watchdog for 200 seconds at Sat Jun 08 04:31:47 UTC 2019
11 ms. Memory: 331264K Free: 303054K (91%)
ptolemy.util.test.WatchDog.cancel(): canceling Sat Jun 08 04:31:47 UTC 2019
------------------ testing $PTII/ptolemy/domains/de/test/auto/ModalModel.xml
auto.tcl: Setting watchdog for 200 seconds at Sat Jun 08 04:31:47 UTC 2019
202 ms. Memory: 331264K Free: 247629K (75%)
ptolemy.util.test.WatchDog.cancel(): canceling Sat Jun 08 04:31:47 UTC 2019
auto.tcl: Setting watchdog for 200 seconds at Sat Jun 08 04:31:47 UTC 2019
189 ms. Memory: 331264K Free: 190597K (58%)
ptolemy.util.test.WatchDog.cancel(): canceling Sat Jun 08 04:31:47 UTC 2019
------------------ testing $PTII/ptolemy/domains/de/test/auto/ModalSource.xml
auto.tcl: Setting watchdog for 200 seconds at Sat Jun 08 04:31:48 UTC 2019
11 ms. Memory: 331264K Free: 316238K (95%)
ptolemy.util.test.WatchDog.cancel(): canceling Sat Jun 08 04:31:48 UTC 2019
auto.tcl: Setting watchdog for 200 seconds at Sat Jun 08 04:31:48 UTC 2019
7 ms. Memory: 331264K Free: 312972K (94%)
ptolemy.util.test.WatchDog.cancel(): canceling Sat Jun 08 04:31:48 UTC 2019
------------------ testing $PTII/ptolemy/domains/de/test/auto/NonInterruptibleTimerZeroDelay.xml
auto.tcl: Setting watchdog for 200 seconds at Sat Jun 08 04:31:48 UTC 2019
5 ms. Memory: 331264K Free: 320594K (97%)
ptolemy.util.test.WatchDog.cancel(): canceling Sat Jun 08 04:31:48 UTC 2019
auto.tcl: Setting watchdog for 200 seconds at Sat Jun 08 04:31:48 UTC 2019
2 ms. Memory: 331264K Free: 317329K (96%)
ptolemy.util.test.WatchDog.cancel(): canceling Sat Jun 08 04:31:48 UTC 2019
------------------ testing $PTII/ptolemy/domains/de/test/auto/OpenQueueingNetwork.xml
auto.tcl: Setting watchdog for 200 seconds at Sat Jun 08 04:31:48 UTC 2019
2870 ms. Memory: 573952K Free: 413789K (72%)
ptolemy.util.test.WatchDog.cancel(): canceling Sat Jun 08 04:31:51 UTC 2019
auto.tcl: Setting watchdog for 200 seconds at Sat Jun 08 04:31:51 UTC 2019
2255 ms. Memory: 550912K Free: 309245K (56%)
ptolemy.util.test.WatchDog.cancel(): canceling Sat Jun 08 04:31:53 UTC 2019
------------------ testing $PTII/ptolemy/domains/de/test/auto/OpenQueuingNetwork.xml
auto.tcl: Setting watchdog for 200 seconds at Sat Jun 08 04:31:53 UTC 2019
239 ms. Memory: 549888K Free: 444207K (81%)
ptolemy.util.test.WatchDog.cancel(): canceling Sat Jun 08 04:31:53 UTC 2019
auto.tcl: Setting watchdog for 200 seconds at Sat Jun 08 04:31:53 UTC 2019
229 ms. Memory: 549888K Free: 384851K (70%)
ptolemy.util.test.WatchDog.cancel(): canceling Sat Jun 08 04:31:54 UTC 2019
------------------ testing $PTII/ptolemy/domains/de/test/auto/PeriodicSampler.xml
auto.tcl: Setting watchdog for 200 seconds at Sat Jun 08 04:31:54 UTC 2019
3 ms. Memory: 551936K Free: 534562K (97%)
ptolemy.util.test.WatchDog.cancel(): canceling Sat Jun 08 04:31:54 UTC 2019
auto.tcl: Setting watchdog for 200 seconds at Sat Jun 08 04:31:54 UTC 2019
1 ms. Memory: 551936K Free: 534562K (97%)
ptolemy.util.test.WatchDog.cancel(): canceling Sat Jun 08 04:31:54 UTC 2019
------------------ testing $PTII/ptolemy/domains/de/test/auto/PersistentIO.xml
auto.tcl: Setting watchdog for 200 seconds at Sat Jun 08 04:31:54 UTC 2019
5 ms. Memory: 549376K Free: 526549K (96%)
ptolemy.util.test.WatchDog.cancel(): canceling Sat Jun 08 04:31:54 UTC 2019
auto.tcl: Setting watchdog for 200 seconds at Sat Jun 08 04:31:54 UTC 2019
3 ms. Memory: 549376K Free: 526549K (96%)
ptolemy.util.test.WatchDog.cancel(): canceling Sat Jun 08 04:31:54 UTC 2019
------------------ testing $PTII/ptolemy/domains/de/test/auto/PortParameterResetOnInitialize.xml
auto.tcl: Setting watchdog for 200 seconds at Sat Jun 08 04:31:54 UTC 2019
6 ms. Memory: 551424K Free: 530374K (96%)
ptolemy.util.test.WatchDog.cancel(): canceling Sat Jun 08 04:31:54 UTC 2019
auto.tcl: Setting watchdog for 200 seconds at Sat Jun 08 04:31:54 UTC 2019
1 ms. Memory: 551424K Free: 530374K (96%)
ptolemy.util.test.WatchDog.cancel(): canceling Sat Jun 08 04:31:54 UTC 2019
------------------ testing $PTII/ptolemy/domains/de/test/auto/PortParameterUpdates.xml
auto.tcl: Setting watchdog for 200 seconds at Sat Jun 08 04:31:54 UTC 2019
3 ms. Memory: 549376K Free: 528460K (96%)
ptolemy.util.test.WatchDog.cancel(): canceling Sat Jun 08 04:31:54 UTC 2019
auto.tcl: Setting watchdog for 200 seconds at Sat Jun 08 04:31:54 UTC 2019
3 ms. Memory: 549376K Free: 528460K (96%)
ptolemy.util.test.WatchDog.cancel(): canceling Sat Jun 08 04:31:54 UTC 2019
------------------ testing $PTII/ptolemy/domains/de/test/auto/QueueAndServer.xml
auto.tcl: Setting watchdog for 200 seconds at Sat Jun 08 04:31:54 UTC 2019
18 ms. Memory: 551424K Free: 529929K (96%)
ptolemy.util.test.WatchDog.cancel(): canceling Sat Jun 08 04:31:54 UTC 2019
auto.tcl: Setting watchdog for 200 seconds at Sat Jun 08 04:31:54 UTC 2019
6 ms. Memory: 551424K Free: 523334K (95%)
ptolemy.util.test.WatchDog.cancel(): canceling Sat Jun 08 04:31:54 UTC 2019
------------------ testing $PTII/ptolemy/domains/de/test/auto/Records.xml
auto.tcl: Setting watchdog for 200 seconds at Sat Jun 08 04:31:54 UTC 2019
11 ms. Memory: 549376K Free: 527822K (96%)
ptolemy.util.test.WatchDog.cancel(): canceling Sat Jun 08 04:31:54 UTC 2019
auto.tcl: Setting watchdog for 200 seconds at Sat Jun 08 04:31:54 UTC 2019
2 ms. Memory: 549376K Free: 527822K (96%)
ptolemy.util.test.WatchDog.cancel(): canceling Sat Jun 08 04:31:54 UTC 2019
------------------ testing $PTII/ptolemy/domains/de/test/auto/ResetTransitionWithStartTime1.xml
auto.tcl: Setting watchdog for 200 seconds at Sat Jun 08 04:31:54 UTC 2019
15 ms. Memory: 551424K Free: 534574K (97%)
ptolemy.util.test.WatchDog.cancel(): canceling Sat Jun 08 04:31:54 UTC 2019
auto.tcl: Setting watchdog for 200 seconds at Sat Jun 08 04:31:54 UTC 2019
8 ms. Memory: 551424K Free: 527963K (96%)
ptolemy.util.test.WatchDog.cancel(): canceling Sat Jun 08 04:31:54 UTC 2019
------------------ testing $PTII/ptolemy/domains/de/test/auto/ResetTransitionWithStartTime2.xml
auto.tcl: Setting watchdog for 200 seconds at Sat Jun 08 04:31:54 UTC 2019
5 ms. Memory: 549376K Free: 533060K (97%)
ptolemy.util.test.WatchDog.cancel(): canceling Sat Jun 08 04:31:54 UTC 2019
auto.tcl: Setting watchdog for 200 seconds at Sat Jun 08 04:31:54 UTC 2019
5 ms. Memory: 549376K Free: 526457K (96%)
ptolemy.util.test.WatchDog.cancel(): canceling Sat Jun 08 04:31:54 UTC 2019
------------------ testing $PTII/ptolemy/domains/de/test/auto/ResetTransitionWithStartTime3.xml
auto.tcl: Setting watchdog for 200 seconds at Sat Jun 08 04:31:54 UTC 2019
7 ms. Memory: 550912K Free: 533914K (97%)
ptolemy.util.test.WatchDog.cancel(): canceling Sat Jun 08 04:31:54 UTC 2019
auto.tcl: Setting watchdog for 200 seconds at Sat Jun 08 04:31:54 UTC 2019
6 ms. Memory: 550912K Free: 527311K (96%)
ptolemy.util.test.WatchDog.cancel(): canceling Sat Jun 08 04:31:54 UTC 2019
------------------ testing $PTII/ptolemy/domains/de/test/auto/ResetTransitionWithStartTime4.xml
auto.tcl: Setting watchdog for 200 seconds at Sat Jun 08 04:31:54 UTC 2019
3 ms. Memory: 549376K Free: 532376K (97%)
ptolemy.util.test.WatchDog.cancel(): canceling Sat Jun 08 04:31:54 UTC 2019
auto.tcl: Setting watchdog for 200 seconds at Sat Jun 08 04:31:54 UTC 2019
4 ms. Memory: 549376K Free: 525765K (96%)
ptolemy.util.test.WatchDog.cancel(): canceling Sat Jun 08 04:31:54 UTC 2019
------------------ testing $PTII/ptolemy/domains/de/test/auto/ResettableTimer1.xml
auto.tcl: Setting watchdog for 200 seconds at Sat Jun 08 04:31:54 UTC 2019
2 ms. Memory: 550912K Free: 533907K (97%)
ptolemy.util.test.WatchDog.cancel(): canceling Sat Jun 08 04:31:54 UTC 2019
auto.tcl: Setting watchdog for 200 seconds at Sat Jun 08 04:31:54 UTC 2019
2 ms. Memory: 550912K Free: 533907K (97%)
ptolemy.util.test.WatchDog.cancel(): canceling Sat Jun 08 04:31:54 UTC 2019
------------------ testing $PTII/ptolemy/domains/de/test/auto/ResettableTimer2.xml
auto.tcl: Setting watchdog for 200 seconds at Sat Jun 08 04:31:55 UTC 2019
8 ms. Memory: 549376K Free: 532972K (97%)
ptolemy.util.test.WatchDog.cancel(): canceling Sat Jun 08 04:31:55 UTC 2019
auto.tcl: Setting watchdog for 200 seconds at Sat Jun 08 04:31:55 UTC 2019
2 ms. Memory: 549376K Free: 532972K (97%)
ptolemy.util.test.WatchDog.cancel(): canceling Sat Jun 08 04:31:55 UTC 2019
------------------ testing $PTII/ptolemy/domains/de/test/auto/ResettableTimer3.xml
auto.tcl: Setting watchdog for 200 seconds at Sat Jun 08 04:31:55 UTC 2019
1 ms. Memory: 550912K Free: 533965K (97%)
ptolemy.util.test.WatchDog.cancel(): canceling Sat Jun 08 04:31:55 UTC 2019
auto.tcl: Setting watchdog for 200 seconds at Sat Jun 08 04:31:55 UTC 2019
1 ms. Memory: 550912K Free: 533965K (97%)
ptolemy.util.test.WatchDog.cancel(): canceling Sat Jun 08 04:31:55 UTC 2019
------------------ testing $PTII/ptolemy/domains/de/test/auto/ResettableTimer4.xml
auto.tcl: Setting watchdog for 200 seconds at Sat Jun 08 04:31:55 UTC 2019
1 ms. Memory: 549376K Free: 532984K (97%)
ptolemy.util.test.WatchDog.cancel(): canceling Sat Jun 08 04:31:55 UTC 2019
auto.tcl: Setting watchdog for 200 seconds at Sat Jun 08 04:31:55 UTC 2019
2 ms. Memory: 549376K Free: 532984K (97%)
ptolemy.util.test.WatchDog.cancel(): canceling Sat Jun 08 04:31:55 UTC 2019
------------------ testing $PTII/ptolemy/domains/de/test/auto/ResettableTimer5.xml
auto.tcl: Setting watchdog for 200 seconds at Sat Jun 08 04:31:55 UTC 2019
1 ms. Memory: 550400K Free: 529327K (96%)
ptolemy.util.test.WatchDog.cancel(): canceling Sat Jun 08 04:31:55 UTC 2019
auto.tcl: Setting watchdog for 200 seconds at Sat Jun 08 04:31:55 UTC 2019
2 ms. Memory: 550400K Free: 529327K (96%)
ptolemy.util.test.WatchDog.cancel(): canceling Sat Jun 08 04:31:55 UTC 2019
------------------ testing $PTII/ptolemy/domains/de/test/auto/ResettableTimer6.xml
auto.tcl: Setting watchdog for 200 seconds at Sat Jun 08 04:31:55 UTC 2019
1 ms. Memory: 549376K Free: 527709K (96%)
ptolemy.util.test.WatchDog.cancel(): canceling Sat Jun 08 04:31:55 UTC 2019
auto.tcl: Setting watchdog for 200 seconds at Sat Jun 08 04:31:55 UTC 2019
1 ms. Memory: 549376K Free: 527709K (96%)
ptolemy.util.test.WatchDog.cancel(): canceling Sat Jun 08 04:31:55 UTC 2019
------------------ testing $PTII/ptolemy/domains/de/test/auto/ServerZeroDelay.xml
auto.tcl: Setting watchdog for 200 seconds at Sat Jun 08 04:31:55 UTC 2019
5 ms. Memory: 550400K Free: 533947K (97%)
ptolemy.util.test.WatchDog.cancel(): canceling Sat Jun 08 04:31:55 UTC 2019
auto.tcl: Setting watchdog for 200 seconds at Sat Jun 08 04:31:55 UTC 2019
2 ms. Memory: 550400K Free: 533947K (97%)
ptolemy.util.test.WatchDog.cancel(): canceling Sat Jun 08 04:31:55 UTC 2019
------------------ testing $PTII/ptolemy/domains/de/test/auto/SmartSender.xml
auto.tcl: Setting watchdog for 200 seconds at Sat Jun 08 04:31:55 UTC 2019
3002 ms. Memory: 549376K Free: 528238K (96%)
ptolemy.util.test.WatchDog.cancel(): canceling Sat Jun 08 04:31:58 UTC 2019
auto.tcl: Setting watchdog for 200 seconds at Sat Jun 08 04:31:58 UTC 2019
3002 ms. Memory: 549376K Free: 528238K (96%)
ptolemy.util.test.WatchDog.cancel(): canceling Sat Jun 08 04:32:01 UTC 2019
------------------ testing $PTII/ptolemy/domains/de/test/auto/ThreadedComposite.xml
auto.tcl: Setting watchdog for 200 seconds at Sat Jun 08 04:32:01 UTC 2019
205 ms. Memory: 550400K Free: 512778K (93%)
ptolemy.util.test.WatchDog.cancel(): canceling Sat Jun 08 04:32:01 UTC 2019
auto.tcl: Setting watchdog for 200 seconds at Sat Jun 08 04:32:01 UTC 2019
116 ms. Memory: 550400K Free: 487465K (89%)
ptolemy.util.test.WatchDog.cancel(): canceling Sat Jun 08 04:32:01 UTC 2019
------------------ testing $PTII/ptolemy/domains/de/test/auto/Time.xml
auto.tcl: Setting watchdog for 200 seconds at Sat Jun 08 04:32:01 UTC 2019
484 ms. Memory: 549376K Free: 475943K (87%)
ptolemy.util.test.WatchDog.cancel(): canceling Sat Jun 08 04:32:02 UTC 2019
auto.tcl: Setting watchdog for 200 seconds at Sat Jun 08 04:32:02 UTC 2019
491 ms. Memory: 549376K Free: 416587K (76%)
ptolemy.util.test.WatchDog.cancel(): canceling Sat Jun 08 04:32:02 UTC 2019
------------------ testing $PTII/ptolemy/domains/de/test/auto/TimeDelayZeroDelay.xml
auto.tcl: Setting watchdog for 200 seconds at Sat Jun 08 04:32:02 UTC 2019
1 ms. Memory: 550400K Free: 533321K (97%)
ptolemy.util.test.WatchDog.cancel(): canceling Sat Jun 08 04:32:02 UTC 2019
auto.tcl: Setting watchdog for 200 seconds at Sat Jun 08 04:32:02 UTC 2019
2 ms. Memory: 550400K Free: 533321K (97%)
ptolemy.util.test.WatchDog.cancel(): canceling Sat Jun 08 04:32:02 UTC 2019
------------------ testing $PTII/ptolemy/domains/de/test/auto/TimerZeroDelay.xml
auto.tcl: Setting watchdog for 200 seconds at Sat Jun 08 04:32:03 UTC 2019
2 ms. Memory: 549376K Free: 532341K (97%)
ptolemy.util.test.WatchDog.cancel(): canceling Sat Jun 08 04:32:03 UTC 2019
auto.tcl: Setting watchdog for 200 seconds at Sat Jun 08 04:32:03 UTC 2019
2 ms. Memory: 549376K Free: 532341K (97%)
ptolemy.util.test.WatchDog.cancel(): canceling Sat Jun 08 04:32:03 UTC 2019
------------------ testing $PTII/ptolemy/domains/de/test/auto/TimingParadox.xml
auto.tcl: Setting watchdog for 200 seconds at Sat Jun 08 04:32:03 UTC 2019
360 ms. Memory: 549888K Free: 462392K (84%)
ptolemy.util.test.WatchDog.cancel(): canceling Sat Jun 08 04:32:03 UTC 2019
auto.tcl: Setting watchdog for 200 seconds at Sat Jun 08 04:32:03 UTC 2019
396 ms. Memory: 549888K Free: 429416K (78%)
ptolemy.util.test.WatchDog.cancel(): canceling Sat Jun 08 04:32:03 UTC 2019
------------------ testing $PTII/ptolemy/domains/de/test/auto/TransferInputs.xml
auto.tcl: Setting watchdog for 200 seconds at Sat Jun 08 04:32:04 UTC 2019
1 ms. Memory: 549888K Free: 532356K (97%)
ptolemy.util.test.WatchDog.cancel(): canceling Sat Jun 08 04:32:04 UTC 2019
auto.tcl: Setting watchdog for 200 seconds at Sat Jun 08 04:32:04 UTC 2019
1 ms. Memory: 549888K Free: 532356K (97%)
ptolemy.util.test.WatchDog.cancel(): canceling Sat Jun 08 04:32:04 UTC 2019
------------------ testing $PTII/ptolemy/domains/de/test/auto/TransferOutputs2.xml
auto.tcl: Setting watchdog for 200 seconds at Sat Jun 08 04:32:04 UTC 2019
3 ms. Memory: 549376K Free: 526334K (96%)
ptolemy.util.test.WatchDog.cancel(): canceling Sat Jun 08 04:32:04 UTC 2019
auto.tcl: Setting watchdog for 200 seconds at Sat Jun 08 04:32:04 UTC 2019
3 ms. Memory: 549376K Free: 526334K (96%)
ptolemy.util.test.WatchDog.cancel(): canceling Sat Jun 08 04:32:04 UTC 2019
------------------ testing $PTII/ptolemy/domains/de/test/auto/Trilateration.xml
auto.tcl: Setting watchdog for 200 seconds at Sat Jun 08 04:32:04 UTC 2019
13621 ms. Memory: 453632K Free: 137948K (30%)
ptolemy.util.test.WatchDog.cancel(): canceling Sat Jun 08 04:32:18 UTC 2019
auto.tcl: Setting watchdog for 200 seconds at Sat Jun 08 04:32:18 UTC 2019
10596 ms. Memory: 331264K Free: 245068K (74%)
ptolemy.util.test.WatchDog.cancel(): canceling Sat Jun 08 04:32:29 UTC 2019
------------------ testing $PTII/ptolemy/domains/de/test/auto/TwoSigmaDelta.xml
auto.tcl: Setting watchdog for 200 seconds at Sat Jun 08 04:32:29 UTC 2019
2618 ms. Memory: 320000K Free: 266180K (83%)
ptolemy.util.test.WatchDog.cancel(): canceling Sat Jun 08 04:32:32 UTC 2019
auto.tcl: Setting watchdog for 200 seconds at Sat Jun 08 04:32:32 UTC 2019
2019 ms. Memory: 307712K Free: 256787K (83%)
ptolemy.util.test.WatchDog.cancel(): canceling Sat Jun 08 04:32:34 UTC 2019
------------------ testing $PTII/ptolemy/domains/de/test/auto/VariableDelay.xml
auto.tcl: Setting watchdog for 200 seconds at Sat Jun 08 04:32:34 UTC 2019
4 ms. Memory: 309760K Free: 292878K (95%)
ptolemy.util.test.WatchDog.cancel(): canceling Sat Jun 08 04:32:34 UTC 2019
auto.tcl: Setting watchdog for 200 seconds at Sat Jun 08 04:32:34 UTC 2019
1 ms. Memory: 309760K Free: 292878K (95%)
ptolemy.util.test.WatchDog.cancel(): canceling Sat Jun 08 04:32:34 UTC 2019
------------------ testing $PTII/ptolemy/domains/de/test/auto/VariableDelay2.xml
auto.tcl: Setting watchdog for 200 seconds at Sat Jun 08 04:32:34 UTC 2019
2 ms. Memory: 307712K Free: 293519K (95%)
ptolemy.util.test.WatchDog.cancel(): canceling Sat Jun 08 04:32:34 UTC 2019
auto.tcl: Setting watchdog for 200 seconds at Sat Jun 08 04:32:34 UTC 2019
1 ms. Memory: 307712K Free: 293519K (95%)
ptolemy.util.test.WatchDog.cancel(): canceling Sat Jun 08 04:32:34 UTC 2019
------------------ testing $PTII/ptolemy/domains/de/test/auto/VariableDelayZeroDelay.xml
auto.tcl: Setting watchdog for 200 seconds at Sat Jun 08 04:32:34 UTC 2019
4 ms. Memory: 309248K Free: 296121K (96%)
ptolemy.util.test.WatchDog.cancel(): canceling Sat Jun 08 04:32:34 UTC 2019
auto.tcl: Setting watchdog for 200 seconds at Sat Jun 08 04:32:34 UTC 2019
2 ms. Memory: 309248K Free: 292799K (95%)
ptolemy.util.test.WatchDog.cancel(): canceling Sat Jun 08 04:32:34 UTC 2019
------------------ testing $PTII/ptolemy/domains/de/test/auto/VariableDelayZeroDelay2.xml
auto.tcl: Setting watchdog for 200 seconds at Sat Jun 08 04:32:34 UTC 2019
4 ms. Memory: 307712K Free: 294583K (96%)
ptolemy.util.test.WatchDog.cancel(): canceling Sat Jun 08 04:32:34 UTC 2019
auto.tcl: Setting watchdog for 200 seconds at Sat Jun 08 04:32:34 UTC 2019
2 ms. Memory: 307712K Free: 291253K (95%)
ptolemy.util.test.WatchDog.cancel(): canceling Sat Jun 08 04:32:34 UTC 2019
------------------ testing $PTII/ptolemy/domains/de/test/auto/deInCt.xml
auto.tcl: Setting watchdog for 200 seconds at Sat Jun 08 04:32:34 UTC 2019
0
1
1
1
0
0
0
1
1
1
0
0
0
1
1
1
1
0
0
0
1
1
1
0
0
0
1
1
1
1
0
0
1
1
1
0
0
0
0
1
1
1
1
11 ms. Memory: 309248K Free: 292766K (95%)
ptolemy.util.test.WatchDog.cancel(): canceling Sat Jun 08 04:32:34 UTC 2019
auto.tcl: Setting watchdog for 200 seconds at Sat Jun 08 04:32:34 UTC 2019
0
1
1
1
0
0
1
1
1
0
0
0
0
1
1
1
0
0
0
0
0
1
1
0
0
0
0
0
0
0
1
1
1
1
6 ms. Memory: 309248K Free: 292766K (95%)
ptolemy.util.test.WatchDog.cancel(): canceling Sat Jun 08 04:32:34 UTC 2019
------------------ testing $PTII/ptolemy/domains/de/test/auto/deInCt2.xml
auto.tcl: Setting watchdog for 200 seconds at Sat Jun 08 04:32:34 UTC 2019
0
1
1
1
0
0
1
1
1
0
0
1
1
1
0
0
1
1
1
0
0
1
1
1
0
0
1
1
1
0
0
1
1
1
0
0
1
1
1
0
0
0
8 ms. Memory: 307712K Free: 291249K (95%)
ptolemy.util.test.WatchDog.cancel(): canceling Sat Jun 08 04:32:34 UTC 2019
auto.tcl: Setting watchdog for 200 seconds at Sat Jun 08 04:32:34 UTC 2019
0
1
1
1
0
0
1
1
1
0
0
1
1
1
0
0
1
1
1
0
0
1
1
1
0
0
1
1
1
0
0
1
1
1
0
0
1
1
1
0
0
0
5 ms. Memory: 307712K Free: 291249K (95%)
ptolemy.util.test.WatchDog.cancel(): canceling Sat Jun 08 04:32:34 UTC 2019
------------------ testing $PTII/ptolemy/domains/de/test/auto/dynamicCausalityInterface1.xml
auto.tcl: Setting watchdog for 200 seconds at Sat Jun 08 04:32:34 UTC 2019
1 ms. Memory: 308736K Free: 288955K (94%)
ptolemy.util.test.WatchDog.cancel(): canceling Sat Jun 08 04:32:34 UTC 2019
auto.tcl: Setting watchdog for 200 seconds at Sat Jun 08 04:32:34 UTC 2019
1 ms. Memory: 308736K Free: 288955K (94%)
ptolemy.util.test.WatchDog.cancel(): canceling Sat Jun 08 04:32:34 UTC 2019
------------------ testing $PTII/ptolemy/domains/de/test/auto/fsm_de_test.xml
auto.tcl: Setting watchdog for 200 seconds at Sat Jun 08 04:32:34 UTC 2019
6 ms. Memory: 307712K Free: 287810K (94%)
ptolemy.util.test.WatchDog.cancel(): canceling Sat Jun 08 04:32:34 UTC 2019
auto.tcl: Setting watchdog for 200 seconds at Sat Jun 08 04:32:34 UTC 2019
5 ms. Memory: 307712K Free: 287810K (94%)
ptolemy.util.test.WatchDog.cancel(): canceling Sat Jun 08 04:32:34 UTC 2019
------------------ testing $PTII/ptolemy/domains/de/test/auto/functionDependencyReconstruction.xml
auto.tcl: Setting watchdog for 200 seconds at Sat Jun 08 04:32:34 UTC 2019
2 ms. Memory: 308736K Free: 282180K (91%)
ptolemy.util.test.WatchDog.cancel(): canceling Sat Jun 08 04:32:34 UTC 2019
auto.tcl: Setting watchdog for 200 seconds at Sat Jun 08 04:32:34 UTC 2019
2 ms. Memory: 308736K Free: 282180K (91%)
ptolemy.util.test.WatchDog.cancel(): canceling Sat Jun 08 04:32:34 UTC 2019
------------------ testing $PTII/ptolemy/domains/de/test/auto/multirate.xml
auto.tcl: Setting watchdog for 200 seconds at Sat Jun 08 04:32:34 UTC 2019
6 ms. Memory: 307712K Free: 291007K (95%)
ptolemy.util.test.WatchDog.cancel(): canceling Sat Jun 08 04:32:34 UTC 2019
auto.tcl: Setting watchdog for 200 seconds at Sat Jun 08 04:32:34 UTC 2019
3 ms. Memory: 307712K Free: 287673K (93%)
ptolemy.util.test.WatchDog.cancel(): canceling Sat Jun 08 04:32:34 UTC 2019
------------------ testing $PTII/ptolemy/domains/de/test/auto/multirate2.xml
auto.tcl: Setting watchdog for 200 seconds at Sat Jun 08 04:32:35 UTC 2019
4 ms. Memory: 308736K Free: 292218K (95%)
ptolemy.util.test.WatchDog.cancel(): canceling Sat Jun 08 04:32:35 UTC 2019
auto.tcl: Setting watchdog for 200 seconds at Sat Jun 08 04:32:35 UTC 2019
3 ms. Memory: 308736K Free: 288904K (94%)
ptolemy.util.test.WatchDog.cancel(): canceling Sat Jun 08 04:32:35 UTC 2019
------------------ testing $PTII/ptolemy/domains/de/test/auto/realtime.xml
auto.tcl: Setting watchdog for 200 seconds at Sat Jun 08 04:32:35 UTC 2019
10006 ms. Memory: 307712K Free: 291172K (95%)
ptolemy.util.test.WatchDog.cancel(): canceling Sat Jun 08 04:32:45 UTC 2019
auto.tcl: Setting watchdog for 200 seconds at Sat Jun 08 04:32:45 UTC 2019
10002 ms. Memory: 307712K Free: 291172K (95%)
ptolemy.util.test.WatchDog.cancel(): canceling Sat Jun 08 04:32:55 UTC 2019
------------------ testing $PTII/ptolemy/domains/de/test/auto/relationGroup.xml
auto.tcl: Setting watchdog for 200 seconds at Sat Jun 08 04:32:55 UTC 2019
2 ms. Memory: 308224K Free: 297323K (96%)
ptolemy.util.test.WatchDog.cancel(): canceling Sat Jun 08 04:32:55 UTC 2019
auto.tcl: Setting watchdog for 200 seconds at Sat Jun 08 04:32:55 UTC 2019
2 ms. Memory: 308224K Free: 297323K (96%)
ptolemy.util.test.WatchDog.cancel(): canceling Sat Jun 08 04:32:55 UTC 2019
------------------ testing $PTII/ptolemy/domains/de/test/auto/relationGroup2.xml
auto.tcl: Setting watchdog for 200 seconds at Sat Jun 08 04:32:55 UTC 2019
1 ms. Memory: 307712K Free: 294575K (96%)
ptolemy.util.test.WatchDog.cancel(): canceling Sat Jun 08 04:32:55 UTC 2019
auto.tcl: Setting watchdog for 200 seconds at Sat Jun 08 04:32:55 UTC 2019
2 ms. Memory: 307712K Free: 294575K (96%)
ptolemy.util.test.WatchDog.cancel(): canceling Sat Jun 08 04:32:55 UTC 2019
------------------ testing $PTII/ptolemy/domains/de/test/auto/sortWithOpaquePorts.xml
auto.tcl: Setting watchdog for 200 seconds at Sat Jun 08 04:32:55 UTC 2019
2 ms. Memory: 308224K Free: 291758K (95%)
ptolemy.util.test.WatchDog.cancel(): canceling Sat Jun 08 04:32:55 UTC 2019
auto.tcl: Setting watchdog for 200 seconds at Sat Jun 08 04:32:55 UTC 2019
1 ms. Memory: 308224K Free: 291758K (95%)
ptolemy.util.test.WatchDog.cancel(): canceling Sat Jun 08 04:32:55 UTC 2019
------------------ testing $PTII/ptolemy/domains/de/test/auto/transferInputsandOutputs.xml
auto.tcl: Setting watchdog for 200 seconds at Sat Jun 08 04:32:55 UTC 2019
2 ms. Memory: 307712K Free: 291249K (95%)
ptolemy.util.test.WatchDog.cancel(): canceling Sat Jun 08 04:32:55 UTC 2019
auto.tcl: Setting watchdog for 200 seconds at Sat Jun 08 04:32:55 UTC 2019
2 ms. Memory: 307712K Free: 287919K (94%)
ptolemy.util.test.WatchDog.cancel(): canceling Sat Jun 08 04:32:55 UTC 2019
------------------ testing $PTII/ptolemy/domains/de/test/auto/triggerType.xml
auto.tcl: Setting watchdog for 200 seconds at Sat Jun 08 04:32:55 UTC 2019
2 ms. Memory: 308224K Free: 295025K (96%)
ptolemy.util.test.WatchDog.cancel(): canceling Sat Jun 08 04:32:55 UTC 2019
auto.tcl: Setting watchdog for 200 seconds at Sat Jun 08 04:32:55 UTC 2019
1 ms. Memory: 308224K Free: 291695K (95%)
ptolemy.util.test.WatchDog.cancel(): canceling Sat Jun 08 04:32:55 UTC 2019
06/08/19 04:32:55
Failed: 0  Total Tests: 192  ((Passed: 187, Newly Passed: 1)  Known Failed: 5) /home/travis/build/icyphy/ptII/ptolemy/domains/de/test
06/08/19 04:32:55
Failed: 0  Total Tests: 192  ((Passed: 187, Newly Passed: 1)  Known Failed: 5) /home/travis/build/icyphy/ptII/ptolemy/domains/de/test
----------------- testing (KnownFailure) /home/travis/build/icyphy/ptII/ptolemy/domains/de/test/auto/knownFailedTests/DESDFClockTest.xml
2017 ms. Memory: 307712K Free: 285493K (93%)
Known Failure: java.lang.reflect.InvocationTargetException
----------------- testing (KnownFailure) /home/travis/build/icyphy/ptII/ptolemy/domains/de/test/auto/knownFailedTests/DirectFeedback.xml
2 ms. Memory: 307712K Free: 267388K (87%)
Known Failure: java.lang.reflect.InvocationTargetException
----------------- testing (KnownFailure) /home/travis/build/icyphy/ptII/ptolemy/domains/de/test/auto/knownFailedTests/FSMSource.xml
4 ms. Memory: 307712K Free: 244741K (80%)
----------------- testing (KnownFailure) /home/travis/build/icyphy/ptII/ptolemy/domains/de/test/auto/knownFailedTests/HierarchicalModel.xml
3 ms. Memory: 307712K Free: 222087K (72%)
Known Failure: java.lang.reflect.InvocationTargetException
----------------- testing (KnownFailure) /home/travis/build/icyphy/ptII/ptolemy/domains/de/test/auto/knownFailedTests/dependencyLoop.xml
2 ms. Memory: 307712K Free: 190372K (62%)
Known Failure: java.lang.reflect.InvocationTargetException
----------------- testing (KnownFailure) /home/travis/build/icyphy/ptII/ptolemy/domains/de/test/auto/knownFailedTests/dependencyLoop2.xml
3 ms. Memory: 307712K Free: 158673K (52%)
Known Failure: java.lang.reflect.InvocationTargetException
No auto/linux-amd64/*.xml tests in /home/travis/build/icyphy/ptII/ptolemy/domains/de/test
AutoTests.java: About to close Vertx.
AutoTests.java: Vertx closed.

===========================================================================================
----------------- testing Sat Jun 08 04:32:57 UTC 2019 /home/travis/build/icyphy/ptII/ptolemy/domains/de/test/auto/ActorDepthCalculation_actorWithoutPorts.xml
----------------- Instantiating /home/travis/build/icyphy/ptII/ptolemy/domains/de/test/auto/ActorDepthCalculation_actorWithoutPorts.xml
3 ms. Memory: 307712K Free: 136042K (44%)
----------------- Invoking toplevel() on ptolemy.moml.MoMLSimpleApplication@7c91e548
----------------- Done invoking toplevel() on ptolemy.moml.MoMLSimpleApplication@7c91e548
reloadAllAccessors: .ActorDepthCalculation_actorWithoutPorts

===========================================================================================
----------------- testing Sat Jun 08 04:32:57 UTC 2019 /home/travis/build/icyphy/ptII/ptolemy/domains/de/test/auto/AssemblyLine.xml
----------------- Instantiating /home/travis/build/icyphy/ptII/ptolemy/domains/de/test/auto/AssemblyLine.xml
6 ms. Memory: 307712K Free: 122448K (40%)
----------------- Invoking toplevel() on ptolemy.moml.MoMLSimpleApplication@3443f04b
----------------- Done invoking toplevel() on ptolemy.moml.MoMLSimpleApplication@3443f04b
reloadAllAccessors: .AssemblyLine

===========================================================================================
----------------- testing Sat Jun 08 04:32:57 UTC 2019 /home/travis/build/icyphy/ptII/ptolemy/domains/de/test/auto/CQBug1.xml
----------------- Instantiating /home/travis/build/icyphy/ptII/ptolemy/domains/de/test/auto/CQBug1.xml
1 ms. Memory: 307712K Free: 113396K (37%)
----------------- Invoking toplevel() on ptolemy.moml.MoMLSimpleApplication@31b077d2
----------------- Done invoking toplevel() on ptolemy.moml.MoMLSimpleApplication@31b077d2
reloadAllAccessors: .CQBug1

===========================================================================================
----------------- testing Sat Jun 08 04:32:57 UTC 2019 /home/travis/build/icyphy/ptII/ptolemy/domains/de/test/auto/CancelFireAt.xml
----------------- Instantiating /home/travis/build/icyphy/ptII/ptolemy/domains/de/test/auto/CancelFireAt.xml
2 ms. Memory: 307712K Free: 104344K (34%)
----------------- Invoking toplevel() on ptolemy.moml.MoMLSimpleApplication@1db57dfc
----------------- Done invoking toplevel() on ptolemy.moml.MoMLSimpleApplication@1db57dfc
reloadAllAccessors: .CancelFireAt

===========================================================================================
----------------- testing Sat Jun 08 04:32:57 UTC 2019 /home/travis/build/icyphy/ptII/ptolemy/domains/de/test/auto/CausalityAndComposabilityAnalysis.xml
----------------- Instantiating /home/travis/build/icyphy/ptII/ptolemy/domains/de/test/auto/CausalityAndComposabilityAnalysis.xml
1 ms. Memory: 307712K Free: 95291K (31%)
----------------- Invoking toplevel() on ptolemy.moml.MoMLSimpleApplication@507f00e1
----------------- Done invoking toplevel() on ptolemy.moml.MoMLSimpleApplication@507f00e1
reloadAllAccessors: .CausalityAndComposabilityAnalysis

===========================================================================================
----------------- testing Sat Jun 08 04:32:57 UTC 2019 /home/travis/build/icyphy/ptII/ptolemy/domains/de/test/auto/CausalityInterface1.xml
----------------- Instantiating /home/travis/build/icyphy/ptII/ptolemy/domains/de/test/auto/CausalityInterface1.xml
5 ms. Memory: 307712K Free: 82925K (27%)
----------------- Invoking toplevel() on ptolemy.moml.MoMLSimpleApplication@749f1ee6
----------------- Done invoking toplevel() on ptolemy.moml.MoMLSimpleApplication@749f1ee6
reloadAllAccessors: .CausalityInterface1

===========================================================================================
----------------- testing Sat Jun 08 04:32:57 UTC 2019 /home/travis/build/icyphy/ptII/ptolemy/domains/de/test/auto/CausalityInterface15.xml
----------------- Instantiating /home/travis/build/icyphy/ptII/ptolemy/domains/de/test/auto/CausalityInterface15.xml
8 ms. Memory: 298496K Free: 288504K (97%)
----------------- Invoking toplevel() on ptolemy.moml.MoMLSimpleApplication@3947668f
----------------- Done invoking toplevel() on ptolemy.moml.MoMLSimpleApplication@3947668f
reloadAllAccessors: .CausalityInterface15

===========================================================================================
----------------- testing Sat Jun 08 04:32:57 UTC 2019 /home/travis/build/icyphy/ptII/ptolemy/domains/de/test/auto/CausalityInterface2.xml
----------------- Instantiating /home/travis/build/icyphy/ptII/ptolemy/domains/de/test/auto/CausalityInterface2.xml
1 ms. Memory: 298496K Free: 277706K (93%)
----------------- Invoking toplevel() on ptolemy.moml.MoMLSimpleApplication@52e43f2d
----------------- Done invoking toplevel() on ptolemy.moml.MoMLSimpleApplication@52e43f2d
reloadAllAccessors: .CausalityInterface2

===========================================================================================
----------------- testing Sat Jun 08 04:32:57 UTC 2019 /home/travis/build/icyphy/ptII/ptolemy/domains/de/test/auto/CausalityInterface3.xml
----------------- Instantiating /home/travis/build/icyphy/ptII/ptolemy/domains/de/test/auto/CausalityInterface3.xml
1 ms. Memory: 298496K Free: 271193K (91%)
----------------- Invoking toplevel() on ptolemy.moml.MoMLSimpleApplication@b8d75e
----------------- Done invoking toplevel() on ptolemy.moml.MoMLSimpleApplication@b8d75e
reloadAllAccessors: .CausalityInterface3

===========================================================================================
----------------- testing Sat Jun 08 04:32:57 UTC 2019 /home/travis/build/icyphy/ptII/ptolemy/domains/de/test/auto/ClockDrift.xml
----------------- Instantiating /home/travis/build/icyphy/ptII/ptolemy/domains/de/test/auto/ClockDrift.xml
20 ms. Memory: 298496K Free: 256016K (86%)
----------------- Invoking toplevel() on ptolemy.moml.MoMLSimpleApplication@5b2cf4e
----------------- Done invoking toplevel() on ptolemy.moml.MoMLSimpleApplication@5b2cf4e
reloadAllAccessors: .ClockDrift

===========================================================================================
----------------- testing Sat Jun 08 04:32:57 UTC 2019 /home/travis/build/icyphy/ptII/ptolemy/domains/de/test/auto/ClockDriftAndValueChange.xml
----------------- Instantiating /home/travis/build/icyphy/ptII/ptolemy/domains/de/test/auto/ClockDriftAndValueChange.xml
10 ms. Memory: 298496K Free: 240808K (81%)
----------------- Invoking toplevel() on ptolemy.moml.MoMLSimpleApplication@41254cbd
----------------- Done invoking toplevel() on ptolemy.moml.MoMLSimpleApplication@41254cbd
reloadAllAccessors: .ClockDriftAndValueChange

===========================================================================================
----------------- testing Sat Jun 08 04:32:57 UTC 2019 /home/travis/build/icyphy/ptII/ptolemy/domains/de/test/auto/ClockDriftChange.xml
----------------- Instantiating /home/travis/build/icyphy/ptII/ptolemy/domains/de/test/auto/ClockDriftChange.xml
9 ms. Memory: 298496K Free: 225705K (76%)
----------------- Invoking toplevel() on ptolemy.moml.MoMLSimpleApplication@aaca0e6
----------------- Done invoking toplevel() on ptolemy.moml.MoMLSimpleApplication@aaca0e6
reloadAllAccessors: .ClockDriftChange

===========================================================================================
----------------- testing Sat Jun 08 04:32:57 UTC 2019 /home/travis/build/icyphy/ptII/ptolemy/domains/de/test/auto/ComposableCausalityAnalysis.xml
----------------- Instantiating /home/travis/build/icyphy/ptII/ptolemy/domains/de/test/auto/ComposableCausalityAnalysis.xml
1 ms. Memory: 298496K Free: 217026K (73%)
----------------- Invoking toplevel() on ptolemy.moml.MoMLSimpleApplication@4b679d63
----------------- Done invoking toplevel() on ptolemy.moml.MoMLSimpleApplication@4b679d63
reloadAllAccessors: .ComposableCausalityAnalysis

===========================================================================================
----------------- testing Sat Jun 08 04:32:57 UTC 2019 /home/travis/build/icyphy/ptII/ptolemy/domains/de/test/auto/DEFixedPointLimitation.xml
----------------- Instantiating /home/travis/build/icyphy/ptII/ptolemy/domains/de/test/auto/DEFixedPointLimitation.xml
1 ms. Memory: 298496K Free: 210529K (71%)
----------------- Invoking toplevel() on ptolemy.moml.MoMLSimpleApplication@5d0e7334
----------------- Done invoking toplevel() on ptolemy.moml.MoMLSimpleApplication@5d0e7334
reloadAllAccessors: .DEFixedPointLimitation

===========================================================================================
----------------- testing Sat Jun 08 04:32:57 UTC 2019 /home/travis/build/icyphy/ptII/ptolemy/domains/de/test/auto/DEScheduleTest.xml
----------------- Instantiating /home/travis/build/icyphy/ptII/ptolemy/domains/de/test/auto/DEScheduleTest.xml
2 ms. Memory: 298496K Free: 204015K (68%)
----------------- Invoking toplevel() on ptolemy.moml.MoMLSimpleApplication@14ef9348
----------------- Done invoking toplevel() on ptolemy.moml.MoMLSimpleApplication@14ef9348
reloadAllAccessors: .DEScheduleTest

===========================================================================================
----------------- testing Sat Jun 08 04:32:58 UTC 2019 /home/travis/build/icyphy/ptII/ptolemy/domains/de/test/auto/DEinDEwithStartTimes.xml
----------------- Instantiating /home/travis/build/icyphy/ptII/ptolemy/domains/de/test/auto/DEinDEwithStartTimes.xml
2 ms. Memory: 298496K Free: 195320K (65%)
----------------- Invoking toplevel() on ptolemy.moml.MoMLSimpleApplication@7f5dd31d
----------------- Done invoking toplevel() on ptolemy.moml.MoMLSimpleApplication@7f5dd31d
reloadAllAccessors: .DEinDEwithStartTimes

===========================================================================================
----------------- testing Sat Jun 08 04:32:58 UTC 2019 /home/travis/build/icyphy/ptII/ptolemy/domains/de/test/auto/DEinDEwithStartTimes2.xml
----------------- Instantiating /home/travis/build/icyphy/ptII/ptolemy/domains/de/test/auto/DEinDEwithStartTimes2.xml
2 ms. Memory: 298496K Free: 184545K (62%)
----------------- Invoking toplevel() on ptolemy.moml.MoMLSimpleApplication@60bd9357
----------------- Done invoking toplevel() on ptolemy.moml.MoMLSimpleApplication@60bd9357
reloadAllAccessors: .DEinDEwithStartTimes2

===========================================================================================
----------------- testing Sat Jun 08 04:32:58 UTC 2019 /home/travis/build/icyphy/ptII/ptolemy/domains/de/test/auto/DateDemo.xml
----------------- Instantiating /home/travis/build/icyphy/ptII/ptolemy/domains/de/test/auto/DateDemo.xml
4 ms. Memory: 298496K Free: 171510K (57%)
----------------- Invoking toplevel() on ptolemy.moml.MoMLSimpleApplication@440f7082
----------------- Done invoking toplevel() on ptolemy.moml.MoMLSimpleApplication@440f7082
reloadAllAccessors: .DateDemo

===========================================================================================
----------------- testing Sat Jun 08 04:32:58 UTC 2019 /home/travis/build/icyphy/ptII/ptolemy/domains/de/test/auto/DateToEvent.xml
----------------- Instantiating /home/travis/build/icyphy/ptII/ptolemy/domains/de/test/auto/DateToEvent.xml
2005 ms. Memory: 298496K Free: 151962K (51%)
----------------- Invoking toplevel() on ptolemy.moml.MoMLSimpleApplication@52c2bc22
----------------- Done invoking toplevel() on ptolemy.moml.MoMLSimpleApplication@52c2bc22
reloadAllAccessors: .DateToEvent

===========================================================================================
----------------- testing Sat Jun 08 04:33:00 UTC 2019 /home/travis/build/icyphy/ptII/ptolemy/domains/de/test/auto/DepthTest1.xml
----------------- Instantiating /home/travis/build/icyphy/ptII/ptolemy/domains/de/test/auto/DepthTest1.xml
1 ms. Memory: 298496K Free: 147630K (49%)
----------------- Invoking toplevel() on ptolemy.moml.MoMLSimpleApplication@10d53a02
----------------- Done invoking toplevel() on ptolemy.moml.MoMLSimpleApplication@10d53a02
reloadAllAccessors: .DepthTest1

===========================================================================================
----------------- testing Sat Jun 08 04:33:00 UTC 2019 /home/travis/build/icyphy/ptII/ptolemy/domains/de/test/auto/DepthTest2.xml
----------------- Instantiating /home/travis/build/icyphy/ptII/ptolemy/domains/de/test/auto/DepthTest2.xml
2 ms. Memory: 298496K Free: 136867K (46%)
----------------- Invoking toplevel() on ptolemy.moml.MoMLSimpleApplication@3e957a7b
----------------- Done invoking toplevel() on ptolemy.moml.MoMLSimpleApplication@3e957a7b
reloadAllAccessors: .DepthTest2

===========================================================================================
----------------- testing Sat Jun 08 04:33:00 UTC 2019 /home/travis/build/icyphy/ptII/ptolemy/domains/de/test/auto/DepthTest3.xml
----------------- Instantiating /home/travis/build/icyphy/ptII/ptolemy/domains/de/test/auto/DepthTest3.xml
1 ms. Memory: 298496K Free: 130354K (44%)
----------------- Invoking toplevel() on ptolemy.moml.MoMLSimpleApplication@12dd9705
----------------- Done invoking toplevel() on ptolemy.moml.MoMLSimpleApplication@12dd9705
reloadAllAccessors: .DepthTest3

===========================================================================================
----------------- testing Sat Jun 08 04:33:00 UTC 2019 /home/travis/build/icyphy/ptII/ptolemy/domains/de/test/auto/DepthTest4.xml
----------------- Instantiating /home/travis/build/icyphy/ptII/ptolemy/domains/de/test/auto/DepthTest4.xml
2 ms. Memory: 298496K Free: 123857K (41%)
----------------- Invoking toplevel() on ptolemy.moml.MoMLSimpleApplication@6ba122ad
----------------- Done invoking toplevel() on ptolemy.moml.MoMLSimpleApplication@6ba122ad
reloadAllAccessors: .DepthTest4

===========================================================================================
----------------- testing Sat Jun 08 04:33:00 UTC 2019 /home/travis/build/icyphy/ptII/ptolemy/domains/de/test/auto/DepthTest5.xml
----------------- Instantiating /home/travis/build/icyphy/ptII/ptolemy/domains/de/test/auto/DepthTest5.xml
2 ms. Memory: 298496K Free: 115176K (39%)
----------------- Invoking toplevel() on ptolemy.moml.MoMLSimpleApplication@4a31b9b0
----------------- Done invoking toplevel() on ptolemy.moml.MoMLSimpleApplication@4a31b9b0
reloadAllAccessors: .DepthTest5

===========================================================================================
----------------- testing Sat Jun 08 04:33:00 UTC 2019 /home/travis/build/icyphy/ptII/ptolemy/domains/de/test/auto/DepthTest6.xml
----------------- Instantiating /home/travis/build/icyphy/ptII/ptolemy/domains/de/test/auto/DepthTest6.xml
2 ms. Memory: 298496K Free: 106489K (36%)
----------------- Invoking toplevel() on ptolemy.moml.MoMLSimpleApplication@19dfae2e
----------------- Done invoking toplevel() on ptolemy.moml.MoMLSimpleApplication@19dfae2e
reloadAllAccessors: .DepthTest6

===========================================================================================
----------------- testing Sat Jun 08 04:33:00 UTC 2019 /home/travis/build/icyphy/ptII/ptolemy/domains/de/test/auto/DepthTest7.xml
----------------- Instantiating /home/travis/build/icyphy/ptII/ptolemy/domains/de/test/auto/DepthTest7.xml
2 ms. Memory: 298496K Free: 97892K (33%)
----------------- Invoking toplevel() on ptolemy.moml.MoMLSimpleApplication@469f4d74
----------------- Done invoking toplevel() on ptolemy.moml.MoMLSimpleApplication@469f4d74
reloadAllAccessors: .DepthTest7

===========================================================================================
----------------- testing Sat Jun 08 04:33:00 UTC 2019 /home/travis/build/icyphy/ptII/ptolemy/domains/de/test/auto/EventToDate.xml
----------------- Instantiating /home/travis/build/icyphy/ptII/ptolemy/domains/de/test/auto/EventToDate.xml
3013 ms. Memory: 298496K Free: 80526K (27%)
----------------- Invoking toplevel() on ptolemy.moml.MoMLSimpleApplication@6fd5ef91
----------------- Done invoking toplevel() on ptolemy.moml.MoMLSimpleApplication@6fd5ef91
reloadAllAccessors: .EventToDate

===========================================================================================
----------------- testing Sat Jun 08 04:33:03 UTC 2019 /home/travis/build/icyphy/ptII/ptolemy/domains/de/test/auto/FSM1.xml
----------------- Instantiating /home/travis/build/icyphy/ptII/ptolemy/domains/de/test/auto/FSM1.xml
16 ms. Memory: 289280K Free: 273549K (95%)
----------------- Invoking toplevel() on ptolemy.moml.MoMLSimpleApplication@4a93eab9
----------------- Done invoking toplevel() on ptolemy.moml.MoMLSimpleApplication@4a93eab9
reloadAllAccessors: .FSM1

===========================================================================================
----------------- testing Sat Jun 08 04:33:03 UTC 2019 /home/travis/build/icyphy/ptII/ptolemy/domains/de/test/auto/FSM7.xml
----------------- Instantiating /home/travis/build/icyphy/ptII/ptolemy/domains/de/test/auto/FSM7.xml
8 ms. Memory: 289280K Free: 257628K (89%)
----------------- Invoking toplevel() on ptolemy.moml.MoMLSimpleApplication@3cb4f8b3
----------------- Done invoking toplevel() on ptolemy.moml.MoMLSimpleApplication@3cb4f8b3
reloadAllAccessors: .FSM7

===========================================================================================
----------------- testing Sat Jun 08 04:33:03 UTC 2019 /home/travis/build/icyphy/ptII/ptolemy/domains/de/test/auto/Inspection.xml
----------------- Instantiating /home/travis/build/icyphy/ptII/ptolemy/domains/de/test/auto/Inspection.xml
11 ms. Memory: 289280K Free: 243089K (84%)
----------------- Invoking toplevel() on ptolemy.moml.MoMLSimpleApplication@4cf23b2d
----------------- Done invoking toplevel() on ptolemy.moml.MoMLSimpleApplication@4cf23b2d
reloadAllAccessors: .Inspection

===========================================================================================
----------------- testing Sat Jun 08 04:33:03 UTC 2019 /home/travis/build/icyphy/ptII/ptolemy/domains/de/test/auto/Iteration.xml
----------------- Instantiating /home/travis/build/icyphy/ptII/ptolemy/domains/de/test/auto/Iteration.xml
10 ms. Memory: 289280K Free: 233421K (81%)
----------------- Invoking toplevel() on ptolemy.moml.MoMLSimpleApplication@5d109bf6
----------------- Done invoking toplevel() on ptolemy.moml.MoMLSimpleApplication@5d109bf6
reloadAllAccessors: .Iteration

===========================================================================================
----------------- testing Sat Jun 08 04:33:03 UTC 2019 /home/travis/build/icyphy/ptII/ptolemy/domains/de/test/auto/LineFault.xml
----------------- Instantiating /home/travis/build/icyphy/ptII/ptolemy/domains/de/test/auto/LineFault.xml
409 ms. Memory: 289280K Free: 117008K (40%)
----------------- Invoking toplevel() on ptolemy.moml.MoMLSimpleApplication@6d80d85d
----------------- Done invoking toplevel() on ptolemy.moml.MoMLSimpleApplication@6d80d85d
reloadAllAccessors: .LineFault

===========================================================================================
----------------- testing Sat Jun 08 04:33:03 UTC 2019 /home/travis/build/icyphy/ptII/ptolemy/domains/de/test/auto/MergeModel1Add.xml
----------------- Instantiating /home/travis/build/icyphy/ptII/ptolemy/domains/de/test/auto/MergeModel1Add.xml
5 ms. Memory: 289280K Free: 96224K (33%)
----------------- Invoking toplevel() on ptolemy.moml.MoMLSimpleApplication@6b43ac74
----------------- Done invoking toplevel() on ptolemy.moml.MoMLSimpleApplication@6b43ac74
reloadAllAccessors: .MergeModel1Add

===========================================================================================
----------------- testing Sat Jun 08 04:33:03 UTC 2019 /home/travis/build/icyphy/ptII/ptolemy/domains/de/test/auto/MergeModel2Add.xml
----------------- Instantiating /home/travis/build/icyphy/ptII/ptolemy/domains/de/test/auto/MergeModel2Add.xml
5 ms. Memory: 289280K Free: 76124K (26%)
----------------- Invoking toplevel() on ptolemy.moml.MoMLSimpleApplication@7449a0c0
----------------- Done invoking toplevel() on ptolemy.moml.MoMLSimpleApplication@7449a0c0
reloadAllAccessors: .MergeModel2Add

===========================================================================================
----------------- testing Sat Jun 08 04:33:04 UTC 2019 /home/travis/build/icyphy/ptII/ptolemy/domains/de/test/auto/MergeModel3Add.xml
----------------- Instantiating /home/travis/build/icyphy/ptII/ptolemy/domains/de/test/auto/MergeModel3Add.xml
5 ms. Memory: 280064K Free: 254792K (91%)
----------------- Invoking toplevel() on ptolemy.moml.MoMLSimpleApplication@3a5eec4
----------------- Done invoking toplevel() on ptolemy.moml.MoMLSimpleApplication@3a5eec4
reloadAllAccessors: .MergeModel3Add

===========================================================================================
----------------- testing Sat Jun 08 04:33:04 UTC 2019 /home/travis/build/icyphy/ptII/ptolemy/domains/de/test/auto/MergeWithoutDiscard.xml
----------------- Instantiating /home/travis/build/icyphy/ptII/ptolemy/domains/de/test/auto/MergeWithoutDiscard.xml
1 ms. Memory: 280064K Free: 247959K (89%)
----------------- Invoking toplevel() on ptolemy.moml.MoMLSimpleApplication@1ef7789c
----------------- Done invoking toplevel() on ptolemy.moml.MoMLSimpleApplication@1ef7789c
reloadAllAccessors: .MergeWithoutDiscard

===========================================================================================
----------------- testing Sat Jun 08 04:33:04 UTC 2019 /home/travis/build/icyphy/ptII/ptolemy/domains/de/test/auto/Modal1.xml
----------------- Instantiating /home/travis/build/icyphy/ptII/ptolemy/domains/de/test/auto/Modal1.xml
8 ms. Memory: 280064K Free: 233140K (83%)
----------------- Invoking toplevel() on ptolemy.moml.MoMLSimpleApplication@4fb776ff
----------------- Done invoking toplevel() on ptolemy.moml.MoMLSimpleApplication@4fb776ff
reloadAllAccessors: .Modal1

===========================================================================================
----------------- testing Sat Jun 08 04:33:04 UTC 2019 /home/travis/build/icyphy/ptII/ptolemy/domains/de/test/auto/Modal2.xml
----------------- Instantiating /home/travis/build/icyphy/ptII/ptolemy/domains/de/test/auto/Modal2.xml
11 ms. Memory: 280064K Free: 219178K (78%)
----------------- Invoking toplevel() on ptolemy.moml.MoMLSimpleApplication@1c283e32
----------------- Done invoking toplevel() on ptolemy.moml.MoMLSimpleApplication@1c283e32
reloadAllAccessors: .Modal2

===========================================================================================
----------------- testing Sat Jun 08 04:33:04 UTC 2019 /home/travis/build/icyphy/ptII/ptolemy/domains/de/test/auto/Modal3.xml
----------------- Instantiating /home/travis/build/icyphy/ptII/ptolemy/domains/de/test/auto/Modal3.xml
6 ms. Memory: 280064K Free: 204351K (73%)
----------------- Invoking toplevel() on ptolemy.moml.MoMLSimpleApplication@78f25655
----------------- Done invoking toplevel() on ptolemy.moml.MoMLSimpleApplication@78f25655
reloadAllAccessors: .Modal3

===========================================================================================
----------------- testing Sat Jun 08 04:33:04 UTC 2019 /home/travis/build/icyphy/ptII/ptolemy/domains/de/test/auto/Modal4.xml
----------------- Instantiating /home/travis/build/icyphy/ptII/ptolemy/domains/de/test/auto/Modal4.xml
11 ms. Memory: 280064K Free: 190392K (68%)
----------------- Invoking toplevel() on ptolemy.moml.MoMLSimpleApplication@4cacd8a5
----------------- Done invoking toplevel() on ptolemy.moml.MoMLSimpleApplication@4cacd8a5
reloadAllAccessors: .Modal4

===========================================================================================
----------------- testing Sat Jun 08 04:33:04 UTC 2019 /home/travis/build/icyphy/ptII/ptolemy/domains/de/test/auto/Modal5.xml
----------------- Instantiating /home/travis/build/icyphy/ptII/ptolemy/domains/de/test/auto/Modal5.xml
10 ms. Memory: 280064K Free: 175565K (63%)
----------------- Invoking toplevel() on ptolemy.moml.MoMLSimpleApplication@9b0344e
----------------- Done invoking toplevel() on ptolemy.moml.MoMLSimpleApplication@9b0344e
reloadAllAccessors: .Modal5

===========================================================================================
----------------- testing Sat Jun 08 04:33:04 UTC 2019 /home/travis/build/icyphy/ptII/ptolemy/domains/de/test/auto/Modal6.xml
----------------- Instantiating /home/travis/build/icyphy/ptII/ptolemy/domains/de/test/auto/Modal6.xml
7 ms. Memory: 280064K Free: 161627K (58%)
----------------- Invoking toplevel() on ptolemy.moml.MoMLSimpleApplication@1c67028e
----------------- Done invoking toplevel() on ptolemy.moml.MoMLSimpleApplication@1c67028e
reloadAllAccessors: .Modal6

===========================================================================================
----------------- testing Sat Jun 08 04:33:04 UTC 2019 /home/travis/build/icyphy/ptII/ptolemy/domains/de/test/auto/Modal7.xml
----------------- Instantiating /home/travis/build/icyphy/ptII/ptolemy/domains/de/test/auto/Modal7.xml
5 ms. Memory: 280064K Free: 144806K (52%)
----------------- Invoking toplevel() on ptolemy.moml.MoMLSimpleApplication@375b9ae7
----------------- Done invoking toplevel() on ptolemy.moml.MoMLSimpleApplication@375b9ae7
reloadAllAccessors: .Modal7

===========================================================================================
----------------- testing Sat Jun 08 04:33:04 UTC 2019 /home/travis/build/icyphy/ptII/ptolemy/domains/de/test/auto/ModalModel.xml
----------------- Instantiating /home/travis/build/icyphy/ptII/ptolemy/domains/de/test/auto/ModalModel.xml
110 ms. Memory: 272384K Free: 263520K (97%)
----------------- Invoking toplevel() on ptolemy.moml.MoMLSimpleApplication@18c3b92b
----------------- Done invoking toplevel() on ptolemy.moml.MoMLSimpleApplication@18c3b92b
reloadAllAccessors: .ModalModel

===========================================================================================
----------------- testing Sat Jun 08 04:33:04 UTC 2019 /home/travis/build/icyphy/ptII/ptolemy/domains/de/test/auto/ModalSource.xml
----------------- Instantiating /home/travis/build/icyphy/ptII/ptolemy/domains/de/test/auto/ModalSource.xml
5 ms. Memory: 272384K Free: 252901K (93%)
----------------- Invoking toplevel() on ptolemy.moml.MoMLSimpleApplication@10014e02
----------------- Done invoking toplevel() on ptolemy.moml.MoMLSimpleApplication@10014e02
reloadAllAccessors: .ModalSource

===========================================================================================
----------------- testing Sat Jun 08 04:33:04 UTC 2019 /home/travis/build/icyphy/ptII/ptolemy/domains/de/test/auto/NonInterruptibleTimerZeroDelay.xml
----------------- Instantiating /home/travis/build/icyphy/ptII/ptolemy/domains/de/test/auto/NonInterruptibleTimerZeroDelay.xml
2 ms. Memory: 272384K Free: 247229K (91%)
----------------- Invoking toplevel() on ptolemy.moml.MoMLSimpleApplication@76363a40
----------------- Done invoking toplevel() on ptolemy.moml.MoMLSimpleApplication@76363a40
reloadAllAccessors: .NonInterruptibleTimerZeroDelay

===========================================================================================
----------------- testing Sat Jun 08 04:33:04 UTC 2019 /home/travis/build/icyphy/ptII/ptolemy/domains/de/test/auto/OpenQueueingNetwork.xml
----------------- Instantiating /home/travis/build/icyphy/ptII/ptolemy/domains/de/test/auto/OpenQueueingNetwork.xml
2253 ms. Memory: 250368K Free: 144817K (58%)
----------------- Invoking toplevel() on ptolemy.moml.MoMLSimpleApplication@1a854e4d
----------------- Done invoking toplevel() on ptolemy.moml.MoMLSimpleApplication@1a854e4d
reloadAllAccessors: .OpenQueueingNetwork

===========================================================================================
----------------- testing Sat Jun 08 04:33:06 UTC 2019 /home/travis/build/icyphy/ptII/ptolemy/domains/de/test/auto/OpenQueuingNetwork.xml
----------------- Instantiating /home/travis/build/icyphy/ptII/ptolemy/domains/de/test/auto/OpenQueuingNetwork.xml
232 ms. Memory: 242688K Free: 213063K (88%)
----------------- Invoking toplevel() on ptolemy.moml.MoMLSimpleApplication@2ee623cd
----------------- Done invoking toplevel() on ptolemy.moml.MoMLSimpleApplication@2ee623cd
reloadAllAccessors: .OpenQueuingNetwork

===========================================================================================
----------------- testing Sat Jun 08 04:33:07 UTC 2019 /home/travis/build/icyphy/ptII/ptolemy/domains/de/test/auto/PeriodicSampler.xml
----------------- Instantiating /home/travis/build/icyphy/ptII/ptolemy/domains/de/test/auto/PeriodicSampler.xml
2 ms. Memory: 242688K Free: 206540K (85%)
----------------- Invoking toplevel() on ptolemy.moml.MoMLSimpleApplication@6379a8a1
----------------- Done invoking toplevel() on ptolemy.moml.MoMLSimpleApplication@6379a8a1
reloadAllAccessors: .PeriodicSampler

===========================================================================================
----------------- testing Sat Jun 08 04:33:07 UTC 2019 /home/travis/build/icyphy/ptII/ptolemy/domains/de/test/auto/PersistentIO.xml
----------------- Instantiating /home/travis/build/icyphy/ptII/ptolemy/domains/de/test/auto/PersistentIO.xml
4 ms. Memory: 242688K Free: 196436K (81%)
----------------- Invoking toplevel() on ptolemy.moml.MoMLSimpleApplication@2142c3e7
----------------- Done invoking toplevel() on ptolemy.moml.MoMLSimpleApplication@2142c3e7
reloadAllAccessors: .PersistentIO

===========================================================================================
----------------- testing Sat Jun 08 04:33:07 UTC 2019 /home/travis/build/icyphy/ptII/ptolemy/domains/de/test/auto/PortParameterResetOnInitialize.xml
----------------- Instantiating /home/travis/build/icyphy/ptII/ptolemy/domains/de/test/auto/PortParameterResetOnInitialize.xml
1 ms. Memory: 242688K Free: 190959K (79%)
----------------- Invoking toplevel() on ptolemy.moml.MoMLSimpleApplication@7153d01
----------------- Done invoking toplevel() on ptolemy.moml.MoMLSimpleApplication@7153d01
reloadAllAccessors: .PortParameterResetOnInitialize

===========================================================================================
----------------- testing Sat Jun 08 04:33:07 UTC 2019 /home/travis/build/icyphy/ptII/ptolemy/domains/de/test/auto/PortParameterUpdates.xml
----------------- Instantiating /home/travis/build/icyphy/ptII/ptolemy/domains/de/test/auto/PortParameterUpdates.xml
3 ms. Memory: 242688K Free: 184086K (76%)
----------------- Invoking toplevel() on ptolemy.moml.MoMLSimpleApplication@4b905645
----------------- Done invoking toplevel() on ptolemy.moml.MoMLSimpleApplication@4b905645
reloadAllAccessors: .PortParameterUpdates

===========================================================================================
----------------- testing Sat Jun 08 04:33:07 UTC 2019 /home/travis/build/icyphy/ptII/ptolemy/domains/de/test/auto/QueueAndServer.xml
----------------- Instantiating /home/travis/build/icyphy/ptII/ptolemy/domains/de/test/auto/QueueAndServer.xml
4 ms. Memory: 242688K Free: 175587K (72%)
----------------- Invoking toplevel() on ptolemy.moml.MoMLSimpleApplication@44fdd819
----------------- Done invoking toplevel() on ptolemy.moml.MoMLSimpleApplication@44fdd819
reloadAllAccessors: .QueueAndServer

===========================================================================================
----------------- testing Sat Jun 08 04:33:07 UTC 2019 /home/travis/build/icyphy/ptII/ptolemy/domains/de/test/auto/Records.xml
----------------- Instantiating /home/travis/build/icyphy/ptII/ptolemy/domains/de/test/auto/Records.xml
3 ms. Memory: 242688K Free: 168517K (69%)
----------------- Invoking toplevel() on ptolemy.moml.MoMLSimpleApplication@18b9ee3c
----------------- Done invoking toplevel() on ptolemy.moml.MoMLSimpleApplication@18b9ee3c
reloadAllAccessors: .Records

===========================================================================================
----------------- testing Sat Jun 08 04:33:07 UTC 2019 /home/travis/build/icyphy/ptII/ptolemy/domains/de/test/auto/ResetTransitionWithStartTime1.xml
----------------- Instantiating /home/travis/build/icyphy/ptII/ptolemy/domains/de/test/auto/ResetTransitionWithStartTime1.xml
9 ms. Memory: 242688K Free: 158429K (65%)
----------------- Invoking toplevel() on ptolemy.moml.MoMLSimpleApplication@46460746
----------------- Done invoking toplevel() on ptolemy.moml.MoMLSimpleApplication@46460746
reloadAllAccessors: .ResetTransitionWithStartTime1

===========================================================================================
----------------- testing Sat Jun 08 04:33:07 UTC 2019 /home/travis/build/icyphy/ptII/ptolemy/domains/de/test/auto/ResetTransitionWithStartTime2.xml
----------------- Instantiating /home/travis/build/icyphy/ptII/ptolemy/domains/de/test/auto/ResetTransitionWithStartTime2.xml
5 ms. Memory: 242688K Free: 148096K (61%)
----------------- Invoking toplevel() on ptolemy.moml.MoMLSimpleApplication@5b3484a5
----------------- Done invoking toplevel() on ptolemy.moml.MoMLSimpleApplication@5b3484a5
reloadAllAccessors: .ResetTransitionWithStartTime2

===========================================================================================
----------------- testing Sat Jun 08 04:33:07 UTC 2019 /home/travis/build/icyphy/ptII/ptolemy/domains/de/test/auto/ResetTransitionWithStartTime3.xml
----------------- Instantiating /home/travis/build/icyphy/ptII/ptolemy/domains/de/test/auto/ResetTransitionWithStartTime3.xml
8 ms. Memory: 242688K Free: 137984K (57%)
----------------- Invoking toplevel() on ptolemy.moml.MoMLSimpleApplication@b26c9e3
----------------- Done invoking toplevel() on ptolemy.moml.MoMLSimpleApplication@b26c9e3
reloadAllAccessors: .ResetTransitionWithStartTime3

===========================================================================================
----------------- testing Sat Jun 08 04:33:07 UTC 2019 /home/travis/build/icyphy/ptII/ptolemy/domains/de/test/auto/ResetTransitionWithStartTime4.xml
----------------- Instantiating /home/travis/build/icyphy/ptII/ptolemy/domains/de/test/auto/ResetTransitionWithStartTime4.xml
3 ms. Memory: 242688K Free: 129488K (53%)
----------------- Invoking toplevel() on ptolemy.moml.MoMLSimpleApplication@1f054c6d
----------------- Done invoking toplevel() on ptolemy.moml.MoMLSimpleApplication@1f054c6d
reloadAllAccessors: .ResetTransitionWithStartTime4

===========================================================================================
----------------- testing Sat Jun 08 04:33:07 UTC 2019 /home/travis/build/icyphy/ptII/ptolemy/domains/de/test/auto/ResettableTimer1.xml
----------------- Instantiating /home/travis/build/icyphy/ptII/ptolemy/domains/de/test/auto/ResettableTimer1.xml
1 ms. Memory: 242688K Free: 124026K (51%)
----------------- Invoking toplevel() on ptolemy.moml.MoMLSimpleApplication@7ab9b3fe
----------------- Done invoking toplevel() on ptolemy.moml.MoMLSimpleApplication@7ab9b3fe
reloadAllAccessors: .ResettableTimer1

===========================================================================================
----------------- testing Sat Jun 08 04:33:07 UTC 2019 /home/travis/build/icyphy/ptII/ptolemy/domains/de/test/auto/ResettableTimer2.xml
----------------- Instantiating /home/travis/build/icyphy/ptII/ptolemy/domains/de/test/auto/ResettableTimer2.xml
2 ms. Memory: 242688K Free: 118769K (49%)
----------------- Invoking toplevel() on ptolemy.moml.MoMLSimpleApplication@49d7794c
----------------- Done invoking toplevel() on ptolemy.moml.MoMLSimpleApplication@49d7794c
reloadAllAccessors: .ResettableTimer2

===========================================================================================
----------------- testing Sat Jun 08 04:33:07 UTC 2019 /home/travis/build/icyphy/ptII/ptolemy/domains/de/test/auto/ResettableTimer3.xml
----------------- Instantiating /home/travis/build/icyphy/ptII/ptolemy/domains/de/test/auto/ResettableTimer3.xml
1 ms. Memory: 242688K Free: 113291K (47%)
----------------- Invoking toplevel() on ptolemy.moml.MoMLSimpleApplication@5528911b
----------------- Done invoking toplevel() on ptolemy.moml.MoMLSimpleApplication@5528911b
reloadAllAccessors: .ResettableTimer3

===========================================================================================
----------------- testing Sat Jun 08 04:33:07 UTC 2019 /home/travis/build/icyphy/ptII/ptolemy/domains/de/test/auto/ResettableTimer4.xml
----------------- Instantiating /home/travis/build/icyphy/ptII/ptolemy/domains/de/test/auto/ResettableTimer4.xml
1 ms. Memory: 242688K Free: 108026K (45%)
----------------- Invoking toplevel() on ptolemy.moml.MoMLSimpleApplication@26a8bf7c
----------------- Done invoking toplevel() on ptolemy.moml.MoMLSimpleApplication@26a8bf7c
reloadAllAccessors: .ResettableTimer4

===========================================================================================
----------------- testing Sat Jun 08 04:33:07 UTC 2019 /home/travis/build/icyphy/ptII/ptolemy/domains/de/test/auto/ResettableTimer5.xml
----------------- Instantiating /home/travis/build/icyphy/ptII/ptolemy/domains/de/test/auto/ResettableTimer5.xml
1 ms. Memory: 242688K Free: 100924K (42%)
----------------- Invoking toplevel() on ptolemy.moml.MoMLSimpleApplication@26a901c6
----------------- Done invoking toplevel() on ptolemy.moml.MoMLSimpleApplication@26a901c6
reloadAllAccessors: .ResettableTimer5

===========================================================================================
----------------- testing Sat Jun 08 04:33:07 UTC 2019 /home/travis/build/icyphy/ptII/ptolemy/domains/de/test/auto/ResettableTimer6.xml
----------------- Instantiating /home/travis/build/icyphy/ptII/ptolemy/domains/de/test/auto/ResettableTimer6.xml
4 ms. Memory: 242688K Free: 94067K (39%)
----------------- Invoking toplevel() on ptolemy.moml.MoMLSimpleApplication@2fbe3e29
----------------- Done invoking toplevel() on ptolemy.moml.MoMLSimpleApplication@2fbe3e29
reloadAllAccessors: .ResettableTimer6

===========================================================================================
----------------- testing Sat Jun 08 04:33:07 UTC 2019 /home/travis/build/icyphy/ptII/ptolemy/domains/de/test/auto/ServerZeroDelay.xml
----------------- Instantiating /home/travis/build/icyphy/ptII/ptolemy/domains/de/test/auto/ServerZeroDelay.xml
2 ms. Memory: 242688K Free: 88589K (37%)
----------------- Invoking toplevel() on ptolemy.moml.MoMLSimpleApplication@36bf20c0
----------------- Done invoking toplevel() on ptolemy.moml.MoMLSimpleApplication@36bf20c0
reloadAllAccessors: .ServerZeroDelay

===========================================================================================
----------------- testing Sat Jun 08 04:33:07 UTC 2019 /home/travis/build/icyphy/ptII/ptolemy/domains/de/test/auto/SmartSender.xml
----------------- Instantiating /home/travis/build/icyphy/ptII/ptolemy/domains/de/test/auto/SmartSender.xml
3001 ms. Memory: 242688K Free: 83324K (34%)
----------------- Invoking toplevel() on ptolemy.moml.MoMLSimpleApplication@1248822
----------------- Done invoking toplevel() on ptolemy.moml.MoMLSimpleApplication@1248822
reloadAllAccessors: .SmartSender

===========================================================================================
----------------- testing Sat Jun 08 04:33:10 UTC 2019 /home/travis/build/icyphy/ptII/ptolemy/domains/de/test/auto/ThreadedComposite.xml
----------------- Instantiating /home/travis/build/icyphy/ptII/ptolemy/domains/de/test/auto/ThreadedComposite.xml
148 ms. Memory: 235520K Free: 213187K (91%)
----------------- Invoking toplevel() on ptolemy.moml.MoMLSimpleApplication@6bf3f79d
----------------- Done invoking toplevel() on ptolemy.moml.MoMLSimpleApplication@6bf3f79d
reloadAllAccessors: .ThreadedComposite

===========================================================================================
----------------- testing Sat Jun 08 04:33:10 UTC 2019 /home/travis/build/icyphy/ptII/ptolemy/domains/de/test/auto/Time.xml
----------------- Instantiating /home/travis/build/icyphy/ptII/ptolemy/domains/de/test/auto/Time.xml
425 ms. Memory: 235520K Free: 158271K (67%)
----------------- Invoking toplevel() on ptolemy.moml.MoMLSimpleApplication@37b68ae
----------------- Done invoking toplevel() on ptolemy.moml.MoMLSimpleApplication@37b68ae
reloadAllAccessors: .Time

===========================================================================================
----------------- testing Sat Jun 08 04:33:11 UTC 2019 /home/travis/build/icyphy/ptII/ptolemy/domains/de/test/auto/TimeDelayZeroDelay.xml
----------------- Instantiating /home/travis/build/icyphy/ptII/ptolemy/domains/de/test/auto/TimeDelayZeroDelay.xml
2 ms. Memory: 235520K Free: 153566K (65%)
----------------- Invoking toplevel() on ptolemy.moml.MoMLSimpleApplication@24e819f3
----------------- Done invoking toplevel() on ptolemy.moml.MoMLSimpleApplication@24e819f3
reloadAllAccessors: .TimeDelayZeroDelay

===========================================================================================
----------------- testing Sat Jun 08 04:33:11 UTC 2019 /home/travis/build/icyphy/ptII/ptolemy/domains/de/test/auto/TimerZeroDelay.xml
----------------- Instantiating /home/travis/build/icyphy/ptII/ptolemy/domains/de/test/auto/TimerZeroDelay.xml
2 ms. Memory: 235520K Free: 149036K (63%)
----------------- Invoking toplevel() on ptolemy.moml.MoMLSimpleApplication@11d7e483
----------------- Done invoking toplevel() on ptolemy.moml.MoMLSimpleApplication@11d7e483
reloadAllAccessors: .TimerZeroDelay

===========================================================================================
----------------- testing Sat Jun 08 04:33:11 UTC 2019 /home/travis/build/icyphy/ptII/ptolemy/domains/de/test/auto/TimingParadox.xml
----------------- Instantiating /home/travis/build/icyphy/ptII/ptolemy/domains/de/test/auto/TimingParadox.xml
330 ms. Memory: 235520K Free: 81426K (35%)
----------------- Invoking toplevel() on ptolemy.moml.MoMLSimpleApplication@3a9a798f
----------------- Done invoking toplevel() on ptolemy.moml.MoMLSimpleApplication@3a9a798f
reloadAllAccessors: .TimingParadox

===========================================================================================
----------------- testing Sat Jun 08 04:33:11 UTC 2019 /home/travis/build/icyphy/ptII/ptolemy/domains/de/test/auto/TransferInputs.xml
----------------- Instantiating /home/travis/build/icyphy/ptII/ptolemy/domains/de/test/auto/TransferInputs.xml
2 ms. Memory: 235520K Free: 75663K (32%)
----------------- Invoking toplevel() on ptolemy.moml.MoMLSimpleApplication@29443ed3
----------------- Done invoking toplevel() on ptolemy.moml.MoMLSimpleApplication@29443ed3
reloadAllAccessors: .TransferInputs

===========================================================================================
----------------- testing Sat Jun 08 04:33:11 UTC 2019 /home/travis/build/icyphy/ptII/ptolemy/domains/de/test/auto/TransferOutputs2.xml
----------------- Instantiating /home/travis/build/icyphy/ptII/ptolemy/domains/de/test/auto/TransferOutputs2.xml
3 ms. Memory: 229376K Free: 214807K (94%)
----------------- Invoking toplevel() on ptolemy.moml.MoMLSimpleApplication@6162eaae
----------------- Done invoking toplevel() on ptolemy.moml.MoMLSimpleApplication@6162eaae
reloadAllAccessors: .TransferOutputs2

===========================================================================================
----------------- testing Sat Jun 08 04:33:11 UTC 2019 /home/travis/build/icyphy/ptII/ptolemy/domains/de/test/auto/Trilateration.xml
----------------- Instantiating /home/travis/build/icyphy/ptII/ptolemy/domains/de/test/auto/Trilateration.xml
10882 ms. Memory: 778752K Free: 139798K (18%)
----------------- Invoking toplevel() on ptolemy.moml.MoMLSimpleApplication@655d2716
----------------- Done invoking toplevel() on ptolemy.moml.MoMLSimpleApplication@655d2716
reloadAllAccessors: .Trilateration

===========================================================================================
----------------- testing Sat Jun 08 04:33:23 UTC 2019 /home/travis/build/icyphy/ptII/ptolemy/domains/de/test/auto/TwoSigmaDelta.xml
----------------- Instantiating /home/travis/build/icyphy/ptII/ptolemy/domains/de/test/auto/TwoSigmaDelta.xml
2057 ms. Memory: 741888K Free: 493950K (67%)
----------------- Invoking toplevel() on ptolemy.moml.MoMLSimpleApplication@12453c5b
----------------- Done invoking toplevel() on ptolemy.moml.MoMLSimpleApplication@12453c5b
reloadAllAccessors: .TwoSigmaDelta

===========================================================================================
----------------- testing Sat Jun 08 04:33:25 UTC 2019 /home/travis/build/icyphy/ptII/ptolemy/domains/de/test/auto/VariableDelay.xml
----------------- Instantiating /home/travis/build/icyphy/ptII/ptolemy/domains/de/test/auto/VariableDelay.xml
2 ms. Memory: 741888K Free: 473443K (64%)
----------------- Invoking toplevel() on ptolemy.moml.MoMLSimpleApplication@214d3957
----------------- Done invoking toplevel() on ptolemy.moml.MoMLSimpleApplication@214d3957
reloadAllAccessors: .VariableDelay

===========================================================================================
----------------- testing Sat Jun 08 04:33:25 UTC 2019 /home/travis/build/icyphy/ptII/ptolemy/domains/de/test/auto/VariableDelay2.xml
----------------- Instantiating /home/travis/build/icyphy/ptII/ptolemy/domains/de/test/auto/VariableDelay2.xml
2 ms. Memory: 741888K Free: 459668K (62%)
----------------- Invoking toplevel() on ptolemy.moml.MoMLSimpleApplication@eef1f3e
----------------- Done invoking toplevel() on ptolemy.moml.MoMLSimpleApplication@eef1f3e
reloadAllAccessors: .VariableDelay2

===========================================================================================
----------------- testing Sat Jun 08 04:33:25 UTC 2019 /home/travis/build/icyphy/ptII/ptolemy/domains/de/test/auto/VariableDelayZeroDelay.xml
----------------- Instantiating /home/travis/build/icyphy/ptII/ptolemy/domains/de/test/auto/VariableDelayZeroDelay.xml
4 ms. Memory: 741888K Free: 445892K (60%)
----------------- Invoking toplevel() on ptolemy.moml.MoMLSimpleApplication@3e88e38f
----------------- Done invoking toplevel() on ptolemy.moml.MoMLSimpleApplication@3e88e38f
reloadAllAccessors: .VariableDelayZeroDelay

===========================================================================================
----------------- testing Sat Jun 08 04:33:25 UTC 2019 /home/travis/build/icyphy/ptII/ptolemy/domains/de/test/auto/VariableDelayZeroDelay2.xml
----------------- Instantiating /home/travis/build/icyphy/ptII/ptolemy/domains/de/test/auto/VariableDelayZeroDelay2.xml
2 ms. Memory: 741888K Free: 432116K (58%)
----------------- Invoking toplevel() on ptolemy.moml.MoMLSimpleApplication@7b45c994
----------------- Done invoking toplevel() on ptolemy.moml.MoMLSimpleApplication@7b45c994
reloadAllAccessors: .VariableDelayZeroDelay2

===========================================================================================
----------------- testing Sat Jun 08 04:33:25 UTC 2019 /home/travis/build/icyphy/ptII/ptolemy/domains/de/test/auto/deInCt.xml
----------------- Instantiating /home/travis/build/icyphy/ptII/ptolemy/domains/de/test/auto/deInCt.xml
0
1
1
1
0
0
0
1
1
1
0
0
0
0
1
1
1
0
0
0
1
1
1
1
1
0
0
0
0
0
4 ms. Memory: 741888K Free: 418340K (56%)
----------------- Invoking toplevel() on ptolemy.moml.MoMLSimpleApplication@7d7375ca
----------------- Done invoking toplevel() on ptolemy.moml.MoMLSimpleApplication@7d7375ca
reloadAllAccessors: .deInCt

===========================================================================================
----------------- testing Sat Jun 08 04:33:25 UTC 2019 /home/travis/build/icyphy/ptII/ptolemy/domains/de/test/auto/deInCt2.xml
----------------- Instantiating /home/travis/build/icyphy/ptII/ptolemy/domains/de/test/auto/deInCt2.xml
0
1
1
1
0
0
1
1
1
0
0
1
1
1
0
0
1
1
1
0
0
1
1
1
0
0
1
1
1
0
0
1
1
1
0
0
1
1
1
0
0
0
4 ms. Memory: 741888K Free: 404565K (55%)
----------------- Invoking toplevel() on ptolemy.moml.MoMLSimpleApplication@6de8e1e
----------------- Done invoking toplevel() on ptolemy.moml.MoMLSimpleApplication@6de8e1e
reloadAllAccessors: .deInCt2

===========================================================================================
----------------- testing Sat Jun 08 04:33:25 UTC 2019 /home/travis/build/icyphy/ptII/ptolemy/domains/de/test/auto/dynamicCausalityInterface1.xml
----------------- Instantiating /home/travis/build/icyphy/ptII/ptolemy/domains/de/test/auto/dynamicCausalityInterface1.xml
0 ms. Memory: 741888K Free: 384174K (52%)
----------------- Invoking toplevel() on ptolemy.moml.MoMLSimpleApplication@502cbd2a
----------------- Done invoking toplevel() on ptolemy.moml.MoMLSimpleApplication@502cbd2a
reloadAllAccessors: .dynamicCausalityInterface1

===========================================================================================
----------------- testing Sat Jun 08 04:33:25 UTC 2019 /home/travis/build/icyphy/ptII/ptolemy/domains/de/test/auto/fsm_de_test.xml
----------------- Instantiating /home/travis/build/icyphy/ptII/ptolemy/domains/de/test/auto/fsm_de_test.xml
7 ms. Memory: 741888K Free: 363780K (49%)
----------------- Invoking toplevel() on ptolemy.moml.MoMLSimpleApplication@35ee9d54
----------------- Done invoking toplevel() on ptolemy.moml.MoMLSimpleApplication@35ee9d54
reloadAllAccessors: .fsm_de_test

===========================================================================================
----------------- testing Sat Jun 08 04:33:25 UTC 2019 /home/travis/build/icyphy/ptII/ptolemy/domains/de/test/auto/functionDependencyReconstruction.xml
----------------- Instantiating /home/travis/build/icyphy/ptII/ptolemy/domains/de/test/auto/functionDependencyReconstruction.xml
2 ms. Memory: 741888K Free: 337061K (45%)
----------------- Invoking toplevel() on ptolemy.moml.MoMLSimpleApplication@2065a495
----------------- Done invoking toplevel() on ptolemy.moml.MoMLSimpleApplication@2065a495
reloadAllAccessors: .functionDependencyReconstruction

===========================================================================================
----------------- testing Sat Jun 08 04:33:25 UTC 2019 /home/travis/build/icyphy/ptII/ptolemy/domains/de/test/auto/multirate.xml
----------------- Instantiating /home/travis/build/icyphy/ptII/ptolemy/domains/de/test/auto/multirate.xml
3 ms. Memory: 741888K Free: 323285K (44%)
----------------- Invoking toplevel() on ptolemy.moml.MoMLSimpleApplication@6c60028
----------------- Done invoking toplevel() on ptolemy.moml.MoMLSimpleApplication@6c60028
reloadAllAccessors: .multirate

===========================================================================================
----------------- testing Sat Jun 08 04:33:25 UTC 2019 /home/travis/build/icyphy/ptII/ptolemy/domains/de/test/auto/multirate2.xml
----------------- Instantiating /home/travis/build/icyphy/ptII/ptolemy/domains/de/test/auto/multirate2.xml
4 ms. Memory: 741888K Free: 309509K (42%)
----------------- Invoking toplevel() on ptolemy.moml.MoMLSimpleApplication@58977fd5
----------------- Done invoking toplevel() on ptolemy.moml.MoMLSimpleApplication@58977fd5
reloadAllAccessors: .multirate2

===========================================================================================
----------------- testing Sat Jun 08 04:33:25 UTC 2019 /home/travis/build/icyphy/ptII/ptolemy/domains/de/test/auto/realtime.xml
----------------- Instantiating /home/travis/build/icyphy/ptII/ptolemy/domains/de/test/auto/realtime.xml
10001 ms. Memory: 741888K Free: 295733K (40%)
----------------- Invoking toplevel() on ptolemy.moml.MoMLSimpleApplication@6152a03d
----------------- Done invoking toplevel() on ptolemy.moml.MoMLSimpleApplication@6152a03d
reloadAllAccessors: .realtime

===========================================================================================
----------------- testing Sat Jun 08 04:33:35 UTC 2019 /home/travis/build/icyphy/ptII/ptolemy/domains/de/test/auto/relationGroup.xml
----------------- Instantiating /home/travis/build/icyphy/ptII/ptolemy/domains/de/test/auto/relationGroup.xml
1 ms. Memory: 741888K Free: 281957K (38%)
----------------- Invoking toplevel() on ptolemy.moml.MoMLSimpleApplication@244f10b3
----------------- Done invoking toplevel() on ptolemy.moml.MoMLSimpleApplication@244f10b3
reloadAllAccessors: .relationGroup

===========================================================================================
----------------- testing Sat Jun 08 04:33:35 UTC 2019 /home/travis/build/icyphy/ptII/ptolemy/domains/de/test/auto/relationGroup2.xml
----------------- Instantiating /home/travis/build/icyphy/ptII/ptolemy/domains/de/test/auto/relationGroup2.xml
1 ms. Memory: 741888K Free: 268181K (36%)
----------------- Invoking toplevel() on ptolemy.moml.MoMLSimpleApplication@3490c07f
----------------- Done invoking toplevel() on ptolemy.moml.MoMLSimpleApplication@3490c07f
reloadAllAccessors: .relationGroup2

===========================================================================================
----------------- testing Sat Jun 08 04:33:35 UTC 2019 /home/travis/build/icyphy/ptII/ptolemy/domains/de/test/auto/sortWithOpaquePorts.xml
----------------- Instantiating /home/travis/build/icyphy/ptII/ptolemy/domains/de/test/auto/sortWithOpaquePorts.xml
1 ms. Memory: 741888K Free: 254405K (34%)
----------------- Invoking toplevel() on ptolemy.moml.MoMLSimpleApplication@54b0ca57
----------------- Done invoking toplevel() on ptolemy.moml.MoMLSimpleApplication@54b0ca57
reloadAllAccessors: .sortWithOpaquePorts

===========================================================================================
----------------- testing Sat Jun 08 04:33:35 UTC 2019 /home/travis/build/icyphy/ptII/ptolemy/domains/de/test/auto/transferInputsandOutputs.xml
----------------- Instantiating /home/travis/build/icyphy/ptII/ptolemy/domains/de/test/auto/transferInputsandOutputs.xml
2 ms. Memory: 741888K Free: 240630K (32%)
----------------- Invoking toplevel() on ptolemy.moml.MoMLSimpleApplication@2200ef69
----------------- Done invoking toplevel() on ptolemy.moml.MoMLSimpleApplication@2200ef69
reloadAllAccessors: .transferInputsandOutputs

===========================================================================================
----------------- testing Sat Jun 08 04:33:35 UTC 2019 /home/travis/build/icyphy/ptII/ptolemy/domains/de/test/auto/triggerType.xml
----------------- Instantiating /home/travis/build/icyphy/ptII/ptolemy/domains/de/test/auto/triggerType.xml
2 ms. Memory: 741888K Free: 226854K (31%)
----------------- Invoking toplevel() on ptolemy.moml.MoMLSimpleApplication@6774bc6b
----------------- Done invoking toplevel() on ptolemy.moml.MoMLSimpleApplication@6774bc6b
reloadAllAccessors: .triggerType
AutoTests.java: About to close Vertx.
AutoTests.java: Vertx closed.
]]></system-out>
  <system-err><![CDATA[java.lang.RuntimeException: Execution failed
	at ptolemy.moml.MoMLSimpleApplication$UnloadThread.run(MoMLSimpleApplication.java:402)
Caused by: ptolemy.kernel.util.IllegalActionException: Found a zero delay loop containing .dependencyLoop.original
  in .dependencyLoop and .dependencyLoop.original
	at ptolemy.actor.util.CausalityInterfaceForComposites._computeOutputPortDepth(CausalityInterfaceForComposites.java:759)
	at ptolemy.actor.util.CausalityInterfaceForComposites._computeInputDepth(CausalityInterfaceForComposites.java:696)
	at ptolemy.actor.util.CausalityInterfaceForComposites._computeOutputPortDepth(CausalityInterfaceForComposites.java:765)
	at ptolemy.actor.util.CausalityInterfaceForComposites._computeInputDepth(CausalityInterfaceForComposites.java:696)
	at ptolemy.actor.util.CausalityInterfaceForComposites._computeOutputPortDepth(CausalityInterfaceForComposites.java:765)
	at ptolemy.actor.util.CausalityInterfaceForComposites._computeInputDepth(CausalityInterfaceForComposites.java:696)
	at ptolemy.actor.util.CausalityInterfaceForComposites._computeActorDepth(CausalityInterfaceForComposites.java:532)
	at ptolemy.actor.util.CausalityInterfaceForComposites.checkForCycles(CausalityInterfaceForComposites.java:96)
	at ptolemy.domains.de.kernel.DEDirector.preinitialize(DEDirector.java:1338)
	at ptolemy.actor.CompositeActor.preinitialize(CompositeActor.java:1828)
	at ptolemy.actor.Manager.preinitializeAndResolveTypes(Manager.java:1040)
	at ptolemy.actor.Manager.initialize(Manager.java:710)
	at ptolemy.actor.Manager.execute(Manager.java:356)
	at ptolemy.actor.Manager.run(Manager.java:1263)
	at ptolemy.actor.Manager$PtolemyRunThread.run(Manager.java:1915)
java.lang.RuntimeException: Execution failed
	at ptolemy.moml.MoMLSimpleApplication$UnloadThread.run(MoMLSimpleApplication.java:402)
Caused by: ptolemy.kernel.util.IllegalActionException: Found a zero delay loop containing .dependencyLoop2.original
  in .dependencyLoop2 and .dependencyLoop2.original
	at ptolemy.actor.util.CausalityInterfaceForComposites._computeOutputPortDepth(CausalityInterfaceForComposites.java:759)
	at ptolemy.actor.util.CausalityInterfaceForComposites._computeInputDepth(CausalityInterfaceForComposites.java:696)
	at ptolemy.actor.util.CausalityInterfaceForComposites._computeOutputPortDepth(CausalityInterfaceForComposites.java:765)
	at ptolemy.actor.util.CausalityInterfaceForComposites._computeInputDepth(CausalityInterfaceForComposites.java:696)
	at ptolemy.actor.util.CausalityInterfaceForComposites._computeOutputPortDepth(CausalityInterfaceForComposites.java:765)
	at ptolemy.actor.util.CausalityInterfaceForComposites._computeInputDepth(CausalityInterfaceForComposites.java:696)
	at ptolemy.actor.util.CausalityInterfaceForComposites._computeActorDepth(CausalityInterfaceForComposites.java:532)
	at ptolemy.actor.util.CausalityInterfaceForComposites.checkForCycles(CausalityInterfaceForComposites.java:96)
	at ptolemy.domains.de.kernel.DEDirector.preinitialize(DEDirector.java:1338)
	at ptolemy.actor.CompositeActor.preinitialize(CompositeActor.java:1828)
	at ptolemy.actor.Manager.preinitializeAndResolveTypes(Manager.java:1040)
	at ptolemy.actor.Manager.initialize(Manager.java:710)
	at ptolemy.actor.Manager.execute(Manager.java:356)
	at ptolemy.actor.Manager.run(Manager.java:1263)
	at ptolemy.actor.Manager$PtolemyRunThread.run(Manager.java:1915)
java.lang.RuntimeException: Execution failed
	at ptolemy.moml.MoMLSimpleApplication$UnloadThread.run(MoMLSimpleApplication.java:402)
Caused by: ptolemy.kernel.util.IllegalActionException: Found a zero delay loop containing .dependencyLoop.original
  in .dependencyLoop and .dependencyLoop.original
	at ptolemy.actor.util.CausalityInterfaceForComposites._computeOutputPortDepth(CausalityInterfaceForComposites.java:759)
	at ptolemy.actor.util.CausalityInterfaceForComposites._computeInputDepth(CausalityInterfaceForComposites.java:696)
	at ptolemy.actor.util.CausalityInterfaceForComposites._computeOutputPortDepth(CausalityInterfaceForComposites.java:765)
	at ptolemy.actor.util.CausalityInterfaceForComposites._computeInputDepth(CausalityInterfaceForComposites.java:696)
	at ptolemy.actor.util.CausalityInterfaceForComposites._computeOutputPortDepth(CausalityInterfaceForComposites.java:765)
	at ptolemy.actor.util.CausalityInterfaceForComposites._computeInputDepth(CausalityInterfaceForComposites.java:696)
	at ptolemy.actor.util.CausalityInterfaceForComposites._computeActorDepth(CausalityInterfaceForComposites.java:532)
	at ptolemy.actor.util.CausalityInterfaceForComposites.checkForCycles(CausalityInterfaceForComposites.java:96)
	at ptolemy.domains.de.kernel.DEDirector.preinitialize(DEDirector.java:1338)
	at ptolemy.actor.CompositeActor.preinitialize(CompositeActor.java:1828)
	at ptolemy.actor.Manager.preinitializeAndResolveTypes(Manager.java:1040)
	at ptolemy.actor.Manager.initialize(Manager.java:710)
	at ptolemy.actor.Manager.execute(Manager.java:356)
	at ptolemy.actor.Manager.run(Manager.java:1263)
	at ptolemy.actor.Manager$PtolemyRunThread.run(Manager.java:1915)
java.lang.RuntimeException: Execution failed
	at ptolemy.moml.MoMLSimpleApplication$UnloadThread.run(MoMLSimpleApplication.java:402)
Caused by: ptolemy.kernel.util.IllegalActionException: Actor is not ready to fire.  Perhaps UpSample.prefire() returned false? Try debugging the actor by selecting "Listen to Actor".  Also, for SDF check moml for tokenConsumptionRate on input.
  in .DESDFClockTest.Play Bell.Copy1:SDF Director and .DESDFClockTest.Play Bell.UpSample
	at ptolemy.actor.sched.StaticSchedulingDirector.fire(StaticSchedulingDirector.java:227)
	at ptolemy.domains.sdf.kernel.SDFDirector.fire(SDFDirector.java:500)
	at ptolemy.actor.CompositeActor.fire(CompositeActor.java:455)
	at ptolemy.domains.de.kernel.DEDirector._fire(DEDirector.java:1949)
	at ptolemy.domains.de.kernel.DEDirector.fire(DEDirector.java:502)
	at ptolemy.actor.CompositeActor.fire(CompositeActor.java:455)
	at ptolemy.actor.Manager.iterate(Manager.java:851)
	at ptolemy.actor.Manager.execute(Manager.java:369)
	at ptolemy.actor.Manager.run(Manager.java:1263)
	at ptolemy.actor.Manager$PtolemyRunThread.run(Manager.java:1915)
java.lang.RuntimeException: Execution failed
	at ptolemy.moml.MoMLSimpleApplication$UnloadThread.run(MoMLSimpleApplication.java:402)
Caused by: ptolemy.kernel.util.IllegalActionException: Found a zero delay loop containing .dependencyLoop2.original
  in .dependencyLoop2 and .dependencyLoop2.original
	at ptolemy.actor.util.CausalityInterfaceForComposites._computeOutputPortDepth(CausalityInterfaceForComposites.java:759)
	at ptolemy.actor.util.CausalityInterfaceForComposites._computeInputDepth(CausalityInterfaceForComposites.java:696)
	at ptolemy.actor.util.CausalityInterfaceForComposites._computeOutputPortDepth(CausalityInterfaceForComposites.java:765)
	at ptolemy.actor.util.CausalityInterfaceForComposites._computeInputDepth(CausalityInterfaceForComposites.java:696)
	at ptolemy.actor.util.CausalityInterfaceForComposites._computeOutputPortDepth(CausalityInterfaceForComposites.java:765)
	at ptolemy.actor.util.CausalityInterfaceForComposites._computeInputDepth(CausalityInterfaceForComposites.java:696)
	at ptolemy.actor.util.CausalityInterfaceForComposites._computeActorDepth(CausalityInterfaceForComposites.java:532)
	at ptolemy.actor.util.CausalityInterfaceForComposites.checkForCycles(CausalityInterfaceForComposites.java:96)
	at ptolemy.domains.de.kernel.DEDirector.preinitialize(DEDirector.java:1338)
	at ptolemy.actor.CompositeActor.preinitialize(CompositeActor.java:1828)
	at ptolemy.actor.Manager.preinitializeAndResolveTypes(Manager.java:1040)
	at ptolemy.actor.Manager.initialize(Manager.java:710)
	at ptolemy.actor.Manager.execute(Manager.java:356)
	at ptolemy.actor.Manager.run(Manager.java:1263)
	at ptolemy.actor.Manager$PtolemyRunThread.run(Manager.java:1915)
java.lang.RuntimeException: Execution failed
	at ptolemy.moml.MoMLSimpleApplication$UnloadThread.run(MoMLSimpleApplication.java:402)
Caused by: ptolemy.kernel.util.IllegalActionException: Found a zero delay loop containing .HierarchicalModel.A
  in .HierarchicalModel and .HierarchicalModel.A
	at ptolemy.actor.util.CausalityInterfaceForComposites._computeOutputPortDepth(CausalityInterfaceForComposites.java:759)
	at ptolemy.actor.util.CausalityInterfaceForComposites._computeInputDepth(CausalityInterfaceForComposites.java:696)
	at ptolemy.actor.util.CausalityInterfaceForComposites._computeOutputPortDepth(CausalityInterfaceForComposites.java:765)
	at ptolemy.actor.util.CausalityInterfaceForComposites._computeInputDepth(CausalityInterfaceForComposites.java:696)
	at ptolemy.actor.util.CausalityInterfaceForComposites._computeOutputPortDepth(CausalityInterfaceForComposites.java:765)
	at ptolemy.actor.util.CausalityInterfaceForComposites._computeInputDepth(CausalityInterfaceForComposites.java:696)
	at ptolemy.actor.util.CausalityInterfaceForComposites._computeActorDepth(CausalityInterfaceForComposites.java:532)
	at ptolemy.actor.util.CausalityInterfaceForComposites.checkForCycles(CausalityInterfaceForComposites.java:96)
	at ptolemy.domains.de.kernel.DEDirector.preinitialize(DEDirector.java:1338)
	at ptolemy.actor.CompositeActor.preinitialize(CompositeActor.java:1828)
	at ptolemy.actor.Manager.preinitializeAndResolveTypes(Manager.java:1040)
	at ptolemy.actor.Manager.initialize(Manager.java:710)
	at ptolemy.actor.Manager.execute(Manager.java:356)
	at ptolemy.actor.Manager.run(Manager.java:1263)
	at ptolemy.actor.Manager$PtolemyRunThread.run(Manager.java:1915)
java.lang.RuntimeException: Execution failed
	at ptolemy.moml.MoMLSimpleApplication$UnloadThread.run(MoMLSimpleApplication.java:402)
Caused by: ptolemy.kernel.util.IllegalActionException: Test fails in iteration 1.
Value was: 1.0. Should have been: 2.0
  in .DirectFeedback.Test
	at ptolemy.actor.lib.Test.fire(Test.java:268)
	at ptolemy.domains.de.kernel.DEDirector._fire(DEDirector.java:1949)
	at ptolemy.domains.de.kernel.DEDirector.fire(DEDirector.java:502)
	at ptolemy.actor.CompositeActor.fire(CompositeActor.java:455)
	at ptolemy.actor.Manager.iterate(Manager.java:851)
	at ptolemy.actor.Manager.execute(Manager.java:369)
	at ptolemy.actor.Manager.run(Manager.java:1263)
	at ptolemy.actor.Manager$PtolemyRunThread.run(Manager.java:1915)
java.lang.RuntimeException: Execution failed
	at ptolemy.moml.MoMLSimpleApplication$UnloadThread.run(MoMLSimpleApplication.java:402)
Caused by: ptolemy.kernel.util.IllegalActionException: Actor is not ready to fire.  Perhaps UpSample.prefire() returned false? Try debugging the actor by selecting "Listen to Actor".  Also, for SDF check moml for tokenConsumptionRate on input.
  in .DESDFClockTest.Play Bell.Copy1:SDF Director and .DESDFClockTest.Play Bell.UpSample
	at ptolemy.actor.sched.StaticSchedulingDirector.fire(StaticSchedulingDirector.java:227)
	at ptolemy.domains.sdf.kernel.SDFDirector.fire(SDFDirector.java:500)
	at ptolemy.actor.CompositeActor.fire(CompositeActor.java:455)
	at ptolemy.domains.de.kernel.DEDirector._fire(DEDirector.java:1949)
	at ptolemy.domains.de.kernel.DEDirector.fire(DEDirector.java:502)
	at ptolemy.actor.CompositeActor.fire(CompositeActor.java:455)
	at ptolemy.actor.Manager.iterate(Manager.java:851)
	at ptolemy.actor.Manager.execute(Manager.java:369)
	at ptolemy.actor.Manager.run(Manager.java:1263)
	at ptolemy.actor.Manager$PtolemyRunThread.run(Manager.java:1915)
java.lang.reflect.InvocationTargetException
	at sun.reflect.NativeConstructorAccessorImpl.newInstance0(Native Method)
	at sun.reflect.NativeConstructorAccessorImpl.newInstance(NativeConstructorAccessorImpl.java:62)
	at sun.reflect.DelegatingConstructorAccessorImpl.newInstance(DelegatingConstructorAccessorImpl.java:45)
	at java.lang.reflect.Constructor.newInstance(Constructor.java:423)
	at ptolemy.util.test.junit.AutoKnownFailedTests.RunModel(AutoKnownFailedTests.java:105)
	at sun.reflect.NativeMethodAccessorImpl.invoke0(Native Method)
	at sun.reflect.NativeMethodAccessorImpl.invoke(NativeMethodAccessorImpl.java:62)
	at sun.reflect.DelegatingMethodAccessorImpl.invoke(DelegatingMethodAccessorImpl.java:43)
	at java.lang.reflect.Method.invoke(Method.java:498)
	at org.junit.runners.model.FrameworkMethod$1.runReflectiveCall(FrameworkMethod.java:44)
	at org.junit.internal.runners.model.ReflectiveCallable.run(ReflectiveCallable.java:15)
	at org.junit.runners.model.FrameworkMethod.invokeExplosively(FrameworkMethod.java:41)
	at junitparams.internal.InvokeParameterisedMethod.evaluate(InvokeParameterisedMethod.java:102)
	at org.junit.internal.runners.statements.FailOnTimeout$1.run(FailOnTimeout.java:28)
Caused by: ptolemy.kernel.util.IllegalActionException: Actor is not ready to fire.  Perhaps UpSample.prefire() returned false? Try debugging the actor by selecting "Listen to Actor".  Also, for SDF check moml for tokenConsumptionRate on input.
  in .DESDFClockTest.Play Bell.Copy1:SDF Director and .DESDFClockTest.Play Bell.UpSample
	at ptolemy.actor.sched.StaticSchedulingDirector.fire(StaticSchedulingDirector.java:227)
	at ptolemy.domains.sdf.kernel.SDFDirector.fire(SDFDirector.java:500)
	at ptolemy.actor.CompositeActor.fire(CompositeActor.java:455)
	at ptolemy.domains.de.kernel.DEDirector._fire(DEDirector.java:1949)
	at ptolemy.domains.de.kernel.DEDirector.fire(DEDirector.java:502)
	at ptolemy.actor.CompositeActor.fire(CompositeActor.java:455)
	at ptolemy.actor.Manager.iterate(Manager.java:851)
	at ptolemy.actor.Manager.execute(Manager.java:369)
	at ptolemy.actor.Manager.run(Manager.java:1263)
	at ptolemy.actor.Manager$PtolemyRunThread.run(Manager.java:1915)
java.lang.RuntimeException: Execution failed
	at ptolemy.moml.MoMLSimpleApplication$UnloadThread.run(MoMLSimpleApplication.java:402)
Caused by: ptolemy.kernel.util.IllegalActionException: Test fails in iteration 1.
Value was: 1.0. Should have been: 2.0
  in .DirectFeedback.Test
	at ptolemy.actor.lib.Test.fire(Test.java:268)
	at ptolemy.domains.de.kernel.DEDirector._fire(DEDirector.java:1949)
	at ptolemy.domains.de.kernel.DEDirector.fire(DEDirector.java:502)
	at ptolemy.actor.CompositeActor.fire(CompositeActor.java:455)
	at ptolemy.actor.Manager.iterate(Manager.java:851)
	at ptolemy.actor.Manager.execute(Manager.java:369)
	at ptolemy.actor.Manager.run(Manager.java:1263)
	at ptolemy.actor.Manager$PtolemyRunThread.run(Manager.java:1915)
java.lang.reflect.InvocationTargetException
	at sun.reflect.NativeConstructorAccessorImpl.newInstance0(Native Method)
	at sun.reflect.NativeConstructorAccessorImpl.newInstance(NativeConstructorAccessorImpl.java:62)
	at sun.reflect.DelegatingConstructorAccessorImpl.newInstance(DelegatingConstructorAccessorImpl.java:45)
	at java.lang.reflect.Constructor.newInstance(Constructor.java:423)
	at ptolemy.util.test.junit.AutoKnownFailedTests.RunModel(AutoKnownFailedTests.java:105)
	at sun.reflect.NativeMethodAccessorImpl.invoke0(Native Method)
	at sun.reflect.NativeMethodAccessorImpl.invoke(NativeMethodAccessorImpl.java:62)
	at sun.reflect.DelegatingMethodAccessorImpl.invoke(DelegatingMethodAccessorImpl.java:43)
	at java.lang.reflect.Method.invoke(Method.java:498)
	at org.junit.runners.model.FrameworkMethod$1.runReflectiveCall(FrameworkMethod.java:44)
	at org.junit.internal.runners.model.ReflectiveCallable.run(ReflectiveCallable.java:15)
	at org.junit.runners.model.FrameworkMethod.invokeExplosively(FrameworkMethod.java:41)
	at junitparams.internal.InvokeParameterisedMethod.evaluate(InvokeParameterisedMethod.java:102)
	at org.junit.internal.runners.statements.FailOnTimeout$1.run(FailOnTimeout.java:28)
Caused by: ptolemy.kernel.util.IllegalActionException: Test fails in iteration 1.
Value was: 1.0. Should have been: 2.0
  in .DirectFeedback.Test
	at ptolemy.actor.lib.Test.fire(Test.java:268)
	at ptolemy.domains.de.kernel.DEDirector._fire(DEDirector.java:1949)
	at ptolemy.domains.de.kernel.DEDirector.fire(DEDirector.java:502)
	at ptolemy.actor.CompositeActor.fire(CompositeActor.java:455)
	at ptolemy.actor.Manager.iterate(Manager.java:851)
	at ptolemy.actor.Manager.execute(Manager.java:369)
	at ptolemy.actor.Manager.run(Manager.java:1263)
	at ptolemy.actor.Manager$PtolemyRunThread.run(Manager.java:1915)
java.lang.RuntimeException: Execution failed
	at ptolemy.moml.MoMLSimpleApplication$UnloadThread.run(MoMLSimpleApplication.java:402)
Caused by: ptolemy.kernel.util.IllegalActionException: Found a zero delay loop containing .HierarchicalModel.A
  in .HierarchicalModel and .HierarchicalModel.A
	at ptolemy.actor.util.CausalityInterfaceForComposites._computeOutputPortDepth(CausalityInterfaceForComposites.java:759)
	at ptolemy.actor.util.CausalityInterfaceForComposites._computeInputDepth(CausalityInterfaceForComposites.java:696)
	at ptolemy.actor.util.CausalityInterfaceForComposites._computeOutputPortDepth(CausalityInterfaceForComposites.java:765)
	at ptolemy.actor.util.CausalityInterfaceForComposites._computeInputDepth(CausalityInterfaceForComposites.java:696)
	at ptolemy.actor.util.CausalityInterfaceForComposites._computeOutputPortDepth(CausalityInterfaceForComposites.java:765)
	at ptolemy.actor.util.CausalityInterfaceForComposites._computeInputDepth(CausalityInterfaceForComposites.java:696)
	at ptolemy.actor.util.CausalityInterfaceForComposites._computeActorDepth(CausalityInterfaceForComposites.java:532)
	at ptolemy.actor.util.CausalityInterfaceForComposites.checkForCycles(CausalityInterfaceForComposites.java:96)
	at ptolemy.domains.de.kernel.DEDirector.preinitialize(DEDirector.java:1338)
	at ptolemy.actor.CompositeActor.preinitialize(CompositeActor.java:1828)
	at ptolemy.actor.Manager.preinitializeAndResolveTypes(Manager.java:1040)
	at ptolemy.actor.Manager.initialize(Manager.java:710)
	at ptolemy.actor.Manager.execute(Manager.java:356)
	at ptolemy.actor.Manager.run(Manager.java:1263)
	at ptolemy.actor.Manager$PtolemyRunThread.run(Manager.java:1915)
java.lang.reflect.InvocationTargetException
	at sun.reflect.NativeConstructorAccessorImpl.newInstance0(Native Method)
	at sun.reflect.NativeConstructorAccessorImpl.newInstance(NativeConstructorAccessorImpl.java:62)
	at sun.reflect.DelegatingConstructorAccessorImpl.newInstance(DelegatingConstructorAccessorImpl.java:45)
	at java.lang.reflect.Constructor.newInstance(Constructor.java:423)
	at ptolemy.util.test.junit.AutoKnownFailedTests.RunModel(AutoKnownFailedTests.java:105)
	at sun.reflect.NativeMethodAccessorImpl.invoke0(Native Method)
	at sun.reflect.NativeMethodAccessorImpl.invoke(NativeMethodAccessorImpl.java:62)
	at sun.reflect.DelegatingMethodAccessorImpl.invoke(DelegatingMethodAccessorImpl.java:43)
	at java.lang.reflect.Method.invoke(Method.java:498)
	at org.junit.runners.model.FrameworkMethod$1.runReflectiveCall(FrameworkMethod.java:44)
	at org.junit.internal.runners.model.ReflectiveCallable.run(ReflectiveCallable.java:15)
	at org.junit.runners.model.FrameworkMethod.invokeExplosively(FrameworkMethod.java:41)
	at junitparams.internal.InvokeParameterisedMethod.evaluate(InvokeParameterisedMethod.java:102)
	at org.junit.internal.runners.statements.FailOnTimeout$1.run(FailOnTimeout.java:28)
Caused by: ptolemy.kernel.util.IllegalActionException: Found a zero delay loop containing .HierarchicalModel.A
  in .HierarchicalModel and .HierarchicalModel.A
	at ptolemy.actor.util.CausalityInterfaceForComposites._computeOutputPortDepth(CausalityInterfaceForComposites.java:759)
	at ptolemy.actor.util.CausalityInterfaceForComposites._computeInputDepth(CausalityInterfaceForComposites.java:696)
	at ptolemy.actor.util.CausalityInterfaceForComposites._computeOutputPortDepth(CausalityInterfaceForComposites.java:765)
	at ptolemy.actor.util.CausalityInterfaceForComposites._computeInputDepth(CausalityInterfaceForComposites.java:696)
	at ptolemy.actor.util.CausalityInterfaceForComposites._computeOutputPortDepth(CausalityInterfaceForComposites.java:765)
	at ptolemy.actor.util.CausalityInterfaceForComposites._computeInputDepth(CausalityInterfaceForComposites.java:696)
	at ptolemy.actor.util.CausalityInterfaceForComposites._computeActorDepth(CausalityInterfaceForComposites.java:532)
	at ptolemy.actor.util.CausalityInterfaceForComposites.checkForCycles(CausalityInterfaceForComposites.java:96)
	at ptolemy.domains.de.kernel.DEDirector.preinitialize(DEDirector.java:1338)
	at ptolemy.actor.CompositeActor.preinitialize(CompositeActor.java:1828)
	at ptolemy.actor.Manager.preinitializeAndResolveTypes(Manager.java:1040)
	at ptolemy.actor.Manager.initialize(Manager.java:710)
	at ptolemy.actor.Manager.execute(Manager.java:356)
	at ptolemy.actor.Manager.run(Manager.java:1263)
	at ptolemy.actor.Manager$PtolemyRunThread.run(Manager.java:1915)
java.lang.RuntimeException: Execution failed
	at ptolemy.moml.MoMLSimpleApplication$UnloadThread.run(MoMLSimpleApplication.java:402)
Caused by: ptolemy.kernel.util.IllegalActionException: Found a zero delay loop containing .dependencyLoop.original
  in .dependencyLoop and .dependencyLoop.original
	at ptolemy.actor.util.CausalityInterfaceForComposites._computeOutputPortDepth(CausalityInterfaceForComposites.java:759)
	at ptolemy.actor.util.CausalityInterfaceForComposites._computeInputDepth(CausalityInterfaceForComposites.java:696)
	at ptolemy.actor.util.CausalityInterfaceForComposites._computeOutputPortDepth(CausalityInterfaceForComposites.java:765)
	at ptolemy.actor.util.CausalityInterfaceForComposites._computeInputDepth(CausalityInterfaceForComposites.java:696)
	at ptolemy.actor.util.CausalityInterfaceForComposites._computeOutputPortDepth(CausalityInterfaceForComposites.java:765)
	at ptolemy.actor.util.CausalityInterfaceForComposites._computeInputDepth(CausalityInterfaceForComposites.java:696)
	at ptolemy.actor.util.CausalityInterfaceForComposites._computeActorDepth(CausalityInterfaceForComposites.java:532)
	at ptolemy.actor.util.CausalityInterfaceForComposites.checkForCycles(CausalityInterfaceForComposites.java:96)
	at ptolemy.domains.de.kernel.DEDirector.preinitialize(DEDirector.java:1338)
	at ptolemy.actor.CompositeActor.preinitialize(CompositeActor.java:1828)
	at ptolemy.actor.Manager.preinitializeAndResolveTypes(Manager.java:1040)
	at ptolemy.actor.Manager.initialize(Manager.java:710)
	at ptolemy.actor.Manager.execute(Manager.java:356)
	at ptolemy.actor.Manager.run(Manager.java:1263)
	at ptolemy.actor.Manager$PtolemyRunThread.run(Manager.java:1915)
java.lang.reflect.InvocationTargetException
	at sun.reflect.NativeConstructorAccessorImpl.newInstance0(Native Method)
	at sun.reflect.NativeConstructorAccessorImpl.newInstance(NativeConstructorAccessorImpl.java:62)
	at sun.reflect.DelegatingConstructorAccessorImpl.newInstance(DelegatingConstructorAccessorImpl.java:45)
	at java.lang.reflect.Constructor.newInstance(Constructor.java:423)
	at ptolemy.util.test.junit.AutoKnownFailedTests.RunModel(AutoKnownFailedTests.java:105)
	at sun.reflect.NativeMethodAccessorImpl.invoke0(Native Method)
	at sun.reflect.NativeMethodAccessorImpl.invoke(NativeMethodAccessorImpl.java:62)
	at sun.reflect.DelegatingMethodAccessorImpl.invoke(DelegatingMethodAccessorImpl.java:43)
	at java.lang.reflect.Method.invoke(Method.java:498)
	at org.junit.runners.model.FrameworkMethod$1.runReflectiveCall(FrameworkMethod.java:44)
	at org.junit.internal.runners.model.ReflectiveCallable.run(ReflectiveCallable.java:15)
	at org.junit.runners.model.FrameworkMethod.invokeExplosively(FrameworkMethod.java:41)
	at junitparams.internal.InvokeParameterisedMethod.evaluate(InvokeParameterisedMethod.java:102)
	at org.junit.internal.runners.statements.FailOnTimeout$1.run(FailOnTimeout.java:28)
Caused by: ptolemy.kernel.util.IllegalActionException: Found a zero delay loop containing .dependencyLoop.original
  in .dependencyLoop and .dependencyLoop.original
	at ptolemy.actor.util.CausalityInterfaceForComposites._computeOutputPortDepth(CausalityInterfaceForComposites.java:759)
	at ptolemy.actor.util.CausalityInterfaceForComposites._computeInputDepth(CausalityInterfaceForComposites.java:696)
	at ptolemy.actor.util.CausalityInterfaceForComposites._computeOutputPortDepth(CausalityInterfaceForComposites.java:765)
	at ptolemy.actor.util.CausalityInterfaceForComposites._computeInputDepth(CausalityInterfaceForComposites.java:696)
	at ptolemy.actor.util.CausalityInterfaceForComposites._computeOutputPortDepth(CausalityInterfaceForComposites.java:765)
	at ptolemy.actor.util.CausalityInterfaceForComposites._computeInputDepth(CausalityInterfaceForComposites.java:696)
	at ptolemy.actor.util.CausalityInterfaceForComposites._computeActorDepth(CausalityInterfaceForComposites.java:532)
	at ptolemy.actor.util.CausalityInterfaceForComposites.checkForCycles(CausalityInterfaceForComposites.java:96)
	at ptolemy.domains.de.kernel.DEDirector.preinitialize(DEDirector.java:1338)
	at ptolemy.actor.CompositeActor.preinitialize(CompositeActor.java:1828)
	at ptolemy.actor.Manager.preinitializeAndResolveTypes(Manager.java:1040)
	at ptolemy.actor.Manager.initialize(Manager.java:710)
	at ptolemy.actor.Manager.execute(Manager.java:356)
	at ptolemy.actor.Manager.run(Manager.java:1263)
	at ptolemy.actor.Manager$PtolemyRunThread.run(Manager.java:1915)
java.lang.RuntimeException: Execution failed
	at ptolemy.moml.MoMLSimpleApplication$UnloadThread.run(MoMLSimpleApplication.java:402)
Caused by: ptolemy.kernel.util.IllegalActionException: Found a zero delay loop containing .dependencyLoop2.original
  in .dependencyLoop2 and .dependencyLoop2.original
	at ptolemy.actor.util.CausalityInterfaceForComposites._computeOutputPortDepth(CausalityInterfaceForComposites.java:759)
	at ptolemy.actor.util.CausalityInterfaceForComposites._computeInputDepth(CausalityInterfaceForComposites.java:696)
	at ptolemy.actor.util.CausalityInterfaceForComposites._computeOutputPortDepth(CausalityInterfaceForComposites.java:765)
	at ptolemy.actor.util.CausalityInterfaceForComposites._computeInputDepth(CausalityInterfaceForComposites.java:696)
	at ptolemy.actor.util.CausalityInterfaceForComposites._computeOutputPortDepth(CausalityInterfaceForComposites.java:765)
	at ptolemy.actor.util.CausalityInterfaceForComposites._computeInputDepth(CausalityInterfaceForComposites.java:696)
	at ptolemy.actor.util.CausalityInterfaceForComposites._computeActorDepth(CausalityInterfaceForComposites.java:532)
	at ptolemy.actor.util.CausalityInterfaceForComposites.checkForCycles(CausalityInterfaceForComposites.java:96)
	at ptolemy.domains.de.kernel.DEDirector.preinitialize(DEDirector.java:1338)
	at ptolemy.actor.CompositeActor.preinitialize(CompositeActor.java:1828)
	at ptolemy.actor.Manager.preinitializeAndResolveTypes(Manager.java:1040)
	at ptolemy.actor.Manager.initialize(Manager.java:710)
	at ptolemy.actor.Manager.execute(Manager.java:356)
	at ptolemy.actor.Manager.run(Manager.java:1263)
	at ptolemy.actor.Manager$PtolemyRunThread.run(Manager.java:1915)
java.lang.reflect.InvocationTargetException
	at sun.reflect.NativeConstructorAccessorImpl.newInstance0(Native Method)
	at sun.reflect.NativeConstructorAccessorImpl.newInstance(NativeConstructorAccessorImpl.java:62)
	at sun.reflect.DelegatingConstructorAccessorImpl.newInstance(DelegatingConstructorAccessorImpl.java:45)
	at java.lang.reflect.Constructor.newInstance(Constructor.java:423)
	at ptolemy.util.test.junit.AutoKnownFailedTests.RunModel(AutoKnownFailedTests.java:105)
	at sun.reflect.NativeMethodAccessorImpl.invoke0(Native Method)
	at sun.reflect.NativeMethodAccessorImpl.invoke(NativeMethodAccessorImpl.java:62)
	at sun.reflect.DelegatingMethodAccessorImpl.invoke(DelegatingMethodAccessorImpl.java:43)
	at java.lang.reflect.Method.invoke(Method.java:498)
	at org.junit.runners.model.FrameworkMethod$1.runReflectiveCall(FrameworkMethod.java:44)
	at org.junit.internal.runners.model.ReflectiveCallable.run(ReflectiveCallable.java:15)
	at org.junit.runners.model.FrameworkMethod.invokeExplosively(FrameworkMethod.java:41)
	at junitparams.internal.InvokeParameterisedMethod.evaluate(InvokeParameterisedMethod.java:102)
	at org.junit.internal.runners.statements.FailOnTimeout$1.run(FailOnTimeout.java:28)
Caused by: ptolemy.kernel.util.IllegalActionException: Found a zero delay loop containing .dependencyLoop2.original
  in .dependencyLoop2 and .dependencyLoop2.original
	at ptolemy.actor.util.CausalityInterfaceForComposites._computeOutputPortDepth(CausalityInterfaceForComposites.java:759)
	at ptolemy.actor.util.CausalityInterfaceForComposites._computeInputDepth(CausalityInterfaceForComposites.java:696)
	at ptolemy.actor.util.CausalityInterfaceForComposites._computeOutputPortDepth(CausalityInterfaceForComposites.java:765)
	at ptolemy.actor.util.CausalityInterfaceForComposites._computeInputDepth(CausalityInterfaceForComposites.java:696)
	at ptolemy.actor.util.CausalityInterfaceForComposites._computeOutputPortDepth(CausalityInterfaceForComposites.java:765)
	at ptolemy.actor.util.CausalityInterfaceForComposites._computeInputDepth(CausalityInterfaceForComposites.java:696)
	at ptolemy.actor.util.CausalityInterfaceForComposites._computeActorDepth(CausalityInterfaceForComposites.java:532)
	at ptolemy.actor.util.CausalityInterfaceForComposites.checkForCycles(CausalityInterfaceForComposites.java:96)
	at ptolemy.domains.de.kernel.DEDirector.preinitialize(DEDirector.java:1338)
	at ptolemy.actor.CompositeActor.preinitialize(CompositeActor.java:1828)
	at ptolemy.actor.Manager.preinitializeAndResolveTypes(Manager.java:1040)
	at ptolemy.actor.Manager.initialize(Manager.java:710)
	at ptolemy.actor.Manager.execute(Manager.java:356)
	at ptolemy.actor.Manager.run(Manager.java:1263)
	at ptolemy.actor.Manager$PtolemyRunThread.run(Manager.java:1915)
]]></system-err>
</testsuite>
