<?xml version="1.0" encoding="UTF-8" ?>
<testsuite errors="0" failures="1" hostname="travis-job-e0bdffaa-abd9-4d44-bd3a-ffbe73da92b2" name="ptolemy.actor.lib.test.junit.JUnitTclTest" skipped="0" tests="517" time="67.167" timestamp="2019-11-22T06:25:38">
  <properties>
    <property name="npm.executable" value="npm" />
    <property name="env.TRAVIS_ROOT" value="/" />
    <property name="ptII.mk.exists" value="true" />
    <property name="env.TRAVIS_APP_HOST" value="build.travis-ci.org" />
    <property name="env.rvm_bin_path" value="/home/travis/.rvm/bin" />
    <property name="java.home" value="/usr/local/lib/jvm/openjdk11" />
    <property name="env.TRAVIS_JOB_NUMBER" value="1405.8" />
    <property name="env.TRAVIS_HOME" value="/home/travis" />
    <property name="env.DISPLAY" value=":99.0" />
    <property name="env.TRAVIS_INIT" value="systemd" />
    <property name="env.SSH_TTY" value="/dev/pts/0" />
    <property name="java.net.preferIPv4Stack" value="true" />
    <property name="env.RUN_TESTS" value="true" />
    <property name="timeout.short" value="1000000" />
    <property name="junit.formatter" value="xml" />
    <property name="env.TRAVIS_SUDO" value="true" />
    <property name="env.TRAVIS_JOB_NAME" value="" />
    <property name="env.TRAVIS_STACK_NODE_ATTRIBUTES" value="/.node-attributes.yml" />
    <property name="env.LOGNAME" value="travis" />
    <property name="env.PT_TRAVIS_TEST_CORE1_XML" value="true" />
    <property name="jsdoc.home" value="node_modules/@terraswarm/jsdoc" />
    <property name="debuglevel" value="source,lines,vars" />
    <property name="checkstyle.formatter" value="xml" />
    <property name="env._system_version" value="16.04" />
    <property name="bin.vergil.makeable" value="true" />
    <property name="sun.os.patch.level" value="unknown" />
    <property name="java.vendor.url" value="http://java.oracle.com/" />
    <property name="env.TRAVIS_BUILD_WEB_URL" value="https://travis-ci.org/icyphy/ptII/builds/615399539" />
    <property name="java.version" value="11.0.2" />
    <property name="env.TZ" value="UTC" />
    <property name="env.TRAVIS_PULL_REQUEST_SHA" value="" />
    <property name="env.PT_NO_NET" value="true" />
    <property name="env.TRAVIS_SECURE_ENV_VARS" value="true" />
    <property name="env._system_type" value="Linux" />
    <property name="java.vendor.url.bug" value="http://bugreport.java.com/bugreport/" />
    <property name="npmjs-org-is-up" value="true" />
    <property name="env.LANGUAGE" value="en_US.UTF-8" />
    <property name="env.SSH_CLIENT" value="10.24.5.10 49638 22" />
    <property name="env.GEM_HOME" value="/home/travis/.rvm/gems/ruby-2.5.3" />
    <property name="env.HAS_ANTARES_THREE_LITTLE_FRONZIES_BADGE" value="true" />
    <property name="java.version.date" value="2019-01-15" />
    <property name="env.PS4" value="+" />
    <property name="ant.project.invoked-targets" value="build,test.core1.xml" />
    <property name="env.TRAVIS_PULL_REQUEST_BRANCH" value="" />
    <property name="env.TRAVIS_REPO_SLUG" value="icyphy/ptII" />
    <property name="env.XDG_DATA_DIRS" value="/usr/local/share:/usr/share:/var/lib/snapd/desktop" />
    <property name="jdk.debug" value="release" />
    <property name="env.TRAVIS_APT_PROXY" value="http://apt.cache.travis-ci.com" />
    <property name="env.TRAVIS_CPU_ARCH" value="amd64" />
    <property name="node.in.path" value="true" />
    <property name="user.name" value="travis" />
    <property name="java.maxmemory" value="1400m" />
    <property name="env.RUBY_VERSION" value="ruby-2.5.3" />
    <property name="env.LANG" value="en_US.UTF-8" />
    <property name="sun.io.unicode.encoding" value="UnicodeLittle" />
    <property name="sun.jnu.encoding" value="UTF-8" />
    <property name="java.runtime.name" value="OpenJDK Runtime Environment" />
    <property name="usefile" value="false" />
    <property name="return.code" value="0" />
    <property name="junit.single.formatter" value="plain" />
    <property name="env.DYLD_LIBRARY_PATH" value="/home/travis/pthla/certi-tools/lib:" />
    <property name="env.DEBIAN_FRONTEND" value="noninteractive" />
    <property name="env.SSH_CONNECTION" value="10.24.5.10 49638 10.20.1.99 22" />
    <property name="env.MYSQL_UNIX_PORT" value="/var/run/mysqld/mysqld.sock" />
    <property name="env.LC_ALL" value="en_US.UTF-8" />
    <property name="env.TRAVIS_ALLOW_FAILURE" value="false" />
    <property name="env.TRAVIS_JOB_WEB_URL" value="https://travis-ci.org/icyphy/ptII/jobs/615399547" />
    <property name="java.specification.name" value="Java Platform API Specification" />
    <property name="node.works" value="true" />
    <property name="user.timezone" value="" />
    <property name="path.separator" value=":" />
    <property name="env.TRAVIS_ENABLE_INFRA_DETECTION" value="true" />
    <property name="env.PYTHON_CFLAGS" value="-g -fstack-protector --param=ssp-buffer-size=4 -Wformat -Werror=format-security" />
    <property name="timeout.long" value="4000000" />
    <property name="env.CERTI_HOME" value="/home/travis/pthla/certi-tools" />
    <property name="ant.file.ptII" value="/home/travis/build/icyphy/ptII/build.xml" />
    <property name="javadoc.packagenames" value="com.*,diva.*,lbnl.*,org.hlacerti.*,org.json.*,org.ptolemy.*,org.terraswarm.*,ptolemy.*,ptserver.*" />
    <property name="file.encoding" value="UTF-8" />
    <property name="env.TRAVIS_PULL_REQUEST_SLUG" value="" />
    <property name="ant.project.default-target" value="build" />
    <property name="env.GIT_ASKPASS" value="echo" />
    <property name="env.HOME" value="/home/travis" />
    <property name="sun.java.command" value="org.apache.tools.ant.taskdefs.optional.junit.JUnitTestRunner ptolemy.actor.lib.test.junit.JUnitTclTest skipNonTests=false filtertrace=true haltOnError=false haltOnFailure=false formatter=org.apache.tools.ant.taskdefs.optional.junit.OutErrSummaryJUnitResultFormatter showoutput=true outputtoformatters=true logfailedtests=true threadid=0 logtestlistenerevents=false formatter=org.apache.tools.ant.taskdefs.optional.junit.XMLJUnitResultFormatter,/home/travis/build/icyphy/ptII/reports/junit/TEST-ptolemy.actor.lib.test.junit.JUnitTclTest.xml crashfile=/home/travis/build/icyphy/ptII/junitvmwatcher13221378761875186217.properties propsfile=/home/travis/build/icyphy/ptII/junit6678137254096843552.properties" />
    <property name="env.COMPOSER_NO_INTERACTION" value="1" />
    <property name="env.MANPATH" value="/home/travis/.nvm/versions/node/v7.10.1/share/man:/home/travis/.rvm/rubies/ruby-2.5.3/share/man:/usr/local/cmake-3.12.4/man:/usr/local/clang-7.0.0/share/man:/usr/local/man:/usr/local/share/man:/usr/share/man:/home/travis/.rvm/man" />
    <property name="env.TRAVIS_TIMER_ID" value="0a1bad82" />
    <property name="ant.file" value="/home/travis/build/icyphy/ptII/build.xml" />
    <property name="env.TRAVIS_COMMIT_RANGE" value="45a1af74cde64810f1a740ff9bd66386be4e642c...11deb69804adb5926cd4863c8231df6048994796" />
    <property name="env._system_name" value="Ubuntu" />
    <property name="ptII.classpath.optional.property" value="/home/travis/build/icyphy/ptII/lib/bsh-2.0b4.jar:/home/travis/build/icyphy/ptII/lib/ptCal.jar:/home/travis/build/icyphy/ptII/lib/java_cup.jar:/home/travis/build/icyphy/ptII/lib/saxon8.jar:/home/travis/build/icyphy/ptII/lib/saxon8-dom.jar:/home/travis/build/icyphy/ptII/lib/chic.jar:/home/travis/build/icyphy/ptII/lib/ptcolt.jar:/home/travis/build/icyphy/ptII/vendors/misc/itext/iText.jar:/home/travis/build/icyphy/ptII/lib/g4ltl.jar:/home/travis/build/icyphy/ptII/lib/StructuralCoder.jar:/home/travis/build/icyphy/ptII/lib/jcerti.jar:/home/travis/build/icyphy/ptII/lib/javax.mail.jar:/home/travis/build/icyphy/ptII/vendors/JMF-2.1.1e/lib/jmf.jar:/home/travis/build/icyphy/ptII/lib/jna-4.0.0-variadic.jar:/home/travis/build/icyphy/ptII/vendors/misc/joystick/Joystick.jar:/home/travis/build/icyphy/ptII/lib/ptjacl.jar:/home/travis/build/icyphy/ptII/lib/jsoup-1.8.2.jar:/home/travis/build/icyphy/ptII/lib/junit-4.8.2.jar:/home/travis/build/icyphy/ptII/lib/JUnitParams-0.4.0.jar:/home/travis/build/icyphy/ptII/ptolemy/actor/lib/excel/jxl.jar:/home/travis/build/icyphy/ptII/lib/jython.jar:/home/travis/build/icyphy/ptII/lib/kieler.jar:/home/travis/build/icyphy/ptII/vendors/opencv/share/OpenCV/java/opencv-341.jar:/home/travis/build/icyphy/ptII/lib/oscP5.jar:/home/travis/build/icyphy/ptII/lib/nrjavaserial-3.11.0.devel.jar:/home/travis/build/icyphy/ptII/vendors/j3d/lib/Linux/j3dcore.jar:/home/travis/build/icyphy/ptII/vendors/j3d/lib/Linux/j3dutils.jar:/home/travis/build/icyphy/ptII/vendors/j3d/lib/Linux/vecmath.jar:/home/travis/build/icyphy/ptII/vendors/jogl/lib/Linux/gluegen-rt-natives-linux-amd64.jar:/home/travis/build/icyphy/ptII/vendors/jogl/lib/Linux/gluegen-rt.jar:/home/travis/build/icyphy/ptII/vendors/jogl/lib/Linux/jogl-all-natives-linux-amd64.jar:/home/travis/build/icyphy/ptII/vendors/jogl/lib/Linux/jogl-all.jar:/home/travis/build/icyphy/ptII/ptolemy/distributed/jini/jar/jini-core.jar:/home/travis/build/icyphy/ptII/ptolemy/distributed/jini/jar/jini-ext.jar:/home/travis/build/icyphy/ptII/ptolemy/distributed/jini/jar/sun-util.jar:/home/travis/build/icyphy/ptII/lib/protobuf-java-2.4.1.jar:/home/travis/build/icyphy/ptII/lib/org.eclipse.paho.client.mqttv3.jar:/home/travis/build/icyphy/ptII/lib/mapss.jar:/home/travis/build/icyphy/ptII/ptolemy/actor/ptalon/antlr/antlr.jar:/home/travis/build/icyphy/ptII/lib/JRI.jar:/home/travis/build/icyphy/ptII/lib/commons-lang-2.6.jar:/home/travis/build/icyphy/ptII/lib/commons-logging-1.1.1.jar:/home/travis/build/icyphy/ptII/lib/sootclasses.jar:/home/travis/build/icyphy/ptII/ptolemy/actor/lib/database/mysql-connector-java-5.1.6-bin.jar:/home/travis/build/icyphy/ptII/vendors/misc/sphinx4/sphinx4-data-5prealpha.jar:/home/travis/build/icyphy/ptII/vendors/misc/sphinx4/sphinx4-core-5prealpha.jar:/home/travis/build/icyphy/ptII/lib/PDFRenderer.jar:/home/travis/build/icyphy/ptII/lib/svgSalamander.jar:/home/travis/build/icyphy/ptII/lib/rsyntaxtextarea-2.6.0-SNAPSHOT.jar:/home/travis/build/icyphy/ptII/lib/hazelcast-3.8.2.jar:/home/travis/build/icyphy/ptII/lib/jackson-annotations-2.9.0.jar:/home/travis/build/icyphy/ptII/lib/jackson-core-2.9.3.jar:/home/travis/build/icyphy/ptII/lib/jackson-databind-2.9.3.jar:/home/travis/build/icyphy/ptII/lib/netty-buffer-4.1.19.Final.jar:/home/travis/build/icyphy/ptII/lib/netty-codec-4.1.19.Final.jar:/home/travis/build/icyphy/ptII/lib/netty-codec-dns-4.1.19.Final.jar:/home/travis/build/icyphy/ptII/lib/netty-codec-http-4.1.19.Final.jar:/home/travis/build/icyphy/ptII/lib/netty-codec-http2-4.1.19.Final.jar:/home/travis/build/icyphy/ptII/lib/netty-common-4.1.19.Final.jar:/home/travis/build/icyphy/ptII/lib/netty-handler-4.1.19.Final.jar:/home/travis/build/icyphy/ptII/lib/netty-resolver-4.1.19.Final.jar:/home/travis/build/icyphy/ptII/lib/netty-resolver-dns-4.1.19.Final.jar:/home/travis/build/icyphy/ptII/lib/netty-transport-4.1.19.Final.jar:/home/travis/build/icyphy/ptII/lib/vertx-codegen-3.5.1.jar:/home/travis/build/icyphy/ptII/lib/vertx-core-3.5.2-SNAPSHOT.jar:/home/travis/build/icyphy/ptII/lib/vertx-hazelcast-3.5.1.jar:/home/travis/build/icyphy/ptII/lib/vertx-lang-js-3.5.1.jar:/home/travis/build/icyphy/ptII/lib/vertx-service-proxy-3.5.1.jar:/home/travis/build/icyphy/ptII/lib/vertx-web-3.5.1.jar:/home/travis/build/icyphy/ptII/lib/slf4j-api-1.7.13.jar:/home/travis/build/icyphy/ptII/lib/slf4j-simple-1.7.13.jar:/home/travis/build/icyphy/ptII/lib/webcam-capture-0.3.12.jar:/home/travis/build/icyphy/ptII/lib/bridj-0.7.0.jar:/home/travis/build/icyphy/ptII/lib/xbjlib-1.1.0.nrjavaserial.jar" />
    <property name="timeout" value="2400000" />
    <property name="test.batch" value="**/junit/*.java" />
    <property name="env._" value="/usr/bin/timeout" />
    <property name="java.io.tmpdir" value="/tmp" />
    <property name="user.language" value="en" />
    <property name="env.TRAVIS_INTERNAL_RUBY_REGEX" value="^ruby-(2\.[0-4]\.[0-9]|1\.9\.3)" />
    <property name="env.HISTCONTROL" value="ignoredups:ignorespace" />
    <property name="env.GOROOT" value="/home/travis/.gimme/versions/go1.11.1.linux.amd64" />
    <property name="line.separator" value="&#xa;" />
    <property name="target" value="11" />
    <property name="env.TRAVIS_BUILD_DIR" value="/home/travis/build/icyphy/ptII" />
    <property name="env.ANT_OPTS" value="-Xmx2048m" />
    <property name="ant.file.type" value="file" />
    <property name="ptolemy.ptII.batchMode" value="true" />
    <property name="env.HISTSIZE" value="1000" />
    <property name="env.MERB_ENV" value="test" />
    <property name="java.vm.info" value="mixed mode" />
    <property name="source" value="11" />
    <property name="java.vm.specification.name" value="Java Virtual Machine Specification" />
    <property name="env.TRAVIS_TEST_RESULT" value="0" />
    <property name="jsdoc.command" value="node_modules/@terraswarm/jsdoc/jsdoc.js" />
    <property name="npm.works" value="true" />
    <property name="cobertura.dir" value="/home/travis/build/icyphy/ptII/vendors/cobertura-2.0.3" />
    <property name="jsdoc.command.exists" value="true" />
    <property name="env.rvm_path" value="/home/travis/.rvm" />
    <property name="env.GEM_PATH" value="/home/travis/.rvm/gems/ruby-2.5.3:/home/travis/.rvm/gems/ruby-2.5.3@global" />
    <property name="env.LC_CTYPE" value="en_US.UTF-8" />
    <property name="env.TRAVIS_CMD" value="$PTII/bin/ptIITravisBuild.sh $SECONDS" />
    <property name="java.awt.printerjob" value="sun.print.PSPrinterJob" />
    <property name="env.TRAVIS_STACK_NAME" value="sardonyx" />
    <property name="env.TRAVIS_TIMER_START_TIME" value="1574403148909223250" />
    <property name="ant.version" value="Apache Ant(TM) version 1.10.1 compiled on February 2 2017" />
    <property name="ptII.reports" value="/home/travis/build/icyphy/ptII/reports" />
    <property name="env.TRAVIS_STACK_TIMESTAMP" value="2019-03-25 16:16:56 UTC" />
    <property name="ant.file.type.ptII" value="file" />
    <property name="env.RBENV_SHELL" value="bash" />
    <property name="os.name" value="Linux" />
    <property name="java.specification.vendor" value="Oracle Corporation" />
    <property name="env.rvm_version" value="1.29.7 (latest)" />
    <property name="env.TRAVIS_INFRA" value="gce" />
    <property name="env.TERM" value="xterm" />
    <property name="java.vm.name" value="OpenJDK 64-Bit Server VM" />
    <property name="env.TRAVIS_BUILD_NUMBER" value="1405" />
    <property name="env.CI" value="true" />
    <property name="java.library.path" value="/home/travis/pthla/certi-tools/lib:/usr/lib/jni:/usr/local/share/OpenCV/java/:/usr/share/OpenCV/java::/usr/java/packages/lib:/usr/lib64:/lib64:/lib:/usr/lib" />
    <property name="jdk.module.path" value="/home/travis/build/icyphy/ptII/vendors/javafx/javafx-sdk-11.0.2/lib:" />
    <property name="env.rvm_prefix" value="/home/travis" />
    <property name="env.PATH" value="/home/travis/pthla/certi-tools/share/scripts:/home/travis/.rvm/gems/ruby-2.5.3/bin:/home/travis/.rvm/gems/ruby-2.5.3@global/bin:/home/travis/.rvm/rubies/ruby-2.5.3/bin:/home/travis/.rvm/bin:/home/travis/.nvm/versions/node/v7.10.1/bin:./node_modules/.bin:/home/travis/build/icyphy/ptII/bin:/home/travis/pthla/certi-tools/bin:/home/travis/bin:/home/travis/.local/bin:/usr/local/lib/jvm/openjdk11/bin:/opt/pyenv/shims:/home/travis/.phpenv/shims:/home/travis/perl5/perlbrew/bin:/home/travis/gopath/bin:/home/travis/.gimme/versions/go1.11.1.linux.amd64/bin:/usr/local/maven-3.6.0/bin:/usr/local/cmake-3.12.4/bin:/usr/local/clang-7.0.0/bin:/usr/local/sbin:/usr/local/bin:/usr/sbin:/usr/bin:/sbin:/bin:/snap/bin:/home/travis/.phpenv/bin:/opt/pyenv/bin:/home/travis/.yarn/bin" />
    <property name="env.TRAVIS_OS_NAME" value="linux" />
    <property name="ant.java.version" value="9" />
    <property name="basedir" value="/home/travis/build/icyphy/ptII" />
    <property name="java.class.version" value="55.0" />
    <property name="env.SHLVL" value="3" />
    <property name="env.LD_LIBRARY_PATH" value="/home/travis/pthla/certi-tools/lib:/usr/lib/jni:/usr/local/share/OpenCV/java/:/usr/share/OpenCV/java:" />
    <property name="env.RACK_ENV" value="test" />
    <property name="ant.home" value="/home/travis/build/icyphy/ptII/ant" />
    <property name="env.NVM_DIR" value="/home/travis/.nvm" />
    <property name="env.CERTI_FOM_PATH" value="/home/travis/pthla/certi-tools/share/federations" />
    <property name="env.TRAVIS_BUILD_ID" value="615399539" />
    <property name="env.PYENV_ROOT" value="/opt/pyenv" />
    <property name="env.TRAVIS_UID" value="2000" />
    <property name="prism.verbose" value="true" />
    <property name="env.NVM_BIN" value="/home/travis/.nvm/versions/node/v7.10.1/bin" />
    <property name="env.TRAVIS_COMMIT" value="11deb69804adb5926cd4863c8231df6048994796" />
    <property name="env._system_arch" value="x86_64" />
    <property name="node.executable" value="node" />
    <property name="sun.boot.library.path" value="/usr/local/lib/jvm/openjdk11/lib" />
    <property name="sun.management.compiler" value="HotSpot 64-Bit Tiered Compilers" />
    <property name="java.awt.graphicsenv" value="sun.awt.X11GraphicsEnvironment" />
    <property name="env.GOPATH" value="/home/travis/gopath" />
    <property name="ptolemy.ptII.dir" value="/home/travis/build/icyphy/ptII" />
    <property name="env.USER" value="travis" />
    <property name="env.HISTFILESIZE" value="2000" />
    <property name="timeout.longest" value="19000000" />
    <property name="env.PERLBREW_SHELLRC_VERSION" value="0.86" />
    <property name="env.TRAVIS_STACK_FEATURES" value="basic couchdb disabled-ipv6 docker docker-compose elasticsearch firefox go-toolchain google-chrome jdk memcached mongodb mysql nodejs_interpreter perl_interpreter perlbrew phantomjs postgresql python_interpreter redis ruby_interpreter sqlite xserver" />
    <property name="env.TRAVIS_PULL_REQUEST" value="false" />
    <property name="env.PYENV_SHELL" value="bash" />
    <property name="ant.project.name" value="ptII" />
    <property name="env.ANSI_RESET" value="\033[0m" />
    <property name="java.vm.specification.version" value="11" />
    <property name="env.TRAVIS_DIST" value="xenial" />
    <property name="env.CERTI_VERSION" value="4.0.0" />
    <property name="env.CERTI_HOST" value="localhost" />
    <property name="awt.toolkit" value="sun.awt.X11.XToolkit" />
    <property name="env.MY_RUBY_HOME" value="/home/travis/.rvm/rubies/ruby-2.5.3" />
    <property name="sun.cpu.isalist" value="" />
    <property name="env.TRAVIS_TMPDIR" value="/tmp/tmp.cDbu2jy93e" />
    <property name="java.vm.compressedOopsMode" value="Zero based" />
    <property name="os.version" value="4.15.0-1028-gcp" />
    <property name="user.home" value="/home/travis" />
    <property name="java.vm.vendor" value="Oracle Corporation" />
    <property name="env.TRAVIS_TAG" value="nightly" />
    <property name="env.ANSI_YELLOW" value="\033[33;1m" />
    <property name="env.TRAVIS_FILTERED" value="redirect_io" />
    <property name="env.ANSI_GREEN" value="\033[32;1m" />
    <property name="env.JAVA_HOME" value="/usr/local/lib/jvm/openjdk11" />
    <property name="javadoc.excludepackagenames" value="adm.cvs2svn.*,build.*,config.*,doc.coding.templates.*,jni.test.jni.meaningOfLife.*,jni.test.jni.testDeux.*,jni.test.jni.testTrois.*,org.terraswarm.accessor.accessors.web.node_modules.*,org.terraswarm.accessor.accessors.web.hosts.cordova.demo.*,org.terraswarm.accessor.accessors.web.hosts.cordova.plugins.*,org.terraswarm.accessor.accessors-svn.*,pt-modules.*,ptolemy.apps.agilent.*,ptolemy.apps.anytimecontrol.*,ptolemy.apps.apes.*,ptolemy.apps.charon.*,ptolemy.apps.crazyboard.*,ptolemy.apps.eclipse.*,ptolemy.apps.etherealSting.*,ptolemy.apps.fullscreen.*,ptolemy.apps.giotto.*,ptolemy.apps.ia.*,ptolemy.apps.interfaces.*,ptolemy.apps.jmf.*,ptolemy.apps.kurt.*,ptolemy.apps.kvm.*,ptolemy.apps.lego.*,ptolemy.apps.lejos.*,ptolemy.apps.midp.*,ptolemy.apps.mobileCoding.*,ptolemy.apps.pendulum.*,ptolemy.apps.rijndael.*,ptolemy.apps.robot.*,ptolemy.apps.security.*,ptolemy.apps.sobel.*,ptolemy.apps.soot.*,ptolemy.apps.throttle.*,ptolemy.apps.tini.*,ptolemy.apps.transmission.*,ptolemy.apps.vergil.*,ptolemy.apps.waba.*,ptolemy.apps.websensor.*,ptolemy.apps.webstart.*,ptolemy.apps.xsl.*,ptolemy.apps.zaurus.*,ptolemy.codegen.c.actor.lib.oldJavaFiles.*,ptolemy.codegen.dsp.lib.*,ptolemy.codegen.kernel.newInterfaces.*,ptolemy.codegen.lib.*,ptolemy.copernicus.kernel.fragment.*,ptolemy.copernicus.shallow.cg.*,ptolemy.domains.giotto.demo.Hierarchy.Hierarchy.*,ptolemy.domains.giotto.demo.Multimode.Multimode.*,ptolemy.domains.giotto.demo.Simple.Simple.*,ptolemy.domains.gr.lib.experimental.*,ptolemy.domains.gro.*,ptolemy.domains.pdf.*,ptolemy.domains.ptinyos.demo.Surge.output.*,ptolemy.moml.test.NoPackageActor.java*,ptolemy.plot.adm.*,ptolemy.plot.servlet.*,reports.*,signed.*,src.*,target.*,vendors.*,ptolemy.copernicus.applet.*,ptolemy.media.viewer.*,ptolemy.actor.corba.*,doc.doclets.*,ptolemy.apps.eclipse.awt.*,ptolemy.backtrack.*,ptolemy.backtrack.ast.*,ptolemy.cg.adapter.generic.program.procedural.c.mbed*,ptolemy.homer.*,ptolemy.actor.lib.jai.*,org.ptolemy.scala.*,diva.util.java2d.svg.*,ptolemy.domains.ptinyos.*,ptolemy.actor.lib.fmi.fmipp.*,,org.terraswarm.accessor.accessors.web.node_modules.*,org.terraswarm.accessor.accessors-svn,ptolemy.apps.*,ptolemy.actor.ptalon.demo.ptinyos.SendAndReceiveCnt.output,ptolemy.actor.ptalon.demo.ptinyos.SenseToLeds.output,ptolemy.domains.ptinyos.demo.CntToLedsAndRfm.output,ptolemy.domains.ptinyos.demo.RfmToLeds.output,ptolemy.domains.ptinyos.demo.SendAndReceiveCnt.output,ptolemy.domains.ptinyos.demo.SenseToLeds.output,ptolemy.actor.lib.jjs.modules.udpSocket.*" />
    <property name="env.PTII" value="/home/travis/build/icyphy/ptII" />
    <property name="env.XDG_SESSION_ID" value="2" />
    <property name="keystore" value="ptKeystore" />
    <property name="env.TRAVIS_COMMIT_MESSAGE" value="Conform a model to new HlaManager design." />
    <property name="junit.output.dir" value="/home/travis/build/icyphy/ptII/reports/junit" />
    <property name="npm.return.code" value="0" />
    <property name="user.dir" value="/home/travis/build/icyphy/ptII/ptolemy/actor/lib/test" />
    <property name="env.TRAVIS_NODE_VERSION" value="7" />
    <property name="env.TRAVIS_EVENT_TYPE" value="cron" />
    <property name="env.MAIL" value="/var/mail/travis" />
    <property name="env.PERLBREW_ROOT" value="/home/travis/perl5/perlbrew" />
    <property name="env.PWD" value="/home/travis/build/icyphy/ptII" />
    <property name="timeout.npm" value="45000" />
    <property name="env.TRAVIS_ARCH" value="amd64" />
    <property name="sun.cpu.endian" value="little" />
    <property name="env.PAGER" value="cat" />
    <property name="env.TRAVIS_BUILD_STAGE_NAME" value="Test" />
    <property name="env.PERLBREW_HOME" value="/home/travis/.perlbrew" />
    <property name="java.vm.version" value="11.0.2+9" />
    <property name="env.RAILS_ENV" value="test" />
    <property name="java.class.path" value="/home/travis/.ptolemyII:/home/travis/.ptolemyII/*:/home/travis/build/icyphy/ptII:/home/travis/build/icyphy/ptII/lib/bsh-2.0b4.jar:/home/travis/build/icyphy/ptII/lib/ptCal.jar:/home/travis/build/icyphy/ptII/lib/java_cup.jar:/home/travis/build/icyphy/ptII/lib/saxon8.jar:/home/travis/build/icyphy/ptII/lib/saxon8-dom.jar:/home/travis/build/icyphy/ptII/lib/chic.jar:/home/travis/build/icyphy/ptII/lib/ptcolt.jar:/home/travis/build/icyphy/ptII/vendors/misc/itext/iText.jar:/home/travis/build/icyphy/ptII/lib/g4ltl.jar:/home/travis/build/icyphy/ptII/lib/StructuralCoder.jar:/home/travis/build/icyphy/ptII/lib/jcerti.jar:/home/travis/build/icyphy/ptII/lib/javax.mail.jar:/home/travis/build/icyphy/ptII/vendors/JMF-2.1.1e/lib/jmf.jar:/home/travis/build/icyphy/ptII/lib/jna-4.0.0-variadic.jar:/home/travis/build/icyphy/ptII/vendors/misc/joystick/Joystick.jar:/home/travis/build/icyphy/ptII/lib/ptjacl.jar:/home/travis/build/icyphy/ptII/lib/jsoup-1.8.2.jar:/home/travis/build/icyphy/ptII/lib/junit-4.8.2.jar:/home/travis/build/icyphy/ptII/lib/JUnitParams-0.4.0.jar:/home/travis/build/icyphy/ptII/ptolemy/actor/lib/excel/jxl.jar:/home/travis/build/icyphy/ptII/lib/jython.jar:/home/travis/build/icyphy/ptII/lib/kieler.jar:/home/travis/build/icyphy/ptII/vendors/opencv/share/OpenCV/java/opencv-341.jar:/home/travis/build/icyphy/ptII/lib/oscP5.jar:/home/travis/build/icyphy/ptII/lib/nrjavaserial-3.11.0.devel.jar:/home/travis/build/icyphy/ptII/vendors/j3d/lib/Linux/j3dcore.jar:/home/travis/build/icyphy/ptII/vendors/j3d/lib/Linux/j3dutils.jar:/home/travis/build/icyphy/ptII/vendors/j3d/lib/Linux/vecmath.jar:/home/travis/build/icyphy/ptII/vendors/jogl/lib/Linux/gluegen-rt-natives-linux-amd64.jar:/home/travis/build/icyphy/ptII/vendors/jogl/lib/Linux/gluegen-rt.jar:/home/travis/build/icyphy/ptII/vendors/jogl/lib/Linux/jogl-all-natives-linux-amd64.jar:/home/travis/build/icyphy/ptII/vendors/jogl/lib/Linux/jogl-all.jar:/home/travis/build/icyphy/ptII/ptolemy/distributed/jini/jar/jini-core.jar:/home/travis/build/icyphy/ptII/ptolemy/distributed/jini/jar/jini-ext.jar:/home/travis/build/icyphy/ptII/ptolemy/distributed/jini/jar/sun-util.jar:/home/travis/build/icyphy/ptII/lib/protobuf-java-2.4.1.jar:/home/travis/build/icyphy/ptII/lib/org.eclipse.paho.client.mqttv3.jar:/home/travis/build/icyphy/ptII/lib/mapss.jar:/home/travis/build/icyphy/ptII/ptolemy/actor/ptalon/antlr/antlr.jar:/home/travis/build/icyphy/ptII/lib/JRI.jar:/home/travis/build/icyphy/ptII/lib/commons-lang-2.6.jar:/home/travis/build/icyphy/ptII/lib/commons-logging-1.1.1.jar:/home/travis/build/icyphy/ptII/lib/sootclasses.jar:/home/travis/build/icyphy/ptII/ptolemy/actor/lib/database/mysql-connector-java-5.1.6-bin.jar:/home/travis/build/icyphy/ptII/vendors/misc/sphinx4/sphinx4-data-5prealpha.jar:/home/travis/build/icyphy/ptII/vendors/misc/sphinx4/sphinx4-core-5prealpha.jar:/home/travis/build/icyphy/ptII/lib/PDFRenderer.jar:/home/travis/build/icyphy/ptII/lib/svgSalamander.jar:/home/travis/build/icyphy/ptII/lib/rsyntaxtextarea-2.6.0-SNAPSHOT.jar:/home/travis/build/icyphy/ptII/lib/hazelcast-3.8.2.jar:/home/travis/build/icyphy/ptII/lib/jackson-annotations-2.9.0.jar:/home/travis/build/icyphy/ptII/lib/jackson-core-2.9.3.jar:/home/travis/build/icyphy/ptII/lib/jackson-databind-2.9.3.jar:/home/travis/build/icyphy/ptII/lib/netty-buffer-4.1.19.Final.jar:/home/travis/build/icyphy/ptII/lib/netty-codec-4.1.19.Final.jar:/home/travis/build/icyphy/ptII/lib/netty-codec-dns-4.1.19.Final.jar:/home/travis/build/icyphy/ptII/lib/netty-codec-http-4.1.19.Final.jar:/home/travis/build/icyphy/ptII/lib/netty-codec-http2-4.1.19.Final.jar:/home/travis/build/icyphy/ptII/lib/netty-common-4.1.19.Final.jar:/home/travis/build/icyphy/ptII/lib/netty-handler-4.1.19.Final.jar:/home/travis/build/icyphy/ptII/lib/netty-resolver-4.1.19.Final.jar:/home/travis/build/icyphy/ptII/lib/netty-resolver-dns-4.1.19.Final.jar:/home/travis/build/icyphy/ptII/lib/netty-transport-4.1.19.Final.jar:/home/travis/build/icyphy/ptII/lib/vertx-codegen-3.5.1.jar:/home/travis/build/icyphy/ptII/lib/vertx-core-3.5.2-SNAPSHOT.jar:/home/travis/build/icyphy/ptII/lib/vertx-hazelcast-3.5.1.jar:/home/travis/build/icyphy/ptII/lib/vertx-lang-js-3.5.1.jar:/home/travis/build/icyphy/ptII/lib/vertx-service-proxy-3.5.1.jar:/home/travis/build/icyphy/ptII/lib/vertx-web-3.5.1.jar:/home/travis/build/icyphy/ptII/lib/slf4j-api-1.7.13.jar:/home/travis/build/icyphy/ptII/lib/slf4j-simple-1.7.13.jar:/home/travis/build/icyphy/ptII/lib/webcam-capture-0.3.12.jar:/home/travis/build/icyphy/ptII/lib/bridj-0.7.0.jar:/home/travis/build/icyphy/ptII/lib/xbjlib-1.1.0.nrjavaserial.jar:/home/travis/build/icyphy/ptII/ptolemy/moml/test:/home/travis/build/icyphy/ptII/ant/lib/ant-launcher.jar:/home/travis/build/icyphy/ptII/ant/lib/ant.jar:/home/travis/build/icyphy/ptII/ant/lib/ant-junit.jar:/home/travis/build/icyphy/ptII/ant/lib/ant-junit4.jar" />
    <property name="ant.library.dir" value="/home/travis/build/icyphy/ptII/ant/lib" />
    <property name="os.arch" value="amd64" />
    <property name="env.CONTINUOUS_INTEGRATION" value="true" />
    <property name="env.TRAVIS_LANGUAGE" value="node_js" />
    <property name="env.TRAVIS_STACK_LANGUAGES" value="__sardonyx__ c c++ clojure cplusplus cpp default generic go groovy java node_js php pure_java python ruby scala" />
    <property name="test.name" value="ptolemy.actor.lib.test.junit.JUnitTclTest" />
    <property name="env.APT_KEY_DONT_WARN_ON_DANGEROUS_USAGE" value="1" />
    <property name="sun.java.launcher" value="SUN_STANDARD" />
    <property name="env.PYTHON_CONFIGURE_OPTS" value="--enable-unicode=ucs4 --with-wide-unicode --enable-shared --enable-ipv6 --enable-loadable-sqlite-extensions --with-computed-gotos" />
    <property name="ant.core.lib" value="/home/travis/build/icyphy/ptII/ant/lib/ant.jar" />
    <property name="java.vm.specification.vendor" value="Oracle Corporation" />
    <property name="env.BCVTB_HOME" value="/home/travis/build/icyphy/ptII/lbnl" />
    <property name="file.separator" value="/" />
    <property name="spotbugs.home" value="/home/travis/build/icyphy/ptII/vendors/spotbugs-3.1.1" />
    <property name="java.runtime.version" value="11.0.2+9" />
    <property name="env.ANSI_CLEAR" value="\033[0K" />
    <property name="javafx.verbose" value="true" />
    <property name="env.HAS_JOSH_K_SEAL_OF_APPROVAL" value="true" />
    <property name="env.XDG_RUNTIME_DIR" value="/run/user/2000" />
    <property name="env.TRAVIS_OSX_IMAGE" value="" />
    <property name="env.TRAVIS_JOB_ID" value="615399547" />
    <property name="env.TRAVIS_BRANCH" value="master" />
    <property name="user.country" value="US" />
    <property name="env.CERTI_HOME_TRAVIS" value="/home/travis/pthla/certi-tools" />
    <property name="env.SHELL" value="/bin/bash" />
    <property name="java.maxmemory.large" value="3200m" />
    <property name="model" value="" />
    <property name="env.CASHER_DIR" value="/home/travis/.casher" />
    <property name="env.NVM_CD_FLAGS" value="" />
    <property name="java.vendor.version" value="18.9" />
    <property name="jshint.executable" value="/home/travis/node_modules/jshint/bin/jshint" />
    <property name="env.JRUBY_OPTS" value=" --client -J-XX:+TieredCompilation -J-XX:TieredStopAtLevel=1 -J-Xss2m -Xcompile.invokedynamic=false" />
    <property name="java.vendor" value="Oracle Corporation" />
    <property name="env.TRAVIS_PRE_CHEF_BOOTSTRAP_TIME" value="2019-03-25T16:16:42" />
    <property name="env.TRAVIS_STACK_JOB_BOARD_REGISTER" value="/.job-board-register.yml" />
    <property name="env.ANSI_RED" value="\033[31;1m" />
    <property name="java.specification.version" value="11" />
    <property name="env.IRBRC" value="/home/travis/.rvm/rubies/ruby-2.5.3/.irbrc" />
    <property name="env.TRAVIS" value="true" />
    <property name="sun.arch.data.model" value="64" />
  </properties>
  <testcase classname="ptolemy.util.test.junit.TclTests" name="[0] /home/travis/build/icyphy/ptII/ptolemy/actor/lib/test/AbsoluteValue.tcl (RunTclFile)" time="0.582" />
  <testcase classname="ptolemy.util.test.junit.TclTests" name="[1] /home/travis/build/icyphy/ptII/ptolemy/actor/lib/test/AddSubtract.tcl (RunTclFile)" time="0.219" />
  <testcase classname="ptolemy.util.test.junit.TclTests" name="[2] /home/travis/build/icyphy/ptII/ptolemy/actor/lib/test/Average.tcl (RunTclFile)" time="0.05" />
  <testcase classname="ptolemy.util.test.junit.TclTests" name="[3] /home/travis/build/icyphy/ptII/ptolemy/actor/lib/test/Bernoulli.tcl (RunTclFile)" time="0.026" />
  <testcase classname="ptolemy.util.test.junit.TclTests" name="[4] /home/travis/build/icyphy/ptII/ptolemy/actor/lib/test/Clock.tcl (RunTclFile)" time="0.066" />
  <testcase classname="ptolemy.util.test.junit.TclTests" name="[5] /home/travis/build/icyphy/ptII/ptolemy/actor/lib/test/Commutator.tcl (RunTclFile)" time="0.115" />
  <testcase classname="ptolemy.util.test.junit.TclTests" name="[6] /home/travis/build/icyphy/ptII/ptolemy/actor/lib/test/Const.tcl (RunTclFile)" time="0.139" />
  <testcase classname="ptolemy.util.test.junit.TclTests" name="[7] /home/travis/build/icyphy/ptII/ptolemy/actor/lib/test/CurrentTime.tcl (RunTclFile)" time="0.046" />
  <testcase classname="ptolemy.util.test.junit.TclTests" name="[8] /home/travis/build/icyphy/ptII/ptolemy/actor/lib/test/DB.tcl (RunTclFile)" time="0.088" />
  <testcase classname="ptolemy.util.test.junit.TclTests" name="[9] /home/travis/build/icyphy/ptII/ptolemy/actor/lib/test/DiscreteRandomSource.tcl (RunTclFile)" time="0.089" />
  <testcase classname="ptolemy.util.test.junit.TclTests" name="[10] /home/travis/build/icyphy/ptII/ptolemy/actor/lib/test/Distributor.tcl (RunTclFile)" time="0.092" />
  <testcase classname="ptolemy.util.test.junit.TclTests" name="[11] /home/travis/build/icyphy/ptII/ptolemy/actor/lib/test/Exit.tcl (RunTclFile)" time="0.139" />
  <testcase classname="ptolemy.util.test.junit.TclTests" name="[12] /home/travis/build/icyphy/ptII/ptolemy/actor/lib/test/Expression.tcl (RunTclFile)" time="0.154" />
  <testcase classname="ptolemy.util.test.junit.TclTests" name="[13] /home/travis/build/icyphy/ptII/ptolemy/actor/lib/test/Gaussian.tcl (RunTclFile)" time="0.778" />
  <testcase classname="ptolemy.util.test.junit.TclTests" name="[14] /home/travis/build/icyphy/ptII/ptolemy/actor/lib/test/IIR.tcl (RunTclFile)" time="0.031" />
  <testcase classname="ptolemy.util.test.junit.TclTests" name="[15] /home/travis/build/icyphy/ptII/ptolemy/actor/lib/test/Interpolator.tcl (RunTclFile)" time="0.069" />
  <testcase classname="ptolemy.util.test.junit.TclTests" name="[16] /home/travis/build/icyphy/ptII/ptolemy/actor/lib/test/MathFunction.tcl (RunTclFile)" time="0.081" />
  <testcase classname="ptolemy.util.test.junit.TclTests" name="[17] /home/travis/build/icyphy/ptII/ptolemy/actor/lib/test/Maximum.tcl (RunTclFile)" time="0.058" />
  <testcase classname="ptolemy.util.test.junit.TclTests" name="[18] /home/travis/build/icyphy/ptII/ptolemy/actor/lib/test/Minimum.tcl (RunTclFile)" time="0.043" />
  <testcase classname="ptolemy.util.test.junit.TclTests" name="[19] /home/travis/build/icyphy/ptII/ptolemy/actor/lib/test/MultiplyDivide.tcl (RunTclFile)" time="0.062" />
  <testcase classname="ptolemy.util.test.junit.TclTests" name="[20] /home/travis/build/icyphy/ptII/ptolemy/actor/lib/test/OrderedMerge.tcl (RunTclFile)" time="0.142" />
  <testcase classname="ptolemy.util.test.junit.TclTests" name="[21] /home/travis/build/icyphy/ptII/ptolemy/actor/lib/test/Publisher.tcl (RunTclFile)" time="0.966" />
  <testcase classname="ptolemy.util.test.junit.TclTests" name="[22] /home/travis/build/icyphy/ptII/ptolemy/actor/lib/test/Pulse.tcl (RunTclFile)" time="0.081" />
  <testcase classname="ptolemy.util.test.junit.TclTests" name="[23] /home/travis/build/icyphy/ptII/ptolemy/actor/lib/test/Ramp.tcl (RunTclFile)" time="2.415" />
  <testcase classname="ptolemy.util.test.junit.TclTests" name="[24] /home/travis/build/icyphy/ptII/ptolemy/actor/lib/test/RampContinuous.tcl (RunTclFile)" time="0.023" />
  <testcase classname="ptolemy.util.test.junit.TclTests" name="[25] /home/travis/build/icyphy/ptII/ptolemy/actor/lib/test/RecordAssembler.tcl (RunTclFile)" time="0.016" />
  <testcase classname="ptolemy.util.test.junit.TclTests" name="[26] /home/travis/build/icyphy/ptII/ptolemy/actor/lib/test/RecordDisassembler.tcl (RunTclFile)" time="0.02" />
  <testcase classname="ptolemy.util.test.junit.TclTests" name="[27] /home/travis/build/icyphy/ptII/ptolemy/actor/lib/test/Scale.tcl (RunTclFile)" time="0.02" />
  <testcase classname="ptolemy.util.test.junit.TclTests" name="[28] /home/travis/build/icyphy/ptII/ptolemy/actor/lib/test/SequentialClock.tcl (RunTclFile)" time="0.014" />
  <testcase classname="ptolemy.util.test.junit.TclTests" name="[29] /home/travis/build/icyphy/ptII/ptolemy/actor/lib/test/SetVariable.tcl (RunTclFile)" time="0.032">
    <failure message="Number of failed tests is has increased. expected:&lt;0&gt; but was:&lt;1&gt;" type="junit.framework.AssertionFailedError">junit.framework.AssertionFailedError: Number of failed tests is has increased. expected:&lt;0&gt; but was:&lt;1&gt;
	at ptolemy.util.test.junit.TclTests.RunTclFile(TclTests.java:286)
	at jdk.internal.reflect.GeneratedMethodAccessor19.invoke(Unknown Source)
	at java.base/jdk.internal.reflect.DelegatingMethodAccessorImpl.invoke(DelegatingMethodAccessorImpl.java:43)
	at junitparams.internal.InvokeParameterisedMethod.evaluate(InvokeParameterisedMethod.java:102)
	at junitparams.internal.ParameterisedTestMethodRunner.runMethodInvoker(ParameterisedTestMethodRunner.java:47)
	at junitparams.internal.ParameterisedTestMethodRunner.runTestMethod(ParameterisedTestMethodRunner.java:41)
	at junitparams.internal.ParameterisedTestClassRunner.runParameterisedTest(ParameterisedTestClassRunner.java:143)
	at junitparams.JUnitParamsRunner.runChild(JUnitParamsRunner.java:237)
	at junitparams.JUnitParamsRunner.runChild(JUnitParamsRunner.java:215)
</failure>
  </testcase>
  <testcase classname="ptolemy.util.test.junit.TclTests" name="[30] /home/travis/build/icyphy/ptII/ptolemy/actor/lib/test/Sinewave.tcl (RunTclFile)" time="0.067" />
  <testcase classname="ptolemy.util.test.junit.TclTests" name="[31] /home/travis/build/icyphy/ptII/ptolemy/actor/lib/test/SubscriptionAggregator.tcl (RunTclFile)" time="2.662" />
  <testcase classname="ptolemy.util.test.junit.TclTests" name="[32] /home/travis/build/icyphy/ptII/ptolemy/actor/lib/test/Test.tcl (RunTclFile)" time="0.161" />
  <testcase classname="ptolemy.util.test.junit.TclTests" name="[33] /home/travis/build/icyphy/ptII/ptolemy/actor/lib/test/TestExceptionHandler.tcl (RunTclFile)" time="0.017" />
  <testcase classname="ptolemy.util.test.junit.TclTests" name="[34] /home/travis/build/icyphy/ptII/ptolemy/actor/lib/test/UnionDisassembler.tcl (RunTclFile)" time="0.103" />
  <testcase classname="ptolemy.util.test.junit.TclTests" name="[35] /home/travis/build/icyphy/ptII/ptolemy/actor/lib/test/VariableClock.tcl (RunTclFile)" time="0.04" />
  <testcase classname="ptolemy.util.test.junit.AutoKnownFailedTests" name="[0] /home/travis/build/icyphy/ptII/ptolemy/actor/lib/test/auto/knownFailedTests/PublisherPortToplevelSubscriber.xml (RunModel)" time="0.032" />
  <testcase classname="ptolemy.util.test.junit.AutoKnownFailedTests" name="[1] /home/travis/build/icyphy/ptII/ptolemy/actor/lib/test/auto/knownFailedTests/PublisherSubscriberPortToplevel.xml (RunModel)" time="0.03" />
  <testcase classname="ptolemy.util.test.junit.AutoKnownFailedTests" name="[2] /home/travis/build/icyphy/ptII/ptolemy/actor/lib/test/auto/knownFailedTests/PublisherSubscriptionAggregatorPort.xml (RunModel)" time="0.027" />
  <testcase classname="ptolemy.util.test.junit.AutoKnownFailedTests" name="[3] /home/travis/build/icyphy/ptII/ptolemy/actor/lib/test/auto/knownFailedTests/sizedarray3.xml (RunModel)" time="0.03" />
  <testcase classname="ptolemy.util.test.junit.AutoNameArchTests" name="[0] ThereAreNoAutoArchTests (RunModel)" time="0.004" />
  <testcase classname="ptolemy.util.test.junit.AutoTests" name="[0] /home/travis/build/icyphy/ptII/ptolemy/actor/lib/test/auto/AbsoluteValue.xml (RunModel)" time="0.141" />
  <testcase classname="ptolemy.util.test.junit.AutoTests" name="[1] /home/travis/build/icyphy/ptII/ptolemy/actor/lib/test/auto/AbsoluteValue2.xml (RunModel)" time="0.055" />
  <testcase classname="ptolemy.util.test.junit.AutoTests" name="[2] /home/travis/build/icyphy/ptII/ptolemy/actor/lib/test/auto/Accumulator.xml (RunModel)" time="0.073" />
  <testcase classname="ptolemy.util.test.junit.AutoTests" name="[3] /home/travis/build/icyphy/ptII/ptolemy/actor/lib/test/auto/Accumulator2.xml (RunModel)" time="0.064" />
  <testcase classname="ptolemy.util.test.junit.AutoTests" name="[4] /home/travis/build/icyphy/ptII/ptolemy/actor/lib/test/auto/Accumulator3.xml (RunModel)" time="0.056" />
  <testcase classname="ptolemy.util.test.junit.AutoTests" name="[5] /home/travis/build/icyphy/ptII/ptolemy/actor/lib/test/auto/ArrayAppend.xml (RunModel)" time="0.05" />
  <testcase classname="ptolemy.util.test.junit.AutoTests" name="[6] /home/travis/build/icyphy/ptII/ptolemy/actor/lib/test/auto/ArrayAppend2.xml (RunModel)" time="0.467" />
  <testcase classname="ptolemy.util.test.junit.AutoTests" name="[7] /home/travis/build/icyphy/ptII/ptolemy/actor/lib/test/auto/ArrayAppend3.xml (RunModel)" time="0.058" />
  <testcase classname="ptolemy.util.test.junit.AutoTests" name="[8] /home/travis/build/icyphy/ptII/ptolemy/actor/lib/test/auto/ArrayAppend4.xml (RunModel)" time="0.029" />
  <testcase classname="ptolemy.util.test.junit.AutoTests" name="[9] /home/travis/build/icyphy/ptII/ptolemy/actor/lib/test/auto/ArrayAppend5.xml (RunModel)" time="0.027" />
  <testcase classname="ptolemy.util.test.junit.AutoTests" name="[10] /home/travis/build/icyphy/ptII/ptolemy/actor/lib/test/auto/ArrayAppend6.xml (RunModel)" time="0.036" />
  <testcase classname="ptolemy.util.test.junit.AutoTests" name="[11] /home/travis/build/icyphy/ptII/ptolemy/actor/lib/test/auto/ArrayAppendPerformanceTest.xml (RunModel)" time="0.086" />
  <testcase classname="ptolemy.util.test.junit.AutoTests" name="[12] /home/travis/build/icyphy/ptII/ptolemy/actor/lib/test/auto/ArrayAppendWithEmptyInput.xml (RunModel)" time="0.061" />
  <testcase classname="ptolemy.util.test.junit.AutoTests" name="[13] /home/travis/build/icyphy/ptII/ptolemy/actor/lib/test/auto/ArrayAverage.xml (RunModel)" time="0.076" />
  <testcase classname="ptolemy.util.test.junit.AutoTests" name="[14] /home/travis/build/icyphy/ptII/ptolemy/actor/lib/test/auto/ArrayContains.xml (RunModel)" time="0.031" />
  <testcase classname="ptolemy.util.test.junit.AutoTests" name="[15] /home/travis/build/icyphy/ptII/ptolemy/actor/lib/test/auto/ArrayElement.xml (RunModel)" time="0.035" />
  <testcase classname="ptolemy.util.test.junit.AutoTests" name="[16] /home/travis/build/icyphy/ptII/ptolemy/actor/lib/test/auto/ArrayElementAsMatrix.xml (RunModel)" time="0.057" />
  <testcase classname="ptolemy.util.test.junit.AutoTests" name="[17] /home/travis/build/icyphy/ptII/ptolemy/actor/lib/test/auto/ArrayElementI.xml (RunModel)" time="0.021" />
  <testcase classname="ptolemy.util.test.junit.AutoTests" name="[18] /home/travis/build/icyphy/ptII/ptolemy/actor/lib/test/auto/ArrayExtract.xml (RunModel)" time="0.033" />
  <testcase classname="ptolemy.util.test.junit.AutoTests" name="[19] /home/travis/build/icyphy/ptII/ptolemy/actor/lib/test/auto/ArrayExtract2.xml (RunModel)" time="0.024" />
  <testcase classname="ptolemy.util.test.junit.AutoTests" name="[20] /home/travis/build/icyphy/ptII/ptolemy/actor/lib/test/auto/ArrayLength.xml (RunModel)" time="0.023" />
  <testcase classname="ptolemy.util.test.junit.AutoTests" name="[21] /home/travis/build/icyphy/ptII/ptolemy/actor/lib/test/auto/ArrayLevelCrossing.xml (RunModel)" time="0.036" />
  <testcase classname="ptolemy.util.test.junit.AutoTests" name="[22] /home/travis/build/icyphy/ptII/ptolemy/actor/lib/test/auto/ArrayLevelCrossing2.xml (RunModel)" time="0.03" />
  <testcase classname="ptolemy.util.test.junit.AutoTests" name="[23] /home/travis/build/icyphy/ptII/ptolemy/actor/lib/test/auto/ArrayPeakSearch.xml (RunModel)" time="0.063" />
  <testcase classname="ptolemy.util.test.junit.AutoTests" name="[24] /home/travis/build/icyphy/ptII/ptolemy/actor/lib/test/auto/ArrayPeakSearch2.xml (RunModel)" time="0.082" />
  <testcase classname="ptolemy.util.test.junit.AutoTests" name="[25] /home/travis/build/icyphy/ptII/ptolemy/actor/lib/test/auto/ArrayPeakSearch3.xml (RunModel)" time="0.05" />
  <testcase classname="ptolemy.util.test.junit.AutoTests" name="[26] /home/travis/build/icyphy/ptII/ptolemy/actor/lib/test/auto/ArrayRemoveElement.xml (RunModel)" time="0.037" />
  <testcase classname="ptolemy.util.test.junit.AutoTests" name="[27] /home/travis/build/icyphy/ptII/ptolemy/actor/lib/test/auto/ArraySort.xml (RunModel)" time="0.051" />
  <testcase classname="ptolemy.util.test.junit.AutoTests" name="[28] /home/travis/build/icyphy/ptII/ptolemy/actor/lib/test/auto/ArraySum.xml (RunModel)" time="0.025" />
  <testcase classname="ptolemy.util.test.junit.AutoTests" name="[29] /home/travis/build/icyphy/ptII/ptolemy/actor/lib/test/auto/ArrayToElements.xml (RunModel)" time="0.03" />
  <testcase classname="ptolemy.util.test.junit.AutoTests" name="[30] /home/travis/build/icyphy/ptII/ptolemy/actor/lib/test/auto/ArrayToMatrix.xml (RunModel)" time="0.069" />
  <testcase classname="ptolemy.util.test.junit.AutoTests" name="[31] /home/travis/build/icyphy/ptII/ptolemy/actor/lib/test/auto/ArrayUpdate1.xml (RunModel)" time="0.039" />
  <testcase classname="ptolemy.util.test.junit.AutoTests" name="[32] /home/travis/build/icyphy/ptII/ptolemy/actor/lib/test/auto/ArrayUpdate2.xml (RunModel)" time="0.031" />
  <testcase classname="ptolemy.util.test.junit.AutoTests" name="[33] /home/travis/build/icyphy/ptII/ptolemy/actor/lib/test/auto/ArrayUpdate3.xml (RunModel)" time="0.016" />
  <testcase classname="ptolemy.util.test.junit.AutoTests" name="[34] /home/travis/build/icyphy/ptII/ptolemy/actor/lib/test/auto/Assert1.xml (RunModel)" time="0.028" />
  <testcase classname="ptolemy.util.test.junit.AutoTests" name="[35] /home/travis/build/icyphy/ptII/ptolemy/actor/lib/test/auto/Assert2.xml (RunModel)" time="0.017" />
  <testcase classname="ptolemy.util.test.junit.AutoTests" name="[36] /home/travis/build/icyphy/ptII/ptolemy/actor/lib/test/auto/BooleanMultiplexor.xml (RunModel)" time="0.018" />
  <testcase classname="ptolemy.util.test.junit.AutoTests" name="[37] /home/travis/build/icyphy/ptII/ptolemy/actor/lib/test/auto/BooleanMultiplexor2.xml (RunModel)" time="0.019" />
  <testcase classname="ptolemy.util.test.junit.AutoTests" name="[38] /home/travis/build/icyphy/ptII/ptolemy/actor/lib/test/auto/BooleanMultiplexor3.xml (RunModel)" time="0.018" />
  <testcase classname="ptolemy.util.test.junit.AutoTests" name="[39] /home/travis/build/icyphy/ptII/ptolemy/actor/lib/test/auto/BooleanSelect.xml (RunModel)" time="0.022" />
  <testcase classname="ptolemy.util.test.junit.AutoTests" name="[40] /home/travis/build/icyphy/ptII/ptolemy/actor/lib/test/auto/BooleanSelect2.xml (RunModel)" time="0.017" />
  <testcase classname="ptolemy.util.test.junit.AutoTests" name="[41] /home/travis/build/icyphy/ptII/ptolemy/actor/lib/test/auto/BooleanSwitch.xml (RunModel)" time="0.021" />
  <testcase classname="ptolemy.util.test.junit.AutoTests" name="[42] /home/travis/build/icyphy/ptII/ptolemy/actor/lib/test/auto/BooleanSwitch2.xml (RunModel)" time="0.017" />
  <testcase classname="ptolemy.util.test.junit.AutoTests" name="[43] /home/travis/build/icyphy/ptII/ptolemy/actor/lib/test/auto/BooleanSwitchCloningBugWithClassRelationGroup.xml (RunModel)" time="0.033" />
  <testcase classname="ptolemy.util.test.junit.AutoTests" name="[44] /home/travis/build/icyphy/ptII/ptolemy/actor/lib/test/auto/BusActors.xml (RunModel)" time="0.031" />
  <testcase classname="ptolemy.util.test.junit.AutoTests" name="[45] /home/travis/build/icyphy/ptII/ptolemy/actor/lib/test/auto/ClassWrapper.xml (RunModel)" time="0.016" />
  <testcase classname="ptolemy.util.test.junit.AutoTests" name="[46] /home/travis/build/icyphy/ptII/ptolemy/actor/lib/test/auto/Clock.xml (RunModel)" time="0.013" />
  <testcase classname="ptolemy.util.test.junit.AutoTests" name="[47] /home/travis/build/icyphy/ptII/ptolemy/actor/lib/test/auto/Clock10.xml (RunModel)" time="0.026" />
  <testcase classname="ptolemy.util.test.junit.AutoTests" name="[48] /home/travis/build/icyphy/ptII/ptolemy/actor/lib/test/auto/Clock11.xml (RunModel)" time="0.022" />
  <testcase classname="ptolemy.util.test.junit.AutoTests" name="[49] /home/travis/build/icyphy/ptII/ptolemy/actor/lib/test/auto/Clock12.xml (RunModel)" time="0.024" />
  <testcase classname="ptolemy.util.test.junit.AutoTests" name="[50] /home/travis/build/icyphy/ptII/ptolemy/actor/lib/test/auto/Clock13.xml (RunModel)" time="0.026" />
  <testcase classname="ptolemy.util.test.junit.AutoTests" name="[51] /home/travis/build/icyphy/ptII/ptolemy/actor/lib/test/auto/Clock14.xml (RunModel)" time="0.026" />
  <testcase classname="ptolemy.util.test.junit.AutoTests" name="[52] /home/travis/build/icyphy/ptII/ptolemy/actor/lib/test/auto/Clock15.xml (RunModel)" time="0.02" />
  <testcase classname="ptolemy.util.test.junit.AutoTests" name="[53] /home/travis/build/icyphy/ptII/ptolemy/actor/lib/test/auto/Clock16.xml (RunModel)" time="0.133" />
  <testcase classname="ptolemy.util.test.junit.AutoTests" name="[54] /home/travis/build/icyphy/ptII/ptolemy/actor/lib/test/auto/Clock17.xml (RunModel)" time="0.095" />
  <testcase classname="ptolemy.util.test.junit.AutoTests" name="[55] /home/travis/build/icyphy/ptII/ptolemy/actor/lib/test/auto/Clock18.xml (RunModel)" time="0.067" />
  <testcase classname="ptolemy.util.test.junit.AutoTests" name="[56] /home/travis/build/icyphy/ptII/ptolemy/actor/lib/test/auto/Clock19.xml (RunModel)" time="0.078" />
  <testcase classname="ptolemy.util.test.junit.AutoTests" name="[57] /home/travis/build/icyphy/ptII/ptolemy/actor/lib/test/auto/Clock2.xml (RunModel)" time="0.018" />
  <testcase classname="ptolemy.util.test.junit.AutoTests" name="[58] /home/travis/build/icyphy/ptII/ptolemy/actor/lib/test/auto/Clock20.xml (RunModel)" time="0.028" />
  <testcase classname="ptolemy.util.test.junit.AutoTests" name="[59] /home/travis/build/icyphy/ptII/ptolemy/actor/lib/test/auto/Clock21.xml (RunModel)" time="0.019" />
  <testcase classname="ptolemy.util.test.junit.AutoTests" name="[60] /home/travis/build/icyphy/ptII/ptolemy/actor/lib/test/auto/Clock22.xml (RunModel)" time="0.019" />
  <testcase classname="ptolemy.util.test.junit.AutoTests" name="[61] /home/travis/build/icyphy/ptII/ptolemy/actor/lib/test/auto/Clock23.xml (RunModel)" time="0.026" />
  <testcase classname="ptolemy.util.test.junit.AutoTests" name="[62] /home/travis/build/icyphy/ptII/ptolemy/actor/lib/test/auto/Clock24.xml (RunModel)" time="0.018" />
  <testcase classname="ptolemy.util.test.junit.AutoTests" name="[63] /home/travis/build/icyphy/ptII/ptolemy/actor/lib/test/auto/Clock4.xml (RunModel)" time="0.016" />
  <testcase classname="ptolemy.util.test.junit.AutoTests" name="[64] /home/travis/build/icyphy/ptII/ptolemy/actor/lib/test/auto/Clock5.xml (RunModel)" time="0.014" />
  <testcase classname="ptolemy.util.test.junit.AutoTests" name="[65] /home/travis/build/icyphy/ptII/ptolemy/actor/lib/test/auto/Clock6.xml (RunModel)" time="0.013" />
  <testcase classname="ptolemy.util.test.junit.AutoTests" name="[66] /home/travis/build/icyphy/ptII/ptolemy/actor/lib/test/auto/Clock7.xml (RunModel)" time="0.013" />
  <testcase classname="ptolemy.util.test.junit.AutoTests" name="[67] /home/travis/build/icyphy/ptII/ptolemy/actor/lib/test/auto/Clock8.xml (RunModel)" time="0.021" />
  <testcase classname="ptolemy.util.test.junit.AutoTests" name="[68] /home/travis/build/icyphy/ptII/ptolemy/actor/lib/test/auto/Clock9.xml (RunModel)" time="0.023" />
  <testcase classname="ptolemy.util.test.junit.AutoTests" name="[69] /home/travis/build/icyphy/ptII/ptolemy/actor/lib/test/auto/CommDistDiscard.xml (RunModel)" time="0.036" />
  <testcase classname="ptolemy.util.test.junit.AutoTests" name="[70] /home/travis/build/icyphy/ptII/ptolemy/actor/lib/test/auto/Commutator.xml (RunModel)" time="0.021" />
  <testcase classname="ptolemy.util.test.junit.AutoTests" name="[71] /home/travis/build/icyphy/ptII/ptolemy/actor/lib/test/auto/Commutator2.xml (RunModel)" time="0.016" />
  <testcase classname="ptolemy.util.test.junit.AutoTests" name="[72] /home/travis/build/icyphy/ptII/ptolemy/actor/lib/test/auto/Commutator3.xml (RunModel)" time="0.017" />
  <testcase classname="ptolemy.util.test.junit.AutoTests" name="[73] /home/travis/build/icyphy/ptII/ptolemy/actor/lib/test/auto/Compare.xml (RunModel)" time="0.027" />
  <testcase classname="ptolemy.util.test.junit.AutoTests" name="[74] /home/travis/build/icyphy/ptII/ptolemy/actor/lib/test/auto/CompareDE.xml (RunModel)" time="0.03" />
  <testcase classname="ptolemy.util.test.junit.AutoTests" name="[75] /home/travis/build/icyphy/ptII/ptolemy/actor/lib/test/auto/ComplexDivide.xml (RunModel)" time="0.012" />
  <testcase classname="ptolemy.util.test.junit.AutoTests" name="[76] /home/travis/build/icyphy/ptII/ptolemy/actor/lib/test/auto/ComputeHistogram.xml (RunModel)" time="0.082" />
  <testcase classname="ptolemy.util.test.junit.AutoTests" name="[77] /home/travis/build/icyphy/ptII/ptolemy/actor/lib/test/auto/ConfigurationSelect.xml (RunModel)" time="0.024" />
  <testcase classname="ptolemy.util.test.junit.AutoTests" name="[78] /home/travis/build/icyphy/ptII/ptolemy/actor/lib/test/auto/ConfigurationSelect2.xml (RunModel)" time="0.019" />
  <testcase classname="ptolemy.util.test.junit.AutoTests" name="[79] /home/travis/build/icyphy/ptII/ptolemy/actor/lib/test/auto/ConfigurationSwitch.xml (RunModel)" time="0.03" />
  <testcase classname="ptolemy.util.test.junit.AutoTests" name="[80] /home/travis/build/icyphy/ptII/ptolemy/actor/lib/test/auto/ConfigurationSwitch2.xml (RunModel)" time="0.023" />
  <testcase classname="ptolemy.util.test.junit.AutoTests" name="[81] /home/travis/build/icyphy/ptII/ptolemy/actor/lib/test/auto/ConfigurationSwitchCloningBugWithClassRelationGroup.xml (RunModel)" time="0.021" />
  <testcase classname="ptolemy.util.test.junit.AutoTests" name="[82] /home/travis/build/icyphy/ptII/ptolemy/actor/lib/test/auto/ConfigurationSwitchSelectSDF.xml (RunModel)" time="0.022" />
  <testcase classname="ptolemy.util.test.junit.AutoTests" name="[83] /home/travis/build/icyphy/ptII/ptolemy/actor/lib/test/auto/ConfigurationSwitchSelectSDF2.xml (RunModel)" time="0.021" />
  <testcase classname="ptolemy.util.test.junit.AutoTests" name="[84] /home/travis/build/icyphy/ptII/ptolemy/actor/lib/test/auto/Const.xml (RunModel)" time="0.01" />
  <testcase classname="ptolemy.util.test.junit.AutoTests" name="[85] /home/travis/build/icyphy/ptII/ptolemy/actor/lib/test/auto/Const2.xml (RunModel)" time="0.014" />
  <testcase classname="ptolemy.util.test.junit.AutoTests" name="[86] /home/travis/build/icyphy/ptII/ptolemy/actor/lib/test/auto/Const3.xml (RunModel)" time="0.009" />
  <testcase classname="ptolemy.util.test.junit.AutoTests" name="[87] /home/travis/build/icyphy/ptII/ptolemy/actor/lib/test/auto/ConstantPublisherPort1.xml (RunModel)" time="0.028" />
  <testcase classname="ptolemy.util.test.junit.AutoTests" name="[88] /home/travis/build/icyphy/ptII/ptolemy/actor/lib/test/auto/ConstantPublisherPort2.xml (RunModel)" time="0.034" />
  <testcase classname="ptolemy.util.test.junit.AutoTests" name="[89] /home/travis/build/icyphy/ptII/ptolemy/actor/lib/test/auto/ConstantPublisherPort3.xml (RunModel)" time="0.027" />
  <testcase classname="ptolemy.util.test.junit.AutoTests" name="[90] /home/travis/build/icyphy/ptII/ptolemy/actor/lib/test/auto/ConstantPublisherPort4.xml (RunModel)" time="0.02" />
  <testcase classname="ptolemy.util.test.junit.AutoTests" name="[91] /home/travis/build/icyphy/ptII/ptolemy/actor/lib/test/auto/ConstantPublisherPort5.xml (RunModel)" time="0.057" />
  <testcase classname="ptolemy.util.test.junit.AutoTests" name="[92] /home/travis/build/icyphy/ptII/ptolemy/actor/lib/test/auto/ConstantPublisherPort6.xml (RunModel)" time="0.032" />
  <testcase classname="ptolemy.util.test.junit.AutoTests" name="[93] /home/travis/build/icyphy/ptII/ptolemy/actor/lib/test/auto/ConstantPublisherPort7.xml (RunModel)" time="0.043" />
  <testcase classname="ptolemy.util.test.junit.AutoTests" name="[94] /home/travis/build/icyphy/ptII/ptolemy/actor/lib/test/auto/ConstraintMonitor1.xml (RunModel)" time="0.049" />
  <testcase classname="ptolemy.util.test.junit.AutoTests" name="[95] /home/travis/build/icyphy/ptII/ptolemy/actor/lib/test/auto/ConstraintMonitor2.xml (RunModel)" time="0.018" />
  <testcase classname="ptolemy.util.test.junit.AutoTests" name="[96] /home/travis/build/icyphy/ptII/ptolemy/actor/lib/test/auto/ConstraintMonitor3.xml (RunModel)" time="0.017" />
  <testcase classname="ptolemy.util.test.junit.AutoTests" name="[97] /home/travis/build/icyphy/ptII/ptolemy/actor/lib/test/auto/ConstraintMonitor4.xml (RunModel)" time="0.03" />
  <testcase classname="ptolemy.util.test.junit.AutoTests" name="[98] /home/travis/build/icyphy/ptII/ptolemy/actor/lib/test/auto/ConstraintMonitor5.xml (RunModel)" time="0.017" />
  <testcase classname="ptolemy.util.test.junit.AutoTests" name="[99] /home/travis/build/icyphy/ptII/ptolemy/actor/lib/test/auto/ConstraintMonitor6.xml (RunModel)" time="0.037" />
  <testcase classname="ptolemy.util.test.junit.AutoTests" name="[100] /home/travis/build/icyphy/ptII/ptolemy/actor/lib/test/auto/ConstraintMonitor7.xml (RunModel)" time="0.016" />
  <testcase classname="ptolemy.util.test.junit.AutoTests" name="[101] /home/travis/build/icyphy/ptII/ptolemy/actor/lib/test/auto/ConstraintMonitor8.xml (RunModel)" time="0.023" />
  <testcase classname="ptolemy.util.test.junit.AutoTests" name="[102] /home/travis/build/icyphy/ptII/ptolemy/actor/lib/test/auto/Counter.xml (RunModel)" time="0.022" />
  <testcase classname="ptolemy.util.test.junit.AutoTests" name="[103] /home/travis/build/icyphy/ptII/ptolemy/actor/lib/test/auto/CurrentTimeSDF.xml (RunModel)" time="0.011" />
  <testcase classname="ptolemy.util.test.junit.AutoTests" name="[104] /home/travis/build/icyphy/ptII/ptolemy/actor/lib/test/auto/DB.xml (RunModel)" time="0.021" />
  <testcase classname="ptolemy.util.test.junit.AutoTests" name="[105] /home/travis/build/icyphy/ptII/ptolemy/actor/lib/test/auto/DBDE.xml (RunModel)" time="0.018" />
  <testcase classname="ptolemy.util.test.junit.AutoTests" name="[106] /home/travis/build/icyphy/ptII/ptolemy/actor/lib/test/auto/DateConstructor.xml (RunModel)" time="0.095" />
  <testcase classname="ptolemy.util.test.junit.AutoTests" name="[107] /home/travis/build/icyphy/ptII/ptolemy/actor/lib/test/auto/DelayTime.xml (RunModel)" time="0.018" />
  <testcase classname="ptolemy.util.test.junit.AutoTests" name="[108] /home/travis/build/icyphy/ptII/ptolemy/actor/lib/test/auto/Dictionary1.xml (RunModel)" time="0.02" />
  <testcase classname="ptolemy.util.test.junit.AutoTests" name="[109] /home/travis/build/icyphy/ptII/ptolemy/actor/lib/test/auto/Dictionary2.xml (RunModel)" time="0.018" />
  <testcase classname="ptolemy.util.test.junit.AutoTests" name="[110] /home/travis/build/icyphy/ptII/ptolemy/actor/lib/test/auto/Dictionary3.xml (RunModel)" time="0.016" />
  <testcase classname="ptolemy.util.test.junit.AutoTests" name="[111] /home/travis/build/icyphy/ptII/ptolemy/actor/lib/test/auto/Dictionary4.xml (RunModel)" time="0.026" />
  <testcase classname="ptolemy.util.test.junit.AutoTests" name="[112] /home/travis/build/icyphy/ptII/ptolemy/actor/lib/test/auto/Differential.xml (RunModel)" time="0.017" />
  <testcase classname="ptolemy.util.test.junit.AutoTests" name="[113] /home/travis/build/icyphy/ptII/ptolemy/actor/lib/test/auto/Director.xml (RunModel)" time="0.014" />
  <testcase classname="ptolemy.util.test.junit.AutoTests" name="[114] /home/travis/build/icyphy/ptII/ptolemy/actor/lib/test/auto/DiscreteClock.xml (RunModel)" time="0.011" />
  <testcase classname="ptolemy.util.test.junit.AutoTests" name="[115] /home/travis/build/icyphy/ptII/ptolemy/actor/lib/test/auto/DiscreteClock10.xml (RunModel)" time="0.017" />
  <testcase classname="ptolemy.util.test.junit.AutoTests" name="[116] /home/travis/build/icyphy/ptII/ptolemy/actor/lib/test/auto/DiscreteClock11.xml (RunModel)" time="0.015" />
  <testcase classname="ptolemy.util.test.junit.AutoTests" name="[117] /home/travis/build/icyphy/ptII/ptolemy/actor/lib/test/auto/DiscreteClock12.xml (RunModel)" time="0.018" />
  <testcase classname="ptolemy.util.test.junit.AutoTests" name="[118] /home/travis/build/icyphy/ptII/ptolemy/actor/lib/test/auto/DiscreteClock13.xml (RunModel)" time="0.019" />
  <testcase classname="ptolemy.util.test.junit.AutoTests" name="[119] /home/travis/build/icyphy/ptII/ptolemy/actor/lib/test/auto/DiscreteClock14.xml (RunModel)" time="0.018" />
  <testcase classname="ptolemy.util.test.junit.AutoTests" name="[120] /home/travis/build/icyphy/ptII/ptolemy/actor/lib/test/auto/DiscreteClock15.xml (RunModel)" time="0.027" />
  <testcase classname="ptolemy.util.test.junit.AutoTests" name="[121] /home/travis/build/icyphy/ptII/ptolemy/actor/lib/test/auto/DiscreteClock16.xml (RunModel)" time="0.053" />
  <testcase classname="ptolemy.util.test.junit.AutoTests" name="[122] /home/travis/build/icyphy/ptII/ptolemy/actor/lib/test/auto/DiscreteClock17.xml (RunModel)" time="0.047" />
  <testcase classname="ptolemy.util.test.junit.AutoTests" name="[123] /home/travis/build/icyphy/ptII/ptolemy/actor/lib/test/auto/DiscreteClock18.xml (RunModel)" time="0.054" />
  <testcase classname="ptolemy.util.test.junit.AutoTests" name="[124] /home/travis/build/icyphy/ptII/ptolemy/actor/lib/test/auto/DiscreteClock19.xml (RunModel)" time="0.059" />
  <testcase classname="ptolemy.util.test.junit.AutoTests" name="[125] /home/travis/build/icyphy/ptII/ptolemy/actor/lib/test/auto/DiscreteClock2.xml (RunModel)" time="0.014" />
  <testcase classname="ptolemy.util.test.junit.AutoTests" name="[126] /home/travis/build/icyphy/ptII/ptolemy/actor/lib/test/auto/DiscreteClock20.xml (RunModel)" time="0.024" />
  <testcase classname="ptolemy.util.test.junit.AutoTests" name="[127] /home/travis/build/icyphy/ptII/ptolemy/actor/lib/test/auto/DiscreteClock21.xml (RunModel)" time="0.022" />
  <testcase classname="ptolemy.util.test.junit.AutoTests" name="[128] /home/travis/build/icyphy/ptII/ptolemy/actor/lib/test/auto/DiscreteClock22.xml (RunModel)" time="0.021" />
  <testcase classname="ptolemy.util.test.junit.AutoTests" name="[129] /home/travis/build/icyphy/ptII/ptolemy/actor/lib/test/auto/DiscreteClock23.xml (RunModel)" time="0.027" />
  <testcase classname="ptolemy.util.test.junit.AutoTests" name="[130] /home/travis/build/icyphy/ptII/ptolemy/actor/lib/test/auto/DiscreteClock24.xml (RunModel)" time="0.017" />
  <testcase classname="ptolemy.util.test.junit.AutoTests" name="[131] /home/travis/build/icyphy/ptII/ptolemy/actor/lib/test/auto/DiscreteClock4.xml (RunModel)" time="0.017" />
  <testcase classname="ptolemy.util.test.junit.AutoTests" name="[132] /home/travis/build/icyphy/ptII/ptolemy/actor/lib/test/auto/DiscreteClock5.xml (RunModel)" time="0.012" />
  <testcase classname="ptolemy.util.test.junit.AutoTests" name="[133] /home/travis/build/icyphy/ptII/ptolemy/actor/lib/test/auto/DiscreteClock6.xml (RunModel)" time="0.028" />
  <testcase classname="ptolemy.util.test.junit.AutoTests" name="[134] /home/travis/build/icyphy/ptII/ptolemy/actor/lib/test/auto/DiscreteClock7.xml (RunModel)" time="0.017" />
  <testcase classname="ptolemy.util.test.junit.AutoTests" name="[135] /home/travis/build/icyphy/ptII/ptolemy/actor/lib/test/auto/DiscreteClock8.xml (RunModel)" time="0.033" />
  <testcase classname="ptolemy.util.test.junit.AutoTests" name="[136] /home/travis/build/icyphy/ptII/ptolemy/actor/lib/test/auto/DiscreteClock9.xml (RunModel)" time="0.019" />
  <testcase classname="ptolemy.util.test.junit.AutoTests" name="[137] /home/travis/build/icyphy/ptII/ptolemy/actor/lib/test/auto/DisplayArray.xml (RunModel)" time="0.012" />
  <testcase classname="ptolemy.util.test.junit.AutoTests" name="[138] /home/travis/build/icyphy/ptII/ptolemy/actor/lib/test/auto/Distributor.xml (RunModel)" time="0.013" />
  <testcase classname="ptolemy.util.test.junit.AutoTests" name="[139] /home/travis/build/icyphy/ptII/ptolemy/actor/lib/test/auto/Distributor2.xml (RunModel)" time="0.018" />
  <testcase classname="ptolemy.util.test.junit.AutoTests" name="[140] /home/travis/build/icyphy/ptII/ptolemy/actor/lib/test/auto/DownSample.xml (RunModel)" time="0.013" />
  <testcase classname="ptolemy.util.test.junit.AutoTests" name="[141] /home/travis/build/icyphy/ptII/ptolemy/actor/lib/test/auto/ElectronicUnitBase1.xml (RunModel)" time="0.071" />
  <testcase classname="ptolemy.util.test.junit.AutoTests" name="[142] /home/travis/build/icyphy/ptII/ptolemy/actor/lib/test/auto/ElementsToArray.xml (RunModel)" time="0.022" />
  <testcase classname="ptolemy.util.test.junit.AutoTests" name="[143] /home/travis/build/icyphy/ptII/ptolemy/actor/lib/test/auto/Equals.xml (RunModel)" time="0.021" />
  <testcase classname="ptolemy.util.test.junit.AutoTests" name="[144] /home/travis/build/icyphy/ptII/ptolemy/actor/lib/test/auto/Exec.xml (RunModel)" time="0.038" />
  <testcase classname="ptolemy.util.test.junit.AutoTests" name="[145] /home/travis/build/icyphy/ptII/ptolemy/actor/lib/test/auto/ExecEnvironment.xml (RunModel)" time="0.051" />
  <testcase classname="ptolemy.util.test.junit.AutoTests" name="[146] /home/travis/build/icyphy/ptII/ptolemy/actor/lib/test/auto/ExecNonZeroReturnOutput.xml (RunModel)" time="0.252" />
  <testcase classname="ptolemy.util.test.junit.AutoTests" name="[147] /home/travis/build/icyphy/ptII/ptolemy/actor/lib/test/auto/ExecRunDemos.xml (RunModel)" time="11.274" />
  <testcase classname="ptolemy.util.test.junit.AutoTests" name="[148] /home/travis/build/icyphy/ptII/ptolemy/actor/lib/test/auto/ExecStop.xml (RunModel)" time="5.051" />
  <testcase classname="ptolemy.util.test.junit.AutoTests" name="[149] /home/travis/build/icyphy/ptII/ptolemy/actor/lib/test/auto/ExecutionTimeSDF.xml (RunModel)" time="6.051" />
  <testcase classname="ptolemy.util.test.junit.AutoTests" name="[150] /home/travis/build/icyphy/ptII/ptolemy/actor/lib/test/auto/Expression1.xml (RunModel)" time="0.01" />
  <testcase classname="ptolemy.util.test.junit.AutoTests" name="[151] /home/travis/build/icyphy/ptII/ptolemy/actor/lib/test/auto/Expression10.xml (RunModel)" time="0.02" />
  <testcase classname="ptolemy.util.test.junit.AutoTests" name="[152] /home/travis/build/icyphy/ptII/ptolemy/actor/lib/test/auto/Expression11.xml (RunModel)" time="0.031" />
  <testcase classname="ptolemy.util.test.junit.AutoTests" name="[153] /home/travis/build/icyphy/ptII/ptolemy/actor/lib/test/auto/Expression12.xml (RunModel)" time="0.019" />
  <testcase classname="ptolemy.util.test.junit.AutoTests" name="[154] /home/travis/build/icyphy/ptII/ptolemy/actor/lib/test/auto/Expression13.xml (RunModel)" time="0.016" />
  <testcase classname="ptolemy.util.test.junit.AutoTests" name="[155] /home/travis/build/icyphy/ptII/ptolemy/actor/lib/test/auto/Expression14.xml (RunModel)" time="0.025" />
  <testcase classname="ptolemy.util.test.junit.AutoTests" name="[156] /home/travis/build/icyphy/ptII/ptolemy/actor/lib/test/auto/Expression15.xml (RunModel)" time="0.011" />
  <testcase classname="ptolemy.util.test.junit.AutoTests" name="[157] /home/travis/build/icyphy/ptII/ptolemy/actor/lib/test/auto/Expression16.xml (RunModel)" time="0.017" />
  <testcase classname="ptolemy.util.test.junit.AutoTests" name="[158] /home/travis/build/icyphy/ptII/ptolemy/actor/lib/test/auto/Expression17.xml (RunModel)" time="0.015" />
  <testcase classname="ptolemy.util.test.junit.AutoTests" name="[159] /home/travis/build/icyphy/ptII/ptolemy/actor/lib/test/auto/Expression18.xml (RunModel)" time="0.018" />
  <testcase classname="ptolemy.util.test.junit.AutoTests" name="[160] /home/travis/build/icyphy/ptII/ptolemy/actor/lib/test/auto/Expression2.xml (RunModel)" time="0.017" />
  <testcase classname="ptolemy.util.test.junit.AutoTests" name="[161] /home/travis/build/icyphy/ptII/ptolemy/actor/lib/test/auto/Expression3.xml (RunModel)" time="0.018" />
  <testcase classname="ptolemy.util.test.junit.AutoTests" name="[162] /home/travis/build/icyphy/ptII/ptolemy/actor/lib/test/auto/Expression4.xml (RunModel)" time="0.025" />
  <testcase classname="ptolemy.util.test.junit.AutoTests" name="[163] /home/travis/build/icyphy/ptII/ptolemy/actor/lib/test/auto/Expression5.xml (RunModel)" time="0.017" />
  <testcase classname="ptolemy.util.test.junit.AutoTests" name="[164] /home/travis/build/icyphy/ptII/ptolemy/actor/lib/test/auto/Expression6.xml (RunModel)" time="0.012" />
  <testcase classname="ptolemy.util.test.junit.AutoTests" name="[165] /home/travis/build/icyphy/ptII/ptolemy/actor/lib/test/auto/Expression7.xml (RunModel)" time="0.016" />
  <testcase classname="ptolemy.util.test.junit.AutoTests" name="[166] /home/travis/build/icyphy/ptII/ptolemy/actor/lib/test/auto/Expression8.xml (RunModel)" time="0.022" />
  <testcase classname="ptolemy.util.test.junit.AutoTests" name="[167] /home/travis/build/icyphy/ptII/ptolemy/actor/lib/test/auto/Expression9.xml (RunModel)" time="0.011" />
  <testcase classname="ptolemy.util.test.junit.AutoTests" name="[168] /home/travis/build/icyphy/ptII/ptolemy/actor/lib/test/auto/ExpressionConcatenateArrayType.xml (RunModel)" time="0.034" />
  <testcase classname="ptolemy.util.test.junit.AutoTests" name="[169] /home/travis/build/icyphy/ptII/ptolemy/actor/lib/test/auto/ExpressionConcatenateArrayType2.xml (RunModel)" time="0.028" />
  <testcase classname="ptolemy.util.test.junit.AutoTests" name="[170] /home/travis/build/icyphy/ptII/ptolemy/actor/lib/test/auto/ExpressionFix.xml (RunModel)" time="0.049" />
  <testcase classname="ptolemy.util.test.junit.AutoTests" name="[171] /home/travis/build/icyphy/ptII/ptolemy/actor/lib/test/auto/ExpressionFix2.xml (RunModel)" time="0.018" />
  <testcase classname="ptolemy.util.test.junit.AutoTests" name="[172] /home/travis/build/icyphy/ptII/ptolemy/actor/lib/test/auto/ExpressionFix3.xml (RunModel)" time="0.019" />
  <testcase classname="ptolemy.util.test.junit.AutoTests" name="[173] /home/travis/build/icyphy/ptII/ptolemy/actor/lib/test/auto/FileWriter1.xml (RunModel)" time="0.023" />
  <testcase classname="ptolemy.util.test.junit.AutoTests" name="[174] /home/travis/build/icyphy/ptII/ptolemy/actor/lib/test/auto/FileWriter2.xml (RunModel)" time="0.019" />
  <testcase classname="ptolemy.util.test.junit.AutoTests" name="[175] /home/travis/build/icyphy/ptII/ptolemy/actor/lib/test/auto/FileWriter3.xml (RunModel)" time="0.02" />
  <testcase classname="ptolemy.util.test.junit.AutoTests" name="[176] /home/travis/build/icyphy/ptII/ptolemy/actor/lib/test/auto/Gaussian.xml (RunModel)" time="0.015" />
  <testcase classname="ptolemy.util.test.junit.AutoTests" name="[177] /home/travis/build/icyphy/ptII/ptolemy/actor/lib/test/auto/Gaussian1.xml (RunModel)" time="0.016" />
  <testcase classname="ptolemy.util.test.junit.AutoTests" name="[178] /home/travis/build/icyphy/ptII/ptolemy/actor/lib/test/auto/Gaussian2.xml (RunModel)" time="0.02" />
  <testcase classname="ptolemy.util.test.junit.AutoTests" name="[179] /home/travis/build/icyphy/ptII/ptolemy/actor/lib/test/auto/GradientAdaptiveLattice.xml (RunModel)" time="0.02" />
  <testcase classname="ptolemy.util.test.junit.AutoTests" name="[180] /home/travis/build/icyphy/ptII/ptolemy/actor/lib/test/auto/IIR.xml (RunModel)" time="0.013" />
  <testcase classname="ptolemy.util.test.junit.AutoTests" name="[181] /home/travis/build/icyphy/ptII/ptolemy/actor/lib/test/auto/InputOutputTransparentPorts.xml (RunModel)" time="0.023" />
  <testcase classname="ptolemy.util.test.junit.AutoTests" name="[182] /home/travis/build/icyphy/ptII/ptolemy/actor/lib/test/auto/Interpolator.xml (RunModel)" time="0.017" />
  <testcase classname="ptolemy.util.test.junit.AutoTests" name="[183] /home/travis/build/icyphy/ptII/ptolemy/actor/lib/test/auto/InterpolatorFiringLimitDE.xml (RunModel)" time="0.019" />
  <testcase classname="ptolemy.util.test.junit.AutoTests" name="[184] /home/travis/build/icyphy/ptII/ptolemy/actor/lib/test/auto/Lattice.xml (RunModel)" time="0.014" />
  <testcase classname="ptolemy.util.test.junit.AutoTests" name="[185] /home/travis/build/icyphy/ptII/ptolemy/actor/lib/test/auto/LazyAOCTestLazy.xml (RunModel)" time="0.037" />
  <testcase classname="ptolemy.util.test.junit.AutoTests" name="[186] /home/travis/build/icyphy/ptII/ptolemy/actor/lib/test/auto/LazyAOCTestNonLazy.xml (RunModel)" time="0.055" />
  <testcase classname="ptolemy.util.test.junit.AutoTests" name="[187] /home/travis/build/icyphy/ptII/ptolemy/actor/lib/test/auto/LazyInnerClass.xml (RunModel)" time="0.053" />
  <testcase classname="ptolemy.util.test.junit.AutoTests" name="[188] /home/travis/build/icyphy/ptII/ptolemy/actor/lib/test/auto/LazyPubSub.xml (RunModel)" time="0.05" />
  <testcase classname="ptolemy.util.test.junit.AutoTests" name="[189] /home/travis/build/icyphy/ptII/ptolemy/actor/lib/test/auto/LazyPubSub2.xml (RunModel)" time="0.032" />
  <testcase classname="ptolemy.util.test.junit.AutoTests" name="[190] /home/travis/build/icyphy/ptII/ptolemy/actor/lib/test/auto/LazyPubSub3.xml (RunModel)" time="0.028" />
  <testcase classname="ptolemy.util.test.junit.AutoTests" name="[191] /home/travis/build/icyphy/ptII/ptolemy/actor/lib/test/auto/LazySubClassModel.xml (RunModel)" time="0.022" />
  <testcase classname="ptolemy.util.test.junit.AutoTests" name="[192] /home/travis/build/icyphy/ptII/ptolemy/actor/lib/test/auto/LevelCrossTest1.xml (RunModel)" time="0.021" />
  <testcase classname="ptolemy.util.test.junit.AutoTests" name="[193] /home/travis/build/icyphy/ptII/ptolemy/actor/lib/test/auto/LevelCrossTest10.xml (RunModel)" time="0.023" />
  <testcase classname="ptolemy.util.test.junit.AutoTests" name="[194] /home/travis/build/icyphy/ptII/ptolemy/actor/lib/test/auto/LevelCrossTest11.xml (RunModel)" time="0.017" />
  <testcase classname="ptolemy.util.test.junit.AutoTests" name="[195] /home/travis/build/icyphy/ptII/ptolemy/actor/lib/test/auto/LevelCrossTest12.xml (RunModel)" time="0.018" />
  <testcase classname="ptolemy.util.test.junit.AutoTests" name="[196] /home/travis/build/icyphy/ptII/ptolemy/actor/lib/test/auto/LevelCrossTest13.xml (RunModel)" time="0.014" />
  <testcase classname="ptolemy.util.test.junit.AutoTests" name="[197] /home/travis/build/icyphy/ptII/ptolemy/actor/lib/test/auto/LevelCrossTest2.xml (RunModel)" time="0.01" />
  <testcase classname="ptolemy.util.test.junit.AutoTests" name="[198] /home/travis/build/icyphy/ptII/ptolemy/actor/lib/test/auto/LevelCrossTest3.xml (RunModel)" time="0.014" />
  <testcase classname="ptolemy.util.test.junit.AutoTests" name="[199] /home/travis/build/icyphy/ptII/ptolemy/actor/lib/test/auto/LevelCrossTest4.xml (RunModel)" time="0.011" />
  <testcase classname="ptolemy.util.test.junit.AutoTests" name="[200] /home/travis/build/icyphy/ptII/ptolemy/actor/lib/test/auto/LevelCrossTest5.xml (RunModel)" time="0.014" />
  <testcase classname="ptolemy.util.test.junit.AutoTests" name="[201] /home/travis/build/icyphy/ptII/ptolemy/actor/lib/test/auto/LevelCrossTest6.xml (RunModel)" time="0.013" />
  <testcase classname="ptolemy.util.test.junit.AutoTests" name="[202] /home/travis/build/icyphy/ptII/ptolemy/actor/lib/test/auto/LevelCrossTest7.xml (RunModel)" time="0.019" />
  <testcase classname="ptolemy.util.test.junit.AutoTests" name="[203] /home/travis/build/icyphy/ptII/ptolemy/actor/lib/test/auto/LevelCrossTest8.xml (RunModel)" time="0.028" />
  <testcase classname="ptolemy.util.test.junit.AutoTests" name="[204] /home/travis/build/icyphy/ptII/ptolemy/actor/lib/test/auto/LevelCrossTest9.xml (RunModel)" time="0.014" />
  <testcase classname="ptolemy.util.test.junit.AutoTests" name="[205] /home/travis/build/icyphy/ptII/ptolemy/actor/lib/test/auto/LevinsonDurbin.xml (RunModel)" time="0.018" />
  <testcase classname="ptolemy.util.test.junit.AutoTests" name="[206] /home/travis/build/icyphy/ptII/ptolemy/actor/lib/test/auto/LevinsonDurbin2.xml (RunModel)" time="0.034" />
  <testcase classname="ptolemy.util.test.junit.AutoTests" name="[207] /home/travis/build/icyphy/ptII/ptolemy/actor/lib/test/auto/LevinsonDurbin3.xml (RunModel)" time="0.014" />
  <testcase classname="ptolemy.util.test.junit.AutoTests" name="[208] /home/travis/build/icyphy/ptII/ptolemy/actor/lib/test/auto/Limiter.xml (RunModel)" time="0.041" />
  <testcase classname="ptolemy.util.test.junit.AutoTests" name="[209] /home/travis/build/icyphy/ptII/ptolemy/actor/lib/test/auto/LinearDifferenceEquationSystem.xml (RunModel)" time="0.021" />
  <testcase classname="ptolemy.util.test.junit.AutoTests" name="[210] /home/travis/build/icyphy/ptII/ptolemy/actor/lib/test/auto/LookupTable.xml (RunModel)" time="0.016" />
  <testcase classname="ptolemy.util.test.junit.AutoTests" name="[211] /home/travis/build/icyphy/ptII/ptolemy/actor/lib/test/auto/MathFunction.xml (RunModel)" time="0.025" />
  <testcase classname="ptolemy.util.test.junit.AutoTests" name="[212] /home/travis/build/icyphy/ptII/ptolemy/actor/lib/test/auto/MathFunction2.xml (RunModel)" time="0.014" />
  <testcase classname="ptolemy.util.test.junit.AutoTests" name="[213] /home/travis/build/icyphy/ptII/ptolemy/actor/lib/test/auto/MathFunction3.xml (RunModel)" time="0.023" />
  <testcase classname="ptolemy.util.test.junit.AutoTests" name="[214] /home/travis/build/icyphy/ptII/ptolemy/actor/lib/test/auto/MatrixCropBoolean.xml (RunModel)" time="0.019" />
  <testcase classname="ptolemy.util.test.junit.AutoTests" name="[215] /home/travis/build/icyphy/ptII/ptolemy/actor/lib/test/auto/MatrixCropComplex.xml (RunModel)" time="0.011" />
  <testcase classname="ptolemy.util.test.junit.AutoTests" name="[216] /home/travis/build/icyphy/ptII/ptolemy/actor/lib/test/auto/MatrixCropDouble.xml (RunModel)" time="0.009" />
  <testcase classname="ptolemy.util.test.junit.AutoTests" name="[217] /home/travis/build/icyphy/ptII/ptolemy/actor/lib/test/auto/MatrixCropFix.xml (RunModel)" time="0.014" />
  <testcase classname="ptolemy.util.test.junit.AutoTests" name="[218] /home/travis/build/icyphy/ptII/ptolemy/actor/lib/test/auto/MatrixCropInt.xml (RunModel)" time="0.011" />
  <testcase classname="ptolemy.util.test.junit.AutoTests" name="[219] /home/travis/build/icyphy/ptII/ptolemy/actor/lib/test/auto/MatrixCropLong.xml (RunModel)" time="0.009" />
  <testcase classname="ptolemy.util.test.junit.AutoTests" name="[220] /home/travis/build/icyphy/ptII/ptolemy/actor/lib/test/auto/MatrixToArray.xml (RunModel)" time="0.056" />
  <testcase classname="ptolemy.util.test.junit.AutoTests" name="[221] /home/travis/build/icyphy/ptII/ptolemy/actor/lib/test/auto/MaxIndex.xml (RunModel)" time="0.014" />
  <testcase classname="ptolemy.util.test.junit.AutoTests" name="[222] /home/travis/build/icyphy/ptII/ptolemy/actor/lib/test/auto/Maximum.xml (RunModel)" time="0.014" />
  <testcase classname="ptolemy.util.test.junit.AutoTests" name="[223] /home/travis/build/icyphy/ptII/ptolemy/actor/lib/test/auto/MaximumComplex.xml (RunModel)" time="0.016" />
  <testcase classname="ptolemy.util.test.junit.AutoTests" name="[224] /home/travis/build/icyphy/ptII/ptolemy/actor/lib/test/auto/MethodCallTest.xml (RunModel)" time="0.024" />
  <testcase classname="ptolemy.util.test.junit.AutoTests" name="[225] /home/travis/build/icyphy/ptII/ptolemy/actor/lib/test/auto/Minimum.xml (RunModel)" time="0.015" />
  <testcase classname="ptolemy.util.test.junit.AutoTests" name="[226] /home/travis/build/icyphy/ptII/ptolemy/actor/lib/test/auto/MinimumComplex.xml (RunModel)" time="0.028" />
  <testcase classname="ptolemy.util.test.junit.AutoTests" name="[227] /home/travis/build/icyphy/ptII/ptolemy/actor/lib/test/auto/MinimumMultiports.xml (RunModel)" time="0.017" />
  <testcase classname="ptolemy.util.test.junit.AutoTests" name="[228] /home/travis/build/icyphy/ptII/ptolemy/actor/lib/test/auto/ModifyDate.xml (RunModel)" time="0.045" />
  <testcase classname="ptolemy.util.test.junit.AutoTests" name="[229] /home/travis/build/icyphy/ptII/ptolemy/actor/lib/test/auto/ModifyDate2.xml (RunModel)" time="0.034" />
  <testcase classname="ptolemy.util.test.junit.AutoTests" name="[230] /home/travis/build/icyphy/ptII/ptolemy/actor/lib/test/auto/MovingAverage.xml (RunModel)" time="0.013" />
  <testcase classname="ptolemy.util.test.junit.AutoTests" name="[231] /home/travis/build/icyphy/ptII/ptolemy/actor/lib/test/auto/MovingMaximum.xml (RunModel)" time="0.012" />
  <testcase classname="ptolemy.util.test.junit.AutoTests" name="[232] /home/travis/build/icyphy/ptII/ptolemy/actor/lib/test/auto/MultipleLinksToSameRelation.xml (RunModel)" time="0.011" />
  <testcase classname="ptolemy.util.test.junit.AutoTests" name="[233] /home/travis/build/icyphy/ptII/ptolemy/actor/lib/test/auto/MultipleLinksToSameRelationDE.xml (RunModel)" time="0.009" />
  <testcase classname="ptolemy.util.test.junit.AutoTests" name="[234] /home/travis/build/icyphy/ptII/ptolemy/actor/lib/test/auto/Multiplexor.xml (RunModel)" time="0.013" />
  <testcase classname="ptolemy.util.test.junit.AutoTests" name="[235] /home/travis/build/icyphy/ptII/ptolemy/actor/lib/test/auto/Multiplexor1.xml (RunModel)" time="0.011" />
  <testcase classname="ptolemy.util.test.junit.AutoTests" name="[236] /home/travis/build/icyphy/ptII/ptolemy/actor/lib/test/auto/Multiplexor2.xml (RunModel)" time="0.014" />
  <testcase classname="ptolemy.util.test.junit.AutoTests" name="[237] /home/travis/build/icyphy/ptII/ptolemy/actor/lib/test/auto/Multiplexor3.xml (RunModel)" time="0.01" />
  <testcase classname="ptolemy.util.test.junit.AutoTests" name="[238] /home/travis/build/icyphy/ptII/ptolemy/actor/lib/test/auto/MultiplexorDE.xml (RunModel)" time="0.017" />
  <testcase classname="ptolemy.util.test.junit.AutoTests" name="[239] /home/travis/build/icyphy/ptII/ptolemy/actor/lib/test/auto/MultiportBroadcastTest.xml (RunModel)" time="0.102" />
  <testcase classname="ptolemy.util.test.junit.AutoTests" name="[240] /home/travis/build/icyphy/ptII/ptolemy/actor/lib/test/auto/MultiportOutHangDuringGetWidth.xml (RunModel)" time="0.039" />
  <testcase classname="ptolemy.util.test.junit.AutoTests" name="[241] /home/travis/build/icyphy/ptII/ptolemy/actor/lib/test/auto/NilToken.xml (RunModel)" time="0.012" />
  <testcase classname="ptolemy.util.test.junit.AutoTests" name="[242] /home/travis/build/icyphy/ptII/ptolemy/actor/lib/test/auto/NilTokenNonStrictTest.xml (RunModel)" time="0.02" />
  <testcase classname="ptolemy.util.test.junit.AutoTests" name="[243] /home/travis/build/icyphy/ptII/ptolemy/actor/lib/test/auto/NilTokenRecord.xml (RunModel)" time="0.027" />
  <testcase classname="ptolemy.util.test.junit.AutoTests" name="[244] /home/travis/build/icyphy/ptII/ptolemy/actor/lib/test/auto/NilTokenTypeTest.xml (RunModel)" time="0.028" />
  <testcase classname="ptolemy.util.test.junit.AutoTests" name="[245] /home/travis/build/icyphy/ptII/ptolemy/actor/lib/test/auto/ObjectToken1.xml (RunModel)" time="0.01" />
  <testcase classname="ptolemy.util.test.junit.AutoTests" name="[246] /home/travis/build/icyphy/ptII/ptolemy/actor/lib/test/auto/OrderedMerge.xml (RunModel)" time="0.015" />
  <testcase classname="ptolemy.util.test.junit.AutoTests" name="[247] /home/travis/build/icyphy/ptII/ptolemy/actor/lib/test/auto/OrderedRecordDisassembler.xml (RunModel)" time="0.013" />
  <testcase classname="ptolemy.util.test.junit.AutoTests" name="[248] /home/travis/build/icyphy/ptII/ptolemy/actor/lib/test/auto/OrderedRecordDisassembler2.xml (RunModel)" time="0.034" />
  <testcase classname="ptolemy.util.test.junit.AutoTests" name="[249] /home/travis/build/icyphy/ptII/ptolemy/actor/lib/test/auto/OrderedRecordUpdater.xml (RunModel)" time="0.014" />
  <testcase classname="ptolemy.util.test.junit.AutoTests" name="[250] /home/travis/build/icyphy/ptII/ptolemy/actor/lib/test/auto/OrderedRecordUpdater2.xml (RunModel)" time="0.019" />
  <testcase classname="ptolemy.util.test.junit.AutoTests" name="[251] /home/travis/build/icyphy/ptII/ptolemy/actor/lib/test/auto/PhaseUnwrap.xml (RunModel)" time="0.013" />
  <testcase classname="ptolemy.util.test.junit.AutoTests" name="[252] /home/travis/build/icyphy/ptII/ptolemy/actor/lib/test/auto/PoissonClock.xml (RunModel)" time="0.011" />
  <testcase classname="ptolemy.util.test.junit.AutoTests" name="[253] /home/travis/build/icyphy/ptII/ptolemy/actor/lib/test/auto/PoissonClock2.xml (RunModel)" time="0.008" />
  <testcase classname="ptolemy.util.test.junit.AutoTests" name="[254] /home/travis/build/icyphy/ptII/ptolemy/actor/lib/test/auto/PoissonClock3.xml (RunModel)" time="0.026" />
  <testcase classname="ptolemy.util.test.junit.AutoTests" name="[255] /home/travis/build/icyphy/ptII/ptolemy/actor/lib/test/auto/PubSubWithInitialTokens.xml (RunModel)" time="0.017" />
  <testcase classname="ptolemy.util.test.junit.AutoTests" name="[256] /home/travis/build/icyphy/ptII/ptolemy/actor/lib/test/auto/PubSubWithInitialTokens2.xml (RunModel)" time="0.015" />
  <testcase classname="ptolemy.util.test.junit.AutoTests" name="[257] /home/travis/build/icyphy/ptII/ptolemy/actor/lib/test/auto/PublisherClassNoParameter.xml (RunModel)" time="0.024" />
  <testcase classname="ptolemy.util.test.junit.AutoTests" name="[258] /home/travis/build/icyphy/ptII/ptolemy/actor/lib/test/auto/PublisherClassParameter.xml (RunModel)" time="0.021" />
  <testcase classname="ptolemy.util.test.junit.AutoTests" name="[259] /home/travis/build/icyphy/ptII/ptolemy/actor/lib/test/auto/PublisherNonStrictTest.xml (RunModel)" time="0.015" />
  <testcase classname="ptolemy.util.test.junit.AutoTests" name="[260] /home/travis/build/icyphy/ptII/ptolemy/actor/lib/test/auto/PublisherPort1.xml (RunModel)" time="0.024" />
  <testcase classname="ptolemy.util.test.junit.AutoTests" name="[261] /home/travis/build/icyphy/ptII/ptolemy/actor/lib/test/auto/PublisherPort2.xml (RunModel)" time="0.011" />
  <testcase classname="ptolemy.util.test.junit.AutoTests" name="[262] /home/travis/build/icyphy/ptII/ptolemy/actor/lib/test/auto/PublisherPort3.xml (RunModel)" time="0.012" />
  <testcase classname="ptolemy.util.test.junit.AutoTests" name="[263] /home/travis/build/icyphy/ptII/ptolemy/actor/lib/test/auto/PublisherPort4.xml (RunModel)" time="0.012" />
  <testcase classname="ptolemy.util.test.junit.AutoTests" name="[264] /home/travis/build/icyphy/ptII/ptolemy/actor/lib/test/auto/PublisherPort5.xml (RunModel)" time="0.014" />
  <testcase classname="ptolemy.util.test.junit.AutoTests" name="[265] /home/travis/build/icyphy/ptII/ptolemy/actor/lib/test/auto/PublisherPort5LookAlike.xml (RunModel)" time="0.018" />
  <testcase classname="ptolemy.util.test.junit.AutoTests" name="[266] /home/travis/build/icyphy/ptII/ptolemy/actor/lib/test/auto/PublisherPort6.xml (RunModel)" time="0.012" />
  <testcase classname="ptolemy.util.test.junit.AutoTests" name="[267] /home/travis/build/icyphy/ptII/ptolemy/actor/lib/test/auto/PublisherPort7.xml (RunModel)" time="0.016" />
  <testcase classname="ptolemy.util.test.junit.AutoTests" name="[268] /home/travis/build/icyphy/ptII/ptolemy/actor/lib/test/auto/PublisherPort8.xml (RunModel)" time="0.016" />
  <testcase classname="ptolemy.util.test.junit.AutoTests" name="[269] /home/travis/build/icyphy/ptII/ptolemy/actor/lib/test/auto/PublisherPortSubscriberChannelVariablesAOC2.xml (RunModel)" time="0.034" />
  <testcase classname="ptolemy.util.test.junit.AutoTests" name="[270] /home/travis/build/icyphy/ptII/ptolemy/actor/lib/test/auto/PublisherPortSubscriberOpaqueWidthInference.xml (RunModel)" time="0.026" />
  <testcase classname="ptolemy.util.test.junit.AutoTests" name="[271] /home/travis/build/icyphy/ptII/ptolemy/actor/lib/test/auto/PublisherPortSubscriberPortAdjacent.xml (RunModel)" time="0.023" />
  <testcase classname="ptolemy.util.test.junit.AutoTests" name="[272] /home/travis/build/icyphy/ptII/ptolemy/actor/lib/test/auto/PublisherPortSubscriberPortExpression.xml (RunModel)" time="0.018" />
  <testcase classname="ptolemy.util.test.junit.AutoTests" name="[273] /home/travis/build/icyphy/ptII/ptolemy/actor/lib/test/auto/PublisherPortSubscriberPortOpaqueD3Reverse.xml (RunModel)" time="0.02" />
  <testcase classname="ptolemy.util.test.junit.AutoTests" name="[274] /home/travis/build/icyphy/ptII/ptolemy/actor/lib/test/auto/PublisherPortSubscriberPortOpaqueWidthInference.xml (RunModel)" time="0.015" />
  <testcase classname="ptolemy.util.test.junit.AutoTests" name="[275] /home/travis/build/icyphy/ptII/ptolemy/actor/lib/test/auto/PublisherPortToplevelSubscriberPortAOC.xml (RunModel)" time="0.012" />
  <testcase classname="ptolemy.util.test.junit.AutoTests" name="[276] /home/travis/build/icyphy/ptII/ptolemy/actor/lib/test/auto/PublisherSubscriber.xml (RunModel)" time="0.014" />
  <testcase classname="ptolemy.util.test.junit.AutoTests" name="[277] /home/travis/build/icyphy/ptII/ptolemy/actor/lib/test/auto/PublisherSubscriber10.xml (RunModel)" time="0.022" />
  <testcase classname="ptolemy.util.test.junit.AutoTests" name="[278] /home/travis/build/icyphy/ptII/ptolemy/actor/lib/test/auto/PublisherSubscriber10InitialOutputs.xml (RunModel)" time="0.03" />
  <testcase classname="ptolemy.util.test.junit.AutoTests" name="[279] /home/travis/build/icyphy/ptII/ptolemy/actor/lib/test/auto/PublisherSubscriber11.xml (RunModel)" time="0.017" />
  <testcase classname="ptolemy.util.test.junit.AutoTests" name="[280] /home/travis/build/icyphy/ptII/ptolemy/actor/lib/test/auto/PublisherSubscriber12.xml (RunModel)" time="0.016" />
  <testcase classname="ptolemy.util.test.junit.AutoTests" name="[281] /home/travis/build/icyphy/ptII/ptolemy/actor/lib/test/auto/PublisherSubscriber13.xml (RunModel)" time="0.01" />
  <testcase classname="ptolemy.util.test.junit.AutoTests" name="[282] /home/travis/build/icyphy/ptII/ptolemy/actor/lib/test/auto/PublisherSubscriber14.xml (RunModel)" time="0.025" />
  <testcase classname="ptolemy.util.test.junit.AutoTests" name="[283] /home/travis/build/icyphy/ptII/ptolemy/actor/lib/test/auto/PublisherSubscriber2.xml (RunModel)" time="0.012" />
  <testcase classname="ptolemy.util.test.junit.AutoTests" name="[284] /home/travis/build/icyphy/ptII/ptolemy/actor/lib/test/auto/PublisherSubscriber3.xml (RunModel)" time="0.01" />
  <testcase classname="ptolemy.util.test.junit.AutoTests" name="[285] /home/travis/build/icyphy/ptII/ptolemy/actor/lib/test/auto/PublisherSubscriber4.xml (RunModel)" time="0.009" />
  <testcase classname="ptolemy.util.test.junit.AutoTests" name="[286] /home/travis/build/icyphy/ptII/ptolemy/actor/lib/test/auto/PublisherSubscriber5.xml (RunModel)" time="0.03" />
  <testcase classname="ptolemy.util.test.junit.AutoTests" name="[287] /home/travis/build/icyphy/ptII/ptolemy/actor/lib/test/auto/PublisherSubscriber6.xml (RunModel)" time="0.015" />
  <testcase classname="ptolemy.util.test.junit.AutoTests" name="[288] /home/travis/build/icyphy/ptII/ptolemy/actor/lib/test/auto/PublisherSubscriber7.xml (RunModel)" time="0.018" />
  <testcase classname="ptolemy.util.test.junit.AutoTests" name="[289] /home/travis/build/icyphy/ptII/ptolemy/actor/lib/test/auto/PublisherSubscriber8.xml (RunModel)" time="0.029" />
  <testcase classname="ptolemy.util.test.junit.AutoTests" name="[290] /home/travis/build/icyphy/ptII/ptolemy/actor/lib/test/auto/PublisherSubscriber9.xml (RunModel)" time="0.017" />
  <testcase classname="ptolemy.util.test.junit.AutoTests" name="[291] /home/travis/build/icyphy/ptII/ptolemy/actor/lib/test/auto/PublisherSubscriberAdjacent.xml (RunModel)" time="0.015" />
  <testcase classname="ptolemy.util.test.junit.AutoTests" name="[292] /home/travis/build/icyphy/ptII/ptolemy/actor/lib/test/auto/PublisherSubscriberChannelVariablesAOC2.xml (RunModel)" time="0.027" />
  <testcase classname="ptolemy.util.test.junit.AutoTests" name="[293] /home/travis/build/icyphy/ptII/ptolemy/actor/lib/test/auto/PublisherSubscriberD3.xml (RunModel)" time="0.013" />
  <testcase classname="ptolemy.util.test.junit.AutoTests" name="[294] /home/travis/build/icyphy/ptII/ptolemy/actor/lib/test/auto/PublisherSubscriberD3Reverse.xml (RunModel)" time="0.013" />
  <testcase classname="ptolemy.util.test.junit.AutoTests" name="[295] /home/travis/build/icyphy/ptII/ptolemy/actor/lib/test/auto/PublisherSubscriberExpression.xml (RunModel)" time="0.016" />
  <testcase classname="ptolemy.util.test.junit.AutoTests" name="[296] /home/travis/build/icyphy/ptII/ptolemy/actor/lib/test/auto/PublisherSubscriberOpaque.xml (RunModel)" time="0.015" />
  <testcase classname="ptolemy.util.test.junit.AutoTests" name="[297] /home/travis/build/icyphy/ptII/ptolemy/actor/lib/test/auto/PublisherSubscriberOpaqueD3.xml (RunModel)" time="0.022" />
  <testcase classname="ptolemy.util.test.junit.AutoTests" name="[298] /home/travis/build/icyphy/ptII/ptolemy/actor/lib/test/auto/PublisherSubscriberOpaqueD3Reverse.xml (RunModel)" time="0.021" />
  <testcase classname="ptolemy.util.test.junit.AutoTests" name="[299] /home/travis/build/icyphy/ptII/ptolemy/actor/lib/test/auto/PublisherSubscriberOpaqueWidthInference.xml (RunModel)" time="0.015" />
  <testcase classname="ptolemy.util.test.junit.AutoTests" name="[300] /home/travis/build/icyphy/ptII/ptolemy/actor/lib/test/auto/PublisherTestSubscriber.xml (RunModel)" time="0.016" />
  <testcase classname="ptolemy.util.test.junit.AutoTests" name="[301] /home/travis/build/icyphy/ptII/ptolemy/actor/lib/test/auto/PublisherToplevelSubscriberPortAOC.xml (RunModel)" time="0.016" />
  <testcase classname="ptolemy.util.test.junit.AutoTests" name="[302] /home/travis/build/icyphy/ptII/ptolemy/actor/lib/test/auto/PulseFiringLimitDE.xml (RunModel)" time="0.015" />
  <testcase classname="ptolemy.util.test.junit.AutoTests" name="[303] /home/travis/build/icyphy/ptII/ptolemy/actor/lib/test/auto/Ramp1.xml (RunModel)" time="0.008" />
  <testcase classname="ptolemy.util.test.junit.AutoTests" name="[304] /home/travis/build/icyphy/ptII/ptolemy/actor/lib/test/auto/RampFiringLimitDE.xml (RunModel)" time="0.011" />
  <testcase classname="ptolemy.util.test.junit.AutoTests" name="[305] /home/travis/build/icyphy/ptII/ptolemy/actor/lib/test/auto/RampFiringLimitSDF.xml (RunModel)" time="0.01" />
  <testcase classname="ptolemy.util.test.junit.AutoTests" name="[306] /home/travis/build/icyphy/ptII/ptolemy/actor/lib/test/auto/RandomInteger.xml (RunModel)" time="0.008" />
  <testcase classname="ptolemy.util.test.junit.AutoTests" name="[307] /home/travis/build/icyphy/ptII/ptolemy/actor/lib/test/auto/ReadFile1.xml (RunModel)" time="0.009" />
  <testcase classname="ptolemy.util.test.junit.AutoTests" name="[308] /home/travis/build/icyphy/ptII/ptolemy/actor/lib/test/auto/ReadFile2.xml (RunModel)" time="0.012" />
  <testcase classname="ptolemy.util.test.junit.AutoTests" name="[309] /home/travis/build/icyphy/ptII/ptolemy/actor/lib/test/auto/Reader.xml (RunModel)" time="0.015" />
  <testcase classname="ptolemy.util.test.junit.AutoTests" name="[310] /home/travis/build/icyphy/ptII/ptolemy/actor/lib/test/auto/RecordAssemblerDisplayNameTest.xml (RunModel)" time="3.702" />
  <testcase classname="ptolemy.util.test.junit.AutoTests" name="[311] /home/travis/build/icyphy/ptII/ptolemy/actor/lib/test/auto/RecordAssemblerTypeError.xml (RunModel)" time="0.035" />
  <testcase classname="ptolemy.util.test.junit.AutoTests" name="[312] /home/travis/build/icyphy/ptII/ptolemy/actor/lib/test/auto/RecordDisassember.xml (RunModel)" time="0.013" />
  <testcase classname="ptolemy.util.test.junit.AutoTests" name="[313] /home/travis/build/icyphy/ptII/ptolemy/actor/lib/test/auto/RecordDisassemberDisplayNameTest.xml (RunModel)" time="0.024" />
  <testcase classname="ptolemy.util.test.junit.AutoTests" name="[314] /home/travis/build/icyphy/ptII/ptolemy/actor/lib/test/auto/RecordDisassembler.xml (RunModel)" time="0.014" />
  <testcase classname="ptolemy.util.test.junit.AutoTests" name="[315] /home/travis/build/icyphy/ptII/ptolemy/actor/lib/test/auto/RecordDisassembler2.xml (RunModel)" time="0.013" />
  <testcase classname="ptolemy.util.test.junit.AutoTests" name="[316] /home/travis/build/icyphy/ptII/ptolemy/actor/lib/test/auto/RecordUpdater.xml (RunModel)" time="0.012" />
  <testcase classname="ptolemy.util.test.junit.AutoTests" name="[317] /home/travis/build/icyphy/ptII/ptolemy/actor/lib/test/auto/RecordUpdater2.xml (RunModel)" time="0.014" />
  <testcase classname="ptolemy.util.test.junit.AutoTests" name="[318] /home/travis/build/icyphy/ptII/ptolemy/actor/lib/test/auto/RecursiveLattice.xml (RunModel)" time="0.012" />
  <testcase classname="ptolemy.util.test.junit.AutoTests" name="[319] /home/travis/build/icyphy/ptII/ptolemy/actor/lib/test/auto/Router.xml (RunModel)" time="3.037" />
  <testcase classname="ptolemy.util.test.junit.AutoTests" name="[320] /home/travis/build/icyphy/ptII/ptolemy/actor/lib/test/auto/Router2.xml (RunModel)" time="3.038" />
  <testcase classname="ptolemy.util.test.junit.AutoTests" name="[321] /home/travis/build/icyphy/ptII/ptolemy/actor/lib/test/auto/RunningMaximum.xml (RunModel)" time="0.019" />
  <testcase classname="ptolemy.util.test.junit.AutoTests" name="[322] /home/travis/build/icyphy/ptII/ptolemy/actor/lib/test/auto/RunningMinimum.xml (RunModel)" time="0.021" />
  <testcase classname="ptolemy.util.test.junit.AutoTests" name="[323] /home/travis/build/icyphy/ptII/ptolemy/actor/lib/test/auto/Scale.xml (RunModel)" time="0.008" />
  <testcase classname="ptolemy.util.test.junit.AutoTests" name="[324] /home/travis/build/icyphy/ptII/ptolemy/actor/lib/test/auto/Scale2.xml (RunModel)" time="0.01" />
  <testcase classname="ptolemy.util.test.junit.AutoTests" name="[325] /home/travis/build/icyphy/ptII/ptolemy/actor/lib/test/auto/Scale3.xml (RunModel)" time="0.014" />
  <testcase classname="ptolemy.util.test.junit.AutoTests" name="[326] /home/travis/build/icyphy/ptII/ptolemy/actor/lib/test/auto/ScaleArray.xml (RunModel)" time="0.008" />
  <testcase classname="ptolemy.util.test.junit.AutoTests" name="[327] /home/travis/build/icyphy/ptII/ptolemy/actor/lib/test/auto/ScaleArray2.xml (RunModel)" time="0.008" />
  <testcase classname="ptolemy.util.test.junit.AutoTests" name="[328] /home/travis/build/icyphy/ptII/ptolemy/actor/lib/test/auto/ScaleMatrix.xml (RunModel)" time="0.174" />
  <testcase classname="ptolemy.util.test.junit.AutoTests" name="[329] /home/travis/build/icyphy/ptII/ptolemy/actor/lib/test/auto/Select.xml (RunModel)" time="0.026" />
  <testcase classname="ptolemy.util.test.junit.AutoTests" name="[330] /home/travis/build/icyphy/ptII/ptolemy/actor/lib/test/auto/Select2.xml (RunModel)" time="0.01" />
  <testcase classname="ptolemy.util.test.junit.AutoTests" name="[331] /home/travis/build/icyphy/ptII/ptolemy/actor/lib/test/auto/SequenceToArray2.xml (RunModel)" time="0.18" />
  <testcase classname="ptolemy.util.test.junit.AutoTests" name="[332] /home/travis/build/icyphy/ptII/ptolemy/actor/lib/test/auto/SequentialClock.xml (RunModel)" time="0.013" />
  <testcase classname="ptolemy.util.test.junit.AutoTests" name="[333] /home/travis/build/icyphy/ptII/ptolemy/actor/lib/test/auto/SetVariable.xml (RunModel)" time="0.011" />
  <testcase classname="ptolemy.util.test.junit.AutoTests" name="[334] /home/travis/build/icyphy/ptII/ptolemy/actor/lib/test/auto/SetVariable2.xml (RunModel)" time="0.015" />
  <testcase classname="ptolemy.util.test.junit.AutoTests" name="[335] /home/travis/build/icyphy/ptII/ptolemy/actor/lib/test/auto/SetVariable3.xml (RunModel)" time="0.02" />
  <testcase classname="ptolemy.util.test.junit.AutoTests" name="[336] /home/travis/build/icyphy/ptII/ptolemy/actor/lib/test/auto/SetVariable4.xml (RunModel)" time="0.029" />
  <testcase classname="ptolemy.util.test.junit.AutoTests" name="[337] /home/travis/build/icyphy/ptII/ptolemy/actor/lib/test/auto/SetVariable5.xml (RunModel)" time="0.045" />
  <testcase classname="ptolemy.util.test.junit.AutoTests" name="[338] /home/travis/build/icyphy/ptII/ptolemy/actor/lib/test/auto/Sinewave.xml (RunModel)" time="0.033" />
  <testcase classname="ptolemy.util.test.junit.AutoTests" name="[339] /home/travis/build/icyphy/ptII/ptolemy/actor/lib/test/auto/Sinewave2.xml (RunModel)" time="0.044" />
  <testcase classname="ptolemy.util.test.junit.AutoTests" name="[340] /home/travis/build/icyphy/ptII/ptolemy/actor/lib/test/auto/Sinewave3.xml (RunModel)" time="0.026" />
  <testcase classname="ptolemy.util.test.junit.AutoTests" name="[341] /home/travis/build/icyphy/ptII/ptolemy/actor/lib/test/auto/SingleEvent.xml (RunModel)" time="0.016" />
  <testcase classname="ptolemy.util.test.junit.AutoTests" name="[342] /home/travis/build/icyphy/ptII/ptolemy/actor/lib/test/auto/Sleep.xml (RunModel)" time="6.023" />
  <testcase classname="ptolemy.util.test.junit.AutoTests" name="[343] /home/travis/build/icyphy/ptII/ptolemy/actor/lib/test/auto/SleepMultipleFire.xml (RunModel)" time="1.023" />
  <testcase classname="ptolemy.util.test.junit.AutoTests" name="[344] /home/travis/build/icyphy/ptII/ptolemy/actor/lib/test/auto/StopDE.xml (RunModel)" time="0.023" />
  <testcase classname="ptolemy.util.test.junit.AutoTests" name="[345] /home/travis/build/icyphy/ptII/ptolemy/actor/lib/test/auto/StopSDF.xml (RunModel)" time="0.015" />
  <testcase classname="ptolemy.util.test.junit.AutoTests" name="[346] /home/travis/build/icyphy/ptII/ptolemy/actor/lib/test/auto/StringConstant.xml (RunModel)" time="0.017" />
  <testcase classname="ptolemy.util.test.junit.AutoTests" name="[347] /home/travis/build/icyphy/ptII/ptolemy/actor/lib/test/auto/SubscriberPortInitialValues1.xml (RunModel)" time="0.033" />
  <testcase classname="ptolemy.util.test.junit.AutoTests" name="[348] /home/travis/build/icyphy/ptII/ptolemy/actor/lib/test/auto/SubscriberPortInitialValues13.xml (RunModel)" time="0.039" />
  <testcase classname="ptolemy.util.test.junit.AutoTests" name="[349] /home/travis/build/icyphy/ptII/ptolemy/actor/lib/test/auto/SubscriberPortInitialValues14.xml (RunModel)" time="0.029" />
  <testcase classname="ptolemy.util.test.junit.AutoTests" name="[350] /home/travis/build/icyphy/ptII/ptolemy/actor/lib/test/auto/SubscriberPortInitialValues2.xml (RunModel)" time="0.027" />
  <testcase classname="ptolemy.util.test.junit.AutoTests" name="[351] /home/travis/build/icyphy/ptII/ptolemy/actor/lib/test/auto/SubscriberPortInitialValues3.xml (RunModel)" time="0.027" />
  <testcase classname="ptolemy.util.test.junit.AutoTests" name="[352] /home/travis/build/icyphy/ptII/ptolemy/actor/lib/test/auto/SubscriptionAggregator.xml (RunModel)" time="0.016" />
  <testcase classname="ptolemy.util.test.junit.AutoTests" name="[353] /home/travis/build/icyphy/ptII/ptolemy/actor/lib/test/auto/SubscriptionAggregator2.xml (RunModel)" time="0.017" />
  <testcase classname="ptolemy.util.test.junit.AutoTests" name="[354] /home/travis/build/icyphy/ptII/ptolemy/actor/lib/test/auto/SubscriptionAggregator3.xml (RunModel)" time="0.021" />
  <testcase classname="ptolemy.util.test.junit.AutoTests" name="[355] /home/travis/build/icyphy/ptII/ptolemy/actor/lib/test/auto/SubscriptionAggregatorMultiply.xml (RunModel)" time="0.018" />
  <testcase classname="ptolemy.util.test.junit.AutoTests" name="[356] /home/travis/build/icyphy/ptII/ptolemy/actor/lib/test/auto/SubscriptionAggregatorPortMultiply1.xml (RunModel)" time="0.019" />
  <testcase classname="ptolemy.util.test.junit.AutoTests" name="[357] /home/travis/build/icyphy/ptII/ptolemy/actor/lib/test/auto/Switch.xml (RunModel)" time="0.023" />
  <testcase classname="ptolemy.util.test.junit.AutoTests" name="[358] /home/travis/build/icyphy/ptII/ptolemy/actor/lib/test/auto/Switch2.xml (RunModel)" time="0.013" />
  <testcase classname="ptolemy.util.test.junit.AutoTests" name="[359] /home/travis/build/icyphy/ptII/ptolemy/actor/lib/test/auto/SwitchDE.xml (RunModel)" time="0.017" />
  <testcase classname="ptolemy.util.test.junit.AutoTests" name="[360] /home/travis/build/icyphy/ptII/ptolemy/actor/lib/test/auto/SynchronizerDE.xml (RunModel)" time="0.027" />
  <testcase classname="ptolemy.util.test.junit.AutoTests" name="[361] /home/travis/build/icyphy/ptII/ptolemy/actor/lib/test/auto/Test.xml (RunModel)" time="0.02" />
  <testcase classname="ptolemy.util.test.junit.AutoTests" name="[362] /home/travis/build/icyphy/ptII/ptolemy/actor/lib/test/auto/TestExceptionAttribute1.xml (RunModel)" time="0.009" />
  <testcase classname="ptolemy.util.test.junit.AutoTests" name="[363] /home/travis/build/icyphy/ptII/ptolemy/actor/lib/test/auto/TestExceptionAttribute2.xml (RunModel)" time="0.009" />
  <testcase classname="ptolemy.util.test.junit.AutoTests" name="[364] /home/travis/build/icyphy/ptII/ptolemy/actor/lib/test/auto/TestExceptionAttribute3.xml (RunModel)" time="0.008" />
  <testcase classname="ptolemy.util.test.junit.AutoTests" name="[365] /home/travis/build/icyphy/ptII/ptolemy/actor/lib/test/auto/TestExceptionAttribute4.xml (RunModel)" time="0.009" />
  <testcase classname="ptolemy.util.test.junit.AutoTests" name="[366] /home/travis/build/icyphy/ptII/ptolemy/actor/lib/test/auto/TestExceptionHandler1.xml (RunModel)" time="0.008" />
  <testcase classname="ptolemy.util.test.junit.AutoTests" name="[367] /home/travis/build/icyphy/ptII/ptolemy/actor/lib/test/auto/TestExceptionHandler2.xml (RunModel)" time="0.01" />
  <testcase classname="ptolemy.util.test.junit.AutoTests" name="[368] /home/travis/build/icyphy/ptII/ptolemy/actor/lib/test/auto/TestExceptionHandler3.xml (RunModel)" time="0.009" />
  <testcase classname="ptolemy.util.test.junit.AutoTests" name="[369] /home/travis/build/icyphy/ptII/ptolemy/actor/lib/test/auto/TestExceptionHandler4.xml (RunModel)" time="0.009" />
  <testcase classname="ptolemy.util.test.junit.AutoTests" name="[370] /home/travis/build/icyphy/ptII/ptolemy/actor/lib/test/auto/TestRequireCorrectOrder.xml (RunModel)" time="0.019" />
  <testcase classname="ptolemy.util.test.junit.AutoTests" name="[371] /home/travis/build/icyphy/ptII/ptolemy/actor/lib/test/auto/TestSimple.xml (RunModel)" time="0.01" />
  <testcase classname="ptolemy.util.test.junit.AutoTests" name="[372] /home/travis/build/icyphy/ptII/ptolemy/actor/lib/test/auto/ThrowModelError.xml (RunModel)" time="0.015" />
  <testcase classname="ptolemy.util.test.junit.AutoTests" name="[373] /home/travis/build/icyphy/ptII/ptolemy/actor/lib/test/auto/TimeDelayMicrosteps.xml (RunModel)" time="0.018" />
  <testcase classname="ptolemy.util.test.junit.AutoTests" name="[374] /home/travis/build/icyphy/ptII/ptolemy/actor/lib/test/auto/TimeDelayMicrosteps2.xml (RunModel)" time="0.02" />
  <testcase classname="ptolemy.util.test.junit.AutoTests" name="[375] /home/travis/build/icyphy/ptII/ptolemy/actor/lib/test/auto/TimeDelayMicrosteps3.xml (RunModel)" time="0.016" />
  <testcase classname="ptolemy.util.test.junit.AutoTests" name="[376] /home/travis/build/icyphy/ptII/ptolemy/actor/lib/test/auto/TimeDelayVariableMicrosteps.xml (RunModel)" time="0.016" />
  <testcase classname="ptolemy.util.test.junit.AutoTests" name="[377] /home/travis/build/icyphy/ptII/ptolemy/actor/lib/test/auto/TimeGap.xml (RunModel)" time="0.019" />
  <testcase classname="ptolemy.util.test.junit.AutoTests" name="[378] /home/travis/build/icyphy/ptII/ptolemy/actor/lib/test/auto/TimeGap2.xml (RunModel)" time="0.014" />
  <testcase classname="ptolemy.util.test.junit.AutoTests" name="[379] /home/travis/build/icyphy/ptII/ptolemy/actor/lib/test/auto/TimedSinewave.xml (RunModel)" time="0.059" />
  <testcase classname="ptolemy.util.test.junit.AutoTests" name="[380] /home/travis/build/icyphy/ptII/ptolemy/actor/lib/test/auto/TimedSinewavePhase.xml (RunModel)" time="0.084" />
  <testcase classname="ptolemy.util.test.junit.AutoTests" name="[381] /home/travis/build/icyphy/ptII/ptolemy/actor/lib/test/auto/Timer.xml (RunModel)" time="0.023" />
  <testcase classname="ptolemy.util.test.junit.AutoTests" name="[382] /home/travis/build/icyphy/ptII/ptolemy/actor/lib/test/auto/TriangularDistTestModel.xml (RunModel)" time="0.02" />
  <testcase classname="ptolemy.util.test.junit.AutoTests" name="[383] /home/travis/build/icyphy/ptII/ptolemy/actor/lib/test/auto/TrigFunction.xml (RunModel)" time="0.011" />
  <testcase classname="ptolemy.util.test.junit.AutoTests" name="[384] /home/travis/build/icyphy/ptII/ptolemy/actor/lib/test/auto/TrigFunctionDE.xml (RunModel)" time="0.013" />
  <testcase classname="ptolemy.util.test.junit.AutoTests" name="[385] /home/travis/build/icyphy/ptII/ptolemy/actor/lib/test/auto/TrigFunctionInverse.xml (RunModel)" time="0.013" />
  <testcase classname="ptolemy.util.test.junit.AutoTests" name="[386] /home/travis/build/icyphy/ptII/ptolemy/actor/lib/test/auto/TrigFunctionTan.xml (RunModel)" time="0.009" />
  <testcase classname="ptolemy.util.test.junit.AutoTests" name="[387] /home/travis/build/icyphy/ptII/ptolemy/actor/lib/test/auto/TriggeredClock.xml (RunModel)" time="0.01" />
  <testcase classname="ptolemy.util.test.junit.AutoTests" name="[388] /home/travis/build/icyphy/ptII/ptolemy/actor/lib/test/auto/URLDirectoryReader.xml (RunModel)" time="0.144" />
  <testcase classname="ptolemy.util.test.junit.AutoTests" name="[389] /home/travis/build/icyphy/ptII/ptolemy/actor/lib/test/auto/URLDirectoryReader3.xml (RunModel)" time="1.493" />
  <testcase classname="ptolemy.util.test.junit.AutoTests" name="[390] /home/travis/build/icyphy/ptII/ptolemy/actor/lib/test/auto/UnaryMathFunction.xml (RunModel)" time="0.04" />
  <testcase classname="ptolemy.util.test.junit.AutoTests" name="[391] /home/travis/build/icyphy/ptII/ptolemy/actor/lib/test/auto/Uniform.xml (RunModel)" time="0.025" />
  <testcase classname="ptolemy.util.test.junit.AutoTests" name="[392] /home/travis/build/icyphy/ptII/ptolemy/actor/lib/test/auto/UnionDisassemblerTest.xml (RunModel)" time="0.019" />
  <testcase classname="ptolemy.util.test.junit.AutoTests" name="[393] /home/travis/build/icyphy/ptII/ptolemy/actor/lib/test/auto/UtilityFunctions.xml (RunModel)" time="0.01" />
  <testcase classname="ptolemy.util.test.junit.AutoTests" name="[394] /home/travis/build/icyphy/ptII/ptolemy/actor/lib/test/auto/VariableSleep.xml (RunModel)" time="0.515" />
  <testcase classname="ptolemy.util.test.junit.AutoTests" name="[395] /home/travis/build/icyphy/ptII/ptolemy/actor/lib/test/auto/VectorAssemblerDisassemblerCT.xml (RunModel)" time="0.156" />
  <testcase classname="ptolemy.util.test.junit.AutoTests" name="[396] /home/travis/build/icyphy/ptII/ptolemy/actor/lib/test/auto/VectorAssemblerDisassemblerDE.xml (RunModel)" time="0.013" />
  <testcase classname="ptolemy.util.test.junit.AutoTests" name="[397] /home/travis/build/icyphy/ptII/ptolemy/actor/lib/test/auto/VectorAssemblerDisassemblerSDF.xml (RunModel)" time="0.011" />
  <testcase classname="ptolemy.util.test.junit.AutoTests" name="[398] /home/travis/build/icyphy/ptII/ptolemy/actor/lib/test/auto/WallClockTime.xml (RunModel)" time="1.013" />
  <testcase classname="ptolemy.util.test.junit.AutoTests" name="[399] /home/travis/build/icyphy/ptII/ptolemy/actor/lib/test/auto/WidthTestWithSubscriberPublisher.xml (RunModel)" time="0.072" />
  <testcase classname="ptolemy.util.test.junit.AutoTests" name="[400] /home/travis/build/icyphy/ptII/ptolemy/actor/lib/test/auto/WidthTestWithSubscriberPublisher2.xml (RunModel)" time="0.018" />
  <testcase classname="ptolemy.util.test.junit.AutoTests" name="[401] /home/travis/build/icyphy/ptII/ptolemy/actor/lib/test/auto/WidthTestWithSubscriberPublisher3.xml (RunModel)" time="0.018" />
  <testcase classname="ptolemy.util.test.junit.AutoTests" name="[402] /home/travis/build/icyphy/ptII/ptolemy/actor/lib/test/auto/Writer.xml (RunModel)" time="0.01" />
  <testcase classname="ptolemy.util.test.junit.AutoTests" name="[403] /home/travis/build/icyphy/ptII/ptolemy/actor/lib/test/auto/array.xml (RunModel)" time="0.012" />
  <testcase classname="ptolemy.util.test.junit.AutoTests" name="[404] /home/travis/build/icyphy/ptII/ptolemy/actor/lib/test/auto/array2.xml (RunModel)" time="0.014" />
  <testcase classname="ptolemy.util.test.junit.AutoTests" name="[405] /home/travis/build/icyphy/ptII/ptolemy/actor/lib/test/auto/arrayType.xml (RunModel)" time="0.015" />
  <testcase classname="ptolemy.util.test.junit.AutoTests" name="[406] /home/travis/build/icyphy/ptII/ptolemy/actor/lib/test/auto/arrayType10.xml (RunModel)" time="0.012" />
  <testcase classname="ptolemy.util.test.junit.AutoTests" name="[407] /home/travis/build/icyphy/ptII/ptolemy/actor/lib/test/auto/arrayType11.xml (RunModel)" time="0.011" />
  <testcase classname="ptolemy.util.test.junit.AutoTests" name="[408] /home/travis/build/icyphy/ptII/ptolemy/actor/lib/test/auto/arrayType12.xml (RunModel)" time="0.014" />
  <testcase classname="ptolemy.util.test.junit.AutoTests" name="[409] /home/travis/build/icyphy/ptII/ptolemy/actor/lib/test/auto/arrayType13.xml (RunModel)" time="0.012" />
  <testcase classname="ptolemy.util.test.junit.AutoTests" name="[410] /home/travis/build/icyphy/ptII/ptolemy/actor/lib/test/auto/arrayType14.xml (RunModel)" time="0.012" />
  <testcase classname="ptolemy.util.test.junit.AutoTests" name="[411] /home/travis/build/icyphy/ptII/ptolemy/actor/lib/test/auto/arrayType15.xml (RunModel)" time="0.012" />
  <testcase classname="ptolemy.util.test.junit.AutoTests" name="[412] /home/travis/build/icyphy/ptII/ptolemy/actor/lib/test/auto/arrayType16.xml (RunModel)" time="0.012" />
  <testcase classname="ptolemy.util.test.junit.AutoTests" name="[413] /home/travis/build/icyphy/ptII/ptolemy/actor/lib/test/auto/arrayType17.xml (RunModel)" time="0.011" />
  <testcase classname="ptolemy.util.test.junit.AutoTests" name="[414] /home/travis/build/icyphy/ptII/ptolemy/actor/lib/test/auto/arrayType18.xml (RunModel)" time="0.01" />
  <testcase classname="ptolemy.util.test.junit.AutoTests" name="[415] /home/travis/build/icyphy/ptII/ptolemy/actor/lib/test/auto/arrayType19.xml (RunModel)" time="0.011" />
  <testcase classname="ptolemy.util.test.junit.AutoTests" name="[416] /home/travis/build/icyphy/ptII/ptolemy/actor/lib/test/auto/arrayType2.xml (RunModel)" time="0.011" />
  <testcase classname="ptolemy.util.test.junit.AutoTests" name="[417] /home/travis/build/icyphy/ptII/ptolemy/actor/lib/test/auto/arrayType20.xml (RunModel)" time="0.012" />
  <testcase classname="ptolemy.util.test.junit.AutoTests" name="[418] /home/travis/build/icyphy/ptII/ptolemy/actor/lib/test/auto/arrayType21.xml (RunModel)" time="0.011" />
  <testcase classname="ptolemy.util.test.junit.AutoTests" name="[419] /home/travis/build/icyphy/ptII/ptolemy/actor/lib/test/auto/arrayType22.xml (RunModel)" time="0.012" />
  <testcase classname="ptolemy.util.test.junit.AutoTests" name="[420] /home/travis/build/icyphy/ptII/ptolemy/actor/lib/test/auto/arrayType23.xml (RunModel)" time="0.011" />
  <testcase classname="ptolemy.util.test.junit.AutoTests" name="[421] /home/travis/build/icyphy/ptII/ptolemy/actor/lib/test/auto/arrayType24.xml (RunModel)" time="0.011" />
  <testcase classname="ptolemy.util.test.junit.AutoTests" name="[422] /home/travis/build/icyphy/ptII/ptolemy/actor/lib/test/auto/arrayType25.xml (RunModel)" time="0.011" />
  <testcase classname="ptolemy.util.test.junit.AutoTests" name="[423] /home/travis/build/icyphy/ptII/ptolemy/actor/lib/test/auto/arrayType26.xml (RunModel)" time="0.012" />
  <testcase classname="ptolemy.util.test.junit.AutoTests" name="[424] /home/travis/build/icyphy/ptII/ptolemy/actor/lib/test/auto/arrayType27.xml (RunModel)" time="0.011" />
  <testcase classname="ptolemy.util.test.junit.AutoTests" name="[425] /home/travis/build/icyphy/ptII/ptolemy/actor/lib/test/auto/arrayType28.xml (RunModel)" time="0.013" />
  <testcase classname="ptolemy.util.test.junit.AutoTests" name="[426] /home/travis/build/icyphy/ptII/ptolemy/actor/lib/test/auto/arrayType3.xml (RunModel)" time="0.011" />
  <testcase classname="ptolemy.util.test.junit.AutoTests" name="[427] /home/travis/build/icyphy/ptII/ptolemy/actor/lib/test/auto/arrayType4.xml (RunModel)" time="0.011" />
  <testcase classname="ptolemy.util.test.junit.AutoTests" name="[428] /home/travis/build/icyphy/ptII/ptolemy/actor/lib/test/auto/arrayType5.xml (RunModel)" time="0.011" />
  <testcase classname="ptolemy.util.test.junit.AutoTests" name="[429] /home/travis/build/icyphy/ptII/ptolemy/actor/lib/test/auto/arrayType6.xml (RunModel)" time="0.012" />
  <testcase classname="ptolemy.util.test.junit.AutoTests" name="[430] /home/travis/build/icyphy/ptII/ptolemy/actor/lib/test/auto/arrayType7.xml (RunModel)" time="0.011" />
  <testcase classname="ptolemy.util.test.junit.AutoTests" name="[431] /home/travis/build/icyphy/ptII/ptolemy/actor/lib/test/auto/arrayType8.xml (RunModel)" time="0.024" />
  <testcase classname="ptolemy.util.test.junit.AutoTests" name="[432] /home/travis/build/icyphy/ptII/ptolemy/actor/lib/test/auto/arrayType9.xml (RunModel)" time="0.016" />
  <testcase classname="ptolemy.util.test.junit.AutoTests" name="[433] /home/travis/build/icyphy/ptII/ptolemy/actor/lib/test/auto/cast.xml (RunModel)" time="0.05" />
  <testcase classname="ptolemy.util.test.junit.AutoTests" name="[434] /home/travis/build/icyphy/ptII/ptolemy/actor/lib/test/auto/compositeMultiPort.xml (RunModel)" time="0.026" />
  <testcase classname="ptolemy.util.test.junit.AutoTests" name="[435] /home/travis/build/icyphy/ptII/ptolemy/actor/lib/test/auto/expressionCastInference.xml (RunModel)" time="0.01" />
  <testcase classname="ptolemy.util.test.junit.AutoTests" name="[436] /home/travis/build/icyphy/ptII/ptolemy/actor/lib/test/auto/expressionCastInference2.xml (RunModel)" time="0.01" />
  <testcase classname="ptolemy.util.test.junit.AutoTests" name="[437] /home/travis/build/icyphy/ptII/ptolemy/actor/lib/test/auto/expressionInference.xml (RunModel)" time="0.024" />
  <testcase classname="ptolemy.util.test.junit.AutoTests" name="[438] /home/travis/build/icyphy/ptII/ptolemy/actor/lib/test/auto/expression_bug.xml (RunModel)" time="0.044" />
  <testcase classname="ptolemy.util.test.junit.AutoTests" name="[439] /home/travis/build/icyphy/ptII/ptolemy/actor/lib/test/auto/factorial.xml (RunModel)" time="0.148" />
  <testcase classname="ptolemy.util.test.junit.AutoTests" name="[440] /home/travis/build/icyphy/ptII/ptolemy/actor/lib/test/auto/filterTest1.xml (RunModel)" time="0.042" />
  <testcase classname="ptolemy.util.test.junit.AutoTests" name="[441] /home/travis/build/icyphy/ptII/ptolemy/actor/lib/test/auto/funcApplyInConst.xml (RunModel)" time="0.037" />
  <testcase classname="ptolemy.util.test.junit.AutoTests" name="[442] /home/travis/build/icyphy/ptII/ptolemy/actor/lib/test/auto/funcApplyInExpr.xml (RunModel)" time="0.007" />
  <testcase classname="ptolemy.util.test.junit.AutoTests" name="[443] /home/travis/build/icyphy/ptII/ptolemy/actor/lib/test/auto/function.xml (RunModel)" time="0.011" />
  <testcase classname="ptolemy.util.test.junit.AutoTests" name="[444] /home/travis/build/icyphy/ptII/ptolemy/actor/lib/test/auto/function2.xml (RunModel)" time="0.011" />
  <testcase classname="ptolemy.util.test.junit.AutoTests" name="[445] /home/travis/build/icyphy/ptII/ptolemy/actor/lib/test/auto/function3.xml (RunModel)" time="0.009" />
  <testcase classname="ptolemy.util.test.junit.AutoTests" name="[446] /home/travis/build/icyphy/ptII/ptolemy/actor/lib/test/auto/functionClosureTest1.xml (RunModel)" time="0.012" />
  <testcase classname="ptolemy.util.test.junit.AutoTests" name="[447] /home/travis/build/icyphy/ptII/ptolemy/actor/lib/test/auto/functionClosureTest2.xml (RunModel)" time="0.01" />
  <testcase classname="ptolemy.util.test.junit.AutoTests" name="[448] /home/travis/build/icyphy/ptII/ptolemy/actor/lib/test/auto/functionClosureTest3.xml (RunModel)" time="0.011" />
  <testcase classname="ptolemy.util.test.junit.AutoTests" name="[449] /home/travis/build/icyphy/ptII/ptolemy/actor/lib/test/auto/functionClosureTest4.xml (RunModel)" time="0.017" />
  <testcase classname="ptolemy.util.test.junit.AutoTests" name="[450] /home/travis/build/icyphy/ptII/ptolemy/actor/lib/test/auto/functionClosureTest5.xml (RunModel)" time="0.016" />
  <testcase classname="ptolemy.util.test.junit.AutoTests" name="[451] /home/travis/build/icyphy/ptII/ptolemy/actor/lib/test/auto/functionClosureTest6.xml (RunModel)" time="0.01" />
  <testcase classname="ptolemy.util.test.junit.AutoTests" name="[452] /home/travis/build/icyphy/ptII/ptolemy/actor/lib/test/auto/functionsOnArcs.xml (RunModel)" time="0.011" />
  <testcase classname="ptolemy.util.test.junit.AutoTests" name="[453] /home/travis/build/icyphy/ptII/ptolemy/actor/lib/test/auto/functionsOnArcsHOF.xml (RunModel)" time="0.015" />
  <testcase classname="ptolemy.util.test.junit.AutoTests" name="[454] /home/travis/build/icyphy/ptII/ptolemy/actor/lib/test/auto/logic.xml (RunModel)" time="0.022" />
  <testcase classname="ptolemy.util.test.junit.AutoTests" name="[455] /home/travis/build/icyphy/ptII/ptolemy/actor/lib/test/auto/matrixType.xml (RunModel)" time="0.012" />
  <testcase classname="ptolemy.util.test.junit.AutoTests" name="[456] /home/travis/build/icyphy/ptII/ptolemy/actor/lib/test/auto/matrixType10.xml (RunModel)" time="0.012" />
  <testcase classname="ptolemy.util.test.junit.AutoTests" name="[457] /home/travis/build/icyphy/ptII/ptolemy/actor/lib/test/auto/matrixType11.xml (RunModel)" time="0.01" />
  <testcase classname="ptolemy.util.test.junit.AutoTests" name="[458] /home/travis/build/icyphy/ptII/ptolemy/actor/lib/test/auto/matrixType12.xml (RunModel)" time="0.016" />
  <testcase classname="ptolemy.util.test.junit.AutoTests" name="[459] /home/travis/build/icyphy/ptII/ptolemy/actor/lib/test/auto/matrixType13.xml (RunModel)" time="0.011" />
  <testcase classname="ptolemy.util.test.junit.AutoTests" name="[460] /home/travis/build/icyphy/ptII/ptolemy/actor/lib/test/auto/matrixType14.xml (RunModel)" time="0.012" />
  <testcase classname="ptolemy.util.test.junit.AutoTests" name="[461] /home/travis/build/icyphy/ptII/ptolemy/actor/lib/test/auto/matrixType2.xml (RunModel)" time="0.011" />
  <testcase classname="ptolemy.util.test.junit.AutoTests" name="[462] /home/travis/build/icyphy/ptII/ptolemy/actor/lib/test/auto/matrixType3.xml (RunModel)" time="0.013" />
  <testcase classname="ptolemy.util.test.junit.AutoTests" name="[463] /home/travis/build/icyphy/ptII/ptolemy/actor/lib/test/auto/matrixType4.xml (RunModel)" time="0.01" />
  <testcase classname="ptolemy.util.test.junit.AutoTests" name="[464] /home/travis/build/icyphy/ptII/ptolemy/actor/lib/test/auto/matrixType5.xml (RunModel)" time="0.01" />
  <testcase classname="ptolemy.util.test.junit.AutoTests" name="[465] /home/travis/build/icyphy/ptII/ptolemy/actor/lib/test/auto/matrixType6.xml (RunModel)" time="0.011" />
  <testcase classname="ptolemy.util.test.junit.AutoTests" name="[466] /home/travis/build/icyphy/ptII/ptolemy/actor/lib/test/auto/matrixType7.xml (RunModel)" time="0.01" />
  <testcase classname="ptolemy.util.test.junit.AutoTests" name="[467] /home/travis/build/icyphy/ptII/ptolemy/actor/lib/test/auto/matrixType8.xml (RunModel)" time="0.011" />
  <testcase classname="ptolemy.util.test.junit.AutoTests" name="[468] /home/travis/build/icyphy/ptII/ptolemy/actor/lib/test/auto/matrixType9.xml (RunModel)" time="0.011" />
  <testcase classname="ptolemy.util.test.junit.AutoTests" name="[469] /home/travis/build/icyphy/ptII/ptolemy/actor/lib/test/auto/paraFunctest.xml (RunModel)" time="0.009" />
  <testcase classname="ptolemy.util.test.junit.AutoTests" name="[470] /home/travis/build/icyphy/ptII/ptolemy/actor/lib/test/auto/paraFunctest2.xml (RunModel)" time="0.017" />
  <testcase classname="ptolemy.util.test.junit.AutoTests" name="[471] /home/travis/build/icyphy/ptII/ptolemy/actor/lib/test/auto/parameterPassing.xml (RunModel)" time="0.01" />
  <testcase classname="ptolemy.util.test.junit.AutoTests" name="[472] /home/travis/build/icyphy/ptII/ptolemy/actor/lib/test/auto/record.xml (RunModel)" time="0.013" />
  <testcase classname="ptolemy.util.test.junit.AutoTests" name="[473] /home/travis/build/icyphy/ptII/ptolemy/actor/lib/test/auto/sizedarray1.xml (RunModel)" time="0.014" />
  <testcase classname="ptolemy.util.test.junit.AutoTests" name="[474] /home/travis/build/icyphy/ptII/ptolemy/actor/lib/test/auto/sizedarray2.xml (RunModel)" time="0.024" />
  <testcase classname="ptolemy.util.test.junit.AutoTests" name="[475] /home/travis/build/icyphy/ptII/ptolemy/actor/lib/test/auto/twoPublishers.xml (RunModel)" time="0.029" />
  <system-out><![CDATA[/home/travis/build/icyphy/ptII/ptolemy/actor/lib/test/AbsoluteValue.tcl
testDefs.tcl: setting time out to 9000 seconds at Fri Nov 22 06:25:38 UTC 2019
143 ms. Memory: 120832K Free: 85960K (71%)
5 ms. Memory: 120832K Free: 84415K (70%)
5 ms. Memory: 120832K Free: 83398K (69%)
4 ms. Memory: 120832K Free: 82888K (69%)
/home/travis/build/icyphy/ptII/ptolemy/actor/lib/test/AddSubtract.tcl
16 ms. Memory: 120832K Free: 80840K (67%)
8 ms. Memory: 120832K Free: 79816K (66%)
19 ms. Memory: 120832K Free: 79302K (66%)
18 ms. Memory: 120832K Free: 78263K (65%)
86 ms. Memory: 120832K Free: 75720K (63%)
12 ms. Memory: 120832K Free: 74696K (62%)
/home/travis/build/icyphy/ptII/ptolemy/actor/lib/test/Average.tcl
8 ms. Memory: 120832K Free: 73143K (61%)
7 ms. Memory: 120832K Free: 71624K (59%)
/home/travis/build/icyphy/ptII/ptolemy/actor/lib/test/Bernoulli.tcl
5 ms. Memory: 120832K Free: 70071K (58%)
7 ms. Memory: 120832K Free: 70071K (58%)
/home/travis/build/icyphy/ptII/ptolemy/actor/lib/test/Clock.tcl
preinitializing
resolving types
initializing
executing number 1
wrapping up
idle
21 ms. Memory: 120832K Free: 67014K (55%)
Completed execution with 5 iterations
preinitializing
resolving types
initializing
executing number 1
wrapping up
idle
4 ms. Memory: 120832K Free: 66504K (55%)
Completed execution with 5 iterations
preinitializing
resolving types
initializing
executing number 1
wrapping up
idle
4 ms. Memory: 120832K Free: 65990K (55%)
Completed execution with 5 iterations
/home/travis/build/icyphy/ptII/ptolemy/actor/lib/test/Commutator.tcl
7 ms. Memory: 120832K Free: 63927K (53%)
7 ms. Memory: 120832K Free: 62918K (52%)
11 ms. Memory: 120832K Free: 57288K (47%)
/home/travis/build/icyphy/ptII/ptolemy/actor/lib/test/Const.tcl
5 ms. Memory: 120832K Free: 55743K (46%)
3 ms. Memory: 120832K Free: 55240K (46%)
4 ms. Memory: 120832K Free: 54726K (45%)
3 ms. Memory: 120832K Free: 54216K (45%)
3 ms. Memory: 120832K Free: 53192K (44%)
24 ms. Memory: 120832K Free: 51654K (43%)
7 ms. Memory: 120832K Free: 50615K (42%)
12 ms. Memory: 120832K Free: 49591K (41%)
/home/travis/build/icyphy/ptII/ptolemy/actor/lib/test/CurrentTime.tcl
preinitializing
resolving types
initializing
executing number 1
wrapping up
idle
18 ms. Memory: 120832K Free: 48072K (40%)
Completed execution with 11 iterations
/home/travis/build/icyphy/ptII/ptolemy/actor/lib/test/DB.tcl
5 ms. Memory: 120832K Free: 46024K (38%)
53 ms. Memory: 120832K Free: 106978K (89%)
2 ms. Memory: 120832K Free: 106662K (88%)
/home/travis/build/icyphy/ptII/ptolemy/actor/lib/test/DiscreteRandomSource.tcl
preinitializing
resolving types
initializing
executing number 1
wrapping up
idle
20 ms. Memory: 120832K Free: 105124K (87%)
Completed execution with 4 iterations
preinitializing
resolving types
initializing
executing number 1
wrapping up
idle
4 ms. Memory: 120832K Free: 104614K (87%)
Completed execution with 4 iterations
preinitializing
resolving types
initializing
executing number 1
wrapping up
idle
3 ms. Memory: 120832K Free: 104100K (86%)
Completed execution with 4 iterations
preinitializing
resolving types
initializing
executing number 1
wrapping up
idle
12 ms. Memory: 120832K Free: 104100K (86%)
Completed execution with 4 iterations
preinitializing
resolving types
initializing
executing number 1
wrapping up
idle
17 ms. Memory: 120832K Free: 103590K (86%)
Completed execution with 4 iterations
/home/travis/build/icyphy/ptII/ptolemy/actor/lib/test/Distributor.tcl
7 ms. Memory: 120832K Free: 105107K (87%)
6 ms. Memory: 120832K Free: 104462K (86%)
StreamChangeRequest.changeExecuted(): <deleteEntity name="rec2"/> succeeded
StreamChangeRequest.changeExecuted(): <deleteRelation name="r2"/> succeeded
StreamChangeRequest.changeExecuted(): Record firings per iteration succeeded
6 ms. Memory: 120832K Free: 102019K (84%)
/home/travis/build/icyphy/ptII/ptolemy/actor/lib/test/Exit.tcl
Exit.tcl: this will print a message about Manager.exitAfterWrapup, which can be ignored.
15 ms. Memory: 120832K Free: 98895K (82%)
/home/travis/build/icyphy/ptII/ptolemy/actor/lib/test/Expression.tcl
25 ms. Memory: 120832K Free: 95216K (79%)
12 ms. Memory: 120832K Free: 94589K (78%)
11 ms. Memory: 120832K Free: 93787K (78%)
preinitializing
resolving types
initializing
executing number 1
wrapping up
idle
10 ms. Memory: 120832K Free: 92541K (77%)
Completed execution with 6 iterations
10 ms. Memory: 120832K Free: 91517K (76%)
3 ms. Memory: 120832K Free: 90771K (75%)
6 ms. Memory: 120832K Free: 89739K (74%)
4 ms. Memory: 120832K Free: 88445K (73%)
5 ms. Memory: 120832K Free: 105405K (87%)
/home/travis/build/icyphy/ptII/ptolemy/actor/lib/test/Gaussian.tcl
7 ms. Memory: 120832K Free: 103871K (86%)
sleeping 1 seconds: ................................................................................................................................................................................................................................................................................................................................................................................................................................................................................................................................................................................................................................................................................................................................................................................................................................................................................................................................................................................................................................................................................................................................................................................................................................................................................................................................................................................................................................................................................................................................................................................................................................................................................................................................................................................................................................................................................................................................................................................................................................................................................................................................................................................................................................................................................................................................................................................................................................................................................................................................................................................................................................................................................................................................................................................................................................................................................................................................................................................................................................................................................................................................................................................................................................................................................................................................................................................................................................................................................................................................................................................................................................................................................................................................................................................................................................................................................................................................................................................................................................................................................................................................................................................................................................................................................................................................................................................................................................................................................................................................................................................................................................................................................................................................................................................................................................................................................................................................................................................................................................................................................................................................................................................................................................................................................................................................................................................................................................................................................................................................................................................................................................................................................................................................................................................................................................................................................................................................................................................................................................................................................................................................................................................................................................................................................................................................................................................................................................................................................................................................................................................................................................................................................................................................................................................................................................................................................................................................................................................................................................................................................................................................................................................................................................................................................................................................................................................................................................................................................................................................................................................................................................................................................................................................................................................................................................................................................................................................................................................................................................................................................................................................................................................................................................................................................................................................................................................................................................................................................................................................................................................................................................................................................................................................................................................................................................................................................................................................................................................................................................................................................................................................................................................................................................................................................................................................................................................................................................................................................................................................................................................................................................................................................................................................................................................................................................................................................................................................................................................................................................................................................................................................................................................................................................................................................................................................................................................................................................................................................................................................................................................................................................................................................................................................................................................................................................................................................................................................................................................................................................................................................................................................................................................................................................................................................................................................................................................................................................................................................................................................................................................................................................................................................................................................................................................................................................................................................................................................................................................................................................................................................................................................................................................................................................................................................................................................................................................................................................................................................................................................................................................................................................................................................................................................................................................................................................................................................................................................................................................................................................................................................................................................................................................................................................................................................................................................................................................................................................................................................................................................................................................................................................................................................................................................................................................................................................................................................................................................................................................................................................................................................................................................................................................................................................................................................................................................................................................................................................................................................................................................................................................................................................................................................................................................................................................................................................................................................................................................................................................................................................................................................................................................................................................................................................................................................................................................................................................................................................................................................................................................................................................................................................................................................................................................................................................................................................................................................................................................................................................................................................................................................................................................................................................................................................................................................................................................................................................................................................................................................................................................................................................................................................................................................................................................................................................................................................................................................................................................................................................................................................................................................................................................................................................................................................................................................................................................................................................................................................................................................................................................................................................................................................................................................................................................................................................................................................................................................................................................................................................................................................................................................................................................................................................................................................................................................................................................................................................................................................................................................................................................................................................................................................................................................................................................................................................................................................................................................................................................................................................................................................................................................................................................................................................................................................................................................................................................................................................................................................................................................................................................................................................................................................................................................................................................................................................................................................................................................................................................................................................................................................................................................................................................................................................................................................................................................................................................................................................................................................................................................................................................................................................................................................................................................................................................................................................................................................................................................................................................................................................................................................................................................................................................................................................................................................................................................................................................................................................................................................................................................................................................................................................................................................................................................................................................................................................................................................................................................................................................................................................................................................................................................................................................................................................................................................................................................................................................................................................................................................................................................................................................................................................................................................................................................................................................................................................................................................................................................................................................................................................................................................................................................................................................................................................................................................................................................................................................................................................................................................................................................................................................................................................................................................................................................................................................................................................................................................................................................................................................................................................................................................................................................................................................................................................................................................................................................................................................................................................................................................................................................................................................................................................................................................................................................................................................................................................................................................................................................................................................................................................................................................................................................................................................................................................................................................................................................................................................................................................................................................................................................................................................................................................................................................................................................................................................................................................................................................................................................................................................................................................................................................................................................................................................................................................................................................................................................................................................................................................................................................................................................................................................................................................................................................................................................................................................................................................................................................................................................................................................................................................................................................................................................................................................................................................................................................................................................................................................................................................................................................................................................................................................................................................................................................................................................................................................................................................................................................................................................................................................................................................................................................................................................................................................................................................................................................................................................................................................................................................................................................................................................................................................................................................................................................................................................................................................................................................................................................................................................................................................................................................................................................................................................................................................................................................................................................................................................................................................................................................................................................................................................................................................................................................................................................................................................................................................................................................................................................................................................................................................................................................................................................................................................................................................................................................................................................................................................................................................................................................................................................................................................................................................................................................................................................................................................................................................................................................................................................................................................................................................................................................................................................................................................................................................................................................................................................................................................................................................................................................................................................................................................................................................................................................................................................................................................................................................................................................................................................................................................................................................................................................................................................................................................................................................................................................................................................................................................................................................................................................................................................................................................................................................................................................................................................................................................................................................................................................................................................................................................................................................................................................................................................................................................................................................................................................................................................................................................................................................................................................................................................................................................................................................................................................................................................................................................................................................................................................................................................................................................................................................................................................................................................................................................................................................................................................................................................................................................................................................................................................................................................................................................................................................................................................................................................................................................................................................................................................................................................................................................................................................................................................................................................................................................................................................................................................................................................................................................................................................................................................................................................................................................................................................................................................................................................................................................................................................................................................................................................................................................................................................................................................................................................................................................................................................................................................................................................................................................................................................................................................................................................................................................................................................................................................................................................................................................................................................................................................................................................................................................................................................................................................2 ms. Memory: 152576K Free: 121134K (79%)
3 ms. Memory: 152576K Free: 120620K (79%)
1 ms. Memory: 152576K Free: 119582K (78%)
1 ms. Memory: 152576K Free: 119086K (78%)
2 ms. Memory: 152576K Free: 118566K (78%)
/home/travis/build/icyphy/ptII/ptolemy/actor/lib/test/IIR.tcl
/home/travis/build/icyphy/ptII/ptolemy/actor/lib/test/Interpolator.tcl
5 ms. Memory: 152576K Free: 114990K (75%)
2 ms. Memory: 152576K Free: 114476K (75%)
2 ms. Memory: 152576K Free: 113966K (75%)
2 ms. Memory: 152576K Free: 112942K (74%)
3 ms. Memory: 152576K Free: 112414K (74%)
2 ms. Memory: 152576K Free: 111404K (73%)
3 ms. Memory: 152576K Free: 110380K (72%)
3 ms. Memory: 152576K Free: 109870K (72%)
3 ms. Memory: 152576K Free: 108846K (71%)
2 ms. Memory: 152576K Free: 107822K (71%)
/home/travis/build/icyphy/ptII/ptolemy/actor/lib/test/MathFunction.tcl
11 ms. Memory: 152576K Free: 105774K (69%)
3 ms. Memory: 152576K Free: 104750K (69%)
3 ms. Memory: 152576K Free: 103726K (68%)
3 ms. Memory: 152576K Free: 102702K (67%)
4 ms. Memory: 152576K Free: 101678K (67%)
8 ms. Memory: 152576K Free: 99630K (65%)
/home/travis/build/icyphy/ptII/ptolemy/actor/lib/test/Maximum.tcl
11 ms. Memory: 152576K Free: 97582K (64%)
3 ms. Memory: 152576K Free: 97054K (64%)
3 ms. Memory: 152576K Free: 96558K (63%)
2 ms. Memory: 152576K Free: 95534K (63%)
/home/travis/build/icyphy/ptII/ptolemy/actor/lib/test/Minimum.tcl
8 ms. Memory: 152576K Free: 93982K (62%)
5 ms. Memory: 152576K Free: 93486K (61%)
5 ms. Memory: 152576K Free: 92972K (61%)
4 ms. Memory: 152576K Free: 91948K (60%)
/home/travis/build/icyphy/ptII/ptolemy/actor/lib/test/MultiplyDivide.tcl
13 ms. Memory: 152576K Free: 90382K (59%)
10 ms. Memory: 152576K Free: 89390K (59%)
3 ms. Memory: 152576K Free: 88870K (58%)
11 ms. Memory: 152576K Free: 87846K (58%)
6 ms. Memory: 152576K Free: 87342K (57%)
/home/travis/build/icyphy/ptII/ptolemy/actor/lib/test/OrderedMerge.tcl
Connections changed on port: inputA
Connections changed on port: inputB
Connections changed on port: output
Connections changed on port: output
Connections changed on port: output
Connections changed on port: input
.top. Preinitializing ...
Invoking preinitialize():  .top.OrderedMerge
Called preinitialize()
Invoking preinitialize():  .top.Ramp
Called preinitialize()
Invoking preinitialize():  .top.Ramp2
Called preinitialize()
Invoking preinitialize():  .top.Test
Called preinitialize()
Connections changed on port: inputA
Connections changed on port: output
Connections changed on port: output
Connections changed on port: input
Connections changed on port: inputB
Connections changed on port: output
.top. Finished preinitialize().
Called initialize().
Invoking initialize():  .top.OrderedMerge
Initializing actor: .top.OrderedMerge
Adding a thread: .top.OrderedMerge
Invoking initialize():  .top.Ramp
Initializing actor: .top.Ramp
Adding a thread: .top.Ramp
Invoking initialize():  .top.Ramp2
Initializing actor: .top.Ramp2
Adding a thread: .top.Ramp2
Invoking initialize():  .top.Test
Initializing actor: .top.Test
Adding a thread: .top.Test
Called fire().
Checking for deadlock:
-- Starting thread.
Called initialize()
Called prefire()
Called fire()
-- Starting thread.
Called initialize()
-- Starting thread.
Called initialize()
-- Starting thread.
Called initialize()
Called prefire()
Called prefire()
Called fire()
Called fire()
Called prefire()
Called fire()
There are 0 Blocked actors, 0 Stopped actors, and 4 active threads.
Waiting for actors to stop.
Called postfire()
Called prefire()
Called fire()
Called postfire()
Called prefire()
Called fire()
Called postfire()
Called prefire()
Called fire()
Checking for deadlock:
Read input token from inputA with value 0.0
Next port to read input from is inputB
Called postfire()
Called prefire()
Called fire()
There are 3 Blocked actors, 0 Stopped actors, and 4 active threads.
Waiting for actors to stop.
Called postfire()
Read input token from inputB with value 0.0
Called prefire()
Called fire()
Sent output token with value 0.0
Next port to read input from is inputA
Called postfire()
Called prefire()
Called fire()
Read input token from inputA with value 1.0
-- Read input: 0.0, which is expected to match: 0.0
Sent output token with value 0.0
Called prefire()
Called fire()
Next port to read input from is inputB
Called postfire()
Called prefire()
Called fire()
Checking for deadlock:
There are 1 Blocked actors, 0 Stopped actors, and 4 active threads.
Waiting for actors to stop.
Called postfire()
Called prefire()
Called fire()
Called postfire()
Called prefire()
Called fire()
-- Read input: 0.0, which is expected to match: 0.0
Called prefire()
Called fire()
Read input token from inputB with value 1.5
Sent output token with value 1.0
Next port to read input from is inputA
Called postfire()
Called prefire()
Called fire()
Read input token from inputA with value 2.0
Checking for deadlock:
There are 2 Blocked actors, 0 Stopped actors, and 4 active threads.
Waiting for actors to stop.
-- Read input: 1.0, which is expected to match: 1.0
Called prefire()
Called fire()
Called postfire()
Called prefire()
Called fire()
Checking for deadlock:
There are 3 Blocked actors, 0 Stopped actors, and 4 active threads.
Waiting for actors to stop.
-- Read input: 1.5, which is expected to match: 1.5
Called prefire()
Called fire()
Sent output token with value 1.5
Next port to read input from is inputB
Called postfire()
Called prefire()
Called fire()
Read input token from inputB with value 3.0
Sent output token with value 2.0
Next port to read input from is inputA
Called postfire()
Called prefire()
Called fire()
Read input token from inputA with value 3.0
Checking for deadlock:
There are 1 Blocked actors, 0 Stopped actors, and 4 active threads.
Waiting for actors to stop.
-- Read input: 2.0, which is expected to match: 2.0
Called prefire()
Called fire()
Called postfire()
Called postfire()
Called prefire()
Called prefire()
Called fire()
Called fire()
Checking for deadlock:
There are 2 Blocked actors, 0 Stopped actors, and 4 active threads.
Waiting for actors to stop.
Sent output token with value 3.0
Next port to read input from is inputB
Called postfire()
Called prefire()
Called fire()
Read input token from inputB with value 4.5
Checking for deadlock:
There are 2 Blocked actors, 0 Stopped actors, and 4 active threads.
Waiting for actors to stop.
Called postfire()
-- Read input: 3.0, which is expected to match: 3.0
Called prefire()
Called fire()
Called prefire()
Called fire()
Checking for deadlock:
There are 3 Blocked actors, 0 Stopped actors, and 4 active threads.
Waiting for actors to stop.
-- Read input: 3.0, which is expected to match: 3.0
Called prefire()
Called fire()
Sent output token with value 3.0
Next port to read input from is inputA
Called postfire()
Called prefire()
Called fire()
Read input token from inputA with value 4.0
Sent output token with value 4.0
Next port to read input from is inputA
Called postfire()
Called prefire()
Called fire()
Checking for deadlock:
There are 2 Blocked actors, 0 Stopped actors, and 4 active threads.
Waiting for actors to stop.
Called postfire()
Called prefire()
Called fire()
-- Read input: 4.0, which is expected to match: 4.0
Called prefire()
Called fire()
Past the end of training data. Read and discard all inputs.
Checking for deadlock:
There are 3 Blocked actors, 0 Stopped actors, and 4 active threads.
Waiting for actors to stop.
Called postfire()
Called prefire()
Called fire()
Checking for deadlock:
There are 3 Blocked actors, 0 Stopped actors, and 4 active threads.
Waiting for actors to stop.
Read input token from inputA with value 5.0
Called prefire()
Called fire()
Past the end of training data. Read and discard all inputs.
Checking for deadlock:
There are 3 Blocked actors, 0 Stopped actors, and 4 active threads.
Waiting for actors to stop.
Sent output token with value 4.5
Next port to read input from is inputB
Called postfire()
Called prefire()
Called fire()
Called postfire()
Called prefire()
Called fire()
Checking for deadlock:
There are 3 Blocked actors, 0 Stopped actors, and 4 active threads.
Waiting for actors to stop.
Read input token from inputB with value 6.0
Called prefire()
Called fire()
Past the end of training data. Read and discard all inputs.
Checking for deadlock:
There are 3 Blocked actors, 0 Stopped actors, and 4 active threads.
Waiting for actors to stop.
Sent output token with value 5.0
Next port to read input from is inputA
Called postfire()
Called prefire()
Called fire()
Checking for deadlock:
There are 2 Blocked actors, 0 Stopped actors, and 4 active threads.
Waiting for actors to stop.
Called postfire()
Called prefire()
Called fire()
Checking for deadlock:
There are 3 Blocked actors, 0 Stopped actors, and 4 active threads.
Waiting for actors to stop.
Read input token from inputA with value 6.0
Checking for deadlock:
There are 2 Blocked actors, 0 Stopped actors, and 4 active threads.
Waiting for actors to stop.
Called prefire()
Called fire()
Past the end of training data. Read and discard all inputs.
Checking for deadlock:
There are 3 Blocked actors, 0 Stopped actors, and 4 active threads.
Waiting for actors to stop.
Sent output token with value 6.0
Next port to read input from is inputB
Called postfire()
Called prefire()
Called fire()
Called postfire()
Called prefire()
Called fire()
Checking for deadlock:
There are 3 Blocked actors, 0 Stopped actors, and 4 active threads.
Waiting for actors to stop.
Read input token from inputB with value 7.5
Called prefire()
Called fire()
Past the end of training data. Read and discard all inputs.
Checking for deadlock:
There are 3 Blocked actors, 0 Stopped actors, and 4 active threads.
Waiting for actors to stop.
Sent output token with value 6.0
Next port to read input from is inputA
Called postfire()
Called prefire()
Called fire()
Checking for deadlock:
There are 2 Blocked actors, 0 Stopped actors, and 4 active threads.
Waiting for actors to stop.
Called postfire()
Called prefire()
Called fire()
Checking for deadlock:
There are 3 Blocked actors, 0 Stopped actors, and 4 active threads.
Waiting for actors to stop.
Read input token from inputA with value 7.0
Checking for deadlock:
There are 2 Blocked actors, 0 Stopped actors, and 4 active threads.
Waiting for actors to stop.
Called prefire()
Called fire()
Past the end of training data. Read and discard all inputs.
Checking for deadlock:
There are 3 Blocked actors, 0 Stopped actors, and 4 active threads.
Waiting for actors to stop.
Sent output token with value 7.0
Next port to read input from is inputA
Called postfire()
Called prefire()
Called fire()
Checking for deadlock:
There are 2 Blocked actors, 0 Stopped actors, and 4 active threads.
Waiting for actors to stop.
-- Thread wrapup() called.
Called wrapup()
Thread .top.Ramp is exiting.
-- Thread stopped.
Checking for deadlock:
There are 2 Blocked actors, 0 Stopped actors, and 3 active threads.
Waiting for actors to stop.
Read input token from inputA with value 8.0
Called prefire()
Called fire()
Past the end of training data. Read and discard all inputs.
Checking for deadlock:
There are 2 Blocked actors, 0 Stopped actors, and 3 active threads.
Waiting for actors to stop.
Sent output token with value 7.5
Next port to read input from is inputB
Called postfire()
Called prefire()
Called fire()
Checking for deadlock:
There are 1 Blocked actors, 0 Stopped actors, and 3 active threads.
Waiting for actors to stop.
Called postfire()
Called prefire()
Called fire()
Checking for deadlock:
There are 2 Blocked actors, 0 Stopped actors, and 3 active threads.
Waiting for actors to stop.
Read input token from inputB with value 9.0
Checking for deadlock:
There are 1 Blocked actors, 0 Stopped actors, and 3 active threads.
Waiting for actors to stop.
Called prefire()
Called fire()
Past the end of training data. Read and discard all inputs.
Checking for deadlock:
There are 2 Blocked actors, 0 Stopped actors, and 3 active threads.
Waiting for actors to stop.
Sent output token with value 8.0
Next port to read input from is inputA
Called postfire()
Called prefire()
Called fire()
Read input token from inputA with value 9.0
Called prefire()
Called fire()
Past the end of training data. Read and discard all inputs.
Checking for deadlock:
There are 2 Blocked actors, 0 Stopped actors, and 3 active threads.
Waiting for actors to stop.
Sent output token with value 9.0
Next port to read input from is inputB
Called postfire()
Called prefire()
Called fire()
Called postfire()
Called prefire()
Called fire()
Checking for deadlock:
There are 2 Blocked actors, 0 Stopped actors, and 3 active threads.
Waiting for actors to stop.
Read input token from inputB with value 10.5
Called prefire()
Called fire()
Past the end of training data. Read and discard all inputs.
Checking for deadlock:
There are 2 Blocked actors, 0 Stopped actors, and 3 active threads.
Waiting for actors to stop.
Sent output token with value 9.0
Next port to read input from is inputA
Called postfire()
Called prefire()
Called fire()
Checking for deadlock:
There are 3 Blocked actors, 0 Stopped actors, and 3 active threads.
Actors have stopped.
Checking for deadlock:
There are 3 Blocked actors, 0 Stopped actors, and 3 active threads.
Deadlock detected.
Resolving Deadlock
Checking for deadlock:
There are 3 Blocked actors, 0 Stopped actors, and 3 active threads.
Artificial Deadlock - increasing queue capacity.
increasing the capacity of receiver ptolemy.actor.TypedIOPort {.top.OrderedMerge.inputB} to 2
-- Thread wrapup() called.
Called wrapup()
Thread .top.Ramp2 is exiting.
-- Thread stopped.
Director: Called postfire().
Called postfire().
_stopRequested = false
_stopFireRequested = false
Returning from postfire(): true
Called fire().
Checking for deadlock:
There are 2 Blocked actors, 0 Stopped actors, and 2 active threads.
Actors have stopped.
Checking for deadlock:
There are 2 Blocked actors, 0 Stopped actors, and 2 active threads.
Deadlock detected.
Resolving Deadlock
Checking for deadlock:
There are 2 Blocked actors, 0 Stopped actors, and 2 active threads.
Deadlock detected: no processes blocked on write, but some are blocked on read.
Called postfire().
_stopRequested = false
_stopFireRequested = false
Returning from postfire(): false
Finished deactivating branches.
Called wrapup().
-- Thread wrapup() called.
Called wrapup()
Thread .top.Test is exiting.
-- Thread stopped.
-- Blocked Receiver call threw TerminateProcessException.
-- Thread wrapup() called.
Called wrapup()
Thread .top.OrderedMerge is exiting.
-- Thread stopped.
-- Blocked Receiver call threw TerminateProcessException.
66 ms. Memory: 152576K Free: 82222K (54%)
.top. Preinitializing ...
Invoking preinitialize():  .top.OrderedMerge
Called preinitialize()
Invoking preinitialize():  .top.Ramp
Called preinitialize()
Invoking preinitialize():  .top.Ramp2
Called preinitialize()
Invoking preinitialize():  .top.Test
Called preinitialize()
.top. Finished preinitialize().
Called initialize().
Invoking initialize():  .top.OrderedMerge
Initializing actor: .top.OrderedMerge
Adding a thread: .top.OrderedMerge
Invoking initialize():  .top.Ramp
Initializing actor: .top.Ramp
Adding a thread: .top.Ramp
Invoking initialize():  .top.Ramp2
Initializing actor: .top.Ramp2
Adding a thread: .top.Ramp2
Invoking initialize():  .top.Test
Initializing actor: .top.Test
Adding a thread: .top.Test
-- Starting thread.
Called initialize()
Called prefire()
Called fire()
-- Starting thread.
Called initialize()
Called prefire()
Called fire()
Called postfire()
Called prefire()
Called fire()
-- Starting thread.
Called initialize()
Called prefire()
Called fire()
Called postfire()
Called prefire()
Called fire()
Called fire().
Checking for deadlock:
There are 3 Blocked actors, 0 Stopped actors, and 4 active threads.
Waiting for actors to stop.
-- Starting thread.
Called initialize()
Called prefire()
Called fire()
Read input token from inputA with value 0.0
Next port to read input from is inputB
Called postfire()
Called prefire()
Called fire()
Read input token from inputB with value 0.0
Sent output token with value 0.0
Next port to read input from is inputA
Called postfire()
Called prefire()
Called fire()
Checking for deadlock:
There are 1 Blocked actors, 0 Stopped actors, and 4 active threads.
Waiting for actors to stop.
-- Read input: 0.0, which is expected to match: 0.0
Called prefire()
Called fire()
Checking for deadlock:
There are 2 Blocked actors, 0 Stopped actors, and 4 active threads.
Waiting for actors to stop.
Checking for deadlock:
There are 1 Blocked actors, 0 Stopped actors, and 4 active threads.
Waiting for actors to stop.
Called postfire()
Called prefire()
Called fire()
Checking for deadlock:
There are 2 Blocked actors, 0 Stopped actors, and 4 active threads.
Waiting for actors to stop.
Read input token from inputA with value 1.0
Checking for deadlock:
There are 1 Blocked actors, 0 Stopped actors, and 4 active threads.
Waiting for actors to stop.
Sent output token with value 0.0
-- Read input: 0.0, which is expected to match: 0.0
Called prefire()
Called fire()
Checking for deadlock:
There are 2 Blocked actors, 0 Stopped actors, and 4 active threads.
Waiting for actors to stop.
Next port to read input from is inputB
Called postfire()
Called prefire()
Called fire()
Checking for deadlock:
There are 1 Blocked actors, 0 Stopped actors, and 4 active threads.
Waiting for actors to stop.
Called postfire()
Called prefire()
Called fire()
Checking for deadlock:
There are 2 Blocked actors, 0 Stopped actors, and 4 active threads.
Waiting for actors to stop.
Read input token from inputB with value 1.5
Checking for deadlock:
There are 1 Blocked actors, 0 Stopped actors, and 4 active threads.
Waiting for actors to stop.
Sent output token with value 1.0
-- Read input: 1.0, which is expected to match: 1.0
Called prefire()
Called fire()
Checking for deadlock:
There are 2 Blocked actors, 0 Stopped actors, and 4 active threads.
Waiting for actors to stop.
Next port to read input from is inputA
Called postfire()
Called prefire()
Called fire()
Checking for deadlock:
There are 3 Blocked actors, 0 Stopped actors, and 4 active threads.
Waiting for actors to stop.
Called postfire()
Called prefire()
Called fire()
Called postfire()
Called prefire()
Called fire()
Checking for deadlock:
There are 3 Blocked actors, 0 Stopped actors, and 4 active threads.
Waiting for actors to stop.
Checking for deadlock:
There are 2 Blocked actors, 0 Stopped actors, and 4 active threads.
Waiting for actors to stop.
Read input token from inputA with value 2.0
Sent output token with value 1.5
Next port to read input from is inputB
Called postfire()
Called prefire()
Called fire()
Read input token from inputB with value 3.0
Checking for deadlock:
There are 1 Blocked actors, 0 Stopped actors, and 4 active threads.
Waiting for actors to stop.
-- Read input: 1.5, which is expected to match: 1.5
Called prefire()
Called fire()
Checking for deadlock:
There are 1 Blocked actors, 0 Stopped actors, and 4 active threads.
Waiting for actors to stop.
Sent output token with value 2.0
Next port to read input from is inputA
Called postfire()
Called prefire()
Called fire()
Called postfire()
Called prefire()
Called fire()
Checking for deadlock:
There are 0 Blocked actors, 0 Stopped actors, and 4 active threads.
Waiting for actors to stop.
-- Read input: 2.0, which is expected to match: 2.0
Called prefire()
Called fire()
Checking for deadlock:
Called postfire()
Called prefire()
Called fire()
Read input token from inputA with value 3.0
There are 1 Blocked actors, 0 Stopped actors, and 4 active threads.
Waiting for actors to stop.
Called postfire()
Called prefire()
Called fire()
Sent output token with value 3.0
Next port to read input from is inputB
Called postfire()
Called prefire()
Called fire()
Read input token from inputB with value 4.5
Checking for deadlock:
There are 2 Blocked actors, 0 Stopped actors, and 4 active threads.
Waiting for actors to stop.
-- Read input: 3.0, which is expected to match: 3.0
Called prefire()
Called fire()
Checking for deadlock:
There are 2 Blocked actors, 0 Stopped actors, and 4 active threads.
Waiting for actors to stop.
Sent output token with value 3.0
Next port to read input from is inputA
Called postfire()
Called prefire()
Called fire()
Read input token from inputA with value 4.0
Called postfire()
Called prefire()
Called fire()
Checking for deadlock:
There are 2 Blocked actors, 0 Stopped actors, and 4 active threads.
Waiting for actors to stop.
-- Read input: 3.0, which is expected to match: 3.0
Called prefire()
Called fire()
Called postfire()
Called prefire()
Called fire()
Sent output token with value 4.0
Next port to read input from is inputA
Called postfire()
Called prefire()
Called fire()
Read input token from inputA with value 5.0
Checking for deadlock:
There are 1 Blocked actors, 0 Stopped actors, and 4 active threads.
Waiting for actors to stop.
-- Read input: 4.0, which is expected to match: 4.0
Called prefire()
Called fire()
Past the end of training data. Read and discard all inputs.
Checking for deadlock:
There are 2 Blocked actors, 0 Stopped actors, and 4 active threads.
Waiting for actors to stop.
Sent output token with value 4.5
Next port to read input from is inputB
Called postfire()
Called prefire()
Called fire()
Read input token from inputB with value 6.0
Checking for deadlock:
There are 1 Blocked actors, 0 Stopped actors, and 4 active threads.
Waiting for actors to stop.
Called prefire()
Called fire()
Past the end of training data. Read and discard all inputs.
Checking for deadlock:
Called postfire()
There are 1 Blocked actors, 0 Stopped actors, and 4 active threads.
Called prefire()
Waiting for actors to stop.
Called fire()
Sent output token with value 5.0
Next port to read input from is inputA
Called postfire()
Called prefire()
Called fire()
Called postfire()
Called prefire()
Called fire()
Read input token from inputA with value 6.0
Checking for deadlock:
There are 2 Blocked actors, 0 Stopped actors, and 4 active threads.
Waiting for actors to stop.
Called prefire()
Called fire()
Past the end of training data. Read and discard all inputs.
Checking for deadlock:
There are 2 Blocked actors, 0 Stopped actors, and 4 active threads.
Waiting for actors to stop.
Sent output token with value 6.0
Next port to read input from is inputB
Called postfire()
Called prefire()
Called fire()
Read input token from inputB with value 7.5
Checking for deadlock:
Called postfire()
There are 1 Blocked actors, 0 Stopped actors, and 4 active threads.
Called prefire()
Waiting for actors to stop.
Called fire()
Called postfire()
Called prefire()
Called fire()
Called prefire()
Called fire()
Past the end of training data. Read and discard all inputs.
Checking for deadlock:
There are 3 Blocked actors, 0 Stopped actors, and 4 active threads.
Waiting for actors to stop.
Sent output token with value 6.0
Next port to read input from is inputA
Called postfire()
Called prefire()
Called fire()
Read input token from inputA with value 7.0
Called postfire()
Called prefire()
Called fire()
Checking for deadlock:
There are 3 Blocked actors, 0 Stopped actors, and 4 active threads.
Waiting for actors to stop.
Called prefire()
Called fire()
Past the end of training data. Read and discard all inputs.
Sent output token with value 7.0
Next port to read input from is inputA
Called postfire()
Called prefire()
Called fire()
Read input token from inputA with value 8.0
Checking for deadlock:
Called prefire()
There are 1 Blocked actors, 0 Stopped actors, and 4 active threads.
Waiting for actors to stop.
Called fire()
Past the end of training data. Read and discard all inputs.
Checking for deadlock:
There are 2 Blocked actors, 0 Stopped actors, and 4 active threads.
Waiting for actors to stop.
Sent output token with value 7.5
Next port to read input from is inputB
Called postfire()
Called prefire()
Called fire()
Read input token from inputB with value 9.0
Checking for deadlock:
-- Thread wrapup() called.
There are 1 Blocked actors, 0 Stopped actors, and 4 active threads.
Called wrapup()
Waiting for actors to stop.
Thread .top.Ramp is exiting.
-- Thread stopped.
Called postfire()
Called prefire()
Called fire()
Checking for deadlock:
Called prefire()
There are 1 Blocked actors, 0 Stopped actors, and 3 active threads.
Waiting for actors to stop.
Called fire()
Past the end of training data. Read and discard all inputs.
Checking for deadlock:
There are 2 Blocked actors, 0 Stopped actors, and 3 active threads.
Waiting for actors to stop.
Sent output token with value 8.0
Next port to read input from is inputA
Called postfire()
Called prefire()
Called fire()
Read input token from inputA with value 9.0
Called prefire()
Called fire()
Past the end of training data. Read and discard all inputs.
Checking for deadlock:
There are 2 Blocked actors, 0 Stopped actors, and 3 active threads.
Waiting for actors to stop.
Sent output token with value 9.0
Next port to read input from is inputB
Called postfire()
Called prefire()
Called fire()
Read input token from inputB with value 10.5
Called prefire()
Called fire()
Past the end of training data. Read and discard all inputs.
Checking for deadlock:
There are 1 Blocked actors, 0 Stopped actors, and 3 active threads.
Waiting for actors to stop.
Called postfire()
Called prefire()
Called fire()
Checking for deadlock:
There are 2 Blocked actors, 0 Stopped actors, and 3 active threads.
Waiting for actors to stop.
Sent output token with value 9.0
Next port to read input from is inputA
Called postfire()
Called prefire()
Called fire()
Checking for deadlock:
Called prefire()
Called fire()
There are 2 Blocked actors, 0 Stopped actors, and 3 active threads.
Past the end of training data. Read and discard all inputs.
Waiting for actors to stop.
Checking for deadlock:
There are 3 Blocked actors, 0 Stopped actors, and 3 active threads.
Actors have stopped.
Checking for deadlock:
There are 3 Blocked actors, 0 Stopped actors, and 3 active threads.
Deadlock detected.
Resolving Deadlock
Checking for deadlock:
There are 3 Blocked actors, 0 Stopped actors, and 3 active threads.
Artificial Deadlock - increasing queue capacity.
increasing the capacity of receiver ptolemy.actor.TypedIOPort {.top.OrderedMerge.inputB} to 2
Director: Called postfire().
-- Thread wrapup() called.
Called postfire().
Called wrapup()
_stopRequested = false
_stopFireRequested = false
Returning from postfire(): true
Thread .top.Ramp2 is exiting.
-- Thread stopped.
Called fire().
Checking for deadlock:
There are 2 Blocked actors, 0 Stopped actors, and 2 active threads.
Actors have stopped.
Checking for deadlock:
There are 2 Blocked actors, 0 Stopped actors, and 2 active threads.
Deadlock detected.
Resolving Deadlock
Checking for deadlock:
There are 2 Blocked actors, 0 Stopped actors, and 2 active threads.
Deadlock detected: no processes blocked on write, but some are blocked on read.
Called postfire().
_stopRequested = false
_stopFireRequested = false
Returning from postfire(): false
Finished deactivating branches.
Called wrapup().
-- Thread wrapup() called.
Called wrapup()
Thread .top.OrderedMerge is exiting.
-- Thread stopped.
-- Blocked Receiver call threw TerminateProcessException.
-- Thread wrapup() called.
Called wrapup()
Thread .top.Test is exiting.
-- Thread stopped.
-- Blocked Receiver call threw TerminateProcessException.
44 ms. Memory: 152576K Free: 80174K (53%)
/home/travis/build/icyphy/ptII/ptolemy/actor/lib/test/Publisher.tcl
16 ms. Memory: 152576K Free: 74030K (49%)
12 ms. Memory: 152576K Free: 134733K (88%)
3 ms. Memory: 152576K Free: 131151K (86%)
7 ms. Memory: 152576K Free: 130127K (85%)
29 ms. Memory: 152576K Free: 136882K (90%)
10 ms. Memory: 152576K Free: 135936K (89%)
3 ms. Memory: 152576K Free: 135433K (89%)
11 ms. Memory: 152576K Free: 134409K (88%)
24 ms. Memory: 152576K Free: 124679K (82%)
10 ms. Memory: 152576K Free: 120583K (79%)
3 ms. Memory: 152576K Free: 120073K (79%)
7 ms. Memory: 152576K Free: 118025K (77%)
7 ms. Memory: 152576K Free: 110343K (72%)
7 ms. Memory: 152576K Free: 100617K (66%)
6 ms. Memory: 152576K Free: 89863K (59%)
/home/travis/build/icyphy/ptII/ptolemy/actor/lib/test/Pulse.tcl
11 ms. Memory: 183296K Free: 155007K (85%)
1 ms. Memory: 183296K Free: 154511K (84%)
2 ms. Memory: 183296K Free: 153997K (84%)
2 ms. Memory: 183296K Free: 153487K (84%)
4 ms. Memory: 183296K Free: 152973K (83%)
6 ms. Memory: 183296K Free: 151935K (83%)
2 ms. Memory: 183296K Free: 150911K (82%)
9 ms. Memory: 183296K Free: 149901K (82%)
2 ms. Memory: 183296K Free: 149391K (82%)
/home/travis/build/icyphy/ptII/ptolemy/actor/lib/test/Ramp.tcl
12 ms. Memory: 183296K Free: 147341K (80%)
9 ms. Memory: 183296K Free: 146829K (80%)
2 ms. Memory: 183296K Free: 145791K (80%)
2 ms. Memory: 183296K Free: 145295K (79%)
7 ms. Memory: 183296K Free: 144271K (79%)
15 ms. Memory: 183296K Free: 143757K (78%)
11 ms. Memory: 183296K Free: 142719K (78%)
5 actors
7000 microseconds per iteration to create
12 ms. Memory: 183296K Free: 139661K (76%)
10 ms. Memory: 183296K Free: 139151K (76%)
3 ms. Memory: 183296K Free: 138623K (76%)
2 ms. Memory: 183296K Free: 138127K (75%)
50 actors
45000 microseconds per iteration to create
46 ms. Memory: 183296K Free: 122253K (67%)
17 ms. Memory: 183296K Free: 121215K (66%)
6 ms. Memory: 183296K Free: 120191K (66%)
15 ms. Memory: 183296K Free: 119167K (65%)
500 actors
1697000 microseconds per iteration to create
295 ms. Memory: 183296K Free: 145128K (79%)
61 ms. Memory: 183296K Free: 140039K (76%)
50 ms. Memory: 183296K Free: 134409K (73%)
37 ms. Memory: 183296K Free: 129289K (71%)
/home/travis/build/icyphy/ptII/ptolemy/actor/lib/test/RampContinuous.tcl
8 ms. Memory: 183296K Free: 127751K (70%)
/home/travis/build/icyphy/ptII/ptolemy/actor/lib/test/RecordAssembler.tcl
5 ms. Memory: 183296K Free: 126217K (69%)
3 ms. Memory: 183296K Free: 125193K (68%)
/home/travis/build/icyphy/ptII/ptolemy/actor/lib/test/RecordDisassembler.tcl
6 ms. Memory: 183296K Free: 123640K (67%)
2 ms. Memory: 183296K Free: 123145K (67%)
4 ms. Memory: 183296K Free: 121607K (66%)
/home/travis/build/icyphy/ptII/ptolemy/actor/lib/test/Scale.tcl
3 ms. Memory: 183296K Free: 120073K (66%)
2 ms. Memory: 183296K Free: 119049K (65%)
1 ms. Memory: 183296K Free: 118528K (65%)
2 ms. Memory: 183296K Free: 117496K (64%)
3 ms. Memory: 183296K Free: 116487K (64%)
/home/travis/build/icyphy/ptII/ptolemy/actor/lib/test/SequentialClock.tcl
preinitializing
resolving types
initializing
executing number 1
wrapping up
idle
3 ms. Memory: 183296K Free: 115432K (63%)
Completed execution with 5 iterations
preinitializing
resolving types
initializing
executing number 1
wrapping up
idle
1 ms. Memory: 183296K Free: 114953K (63%)
Completed execution with 5 iterations
preinitializing
resolving types
initializing
executing number 1
wrapping up
idle
1 ms. Memory: 183296K Free: 114424K (62%)
Completed execution with 5 iterations
/home/travis/build/icyphy/ptII/ptolemy/actor/lib/test/SetVariable.tcl
4 ms. Memory: 183296K Free: 112391K (61%)


==== $PTII/ptolemy/actor/lib/test/SetVariable.tcl: SetVariable-3.1 changeFailed
==== Contents of test case:

    #Uses 2.1 above
    jdkCaptureErr {
        # This test was failing if we ran Exit.tcl and then this test.
        # MessageHandler.error() now actually throws the Exception.
	catch {$setVariable changeFailed [java::null]  [java::new Exception {Test exception for SetVariable.changeFailed()}]} errMsg
    } results
    list [string range $results 0 89] "\n" $errMsg

==== Result was:
{java.lang.Exception: Test exception for SetVariable.changeFailed()
	at java.base/jdk.inter} {
} {java.lang.RuntimeException: java.lang.Exception: Test exception for SetVariable.changeFailed()}
---- Result should have been:
{Failed to set variable.
java.lang.Exception: Test exception for SetVariable.changeFailed()} {
} {java.lang.RuntimeException: java.lang.Exception: Test exception for SetVariable.changeFailed()}
---- SetVariable-3.1 FAILED
/home/travis/build/icyphy/ptII/ptolemy/actor/lib/test/Sinewave.tcl
/home/travis/build/icyphy/ptII/ptolemy/actor/lib/test/SubscriptionAggregator.tcl
6 ms. Memory: 183296K Free: 100617K (55%)
3 ms. Memory: 183296K Free: 100096K (55%)
0 ms. Memory: 183296K Free: 99593K (54%)
1 ms. Memory: 183296K Free: 99079K (54%)
2 ms. Memory: 183296K Free: 95497K (52%)
9 ms. Memory: 183296K Free: 93449K (51%)
...............................................................1330 ms. Memory: 230400K Free: 179360K (78%)
/home/travis/build/icyphy/ptII/ptolemy/actor/lib/test/Test.tcl
 The next command will produce a warning about training mode,
   which may be ignored.
11 ms. Memory: 230400K Free: 177288K (77%)
4 ms. Memory: 230400K Free: 176295K (77%)
2 ms. Memory: 230400K Free: 175785K (76%)
16 ms. Memory: 230400K Free: 175271K (76%)
2 ms. Memory: 230400K Free: 174247K (76%)
12 ms. Memory: 230400K Free: 173192K (75%)
5 ms. Memory: 230400K Free: 172199K (75%)
 The next command will produce a warning about training mode,
   which may be ignored.
5 ms. Memory: 230400K Free: 169641K (74%)
 The next command will produce a warning about training mode,
   which may be ignored.
4 ms. Memory: 230400K Free: 168617K (73%)
2 ms. Memory: 230400K Free: 168103K (73%)
1 ms. Memory: 230400K Free: 167593K (73%)
4 ms. Memory: 230400K Free: 167079K (73%)
9 ms. Memory: 230400K Free: 166055K (72%)
6 ms. Memory: 230400K Free: 161959K (70%)
/home/travis/build/icyphy/ptII/ptolemy/actor/lib/test/TestExceptionHandler.tcl
 The next command will produce a warning about training mode,
   which may be ignored.
3 ms. Memory: 230400K Free: 160935K (70%)
1 ms. Memory: 230400K Free: 160425K (70%)
1 ms. Memory: 230400K Free: 159911K (69%)
/home/travis/build/icyphy/ptII/ptolemy/actor/lib/test/UnionDisassembler.tcl
34 ms. Memory: 230400K Free: 152743K (66%)
/home/travis/build/icyphy/ptII/ptolemy/actor/lib/test/VariableClock.tcl
preinitializing
resolving types
initializing
executing number 1
wrapping up
idle
13 ms. Memory: 230400K Free: 150680K (65%)
Completed execution with 11 iterations
preinitializing
resolving types
initializing
executing number 1
wrapping up
idle
12 ms. Memory: 230400K Free: 149161K (65%)
Completed execution with 10 iterations
11/22/19 06:25:48
Failed: 1  Total Tests: 234  ((Passed: 233, Newly Passed: 0)  Known Failed: 0) /home/travis/build/icyphy/ptII/ptolemy/actor/lib/test
----------------- testing (KnownFailure) /home/travis/build/icyphy/ptII/ptolemy/actor/lib/test/auto/knownFailedTests/PublisherPortToplevelSubscriber.xml
1 ms. Memory: 230400K Free: 146089K (63%)
Known Failure: java.lang.reflect.InvocationTargetException
----------------- testing (KnownFailure) /home/travis/build/icyphy/ptII/ptolemy/actor/lib/test/auto/knownFailedTests/PublisherSubscriberPortToplevel.xml
1 ms. Memory: 230400K Free: 141993K (62%)
Known Failure: java.lang.reflect.InvocationTargetException
----------------- testing (KnownFailure) /home/travis/build/icyphy/ptII/ptolemy/actor/lib/test/auto/knownFailedTests/PublisherSubscriptionAggregatorPort.xml
1 ms. Memory: 230400K Free: 138407K (60%)
Known Failure: java.lang.reflect.InvocationTargetException
----------------- testing (KnownFailure) /home/travis/build/icyphy/ptII/ptolemy/actor/lib/test/auto/knownFailedTests/sizedarray3.xml
8 ms. Memory: 230400K Free: 134311K (58%)
Known Failure: java.lang.reflect.InvocationTargetException
No auto/linux-amd64/*.xml tests in /home/travis/build/icyphy/ptII/ptolemy/actor/lib/test
AutoTests.java: About to close Vertx.
AutoTests.java: Vertx closed.

===========================================================================================
----------------- testing Fri Nov 22 06:25:48 UTC 2019 /home/travis/build/icyphy/ptII/ptolemy/actor/lib/test/auto/AbsoluteValue.xml
----------------- Instantiating /home/travis/build/icyphy/ptII/ptolemy/actor/lib/test/auto/AbsoluteValue.xml
14 ms. Memory: 230400K Free: 111783K (49%)
----------------- Invoking toplevel() on ptolemy.moml.MoMLSimpleApplication@765a98aa
----------------- Done invoking toplevel() on ptolemy.moml.MoMLSimpleApplication@765a98aa
reloadAllAccessors: .AbsoluteValue

===========================================================================================
----------------- testing Fri Nov 22 06:25:48 UTC 2019 /home/travis/build/icyphy/ptII/ptolemy/actor/lib/test/auto/AbsoluteValue2.xml
----------------- Instantiating /home/travis/build/icyphy/ptII/ptolemy/actor/lib/test/auto/AbsoluteValue2.xml
7 ms. Memory: 230400K Free: 104615K (45%)
----------------- Invoking toplevel() on ptolemy.moml.MoMLSimpleApplication@7086903c
----------------- Done invoking toplevel() on ptolemy.moml.MoMLSimpleApplication@7086903c
reloadAllAccessors: .AbsoluteValue2

===========================================================================================
----------------- testing Fri Nov 22 06:25:48 UTC 2019 /home/travis/build/icyphy/ptII/ptolemy/actor/lib/test/auto/Accumulator.xml
----------------- Instantiating /home/travis/build/icyphy/ptII/ptolemy/actor/lib/test/auto/Accumulator.xml
7 ms. Memory: 230400K Free: 98471K (43%)
----------------- Invoking toplevel() on ptolemy.moml.MoMLSimpleApplication@8d2598d
----------------- Done invoking toplevel() on ptolemy.moml.MoMLSimpleApplication@8d2598d
reloadAllAccessors: .Accumulator

===========================================================================================
----------------- testing Fri Nov 22 06:25:48 UTC 2019 /home/travis/build/icyphy/ptII/ptolemy/actor/lib/test/auto/Accumulator2.xml
----------------- Instantiating /home/travis/build/icyphy/ptII/ptolemy/actor/lib/test/auto/Accumulator2.xml
4 ms. Memory: 230400K Free: 93351K (41%)
----------------- Invoking toplevel() on ptolemy.moml.MoMLSimpleApplication@ca778af
----------------- Done invoking toplevel() on ptolemy.moml.MoMLSimpleApplication@ca778af
reloadAllAccessors: .Accumulator2

===========================================================================================
----------------- testing Fri Nov 22 06:25:49 UTC 2019 /home/travis/build/icyphy/ptII/ptolemy/actor/lib/test/auto/Accumulator3.xml
----------------- Instantiating /home/travis/build/icyphy/ptII/ptolemy/actor/lib/test/auto/Accumulator3.xml
4 ms. Memory: 230400K Free: 88745K (39%)
----------------- Invoking toplevel() on ptolemy.moml.MoMLSimpleApplication@3e809d47
----------------- Done invoking toplevel() on ptolemy.moml.MoMLSimpleApplication@3e809d47
reloadAllAccessors: .Accumulator3

===========================================================================================
----------------- testing Fri Nov 22 06:25:49 UTC 2019 /home/travis/build/icyphy/ptII/ptolemy/actor/lib/test/auto/ArrayAppend.xml
----------------- Instantiating /home/travis/build/icyphy/ptII/ptolemy/actor/lib/test/auto/ArrayAppend.xml
20 ms. Memory: 230400K Free: 83080K (36%)
----------------- Invoking toplevel() on ptolemy.moml.MoMLSimpleApplication@1e86588
----------------- Done invoking toplevel() on ptolemy.moml.MoMLSimpleApplication@1e86588
reloadAllAccessors: .ArrayAppend

===========================================================================================
----------------- testing Fri Nov 22 06:25:49 UTC 2019 /home/travis/build/icyphy/ptII/ptolemy/actor/lib/test/auto/ArrayAppend2.xml
----------------- Instantiating /home/travis/build/icyphy/ptII/ptolemy/actor/lib/test/auto/ArrayAppend2.xml
424 ms. Memory: 456704K Free: 364030K (80%)
----------------- Invoking toplevel() on ptolemy.moml.MoMLSimpleApplication@62c6ef09
----------------- Done invoking toplevel() on ptolemy.moml.MoMLSimpleApplication@62c6ef09
reloadAllAccessors: .ArrayAppend2

===========================================================================================
----------------- testing Fri Nov 22 06:25:49 UTC 2019 /home/travis/build/icyphy/ptII/ptolemy/actor/lib/test/auto/ArrayAppend3.xml
----------------- Instantiating /home/travis/build/icyphy/ptII/ptolemy/actor/lib/test/auto/ArrayAppend3.xml
6 ms. Memory: 456704K Free: 357886K (78%)
----------------- Invoking toplevel() on ptolemy.moml.MoMLSimpleApplication@2a4c5588
----------------- Done invoking toplevel() on ptolemy.moml.MoMLSimpleApplication@2a4c5588
reloadAllAccessors: .ArrayAppend3

===========================================================================================
----------------- testing Fri Nov 22 06:25:49 UTC 2019 /home/travis/build/icyphy/ptII/ptolemy/actor/lib/test/auto/ArrayAppend4.xml
----------------- Instantiating /home/travis/build/icyphy/ptII/ptolemy/actor/lib/test/auto/ArrayAppend4.xml
5 ms. Memory: 456704K Free: 352766K (77%)
----------------- Invoking toplevel() on ptolemy.moml.MoMLSimpleApplication@5bb3da32
----------------- Done invoking toplevel() on ptolemy.moml.MoMLSimpleApplication@5bb3da32
reloadAllAccessors: .ArrayAppend4

===========================================================================================
----------------- testing Fri Nov 22 06:25:49 UTC 2019 /home/travis/build/icyphy/ptII/ptolemy/actor/lib/test/auto/ArrayAppend5.xml
----------------- Instantiating /home/travis/build/icyphy/ptII/ptolemy/actor/lib/test/auto/ArrayAppend5.xml
4 ms. Memory: 456704K Free: 347136K (76%)
----------------- Invoking toplevel() on ptolemy.moml.MoMLSimpleApplication@18f2b8f5
----------------- Done invoking toplevel() on ptolemy.moml.MoMLSimpleApplication@18f2b8f5
reloadAllAccessors: .ArrayAppend5

===========================================================================================
----------------- testing Fri Nov 22 06:25:49 UTC 2019 /home/travis/build/icyphy/ptII/ptolemy/actor/lib/test/auto/ArrayAppend6.xml
----------------- Instantiating /home/travis/build/icyphy/ptII/ptolemy/actor/lib/test/auto/ArrayAppend6.xml
5 ms. Memory: 456704K Free: 342526K (75%)
----------------- Invoking toplevel() on ptolemy.moml.MoMLSimpleApplication@535d9c54
----------------- Done invoking toplevel() on ptolemy.moml.MoMLSimpleApplication@535d9c54
reloadAllAccessors: .ArrayAppend6

===========================================================================================
----------------- testing Fri Nov 22 06:25:49 UTC 2019 /home/travis/build/icyphy/ptII/ptolemy/actor/lib/test/auto/ArrayAppendPerformanceTest.xml
----------------- Instantiating /home/travis/build/icyphy/ptII/ptolemy/actor/lib/test/auto/ArrayAppendPerformanceTest.xml
54 ms. Memory: 456704K Free: 331776K (73%)
----------------- Invoking toplevel() on ptolemy.moml.MoMLSimpleApplication@616c8bb8
----------------- Done invoking toplevel() on ptolemy.moml.MoMLSimpleApplication@616c8bb8
reloadAllAccessors: .ArrayAppendPerformanceTest

===========================================================================================
----------------- testing Fri Nov 22 06:25:49 UTC 2019 /home/travis/build/icyphy/ptII/ptolemy/actor/lib/test/auto/ArrayAppendWithEmptyInput.xml
----------------- Instantiating /home/travis/build/icyphy/ptII/ptolemy/actor/lib/test/auto/ArrayAppendWithEmptyInput.xml
25 ms. Memory: 456704K Free: 323584K (71%)
----------------- Invoking toplevel() on ptolemy.moml.MoMLSimpleApplication@299bddab
----------------- Done invoking toplevel() on ptolemy.moml.MoMLSimpleApplication@299bddab
reloadAllAccessors: .ArrayAppendWithEmptyInput

===========================================================================================
----------------- testing Fri Nov 22 06:25:49 UTC 2019 /home/travis/build/icyphy/ptII/ptolemy/actor/lib/test/auto/ArrayAverage.xml
----------------- Instantiating /home/travis/build/icyphy/ptII/ptolemy/actor/lib/test/auto/ArrayAverage.xml
8 ms. Memory: 456704K Free: 316416K (69%)
----------------- Invoking toplevel() on ptolemy.moml.MoMLSimpleApplication@68ef5aa3
----------------- Done invoking toplevel() on ptolemy.moml.MoMLSimpleApplication@68ef5aa3
reloadAllAccessors: .ArrayAverage

===========================================================================================
----------------- testing Fri Nov 22 06:25:50 UTC 2019 /home/travis/build/icyphy/ptII/ptolemy/actor/lib/test/auto/ArrayContains.xml
----------------- Instantiating /home/travis/build/icyphy/ptII/ptolemy/actor/lib/test/auto/ArrayContains.xml
4 ms. Memory: 456704K Free: 310272K (68%)
----------------- Invoking toplevel() on ptolemy.moml.MoMLSimpleApplication@dd5d956
----------------- Done invoking toplevel() on ptolemy.moml.MoMLSimpleApplication@dd5d956
reloadAllAccessors: .ArrayContains

===========================================================================================
----------------- testing Fri Nov 22 06:25:50 UTC 2019 /home/travis/build/icyphy/ptII/ptolemy/actor/lib/test/auto/ArrayElement.xml
----------------- Instantiating /home/travis/build/icyphy/ptII/ptolemy/actor/lib/test/auto/ArrayElement.xml
9 ms. Memory: 456704K Free: 305152K (67%)
----------------- Invoking toplevel() on ptolemy.moml.MoMLSimpleApplication@3dd49ca
----------------- Done invoking toplevel() on ptolemy.moml.MoMLSimpleApplication@3dd49ca
reloadAllAccessors: .ArrayElement

===========================================================================================
----------------- testing Fri Nov 22 06:25:50 UTC 2019 /home/travis/build/icyphy/ptII/ptolemy/actor/lib/test/auto/ArrayElementAsMatrix.xml
----------------- Instantiating /home/travis/build/icyphy/ptII/ptolemy/actor/lib/test/auto/ArrayElementAsMatrix.xml
21 ms. Memory: 456704K Free: 294398K (64%)
----------------- Invoking toplevel() on ptolemy.moml.MoMLSimpleApplication@21d7bc69
----------------- Done invoking toplevel() on ptolemy.moml.MoMLSimpleApplication@21d7bc69
reloadAllAccessors: .ArrayElementAsMatrix

===========================================================================================
----------------- testing Fri Nov 22 06:25:50 UTC 2019 /home/travis/build/icyphy/ptII/ptolemy/actor/lib/test/auto/ArrayElementI.xml
----------------- Instantiating /home/travis/build/icyphy/ptII/ptolemy/actor/lib/test/auto/ArrayElementI.xml
5 ms. Memory: 456704K Free: 289263K (63%)
----------------- Invoking toplevel() on ptolemy.moml.MoMLSimpleApplication@5262880e
----------------- Done invoking toplevel() on ptolemy.moml.MoMLSimpleApplication@5262880e
reloadAllAccessors: .ArrayElementI

===========================================================================================
----------------- testing Fri Nov 22 06:25:50 UTC 2019 /home/travis/build/icyphy/ptII/ptolemy/actor/lib/test/auto/ArrayExtract.xml
----------------- Instantiating /home/travis/build/icyphy/ptII/ptolemy/actor/lib/test/auto/ArrayExtract.xml
7 ms. Memory: 456704K Free: 280576K (61%)
----------------- Invoking toplevel() on ptolemy.moml.MoMLSimpleApplication@6aea2639
----------------- Done invoking toplevel() on ptolemy.moml.MoMLSimpleApplication@6aea2639
reloadAllAccessors: .ArrayExtract

===========================================================================================
----------------- testing Fri Nov 22 06:25:50 UTC 2019 /home/travis/build/icyphy/ptII/ptolemy/actor/lib/test/auto/ArrayExtract2.xml
----------------- Instantiating /home/travis/build/icyphy/ptII/ptolemy/actor/lib/test/auto/ArrayExtract2.xml
4 ms. Memory: 456704K Free: 275456K (60%)
----------------- Invoking toplevel() on ptolemy.moml.MoMLSimpleApplication@2ac3450b
----------------- Done invoking toplevel() on ptolemy.moml.MoMLSimpleApplication@2ac3450b
reloadAllAccessors: .ArrayExtract2

===========================================================================================
----------------- testing Fri Nov 22 06:25:50 UTC 2019 /home/travis/build/icyphy/ptII/ptolemy/actor/lib/test/auto/ArrayLength.xml
----------------- Instantiating /home/travis/build/icyphy/ptII/ptolemy/actor/lib/test/auto/ArrayLength.xml
3 ms. Memory: 456704K Free: 271870K (60%)
----------------- Invoking toplevel() on ptolemy.moml.MoMLSimpleApplication@5bb5289c
----------------- Done invoking toplevel() on ptolemy.moml.MoMLSimpleApplication@5bb5289c
reloadAllAccessors: .ArrayLength

===========================================================================================
----------------- testing Fri Nov 22 06:25:50 UTC 2019 /home/travis/build/icyphy/ptII/ptolemy/actor/lib/test/auto/ArrayLevelCrossing.xml
----------------- Instantiating /home/travis/build/icyphy/ptII/ptolemy/actor/lib/test/auto/ArrayLevelCrossing.xml
5 ms. Memory: 456704K Free: 263678K (58%)
----------------- Invoking toplevel() on ptolemy.moml.MoMLSimpleApplication@56e3bf81
----------------- Done invoking toplevel() on ptolemy.moml.MoMLSimpleApplication@56e3bf81
reloadAllAccessors: .ArrayLevelCrossing

===========================================================================================
----------------- testing Fri Nov 22 06:25:50 UTC 2019 /home/travis/build/icyphy/ptII/ptolemy/actor/lib/test/auto/ArrayLevelCrossing2.xml
----------------- Instantiating /home/travis/build/icyphy/ptII/ptolemy/actor/lib/test/auto/ArrayLevelCrossing2.xml
4 ms. Memory: 456704K Free: 256479K (56%)
----------------- Invoking toplevel() on ptolemy.moml.MoMLSimpleApplication@14333eb
----------------- Done invoking toplevel() on ptolemy.moml.MoMLSimpleApplication@14333eb
reloadAllAccessors: .ArrayLevelCrossing2

===========================================================================================
----------------- testing Fri Nov 22 06:25:50 UTC 2019 /home/travis/build/icyphy/ptII/ptolemy/actor/lib/test/auto/ArrayPeakSearch.xml
----------------- Instantiating /home/travis/build/icyphy/ptII/ptolemy/actor/lib/test/auto/ArrayPeakSearch.xml
11 ms. Memory: 456704K Free: 247294K (54%)
----------------- Invoking toplevel() on ptolemy.moml.MoMLSimpleApplication@59166ef8
----------------- Done invoking toplevel() on ptolemy.moml.MoMLSimpleApplication@59166ef8
reloadAllAccessors: .ArrayPeakSearch

===========================================================================================
----------------- testing Fri Nov 22 06:25:50 UTC 2019 /home/travis/build/icyphy/ptII/ptolemy/actor/lib/test/auto/ArrayPeakSearch2.xml
----------------- Instantiating /home/travis/build/icyphy/ptII/ptolemy/actor/lib/test/auto/ArrayPeakSearch2.xml
9 ms. Memory: 456704K Free: 401903K (88%)
----------------- Invoking toplevel() on ptolemy.moml.MoMLSimpleApplication@47783806
----------------- Done invoking toplevel() on ptolemy.moml.MoMLSimpleApplication@47783806
reloadAllAccessors: .ArrayPeakSearch2

===========================================================================================
----------------- testing Fri Nov 22 06:25:50 UTC 2019 /home/travis/build/icyphy/ptII/ptolemy/actor/lib/test/auto/ArrayPeakSearch3.xml
----------------- Instantiating /home/travis/build/icyphy/ptII/ptolemy/actor/lib/test/auto/ArrayPeakSearch3.xml
7 ms. Memory: 456704K Free: 392702K (86%)
----------------- Invoking toplevel() on ptolemy.moml.MoMLSimpleApplication@330e9820
----------------- Done invoking toplevel() on ptolemy.moml.MoMLSimpleApplication@330e9820
reloadAllAccessors: .ArrayPeakSearch3

===========================================================================================
----------------- testing Fri Nov 22 06:25:50 UTC 2019 /home/travis/build/icyphy/ptII/ptolemy/actor/lib/test/auto/ArrayRemoveElement.xml
----------------- Instantiating /home/travis/build/icyphy/ptII/ptolemy/actor/lib/test/auto/ArrayRemoveElement.xml
4 ms. Memory: 456704K Free: 385024K (84%)
----------------- Invoking toplevel() on ptolemy.moml.MoMLSimpleApplication@7feebd66
----------------- Done invoking toplevel() on ptolemy.moml.MoMLSimpleApplication@7feebd66
reloadAllAccessors: .ArrayRemoveElement

===========================================================================================
----------------- testing Fri Nov 22 06:25:50 UTC 2019 /home/travis/build/icyphy/ptII/ptolemy/actor/lib/test/auto/ArraySort.xml
----------------- Instantiating /home/travis/build/icyphy/ptII/ptolemy/actor/lib/test/auto/ArraySort.xml
12 ms. Memory: 456704K Free: 375808K (82%)
----------------- Invoking toplevel() on ptolemy.moml.MoMLSimpleApplication@f3fdac1
----------------- Done invoking toplevel() on ptolemy.moml.MoMLSimpleApplication@f3fdac1
reloadAllAccessors: .ArraySort

===========================================================================================
----------------- testing Fri Nov 22 06:25:50 UTC 2019 /home/travis/build/icyphy/ptII/ptolemy/actor/lib/test/auto/ArraySum.xml
----------------- Instantiating /home/travis/build/icyphy/ptII/ptolemy/actor/lib/test/auto/ArraySum.xml
6 ms. Memory: 456704K Free: 370688K (81%)
----------------- Invoking toplevel() on ptolemy.moml.MoMLSimpleApplication@6835015e
----------------- Done invoking toplevel() on ptolemy.moml.MoMLSimpleApplication@6835015e
reloadAllAccessors: .ArraySum

===========================================================================================
----------------- testing Fri Nov 22 06:25:50 UTC 2019 /home/travis/build/icyphy/ptII/ptolemy/actor/lib/test/auto/ArrayToElements.xml
----------------- Instantiating /home/travis/build/icyphy/ptII/ptolemy/actor/lib/test/auto/ArrayToElements.xml
12 ms. Memory: 456704K Free: 365054K (80%)
----------------- Invoking toplevel() on ptolemy.moml.MoMLSimpleApplication@475ac10
----------------- Done invoking toplevel() on ptolemy.moml.MoMLSimpleApplication@475ac10
reloadAllAccessors: .ArrayToElements

===========================================================================================
----------------- testing Fri Nov 22 06:25:50 UTC 2019 /home/travis/build/icyphy/ptII/ptolemy/actor/lib/test/auto/ArrayToMatrix.xml
----------------- Instantiating /home/travis/build/icyphy/ptII/ptolemy/actor/lib/test/auto/ArrayToMatrix.xml
12 ms. Memory: 456704K Free: 351232K (77%)
----------------- Invoking toplevel() on ptolemy.moml.MoMLSimpleApplication@6493198d
----------------- Done invoking toplevel() on ptolemy.moml.MoMLSimpleApplication@6493198d
reloadAllAccessors: .ArrayToMatrix

===========================================================================================
----------------- testing Fri Nov 22 06:25:50 UTC 2019 /home/travis/build/icyphy/ptII/ptolemy/actor/lib/test/auto/ArrayUpdate1.xml
----------------- Instantiating /home/travis/build/icyphy/ptII/ptolemy/actor/lib/test/auto/ArrayUpdate1.xml
4 ms. Memory: 456704K Free: 346112K (76%)
----------------- Invoking toplevel() on ptolemy.moml.MoMLSimpleApplication@f42b76d
----------------- Done invoking toplevel() on ptolemy.moml.MoMLSimpleApplication@f42b76d
reloadAllAccessors: .ArrayUpdate1

===========================================================================================
----------------- testing Fri Nov 22 06:25:50 UTC 2019 /home/travis/build/icyphy/ptII/ptolemy/actor/lib/test/auto/ArrayUpdate2.xml
----------------- Instantiating /home/travis/build/icyphy/ptII/ptolemy/actor/lib/test/auto/ArrayUpdate2.xml
7 ms. Memory: 456704K Free: 339968K (74%)
----------------- Invoking toplevel() on ptolemy.moml.MoMLSimpleApplication@7affd0ea
----------------- Done invoking toplevel() on ptolemy.moml.MoMLSimpleApplication@7affd0ea
reloadAllAccessors: .ArrayUpdate2

===========================================================================================
----------------- testing Fri Nov 22 06:25:50 UTC 2019 /home/travis/build/icyphy/ptII/ptolemy/actor/lib/test/auto/ArrayUpdate3.xml
----------------- Instantiating /home/travis/build/icyphy/ptII/ptolemy/actor/lib/test/auto/ArrayUpdate3.xml
2 ms. Memory: 456704K Free: 334848K (73%)
----------------- Invoking toplevel() on ptolemy.moml.MoMLSimpleApplication@b1cf16b
----------------- Done invoking toplevel() on ptolemy.moml.MoMLSimpleApplication@b1cf16b
reloadAllAccessors: .ArrayUpdate3

===========================================================================================
----------------- testing Fri Nov 22 06:25:50 UTC 2019 /home/travis/build/icyphy/ptII/ptolemy/actor/lib/test/auto/Assert1.xml
----------------- Instantiating /home/travis/build/icyphy/ptII/ptolemy/actor/lib/test/auto/Assert1.xml
4 ms. Memory: 456704K Free: 330752K (72%)
----------------- Invoking toplevel() on ptolemy.moml.MoMLSimpleApplication@7e80d4f5
----------------- Done invoking toplevel() on ptolemy.moml.MoMLSimpleApplication@7e80d4f5
reloadAllAccessors: .Assert1

===========================================================================================
----------------- testing Fri Nov 22 06:25:51 UTC 2019 /home/travis/build/icyphy/ptII/ptolemy/actor/lib/test/auto/Assert2.xml
----------------- Instantiating /home/travis/build/icyphy/ptII/ptolemy/actor/lib/test/auto/Assert2.xml
3 ms. Memory: 456704K Free: 326142K (71%)
----------------- Invoking toplevel() on ptolemy.moml.MoMLSimpleApplication@44e885a6
----------------- Done invoking toplevel() on ptolemy.moml.MoMLSimpleApplication@44e885a6
reloadAllAccessors: .Assert2

===========================================================================================
----------------- testing Fri Nov 22 06:25:51 UTC 2019 /home/travis/build/icyphy/ptII/ptolemy/actor/lib/test/auto/BooleanMultiplexor.xml
----------------- Instantiating /home/travis/build/icyphy/ptII/ptolemy/actor/lib/test/auto/BooleanMultiplexor.xml
2 ms. Memory: 456704K Free: 321007K (70%)
----------------- Invoking toplevel() on ptolemy.moml.MoMLSimpleApplication@1fd2ae1
----------------- Done invoking toplevel() on ptolemy.moml.MoMLSimpleApplication@1fd2ae1
reloadAllAccessors: .BooleanMultiplexor

===========================================================================================
----------------- testing Fri Nov 22 06:25:51 UTC 2019 /home/travis/build/icyphy/ptII/ptolemy/actor/lib/test/auto/BooleanMultiplexor2.xml
----------------- Instantiating /home/travis/build/icyphy/ptII/ptolemy/actor/lib/test/auto/BooleanMultiplexor2.xml
3 ms. Memory: 456704K Free: 314368K (69%)
----------------- Invoking toplevel() on ptolemy.moml.MoMLSimpleApplication@271ba4a6
----------------- Done invoking toplevel() on ptolemy.moml.MoMLSimpleApplication@271ba4a6
reloadAllAccessors: .BooleanMultiplexor2

===========================================================================================
----------------- testing Fri Nov 22 06:25:51 UTC 2019 /home/travis/build/icyphy/ptII/ptolemy/actor/lib/test/auto/BooleanMultiplexor3.xml
----------------- Instantiating /home/travis/build/icyphy/ptII/ptolemy/actor/lib/test/auto/BooleanMultiplexor3.xml
2 ms. Memory: 456704K Free: 310782K (68%)
----------------- Invoking toplevel() on ptolemy.moml.MoMLSimpleApplication@5a2f4feb
----------------- Done invoking toplevel() on ptolemy.moml.MoMLSimpleApplication@5a2f4feb
reloadAllAccessors: .BooleanMultiplexor3

===========================================================================================
----------------- testing Fri Nov 22 06:25:51 UTC 2019 /home/travis/build/icyphy/ptII/ptolemy/actor/lib/test/auto/BooleanSelect.xml
----------------- Instantiating /home/travis/build/icyphy/ptII/ptolemy/actor/lib/test/auto/BooleanSelect.xml
4 ms. Memory: 456704K Free: 304128K (67%)
----------------- Invoking toplevel() on ptolemy.moml.MoMLSimpleApplication@921c029
----------------- Done invoking toplevel() on ptolemy.moml.MoMLSimpleApplication@921c029
reloadAllAccessors: .BooleanSelect

===========================================================================================
----------------- testing Fri Nov 22 06:25:51 UTC 2019 /home/travis/build/icyphy/ptII/ptolemy/actor/lib/test/auto/BooleanSelect2.xml
----------------- Instantiating /home/travis/build/icyphy/ptII/ptolemy/actor/lib/test/auto/BooleanSelect2.xml
2 ms. Memory: 456704K Free: 300032K (66%)
----------------- Invoking toplevel() on ptolemy.moml.MoMLSimpleApplication@54a7bd04
----------------- Done invoking toplevel() on ptolemy.moml.MoMLSimpleApplication@54a7bd04
reloadAllAccessors: .BooleanSelect2

===========================================================================================
----------------- testing Fri Nov 22 06:25:51 UTC 2019 /home/travis/build/icyphy/ptII/ptolemy/actor/lib/test/auto/BooleanSwitch.xml
----------------- Instantiating /home/travis/build/icyphy/ptII/ptolemy/actor/lib/test/auto/BooleanSwitch.xml
3 ms. Memory: 456704K Free: 293374K (64%)
----------------- Invoking toplevel() on ptolemy.moml.MoMLSimpleApplication@1a7fbd3f
----------------- Done invoking toplevel() on ptolemy.moml.MoMLSimpleApplication@1a7fbd3f
reloadAllAccessors: .BooleanSwitch

===========================================================================================
----------------- testing Fri Nov 22 06:25:51 UTC 2019 /home/travis/build/icyphy/ptII/ptolemy/actor/lib/test/auto/BooleanSwitch2.xml
----------------- Instantiating /home/travis/build/icyphy/ptII/ptolemy/actor/lib/test/auto/BooleanSwitch2.xml
3 ms. Memory: 456704K Free: 289278K (63%)
----------------- Invoking toplevel() on ptolemy.moml.MoMLSimpleApplication@4d2c7bcb
----------------- Done invoking toplevel() on ptolemy.moml.MoMLSimpleApplication@4d2c7bcb
reloadAllAccessors: .BooleanSwitch2

===========================================================================================
----------------- testing Fri Nov 22 06:25:51 UTC 2019 /home/travis/build/icyphy/ptII/ptolemy/actor/lib/test/auto/BooleanSwitchCloningBugWithClassRelationGroup.xml
----------------- Instantiating /home/travis/build/icyphy/ptII/ptolemy/actor/lib/test/auto/BooleanSwitchCloningBugWithClassRelationGroup.xml
3 ms. Memory: 456704K Free: 282624K (62%)
----------------- Invoking toplevel() on ptolemy.moml.MoMLSimpleApplication@2b923062
----------------- Done invoking toplevel() on ptolemy.moml.MoMLSimpleApplication@2b923062
reloadAllAccessors: .BooleanSwitchCloningBugWithClassRelationGroup

===========================================================================================
----------------- testing Fri Nov 22 06:25:51 UTC 2019 /home/travis/build/icyphy/ptII/ptolemy/actor/lib/test/auto/BusActors.xml
----------------- Instantiating /home/travis/build/icyphy/ptII/ptolemy/actor/lib/test/auto/BusActors.xml
4 ms. Memory: 456704K Free: 274432K (60%)
----------------- Invoking toplevel() on ptolemy.moml.MoMLSimpleApplication@2707dd3e
----------------- Done invoking toplevel() on ptolemy.moml.MoMLSimpleApplication@2707dd3e
reloadAllAccessors: .BusActors

===========================================================================================
----------------- testing Fri Nov 22 06:25:51 UTC 2019 /home/travis/build/icyphy/ptII/ptolemy/actor/lib/test/auto/ClassWrapper.xml
----------------- Instantiating /home/travis/build/icyphy/ptII/ptolemy/actor/lib/test/auto/ClassWrapper.xml
4 ms. Memory: 456704K Free: 270336K (59%)
----------------- Invoking toplevel() on ptolemy.moml.MoMLSimpleApplication@eb9d1c5
----------------- Done invoking toplevel() on ptolemy.moml.MoMLSimpleApplication@eb9d1c5
reloadAllAccessors: .ClassWrapper

===========================================================================================
----------------- testing Fri Nov 22 06:25:51 UTC 2019 /home/travis/build/icyphy/ptII/ptolemy/actor/lib/test/auto/Clock.xml
----------------- Instantiating /home/travis/build/icyphy/ptII/ptolemy/actor/lib/test/auto/Clock.xml
2 ms. Memory: 456704K Free: 266240K (58%)
----------------- Invoking toplevel() on ptolemy.moml.MoMLSimpleApplication@74673d9e
----------------- Done invoking toplevel() on ptolemy.moml.MoMLSimpleApplication@74673d9e
reloadAllAccessors: .Clock

===========================================================================================
----------------- testing Fri Nov 22 06:25:51 UTC 2019 /home/travis/build/icyphy/ptII/ptolemy/actor/lib/test/auto/Clock10.xml
----------------- Instantiating /home/travis/build/icyphy/ptII/ptolemy/actor/lib/test/auto/Clock10.xml
6 ms. Memory: 456704K Free: 260606K (57%)
----------------- Invoking toplevel() on ptolemy.moml.MoMLSimpleApplication@55069009
----------------- Done invoking toplevel() on ptolemy.moml.MoMLSimpleApplication@55069009
reloadAllAccessors: .Clock10

===========================================================================================
----------------- testing Fri Nov 22 06:25:51 UTC 2019 /home/travis/build/icyphy/ptII/ptolemy/actor/lib/test/auto/Clock11.xml
----------------- Instantiating /home/travis/build/icyphy/ptII/ptolemy/actor/lib/test/auto/Clock11.xml
2 ms. Memory: 456704K Free: 254462K (56%)
----------------- Invoking toplevel() on ptolemy.moml.MoMLSimpleApplication@6aadc51
----------------- Done invoking toplevel() on ptolemy.moml.MoMLSimpleApplication@6aadc51
reloadAllAccessors: .Clock11

===========================================================================================
----------------- testing Fri Nov 22 06:25:51 UTC 2019 /home/travis/build/icyphy/ptII/ptolemy/actor/lib/test/auto/Clock12.xml
----------------- Instantiating /home/travis/build/icyphy/ptII/ptolemy/actor/lib/test/auto/Clock12.xml
6 ms. Memory: 456704K Free: 248832K (54%)
----------------- Invoking toplevel() on ptolemy.moml.MoMLSimpleApplication@7e968e92
----------------- Done invoking toplevel() on ptolemy.moml.MoMLSimpleApplication@7e968e92
reloadAllAccessors: .Clock12

===========================================================================================
----------------- testing Fri Nov 22 06:25:51 UTC 2019 /home/travis/build/icyphy/ptII/ptolemy/actor/lib/test/auto/Clock13.xml
----------------- Instantiating /home/travis/build/icyphy/ptII/ptolemy/actor/lib/test/auto/Clock13.xml
8 ms. Memory: 456704K Free: 242688K (53%)
----------------- Invoking toplevel() on ptolemy.moml.MoMLSimpleApplication@6abcdf66
----------------- Done invoking toplevel() on ptolemy.moml.MoMLSimpleApplication@6abcdf66
reloadAllAccessors: .Clock13

===========================================================================================
----------------- testing Fri Nov 22 06:25:51 UTC 2019 /home/travis/build/icyphy/ptII/ptolemy/actor/lib/test/auto/Clock14.xml
----------------- Instantiating /home/travis/build/icyphy/ptII/ptolemy/actor/lib/test/auto/Clock14.xml
8 ms. Memory: 456704K Free: 237023K (52%)
----------------- Invoking toplevel() on ptolemy.moml.MoMLSimpleApplication@53efd7f1
----------------- Done invoking toplevel() on ptolemy.moml.MoMLSimpleApplication@53efd7f1
reloadAllAccessors: .Clock14

===========================================================================================
----------------- testing Fri Nov 22 06:25:51 UTC 2019 /home/travis/build/icyphy/ptII/ptolemy/actor/lib/test/auto/Clock15.xml
----------------- Instantiating /home/travis/build/icyphy/ptII/ptolemy/actor/lib/test/auto/Clock15.xml
6 ms. Memory: 456704K Free: 230879K (51%)
----------------- Invoking toplevel() on ptolemy.moml.MoMLSimpleApplication@23879281
----------------- Done invoking toplevel() on ptolemy.moml.MoMLSimpleApplication@23879281
reloadAllAccessors: .Clock15

===========================================================================================
----------------- testing Fri Nov 22 06:25:51 UTC 2019 /home/travis/build/icyphy/ptII/ptolemy/actor/lib/test/auto/Clock16.xml
----------------- Instantiating /home/travis/build/icyphy/ptII/ptolemy/actor/lib/test/auto/Clock16.xml
34 ms. Memory: 456704K Free: 216567K (47%)
----------------- Invoking toplevel() on ptolemy.moml.MoMLSimpleApplication@6c14e8a0
----------------- Done invoking toplevel() on ptolemy.moml.MoMLSimpleApplication@6c14e8a0
reloadAllAccessors: .Clock16

===========================================================================================
----------------- testing Fri Nov 22 06:25:51 UTC 2019 /home/travis/build/icyphy/ptII/ptolemy/actor/lib/test/auto/Clock17.xml
----------------- Instantiating /home/travis/build/icyphy/ptII/ptolemy/actor/lib/test/auto/Clock17.xml
36 ms. Memory: 456704K Free: 202752K (44%)
----------------- Invoking toplevel() on ptolemy.moml.MoMLSimpleApplication@473fde
----------------- Done invoking toplevel() on ptolemy.moml.MoMLSimpleApplication@473fde
reloadAllAccessors: .Clock17

===========================================================================================
----------------- testing Fri Nov 22 06:25:51 UTC 2019 /home/travis/build/icyphy/ptII/ptolemy/actor/lib/test/auto/Clock18.xml
----------------- Instantiating /home/travis/build/icyphy/ptII/ptolemy/actor/lib/test/auto/Clock18.xml
30 ms. Memory: 456704K Free: 188911K (41%)
----------------- Invoking toplevel() on ptolemy.moml.MoMLSimpleApplication@cbc012a
----------------- Done invoking toplevel() on ptolemy.moml.MoMLSimpleApplication@cbc012a
reloadAllAccessors: .Clock18

===========================================================================================
----------------- testing Fri Nov 22 06:25:51 UTC 2019 /home/travis/build/icyphy/ptII/ptolemy/actor/lib/test/auto/Clock19.xml
----------------- Instantiating /home/travis/build/icyphy/ptII/ptolemy/actor/lib/test/auto/Clock19.xml
24 ms. Memory: 456704K Free: 395940K (87%)
----------------- Invoking toplevel() on ptolemy.moml.MoMLSimpleApplication@1b43cf7c
----------------- Done invoking toplevel() on ptolemy.moml.MoMLSimpleApplication@1b43cf7c
reloadAllAccessors: .Clock19

===========================================================================================
----------------- testing Fri Nov 22 06:25:51 UTC 2019 /home/travis/build/icyphy/ptII/ptolemy/actor/lib/test/auto/Clock2.xml
----------------- Instantiating /home/travis/build/icyphy/ptII/ptolemy/actor/lib/test/auto/Clock2.xml
9 ms. Memory: 456704K Free: 391300K (86%)
----------------- Invoking toplevel() on ptolemy.moml.MoMLSimpleApplication@1bf51e14
----------------- Done invoking toplevel() on ptolemy.moml.MoMLSimpleApplication@1bf51e14
reloadAllAccessors: .Clock2

===========================================================================================
----------------- testing Fri Nov 22 06:25:51 UTC 2019 /home/travis/build/icyphy/ptII/ptolemy/actor/lib/test/auto/Clock20.xml
----------------- Instantiating /home/travis/build/icyphy/ptII/ptolemy/actor/lib/test/auto/Clock20.xml
11 ms. Memory: 456704K Free: 385700K (84%)
----------------- Invoking toplevel() on ptolemy.moml.MoMLSimpleApplication@149b78ca
----------------- Done invoking toplevel() on ptolemy.moml.MoMLSimpleApplication@149b78ca
reloadAllAccessors: .Clock20

===========================================================================================
----------------- testing Fri Nov 22 06:25:51 UTC 2019 /home/travis/build/icyphy/ptII/ptolemy/actor/lib/test/auto/Clock21.xml
----------------- Instantiating /home/travis/build/icyphy/ptII/ptolemy/actor/lib/test/auto/Clock21.xml
5 ms. Memory: 456704K Free: 380580K (83%)
----------------- Invoking toplevel() on ptolemy.moml.MoMLSimpleApplication@5cc1c1ca
----------------- Done invoking toplevel() on ptolemy.moml.MoMLSimpleApplication@5cc1c1ca
reloadAllAccessors: .Clock21

===========================================================================================
----------------- testing Fri Nov 22 06:25:51 UTC 2019 /home/travis/build/icyphy/ptII/ptolemy/actor/lib/test/auto/Clock22.xml
----------------- Instantiating /home/travis/build/icyphy/ptII/ptolemy/actor/lib/test/auto/Clock22.xml
5 ms. Memory: 456704K Free: 374946K (82%)
----------------- Invoking toplevel() on ptolemy.moml.MoMLSimpleApplication@c89b9eb
----------------- Done invoking toplevel() on ptolemy.moml.MoMLSimpleApplication@c89b9eb
reloadAllAccessors: .Clock22

===========================================================================================
----------------- testing Fri Nov 22 06:25:52 UTC 2019 /home/travis/build/icyphy/ptII/ptolemy/actor/lib/test/auto/Clock23.xml
----------------- Instantiating /home/travis/build/icyphy/ptII/ptolemy/actor/lib/test/auto/Clock23.xml
7 ms. Memory: 456704K Free: 369826K (81%)
----------------- Invoking toplevel() on ptolemy.moml.MoMLSimpleApplication@7284299c
----------------- Done invoking toplevel() on ptolemy.moml.MoMLSimpleApplication@7284299c
reloadAllAccessors: .Clock23

===========================================================================================
----------------- testing Fri Nov 22 06:25:52 UTC 2019 /home/travis/build/icyphy/ptII/ptolemy/actor/lib/test/auto/Clock24.xml
----------------- Instantiating /home/travis/build/icyphy/ptII/ptolemy/actor/lib/test/auto/Clock24.xml
3 ms. Memory: 456704K Free: 364194K (80%)
----------------- Invoking toplevel() on ptolemy.moml.MoMLSimpleApplication@1a0c30b7
----------------- Done invoking toplevel() on ptolemy.moml.MoMLSimpleApplication@1a0c30b7
reloadAllAccessors: .Clock24

===========================================================================================
----------------- testing Fri Nov 22 06:25:52 UTC 2019 /home/travis/build/icyphy/ptII/ptolemy/actor/lib/test/auto/Clock4.xml
----------------- Instantiating /home/travis/build/icyphy/ptII/ptolemy/actor/lib/test/auto/Clock4.xml
1 ms. Memory: 456704K Free: 359076K (79%)
----------------- Invoking toplevel() on ptolemy.moml.MoMLSimpleApplication@5f4b5ee4
----------------- Done invoking toplevel() on ptolemy.moml.MoMLSimpleApplication@5f4b5ee4
reloadAllAccessors: .Clock4

===========================================================================================
----------------- testing Fri Nov 22 06:25:52 UTC 2019 /home/travis/build/icyphy/ptII/ptolemy/actor/lib/test/auto/Clock5.xml
----------------- Instantiating /home/travis/build/icyphy/ptII/ptolemy/actor/lib/test/auto/Clock5.xml
2 ms. Memory: 456704K Free: 353956K (78%)
----------------- Invoking toplevel() on ptolemy.moml.MoMLSimpleApplication@405fb44
----------------- Done invoking toplevel() on ptolemy.moml.MoMLSimpleApplication@405fb44
reloadAllAccessors: .Clock5

===========================================================================================
----------------- testing Fri Nov 22 06:25:52 UTC 2019 /home/travis/build/icyphy/ptII/ptolemy/actor/lib/test/auto/Clock6.xml
----------------- Instantiating /home/travis/build/icyphy/ptII/ptolemy/actor/lib/test/auto/Clock6.xml
2 ms. Memory: 456704K Free: 349332K (76%)
----------------- Invoking toplevel() on ptolemy.moml.MoMLSimpleApplication@5f1a58df
----------------- Done invoking toplevel() on ptolemy.moml.MoMLSimpleApplication@5f1a58df
reloadAllAccessors: .Clock6

===========================================================================================
----------------- testing Fri Nov 22 06:25:52 UTC 2019 /home/travis/build/icyphy/ptII/ptolemy/actor/lib/test/auto/Clock7.xml
----------------- Instantiating /home/travis/build/icyphy/ptII/ptolemy/actor/lib/test/auto/Clock7.xml
3 ms. Memory: 456704K Free: 344738K (75%)
----------------- Invoking toplevel() on ptolemy.moml.MoMLSimpleApplication@29536e35
----------------- Done invoking toplevel() on ptolemy.moml.MoMLSimpleApplication@29536e35
reloadAllAccessors: .Clock7

===========================================================================================
----------------- testing Fri Nov 22 06:25:52 UTC 2019 /home/travis/build/icyphy/ptII/ptolemy/actor/lib/test/auto/Clock8.xml
----------------- Instantiating /home/travis/build/icyphy/ptII/ptolemy/actor/lib/test/auto/Clock8.xml
7 ms. Memory: 456704K Free: 339076K (74%)
----------------- Invoking toplevel() on ptolemy.moml.MoMLSimpleApplication@462bc61d
----------------- Done invoking toplevel() on ptolemy.moml.MoMLSimpleApplication@462bc61d
reloadAllAccessors: .Clock8

===========================================================================================
----------------- testing Fri Nov 22 06:25:52 UTC 2019 /home/travis/build/icyphy/ptII/ptolemy/actor/lib/test/auto/Clock9.xml
----------------- Instantiating /home/travis/build/icyphy/ptII/ptolemy/actor/lib/test/auto/Clock9.xml
7 ms. Memory: 456704K Free: 333476K (73%)
----------------- Invoking toplevel() on ptolemy.moml.MoMLSimpleApplication@47ed45d9
----------------- Done invoking toplevel() on ptolemy.moml.MoMLSimpleApplication@47ed45d9
reloadAllAccessors: .Clock9

===========================================================================================
----------------- testing Fri Nov 22 06:25:52 UTC 2019 /home/travis/build/icyphy/ptII/ptolemy/actor/lib/test/auto/CommDistDiscard.xml
----------------- Instantiating /home/travis/build/icyphy/ptII/ptolemy/actor/lib/test/auto/CommDistDiscard.xml
5 ms. Memory: 456704K Free: 328356K (72%)
----------------- Invoking toplevel() on ptolemy.moml.MoMLSimpleApplication@8336a41
----------------- Done invoking toplevel() on ptolemy.moml.MoMLSimpleApplication@8336a41
reloadAllAccessors: .CommDistDiscard

===========================================================================================
----------------- testing Fri Nov 22 06:25:52 UTC 2019 /home/travis/build/icyphy/ptII/ptolemy/actor/lib/test/auto/Commutator.xml
----------------- Instantiating /home/travis/build/icyphy/ptII/ptolemy/actor/lib/test/auto/Commutator.xml
2 ms. Memory: 456704K Free: 323746K (71%)
----------------- Invoking toplevel() on ptolemy.moml.MoMLSimpleApplication@2f578a3a
----------------- Done invoking toplevel() on ptolemy.moml.MoMLSimpleApplication@2f578a3a
reloadAllAccessors: .Commutator

===========================================================================================
----------------- testing Fri Nov 22 06:25:52 UTC 2019 /home/travis/build/icyphy/ptII/ptolemy/actor/lib/test/auto/Commutator2.xml
----------------- Instantiating /home/travis/build/icyphy/ptII/ptolemy/actor/lib/test/auto/Commutator2.xml
2 ms. Memory: 456704K Free: 319650K (70%)
----------------- Invoking toplevel() on ptolemy.moml.MoMLSimpleApplication@1895b1b6
----------------- Done invoking toplevel() on ptolemy.moml.MoMLSimpleApplication@1895b1b6
reloadAllAccessors: .Commutator2

===========================================================================================
----------------- testing Fri Nov 22 06:25:52 UTC 2019 /home/travis/build/icyphy/ptII/ptolemy/actor/lib/test/auto/Commutator3.xml
----------------- Instantiating /home/travis/build/icyphy/ptII/ptolemy/actor/lib/test/auto/Commutator3.xml
2 ms. Memory: 456704K Free: 315044K (69%)
----------------- Invoking toplevel() on ptolemy.moml.MoMLSimpleApplication@2e390433
----------------- Done invoking toplevel() on ptolemy.moml.MoMLSimpleApplication@2e390433
reloadAllAccessors: .Commutator3

===========================================================================================
----------------- testing Fri Nov 22 06:25:52 UTC 2019 /home/travis/build/icyphy/ptII/ptolemy/actor/lib/test/auto/Compare.xml
----------------- Instantiating /home/travis/build/icyphy/ptII/ptolemy/actor/lib/test/auto/Compare.xml
3 ms. Memory: 456704K Free: 308386K (68%)
----------------- Invoking toplevel() on ptolemy.moml.MoMLSimpleApplication@7fc72071
----------------- Done invoking toplevel() on ptolemy.moml.MoMLSimpleApplication@7fc72071
reloadAllAccessors: .Compare

===========================================================================================
----------------- testing Fri Nov 22 06:25:52 UTC 2019 /home/travis/build/icyphy/ptII/ptolemy/actor/lib/test/auto/CompareDE.xml
----------------- Instantiating /home/travis/build/icyphy/ptII/ptolemy/actor/lib/test/auto/CompareDE.xml
9 ms. Memory: 456704K Free: 301732K (66%)
----------------- Invoking toplevel() on ptolemy.moml.MoMLSimpleApplication@7cc9b56d
----------------- Done invoking toplevel() on ptolemy.moml.MoMLSimpleApplication@7cc9b56d
reloadAllAccessors: .CompareDE

===========================================================================================
----------------- testing Fri Nov 22 06:25:52 UTC 2019 /home/travis/build/icyphy/ptII/ptolemy/actor/lib/test/auto/ComplexDivide.xml
----------------- Instantiating /home/travis/build/icyphy/ptII/ptolemy/actor/lib/test/auto/ComplexDivide.xml
1 ms. Memory: 456704K Free: 297636K (65%)
----------------- Invoking toplevel() on ptolemy.moml.MoMLSimpleApplication@63313b9f
----------------- Done invoking toplevel() on ptolemy.moml.MoMLSimpleApplication@63313b9f
reloadAllAccessors: .ComplexDivide

===========================================================================================
----------------- testing Fri Nov 22 06:25:52 UTC 2019 /home/travis/build/icyphy/ptII/ptolemy/actor/lib/test/auto/ComputeHistogram.xml
----------------- Instantiating /home/travis/build/icyphy/ptII/ptolemy/actor/lib/test/auto/ComputeHistogram.xml
38 ms. Memory: 456704K Free: 285348K (62%)
----------------- Invoking toplevel() on ptolemy.moml.MoMLSimpleApplication@21f6c24c
----------------- Done invoking toplevel() on ptolemy.moml.MoMLSimpleApplication@21f6c24c
reloadAllAccessors: .ComputeHistogram

===========================================================================================
----------------- testing Fri Nov 22 06:25:52 UTC 2019 /home/travis/build/icyphy/ptII/ptolemy/actor/lib/test/auto/ConfigurationSelect.xml
----------------- Instantiating /home/travis/build/icyphy/ptII/ptolemy/actor/lib/test/auto/ConfigurationSelect.xml
10 ms. Memory: 456704K Free: 279700K (61%)
----------------- Invoking toplevel() on ptolemy.moml.MoMLSimpleApplication@74fa7a07
----------------- Done invoking toplevel() on ptolemy.moml.MoMLSimpleApplication@74fa7a07
reloadAllAccessors: .ConfigurationSelect

===========================================================================================
----------------- testing Fri Nov 22 06:25:52 UTC 2019 /home/travis/build/icyphy/ptII/ptolemy/actor/lib/test/auto/ConfigurationSelect2.xml
----------------- Instantiating /home/travis/build/icyphy/ptII/ptolemy/actor/lib/test/auto/ConfigurationSelect2.xml
2 ms. Memory: 456704K Free: 275108K (60%)
----------------- Invoking toplevel() on ptolemy.moml.MoMLSimpleApplication@4acac574
----------------- Done invoking toplevel() on ptolemy.moml.MoMLSimpleApplication@4acac574
reloadAllAccessors: .ConfigurationSelect2

===========================================================================================
----------------- testing Fri Nov 22 06:25:52 UTC 2019 /home/travis/build/icyphy/ptII/ptolemy/actor/lib/test/auto/ConfigurationSwitch.xml
----------------- Instantiating /home/travis/build/icyphy/ptII/ptolemy/actor/lib/test/auto/ConfigurationSwitch.xml
3 ms. Memory: 456704K Free: 269988K (59%)
----------------- Invoking toplevel() on ptolemy.moml.MoMLSimpleApplication@59a7db41
----------------- Done invoking toplevel() on ptolemy.moml.MoMLSimpleApplication@59a7db41
reloadAllAccessors: .ConfigurationSwitch

===========================================================================================
----------------- testing Fri Nov 22 06:25:52 UTC 2019 /home/travis/build/icyphy/ptII/ptolemy/actor/lib/test/auto/ConfigurationSwitch2.xml
----------------- Instantiating /home/travis/build/icyphy/ptII/ptolemy/actor/lib/test/auto/ConfigurationSwitch2.xml
2 ms. Memory: 456704K Free: 264354K (58%)
----------------- Invoking toplevel() on ptolemy.moml.MoMLSimpleApplication@7adcbdfa
----------------- Done invoking toplevel() on ptolemy.moml.MoMLSimpleApplication@7adcbdfa
reloadAllAccessors: .ConfigurationSwitch2

===========================================================================================
----------------- testing Fri Nov 22 06:25:52 UTC 2019 /home/travis/build/icyphy/ptII/ptolemy/actor/lib/test/auto/ConfigurationSwitchCloningBugWithClassRelationGroup.xml
----------------- Instantiating /home/travis/build/icyphy/ptII/ptolemy/actor/lib/test/auto/ConfigurationSwitchCloningBugWithClassRelationGroup.xml
2 ms. Memory: 456704K Free: 258210K (57%)
----------------- Invoking toplevel() on ptolemy.moml.MoMLSimpleApplication@3baff75e
----------------- Done invoking toplevel() on ptolemy.moml.MoMLSimpleApplication@3baff75e
reloadAllAccessors: .ConfigurationSwitchCloningBugWithClassRelationGroup

===========================================================================================
----------------- testing Fri Nov 22 06:25:52 UTC 2019 /home/travis/build/icyphy/ptII/ptolemy/actor/lib/test/auto/ConfigurationSwitchSelectSDF.xml
----------------- Instantiating /home/travis/build/icyphy/ptII/ptolemy/actor/lib/test/auto/ConfigurationSwitchSelectSDF.xml
5 ms. Memory: 456704K Free: 252066K (55%)
----------------- Invoking toplevel() on ptolemy.moml.MoMLSimpleApplication@5cecb4b4
----------------- Done invoking toplevel() on ptolemy.moml.MoMLSimpleApplication@5cecb4b4
reloadAllAccessors: .ConfigurationSwitchSelectSDF

===========================================================================================
----------------- testing Fri Nov 22 06:25:52 UTC 2019 /home/travis/build/icyphy/ptII/ptolemy/actor/lib/test/auto/ConfigurationSwitchSelectSDF2.xml
----------------- Instantiating /home/travis/build/icyphy/ptII/ptolemy/actor/lib/test/auto/ConfigurationSwitchSelectSDF2.xml
3 ms. Memory: 456704K Free: 245922K (54%)
----------------- Invoking toplevel() on ptolemy.moml.MoMLSimpleApplication@1d1ca28e
----------------- Done invoking toplevel() on ptolemy.moml.MoMLSimpleApplication@1d1ca28e
reloadAllAccessors: .ConfigurationSwitchSelectSDF2

===========================================================================================
----------------- testing Fri Nov 22 06:25:52 UTC 2019 /home/travis/build/icyphy/ptII/ptolemy/actor/lib/test/auto/Const.xml
----------------- Instantiating /home/travis/build/icyphy/ptII/ptolemy/actor/lib/test/auto/Const.xml
2 ms. Memory: 456704K Free: 242850K (53%)
----------------- Invoking toplevel() on ptolemy.moml.MoMLSimpleApplication@708d6c0a
----------------- Done invoking toplevel() on ptolemy.moml.MoMLSimpleApplication@708d6c0a
reloadAllAccessors: .Const

===========================================================================================
----------------- testing Fri Nov 22 06:25:52 UTC 2019 /home/travis/build/icyphy/ptII/ptolemy/actor/lib/test/auto/Const2.xml
----------------- Instantiating /home/travis/build/icyphy/ptII/ptolemy/actor/lib/test/auto/Const2.xml
2 ms. Memory: 456704K Free: 238754K (52%)
----------------- Invoking toplevel() on ptolemy.moml.MoMLSimpleApplication@392929e5
----------------- Done invoking toplevel() on ptolemy.moml.MoMLSimpleApplication@392929e5
reloadAllAccessors: .Const2

===========================================================================================
----------------- testing Fri Nov 22 06:25:52 UTC 2019 /home/travis/build/icyphy/ptII/ptolemy/actor/lib/test/auto/Const3.xml
----------------- Instantiating /home/travis/build/icyphy/ptII/ptolemy/actor/lib/test/auto/Const3.xml
1 ms. Memory: 456704K Free: 235682K (52%)
----------------- Invoking toplevel() on ptolemy.moml.MoMLSimpleApplication@20c2e146
----------------- Done invoking toplevel() on ptolemy.moml.MoMLSimpleApplication@20c2e146
reloadAllAccessors: .Const3

===========================================================================================
----------------- testing Fri Nov 22 06:25:52 UTC 2019 /home/travis/build/icyphy/ptII/ptolemy/actor/lib/test/auto/ConstantPublisherPort1.xml
----------------- Instantiating /home/travis/build/icyphy/ptII/ptolemy/actor/lib/test/auto/ConstantPublisherPort1.xml
7 ms. Memory: 456704K Free: 227490K (50%)
----------------- Invoking toplevel() on ptolemy.moml.MoMLSimpleApplication@2fc2924
----------------- Done invoking toplevel() on ptolemy.moml.MoMLSimpleApplication@2fc2924
reloadAllAccessors: .ConstantPublisherPort1

===========================================================================================
----------------- testing Fri Nov 22 06:25:52 UTC 2019 /home/travis/build/icyphy/ptII/ptolemy/actor/lib/test/auto/ConstantPublisherPort2.xml
----------------- Instantiating /home/travis/build/icyphy/ptII/ptolemy/actor/lib/test/auto/ConstantPublisherPort2.xml
15 ms. Memory: 456704K Free: 219812K (48%)
----------------- Invoking toplevel() on ptolemy.moml.MoMLSimpleApplication@32d45c73
----------------- Done invoking toplevel() on ptolemy.moml.MoMLSimpleApplication@32d45c73
reloadAllAccessors: .ConstantPublisherPort2

===========================================================================================
----------------- testing Fri Nov 22 06:25:52 UTC 2019 /home/travis/build/icyphy/ptII/ptolemy/actor/lib/test/auto/ConstantPublisherPort3.xml
----------------- Instantiating /home/travis/build/icyphy/ptII/ptolemy/actor/lib/test/auto/ConstantPublisherPort3.xml
7 ms. Memory: 456704K Free: 212130K (46%)
----------------- Invoking toplevel() on ptolemy.moml.MoMLSimpleApplication@47a331a8
----------------- Done invoking toplevel() on ptolemy.moml.MoMLSimpleApplication@47a331a8
reloadAllAccessors: .ConstantPublisherPort3

===========================================================================================
----------------- testing Fri Nov 22 06:25:52 UTC 2019 /home/travis/build/icyphy/ptII/ptolemy/actor/lib/test/auto/ConstantPublisherPort4.xml
----------------- Instantiating /home/travis/build/icyphy/ptII/ptolemy/actor/lib/test/auto/ConstantPublisherPort4.xml
3 ms. Memory: 456704K Free: 205476K (45%)
----------------- Invoking toplevel() on ptolemy.moml.MoMLSimpleApplication@6f724397
----------------- Done invoking toplevel() on ptolemy.moml.MoMLSimpleApplication@6f724397
reloadAllAccessors: .ConstantPublisherPort4

===========================================================================================
----------------- testing Fri Nov 22 06:25:52 UTC 2019 /home/travis/build/icyphy/ptII/ptolemy/actor/lib/test/auto/ConstantPublisherPort5.xml
----------------- Instantiating /home/travis/build/icyphy/ptII/ptolemy/actor/lib/test/auto/ConstantPublisherPort5.xml
38 ms. Memory: 456704K Free: 195746K (43%)
----------------- Invoking toplevel() on ptolemy.moml.MoMLSimpleApplication@7f01d319
----------------- Done invoking toplevel() on ptolemy.moml.MoMLSimpleApplication@7f01d319
reloadAllAccessors: .ConstantPublisherPort5

===========================================================================================
----------------- testing Fri Nov 22 06:25:52 UTC 2019 /home/travis/build/icyphy/ptII/ptolemy/actor/lib/test/auto/ConstantPublisherPort6.xml
----------------- Instantiating /home/travis/build/icyphy/ptII/ptolemy/actor/lib/test/auto/ConstantPublisherPort6.xml
14 ms. Memory: 456704K Free: 186530K (41%)
----------------- Invoking toplevel() on ptolemy.moml.MoMLSimpleApplication@323105df
----------------- Done invoking toplevel() on ptolemy.moml.MoMLSimpleApplication@323105df
reloadAllAccessors: .ConstantPublisherPort6

===========================================================================================
----------------- testing Fri Nov 22 06:25:53 UTC 2019 /home/travis/build/icyphy/ptII/ptolemy/actor/lib/test/auto/ConstantPublisherPort7.xml
----------------- Instantiating /home/travis/build/icyphy/ptII/ptolemy/actor/lib/test/auto/ConstantPublisherPort7.xml
20 ms. Memory: 456704K Free: 177828K (39%)
----------------- Invoking toplevel() on ptolemy.moml.MoMLSimpleApplication@52042bc5
----------------- Done invoking toplevel() on ptolemy.moml.MoMLSimpleApplication@52042bc5
reloadAllAccessors: .ConstantPublisherPort7

===========================================================================================
----------------- testing Fri Nov 22 06:25:53 UTC 2019 /home/travis/build/icyphy/ptII/ptolemy/actor/lib/test/auto/ConstraintMonitor1.xml
----------------- Instantiating /home/travis/build/icyphy/ptII/ptolemy/actor/lib/test/auto/ConstraintMonitor1.xml
5 ms. Memory: 456704K Free: 172194K (38%)
----------------- Invoking toplevel() on ptolemy.moml.MoMLSimpleApplication@4888635
----------------- Done invoking toplevel() on ptolemy.moml.MoMLSimpleApplication@4888635
reloadAllAccessors: .ConstraintMonitor1

===========================================================================================
----------------- testing Fri Nov 22 06:25:53 UTC 2019 /home/travis/build/icyphy/ptII/ptolemy/actor/lib/test/auto/ConstraintMonitor2.xml
----------------- Instantiating /home/travis/build/icyphy/ptII/ptolemy/actor/lib/test/auto/ConstraintMonitor2.xml
5 ms. Memory: 456704K Free: 167074K (37%)
----------------- Invoking toplevel() on ptolemy.moml.MoMLSimpleApplication@437842df
----------------- Done invoking toplevel() on ptolemy.moml.MoMLSimpleApplication@437842df
reloadAllAccessors: .ConstraintMonitor2

===========================================================================================
----------------- testing Fri Nov 22 06:25:53 UTC 2019 /home/travis/build/icyphy/ptII/ptolemy/actor/lib/test/auto/ConstraintMonitor3.xml
----------------- Instantiating /home/travis/build/icyphy/ptII/ptolemy/actor/lib/test/auto/ConstraintMonitor3.xml
5 ms. Memory: 456704K Free: 162978K (36%)
----------------- Invoking toplevel() on ptolemy.moml.MoMLSimpleApplication@65ca064
----------------- Done invoking toplevel() on ptolemy.moml.MoMLSimpleApplication@65ca064
reloadAllAccessors: .ConstraintMonitor3

===========================================================================================
----------------- testing Fri Nov 22 06:25:53 UTC 2019 /home/travis/build/icyphy/ptII/ptolemy/actor/lib/test/auto/ConstraintMonitor4.xml
----------------- Instantiating /home/travis/build/icyphy/ptII/ptolemy/actor/lib/test/auto/ConstraintMonitor4.xml
5 ms. Memory: 456704K Free: 157858K (35%)
----------------- Invoking toplevel() on ptolemy.moml.MoMLSimpleApplication@352bd32c
----------------- Done invoking toplevel() on ptolemy.moml.MoMLSimpleApplication@352bd32c
reloadAllAccessors: .ConstraintMonitor4

===========================================================================================
----------------- testing Fri Nov 22 06:25:53 UTC 2019 /home/travis/build/icyphy/ptII/ptolemy/actor/lib/test/auto/ConstraintMonitor5.xml
----------------- Instantiating /home/travis/build/icyphy/ptII/ptolemy/actor/lib/test/auto/ConstraintMonitor5.xml
5 ms. Memory: 456704K Free: 152226K (33%)
----------------- Invoking toplevel() on ptolemy.moml.MoMLSimpleApplication@89c6c45
----------------- Done invoking toplevel() on ptolemy.moml.MoMLSimpleApplication@89c6c45
reloadAllAccessors: .ConstraintMonitor5

===========================================================================================
----------------- testing Fri Nov 22 06:25:53 UTC 2019 /home/travis/build/icyphy/ptII/ptolemy/actor/lib/test/auto/ConstraintMonitor6.xml
----------------- Instantiating /home/travis/build/icyphy/ptII/ptolemy/actor/lib/test/auto/ConstraintMonitor6.xml
4 ms. Memory: 456704K Free: 401099K (88%)
----------------- Invoking toplevel() on ptolemy.moml.MoMLSimpleApplication@6fcb3f1f
----------------- Done invoking toplevel() on ptolemy.moml.MoMLSimpleApplication@6fcb3f1f
reloadAllAccessors: .ConstraintMonitor6

===========================================================================================
----------------- testing Fri Nov 22 06:25:53 UTC 2019 /home/travis/build/icyphy/ptII/ptolemy/actor/lib/test/auto/ConstraintMonitor7.xml
----------------- Instantiating /home/travis/build/icyphy/ptII/ptolemy/actor/lib/test/auto/ConstraintMonitor7.xml
2 ms. Memory: 456704K Free: 394955K (86%)
----------------- Invoking toplevel() on ptolemy.moml.MoMLSimpleApplication@1a07ba2c
----------------- Done invoking toplevel() on ptolemy.moml.MoMLSimpleApplication@1a07ba2c
reloadAllAccessors: .ConstraintMonitor7

===========================================================================================
----------------- testing Fri Nov 22 06:25:53 UTC 2019 /home/travis/build/icyphy/ptII/ptolemy/actor/lib/test/auto/ConstraintMonitor8.xml
----------------- Instantiating /home/travis/build/icyphy/ptII/ptolemy/actor/lib/test/auto/ConstraintMonitor8.xml
5 ms. Memory: 456704K Free: 387273K (85%)
----------------- Invoking toplevel() on ptolemy.moml.MoMLSimpleApplication@3fdf59e8
----------------- Done invoking toplevel() on ptolemy.moml.MoMLSimpleApplication@3fdf59e8
reloadAllAccessors: .ConstraintMonitor8

===========================================================================================
----------------- testing Fri Nov 22 06:25:53 UTC 2019 /home/travis/build/icyphy/ptII/ptolemy/actor/lib/test/auto/Counter.xml
----------------- Instantiating /home/travis/build/icyphy/ptII/ptolemy/actor/lib/test/auto/Counter.xml
4 ms. Memory: 456704K Free: 382153K (84%)
----------------- Invoking toplevel() on ptolemy.moml.MoMLSimpleApplication@25cd025d
----------------- Done invoking toplevel() on ptolemy.moml.MoMLSimpleApplication@25cd025d
reloadAllAccessors: .Counter

===========================================================================================
----------------- testing Fri Nov 22 06:25:53 UTC 2019 /home/travis/build/icyphy/ptII/ptolemy/actor/lib/test/auto/CurrentTimeSDF.xml
----------------- Instantiating /home/travis/build/icyphy/ptII/ptolemy/actor/lib/test/auto/CurrentTimeSDF.xml
1 ms. Memory: 456704K Free: 378571K (83%)
----------------- Invoking toplevel() on ptolemy.moml.MoMLSimpleApplication@3f95a53d
----------------- Done invoking toplevel() on ptolemy.moml.MoMLSimpleApplication@3f95a53d
reloadAllAccessors: .CurrentTimeSDF

===========================================================================================
----------------- testing Fri Nov 22 06:25:53 UTC 2019 /home/travis/build/icyphy/ptII/ptolemy/actor/lib/test/auto/DB.xml
----------------- Instantiating /home/travis/build/icyphy/ptII/ptolemy/actor/lib/test/auto/DB.xml
4 ms. Memory: 456704K Free: 372937K (82%)
----------------- Invoking toplevel() on ptolemy.moml.MoMLSimpleApplication@6b6ddd4f
----------------- Done invoking toplevel() on ptolemy.moml.MoMLSimpleApplication@6b6ddd4f
reloadAllAccessors: .DB

===========================================================================================
----------------- testing Fri Nov 22 06:25:53 UTC 2019 /home/travis/build/icyphy/ptII/ptolemy/actor/lib/test/auto/DBDE.xml
----------------- Instantiating /home/travis/build/icyphy/ptII/ptolemy/actor/lib/test/auto/DBDE.xml
2 ms. Memory: 456704K Free: 366779K (80%)
----------------- Invoking toplevel() on ptolemy.moml.MoMLSimpleApplication@3cc77faa
----------------- Done invoking toplevel() on ptolemy.moml.MoMLSimpleApplication@3cc77faa
reloadAllAccessors: .DBDE

===========================================================================================
----------------- testing Fri Nov 22 06:25:53 UTC 2019 /home/travis/build/icyphy/ptII/ptolemy/actor/lib/test/auto/DateConstructor.xml
----------------- Instantiating /home/travis/build/icyphy/ptII/ptolemy/actor/lib/test/auto/DateConstructor.xml
41 ms. Memory: 456704K Free: 349385K (77%)
----------------- Invoking toplevel() on ptolemy.moml.MoMLSimpleApplication@5a216748
----------------- Done invoking toplevel() on ptolemy.moml.MoMLSimpleApplication@5a216748
reloadAllAccessors: .DateConstructor

===========================================================================================
----------------- testing Fri Nov 22 06:25:53 UTC 2019 /home/travis/build/icyphy/ptII/ptolemy/actor/lib/test/auto/DelayTime.xml
----------------- Instantiating /home/travis/build/icyphy/ptII/ptolemy/actor/lib/test/auto/DelayTime.xml
5 ms. Memory: 456704K Free: 344265K (75%)
----------------- Invoking toplevel() on ptolemy.moml.MoMLSimpleApplication@55f5fc4c
----------------- Done invoking toplevel() on ptolemy.moml.MoMLSimpleApplication@55f5fc4c
reloadAllAccessors: .DelayTime

===========================================================================================
----------------- testing Fri Nov 22 06:25:53 UTC 2019 /home/travis/build/icyphy/ptII/ptolemy/actor/lib/test/auto/Dictionary1.xml
----------------- Instantiating /home/travis/build/icyphy/ptII/ptolemy/actor/lib/test/auto/Dictionary1.xml
2 ms. Memory: 456704K Free: 338635K (74%)
----------------- Invoking toplevel() on ptolemy.moml.MoMLSimpleApplication@49feb98a
----------------- Done invoking toplevel() on ptolemy.moml.MoMLSimpleApplication@49feb98a
reloadAllAccessors: .Dictionary1

===========================================================================================
----------------- testing Fri Nov 22 06:25:53 UTC 2019 /home/travis/build/icyphy/ptII/ptolemy/actor/lib/test/auto/Dictionary2.xml
----------------- Instantiating /home/travis/build/icyphy/ptII/ptolemy/actor/lib/test/auto/Dictionary2.xml
2 ms. Memory: 456704K Free: 333515K (73%)
----------------- Invoking toplevel() on ptolemy.moml.MoMLSimpleApplication@d27155e
----------------- Done invoking toplevel() on ptolemy.moml.MoMLSimpleApplication@d27155e
reloadAllAccessors: .Dictionary2

===========================================================================================
----------------- testing Fri Nov 22 06:25:53 UTC 2019 /home/travis/build/icyphy/ptII/ptolemy/actor/lib/test/auto/Dictionary3.xml
----------------- Instantiating /home/travis/build/icyphy/ptII/ptolemy/actor/lib/test/auto/Dictionary3.xml
2 ms. Memory: 456704K Free: 327881K (72%)
----------------- Invoking toplevel() on ptolemy.moml.MoMLSimpleApplication@b5572dc
----------------- Done invoking toplevel() on ptolemy.moml.MoMLSimpleApplication@b5572dc
reloadAllAccessors: .Dictionary3

===========================================================================================
----------------- testing Fri Nov 22 06:25:53 UTC 2019 /home/travis/build/icyphy/ptII/ptolemy/actor/lib/test/auto/Dictionary4.xml
----------------- Instantiating /home/travis/build/icyphy/ptII/ptolemy/actor/lib/test/auto/Dictionary4.xml
9 ms. Memory: 456704K Free: 320713K (70%)
----------------- Invoking toplevel() on ptolemy.moml.MoMLSimpleApplication@3686d7f3
----------------- Done invoking toplevel() on ptolemy.moml.MoMLSimpleApplication@3686d7f3
reloadAllAccessors: .Dictionary4

===========================================================================================
----------------- testing Fri Nov 22 06:25:53 UTC 2019 /home/travis/build/icyphy/ptII/ptolemy/actor/lib/test/auto/Differential.xml
----------------- Instantiating /home/travis/build/icyphy/ptII/ptolemy/actor/lib/test/auto/Differential.xml
4 ms. Memory: 456704K Free: 316107K (69%)
----------------- Invoking toplevel() on ptolemy.moml.MoMLSimpleApplication@44e0929e
----------------- Done invoking toplevel() on ptolemy.moml.MoMLSimpleApplication@44e0929e
reloadAllAccessors: .Differential

===========================================================================================
----------------- testing Fri Nov 22 06:25:53 UTC 2019 /home/travis/build/icyphy/ptII/ptolemy/actor/lib/test/auto/Director.xml
----------------- Instantiating /home/travis/build/icyphy/ptII/ptolemy/actor/lib/test/auto/Director.xml
5 ms. Memory: 456704K Free: 313035K (69%)
----------------- Invoking toplevel() on ptolemy.moml.MoMLSimpleApplication@6ed2827f
----------------- Done invoking toplevel() on ptolemy.moml.MoMLSimpleApplication@6ed2827f
reloadAllAccessors: .Director

===========================================================================================
----------------- testing Fri Nov 22 06:25:53 UTC 2019 /home/travis/build/icyphy/ptII/ptolemy/actor/lib/test/auto/DiscreteClock.xml
----------------- Instantiating /home/travis/build/icyphy/ptII/ptolemy/actor/lib/test/auto/DiscreteClock.xml
2 ms. Memory: 456704K Free: 308939K (68%)
----------------- Invoking toplevel() on ptolemy.moml.MoMLSimpleApplication@3912d049
----------------- Done invoking toplevel() on ptolemy.moml.MoMLSimpleApplication@3912d049
reloadAllAccessors: .DiscreteClock

===========================================================================================
----------------- testing Fri Nov 22 06:25:53 UTC 2019 /home/travis/build/icyphy/ptII/ptolemy/actor/lib/test/auto/DiscreteClock10.xml
----------------- Instantiating /home/travis/build/icyphy/ptII/ptolemy/actor/lib/test/auto/DiscreteClock10.xml
5 ms. Memory: 456704K Free: 302795K (66%)
----------------- Invoking toplevel() on ptolemy.moml.MoMLSimpleApplication@2986e848
----------------- Done invoking toplevel() on ptolemy.moml.MoMLSimpleApplication@2986e848
reloadAllAccessors: .DiscreteClock10

===========================================================================================
----------------- testing Fri Nov 22 06:25:53 UTC 2019 /home/travis/build/icyphy/ptII/ptolemy/actor/lib/test/auto/DiscreteClock11.xml
----------------- Instantiating /home/travis/build/icyphy/ptII/ptolemy/actor/lib/test/auto/DiscreteClock11.xml
2 ms. Memory: 456704K Free: 297161K (65%)
----------------- Invoking toplevel() on ptolemy.moml.MoMLSimpleApplication@618a75e2
----------------- Done invoking toplevel() on ptolemy.moml.MoMLSimpleApplication@618a75e2
reloadAllAccessors: .DiscreteClock11

===========================================================================================
----------------- testing Fri Nov 22 06:25:53 UTC 2019 /home/travis/build/icyphy/ptII/ptolemy/actor/lib/test/auto/DiscreteClock12.xml
----------------- Instantiating /home/travis/build/icyphy/ptII/ptolemy/actor/lib/test/auto/DiscreteClock12.xml
4 ms. Memory: 456704K Free: 291017K (64%)
----------------- Invoking toplevel() on ptolemy.moml.MoMLSimpleApplication@3c1157e0
----------------- Done invoking toplevel() on ptolemy.moml.MoMLSimpleApplication@3c1157e0
reloadAllAccessors: .DiscreteClock12

===========================================================================================
----------------- testing Fri Nov 22 06:25:53 UTC 2019 /home/travis/build/icyphy/ptII/ptolemy/actor/lib/test/auto/DiscreteClock13.xml
----------------- Instantiating /home/travis/build/icyphy/ptII/ptolemy/actor/lib/test/auto/DiscreteClock13.xml
5 ms. Memory: 456704K Free: 284843K (62%)
----------------- Invoking toplevel() on ptolemy.moml.MoMLSimpleApplication@48ba7172
----------------- Done invoking toplevel() on ptolemy.moml.MoMLSimpleApplication@48ba7172
reloadAllAccessors: .DiscreteClock13

===========================================================================================
----------------- testing Fri Nov 22 06:25:53 UTC 2019 /home/travis/build/icyphy/ptII/ptolemy/actor/lib/test/auto/DiscreteClock14.xml
----------------- Instantiating /home/travis/build/icyphy/ptII/ptolemy/actor/lib/test/auto/DiscreteClock14.xml
6 ms. Memory: 456704K Free: 278715K (61%)
----------------- Invoking toplevel() on ptolemy.moml.MoMLSimpleApplication@727b5b3c
----------------- Done invoking toplevel() on ptolemy.moml.MoMLSimpleApplication@727b5b3c
reloadAllAccessors: .DiscreteClock14

===========================================================================================
----------------- testing Fri Nov 22 06:25:53 UTC 2019 /home/travis/build/icyphy/ptII/ptolemy/actor/lib/test/auto/DiscreteClock15.xml
----------------- Instantiating /home/travis/build/icyphy/ptII/ptolemy/actor/lib/test/auto/DiscreteClock15.xml
6 ms. Memory: 456704K Free: 272571K (60%)
----------------- Invoking toplevel() on ptolemy.moml.MoMLSimpleApplication@51b91600
----------------- Done invoking toplevel() on ptolemy.moml.MoMLSimpleApplication@51b91600
reloadAllAccessors: .DiscreteClock15

===========================================================================================
----------------- testing Fri Nov 22 06:25:53 UTC 2019 /home/travis/build/icyphy/ptII/ptolemy/actor/lib/test/auto/DiscreteClock16.xml
----------------- Instantiating /home/travis/build/icyphy/ptII/ptolemy/actor/lib/test/auto/DiscreteClock16.xml
22 ms. Memory: 456704K Free: 259259K (57%)
----------------- Invoking toplevel() on ptolemy.moml.MoMLSimpleApplication@68e18de6
----------------- Done invoking toplevel() on ptolemy.moml.MoMLSimpleApplication@68e18de6
reloadAllAccessors: .DiscreteClock16

===========================================================================================
----------------- testing Fri Nov 22 06:25:53 UTC 2019 /home/travis/build/icyphy/ptII/ptolemy/actor/lib/test/auto/DiscreteClock17.xml
----------------- Instantiating /home/travis/build/icyphy/ptII/ptolemy/actor/lib/test/auto/DiscreteClock17.xml
19 ms. Memory: 456704K Free: 244937K (54%)
----------------- Invoking toplevel() on ptolemy.moml.MoMLSimpleApplication@8d8370
----------------- Done invoking toplevel() on ptolemy.moml.MoMLSimpleApplication@8d8370
reloadAllAccessors: .DiscreteClock17

===========================================================================================
----------------- testing Fri Nov 22 06:25:53 UTC 2019 /home/travis/build/icyphy/ptII/ptolemy/actor/lib/test/auto/DiscreteClock18.xml
----------------- Instantiating /home/travis/build/icyphy/ptII/ptolemy/actor/lib/test/auto/DiscreteClock18.xml
26 ms. Memory: 456704K Free: 231611K (51%)
----------------- Invoking toplevel() on ptolemy.moml.MoMLSimpleApplication@6f60ec9e
----------------- Done invoking toplevel() on ptolemy.moml.MoMLSimpleApplication@6f60ec9e
reloadAllAccessors: .DiscreteClock18

===========================================================================================
----------------- testing Fri Nov 22 06:25:54 UTC 2019 /home/travis/build/icyphy/ptII/ptolemy/actor/lib/test/auto/DiscreteClock19.xml
----------------- Instantiating /home/travis/build/icyphy/ptII/ptolemy/actor/lib/test/auto/DiscreteClock19.xml
21 ms. Memory: 456704K Free: 217801K (48%)
----------------- Invoking toplevel() on ptolemy.moml.MoMLSimpleApplication@6ac02e7c
----------------- Done invoking toplevel() on ptolemy.moml.MoMLSimpleApplication@6ac02e7c
reloadAllAccessors: .DiscreteClock19

===========================================================================================
----------------- testing Fri Nov 22 06:25:54 UTC 2019 /home/travis/build/icyphy/ptII/ptolemy/actor/lib/test/auto/DiscreteClock2.xml
----------------- Instantiating /home/travis/build/icyphy/ptII/ptolemy/actor/lib/test/auto/DiscreteClock2.xml
6 ms. Memory: 456704K Free: 213179K (47%)
----------------- Invoking toplevel() on ptolemy.moml.MoMLSimpleApplication@4b0ba646
----------------- Done invoking toplevel() on ptolemy.moml.MoMLSimpleApplication@4b0ba646
reloadAllAccessors: .DiscreteClock2

===========================================================================================
----------------- testing Fri Nov 22 06:25:54 UTC 2019 /home/travis/build/icyphy/ptII/ptolemy/actor/lib/test/auto/DiscreteClock20.xml
----------------- Instantiating /home/travis/build/icyphy/ptII/ptolemy/actor/lib/test/auto/DiscreteClock20.xml
9 ms. Memory: 456704K Free: 207563K (45%)
----------------- Invoking toplevel() on ptolemy.moml.MoMLSimpleApplication@1c077413
----------------- Done invoking toplevel() on ptolemy.moml.MoMLSimpleApplication@1c077413
reloadAllAccessors: .DiscreteClock20

===========================================================================================
----------------- testing Fri Nov 22 06:25:54 UTC 2019 /home/travis/build/icyphy/ptII/ptolemy/actor/lib/test/auto/DiscreteClock21.xml
----------------- Instantiating /home/travis/build/icyphy/ptII/ptolemy/actor/lib/test/auto/DiscreteClock21.xml
7 ms. Memory: 456704K Free: 201929K (44%)
----------------- Invoking toplevel() on ptolemy.moml.MoMLSimpleApplication@6d3c73c1
----------------- Done invoking toplevel() on ptolemy.moml.MoMLSimpleApplication@6d3c73c1
reloadAllAccessors: .DiscreteClock21

===========================================================================================
----------------- testing Fri Nov 22 06:25:54 UTC 2019 /home/travis/build/icyphy/ptII/ptolemy/actor/lib/test/auto/DiscreteClock22.xml
----------------- Instantiating /home/travis/build/icyphy/ptII/ptolemy/actor/lib/test/auto/DiscreteClock22.xml
7 ms. Memory: 456704K Free: 196299K (43%)
----------------- Invoking toplevel() on ptolemy.moml.MoMLSimpleApplication@36e066f8
----------------- Done invoking toplevel() on ptolemy.moml.MoMLSimpleApplication@36e066f8
reloadAllAccessors: .DiscreteClock22

===========================================================================================
----------------- testing Fri Nov 22 06:25:54 UTC 2019 /home/travis/build/icyphy/ptII/ptolemy/actor/lib/test/auto/DiscreteClock23.xml
----------------- Instantiating /home/travis/build/icyphy/ptII/ptolemy/actor/lib/test/auto/DiscreteClock23.xml
13 ms. Memory: 456704K Free: 191179K (42%)
----------------- Invoking toplevel() on ptolemy.moml.MoMLSimpleApplication@2161c110
----------------- Done invoking toplevel() on ptolemy.moml.MoMLSimpleApplication@2161c110
reloadAllAccessors: .DiscreteClock23

===========================================================================================
----------------- testing Fri Nov 22 06:25:54 UTC 2019 /home/travis/build/icyphy/ptII/ptolemy/actor/lib/test/auto/DiscreteClock24.xml
----------------- Instantiating /home/travis/build/icyphy/ptII/ptolemy/actor/lib/test/auto/DiscreteClock24.xml
5 ms. Memory: 456704K Free: 185545K (41%)
----------------- Invoking toplevel() on ptolemy.moml.MoMLSimpleApplication@3656c3a3
----------------- Done invoking toplevel() on ptolemy.moml.MoMLSimpleApplication@3656c3a3
reloadAllAccessors: .DiscreteClock24

===========================================================================================
----------------- testing Fri Nov 22 06:25:54 UTC 2019 /home/travis/build/icyphy/ptII/ptolemy/actor/lib/test/auto/DiscreteClock4.xml
----------------- Instantiating /home/travis/build/icyphy/ptII/ptolemy/actor/lib/test/auto/DiscreteClock4.xml
5 ms. Memory: 456704K Free: 179915K (39%)
----------------- Invoking toplevel() on ptolemy.moml.MoMLSimpleApplication@5b388000
----------------- Done invoking toplevel() on ptolemy.moml.MoMLSimpleApplication@5b388000
reloadAllAccessors: .DiscreteClock4

===========================================================================================
----------------- testing Fri Nov 22 06:25:54 UTC 2019 /home/travis/build/icyphy/ptII/ptolemy/actor/lib/test/auto/DiscreteClock5.xml
----------------- Instantiating /home/travis/build/icyphy/ptII/ptolemy/actor/lib/test/auto/DiscreteClock5.xml
1 ms. Memory: 456704K Free: 174275K (38%)
----------------- Invoking toplevel() on ptolemy.moml.MoMLSimpleApplication@317ff655
----------------- Done invoking toplevel() on ptolemy.moml.MoMLSimpleApplication@317ff655
reloadAllAccessors: .DiscreteClock5

===========================================================================================
----------------- testing Fri Nov 22 06:25:54 UTC 2019 /home/travis/build/icyphy/ptII/ptolemy/actor/lib/test/auto/DiscreteClock6.xml
----------------- Instantiating /home/travis/build/icyphy/ptII/ptolemy/actor/lib/test/auto/DiscreteClock6.xml
2 ms. Memory: 456704K Free: 170699K (37%)
----------------- Invoking toplevel() on ptolemy.moml.MoMLSimpleApplication@d4f8e01
----------------- Done invoking toplevel() on ptolemy.moml.MoMLSimpleApplication@d4f8e01
reloadAllAccessors: .DiscreteClock6

===========================================================================================
----------------- testing Fri Nov 22 06:25:54 UTC 2019 /home/travis/build/icyphy/ptII/ptolemy/actor/lib/test/auto/DiscreteClock7.xml
----------------- Instantiating /home/travis/build/icyphy/ptII/ptolemy/actor/lib/test/auto/DiscreteClock7.xml
2 ms. Memory: 456704K Free: 166089K (36%)
----------------- Invoking toplevel() on ptolemy.moml.MoMLSimpleApplication@4ad83fb4
----------------- Done invoking toplevel() on ptolemy.moml.MoMLSimpleApplication@4ad83fb4
reloadAllAccessors: .DiscreteClock7

===========================================================================================
----------------- testing Fri Nov 22 06:25:54 UTC 2019 /home/travis/build/icyphy/ptII/ptolemy/actor/lib/test/auto/DiscreteClock8.xml
----------------- Instantiating /home/travis/build/icyphy/ptII/ptolemy/actor/lib/test/auto/DiscreteClock8.xml
3 ms. Memory: 456704K Free: 160459K (35%)
----------------- Invoking toplevel() on ptolemy.moml.MoMLSimpleApplication@6bd1ba61
----------------- Done invoking toplevel() on ptolemy.moml.MoMLSimpleApplication@6bd1ba61
reloadAllAccessors: .DiscreteClock8

===========================================================================================
----------------- testing Fri Nov 22 06:25:54 UTC 2019 /home/travis/build/icyphy/ptII/ptolemy/actor/lib/test/auto/DiscreteClock9.xml
----------------- Instantiating /home/travis/build/icyphy/ptII/ptolemy/actor/lib/test/auto/DiscreteClock9.xml
6 ms. Memory: 456704K Free: 154315K (34%)
----------------- Invoking toplevel() on ptolemy.moml.MoMLSimpleApplication@14928c38
----------------- Done invoking toplevel() on ptolemy.moml.MoMLSimpleApplication@14928c38
reloadAllAccessors: .DiscreteClock9

===========================================================================================
----------------- testing Fri Nov 22 06:25:54 UTC 2019 /home/travis/build/icyphy/ptII/ptolemy/actor/lib/test/auto/DisplayArray.xml
----------------- Instantiating /home/travis/build/icyphy/ptII/ptolemy/actor/lib/test/auto/DisplayArray.xml
4 ms. Memory: 456704K Free: 150729K (33%)
----------------- Invoking toplevel() on ptolemy.moml.MoMLSimpleApplication@feae7c0
----------------- Done invoking toplevel() on ptolemy.moml.MoMLSimpleApplication@feae7c0
reloadAllAccessors: .DisplayArray

===========================================================================================
----------------- testing Fri Nov 22 06:25:54 UTC 2019 /home/travis/build/icyphy/ptII/ptolemy/actor/lib/test/auto/Distributor.xml
----------------- Instantiating /home/travis/build/icyphy/ptII/ptolemy/actor/lib/test/auto/Distributor.xml
2 ms. Memory: 456704K Free: 146123K (32%)
----------------- Invoking toplevel() on ptolemy.moml.MoMLSimpleApplication@6c4d35e6
----------------- Done invoking toplevel() on ptolemy.moml.MoMLSimpleApplication@6c4d35e6
reloadAllAccessors: .Distributor

===========================================================================================
----------------- testing Fri Nov 22 06:25:54 UTC 2019 /home/travis/build/icyphy/ptII/ptolemy/actor/lib/test/auto/Distributor2.xml
----------------- Instantiating /home/travis/build/icyphy/ptII/ptolemy/actor/lib/test/auto/Distributor2.xml
3 ms. Memory: 456704K Free: 141003K (31%)
----------------- Invoking toplevel() on ptolemy.moml.MoMLSimpleApplication@2d69416e
----------------- Done invoking toplevel() on ptolemy.moml.MoMLSimpleApplication@2d69416e
reloadAllAccessors: .Distributor2

===========================================================================================
----------------- testing Fri Nov 22 06:25:54 UTC 2019 /home/travis/build/icyphy/ptII/ptolemy/actor/lib/test/auto/DownSample.xml
----------------- Instantiating /home/travis/build/icyphy/ptII/ptolemy/actor/lib/test/auto/DownSample.xml
2 ms. Memory: 456704K Free: 136393K (30%)
----------------- Invoking toplevel() on ptolemy.moml.MoMLSimpleApplication@cc97219
----------------- Done invoking toplevel() on ptolemy.moml.MoMLSimpleApplication@cc97219
reloadAllAccessors: .DownSample

===========================================================================================
----------------- testing Fri Nov 22 06:25:54 UTC 2019 /home/travis/build/icyphy/ptII/ptolemy/actor/lib/test/auto/ElectronicUnitBase1.xml
----------------- Instantiating /home/travis/build/icyphy/ptII/ptolemy/actor/lib/test/auto/ElectronicUnitBase1.xml
19 ms. Memory: 456704K Free: 389528K (85%)
----------------- Invoking toplevel() on ptolemy.moml.MoMLSimpleApplication@56e11b40
----------------- Done invoking toplevel() on ptolemy.moml.MoMLSimpleApplication@56e11b40
reloadAllAccessors: .ElectronicUnitBase1

===========================================================================================
----------------- testing Fri Nov 22 06:25:54 UTC 2019 /home/travis/build/icyphy/ptII/ptolemy/actor/lib/test/auto/ElementsToArray.xml
----------------- Instantiating /home/travis/build/icyphy/ptII/ptolemy/actor/lib/test/auto/ElementsToArray.xml
3 ms. Memory: 456704K Free: 384408K (84%)
----------------- Invoking toplevel() on ptolemy.moml.MoMLSimpleApplication@2ed494dd
----------------- Done invoking toplevel() on ptolemy.moml.MoMLSimpleApplication@2ed494dd
reloadAllAccessors: .ElementsToArray

===========================================================================================
----------------- testing Fri Nov 22 06:25:54 UTC 2019 /home/travis/build/icyphy/ptII/ptolemy/actor/lib/test/auto/Equals.xml
----------------- Instantiating /home/travis/build/icyphy/ptII/ptolemy/actor/lib/test/auto/Equals.xml
4 ms. Memory: 456704K Free: 380312K (83%)
----------------- Invoking toplevel() on ptolemy.moml.MoMLSimpleApplication@65c4c096
----------------- Done invoking toplevel() on ptolemy.moml.MoMLSimpleApplication@65c4c096
reloadAllAccessors: .Equals

===========================================================================================
----------------- testing Fri Nov 22 06:25:54 UTC 2019 /home/travis/build/icyphy/ptII/ptolemy/actor/lib/test/auto/Exec.xml
----------------- Instantiating /home/travis/build/icyphy/ptII/ptolemy/actor/lib/test/auto/Exec.xml
24 ms. Memory: 456704K Free: 374168K (82%)
----------------- Invoking toplevel() on ptolemy.moml.MoMLSimpleApplication@32a5e481
----------------- Done invoking toplevel() on ptolemy.moml.MoMLSimpleApplication@32a5e481
reloadAllAccessors: .Exec

===========================================================================================
----------------- testing Fri Nov 22 06:25:54 UTC 2019 /home/travis/build/icyphy/ptII/ptolemy/actor/lib/test/auto/ExecEnvironment.xml
----------------- Instantiating /home/travis/build/icyphy/ptII/ptolemy/actor/lib/test/auto/ExecEnvironment.xml
34 ms. Memory: 456704K Free: 368024K (81%)
----------------- Invoking toplevel() on ptolemy.moml.MoMLSimpleApplication@148965
----------------- Done invoking toplevel() on ptolemy.moml.MoMLSimpleApplication@148965
reloadAllAccessors: .ExecEnvironment

===========================================================================================
----------------- testing Fri Nov 22 06:25:54 UTC 2019 /home/travis/build/icyphy/ptII/ptolemy/actor/lib/test/auto/ExecNonZeroReturnOutput.xml
----------------- Instantiating /home/travis/build/icyphy/ptII/ptolemy/actor/lib/test/auto/ExecNonZeroReturnOutput.xml
227 ms. Memory: 456704K Free: 356760K (78%)
----------------- Invoking toplevel() on ptolemy.moml.MoMLSimpleApplication@6421a28a
----------------- Done invoking toplevel() on ptolemy.moml.MoMLSimpleApplication@6421a28a
reloadAllAccessors: .ExecNonZeroReturnOutput

===========================================================================================
----------------- testing Fri Nov 22 06:25:55 UTC 2019 /home/travis/build/icyphy/ptII/ptolemy/actor/lib/test/auto/ExecRunDemos.xml
----------------- Instantiating /home/travis/build/icyphy/ptII/ptolemy/actor/lib/test/auto/ExecRunDemos.xml
Finished: 85 ms. Memory: 120832K Free: 104270K (86%)

Finished: 99 ms. Memory: 120832K Free: 109569K (91%)

Finished: 109 ms. Memory: 120832K Free: 110703K (92%)

Finished: 86 ms. Memory: 120832K Free: 103118K (85%)

Finished: 105 ms. Memory: 120832K Free: 104224K (86%)

11209 ms. Memory: 456704K Free: 335254K (73%)
----------------- Invoking toplevel() on ptolemy.moml.MoMLSimpleApplication@1fbd71e4
----------------- Done invoking toplevel() on ptolemy.moml.MoMLSimpleApplication@1fbd71e4
reloadAllAccessors: .ExecRunDemos

===========================================================================================
----------------- testing Fri Nov 22 06:26:06 UTC 2019 /home/travis/build/icyphy/ptII/ptolemy/actor/lib/test/auto/ExecStop.xml
----------------- Instantiating /home/travis/build/icyphy/ptII/ptolemy/actor/lib/test/auto/ExecStop.xml
5025 ms. Memory: 456704K Free: 206230K (45%)
----------------- Invoking toplevel() on ptolemy.moml.MoMLSimpleApplication@43433af3
----------------- Done invoking toplevel() on ptolemy.moml.MoMLSimpleApplication@43433af3
reloadAllAccessors: .ExecStop

===========================================================================================
----------------- testing Fri Nov 22 06:26:11 UTC 2019 /home/travis/build/icyphy/ptII/ptolemy/actor/lib/test/auto/ExecutionTimeSDF.xml
----------------- Instantiating /home/travis/build/icyphy/ptII/ptolemy/actor/lib/test/auto/ExecutionTimeSDF.xml
Fired ExecutionTime: 1317600000
Fired ExecutionTime: 1040000000
Fired ExecutionTime: 1070800000
6019 ms. Memory: 456704K Free: 193944K (42%)
----------------- Invoking toplevel() on ptolemy.moml.MoMLSimpleApplication@7d555252
----------------- Done invoking toplevel() on ptolemy.moml.MoMLSimpleApplication@7d555252
reloadAllAccessors: .ExecutionTimeSDF

===========================================================================================
----------------- testing Fri Nov 22 06:26:17 UTC 2019 /home/travis/build/icyphy/ptII/ptolemy/actor/lib/test/auto/Expression1.xml
----------------- Instantiating /home/travis/build/icyphy/ptII/ptolemy/actor/lib/test/auto/Expression1.xml
2 ms. Memory: 456704K Free: 190358K (42%)
----------------- Invoking toplevel() on ptolemy.moml.MoMLSimpleApplication@69d3f35b
----------------- Done invoking toplevel() on ptolemy.moml.MoMLSimpleApplication@69d3f35b
reloadAllAccessors: .Expression1

===========================================================================================
----------------- testing Fri Nov 22 06:26:17 UTC 2019 /home/travis/build/icyphy/ptII/ptolemy/actor/lib/test/auto/Expression10.xml
----------------- Instantiating /home/travis/build/icyphy/ptII/ptolemy/actor/lib/test/auto/Expression10.xml
7 ms. Memory: 456704K Free: 185238K (41%)
----------------- Invoking toplevel() on ptolemy.moml.MoMLSimpleApplication@4399e45f
----------------- Done invoking toplevel() on ptolemy.moml.MoMLSimpleApplication@4399e45f
reloadAllAccessors: .Expression10

===========================================================================================
----------------- testing Fri Nov 22 06:26:17 UTC 2019 /home/travis/build/icyphy/ptII/ptolemy/actor/lib/test/auto/Expression11.xml
----------------- Instantiating /home/travis/build/icyphy/ptII/ptolemy/actor/lib/test/auto/Expression11.xml
3 ms. Memory: 456704K Free: 180632K (40%)
----------------- Invoking toplevel() on ptolemy.moml.MoMLSimpleApplication@5f3309ab
----------------- Done invoking toplevel() on ptolemy.moml.MoMLSimpleApplication@5f3309ab
reloadAllAccessors: .Expression11

===========================================================================================
----------------- testing Fri Nov 22 06:26:17 UTC 2019 /home/travis/build/icyphy/ptII/ptolemy/actor/lib/test/auto/Expression12.xml
----------------- Instantiating /home/travis/build/icyphy/ptII/ptolemy/actor/lib/test/auto/Expression12.xml
4 ms. Memory: 456704K Free: 174998K (38%)
----------------- Invoking toplevel() on ptolemy.moml.MoMLSimpleApplication@51dafef
----------------- Done invoking toplevel() on ptolemy.moml.MoMLSimpleApplication@51dafef
reloadAllAccessors: .Expression12

===========================================================================================
----------------- testing Fri Nov 22 06:26:17 UTC 2019 /home/travis/build/icyphy/ptII/ptolemy/actor/lib/test/auto/Expression13.xml
----------------- Instantiating /home/travis/build/icyphy/ptII/ptolemy/actor/lib/test/auto/Expression13.xml
4 ms. Memory: 456704K Free: 170392K (37%)
----------------- Invoking toplevel() on ptolemy.moml.MoMLSimpleApplication@79335b80
----------------- Done invoking toplevel() on ptolemy.moml.MoMLSimpleApplication@79335b80
reloadAllAccessors: .Expression13

===========================================================================================
----------------- testing Fri Nov 22 06:26:17 UTC 2019 /home/travis/build/icyphy/ptII/ptolemy/actor/lib/test/auto/Expression14.xml
----------------- Instantiating /home/travis/build/icyphy/ptII/ptolemy/actor/lib/test/auto/Expression14.xml
9 ms. Memory: 456704K Free: 164248K (36%)
----------------- Invoking toplevel() on ptolemy.moml.MoMLSimpleApplication@7fe343cc
----------------- Done invoking toplevel() on ptolemy.moml.MoMLSimpleApplication@7fe343cc
reloadAllAccessors: .Expression14

===========================================================================================
----------------- testing Fri Nov 22 06:26:17 UTC 2019 /home/travis/build/icyphy/ptII/ptolemy/actor/lib/test/auto/Expression15.xml
----------------- Instantiating /home/travis/build/icyphy/ptII/ptolemy/actor/lib/test/auto/Expression15.xml
2 ms. Memory: 456704K Free: 160152K (35%)
----------------- Invoking toplevel() on ptolemy.moml.MoMLSimpleApplication@4c4d9e0f
----------------- Done invoking toplevel() on ptolemy.moml.MoMLSimpleApplication@4c4d9e0f
reloadAllAccessors: .Expression15

===========================================================================================
----------------- testing Fri Nov 22 06:26:17 UTC 2019 /home/travis/build/icyphy/ptII/ptolemy/actor/lib/test/auto/Expression16.xml
----------------- Instantiating /home/travis/build/icyphy/ptII/ptolemy/actor/lib/test/auto/Expression16.xml
4 ms. Memory: 456704K Free: 155542K (34%)
----------------- Invoking toplevel() on ptolemy.moml.MoMLSimpleApplication@55a1d020
----------------- Done invoking toplevel() on ptolemy.moml.MoMLSimpleApplication@55a1d020
reloadAllAccessors: .Expression16

===========================================================================================
----------------- testing Fri Nov 22 06:26:17 UTC 2019 /home/travis/build/icyphy/ptII/ptolemy/actor/lib/test/auto/Expression17.xml
----------------- Instantiating /home/travis/build/icyphy/ptII/ptolemy/actor/lib/test/auto/Expression17.xml
5 ms. Memory: 456704K Free: 150422K (33%)
----------------- Invoking toplevel() on ptolemy.moml.MoMLSimpleApplication@4df0fe46
----------------- Done invoking toplevel() on ptolemy.moml.MoMLSimpleApplication@4df0fe46
reloadAllAccessors: .Expression17

===========================================================================================
----------------- testing Fri Nov 22 06:26:17 UTC 2019 /home/travis/build/icyphy/ptII/ptolemy/actor/lib/test/auto/Expression18.xml
----------------- Instantiating /home/travis/build/icyphy/ptII/ptolemy/actor/lib/test/auto/Expression18.xml
4 ms. Memory: 456704K Free: 145302K (32%)
----------------- Invoking toplevel() on ptolemy.moml.MoMLSimpleApplication@d649429
----------------- Done invoking toplevel() on ptolemy.moml.MoMLSimpleApplication@d649429
reloadAllAccessors: .Expression18

===========================================================================================
----------------- testing Fri Nov 22 06:26:17 UTC 2019 /home/travis/build/icyphy/ptII/ptolemy/actor/lib/test/auto/Expression2.xml
----------------- Instantiating /home/travis/build/icyphy/ptII/ptolemy/actor/lib/test/auto/Expression2.xml
3 ms. Memory: 456704K Free: 140696K (31%)
----------------- Invoking toplevel() on ptolemy.moml.MoMLSimpleApplication@5e09921f
----------------- Done invoking toplevel() on ptolemy.moml.MoMLSimpleApplication@5e09921f
reloadAllAccessors: .Expression2

===========================================================================================
----------------- testing Fri Nov 22 06:26:17 UTC 2019 /home/travis/build/icyphy/ptII/ptolemy/actor/lib/test/auto/Expression3.xml
----------------- Instantiating /home/travis/build/icyphy/ptII/ptolemy/actor/lib/test/auto/Expression3.xml
8 ms. Memory: 456704K Free: 135576K (30%)
----------------- Invoking toplevel() on ptolemy.moml.MoMLSimpleApplication@70d7f17d
----------------- Done invoking toplevel() on ptolemy.moml.MoMLSimpleApplication@70d7f17d
reloadAllAccessors: .Expression3

===========================================================================================
----------------- testing Fri Nov 22 06:26:17 UTC 2019 /home/travis/build/icyphy/ptII/ptolemy/actor/lib/test/auto/Expression4.xml
----------------- Instantiating /home/travis/build/icyphy/ptII/ptolemy/actor/lib/test/auto/Expression4.xml
5 ms. Memory: 456704K Free: 397245K (87%)
----------------- Invoking toplevel() on ptolemy.moml.MoMLSimpleApplication@74e78414
----------------- Done invoking toplevel() on ptolemy.moml.MoMLSimpleApplication@74e78414
reloadAllAccessors: .Expression4

===========================================================================================
----------------- testing Fri Nov 22 06:26:17 UTC 2019 /home/travis/build/icyphy/ptII/ptolemy/actor/lib/test/auto/Expression5.xml
----------------- Instantiating /home/travis/build/icyphy/ptII/ptolemy/actor/lib/test/auto/Expression5.xml
7 ms. Memory: 456704K Free: 392125K (86%)
----------------- Invoking toplevel() on ptolemy.moml.MoMLSimpleApplication@3108ee80
----------------- Done invoking toplevel() on ptolemy.moml.MoMLSimpleApplication@3108ee80
reloadAllAccessors: .Expression5

===========================================================================================
----------------- testing Fri Nov 22 06:26:17 UTC 2019 /home/travis/build/icyphy/ptII/ptolemy/actor/lib/test/auto/Expression6.xml
----------------- Instantiating /home/travis/build/icyphy/ptII/ptolemy/actor/lib/test/auto/Expression6.xml
3 ms. Memory: 456704K Free: 388029K (85%)
----------------- Invoking toplevel() on ptolemy.moml.MoMLSimpleApplication@7d91d85a
----------------- Done invoking toplevel() on ptolemy.moml.MoMLSimpleApplication@7d91d85a
reloadAllAccessors: .Expression6

===========================================================================================
----------------- testing Fri Nov 22 06:26:17 UTC 2019 /home/travis/build/icyphy/ptII/ptolemy/actor/lib/test/auto/Expression7.xml
----------------- Instantiating /home/travis/build/icyphy/ptII/ptolemy/actor/lib/test/auto/Expression7.xml
4 ms. Memory: 456704K Free: 382909K (84%)
----------------- Invoking toplevel() on ptolemy.moml.MoMLSimpleApplication@20e24a3d
----------------- Done invoking toplevel() on ptolemy.moml.MoMLSimpleApplication@20e24a3d
reloadAllAccessors: .Expression7

===========================================================================================
----------------- testing Fri Nov 22 06:26:17 UTC 2019 /home/travis/build/icyphy/ptII/ptolemy/actor/lib/test/auto/Expression8.xml
----------------- Instantiating /home/travis/build/icyphy/ptII/ptolemy/actor/lib/test/auto/Expression8.xml
11 ms. Memory: 456704K Free: 377789K (83%)
----------------- Invoking toplevel() on ptolemy.moml.MoMLSimpleApplication@68a8f2a5
----------------- Done invoking toplevel() on ptolemy.moml.MoMLSimpleApplication@68a8f2a5
reloadAllAccessors: .Expression8

===========================================================================================
----------------- testing Fri Nov 22 06:26:17 UTC 2019 /home/travis/build/icyphy/ptII/ptolemy/actor/lib/test/auto/Expression9.xml
----------------- Instantiating /home/travis/build/icyphy/ptII/ptolemy/actor/lib/test/auto/Expression9.xml
1 ms. Memory: 456704K Free: 374207K (82%)
----------------- Invoking toplevel() on ptolemy.moml.MoMLSimpleApplication@5f54eff5
----------------- Done invoking toplevel() on ptolemy.moml.MoMLSimpleApplication@5f54eff5
reloadAllAccessors: .Expression9

===========================================================================================
----------------- testing Fri Nov 22 06:26:17 UTC 2019 /home/travis/build/icyphy/ptII/ptolemy/actor/lib/test/auto/ExpressionConcatenateArrayType.xml
----------------- Instantiating /home/travis/build/icyphy/ptII/ptolemy/actor/lib/test/auto/ExpressionConcatenateArrayType.xml
4 ms. Memory: 456704K Free: 367549K (80%)
----------------- Invoking toplevel() on ptolemy.moml.MoMLSimpleApplication@7f98db16
----------------- Done invoking toplevel() on ptolemy.moml.MoMLSimpleApplication@7f98db16
reloadAllAccessors: .ExpressionConcatenateArrayType

===========================================================================================
----------------- testing Fri Nov 22 06:26:17 UTC 2019 /home/travis/build/icyphy/ptII/ptolemy/actor/lib/test/auto/ExpressionConcatenateArrayType2.xml
----------------- Instantiating /home/travis/build/icyphy/ptII/ptolemy/actor/lib/test/auto/ExpressionConcatenateArrayType2.xml
3 ms. Memory: 456704K Free: 361919K (79%)
----------------- Invoking toplevel() on ptolemy.moml.MoMLSimpleApplication@1cffa177
----------------- Done invoking toplevel() on ptolemy.moml.MoMLSimpleApplication@1cffa177
reloadAllAccessors: .ExpressionConcatenateArrayType2

===========================================================================================
----------------- testing Fri Nov 22 06:26:17 UTC 2019 /home/travis/build/icyphy/ptII/ptolemy/actor/lib/test/auto/ExpressionFix.xml
----------------- Instantiating /home/travis/build/icyphy/ptII/ptolemy/actor/lib/test/auto/ExpressionFix.xml
22 ms. Memory: 456704K Free: 355775K (78%)
----------------- Invoking toplevel() on ptolemy.moml.MoMLSimpleApplication@656404f0
----------------- Done invoking toplevel() on ptolemy.moml.MoMLSimpleApplication@656404f0
reloadAllAccessors: .ExpressionFix

===========================================================================================
----------------- testing Fri Nov 22 06:26:17 UTC 2019 /home/travis/build/icyphy/ptII/ptolemy/actor/lib/test/auto/ExpressionFix2.xml
----------------- Instantiating /home/travis/build/icyphy/ptII/ptolemy/actor/lib/test/auto/ExpressionFix2.xml
9 ms. Memory: 456704K Free: 351679K (77%)
----------------- Invoking toplevel() on ptolemy.moml.MoMLSimpleApplication@5ad764c4
----------------- Done invoking toplevel() on ptolemy.moml.MoMLSimpleApplication@5ad764c4
reloadAllAccessors: .ExpressionFix2

===========================================================================================
----------------- testing Fri Nov 22 06:26:18 UTC 2019 /home/travis/build/icyphy/ptII/ptolemy/actor/lib/test/auto/ExpressionFix3.xml
----------------- Instantiating /home/travis/build/icyphy/ptII/ptolemy/actor/lib/test/auto/ExpressionFix3.xml
3 ms. Memory: 456704K Free: 347069K (76%)
----------------- Invoking toplevel() on ptolemy.moml.MoMLSimpleApplication@10925986
----------------- Done invoking toplevel() on ptolemy.moml.MoMLSimpleApplication@10925986
reloadAllAccessors: .ExpressionFix3

===========================================================================================
----------------- testing Fri Nov 22 06:26:18 UTC 2019 /home/travis/build/icyphy/ptII/ptolemy/actor/lib/test/auto/FileWriter1.xml
----------------- Instantiating /home/travis/build/icyphy/ptII/ptolemy/actor/lib/test/auto/FileWriter1.xml
13 ms. Memory: 456704K Free: 342973K (75%)
----------------- Invoking toplevel() on ptolemy.moml.MoMLSimpleApplication@57e9bb
----------------- Done invoking toplevel() on ptolemy.moml.MoMLSimpleApplication@57e9bb
reloadAllAccessors: .FileWriter1

===========================================================================================
----------------- testing Fri Nov 22 06:26:18 UTC 2019 /home/travis/build/icyphy/ptII/ptolemy/actor/lib/test/auto/FileWriter2.xml
----------------- Instantiating /home/travis/build/icyphy/ptII/ptolemy/actor/lib/test/auto/FileWriter2.xml
9 ms. Memory: 456704K Free: 339391K (74%)
----------------- Invoking toplevel() on ptolemy.moml.MoMLSimpleApplication@7824b201
----------------- Done invoking toplevel() on ptolemy.moml.MoMLSimpleApplication@7824b201
reloadAllAccessors: .FileWriter2

===========================================================================================
----------------- testing Fri Nov 22 06:26:18 UTC 2019 /home/travis/build/icyphy/ptII/ptolemy/actor/lib/test/auto/FileWriter3.xml
----------------- Instantiating /home/travis/build/icyphy/ptII/ptolemy/actor/lib/test/auto/FileWriter3.xml
8 ms. Memory: 456704K Free: 335295K (73%)
----------------- Invoking toplevel() on ptolemy.moml.MoMLSimpleApplication@142ad18c
----------------- Done invoking toplevel() on ptolemy.moml.MoMLSimpleApplication@142ad18c
reloadAllAccessors: .FileWriter3

===========================================================================================
----------------- testing Fri Nov 22 06:26:18 UTC 2019 /home/travis/build/icyphy/ptII/ptolemy/actor/lib/test/auto/Gaussian.xml
----------------- Instantiating /home/travis/build/icyphy/ptII/ptolemy/actor/lib/test/auto/Gaussian.xml
3 ms. Memory: 456704K Free: 330685K (72%)
----------------- Invoking toplevel() on ptolemy.moml.MoMLSimpleApplication@69f5d806
----------------- Done invoking toplevel() on ptolemy.moml.MoMLSimpleApplication@69f5d806
reloadAllAccessors: .Gaussian

===========================================================================================
----------------- testing Fri Nov 22 06:26:18 UTC 2019 /home/travis/build/icyphy/ptII/ptolemy/actor/lib/test/auto/Gaussian1.xml
----------------- Instantiating /home/travis/build/icyphy/ptII/ptolemy/actor/lib/test/auto/Gaussian1.xml
2 ms. Memory: 456704K Free: 325535K (71%)
----------------- Invoking toplevel() on ptolemy.moml.MoMLSimpleApplication@11fd718b
----------------- Done invoking toplevel() on ptolemy.moml.MoMLSimpleApplication@11fd718b
reloadAllAccessors: .Gaussian1

===========================================================================================
----------------- testing Fri Nov 22 06:26:18 UTC 2019 /home/travis/build/icyphy/ptII/ptolemy/actor/lib/test/auto/Gaussian2.xml
----------------- Instantiating /home/travis/build/icyphy/ptII/ptolemy/actor/lib/test/auto/Gaussian2.xml
2 ms. Memory: 456704K Free: 319935K (70%)
----------------- Invoking toplevel() on ptolemy.moml.MoMLSimpleApplication@4153641e
----------------- Done invoking toplevel() on ptolemy.moml.MoMLSimpleApplication@4153641e
reloadAllAccessors: .Gaussian2

===========================================================================================
----------------- testing Fri Nov 22 06:26:18 UTC 2019 /home/travis/build/icyphy/ptII/ptolemy/actor/lib/test/auto/GradientAdaptiveLattice.xml
----------------- Instantiating /home/travis/build/icyphy/ptII/ptolemy/actor/lib/test/auto/GradientAdaptiveLattice.xml
3 ms. Memory: 456704K Free: 314815K (69%)
----------------- Invoking toplevel() on ptolemy.moml.MoMLSimpleApplication@2239103e
----------------- Done invoking toplevel() on ptolemy.moml.MoMLSimpleApplication@2239103e
reloadAllAccessors: .GradientAdaptiveLattice

===========================================================================================
----------------- testing Fri Nov 22 06:26:18 UTC 2019 /home/travis/build/icyphy/ptII/ptolemy/actor/lib/test/auto/IIR.xml
----------------- Instantiating /home/travis/build/icyphy/ptII/ptolemy/actor/lib/test/auto/IIR.xml
2 ms. Memory: 456704K Free: 310205K (68%)
----------------- Invoking toplevel() on ptolemy.moml.MoMLSimpleApplication@9b3e986
----------------- Done invoking toplevel() on ptolemy.moml.MoMLSimpleApplication@9b3e986
reloadAllAccessors: .IIR

===========================================================================================
----------------- testing Fri Nov 22 06:26:18 UTC 2019 /home/travis/build/icyphy/ptII/ptolemy/actor/lib/test/auto/InputOutputTransparentPorts.xml
----------------- Instantiating /home/travis/build/icyphy/ptII/ptolemy/actor/lib/test/auto/InputOutputTransparentPorts.xml
2 ms. Memory: 456704K Free: 303037K (66%)
----------------- Invoking toplevel() on ptolemy.moml.MoMLSimpleApplication@23aff34e
----------------- Done invoking toplevel() on ptolemy.moml.MoMLSimpleApplication@23aff34e
reloadAllAccessors: .InputOutputTransparentPorts

===========================================================================================
----------------- testing Fri Nov 22 06:26:18 UTC 2019 /home/travis/build/icyphy/ptII/ptolemy/actor/lib/test/auto/Interpolator.xml
----------------- Instantiating /home/travis/build/icyphy/ptII/ptolemy/actor/lib/test/auto/Interpolator.xml
3 ms. Memory: 456704K Free: 298941K (65%)
----------------- Invoking toplevel() on ptolemy.moml.MoMLSimpleApplication@6bcb4b9b
----------------- Done invoking toplevel() on ptolemy.moml.MoMLSimpleApplication@6bcb4b9b
reloadAllAccessors: .Interpolator

===========================================================================================
----------------- testing Fri Nov 22 06:26:18 UTC 2019 /home/travis/build/icyphy/ptII/ptolemy/actor/lib/test/auto/InterpolatorFiringLimitDE.xml
----------------- Instantiating /home/travis/build/icyphy/ptII/ptolemy/actor/lib/test/auto/InterpolatorFiringLimitDE.xml
3 ms. Memory: 456704K Free: 292287K (64%)
----------------- Invoking toplevel() on ptolemy.moml.MoMLSimpleApplication@73eb06b8
----------------- Done invoking toplevel() on ptolemy.moml.MoMLSimpleApplication@73eb06b8
reloadAllAccessors: .InterpolatorFiringLimitDE

===========================================================================================
----------------- testing Fri Nov 22 06:26:18 UTC 2019 /home/travis/build/icyphy/ptII/ptolemy/actor/lib/test/auto/Lattice.xml
----------------- Instantiating /home/travis/build/icyphy/ptII/ptolemy/actor/lib/test/auto/Lattice.xml
2 ms. Memory: 456704K Free: 288191K (63%)
----------------- Invoking toplevel() on ptolemy.moml.MoMLSimpleApplication@349f3b0
----------------- Done invoking toplevel() on ptolemy.moml.MoMLSimpleApplication@349f3b0
reloadAllAccessors: .Lattice

===========================================================================================
----------------- testing Fri Nov 22 06:26:18 UTC 2019 /home/travis/build/icyphy/ptII/ptolemy/actor/lib/test/auto/LazyAOCTestLazy.xml
----------------- Instantiating /home/travis/build/icyphy/ptII/ptolemy/actor/lib/test/auto/LazyAOCTestLazy.xml
18 ms. Memory: 456704K Free: 282543K (62%)
----------------- Invoking toplevel() on ptolemy.moml.MoMLSimpleApplication@33edd693
----------------- Done invoking toplevel() on ptolemy.moml.MoMLSimpleApplication@33edd693
reloadAllAccessors: .LazyAOCTestLazy

===========================================================================================
----------------- testing Fri Nov 22 06:26:18 UTC 2019 /home/travis/build/icyphy/ptII/ptolemy/actor/lib/test/auto/LazyAOCTestNonLazy.xml
----------------- Instantiating /home/travis/build/icyphy/ptII/ptolemy/actor/lib/test/auto/LazyAOCTestNonLazy.xml
3 ms. Memory: 456704K Free: 275903K (60%)
----------------- Invoking toplevel() on ptolemy.moml.MoMLSimpleApplication@53ad385b
----------------- Done invoking toplevel() on ptolemy.moml.MoMLSimpleApplication@53ad385b
reloadAllAccessors: .LazyAOCTestNonLazy

===========================================================================================
----------------- testing Fri Nov 22 06:26:18 UTC 2019 /home/travis/build/icyphy/ptII/ptolemy/actor/lib/test/auto/LazyInnerClass.xml
----------------- Instantiating /home/travis/build/icyphy/ptII/ptolemy/actor/lib/test/auto/LazyInnerClass.xml
28 ms. Memory: 456704K Free: 267183K (59%)
----------------- Invoking toplevel() on ptolemy.moml.MoMLSimpleApplication@69cf0097
----------------- Done invoking toplevel() on ptolemy.moml.MoMLSimpleApplication@69cf0097
reloadAllAccessors: .LazyInnerClass

===========================================================================================
----------------- testing Fri Nov 22 06:26:18 UTC 2019 /home/travis/build/icyphy/ptII/ptolemy/actor/lib/test/auto/LazyPubSub.xml
----------------- Instantiating /home/travis/build/icyphy/ptII/ptolemy/actor/lib/test/auto/LazyPubSub.xml
17 ms. Memory: 456704K Free: 256447K (56%)
----------------- Invoking toplevel() on ptolemy.moml.MoMLSimpleApplication@5d60f74e
----------------- Done invoking toplevel() on ptolemy.moml.MoMLSimpleApplication@5d60f74e
reloadAllAccessors: .LazyPubSub

===========================================================================================
----------------- testing Fri Nov 22 06:26:18 UTC 2019 /home/travis/build/icyphy/ptII/ptolemy/actor/lib/test/auto/LazyPubSub2.xml
----------------- Instantiating /home/travis/build/icyphy/ptII/ptolemy/actor/lib/test/auto/LazyPubSub2.xml
16 ms. Memory: 456704K Free: 246717K (54%)
----------------- Invoking toplevel() on ptolemy.moml.MoMLSimpleApplication@16d56a70
----------------- Done invoking toplevel() on ptolemy.moml.MoMLSimpleApplication@16d56a70
reloadAllAccessors: .LazyPubSub2

===========================================================================================
----------------- testing Fri Nov 22 06:26:18 UTC 2019 /home/travis/build/icyphy/ptII/ptolemy/actor/lib/test/auto/LazyPubSub3.xml
----------------- Instantiating /home/travis/build/icyphy/ptII/ptolemy/actor/lib/test/auto/LazyPubSub3.xml
14 ms. Memory: 456704K Free: 236477K (52%)
----------------- Invoking toplevel() on ptolemy.moml.MoMLSimpleApplication@538ec2ef
----------------- Done invoking toplevel() on ptolemy.moml.MoMLSimpleApplication@538ec2ef
reloadAllAccessors: .LazyPubSub3

===========================================================================================
----------------- testing Fri Nov 22 06:26:18 UTC 2019 /home/travis/build/icyphy/ptII/ptolemy/actor/lib/test/auto/LazySubClassModel.xml
----------------- Instantiating /home/travis/build/icyphy/ptII/ptolemy/actor/lib/test/auto/LazySubClassModel.xml
2 ms. Memory: 456704K Free: 227261K (50%)
----------------- Invoking toplevel() on ptolemy.moml.MoMLSimpleApplication@4d07bda4
----------------- Done invoking toplevel() on ptolemy.moml.MoMLSimpleApplication@4d07bda4
reloadAllAccessors: .LazySubClassModel

===========================================================================================
----------------- testing Fri Nov 22 06:26:18 UTC 2019 /home/travis/build/icyphy/ptII/ptolemy/actor/lib/test/auto/LevelCrossTest1.xml
----------------- Instantiating /home/travis/build/icyphy/ptII/ptolemy/actor/lib/test/auto/LevelCrossTest1.xml
2 ms. Memory: 456704K Free: 221631K (49%)
----------------- Invoking toplevel() on ptolemy.moml.MoMLSimpleApplication@292ce2eb
----------------- Done invoking toplevel() on ptolemy.moml.MoMLSimpleApplication@292ce2eb
reloadAllAccessors: .broken

===========================================================================================
----------------- testing Fri Nov 22 06:26:18 UTC 2019 /home/travis/build/icyphy/ptII/ptolemy/actor/lib/test/auto/LevelCrossTest10.xml
----------------- Instantiating /home/travis/build/icyphy/ptII/ptolemy/actor/lib/test/auto/LevelCrossTest10.xml
2 ms. Memory: 456704K Free: 214463K (47%)
----------------- Invoking toplevel() on ptolemy.moml.MoMLSimpleApplication@631c65c3
----------------- Done invoking toplevel() on ptolemy.moml.MoMLSimpleApplication@631c65c3
reloadAllAccessors: .LevelCrossTest10

===========================================================================================
----------------- testing Fri Nov 22 06:26:18 UTC 2019 /home/travis/build/icyphy/ptII/ptolemy/actor/lib/test/auto/LevelCrossTest11.xml
----------------- Instantiating /home/travis/build/icyphy/ptII/ptolemy/actor/lib/test/auto/LevelCrossTest11.xml
1 ms. Memory: 456704K Free: 207805K (46%)
----------------- Invoking toplevel() on ptolemy.moml.MoMLSimpleApplication@529ba4e3
----------------- Done invoking toplevel() on ptolemy.moml.MoMLSimpleApplication@529ba4e3
reloadAllAccessors: .LevelCrossTest11

===========================================================================================
----------------- testing Fri Nov 22 06:26:18 UTC 2019 /home/travis/build/icyphy/ptII/ptolemy/actor/lib/test/auto/LevelCrossTest12.xml
----------------- Instantiating /home/travis/build/icyphy/ptII/ptolemy/actor/lib/test/auto/LevelCrossTest12.xml
2 ms. Memory: 456704K Free: 201151K (44%)
----------------- Invoking toplevel() on ptolemy.moml.MoMLSimpleApplication@7a0ea3d3
----------------- Done invoking toplevel() on ptolemy.moml.MoMLSimpleApplication@7a0ea3d3
reloadAllAccessors: .LevelCrossTest12

===========================================================================================
----------------- testing Fri Nov 22 06:26:18 UTC 2019 /home/travis/build/icyphy/ptII/ptolemy/actor/lib/test/auto/LevelCrossTest13.xml
----------------- Instantiating /home/travis/build/icyphy/ptII/ptolemy/actor/lib/test/auto/LevelCrossTest13.xml
2 ms. Memory: 456704K Free: 193983K (42%)
----------------- Invoking toplevel() on ptolemy.moml.MoMLSimpleApplication@534b1c7e
----------------- Done invoking toplevel() on ptolemy.moml.MoMLSimpleApplication@534b1c7e
reloadAllAccessors: .LevelCrossTest13

===========================================================================================
----------------- testing Fri Nov 22 06:26:18 UTC 2019 /home/travis/build/icyphy/ptII/ptolemy/actor/lib/test/auto/LevelCrossTest2.xml
----------------- Instantiating /home/travis/build/icyphy/ptII/ptolemy/actor/lib/test/auto/LevelCrossTest2.xml
1 ms. Memory: 456704K Free: 188349K (41%)
----------------- Invoking toplevel() on ptolemy.moml.MoMLSimpleApplication@4bab4b42
----------------- Done invoking toplevel() on ptolemy.moml.MoMLSimpleApplication@4bab4b42
reloadAllAccessors: .broken

===========================================================================================
----------------- testing Fri Nov 22 06:26:18 UTC 2019 /home/travis/build/icyphy/ptII/ptolemy/actor/lib/test/auto/LevelCrossTest3.xml
----------------- Instantiating /home/travis/build/icyphy/ptII/ptolemy/actor/lib/test/auto/LevelCrossTest3.xml
2 ms. Memory: 456704K Free: 182205K (40%)
----------------- Invoking toplevel() on ptolemy.moml.MoMLSimpleApplication@27731b8c
----------------- Done invoking toplevel() on ptolemy.moml.MoMLSimpleApplication@27731b8c
reloadAllAccessors: .LevelCrossTest3

===========================================================================================
----------------- testing Fri Nov 22 06:26:18 UTC 2019 /home/travis/build/icyphy/ptII/ptolemy/actor/lib/test/auto/LevelCrossTest4.xml
----------------- Instantiating /home/travis/build/icyphy/ptII/ptolemy/actor/lib/test/auto/LevelCrossTest4.xml
1 ms. Memory: 456704K Free: 177085K (39%)
----------------- Invoking toplevel() on ptolemy.moml.MoMLSimpleApplication@6a0de8ec
----------------- Done invoking toplevel() on ptolemy.moml.MoMLSimpleApplication@6a0de8ec
reloadAllAccessors: .broken

===========================================================================================
----------------- testing Fri Nov 22 06:26:18 UTC 2019 /home/travis/build/icyphy/ptII/ptolemy/actor/lib/test/auto/LevelCrossTest5.xml
----------------- Instantiating /home/travis/build/icyphy/ptII/ptolemy/actor/lib/test/auto/LevelCrossTest5.xml
4 ms. Memory: 456704K Free: 170941K (37%)
----------------- Invoking toplevel() on ptolemy.moml.MoMLSimpleApplication@7ba201fd
----------------- Done invoking toplevel() on ptolemy.moml.MoMLSimpleApplication@7ba201fd
reloadAllAccessors: .LevelCrossTest5

===========================================================================================
----------------- testing Fri Nov 22 06:26:18 UTC 2019 /home/travis/build/icyphy/ptII/ptolemy/actor/lib/test/auto/LevelCrossTest6.xml
----------------- Instantiating /home/travis/build/icyphy/ptII/ptolemy/actor/lib/test/auto/LevelCrossTest6.xml
2 ms. Memory: 456704K Free: 163263K (36%)
----------------- Invoking toplevel() on ptolemy.moml.MoMLSimpleApplication@3e58c3a0
----------------- Done invoking toplevel() on ptolemy.moml.MoMLSimpleApplication@3e58c3a0
reloadAllAccessors: .LevelCrossTest6

===========================================================================================
----------------- testing Fri Nov 22 06:26:18 UTC 2019 /home/travis/build/icyphy/ptII/ptolemy/actor/lib/test/auto/LevelCrossTest7.xml
----------------- Instantiating /home/travis/build/icyphy/ptII/ptolemy/actor/lib/test/auto/LevelCrossTest7.xml
1 ms. Memory: 456704K Free: 155581K (34%)
----------------- Invoking toplevel() on ptolemy.moml.MoMLSimpleApplication@5b25ff6d
----------------- Done invoking toplevel() on ptolemy.moml.MoMLSimpleApplication@5b25ff6d
reloadAllAccessors: .LevelCrossTest7

===========================================================================================
----------------- testing Fri Nov 22 06:26:18 UTC 2019 /home/travis/build/icyphy/ptII/ptolemy/actor/lib/test/auto/LevelCrossTest8.xml
----------------- Instantiating /home/travis/build/icyphy/ptII/ptolemy/actor/lib/test/auto/LevelCrossTest8.xml
15 ms. Memory: 456704K Free: 148927K (33%)
----------------- Invoking toplevel() on ptolemy.moml.MoMLSimpleApplication@e026d52
----------------- Done invoking toplevel() on ptolemy.moml.MoMLSimpleApplication@e026d52
reloadAllAccessors: .LevelCrossTest8

===========================================================================================
----------------- testing Fri Nov 22 06:26:18 UTC 2019 /home/travis/build/icyphy/ptII/ptolemy/actor/lib/test/auto/LevelCrossTest9.xml
----------------- Instantiating /home/travis/build/icyphy/ptII/ptolemy/actor/lib/test/auto/LevelCrossTest9.xml
1 ms. Memory: 456704K Free: 141245K (31%)
----------------- Invoking toplevel() on ptolemy.moml.MoMLSimpleApplication@638224a8
----------------- Done invoking toplevel() on ptolemy.moml.MoMLSimpleApplication@638224a8
reloadAllAccessors: .LevelCrossTest9

===========================================================================================
----------------- testing Fri Nov 22 06:26:18 UTC 2019 /home/travis/build/icyphy/ptII/ptolemy/actor/lib/test/auto/LevinsonDurbin.xml
----------------- Instantiating /home/travis/build/icyphy/ptII/ptolemy/actor/lib/test/auto/LevinsonDurbin.xml
2 ms. Memory: 456704K Free: 137149K (30%)
----------------- Invoking toplevel() on ptolemy.moml.MoMLSimpleApplication@7d27cfb4
----------------- Done invoking toplevel() on ptolemy.moml.MoMLSimpleApplication@7d27cfb4
reloadAllAccessors: .LevinsonDurbin

===========================================================================================
----------------- testing Fri Nov 22 06:26:18 UTC 2019 /home/travis/build/icyphy/ptII/ptolemy/actor/lib/test/auto/LevinsonDurbin2.xml
----------------- Instantiating /home/travis/build/icyphy/ptII/ptolemy/actor/lib/test/auto/LevinsonDurbin2.xml
2 ms. Memory: 456704K Free: 402059K (88%)
----------------- Invoking toplevel() on ptolemy.moml.MoMLSimpleApplication@3762e684
----------------- Done invoking toplevel() on ptolemy.moml.MoMLSimpleApplication@3762e684
reloadAllAccessors: .LevinsonDurbin2

===========================================================================================
----------------- testing Fri Nov 22 06:26:18 UTC 2019 /home/travis/build/icyphy/ptII/ptolemy/actor/lib/test/auto/LevinsonDurbin3.xml
----------------- Instantiating /home/travis/build/icyphy/ptII/ptolemy/actor/lib/test/auto/LevinsonDurbin3.xml
3 ms. Memory: 456704K Free: 397963K (87%)
----------------- Invoking toplevel() on ptolemy.moml.MoMLSimpleApplication@2af7f53f
----------------- Done invoking toplevel() on ptolemy.moml.MoMLSimpleApplication@2af7f53f
reloadAllAccessors: .LevinsonDurbin3

===========================================================================================
----------------- testing Fri Nov 22 06:26:18 UTC 2019 /home/travis/build/icyphy/ptII/ptolemy/actor/lib/test/auto/Limiter.xml
----------------- Instantiating /home/travis/build/icyphy/ptII/ptolemy/actor/lib/test/auto/Limiter.xml
4 ms. Memory: 456704K Free: 388717K (85%)
----------------- Invoking toplevel() on ptolemy.moml.MoMLSimpleApplication@27a72860
----------------- Done invoking toplevel() on ptolemy.moml.MoMLSimpleApplication@27a72860
reloadAllAccessors: .Limiter

===========================================================================================
----------------- testing Fri Nov 22 06:26:19 UTC 2019 /home/travis/build/icyphy/ptII/ptolemy/actor/lib/test/auto/LinearDifferenceEquationSystem.xml
----------------- Instantiating /home/travis/build/icyphy/ptII/ptolemy/actor/lib/test/auto/LinearDifferenceEquationSystem.xml
4 ms. Memory: 456704K Free: 381579K (84%)
----------------- Invoking toplevel() on ptolemy.moml.MoMLSimpleApplication@1117e25c
----------------- Done invoking toplevel() on ptolemy.moml.MoMLSimpleApplication@1117e25c
reloadAllAccessors: .LinearDifferenceEquationSystem

===========================================================================================
----------------- testing Fri Nov 22 06:26:19 UTC 2019 /home/travis/build/icyphy/ptII/ptolemy/actor/lib/test/auto/LookupTable.xml
----------------- Instantiating /home/travis/build/icyphy/ptII/ptolemy/actor/lib/test/auto/LookupTable.xml
6 ms. Memory: 456704K Free: 376973K (83%)
----------------- Invoking toplevel() on ptolemy.moml.MoMLSimpleApplication@67288e93
----------------- Done invoking toplevel() on ptolemy.moml.MoMLSimpleApplication@67288e93
reloadAllAccessors: .LookupTable

===========================================================================================
----------------- testing Fri Nov 22 06:26:19 UTC 2019 /home/travis/build/icyphy/ptII/ptolemy/actor/lib/test/auto/MathFunction.xml
----------------- Instantiating /home/travis/build/icyphy/ptII/ptolemy/actor/lib/test/auto/MathFunction.xml
3 ms. Memory: 456704K Free: 368781K (81%)
----------------- Invoking toplevel() on ptolemy.moml.MoMLSimpleApplication@1aa92937
----------------- Done invoking toplevel() on ptolemy.moml.MoMLSimpleApplication@1aa92937
reloadAllAccessors: .MathFunction

===========================================================================================
----------------- testing Fri Nov 22 06:26:19 UTC 2019 /home/travis/build/icyphy/ptII/ptolemy/actor/lib/test/auto/MathFunction2.xml
----------------- Instantiating /home/travis/build/icyphy/ptII/ptolemy/actor/lib/test/auto/MathFunction2.xml
4 ms. Memory: 456704K Free: 365195K (80%)
----------------- Invoking toplevel() on ptolemy.moml.MoMLSimpleApplication@545943f3
----------------- Done invoking toplevel() on ptolemy.moml.MoMLSimpleApplication@545943f3
reloadAllAccessors: .MathFunction2

===========================================================================================
----------------- testing Fri Nov 22 06:26:19 UTC 2019 /home/travis/build/icyphy/ptII/ptolemy/actor/lib/test/auto/MathFunction3.xml
----------------- Instantiating /home/travis/build/icyphy/ptII/ptolemy/actor/lib/test/auto/MathFunction3.xml
3 ms. Memory: 456704K Free: 358027K (78%)
----------------- Invoking toplevel() on ptolemy.moml.MoMLSimpleApplication@50db7f85
----------------- Done invoking toplevel() on ptolemy.moml.MoMLSimpleApplication@50db7f85
reloadAllAccessors: .MathFunction3

===========================================================================================
----------------- testing Fri Nov 22 06:26:19 UTC 2019 /home/travis/build/icyphy/ptII/ptolemy/actor/lib/test/auto/MatrixCropBoolean.xml
----------------- Instantiating /home/travis/build/icyphy/ptII/ptolemy/actor/lib/test/auto/MatrixCropBoolean.xml
2 ms. Memory: 456704K Free: 352877K (77%)
----------------- Invoking toplevel() on ptolemy.moml.MoMLSimpleApplication@2422561c
----------------- Done invoking toplevel() on ptolemy.moml.MoMLSimpleApplication@2422561c
reloadAllAccessors: .MatrixCropBoolean

===========================================================================================
----------------- testing Fri Nov 22 06:26:19 UTC 2019 /home/travis/build/icyphy/ptII/ptolemy/actor/lib/test/auto/MatrixCropComplex.xml
----------------- Instantiating /home/travis/build/icyphy/ptII/ptolemy/actor/lib/test/auto/MatrixCropComplex.xml
2 ms. Memory: 456704K Free: 347773K (76%)
----------------- Invoking toplevel() on ptolemy.moml.MoMLSimpleApplication@56b55c68
----------------- Done invoking toplevel() on ptolemy.moml.MoMLSimpleApplication@56b55c68
reloadAllAccessors: .MatrixCropComplex

===========================================================================================
----------------- testing Fri Nov 22 06:26:19 UTC 2019 /home/travis/build/icyphy/ptII/ptolemy/actor/lib/test/auto/MatrixCropDouble.xml
----------------- Instantiating /home/travis/build/icyphy/ptII/ptolemy/actor/lib/test/auto/MatrixCropDouble.xml
2 ms. Memory: 456704K Free: 342653K (75%)
----------------- Invoking toplevel() on ptolemy.moml.MoMLSimpleApplication@88e2c23
----------------- Done invoking toplevel() on ptolemy.moml.MoMLSimpleApplication@88e2c23
reloadAllAccessors: .MatrixCropDouble

===========================================================================================
----------------- testing Fri Nov 22 06:26:19 UTC 2019 /home/travis/build/icyphy/ptII/ptolemy/actor/lib/test/auto/MatrixCropFix.xml
----------------- Instantiating /home/travis/build/icyphy/ptII/ptolemy/actor/lib/test/auto/MatrixCropFix.xml
2 ms. Memory: 456704K Free: 337533K (74%)
----------------- Invoking toplevel() on ptolemy.moml.MoMLSimpleApplication@11b3d1fa
----------------- Done invoking toplevel() on ptolemy.moml.MoMLSimpleApplication@11b3d1fa
reloadAllAccessors: .MatrixCropFix

===========================================================================================
----------------- testing Fri Nov 22 06:26:19 UTC 2019 /home/travis/build/icyphy/ptII/ptolemy/actor/lib/test/auto/MatrixCropInt.xml
----------------- Instantiating /home/travis/build/icyphy/ptII/ptolemy/actor/lib/test/auto/MatrixCropInt.xml
2 ms. Memory: 456704K Free: 332413K (73%)
----------------- Invoking toplevel() on ptolemy.moml.MoMLSimpleApplication@64ff6108
----------------- Done invoking toplevel() on ptolemy.moml.MoMLSimpleApplication@64ff6108
reloadAllAccessors: .MatrixCropInt

===========================================================================================
----------------- testing Fri Nov 22 06:26:19 UTC 2019 /home/travis/build/icyphy/ptII/ptolemy/actor/lib/test/auto/MatrixCropLong.xml
----------------- Instantiating /home/travis/build/icyphy/ptII/ptolemy/actor/lib/test/auto/MatrixCropLong.xml
1 ms. Memory: 456704K Free: 328301K (72%)
----------------- Invoking toplevel() on ptolemy.moml.MoMLSimpleApplication@723304ce
----------------- Done invoking toplevel() on ptolemy.moml.MoMLSimpleApplication@723304ce
reloadAllAccessors: .MatrixCropLong

===========================================================================================
----------------- testing Fri Nov 22 06:26:19 UTC 2019 /home/travis/build/icyphy/ptII/ptolemy/actor/lib/test/auto/MatrixToArray.xml
----------------- Instantiating /home/travis/build/icyphy/ptII/ptolemy/actor/lib/test/auto/MatrixToArray.xml
6 ms. Memory: 456704K Free: 313485K (69%)
----------------- Invoking toplevel() on ptolemy.moml.MoMLSimpleApplication@22fd9397
----------------- Done invoking toplevel() on ptolemy.moml.MoMLSimpleApplication@22fd9397
reloadAllAccessors: .MatrixToArray

===========================================================================================
----------------- testing Fri Nov 22 06:26:19 UTC 2019 /home/travis/build/icyphy/ptII/ptolemy/actor/lib/test/auto/MaxIndex.xml
----------------- Instantiating /home/travis/build/icyphy/ptII/ptolemy/actor/lib/test/auto/MaxIndex.xml
1 ms. Memory: 456704K Free: 308365K (68%)
----------------- Invoking toplevel() on ptolemy.moml.MoMLSimpleApplication@27dd6b1d
----------------- Done invoking toplevel() on ptolemy.moml.MoMLSimpleApplication@27dd6b1d
reloadAllAccessors: .MaxIndex

===========================================================================================
----------------- testing Fri Nov 22 06:26:19 UTC 2019 /home/travis/build/icyphy/ptII/ptolemy/actor/lib/test/auto/Maximum.xml
----------------- Instantiating /home/travis/build/icyphy/ptII/ptolemy/actor/lib/test/auto/Maximum.xml
3 ms. Memory: 456704K Free: 301677K (66%)
----------------- Invoking toplevel() on ptolemy.moml.MoMLSimpleApplication@1fdaf33d
----------------- Done invoking toplevel() on ptolemy.moml.MoMLSimpleApplication@1fdaf33d
reloadAllAccessors: .Maximum

===========================================================================================
----------------- testing Fri Nov 22 06:26:19 UTC 2019 /home/travis/build/icyphy/ptII/ptolemy/actor/lib/test/auto/MaximumComplex.xml
----------------- Instantiating /home/travis/build/icyphy/ptII/ptolemy/actor/lib/test/auto/MaximumComplex.xml
4 ms. Memory: 456704K Free: 295549K (65%)
----------------- Invoking toplevel() on ptolemy.moml.MoMLSimpleApplication@1caec244
----------------- Done invoking toplevel() on ptolemy.moml.MoMLSimpleApplication@1caec244
reloadAllAccessors: .MaximumComplex

===========================================================================================
----------------- testing Fri Nov 22 06:26:19 UTC 2019 /home/travis/build/icyphy/ptII/ptolemy/actor/lib/test/auto/MethodCallTest.xml
----------------- Instantiating /home/travis/build/icyphy/ptII/ptolemy/actor/lib/test/auto/MethodCallTest.xml
3 ms. Memory: 456704K Free: 288909K (63%)
----------------- Invoking toplevel() on ptolemy.moml.MoMLSimpleApplication@56deed20
----------------- Done invoking toplevel() on ptolemy.moml.MoMLSimpleApplication@56deed20
reloadAllAccessors: .MethodCallTest

===========================================================================================
----------------- testing Fri Nov 22 06:26:19 UTC 2019 /home/travis/build/icyphy/ptII/ptolemy/actor/lib/test/auto/Minimum.xml
----------------- Instantiating /home/travis/build/icyphy/ptII/ptolemy/actor/lib/test/auto/Minimum.xml
3 ms. Memory: 456704K Free: 282251K (62%)
----------------- Invoking toplevel() on ptolemy.moml.MoMLSimpleApplication@3c785895
----------------- Done invoking toplevel() on ptolemy.moml.MoMLSimpleApplication@3c785895
reloadAllAccessors: .Minimum

===========================================================================================
----------------- testing Fri Nov 22 06:26:19 UTC 2019 /home/travis/build/icyphy/ptII/ptolemy/actor/lib/test/auto/MinimumComplex.xml
----------------- Instantiating /home/travis/build/icyphy/ptII/ptolemy/actor/lib/test/auto/MinimumComplex.xml
4 ms. Memory: 456704K Free: 276093K (60%)
----------------- Invoking toplevel() on ptolemy.moml.MoMLSimpleApplication@ccf260c
----------------- Done invoking toplevel() on ptolemy.moml.MoMLSimpleApplication@ccf260c
reloadAllAccessors: .MinimumComplex

===========================================================================================
----------------- testing Fri Nov 22 06:26:19 UTC 2019 /home/travis/build/icyphy/ptII/ptolemy/actor/lib/test/auto/MinimumMultiports.xml
----------------- Instantiating /home/travis/build/icyphy/ptII/ptolemy/actor/lib/test/auto/MinimumMultiports.xml
3 ms. Memory: 456704K Free: 267405K (59%)
----------------- Invoking toplevel() on ptolemy.moml.MoMLSimpleApplication@4479c2f2
----------------- Done invoking toplevel() on ptolemy.moml.MoMLSimpleApplication@4479c2f2
reloadAllAccessors: .MinimumMultiports

===========================================================================================
----------------- testing Fri Nov 22 06:26:19 UTC 2019 /home/travis/build/icyphy/ptII/ptolemy/actor/lib/test/auto/ModifyDate.xml
----------------- Instantiating /home/travis/build/icyphy/ptII/ptolemy/actor/lib/test/auto/ModifyDate.xml
9 ms. Memory: 456704K Free: 255117K (56%)
----------------- Invoking toplevel() on ptolemy.moml.MoMLSimpleApplication@2096d622
----------------- Done invoking toplevel() on ptolemy.moml.MoMLSimpleApplication@2096d622
reloadAllAccessors: .ModifyDate

===========================================================================================
----------------- testing Fri Nov 22 06:26:19 UTC 2019 /home/travis/build/icyphy/ptII/ptolemy/actor/lib/test/auto/ModifyDate2.xml
----------------- Instantiating /home/travis/build/icyphy/ptII/ptolemy/actor/lib/test/auto/ModifyDate2.xml
7 ms. Memory: 456704K Free: 246411K (54%)
----------------- Invoking toplevel() on ptolemy.moml.MoMLSimpleApplication@fb8785a
----------------- Done invoking toplevel() on ptolemy.moml.MoMLSimpleApplication@fb8785a
reloadAllAccessors: .ModifyDate2

===========================================================================================
----------------- testing Fri Nov 22 06:26:19 UTC 2019 /home/travis/build/icyphy/ptII/ptolemy/actor/lib/test/auto/MovingAverage.xml
----------------- Instantiating /home/travis/build/icyphy/ptII/ptolemy/actor/lib/test/auto/MovingAverage.xml
2 ms. Memory: 456704K Free: 241291K (53%)
----------------- Invoking toplevel() on ptolemy.moml.MoMLSimpleApplication@edf71b9
----------------- Done invoking toplevel() on ptolemy.moml.MoMLSimpleApplication@edf71b9
reloadAllAccessors: .MovingAverage

===========================================================================================
----------------- testing Fri Nov 22 06:26:19 UTC 2019 /home/travis/build/icyphy/ptII/ptolemy/actor/lib/test/auto/MovingMaximum.xml
----------------- Instantiating /home/travis/build/icyphy/ptII/ptolemy/actor/lib/test/auto/MovingMaximum.xml
2 ms. Memory: 456704K Free: 236685K (52%)
----------------- Invoking toplevel() on ptolemy.moml.MoMLSimpleApplication@41eb0509
----------------- Done invoking toplevel() on ptolemy.moml.MoMLSimpleApplication@41eb0509
reloadAllAccessors: .MovingMaximum

===========================================================================================
----------------- testing Fri Nov 22 06:26:19 UTC 2019 /home/travis/build/icyphy/ptII/ptolemy/actor/lib/test/auto/MultipleLinksToSameRelation.xml
----------------- Instantiating /home/travis/build/icyphy/ptII/ptolemy/actor/lib/test/auto/MultipleLinksToSameRelation.xml
5 ms. Memory: 456704K Free: 232589K (51%)
----------------- Invoking toplevel() on ptolemy.moml.MoMLSimpleApplication@57072f0c
----------------- Done invoking toplevel() on ptolemy.moml.MoMLSimpleApplication@57072f0c
reloadAllAccessors: .MultipleLinksToSameRelation

===========================================================================================
----------------- testing Fri Nov 22 06:26:19 UTC 2019 /home/travis/build/icyphy/ptII/ptolemy/actor/lib/test/auto/MultipleLinksToSameRelationDE.xml
----------------- Instantiating /home/travis/build/icyphy/ptII/ptolemy/actor/lib/test/auto/MultipleLinksToSameRelationDE.xml
2 ms. Memory: 456704K Free: 227973K (50%)
----------------- Invoking toplevel() on ptolemy.moml.MoMLSimpleApplication@552aa1c3
----------------- Done invoking toplevel() on ptolemy.moml.MoMLSimpleApplication@552aa1c3
reloadAllAccessors: .MultipleLinksToSameRelationDE

===========================================================================================
----------------- testing Fri Nov 22 06:26:19 UTC 2019 /home/travis/build/icyphy/ptII/ptolemy/actor/lib/test/auto/Multiplexor.xml
----------------- Instantiating /home/travis/build/icyphy/ptII/ptolemy/actor/lib/test/auto/Multiplexor.xml
2 ms. Memory: 456704K Free: 222349K (49%)
----------------- Invoking toplevel() on ptolemy.moml.MoMLSimpleApplication@439137b9
----------------- Done invoking toplevel() on ptolemy.moml.MoMLSimpleApplication@439137b9
reloadAllAccessors: .Multiplexor

===========================================================================================
----------------- testing Fri Nov 22 06:26:19 UTC 2019 /home/travis/build/icyphy/ptII/ptolemy/actor/lib/test/auto/Multiplexor1.xml
----------------- Instantiating /home/travis/build/icyphy/ptII/ptolemy/actor/lib/test/auto/Multiplexor1.xml
2 ms. Memory: 456704K Free: 216685K (47%)
----------------- Invoking toplevel() on ptolemy.moml.MoMLSimpleApplication@2ed39ebd
----------------- Done invoking toplevel() on ptolemy.moml.MoMLSimpleApplication@2ed39ebd
reloadAllAccessors: .Multiplexor1

===========================================================================================
----------------- testing Fri Nov 22 06:26:19 UTC 2019 /home/travis/build/icyphy/ptII/ptolemy/actor/lib/test/auto/Multiplexor2.xml
----------------- Instantiating /home/travis/build/icyphy/ptII/ptolemy/actor/lib/test/auto/Multiplexor2.xml
3 ms. Memory: 456704K Free: 210061K (46%)
----------------- Invoking toplevel() on ptolemy.moml.MoMLSimpleApplication@66d56c22
----------------- Done invoking toplevel() on ptolemy.moml.MoMLSimpleApplication@66d56c22
reloadAllAccessors: .Multiplexor2

===========================================================================================
----------------- testing Fri Nov 22 06:26:19 UTC 2019 /home/travis/build/icyphy/ptII/ptolemy/actor/lib/test/auto/Multiplexor3.xml
----------------- Instantiating /home/travis/build/icyphy/ptII/ptolemy/actor/lib/test/auto/Multiplexor3.xml
2 ms. Memory: 456704K Free: 206475K (45%)
----------------- Invoking toplevel() on ptolemy.moml.MoMLSimpleApplication@76b716f6
----------------- Done invoking toplevel() on ptolemy.moml.MoMLSimpleApplication@76b716f6
reloadAllAccessors: .Multiplexor3

===========================================================================================
----------------- testing Fri Nov 22 06:26:19 UTC 2019 /home/travis/build/icyphy/ptII/ptolemy/actor/lib/test/auto/MultiplexorDE.xml
----------------- Instantiating /home/travis/build/icyphy/ptII/ptolemy/actor/lib/test/auto/MultiplexorDE.xml
2 ms. Memory: 456704K Free: 198797K (44%)
----------------- Invoking toplevel() on ptolemy.moml.MoMLSimpleApplication@418ef6dc
----------------- Done invoking toplevel() on ptolemy.moml.MoMLSimpleApplication@418ef6dc
reloadAllAccessors: .MultiplexorDE

===========================================================================================
----------------- testing Fri Nov 22 06:26:19 UTC 2019 /home/travis/build/icyphy/ptII/ptolemy/actor/lib/test/auto/MultiportBroadcastTest.xml
----------------- Instantiating /home/travis/build/icyphy/ptII/ptolemy/actor/lib/test/auto/MultiportBroadcastTest.xml
91 ms. Memory: 456704K Free: 192653K (42%)
----------------- Invoking toplevel() on ptolemy.moml.MoMLSimpleApplication@161092c0
----------------- Done invoking toplevel() on ptolemy.moml.MoMLSimpleApplication@161092c0
reloadAllAccessors: .MultiportBroadcastTest

===========================================================================================
----------------- testing Fri Nov 22 06:26:19 UTC 2019 /home/travis/build/icyphy/ptII/ptolemy/actor/lib/test/auto/MultiportOutHangDuringGetWidth.xml
----------------- Instantiating /home/travis/build/icyphy/ptII/ptolemy/actor/lib/test/auto/MultiportOutHangDuringGetWidth.xml
6 ms. Memory: 456704K Free: 180365K (39%)
----------------- Invoking toplevel() on ptolemy.moml.MoMLSimpleApplication@34f11955
----------------- Done invoking toplevel() on ptolemy.moml.MoMLSimpleApplication@34f11955
reloadAllAccessors: .MultiportOutHangDuringGetWidth

===========================================================================================
----------------- testing Fri Nov 22 06:26:19 UTC 2019 /home/travis/build/icyphy/ptII/ptolemy/actor/lib/test/auto/NilToken.xml
----------------- Instantiating /home/travis/build/icyphy/ptII/ptolemy/actor/lib/test/auto/NilToken.xml
2 ms. Memory: 456704K Free: 176269K (39%)
----------------- Invoking toplevel() on ptolemy.moml.MoMLSimpleApplication@29b994d7
----------------- Done invoking toplevel() on ptolemy.moml.MoMLSimpleApplication@29b994d7
reloadAllAccessors: .NilToken

===========================================================================================
----------------- testing Fri Nov 22 06:26:19 UTC 2019 /home/travis/build/icyphy/ptII/ptolemy/actor/lib/test/auto/NilTokenNonStrictTest.xml
----------------- Instantiating /home/travis/build/icyphy/ptII/ptolemy/actor/lib/test/auto/NilTokenNonStrictTest.xml
1 ms. Memory: 456704K Free: 171659K (38%)
----------------- Invoking toplevel() on ptolemy.moml.MoMLSimpleApplication@e6ad05c
----------------- Done invoking toplevel() on ptolemy.moml.MoMLSimpleApplication@e6ad05c
reloadAllAccessors: .NilTokenNonStrictTest

===========================================================================================
----------------- testing Fri Nov 22 06:26:19 UTC 2019 /home/travis/build/icyphy/ptII/ptolemy/actor/lib/test/auto/NilTokenRecord.xml
----------------- Instantiating /home/travis/build/icyphy/ptII/ptolemy/actor/lib/test/auto/NilTokenRecord.xml
6 ms. Memory: 456704K Free: 165005K (36%)
----------------- Invoking toplevel() on ptolemy.moml.MoMLSimpleApplication@3e604ebd
----------------- Done invoking toplevel() on ptolemy.moml.MoMLSimpleApplication@3e604ebd
reloadAllAccessors: .NilTokenRecord

===========================================================================================
----------------- testing Fri Nov 22 06:26:19 UTC 2019 /home/travis/build/icyphy/ptII/ptolemy/actor/lib/test/auto/NilTokenTypeTest.xml
----------------- Instantiating /home/travis/build/icyphy/ptII/ptolemy/actor/lib/test/auto/NilTokenTypeTest.xml
6 ms. Memory: 456704K Free: 155275K (34%)
----------------- Invoking toplevel() on ptolemy.moml.MoMLSimpleApplication@711baa86
----------------- Done invoking toplevel() on ptolemy.moml.MoMLSimpleApplication@711baa86
reloadAllAccessors: .NilTokenTypeTest

===========================================================================================
----------------- testing Fri Nov 22 06:26:19 UTC 2019 /home/travis/build/icyphy/ptII/ptolemy/actor/lib/test/auto/ObjectToken1.xml
----------------- Instantiating /home/travis/build/icyphy/ptII/ptolemy/actor/lib/test/auto/ObjectToken1.xml
2 ms. Memory: 456704K Free: 151179K (33%)
----------------- Invoking toplevel() on ptolemy.moml.MoMLSimpleApplication@11f74d47
----------------- Done invoking toplevel() on ptolemy.moml.MoMLSimpleApplication@11f74d47
reloadAllAccessors: .ObjectToken1

===========================================================================================
----------------- testing Fri Nov 22 06:26:19 UTC 2019 /home/travis/build/icyphy/ptII/ptolemy/actor/lib/test/auto/OrderedMerge.xml
----------------- Instantiating /home/travis/build/icyphy/ptII/ptolemy/actor/lib/test/auto/OrderedMerge.xml
8 ms. Memory: 456704K Free: 145549K (32%)
----------------- Invoking toplevel() on ptolemy.moml.MoMLSimpleApplication@506d608f
----------------- Done invoking toplevel() on ptolemy.moml.MoMLSimpleApplication@506d608f
reloadAllAccessors: .OrderedMerge

===========================================================================================
----------------- testing Fri Nov 22 06:26:19 UTC 2019 /home/travis/build/icyphy/ptII/ptolemy/actor/lib/test/auto/OrderedRecordDisassembler.xml
----------------- Instantiating /home/travis/build/icyphy/ptII/ptolemy/actor/lib/test/auto/OrderedRecordDisassembler.xml
3 ms. Memory: 456704K Free: 140925K (31%)
----------------- Invoking toplevel() on ptolemy.moml.MoMLSimpleApplication@5362432
----------------- Done invoking toplevel() on ptolemy.moml.MoMLSimpleApplication@5362432
reloadAllAccessors: .OrderedRecordDisassembler

===========================================================================================
----------------- testing Fri Nov 22 06:26:19 UTC 2019 /home/travis/build/icyphy/ptII/ptolemy/actor/lib/test/auto/OrderedRecordDisassembler2.xml
----------------- Instantiating /home/travis/build/icyphy/ptII/ptolemy/actor/lib/test/auto/OrderedRecordDisassembler2.xml
4 ms. Memory: 456704K Free: 402111K (88%)
----------------- Invoking toplevel() on ptolemy.moml.MoMLSimpleApplication@35fb2f2c
----------------- Done invoking toplevel() on ptolemy.moml.MoMLSimpleApplication@35fb2f2c
reloadAllAccessors: .OrderedRecordDisassembler2

===========================================================================================
----------------- testing Fri Nov 22 06:26:20 UTC 2019 /home/travis/build/icyphy/ptII/ptolemy/actor/lib/test/auto/OrderedRecordUpdater.xml
----------------- Instantiating /home/travis/build/icyphy/ptII/ptolemy/actor/lib/test/auto/OrderedRecordUpdater.xml
2 ms. Memory: 456704K Free: 397501K (87%)
----------------- Invoking toplevel() on ptolemy.moml.MoMLSimpleApplication@36ac861f
----------------- Done invoking toplevel() on ptolemy.moml.MoMLSimpleApplication@36ac861f
reloadAllAccessors: .RecordUpdater

===========================================================================================
----------------- testing Fri Nov 22 06:26:20 UTC 2019 /home/travis/build/icyphy/ptII/ptolemy/actor/lib/test/auto/OrderedRecordUpdater2.xml
----------------- Instantiating /home/travis/build/icyphy/ptII/ptolemy/actor/lib/test/auto/OrderedRecordUpdater2.xml
2 ms. Memory: 456704K Free: 392381K (86%)
----------------- Invoking toplevel() on ptolemy.moml.MoMLSimpleApplication@4acd4304
----------------- Done invoking toplevel() on ptolemy.moml.MoMLSimpleApplication@4acd4304
reloadAllAccessors: .RecordUpdater2

===========================================================================================
----------------- testing Fri Nov 22 06:26:20 UTC 2019 /home/travis/build/icyphy/ptII/ptolemy/actor/lib/test/auto/PhaseUnwrap.xml
----------------- Instantiating /home/travis/build/icyphy/ptII/ptolemy/actor/lib/test/auto/PhaseUnwrap.xml
2 ms. Memory: 456704K Free: 387775K (85%)
----------------- Invoking toplevel() on ptolemy.moml.MoMLSimpleApplication@3d9644d6
----------------- Done invoking toplevel() on ptolemy.moml.MoMLSimpleApplication@3d9644d6
reloadAllAccessors: .PhaseUnwrap

===========================================================================================
----------------- testing Fri Nov 22 06:26:20 UTC 2019 /home/travis/build/icyphy/ptII/ptolemy/actor/lib/test/auto/PoissonClock.xml
----------------- Instantiating /home/travis/build/icyphy/ptII/ptolemy/actor/lib/test/auto/PoissonClock.xml
1 ms. Memory: 456704K Free: 383679K (84%)
----------------- Invoking toplevel() on ptolemy.moml.MoMLSimpleApplication@3ad95789
----------------- Done invoking toplevel() on ptolemy.moml.MoMLSimpleApplication@3ad95789
reloadAllAccessors: .PoissonClock

===========================================================================================
----------------- testing Fri Nov 22 06:26:20 UTC 2019 /home/travis/build/icyphy/ptII/ptolemy/actor/lib/test/auto/PoissonClock2.xml
----------------- Instantiating /home/travis/build/icyphy/ptII/ptolemy/actor/lib/test/auto/PoissonClock2.xml
1 ms. Memory: 456704K Free: 379583K (83%)
----------------- Invoking toplevel() on ptolemy.moml.MoMLSimpleApplication@5cae0e65
----------------- Done invoking toplevel() on ptolemy.moml.MoMLSimpleApplication@5cae0e65
reloadAllAccessors: .PoissonClock2

===========================================================================================
----------------- testing Fri Nov 22 06:26:20 UTC 2019 /home/travis/build/icyphy/ptII/ptolemy/actor/lib/test/auto/PoissonClock3.xml
----------------- Instantiating /home/travis/build/icyphy/ptII/ptolemy/actor/lib/test/auto/PoissonClock3.xml
2 ms. Memory: 456704K Free: 374973K (82%)
----------------- Invoking toplevel() on ptolemy.moml.MoMLSimpleApplication@52d849b3
----------------- Done invoking toplevel() on ptolemy.moml.MoMLSimpleApplication@52d849b3
reloadAllAccessors: .PoissonClock3

===========================================================================================
----------------- testing Fri Nov 22 06:26:20 UTC 2019 /home/travis/build/icyphy/ptII/ptolemy/actor/lib/test/auto/PubSubWithInitialTokens.xml
----------------- Instantiating /home/travis/build/icyphy/ptII/ptolemy/actor/lib/test/auto/PubSubWithInitialTokens.xml
3 ms. Memory: 456704K Free: 369343K (81%)
----------------- Invoking toplevel() on ptolemy.moml.MoMLSimpleApplication@2efe3ca4
----------------- Done invoking toplevel() on ptolemy.moml.MoMLSimpleApplication@2efe3ca4
reloadAllAccessors: .PubSubWithInitialTokens

===========================================================================================
----------------- testing Fri Nov 22 06:26:20 UTC 2019 /home/travis/build/icyphy/ptII/ptolemy/actor/lib/test/auto/PubSubWithInitialTokens2.xml
----------------- Instantiating /home/travis/build/icyphy/ptII/ptolemy/actor/lib/test/auto/PubSubWithInitialTokens2.xml
5 ms. Memory: 456704K Free: 363199K (80%)
----------------- Invoking toplevel() on ptolemy.moml.MoMLSimpleApplication@7193d08
----------------- Done invoking toplevel() on ptolemy.moml.MoMLSimpleApplication@7193d08
reloadAllAccessors: .PubSubWithInitialTokens2

===========================================================================================
----------------- testing Fri Nov 22 06:26:20 UTC 2019 /home/travis/build/icyphy/ptII/ptolemy/actor/lib/test/auto/PublisherClassNoParameter.xml
----------------- Instantiating /home/travis/build/icyphy/ptII/ptolemy/actor/lib/test/auto/PublisherClassNoParameter.xml
2 ms. Memory: 456704K Free: 353469K (77%)
----------------- Invoking toplevel() on ptolemy.moml.MoMLSimpleApplication@14f76c35
----------------- Done invoking toplevel() on ptolemy.moml.MoMLSimpleApplication@14f76c35
reloadAllAccessors: .PublisherClassNoParameter

===========================================================================================
----------------- testing Fri Nov 22 06:26:20 UTC 2019 /home/travis/build/icyphy/ptII/ptolemy/actor/lib/test/auto/PublisherClassParameter.xml
----------------- Instantiating /home/travis/build/icyphy/ptII/ptolemy/actor/lib/test/auto/PublisherClassParameter.xml
2 ms. Memory: 456704K Free: 342719K (75%)
----------------- Invoking toplevel() on ptolemy.moml.MoMLSimpleApplication@64a81b32
----------------- Done invoking toplevel() on ptolemy.moml.MoMLSimpleApplication@64a81b32
reloadAllAccessors: .PublisherClassParameter

===========================================================================================
----------------- testing Fri Nov 22 06:26:20 UTC 2019 /home/travis/build/icyphy/ptII/ptolemy/actor/lib/test/auto/PublisherNonStrictTest.xml
----------------- Instantiating /home/travis/build/icyphy/ptII/ptolemy/actor/lib/test/auto/PublisherNonStrictTest.xml
3 ms. Memory: 456704K Free: 335031K (73%)
----------------- Invoking toplevel() on ptolemy.moml.MoMLSimpleApplication@2b2a077
----------------- Done invoking toplevel() on ptolemy.moml.MoMLSimpleApplication@2b2a077
reloadAllAccessors: .PublisherNonStrictTest

===========================================================================================
----------------- testing Fri Nov 22 06:26:20 UTC 2019 /home/travis/build/icyphy/ptII/ptolemy/actor/lib/test/auto/PublisherPort1.xml
----------------- Instantiating /home/travis/build/icyphy/ptII/ptolemy/actor/lib/test/auto/PublisherPort1.xml
15 ms. Memory: 456704K Free: 329407K (72%)
----------------- Invoking toplevel() on ptolemy.moml.MoMLSimpleApplication@91ef7c
----------------- Done invoking toplevel() on ptolemy.moml.MoMLSimpleApplication@91ef7c
reloadAllAccessors: .PublisherPort1

===========================================================================================
----------------- testing Fri Nov 22 06:26:20 UTC 2019 /home/travis/build/icyphy/ptII/ptolemy/actor/lib/test/auto/PublisherPort2.xml
----------------- Instantiating /home/travis/build/icyphy/ptII/ptolemy/actor/lib/test/auto/PublisherPort2.xml
2 ms. Memory: 456704K Free: 324287K (71%)
----------------- Invoking toplevel() on ptolemy.moml.MoMLSimpleApplication@4a196403
----------------- Done invoking toplevel() on ptolemy.moml.MoMLSimpleApplication@4a196403
reloadAllAccessors: .PublisherPort2

===========================================================================================
----------------- testing Fri Nov 22 06:26:20 UTC 2019 /home/travis/build/icyphy/ptII/ptolemy/actor/lib/test/auto/PublisherPort3.xml
----------------- Instantiating /home/travis/build/icyphy/ptII/ptolemy/actor/lib/test/auto/PublisherPort3.xml
3 ms. Memory: 456704K Free: 317599K (70%)
----------------- Invoking toplevel() on ptolemy.moml.MoMLSimpleApplication@31606a83
----------------- Done invoking toplevel() on ptolemy.moml.MoMLSimpleApplication@31606a83
reloadAllAccessors: .PublisherPort3

===========================================================================================
----------------- testing Fri Nov 22 06:26:20 UTC 2019 /home/travis/build/icyphy/ptII/ptolemy/actor/lib/test/auto/PublisherPort4.xml
----------------- Instantiating /home/travis/build/icyphy/ptII/ptolemy/actor/lib/test/auto/PublisherPort4.xml
2 ms. Memory: 456704K Free: 311999K (68%)
----------------- Invoking toplevel() on ptolemy.moml.MoMLSimpleApplication@189b9fe2
----------------- Done invoking toplevel() on ptolemy.moml.MoMLSimpleApplication@189b9fe2
reloadAllAccessors: .PublisherPort4

===========================================================================================
----------------- testing Fri Nov 22 06:26:20 UTC 2019 /home/travis/build/icyphy/ptII/ptolemy/actor/lib/test/auto/PublisherPort5.xml
----------------- Instantiating /home/travis/build/icyphy/ptII/ptolemy/actor/lib/test/auto/PublisherPort5.xml
3 ms. Memory: 456704K Free: 304317K (67%)
----------------- Invoking toplevel() on ptolemy.moml.MoMLSimpleApplication@23a7839d
----------------- Done invoking toplevel() on ptolemy.moml.MoMLSimpleApplication@23a7839d
reloadAllAccessors: .PublisherPort5

===========================================================================================
----------------- testing Fri Nov 22 06:26:20 UTC 2019 /home/travis/build/icyphy/ptII/ptolemy/actor/lib/test/auto/PublisherPort5LookAlike.xml
----------------- Instantiating /home/travis/build/icyphy/ptII/ptolemy/actor/lib/test/auto/PublisherPort5LookAlike.xml
8 ms. Memory: 456704K Free: 296639K (65%)
----------------- Invoking toplevel() on ptolemy.moml.MoMLSimpleApplication@3ba290e4
----------------- Done invoking toplevel() on ptolemy.moml.MoMLSimpleApplication@3ba290e4
reloadAllAccessors: .PublisherPort5LookAlike

===========================================================================================
----------------- testing Fri Nov 22 06:26:20 UTC 2019 /home/travis/build/icyphy/ptII/ptolemy/actor/lib/test/auto/PublisherPort6.xml
----------------- Instantiating /home/travis/build/icyphy/ptII/ptolemy/actor/lib/test/auto/PublisherPort6.xml
2 ms. Memory: 456704K Free: 289981K (63%)
----------------- Invoking toplevel() on ptolemy.moml.MoMLSimpleApplication@2aaa1a30
----------------- Done invoking toplevel() on ptolemy.moml.MoMLSimpleApplication@2aaa1a30
reloadAllAccessors: .PublisherPort6

===========================================================================================
----------------- testing Fri Nov 22 06:26:20 UTC 2019 /home/travis/build/icyphy/ptII/ptolemy/actor/lib/test/auto/PublisherPort7.xml
----------------- Instantiating /home/travis/build/icyphy/ptII/ptolemy/actor/lib/test/auto/PublisherPort7.xml
3 ms. Memory: 456704K Free: 282303K (62%)
----------------- Invoking toplevel() on ptolemy.moml.MoMLSimpleApplication@34eddd0f
----------------- Done invoking toplevel() on ptolemy.moml.MoMLSimpleApplication@34eddd0f
reloadAllAccessors: .PublisherPort7

===========================================================================================
----------------- testing Fri Nov 22 06:26:20 UTC 2019 /home/travis/build/icyphy/ptII/ptolemy/actor/lib/test/auto/PublisherPort8.xml
----------------- Instantiating /home/travis/build/icyphy/ptII/ptolemy/actor/lib/test/auto/PublisherPort8.xml
4 ms. Memory: 456704K Free: 273597K (60%)
----------------- Invoking toplevel() on ptolemy.moml.MoMLSimpleApplication@167f1924
----------------- Done invoking toplevel() on ptolemy.moml.MoMLSimpleApplication@167f1924
reloadAllAccessors: .PublisherPort8

===========================================================================================
----------------- testing Fri Nov 22 06:26:20 UTC 2019 /home/travis/build/icyphy/ptII/ptolemy/actor/lib/test/auto/PublisherPortSubscriberChannelVariablesAOC2.xml
----------------- Instantiating /home/travis/build/icyphy/ptII/ptolemy/actor/lib/test/auto/PublisherPortSubscriberChannelVariablesAOC2.xml
3 ms. Memory: 456704K Free: 256703K (56%)
----------------- Invoking toplevel() on ptolemy.moml.MoMLSimpleApplication@5ae191ee
----------------- Done invoking toplevel() on ptolemy.moml.MoMLSimpleApplication@5ae191ee
reloadAllAccessors: .PublisherPortSubscriberChannelVariablesAOC2

===========================================================================================
----------------- testing Fri Nov 22 06:26:20 UTC 2019 /home/travis/build/icyphy/ptII/ptolemy/actor/lib/test/auto/PublisherPortSubscriberOpaqueWidthInference.xml
----------------- Instantiating /home/travis/build/icyphy/ptII/ptolemy/actor/lib/test/auto/PublisherPortSubscriberOpaqueWidthInference.xml
4 ms. Memory: 456704K Free: 248511K (54%)
----------------- Invoking toplevel() on ptolemy.moml.MoMLSimpleApplication@5057ff60
----------------- Done invoking toplevel() on ptolemy.moml.MoMLSimpleApplication@5057ff60
reloadAllAccessors: .PublisherPortSubscriberOpaqueWidthInference

===========================================================================================
----------------- testing Fri Nov 22 06:26:20 UTC 2019 /home/travis/build/icyphy/ptII/ptolemy/actor/lib/test/auto/PublisherPortSubscriberPortAdjacent.xml
----------------- Instantiating /home/travis/build/icyphy/ptII/ptolemy/actor/lib/test/auto/PublisherPortSubscriberPortAdjacent.xml
6 ms. Memory: 456704K Free: 240319K (53%)
----------------- Invoking toplevel() on ptolemy.moml.MoMLSimpleApplication@2028dcd6
----------------- Done invoking toplevel() on ptolemy.moml.MoMLSimpleApplication@2028dcd6
reloadAllAccessors: .PublisherPortSubscriberPortAdjacent

===========================================================================================
----------------- testing Fri Nov 22 06:26:20 UTC 2019 /home/travis/build/icyphy/ptII/ptolemy/actor/lib/test/auto/PublisherPortSubscriberPortExpression.xml
----------------- Instantiating /home/travis/build/icyphy/ptII/ptolemy/actor/lib/test/auto/PublisherPortSubscriberPortExpression.xml
3 ms. Memory: 456704K Free: 232623K (51%)
----------------- Invoking toplevel() on ptolemy.moml.MoMLSimpleApplication@753a82e
----------------- Done invoking toplevel() on ptolemy.moml.MoMLSimpleApplication@753a82e
reloadAllAccessors: .PublisherPortSubscriberPortExpression

===========================================================================================
----------------- testing Fri Nov 22 06:26:20 UTC 2019 /home/travis/build/icyphy/ptII/ptolemy/actor/lib/test/auto/PublisherPortSubscriberPortOpaqueD3Reverse.xml
----------------- Instantiating /home/travis/build/icyphy/ptII/ptolemy/actor/lib/test/auto/PublisherPortSubscriberPortOpaqueD3Reverse.xml
6 ms. Memory: 456704K Free: 222397K (49%)
----------------- Invoking toplevel() on ptolemy.moml.MoMLSimpleApplication@78d3a8d1
----------------- Done invoking toplevel() on ptolemy.moml.MoMLSimpleApplication@78d3a8d1
reloadAllAccessors: .PublisherPortSubscriberPortOpaqueD3Reverse

===========================================================================================
----------------- testing Fri Nov 22 06:26:20 UTC 2019 /home/travis/build/icyphy/ptII/ptolemy/actor/lib/test/auto/PublisherPortSubscriberPortOpaqueWidthInference.xml
----------------- Instantiating /home/travis/build/icyphy/ptII/ptolemy/actor/lib/test/auto/PublisherPortSubscriberPortOpaqueWidthInference.xml
3 ms. Memory: 456704K Free: 214719K (47%)
----------------- Invoking toplevel() on ptolemy.moml.MoMLSimpleApplication@5f778a2e
----------------- Done invoking toplevel() on ptolemy.moml.MoMLSimpleApplication@5f778a2e
reloadAllAccessors: .PublisherPortSubscriberPortOpaqueWidthInference

===========================================================================================
----------------- testing Fri Nov 22 06:26:20 UTC 2019 /home/travis/build/icyphy/ptII/ptolemy/actor/lib/test/auto/PublisherPortToplevelSubscriberPortAOC.xml
----------------- Instantiating /home/travis/build/icyphy/ptII/ptolemy/actor/lib/test/auto/PublisherPortToplevelSubscriberPortAOC.xml
.PublisherPortToplevelSubscriberPortAOC.TestExceptionAttribute: initialize() was not invoked, but wrapup() was.  This is unusual, but not always a problem.  For example, exporting JNLP will do this.
1 ms. Memory: 456704K Free: 209085K (46%)
----------------- Invoking toplevel() on ptolemy.moml.MoMLSimpleApplication@b034120
----------------- Done invoking toplevel() on ptolemy.moml.MoMLSimpleApplication@b034120
reloadAllAccessors: .PublisherPortToplevelSubscriberPortAOC

===========================================================================================
----------------- testing Fri Nov 22 06:26:20 UTC 2019 /home/travis/build/icyphy/ptII/ptolemy/actor/lib/test/auto/PublisherSubscriber.xml
----------------- Instantiating /home/travis/build/icyphy/ptII/ptolemy/actor/lib/test/auto/PublisherSubscriber.xml
2 ms. Memory: 456704K Free: 201887K (44%)
----------------- Invoking toplevel() on ptolemy.moml.MoMLSimpleApplication@696959f5
----------------- Done invoking toplevel() on ptolemy.moml.MoMLSimpleApplication@696959f5
reloadAllAccessors: .PublisherSubscriber

===========================================================================================
----------------- testing Fri Nov 22 06:26:20 UTC 2019 /home/travis/build/icyphy/ptII/ptolemy/actor/lib/test/auto/PublisherSubscriber10.xml
----------------- Instantiating /home/travis/build/icyphy/ptII/ptolemy/actor/lib/test/auto/PublisherSubscriber10.xml
7 ms. Memory: 456704K Free: 192701K (42%)
----------------- Invoking toplevel() on ptolemy.moml.MoMLSimpleApplication@f24c12d
----------------- Done invoking toplevel() on ptolemy.moml.MoMLSimpleApplication@f24c12d
reloadAllAccessors: .PublisherSubscriber10

===========================================================================================
----------------- testing Fri Nov 22 06:26:20 UTC 2019 /home/travis/build/icyphy/ptII/ptolemy/actor/lib/test/auto/PublisherSubscriber10InitialOutputs.xml
----------------- Instantiating /home/travis/build/icyphy/ptII/ptolemy/actor/lib/test/auto/PublisherSubscriber10InitialOutputs.xml
13 ms. Memory: 456704K Free: 183485K (40%)
----------------- Invoking toplevel() on ptolemy.moml.MoMLSimpleApplication@6878e24c
----------------- Done invoking toplevel() on ptolemy.moml.MoMLSimpleApplication@6878e24c
reloadAllAccessors: .PublisherSubscriber10InitialOutputs

===========================================================================================
----------------- testing Fri Nov 22 06:26:20 UTC 2019 /home/travis/build/icyphy/ptII/ptolemy/actor/lib/test/auto/PublisherSubscriber11.xml
----------------- Instantiating /home/travis/build/icyphy/ptII/ptolemy/actor/lib/test/auto/PublisherSubscriber11.xml
3 ms. Memory: 456704K Free: 177327K (39%)
----------------- Invoking toplevel() on ptolemy.moml.MoMLSimpleApplication@44d73724
----------------- Done invoking toplevel() on ptolemy.moml.MoMLSimpleApplication@44d73724
reloadAllAccessors: .PublisherSubscriber11

===========================================================================================
----------------- testing Fri Nov 22 06:26:20 UTC 2019 /home/travis/build/icyphy/ptII/ptolemy/actor/lib/test/auto/PublisherSubscriber12.xml
----------------- Instantiating /home/travis/build/icyphy/ptII/ptolemy/actor/lib/test/auto/PublisherSubscriber12.xml
7 ms. Memory: 456704K Free: 170687K (37%)
----------------- Invoking toplevel() on ptolemy.moml.MoMLSimpleApplication@4ecf8340
----------------- Done invoking toplevel() on ptolemy.moml.MoMLSimpleApplication@4ecf8340
reloadAllAccessors: .PublisherSubscriber12

===========================================================================================
----------------- testing Fri Nov 22 06:26:20 UTC 2019 /home/travis/build/icyphy/ptII/ptolemy/actor/lib/test/auto/PublisherSubscriber13.xml
----------------- Instantiating /home/travis/build/icyphy/ptII/ptolemy/actor/lib/test/auto/PublisherSubscriber13.xml
2 ms. Memory: 456704K Free: 165039K (36%)
----------------- Invoking toplevel() on ptolemy.moml.MoMLSimpleApplication@19c4781b
----------------- Done invoking toplevel() on ptolemy.moml.MoMLSimpleApplication@19c4781b
reloadAllAccessors: .PublisherSubscriber13

===========================================================================================
----------------- testing Fri Nov 22 06:26:20 UTC 2019 /home/travis/build/icyphy/ptII/ptolemy/actor/lib/test/auto/PublisherSubscriber14.xml
----------------- Instantiating /home/travis/build/icyphy/ptII/ptolemy/actor/lib/test/auto/PublisherSubscriber14.xml
2 ms. Memory: 456704K Free: 156351K (34%)
----------------- Invoking toplevel() on ptolemy.moml.MoMLSimpleApplication@6569e3c3
----------------- Done invoking toplevel() on ptolemy.moml.MoMLSimpleApplication@6569e3c3
reloadAllAccessors: .PublisherSubscriber14

===========================================================================================
----------------- testing Fri Nov 22 06:26:20 UTC 2019 /home/travis/build/icyphy/ptII/ptolemy/actor/lib/test/auto/PublisherSubscriber2.xml
----------------- Instantiating /home/travis/build/icyphy/ptII/ptolemy/actor/lib/test/auto/PublisherSubscriber2.xml
3 ms. Memory: 456704K Free: 150703K (33%)
----------------- Invoking toplevel() on ptolemy.moml.MoMLSimpleApplication@2b8d6631
----------------- Done invoking toplevel() on ptolemy.moml.MoMLSimpleApplication@2b8d6631
reloadAllAccessors: .PublisherSubscriber2

===========================================================================================
----------------- testing Fri Nov 22 06:26:20 UTC 2019 /home/travis/build/icyphy/ptII/ptolemy/actor/lib/test/auto/PublisherSubscriber3.xml
----------------- Instantiating /home/travis/build/icyphy/ptII/ptolemy/actor/lib/test/auto/PublisherSubscriber3.xml
2 ms. Memory: 456704K Free: 145087K (32%)
----------------- Invoking toplevel() on ptolemy.moml.MoMLSimpleApplication@6268cb0c
----------------- Done invoking toplevel() on ptolemy.moml.MoMLSimpleApplication@6268cb0c
reloadAllAccessors: .PublisherSubscriber3

===========================================================================================
----------------- testing Fri Nov 22 06:26:20 UTC 2019 /home/travis/build/icyphy/ptII/ptolemy/actor/lib/test/auto/PublisherSubscriber4.xml
----------------- Instantiating /home/travis/build/icyphy/ptII/ptolemy/actor/lib/test/auto/PublisherSubscriber4.xml
2 ms. Memory: 456704K Free: 139967K (31%)
----------------- Invoking toplevel() on ptolemy.moml.MoMLSimpleApplication@192631b6
----------------- Done invoking toplevel() on ptolemy.moml.MoMLSimpleApplication@192631b6
reloadAllAccessors: .PublisherSubscriber4

===========================================================================================
----------------- testing Fri Nov 22 06:26:20 UTC 2019 /home/travis/build/icyphy/ptII/ptolemy/actor/lib/test/auto/PublisherSubscriber5.xml
----------------- Instantiating /home/travis/build/icyphy/ptII/ptolemy/actor/lib/test/auto/PublisherSubscriber5.xml
2 ms. Memory: 456704K Free: 401703K (88%)
----------------- Invoking toplevel() on ptolemy.moml.MoMLSimpleApplication@5f1c035f
----------------- Done invoking toplevel() on ptolemy.moml.MoMLSimpleApplication@5f1c035f
reloadAllAccessors: .PublisherSubscriber5

===========================================================================================
----------------- testing Fri Nov 22 06:26:20 UTC 2019 /home/travis/build/icyphy/ptII/ptolemy/actor/lib/test/auto/PublisherSubscriber6.xml
----------------- Instantiating /home/travis/build/icyphy/ptII/ptolemy/actor/lib/test/auto/PublisherSubscriber6.xml
4 ms. Memory: 456704K Free: 394535K (86%)
----------------- Invoking toplevel() on ptolemy.moml.MoMLSimpleApplication@617b7700
----------------- Done invoking toplevel() on ptolemy.moml.MoMLSimpleApplication@617b7700
reloadAllAccessors: .PublisherSubscriber6

===========================================================================================
----------------- testing Fri Nov 22 06:26:20 UTC 2019 /home/travis/build/icyphy/ptII/ptolemy/actor/lib/test/auto/PublisherSubscriber7.xml
----------------- Instantiating /home/travis/build/icyphy/ptII/ptolemy/actor/lib/test/auto/PublisherSubscriber7.xml
8 ms. Memory: 456704K Free: 387863K (85%)
----------------- Invoking toplevel() on ptolemy.moml.MoMLSimpleApplication@39ac7508
----------------- Done invoking toplevel() on ptolemy.moml.MoMLSimpleApplication@39ac7508
reloadAllAccessors: .PublisherSubscriber7

===========================================================================================
----------------- testing Fri Nov 22 06:26:20 UTC 2019 /home/travis/build/icyphy/ptII/ptolemy/actor/lib/test/auto/PublisherSubscriber8.xml
----------------- Instantiating /home/travis/build/icyphy/ptII/ptolemy/actor/lib/test/auto/PublisherSubscriber8.xml
16 ms. Memory: 456704K Free: 376103K (82%)
----------------- Invoking toplevel() on ptolemy.moml.MoMLSimpleApplication@898d855
----------------- Done invoking toplevel() on ptolemy.moml.MoMLSimpleApplication@898d855
reloadAllAccessors: .PublisherSubscriber8

===========================================================================================
----------------- testing Fri Nov 22 06:26:20 UTC 2019 /home/travis/build/icyphy/ptII/ptolemy/actor/lib/test/auto/PublisherSubscriber9.xml
----------------- Instantiating /home/travis/build/icyphy/ptII/ptolemy/actor/lib/test/auto/PublisherSubscriber9.xml
3 ms. Memory: 456704K Free: 368935K (81%)
----------------- Invoking toplevel() on ptolemy.moml.MoMLSimpleApplication@512772d9
----------------- Done invoking toplevel() on ptolemy.moml.MoMLSimpleApplication@512772d9
reloadAllAccessors: .PublisherSubscriber9

===========================================================================================
----------------- testing Fri Nov 22 06:26:20 UTC 2019 /home/travis/build/icyphy/ptII/ptolemy/actor/lib/test/auto/PublisherSubscriberAdjacent.xml
----------------- Instantiating /home/travis/build/icyphy/ptII/ptolemy/actor/lib/test/auto/PublisherSubscriberAdjacent.xml
2 ms. Memory: 456704K Free: 360743K (79%)
----------------- Invoking toplevel() on ptolemy.moml.MoMLSimpleApplication@67b12c8e
----------------- Done invoking toplevel() on ptolemy.moml.MoMLSimpleApplication@67b12c8e
reloadAllAccessors: .PublisherSubscriberAdjacent

===========================================================================================
----------------- testing Fri Nov 22 06:26:20 UTC 2019 /home/travis/build/icyphy/ptII/ptolemy/actor/lib/test/auto/PublisherSubscriberChannelVariablesAOC2.xml
----------------- Instantiating /home/travis/build/icyphy/ptII/ptolemy/actor/lib/test/auto/PublisherSubscriberChannelVariablesAOC2.xml
3 ms. Memory: 456704K Free: 345383K (76%)
----------------- Invoking toplevel() on ptolemy.moml.MoMLSimpleApplication@19715bf0
----------------- Done invoking toplevel() on ptolemy.moml.MoMLSimpleApplication@19715bf0
reloadAllAccessors: .PublisherSubscriberChannelVariablesAOC2

===========================================================================================
----------------- testing Fri Nov 22 06:26:20 UTC 2019 /home/travis/build/icyphy/ptII/ptolemy/actor/lib/test/auto/PublisherSubscriberD3.xml
----------------- Instantiating /home/travis/build/icyphy/ptII/ptolemy/actor/lib/test/auto/PublisherSubscriberD3.xml
1 ms. Memory: 456704K Free: 338215K (74%)
----------------- Invoking toplevel() on ptolemy.moml.MoMLSimpleApplication@270bace8
----------------- Done invoking toplevel() on ptolemy.moml.MoMLSimpleApplication@270bace8
reloadAllAccessors: .PublisherSubscriberD3

===========================================================================================
----------------- testing Fri Nov 22 06:26:20 UTC 2019 /home/travis/build/icyphy/ptII/ptolemy/actor/lib/test/auto/PublisherSubscriberD3Reverse.xml
----------------- Instantiating /home/travis/build/icyphy/ptII/ptolemy/actor/lib/test/auto/PublisherSubscriberD3Reverse.xml
1 ms. Memory: 456704K Free: 332071K (73%)
----------------- Invoking toplevel() on ptolemy.moml.MoMLSimpleApplication@8ae047c
----------------- Done invoking toplevel() on ptolemy.moml.MoMLSimpleApplication@8ae047c
reloadAllAccessors: .PublisherSubscriberD3Reverse

===========================================================================================
----------------- testing Fri Nov 22 06:26:21 UTC 2019 /home/travis/build/icyphy/ptII/ptolemy/actor/lib/test/auto/PublisherSubscriberExpression.xml
----------------- Instantiating /home/travis/build/icyphy/ptII/ptolemy/actor/lib/test/auto/PublisherSubscriberExpression.xml
4 ms. Memory: 456704K Free: 323351K (71%)
----------------- Invoking toplevel() on ptolemy.moml.MoMLSimpleApplication@2dc1314e
----------------- Done invoking toplevel() on ptolemy.moml.MoMLSimpleApplication@2dc1314e
reloadAllAccessors: .PublisherSubscriberExpression

===========================================================================================
----------------- testing Fri Nov 22 06:26:21 UTC 2019 /home/travis/build/icyphy/ptII/ptolemy/actor/lib/test/auto/PublisherSubscriberOpaque.xml
----------------- Instantiating /home/travis/build/icyphy/ptII/ptolemy/actor/lib/test/auto/PublisherSubscriberOpaque.xml
3 ms. Memory: 456704K Free: 315173K (69%)
----------------- Invoking toplevel() on ptolemy.moml.MoMLSimpleApplication@49757a2b
----------------- Done invoking toplevel() on ptolemy.moml.MoMLSimpleApplication@49757a2b
reloadAllAccessors: .PublisherSubscriberOpaque

===========================================================================================
----------------- testing Fri Nov 22 06:26:21 UTC 2019 /home/travis/build/icyphy/ptII/ptolemy/actor/lib/test/auto/PublisherSubscriberOpaqueD3.xml
----------------- Instantiating /home/travis/build/icyphy/ptII/ptolemy/actor/lib/test/auto/PublisherSubscriberOpaqueD3.xml
5 ms. Memory: 456704K Free: 303909K (67%)
----------------- Invoking toplevel() on ptolemy.moml.MoMLSimpleApplication@69cb3786
----------------- Done invoking toplevel() on ptolemy.moml.MoMLSimpleApplication@69cb3786
reloadAllAccessors: .PublisherSubscriberOpaqueD3

===========================================================================================
----------------- testing Fri Nov 22 06:26:21 UTC 2019 /home/travis/build/icyphy/ptII/ptolemy/actor/lib/test/auto/PublisherSubscriberOpaqueD3Reverse.xml
----------------- Instantiating /home/travis/build/icyphy/ptII/ptolemy/actor/lib/test/auto/PublisherSubscriberOpaqueD3Reverse.xml
8 ms. Memory: 456704K Free: 293159K (64%)
----------------- Invoking toplevel() on ptolemy.moml.MoMLSimpleApplication@2099b05b
----------------- Done invoking toplevel() on ptolemy.moml.MoMLSimpleApplication@2099b05b
reloadAllAccessors: .PublisherSubscriberOpaqueD3Reverse

===========================================================================================
----------------- testing Fri Nov 22 06:26:21 UTC 2019 /home/travis/build/icyphy/ptII/ptolemy/actor/lib/test/auto/PublisherSubscriberOpaqueWidthInference.xml
----------------- Instantiating /home/travis/build/icyphy/ptII/ptolemy/actor/lib/test/auto/PublisherSubscriberOpaqueWidthInference.xml
3 ms. Memory: 456704K Free: 284967K (62%)
----------------- Invoking toplevel() on ptolemy.moml.MoMLSimpleApplication@6c394a6d
----------------- Done invoking toplevel() on ptolemy.moml.MoMLSimpleApplication@6c394a6d
reloadAllAccessors: .PublisherSubscriberOpaqueWidthInference

===========================================================================================
----------------- testing Fri Nov 22 06:26:21 UTC 2019 /home/travis/build/icyphy/ptII/ptolemy/actor/lib/test/auto/PublisherTestSubscriber.xml
----------------- Instantiating /home/travis/build/icyphy/ptII/ptolemy/actor/lib/test/auto/PublisherTestSubscriber.xml
3 ms. Memory: 456704K Free: 277279K (61%)
----------------- Invoking toplevel() on ptolemy.moml.MoMLSimpleApplication@1bb98d65
----------------- Done invoking toplevel() on ptolemy.moml.MoMLSimpleApplication@1bb98d65
reloadAllAccessors: .PublisherTestSubscriber

===========================================================================================
----------------- testing Fri Nov 22 06:26:21 UTC 2019 /home/travis/build/icyphy/ptII/ptolemy/actor/lib/test/auto/PublisherToplevelSubscriberPortAOC.xml
----------------- Instantiating /home/travis/build/icyphy/ptII/ptolemy/actor/lib/test/auto/PublisherToplevelSubscriberPortAOC.xml
2 ms. Memory: 456704K Free: 270631K (59%)
----------------- Invoking toplevel() on ptolemy.moml.MoMLSimpleApplication@121d3579
----------------- Done invoking toplevel() on ptolemy.moml.MoMLSimpleApplication@121d3579
reloadAllAccessors: .PublisherToplevelSubscriberPortAOC

===========================================================================================
----------------- testing Fri Nov 22 06:26:21 UTC 2019 /home/travis/build/icyphy/ptII/ptolemy/actor/lib/test/auto/PulseFiringLimitDE.xml
----------------- Instantiating /home/travis/build/icyphy/ptII/ptolemy/actor/lib/test/auto/PulseFiringLimitDE.xml
2 ms. Memory: 456704K Free: 264487K (58%)
----------------- Invoking toplevel() on ptolemy.moml.MoMLSimpleApplication@5fecd579
----------------- Done invoking toplevel() on ptolemy.moml.MoMLSimpleApplication@5fecd579
reloadAllAccessors: .PulseFiringLimitDE

===========================================================================================
----------------- testing Fri Nov 22 06:26:21 UTC 2019 /home/travis/build/icyphy/ptII/ptolemy/actor/lib/test/auto/Ramp1.xml
----------------- Instantiating /home/travis/build/icyphy/ptII/ptolemy/actor/lib/test/auto/Ramp1.xml
1 ms. Memory: 456704K Free: 259863K (57%)
----------------- Invoking toplevel() on ptolemy.moml.MoMLSimpleApplication@3ce0d4b6
----------------- Done invoking toplevel() on ptolemy.moml.MoMLSimpleApplication@3ce0d4b6
reloadAllAccessors: .Ramp1

===========================================================================================
----------------- testing Fri Nov 22 06:26:21 UTC 2019 /home/travis/build/icyphy/ptII/ptolemy/actor/lib/test/auto/RampFiringLimitDE.xml
----------------- Instantiating /home/travis/build/icyphy/ptII/ptolemy/actor/lib/test/auto/RampFiringLimitDE.xml
3 ms. Memory: 456704K Free: 253719K (56%)
----------------- Invoking toplevel() on ptolemy.moml.MoMLSimpleApplication@733d6b76
----------------- Done invoking toplevel() on ptolemy.moml.MoMLSimpleApplication@733d6b76
reloadAllAccessors: .RampFiringLimitDE

===========================================================================================
----------------- testing Fri Nov 22 06:26:21 UTC 2019 /home/travis/build/icyphy/ptII/ptolemy/actor/lib/test/auto/RampFiringLimitSDF.xml
----------------- Instantiating /home/travis/build/icyphy/ptII/ptolemy/actor/lib/test/auto/RampFiringLimitSDF.xml
2 ms. Memory: 456704K Free: 248583K (54%)
----------------- Invoking toplevel() on ptolemy.moml.MoMLSimpleApplication@5265e1fb
----------------- Done invoking toplevel() on ptolemy.moml.MoMLSimpleApplication@5265e1fb
reloadAllAccessors: .RampFiringLimitSDF

===========================================================================================
----------------- testing Fri Nov 22 06:26:21 UTC 2019 /home/travis/build/icyphy/ptII/ptolemy/actor/lib/test/auto/RandomInteger.xml
----------------- Instantiating /home/travis/build/icyphy/ptII/ptolemy/actor/lib/test/auto/RandomInteger.xml
1 ms. Memory: 456704K Free: 244517K (54%)
----------------- Invoking toplevel() on ptolemy.moml.MoMLSimpleApplication@54bff2f3
----------------- Done invoking toplevel() on ptolemy.moml.MoMLSimpleApplication@54bff2f3
reloadAllAccessors: .RandomInteger

===========================================================================================
----------------- testing Fri Nov 22 06:26:21 UTC 2019 /home/travis/build/icyphy/ptII/ptolemy/actor/lib/test/auto/ReadFile1.xml
----------------- Instantiating /home/travis/build/icyphy/ptII/ptolemy/actor/lib/test/auto/ReadFile1.xml
2 ms. Memory: 456704K Free: 239911K (53%)
----------------- Invoking toplevel() on ptolemy.moml.MoMLSimpleApplication@2cf3e6f4
----------------- Done invoking toplevel() on ptolemy.moml.MoMLSimpleApplication@2cf3e6f4
reloadAllAccessors: .ReadFile1

===========================================================================================
----------------- testing Fri Nov 22 06:26:21 UTC 2019 /home/travis/build/icyphy/ptII/ptolemy/actor/lib/test/auto/ReadFile2.xml
----------------- Instantiating /home/travis/build/icyphy/ptII/ptolemy/actor/lib/test/auto/ReadFile2.xml
1 ms. Memory: 456704K Free: 235815K (52%)
----------------- Invoking toplevel() on ptolemy.moml.MoMLSimpleApplication@7b12fa99
----------------- Done invoking toplevel() on ptolemy.moml.MoMLSimpleApplication@7b12fa99
reloadAllAccessors: .ReadFile2

===========================================================================================
----------------- testing Fri Nov 22 06:26:21 UTC 2019 /home/travis/build/icyphy/ptII/ptolemy/actor/lib/test/auto/Reader.xml
----------------- Instantiating /home/travis/build/icyphy/ptII/ptolemy/actor/lib/test/auto/Reader.xml
actor.lib.Reader is obsolete, use actor.lib.io.ExpressionReader instead
4 ms. Memory: 456704K Free: 231719K (51%)
----------------- Invoking toplevel() on ptolemy.moml.MoMLSimpleApplication@76e748bf
----------------- Done invoking toplevel() on ptolemy.moml.MoMLSimpleApplication@76e748bf
reloadAllAccessors: .Reader

===========================================================================================
----------------- testing Fri Nov 22 06:26:21 UTC 2019 /home/travis/build/icyphy/ptII/ptolemy/actor/lib/test/auto/RecordAssemblerDisplayNameTest.xml
----------------- Instantiating /home/travis/build/icyphy/ptII/ptolemy/actor/lib/test/auto/RecordAssemblerDisplayNameTest.xml
3692 ms. Memory: 456704K Free: 341217K (75%)
----------------- Invoking toplevel() on ptolemy.moml.MoMLSimpleApplication@76b02d18
----------------- Done invoking toplevel() on ptolemy.moml.MoMLSimpleApplication@76b02d18
reloadAllAccessors: .RecordAssemblerDisplayNameTest

===========================================================================================
----------------- testing Fri Nov 22 06:26:24 UTC 2019 /home/travis/build/icyphy/ptII/ptolemy/actor/lib/test/auto/RecordAssemblerTypeError.xml
----------------- Instantiating /home/travis/build/icyphy/ptII/ptolemy/actor/lib/test/auto/RecordAssemblerTypeError.xml
6 ms. Memory: 456704K Free: 331491K (73%)
----------------- Invoking toplevel() on ptolemy.moml.MoMLSimpleApplication@5fe66795
----------------- Done invoking toplevel() on ptolemy.moml.MoMLSimpleApplication@5fe66795
reloadAllAccessors: .RecordAssemblerTypeError

===========================================================================================
----------------- testing Fri Nov 22 06:26:25 UTC 2019 /home/travis/build/icyphy/ptII/ptolemy/actor/lib/test/auto/RecordDisassember.xml
----------------- Instantiating /home/travis/build/icyphy/ptII/ptolemy/actor/lib/test/auto/RecordDisassember.xml
4 ms. Memory: 456704K Free: 326867K (72%)
----------------- Invoking toplevel() on ptolemy.moml.MoMLSimpleApplication@22b5e782
----------------- Done invoking toplevel() on ptolemy.moml.MoMLSimpleApplication@22b5e782
reloadAllAccessors: .RecordDisassember

===========================================================================================
----------------- testing Fri Nov 22 06:26:25 UTC 2019 /home/travis/build/icyphy/ptII/ptolemy/actor/lib/test/auto/RecordDisassemberDisplayNameTest.xml
----------------- Instantiating /home/travis/build/icyphy/ptII/ptolemy/actor/lib/test/auto/RecordDisassemberDisplayNameTest.xml
7 ms. Memory: 456704K Free: 318689K (70%)
----------------- Invoking toplevel() on ptolemy.moml.MoMLSimpleApplication@2ae50a04
----------------- Done invoking toplevel() on ptolemy.moml.MoMLSimpleApplication@2ae50a04
reloadAllAccessors: .RecordDisassemberDisplayNameTest

===========================================================================================
----------------- testing Fri Nov 22 06:26:25 UTC 2019 /home/travis/build/icyphy/ptII/ptolemy/actor/lib/test/auto/RecordDisassembler.xml
----------------- Instantiating /home/travis/build/icyphy/ptII/ptolemy/actor/lib/test/auto/RecordDisassembler.xml
5 ms. Memory: 456704K Free: 313059K (69%)
----------------- Invoking toplevel() on ptolemy.moml.MoMLSimpleApplication@44da8ede
----------------- Done invoking toplevel() on ptolemy.moml.MoMLSimpleApplication@44da8ede
reloadAllAccessors: .RecordDisassembler

===========================================================================================
----------------- testing Fri Nov 22 06:26:25 UTC 2019 /home/travis/build/icyphy/ptII/ptolemy/actor/lib/test/auto/RecordDisassembler2.xml
----------------- Instantiating /home/travis/build/icyphy/ptII/ptolemy/actor/lib/test/auto/RecordDisassembler2.xml
3 ms. Memory: 456704K Free: 307939K (67%)
----------------- Invoking toplevel() on ptolemy.moml.MoMLSimpleApplication@379e6ea8
----------------- Done invoking toplevel() on ptolemy.moml.MoMLSimpleApplication@379e6ea8
reloadAllAccessors: .RecordDisassembler2

===========================================================================================
----------------- testing Fri Nov 22 06:26:25 UTC 2019 /home/travis/build/icyphy/ptII/ptolemy/actor/lib/test/auto/RecordUpdater.xml
----------------- Instantiating /home/travis/build/icyphy/ptII/ptolemy/actor/lib/test/auto/RecordUpdater.xml
3 ms. Memory: 456704K Free: 303329K (66%)
----------------- Invoking toplevel() on ptolemy.moml.MoMLSimpleApplication@19315562
----------------- Done invoking toplevel() on ptolemy.moml.MoMLSimpleApplication@19315562
reloadAllAccessors: .RecordUpdater

===========================================================================================
----------------- testing Fri Nov 22 06:26:25 UTC 2019 /home/travis/build/icyphy/ptII/ptolemy/actor/lib/test/auto/RecordUpdater2.xml
----------------- Instantiating /home/travis/build/icyphy/ptII/ptolemy/actor/lib/test/auto/RecordUpdater2.xml
2 ms. Memory: 456704K Free: 298723K (65%)
----------------- Invoking toplevel() on ptolemy.moml.MoMLSimpleApplication@cedb887
----------------- Done invoking toplevel() on ptolemy.moml.MoMLSimpleApplication@cedb887
reloadAllAccessors: .RecordUpdater2

===========================================================================================
----------------- testing Fri Nov 22 06:26:25 UTC 2019 /home/travis/build/icyphy/ptII/ptolemy/actor/lib/test/auto/RecursiveLattice.xml
----------------- Instantiating /home/travis/build/icyphy/ptII/ptolemy/actor/lib/test/auto/RecursiveLattice.xml
2 ms. Memory: 456704K Free: 294627K (65%)
----------------- Invoking toplevel() on ptolemy.moml.MoMLSimpleApplication@716cffc5
----------------- Done invoking toplevel() on ptolemy.moml.MoMLSimpleApplication@716cffc5
reloadAllAccessors: .RecursiveLattice

===========================================================================================
----------------- testing Fri Nov 22 06:26:25 UTC 2019 /home/travis/build/icyphy/ptII/ptolemy/actor/lib/test/auto/Router.xml
----------------- Instantiating /home/travis/build/icyphy/ptII/ptolemy/actor/lib/test/auto/Router.xml
3005 ms. Memory: 456704K Free: 283363K (62%)
----------------- Invoking toplevel() on ptolemy.moml.MoMLSimpleApplication@7156e36c
----------------- Done invoking toplevel() on ptolemy.moml.MoMLSimpleApplication@7156e36c
reloadAllAccessors: .Router

===========================================================================================
----------------- testing Fri Nov 22 06:26:28 UTC 2019 /home/travis/build/icyphy/ptII/ptolemy/actor/lib/test/auto/Router2.xml
----------------- Instantiating /home/travis/build/icyphy/ptII/ptolemy/actor/lib/test/auto/Router2.xml
3006 ms. Memory: 456704K Free: 271585K (59%)
----------------- Invoking toplevel() on ptolemy.moml.MoMLSimpleApplication@65b8d81a
----------------- Done invoking toplevel() on ptolemy.moml.MoMLSimpleApplication@65b8d81a
reloadAllAccessors: .Router2

===========================================================================================
----------------- testing Fri Nov 22 06:26:31 UTC 2019 /home/travis/build/icyphy/ptII/ptolemy/actor/lib/test/auto/RunningMaximum.xml
----------------- Instantiating /home/travis/build/icyphy/ptII/ptolemy/actor/lib/test/auto/RunningMaximum.xml
4 ms. Memory: 456704K Free: 266979K (58%)
----------------- Invoking toplevel() on ptolemy.moml.MoMLSimpleApplication@7537122c
----------------- Done invoking toplevel() on ptolemy.moml.MoMLSimpleApplication@7537122c
reloadAllAccessors: .RunningMaximum

===========================================================================================
----------------- testing Fri Nov 22 06:26:31 UTC 2019 /home/travis/build/icyphy/ptII/ptolemy/actor/lib/test/auto/RunningMinimum.xml
----------------- Instantiating /home/travis/build/icyphy/ptII/ptolemy/actor/lib/test/auto/RunningMinimum.xml
10 ms. Memory: 456704K Free: 262369K (57%)
----------------- Invoking toplevel() on ptolemy.moml.MoMLSimpleApplication@58cc782c
----------------- Done invoking toplevel() on ptolemy.moml.MoMLSimpleApplication@58cc782c
reloadAllAccessors: .RunningMinimum

===========================================================================================
----------------- testing Fri Nov 22 06:26:31 UTC 2019 /home/travis/build/icyphy/ptII/ptolemy/actor/lib/test/auto/Scale.xml
----------------- Instantiating /home/travis/build/icyphy/ptII/ptolemy/actor/lib/test/auto/Scale.xml
1 ms. Memory: 456704K Free: 257249K (56%)
----------------- Invoking toplevel() on ptolemy.moml.MoMLSimpleApplication@7332d933
----------------- Done invoking toplevel() on ptolemy.moml.MoMLSimpleApplication@7332d933
reloadAllAccessors: .Scale

===========================================================================================
----------------- testing Fri Nov 22 06:26:31 UTC 2019 /home/travis/build/icyphy/ptII/ptolemy/actor/lib/test/auto/Scale2.xml
----------------- Instantiating /home/travis/build/icyphy/ptII/ptolemy/actor/lib/test/auto/Scale2.xml
1 ms. Memory: 456704K Free: 252643K (55%)
----------------- Invoking toplevel() on ptolemy.moml.MoMLSimpleApplication@6287ac93
----------------- Done invoking toplevel() on ptolemy.moml.MoMLSimpleApplication@6287ac93
reloadAllAccessors: .Scale2

===========================================================================================
----------------- testing Fri Nov 22 06:26:31 UTC 2019 /home/travis/build/icyphy/ptII/ptolemy/actor/lib/test/auto/Scale3.xml
----------------- Instantiating /home/travis/build/icyphy/ptII/ptolemy/actor/lib/test/auto/Scale3.xml
2 ms. Memory: 456704K Free: 245985K (54%)
----------------- Invoking toplevel() on ptolemy.moml.MoMLSimpleApplication@c230302
----------------- Done invoking toplevel() on ptolemy.moml.MoMLSimpleApplication@c230302
reloadAllAccessors: .Scale3

===========================================================================================
----------------- testing Fri Nov 22 06:26:31 UTC 2019 /home/travis/build/icyphy/ptII/ptolemy/actor/lib/test/auto/ScaleArray.xml
----------------- Instantiating /home/travis/build/icyphy/ptII/ptolemy/actor/lib/test/auto/ScaleArray.xml
1 ms. Memory: 456704K Free: 241379K (53%)
----------------- Invoking toplevel() on ptolemy.moml.MoMLSimpleApplication@1226c9b8
----------------- Done invoking toplevel() on ptolemy.moml.MoMLSimpleApplication@1226c9b8
reloadAllAccessors: .ScaleArray

===========================================================================================
----------------- testing Fri Nov 22 06:26:31 UTC 2019 /home/travis/build/icyphy/ptII/ptolemy/actor/lib/test/auto/ScaleArray2.xml
----------------- Instantiating /home/travis/build/icyphy/ptII/ptolemy/actor/lib/test/auto/ScaleArray2.xml
1 ms. Memory: 456704K Free: 236769K (52%)
----------------- Invoking toplevel() on ptolemy.moml.MoMLSimpleApplication@6fbbdaf
----------------- Done invoking toplevel() on ptolemy.moml.MoMLSimpleApplication@6fbbdaf
reloadAllAccessors: .ScaleArray2

===========================================================================================
----------------- testing Fri Nov 22 06:26:31 UTC 2019 /home/travis/build/icyphy/ptII/ptolemy/actor/lib/test/auto/ScaleMatrix.xml
----------------- Instantiating /home/travis/build/icyphy/ptII/ptolemy/actor/lib/test/auto/ScaleMatrix.xml
165 ms. Memory: 456704K Free: 221923K (49%)
----------------- Invoking toplevel() on ptolemy.moml.MoMLSimpleApplication@6ecbf05f
----------------- Done invoking toplevel() on ptolemy.moml.MoMLSimpleApplication@6ecbf05f
reloadAllAccessors: .ScaleMatrix

===========================================================================================
----------------- testing Fri Nov 22 06:26:31 UTC 2019 /home/travis/build/icyphy/ptII/ptolemy/actor/lib/test/auto/Select.xml
----------------- Instantiating /home/travis/build/icyphy/ptII/ptolemy/actor/lib/test/auto/Select.xml
3 ms. Memory: 456704K Free: 215235K (47%)
----------------- Invoking toplevel() on ptolemy.moml.MoMLSimpleApplication@3dd2570
----------------- Done invoking toplevel() on ptolemy.moml.MoMLSimpleApplication@3dd2570
reloadAllAccessors: .Select

===========================================================================================
----------------- testing Fri Nov 22 06:26:31 UTC 2019 /home/travis/build/icyphy/ptII/ptolemy/actor/lib/test/auto/Select2.xml
----------------- Instantiating /home/travis/build/icyphy/ptII/ptolemy/actor/lib/test/auto/Select2.xml
1 ms. Memory: 456704K Free: 210145K (46%)
----------------- Invoking toplevel() on ptolemy.moml.MoMLSimpleApplication@5d190f7f
----------------- Done invoking toplevel() on ptolemy.moml.MoMLSimpleApplication@5d190f7f
reloadAllAccessors: .Select2

===========================================================================================
----------------- testing Fri Nov 22 06:26:31 UTC 2019 /home/travis/build/icyphy/ptII/ptolemy/actor/lib/test/auto/SequenceToArray2.xml
----------------- Instantiating /home/travis/build/icyphy/ptII/ptolemy/actor/lib/test/auto/SequenceToArray2.xml
137 ms. Memory: 456704K Free: 186579K (41%)
----------------- Invoking toplevel() on ptolemy.moml.MoMLSimpleApplication@5928396d
----------------- Done invoking toplevel() on ptolemy.moml.MoMLSimpleApplication@5928396d
reloadAllAccessors: .SequenceToArray2

===========================================================================================
----------------- testing Fri Nov 22 06:26:31 UTC 2019 /home/travis/build/icyphy/ptII/ptolemy/actor/lib/test/auto/SequentialClock.xml
----------------- Instantiating /home/travis/build/icyphy/ptII/ptolemy/actor/lib/test/auto/SequentialClock.xml
3 ms. Memory: 456704K Free: 181987K (40%)
----------------- Invoking toplevel() on ptolemy.moml.MoMLSimpleApplication@464f15f6
----------------- Done invoking toplevel() on ptolemy.moml.MoMLSimpleApplication@464f15f6
reloadAllAccessors: .SequentialClock

===========================================================================================
----------------- testing Fri Nov 22 06:26:31 UTC 2019 /home/travis/build/icyphy/ptII/ptolemy/actor/lib/test/auto/SetVariable.xml
----------------- Instantiating /home/travis/build/icyphy/ptII/ptolemy/actor/lib/test/auto/SetVariable.xml
3 ms. Memory: 456704K Free: 177377K (39%)
----------------- Invoking toplevel() on ptolemy.moml.MoMLSimpleApplication@67a8e371
----------------- Done invoking toplevel() on ptolemy.moml.MoMLSimpleApplication@67a8e371
reloadAllAccessors: .SetVariable

===========================================================================================
----------------- testing Fri Nov 22 06:26:31 UTC 2019 /home/travis/build/icyphy/ptII/ptolemy/actor/lib/test/auto/SetVariable2.xml
----------------- Instantiating /home/travis/build/icyphy/ptII/ptolemy/actor/lib/test/auto/SetVariable2.xml
6 ms. Memory: 456704K Free: 172771K (38%)
----------------- Invoking toplevel() on ptolemy.moml.MoMLSimpleApplication@44767b31
----------------- Done invoking toplevel() on ptolemy.moml.MoMLSimpleApplication@44767b31
reloadAllAccessors: .SetVariable2

===========================================================================================
----------------- testing Fri Nov 22 06:26:31 UTC 2019 /home/travis/build/icyphy/ptII/ptolemy/actor/lib/test/auto/SetVariable3.xml
----------------- Instantiating /home/travis/build/icyphy/ptII/ptolemy/actor/lib/test/auto/SetVariable3.xml
9 ms. Memory: 456704K Free: 167651K (37%)
----------------- Invoking toplevel() on ptolemy.moml.MoMLSimpleApplication@6bb54d83
----------------- Done invoking toplevel() on ptolemy.moml.MoMLSimpleApplication@6bb54d83
reloadAllAccessors: .SetVariable3

===========================================================================================
----------------- testing Fri Nov 22 06:26:31 UTC 2019 /home/travis/build/icyphy/ptII/ptolemy/actor/lib/test/auto/SetVariable4.xml
----------------- Instantiating /home/travis/build/icyphy/ptII/ptolemy/actor/lib/test/auto/SetVariable4.xml
14 ms. Memory: 456704K Free: 157921K (35%)
----------------- Invoking toplevel() on ptolemy.moml.MoMLSimpleApplication@66d4998e
----------------- Done invoking toplevel() on ptolemy.moml.MoMLSimpleApplication@66d4998e
reloadAllAccessors: .SetVariable4

===========================================================================================
----------------- testing Fri Nov 22 06:26:31 UTC 2019 /home/travis/build/icyphy/ptII/ptolemy/actor/lib/test/auto/SetVariable5.xml
----------------- Instantiating /home/travis/build/icyphy/ptII/ptolemy/actor/lib/test/auto/SetVariable5.xml
20 ms. Memory: 456704K Free: 148699K (33%)
----------------- Invoking toplevel() on ptolemy.moml.MoMLSimpleApplication@1c1d35e9
----------------- Done invoking toplevel() on ptolemy.moml.MoMLSimpleApplication@1c1d35e9
reloadAllAccessors: .SetVariable5

===========================================================================================
----------------- testing Fri Nov 22 06:26:31 UTC 2019 /home/travis/build/icyphy/ptII/ptolemy/actor/lib/test/auto/Sinewave.xml
----------------- Instantiating /home/travis/build/icyphy/ptII/ptolemy/actor/lib/test/auto/Sinewave.xml
4 ms. Memory: 456704K Free: 138465K (30%)
----------------- Invoking toplevel() on ptolemy.moml.MoMLSimpleApplication@5da6b44a
----------------- Done invoking toplevel() on ptolemy.moml.MoMLSimpleApplication@5da6b44a
reloadAllAccessors: .Sinewave

===========================================================================================
----------------- testing Fri Nov 22 06:26:31 UTC 2019 /home/travis/build/icyphy/ptII/ptolemy/actor/lib/test/auto/Sinewave2.xml
----------------- Instantiating /home/travis/build/icyphy/ptII/ptolemy/actor/lib/test/auto/Sinewave2.xml
5 ms. Memory: 456704K Free: 398616K (87%)
----------------- Invoking toplevel() on ptolemy.moml.MoMLSimpleApplication@5bc8cf74
----------------- Done invoking toplevel() on ptolemy.moml.MoMLSimpleApplication@5bc8cf74
reloadAllAccessors: .Sinewave2

===========================================================================================
----------------- testing Fri Nov 22 06:26:32 UTC 2019 /home/travis/build/icyphy/ptII/ptolemy/actor/lib/test/auto/Sinewave3.xml
----------------- Instantiating /home/travis/build/icyphy/ptII/ptolemy/actor/lib/test/auto/Sinewave3.xml
10 ms. Memory: 456704K Free: 389400K (85%)
----------------- Invoking toplevel() on ptolemy.moml.MoMLSimpleApplication@4f06ca34
----------------- Done invoking toplevel() on ptolemy.moml.MoMLSimpleApplication@4f06ca34
reloadAllAccessors: .Sinewave3

===========================================================================================
----------------- testing Fri Nov 22 06:26:32 UTC 2019 /home/travis/build/icyphy/ptII/ptolemy/actor/lib/test/auto/SingleEvent.xml
----------------- Instantiating /home/travis/build/icyphy/ptII/ptolemy/actor/lib/test/auto/SingleEvent.xml
2 ms. Memory: 456704K Free: 385304K (84%)
----------------- Invoking toplevel() on ptolemy.moml.MoMLSimpleApplication@4afec78
----------------- Done invoking toplevel() on ptolemy.moml.MoMLSimpleApplication@4afec78
reloadAllAccessors: .SingleEvent

===========================================================================================
----------------- testing Fri Nov 22 06:26:32 UTC 2019 /home/travis/build/icyphy/ptII/ptolemy/actor/lib/test/auto/Sleep.xml
----------------- Instantiating /home/travis/build/icyphy/ptII/ptolemy/actor/lib/test/auto/Sleep.xml
6004 ms. Memory: 456704K Free: 379670K (83%)
----------------- Invoking toplevel() on ptolemy.moml.MoMLSimpleApplication@69322222
----------------- Done invoking toplevel() on ptolemy.moml.MoMLSimpleApplication@69322222
reloadAllAccessors: .Sleep

===========================================================================================
----------------- testing Fri Nov 22 06:26:38 UTC 2019 /home/travis/build/icyphy/ptII/ptolemy/actor/lib/test/auto/SleepMultipleFire.xml
----------------- Instantiating /home/travis/build/icyphy/ptII/ptolemy/actor/lib/test/auto/SleepMultipleFire.xml
1008 ms. Memory: 456704K Free: 374040K (82%)
----------------- Invoking toplevel() on ptolemy.moml.MoMLSimpleApplication@1bd21db5
----------------- Done invoking toplevel() on ptolemy.moml.MoMLSimpleApplication@1bd21db5
reloadAllAccessors: .SleepMultipleFire

===========================================================================================
----------------- testing Fri Nov 22 06:26:39 UTC 2019 /home/travis/build/icyphy/ptII/ptolemy/actor/lib/test/auto/StopDE.xml
----------------- Instantiating /home/travis/build/icyphy/ptII/ptolemy/actor/lib/test/auto/StopDE.xml
9 ms. Memory: 456704K Free: 368406K (81%)
----------------- Invoking toplevel() on ptolemy.moml.MoMLSimpleApplication@76fcfede
----------------- Done invoking toplevel() on ptolemy.moml.MoMLSimpleApplication@76fcfede
reloadAllAccessors: .StopDE

===========================================================================================
----------------- testing Fri Nov 22 06:26:39 UTC 2019 /home/travis/build/icyphy/ptII/ptolemy/actor/lib/test/auto/StopSDF.xml
----------------- Instantiating /home/travis/build/icyphy/ptII/ptolemy/actor/lib/test/auto/StopSDF.xml
3 ms. Memory: 456704K Free: 362776K (79%)
----------------- Invoking toplevel() on ptolemy.moml.MoMLSimpleApplication@43340bd9
----------------- Done invoking toplevel() on ptolemy.moml.MoMLSimpleApplication@43340bd9
reloadAllAccessors: .StopSDF

===========================================================================================
----------------- testing Fri Nov 22 06:26:39 UTC 2019 /home/travis/build/icyphy/ptII/ptolemy/actor/lib/test/auto/StringConstant.xml
----------------- Instantiating /home/travis/build/icyphy/ptII/ptolemy/actor/lib/test/auto/StringConstant.xml
8 ms. Memory: 456704K Free: 358678K (79%)
----------------- Invoking toplevel() on ptolemy.moml.MoMLSimpleApplication@63c8bf98
----------------- Done invoking toplevel() on ptolemy.moml.MoMLSimpleApplication@63c8bf98
reloadAllAccessors: .StringConstant

===========================================================================================
----------------- testing Fri Nov 22 06:26:39 UTC 2019 /home/travis/build/icyphy/ptII/ptolemy/actor/lib/test/auto/SubscriberPortInitialValues1.xml
----------------- Instantiating /home/travis/build/icyphy/ptII/ptolemy/actor/lib/test/auto/SubscriberPortInitialValues1.xml
14 ms. Memory: 456704K Free: 349974K (77%)
----------------- Invoking toplevel() on ptolemy.moml.MoMLSimpleApplication@a3e5fc2
----------------- Done invoking toplevel() on ptolemy.moml.MoMLSimpleApplication@a3e5fc2
reloadAllAccessors: .SubscriberPortInitialValues1

===========================================================================================
----------------- testing Fri Nov 22 06:26:39 UTC 2019 /home/travis/build/icyphy/ptII/ptolemy/actor/lib/test/auto/SubscriberPortInitialValues13.xml
----------------- Instantiating /home/travis/build/icyphy/ptII/ptolemy/actor/lib/test/auto/SubscriberPortInitialValues13.xml
8 ms. Memory: 456704K Free: 337686K (74%)
----------------- Invoking toplevel() on ptolemy.moml.MoMLSimpleApplication@bfb1eb6
----------------- Done invoking toplevel() on ptolemy.moml.MoMLSimpleApplication@bfb1eb6
reloadAllAccessors: .SubscriberPortInitialValues13

===========================================================================================
----------------- testing Fri Nov 22 06:26:39 UTC 2019 /home/travis/build/icyphy/ptII/ptolemy/actor/lib/test/auto/SubscriberPortInitialValues14.xml
----------------- Instantiating /home/travis/build/icyphy/ptII/ptolemy/actor/lib/test/auto/SubscriberPortInitialValues14.xml
14 ms. Memory: 456704K Free: 330008K (72%)
----------------- Invoking toplevel() on ptolemy.moml.MoMLSimpleApplication@4f4e232c
----------------- Done invoking toplevel() on ptolemy.moml.MoMLSimpleApplication@4f4e232c
reloadAllAccessors: .SubscriberPortInitialValues14

===========================================================================================
----------------- testing Fri Nov 22 06:26:39 UTC 2019 /home/travis/build/icyphy/ptII/ptolemy/actor/lib/test/auto/SubscriberPortInitialValues2.xml
----------------- Instantiating /home/travis/build/icyphy/ptII/ptolemy/actor/lib/test/auto/SubscriberPortInitialValues2.xml
5 ms. Memory: 456704K Free: 321816K (70%)
----------------- Invoking toplevel() on ptolemy.moml.MoMLSimpleApplication@1ef3ae60
----------------- Done invoking toplevel() on ptolemy.moml.MoMLSimpleApplication@1ef3ae60
reloadAllAccessors: .SubscriberPortInitialValues2

===========================================================================================
----------------- testing Fri Nov 22 06:26:39 UTC 2019 /home/travis/build/icyphy/ptII/ptolemy/actor/lib/test/auto/SubscriberPortInitialValues3.xml
----------------- Instantiating /home/travis/build/icyphy/ptII/ptolemy/actor/lib/test/auto/SubscriberPortInitialValues3.xml
6 ms. Memory: 456704K Free: 310552K (68%)
----------------- Invoking toplevel() on ptolemy.moml.MoMLSimpleApplication@6710dcb1
----------------- Done invoking toplevel() on ptolemy.moml.MoMLSimpleApplication@6710dcb1
reloadAllAccessors: .SubscriberPortInitialValues3

===========================================================================================
----------------- testing Fri Nov 22 06:26:39 UTC 2019 /home/travis/build/icyphy/ptII/ptolemy/actor/lib/test/auto/SubscriptionAggregator.xml
----------------- Instantiating /home/travis/build/icyphy/ptII/ptolemy/actor/lib/test/auto/SubscriptionAggregator.xml
4 ms. Memory: 456704K Free: 303880K (67%)
----------------- Invoking toplevel() on ptolemy.moml.MoMLSimpleApplication@35b7641f
----------------- Done invoking toplevel() on ptolemy.moml.MoMLSimpleApplication@35b7641f
reloadAllAccessors: .SubscriptionAggregator

===========================================================================================
----------------- testing Fri Nov 22 06:26:39 UTC 2019 /home/travis/build/icyphy/ptII/ptolemy/actor/lib/test/auto/SubscriptionAggregator2.xml
----------------- Instantiating /home/travis/build/icyphy/ptII/ptolemy/actor/lib/test/auto/SubscriptionAggregator2.xml
4 ms. Memory: 456704K Free: 297240K (65%)
----------------- Invoking toplevel() on ptolemy.moml.MoMLSimpleApplication@1ba3ec59
----------------- Done invoking toplevel() on ptolemy.moml.MoMLSimpleApplication@1ba3ec59
reloadAllAccessors: .SubscriptionAggregator2

===========================================================================================
----------------- testing Fri Nov 22 06:26:39 UTC 2019 /home/travis/build/icyphy/ptII/ptolemy/actor/lib/test/auto/SubscriptionAggregator3.xml
----------------- Instantiating /home/travis/build/icyphy/ptII/ptolemy/actor/lib/test/auto/SubscriptionAggregator3.xml
4 ms. Memory: 456704K Free: 288528K (63%)
----------------- Invoking toplevel() on ptolemy.moml.MoMLSimpleApplication@6bd30eb4
----------------- Done invoking toplevel() on ptolemy.moml.MoMLSimpleApplication@6bd30eb4
reloadAllAccessors: .SubscriptionAggregator3

===========================================================================================
----------------- testing Fri Nov 22 06:26:39 UTC 2019 /home/travis/build/icyphy/ptII/ptolemy/actor/lib/test/auto/SubscriptionAggregatorMultiply.xml
----------------- Instantiating /home/travis/build/icyphy/ptII/ptolemy/actor/lib/test/auto/SubscriptionAggregatorMultiply.xml
3 ms. Memory: 456704K Free: 279832K (61%)
----------------- Invoking toplevel() on ptolemy.moml.MoMLSimpleApplication@6298eb8c
----------------- Done invoking toplevel() on ptolemy.moml.MoMLSimpleApplication@6298eb8c
reloadAllAccessors: .SubscriptionAggregatorMultiply

===========================================================================================
----------------- testing Fri Nov 22 06:26:39 UTC 2019 /home/travis/build/icyphy/ptII/ptolemy/actor/lib/test/auto/SubscriptionAggregatorPortMultiply1.xml
----------------- Instantiating /home/travis/build/icyphy/ptII/ptolemy/actor/lib/test/auto/SubscriptionAggregatorPortMultiply1.xml
6 ms. Memory: 456704K Free: 272150K (60%)
----------------- Invoking toplevel() on ptolemy.moml.MoMLSimpleApplication@4ad2e9a3
----------------- Done invoking toplevel() on ptolemy.moml.MoMLSimpleApplication@4ad2e9a3
reloadAllAccessors: .SubscriptionAggregatorPortMultiply1

===========================================================================================
----------------- testing Fri Nov 22 06:26:39 UTC 2019 /home/travis/build/icyphy/ptII/ptolemy/actor/lib/test/auto/Switch.xml
----------------- Instantiating /home/travis/build/icyphy/ptII/ptolemy/actor/lib/test/auto/Switch.xml
9 ms. Memory: 456704K Free: 263448K (58%)
----------------- Invoking toplevel() on ptolemy.moml.MoMLSimpleApplication@2af9491
----------------- Done invoking toplevel() on ptolemy.moml.MoMLSimpleApplication@2af9491
reloadAllAccessors: .Switch

===========================================================================================
----------------- testing Fri Nov 22 06:26:39 UTC 2019 /home/travis/build/icyphy/ptII/ptolemy/actor/lib/test/auto/Switch2.xml
----------------- Instantiating /home/travis/build/icyphy/ptII/ptolemy/actor/lib/test/auto/Switch2.xml
1 ms. Memory: 456704K Free: 258838K (57%)
----------------- Invoking toplevel() on ptolemy.moml.MoMLSimpleApplication@c67199b
----------------- Done invoking toplevel() on ptolemy.moml.MoMLSimpleApplication@c67199b
reloadAllAccessors: .Switch2

===========================================================================================
----------------- testing Fri Nov 22 06:26:39 UTC 2019 /home/travis/build/icyphy/ptII/ptolemy/actor/lib/test/auto/SwitchDE.xml
----------------- Instantiating /home/travis/build/icyphy/ptII/ptolemy/actor/lib/test/auto/SwitchDE.xml
4 ms. Memory: 456704K Free: 252664K (55%)
----------------- Invoking toplevel() on ptolemy.moml.MoMLSimpleApplication@58280eb5
----------------- Done invoking toplevel() on ptolemy.moml.MoMLSimpleApplication@58280eb5
reloadAllAccessors: .SwitchDE

===========================================================================================
----------------- testing Fri Nov 22 06:26:39 UTC 2019 /home/travis/build/icyphy/ptII/ptolemy/actor/lib/test/auto/SynchronizerDE.xml
----------------- Instantiating /home/travis/build/icyphy/ptII/ptolemy/actor/lib/test/auto/SynchronizerDE.xml
8 ms. Memory: 456704K Free: 244488K (54%)
----------------- Invoking toplevel() on ptolemy.moml.MoMLSimpleApplication@3c54ca8e
----------------- Done invoking toplevel() on ptolemy.moml.MoMLSimpleApplication@3c54ca8e
reloadAllAccessors: .SynchronizerDE

===========================================================================================
----------------- testing Fri Nov 22 06:26:39 UTC 2019 /home/travis/build/icyphy/ptII/ptolemy/actor/lib/test/auto/Test.xml
----------------- Instantiating /home/travis/build/icyphy/ptII/ptolemy/actor/lib/test/auto/Test.xml
12 ms. Memory: 456704K Free: 239376K (52%)
----------------- Invoking toplevel() on ptolemy.moml.MoMLSimpleApplication@1f3a086b
----------------- Done invoking toplevel() on ptolemy.moml.MoMLSimpleApplication@1f3a086b
reloadAllAccessors: .Test

===========================================================================================
----------------- testing Fri Nov 22 06:26:39 UTC 2019 /home/travis/build/icyphy/ptII/ptolemy/actor/lib/test/auto/TestExceptionAttribute1.xml
----------------- Instantiating /home/travis/build/icyphy/ptII/ptolemy/actor/lib/test/auto/TestExceptionAttribute1.xml
1 ms. Memory: 456704K Free: 234262K (51%)
----------------- Invoking toplevel() on ptolemy.moml.MoMLSimpleApplication@fff2552
----------------- Done invoking toplevel() on ptolemy.moml.MoMLSimpleApplication@fff2552
reloadAllAccessors: .TestExceptionAttribute1

===========================================================================================
----------------- testing Fri Nov 22 06:26:39 UTC 2019 /home/travis/build/icyphy/ptII/ptolemy/actor/lib/test/auto/TestExceptionAttribute2.xml
----------------- Instantiating /home/travis/build/icyphy/ptII/ptolemy/actor/lib/test/auto/TestExceptionAttribute2.xml
2 ms. Memory: 456704K Free: 230680K (51%)
----------------- Invoking toplevel() on ptolemy.moml.MoMLSimpleApplication@7a8a9e18
----------------- Done invoking toplevel() on ptolemy.moml.MoMLSimpleApplication@7a8a9e18
reloadAllAccessors: .TestExceptionAttribute2

===========================================================================================
----------------- testing Fri Nov 22 06:26:39 UTC 2019 /home/travis/build/icyphy/ptII/ptolemy/actor/lib/test/auto/TestExceptionAttribute3.xml
----------------- Instantiating /home/travis/build/icyphy/ptII/ptolemy/actor/lib/test/auto/TestExceptionAttribute3.xml
.TestExceptionAttribute3.TestExceptionAttribute: initialize() was not invoked, but wrapup() was.  This is unusual, but not always a problem.  For example, exporting JNLP will do this.
1 ms. Memory: 456704K Free: 227094K (50%)
----------------- Invoking toplevel() on ptolemy.moml.MoMLSimpleApplication@1594aa1d
----------------- Done invoking toplevel() on ptolemy.moml.MoMLSimpleApplication@1594aa1d
reloadAllAccessors: .TestExceptionAttribute3

===========================================================================================
----------------- testing Fri Nov 22 06:26:39 UTC 2019 /home/travis/build/icyphy/ptII/ptolemy/actor/lib/test/auto/TestExceptionAttribute4.xml
----------------- Instantiating /home/travis/build/icyphy/ptII/ptolemy/actor/lib/test/auto/TestExceptionAttribute4.xml
.TestExceptionAttribute4.TestExceptionAttribute: initialize() was not invoked, but wrapup() was.  This is unusual, but not always a problem.  For example, exporting JNLP will do this.
.TestExceptionAttribute4.TestExceptionAttribute2: initialize() was not invoked, but wrapup() was.  This is unusual, but not always a problem.  For example, exporting JNLP will do this.
0 ms. Memory: 456704K Free: 222998K (49%)
----------------- Invoking toplevel() on ptolemy.moml.MoMLSimpleApplication@4ab4c8f4
----------------- Done invoking toplevel() on ptolemy.moml.MoMLSimpleApplication@4ab4c8f4
reloadAllAccessors: .TestExceptionAttribute4

===========================================================================================
----------------- testing Fri Nov 22 06:26:39 UTC 2019 /home/travis/build/icyphy/ptII/ptolemy/actor/lib/test/auto/TestExceptionHandler1.xml
----------------- Instantiating /home/travis/build/icyphy/ptII/ptolemy/actor/lib/test/auto/TestExceptionHandler1.xml
1 ms. Memory: 456704K Free: 219416K (48%)
----------------- Invoking toplevel() on ptolemy.moml.MoMLSimpleApplication@250ea674
----------------- Done invoking toplevel() on ptolemy.moml.MoMLSimpleApplication@250ea674
reloadAllAccessors: .TestExceptionHandler1

===========================================================================================
----------------- testing Fri Nov 22 06:26:39 UTC 2019 /home/travis/build/icyphy/ptII/ptolemy/actor/lib/test/auto/TestExceptionHandler2.xml
----------------- Instantiating /home/travis/build/icyphy/ptII/ptolemy/actor/lib/test/auto/TestExceptionHandler2.xml
2 ms. Memory: 456704K Free: 215830K (47%)
----------------- Invoking toplevel() on ptolemy.moml.MoMLSimpleApplication@19092708
----------------- Done invoking toplevel() on ptolemy.moml.MoMLSimpleApplication@19092708
reloadAllAccessors: .TestExceptionHandler2

===========================================================================================
----------------- testing Fri Nov 22 06:26:39 UTC 2019 /home/travis/build/icyphy/ptII/ptolemy/actor/lib/test/auto/TestExceptionHandler3.xml
----------------- Instantiating /home/travis/build/icyphy/ptII/ptolemy/actor/lib/test/auto/TestExceptionHandler3.xml
1 ms. Memory: 456704K Free: 211734K (46%)
----------------- Invoking toplevel() on ptolemy.moml.MoMLSimpleApplication@690e6f4d
----------------- Done invoking toplevel() on ptolemy.moml.MoMLSimpleApplication@690e6f4d
reloadAllAccessors: .TestExceptionHandler3

===========================================================================================
----------------- testing Fri Nov 22 06:26:39 UTC 2019 /home/travis/build/icyphy/ptII/ptolemy/actor/lib/test/auto/TestExceptionHandler4.xml
----------------- Instantiating /home/travis/build/icyphy/ptII/ptolemy/actor/lib/test/auto/TestExceptionHandler4.xml
1 ms. Memory: 456704K Free: 207638K (45%)
----------------- Invoking toplevel() on ptolemy.moml.MoMLSimpleApplication@24a5e439
----------------- Done invoking toplevel() on ptolemy.moml.MoMLSimpleApplication@24a5e439
reloadAllAccessors: .TestExceptionHandler4

===========================================================================================
----------------- testing Fri Nov 22 06:26:39 UTC 2019 /home/travis/build/icyphy/ptII/ptolemy/actor/lib/test/auto/TestRequireCorrectOrder.xml
----------------- Instantiating /home/travis/build/icyphy/ptII/ptolemy/actor/lib/test/auto/TestRequireCorrectOrder.xml
9 ms. Memory: 456704K Free: 202488K (44%)
----------------- Invoking toplevel() on ptolemy.moml.MoMLSimpleApplication@38131723
----------------- Done invoking toplevel() on ptolemy.moml.MoMLSimpleApplication@38131723
reloadAllAccessors: .TestRequireCorrectOrder

===========================================================================================
----------------- testing Fri Nov 22 06:26:39 UTC 2019 /home/travis/build/icyphy/ptII/ptolemy/actor/lib/test/auto/TestSimple.xml
----------------- Instantiating /home/travis/build/icyphy/ptII/ptolemy/actor/lib/test/auto/TestSimple.xml
2 ms. Memory: 456704K Free: 198422K (43%)
----------------- Invoking toplevel() on ptolemy.moml.MoMLSimpleApplication@27cccef5
----------------- Done invoking toplevel() on ptolemy.moml.MoMLSimpleApplication@27cccef5
reloadAllAccessors: .TestSimple

===========================================================================================
----------------- testing Fri Nov 22 06:26:39 UTC 2019 /home/travis/build/icyphy/ptII/ptolemy/actor/lib/test/auto/ThrowModelError.xml
----------------- Instantiating /home/travis/build/icyphy/ptII/ptolemy/actor/lib/test/auto/ThrowModelError.xml
2 ms. Memory: 456704K Free: 193816K (42%)
----------------- Invoking toplevel() on ptolemy.moml.MoMLSimpleApplication@1728ad3
----------------- Done invoking toplevel() on ptolemy.moml.MoMLSimpleApplication@1728ad3
reloadAllAccessors: .ThrowModelError

===========================================================================================
----------------- testing Fri Nov 22 06:26:39 UTC 2019 /home/travis/build/icyphy/ptII/ptolemy/actor/lib/test/auto/TimeDelayMicrosteps.xml
----------------- Instantiating /home/travis/build/icyphy/ptII/ptolemy/actor/lib/test/auto/TimeDelayMicrosteps.xml
3 ms. Memory: 456704K Free: 186648K (41%)
----------------- Invoking toplevel() on ptolemy.moml.MoMLSimpleApplication@6896a739
----------------- Done invoking toplevel() on ptolemy.moml.MoMLSimpleApplication@6896a739
reloadAllAccessors: .TimeDelayMicrosteps

===========================================================================================
----------------- testing Fri Nov 22 06:26:39 UTC 2019 /home/travis/build/icyphy/ptII/ptolemy/actor/lib/test/auto/TimeDelayMicrosteps2.xml
----------------- Instantiating /home/travis/build/icyphy/ptII/ptolemy/actor/lib/test/auto/TimeDelayMicrosteps2.xml
4 ms. Memory: 456704K Free: 179480K (39%)
----------------- Invoking toplevel() on ptolemy.moml.MoMLSimpleApplication@648d2e7
----------------- Done invoking toplevel() on ptolemy.moml.MoMLSimpleApplication@648d2e7
reloadAllAccessors: .TimeDelayMicrosteps2

===========================================================================================
----------------- testing Fri Nov 22 06:26:39 UTC 2019 /home/travis/build/icyphy/ptII/ptolemy/actor/lib/test/auto/TimeDelayMicrosteps3.xml
----------------- Instantiating /home/travis/build/icyphy/ptII/ptolemy/actor/lib/test/auto/TimeDelayMicrosteps3.xml
3 ms. Memory: 456704K Free: 172816K (38%)
----------------- Invoking toplevel() on ptolemy.moml.MoMLSimpleApplication@6f5a44da
----------------- Done invoking toplevel() on ptolemy.moml.MoMLSimpleApplication@6f5a44da
reloadAllAccessors: .TimeDelayMicrosteps3

===========================================================================================
----------------- testing Fri Nov 22 06:26:39 UTC 2019 /home/travis/build/icyphy/ptII/ptolemy/actor/lib/test/auto/TimeDelayVariableMicrosteps.xml
----------------- Instantiating /home/travis/build/icyphy/ptII/ptolemy/actor/lib/test/auto/TimeDelayVariableMicrosteps.xml
4 ms. Memory: 456704K Free: 166678K (36%)
----------------- Invoking toplevel() on ptolemy.moml.MoMLSimpleApplication@62d23b4c
----------------- Done invoking toplevel() on ptolemy.moml.MoMLSimpleApplication@62d23b4c
reloadAllAccessors: .TimeDelayVariableMicrosteps

===========================================================================================
----------------- testing Fri Nov 22 06:26:39 UTC 2019 /home/travis/build/icyphy/ptII/ptolemy/actor/lib/test/auto/TimeGap.xml
----------------- Instantiating /home/travis/build/icyphy/ptII/ptolemy/actor/lib/test/auto/TimeGap.xml
5 ms. Memory: 456704K Free: 161528K (35%)
----------------- Invoking toplevel() on ptolemy.moml.MoMLSimpleApplication@4ba00a41
----------------- Done invoking toplevel() on ptolemy.moml.MoMLSimpleApplication@4ba00a41
reloadAllAccessors: .TimeGap

===========================================================================================
----------------- testing Fri Nov 22 06:26:39 UTC 2019 /home/travis/build/icyphy/ptII/ptolemy/actor/lib/test/auto/TimeGap2.xml
----------------- Instantiating /home/travis/build/icyphy/ptII/ptolemy/actor/lib/test/auto/TimeGap2.xml
2 ms. Memory: 456704K Free: 155400K (34%)
----------------- Invoking toplevel() on ptolemy.moml.MoMLSimpleApplication@5ddf8e17
----------------- Done invoking toplevel() on ptolemy.moml.MoMLSimpleApplication@5ddf8e17
reloadAllAccessors: .TimeGap2

===========================================================================================
----------------- testing Fri Nov 22 06:26:39 UTC 2019 /home/travis/build/icyphy/ptII/ptolemy/actor/lib/test/auto/TimedSinewave.xml
----------------- Instantiating /home/travis/build/icyphy/ptII/ptolemy/actor/lib/test/auto/TimedSinewave.xml
25 ms. Memory: 456704K Free: 141592K (31%)
----------------- Invoking toplevel() on ptolemy.moml.MoMLSimpleApplication@2356f6ad
----------------- Done invoking toplevel() on ptolemy.moml.MoMLSimpleApplication@2356f6ad
reloadAllAccessors: .TimedSinewave

===========================================================================================
----------------- testing Fri Nov 22 06:26:39 UTC 2019 /home/travis/build/icyphy/ptII/ptolemy/actor/lib/test/auto/TimedSinewavePhase.xml
----------------- Instantiating /home/travis/build/icyphy/ptII/ptolemy/actor/lib/test/auto/TimedSinewavePhase.xml
12 ms. Memory: 456704K Free: 399936K (88%)
----------------- Invoking toplevel() on ptolemy.moml.MoMLSimpleApplication@319373a1
----------------- Done invoking toplevel() on ptolemy.moml.MoMLSimpleApplication@319373a1
reloadAllAccessors: .TimedSinewavePhase

===========================================================================================
----------------- testing Fri Nov 22 06:26:40 UTC 2019 /home/travis/build/icyphy/ptII/ptolemy/actor/lib/test/auto/Timer.xml
----------------- Instantiating /home/travis/build/icyphy/ptII/ptolemy/actor/lib/test/auto/Timer.xml
2 ms. Memory: 456704K Free: 393777K (86%)
----------------- Invoking toplevel() on ptolemy.moml.MoMLSimpleApplication@1fa580a8
----------------- Done invoking toplevel() on ptolemy.moml.MoMLSimpleApplication@1fa580a8
reloadAllAccessors: .Timer

===========================================================================================
----------------- testing Fri Nov 22 06:26:40 UTC 2019 /home/travis/build/icyphy/ptII/ptolemy/actor/lib/test/auto/TriangularDistTestModel.xml
----------------- Instantiating /home/travis/build/icyphy/ptII/ptolemy/actor/lib/test/auto/TriangularDistTestModel.xml
3 ms. Memory: 456704K Free: 388162K (85%)
----------------- Invoking toplevel() on ptolemy.moml.MoMLSimpleApplication@108d3c44
----------------- Done invoking toplevel() on ptolemy.moml.MoMLSimpleApplication@108d3c44
reloadAllAccessors: .TriangularDistTestModel

===========================================================================================
----------------- testing Fri Nov 22 06:26:40 UTC 2019 /home/travis/build/icyphy/ptII/ptolemy/actor/lib/test/auto/TrigFunction.xml
----------------- Instantiating /home/travis/build/icyphy/ptII/ptolemy/actor/lib/test/auto/TrigFunction.xml
3 ms. Memory: 456704K Free: 383552K (84%)
----------------- Invoking toplevel() on ptolemy.moml.MoMLSimpleApplication@32572a9e
----------------- Done invoking toplevel() on ptolemy.moml.MoMLSimpleApplication@32572a9e
reloadAllAccessors: .TrigFunction

===========================================================================================
----------------- testing Fri Nov 22 06:26:40 UTC 2019 /home/travis/build/icyphy/ptII/ptolemy/actor/lib/test/auto/TrigFunctionDE.xml
----------------- Instantiating /home/travis/build/icyphy/ptII/ptolemy/actor/lib/test/auto/TrigFunctionDE.xml
2 ms. Memory: 456704K Free: 377922K (83%)
----------------- Invoking toplevel() on ptolemy.moml.MoMLSimpleApplication@7e97eeb1
----------------- Done invoking toplevel() on ptolemy.moml.MoMLSimpleApplication@7e97eeb1
reloadAllAccessors: .TrigFunctionDE

===========================================================================================
----------------- testing Fri Nov 22 06:26:40 UTC 2019 /home/travis/build/icyphy/ptII/ptolemy/actor/lib/test/auto/TrigFunctionInverse.xml
----------------- Instantiating /home/travis/build/icyphy/ptII/ptolemy/actor/lib/test/auto/TrigFunctionInverse.xml
3 ms. Memory: 456704K Free: 372288K (82%)
----------------- Invoking toplevel() on ptolemy.moml.MoMLSimpleApplication@4f435de6
----------------- Done invoking toplevel() on ptolemy.moml.MoMLSimpleApplication@4f435de6
reloadAllAccessors: .TrigFunctionInverse

===========================================================================================
----------------- testing Fri Nov 22 06:26:40 UTC 2019 /home/travis/build/icyphy/ptII/ptolemy/actor/lib/test/auto/TrigFunctionTan.xml
----------------- Instantiating /home/travis/build/icyphy/ptII/ptolemy/actor/lib/test/auto/TrigFunctionTan.xml
2 ms. Memory: 456704K Free: 368192K (81%)
----------------- Invoking toplevel() on ptolemy.moml.MoMLSimpleApplication@7ad84bac
----------------- Done invoking toplevel() on ptolemy.moml.MoMLSimpleApplication@7ad84bac
reloadAllAccessors: .TrigFunctionTan

===========================================================================================
----------------- testing Fri Nov 22 06:26:40 UTC 2019 /home/travis/build/icyphy/ptII/ptolemy/actor/lib/test/auto/TriggeredClock.xml
----------------- Instantiating /home/travis/build/icyphy/ptII/ptolemy/actor/lib/test/auto/TriggeredClock.xml
2 ms. Memory: 456704K Free: 363569K (80%)
----------------- Invoking toplevel() on ptolemy.moml.MoMLSimpleApplication@6df997df
----------------- Done invoking toplevel() on ptolemy.moml.MoMLSimpleApplication@6df997df
reloadAllAccessors: .TriggeredClock

===========================================================================================
----------------- testing Fri Nov 22 06:26:40 UTC 2019 /home/travis/build/icyphy/ptII/ptolemy/actor/lib/test/auto/URLDirectoryReader.xml
----------------- Instantiating /home/travis/build/icyphy/ptII/ptolemy/actor/lib/test/auto/URLDirectoryReader.xml
46 ms. Memory: 456704K Free: 353856K (77%)
----------------- Invoking toplevel() on ptolemy.moml.MoMLSimpleApplication@11afdd02
----------------- Done invoking toplevel() on ptolemy.moml.MoMLSimpleApplication@11afdd02
reloadAllAccessors: .URLDirectoryReader

===========================================================================================
----------------- testing Fri Nov 22 06:26:40 UTC 2019 /home/travis/build/icyphy/ptII/ptolemy/actor/lib/test/auto/URLDirectoryReader3.xml
----------------- Instantiating /home/travis/build/icyphy/ptII/ptolemy/actor/lib/test/auto/URLDirectoryReader3.xml
1258 ms. Memory: 456704K Free: 393541K (86%)
----------------- Invoking toplevel() on ptolemy.moml.MoMLSimpleApplication@c41e541
----------------- Done invoking toplevel() on ptolemy.moml.MoMLSimpleApplication@c41e541
reloadAllAccessors: .URLDirectoryReader3

===========================================================================================
----------------- testing Fri Nov 22 06:26:41 UTC 2019 /home/travis/build/icyphy/ptII/ptolemy/actor/lib/test/auto/UnaryMathFunction.xml
----------------- Instantiating /home/travis/build/icyphy/ptII/ptolemy/actor/lib/test/auto/UnaryMathFunction.xml
3 ms. Memory: 456704K Free: 385345K (84%)
----------------- Invoking toplevel() on ptolemy.moml.MoMLSimpleApplication@7860a0a9
----------------- Done invoking toplevel() on ptolemy.moml.MoMLSimpleApplication@7860a0a9
reloadAllAccessors: .UnaryMathFunction

===========================================================================================
----------------- testing Fri Nov 22 06:26:41 UTC 2019 /home/travis/build/icyphy/ptII/ptolemy/actor/lib/test/auto/Uniform.xml
----------------- Instantiating /home/travis/build/icyphy/ptII/ptolemy/actor/lib/test/auto/Uniform.xml
5 ms. Memory: 456704K Free: 380739K (83%)
----------------- Invoking toplevel() on ptolemy.moml.MoMLSimpleApplication@519d7b6d
----------------- Done invoking toplevel() on ptolemy.moml.MoMLSimpleApplication@519d7b6d
reloadAllAccessors: .Uniform

===========================================================================================
----------------- testing Fri Nov 22 06:26:41 UTC 2019 /home/travis/build/icyphy/ptII/ptolemy/actor/lib/test/auto/UnionDisassemblerTest.xml
----------------- Instantiating /home/travis/build/icyphy/ptII/ptolemy/actor/lib/test/auto/UnionDisassemblerTest.xml
18 ms. Memory: 456704K Free: 377139K (83%)
----------------- Invoking toplevel() on ptolemy.moml.MoMLSimpleApplication@571028
----------------- Done invoking toplevel() on ptolemy.moml.MoMLSimpleApplication@571028
reloadAllAccessors: .UnionDisassemblerTest

===========================================================================================
----------------- testing Fri Nov 22 06:26:41 UTC 2019 /home/travis/build/icyphy/ptII/ptolemy/actor/lib/test/auto/UtilityFunctions.xml
----------------- Instantiating /home/travis/build/icyphy/ptII/ptolemy/actor/lib/test/auto/UtilityFunctions.xml
1 ms. Memory: 456704K Free: 373571K (82%)
----------------- Invoking toplevel() on ptolemy.moml.MoMLSimpleApplication@751205e8
----------------- Done invoking toplevel() on ptolemy.moml.MoMLSimpleApplication@751205e8
reloadAllAccessors: .UtilityFunctions

===========================================================================================
----------------- testing Fri Nov 22 06:26:41 UTC 2019 /home/travis/build/icyphy/ptII/ptolemy/actor/lib/test/auto/VariableSleep.xml
----------------- Instantiating /home/travis/build/icyphy/ptII/ptolemy/actor/lib/test/auto/VariableSleep.xml
503 ms. Memory: 456704K Free: 367937K (81%)
----------------- Invoking toplevel() on ptolemy.moml.MoMLSimpleApplication@15f1e400
----------------- Done invoking toplevel() on ptolemy.moml.MoMLSimpleApplication@15f1e400
reloadAllAccessors: .VariableSleep

===========================================================================================
----------------- testing Fri Nov 22 06:26:42 UTC 2019 /home/travis/build/icyphy/ptII/ptolemy/actor/lib/test/auto/VectorAssemblerDisassemblerCT.xml
----------------- Instantiating /home/travis/build/icyphy/ptII/ptolemy/actor/lib/test/auto/VectorAssemblerDisassemblerCT.xml
89 ms. Memory: 456704K Free: 347457K (76%)
----------------- Invoking toplevel() on ptolemy.moml.MoMLSimpleApplication@26cfba95
----------------- Done invoking toplevel() on ptolemy.moml.MoMLSimpleApplication@26cfba95
reloadAllAccessors: .VectorAssemblerDisassemblerCT

===========================================================================================
----------------- testing Fri Nov 22 06:26:42 UTC 2019 /home/travis/build/icyphy/ptII/ptolemy/actor/lib/test/auto/VectorAssemblerDisassemblerDE.xml
----------------- Instantiating /home/travis/build/icyphy/ptII/ptolemy/actor/lib/test/auto/VectorAssemblerDisassemblerDE.xml
2 ms. Memory: 456704K Free: 340289K (75%)
----------------- Invoking toplevel() on ptolemy.moml.MoMLSimpleApplication@5a8c9c64
----------------- Done invoking toplevel() on ptolemy.moml.MoMLSimpleApplication@5a8c9c64
reloadAllAccessors: .VectorAssemblerDisassemblerDE

===========================================================================================
----------------- testing Fri Nov 22 06:26:42 UTC 2019 /home/travis/build/icyphy/ptII/ptolemy/actor/lib/test/auto/VectorAssemblerDisassemblerSDF.xml
----------------- Instantiating /home/travis/build/icyphy/ptII/ptolemy/actor/lib/test/auto/VectorAssemblerDisassemblerSDF.xml
3 ms. Memory: 456704K Free: 333635K (73%)
----------------- Invoking toplevel() on ptolemy.moml.MoMLSimpleApplication@2bd7bc75
----------------- Done invoking toplevel() on ptolemy.moml.MoMLSimpleApplication@2bd7bc75
reloadAllAccessors: .VectorAssemblerDisassemblerSDF

===========================================================================================
----------------- testing Fri Nov 22 06:26:42 UTC 2019 /home/travis/build/icyphy/ptII/ptolemy/actor/lib/test/auto/WallClockTime.xml
----------------- Instantiating /home/travis/build/icyphy/ptII/ptolemy/actor/lib/test/auto/WallClockTime.xml
1005 ms. Memory: 456704K Free: 328515K (72%)
----------------- Invoking toplevel() on ptolemy.moml.MoMLSimpleApplication@29fccc0f
----------------- Done invoking toplevel() on ptolemy.moml.MoMLSimpleApplication@29fccc0f
reloadAllAccessors: .WallClockTime

===========================================================================================
----------------- testing Fri Nov 22 06:26:43 UTC 2019 /home/travis/build/icyphy/ptII/ptolemy/actor/lib/test/auto/WidthTestWithSubscriberPublisher.xml
----------------- Instantiating /home/travis/build/icyphy/ptII/ptolemy/actor/lib/test/auto/WidthTestWithSubscriberPublisher.xml
10 ms. Memory: 456704K Free: 310593K (68%)
----------------- Invoking toplevel() on ptolemy.moml.MoMLSimpleApplication@7847db51
----------------- Done invoking toplevel() on ptolemy.moml.MoMLSimpleApplication@7847db51
reloadAllAccessors: .WidthTestWithSubscriberPublisher

===========================================================================================
----------------- testing Fri Nov 22 06:26:43 UTC 2019 /home/travis/build/icyphy/ptII/ptolemy/actor/lib/test/auto/WidthTestWithSubscriberPublisher2.xml
----------------- Instantiating /home/travis/build/icyphy/ptII/ptolemy/actor/lib/test/auto/WidthTestWithSubscriberPublisher2.xml
4 ms. Memory: 456704K Free: 304449K (67%)
----------------- Invoking toplevel() on ptolemy.moml.MoMLSimpleApplication@59f4b884
----------------- Done invoking toplevel() on ptolemy.moml.MoMLSimpleApplication@59f4b884
reloadAllAccessors: .WidthTestWithSubscriberPublisher2

===========================================================================================
----------------- testing Fri Nov 22 06:26:43 UTC 2019 /home/travis/build/icyphy/ptII/ptolemy/actor/lib/test/auto/WidthTestWithSubscriberPublisher3.xml
----------------- Instantiating /home/travis/build/icyphy/ptII/ptolemy/actor/lib/test/auto/WidthTestWithSubscriberPublisher3.xml
3 ms. Memory: 456704K Free: 298305K (65%)
----------------- Invoking toplevel() on ptolemy.moml.MoMLSimpleApplication@44d12a32
----------------- Done invoking toplevel() on ptolemy.moml.MoMLSimpleApplication@44d12a32
reloadAllAccessors: .WidthTestWithSubscriberPublisher3

===========================================================================================
----------------- testing Fri Nov 22 06:26:43 UTC 2019 /home/travis/build/icyphy/ptII/ptolemy/actor/lib/test/auto/Writer.xml
----------------- Instantiating /home/travis/build/icyphy/ptII/ptolemy/actor/lib/test/auto/Writer.xml
0
1
2
3
4
2 ms. Memory: 456704K Free: 294203K (64%)
----------------- Invoking toplevel() on ptolemy.moml.MoMLSimpleApplication@54533e22
----------------- Done invoking toplevel() on ptolemy.moml.MoMLSimpleApplication@54533e22
reloadAllAccessors: .Writer

===========================================================================================
----------------- testing Fri Nov 22 06:26:43 UTC 2019 /home/travis/build/icyphy/ptII/ptolemy/actor/lib/test/auto/array.xml
----------------- Instantiating /home/travis/build/icyphy/ptII/ptolemy/actor/lib/test/auto/array.xml
2 ms. Memory: 456704K Free: 289603K (63%)
----------------- Invoking toplevel() on ptolemy.moml.MoMLSimpleApplication@4b60eb81
----------------- Done invoking toplevel() on ptolemy.moml.MoMLSimpleApplication@4b60eb81
reloadAllAccessors: .array

===========================================================================================
----------------- testing Fri Nov 22 06:26:43 UTC 2019 /home/travis/build/icyphy/ptII/ptolemy/actor/lib/test/auto/array2.xml
----------------- Instantiating /home/travis/build/icyphy/ptII/ptolemy/actor/lib/test/auto/array2.xml
4 ms. Memory: 456704K Free: 283969K (62%)
----------------- Invoking toplevel() on ptolemy.moml.MoMLSimpleApplication@75459047
----------------- Done invoking toplevel() on ptolemy.moml.MoMLSimpleApplication@75459047
reloadAllAccessors: .array2

===========================================================================================
----------------- testing Fri Nov 22 06:26:43 UTC 2019 /home/travis/build/icyphy/ptII/ptolemy/actor/lib/test/auto/arrayType.xml
----------------- Instantiating /home/travis/build/icyphy/ptII/ptolemy/actor/lib/test/auto/arrayType.xml
2 ms. Memory: 456704K Free: 278849K (61%)
----------------- Invoking toplevel() on ptolemy.moml.MoMLSimpleApplication@699d91b5
----------------- Done invoking toplevel() on ptolemy.moml.MoMLSimpleApplication@699d91b5
reloadAllAccessors: .arrayType

===========================================================================================
----------------- testing Fri Nov 22 06:26:43 UTC 2019 /home/travis/build/icyphy/ptII/ptolemy/actor/lib/test/auto/arrayType10.xml
----------------- Instantiating /home/travis/build/icyphy/ptII/ptolemy/actor/lib/test/auto/arrayType10.xml
2 ms. Memory: 456704K Free: 274243K (60%)
----------------- Invoking toplevel() on ptolemy.moml.MoMLSimpleApplication@4c6a7f6
----------------- Done invoking toplevel() on ptolemy.moml.MoMLSimpleApplication@4c6a7f6
reloadAllAccessors: .arrayType10

===========================================================================================
----------------- testing Fri Nov 22 06:26:43 UTC 2019 /home/travis/build/icyphy/ptII/ptolemy/actor/lib/test/auto/arrayType11.xml
----------------- Instantiating /home/travis/build/icyphy/ptII/ptolemy/actor/lib/test/auto/arrayType11.xml
2 ms. Memory: 456704K Free: 269633K (59%)
----------------- Invoking toplevel() on ptolemy.moml.MoMLSimpleApplication@52303e93
----------------- Done invoking toplevel() on ptolemy.moml.MoMLSimpleApplication@52303e93
reloadAllAccessors: .arrayType11

===========================================================================================
----------------- testing Fri Nov 22 06:26:43 UTC 2019 /home/travis/build/icyphy/ptII/ptolemy/actor/lib/test/auto/arrayType12.xml
----------------- Instantiating /home/travis/build/icyphy/ptII/ptolemy/actor/lib/test/auto/arrayType12.xml
2 ms. Memory: 456704K Free: 264513K (58%)
----------------- Invoking toplevel() on ptolemy.moml.MoMLSimpleApplication@414c5670
----------------- Done invoking toplevel() on ptolemy.moml.MoMLSimpleApplication@414c5670
reloadAllAccessors: .arrayType12

===========================================================================================
----------------- testing Fri Nov 22 06:26:43 UTC 2019 /home/travis/build/icyphy/ptII/ptolemy/actor/lib/test/auto/arrayType13.xml
----------------- Instantiating /home/travis/build/icyphy/ptII/ptolemy/actor/lib/test/auto/arrayType13.xml
2 ms. Memory: 456704K Free: 259393K (57%)
----------------- Invoking toplevel() on ptolemy.moml.MoMLSimpleApplication@e6aeeea
----------------- Done invoking toplevel() on ptolemy.moml.MoMLSimpleApplication@e6aeeea
reloadAllAccessors: .arrayType13

===========================================================================================
----------------- testing Fri Nov 22 06:26:43 UTC 2019 /home/travis/build/icyphy/ptII/ptolemy/actor/lib/test/auto/arrayType14.xml
----------------- Instantiating /home/travis/build/icyphy/ptII/ptolemy/actor/lib/test/auto/arrayType14.xml
2 ms. Memory: 456704K Free: 254273K (56%)
----------------- Invoking toplevel() on ptolemy.moml.MoMLSimpleApplication@4febd458
----------------- Done invoking toplevel() on ptolemy.moml.MoMLSimpleApplication@4febd458
reloadAllAccessors: .arrayType14

===========================================================================================
----------------- testing Fri Nov 22 06:26:43 UTC 2019 /home/travis/build/icyphy/ptII/ptolemy/actor/lib/test/auto/arrayType15.xml
----------------- Instantiating /home/travis/build/icyphy/ptII/ptolemy/actor/lib/test/auto/arrayType15.xml
4 ms. Memory: 456704K Free: 248643K (54%)
----------------- Invoking toplevel() on ptolemy.moml.MoMLSimpleApplication@112d663e
----------------- Done invoking toplevel() on ptolemy.moml.MoMLSimpleApplication@112d663e
reloadAllAccessors: .arrayType15

===========================================================================================
----------------- testing Fri Nov 22 06:26:43 UTC 2019 /home/travis/build/icyphy/ptII/ptolemy/actor/lib/test/auto/arrayType16.xml
----------------- Instantiating /home/travis/build/icyphy/ptII/ptolemy/actor/lib/test/auto/arrayType16.xml
2 ms. Memory: 456704K Free: 243523K (53%)
----------------- Invoking toplevel() on ptolemy.moml.MoMLSimpleApplication@11d31141
----------------- Done invoking toplevel() on ptolemy.moml.MoMLSimpleApplication@11d31141
reloadAllAccessors: .arrayType16

===========================================================================================
----------------- testing Fri Nov 22 06:26:43 UTC 2019 /home/travis/build/icyphy/ptII/ptolemy/actor/lib/test/auto/arrayType17.xml
----------------- Instantiating /home/travis/build/icyphy/ptII/ptolemy/actor/lib/test/auto/arrayType17.xml
2 ms. Memory: 456704K Free: 238403K (52%)
----------------- Invoking toplevel() on ptolemy.moml.MoMLSimpleApplication@59af8b12
----------------- Done invoking toplevel() on ptolemy.moml.MoMLSimpleApplication@59af8b12
reloadAllAccessors: .arrayType17

===========================================================================================
----------------- testing Fri Nov 22 06:26:43 UTC 2019 /home/travis/build/icyphy/ptII/ptolemy/actor/lib/test/auto/arrayType18.xml
----------------- Instantiating /home/travis/build/icyphy/ptII/ptolemy/actor/lib/test/auto/arrayType18.xml
2 ms. Memory: 456704K Free: 233283K (51%)
----------------- Invoking toplevel() on ptolemy.moml.MoMLSimpleApplication@576cc691
----------------- Done invoking toplevel() on ptolemy.moml.MoMLSimpleApplication@576cc691
reloadAllAccessors: .arrayType18

===========================================================================================
----------------- testing Fri Nov 22 06:26:44 UTC 2019 /home/travis/build/icyphy/ptII/ptolemy/actor/lib/test/auto/arrayType19.xml
----------------- Instantiating /home/travis/build/icyphy/ptII/ptolemy/actor/lib/test/auto/arrayType19.xml
2 ms. Memory: 456704K Free: 228673K (50%)
----------------- Invoking toplevel() on ptolemy.moml.MoMLSimpleApplication@13a83af6
----------------- Done invoking toplevel() on ptolemy.moml.MoMLSimpleApplication@13a83af6
reloadAllAccessors: .arrayType19

===========================================================================================
----------------- testing Fri Nov 22 06:26:44 UTC 2019 /home/travis/build/icyphy/ptII/ptolemy/actor/lib/test/auto/arrayType2.xml
----------------- Instantiating /home/travis/build/icyphy/ptII/ptolemy/actor/lib/test/auto/arrayType2.xml
2 ms. Memory: 456704K Free: 223553K (49%)
----------------- Invoking toplevel() on ptolemy.moml.MoMLSimpleApplication@6b90e7e6
----------------- Done invoking toplevel() on ptolemy.moml.MoMLSimpleApplication@6b90e7e6
reloadAllAccessors: .arrayType2

===========================================================================================
----------------- testing Fri Nov 22 06:26:44 UTC 2019 /home/travis/build/icyphy/ptII/ptolemy/actor/lib/test/auto/arrayType20.xml
----------------- Instantiating /home/travis/build/icyphy/ptII/ptolemy/actor/lib/test/auto/arrayType20.xml
2 ms. Memory: 456704K Free: 218433K (48%)
----------------- Invoking toplevel() on ptolemy.moml.MoMLSimpleApplication@34c7abc1
----------------- Done invoking toplevel() on ptolemy.moml.MoMLSimpleApplication@34c7abc1
reloadAllAccessors: .arrayType20

===========================================================================================
----------------- testing Fri Nov 22 06:26:44 UTC 2019 /home/travis/build/icyphy/ptII/ptolemy/actor/lib/test/auto/arrayType21.xml
----------------- Instantiating /home/travis/build/icyphy/ptII/ptolemy/actor/lib/test/auto/arrayType21.xml
2 ms. Memory: 456704K Free: 213827K (47%)
----------------- Invoking toplevel() on ptolemy.moml.MoMLSimpleApplication@6b7f7ba1
----------------- Done invoking toplevel() on ptolemy.moml.MoMLSimpleApplication@6b7f7ba1
reloadAllAccessors: .arrayType21

===========================================================================================
----------------- testing Fri Nov 22 06:26:44 UTC 2019 /home/travis/build/icyphy/ptII/ptolemy/actor/lib/test/auto/arrayType22.xml
----------------- Instantiating /home/travis/build/icyphy/ptII/ptolemy/actor/lib/test/auto/arrayType22.xml
2 ms. Memory: 456704K Free: 209217K (46%)
----------------- Invoking toplevel() on ptolemy.moml.MoMLSimpleApplication@61294f50
----------------- Done invoking toplevel() on ptolemy.moml.MoMLSimpleApplication@61294f50
reloadAllAccessors: .arrayType22

===========================================================================================
----------------- testing Fri Nov 22 06:26:44 UTC 2019 /home/travis/build/icyphy/ptII/ptolemy/actor/lib/test/auto/arrayType23.xml
----------------- Instantiating /home/travis/build/icyphy/ptII/ptolemy/actor/lib/test/auto/arrayType23.xml
2 ms. Memory: 456704K Free: 204611K (45%)
----------------- Invoking toplevel() on ptolemy.moml.MoMLSimpleApplication@40ec7dba
----------------- Done invoking toplevel() on ptolemy.moml.MoMLSimpleApplication@40ec7dba
reloadAllAccessors: .arrayType23

===========================================================================================
----------------- testing Fri Nov 22 06:26:44 UTC 2019 /home/travis/build/icyphy/ptII/ptolemy/actor/lib/test/auto/arrayType24.xml
----------------- Instantiating /home/travis/build/icyphy/ptII/ptolemy/actor/lib/test/auto/arrayType24.xml
1 ms. Memory: 456704K Free: 199491K (44%)
----------------- Invoking toplevel() on ptolemy.moml.MoMLSimpleApplication@38fd1798
----------------- Done invoking toplevel() on ptolemy.moml.MoMLSimpleApplication@38fd1798
reloadAllAccessors: .arrayType24

===========================================================================================
----------------- testing Fri Nov 22 06:26:44 UTC 2019 /home/travis/build/icyphy/ptII/ptolemy/actor/lib/test/auto/arrayType25.xml
----------------- Instantiating /home/travis/build/icyphy/ptII/ptolemy/actor/lib/test/auto/arrayType25.xml
2 ms. Memory: 456704K Free: 194371K (43%)
----------------- Invoking toplevel() on ptolemy.moml.MoMLSimpleApplication@476436e6
----------------- Done invoking toplevel() on ptolemy.moml.MoMLSimpleApplication@476436e6
reloadAllAccessors: .arrayType25

===========================================================================================
----------------- testing Fri Nov 22 06:26:44 UTC 2019 /home/travis/build/icyphy/ptII/ptolemy/actor/lib/test/auto/arrayType26.xml
----------------- Instantiating /home/travis/build/icyphy/ptII/ptolemy/actor/lib/test/auto/arrayType26.xml
2 ms. Memory: 456704K Free: 189251K (41%)
----------------- Invoking toplevel() on ptolemy.moml.MoMLSimpleApplication@57e1e4e9
----------------- Done invoking toplevel() on ptolemy.moml.MoMLSimpleApplication@57e1e4e9
reloadAllAccessors: .arrayType26

===========================================================================================
----------------- testing Fri Nov 22 06:26:44 UTC 2019 /home/travis/build/icyphy/ptII/ptolemy/actor/lib/test/auto/arrayType27.xml
----------------- Instantiating /home/travis/build/icyphy/ptII/ptolemy/actor/lib/test/auto/arrayType27.xml
3 ms. Memory: 456704K Free: 183617K (40%)
----------------- Invoking toplevel() on ptolemy.moml.MoMLSimpleApplication@59e364e5
----------------- Done invoking toplevel() on ptolemy.moml.MoMLSimpleApplication@59e364e5
reloadAllAccessors: .arrayType27

===========================================================================================
----------------- testing Fri Nov 22 06:26:44 UTC 2019 /home/travis/build/icyphy/ptII/ptolemy/actor/lib/test/auto/arrayType28.xml
----------------- Instantiating /home/travis/build/icyphy/ptII/ptolemy/actor/lib/test/auto/arrayType28.xml
2 ms. Memory: 456704K Free: 178497K (39%)
----------------- Invoking toplevel() on ptolemy.moml.MoMLSimpleApplication@4cfcb6f4
----------------- Done invoking toplevel() on ptolemy.moml.MoMLSimpleApplication@4cfcb6f4
reloadAllAccessors: .arrayType28

===========================================================================================
----------------- testing Fri Nov 22 06:26:44 UTC 2019 /home/travis/build/icyphy/ptII/ptolemy/actor/lib/test/auto/arrayType3.xml
----------------- Instantiating /home/travis/build/icyphy/ptII/ptolemy/actor/lib/test/auto/arrayType3.xml
2 ms. Memory: 456704K Free: 172867K (38%)
----------------- Invoking toplevel() on ptolemy.moml.MoMLSimpleApplication@49bf1728
----------------- Done invoking toplevel() on ptolemy.moml.MoMLSimpleApplication@49bf1728
reloadAllAccessors: .arrayType3

===========================================================================================
----------------- testing Fri Nov 22 06:26:44 UTC 2019 /home/travis/build/icyphy/ptII/ptolemy/actor/lib/test/auto/arrayType4.xml
----------------- Instantiating /home/travis/build/icyphy/ptII/ptolemy/actor/lib/test/auto/arrayType4.xml
2 ms. Memory: 456704K Free: 167747K (37%)
----------------- Invoking toplevel() on ptolemy.moml.MoMLSimpleApplication@720bc16c
----------------- Done invoking toplevel() on ptolemy.moml.MoMLSimpleApplication@720bc16c
reloadAllAccessors: .arrayType4

===========================================================================================
----------------- testing Fri Nov 22 06:26:44 UTC 2019 /home/travis/build/icyphy/ptII/ptolemy/actor/lib/test/auto/arrayType5.xml
----------------- Instantiating /home/travis/build/icyphy/ptII/ptolemy/actor/lib/test/auto/arrayType5.xml
3 ms. Memory: 456704K Free: 162627K (36%)
----------------- Invoking toplevel() on ptolemy.moml.MoMLSimpleApplication@40e3e001
----------------- Done invoking toplevel() on ptolemy.moml.MoMLSimpleApplication@40e3e001
reloadAllAccessors: .arrayType5

===========================================================================================
----------------- testing Fri Nov 22 06:26:44 UTC 2019 /home/travis/build/icyphy/ptII/ptolemy/actor/lib/test/auto/arrayType6.xml
----------------- Instantiating /home/travis/build/icyphy/ptII/ptolemy/actor/lib/test/auto/arrayType6.xml
2 ms. Memory: 456704K Free: 157507K (34%)
----------------- Invoking toplevel() on ptolemy.moml.MoMLSimpleApplication@29a81320
----------------- Done invoking toplevel() on ptolemy.moml.MoMLSimpleApplication@29a81320
reloadAllAccessors: .arrayType6

===========================================================================================
----------------- testing Fri Nov 22 06:26:44 UTC 2019 /home/travis/build/icyphy/ptII/ptolemy/actor/lib/test/auto/arrayType7.xml
----------------- Instantiating /home/travis/build/icyphy/ptII/ptolemy/actor/lib/test/auto/arrayType7.xml
2 ms. Memory: 456704K Free: 152897K (33%)
----------------- Invoking toplevel() on ptolemy.moml.MoMLSimpleApplication@4db3cbc1
----------------- Done invoking toplevel() on ptolemy.moml.MoMLSimpleApplication@4db3cbc1
reloadAllAccessors: .arrayType7

===========================================================================================
----------------- testing Fri Nov 22 06:26:44 UTC 2019 /home/travis/build/icyphy/ptII/ptolemy/actor/lib/test/auto/arrayType8.xml
----------------- Instantiating /home/travis/build/icyphy/ptII/ptolemy/actor/lib/test/auto/arrayType8.xml
2 ms. Memory: 456704K Free: 148291K (32%)
----------------- Invoking toplevel() on ptolemy.moml.MoMLSimpleApplication@56a6827b
----------------- Done invoking toplevel() on ptolemy.moml.MoMLSimpleApplication@56a6827b
reloadAllAccessors: .arrayType8

===========================================================================================
----------------- testing Fri Nov 22 06:26:44 UTC 2019 /home/travis/build/icyphy/ptII/ptolemy/actor/lib/test/auto/arrayType9.xml
----------------- Instantiating /home/travis/build/icyphy/ptII/ptolemy/actor/lib/test/auto/arrayType9.xml
9 ms. Memory: 456704K Free: 143169K (31%)
----------------- Invoking toplevel() on ptolemy.moml.MoMLSimpleApplication@56eaac0b
----------------- Done invoking toplevel() on ptolemy.moml.MoMLSimpleApplication@56eaac0b
reloadAllAccessors: .arrayType9

===========================================================================================
----------------- testing Fri Nov 22 06:26:44 UTC 2019 /home/travis/build/icyphy/ptII/ptolemy/actor/lib/test/auto/cast.xml
----------------- Instantiating /home/travis/build/icyphy/ptII/ptolemy/actor/lib/test/auto/cast.xml
3 ms. Memory: 456704K Free: 398611K (87%)
----------------- Invoking toplevel() on ptolemy.moml.MoMLSimpleApplication@40714c0b
----------------- Done invoking toplevel() on ptolemy.moml.MoMLSimpleApplication@40714c0b
reloadAllAccessors: .cast

===========================================================================================
----------------- testing Fri Nov 22 06:26:44 UTC 2019 /home/travis/build/icyphy/ptII/ptolemy/actor/lib/test/auto/compositeMultiPort.xml
----------------- Instantiating /home/travis/build/icyphy/ptII/ptolemy/actor/lib/test/auto/compositeMultiPort.xml
4 ms. Memory: 456704K Free: 388899K (85%)
----------------- Invoking toplevel() on ptolemy.moml.MoMLSimpleApplication@28220e4a
----------------- Done invoking toplevel() on ptolemy.moml.MoMLSimpleApplication@28220e4a
reloadAllAccessors: .compositeMultiPort

===========================================================================================
----------------- testing Fri Nov 22 06:26:44 UTC 2019 /home/travis/build/icyphy/ptII/ptolemy/actor/lib/test/auto/expressionCastInference.xml
----------------- Instantiating /home/travis/build/icyphy/ptII/ptolemy/actor/lib/test/auto/expressionCastInference.xml
2 ms. Memory: 456704K Free: 384289K (84%)
----------------- Invoking toplevel() on ptolemy.moml.MoMLSimpleApplication@5dd271d2
----------------- Done invoking toplevel() on ptolemy.moml.MoMLSimpleApplication@5dd271d2
reloadAllAccessors: .expressionCastInference

===========================================================================================
----------------- testing Fri Nov 22 06:26:44 UTC 2019 /home/travis/build/icyphy/ptII/ptolemy/actor/lib/test/auto/expressionCastInference2.xml
----------------- Instantiating /home/travis/build/icyphy/ptII/ptolemy/actor/lib/test/auto/expressionCastInference2.xml
3 ms. Memory: 456704K Free: 379169K (83%)
----------------- Invoking toplevel() on ptolemy.moml.MoMLSimpleApplication@38ab8c00
----------------- Done invoking toplevel() on ptolemy.moml.MoMLSimpleApplication@38ab8c00
reloadAllAccessors: .expressionCastInference2

===========================================================================================
----------------- testing Fri Nov 22 06:26:44 UTC 2019 /home/travis/build/icyphy/ptII/ptolemy/actor/lib/test/auto/expressionInference.xml
----------------- Instantiating /home/travis/build/icyphy/ptII/ptolemy/actor/lib/test/auto/expressionInference.xml
2 ms. Memory: 456704K Free: 375073K (82%)
----------------- Invoking toplevel() on ptolemy.moml.MoMLSimpleApplication@39bad949
----------------- Done invoking toplevel() on ptolemy.moml.MoMLSimpleApplication@39bad949
reloadAllAccessors: .expressionInference

===========================================================================================
----------------- testing Fri Nov 22 06:26:44 UTC 2019 /home/travis/build/icyphy/ptII/ptolemy/actor/lib/test/auto/expression_bug.xml
----------------- Instantiating /home/travis/build/icyphy/ptII/ptolemy/actor/lib/test/auto/expression_bug.xml
2 ms. Memory: 456704K Free: 370977K (81%)
----------------- Invoking toplevel() on ptolemy.moml.MoMLSimpleApplication@4a2c06e6
----------------- Done invoking toplevel() on ptolemy.moml.MoMLSimpleApplication@4a2c06e6
reloadAllAccessors: .expression_bug

===========================================================================================
----------------- testing Fri Nov 22 06:26:44 UTC 2019 /home/travis/build/icyphy/ptII/ptolemy/actor/lib/test/auto/factorial.xml
----------------- Instantiating /home/travis/build/icyphy/ptII/ptolemy/actor/lib/test/auto/factorial.xml
79 ms. Memory: 456704K Free: 362275K (79%)
----------------- Invoking toplevel() on ptolemy.moml.MoMLSimpleApplication@166cfe1c
----------------- Done invoking toplevel() on ptolemy.moml.MoMLSimpleApplication@166cfe1c
reloadAllAccessors: .factorial

===========================================================================================
----------------- testing Fri Nov 22 06:26:44 UTC 2019 /home/travis/build/icyphy/ptII/ptolemy/actor/lib/test/auto/filterTest1.xml
----------------- Instantiating /home/travis/build/icyphy/ptII/ptolemy/actor/lib/test/auto/filterTest1.xml
5 ms. Memory: 456704K Free: 356627K (78%)
----------------- Invoking toplevel() on ptolemy.moml.MoMLSimpleApplication@1116c1af
----------------- Done invoking toplevel() on ptolemy.moml.MoMLSimpleApplication@1116c1af
reloadAllAccessors: .filterTest1

===========================================================================================
----------------- testing Fri Nov 22 06:26:44 UTC 2019 /home/travis/build/icyphy/ptII/ptolemy/actor/lib/test/auto/funcApplyInConst.xml
----------------- Instantiating /home/travis/build/icyphy/ptII/ptolemy/actor/lib/test/auto/funcApplyInConst.xml
13 ms. Memory: 456704K Free: 352545K (77%)
----------------- Invoking toplevel() on ptolemy.moml.MoMLSimpleApplication@1a685741
----------------- Done invoking toplevel() on ptolemy.moml.MoMLSimpleApplication@1a685741
reloadAllAccessors: .funcApplyInConst

===========================================================================================
----------------- testing Fri Nov 22 06:26:44 UTC 2019 /home/travis/build/icyphy/ptII/ptolemy/actor/lib/test/auto/funcApplyInExpr.xml
----------------- Instantiating /home/travis/build/icyphy/ptII/ptolemy/actor/lib/test/auto/funcApplyInExpr.xml
2 ms. Memory: 456704K Free: 348963K (76%)
----------------- Invoking toplevel() on ptolemy.moml.MoMLSimpleApplication@443ae513
----------------- Done invoking toplevel() on ptolemy.moml.MoMLSimpleApplication@443ae513
reloadAllAccessors: .funcApplyInExpr

===========================================================================================
----------------- testing Fri Nov 22 06:26:44 UTC 2019 /home/travis/build/icyphy/ptII/ptolemy/actor/lib/test/auto/function.xml
----------------- Instantiating /home/travis/build/icyphy/ptII/ptolemy/actor/lib/test/auto/function.xml
2 ms. Memory: 456704K Free: 344353K (75%)
----------------- Invoking toplevel() on ptolemy.moml.MoMLSimpleApplication@2c4a9a5
----------------- Done invoking toplevel() on ptolemy.moml.MoMLSimpleApplication@2c4a9a5
reloadAllAccessors: .function

===========================================================================================
----------------- testing Fri Nov 22 06:26:44 UTC 2019 /home/travis/build/icyphy/ptII/ptolemy/actor/lib/test/auto/function2.xml
----------------- Instantiating /home/travis/build/icyphy/ptII/ptolemy/actor/lib/test/auto/function2.xml
2 ms. Memory: 456704K Free: 339233K (74%)
----------------- Invoking toplevel() on ptolemy.moml.MoMLSimpleApplication@139dc2c2
----------------- Done invoking toplevel() on ptolemy.moml.MoMLSimpleApplication@139dc2c2
reloadAllAccessors: .function2

===========================================================================================
----------------- testing Fri Nov 22 06:26:44 UTC 2019 /home/travis/build/icyphy/ptII/ptolemy/actor/lib/test/auto/function3.xml
----------------- Instantiating /home/travis/build/icyphy/ptII/ptolemy/actor/lib/test/auto/function3.xml
1 ms. Memory: 456704K Free: 335651K (73%)
----------------- Invoking toplevel() on ptolemy.moml.MoMLSimpleApplication@1ef9da10
----------------- Done invoking toplevel() on ptolemy.moml.MoMLSimpleApplication@1ef9da10
reloadAllAccessors: .function3

===========================================================================================
----------------- testing Fri Nov 22 06:26:44 UTC 2019 /home/travis/build/icyphy/ptII/ptolemy/actor/lib/test/auto/functionClosureTest1.xml
----------------- Instantiating /home/travis/build/icyphy/ptII/ptolemy/actor/lib/test/auto/functionClosureTest1.xml
2 ms. Memory: 456704K Free: 329507K (72%)
----------------- Invoking toplevel() on ptolemy.moml.MoMLSimpleApplication@41276b33
----------------- Done invoking toplevel() on ptolemy.moml.MoMLSimpleApplication@41276b33
reloadAllAccessors: .functionClosureTest1

===========================================================================================
----------------- testing Fri Nov 22 06:26:44 UTC 2019 /home/travis/build/icyphy/ptII/ptolemy/actor/lib/test/auto/functionClosureTest2.xml
----------------- Instantiating /home/travis/build/icyphy/ptII/ptolemy/actor/lib/test/auto/functionClosureTest2.xml
2 ms. Memory: 456704K Free: 325921K (71%)
----------------- Invoking toplevel() on ptolemy.moml.MoMLSimpleApplication@656c57cc
----------------- Done invoking toplevel() on ptolemy.moml.MoMLSimpleApplication@656c57cc
reloadAllAccessors: .functionClosureTest2

===========================================================================================
----------------- testing Fri Nov 22 06:26:44 UTC 2019 /home/travis/build/icyphy/ptII/ptolemy/actor/lib/test/auto/functionClosureTest3.xml
----------------- Instantiating /home/travis/build/icyphy/ptII/ptolemy/actor/lib/test/auto/functionClosureTest3.xml
3 ms. Memory: 456704K Free: 320771K (70%)
----------------- Invoking toplevel() on ptolemy.moml.MoMLSimpleApplication@2f739f38
----------------- Done invoking toplevel() on ptolemy.moml.MoMLSimpleApplication@2f739f38
reloadAllAccessors: .functionClosureTest3

===========================================================================================
----------------- testing Fri Nov 22 06:26:44 UTC 2019 /home/travis/build/icyphy/ptII/ptolemy/actor/lib/test/auto/functionClosureTest4.xml
----------------- Instantiating /home/travis/build/icyphy/ptII/ptolemy/actor/lib/test/auto/functionClosureTest4.xml
5 ms. Memory: 456704K Free: 314147K (69%)
----------------- Invoking toplevel() on ptolemy.moml.MoMLSimpleApplication@1a34404f
----------------- Done invoking toplevel() on ptolemy.moml.MoMLSimpleApplication@1a34404f
reloadAllAccessors: .functionClosureTest4

===========================================================================================
----------------- testing Fri Nov 22 06:26:44 UTC 2019 /home/travis/build/icyphy/ptII/ptolemy/actor/lib/test/auto/functionClosureTest5.xml
----------------- Instantiating /home/travis/build/icyphy/ptII/ptolemy/actor/lib/test/auto/functionClosureTest5.xml
6 ms. Memory: 456704K Free: 309027K (68%)
----------------- Invoking toplevel() on ptolemy.moml.MoMLSimpleApplication@2d76f284
----------------- Done invoking toplevel() on ptolemy.moml.MoMLSimpleApplication@2d76f284
reloadAllAccessors: .functionClosureTest5

===========================================================================================
----------------- testing Fri Nov 22 06:26:44 UTC 2019 /home/travis/build/icyphy/ptII/ptolemy/actor/lib/test/auto/functionClosureTest6.xml
----------------- Instantiating /home/travis/build/icyphy/ptII/ptolemy/actor/lib/test/auto/functionClosureTest6.xml
2 ms. Memory: 456704K Free: 303907K (67%)
----------------- Invoking toplevel() on ptolemy.moml.MoMLSimpleApplication@7fe1f66f
----------------- Done invoking toplevel() on ptolemy.moml.MoMLSimpleApplication@7fe1f66f
reloadAllAccessors: .functionClosureTest6

===========================================================================================
----------------- testing Fri Nov 22 06:26:44 UTC 2019 /home/travis/build/icyphy/ptII/ptolemy/actor/lib/test/auto/functionsOnArcs.xml
----------------- Instantiating /home/travis/build/icyphy/ptII/ptolemy/actor/lib/test/auto/functionsOnArcs.xml
2 ms. Memory: 456704K Free: 298787K (65%)
----------------- Invoking toplevel() on ptolemy.moml.MoMLSimpleApplication@46e1fd90
----------------- Done invoking toplevel() on ptolemy.moml.MoMLSimpleApplication@46e1fd90
reloadAllAccessors: .functionsOnArcs

===========================================================================================
----------------- testing Fri Nov 22 06:26:44 UTC 2019 /home/travis/build/icyphy/ptII/ptolemy/actor/lib/test/auto/functionsOnArcsHOF.xml
----------------- Instantiating /home/travis/build/icyphy/ptII/ptolemy/actor/lib/test/auto/functionsOnArcsHOF.xml
5 ms. Memory: 456704K Free: 292643K (64%)
----------------- Invoking toplevel() on ptolemy.moml.MoMLSimpleApplication@27856db6
----------------- Done invoking toplevel() on ptolemy.moml.MoMLSimpleApplication@27856db6
reloadAllAccessors: .functionsOnArcsHOF

===========================================================================================
----------------- testing Fri Nov 22 06:26:44 UTC 2019 /home/travis/build/icyphy/ptII/ptolemy/actor/lib/test/auto/logic.xml
----------------- Instantiating /home/travis/build/icyphy/ptII/ptolemy/actor/lib/test/auto/logic.xml
2 ms. Memory: 456704K Free: 285475K (63%)
----------------- Invoking toplevel() on ptolemy.moml.MoMLSimpleApplication@759c9932
----------------- Done invoking toplevel() on ptolemy.moml.MoMLSimpleApplication@759c9932
reloadAllAccessors: .logic

===========================================================================================
----------------- testing Fri Nov 22 06:26:44 UTC 2019 /home/travis/build/icyphy/ptII/ptolemy/actor/lib/test/auto/matrixType.xml
----------------- Instantiating /home/travis/build/icyphy/ptII/ptolemy/actor/lib/test/auto/matrixType.xml
2 ms. Memory: 456704K Free: 280865K (61%)
----------------- Invoking toplevel() on ptolemy.moml.MoMLSimpleApplication@41bdd199
----------------- Done invoking toplevel() on ptolemy.moml.MoMLSimpleApplication@41bdd199
reloadAllAccessors: .matrixType

===========================================================================================
----------------- testing Fri Nov 22 06:26:44 UTC 2019 /home/travis/build/icyphy/ptII/ptolemy/actor/lib/test/auto/matrixType10.xml
----------------- Instantiating /home/travis/build/icyphy/ptII/ptolemy/actor/lib/test/auto/matrixType10.xml
2 ms. Memory: 456704K Free: 275745K (60%)
----------------- Invoking toplevel() on ptolemy.moml.MoMLSimpleApplication@3af79758
----------------- Done invoking toplevel() on ptolemy.moml.MoMLSimpleApplication@3af79758
reloadAllAccessors: .matrixType10

===========================================================================================
----------------- testing Fri Nov 22 06:26:45 UTC 2019 /home/travis/build/icyphy/ptII/ptolemy/actor/lib/test/auto/matrixType11.xml
----------------- Instantiating /home/travis/build/icyphy/ptII/ptolemy/actor/lib/test/auto/matrixType11.xml
2 ms. Memory: 456704K Free: 271139K (59%)
----------------- Invoking toplevel() on ptolemy.moml.MoMLSimpleApplication@741a51b0
----------------- Done invoking toplevel() on ptolemy.moml.MoMLSimpleApplication@741a51b0
reloadAllAccessors: .matrixType11

===========================================================================================
----------------- testing Fri Nov 22 06:26:45 UTC 2019 /home/travis/build/icyphy/ptII/ptolemy/actor/lib/test/auto/matrixType12.xml
----------------- Instantiating /home/travis/build/icyphy/ptII/ptolemy/actor/lib/test/auto/matrixType12.xml
2 ms. Memory: 456704K Free: 266019K (58%)
----------------- Invoking toplevel() on ptolemy.moml.MoMLSimpleApplication@286bbc79
----------------- Done invoking toplevel() on ptolemy.moml.MoMLSimpleApplication@286bbc79
reloadAllAccessors: .matrixType12

===========================================================================================
----------------- testing Fri Nov 22 06:26:45 UTC 2019 /home/travis/build/icyphy/ptII/ptolemy/actor/lib/test/auto/matrixType13.xml
----------------- Instantiating /home/travis/build/icyphy/ptII/ptolemy/actor/lib/test/auto/matrixType13.xml
2 ms. Memory: 456704K Free: 261409K (57%)
----------------- Invoking toplevel() on ptolemy.moml.MoMLSimpleApplication@7d7e6403
----------------- Done invoking toplevel() on ptolemy.moml.MoMLSimpleApplication@7d7e6403
reloadAllAccessors: .matrixType13

===========================================================================================
----------------- testing Fri Nov 22 06:26:45 UTC 2019 /home/travis/build/icyphy/ptII/ptolemy/actor/lib/test/auto/matrixType14.xml
----------------- Instantiating /home/travis/build/icyphy/ptII/ptolemy/actor/lib/test/auto/matrixType14.xml
2 ms. Memory: 456704K Free: 256289K (56%)
----------------- Invoking toplevel() on ptolemy.moml.MoMLSimpleApplication@5c26b885
----------------- Done invoking toplevel() on ptolemy.moml.MoMLSimpleApplication@5c26b885
reloadAllAccessors: .matrixType14

===========================================================================================
----------------- testing Fri Nov 22 06:26:45 UTC 2019 /home/travis/build/icyphy/ptII/ptolemy/actor/lib/test/auto/matrixType2.xml
----------------- Instantiating /home/travis/build/icyphy/ptII/ptolemy/actor/lib/test/auto/matrixType2.xml
2 ms. Memory: 456704K Free: 251683K (55%)
----------------- Invoking toplevel() on ptolemy.moml.MoMLSimpleApplication@1397e499
----------------- Done invoking toplevel() on ptolemy.moml.MoMLSimpleApplication@1397e499
reloadAllAccessors: .matrixType2

===========================================================================================
----------------- testing Fri Nov 22 06:26:45 UTC 2019 /home/travis/build/icyphy/ptII/ptolemy/actor/lib/test/auto/matrixType3.xml
----------------- Instantiating /home/travis/build/icyphy/ptII/ptolemy/actor/lib/test/auto/matrixType3.xml
5 ms. Memory: 456704K Free: 247073K (54%)
----------------- Invoking toplevel() on ptolemy.moml.MoMLSimpleApplication@5181ebf2
----------------- Done invoking toplevel() on ptolemy.moml.MoMLSimpleApplication@5181ebf2
reloadAllAccessors: .matrixType3

===========================================================================================
----------------- testing Fri Nov 22 06:26:45 UTC 2019 /home/travis/build/icyphy/ptII/ptolemy/actor/lib/test/auto/matrixType4.xml
----------------- Instantiating /home/travis/build/icyphy/ptII/ptolemy/actor/lib/test/auto/matrixType4.xml
2 ms. Memory: 456704K Free: 241953K (53%)
----------------- Invoking toplevel() on ptolemy.moml.MoMLSimpleApplication@739b13c5
----------------- Done invoking toplevel() on ptolemy.moml.MoMLSimpleApplication@739b13c5
reloadAllAccessors: .matrixType4

===========================================================================================
----------------- testing Fri Nov 22 06:26:45 UTC 2019 /home/travis/build/icyphy/ptII/ptolemy/actor/lib/test/auto/matrixType5.xml
----------------- Instantiating /home/travis/build/icyphy/ptII/ptolemy/actor/lib/test/auto/matrixType5.xml
1 ms. Memory: 456704K Free: 237347K (52%)
----------------- Invoking toplevel() on ptolemy.moml.MoMLSimpleApplication@65281f11
----------------- Done invoking toplevel() on ptolemy.moml.MoMLSimpleApplication@65281f11
reloadAllAccessors: .matrixType5

===========================================================================================
----------------- testing Fri Nov 22 06:26:45 UTC 2019 /home/travis/build/icyphy/ptII/ptolemy/actor/lib/test/auto/matrixType6.xml
----------------- Instantiating /home/travis/build/icyphy/ptII/ptolemy/actor/lib/test/auto/matrixType6.xml
2 ms. Memory: 456704K Free: 232227K (51%)
----------------- Invoking toplevel() on ptolemy.moml.MoMLSimpleApplication@28363578
----------------- Done invoking toplevel() on ptolemy.moml.MoMLSimpleApplication@28363578
reloadAllAccessors: .matrixType6

===========================================================================================
----------------- testing Fri Nov 22 06:26:45 UTC 2019 /home/travis/build/icyphy/ptII/ptolemy/actor/lib/test/auto/matrixType7.xml
----------------- Instantiating /home/travis/build/icyphy/ptII/ptolemy/actor/lib/test/auto/matrixType7.xml
2 ms. Memory: 456704K Free: 227617K (50%)
----------------- Invoking toplevel() on ptolemy.moml.MoMLSimpleApplication@71c73322
----------------- Done invoking toplevel() on ptolemy.moml.MoMLSimpleApplication@71c73322
reloadAllAccessors: .matrixType7

===========================================================================================
----------------- testing Fri Nov 22 06:26:45 UTC 2019 /home/travis/build/icyphy/ptII/ptolemy/actor/lib/test/auto/matrixType8.xml
----------------- Instantiating /home/travis/build/icyphy/ptII/ptolemy/actor/lib/test/auto/matrixType8.xml
2 ms. Memory: 456704K Free: 222497K (49%)
----------------- Invoking toplevel() on ptolemy.moml.MoMLSimpleApplication@1d6be8db
----------------- Done invoking toplevel() on ptolemy.moml.MoMLSimpleApplication@1d6be8db
reloadAllAccessors: .matrixType8

===========================================================================================
----------------- testing Fri Nov 22 06:26:45 UTC 2019 /home/travis/build/icyphy/ptII/ptolemy/actor/lib/test/auto/matrixType9.xml
----------------- Instantiating /home/travis/build/icyphy/ptII/ptolemy/actor/lib/test/auto/matrixType9.xml
1 ms. Memory: 456704K Free: 217891K (48%)
----------------- Invoking toplevel() on ptolemy.moml.MoMLSimpleApplication@2580a1d7
----------------- Done invoking toplevel() on ptolemy.moml.MoMLSimpleApplication@2580a1d7
reloadAllAccessors: .matrixType9

===========================================================================================
----------------- testing Fri Nov 22 06:26:45 UTC 2019 /home/travis/build/icyphy/ptII/ptolemy/actor/lib/test/auto/paraFunctest.xml
----------------- Instantiating /home/travis/build/icyphy/ptII/ptolemy/actor/lib/test/auto/paraFunctest.xml
2 ms. Memory: 456704K Free: 213281K (47%)
----------------- Invoking toplevel() on ptolemy.moml.MoMLSimpleApplication@729dd72a
----------------- Done invoking toplevel() on ptolemy.moml.MoMLSimpleApplication@729dd72a
reloadAllAccessors: .paraFunctest

===========================================================================================
----------------- testing Fri Nov 22 06:26:45 UTC 2019 /home/travis/build/icyphy/ptII/ptolemy/actor/lib/test/auto/paraFunctest2.xml
----------------- Instantiating /home/travis/build/icyphy/ptII/ptolemy/actor/lib/test/auto/paraFunctest2.xml
2 ms. Memory: 456704K Free: 209185K (46%)
----------------- Invoking toplevel() on ptolemy.moml.MoMLSimpleApplication@79869445
----------------- Done invoking toplevel() on ptolemy.moml.MoMLSimpleApplication@79869445
reloadAllAccessors: .paraFunctest2

===========================================================================================
----------------- testing Fri Nov 22 06:26:45 UTC 2019 /home/travis/build/icyphy/ptII/ptolemy/actor/lib/test/auto/parameterPassing.xml
----------------- Instantiating /home/travis/build/icyphy/ptII/ptolemy/actor/lib/test/auto/parameterPassing.xml
1 ms. Memory: 456704K Free: 204579K (45%)
----------------- Invoking toplevel() on ptolemy.moml.MoMLSimpleApplication@60074226
----------------- Done invoking toplevel() on ptolemy.moml.MoMLSimpleApplication@60074226
reloadAllAccessors: .parameterPassing

===========================================================================================
----------------- testing Fri Nov 22 06:26:45 UTC 2019 /home/travis/build/icyphy/ptII/ptolemy/actor/lib/test/auto/record.xml
----------------- Instantiating /home/travis/build/icyphy/ptII/ptolemy/actor/lib/test/auto/record.xml
4 ms. Memory: 456704K Free: 199969K (44%)
----------------- Invoking toplevel() on ptolemy.moml.MoMLSimpleApplication@7ec30373
----------------- Done invoking toplevel() on ptolemy.moml.MoMLSimpleApplication@7ec30373
reloadAllAccessors: .record

===========================================================================================
----------------- testing Fri Nov 22 06:26:45 UTC 2019 /home/travis/build/icyphy/ptII/ptolemy/actor/lib/test/auto/sizedarray1.xml
----------------- Instantiating /home/travis/build/icyphy/ptII/ptolemy/actor/lib/test/auto/sizedarray1.xml
2 ms. Memory: 456704K Free: 194339K (43%)
----------------- Invoking toplevel() on ptolemy.moml.MoMLSimpleApplication@65fcf254
----------------- Done invoking toplevel() on ptolemy.moml.MoMLSimpleApplication@65fcf254
reloadAllAccessors: .sizedarray1

===========================================================================================
----------------- testing Fri Nov 22 06:26:45 UTC 2019 /home/travis/build/icyphy/ptII/ptolemy/actor/lib/test/auto/sizedarray2.xml
----------------- Instantiating /home/travis/build/icyphy/ptII/ptolemy/actor/lib/test/auto/sizedarray2.xml
8 ms. Memory: 456704K Free: 189219K (41%)
----------------- Invoking toplevel() on ptolemy.moml.MoMLSimpleApplication@2bb890b1
----------------- Done invoking toplevel() on ptolemy.moml.MoMLSimpleApplication@2bb890b1
reloadAllAccessors: .sizedarray2

===========================================================================================
----------------- testing Fri Nov 22 06:26:45 UTC 2019 /home/travis/build/icyphy/ptII/ptolemy/actor/lib/test/auto/twoPublishers.xml
----------------- Instantiating /home/travis/build/icyphy/ptII/ptolemy/actor/lib/test/auto/twoPublishers.xml
8 ms. Memory: 456704K Free: 178465K (39%)
----------------- Invoking toplevel() on ptolemy.moml.MoMLSimpleApplication@4b08d756
----------------- Done invoking toplevel() on ptolemy.moml.MoMLSimpleApplication@4b08d756
reloadAllAccessors: .twoPublishers
AutoTests.java: About to close Vertx.
AutoTests.java: Vertx closed.
]]></system-out>
  <system-err><![CDATA[java.lang.RuntimeException: Execution failed
	at ptolemy.moml.MoMLSimpleApplication$UnloadThread.run(MoMLSimpleApplication.java:402)
Caused by: java.lang.RuntimeException: StringUtilities.exit() was called. Normally, we would exit here because Manager.exitAfterWrapup() was called.  However, because the ptolemy.ptII.exitAfterWrapup property is set, we throw this exception instead.
	at ptolemy.util.StringUtilities.exit(StringUtilities.java:365)
	at ptolemy.actor.Manager.wrapup(Manager.java:1549)
	at ptolemy.actor.Manager.execute(Manager.java:407)
	at ptolemy.actor.Manager.run(Manager.java:1263)
	at ptolemy.actor.Manager$PtolemyRunThread.run(Manager.java:1933)
Warning: '.top.test' is in training mode, set the trainingMode parameter to false before checking in
Warning: '.top.test' is in training mode, set the trainingMode parameter to false before checking in
Warning: '.top.test' is in training mode, set the trainingMode parameter to false before checking in
Warning: '.BooleanSwitch_RegressionTest_WrongTrainingValues.Test' is in training mode, set the trainingMode parameter to false before checking in
Warning: '.BooleanSwitch_RegressionTest_WrongTrainingValues.Test2' is in training mode, set the trainingMode parameter to false before checking in
Warning: '.BooleanSwitch_RegressionTest_WrongTrainingValues.Test2' The test produced 0 tokens.
Warning: '.top.testExceptionHandler' is in training mode, set the trainingMode parameter to false before checking in
java.lang.RuntimeException: Execution failed
	at ptolemy.moml.MoMLSimpleApplication$UnloadThread.run(MoMLSimpleApplication.java:402)
Caused by: ptolemy.kernel.util.IllegalActionException: PublisherPorts cannot be used at the top level, use a Publisher actor instead.
  in .PublisherPortToplevelSubscriber.PublisherPort
	at ptolemy.actor.PublisherPort.preinitialize(PublisherPort.java:403)
	at ptolemy.actor.CompositeActor.preinitialize(CompositeActor.java:1769)
	at ptolemy.actor.Manager.preinitializeAndResolveTypes(Manager.java:1040)
	at ptolemy.actor.Manager.initialize(Manager.java:710)
	at ptolemy.actor.Manager.execute(Manager.java:356)
	at ptolemy.actor.Manager.run(Manager.java:1263)
	at ptolemy.actor.Manager$PtolemyRunThread.run(Manager.java:1933)
java.lang.reflect.InvocationTargetException
	at java.base/jdk.internal.reflect.NativeConstructorAccessorImpl.newInstance0(Native Method)
	at java.base/jdk.internal.reflect.NativeConstructorAccessorImpl.newInstance(NativeConstructorAccessorImpl.java:62)
	at java.base/jdk.internal.reflect.DelegatingConstructorAccessorImpl.newInstance(DelegatingConstructorAccessorImpl.java:45)
	at java.base/java.lang.reflect.Constructor.newInstance(Constructor.java:490)
	at ptolemy.util.test.junit.AutoKnownFailedTests.RunModel(AutoKnownFailedTests.java:105)
	at java.base/jdk.internal.reflect.NativeMethodAccessorImpl.invoke0(Native Method)
	at java.base/jdk.internal.reflect.NativeMethodAccessorImpl.invoke(NativeMethodAccessorImpl.java:62)
	at java.base/jdk.internal.reflect.DelegatingMethodAccessorImpl.invoke(DelegatingMethodAccessorImpl.java:43)
	at java.base/java.lang.reflect.Method.invoke(Method.java:566)
	at org.junit.runners.model.FrameworkMethod$1.runReflectiveCall(FrameworkMethod.java:44)
	at org.junit.internal.runners.model.ReflectiveCallable.run(ReflectiveCallable.java:15)
	at org.junit.runners.model.FrameworkMethod.invokeExplosively(FrameworkMethod.java:41)
	at junitparams.internal.InvokeParameterisedMethod.evaluate(InvokeParameterisedMethod.java:102)
	at org.junit.internal.runners.statements.FailOnTimeout$1.run(FailOnTimeout.java:28)
Caused by: ptolemy.kernel.util.IllegalActionException: PublisherPorts cannot be used at the top level, use a Publisher actor instead.
  in .PublisherPortToplevelSubscriber.PublisherPort
	at ptolemy.actor.PublisherPort.preinitialize(PublisherPort.java:403)
	at ptolemy.actor.CompositeActor.preinitialize(CompositeActor.java:1769)
	at ptolemy.actor.Manager.preinitializeAndResolveTypes(Manager.java:1040)
	at ptolemy.actor.Manager.initialize(Manager.java:710)
	at ptolemy.actor.Manager.execute(Manager.java:356)
	at ptolemy.actor.Manager.run(Manager.java:1263)
	at ptolemy.actor.Manager$PtolemyRunThread.run(Manager.java:1933)
java.lang.RuntimeException: Execution failed
	at ptolemy.moml.MoMLSimpleApplication$UnloadThread.run(MoMLSimpleApplication.java:402)
Caused by: ptolemy.kernel.util.IllegalActionException: SubscriberPorts cannot be used at the top level, use a Subscriber actor instead.
  in .PublisherSubscriberPortToplevel.SubscriberPort
	at ptolemy.actor.SubscriberPort.preinitialize(SubscriberPort.java:328)
	at ptolemy.actor.CompositeActor.preinitialize(CompositeActor.java:1769)
	at ptolemy.actor.Manager.preinitializeAndResolveTypes(Manager.java:1040)
	at ptolemy.actor.Manager.initialize(Manager.java:710)
	at ptolemy.actor.Manager.execute(Manager.java:356)
	at ptolemy.actor.Manager.run(Manager.java:1263)
	at ptolemy.actor.Manager$PtolemyRunThread.run(Manager.java:1933)
java.lang.reflect.InvocationTargetException
	at java.base/jdk.internal.reflect.NativeConstructorAccessorImpl.newInstance0(Native Method)
	at java.base/jdk.internal.reflect.NativeConstructorAccessorImpl.newInstance(NativeConstructorAccessorImpl.java:62)
	at java.base/jdk.internal.reflect.DelegatingConstructorAccessorImpl.newInstance(DelegatingConstructorAccessorImpl.java:45)
	at java.base/java.lang.reflect.Constructor.newInstance(Constructor.java:490)
	at ptolemy.util.test.junit.AutoKnownFailedTests.RunModel(AutoKnownFailedTests.java:105)
	at java.base/jdk.internal.reflect.NativeMethodAccessorImpl.invoke0(Native Method)
	at java.base/jdk.internal.reflect.NativeMethodAccessorImpl.invoke(NativeMethodAccessorImpl.java:62)
	at java.base/jdk.internal.reflect.DelegatingMethodAccessorImpl.invoke(DelegatingMethodAccessorImpl.java:43)
	at java.base/java.lang.reflect.Method.invoke(Method.java:566)
	at org.junit.runners.model.FrameworkMethod$1.runReflectiveCall(FrameworkMethod.java:44)
	at org.junit.internal.runners.model.ReflectiveCallable.run(ReflectiveCallable.java:15)
	at org.junit.runners.model.FrameworkMethod.invokeExplosively(FrameworkMethod.java:41)
	at junitparams.internal.InvokeParameterisedMethod.evaluate(InvokeParameterisedMethod.java:102)
	at org.junit.internal.runners.statements.FailOnTimeout$1.run(FailOnTimeout.java:28)
Caused by: ptolemy.kernel.util.IllegalActionException: SubscriberPorts cannot be used at the top level, use a Subscriber actor instead.
  in .PublisherSubscriberPortToplevel.SubscriberPort
	at ptolemy.actor.SubscriberPort.preinitialize(SubscriberPort.java:328)
	at ptolemy.actor.CompositeActor.preinitialize(CompositeActor.java:1769)
	at ptolemy.actor.Manager.preinitializeAndResolveTypes(Manager.java:1040)
	at ptolemy.actor.Manager.initialize(Manager.java:710)
	at ptolemy.actor.Manager.execute(Manager.java:356)
	at ptolemy.actor.Manager.run(Manager.java:1263)
	at ptolemy.actor.Manager$PtolemyRunThread.run(Manager.java:1933)
java.lang.RuntimeException: Execution failed
	at ptolemy.moml.MoMLSimpleApplication$UnloadThread.run(MoMLSimpleApplication.java:402)
Caused by: ptolemy.kernel.util.IllegalActionException: SubscriptionAggregatorPorts cannot be used at the top level, use a SubscriptionAggregator actor instead.
  in .PublisherSubscriptionAggregatorPort.SubscriptionAggregatorPort
	at ptolemy.actor.SubscriptionAggregatorPort.preinitialize(SubscriptionAggregatorPort.java:353)
	at ptolemy.actor.CompositeActor.preinitialize(CompositeActor.java:1769)
	at ptolemy.actor.Manager.preinitializeAndResolveTypes(Manager.java:1040)
	at ptolemy.actor.Manager.initialize(Manager.java:710)
	at ptolemy.actor.Manager.execute(Manager.java:356)
	at ptolemy.actor.Manager.run(Manager.java:1263)
	at ptolemy.actor.Manager$PtolemyRunThread.run(Manager.java:1933)
java.lang.reflect.InvocationTargetException
	at java.base/jdk.internal.reflect.NativeConstructorAccessorImpl.newInstance0(Native Method)
	at java.base/jdk.internal.reflect.NativeConstructorAccessorImpl.newInstance(NativeConstructorAccessorImpl.java:62)
	at java.base/jdk.internal.reflect.DelegatingConstructorAccessorImpl.newInstance(DelegatingConstructorAccessorImpl.java:45)
	at java.base/java.lang.reflect.Constructor.newInstance(Constructor.java:490)
	at ptolemy.util.test.junit.AutoKnownFailedTests.RunModel(AutoKnownFailedTests.java:105)
	at java.base/jdk.internal.reflect.NativeMethodAccessorImpl.invoke0(Native Method)
	at java.base/jdk.internal.reflect.NativeMethodAccessorImpl.invoke(NativeMethodAccessorImpl.java:62)
	at java.base/jdk.internal.reflect.DelegatingMethodAccessorImpl.invoke(DelegatingMethodAccessorImpl.java:43)
	at java.base/java.lang.reflect.Method.invoke(Method.java:566)
	at org.junit.runners.model.FrameworkMethod$1.runReflectiveCall(FrameworkMethod.java:44)
	at org.junit.internal.runners.model.ReflectiveCallable.run(ReflectiveCallable.java:15)
	at org.junit.runners.model.FrameworkMethod.invokeExplosively(FrameworkMethod.java:41)
	at junitparams.internal.InvokeParameterisedMethod.evaluate(InvokeParameterisedMethod.java:102)
	at org.junit.internal.runners.statements.FailOnTimeout$1.run(FailOnTimeout.java:28)
Caused by: ptolemy.kernel.util.IllegalActionException: SubscriptionAggregatorPorts cannot be used at the top level, use a SubscriptionAggregator actor instead.
  in .PublisherSubscriptionAggregatorPort.SubscriptionAggregatorPort
	at ptolemy.actor.SubscriptionAggregatorPort.preinitialize(SubscriptionAggregatorPort.java:353)
	at ptolemy.actor.CompositeActor.preinitialize(CompositeActor.java:1769)
	at ptolemy.actor.Manager.preinitializeAndResolveTypes(Manager.java:1040)
	at ptolemy.actor.Manager.initialize(Manager.java:710)
	at ptolemy.actor.Manager.execute(Manager.java:356)
	at ptolemy.actor.Manager.run(Manager.java:1263)
	at ptolemy.actor.Manager$PtolemyRunThread.run(Manager.java:1933)
java.lang.RuntimeException: Execution failed
	at ptolemy.moml.MoMLSimpleApplication$UnloadThread.run(MoMLSimpleApplication.java:402)
Caused by: ptolemy.kernel.util.IllegalActionException: TypeTest actor has no training data.
  in .sizedarray3.TypeTest
	at ptolemy.actor.lib.TypeTest.initialize(TypeTest.java:250)
	at ptolemy.actor.Director.initialize(Director.java:938)
	at ptolemy.actor.Director.initialize(Director.java:907)
	at ptolemy.actor.sched.StaticSchedulingDirector.initialize(StaticSchedulingDirector.java:159)
	at ptolemy.domains.sdf.kernel.SDFDirector.initialize(SDFDirector.java:544)
	at ptolemy.actor.CompositeActor.initialize(CompositeActor.java:935)
	at ptolemy.actor.Manager.initialize(Manager.java:724)
	at ptolemy.actor.Manager.execute(Manager.java:356)
	at ptolemy.actor.Manager.run(Manager.java:1263)
	at ptolemy.actor.Manager$PtolemyRunThread.run(Manager.java:1933)
java.lang.reflect.InvocationTargetException
	at java.base/jdk.internal.reflect.NativeConstructorAccessorImpl.newInstance0(Native Method)
	at java.base/jdk.internal.reflect.NativeConstructorAccessorImpl.newInstance(NativeConstructorAccessorImpl.java:62)
	at java.base/jdk.internal.reflect.DelegatingConstructorAccessorImpl.newInstance(DelegatingConstructorAccessorImpl.java:45)
	at java.base/java.lang.reflect.Constructor.newInstance(Constructor.java:490)
	at ptolemy.util.test.junit.AutoKnownFailedTests.RunModel(AutoKnownFailedTests.java:105)
	at java.base/jdk.internal.reflect.NativeMethodAccessorImpl.invoke0(Native Method)
	at java.base/jdk.internal.reflect.NativeMethodAccessorImpl.invoke(NativeMethodAccessorImpl.java:62)
	at java.base/jdk.internal.reflect.DelegatingMethodAccessorImpl.invoke(DelegatingMethodAccessorImpl.java:43)
	at java.base/java.lang.reflect.Method.invoke(Method.java:566)
	at org.junit.runners.model.FrameworkMethod$1.runReflectiveCall(FrameworkMethod.java:44)
	at org.junit.internal.runners.model.ReflectiveCallable.run(ReflectiveCallable.java:15)
	at org.junit.runners.model.FrameworkMethod.invokeExplosively(FrameworkMethod.java:41)
	at junitparams.internal.InvokeParameterisedMethod.evaluate(InvokeParameterisedMethod.java:102)
	at org.junit.internal.runners.statements.FailOnTimeout$1.run(FailOnTimeout.java:28)
Caused by: ptolemy.kernel.util.IllegalActionException: TypeTest actor has no training data.
  in .sizedarray3.TypeTest
	at ptolemy.actor.lib.TypeTest.initialize(TypeTest.java:250)
	at ptolemy.actor.Director.initialize(Director.java:938)
	at ptolemy.actor.Director.initialize(Director.java:907)
	at ptolemy.actor.sched.StaticSchedulingDirector.initialize(StaticSchedulingDirector.java:159)
	at ptolemy.domains.sdf.kernel.SDFDirector.initialize(SDFDirector.java:544)
	at ptolemy.actor.CompositeActor.initialize(CompositeActor.java:935)
	at ptolemy.actor.Manager.initialize(Manager.java:724)
	at ptolemy.actor.Manager.execute(Manager.java:356)
	at ptolemy.actor.Manager.run(Manager.java:1263)
	at ptolemy.actor.Manager$PtolemyRunThread.run(Manager.java:1933)
]]></system-err>
</testsuite>
