<?xml version="1.0" encoding="UTF-8" ?>
<testsuite errors="1" failures="0" hostname="travis-job-cf6540d7-46fc-4628-8fef-ed54afa1b278" name="ptolemy.actor.lib.test.junit.JUnitTclTest" skipped="0" tests="518" time="61.955" timestamp="2018-06-05T23:00:48">
  <properties>
    <property name="npm.executable" value="npm" />
    <property name="file.encoding.pkg" value="sun.io" />
    <property name="ptII.mk.exists" value="true" />
    <property name="env.rvm_bin_path" value="/home/travis/.rvm/bin" />
    <property name="java.home" value="/usr/lib/jvm/java-8-oracle/jre" />
    <property name="env.TRAVIS_JOB_NUMBER" value="524.7" />
    <property name="env.DISPLAY" value=":99.0" />
    <property name="java.net.preferIPv4Stack" value="true" />
    <property name="env.SSH_TTY" value="/dev/pts/0" />
    <property name="env.RUN_TESTS" value="true" />
    <property name="timeout.short" value="1000000" />
    <property name="env.TRAVIS_STACK_NODE_ATTRIBUTES" value="/.node-attributes.yml" />
    <property name="junit.formatter" value="xml" />
    <property name="java.endorsed.dirs" value="/usr/lib/jvm/java-8-oracle/jre/lib/endorsed" />
    <property name="env.TRAVIS_SUDO" value="true" />
    <property name="env.LOGNAME" value="travis" />
    <property name="env.PT_TRAVIS_TEST_CORE1_XML" value="true" />
    <property name="jsdoc.home" value="node_modules/@terraswarm/jsdoc" />
    <property name="debuglevel" value="source,lines,vars" />
    <property name="checkstyle.formatter" value="xml" />
    <property name="bin.vergil.makeable" value="true" />
    <property name="env._system_version" value="14.04" />
    <property name="sun.os.patch.level" value="unknown" />
    <property name="java.vendor.url" value="http://java.oracle.com/" />
    <property name="java.version" value="1.8.0_151" />
    <property name="env.TZ" value="UTC" />
    <property name="env.PT_NO_NET" value="true" />
    <property name="env.TRAVIS_PULL_REQUEST_SHA" value="" />
    <property name="env.TRAVIS_SECURE_ENV_VARS" value="true" />
    <property name="env._system_type" value="Linux" />
    <property name="java.vendor.url.bug" value="http://bugreport.sun.com/bugreport/" />
    <property name="env.SSH_CLIENT" value="10.10.4.26 43978 22" />
    <property name="npmjs-org-is-up" value="true" />
    <property name="env.GEM_HOME" value="/home/travis/.rvm/gems/ruby-2.4.1" />
    <property name="env.HAS_ANTARES_THREE_LITTLE_FRONZIES_BADGE" value="true" />
    <property name="env.PS4" value="+" />
    <property name="ant.project.invoked-targets" value="build,test.core1.xml" />
    <property name="env.TRAVIS_PULL_REQUEST_BRANCH" value="" />
    <property name="env.TRAVIS_REPO_SLUG" value="icyphy/ptII" />
    <property name="node.in.path" value="true" />
    <property name="java.maxmemory" value="1400m" />
    <property name="env.RUBY_VERSION" value="ruby-2.4.1" />
    <property name="user.name" value="travis" />
    <property name="env.LANG" value="en_US.UTF-8" />
    <property name="sun.io.unicode.encoding" value="UnicodeLittle" />
    <property name="sun.jnu.encoding" value="UTF-8" />
    <property name="java.runtime.name" value="Java(TM) SE Runtime Environment" />
    <property name="usefile" value="false" />
    <property name="return.code" value="0" />
    <property name="junit.single.formatter" value="plain" />
    <property name="env.DYLD_LIBRARY_PATH" value="/home/travis/pthla/certi-tools/lib:" />
    <property name="env.DEBIAN_FRONTEND" value="noninteractive" />
    <property name="env.SSH_CONNECTION" value="10.10.4.26 43978 10.20.0.30 22" />
    <property name="env.MYSQL_UNIX_PORT" value="/var/run/mysqld/mysqld.sock" />
    <property name="env.TRAVIS_ALLOW_FAILURE" value="false" />
    <property name="env.LC_ALL" value="en_US.UTF-8" />
    <property name="java.specification.name" value="Java Platform API Specification" />
    <property name="node.works" value="true" />
    <property name="user.timezone" value="" />
    <property name="path.separator" value=":" />
    <property name="env.PYTHON_CFLAGS" value="-g -fstack-protector --param=ssp-buffer-size=4 -Wformat -Werror=format-security" />
    <property name="timeout.long" value="4000000" />
    <property name="env.CERTI_HOME" value="/home/travis/pthla/certi-tools" />
    <property name="file.encoding" value="UTF-8" />
    <property name="ant.file.ptII" value="/home/travis/build/icyphy/ptII/build.xml" />
    <property name="javadoc.packagenames" value="com.*,diva.*,lbnl.*,org.hlacerti.*,org.json.*,org.ptolemy.*,org.terraswarm.*,ptolemy.*,ptserver.*" />
    <property name="env.TRAVIS_PULL_REQUEST_SLUG" value="" />
    <property name="ant.project.default-target" value="build" />
    <property name="env.GIT_ASKPASS" value="echo" />
    <property name="env.HOME" value="/home/travis" />
    <property name="sun.java.command" value="org.apache.tools.ant.taskdefs.optional.junit.JUnitTestRunner ptolemy.actor.lib.test.junit.JUnitTclTest skipNonTests=false filtertrace=true haltOnError=false haltOnFailure=false formatter=org.apache.tools.ant.taskdefs.optional.junit.OutErrSummaryJUnitResultFormatter showoutput=true outputtoformatters=true logfailedtests=true threadid=0 logtestlistenerevents=false formatter=org.apache.tools.ant.taskdefs.optional.junit.XMLJUnitResultFormatter,/home/travis/build/icyphy/ptII/reports/junit/TEST-ptolemy.actor.lib.test.junit.JUnitTclTest.xml crashfile=/home/travis/build/icyphy/ptII/junitvmwatcher6763964556102466873.properties propsfile=/home/travis/build/icyphy/ptII/junit5218456315651834154.properties" />
    <property name="env.MANPATH" value="/home/travis/.nvm/versions/node/v7.10.1/share/man:/home/travis/.kiex/elixirs/elixir-1.4.5/man:/home/travis/.rvm/rubies/ruby-2.4.1/share/man:/usr/local/man:/usr/local/cmake-3.9.2/man:/usr/local/clang-5.0.0/share/man:/usr/local/share/man:/usr/share/man:/home/travis/.rvm/man" />
    <property name="env.COMPOSER_NO_INTERACTION" value="1" />
    <property name="env.JDK_SWITCHER_DEFAULT" value="oraclejdk8" />
    <property name="ant.file" value="/home/travis/build/icyphy/ptII/build.xml" />
    <property name="env.TRAVIS_COMMIT_RANGE" value="a14d27cc08ae...fe6ba18cedc7" />
    <property name="env._system_name" value="Ubuntu" />
    <property name="timeout" value="2400000" />
    <property name="ptII.classpath.optional.property" value="/home/travis/build/icyphy/ptII/lib/bsh-2.0b4.jar:/home/travis/build/icyphy/ptII/lib/ptCal.jar:/home/travis/build/icyphy/ptII/lib/java_cup.jar:/home/travis/build/icyphy/ptII/lib/saxon8.jar:/home/travis/build/icyphy/ptII/lib/saxon8-dom.jar:/home/travis/build/icyphy/ptII/lib/chic.jar:/home/travis/build/icyphy/ptII/lib/ptcolt.jar:/usr/lib/jvm/java-8-oracle/lib/tools.jar:/usr/lib/eclipse/plugins/org.eclipse.jdt.core_3.8.2.dist.jar:/usr/lib/eclipse/plugins/org.eclipse.core.runtime_3.8.0.dist.jar:/usr/lib/eclipse/plugins/org.eclipse.osgi_3.8.1.dist.jar:/usr/lib/eclipse/plugins/org.eclipse.core.resources_3.8.1.dist.jar:/usr/lib/eclipse/plugins/org.eclipse.equinox.common_3.6.100.dist.jar:/usr/lib/eclipse/plugins/org.eclipse.core.jobs_3.5.200.dist.jar:/usr/lib/eclipse/plugins/org.eclipse.core.contenttype_3.4.200.dist.jar:/usr/lib/eclipse/plugins/org.eclipse.equinox.preferences_3.5.0.dist.jar:/usr/lib/eclipse/plugins/org.eclipse.text_3.5.200.dist.jar:/usr/lib/eclipse/plugins/org.eclipse.ui.workbench_3.8.1.dist.jar:/usr/lib/eclipse/plugins/org.eclipse.jface_3.8.0.dist.jar:/usr/lib/eclipse/plugins/org.eclipse.swt_3.8.2.jar:/usr/lib/eclipse/plugins/org.eclipse.jface.text_3.8.1.dist.jar:/usr/lib/eclipse/plugins/org.eclipse.ui.workbench.texteditor_3.8.0.dist.jar:/usr/lib/eclipse/plugins/org.eclipse.ui.editors_3.8.0.dist.jar:/usr/lib/eclipse/plugins/org.eclipse.core.commands_3.6.1.dist.jar:/usr/lib/eclipse/plugins/org.eclipse.equinox.registry_3.5.200.dist.jar:/usr/lib/eclipse/plugins/org.eclipse.ui.console_3.5.100.dist.jar:/usr/lib/eclipse/plugins/org.eclipse.ui.forms_3.5.200.dist.jar:/usr/lib/eclipse/plugins/org.eclipse.ui.ide_3.8.1.dist.jar:/home/travis/build/icyphy/ptII/vendors/oracle/dbxml.jar:/home/travis/build/icyphy/ptII/vendors/oracle/db.jar:/home/travis/build/icyphy/ptII/vendors/misc/itext/iText.jar:/home/travis/build/icyphy/ptII/lib/g4ltl.jar:/home/travis/build/icyphy/ptII/lib/StructuralCoder.jar:/home/travis/build/icyphy/ptII/lib/org-openide-util.jar:/home/travis/build/icyphy/ptII/lib/org-openide-util-lookup.jar:/home/travis/build/icyphy/ptII/lib/org-netbeans-api-visual.jar:/home/travis/build/icyphy/ptII/vendors/jai-1_1_2_01/lib/jai_core.jar:/home/travis/build/icyphy/ptII/vendors/jai-1_1_2_01/lib/jai_codec.jar:/home/travis/build/icyphy/ptII/lib/jcerti.jar:/home/travis/build/icyphy/ptII/lib/smack.jar:/home/travis/build/icyphy/ptII/lib/smackx.jar:/home/travis/build/icyphy/ptII/lib/jetty-all-8.1.5-v20120716.jar:/home/travis/build/icyphy/ptII/lib/javax.servlet-api-3.0.1.jar:/home/travis/build/icyphy/ptII/lib/javax.mail.jar:/home/travis/build/icyphy/ptII/vendors/JMF-2.1.1e/lib/jmf.jar:/home/travis/build/icyphy/ptII/lib/jna-4.0.0-variadic.jar:/home/travis/build/icyphy/ptII/vendors/misc/joystick/Joystick.jar:/home/travis/build/icyphy/ptII/lib/ptjacl.jar:/home/travis/build/icyphy/ptII/lib/jsoup-1.8.2.jar:/home/travis/build/icyphy/ptII/lib/junit-4.8.2.jar:/home/travis/build/icyphy/ptII/lib/JUnitParams-0.4.0.jar:/home/travis/build/icyphy/ptII/ptolemy/actor/lib/excel/jxl.jar:/home/travis/build/icyphy/ptII/lib/jython.jar:/home/travis/build/icyphy/ptII/lib/kieler.jar:/home/travis/build/icyphy/ptII/vendors/opencv/share/OpenCV/java/opencv-341.jar:/home/travis/build/icyphy/ptII/lib/oscP5.jar:/home/travis/build/icyphy/ptII/lib/nrjavaserial-3.11.0.devel.jar:/usr/share/java/j3dcore.jar:/usr/share/java/j3dutils.jar:/usr/share/java/vecmath.jar:/home/travis/build/icyphy/ptII/ptolemy/distributed/jini/jar/jini-core.jar:/home/travis/build/icyphy/ptII/ptolemy/distributed/jini/jar/jini-ext.jar:/home/travis/build/icyphy/ptII/ptolemy/distributed/jini/jar/sun-util.jar:/home/travis/build/icyphy/ptII/lib/protobuf-java-2.4.1.jar:/home/travis/build/icyphy/ptII/lib/org.eclipse.paho.client.mqttv3.jar:/home/travis/build/icyphy/ptII/ptserver/lib/hessian-4.0.7.jar:/home/travis/build/icyphy/ptII/ptserver/lib/wmqtt.jar:/home/travis/build/icyphy/ptII/lib/mapss.jar:/home/travis/build/icyphy/ptII/ptolemy/actor/ptalon/antlr/antlr.jar:/home/travis/build/icyphy/ptII/lib/JRI.jar:/home/travis/build/icyphy/ptII/lib/commons-lang-2.6.jar:/home/travis/build/icyphy/ptII/lib/commons-logging-1.1.1.jar:/home/travis/build/icyphy/ptII/lib/sootclasses.jar:/home/travis/build/icyphy/ptII/ptolemy/actor/lib/database/mysql-connector-java-5.1.6-bin.jar:/home/travis/build/icyphy/ptII/vendors/misc/sphinx4/sphinx4-data-5prealpha.jar:/home/travis/build/icyphy/ptII/vendors/misc/sphinx4/sphinx4-core-5prealpha.jar:/home/travis/build/icyphy/ptII/lib/PDFRenderer.jar:/home/travis/build/icyphy/ptII/lib/svgSalamander.jar:/home/travis/build/icyphy/ptII/lib/rsyntaxtextarea-2.6.0-SNAPSHOT.jar:/home/travis/build/icyphy/ptII/lib/hazelcast-3.8.2.jar:/home/travis/build/icyphy/ptII/lib/jackson-annotations-2.9.0.jar:/home/travis/build/icyphy/ptII/lib/jackson-core-2.9.3.jar:/home/travis/build/icyphy/ptII/lib/jackson-databind-2.9.3.jar:/home/travis/build/icyphy/ptII/lib/netty-buffer-4.1.19.Final.jar:/home/travis/build/icyphy/ptII/lib/netty-codec-4.1.19.Final.jar:/home/travis/build/icyphy/ptII/lib/netty-codec-dns-4.1.19.Final.jar:/home/travis/build/icyphy/ptII/lib/netty-codec-http-4.1.19.Final.jar:/home/travis/build/icyphy/ptII/lib/netty-codec-http2-4.1.19.Final.jar:/home/travis/build/icyphy/ptII/lib/netty-common-4.1.19.Final.jar:/home/travis/build/icyphy/ptII/lib/netty-handler-4.1.19.Final.jar:/home/travis/build/icyphy/ptII/lib/netty-resolver-4.1.19.Final.jar:/home/travis/build/icyphy/ptII/lib/netty-resolver-dns-4.1.19.Final.jar:/home/travis/build/icyphy/ptII/lib/netty-transport-4.1.19.Final.jar:/home/travis/build/icyphy/ptII/lib/vertx-codegen-3.5.1.jar:/home/travis/build/icyphy/ptII/lib/vertx-core-3.5.2-SNAPSHOT.jar:/home/travis/build/icyphy/ptII/lib/vertx-hazelcast-3.5.1.jar:/home/travis/build/icyphy/ptII/lib/vertx-lang-js-3.5.1.jar:/home/travis/build/icyphy/ptII/lib/vertx-service-proxy-3.5.1.jar:/home/travis/build/icyphy/ptII/lib/vertx-web-3.5.1.jar:/home/travis/build/icyphy/ptII/lib/slf4j-api-1.7.13.jar:/home/travis/build/icyphy/ptII/lib/slf4j-simple-1.7.13.jar:/home/travis/build/icyphy/ptII/lib/webcam-capture-0.3.12.jar:/home/travis/build/icyphy/ptII/lib/bridj-0.7.0.jar:/home/travis/build/icyphy/ptII/lib/xbjlib-1.1.0.nrjavaserial.jar" />
    <property name="test.batch" value="**/junit/*.java" />
    <property name="env._" value="/usr/bin/timeout" />
    <property name="java.io.tmpdir" value="/tmp" />
    <property name="user.language" value="en" />
    <property name="env.HISTCONTROL" value="ignoredups:ignorespace" />
    <property name="env.GOROOT" value="/home/travis/.gimme/versions/go1.7.4.linux.amd64" />
    <property name="line.separator" value="&#xa;" />
    <property name="target" value="1.8" />
    <property name="env.TRAVIS_BUILD_DIR" value="/home/travis/build/icyphy/ptII" />
    <property name="env.ANT_OPTS" value="-Xmx2048m" />
    <property name="ant.file.type" value="file" />
    <property name="ptolemy.ptII.batchMode" value="true" />
    <property name="env.HISTSIZE" value="1000" />
    <property name="env.MERB_ENV" value="test" />
    <property name="java.vm.info" value="mixed mode" />
    <property name="source" value="1.8" />
    <property name="java.vm.specification.name" value="Java Virtual Machine Specification" />
    <property name="env.TRAVIS_TEST_RESULT" value="0" />
    <property name="jsdoc.command" value="node_modules/@terraswarm/jsdoc/jsdoc.js" />
    <property name="npm.works" value="true" />
    <property name="cobertura.dir" value="/home/travis/build/icyphy/ptII/vendors/cobertura-2.0.3" />
    <property name="env.rvm_path" value="/home/travis/.rvm" />
    <property name="env.GEM_PATH" value="/home/travis/.rvm/gems/ruby-2.4.1:/home/travis/.rvm/gems/ruby-2.4.1@global" />
    <property name="env.LC_CTYPE" value="en_US.UTF-8" />
    <property name="java.awt.printerjob" value="sun.print.PSPrinterJob" />
    <property name="env.TRAVIS_STACK_NAME" value="garnet" />
    <property name="ant.version" value="Apache Ant(TM) version 1.10.1 compiled on February 2 2017" />
    <property name="ptII.reports" value="/home/travis/build/icyphy/ptII/reports" />
    <property name="env.TRAVIS_STACK_TIMESTAMP" value="2017-12-05 19:33:09 UTC" />
    <property name="ant.file.type.ptII" value="file" />
    <property name="env.RBENV_SHELL" value="bash" />
    <property name="os.name" value="Linux" />
    <property name="java.specification.vendor" value="Oracle Corporation" />
    <property name="env.rvm_version" value="1.29.3 (latest)" />
    <property name="env.TERM" value="xterm" />
    <property name="java.vm.name" value="Java HotSpot(TM) 64-Bit Server VM" />
    <property name="env.TRAVIS_BUILD_NUMBER" value="524" />
    <property name="env.CI" value="true" />
    <property name="java.library.path" value="/home/travis/pthla/certi-tools/lib:/usr/lib/jni:/usr/local/share/OpenCV/java/:/usr/share/OpenCV/java::/usr/java/packages/lib/amd64:/usr/lib64:/lib64:/lib:/usr/lib" />
    <property name="env.rvm_prefix" value="/home/travis" />
    <property name="env.PATH" value="/home/travis/pthla/certi-tools/share/scripts:/home/travis/.rvm/gems/ruby-2.4.1/bin:/home/travis/.rvm/gems/ruby-2.4.1@global/bin:/home/travis/.rvm/rubies/ruby-2.4.1/bin:/home/travis/.rvm/bin:/home/travis/.nvm/versions/node/v7.10.1/bin:./node_modules/.bin:/home/travis/build/icyphy/ptII/bin:/home/travis/pthla/certi-tools/bin:/home/travis/bin:/home/travis/.local/bin:/opt/pyenv/shims:/home/travis/.phpenv/shims:/home/travis/perl5/perlbrew/bin:/home/travis/.kiex/elixirs/elixir-1.4.5/bin:/home/travis/.kiex/bin:/home/travis/gopath/bin:/home/travis/.gimme/versions/go1.7.4.linux.amd64/bin:/usr/local/phantomjs/bin:/usr/local/phantomjs:/usr/local/neo4j-3.2.7/bin:/usr/local/maven-3.5.2/bin:/usr/local/cmake-3.9.2/bin:/usr/local/clang-5.0.0/bin:/usr/local/sbin:/usr/local/bin:/usr/sbin:/usr/bin:/sbin:/bin:/home/travis/.phpenv/bin:/opt/pyenv/bin:/home/travis/.yarn/bin" />
    <property name="env.TRAVIS_OS_NAME" value="linux" />
    <property name="ant.java.version" value="1.8" />
    <property name="basedir" value="/home/travis/build/icyphy/ptII" />
    <property name="java.class.version" value="52.0" />
    <property name="env.SHLVL" value="3" />
    <property name="env.LD_LIBRARY_PATH" value="/home/travis/pthla/certi-tools/lib:/usr/lib/jni:/usr/local/share/OpenCV/java/:/usr/share/OpenCV/java:" />
    <property name="env.RACK_ENV" value="test" />
    <property name="ant.home" value="/home/travis/build/icyphy/ptII/ant" />
    <property name="env.NVM_DIR" value="/home/travis/.nvm" />
    <property name="env.PERLBREW_BASHRC_VERSION" value="0.80" />
    <property name="env.CERTI_FOM_PATH" value="/home/travis/pthla/certi-tools/share/federations" />
    <property name="env.TRAVIS_BUILD_ID" value="388504854" />
    <property name="env.PYENV_ROOT" value="/opt/pyenv" />
    <property name="env.TRAVIS_UID" value="2000" />
    <property name="env.rvm_pretty_print_flag" value="auto" />
    <property name="env.NVM_BIN" value="/home/travis/.nvm/versions/node/v7.10.1/bin" />
    <property name="env.TRAVIS_COMMIT" value="fe6ba18cedc7036c342010b664e212edde9b5559" />
    <property name="env._system_arch" value="x86_64" />
    <property name="node.executable" value="node" />
    <property name="sun.boot.library.path" value="/usr/lib/jvm/java-8-oracle/jre/lib/amd64" />
    <property name="sun.management.compiler" value="HotSpot 64-Bit Tiered Compilers" />
    <property name="env.GOPATH" value="/home/travis/gopath" />
    <property name="java.awt.graphicsenv" value="sun.awt.X11GraphicsEnvironment" />
    <property name="ptolemy.ptII.dir" value="/home/travis/build/icyphy/ptII" />
    <property name="env.USER" value="travis" />
    <property name="env.HISTFILESIZE" value="2000" />
    <property name="timeout.longest" value="19000000" />
    <property name="env.TRAVIS_STACK_FEATURES" value="basic cassandra chromium couchdb disabled-ipv6 docker docker-compose elasticsearch firefox go-toolchain google-chrome jdk memcached mongodb mysql neo4j nodejs_interpreter perl_interpreter perlbrew phantomjs postgresql python_interpreter rabbitmq redis riak ruby_interpreter sqlite xserver" />
    <property name="env.TRAVIS_PULL_REQUEST" value="false" />
    <property name="env.PYENV_SHELL" value="bash" />
    <property name="ant.project.name" value="ptII" />
    <property name="java.vm.specification.version" value="1.8" />
    <property name="env.CERTI_VERSION" value="4.0.0" />
    <property name="env.NLSPATH" value="/usr/dt/lib/nls/msg/%L/%N.cat" />
    <property name="awt.toolkit" value="sun.awt.X11.XToolkit" />
    <property name="env.CERTI_HOST" value="localhost" />
    <property name="env.MY_RUBY_HOME" value="/home/travis/.rvm/rubies/ruby-2.4.1" />
    <property name="sun.cpu.isalist" value="" />
    <property name="java.ext.dirs" value="/usr/lib/jvm/java-8-oracle/jre/lib/ext:/usr/java/packages/lib/ext" />
    <property name="os.version" value="4.4.0-101-generic" />
    <property name="user.home" value="/home/travis" />
    <property name="env.MIX_ARCHIVES" value="/home/travis/.kiex/mix/elixir-1.4.5" />
    <property name="java.vm.vendor" value="Oracle Corporation" />
    <property name="env.TRAVIS_TAG" value="nightly" />
    <property name="env.TRAVIS_FILTERED" value="redirect_io" />
    <property name="javadoc.excludepackagenames" value="adm.cvs2svn.*,build.*,config.*,doc.coding.templates.*,jni.test.jni.meaningOfLife.*,jni.test.jni.testDeux.*,jni.test.jni.testTrois.*,org.terraswarm.accessor.accessors.web.node_modules.*,org.terraswarm.accessor.accessors.web.hosts.cordova.demo.*,org.terraswarm.accessor.accessors.web.hosts.cordova.plugins.*,org.terraswarm.accessor.accessors-svn.*,pt-modules.*,ptolemy.apps.agilent.*,ptolemy.apps.anytimecontrol.*,ptolemy.apps.apes.*,ptolemy.apps.charon.*,ptolemy.apps.crazyboard.*,ptolemy.apps.eclipse.*,ptolemy.apps.etherealSting.*,ptolemy.apps.fullscreen.*,ptolemy.apps.giotto.*,ptolemy.apps.ia.*,ptolemy.apps.interfaces.*,ptolemy.apps.jmf.*,ptolemy.apps.kurt.*,ptolemy.apps.kvm.*,ptolemy.apps.lego.*,ptolemy.apps.lejos.*,ptolemy.apps.midp.*,ptolemy.apps.mobileCoding.*,ptolemy.apps.pendulum.*,ptolemy.apps.rijndael.*,ptolemy.apps.robot.*,ptolemy.apps.security.*,ptolemy.apps.sobel.*,ptolemy.apps.soot.*,ptolemy.apps.throttle.*,ptolemy.apps.tini.*,ptolemy.apps.transmission.*,ptolemy.apps.vergil.*,ptolemy.apps.waba.*,ptolemy.apps.websensor.*,ptolemy.apps.webstart.*,ptolemy.apps.xsl.*,ptolemy.apps.zaurus.*,ptolemy.backtrack.eclipse.plugin.*,ptolemy.backtrack.test.*,ptolemy.codegen.c.actor.lib.oldJavaFiles.*,ptolemy.codegen.dsp.lib.*,ptolemy.codegen.kernel.newInterfaces.*,ptolemy.codegen.lib.*,ptolemy.copernicus.kernel.fragment.*,ptolemy.copernicus.shallow.cg.*,ptolemy.domains.giotto.demo.Hierarchy.Hierarchy.*,ptolemy.domains.giotto.demo.Multimode.Multimode.*,ptolemy.domains.giotto.demo.Simple.Simple.*,ptolemy.domains.gr.lib.experimental.*,ptolemy.domains.gro.*,ptolemy.domains.pdf.*,ptolemy.domains.ptinyos.demo.Surge.output.*,ptolemy.moml.test.NoPackageActor.java*,ptolemy.plot.adm.*,ptolemy.plot.servlet.*,reports.*,signed.*,src.*,target.*,vendors.*,ptolemy.cg.adapter.generic.program.procedural.c.mbed*,ptolemy.actor.lib.fmi.fmus.omc*,ptolemy.domains.openmodelica*,ptdb.kernel.bl.save.test.*,ptdb.kernel.bl.load.test.*,ptdb.kernel.bl.search.test.*,ptdb.kernel.bl.migration.test.*,ptdb.kernel.database.test.*,ptdb.test.*,ptdb.gui.test.*,org.ptolemy.scala.*,diva.util.java2d.svg.*,ptolemy.domains.ptinyos.*,ptolemy.actor.lib.fmi.fmipp.*,,org.terraswarm.accessor.accessors.web.node_modules.*,org.terraswarm.accessor.accessors-svn,ptolemy.actor.ptalon.demo.ptinyos.SendAndReceiveCnt.output,ptolemy.actor.ptalon.demo.ptinyos.SenseToLeds.output,ptolemy.domains.ptinyos.demo.CntToLedsAndRfm.output,ptolemy.domains.ptinyos.demo.RfmToLeds.output,ptolemy.domains.ptinyos.demo.SendAndReceiveCnt.output,ptolemy.domains.ptinyos.demo.SenseToLeds.output" />
    <property name="env.JAVA_HOME" value="/usr/lib/jvm/java-8-oracle" />
    <property name="env.PTII" value="/home/travis/build/icyphy/ptII" />
    <property name="env.TRAVIS_COMMIT_MESSAGE" value="Merge branch &apos;master&apos; of https://github.com/icyphy/ptII" />
    <property name="keystore" value="ptKeystore" />
    <property name="env.XDG_SESSION_ID" value="2" />
    <property name="junit.output.dir" value="/home/travis/build/icyphy/ptII/reports/junit" />
    <property name="npm.return.code" value="0" />
    <property name="user.dir" value="/home/travis/build/icyphy/ptII/ptolemy/actor/lib/test" />
    <property name="env.TRAVIS_NODE_VERSION" value="7" />
    <property name="env.XFILESEARCHPATH" value="/usr/dt/app-defaults/%L/Dt" />
    <property name="env.TRAVIS_EVENT_TYPE" value="push" />
    <property name="env.MAIL" value="/var/mail/travis" />
    <property name="env.PWD" value="/home/travis/build/icyphy/ptII" />
    <property name="env.PERLBREW_ROOT" value="/home/travis/perl5/perlbrew" />
    <property name="timeout.npm" value="45000" />
    <property name="env.PAGER" value="cat" />
    <property name="sun.cpu.endian" value="little" />
    <property name="env.TRAVIS_BUILD_STAGE_NAME" value="Test" />
    <property name="env.PERLBREW_HOME" value="/home/travis/.perlbrew" />
    <property name="env.RAILS_ENV" value="test" />
    <property name="java.vm.version" value="25.151-b12" />
    <property name="java.class.path" value="/home/travis/.ptolemyII:/home/travis/.ptolemyII/*:/home/travis/build/icyphy/ptII:/home/travis/build/icyphy/ptII/lib/bsh-2.0b4.jar:/home/travis/build/icyphy/ptII/lib/ptCal.jar:/home/travis/build/icyphy/ptII/lib/java_cup.jar:/home/travis/build/icyphy/ptII/lib/saxon8.jar:/home/travis/build/icyphy/ptII/lib/saxon8-dom.jar:/home/travis/build/icyphy/ptII/lib/chic.jar:/home/travis/build/icyphy/ptII/lib/ptcolt.jar:/usr/lib/jvm/java-8-oracle/lib/tools.jar:/usr/lib/eclipse/plugins/org.eclipse.jdt.core_3.8.2.dist.jar:/usr/lib/eclipse/plugins/org.eclipse.core.runtime_3.8.0.dist.jar:/usr/lib/eclipse/plugins/org.eclipse.osgi_3.8.1.dist.jar:/usr/lib/eclipse/plugins/org.eclipse.core.resources_3.8.1.dist.jar:/usr/lib/eclipse/plugins/org.eclipse.equinox.common_3.6.100.dist.jar:/usr/lib/eclipse/plugins/org.eclipse.core.jobs_3.5.200.dist.jar:/usr/lib/eclipse/plugins/org.eclipse.core.contenttype_3.4.200.dist.jar:/usr/lib/eclipse/plugins/org.eclipse.equinox.preferences_3.5.0.dist.jar:/usr/lib/eclipse/plugins/org.eclipse.text_3.5.200.dist.jar:/usr/lib/eclipse/plugins/org.eclipse.ui.workbench_3.8.1.dist.jar:/usr/lib/eclipse/plugins/org.eclipse.jface_3.8.0.dist.jar:/usr/lib/eclipse/plugins/org.eclipse.swt_3.8.2.jar:/usr/lib/eclipse/plugins/org.eclipse.jface.text_3.8.1.dist.jar:/usr/lib/eclipse/plugins/org.eclipse.ui.workbench.texteditor_3.8.0.dist.jar:/usr/lib/eclipse/plugins/org.eclipse.ui.editors_3.8.0.dist.jar:/usr/lib/eclipse/plugins/org.eclipse.core.commands_3.6.1.dist.jar:/usr/lib/eclipse/plugins/org.eclipse.equinox.registry_3.5.200.dist.jar:/usr/lib/eclipse/plugins/org.eclipse.ui.console_3.5.100.dist.jar:/usr/lib/eclipse/plugins/org.eclipse.ui.forms_3.5.200.dist.jar:/usr/lib/eclipse/plugins/org.eclipse.ui.ide_3.8.1.dist.jar:/home/travis/build/icyphy/ptII/vendors/oracle/dbxml.jar:/home/travis/build/icyphy/ptII/vendors/oracle/db.jar:/home/travis/build/icyphy/ptII/vendors/misc/itext/iText.jar:/home/travis/build/icyphy/ptII/lib/g4ltl.jar:/home/travis/build/icyphy/ptII/lib/StructuralCoder.jar:/home/travis/build/icyphy/ptII/lib/org-openide-util.jar:/home/travis/build/icyphy/ptII/lib/org-openide-util-lookup.jar:/home/travis/build/icyphy/ptII/lib/org-netbeans-api-visual.jar:/home/travis/build/icyphy/ptII/vendors/jai-1_1_2_01/lib/jai_core.jar:/home/travis/build/icyphy/ptII/vendors/jai-1_1_2_01/lib/jai_codec.jar:/home/travis/build/icyphy/ptII/lib/jcerti.jar:/home/travis/build/icyphy/ptII/lib/smack.jar:/home/travis/build/icyphy/ptII/lib/smackx.jar:/home/travis/build/icyphy/ptII/lib/jetty-all-8.1.5-v20120716.jar:/home/travis/build/icyphy/ptII/lib/javax.servlet-api-3.0.1.jar:/home/travis/build/icyphy/ptII/lib/javax.mail.jar:/home/travis/build/icyphy/ptII/vendors/JMF-2.1.1e/lib/jmf.jar:/home/travis/build/icyphy/ptII/lib/jna-4.0.0-variadic.jar:/home/travis/build/icyphy/ptII/vendors/misc/joystick/Joystick.jar:/home/travis/build/icyphy/ptII/lib/ptjacl.jar:/home/travis/build/icyphy/ptII/lib/jsoup-1.8.2.jar:/home/travis/build/icyphy/ptII/lib/junit-4.8.2.jar:/home/travis/build/icyphy/ptII/lib/JUnitParams-0.4.0.jar:/home/travis/build/icyphy/ptII/ptolemy/actor/lib/excel/jxl.jar:/home/travis/build/icyphy/ptII/lib/jython.jar:/home/travis/build/icyphy/ptII/lib/kieler.jar:/home/travis/build/icyphy/ptII/vendors/opencv/share/OpenCV/java/opencv-341.jar:/home/travis/build/icyphy/ptII/lib/oscP5.jar:/home/travis/build/icyphy/ptII/lib/nrjavaserial-3.11.0.devel.jar:/usr/share/java/j3dcore.jar:/usr/share/java/j3dutils.jar:/usr/share/java/vecmath.jar:/home/travis/build/icyphy/ptII/ptolemy/distributed/jini/jar/jini-core.jar:/home/travis/build/icyphy/ptII/ptolemy/distributed/jini/jar/jini-ext.jar:/home/travis/build/icyphy/ptII/ptolemy/distributed/jini/jar/sun-util.jar:/home/travis/build/icyphy/ptII/lib/protobuf-java-2.4.1.jar:/home/travis/build/icyphy/ptII/lib/org.eclipse.paho.client.mqttv3.jar:/home/travis/build/icyphy/ptII/ptserver/lib/hessian-4.0.7.jar:/home/travis/build/icyphy/ptII/ptserver/lib/wmqtt.jar:/home/travis/build/icyphy/ptII/lib/mapss.jar:/home/travis/build/icyphy/ptII/ptolemy/actor/ptalon/antlr/antlr.jar:/home/travis/build/icyphy/ptII/lib/JRI.jar:/home/travis/build/icyphy/ptII/lib/commons-lang-2.6.jar:/home/travis/build/icyphy/ptII/lib/commons-logging-1.1.1.jar:/home/travis/build/icyphy/ptII/lib/sootclasses.jar:/home/travis/build/icyphy/ptII/ptolemy/actor/lib/database/mysql-connector-java-5.1.6-bin.jar:/home/travis/build/icyphy/ptII/vendors/misc/sphinx4/sphinx4-data-5prealpha.jar:/home/travis/build/icyphy/ptII/vendors/misc/sphinx4/sphinx4-core-5prealpha.jar:/home/travis/build/icyphy/ptII/lib/PDFRenderer.jar:/home/travis/build/icyphy/ptII/lib/svgSalamander.jar:/home/travis/build/icyphy/ptII/lib/rsyntaxtextarea-2.6.0-SNAPSHOT.jar:/home/travis/build/icyphy/ptII/lib/hazelcast-3.8.2.jar:/home/travis/build/icyphy/ptII/lib/jackson-annotations-2.9.0.jar:/home/travis/build/icyphy/ptII/lib/jackson-core-2.9.3.jar:/home/travis/build/icyphy/ptII/lib/jackson-databind-2.9.3.jar:/home/travis/build/icyphy/ptII/lib/netty-buffer-4.1.19.Final.jar:/home/travis/build/icyphy/ptII/lib/netty-codec-4.1.19.Final.jar:/home/travis/build/icyphy/ptII/lib/netty-codec-dns-4.1.19.Final.jar:/home/travis/build/icyphy/ptII/lib/netty-codec-http-4.1.19.Final.jar:/home/travis/build/icyphy/ptII/lib/netty-codec-http2-4.1.19.Final.jar:/home/travis/build/icyphy/ptII/lib/netty-common-4.1.19.Final.jar:/home/travis/build/icyphy/ptII/lib/netty-handler-4.1.19.Final.jar:/home/travis/build/icyphy/ptII/lib/netty-resolver-4.1.19.Final.jar:/home/travis/build/icyphy/ptII/lib/netty-resolver-dns-4.1.19.Final.jar:/home/travis/build/icyphy/ptII/lib/netty-transport-4.1.19.Final.jar:/home/travis/build/icyphy/ptII/lib/vertx-codegen-3.5.1.jar:/home/travis/build/icyphy/ptII/lib/vertx-core-3.5.2-SNAPSHOT.jar:/home/travis/build/icyphy/ptII/lib/vertx-hazelcast-3.5.1.jar:/home/travis/build/icyphy/ptII/lib/vertx-lang-js-3.5.1.jar:/home/travis/build/icyphy/ptII/lib/vertx-service-proxy-3.5.1.jar:/home/travis/build/icyphy/ptII/lib/vertx-web-3.5.1.jar:/home/travis/build/icyphy/ptII/lib/slf4j-api-1.7.13.jar:/home/travis/build/icyphy/ptII/lib/slf4j-simple-1.7.13.jar:/home/travis/build/icyphy/ptII/lib/webcam-capture-0.3.12.jar:/home/travis/build/icyphy/ptII/lib/bridj-0.7.0.jar:/home/travis/build/icyphy/ptII/lib/xbjlib-1.1.0.nrjavaserial.jar:/home/travis/build/icyphy/ptII/ptolemy/moml/test:/home/travis/build/icyphy/ptII/ant/lib/ant-launcher.jar:/home/travis/build/icyphy/ptII/ant/lib/ant.jar:/home/travis/build/icyphy/ptII/ant/lib/ant-junit.jar:/home/travis/build/icyphy/ptII/ant/lib/ant-junit4.jar" />
    <property name="ant.library.dir" value="/home/travis/build/icyphy/ptII/ant/lib" />
    <property name="os.arch" value="amd64" />
    <property name="env.TRAVIS_LANGUAGE" value="node_js" />
    <property name="env.CONTINUOUS_INTEGRATION" value="true" />
    <property name="env.TRAVIS_STACK_LANGUAGES" value="__garnet__ c c++ clojure cplusplus cpp default go groovy java node_js php pure_java python ruby scala" />
    <property name="test.name" value="ptolemy.actor.lib.test.junit.JUnitTclTest" />
    <property name="sun.java.launcher" value="SUN_STANDARD" />
    <property name="env.PYTHON_CONFIGURE_OPTS" value="--enable-unicode=ucs4 --with-wide-unicode --enable-shared --enable-ipv6 --enable-loadable-sqlite-extensions --with-computed-gotos" />
    <property name="ant.core.lib" value="/home/travis/build/icyphy/ptII/ant/lib/ant.jar" />
    <property name="java.vm.specification.vendor" value="Oracle Corporation" />
    <property name="env.BCVTB_HOME" value="/home/travis/build/icyphy/ptII/lbnl" />
    <property name="file.separator" value="/" />
    <property name="java.runtime.version" value="1.8.0_151-b12" />
    <property name="spotbugs.home" value="/home/travis/build/icyphy/ptII/vendors/spotbugs-3.1.1" />
    <property name="sun.boot.class.path" value="/usr/lib/jvm/java-8-oracle/jre/lib/resources.jar:/usr/lib/jvm/java-8-oracle/jre/lib/rt.jar:/usr/lib/jvm/java-8-oracle/jre/lib/sunrsasign.jar:/usr/lib/jvm/java-8-oracle/jre/lib/jsse.jar:/usr/lib/jvm/java-8-oracle/jre/lib/jce.jar:/usr/lib/jvm/java-8-oracle/jre/lib/charsets.jar:/usr/lib/jvm/java-8-oracle/jre/lib/jfr.jar:/usr/lib/jvm/java-8-oracle/jre/classes" />
    <property name="env.HAS_JOSH_K_SEAL_OF_APPROVAL" value="true" />
    <property name="env.TRAVIS_OSX_IMAGE" value="" />
    <property name="env.XDG_RUNTIME_DIR" value="/run/user/2000" />
    <property name="env.TRAVIS_BRANCH" value="master" />
    <property name="env.TRAVIS_JOB_ID" value="388504861" />
    <property name="env.CERTI_HOME_TRAVIS" value="/home/travis/pthla/certi-tools" />
    <property name="user.country" value="US" />
    <property name="env.SHELL" value="/bin/bash" />
    <property name="java.maxmemory.large" value="5000m" />
    <property name="model" value="" />
    <property name="env.CASHER_DIR" value="/home/travis/.casher" />
    <property name="env.NVM_CD_FLAGS" value="" />
    <property name="jshint.executable" value="/home/travis/node_modules/jshint/bin/jshint" />
    <property name="java.vendor" value="Oracle Corporation" />
    <property name="env.JRUBY_OPTS" value=" --client -J-XX:+TieredCompilation -J-XX:TieredStopAtLevel=1 -J-Xss2m -Xcompile.invokedynamic=false" />
    <property name="env.TRAVIS_PRE_CHEF_BOOTSTRAP_TIME" value="2017-12-05T19:32:55" />
    <property name="env.TRAVIS_STACK_JOB_BOARD_REGISTER" value="/.job-board-register.yml" />
    <property name="env.ELIXIR_VERSION" value="1.4.5" />
    <property name="java.specification.version" value="1.8" />
    <property name="env.IRBRC" value="/home/travis/.rvm/rubies/ruby-2.4.1/.irbrc" />
    <property name="env.TRAVIS" value="true" />
    <property name="sun.arch.data.model" value="64" />
  </properties>
  <testcase classname="ptolemy.util.test.junit.TclTests" name="[0] /home/travis/build/icyphy/ptII/ptolemy/actor/lib/test/AbsoluteValue.tcl (RunTclFile)" time="0.459" />
  <testcase classname="ptolemy.util.test.junit.TclTests" name="[1] /home/travis/build/icyphy/ptII/ptolemy/actor/lib/test/AddSubtract.tcl (RunTclFile)" time="0.076" />
  <testcase classname="ptolemy.util.test.junit.TclTests" name="[2] /home/travis/build/icyphy/ptII/ptolemy/actor/lib/test/Average.tcl (RunTclFile)" time="0.028" />
  <testcase classname="ptolemy.util.test.junit.TclTests" name="[3] /home/travis/build/icyphy/ptII/ptolemy/actor/lib/test/Bernoulli.tcl (RunTclFile)" time="0.034" />
  <testcase classname="ptolemy.util.test.junit.TclTests" name="[4] /home/travis/build/icyphy/ptII/ptolemy/actor/lib/test/Clock.tcl (RunTclFile)" time="0.082" />
  <testcase classname="ptolemy.util.test.junit.TclTests" name="[5] /home/travis/build/icyphy/ptII/ptolemy/actor/lib/test/Commutator.tcl (RunTclFile)" time="0.107" />
  <testcase classname="ptolemy.util.test.junit.TclTests" name="[6] /home/travis/build/icyphy/ptII/ptolemy/actor/lib/test/Const.tcl (RunTclFile)" time="0.123" />
  <testcase classname="ptolemy.util.test.junit.TclTests" name="[7] /home/travis/build/icyphy/ptII/ptolemy/actor/lib/test/CurrentTime.tcl (RunTclFile)" time="0.038" />
  <testcase classname="ptolemy.util.test.junit.TclTests" name="[8] /home/travis/build/icyphy/ptII/ptolemy/actor/lib/test/DB.tcl (RunTclFile)" time="0.046" />
  <testcase classname="ptolemy.util.test.junit.TclTests" name="[9] /home/travis/build/icyphy/ptII/ptolemy/actor/lib/test/DiscreteRandomSource.tcl (RunTclFile)" time="0.045" />
  <testcase classname="ptolemy.util.test.junit.TclTests" name="[10] /home/travis/build/icyphy/ptII/ptolemy/actor/lib/test/Distributor.tcl (RunTclFile)" time="0.064" />
  <testcase classname="ptolemy.util.test.junit.TclTests" name="[11] /home/travis/build/icyphy/ptII/ptolemy/actor/lib/test/Exit.tcl (RunTclFile)" time="0.052" />
  <testcase classname="ptolemy.util.test.junit.TclTests" name="[12] /home/travis/build/icyphy/ptII/ptolemy/actor/lib/test/Expression.tcl (RunTclFile)" time="0.061" />
  <testcase classname="ptolemy.util.test.junit.TclTests" name="[13] /home/travis/build/icyphy/ptII/ptolemy/actor/lib/test/Gaussian.tcl (RunTclFile)" time="1.034" />
  <testcase classname="ptolemy.util.test.junit.TclTests" name="[14] /home/travis/build/icyphy/ptII/ptolemy/actor/lib/test/IIR.tcl (RunTclFile)" time="0.041" />
  <testcase classname="ptolemy.util.test.junit.TclTests" name="[15] /home/travis/build/icyphy/ptII/ptolemy/actor/lib/test/Interpolator.tcl (RunTclFile)" time="0.074" />
  <testcase classname="ptolemy.util.test.junit.TclTests" name="[16] /home/travis/build/icyphy/ptII/ptolemy/actor/lib/test/MathFunction.tcl (RunTclFile)" time="0.081" />
  <testcase classname="ptolemy.util.test.junit.TclTests" name="[17] /home/travis/build/icyphy/ptII/ptolemy/actor/lib/test/Maximum.tcl (RunTclFile)" time="0.038" />
  <testcase classname="ptolemy.util.test.junit.TclTests" name="[18] /home/travis/build/icyphy/ptII/ptolemy/actor/lib/test/Minimum.tcl (RunTclFile)" time="0.037" />
  <testcase classname="ptolemy.util.test.junit.TclTests" name="[19] /home/travis/build/icyphy/ptII/ptolemy/actor/lib/test/MultiplyDivide.tcl (RunTclFile)" time="0.046" />
  <testcase classname="ptolemy.util.test.junit.TclTests" name="[20] /home/travis/build/icyphy/ptII/ptolemy/actor/lib/test/OrderedMerge.tcl (RunTclFile)" time="0.084" />
  <testcase classname="ptolemy.util.test.junit.TclTests" name="[21] /home/travis/build/icyphy/ptII/ptolemy/actor/lib/test/Publisher.tcl (RunTclFile)" time="0.582" />
  <testcase classname="ptolemy.util.test.junit.TclTests" name="[22] /home/travis/build/icyphy/ptII/ptolemy/actor/lib/test/Pulse.tcl (RunTclFile)" time="0.047" />
  <testcase classname="ptolemy.util.test.junit.TclTests" name="[23] /home/travis/build/icyphy/ptII/ptolemy/actor/lib/test/Ramp.tcl (RunTclFile)" time="1.874" />
  <testcase classname="ptolemy.util.test.junit.TclTests" name="[24] /home/travis/build/icyphy/ptII/ptolemy/actor/lib/test/RampContinuous.tcl (RunTclFile)" time="0.026" />
  <testcase classname="ptolemy.util.test.junit.TclTests" name="[25] /home/travis/build/icyphy/ptII/ptolemy/actor/lib/test/RecordAssembler.tcl (RunTclFile)" time="0.021" />
  <testcase classname="ptolemy.util.test.junit.TclTests" name="[26] /home/travis/build/icyphy/ptII/ptolemy/actor/lib/test/RecordDisassembler.tcl (RunTclFile)" time="0.025" />
  <testcase classname="ptolemy.util.test.junit.TclTests" name="[27] /home/travis/build/icyphy/ptII/ptolemy/actor/lib/test/Scale.tcl (RunTclFile)" time="0.017" />
  <testcase classname="ptolemy.util.test.junit.TclTests" name="[28] /home/travis/build/icyphy/ptII/ptolemy/actor/lib/test/SequentialClock.tcl (RunTclFile)" time="0.012" />
  <testcase classname="ptolemy.util.test.junit.TclTests" name="[29] /home/travis/build/icyphy/ptII/ptolemy/actor/lib/test/SetVariable.tcl (RunTclFile)" time="0.013" />
  <testcase classname="ptolemy.util.test.junit.TclTests" name="[30] /home/travis/build/icyphy/ptII/ptolemy/actor/lib/test/Sinewave.tcl (RunTclFile)" time="0.026" />
  <testcase classname="ptolemy.util.test.junit.TclTests" name="[31] /home/travis/build/icyphy/ptII/ptolemy/actor/lib/test/SubscriptionAggregator.tcl (RunTclFile)" time="2.166" />
  <testcase classname="ptolemy.util.test.junit.TclTests" name="[32] /home/travis/build/icyphy/ptII/ptolemy/actor/lib/test/Test.tcl (RunTclFile)" time="0.124" />
  <testcase classname="ptolemy.util.test.junit.TclTests" name="[33] /home/travis/build/icyphy/ptII/ptolemy/actor/lib/test/TestExceptionHandler.tcl (RunTclFile)" time="0.009" />
  <testcase classname="ptolemy.util.test.junit.TclTests" name="[34] /home/travis/build/icyphy/ptII/ptolemy/actor/lib/test/UnionDisassembler.tcl (RunTclFile)" time="0.036" />
  <testcase classname="ptolemy.util.test.junit.TclTests" name="[35] /home/travis/build/icyphy/ptII/ptolemy/actor/lib/test/VariableClock.tcl (RunTclFile)" time="0.023" />
  <testcase classname="ptolemy.util.test.junit.AutoKnownFailedTests" name="[0] /home/travis/build/icyphy/ptII/ptolemy/actor/lib/test/auto/knownFailedTests/PublisherPortToplevelSubscriber.xml (RunModel)" time="0.05" />
  <testcase classname="ptolemy.util.test.junit.AutoKnownFailedTests" name="[1] /home/travis/build/icyphy/ptII/ptolemy/actor/lib/test/auto/knownFailedTests/PublisherSubscriberPortToplevel.xml (RunModel)" time="0.032" />
  <testcase classname="ptolemy.util.test.junit.AutoKnownFailedTests" name="[2] /home/travis/build/icyphy/ptII/ptolemy/actor/lib/test/auto/knownFailedTests/PublisherSubscriptionAggregatorPort.xml (RunModel)" time="0.025" />
  <testcase classname="ptolemy.util.test.junit.AutoKnownFailedTests" name="[3] /home/travis/build/icyphy/ptII/ptolemy/actor/lib/test/auto/knownFailedTests/sizedarray3.xml (RunModel)" time="0.033" />
  <testcase classname="ptolemy.util.test.junit.AutoNameArchTests" name="[0] ThereAreNoAutoArchTests (RunModel)" time="0.001" />
  <testcase classname="ptolemy.util.test.junit.AutoTests" name="[0] /home/travis/build/icyphy/ptII/ptolemy/actor/lib/test/auto/AbsoluteValue.xml (RunModel)" time="0.099" />
  <testcase classname="ptolemy.util.test.junit.AutoTests" name="[1] /home/travis/build/icyphy/ptII/ptolemy/actor/lib/test/auto/AbsoluteValue2.xml (RunModel)" time="0.056" />
  <testcase classname="ptolemy.util.test.junit.AutoTests" name="[2] /home/travis/build/icyphy/ptII/ptolemy/actor/lib/test/auto/Accumulator.xml (RunModel)" time="0.06" />
  <testcase classname="ptolemy.util.test.junit.AutoTests" name="[3] /home/travis/build/icyphy/ptII/ptolemy/actor/lib/test/auto/Accumulator2.xml (RunModel)" time="0.041" />
  <testcase classname="ptolemy.util.test.junit.AutoTests" name="[4] /home/travis/build/icyphy/ptII/ptolemy/actor/lib/test/auto/Accumulator3.xml (RunModel)" time="0.038" />
  <testcase classname="ptolemy.util.test.junit.AutoTests" name="[5] /home/travis/build/icyphy/ptII/ptolemy/actor/lib/test/auto/ArrayAppend.xml (RunModel)" time="0.046" />
  <testcase classname="ptolemy.util.test.junit.AutoTests" name="[6] /home/travis/build/icyphy/ptII/ptolemy/actor/lib/test/auto/ArrayAppend2.xml (RunModel)" time="0.26" />
  <testcase classname="ptolemy.util.test.junit.AutoTests" name="[7] /home/travis/build/icyphy/ptII/ptolemy/actor/lib/test/auto/ArrayAppend3.xml (RunModel)" time="0.026" />
  <testcase classname="ptolemy.util.test.junit.AutoTests" name="[8] /home/travis/build/icyphy/ptII/ptolemy/actor/lib/test/auto/ArrayAppend4.xml (RunModel)" time="0.037" />
  <testcase classname="ptolemy.util.test.junit.AutoTests" name="[9] /home/travis/build/icyphy/ptII/ptolemy/actor/lib/test/auto/ArrayAppend5.xml (RunModel)" time="0.039" />
  <testcase classname="ptolemy.util.test.junit.AutoTests" name="[10] /home/travis/build/icyphy/ptII/ptolemy/actor/lib/test/auto/ArrayAppend6.xml (RunModel)" time="0.019" />
  <testcase classname="ptolemy.util.test.junit.AutoTests" name="[11] /home/travis/build/icyphy/ptII/ptolemy/actor/lib/test/auto/ArrayAppendPerformanceTest.xml (RunModel)" time="0.075" />
  <testcase classname="ptolemy.util.test.junit.AutoTests" name="[12] /home/travis/build/icyphy/ptII/ptolemy/actor/lib/test/auto/ArrayAppendWithEmptyInput.xml (RunModel)" time="0.043" />
  <testcase classname="ptolemy.util.test.junit.AutoTests" name="[13] /home/travis/build/icyphy/ptII/ptolemy/actor/lib/test/auto/ArrayAverage.xml (RunModel)" time="0.068" />
  <testcase classname="ptolemy.util.test.junit.AutoTests" name="[14] /home/travis/build/icyphy/ptII/ptolemy/actor/lib/test/auto/ArrayContains.xml (RunModel)" time="0.027" />
  <testcase classname="ptolemy.util.test.junit.AutoTests" name="[15] /home/travis/build/icyphy/ptII/ptolemy/actor/lib/test/auto/ArrayElement.xml (RunModel)" time="0.026" />
  <testcase classname="ptolemy.util.test.junit.AutoTests" name="[16] /home/travis/build/icyphy/ptII/ptolemy/actor/lib/test/auto/ArrayElementAsMatrix.xml (RunModel)" time="0.117" />
  <testcase classname="ptolemy.util.test.junit.AutoTests" name="[17] /home/travis/build/icyphy/ptII/ptolemy/actor/lib/test/auto/ArrayElementI.xml (RunModel)" time="0.018" />
  <testcase classname="ptolemy.util.test.junit.AutoTests" name="[18] /home/travis/build/icyphy/ptII/ptolemy/actor/lib/test/auto/ArrayExtract.xml (RunModel)" time="0.032" />
  <testcase classname="ptolemy.util.test.junit.AutoTests" name="[19] /home/travis/build/icyphy/ptII/ptolemy/actor/lib/test/auto/ArrayExtract2.xml (RunModel)" time="0.016" />
  <testcase classname="ptolemy.util.test.junit.AutoTests" name="[20] /home/travis/build/icyphy/ptII/ptolemy/actor/lib/test/auto/ArrayLength.xml (RunModel)" time="0.029" />
  <testcase classname="ptolemy.util.test.junit.AutoTests" name="[21] /home/travis/build/icyphy/ptII/ptolemy/actor/lib/test/auto/ArrayLevelCrossing.xml (RunModel)" time="0.036" />
  <testcase classname="ptolemy.util.test.junit.AutoTests" name="[22] /home/travis/build/icyphy/ptII/ptolemy/actor/lib/test/auto/ArrayLevelCrossing2.xml (RunModel)" time="0.028" />
  <testcase classname="ptolemy.util.test.junit.AutoTests" name="[23] /home/travis/build/icyphy/ptII/ptolemy/actor/lib/test/auto/ArrayPeakSearch.xml (RunModel)" time="0.027" />
  <testcase classname="ptolemy.util.test.junit.AutoTests" name="[24] /home/travis/build/icyphy/ptII/ptolemy/actor/lib/test/auto/ArrayPeakSearch2.xml (RunModel)" time="0.044" />
  <testcase classname="ptolemy.util.test.junit.AutoTests" name="[25] /home/travis/build/icyphy/ptII/ptolemy/actor/lib/test/auto/ArrayPeakSearch3.xml (RunModel)" time="0.029" />
  <testcase classname="ptolemy.util.test.junit.AutoTests" name="[26] /home/travis/build/icyphy/ptII/ptolemy/actor/lib/test/auto/ArrayRemoveElement.xml (RunModel)" time="0.026" />
  <testcase classname="ptolemy.util.test.junit.AutoTests" name="[27] /home/travis/build/icyphy/ptII/ptolemy/actor/lib/test/auto/ArraySort.xml (RunModel)" time="0.039" />
  <testcase classname="ptolemy.util.test.junit.AutoTests" name="[28] /home/travis/build/icyphy/ptII/ptolemy/actor/lib/test/auto/ArraySum.xml (RunModel)" time="0.022" />
  <testcase classname="ptolemy.util.test.junit.AutoTests" name="[29] /home/travis/build/icyphy/ptII/ptolemy/actor/lib/test/auto/ArrayToElements.xml (RunModel)" time="0.022" />
  <testcase classname="ptolemy.util.test.junit.AutoTests" name="[30] /home/travis/build/icyphy/ptII/ptolemy/actor/lib/test/auto/ArrayToMatrix.xml (RunModel)" time="0.054" />
  <testcase classname="ptolemy.util.test.junit.AutoTests" name="[31] /home/travis/build/icyphy/ptII/ptolemy/actor/lib/test/auto/ArrayUpdate1.xml (RunModel)" time="0.016" />
  <testcase classname="ptolemy.util.test.junit.AutoTests" name="[32] /home/travis/build/icyphy/ptII/ptolemy/actor/lib/test/auto/ArrayUpdate2.xml (RunModel)" time="0.021" />
  <testcase classname="ptolemy.util.test.junit.AutoTests" name="[33] /home/travis/build/icyphy/ptII/ptolemy/actor/lib/test/auto/ArrayUpdate3.xml (RunModel)" time="0.024" />
  <testcase classname="ptolemy.util.test.junit.AutoTests" name="[34] /home/travis/build/icyphy/ptII/ptolemy/actor/lib/test/auto/Assert1.xml (RunModel)" time="0.025" />
  <testcase classname="ptolemy.util.test.junit.AutoTests" name="[35] /home/travis/build/icyphy/ptII/ptolemy/actor/lib/test/auto/Assert2.xml (RunModel)" time="0.012" />
  <testcase classname="ptolemy.util.test.junit.AutoTests" name="[36] /home/travis/build/icyphy/ptII/ptolemy/actor/lib/test/auto/BooleanMultiplexor.xml (RunModel)" time="0.017" />
  <testcase classname="ptolemy.util.test.junit.AutoTests" name="[37] /home/travis/build/icyphy/ptII/ptolemy/actor/lib/test/auto/BooleanMultiplexor2.xml (RunModel)" time="0.035" />
  <testcase classname="ptolemy.util.test.junit.AutoTests" name="[38] /home/travis/build/icyphy/ptII/ptolemy/actor/lib/test/auto/BooleanMultiplexor3.xml (RunModel)" time="0.02" />
  <testcase classname="ptolemy.util.test.junit.AutoTests" name="[39] /home/travis/build/icyphy/ptII/ptolemy/actor/lib/test/auto/BooleanSelect.xml (RunModel)" time="0.023" />
  <testcase classname="ptolemy.util.test.junit.AutoTests" name="[40] /home/travis/build/icyphy/ptII/ptolemy/actor/lib/test/auto/BooleanSelect2.xml (RunModel)" time="0.014" />
  <testcase classname="ptolemy.util.test.junit.AutoTests" name="[41] /home/travis/build/icyphy/ptII/ptolemy/actor/lib/test/auto/BooleanSwitch.xml (RunModel)" time="0.023" />
  <testcase classname="ptolemy.util.test.junit.AutoTests" name="[42] /home/travis/build/icyphy/ptII/ptolemy/actor/lib/test/auto/BooleanSwitch2.xml (RunModel)" time="0.01" />
  <testcase classname="ptolemy.util.test.junit.AutoTests" name="[43] /home/travis/build/icyphy/ptII/ptolemy/actor/lib/test/auto/BooleanSwitchCloningBugWithClassRelationGroup.xml (RunModel)" time="0.02" />
  <testcase classname="ptolemy.util.test.junit.AutoTests" name="[44] /home/travis/build/icyphy/ptII/ptolemy/actor/lib/test/auto/BusActors.xml (RunModel)" time="0.034" />
  <testcase classname="ptolemy.util.test.junit.AutoTests" name="[45] /home/travis/build/icyphy/ptII/ptolemy/actor/lib/test/auto/ClassWrapper.xml (RunModel)" time="0.011" />
  <testcase classname="ptolemy.util.test.junit.AutoTests" name="[46] /home/travis/build/icyphy/ptII/ptolemy/actor/lib/test/auto/Clock.xml (RunModel)" time="0.022" />
  <testcase classname="ptolemy.util.test.junit.AutoTests" name="[47] /home/travis/build/icyphy/ptII/ptolemy/actor/lib/test/auto/Clock10.xml (RunModel)" time="0.017" />
  <testcase classname="ptolemy.util.test.junit.AutoTests" name="[48] /home/travis/build/icyphy/ptII/ptolemy/actor/lib/test/auto/Clock11.xml (RunModel)" time="0.021" />
  <testcase classname="ptolemy.util.test.junit.AutoTests" name="[49] /home/travis/build/icyphy/ptII/ptolemy/actor/lib/test/auto/Clock12.xml (RunModel)" time="0.018" />
  <testcase classname="ptolemy.util.test.junit.AutoTests" name="[50] /home/travis/build/icyphy/ptII/ptolemy/actor/lib/test/auto/Clock13.xml (RunModel)" time="0.02" />
  <testcase classname="ptolemy.util.test.junit.AutoTests" name="[51] /home/travis/build/icyphy/ptII/ptolemy/actor/lib/test/auto/Clock14.xml (RunModel)" time="0.024" />
  <testcase classname="ptolemy.util.test.junit.AutoTests" name="[52] /home/travis/build/icyphy/ptII/ptolemy/actor/lib/test/auto/Clock15.xml (RunModel)" time="0.018" />
  <testcase classname="ptolemy.util.test.junit.AutoTests" name="[53] /home/travis/build/icyphy/ptII/ptolemy/actor/lib/test/auto/Clock16.xml (RunModel)" time="0.107" />
  <testcase classname="ptolemy.util.test.junit.AutoTests" name="[54] /home/travis/build/icyphy/ptII/ptolemy/actor/lib/test/auto/Clock17.xml (RunModel)" time="0.064" />
  <testcase classname="ptolemy.util.test.junit.AutoTests" name="[55] /home/travis/build/icyphy/ptII/ptolemy/actor/lib/test/auto/Clock18.xml (RunModel)" time="0.06" />
  <testcase classname="ptolemy.util.test.junit.AutoTests" name="[56] /home/travis/build/icyphy/ptII/ptolemy/actor/lib/test/auto/Clock19.xml (RunModel)" time="0.049" />
  <testcase classname="ptolemy.util.test.junit.AutoTests" name="[57] /home/travis/build/icyphy/ptII/ptolemy/actor/lib/test/auto/Clock2.xml (RunModel)" time="0.016" />
  <testcase classname="ptolemy.util.test.junit.AutoTests" name="[58] /home/travis/build/icyphy/ptII/ptolemy/actor/lib/test/auto/Clock20.xml (RunModel)" time="0.026" />
  <testcase classname="ptolemy.util.test.junit.AutoTests" name="[59] /home/travis/build/icyphy/ptII/ptolemy/actor/lib/test/auto/Clock21.xml (RunModel)" time="0.018" />
  <testcase classname="ptolemy.util.test.junit.AutoTests" name="[60] /home/travis/build/icyphy/ptII/ptolemy/actor/lib/test/auto/Clock22.xml (RunModel)" time="0.018" />
  <testcase classname="ptolemy.util.test.junit.AutoTests" name="[61] /home/travis/build/icyphy/ptII/ptolemy/actor/lib/test/auto/Clock23.xml (RunModel)" time="0.019" />
  <testcase classname="ptolemy.util.test.junit.AutoTests" name="[62] /home/travis/build/icyphy/ptII/ptolemy/actor/lib/test/auto/Clock24.xml (RunModel)" time="0.018" />
  <testcase classname="ptolemy.util.test.junit.AutoTests" name="[63] /home/travis/build/icyphy/ptII/ptolemy/actor/lib/test/auto/Clock4.xml (RunModel)" time="0.017" />
  <testcase classname="ptolemy.util.test.junit.AutoTests" name="[64] /home/travis/build/icyphy/ptII/ptolemy/actor/lib/test/auto/Clock5.xml (RunModel)" time="0.016" />
  <testcase classname="ptolemy.util.test.junit.AutoTests" name="[65] /home/travis/build/icyphy/ptII/ptolemy/actor/lib/test/auto/Clock6.xml (RunModel)" time="0.01" />
  <testcase classname="ptolemy.util.test.junit.AutoTests" name="[66] /home/travis/build/icyphy/ptII/ptolemy/actor/lib/test/auto/Clock7.xml (RunModel)" time="0.01" />
  <testcase classname="ptolemy.util.test.junit.AutoTests" name="[67] /home/travis/build/icyphy/ptII/ptolemy/actor/lib/test/auto/Clock8.xml (RunModel)" time="0.016" />
  <testcase classname="ptolemy.util.test.junit.AutoTests" name="[68] /home/travis/build/icyphy/ptII/ptolemy/actor/lib/test/auto/Clock9.xml (RunModel)" time="0.016" />
  <testcase classname="ptolemy.util.test.junit.AutoTests" name="[69] /home/travis/build/icyphy/ptII/ptolemy/actor/lib/test/auto/CommDistDiscard.xml (RunModel)" time="0.017" />
  <testcase classname="ptolemy.util.test.junit.AutoTests" name="[70] /home/travis/build/icyphy/ptII/ptolemy/actor/lib/test/auto/Commutator.xml (RunModel)" time="0.013" />
  <testcase classname="ptolemy.util.test.junit.AutoTests" name="[71] /home/travis/build/icyphy/ptII/ptolemy/actor/lib/test/auto/Commutator2.xml (RunModel)" time="0.059" />
  <testcase classname="ptolemy.util.test.junit.AutoTests" name="[72] /home/travis/build/icyphy/ptII/ptolemy/actor/lib/test/auto/Commutator3.xml (RunModel)" time="0.012" />
  <testcase classname="ptolemy.util.test.junit.AutoTests" name="[73] /home/travis/build/icyphy/ptII/ptolemy/actor/lib/test/auto/Compare.xml (RunModel)" time="0.018" />
  <testcase classname="ptolemy.util.test.junit.AutoTests" name="[74] /home/travis/build/icyphy/ptII/ptolemy/actor/lib/test/auto/CompareDE.xml (RunModel)" time="0.017" />
  <testcase classname="ptolemy.util.test.junit.AutoTests" name="[75] /home/travis/build/icyphy/ptII/ptolemy/actor/lib/test/auto/ComplexDivide.xml (RunModel)" time="0.008" />
  <testcase classname="ptolemy.util.test.junit.AutoTests" name="[76] /home/travis/build/icyphy/ptII/ptolemy/actor/lib/test/auto/ComputeHistogram.xml (RunModel)" time="0.068" />
  <testcase classname="ptolemy.util.test.junit.AutoTests" name="[77] /home/travis/build/icyphy/ptII/ptolemy/actor/lib/test/auto/ConfigurationSelect.xml (RunModel)" time="0.013" />
  <testcase classname="ptolemy.util.test.junit.AutoTests" name="[78] /home/travis/build/icyphy/ptII/ptolemy/actor/lib/test/auto/ConfigurationSelect2.xml (RunModel)" time="0.01" />
  <testcase classname="ptolemy.util.test.junit.AutoTests" name="[79] /home/travis/build/icyphy/ptII/ptolemy/actor/lib/test/auto/ConfigurationSwitch.xml (RunModel)" time="0.012" />
  <testcase classname="ptolemy.util.test.junit.AutoTests" name="[80] /home/travis/build/icyphy/ptII/ptolemy/actor/lib/test/auto/ConfigurationSwitch2.xml (RunModel)" time="0.023" />
  <testcase classname="ptolemy.util.test.junit.AutoTests" name="[81] /home/travis/build/icyphy/ptII/ptolemy/actor/lib/test/auto/ConfigurationSwitchCloningBugWithClassRelationGroup.xml (RunModel)" time="0.02" />
  <testcase classname="ptolemy.util.test.junit.AutoTests" name="[82] /home/travis/build/icyphy/ptII/ptolemy/actor/lib/test/auto/ConfigurationSwitchSelectSDF.xml (RunModel)" time="0.02" />
  <testcase classname="ptolemy.util.test.junit.AutoTests" name="[83] /home/travis/build/icyphy/ptII/ptolemy/actor/lib/test/auto/ConfigurationSwitchSelectSDF2.xml (RunModel)" time="0.012" />
  <testcase classname="ptolemy.util.test.junit.AutoTests" name="[84] /home/travis/build/icyphy/ptII/ptolemy/actor/lib/test/auto/Const.xml (RunModel)" time="0.006" />
  <testcase classname="ptolemy.util.test.junit.AutoTests" name="[85] /home/travis/build/icyphy/ptII/ptolemy/actor/lib/test/auto/Const2.xml (RunModel)" time="0.016" />
  <testcase classname="ptolemy.util.test.junit.AutoTests" name="[86] /home/travis/build/icyphy/ptII/ptolemy/actor/lib/test/auto/Const3.xml (RunModel)" time="0.006" />
  <testcase classname="ptolemy.util.test.junit.AutoTests" name="[87] /home/travis/build/icyphy/ptII/ptolemy/actor/lib/test/auto/ConstantPublisherPort1.xml (RunModel)" time="0.02" />
  <testcase classname="ptolemy.util.test.junit.AutoTests" name="[88] /home/travis/build/icyphy/ptII/ptolemy/actor/lib/test/auto/ConstantPublisherPort2.xml (RunModel)" time="0.026" />
  <testcase classname="ptolemy.util.test.junit.AutoTests" name="[89] /home/travis/build/icyphy/ptII/ptolemy/actor/lib/test/auto/ConstantPublisherPort3.xml (RunModel)" time="0.02" />
  <testcase classname="ptolemy.util.test.junit.AutoTests" name="[90] /home/travis/build/icyphy/ptII/ptolemy/actor/lib/test/auto/ConstantPublisherPort4.xml (RunModel)" time="0.016" />
  <testcase classname="ptolemy.util.test.junit.AutoTests" name="[91] /home/travis/build/icyphy/ptII/ptolemy/actor/lib/test/auto/ConstantPublisherPort5.xml (RunModel)" time="0.04" />
  <testcase classname="ptolemy.util.test.junit.AutoTests" name="[92] /home/travis/build/icyphy/ptII/ptolemy/actor/lib/test/auto/ConstantPublisherPort6.xml (RunModel)" time="0.028" />
  <testcase classname="ptolemy.util.test.junit.AutoTests" name="[93] /home/travis/build/icyphy/ptII/ptolemy/actor/lib/test/auto/ConstantPublisherPort7.xml (RunModel)" time="0.026" />
  <testcase classname="ptolemy.util.test.junit.AutoTests" name="[94] /home/travis/build/icyphy/ptII/ptolemy/actor/lib/test/auto/ConstraintMonitor1.xml (RunModel)" time="0.041" />
  <testcase classname="ptolemy.util.test.junit.AutoTests" name="[95] /home/travis/build/icyphy/ptII/ptolemy/actor/lib/test/auto/ConstraintMonitor2.xml (RunModel)" time="0.016" />
  <testcase classname="ptolemy.util.test.junit.AutoTests" name="[96] /home/travis/build/icyphy/ptII/ptolemy/actor/lib/test/auto/ConstraintMonitor3.xml (RunModel)" time="0.014" />
  <testcase classname="ptolemy.util.test.junit.AutoTests" name="[97] /home/travis/build/icyphy/ptII/ptolemy/actor/lib/test/auto/ConstraintMonitor4.xml (RunModel)" time="0.01" />
  <testcase classname="ptolemy.util.test.junit.AutoTests" name="[98] /home/travis/build/icyphy/ptII/ptolemy/actor/lib/test/auto/ConstraintMonitor5.xml (RunModel)" time="0.016" />
  <testcase classname="ptolemy.util.test.junit.AutoTests" name="[99] /home/travis/build/icyphy/ptII/ptolemy/actor/lib/test/auto/ConstraintMonitor6.xml (RunModel)" time="0.015" />
  <testcase classname="ptolemy.util.test.junit.AutoTests" name="[100] /home/travis/build/icyphy/ptII/ptolemy/actor/lib/test/auto/ConstraintMonitor7.xml (RunModel)" time="0.019" />
  <testcase classname="ptolemy.util.test.junit.AutoTests" name="[101] /home/travis/build/icyphy/ptII/ptolemy/actor/lib/test/auto/ConstraintMonitor8.xml (RunModel)" time="0.019" />
  <testcase classname="ptolemy.util.test.junit.AutoTests" name="[102] /home/travis/build/icyphy/ptII/ptolemy/actor/lib/test/auto/Counter.xml (RunModel)" time="0.021" />
  <testcase classname="ptolemy.util.test.junit.AutoTests" name="[103] /home/travis/build/icyphy/ptII/ptolemy/actor/lib/test/auto/CurrentTimeSDF.xml (RunModel)" time="0.008" />
  <testcase classname="ptolemy.util.test.junit.AutoTests" name="[104] /home/travis/build/icyphy/ptII/ptolemy/actor/lib/test/auto/DB.xml (RunModel)" time="0.018" />
  <testcase classname="ptolemy.util.test.junit.AutoTests" name="[105] /home/travis/build/icyphy/ptII/ptolemy/actor/lib/test/auto/DBDE.xml (RunModel)" time="0.013" />
  <testcase classname="ptolemy.util.test.junit.AutoTests" name="[106] /home/travis/build/icyphy/ptII/ptolemy/actor/lib/test/auto/DateConstructor.xml (RunModel)" time="0.044" />
  <testcase classname="ptolemy.util.test.junit.AutoTests" name="[107] /home/travis/build/icyphy/ptII/ptolemy/actor/lib/test/auto/DelayTime.xml (RunModel)" time="0.016" />
  <testcase classname="ptolemy.util.test.junit.AutoTests" name="[108] /home/travis/build/icyphy/ptII/ptolemy/actor/lib/test/auto/Dictionary1.xml (RunModel)" time="0.016" />
  <testcase classname="ptolemy.util.test.junit.AutoTests" name="[109] /home/travis/build/icyphy/ptII/ptolemy/actor/lib/test/auto/Dictionary2.xml (RunModel)" time="0.012" />
  <testcase classname="ptolemy.util.test.junit.AutoTests" name="[110] /home/travis/build/icyphy/ptII/ptolemy/actor/lib/test/auto/Dictionary3.xml (RunModel)" time="0.012" />
  <testcase classname="ptolemy.util.test.junit.AutoTests" name="[111] /home/travis/build/icyphy/ptII/ptolemy/actor/lib/test/auto/Dictionary4.xml (RunModel)" time="0.014" />
  <testcase classname="ptolemy.util.test.junit.AutoTests" name="[112] /home/travis/build/icyphy/ptII/ptolemy/actor/lib/test/auto/Differential.xml (RunModel)" time="0.01" />
  <testcase classname="ptolemy.util.test.junit.AutoTests" name="[113] /home/travis/build/icyphy/ptII/ptolemy/actor/lib/test/auto/Director.xml (RunModel)" time="0.009" />
  <testcase classname="ptolemy.util.test.junit.AutoTests" name="[114] /home/travis/build/icyphy/ptII/ptolemy/actor/lib/test/auto/DiscreteClock.xml (RunModel)" time="0.008" />
  <testcase classname="ptolemy.util.test.junit.AutoTests" name="[115] /home/travis/build/icyphy/ptII/ptolemy/actor/lib/test/auto/DiscreteClock10.xml (RunModel)" time="0.013" />
  <testcase classname="ptolemy.util.test.junit.AutoTests" name="[116] /home/travis/build/icyphy/ptII/ptolemy/actor/lib/test/auto/DiscreteClock11.xml (RunModel)" time="0.014" />
  <testcase classname="ptolemy.util.test.junit.AutoTests" name="[117] /home/travis/build/icyphy/ptII/ptolemy/actor/lib/test/auto/DiscreteClock12.xml (RunModel)" time="0.014" />
  <testcase classname="ptolemy.util.test.junit.AutoTests" name="[118] /home/travis/build/icyphy/ptII/ptolemy/actor/lib/test/auto/DiscreteClock13.xml (RunModel)" time="0.013" />
  <testcase classname="ptolemy.util.test.junit.AutoTests" name="[119] /home/travis/build/icyphy/ptII/ptolemy/actor/lib/test/auto/DiscreteClock14.xml (RunModel)" time="0.011" />
  <testcase classname="ptolemy.util.test.junit.AutoTests" name="[120] /home/travis/build/icyphy/ptII/ptolemy/actor/lib/test/auto/DiscreteClock15.xml (RunModel)" time="0.016" />
  <testcase classname="ptolemy.util.test.junit.AutoTests" name="[121] /home/travis/build/icyphy/ptII/ptolemy/actor/lib/test/auto/DiscreteClock16.xml (RunModel)" time="0.036" />
  <testcase classname="ptolemy.util.test.junit.AutoTests" name="[122] /home/travis/build/icyphy/ptII/ptolemy/actor/lib/test/auto/DiscreteClock17.xml (RunModel)" time="0.038" />
  <testcase classname="ptolemy.util.test.junit.AutoTests" name="[123] /home/travis/build/icyphy/ptII/ptolemy/actor/lib/test/auto/DiscreteClock18.xml (RunModel)" time="0.03" />
  <testcase classname="ptolemy.util.test.junit.AutoTests" name="[124] /home/travis/build/icyphy/ptII/ptolemy/actor/lib/test/auto/DiscreteClock19.xml (RunModel)" time="0.475" />
  <testcase classname="ptolemy.util.test.junit.AutoTests" name="[125] /home/travis/build/icyphy/ptII/ptolemy/actor/lib/test/auto/DiscreteClock2.xml (RunModel)" time="0.012" />
  <testcase classname="ptolemy.util.test.junit.AutoTests" name="[126] /home/travis/build/icyphy/ptII/ptolemy/actor/lib/test/auto/DiscreteClock20.xml (RunModel)" time="0.019" />
  <testcase classname="ptolemy.util.test.junit.AutoTests" name="[127] /home/travis/build/icyphy/ptII/ptolemy/actor/lib/test/auto/DiscreteClock21.xml (RunModel)" time="0.017" />
  <testcase classname="ptolemy.util.test.junit.AutoTests" name="[128] /home/travis/build/icyphy/ptII/ptolemy/actor/lib/test/auto/DiscreteClock22.xml (RunModel)" time="0.012" />
  <testcase classname="ptolemy.util.test.junit.AutoTests" name="[129] /home/travis/build/icyphy/ptII/ptolemy/actor/lib/test/auto/DiscreteClock23.xml (RunModel)" time="0.016" />
  <testcase classname="ptolemy.util.test.junit.AutoTests" name="[130] /home/travis/build/icyphy/ptII/ptolemy/actor/lib/test/auto/DiscreteClock24.xml (RunModel)" time="0.014" />
  <testcase classname="ptolemy.util.test.junit.AutoTests" name="[131] /home/travis/build/icyphy/ptII/ptolemy/actor/lib/test/auto/DiscreteClock4.xml (RunModel)" time="0.014" />
  <testcase classname="ptolemy.util.test.junit.AutoTests" name="[132] /home/travis/build/icyphy/ptII/ptolemy/actor/lib/test/auto/DiscreteClock5.xml (RunModel)" time="0.01" />
  <testcase classname="ptolemy.util.test.junit.AutoTests" name="[133] /home/travis/build/icyphy/ptII/ptolemy/actor/lib/test/auto/DiscreteClock6.xml (RunModel)" time="0.012" />
  <testcase classname="ptolemy.util.test.junit.AutoTests" name="[134] /home/travis/build/icyphy/ptII/ptolemy/actor/lib/test/auto/DiscreteClock7.xml (RunModel)" time="0.011" />
  <testcase classname="ptolemy.util.test.junit.AutoTests" name="[135] /home/travis/build/icyphy/ptII/ptolemy/actor/lib/test/auto/DiscreteClock8.xml (RunModel)" time="0.019" />
  <testcase classname="ptolemy.util.test.junit.AutoTests" name="[136] /home/travis/build/icyphy/ptII/ptolemy/actor/lib/test/auto/DiscreteClock9.xml (RunModel)" time="0.009" />
  <testcase classname="ptolemy.util.test.junit.AutoTests" name="[137] /home/travis/build/icyphy/ptII/ptolemy/actor/lib/test/auto/DisplayArray.xml (RunModel)" time="0.01" />
  <testcase classname="ptolemy.util.test.junit.AutoTests" name="[138] /home/travis/build/icyphy/ptII/ptolemy/actor/lib/test/auto/Distributor.xml (RunModel)" time="0.008" />
  <testcase classname="ptolemy.util.test.junit.AutoTests" name="[139] /home/travis/build/icyphy/ptII/ptolemy/actor/lib/test/auto/Distributor2.xml (RunModel)" time="0.012" />
  <testcase classname="ptolemy.util.test.junit.AutoTests" name="[140] /home/travis/build/icyphy/ptII/ptolemy/actor/lib/test/auto/DownSample.xml (RunModel)" time="0.009" />
  <testcase classname="ptolemy.util.test.junit.AutoTests" name="[141] /home/travis/build/icyphy/ptII/ptolemy/actor/lib/test/auto/ElectronicUnitBase1.xml (RunModel)" time="0.065" />
  <testcase classname="ptolemy.util.test.junit.AutoTests" name="[142] /home/travis/build/icyphy/ptII/ptolemy/actor/lib/test/auto/ElementsToArray.xml (RunModel)" time="0.01" />
  <testcase classname="ptolemy.util.test.junit.AutoTests" name="[143] /home/travis/build/icyphy/ptII/ptolemy/actor/lib/test/auto/Equals.xml (RunModel)" time="0.013" />
  <testcase classname="ptolemy.util.test.junit.AutoTests" name="[144] /home/travis/build/icyphy/ptII/ptolemy/actor/lib/test/auto/Exec.xml (RunModel)" time="0.018" />
  <testcase classname="ptolemy.util.test.junit.AutoTests" name="[145] /home/travis/build/icyphy/ptII/ptolemy/actor/lib/test/auto/ExecEnvironment.xml (RunModel)" time="0.039" />
  <testcase classname="ptolemy.util.test.junit.AutoTests" name="[146] /home/travis/build/icyphy/ptII/ptolemy/actor/lib/test/auto/ExecNonZeroReturnOutput.xml (RunModel)" time="0.134" />
  <testcase classname="ptolemy.util.test.junit.AutoTests" name="[147] /home/travis/build/icyphy/ptII/ptolemy/actor/lib/test/auto/ExecRunDemos.xml (RunModel)" time="9.58" />
  <testcase classname="ptolemy.util.test.junit.AutoTests" name="[148] /home/travis/build/icyphy/ptII/ptolemy/actor/lib/test/auto/ExecStop.xml (RunModel)" time="5.034" />
  <testcase classname="ptolemy.util.test.junit.AutoTests" name="[149] /home/travis/build/icyphy/ptII/ptolemy/actor/lib/test/auto/ExecutionTimePN.xml (RunModel)" time="2.04">
    <error type="java.lang.reflect.InvocationTargetException">java.lang.reflect.InvocationTargetException
	at java.lang.reflect.Constructor.newInstance(Constructor.java:423)
	at ptolemy.util.test.junit.AutoTests.RunModel(AutoTests.java:195)
	at junitparams.internal.InvokeParameterisedMethod.evaluate(InvokeParameterisedMethod.java:102)
Caused by: ptolemy.kernel.util.IllegalActionException: Test fails in iteration 0.
Value was: 2001L. Should have been: 2000L
  in .ExecutionTimePN.NonStrictTest
	at ptolemy.actor.lib.NonStrictTest.postfire(NonStrictTest.java:328)
	at ptolemy.actor.process.ProcessThread._iterateActor(ProcessThread.java:346)
	at ptolemy.actor.process.ProcessThread.run(ProcessThread.java:213)
</error>
  </testcase>
  <testcase classname="ptolemy.util.test.junit.AutoTests" name="[150] /home/travis/build/icyphy/ptII/ptolemy/actor/lib/test/auto/ExecutionTimeSDF.xml (RunModel)" time="6.04" />
  <testcase classname="ptolemy.util.test.junit.AutoTests" name="[151] /home/travis/build/icyphy/ptII/ptolemy/actor/lib/test/auto/Expression1.xml (RunModel)" time="0.011" />
  <testcase classname="ptolemy.util.test.junit.AutoTests" name="[152] /home/travis/build/icyphy/ptII/ptolemy/actor/lib/test/auto/Expression10.xml (RunModel)" time="0.037" />
  <testcase classname="ptolemy.util.test.junit.AutoTests" name="[153] /home/travis/build/icyphy/ptII/ptolemy/actor/lib/test/auto/Expression11.xml (RunModel)" time="0.018" />
  <testcase classname="ptolemy.util.test.junit.AutoTests" name="[154] /home/travis/build/icyphy/ptII/ptolemy/actor/lib/test/auto/Expression12.xml (RunModel)" time="0.014" />
  <testcase classname="ptolemy.util.test.junit.AutoTests" name="[155] /home/travis/build/icyphy/ptII/ptolemy/actor/lib/test/auto/Expression13.xml (RunModel)" time="0.013" />
  <testcase classname="ptolemy.util.test.junit.AutoTests" name="[156] /home/travis/build/icyphy/ptII/ptolemy/actor/lib/test/auto/Expression14.xml (RunModel)" time="0.015" />
  <testcase classname="ptolemy.util.test.junit.AutoTests" name="[157] /home/travis/build/icyphy/ptII/ptolemy/actor/lib/test/auto/Expression15.xml (RunModel)" time="0.014" />
  <testcase classname="ptolemy.util.test.junit.AutoTests" name="[158] /home/travis/build/icyphy/ptII/ptolemy/actor/lib/test/auto/Expression16.xml (RunModel)" time="0.018" />
  <testcase classname="ptolemy.util.test.junit.AutoTests" name="[159] /home/travis/build/icyphy/ptII/ptolemy/actor/lib/test/auto/Expression17.xml (RunModel)" time="0.012" />
  <testcase classname="ptolemy.util.test.junit.AutoTests" name="[160] /home/travis/build/icyphy/ptII/ptolemy/actor/lib/test/auto/Expression18.xml (RunModel)" time="0.02" />
  <testcase classname="ptolemy.util.test.junit.AutoTests" name="[161] /home/travis/build/icyphy/ptII/ptolemy/actor/lib/test/auto/Expression2.xml (RunModel)" time="0.011" />
  <testcase classname="ptolemy.util.test.junit.AutoTests" name="[162] /home/travis/build/icyphy/ptII/ptolemy/actor/lib/test/auto/Expression3.xml (RunModel)" time="0.011" />
  <testcase classname="ptolemy.util.test.junit.AutoTests" name="[163] /home/travis/build/icyphy/ptII/ptolemy/actor/lib/test/auto/Expression4.xml (RunModel)" time="0.017" />
  <testcase classname="ptolemy.util.test.junit.AutoTests" name="[164] /home/travis/build/icyphy/ptII/ptolemy/actor/lib/test/auto/Expression5.xml (RunModel)" time="0.014" />
  <testcase classname="ptolemy.util.test.junit.AutoTests" name="[165] /home/travis/build/icyphy/ptII/ptolemy/actor/lib/test/auto/Expression6.xml (RunModel)" time="0.008" />
  <testcase classname="ptolemy.util.test.junit.AutoTests" name="[166] /home/travis/build/icyphy/ptII/ptolemy/actor/lib/test/auto/Expression7.xml (RunModel)" time="0.009" />
  <testcase classname="ptolemy.util.test.junit.AutoTests" name="[167] /home/travis/build/icyphy/ptII/ptolemy/actor/lib/test/auto/Expression8.xml (RunModel)" time="0.01" />
  <testcase classname="ptolemy.util.test.junit.AutoTests" name="[168] /home/travis/build/icyphy/ptII/ptolemy/actor/lib/test/auto/Expression9.xml (RunModel)" time="0.007" />
  <testcase classname="ptolemy.util.test.junit.AutoTests" name="[169] /home/travis/build/icyphy/ptII/ptolemy/actor/lib/test/auto/ExpressionConcatenateArrayType.xml (RunModel)" time="0.022" />
  <testcase classname="ptolemy.util.test.junit.AutoTests" name="[170] /home/travis/build/icyphy/ptII/ptolemy/actor/lib/test/auto/ExpressionConcatenateArrayType2.xml (RunModel)" time="0.013" />
  <testcase classname="ptolemy.util.test.junit.AutoTests" name="[171] /home/travis/build/icyphy/ptII/ptolemy/actor/lib/test/auto/ExpressionFix.xml (RunModel)" time="0.029" />
  <testcase classname="ptolemy.util.test.junit.AutoTests" name="[172] /home/travis/build/icyphy/ptII/ptolemy/actor/lib/test/auto/ExpressionFix2.xml (RunModel)" time="0.013" />
  <testcase classname="ptolemy.util.test.junit.AutoTests" name="[173] /home/travis/build/icyphy/ptII/ptolemy/actor/lib/test/auto/ExpressionFix3.xml (RunModel)" time="0.009" />
  <testcase classname="ptolemy.util.test.junit.AutoTests" name="[174] /home/travis/build/icyphy/ptII/ptolemy/actor/lib/test/auto/FileWriter1.xml (RunModel)" time="0.01" />
  <testcase classname="ptolemy.util.test.junit.AutoTests" name="[175] /home/travis/build/icyphy/ptII/ptolemy/actor/lib/test/auto/FileWriter2.xml (RunModel)" time="0.008" />
  <testcase classname="ptolemy.util.test.junit.AutoTests" name="[176] /home/travis/build/icyphy/ptII/ptolemy/actor/lib/test/auto/FileWriter3.xml (RunModel)" time="0.014" />
  <testcase classname="ptolemy.util.test.junit.AutoTests" name="[177] /home/travis/build/icyphy/ptII/ptolemy/actor/lib/test/auto/Gaussian.xml (RunModel)" time="0.009" />
  <testcase classname="ptolemy.util.test.junit.AutoTests" name="[178] /home/travis/build/icyphy/ptII/ptolemy/actor/lib/test/auto/Gaussian1.xml (RunModel)" time="0.015" />
  <testcase classname="ptolemy.util.test.junit.AutoTests" name="[179] /home/travis/build/icyphy/ptII/ptolemy/actor/lib/test/auto/Gaussian2.xml (RunModel)" time="0.012" />
  <testcase classname="ptolemy.util.test.junit.AutoTests" name="[180] /home/travis/build/icyphy/ptII/ptolemy/actor/lib/test/auto/GradientAdaptiveLattice.xml (RunModel)" time="0.022" />
  <testcase classname="ptolemy.util.test.junit.AutoTests" name="[181] /home/travis/build/icyphy/ptII/ptolemy/actor/lib/test/auto/IIR.xml (RunModel)" time="0.009" />
  <testcase classname="ptolemy.util.test.junit.AutoTests" name="[182] /home/travis/build/icyphy/ptII/ptolemy/actor/lib/test/auto/InputOutputTransparentPorts.xml (RunModel)" time="0.015" />
  <testcase classname="ptolemy.util.test.junit.AutoTests" name="[183] /home/travis/build/icyphy/ptII/ptolemy/actor/lib/test/auto/Interpolator.xml (RunModel)" time="0.011" />
  <testcase classname="ptolemy.util.test.junit.AutoTests" name="[184] /home/travis/build/icyphy/ptII/ptolemy/actor/lib/test/auto/InterpolatorFiringLimitDE.xml (RunModel)" time="0.011" />
  <testcase classname="ptolemy.util.test.junit.AutoTests" name="[185] /home/travis/build/icyphy/ptII/ptolemy/actor/lib/test/auto/Lattice.xml (RunModel)" time="0.008" />
  <testcase classname="ptolemy.util.test.junit.AutoTests" name="[186] /home/travis/build/icyphy/ptII/ptolemy/actor/lib/test/auto/LazyAOCTestLazy.xml (RunModel)" time="0.023" />
  <testcase classname="ptolemy.util.test.junit.AutoTests" name="[187] /home/travis/build/icyphy/ptII/ptolemy/actor/lib/test/auto/LazyAOCTestNonLazy.xml (RunModel)" time="0.045" />
  <testcase classname="ptolemy.util.test.junit.AutoTests" name="[188] /home/travis/build/icyphy/ptII/ptolemy/actor/lib/test/auto/LazyInnerClass.xml (RunModel)" time="0.056" />
  <testcase classname="ptolemy.util.test.junit.AutoTests" name="[189] /home/travis/build/icyphy/ptII/ptolemy/actor/lib/test/auto/LazyPubSub.xml (RunModel)" time="0.05" />
  <testcase classname="ptolemy.util.test.junit.AutoTests" name="[190] /home/travis/build/icyphy/ptII/ptolemy/actor/lib/test/auto/LazyPubSub2.xml (RunModel)" time="0.045" />
  <testcase classname="ptolemy.util.test.junit.AutoTests" name="[191] /home/travis/build/icyphy/ptII/ptolemy/actor/lib/test/auto/LazyPubSub3.xml (RunModel)" time="0.032" />
  <testcase classname="ptolemy.util.test.junit.AutoTests" name="[192] /home/travis/build/icyphy/ptII/ptolemy/actor/lib/test/auto/LazySubClassModel.xml (RunModel)" time="0.022" />
  <testcase classname="ptolemy.util.test.junit.AutoTests" name="[193] /home/travis/build/icyphy/ptII/ptolemy/actor/lib/test/auto/LevelCrossTest1.xml (RunModel)" time="0.012" />
  <testcase classname="ptolemy.util.test.junit.AutoTests" name="[194] /home/travis/build/icyphy/ptII/ptolemy/actor/lib/test/auto/LevelCrossTest10.xml (RunModel)" time="0.015" />
  <testcase classname="ptolemy.util.test.junit.AutoTests" name="[195] /home/travis/build/icyphy/ptII/ptolemy/actor/lib/test/auto/LevelCrossTest11.xml (RunModel)" time="0.013" />
  <testcase classname="ptolemy.util.test.junit.AutoTests" name="[196] /home/travis/build/icyphy/ptII/ptolemy/actor/lib/test/auto/LevelCrossTest12.xml (RunModel)" time="0.012" />
  <testcase classname="ptolemy.util.test.junit.AutoTests" name="[197] /home/travis/build/icyphy/ptII/ptolemy/actor/lib/test/auto/LevelCrossTest13.xml (RunModel)" time="0.011" />
  <testcase classname="ptolemy.util.test.junit.AutoTests" name="[198] /home/travis/build/icyphy/ptII/ptolemy/actor/lib/test/auto/LevelCrossTest2.xml (RunModel)" time="0.009" />
  <testcase classname="ptolemy.util.test.junit.AutoTests" name="[199] /home/travis/build/icyphy/ptII/ptolemy/actor/lib/test/auto/LevelCrossTest3.xml (RunModel)" time="0.011" />
  <testcase classname="ptolemy.util.test.junit.AutoTests" name="[200] /home/travis/build/icyphy/ptII/ptolemy/actor/lib/test/auto/LevelCrossTest4.xml (RunModel)" time="0.01" />
  <testcase classname="ptolemy.util.test.junit.AutoTests" name="[201] /home/travis/build/icyphy/ptII/ptolemy/actor/lib/test/auto/LevelCrossTest5.xml (RunModel)" time="0.016" />
  <testcase classname="ptolemy.util.test.junit.AutoTests" name="[202] /home/travis/build/icyphy/ptII/ptolemy/actor/lib/test/auto/LevelCrossTest6.xml (RunModel)" time="0.023" />
  <testcase classname="ptolemy.util.test.junit.AutoTests" name="[203] /home/travis/build/icyphy/ptII/ptolemy/actor/lib/test/auto/LevelCrossTest7.xml (RunModel)" time="0.015" />
  <testcase classname="ptolemy.util.test.junit.AutoTests" name="[204] /home/travis/build/icyphy/ptII/ptolemy/actor/lib/test/auto/LevelCrossTest8.xml (RunModel)" time="0.013" />
  <testcase classname="ptolemy.util.test.junit.AutoTests" name="[205] /home/travis/build/icyphy/ptII/ptolemy/actor/lib/test/auto/LevelCrossTest9.xml (RunModel)" time="0.017" />
  <testcase classname="ptolemy.util.test.junit.AutoTests" name="[206] /home/travis/build/icyphy/ptII/ptolemy/actor/lib/test/auto/LevinsonDurbin.xml (RunModel)" time="0.008" />
  <testcase classname="ptolemy.util.test.junit.AutoTests" name="[207] /home/travis/build/icyphy/ptII/ptolemy/actor/lib/test/auto/LevinsonDurbin2.xml (RunModel)" time="0.009" />
  <testcase classname="ptolemy.util.test.junit.AutoTests" name="[208] /home/travis/build/icyphy/ptII/ptolemy/actor/lib/test/auto/LevinsonDurbin3.xml (RunModel)" time="0.008" />
  <testcase classname="ptolemy.util.test.junit.AutoTests" name="[209] /home/travis/build/icyphy/ptII/ptolemy/actor/lib/test/auto/Limiter.xml (RunModel)" time="0.038" />
  <testcase classname="ptolemy.util.test.junit.AutoTests" name="[210] /home/travis/build/icyphy/ptII/ptolemy/actor/lib/test/auto/LinearDifferenceEquationSystem.xml (RunModel)" time="0.02" />
  <testcase classname="ptolemy.util.test.junit.AutoTests" name="[211] /home/travis/build/icyphy/ptII/ptolemy/actor/lib/test/auto/LookupTable.xml (RunModel)" time="0.008" />
  <testcase classname="ptolemy.util.test.junit.AutoTests" name="[212] /home/travis/build/icyphy/ptII/ptolemy/actor/lib/test/auto/MathFunction.xml (RunModel)" time="0.032" />
  <testcase classname="ptolemy.util.test.junit.AutoTests" name="[213] /home/travis/build/icyphy/ptII/ptolemy/actor/lib/test/auto/MathFunction2.xml (RunModel)" time="0.015" />
  <testcase classname="ptolemy.util.test.junit.AutoTests" name="[214] /home/travis/build/icyphy/ptII/ptolemy/actor/lib/test/auto/MathFunction3.xml (RunModel)" time="0.016" />
  <testcase classname="ptolemy.util.test.junit.AutoTests" name="[215] /home/travis/build/icyphy/ptII/ptolemy/actor/lib/test/auto/MatrixCropBoolean.xml (RunModel)" time="0.009" />
  <testcase classname="ptolemy.util.test.junit.AutoTests" name="[216] /home/travis/build/icyphy/ptII/ptolemy/actor/lib/test/auto/MatrixCropComplex.xml (RunModel)" time="0.012" />
  <testcase classname="ptolemy.util.test.junit.AutoTests" name="[217] /home/travis/build/icyphy/ptII/ptolemy/actor/lib/test/auto/MatrixCropDouble.xml (RunModel)" time="0.008" />
  <testcase classname="ptolemy.util.test.junit.AutoTests" name="[218] /home/travis/build/icyphy/ptII/ptolemy/actor/lib/test/auto/MatrixCropFix.xml (RunModel)" time="0.012" />
  <testcase classname="ptolemy.util.test.junit.AutoTests" name="[219] /home/travis/build/icyphy/ptII/ptolemy/actor/lib/test/auto/MatrixCropInt.xml (RunModel)" time="0.009" />
  <testcase classname="ptolemy.util.test.junit.AutoTests" name="[220] /home/travis/build/icyphy/ptII/ptolemy/actor/lib/test/auto/MatrixCropLong.xml (RunModel)" time="0.009" />
  <testcase classname="ptolemy.util.test.junit.AutoTests" name="[221] /home/travis/build/icyphy/ptII/ptolemy/actor/lib/test/auto/MatrixToArray.xml (RunModel)" time="0.05" />
  <testcase classname="ptolemy.util.test.junit.AutoTests" name="[222] /home/travis/build/icyphy/ptII/ptolemy/actor/lib/test/auto/MaxIndex.xml (RunModel)" time="0.012" />
  <testcase classname="ptolemy.util.test.junit.AutoTests" name="[223] /home/travis/build/icyphy/ptII/ptolemy/actor/lib/test/auto/Maximum.xml (RunModel)" time="0.014" />
  <testcase classname="ptolemy.util.test.junit.AutoTests" name="[224] /home/travis/build/icyphy/ptII/ptolemy/actor/lib/test/auto/MaximumComplex.xml (RunModel)" time="0.016" />
  <testcase classname="ptolemy.util.test.junit.AutoTests" name="[225] /home/travis/build/icyphy/ptII/ptolemy/actor/lib/test/auto/MethodCallTest.xml (RunModel)" time="0.021" />
  <testcase classname="ptolemy.util.test.junit.AutoTests" name="[226] /home/travis/build/icyphy/ptII/ptolemy/actor/lib/test/auto/Minimum.xml (RunModel)" time="0.014" />
  <testcase classname="ptolemy.util.test.junit.AutoTests" name="[227] /home/travis/build/icyphy/ptII/ptolemy/actor/lib/test/auto/MinimumComplex.xml (RunModel)" time="0.016" />
  <testcase classname="ptolemy.util.test.junit.AutoTests" name="[228] /home/travis/build/icyphy/ptII/ptolemy/actor/lib/test/auto/MinimumMultiports.xml (RunModel)" time="0.023" />
  <testcase classname="ptolemy.util.test.junit.AutoTests" name="[229] /home/travis/build/icyphy/ptII/ptolemy/actor/lib/test/auto/ModifyDate.xml (RunModel)" time="0.043" />
  <testcase classname="ptolemy.util.test.junit.AutoTests" name="[230] /home/travis/build/icyphy/ptII/ptolemy/actor/lib/test/auto/ModifyDate2.xml (RunModel)" time="0.03" />
  <testcase classname="ptolemy.util.test.junit.AutoTests" name="[231] /home/travis/build/icyphy/ptII/ptolemy/actor/lib/test/auto/MovingAverage.xml (RunModel)" time="0.022" />
  <testcase classname="ptolemy.util.test.junit.AutoTests" name="[232] /home/travis/build/icyphy/ptII/ptolemy/actor/lib/test/auto/MovingMaximum.xml (RunModel)" time="0.011" />
  <testcase classname="ptolemy.util.test.junit.AutoTests" name="[233] /home/travis/build/icyphy/ptII/ptolemy/actor/lib/test/auto/MultipleLinksToSameRelation.xml (RunModel)" time="0.008" />
  <testcase classname="ptolemy.util.test.junit.AutoTests" name="[234] /home/travis/build/icyphy/ptII/ptolemy/actor/lib/test/auto/MultipleLinksToSameRelationDE.xml (RunModel)" time="0.011" />
  <testcase classname="ptolemy.util.test.junit.AutoTests" name="[235] /home/travis/build/icyphy/ptII/ptolemy/actor/lib/test/auto/Multiplexor.xml (RunModel)" time="0.015" />
  <testcase classname="ptolemy.util.test.junit.AutoTests" name="[236] /home/travis/build/icyphy/ptII/ptolemy/actor/lib/test/auto/Multiplexor1.xml (RunModel)" time="0.011" />
  <testcase classname="ptolemy.util.test.junit.AutoTests" name="[237] /home/travis/build/icyphy/ptII/ptolemy/actor/lib/test/auto/Multiplexor2.xml (RunModel)" time="0.018" />
  <testcase classname="ptolemy.util.test.junit.AutoTests" name="[238] /home/travis/build/icyphy/ptII/ptolemy/actor/lib/test/auto/Multiplexor3.xml (RunModel)" time="0.008" />
  <testcase classname="ptolemy.util.test.junit.AutoTests" name="[239] /home/travis/build/icyphy/ptII/ptolemy/actor/lib/test/auto/MultiplexorDE.xml (RunModel)" time="0.02" />
  <testcase classname="ptolemy.util.test.junit.AutoTests" name="[240] /home/travis/build/icyphy/ptII/ptolemy/actor/lib/test/auto/MultiportBroadcastTest.xml (RunModel)" time="0.104" />
  <testcase classname="ptolemy.util.test.junit.AutoTests" name="[241] /home/travis/build/icyphy/ptII/ptolemy/actor/lib/test/auto/MultiportOutHangDuringGetWidth.xml (RunModel)" time="0.04" />
  <testcase classname="ptolemy.util.test.junit.AutoTests" name="[242] /home/travis/build/icyphy/ptII/ptolemy/actor/lib/test/auto/NilToken.xml (RunModel)" time="0.006" />
  <testcase classname="ptolemy.util.test.junit.AutoTests" name="[243] /home/travis/build/icyphy/ptII/ptolemy/actor/lib/test/auto/NilTokenNonStrictTest.xml (RunModel)" time="0.01" />
  <testcase classname="ptolemy.util.test.junit.AutoTests" name="[244] /home/travis/build/icyphy/ptII/ptolemy/actor/lib/test/auto/NilTokenRecord.xml (RunModel)" time="0.023" />
  <testcase classname="ptolemy.util.test.junit.AutoTests" name="[245] /home/travis/build/icyphy/ptII/ptolemy/actor/lib/test/auto/NilTokenTypeTest.xml (RunModel)" time="0.028" />
  <testcase classname="ptolemy.util.test.junit.AutoTests" name="[246] /home/travis/build/icyphy/ptII/ptolemy/actor/lib/test/auto/ObjectToken1.xml (RunModel)" time="0.009" />
  <testcase classname="ptolemy.util.test.junit.AutoTests" name="[247] /home/travis/build/icyphy/ptII/ptolemy/actor/lib/test/auto/OrderedMerge.xml (RunModel)" time="0.014" />
  <testcase classname="ptolemy.util.test.junit.AutoTests" name="[248] /home/travis/build/icyphy/ptII/ptolemy/actor/lib/test/auto/OrderedRecordDisassembler.xml (RunModel)" time="0.011" />
  <testcase classname="ptolemy.util.test.junit.AutoTests" name="[249] /home/travis/build/icyphy/ptII/ptolemy/actor/lib/test/auto/OrderedRecordDisassembler2.xml (RunModel)" time="0.015" />
  <testcase classname="ptolemy.util.test.junit.AutoTests" name="[250] /home/travis/build/icyphy/ptII/ptolemy/actor/lib/test/auto/OrderedRecordUpdater.xml (RunModel)" time="0.008" />
  <testcase classname="ptolemy.util.test.junit.AutoTests" name="[251] /home/travis/build/icyphy/ptII/ptolemy/actor/lib/test/auto/OrderedRecordUpdater2.xml (RunModel)" time="0.008" />
  <testcase classname="ptolemy.util.test.junit.AutoTests" name="[252] /home/travis/build/icyphy/ptII/ptolemy/actor/lib/test/auto/PhaseUnwrap.xml (RunModel)" time="0.013" />
  <testcase classname="ptolemy.util.test.junit.AutoTests" name="[253] /home/travis/build/icyphy/ptII/ptolemy/actor/lib/test/auto/PoissonClock.xml (RunModel)" time="0.008" />
  <testcase classname="ptolemy.util.test.junit.AutoTests" name="[254] /home/travis/build/icyphy/ptII/ptolemy/actor/lib/test/auto/PoissonClock2.xml (RunModel)" time="0.008" />
  <testcase classname="ptolemy.util.test.junit.AutoTests" name="[255] /home/travis/build/icyphy/ptII/ptolemy/actor/lib/test/auto/PoissonClock3.xml (RunModel)" time="0.008" />
  <testcase classname="ptolemy.util.test.junit.AutoTests" name="[256] /home/travis/build/icyphy/ptII/ptolemy/actor/lib/test/auto/PubSubWithInitialTokens.xml (RunModel)" time="0.009" />
  <testcase classname="ptolemy.util.test.junit.AutoTests" name="[257] /home/travis/build/icyphy/ptII/ptolemy/actor/lib/test/auto/PubSubWithInitialTokens2.xml (RunModel)" time="0.01" />
  <testcase classname="ptolemy.util.test.junit.AutoTests" name="[258] /home/travis/build/icyphy/ptII/ptolemy/actor/lib/test/auto/PublisherClassNoParameter.xml (RunModel)" time="0.019" />
  <testcase classname="ptolemy.util.test.junit.AutoTests" name="[259] /home/travis/build/icyphy/ptII/ptolemy/actor/lib/test/auto/PublisherClassParameter.xml (RunModel)" time="0.021" />
  <testcase classname="ptolemy.util.test.junit.AutoTests" name="[260] /home/travis/build/icyphy/ptII/ptolemy/actor/lib/test/auto/PublisherNonStrictTest.xml (RunModel)" time="0.014" />
  <testcase classname="ptolemy.util.test.junit.AutoTests" name="[261] /home/travis/build/icyphy/ptII/ptolemy/actor/lib/test/auto/PublisherPort1.xml (RunModel)" time="0.01" />
  <testcase classname="ptolemy.util.test.junit.AutoTests" name="[262] /home/travis/build/icyphy/ptII/ptolemy/actor/lib/test/auto/PublisherPort2.xml (RunModel)" time="0.008" />
  <testcase classname="ptolemy.util.test.junit.AutoTests" name="[263] /home/travis/build/icyphy/ptII/ptolemy/actor/lib/test/auto/PublisherPort3.xml (RunModel)" time="0.012" />
  <testcase classname="ptolemy.util.test.junit.AutoTests" name="[264] /home/travis/build/icyphy/ptII/ptolemy/actor/lib/test/auto/PublisherPort4.xml (RunModel)" time="0.01" />
  <testcase classname="ptolemy.util.test.junit.AutoTests" name="[265] /home/travis/build/icyphy/ptII/ptolemy/actor/lib/test/auto/PublisherPort5.xml (RunModel)" time="0.013" />
  <testcase classname="ptolemy.util.test.junit.AutoTests" name="[266] /home/travis/build/icyphy/ptII/ptolemy/actor/lib/test/auto/PublisherPort5LookAlike.xml (RunModel)" time="0.014" />
  <testcase classname="ptolemy.util.test.junit.AutoTests" name="[267] /home/travis/build/icyphy/ptII/ptolemy/actor/lib/test/auto/PublisherPort6.xml (RunModel)" time="0.012" />
  <testcase classname="ptolemy.util.test.junit.AutoTests" name="[268] /home/travis/build/icyphy/ptII/ptolemy/actor/lib/test/auto/PublisherPort7.xml (RunModel)" time="0.013" />
  <testcase classname="ptolemy.util.test.junit.AutoTests" name="[269] /home/travis/build/icyphy/ptII/ptolemy/actor/lib/test/auto/PublisherPort8.xml (RunModel)" time="0.015" />
  <testcase classname="ptolemy.util.test.junit.AutoTests" name="[270] /home/travis/build/icyphy/ptII/ptolemy/actor/lib/test/auto/PublisherPortSubscriberChannelVariablesAOC2.xml (RunModel)" time="0.029" />
  <testcase classname="ptolemy.util.test.junit.AutoTests" name="[271] /home/travis/build/icyphy/ptII/ptolemy/actor/lib/test/auto/PublisherPortSubscriberOpaqueWidthInference.xml (RunModel)" time="0.014" />
  <testcase classname="ptolemy.util.test.junit.AutoTests" name="[272] /home/travis/build/icyphy/ptII/ptolemy/actor/lib/test/auto/PublisherPortSubscriberPortAdjacent.xml (RunModel)" time="0.015" />
  <testcase classname="ptolemy.util.test.junit.AutoTests" name="[273] /home/travis/build/icyphy/ptII/ptolemy/actor/lib/test/auto/PublisherPortSubscriberPortExpression.xml (RunModel)" time="0.014" />
  <testcase classname="ptolemy.util.test.junit.AutoTests" name="[274] /home/travis/build/icyphy/ptII/ptolemy/actor/lib/test/auto/PublisherPortSubscriberPortOpaqueD3Reverse.xml (RunModel)" time="0.016" />
  <testcase classname="ptolemy.util.test.junit.AutoTests" name="[275] /home/travis/build/icyphy/ptII/ptolemy/actor/lib/test/auto/PublisherPortSubscriberPortOpaqueWidthInference.xml (RunModel)" time="0.013" />
  <testcase classname="ptolemy.util.test.junit.AutoTests" name="[276] /home/travis/build/icyphy/ptII/ptolemy/actor/lib/test/auto/PublisherPortToplevelSubscriberPortAOC.xml (RunModel)" time="0.008" />
  <testcase classname="ptolemy.util.test.junit.AutoTests" name="[277] /home/travis/build/icyphy/ptII/ptolemy/actor/lib/test/auto/PublisherSubscriber.xml (RunModel)" time="0.012" />
  <testcase classname="ptolemy.util.test.junit.AutoTests" name="[278] /home/travis/build/icyphy/ptII/ptolemy/actor/lib/test/auto/PublisherSubscriber10.xml (RunModel)" time="0.017" />
  <testcase classname="ptolemy.util.test.junit.AutoTests" name="[279] /home/travis/build/icyphy/ptII/ptolemy/actor/lib/test/auto/PublisherSubscriber10InitialOutputs.xml (RunModel)" time="0.017" />
  <testcase classname="ptolemy.util.test.junit.AutoTests" name="[280] /home/travis/build/icyphy/ptII/ptolemy/actor/lib/test/auto/PublisherSubscriber11.xml (RunModel)" time="0.011" />
  <testcase classname="ptolemy.util.test.junit.AutoTests" name="[281] /home/travis/build/icyphy/ptII/ptolemy/actor/lib/test/auto/PublisherSubscriber12.xml (RunModel)" time="0.012" />
  <testcase classname="ptolemy.util.test.junit.AutoTests" name="[282] /home/travis/build/icyphy/ptII/ptolemy/actor/lib/test/auto/PublisherSubscriber13.xml (RunModel)" time="0.015" />
  <testcase classname="ptolemy.util.test.junit.AutoTests" name="[283] /home/travis/build/icyphy/ptII/ptolemy/actor/lib/test/auto/PublisherSubscriber14.xml (RunModel)" time="0.018" />
  <testcase classname="ptolemy.util.test.junit.AutoTests" name="[284] /home/travis/build/icyphy/ptII/ptolemy/actor/lib/test/auto/PublisherSubscriber2.xml (RunModel)" time="0.011" />
  <testcase classname="ptolemy.util.test.junit.AutoTests" name="[285] /home/travis/build/icyphy/ptII/ptolemy/actor/lib/test/auto/PublisherSubscriber3.xml (RunModel)" time="0.01" />
  <testcase classname="ptolemy.util.test.junit.AutoTests" name="[286] /home/travis/build/icyphy/ptII/ptolemy/actor/lib/test/auto/PublisherSubscriber4.xml (RunModel)" time="0.009" />
  <testcase classname="ptolemy.util.test.junit.AutoTests" name="[287] /home/travis/build/icyphy/ptII/ptolemy/actor/lib/test/auto/PublisherSubscriber5.xml (RunModel)" time="0.012" />
  <testcase classname="ptolemy.util.test.junit.AutoTests" name="[288] /home/travis/build/icyphy/ptII/ptolemy/actor/lib/test/auto/PublisherSubscriber6.xml (RunModel)" time="0.016" />
  <testcase classname="ptolemy.util.test.junit.AutoTests" name="[289] /home/travis/build/icyphy/ptII/ptolemy/actor/lib/test/auto/PublisherSubscriber7.xml (RunModel)" time="0.021" />
  <testcase classname="ptolemy.util.test.junit.AutoTests" name="[290] /home/travis/build/icyphy/ptII/ptolemy/actor/lib/test/auto/PublisherSubscriber8.xml (RunModel)" time="0.03" />
  <testcase classname="ptolemy.util.test.junit.AutoTests" name="[291] /home/travis/build/icyphy/ptII/ptolemy/actor/lib/test/auto/PublisherSubscriber9.xml (RunModel)" time="0.019" />
  <testcase classname="ptolemy.util.test.junit.AutoTests" name="[292] /home/travis/build/icyphy/ptII/ptolemy/actor/lib/test/auto/PublisherSubscriberAdjacent.xml (RunModel)" time="0.015" />
  <testcase classname="ptolemy.util.test.junit.AutoTests" name="[293] /home/travis/build/icyphy/ptII/ptolemy/actor/lib/test/auto/PublisherSubscriberChannelVariablesAOC2.xml (RunModel)" time="0.023" />
  <testcase classname="ptolemy.util.test.junit.AutoTests" name="[294] /home/travis/build/icyphy/ptII/ptolemy/actor/lib/test/auto/PublisherSubscriberD3.xml (RunModel)" time="0.013" />
  <testcase classname="ptolemy.util.test.junit.AutoTests" name="[295] /home/travis/build/icyphy/ptII/ptolemy/actor/lib/test/auto/PublisherSubscriberD3Reverse.xml (RunModel)" time="0.011" />
  <testcase classname="ptolemy.util.test.junit.AutoTests" name="[296] /home/travis/build/icyphy/ptII/ptolemy/actor/lib/test/auto/PublisherSubscriberExpression.xml (RunModel)" time="0.016" />
  <testcase classname="ptolemy.util.test.junit.AutoTests" name="[297] /home/travis/build/icyphy/ptII/ptolemy/actor/lib/test/auto/PublisherSubscriberOpaque.xml (RunModel)" time="0.016" />
  <testcase classname="ptolemy.util.test.junit.AutoTests" name="[298] /home/travis/build/icyphy/ptII/ptolemy/actor/lib/test/auto/PublisherSubscriberOpaqueD3.xml (RunModel)" time="0.028" />
  <testcase classname="ptolemy.util.test.junit.AutoTests" name="[299] /home/travis/build/icyphy/ptII/ptolemy/actor/lib/test/auto/PublisherSubscriberOpaqueD3Reverse.xml (RunModel)" time="0.027" />
  <testcase classname="ptolemy.util.test.junit.AutoTests" name="[300] /home/travis/build/icyphy/ptII/ptolemy/actor/lib/test/auto/PublisherSubscriberOpaqueWidthInference.xml (RunModel)" time="0.018" />
  <testcase classname="ptolemy.util.test.junit.AutoTests" name="[301] /home/travis/build/icyphy/ptII/ptolemy/actor/lib/test/auto/PublisherTestSubscriber.xml (RunModel)" time="0.013" />
  <testcase classname="ptolemy.util.test.junit.AutoTests" name="[302] /home/travis/build/icyphy/ptII/ptolemy/actor/lib/test/auto/PublisherToplevelSubscriberPortAOC.xml (RunModel)" time="0.009" />
  <testcase classname="ptolemy.util.test.junit.AutoTests" name="[303] /home/travis/build/icyphy/ptII/ptolemy/actor/lib/test/auto/PulseFiringLimitDE.xml (RunModel)" time="0.012" />
  <testcase classname="ptolemy.util.test.junit.AutoTests" name="[304] /home/travis/build/icyphy/ptII/ptolemy/actor/lib/test/auto/Ramp1.xml (RunModel)" time="0.006" />
  <testcase classname="ptolemy.util.test.junit.AutoTests" name="[305] /home/travis/build/icyphy/ptII/ptolemy/actor/lib/test/auto/RampFiringLimitDE.xml (RunModel)" time="0.014" />
  <testcase classname="ptolemy.util.test.junit.AutoTests" name="[306] /home/travis/build/icyphy/ptII/ptolemy/actor/lib/test/auto/RampFiringLimitSDF.xml (RunModel)" time="0.014" />
  <testcase classname="ptolemy.util.test.junit.AutoTests" name="[307] /home/travis/build/icyphy/ptII/ptolemy/actor/lib/test/auto/RandomInteger.xml (RunModel)" time="0.008" />
  <testcase classname="ptolemy.util.test.junit.AutoTests" name="[308] /home/travis/build/icyphy/ptII/ptolemy/actor/lib/test/auto/ReadFile1.xml (RunModel)" time="0.01" />
  <testcase classname="ptolemy.util.test.junit.AutoTests" name="[309] /home/travis/build/icyphy/ptII/ptolemy/actor/lib/test/auto/ReadFile2.xml (RunModel)" time="0.009" />
  <testcase classname="ptolemy.util.test.junit.AutoTests" name="[310] /home/travis/build/icyphy/ptII/ptolemy/actor/lib/test/auto/Reader.xml (RunModel)" time="0.014" />
  <testcase classname="ptolemy.util.test.junit.AutoTests" name="[311] /home/travis/build/icyphy/ptII/ptolemy/actor/lib/test/auto/RecordAssemblerDisplayNameTest.xml (RunModel)" time="2.965" />
  <testcase classname="ptolemy.util.test.junit.AutoTests" name="[312] /home/travis/build/icyphy/ptII/ptolemy/actor/lib/test/auto/RecordAssemblerTypeError.xml (RunModel)" time="0.031" />
  <testcase classname="ptolemy.util.test.junit.AutoTests" name="[313] /home/travis/build/icyphy/ptII/ptolemy/actor/lib/test/auto/RecordDisassember.xml (RunModel)" time="0.01" />
  <testcase classname="ptolemy.util.test.junit.AutoTests" name="[314] /home/travis/build/icyphy/ptII/ptolemy/actor/lib/test/auto/RecordDisassemberDisplayNameTest.xml (RunModel)" time="0.02" />
  <testcase classname="ptolemy.util.test.junit.AutoTests" name="[315] /home/travis/build/icyphy/ptII/ptolemy/actor/lib/test/auto/RecordDisassembler.xml (RunModel)" time="0.009" />
  <testcase classname="ptolemy.util.test.junit.AutoTests" name="[316] /home/travis/build/icyphy/ptII/ptolemy/actor/lib/test/auto/RecordDisassembler2.xml (RunModel)" time="0.01" />
  <testcase classname="ptolemy.util.test.junit.AutoTests" name="[317] /home/travis/build/icyphy/ptII/ptolemy/actor/lib/test/auto/RecordUpdater.xml (RunModel)" time="0.009" />
  <testcase classname="ptolemy.util.test.junit.AutoTests" name="[318] /home/travis/build/icyphy/ptII/ptolemy/actor/lib/test/auto/RecordUpdater2.xml (RunModel)" time="0.009" />
  <testcase classname="ptolemy.util.test.junit.AutoTests" name="[319] /home/travis/build/icyphy/ptII/ptolemy/actor/lib/test/auto/RecursiveLattice.xml (RunModel)" time="0.008" />
  <testcase classname="ptolemy.util.test.junit.AutoTests" name="[320] /home/travis/build/icyphy/ptII/ptolemy/actor/lib/test/auto/Router.xml (RunModel)" time="3.024" />
  <testcase classname="ptolemy.util.test.junit.AutoTests" name="[321] /home/travis/build/icyphy/ptII/ptolemy/actor/lib/test/auto/Router2.xml (RunModel)" time="3.022" />
  <testcase classname="ptolemy.util.test.junit.AutoTests" name="[322] /home/travis/build/icyphy/ptII/ptolemy/actor/lib/test/auto/RunningMaximum.xml (RunModel)" time="0.016" />
  <testcase classname="ptolemy.util.test.junit.AutoTests" name="[323] /home/travis/build/icyphy/ptII/ptolemy/actor/lib/test/auto/RunningMinimum.xml (RunModel)" time="0.014" />
  <testcase classname="ptolemy.util.test.junit.AutoTests" name="[324] /home/travis/build/icyphy/ptII/ptolemy/actor/lib/test/auto/Scale.xml (RunModel)" time="0.008" />
  <testcase classname="ptolemy.util.test.junit.AutoTests" name="[325] /home/travis/build/icyphy/ptII/ptolemy/actor/lib/test/auto/Scale2.xml (RunModel)" time="0.009" />
  <testcase classname="ptolemy.util.test.junit.AutoTests" name="[326] /home/travis/build/icyphy/ptII/ptolemy/actor/lib/test/auto/Scale3.xml (RunModel)" time="0.012" />
  <testcase classname="ptolemy.util.test.junit.AutoTests" name="[327] /home/travis/build/icyphy/ptII/ptolemy/actor/lib/test/auto/ScaleArray.xml (RunModel)" time="0.006" />
  <testcase classname="ptolemy.util.test.junit.AutoTests" name="[328] /home/travis/build/icyphy/ptII/ptolemy/actor/lib/test/auto/ScaleArray2.xml (RunModel)" time="0.007" />
  <testcase classname="ptolemy.util.test.junit.AutoTests" name="[329] /home/travis/build/icyphy/ptII/ptolemy/actor/lib/test/auto/ScaleMatrix.xml (RunModel)" time="0.105" />
  <testcase classname="ptolemy.util.test.junit.AutoTests" name="[330] /home/travis/build/icyphy/ptII/ptolemy/actor/lib/test/auto/Select.xml (RunModel)" time="0.012" />
  <testcase classname="ptolemy.util.test.junit.AutoTests" name="[331] /home/travis/build/icyphy/ptII/ptolemy/actor/lib/test/auto/Select2.xml (RunModel)" time="0.012" />
  <testcase classname="ptolemy.util.test.junit.AutoTests" name="[332] /home/travis/build/icyphy/ptII/ptolemy/actor/lib/test/auto/SequenceToArray2.xml (RunModel)" time="0.115" />
  <testcase classname="ptolemy.util.test.junit.AutoTests" name="[333] /home/travis/build/icyphy/ptII/ptolemy/actor/lib/test/auto/SequentialClock.xml (RunModel)" time="0.007" />
  <testcase classname="ptolemy.util.test.junit.AutoTests" name="[334] /home/travis/build/icyphy/ptII/ptolemy/actor/lib/test/auto/SetVariable.xml (RunModel)" time="0.01" />
  <testcase classname="ptolemy.util.test.junit.AutoTests" name="[335] /home/travis/build/icyphy/ptII/ptolemy/actor/lib/test/auto/SetVariable2.xml (RunModel)" time="0.014" />
  <testcase classname="ptolemy.util.test.junit.AutoTests" name="[336] /home/travis/build/icyphy/ptII/ptolemy/actor/lib/test/auto/SetVariable3.xml (RunModel)" time="0.019" />
  <testcase classname="ptolemy.util.test.junit.AutoTests" name="[337] /home/travis/build/icyphy/ptII/ptolemy/actor/lib/test/auto/SetVariable4.xml (RunModel)" time="0.031" />
  <testcase classname="ptolemy.util.test.junit.AutoTests" name="[338] /home/travis/build/icyphy/ptII/ptolemy/actor/lib/test/auto/SetVariable5.xml (RunModel)" time="0.037" />
  <testcase classname="ptolemy.util.test.junit.AutoTests" name="[339] /home/travis/build/icyphy/ptII/ptolemy/actor/lib/test/auto/Sinewave.xml (RunModel)" time="0.021" />
  <testcase classname="ptolemy.util.test.junit.AutoTests" name="[340] /home/travis/build/icyphy/ptII/ptolemy/actor/lib/test/auto/Sinewave2.xml (RunModel)" time="0.018" />
  <testcase classname="ptolemy.util.test.junit.AutoTests" name="[341] /home/travis/build/icyphy/ptII/ptolemy/actor/lib/test/auto/Sinewave3.xml (RunModel)" time="0.02" />
  <testcase classname="ptolemy.util.test.junit.AutoTests" name="[342] /home/travis/build/icyphy/ptII/ptolemy/actor/lib/test/auto/SingleEvent.xml (RunModel)" time="0.007" />
  <testcase classname="ptolemy.util.test.junit.AutoTests" name="[343] /home/travis/build/icyphy/ptII/ptolemy/actor/lib/test/auto/Sleep.xml (RunModel)" time="6.011" />
  <testcase classname="ptolemy.util.test.junit.AutoTests" name="[344] /home/travis/build/icyphy/ptII/ptolemy/actor/lib/test/auto/SleepMultipleFire.xml (RunModel)" time="1.028" />
  <testcase classname="ptolemy.util.test.junit.AutoTests" name="[345] /home/travis/build/icyphy/ptII/ptolemy/actor/lib/test/auto/StopDE.xml (RunModel)" time="0.014" />
  <testcase classname="ptolemy.util.test.junit.AutoTests" name="[346] /home/travis/build/icyphy/ptII/ptolemy/actor/lib/test/auto/StopSDF.xml (RunModel)" time="0.011" />
  <testcase classname="ptolemy.util.test.junit.AutoTests" name="[347] /home/travis/build/icyphy/ptII/ptolemy/actor/lib/test/auto/StringConstant.xml (RunModel)" time="0.009" />
  <testcase classname="ptolemy.util.test.junit.AutoTests" name="[348] /home/travis/build/icyphy/ptII/ptolemy/actor/lib/test/auto/SubscriberPortInitialValues1.xml (RunModel)" time="0.017" />
  <testcase classname="ptolemy.util.test.junit.AutoTests" name="[349] /home/travis/build/icyphy/ptII/ptolemy/actor/lib/test/auto/SubscriberPortInitialValues13.xml (RunModel)" time="0.022" />
  <testcase classname="ptolemy.util.test.junit.AutoTests" name="[350] /home/travis/build/icyphy/ptII/ptolemy/actor/lib/test/auto/SubscriberPortInitialValues14.xml (RunModel)" time="0.015" />
  <testcase classname="ptolemy.util.test.junit.AutoTests" name="[351] /home/travis/build/icyphy/ptII/ptolemy/actor/lib/test/auto/SubscriberPortInitialValues2.xml (RunModel)" time="0.015" />
  <testcase classname="ptolemy.util.test.junit.AutoTests" name="[352] /home/travis/build/icyphy/ptII/ptolemy/actor/lib/test/auto/SubscriberPortInitialValues3.xml (RunModel)" time="0.018" />
  <testcase classname="ptolemy.util.test.junit.AutoTests" name="[353] /home/travis/build/icyphy/ptII/ptolemy/actor/lib/test/auto/SubscriptionAggregator.xml (RunModel)" time="0.011" />
  <testcase classname="ptolemy.util.test.junit.AutoTests" name="[354] /home/travis/build/icyphy/ptII/ptolemy/actor/lib/test/auto/SubscriptionAggregator2.xml (RunModel)" time="0.011" />
  <testcase classname="ptolemy.util.test.junit.AutoTests" name="[355] /home/travis/build/icyphy/ptII/ptolemy/actor/lib/test/auto/SubscriptionAggregator3.xml (RunModel)" time="0.014" />
  <testcase classname="ptolemy.util.test.junit.AutoTests" name="[356] /home/travis/build/icyphy/ptII/ptolemy/actor/lib/test/auto/SubscriptionAggregatorMultiply.xml (RunModel)" time="0.013" />
  <testcase classname="ptolemy.util.test.junit.AutoTests" name="[357] /home/travis/build/icyphy/ptII/ptolemy/actor/lib/test/auto/SubscriptionAggregatorPortMultiply1.xml (RunModel)" time="0.012" />
  <testcase classname="ptolemy.util.test.junit.AutoTests" name="[358] /home/travis/build/icyphy/ptII/ptolemy/actor/lib/test/auto/Switch.xml (RunModel)" time="0.013" />
  <testcase classname="ptolemy.util.test.junit.AutoTests" name="[359] /home/travis/build/icyphy/ptII/ptolemy/actor/lib/test/auto/Switch2.xml (RunModel)" time="0.013" />
  <testcase classname="ptolemy.util.test.junit.AutoTests" name="[360] /home/travis/build/icyphy/ptII/ptolemy/actor/lib/test/auto/SwitchDE.xml (RunModel)" time="0.012" />
  <testcase classname="ptolemy.util.test.junit.AutoTests" name="[361] /home/travis/build/icyphy/ptII/ptolemy/actor/lib/test/auto/SynchronizerDE.xml (RunModel)" time="0.016" />
  <testcase classname="ptolemy.util.test.junit.AutoTests" name="[362] /home/travis/build/icyphy/ptII/ptolemy/actor/lib/test/auto/Test.xml (RunModel)" time="0.009" />
  <testcase classname="ptolemy.util.test.junit.AutoTests" name="[363] /home/travis/build/icyphy/ptII/ptolemy/actor/lib/test/auto/TestExceptionAttribute1.xml (RunModel)" time="0.006" />
  <testcase classname="ptolemy.util.test.junit.AutoTests" name="[364] /home/travis/build/icyphy/ptII/ptolemy/actor/lib/test/auto/TestExceptionAttribute2.xml (RunModel)" time="0.006" />
  <testcase classname="ptolemy.util.test.junit.AutoTests" name="[365] /home/travis/build/icyphy/ptII/ptolemy/actor/lib/test/auto/TestExceptionAttribute3.xml (RunModel)" time="0.006" />
  <testcase classname="ptolemy.util.test.junit.AutoTests" name="[366] /home/travis/build/icyphy/ptII/ptolemy/actor/lib/test/auto/TestExceptionAttribute4.xml (RunModel)" time="0.007" />
  <testcase classname="ptolemy.util.test.junit.AutoTests" name="[367] /home/travis/build/icyphy/ptII/ptolemy/actor/lib/test/auto/TestExceptionHandler1.xml (RunModel)" time="0.006" />
  <testcase classname="ptolemy.util.test.junit.AutoTests" name="[368] /home/travis/build/icyphy/ptII/ptolemy/actor/lib/test/auto/TestExceptionHandler2.xml (RunModel)" time="0.006" />
  <testcase classname="ptolemy.util.test.junit.AutoTests" name="[369] /home/travis/build/icyphy/ptII/ptolemy/actor/lib/test/auto/TestExceptionHandler3.xml (RunModel)" time="0.006" />
  <testcase classname="ptolemy.util.test.junit.AutoTests" name="[370] /home/travis/build/icyphy/ptII/ptolemy/actor/lib/test/auto/TestExceptionHandler4.xml (RunModel)" time="0.006" />
  <testcase classname="ptolemy.util.test.junit.AutoTests" name="[371] /home/travis/build/icyphy/ptII/ptolemy/actor/lib/test/auto/TestRequireCorrectOrder.xml (RunModel)" time="0.009" />
  <testcase classname="ptolemy.util.test.junit.AutoTests" name="[372] /home/travis/build/icyphy/ptII/ptolemy/actor/lib/test/auto/TestSimple.xml (RunModel)" time="0.007" />
  <testcase classname="ptolemy.util.test.junit.AutoTests" name="[373] /home/travis/build/icyphy/ptII/ptolemy/actor/lib/test/auto/ThrowModelError.xml (RunModel)" time="0.011" />
  <testcase classname="ptolemy.util.test.junit.AutoTests" name="[374] /home/travis/build/icyphy/ptII/ptolemy/actor/lib/test/auto/TimeDelayMicrosteps.xml (RunModel)" time="0.013" />
  <testcase classname="ptolemy.util.test.junit.AutoTests" name="[375] /home/travis/build/icyphy/ptII/ptolemy/actor/lib/test/auto/TimeDelayMicrosteps2.xml (RunModel)" time="0.014" />
  <testcase classname="ptolemy.util.test.junit.AutoTests" name="[376] /home/travis/build/icyphy/ptII/ptolemy/actor/lib/test/auto/TimeDelayMicrosteps3.xml (RunModel)" time="0.012" />
  <testcase classname="ptolemy.util.test.junit.AutoTests" name="[377] /home/travis/build/icyphy/ptII/ptolemy/actor/lib/test/auto/TimeDelayVariableMicrosteps.xml (RunModel)" time="0.011" />
  <testcase classname="ptolemy.util.test.junit.AutoTests" name="[378] /home/travis/build/icyphy/ptII/ptolemy/actor/lib/test/auto/TimeGap.xml (RunModel)" time="0.012" />
  <testcase classname="ptolemy.util.test.junit.AutoTests" name="[379] /home/travis/build/icyphy/ptII/ptolemy/actor/lib/test/auto/TimeGap2.xml (RunModel)" time="0.011" />
  <testcase classname="ptolemy.util.test.junit.AutoTests" name="[380] /home/travis/build/icyphy/ptII/ptolemy/actor/lib/test/auto/TimedSinewave.xml (RunModel)" time="0.038" />
  <testcase classname="ptolemy.util.test.junit.AutoTests" name="[381] /home/travis/build/icyphy/ptII/ptolemy/actor/lib/test/auto/TimedSinewavePhase.xml (RunModel)" time="0.027" />
  <testcase classname="ptolemy.util.test.junit.AutoTests" name="[382] /home/travis/build/icyphy/ptII/ptolemy/actor/lib/test/auto/Timer.xml (RunModel)" time="0.017" />
  <testcase classname="ptolemy.util.test.junit.AutoTests" name="[383] /home/travis/build/icyphy/ptII/ptolemy/actor/lib/test/auto/TriangularDistTestModel.xml (RunModel)" time="0.013" />
  <testcase classname="ptolemy.util.test.junit.AutoTests" name="[384] /home/travis/build/icyphy/ptII/ptolemy/actor/lib/test/auto/TrigFunction.xml (RunModel)" time="0.008" />
  <testcase classname="ptolemy.util.test.junit.AutoTests" name="[385] /home/travis/build/icyphy/ptII/ptolemy/actor/lib/test/auto/TrigFunctionDE.xml (RunModel)" time="0.011" />
  <testcase classname="ptolemy.util.test.junit.AutoTests" name="[386] /home/travis/build/icyphy/ptII/ptolemy/actor/lib/test/auto/TrigFunctionInverse.xml (RunModel)" time="0.009" />
  <testcase classname="ptolemy.util.test.junit.AutoTests" name="[387] /home/travis/build/icyphy/ptII/ptolemy/actor/lib/test/auto/TrigFunctionTan.xml (RunModel)" time="0.007" />
  <testcase classname="ptolemy.util.test.junit.AutoTests" name="[388] /home/travis/build/icyphy/ptII/ptolemy/actor/lib/test/auto/TriggeredClock.xml (RunModel)" time="0.009" />
  <testcase classname="ptolemy.util.test.junit.AutoTests" name="[389] /home/travis/build/icyphy/ptII/ptolemy/actor/lib/test/auto/URLDirectoryReader.xml (RunModel)" time="0.081" />
  <testcase classname="ptolemy.util.test.junit.AutoTests" name="[390] /home/travis/build/icyphy/ptII/ptolemy/actor/lib/test/auto/URLDirectoryReader3.xml (RunModel)" time="1.524" />
  <testcase classname="ptolemy.util.test.junit.AutoTests" name="[391] /home/travis/build/icyphy/ptII/ptolemy/actor/lib/test/auto/UnaryMathFunction.xml (RunModel)" time="0.022" />
  <testcase classname="ptolemy.util.test.junit.AutoTests" name="[392] /home/travis/build/icyphy/ptII/ptolemy/actor/lib/test/auto/Uniform.xml (RunModel)" time="0.035" />
  <testcase classname="ptolemy.util.test.junit.AutoTests" name="[393] /home/travis/build/icyphy/ptII/ptolemy/actor/lib/test/auto/UnionDisassemblerTest.xml (RunModel)" time="0.024" />
  <testcase classname="ptolemy.util.test.junit.AutoTests" name="[394] /home/travis/build/icyphy/ptII/ptolemy/actor/lib/test/auto/UtilityFunctions.xml (RunModel)" time="0.032" />
  <testcase classname="ptolemy.util.test.junit.AutoTests" name="[395] /home/travis/build/icyphy/ptII/ptolemy/actor/lib/test/auto/VariableSleep.xml (RunModel)" time="0.538" />
  <testcase classname="ptolemy.util.test.junit.AutoTests" name="[396] /home/travis/build/icyphy/ptII/ptolemy/actor/lib/test/auto/VectorAssemblerDisassemblerCT.xml (RunModel)" time="0.099" />
  <testcase classname="ptolemy.util.test.junit.AutoTests" name="[397] /home/travis/build/icyphy/ptII/ptolemy/actor/lib/test/auto/VectorAssemblerDisassemblerDE.xml (RunModel)" time="0.014" />
  <testcase classname="ptolemy.util.test.junit.AutoTests" name="[398] /home/travis/build/icyphy/ptII/ptolemy/actor/lib/test/auto/VectorAssemblerDisassemblerSDF.xml (RunModel)" time="0.015" />
  <testcase classname="ptolemy.util.test.junit.AutoTests" name="[399] /home/travis/build/icyphy/ptII/ptolemy/actor/lib/test/auto/WallClockTime.xml (RunModel)" time="1.016" />
  <testcase classname="ptolemy.util.test.junit.AutoTests" name="[400] /home/travis/build/icyphy/ptII/ptolemy/actor/lib/test/auto/WidthTestWithSubscriberPublisher.xml (RunModel)" time="0.041" />
  <testcase classname="ptolemy.util.test.junit.AutoTests" name="[401] /home/travis/build/icyphy/ptII/ptolemy/actor/lib/test/auto/WidthTestWithSubscriberPublisher2.xml (RunModel)" time="0.015" />
  <testcase classname="ptolemy.util.test.junit.AutoTests" name="[402] /home/travis/build/icyphy/ptII/ptolemy/actor/lib/test/auto/WidthTestWithSubscriberPublisher3.xml (RunModel)" time="0.011" />
  <testcase classname="ptolemy.util.test.junit.AutoTests" name="[403] /home/travis/build/icyphy/ptII/ptolemy/actor/lib/test/auto/Writer.xml (RunModel)" time="0.009" />
  <testcase classname="ptolemy.util.test.junit.AutoTests" name="[404] /home/travis/build/icyphy/ptII/ptolemy/actor/lib/test/auto/array.xml (RunModel)" time="0.009" />
  <testcase classname="ptolemy.util.test.junit.AutoTests" name="[405] /home/travis/build/icyphy/ptII/ptolemy/actor/lib/test/auto/array2.xml (RunModel)" time="0.033" />
  <testcase classname="ptolemy.util.test.junit.AutoTests" name="[406] /home/travis/build/icyphy/ptII/ptolemy/actor/lib/test/auto/arrayType.xml (RunModel)" time="0.008" />
  <testcase classname="ptolemy.util.test.junit.AutoTests" name="[407] /home/travis/build/icyphy/ptII/ptolemy/actor/lib/test/auto/arrayType10.xml (RunModel)" time="0.008" />
  <testcase classname="ptolemy.util.test.junit.AutoTests" name="[408] /home/travis/build/icyphy/ptII/ptolemy/actor/lib/test/auto/arrayType11.xml (RunModel)" time="0.008" />
  <testcase classname="ptolemy.util.test.junit.AutoTests" name="[409] /home/travis/build/icyphy/ptII/ptolemy/actor/lib/test/auto/arrayType12.xml (RunModel)" time="0.008" />
  <testcase classname="ptolemy.util.test.junit.AutoTests" name="[410] /home/travis/build/icyphy/ptII/ptolemy/actor/lib/test/auto/arrayType13.xml (RunModel)" time="0.008" />
  <testcase classname="ptolemy.util.test.junit.AutoTests" name="[411] /home/travis/build/icyphy/ptII/ptolemy/actor/lib/test/auto/arrayType14.xml (RunModel)" time="0.008" />
  <testcase classname="ptolemy.util.test.junit.AutoTests" name="[412] /home/travis/build/icyphy/ptII/ptolemy/actor/lib/test/auto/arrayType15.xml (RunModel)" time="0.008" />
  <testcase classname="ptolemy.util.test.junit.AutoTests" name="[413] /home/travis/build/icyphy/ptII/ptolemy/actor/lib/test/auto/arrayType16.xml (RunModel)" time="0.009" />
  <testcase classname="ptolemy.util.test.junit.AutoTests" name="[414] /home/travis/build/icyphy/ptII/ptolemy/actor/lib/test/auto/arrayType17.xml (RunModel)" time="0.008" />
  <testcase classname="ptolemy.util.test.junit.AutoTests" name="[415] /home/travis/build/icyphy/ptII/ptolemy/actor/lib/test/auto/arrayType18.xml (RunModel)" time="0.007" />
  <testcase classname="ptolemy.util.test.junit.AutoTests" name="[416] /home/travis/build/icyphy/ptII/ptolemy/actor/lib/test/auto/arrayType19.xml (RunModel)" time="0.008" />
  <testcase classname="ptolemy.util.test.junit.AutoTests" name="[417] /home/travis/build/icyphy/ptII/ptolemy/actor/lib/test/auto/arrayType2.xml (RunModel)" time="0.015" />
  <testcase classname="ptolemy.util.test.junit.AutoTests" name="[418] /home/travis/build/icyphy/ptII/ptolemy/actor/lib/test/auto/arrayType20.xml (RunModel)" time="0.009" />
  <testcase classname="ptolemy.util.test.junit.AutoTests" name="[419] /home/travis/build/icyphy/ptII/ptolemy/actor/lib/test/auto/arrayType21.xml (RunModel)" time="0.009" />
  <testcase classname="ptolemy.util.test.junit.AutoTests" name="[420] /home/travis/build/icyphy/ptII/ptolemy/actor/lib/test/auto/arrayType22.xml (RunModel)" time="0.007" />
  <testcase classname="ptolemy.util.test.junit.AutoTests" name="[421] /home/travis/build/icyphy/ptII/ptolemy/actor/lib/test/auto/arrayType23.xml (RunModel)" time="0.008" />
  <testcase classname="ptolemy.util.test.junit.AutoTests" name="[422] /home/travis/build/icyphy/ptII/ptolemy/actor/lib/test/auto/arrayType24.xml (RunModel)" time="0.009" />
  <testcase classname="ptolemy.util.test.junit.AutoTests" name="[423] /home/travis/build/icyphy/ptII/ptolemy/actor/lib/test/auto/arrayType25.xml (RunModel)" time="0.009" />
  <testcase classname="ptolemy.util.test.junit.AutoTests" name="[424] /home/travis/build/icyphy/ptII/ptolemy/actor/lib/test/auto/arrayType26.xml (RunModel)" time="0.008" />
  <testcase classname="ptolemy.util.test.junit.AutoTests" name="[425] /home/travis/build/icyphy/ptII/ptolemy/actor/lib/test/auto/arrayType27.xml (RunModel)" time="0.008" />
  <testcase classname="ptolemy.util.test.junit.AutoTests" name="[426] /home/travis/build/icyphy/ptII/ptolemy/actor/lib/test/auto/arrayType28.xml (RunModel)" time="0.008" />
  <testcase classname="ptolemy.util.test.junit.AutoTests" name="[427] /home/travis/build/icyphy/ptII/ptolemy/actor/lib/test/auto/arrayType3.xml (RunModel)" time="0.011" />
  <testcase classname="ptolemy.util.test.junit.AutoTests" name="[428] /home/travis/build/icyphy/ptII/ptolemy/actor/lib/test/auto/arrayType4.xml (RunModel)" time="0.008" />
  <testcase classname="ptolemy.util.test.junit.AutoTests" name="[429] /home/travis/build/icyphy/ptII/ptolemy/actor/lib/test/auto/arrayType5.xml (RunModel)" time="0.01" />
  <testcase classname="ptolemy.util.test.junit.AutoTests" name="[430] /home/travis/build/icyphy/ptII/ptolemy/actor/lib/test/auto/arrayType6.xml (RunModel)" time="0.008" />
  <testcase classname="ptolemy.util.test.junit.AutoTests" name="[431] /home/travis/build/icyphy/ptII/ptolemy/actor/lib/test/auto/arrayType7.xml (RunModel)" time="0.008" />
  <testcase classname="ptolemy.util.test.junit.AutoTests" name="[432] /home/travis/build/icyphy/ptII/ptolemy/actor/lib/test/auto/arrayType8.xml (RunModel)" time="0.021" />
  <testcase classname="ptolemy.util.test.junit.AutoTests" name="[433] /home/travis/build/icyphy/ptII/ptolemy/actor/lib/test/auto/arrayType9.xml (RunModel)" time="0.008" />
  <testcase classname="ptolemy.util.test.junit.AutoTests" name="[434] /home/travis/build/icyphy/ptII/ptolemy/actor/lib/test/auto/cast.xml (RunModel)" time="0.012" />
  <testcase classname="ptolemy.util.test.junit.AutoTests" name="[435] /home/travis/build/icyphy/ptII/ptolemy/actor/lib/test/auto/compositeMultiPort.xml (RunModel)" time="0.02" />
  <testcase classname="ptolemy.util.test.junit.AutoTests" name="[436] /home/travis/build/icyphy/ptII/ptolemy/actor/lib/test/auto/expressionCastInference.xml (RunModel)" time="0.008" />
  <testcase classname="ptolemy.util.test.junit.AutoTests" name="[437] /home/travis/build/icyphy/ptII/ptolemy/actor/lib/test/auto/expressionCastInference2.xml (RunModel)" time="0.007" />
  <testcase classname="ptolemy.util.test.junit.AutoTests" name="[438] /home/travis/build/icyphy/ptII/ptolemy/actor/lib/test/auto/expressionInference.xml (RunModel)" time="0.007" />
  <testcase classname="ptolemy.util.test.junit.AutoTests" name="[439] /home/travis/build/icyphy/ptII/ptolemy/actor/lib/test/auto/expression_bug.xml (RunModel)" time="0.007" />
  <testcase classname="ptolemy.util.test.junit.AutoTests" name="[440] /home/travis/build/icyphy/ptII/ptolemy/actor/lib/test/auto/factorial.xml (RunModel)" time="0.049" />
  <testcase classname="ptolemy.util.test.junit.AutoTests" name="[441] /home/travis/build/icyphy/ptII/ptolemy/actor/lib/test/auto/filterTest1.xml (RunModel)" time="0.012" />
  <testcase classname="ptolemy.util.test.junit.AutoTests" name="[442] /home/travis/build/icyphy/ptII/ptolemy/actor/lib/test/auto/funcApplyInConst.xml (RunModel)" time="0.005" />
  <testcase classname="ptolemy.util.test.junit.AutoTests" name="[443] /home/travis/build/icyphy/ptII/ptolemy/actor/lib/test/auto/funcApplyInExpr.xml (RunModel)" time="0.007" />
  <testcase classname="ptolemy.util.test.junit.AutoTests" name="[444] /home/travis/build/icyphy/ptII/ptolemy/actor/lib/test/auto/function.xml (RunModel)" time="0.01" />
  <testcase classname="ptolemy.util.test.junit.AutoTests" name="[445] /home/travis/build/icyphy/ptII/ptolemy/actor/lib/test/auto/function2.xml (RunModel)" time="0.01" />
  <testcase classname="ptolemy.util.test.junit.AutoTests" name="[446] /home/travis/build/icyphy/ptII/ptolemy/actor/lib/test/auto/function3.xml (RunModel)" time="0.006" />
  <testcase classname="ptolemy.util.test.junit.AutoTests" name="[447] /home/travis/build/icyphy/ptII/ptolemy/actor/lib/test/auto/functionClosureTest1.xml (RunModel)" time="0.01" />
  <testcase classname="ptolemy.util.test.junit.AutoTests" name="[448] /home/travis/build/icyphy/ptII/ptolemy/actor/lib/test/auto/functionClosureTest2.xml (RunModel)" time="0.007" />
  <testcase classname="ptolemy.util.test.junit.AutoTests" name="[449] /home/travis/build/icyphy/ptII/ptolemy/actor/lib/test/auto/functionClosureTest3.xml (RunModel)" time="0.012" />
  <testcase classname="ptolemy.util.test.junit.AutoTests" name="[450] /home/travis/build/icyphy/ptII/ptolemy/actor/lib/test/auto/functionClosureTest4.xml (RunModel)" time="0.015" />
  <testcase classname="ptolemy.util.test.junit.AutoTests" name="[451] /home/travis/build/icyphy/ptII/ptolemy/actor/lib/test/auto/functionClosureTest5.xml (RunModel)" time="0.011" />
  <testcase classname="ptolemy.util.test.junit.AutoTests" name="[452] /home/travis/build/icyphy/ptII/ptolemy/actor/lib/test/auto/functionClosureTest6.xml (RunModel)" time="0.007" />
  <testcase classname="ptolemy.util.test.junit.AutoTests" name="[453] /home/travis/build/icyphy/ptII/ptolemy/actor/lib/test/auto/functionsOnArcs.xml (RunModel)" time="0.009" />
  <testcase classname="ptolemy.util.test.junit.AutoTests" name="[454] /home/travis/build/icyphy/ptII/ptolemy/actor/lib/test/auto/functionsOnArcsHOF.xml (RunModel)" time="0.012" />
  <testcase classname="ptolemy.util.test.junit.AutoTests" name="[455] /home/travis/build/icyphy/ptII/ptolemy/actor/lib/test/auto/logic.xml (RunModel)" time="0.016" />
  <testcase classname="ptolemy.util.test.junit.AutoTests" name="[456] /home/travis/build/icyphy/ptII/ptolemy/actor/lib/test/auto/matrixType.xml (RunModel)" time="0.008" />
  <testcase classname="ptolemy.util.test.junit.AutoTests" name="[457] /home/travis/build/icyphy/ptII/ptolemy/actor/lib/test/auto/matrixType10.xml (RunModel)" time="0.008" />
  <testcase classname="ptolemy.util.test.junit.AutoTests" name="[458] /home/travis/build/icyphy/ptII/ptolemy/actor/lib/test/auto/matrixType11.xml (RunModel)" time="0.008" />
  <testcase classname="ptolemy.util.test.junit.AutoTests" name="[459] /home/travis/build/icyphy/ptII/ptolemy/actor/lib/test/auto/matrixType12.xml (RunModel)" time="0.01" />
  <testcase classname="ptolemy.util.test.junit.AutoTests" name="[460] /home/travis/build/icyphy/ptII/ptolemy/actor/lib/test/auto/matrixType13.xml (RunModel)" time="0.008" />
  <testcase classname="ptolemy.util.test.junit.AutoTests" name="[461] /home/travis/build/icyphy/ptII/ptolemy/actor/lib/test/auto/matrixType14.xml (RunModel)" time="0.009" />
  <testcase classname="ptolemy.util.test.junit.AutoTests" name="[462] /home/travis/build/icyphy/ptII/ptolemy/actor/lib/test/auto/matrixType2.xml (RunModel)" time="0.008" />
  <testcase classname="ptolemy.util.test.junit.AutoTests" name="[463] /home/travis/build/icyphy/ptII/ptolemy/actor/lib/test/auto/matrixType3.xml (RunModel)" time="0.01" />
  <testcase classname="ptolemy.util.test.junit.AutoTests" name="[464] /home/travis/build/icyphy/ptII/ptolemy/actor/lib/test/auto/matrixType4.xml (RunModel)" time="0.008" />
  <testcase classname="ptolemy.util.test.junit.AutoTests" name="[465] /home/travis/build/icyphy/ptII/ptolemy/actor/lib/test/auto/matrixType5.xml (RunModel)" time="0.007" />
  <testcase classname="ptolemy.util.test.junit.AutoTests" name="[466] /home/travis/build/icyphy/ptII/ptolemy/actor/lib/test/auto/matrixType6.xml (RunModel)" time="0.009" />
  <testcase classname="ptolemy.util.test.junit.AutoTests" name="[467] /home/travis/build/icyphy/ptII/ptolemy/actor/lib/test/auto/matrixType7.xml (RunModel)" time="0.008" />
  <testcase classname="ptolemy.util.test.junit.AutoTests" name="[468] /home/travis/build/icyphy/ptII/ptolemy/actor/lib/test/auto/matrixType8.xml (RunModel)" time="0.01" />
  <testcase classname="ptolemy.util.test.junit.AutoTests" name="[469] /home/travis/build/icyphy/ptII/ptolemy/actor/lib/test/auto/matrixType9.xml (RunModel)" time="0.008" />
  <testcase classname="ptolemy.util.test.junit.AutoTests" name="[470] /home/travis/build/icyphy/ptII/ptolemy/actor/lib/test/auto/paraFunctest.xml (RunModel)" time="0.011" />
  <testcase classname="ptolemy.util.test.junit.AutoTests" name="[471] /home/travis/build/icyphy/ptII/ptolemy/actor/lib/test/auto/paraFunctest2.xml (RunModel)" time="0.01" />
  <testcase classname="ptolemy.util.test.junit.AutoTests" name="[472] /home/travis/build/icyphy/ptII/ptolemy/actor/lib/test/auto/parameterPassing.xml (RunModel)" time="0.008" />
  <testcase classname="ptolemy.util.test.junit.AutoTests" name="[473] /home/travis/build/icyphy/ptII/ptolemy/actor/lib/test/auto/record.xml (RunModel)" time="0.008" />
  <testcase classname="ptolemy.util.test.junit.AutoTests" name="[474] /home/travis/build/icyphy/ptII/ptolemy/actor/lib/test/auto/sizedarray1.xml (RunModel)" time="0.009" />
  <testcase classname="ptolemy.util.test.junit.AutoTests" name="[475] /home/travis/build/icyphy/ptII/ptolemy/actor/lib/test/auto/sizedarray2.xml (RunModel)" time="0.01" />
  <testcase classname="ptolemy.util.test.junit.AutoTests" name="[476] /home/travis/build/icyphy/ptII/ptolemy/actor/lib/test/auto/twoPublishers.xml (RunModel)" time="0.019" />
  <system-out><![CDATA[/home/travis/build/icyphy/ptII/ptolemy/actor/lib/test/AbsoluteValue.tcl
testDefs.tcl: setting time out to 9000 seconds at Tue Jun 05 23:00:48 UTC 2018
66 ms. Memory: 116224K Free: 107859K (93%)
4 ms. Memory: 116224K Free: 106656K (92%)
4 ms. Memory: 116224K Free: 106051K (91%)
3 ms. Memory: 116224K Free: 104856K (90%)
/home/travis/build/icyphy/ptII/ptolemy/actor/lib/test/AddSubtract.tcl
7 ms. Memory: 116224K Free: 103048K (89%)
5 ms. Memory: 116224K Free: 102443K (88%)
15 ms. Memory: 116224K Free: 101248K (87%)
9 ms. Memory: 116224K Free: 100643K (87%)
12 ms. Memory: 116224K Free: 100037K (86%)
3 ms. Memory: 116224K Free: 99448K (86%)
/home/travis/build/icyphy/ptII/ptolemy/actor/lib/test/Average.tcl
5 ms. Memory: 116224K Free: 97672K (84%)
5 ms. Memory: 116224K Free: 96477K (83%)
/home/travis/build/icyphy/ptII/ptolemy/actor/lib/test/Bernoulli.tcl
4 ms. Memory: 116224K Free: 94686K (81%)
8 ms. Memory: 116224K Free: 94096K (81%)
/home/travis/build/icyphy/ptII/ptolemy/actor/lib/test/Clock.tcl
preinitializing
resolving types
initializing
executing number 1
wrapping up
idle
19 ms. Memory: 116224K Free: 91691K (79%)
Completed execution with 5 iterations
preinitializing
resolving types
initializing
executing number 1
wrapping up
idle
8 ms. Memory: 116224K Free: 91102K (78%)
Completed execution with 5 iterations
preinitializing
resolving types
initializing
executing number 1
wrapping up
idle
6 ms. Memory: 116224K Free: 90488K (78%)
Completed execution with 5 iterations
/home/travis/build/icyphy/ptII/ptolemy/actor/lib/test/Commutator.tcl
7 ms. Memory: 116224K Free: 88720K (76%)
12 ms. Memory: 116224K Free: 87525K (75%)
8 ms. Memory: 116224K Free: 82559K (71%)
/home/travis/build/icyphy/ptII/ptolemy/actor/lib/test/Const.tcl
7 ms. Memory: 116224K Free: 81105K (70%)
14 ms. Memory: 146944K Free: 140324K (95%)
2 ms. Memory: 146944K Free: 139925K (95%)
4 ms. Memory: 146944K Free: 138712K (94%)
2 ms. Memory: 146944K Free: 138712K (94%)
25 ms. Memory: 146944K Free: 136320K (93%)
11 ms. Memory: 146944K Free: 136320K (93%)
6 ms. Memory: 146944K Free: 135124K (92%)
/home/travis/build/icyphy/ptII/ptolemy/actor/lib/test/CurrentTime.tcl
preinitializing
resolving types
initializing
executing number 1
wrapping up
idle
13 ms. Memory: 146944K Free: 132732K (90%)
Completed execution with 11 iterations
/home/travis/build/icyphy/ptII/ptolemy/actor/lib/test/DB.tcl
4 ms. Memory: 146944K Free: 131535K (90%)
4 ms. Memory: 146944K Free: 129110K (88%)
1 ms. Memory: 146944K Free: 129110K (88%)
/home/travis/build/icyphy/ptII/ptolemy/actor/lib/test/DiscreteRandomSource.tcl
preinitializing
resolving types
initializing
executing number 1
wrapping up
idle
5 ms. Memory: 146944K Free: 127914K (87%)
Completed execution with 4 iterations
preinitializing
resolving types
initializing
executing number 1
wrapping up
idle
5 ms. Memory: 146944K Free: 126717K (86%)
Completed execution with 4 iterations
preinitializing
resolving types
initializing
executing number 1
wrapping up
idle
5 ms. Memory: 146944K Free: 126717K (86%)
Completed execution with 4 iterations
preinitializing
resolving types
initializing
executing number 1
wrapping up
idle
7 ms. Memory: 146944K Free: 125521K (85%)
Completed execution with 4 iterations
preinitializing
resolving types
initializing
executing number 1
wrapping up
idle
3 ms. Memory: 146944K Free: 125521K (85%)
Completed execution with 4 iterations
/home/travis/build/icyphy/ptII/ptolemy/actor/lib/test/Distributor.tcl
3 ms. Memory: 146944K Free: 124322K (85%)
12 ms. Memory: 146944K Free: 123126K (84%)
StreamChangeRequest.changeExecuted(): <deleteEntity name="rec2"/> succeeded
StreamChangeRequest.changeExecuted(): <deleteRelation name="r2"/> succeeded
StreamChangeRequest.changeExecuted(): Record firings per iteration succeeded
11 ms. Memory: 146944K Free: 120734K (82%)
/home/travis/build/icyphy/ptII/ptolemy/actor/lib/test/Exit.tcl
Exit.tcl: this will print a message about Manager.exitAfterWrapup, which can be ignored.
3 ms. Memory: 146944K Free: 117727K (80%)
/home/travis/build/icyphy/ptII/ptolemy/actor/lib/test/Expression.tcl
4 ms. Memory: 146944K Free: 114106K (78%)
3 ms. Memory: 146944K Free: 114106K (78%)
3 ms. Memory: 146944K Free: 112909K (77%)
preinitializing
resolving types
initializing
executing number 1
wrapping up
idle
5 ms. Memory: 146944K Free: 111713K (76%)
Completed execution with 6 iterations
3 ms. Memory: 146944K Free: 110517K (75%)
2 ms. Memory: 146944K Free: 109321K (74%)
4 ms. Memory: 146944K Free: 108125K (74%)
3 ms. Memory: 146944K Free: 106929K (73%)
3 ms. Memory: 146944K Free: 105733K (72%)
/home/travis/build/icyphy/ptII/ptolemy/actor/lib/test/Gaussian.tcl
9 ms. Memory: 146944K Free: 104536K (71%)
sleeping 1 seconds: ..............................................................................................................................................................................................................................................................................................................................................................................................................................................................................................................................................................................................................................................................................................................................................................................................................................................................................................................................................................................................................................................................................................................................................................................................................................................................................................................................................................................................................................................................................................................................................................................................................................................................................................................................................................................................................................................................................................................................................................................................................................................................................................................................................................................................................................................................................................................................................................................................................................................................................................................................................................................................................................................................................................................................................................................................................................................................................................................................................................................................................................................................................................................................................................................................................................................................................................................................................................................................................................................................................................................................................................................................................................................................................................................................................................................................................................................................................................................................................................................................................................................................................................................................................................................................................................................................................................................................................................................................................................................................................................................................................................................................................................................................................................................................................................................................................................................................................................................................................................................................................................................................................................................................................................................................................................................................................................................................................................................................................................................................................................................................................................................................................................................................................................................................................................................................................................................................................................................................................................................................................................................................................................................................................................................................................................................................................................................................................................................................................................................................................................................................................................................................................................................................................................................................................................................................................................................................................................................................................................................................................................................................................................................................................................................................................................................................................................................................................................................................................................................................................................................................................................................................................................................................................................................................................................................................................................................................................................................................................................................................................................................................................................................................................................................................................................................................................................................................................................................................................................................................................................................................................................................................................................................................................................................................................................................................................................................................................................................................................................................................................................................................................................................................................................................................................................................................................................................................................................................................................................................................................................................................................................................................................................................................................................................................................................................................................................................................................................................................................................................................................................................................................................................................................................................................................................................................................................................................................................................................................................................................................................................................................................................................................................................................................................................................................................................................................................................................................................................................................................................................................................................................................................................................................................................................................................................................................................................................................................................................................................................................................................................................................................................................................................................................................................................................................................................................................................................................................................................................................................................................................................................................................................................................................................................................................................................................................................................................................................................................................................................................................................................................................................................................................................................................................................................................................................................................................................................................................................................................................................................................................................................................................................................................................................................................................................................................................................................................................................................................................................................................................................................................................................................................................................................................................................................................................................................................................................................................................................................................................................................................................................................................................................................................................................................................................................................................................................................................................................................................................................................................................................................................................................................................................................................................................................................................................................................................................................................................................................................................................................................................................................................................................................................................................................................................................................................................................................................................................................................................................................................................................................................................................................................................................................................................................................................................................................................................................................................................................................................................................................................................................................................................................................................................................................................................................................................................................................................................................................................................................................................................................................................................................................................................................................................................................................................................................................................................................................................................................................................................................................................................................................................................................................................................................................................................................................................................................................................................................................................................................................................................................................................................................................................................................................................................................................................................................................................................................................................................................................................................................................................................................................................................................................................................................................................................................................................................................................................................................................................................................................................................................................................................................................................................................................................................................................................................................................................................................................................................................................................................................................................................................................................................................................................................................................................................................................................................................................................................................................................................................................................................................................................................................................................................................................................................................................................................................................................................................................................................................................................................................................................................................................................................................................................................................................................................................................................................................................................................................................................................................................................................................................................................................................................................................................................................................................................................................................................................................................................................................................................................................................................................................................................................................................................................................................................................................................................................................................................................................................................................................................................................................................................................................................................................................................................................................................................................................................................................................................................................................................................................................................................................................................................................................................................................................................................................................................................................................................................................................................................................................................................................................................................................................................................................................................................................................................................................................................................................................................................................................................................................................................................................................................................................................................................................................................................................................................................................................................................................................................................................................................................................................................................................................................................................................................................................................................................................................................................................................................................................................................................................................................................................................................................................................................................................................................................................................................................................................................................................................................................................................................................................................................................................................................................................................................................................................................................................................................................................................................................................................................................................................................................................................................................................................................................................................................................................................................................................................................................................................................................................................................................................................................................................................................................................................................................................................................................................................................................................................................................................................................................................................................................................................................................................................................................................................................................................................................................................................................................................................................................................................................................................................................................................................................................................................................................................................................................................................................................................................................................................................................................................................................................................................................................................................................................................................................................................................................................................................................................................................................................................................................................................................................................................................................................................................................................................................................................................................................................................................................................................................................................................................................................................................................................................................................................................................................................................................................................................................................................................................................................................................................................................................................................................................................................................................................................................................................................................................................................................................................................................................................................................................................................................................................................................................................................................................................................................................................................................................................................................................................................................................................................................................................................................................................................................................................................................................................................................................................................................................................................................................................................................................................................................................................................................................................................................................................................................................................................................................................................................................................................................................................................................................................................................................................................................................................................................................................................................................................................................................................................................................................................................................................................................................................................................................................................................................................................................................................................................................................................................................................................................................................................................................................................................................................................................................................................................................................................................................................................................................................................................................................................................................................................................................................................................................................................................................................................................................................................................................................................................................................................................................................................................................................................................................................................................................................................................................................................................................................................................................................................................................................................................................................................................................................................................................................................................................................................................................................................................................................................................................................................................................................................................................................................................................................................................................................................................................................................................................................................................................................................................................................................................................................................................................................................................................................................................................................................................................................................................................................................................................................................................................................................................................................................................................................................................................................................................................................................................................................................................................................................................................................................................................................................................................................................................................................................................................................................................................................................................................................................................................................................................................................................................................................................................................................................................................................................................................................................................................................................................................................................................................................................................................................................................................................................................................................................................................................................................................................................................................................................................................................................................................................................................................................................................................................................................................................................................................................................................................................................................................................................................................................................................................................................................................................................................................................................................................................................................................................................................................................................................................................................................................................................................................................................................................................................................................................................................................................................................................................................................................................................................................................................................................................................................................................................................................................................................................................................................................................................................................................................................................................................................................................................................................................................................................................................................................................................................................................................................................................................................................................................................................................................................................................................................................................................................................................................................................................................................................................................................................................................................................................................................................................................................................................................................................................................................................................................................................................................................................................................................................................................................................................................................................................................................................................................................................................................................................................................................................................................................................................................................................................................................................................................................................................................................................................................................................................................................................................................................................................................................................................................................................................................................................................................................................................................................................................................................................................................................................................................................................................................................................................................................................................................................................................................................................................................................................................................................................................................................................................................................................................................................................................................................................................................................................................................................................................................................................................................................................................................................................................................................................................................................................................................................................................................................................................................................................................................................................................................................................................................................................................................................................................................................................................................................................................................................................................................................................................................................................................................................................................................................................................................................................................................................................................................................................................................................................................................................................................................................................................................................................................................................................................................................................................................................................................................................................................................................................................................................................................................................................................................................................................................................................................................................................................................................................................................................................................................................................................................................................................................................................................................................................................................................................................................................................................................................................................................................................................................................................................................................................................................................................................................................................................................................................................................................................................................................................................................................................................................................................................................................................................................................................................................................................................................................................................................................................................................................................................................................................................................................................................................................................................................................................................................................................................................................................................................................................................................................................................................................................................................................................................................................................................................................................................................................................................................................................................................................................................................................................................................................................................................................................................................................................................................................................................................................................................................................................................................................................................................................................................................................................................................................................................................................................................................................................................................................................................................................................................................................................................................................................................................................................................................................................................................................................................................................................................................................................................................................................................................................................................................................................................................................................................................................................................................................................................................................................................................................................................................................................................................................................................................................................................................................................................................................................................................................................................................................................................................................................................................................................................................................................................................................................................................................................................................................................................................................................................................................................................................................................................................................................................................................................................................................................................................................................................................................................................................................................................................................................................................................................................................................................................................................................................................................................................................................................................................................................................................................................................................................................................................................................................................................................................................................................................................................................................................................................................................................................................................................................................................................................................................................................................................................................................................................................................................................................................................................................................................................................................................................................................................................................................................................................................................................................................................................................................................................................................................................................................................................................................................................................................................................................................................................................................................................................................................................................................................................................................................................................................................................................................................................................................................................................................................................................................................................................................................................................................................................................................................................................................................................................................................................................................................................................................................................................................................................................................................................................................................................................................................................................................................................................................................................................................................................................................................................................................................................................................................................................................................................................................................................................................................................................................................................................................................................................................................................................................................................................................................................................................................................................................................................................................................................................................................................................................................................................................................................................................................................................................................................................................................................................................................................................................................................................................................................................................................................................................................................................................................................................................................................................................................................................................................................................................................................................................................................................................................................................................................................................................................................................................................................................................................................................................................................................................................................................................................................................................................................................................................................................................................................................................................................................................................................................................................................................................................................................................................................................................................................................................................................................................................................................................................................................................................................................................................................................................................................................................................................................................................................................................................................................................................................................................................................................................................................................................................................................................................................................................................................................................................................................................................................................................................................................................................................................................................................................................................................................................................................................................................................................................................................................................................................................................................................................................................................................................................................................................................................................................................................................................................................................................................................................................................................................................................................................................................................................................................................................................................................................................................................................................................................................................................................................................................................................................................................................................................................................................................................................................................................................................................................................................................................................................................................................................................................................................................................................................................................................................................................................................................................................................................................................................................................................................................................................................................................................................................................................................................................................................................................................................................................................................................................................................................................................................................................................................................................................................................................................................................................................................................................................................................................................................................................................................................................................................................................................................................................................................................................................................................................................................................................................................................................................................................................................................................................................................................................................................................................................................................................................................................................................................................................................................................................................................................................................................................................................................................................................................................................................................................................................................................................................................................................................................................................................................................................................................................................................................................................................................................................................................................................................................................................................................................................................................................................................................................................................................................................................................................................................................................................................................................................................................................................................................................................................................................................................................................................................................................................................................................................................................................................................................................................................................................................................................................................................................................................................................................................................................................................................................................................................................................................................................................................................................................................................................................................................................................................................................................................................................................................................................................................................................................................................................................................................................................................................................................................................................................................................................................................................................................................................................................................................................................................................................................................................................................................................................................................................................................................................................................................................................................................................................................................................................................................................................................................................................................................................................................................................................................................................................................................................................................................................................................................................................................................................................................................................................................................................................................................................................................................................................................................................................................................................................................................................................................................................................................................................................................................................................................................................................................................................................................................................................................................................................................................................................................................................................................................................................................................................................................................................................................................................................................................................................................................................................................................................................................................................................................................................................................................................................................................................................................................................................................................................................................................................................................................................................................................................................................................................................................................................................................................................................................................................................................................................................................................................................................................................................................................................................................................................................................................................................................................................................................................................................................................................................................................................................................................................................................................................................................................................................................................................................................................................................................................................................................................................................................................................................................................................................................................................................................................................................................................................................................................................................................................................................................................................................................................................................................................................................................................................................................................................................................................................................................................................................................................................................................................................................................................................................................................................................................................................................................................................................................................................................................................................................................................................................................................................................................................................................................................................................................................................................................................................................................................................................................................................................................................................................................................................................................................................................................................................................................................................................................................................................................................................................................................................................................................................................................................................................................................................................................................................................................................................................................................................................................................................................................................................................................................................................................................................................................................................................................................................................................................................................................................................................................................................................................................................................................................................................................................................................................................................................................................................................................................................................................................................................................................................................................................................................................................................................................................................................................................................................................................................................................................................................................................................................................................................................................................................................................................................................................................................................................................................................................................................................................................................................................................................................................................................................................................................................................................................................................................................................................................................................................................................................................................................................................................................................................................................................................................................................................................................................................................................................................................................................................................................................................................................................................................................................................................................................................................................................................................................................................................................................................................................................................................................................................................................................................................................................................................................................................................................................................................................................................................................................................................................................................................................................................................................................................................................................................................................................................................................................................................................................................................................................................................................................................................................................................................................................................................................................................................................................................................................................................................................................................................................................................................................................................................................................................................................................................................................................................................................................................................................................................................................................................................................................................................................................................................................................................................................................................2 ms. Memory: 208384K Free: 84306K (40%)
1 ms. Memory: 208384K Free: 84306K (40%)
1 ms. Memory: 208384K Free: 81887K (39%)
1 ms. Memory: 208384K Free: 81887K (39%)
1 ms. Memory: 208384K Free: 81887K (39%)
/home/travis/build/icyphy/ptII/ptolemy/actor/lib/test/IIR.tcl
/home/travis/build/icyphy/ptII/ptolemy/actor/lib/test/Interpolator.tcl
3 ms. Memory: 331264K Free: 320303K (97%)
1 ms. Memory: 331264K Free: 320303K (97%)
2 ms. Memory: 331264K Free: 320303K (97%)
1 ms. Memory: 331264K Free: 320303K (97%)
2 ms. Memory: 331264K Free: 320303K (97%)
2 ms. Memory: 331264K Free: 315450K (95%)
3 ms. Memory: 331264K Free: 315450K (95%)
10 ms. Memory: 331264K Free: 315450K (95%)
2 ms. Memory: 331264K Free: 315450K (95%)
5 ms. Memory: 331264K Free: 315450K (95%)
/home/travis/build/icyphy/ptII/ptolemy/actor/lib/test/MathFunction.tcl
5 ms. Memory: 331264K Free: 310594K (94%)
2 ms. Memory: 331264K Free: 310594K (94%)
1 ms. Memory: 331264K Free: 310594K (94%)
11 ms. Memory: 331264K Free: 310594K (94%)
11 ms. Memory: 331264K Free: 305740K (92%)
8 ms. Memory: 331264K Free: 305740K (92%)
/home/travis/build/icyphy/ptII/ptolemy/actor/lib/test/Maximum.tcl
4 ms. Memory: 331264K Free: 305740K (92%)
5 ms. Memory: 331264K Free: 300886K (91%)
4 ms. Memory: 331264K Free: 300886K (91%)
2 ms. Memory: 331264K Free: 300886K (91%)
/home/travis/build/icyphy/ptII/ptolemy/actor/lib/test/Minimum.tcl
12 ms. Memory: 331264K Free: 300886K (91%)
2 ms. Memory: 331264K Free: 300886K (91%)
1 ms. Memory: 331264K Free: 300886K (91%)
2 ms. Memory: 331264K Free: 296033K (89%)
/home/travis/build/icyphy/ptII/ptolemy/actor/lib/test/MultiplyDivide.tcl
8 ms. Memory: 331264K Free: 296033K (89%)
2 ms. Memory: 331264K Free: 296033K (89%)
6 ms. Memory: 331264K Free: 296033K (89%)
4 ms. Memory: 331264K Free: 296033K (89%)
2 ms. Memory: 331264K Free: 291179K (88%)
/home/travis/build/icyphy/ptII/ptolemy/actor/lib/test/OrderedMerge.tcl
Connections changed on port: inputA
Connections changed on port: inputB
Connections changed on port: output
Connections changed on port: output
Connections changed on port: output
Connections changed on port: input
.top. Preinitializing ...
Invoking preinitialize():  .top.OrderedMerge
Called preinitialize()
Invoking preinitialize():  .top.Ramp
Called preinitialize()
Invoking preinitialize():  .top.Ramp2
Called preinitialize()
Invoking preinitialize():  .top.Test
Called preinitialize()
Connections changed on port: inputA
Connections changed on port: output
Connections changed on port: inputB
Connections changed on port: output
Connections changed on port: output
Connections changed on port: input
.top. Finished preinitialize().
Called initialize().
Invoking initialize():  .top.OrderedMerge
Initializing actor: .top.OrderedMerge
Adding a thread: .top.OrderedMerge
Invoking initialize():  .top.Ramp
Initializing actor: .top.Ramp
Adding a thread: .top.Ramp
Invoking initialize():  .top.Ramp2
Initializing actor: .top.Ramp2
Adding a thread: .top.Ramp2
Invoking initialize():  .top.Test
Initializing actor: .top.Test
Adding a thread: .top.Test
-- Starting thread.
Called initialize()
Called prefire()
Called fire()
-- Starting thread.
Called initialize()
Called prefire()
Called fire()
Called postfire()
Called prefire()
Called fire()
-- Starting thread.
Called initialize()
Called prefire()
Called fire()
Called postfire()
Called prefire()
Called fire()
Called fire().
Checking for deadlock:
There are 3 Blocked actors, 0 Stopped actors, and 4 active threads.
Waiting for actors to stop.
-- Starting thread.
Called initialize()
Called prefire()
Called fire()
Checking for deadlock:
There are 2 Blocked actors, 0 Stopped actors, and 4 active threads.
Waiting for actors to stop.
Called postfire()
Called prefire()
Called fire()
Checking for deadlock:
There are 3 Blocked actors, 0 Stopped actors, and 4 active threads.
Waiting for actors to stop.
Read input token from inputA with value 0.0
Next port to read input from is inputB
Called postfire()
Called prefire()
Called fire()
Checking for deadlock:
There are 2 Blocked actors, 0 Stopped actors, and 4 active threads.
Waiting for actors to stop.
Called postfire()
Called prefire()
Called fire()
Checking for deadlock:
There are 3 Blocked actors, 0 Stopped actors, and 4 active threads.
Waiting for actors to stop.
Read input token from inputB with value 0.0
Checking for deadlock:
There are 2 Blocked actors, 0 Stopped actors, and 4 active threads.
Waiting for actors to stop.
-- Read input: 0.0, which is expected to match: 0.0
Called prefire()
Called fire()
Checking for deadlock:
There are 3 Blocked actors, 0 Stopped actors, and 4 active threads.
Waiting for actors to stop.
Sent output token with value 0.0
Next port to read input from is inputA
Called postfire()
Called prefire()
Called fire()
Checking for deadlock:
There are 2 Blocked actors, 0 Stopped actors, and 4 active threads.
Waiting for actors to stop.
Called postfire()
Called prefire()
Called fire()
Checking for deadlock:
There are 3 Blocked actors, 0 Stopped actors, and 4 active threads.
Waiting for actors to stop.
Read input token from inputA with value 1.0
Checking for deadlock:
There are 2 Blocked actors, 0 Stopped actors, and 4 active threads.
Waiting for actors to stop.
-- Read input: 0.0, which is expected to match: 0.0
Called prefire()
Called fire()
Checking for deadlock:
There are 3 Blocked actors, 0 Stopped actors, and 4 active threads.
Waiting for actors to stop.
Sent output token with value 0.0
Next port to read input from is inputB
Called postfire()
Called prefire()
Called fire()
Checking for deadlock:
There are 2 Blocked actors, 0 Stopped actors, and 4 active threads.
Waiting for actors to stop.
Called postfire()
Called prefire()
Called fire()
Checking for deadlock:
There are 3 Blocked actors, 0 Stopped actors, and 4 active threads.
Waiting for actors to stop.
Read input token from inputB with value 1.5
Checking for deadlock:
There are 2 Blocked actors, 0 Stopped actors, and 4 active threads.
Waiting for actors to stop.
-- Read input: 1.0, which is expected to match: 1.0
Called prefire()
Called fire()
Checking for deadlock:
There are 3 Blocked actors, 0 Stopped actors, and 4 active threads.
Waiting for actors to stop.
Sent output token with value 1.0
Next port to read input from is inputA
Called postfire()
Called prefire()
Called fire()
Checking for deadlock:
There are 2 Blocked actors, 0 Stopped actors, and 4 active threads.
Waiting for actors to stop.
Called postfire()
Called prefire()
Called fire()
Checking for deadlock:
There are 3 Blocked actors, 0 Stopped actors, and 4 active threads.
Waiting for actors to stop.
Read input token from inputA with value 2.0
Checking for deadlock:
There are 2 Blocked actors, 0 Stopped actors, and 4 active threads.
Waiting for actors to stop.
-- Read input: 1.5, which is expected to match: 1.5
Called prefire()
Called fire()
Checking for deadlock:
There are 3 Blocked actors, 0 Stopped actors, and 4 active threads.
Waiting for actors to stop.
Sent output token with value 1.5
Next port to read input from is inputB
Called postfire()
Called prefire()
Called fire()
Checking for deadlock:
There are 2 Blocked actors, 0 Stopped actors, and 4 active threads.
Waiting for actors to stop.
Called postfire()
Called prefire()
Called fire()
Checking for deadlock:
There are 3 Blocked actors, 0 Stopped actors, and 4 active threads.
Waiting for actors to stop.
Read input token from inputB with value 3.0
Checking for deadlock:
There are 2 Blocked actors, 0 Stopped actors, and 4 active threads.
Waiting for actors to stop.
-- Read input: 2.0, which is expected to match: 2.0
Called prefire()
Called fire()
Checking for deadlock:
There are 3 Blocked actors, 0 Stopped actors, and 4 active threads.
Waiting for actors to stop.
Sent output token with value 2.0
Next port to read input from is inputA
Called postfire()
Called prefire()
Called fire()
Checking for deadlock:
There are 2 Blocked actors, 0 Stopped actors, and 4 active threads.
Waiting for actors to stop.
Called postfire()
Called prefire()
Called fire()
Checking for deadlock:
There are 3 Blocked actors, 0 Stopped actors, and 4 active threads.
Waiting for actors to stop.
Read input token from inputA with value 3.0
Checking for deadlock:
There are 2 Blocked actors, 0 Stopped actors, and 4 active threads.
Waiting for actors to stop.
-- Read input: 3.0, which is expected to match: 3.0
Called prefire()
Called fire()
Checking for deadlock:
There are 3 Blocked actors, 0 Stopped actors, and 4 active threads.
Waiting for actors to stop.
Sent output token with value 3.0
Next port to read input from is inputB
Called postfire()
Called prefire()
Called fire()
Checking for deadlock:
There are 2 Blocked actors, 0 Stopped actors, and 4 active threads.
Waiting for actors to stop.
Called postfire()
Called prefire()
Called fire()
Checking for deadlock:
There are 3 Blocked actors, 0 Stopped actors, and 4 active threads.
Waiting for actors to stop.
Read input token from inputB with value 4.5
Checking for deadlock:
There are 2 Blocked actors, 0 Stopped actors, and 4 active threads.
Waiting for actors to stop.
-- Read input: 3.0, which is expected to match: 3.0
Called prefire()
Called fire()
Checking for deadlock:
There are 3 Blocked actors, 0 Stopped actors, and 4 active threads.
Waiting for actors to stop.
Sent output token with value 3.0
Next port to read input from is inputA
Called postfire()
Called prefire()
Called fire()
Checking for deadlock:
There are 2 Blocked actors, 0 Stopped actors, and 4 active threads.
Waiting for actors to stop.
Called postfire()
Called prefire()
Called fire()
Checking for deadlock:
There are 3 Blocked actors, 0 Stopped actors, and 4 active threads.
Waiting for actors to stop.
Read input token from inputA with value 4.0
Checking for deadlock:
There are 2 Blocked actors, 0 Stopped actors, and 4 active threads.
Waiting for actors to stop.
-- Read input: 4.0, which is expected to match: 4.0
Called prefire()
Called fire()
Past the end of training data. Read and discard all inputs.
Checking for deadlock:
There are 3 Blocked actors, 0 Stopped actors, and 4 active threads.
Waiting for actors to stop.
Sent output token with value 4.0
Next port to read input from is inputA
Called postfire()
Called prefire()
Called fire()
Checking for deadlock:
There are 2 Blocked actors, 0 Stopped actors, and 4 active threads.
Waiting for actors to stop.
Called postfire()
Called prefire()
Called fire()
Checking for deadlock:
There are 3 Blocked actors, 0 Stopped actors, and 4 active threads.
Waiting for actors to stop.
Read input token from inputA with value 5.0
Checking for deadlock:
There are 2 Blocked actors, 0 Stopped actors, and 4 active threads.
Waiting for actors to stop.
Called prefire()
Called fire()
Past the end of training data. Read and discard all inputs.
Checking for deadlock:
There are 3 Blocked actors, 0 Stopped actors, and 4 active threads.
Waiting for actors to stop.
Sent output token with value 4.5
Next port to read input from is inputB
Called postfire()
Called prefire()
Called fire()
Checking for deadlock:
There are 2 Blocked actors, 0 Stopped actors, and 4 active threads.
Waiting for actors to stop.
Called postfire()
Called prefire()
Called fire()
Checking for deadlock:
There are 3 Blocked actors, 0 Stopped actors, and 4 active threads.
Waiting for actors to stop.
Read input token from inputB with value 6.0
Checking for deadlock:
There are 2 Blocked actors, 0 Stopped actors, and 4 active threads.
Waiting for actors to stop.
Called prefire()
Called fire()
Past the end of training data. Read and discard all inputs.
Checking for deadlock:
There are 3 Blocked actors, 0 Stopped actors, and 4 active threads.
Waiting for actors to stop.
Sent output token with value 5.0
Next port to read input from is inputA
Called postfire()
Called prefire()
Called fire()
Checking for deadlock:
There are 2 Blocked actors, 0 Stopped actors, and 4 active threads.
Waiting for actors to stop.
Called postfire()
Called prefire()
Called fire()
Checking for deadlock:
There are 3 Blocked actors, 0 Stopped actors, and 4 active threads.
Waiting for actors to stop.
Read input token from inputA with value 6.0
Checking for deadlock:
There are 2 Blocked actors, 0 Stopped actors, and 4 active threads.
Waiting for actors to stop.
Called prefire()
Called fire()
Past the end of training data. Read and discard all inputs.
Checking for deadlock:
There are 3 Blocked actors, 0 Stopped actors, and 4 active threads.
Waiting for actors to stop.
Sent output token with value 6.0
Next port to read input from is inputB
Called postfire()
Called prefire()
Called fire()
Checking for deadlock:
There are 2 Blocked actors, 0 Stopped actors, and 4 active threads.
Waiting for actors to stop.
Called postfire()
Called prefire()
Called fire()
Checking for deadlock:
There are 3 Blocked actors, 0 Stopped actors, and 4 active threads.
Waiting for actors to stop.
Read input token from inputB with value 7.5
Checking for deadlock:
There are 2 Blocked actors, 0 Stopped actors, and 4 active threads.
Waiting for actors to stop.
Called prefire()
Called fire()
Past the end of training data. Read and discard all inputs.
Checking for deadlock:
There are 3 Blocked actors, 0 Stopped actors, and 4 active threads.
Waiting for actors to stop.
Sent output token with value 6.0
Next port to read input from is inputA
Called postfire()
Called prefire()
Called fire()
Checking for deadlock:
There are 2 Blocked actors, 0 Stopped actors, and 4 active threads.
Waiting for actors to stop.
Called postfire()
Called prefire()
Called fire()
Checking for deadlock:
There are 3 Blocked actors, 0 Stopped actors, and 4 active threads.
Waiting for actors to stop.
Read input token from inputA with value 7.0
Checking for deadlock:
There are 2 Blocked actors, 0 Stopped actors, and 4 active threads.
Waiting for actors to stop.
Called prefire()
Called fire()
Past the end of training data. Read and discard all inputs.
Checking for deadlock:
There are 3 Blocked actors, 0 Stopped actors, and 4 active threads.
Waiting for actors to stop.
Sent output token with value 7.0
Next port to read input from is inputA
Called postfire()
Called prefire()
Called fire()
Checking for deadlock:
There are 2 Blocked actors, 0 Stopped actors, and 4 active threads.
Waiting for actors to stop.
-- Thread wrapup() called.
Called wrapup()
Thread .top.Ramp is exiting.
-- Thread stopped.
Checking for deadlock:
There are 2 Blocked actors, 0 Stopped actors, and 3 active threads.
Waiting for actors to stop.
Read input token from inputA with value 8.0
Checking for deadlock:
There are 1 Blocked actors, 0 Stopped actors, and 3 active threads.
Waiting for actors to stop.
Called prefire()
Called fire()
Past the end of training data. Read and discard all inputs.
Checking for deadlock:
There are 2 Blocked actors, 0 Stopped actors, and 3 active threads.
Waiting for actors to stop.
Sent output token with value 7.5
Next port to read input from is inputB
Called postfire()
Called prefire()
Called fire()
Checking for deadlock:
There are 1 Blocked actors, 0 Stopped actors, and 3 active threads.
Waiting for actors to stop.
Called postfire()
Called prefire()
Called fire()
Checking for deadlock:
There are 2 Blocked actors, 0 Stopped actors, and 3 active threads.
Waiting for actors to stop.
Read input token from inputB with value 9.0
Checking for deadlock:
There are 1 Blocked actors, 0 Stopped actors, and 3 active threads.
Waiting for actors to stop.
Called prefire()
Called fire()
Past the end of training data. Read and discard all inputs.
Checking for deadlock:
There are 2 Blocked actors, 0 Stopped actors, and 3 active threads.
Waiting for actors to stop.
Sent output token with value 8.0
Next port to read input from is inputA
Called postfire()
Called prefire()
Called fire()
Read input token from inputA with value 9.0
Checking for deadlock:
There are 1 Blocked actors, 0 Stopped actors, and 3 active threads.
Waiting for actors to stop.
Called prefire()
Called fire()
Past the end of training data. Read and discard all inputs.
Checking for deadlock:
There are 2 Blocked actors, 0 Stopped actors, and 3 active threads.
Waiting for actors to stop.
Sent output token with value 9.0
Next port to read input from is inputB
Called postfire()
Called prefire()
Called fire()
Checking for deadlock:
There are 1 Blocked actors, 0 Stopped actors, and 3 active threads.
Waiting for actors to stop.
Called postfire()
Called prefire()
Called fire()
Checking for deadlock:
There are 2 Blocked actors, 0 Stopped actors, and 3 active threads.
Waiting for actors to stop.
Read input token from inputB with value 10.5
Checking for deadlock:
There are 1 Blocked actors, 0 Stopped actors, and 3 active threads.
Waiting for actors to stop.
Called prefire()
Called fire()
Past the end of training data. Read and discard all inputs.
Checking for deadlock:
There are 2 Blocked actors, 0 Stopped actors, and 3 active threads.
Waiting for actors to stop.
Sent output token with value 9.0
Next port to read input from is inputA
Called postfire()
Called prefire()
Called fire()
Checking for deadlock:
There are 3 Blocked actors, 0 Stopped actors, and 3 active threads.
Actors have stopped.
Checking for deadlock:
There are 3 Blocked actors, 0 Stopped actors, and 3 active threads.
Deadlock detected.
Resolving Deadlock
Checking for deadlock:
There are 3 Blocked actors, 0 Stopped actors, and 3 active threads.
Artificial Deadlock - increasing queue capacity.
increasing the capacity of receiver ptolemy.actor.TypedIOPort {.top.OrderedMerge.inputB} to 2
Director: Called postfire().
Called postfire().
_stopRequested = false
_stopFireRequested = false
Returning from postfire(): true
Called fire().
Checking for deadlock:
There are 2 Blocked actors, 0 Stopped actors, and 3 active threads.
Waiting for actors to stop.
-- Thread wrapup() called.
Called wrapup()
Thread .top.Ramp2 is exiting.
-- Thread stopped.
Checking for deadlock:
There are 2 Blocked actors, 0 Stopped actors, and 2 active threads.
Actors have stopped.
Checking for deadlock:
There are 2 Blocked actors, 0 Stopped actors, and 2 active threads.
Deadlock detected.
Resolving Deadlock
Checking for deadlock:
There are 2 Blocked actors, 0 Stopped actors, and 2 active threads.
Deadlock detected: no processes blocked on write, but some are blocked on read.
Called postfire().
_stopRequested = false
_stopFireRequested = false
Returning from postfire(): false
Finished deactivating branches.
Called wrapup().
-- Thread wrapup() called.
Called wrapup()
Thread .top.Test is exiting.
-- Thread stopped.
-- Blocked Receiver call threw TerminateProcessException.
-- Thread wrapup() called.
Called wrapup()
Thread .top.OrderedMerge is exiting.
28 ms. Memory: 331264K Free: 281369K (85%)
.top. Preinitializing ...
Invoking preinitialize():  .top.OrderedMerge
Called preinitialize()
Invoking preinitialize():  .top.Ramp
Called preinitialize()
Invoking preinitialize():  .top.Ramp2
Called preinitialize()
Invoking preinitialize():  .top.Test
Called preinitialize()
.top. Finished preinitialize().
Called initialize().
Invoking initialize():  .top.OrderedMerge
Initializing actor: .top.OrderedMerge
Adding a thread: .top.OrderedMerge
Invoking initialize():  .top.Ramp
Initializing actor: .top.Ramp
Adding a thread: .top.Ramp
Invoking initialize():  .top.Ramp2
Initializing actor: .top.Ramp2
Adding a thread: .top.Ramp2
Invoking initialize():  .top.Test
Initializing actor: .top.Test
Adding a thread: .top.Test
-- Thread stopped.
-- Blocked Receiver call threw TerminateProcessException.
-- Starting thread.
Called initialize()
Called prefire()
Called fire()
-- Starting thread.
Called initialize()
Called prefire()
Called fire()
Called postfire()
Called prefire()
Called fire()
-- Starting thread.
Called initialize()
Called prefire()
Called fire()
Called postfire()
Called prefire()
Called fire()
Called fire().
Checking for deadlock:
There are 3 Blocked actors, 0 Stopped actors, and 4 active threads.
Waiting for actors to stop.
-- Starting thread.
Called initialize()
Called prefire()
Called fire()
Checking for deadlock:
There are 2 Blocked actors, 0 Stopped actors, and 4 active threads.
Waiting for actors to stop.
Called postfire()
Called prefire()
Called fire()
Checking for deadlock:
There are 3 Blocked actors, 0 Stopped actors, and 4 active threads.
Waiting for actors to stop.
Read input token from inputA with value 0.0
Next port to read input from is inputB
Called postfire()
Called prefire()
Called fire()
Checking for deadlock:
There are 2 Blocked actors, 0 Stopped actors, and 4 active threads.
Waiting for actors to stop.
Called postfire()
Called prefire()
Called fire()
Checking for deadlock:
There are 3 Blocked actors, 0 Stopped actors, and 4 active threads.
Waiting for actors to stop.
Read input token from inputB with value 0.0
Checking for deadlock:
There are 2 Blocked actors, 0 Stopped actors, and 4 active threads.
Waiting for actors to stop.
-- Read input: 0.0, which is expected to match: 0.0
Called prefire()
Called fire()
Checking for deadlock:
There are 3 Blocked actors, 0 Stopped actors, and 4 active threads.
Waiting for actors to stop.
Sent output token with value 0.0
Next port to read input from is inputA
Called postfire()
Called prefire()
Called fire()
Checking for deadlock:
There are 2 Blocked actors, 0 Stopped actors, and 4 active threads.
Waiting for actors to stop.
Called postfire()
Called prefire()
Called fire()
Checking for deadlock:
There are 3 Blocked actors, 0 Stopped actors, and 4 active threads.
Waiting for actors to stop.
Read input token from inputA with value 1.0
Checking for deadlock:
There are 2 Blocked actors, 0 Stopped actors, and 4 active threads.
Waiting for actors to stop.
-- Read input: 0.0, which is expected to match: 0.0
Called prefire()
Called fire()
Checking for deadlock:
There are 3 Blocked actors, 0 Stopped actors, and 4 active threads.
Waiting for actors to stop.
Sent output token with value 0.0
Next port to read input from is inputB
Called postfire()
Called prefire()
Called fire()
Checking for deadlock:
There are 2 Blocked actors, 0 Stopped actors, and 4 active threads.
Waiting for actors to stop.
Called postfire()
Called prefire()
Called fire()
Checking for deadlock:
There are 3 Blocked actors, 0 Stopped actors, and 4 active threads.
Waiting for actors to stop.
Read input token from inputB with value 1.5
Checking for deadlock:
There are 2 Blocked actors, 0 Stopped actors, and 4 active threads.
Waiting for actors to stop.
-- Read input: 1.0, which is expected to match: 1.0
Called prefire()
Called fire()
Checking for deadlock:
There are 3 Blocked actors, 0 Stopped actors, and 4 active threads.
Waiting for actors to stop.
Sent output token with value 1.0
Next port to read input from is inputA
Called postfire()
Called prefire()
Called fire()
Checking for deadlock:
There are 2 Blocked actors, 0 Stopped actors, and 4 active threads.
Waiting for actors to stop.
Called postfire()
Called prefire()
Called fire()
Checking for deadlock:
There are 3 Blocked actors, 0 Stopped actors, and 4 active threads.
Waiting for actors to stop.
Read input token from inputA with value 2.0
Sent output token with value 1.5
Next port to read input from is inputB
Called postfire()
Called prefire()
Called fire()
Read input token from inputB with value 3.0
Checking for deadlock:
There are 2 Blocked actors, 0 Stopped actors, and 4 active threads.
Waiting for actors to stop.
Called postfire()
Called prefire()
Called fire()
-- Read input: 1.5, which is expected to match: 1.5
Called prefire()
Called fire()
Checking for deadlock:
There are 3 Blocked actors, 0 Stopped actors, and 4 active threads.
Waiting for actors to stop.
Sent output token with value 2.0
Next port to read input from is inputA
Called postfire()
Called prefire()
Called fire()
Read input token from inputA with value 3.0
Checking for deadlock:
There are 2 Blocked actors, 0 Stopped actors, and 4 active threads.
Waiting for actors to stop.
Called postfire()
Called prefire()
Called fire()
-- Read input: 2.0, which is expected to match: 2.0
Called prefire()
Called fire()
Checking for deadlock:
There are 3 Blocked actors, 0 Stopped actors, and 4 active threads.
Waiting for actors to stop.
Sent output token with value 3.0
Next port to read input from is inputB
Called postfire()
Called prefire()
Called fire()
Read input token from inputB with value 4.5
Checking for deadlock:
There are 2 Blocked actors, 0 Stopped actors, and 4 active threads.
Waiting for actors to stop.
Called postfire()
Called prefire()
Called fire()
-- Read input: 3.0, which is expected to match: 3.0
Called prefire()
Called fire()
Checking for deadlock:
There are 3 Blocked actors, 0 Stopped actors, and 4 active threads.
Waiting for actors to stop.
Sent output token with value 3.0
Next port to read input from is inputA
Called postfire()
Called prefire()
Called fire()
Read input token from inputA with value 4.0
Called postfire()
Called prefire()
Called fire()
Checking for deadlock:
There are 3 Blocked actors, 0 Stopped actors, and 4 active threads.
Waiting for actors to stop.
-- Read input: 3.0, which is expected to match: 3.0
Called prefire()
Called fire()
Sent output token with value 4.0
Next port to read input from is inputA
Called postfire()
Called prefire()
Called fire()
Read input token from inputA with value 5.0
Checking for deadlock:
There are 2 Blocked actors, 0 Stopped actors, and 4 active threads.
Waiting for actors to stop.
Called postfire()
Called prefire()
Called fire()
-- Read input: 4.0, which is expected to match: 4.0
Called prefire()
Called fire()
Past the end of training data. Read and discard all inputs.
Checking for deadlock:
There are 3 Blocked actors, 0 Stopped actors, and 4 active threads.
Waiting for actors to stop.
Sent output token with value 4.5
Next port to read input from is inputB
Called postfire()
Called prefire()
Called fire()
Read input token from inputB with value 6.0
Called postfire()
Called prefire()
Called fire()
Checking for deadlock:
There are 3 Blocked actors, 0 Stopped actors, and 4 active threads.
Waiting for actors to stop.
Called prefire()
Called fire()
Past the end of training data. Read and discard all inputs.
Checking for deadlock:
There are 3 Blocked actors, 0 Stopped actors, and 4 active threads.
Waiting for actors to stop.
Sent output token with value 5.0
Next port to read input from is inputA
Called postfire()
Called prefire()
Called fire()
Read input token from inputA with value 6.0
Called postfire()
Called prefire()
Called fire()
Checking for deadlock:
There are 3 Blocked actors, 0 Stopped actors, and 4 active threads.
Waiting for actors to stop.
Called prefire()
Called fire()
Past the end of training data. Read and discard all inputs.
Checking for deadlock:
There are 3 Blocked actors, 0 Stopped actors, and 4 active threads.
Waiting for actors to stop.
Sent output token with value 6.0
Next port to read input from is inputB
Called postfire()
Called prefire()
Called fire()
Read input token from inputB with value 7.5
Called postfire()
Called prefire()
Called fire()
Checking for deadlock:
There are 3 Blocked actors, 0 Stopped actors, and 4 active threads.
Waiting for actors to stop.
Called prefire()
Called fire()
Past the end of training data. Read and discard all inputs.
Checking for deadlock:
There are 3 Blocked actors, 0 Stopped actors, and 4 active threads.
Waiting for actors to stop.
Sent output token with value 6.0
Next port to read input from is inputA
Called postfire()
Called prefire()
Called fire()
Read input token from inputA with value 7.0
Called postfire()
Called prefire()
Called fire()
Checking for deadlock:
There are 3 Blocked actors, 0 Stopped actors, and 4 active threads.
Waiting for actors to stop.
Called prefire()
Called fire()
Past the end of training data. Read and discard all inputs.
Checking for deadlock:
There are 3 Blocked actors, 0 Stopped actors, and 4 active threads.
Waiting for actors to stop.
Sent output token with value 7.0
Next port to read input from is inputA
Called postfire()
Called prefire()
Called fire()
Read input token from inputA with value 8.0
-- Thread wrapup() called.
Called wrapup()
Thread .top.Ramp is exiting.
-- Thread stopped.
Checking for deadlock:
There are 2 Blocked actors, 0 Stopped actors, and 3 active threads.
Waiting for actors to stop.
Called prefire()
Called fire()
Past the end of training data. Read and discard all inputs.
Sent output token with value 7.5
Checking for deadlock:
There are 1 Blocked actors, 0 Stopped actors, and 3 active threads.
Waiting for actors to stop.
Called prefire()
Called fire()
Past the end of training data. Read and discard all inputs.
Checking for deadlock:
There are 2 Blocked actors, 0 Stopped actors, and 3 active threads.
Waiting for actors to stop.
Next port to read input from is inputB
Called postfire()
Called prefire()
Called fire()
Read input token from inputB with value 9.0
Sent output token with value 8.0
Next port to read input from is inputA
Called postfire()
Called prefire()
Called fire()
Read input token from inputA with value 9.0
Checking for deadlock:
There are 1 Blocked actors, 0 Stopped actors, and 3 active threads.
Waiting for actors to stop.
Called postfire()
Called prefire()
Called fire()
Called prefire()
Called fire()
Past the end of training data. Read and discard all inputs.
Checking for deadlock:
There are 2 Blocked actors, 0 Stopped actors, and 3 active threads.
Waiting for actors to stop.
Checking for deadlock:
There are 1 Blocked actors, 0 Stopped actors, and 3 active threads.
Waiting for actors to stop.
Called prefire()
Called fire()
Past the end of training data. Read and discard all inputs.
Checking for deadlock:
There are 2 Blocked actors, 0 Stopped actors, and 3 active threads.
Waiting for actors to stop.
Sent output token with value 9.0
Next port to read input from is inputB
Called postfire()
Called prefire()
Called fire()
Called postfire()
Called prefire()
Called fire()
Checking for deadlock:
There are 2 Blocked actors, 0 Stopped actors, and 3 active threads.
Waiting for actors to stop.
Read input token from inputB with value 10.5
Sent output token with value 9.0
Next port to read input from is inputA
Called postfire()
Called prefire()
Called fire()
Called prefire()
Called fire()
Past the end of training data. Read and discard all inputs.
Checking for deadlock:
There are 3 Blocked actors, 0 Stopped actors, and 3 active threads.
Actors have stopped.
Checking for deadlock:
There are 3 Blocked actors, 0 Stopped actors, and 3 active threads.
Deadlock detected.
Resolving Deadlock
Checking for deadlock:
There are 3 Blocked actors, 0 Stopped actors, and 3 active threads.
Artificial Deadlock - increasing queue capacity.
increasing the capacity of receiver ptolemy.actor.TypedIOPort {.top.OrderedMerge.inputB} to 2
Director: Called postfire().
Called postfire().
_stopRequested = false
_stopFireRequested = false
Returning from postfire(): true
Called fire().
Checking for deadlock:
There are 2 Blocked actors, 0 Stopped actors, and 3 active threads.
Waiting for actors to stop.
-- Thread wrapup() called.
Called wrapup()
Thread .top.Ramp2 is exiting.
-- Thread stopped.
Checking for deadlock:
There are 2 Blocked actors, 0 Stopped actors, and 2 active threads.
Actors have stopped.
Checking for deadlock:
There are 2 Blocked actors, 0 Stopped actors, and 2 active threads.
Deadlock detected.
Resolving Deadlock
Checking for deadlock:
There are 2 Blocked actors, 0 Stopped actors, and 2 active threads.
Deadlock detected: no processes blocked on write, but some are blocked on read.
Called postfire().
_stopRequested = false
_stopFireRequested = false
Returning from postfire(): false
Finished deactivating branches.
Called wrapup().
-- Thread wrapup() called.
Called wrapup()
Thread .top.OrderedMerge is exiting.
-- Thread stopped.
-- Blocked Receiver call threw TerminateProcessException.
-- Thread wrapup() called.
Called wrapup()
Thread .top.Test is exiting.
-- Thread stopped.
-- Blocked Receiver call threw TerminateProcessException.
36 ms. Memory: 331264K Free: 271559K (82%)
/home/travis/build/icyphy/ptII/ptolemy/actor/lib/test/Publisher.tcl
13 ms. Memory: 331264K Free: 261851K (79%)
7 ms. Memory: 331264K Free: 256997K (78%)
2 ms. Memory: 331264K Free: 252143K (76%)
4 ms. Memory: 331264K Free: 252143K (76%)
2 ms. Memory: 331264K Free: 252143K (76%)
2 ms. Memory: 331264K Free: 252143K (76%)
2 ms. Memory: 331264K Free: 252143K (76%)
2 ms. Memory: 331264K Free: 252143K (76%)
1 ms. Memory: 331264K Free: 242435K (73%)
4 ms. Memory: 331264K Free: 237581K (72%)
2 ms. Memory: 331264K Free: 237581K (72%)
1 ms. Memory: 331264K Free: 232728K (70%)
6 ms. Memory: 331264K Free: 227874K (69%)
4 ms. Memory: 331264K Free: 213312K (64%)
9 ms. Memory: 331264K Free: 203605K (61%)
/home/travis/build/icyphy/ptII/ptolemy/actor/lib/test/Pulse.tcl
2 ms. Memory: 331264K Free: 159920K (48%)
1 ms. Memory: 331264K Free: 159920K (48%)
1 ms. Memory: 331264K Free: 159920K (48%)
1 ms. Memory: 331264K Free: 159920K (48%)
1 ms. Memory: 331264K Free: 159920K (48%)
6 ms. Memory: 331264K Free: 159920K (48%)
2 ms. Memory: 331264K Free: 155066K (47%)
4 ms. Memory: 331264K Free: 155066K (47%)
4 ms. Memory: 331264K Free: 155066K (47%)
/home/travis/build/icyphy/ptII/ptolemy/actor/lib/test/Ramp.tcl
5 ms. Memory: 331264K Free: 155066K (47%)
2 ms. Memory: 331264K Free: 155066K (47%)
2 ms. Memory: 331264K Free: 150212K (45%)
1 ms. Memory: 331264K Free: 150212K (45%)
11 ms. Memory: 331264K Free: 150212K (45%)
3 ms. Memory: 331264K Free: 150212K (45%)
4 ms. Memory: 331264K Free: 150212K (45%)
5 actors
5000 microseconds per iteration to create
5 ms. Memory: 331264K Free: 145358K (44%)
1 ms. Memory: 331264K Free: 145358K (44%)
2 ms. Memory: 331264K Free: 145358K (44%)
2 ms. Memory: 331264K Free: 145358K (44%)
50 actors
24000 microseconds per iteration to create
26 ms. Memory: 331264K Free: 130797K (39%)
5 ms. Memory: 331264K Free: 125943K (38%)
4 ms. Memory: 331264K Free: 125943K (38%)
5 ms. Memory: 331264K Free: 125943K (38%)
500 actors
1345000 microseconds per iteration to create
259 ms. Memory: 331776K Free: 198025K (60%)
47 ms. Memory: 331776K Free: 193297K (58%)
42 ms. Memory: 331776K Free: 183839K (55%)
40 ms. Memory: 331776K Free: 179110K (54%)
/home/travis/build/icyphy/ptII/ptolemy/actor/lib/test/RampContinuous.tcl
9 ms. Memory: 331776K Free: 179110K (54%)
/home/travis/build/icyphy/ptII/ptolemy/actor/lib/test/RecordAssembler.tcl
4 ms. Memory: 331776K Free: 179110K (54%)
7 ms. Memory: 331776K Free: 174381K (53%)
/home/travis/build/icyphy/ptII/ptolemy/actor/lib/test/RecordDisassembler.tcl
5 ms. Memory: 331776K Free: 174381K (53%)
6 ms. Memory: 331776K Free: 174381K (53%)
4 ms. Memory: 331776K Free: 174381K (53%)
/home/travis/build/icyphy/ptII/ptolemy/actor/lib/test/Scale.tcl
3 ms. Memory: 331776K Free: 169652K (51%)
1 ms. Memory: 331776K Free: 169652K (51%)
1 ms. Memory: 331776K Free: 169652K (51%)
2 ms. Memory: 331776K Free: 169652K (51%)
2 ms. Memory: 331776K Free: 169652K (51%)
/home/travis/build/icyphy/ptII/ptolemy/actor/lib/test/SequentialClock.tcl
preinitializing
resolving types
initializing
executing number 1
wrapping up
idle
2 ms. Memory: 331776K Free: 164924K (50%)
Completed execution with 5 iterations
preinitializing
resolving types
initializing
executing number 1
wrapping up
idle
1 ms. Memory: 331776K Free: 164924K (50%)
Completed execution with 5 iterations
preinitializing
resolving types
initializing
executing number 1
wrapping up
idle
1 ms. Memory: 331776K Free: 164924K (50%)
Completed execution with 5 iterations
/home/travis/build/icyphy/ptII/ptolemy/actor/lib/test/SetVariable.tcl
3 ms. Memory: 331776K Free: 164924K (50%)
/home/travis/build/icyphy/ptII/ptolemy/actor/lib/test/Sinewave.tcl
/home/travis/build/icyphy/ptII/ptolemy/actor/lib/test/SubscriptionAggregator.tcl
4 ms. Memory: 331776K Free: 150721K (45%)
2 ms. Memory: 331776K Free: 150721K (45%)
1 ms. Memory: 331776K Free: 150721K (45%)
0 ms. Memory: 331776K Free: 145976K (44%)
1 ms. Memory: 331776K Free: 145976K (44%)
8 ms. Memory: 331776K Free: 141248K (43%)
...............................................................1161 ms. Memory: 579072K Free: 494922K (85%)
/home/travis/build/icyphy/ptII/ptolemy/actor/lib/test/Test.tcl
 The next command will produce a warning about training mode,
   which may be ignored.
4 ms. Memory: 579072K Free: 494922K (85%)
2 ms. Memory: 579072K Free: 494922K (85%)
1 ms. Memory: 579072K Free: 494922K (85%)
2 ms. Memory: 579072K Free: 494922K (85%)
3 ms. Memory: 579072K Free: 494922K (85%)
11 ms. Memory: 579072K Free: 494922K (85%)
2 ms. Memory: 579072K Free: 485317K (84%)
 The next command will produce a warning about training mode,
   which may be ignored.
3 ms. Memory: 579072K Free: 485317K (84%)
 The next command will produce a warning about training mode,
   which may be ignored.
2 ms. Memory: 579072K Free: 485317K (84%)
1 ms. Memory: 579072K Free: 485317K (84%)
1 ms. Memory: 579072K Free: 485317K (84%)
1 ms. Memory: 579072K Free: 485317K (84%)
1 ms. Memory: 579072K Free: 485317K (84%)
3 ms. Memory: 579072K Free: 475696K (82%)
/home/travis/build/icyphy/ptII/ptolemy/actor/lib/test/TestExceptionHandler.tcl
 The next command will produce a warning about training mode,
   which may be ignored.
2 ms. Memory: 579072K Free: 475696K (82%)
1 ms. Memory: 579072K Free: 475696K (82%)
1 ms. Memory: 579072K Free: 475696K (82%)
/home/travis/build/icyphy/ptII/ptolemy/actor/lib/test/UnionDisassembler.tcl
11 ms. Memory: 579072K Free: 466083K (80%)
/home/travis/build/icyphy/ptII/ptolemy/actor/lib/test/VariableClock.tcl
preinitializing
resolving types
initializing
executing number 1
wrapping up
idle
7 ms. Memory: 579072K Free: 466083K (80%)
Completed execution with 11 iterations
preinitializing
resolving types
initializing
executing number 1
wrapping up
idle
3 ms. Memory: 579072K Free: 466083K (80%)
Completed execution with 10 iterations
06/05/18 11:00:56
Failed: 0  Total Tests: 234  ((Passed: 234, Newly Passed: 0)  Known Failed: 0) /home/travis/build/icyphy/ptII/ptolemy/actor/lib/test
----------------- testing (KnownFailure) /home/travis/build/icyphy/ptII/ptolemy/actor/lib/test/auto/knownFailedTests/PublisherPortToplevelSubscriber.xml
4 ms. Memory: 579072K Free: 456324K (79%)
Known Failure: java.lang.reflect.InvocationTargetException
----------------- testing (KnownFailure) /home/travis/build/icyphy/ptII/ptolemy/actor/lib/test/auto/knownFailedTests/PublisherSubscriberPortToplevel.xml
0 ms. Memory: 579072K Free: 436806K (75%)
Known Failure: java.lang.reflect.InvocationTargetException
----------------- testing (KnownFailure) /home/travis/build/icyphy/ptII/ptolemy/actor/lib/test/auto/knownFailedTests/PublisherSubscriptionAggregatorPort.xml
1 ms. Memory: 579072K Free: 417288K (72%)
Known Failure: java.lang.reflect.InvocationTargetException
----------------- testing (KnownFailure) /home/travis/build/icyphy/ptII/ptolemy/actor/lib/test/auto/knownFailedTests/sizedarray3.xml
4 ms. Memory: 579072K Free: 397771K (69%)
Known Failure: java.lang.reflect.InvocationTargetException
No auto/linux-amd64/*.xml tests in /home/travis/build/icyphy/ptII/ptolemy/actor/lib/test
AutoTests.java: About to close Vertx.
AutoTests.java: Vertx closed.

===========================================================================================
----------------- testing Tue Jun 05 23:00:56 UTC 2018 /home/travis/build/icyphy/ptII/ptolemy/actor/lib/test/auto/AbsoluteValue.xml
----------------- Instantiating /home/travis/build/icyphy/ptII/ptolemy/actor/lib/test/auto/AbsoluteValue.xml
8 ms. Memory: 579072K Free: 310402K (54%)
----------------- Invoking toplevel() on ptolemy.moml.MoMLSimpleApplication@1f16a653
----------------- Done invoking toplevel() on ptolemy.moml.MoMLSimpleApplication@1f16a653
reloadAllAccessors: .AbsoluteValue

===========================================================================================
----------------- testing Tue Jun 05 23:00:57 UTC 2018 /home/travis/build/icyphy/ptII/ptolemy/actor/lib/test/auto/AbsoluteValue2.xml
----------------- Instantiating /home/travis/build/icyphy/ptII/ptolemy/actor/lib/test/auto/AbsoluteValue2.xml
4 ms. Memory: 579072K Free: 295756K (51%)
----------------- Invoking toplevel() on ptolemy.moml.MoMLSimpleApplication@459e57f0
----------------- Done invoking toplevel() on ptolemy.moml.MoMLSimpleApplication@459e57f0
reloadAllAccessors: .AbsoluteValue2

===========================================================================================
----------------- testing Tue Jun 05 23:00:57 UTC 2018 /home/travis/build/icyphy/ptII/ptolemy/actor/lib/test/auto/Accumulator.xml
----------------- Instantiating /home/travis/build/icyphy/ptII/ptolemy/actor/lib/test/auto/Accumulator.xml
7 ms. Memory: 579072K Free: 285997K (49%)
----------------- Invoking toplevel() on ptolemy.moml.MoMLSimpleApplication@78388d2a
----------------- Done invoking toplevel() on ptolemy.moml.MoMLSimpleApplication@78388d2a
reloadAllAccessors: .Accumulator

===========================================================================================
----------------- testing Tue Jun 05 23:00:57 UTC 2018 /home/travis/build/icyphy/ptII/ptolemy/actor/lib/test/auto/Accumulator2.xml
----------------- Instantiating /home/travis/build/icyphy/ptII/ptolemy/actor/lib/test/auto/Accumulator2.xml
3 ms. Memory: 579072K Free: 276239K (48%)
----------------- Invoking toplevel() on ptolemy.moml.MoMLSimpleApplication@3442955b
----------------- Done invoking toplevel() on ptolemy.moml.MoMLSimpleApplication@3442955b
reloadAllAccessors: .Accumulator2

===========================================================================================
----------------- testing Tue Jun 05 23:00:57 UTC 2018 /home/travis/build/icyphy/ptII/ptolemy/actor/lib/test/auto/Accumulator3.xml
----------------- Instantiating /home/travis/build/icyphy/ptII/ptolemy/actor/lib/test/auto/Accumulator3.xml
4 ms. Memory: 579072K Free: 256875K (44%)
----------------- Invoking toplevel() on ptolemy.moml.MoMLSimpleApplication@4dce0feb
----------------- Done invoking toplevel() on ptolemy.moml.MoMLSimpleApplication@4dce0feb
reloadAllAccessors: .Accumulator3

===========================================================================================
----------------- testing Tue Jun 05 23:00:57 UTC 2018 /home/travis/build/icyphy/ptII/ptolemy/actor/lib/test/auto/ArrayAppend.xml
----------------- Instantiating /home/travis/build/icyphy/ptII/ptolemy/actor/lib/test/auto/ArrayAppend.xml
8 ms. Memory: 579072K Free: 247116K (43%)
----------------- Invoking toplevel() on ptolemy.moml.MoMLSimpleApplication@788416c3
----------------- Done invoking toplevel() on ptolemy.moml.MoMLSimpleApplication@788416c3
reloadAllAccessors: .ArrayAppend

===========================================================================================
----------------- testing Tue Jun 05 23:00:57 UTC 2018 /home/travis/build/icyphy/ptII/ptolemy/actor/lib/test/auto/ArrayAppend2.xml
----------------- Instantiating /home/travis/build/icyphy/ptII/ptolemy/actor/lib/test/auto/ArrayAppend2.xml
235 ms. Memory: 579072K Free: 183684K (32%)
----------------- Invoking toplevel() on ptolemy.moml.MoMLSimpleApplication@12ade18
----------------- Done invoking toplevel() on ptolemy.moml.MoMLSimpleApplication@12ade18
reloadAllAccessors: .ArrayAppend2

===========================================================================================
----------------- testing Tue Jun 05 23:00:57 UTC 2018 /home/travis/build/icyphy/ptII/ptolemy/actor/lib/test/auto/ArrayAppend3.xml
----------------- Instantiating /home/travis/build/icyphy/ptII/ptolemy/actor/lib/test/auto/ArrayAppend3.xml
7 ms. Memory: 579072K Free: 173925K (30%)
----------------- Invoking toplevel() on ptolemy.moml.MoMLSimpleApplication@17a6c0a6
----------------- Done invoking toplevel() on ptolemy.moml.MoMLSimpleApplication@17a6c0a6
reloadAllAccessors: .ArrayAppend3

===========================================================================================
----------------- testing Tue Jun 05 23:00:57 UTC 2018 /home/travis/build/icyphy/ptII/ptolemy/actor/lib/test/auto/ArrayAppend4.xml
----------------- Instantiating /home/travis/build/icyphy/ptII/ptolemy/actor/lib/test/auto/ArrayAppend4.xml
16 ms. Memory: 579072K Free: 154561K (27%)
----------------- Invoking toplevel() on ptolemy.moml.MoMLSimpleApplication@c269111
----------------- Done invoking toplevel() on ptolemy.moml.MoMLSimpleApplication@c269111
reloadAllAccessors: .ArrayAppend4

===========================================================================================
----------------- testing Tue Jun 05 23:00:57 UTC 2018 /home/travis/build/icyphy/ptII/ptolemy/actor/lib/test/auto/ArrayAppend5.xml
----------------- Instantiating /home/travis/build/icyphy/ptII/ptolemy/actor/lib/test/auto/ArrayAppend5.xml
3 ms. Memory: 579072K Free: 144802K (25%)
----------------- Invoking toplevel() on ptolemy.moml.MoMLSimpleApplication@3f38aa23
----------------- Done invoking toplevel() on ptolemy.moml.MoMLSimpleApplication@3f38aa23
reloadAllAccessors: .ArrayAppend5

===========================================================================================
----------------- testing Tue Jun 05 23:00:57 UTC 2018 /home/travis/build/icyphy/ptII/ptolemy/actor/lib/test/auto/ArrayAppend6.xml
----------------- Instantiating /home/travis/build/icyphy/ptII/ptolemy/actor/lib/test/auto/ArrayAppend6.xml
4 ms. Memory: 579072K Free: 135044K (23%)
----------------- Invoking toplevel() on ptolemy.moml.MoMLSimpleApplication@272ea9be
----------------- Done invoking toplevel() on ptolemy.moml.MoMLSimpleApplication@272ea9be
reloadAllAccessors: .ArrayAppend6

===========================================================================================
----------------- testing Tue Jun 05 23:00:57 UTC 2018 /home/travis/build/icyphy/ptII/ptolemy/actor/lib/test/auto/ArrayAppendPerformanceTest.xml
----------------- Instantiating /home/travis/build/icyphy/ptII/ptolemy/actor/lib/test/auto/ArrayAppendPerformanceTest.xml
39 ms. Memory: 579072K Free: 120389K (21%)
----------------- Invoking toplevel() on ptolemy.moml.MoMLSimpleApplication@701fdb7b
----------------- Done invoking toplevel() on ptolemy.moml.MoMLSimpleApplication@701fdb7b
reloadAllAccessors: .ArrayAppendPerformanceTest

===========================================================================================
----------------- testing Tue Jun 05 23:00:57 UTC 2018 /home/travis/build/icyphy/ptII/ptolemy/actor/lib/test/auto/ArrayAppendWithEmptyInput.xml
----------------- Instantiating /home/travis/build/icyphy/ptII/ptolemy/actor/lib/test/auto/ArrayAppendWithEmptyInput.xml
21 ms. Memory: 579072K Free: 96138K (17%)
----------------- Invoking toplevel() on ptolemy.moml.MoMLSimpleApplication@47b9b746
----------------- Done invoking toplevel() on ptolemy.moml.MoMLSimpleApplication@47b9b746
reloadAllAccessors: .ArrayAppendWithEmptyInput

===========================================================================================
----------------- testing Tue Jun 05 23:00:57 UTC 2018 /home/travis/build/icyphy/ptII/ptolemy/actor/lib/test/auto/ArrayAverage.xml
----------------- Instantiating /home/travis/build/icyphy/ptII/ptolemy/actor/lib/test/auto/ArrayAverage.xml
9 ms. Memory: 579072K Free: 81492K (14%)
----------------- Invoking toplevel() on ptolemy.moml.MoMLSimpleApplication@221aeba7
----------------- Done invoking toplevel() on ptolemy.moml.MoMLSimpleApplication@221aeba7
reloadAllAccessors: .ArrayAverage

===========================================================================================
----------------- testing Tue Jun 05 23:00:57 UTC 2018 /home/travis/build/icyphy/ptII/ptolemy/actor/lib/test/auto/ArrayContains.xml
----------------- Instantiating /home/travis/build/icyphy/ptII/ptolemy/actor/lib/test/auto/ArrayContains.xml
2 ms. Memory: 579072K Free: 71733K (12%)
----------------- Invoking toplevel() on ptolemy.moml.MoMLSimpleApplication@c6e15ef
----------------- Done invoking toplevel() on ptolemy.moml.MoMLSimpleApplication@c6e15ef
reloadAllAccessors: .ArrayContains

===========================================================================================
----------------- testing Tue Jun 05 23:00:57 UTC 2018 /home/travis/build/icyphy/ptII/ptolemy/actor/lib/test/auto/ArrayElement.xml
----------------- Instantiating /home/travis/build/icyphy/ptII/ptolemy/actor/lib/test/auto/ArrayElement.xml
5 ms. Memory: 579072K Free: 61974K (11%)
----------------- Invoking toplevel() on ptolemy.moml.MoMLSimpleApplication@a7f5dba
----------------- Done invoking toplevel() on ptolemy.moml.MoMLSimpleApplication@a7f5dba
reloadAllAccessors: .ArrayElement

===========================================================================================
----------------- testing Tue Jun 05 23:00:58 UTC 2018 /home/travis/build/icyphy/ptII/ptolemy/actor/lib/test/auto/ArrayElementAsMatrix.xml
----------------- Instantiating /home/travis/build/icyphy/ptII/ptolemy/actor/lib/test/auto/ArrayElementAsMatrix.xml
67 ms. Memory: 878592K Free: 824456K (94%)
----------------- Invoking toplevel() on ptolemy.moml.MoMLSimpleApplication@26521981
----------------- Done invoking toplevel() on ptolemy.moml.MoMLSimpleApplication@26521981
reloadAllAccessors: .ArrayElementAsMatrix

===========================================================================================
----------------- testing Tue Jun 05 23:00:58 UTC 2018 /home/travis/build/icyphy/ptII/ptolemy/actor/lib/test/auto/ArrayElementI.xml
----------------- Instantiating /home/travis/build/icyphy/ptII/ptolemy/actor/lib/test/auto/ArrayElementI.xml
4 ms. Memory: 878592K Free: 798342K (91%)
----------------- Invoking toplevel() on ptolemy.moml.MoMLSimpleApplication@5a5549cf
----------------- Done invoking toplevel() on ptolemy.moml.MoMLSimpleApplication@5a5549cf
reloadAllAccessors: .ArrayElementI

===========================================================================================
----------------- testing Tue Jun 05 23:00:58 UTC 2018 /home/travis/build/icyphy/ptII/ptolemy/actor/lib/test/auto/ArrayExtract.xml
----------------- Instantiating /home/travis/build/icyphy/ptII/ptolemy/actor/lib/test/auto/ArrayExtract.xml
4 ms. Memory: 878592K Free: 787951K (90%)
----------------- Invoking toplevel() on ptolemy.moml.MoMLSimpleApplication@a72581d
----------------- Done invoking toplevel() on ptolemy.moml.MoMLSimpleApplication@a72581d
reloadAllAccessors: .ArrayExtract

===========================================================================================
----------------- testing Tue Jun 05 23:00:58 UTC 2018 /home/travis/build/icyphy/ptII/ptolemy/actor/lib/test/auto/ArrayExtract2.xml
----------------- Instantiating /home/travis/build/icyphy/ptII/ptolemy/actor/lib/test/auto/ArrayExtract2.xml
3 ms. Memory: 878592K Free: 777561K (89%)
----------------- Invoking toplevel() on ptolemy.moml.MoMLSimpleApplication@2b4f4d7a
----------------- Done invoking toplevel() on ptolemy.moml.MoMLSimpleApplication@2b4f4d7a
reloadAllAccessors: .ArrayExtract2

===========================================================================================
----------------- testing Tue Jun 05 23:00:58 UTC 2018 /home/travis/build/icyphy/ptII/ptolemy/actor/lib/test/auto/ArrayLength.xml
----------------- Instantiating /home/travis/build/icyphy/ptII/ptolemy/actor/lib/test/auto/ArrayLength.xml
1 ms. Memory: 878592K Free: 767171K (87%)
----------------- Invoking toplevel() on ptolemy.moml.MoMLSimpleApplication@1e749f4f
----------------- Done invoking toplevel() on ptolemy.moml.MoMLSimpleApplication@1e749f4f
reloadAllAccessors: .ArrayLength

===========================================================================================
----------------- testing Tue Jun 05 23:00:58 UTC 2018 /home/travis/build/icyphy/ptII/ptolemy/actor/lib/test/auto/ArrayLevelCrossing.xml
----------------- Instantiating /home/travis/build/icyphy/ptII/ptolemy/actor/lib/test/auto/ArrayLevelCrossing.xml
4 ms. Memory: 878592K Free: 751577K (86%)
----------------- Invoking toplevel() on ptolemy.moml.MoMLSimpleApplication@13c81a7e
----------------- Done invoking toplevel() on ptolemy.moml.MoMLSimpleApplication@13c81a7e
reloadAllAccessors: .ArrayLevelCrossing

===========================================================================================
----------------- testing Tue Jun 05 23:00:58 UTC 2018 /home/travis/build/icyphy/ptII/ptolemy/actor/lib/test/auto/ArrayLevelCrossing2.xml
----------------- Instantiating /home/travis/build/icyphy/ptII/ptolemy/actor/lib/test/auto/ArrayLevelCrossing2.xml
7 ms. Memory: 878592K Free: 729820K (83%)
----------------- Invoking toplevel() on ptolemy.moml.MoMLSimpleApplication@69445a97
----------------- Done invoking toplevel() on ptolemy.moml.MoMLSimpleApplication@69445a97
reloadAllAccessors: .ArrayLevelCrossing2

===========================================================================================
----------------- testing Tue Jun 05 23:00:58 UTC 2018 /home/travis/build/icyphy/ptII/ptolemy/actor/lib/test/auto/ArrayPeakSearch.xml
----------------- Instantiating /home/travis/build/icyphy/ptII/ptolemy/actor/lib/test/auto/ArrayPeakSearch.xml
4 ms. Memory: 878592K Free: 714219K (81%)
----------------- Invoking toplevel() on ptolemy.moml.MoMLSimpleApplication@1be6a642
----------------- Done invoking toplevel() on ptolemy.moml.MoMLSimpleApplication@1be6a642
reloadAllAccessors: .ArrayPeakSearch

===========================================================================================
----------------- testing Tue Jun 05 23:00:58 UTC 2018 /home/travis/build/icyphy/ptII/ptolemy/actor/lib/test/auto/ArrayPeakSearch2.xml
----------------- Instantiating /home/travis/build/icyphy/ptII/ptolemy/actor/lib/test/auto/ArrayPeakSearch2.xml
8 ms. Memory: 878592K Free: 698617K (80%)
----------------- Invoking toplevel() on ptolemy.moml.MoMLSimpleApplication@22b8e87b
----------------- Done invoking toplevel() on ptolemy.moml.MoMLSimpleApplication@22b8e87b
reloadAllAccessors: .ArrayPeakSearch2

===========================================================================================
----------------- testing Tue Jun 05 23:00:58 UTC 2018 /home/travis/build/icyphy/ptII/ptolemy/actor/lib/test/auto/ArrayPeakSearch3.xml
----------------- Instantiating /home/travis/build/icyphy/ptII/ptolemy/actor/lib/test/auto/ArrayPeakSearch3.xml
4 ms. Memory: 878592K Free: 683016K (78%)
----------------- Invoking toplevel() on ptolemy.moml.MoMLSimpleApplication@30f3d5c2
----------------- Done invoking toplevel() on ptolemy.moml.MoMLSimpleApplication@30f3d5c2
reloadAllAccessors: .ArrayPeakSearch3

===========================================================================================
----------------- testing Tue Jun 05 23:00:58 UTC 2018 /home/travis/build/icyphy/ptII/ptolemy/actor/lib/test/auto/ArrayRemoveElement.xml
----------------- Instantiating /home/travis/build/icyphy/ptII/ptolemy/actor/lib/test/auto/ArrayRemoveElement.xml
3 ms. Memory: 878592K Free: 667415K (76%)
----------------- Invoking toplevel() on ptolemy.moml.MoMLSimpleApplication@3e94ac6c
----------------- Done invoking toplevel() on ptolemy.moml.MoMLSimpleApplication@3e94ac6c
reloadAllAccessors: .ArrayRemoveElement

===========================================================================================
----------------- testing Tue Jun 05 23:00:58 UTC 2018 /home/travis/build/icyphy/ptII/ptolemy/actor/lib/test/auto/ArraySort.xml
----------------- Instantiating /home/travis/build/icyphy/ptII/ptolemy/actor/lib/test/auto/ArraySort.xml
5 ms. Memory: 878592K Free: 640446K (73%)
----------------- Invoking toplevel() on ptolemy.moml.MoMLSimpleApplication@d2cd757
----------------- Done invoking toplevel() on ptolemy.moml.MoMLSimpleApplication@d2cd757
reloadAllAccessors: .ArraySort

===========================================================================================
----------------- testing Tue Jun 05 23:00:58 UTC 2018 /home/travis/build/icyphy/ptII/ptolemy/actor/lib/test/auto/ArraySum.xml
----------------- Instantiating /home/travis/build/icyphy/ptII/ptolemy/actor/lib/test/auto/ArraySum.xml
3 ms. Memory: 878592K Free: 630056K (72%)
----------------- Invoking toplevel() on ptolemy.moml.MoMLSimpleApplication@7a98abe2
----------------- Done invoking toplevel() on ptolemy.moml.MoMLSimpleApplication@7a98abe2
reloadAllAccessors: .ArraySum

===========================================================================================
----------------- testing Tue Jun 05 23:00:58 UTC 2018 /home/travis/build/icyphy/ptII/ptolemy/actor/lib/test/auto/ArrayToElements.xml
----------------- Instantiating /home/travis/build/icyphy/ptII/ptolemy/actor/lib/test/auto/ArrayToElements.xml
4 ms. Memory: 878592K Free: 619666K (71%)
----------------- Invoking toplevel() on ptolemy.moml.MoMLSimpleApplication@10a9bd9
----------------- Done invoking toplevel() on ptolemy.moml.MoMLSimpleApplication@10a9bd9
reloadAllAccessors: .ArrayToElements

===========================================================================================
----------------- testing Tue Jun 05 23:00:58 UTC 2018 /home/travis/build/icyphy/ptII/ptolemy/actor/lib/test/auto/ArrayToMatrix.xml
----------------- Instantiating /home/travis/build/icyphy/ptII/ptolemy/actor/lib/test/auto/ArrayToMatrix.xml
8 ms. Memory: 878592K Free: 598877K (68%)
----------------- Invoking toplevel() on ptolemy.moml.MoMLSimpleApplication@360fd862
----------------- Done invoking toplevel() on ptolemy.moml.MoMLSimpleApplication@360fd862
reloadAllAccessors: .ArrayToMatrix

===========================================================================================
----------------- testing Tue Jun 05 23:00:58 UTC 2018 /home/travis/build/icyphy/ptII/ptolemy/actor/lib/test/auto/ArrayUpdate1.xml
----------------- Instantiating /home/travis/build/icyphy/ptII/ptolemy/actor/lib/test/auto/ArrayUpdate1.xml
2 ms. Memory: 878592K Free: 588487K (67%)
----------------- Invoking toplevel() on ptolemy.moml.MoMLSimpleApplication@6aa2c3e3
----------------- Done invoking toplevel() on ptolemy.moml.MoMLSimpleApplication@6aa2c3e3
reloadAllAccessors: .ArrayUpdate1

===========================================================================================
----------------- testing Tue Jun 05 23:00:58 UTC 2018 /home/travis/build/icyphy/ptII/ptolemy/actor/lib/test/auto/ArrayUpdate2.xml
----------------- Instantiating /home/travis/build/icyphy/ptII/ptolemy/actor/lib/test/auto/ArrayUpdate2.xml
4 ms. Memory: 878592K Free: 566730K (65%)
----------------- Invoking toplevel() on ptolemy.moml.MoMLSimpleApplication@7f7a66d5
----------------- Done invoking toplevel() on ptolemy.moml.MoMLSimpleApplication@7f7a66d5
reloadAllAccessors: .ArrayUpdate2

===========================================================================================
----------------- testing Tue Jun 05 23:00:58 UTC 2018 /home/travis/build/icyphy/ptII/ptolemy/actor/lib/test/auto/ArrayUpdate3.xml
----------------- Instantiating /home/travis/build/icyphy/ptII/ptolemy/actor/lib/test/auto/ArrayUpdate3.xml
10 ms. Memory: 878592K Free: 556340K (63%)
----------------- Invoking toplevel() on ptolemy.moml.MoMLSimpleApplication@4199783f
----------------- Done invoking toplevel() on ptolemy.moml.MoMLSimpleApplication@4199783f
reloadAllAccessors: .ArrayUpdate3

===========================================================================================
----------------- testing Tue Jun 05 23:00:58 UTC 2018 /home/travis/build/icyphy/ptII/ptolemy/actor/lib/test/auto/Assert1.xml
----------------- Instantiating /home/travis/build/icyphy/ptII/ptolemy/actor/lib/test/auto/Assert1.xml
2 ms. Memory: 878592K Free: 545950K (62%)
----------------- Invoking toplevel() on ptolemy.moml.MoMLSimpleApplication@1b6825f9
----------------- Done invoking toplevel() on ptolemy.moml.MoMLSimpleApplication@1b6825f9
reloadAllAccessors: .Assert1

===========================================================================================
----------------- testing Tue Jun 05 23:00:58 UTC 2018 /home/travis/build/icyphy/ptII/ptolemy/actor/lib/test/auto/Assert2.xml
----------------- Instantiating /home/travis/build/icyphy/ptII/ptolemy/actor/lib/test/auto/Assert2.xml
3 ms. Memory: 878592K Free: 535559K (61%)
----------------- Invoking toplevel() on ptolemy.moml.MoMLSimpleApplication@6cc1c23a
----------------- Done invoking toplevel() on ptolemy.moml.MoMLSimpleApplication@6cc1c23a
reloadAllAccessors: .Assert2

===========================================================================================
----------------- testing Tue Jun 05 23:00:58 UTC 2018 /home/travis/build/icyphy/ptII/ptolemy/actor/lib/test/auto/BooleanMultiplexor.xml
----------------- Instantiating /home/travis/build/icyphy/ptII/ptolemy/actor/lib/test/auto/BooleanMultiplexor.xml
3 ms. Memory: 878592K Free: 517376K (59%)
----------------- Invoking toplevel() on ptolemy.moml.MoMLSimpleApplication@6f8df062
----------------- Done invoking toplevel() on ptolemy.moml.MoMLSimpleApplication@6f8df062
reloadAllAccessors: .BooleanMultiplexor

===========================================================================================
----------------- testing Tue Jun 05 23:00:58 UTC 2018 /home/travis/build/icyphy/ptII/ptolemy/actor/lib/test/auto/BooleanMultiplexor2.xml
----------------- Instantiating /home/travis/build/icyphy/ptII/ptolemy/actor/lib/test/auto/BooleanMultiplexor2.xml
5 ms. Memory: 878592K Free: 495619K (56%)
----------------- Invoking toplevel() on ptolemy.moml.MoMLSimpleApplication@1943bfb2
----------------- Done invoking toplevel() on ptolemy.moml.MoMLSimpleApplication@1943bfb2
reloadAllAccessors: .BooleanMultiplexor2

===========================================================================================
----------------- testing Tue Jun 05 23:00:58 UTC 2018 /home/travis/build/icyphy/ptII/ptolemy/actor/lib/test/auto/BooleanMultiplexor3.xml
----------------- Instantiating /home/travis/build/icyphy/ptII/ptolemy/actor/lib/test/auto/BooleanMultiplexor3.xml
6 ms. Memory: 878592K Free: 485229K (55%)
----------------- Invoking toplevel() on ptolemy.moml.MoMLSimpleApplication@1a611c37
----------------- Done invoking toplevel() on ptolemy.moml.MoMLSimpleApplication@1a611c37
reloadAllAccessors: .BooleanMultiplexor3

===========================================================================================
----------------- testing Tue Jun 05 23:00:58 UTC 2018 /home/travis/build/icyphy/ptII/ptolemy/actor/lib/test/auto/BooleanSelect.xml
----------------- Instantiating /home/travis/build/icyphy/ptII/ptolemy/actor/lib/test/auto/BooleanSelect.xml
8 ms. Memory: 878592K Free: 474839K (54%)
----------------- Invoking toplevel() on ptolemy.moml.MoMLSimpleApplication@721e0b53
----------------- Done invoking toplevel() on ptolemy.moml.MoMLSimpleApplication@721e0b53
reloadAllAccessors: .BooleanSelect

===========================================================================================
----------------- testing Tue Jun 05 23:00:58 UTC 2018 /home/travis/build/icyphy/ptII/ptolemy/actor/lib/test/auto/BooleanSelect2.xml
----------------- Instantiating /home/travis/build/icyphy/ptII/ptolemy/actor/lib/test/auto/BooleanSelect2.xml
1 ms. Memory: 878592K Free: 464448K (53%)
----------------- Invoking toplevel() on ptolemy.moml.MoMLSimpleApplication@13d0285e
----------------- Done invoking toplevel() on ptolemy.moml.MoMLSimpleApplication@13d0285e
reloadAllAccessors: .BooleanSelect2

===========================================================================================
----------------- testing Tue Jun 05 23:00:58 UTC 2018 /home/travis/build/icyphy/ptII/ptolemy/actor/lib/test/auto/BooleanSwitch.xml
----------------- Instantiating /home/travis/build/icyphy/ptII/ptolemy/actor/lib/test/auto/BooleanSwitch.xml
11 ms. Memory: 878592K Free: 454058K (52%)
----------------- Invoking toplevel() on ptolemy.moml.MoMLSimpleApplication@33984d92
----------------- Done invoking toplevel() on ptolemy.moml.MoMLSimpleApplication@33984d92
reloadAllAccessors: .BooleanSwitch

===========================================================================================
----------------- testing Tue Jun 05 23:00:58 UTC 2018 /home/travis/build/icyphy/ptII/ptolemy/actor/lib/test/auto/BooleanSwitch2.xml
----------------- Instantiating /home/travis/build/icyphy/ptII/ptolemy/actor/lib/test/auto/BooleanSwitch2.xml
1 ms. Memory: 878592K Free: 432301K (49%)
----------------- Invoking toplevel() on ptolemy.moml.MoMLSimpleApplication@4ff90dff
----------------- Done invoking toplevel() on ptolemy.moml.MoMLSimpleApplication@4ff90dff
reloadAllAccessors: .BooleanSwitch2

===========================================================================================
----------------- testing Tue Jun 05 23:00:58 UTC 2018 /home/travis/build/icyphy/ptII/ptolemy/actor/lib/test/auto/BooleanSwitchCloningBugWithClassRelationGroup.xml
----------------- Instantiating /home/travis/build/icyphy/ptII/ptolemy/actor/lib/test/auto/BooleanSwitchCloningBugWithClassRelationGroup.xml
2 ms. Memory: 878592K Free: 421910K (48%)
----------------- Invoking toplevel() on ptolemy.moml.MoMLSimpleApplication@7cf9e6fd
----------------- Done invoking toplevel() on ptolemy.moml.MoMLSimpleApplication@7cf9e6fd
reloadAllAccessors: .BooleanSwitchCloningBugWithClassRelationGroup

===========================================================================================
----------------- testing Tue Jun 05 23:00:58 UTC 2018 /home/travis/build/icyphy/ptII/ptolemy/actor/lib/test/auto/BusActors.xml
----------------- Instantiating /home/travis/build/icyphy/ptII/ptolemy/actor/lib/test/auto/BusActors.xml
4 ms. Memory: 878592K Free: 406317K (46%)
----------------- Invoking toplevel() on ptolemy.moml.MoMLSimpleApplication@50b242c5
----------------- Done invoking toplevel() on ptolemy.moml.MoMLSimpleApplication@50b242c5
reloadAllAccessors: .BusActors

===========================================================================================
----------------- testing Tue Jun 05 23:00:58 UTC 2018 /home/travis/build/icyphy/ptII/ptolemy/actor/lib/test/auto/ClassWrapper.xml
----------------- Instantiating /home/travis/build/icyphy/ptII/ptolemy/actor/lib/test/auto/ClassWrapper.xml
3 ms. Memory: 878592K Free: 395927K (45%)
----------------- Invoking toplevel() on ptolemy.moml.MoMLSimpleApplication@34ac9a8e
----------------- Done invoking toplevel() on ptolemy.moml.MoMLSimpleApplication@34ac9a8e
reloadAllAccessors: .ClassWrapper

===========================================================================================
----------------- testing Tue Jun 05 23:00:59 UTC 2018 /home/travis/build/icyphy/ptII/ptolemy/actor/lib/test/auto/Clock.xml
----------------- Instantiating /home/travis/build/icyphy/ptII/ptolemy/actor/lib/test/auto/Clock.xml
3 ms. Memory: 878592K Free: 385537K (44%)
----------------- Invoking toplevel() on ptolemy.moml.MoMLSimpleApplication@7c48fc90
----------------- Done invoking toplevel() on ptolemy.moml.MoMLSimpleApplication@7c48fc90
reloadAllAccessors: .Clock

===========================================================================================
----------------- testing Tue Jun 05 23:00:59 UTC 2018 /home/travis/build/icyphy/ptII/ptolemy/actor/lib/test/auto/Clock10.xml
----------------- Instantiating /home/travis/build/icyphy/ptII/ptolemy/actor/lib/test/auto/Clock10.xml
4 ms. Memory: 878592K Free: 363779K (41%)
----------------- Invoking toplevel() on ptolemy.moml.MoMLSimpleApplication@6594f6c
----------------- Done invoking toplevel() on ptolemy.moml.MoMLSimpleApplication@6594f6c
reloadAllAccessors: .Clock10

===========================================================================================
----------------- testing Tue Jun 05 23:00:59 UTC 2018 /home/travis/build/icyphy/ptII/ptolemy/actor/lib/test/auto/Clock11.xml
----------------- Instantiating /home/travis/build/icyphy/ptII/ptolemy/actor/lib/test/auto/Clock11.xml
5 ms. Memory: 878592K Free: 353389K (40%)
----------------- Invoking toplevel() on ptolemy.moml.MoMLSimpleApplication@66ec28ad
----------------- Done invoking toplevel() on ptolemy.moml.MoMLSimpleApplication@66ec28ad
reloadAllAccessors: .Clock11

===========================================================================================
----------------- testing Tue Jun 05 23:00:59 UTC 2018 /home/travis/build/icyphy/ptII/ptolemy/actor/lib/test/auto/Clock12.xml
----------------- Instantiating /home/travis/build/icyphy/ptII/ptolemy/actor/lib/test/auto/Clock12.xml
5 ms. Memory: 878592K Free: 342999K (39%)
----------------- Invoking toplevel() on ptolemy.moml.MoMLSimpleApplication@5e293711
----------------- Done invoking toplevel() on ptolemy.moml.MoMLSimpleApplication@5e293711
reloadAllAccessors: .Clock12

===========================================================================================
----------------- testing Tue Jun 05 23:00:59 UTC 2018 /home/travis/build/icyphy/ptII/ptolemy/actor/lib/test/auto/Clock13.xml
----------------- Instantiating /home/travis/build/icyphy/ptII/ptolemy/actor/lib/test/auto/Clock13.xml
7 ms. Memory: 878592K Free: 332609K (38%)
----------------- Invoking toplevel() on ptolemy.moml.MoMLSimpleApplication@63ecd5b6
----------------- Done invoking toplevel() on ptolemy.moml.MoMLSimpleApplication@63ecd5b6
reloadAllAccessors: .Clock13

===========================================================================================
----------------- testing Tue Jun 05 23:00:59 UTC 2018 /home/travis/build/icyphy/ptII/ptolemy/actor/lib/test/auto/Clock14.xml
----------------- Instantiating /home/travis/build/icyphy/ptII/ptolemy/actor/lib/test/auto/Clock14.xml
9 ms. Memory: 878592K Free: 322218K (37%)
----------------- Invoking toplevel() on ptolemy.moml.MoMLSimpleApplication@7e67ea2
----------------- Done invoking toplevel() on ptolemy.moml.MoMLSimpleApplication@7e67ea2
reloadAllAccessors: .Clock14

===========================================================================================
----------------- testing Tue Jun 05 23:00:59 UTC 2018 /home/travis/build/icyphy/ptII/ptolemy/actor/lib/test/auto/Clock15.xml
----------------- Instantiating /home/travis/build/icyphy/ptII/ptolemy/actor/lib/test/auto/Clock15.xml
7 ms. Memory: 878592K Free: 300461K (34%)
----------------- Invoking toplevel() on ptolemy.moml.MoMLSimpleApplication@6dc4b9ce
----------------- Done invoking toplevel() on ptolemy.moml.MoMLSimpleApplication@6dc4b9ce
reloadAllAccessors: .Clock15

===========================================================================================
----------------- testing Tue Jun 05 23:00:59 UTC 2018 /home/travis/build/icyphy/ptII/ptolemy/actor/lib/test/auto/Clock16.xml
----------------- Instantiating /home/travis/build/icyphy/ptII/ptolemy/actor/lib/test/auto/Clock16.xml
29 ms. Memory: 878592K Free: 279665K (32%)
----------------- Invoking toplevel() on ptolemy.moml.MoMLSimpleApplication@5f2cbf50
----------------- Done invoking toplevel() on ptolemy.moml.MoMLSimpleApplication@5f2cbf50
reloadAllAccessors: .Clock16

===========================================================================================
----------------- testing Tue Jun 05 23:00:59 UTC 2018 /home/travis/build/icyphy/ptII/ptolemy/actor/lib/test/auto/Clock17.xml
----------------- Instantiating /home/travis/build/icyphy/ptII/ptolemy/actor/lib/test/auto/Clock17.xml
25 ms. Memory: 878592K Free: 264063K (30%)
----------------- Invoking toplevel() on ptolemy.moml.MoMLSimpleApplication@69a2dc5a
----------------- Done invoking toplevel() on ptolemy.moml.MoMLSimpleApplication@69a2dc5a
reloadAllAccessors: .Clock17

===========================================================================================
----------------- testing Tue Jun 05 23:00:59 UTC 2018 /home/travis/build/icyphy/ptII/ptolemy/actor/lib/test/auto/Clock18.xml
----------------- Instantiating /home/travis/build/icyphy/ptII/ptolemy/actor/lib/test/auto/Clock18.xml
26 ms. Memory: 878592K Free: 248470K (28%)
----------------- Invoking toplevel() on ptolemy.moml.MoMLSimpleApplication@1a25c77c
----------------- Done invoking toplevel() on ptolemy.moml.MoMLSimpleApplication@1a25c77c
reloadAllAccessors: .Clock18

===========================================================================================
----------------- testing Tue Jun 05 23:00:59 UTC 2018 /home/travis/build/icyphy/ptII/ptolemy/actor/lib/test/auto/Clock19.xml
----------------- Instantiating /home/travis/build/icyphy/ptII/ptolemy/actor/lib/test/auto/Clock19.xml
15 ms. Memory: 878592K Free: 232869K (27%)
----------------- Invoking toplevel() on ptolemy.moml.MoMLSimpleApplication@51122bad
----------------- Done invoking toplevel() on ptolemy.moml.MoMLSimpleApplication@51122bad
reloadAllAccessors: .Clock19

===========================================================================================
----------------- testing Tue Jun 05 23:00:59 UTC 2018 /home/travis/build/icyphy/ptII/ptolemy/actor/lib/test/auto/Clock2.xml
----------------- Instantiating /home/travis/build/icyphy/ptII/ptolemy/actor/lib/test/auto/Clock2.xml
8 ms. Memory: 878592K Free: 211111K (24%)
----------------- Invoking toplevel() on ptolemy.moml.MoMLSimpleApplication@10ca3c1f
----------------- Done invoking toplevel() on ptolemy.moml.MoMLSimpleApplication@10ca3c1f
reloadAllAccessors: .Clock2

===========================================================================================
----------------- testing Tue Jun 05 23:00:59 UTC 2018 /home/travis/build/icyphy/ptII/ptolemy/actor/lib/test/auto/Clock20.xml
----------------- Instantiating /home/travis/build/icyphy/ptII/ptolemy/actor/lib/test/auto/Clock20.xml
12 ms. Memory: 878592K Free: 200721K (23%)
----------------- Invoking toplevel() on ptolemy.moml.MoMLSimpleApplication@2f7a444
----------------- Done invoking toplevel() on ptolemy.moml.MoMLSimpleApplication@2f7a444
reloadAllAccessors: .Clock20

===========================================================================================
----------------- testing Tue Jun 05 23:00:59 UTC 2018 /home/travis/build/icyphy/ptII/ptolemy/actor/lib/test/auto/Clock21.xml
----------------- Instantiating /home/travis/build/icyphy/ptII/ptolemy/actor/lib/test/auto/Clock21.xml
8 ms. Memory: 878592K Free: 190331K (22%)
----------------- Invoking toplevel() on ptolemy.moml.MoMLSimpleApplication@68521016
----------------- Done invoking toplevel() on ptolemy.moml.MoMLSimpleApplication@68521016
reloadAllAccessors: .Clock21

===========================================================================================
----------------- testing Tue Jun 05 23:00:59 UTC 2018 /home/travis/build/icyphy/ptII/ptolemy/actor/lib/test/auto/Clock22.xml
----------------- Instantiating /home/travis/build/icyphy/ptII/ptolemy/actor/lib/test/auto/Clock22.xml
8 ms. Memory: 878592K Free: 179941K (20%)
----------------- Invoking toplevel() on ptolemy.moml.MoMLSimpleApplication@b969b2d
----------------- Done invoking toplevel() on ptolemy.moml.MoMLSimpleApplication@b969b2d
reloadAllAccessors: .Clock22

===========================================================================================
----------------- testing Tue Jun 05 23:00:59 UTC 2018 /home/travis/build/icyphy/ptII/ptolemy/actor/lib/test/auto/Clock23.xml
----------------- Instantiating /home/travis/build/icyphy/ptII/ptolemy/actor/lib/test/auto/Clock23.xml
8 ms. Memory: 878592K Free: 169550K (19%)
----------------- Invoking toplevel() on ptolemy.moml.MoMLSimpleApplication@69db0776
----------------- Done invoking toplevel() on ptolemy.moml.MoMLSimpleApplication@69db0776
reloadAllAccessors: .Clock23

===========================================================================================
----------------- testing Tue Jun 05 23:00:59 UTC 2018 /home/travis/build/icyphy/ptII/ptolemy/actor/lib/test/auto/Clock24.xml
----------------- Instantiating /home/travis/build/icyphy/ptII/ptolemy/actor/lib/test/auto/Clock24.xml
7 ms. Memory: 878592K Free: 147793K (17%)
----------------- Invoking toplevel() on ptolemy.moml.MoMLSimpleApplication@5f1aa583
----------------- Done invoking toplevel() on ptolemy.moml.MoMLSimpleApplication@5f1aa583
reloadAllAccessors: .Clock24

===========================================================================================
----------------- testing Tue Jun 05 23:00:59 UTC 2018 /home/travis/build/icyphy/ptII/ptolemy/actor/lib/test/auto/Clock4.xml
----------------- Instantiating /home/travis/build/icyphy/ptII/ptolemy/actor/lib/test/auto/Clock4.xml
6 ms. Memory: 878592K Free: 137403K (16%)
----------------- Invoking toplevel() on ptolemy.moml.MoMLSimpleApplication@5a86bbe8
----------------- Done invoking toplevel() on ptolemy.moml.MoMLSimpleApplication@5a86bbe8
reloadAllAccessors: .Clock4

===========================================================================================
----------------- testing Tue Jun 05 23:00:59 UTC 2018 /home/travis/build/icyphy/ptII/ptolemy/actor/lib/test/auto/Clock5.xml
----------------- Instantiating /home/travis/build/icyphy/ptII/ptolemy/actor/lib/test/auto/Clock5.xml
2 ms. Memory: 878592K Free: 127013K (14%)
----------------- Invoking toplevel() on ptolemy.moml.MoMLSimpleApplication@15e53f82
----------------- Done invoking toplevel() on ptolemy.moml.MoMLSimpleApplication@15e53f82
reloadAllAccessors: .Clock5

===========================================================================================
----------------- testing Tue Jun 05 23:00:59 UTC 2018 /home/travis/build/icyphy/ptII/ptolemy/actor/lib/test/auto/Clock6.xml
----------------- Instantiating /home/travis/build/icyphy/ptII/ptolemy/actor/lib/test/auto/Clock6.xml
2 ms. Memory: 878592K Free: 116622K (13%)
----------------- Invoking toplevel() on ptolemy.moml.MoMLSimpleApplication@3d7dec7
----------------- Done invoking toplevel() on ptolemy.moml.MoMLSimpleApplication@3d7dec7
reloadAllAccessors: .Clock6

===========================================================================================
----------------- testing Tue Jun 05 23:00:59 UTC 2018 /home/travis/build/icyphy/ptII/ptolemy/actor/lib/test/auto/Clock7.xml
----------------- Instantiating /home/travis/build/icyphy/ptII/ptolemy/actor/lib/test/auto/Clock7.xml
2 ms. Memory: 878592K Free: 106232K (12%)
----------------- Invoking toplevel() on ptolemy.moml.MoMLSimpleApplication@55dfc93a
----------------- Done invoking toplevel() on ptolemy.moml.MoMLSimpleApplication@55dfc93a
reloadAllAccessors: .Clock7

===========================================================================================
----------------- testing Tue Jun 05 23:00:59 UTC 2018 /home/travis/build/icyphy/ptII/ptolemy/actor/lib/test/auto/Clock8.xml
----------------- Instantiating /home/travis/build/icyphy/ptII/ptolemy/actor/lib/test/auto/Clock8.xml
7 ms. Memory: 878592K Free: 84475K (10%)
----------------- Invoking toplevel() on ptolemy.moml.MoMLSimpleApplication@264fed7e
----------------- Done invoking toplevel() on ptolemy.moml.MoMLSimpleApplication@264fed7e
reloadAllAccessors: .Clock8

===========================================================================================
----------------- testing Tue Jun 05 23:00:59 UTC 2018 /home/travis/build/icyphy/ptII/ptolemy/actor/lib/test/auto/Clock9.xml
----------------- Instantiating /home/travis/build/icyphy/ptII/ptolemy/actor/lib/test/auto/Clock9.xml
7 ms. Memory: 878592K Free: 74085K (8%)
----------------- Invoking toplevel() on ptolemy.moml.MoMLSimpleApplication@235bee9c
----------------- Done invoking toplevel() on ptolemy.moml.MoMLSimpleApplication@235bee9c
reloadAllAccessors: .Clock9

===========================================================================================
----------------- testing Tue Jun 05 23:00:59 UTC 2018 /home/travis/build/icyphy/ptII/ptolemy/actor/lib/test/auto/CommDistDiscard.xml
----------------- Instantiating /home/travis/build/icyphy/ptII/ptolemy/actor/lib/test/auto/CommDistDiscard.xml
2 ms. Memory: 878592K Free: 63694K (7%)
----------------- Invoking toplevel() on ptolemy.moml.MoMLSimpleApplication@7e7d1643
----------------- Done invoking toplevel() on ptolemy.moml.MoMLSimpleApplication@7e7d1643
reloadAllAccessors: .CommDistDiscard

===========================================================================================
----------------- testing Tue Jun 05 23:00:59 UTC 2018 /home/travis/build/icyphy/ptII/ptolemy/actor/lib/test/auto/Commutator.xml
----------------- Instantiating /home/travis/build/icyphy/ptII/ptolemy/actor/lib/test/auto/Commutator.xml
2 ms. Memory: 878592K Free: 56881K (6%)
----------------- Invoking toplevel() on ptolemy.moml.MoMLSimpleApplication@62b17e05
----------------- Done invoking toplevel() on ptolemy.moml.MoMLSimpleApplication@62b17e05
reloadAllAccessors: .Commutator

===========================================================================================
----------------- testing Tue Jun 05 23:00:59 UTC 2018 /home/travis/build/icyphy/ptII/ptolemy/actor/lib/test/auto/Commutator2.xml
----------------- Instantiating /home/travis/build/icyphy/ptII/ptolemy/actor/lib/test/auto/Commutator2.xml
2 ms. Memory: 880128K Free: 828077K (94%)
----------------- Invoking toplevel() on ptolemy.moml.MoMLSimpleApplication@74606913
----------------- Done invoking toplevel() on ptolemy.moml.MoMLSimpleApplication@74606913
reloadAllAccessors: .Commutator2

===========================================================================================
----------------- testing Tue Jun 05 23:00:59 UTC 2018 /home/travis/build/icyphy/ptII/ptolemy/actor/lib/test/auto/Commutator3.xml
----------------- Instantiating /home/travis/build/icyphy/ptII/ptolemy/actor/lib/test/auto/Commutator3.xml
2 ms. Memory: 880128K Free: 809439K (92%)
----------------- Invoking toplevel() on ptolemy.moml.MoMLSimpleApplication@7943919
----------------- Done invoking toplevel() on ptolemy.moml.MoMLSimpleApplication@7943919
reloadAllAccessors: .Commutator3

===========================================================================================
----------------- testing Tue Jun 05 23:00:59 UTC 2018 /home/travis/build/icyphy/ptII/ptolemy/actor/lib/test/auto/Compare.xml
----------------- Instantiating /home/travis/build/icyphy/ptII/ptolemy/actor/lib/test/auto/Compare.xml
1 ms. Memory: 880128K Free: 799049K (91%)
----------------- Invoking toplevel() on ptolemy.moml.MoMLSimpleApplication@44056590
----------------- Done invoking toplevel() on ptolemy.moml.MoMLSimpleApplication@44056590
reloadAllAccessors: .Compare

===========================================================================================
----------------- testing Tue Jun 05 23:00:59 UTC 2018 /home/travis/build/icyphy/ptII/ptolemy/actor/lib/test/auto/CompareDE.xml
----------------- Instantiating /home/travis/build/icyphy/ptII/ptolemy/actor/lib/test/auto/CompareDE.xml
4 ms. Memory: 880128K Free: 788658K (90%)
----------------- Invoking toplevel() on ptolemy.moml.MoMLSimpleApplication@669ce7e3
----------------- Done invoking toplevel() on ptolemy.moml.MoMLSimpleApplication@669ce7e3
reloadAllAccessors: .CompareDE

===========================================================================================
----------------- testing Tue Jun 05 23:00:59 UTC 2018 /home/travis/build/icyphy/ptII/ptolemy/actor/lib/test/auto/ComplexDivide.xml
----------------- Instantiating /home/travis/build/icyphy/ptII/ptolemy/actor/lib/test/auto/ComplexDivide.xml
1 ms. Memory: 880128K Free: 770020K (87%)
----------------- Invoking toplevel() on ptolemy.moml.MoMLSimpleApplication@4139b9a
----------------- Done invoking toplevel() on ptolemy.moml.MoMLSimpleApplication@4139b9a
reloadAllAccessors: .ComplexDivide

===========================================================================================
----------------- testing Tue Jun 05 23:00:59 UTC 2018 /home/travis/build/icyphy/ptII/ptolemy/actor/lib/test/auto/ComputeHistogram.xml
----------------- Instantiating /home/travis/build/icyphy/ptII/ptolemy/actor/lib/test/auto/ComputeHistogram.xml
35 ms. Memory: 880128K Free: 754435K (86%)
----------------- Invoking toplevel() on ptolemy.moml.MoMLSimpleApplication@93cdb5a
----------------- Done invoking toplevel() on ptolemy.moml.MoMLSimpleApplication@93cdb5a
reloadAllAccessors: .ComputeHistogram

===========================================================================================
----------------- testing Tue Jun 05 23:01:00 UTC 2018 /home/travis/build/icyphy/ptII/ptolemy/actor/lib/test/auto/ConfigurationSelect.xml
----------------- Instantiating /home/travis/build/icyphy/ptII/ptolemy/actor/lib/test/auto/ConfigurationSelect.xml
2 ms. Memory: 880128K Free: 744044K (85%)
----------------- Invoking toplevel() on ptolemy.moml.MoMLSimpleApplication@52ee3151
----------------- Done invoking toplevel() on ptolemy.moml.MoMLSimpleApplication@52ee3151
reloadAllAccessors: .ConfigurationSelect

===========================================================================================
----------------- testing Tue Jun 05 23:01:00 UTC 2018 /home/travis/build/icyphy/ptII/ptolemy/actor/lib/test/auto/ConfigurationSelect2.xml
----------------- Instantiating /home/travis/build/icyphy/ptII/ptolemy/actor/lib/test/auto/ConfigurationSelect2.xml
1 ms. Memory: 880128K Free: 733654K (83%)
----------------- Invoking toplevel() on ptolemy.moml.MoMLSimpleApplication@1b8e3f93
----------------- Done invoking toplevel() on ptolemy.moml.MoMLSimpleApplication@1b8e3f93
reloadAllAccessors: .ConfigurationSelect2

===========================================================================================
----------------- testing Tue Jun 05 23:01:00 UTC 2018 /home/travis/build/icyphy/ptII/ptolemy/actor/lib/test/auto/ConfigurationSwitch.xml
----------------- Instantiating /home/travis/build/icyphy/ptII/ptolemy/actor/lib/test/auto/ConfigurationSwitch.xml
2 ms. Memory: 880128K Free: 715016K (81%)
----------------- Invoking toplevel() on ptolemy.moml.MoMLSimpleApplication@62eb7153
----------------- Done invoking toplevel() on ptolemy.moml.MoMLSimpleApplication@62eb7153
reloadAllAccessors: .ConfigurationSwitch

===========================================================================================
----------------- testing Tue Jun 05 23:01:00 UTC 2018 /home/travis/build/icyphy/ptII/ptolemy/actor/lib/test/auto/ConfigurationSwitch2.xml
----------------- Instantiating /home/travis/build/icyphy/ptII/ptolemy/actor/lib/test/auto/ConfigurationSwitch2.xml
3 ms. Memory: 880128K Free: 704625K (80%)
----------------- Invoking toplevel() on ptolemy.moml.MoMLSimpleApplication@16422595
----------------- Done invoking toplevel() on ptolemy.moml.MoMLSimpleApplication@16422595
reloadAllAccessors: .ConfigurationSwitch2

===========================================================================================
----------------- testing Tue Jun 05 23:01:00 UTC 2018 /home/travis/build/icyphy/ptII/ptolemy/actor/lib/test/auto/ConfigurationSwitchCloningBugWithClassRelationGroup.xml
----------------- Instantiating /home/travis/build/icyphy/ptII/ptolemy/actor/lib/test/auto/ConfigurationSwitchCloningBugWithClassRelationGroup.xml
1 ms. Memory: 880128K Free: 694235K (79%)
----------------- Invoking toplevel() on ptolemy.moml.MoMLSimpleApplication@458114ad
----------------- Done invoking toplevel() on ptolemy.moml.MoMLSimpleApplication@458114ad
reloadAllAccessors: .ConfigurationSwitchCloningBugWithClassRelationGroup

===========================================================================================
----------------- testing Tue Jun 05 23:01:00 UTC 2018 /home/travis/build/icyphy/ptII/ptolemy/actor/lib/test/auto/ConfigurationSwitchSelectSDF.xml
----------------- Instantiating /home/travis/build/icyphy/ptII/ptolemy/actor/lib/test/auto/ConfigurationSwitchSelectSDF.xml
4 ms. Memory: 880128K Free: 675597K (77%)
----------------- Invoking toplevel() on ptolemy.moml.MoMLSimpleApplication@6504bb14
----------------- Done invoking toplevel() on ptolemy.moml.MoMLSimpleApplication@6504bb14
reloadAllAccessors: .ConfigurationSwitchSelectSDF

===========================================================================================
----------------- testing Tue Jun 05 23:01:00 UTC 2018 /home/travis/build/icyphy/ptII/ptolemy/actor/lib/test/auto/ConfigurationSwitchSelectSDF2.xml
----------------- Instantiating /home/travis/build/icyphy/ptII/ptolemy/actor/lib/test/auto/ConfigurationSwitchSelectSDF2.xml
2 ms. Memory: 880128K Free: 665207K (76%)
----------------- Invoking toplevel() on ptolemy.moml.MoMLSimpleApplication@7047c06b
----------------- Done invoking toplevel() on ptolemy.moml.MoMLSimpleApplication@7047c06b
reloadAllAccessors: .ConfigurationSwitchSelectSDF2

===========================================================================================
----------------- testing Tue Jun 05 23:01:00 UTC 2018 /home/travis/build/icyphy/ptII/ptolemy/actor/lib/test/auto/Const.xml
----------------- Instantiating /home/travis/build/icyphy/ptII/ptolemy/actor/lib/test/auto/Const.xml
1 ms. Memory: 880128K Free: 654817K (74%)
----------------- Invoking toplevel() on ptolemy.moml.MoMLSimpleApplication@3abfab1f
----------------- Done invoking toplevel() on ptolemy.moml.MoMLSimpleApplication@3abfab1f
reloadAllAccessors: .Const

===========================================================================================
----------------- testing Tue Jun 05 23:01:00 UTC 2018 /home/travis/build/icyphy/ptII/ptolemy/actor/lib/test/auto/Const2.xml
----------------- Instantiating /home/travis/build/icyphy/ptII/ptolemy/actor/lib/test/auto/Const2.xml
1 ms. Memory: 880128K Free: 644426K (73%)
----------------- Invoking toplevel() on ptolemy.moml.MoMLSimpleApplication@c2e61f3
----------------- Done invoking toplevel() on ptolemy.moml.MoMLSimpleApplication@c2e61f3
reloadAllAccessors: .Const2

===========================================================================================
----------------- testing Tue Jun 05 23:01:00 UTC 2018 /home/travis/build/icyphy/ptII/ptolemy/actor/lib/test/auto/Const3.xml
----------------- Instantiating /home/travis/build/icyphy/ptII/ptolemy/actor/lib/test/auto/Const3.xml
0 ms. Memory: 880128K Free: 625788K (71%)
----------------- Invoking toplevel() on ptolemy.moml.MoMLSimpleApplication@5a130b80
----------------- Done invoking toplevel() on ptolemy.moml.MoMLSimpleApplication@5a130b80
reloadAllAccessors: .Const3

===========================================================================================
----------------- testing Tue Jun 05 23:01:00 UTC 2018 /home/travis/build/icyphy/ptII/ptolemy/actor/lib/test/auto/ConstantPublisherPort1.xml
----------------- Instantiating /home/travis/build/icyphy/ptII/ptolemy/actor/lib/test/auto/ConstantPublisherPort1.xml
4 ms. Memory: 880128K Free: 610187K (69%)
----------------- Invoking toplevel() on ptolemy.moml.MoMLSimpleApplication@7bb33d67
----------------- Done invoking toplevel() on ptolemy.moml.MoMLSimpleApplication@7bb33d67
reloadAllAccessors: .ConstantPublisherPort1

===========================================================================================
----------------- testing Tue Jun 05 23:01:00 UTC 2018 /home/travis/build/icyphy/ptII/ptolemy/actor/lib/test/auto/ConstantPublisherPort2.xml
----------------- Instantiating /home/travis/build/icyphy/ptII/ptolemy/actor/lib/test/auto/ConstantPublisherPort2.xml
8 ms. Memory: 880128K Free: 594585K (68%)
----------------- Invoking toplevel() on ptolemy.moml.MoMLSimpleApplication@6754c0c6
----------------- Done invoking toplevel() on ptolemy.moml.MoMLSimpleApplication@6754c0c6
reloadAllAccessors: .ConstantPublisherPort2

===========================================================================================
----------------- testing Tue Jun 05 23:01:00 UTC 2018 /home/travis/build/icyphy/ptII/ptolemy/actor/lib/test/auto/ConstantPublisherPort3.xml
----------------- Instantiating /home/travis/build/icyphy/ptII/ptolemy/actor/lib/test/auto/ConstantPublisherPort3.xml
6 ms. Memory: 880128K Free: 578984K (66%)
----------------- Invoking toplevel() on ptolemy.moml.MoMLSimpleApplication@60c89864
----------------- Done invoking toplevel() on ptolemy.moml.MoMLSimpleApplication@60c89864
reloadAllAccessors: .ConstantPublisherPort3

===========================================================================================
----------------- testing Tue Jun 05 23:01:00 UTC 2018 /home/travis/build/icyphy/ptII/ptolemy/actor/lib/test/auto/ConstantPublisherPort4.xml
----------------- Instantiating /home/travis/build/icyphy/ptII/ptolemy/actor/lib/test/auto/ConstantPublisherPort4.xml
3 ms. Memory: 880128K Free: 560346K (64%)
----------------- Invoking toplevel() on ptolemy.moml.MoMLSimpleApplication@576af8a6
----------------- Done invoking toplevel() on ptolemy.moml.MoMLSimpleApplication@576af8a6
reloadAllAccessors: .ConstantPublisherPort4

===========================================================================================
----------------- testing Tue Jun 05 23:01:00 UTC 2018 /home/travis/build/icyphy/ptII/ptolemy/actor/lib/test/auto/ConstantPublisherPort5.xml
----------------- Instantiating /home/travis/build/icyphy/ptII/ptolemy/actor/lib/test/auto/ConstantPublisherPort5.xml
26 ms. Memory: 880128K Free: 534354K (61%)
----------------- Invoking toplevel() on ptolemy.moml.MoMLSimpleApplication@4b044d8f
----------------- Done invoking toplevel() on ptolemy.moml.MoMLSimpleApplication@4b044d8f
reloadAllAccessors: .ConstantPublisherPort5

===========================================================================================
----------------- testing Tue Jun 05 23:01:00 UTC 2018 /home/travis/build/icyphy/ptII/ptolemy/actor/lib/test/auto/ConstantPublisherPort6.xml
----------------- Instantiating /home/travis/build/icyphy/ptII/ptolemy/actor/lib/test/auto/ConstantPublisherPort6.xml
17 ms. Memory: 880128K Free: 508379K (58%)
----------------- Invoking toplevel() on ptolemy.moml.MoMLSimpleApplication@24d27951
----------------- Done invoking toplevel() on ptolemy.moml.MoMLSimpleApplication@24d27951
reloadAllAccessors: .ConstantPublisherPort6

===========================================================================================
----------------- testing Tue Jun 05 23:01:00 UTC 2018 /home/travis/build/icyphy/ptII/ptolemy/actor/lib/test/auto/ConstantPublisherPort7.xml
----------------- Instantiating /home/travis/build/icyphy/ptII/ptolemy/actor/lib/test/auto/ConstantPublisherPort7.xml
15 ms. Memory: 880128K Free: 474155K (54%)
----------------- Invoking toplevel() on ptolemy.moml.MoMLSimpleApplication@4dc23316
----------------- Done invoking toplevel() on ptolemy.moml.MoMLSimpleApplication@4dc23316
reloadAllAccessors: .ConstantPublisherPort7

===========================================================================================
----------------- testing Tue Jun 05 23:01:00 UTC 2018 /home/travis/build/icyphy/ptII/ptolemy/actor/lib/test/auto/ConstraintMonitor1.xml
----------------- Instantiating /home/travis/build/icyphy/ptII/ptolemy/actor/lib/test/auto/ConstraintMonitor1.xml
4 ms. Memory: 880128K Free: 463764K (53%)
----------------- Invoking toplevel() on ptolemy.moml.MoMLSimpleApplication@2eda8b2
----------------- Done invoking toplevel() on ptolemy.moml.MoMLSimpleApplication@2eda8b2
reloadAllAccessors: .ConstraintMonitor1

===========================================================================================
----------------- testing Tue Jun 05 23:01:00 UTC 2018 /home/travis/build/icyphy/ptII/ptolemy/actor/lib/test/auto/ConstraintMonitor2.xml
----------------- Instantiating /home/travis/build/icyphy/ptII/ptolemy/actor/lib/test/auto/ConstraintMonitor2.xml
3 ms. Memory: 880128K Free: 453374K (52%)
----------------- Invoking toplevel() on ptolemy.moml.MoMLSimpleApplication@7ffcc648
----------------- Done invoking toplevel() on ptolemy.moml.MoMLSimpleApplication@7ffcc648
reloadAllAccessors: .ConstraintMonitor2

===========================================================================================
----------------- testing Tue Jun 05 23:01:00 UTC 2018 /home/travis/build/icyphy/ptII/ptolemy/actor/lib/test/auto/ConstraintMonitor3.xml
----------------- Instantiating /home/travis/build/icyphy/ptII/ptolemy/actor/lib/test/auto/ConstraintMonitor3.xml
1 ms. Memory: 880128K Free: 442984K (50%)
----------------- Invoking toplevel() on ptolemy.moml.MoMLSimpleApplication@52bb4059
----------------- Done invoking toplevel() on ptolemy.moml.MoMLSimpleApplication@52bb4059
reloadAllAccessors: .ConstraintMonitor3

===========================================================================================
----------------- testing Tue Jun 05 23:01:00 UTC 2018 /home/travis/build/icyphy/ptII/ptolemy/actor/lib/test/auto/ConstraintMonitor4.xml
----------------- Instantiating /home/travis/build/icyphy/ptII/ptolemy/actor/lib/test/auto/ConstraintMonitor4.xml
1 ms. Memory: 880128K Free: 424346K (48%)
----------------- Invoking toplevel() on ptolemy.moml.MoMLSimpleApplication@7c4fecf4
----------------- Done invoking toplevel() on ptolemy.moml.MoMLSimpleApplication@7c4fecf4
reloadAllAccessors: .ConstraintMonitor4

===========================================================================================
----------------- testing Tue Jun 05 23:01:00 UTC 2018 /home/travis/build/icyphy/ptII/ptolemy/actor/lib/test/auto/ConstraintMonitor5.xml
----------------- Instantiating /home/travis/build/icyphy/ptII/ptolemy/actor/lib/test/auto/ConstraintMonitor5.xml
6 ms. Memory: 880128K Free: 413955K (47%)
----------------- Invoking toplevel() on ptolemy.moml.MoMLSimpleApplication@6ddc1f6a
----------------- Done invoking toplevel() on ptolemy.moml.MoMLSimpleApplication@6ddc1f6a
reloadAllAccessors: .ConstraintMonitor5

===========================================================================================
----------------- testing Tue Jun 05 23:01:00 UTC 2018 /home/travis/build/icyphy/ptII/ptolemy/actor/lib/test/auto/ConstraintMonitor6.xml
----------------- Instantiating /home/travis/build/icyphy/ptII/ptolemy/actor/lib/test/auto/ConstraintMonitor6.xml
2 ms. Memory: 880128K Free: 403565K (46%)
----------------- Invoking toplevel() on ptolemy.moml.MoMLSimpleApplication@75ebea89
----------------- Done invoking toplevel() on ptolemy.moml.MoMLSimpleApplication@75ebea89
reloadAllAccessors: .ConstraintMonitor6

===========================================================================================
----------------- testing Tue Jun 05 23:01:00 UTC 2018 /home/travis/build/icyphy/ptII/ptolemy/actor/lib/test/auto/ConstraintMonitor7.xml
----------------- Instantiating /home/travis/build/icyphy/ptII/ptolemy/actor/lib/test/auto/ConstraintMonitor7.xml
7 ms. Memory: 880128K Free: 384927K (44%)
----------------- Invoking toplevel() on ptolemy.moml.MoMLSimpleApplication@655a079d
----------------- Done invoking toplevel() on ptolemy.moml.MoMLSimpleApplication@655a079d
reloadAllAccessors: .ConstraintMonitor7

===========================================================================================
----------------- testing Tue Jun 05 23:01:00 UTC 2018 /home/travis/build/icyphy/ptII/ptolemy/actor/lib/test/auto/ConstraintMonitor8.xml
----------------- Instantiating /home/travis/build/icyphy/ptII/ptolemy/actor/lib/test/auto/ConstraintMonitor8.xml
6 ms. Memory: 880128K Free: 374537K (43%)
----------------- Invoking toplevel() on ptolemy.moml.MoMLSimpleApplication@c33db72
----------------- Done invoking toplevel() on ptolemy.moml.MoMLSimpleApplication@c33db72
reloadAllAccessors: .ConstraintMonitor8

===========================================================================================
----------------- testing Tue Jun 05 23:01:00 UTC 2018 /home/travis/build/icyphy/ptII/ptolemy/actor/lib/test/auto/Counter.xml
----------------- Instantiating /home/travis/build/icyphy/ptII/ptolemy/actor/lib/test/auto/Counter.xml
3 ms. Memory: 880128K Free: 364147K (41%)
----------------- Invoking toplevel() on ptolemy.moml.MoMLSimpleApplication@6dd41f63
----------------- Done invoking toplevel() on ptolemy.moml.MoMLSimpleApplication@6dd41f63
reloadAllAccessors: .Counter

===========================================================================================
----------------- testing Tue Jun 05 23:01:00 UTC 2018 /home/travis/build/icyphy/ptII/ptolemy/actor/lib/test/auto/CurrentTimeSDF.xml
----------------- Instantiating /home/travis/build/icyphy/ptII/ptolemy/actor/lib/test/auto/CurrentTimeSDF.xml
1 ms. Memory: 880128K Free: 353756K (40%)
----------------- Invoking toplevel() on ptolemy.moml.MoMLSimpleApplication@2edf67bc
----------------- Done invoking toplevel() on ptolemy.moml.MoMLSimpleApplication@2edf67bc
reloadAllAccessors: .CurrentTimeSDF

===========================================================================================
----------------- testing Tue Jun 05 23:01:00 UTC 2018 /home/travis/build/icyphy/ptII/ptolemy/actor/lib/test/auto/DB.xml
----------------- Instantiating /home/travis/build/icyphy/ptII/ptolemy/actor/lib/test/auto/DB.xml
3 ms. Memory: 880128K Free: 335118K (38%)
----------------- Invoking toplevel() on ptolemy.moml.MoMLSimpleApplication@1bea9c07
----------------- Done invoking toplevel() on ptolemy.moml.MoMLSimpleApplication@1bea9c07
reloadAllAccessors: .DB

===========================================================================================
----------------- testing Tue Jun 05 23:01:00 UTC 2018 /home/travis/build/icyphy/ptII/ptolemy/actor/lib/test/auto/DBDE.xml
----------------- Instantiating /home/travis/build/icyphy/ptII/ptolemy/actor/lib/test/auto/DBDE.xml
1 ms. Memory: 880128K Free: 324728K (37%)
----------------- Invoking toplevel() on ptolemy.moml.MoMLSimpleApplication@192c143e
----------------- Done invoking toplevel() on ptolemy.moml.MoMLSimpleApplication@192c143e
reloadAllAccessors: .DBDE

===========================================================================================
----------------- testing Tue Jun 05 23:01:00 UTC 2018 /home/travis/build/icyphy/ptII/ptolemy/actor/lib/test/auto/DateConstructor.xml
----------------- Instantiating /home/travis/build/icyphy/ptII/ptolemy/actor/lib/test/auto/DateConstructor.xml
11 ms. Memory: 880128K Free: 303932K (35%)
----------------- Invoking toplevel() on ptolemy.moml.MoMLSimpleApplication@4967c39c
----------------- Done invoking toplevel() on ptolemy.moml.MoMLSimpleApplication@4967c39c
reloadAllAccessors: .DateConstructor

===========================================================================================
----------------- testing Tue Jun 05 23:01:00 UTC 2018 /home/travis/build/icyphy/ptII/ptolemy/actor/lib/test/auto/DelayTime.xml
----------------- Instantiating /home/travis/build/icyphy/ptII/ptolemy/actor/lib/test/auto/DelayTime.xml
4 ms. Memory: 880128K Free: 285293K (32%)
----------------- Invoking toplevel() on ptolemy.moml.MoMLSimpleApplication@34850400
----------------- Done invoking toplevel() on ptolemy.moml.MoMLSimpleApplication@34850400
reloadAllAccessors: .DelayTime

===========================================================================================
----------------- testing Tue Jun 05 23:01:00 UTC 2018 /home/travis/build/icyphy/ptII/ptolemy/actor/lib/test/auto/Dictionary1.xml
----------------- Instantiating /home/travis/build/icyphy/ptII/ptolemy/actor/lib/test/auto/Dictionary1.xml
3 ms. Memory: 880128K Free: 274903K (31%)
----------------- Invoking toplevel() on ptolemy.moml.MoMLSimpleApplication@5c406258
----------------- Done invoking toplevel() on ptolemy.moml.MoMLSimpleApplication@5c406258
reloadAllAccessors: .Dictionary1

===========================================================================================
----------------- testing Tue Jun 05 23:01:00 UTC 2018 /home/travis/build/icyphy/ptII/ptolemy/actor/lib/test/auto/Dictionary2.xml
----------------- Instantiating /home/travis/build/icyphy/ptII/ptolemy/actor/lib/test/auto/Dictionary2.xml
2 ms. Memory: 880128K Free: 264513K (30%)
----------------- Invoking toplevel() on ptolemy.moml.MoMLSimpleApplication@66ed3421
----------------- Done invoking toplevel() on ptolemy.moml.MoMLSimpleApplication@66ed3421
reloadAllAccessors: .Dictionary2

===========================================================================================
----------------- testing Tue Jun 05 23:01:00 UTC 2018 /home/travis/build/icyphy/ptII/ptolemy/actor/lib/test/auto/Dictionary3.xml
----------------- Instantiating /home/travis/build/icyphy/ptII/ptolemy/actor/lib/test/auto/Dictionary3.xml
2 ms. Memory: 880128K Free: 254123K (29%)
----------------- Invoking toplevel() on ptolemy.moml.MoMLSimpleApplication@b76d60f
----------------- Done invoking toplevel() on ptolemy.moml.MoMLSimpleApplication@b76d60f
reloadAllAccessors: .Dictionary3

===========================================================================================
----------------- testing Tue Jun 05 23:01:00 UTC 2018 /home/travis/build/icyphy/ptII/ptolemy/actor/lib/test/auto/Dictionary4.xml
----------------- Instantiating /home/travis/build/icyphy/ptII/ptolemy/actor/lib/test/auto/Dictionary4.xml
2 ms. Memory: 880128K Free: 235484K (27%)
----------------- Invoking toplevel() on ptolemy.moml.MoMLSimpleApplication@19c2bc49
----------------- Done invoking toplevel() on ptolemy.moml.MoMLSimpleApplication@19c2bc49
reloadAllAccessors: .Dictionary4

===========================================================================================
----------------- testing Tue Jun 05 23:01:00 UTC 2018 /home/travis/build/icyphy/ptII/ptolemy/actor/lib/test/auto/Differential.xml
----------------- Instantiating /home/travis/build/icyphy/ptII/ptolemy/actor/lib/test/auto/Differential.xml
1 ms. Memory: 880128K Free: 225094K (26%)
----------------- Invoking toplevel() on ptolemy.moml.MoMLSimpleApplication@3f3ff168
----------------- Done invoking toplevel() on ptolemy.moml.MoMLSimpleApplication@3f3ff168
reloadAllAccessors: .Differential

===========================================================================================
----------------- testing Tue Jun 05 23:01:00 UTC 2018 /home/travis/build/icyphy/ptII/ptolemy/actor/lib/test/auto/Director.xml
----------------- Instantiating /home/travis/build/icyphy/ptII/ptolemy/actor/lib/test/auto/Director.xml
1 ms. Memory: 880128K Free: 214704K (24%)
----------------- Invoking toplevel() on ptolemy.moml.MoMLSimpleApplication@5067cf60
----------------- Done invoking toplevel() on ptolemy.moml.MoMLSimpleApplication@5067cf60
reloadAllAccessors: .Director

===========================================================================================
----------------- testing Tue Jun 05 23:01:00 UTC 2018 /home/travis/build/icyphy/ptII/ptolemy/actor/lib/test/auto/DiscreteClock.xml
----------------- Instantiating /home/travis/build/icyphy/ptII/ptolemy/actor/lib/test/auto/DiscreteClock.xml
1 ms. Memory: 880128K Free: 204314K (23%)
----------------- Invoking toplevel() on ptolemy.moml.MoMLSimpleApplication@6e7ab4c7
----------------- Done invoking toplevel() on ptolemy.moml.MoMLSimpleApplication@6e7ab4c7
reloadAllAccessors: .DiscreteClock

===========================================================================================
----------------- testing Tue Jun 05 23:01:00 UTC 2018 /home/travis/build/icyphy/ptII/ptolemy/actor/lib/test/auto/DiscreteClock10.xml
----------------- Instantiating /home/travis/build/icyphy/ptII/ptolemy/actor/lib/test/auto/DiscreteClock10.xml
2 ms. Memory: 880128K Free: 185675K (21%)
----------------- Invoking toplevel() on ptolemy.moml.MoMLSimpleApplication@77ba3230
----------------- Done invoking toplevel() on ptolemy.moml.MoMLSimpleApplication@77ba3230
reloadAllAccessors: .DiscreteClock10

===========================================================================================
----------------- testing Tue Jun 05 23:01:00 UTC 2018 /home/travis/build/icyphy/ptII/ptolemy/actor/lib/test/auto/DiscreteClock11.xml
----------------- Instantiating /home/travis/build/icyphy/ptII/ptolemy/actor/lib/test/auto/DiscreteClock11.xml
2 ms. Memory: 880128K Free: 175285K (20%)
----------------- Invoking toplevel() on ptolemy.moml.MoMLSimpleApplication@35f6079b
----------------- Done invoking toplevel() on ptolemy.moml.MoMLSimpleApplication@35f6079b
reloadAllAccessors: .DiscreteClock11

===========================================================================================
----------------- testing Tue Jun 05 23:01:00 UTC 2018 /home/travis/build/icyphy/ptII/ptolemy/actor/lib/test/auto/DiscreteClock12.xml
----------------- Instantiating /home/travis/build/icyphy/ptII/ptolemy/actor/lib/test/auto/DiscreteClock12.xml
1 ms. Memory: 880128K Free: 164895K (19%)
----------------- Invoking toplevel() on ptolemy.moml.MoMLSimpleApplication@1891f46e
----------------- Done invoking toplevel() on ptolemy.moml.MoMLSimpleApplication@1891f46e
reloadAllAccessors: .DiscreteClock12

===========================================================================================
----------------- testing Tue Jun 05 23:01:00 UTC 2018 /home/travis/build/icyphy/ptII/ptolemy/actor/lib/test/auto/DiscreteClock13.xml
----------------- Instantiating /home/travis/build/icyphy/ptII/ptolemy/actor/lib/test/auto/DiscreteClock13.xml
3 ms. Memory: 880128K Free: 146256K (17%)
----------------- Invoking toplevel() on ptolemy.moml.MoMLSimpleApplication@54ae568b
----------------- Done invoking toplevel() on ptolemy.moml.MoMLSimpleApplication@54ae568b
reloadAllAccessors: .DiscreteClock13

===========================================================================================
----------------- testing Tue Jun 05 23:01:00 UTC 2018 /home/travis/build/icyphy/ptII/ptolemy/actor/lib/test/auto/DiscreteClock14.xml
----------------- Instantiating /home/travis/build/icyphy/ptII/ptolemy/actor/lib/test/auto/DiscreteClock14.xml
2 ms. Memory: 880128K Free: 135866K (15%)
----------------- Invoking toplevel() on ptolemy.moml.MoMLSimpleApplication@47898f6
----------------- Done invoking toplevel() on ptolemy.moml.MoMLSimpleApplication@47898f6
reloadAllAccessors: .DiscreteClock14

===========================================================================================
----------------- testing Tue Jun 05 23:01:00 UTC 2018 /home/travis/build/icyphy/ptII/ptolemy/actor/lib/test/auto/DiscreteClock15.xml
----------------- Instantiating /home/travis/build/icyphy/ptII/ptolemy/actor/lib/test/auto/DiscreteClock15.xml
2 ms. Memory: 880128K Free: 125476K (14%)
----------------- Invoking toplevel() on ptolemy.moml.MoMLSimpleApplication@361e723c
----------------- Done invoking toplevel() on ptolemy.moml.MoMLSimpleApplication@361e723c
reloadAllAccessors: .DiscreteClock15

===========================================================================================
----------------- testing Tue Jun 05 23:01:01 UTC 2018 /home/travis/build/icyphy/ptII/ptolemy/actor/lib/test/auto/DiscreteClock16.xml
----------------- Instantiating /home/travis/build/icyphy/ptII/ptolemy/actor/lib/test/auto/DiscreteClock16.xml
11 ms. Memory: 880128K Free: 109875K (12%)
----------------- Invoking toplevel() on ptolemy.moml.MoMLSimpleApplication@3aa2ea68
----------------- Done invoking toplevel() on ptolemy.moml.MoMLSimpleApplication@3aa2ea68
reloadAllAccessors: .DiscreteClock16

===========================================================================================
----------------- testing Tue Jun 05 23:01:01 UTC 2018 /home/travis/build/icyphy/ptII/ptolemy/actor/lib/test/auto/DiscreteClock17.xml
----------------- Instantiating /home/travis/build/icyphy/ptII/ptolemy/actor/lib/test/auto/DiscreteClock17.xml
15 ms. Memory: 880128K Free: 86025K (10%)
----------------- Invoking toplevel() on ptolemy.moml.MoMLSimpleApplication@209daa7c
----------------- Done invoking toplevel() on ptolemy.moml.MoMLSimpleApplication@209daa7c
reloadAllAccessors: .DiscreteClock17

===========================================================================================
----------------- testing Tue Jun 05 23:01:01 UTC 2018 /home/travis/build/icyphy/ptII/ptolemy/actor/lib/test/auto/DiscreteClock18.xml
----------------- Instantiating /home/travis/build/icyphy/ptII/ptolemy/actor/lib/test/auto/DiscreteClock18.xml
9 ms. Memory: 880128K Free: 70432K (8%)
----------------- Invoking toplevel() on ptolemy.moml.MoMLSimpleApplication@76ccd5b6
----------------- Done invoking toplevel() on ptolemy.moml.MoMLSimpleApplication@76ccd5b6
reloadAllAccessors: .DiscreteClock18

===========================================================================================
----------------- testing Tue Jun 05 23:01:01 UTC 2018 /home/travis/build/icyphy/ptII/ptolemy/actor/lib/test/auto/DiscreteClock19.xml
----------------- Instantiating /home/travis/build/icyphy/ptII/ptolemy/actor/lib/test/auto/DiscreteClock19.xml
20 ms. Memory: 1364992K Free: 1306909K (96%)
----------------- Invoking toplevel() on ptolemy.moml.MoMLSimpleApplication@63238965
----------------- Done invoking toplevel() on ptolemy.moml.MoMLSimpleApplication@63238965
reloadAllAccessors: .DiscreteClock19

===========================================================================================
----------------- testing Tue Jun 05 23:01:01 UTC 2018 /home/travis/build/icyphy/ptII/ptolemy/actor/lib/test/auto/DiscreteClock2.xml
----------------- Instantiating /home/travis/build/icyphy/ptII/ptolemy/actor/lib/test/auto/DiscreteClock2.xml
5 ms. Memory: 1364992K Free: 1280300K (94%)
----------------- Invoking toplevel() on ptolemy.moml.MoMLSimpleApplication@666b3f3d
----------------- Done invoking toplevel() on ptolemy.moml.MoMLSimpleApplication@666b3f3d
reloadAllAccessors: .DiscreteClock2

===========================================================================================
----------------- testing Tue Jun 05 23:01:01 UTC 2018 /home/travis/build/icyphy/ptII/ptolemy/actor/lib/test/auto/DiscreteClock20.xml
----------------- Instantiating /home/travis/build/icyphy/ptII/ptolemy/actor/lib/test/auto/DiscreteClock20.xml
2 ms. Memory: 1364992K Free: 1263670K (93%)
----------------- Invoking toplevel() on ptolemy.moml.MoMLSimpleApplication@3ef94fdc
----------------- Done invoking toplevel() on ptolemy.moml.MoMLSimpleApplication@3ef94fdc
reloadAllAccessors: .DiscreteClock20

===========================================================================================
----------------- testing Tue Jun 05 23:01:01 UTC 2018 /home/travis/build/icyphy/ptII/ptolemy/actor/lib/test/auto/DiscreteClock21.xml
----------------- Instantiating /home/travis/build/icyphy/ptII/ptolemy/actor/lib/test/auto/DiscreteClock21.xml
2 ms. Memory: 1364992K Free: 1247040K (91%)
----------------- Invoking toplevel() on ptolemy.moml.MoMLSimpleApplication@5f67176c
----------------- Done invoking toplevel() on ptolemy.moml.MoMLSimpleApplication@5f67176c
reloadAllAccessors: .DiscreteClock21

===========================================================================================
----------------- testing Tue Jun 05 23:01:01 UTC 2018 /home/travis/build/icyphy/ptII/ptolemy/actor/lib/test/auto/DiscreteClock22.xml
----------------- Instantiating /home/travis/build/icyphy/ptII/ptolemy/actor/lib/test/auto/DiscreteClock22.xml
2 ms. Memory: 1364992K Free: 1230411K (90%)
----------------- Invoking toplevel() on ptolemy.moml.MoMLSimpleApplication@75c0f50
----------------- Done invoking toplevel() on ptolemy.moml.MoMLSimpleApplication@75c0f50
reloadAllAccessors: .DiscreteClock22

===========================================================================================
----------------- testing Tue Jun 05 23:01:01 UTC 2018 /home/travis/build/icyphy/ptII/ptolemy/actor/lib/test/auto/DiscreteClock23.xml
----------------- Instantiating /home/travis/build/icyphy/ptII/ptolemy/actor/lib/test/auto/DiscreteClock23.xml
2 ms. Memory: 1364992K Free: 1203543K (88%)
----------------- Invoking toplevel() on ptolemy.moml.MoMLSimpleApplication@357e7cf1
----------------- Done invoking toplevel() on ptolemy.moml.MoMLSimpleApplication@357e7cf1
reloadAllAccessors: .DiscreteClock23

===========================================================================================
----------------- testing Tue Jun 05 23:01:01 UTC 2018 /home/travis/build/icyphy/ptII/ptolemy/actor/lib/test/auto/DiscreteClock24.xml
----------------- Instantiating /home/travis/build/icyphy/ptII/ptolemy/actor/lib/test/auto/DiscreteClock24.xml
2 ms. Memory: 1364992K Free: 1186913K (87%)
----------------- Invoking toplevel() on ptolemy.moml.MoMLSimpleApplication@31ec80b8
----------------- Done invoking toplevel() on ptolemy.moml.MoMLSimpleApplication@31ec80b8
reloadAllAccessors: .DiscreteClock24

===========================================================================================
----------------- testing Tue Jun 05 23:01:01 UTC 2018 /home/travis/build/icyphy/ptII/ptolemy/actor/lib/test/auto/DiscreteClock4.xml
----------------- Instantiating /home/travis/build/icyphy/ptII/ptolemy/actor/lib/test/auto/DiscreteClock4.xml
3 ms. Memory: 1364992K Free: 1170283K (86%)
----------------- Invoking toplevel() on ptolemy.moml.MoMLSimpleApplication@7f0d68ce
----------------- Done invoking toplevel() on ptolemy.moml.MoMLSimpleApplication@7f0d68ce
reloadAllAccessors: .DiscreteClock4

===========================================================================================
----------------- testing Tue Jun 05 23:01:01 UTC 2018 /home/travis/build/icyphy/ptII/ptolemy/actor/lib/test/auto/DiscreteClock5.xml
----------------- Instantiating /home/travis/build/icyphy/ptII/ptolemy/actor/lib/test/auto/DiscreteClock5.xml
2 ms. Memory: 1364992K Free: 1153654K (85%)
----------------- Invoking toplevel() on ptolemy.moml.MoMLSimpleApplication@1b4ca51f
----------------- Done invoking toplevel() on ptolemy.moml.MoMLSimpleApplication@1b4ca51f
reloadAllAccessors: .DiscreteClock5

===========================================================================================
----------------- testing Tue Jun 05 23:01:01 UTC 2018 /home/travis/build/icyphy/ptII/ptolemy/actor/lib/test/auto/DiscreteClock6.xml
----------------- Instantiating /home/travis/build/icyphy/ptII/ptolemy/actor/lib/test/auto/DiscreteClock6.xml
6 ms. Memory: 1364992K Free: 1127045K (83%)
----------------- Invoking toplevel() on ptolemy.moml.MoMLSimpleApplication@2e6a7599
----------------- Done invoking toplevel() on ptolemy.moml.MoMLSimpleApplication@2e6a7599
reloadAllAccessors: .DiscreteClock6

===========================================================================================
----------------- testing Tue Jun 05 23:01:01 UTC 2018 /home/travis/build/icyphy/ptII/ptolemy/actor/lib/test/auto/DiscreteClock7.xml
----------------- Instantiating /home/travis/build/icyphy/ptII/ptolemy/actor/lib/test/auto/DiscreteClock7.xml
2 ms. Memory: 1364992K Free: 1110415K (81%)
----------------- Invoking toplevel() on ptolemy.moml.MoMLSimpleApplication@50862102
----------------- Done invoking toplevel() on ptolemy.moml.MoMLSimpleApplication@50862102
reloadAllAccessors: .DiscreteClock7

===========================================================================================
----------------- testing Tue Jun 05 23:01:01 UTC 2018 /home/travis/build/icyphy/ptII/ptolemy/actor/lib/test/auto/DiscreteClock8.xml
----------------- Instantiating /home/travis/build/icyphy/ptII/ptolemy/actor/lib/test/auto/DiscreteClock8.xml
2 ms. Memory: 1364992K Free: 1093785K (80%)
----------------- Invoking toplevel() on ptolemy.moml.MoMLSimpleApplication@606da455
----------------- Done invoking toplevel() on ptolemy.moml.MoMLSimpleApplication@606da455
reloadAllAccessors: .DiscreteClock8

===========================================================================================
----------------- testing Tue Jun 05 23:01:01 UTC 2018 /home/travis/build/icyphy/ptII/ptolemy/actor/lib/test/auto/DiscreteClock9.xml
----------------- Instantiating /home/travis/build/icyphy/ptII/ptolemy/actor/lib/test/auto/DiscreteClock9.xml
1 ms. Memory: 1364992K Free: 1077156K (79%)
----------------- Invoking toplevel() on ptolemy.moml.MoMLSimpleApplication@de08031
----------------- Done invoking toplevel() on ptolemy.moml.MoMLSimpleApplication@de08031
reloadAllAccessors: .DiscreteClock9

===========================================================================================
----------------- testing Tue Jun 05 23:01:01 UTC 2018 /home/travis/build/icyphy/ptII/ptolemy/actor/lib/test/auto/DisplayArray.xml
----------------- Instantiating /home/travis/build/icyphy/ptII/ptolemy/actor/lib/test/auto/DisplayArray.xml
3 ms. Memory: 1364992K Free: 1050547K (77%)
----------------- Invoking toplevel() on ptolemy.moml.MoMLSimpleApplication@448f2b76
----------------- Done invoking toplevel() on ptolemy.moml.MoMLSimpleApplication@448f2b76
reloadAllAccessors: .DisplayArray

===========================================================================================
----------------- testing Tue Jun 05 23:01:01 UTC 2018 /home/travis/build/icyphy/ptII/ptolemy/actor/lib/test/auto/Distributor.xml
----------------- Instantiating /home/travis/build/icyphy/ptII/ptolemy/actor/lib/test/auto/Distributor.xml
1 ms. Memory: 1364992K Free: 1033917K (76%)
----------------- Invoking toplevel() on ptolemy.moml.MoMLSimpleApplication@2e590c28
----------------- Done invoking toplevel() on ptolemy.moml.MoMLSimpleApplication@2e590c28
reloadAllAccessors: .Distributor

===========================================================================================
----------------- testing Tue Jun 05 23:01:01 UTC 2018 /home/travis/build/icyphy/ptII/ptolemy/actor/lib/test/auto/Distributor2.xml
----------------- Instantiating /home/travis/build/icyphy/ptII/ptolemy/actor/lib/test/auto/Distributor2.xml
1 ms. Memory: 1364992K Free: 1017287K (75%)
----------------- Invoking toplevel() on ptolemy.moml.MoMLSimpleApplication@52c43f0b
----------------- Done invoking toplevel() on ptolemy.moml.MoMLSimpleApplication@52c43f0b
reloadAllAccessors: .Distributor2

===========================================================================================
----------------- testing Tue Jun 05 23:01:01 UTC 2018 /home/travis/build/icyphy/ptII/ptolemy/actor/lib/test/auto/DownSample.xml
----------------- Instantiating /home/travis/build/icyphy/ptII/ptolemy/actor/lib/test/auto/DownSample.xml
1 ms. Memory: 1364992K Free: 1000658K (73%)
----------------- Invoking toplevel() on ptolemy.moml.MoMLSimpleApplication@21b8b5f1
----------------- Done invoking toplevel() on ptolemy.moml.MoMLSimpleApplication@21b8b5f1
reloadAllAccessors: .DownSample

===========================================================================================
----------------- testing Tue Jun 05 23:01:01 UTC 2018 /home/travis/build/icyphy/ptII/ptolemy/actor/lib/test/auto/ElectronicUnitBase1.xml
----------------- Instantiating /home/travis/build/icyphy/ptII/ptolemy/actor/lib/test/auto/ElectronicUnitBase1.xml
17 ms. Memory: 1364992K Free: 965734K (71%)
----------------- Invoking toplevel() on ptolemy.moml.MoMLSimpleApplication@25c2b04e
----------------- Done invoking toplevel() on ptolemy.moml.MoMLSimpleApplication@25c2b04e
reloadAllAccessors: .ElectronicUnitBase1

===========================================================================================
----------------- testing Tue Jun 05 23:01:01 UTC 2018 /home/travis/build/icyphy/ptII/ptolemy/actor/lib/test/auto/ElementsToArray.xml
----------------- Instantiating /home/travis/build/icyphy/ptII/ptolemy/actor/lib/test/auto/ElementsToArray.xml
2 ms. Memory: 1364992K Free: 949104K (70%)
----------------- Invoking toplevel() on ptolemy.moml.MoMLSimpleApplication@139ccb3
----------------- Done invoking toplevel() on ptolemy.moml.MoMLSimpleApplication@139ccb3
reloadAllAccessors: .ElementsToArray

===========================================================================================
----------------- testing Tue Jun 05 23:01:01 UTC 2018 /home/travis/build/icyphy/ptII/ptolemy/actor/lib/test/auto/Equals.xml
----------------- Instantiating /home/travis/build/icyphy/ptII/ptolemy/actor/lib/test/auto/Equals.xml
2 ms. Memory: 1364992K Free: 932474K (68%)
----------------- Invoking toplevel() on ptolemy.moml.MoMLSimpleApplication@237a6712
----------------- Done invoking toplevel() on ptolemy.moml.MoMLSimpleApplication@237a6712
reloadAllAccessors: .Equals

===========================================================================================
----------------- testing Tue Jun 05 23:01:02 UTC 2018 /home/travis/build/icyphy/ptII/ptolemy/actor/lib/test/auto/Exec.xml
----------------- Instantiating /home/travis/build/icyphy/ptII/ptolemy/actor/lib/test/auto/Exec.xml
8 ms. Memory: 1364992K Free: 886742K (65%)
----------------- Invoking toplevel() on ptolemy.moml.MoMLSimpleApplication@7fb79ecc
----------------- Done invoking toplevel() on ptolemy.moml.MoMLSimpleApplication@7fb79ecc
reloadAllAccessors: .Exec

===========================================================================================
----------------- testing Tue Jun 05 23:01:02 UTC 2018 /home/travis/build/icyphy/ptII/ptolemy/actor/lib/test/auto/ExecEnvironment.xml
----------------- Instantiating /home/travis/build/icyphy/ptII/ptolemy/actor/lib/test/auto/ExecEnvironment.xml
26 ms. Memory: 1364992K Free: 870112K (64%)
----------------- Invoking toplevel() on ptolemy.moml.MoMLSimpleApplication@3067ef2c
----------------- Done invoking toplevel() on ptolemy.moml.MoMLSimpleApplication@3067ef2c
reloadAllAccessors: .ExecEnvironment

===========================================================================================
----------------- testing Tue Jun 05 23:01:02 UTC 2018 /home/travis/build/icyphy/ptII/ptolemy/actor/lib/test/auto/ExecNonZeroReturnOutput.xml
----------------- Instantiating /home/travis/build/icyphy/ptII/ptolemy/actor/lib/test/auto/ExecNonZeroReturnOutput.xml
119 ms. Memory: 1364992K Free: 735409K (54%)
----------------- Invoking toplevel() on ptolemy.moml.MoMLSimpleApplication@471d7dd8
----------------- Done invoking toplevel() on ptolemy.moml.MoMLSimpleApplication@471d7dd8
reloadAllAccessors: .ExecNonZeroReturnOutput

===========================================================================================
----------------- testing Tue Jun 05 23:01:02 UTC 2018 /home/travis/build/icyphy/ptII/ptolemy/actor/lib/test/auto/ExecRunDemos.xml
----------------- Instantiating /home/travis/build/icyphy/ptII/ptolemy/actor/lib/test/auto/ExecRunDemos.xml
Finished: 58 ms. Memory: 116224K Free: 100789K (87%)

Finished: 57 ms. Memory: 116224K Free: 98294K (85%)

Finished: 45 ms. Memory: 116224K Free: 98342K (85%)

Finished: 52 ms. Memory: 116224K Free: 99461K (86%)

Finished: 39 ms. Memory: 116224K Free: 100823K (87%)

9551 ms. Memory: 1364992K Free: 627298K (46%)
----------------- Invoking toplevel() on ptolemy.moml.MoMLSimpleApplication@6558b8d1
----------------- Done invoking toplevel() on ptolemy.moml.MoMLSimpleApplication@6558b8d1
reloadAllAccessors: .ExecRunDemos

===========================================================================================
----------------- testing Tue Jun 05 23:01:11 UTC 2018 /home/travis/build/icyphy/ptII/ptolemy/actor/lib/test/auto/ExecStop.xml
----------------- Instantiating /home/travis/build/icyphy/ptII/ptolemy/actor/lib/test/auto/ExecStop.xml
5011 ms. Memory: 1364992K Free: 402795K (30%)
----------------- Invoking toplevel() on ptolemy.moml.MoMLSimpleApplication@24cfb690
----------------- Done invoking toplevel() on ptolemy.moml.MoMLSimpleApplication@24cfb690
reloadAllAccessors: .ExecStop

===========================================================================================
----------------- testing Tue Jun 05 23:01:16 UTC 2018 /home/travis/build/icyphy/ptII/ptolemy/actor/lib/test/auto/ExecutionTimePN.xml
----------------- Instantiating /home/travis/build/icyphy/ptII/ptolemy/actor/lib/test/auto/ExecutionTimePN.xml
Fired ExecutionTime: 1314400000
Fired ExecutionTime: 1221600000
Fired ExecutionTime: 1582800000
2015 ms. Memory: 1364992K Free: 294701K (22%)

===========================================================================================
----------------- testing Tue Jun 05 23:01:18 UTC 2018 /home/travis/build/icyphy/ptII/ptolemy/actor/lib/test/auto/ExecutionTimeSDF.xml
----------------- Instantiating /home/travis/build/icyphy/ptII/ptolemy/actor/lib/test/auto/ExecutionTimeSDF.xml
Fired ExecutionTime: -2102167296
Fired ExecutionTime: 1008400000
Fired ExecutionTime: 988400000
6006 ms. Memory: 1364992K Free: 259761K (19%)
----------------- Invoking toplevel() on ptolemy.moml.MoMLSimpleApplication@88088c7
----------------- Done invoking toplevel() on ptolemy.moml.MoMLSimpleApplication@88088c7
reloadAllAccessors: .ExecutionTimeSDF

===========================================================================================
----------------- testing Tue Jun 05 23:01:24 UTC 2018 /home/travis/build/icyphy/ptII/ptolemy/actor/lib/test/auto/Expression1.xml
----------------- Instantiating /home/travis/build/icyphy/ptII/ptolemy/actor/lib/test/auto/Expression1.xml
4 ms. Memory: 1364992K Free: 243132K (18%)
----------------- Invoking toplevel() on ptolemy.moml.MoMLSimpleApplication@6c216508
----------------- Done invoking toplevel() on ptolemy.moml.MoMLSimpleApplication@6c216508
reloadAllAccessors: .Expression1

===========================================================================================
----------------- testing Tue Jun 05 23:01:24 UTC 2018 /home/travis/build/icyphy/ptII/ptolemy/actor/lib/test/auto/Expression10.xml
----------------- Instantiating /home/travis/build/icyphy/ptII/ptolemy/actor/lib/test/auto/Expression10.xml
8 ms. Memory: 1364992K Free: 226502K (17%)
----------------- Invoking toplevel() on ptolemy.moml.MoMLSimpleApplication@2c2f063a
----------------- Done invoking toplevel() on ptolemy.moml.MoMLSimpleApplication@2c2f063a
reloadAllAccessors: .Expression10

===========================================================================================
----------------- testing Tue Jun 05 23:01:25 UTC 2018 /home/travis/build/icyphy/ptII/ptolemy/actor/lib/test/auto/Expression11.xml
----------------- Instantiating /home/travis/build/icyphy/ptII/ptolemy/actor/lib/test/auto/Expression11.xml
5 ms. Memory: 1364992K Free: 209872K (15%)
----------------- Invoking toplevel() on ptolemy.moml.MoMLSimpleApplication@ca29662
----------------- Done invoking toplevel() on ptolemy.moml.MoMLSimpleApplication@ca29662
reloadAllAccessors: .Expression11

===========================================================================================
----------------- testing Tue Jun 05 23:01:25 UTC 2018 /home/travis/build/icyphy/ptII/ptolemy/actor/lib/test/auto/Expression12.xml
----------------- Instantiating /home/travis/build/icyphy/ptII/ptolemy/actor/lib/test/auto/Expression12.xml
2 ms. Memory: 1364992K Free: 183263K (13%)
----------------- Invoking toplevel() on ptolemy.moml.MoMLSimpleApplication@53ab44c0
----------------- Done invoking toplevel() on ptolemy.moml.MoMLSimpleApplication@53ab44c0
reloadAllAccessors: .Expression12

===========================================================================================
----------------- testing Tue Jun 05 23:01:25 UTC 2018 /home/travis/build/icyphy/ptII/ptolemy/actor/lib/test/auto/Expression13.xml
----------------- Instantiating /home/travis/build/icyphy/ptII/ptolemy/actor/lib/test/auto/Expression13.xml
4 ms. Memory: 1364992K Free: 166633K (12%)
----------------- Invoking toplevel() on ptolemy.moml.MoMLSimpleApplication@15141e5
----------------- Done invoking toplevel() on ptolemy.moml.MoMLSimpleApplication@15141e5
reloadAllAccessors: .Expression13

===========================================================================================
----------------- testing Tue Jun 05 23:01:25 UTC 2018 /home/travis/build/icyphy/ptII/ptolemy/actor/lib/test/auto/Expression14.xml
----------------- Instantiating /home/travis/build/icyphy/ptII/ptolemy/actor/lib/test/auto/Expression14.xml
4 ms. Memory: 1364992K Free: 150004K (11%)
----------------- Invoking toplevel() on ptolemy.moml.MoMLSimpleApplication@5d32009
----------------- Done invoking toplevel() on ptolemy.moml.MoMLSimpleApplication@5d32009
reloadAllAccessors: .Expression14

===========================================================================================
----------------- testing Tue Jun 05 23:01:25 UTC 2018 /home/travis/build/icyphy/ptII/ptolemy/actor/lib/test/auto/Expression15.xml
----------------- Instantiating /home/travis/build/icyphy/ptII/ptolemy/actor/lib/test/auto/Expression15.xml
3 ms. Memory: 1364992K Free: 133374K (10%)
----------------- Invoking toplevel() on ptolemy.moml.MoMLSimpleApplication@22f65fa5
----------------- Done invoking toplevel() on ptolemy.moml.MoMLSimpleApplication@22f65fa5
reloadAllAccessors: .Expression15

===========================================================================================
----------------- testing Tue Jun 05 23:01:25 UTC 2018 /home/travis/build/icyphy/ptII/ptolemy/actor/lib/test/auto/Expression16.xml
----------------- Instantiating /home/travis/build/icyphy/ptII/ptolemy/actor/lib/test/auto/Expression16.xml
7 ms. Memory: 1364992K Free: 108637K (8%)
----------------- Invoking toplevel() on ptolemy.moml.MoMLSimpleApplication@2d4cf6a9
----------------- Done invoking toplevel() on ptolemy.moml.MoMLSimpleApplication@2d4cf6a9
reloadAllAccessors: .Expression16

===========================================================================================
----------------- testing Tue Jun 05 23:01:25 UTC 2018 /home/travis/build/icyphy/ptII/ptolemy/actor/lib/test/auto/Expression17.xml
----------------- Instantiating /home/travis/build/icyphy/ptII/ptolemy/actor/lib/test/auto/Expression17.xml
3 ms. Memory: 1364992K Free: 82028K (6%)
----------------- Invoking toplevel() on ptolemy.moml.MoMLSimpleApplication@61072d1b
----------------- Done invoking toplevel() on ptolemy.moml.MoMLSimpleApplication@61072d1b
reloadAllAccessors: .Expression17

===========================================================================================
----------------- testing Tue Jun 05 23:01:25 UTC 2018 /home/travis/build/icyphy/ptII/ptolemy/actor/lib/test/auto/Expression18.xml
----------------- Instantiating /home/travis/build/icyphy/ptII/ptolemy/actor/lib/test/auto/Expression18.xml
4 ms. Memory: 1364992K Free: 1316024K (96%)
----------------- Invoking toplevel() on ptolemy.moml.MoMLSimpleApplication@458c7c6c
----------------- Done invoking toplevel() on ptolemy.moml.MoMLSimpleApplication@458c7c6c
reloadAllAccessors: .Expression18

===========================================================================================
----------------- testing Tue Jun 05 23:01:25 UTC 2018 /home/travis/build/icyphy/ptII/ptolemy/actor/lib/test/auto/Expression2.xml
----------------- Instantiating /home/travis/build/icyphy/ptII/ptolemy/actor/lib/test/auto/Expression2.xml
2 ms. Memory: 1364992K Free: 1296506K (95%)
----------------- Invoking toplevel() on ptolemy.moml.MoMLSimpleApplication@69ed184
----------------- Done invoking toplevel() on ptolemy.moml.MoMLSimpleApplication@69ed184
reloadAllAccessors: .Expression2

===========================================================================================
----------------- testing Tue Jun 05 23:01:25 UTC 2018 /home/travis/build/icyphy/ptII/ptolemy/actor/lib/test/auto/Expression3.xml
----------------- Instantiating /home/travis/build/icyphy/ptII/ptolemy/actor/lib/test/auto/Expression3.xml
4 ms. Memory: 1364992K Free: 1284034K (94%)
----------------- Invoking toplevel() on ptolemy.moml.MoMLSimpleApplication@523560fd
----------------- Done invoking toplevel() on ptolemy.moml.MoMLSimpleApplication@523560fd
reloadAllAccessors: .Expression3

===========================================================================================
----------------- testing Tue Jun 05 23:01:25 UTC 2018 /home/travis/build/icyphy/ptII/ptolemy/actor/lib/test/auto/Expression4.xml
----------------- Instantiating /home/travis/build/icyphy/ptII/ptolemy/actor/lib/test/auto/Expression4.xml
4 ms. Memory: 1364992K Free: 1271562K (93%)
----------------- Invoking toplevel() on ptolemy.moml.MoMLSimpleApplication@7d3ff1e4
----------------- Done invoking toplevel() on ptolemy.moml.MoMLSimpleApplication@7d3ff1e4
reloadAllAccessors: .Expression4

===========================================================================================
----------------- testing Tue Jun 05 23:01:25 UTC 2018 /home/travis/build/icyphy/ptII/ptolemy/actor/lib/test/auto/Expression5.xml
----------------- Instantiating /home/travis/build/icyphy/ptII/ptolemy/actor/lib/test/auto/Expression5.xml
6 ms. Memory: 1364992K Free: 1252044K (92%)
----------------- Invoking toplevel() on ptolemy.moml.MoMLSimpleApplication@2ebf9662
----------------- Done invoking toplevel() on ptolemy.moml.MoMLSimpleApplication@2ebf9662
reloadAllAccessors: .Expression5

===========================================================================================
----------------- testing Tue Jun 05 23:01:25 UTC 2018 /home/travis/build/icyphy/ptII/ptolemy/actor/lib/test/auto/Expression6.xml
----------------- Instantiating /home/travis/build/icyphy/ptII/ptolemy/actor/lib/test/auto/Expression6.xml
2 ms. Memory: 1364992K Free: 1239571K (91%)
----------------- Invoking toplevel() on ptolemy.moml.MoMLSimpleApplication@3f2a1a4e
----------------- Done invoking toplevel() on ptolemy.moml.MoMLSimpleApplication@3f2a1a4e
reloadAllAccessors: .Expression6

===========================================================================================
----------------- testing Tue Jun 05 23:01:25 UTC 2018 /home/travis/build/icyphy/ptII/ptolemy/actor/lib/test/auto/Expression7.xml
----------------- Instantiating /home/travis/build/icyphy/ptII/ptolemy/actor/lib/test/auto/Expression7.xml
2 ms. Memory: 1364992K Free: 1227099K (90%)
----------------- Invoking toplevel() on ptolemy.moml.MoMLSimpleApplication@6ac12b64
----------------- Done invoking toplevel() on ptolemy.moml.MoMLSimpleApplication@6ac12b64
reloadAllAccessors: .Expression7

===========================================================================================
----------------- testing Tue Jun 05 23:01:25 UTC 2018 /home/travis/build/icyphy/ptII/ptolemy/actor/lib/test/auto/Expression8.xml
----------------- Instantiating /home/travis/build/icyphy/ptII/ptolemy/actor/lib/test/auto/Expression8.xml
3 ms. Memory: 1364992K Free: 1207582K (88%)
----------------- Invoking toplevel() on ptolemy.moml.MoMLSimpleApplication@10a586ad
----------------- Done invoking toplevel() on ptolemy.moml.MoMLSimpleApplication@10a586ad
reloadAllAccessors: .Expression8

===========================================================================================
----------------- testing Tue Jun 05 23:01:25 UTC 2018 /home/travis/build/icyphy/ptII/ptolemy/actor/lib/test/auto/Expression9.xml
----------------- Instantiating /home/travis/build/icyphy/ptII/ptolemy/actor/lib/test/auto/Expression9.xml
1 ms. Memory: 1364992K Free: 1195109K (88%)
----------------- Invoking toplevel() on ptolemy.moml.MoMLSimpleApplication@2b4627d0
----------------- Done invoking toplevel() on ptolemy.moml.MoMLSimpleApplication@2b4627d0
reloadAllAccessors: .Expression9

===========================================================================================
----------------- testing Tue Jun 05 23:01:25 UTC 2018 /home/travis/build/icyphy/ptII/ptolemy/actor/lib/test/auto/ExpressionConcatenateArrayType.xml
----------------- Instantiating /home/travis/build/icyphy/ptII/ptolemy/actor/lib/test/auto/ExpressionConcatenateArrayType.xml
2 ms. Memory: 1364992K Free: 1182637K (87%)
----------------- Invoking toplevel() on ptolemy.moml.MoMLSimpleApplication@77a83666
----------------- Done invoking toplevel() on ptolemy.moml.MoMLSimpleApplication@77a83666
reloadAllAccessors: .ExpressionConcatenateArrayType

===========================================================================================
----------------- testing Tue Jun 05 23:01:25 UTC 2018 /home/travis/build/icyphy/ptII/ptolemy/actor/lib/test/auto/ExpressionConcatenateArrayType2.xml
----------------- Instantiating /home/travis/build/icyphy/ptII/ptolemy/actor/lib/test/auto/ExpressionConcatenateArrayType2.xml
2 ms. Memory: 1364992K Free: 1163119K (85%)
----------------- Invoking toplevel() on ptolemy.moml.MoMLSimpleApplication@5d36913c
----------------- Done invoking toplevel() on ptolemy.moml.MoMLSimpleApplication@5d36913c
reloadAllAccessors: .ExpressionConcatenateArrayType2

===========================================================================================
----------------- testing Tue Jun 05 23:01:25 UTC 2018 /home/travis/build/icyphy/ptII/ptolemy/actor/lib/test/auto/ExpressionFix.xml
----------------- Instantiating /home/travis/build/icyphy/ptII/ptolemy/actor/lib/test/auto/ExpressionFix.xml
14 ms. Memory: 1364992K Free: 1150479K (84%)
----------------- Invoking toplevel() on ptolemy.moml.MoMLSimpleApplication@7a5a98ba
----------------- Done invoking toplevel() on ptolemy.moml.MoMLSimpleApplication@7a5a98ba
reloadAllAccessors: .ExpressionFix

===========================================================================================
----------------- testing Tue Jun 05 23:01:25 UTC 2018 /home/travis/build/icyphy/ptII/ptolemy/actor/lib/test/auto/ExpressionFix2.xml
----------------- Instantiating /home/travis/build/icyphy/ptII/ptolemy/actor/lib/test/auto/ExpressionFix2.xml
4 ms. Memory: 1364992K Free: 1138006K (83%)
----------------- Invoking toplevel() on ptolemy.moml.MoMLSimpleApplication@184473be
----------------- Done invoking toplevel() on ptolemy.moml.MoMLSimpleApplication@184473be
reloadAllAccessors: .ExpressionFix2

===========================================================================================
----------------- testing Tue Jun 05 23:01:25 UTC 2018 /home/travis/build/icyphy/ptII/ptolemy/actor/lib/test/auto/ExpressionFix3.xml
----------------- Instantiating /home/travis/build/icyphy/ptII/ptolemy/actor/lib/test/auto/ExpressionFix3.xml
2 ms. Memory: 1364992K Free: 1118489K (82%)
----------------- Invoking toplevel() on ptolemy.moml.MoMLSimpleApplication@6341a455
----------------- Done invoking toplevel() on ptolemy.moml.MoMLSimpleApplication@6341a455
reloadAllAccessors: .ExpressionFix3

===========================================================================================
----------------- testing Tue Jun 05 23:01:25 UTC 2018 /home/travis/build/icyphy/ptII/ptolemy/actor/lib/test/auto/FileWriter1.xml
----------------- Instantiating /home/travis/build/icyphy/ptII/ptolemy/actor/lib/test/auto/FileWriter1.xml
3 ms. Memory: 1364992K Free: 1106016K (81%)
----------------- Invoking toplevel() on ptolemy.moml.MoMLSimpleApplication@441a9981
----------------- Done invoking toplevel() on ptolemy.moml.MoMLSimpleApplication@441a9981
reloadAllAccessors: .FileWriter1

===========================================================================================
----------------- testing Tue Jun 05 23:01:25 UTC 2018 /home/travis/build/icyphy/ptII/ptolemy/actor/lib/test/auto/FileWriter2.xml
----------------- Instantiating /home/travis/build/icyphy/ptII/ptolemy/actor/lib/test/auto/FileWriter2.xml
2 ms. Memory: 1364992K Free: 1093544K (80%)
----------------- Invoking toplevel() on ptolemy.moml.MoMLSimpleApplication@387aabe6
----------------- Done invoking toplevel() on ptolemy.moml.MoMLSimpleApplication@387aabe6
reloadAllAccessors: .FileWriter2

===========================================================================================
----------------- testing Tue Jun 05 23:01:25 UTC 2018 /home/travis/build/icyphy/ptII/ptolemy/actor/lib/test/auto/FileWriter3.xml
----------------- Instantiating /home/travis/build/icyphy/ptII/ptolemy/actor/lib/test/auto/FileWriter3.xml
6 ms. Memory: 1364992K Free: 1074026K (79%)
----------------- Invoking toplevel() on ptolemy.moml.MoMLSimpleApplication@5ca375e6
----------------- Done invoking toplevel() on ptolemy.moml.MoMLSimpleApplication@5ca375e6
reloadAllAccessors: .FileWriter3

===========================================================================================
----------------- testing Tue Jun 05 23:01:25 UTC 2018 /home/travis/build/icyphy/ptII/ptolemy/actor/lib/test/auto/Gaussian.xml
----------------- Instantiating /home/travis/build/icyphy/ptII/ptolemy/actor/lib/test/auto/Gaussian.xml
2 ms. Memory: 1364992K Free: 1061554K (78%)
----------------- Invoking toplevel() on ptolemy.moml.MoMLSimpleApplication@397e259
----------------- Done invoking toplevel() on ptolemy.moml.MoMLSimpleApplication@397e259
reloadAllAccessors: .Gaussian

===========================================================================================
----------------- testing Tue Jun 05 23:01:25 UTC 2018 /home/travis/build/icyphy/ptII/ptolemy/actor/lib/test/auto/Gaussian1.xml
----------------- Instantiating /home/travis/build/icyphy/ptII/ptolemy/actor/lib/test/auto/Gaussian1.xml
3 ms. Memory: 1364992K Free: 1049081K (77%)
----------------- Invoking toplevel() on ptolemy.moml.MoMLSimpleApplication@6e24596d
----------------- Done invoking toplevel() on ptolemy.moml.MoMLSimpleApplication@6e24596d
reloadAllAccessors: .Gaussian1

===========================================================================================
----------------- testing Tue Jun 05 23:01:25 UTC 2018 /home/travis/build/icyphy/ptII/ptolemy/actor/lib/test/auto/Gaussian2.xml
----------------- Instantiating /home/travis/build/icyphy/ptII/ptolemy/actor/lib/test/auto/Gaussian2.xml
1 ms. Memory: 1364992K Free: 1029564K (75%)
----------------- Invoking toplevel() on ptolemy.moml.MoMLSimpleApplication@596a21ce
----------------- Done invoking toplevel() on ptolemy.moml.MoMLSimpleApplication@596a21ce
reloadAllAccessors: .Gaussian2

===========================================================================================
----------------- testing Tue Jun 05 23:01:25 UTC 2018 /home/travis/build/icyphy/ptII/ptolemy/actor/lib/test/auto/GradientAdaptiveLattice.xml
----------------- Instantiating /home/travis/build/icyphy/ptII/ptolemy/actor/lib/test/auto/GradientAdaptiveLattice.xml
10 ms. Memory: 1364992K Free: 1017092K (75%)
----------------- Invoking toplevel() on ptolemy.moml.MoMLSimpleApplication@e51bed
----------------- Done invoking toplevel() on ptolemy.moml.MoMLSimpleApplication@e51bed
reloadAllAccessors: .GradientAdaptiveLattice

===========================================================================================
----------------- testing Tue Jun 05 23:01:25 UTC 2018 /home/travis/build/icyphy/ptII/ptolemy/actor/lib/test/auto/IIR.xml
----------------- Instantiating /home/travis/build/icyphy/ptII/ptolemy/actor/lib/test/auto/IIR.xml
1 ms. Memory: 1364992K Free: 1004619K (74%)
----------------- Invoking toplevel() on ptolemy.moml.MoMLSimpleApplication@15596a17
----------------- Done invoking toplevel() on ptolemy.moml.MoMLSimpleApplication@15596a17
reloadAllAccessors: .IIR

===========================================================================================
----------------- testing Tue Jun 05 23:01:25 UTC 2018 /home/travis/build/icyphy/ptII/ptolemy/actor/lib/test/auto/InputOutputTransparentPorts.xml
----------------- Instantiating /home/travis/build/icyphy/ptII/ptolemy/actor/lib/test/auto/InputOutputTransparentPorts.xml
2 ms. Memory: 1364992K Free: 985102K (72%)
----------------- Invoking toplevel() on ptolemy.moml.MoMLSimpleApplication@15b22cbe
----------------- Done invoking toplevel() on ptolemy.moml.MoMLSimpleApplication@15b22cbe
reloadAllAccessors: .InputOutputTransparentPorts

===========================================================================================
----------------- testing Tue Jun 05 23:01:25 UTC 2018 /home/travis/build/icyphy/ptII/ptolemy/actor/lib/test/auto/Interpolator.xml
----------------- Instantiating /home/travis/build/icyphy/ptII/ptolemy/actor/lib/test/auto/Interpolator.xml
5 ms. Memory: 1364992K Free: 972629K (71%)
----------------- Invoking toplevel() on ptolemy.moml.MoMLSimpleApplication@2e7b878
----------------- Done invoking toplevel() on ptolemy.moml.MoMLSimpleApplication@2e7b878
reloadAllAccessors: .Interpolator

===========================================================================================
----------------- testing Tue Jun 05 23:01:25 UTC 2018 /home/travis/build/icyphy/ptII/ptolemy/actor/lib/test/auto/InterpolatorFiringLimitDE.xml
----------------- Instantiating /home/travis/build/icyphy/ptII/ptolemy/actor/lib/test/auto/InterpolatorFiringLimitDE.xml
2 ms. Memory: 1364992K Free: 960157K (70%)
----------------- Invoking toplevel() on ptolemy.moml.MoMLSimpleApplication@27387a48
----------------- Done invoking toplevel() on ptolemy.moml.MoMLSimpleApplication@27387a48
reloadAllAccessors: .InterpolatorFiringLimitDE

===========================================================================================
----------------- testing Tue Jun 05 23:01:25 UTC 2018 /home/travis/build/icyphy/ptII/ptolemy/actor/lib/test/auto/Lattice.xml
----------------- Instantiating /home/travis/build/icyphy/ptII/ptolemy/actor/lib/test/auto/Lattice.xml
1 ms. Memory: 1364992K Free: 940639K (69%)
----------------- Invoking toplevel() on ptolemy.moml.MoMLSimpleApplication@275b1740
----------------- Done invoking toplevel() on ptolemy.moml.MoMLSimpleApplication@275b1740
reloadAllAccessors: .Lattice

===========================================================================================
----------------- testing Tue Jun 05 23:01:25 UTC 2018 /home/travis/build/icyphy/ptII/ptolemy/actor/lib/test/auto/LazyAOCTestLazy.xml
----------------- Instantiating /home/travis/build/icyphy/ptII/ptolemy/actor/lib/test/auto/LazyAOCTestLazy.xml
10 ms. Memory: 1364992K Free: 928167K (68%)
----------------- Invoking toplevel() on ptolemy.moml.MoMLSimpleApplication@3cb9dc3a
----------------- Done invoking toplevel() on ptolemy.moml.MoMLSimpleApplication@3cb9dc3a
reloadAllAccessors: .LazyAOCTestLazy

===========================================================================================
----------------- testing Tue Jun 05 23:01:25 UTC 2018 /home/travis/build/icyphy/ptII/ptolemy/actor/lib/test/auto/LazyAOCTestNonLazy.xml
----------------- Instantiating /home/travis/build/icyphy/ptII/ptolemy/actor/lib/test/auto/LazyAOCTestNonLazy.xml
8 ms. Memory: 1364992K Free: 915694K (67%)
----------------- Invoking toplevel() on ptolemy.moml.MoMLSimpleApplication@538535b5
----------------- Done invoking toplevel() on ptolemy.moml.MoMLSimpleApplication@538535b5
reloadAllAccessors: .LazyAOCTestNonLazy

===========================================================================================
----------------- testing Tue Jun 05 23:01:25 UTC 2018 /home/travis/build/icyphy/ptII/ptolemy/actor/lib/test/auto/LazyInnerClass.xml
----------------- Instantiating /home/travis/build/icyphy/ptII/ptolemy/actor/lib/test/auto/LazyInnerClass.xml
28 ms. Memory: 1364992K Free: 896177K (66%)
----------------- Invoking toplevel() on ptolemy.moml.MoMLSimpleApplication@4b7db6cb
----------------- Done invoking toplevel() on ptolemy.moml.MoMLSimpleApplication@4b7db6cb
reloadAllAccessors: .LazyInnerClass

===========================================================================================
----------------- testing Tue Jun 05 23:01:25 UTC 2018 /home/travis/build/icyphy/ptII/ptolemy/actor/lib/test/auto/LazyPubSub.xml
----------------- Instantiating /home/travis/build/icyphy/ptII/ptolemy/actor/lib/test/auto/LazyPubSub.xml
23 ms. Memory: 1364992K Free: 883705K (65%)
----------------- Invoking toplevel() on ptolemy.moml.MoMLSimpleApplication@35693941
----------------- Done invoking toplevel() on ptolemy.moml.MoMLSimpleApplication@35693941
reloadAllAccessors: .LazyPubSub

===========================================================================================
----------------- testing Tue Jun 05 23:01:25 UTC 2018 /home/travis/build/icyphy/ptII/ptolemy/actor/lib/test/auto/LazyPubSub2.xml
----------------- Instantiating /home/travis/build/icyphy/ptII/ptolemy/actor/lib/test/auto/LazyPubSub2.xml
17 ms. Memory: 1364992K Free: 871232K (64%)
----------------- Invoking toplevel() on ptolemy.moml.MoMLSimpleApplication@56a7968c
----------------- Done invoking toplevel() on ptolemy.moml.MoMLSimpleApplication@56a7968c
reloadAllAccessors: .LazyPubSub2

===========================================================================================
----------------- testing Tue Jun 05 23:01:25 UTC 2018 /home/travis/build/icyphy/ptII/ptolemy/actor/lib/test/auto/LazyPubSub3.xml
----------------- Instantiating /home/travis/build/icyphy/ptII/ptolemy/actor/lib/test/auto/LazyPubSub3.xml
22 ms. Memory: 1364992K Free: 851715K (62%)
----------------- Invoking toplevel() on ptolemy.moml.MoMLSimpleApplication@2b3c7011
----------------- Done invoking toplevel() on ptolemy.moml.MoMLSimpleApplication@2b3c7011
reloadAllAccessors: .LazyPubSub3

===========================================================================================
----------------- testing Tue Jun 05 23:01:25 UTC 2018 /home/travis/build/icyphy/ptII/ptolemy/actor/lib/test/auto/LazySubClassModel.xml
----------------- Instantiating /home/travis/build/icyphy/ptII/ptolemy/actor/lib/test/auto/LazySubClassModel.xml
2 ms. Memory: 1364992K Free: 832990K (61%)
----------------- Invoking toplevel() on ptolemy.moml.MoMLSimpleApplication@7191f5d7
----------------- Done invoking toplevel() on ptolemy.moml.MoMLSimpleApplication@7191f5d7
reloadAllAccessors: .LazySubClassModel

===========================================================================================
----------------- testing Tue Jun 05 23:01:25 UTC 2018 /home/travis/build/icyphy/ptII/ptolemy/actor/lib/test/auto/LevelCrossTest1.xml
----------------- Instantiating /home/travis/build/icyphy/ptII/ptolemy/actor/lib/test/auto/LevelCrossTest1.xml
3 ms. Memory: 1364992K Free: 820518K (60%)
----------------- Invoking toplevel() on ptolemy.moml.MoMLSimpleApplication@6695d53e
----------------- Done invoking toplevel() on ptolemy.moml.MoMLSimpleApplication@6695d53e
reloadAllAccessors: .broken

===========================================================================================
----------------- testing Tue Jun 05 23:01:25 UTC 2018 /home/travis/build/icyphy/ptII/ptolemy/actor/lib/test/auto/LevelCrossTest10.xml
----------------- Instantiating /home/travis/build/icyphy/ptII/ptolemy/actor/lib/test/auto/LevelCrossTest10.xml
1 ms. Memory: 1364992K Free: 801001K (59%)
----------------- Invoking toplevel() on ptolemy.moml.MoMLSimpleApplication@2a88e7ea
----------------- Done invoking toplevel() on ptolemy.moml.MoMLSimpleApplication@2a88e7ea
reloadAllAccessors: .LevelCrossTest10

===========================================================================================
----------------- testing Tue Jun 05 23:01:25 UTC 2018 /home/travis/build/icyphy/ptII/ptolemy/actor/lib/test/auto/LevelCrossTest11.xml
----------------- Instantiating /home/travis/build/icyphy/ptII/ptolemy/actor/lib/test/auto/LevelCrossTest11.xml
1 ms. Memory: 1364992K Free: 788528K (58%)
----------------- Invoking toplevel() on ptolemy.moml.MoMLSimpleApplication@730f1ef
----------------- Done invoking toplevel() on ptolemy.moml.MoMLSimpleApplication@730f1ef
reloadAllAccessors: .LevelCrossTest11

===========================================================================================
----------------- testing Tue Jun 05 23:01:25 UTC 2018 /home/travis/build/icyphy/ptII/ptolemy/actor/lib/test/auto/LevelCrossTest12.xml
----------------- Instantiating /home/travis/build/icyphy/ptII/ptolemy/actor/lib/test/auto/LevelCrossTest12.xml
1 ms. Memory: 1364992K Free: 776056K (57%)
----------------- Invoking toplevel() on ptolemy.moml.MoMLSimpleApplication@7bb4289f
----------------- Done invoking toplevel() on ptolemy.moml.MoMLSimpleApplication@7bb4289f
reloadAllAccessors: .LevelCrossTest12

===========================================================================================
----------------- testing Tue Jun 05 23:01:25 UTC 2018 /home/travis/build/icyphy/ptII/ptolemy/actor/lib/test/auto/LevelCrossTest13.xml
----------------- Instantiating /home/travis/build/icyphy/ptII/ptolemy/actor/lib/test/auto/LevelCrossTest13.xml
1 ms. Memory: 1364992K Free: 756538K (55%)
----------------- Invoking toplevel() on ptolemy.moml.MoMLSimpleApplication@b16d427
----------------- Done invoking toplevel() on ptolemy.moml.MoMLSimpleApplication@b16d427
reloadAllAccessors: .LevelCrossTest13

===========================================================================================
----------------- testing Tue Jun 05 23:01:25 UTC 2018 /home/travis/build/icyphy/ptII/ptolemy/actor/lib/test/auto/LevelCrossTest2.xml
----------------- Instantiating /home/travis/build/icyphy/ptII/ptolemy/actor/lib/test/auto/LevelCrossTest2.xml
1 ms. Memory: 1364992K Free: 744066K (55%)
----------------- Invoking toplevel() on ptolemy.moml.MoMLSimpleApplication@2cca4e49
----------------- Done invoking toplevel() on ptolemy.moml.MoMLSimpleApplication@2cca4e49
reloadAllAccessors: .broken

===========================================================================================
----------------- testing Tue Jun 05 23:01:25 UTC 2018 /home/travis/build/icyphy/ptII/ptolemy/actor/lib/test/auto/LevelCrossTest3.xml
----------------- Instantiating /home/travis/build/icyphy/ptII/ptolemy/actor/lib/test/auto/LevelCrossTest3.xml
1 ms. Memory: 1364992K Free: 731594K (54%)
----------------- Invoking toplevel() on ptolemy.moml.MoMLSimpleApplication@523c7d04
----------------- Done invoking toplevel() on ptolemy.moml.MoMLSimpleApplication@523c7d04
reloadAllAccessors: .LevelCrossTest3

===========================================================================================
----------------- testing Tue Jun 05 23:01:25 UTC 2018 /home/travis/build/icyphy/ptII/ptolemy/actor/lib/test/auto/LevelCrossTest4.xml
----------------- Instantiating /home/travis/build/icyphy/ptII/ptolemy/actor/lib/test/auto/LevelCrossTest4.xml
1 ms. Memory: 1364992K Free: 712076K (52%)
----------------- Invoking toplevel() on ptolemy.moml.MoMLSimpleApplication@787dba2e
----------------- Done invoking toplevel() on ptolemy.moml.MoMLSimpleApplication@787dba2e
reloadAllAccessors: .broken

===========================================================================================
----------------- testing Tue Jun 05 23:01:26 UTC 2018 /home/travis/build/icyphy/ptII/ptolemy/actor/lib/test/auto/LevelCrossTest5.xml
----------------- Instantiating /home/travis/build/icyphy/ptII/ptolemy/actor/lib/test/auto/LevelCrossTest5.xml
4 ms. Memory: 1364992K Free: 699603K (51%)
----------------- Invoking toplevel() on ptolemy.moml.MoMLSimpleApplication@9675f72
----------------- Done invoking toplevel() on ptolemy.moml.MoMLSimpleApplication@9675f72
reloadAllAccessors: .LevelCrossTest5

===========================================================================================
----------------- testing Tue Jun 05 23:01:26 UTC 2018 /home/travis/build/icyphy/ptII/ptolemy/actor/lib/test/auto/LevelCrossTest6.xml
----------------- Instantiating /home/travis/build/icyphy/ptII/ptolemy/actor/lib/test/auto/LevelCrossTest6.xml
0 ms. Memory: 1364992K Free: 687131K (50%)
----------------- Invoking toplevel() on ptolemy.moml.MoMLSimpleApplication@446481bb
----------------- Done invoking toplevel() on ptolemy.moml.MoMLSimpleApplication@446481bb
reloadAllAccessors: .LevelCrossTest6

===========================================================================================
----------------- testing Tue Jun 05 23:01:26 UTC 2018 /home/travis/build/icyphy/ptII/ptolemy/actor/lib/test/auto/LevelCrossTest7.xml
----------------- Instantiating /home/travis/build/icyphy/ptII/ptolemy/actor/lib/test/auto/LevelCrossTest7.xml
1 ms. Memory: 1364992K Free: 674659K (49%)
----------------- Invoking toplevel() on ptolemy.moml.MoMLSimpleApplication@3d919aa8
----------------- Done invoking toplevel() on ptolemy.moml.MoMLSimpleApplication@3d919aa8
reloadAllAccessors: .LevelCrossTest7

===========================================================================================
----------------- testing Tue Jun 05 23:01:26 UTC 2018 /home/travis/build/icyphy/ptII/ptolemy/actor/lib/test/auto/LevelCrossTest8.xml
----------------- Instantiating /home/travis/build/icyphy/ptII/ptolemy/actor/lib/test/auto/LevelCrossTest8.xml
1 ms. Memory: 1364992K Free: 655141K (48%)
----------------- Invoking toplevel() on ptolemy.moml.MoMLSimpleApplication@53d1971a
----------------- Done invoking toplevel() on ptolemy.moml.MoMLSimpleApplication@53d1971a
reloadAllAccessors: .LevelCrossTest8

===========================================================================================
----------------- testing Tue Jun 05 23:01:26 UTC 2018 /home/travis/build/icyphy/ptII/ptolemy/actor/lib/test/auto/LevelCrossTest9.xml
----------------- Instantiating /home/travis/build/icyphy/ptII/ptolemy/actor/lib/test/auto/LevelCrossTest9.xml
5 ms. Memory: 1364992K Free: 642669K (47%)
----------------- Invoking toplevel() on ptolemy.moml.MoMLSimpleApplication@1130dfdb
----------------- Done invoking toplevel() on ptolemy.moml.MoMLSimpleApplication@1130dfdb
reloadAllAccessors: .LevelCrossTest9

===========================================================================================
----------------- testing Tue Jun 05 23:01:26 UTC 2018 /home/travis/build/icyphy/ptII/ptolemy/actor/lib/test/auto/LevinsonDurbin.xml
----------------- Instantiating /home/travis/build/icyphy/ptII/ptolemy/actor/lib/test/auto/LevinsonDurbin.xml
2 ms. Memory: 1364992K Free: 630196K (46%)
----------------- Invoking toplevel() on ptolemy.moml.MoMLSimpleApplication@71ac733
----------------- Done invoking toplevel() on ptolemy.moml.MoMLSimpleApplication@71ac733
reloadAllAccessors: .LevinsonDurbin

===========================================================================================
----------------- testing Tue Jun 05 23:01:26 UTC 2018 /home/travis/build/icyphy/ptII/ptolemy/actor/lib/test/auto/LevinsonDurbin2.xml
----------------- Instantiating /home/travis/build/icyphy/ptII/ptolemy/actor/lib/test/auto/LevinsonDurbin2.xml
3 ms. Memory: 1364992K Free: 610679K (45%)
----------------- Invoking toplevel() on ptolemy.moml.MoMLSimpleApplication@9cac5ee
----------------- Done invoking toplevel() on ptolemy.moml.MoMLSimpleApplication@9cac5ee
reloadAllAccessors: .LevinsonDurbin2

===========================================================================================
----------------- testing Tue Jun 05 23:01:26 UTC 2018 /home/travis/build/icyphy/ptII/ptolemy/actor/lib/test/auto/LevinsonDurbin3.xml
----------------- Instantiating /home/travis/build/icyphy/ptII/ptolemy/actor/lib/test/auto/LevinsonDurbin3.xml
1 ms. Memory: 1364992K Free: 598206K (44%)
----------------- Invoking toplevel() on ptolemy.moml.MoMLSimpleApplication@471b10ba
----------------- Done invoking toplevel() on ptolemy.moml.MoMLSimpleApplication@471b10ba
reloadAllAccessors: .LevinsonDurbin3

===========================================================================================
----------------- testing Tue Jun 05 23:01:26 UTC 2018 /home/travis/build/icyphy/ptII/ptolemy/actor/lib/test/auto/Limiter.xml
----------------- Instantiating /home/travis/build/icyphy/ptII/ptolemy/actor/lib/test/auto/Limiter.xml
6 ms. Memory: 1364992K Free: 579490K (42%)
----------------- Invoking toplevel() on ptolemy.moml.MoMLSimpleApplication@43bc4e1f
----------------- Done invoking toplevel() on ptolemy.moml.MoMLSimpleApplication@43bc4e1f
reloadAllAccessors: .Limiter

===========================================================================================
----------------- testing Tue Jun 05 23:01:26 UTC 2018 /home/travis/build/icyphy/ptII/ptolemy/actor/lib/test/auto/LinearDifferenceEquationSystem.xml
----------------- Instantiating /home/travis/build/icyphy/ptII/ptolemy/actor/lib/test/auto/LinearDifferenceEquationSystem.xml
4 ms. Memory: 1364992K Free: 559972K (41%)
----------------- Invoking toplevel() on ptolemy.moml.MoMLSimpleApplication@78592758
----------------- Done invoking toplevel() on ptolemy.moml.MoMLSimpleApplication@78592758
reloadAllAccessors: .LinearDifferenceEquationSystem

===========================================================================================
----------------- testing Tue Jun 05 23:01:26 UTC 2018 /home/travis/build/icyphy/ptII/ptolemy/actor/lib/test/auto/LookupTable.xml
----------------- Instantiating /home/travis/build/icyphy/ptII/ptolemy/actor/lib/test/auto/LookupTable.xml
1 ms. Memory: 1364992K Free: 547500K (40%)
----------------- Invoking toplevel() on ptolemy.moml.MoMLSimpleApplication@5495f4f0
----------------- Done invoking toplevel() on ptolemy.moml.MoMLSimpleApplication@5495f4f0
reloadAllAccessors: .LookupTable

===========================================================================================
----------------- testing Tue Jun 05 23:01:26 UTC 2018 /home/travis/build/icyphy/ptII/ptolemy/actor/lib/test/auto/MathFunction.xml
----------------- Instantiating /home/travis/build/icyphy/ptII/ptolemy/actor/lib/test/auto/MathFunction.xml
7 ms. Memory: 1364992K Free: 535028K (39%)
----------------- Invoking toplevel() on ptolemy.moml.MoMLSimpleApplication@59645d7
----------------- Done invoking toplevel() on ptolemy.moml.MoMLSimpleApplication@59645d7
reloadAllAccessors: .MathFunction

===========================================================================================
----------------- testing Tue Jun 05 23:01:26 UTC 2018 /home/travis/build/icyphy/ptII/ptolemy/actor/lib/test/auto/MathFunction2.xml
----------------- Instantiating /home/travis/build/icyphy/ptII/ptolemy/actor/lib/test/auto/MathFunction2.xml
2 ms. Memory: 1364992K Free: 515510K (38%)
----------------- Invoking toplevel() on ptolemy.moml.MoMLSimpleApplication@6d677b68
----------------- Done invoking toplevel() on ptolemy.moml.MoMLSimpleApplication@6d677b68
reloadAllAccessors: .MathFunction2

===========================================================================================
----------------- testing Tue Jun 05 23:01:26 UTC 2018 /home/travis/build/icyphy/ptII/ptolemy/actor/lib/test/auto/MathFunction3.xml
----------------- Instantiating /home/travis/build/icyphy/ptII/ptolemy/actor/lib/test/auto/MathFunction3.xml
2 ms. Memory: 1364992K Free: 503038K (37%)
----------------- Invoking toplevel() on ptolemy.moml.MoMLSimpleApplication@14fd6d72
----------------- Done invoking toplevel() on ptolemy.moml.MoMLSimpleApplication@14fd6d72
reloadAllAccessors: .MathFunction3

===========================================================================================
----------------- testing Tue Jun 05 23:01:26 UTC 2018 /home/travis/build/icyphy/ptII/ptolemy/actor/lib/test/auto/MatrixCropBoolean.xml
----------------- Instantiating /home/travis/build/icyphy/ptII/ptolemy/actor/lib/test/auto/MatrixCropBoolean.xml
2 ms. Memory: 1364992K Free: 490566K (36%)
----------------- Invoking toplevel() on ptolemy.moml.MoMLSimpleApplication@b7f7a39
----------------- Done invoking toplevel() on ptolemy.moml.MoMLSimpleApplication@b7f7a39
reloadAllAccessors: .MatrixCropBoolean

===========================================================================================
----------------- testing Tue Jun 05 23:01:26 UTC 2018 /home/travis/build/icyphy/ptII/ptolemy/actor/lib/test/auto/MatrixCropComplex.xml
----------------- Instantiating /home/travis/build/icyphy/ptII/ptolemy/actor/lib/test/auto/MatrixCropComplex.xml
1 ms. Memory: 1364992K Free: 471048K (35%)
----------------- Invoking toplevel() on ptolemy.moml.MoMLSimpleApplication@35b1fd48
----------------- Done invoking toplevel() on ptolemy.moml.MoMLSimpleApplication@35b1fd48
reloadAllAccessors: .MatrixCropComplex

===========================================================================================
----------------- testing Tue Jun 05 23:01:26 UTC 2018 /home/travis/build/icyphy/ptII/ptolemy/actor/lib/test/auto/MatrixCropDouble.xml
----------------- Instantiating /home/travis/build/icyphy/ptII/ptolemy/actor/lib/test/auto/MatrixCropDouble.xml
2 ms. Memory: 1364992K Free: 458576K (34%)
----------------- Invoking toplevel() on ptolemy.moml.MoMLSimpleApplication@60df27ce
----------------- Done invoking toplevel() on ptolemy.moml.MoMLSimpleApplication@60df27ce
reloadAllAccessors: .MatrixCropDouble

===========================================================================================
----------------- testing Tue Jun 05 23:01:26 UTC 2018 /home/travis/build/icyphy/ptII/ptolemy/actor/lib/test/auto/MatrixCropFix.xml
----------------- Instantiating /home/travis/build/icyphy/ptII/ptolemy/actor/lib/test/auto/MatrixCropFix.xml
2 ms. Memory: 1364992K Free: 446104K (33%)
----------------- Invoking toplevel() on ptolemy.moml.MoMLSimpleApplication@56265c31
----------------- Done invoking toplevel() on ptolemy.moml.MoMLSimpleApplication@56265c31
reloadAllAccessors: .MatrixCropFix

===========================================================================================
----------------- testing Tue Jun 05 23:01:26 UTC 2018 /home/travis/build/icyphy/ptII/ptolemy/actor/lib/test/auto/MatrixCropInt.xml
----------------- Instantiating /home/travis/build/icyphy/ptII/ptolemy/actor/lib/test/auto/MatrixCropInt.xml
1 ms. Memory: 1364992K Free: 426586K (31%)
----------------- Invoking toplevel() on ptolemy.moml.MoMLSimpleApplication@2060609e
----------------- Done invoking toplevel() on ptolemy.moml.MoMLSimpleApplication@2060609e
reloadAllAccessors: .MatrixCropInt

===========================================================================================
----------------- testing Tue Jun 05 23:01:26 UTC 2018 /home/travis/build/icyphy/ptII/ptolemy/actor/lib/test/auto/MatrixCropLong.xml
----------------- Instantiating /home/travis/build/icyphy/ptII/ptolemy/actor/lib/test/auto/MatrixCropLong.xml
2 ms. Memory: 1364992K Free: 414114K (30%)
----------------- Invoking toplevel() on ptolemy.moml.MoMLSimpleApplication@2e2a64f0
----------------- Done invoking toplevel() on ptolemy.moml.MoMLSimpleApplication@2e2a64f0
reloadAllAccessors: .MatrixCropLong

===========================================================================================
----------------- testing Tue Jun 05 23:01:26 UTC 2018 /home/travis/build/icyphy/ptII/ptolemy/actor/lib/test/auto/MatrixToArray.xml
----------------- Instantiating /home/travis/build/icyphy/ptII/ptolemy/actor/lib/test/auto/MatrixToArray.xml
6 ms. Memory: 1364992K Free: 389153K (29%)
----------------- Invoking toplevel() on ptolemy.moml.MoMLSimpleApplication@3c73cdb1
----------------- Done invoking toplevel() on ptolemy.moml.MoMLSimpleApplication@3c73cdb1
reloadAllAccessors: .MatrixToArray

===========================================================================================
----------------- testing Tue Jun 05 23:01:26 UTC 2018 /home/travis/build/icyphy/ptII/ptolemy/actor/lib/test/auto/MaxIndex.xml
----------------- Instantiating /home/travis/build/icyphy/ptII/ptolemy/actor/lib/test/auto/MaxIndex.xml
2 ms. Memory: 1364992K Free: 369636K (27%)
----------------- Invoking toplevel() on ptolemy.moml.MoMLSimpleApplication@286b6b8f
----------------- Done invoking toplevel() on ptolemy.moml.MoMLSimpleApplication@286b6b8f
reloadAllAccessors: .MaxIndex

===========================================================================================
----------------- testing Tue Jun 05 23:01:26 UTC 2018 /home/travis/build/icyphy/ptII/ptolemy/actor/lib/test/auto/Maximum.xml
----------------- Instantiating /home/travis/build/icyphy/ptII/ptolemy/actor/lib/test/auto/Maximum.xml
4 ms. Memory: 1364992K Free: 357163K (26%)
----------------- Invoking toplevel() on ptolemy.moml.MoMLSimpleApplication@575baeaa
----------------- Done invoking toplevel() on ptolemy.moml.MoMLSimpleApplication@575baeaa
reloadAllAccessors: .Maximum

===========================================================================================
----------------- testing Tue Jun 05 23:01:26 UTC 2018 /home/travis/build/icyphy/ptII/ptolemy/actor/lib/test/auto/MaximumComplex.xml
----------------- Instantiating /home/travis/build/icyphy/ptII/ptolemy/actor/lib/test/auto/MaximumComplex.xml
3 ms. Memory: 1364992K Free: 344691K (25%)
----------------- Invoking toplevel() on ptolemy.moml.MoMLSimpleApplication@299e1c1
----------------- Done invoking toplevel() on ptolemy.moml.MoMLSimpleApplication@299e1c1
reloadAllAccessors: .MaximumComplex

===========================================================================================
----------------- testing Tue Jun 05 23:01:26 UTC 2018 /home/travis/build/icyphy/ptII/ptolemy/actor/lib/test/auto/MethodCallTest.xml
----------------- Instantiating /home/travis/build/icyphy/ptII/ptolemy/actor/lib/test/auto/MethodCallTest.xml
3 ms. Memory: 1364992K Free: 325173K (24%)
----------------- Invoking toplevel() on ptolemy.moml.MoMLSimpleApplication@374c595a
----------------- Done invoking toplevel() on ptolemy.moml.MoMLSimpleApplication@374c595a
reloadAllAccessors: .MethodCallTest

===========================================================================================
----------------- testing Tue Jun 05 23:01:26 UTC 2018 /home/travis/build/icyphy/ptII/ptolemy/actor/lib/test/auto/Minimum.xml
----------------- Instantiating /home/travis/build/icyphy/ptII/ptolemy/actor/lib/test/auto/Minimum.xml
2 ms. Memory: 1364992K Free: 312701K (23%)
----------------- Invoking toplevel() on ptolemy.moml.MoMLSimpleApplication@5b2f84be
----------------- Done invoking toplevel() on ptolemy.moml.MoMLSimpleApplication@5b2f84be
reloadAllAccessors: .Minimum

===========================================================================================
----------------- testing Tue Jun 05 23:01:26 UTC 2018 /home/travis/build/icyphy/ptII/ptolemy/actor/lib/test/auto/MinimumComplex.xml
----------------- Instantiating /home/travis/build/icyphy/ptII/ptolemy/actor/lib/test/auto/MinimumComplex.xml
4 ms. Memory: 1364992K Free: 300229K (22%)
----------------- Invoking toplevel() on ptolemy.moml.MoMLSimpleApplication@239f89b7
----------------- Done invoking toplevel() on ptolemy.moml.MoMLSimpleApplication@239f89b7
reloadAllAccessors: .MinimumComplex

===========================================================================================
----------------- testing Tue Jun 05 23:01:26 UTC 2018 /home/travis/build/icyphy/ptII/ptolemy/actor/lib/test/auto/MinimumMultiports.xml
----------------- Instantiating /home/travis/build/icyphy/ptII/ptolemy/actor/lib/test/auto/MinimumMultiports.xml
4 ms. Memory: 1364992K Free: 280711K (21%)
----------------- Invoking toplevel() on ptolemy.moml.MoMLSimpleApplication@523d6a9e
----------------- Done invoking toplevel() on ptolemy.moml.MoMLSimpleApplication@523d6a9e
reloadAllAccessors: .MinimumMultiports

===========================================================================================
----------------- testing Tue Jun 05 23:01:26 UTC 2018 /home/travis/build/icyphy/ptII/ptolemy/actor/lib/test/auto/ModifyDate.xml
----------------- Instantiating /home/travis/build/icyphy/ptII/ptolemy/actor/lib/test/auto/ModifyDate.xml
7 ms. Memory: 1364992K Free: 262003K (19%)
----------------- Invoking toplevel() on ptolemy.moml.MoMLSimpleApplication@372cef6f
----------------- Done invoking toplevel() on ptolemy.moml.MoMLSimpleApplication@372cef6f
reloadAllAccessors: .ModifyDate

===========================================================================================
----------------- testing Tue Jun 05 23:01:26 UTC 2018 /home/travis/build/icyphy/ptII/ptolemy/actor/lib/test/auto/ModifyDate2.xml
----------------- Instantiating /home/travis/build/icyphy/ptII/ptolemy/actor/lib/test/auto/ModifyDate2.xml
4 ms. Memory: 1364992K Free: 243294K (18%)
----------------- Invoking toplevel() on ptolemy.moml.MoMLSimpleApplication@53d21915
----------------- Done invoking toplevel() on ptolemy.moml.MoMLSimpleApplication@53d21915
reloadAllAccessors: .ModifyDate2

===========================================================================================
----------------- testing Tue Jun 05 23:01:26 UTC 2018 /home/travis/build/icyphy/ptII/ptolemy/actor/lib/test/auto/MovingAverage.xml
----------------- Instantiating /home/travis/build/icyphy/ptII/ptolemy/actor/lib/test/auto/MovingAverage.xml
2 ms. Memory: 1364992K Free: 223776K (16%)
----------------- Invoking toplevel() on ptolemy.moml.MoMLSimpleApplication@62808b72
----------------- Done invoking toplevel() on ptolemy.moml.MoMLSimpleApplication@62808b72
reloadAllAccessors: .MovingAverage

===========================================================================================
----------------- testing Tue Jun 05 23:01:26 UTC 2018 /home/travis/build/icyphy/ptII/ptolemy/actor/lib/test/auto/MovingMaximum.xml
----------------- Instantiating /home/travis/build/icyphy/ptII/ptolemy/actor/lib/test/auto/MovingMaximum.xml
1 ms. Memory: 1364992K Free: 211304K (15%)
----------------- Invoking toplevel() on ptolemy.moml.MoMLSimpleApplication@7e4c957e
----------------- Done invoking toplevel() on ptolemy.moml.MoMLSimpleApplication@7e4c957e
reloadAllAccessors: .MovingMaximum

===========================================================================================
----------------- testing Tue Jun 05 23:01:26 UTC 2018 /home/travis/build/icyphy/ptII/ptolemy/actor/lib/test/auto/MultipleLinksToSameRelation.xml
----------------- Instantiating /home/travis/build/icyphy/ptII/ptolemy/actor/lib/test/auto/MultipleLinksToSameRelation.xml
2 ms. Memory: 1364992K Free: 198832K (15%)
----------------- Invoking toplevel() on ptolemy.moml.MoMLSimpleApplication@bc7967c
----------------- Done invoking toplevel() on ptolemy.moml.MoMLSimpleApplication@bc7967c
reloadAllAccessors: .MultipleLinksToSameRelation

===========================================================================================
----------------- testing Tue Jun 05 23:01:26 UTC 2018 /home/travis/build/icyphy/ptII/ptolemy/actor/lib/test/auto/MultipleLinksToSameRelationDE.xml
----------------- Instantiating /home/travis/build/icyphy/ptII/ptolemy/actor/lib/test/auto/MultipleLinksToSameRelationDE.xml
5 ms. Memory: 1364992K Free: 179314K (13%)
----------------- Invoking toplevel() on ptolemy.moml.MoMLSimpleApplication@361c17f0
----------------- Done invoking toplevel() on ptolemy.moml.MoMLSimpleApplication@361c17f0
reloadAllAccessors: .MultipleLinksToSameRelationDE

===========================================================================================
----------------- testing Tue Jun 05 23:01:26 UTC 2018 /home/travis/build/icyphy/ptII/ptolemy/actor/lib/test/auto/Multiplexor.xml
----------------- Instantiating /home/travis/build/icyphy/ptII/ptolemy/actor/lib/test/auto/Multiplexor.xml
2 ms. Memory: 1364992K Free: 166842K (12%)
----------------- Invoking toplevel() on ptolemy.moml.MoMLSimpleApplication@629bf072
----------------- Done invoking toplevel() on ptolemy.moml.MoMLSimpleApplication@629bf072
reloadAllAccessors: .Multiplexor

===========================================================================================
----------------- testing Tue Jun 05 23:01:26 UTC 2018 /home/travis/build/icyphy/ptII/ptolemy/actor/lib/test/auto/Multiplexor1.xml
----------------- Instantiating /home/travis/build/icyphy/ptII/ptolemy/actor/lib/test/auto/Multiplexor1.xml
2 ms. Memory: 1364992K Free: 154370K (11%)
----------------- Invoking toplevel() on ptolemy.moml.MoMLSimpleApplication@1e3fb7ad
----------------- Done invoking toplevel() on ptolemy.moml.MoMLSimpleApplication@1e3fb7ad
reloadAllAccessors: .Multiplexor1

===========================================================================================
----------------- testing Tue Jun 05 23:01:26 UTC 2018 /home/travis/build/icyphy/ptII/ptolemy/actor/lib/test/auto/Multiplexor2.xml
----------------- Instantiating /home/travis/build/icyphy/ptII/ptolemy/actor/lib/test/auto/Multiplexor2.xml
5 ms. Memory: 1364992K Free: 134852K (10%)
----------------- Invoking toplevel() on ptolemy.moml.MoMLSimpleApplication@7d786731
----------------- Done invoking toplevel() on ptolemy.moml.MoMLSimpleApplication@7d786731
reloadAllAccessors: .Multiplexor2

===========================================================================================
----------------- testing Tue Jun 05 23:01:26 UTC 2018 /home/travis/build/icyphy/ptII/ptolemy/actor/lib/test/auto/Multiplexor3.xml
----------------- Instantiating /home/travis/build/icyphy/ptII/ptolemy/actor/lib/test/auto/Multiplexor3.xml
1 ms. Memory: 1364992K Free: 122380K (9%)
----------------- Invoking toplevel() on ptolemy.moml.MoMLSimpleApplication@60d5f843
----------------- Done invoking toplevel() on ptolemy.moml.MoMLSimpleApplication@60d5f843
reloadAllAccessors: .Multiplexor3

===========================================================================================
----------------- testing Tue Jun 05 23:01:26 UTC 2018 /home/travis/build/icyphy/ptII/ptolemy/actor/lib/test/auto/MultiplexorDE.xml
----------------- Instantiating /home/travis/build/icyphy/ptII/ptolemy/actor/lib/test/auto/MultiplexorDE.xml
3 ms. Memory: 1364992K Free: 109908K (8%)
----------------- Invoking toplevel() on ptolemy.moml.MoMLSimpleApplication@722d10d5
----------------- Done invoking toplevel() on ptolemy.moml.MoMLSimpleApplication@722d10d5
reloadAllAccessors: .MultiplexorDE

===========================================================================================
----------------- testing Tue Jun 05 23:01:26 UTC 2018 /home/travis/build/icyphy/ptII/ptolemy/actor/lib/test/auto/MultiportBroadcastTest.xml
----------------- Instantiating /home/travis/build/icyphy/ptII/ptolemy/actor/lib/test/auto/MultiportBroadcastTest.xml
91 ms. Memory: 1364992K Free: 90390K (7%)
----------------- Invoking toplevel() on ptolemy.moml.MoMLSimpleApplication@2f6bdea2
----------------- Done invoking toplevel() on ptolemy.moml.MoMLSimpleApplication@2f6bdea2
reloadAllAccessors: .MultiportBroadcastTest

===========================================================================================
----------------- testing Tue Jun 05 23:01:26 UTC 2018 /home/travis/build/icyphy/ptII/ptolemy/actor/lib/test/auto/MultiportOutHangDuringGetWidth.xml
----------------- Instantiating /home/travis/build/icyphy/ptII/ptolemy/actor/lib/test/auto/MultiportOutHangDuringGetWidth.xml
14 ms. Memory: 1584128K Free: 1541348K (97%)
----------------- Invoking toplevel() on ptolemy.moml.MoMLSimpleApplication@fbdcd64
----------------- Done invoking toplevel() on ptolemy.moml.MoMLSimpleApplication@fbdcd64
reloadAllAccessors: .MultiportOutHangDuringGetWidth

===========================================================================================
----------------- testing Tue Jun 05 23:01:27 UTC 2018 /home/travis/build/icyphy/ptII/ptolemy/actor/lib/test/auto/NilToken.xml
----------------- Instantiating /home/travis/build/icyphy/ptII/ptolemy/actor/lib/test/auto/NilToken.xml
1 ms. Memory: 1584128K Free: 1515710K (96%)
----------------- Invoking toplevel() on ptolemy.moml.MoMLSimpleApplication@701289ee
----------------- Done invoking toplevel() on ptolemy.moml.MoMLSimpleApplication@701289ee
reloadAllAccessors: .NilToken

===========================================================================================
----------------- testing Tue Jun 05 23:01:27 UTC 2018 /home/travis/build/icyphy/ptII/ptolemy/actor/lib/test/auto/NilTokenNonStrictTest.xml
----------------- Instantiating /home/travis/build/icyphy/ptII/ptolemy/actor/lib/test/auto/NilTokenNonStrictTest.xml
2 ms. Memory: 1584128K Free: 1500867K (95%)
----------------- Invoking toplevel() on ptolemy.moml.MoMLSimpleApplication@46668fc9
----------------- Done invoking toplevel() on ptolemy.moml.MoMLSimpleApplication@46668fc9
reloadAllAccessors: .NilTokenNonStrictTest

===========================================================================================
----------------- testing Tue Jun 05 23:01:27 UTC 2018 /home/travis/build/icyphy/ptII/ptolemy/actor/lib/test/auto/NilTokenRecord.xml
----------------- Instantiating /home/travis/build/icyphy/ptII/ptolemy/actor/lib/test/auto/NilTokenRecord.xml
5 ms. Memory: 1584128K Free: 1478884K (93%)
----------------- Invoking toplevel() on ptolemy.moml.MoMLSimpleApplication@5ec911ef
----------------- Done invoking toplevel() on ptolemy.moml.MoMLSimpleApplication@5ec911ef
reloadAllAccessors: .NilTokenRecord

===========================================================================================
----------------- testing Tue Jun 05 23:01:27 UTC 2018 /home/travis/build/icyphy/ptII/ptolemy/actor/lib/test/auto/NilTokenTypeTest.xml
----------------- Instantiating /home/travis/build/icyphy/ptII/ptolemy/actor/lib/test/auto/NilTokenTypeTest.xml
6 ms. Memory: 1584128K Free: 1456603K (92%)
----------------- Invoking toplevel() on ptolemy.moml.MoMLSimpleApplication@791ca6cc
----------------- Done invoking toplevel() on ptolemy.moml.MoMLSimpleApplication@791ca6cc
reloadAllAccessors: .NilTokenTypeTest

===========================================================================================
----------------- testing Tue Jun 05 23:01:27 UTC 2018 /home/travis/build/icyphy/ptII/ptolemy/actor/lib/test/auto/ObjectToken1.xml
----------------- Instantiating /home/travis/build/icyphy/ptII/ptolemy/actor/lib/test/auto/ObjectToken1.xml
1 ms. Memory: 1584128K Free: 1441761K (91%)
----------------- Invoking toplevel() on ptolemy.moml.MoMLSimpleApplication@5bb3f8d3
----------------- Done invoking toplevel() on ptolemy.moml.MoMLSimpleApplication@5bb3f8d3
reloadAllAccessors: .ObjectToken1

===========================================================================================
----------------- testing Tue Jun 05 23:01:27 UTC 2018 /home/travis/build/icyphy/ptII/ptolemy/actor/lib/test/auto/OrderedMerge.xml
----------------- Instantiating /home/travis/build/icyphy/ptII/ptolemy/actor/lib/test/auto/OrderedMerge.xml
8 ms. Memory: 1584128K Free: 1390221K (88%)
----------------- Invoking toplevel() on ptolemy.moml.MoMLSimpleApplication@50e8c830
----------------- Done invoking toplevel() on ptolemy.moml.MoMLSimpleApplication@50e8c830
reloadAllAccessors: .OrderedMerge

===========================================================================================
----------------- testing Tue Jun 05 23:01:27 UTC 2018 /home/travis/build/icyphy/ptII/ptolemy/actor/lib/test/auto/OrderedRecordDisassembler.xml
----------------- Instantiating /home/travis/build/icyphy/ptII/ptolemy/actor/lib/test/auto/OrderedRecordDisassembler.xml
3 ms. Memory: 1584128K Free: 1375379K (87%)
----------------- Invoking toplevel() on ptolemy.moml.MoMLSimpleApplication@6c372688
----------------- Done invoking toplevel() on ptolemy.moml.MoMLSimpleApplication@6c372688
reloadAllAccessors: .OrderedRecordDisassembler

===========================================================================================
----------------- testing Tue Jun 05 23:01:27 UTC 2018 /home/travis/build/icyphy/ptII/ptolemy/actor/lib/test/auto/OrderedRecordDisassembler2.xml
----------------- Instantiating /home/travis/build/icyphy/ptII/ptolemy/actor/lib/test/auto/OrderedRecordDisassembler2.xml
3 ms. Memory: 1584128K Free: 1360536K (86%)
----------------- Invoking toplevel() on ptolemy.moml.MoMLSimpleApplication@5202914
----------------- Done invoking toplevel() on ptolemy.moml.MoMLSimpleApplication@5202914
reloadAllAccessors: .OrderedRecordDisassembler2

===========================================================================================
----------------- testing Tue Jun 05 23:01:27 UTC 2018 /home/travis/build/icyphy/ptII/ptolemy/actor/lib/test/auto/OrderedRecordUpdater.xml
----------------- Instantiating /home/travis/build/icyphy/ptII/ptolemy/actor/lib/test/auto/OrderedRecordUpdater.xml
2 ms. Memory: 1584128K Free: 1338682K (85%)
----------------- Invoking toplevel() on ptolemy.moml.MoMLSimpleApplication@4e0beda2
----------------- Done invoking toplevel() on ptolemy.moml.MoMLSimpleApplication@4e0beda2
reloadAllAccessors: .RecordUpdater

===========================================================================================
----------------- testing Tue Jun 05 23:01:27 UTC 2018 /home/travis/build/icyphy/ptII/ptolemy/actor/lib/test/auto/OrderedRecordUpdater2.xml
----------------- Instantiating /home/travis/build/icyphy/ptII/ptolemy/actor/lib/test/auto/OrderedRecordUpdater2.xml
1 ms. Memory: 1584128K Free: 1323840K (84%)
----------------- Invoking toplevel() on ptolemy.moml.MoMLSimpleApplication@16c8dbb9
----------------- Done invoking toplevel() on ptolemy.moml.MoMLSimpleApplication@16c8dbb9
reloadAllAccessors: .RecordUpdater2

===========================================================================================
----------------- testing Tue Jun 05 23:01:27 UTC 2018 /home/travis/build/icyphy/ptII/ptolemy/actor/lib/test/auto/PhaseUnwrap.xml
----------------- Instantiating /home/travis/build/icyphy/ptII/ptolemy/actor/lib/test/auto/PhaseUnwrap.xml
2 ms. Memory: 1584128K Free: 1308997K (83%)
----------------- Invoking toplevel() on ptolemy.moml.MoMLSimpleApplication@1b8e6067
----------------- Done invoking toplevel() on ptolemy.moml.MoMLSimpleApplication@1b8e6067
reloadAllAccessors: .PhaseUnwrap

===========================================================================================
----------------- testing Tue Jun 05 23:01:27 UTC 2018 /home/travis/build/icyphy/ptII/ptolemy/actor/lib/test/auto/PoissonClock.xml
----------------- Instantiating /home/travis/build/icyphy/ptII/ptolemy/actor/lib/test/auto/PoissonClock.xml
1 ms. Memory: 1584128K Free: 1287143K (81%)
----------------- Invoking toplevel() on ptolemy.moml.MoMLSimpleApplication@2acffa8f
----------------- Done invoking toplevel() on ptolemy.moml.MoMLSimpleApplication@2acffa8f
reloadAllAccessors: .PoissonClock

===========================================================================================
----------------- testing Tue Jun 05 23:01:27 UTC 2018 /home/travis/build/icyphy/ptII/ptolemy/actor/lib/test/auto/PoissonClock2.xml
----------------- Instantiating /home/travis/build/icyphy/ptII/ptolemy/actor/lib/test/auto/PoissonClock2.xml
1 ms. Memory: 1584128K Free: 1272300K (80%)
----------------- Invoking toplevel() on ptolemy.moml.MoMLSimpleApplication@4d001264
----------------- Done invoking toplevel() on ptolemy.moml.MoMLSimpleApplication@4d001264
reloadAllAccessors: .PoissonClock2

===========================================================================================
----------------- testing Tue Jun 05 23:01:27 UTC 2018 /home/travis/build/icyphy/ptII/ptolemy/actor/lib/test/auto/PoissonClock3.xml
----------------- Instantiating /home/travis/build/icyphy/ptII/ptolemy/actor/lib/test/auto/PoissonClock3.xml
1 ms. Memory: 1584128K Free: 1257458K (79%)
----------------- Invoking toplevel() on ptolemy.moml.MoMLSimpleApplication@4b0cd57c
----------------- Done invoking toplevel() on ptolemy.moml.MoMLSimpleApplication@4b0cd57c
reloadAllAccessors: .PoissonClock3

===========================================================================================
----------------- testing Tue Jun 05 23:01:27 UTC 2018 /home/travis/build/icyphy/ptII/ptolemy/actor/lib/test/auto/PubSubWithInitialTokens.xml
----------------- Instantiating /home/travis/build/icyphy/ptII/ptolemy/actor/lib/test/auto/PubSubWithInitialTokens.xml
2 ms. Memory: 1584128K Free: 1235604K (78%)
----------------- Invoking toplevel() on ptolemy.moml.MoMLSimpleApplication@12791792
----------------- Done invoking toplevel() on ptolemy.moml.MoMLSimpleApplication@12791792
reloadAllAccessors: .PubSubWithInitialTokens

===========================================================================================
----------------- testing Tue Jun 05 23:01:27 UTC 2018 /home/travis/build/icyphy/ptII/ptolemy/actor/lib/test/auto/PubSubWithInitialTokens2.xml
----------------- Instantiating /home/travis/build/icyphy/ptII/ptolemy/actor/lib/test/auto/PubSubWithInitialTokens2.xml
2 ms. Memory: 1584128K Free: 1220761K (77%)
----------------- Invoking toplevel() on ptolemy.moml.MoMLSimpleApplication@43474faf
----------------- Done invoking toplevel() on ptolemy.moml.MoMLSimpleApplication@43474faf
reloadAllAccessors: .PubSubWithInitialTokens2

===========================================================================================
----------------- testing Tue Jun 05 23:01:27 UTC 2018 /home/travis/build/icyphy/ptII/ptolemy/actor/lib/test/auto/PublisherClassNoParameter.xml
----------------- Instantiating /home/travis/build/icyphy/ptII/ptolemy/actor/lib/test/auto/PublisherClassNoParameter.xml
2 ms. Memory: 1584128K Free: 1198497K (76%)
----------------- Invoking toplevel() on ptolemy.moml.MoMLSimpleApplication@384079cc
----------------- Done invoking toplevel() on ptolemy.moml.MoMLSimpleApplication@384079cc
reloadAllAccessors: .PublisherClassNoParameter

===========================================================================================
----------------- testing Tue Jun 05 23:01:27 UTC 2018 /home/travis/build/icyphy/ptII/ptolemy/actor/lib/test/auto/PublisherClassParameter.xml
----------------- Instantiating /home/travis/build/icyphy/ptII/ptolemy/actor/lib/test/auto/PublisherClassParameter.xml
1 ms. Memory: 1584128K Free: 1169214K (74%)
----------------- Invoking toplevel() on ptolemy.moml.MoMLSimpleApplication@2484511e
----------------- Done invoking toplevel() on ptolemy.moml.MoMLSimpleApplication@2484511e
reloadAllAccessors: .PublisherClassParameter

===========================================================================================
----------------- testing Tue Jun 05 23:01:27 UTC 2018 /home/travis/build/icyphy/ptII/ptolemy/actor/lib/test/auto/PublisherNonStrictTest.xml
----------------- Instantiating /home/travis/build/icyphy/ptII/ptolemy/actor/lib/test/auto/PublisherNonStrictTest.xml
2 ms. Memory: 1584128K Free: 1154371K (73%)
----------------- Invoking toplevel() on ptolemy.moml.MoMLSimpleApplication@3113f55c
----------------- Done invoking toplevel() on ptolemy.moml.MoMLSimpleApplication@3113f55c
reloadAllAccessors: .PublisherNonStrictTest

===========================================================================================
----------------- testing Tue Jun 05 23:01:27 UTC 2018 /home/travis/build/icyphy/ptII/ptolemy/actor/lib/test/auto/PublisherPort1.xml
----------------- Instantiating /home/travis/build/icyphy/ptII/ptolemy/actor/lib/test/auto/PublisherPort1.xml
2 ms. Memory: 1584128K Free: 1139528K (72%)
----------------- Invoking toplevel() on ptolemy.moml.MoMLSimpleApplication@795dfb0d
----------------- Done invoking toplevel() on ptolemy.moml.MoMLSimpleApplication@795dfb0d
reloadAllAccessors: .PublisherPort1

===========================================================================================
----------------- testing Tue Jun 05 23:01:27 UTC 2018 /home/travis/build/icyphy/ptII/ptolemy/actor/lib/test/auto/PublisherPort2.xml
----------------- Instantiating /home/travis/build/icyphy/ptII/ptolemy/actor/lib/test/auto/PublisherPort2.xml
1 ms. Memory: 1584128K Free: 1117675K (71%)
----------------- Invoking toplevel() on ptolemy.moml.MoMLSimpleApplication@3ea5db63
----------------- Done invoking toplevel() on ptolemy.moml.MoMLSimpleApplication@3ea5db63
reloadAllAccessors: .PublisherPort2

===========================================================================================
----------------- testing Tue Jun 05 23:01:27 UTC 2018 /home/travis/build/icyphy/ptII/ptolemy/actor/lib/test/auto/PublisherPort3.xml
----------------- Instantiating /home/travis/build/icyphy/ptII/ptolemy/actor/lib/test/auto/PublisherPort3.xml
2 ms. Memory: 1584128K Free: 1102832K (70%)
----------------- Invoking toplevel() on ptolemy.moml.MoMLSimpleApplication@7bfe882
----------------- Done invoking toplevel() on ptolemy.moml.MoMLSimpleApplication@7bfe882
reloadAllAccessors: .PublisherPort3

===========================================================================================
----------------- testing Tue Jun 05 23:01:27 UTC 2018 /home/travis/build/icyphy/ptII/ptolemy/actor/lib/test/auto/PublisherPort4.xml
----------------- Instantiating /home/travis/build/icyphy/ptII/ptolemy/actor/lib/test/auto/PublisherPort4.xml
2 ms. Memory: 1584128K Free: 1087989K (69%)
----------------- Invoking toplevel() on ptolemy.moml.MoMLSimpleApplication@4b9a06cc
----------------- Done invoking toplevel() on ptolemy.moml.MoMLSimpleApplication@4b9a06cc
reloadAllAccessors: .PublisherPort4

===========================================================================================
----------------- testing Tue Jun 05 23:01:27 UTC 2018 /home/travis/build/icyphy/ptII/ptolemy/actor/lib/test/auto/PublisherPort5.xml
----------------- Instantiating /home/travis/build/icyphy/ptII/ptolemy/actor/lib/test/auto/PublisherPort5.xml
3 ms. Memory: 1584128K Free: 1066135K (67%)
----------------- Invoking toplevel() on ptolemy.moml.MoMLSimpleApplication@3d6f3631
----------------- Done invoking toplevel() on ptolemy.moml.MoMLSimpleApplication@3d6f3631
reloadAllAccessors: .PublisherPort5

===========================================================================================
----------------- testing Tue Jun 05 23:01:27 UTC 2018 /home/travis/build/icyphy/ptII/ptolemy/actor/lib/test/auto/PublisherPort5LookAlike.xml
----------------- Instantiating /home/travis/build/icyphy/ptII/ptolemy/actor/lib/test/auto/PublisherPort5LookAlike.xml
2 ms. Memory: 1584128K Free: 1051292K (66%)
----------------- Invoking toplevel() on ptolemy.moml.MoMLSimpleApplication@203eb1b0
----------------- Done invoking toplevel() on ptolemy.moml.MoMLSimpleApplication@203eb1b0
reloadAllAccessors: .PublisherPort5LookAlike

===========================================================================================
----------------- testing Tue Jun 05 23:01:27 UTC 2018 /home/travis/build/icyphy/ptII/ptolemy/actor/lib/test/auto/PublisherPort6.xml
----------------- Instantiating /home/travis/build/icyphy/ptII/ptolemy/actor/lib/test/auto/PublisherPort6.xml
2 ms. Memory: 1584128K Free: 1036450K (65%)
----------------- Invoking toplevel() on ptolemy.moml.MoMLSimpleApplication@575217e4
----------------- Done invoking toplevel() on ptolemy.moml.MoMLSimpleApplication@575217e4
reloadAllAccessors: .PublisherPort6

===========================================================================================
----------------- testing Tue Jun 05 23:01:27 UTC 2018 /home/travis/build/icyphy/ptII/ptolemy/actor/lib/test/auto/PublisherPort7.xml
----------------- Instantiating /home/travis/build/icyphy/ptII/ptolemy/actor/lib/test/auto/PublisherPort7.xml
3 ms. Memory: 1584128K Free: 1014596K (64%)
----------------- Invoking toplevel() on ptolemy.moml.MoMLSimpleApplication@cf88107
----------------- Done invoking toplevel() on ptolemy.moml.MoMLSimpleApplication@cf88107
reloadAllAccessors: .PublisherPort7

===========================================================================================
----------------- testing Tue Jun 05 23:01:27 UTC 2018 /home/travis/build/icyphy/ptII/ptolemy/actor/lib/test/auto/PublisherPort8.xml
----------------- Instantiating /home/travis/build/icyphy/ptII/ptolemy/actor/lib/test/auto/PublisherPort8.xml
4 ms. Memory: 1584128K Free: 999753K (63%)
----------------- Invoking toplevel() on ptolemy.moml.MoMLSimpleApplication@67e25064
----------------- Done invoking toplevel() on ptolemy.moml.MoMLSimpleApplication@67e25064
reloadAllAccessors: .PublisherPort8

===========================================================================================
----------------- testing Tue Jun 05 23:01:27 UTC 2018 /home/travis/build/icyphy/ptII/ptolemy/actor/lib/test/auto/PublisherPortSubscriberChannelVariablesAOC2.xml
----------------- Instantiating /home/travis/build/icyphy/ptII/ptolemy/actor/lib/test/auto/PublisherPortSubscriberChannelVariablesAOC2.xml
2 ms. Memory: 1584128K Free: 970044K (61%)
----------------- Invoking toplevel() on ptolemy.moml.MoMLSimpleApplication@7395d0c8
----------------- Done invoking toplevel() on ptolemy.moml.MoMLSimpleApplication@7395d0c8
reloadAllAccessors: .PublisherPortSubscriberChannelVariablesAOC2

===========================================================================================
----------------- testing Tue Jun 05 23:01:27 UTC 2018 /home/travis/build/icyphy/ptII/ptolemy/actor/lib/test/auto/PublisherPortSubscriberOpaqueWidthInference.xml
----------------- Instantiating /home/travis/build/icyphy/ptII/ptolemy/actor/lib/test/auto/PublisherPortSubscriberOpaqueWidthInference.xml
3 ms. Memory: 1584128K Free: 948190K (60%)
----------------- Invoking toplevel() on ptolemy.moml.MoMLSimpleApplication@480ca33a
----------------- Done invoking toplevel() on ptolemy.moml.MoMLSimpleApplication@480ca33a
reloadAllAccessors: .PublisherPortSubscriberOpaqueWidthInference

===========================================================================================
----------------- testing Tue Jun 05 23:01:27 UTC 2018 /home/travis/build/icyphy/ptII/ptolemy/actor/lib/test/auto/PublisherPortSubscriberPortAdjacent.xml
----------------- Instantiating /home/travis/build/icyphy/ptII/ptolemy/actor/lib/test/auto/PublisherPortSubscriberPortAdjacent.xml
2 ms. Memory: 1584128K Free: 933348K (59%)
----------------- Invoking toplevel() on ptolemy.moml.MoMLSimpleApplication@4321af2e
----------------- Done invoking toplevel() on ptolemy.moml.MoMLSimpleApplication@4321af2e
reloadAllAccessors: .PublisherPortSubscriberPortAdjacent

===========================================================================================
----------------- testing Tue Jun 05 23:01:27 UTC 2018 /home/travis/build/icyphy/ptII/ptolemy/actor/lib/test/auto/PublisherPortSubscriberPortExpression.xml
----------------- Instantiating /home/travis/build/icyphy/ptII/ptolemy/actor/lib/test/auto/PublisherPortSubscriberPortExpression.xml
3 ms. Memory: 1584128K Free: 918505K (58%)
----------------- Invoking toplevel() on ptolemy.moml.MoMLSimpleApplication@1ae72b7a
----------------- Done invoking toplevel() on ptolemy.moml.MoMLSimpleApplication@1ae72b7a
reloadAllAccessors: .PublisherPortSubscriberPortExpression

===========================================================================================
----------------- testing Tue Jun 05 23:01:27 UTC 2018 /home/travis/build/icyphy/ptII/ptolemy/actor/lib/test/auto/PublisherPortSubscriberPortOpaqueD3Reverse.xml
----------------- Instantiating /home/travis/build/icyphy/ptII/ptolemy/actor/lib/test/auto/PublisherPortSubscriberPortOpaqueD3Reverse.xml
5 ms. Memory: 1584128K Free: 896651K (57%)
----------------- Invoking toplevel() on ptolemy.moml.MoMLSimpleApplication@6b896b39
----------------- Done invoking toplevel() on ptolemy.moml.MoMLSimpleApplication@6b896b39
reloadAllAccessors: .PublisherPortSubscriberPortOpaqueD3Reverse

===========================================================================================
----------------- testing Tue Jun 05 23:01:27 UTC 2018 /home/travis/build/icyphy/ptII/ptolemy/actor/lib/test/auto/PublisherPortSubscriberPortOpaqueWidthInference.xml
----------------- Instantiating /home/travis/build/icyphy/ptII/ptolemy/actor/lib/test/auto/PublisherPortSubscriberPortOpaqueWidthInference.xml
3 ms. Memory: 1584128K Free: 881808K (56%)
----------------- Invoking toplevel() on ptolemy.moml.MoMLSimpleApplication@34ed8916
----------------- Done invoking toplevel() on ptolemy.moml.MoMLSimpleApplication@34ed8916
reloadAllAccessors: .PublisherPortSubscriberPortOpaqueWidthInference

===========================================================================================
----------------- testing Tue Jun 05 23:01:27 UTC 2018 /home/travis/build/icyphy/ptII/ptolemy/actor/lib/test/auto/PublisherPortToplevelSubscriberPortAOC.xml
----------------- Instantiating /home/travis/build/icyphy/ptII/ptolemy/actor/lib/test/auto/PublisherPortToplevelSubscriberPortAOC.xml
.PublisherPortToplevelSubscriberPortAOC.TestExceptionAttribute: initialize() was not invoked, but wrapup() was.  This is unusual, but not always a problem.  For example, exporting JNLP will do this.
0 ms. Memory: 1584128K Free: 866965K (55%)
----------------- Invoking toplevel() on ptolemy.moml.MoMLSimpleApplication@7abe2352
----------------- Done invoking toplevel() on ptolemy.moml.MoMLSimpleApplication@7abe2352
reloadAllAccessors: .PublisherPortToplevelSubscriberPortAOC

===========================================================================================
----------------- testing Tue Jun 05 23:01:27 UTC 2018 /home/travis/build/icyphy/ptII/ptolemy/actor/lib/test/auto/PublisherSubscriber.xml
----------------- Instantiating /home/travis/build/icyphy/ptII/ptolemy/actor/lib/test/auto/PublisherSubscriber.xml
2 ms. Memory: 1584128K Free: 845112K (53%)
----------------- Invoking toplevel() on ptolemy.moml.MoMLSimpleApplication@6f9e5f92
----------------- Done invoking toplevel() on ptolemy.moml.MoMLSimpleApplication@6f9e5f92
reloadAllAccessors: .PublisherSubscriber

===========================================================================================
----------------- testing Tue Jun 05 23:01:27 UTC 2018 /home/travis/build/icyphy/ptII/ptolemy/actor/lib/test/auto/PublisherSubscriber10.xml
----------------- Instantiating /home/travis/build/icyphy/ptII/ptolemy/actor/lib/test/auto/PublisherSubscriber10.xml
4 ms. Memory: 1584128K Free: 830269K (52%)
----------------- Invoking toplevel() on ptolemy.moml.MoMLSimpleApplication@4418f92f
----------------- Done invoking toplevel() on ptolemy.moml.MoMLSimpleApplication@4418f92f
reloadAllAccessors: .PublisherSubscriber10

===========================================================================================
----------------- testing Tue Jun 05 23:01:27 UTC 2018 /home/travis/build/icyphy/ptII/ptolemy/actor/lib/test/auto/PublisherSubscriber10InitialOutputs.xml
----------------- Instantiating /home/travis/build/icyphy/ptII/ptolemy/actor/lib/test/auto/PublisherSubscriber10InitialOutputs.xml
4 ms. Memory: 1584128K Free: 815426K (51%)
----------------- Invoking toplevel() on ptolemy.moml.MoMLSimpleApplication@473206b4
----------------- Done invoking toplevel() on ptolemy.moml.MoMLSimpleApplication@473206b4
reloadAllAccessors: .PublisherSubscriber10InitialOutputs

===========================================================================================
----------------- testing Tue Jun 05 23:01:27 UTC 2018 /home/travis/build/icyphy/ptII/ptolemy/actor/lib/test/auto/PublisherSubscriber11.xml
----------------- Instantiating /home/travis/build/icyphy/ptII/ptolemy/actor/lib/test/auto/PublisherSubscriber11.xml
2 ms. Memory: 1584128K Free: 793573K (50%)
----------------- Invoking toplevel() on ptolemy.moml.MoMLSimpleApplication@1b8d87d0
----------------- Done invoking toplevel() on ptolemy.moml.MoMLSimpleApplication@1b8d87d0
reloadAllAccessors: .PublisherSubscriber11

===========================================================================================
----------------- testing Tue Jun 05 23:01:27 UTC 2018 /home/travis/build/icyphy/ptII/ptolemy/actor/lib/test/auto/PublisherSubscriber12.xml
----------------- Instantiating /home/travis/build/icyphy/ptII/ptolemy/actor/lib/test/auto/PublisherSubscriber12.xml
3 ms. Memory: 1584128K Free: 778730K (49%)
----------------- Invoking toplevel() on ptolemy.moml.MoMLSimpleApplication@437ed927
----------------- Done invoking toplevel() on ptolemy.moml.MoMLSimpleApplication@437ed927
reloadAllAccessors: .PublisherSubscriber12

===========================================================================================
----------------- testing Tue Jun 05 23:01:27 UTC 2018 /home/travis/build/icyphy/ptII/ptolemy/actor/lib/test/auto/PublisherSubscriber13.xml
----------------- Instantiating /home/travis/build/icyphy/ptII/ptolemy/actor/lib/test/auto/PublisherSubscriber13.xml
2 ms. Memory: 1584128K Free: 756877K (48%)
----------------- Invoking toplevel() on ptolemy.moml.MoMLSimpleApplication@4133fad6
----------------- Done invoking toplevel() on ptolemy.moml.MoMLSimpleApplication@4133fad6
reloadAllAccessors: .PublisherSubscriber13

===========================================================================================
----------------- testing Tue Jun 05 23:01:27 UTC 2018 /home/travis/build/icyphy/ptII/ptolemy/actor/lib/test/auto/PublisherSubscriber14.xml
----------------- Instantiating /home/travis/build/icyphy/ptII/ptolemy/actor/lib/test/auto/PublisherSubscriber14.xml
2 ms. Memory: 1584128K Free: 742034K (47%)
----------------- Invoking toplevel() on ptolemy.moml.MoMLSimpleApplication@9b16f6c
----------------- Done invoking toplevel() on ptolemy.moml.MoMLSimpleApplication@9b16f6c
reloadAllAccessors: .PublisherSubscriber14

===========================================================================================
----------------- testing Tue Jun 05 23:01:27 UTC 2018 /home/travis/build/icyphy/ptII/ptolemy/actor/lib/test/auto/PublisherSubscriber2.xml
----------------- Instantiating /home/travis/build/icyphy/ptII/ptolemy/actor/lib/test/auto/PublisherSubscriber2.xml
4 ms. Memory: 1584128K Free: 727191K (46%)
----------------- Invoking toplevel() on ptolemy.moml.MoMLSimpleApplication@4bc43ac0
----------------- Done invoking toplevel() on ptolemy.moml.MoMLSimpleApplication@4bc43ac0
reloadAllAccessors: .PublisherSubscriber2

===========================================================================================
----------------- testing Tue Jun 05 23:01:27 UTC 2018 /home/travis/build/icyphy/ptII/ptolemy/actor/lib/test/auto/PublisherSubscriber3.xml
----------------- Instantiating /home/travis/build/icyphy/ptII/ptolemy/actor/lib/test/auto/PublisherSubscriber3.xml
2 ms. Memory: 1584128K Free: 705338K (45%)
----------------- Invoking toplevel() on ptolemy.moml.MoMLSimpleApplication@4e7bb42
----------------- Done invoking toplevel() on ptolemy.moml.MoMLSimpleApplication@4e7bb42
reloadAllAccessors: .PublisherSubscriber3

===========================================================================================
----------------- testing Tue Jun 05 23:01:27 UTC 2018 /home/travis/build/icyphy/ptII/ptolemy/actor/lib/test/auto/PublisherSubscriber4.xml
----------------- Instantiating /home/travis/build/icyphy/ptII/ptolemy/actor/lib/test/auto/PublisherSubscriber4.xml
2 ms. Memory: 1584128K Free: 690495K (44%)
----------------- Invoking toplevel() on ptolemy.moml.MoMLSimpleApplication@8328ee3
----------------- Done invoking toplevel() on ptolemy.moml.MoMLSimpleApplication@8328ee3
reloadAllAccessors: .PublisherSubscriber4

===========================================================================================
----------------- testing Tue Jun 05 23:01:27 UTC 2018 /home/travis/build/icyphy/ptII/ptolemy/actor/lib/test/auto/PublisherSubscriber5.xml
----------------- Instantiating /home/travis/build/icyphy/ptII/ptolemy/actor/lib/test/auto/PublisherSubscriber5.xml
1 ms. Memory: 1584128K Free: 675652K (43%)
----------------- Invoking toplevel() on ptolemy.moml.MoMLSimpleApplication@5ea29aa6
----------------- Done invoking toplevel() on ptolemy.moml.MoMLSimpleApplication@5ea29aa6
reloadAllAccessors: .PublisherSubscriber5

===========================================================================================
----------------- testing Tue Jun 05 23:01:27 UTC 2018 /home/travis/build/icyphy/ptII/ptolemy/actor/lib/test/auto/PublisherSubscriber6.xml
----------------- Instantiating /home/travis/build/icyphy/ptII/ptolemy/actor/lib/test/auto/PublisherSubscriber6.xml
3 ms. Memory: 1584128K Free: 653799K (41%)
----------------- Invoking toplevel() on ptolemy.moml.MoMLSimpleApplication@6ca3fb7b
----------------- Done invoking toplevel() on ptolemy.moml.MoMLSimpleApplication@6ca3fb7b
reloadAllAccessors: .PublisherSubscriber6

===========================================================================================
----------------- testing Tue Jun 05 23:01:27 UTC 2018 /home/travis/build/icyphy/ptII/ptolemy/actor/lib/test/auto/PublisherSubscriber7.xml
----------------- Instantiating /home/travis/build/icyphy/ptII/ptolemy/actor/lib/test/auto/PublisherSubscriber7.xml
5 ms. Memory: 1584128K Free: 638956K (40%)
----------------- Invoking toplevel() on ptolemy.moml.MoMLSimpleApplication@48ceec9a
----------------- Done invoking toplevel() on ptolemy.moml.MoMLSimpleApplication@48ceec9a
reloadAllAccessors: .PublisherSubscriber7

===========================================================================================
----------------- testing Tue Jun 05 23:01:27 UTC 2018 /home/travis/build/icyphy/ptII/ptolemy/actor/lib/test/auto/PublisherSubscriber8.xml
----------------- Instantiating /home/travis/build/icyphy/ptII/ptolemy/actor/lib/test/auto/PublisherSubscriber8.xml
16 ms. Memory: 1584128K Free: 549898K (35%)
----------------- Invoking toplevel() on ptolemy.moml.MoMLSimpleApplication@72a0b477
----------------- Done invoking toplevel() on ptolemy.moml.MoMLSimpleApplication@72a0b477
reloadAllAccessors: .PublisherSubscriber8

===========================================================================================
----------------- testing Tue Jun 05 23:01:27 UTC 2018 /home/travis/build/icyphy/ptII/ptolemy/actor/lib/test/auto/PublisherSubscriber9.xml
----------------- Instantiating /home/travis/build/icyphy/ptII/ptolemy/actor/lib/test/auto/PublisherSubscriber9.xml
3 ms. Memory: 1584128K Free: 528045K (33%)
----------------- Invoking toplevel() on ptolemy.moml.MoMLSimpleApplication@32a30fea
----------------- Done invoking toplevel() on ptolemy.moml.MoMLSimpleApplication@32a30fea
reloadAllAccessors: .PublisherSubscriber9

===========================================================================================
----------------- testing Tue Jun 05 23:01:27 UTC 2018 /home/travis/build/icyphy/ptII/ptolemy/actor/lib/test/auto/PublisherSubscriberAdjacent.xml
----------------- Instantiating /home/travis/build/icyphy/ptII/ptolemy/actor/lib/test/auto/PublisherSubscriberAdjacent.xml
2 ms. Memory: 1584128K Free: 513202K (32%)
----------------- Invoking toplevel() on ptolemy.moml.MoMLSimpleApplication@27145b9b
----------------- Done invoking toplevel() on ptolemy.moml.MoMLSimpleApplication@27145b9b
reloadAllAccessors: .PublisherSubscriberAdjacent

===========================================================================================
----------------- testing Tue Jun 05 23:01:27 UTC 2018 /home/travis/build/icyphy/ptII/ptolemy/actor/lib/test/auto/PublisherSubscriberChannelVariablesAOC2.xml
----------------- Instantiating /home/travis/build/icyphy/ptII/ptolemy/actor/lib/test/auto/PublisherSubscriberChannelVariablesAOC2.xml
2 ms. Memory: 1584128K Free: 490922K (31%)
----------------- Invoking toplevel() on ptolemy.moml.MoMLSimpleApplication@1324b65f
----------------- Done invoking toplevel() on ptolemy.moml.MoMLSimpleApplication@1324b65f
reloadAllAccessors: .PublisherSubscriberChannelVariablesAOC2

===========================================================================================
----------------- testing Tue Jun 05 23:01:27 UTC 2018 /home/travis/build/icyphy/ptII/ptolemy/actor/lib/test/auto/PublisherSubscriberD3.xml
----------------- Instantiating /home/travis/build/icyphy/ptII/ptolemy/actor/lib/test/auto/PublisherSubscriberD3.xml
1 ms. Memory: 1584128K Free: 469068K (30%)
----------------- Invoking toplevel() on ptolemy.moml.MoMLSimpleApplication@115c98e9
----------------- Done invoking toplevel() on ptolemy.moml.MoMLSimpleApplication@115c98e9
reloadAllAccessors: .PublisherSubscriberD3

===========================================================================================
----------------- testing Tue Jun 05 23:01:27 UTC 2018 /home/travis/build/icyphy/ptII/ptolemy/actor/lib/test/auto/PublisherSubscriberD3Reverse.xml
----------------- Instantiating /home/travis/build/icyphy/ptII/ptolemy/actor/lib/test/auto/PublisherSubscriberD3Reverse.xml
1 ms. Memory: 1584128K Free: 454225K (29%)
----------------- Invoking toplevel() on ptolemy.moml.MoMLSimpleApplication@5957189f
----------------- Done invoking toplevel() on ptolemy.moml.MoMLSimpleApplication@5957189f
reloadAllAccessors: .PublisherSubscriberD3Reverse

===========================================================================================
----------------- testing Tue Jun 05 23:01:28 UTC 2018 /home/travis/build/icyphy/ptII/ptolemy/actor/lib/test/auto/PublisherSubscriberExpression.xml
----------------- Instantiating /home/travis/build/icyphy/ptII/ptolemy/actor/lib/test/auto/PublisherSubscriberExpression.xml
3 ms. Memory: 1584128K Free: 439382K (28%)
----------------- Invoking toplevel() on ptolemy.moml.MoMLSimpleApplication@9a9f5c9
----------------- Done invoking toplevel() on ptolemy.moml.MoMLSimpleApplication@9a9f5c9
reloadAllAccessors: .PublisherSubscriberExpression

===========================================================================================
----------------- testing Tue Jun 05 23:01:28 UTC 2018 /home/travis/build/icyphy/ptII/ptolemy/actor/lib/test/auto/PublisherSubscriberOpaque.xml
----------------- Instantiating /home/travis/build/icyphy/ptII/ptolemy/actor/lib/test/auto/PublisherSubscriberOpaque.xml
4 ms. Memory: 1584128K Free: 417529K (26%)
----------------- Invoking toplevel() on ptolemy.moml.MoMLSimpleApplication@784b54e9
----------------- Done invoking toplevel() on ptolemy.moml.MoMLSimpleApplication@784b54e9
reloadAllAccessors: .PublisherSubscriberOpaque

===========================================================================================
----------------- testing Tue Jun 05 23:01:28 UTC 2018 /home/travis/build/icyphy/ptII/ptolemy/actor/lib/test/auto/PublisherSubscriberOpaqueD3.xml
----------------- Instantiating /home/travis/build/icyphy/ptII/ptolemy/actor/lib/test/auto/PublisherSubscriberOpaqueD3.xml
6 ms. Memory: 1584128K Free: 395257K (25%)
----------------- Invoking toplevel() on ptolemy.moml.MoMLSimpleApplication@1ea6aa36
----------------- Done invoking toplevel() on ptolemy.moml.MoMLSimpleApplication@1ea6aa36
reloadAllAccessors: .PublisherSubscriberOpaqueD3

===========================================================================================
----------------- testing Tue Jun 05 23:01:28 UTC 2018 /home/travis/build/icyphy/ptII/ptolemy/actor/lib/test/auto/PublisherSubscriberOpaqueD3Reverse.xml
----------------- Instantiating /home/travis/build/icyphy/ptII/ptolemy/actor/lib/test/auto/PublisherSubscriberOpaqueD3Reverse.xml
7 ms. Memory: 1584128K Free: 380414K (24%)
----------------- Invoking toplevel() on ptolemy.moml.MoMLSimpleApplication@42f3d24c
----------------- Done invoking toplevel() on ptolemy.moml.MoMLSimpleApplication@42f3d24c
reloadAllAccessors: .PublisherSubscriberOpaqueD3Reverse

===========================================================================================
----------------- testing Tue Jun 05 23:01:28 UTC 2018 /home/travis/build/icyphy/ptII/ptolemy/actor/lib/test/auto/PublisherSubscriberOpaqueWidthInference.xml
----------------- Instantiating /home/travis/build/icyphy/ptII/ptolemy/actor/lib/test/auto/PublisherSubscriberOpaqueWidthInference.xml
3 ms. Memory: 1584128K Free: 358561K (23%)
----------------- Invoking toplevel() on ptolemy.moml.MoMLSimpleApplication@608113b6
----------------- Done invoking toplevel() on ptolemy.moml.MoMLSimpleApplication@608113b6
reloadAllAccessors: .PublisherSubscriberOpaqueWidthInference

===========================================================================================
----------------- testing Tue Jun 05 23:01:28 UTC 2018 /home/travis/build/icyphy/ptII/ptolemy/actor/lib/test/auto/PublisherTestSubscriber.xml
----------------- Instantiating /home/travis/build/icyphy/ptII/ptolemy/actor/lib/test/auto/PublisherTestSubscriber.xml
3 ms. Memory: 1584128K Free: 343718K (22%)
----------------- Invoking toplevel() on ptolemy.moml.MoMLSimpleApplication@1b518314
----------------- Done invoking toplevel() on ptolemy.moml.MoMLSimpleApplication@1b518314
reloadAllAccessors: .PublisherTestSubscriber

===========================================================================================
----------------- testing Tue Jun 05 23:01:28 UTC 2018 /home/travis/build/icyphy/ptII/ptolemy/actor/lib/test/auto/PublisherToplevelSubscriberPortAOC.xml
----------------- Instantiating /home/travis/build/icyphy/ptII/ptolemy/actor/lib/test/auto/PublisherToplevelSubscriberPortAOC.xml
2 ms. Memory: 1584128K Free: 328875K (21%)
----------------- Invoking toplevel() on ptolemy.moml.MoMLSimpleApplication@c0f30f6
----------------- Done invoking toplevel() on ptolemy.moml.MoMLSimpleApplication@c0f30f6
reloadAllAccessors: .PublisherToplevelSubscriberPortAOC

===========================================================================================
----------------- testing Tue Jun 05 23:01:28 UTC 2018 /home/travis/build/icyphy/ptII/ptolemy/actor/lib/test/auto/PulseFiringLimitDE.xml
----------------- Instantiating /home/travis/build/icyphy/ptII/ptolemy/actor/lib/test/auto/PulseFiringLimitDE.xml
2 ms. Memory: 1584128K Free: 307022K (19%)
----------------- Invoking toplevel() on ptolemy.moml.MoMLSimpleApplication@2174723f
----------------- Done invoking toplevel() on ptolemy.moml.MoMLSimpleApplication@2174723f
reloadAllAccessors: .PulseFiringLimitDE

===========================================================================================
----------------- testing Tue Jun 05 23:01:28 UTC 2018 /home/travis/build/icyphy/ptII/ptolemy/actor/lib/test/auto/Ramp1.xml
----------------- Instantiating /home/travis/build/icyphy/ptII/ptolemy/actor/lib/test/auto/Ramp1.xml
1 ms. Memory: 1584128K Free: 292179K (18%)
----------------- Invoking toplevel() on ptolemy.moml.MoMLSimpleApplication@184201df
----------------- Done invoking toplevel() on ptolemy.moml.MoMLSimpleApplication@184201df
reloadAllAccessors: .Ramp1

===========================================================================================
----------------- testing Tue Jun 05 23:01:28 UTC 2018 /home/travis/build/icyphy/ptII/ptolemy/actor/lib/test/auto/RampFiringLimitDE.xml
----------------- Instantiating /home/travis/build/icyphy/ptII/ptolemy/actor/lib/test/auto/RampFiringLimitDE.xml
2 ms. Memory: 1584128K Free: 270325K (17%)
----------------- Invoking toplevel() on ptolemy.moml.MoMLSimpleApplication@6ef780a0
----------------- Done invoking toplevel() on ptolemy.moml.MoMLSimpleApplication@6ef780a0
reloadAllAccessors: .RampFiringLimitDE

===========================================================================================
----------------- testing Tue Jun 05 23:01:28 UTC 2018 /home/travis/build/icyphy/ptII/ptolemy/actor/lib/test/auto/RampFiringLimitSDF.xml
----------------- Instantiating /home/travis/build/icyphy/ptII/ptolemy/actor/lib/test/auto/RampFiringLimitSDF.xml
4 ms. Memory: 1584128K Free: 255483K (16%)
----------------- Invoking toplevel() on ptolemy.moml.MoMLSimpleApplication@4ea1772
----------------- Done invoking toplevel() on ptolemy.moml.MoMLSimpleApplication@4ea1772
reloadAllAccessors: .RampFiringLimitSDF

===========================================================================================
----------------- testing Tue Jun 05 23:01:28 UTC 2018 /home/travis/build/icyphy/ptII/ptolemy/actor/lib/test/auto/RandomInteger.xml
----------------- Instantiating /home/travis/build/icyphy/ptII/ptolemy/actor/lib/test/auto/RandomInteger.xml
1 ms. Memory: 1584128K Free: 240640K (15%)
----------------- Invoking toplevel() on ptolemy.moml.MoMLSimpleApplication@5e2605cf
----------------- Done invoking toplevel() on ptolemy.moml.MoMLSimpleApplication@5e2605cf
reloadAllAccessors: .RandomInteger

===========================================================================================
----------------- testing Tue Jun 05 23:01:28 UTC 2018 /home/travis/build/icyphy/ptII/ptolemy/actor/lib/test/auto/ReadFile1.xml
----------------- Instantiating /home/travis/build/icyphy/ptII/ptolemy/actor/lib/test/auto/ReadFile1.xml
2 ms. Memory: 1584128K Free: 218786K (14%)
----------------- Invoking toplevel() on ptolemy.moml.MoMLSimpleApplication@50695ade
----------------- Done invoking toplevel() on ptolemy.moml.MoMLSimpleApplication@50695ade
reloadAllAccessors: .ReadFile1

===========================================================================================
----------------- testing Tue Jun 05 23:01:28 UTC 2018 /home/travis/build/icyphy/ptII/ptolemy/actor/lib/test/auto/ReadFile2.xml
----------------- Instantiating /home/travis/build/icyphy/ptII/ptolemy/actor/lib/test/auto/ReadFile2.xml
2 ms. Memory: 1584128K Free: 203944K (13%)
----------------- Invoking toplevel() on ptolemy.moml.MoMLSimpleApplication@2c0bf909
----------------- Done invoking toplevel() on ptolemy.moml.MoMLSimpleApplication@2c0bf909
reloadAllAccessors: .ReadFile2

===========================================================================================
----------------- testing Tue Jun 05 23:01:28 UTC 2018 /home/travis/build/icyphy/ptII/ptolemy/actor/lib/test/auto/Reader.xml
----------------- Instantiating /home/travis/build/icyphy/ptII/ptolemy/actor/lib/test/auto/Reader.xml
actor.lib.Reader is obsolete, use actor.lib.io.ExpressionReader instead
6 ms. Memory: 1584128K Free: 189101K (12%)
----------------- Invoking toplevel() on ptolemy.moml.MoMLSimpleApplication@544bfc78
----------------- Done invoking toplevel() on ptolemy.moml.MoMLSimpleApplication@544bfc78
reloadAllAccessors: .Reader

===========================================================================================
----------------- testing Tue Jun 05 23:01:28 UTC 2018 /home/travis/build/icyphy/ptII/ptolemy/actor/lib/test/auto/RecordAssemblerDisplayNameTest.xml
----------------- Instantiating /home/travis/build/icyphy/ptII/ptolemy/actor/lib/test/auto/RecordAssemblerDisplayNameTest.xml
2953 ms. Memory: 1624576K Free: 464776K (29%)
----------------- Invoking toplevel() on ptolemy.moml.MoMLSimpleApplication@5fc38939
----------------- Done invoking toplevel() on ptolemy.moml.MoMLSimpleApplication@5fc38939
reloadAllAccessors: .RecordAssemblerDisplayNameTest

===========================================================================================
----------------- testing Tue Jun 05 23:01:31 UTC 2018 /home/travis/build/icyphy/ptII/ptolemy/actor/lib/test/auto/RecordAssemblerTypeError.xml
----------------- Instantiating /home/travis/build/icyphy/ptII/ptolemy/actor/lib/test/auto/RecordAssemblerTypeError.xml
6 ms. Memory: 1624576K Free: 432526K (27%)
----------------- Invoking toplevel() on ptolemy.moml.MoMLSimpleApplication@468ae331
----------------- Done invoking toplevel() on ptolemy.moml.MoMLSimpleApplication@468ae331
reloadAllAccessors: .RecordAssemblerTypeError

===========================================================================================
----------------- testing Tue Jun 05 23:01:31 UTC 2018 /home/travis/build/icyphy/ptII/ptolemy/actor/lib/test/auto/RecordDisassember.xml
----------------- Instantiating /home/travis/build/icyphy/ptII/ptolemy/actor/lib/test/auto/RecordDisassember.xml
3 ms. Memory: 1624576K Free: 417366K (26%)
----------------- Invoking toplevel() on ptolemy.moml.MoMLSimpleApplication@51774d0a
----------------- Done invoking toplevel() on ptolemy.moml.MoMLSimpleApplication@51774d0a
reloadAllAccessors: .RecordDisassember

===========================================================================================
----------------- testing Tue Jun 05 23:01:31 UTC 2018 /home/travis/build/icyphy/ptII/ptolemy/actor/lib/test/auto/RecordDisassemberDisplayNameTest.xml
----------------- Instantiating /home/travis/build/icyphy/ptII/ptolemy/actor/lib/test/auto/RecordDisassemberDisplayNameTest.xml
4 ms. Memory: 1624576K Free: 396437K (24%)
----------------- Invoking toplevel() on ptolemy.moml.MoMLSimpleApplication@64aa10c8
----------------- Done invoking toplevel() on ptolemy.moml.MoMLSimpleApplication@64aa10c8
reloadAllAccessors: .RecordDisassemberDisplayNameTest

===========================================================================================
----------------- testing Tue Jun 05 23:01:31 UTC 2018 /home/travis/build/icyphy/ptII/ptolemy/actor/lib/test/auto/RecordDisassembler.xml
----------------- Instantiating /home/travis/build/icyphy/ptII/ptolemy/actor/lib/test/auto/RecordDisassembler.xml
2 ms. Memory: 1624576K Free: 381364K (23%)
----------------- Invoking toplevel() on ptolemy.moml.MoMLSimpleApplication@7a952885
----------------- Done invoking toplevel() on ptolemy.moml.MoMLSimpleApplication@7a952885
reloadAllAccessors: .RecordDisassembler

===========================================================================================
----------------- testing Tue Jun 05 23:01:31 UTC 2018 /home/travis/build/icyphy/ptII/ptolemy/actor/lib/test/auto/RecordDisassembler2.xml
----------------- Instantiating /home/travis/build/icyphy/ptII/ptolemy/actor/lib/test/auto/RecordDisassembler2.xml
2 ms. Memory: 1624576K Free: 360435K (22%)
----------------- Invoking toplevel() on ptolemy.moml.MoMLSimpleApplication@40b7ed66
----------------- Done invoking toplevel() on ptolemy.moml.MoMLSimpleApplication@40b7ed66
reloadAllAccessors: .RecordDisassembler2

===========================================================================================
----------------- testing Tue Jun 05 23:01:31 UTC 2018 /home/travis/build/icyphy/ptII/ptolemy/actor/lib/test/auto/RecordUpdater.xml
----------------- Instantiating /home/travis/build/icyphy/ptII/ptolemy/actor/lib/test/auto/RecordUpdater.xml
1 ms. Memory: 1624576K Free: 345362K (21%)
----------------- Invoking toplevel() on ptolemy.moml.MoMLSimpleApplication@b419017
----------------- Done invoking toplevel() on ptolemy.moml.MoMLSimpleApplication@b419017
reloadAllAccessors: .RecordUpdater

===========================================================================================
----------------- testing Tue Jun 05 23:01:31 UTC 2018 /home/travis/build/icyphy/ptII/ptolemy/actor/lib/test/auto/RecordUpdater2.xml
----------------- Instantiating /home/travis/build/icyphy/ptII/ptolemy/actor/lib/test/auto/RecordUpdater2.xml
2 ms. Memory: 1624576K Free: 330288K (20%)
----------------- Invoking toplevel() on ptolemy.moml.MoMLSimpleApplication@c1654ca
----------------- Done invoking toplevel() on ptolemy.moml.MoMLSimpleApplication@c1654ca
reloadAllAccessors: .RecordUpdater2

===========================================================================================
----------------- testing Tue Jun 05 23:01:31 UTC 2018 /home/travis/build/icyphy/ptII/ptolemy/actor/lib/test/auto/RecursiveLattice.xml
----------------- Instantiating /home/travis/build/icyphy/ptII/ptolemy/actor/lib/test/auto/RecursiveLattice.xml
1 ms. Memory: 1624576K Free: 309359K (19%)
----------------- Invoking toplevel() on ptolemy.moml.MoMLSimpleApplication@1c03041b
----------------- Done invoking toplevel() on ptolemy.moml.MoMLSimpleApplication@1c03041b
reloadAllAccessors: .RecursiveLattice

===========================================================================================
----------------- testing Tue Jun 05 23:01:31 UTC 2018 /home/travis/build/icyphy/ptII/ptolemy/actor/lib/test/auto/Router.xml
----------------- Instantiating /home/travis/build/icyphy/ptII/ptolemy/actor/lib/test/auto/Router.xml
3004 ms. Memory: 1624576K Free: 294286K (18%)
----------------- Invoking toplevel() on ptolemy.moml.MoMLSimpleApplication@45a751a0
----------------- Done invoking toplevel() on ptolemy.moml.MoMLSimpleApplication@45a751a0
reloadAllAccessors: .Router

===========================================================================================
----------------- testing Tue Jun 05 23:01:34 UTC 2018 /home/travis/build/icyphy/ptII/ptolemy/actor/lib/test/auto/Router2.xml
----------------- Instantiating /home/travis/build/icyphy/ptII/ptolemy/actor/lib/test/auto/Router2.xml
3002 ms. Memory: 1624576K Free: 273357K (17%)
----------------- Invoking toplevel() on ptolemy.moml.MoMLSimpleApplication@12d649a1
----------------- Done invoking toplevel() on ptolemy.moml.MoMLSimpleApplication@12d649a1
reloadAllAccessors: .Router2

===========================================================================================
----------------- testing Tue Jun 05 23:01:37 UTC 2018 /home/travis/build/icyphy/ptII/ptolemy/actor/lib/test/auto/RunningMaximum.xml
----------------- Instantiating /home/travis/build/icyphy/ptII/ptolemy/actor/lib/test/auto/RunningMaximum.xml
2 ms. Memory: 1624576K Free: 258284K (16%)
----------------- Invoking toplevel() on ptolemy.moml.MoMLSimpleApplication@285a223e
----------------- Done invoking toplevel() on ptolemy.moml.MoMLSimpleApplication@285a223e
reloadAllAccessors: .RunningMaximum

===========================================================================================
----------------- testing Tue Jun 05 23:01:37 UTC 2018 /home/travis/build/icyphy/ptII/ptolemy/actor/lib/test/auto/RunningMinimum.xml
----------------- Instantiating /home/travis/build/icyphy/ptII/ptolemy/actor/lib/test/auto/RunningMinimum.xml
1 ms. Memory: 1624576K Free: 243211K (15%)
----------------- Invoking toplevel() on ptolemy.moml.MoMLSimpleApplication@6fbc3daf
----------------- Done invoking toplevel() on ptolemy.moml.MoMLSimpleApplication@6fbc3daf
reloadAllAccessors: .RunningMinimum

===========================================================================================
----------------- testing Tue Jun 05 23:01:37 UTC 2018 /home/travis/build/icyphy/ptII/ptolemy/actor/lib/test/auto/Scale.xml
----------------- Instantiating /home/travis/build/icyphy/ptII/ptolemy/actor/lib/test/auto/Scale.xml
2 ms. Memory: 1624576K Free: 222281K (14%)
----------------- Invoking toplevel() on ptolemy.moml.MoMLSimpleApplication@260e1d5f
----------------- Done invoking toplevel() on ptolemy.moml.MoMLSimpleApplication@260e1d5f
reloadAllAccessors: .Scale

===========================================================================================
----------------- testing Tue Jun 05 23:01:37 UTC 2018 /home/travis/build/icyphy/ptII/ptolemy/actor/lib/test/auto/Scale2.xml
----------------- Instantiating /home/travis/build/icyphy/ptII/ptolemy/actor/lib/test/auto/Scale2.xml
2 ms. Memory: 1624576K Free: 207208K (13%)
----------------- Invoking toplevel() on ptolemy.moml.MoMLSimpleApplication@39b8f7de
----------------- Done invoking toplevel() on ptolemy.moml.MoMLSimpleApplication@39b8f7de
reloadAllAccessors: .Scale2

===========================================================================================
----------------- testing Tue Jun 05 23:01:37 UTC 2018 /home/travis/build/icyphy/ptII/ptolemy/actor/lib/test/auto/Scale3.xml
----------------- Instantiating /home/travis/build/icyphy/ptII/ptolemy/actor/lib/test/auto/Scale3.xml
3 ms. Memory: 1624576K Free: 186279K (11%)
----------------- Invoking toplevel() on ptolemy.moml.MoMLSimpleApplication@17c374bb
----------------- Done invoking toplevel() on ptolemy.moml.MoMLSimpleApplication@17c374bb
reloadAllAccessors: .Scale3

===========================================================================================
----------------- testing Tue Jun 05 23:01:37 UTC 2018 /home/travis/build/icyphy/ptII/ptolemy/actor/lib/test/auto/ScaleArray.xml
----------------- Instantiating /home/travis/build/icyphy/ptII/ptolemy/actor/lib/test/auto/ScaleArray.xml
1 ms. Memory: 1624576K Free: 171206K (11%)
----------------- Invoking toplevel() on ptolemy.moml.MoMLSimpleApplication@edb0210
----------------- Done invoking toplevel() on ptolemy.moml.MoMLSimpleApplication@edb0210
reloadAllAccessors: .ScaleArray

===========================================================================================
----------------- testing Tue Jun 05 23:01:37 UTC 2018 /home/travis/build/icyphy/ptII/ptolemy/actor/lib/test/auto/ScaleArray2.xml
----------------- Instantiating /home/travis/build/icyphy/ptII/ptolemy/actor/lib/test/auto/ScaleArray2.xml
1 ms. Memory: 1624576K Free: 150277K (9%)
----------------- Invoking toplevel() on ptolemy.moml.MoMLSimpleApplication@52651911
----------------- Done invoking toplevel() on ptolemy.moml.MoMLSimpleApplication@52651911
reloadAllAccessors: .ScaleArray2

===========================================================================================
----------------- testing Tue Jun 05 23:01:37 UTC 2018 /home/travis/build/icyphy/ptII/ptolemy/actor/lib/test/auto/ScaleMatrix.xml
----------------- Instantiating /home/travis/build/icyphy/ptII/ptolemy/actor/lib/test/auto/ScaleMatrix.xml
99 ms. Memory: 1624576K Free: 127667K (8%)
----------------- Invoking toplevel() on ptolemy.moml.MoMLSimpleApplication@7b9bfa76
----------------- Done invoking toplevel() on ptolemy.moml.MoMLSimpleApplication@7b9bfa76
reloadAllAccessors: .ScaleMatrix

===========================================================================================
----------------- testing Tue Jun 05 23:01:37 UTC 2018 /home/travis/build/icyphy/ptII/ptolemy/actor/lib/test/auto/Select.xml
----------------- Instantiating /home/travis/build/icyphy/ptII/ptolemy/actor/lib/test/auto/Select.xml
1 ms. Memory: 1624576K Free: 112593K (7%)
----------------- Invoking toplevel() on ptolemy.moml.MoMLSimpleApplication@236c6f46
----------------- Done invoking toplevel() on ptolemy.moml.MoMLSimpleApplication@236c6f46
reloadAllAccessors: .Select

===========================================================================================
----------------- testing Tue Jun 05 23:01:37 UTC 2018 /home/travis/build/icyphy/ptII/ptolemy/actor/lib/test/auto/Select2.xml
----------------- Instantiating /home/travis/build/icyphy/ptII/ptolemy/actor/lib/test/auto/Select2.xml
1 ms. Memory: 1624576K Free: 91664K (6%)
----------------- Invoking toplevel() on ptolemy.moml.MoMLSimpleApplication@c536ec1
----------------- Done invoking toplevel() on ptolemy.moml.MoMLSimpleApplication@c536ec1
reloadAllAccessors: .Select2

===========================================================================================
----------------- testing Tue Jun 05 23:01:37 UTC 2018 /home/travis/build/icyphy/ptII/ptolemy/actor/lib/test/auto/SequenceToArray2.xml
----------------- Instantiating /home/travis/build/icyphy/ptII/ptolemy/actor/lib/test/auto/SequenceToArray2.xml
80 ms. Memory: 1783296K Free: 1664112K (93%)
----------------- Invoking toplevel() on ptolemy.moml.MoMLSimpleApplication@4462f9ec
----------------- Done invoking toplevel() on ptolemy.moml.MoMLSimpleApplication@4462f9ec
reloadAllAccessors: .SequenceToArray2

===========================================================================================
----------------- testing Tue Jun 05 23:01:37 UTC 2018 /home/travis/build/icyphy/ptII/ptolemy/actor/lib/test/auto/SequentialClock.xml
----------------- Instantiating /home/travis/build/icyphy/ptII/ptolemy/actor/lib/test/auto/SequentialClock.xml
1 ms. Memory: 1783296K Free: 1638594K (92%)
----------------- Invoking toplevel() on ptolemy.moml.MoMLSimpleApplication@5c0f5a4c
----------------- Done invoking toplevel() on ptolemy.moml.MoMLSimpleApplication@5c0f5a4c
reloadAllAccessors: .SequentialClock

===========================================================================================
----------------- testing Tue Jun 05 23:01:37 UTC 2018 /home/travis/build/icyphy/ptII/ptolemy/actor/lib/test/auto/SetVariable.xml
----------------- Instantiating /home/travis/build/icyphy/ptII/ptolemy/actor/lib/test/auto/SetVariable.xml
4 ms. Memory: 1783296K Free: 1617329K (91%)
----------------- Invoking toplevel() on ptolemy.moml.MoMLSimpleApplication@3e718a92
----------------- Done invoking toplevel() on ptolemy.moml.MoMLSimpleApplication@3e718a92
reloadAllAccessors: .SetVariable

===========================================================================================
----------------- testing Tue Jun 05 23:01:37 UTC 2018 /home/travis/build/icyphy/ptII/ptolemy/actor/lib/test/auto/SetVariable2.xml
----------------- Instantiating /home/travis/build/icyphy/ptII/ptolemy/actor/lib/test/auto/SetVariable2.xml
4 ms. Memory: 1783296K Free: 1600648K (90%)
----------------- Invoking toplevel() on ptolemy.moml.MoMLSimpleApplication@4b048362
----------------- Done invoking toplevel() on ptolemy.moml.MoMLSimpleApplication@4b048362
reloadAllAccessors: .SetVariable2

===========================================================================================
----------------- testing Tue Jun 05 23:01:37 UTC 2018 /home/travis/build/icyphy/ptII/ptolemy/actor/lib/test/auto/SetVariable3.xml
----------------- Instantiating /home/travis/build/icyphy/ptII/ptolemy/actor/lib/test/auto/SetVariable3.xml
10 ms. Memory: 1783296K Free: 1579383K (89%)
----------------- Invoking toplevel() on ptolemy.moml.MoMLSimpleApplication@77c9296
----------------- Done invoking toplevel() on ptolemy.moml.MoMLSimpleApplication@77c9296
reloadAllAccessors: .SetVariable3

===========================================================================================
----------------- testing Tue Jun 05 23:01:37 UTC 2018 /home/travis/build/icyphy/ptII/ptolemy/actor/lib/test/auto/SetVariable4.xml
----------------- Instantiating /home/travis/build/icyphy/ptII/ptolemy/actor/lib/test/auto/SetVariable4.xml
19 ms. Memory: 1783296K Free: 1504319K (84%)
----------------- Invoking toplevel() on ptolemy.moml.MoMLSimpleApplication@45bf6411
----------------- Done invoking toplevel() on ptolemy.moml.MoMLSimpleApplication@45bf6411
reloadAllAccessors: .SetVariable4

===========================================================================================
----------------- testing Tue Jun 05 23:01:37 UTC 2018 /home/travis/build/icyphy/ptII/ptolemy/actor/lib/test/auto/SetVariable5.xml
----------------- Instantiating /home/travis/build/icyphy/ptII/ptolemy/actor/lib/test/auto/SetVariable5.xml
16 ms. Memory: 1783296K Free: 1482993K (83%)
----------------- Invoking toplevel() on ptolemy.moml.MoMLSimpleApplication@26806dfb
----------------- Done invoking toplevel() on ptolemy.moml.MoMLSimpleApplication@26806dfb
reloadAllAccessors: .SetVariable5

===========================================================================================
----------------- testing Tue Jun 05 23:01:37 UTC 2018 /home/travis/build/icyphy/ptII/ptolemy/actor/lib/test/auto/Sinewave.xml
----------------- Instantiating /home/travis/build/icyphy/ptII/ptolemy/actor/lib/test/auto/Sinewave.xml
3 ms. Memory: 1783296K Free: 1457963K (82%)
----------------- Invoking toplevel() on ptolemy.moml.MoMLSimpleApplication@88c393e
----------------- Done invoking toplevel() on ptolemy.moml.MoMLSimpleApplication@88c393e
reloadAllAccessors: .Sinewave

===========================================================================================
----------------- testing Tue Jun 05 23:01:38 UTC 2018 /home/travis/build/icyphy/ptII/ptolemy/actor/lib/test/auto/Sinewave2.xml
----------------- Instantiating /home/travis/build/icyphy/ptII/ptolemy/actor/lib/test/auto/Sinewave2.xml
9 ms. Memory: 1783296K Free: 1436698K (81%)
----------------- Invoking toplevel() on ptolemy.moml.MoMLSimpleApplication@98bb0ec
----------------- Done invoking toplevel() on ptolemy.moml.MoMLSimpleApplication@98bb0ec
reloadAllAccessors: .Sinewave2

===========================================================================================
----------------- testing Tue Jun 05 23:01:38 UTC 2018 /home/travis/build/icyphy/ptII/ptolemy/actor/lib/test/auto/Sinewave3.xml
----------------- Instantiating /home/travis/build/icyphy/ptII/ptolemy/actor/lib/test/auto/Sinewave3.xml
6 ms. Memory: 1783296K Free: 1420017K (80%)
----------------- Invoking toplevel() on ptolemy.moml.MoMLSimpleApplication@7885e643
----------------- Done invoking toplevel() on ptolemy.moml.MoMLSimpleApplication@7885e643
reloadAllAccessors: .Sinewave3

===========================================================================================
----------------- testing Tue Jun 05 23:01:38 UTC 2018 /home/travis/build/icyphy/ptII/ptolemy/actor/lib/test/auto/SingleEvent.xml
----------------- Instantiating /home/travis/build/icyphy/ptII/ptolemy/actor/lib/test/auto/SingleEvent.xml
1 ms. Memory: 1783296K Free: 1398752K (78%)
----------------- Invoking toplevel() on ptolemy.moml.MoMLSimpleApplication@1488bd91
----------------- Done invoking toplevel() on ptolemy.moml.MoMLSimpleApplication@1488bd91
reloadAllAccessors: .SingleEvent

===========================================================================================
----------------- testing Tue Jun 05 23:01:38 UTC 2018 /home/travis/build/icyphy/ptII/ptolemy/actor/lib/test/auto/Sleep.xml
----------------- Instantiating /home/travis/build/icyphy/ptII/ptolemy/actor/lib/test/auto/Sleep.xml
6003 ms. Memory: 1783296K Free: 1382071K (78%)
----------------- Invoking toplevel() on ptolemy.moml.MoMLSimpleApplication@30fc8845
----------------- Done invoking toplevel() on ptolemy.moml.MoMLSimpleApplication@30fc8845
reloadAllAccessors: .Sleep

===========================================================================================
----------------- testing Tue Jun 05 23:01:44 UTC 2018 /home/travis/build/icyphy/ptII/ptolemy/actor/lib/test/auto/SleepMultipleFire.xml
----------------- Instantiating /home/travis/build/icyphy/ptII/ptolemy/actor/lib/test/auto/SleepMultipleFire.xml
1006 ms. Memory: 1783296K Free: 1360807K (76%)
----------------- Invoking toplevel() on ptolemy.moml.MoMLSimpleApplication@510df69
----------------- Done invoking toplevel() on ptolemy.moml.MoMLSimpleApplication@510df69
reloadAllAccessors: .SleepMultipleFire

===========================================================================================
----------------- testing Tue Jun 05 23:01:45 UTC 2018 /home/travis/build/icyphy/ptII/ptolemy/actor/lib/test/auto/StopDE.xml
----------------- Instantiating /home/travis/build/icyphy/ptII/ptolemy/actor/lib/test/auto/StopDE.xml
2 ms. Memory: 1783296K Free: 1344126K (75%)
----------------- Invoking toplevel() on ptolemy.moml.MoMLSimpleApplication@3b3d992e
----------------- Done invoking toplevel() on ptolemy.moml.MoMLSimpleApplication@3b3d992e
reloadAllAccessors: .StopDE

===========================================================================================
----------------- testing Tue Jun 05 23:01:45 UTC 2018 /home/travis/build/icyphy/ptII/ptolemy/actor/lib/test/auto/StopSDF.xml
----------------- Instantiating /home/travis/build/icyphy/ptII/ptolemy/actor/lib/test/auto/StopSDF.xml
2 ms. Memory: 1783296K Free: 1322861K (74%)
----------------- Invoking toplevel() on ptolemy.moml.MoMLSimpleApplication@625dd01e
----------------- Done invoking toplevel() on ptolemy.moml.MoMLSimpleApplication@625dd01e
reloadAllAccessors: .StopSDF

===========================================================================================
----------------- testing Tue Jun 05 23:01:45 UTC 2018 /home/travis/build/icyphy/ptII/ptolemy/actor/lib/test/auto/StringConstant.xml
----------------- Instantiating /home/travis/build/icyphy/ptII/ptolemy/actor/lib/test/auto/StringConstant.xml
1 ms. Memory: 1783296K Free: 1301596K (73%)
----------------- Invoking toplevel() on ptolemy.moml.MoMLSimpleApplication@416dcaa9
----------------- Done invoking toplevel() on ptolemy.moml.MoMLSimpleApplication@416dcaa9
reloadAllAccessors: .StringConstant

===========================================================================================
----------------- testing Tue Jun 05 23:01:45 UTC 2018 /home/travis/build/icyphy/ptII/ptolemy/actor/lib/test/auto/SubscriberPortInitialValues1.xml
----------------- Instantiating /home/travis/build/icyphy/ptII/ptolemy/actor/lib/test/auto/SubscriberPortInitialValues1.xml
5 ms. Memory: 1783296K Free: 1284915K (72%)
----------------- Invoking toplevel() on ptolemy.moml.MoMLSimpleApplication@266ea60f
----------------- Done invoking toplevel() on ptolemy.moml.MoMLSimpleApplication@266ea60f
reloadAllAccessors: .SubscriberPortInitialValues1

===========================================================================================
----------------- testing Tue Jun 05 23:01:45 UTC 2018 /home/travis/build/icyphy/ptII/ptolemy/actor/lib/test/auto/SubscriberPortInitialValues13.xml
----------------- Instantiating /home/travis/build/icyphy/ptII/ptolemy/actor/lib/test/auto/SubscriberPortInitialValues13.xml
4 ms. Memory: 1783296K Free: 1255310K (70%)
----------------- Invoking toplevel() on ptolemy.moml.MoMLSimpleApplication@7dd836c0
----------------- Done invoking toplevel() on ptolemy.moml.MoMLSimpleApplication@7dd836c0
reloadAllAccessors: .SubscriberPortInitialValues13

===========================================================================================
----------------- testing Tue Jun 05 23:01:45 UTC 2018 /home/travis/build/icyphy/ptII/ptolemy/actor/lib/test/auto/SubscriberPortInitialValues14.xml
----------------- Instantiating /home/travis/build/icyphy/ptII/ptolemy/actor/lib/test/auto/SubscriberPortInitialValues14.xml
5 ms. Memory: 1783296K Free: 1238629K (69%)
----------------- Invoking toplevel() on ptolemy.moml.MoMLSimpleApplication@6255d6f5
----------------- Done invoking toplevel() on ptolemy.moml.MoMLSimpleApplication@6255d6f5
reloadAllAccessors: .SubscriberPortInitialValues14

===========================================================================================
----------------- testing Tue Jun 05 23:01:45 UTC 2018 /home/travis/build/icyphy/ptII/ptolemy/actor/lib/test/auto/SubscriberPortInitialValues2.xml
----------------- Instantiating /home/travis/build/icyphy/ptII/ptolemy/actor/lib/test/auto/SubscriberPortInitialValues2.xml
3 ms. Memory: 1783296K Free: 1217365K (68%)
----------------- Invoking toplevel() on ptolemy.moml.MoMLSimpleApplication@828d062
----------------- Done invoking toplevel() on ptolemy.moml.MoMLSimpleApplication@828d062
reloadAllAccessors: .SubscriberPortInitialValues2

===========================================================================================
----------------- testing Tue Jun 05 23:01:45 UTC 2018 /home/travis/build/icyphy/ptII/ptolemy/actor/lib/test/auto/SubscriberPortInitialValues3.xml
----------------- Instantiating /home/travis/build/icyphy/ptII/ptolemy/actor/lib/test/auto/SubscriberPortInitialValues3.xml
4 ms. Memory: 1783296K Free: 1200684K (67%)
----------------- Invoking toplevel() on ptolemy.moml.MoMLSimpleApplication@4899a4e4
----------------- Done invoking toplevel() on ptolemy.moml.MoMLSimpleApplication@4899a4e4
reloadAllAccessors: .SubscriberPortInitialValues3

===========================================================================================
----------------- testing Tue Jun 05 23:01:45 UTC 2018 /home/travis/build/icyphy/ptII/ptolemy/actor/lib/test/auto/SubscriptionAggregator.xml
----------------- Instantiating /home/travis/build/icyphy/ptII/ptolemy/actor/lib/test/auto/SubscriptionAggregator.xml
3 ms. Memory: 1783296K Free: 1179419K (66%)
----------------- Invoking toplevel() on ptolemy.moml.MoMLSimpleApplication@525b27ae
----------------- Done invoking toplevel() on ptolemy.moml.MoMLSimpleApplication@525b27ae
reloadAllAccessors: .SubscriptionAggregator

===========================================================================================
----------------- testing Tue Jun 05 23:01:45 UTC 2018 /home/travis/build/icyphy/ptII/ptolemy/actor/lib/test/auto/SubscriptionAggregator2.xml
----------------- Instantiating /home/travis/build/icyphy/ptII/ptolemy/actor/lib/test/auto/SubscriptionAggregator2.xml
3 ms. Memory: 1783296K Free: 1162738K (65%)
----------------- Invoking toplevel() on ptolemy.moml.MoMLSimpleApplication@53ef92b4
----------------- Done invoking toplevel() on ptolemy.moml.MoMLSimpleApplication@53ef92b4
reloadAllAccessors: .SubscriptionAggregator2

===========================================================================================
----------------- testing Tue Jun 05 23:01:45 UTC 2018 /home/travis/build/icyphy/ptII/ptolemy/actor/lib/test/auto/SubscriptionAggregator3.xml
----------------- Instantiating /home/travis/build/icyphy/ptII/ptolemy/actor/lib/test/auto/SubscriptionAggregator3.xml
3 ms. Memory: 1783296K Free: 1141473K (64%)
----------------- Invoking toplevel() on ptolemy.moml.MoMLSimpleApplication@376c73e1
----------------- Done invoking toplevel() on ptolemy.moml.MoMLSimpleApplication@376c73e1
reloadAllAccessors: .SubscriptionAggregator3

===========================================================================================
----------------- testing Tue Jun 05 23:01:45 UTC 2018 /home/travis/build/icyphy/ptII/ptolemy/actor/lib/test/auto/SubscriptionAggregatorMultiply.xml
----------------- Instantiating /home/travis/build/icyphy/ptII/ptolemy/actor/lib/test/auto/SubscriptionAggregatorMultiply.xml
3 ms. Memory: 1783296K Free: 1124792K (63%)
----------------- Invoking toplevel() on ptolemy.moml.MoMLSimpleApplication@591173bc
----------------- Done invoking toplevel() on ptolemy.moml.MoMLSimpleApplication@591173bc
reloadAllAccessors: .SubscriptionAggregatorMultiply

===========================================================================================
----------------- testing Tue Jun 05 23:01:45 UTC 2018 /home/travis/build/icyphy/ptII/ptolemy/actor/lib/test/auto/SubscriptionAggregatorPortMultiply1.xml
----------------- Instantiating /home/travis/build/icyphy/ptII/ptolemy/actor/lib/test/auto/SubscriptionAggregatorPortMultiply1.xml
3 ms. Memory: 1783296K Free: 1103528K (62%)
----------------- Invoking toplevel() on ptolemy.moml.MoMLSimpleApplication@7839130a
----------------- Done invoking toplevel() on ptolemy.moml.MoMLSimpleApplication@7839130a
reloadAllAccessors: .SubscriptionAggregatorPortMultiply1

===========================================================================================
----------------- testing Tue Jun 05 23:01:45 UTC 2018 /home/travis/build/icyphy/ptII/ptolemy/actor/lib/test/auto/Switch.xml
----------------- Instantiating /home/travis/build/icyphy/ptII/ptolemy/actor/lib/test/auto/Switch.xml
3 ms. Memory: 1783296K Free: 1036804K (58%)
----------------- Invoking toplevel() on ptolemy.moml.MoMLSimpleApplication@434e6416
----------------- Done invoking toplevel() on ptolemy.moml.MoMLSimpleApplication@434e6416
reloadAllAccessors: .Switch

===========================================================================================
----------------- testing Tue Jun 05 23:01:45 UTC 2018 /home/travis/build/icyphy/ptII/ptolemy/actor/lib/test/auto/Switch2.xml
----------------- Instantiating /home/travis/build/icyphy/ptII/ptolemy/actor/lib/test/auto/Switch2.xml
1 ms. Memory: 1783296K Free: 1015539K (57%)
----------------- Invoking toplevel() on ptolemy.moml.MoMLSimpleApplication@5086e94a
----------------- Done invoking toplevel() on ptolemy.moml.MoMLSimpleApplication@5086e94a
reloadAllAccessors: .Switch2

===========================================================================================
----------------- testing Tue Jun 05 23:01:45 UTC 2018 /home/travis/build/icyphy/ptII/ptolemy/actor/lib/test/auto/SwitchDE.xml
----------------- Instantiating /home/travis/build/icyphy/ptII/ptolemy/actor/lib/test/auto/SwitchDE.xml
1 ms. Memory: 1783296K Free: 994274K (56%)
----------------- Invoking toplevel() on ptolemy.moml.MoMLSimpleApplication@7a149071
----------------- Done invoking toplevel() on ptolemy.moml.MoMLSimpleApplication@7a149071
reloadAllAccessors: .SwitchDE

===========================================================================================
----------------- testing Tue Jun 05 23:01:45 UTC 2018 /home/travis/build/icyphy/ptII/ptolemy/actor/lib/test/auto/SynchronizerDE.xml
----------------- Instantiating /home/travis/build/icyphy/ptII/ptolemy/actor/lib/test/auto/SynchronizerDE.xml
3 ms. Memory: 1783296K Free: 977593K (55%)
----------------- Invoking toplevel() on ptolemy.moml.MoMLSimpleApplication@793e5dc9
----------------- Done invoking toplevel() on ptolemy.moml.MoMLSimpleApplication@793e5dc9
reloadAllAccessors: .SynchronizerDE

===========================================================================================
----------------- testing Tue Jun 05 23:01:45 UTC 2018 /home/travis/build/icyphy/ptII/ptolemy/actor/lib/test/auto/Test.xml
----------------- Instantiating /home/travis/build/icyphy/ptII/ptolemy/actor/lib/test/auto/Test.xml
2 ms. Memory: 1783296K Free: 956328K (54%)
----------------- Invoking toplevel() on ptolemy.moml.MoMLSimpleApplication@2299b8d6
----------------- Done invoking toplevel() on ptolemy.moml.MoMLSimpleApplication@2299b8d6
reloadAllAccessors: .Test

===========================================================================================
----------------- testing Tue Jun 05 23:01:45 UTC 2018 /home/travis/build/icyphy/ptII/ptolemy/actor/lib/test/auto/TestExceptionAttribute1.xml
----------------- Instantiating /home/travis/build/icyphy/ptII/ptolemy/actor/lib/test/auto/TestExceptionAttribute1.xml
1 ms. Memory: 1783296K Free: 939648K (53%)
----------------- Invoking toplevel() on ptolemy.moml.MoMLSimpleApplication@1e659546
----------------- Done invoking toplevel() on ptolemy.moml.MoMLSimpleApplication@1e659546
reloadAllAccessors: .TestExceptionAttribute1

===========================================================================================
----------------- testing Tue Jun 05 23:01:45 UTC 2018 /home/travis/build/icyphy/ptII/ptolemy/actor/lib/test/auto/TestExceptionAttribute2.xml
----------------- Instantiating /home/travis/build/icyphy/ptII/ptolemy/actor/lib/test/auto/TestExceptionAttribute2.xml
0 ms. Memory: 1783296K Free: 918383K (51%)
----------------- Invoking toplevel() on ptolemy.moml.MoMLSimpleApplication@854dbf7
----------------- Done invoking toplevel() on ptolemy.moml.MoMLSimpleApplication@854dbf7
reloadAllAccessors: .TestExceptionAttribute2

===========================================================================================
----------------- testing Tue Jun 05 23:01:45 UTC 2018 /home/travis/build/icyphy/ptII/ptolemy/actor/lib/test/auto/TestExceptionAttribute3.xml
----------------- Instantiating /home/travis/build/icyphy/ptII/ptolemy/actor/lib/test/auto/TestExceptionAttribute3.xml
.TestExceptionAttribute3.TestExceptionAttribute: initialize() was not invoked, but wrapup() was.  This is unusual, but not always a problem.  For example, exporting JNLP will do this.
0 ms. Memory: 1783296K Free: 901702K (51%)
----------------- Invoking toplevel() on ptolemy.moml.MoMLSimpleApplication@52963a37
----------------- Done invoking toplevel() on ptolemy.moml.MoMLSimpleApplication@52963a37
reloadAllAccessors: .TestExceptionAttribute3

===========================================================================================
----------------- testing Tue Jun 05 23:01:45 UTC 2018 /home/travis/build/icyphy/ptII/ptolemy/actor/lib/test/auto/TestExceptionAttribute4.xml
----------------- Instantiating /home/travis/build/icyphy/ptII/ptolemy/actor/lib/test/auto/TestExceptionAttribute4.xml
.TestExceptionAttribute4.TestExceptionAttribute: initialize() was not invoked, but wrapup() was.  This is unusual, but not always a problem.  For example, exporting JNLP will do this.
.TestExceptionAttribute4.TestExceptionAttribute2: initialize() was not invoked, but wrapup() was.  This is unusual, but not always a problem.  For example, exporting JNLP will do this.
0 ms. Memory: 1783296K Free: 880437K (49%)
----------------- Invoking toplevel() on ptolemy.moml.MoMLSimpleApplication@64ddd6d8
----------------- Done invoking toplevel() on ptolemy.moml.MoMLSimpleApplication@64ddd6d8
reloadAllAccessors: .TestExceptionAttribute4

===========================================================================================
----------------- testing Tue Jun 05 23:01:45 UTC 2018 /home/travis/build/icyphy/ptII/ptolemy/actor/lib/test/auto/TestExceptionHandler1.xml
----------------- Instantiating /home/travis/build/icyphy/ptII/ptolemy/actor/lib/test/auto/TestExceptionHandler1.xml
1 ms. Memory: 1783296K Free: 863756K (48%)
----------------- Invoking toplevel() on ptolemy.moml.MoMLSimpleApplication@71b6909d
----------------- Done invoking toplevel() on ptolemy.moml.MoMLSimpleApplication@71b6909d
reloadAllAccessors: .TestExceptionHandler1

===========================================================================================
----------------- testing Tue Jun 05 23:01:45 UTC 2018 /home/travis/build/icyphy/ptII/ptolemy/actor/lib/test/auto/TestExceptionHandler2.xml
----------------- Instantiating /home/travis/build/icyphy/ptII/ptolemy/actor/lib/test/auto/TestExceptionHandler2.xml
1 ms. Memory: 1783296K Free: 842491K (47%)
----------------- Invoking toplevel() on ptolemy.moml.MoMLSimpleApplication@72cb3fde
----------------- Done invoking toplevel() on ptolemy.moml.MoMLSimpleApplication@72cb3fde
reloadAllAccessors: .TestExceptionHandler2

===========================================================================================
----------------- testing Tue Jun 05 23:01:45 UTC 2018 /home/travis/build/icyphy/ptII/ptolemy/actor/lib/test/auto/TestExceptionHandler3.xml
----------------- Instantiating /home/travis/build/icyphy/ptII/ptolemy/actor/lib/test/auto/TestExceptionHandler3.xml
0 ms. Memory: 1783296K Free: 825810K (46%)
----------------- Invoking toplevel() on ptolemy.moml.MoMLSimpleApplication@75dc4356
----------------- Done invoking toplevel() on ptolemy.moml.MoMLSimpleApplication@75dc4356
reloadAllAccessors: .TestExceptionHandler3

===========================================================================================
----------------- testing Tue Jun 05 23:01:45 UTC 2018 /home/travis/build/icyphy/ptII/ptolemy/actor/lib/test/auto/TestExceptionHandler4.xml
----------------- Instantiating /home/travis/build/icyphy/ptII/ptolemy/actor/lib/test/auto/TestExceptionHandler4.xml
1 ms. Memory: 1783296K Free: 804545K (45%)
----------------- Invoking toplevel() on ptolemy.moml.MoMLSimpleApplication@4a725521
----------------- Done invoking toplevel() on ptolemy.moml.MoMLSimpleApplication@4a725521
reloadAllAccessors: .TestExceptionHandler4

===========================================================================================
----------------- testing Tue Jun 05 23:01:45 UTC 2018 /home/travis/build/icyphy/ptII/ptolemy/actor/lib/test/auto/TestRequireCorrectOrder.xml
----------------- Instantiating /home/travis/build/icyphy/ptII/ptolemy/actor/lib/test/auto/TestRequireCorrectOrder.xml
2 ms. Memory: 1783296K Free: 783281K (44%)
----------------- Invoking toplevel() on ptolemy.moml.MoMLSimpleApplication@5fcfed72
----------------- Done invoking toplevel() on ptolemy.moml.MoMLSimpleApplication@5fcfed72
reloadAllAccessors: .TestRequireCorrectOrder

===========================================================================================
----------------- testing Tue Jun 05 23:01:45 UTC 2018 /home/travis/build/icyphy/ptII/ptolemy/actor/lib/test/auto/TestSimple.xml
----------------- Instantiating /home/travis/build/icyphy/ptII/ptolemy/actor/lib/test/auto/TestSimple.xml
1 ms. Memory: 1783296K Free: 766600K (43%)
----------------- Invoking toplevel() on ptolemy.moml.MoMLSimpleApplication@4a5c05ff
----------------- Done invoking toplevel() on ptolemy.moml.MoMLSimpleApplication@4a5c05ff
reloadAllAccessors: .TestSimple

===========================================================================================
----------------- testing Tue Jun 05 23:01:45 UTC 2018 /home/travis/build/icyphy/ptII/ptolemy/actor/lib/test/auto/ThrowModelError.xml
----------------- Instantiating /home/travis/build/icyphy/ptII/ptolemy/actor/lib/test/auto/ThrowModelError.xml
1 ms. Memory: 1783296K Free: 745335K (42%)
----------------- Invoking toplevel() on ptolemy.moml.MoMLSimpleApplication@45bbab6
----------------- Done invoking toplevel() on ptolemy.moml.MoMLSimpleApplication@45bbab6
reloadAllAccessors: .ThrowModelError

===========================================================================================
----------------- testing Tue Jun 05 23:01:45 UTC 2018 /home/travis/build/icyphy/ptII/ptolemy/actor/lib/test/auto/TimeDelayMicrosteps.xml
----------------- Instantiating /home/travis/build/icyphy/ptII/ptolemy/actor/lib/test/auto/TimeDelayMicrosteps.xml
3 ms. Memory: 1783296K Free: 728654K (41%)
----------------- Invoking toplevel() on ptolemy.moml.MoMLSimpleApplication@6fd3ad24
----------------- Done invoking toplevel() on ptolemy.moml.MoMLSimpleApplication@6fd3ad24
reloadAllAccessors: .TimeDelayMicrosteps

===========================================================================================
----------------- testing Tue Jun 05 23:01:45 UTC 2018 /home/travis/build/icyphy/ptII/ptolemy/actor/lib/test/auto/TimeDelayMicrosteps2.xml
----------------- Instantiating /home/travis/build/icyphy/ptII/ptolemy/actor/lib/test/auto/TimeDelayMicrosteps2.xml
3 ms. Memory: 1783296K Free: 707389K (40%)
----------------- Invoking toplevel() on ptolemy.moml.MoMLSimpleApplication@34541c98
----------------- Done invoking toplevel() on ptolemy.moml.MoMLSimpleApplication@34541c98
reloadAllAccessors: .TimeDelayMicrosteps2

===========================================================================================
----------------- testing Tue Jun 05 23:01:45 UTC 2018 /home/travis/build/icyphy/ptII/ptolemy/actor/lib/test/auto/TimeDelayMicrosteps3.xml
----------------- Instantiating /home/travis/build/icyphy/ptII/ptolemy/actor/lib/test/auto/TimeDelayMicrosteps3.xml
2 ms. Memory: 1783296K Free: 690709K (39%)
----------------- Invoking toplevel() on ptolemy.moml.MoMLSimpleApplication@7ed09804
----------------- Done invoking toplevel() on ptolemy.moml.MoMLSimpleApplication@7ed09804
reloadAllAccessors: .TimeDelayMicrosteps3

===========================================================================================
----------------- testing Tue Jun 05 23:01:45 UTC 2018 /home/travis/build/icyphy/ptII/ptolemy/actor/lib/test/auto/TimeDelayVariableMicrosteps.xml
----------------- Instantiating /home/travis/build/icyphy/ptII/ptolemy/actor/lib/test/auto/TimeDelayVariableMicrosteps.xml
2 ms. Memory: 1783296K Free: 669444K (38%)
----------------- Invoking toplevel() on ptolemy.moml.MoMLSimpleApplication@66697d01
----------------- Done invoking toplevel() on ptolemy.moml.MoMLSimpleApplication@66697d01
reloadAllAccessors: .TimeDelayVariableMicrosteps

===========================================================================================
----------------- testing Tue Jun 05 23:01:45 UTC 2018 /home/travis/build/icyphy/ptII/ptolemy/actor/lib/test/auto/TimeGap.xml
----------------- Instantiating /home/travis/build/icyphy/ptII/ptolemy/actor/lib/test/auto/TimeGap.xml
2 ms. Memory: 1783296K Free: 652763K (37%)
----------------- Invoking toplevel() on ptolemy.moml.MoMLSimpleApplication@512a4410
----------------- Done invoking toplevel() on ptolemy.moml.MoMLSimpleApplication@512a4410
reloadAllAccessors: .TimeGap

===========================================================================================
----------------- testing Tue Jun 05 23:01:45 UTC 2018 /home/travis/build/icyphy/ptII/ptolemy/actor/lib/test/auto/TimeGap2.xml
----------------- Instantiating /home/travis/build/icyphy/ptII/ptolemy/actor/lib/test/auto/TimeGap2.xml
1 ms. Memory: 1783296K Free: 631498K (35%)
----------------- Invoking toplevel() on ptolemy.moml.MoMLSimpleApplication@4b79a859
----------------- Done invoking toplevel() on ptolemy.moml.MoMLSimpleApplication@4b79a859
reloadAllAccessors: .TimeGap2

===========================================================================================
----------------- testing Tue Jun 05 23:01:45 UTC 2018 /home/travis/build/icyphy/ptII/ptolemy/actor/lib/test/auto/TimedSinewave.xml
----------------- Instantiating /home/travis/build/icyphy/ptII/ptolemy/actor/lib/test/auto/TimedSinewave.xml
12 ms. Memory: 1783296K Free: 606460K (34%)
----------------- Invoking toplevel() on ptolemy.moml.MoMLSimpleApplication@6e0a078f
----------------- Done invoking toplevel() on ptolemy.moml.MoMLSimpleApplication@6e0a078f
reloadAllAccessors: .TimedSinewave

===========================================================================================
----------------- testing Tue Jun 05 23:01:45 UTC 2018 /home/travis/build/icyphy/ptII/ptolemy/actor/lib/test/auto/TimedSinewavePhase.xml
----------------- Instantiating /home/travis/build/icyphy/ptII/ptolemy/actor/lib/test/auto/TimedSinewavePhase.xml
8 ms. Memory: 1783296K Free: 585195K (33%)
----------------- Invoking toplevel() on ptolemy.moml.MoMLSimpleApplication@7b402f92
----------------- Done invoking toplevel() on ptolemy.moml.MoMLSimpleApplication@7b402f92
reloadAllAccessors: .TimedSinewavePhase

===========================================================================================
----------------- testing Tue Jun 05 23:01:45 UTC 2018 /home/travis/build/icyphy/ptII/ptolemy/actor/lib/test/auto/Timer.xml
----------------- Instantiating /home/travis/build/icyphy/ptII/ptolemy/actor/lib/test/auto/Timer.xml
1 ms. Memory: 1783296K Free: 563931K (32%)
----------------- Invoking toplevel() on ptolemy.moml.MoMLSimpleApplication@17159d3b
----------------- Done invoking toplevel() on ptolemy.moml.MoMLSimpleApplication@17159d3b
reloadAllAccessors: .Timer

===========================================================================================
----------------- testing Tue Jun 05 23:01:45 UTC 2018 /home/travis/build/icyphy/ptII/ptolemy/actor/lib/test/auto/TriangularDistTestModel.xml
----------------- Instantiating /home/travis/build/icyphy/ptII/ptolemy/actor/lib/test/auto/TriangularDistTestModel.xml
2 ms. Memory: 1783296K Free: 547250K (31%)
----------------- Invoking toplevel() on ptolemy.moml.MoMLSimpleApplication@1bcbcfcc
----------------- Done invoking toplevel() on ptolemy.moml.MoMLSimpleApplication@1bcbcfcc
reloadAllAccessors: .TriangularDistTestModel

===========================================================================================
----------------- testing Tue Jun 05 23:01:45 UTC 2018 /home/travis/build/icyphy/ptII/ptolemy/actor/lib/test/auto/TrigFunction.xml
----------------- Instantiating /home/travis/build/icyphy/ptII/ptolemy/actor/lib/test/auto/TrigFunction.xml
2 ms. Memory: 1783296K Free: 525985K (29%)
----------------- Invoking toplevel() on ptolemy.moml.MoMLSimpleApplication@2c7fc461
----------------- Done invoking toplevel() on ptolemy.moml.MoMLSimpleApplication@2c7fc461
reloadAllAccessors: .TrigFunction

===========================================================================================
----------------- testing Tue Jun 05 23:01:45 UTC 2018 /home/travis/build/icyphy/ptII/ptolemy/actor/lib/test/auto/TrigFunctionDE.xml
----------------- Instantiating /home/travis/build/icyphy/ptII/ptolemy/actor/lib/test/auto/TrigFunctionDE.xml
1 ms. Memory: 1783296K Free: 509304K (29%)
----------------- Invoking toplevel() on ptolemy.moml.MoMLSimpleApplication@7b509cbc
----------------- Done invoking toplevel() on ptolemy.moml.MoMLSimpleApplication@7b509cbc
reloadAllAccessors: .TrigFunctionDE

===========================================================================================
----------------- testing Tue Jun 05 23:01:45 UTC 2018 /home/travis/build/icyphy/ptII/ptolemy/actor/lib/test/auto/TrigFunctionInverse.xml
----------------- Instantiating /home/travis/build/icyphy/ptII/ptolemy/actor/lib/test/auto/TrigFunctionInverse.xml
2 ms. Memory: 1783296K Free: 488039K (27%)
----------------- Invoking toplevel() on ptolemy.moml.MoMLSimpleApplication@445e01d4
----------------- Done invoking toplevel() on ptolemy.moml.MoMLSimpleApplication@445e01d4
reloadAllAccessors: .TrigFunctionInverse

===========================================================================================
----------------- testing Tue Jun 05 23:01:45 UTC 2018 /home/travis/build/icyphy/ptII/ptolemy/actor/lib/test/auto/TrigFunctionTan.xml
----------------- Instantiating /home/travis/build/icyphy/ptII/ptolemy/actor/lib/test/auto/TrigFunctionTan.xml
2 ms. Memory: 1783296K Free: 471358K (26%)
----------------- Invoking toplevel() on ptolemy.moml.MoMLSimpleApplication@435ed369
----------------- Done invoking toplevel() on ptolemy.moml.MoMLSimpleApplication@435ed369
reloadAllAccessors: .TrigFunctionTan

===========================================================================================
----------------- testing Tue Jun 05 23:01:45 UTC 2018 /home/travis/build/icyphy/ptII/ptolemy/actor/lib/test/auto/TriggeredClock.xml
----------------- Instantiating /home/travis/build/icyphy/ptII/ptolemy/actor/lib/test/auto/TriggeredClock.xml
1 ms. Memory: 1783296K Free: 450094K (25%)
----------------- Invoking toplevel() on ptolemy.moml.MoMLSimpleApplication@4d5e1944
----------------- Done invoking toplevel() on ptolemy.moml.MoMLSimpleApplication@4d5e1944
reloadAllAccessors: .TriggeredClock

===========================================================================================
----------------- testing Tue Jun 05 23:01:45 UTC 2018 /home/travis/build/icyphy/ptII/ptolemy/actor/lib/test/auto/URLDirectoryReader.xml
----------------- Instantiating /home/travis/build/icyphy/ptII/ptolemy/actor/lib/test/auto/URLDirectoryReader.xml
24 ms. Memory: 1783296K Free: 433413K (24%)
----------------- Invoking toplevel() on ptolemy.moml.MoMLSimpleApplication@e4f6d12
----------------- Done invoking toplevel() on ptolemy.moml.MoMLSimpleApplication@e4f6d12
reloadAllAccessors: .URLDirectoryReader

===========================================================================================
----------------- testing Tue Jun 05 23:01:45 UTC 2018 /home/travis/build/icyphy/ptII/ptolemy/actor/lib/test/auto/URLDirectoryReader3.xml
----------------- Instantiating /home/travis/build/icyphy/ptII/ptolemy/actor/lib/test/auto/URLDirectoryReader3.xml
1312 ms. Memory: 1783296K Free: 370444K (21%)
----------------- Invoking toplevel() on ptolemy.moml.MoMLSimpleApplication@445fade5
----------------- Done invoking toplevel() on ptolemy.moml.MoMLSimpleApplication@445fade5
reloadAllAccessors: .URLDirectoryReader3

===========================================================================================
----------------- testing Tue Jun 05 23:01:47 UTC 2018 /home/travis/build/icyphy/ptII/ptolemy/actor/lib/test/auto/UnaryMathFunction.xml
----------------- Instantiating /home/travis/build/icyphy/ptII/ptolemy/actor/lib/test/auto/UnaryMathFunction.xml
2 ms. Memory: 1783296K Free: 349179K (20%)
----------------- Invoking toplevel() on ptolemy.moml.MoMLSimpleApplication@393695ef
----------------- Done invoking toplevel() on ptolemy.moml.MoMLSimpleApplication@393695ef
reloadAllAccessors: .UnaryMathFunction

===========================================================================================
----------------- testing Tue Jun 05 23:01:47 UTC 2018 /home/travis/build/icyphy/ptII/ptolemy/actor/lib/test/auto/Uniform.xml
----------------- Instantiating /home/travis/build/icyphy/ptII/ptolemy/actor/lib/test/auto/Uniform.xml
9 ms. Memory: 1783296K Free: 332498K (19%)
----------------- Invoking toplevel() on ptolemy.moml.MoMLSimpleApplication@18dc9e4e
----------------- Done invoking toplevel() on ptolemy.moml.MoMLSimpleApplication@18dc9e4e
reloadAllAccessors: .Uniform

===========================================================================================
----------------- testing Tue Jun 05 23:01:47 UTC 2018 /home/travis/build/icyphy/ptII/ptolemy/actor/lib/test/auto/UnionDisassemblerTest.xml
----------------- Instantiating /home/travis/build/icyphy/ptII/ptolemy/actor/lib/test/auto/UnionDisassemblerTest.xml
10 ms. Memory: 1783296K Free: 311233K (17%)
----------------- Invoking toplevel() on ptolemy.moml.MoMLSimpleApplication@4391523b
----------------- Done invoking toplevel() on ptolemy.moml.MoMLSimpleApplication@4391523b
reloadAllAccessors: .UnionDisassemblerTest

===========================================================================================
----------------- testing Tue Jun 05 23:01:47 UTC 2018 /home/travis/build/icyphy/ptII/ptolemy/actor/lib/test/auto/UtilityFunctions.xml
----------------- Instantiating /home/travis/build/icyphy/ptII/ptolemy/actor/lib/test/auto/UtilityFunctions.xml
13 ms. Memory: 1783296K Free: 294552K (17%)
----------------- Invoking toplevel() on ptolemy.moml.MoMLSimpleApplication@25bb69f1
----------------- Done invoking toplevel() on ptolemy.moml.MoMLSimpleApplication@25bb69f1
reloadAllAccessors: .UtilityFunctions

===========================================================================================
----------------- testing Tue Jun 05 23:01:47 UTC 2018 /home/travis/build/icyphy/ptII/ptolemy/actor/lib/test/auto/VariableSleep.xml
----------------- Instantiating /home/travis/build/icyphy/ptII/ptolemy/actor/lib/test/auto/VariableSleep.xml
505 ms. Memory: 1783296K Free: 273287K (15%)
----------------- Invoking toplevel() on ptolemy.moml.MoMLSimpleApplication@27151621
----------------- Done invoking toplevel() on ptolemy.moml.MoMLSimpleApplication@27151621
reloadAllAccessors: .VariableSleep

===========================================================================================
----------------- testing Tue Jun 05 23:01:48 UTC 2018 /home/travis/build/icyphy/ptII/ptolemy/actor/lib/test/auto/VectorAssemblerDisassemblerCT.xml
----------------- Instantiating /home/travis/build/icyphy/ptII/ptolemy/actor/lib/test/auto/VectorAssemblerDisassemblerCT.xml
60 ms. Memory: 1783296K Free: 239909K (13%)
----------------- Invoking toplevel() on ptolemy.moml.MoMLSimpleApplication@187fa1aa
----------------- Done invoking toplevel() on ptolemy.moml.MoMLSimpleApplication@187fa1aa
reloadAllAccessors: .VectorAssemblerDisassemblerCT

===========================================================================================
----------------- testing Tue Jun 05 23:01:48 UTC 2018 /home/travis/build/icyphy/ptII/ptolemy/actor/lib/test/auto/VectorAssemblerDisassemblerDE.xml
----------------- Instantiating /home/travis/build/icyphy/ptII/ptolemy/actor/lib/test/auto/VectorAssemblerDisassemblerDE.xml
3 ms. Memory: 1783296K Free: 218645K (12%)
----------------- Invoking toplevel() on ptolemy.moml.MoMLSimpleApplication@12fd220f
----------------- Done invoking toplevel() on ptolemy.moml.MoMLSimpleApplication@12fd220f
reloadAllAccessors: .VectorAssemblerDisassemblerDE

===========================================================================================
----------------- testing Tue Jun 05 23:01:48 UTC 2018 /home/travis/build/icyphy/ptII/ptolemy/actor/lib/test/auto/VectorAssemblerDisassemblerSDF.xml
----------------- Instantiating /home/travis/build/icyphy/ptII/ptolemy/actor/lib/test/auto/VectorAssemblerDisassemblerSDF.xml
3 ms. Memory: 1783296K Free: 201964K (11%)
----------------- Invoking toplevel() on ptolemy.moml.MoMLSimpleApplication@367cd52a
----------------- Done invoking toplevel() on ptolemy.moml.MoMLSimpleApplication@367cd52a
reloadAllAccessors: .VectorAssemblerDisassemblerSDF

===========================================================================================
----------------- testing Tue Jun 05 23:01:48 UTC 2018 /home/travis/build/icyphy/ptII/ptolemy/actor/lib/test/auto/WallClockTime.xml
----------------- Instantiating /home/travis/build/icyphy/ptII/ptolemy/actor/lib/test/auto/WallClockTime.xml
1007 ms. Memory: 1783296K Free: 180699K (10%)
----------------- Invoking toplevel() on ptolemy.moml.MoMLSimpleApplication@23657d85
----------------- Done invoking toplevel() on ptolemy.moml.MoMLSimpleApplication@23657d85
reloadAllAccessors: .WallClockTime

===========================================================================================
----------------- testing Tue Jun 05 23:01:49 UTC 2018 /home/travis/build/icyphy/ptII/ptolemy/actor/lib/test/auto/WidthTestWithSubscriberPublisher.xml
----------------- Instantiating /home/travis/build/icyphy/ptII/ptolemy/actor/lib/test/auto/WidthTestWithSubscriberPublisher.xml
7 ms. Memory: 1783296K Free: 151078K (8%)
----------------- Invoking toplevel() on ptolemy.moml.MoMLSimpleApplication@49c185ae
----------------- Done invoking toplevel() on ptolemy.moml.MoMLSimpleApplication@49c185ae
reloadAllAccessors: .WidthTestWithSubscriberPublisher

===========================================================================================
----------------- testing Tue Jun 05 23:01:49 UTC 2018 /home/travis/build/icyphy/ptII/ptolemy/actor/lib/test/auto/WidthTestWithSubscriberPublisher2.xml
----------------- Instantiating /home/travis/build/icyphy/ptII/ptolemy/actor/lib/test/auto/WidthTestWithSubscriberPublisher2.xml
2 ms. Memory: 1783296K Free: 134397K (8%)
----------------- Invoking toplevel() on ptolemy.moml.MoMLSimpleApplication@383ca59e
----------------- Done invoking toplevel() on ptolemy.moml.MoMLSimpleApplication@383ca59e
reloadAllAccessors: .WidthTestWithSubscriberPublisher2

===========================================================================================
----------------- testing Tue Jun 05 23:01:49 UTC 2018 /home/travis/build/icyphy/ptII/ptolemy/actor/lib/test/auto/WidthTestWithSubscriberPublisher3.xml
----------------- Instantiating /home/travis/build/icyphy/ptII/ptolemy/actor/lib/test/auto/WidthTestWithSubscriberPublisher3.xml
2 ms. Memory: 1783296K Free: 113132K (6%)
----------------- Invoking toplevel() on ptolemy.moml.MoMLSimpleApplication@52b36321
----------------- Done invoking toplevel() on ptolemy.moml.MoMLSimpleApplication@52b36321
reloadAllAccessors: .WidthTestWithSubscriberPublisher3

===========================================================================================
----------------- testing Tue Jun 05 23:01:49 UTC 2018 /home/travis/build/icyphy/ptII/ptolemy/actor/lib/test/auto/Writer.xml
----------------- Instantiating /home/travis/build/icyphy/ptII/ptolemy/actor/lib/test/auto/Writer.xml
0
1
2
3
4
2 ms. Memory: 1783296K Free: 96451K (5%)
----------------- Invoking toplevel() on ptolemy.moml.MoMLSimpleApplication@787a5c8e
----------------- Done invoking toplevel() on ptolemy.moml.MoMLSimpleApplication@787a5c8e
reloadAllAccessors: .Writer

===========================================================================================
----------------- testing Tue Jun 05 23:01:49 UTC 2018 /home/travis/build/icyphy/ptII/ptolemy/actor/lib/test/auto/array.xml
----------------- Instantiating /home/travis/build/icyphy/ptII/ptolemy/actor/lib/test/auto/array.xml
2 ms. Memory: 1783296K Free: 75251K (4%)
----------------- Invoking toplevel() on ptolemy.moml.MoMLSimpleApplication@57bb918c
----------------- Done invoking toplevel() on ptolemy.moml.MoMLSimpleApplication@57bb918c
reloadAllAccessors: .array

===========================================================================================
----------------- testing Tue Jun 05 23:01:49 UTC 2018 /home/travis/build/icyphy/ptII/ptolemy/actor/lib/test/auto/array2.xml
----------------- Instantiating /home/travis/build/icyphy/ptII/ptolemy/actor/lib/test/auto/array2.xml
6 ms. Memory: 1784320K Free: 1720485K (96%)
----------------- Invoking toplevel() on ptolemy.moml.MoMLSimpleApplication@3ea6e383
----------------- Done invoking toplevel() on ptolemy.moml.MoMLSimpleApplication@3ea6e383
reloadAllAccessors: .array2

===========================================================================================
----------------- testing Tue Jun 05 23:01:49 UTC 2018 /home/travis/build/icyphy/ptII/ptolemy/actor/lib/test/auto/arrayType.xml
----------------- Instantiating /home/travis/build/icyphy/ptII/ptolemy/actor/lib/test/auto/arrayType.xml
1 ms. Memory: 1784320K Free: 1699543K (95%)
----------------- Invoking toplevel() on ptolemy.moml.MoMLSimpleApplication@4f7ab8a8
----------------- Done invoking toplevel() on ptolemy.moml.MoMLSimpleApplication@4f7ab8a8
reloadAllAccessors: .arrayType

===========================================================================================
----------------- testing Tue Jun 05 23:01:49 UTC 2018 /home/travis/build/icyphy/ptII/ptolemy/actor/lib/test/auto/arrayType10.xml
----------------- Instantiating /home/travis/build/icyphy/ptII/ptolemy/actor/lib/test/auto/arrayType10.xml
1 ms. Memory: 1784320K Free: 1678601K (94%)
----------------- Invoking toplevel() on ptolemy.moml.MoMLSimpleApplication@37332c3
----------------- Done invoking toplevel() on ptolemy.moml.MoMLSimpleApplication@37332c3
reloadAllAccessors: .arrayType10

===========================================================================================
----------------- testing Tue Jun 05 23:01:49 UTC 2018 /home/travis/build/icyphy/ptII/ptolemy/actor/lib/test/auto/arrayType11.xml
----------------- Instantiating /home/travis/build/icyphy/ptII/ptolemy/actor/lib/test/auto/arrayType11.xml
1 ms. Memory: 1784320K Free: 1661920K (93%)
----------------- Invoking toplevel() on ptolemy.moml.MoMLSimpleApplication@6dea30aa
----------------- Done invoking toplevel() on ptolemy.moml.MoMLSimpleApplication@6dea30aa
reloadAllAccessors: .arrayType11

===========================================================================================
----------------- testing Tue Jun 05 23:01:49 UTC 2018 /home/travis/build/icyphy/ptII/ptolemy/actor/lib/test/auto/arrayType12.xml
----------------- Instantiating /home/travis/build/icyphy/ptII/ptolemy/actor/lib/test/auto/arrayType12.xml
1 ms. Memory: 1784320K Free: 1640978K (92%)
----------------- Invoking toplevel() on ptolemy.moml.MoMLSimpleApplication@3d131307
----------------- Done invoking toplevel() on ptolemy.moml.MoMLSimpleApplication@3d131307
reloadAllAccessors: .arrayType12

===========================================================================================
----------------- testing Tue Jun 05 23:01:49 UTC 2018 /home/travis/build/icyphy/ptII/ptolemy/actor/lib/test/auto/arrayType13.xml
----------------- Instantiating /home/travis/build/icyphy/ptII/ptolemy/actor/lib/test/auto/arrayType13.xml
1 ms. Memory: 1784320K Free: 1624297K (91%)
----------------- Invoking toplevel() on ptolemy.moml.MoMLSimpleApplication@6481082
----------------- Done invoking toplevel() on ptolemy.moml.MoMLSimpleApplication@6481082
reloadAllAccessors: .arrayType13

===========================================================================================
----------------- testing Tue Jun 05 23:01:49 UTC 2018 /home/travis/build/icyphy/ptII/ptolemy/actor/lib/test/auto/arrayType14.xml
----------------- Instantiating /home/travis/build/icyphy/ptII/ptolemy/actor/lib/test/auto/arrayType14.xml
1 ms. Memory: 1784320K Free: 1603355K (90%)
----------------- Invoking toplevel() on ptolemy.moml.MoMLSimpleApplication@5598b10c
----------------- Done invoking toplevel() on ptolemy.moml.MoMLSimpleApplication@5598b10c
reloadAllAccessors: .arrayType14

===========================================================================================
----------------- testing Tue Jun 05 23:01:49 UTC 2018 /home/travis/build/icyphy/ptII/ptolemy/actor/lib/test/auto/arrayType15.xml
----------------- Instantiating /home/travis/build/icyphy/ptII/ptolemy/actor/lib/test/auto/arrayType15.xml
1 ms. Memory: 1784320K Free: 1582413K (89%)
----------------- Invoking toplevel() on ptolemy.moml.MoMLSimpleApplication@700da3b8
----------------- Done invoking toplevel() on ptolemy.moml.MoMLSimpleApplication@700da3b8
reloadAllAccessors: .arrayType15

===========================================================================================
----------------- testing Tue Jun 05 23:01:49 UTC 2018 /home/travis/build/icyphy/ptII/ptolemy/actor/lib/test/auto/arrayType16.xml
----------------- Instantiating /home/travis/build/icyphy/ptII/ptolemy/actor/lib/test/auto/arrayType16.xml
1 ms. Memory: 1784320K Free: 1565732K (88%)
----------------- Invoking toplevel() on ptolemy.moml.MoMLSimpleApplication@6ed53689
----------------- Done invoking toplevel() on ptolemy.moml.MoMLSimpleApplication@6ed53689
reloadAllAccessors: .arrayType16

===========================================================================================
----------------- testing Tue Jun 05 23:01:49 UTC 2018 /home/travis/build/icyphy/ptII/ptolemy/actor/lib/test/auto/arrayType17.xml
----------------- Instantiating /home/travis/build/icyphy/ptII/ptolemy/actor/lib/test/auto/arrayType17.xml
1 ms. Memory: 1784320K Free: 1544791K (87%)
----------------- Invoking toplevel() on ptolemy.moml.MoMLSimpleApplication@76d6446
----------------- Done invoking toplevel() on ptolemy.moml.MoMLSimpleApplication@76d6446
reloadAllAccessors: .arrayType17

===========================================================================================
----------------- testing Tue Jun 05 23:01:49 UTC 2018 /home/travis/build/icyphy/ptII/ptolemy/actor/lib/test/auto/arrayType18.xml
----------------- Instantiating /home/travis/build/icyphy/ptII/ptolemy/actor/lib/test/auto/arrayType18.xml
1 ms. Memory: 1784320K Free: 1528110K (86%)
----------------- Invoking toplevel() on ptolemy.moml.MoMLSimpleApplication@77f3fef0
----------------- Done invoking toplevel() on ptolemy.moml.MoMLSimpleApplication@77f3fef0
reloadAllAccessors: .arrayType18

===========================================================================================
----------------- testing Tue Jun 05 23:01:49 UTC 2018 /home/travis/build/icyphy/ptII/ptolemy/actor/lib/test/auto/arrayType19.xml
----------------- Instantiating /home/travis/build/icyphy/ptII/ptolemy/actor/lib/test/auto/arrayType19.xml
1 ms. Memory: 1784320K Free: 1507128K (84%)
----------------- Invoking toplevel() on ptolemy.moml.MoMLSimpleApplication@47cc4dce
----------------- Done invoking toplevel() on ptolemy.moml.MoMLSimpleApplication@47cc4dce
reloadAllAccessors: .arrayType19

===========================================================================================
----------------- testing Tue Jun 05 23:01:49 UTC 2018 /home/travis/build/icyphy/ptII/ptolemy/actor/lib/test/auto/arrayType2.xml
----------------- Instantiating /home/travis/build/icyphy/ptII/ptolemy/actor/lib/test/auto/arrayType2.xml
2 ms. Memory: 1784320K Free: 1486186K (83%)
----------------- Invoking toplevel() on ptolemy.moml.MoMLSimpleApplication@3da5ffc9
----------------- Done invoking toplevel() on ptolemy.moml.MoMLSimpleApplication@3da5ffc9
reloadAllAccessors: .arrayType2

===========================================================================================
----------------- testing Tue Jun 05 23:01:49 UTC 2018 /home/travis/build/icyphy/ptII/ptolemy/actor/lib/test/auto/arrayType20.xml
----------------- Instantiating /home/travis/build/icyphy/ptII/ptolemy/actor/lib/test/auto/arrayType20.xml
1 ms. Memory: 1784320K Free: 1469505K (82%)
----------------- Invoking toplevel() on ptolemy.moml.MoMLSimpleApplication@a1722e8
----------------- Done invoking toplevel() on ptolemy.moml.MoMLSimpleApplication@a1722e8
reloadAllAccessors: .arrayType20

===========================================================================================
----------------- testing Tue Jun 05 23:01:49 UTC 2018 /home/travis/build/icyphy/ptII/ptolemy/actor/lib/test/auto/arrayType21.xml
----------------- Instantiating /home/travis/build/icyphy/ptII/ptolemy/actor/lib/test/auto/arrayType21.xml
3 ms. Memory: 1784320K Free: 1448563K (81%)
----------------- Invoking toplevel() on ptolemy.moml.MoMLSimpleApplication@3a21f69e
----------------- Done invoking toplevel() on ptolemy.moml.MoMLSimpleApplication@3a21f69e
reloadAllAccessors: .arrayType21

===========================================================================================
----------------- testing Tue Jun 05 23:01:49 UTC 2018 /home/travis/build/icyphy/ptII/ptolemy/actor/lib/test/auto/arrayType22.xml
----------------- Instantiating /home/travis/build/icyphy/ptII/ptolemy/actor/lib/test/auto/arrayType22.xml
1 ms. Memory: 1784320K Free: 1427621K (80%)
----------------- Invoking toplevel() on ptolemy.moml.MoMLSimpleApplication@7942a1ab
----------------- Done invoking toplevel() on ptolemy.moml.MoMLSimpleApplication@7942a1ab
reloadAllAccessors: .arrayType22

===========================================================================================
----------------- testing Tue Jun 05 23:01:49 UTC 2018 /home/travis/build/icyphy/ptII/ptolemy/actor/lib/test/auto/arrayType23.xml
----------------- Instantiating /home/travis/build/icyphy/ptII/ptolemy/actor/lib/test/auto/arrayType23.xml
1 ms. Memory: 1784320K Free: 1410940K (79%)
----------------- Invoking toplevel() on ptolemy.moml.MoMLSimpleApplication@1b06dbb2
----------------- Done invoking toplevel() on ptolemy.moml.MoMLSimpleApplication@1b06dbb2
reloadAllAccessors: .arrayType23

===========================================================================================
----------------- testing Tue Jun 05 23:01:49 UTC 2018 /home/travis/build/icyphy/ptII/ptolemy/actor/lib/test/auto/arrayType24.xml
----------------- Instantiating /home/travis/build/icyphy/ptII/ptolemy/actor/lib/test/auto/arrayType24.xml
1 ms. Memory: 1784320K Free: 1389999K (78%)
----------------- Invoking toplevel() on ptolemy.moml.MoMLSimpleApplication@47feedf3
----------------- Done invoking toplevel() on ptolemy.moml.MoMLSimpleApplication@47feedf3
reloadAllAccessors: .arrayType24

===========================================================================================
----------------- testing Tue Jun 05 23:01:49 UTC 2018 /home/travis/build/icyphy/ptII/ptolemy/actor/lib/test/auto/arrayType25.xml
----------------- Instantiating /home/travis/build/icyphy/ptII/ptolemy/actor/lib/test/auto/arrayType25.xml
1 ms. Memory: 1784320K Free: 1373318K (77%)
----------------- Invoking toplevel() on ptolemy.moml.MoMLSimpleApplication@7784a4af
----------------- Done invoking toplevel() on ptolemy.moml.MoMLSimpleApplication@7784a4af
reloadAllAccessors: .arrayType25

===========================================================================================
----------------- testing Tue Jun 05 23:01:49 UTC 2018 /home/travis/build/icyphy/ptII/ptolemy/actor/lib/test/auto/arrayType26.xml
----------------- Instantiating /home/travis/build/icyphy/ptII/ptolemy/actor/lib/test/auto/arrayType26.xml
1 ms. Memory: 1784320K Free: 1352376K (76%)
----------------- Invoking toplevel() on ptolemy.moml.MoMLSimpleApplication@5bdc2641
----------------- Done invoking toplevel() on ptolemy.moml.MoMLSimpleApplication@5bdc2641
reloadAllAccessors: .arrayType26

===========================================================================================
----------------- testing Tue Jun 05 23:01:49 UTC 2018 /home/travis/build/icyphy/ptII/ptolemy/actor/lib/test/auto/arrayType27.xml
----------------- Instantiating /home/travis/build/icyphy/ptII/ptolemy/actor/lib/test/auto/arrayType27.xml
1 ms. Memory: 1784320K Free: 1331434K (75%)
----------------- Invoking toplevel() on ptolemy.moml.MoMLSimpleApplication@51f221e0
----------------- Done invoking toplevel() on ptolemy.moml.MoMLSimpleApplication@51f221e0
reloadAllAccessors: .arrayType27

===========================================================================================
----------------- testing Tue Jun 05 23:01:49 UTC 2018 /home/travis/build/icyphy/ptII/ptolemy/actor/lib/test/auto/arrayType28.xml
----------------- Instantiating /home/travis/build/icyphy/ptII/ptolemy/actor/lib/test/auto/arrayType28.xml
2 ms. Memory: 1784320K Free: 1314753K (74%)
----------------- Invoking toplevel() on ptolemy.moml.MoMLSimpleApplication@1095ae81
----------------- Done invoking toplevel() on ptolemy.moml.MoMLSimpleApplication@1095ae81
reloadAllAccessors: .arrayType28

===========================================================================================
----------------- testing Tue Jun 05 23:01:49 UTC 2018 /home/travis/build/icyphy/ptII/ptolemy/actor/lib/test/auto/arrayType3.xml
----------------- Instantiating /home/travis/build/icyphy/ptII/ptolemy/actor/lib/test/auto/arrayType3.xml
2 ms. Memory: 1784320K Free: 1293811K (73%)
----------------- Invoking toplevel() on ptolemy.moml.MoMLSimpleApplication@4a25508e
----------------- Done invoking toplevel() on ptolemy.moml.MoMLSimpleApplication@4a25508e
reloadAllAccessors: .arrayType3

===========================================================================================
----------------- testing Tue Jun 05 23:01:49 UTC 2018 /home/travis/build/icyphy/ptII/ptolemy/actor/lib/test/auto/arrayType4.xml
----------------- Instantiating /home/travis/build/icyphy/ptII/ptolemy/actor/lib/test/auto/arrayType4.xml
1 ms. Memory: 1784320K Free: 1277130K (72%)
----------------- Invoking toplevel() on ptolemy.moml.MoMLSimpleApplication@4d4f4302
----------------- Done invoking toplevel() on ptolemy.moml.MoMLSimpleApplication@4d4f4302
reloadAllAccessors: .arrayType4

===========================================================================================
----------------- testing Tue Jun 05 23:01:49 UTC 2018 /home/travis/build/icyphy/ptII/ptolemy/actor/lib/test/auto/arrayType5.xml
----------------- Instantiating /home/travis/build/icyphy/ptII/ptolemy/actor/lib/test/auto/arrayType5.xml
1 ms. Memory: 1784320K Free: 1256188K (70%)
----------------- Invoking toplevel() on ptolemy.moml.MoMLSimpleApplication@56b576b6
----------------- Done invoking toplevel() on ptolemy.moml.MoMLSimpleApplication@56b576b6
reloadAllAccessors: .arrayType5

===========================================================================================
----------------- testing Tue Jun 05 23:01:49 UTC 2018 /home/travis/build/icyphy/ptII/ptolemy/actor/lib/test/auto/arrayType6.xml
----------------- Instantiating /home/travis/build/icyphy/ptII/ptolemy/actor/lib/test/auto/arrayType6.xml
1 ms. Memory: 1784320K Free: 1235246K (69%)
----------------- Invoking toplevel() on ptolemy.moml.MoMLSimpleApplication@6db03cef
----------------- Done invoking toplevel() on ptolemy.moml.MoMLSimpleApplication@6db03cef
reloadAllAccessors: .arrayType6

===========================================================================================
----------------- testing Tue Jun 05 23:01:49 UTC 2018 /home/travis/build/icyphy/ptII/ptolemy/actor/lib/test/auto/arrayType7.xml
----------------- Instantiating /home/travis/build/icyphy/ptII/ptolemy/actor/lib/test/auto/arrayType7.xml
2 ms. Memory: 1784320K Free: 1218566K (68%)
----------------- Invoking toplevel() on ptolemy.moml.MoMLSimpleApplication@44834009
----------------- Done invoking toplevel() on ptolemy.moml.MoMLSimpleApplication@44834009
reloadAllAccessors: .arrayType7

===========================================================================================
----------------- testing Tue Jun 05 23:01:49 UTC 2018 /home/travis/build/icyphy/ptII/ptolemy/actor/lib/test/auto/arrayType8.xml
----------------- Instantiating /home/travis/build/icyphy/ptII/ptolemy/actor/lib/test/auto/arrayType8.xml
2 ms. Memory: 1784320K Free: 1197624K (67%)
----------------- Invoking toplevel() on ptolemy.moml.MoMLSimpleApplication@7bc1ba31
----------------- Done invoking toplevel() on ptolemy.moml.MoMLSimpleApplication@7bc1ba31
reloadAllAccessors: .arrayType8

===========================================================================================
----------------- testing Tue Jun 05 23:01:49 UTC 2018 /home/travis/build/icyphy/ptII/ptolemy/actor/lib/test/auto/arrayType9.xml
----------------- Instantiating /home/travis/build/icyphy/ptII/ptolemy/actor/lib/test/auto/arrayType9.xml
1 ms. Memory: 1784320K Free: 1180943K (66%)
----------------- Invoking toplevel() on ptolemy.moml.MoMLSimpleApplication@2945a4b0
----------------- Done invoking toplevel() on ptolemy.moml.MoMLSimpleApplication@2945a4b0
reloadAllAccessors: .arrayType9

===========================================================================================
----------------- testing Tue Jun 05 23:01:49 UTC 2018 /home/travis/build/icyphy/ptII/ptolemy/actor/lib/test/auto/cast.xml
----------------- Instantiating /home/travis/build/icyphy/ptII/ptolemy/actor/lib/test/auto/cast.xml
6 ms. Memory: 1784320K Free: 1160001K (65%)
----------------- Invoking toplevel() on ptolemy.moml.MoMLSimpleApplication@4b155843
----------------- Done invoking toplevel() on ptolemy.moml.MoMLSimpleApplication@4b155843
reloadAllAccessors: .cast

===========================================================================================
----------------- testing Tue Jun 05 23:01:49 UTC 2018 /home/travis/build/icyphy/ptII/ptolemy/actor/lib/test/auto/compositeMultiPort.xml
----------------- Instantiating /home/travis/build/icyphy/ptII/ptolemy/actor/lib/test/auto/compositeMultiPort.xml
3 ms. Memory: 1784320K Free: 1139059K (64%)
----------------- Invoking toplevel() on ptolemy.moml.MoMLSimpleApplication@644472ef
----------------- Done invoking toplevel() on ptolemy.moml.MoMLSimpleApplication@644472ef
reloadAllAccessors: .compositeMultiPort

===========================================================================================
----------------- testing Tue Jun 05 23:01:49 UTC 2018 /home/travis/build/icyphy/ptII/ptolemy/actor/lib/test/auto/expressionCastInference.xml
----------------- Instantiating /home/travis/build/icyphy/ptII/ptolemy/actor/lib/test/auto/expressionCastInference.xml
2 ms. Memory: 1784320K Free: 1122378K (63%)
----------------- Invoking toplevel() on ptolemy.moml.MoMLSimpleApplication@14f4064
----------------- Done invoking toplevel() on ptolemy.moml.MoMLSimpleApplication@14f4064
reloadAllAccessors: .expressionCastInference

===========================================================================================
----------------- testing Tue Jun 05 23:01:49 UTC 2018 /home/travis/build/icyphy/ptII/ptolemy/actor/lib/test/auto/expressionCastInference2.xml
----------------- Instantiating /home/travis/build/icyphy/ptII/ptolemy/actor/lib/test/auto/expressionCastInference2.xml
2 ms. Memory: 1784320K Free: 1101436K (62%)
----------------- Invoking toplevel() on ptolemy.moml.MoMLSimpleApplication@548583b0
----------------- Done invoking toplevel() on ptolemy.moml.MoMLSimpleApplication@548583b0
reloadAllAccessors: .expressionCastInference2

===========================================================================================
----------------- testing Tue Jun 05 23:01:49 UTC 2018 /home/travis/build/icyphy/ptII/ptolemy/actor/lib/test/auto/expressionInference.xml
----------------- Instantiating /home/travis/build/icyphy/ptII/ptolemy/actor/lib/test/auto/expressionInference.xml
1 ms. Memory: 1784320K Free: 1084755K (61%)
----------------- Invoking toplevel() on ptolemy.moml.MoMLSimpleApplication@224513d0
----------------- Done invoking toplevel() on ptolemy.moml.MoMLSimpleApplication@224513d0
reloadAllAccessors: .expressionInference

===========================================================================================
----------------- testing Tue Jun 05 23:01:49 UTC 2018 /home/travis/build/icyphy/ptII/ptolemy/actor/lib/test/auto/expression_bug.xml
----------------- Instantiating /home/travis/build/icyphy/ptII/ptolemy/actor/lib/test/auto/expression_bug.xml
1 ms. Memory: 1784320K Free: 1063813K (60%)
----------------- Invoking toplevel() on ptolemy.moml.MoMLSimpleApplication@6043ae8c
----------------- Done invoking toplevel() on ptolemy.moml.MoMLSimpleApplication@6043ae8c
reloadAllAccessors: .expression_bug

===========================================================================================
----------------- testing Tue Jun 05 23:01:49 UTC 2018 /home/travis/build/icyphy/ptII/ptolemy/actor/lib/test/auto/factorial.xml
----------------- Instantiating /home/travis/build/icyphy/ptII/ptolemy/actor/lib/test/auto/factorial.xml
36 ms. Memory: 1784320K Free: 1042871K (58%)
----------------- Invoking toplevel() on ptolemy.moml.MoMLSimpleApplication@6f7c8fea
----------------- Done invoking toplevel() on ptolemy.moml.MoMLSimpleApplication@6f7c8fea
reloadAllAccessors: .factorial

===========================================================================================
----------------- testing Tue Jun 05 23:01:50 UTC 2018 /home/travis/build/icyphy/ptII/ptolemy/actor/lib/test/auto/filterTest1.xml
----------------- Instantiating /home/travis/build/icyphy/ptII/ptolemy/actor/lib/test/auto/filterTest1.xml
3 ms. Memory: 1784320K Free: 1026190K (58%)
----------------- Invoking toplevel() on ptolemy.moml.MoMLSimpleApplication@48063b6d
----------------- Done invoking toplevel() on ptolemy.moml.MoMLSimpleApplication@48063b6d
reloadAllAccessors: .filterTest1

===========================================================================================
----------------- testing Tue Jun 05 23:01:50 UTC 2018 /home/travis/build/icyphy/ptII/ptolemy/actor/lib/test/auto/funcApplyInConst.xml
----------------- Instantiating /home/travis/build/icyphy/ptII/ptolemy/actor/lib/test/auto/funcApplyInConst.xml
1 ms. Memory: 1784320K Free: 1005248K (56%)
----------------- Invoking toplevel() on ptolemy.moml.MoMLSimpleApplication@65715b3f
----------------- Done invoking toplevel() on ptolemy.moml.MoMLSimpleApplication@65715b3f
reloadAllAccessors: .funcApplyInConst

===========================================================================================
----------------- testing Tue Jun 05 23:01:50 UTC 2018 /home/travis/build/icyphy/ptII/ptolemy/actor/lib/test/auto/funcApplyInExpr.xml
----------------- Instantiating /home/travis/build/icyphy/ptII/ptolemy/actor/lib/test/auto/funcApplyInExpr.xml
1 ms. Memory: 1784320K Free: 988567K (55%)
----------------- Invoking toplevel() on ptolemy.moml.MoMLSimpleApplication@19368579
----------------- Done invoking toplevel() on ptolemy.moml.MoMLSimpleApplication@19368579
reloadAllAccessors: .funcApplyInExpr

===========================================================================================
----------------- testing Tue Jun 05 23:01:50 UTC 2018 /home/travis/build/icyphy/ptII/ptolemy/actor/lib/test/auto/function.xml
----------------- Instantiating /home/travis/build/icyphy/ptII/ptolemy/actor/lib/test/auto/function.xml
1 ms. Memory: 1784320K Free: 967625K (54%)
----------------- Invoking toplevel() on ptolemy.moml.MoMLSimpleApplication@7d480f46
----------------- Done invoking toplevel() on ptolemy.moml.MoMLSimpleApplication@7d480f46
reloadAllAccessors: .function

===========================================================================================
----------------- testing Tue Jun 05 23:01:50 UTC 2018 /home/travis/build/icyphy/ptII/ptolemy/actor/lib/test/auto/function2.xml
----------------- Instantiating /home/travis/build/icyphy/ptII/ptolemy/actor/lib/test/auto/function2.xml
1 ms. Memory: 1784320K Free: 946683K (53%)
----------------- Invoking toplevel() on ptolemy.moml.MoMLSimpleApplication@3740dad6
----------------- Done invoking toplevel() on ptolemy.moml.MoMLSimpleApplication@3740dad6
reloadAllAccessors: .function2

===========================================================================================
----------------- testing Tue Jun 05 23:01:50 UTC 2018 /home/travis/build/icyphy/ptII/ptolemy/actor/lib/test/auto/function3.xml
----------------- Instantiating /home/travis/build/icyphy/ptII/ptolemy/actor/lib/test/auto/function3.xml
1 ms. Memory: 1784320K Free: 930003K (52%)
----------------- Invoking toplevel() on ptolemy.moml.MoMLSimpleApplication@16f38860
----------------- Done invoking toplevel() on ptolemy.moml.MoMLSimpleApplication@16f38860
reloadAllAccessors: .function3

===========================================================================================
----------------- testing Tue Jun 05 23:01:50 UTC 2018 /home/travis/build/icyphy/ptII/ptolemy/actor/lib/test/auto/functionClosureTest1.xml
----------------- Instantiating /home/travis/build/icyphy/ptII/ptolemy/actor/lib/test/auto/functionClosureTest1.xml
2 ms. Memory: 1784320K Free: 909061K (51%)
----------------- Invoking toplevel() on ptolemy.moml.MoMLSimpleApplication@778f0a9b
----------------- Done invoking toplevel() on ptolemy.moml.MoMLSimpleApplication@778f0a9b
reloadAllAccessors: .functionClosureTest1

===========================================================================================
----------------- testing Tue Jun 05 23:01:50 UTC 2018 /home/travis/build/icyphy/ptII/ptolemy/actor/lib/test/auto/functionClosureTest2.xml
----------------- Instantiating /home/travis/build/icyphy/ptII/ptolemy/actor/lib/test/auto/functionClosureTest2.xml
2 ms. Memory: 1784320K Free: 892380K (50%)
----------------- Invoking toplevel() on ptolemy.moml.MoMLSimpleApplication@5d98d4ff
----------------- Done invoking toplevel() on ptolemy.moml.MoMLSimpleApplication@5d98d4ff
reloadAllAccessors: .functionClosureTest2

===========================================================================================
----------------- testing Tue Jun 05 23:01:50 UTC 2018 /home/travis/build/icyphy/ptII/ptolemy/actor/lib/test/auto/functionClosureTest3.xml
----------------- Instantiating /home/travis/build/icyphy/ptII/ptolemy/actor/lib/test/auto/functionClosureTest3.xml
5 ms. Memory: 1784320K Free: 871438K (49%)
----------------- Invoking toplevel() on ptolemy.moml.MoMLSimpleApplication@6052b8d0
----------------- Done invoking toplevel() on ptolemy.moml.MoMLSimpleApplication@6052b8d0
reloadAllAccessors: .functionClosureTest3

===========================================================================================
----------------- testing Tue Jun 05 23:01:50 UTC 2018 /home/travis/build/icyphy/ptII/ptolemy/actor/lib/test/auto/functionClosureTest4.xml
----------------- Instantiating /home/travis/build/icyphy/ptII/ptolemy/actor/lib/test/auto/functionClosureTest4.xml
4 ms. Memory: 1784320K Free: 850496K (48%)
----------------- Invoking toplevel() on ptolemy.moml.MoMLSimpleApplication@43a05547
----------------- Done invoking toplevel() on ptolemy.moml.MoMLSimpleApplication@43a05547
reloadAllAccessors: .functionClosureTest4

===========================================================================================
----------------- testing Tue Jun 05 23:01:50 UTC 2018 /home/travis/build/icyphy/ptII/ptolemy/actor/lib/test/auto/functionClosureTest5.xml
----------------- Instantiating /home/travis/build/icyphy/ptII/ptolemy/actor/lib/test/auto/functionClosureTest5.xml
3 ms. Memory: 1784320K Free: 833815K (47%)
----------------- Invoking toplevel() on ptolemy.moml.MoMLSimpleApplication@91e17e0
----------------- Done invoking toplevel() on ptolemy.moml.MoMLSimpleApplication@91e17e0
reloadAllAccessors: .functionClosureTest5

===========================================================================================
----------------- testing Tue Jun 05 23:01:50 UTC 2018 /home/travis/build/icyphy/ptII/ptolemy/actor/lib/test/auto/functionClosureTest6.xml
----------------- Instantiating /home/travis/build/icyphy/ptII/ptolemy/actor/lib/test/auto/functionClosureTest6.xml
1 ms. Memory: 1784320K Free: 812873K (46%)
----------------- Invoking toplevel() on ptolemy.moml.MoMLSimpleApplication@630706cc
----------------- Done invoking toplevel() on ptolemy.moml.MoMLSimpleApplication@630706cc
reloadAllAccessors: .functionClosureTest6

===========================================================================================
----------------- testing Tue Jun 05 23:01:50 UTC 2018 /home/travis/build/icyphy/ptII/ptolemy/actor/lib/test/auto/functionsOnArcs.xml
----------------- Instantiating /home/travis/build/icyphy/ptII/ptolemy/actor/lib/test/auto/functionsOnArcs.xml
2 ms. Memory: 1784320K Free: 791931K (44%)
----------------- Invoking toplevel() on ptolemy.moml.MoMLSimpleApplication@7bcda50c
----------------- Done invoking toplevel() on ptolemy.moml.MoMLSimpleApplication@7bcda50c
reloadAllAccessors: .functionsOnArcs

===========================================================================================
----------------- testing Tue Jun 05 23:01:50 UTC 2018 /home/travis/build/icyphy/ptII/ptolemy/actor/lib/test/auto/functionsOnArcsHOF.xml
----------------- Instantiating /home/travis/build/icyphy/ptII/ptolemy/actor/lib/test/auto/functionsOnArcsHOF.xml
3 ms. Memory: 1784320K Free: 775250K (43%)
----------------- Invoking toplevel() on ptolemy.moml.MoMLSimpleApplication@6b15434b
----------------- Done invoking toplevel() on ptolemy.moml.MoMLSimpleApplication@6b15434b
reloadAllAccessors: .functionsOnArcsHOF

===========================================================================================
----------------- testing Tue Jun 05 23:01:50 UTC 2018 /home/travis/build/icyphy/ptII/ptolemy/actor/lib/test/auto/logic.xml
----------------- Instantiating /home/travis/build/icyphy/ptII/ptolemy/actor/lib/test/auto/logic.xml
2 ms. Memory: 1784320K Free: 754308K (42%)
----------------- Invoking toplevel() on ptolemy.moml.MoMLSimpleApplication@2d42a777
----------------- Done invoking toplevel() on ptolemy.moml.MoMLSimpleApplication@2d42a777
reloadAllAccessors: .logic

===========================================================================================
----------------- testing Tue Jun 05 23:01:50 UTC 2018 /home/travis/build/icyphy/ptII/ptolemy/actor/lib/test/auto/matrixType.xml
----------------- Instantiating /home/travis/build/icyphy/ptII/ptolemy/actor/lib/test/auto/matrixType.xml
1 ms. Memory: 1784320K Free: 737627K (41%)
----------------- Invoking toplevel() on ptolemy.moml.MoMLSimpleApplication@7aeb8a3f
----------------- Done invoking toplevel() on ptolemy.moml.MoMLSimpleApplication@7aeb8a3f
reloadAllAccessors: .matrixType

===========================================================================================
----------------- testing Tue Jun 05 23:01:50 UTC 2018 /home/travis/build/icyphy/ptII/ptolemy/actor/lib/test/auto/matrixType10.xml
----------------- Instantiating /home/travis/build/icyphy/ptII/ptolemy/actor/lib/test/auto/matrixType10.xml
2 ms. Memory: 1784320K Free: 716685K (40%)
----------------- Invoking toplevel() on ptolemy.moml.MoMLSimpleApplication@4c07884b
----------------- Done invoking toplevel() on ptolemy.moml.MoMLSimpleApplication@4c07884b
reloadAllAccessors: .matrixType10

===========================================================================================
----------------- testing Tue Jun 05 23:01:50 UTC 2018 /home/travis/build/icyphy/ptII/ptolemy/actor/lib/test/auto/matrixType11.xml
----------------- Instantiating /home/travis/build/icyphy/ptII/ptolemy/actor/lib/test/auto/matrixType11.xml
1 ms. Memory: 1784320K Free: 695743K (39%)
----------------- Invoking toplevel() on ptolemy.moml.MoMLSimpleApplication@7081ab3
----------------- Done invoking toplevel() on ptolemy.moml.MoMLSimpleApplication@7081ab3
reloadAllAccessors: .matrixType11

===========================================================================================
----------------- testing Tue Jun 05 23:01:50 UTC 2018 /home/travis/build/icyphy/ptII/ptolemy/actor/lib/test/auto/matrixType12.xml
----------------- Instantiating /home/travis/build/icyphy/ptII/ptolemy/actor/lib/test/auto/matrixType12.xml
2 ms. Memory: 1784320K Free: 679062K (38%)
----------------- Invoking toplevel() on ptolemy.moml.MoMLSimpleApplication@38c7c555
----------------- Done invoking toplevel() on ptolemy.moml.MoMLSimpleApplication@38c7c555
reloadAllAccessors: .matrixType12

===========================================================================================
----------------- testing Tue Jun 05 23:01:50 UTC 2018 /home/travis/build/icyphy/ptII/ptolemy/actor/lib/test/auto/matrixType13.xml
----------------- Instantiating /home/travis/build/icyphy/ptII/ptolemy/actor/lib/test/auto/matrixType13.xml
1 ms. Memory: 1784320K Free: 658121K (37%)
----------------- Invoking toplevel() on ptolemy.moml.MoMLSimpleApplication@6ed1fc30
----------------- Done invoking toplevel() on ptolemy.moml.MoMLSimpleApplication@6ed1fc30
reloadAllAccessors: .matrixType13

===========================================================================================
----------------- testing Tue Jun 05 23:01:50 UTC 2018 /home/travis/build/icyphy/ptII/ptolemy/actor/lib/test/auto/matrixType14.xml
----------------- Instantiating /home/travis/build/icyphy/ptII/ptolemy/actor/lib/test/auto/matrixType14.xml
2 ms. Memory: 1784320K Free: 641440K (36%)
----------------- Invoking toplevel() on ptolemy.moml.MoMLSimpleApplication@716717fa
----------------- Done invoking toplevel() on ptolemy.moml.MoMLSimpleApplication@716717fa
reloadAllAccessors: .matrixType14

===========================================================================================
----------------- testing Tue Jun 05 23:01:50 UTC 2018 /home/travis/build/icyphy/ptII/ptolemy/actor/lib/test/auto/matrixType2.xml
----------------- Instantiating /home/travis/build/icyphy/ptII/ptolemy/actor/lib/test/auto/matrixType2.xml
2 ms. Memory: 1784320K Free: 620498K (35%)
----------------- Invoking toplevel() on ptolemy.moml.MoMLSimpleApplication@34432cf2
----------------- Done invoking toplevel() on ptolemy.moml.MoMLSimpleApplication@34432cf2
reloadAllAccessors: .matrixType2

===========================================================================================
----------------- testing Tue Jun 05 23:01:50 UTC 2018 /home/travis/build/icyphy/ptII/ptolemy/actor/lib/test/auto/matrixType3.xml
----------------- Instantiating /home/travis/build/icyphy/ptII/ptolemy/actor/lib/test/auto/matrixType3.xml
3 ms. Memory: 1784320K Free: 599556K (34%)
----------------- Invoking toplevel() on ptolemy.moml.MoMLSimpleApplication@12be3ebf
----------------- Done invoking toplevel() on ptolemy.moml.MoMLSimpleApplication@12be3ebf
reloadAllAccessors: .matrixType3

===========================================================================================
----------------- testing Tue Jun 05 23:01:50 UTC 2018 /home/travis/build/icyphy/ptII/ptolemy/actor/lib/test/auto/matrixType4.xml
----------------- Instantiating /home/travis/build/icyphy/ptII/ptolemy/actor/lib/test/auto/matrixType4.xml
1 ms. Memory: 1784320K Free: 582875K (33%)
----------------- Invoking toplevel() on ptolemy.moml.MoMLSimpleApplication@1828bcf3
----------------- Done invoking toplevel() on ptolemy.moml.MoMLSimpleApplication@1828bcf3
reloadAllAccessors: .matrixType4

===========================================================================================
----------------- testing Tue Jun 05 23:01:50 UTC 2018 /home/travis/build/icyphy/ptII/ptolemy/actor/lib/test/auto/matrixType5.xml
----------------- Instantiating /home/travis/build/icyphy/ptII/ptolemy/actor/lib/test/auto/matrixType5.xml
1 ms. Memory: 1784320K Free: 561933K (31%)
----------------- Invoking toplevel() on ptolemy.moml.MoMLSimpleApplication@127f463c
----------------- Done invoking toplevel() on ptolemy.moml.MoMLSimpleApplication@127f463c
reloadAllAccessors: .matrixType5

===========================================================================================
----------------- testing Tue Jun 05 23:01:50 UTC 2018 /home/travis/build/icyphy/ptII/ptolemy/actor/lib/test/auto/matrixType6.xml
----------------- Instantiating /home/travis/build/icyphy/ptII/ptolemy/actor/lib/test/auto/matrixType6.xml
1 ms. Memory: 1784320K Free: 540992K (30%)
----------------- Invoking toplevel() on ptolemy.moml.MoMLSimpleApplication@5729a8c
----------------- Done invoking toplevel() on ptolemy.moml.MoMLSimpleApplication@5729a8c
reloadAllAccessors: .matrixType6

===========================================================================================
----------------- testing Tue Jun 05 23:01:50 UTC 2018 /home/travis/build/icyphy/ptII/ptolemy/actor/lib/test/auto/matrixType7.xml
----------------- Instantiating /home/travis/build/icyphy/ptII/ptolemy/actor/lib/test/auto/matrixType7.xml
2 ms. Memory: 1784320K Free: 524311K (29%)
----------------- Invoking toplevel() on ptolemy.moml.MoMLSimpleApplication@45652881
----------------- Done invoking toplevel() on ptolemy.moml.MoMLSimpleApplication@45652881
reloadAllAccessors: .matrixType7

===========================================================================================
----------------- testing Tue Jun 05 23:01:50 UTC 2018 /home/travis/build/icyphy/ptII/ptolemy/actor/lib/test/auto/matrixType8.xml
----------------- Instantiating /home/travis/build/icyphy/ptII/ptolemy/actor/lib/test/auto/matrixType8.xml
1 ms. Memory: 1784320K Free: 503369K (28%)
----------------- Invoking toplevel() on ptolemy.moml.MoMLSimpleApplication@25e7c5c3
----------------- Done invoking toplevel() on ptolemy.moml.MoMLSimpleApplication@25e7c5c3
reloadAllAccessors: .matrixType8

===========================================================================================
----------------- testing Tue Jun 05 23:01:50 UTC 2018 /home/travis/build/icyphy/ptII/ptolemy/actor/lib/test/auto/matrixType9.xml
----------------- Instantiating /home/travis/build/icyphy/ptII/ptolemy/actor/lib/test/auto/matrixType9.xml
1 ms. Memory: 1784320K Free: 486688K (27%)
----------------- Invoking toplevel() on ptolemy.moml.MoMLSimpleApplication@ca168d6
----------------- Done invoking toplevel() on ptolemy.moml.MoMLSimpleApplication@ca168d6
reloadAllAccessors: .matrixType9

===========================================================================================
----------------- testing Tue Jun 05 23:01:50 UTC 2018 /home/travis/build/icyphy/ptII/ptolemy/actor/lib/test/auto/paraFunctest.xml
----------------- Instantiating /home/travis/build/icyphy/ptII/ptolemy/actor/lib/test/auto/paraFunctest.xml
1 ms. Memory: 1784320K Free: 465746K (26%)
----------------- Invoking toplevel() on ptolemy.moml.MoMLSimpleApplication@5097d056
----------------- Done invoking toplevel() on ptolemy.moml.MoMLSimpleApplication@5097d056
reloadAllAccessors: .paraFunctest

===========================================================================================
----------------- testing Tue Jun 05 23:01:50 UTC 2018 /home/travis/build/icyphy/ptII/ptolemy/actor/lib/test/auto/paraFunctest2.xml
----------------- Instantiating /home/travis/build/icyphy/ptII/ptolemy/actor/lib/test/auto/paraFunctest2.xml
1 ms. Memory: 1784320K Free: 444804K (25%)
----------------- Invoking toplevel() on ptolemy.moml.MoMLSimpleApplication@3d95835b
----------------- Done invoking toplevel() on ptolemy.moml.MoMLSimpleApplication@3d95835b
reloadAllAccessors: .paraFunctest2

===========================================================================================
----------------- testing Tue Jun 05 23:01:50 UTC 2018 /home/travis/build/icyphy/ptII/ptolemy/actor/lib/test/auto/parameterPassing.xml
----------------- Instantiating /home/travis/build/icyphy/ptII/ptolemy/actor/lib/test/auto/parameterPassing.xml
1 ms. Memory: 1784320K Free: 428123K (24%)
----------------- Invoking toplevel() on ptolemy.moml.MoMLSimpleApplication@45392edb
----------------- Done invoking toplevel() on ptolemy.moml.MoMLSimpleApplication@45392edb
reloadAllAccessors: .parameterPassing

===========================================================================================
----------------- testing Tue Jun 05 23:01:50 UTC 2018 /home/travis/build/icyphy/ptII/ptolemy/actor/lib/test/auto/record.xml
----------------- Instantiating /home/travis/build/icyphy/ptII/ptolemy/actor/lib/test/auto/record.xml
2 ms. Memory: 1784320K Free: 407181K (23%)
----------------- Invoking toplevel() on ptolemy.moml.MoMLSimpleApplication@67c88479
----------------- Done invoking toplevel() on ptolemy.moml.MoMLSimpleApplication@67c88479
reloadAllAccessors: .record

===========================================================================================
----------------- testing Tue Jun 05 23:01:50 UTC 2018 /home/travis/build/icyphy/ptII/ptolemy/actor/lib/test/auto/sizedarray1.xml
----------------- Instantiating /home/travis/build/icyphy/ptII/ptolemy/actor/lib/test/auto/sizedarray1.xml
1 ms. Memory: 1784320K Free: 390500K (22%)
----------------- Invoking toplevel() on ptolemy.moml.MoMLSimpleApplication@a2c570d
----------------- Done invoking toplevel() on ptolemy.moml.MoMLSimpleApplication@a2c570d
reloadAllAccessors: .sizedarray1

===========================================================================================
----------------- testing Tue Jun 05 23:01:50 UTC 2018 /home/travis/build/icyphy/ptII/ptolemy/actor/lib/test/auto/sizedarray2.xml
----------------- Instantiating /home/travis/build/icyphy/ptII/ptolemy/actor/lib/test/auto/sizedarray2.xml
2 ms. Memory: 1784320K Free: 369558K (21%)
----------------- Invoking toplevel() on ptolemy.moml.MoMLSimpleApplication@6b8bc6c7
----------------- Done invoking toplevel() on ptolemy.moml.MoMLSimpleApplication@6b8bc6c7
reloadAllAccessors: .sizedarray2

===========================================================================================
----------------- testing Tue Jun 05 23:01:50 UTC 2018 /home/travis/build/icyphy/ptII/ptolemy/actor/lib/test/auto/twoPublishers.xml
----------------- Instantiating /home/travis/build/icyphy/ptII/ptolemy/actor/lib/test/auto/twoPublishers.xml
2 ms. Memory: 1784320K Free: 340268K (19%)
----------------- Invoking toplevel() on ptolemy.moml.MoMLSimpleApplication@40b826a7
----------------- Done invoking toplevel() on ptolemy.moml.MoMLSimpleApplication@40b826a7
reloadAllAccessors: .twoPublishers
AutoTests.java: About to close Vertx.
AutoTests.java: Vertx closed.
]]></system-out>
  <system-err><![CDATA[java.lang.RuntimeException: Execution failed
	at ptolemy.moml.MoMLSimpleApplication$UnloadThread.run(MoMLSimpleApplication.java:402)
Caused by: java.lang.RuntimeException: Normally, we would exit here because Manager.exitAfterWrapup() was called.  However, because the ptolemy.ptII.exitAfterWrapup property is set, we throw this exception instead.
	at ptolemy.util.StringUtilities.exit(StringUtilities.java:365)
	at ptolemy.actor.Manager.wrapup(Manager.java:1531)
	at ptolemy.actor.Manager.execute(Manager.java:407)
	at ptolemy.actor.Manager.run(Manager.java:1263)
	at ptolemy.actor.Manager$PtolemyRunThread.run(Manager.java:1915)
Warning: '.top.test' is in training mode, set the trainingMode parameter to false before checking in
Warning: '.top.test' is in training mode, set the trainingMode parameter to false before checking in
Warning: '.top.test' is in training mode, set the trainingMode parameter to false before checking in
Warning: '.BooleanSwitch_RegressionTest_WrongTrainingValues.Test' is in training mode, set the trainingMode parameter to false before checking in
Warning: '.BooleanSwitch_RegressionTest_WrongTrainingValues.Test2' is in training mode, set the trainingMode parameter to false before checking in
Warning: '.BooleanSwitch_RegressionTest_WrongTrainingValues.Test2' The test produced 0 tokens.
Warning: '.top.testExceptionHandler' is in training mode, set the trainingMode parameter to false before checking in
java.lang.RuntimeException: Execution failed
	at ptolemy.moml.MoMLSimpleApplication$UnloadThread.run(MoMLSimpleApplication.java:402)
Caused by: ptolemy.kernel.util.IllegalActionException: PublisherPorts cannot be used at the top level, use a Publisher actor instead.
  in .PublisherPortToplevelSubscriber.PublisherPort
	at ptolemy.actor.PublisherPort.preinitialize(PublisherPort.java:403)
	at ptolemy.actor.CompositeActor.preinitialize(CompositeActor.java:1769)
	at ptolemy.actor.Manager.preinitializeAndResolveTypes(Manager.java:1040)
	at ptolemy.actor.Manager.initialize(Manager.java:710)
	at ptolemy.actor.Manager.execute(Manager.java:356)
	at ptolemy.actor.Manager.run(Manager.java:1263)
	at ptolemy.actor.Manager$PtolemyRunThread.run(Manager.java:1915)
java.lang.reflect.InvocationTargetException
	at sun.reflect.NativeConstructorAccessorImpl.newInstance0(Native Method)
	at sun.reflect.NativeConstructorAccessorImpl.newInstance(NativeConstructorAccessorImpl.java:62)
	at sun.reflect.DelegatingConstructorAccessorImpl.newInstance(DelegatingConstructorAccessorImpl.java:45)
	at java.lang.reflect.Constructor.newInstance(Constructor.java:423)
	at ptolemy.util.test.junit.AutoKnownFailedTests.RunModel(AutoKnownFailedTests.java:107)
	at sun.reflect.NativeMethodAccessorImpl.invoke0(Native Method)
	at sun.reflect.NativeMethodAccessorImpl.invoke(NativeMethodAccessorImpl.java:62)
	at sun.reflect.DelegatingMethodAccessorImpl.invoke(DelegatingMethodAccessorImpl.java:43)
	at java.lang.reflect.Method.invoke(Method.java:498)
	at org.junit.runners.model.FrameworkMethod$1.runReflectiveCall(FrameworkMethod.java:44)
	at org.junit.internal.runners.model.ReflectiveCallable.run(ReflectiveCallable.java:15)
	at org.junit.runners.model.FrameworkMethod.invokeExplosively(FrameworkMethod.java:41)
	at junitparams.internal.InvokeParameterisedMethod.evaluate(InvokeParameterisedMethod.java:102)
	at org.junit.internal.runners.statements.FailOnTimeout$1.run(FailOnTimeout.java:28)
Caused by: ptolemy.kernel.util.IllegalActionException: PublisherPorts cannot be used at the top level, use a Publisher actor instead.
  in .PublisherPortToplevelSubscriber.PublisherPort
	at ptolemy.actor.PublisherPort.preinitialize(PublisherPort.java:403)
	at ptolemy.actor.CompositeActor.preinitialize(CompositeActor.java:1769)
	at ptolemy.actor.Manager.preinitializeAndResolveTypes(Manager.java:1040)
	at ptolemy.actor.Manager.initialize(Manager.java:710)
	at ptolemy.actor.Manager.execute(Manager.java:356)
	at ptolemy.actor.Manager.run(Manager.java:1263)
	at ptolemy.actor.Manager$PtolemyRunThread.run(Manager.java:1915)
java.lang.RuntimeException: Execution failed
	at ptolemy.moml.MoMLSimpleApplication$UnloadThread.run(MoMLSimpleApplication.java:402)
Caused by: ptolemy.kernel.util.IllegalActionException: SubscriberPorts cannot be used at the top level, use a Subscriber actor instead.
  in .PublisherSubscriberPortToplevel.SubscriberPort
	at ptolemy.actor.SubscriberPort.preinitialize(SubscriberPort.java:328)
	at ptolemy.actor.CompositeActor.preinitialize(CompositeActor.java:1769)
	at ptolemy.actor.Manager.preinitializeAndResolveTypes(Manager.java:1040)
	at ptolemy.actor.Manager.initialize(Manager.java:710)
	at ptolemy.actor.Manager.execute(Manager.java:356)
	at ptolemy.actor.Manager.run(Manager.java:1263)
	at ptolemy.actor.Manager$PtolemyRunThread.run(Manager.java:1915)
java.lang.reflect.InvocationTargetException
	at sun.reflect.NativeConstructorAccessorImpl.newInstance0(Native Method)
	at sun.reflect.NativeConstructorAccessorImpl.newInstance(NativeConstructorAccessorImpl.java:62)
	at sun.reflect.DelegatingConstructorAccessorImpl.newInstance(DelegatingConstructorAccessorImpl.java:45)
	at java.lang.reflect.Constructor.newInstance(Constructor.java:423)
	at ptolemy.util.test.junit.AutoKnownFailedTests.RunModel(AutoKnownFailedTests.java:107)
	at sun.reflect.NativeMethodAccessorImpl.invoke0(Native Method)
	at sun.reflect.NativeMethodAccessorImpl.invoke(NativeMethodAccessorImpl.java:62)
	at sun.reflect.DelegatingMethodAccessorImpl.invoke(DelegatingMethodAccessorImpl.java:43)
	at java.lang.reflect.Method.invoke(Method.java:498)
	at org.junit.runners.model.FrameworkMethod$1.runReflectiveCall(FrameworkMethod.java:44)
	at org.junit.internal.runners.model.ReflectiveCallable.run(ReflectiveCallable.java:15)
	at org.junit.runners.model.FrameworkMethod.invokeExplosively(FrameworkMethod.java:41)
	at junitparams.internal.InvokeParameterisedMethod.evaluate(InvokeParameterisedMethod.java:102)
	at org.junit.internal.runners.statements.FailOnTimeout$1.run(FailOnTimeout.java:28)
Caused by: ptolemy.kernel.util.IllegalActionException: SubscriberPorts cannot be used at the top level, use a Subscriber actor instead.
  in .PublisherSubscriberPortToplevel.SubscriberPort
	at ptolemy.actor.SubscriberPort.preinitialize(SubscriberPort.java:328)
	at ptolemy.actor.CompositeActor.preinitialize(CompositeActor.java:1769)
	at ptolemy.actor.Manager.preinitializeAndResolveTypes(Manager.java:1040)
	at ptolemy.actor.Manager.initialize(Manager.java:710)
	at ptolemy.actor.Manager.execute(Manager.java:356)
	at ptolemy.actor.Manager.run(Manager.java:1263)
	at ptolemy.actor.Manager$PtolemyRunThread.run(Manager.java:1915)
java.lang.RuntimeException: Execution failed
	at ptolemy.moml.MoMLSimpleApplication$UnloadThread.run(MoMLSimpleApplication.java:402)
Caused by: ptolemy.kernel.util.IllegalActionException: SubscriptionAggregatorPorts cannot be used at the top level, use a SubscriptionAggregator actor instead.
  in .PublisherSubscriptionAggregatorPort.SubscriptionAggregatorPort
	at ptolemy.actor.SubscriptionAggregatorPort.preinitialize(SubscriptionAggregatorPort.java:353)
	at ptolemy.actor.CompositeActor.preinitialize(CompositeActor.java:1769)
	at ptolemy.actor.Manager.preinitializeAndResolveTypes(Manager.java:1040)
	at ptolemy.actor.Manager.initialize(Manager.java:710)
	at ptolemy.actor.Manager.execute(Manager.java:356)
	at ptolemy.actor.Manager.run(Manager.java:1263)
	at ptolemy.actor.Manager$PtolemyRunThread.run(Manager.java:1915)
java.lang.reflect.InvocationTargetException
	at sun.reflect.NativeConstructorAccessorImpl.newInstance0(Native Method)
	at sun.reflect.NativeConstructorAccessorImpl.newInstance(NativeConstructorAccessorImpl.java:62)
	at sun.reflect.DelegatingConstructorAccessorImpl.newInstance(DelegatingConstructorAccessorImpl.java:45)
	at java.lang.reflect.Constructor.newInstance(Constructor.java:423)
	at ptolemy.util.test.junit.AutoKnownFailedTests.RunModel(AutoKnownFailedTests.java:107)
	at sun.reflect.NativeMethodAccessorImpl.invoke0(Native Method)
	at sun.reflect.NativeMethodAccessorImpl.invoke(NativeMethodAccessorImpl.java:62)
	at sun.reflect.DelegatingMethodAccessorImpl.invoke(DelegatingMethodAccessorImpl.java:43)
	at java.lang.reflect.Method.invoke(Method.java:498)
	at org.junit.runners.model.FrameworkMethod$1.runReflectiveCall(FrameworkMethod.java:44)
	at org.junit.internal.runners.model.ReflectiveCallable.run(ReflectiveCallable.java:15)
	at org.junit.runners.model.FrameworkMethod.invokeExplosively(FrameworkMethod.java:41)
	at junitparams.internal.InvokeParameterisedMethod.evaluate(InvokeParameterisedMethod.java:102)
	at org.junit.internal.runners.statements.FailOnTimeout$1.run(FailOnTimeout.java:28)
Caused by: ptolemy.kernel.util.IllegalActionException: SubscriptionAggregatorPorts cannot be used at the top level, use a SubscriptionAggregator actor instead.
  in .PublisherSubscriptionAggregatorPort.SubscriptionAggregatorPort
	at ptolemy.actor.SubscriptionAggregatorPort.preinitialize(SubscriptionAggregatorPort.java:353)
	at ptolemy.actor.CompositeActor.preinitialize(CompositeActor.java:1769)
	at ptolemy.actor.Manager.preinitializeAndResolveTypes(Manager.java:1040)
	at ptolemy.actor.Manager.initialize(Manager.java:710)
	at ptolemy.actor.Manager.execute(Manager.java:356)
	at ptolemy.actor.Manager.run(Manager.java:1263)
	at ptolemy.actor.Manager$PtolemyRunThread.run(Manager.java:1915)
java.lang.RuntimeException: Execution failed
	at ptolemy.moml.MoMLSimpleApplication$UnloadThread.run(MoMLSimpleApplication.java:402)
Caused by: ptolemy.kernel.util.IllegalActionException: TypeTest actor has no training data.
  in .sizedarray3.TypeTest
	at ptolemy.actor.lib.TypeTest.initialize(TypeTest.java:250)
	at ptolemy.actor.Director.initialize(Director.java:938)
	at ptolemy.actor.Director.initialize(Director.java:907)
	at ptolemy.actor.sched.StaticSchedulingDirector.initialize(StaticSchedulingDirector.java:159)
	at ptolemy.domains.sdf.kernel.SDFDirector.initialize(SDFDirector.java:544)
	at ptolemy.actor.CompositeActor.initialize(CompositeActor.java:935)
	at ptolemy.actor.Manager.initialize(Manager.java:724)
	at ptolemy.actor.Manager.execute(Manager.java:356)
	at ptolemy.actor.Manager.run(Manager.java:1263)
	at ptolemy.actor.Manager$PtolemyRunThread.run(Manager.java:1915)
java.lang.reflect.InvocationTargetException
	at sun.reflect.NativeConstructorAccessorImpl.newInstance0(Native Method)
	at sun.reflect.NativeConstructorAccessorImpl.newInstance(NativeConstructorAccessorImpl.java:62)
	at sun.reflect.DelegatingConstructorAccessorImpl.newInstance(DelegatingConstructorAccessorImpl.java:45)
	at java.lang.reflect.Constructor.newInstance(Constructor.java:423)
	at ptolemy.util.test.junit.AutoKnownFailedTests.RunModel(AutoKnownFailedTests.java:107)
	at sun.reflect.NativeMethodAccessorImpl.invoke0(Native Method)
	at sun.reflect.NativeMethodAccessorImpl.invoke(NativeMethodAccessorImpl.java:62)
	at sun.reflect.DelegatingMethodAccessorImpl.invoke(DelegatingMethodAccessorImpl.java:43)
	at java.lang.reflect.Method.invoke(Method.java:498)
	at org.junit.runners.model.FrameworkMethod$1.runReflectiveCall(FrameworkMethod.java:44)
	at org.junit.internal.runners.model.ReflectiveCallable.run(ReflectiveCallable.java:15)
	at org.junit.runners.model.FrameworkMethod.invokeExplosively(FrameworkMethod.java:41)
	at junitparams.internal.InvokeParameterisedMethod.evaluate(InvokeParameterisedMethod.java:102)
	at org.junit.internal.runners.statements.FailOnTimeout$1.run(FailOnTimeout.java:28)
Caused by: ptolemy.kernel.util.IllegalActionException: TypeTest actor has no training data.
  in .sizedarray3.TypeTest
	at ptolemy.actor.lib.TypeTest.initialize(TypeTest.java:250)
	at ptolemy.actor.Director.initialize(Director.java:938)
	at ptolemy.actor.Director.initialize(Director.java:907)
	at ptolemy.actor.sched.StaticSchedulingDirector.initialize(StaticSchedulingDirector.java:159)
	at ptolemy.domains.sdf.kernel.SDFDirector.initialize(SDFDirector.java:544)
	at ptolemy.actor.CompositeActor.initialize(CompositeActor.java:935)
	at ptolemy.actor.Manager.initialize(Manager.java:724)
	at ptolemy.actor.Manager.execute(Manager.java:356)
	at ptolemy.actor.Manager.run(Manager.java:1263)
	at ptolemy.actor.Manager$PtolemyRunThread.run(Manager.java:1915)
ptolemy.kernel.util.InternalErrorException: Exec Stdout Gobbler-0: Failed while reading from java.lang.UNIXProcess$ProcessPipeInputStream@7407bf21. To avoid this, try setting the ignoreIOExceptionReadErrors parameter to true.null
  in .Exec.Exec
Because:
Stream closed
	at ptolemy.actor.lib.Exec$_StreamReaderThread._read(Exec.java:762)
	at ptolemy.actor.lib.Exec$_StreamReaderThread.run(Exec.java:706)
Caused by: java.io.IOException: Stream closed
	at sun.nio.cs.StreamDecoder.ensureOpen(StreamDecoder.java:46)
	at sun.nio.cs.StreamDecoder.read(StreamDecoder.java:148)
	at java.io.InputStreamReader.read(InputStreamReader.java:184)
	at ptolemy.actor.lib.Exec$_StreamReaderThread._read(Exec.java:724)
	... 1 more
Caused by: java.io.IOException: Stream closed
	at sun.nio.cs.StreamDecoder.ensureOpen(StreamDecoder.java:46)
	at sun.nio.cs.StreamDecoder.read(StreamDecoder.java:148)
	at java.io.InputStreamReader.read(InputStreamReader.java:184)
	at ptolemy.actor.lib.Exec$_StreamReaderThread._read(Exec.java:724)
	at ptolemy.actor.lib.Exec$_StreamReaderThread.run(Exec.java:706)
java.lang.RuntimeException: Execution failed
	at ptolemy.moml.MoMLSimpleApplication$UnloadThread.run(MoMLSimpleApplication.java:402)
Caused by: ptolemy.kernel.util.IllegalActionException: Test fails in iteration 0.
Value was: 2001L. Should have been: 2000L
  in .ExecutionTimePN.NonStrictTest
	at ptolemy.actor.lib.NonStrictTest.postfire(NonStrictTest.java:328)
	at ptolemy.actor.process.ProcessThread._iterateActor(ProcessThread.java:346)
	at ptolemy.actor.process.ProcessThread.run(ProcessThread.java:213)
]]></system-err>
</testsuite>
