<?xml version="1.0" encoding="UTF-8" ?>
<testsuite errors="0" failures="0" hostname="travis-job-4b7d7141-2417-4a22-9f97-47ea4eeef511" name="ptolemy.configs.test.constraints.test.junit.JUnitTclTest" skipped="0" tests="4" time="1430.487" timestamp="2019-10-26T06:28:27">
  <properties>
    <property name="npm.executable" value="npm" />
    <property name="env.TRAVIS_ROOT" value="/" />
    <property name="ptII.mk.exists" value="true" />
    <property name="env.TRAVIS_APP_HOST" value="build.travis-ci.org" />
    <property name="env.rvm_bin_path" value="/home/travis/.rvm/bin" />
    <property name="java.home" value="/usr/local/lib/jvm/openjdk11" />
    <property name="env.TRAVIS_JOB_NUMBER" value="1376.13" />
    <property name="env.TRAVIS_HOME" value="/home/travis" />
    <property name="env.DISPLAY" value=":99.0" />
    <property name="env.TRAVIS_INIT" value="systemd" />
    <property name="env.SSH_TTY" value="/dev/pts/0" />
    <property name="java.net.preferIPv4Stack" value="true" />
    <property name="env.RUN_TESTS" value="true" />
    <property name="timeout.short" value="1000000" />
    <property name="junit.formatter" value="xml" />
    <property name="env.TRAVIS_SUDO" value="true" />
    <property name="env.TRAVIS_JOB_NAME" value="" />
    <property name="env.TRAVIS_STACK_NODE_ATTRIBUTES" value="/.node-attributes.yml" />
    <property name="env.LOGNAME" value="travis" />
    <property name="jsdoc.home" value="node_modules/@terraswarm/jsdoc" />
    <property name="debuglevel" value="source,lines,vars" />
    <property name="checkstyle.formatter" value="xml" />
    <property name="env._system_version" value="16.04" />
    <property name="bin.vergil.makeable" value="true" />
    <property name="sun.os.patch.level" value="unknown" />
    <property name="java.vendor.url" value="http://java.oracle.com/" />
    <property name="env.TRAVIS_BUILD_WEB_URL" value="https://travis-ci.org/icyphy/ptII/builds/603138244" />
    <property name="java.version" value="11.0.2" />
    <property name="env.TZ" value="UTC" />
    <property name="env.TRAVIS_PULL_REQUEST_SHA" value="" />
    <property name="env.PT_NO_NET" value="true" />
    <property name="env.TRAVIS_SECURE_ENV_VARS" value="true" />
    <property name="env._system_type" value="Linux" />
    <property name="java.vendor.url.bug" value="http://bugreport.java.com/bugreport/" />
    <property name="npmjs-org-is-up" value="true" />
    <property name="env.LANGUAGE" value="en_US.UTF-8" />
    <property name="env.SSH_CLIENT" value="10.24.6.11 34502 22" />
    <property name="env.GEM_HOME" value="/home/travis/.rvm/gems/ruby-2.5.3" />
    <property name="env.HAS_ANTARES_THREE_LITTLE_FRONZIES_BADGE" value="true" />
    <property name="java.version.date" value="2019-01-15" />
    <property name="env.PS4" value="+" />
    <property name="ant.project.invoked-targets" value="build,test.core6.xml" />
    <property name="env.TRAVIS_PULL_REQUEST_BRANCH" value="" />
    <property name="env.TRAVIS_REPO_SLUG" value="icyphy/ptII" />
    <property name="env.XDG_DATA_DIRS" value="/usr/local/share:/usr/share:/var/lib/snapd/desktop" />
    <property name="jdk.debug" value="release" />
    <property name="env.TRAVIS_APT_PROXY" value="http://apt.cache.travis-ci.com" />
    <property name="node.in.path" value="true" />
    <property name="user.name" value="travis" />
    <property name="java.maxmemory" value="1400m" />
    <property name="env.RUBY_VERSION" value="ruby-2.5.3" />
    <property name="env.LANG" value="en_US.UTF-8" />
    <property name="sun.io.unicode.encoding" value="UnicodeLittle" />
    <property name="sun.jnu.encoding" value="UTF-8" />
    <property name="java.runtime.name" value="OpenJDK Runtime Environment" />
    <property name="usefile" value="false" />
    <property name="return.code" value="0" />
    <property name="junit.single.formatter" value="plain" />
    <property name="env.DYLD_LIBRARY_PATH" value="/home/travis/pthla/certi-tools/lib:" />
    <property name="env.DEBIAN_FRONTEND" value="noninteractive" />
    <property name="env.SSH_CONNECTION" value="10.24.6.11 34502 10.20.1.36 22" />
    <property name="env.MYSQL_UNIX_PORT" value="/var/run/mysqld/mysqld.sock" />
    <property name="env.LC_ALL" value="en_US.UTF-8" />
    <property name="env.TRAVIS_ALLOW_FAILURE" value="false" />
    <property name="env.TRAVIS_JOB_WEB_URL" value="https://travis-ci.org/icyphy/ptII/jobs/603138257" />
    <property name="java.specification.name" value="Java Platform API Specification" />
    <property name="node.works" value="true" />
    <property name="user.timezone" value="" />
    <property name="path.separator" value=":" />
    <property name="env.TRAVIS_ENABLE_INFRA_DETECTION" value="true" />
    <property name="env.PYTHON_CFLAGS" value="-g -fstack-protector --param=ssp-buffer-size=4 -Wformat -Werror=format-security" />
    <property name="timeout.long" value="4000000" />
    <property name="env.CERTI_HOME" value="/home/travis/pthla/certi-tools" />
    <property name="ant.file.ptII" value="/home/travis/build/icyphy/ptII/build.xml" />
    <property name="javadoc.packagenames" value="com.*,diva.*,lbnl.*,org.hlacerti.*,org.json.*,org.ptolemy.*,org.terraswarm.*,ptolemy.*,ptserver.*" />
    <property name="file.encoding" value="UTF-8" />
    <property name="env.TRAVIS_PULL_REQUEST_SLUG" value="" />
    <property name="ant.project.default-target" value="build" />
    <property name="env.GIT_ASKPASS" value="echo" />
    <property name="env.HOME" value="/home/travis" />
    <property name="sun.java.command" value="org.apache.tools.ant.taskdefs.optional.junit.JUnitTestRunner ptolemy.configs.test.constraints.test.junit.JUnitTclTest skipNonTests=false filtertrace=true haltOnError=false haltOnFailure=false formatter=org.apache.tools.ant.taskdefs.optional.junit.OutErrSummaryJUnitResultFormatter showoutput=true outputtoformatters=true logfailedtests=true threadid=0 logtestlistenerevents=false formatter=org.apache.tools.ant.taskdefs.optional.junit.XMLJUnitResultFormatter,/home/travis/build/icyphy/ptII/reports/junit/TEST-ptolemy.configs.test.constraints.test.junit.JUnitTclTest.xml crashfile=/home/travis/build/icyphy/ptII/junitvmwatcher14629838587866975155.properties propsfile=/home/travis/build/icyphy/ptII/junit689147976833750170.properties" />
    <property name="env.COMPOSER_NO_INTERACTION" value="1" />
    <property name="env.MANPATH" value="/home/travis/.nvm/versions/node/v7.10.1/share/man:/home/travis/.rvm/rubies/ruby-2.5.3/share/man:/usr/local/cmake-3.12.4/man:/usr/local/clang-7.0.0/share/man:/usr/local/man:/usr/local/share/man:/usr/share/man:/home/travis/.rvm/man" />
    <property name="env.TRAVIS_TIMER_ID" value="00333c1e" />
    <property name="ant.file" value="/home/travis/build/icyphy/ptII/build.xml" />
    <property name="env.TRAVIS_COMMIT_RANGE" value="948bf656f66248ff65af09b7e6cc9885ef1f544d...4d8f235a1445b5e1cf53b20eaca7c153db736dc2" />
    <property name="env._system_name" value="Ubuntu" />
    <property name="ptII.classpath.optional.property" value="/home/travis/build/icyphy/ptII/lib/bsh-2.0b4.jar:/home/travis/build/icyphy/ptII/lib/ptCal.jar:/home/travis/build/icyphy/ptII/lib/java_cup.jar:/home/travis/build/icyphy/ptII/lib/saxon8.jar:/home/travis/build/icyphy/ptII/lib/saxon8-dom.jar:/home/travis/build/icyphy/ptII/lib/chic.jar:/home/travis/build/icyphy/ptII/lib/ptcolt.jar:/home/travis/build/icyphy/ptII/vendors/misc/itext/iText.jar:/home/travis/build/icyphy/ptII/lib/g4ltl.jar:/home/travis/build/icyphy/ptII/lib/StructuralCoder.jar:/home/travis/build/icyphy/ptII/lib/jcerti.jar:/home/travis/build/icyphy/ptII/lib/javax.mail.jar:/home/travis/build/icyphy/ptII/vendors/JMF-2.1.1e/lib/jmf.jar:/home/travis/build/icyphy/ptII/lib/jna-4.0.0-variadic.jar:/home/travis/build/icyphy/ptII/vendors/misc/joystick/Joystick.jar:/home/travis/build/icyphy/ptII/lib/ptjacl.jar:/home/travis/build/icyphy/ptII/lib/jsoup-1.8.2.jar:/home/travis/build/icyphy/ptII/lib/junit-4.8.2.jar:/home/travis/build/icyphy/ptII/lib/JUnitParams-0.4.0.jar:/home/travis/build/icyphy/ptII/ptolemy/actor/lib/excel/jxl.jar:/home/travis/build/icyphy/ptII/lib/jython.jar:/home/travis/build/icyphy/ptII/lib/kieler.jar:/home/travis/build/icyphy/ptII/vendors/opencv/share/OpenCV/java/opencv-341.jar:/home/travis/build/icyphy/ptII/lib/oscP5.jar:/home/travis/build/icyphy/ptII/lib/nrjavaserial-3.11.0.devel.jar:/home/travis/build/icyphy/ptII/vendors/j3d/lib/Linux/j3dcore.jar:/home/travis/build/icyphy/ptII/vendors/j3d/lib/Linux/j3dutils.jar:/home/travis/build/icyphy/ptII/vendors/j3d/lib/Linux/vecmath.jar:/home/travis/build/icyphy/ptII/vendors/jogl/lib/Linux/gluegen-rt-natives-linux-amd64.jar:/home/travis/build/icyphy/ptII/vendors/jogl/lib/Linux/gluegen-rt.jar:/home/travis/build/icyphy/ptII/vendors/jogl/lib/Linux/jogl-all-natives-linux-amd64.jar:/home/travis/build/icyphy/ptII/vendors/jogl/lib/Linux/jogl-all.jar:/home/travis/build/icyphy/ptII/ptolemy/distributed/jini/jar/jini-core.jar:/home/travis/build/icyphy/ptII/ptolemy/distributed/jini/jar/jini-ext.jar:/home/travis/build/icyphy/ptII/ptolemy/distributed/jini/jar/sun-util.jar:/home/travis/build/icyphy/ptII/lib/protobuf-java-2.4.1.jar:/home/travis/build/icyphy/ptII/lib/org.eclipse.paho.client.mqttv3.jar:/home/travis/build/icyphy/ptII/lib/mapss.jar:/home/travis/build/icyphy/ptII/ptolemy/actor/ptalon/antlr/antlr.jar:/home/travis/build/icyphy/ptII/lib/JRI.jar:/home/travis/build/icyphy/ptII/lib/commons-lang-2.6.jar:/home/travis/build/icyphy/ptII/lib/commons-logging-1.1.1.jar:/home/travis/build/icyphy/ptII/lib/sootclasses.jar:/home/travis/build/icyphy/ptII/ptolemy/actor/lib/database/mysql-connector-java-5.1.6-bin.jar:/home/travis/build/icyphy/ptII/vendors/misc/sphinx4/sphinx4-data-5prealpha.jar:/home/travis/build/icyphy/ptII/vendors/misc/sphinx4/sphinx4-core-5prealpha.jar:/home/travis/build/icyphy/ptII/lib/PDFRenderer.jar:/home/travis/build/icyphy/ptII/lib/svgSalamander.jar:/home/travis/build/icyphy/ptII/lib/rsyntaxtextarea-2.6.0-SNAPSHOT.jar:/home/travis/build/icyphy/ptII/lib/hazelcast-3.8.2.jar:/home/travis/build/icyphy/ptII/lib/jackson-annotations-2.9.0.jar:/home/travis/build/icyphy/ptII/lib/jackson-core-2.9.3.jar:/home/travis/build/icyphy/ptII/lib/jackson-databind-2.9.3.jar:/home/travis/build/icyphy/ptII/lib/netty-buffer-4.1.19.Final.jar:/home/travis/build/icyphy/ptII/lib/netty-codec-4.1.19.Final.jar:/home/travis/build/icyphy/ptII/lib/netty-codec-dns-4.1.19.Final.jar:/home/travis/build/icyphy/ptII/lib/netty-codec-http-4.1.19.Final.jar:/home/travis/build/icyphy/ptII/lib/netty-codec-http2-4.1.19.Final.jar:/home/travis/build/icyphy/ptII/lib/netty-common-4.1.19.Final.jar:/home/travis/build/icyphy/ptII/lib/netty-handler-4.1.19.Final.jar:/home/travis/build/icyphy/ptII/lib/netty-resolver-4.1.19.Final.jar:/home/travis/build/icyphy/ptII/lib/netty-resolver-dns-4.1.19.Final.jar:/home/travis/build/icyphy/ptII/lib/netty-transport-4.1.19.Final.jar:/home/travis/build/icyphy/ptII/lib/vertx-codegen-3.5.1.jar:/home/travis/build/icyphy/ptII/lib/vertx-core-3.5.2-SNAPSHOT.jar:/home/travis/build/icyphy/ptII/lib/vertx-hazelcast-3.5.1.jar:/home/travis/build/icyphy/ptII/lib/vertx-lang-js-3.5.1.jar:/home/travis/build/icyphy/ptII/lib/vertx-service-proxy-3.5.1.jar:/home/travis/build/icyphy/ptII/lib/vertx-web-3.5.1.jar:/home/travis/build/icyphy/ptII/lib/slf4j-api-1.7.13.jar:/home/travis/build/icyphy/ptII/lib/slf4j-simple-1.7.13.jar:/home/travis/build/icyphy/ptII/lib/webcam-capture-0.3.12.jar:/home/travis/build/icyphy/ptII/lib/bridj-0.7.0.jar:/home/travis/build/icyphy/ptII/lib/xbjlib-1.1.0.nrjavaserial.jar" />
    <property name="timeout" value="2400000" />
    <property name="test.batch" value="**/junit/*.java" />
    <property name="env._" value="/usr/bin/timeout" />
    <property name="java.io.tmpdir" value="/tmp" />
    <property name="user.language" value="en" />
    <property name="env.TRAVIS_INTERNAL_RUBY_REGEX" value="^ruby-(2\.[0-4]\.[0-9]|1\.9\.3)" />
    <property name="env.HISTCONTROL" value="ignoredups:ignorespace" />
    <property name="env.GOROOT" value="/home/travis/.gimme/versions/go1.11.1.linux.amd64" />
    <property name="line.separator" value="&#xa;" />
    <property name="target" value="11" />
    <property name="env.TRAVIS_BUILD_DIR" value="/home/travis/build/icyphy/ptII" />
    <property name="env.ANT_OPTS" value="-Xmx2048m" />
    <property name="ant.file.type" value="file" />
    <property name="ptolemy.ptII.batchMode" value="true" />
    <property name="env.HISTSIZE" value="1000" />
    <property name="env.MERB_ENV" value="test" />
    <property name="java.vm.info" value="mixed mode" />
    <property name="source" value="11" />
    <property name="java.vm.specification.name" value="Java Virtual Machine Specification" />
    <property name="env.TRAVIS_TEST_RESULT" value="0" />
    <property name="jsdoc.command" value="node_modules/@terraswarm/jsdoc/jsdoc.js" />
    <property name="npm.works" value="true" />
    <property name="cobertura.dir" value="/home/travis/build/icyphy/ptII/vendors/cobertura-2.0.3" />
    <property name="jsdoc.command.exists" value="true" />
    <property name="env.rvm_path" value="/home/travis/.rvm" />
    <property name="env.GEM_PATH" value="/home/travis/.rvm/gems/ruby-2.5.3:/home/travis/.rvm/gems/ruby-2.5.3@global" />
    <property name="env.LC_CTYPE" value="en_US.UTF-8" />
    <property name="env.TRAVIS_CMD" value="$PTII/bin/ptIITravisBuild.sh $SECONDS" />
    <property name="java.awt.printerjob" value="sun.print.PSPrinterJob" />
    <property name="env.TRAVIS_STACK_NAME" value="sardonyx" />
    <property name="env.TRAVIS_TIMER_START_TIME" value="1572071207841308360" />
    <property name="ant.version" value="Apache Ant(TM) version 1.10.1 compiled on February 2 2017" />
    <property name="ptII.reports" value="/home/travis/build/icyphy/ptII/reports" />
    <property name="env.TRAVIS_STACK_TIMESTAMP" value="2019-03-25 16:16:56 UTC" />
    <property name="ant.file.type.ptII" value="file" />
    <property name="env.RBENV_SHELL" value="bash" />
    <property name="os.name" value="Linux" />
    <property name="java.specification.vendor" value="Oracle Corporation" />
    <property name="env.rvm_version" value="1.29.7 (latest)" />
    <property name="env.TRAVIS_INFRA" value="unknown" />
    <property name="env.TERM" value="xterm" />
    <property name="java.vm.name" value="OpenJDK 64-Bit Server VM" />
    <property name="env.TRAVIS_BUILD_NUMBER" value="1376" />
    <property name="env.CI" value="true" />
    <property name="java.library.path" value="/home/travis/pthla/certi-tools/lib:/usr/lib/jni:/usr/local/share/OpenCV/java/:/usr/share/OpenCV/java::/usr/java/packages/lib:/usr/lib64:/lib64:/lib:/usr/lib" />
    <property name="jdk.module.path" value="/home/travis/build/icyphy/ptII/vendors/javafx/javafx-sdk-11.0.2/lib:" />
    <property name="env.rvm_prefix" value="/home/travis" />
    <property name="env.PATH" value="/home/travis/pthla/certi-tools/share/scripts:/home/travis/.rvm/gems/ruby-2.5.3/bin:/home/travis/.rvm/gems/ruby-2.5.3@global/bin:/home/travis/.rvm/rubies/ruby-2.5.3/bin:/home/travis/.rvm/bin:/home/travis/.nvm/versions/node/v7.10.1/bin:./node_modules/.bin:/home/travis/build/icyphy/ptII/bin:/home/travis/pthla/certi-tools/bin:/home/travis/bin:/home/travis/.local/bin:/usr/local/lib/jvm/openjdk11/bin:/opt/pyenv/shims:/home/travis/.phpenv/shims:/home/travis/perl5/perlbrew/bin:/home/travis/gopath/bin:/home/travis/.gimme/versions/go1.11.1.linux.amd64/bin:/usr/local/maven-3.6.0/bin:/usr/local/cmake-3.12.4/bin:/usr/local/clang-7.0.0/bin:/usr/local/sbin:/usr/local/bin:/usr/sbin:/usr/bin:/sbin:/bin:/snap/bin:/home/travis/.phpenv/bin:/opt/pyenv/bin:/home/travis/.yarn/bin" />
    <property name="env.TRAVIS_OS_NAME" value="linux" />
    <property name="ant.java.version" value="9" />
    <property name="basedir" value="/home/travis/build/icyphy/ptII" />
    <property name="java.class.version" value="55.0" />
    <property name="env.SHLVL" value="3" />
    <property name="env.LD_LIBRARY_PATH" value="/home/travis/pthla/certi-tools/lib:/usr/lib/jni:/usr/local/share/OpenCV/java/:/usr/share/OpenCV/java:" />
    <property name="env.RACK_ENV" value="test" />
    <property name="ant.home" value="/home/travis/build/icyphy/ptII/ant" />
    <property name="env.NVM_DIR" value="/home/travis/.nvm" />
    <property name="env.CERTI_FOM_PATH" value="/home/travis/pthla/certi-tools/share/federations" />
    <property name="env.TRAVIS_BUILD_ID" value="603138244" />
    <property name="env.PYENV_ROOT" value="/opt/pyenv" />
    <property name="env.TRAVIS_UID" value="2000" />
    <property name="prism.verbose" value="true" />
    <property name="env.NVM_BIN" value="/home/travis/.nvm/versions/node/v7.10.1/bin" />
    <property name="env.TRAVIS_COMMIT" value="4d8f235a1445b5e1cf53b20eaca7c153db736dc2" />
    <property name="env._system_arch" value="x86_64" />
    <property name="node.executable" value="node" />
    <property name="sun.boot.library.path" value="/usr/local/lib/jvm/openjdk11/lib" />
    <property name="sun.management.compiler" value="HotSpot 64-Bit Tiered Compilers" />
    <property name="java.awt.graphicsenv" value="sun.awt.X11GraphicsEnvironment" />
    <property name="env.GOPATH" value="/home/travis/gopath" />
    <property name="ptolemy.ptII.dir" value="/home/travis/build/icyphy/ptII" />
    <property name="env.USER" value="travis" />
    <property name="env.HISTFILESIZE" value="2000" />
    <property name="env.PT_TRAVIS_TEST_CORE6_XML" value="true" />
    <property name="timeout.longest" value="19000000" />
    <property name="env.PERLBREW_SHELLRC_VERSION" value="0.86" />
    <property name="env.TRAVIS_STACK_FEATURES" value="basic couchdb disabled-ipv6 docker docker-compose elasticsearch firefox go-toolchain google-chrome jdk memcached mongodb mysql nodejs_interpreter perl_interpreter perlbrew phantomjs postgresql python_interpreter redis ruby_interpreter sqlite xserver" />
    <property name="env.TRAVIS_PULL_REQUEST" value="false" />
    <property name="env.PYENV_SHELL" value="bash" />
    <property name="ant.project.name" value="ptII" />
    <property name="env.ANSI_RESET" value="\033[0m" />
    <property name="java.vm.specification.version" value="11" />
    <property name="env.TRAVIS_DIST" value="xenial" />
    <property name="env.CERTI_VERSION" value="4.0.0" />
    <property name="env.CERTI_HOST" value="localhost" />
    <property name="awt.toolkit" value="sun.awt.X11.XToolkit" />
    <property name="env.MY_RUBY_HOME" value="/home/travis/.rvm/rubies/ruby-2.5.3" />
    <property name="sun.cpu.isalist" value="" />
    <property name="env.TRAVIS_TMPDIR" value="/tmp/tmp.3OQL13LsXN" />
    <property name="java.vm.compressedOopsMode" value="Zero based" />
    <property name="os.version" value="4.15.0-1028-gcp" />
    <property name="user.home" value="/home/travis" />
    <property name="java.vm.vendor" value="Oracle Corporation" />
    <property name="env.TRAVIS_TAG" value="nightly" />
    <property name="env.ANSI_YELLOW" value="\033[33;1m" />
    <property name="env.TRAVIS_FILTERED" value="redirect_io" />
    <property name="env.ANSI_GREEN" value="\033[32;1m" />
    <property name="env.JAVA_HOME" value="/usr/local/lib/jvm/openjdk11" />
    <property name="javadoc.excludepackagenames" value="adm.cvs2svn.*,build.*,config.*,doc.coding.templates.*,jni.test.jni.meaningOfLife.*,jni.test.jni.testDeux.*,jni.test.jni.testTrois.*,org.terraswarm.accessor.accessors.web.node_modules.*,org.terraswarm.accessor.accessors.web.hosts.cordova.demo.*,org.terraswarm.accessor.accessors.web.hosts.cordova.plugins.*,org.terraswarm.accessor.accessors-svn.*,pt-modules.*,ptolemy.apps.agilent.*,ptolemy.apps.anytimecontrol.*,ptolemy.apps.apes.*,ptolemy.apps.charon.*,ptolemy.apps.crazyboard.*,ptolemy.apps.eclipse.*,ptolemy.apps.etherealSting.*,ptolemy.apps.fullscreen.*,ptolemy.apps.giotto.*,ptolemy.apps.ia.*,ptolemy.apps.interfaces.*,ptolemy.apps.jmf.*,ptolemy.apps.kurt.*,ptolemy.apps.kvm.*,ptolemy.apps.lego.*,ptolemy.apps.lejos.*,ptolemy.apps.midp.*,ptolemy.apps.mobileCoding.*,ptolemy.apps.pendulum.*,ptolemy.apps.rijndael.*,ptolemy.apps.robot.*,ptolemy.apps.security.*,ptolemy.apps.sobel.*,ptolemy.apps.soot.*,ptolemy.apps.throttle.*,ptolemy.apps.tini.*,ptolemy.apps.transmission.*,ptolemy.apps.vergil.*,ptolemy.apps.waba.*,ptolemy.apps.websensor.*,ptolemy.apps.webstart.*,ptolemy.apps.xsl.*,ptolemy.apps.zaurus.*,ptolemy.codegen.c.actor.lib.oldJavaFiles.*,ptolemy.codegen.dsp.lib.*,ptolemy.codegen.kernel.newInterfaces.*,ptolemy.codegen.lib.*,ptolemy.copernicus.kernel.fragment.*,ptolemy.copernicus.shallow.cg.*,ptolemy.domains.giotto.demo.Hierarchy.Hierarchy.*,ptolemy.domains.giotto.demo.Multimode.Multimode.*,ptolemy.domains.giotto.demo.Simple.Simple.*,ptolemy.domains.gr.lib.experimental.*,ptolemy.domains.gro.*,ptolemy.domains.pdf.*,ptolemy.domains.ptinyos.demo.Surge.output.*,ptolemy.moml.test.NoPackageActor.java*,ptolemy.plot.adm.*,ptolemy.plot.servlet.*,reports.*,signed.*,src.*,target.*,vendors.*,ptolemy.copernicus.applet.*,ptolemy.media.viewer.*,ptolemy.actor.corba.*,doc.doclets.*,ptolemy.apps.eclipse.awt.*,ptolemy.backtrack.*,ptolemy.backtrack.ast.*,ptolemy.cg.adapter.generic.program.procedural.c.mbed*,ptolemy.homer.*,ptolemy.actor.lib.jai.*,org.ptolemy.scala.*,diva.util.java2d.svg.*,ptolemy.domains.ptinyos.*,ptolemy.actor.lib.fmi.fmipp.*,,org.terraswarm.accessor.accessors.web.node_modules.*,org.terraswarm.accessor.accessors-svn,ptolemy.apps.*,ptolemy.actor.ptalon.demo.ptinyos.SendAndReceiveCnt.output,ptolemy.actor.ptalon.demo.ptinyos.SenseToLeds.output,ptolemy.domains.ptinyos.demo.CntToLedsAndRfm.output,ptolemy.domains.ptinyos.demo.RfmToLeds.output,ptolemy.domains.ptinyos.demo.SendAndReceiveCnt.output,ptolemy.domains.ptinyos.demo.SenseToLeds.output,ptolemy.actor.lib.jjs.modules.udpSocket.*" />
    <property name="env.PTII" value="/home/travis/build/icyphy/ptII" />
    <property name="env.XDG_SESSION_ID" value="2" />
    <property name="keystore" value="ptKeystore" />
    <property name="env.TRAVIS_COMMIT_MESSAGE" value="Updated occupancy" />
    <property name="junit.output.dir" value="/home/travis/build/icyphy/ptII/reports/junit" />
    <property name="npm.return.code" value="0" />
    <property name="user.dir" value="/home/travis/build/icyphy/ptII/ptolemy/configs/test/constraints/test" />
    <property name="env.TRAVIS_NODE_VERSION" value="7" />
    <property name="env.TRAVIS_EVENT_TYPE" value="cron" />
    <property name="env.MAIL" value="/var/mail/travis" />
    <property name="env.PERLBREW_ROOT" value="/home/travis/perl5/perlbrew" />
    <property name="env.PWD" value="/home/travis/build/icyphy/ptII" />
    <property name="timeout.npm" value="45000" />
    <property name="env.TRAVIS_ARCH" value="amd64" />
    <property name="sun.cpu.endian" value="little" />
    <property name="env.PAGER" value="cat" />
    <property name="env.TRAVIS_BUILD_STAGE_NAME" value="Test" />
    <property name="env.PERLBREW_HOME" value="/home/travis/.perlbrew" />
    <property name="java.vm.version" value="11.0.2+9" />
    <property name="env.RAILS_ENV" value="test" />
    <property name="java.class.path" value="/home/travis/build/icyphy/ptII:/home/travis/build/icyphy/ptII/lib/bsh-2.0b4.jar:/home/travis/build/icyphy/ptII/lib/ptCal.jar:/home/travis/build/icyphy/ptII/lib/java_cup.jar:/home/travis/build/icyphy/ptII/lib/saxon8.jar:/home/travis/build/icyphy/ptII/lib/saxon8-dom.jar:/home/travis/build/icyphy/ptII/lib/chic.jar:/home/travis/build/icyphy/ptII/lib/ptcolt.jar:/home/travis/build/icyphy/ptII/vendors/misc/itext/iText.jar:/home/travis/build/icyphy/ptII/lib/g4ltl.jar:/home/travis/build/icyphy/ptII/lib/StructuralCoder.jar:/home/travis/build/icyphy/ptII/lib/jcerti.jar:/home/travis/build/icyphy/ptII/lib/javax.mail.jar:/home/travis/build/icyphy/ptII/vendors/JMF-2.1.1e/lib/jmf.jar:/home/travis/build/icyphy/ptII/lib/jna-4.0.0-variadic.jar:/home/travis/build/icyphy/ptII/vendors/misc/joystick/Joystick.jar:/home/travis/build/icyphy/ptII/lib/ptjacl.jar:/home/travis/build/icyphy/ptII/lib/jsoup-1.8.2.jar:/home/travis/build/icyphy/ptII/lib/junit-4.8.2.jar:/home/travis/build/icyphy/ptII/lib/JUnitParams-0.4.0.jar:/home/travis/build/icyphy/ptII/ptolemy/actor/lib/excel/jxl.jar:/home/travis/build/icyphy/ptII/lib/jython.jar:/home/travis/build/icyphy/ptII/lib/kieler.jar:/home/travis/build/icyphy/ptII/vendors/opencv/share/OpenCV/java/opencv-341.jar:/home/travis/build/icyphy/ptII/lib/oscP5.jar:/home/travis/build/icyphy/ptII/lib/nrjavaserial-3.11.0.devel.jar:/home/travis/build/icyphy/ptII/vendors/j3d/lib/Linux/j3dcore.jar:/home/travis/build/icyphy/ptII/vendors/j3d/lib/Linux/j3dutils.jar:/home/travis/build/icyphy/ptII/vendors/j3d/lib/Linux/vecmath.jar:/home/travis/build/icyphy/ptII/vendors/jogl/lib/Linux/gluegen-rt-natives-linux-amd64.jar:/home/travis/build/icyphy/ptII/vendors/jogl/lib/Linux/gluegen-rt.jar:/home/travis/build/icyphy/ptII/vendors/jogl/lib/Linux/jogl-all-natives-linux-amd64.jar:/home/travis/build/icyphy/ptII/vendors/jogl/lib/Linux/jogl-all.jar:/home/travis/build/icyphy/ptII/ptolemy/distributed/jini/jar/jini-core.jar:/home/travis/build/icyphy/ptII/ptolemy/distributed/jini/jar/jini-ext.jar:/home/travis/build/icyphy/ptII/ptolemy/distributed/jini/jar/sun-util.jar:/home/travis/build/icyphy/ptII/lib/protobuf-java-2.4.1.jar:/home/travis/build/icyphy/ptII/lib/org.eclipse.paho.client.mqttv3.jar:/home/travis/build/icyphy/ptII/lib/mapss.jar:/home/travis/build/icyphy/ptII/ptolemy/actor/ptalon/antlr/antlr.jar:/home/travis/build/icyphy/ptII/lib/JRI.jar:/home/travis/build/icyphy/ptII/lib/commons-lang-2.6.jar:/home/travis/build/icyphy/ptII/lib/commons-logging-1.1.1.jar:/home/travis/build/icyphy/ptII/lib/sootclasses.jar:/home/travis/build/icyphy/ptII/ptolemy/actor/lib/database/mysql-connector-java-5.1.6-bin.jar:/home/travis/build/icyphy/ptII/vendors/misc/sphinx4/sphinx4-data-5prealpha.jar:/home/travis/build/icyphy/ptII/vendors/misc/sphinx4/sphinx4-core-5prealpha.jar:/home/travis/build/icyphy/ptII/lib/PDFRenderer.jar:/home/travis/build/icyphy/ptII/lib/svgSalamander.jar:/home/travis/build/icyphy/ptII/lib/rsyntaxtextarea-2.6.0-SNAPSHOT.jar:/home/travis/build/icyphy/ptII/lib/hazelcast-3.8.2.jar:/home/travis/build/icyphy/ptII/lib/jackson-annotations-2.9.0.jar:/home/travis/build/icyphy/ptII/lib/jackson-core-2.9.3.jar:/home/travis/build/icyphy/ptII/lib/jackson-databind-2.9.3.jar:/home/travis/build/icyphy/ptII/lib/netty-buffer-4.1.19.Final.jar:/home/travis/build/icyphy/ptII/lib/netty-codec-4.1.19.Final.jar:/home/travis/build/icyphy/ptII/lib/netty-codec-dns-4.1.19.Final.jar:/home/travis/build/icyphy/ptII/lib/netty-codec-http-4.1.19.Final.jar:/home/travis/build/icyphy/ptII/lib/netty-codec-http2-4.1.19.Final.jar:/home/travis/build/icyphy/ptII/lib/netty-common-4.1.19.Final.jar:/home/travis/build/icyphy/ptII/lib/netty-handler-4.1.19.Final.jar:/home/travis/build/icyphy/ptII/lib/netty-resolver-4.1.19.Final.jar:/home/travis/build/icyphy/ptII/lib/netty-resolver-dns-4.1.19.Final.jar:/home/travis/build/icyphy/ptII/lib/netty-transport-4.1.19.Final.jar:/home/travis/build/icyphy/ptII/lib/vertx-codegen-3.5.1.jar:/home/travis/build/icyphy/ptII/lib/vertx-core-3.5.2-SNAPSHOT.jar:/home/travis/build/icyphy/ptII/lib/vertx-hazelcast-3.5.1.jar:/home/travis/build/icyphy/ptII/lib/vertx-lang-js-3.5.1.jar:/home/travis/build/icyphy/ptII/lib/vertx-service-proxy-3.5.1.jar:/home/travis/build/icyphy/ptII/lib/vertx-web-3.5.1.jar:/home/travis/build/icyphy/ptII/lib/slf4j-api-1.7.13.jar:/home/travis/build/icyphy/ptII/lib/slf4j-simple-1.7.13.jar:/home/travis/build/icyphy/ptII/lib/webcam-capture-0.3.12.jar:/home/travis/build/icyphy/ptII/lib/bridj-0.7.0.jar:/home/travis/build/icyphy/ptII/lib/xbjlib-1.1.0.nrjavaserial.jar:/home/travis/build/icyphy/ptII/ptolemy/moml/test:/home/travis/build/icyphy/ptII/ant/lib/ant-launcher.jar:/home/travis/build/icyphy/ptII/ant/lib/ant.jar:/home/travis/build/icyphy/ptII/ant/lib/ant-junit.jar:/home/travis/build/icyphy/ptII/ant/lib/ant-junit4.jar" />
    <property name="ant.library.dir" value="/home/travis/build/icyphy/ptII/ant/lib" />
    <property name="os.arch" value="amd64" />
    <property name="env.CONTINUOUS_INTEGRATION" value="true" />
    <property name="env.TRAVIS_LANGUAGE" value="node_js" />
    <property name="env.TRAVIS_STACK_LANGUAGES" value="__sardonyx__ c c++ clojure cplusplus cpp default generic go groovy java node_js php pure_java python ruby scala" />
    <property name="test.name" value="ptolemy.actor.lib.test.junit.JUnitTclTest" />
    <property name="env.APT_KEY_DONT_WARN_ON_DANGEROUS_USAGE" value="1" />
    <property name="sun.java.launcher" value="SUN_STANDARD" />
    <property name="env.PYTHON_CONFIGURE_OPTS" value="--enable-unicode=ucs4 --with-wide-unicode --enable-shared --enable-ipv6 --enable-loadable-sqlite-extensions --with-computed-gotos" />
    <property name="ant.core.lib" value="/home/travis/build/icyphy/ptII/ant/lib/ant.jar" />
    <property name="java.vm.specification.vendor" value="Oracle Corporation" />
    <property name="env.BCVTB_HOME" value="/home/travis/build/icyphy/ptII/lbnl" />
    <property name="file.separator" value="/" />
    <property name="spotbugs.home" value="/home/travis/build/icyphy/ptII/vendors/spotbugs-3.1.1" />
    <property name="java.runtime.version" value="11.0.2+9" />
    <property name="env.ANSI_CLEAR" value="\033[0K" />
    <property name="javafx.verbose" value="true" />
    <property name="env.HAS_JOSH_K_SEAL_OF_APPROVAL" value="true" />
    <property name="env.XDG_RUNTIME_DIR" value="/run/user/2000" />
    <property name="env.TRAVIS_OSX_IMAGE" value="" />
    <property name="env.TRAVIS_JOB_ID" value="603138257" />
    <property name="env.TRAVIS_BRANCH" value="master" />
    <property name="user.country" value="US" />
    <property name="env.CERTI_HOME_TRAVIS" value="/home/travis/pthla/certi-tools" />
    <property name="env.SHELL" value="/bin/bash" />
    <property name="java.maxmemory.large" value="3200m" />
    <property name="model" value="" />
    <property name="env.CASHER_DIR" value="/home/travis/.casher" />
    <property name="env.NVM_CD_FLAGS" value="" />
    <property name="java.vendor.version" value="18.9" />
    <property name="jshint.executable" value="/home/travis/node_modules/jshint/bin/jshint" />
    <property name="env.JRUBY_OPTS" value=" --client -J-XX:+TieredCompilation -J-XX:TieredStopAtLevel=1 -J-Xss2m -Xcompile.invokedynamic=false" />
    <property name="java.vendor" value="Oracle Corporation" />
    <property name="env.TRAVIS_PRE_CHEF_BOOTSTRAP_TIME" value="2019-03-25T16:16:42" />
    <property name="env.TRAVIS_STACK_JOB_BOARD_REGISTER" value="/.job-board-register.yml" />
    <property name="env.ANSI_RED" value="\033[31;1m" />
    <property name="java.specification.version" value="11" />
    <property name="env.IRBRC" value="/home/travis/.rvm/rubies/ruby-2.5.3/.irbrc" />
    <property name="env.TRAVIS" value="true" />
    <property name="sun.arch.data.model" value="64" />
  </properties>
  <testcase classname="ptolemy.util.test.junit.TclTests" name="[0] /home/travis/build/icyphy/ptII/ptolemy/configs/test/constraints/test/checkFullConstraints.tcl (RunTclFile)" time="1430.194" />
  <testcase classname="ptolemy.util.test.junit.AutoKnownFailedTests" name="[0] ThereAreNoKnowFailedTests (RunModel)" time="0.007" />
  <testcase classname="ptolemy.util.test.junit.AutoNameArchTests" name="[0] ThereAreNoAutoArchTests (RunModel)" time="0.013" />
  <testcase classname="ptolemy.util.test.junit.AutoTests" name="[0] ThereAreNoAutoTests (RunModel)" time="0.008" />
  <system-out><![CDATA[/home/travis/build/icyphy/ptII/ptolemy/configs/test/constraints/test/checkFullConstraints.tcl
testDefs.tcl: setting time out to 9000 seconds at Sat Oct 26 06:28:27 UTC 2019
FIXME FIXME FIXME FIXME FIXME FIXME
ptolemy/configs/test/checkFullConstraints.tcl: FIXME: Invoking Configuration.check() 
results in a memory leak that consumes
more than 4gig of memory and causes problems under Travis.
so, we check the constraints only of the full configuration.
FIXME FIXME FIXME FIXME FIXME FIXME
 Force everything to get expanded ptolemy/configs/configurationFile
    (Skipping certain optional packages, jxta and viptos)
JSAccessor: PT_NO_NET environment variable is set, so git pull and ptdoc are not being run.
Retrieving library from file:/home/travis/build/icyphy/ptII/org/terraswarm/accessor/accessors/web/index.json
Retrieving library from file:/home/travis/build/icyphy/ptII/org/terraswarm/accessor/accessors/web/adapters/index.json
Retrieving library from file:/home/travis/build/icyphy/ptII/org/terraswarm/accessor/accessors/web/audio/index.json
Prism pipeline init order: es2 sw 
Using Double Precision Marlin Rasterizer
Using dirty region optimizations
Not using texture mask for primitives
Not forcing power of 2 sizes for textures
Using hardware CLAMP_TO_ZERO mode
Opting in for HiDPI pixel scaling
Prism pipeline name = com.sun.prism.es2.ES2Pipeline
Loading ES2 native library ... prism_es2
	succeeded.
GLFactory using com.sun.prism.es2.X11GLFactory
(X) Got class = class com.sun.prism.es2.ES2Pipeline
Prism pipeline name = com.sun.prism.sw.SWPipeline
(X) Got class = class com.sun.prism.sw.SWPipeline
Initialized prism pipeline: com.sun.prism.sw.SWPipeline
Retrieving library from file:/home/travis/build/icyphy/ptII/org/terraswarm/accessor/accessors/web/cameras/index.json
No physical cameras found, using WebcamDummyDriver.
Retrieving library from file:/home/travis/build/icyphy/ptII/org/terraswarm/accessor/accessors/web/dashboard/index.json
Retrieving library from file:/home/travis/build/icyphy/ptII/org/terraswarm/accessor/accessors/web/devices/index.json
Retrieving library from file:/home/travis/build/icyphy/ptII/org/terraswarm/accessor/accessors/web/image/index.json
CharacterRecognition: The tesseract module was not present.  The CharacterRecognition accessor is not supported on this accessor host. (Thread[main,5,main])
CharacterRecognition: The tesseract module was not present.  The CharacterRecognition accessor is not supported on this accessor host. (Thread[main,5,main])
Retrieving library from file:/home/travis/build/icyphy/ptII/org/terraswarm/accessor/accessors/web/net/index.json
Retrieving library from file:/home/travis/build/icyphy/ptII/org/terraswarm/accessor/accessors/web/robotics/index.json
Retrieving library from file:/home/travis/build/icyphy/ptII/org/terraswarm/accessor/accessors/web/geodesy/index.json
Retrieving library from file:/home/travis/build/icyphy/ptII/org/terraswarm/accessor/accessors/web/services/index.json
Retrieving library from file:/home/travis/build/icyphy/ptII/org/terraswarm/accessor/accessors/web/signals/index.json
Retrieving library from file:/home/travis/build/icyphy/ptII/org/terraswarm/accessor/accessors/web/test/index.json
Retrieving library from file:/home/travis/build/icyphy/ptII/org/terraswarm/accessor/accessors/web/utilities/index.json
The Mutable accessor original file has no documentation, so we are not running jsdoc on https://accessors.org/utilities/Mutable.js
Retrieving library from file:/home/travis/build/icyphy/ptII/org/terraswarm/accessor/accessors/web/index.json
Retrieving library from file:/home/travis/build/icyphy/ptII/org/terraswarm/accessor/accessors/web/adapters/index.json
Retrieving library from file:/home/travis/build/icyphy/ptII/org/terraswarm/accessor/accessors/web/audio/index.json
Retrieving library from file:/home/travis/build/icyphy/ptII/org/terraswarm/accessor/accessors/web/cameras/index.json
Retrieving library from file:/home/travis/build/icyphy/ptII/org/terraswarm/accessor/accessors/web/dashboard/index.json
Retrieving library from file:/home/travis/build/icyphy/ptII/org/terraswarm/accessor/accessors/web/devices/index.json
Retrieving library from file:/home/travis/build/icyphy/ptII/org/terraswarm/accessor/accessors/web/image/index.json
CharacterRecognition: The tesseract module was not present.  The CharacterRecognition accessor is not supported on this accessor host. (Thread[main,5,main])
CharacterRecognition: The tesseract module was not present.  The CharacterRecognition accessor is not supported on this accessor host. (Thread[main,5,main])
Retrieving library from file:/home/travis/build/icyphy/ptII/org/terraswarm/accessor/accessors/web/net/index.json
Retrieving library from file:/home/travis/build/icyphy/ptII/org/terraswarm/accessor/accessors/web/robotics/index.json
Retrieving library from file:/home/travis/build/icyphy/ptII/org/terraswarm/accessor/accessors/web/geodesy/index.json
Retrieving library from file:/home/travis/build/icyphy/ptII/org/terraswarm/accessor/accessors/web/services/index.json
Retrieving library from file:/home/travis/build/icyphy/ptII/org/terraswarm/accessor/accessors/web/signals/index.json
Retrieving library from file:/home/travis/build/icyphy/ptII/org/terraswarm/accessor/accessors/web/test/index.json
Retrieving library from file:/home/travis/build/icyphy/ptII/org/terraswarm/accessor/accessors/web/utilities/index.json
The Mutable accessor original file has no documentation, so we are not running jsdoc on https://accessors.org/utilities/Mutable.js
Retrieving library from file:/home/travis/build/icyphy/ptII/org/terraswarm/accessor/accessors/web/index.json
Retrieving library from file:/home/travis/build/icyphy/ptII/org/terraswarm/accessor/accessors/web/adapters/index.json
Retrieving library from file:/home/travis/build/icyphy/ptII/org/terraswarm/accessor/accessors/web/audio/index.json
Retrieving library from file:/home/travis/build/icyphy/ptII/org/terraswarm/accessor/accessors/web/cameras/index.json
Retrieving library from file:/home/travis/build/icyphy/ptII/org/terraswarm/accessor/accessors/web/dashboard/index.json
Retrieving library from file:/home/travis/build/icyphy/ptII/org/terraswarm/accessor/accessors/web/devices/index.json
Retrieving library from file:/home/travis/build/icyphy/ptII/org/terraswarm/accessor/accessors/web/image/index.json
CharacterRecognition: The tesseract module was not present.  The CharacterRecognition accessor is not supported on this accessor host. (Thread[main,5,main])
CharacterRecognition: The tesseract module was not present.  The CharacterRecognition accessor is not supported on this accessor host. (Thread[main,5,main])
Retrieving library from file:/home/travis/build/icyphy/ptII/org/terraswarm/accessor/accessors/web/net/index.json
Retrieving library from file:/home/travis/build/icyphy/ptII/org/terraswarm/accessor/accessors/web/robotics/index.json
Retrieving library from file:/home/travis/build/icyphy/ptII/org/terraswarm/accessor/accessors/web/geodesy/index.json
Retrieving library from file:/home/travis/build/icyphy/ptII/org/terraswarm/accessor/accessors/web/services/index.json
Retrieving library from file:/home/travis/build/icyphy/ptII/org/terraswarm/accessor/accessors/web/signals/index.json
Retrieving library from file:/home/travis/build/icyphy/ptII/org/terraswarm/accessor/accessors/web/test/index.json
Retrieving library from file:/home/travis/build/icyphy/ptII/org/terraswarm/accessor/accessors/web/utilities/index.json
The Mutable accessor original file has no documentation, so we are not running jsdoc on https://accessors.org/utilities/Mutable.js
Configuration.check: entity: ptolemy.actor.lib.Assert {.configuration.actor library.Utilities.Analysis.Assert} 0 ms. Memory: 2391040K Free: 304367K (13%)
#Configuration.check: entity: ptolemy.actor.lib.jjs.JavaScript {.configuration.actor library.Utilities.JavaScript.JavaScript} 63 ms. Memory: 2391040K Free: 288511K (12%)
#Configuration.check: entity: ptolemy.vergil.basic.export.html.jsoup.HTMLPageAssembler {.configuration.actor library.Utilities.WebExport.HTMLPageAssembler} 2256 ms. Memory: 2391040K Free: 282877K (12%)
#Configuration.check: entity: ptolemy.actor.lib.Const {.configuration.actor library.Actors.Sources.GenericSources.Const} 2296 ms. Memory: 2391040K Free: 270575K (11%)
#Configuration.check: entity: ptolemy.actor.lib.StringConst {.configuration.actor library.Actors.Sources.GenericSources.StringConst} 2522 ms. Memory: 2391040K Free: 318325K (13%)
#Configuration.check: entity: ptolemy.actor.lib.Subscriber {.configuration.actor library.Actors.Sources.GenericSources.Subscriber} 2523 ms. Memory: 2391040K Free: 318325K (13%)
#Configuration.check: entity: ptolemy.actor.lib.SubscriptionAggregator {.configuration.actor library.Actors.Sources.GenericSources.SubscriptionAggregator} 2527 ms. Memory: 2391040K Free: 317796K (13%)
#Configuration.check: entity: ptolemy.actor.lib.CurrentDate {.configuration.actor library.Actors.Sources.TimedSources.CurrentDate} 2528 ms. Memory: 2391040K Free: 317301K (13%)
#Configuration.check: entity: ptolemy.actor.lib.CurrentTime {.configuration.actor library.Actors.Sources.TimedSources.CurrentTime} 2590 ms. Memory: 2391040K Free: 298869K (12%)
#Configuration.check: entity: ptolemy.actor.lib.CurrentMicrostep {.configuration.actor library.Actors.Sources.TimedSources.CurrentMicrostep} 2591 ms. Memory: 2391040K Free: 298355K (12%)
#Configuration.check: entity: ptolemy.actor.lib.DiscreteClock {.configuration.actor library.Actors.Sources.TimedSources.DiscreteClock} 2592 ms. Memory: 2391040K Free: 298355K (12%)
#Configuration.check: entity: ptolemy.actor.lib.PoissonClock {.configuration.actor library.Actors.Sources.TimedSources.PoissonClock} 2595 ms. Memory: 2391040K Free: 298355K (12%)
#Configuration.check: entity: ptolemy.actor.lib.gui.InteractiveDialog {.configuration.actor library.Actors.Sources.SequenceSources.InteractiveDialog} 2599 ms. Memory: 2391040K Free: 298355K (12%)
#Configuration.check: entity: ptolemy.actor.lib.gui.InteractiveShell {.configuration.actor library.Actors.Sources.SequenceSources.InteractiveShell} 2660 ms. Memory: 2391040K Free: 277868K (12%)
#Configuration.check: entity: ptolemy.actor.lib.Interpolator {.configuration.actor library.Actors.Sources.SequenceSources.Interpolator} 2662 ms. Memory: 2391040K Free: 277365K (12%)
#Configuration.check: entity: ptolemy.actor.lib.Pulse {.configuration.actor library.Actors.Sources.SequenceSources.Pulse} 2665 ms. Memory: 2391040K Free: 277365K (12%)
#Configuration.check: entity: ptolemy.actor.lib.Ramp {.configuration.actor library.Actors.Sources.SequenceSources.Ramp} 2672 ms. Memory: 2391040K Free: 276851K (12%)
#Configuration.check: entity: ptolemy.actor.lib.Sequence {.configuration.actor library.Actors.Sources.SequenceSources.Sequence} 2678 ms. Memory: 2391040K Free: 276341K (12%)
#Configuration.check: entity: ptolemy.actor.lib.gui.SketchedSource {.configuration.actor library.Actors.Sources.SequenceSources.SketchedSource} 2679 ms. Memory: 2391040K Free: 276341K (12%)
#Configuration.check: entity: ptolemy.actor.lib.gui.ArrayPlotterXY {.configuration.actor library.Actors.Sinks.GenericSinks.ArrayPlotterXY} 2681 ms. Memory: 2391040K Free: 276341K (12%)
#Configuration.check: entity: ptolemy.actor.lib.Discard {.configuration.actor library.Actors.Sinks.GenericSinks.Discard} 2702 ms. Memory: 2391040K Free: 271221K (11%)
#Configuration.check: entity: ptolemy.actor.lib.gui.Display {.configuration.actor library.Actors.Sinks.GenericSinks.Display} 2703 ms. Memory: 2391040K Free: 270707K (11%)
#Configuration.check: entity: ptolemy.actor.lib.gui.MonitorValue {.configuration.actor library.Actors.Sinks.GenericSinks.MonitorValue} 2703 ms. Memory: 2391040K Free: 270707K (11%)
#Configuration.check: entity: ptolemy.actor.lib.Publisher {.configuration.actor library.Actors.Sinks.GenericSinks.Publisher} 2705 ms. Memory: 2391040K Free: 270707K (11%)
#Configuration.check: entity: ptolemy.actor.lib.Recorder {.configuration.actor library.Actors.Sinks.GenericSinks.Recorder} 2707 ms. Memory: 2391040K Free: 270197K (11%)
#Configuration.check: entity: ptolemy.actor.lib.SetVariable {.configuration.actor library.Actors.Sinks.GenericSinks.SetVariable} 2707 ms. Memory: 2391040K Free: 269683K (11%)
#Configuration.check: entity: ptolemy.actor.lib.gui.XYPlotter {.configuration.actor library.Actors.Sinks.GenericSinks.XYPlotter} 2708 ms. Memory: 2391040K Free: 269683K (11%)
#Configuration.check: entity: ptolemy.actor.lib.gui.XYScope {.configuration.actor library.Actors.Sinks.GenericSinks.XYScope} 2708 ms. Memory: 2391040K Free: 269683K (11%)
#Configuration.check: entity: ptolemy.actor.lib.gui.TimedDisplay {.configuration.actor library.Actors.Sinks.TimedSinks.TimedDisplay} 2709 ms. Memory: 2391040K Free: 269683K (11%)
#Configuration.check: entity: ptolemy.actor.lib.gui.TimedMonitorValue {.configuration.actor library.Actors.Sinks.TimedSinks.TimedMonitorValue} 2712 ms. Memory: 2391040K Free: 268652K (11%)
#Configuration.check: entity: ptolemy.actor.lib.gui.TimedPlotter {.configuration.actor library.Actors.Sinks.TimedSinks.TimedPlotter} 2713 ms. Memory: 2391040K Free: 268463K (11%)
#Configuration.check: entity: ptolemy.actor.lib.gui.TimedScope {.configuration.actor library.Actors.Sinks.TimedSinks.TimedScope} 2714 ms. Memory: 2391040K Free: 268463K (11%)
#Configuration.check: entity: ptolemy.actor.lib.gui.ArrayPlotter {.configuration.actor library.Actors.Sinks.SequenceSinks.ArrayPlotter} 2718 ms. Memory: 2391040K Free: 268463K (11%)
#Configuration.check: entity: ptolemy.actor.lib.gui.BarGraph {.configuration.actor library.Actors.Sinks.SequenceSinks.BarGraph} 2722 ms. Memory: 2391040K Free: 267635K (11%)
#Configuration.check: entity: ptolemy.actor.lib.gui.HistogramPlotter {.configuration.actor library.Actors.Sinks.SequenceSinks.HistogramPlotter} 2723 ms. Memory: 2391040K Free: 267635K (11%)
#Configuration.check: entity: ptolemy.actor.lib.gui.SequencePlotter {.configuration.actor library.Actors.Sinks.SequenceSinks.SequencePlotter} 2723 ms. Memory: 2391040K Free: 267635K (11%)
#Configuration.check: entity: ptolemy.actor.lib.gui.SequenceScope {.configuration.actor library.Actors.Sinks.SequenceSinks.SequenceScope} 2724 ms. Memory: 2391040K Free: 267635K (11%)
#Configuration.check: entity: ptolemy.actor.lib.ArrayAccumulate {.configuration.actor library.Actors.Array.ArrayAccumulate} 2724 ms. Memory: 2391040K Free: 267125K (11%)
#Configuration.check: entity: ptolemy.actor.lib.ArrayAppend {.configuration.actor library.Actors.Array.ArrayAppend} 2952 ms. Memory: 2391040K Free: 293510K (12%)
#Configuration.check: entity: ptolemy.actor.lib.ArrayAverage {.configuration.actor library.Actors.Array.ArrayAverage} 2953 ms. Memory: 2391040K Free: 293015K (12%)
#Configuration.check: entity: ptolemy.actor.lib.ArrayContains {.configuration.actor library.Actors.Array.ArrayContains} 2955 ms. Memory: 2391040K Free: 292501K (12%)
#Configuration.check: entity: ptolemy.actor.lib.ArrayElement {.configuration.actor library.Actors.Array.ArrayElement} 2957 ms. Memory: 2391040K Free: 292501K (12%)
#Configuration.check: entity: ptolemy.actor.lib.ArrayElementAsMatrix {.configuration.actor library.Actors.Array.ArrayElementAsMatrix} 2958 ms. Memory: 2391040K Free: 291991K (12%)
#Configuration.check: entity: ptolemy.actor.lib.ArrayExtract {.configuration.actor library.Actors.Array.ArrayExtract} 2961 ms. Memory: 2391040K Free: 291477K (12%)
#Configuration.check: entity: ptolemy.actor.lib.ArrayLength {.configuration.actor library.Actors.Array.ArrayLength} 2963 ms. Memory: 2391040K Free: 290967K (12%)
#Configuration.check: entity: ptolemy.actor.lib.ArrayLevelCrossing {.configuration.actor library.Actors.Array.ArrayLevelCrossing} 2964 ms. Memory: 2391040K Free: 290967K (12%)
#Configuration.check: entity: ptolemy.actor.lib.ArrayMaximum {.configuration.actor library.Actors.Array.ArrayMaximum} 2970 ms. Memory: 2391040K Free: 290453K (12%)
#Configuration.check: entity: ptolemy.actor.lib.ArrayMinimum {.configuration.actor library.Actors.Array.ArrayMinimum} 2971 ms. Memory: 2391040K Free: 290453K (12%)
#Configuration.check: entity: ptolemy.actor.lib.ArrayPeakSearch {.configuration.actor library.Actors.Array.ArrayPeakSearch} 2972 ms. Memory: 2391040K Free: 289943K (12%)
#Configuration.check: entity: ptolemy.actor.lib.ArrayRemoveElement {.configuration.actor library.Actors.Array.ArrayRemoveElement} 2974 ms. Memory: 2391040K Free: 289429K (12%)
#Configuration.check: entity: ptolemy.actor.lib.ArraySort {.configuration.actor library.Actors.Array.ArraySort} 2975 ms. Memory: 2391040K Free: 289429K (12%)
#Configuration.check: entity: ptolemy.actor.lib.ArraySum {.configuration.actor library.Actors.Array.ArraySum} 2976 ms. Memory: 2391040K Free: 288919K (12%)
#Configuration.check: entity: ptolemy.actor.lib.ArrayToElements {.configuration.actor library.Actors.Array.ArrayToElements} 2977 ms. Memory: 2391040K Free: 288919K (12%)
#Configuration.check: entity: ptolemy.domains.sdf.lib.ArrayToSequence {.configuration.actor library.Actors.Array.ArrayToSequence} 2977 ms. Memory: 2391040K Free: 288919K (12%)
#Configuration.check: entity: ptolemy.actor.lib.ArrayUpdate {.configuration.actor library.Actors.Array.ArrayUpdate} 2979 ms. Memory: 2391040K Free: 287895K (12%)
#Configuration.check: entity: ptolemy.actor.lib.ElementsToArray {.configuration.actor library.Actors.Array.ElementsToArray} 2981 ms. Memory: 2391040K Free: 287366K (12%)
#Configuration.check: entity: ptolemy.domains.sdf.lib.SequenceToArray {.configuration.actor library.Actors.Array.SequenceToArray} 2981 ms. Memory: 2391040K Free: 287366K (12%)
#Configuration.check: entity: ptolemy.actor.lib.conversions.AnythingToDouble {.configuration.actor library.Actors.Conversions.AnythingToDouble} 2990 ms. Memory: 2391040K Free: 286357K (12%)
#Configuration.check: entity: ptolemy.actor.lib.conversions.BooleanToAnything {.configuration.actor library.Actors.Conversions.BooleanToAnything} 3004 ms. Memory: 2391040K Free: 283799K (12%)
#Configuration.check: entity: ptolemy.domains.sdf.lib.BitsToInt {.configuration.actor library.Actors.Conversions.BitsToInt} 3004 ms. Memory: 2391040K Free: 283799K (12%)
#Configuration.check: entity: ptolemy.actor.lib.conversions.CartesianToComplex {.configuration.actor library.Actors.Conversions.CartesianToComplex} 3005 ms. Memory: 2391040K Free: 283799K (12%)
#Configuration.check: entity: ptolemy.actor.lib.conversions.CartesianToPolar {.configuration.actor library.Actors.Conversions.CartesianToPolar} 3006 ms. Memory: 2391040K Free: 283799K (12%)
#Configuration.check: entity: ptolemy.actor.lib.conversions.ComplexToCartesian {.configuration.actor library.Actors.Conversions.ComplexToCartesian} 3006 ms. Memory: 2391040K Free: 283799K (12%)
#Configuration.check: entity: ptolemy.actor.lib.conversions.ComplexToPolar {.configuration.actor library.Actors.Conversions.ComplexToPolar} 3006 ms. Memory: 2391040K Free: 283285K (12%)
#Configuration.check: entity: ptolemy.actor.lib.conversions.DateToString {.configuration.actor library.Actors.Conversions.DateToString} 3008 ms. Memory: 2391040K Free: 283285K (12%)
#Configuration.check: entity: ptolemy.actor.lib.conversions.DoubleToFix {.configuration.actor library.Actors.Conversions.DoubleToFix} 3008 ms. Memory: 2391040K Free: 283285K (12%)
#Configuration.check: entity: ptolemy.actor.lib.conversions.ExpressionToToken {.configuration.actor library.Actors.Conversions.ExpressionToToken} 3009 ms. Memory: 2391040K Free: 283285K (12%)
#Configuration.check: entity: ptolemy.actor.lib.conversions.FixToDouble {.configuration.actor library.Actors.Conversions.FixToDouble} 3009 ms. Memory: 2391040K Free: 283285K (12%)
#Configuration.check: entity: ptolemy.actor.lib.conversions.FixToFix {.configuration.actor library.Actors.Conversions.FixToFix} 3010 ms. Memory: 2391040K Free: 283285K (12%)
#Configuration.check: entity: ptolemy.actor.lib.conversions.ImageToString {.configuration.actor library.Actors.Conversions.ImageToString} 3013 ms. Memory: 2391040K Free: 283285K (12%)
#Configuration.check: entity: ptolemy.actor.lib.conversions.IntArrayToString {.configuration.actor library.Actors.Conversions.IntArrayToString} 3013 ms. Memory: 2391040K Free: 283285K (12%)
#Configuration.check: entity: ptolemy.domains.sdf.lib.IntToBits {.configuration.actor library.Actors.Conversions.IntToBits} 3014 ms. Memory: 2391040K Free: 283285K (12%)
#Configuration.check: entity: ptolemy.actor.lib.conversions.InUnitsOf {.configuration.actor library.Actors.Conversions.InUnitsOf} 3014 ms. Memory: 2391040K Free: 282775K (12%)
#Configuration.check: entity: ptolemy.actor.lib.conversions.json.JSONToToken {.configuration.actor library.Actors.Conversions.JSON.JSONToToken} 3015 ms. Memory: 2391040K Free: 282775K (12%)
#Configuration.check: entity: ptolemy.actor.lib.conversions.json.TokenToJSON {.configuration.actor library.Actors.Conversions.JSON.TokenToJSON} 3016 ms. Memory: 2391040K Free: 282775K (12%)
#Configuration.check: entity: ptolemy.actor.lib.conversions.LongToDouble {.configuration.actor library.Actors.Conversions.LongToDouble} 3016 ms. Memory: 2391040K Free: 282775K (12%)
#Configuration.check: entity: ptolemy.actor.lib.conversions.PolarToCartesian {.configuration.actor library.Actors.Conversions.PolarToCartesian} 3016 ms. Memory: 2391040K Free: 282775K (12%)
#Configuration.check: entity: ptolemy.actor.lib.conversions.PolarToComplex {.configuration.actor library.Actors.Conversions.PolarToComplex} 3017 ms. Memory: 2391040K Free: 282775K (12%)
#Configuration.check: entity: ptolemy.actor.lib.conversions.Round {.configuration.actor library.Actors.Conversions.Round} 3017 ms. Memory: 2391040K Free: 282775K (12%)
#Configuration.check: entity: ptolemy.actor.lib.conversions.SmoothToDouble {.configuration.actor library.Actors.Conversions.SmoothToDouble} 3017 ms. Memory: 2391040K Free: 282261K (12%)
#Configuration.check: entity: ptolemy.actor.lib.conversions.StringToBoolean {.configuration.actor library.Actors.Conversions.StringToBoolean} 3018 ms. Memory: 2391040K Free: 282261K (12%)
#Configuration.check: entity: ptolemy.actor.lib.conversions.StringToDouble {.configuration.actor library.Actors.Conversions.StringToDouble} 3018 ms. Memory: 2391040K Free: 282261K (12%)
#Configuration.check: entity: ptolemy.actor.lib.conversions.StringToInt {.configuration.actor library.Actors.Conversions.StringToInt} 3018 ms. Memory: 2391040K Free: 282261K (12%)
#Configuration.check: entity: ptolemy.actor.lib.conversions.StringToIntArray {.configuration.actor library.Actors.Conversions.StringToIntArray} 3018 ms. Memory: 2391040K Free: 282261K (12%)
#Configuration.check: entity: ptolemy.actor.lib.conversions.StringToUnsignedByteArray {.configuration.actor library.Actors.Conversions.StringToUnsignedByteArray} 3018 ms. Memory: 2391040K Free: 282261K (12%)
#Configuration.check: entity: ptolemy.actor.lib.conversions.StringToXML {.configuration.actor library.Actors.Conversions.StringToXML} 3019 ms. Memory: 2391040K Free: 282261K (12%)
#Configuration.check: entity: ptolemy.actor.lib.conversions.TokenToExpression {.configuration.actor library.Actors.Conversions.TokenToExpression} 3019 ms. Memory: 2391040K Free: 282261K (12%)
#Configuration.check: entity: ptolemy.actor.lib.conversions.UnsignedByteArrayToString {.configuration.actor library.Actors.Conversions.UnsignedByteArrayToString} 3020 ms. Memory: 2391040K Free: 282261K (12%)
#Configuration.check: entity: ptolemy.actor.lib.BusAssembler {.configuration.actor library.Actors.FlowControl.Aggregators.BusAssembler} 3020 ms. Memory: 2391040K Free: 282261K (12%)
#Configuration.check: entity: ptolemy.actor.lib.BusDisassembler {.configuration.actor library.Actors.FlowControl.Aggregators.BusDisassembler} 3132 ms. Memory: 2391040K Free: 359063K (15%)
#Configuration.check: entity: ptolemy.actor.lib.Commutator {.configuration.actor library.Actors.FlowControl.Aggregators.Commutator} 3132 ms. Memory: 2391040K Free: 359063K (15%)
#Configuration.check: entity: ptolemy.actor.lib.Distributor {.configuration.actor library.Actors.FlowControl.Aggregators.Distributor} 3134 ms. Memory: 2391040K Free: 358549K (15%)
#Configuration.check: entity: ptolemy.actor.lib.Multiplexor {.configuration.actor library.Actors.FlowControl.Aggregators.Multiplexor} 3136 ms. Memory: 2391040K Free: 358039K (15%)
#Configuration.check: entity: ptolemy.actor.lib.OrderedRecordAssembler {.configuration.actor library.Actors.FlowControl.Aggregators.OrderedRecordAssembler} 3137 ms. Memory: 2391040K Free: 358039K (15%)
#Configuration.check: entity: ptolemy.actor.lib.RecordAssembler {.configuration.actor library.Actors.FlowControl.Aggregators.RecordAssembler} 3139 ms. Memory: 2391040K Free: 358039K (15%)
#Configuration.check: entity: ptolemy.actor.lib.RecordDisassembler {.configuration.actor library.Actors.FlowControl.Aggregators.RecordDisassembler} 3139 ms. Memory: 2391040K Free: 357525K (15%)
#Configuration.check: entity: ptolemy.actor.lib.RecordUpdater {.configuration.actor library.Actors.FlowControl.Aggregators.RecordUpdater} 3140 ms. Memory: 2391040K Free: 357525K (15%)
#Configuration.check: entity: ptolemy.actor.lib.Sampler {.configuration.actor library.Actors.FlowControl.Aggregators.Sampler} 3141 ms. Memory: 2391040K Free: 357525K (15%)
#Configuration.check: entity: ptolemy.actor.lib.Select {.configuration.actor library.Actors.FlowControl.Aggregators.Select} 3141 ms. Memory: 2391040K Free: 357525K (15%)
#Configuration.check: entity: ptolemy.actor.lib.SingleTokenCommutator {.configuration.actor library.Actors.FlowControl.Aggregators.SingleTokenCommutator} 3144 ms. Memory: 2391040K Free: 357015K (15%)
#Configuration.check: entity: ptolemy.actor.lib.Switch {.configuration.actor library.Actors.FlowControl.Aggregators.Switch} 3144 ms. Memory: 2391040K Free: 357015K (15%)
#Configuration.check: entity: ptolemy.actor.lib.Synchronizer {.configuration.actor library.Actors.FlowControl.Aggregators.Synchronizer} 3148 ms. Memory: 2391040K Free: 356501K (15%)
#Configuration.check: entity: ptolemy.actor.lib.UnionDisassembler {.configuration.actor library.Actors.FlowControl.Aggregators.UnionDisassembler} 3150 ms. Memory: 2391040K Free: 356501K (15%)
#Configuration.check: entity: ptolemy.actor.lib.UnionMerge {.configuration.actor library.Actors.FlowControl.Aggregators.UnionMerge} 3152 ms. Memory: 2391040K Free: 356501K (15%)
#Configuration.check: entity: ptolemy.actor.lib.VectorAssembler {.configuration.actor library.Actors.FlowControl.Aggregators.VectorAssembler} 3152 ms. Memory: 2391040K Free: 355991K (15%)
#Configuration.check: entity: ptolemy.actor.lib.VectorDisassembler {.configuration.actor library.Actors.FlowControl.Aggregators.VectorDisassembler} 3153 ms. Memory: 2391040K Free: 355991K (15%)
#Configuration.check: entity: ptolemy.actor.lib.BooleanMultiplexor {.configuration.actor library.Actors.FlowControl.BooleanFlowControl.BooleanMultiplexor} 3153 ms. Memory: 2391040K Free: 355991K (15%)
#Configuration.check: entity: ptolemy.actor.lib.BooleanSelect {.configuration.actor library.Actors.FlowControl.BooleanFlowControl.BooleanSelect} 3214 ms. Memory: 2391040K Free: 322199K (13%)
#Configuration.check: entity: ptolemy.actor.lib.BooleanSwitch {.configuration.actor library.Actors.FlowControl.BooleanFlowControl.BooleanSwitch} 3215 ms. Memory: 2391040K Free: 321685K (13%)
#Configuration.check: entity: ptolemy.actor.lib.ConfigurationSelect {.configuration.actor library.Actors.FlowControl.BooleanFlowControl.ConfigurationSelect} 3217 ms. Memory: 2391040K Free: 321175K (13%)
#Configuration.check: entity: ptolemy.actor.lib.ConfigurationSwitch {.configuration.actor library.Actors.FlowControl.BooleanFlowControl.ConfigurationSwitch} 3218 ms. Memory: 2391040K Free: 320661K (13%)
#Configuration.check: entity: ptolemy.domains.sdf.lib.CountTrues {.configuration.actor library.Actors.FlowControl.BooleanFlowControl.CountTrues} 3219 ms. Memory: 2391040K Free: 320151K (13%)
#Configuration.check: entity: ptolemy.domains.sdf.lib.Chop {.configuration.actor library.Actors.FlowControl.SequenceControl.Chop} 3220 ms. Memory: 2391040K Free: 320151K (13%)
#Configuration.check: entity: ptolemy.actor.lib.Default {.configuration.actor library.Actors.FlowControl.SequenceControl.Default} 3265 ms. Memory: 2391040K Free: 291974K (12%)
#Configuration.check: entity: ptolemy.domains.sdf.lib.Repeat {.configuration.actor library.Actors.FlowControl.SequenceControl.Repeat} 3266 ms. Memory: 2391040K Free: 291479K (12%)
#Configuration.check: entity: ptolemy.domains.sdf.lib.SampleDelay {.configuration.actor library.Actors.FlowControl.SequenceControl.SampleDelay} 3269 ms. Memory: 2391040K Free: 290455K (12%)
#Configuration.check: entity: ptolemy.actor.lib.Sequencer {.configuration.actor library.Actors.FlowControl.SequenceControl.Sequencer} 3270 ms. Memory: 2391040K Free: 289926K (12%)
#Configuration.check: entity: ptolemy.actor.lib.Exit {.configuration.actor library.Actors.FlowControl.ExecutionControl.Exit} 3272 ms. Memory: 2391040K Free: 289431K (12%)
#Configuration.check: entity: ptolemy.actor.lib.Stop {.configuration.actor library.Actors.FlowControl.ExecutionControl.Stop} 3275 ms. Memory: 2391040K Free: 288902K (12%)
#Configuration.check: entity: ptolemy.actor.lib.Pause {.configuration.actor library.Actors.FlowControl.ExecutionControl.Pause} 3275 ms. Memory: 2391040K Free: 288902K (12%)
#Configuration.check: entity: ptolemy.actor.lib.ThrowException {.configuration.actor library.Actors.FlowControl.ExecutionControl.ThrowException} 3275 ms. Memory: 2391040K Free: 288902K (12%)
#Configuration.check: entity: ptolemy.actor.lib.ThrowModelError {.configuration.actor library.Actors.FlowControl.ExecutionControl.ThrowModelError} 3276 ms. Memory: 2391040K Free: 288902K (12%)
#Configuration.check: entity: ptolemy.actor.lib.Dictionary {.configuration.actor library.Actors.DataStores.Dictionary} 3276 ms. Memory: 2391040K Free: 288902K (12%)
#Configuration.check: entity: ptolemy.actor.lib.hoc.ApplyFunction {.configuration.actor library.Actors.HigherOrderActors.ApplyFunction} 3305 ms. Memory: 2391040K Free: 277653K (12%)
#Configuration.check: entity: ptolemy.vergil.actor.lib.ModelDisplay {.configuration.actor library.Actors.HigherOrderActors.ModelDisplay} 3308 ms. Memory: 2391040K Free: 277143K (12%)
#Configuration.check: entity: ptolemy.actor.lib.hoc.ModelReference {.configuration.actor library.Actors.HigherOrderActors.ModelReference} 3309 ms. Memory: 2391040K Free: 277143K (12%)
#Configuration.check: entity: ptolemy.vergil.actor.lib.VisualModelReference {.configuration.actor library.Actors.HigherOrderActors.VisualModelReference} 3312 ms. Memory: 2391040K Free: 276629K (12%)
#Configuration.check: entity: ptolemy.actor.lib.gui.ArrowKeySensor {.configuration.actor library.Actors.IO.ArrowKeySensor} 3315 ms. Memory: 2391040K Free: 275605K (12%)
#Configuration.check: entity: ptolemy.actor.lib.io.CSVReader {.configuration.actor library.Actors.IO.CSVReader} 3356 ms. Memory: 2391040K Free: 260230K (11%)
#Configuration.check: entity: ptolemy.actor.lib.io.CSVWriter {.configuration.actor library.Actors.IO.CSVWriter} 3358 ms. Memory: 2391040K Free: 260230K (11%)
#Configuration.check: entity: ptolemy.actor.lib.net.DatagramReader {.configuration.actor library.Actors.IO.DatagramReader} 3359 ms. Memory: 2391040K Free: 260230K (11%)
#Configuration.check: entity: ptolemy.actor.lib.net.DatagramWriter {.configuration.actor library.Actors.IO.DatagramWriter} 3365 ms. Memory: 2391040K Free: 260230K (11%)
#Configuration.check: entity: ptolemy.actor.lib.io.DirectoryListing {.configuration.actor library.Actors.IO.DirectoryListing} 3366 ms. Memory: 2391040K Free: 259735K (11%)
#Configuration.check: entity: ptolemy.actor.lib.io.FileReader {.configuration.actor library.Actors.IO.FileReader} 3370 ms. Memory: 2391040K Free: 259735K (11%)
#Configuration.check: entity: ptolemy.actor.lib.net.IPAddress {.configuration.actor library.Actors.IO.IPAddress} 3370 ms. Memory: 2391040K Free: 259221K (11%)
#Configuration.check: entity: ptolemy.actor.lib.FileWriter {.configuration.actor library.Actors.IO.FileWriter} 3371 ms. Memory: 2391040K Free: 259221K (11%)
#Configuration.check: entity: ptolemy.actor.lib.io.LineReader {.configuration.actor library.Actors.IO.LineReader} 3372 ms. Memory: 2391040K Free: 259221K (11%)
#Configuration.check: entity: ptolemy.actor.lib.io.LineWriter {.configuration.actor library.Actors.IO.LineWriter} 3373 ms. Memory: 2391040K Free: 259221K (11%)
#Configuration.check: entity: ptolemy.actor.lib.logic.Comparator {.configuration.actor library.Actors.Logic.Comparator} 3373 ms. Memory: 2391040K Free: 259221K (11%)
#Configuration.check: entity: ptolemy.actor.lib.logic.Equals {.configuration.actor library.Actors.Logic.Equals} 3461 ms. Memory: 2391040K Free: 353943K (15%)
#Configuration.check: entity: ptolemy.actor.lib.logic.IsPresent {.configuration.actor library.Actors.Logic.IsPresent} 3462 ms. Memory: 2391040K Free: 353943K (15%)
#Configuration.check: entity: ptolemy.actor.lib.logic.LogicalNot {.configuration.actor library.Actors.Logic.LogicalNot} 3462 ms. Memory: 2391040K Free: 353943K (15%)
#Configuration.check: entity: ptolemy.actor.lib.logic.LogicGate {.configuration.actor library.Actors.Logic.LogicGate} 3463 ms. Memory: 2391040K Free: 353429K (15%)
#Configuration.check: entity: ptolemy.actor.lib.logic.TrueGate {.configuration.actor library.Actors.Logic.TrueGate} 3465 ms. Memory: 2391040K Free: 352919K (15%)
#Configuration.check: entity: ptolemy.actor.lib.AbsoluteValue {.configuration.actor library.Actors.Math.AbsoluteValue} 3465 ms. Memory: 2391040K Free: 352919K (15%)
#Configuration.check: entity: ptolemy.actor.lib.AddSubtract {.configuration.actor library.Actors.Math.AddSubtract} 3660 ms. Memory: 2391040K Free: 261783K (11%)
#Configuration.check: entity: ptolemy.actor.lib.Accumulator {.configuration.actor library.Actors.Math.Accumulator} 3661 ms. Memory: 2391040K Free: 261269K (11%)
#Configuration.check: entity: ptolemy.actor.lib.Average {.configuration.actor library.Actors.Math.Average} 3662 ms. Memory: 2391040K Free: 261269K (11%)
#Configuration.check: entity: ptolemy.actor.lib.Counter {.configuration.actor library.Actors.Math.Counter} 3664 ms. Memory: 2391040K Free: 260759K (11%)
#Configuration.check: entity: ptolemy.actor.lib.Differential {.configuration.actor library.Actors.Math.Differential} 3665 ms. Memory: 2391040K Free: 260759K (11%)
#Configuration.check: entity: ptolemy.domains.sdf.lib.DotProduct {.configuration.actor library.Actors.Math.DotProduct} 3667 ms. Memory: 2391040K Free: 260245K (11%)
#Configuration.check: entity: ptolemy.actor.lib.Expression {.configuration.actor library.Actors.Math.Expression} 3670 ms. Memory: 2391040K Free: 259221K (11%)
#Configuration.check: entity: ptolemy.actor.lib.Limiter {.configuration.actor library.Actors.Math.Limiter} 3672 ms. Memory: 2391040K Free: 258711K (11%)
#Configuration.check: entity: ptolemy.actor.lib.LookupTable {.configuration.actor library.Actors.Math.LookupTable} 3673 ms. Memory: 2391040K Free: 258197K (11%)
#Configuration.check: entity: ptolemy.actor.lib.Maximum {.configuration.actor library.Actors.Math.Maximum} 3675 ms. Memory: 2391040K Free: 258197K (11%)
#Configuration.check: entity: ptolemy.actor.lib.Minimum {.configuration.actor library.Actors.Math.Minimum} 3676 ms. Memory: 2391040K Free: 257687K (11%)
#Configuration.check: entity: ptolemy.actor.lib.MovingAverage {.configuration.actor library.Actors.Math.MovingAverage} 3677 ms. Memory: 2391040K Free: 257687K (11%)
#Configuration.check: entity: ptolemy.actor.lib.MultiplyDivide {.configuration.actor library.Actors.Math.MultiplyDivide} 3679 ms. Memory: 2391040K Free: 257173K (11%)
#Configuration.check: entity: ptolemy.actor.lib.Quantizer {.configuration.actor library.Actors.Math.Quantizer} 3680 ms. Memory: 2391040K Free: 257173K (11%)
#Configuration.check: entity: ptolemy.actor.lib.Remainder {.configuration.actor library.Actors.Math.Remainder} 3681 ms. Memory: 2391040K Free: 256663K (11%)
#Configuration.check: entity: ptolemy.actor.lib.RunningMaximum {.configuration.actor library.Actors.Math.RunningMaximum} 3683 ms. Memory: 2391040K Free: 256149K (11%)
#Configuration.check: entity: ptolemy.actor.lib.RunningMinimum {.configuration.actor library.Actors.Math.RunningMinimum} 3684 ms. Memory: 2391040K Free: 255639K (11%)
#Configuration.check: entity: ptolemy.actor.lib.Scale {.configuration.actor library.Actors.Math.Scale} 3686 ms. Memory: 2391040K Free: 255639K (11%)
#Configuration.check: entity: ptolemy.actor.lib.TrigFunction {.configuration.actor library.Actors.Math.TrigFunction} 3686 ms. Memory: 2391040K Free: 255639K (11%)
#Configuration.check: entity: ptolemy.actor.lib.UnaryMathFunction {.configuration.actor library.Actors.Math.UnaryMathFunction} 3686 ms. Memory: 2391040K Free: 255639K (11%)
#Configuration.check: entity: ptolemy.actor.lib.ArrayToMatrix {.configuration.actor library.Actors.Matrix.ArrayToMatrix} 3687 ms. Memory: 2391040K Free: 255639K (11%)
#Configuration.check: entity: ptolemy.domains.sdf.lib.MatrixJoin {.configuration.actor library.Actors.Matrix.MatrixJoin} 3782 ms. Memory: 2426880K Free: 380774K (16%)
#Configuration.check: entity: ptolemy.domains.sdf.lib.MatrixSplit {.configuration.actor library.Actors.Matrix.MatrixSplit} 3786 ms. Memory: 2426880K Free: 379750K (16%)
#Configuration.check: entity: ptolemy.actor.lib.MatrixToArray {.configuration.actor library.Actors.Matrix.MatrixToArray} 3790 ms. Memory: 2426880K Free: 378726K (16%)
#Configuration.check: entity: ptolemy.domains.sdf.lib.MatrixToSequence {.configuration.actor library.Actors.Matrix.MatrixToSequence} 3791 ms. Memory: 2426880K Free: 378726K (16%)
#Configuration.check: entity: ptolemy.actor.lib.gui.MatrixViewer {.configuration.actor library.Actors.Matrix.MatrixViewer} 3792 ms. Memory: 2426880K Free: 378726K (16%)
#Configuration.check: entity: ptolemy.domains.sdf.lib.SequenceToMatrix {.configuration.actor library.Actors.Matrix.SequenceToMatrix} 3793 ms. Memory: 2426880K Free: 378726K (16%)
#Configuration.check: entity: ptolemy.actor.lib.SubMatrix {.configuration.actor library.Actors.Matrix.SubMatrix} 3794 ms. Memory: 2426880K Free: 378197K (16%)
#Configuration.check: entity: ptolemy.actor.lib.Bernoulli {.configuration.actor library.Actors.Random.Bernoulli} 3796 ms. Memory: 2426880K Free: 378197K (16%)
#Configuration.check: entity: ptolemy.actor.lib.DiscreteRandomSource {.configuration.actor library.Actors.Random.DiscreteRandomSource} 3923 ms. Memory: 2426880K Free: 338269K (14%)
#Configuration.check: entity: ptolemy.actor.lib.Gaussian {.configuration.actor library.Actors.Random.Gaussian} 3925 ms. Memory: 2426880K Free: 337766K (14%)
#Configuration.check: entity: ptolemy.actor.lib.RandomInteger {.configuration.actor library.Actors.Random.RandomInteger} 3927 ms. Memory: 2426880K Free: 337252K (14%)
#Configuration.check: entity: ptolemy.actor.lib.Rician {.configuration.actor library.Actors.Random.Rician} 3927 ms. Memory: 2426880K Free: 337252K (14%)
#Configuration.check: entity: ptolemy.actor.lib.Triangular {.configuration.actor library.Actors.Random.Triangular} 3928 ms. Memory: 2426880K Free: 336742K (14%)
#Configuration.check: entity: ptolemy.actor.lib.Uniform {.configuration.actor library.Actors.Random.Uniform} 3930 ms. Memory: 2426880K Free: 336228K (14%)
#Configuration.check: entity: ptolemy.actor.lib.colt.ColtBeta {.configuration.actor library.Actors.Random.Colt.ColtBeta} 3933 ms. Memory: 2426880K Free: 335204K (14%)
#Configuration.check: entity: ptolemy.actor.lib.colt.ColtBinomial {.configuration.actor library.Actors.Random.Colt.ColtBinomial} 4309 ms. Memory: 2426880K Free: 302950K (12%)
#Configuration.check: entity: ptolemy.actor.lib.colt.ColtBinomialSelector {.configuration.actor library.Actors.Random.Colt.ColtBinomialSelector} 4312 ms. Memory: 2426880K Free: 302436K (12%)
#Configuration.check: entity: ptolemy.actor.lib.colt.ColtBreitWigner {.configuration.actor library.Actors.Random.Colt.ColtBreitWigner} 4314 ms. Memory: 2426880K Free: 302436K (12%)
#Configuration.check: entity: ptolemy.actor.lib.colt.ColtChiSquare {.configuration.actor library.Actors.Random.Colt.ColtChiSquare} 4317 ms. Memory: 2426880K Free: 301926K (12%)
#Configuration.check: entity: ptolemy.actor.lib.colt.ColtExponential {.configuration.actor library.Actors.Random.Colt.ColtExponential} 4319 ms. Memory: 2426880K Free: 301926K (12%)
#Configuration.check: entity: ptolemy.actor.lib.colt.ColtExponentialPower {.configuration.actor library.Actors.Random.Colt.ColtExponentialPower} 4326 ms. Memory: 2426880K Free: 301926K (12%)
#Configuration.check: entity: ptolemy.actor.lib.colt.ColtGamma {.configuration.actor library.Actors.Random.Colt.ColtGamma} 4332 ms. Memory: 2426880K Free: 301412K (12%)
#Configuration.check: entity: ptolemy.actor.lib.colt.ColtHyperGeometric {.configuration.actor library.Actors.Random.Colt.ColtHyperGeometric} 4335 ms. Memory: 2426880K Free: 301412K (12%)
#Configuration.check: entity: ptolemy.actor.lib.colt.ColtLogarithmic {.configuration.actor library.Actors.Random.Colt.ColtLogarithmic} 4338 ms. Memory: 2426880K Free: 300902K (12%)
#Configuration.check: entity: ptolemy.actor.lib.colt.ColtNegativeBinomial {.configuration.actor library.Actors.Random.Colt.ColtNegativeBinomial} 4339 ms. Memory: 2426880K Free: 300902K (12%)
#Configuration.check: entity: ptolemy.actor.lib.colt.ColtNormal {.configuration.actor library.Actors.Random.Colt.ColtNormal} 4341 ms. Memory: 2426880K Free: 300388K (12%)
#Configuration.check: entity: ptolemy.actor.lib.colt.ColtPoisson {.configuration.actor library.Actors.Random.Colt.ColtPoisson} 4344 ms. Memory: 2426880K Free: 300388K (12%)
#Configuration.check: entity: ptolemy.actor.lib.colt.ColtPoissonSlow {.configuration.actor library.Actors.Random.Colt.ColtPoissonSlow} 4346 ms. Memory: 2426880K Free: 300388K (12%)
#Configuration.check: entity: ptolemy.actor.lib.colt.ColtStudentT {.configuration.actor library.Actors.Random.Colt.ColtStudentT} 4347 ms. Memory: 2426880K Free: 299878K (12%)
#Configuration.check: entity: ptolemy.actor.lib.colt.ColtVonMises {.configuration.actor library.Actors.Random.Colt.ColtVonMises} 4349 ms. Memory: 2426880K Free: 299878K (12%)
#Configuration.check: entity: ptolemy.actor.lib.colt.ColtZeta {.configuration.actor library.Actors.Random.Colt.ColtZeta} 4350 ms. Memory: 2426880K Free: 299364K (12%)
#Configuration.check: entity: ptolemy.actor.lib.DelayStart {.configuration.actor library.Actors.RealTime.DelayStart} 4352 ms. Memory: 2426880K Free: 299364K (12%)
#Configuration.check: entity: ptolemy.actor.lib.ExecutionTime {.configuration.actor library.Actors.RealTime.ExecutionTime} 4365 ms. Memory: 2426880K Free: 295237K (12%)
#Configuration.check: entity: ptolemy.actor.lib.gui.RealTimePlotter {.configuration.actor library.Actors.RealTime.RealTimePlotter} 4366 ms. Memory: 2426880K Free: 295237K (12%)
#Configuration.check: entity: ptolemy.actor.lib.Sleep {.configuration.actor library.Actors.RealTime.Sleep} 4366 ms. Memory: 2426880K Free: 295237K (12%)
#Configuration.check: entity: ptolemy.actor.lib.VariableSleep {.configuration.actor library.Actors.RealTime.VariableSleep} 4367 ms. Memory: 2426880K Free: 295237K (12%)
#Configuration.check: entity: ptolemy.actor.lib.WallClockTime {.configuration.actor library.Actors.RealTime.WallClockTime} 4367 ms. Memory: 2426880K Free: 295237K (12%)
#Configuration.check: entity: ptolemy.actor.lib.javasound.AudioCapture {.configuration.actor library.Actors.SignalProcessing.Audio.AudioCapture} 4368 ms. Memory: 2426880K Free: 295237K (12%)
#Configuration.check: entity: ptolemy.actor.lib.javasound.AudioReader {.configuration.actor library.Actors.SignalProcessing.Audio.AudioReader} 4400 ms. Memory: 2426880K Free: 282980K (12%)
#Configuration.check: entity: ptolemy.actor.lib.javasound.AudioPlayer {.configuration.actor library.Actors.SignalProcessing.Audio.AudioPlayer} 4402 ms. Memory: 2426880K Free: 282980K (12%)
#Configuration.check: entity: ptolemy.actor.lib.javasound.AudioWriter {.configuration.actor library.Actors.SignalProcessing.Audio.AudioWriter} 4403 ms. Memory: 2426880K Free: 282980K (12%)
#Configuration.check: entity: ptolemy.actor.lib.javasound.ClipPlayer {.configuration.actor library.Actors.SignalProcessing.Audio.ClipPlayer} 4405 ms. Memory: 2426880K Free: 282470K (12%)
#Configuration.check: entity: ptolemy.actor.lib.comm.ConvolutionalCoder {.configuration.actor library.Actors.SignalProcessing.communications.ConvolutionalCoder} 4406 ms. Memory: 2426880K Free: 282470K (12%)
#Configuration.check: entity: ptolemy.actor.lib.comm.DeScrambler {.configuration.actor library.Actors.SignalProcessing.communications.DeScrambler} 4444 ms. Memory: 2426880K Free: 265062K (11%)
#Configuration.check: entity: ptolemy.actor.lib.comm.HadamardCode {.configuration.actor library.Actors.SignalProcessing.communications.HadamardCode} 4445 ms. Memory: 2426880K Free: 265062K (11%)
#Configuration.check: entity: ptolemy.actor.lib.comm.HammingCoder {.configuration.actor library.Actors.SignalProcessing.communications.HammingCoder} 4446 ms. Memory: 2426880K Free: 265062K (11%)
#Configuration.check: entity: ptolemy.actor.lib.comm.HammingDecoder {.configuration.actor library.Actors.SignalProcessing.communications.HammingDecoder} 4446 ms. Memory: 2426880K Free: 264548K (11%)
#Configuration.check: entity: ptolemy.actor.lib.comm.HuffmanCoder {.configuration.actor library.Actors.SignalProcessing.communications.HuffmanCoder} 4446 ms. Memory: 2426880K Free: 264548K (11%)
#Configuration.check: entity: ptolemy.actor.lib.comm.HuffmanDecoder {.configuration.actor library.Actors.SignalProcessing.communications.HuffmanDecoder} 4454 ms. Memory: 2426880K Free: 264548K (11%)
#Configuration.check: entity: ptolemy.actor.lib.comm.LempelZivCoder {.configuration.actor library.Actors.SignalProcessing.communications.LempelZivCoder} 4454 ms. Memory: 2426880K Free: 264548K (11%)
#Configuration.check: entity: ptolemy.actor.lib.comm.LempelZivDecoder {.configuration.actor library.Actors.SignalProcessing.communications.LempelZIvDecoder} 4455 ms. Memory: 2426880K Free: 264548K (11%)
#Configuration.check: entity: ptolemy.domains.sdf.lib.LineCoder {.configuration.actor library.Actors.SignalProcessing.communications.LineCoder} 4455 ms. Memory: 2426880K Free: 264548K (11%)
#Configuration.check: entity: ptolemy.domains.sdf.lib.LMSAdaptive {.configuration.actor library.Actors.SignalProcessing.communications.LMSAdaptive} 4456 ms. Memory: 2426880K Free: 264038K (11%)
#Configuration.check: entity: ptolemy.domains.sdf.lib.RaisedCosine {.configuration.actor library.Actors.SignalProcessing.communications.RaisedCosine} 4462 ms. Memory: 2426880K Free: 263014K (11%)
#Configuration.check: entity: ptolemy.actor.lib.comm.Scrambler {.configuration.actor library.Actors.SignalProcessing.communications.Scrambler} 4516 ms. Memory: 2426880K Free: 390485K (16%)
#Configuration.check: entity: ptolemy.actor.lib.comm.Slicer {.configuration.actor library.Actors.SignalProcessing.communications.Slicer} 4516 ms. Memory: 2426880K Free: 390485K (16%)
#Configuration.check: entity: ptolemy.actor.lib.comm.TrellisDecoder {.configuration.actor library.Actors.SignalProcessing.communications.TrellisDecoder} 4517 ms. Memory: 2426880K Free: 390485K (16%)
#Configuration.check: entity: ptolemy.actor.lib.comm.ViterbiDecoder {.configuration.actor library.Actors.SignalProcessing.communications.ViterbiDecoder} 4518 ms. Memory: 2426880K Free: 389990K (16%)
#Configuration.check: entity: ptolemy.domains.sdf.lib.DelayLine {.configuration.actor library.Actors.SignalProcessing.Filtering.DelayLine} 4518 ms. Memory: 2426880K Free: 389990K (16%)
#Configuration.check: entity: ptolemy.domains.sdf.lib.DownSample {.configuration.actor library.Actors.SignalProcessing.Filtering.DownSample} 4659 ms. Memory: 2426880K Free: 321892K (13%)
#Configuration.check: entity: ptolemy.domains.sdf.lib.FIR {.configuration.actor library.Actors.SignalProcessing.Filtering.FIR} 4661 ms. Memory: 2426880K Free: 320868K (13%)
#Configuration.check: entity: ptolemy.actor.lib.GradientAdaptiveLattice {.configuration.actor library.Actors.SignalProcessing.Filtering.GradientAdaptiveLattice} 4665 ms. Memory: 2426880K Free: 319829K (13%)
#Configuration.check: entity: ptolemy.actor.lib.IIR {.configuration.actor library.Actors.SignalProcessing.Filtering.IIR} 4665 ms. Memory: 2426880K Free: 319829K (13%)
#Configuration.check: entity: ptolemy.actor.lib.Lattice {.configuration.actor library.Actors.SignalProcessing.Filtering.Lattice} 4668 ms. Memory: 2426880K Free: 319334K (13%)
#Configuration.check: entity: ptolemy.actor.lib.LinearDifferenceEquationSystem {.configuration.actor library.Actors.SignalProcessing.Filtering.LinearDifferenceEquationSystem} 4669 ms. Memory: 2426880K Free: 319334K (13%)
#Configuration.check: entity: ptolemy.domains.sdf.lib.LMSAdaptive {.configuration.actor library.Actors.SignalProcessing.Filtering.LMSAdaptive} 4669 ms. Memory: 2426880K Free: 319334K (13%)
#Configuration.check: entity: ptolemy.actor.lib.RecursiveLattice {.configuration.actor library.Actors.SignalProcessing.Filtering.RecursiveLattice} 4675 ms. Memory: 2426880K Free: 317789K (13%)
#Configuration.check: entity: ptolemy.domains.sdf.lib.UpSample {.configuration.actor library.Actors.SignalProcessing.Filtering.UpSample} 4675 ms. Memory: 2426880K Free: 317789K (13%)
#Configuration.check: entity: ptolemy.domains.sdf.lib.VariableFIR {.configuration.actor library.Actors.SignalProcessing.Filtering.VariableFIR} 4676 ms. Memory: 2426880K Free: 317286K (13%)
#Configuration.check: entity: ptolemy.domains.sdf.lib.VariableLattice {.configuration.actor library.Actors.SignalProcessing.Filtering.VariableLattice} 4682 ms. Memory: 2426880K Free: 315748K (13%)
#Configuration.check: entity: ptolemy.domains.sdf.lib.VariableRecursiveLattice {.configuration.actor library.Actors.SignalProcessing.Filtering.VariableRecursiveLattice} 4683 ms. Memory: 2426880K Free: 315748K (13%)
#Configuration.check: entity: ptolemy.actor.lib.DB {.configuration.actor library.Actors.SignalProcessing.Spectrum.DB} 4684 ms. Memory: 2426880K Free: 315748K (13%)
#Configuration.check: entity: ptolemy.domains.sdf.lib.FFT {.configuration.actor library.Actors.SignalProcessing.Spectrum.FFT} 4942 ms. Memory: 2426880K Free: 332134K (14%)
#Configuration.check: entity: ptolemy.domains.sdf.lib.IFFT {.configuration.actor library.Actors.SignalProcessing.Spectrum.IFFT} 4945 ms. Memory: 2426880K Free: 331620K (14%)
#Configuration.check: entity: ptolemy.actor.lib.LevinsonDurbin {.configuration.actor library.Actors.SignalProcessing.Spectrum.LevinsonDurbin} 4947 ms. Memory: 2426880K Free: 331110K (14%)
#Configuration.check: entity: ptolemy.actor.lib.PhaseUnwrap {.configuration.actor library.Actors.SignalProcessing.Spectrum.PhaseUnwrap} 4948 ms. Memory: 2426880K Free: 331110K (14%)
#Configuration.check: entity: ptolemy.domains.sdf.lib.Autocorrelation {.configuration.actor library.Actors.SignalProcessing.Statistical.Autocorrelation} 4948 ms. Memory: 2426880K Free: 330596K (14%)
#Configuration.check: entity: ptolemy.actor.lib.ComputeHistogram {.configuration.actor library.Actors.SignalProcessing.Statistical.ComputeHistogram} 4977 ms. Memory: 2426880K Free: 316253K (13%)
#Configuration.check: entity: ptolemy.actor.lib.IIR {.configuration.actor library.Actors.SignalProcessing.Statistical.PowerEstimate.IIR} 4980 ms. Memory: 2426880K Free: 315750K (13%)
#Configuration.check: entity: ptolemy.actor.lib.DB {.configuration.actor library.Actors.SignalProcessing.Statistical.PowerEstimate.DB} 4982 ms. Memory: 2426880K Free: 315215K (13%)
#Configuration.check: entity: ptolemy.actor.lib.Scale {.configuration.actor library.Actors.SignalProcessing.Statistical.PowerEstimate.Scale} 4983 ms. Memory: 2426880K Free: 315215K (13%)
#Configuration.check: entity: ptolemy.actor.lib.MathFunction {.configuration.actor library.Actors.SignalProcessing.Statistical.PowerEstimate.MathFunction} 4984 ms. Memory: 2426880K Free: 315215K (13%)
#Configuration.check: entity: ptolemy.actor.lib.string.StringCompare {.configuration.actor library.Actors.String.StringCompare} 4984 ms. Memory: 2426880K Free: 314726K (13%)
#Configuration.check: entity: ptolemy.actor.lib.string.StringFunction {.configuration.actor library.Actors.String.StringFunction} 5051 ms. Memory: 2426880K Free: 287078K (12%)
#Configuration.check: entity: ptolemy.actor.lib.string.StringIndexOf {.configuration.actor library.Actors.String.StringIndexOf} 5052 ms. Memory: 2426880K Free: 287078K (12%)
#Configuration.check: entity: ptolemy.actor.lib.string.StringLength {.configuration.actor library.Actors.String.StringLength} 5053 ms. Memory: 2426880K Free: 286564K (12%)
#Configuration.check: entity: ptolemy.actor.lib.string.StringMatches {.configuration.actor library.Actors.String.StringMatches} 5054 ms. Memory: 2426880K Free: 286543K (12%)
#Configuration.check: entity: ptolemy.actor.lib.string.StringReplace {.configuration.actor library.Actors.String.StringReplace} 5056 ms. Memory: 2426880K Free: 286054K (12%)
#Configuration.check: entity: ptolemy.actor.lib.string.StringSplit {.configuration.actor library.Actors.String.StringSplit} 5058 ms. Memory: 2426880K Free: 285540K (12%)
#Configuration.check: entity: ptolemy.actor.lib.string.StringSubstring {.configuration.actor library.Actors.String.StringSubstring} 5065 ms. Memory: 2426880K Free: 285540K (12%)
#Configuration.check: entity: ptolemy.actor.lib.DiscreteClock {.configuration.actor library.Actors.DomainSpecific.Continuous.Signal Generators.ContinuousClock.DiscreteClock} 5066 ms. Memory: 2426880K Free: 285030K (12%)
#Configuration.check: entity: ptolemy.domains.continuous.lib.ZeroOrderHold {.configuration.actor library.Actors.DomainSpecific.Continuous.Signal Generators.ContinuousClock.ZeroOrderHold} 5372 ms. Memory: 2426880K Free: 302598K (12%)
#Configuration.check: entity: ptolemy.actor.lib.DiscreteClock {.configuration.actor library.Actors.DomainSpecific.Continuous.Signal Generators.DiscreteClock} 5373 ms. Memory: 2426880K Free: 302103K (12%)
#Configuration.check: entity: ptolemy.actor.lib.SingleEvent {.configuration.actor library.Actors.DomainSpecific.Continuous.Signal Generators.SingleEvent} 5375 ms. Memory: 2426880K Free: 302103K (12%)
#Configuration.check: entity: ptolemy.domains.continuous.lib.Waveform {.configuration.actor library.Actors.DomainSpecific.Continuous.Signal Generators.Waveform} 5376 ms. Memory: 2426880K Free: 301589K (12%)
#Configuration.check: entity: ptolemy.domains.continuous.lib.LevelCrossingDetector {.configuration.actor library.Actors.DomainSpecific.Continuous.Continuous to Discrete.LevelCrossingDetector} 5377 ms. Memory: 2426880K Free: 301589K (12%)
#Configuration.check: entity: ptolemy.domains.continuous.lib.PeriodicSampler {.configuration.actor library.Actors.DomainSpecific.Continuous.Continuous to Discrete.PeriodicSampler} 5378 ms. Memory: 2426880K Free: 301079K (12%)
#Configuration.check: entity: ptolemy.actor.lib.Sampler {.configuration.actor library.Actors.DomainSpecific.Continuous.Continuous to Discrete.Sampler} 5379 ms. Memory: 2426880K Free: 301079K (12%)
#Configuration.check: entity: ptolemy.domains.continuous.lib.ZeroOrderHold {.configuration.actor library.Actors.DomainSpecific.Continuous.Discrete to Continuous.ZeroOrderHold} 5379 ms. Memory: 2426880K Free: 301079K (12%)
#Configuration.check: entity: ptolemy.actor.lib.Scale {.configuration.actor library.Actors.DomainSpecific.Continuous.Dynamics.DCMotor.Scale} 5379 ms. Memory: 2426880K Free: 301079K (12%)
#Configuration.check: entity: ptolemy.actor.lib.AddSubtract {.configuration.actor library.Actors.DomainSpecific.Continuous.Dynamics.DCMotor.AddSubtract} 5379 ms. Memory: 2426880K Free: 300565K (12%)
#Configuration.check: entity: ptolemy.actor.lib.Scale {.configuration.actor library.Actors.DomainSpecific.Continuous.Dynamics.DCMotor.Scale2} 5380 ms. Memory: 2426880K Free: 300565K (12%)
#Configuration.check: entity: ptolemy.actor.lib.AddSubtract {.configuration.actor library.Actors.DomainSpecific.Continuous.Dynamics.DCMotor.AddSubtract2} 5380 ms. Memory: 2426880K Free: 300565K (12%)
#Configuration.check: entity: ptolemy.domains.continuous.lib.Integrator {.configuration.actor library.Actors.DomainSpecific.Continuous.Dynamics.DCMotor.Integrator} 5380 ms. Memory: 2426880K Free: 300565K (12%)
#Configuration.check: entity: ptolemy.actor.lib.Scale {.configuration.actor library.Actors.DomainSpecific.Continuous.Dynamics.DCMotor.Scale3} 5381 ms. Memory: 2426880K Free: 300565K (12%)
#Configuration.check: entity: ptolemy.actor.lib.Scale {.configuration.actor library.Actors.DomainSpecific.Continuous.Dynamics.DCMotor.Scale4} 5382 ms. Memory: 2426880K Free: 300565K (12%)
#Configuration.check: entity: ptolemy.actor.lib.Scale {.configuration.actor library.Actors.DomainSpecific.Continuous.Dynamics.DCMotor.Scale5} 5382 ms. Memory: 2426880K Free: 300055K (12%)
#Configuration.check: entity: ptolemy.domains.continuous.lib.Integrator {.configuration.actor library.Actors.DomainSpecific.Continuous.Dynamics.DCMotor.Integrator2} 5382 ms. Memory: 2426880K Free: 300055K (12%)
#Configuration.check: entity: ptolemy.actor.lib.Default {.configuration.actor library.Actors.DomainSpecific.Continuous.Dynamics.DCMotor.Default} 5383 ms. Memory: 2426880K Free: 300055K (12%)
#Configuration.check: entity: ptolemy.actor.lib.Const {.configuration.actor library.Actors.DomainSpecific.Continuous.Dynamics.DCMotor.Const} 5384 ms. Memory: 2426880K Free: 299541K (12%)
#Configuration.check: entity: ptolemy.domains.continuous.lib.Derivative {.configuration.actor library.Actors.DomainSpecific.Continuous.Dynamics.Derivative} 5385 ms. Memory: 2426880K Free: 299541K (12%)
#Configuration.check: entity: ptolemy.domains.continuous.lib.Integrator {.configuration.actor library.Actors.DomainSpecific.Continuous.Dynamics.Integrator} 5385 ms. Memory: 2426880K Free: 299541K (12%)
#Configuration.check: entity: ptolemy.domains.continuous.lib.BandlimitedNoise {.configuration.actor library.Actors.DomainSpecific.Continuous.Random.BandlimitedNoise} 5386 ms. Memory: 2426880K Free: 299541K (12%)
#Configuration.check: entity: ptolemy.domains.continuous.lib.Noise {.configuration.actor library.Actors.DomainSpecific.Continuous.Random.Noise} 5389 ms. Memory: 2426880K Free: 298517K (12%)
#Configuration.check: entity: ptolemy.actor.lib.MicrostepDelay {.configuration.actor library.Actors.DomainSpecific.Continuous.Miscellaneous.MicrostepDelay} 5392 ms. Memory: 2426880K Free: 297493K (12%)
#Configuration.check: entity: ptolemy.actor.lib.ResettableTimer {.configuration.actor library.Actors.DomainSpecific.Continuous.Miscellaneous.ResettableTimer} 5392 ms. Memory: 2426880K Free: 297478K (12%)
#Configuration.check: entity: ptolemy.domains.continuous.lib.ContinuousMerge {.configuration.actor library.Actors.DomainSpecific.Continuous.Miscellaneous.ContinuousMerge} 5393 ms. Memory: 2426880K Free: 297478K (12%)
#Configuration.check: entity: ptolemy.domains.ddf.lib.DDFSingleTokenCommutator {.configuration.actor library.Actors.DomainSpecific.DynamicDataFlow.DDFSingleTokenCommutator} 5394 ms. Memory: 2426880K Free: 297478K (12%)
#Configuration.check: entity: ptolemy.actor.lib.CurrentDate {.configuration.actor library.Actors.DomainSpecific.DiscreteEvent.Date.CurrentDate} 5395 ms. Memory: 2426880K Free: 296983K (12%)
#Configuration.check: entity: ptolemy.actor.lib.DateElements {.configuration.actor library.Actors.DomainSpecific.DiscreteEvent.Date.DateElements} 5831 ms. Memory: 2426880K Free: 283594K (12%)
#Configuration.check: entity: ptolemy.actor.lib.DateConstructor {.configuration.actor library.Actors.DomainSpecific.DiscreteEvent.Date.DateConstructor} 5834 ms. Memory: 2426880K Free: 282570K (12%)
#Configuration.check: entity: ptolemy.domains.de.lib.DateToEvent {.configuration.actor library.Actors.DomainSpecific.DiscreteEvent.Date.DateToEvent} 5839 ms. Memory: 2426880K Free: 281546K (12%)
#Configuration.check: entity: ptolemy.domains.de.lib.DateToModelTime {.configuration.actor library.Actors.DomainSpecific.DiscreteEvent.Date.DateToModelTime} 5842 ms. Memory: 2426880K Free: 280522K (12%)
#Configuration.check: entity: ptolemy.domains.de.lib.EventToDate {.configuration.actor library.Actors.DomainSpecific.DiscreteEvent.Date.EventToDate} 5845 ms. Memory: 2426880K Free: 279498K (12%)
#Configuration.check: entity: ptolemy.actor.lib.ModifyDate {.configuration.actor library.Actors.DomainSpecific.DiscreteEvent.Date.ModifyDate} 5848 ms. Memory: 2426880K Free: 278984K (11%)
#Configuration.check: entity: ptolemy.actor.lib.conversions.StringToDate {.configuration.actor library.Actors.DomainSpecific.DiscreteEvent.Date.StringToDate} 5851 ms. Memory: 2426880K Free: 277960K (11%)
#Configuration.check: entity: ptolemy.domains.de.lib.AverageOverTime {.configuration.actor library.Actors.DomainSpecific.DiscreteEvent.AverageOverTime} 5851 ms. Memory: 2426880K Free: 277960K (11%)
#Configuration.check: entity: ptolemy.domains.de.lib.Derivative {.configuration.actor library.Actors.DomainSpecific.DiscreteEvent.Derivative} 5852 ms. Memory: 2426880K Free: 277960K (11%)
#Configuration.check: entity: ptolemy.actor.lib.gui.EventButton {.configuration.actor library.Actors.DomainSpecific.DiscreteEvent.EventButton} 5853 ms. Memory: 2426880K Free: 277960K (11%)
#Configuration.check: entity: ptolemy.domains.de.lib.EventFilter {.configuration.actor library.Actors.DomainSpecific.DiscreteEvent.EventFilter} 5855 ms. Memory: 2426880K Free: 277448K (11%)
#Configuration.check: entity: ptolemy.domains.de.lib.Inhibit {.configuration.actor library.Actors.DomainSpecific.DiscreteEvent.Inhibit} 5855 ms. Memory: 2426880K Free: 277448K (11%)
#Configuration.check: entity: ptolemy.domains.de.lib.Integrator {.configuration.actor library.Actors.DomainSpecific.DiscreteEvent.Integrator} 5856 ms. Memory: 2426880K Free: 276936K (11%)
#Configuration.check: entity: ptolemy.domains.de.lib.Merge {.configuration.actor library.Actors.DomainSpecific.DiscreteEvent.Merge} 5856 ms. Memory: 2426880K Free: 276936K (11%)
#Configuration.check: entity: ptolemy.actor.lib.MicrostepDelay {.configuration.actor library.Actors.DomainSpecific.DiscreteEvent.MicrostepDelay} 5857 ms. Memory: 2426880K Free: 276936K (11%)
#Configuration.check: entity: ptolemy.domains.de.lib.MostRecent {.configuration.actor library.Actors.DomainSpecific.DiscreteEvent.MostRecent} 5857 ms. Memory: 2426880K Free: 276924K (11%)
#Configuration.check: entity: ptolemy.domains.de.lib.PID {.configuration.actor library.Actors.DomainSpecific.DiscreteEvent.PID} 5858 ms. Memory: 2426880K Free: 276924K (11%)
#Configuration.check: entity: ptolemy.domains.de.lib.Previous {.configuration.actor library.Actors.DomainSpecific.DiscreteEvent.Previous} 5858 ms. Memory: 2426880K Free: 276924K (11%)
#Configuration.check: entity: ptolemy.domains.de.lib.Queue {.configuration.actor library.Actors.DomainSpecific.DiscreteEvent.Queue} 5859 ms. Memory: 2426880K Free: 276426K (11%)
#Configuration.check: entity: ptolemy.domains.de.lib.Register {.configuration.actor library.Actors.DomainSpecific.DiscreteEvent.Register} 5860 ms. Memory: 2426880K Free: 275912K (11%)
#Configuration.check: entity: ptolemy.actor.lib.ResettableTimer {.configuration.actor library.Actors.DomainSpecific.DiscreteEvent.ResettableTimer} 5861 ms. Memory: 2426880K Free: 275912K (11%)
#Configuration.check: entity: ptolemy.domains.de.lib.Server {.configuration.actor library.Actors.DomainSpecific.DiscreteEvent.Server} 5862 ms. Memory: 2426880K Free: 275912K (11%)
#Configuration.check: entity: ptolemy.domains.de.lib.SharedQueue {.configuration.actor library.Actors.DomainSpecific.DiscreteEvent.SharedQueue} 5864 ms. Memory: 2426880K Free: 275402K (11%)
#Configuration.check: entity: ptolemy.actor.lib.SingleEvent {.configuration.actor library.Actors.DomainSpecific.DiscreteEvent.SingleEvent} 5865 ms. Memory: 2426880K Free: 274888K (11%)
#Configuration.check: entity: ptolemy.domains.de.lib.TimeCompare {.configuration.actor library.Actors.DomainSpecific.DiscreteEvent.TimeCompare} 5866 ms. Memory: 2426880K Free: 274888K (11%)
#Configuration.check: entity: ptolemy.actor.lib.TimeDelay {.configuration.actor library.Actors.DomainSpecific.DiscreteEvent.TimeDelay} 5867 ms. Memory: 2426880K Free: 274888K (11%)
#Configuration.check: entity: ptolemy.domains.de.lib.TimeGap {.configuration.actor library.Actors.DomainSpecific.DiscreteEvent.TimeGap} 5868 ms. Memory: 2426880K Free: 274378K (11%)
#Configuration.check: entity: ptolemy.domains.de.lib.WaitingTime {.configuration.actor library.Actors.DomainSpecific.DiscreteEvent.WaitingTime} 5870 ms. Memory: 2426880K Free: 273864K (11%)
#Configuration.check: entity: ptolemy.actor.lib.OrderedMerge {.configuration.actor library.Actors.DomainSpecific.ProcessNetworks.OrderedMerge} 5873 ms. Memory: 2426880K Free: 273354K (11%)
#Configuration.check: entity: ptolemy.actor.lib.Sequencer {.configuration.actor library.Actors.DomainSpecific.ProcessNetworks.Sequencer} 5903 ms. Memory: 2426880K Free: 261576K (11%)
#Configuration.check: entity: ptolemy.domains.pn.lib.Starver {.configuration.actor library.Actors.DomainSpecific.ProcessNetworks.Starver} 5904 ms. Memory: 2426880K Free: 261066K (11%)
#Configuration.check: entity: ptolemy.actor.lib.Stop {.configuration.actor library.Actors.DomainSpecific.ProcessNetworks.Stop} 5906 ms. Memory: 2426880K Free: 260552K (11%)
#Configuration.check: entity: ptolemy.actor.lib.Synchronizer {.configuration.actor library.Actors.DomainSpecific.ProcessNetworks.Synchronizer} 5906 ms. Memory: 2426880K Free: 260552K (11%)
#Configuration.check: entity: ptolemy.domains.rendezvous.lib.Barrier {.configuration.actor library.Actors.DomainSpecific.Rendezvous.Barrier} 5906 ms. Memory: 2426880K Free: 260552K (11%)
#Configuration.check: entity: ptolemy.domains.rendezvous.lib.Buffer {.configuration.actor library.Actors.DomainSpecific.Rendezvous.Buffer} 5989 ms. Memory: 2426880K Free: 369907K (15%)
#Configuration.check: entity: ptolemy.domains.rendezvous.lib.Merge {.configuration.actor library.Actors.DomainSpecific.Rendezvous.Merge} 5990 ms. Memory: 2426880K Free: 369907K (15%)
#Configuration.check: entity: ptolemy.domains.rendezvous.lib.ResourcePool {.configuration.actor library.Actors.DomainSpecific.Rendezvous.ResourcePool} 5990 ms. Memory: 2426880K Free: 369907K (15%)
#Configuration.check: entity: ptolemy.domains.sr.lib.Absent {.configuration.actor library.Actors.DomainSpecific.SynchronousReactive.Absent} 5991 ms. Memory: 2426880K Free: 369404K (15%)
#Configuration.check: entity: ptolemy.domains.sr.lib.Current {.configuration.actor library.Actors.DomainSpecific.SynchronousReactive.Current} 6194 ms. Memory: 2426880K Free: 299247K (12%)
#Configuration.check: entity: ptolemy.actor.lib.Default {.configuration.actor library.Actors.DomainSpecific.SynchronousReactive.Default} 6195 ms. Memory: 2426880K Free: 299247K (12%)
#Configuration.check: entity: ptolemy.domains.sr.lib.InstantaneousDialogGenerator {.configuration.actor library.Actors.DomainSpecific.SynchronousReactive.InstantaneousDialogGenerator} 6196 ms. Memory: 2426880K Free: 298748K (12%)
#Configuration.check: entity: ptolemy.actor.lib.logic.IsPresent {.configuration.actor library.Actors.DomainSpecific.SynchronousReactive.IsPresent} 6197 ms. Memory: 2426880K Free: 298748K (12%)
#Configuration.check: entity: ptolemy.domains.sr.lib.NonStrictDelay {.configuration.actor library.Actors.DomainSpecific.SynchronousReactive.NonStrictDelay} 6197 ms. Memory: 2426880K Free: 298748K (12%)
#Configuration.check: entity: ptolemy.domains.sr.lib.gui.NonStrictDisplay {.configuration.actor library.Actors.DomainSpecific.SynchronousReactive.NonStrictDisplay} 6197 ms. Memory: 2426880K Free: 298748K (12%)
#Configuration.check: entity: ptolemy.domains.sr.lib.BinaryNonStrictLogicGate {.configuration.actor library.Actors.DomainSpecific.SynchronousReactive.BinaryNonStrictLogicGate} 6197 ms. Memory: 2426880K Free: 298234K (12%)
#Configuration.check: entity: ptolemy.domains.sr.lib.NonStrictLogicGate {.configuration.actor library.Actors.DomainSpecific.SynchronousReactive.NonStrictLogicGate} 6200 ms. Memory: 2426880K Free: 297724K (12%)
#Configuration.check: entity: ptolemy.domains.sr.lib.NonStrictAndGate {.configuration.actor library.Actors.DomainSpecific.SynchronousReactive.NonStrictAndGate} 6203 ms. Memory: 2426880K Free: 297210K (12%)
#Configuration.check: entity: ptolemy.domains.sr.lib.NonStrictOrGate {.configuration.actor library.Actors.DomainSpecific.SynchronousReactive.NonStrictOrGate} 6205 ms. Memory: 2426880K Free: 296698K (12%)
#Configuration.check: entity: ptolemy.domains.sr.lib.NonStrictXorGate {.configuration.actor library.Actors.DomainSpecific.SynchronousReactive.NonStrictXorGate} 6208 ms. Memory: 2426880K Free: 295676K (12%)
#Configuration.check: entity: ptolemy.domains.sr.lib.NonStrictThreeBitAdder {.configuration.actor library.Actors.DomainSpecific.SynchronousReactive.NonStrictThreeBitAdder} 6210 ms. Memory: 2426880K Free: 295162K (12%)
#Configuration.check: entity: ptolemy.domains.sr.lib.Pre {.configuration.actor library.Actors.DomainSpecific.SynchronousReactive.Pre} 6210 ms. Memory: 2426880K Free: 295162K (12%)
#Configuration.check: entity: ptolemy.domains.sr.lib.SingleTokenDistributor {.configuration.actor library.Actors.DomainSpecific.SynchronousReactive.SingleTokenDistributor} 6211 ms. Memory: 2426880K Free: 295162K (12%)
#Configuration.check: entity: ptolemy.domains.sr.lib.When {.configuration.actor library.Actors.DomainSpecific.SynchronousReactive.When} 6211 ms. Memory: 2426880K Free: 294652K (12%)
#Configuration.check: entity: ptolemy.actor.lib.logic.TrueGate {.configuration.actor library.Actors.DomainSpecific.SynchronousReactive.TrueGate} 6212 ms. Memory: 2426880K Free: 294652K (12%)
#Configuration.check: entity: org.terraswarm.accessor.JSAccessor {.configuration.actor library.MoreLibraries.Accessors.adapters.Adapter} 6213 ms. Memory: 2426880K Free: 294652K (12%)
#Retrieving library from file:/home/travis/build/icyphy/ptII/org/terraswarm/accessor/accessors/web/index.json
Retrieving library from file:/home/travis/build/icyphy/ptII/org/terraswarm/accessor/accessors/web/adapters/index.json
Configuration.check: entity: org.terraswarm.accessor.JSAccessor {.configuration.actor library.MoreLibraries.Accessors.adapters.CelsiusToFahrenheit} 17991 ms. Memory: 2491392K Free: 300581K (12%)
#Configuration.check: entity: org.terraswarm.accessor.JSAccessor {.configuration.actor library.MoreLibraries.Accessors.adapters.Identity} 17995 ms. Memory: 2491392K Free: 299047K (12%)
#Configuration.check: entity: org.terraswarm.accessor.JSAccessor {.configuration.actor library.MoreLibraries.Accessors.adapters.KelvinToFahrenheit} 17998 ms. Memory: 2491392K Free: 298502K (12%)
#Configuration.check: entity: org.terraswarm.accessor.JSAccessor {.configuration.actor library.MoreLibraries.Accessors.audio.AudioCapture} 18003 ms. Memory: 2491392K Free: 297502K (12%)
#Retrieving library from file:/home/travis/build/icyphy/ptII/org/terraswarm/accessor/accessors/web/audio/index.json
Configuration.check: entity: org.terraswarm.accessor.JSAccessor {.configuration.actor library.MoreLibraries.Accessors.audio.AudioPlayer} 27419 ms. Memory: 2491392K Free: 283376K (11%)
#Configuration.check: entity: org.terraswarm.accessor.JSAccessor {.configuration.actor library.MoreLibraries.Accessors.audio.ClipPlayer} 27424 ms. Memory: 2491392K Free: 282352K (11%)
#Configuration.check: entity: org.terraswarm.accessor.JSAccessor {.configuration.actor library.MoreLibraries.Accessors.cameras.Camera} 27429 ms. Memory: 2491392K Free: 281328K (11%)
#Retrieving library from file:/home/travis/build/icyphy/ptII/org/terraswarm/accessor/accessors/web/cameras/index.json
Configuration.check: entity: org.terraswarm.accessor.JSAccessor {.configuration.actor library.MoreLibraries.Accessors.cameras.Foscam} 34429 ms. Memory: 2491392K Free: 301154K (12%)
#Configuration.check: entity: org.terraswarm.accessor.JSAccessor {.configuration.actor library.MoreLibraries.Accessors.dashboard.GraphComponent} 34435 ms. Memory: 2491392K Free: 299120K (12%)
#Retrieving library from file:/home/travis/build/icyphy/ptII/org/terraswarm/accessor/accessors/web/dashboard/index.json
Configuration.check: entity: org.terraswarm.accessor.JSAccessor {.configuration.actor library.MoreLibraries.Accessors.dashboard.OdometerComponent} 62652 ms. Memory: 2491392K Free: 558080K (22%)
#Configuration.check: entity: org.terraswarm.accessor.JSAccessor {.configuration.actor library.MoreLibraries.Accessors.dashboard.ParkingComponent} 62656 ms. Memory: 2491392K Free: 556535K (22%)
#Configuration.check: entity: org.terraswarm.accessor.JSAccessor {.configuration.actor library.MoreLibraries.Accessors.dashboard.RestaurantComponent} 62659 ms. Memory: 2491392K Free: 555511K (22%)
#Configuration.check: entity: org.terraswarm.accessor.JSAccessor {.configuration.actor library.MoreLibraries.Accessors.dashboard.RoutingWebSocketServer} 62661 ms. Memory: 2491392K Free: 554479K (22%)
#Configuration.check: entity: org.terraswarm.accessor.JSAccessor {.configuration.actor library.MoreLibraries.Accessors.dashboard.SpeedometerComponent} 62664 ms. Memory: 2491392K Free: 553463K (22%)
#Configuration.check: entity: org.terraswarm.accessor.JSAccessor {.configuration.actor library.MoreLibraries.Accessors.dashboard.UIComponent} 62666 ms. Memory: 2491392K Free: 552439K (22%)
#Configuration.check: entity: org.terraswarm.accessor.JSAccessor {.configuration.actor library.MoreLibraries.Accessors.dashboard.VideoComponent} 62668 ms. Memory: 2491392K Free: 551415K (22%)
#Configuration.check: entity: org.terraswarm.accessor.JSAccessor {.configuration.actor library.MoreLibraries.Accessors.devices.AdsB} 62670 ms. Memory: 2491392K Free: 550398K (22%)
#Retrieving library from file:/home/travis/build/icyphy/ptII/org/terraswarm/accessor/accessors/web/devices/index.json
Configuration.check: entity: org.terraswarm.accessor.JSAccessor {.configuration.actor library.MoreLibraries.Accessors.devices.Hue} 82014 ms. Memory: 2491392K Free: 409088K (16%)
#Configuration.check: entity: org.terraswarm.accessor.JSAccessor {.configuration.actor library.MoreLibraries.Accessors.devices.Moto360SensorListener} 82018 ms. Memory: 2491392K Free: 408064K (16%)
#Configuration.check: entity: org.terraswarm.accessor.JSAccessor {.configuration.actor library.MoreLibraries.Accessors.devices.DrDose} 82022 ms. Memory: 2491392K Free: 407040K (16%)
#Configuration.check: entity: org.terraswarm.accessor.JSAccessor {.configuration.actor library.MoreLibraries.Accessors.devices.PhSensor} 82031 ms. Memory: 2491392K Free: 404992K (16%)
#Configuration.check: entity: org.terraswarm.accessor.JSAccessor {.configuration.actor library.MoreLibraries.Accessors.devices.EcSensor} 82037 ms. Memory: 2491392K Free: 403454K (16%)
#Configuration.check: entity: org.terraswarm.accessor.JSAccessor {.configuration.actor library.MoreLibraries.Accessors.devices.Lifx} 82043 ms. Memory: 2491392K Free: 401920K (16%)
#Configuration.check: entity: org.terraswarm.accessor.JSAccessor {.configuration.actor library.MoreLibraries.Accessors.image.AprilTags} 82049 ms. Memory: 2491392K Free: 400896K (16%)
#Retrieving library from file:/home/travis/build/icyphy/ptII/org/terraswarm/accessor/accessors/web/image/index.json
CharacterRecognition: The tesseract module was not present.  The CharacterRecognition accessor is not supported on this accessor host. (Thread[main,5,main])
CharacterRecognition: The tesseract module was not present.  The CharacterRecognition accessor is not supported on this accessor host. (Thread[main,5,main])
Configuration.check: entity: org.terraswarm.accessor.JSAccessor {.configuration.actor library.MoreLibraries.Accessors.image.CharacterRecognition} 102408 ms. Memory: 2491392K Free: 346607K (14%)
#Configuration.check: entity: org.terraswarm.accessor.JSAccessor {.configuration.actor library.MoreLibraries.Accessors.image.ComputerVision} 102413 ms. Memory: 2491392K Free: 345088K (14%)
#Configuration.check: entity: org.terraswarm.accessor.JSAccessor {.configuration.actor library.MoreLibraries.Accessors.image.FaceDetector} 102415 ms. Memory: 2491392K Free: 344574K (14%)
#Configuration.check: entity: org.terraswarm.accessor.JSAccessor {.configuration.actor library.MoreLibraries.Accessors.image.ImageAnnotate} 102418 ms. Memory: 2491392K Free: 343040K (14%)
#Configuration.check: entity: org.terraswarm.accessor.JSAccessor {.configuration.actor library.MoreLibraries.Accessors.image.ImageDisplay} 102421 ms. Memory: 2491392K Free: 342016K (14%)
#Configuration.check: entity: org.terraswarm.accessor.JSAccessor {.configuration.actor library.MoreLibraries.Accessors.image.ImageFilter} 102424 ms. Memory: 2491392K Free: 340992K (14%)
#Configuration.check: entity: org.terraswarm.accessor.JSAccessor {.configuration.actor library.MoreLibraries.Accessors.image.MotionDetector} 102428 ms. Memory: 2491392K Free: 339454K (14%)
#Configuration.check: entity: org.terraswarm.accessor.JSAccessor {.configuration.actor library.MoreLibraries.Accessors.net.Discovery} 102432 ms. Memory: 2491392K Free: 337920K (14%)
#Retrieving library from file:/home/travis/build/icyphy/ptII/org/terraswarm/accessor/accessors/web/net/index.json
Configuration.check: entity: org.terraswarm.accessor.JSAccessor {.configuration.actor library.MoreLibraries.Accessors.net.IPAddress} 171433 ms. Memory: 2491392K Free: 308753K (12%)
#Configuration.check: entity: org.terraswarm.accessor.JSAccessor {.configuration.actor library.MoreLibraries.Accessors.net.KeyValueStore} 171438 ms. Memory: 2491392K Free: 307222K (12%)
#Configuration.check: entity: org.terraswarm.accessor.JSAccessor {.configuration.actor library.MoreLibraries.Accessors.net.MQTTPublisher} 171444 ms. Memory: 2491392K Free: 306198K (12%)
#Configuration.check: entity: org.terraswarm.accessor.JSAccessor {.configuration.actor library.MoreLibraries.Accessors.net.MQTTSubscriber} 171448 ms. Memory: 2491392K Free: 305174K (12%)
#Configuration.check: entity: org.terraswarm.accessor.JSAccessor {.configuration.actor library.MoreLibraries.Accessors.net.REST} 171454 ms. Memory: 2491392K Free: 303636K (12%)
#Configuration.check: entity: org.terraswarm.accessor.JSAccessor {.configuration.actor library.MoreLibraries.Accessors.net.SecureCommClient} 171460 ms. Memory: 2491392K Free: 302102K (12%)
#Configuration.check: entity: org.terraswarm.accessor.JSAccessor {.configuration.actor library.MoreLibraries.Accessors.net.SecureCommServer} 171467 ms. Memory: 2491392K Free: 300564K (12%)
#Configuration.check: entity: org.terraswarm.accessor.JSAccessor {.configuration.actor library.MoreLibraries.Accessors.net.SecurePublisher} 171474 ms. Memory: 2491392K Free: 299030K (12%)
#Configuration.check: entity: org.terraswarm.accessor.JSAccessor {.configuration.actor library.MoreLibraries.Accessors.net.SecureSubscriber} 171480 ms. Memory: 2491392K Free: 297492K (12%)
#Configuration.check: entity: org.terraswarm.accessor.JSAccessor {.configuration.actor library.MoreLibraries.Accessors.net.SerialPort} 171487 ms. Memory: 2491392K Free: 295958K (12%)
#Configuration.check: entity: org.terraswarm.accessor.JSAccessor {.configuration.actor library.MoreLibraries.Accessors.net.TCPSocketClient} 171491 ms. Memory: 2491392K Free: 294934K (12%)
#Configuration.check: entity: org.terraswarm.accessor.JSAccessor {.configuration.actor library.MoreLibraries.Accessors.net.TCPSocketServer} 171497 ms. Memory: 2491392K Free: 293396K (12%)
#Configuration.check: entity: org.terraswarm.accessor.JSAccessor {.configuration.actor library.MoreLibraries.Accessors.net.UDPSocketListener} 171503 ms. Memory: 2491392K Free: 291862K (12%)
#Configuration.check: entity: org.terraswarm.accessor.JSAccessor {.configuration.actor library.MoreLibraries.Accessors.net.UDPSocketSender} 171508 ms. Memory: 2491392K Free: 290838K (12%)
#Configuration.check: entity: org.terraswarm.accessor.JSAccessor {.configuration.actor library.MoreLibraries.Accessors.net.VertxPublish} 171513 ms. Memory: 2491392K Free: 289814K (12%)
#Configuration.check: entity: org.terraswarm.accessor.JSAccessor {.configuration.actor library.MoreLibraries.Accessors.net.VertxSubscribe} 171517 ms. Memory: 2491392K Free: 288790K (12%)
#Configuration.check: entity: org.terraswarm.accessor.JSAccessor {.configuration.actor library.MoreLibraries.Accessors.net.WebServer} 171521 ms. Memory: 2491392K Free: 287766K (12%)
#Configuration.check: entity: org.terraswarm.accessor.JSAccessor {.configuration.actor library.MoreLibraries.Accessors.net.WebSocketClient} 171524 ms. Memory: 2491392K Free: 286742K (12%)
#Configuration.check: entity: org.terraswarm.accessor.JSAccessor {.configuration.actor library.MoreLibraries.Accessors.net.WebSocketServer} 171529 ms. Memory: 2491392K Free: 285204K (11%)
#Configuration.check: entity: org.terraswarm.accessor.JSAccessor {.configuration.actor library.MoreLibraries.Accessors.net.XBee} 171534 ms. Memory: 2491392K Free: 284166K (11%)
#Configuration.check: entity: org.terraswarm.accessor.JSAccessor {.configuration.actor library.MoreLibraries.Accessors.robotics.RosNavigationPose} 171538 ms. Memory: 2491392K Free: 283150K (11%)
#Retrieving library from file:/home/travis/build/icyphy/ptII/org/terraswarm/accessor/accessors/web/robotics/index.json
Configuration.check: entity: org.terraswarm.accessor.JSAccessor {.configuration.actor library.MoreLibraries.Accessors.robotics.RosPublisher} 195999 ms. Memory: 2491392K Free: 231964K (9%)
#Configuration.check: entity: org.terraswarm.accessor.JSAccessor {.configuration.actor library.MoreLibraries.Accessors.robotics.RosSubscriber} 196017 ms. Memory: 2491392K Free: 230954K (9%)
#Configuration.check: entity: org.terraswarm.accessor.JSAccessor {.configuration.actor library.MoreLibraries.Accessors.robotics.LocationRosPublisher} 196027 ms. Memory: 2491392K Free: 229418K (9%)
#Configuration.check: entity: org.terraswarm.accessor.JSAccessor {.configuration.actor library.MoreLibraries.Accessors.robotics.Scarab} 196039 ms. Memory: 2491392K Free: 227882K (9%)
#Configuration.check: entity: org.terraswarm.accessor.JSAccessor {.configuration.actor library.MoreLibraries.Accessors.robotics.DroneLocation} 196058 ms. Memory: 2491392K Free: 226348K (9%)
#Configuration.check: entity: org.terraswarm.accessor.JSAccessor {.configuration.actor library.MoreLibraries.Accessors.robotics.Global2LatLonAlt} 196063 ms. Memory: 2491392K Free: 224810K (9%)
#Configuration.check: entity: org.terraswarm.accessor.JSAccessor {.configuration.actor library.MoreLibraries.Accessors.geodesy.Lla2Ecef} 196068 ms. Memory: 2491392K Free: 223786K (9%)
#Retrieving library from file:/home/travis/build/icyphy/ptII/org/terraswarm/accessor/accessors/web/geodesy/index.json
Configuration.check: entity: org.terraswarm.accessor.JSAccessor {.configuration.actor library.MoreLibraries.Accessors.geodesy.LlaDist} 206975 ms. Memory: 2491392K Free: 430080K (17%)
#Configuration.check: entity: org.terraswarm.accessor.JSAccessor {.configuration.actor library.MoreLibraries.Accessors.geodesy.EuclideanDist} 206981 ms. Memory: 2491392K Free: 429056K (17%)
#Configuration.check: entity: org.terraswarm.accessor.JSAccessor {.configuration.actor library.MoreLibraries.Accessors.services.FINDLocation} 206985 ms. Memory: 2491392K Free: 427518K (17%)
#Retrieving library from file:/home/travis/build/icyphy/ptII/org/terraswarm/accessor/accessors/web/services/index.json
Configuration.check: entity: org.terraswarm.accessor.JSAccessor {.configuration.actor library.MoreLibraries.Accessors.services.FINDTracker} 258939 ms. Memory: 2585600K Free: 255750K (10%)
#Configuration.check: entity: org.terraswarm.accessor.JSAccessor {.configuration.actor library.MoreLibraries.Accessors.services.GeoCoder} 258944 ms. Memory: 2585600K Free: 254198K (10%)
#Configuration.check: entity: org.terraswarm.accessor.JSAccessor {.configuration.actor library.MoreLibraries.Accessors.services.GeoLocation} 258948 ms. Memory: 2585600K Free: 252164K (10%)
#Configuration.check: entity: org.terraswarm.accessor.JSAccessor {.configuration.actor library.MoreLibraries.Accessors.services.Heartbeat} 258950 ms. Memory: 2585600K Free: 251654K (10%)
#Configuration.check: entity: org.terraswarm.accessor.JSAccessor {.configuration.actor library.MoreLibraries.Accessors.services.HostCompatibility} 258952 ms. Memory: 2585600K Free: 250630K (10%)
#Configuration.check: entity: org.terraswarm.accessor.JSAccessor {.configuration.actor library.MoreLibraries.Accessors.services.NaturalLanguage} 258956 ms. Memory: 2585600K Free: 248582K (10%)
#Configuration.check: entity: org.terraswarm.accessor.JSAccessor {.configuration.actor library.MoreLibraries.Accessors.services.RedPinLocation} 258958 ms. Memory: 2585600K Free: 247558K (10%)
#Configuration.check: entity: org.terraswarm.accessor.JSAccessor {.configuration.actor library.MoreLibraries.Accessors.services.ReverseGeoCoder} 258961 ms. Memory: 2585600K Free: 245510K (9%)
#Configuration.check: entity: org.terraswarm.accessor.JSAccessor {.configuration.actor library.MoreLibraries.Accessors.services.SemanticRepositoryUpdate} 258964 ms. Memory: 2585600K Free: 243972K (9%)
#Configuration.check: entity: org.terraswarm.accessor.JSAccessor {.configuration.actor library.MoreLibraries.Accessors.services.SemanticRepositoryQuery} 258966 ms. Memory: 2585600K Free: 242438K (9%)
#Configuration.check: entity: org.terraswarm.accessor.JSAccessor {.configuration.actor library.MoreLibraries.Accessors.services.SemanticYelpSearch} 258969 ms. Memory: 2585600K Free: 240900K (9%)
#Configuration.check: entity: org.terraswarm.accessor.JSAccessor {.configuration.actor library.MoreLibraries.Accessors.services.SpeechRecognition} 258972 ms. Memory: 2585600K Free: 239366K (9%)
#Configuration.check: entity: org.terraswarm.accessor.JSAccessor {.configuration.actor library.MoreLibraries.Accessors.services.Weather} 258974 ms. Memory: 2585600K Free: 238342K (9%)
#Configuration.check: entity: org.terraswarm.accessor.JSAccessor {.configuration.actor library.MoreLibraries.Accessors.services.WiFiScan} 258978 ms. Memory: 2585600K Free: 236294K (9%)
#Configuration.check: entity: org.terraswarm.accessor.JSAccessor {.configuration.actor library.MoreLibraries.Accessors.services.YelpSearch} 258979 ms. Memory: 2585600K Free: 235270K (9%)
#Configuration.check: entity: org.terraswarm.accessor.JSAccessor {.configuration.actor library.MoreLibraries.Accessors.signals.FFT} 258982 ms. Memory: 2585600K Free: 233732K (9%)
#Retrieving library from file:/home/travis/build/icyphy/ptII/org/terraswarm/accessor/accessors/web/signals/index.json
Configuration.check: entity: org.terraswarm.accessor.JSAccessor {.configuration.actor library.MoreLibraries.Accessors.test.MochaTest} 262962 ms. Memory: 2585600K Free: 189053K (7%)
#Retrieving library from file:/home/travis/build/icyphy/ptII/org/terraswarm/accessor/accessors/web/test/index.json
Configuration.check: entity: org.terraswarm.accessor.JSAccessor {.configuration.actor library.MoreLibraries.Accessors.test.TestAccessor} 311172 ms. Memory: 2705408K Free: 405872K (15%)
#Configuration.check: entity: org.terraswarm.accessor.JSAccessor {.configuration.actor library.MoreLibraries.Accessors.test.TestAdder} 311177 ms. Memory: 2705408K Free: 404344K (15%)
#Configuration.check: entity: org.terraswarm.accessor.JSAccessor {.configuration.actor library.MoreLibraries.Accessors.test.TestBaseC} 311180 ms. Memory: 2705408K Free: 403320K (15%)
#Configuration.check: entity: org.terraswarm.accessor.JSAccessor {.configuration.actor library.MoreLibraries.Accessors.test.TestComposite} 311182 ms. Memory: 2705408K Free: 402296K (15%)
#Configuration.check: entity: org.terraswarm.accessor.JSAccessor {.configuration.actor library.MoreLibraries.Accessors.test.TestCompositeSpontaneous} 311185 ms. Memory: 2705408K Free: 401272K (15%)
#Configuration.check: entity: org.terraswarm.accessor.JSAccessor {.configuration.actor library.MoreLibraries.Accessors.test.TestDerivedAgainA} 311187 ms. Memory: 2705408K Free: 400248K (15%)
#Configuration.check: entity: org.terraswarm.accessor.JSAccessor {.configuration.actor library.MoreLibraries.Accessors.test.TestDerivedC} 311189 ms. Memory: 2705408K Free: 399224K (15%)
#Configuration.check: entity: org.terraswarm.accessor.JSAccessor {.configuration.actor library.MoreLibraries.Accessors.test.TestFunctions} 311191 ms. Memory: 2705408K Free: 398200K (15%)
#Configuration.check: entity: org.terraswarm.accessor.JSAccessor {.configuration.actor library.MoreLibraries.Accessors.test.TestGain} 311198 ms. Memory: 2705408K Free: 397176K (15%)
#Configuration.check: entity: org.terraswarm.accessor.JSAccessor {.configuration.actor library.MoreLibraries.Accessors.test.TestImplement} 311202 ms. Memory: 2705408K Free: 396648K (15%)
#Configuration.check: entity: org.terraswarm.accessor.JSAccessor {.configuration.actor library.MoreLibraries.Accessors.test.TestInheritance} 311206 ms. Memory: 2705408K Free: 395128K (15%)
#Configuration.check: entity: org.terraswarm.accessor.JSAccessor {.configuration.actor library.MoreLibraries.Accessors.test.TestRequire} 311209 ms. Memory: 2705408K Free: 393590K (15%)
#Configuration.check: entity: org.terraswarm.accessor.JSAccessor {.configuration.actor library.MoreLibraries.Accessors.test.TestSpontaneous} 311212 ms. Memory: 2705408K Free: 392560K (15%)
#Configuration.check: entity: org.terraswarm.accessor.JSAccessor {.configuration.actor library.MoreLibraries.Accessors.test.TestSpontaneousOnce} 311214 ms. Memory: 2705408K Free: 391542K (14%)
#Configuration.check: entity: org.terraswarm.accessor.JSAccessor {.configuration.actor library.MoreLibraries.Accessors.test.TrainableTest} 311216 ms. Memory: 2705408K Free: 390518K (14%)
#Configuration.check: entity: org.terraswarm.accessor.JSAccessor {.configuration.actor library.MoreLibraries.Accessors.utilities.Clock} 311218 ms. Memory: 2705408K Free: 390008K (14%)
#Retrieving library from file:/home/travis/build/icyphy/ptII/org/terraswarm/accessor/accessors/web/utilities/index.json
The Mutable accessor original file has no documentation, so we are not running jsdoc on https://accessors.org/utilities/Mutable.js
Configuration.check: entity: org.terraswarm.accessor.JSAccessor {.configuration.actor library.MoreLibraries.Accessors.utilities.Cron} 349074 ms. Memory: 2705408K Free: 239760K (9%)
#Configuration.check: entity: org.terraswarm.accessor.JSAccessor {.configuration.actor library.MoreLibraries.Accessors.utilities.Exec} 349102 ms. Memory: 2705408K Free: 236680K (9%)
#Configuration.check: entity: org.terraswarm.accessor.JSAccessor {.configuration.actor library.MoreLibraries.Accessors.utilities.GetAccessor} 349106 ms. Memory: 2705408K Free: 235656K (9%)
#Configuration.check: entity: org.terraswarm.accessor.JSAccessor {.configuration.actor library.MoreLibraries.Accessors.utilities.GetResource} 349114 ms. Memory: 2705408K Free: 234136K (9%)
#Configuration.check: entity: org.terraswarm.accessor.JSAccessor {.configuration.actor library.MoreLibraries.Accessors.utilities.HostName} 349128 ms. Memory: 2705408K Free: 233112K (9%)
#Configuration.check: entity: org.terraswarm.accessor.JSAccessor {.configuration.actor library.MoreLibraries.Accessors.utilities.LocalStorage} 349135 ms. Memory: 2705408K Free: 232088K (9%)
#Configuration.check: entity: org.terraswarm.accessor.JSAccessor {.configuration.actor library.MoreLibraries.Accessors.utilities.Mutable} 349145 ms. Memory: 2705408K Free: 230550K (9%)
#Configuration.check: entity: org.terraswarm.accessor.JSAccessor {.configuration.actor library.MoreLibraries.Accessors.utilities.MutableBase} 349149 ms. Memory: 2705408K Free: 229526K (8%)
#Configuration.check: entity: org.terraswarm.accessor.JSAccessor {.configuration.actor library.MoreLibraries.Accessors.utilities.Stop} 349153 ms. Memory: 2705408K Free: 229016K (8%)
#Configuration.check: entity: org.terraswarm.accessor.JSAccessor {.configuration.actor library.MoreLibraries.Accessors.utilities.TextDisplay} 349157 ms. Memory: 2705408K Free: 227992K (8%)
#Configuration.check: entity: org.terraswarm.accessor.JSAccessor {.configuration.actor library.MoreLibraries.Accessors.utilities.UserInterface} 349162 ms. Memory: 2705408K Free: 226968K (8%)
#Configuration.check: entity: ptolemy.domains.de.lib.aspect.AFDXESs {.configuration.actor library.MoreLibraries.Aspects.AFDX_ESs} 349166 ms. Memory: 2705408K Free: 225430K (8%)
#Configuration.check: entity: ptolemy.domains.de.lib.aspect.AFDXSwitch {.configuration.actor library.MoreLibraries.Aspects.AFDX_SW} 349439 ms. Memory: 2705408K Free: 247882K (9%)
#Configuration.check: entity: ptolemy.domains.de.lib.aspect.Bus {.configuration.actor library.MoreLibraries.Aspects.Bus} 349443 ms. Memory: 2705408K Free: 247386K (9%)
#Configuration.check: entity: ptolemy.domains.de.lib.aspect.BasicSwitch {.configuration.actor library.MoreLibraries.Aspects.BasicSwitch} 349445 ms. Memory: 2705408K Free: 247386K (9%)
#Configuration.check: entity: ptolemy.actor.lib.aspect.CanBus {.configuration.actor library.MoreLibraries.Aspects.CanBus} 349447 ms. Memory: 2705408K Free: 246872K (9%)
#Configuration.check: entity: ptolemy.actor.gui.CommunicationAspectMonitor {.configuration.actor library.MoreLibraries.Aspects.CommunicationAspectMonitor} 349455 ms. Memory: 2705408K Free: 246362K (9%)
#Configuration.check: entity: ptolemy.domains.de.lib.aspect.CrossbarSwitch {.configuration.actor library.MoreLibraries.Aspects.CrossbarSwitch} 349456 ms. Memory: 2705408K Free: 246362K (9%)
#Configuration.check: entity: ptolemy.actor.lib.aspect.DynamicCoreAssignmentScheduler {.configuration.actor library.MoreLibraries.Aspects.DynamicCoreAssignmentScheduler} 349461 ms. Memory: 2705408K Free: 245848K (9%)
#Configuration.check: entity: ptolemy.actor.lib.aspect.EDFScheduler {.configuration.actor library.MoreLibraries.Aspects.EDFScheduler} 349471 ms. Memory: 2705408K Free: 245338K (9%)
#Configuration.check: entity: ptolemy.actor.lib.aspect.FixedPriorityScheduler {.configuration.actor library.MoreLibraries.Aspects.FixedPriorityScheduler} 349473 ms. Memory: 2705408K Free: 244824K (9%)
#Configuration.check: entity: ptolemy.domains.de.lib.aspect.TTESwitch {.configuration.actor library.MoreLibraries.Aspects.TTESwitch} 349473 ms. Memory: 2705408K Free: 244824K (9%)
#Configuration.check: entity: lbnl.actor.lib.Simulator {.configuration.actor library.MoreLibraries.Co-Simulation.Simulator.Simulator} 349475 ms. Memory: 2705408K Free: 244314K (9%)
#Configuration.check: entity: lbnl.actor.lib.SystemCommand {.configuration.actor library.MoreLibraries.Co-Simulation.Simulator.SystemCommand} 349491 ms. Memory: 2705408K Free: 242770K (9%)
#Configuration.check: entity: org.hlacerti.lib.HlaPublisher {.configuration.actor library.MoreLibraries.Co-Simulation.HLA.HlaPublisher} 349492 ms. Memory: 2705408K Free: 242266K (9%)
#Configuration.check: entity: org.hlacerti.lib.HlaSubscriber {.configuration.actor library.MoreLibraries.Co-Simulation.HLA.HlaSubscriber} 349565 ms. Memory: 2705408K Free: 217690K (8%)
#Configuration.check: entity: ptolemy.actor.lib.database.DatabaseManager {.configuration.actor library.MoreLibraries.DatabaseActors.DatabaseManager} 349567 ms. Memory: 2705408K Free: 217176K (8%)
#Configuration.check: entity: ptolemy.actor.lib.database.DatabaseQuery {.configuration.actor library.MoreLibraries.DatabaseActors.DatabaseQuery} 349596 ms. Memory: 2705408K Free: 211546K (8%)
#Configuration.check: entity: ptolemy.actor.lib.database.DatabaseSelect {.configuration.actor library.MoreLibraries.DatabaseActors.DatabaseSelect} 349598 ms. Memory: 2705408K Free: 211546K (8%)
#Configuration.check: entity: ptolemy.actor.lib.database.DatabaseInsert {.configuration.actor library.MoreLibraries.DatabaseActors.DatabaseInsert} 349599 ms. Memory: 2705408K Free: 211546K (8%)
#Configuration.check: entity: ptolemy.actor.lib.database.SQLStatement {.configuration.actor library.MoreLibraries.DatabaseActors.SQLStatement} 349600 ms. Memory: 2705408K Free: 211546K (8%)
#Configuration.check: entity: ptolemy.actor.lib.database.ArrayOfRecordsRecorder {.configuration.actor library.MoreLibraries.DatabaseActors.ArrayOfRecordsRecorder} 349600 ms. Memory: 2705408K Free: 211032K (8%)
#Configuration.check: entity: ptolemy.actor.lib.PoissonClock {.configuration.actor library.MoreLibraries.DesignPatterns.DiscreteEvent.DESourceSink.PoissonClock} 349601 ms. Memory: 2705408K Free: 211032K (8%)
#Configuration.check: entity: ptolemy.actor.lib.Ramp {.configuration.actor library.MoreLibraries.DesignPatterns.DiscreteEvent.DESourceSink.Ramp} 349609 ms. Memory: 2705408K Free: 208984K (8%)
#Configuration.check: entity: ptolemy.actor.lib.gui.TimedPlotter {.configuration.actor library.MoreLibraries.DesignPatterns.DiscreteEvent.DESourceSink.TimedPlotter} 349610 ms. Memory: 2705408K Free: 208984K (8%)
#Configuration.check: entity: ptolemy.domains.sdf.lib.SampleDelay {.configuration.actor library.MoreLibraries.DesignPatterns.DynamicDataFlow.DDFRepeatForCount.SampleDelay} 349611 ms. Memory: 2705408K Free: 208984K (8%)
#Configuration.check: entity: ptolemy.actor.lib.Const {.configuration.actor library.MoreLibraries.DesignPatterns.DynamicDataFlow.DDFRepeatForCount.Const} 349963 ms. Memory: 2705408K Free: 254042K (9%)
#Configuration.check: entity: ptolemy.actor.lib.Ramp {.configuration.actor library.MoreLibraries.DesignPatterns.DynamicDataFlow.DDFRepeatForCount.Ramp} 349963 ms. Memory: 2705408K Free: 254042K (9%)
#Configuration.check: entity: ptolemy.actor.lib.Expression {.configuration.actor library.MoreLibraries.DesignPatterns.DynamicDataFlow.DDFRepeatForCount.Expression} 349964 ms. Memory: 2705408K Free: 254042K (9%)
#Configuration.check: entity: ptolemy.actor.lib.BooleanSwitch {.configuration.actor library.MoreLibraries.DesignPatterns.DynamicDataFlow.DDFRepeatForCount.Switch} 349966 ms. Memory: 2705408K Free: 253528K (9%)
#Configuration.check: entity: ptolemy.domains.ddf.lib.DDFBooleanSelect {.configuration.actor library.MoreLibraries.DesignPatterns.DynamicDataFlow.DDFRepeatForCount.Select} 349966 ms. Memory: 2705408K Free: 253528K (9%)
#Configuration.check: entity: ptolemy.actor.lib.Const {.configuration.actor library.MoreLibraries.DesignPatterns.DynamicDataFlow.DDFRepeatForCount.Source} 349966 ms. Memory: 2705408K Free: 253528K (9%)
#Configuration.check: entity: ptolemy.actor.lib.gui.Display {.configuration.actor library.MoreLibraries.DesignPatterns.DynamicDataFlow.DDFRepeatForCount.Sink} 349967 ms. Memory: 2705408K Free: 253528K (9%)
#Configuration.check: entity: ptolemy.actor.lib.Counter {.configuration.actor library.MoreLibraries.DesignPatterns.DynamicDataFlow.DDFRepeatForCount.RepeatedAction.Counter} 349967 ms. Memory: 2705408K Free: 253528K (9%)
#Configuration.check: entity: ptolemy.domains.rendezvous.lib.Barrier {.configuration.actor library.MoreLibraries.DesignPatterns.Rendezvous.RendezvousSynchrony.Barrier} 349968 ms. Memory: 2705408K Free: 253018K (9%)
#Configuration.check: entity: ptolemy.domains.ca.lib.gui.CAViewer {.configuration.actor library.MoreLibraries.ExperimentalDomains.CellularAutomata.CA Viewer} 350357 ms. Memory: 2705408K Free: 246371K (9%)
#Configuration.check: entity: ptolemy.domains.dde.lib.DDESink {.configuration.actor library.MoreLibraries.ExperimentalDomains.DDE.dde.DDESink} 350395 ms. Memory: 2705408K Free: 232035K (9%)
#Configuration.check: entity: ptolemy.domains.dde.lib.DoubleFork {.configuration.actor library.MoreLibraries.ExperimentalDomains.DDE.dde.DoubleFork} 350398 ms. Memory: 2705408K Free: 231011K (9%)
#Configuration.check: entity: ptolemy.domains.dde.lib.Wire {.configuration.actor library.MoreLibraries.ExperimentalDomains.DDE.dde.Wire} 350398 ms. Memory: 2705408K Free: 231011K (9%)
#Configuration.check: entity: ptolemy.domains.gr.lib.Box3D {.configuration.actor library.MoreLibraries.ExperimentalDomains.Graphics.Graphics.Box3D} 350399 ms. Memory: 2705408K Free: 231011K (9%)
#Configuration.check: entity: ptolemy.domains.gr.lib.CircularSweep3D {.configuration.actor library.MoreLibraries.ExperimentalDomains.Graphics.Graphics.CircularSweep3D} 350494 ms. Memory: 2705408K Free: 200771K (7%)
#Configuration.check: entity: ptolemy.domains.gr.lib.Cone3D {.configuration.actor library.MoreLibraries.ExperimentalDomains.Graphics.Graphics.Cone3D} 350496 ms. Memory: 2705408K Free: 200291K (7%)
#Configuration.check: entity: ptolemy.domains.gr.lib.Cylinder3D {.configuration.actor library.MoreLibraries.ExperimentalDomains.Graphics.Graphics.Cylinder3D} 350497 ms. Memory: 2705408K Free: 200291K (7%)
#Configuration.check: entity: ptolemy.domains.gr.lib.PolyCylinder3D {.configuration.actor library.MoreLibraries.ExperimentalDomains.Graphics.Graphics.PolyCylinder3D} 350498 ms. Memory: 2705408K Free: 199777K (7%)
#Configuration.check: entity: ptolemy.domains.gr.lib.Sphere3D {.configuration.actor library.MoreLibraries.ExperimentalDomains.Graphics.Graphics.Sphere3D} 350499 ms. Memory: 2705408K Free: 199777K (7%)
#Configuration.check: entity: ptolemy.domains.gr.lib.TextString3D {.configuration.actor library.MoreLibraries.ExperimentalDomains.Graphics.Graphics.TextString3D} 350500 ms. Memory: 2705408K Free: 199267K (7%)
#Configuration.check: entity: ptolemy.domains.gr.lib.Torus3D {.configuration.actor library.MoreLibraries.ExperimentalDomains.Graphics.Graphics.Torus3D} 350501 ms. Memory: 2705408K Free: 199267K (7%)
#Configuration.check: entity: ptolemy.domains.gr.lib.Rotate3D {.configuration.actor library.MoreLibraries.ExperimentalDomains.Graphics.Graphics.Rotate3D} 350501 ms. Memory: 2705408K Free: 198753K (7%)
#Configuration.check: entity: ptolemy.domains.gr.lib.Scale3D {.configuration.actor library.MoreLibraries.ExperimentalDomains.Graphics.Graphics.Scale3D} 350502 ms. Memory: 2705408K Free: 198753K (7%)
#Configuration.check: entity: ptolemy.domains.gr.lib.Translate3D {.configuration.actor library.MoreLibraries.ExperimentalDomains.Graphics.Graphics.Translate3D} 350503 ms. Memory: 2705408K Free: 198753K (7%)
#Configuration.check: entity: ptolemy.domains.gr.lib.Translate2D {.configuration.actor library.MoreLibraries.ExperimentalDomains.Graphics.Graphics.Translate2D} 350503 ms. Memory: 2705408K Free: 198753K (7%)
#Configuration.check: entity: ptolemy.domains.gr.lib.KeyInput3D {.configuration.actor library.MoreLibraries.ExperimentalDomains.Graphics.Graphics.KeyInput3D} 350506 ms. Memory: 2705408K Free: 198243K (7%)
#Configuration.check: entity: ptolemy.domains.gr.lib.MouseInput3D {.configuration.actor library.MoreLibraries.ExperimentalDomains.Graphics.Graphics.MouseInput3D} 350506 ms. Memory: 2705408K Free: 198243K (7%)
#Configuration.check: entity: ptolemy.domains.gr.lib.Rotate3D {.configuration.actor library.MoreLibraries.ExperimentalDomains.Graphics.Graphics.ThreeAxisRotator3D.Rotate3D} 350507 ms. Memory: 2705408K Free: 198243K (7%)
#Configuration.check: entity: ptolemy.domains.gr.lib.Rotate3D {.configuration.actor library.MoreLibraries.ExperimentalDomains.Graphics.Graphics.ThreeAxisRotator3D.Rotate3D2} 350507 ms. Memory: 2705408K Free: 198243K (7%)
#Configuration.check: entity: ptolemy.domains.gr.lib.Rotate3D {.configuration.actor library.MoreLibraries.ExperimentalDomains.Graphics.Graphics.ThreeAxisRotator3D.Rotate3D3} 350508 ms. Memory: 2705408K Free: 198243K (7%)
#Configuration.check: entity: ptolemy.domains.gr.lib.ViewScreen2D {.configuration.actor library.MoreLibraries.ExperimentalDomains.Graphics.Graphics.ViewScreen2D} 350509 ms. Memory: 2705408K Free: 198243K (7%)
#Configuration.check: entity: ptolemy.domains.gr.lib.ViewScreen3D {.configuration.actor library.MoreLibraries.ExperimentalDomains.Graphics.Graphics.ViewScreen3D} 350512 ms. Memory: 2705408K Free: 197724K (7%)
#Configuration.check: entity: ptolemy.domains.gr.lib.MovableViewScreen3D {.configuration.actor library.MoreLibraries.ExperimentalDomains.Graphics.Graphics.MovableViewScreen3D} 350516 ms. Memory: 2705408K Free: 197724K (7%)
#Configuration.check: entity: ptolemy.domains.petrinet.kernel.Place {.configuration.actor library.MoreLibraries.ExperimentalDomains.PetriNet.Place} 350517 ms. Memory: 2705408K Free: 197219K (7%)
#Configuration.check: entity: ptolemy.domains.pthales.lib.PthalesGenericActor {.configuration.actor library.MoreLibraries.ExperimentalDomains.Pthales.PthalesGenericActor} 350518 ms. Memory: 2705408K Free: 197219K (7%)
#Configuration.check: entity: ptolemy.domains.pthales.lib.PthalesAddHeaderActor {.configuration.actor library.MoreLibraries.ExperimentalDomains.Pthales.PthalesAddHeaderActor} 350521 ms. Memory: 2705408K Free: 196705K (7%)
#Configuration.check: entity: ptolemy.domains.pthales.lib.PthalesRemoveHeaderActor {.configuration.actor library.MoreLibraries.ExperimentalDomains.Pthales.PthalesRemoveHeaderActor} 350521 ms. Memory: 2705408K Free: 196705K (7%)
#Configuration.check: entity: ptolemy.actor.lib.Exec {.configuration.actor library.MoreLibraries.Esoteric.Exec} 350522 ms. Memory: 2705408K Free: 196705K (7%)
#Configuration.check: entity: ptolemy.caltrop.actors.CalInterpreter {.configuration.actor library.MoreLibraries.Esoteric.CalInterpreter} 350582 ms. Memory: 2705408K Free: 193619K (7%)
#Configuration.check: entity: ptolemy.actor.lib.OrderedMerge {.configuration.actor library.MoreLibraries.Esoteric.OrderedMerge} 350583 ms. Memory: 2705408K Free: 193619K (7%)
#Configuration.check: entity: ptolemy.actor.lib.RemoveNilTokens {.configuration.actor library.MoreLibraries.Esoteric.RemoveNilTokens} 350591 ms. Memory: 2705408K Free: 193619K (7%)
#Configuration.check: entity: ptolemy.actor.lib.gem5.Gem5Wrapper {.configuration.actor library.MoreLibraries.Gem5.Gem5Wrapper} 350592 ms. Memory: 2705408K Free: 193619K (7%)
#Configuration.check: entity: ptolemy.actor.gt.ModelCombine {.configuration.actor library.MoreLibraries.GraphTransformation.ModelCombine} 350612 ms. Memory: 2705408K Free: 192099K (7%)
#Configuration.check: entity: ptolemy.actor.gt.ModelExecutor {.configuration.actor library.MoreLibraries.GraphTransformation.ModelExecutor} 350812 ms. Memory: 2705408K Free: 249939K (9%)
#Configuration.check: entity: ptolemy.actor.gt.ModelGenerator {.configuration.actor library.MoreLibraries.GraphTransformation.ModelGenerator} 350813 ms. Memory: 2705408K Free: 249939K (9%)
#Configuration.check: entity: ptolemy.actor.gt.ModelView {.configuration.actor library.MoreLibraries.GraphTransformation.ModelView} 350815 ms. Memory: 2705408K Free: 249443K (9%)
#Configuration.check: entity: ptolemy.actor.gt.MoMLGenerator {.configuration.actor library.MoreLibraries.GraphTransformation.MoMLGenerator} 350828 ms. Memory: 2705408K Free: 248419K (9%)
#Configuration.check: entity: ptolemy.domains.gr.lib.Box3D {.configuration.actor library.MoreLibraries.Graphics.Graphics.Box3D} 350830 ms. Memory: 2705408K Free: 248419K (9%)
#Configuration.check: entity: ptolemy.domains.gr.lib.CircularSweep3D {.configuration.actor library.MoreLibraries.Graphics.Graphics.CircularSweep3D} 350983 ms. Memory: 2705408K Free: 218209K (8%)
#Configuration.check: entity: ptolemy.domains.gr.lib.Cone3D {.configuration.actor library.MoreLibraries.Graphics.Graphics.Cone3D} 350984 ms. Memory: 2705408K Free: 218209K (8%)
#Configuration.check: entity: ptolemy.domains.gr.lib.Cylinder3D {.configuration.actor library.MoreLibraries.Graphics.Graphics.Cylinder3D} 350985 ms. Memory: 2705408K Free: 217699K (8%)
#Configuration.check: entity: ptolemy.domains.gr.lib.PolyCylinder3D {.configuration.actor library.MoreLibraries.Graphics.Graphics.PolyCylinder3D} 350986 ms. Memory: 2705408K Free: 217699K (8%)
#Configuration.check: entity: ptolemy.domains.gr.lib.Sphere3D {.configuration.actor library.MoreLibraries.Graphics.Graphics.Sphere3D} 350995 ms. Memory: 2705408K Free: 217185K (8%)
#Configuration.check: entity: ptolemy.domains.gr.lib.TextString3D {.configuration.actor library.MoreLibraries.Graphics.Graphics.TextString3D} 350996 ms. Memory: 2705408K Free: 217185K (8%)
#Configuration.check: entity: ptolemy.domains.gr.lib.Torus3D {.configuration.actor library.MoreLibraries.Graphics.Graphics.Torus3D} 350997 ms. Memory: 2705408K Free: 216675K (8%)
#Configuration.check: entity: ptolemy.domains.gr.lib.Rotate3D {.configuration.actor library.MoreLibraries.Graphics.Graphics.Rotate3D} 350998 ms. Memory: 2705408K Free: 216675K (8%)
#Configuration.check: entity: ptolemy.domains.gr.lib.Scale3D {.configuration.actor library.MoreLibraries.Graphics.Graphics.Scale3D} 350998 ms. Memory: 2705408K Free: 216675K (8%)
#Configuration.check: entity: ptolemy.domains.gr.lib.Translate3D {.configuration.actor library.MoreLibraries.Graphics.Graphics.Translate3D} 350999 ms. Memory: 2705408K Free: 216675K (8%)
#Configuration.check: entity: ptolemy.domains.gr.lib.Translate2D {.configuration.actor library.MoreLibraries.Graphics.Graphics.Translate2D} 350999 ms. Memory: 2705408K Free: 216161K (8%)
#Configuration.check: entity: ptolemy.domains.gr.lib.KeyInput3D {.configuration.actor library.MoreLibraries.Graphics.Graphics.KeyInput3D} 350999 ms. Memory: 2705408K Free: 216161K (8%)
#Configuration.check: entity: ptolemy.domains.gr.lib.MouseInput3D {.configuration.actor library.MoreLibraries.Graphics.Graphics.MouseInput3D} 351011 ms. Memory: 2705408K Free: 216161K (8%)
#Configuration.check: entity: ptolemy.domains.gr.lib.Rotate3D {.configuration.actor library.MoreLibraries.Graphics.Graphics.ThreeAxisRotator3D.Rotate3D} 351011 ms. Memory: 2705408K Free: 216161K (8%)
#Configuration.check: entity: ptolemy.domains.gr.lib.Rotate3D {.configuration.actor library.MoreLibraries.Graphics.Graphics.ThreeAxisRotator3D.Rotate3D2} 351012 ms. Memory: 2705408K Free: 216161K (8%)
#Configuration.check: entity: ptolemy.domains.gr.lib.Rotate3D {.configuration.actor library.MoreLibraries.Graphics.Graphics.ThreeAxisRotator3D.Rotate3D3} 351013 ms. Memory: 2705408K Free: 216161K (8%)
#Configuration.check: entity: ptolemy.domains.gr.lib.ViewScreen2D {.configuration.actor library.MoreLibraries.Graphics.Graphics.ViewScreen2D} 351013 ms. Memory: 2705408K Free: 216161K (8%)
#Configuration.check: entity: ptolemy.domains.gr.lib.ViewScreen3D {.configuration.actor library.MoreLibraries.Graphics.Graphics.ViewScreen3D} 351013 ms. Memory: 2705408K Free: 215651K (8%)
#Configuration.check: entity: ptolemy.domains.gr.lib.MovableViewScreen3D {.configuration.actor library.MoreLibraries.Graphics.Graphics.MovableViewScreen3D} 351014 ms. Memory: 2705408K Free: 215651K (8%)
#Configuration.check: entity: ptolemy.actor.lib.image.ImageDisplay {.configuration.actor library.MoreLibraries.ImageProcessing.Generic.ImageDisplay} 351015 ms. Memory: 2705408K Free: 215651K (8%)
#Configuration.check: entity: ptolemy.actor.lib.image.ImageReader {.configuration.actor library.MoreLibraries.ImageProcessing.Generic.ImageReader} 351049 ms. Memory: 2705408K Free: 210017K (8%)
#Configuration.check: entity: ptolemy.actor.lib.image.ImageRotate {.configuration.actor library.MoreLibraries.ImageProcessing.Generic.ImageRotate} 351050 ms. Memory: 2705408K Free: 210017K (8%)
#Configuration.check: entity: ptolemy.actor.lib.image.ImageToString {.configuration.actor library.MoreLibraries.ImageProcessing.Generic.ImageToString} 351050 ms. Memory: 2705408K Free: 210017K (8%)
#Configuration.check: entity: ptolemy.actor.lib.image.URLToImage {.configuration.actor library.MoreLibraries.ImageProcessing.Generic.URLToImage} 351050 ms. Memory: 2705408K Free: 210017K (8%)
#Configuration.check: entity: ptolemy.domains.sdf.lib.vq.HTVQEncode {.configuration.actor library.MoreLibraries.ImageProcessing.VectorQuantization.HTVQEncode} 351050 ms. Memory: 2705408K Free: 210017K (8%)
#Configuration.check: entity: ptolemy.domains.sdf.lib.vq.ImageContrast {.configuration.actor library.MoreLibraries.ImageProcessing.VectorQuantization.ImageContrast} 351056 ms. Memory: 2705408K Free: 205411K (8%)
#Configuration.check: entity: ptolemy.domains.sdf.lib.vq.ImageDisplay {.configuration.actor library.MoreLibraries.ImageProcessing.VectorQuantization.ImageDisplay} 351057 ms. Memory: 2705408K Free: 205411K (8%)
#Configuration.check: entity: ptolemy.domains.sdf.lib.vq.ImagePartition {.configuration.actor library.MoreLibraries.ImageProcessing.VectorQuantization.ImagePartition} 351057 ms. Memory: 2705408K Free: 204897K (8%)
#Configuration.check: entity: ptolemy.domains.sdf.lib.vq.ImageSequence {.configuration.actor library.MoreLibraries.ImageProcessing.VectorQuantization.ImageSequence} 351063 ms. Memory: 2705408K Free: 204897K (8%)
#Configuration.check: entity: ptolemy.domains.sdf.lib.vq.ImageUnpartition {.configuration.actor library.MoreLibraries.ImageProcessing.VectorQuantization.ImageUnpartition} 351064 ms. Memory: 2705408K Free: 204897K (8%)
#Configuration.check: entity: ptolemy.domains.sdf.lib.vq.PSNR {.configuration.actor library.MoreLibraries.ImageProcessing.VectorQuantization.PSNR} 351064 ms. Memory: 2705408K Free: 204897K (8%)
#Configuration.check: entity: ptolemy.domains.sdf.lib.vq.VQDecode {.configuration.actor library.MoreLibraries.ImageProcessing.VectorQuantization.VQDecode} 351065 ms. Memory: 2705408K Free: 204897K (8%)
#Configuration.check: entity: ptolemy.vergil.actor.lib.LEDMatrix {.configuration.actor library.MoreLibraries.InteractiveIcons.LEDMatrix} 351065 ms. Memory: 2705408K Free: 204387K (8%)
#Configuration.check: entity: ptolemy.vergil.actor.lib.MonitorImage {.configuration.actor library.MoreLibraries.InteractiveIcons.MonitorImage} 351350 ms. Memory: 2705408K Free: 232545K (9%)
#Configuration.check: entity: ptolemy.actor.lib.conversions.json.JSONToToken {.configuration.actor library.MoreLibraries.JSON.JSONToToken} 351351 ms. Memory: 2705408K Free: 232545K (9%)
#Configuration.check: entity: ptolemy.actor.lib.conversions.json.TokenToJSON {.configuration.actor library.MoreLibraries.JSON.TokenToJSON} 351356 ms. Memory: 2705408K Free: 232035K (9%)
#Configuration.check: entity: org.ptolemy.machineLearning.clustering.KMeans {.configuration.actor library.MoreLibraries.MachineLearning.Clustering.KMeans} 351356 ms. Memory: 2705408K Free: 232035K (9%)
#Configuration.check: entity: org.ptolemy.machineLearning.hmm.HMMGaussianEstimator {.configuration.actor library.MoreLibraries.MachineLearning.HMM.HMMGaussianEstimator} 351388 ms. Memory: 2705408K Free: 223329K (8%)
#Configuration.check: entity: org.ptolemy.machineLearning.hmm.HMMExponentialEstimator {.configuration.actor library.MoreLibraries.MachineLearning.HMM.HMMExponentialEstimator} 351678 ms. Memory: 2705408K Free: 252848K (9%)
#Configuration.check: entity: org.ptolemy.machineLearning.hmm.HMMMultinomialEstimator {.configuration.actor library.MoreLibraries.MachineLearning.HMM.HMMMultinomialEstimator} 351682 ms. Memory: 2705408K Free: 251841K (9%)
#Configuration.check: entity: org.ptolemy.machineLearning.hmm.HMMGaussianClassifier {.configuration.actor library.MoreLibraries.MachineLearning.HMM.HMMGaussianClassifier} 351687 ms. Memory: 2705408K Free: 250817K (9%)
#Configuration.check: entity: org.ptolemy.machineLearning.hmm.HMMExponentialClassifier {.configuration.actor library.MoreLibraries.MachineLearning.HMM.HMMExponentialClassifier} 351691 ms. Memory: 2705408K Free: 249793K (9%)
#Configuration.check: entity: org.ptolemy.machineLearning.hmm.HMMMultinomialClassifier {.configuration.actor library.MoreLibraries.MachineLearning.HMM.HMMMultinomialClassifier} 351695 ms. Memory: 2705408K Free: 249283K (9%)
#Configuration.check: entity: org.ptolemy.machineLearning.hsmm.HSMMMultinomialEstimator {.configuration.actor library.MoreLibraries.MachineLearning.HSMM.HSMMMultinomialEstimator} 351699 ms. Memory: 2705408K Free: 248259K (9%)
#Configuration.check: entity: org.ptolemy.machineLearning.hsmm.HSMMTimeAwareMultinomialEstimator {.configuration.actor library.MoreLibraries.MachineLearning.HSMM.HSMMTimeAwareMultinomialEstimator} 352169 ms. Memory: 2705408K Free: 250998K (9%)
#Configuration.check: entity: org.ptolemy.machineLearning.hsmm.HSMMGaussianEstimator {.configuration.actor library.MoreLibraries.MachineLearning.HSMM.HSMMGaussianEstimator} 352180 ms. Memory: 2705408K Free: 249460K (9%)
#Configuration.check: entity: org.ptolemy.machineLearning.hsmm.HSMMGeneratorGaussianEmissions {.configuration.actor library.MoreLibraries.MachineLearning.HSMM.HSMMGeneratorGaussianEmissions} 352186 ms. Memory: 2705408K Free: 247926K (9%)
#Configuration.check: entity: org.ptolemy.machineLearning.hsmm.HSMMGeneratorMultinomialEmissions {.configuration.actor library.MoreLibraries.MachineLearning.HSMM.HSMMGeneratorMultinomialEmissions} 352188 ms. Memory: 2705408K Free: 247412K (9%)
#Configuration.check: entity: org.ptolemy.machineLearning.hsmm.HSMMTimeAwareGenerator {.configuration.actor library.MoreLibraries.MachineLearning.HSMM.HSMMTimeAwareGenerator} 352190 ms. Memory: 2705408K Free: 246902K (9%)
#Configuration.check: entity: org.ptolemy.ssm.GaussianMeasurementModel {.configuration.actor library.MoreLibraries.MachineLearning.StateSpaceModel.GaussianMeasurementModel} 352197 ms. Memory: 2705408K Free: 245364K (9%)
#Configuration.check: entity: org.ptolemy.ssm.Map {.configuration.actor library.MoreLibraries.MachineLearning.StateSpaceModel.Map} 352660 ms. Memory: 2705408K Free: 244854K (9%)
#Configuration.check: entity: org.ptolemy.ssm.StateSpaceModel {.configuration.actor library.MoreLibraries.MachineLearning.StateSpaceModel.StateSpaceModel} 352679 ms. Memory: 2705408K Free: 244340K (9%)
#Configuration.check: entity: ptolemy.actor.lib.mail.SendMail {.configuration.actor library.MoreLibraries.Mail.SendMail} 352681 ms. Memory: 2705408K Free: 243830K (9%)
#Configuration.check: entity: ptolemy.actor.lib.mbed.Accelerometer {.configuration.actor library.MoreLibraries.Mbed.Accelerometer} 352685 ms. Memory: 2705408K Free: 242806K (9%)
#Configuration.check: entity: ptolemy.actor.lib.mbed.CC3000Control {.configuration.actor library.MoreLibraries.Mbed.CC3000Control} 352880 ms. Memory: 2705408K Free: 203365K (8%)
#Configuration.check: entity: ptolemy.actor.lib.mbed.CC3000Module {.configuration.actor library.MoreLibraries.Mbed.CC3000Module} 352882 ms. Memory: 2705408K Free: 203365K (8%)
#Configuration.check: entity: ptolemy.actor.lib.mbed.GestureRecognition {.configuration.actor library.MoreLibraries.Mbed.GestureRecognition} 352883 ms. Memory: 2705408K Free: 202870K (7%)
#Configuration.check: entity: ptolemy.actor.lib.mbed.GPIOWriter {.configuration.actor library.MoreLibraries.Mbed.GPIOWriter} 352884 ms. Memory: 2705408K Free: 202870K (7%)
#Configuration.check: entity: ptolemy.actor.lib.mbed.HSBtoRGB {.configuration.actor library.MoreLibraries.Mbed.HSBtoRGB} 352884 ms. Memory: 2705408K Free: 202870K (7%)
#Configuration.check: entity: ptolemy.actor.lib.mbed.LEDCubeUpdate {.configuration.actor library.MoreLibraries.Mbed.LEDCubeUpdate} 352885 ms. Memory: 2705408K Free: 202356K (7%)
#Configuration.check: entity: ptolemy.actor.lib.mbed.NeoPixelLEDStrip {.configuration.actor library.MoreLibraries.Mbed.NeoPixelLEDStrip} 352886 ms. Memory: 2705408K Free: 202356K (7%)
#Configuration.check: entity: ptolemy.actor.lib.mbed.PacketToSensorData {.configuration.actor library.MoreLibraries.Mbed.PacketToSensorData} 352888 ms. Memory: 2705408K Free: 201844K (7%)
#Configuration.check: entity: ptolemy.actor.lib.mbed.SensorDataCalibration {.configuration.actor library.MoreLibraries.Mbed.SensorDataCalibration} 352889 ms. Memory: 2705408K Free: 201332K (7%)
#Configuration.check: entity: org.ptolemy.osc.OscReceiver {.configuration.actor library.MoreLibraries.OpenSoundControl.OscReceiver} 352890 ms. Memory: 2705408K Free: 201311K (7%)
#Configuration.check: entity: org.ptolemy.osc.OscSender {.configuration.actor library.MoreLibraries.OpenSoundControl.OscSender} 352918 ms. Memory: 2705408K Free: 195157K (7%)
#Configuration.check: entity: ptolemy.domains.petrinet.kernel.Place {.configuration.actor library.MoreLibraries.PetriNet.Place} 352920 ms. Memory: 2705408K Free: 194678K (7%)
#Configuration.check: entity: ptolemy.domains.ontologies.lib.UnitsConverter {.configuration.actor library.MoreLibraries.Ontologies.UnitsConverter} 352921 ms. Memory: 2705408K Free: 194678K (7%)
#Configuration.check: entity: ptolemy.actor.lib.python.PythonScript {.configuration.actor library.MoreLibraries.Python.PythonActor} 352923 ms. Memory: 2705408K Free: 194678K (7%)
#Configuration.check: entity: ptolemy.actor.lib.python.PythonScript {.configuration.actor library.MoreLibraries.Python.PythonScript} 352945 ms. Memory: 2705408K Free: 192630K (7%)
#Configuration.check: entity: ptolemy.actor.lib.Clock {.configuration.actor library.MoreLibraries.QuantizedState.PeriodicSampler.DiscreteClock} 352946 ms. Memory: 2705408K Free: 192630K (7%)
#Configuration.check: entity: ptolemy.actor.lib.Sampler {.configuration.actor library.MoreLibraries.QuantizedState.PeriodicSampler.Sampler} 353050 ms. Memory: 2705408K Free: 172660K (6%)
#Configuration.check: entity: ptolemy.domains.qss.kernel.QSSIntegrator {.configuration.actor library.MoreLibraries.QuantizedState.QSSIntegrator} 353051 ms. Memory: 2705408K Free: 172660K (6%)
#Configuration.check: entity: ptolemy.domains.qss.lib.SmoothSignal {.configuration.actor library.MoreLibraries.QuantizedState.SmoothSignal} 353059 ms. Memory: 2705408K Free: 172150K (6%)
#Configuration.check: entity: ptolemy.actor.lib.conversions.SmoothToDouble {.configuration.actor library.MoreLibraries.QuantizedState.SmoothToDouble} 353060 ms. Memory: 2705408K Free: 172150K (6%)
#Configuration.check: entity: ptolemy.domains.qss.lib.SmoothZeroCrossingDetector {.configuration.actor library.MoreLibraries.QuantizedState.SmoothZeroCrossingDetector} 353060 ms. Memory: 2705408K Free: 172150K (6%)
#Configuration.check: entity: ptolemy.actor.lib.r.RExpression {.configuration.actor library.MoreLibraries.R.RExpression} 353080 ms. Memory: 2705408K Free: 172150K (6%)
#Configuration.check: entity: ptolemy.actor.lib.r.RExpression2 {.configuration.actor library.MoreLibraries.R.RExpression2} 353085 ms. Memory: 2705408K Free: 170612K (6%)
#Configuration.check: entity: ptolemy.actor.lib.GetCausalityInterface {.configuration.actor library.MoreLibraries.RegressionTest.GetCausalityInterface} 353098 ms. Memory: 2705408K Free: 170612K (6%)
#Configuration.check: entity: ptolemy.actor.lib.CurrentMicrostep {.configuration.actor library.MoreLibraries.RegressionTest.CurrentMicrostep} 353102 ms. Memory: 2705408K Free: 169078K (6%)
#Configuration.check: entity: ptolemy.actor.lib.NonStrictTest {.configuration.actor library.MoreLibraries.RegressionTest.NonStrictTest} 353102 ms. Memory: 2705408K Free: 169078K (6%)
#Configuration.check: entity: ptolemy.actor.lib.Test {.configuration.actor library.MoreLibraries.RegressionTest.Test} 353111 ms. Memory: 2705408K Free: 169078K (6%)
#Configuration.check: entity: ptolemy.domains.de.lib.TestActorPortDepth {.configuration.actor library.MoreLibraries.RegressionTest.TestActorPortDepth} 353111 ms. Memory: 2705408K Free: 169078K (6%)
#Configuration.check: entity: ptolemy.actor.lib.TypeTest {.configuration.actor library.MoreLibraries.RegressionTest.TypeTest} 353112 ms. Memory: 2705408K Free: 169078K (6%)
#Configuration.check: entity: ptolemy.actor.lib.security.KeyWriter {.configuration.actor library.MoreLibraries.Security.KeyWriter} 353112 ms. Memory: 2705408K Free: 169078K (6%)
#Configuration.check: entity: ptolemy.actor.lib.security.PublicKeyReader {.configuration.actor library.MoreLibraries.Security.PublicKeyReader} 353152 ms. Memory: 2705408K Free: 162405K (6%)
#Configuration.check: entity: ptolemy.actor.lib.security.PrivateKeyReader {.configuration.actor library.MoreLibraries.Security.PrivateKeyReader} 353153 ms. Memory: 2705408K Free: 161910K (6%)
#Configuration.check: entity: ptolemy.actor.lib.security.SecretKey {.configuration.actor library.MoreLibraries.Security.SecretKey} 353153 ms. Memory: 2705408K Free: 161910K (6%)
#Configuration.check: entity: ptolemy.actor.lib.security.SecretKeyReader {.configuration.actor library.MoreLibraries.Security.SecretKeyReader} 353154 ms. Memory: 2705408K Free: 161910K (6%)
#Configuration.check: entity: ptolemy.actor.lib.security.SignatureSigner {.configuration.actor library.MoreLibraries.Security.SignatureSigner} 353156 ms. Memory: 2705408K Free: 161396K (6%)
#Configuration.check: entity: ptolemy.actor.lib.security.SignatureVerifier {.configuration.actor library.MoreLibraries.Security.SignatureVerifier} 353158 ms. Memory: 2705408K Free: 161396K (6%)
#Configuration.check: entity: ptolemy.actor.lib.security.SymmetricDecryption {.configuration.actor library.MoreLibraries.Security.SymmetricDecryption} 353158 ms. Memory: 2705408K Free: 161396K (6%)
#Configuration.check: entity: ptolemy.actor.lib.security.SymmetricEncryption {.configuration.actor library.MoreLibraries.Security.SymmetricEncryption} 353161 ms. Memory: 2705408K Free: 161396K (6%)
#Configuration.check: entity: ptolemy.actor.lib.security.SymmetricCrypto {.configuration.actor library.MoreLibraries.Security.SymmetricCrypto} 353167 ms. Memory: 2705408K Free: 161396K (6%)
#Configuration.check: entity: ptolemy.domains.wireless.lib.CollisionDetector {.configuration.actor library.MoreLibraries.Wireless.WirelessActors.CollisionDetector} 353169 ms. Memory: 2705408K Free: 160886K (6%)
#Configuration.check: entity: ptolemy.domains.wireless.lib.GetProperties {.configuration.actor library.MoreLibraries.Wireless.WirelessActors.GetProperties} 353212 ms. Memory: 2705408K Free: 150646K (6%)
#Configuration.check: entity: ptolemy.domains.wireless.lib.GraphicalLocator {.configuration.actor library.MoreLibraries.Wireless.WirelessActors.GraphicalLocator} 353212 ms. Memory: 2705408K Free: 150646K (6%)
#Configuration.check: entity: ptolemy.domains.wireless.lib.Locator {.configuration.actor library.MoreLibraries.Wireless.WirelessActors.Locator} 353214 ms. Memory: 2705408K Free: 150132K (6%)
#Configuration.check: entity: ptolemy.domains.wireless.lib.NodeRandomizer {.configuration.actor library.MoreLibraries.Wireless.WirelessActors.NodeRandomizer} 353215 ms. Memory: 2705408K Free: 149622K (6%)
#Configuration.check: entity: ptolemy.domains.wireless.lib.TerrainProperty {.configuration.actor library.MoreLibraries.Wireless.WirelessActors.TerrainProperty} 353216 ms. Memory: 2705408K Free: 149622K (6%)
#Configuration.check: entity: ptolemy.domains.wireless.lib.LinkVisualizer {.configuration.actor library.MoreLibraries.Wireless.WirelessActors.LinkVisualizer} 353216 ms. Memory: 2705408K Free: 149108K (6%)
#Configuration.check: entity: ptolemy.domains.wireless.lib.Triangulator {.configuration.actor library.MoreLibraries.Wireless.WirelessActors.Triangulator} 353217 ms. Memory: 2705408K Free: 149108K (6%)
#Configuration.check: entity: ptolemy.domains.wireless.lib.WiredToWireless {.configuration.actor library.MoreLibraries.Wireless.WirelessActors.WiredToWireless} 353218 ms. Memory: 2705408K Free: 149108K (6%)
#Configuration.check: entity: ptolemy.domains.wireless.lib.WirelessToWired {.configuration.actor library.MoreLibraries.Wireless.WirelessActors.WirelessToWired} 353219 ms. Memory: 2705408K Free: 148598K (5%)
#Configuration.check: entity: ptolemy.domains.wireless.kernel.AtomicWirelessChannel {.configuration.actor library.MoreLibraries.Wireless.WirelessChannels.AtomicWirelessChannel} 353219 ms. Memory: 2705408K Free: 148598K (5%)
#Configuration.check: entity: ptolemy.domains.wireless.lib.DelayChannel {.configuration.actor library.MoreLibraries.Wireless.WirelessChannels.DelayChannel} 353234 ms. Memory: 2705408K Free: 146550K (5%)
#Configuration.check: entity: ptolemy.domains.wireless.lib.LimitedRangeChannel {.configuration.actor library.MoreLibraries.Wireless.WirelessChannels.LimitedRangeChannel} 353235 ms. Memory: 2705408K Free: 146550K (5%)
#Configuration.check: entity: ptolemy.domains.wireless.lib.ErasureChannel {.configuration.actor library.MoreLibraries.Wireless.WirelessChannels.ErasureChannel} 353235 ms. Memory: 2705408K Free: 146550K (5%)
#Configuration.check: entity: ptolemy.domains.wireless.lib.PowerLossChannel {.configuration.actor library.MoreLibraries.Wireless.WirelessChannels.PowerLossChannel} 353235 ms. Memory: 2705408K Free: 146550K (5%)
#Configuration.check: entity: ptolemy.actor.lib.conversions.StringToXML {.configuration.actor library.MoreLibraries.XML.StringToXML} 353236 ms. Memory: 2705408K Free: 146550K (5%)
#Configuration.check: entity: ptolemy.actor.lib.xslt.XSLTransformer {.configuration.actor library.MoreLibraries.XML.XSLTransformer} 353237 ms. Memory: 2705408K Free: 146036K (5%)
#Configuration.check: entity: ptolemy.actor.lib.xslt.XMLInclusion {.configuration.actor library.MoreLibraries.XML.XMLInclusion} 353238 ms. Memory: 2705408K Free: 146036K (5%)
#Configuration.check: entity: ptolemy.actor.gt.controller.InitModel {.configuration.effigyFactory.Model Transformation.blank._Controller.InitModel} 353247 ms. Memory: 2705408K Free: 146036K (5%)
#Configuration.check: entity: ptolemy.actor.lib.CurrentTime {.configuration.actor library.Actors.Sources.TimedSources.TriggeredSinewave.CurrentTime} 353247 ms. Memory: 2705408K Free: 146036K (5%)
#Configuration.check: entity: ptolemy.actor.lib.Scale {.configuration.actor library.Actors.Sources.TimedSources.TriggeredSinewave.Frequency} 353248 ms. Memory: 2705408K Free: 145526K (5%)
#Configuration.check: entity: ptolemy.actor.lib.TrigFunction {.configuration.actor library.Actors.Sources.TimedSources.TriggeredSinewave.Sin} 353248 ms. Memory: 2705408K Free: 145526K (5%)
#Configuration.check: entity: ptolemy.actor.lib.Const {.configuration.actor library.Actors.Sources.TimedSources.TriggeredSinewave.Phase} 353248 ms. Memory: 2705408K Free: 145526K (5%)
#Configuration.check: entity: ptolemy.actor.lib.AddSubtract {.configuration.actor library.Actors.Sources.TimedSources.TriggeredSinewave.Add} 353249 ms. Memory: 2705408K Free: 145526K (5%)
#Configuration.check: entity: ptolemy.actor.lib.Scale {.configuration.actor library.Actors.Sources.TimedSources.TriggeredSinewave.Magnitude} 353249 ms. Memory: 2705408K Free: 145526K (5%)
#Configuration.check: entity: ptolemy.actor.lib.Ramp {.configuration.actor library.Actors.Sources.SequenceSources.Sinewave.Ramp} 353249 ms. Memory: 2705408K Free: 145526K (5%)
#Configuration.check: entity: ptolemy.actor.lib.TrigFunction {.configuration.actor library.Actors.Sources.SequenceSources.Sinewave.TrigFunction} 353250 ms. Memory: 2705408K Free: 145012K (5%)
#Configuration.check: entity: ptolemy.actor.lib.Const {.configuration.actor library.Actors.Sources.SequenceSources.Sinewave.Const} 353250 ms. Memory: 2705408K Free: 145012K (5%)
#Configuration.check: entity: ptolemy.actor.lib.AddSubtract {.configuration.actor library.Actors.Sources.SequenceSources.Sinewave.AddSubtract} 353250 ms. Memory: 2705408K Free: 145012K (5%)
#Configuration.check: entity: ptolemy.actor.lib.Pulse {.configuration.actor library.Actors.SignalProcessing.Spectrum.MaximumEntropySpectrum.Pulse} 353251 ms. Memory: 2705408K Free: 145012K (5%)
#Configuration.check: entity: ptolemy.actor.lib.MultiplyDivide {.configuration.actor library.Actors.SignalProcessing.Spectrum.MaximumEntropySpectrum.MultiplyDivide} 353253 ms. Memory: 2705408K Free: 144502K (5%)
#Configuration.check: entity: ptolemy.domains.sdf.lib.Autocorrelation {.configuration.actor library.Actors.SignalProcessing.Spectrum.MaximumEntropySpectrum.Autocorrelation} 353253 ms. Memory: 2705408K Free: 144502K (5%)
#Configuration.check: entity: ptolemy.actor.lib.LevinsonDurbin {.configuration.actor library.Actors.SignalProcessing.Spectrum.MaximumEntropySpectrum.LevinsonDurbin} 353254 ms. Memory: 2705408K Free: 143988K (5%)
#Configuration.check: entity: ptolemy.actor.lib.ArrayAppend {.configuration.actor library.Actors.SignalProcessing.Spectrum.MaximumEntropySpectrum.ArrayAppend} 353254 ms. Memory: 2705408K Free: 143988K (5%)
#Configuration.check: entity: ptolemy.domains.sdf.lib.ArrayToSequence {.configuration.actor library.Actors.SignalProcessing.Spectrum.MaximumEntropySpectrum.ArrayToSequence} 353259 ms. Memory: 2705408K Free: 143478K (5%)
#Configuration.check: entity: ptolemy.domains.sdf.lib.FFT {.configuration.actor library.Actors.SignalProcessing.Spectrum.MaximumEntropySpectrum.FFT} 353262 ms. Memory: 2705408K Free: 142964K (5%)
#Configuration.check: entity: ptolemy.actor.lib.AbsoluteValue {.configuration.actor library.Actors.SignalProcessing.Spectrum.MaximumEntropySpectrum.AbsoluteValue} 353272 ms. Memory: 2705408K Free: 141940K (5%)
#Configuration.check: entity: ptolemy.actor.lib.MultiplyDivide {.configuration.actor library.Actors.SignalProcessing.Spectrum.MaximumEntropySpectrum.MultiplyDivide2} 353282 ms. Memory: 2705408K Free: 141940K (5%)
#Configuration.check: entity: ptolemy.actor.lib.DB {.configuration.actor library.Actors.SignalProcessing.Spectrum.MaximumEntropySpectrum.DB} 353282 ms. Memory: 2705408K Free: 141940K (5%)
#Configuration.check: entity: ptolemy.actor.lib.ArrayElement {.configuration.actor library.Actors.SignalProcessing.Spectrum.MaximumEntropySpectrum.ArrayElement} 353283 ms. Memory: 2705408K Free: 141940K (5%)
#Configuration.check: entity: ptolemy.domains.sdf.lib.Repeat {.configuration.actor library.Actors.SignalProcessing.Spectrum.MaximumEntropySpectrum.Repeat} 353284 ms. Memory: 2705408K Free: 141430K (5%)
#Configuration.check: entity: ptolemy.domains.sdf.lib.Chop {.configuration.actor library.Actors.SignalProcessing.Spectrum.MaximumEntropySpectrum.Chop} 353289 ms. Memory: 2705408K Free: 139892K (5%)
#Configuration.check: entity: ptolemy.actor.lib.MathFunction {.configuration.actor library.Actors.SignalProcessing.Spectrum.MaximumEntropySpectrum.MathFunction} 353292 ms. Memory: 2705408K Free: 139382K (5%)
#Configuration.check: entity: ptolemy.actor.lib.Const {.configuration.actor library.Actors.SignalProcessing.Spectrum.MaximumEntropySpectrum.Const} 353292 ms. Memory: 2705408K Free: 139382K (5%)
#Configuration.check: entity: ptolemy.actor.lib.MultiplyDivide {.configuration.actor library.Actors.SignalProcessing.Spectrum.SmoothedPeriodogram.Multiply} 353292 ms. Memory: 2705408K Free: 139382K (5%)
#Configuration.check: entity: ptolemy.domains.sdf.lib.FFT {.configuration.actor library.Actors.SignalProcessing.Spectrum.SmoothedPeriodogram.FFT} 353292 ms. Memory: 2705408K Free: 139382K (5%)
#Configuration.check: entity: ptolemy.actor.lib.DB {.configuration.actor library.Actors.SignalProcessing.Spectrum.SmoothedPeriodogram.DB} 353299 ms. Memory: 2705408K Free: 138358K (5%)
#Configuration.check: entity: ptolemy.actor.lib.AbsoluteValue {.configuration.actor library.Actors.SignalProcessing.Spectrum.SmoothedPeriodogram.AbsoluteValue0} 353300 ms. Memory: 2705408K Free: 138358K (5%)
#Configuration.check: entity: ptolemy.domains.sdf.lib.Autocorrelation {.configuration.actor library.Actors.SignalProcessing.Spectrum.SmoothedPeriodogram.Autocorrelation} 353302 ms. Memory: 2705408K Free: 138358K (5%)
#Configuration.check: entity: ptolemy.domains.sdf.lib.Chop {.configuration.actor library.Actors.SignalProcessing.Spectrum.SmoothedPeriodogram.Chop} 353312 ms. Memory: 2705408K Free: 137844K (5%)
#Configuration.check: entity: ptolemy.domains.sdf.lib.ArrayToSequence {.configuration.actor library.Actors.SignalProcessing.Spectrum.SmoothedPeriodogram.ArrayToSequence} 353328 ms. Memory: 2705408K Free: 136820K (5%)
#Configuration.check: entity: ptolemy.actor.lib.Sequence {.configuration.actor library.Actors.SignalProcessing.Spectrum.SmoothedPeriodogram.Sequence} 353331 ms. Memory: 2705408K Free: 136310K (5%)
#Configuration.check: entity: ptolemy.actor.lib.MultiplyDivide {.configuration.actor library.Actors.SignalProcessing.Spectrum.Spectrum.Multiply} 353332 ms. Memory: 2705408K Free: 136310K (5%)
#Configuration.check: entity: ptolemy.domains.sdf.lib.FFT {.configuration.actor library.Actors.SignalProcessing.Spectrum.Spectrum.FFT} 353332 ms. Memory: 2705408K Free: 135796K (5%)
#Configuration.check: entity: ptolemy.actor.lib.DB {.configuration.actor library.Actors.SignalProcessing.Spectrum.Spectrum.DB} 353334 ms. Memory: 2705408K Free: 135286K (5%)
#Configuration.check: entity: ptolemy.actor.lib.AbsoluteValue {.configuration.actor library.Actors.SignalProcessing.Spectrum.Spectrum.AbsoluteValue0} 353345 ms. Memory: 2705408K Free: 135286K (5%)
#Configuration.check: entity: ptolemy.actor.lib.Scale {.configuration.actor library.Actors.SignalProcessing.Spectrum.Spectrum.Scale} 353346 ms. Memory: 2705408K Free: 134772K (5%)
#Configuration.check: entity: ptolemy.actor.lib.Sequence {.configuration.actor library.Actors.SignalProcessing.Spectrum.Spectrum.Sequence} 353347 ms. Memory: 2705408K Free: 134772K (5%)
#Configuration.check: entity: ptolemy.actor.lib.CurrentTime {.configuration.actor library.Actors.DomainSpecific.Continuous.Signal Generators.ContinuousSinewave.CurrentTime} 353348 ms. Memory: 2705408K Free: 134772K (5%)
#Configuration.check: entity: ptolemy.actor.lib.Scale {.configuration.actor library.Actors.DomainSpecific.Continuous.Signal Generators.ContinuousSinewave.Frequency} 353348 ms. Memory: 2705408K Free: 134772K (5%)
#Configuration.check: entity: ptolemy.actor.lib.TrigFunction {.configuration.actor library.Actors.DomainSpecific.Continuous.Signal Generators.ContinuousSinewave.Sin} 353348 ms. Memory: 2705408K Free: 134772K (5%)
#Configuration.check: entity: ptolemy.actor.lib.Const {.configuration.actor library.Actors.DomainSpecific.Continuous.Signal Generators.ContinuousSinewave.Phase} 353348 ms. Memory: 2705408K Free: 134262K (5%)
#Configuration.check: entity: ptolemy.actor.lib.AddSubtract {.configuration.actor library.Actors.DomainSpecific.Continuous.Signal Generators.ContinuousSinewave.Add} 353349 ms. Memory: 2705408K Free: 134262K (5%)
#Configuration.check: entity: ptolemy.actor.lib.Scale {.configuration.actor library.Actors.DomainSpecific.Continuous.Signal Generators.ContinuousSinewave.Magnitude} 353349 ms. Memory: 2705408K Free: 134262K (5%)
#Configuration.check: entity: ptolemy.domains.continuous.lib.ZeroOrderHold {.configuration.actor library.Actors.DomainSpecific.Continuous.Signal Generators.PWM.ZeroOrderHold} 353349 ms. Memory: 2705408K Free: 134262K (5%)
#Configuration.check: entity: ptolemy.domains.modal.kernel.State {.configuration.actor library.Actors.DomainSpecific.Continuous.Signal Generators.PWM.Controller._Controller.on} 353349 ms. Memory: 2705408K Free: 134262K (5%)
#Configuration.check: entity: ptolemy.domains.modal.kernel.State {.configuration.actor library.Actors.DomainSpecific.Continuous.Signal Generators.PWM.Controller._Controller.off} 353349 ms. Memory: 2705408K Free: 134262K (5%)
#Configuration.check: entity: ptolemy.domains.modal.kernel.State {.configuration.actor library.Actors.DomainSpecific.Continuous.Signal Generators.PWM.Controller._Controller.start} 353349 ms. Memory: 2705408K Free: 134262K (5%)
#Configuration.check: entity: ptolemy.actor.lib.gui.SequencePlotter {.configuration.actor library.Actors.DomainSpecific.Continuous.Random.ContinuousSpectrum.Frequency Domain Display} 353349 ms. Memory: 2705408K Free: 134262K (5%)
#Configuration.check: entity: ptolemy.actor.lib.MultiplyDivide {.configuration.actor library.Actors.DomainSpecific.Continuous.Random.ContinuousSpectrum.Periodogram.Multiply} 353350 ms. Memory: 2705408K Free: 134262K (5%)
#Configuration.check: entity: ptolemy.actor.lib.Pulse {.configuration.actor library.Actors.DomainSpecific.Continuous.Random.ContinuousSpectrum.Periodogram.Waveform} 353350 ms. Memory: 2705408K Free: 134262K (5%)
#Configuration.check: entity: ptolemy.domains.sdf.lib.FFT {.configuration.actor library.Actors.DomainSpecific.Continuous.Random.ContinuousSpectrum.Periodogram.FFT} 353361 ms. Memory: 2705408K Free: 133238K (5%)
#Configuration.check: entity: ptolemy.actor.lib.DB {.configuration.actor library.Actors.DomainSpecific.Continuous.Random.ContinuousSpectrum.Periodogram.DB} 353377 ms. Memory: 2705408K Free: 132724K (5%)
#Configuration.check: entity: ptolemy.actor.lib.AbsoluteValue {.configuration.actor library.Actors.DomainSpecific.Continuous.Random.ContinuousSpectrum.Periodogram.AbsoluteValue0} 353378 ms. Memory: 2705408K Free: 132214K (5%)
#Configuration.check: entity: ptolemy.actor.lib.Scale {.configuration.actor library.Actors.DomainSpecific.Continuous.Random.ContinuousSpectrum.Periodogram.Scale} 353379 ms. Memory: 2705408K Free: 132214K (5%)
#Configuration.check: entity: ptolemy.actor.lib.aspect.CommunicationRequestPort {.configuration.actor library.MoreLibraries.Aspects.CompositeCommunicationAspect.CommunicationRequestPort} 353379 ms. Memory: 2705408K Free: 132214K (5%)
#Configuration.check: entity: ptolemy.actor.lib.aspect.CommunicationResponsePort {.configuration.actor library.MoreLibraries.Aspects.CompositeCommunicationAspect.CommunicationResponsePort} 353381 ms. Memory: 2705408K Free: 131700K (5%)
#Configuration.check: entity: ptolemy.actor.lib.aspect.ExecutionRequestPort {.configuration.actor library.MoreLibraries.Aspects.CompositeExecutionAspect.ExecutionRequestPort} 353382 ms. Memory: 2705408K Free: 131190K (5%)
#Configuration.check: entity: ptolemy.actor.lib.aspect.ExecutionResponsePort {.configuration.actor library.MoreLibraries.Aspects.CompositeExecutionAspect.ExecutionResponsePort} 353391 ms. Memory: 2705408K Free: 131190K (5%)
#Configuration.check: entity: ptolemy.actor.gt.controller.InitModelWithContainer {.configuration.actor library.MoreLibraries.GraphTransformation.ModelUpdater._Controller.InitModelWithContainer} 353392 ms. Memory: 2705408K Free: 130676K (5%)
#Configuration.check: entity: ptolemy.actor.gt.controller.InitModel {.configuration.actor library.MoreLibraries.GraphTransformation.TransformationController._Controller.InitModel} 353392 ms. Memory: 2705408K Free: 130676K (5%)
#Configuration.check: entity: ptolemy.actor.gt.controller.InputModel {.configuration.actor library.MoreLibraries.GraphTransformation.TransformationController._Controller.InputModel} 353392 ms. Memory: 2705408K Free: 130676K (5%)
#Configuration.check: entity: ptolemy.actor.gt.controller.OutputModel {.configuration.actor library.MoreLibraries.GraphTransformation.TransformationController._Controller.OutputModel} 353392 ms. Memory: 2705408K Free: 130676K (5%)
#Configuration.check: entity: ptolemy.actor.lib.Expression {.configuration.actor library.MoreLibraries.MachineLearning.ParticleFilter.CollaborativeRangeParticleFilter.x_update} 353392 ms. Memory: 2705408K Free: 130676K (5%)
#Configuration.check: entity: ptolemy.actor.lib.Expression {.configuration.actor library.MoreLibraries.MachineLearning.ParticleFilter.CollaborativeRangeParticleFilter.y_update} 353647 ms. Memory: 2705408K Free: 192964K (7%)
#Configuration.check: entity: ptolemy.actor.lib.Expression {.configuration.actor library.MoreLibraries.MachineLearning.ParticleFilter.CollaborativeRangeParticleFilter.range0_m_equation} 353648 ms. Memory: 2705408K Free: 192454K (7%)
#Configuration.check: entity: ptolemy.actor.lib.Expression {.configuration.actor library.MoreLibraries.MachineLearning.ParticleFilter.CollaborativeRangeParticleFilter.range0_m_covariance} 353650 ms. Memory: 2705408K Free: 192454K (7%)
#Configuration.check: entity: ptolemy.actor.lib.SetVariable {.configuration.actor library.MoreLibraries.MachineLearning.ParticleFilter.CollaborativeRangeParticleFilter.setrange0_m} 353650 ms. Memory: 2705408K Free: 192454K (7%)
#Configuration.check: entity: ptolemy.actor.lib.Expression {.configuration.actor library.MoreLibraries.MachineLearning.ParticleFilter.CollaborativeRangeParticleFilter.range1_m_equation} 353651 ms. Memory: 2705408K Free: 191940K (7%)
#Configuration.check: entity: ptolemy.actor.lib.Expression {.configuration.actor library.MoreLibraries.MachineLearning.ParticleFilter.CollaborativeRangeParticleFilter.range1_m_covariance} 353652 ms. Memory: 2705408K Free: 191940K (7%)
#Configuration.check: entity: ptolemy.actor.lib.SetVariable {.configuration.actor library.MoreLibraries.MachineLearning.ParticleFilter.CollaborativeRangeParticleFilter.setrange1_m} 353653 ms. Memory: 2705408K Free: 191940K (7%)
#Configuration.check: entity: ptolemy.actor.lib.Expression {.configuration.actor library.MoreLibraries.MachineLearning.ParticleFilter.CollaborativeRangeParticleFilter.range2_m_equation} 353653 ms. Memory: 2705408K Free: 191940K (7%)
#Configuration.check: entity: ptolemy.actor.lib.Expression {.configuration.actor library.MoreLibraries.MachineLearning.ParticleFilter.CollaborativeRangeParticleFilter.range2_m_covariance} 353655 ms. Memory: 2705408K Free: 191430K (7%)
#Configuration.check: entity: ptolemy.actor.lib.SetVariable {.configuration.actor library.MoreLibraries.MachineLearning.ParticleFilter.CollaborativeRangeParticleFilter.setrange2_m} 353656 ms. Memory: 2705408K Free: 191430K (7%)
#Configuration.check: entity: ptolemy.actor.lib.Expression {.configuration.actor library.MoreLibraries.MachineLearning.ParticleFilter.CollaborativeRangeParticleFilter.range3_m_equation} 353656 ms. Memory: 2705408K Free: 191430K (7%)
#Configuration.check: entity: ptolemy.actor.lib.Expression {.configuration.actor library.MoreLibraries.MachineLearning.ParticleFilter.CollaborativeRangeParticleFilter.range3_m_covariance} 353658 ms. Memory: 2705408K Free: 190886K (7%)
#Configuration.check: entity: ptolemy.actor.lib.SetVariable {.configuration.actor library.MoreLibraries.MachineLearning.ParticleFilter.CollaborativeRangeParticleFilter.setrange3_m} 353658 ms. Memory: 2705408K Free: 190886K (7%)
#Configuration.check: entity: ptolemy.actor.lib.AddSubtract {.configuration.actor library.MoreLibraries.Optimization.TrajectoryOptimizer.OptimizerComposite.AddSubtract} 353659 ms. Memory: 2705408K Free: 190886K (7%)
#Configuration.check: entity: ptolemy.actor.lib.Expression {.configuration.actor library.MoreLibraries.Optimization.TrajectoryOptimizer.OptimizerComposite.Constraints} 353659 ms. Memory: 2705408K Free: 190886K (7%)
#Configuration.check: entity: ptolemy.actor.lib.Expression {.configuration.actor library.MoreLibraries.Optimization.TrajectoryOptimizer.OptimizerComposite.CostFunction} 353660 ms. Memory: 2705408K Free: 190406K (7%)
#---- Second call to Configuration.check
Configuration.check: entity: ptolemy.actor.lib.Assert {.configuration.actor library.Utilities.Analysis.Assert} 0 ms. Memory: 2973696K Free: 439808K (15%)
#Configuration.check: entity: ptolemy.actor.lib.jjs.JavaScript {.configuration.actor library.Utilities.JavaScript.JavaScript} 1 ms. Memory: 2973696K Free: 439280K (15%)
#Configuration.check: entity: ptolemy.vergil.basic.export.html.jsoup.HTMLPageAssembler {.configuration.actor library.Utilities.WebExport.HTMLPageAssembler} 4 ms. Memory: 2973696K Free: 438270K (15%)
#Configuration.check: entity: ptolemy.actor.lib.Const {.configuration.actor library.Actors.Sources.GenericSources.Const} 5 ms. Memory: 2973696K Free: 437760K (15%)
#Configuration.check: entity: ptolemy.actor.lib.StringConst {.configuration.actor library.Actors.Sources.GenericSources.StringConst} 5 ms. Memory: 2973696K Free: 437760K (15%)
#Configuration.check: entity: ptolemy.actor.lib.Subscriber {.configuration.actor library.Actors.Sources.GenericSources.Subscriber} 6 ms. Memory: 2973696K Free: 437760K (15%)
#Configuration.check: entity: ptolemy.actor.lib.SubscriptionAggregator {.configuration.actor library.Actors.Sources.GenericSources.SubscriptionAggregator} 6 ms. Memory: 2973696K Free: 437216K (15%)
#Configuration.check: entity: ptolemy.actor.lib.CurrentDate {.configuration.actor library.Actors.Sources.TimedSources.CurrentDate} 7 ms. Memory: 2973696K Free: 436736K (15%)
#Configuration.check: entity: ptolemy.actor.lib.CurrentTime {.configuration.actor library.Actors.Sources.TimedSources.CurrentTime} 10 ms. Memory: 2973696K Free: 435712K (15%)
#Configuration.check: entity: ptolemy.actor.lib.CurrentMicrostep {.configuration.actor library.Actors.Sources.TimedSources.CurrentMicrostep} 10 ms. Memory: 2973696K Free: 435712K (15%)
#Configuration.check: entity: ptolemy.actor.lib.DiscreteClock {.configuration.actor library.Actors.Sources.TimedSources.DiscreteClock} 11 ms. Memory: 2973696K Free: 435184K (15%)
#Configuration.check: entity: ptolemy.actor.lib.PoissonClock {.configuration.actor library.Actors.Sources.TimedSources.PoissonClock} 12 ms. Memory: 2973696K Free: 434688K (15%)
#Configuration.check: entity: ptolemy.actor.lib.gui.InteractiveDialog {.configuration.actor library.Actors.Sources.SequenceSources.InteractiveDialog} 13 ms. Memory: 2973696K Free: 434688K (15%)
#Configuration.check: entity: ptolemy.actor.lib.gui.InteractiveShell {.configuration.actor library.Actors.Sources.SequenceSources.InteractiveShell} 13 ms. Memory: 2973696K Free: 434174K (15%)
#Configuration.check: entity: ptolemy.actor.lib.Interpolator {.configuration.actor library.Actors.Sources.SequenceSources.Interpolator} 14 ms. Memory: 2973696K Free: 434174K (15%)
#Configuration.check: entity: ptolemy.actor.lib.Pulse {.configuration.actor library.Actors.Sources.SequenceSources.Pulse} 15 ms. Memory: 2973696K Free: 433664K (15%)
#Configuration.check: entity: ptolemy.actor.lib.Ramp {.configuration.actor library.Actors.Sources.SequenceSources.Ramp} 17 ms. Memory: 2973696K Free: 433150K (15%)
#Configuration.check: entity: ptolemy.actor.lib.Sequence {.configuration.actor library.Actors.Sources.SequenceSources.Sequence} 18 ms. Memory: 2973696K Free: 432640K (15%)
#Configuration.check: entity: ptolemy.actor.lib.gui.SketchedSource {.configuration.actor library.Actors.Sources.SequenceSources.SketchedSource} 19 ms. Memory: 2973696K Free: 432640K (15%)
#Configuration.check: entity: ptolemy.actor.lib.gui.ArrayPlotterXY {.configuration.actor library.Actors.Sinks.GenericSinks.ArrayPlotterXY} 20 ms. Memory: 2973696K Free: 432096K (15%)
#Configuration.check: entity: ptolemy.actor.lib.Discard {.configuration.actor library.Actors.Sinks.GenericSinks.Discard} 20 ms. Memory: 2973696K Free: 432096K (15%)
#Configuration.check: entity: ptolemy.actor.lib.gui.Display {.configuration.actor library.Actors.Sinks.GenericSinks.Display} 21 ms. Memory: 2973696K Free: 431616K (15%)
#Configuration.check: entity: ptolemy.actor.lib.gui.MonitorValue {.configuration.actor library.Actors.Sinks.GenericSinks.MonitorValue} 21 ms. Memory: 2973696K Free: 431616K (15%)
#Configuration.check: entity: ptolemy.actor.lib.Publisher {.configuration.actor library.Actors.Sinks.GenericSinks.Publisher} 22 ms. Memory: 2973696K Free: 431467K (15%)
#Configuration.check: entity: ptolemy.actor.lib.Recorder {.configuration.actor library.Actors.Sinks.GenericSinks.Recorder} 23 ms. Memory: 2973696K Free: 430592K (14%)
#Configuration.check: entity: ptolemy.actor.lib.SetVariable {.configuration.actor library.Actors.Sinks.GenericSinks.SetVariable} 23 ms. Memory: 2973696K Free: 430592K (14%)
#Configuration.check: entity: ptolemy.actor.lib.gui.XYPlotter {.configuration.actor library.Actors.Sinks.GenericSinks.XYPlotter} 24 ms. Memory: 2973696K Free: 430592K (14%)
#Configuration.check: entity: ptolemy.actor.lib.gui.XYScope {.configuration.actor library.Actors.Sinks.GenericSinks.XYScope} 24 ms. Memory: 2973696K Free: 430592K (14%)
#Configuration.check: entity: ptolemy.actor.lib.gui.TimedDisplay {.configuration.actor library.Actors.Sinks.TimedSinks.TimedDisplay} 24 ms. Memory: 2973696K Free: 430592K (14%)
#Configuration.check: entity: ptolemy.actor.lib.gui.TimedMonitorValue {.configuration.actor library.Actors.Sinks.TimedSinks.TimedMonitorValue} 24 ms. Memory: 2973696K Free: 430072K (14%)
#Configuration.check: entity: ptolemy.actor.lib.gui.TimedPlotter {.configuration.actor library.Actors.Sinks.TimedSinks.TimedPlotter} 25 ms. Memory: 2973696K Free: 429933K (14%)
#Configuration.check: entity: ptolemy.actor.lib.gui.TimedScope {.configuration.actor library.Actors.Sinks.TimedSinks.TimedScope} 25 ms. Memory: 2973696K Free: 429933K (14%)
#Configuration.check: entity: ptolemy.actor.lib.gui.ArrayPlotter {.configuration.actor library.Actors.Sinks.SequenceSinks.ArrayPlotter} 25 ms. Memory: 2973696K Free: 429568K (14%)
#Configuration.check: entity: ptolemy.actor.lib.gui.BarGraph {.configuration.actor library.Actors.Sinks.SequenceSinks.BarGraph} 26 ms. Memory: 2973696K Free: 429568K (14%)
#Configuration.check: entity: ptolemy.actor.lib.gui.HistogramPlotter {.configuration.actor library.Actors.Sinks.SequenceSinks.HistogramPlotter} 26 ms. Memory: 2973696K Free: 429568K (14%)
#Configuration.check: entity: ptolemy.actor.lib.gui.SequencePlotter {.configuration.actor library.Actors.Sinks.SequenceSinks.SequencePlotter} 26 ms. Memory: 2973696K Free: 429054K (14%)
#Configuration.check: entity: ptolemy.actor.lib.gui.SequenceScope {.configuration.actor library.Actors.Sinks.SequenceSinks.SequenceScope} 26 ms. Memory: 2973696K Free: 429054K (14%)
#Configuration.check: entity: ptolemy.actor.lib.ArrayAccumulate {.configuration.actor library.Actors.Array.ArrayAccumulate} 27 ms. Memory: 2973696K Free: 429054K (14%)
#Configuration.check: entity: ptolemy.actor.lib.ArrayAppend {.configuration.actor library.Actors.Array.ArrayAppend} 27 ms. Memory: 2973696K Free: 428544K (14%)
#Configuration.check: entity: ptolemy.actor.lib.ArrayAverage {.configuration.actor library.Actors.Array.ArrayAverage} 28 ms. Memory: 2973696K Free: 428544K (14%)
#Configuration.check: entity: ptolemy.actor.lib.ArrayContains {.configuration.actor library.Actors.Array.ArrayContains} 29 ms. Memory: 2973696K Free: 428030K (14%)
#Configuration.check: entity: ptolemy.actor.lib.ArrayElement {.configuration.actor library.Actors.Array.ArrayElement} 30 ms. Memory: 2973696K Free: 428030K (14%)
#Configuration.check: entity: ptolemy.actor.lib.ArrayElementAsMatrix {.configuration.actor library.Actors.Array.ArrayElementAsMatrix} 31 ms. Memory: 2973696K Free: 427520K (14%)
#Configuration.check: entity: ptolemy.actor.lib.ArrayExtract {.configuration.actor library.Actors.Array.ArrayExtract} 32 ms. Memory: 2973696K Free: 426992K (14%)
#Configuration.check: entity: ptolemy.actor.lib.ArrayLength {.configuration.actor library.Actors.Array.ArrayLength} 34 ms. Memory: 2973696K Free: 425976K (14%)
#Configuration.check: entity: ptolemy.actor.lib.ArrayLevelCrossing {.configuration.actor library.Actors.Array.ArrayLevelCrossing} 35 ms. Memory: 2973696K Free: 425976K (14%)
#Configuration.check: entity: ptolemy.actor.lib.ArrayMaximum {.configuration.actor library.Actors.Array.ArrayMaximum} 36 ms. Memory: 2973696K Free: 425472K (14%)
#Configuration.check: entity: ptolemy.actor.lib.ArrayMinimum {.configuration.actor library.Actors.Array.ArrayMinimum} 37 ms. Memory: 2973696K Free: 424958K (14%)
#Configuration.check: entity: ptolemy.actor.lib.ArrayPeakSearch {.configuration.actor library.Actors.Array.ArrayPeakSearch} 38 ms. Memory: 2973696K Free: 424958K (14%)
#Configuration.check: entity: ptolemy.actor.lib.ArrayRemoveElement {.configuration.actor library.Actors.Array.ArrayRemoveElement} 40 ms. Memory: 2973696K Free: 423920K (14%)
#Configuration.check: entity: ptolemy.actor.lib.ArraySort {.configuration.actor library.Actors.Array.ArraySort} 40 ms. Memory: 2973696K Free: 423920K (14%)
#Configuration.check: entity: ptolemy.actor.lib.ArraySum {.configuration.actor library.Actors.Array.ArraySum} 41 ms. Memory: 2973696K Free: 423424K (14%)
#Configuration.check: entity: ptolemy.actor.lib.ArrayToElements {.configuration.actor library.Actors.Array.ArrayToElements} 42 ms. Memory: 2973696K Free: 422910K (14%)
#Configuration.check: entity: ptolemy.domains.sdf.lib.ArrayToSequence {.configuration.actor library.Actors.Array.ArrayToSequence} 42 ms. Memory: 2973696K Free: 422910K (14%)
#Configuration.check: entity: ptolemy.actor.lib.ArrayUpdate {.configuration.actor library.Actors.Array.ArrayUpdate} 44 ms. Memory: 2973696K Free: 422400K (14%)
#Configuration.check: entity: ptolemy.actor.lib.ElementsToArray {.configuration.actor library.Actors.Array.ElementsToArray} 45 ms. Memory: 2973696K Free: 421886K (14%)
#Configuration.check: entity: ptolemy.domains.sdf.lib.SequenceToArray {.configuration.actor library.Actors.Array.SequenceToArray} 45 ms. Memory: 2973696K Free: 421886K (14%)
#Configuration.check: entity: ptolemy.actor.lib.conversions.AnythingToDouble {.configuration.actor library.Actors.Conversions.AnythingToDouble} 47 ms. Memory: 2973696K Free: 420862K (14%)
#Configuration.check: entity: ptolemy.actor.lib.conversions.BooleanToAnything {.configuration.actor library.Actors.Conversions.BooleanToAnything} 47 ms. Memory: 2973696K Free: 420862K (14%)
#Configuration.check: entity: ptolemy.domains.sdf.lib.BitsToInt {.configuration.actor library.Actors.Conversions.BitsToInt} 47 ms. Memory: 2973696K Free: 420862K (14%)
#Configuration.check: entity: ptolemy.actor.lib.conversions.CartesianToComplex {.configuration.actor library.Actors.Conversions.CartesianToComplex} 47 ms. Memory: 2973696K Free: 420862K (14%)
#Configuration.check: entity: ptolemy.actor.lib.conversions.CartesianToPolar {.configuration.actor library.Actors.Conversions.CartesianToPolar} 47 ms. Memory: 2973696K Free: 420862K (14%)
#Configuration.check: entity: ptolemy.actor.lib.conversions.ComplexToCartesian {.configuration.actor library.Actors.Conversions.ComplexToCartesian} 47 ms. Memory: 2973696K Free: 420862K (14%)
#Configuration.check: entity: ptolemy.actor.lib.conversions.ComplexToPolar {.configuration.actor library.Actors.Conversions.ComplexToPolar} 48 ms. Memory: 2973696K Free: 420862K (14%)
#Configuration.check: entity: ptolemy.actor.lib.conversions.DateToString {.configuration.actor library.Actors.Conversions.DateToString} 48 ms. Memory: 2973696K Free: 420352K (14%)
#Configuration.check: entity: ptolemy.actor.lib.conversions.DoubleToFix {.configuration.actor library.Actors.Conversions.DoubleToFix} 48 ms. Memory: 2973696K Free: 420352K (14%)
#Configuration.check: entity: ptolemy.actor.lib.conversions.ExpressionToToken {.configuration.actor library.Actors.Conversions.ExpressionToToken} 48 ms. Memory: 2973696K Free: 420352K (14%)
#Configuration.check: entity: ptolemy.actor.lib.conversions.FixToDouble {.configuration.actor library.Actors.Conversions.FixToDouble} 48 ms. Memory: 2973696K Free: 420352K (14%)
#Configuration.check: entity: ptolemy.actor.lib.conversions.FixToFix {.configuration.actor library.Actors.Conversions.FixToFix} 48 ms. Memory: 2973696K Free: 420352K (14%)
#Configuration.check: entity: ptolemy.actor.lib.conversions.ImageToString {.configuration.actor library.Actors.Conversions.ImageToString} 48 ms. Memory: 2973696K Free: 420352K (14%)
#Configuration.check: entity: ptolemy.actor.lib.conversions.IntArrayToString {.configuration.actor library.Actors.Conversions.IntArrayToString} 49 ms. Memory: 2973696K Free: 420352K (14%)
#Configuration.check: entity: ptolemy.domains.sdf.lib.IntToBits {.configuration.actor library.Actors.Conversions.IntToBits} 49 ms. Memory: 2973696K Free: 420352K (14%)
#Configuration.check: entity: ptolemy.actor.lib.conversions.InUnitsOf {.configuration.actor library.Actors.Conversions.InUnitsOf} 123 ms. Memory: 2973696K Free: 680943K (23%)
#Configuration.check: entity: ptolemy.actor.lib.conversions.json.JSONToToken {.configuration.actor library.Actors.Conversions.JSON.JSONToToken} 123 ms. Memory: 2973696K Free: 680943K (23%)
#Configuration.check: entity: ptolemy.actor.lib.conversions.json.TokenToJSON {.configuration.actor library.Actors.Conversions.JSON.TokenToJSON} 123 ms. Memory: 2973696K Free: 680943K (23%)
#Configuration.check: entity: ptolemy.actor.lib.conversions.LongToDouble {.configuration.actor library.Actors.Conversions.LongToDouble} 124 ms. Memory: 2973696K Free: 680943K (23%)
#Configuration.check: entity: ptolemy.actor.lib.conversions.PolarToCartesian {.configuration.actor library.Actors.Conversions.PolarToCartesian} 124 ms. Memory: 2973696K Free: 680943K (23%)
#Configuration.check: entity: ptolemy.actor.lib.conversions.PolarToComplex {.configuration.actor library.Actors.Conversions.PolarToComplex} 124 ms. Memory: 2973696K Free: 680943K (23%)
#Configuration.check: entity: ptolemy.actor.lib.conversions.Round {.configuration.actor library.Actors.Conversions.Round} 124 ms. Memory: 2973696K Free: 680943K (23%)
#Configuration.check: entity: ptolemy.actor.lib.conversions.SmoothToDouble {.configuration.actor library.Actors.Conversions.SmoothToDouble} 124 ms. Memory: 2973696K Free: 680943K (23%)
#Configuration.check: entity: ptolemy.actor.lib.conversions.StringToBoolean {.configuration.actor library.Actors.Conversions.StringToBoolean} 124 ms. Memory: 2973696K Free: 680943K (23%)
#Configuration.check: entity: ptolemy.actor.lib.conversions.StringToDouble {.configuration.actor library.Actors.Conversions.StringToDouble} 124 ms. Memory: 2973696K Free: 680448K (23%)
#Configuration.check: entity: ptolemy.actor.lib.conversions.StringToInt {.configuration.actor library.Actors.Conversions.StringToInt} 124 ms. Memory: 2973696K Free: 680448K (23%)
#Configuration.check: entity: ptolemy.actor.lib.conversions.StringToIntArray {.configuration.actor library.Actors.Conversions.StringToIntArray} 124 ms. Memory: 2973696K Free: 680448K (23%)
#Configuration.check: entity: ptolemy.actor.lib.conversions.StringToUnsignedByteArray {.configuration.actor library.Actors.Conversions.StringToUnsignedByteArray} 124 ms. Memory: 2973696K Free: 680448K (23%)
#Configuration.check: entity: ptolemy.actor.lib.conversions.StringToXML {.configuration.actor library.Actors.Conversions.StringToXML} 124 ms. Memory: 2973696K Free: 680448K (23%)
#Configuration.check: entity: ptolemy.actor.lib.conversions.TokenToExpression {.configuration.actor library.Actors.Conversions.TokenToExpression} 124 ms. Memory: 2973696K Free: 680448K (23%)
#Configuration.check: entity: ptolemy.actor.lib.conversions.UnsignedByteArrayToString {.configuration.actor library.Actors.Conversions.UnsignedByteArrayToString} 124 ms. Memory: 2973696K Free: 680448K (23%)
#Configuration.check: entity: ptolemy.actor.lib.BusAssembler {.configuration.actor library.Actors.FlowControl.Aggregators.BusAssembler} 124 ms. Memory: 2973696K Free: 680448K (23%)
#Configuration.check: entity: ptolemy.actor.lib.BusDisassembler {.configuration.actor library.Actors.FlowControl.Aggregators.BusDisassembler} 125 ms. Memory: 2973696K Free: 680448K (23%)
#Configuration.check: entity: ptolemy.actor.lib.Commutator {.configuration.actor library.Actors.FlowControl.Aggregators.Commutator} 125 ms. Memory: 2973696K Free: 680448K (23%)
#Configuration.check: entity: ptolemy.actor.lib.Distributor {.configuration.actor library.Actors.FlowControl.Aggregators.Distributor} 126 ms. Memory: 2973696K Free: 679934K (23%)
#Configuration.check: entity: ptolemy.actor.lib.Multiplexor {.configuration.actor library.Actors.FlowControl.Aggregators.Multiplexor} 128 ms. Memory: 2973696K Free: 679424K (23%)
#Configuration.check: entity: ptolemy.actor.lib.OrderedRecordAssembler {.configuration.actor library.Actors.FlowControl.Aggregators.OrderedRecordAssembler} 128 ms. Memory: 2973696K Free: 679424K (23%)
#Configuration.check: entity: ptolemy.actor.lib.RecordAssembler {.configuration.actor library.Actors.FlowControl.Aggregators.RecordAssembler} 131 ms. Memory: 2973696K Free: 678910K (23%)
#Configuration.check: entity: ptolemy.actor.lib.RecordDisassembler {.configuration.actor library.Actors.FlowControl.Aggregators.RecordDisassembler} 132 ms. Memory: 2973696K Free: 678910K (23%)
#Configuration.check: entity: ptolemy.actor.lib.RecordUpdater {.configuration.actor library.Actors.FlowControl.Aggregators.RecordUpdater} 133 ms. Memory: 2973696K Free: 678910K (23%)
#Configuration.check: entity: ptolemy.actor.lib.Sampler {.configuration.actor library.Actors.FlowControl.Aggregators.Sampler} 133 ms. Memory: 2973696K Free: 678910K (23%)
#Configuration.check: entity: ptolemy.actor.lib.Select {.configuration.actor library.Actors.FlowControl.Aggregators.Select} 133 ms. Memory: 2973696K Free: 678910K (23%)
#Configuration.check: entity: ptolemy.actor.lib.SingleTokenCommutator {.configuration.actor library.Actors.FlowControl.Aggregators.SingleTokenCommutator} 135 ms. Memory: 2973696K Free: 678400K (23%)
#Configuration.check: entity: ptolemy.actor.lib.Switch {.configuration.actor library.Actors.FlowControl.Aggregators.Switch} 135 ms. Memory: 2973696K Free: 678400K (23%)
#Configuration.check: entity: ptolemy.actor.lib.Synchronizer {.configuration.actor library.Actors.FlowControl.Aggregators.Synchronizer} 136 ms. Memory: 2973696K Free: 677886K (23%)
#Configuration.check: entity: ptolemy.actor.lib.UnionDisassembler {.configuration.actor library.Actors.FlowControl.Aggregators.UnionDisassembler} 137 ms. Memory: 2973696K Free: 677886K (23%)
#Configuration.check: entity: ptolemy.actor.lib.UnionMerge {.configuration.actor library.Actors.FlowControl.Aggregators.UnionMerge} 137 ms. Memory: 2973696K Free: 677886K (23%)
#Configuration.check: entity: ptolemy.actor.lib.VectorAssembler {.configuration.actor library.Actors.FlowControl.Aggregators.VectorAssembler} 139 ms. Memory: 2973696K Free: 677376K (23%)
#Configuration.check: entity: ptolemy.actor.lib.VectorDisassembler {.configuration.actor library.Actors.FlowControl.Aggregators.VectorDisassembler} 140 ms. Memory: 2973696K Free: 677376K (23%)
#Configuration.check: entity: ptolemy.actor.lib.BooleanMultiplexor {.configuration.actor library.Actors.FlowControl.BooleanFlowControl.BooleanMultiplexor} 140 ms. Memory: 2973696K Free: 677376K (23%)
#Configuration.check: entity: ptolemy.actor.lib.BooleanSelect {.configuration.actor library.Actors.FlowControl.BooleanFlowControl.BooleanSelect} 141 ms. Memory: 2973696K Free: 677376K (23%)
#Configuration.check: entity: ptolemy.actor.lib.BooleanSwitch {.configuration.actor library.Actors.FlowControl.BooleanFlowControl.BooleanSwitch} 142 ms. Memory: 2973696K Free: 676862K (23%)
#Configuration.check: entity: ptolemy.actor.lib.ConfigurationSelect {.configuration.actor library.Actors.FlowControl.BooleanFlowControl.ConfigurationSelect} 144 ms. Memory: 2973696K Free: 675838K (23%)
#Configuration.check: entity: ptolemy.actor.lib.ConfigurationSwitch {.configuration.actor library.Actors.FlowControl.BooleanFlowControl.ConfigurationSwitch} 145 ms. Memory: 2973696K Free: 675838K (23%)
#Configuration.check: entity: ptolemy.domains.sdf.lib.CountTrues {.configuration.actor library.Actors.FlowControl.BooleanFlowControl.CountTrues} 147 ms. Memory: 2973696K Free: 675328K (23%)
#Configuration.check: entity: ptolemy.domains.sdf.lib.Chop {.configuration.actor library.Actors.FlowControl.SequenceControl.Chop} 148 ms. Memory: 2973696K Free: 674799K (23%)
#Configuration.check: entity: ptolemy.actor.lib.Default {.configuration.actor library.Actors.FlowControl.SequenceControl.Default} 150 ms. Memory: 2973696K Free: 674304K (23%)
#Configuration.check: entity: ptolemy.domains.sdf.lib.Repeat {.configuration.actor library.Actors.FlowControl.SequenceControl.Repeat} 151 ms. Memory: 2973696K Free: 673790K (23%)
#Configuration.check: entity: ptolemy.domains.sdf.lib.SampleDelay {.configuration.actor library.Actors.FlowControl.SequenceControl.SampleDelay} 156 ms. Memory: 2973696K Free: 672751K (23%)
#Configuration.check: entity: ptolemy.actor.lib.Sequencer {.configuration.actor library.Actors.FlowControl.SequenceControl.Sequencer} 157 ms. Memory: 2973696K Free: 672256K (23%)
#Configuration.check: entity: ptolemy.actor.lib.Exit {.configuration.actor library.Actors.FlowControl.ExecutionControl.Exit} 158 ms. Memory: 2973696K Free: 672256K (23%)
#Configuration.check: entity: ptolemy.actor.lib.Stop {.configuration.actor library.Actors.FlowControl.ExecutionControl.Stop} 158 ms. Memory: 2973696K Free: 672256K (23%)
#Configuration.check: entity: ptolemy.actor.lib.Pause {.configuration.actor library.Actors.FlowControl.ExecutionControl.Pause} 158 ms. Memory: 2973696K Free: 672256K (23%)
#Configuration.check: entity: ptolemy.actor.lib.ThrowException {.configuration.actor library.Actors.FlowControl.ExecutionControl.ThrowException} 158 ms. Memory: 2973696K Free: 672256K (23%)
#Configuration.check: entity: ptolemy.actor.lib.ThrowModelError {.configuration.actor library.Actors.FlowControl.ExecutionControl.ThrowModelError} 158 ms. Memory: 2973696K Free: 672256K (23%)
#Configuration.check: entity: ptolemy.actor.lib.Dictionary {.configuration.actor library.Actors.DataStores.Dictionary} 158 ms. Memory: 2973696K Free: 671742K (23%)
#Configuration.check: entity: ptolemy.actor.lib.hoc.ApplyFunction {.configuration.actor library.Actors.HigherOrderActors.ApplyFunction} 162 ms. Memory: 2973696K Free: 670718K (23%)
#Configuration.check: entity: ptolemy.vergil.actor.lib.ModelDisplay {.configuration.actor library.Actors.HigherOrderActors.ModelDisplay} 163 ms. Memory: 2973696K Free: 670208K (23%)
#Configuration.check: entity: ptolemy.actor.lib.hoc.ModelReference {.configuration.actor library.Actors.HigherOrderActors.ModelReference} 164 ms. Memory: 2973696K Free: 670208K (23%)
#Configuration.check: entity: ptolemy.vergil.actor.lib.VisualModelReference {.configuration.actor library.Actors.HigherOrderActors.VisualModelReference} 167 ms. Memory: 2973696K Free: 669184K (23%)
#Configuration.check: entity: ptolemy.actor.lib.gui.ArrowKeySensor {.configuration.actor library.Actors.IO.ArrowKeySensor} 171 ms. Memory: 2973696K Free: 668160K (22%)
#Configuration.check: entity: ptolemy.actor.lib.io.CSVReader {.configuration.actor library.Actors.IO.CSVReader} 171 ms. Memory: 2973696K Free: 668160K (22%)
#Configuration.check: entity: ptolemy.actor.lib.io.CSVWriter {.configuration.actor library.Actors.IO.CSVWriter} 172 ms. Memory: 2973696K Free: 667631K (22%)
#Configuration.check: entity: ptolemy.actor.lib.net.DatagramReader {.configuration.actor library.Actors.IO.DatagramReader} 173 ms. Memory: 2973696K Free: 667631K (22%)
#Configuration.check: entity: ptolemy.actor.lib.net.DatagramWriter {.configuration.actor library.Actors.IO.DatagramWriter} 174 ms. Memory: 2973696K Free: 667136K (22%)
#Configuration.check: entity: ptolemy.actor.lib.io.DirectoryListing {.configuration.actor library.Actors.IO.DirectoryListing} 175 ms. Memory: 2973696K Free: 666607K (22%)
#Configuration.check: entity: ptolemy.actor.lib.io.FileReader {.configuration.actor library.Actors.IO.FileReader} 176 ms. Memory: 2973696K Free: 666112K (22%)
#Configuration.check: entity: ptolemy.actor.lib.net.IPAddress {.configuration.actor library.Actors.IO.IPAddress} 177 ms. Memory: 2973696K Free: 666112K (22%)
#Configuration.check: entity: ptolemy.actor.lib.FileWriter {.configuration.actor library.Actors.IO.FileWriter} 177 ms. Memory: 2973696K Free: 666112K (22%)
#Configuration.check: entity: ptolemy.actor.lib.io.LineReader {.configuration.actor library.Actors.IO.LineReader} 178 ms. Memory: 2973696K Free: 666112K (22%)
#Configuration.check: entity: ptolemy.actor.lib.io.LineWriter {.configuration.actor library.Actors.IO.LineWriter} 178 ms. Memory: 2973696K Free: 665598K (22%)
#Configuration.check: entity: ptolemy.actor.lib.logic.Comparator {.configuration.actor library.Actors.Logic.Comparator} 178 ms. Memory: 2973696K Free: 665598K (22%)
#Configuration.check: entity: ptolemy.actor.lib.logic.Equals {.configuration.actor library.Actors.Logic.Equals} 179 ms. Memory: 2973696K Free: 665598K (22%)
#Configuration.check: entity: ptolemy.actor.lib.logic.IsPresent {.configuration.actor library.Actors.Logic.IsPresent} 179 ms. Memory: 2973696K Free: 665598K (22%)
#Configuration.check: entity: ptolemy.actor.lib.logic.LogicalNot {.configuration.actor library.Actors.Logic.LogicalNot} 179 ms. Memory: 2973696K Free: 665598K (22%)
#Configuration.check: entity: ptolemy.actor.lib.logic.LogicGate {.configuration.actor library.Actors.Logic.LogicGate} 180 ms. Memory: 2973696K Free: 665088K (22%)
#Configuration.check: entity: ptolemy.actor.lib.logic.TrueGate {.configuration.actor library.Actors.Logic.TrueGate} 182 ms. Memory: 2973696K Free: 664574K (22%)
#Configuration.check: entity: ptolemy.actor.lib.AbsoluteValue {.configuration.actor library.Actors.Math.AbsoluteValue} 182 ms. Memory: 2973696K Free: 664574K (22%)
#Configuration.check: entity: ptolemy.actor.lib.AddSubtract {.configuration.actor library.Actors.Math.AddSubtract} 183 ms. Memory: 2973696K Free: 664562K (22%)
#Configuration.check: entity: ptolemy.actor.lib.Accumulator {.configuration.actor library.Actors.Math.Accumulator} 183 ms. Memory: 2973696K Free: 664562K (22%)
#Configuration.check: entity: ptolemy.actor.lib.Average {.configuration.actor library.Actors.Math.Average} 184 ms. Memory: 2973696K Free: 664064K (22%)
#Configuration.check: entity: ptolemy.actor.lib.Counter {.configuration.actor library.Actors.Math.Counter} 186 ms. Memory: 2973696K Free: 663550K (22%)
#Configuration.check: entity: ptolemy.actor.lib.Differential {.configuration.actor library.Actors.Math.Differential} 186 ms. Memory: 2973696K Free: 663550K (22%)
#Configuration.check: entity: ptolemy.domains.sdf.lib.DotProduct {.configuration.actor library.Actors.Math.DotProduct} 188 ms. Memory: 2973696K Free: 663040K (22%)
#Configuration.check: entity: ptolemy.actor.lib.Expression {.configuration.actor library.Actors.Math.Expression} 191 ms. Memory: 2973696K Free: 662016K (22%)
#Configuration.check: entity: ptolemy.actor.lib.Limiter {.configuration.actor library.Actors.Math.Limiter} 192 ms. Memory: 2973696K Free: 661487K (22%)
#Configuration.check: entity: ptolemy.actor.lib.LookupTable {.configuration.actor library.Actors.Math.LookupTable} 193 ms. Memory: 2973696K Free: 660992K (22%)
#Configuration.check: entity: ptolemy.actor.lib.Maximum {.configuration.actor library.Actors.Math.Maximum} 194 ms. Memory: 2973696K Free: 660478K (22%)
#Configuration.check: entity: ptolemy.actor.lib.Minimum {.configuration.actor library.Actors.Math.Minimum} 195 ms. Memory: 2973696K Free: 660478K (22%)
#Configuration.check: entity: ptolemy.actor.lib.MovingAverage {.configuration.actor library.Actors.Math.MovingAverage} 195 ms. Memory: 2973696K Free: 660478K (22%)
#Configuration.check: entity: ptolemy.actor.lib.MultiplyDivide {.configuration.actor library.Actors.Math.MultiplyDivide} 196 ms. Memory: 2973696K Free: 659454K (22%)
#Configuration.check: entity: ptolemy.actor.lib.Quantizer {.configuration.actor library.Actors.Math.Quantizer} 197 ms. Memory: 2973696K Free: 659454K (22%)
#Configuration.check: entity: ptolemy.actor.lib.Remainder {.configuration.actor library.Actors.Math.Remainder} 197 ms. Memory: 2973696K Free: 658944K (22%)
#Configuration.check: entity: ptolemy.actor.lib.RunningMaximum {.configuration.actor library.Actors.Math.RunningMaximum} 198 ms. Memory: 2973696K Free: 658944K (22%)
#Configuration.check: entity: ptolemy.actor.lib.RunningMinimum {.configuration.actor library.Actors.Math.RunningMinimum} 199 ms. Memory: 2973696K Free: 658430K (22%)
#Configuration.check: entity: ptolemy.actor.lib.Scale {.configuration.actor library.Actors.Math.Scale} 200 ms. Memory: 2973696K Free: 657920K (22%)
#Configuration.check: entity: ptolemy.actor.lib.TrigFunction {.configuration.actor library.Actors.Math.TrigFunction} 200 ms. Memory: 2973696K Free: 657920K (22%)
#Configuration.check: entity: ptolemy.actor.lib.UnaryMathFunction {.configuration.actor library.Actors.Math.UnaryMathFunction} 200 ms. Memory: 2973696K Free: 657920K (22%)
#Configuration.check: entity: ptolemy.actor.lib.ArrayToMatrix {.configuration.actor library.Actors.Matrix.ArrayToMatrix} 200 ms. Memory: 2973696K Free: 657920K (22%)
#Configuration.check: entity: ptolemy.domains.sdf.lib.MatrixJoin {.configuration.actor library.Actors.Matrix.MatrixJoin} 200 ms. Memory: 2973696K Free: 657406K (22%)
#Configuration.check: entity: ptolemy.domains.sdf.lib.MatrixSplit {.configuration.actor library.Actors.Matrix.MatrixSplit} 202 ms. Memory: 2973696K Free: 656896K (22%)
#Configuration.check: entity: ptolemy.actor.lib.MatrixToArray {.configuration.actor library.Actors.Matrix.MatrixToArray} 203 ms. Memory: 2973696K Free: 655872K (22%)
#Configuration.check: entity: ptolemy.domains.sdf.lib.MatrixToSequence {.configuration.actor library.Actors.Matrix.MatrixToSequence} 204 ms. Memory: 2973696K Free: 655872K (22%)
#Configuration.check: entity: ptolemy.actor.lib.gui.MatrixViewer {.configuration.actor library.Actors.Matrix.MatrixViewer} 204 ms. Memory: 2973696K Free: 655343K (22%)
#Configuration.check: entity: ptolemy.domains.sdf.lib.SequenceToMatrix {.configuration.actor library.Actors.Matrix.SequenceToMatrix} 205 ms. Memory: 2973696K Free: 655343K (22%)
#Configuration.check: entity: ptolemy.actor.lib.SubMatrix {.configuration.actor library.Actors.Matrix.SubMatrix} 205 ms. Memory: 2973696K Free: 655343K (22%)
#Configuration.check: entity: ptolemy.actor.lib.Bernoulli {.configuration.actor library.Actors.Random.Bernoulli} 206 ms. Memory: 2973696K Free: 654848K (22%)
#Configuration.check: entity: ptolemy.actor.lib.DiscreteRandomSource {.configuration.actor library.Actors.Random.DiscreteRandomSource} 208 ms. Memory: 2973696K Free: 654334K (22%)
#Configuration.check: entity: ptolemy.actor.lib.Gaussian {.configuration.actor library.Actors.Random.Gaussian} 209 ms. Memory: 2973696K Free: 653824K (22%)
#Configuration.check: entity: ptolemy.actor.lib.RandomInteger {.configuration.actor library.Actors.Random.RandomInteger} 211 ms. Memory: 2973696K Free: 653310K (22%)
#Configuration.check: entity: ptolemy.actor.lib.Rician {.configuration.actor library.Actors.Random.Rician} 212 ms. Memory: 2973696K Free: 652800K (22%)
#Configuration.check: entity: ptolemy.actor.lib.Triangular {.configuration.actor library.Actors.Random.Triangular} 213 ms. Memory: 2973696K Free: 652800K (22%)
#Configuration.check: entity: ptolemy.actor.lib.Uniform {.configuration.actor library.Actors.Random.Uniform} 215 ms. Memory: 2973696K Free: 651776K (22%)
#Configuration.check: entity: ptolemy.actor.lib.colt.ColtBeta {.configuration.actor library.Actors.Random.Colt.ColtBeta} 218 ms. Memory: 2973696K Free: 650752K (22%)
#Configuration.check: entity: ptolemy.actor.lib.colt.ColtBinomial {.configuration.actor library.Actors.Random.Colt.ColtBinomial} 219 ms. Memory: 2973696K Free: 650238K (22%)
#Configuration.check: entity: ptolemy.actor.lib.colt.ColtBinomialSelector {.configuration.actor library.Actors.Random.Colt.ColtBinomialSelector} 221 ms. Memory: 2973696K Free: 650226K (22%)
#Configuration.check: entity: ptolemy.actor.lib.colt.ColtBreitWigner {.configuration.actor library.Actors.Random.Colt.ColtBreitWigner} 222 ms. Memory: 2973696K Free: 649728K (22%)
#Configuration.check: entity: ptolemy.actor.lib.colt.ColtChiSquare {.configuration.actor library.Actors.Random.Colt.ColtChiSquare} 223 ms. Memory: 2973696K Free: 649183K (22%)
#Configuration.check: entity: ptolemy.actor.lib.colt.ColtExponential {.configuration.actor library.Actors.Random.Colt.ColtExponential} 224 ms. Memory: 2973696K Free: 649183K (22%)
#Configuration.check: entity: ptolemy.actor.lib.colt.ColtExponentialPower {.configuration.actor library.Actors.Random.Colt.ColtExponentialPower} 225 ms. Memory: 2973696K Free: 648704K (22%)
#Configuration.check: entity: ptolemy.actor.lib.colt.ColtGamma {.configuration.actor library.Actors.Random.Colt.ColtGamma} 226 ms. Memory: 2973696K Free: 648159K (22%)
#Configuration.check: entity: ptolemy.actor.lib.colt.ColtHyperGeometric {.configuration.actor library.Actors.Random.Colt.ColtHyperGeometric} 226 ms. Memory: 2973696K Free: 648159K (22%)
#Configuration.check: entity: ptolemy.actor.lib.colt.ColtLogarithmic {.configuration.actor library.Actors.Random.Colt.ColtLogarithmic} 227 ms. Memory: 2973696K Free: 647680K (22%)
#Configuration.check: entity: ptolemy.actor.lib.colt.ColtNegativeBinomial {.configuration.actor library.Actors.Random.Colt.ColtNegativeBinomial} 228 ms. Memory: 2973696K Free: 647159K (22%)
#Configuration.check: entity: ptolemy.actor.lib.colt.ColtNormal {.configuration.actor library.Actors.Random.Colt.ColtNormal} 229 ms. Memory: 2973696K Free: 646656K (22%)
#Configuration.check: entity: ptolemy.actor.lib.colt.ColtPoisson {.configuration.actor library.Actors.Random.Colt.ColtPoisson} 230 ms. Memory: 2973696K Free: 646656K (22%)
#Configuration.check: entity: ptolemy.actor.lib.colt.ColtPoissonSlow {.configuration.actor library.Actors.Random.Colt.ColtPoissonSlow} 230 ms. Memory: 2973696K Free: 646142K (22%)
#Configuration.check: entity: ptolemy.actor.lib.colt.ColtStudentT {.configuration.actor library.Actors.Random.Colt.ColtStudentT} 231 ms. Memory: 2973696K Free: 645632K (22%)
#Configuration.check: entity: ptolemy.actor.lib.colt.ColtVonMises {.configuration.actor library.Actors.Random.Colt.ColtVonMises} 232 ms. Memory: 2973696K Free: 645632K (22%)
#Configuration.check: entity: ptolemy.actor.lib.colt.ColtZeta {.configuration.actor library.Actors.Random.Colt.ColtZeta} 232 ms. Memory: 2973696K Free: 645118K (22%)
#Configuration.check: entity: ptolemy.actor.lib.DelayStart {.configuration.actor library.Actors.RealTime.DelayStart} 233 ms. Memory: 2973696K Free: 644608K (22%)
#Configuration.check: entity: ptolemy.actor.lib.ExecutionTime {.configuration.actor library.Actors.RealTime.ExecutionTime} 233 ms. Memory: 2973696K Free: 644608K (22%)
#Configuration.check: entity: ptolemy.actor.lib.gui.RealTimePlotter {.configuration.actor library.Actors.RealTime.RealTimePlotter} 234 ms. Memory: 2973696K Free: 644608K (22%)
#Configuration.check: entity: ptolemy.actor.lib.Sleep {.configuration.actor library.Actors.RealTime.Sleep} 234 ms. Memory: 2973696K Free: 644608K (22%)
#Configuration.check: entity: ptolemy.actor.lib.VariableSleep {.configuration.actor library.Actors.RealTime.VariableSleep} 234 ms. Memory: 2973696K Free: 644094K (22%)
#Configuration.check: entity: ptolemy.actor.lib.WallClockTime {.configuration.actor library.Actors.RealTime.WallClockTime} 234 ms. Memory: 2973696K Free: 644094K (22%)
#Configuration.check: entity: ptolemy.actor.lib.javasound.AudioCapture {.configuration.actor library.Actors.SignalProcessing.Audio.AudioCapture} 234 ms. Memory: 2973696K Free: 644094K (22%)
#Configuration.check: entity: ptolemy.actor.lib.javasound.AudioReader {.configuration.actor library.Actors.SignalProcessing.Audio.AudioReader} 236 ms. Memory: 2973696K Free: 643584K (22%)
#Configuration.check: entity: ptolemy.actor.lib.javasound.AudioPlayer {.configuration.actor library.Actors.SignalProcessing.Audio.AudioPlayer} 236 ms. Memory: 2973696K Free: 643584K (22%)
#Configuration.check: entity: ptolemy.actor.lib.javasound.AudioWriter {.configuration.actor library.Actors.SignalProcessing.Audio.AudioWriter} 237 ms. Memory: 2973696K Free: 642560K (22%)
#Configuration.check: entity: ptolemy.actor.lib.javasound.ClipPlayer {.configuration.actor library.Actors.SignalProcessing.Audio.ClipPlayer} 237 ms. Memory: 2973696K Free: 642560K (22%)
#Configuration.check: entity: ptolemy.actor.lib.comm.ConvolutionalCoder {.configuration.actor library.Actors.SignalProcessing.communications.ConvolutionalCoder} 238 ms. Memory: 2973696K Free: 642560K (22%)
#Configuration.check: entity: ptolemy.actor.lib.comm.DeScrambler {.configuration.actor library.Actors.SignalProcessing.communications.DeScrambler} 238 ms. Memory: 2973696K Free: 642039K (22%)
#Configuration.check: entity: ptolemy.actor.lib.comm.HadamardCode {.configuration.actor library.Actors.SignalProcessing.communications.HadamardCode} 238 ms. Memory: 2973696K Free: 642039K (22%)
#Configuration.check: entity: ptolemy.actor.lib.comm.HammingCoder {.configuration.actor library.Actors.SignalProcessing.communications.HammingCoder} 238 ms. Memory: 2973696K Free: 642039K (22%)
#Configuration.check: entity: ptolemy.actor.lib.comm.HammingDecoder {.configuration.actor library.Actors.SignalProcessing.communications.HammingDecoder} 239 ms. Memory: 2973696K Free: 641536K (22%)
#Configuration.check: entity: ptolemy.actor.lib.comm.HuffmanCoder {.configuration.actor library.Actors.SignalProcessing.communications.HuffmanCoder} 239 ms. Memory: 2973696K Free: 641536K (22%)
#Configuration.check: entity: ptolemy.actor.lib.comm.HuffmanDecoder {.configuration.actor library.Actors.SignalProcessing.communications.HuffmanDecoder} 239 ms. Memory: 2973696K Free: 641536K (22%)
#Configuration.check: entity: ptolemy.actor.lib.comm.LempelZivCoder {.configuration.actor library.Actors.SignalProcessing.communications.LempelZivCoder} 239 ms. Memory: 2973696K Free: 641022K (22%)
#Configuration.check: entity: ptolemy.actor.lib.comm.LempelZivDecoder {.configuration.actor library.Actors.SignalProcessing.communications.LempelZIvDecoder} 240 ms. Memory: 2973696K Free: 641022K (22%)
#Configuration.check: entity: ptolemy.domains.sdf.lib.LineCoder {.configuration.actor library.Actors.SignalProcessing.communications.LineCoder} 240 ms. Memory: 2973696K Free: 641022K (22%)
#Configuration.check: entity: ptolemy.domains.sdf.lib.LMSAdaptive {.configuration.actor library.Actors.SignalProcessing.communications.LMSAdaptive} 240 ms. Memory: 2973696K Free: 641022K (22%)
#Configuration.check: entity: ptolemy.domains.sdf.lib.RaisedCosine {.configuration.actor library.Actors.SignalProcessing.communications.RaisedCosine} 243 ms. Memory: 2973696K Free: 639488K (22%)
#Configuration.check: entity: ptolemy.actor.lib.comm.Scrambler {.configuration.actor library.Actors.SignalProcessing.communications.Scrambler} 244 ms. Memory: 2973696K Free: 638974K (21%)
#Configuration.check: entity: ptolemy.actor.lib.comm.Slicer {.configuration.actor library.Actors.SignalProcessing.communications.Slicer} 244 ms. Memory: 2973696K Free: 638464K (21%)
#Configuration.check: entity: ptolemy.actor.lib.comm.TrellisDecoder {.configuration.actor library.Actors.SignalProcessing.communications.TrellisDecoder} 245 ms. Memory: 2973696K Free: 638464K (21%)
#Configuration.check: entity: ptolemy.actor.lib.comm.ViterbiDecoder {.configuration.actor library.Actors.SignalProcessing.communications.ViterbiDecoder} 246 ms. Memory: 2973696K Free: 637950K (21%)
#Configuration.check: entity: ptolemy.domains.sdf.lib.DelayLine {.configuration.actor library.Actors.SignalProcessing.Filtering.DelayLine} 247 ms. Memory: 2973696K Free: 637440K (21%)
#Configuration.check: entity: ptolemy.domains.sdf.lib.DownSample {.configuration.actor library.Actors.SignalProcessing.Filtering.DownSample} 249 ms. Memory: 2973696K Free: 636926K (21%)
#Configuration.check: entity: ptolemy.domains.sdf.lib.FIR {.configuration.actor library.Actors.SignalProcessing.Filtering.FIR} 251 ms. Memory: 2973696K Free: 636416K (21%)
#Configuration.check: entity: ptolemy.actor.lib.GradientAdaptiveLattice {.configuration.actor library.Actors.SignalProcessing.Filtering.GradientAdaptiveLattice} 254 ms. Memory: 2973696K Free: 634847K (21%)
#Configuration.check: entity: ptolemy.actor.lib.IIR {.configuration.actor library.Actors.SignalProcessing.Filtering.IIR} 254 ms. Memory: 2973696K Free: 634847K (21%)
#Configuration.check: entity: ptolemy.actor.lib.Lattice {.configuration.actor library.Actors.SignalProcessing.Filtering.Lattice} 256 ms. Memory: 2973696K Free: 634366K (21%)
#Configuration.check: entity: ptolemy.actor.lib.LinearDifferenceEquationSystem {.configuration.actor library.Actors.SignalProcessing.Filtering.LinearDifferenceEquationSystem} 256 ms. Memory: 2973696K Free: 633854K (21%)
#Configuration.check: entity: ptolemy.domains.sdf.lib.LMSAdaptive {.configuration.actor library.Actors.SignalProcessing.Filtering.LMSAdaptive} 257 ms. Memory: 2973696K Free: 633854K (21%)
#Configuration.check: entity: ptolemy.actor.lib.RecursiveLattice {.configuration.actor library.Actors.SignalProcessing.Filtering.RecursiveLattice} 261 ms. Memory: 2973696K Free: 632320K (21%)
#Configuration.check: entity: ptolemy.domains.sdf.lib.UpSample {.configuration.actor library.Actors.SignalProcessing.Filtering.UpSample} 261 ms. Memory: 2973696K Free: 631806K (21%)
#Configuration.check: entity: ptolemy.domains.sdf.lib.VariableFIR {.configuration.actor library.Actors.SignalProcessing.Filtering.VariableFIR} 263 ms. Memory: 2973696K Free: 631296K (21%)
#Configuration.check: entity: ptolemy.domains.sdf.lib.VariableLattice {.configuration.actor library.Actors.SignalProcessing.Filtering.VariableLattice} 266 ms. Memory: 2973696K Free: 630272K (21%)
#Configuration.check: entity: ptolemy.domains.sdf.lib.VariableRecursiveLattice {.configuration.actor library.Actors.SignalProcessing.Filtering.VariableRecursiveLattice} 267 ms. Memory: 2973696K Free: 629758K (21%)
#Configuration.check: entity: ptolemy.actor.lib.DB {.configuration.actor library.Actors.SignalProcessing.Spectrum.DB} 268 ms. Memory: 2973696K Free: 629248K (21%)
#Configuration.check: entity: ptolemy.domains.sdf.lib.FFT {.configuration.actor library.Actors.SignalProcessing.Spectrum.FFT} 269 ms. Memory: 2973696K Free: 629248K (21%)
#Configuration.check: entity: ptolemy.domains.sdf.lib.IFFT {.configuration.actor library.Actors.SignalProcessing.Spectrum.IFFT} 270 ms. Memory: 2973696K Free: 628734K (21%)
#Configuration.check: entity: ptolemy.actor.lib.LevinsonDurbin {.configuration.actor library.Actors.SignalProcessing.Spectrum.LevinsonDurbin} 271 ms. Memory: 2973696K Free: 628224K (21%)
#Configuration.check: entity: ptolemy.actor.lib.PhaseUnwrap {.configuration.actor library.Actors.SignalProcessing.Spectrum.PhaseUnwrap} 271 ms. Memory: 2973696K Free: 627710K (21%)
#Configuration.check: entity: ptolemy.domains.sdf.lib.Autocorrelation {.configuration.actor library.Actors.SignalProcessing.Statistical.Autocorrelation} 272 ms. Memory: 2973696K Free: 627710K (21%)
#Configuration.check: entity: ptolemy.actor.lib.ComputeHistogram {.configuration.actor library.Actors.SignalProcessing.Statistical.ComputeHistogram} 272 ms. Memory: 2973696K Free: 627710K (21%)
#Configuration.check: entity: ptolemy.actor.lib.IIR {.configuration.actor library.Actors.SignalProcessing.Statistical.PowerEstimate.IIR} 274 ms. Memory: 2973696K Free: 627200K (21%)
#Configuration.check: entity: ptolemy.actor.lib.DB {.configuration.actor library.Actors.SignalProcessing.Statistical.PowerEstimate.DB} 275 ms. Memory: 2973696K Free: 626176K (21%)
#Configuration.check: entity: ptolemy.actor.lib.Scale {.configuration.actor library.Actors.SignalProcessing.Statistical.PowerEstimate.Scale} 276 ms. Memory: 2973696K Free: 626176K (21%)
#Configuration.check: entity: ptolemy.actor.lib.MathFunction {.configuration.actor library.Actors.SignalProcessing.Statistical.PowerEstimate.MathFunction} 277 ms. Memory: 2973696K Free: 625647K (21%)
#Configuration.check: entity: ptolemy.actor.lib.string.StringCompare {.configuration.actor library.Actors.String.StringCompare} 277 ms. Memory: 2973696K Free: 625647K (21%)
#Configuration.check: entity: ptolemy.actor.lib.string.StringFunction {.configuration.actor library.Actors.String.StringFunction} 277 ms. Memory: 2973696K Free: 625647K (21%)
#Configuration.check: entity: ptolemy.actor.lib.string.StringIndexOf {.configuration.actor library.Actors.String.StringIndexOf} 278 ms. Memory: 2973696K Free: 625647K (21%)
#Configuration.check: entity: ptolemy.actor.lib.string.StringLength {.configuration.actor library.Actors.String.StringLength} 279 ms. Memory: 2973696K Free: 625152K (21%)
#Configuration.check: entity: ptolemy.actor.lib.string.StringMatches {.configuration.actor library.Actors.String.StringMatches} 280 ms. Memory: 2973696K Free: 624638K (21%)
#Configuration.check: entity: ptolemy.actor.lib.string.StringReplace {.configuration.actor library.Actors.String.StringReplace} 281 ms. Memory: 2973696K Free: 624638K (21%)
#Configuration.check: entity: ptolemy.actor.lib.string.StringSplit {.configuration.actor library.Actors.String.StringSplit} 282 ms. Memory: 2973696K Free: 624128K (21%)
#Configuration.check: entity: ptolemy.actor.lib.string.StringSubstring {.configuration.actor library.Actors.String.StringSubstring} 283 ms. Memory: 2973696K Free: 623614K (21%)
#Configuration.check: entity: ptolemy.actor.lib.DiscreteClock {.configuration.actor library.Actors.DomainSpecific.Continuous.Signal Generators.ContinuousClock.DiscreteClock} 284 ms. Memory: 2973696K Free: 623104K (21%)
#Configuration.check: entity: ptolemy.domains.continuous.lib.ZeroOrderHold {.configuration.actor library.Actors.DomainSpecific.Continuous.Signal Generators.ContinuousClock.ZeroOrderHold} 286 ms. Memory: 2973696K Free: 622080K (21%)
#Configuration.check: entity: ptolemy.actor.lib.DiscreteClock {.configuration.actor library.Actors.DomainSpecific.Continuous.Signal Generators.DiscreteClock} 287 ms. Memory: 2973696K Free: 621566K (21%)
#Configuration.check: entity: ptolemy.actor.lib.SingleEvent {.configuration.actor library.Actors.DomainSpecific.Continuous.Signal Generators.SingleEvent} 288 ms. Memory: 2973696K Free: 621056K (21%)
#Configuration.check: entity: ptolemy.domains.continuous.lib.Waveform {.configuration.actor library.Actors.DomainSpecific.Continuous.Signal Generators.Waveform} 288 ms. Memory: 2973696K Free: 621056K (21%)
#Configuration.check: entity: ptolemy.domains.continuous.lib.LevelCrossingDetector {.configuration.actor library.Actors.DomainSpecific.Continuous.Continuous to Discrete.LevelCrossingDetector} 290 ms. Memory: 2973696K Free: 620032K (21%)
#Configuration.check: entity: ptolemy.domains.continuous.lib.PeriodicSampler {.configuration.actor library.Actors.DomainSpecific.Continuous.Continuous to Discrete.PeriodicSampler} 291 ms. Memory: 2973696K Free: 619503K (21%)
#Configuration.check: entity: ptolemy.actor.lib.Sampler {.configuration.actor library.Actors.DomainSpecific.Continuous.Continuous to Discrete.Sampler} 291 ms. Memory: 2973696K Free: 619503K (21%)
#Configuration.check: entity: ptolemy.domains.continuous.lib.ZeroOrderHold {.configuration.actor library.Actors.DomainSpecific.Continuous.Discrete to Continuous.ZeroOrderHold} 291 ms. Memory: 2973696K Free: 619503K (21%)
#Configuration.check: entity: ptolemy.actor.lib.Scale {.configuration.actor library.Actors.DomainSpecific.Continuous.Dynamics.DCMotor.Scale} 291 ms. Memory: 2973696K Free: 619503K (21%)
#Configuration.check: entity: ptolemy.actor.lib.AddSubtract {.configuration.actor library.Actors.DomainSpecific.Continuous.Dynamics.DCMotor.AddSubtract} 292 ms. Memory: 2973696K Free: 619008K (21%)
#Configuration.check: entity: ptolemy.actor.lib.Scale {.configuration.actor library.Actors.DomainSpecific.Continuous.Dynamics.DCMotor.Scale2} 292 ms. Memory: 2973696K Free: 619008K (21%)
#Configuration.check: entity: ptolemy.actor.lib.AddSubtract {.configuration.actor library.Actors.DomainSpecific.Continuous.Dynamics.DCMotor.AddSubtract2} 293 ms. Memory: 2973696K Free: 619008K (21%)
#Configuration.check: entity: ptolemy.domains.continuous.lib.Integrator {.configuration.actor library.Actors.DomainSpecific.Continuous.Dynamics.DCMotor.Integrator} 293 ms. Memory: 2973696K Free: 619008K (21%)
#Configuration.check: entity: ptolemy.actor.lib.Scale {.configuration.actor library.Actors.DomainSpecific.Continuous.Dynamics.DCMotor.Scale3} 293 ms. Memory: 2973696K Free: 618494K (21%)
#Configuration.check: entity: ptolemy.actor.lib.Scale {.configuration.actor library.Actors.DomainSpecific.Continuous.Dynamics.DCMotor.Scale4} 294 ms. Memory: 2973696K Free: 618494K (21%)
#Configuration.check: entity: ptolemy.actor.lib.Scale {.configuration.actor library.Actors.DomainSpecific.Continuous.Dynamics.DCMotor.Scale5} 294 ms. Memory: 2973696K Free: 617984K (21%)
#Configuration.check: entity: ptolemy.domains.continuous.lib.Integrator {.configuration.actor library.Actors.DomainSpecific.Continuous.Dynamics.DCMotor.Integrator2} 295 ms. Memory: 2973696K Free: 617984K (21%)
#Configuration.check: entity: ptolemy.actor.lib.Default {.configuration.actor library.Actors.DomainSpecific.Continuous.Dynamics.DCMotor.Default} 296 ms. Memory: 2973696K Free: 617984K (21%)
#Configuration.check: entity: ptolemy.actor.lib.Const {.configuration.actor library.Actors.DomainSpecific.Continuous.Dynamics.DCMotor.Const} 297 ms. Memory: 2973696K Free: 617470K (21%)
#Configuration.check: entity: ptolemy.domains.continuous.lib.Derivative {.configuration.actor library.Actors.DomainSpecific.Continuous.Dynamics.Derivative} 297 ms. Memory: 2973696K Free: 616960K (21%)
#Configuration.check: entity: ptolemy.domains.continuous.lib.Integrator {.configuration.actor library.Actors.DomainSpecific.Continuous.Dynamics.Integrator} 297 ms. Memory: 2973696K Free: 616960K (21%)
#Configuration.check: entity: ptolemy.domains.continuous.lib.BandlimitedNoise {.configuration.actor library.Actors.DomainSpecific.Continuous.Random.BandlimitedNoise} 298 ms. Memory: 2973696K Free: 616960K (21%)
#Configuration.check: entity: ptolemy.domains.continuous.lib.Noise {.configuration.actor library.Actors.DomainSpecific.Continuous.Random.Noise} 301 ms. Memory: 2973696K Free: 615936K (21%)
#Configuration.check: entity: ptolemy.actor.lib.MicrostepDelay {.configuration.actor library.Actors.DomainSpecific.Continuous.Miscellaneous.MicrostepDelay} 303 ms. Memory: 2973696K Free: 614912K (21%)
#Configuration.check: entity: ptolemy.actor.lib.ResettableTimer {.configuration.actor library.Actors.DomainSpecific.Continuous.Miscellaneous.ResettableTimer} 304 ms. Memory: 2973696K Free: 614912K (21%)
#Configuration.check: entity: ptolemy.domains.continuous.lib.ContinuousMerge {.configuration.actor library.Actors.DomainSpecific.Continuous.Miscellaneous.ContinuousMerge} 305 ms. Memory: 2973696K Free: 614398K (21%)
#Configuration.check: entity: ptolemy.domains.ddf.lib.DDFSingleTokenCommutator {.configuration.actor library.Actors.DomainSpecific.DynamicDataFlow.DDFSingleTokenCommutator} 305 ms. Memory: 2973696K Free: 614398K (21%)
#Configuration.check: entity: ptolemy.actor.lib.CurrentDate {.configuration.actor library.Actors.DomainSpecific.DiscreteEvent.Date.CurrentDate} 305 ms. Memory: 2973696K Free: 614398K (21%)
#Configuration.check: entity: ptolemy.actor.lib.DateElements {.configuration.actor library.Actors.DomainSpecific.DiscreteEvent.Date.DateElements} 307 ms. Memory: 2973696K Free: 613359K (21%)
#Configuration.check: entity: ptolemy.actor.lib.DateConstructor {.configuration.actor library.Actors.DomainSpecific.DiscreteEvent.Date.DateConstructor} 309 ms. Memory: 2973696K Free: 612864K (21%)
#Configuration.check: entity: ptolemy.domains.de.lib.DateToEvent {.configuration.actor library.Actors.DomainSpecific.DiscreteEvent.Date.DateToEvent} 313 ms. Memory: 2973696K Free: 611326K (21%)
#Configuration.check: entity: ptolemy.domains.de.lib.DateToModelTime {.configuration.actor library.Actors.DomainSpecific.DiscreteEvent.Date.DateToModelTime} 315 ms. Memory: 2973696K Free: 610816K (21%)
#Configuration.check: entity: ptolemy.domains.de.lib.EventToDate {.configuration.actor library.Actors.DomainSpecific.DiscreteEvent.Date.EventToDate} 317 ms. Memory: 2973696K Free: 609792K (21%)
#Configuration.check: entity: ptolemy.actor.lib.ModifyDate {.configuration.actor library.Actors.DomainSpecific.DiscreteEvent.Date.ModifyDate} 320 ms. Memory: 2973696K Free: 608768K (20%)
#Configuration.check: entity: ptolemy.actor.lib.conversions.StringToDate {.configuration.actor library.Actors.DomainSpecific.DiscreteEvent.Date.StringToDate} 322 ms. Memory: 2973696K Free: 608254K (20%)
#Configuration.check: entity: ptolemy.domains.de.lib.AverageOverTime {.configuration.actor library.Actors.DomainSpecific.DiscreteEvent.AverageOverTime} 322 ms. Memory: 2973696K Free: 607744K (20%)
#Configuration.check: entity: ptolemy.domains.de.lib.Derivative {.configuration.actor library.Actors.DomainSpecific.DiscreteEvent.Derivative} 323 ms. Memory: 2973696K Free: 607744K (20%)
#Configuration.check: entity: ptolemy.actor.lib.gui.EventButton {.configuration.actor library.Actors.DomainSpecific.DiscreteEvent.EventButton} 323 ms. Memory: 2973696K Free: 607744K (20%)
#Configuration.check: entity: ptolemy.domains.de.lib.EventFilter {.configuration.actor library.Actors.DomainSpecific.DiscreteEvent.EventFilter} 325 ms. Memory: 2973696K Free: 607230K (20%)
#Configuration.check: entity: ptolemy.domains.de.lib.Inhibit {.configuration.actor library.Actors.DomainSpecific.DiscreteEvent.Inhibit} 325 ms. Memory: 2973696K Free: 607230K (20%)
#Configuration.check: entity: ptolemy.domains.de.lib.Integrator {.configuration.actor library.Actors.DomainSpecific.DiscreteEvent.Integrator} 325 ms. Memory: 2973696K Free: 607230K (20%)
#Configuration.check: entity: ptolemy.domains.de.lib.Merge {.configuration.actor library.Actors.DomainSpecific.DiscreteEvent.Merge} 325 ms. Memory: 2973696K Free: 606720K (20%)
#Configuration.check: entity: ptolemy.actor.lib.MicrostepDelay {.configuration.actor library.Actors.DomainSpecific.DiscreteEvent.MicrostepDelay} 325 ms. Memory: 2973696K Free: 606720K (20%)
#Configuration.check: entity: ptolemy.domains.de.lib.MostRecent {.configuration.actor library.Actors.DomainSpecific.DiscreteEvent.MostRecent} 326 ms. Memory: 2973696K Free: 606720K (20%)
#Configuration.check: entity: ptolemy.domains.de.lib.PID {.configuration.actor library.Actors.DomainSpecific.DiscreteEvent.PID} 326 ms. Memory: 2973696K Free: 606720K (20%)
#Configuration.check: entity: ptolemy.domains.de.lib.Previous {.configuration.actor library.Actors.DomainSpecific.DiscreteEvent.Previous} 326 ms. Memory: 2973696K Free: 606199K (20%)
#Configuration.check: entity: ptolemy.domains.de.lib.Queue {.configuration.actor library.Actors.DomainSpecific.DiscreteEvent.Queue} 327 ms. Memory: 2973696K Free: 606199K (20%)
#Configuration.check: entity: ptolemy.domains.de.lib.Register {.configuration.actor library.Actors.DomainSpecific.DiscreteEvent.Register} 328 ms. Memory: 2973696K Free: 605696K (20%)
#Configuration.check: entity: ptolemy.actor.lib.ResettableTimer {.configuration.actor library.Actors.DomainSpecific.DiscreteEvent.ResettableTimer} 328 ms. Memory: 2973696K Free: 605696K (20%)
#Configuration.check: entity: ptolemy.domains.de.lib.Server {.configuration.actor library.Actors.DomainSpecific.DiscreteEvent.Server} 329 ms. Memory: 2973696K Free: 605182K (20%)
#Configuration.check: entity: ptolemy.domains.de.lib.SharedQueue {.configuration.actor library.Actors.DomainSpecific.DiscreteEvent.SharedQueue} 331 ms. Memory: 2973696K Free: 604672K (20%)
#Configuration.check: entity: ptolemy.actor.lib.SingleEvent {.configuration.actor library.Actors.DomainSpecific.DiscreteEvent.SingleEvent} 332 ms. Memory: 2973696K Free: 604158K (20%)
#Configuration.check: entity: ptolemy.domains.de.lib.TimeCompare {.configuration.actor library.Actors.DomainSpecific.DiscreteEvent.TimeCompare} 333 ms. Memory: 2973696K Free: 604158K (20%)
#Configuration.check: entity: ptolemy.actor.lib.TimeDelay {.configuration.actor library.Actors.DomainSpecific.DiscreteEvent.TimeDelay} 333 ms. Memory: 2973696K Free: 604158K (20%)
#Configuration.check: entity: ptolemy.domains.de.lib.TimeGap {.configuration.actor library.Actors.DomainSpecific.DiscreteEvent.TimeGap} 334 ms. Memory: 2973696K Free: 603648K (20%)
#Configuration.check: entity: ptolemy.domains.de.lib.WaitingTime {.configuration.actor library.Actors.DomainSpecific.DiscreteEvent.WaitingTime} 335 ms. Memory: 2973696K Free: 603134K (20%)
#Configuration.check: entity: ptolemy.actor.lib.OrderedMerge {.configuration.actor library.Actors.DomainSpecific.ProcessNetworks.OrderedMerge} 337 ms. Memory: 2973696K Free: 602624K (20%)
#Configuration.check: entity: ptolemy.actor.lib.Sequencer {.configuration.actor library.Actors.DomainSpecific.ProcessNetworks.Sequencer} 337 ms. Memory: 2973696K Free: 602624K (20%)
#Configuration.check: entity: ptolemy.domains.pn.lib.Starver {.configuration.actor library.Actors.DomainSpecific.ProcessNetworks.Starver} 338 ms. Memory: 2973696K Free: 602110K (20%)
#Configuration.check: entity: ptolemy.actor.lib.Stop {.configuration.actor library.Actors.DomainSpecific.ProcessNetworks.Stop} 340 ms. Memory: 2973696K Free: 601600K (20%)
#Configuration.check: entity: ptolemy.actor.lib.Synchronizer {.configuration.actor library.Actors.DomainSpecific.ProcessNetworks.Synchronizer} 340 ms. Memory: 2973696K Free: 601600K (20%)
#Configuration.check: entity: ptolemy.domains.rendezvous.lib.Barrier {.configuration.actor library.Actors.DomainSpecific.Rendezvous.Barrier} 340 ms. Memory: 2973696K Free: 601600K (20%)
#Configuration.check: entity: ptolemy.domains.rendezvous.lib.Buffer {.configuration.actor library.Actors.DomainSpecific.Rendezvous.Buffer} 342 ms. Memory: 2973696K Free: 601086K (20%)
#Configuration.check: entity: ptolemy.domains.rendezvous.lib.Merge {.configuration.actor library.Actors.DomainSpecific.Rendezvous.Merge} 343 ms. Memory: 2973696K Free: 600576K (20%)
#Configuration.check: entity: ptolemy.domains.rendezvous.lib.ResourcePool {.configuration.actor library.Actors.DomainSpecific.Rendezvous.ResourcePool} 343 ms. Memory: 2973696K Free: 600576K (20%)
#Configuration.check: entity: ptolemy.domains.sr.lib.Absent {.configuration.actor library.Actors.DomainSpecific.SynchronousReactive.Absent} 344 ms. Memory: 2973696K Free: 600576K (20%)
#Configuration.check: entity: ptolemy.domains.sr.lib.Current {.configuration.actor library.Actors.DomainSpecific.SynchronousReactive.Current} 344 ms. Memory: 2973696K Free: 600062K (20%)
#Configuration.check: entity: ptolemy.actor.lib.Default {.configuration.actor library.Actors.DomainSpecific.SynchronousReactive.Default} 345 ms. Memory: 2973696K Free: 600062K (20%)
#Configuration.check: entity: ptolemy.domains.sr.lib.InstantaneousDialogGenerator {.configuration.actor library.Actors.DomainSpecific.SynchronousReactive.InstantaneousDialogGenerator} 346 ms. Memory: 2973696K Free: 599552K (20%)
#Configuration.check: entity: ptolemy.actor.lib.logic.IsPresent {.configuration.actor library.Actors.DomainSpecific.SynchronousReactive.IsPresent} 346 ms. Memory: 2973696K Free: 599552K (20%)
#Configuration.check: entity: ptolemy.domains.sr.lib.NonStrictDelay {.configuration.actor library.Actors.DomainSpecific.SynchronousReactive.NonStrictDelay} 346 ms. Memory: 2973696K Free: 599552K (20%)
#Configuration.check: entity: ptolemy.domains.sr.lib.gui.NonStrictDisplay {.configuration.actor library.Actors.DomainSpecific.SynchronousReactive.NonStrictDisplay} 346 ms. Memory: 2973696K Free: 599552K (20%)
#Configuration.check: entity: ptolemy.domains.sr.lib.BinaryNonStrictLogicGate {.configuration.actor library.Actors.DomainSpecific.SynchronousReactive.BinaryNonStrictLogicGate} 347 ms. Memory: 2973696K Free: 599552K (20%)
#Configuration.check: entity: ptolemy.domains.sr.lib.NonStrictLogicGate {.configuration.actor library.Actors.DomainSpecific.SynchronousReactive.NonStrictLogicGate} 349 ms. Memory: 2973696K Free: 598528K (20%)
#Configuration.check: entity: ptolemy.domains.sr.lib.NonStrictAndGate {.configuration.actor library.Actors.DomainSpecific.SynchronousReactive.NonStrictAndGate} 351 ms. Memory: 2973696K Free: 598014K (20%)
#Configuration.check: entity: ptolemy.domains.sr.lib.NonStrictOrGate {.configuration.actor library.Actors.DomainSpecific.SynchronousReactive.NonStrictOrGate} 353 ms. Memory: 2973696K Free: 597504K (20%)
#Configuration.check: entity: ptolemy.domains.sr.lib.NonStrictXorGate {.configuration.actor library.Actors.DomainSpecific.SynchronousReactive.NonStrictXorGate} 355 ms. Memory: 2973696K Free: 596480K (20%)
#Configuration.check: entity: ptolemy.domains.sr.lib.NonStrictThreeBitAdder {.configuration.actor library.Actors.DomainSpecific.SynchronousReactive.NonStrictThreeBitAdder} 357 ms. Memory: 2973696K Free: 595966K (20%)
#Configuration.check: entity: ptolemy.domains.sr.lib.Pre {.configuration.actor library.Actors.DomainSpecific.SynchronousReactive.Pre} 357 ms. Memory: 2973696K Free: 595966K (20%)
#Configuration.check: entity: ptolemy.domains.sr.lib.SingleTokenDistributor {.configuration.actor library.Actors.DomainSpecific.SynchronousReactive.SingleTokenDistributor} 357 ms. Memory: 2973696K Free: 595456K (20%)
#Configuration.check: entity: ptolemy.domains.sr.lib.When {.configuration.actor library.Actors.DomainSpecific.SynchronousReactive.When} 358 ms. Memory: 2973696K Free: 595456K (20%)
#Configuration.check: entity: ptolemy.actor.lib.logic.TrueGate {.configuration.actor library.Actors.DomainSpecific.SynchronousReactive.TrueGate} 358 ms. Memory: 2973696K Free: 595454K (20%)
#Configuration.check: entity: org.terraswarm.accessor.JSAccessor {.configuration.actor library.MoreLibraries.Accessors.adapters.Adapter} 358 ms. Memory: 2973696K Free: 595454K (20%)
#Configuration.check: entity: org.terraswarm.accessor.JSAccessor {.configuration.actor library.MoreLibraries.Accessors.adapters.CelsiusToFahrenheit} 1184 ms. Memory: 2973696K Free: 471038K (16%)
#Configuration.check: entity: org.terraswarm.accessor.JSAccessor {.configuration.actor library.MoreLibraries.Accessors.adapters.Identity} 2108 ms. Memory: 2973696K Free: 609275K (20%)
#Configuration.check: entity: org.terraswarm.accessor.JSAccessor {.configuration.actor library.MoreLibraries.Accessors.adapters.KelvinToFahrenheit} 2953 ms. Memory: 2973696K Free: 479230K (16%)
#Configuration.check: entity: org.terraswarm.accessor.JSAccessor {.configuration.actor library.MoreLibraries.Accessors.audio.AudioCapture} 3939 ms. Memory: 2973696K Free: 619520K (21%)
#Configuration.check: entity: org.terraswarm.accessor.JSAccessor {.configuration.actor library.MoreLibraries.Accessors.audio.AudioPlayer} 4897 ms. Memory: 2973696K Free: 473088K (16%)
#Configuration.check: entity: org.terraswarm.accessor.JSAccessor {.configuration.actor library.MoreLibraries.Accessors.audio.ClipPlayer} 5901 ms. Memory: 2973696K Free: 602618K (20%)
#Configuration.check: entity: org.terraswarm.accessor.JSAccessor {.configuration.actor library.MoreLibraries.Accessors.cameras.Camera} 6739 ms. Memory: 2973696K Free: 464384K (16%)
#Configuration.check: entity: org.terraswarm.accessor.JSAccessor {.configuration.actor library.MoreLibraries.Accessors.cameras.Foscam} 7808 ms. Memory: 2973696K Free: 591870K (20%)
#Configuration.check: entity: org.terraswarm.accessor.JSAccessor {.configuration.actor library.MoreLibraries.Accessors.dashboard.GraphComponent} 8845 ms. Memory: 2973696K Free: 436222K (15%)
#Configuration.check: entity: org.terraswarm.accessor.JSAccessor {.configuration.actor library.MoreLibraries.Accessors.dashboard.OdometerComponent} 9739 ms. Memory: 2973696K Free: 574464K (19%)
#Configuration.check: entity: org.terraswarm.accessor.JSAccessor {.configuration.actor library.MoreLibraries.Accessors.dashboard.ParkingComponent} 10549 ms. Memory: 2973696K Free: 440830K (15%)
#Configuration.check: entity: org.terraswarm.accessor.JSAccessor {.configuration.actor library.MoreLibraries.Accessors.dashboard.RestaurantComponent} 11419 ms. Memory: 2973696K Free: 575998K (19%)
#Configuration.check: entity: org.terraswarm.accessor.JSAccessor {.configuration.actor library.MoreLibraries.Accessors.dashboard.RoutingWebSocketServer} 12237 ms. Memory: 2973696K Free: 441854K (15%)
#Configuration.check: entity: org.terraswarm.accessor.JSAccessor {.configuration.actor library.MoreLibraries.Accessors.dashboard.SpeedometerComponent} 13234 ms. Memory: 2973696K Free: 550895K (19%)
#Configuration.check: entity: org.terraswarm.accessor.JSAccessor {.configuration.actor library.MoreLibraries.Accessors.dashboard.UIComponent} 14090 ms. Memory: 2973696K Free: 416751K (14%)
#Configuration.check: entity: org.terraswarm.accessor.JSAccessor {.configuration.actor library.MoreLibraries.Accessors.dashboard.VideoComponent} 14893 ms. Memory: 2973696K Free: 549376K (18%)
#Configuration.check: entity: org.terraswarm.accessor.JSAccessor {.configuration.actor library.MoreLibraries.Accessors.devices.AdsB} 15697 ms. Memory: 2973696K Free: 414208K (14%)
#Configuration.check: entity: org.terraswarm.accessor.JSAccessor {.configuration.actor library.MoreLibraries.Accessors.devices.Hue} 16709 ms. Memory: 2973696K Free: 508926K (17%)
#Configuration.check: entity: org.terraswarm.accessor.JSAccessor {.configuration.actor library.MoreLibraries.Accessors.devices.Moto360SensorListener} 17548 ms. Memory: 2973696K Free: 364032K (12%)
#Configuration.check: entity: org.terraswarm.accessor.JSAccessor {.configuration.actor library.MoreLibraries.Accessors.devices.DrDose} 18672 ms. Memory: 2973696K Free: 456175K (15%)
#Configuration.check: entity: org.terraswarm.accessor.JSAccessor {.configuration.actor library.MoreLibraries.Accessors.devices.PhSensor} 19745 ms. Memory: 2973696K Free: 536543K (18%)
#Configuration.check: entity: org.terraswarm.accessor.JSAccessor {.configuration.actor library.MoreLibraries.Accessors.devices.EcSensor} 20712 ms. Memory: 2973696K Free: 378878K (13%)
#Configuration.check: entity: org.terraswarm.accessor.JSAccessor {.configuration.actor library.MoreLibraries.Accessors.devices.Lifx} 21760 ms. Memory: 2973696K Free: 452094K (15%)
#Configuration.check: entity: org.terraswarm.accessor.JSAccessor {.configuration.actor library.MoreLibraries.Accessors.image.AprilTags} 22722 ms. Memory: 2973696K Free: 526846K (18%)
#Configuration.check: entity: org.terraswarm.accessor.JSAccessor {.configuration.actor library.MoreLibraries.Accessors.image.CharacterRecognition} 23491 ms. Memory: 2973696K Free: 392192K (13%)
#CharacterRecognition: The tesseract module was not present.  The CharacterRecognition accessor is not supported on this accessor host. (Thread[main,5,main])
Configuration.check: entity: org.terraswarm.accessor.JSAccessor {.configuration.actor library.MoreLibraries.Accessors.image.ComputerVision} 24432 ms. Memory: 2973696K Free: 478718K (16%)
#Configuration.check: entity: org.terraswarm.accessor.JSAccessor {.configuration.actor library.MoreLibraries.Accessors.image.FaceDetector} 25276 ms. Memory: 2973696K Free: 337406K (11%)
#Configuration.check: entity: org.terraswarm.accessor.JSAccessor {.configuration.actor library.MoreLibraries.Accessors.image.ImageAnnotate} 26207 ms. Memory: 2973696K Free: 406016K (14%)
#Configuration.check: entity: org.terraswarm.accessor.JSAccessor {.configuration.actor library.MoreLibraries.Accessors.image.ImageDisplay} 27128 ms. Memory: 2973696K Free: 473600K (16%)
#Configuration.check: entity: org.terraswarm.accessor.JSAccessor {.configuration.actor library.MoreLibraries.Accessors.image.ImageFilter} 28004 ms. Memory: 2973696K Free: 336384K (11%)
#Configuration.check: entity: org.terraswarm.accessor.JSAccessor {.configuration.actor library.MoreLibraries.Accessors.image.MotionDetector} 28933 ms. Memory: 2973696K Free: 396791K (13%)
#Configuration.check: entity: org.terraswarm.accessor.JSAccessor {.configuration.actor library.MoreLibraries.Accessors.net.Discovery} 29845 ms. Memory: 2973696K Free: 450993K (15%)
#Configuration.check: entity: org.terraswarm.accessor.JSAccessor {.configuration.actor library.MoreLibraries.Accessors.net.IPAddress} 31030 ms. Memory: 2973696K Free: 496640K (17%)
#Configuration.check: entity: org.terraswarm.accessor.JSAccessor {.configuration.actor library.MoreLibraries.Accessors.net.KeyValueStore} 31950 ms. Memory: 2973696K Free: 363520K (12%)
#Configuration.check: entity: org.terraswarm.accessor.JSAccessor {.configuration.actor library.MoreLibraries.Accessors.net.MQTTPublisher} 32915 ms. Memory: 2973696K Free: 398336K (13%)
#Configuration.check: entity: org.terraswarm.accessor.JSAccessor {.configuration.actor library.MoreLibraries.Accessors.net.MQTTSubscriber} 33868 ms. Memory: 2973696K Free: 429566K (14%)
#Configuration.check: entity: org.terraswarm.accessor.JSAccessor {.configuration.actor library.MoreLibraries.Accessors.net.REST} 34877 ms. Memory: 2973696K Free: 453532K (15%)
#Configuration.check: entity: org.terraswarm.accessor.JSAccessor {.configuration.actor library.MoreLibraries.Accessors.net.SecureCommClient} 36004 ms. Memory: 2973696K Free: 464896K (16%)
#Configuration.check: entity: org.terraswarm.accessor.JSAccessor {.configuration.actor library.MoreLibraries.Accessors.net.SecureCommServer} 37244 ms. Memory: 2973696K Free: 449536K (15%)
#Configuration.check: entity: org.terraswarm.accessor.JSAccessor {.configuration.actor library.MoreLibraries.Accessors.net.SecurePublisher} 38370 ms. Memory: 2973696K Free: 432640K (15%)
#Configuration.check: entity: org.terraswarm.accessor.JSAccessor {.configuration.actor library.MoreLibraries.Accessors.net.SecureSubscriber} 39493 ms. Memory: 2973696K Free: 413694K (14%)
#Configuration.check: entity: org.terraswarm.accessor.JSAccessor {.configuration.actor library.MoreLibraries.Accessors.net.SerialPort} 40661 ms. Memory: 2973696K Free: 387567K (13%)
#Configuration.check: entity: org.terraswarm.accessor.JSAccessor {.configuration.actor library.MoreLibraries.Accessors.net.TCPSocketClient} 41651 ms. Memory: 2973696K Free: 373760K (13%)
#Configuration.check: entity: org.terraswarm.accessor.JSAccessor {.configuration.actor library.MoreLibraries.Accessors.net.TCPSocketServer} 42798 ms. Memory: 2973696K Free: 356862K (12%)
#Configuration.check: entity: org.terraswarm.accessor.JSAccessor {.configuration.actor library.MoreLibraries.Accessors.net.UDPSocketListener} 43906 ms. Memory: 2973696K Free: 340480K (11%)
#Configuration.check: entity: org.terraswarm.accessor.JSAccessor {.configuration.actor library.MoreLibraries.Accessors.net.UDPSocketSender} 44994 ms. Memory: 2973696K Free: 326157K (11%)
#Configuration.check: entity: org.terraswarm.accessor.JSAccessor {.configuration.actor library.MoreLibraries.Accessors.net.VertxPublish} 46129 ms. Memory: 2973696K Free: 312335K (11%)
#Configuration.check: entity: org.terraswarm.accessor.JSAccessor {.configuration.actor library.MoreLibraries.Accessors.net.VertxSubscribe} 47217 ms. Memory: 2973696K Free: 303656K (10%)
#Configuration.check: entity: org.terraswarm.accessor.JSAccessor {.configuration.actor library.MoreLibraries.Accessors.net.WebServer} 48312 ms. Memory: 2973696K Free: 295957K (10%)
#Configuration.check: entity: org.terraswarm.accessor.JSAccessor {.configuration.actor library.MoreLibraries.Accessors.net.WebSocketClient} 49433 ms. Memory: 2973696K Free: 283669K (10%)
#Configuration.check: entity: org.terraswarm.accessor.JSAccessor {.configuration.actor library.MoreLibraries.Accessors.net.WebSocketServer} 50734 ms. Memory: 2973696K Free: 267835K (9%)
#Configuration.check: entity: org.terraswarm.accessor.JSAccessor {.configuration.actor library.MoreLibraries.Accessors.net.XBee} 51985 ms. Memory: 2973696K Free: 382498K (13%)
#Configuration.check: entity: org.terraswarm.accessor.JSAccessor {.configuration.actor library.MoreLibraries.Accessors.robotics.RosNavigationPose} 53644 ms. Memory: 2973696K Free: 369754K (12%)
#Configuration.check: entity: org.terraswarm.accessor.JSAccessor {.configuration.actor library.MoreLibraries.Accessors.robotics.RosPublisher} 55638 ms. Memory: 2973696K Free: 334831K (11%)
#Configuration.check: entity: org.terraswarm.accessor.JSAccessor {.configuration.actor library.MoreLibraries.Accessors.robotics.RosSubscriber} 57406 ms. Memory: 2973696K Free: 310325K (10%)
#Configuration.check: entity: org.terraswarm.accessor.JSAccessor {.configuration.actor library.MoreLibraries.Accessors.robotics.LocationRosPublisher} 59616 ms. Memory: 2973696K Free: 287367K (10%)
#Configuration.check: entity: org.terraswarm.accessor.JSAccessor {.configuration.actor library.MoreLibraries.Accessors.robotics.Scarab} 61053 ms. Memory: 2973696K Free: 263238K (9%)
#Configuration.check: entity: org.terraswarm.accessor.JSAccessor {.configuration.actor library.MoreLibraries.Accessors.robotics.DroneLocation} 62508 ms. Memory: 2973696K Free: 252385K (8%)
#Configuration.check: entity: org.terraswarm.accessor.JSAccessor {.configuration.actor library.MoreLibraries.Accessors.robotics.Global2LatLonAlt} 63930 ms. Memory: 2973696K Free: 216129K (7%)
#Configuration.check: entity: org.terraswarm.accessor.JSAccessor {.configuration.actor library.MoreLibraries.Accessors.geodesy.Lla2Ecef} 64770 ms. Memory: 2973696K Free: 222228K (7%)
#Configuration.check: entity: org.terraswarm.accessor.JSAccessor {.configuration.actor library.MoreLibraries.Accessors.geodesy.LlaDist} 65883 ms. Memory: 2973696K Free: 359456K (12%)
#Configuration.check: entity: org.terraswarm.accessor.JSAccessor {.configuration.actor library.MoreLibraries.Accessors.geodesy.EuclideanDist} 67138 ms. Memory: 2973696K Free: 396800K (13%)
#Configuration.check: entity: org.terraswarm.accessor.JSAccessor {.configuration.actor library.MoreLibraries.Accessors.services.FINDLocation} 68251 ms. Memory: 2973696K Free: 440320K (15%)
#Configuration.check: entity: org.terraswarm.accessor.JSAccessor {.configuration.actor library.MoreLibraries.Accessors.services.FINDTracker} 69418 ms. Memory: 3035136K Free: 520704K (17%)
#Configuration.check: entity: org.terraswarm.accessor.JSAccessor {.configuration.actor library.MoreLibraries.Accessors.services.GeoCoder} 70498 ms. Memory: 3035136K Free: 566270K (19%)
#Configuration.check: entity: org.terraswarm.accessor.JSAccessor {.configuration.actor library.MoreLibraries.Accessors.services.GeoLocation} 71615 ms. Memory: 3035136K Free: 403968K (13%)
#Configuration.check: entity: org.terraswarm.accessor.JSAccessor {.configuration.actor library.MoreLibraries.Accessors.services.Heartbeat} 72605 ms. Memory: 3035136K Free: 470526K (16%)
#Configuration.check: entity: org.terraswarm.accessor.JSAccessor {.configuration.actor library.MoreLibraries.Accessors.services.HostCompatibility} 73582 ms. Memory: 3035136K Free: 535549K (18%)
#Configuration.check: entity: org.terraswarm.accessor.JSAccessor {.configuration.actor library.MoreLibraries.Accessors.services.NaturalLanguage} 74773 ms. Memory: 3035136K Free: 371710K (12%)
#Configuration.check: entity: org.terraswarm.accessor.JSAccessor {.configuration.actor library.MoreLibraries.Accessors.services.RedPinLocation} 76082 ms. Memory: 3035136K Free: 415742K (14%)
#Configuration.check: entity: org.terraswarm.accessor.JSAccessor {.configuration.actor library.MoreLibraries.Accessors.services.ReverseGeoCoder} 77336 ms. Memory: 3035136K Free: 466294K (15%)
#Configuration.check: entity: org.terraswarm.accessor.JSAccessor {.configuration.actor library.MoreLibraries.Accessors.services.SemanticRepositoryUpdate} 78509 ms. Memory: 3035136K Free: 510976K (17%)
#Configuration.check: entity: org.terraswarm.accessor.JSAccessor {.configuration.actor library.MoreLibraries.Accessors.services.SemanticRepositoryQuery} 79614 ms. Memory: 3035136K Free: 350208K (12%)
#Configuration.check: entity: org.terraswarm.accessor.JSAccessor {.configuration.actor library.MoreLibraries.Accessors.services.SemanticYelpSearch} 80755 ms. Memory: 3035136K Free: 389615K (13%)
#Configuration.check: entity: org.terraswarm.accessor.JSAccessor {.configuration.actor library.MoreLibraries.Accessors.services.SpeechRecognition} 83101 ms. Memory: 3035136K Free: 467454K (15%)
#Configuration.check: entity: org.terraswarm.accessor.JSAccessor {.configuration.actor library.MoreLibraries.Accessors.services.Weather} 84187 ms. Memory: 3035136K Free: 506359K (17%)
#Configuration.check: entity: org.terraswarm.accessor.JSAccessor {.configuration.actor library.MoreLibraries.Accessors.services.WiFiScan} 85276 ms. Memory: 3035136K Free: 342526K (11%)
#Configuration.check: entity: org.terraswarm.accessor.JSAccessor {.configuration.actor library.MoreLibraries.Accessors.services.YelpSearch} 86340 ms. Memory: 3035136K Free: 381440K (13%)
#Configuration.check: entity: org.terraswarm.accessor.JSAccessor {.configuration.actor library.MoreLibraries.Accessors.signals.FFT} 87520 ms. Memory: 3035136K Free: 395262K (13%)
#Configuration.check: entity: org.terraswarm.accessor.JSAccessor {.configuration.actor library.MoreLibraries.Accessors.test.MochaTest} 88495 ms. Memory: 3035136K Free: 428015K (14%)
#Configuration.check: entity: org.terraswarm.accessor.JSAccessor {.configuration.actor library.MoreLibraries.Accessors.test.TestAccessor} 90322 ms. Memory: 3035136K Free: 350718K (12%)
#Configuration.check: entity: org.terraswarm.accessor.JSAccessor {.configuration.actor library.MoreLibraries.Accessors.test.TestAdder} 91261 ms. Memory: 3035136K Free: 376823K (12%)
#Configuration.check: entity: org.terraswarm.accessor.JSAccessor {.configuration.actor library.MoreLibraries.Accessors.test.TestBaseC} 92293 ms. Memory: 3035136K Free: 398846K (13%)
#Configuration.check: entity: org.terraswarm.accessor.JSAccessor {.configuration.actor library.MoreLibraries.Accessors.test.TestComposite} 93234 ms. Memory: 3035136K Free: 416768K (14%)
#Configuration.check: entity: org.terraswarm.accessor.JSAccessor {.configuration.actor library.MoreLibraries.Accessors.test.TestCompositeSpontaneous} 94329 ms. Memory: 3035136K Free: 411136K (14%)
#Configuration.check: entity: org.terraswarm.accessor.JSAccessor {.configuration.actor library.MoreLibraries.Accessors.test.TestDerivedAgainA} 95368 ms. Memory: 3035136K Free: 403966K (13%)
#Configuration.check: entity: org.terraswarm.accessor.JSAccessor {.configuration.actor library.MoreLibraries.Accessors.test.TestDerivedC} 96378 ms. Memory: 3035136K Free: 405757K (13%)
#Configuration.check: entity: org.terraswarm.accessor.JSAccessor {.configuration.actor library.MoreLibraries.Accessors.test.TestFunctions} 97334 ms. Memory: 3035136K Free: 409600K (13%)
#Configuration.check: entity: org.terraswarm.accessor.JSAccessor {.configuration.actor library.MoreLibraries.Accessors.test.TestGain} 98239 ms. Memory: 3035136K Free: 421376K (14%)
#Configuration.check: entity: org.terraswarm.accessor.JSAccessor {.configuration.actor library.MoreLibraries.Accessors.test.TestImplement} 99552 ms. Memory: 3035136K Free: 429039K (14%)
#Configuration.check: entity: org.terraswarm.accessor.JSAccessor {.configuration.actor library.MoreLibraries.Accessors.test.TestInheritance} 100957 ms. Memory: 3035136K Free: 294910K (10%)
#Configuration.check: entity: org.terraswarm.accessor.JSAccessor {.configuration.actor library.MoreLibraries.Accessors.test.TestRequire} 102356 ms. Memory: 3035136K Free: 294400K (10%)
#Configuration.check: entity: org.terraswarm.accessor.JSAccessor {.configuration.actor library.MoreLibraries.Accessors.test.TestSpontaneous} 103640 ms. Memory: 3035136K Free: 294420K (10%)
#Configuration.check: entity: org.terraswarm.accessor.JSAccessor {.configuration.actor library.MoreLibraries.Accessors.test.TestSpontaneousOnce} 105372 ms. Memory: 3035136K Free: 303683K (10%)
#Configuration.check: entity: org.terraswarm.accessor.JSAccessor {.configuration.actor library.MoreLibraries.Accessors.test.TrainableTest} 106507 ms. Memory: 3035136K Free: 312833K (10%)
#Configuration.check: entity: org.terraswarm.accessor.JSAccessor {.configuration.actor library.MoreLibraries.Accessors.utilities.Clock} 107721 ms. Memory: 3035136K Free: 316453K (10%)
#Configuration.check: entity: org.terraswarm.accessor.JSAccessor {.configuration.actor library.MoreLibraries.Accessors.utilities.Cron} 108995 ms. Memory: 3035136K Free: 325633K (11%)
#Configuration.check: entity: org.terraswarm.accessor.JSAccessor {.configuration.actor library.MoreLibraries.Accessors.utilities.Exec} 110241 ms. Memory: 3035136K Free: 331776K (11%)
#Configuration.check: entity: org.terraswarm.accessor.JSAccessor {.configuration.actor library.MoreLibraries.Accessors.utilities.GetAccessor} 111148 ms. Memory: 3035136K Free: 338481K (11%)
#Configuration.check: entity: org.terraswarm.accessor.JSAccessor {.configuration.actor library.MoreLibraries.Accessors.utilities.GetResource} 112313 ms. Memory: 3035136K Free: 401940K (13%)
#Configuration.check: entity: org.terraswarm.accessor.JSAccessor {.configuration.actor library.MoreLibraries.Accessors.utilities.HostName} 113364 ms. Memory: 3035136K Free: 422398K (14%)
#Configuration.check: entity: org.terraswarm.accessor.JSAccessor {.configuration.actor library.MoreLibraries.Accessors.utilities.LocalStorage} 114177 ms. Memory: 3035136K Free: 435200K (14%)
#Configuration.check: entity: org.terraswarm.accessor.JSAccessor {.configuration.actor library.MoreLibraries.Accessors.utilities.Mutable} 115082 ms. Memory: 3035136K Free: 430592K (14%)
#Configuration.check: entity: org.terraswarm.accessor.JSAccessor {.configuration.actor library.MoreLibraries.Accessors.utilities.MutableBase} 116007 ms. Memory: 3035136K Free: 434688K (14%)
#Configuration.check: entity: org.terraswarm.accessor.JSAccessor {.configuration.actor library.MoreLibraries.Accessors.utilities.Stop} 116891 ms. Memory: 3035136K Free: 310270K (10%)
#Configuration.check: entity: org.terraswarm.accessor.JSAccessor {.configuration.actor library.MoreLibraries.Accessors.utilities.TextDisplay} 118150 ms. Memory: 3035136K Free: 321022K (11%)
#Configuration.check: entity: org.terraswarm.accessor.JSAccessor {.configuration.actor library.MoreLibraries.Accessors.utilities.UserInterface} 119696 ms. Memory: 3035136K Free: 315916K (10%)
#Configuration.check: entity: ptolemy.domains.de.lib.aspect.AFDXESs {.configuration.actor library.MoreLibraries.Aspects.AFDX_ESs} 121207 ms. Memory: 3035136K Free: 306713K (10%)
#Configuration.check: entity: ptolemy.domains.de.lib.aspect.AFDXSwitch {.configuration.actor library.MoreLibraries.Aspects.AFDX_SW} 121214 ms. Memory: 3035136K Free: 306199K (10%)
#Configuration.check: entity: ptolemy.domains.de.lib.aspect.Bus {.configuration.actor library.MoreLibraries.Aspects.Bus} 121218 ms. Memory: 3035136K Free: 305689K (10%)
#Configuration.check: entity: ptolemy.domains.de.lib.aspect.BasicSwitch {.configuration.actor library.MoreLibraries.Aspects.BasicSwitch} 121219 ms. Memory: 3035136K Free: 305175K (10%)
#Configuration.check: entity: ptolemy.actor.lib.aspect.CanBus {.configuration.actor library.MoreLibraries.Aspects.CanBus} 121222 ms. Memory: 3035136K Free: 303641K (10%)
#Configuration.check: entity: ptolemy.actor.gui.CommunicationAspectMonitor {.configuration.actor library.MoreLibraries.Aspects.CommunicationAspectMonitor} 121224 ms. Memory: 3035136K Free: 303112K (10%)
#Configuration.check: entity: ptolemy.domains.de.lib.aspect.CrossbarSwitch {.configuration.actor library.MoreLibraries.Aspects.CrossbarSwitch} 121224 ms. Memory: 3035136K Free: 303112K (10%)
#Configuration.check: entity: ptolemy.actor.lib.aspect.DynamicCoreAssignmentScheduler {.configuration.actor library.MoreLibraries.Aspects.DynamicCoreAssignmentScheduler} 121229 ms. Memory: 3035136K Free: 302617K (10%)
#Configuration.check: entity: ptolemy.actor.lib.aspect.EDFScheduler {.configuration.actor library.MoreLibraries.Aspects.EDFScheduler} 121232 ms. Memory: 3035136K Free: 301593K (10%)
#Configuration.check: entity: ptolemy.actor.lib.aspect.FixedPriorityScheduler {.configuration.actor library.MoreLibraries.Aspects.FixedPriorityScheduler} 121233 ms. Memory: 3035136K Free: 301593K (10%)
#Configuration.check: entity: ptolemy.domains.de.lib.aspect.TTESwitch {.configuration.actor library.MoreLibraries.Aspects.TTESwitch} 121234 ms. Memory: 3035136K Free: 301079K (10%)
#Configuration.check: entity: lbnl.actor.lib.Simulator {.configuration.actor library.MoreLibraries.Co-Simulation.Simulator.Simulator} 121236 ms. Memory: 3035136K Free: 300569K (10%)
#Configuration.check: entity: lbnl.actor.lib.SystemCommand {.configuration.actor library.MoreLibraries.Co-Simulation.Simulator.SystemCommand} 121237 ms. Memory: 3035136K Free: 300055K (10%)
#Configuration.check: entity: org.hlacerti.lib.HlaPublisher {.configuration.actor library.MoreLibraries.Co-Simulation.HLA.HlaPublisher} 121238 ms. Memory: 3035136K Free: 299545K (10%)
#Configuration.check: entity: org.hlacerti.lib.HlaSubscriber {.configuration.actor library.MoreLibraries.Co-Simulation.HLA.HlaSubscriber} 121240 ms. Memory: 3035136K Free: 299016K (10%)
#Configuration.check: entity: ptolemy.actor.lib.database.DatabaseManager {.configuration.actor library.MoreLibraries.DatabaseActors.DatabaseManager} 121241 ms. Memory: 3035136K Free: 298521K (10%)
#Configuration.check: entity: ptolemy.actor.lib.database.DatabaseQuery {.configuration.actor library.MoreLibraries.DatabaseActors.DatabaseQuery} 121244 ms. Memory: 3035136K Free: 298007K (10%)
#Configuration.check: entity: ptolemy.actor.lib.database.DatabaseSelect {.configuration.actor library.MoreLibraries.DatabaseActors.DatabaseSelect} 121245 ms. Memory: 3035136K Free: 298007K (10%)
#Configuration.check: entity: ptolemy.actor.lib.database.DatabaseInsert {.configuration.actor library.MoreLibraries.DatabaseActors.DatabaseInsert} 121247 ms. Memory: 3035136K Free: 297497K (10%)
#Configuration.check: entity: ptolemy.actor.lib.database.SQLStatement {.configuration.actor library.MoreLibraries.DatabaseActors.SQLStatement} 121248 ms. Memory: 3035136K Free: 297497K (10%)
#Configuration.check: entity: ptolemy.actor.lib.database.ArrayOfRecordsRecorder {.configuration.actor library.MoreLibraries.DatabaseActors.ArrayOfRecordsRecorder} 121249 ms. Memory: 3035136K Free: 297497K (10%)
#Configuration.check: entity: ptolemy.actor.lib.PoissonClock {.configuration.actor library.MoreLibraries.DesignPatterns.DiscreteEvent.DESourceSink.PoissonClock} 121249 ms. Memory: 3035136K Free: 296983K (10%)
#Configuration.check: entity: ptolemy.actor.lib.Ramp {.configuration.actor library.MoreLibraries.DesignPatterns.DiscreteEvent.DESourceSink.Ramp} 121251 ms. Memory: 3035136K Free: 296473K (10%)
#Configuration.check: entity: ptolemy.actor.lib.gui.TimedPlotter {.configuration.actor library.MoreLibraries.DesignPatterns.DiscreteEvent.DESourceSink.TimedPlotter} 121252 ms. Memory: 3035136K Free: 296473K (10%)
#Configuration.check: entity: ptolemy.domains.sdf.lib.SampleDelay {.configuration.actor library.MoreLibraries.DesignPatterns.DynamicDataFlow.DDFRepeatForCount.SampleDelay} 121253 ms. Memory: 3035136K Free: 295959K (10%)
#Configuration.check: entity: ptolemy.actor.lib.Const {.configuration.actor library.MoreLibraries.DesignPatterns.DynamicDataFlow.DDFRepeatForCount.Const} 121254 ms. Memory: 3035136K Free: 295959K (10%)
#Configuration.check: entity: ptolemy.actor.lib.Ramp {.configuration.actor library.MoreLibraries.DesignPatterns.DynamicDataFlow.DDFRepeatForCount.Ramp} 121254 ms. Memory: 3035136K Free: 295449K (10%)
#Configuration.check: entity: ptolemy.actor.lib.Expression {.configuration.actor library.MoreLibraries.DesignPatterns.DynamicDataFlow.DDFRepeatForCount.Expression} 121256 ms. Memory: 3035136K Free: 295449K (10%)
#Configuration.check: entity: ptolemy.actor.lib.BooleanSwitch {.configuration.actor library.MoreLibraries.DesignPatterns.DynamicDataFlow.DDFRepeatForCount.Switch} 121257 ms. Memory: 3035136K Free: 294920K (10%)
#Configuration.check: entity: ptolemy.domains.ddf.lib.DDFBooleanSelect {.configuration.actor library.MoreLibraries.DesignPatterns.DynamicDataFlow.DDFRepeatForCount.Select} 121258 ms. Memory: 3035136K Free: 294920K (10%)
#Configuration.check: entity: ptolemy.actor.lib.Const {.configuration.actor library.MoreLibraries.DesignPatterns.DynamicDataFlow.DDFRepeatForCount.Source} 121258 ms. Memory: 3035136K Free: 294920K (10%)
#Configuration.check: entity: ptolemy.actor.lib.gui.Display {.configuration.actor library.MoreLibraries.DesignPatterns.DynamicDataFlow.DDFRepeatForCount.Sink} 121258 ms. Memory: 3035136K Free: 294920K (10%)
#Configuration.check: entity: ptolemy.actor.lib.Counter {.configuration.actor library.MoreLibraries.DesignPatterns.DynamicDataFlow.DDFRepeatForCount.RepeatedAction.Counter} 121259 ms. Memory: 3035136K Free: 294425K (10%)
#Configuration.check: entity: ptolemy.domains.rendezvous.lib.Barrier {.configuration.actor library.MoreLibraries.DesignPatterns.Rendezvous.RendezvousSynchrony.Barrier} 121260 ms. Memory: 3035136K Free: 294425K (10%)
#Configuration.check: entity: ptolemy.domains.ca.lib.gui.CAViewer {.configuration.actor library.MoreLibraries.ExperimentalDomains.CellularAutomata.CA Viewer} 121263 ms. Memory: 3035136K Free: 293401K (10%)
#Configuration.check: entity: ptolemy.domains.dde.lib.DDESink {.configuration.actor library.MoreLibraries.ExperimentalDomains.DDE.dde.DDESink} 121266 ms. Memory: 3035136K Free: 292887K (10%)
#Configuration.check: entity: ptolemy.domains.dde.lib.DoubleFork {.configuration.actor library.MoreLibraries.ExperimentalDomains.DDE.dde.DoubleFork} 121266 ms. Memory: 3035136K Free: 292887K (10%)
#Configuration.check: entity: ptolemy.domains.dde.lib.Wire {.configuration.actor library.MoreLibraries.ExperimentalDomains.DDE.dde.Wire} 121266 ms. Memory: 3035136K Free: 292887K (10%)
#Configuration.check: entity: ptolemy.domains.gr.lib.Box3D {.configuration.actor library.MoreLibraries.ExperimentalDomains.Graphics.Graphics.Box3D} 121266 ms. Memory: 3035136K Free: 292887K (10%)
#Configuration.check: entity: ptolemy.domains.gr.lib.CircularSweep3D {.configuration.actor library.MoreLibraries.ExperimentalDomains.Graphics.Graphics.CircularSweep3D} 121269 ms. Memory: 3035136K Free: 291848K (10%)
#Configuration.check: entity: ptolemy.domains.gr.lib.Cone3D {.configuration.actor library.MoreLibraries.ExperimentalDomains.Graphics.Graphics.Cone3D} 121272 ms. Memory: 3035136K Free: 290839K (10%)
#Configuration.check: entity: ptolemy.domains.gr.lib.Cylinder3D {.configuration.actor library.MoreLibraries.ExperimentalDomains.Graphics.Graphics.Cylinder3D} 121275 ms. Memory: 3035136K Free: 289800K (10%)
#Configuration.check: entity: ptolemy.domains.gr.lib.PolyCylinder3D {.configuration.actor library.MoreLibraries.ExperimentalDomains.Graphics.Graphics.PolyCylinder3D} 121278 ms. Memory: 3035136K Free: 288776K (10%)
#Configuration.check: entity: ptolemy.domains.gr.lib.Sphere3D {.configuration.actor library.MoreLibraries.ExperimentalDomains.Graphics.Graphics.Sphere3D} 121280 ms. Memory: 3035136K Free: 287767K (9%)
#Configuration.check: entity: ptolemy.domains.gr.lib.TextString3D {.configuration.actor library.MoreLibraries.ExperimentalDomains.Graphics.Graphics.TextString3D} 121282 ms. Memory: 3035136K Free: 286728K (9%)
#Configuration.check: entity: ptolemy.domains.gr.lib.Torus3D {.configuration.actor library.MoreLibraries.ExperimentalDomains.Graphics.Graphics.Torus3D} 121285 ms. Memory: 3035136K Free: 285704K (9%)
#Configuration.check: entity: ptolemy.domains.gr.lib.Rotate3D {.configuration.actor library.MoreLibraries.ExperimentalDomains.Graphics.Graphics.Rotate3D} 121287 ms. Memory: 3035136K Free: 284688K (9%)
#Configuration.check: entity: ptolemy.domains.gr.lib.Scale3D {.configuration.actor library.MoreLibraries.ExperimentalDomains.Graphics.Graphics.Scale3D} 121288 ms. Memory: 3035136K Free: 284688K (9%)
#Configuration.check: entity: ptolemy.domains.gr.lib.Translate3D {.configuration.actor library.MoreLibraries.ExperimentalDomains.Graphics.Graphics.Translate3D} 121289 ms. Memory: 3035136K Free: 284688K (9%)
#Configuration.check: entity: ptolemy.domains.gr.lib.Translate2D {.configuration.actor library.MoreLibraries.ExperimentalDomains.Graphics.Graphics.Translate2D} 121289 ms. Memory: 3035136K Free: 284185K (9%)
#Configuration.check: entity: ptolemy.domains.gr.lib.KeyInput3D {.configuration.actor library.MoreLibraries.ExperimentalDomains.Graphics.Graphics.KeyInput3D} 121289 ms. Memory: 3035136K Free: 284185K (9%)
#Configuration.check: entity: ptolemy.domains.gr.lib.MouseInput3D {.configuration.actor library.MoreLibraries.ExperimentalDomains.Graphics.Graphics.MouseInput3D} 121289 ms. Memory: 3035136K Free: 284185K (9%)
#Configuration.check: entity: ptolemy.domains.gr.lib.Rotate3D {.configuration.actor library.MoreLibraries.ExperimentalDomains.Graphics.Graphics.ThreeAxisRotator3D.Rotate3D} 121289 ms. Memory: 3035136K Free: 284185K (9%)
#Configuration.check: entity: ptolemy.domains.gr.lib.Rotate3D {.configuration.actor library.MoreLibraries.ExperimentalDomains.Graphics.Graphics.ThreeAxisRotator3D.Rotate3D2} 121290 ms. Memory: 3035136K Free: 284185K (9%)
#Configuration.check: entity: ptolemy.domains.gr.lib.Rotate3D {.configuration.actor library.MoreLibraries.ExperimentalDomains.Graphics.Graphics.ThreeAxisRotator3D.Rotate3D3} 121291 ms. Memory: 3035136K Free: 284185K (9%)
#Configuration.check: entity: ptolemy.domains.gr.lib.ViewScreen2D {.configuration.actor library.MoreLibraries.ExperimentalDomains.Graphics.Graphics.ViewScreen2D} 121292 ms. Memory: 3035136K Free: 283671K (9%)
#Configuration.check: entity: ptolemy.domains.gr.lib.ViewScreen3D {.configuration.actor library.MoreLibraries.ExperimentalDomains.Graphics.Graphics.ViewScreen3D} 121292 ms. Memory: 3035136K Free: 283671K (9%)
#Configuration.check: entity: ptolemy.domains.gr.lib.MovableViewScreen3D {.configuration.actor library.MoreLibraries.ExperimentalDomains.Graphics.Graphics.MovableViewScreen3D} 121293 ms. Memory: 3035136K Free: 283161K (9%)
#Configuration.check: entity: ptolemy.domains.petrinet.kernel.Place {.configuration.actor library.MoreLibraries.ExperimentalDomains.PetriNet.Place} 121294 ms. Memory: 3035136K Free: 283161K (9%)
#Configuration.check: entity: ptolemy.domains.pthales.lib.PthalesGenericActor {.configuration.actor library.MoreLibraries.ExperimentalDomains.Pthales.PthalesGenericActor} 121294 ms. Memory: 3035136K Free: 283161K (9%)
#Configuration.check: entity: ptolemy.domains.pthales.lib.PthalesAddHeaderActor {.configuration.actor library.MoreLibraries.ExperimentalDomains.Pthales.PthalesAddHeaderActor} 121295 ms. Memory: 3035136K Free: 282632K (9%)
#Configuration.check: entity: ptolemy.domains.pthales.lib.PthalesRemoveHeaderActor {.configuration.actor library.MoreLibraries.ExperimentalDomains.Pthales.PthalesRemoveHeaderActor} 121295 ms. Memory: 3035136K Free: 282632K (9%)
#Configuration.check: entity: ptolemy.actor.lib.Exec {.configuration.actor library.MoreLibraries.Esoteric.Exec} 121296 ms. Memory: 3035136K Free: 282632K (9%)
#Configuration.check: entity: ptolemy.caltrop.actors.CalInterpreter {.configuration.actor library.MoreLibraries.Esoteric.CalInterpreter} 121297 ms. Memory: 3035136K Free: 282137K (9%)
#Configuration.check: entity: ptolemy.actor.lib.OrderedMerge {.configuration.actor library.MoreLibraries.Esoteric.OrderedMerge} 121297 ms. Memory: 3035136K Free: 282137K (9%)
#Configuration.check: entity: ptolemy.actor.lib.RemoveNilTokens {.configuration.actor library.MoreLibraries.Esoteric.RemoveNilTokens} 121298 ms. Memory: 3035136K Free: 282137K (9%)
#Configuration.check: entity: ptolemy.actor.lib.gem5.Gem5Wrapper {.configuration.actor library.MoreLibraries.Gem5.Gem5Wrapper} 121298 ms. Memory: 3035136K Free: 282137K (9%)
#Configuration.check: entity: ptolemy.actor.gt.ModelCombine {.configuration.actor library.MoreLibraries.GraphTransformation.ModelCombine} 121355 ms. Memory: 3035136K Free: 416756K (14%)
#Configuration.check: entity: ptolemy.actor.gt.ModelExecutor {.configuration.actor library.MoreLibraries.GraphTransformation.ModelExecutor} 121356 ms. Memory: 3035136K Free: 416756K (14%)
#Configuration.check: entity: ptolemy.actor.gt.ModelGenerator {.configuration.actor library.MoreLibraries.GraphTransformation.ModelGenerator} 121356 ms. Memory: 3035136K Free: 416756K (14%)
#Configuration.check: entity: ptolemy.actor.gt.ModelView {.configuration.actor library.MoreLibraries.GraphTransformation.ModelView} 121359 ms. Memory: 3035136K Free: 416260K (14%)
#Configuration.check: entity: ptolemy.actor.gt.MoMLGenerator {.configuration.actor library.MoreLibraries.GraphTransformation.MoMLGenerator} 121362 ms. Memory: 3035136K Free: 415236K (14%)
#Configuration.check: entity: ptolemy.domains.gr.lib.Box3D {.configuration.actor library.MoreLibraries.Graphics.Graphics.Box3D} 121364 ms. Memory: 3035136K Free: 414722K (14%)
#Configuration.check: entity: ptolemy.domains.gr.lib.CircularSweep3D {.configuration.actor library.MoreLibraries.Graphics.Graphics.CircularSweep3D} 121366 ms. Memory: 3035136K Free: 413698K (14%)
#Configuration.check: entity: ptolemy.domains.gr.lib.Cone3D {.configuration.actor library.MoreLibraries.Graphics.Graphics.Cone3D} 121371 ms. Memory: 3035136K Free: 412660K (14%)
#Configuration.check: entity: ptolemy.domains.gr.lib.Cylinder3D {.configuration.actor library.MoreLibraries.Graphics.Graphics.Cylinder3D} 121373 ms. Memory: 3035136K Free: 411644K (14%)
#Configuration.check: entity: ptolemy.domains.gr.lib.PolyCylinder3D {.configuration.actor library.MoreLibraries.Graphics.Graphics.PolyCylinder3D} 121376 ms. Memory: 3035136K Free: 410609K (14%)
#Configuration.check: entity: ptolemy.domains.gr.lib.Sphere3D {.configuration.actor library.MoreLibraries.Graphics.Graphics.Sphere3D} 121378 ms. Memory: 3035136K Free: 409572K (13%)
#Configuration.check: entity: ptolemy.domains.gr.lib.TextString3D {.configuration.actor library.MoreLibraries.Graphics.Graphics.TextString3D} 121380 ms. Memory: 3035136K Free: 408564K (13%)
#Configuration.check: entity: ptolemy.domains.gr.lib.Torus3D {.configuration.actor library.MoreLibraries.Graphics.Graphics.Torus3D} 121382 ms. Memory: 3035136K Free: 407540K (13%)
#Configuration.check: entity: ptolemy.domains.gr.lib.Rotate3D {.configuration.actor library.MoreLibraries.Graphics.Graphics.Rotate3D} 121383 ms. Memory: 3035136K Free: 406500K (13%)
#Configuration.check: entity: ptolemy.domains.gr.lib.Scale3D {.configuration.actor library.MoreLibraries.Graphics.Graphics.Scale3D} 121384 ms. Memory: 3035136K Free: 406500K (13%)
#Configuration.check: entity: ptolemy.domains.gr.lib.Translate3D {.configuration.actor library.MoreLibraries.Graphics.Graphics.Translate3D} 121384 ms. Memory: 3035136K Free: 406500K (13%)
#Configuration.check: entity: ptolemy.domains.gr.lib.Translate2D {.configuration.actor library.MoreLibraries.Graphics.Graphics.Translate2D} 121385 ms. Memory: 3035136K Free: 406500K (13%)
#Configuration.check: entity: ptolemy.domains.gr.lib.KeyInput3D {.configuration.actor library.MoreLibraries.Graphics.Graphics.KeyInput3D} 121385 ms. Memory: 3035136K Free: 406500K (13%)
#Configuration.check: entity: ptolemy.domains.gr.lib.MouseInput3D {.configuration.actor library.MoreLibraries.Graphics.Graphics.MouseInput3D} 121385 ms. Memory: 3035136K Free: 406020K (13%)
#Configuration.check: entity: ptolemy.domains.gr.lib.Rotate3D {.configuration.actor library.MoreLibraries.Graphics.Graphics.ThreeAxisRotator3D.Rotate3D} 121385 ms. Memory: 3035136K Free: 406020K (13%)
#Configuration.check: entity: ptolemy.domains.gr.lib.Rotate3D {.configuration.actor library.MoreLibraries.Graphics.Graphics.ThreeAxisRotator3D.Rotate3D2} 121386 ms. Memory: 3035136K Free: 406020K (13%)
#Configuration.check: entity: ptolemy.domains.gr.lib.Rotate3D {.configuration.actor library.MoreLibraries.Graphics.Graphics.ThreeAxisRotator3D.Rotate3D3} 121386 ms. Memory: 3035136K Free: 406020K (13%)
#Configuration.check: entity: ptolemy.domains.gr.lib.ViewScreen2D {.configuration.actor library.MoreLibraries.Graphics.Graphics.ViewScreen2D} 121387 ms. Memory: 3035136K Free: 405506K (13%)
#Configuration.check: entity: ptolemy.domains.gr.lib.ViewScreen3D {.configuration.actor library.MoreLibraries.Graphics.Graphics.ViewScreen3D} 121388 ms. Memory: 3035136K Free: 405506K (13%)
#Configuration.check: entity: ptolemy.domains.gr.lib.MovableViewScreen3D {.configuration.actor library.MoreLibraries.Graphics.Graphics.MovableViewScreen3D} 121388 ms. Memory: 3035136K Free: 405506K (13%)
#Configuration.check: entity: ptolemy.actor.lib.image.ImageDisplay {.configuration.actor library.MoreLibraries.ImageProcessing.Generic.ImageDisplay} 121389 ms. Memory: 3035136K Free: 404996K (13%)
#Configuration.check: entity: ptolemy.actor.lib.image.ImageReader {.configuration.actor library.MoreLibraries.ImageProcessing.Generic.ImageReader} 121391 ms. Memory: 3035136K Free: 404996K (13%)
#Configuration.check: entity: ptolemy.actor.lib.image.ImageRotate {.configuration.actor library.MoreLibraries.ImageProcessing.Generic.ImageRotate} 121391 ms. Memory: 3035136K Free: 404482K (13%)
#Configuration.check: entity: ptolemy.actor.lib.image.ImageToString {.configuration.actor library.MoreLibraries.ImageProcessing.Generic.ImageToString} 121391 ms. Memory: 3035136K Free: 404482K (13%)
#Configuration.check: entity: ptolemy.actor.lib.image.URLToImage {.configuration.actor library.MoreLibraries.ImageProcessing.Generic.URLToImage} 121391 ms. Memory: 3035136K Free: 404482K (13%)
#Configuration.check: entity: ptolemy.domains.sdf.lib.vq.HTVQEncode {.configuration.actor library.MoreLibraries.ImageProcessing.VectorQuantization.HTVQEncode} 121391 ms. Memory: 3035136K Free: 404482K (13%)
#Configuration.check: entity: ptolemy.domains.sdf.lib.vq.ImageContrast {.configuration.actor library.MoreLibraries.ImageProcessing.VectorQuantization.ImageContrast} 121392 ms. Memory: 3035136K Free: 402692K (13%)
#Configuration.check: entity: ptolemy.domains.sdf.lib.vq.ImageDisplay {.configuration.actor library.MoreLibraries.ImageProcessing.VectorQuantization.ImageDisplay} 121392 ms. Memory: 3035136K Free: 402692K (13%)
#Configuration.check: entity: ptolemy.domains.sdf.lib.vq.ImagePartition {.configuration.actor library.MoreLibraries.ImageProcessing.VectorQuantization.ImagePartition} 121392 ms. Memory: 3035136K Free: 402692K (13%)
#Configuration.check: entity: ptolemy.domains.sdf.lib.vq.ImageSequence {.configuration.actor library.MoreLibraries.ImageProcessing.VectorQuantization.ImageSequence} 121393 ms. Memory: 3035136K Free: 402436K (13%)
#Configuration.check: entity: ptolemy.domains.sdf.lib.vq.ImageUnpartition {.configuration.actor library.MoreLibraries.ImageProcessing.VectorQuantization.ImageUnpartition} 121393 ms. Memory: 3035136K Free: 402436K (13%)
#Configuration.check: entity: ptolemy.domains.sdf.lib.vq.PSNR {.configuration.actor library.MoreLibraries.ImageProcessing.VectorQuantization.PSNR} 121394 ms. Memory: 3035136K Free: 402436K (13%)
#Configuration.check: entity: ptolemy.domains.sdf.lib.vq.VQDecode {.configuration.actor library.MoreLibraries.ImageProcessing.VectorQuantization.VQDecode} 121394 ms. Memory: 3035136K Free: 401924K (13%)
#Configuration.check: entity: ptolemy.vergil.actor.lib.LEDMatrix {.configuration.actor library.MoreLibraries.InteractiveIcons.LEDMatrix} 121394 ms. Memory: 3035136K Free: 401924K (13%)
#Configuration.check: entity: ptolemy.vergil.actor.lib.MonitorImage {.configuration.actor library.MoreLibraries.InteractiveIcons.MonitorImage} 121425 ms. Memory: 3035136K Free: 397300K (13%)
#Configuration.check: entity: ptolemy.actor.lib.conversions.json.JSONToToken {.configuration.actor library.MoreLibraries.JSON.JSONToToken} 121426 ms. Memory: 3035136K Free: 397300K (13%)
#Configuration.check: entity: ptolemy.actor.lib.conversions.json.TokenToJSON {.configuration.actor library.MoreLibraries.JSON.TokenToJSON} 121426 ms. Memory: 3035136K Free: 397300K (13%)
#Configuration.check: entity: org.ptolemy.machineLearning.clustering.KMeans {.configuration.actor library.MoreLibraries.MachineLearning.Clustering.KMeans} 121426 ms. Memory: 3035136K Free: 397300K (13%)
#Configuration.check: entity: org.ptolemy.machineLearning.hmm.HMMGaussianEstimator {.configuration.actor library.MoreLibraries.MachineLearning.HMM.HMMGaussianEstimator} 121427 ms. Memory: 3035136K Free: 396804K (13%)
#Configuration.check: entity: org.ptolemy.machineLearning.hmm.HMMExponentialEstimator {.configuration.actor library.MoreLibraries.MachineLearning.HMM.HMMExponentialEstimator} 121432 ms. Memory: 3035136K Free: 395266K (13%)
#Configuration.check: entity: org.ptolemy.machineLearning.hmm.HMMMultinomialEstimator {.configuration.actor library.MoreLibraries.MachineLearning.HMM.HMMMultinomialEstimator} 121436 ms. Memory: 3035136K Free: 394228K (13%)
#Configuration.check: entity: org.ptolemy.machineLearning.hmm.HMMGaussianClassifier {.configuration.actor library.MoreLibraries.MachineLearning.HMM.HMMGaussianClassifier} 121441 ms. Memory: 3035136K Free: 392708K (13%)
#Configuration.check: entity: org.ptolemy.machineLearning.hmm.HMMExponentialClassifier {.configuration.actor library.MoreLibraries.MachineLearning.HMM.HMMExponentialClassifier} 121445 ms. Memory: 3035136K Free: 391684K (13%)
#Configuration.check: entity: org.ptolemy.machineLearning.hmm.HMMMultinomialClassifier {.configuration.actor library.MoreLibraries.MachineLearning.HMM.HMMMultinomialClassifier} 121450 ms. Memory: 3035136K Free: 390660K (13%)
#Configuration.check: entity: org.ptolemy.machineLearning.hsmm.HSMMMultinomialEstimator {.configuration.actor library.MoreLibraries.MachineLearning.HSMM.HSMMMultinomialEstimator} 121455 ms. Memory: 3035136K Free: 389636K (13%)
#Configuration.check: entity: org.ptolemy.machineLearning.hsmm.HSMMTimeAwareMultinomialEstimator {.configuration.actor library.MoreLibraries.MachineLearning.HSMM.HSMMTimeAwareMultinomialEstimator} 121463 ms. Memory: 3035136K Free: 387588K (13%)
#Configuration.check: entity: org.ptolemy.machineLearning.hsmm.HSMMGaussianEstimator {.configuration.actor library.MoreLibraries.MachineLearning.HSMM.HSMMGaussianEstimator} 121472 ms. Memory: 3035136K Free: 384996K (13%)
#Configuration.check: entity: org.ptolemy.machineLearning.hsmm.HSMMGeneratorGaussianEmissions {.configuration.actor library.MoreLibraries.MachineLearning.HSMM.HSMMGeneratorGaussianEmissions} 121481 ms. Memory: 3035136K Free: 382468K (13%)
#Configuration.check: entity: org.ptolemy.machineLearning.hsmm.HSMMGeneratorMultinomialEmissions {.configuration.actor library.MoreLibraries.MachineLearning.HSMM.HSMMGeneratorMultinomialEmissions} 121484 ms. Memory: 3035136K Free: 381940K (13%)
#Configuration.check: entity: org.ptolemy.machineLearning.hsmm.HSMMTimeAwareGenerator {.configuration.actor library.MoreLibraries.MachineLearning.HSMM.HSMMTimeAwareGenerator} 121486 ms. Memory: 3035136K Free: 381444K (13%)
#Configuration.check: entity: org.ptolemy.ssm.GaussianMeasurementModel {.configuration.actor library.MoreLibraries.MachineLearning.StateSpaceModel.GaussianMeasurementModel} 121495 ms. Memory: 3035136K Free: 378852K (12%)
#Configuration.check: entity: org.ptolemy.ssm.Map {.configuration.actor library.MoreLibraries.MachineLearning.StateSpaceModel.Map} 121498 ms. Memory: 3035136K Free: 378372K (12%)
#Configuration.check: entity: org.ptolemy.ssm.StateSpaceModel {.configuration.actor library.MoreLibraries.MachineLearning.StateSpaceModel.StateSpaceModel} 121500 ms. Memory: 3035136K Free: 377348K (12%)
#Configuration.check: entity: ptolemy.actor.lib.mail.SendMail {.configuration.actor library.MoreLibraries.Mail.SendMail} 121503 ms. Memory: 3035136K Free: 376820K (12%)
#Configuration.check: entity: ptolemy.actor.lib.mbed.Accelerometer {.configuration.actor library.MoreLibraries.Mbed.Accelerometer} 121506 ms. Memory: 3035136K Free: 376322K (12%)
#Configuration.check: entity: ptolemy.actor.lib.mbed.CC3000Control {.configuration.actor library.MoreLibraries.Mbed.CC3000Control} 121507 ms. Memory: 3035136K Free: 375810K (12%)
#Configuration.check: entity: ptolemy.actor.lib.mbed.CC3000Module {.configuration.actor library.MoreLibraries.Mbed.CC3000Module} 121508 ms. Memory: 3035136K Free: 375300K (12%)
#Configuration.check: entity: ptolemy.actor.lib.mbed.GestureRecognition {.configuration.actor library.MoreLibraries.Mbed.GestureRecognition} 121509 ms. Memory: 3035136K Free: 375300K (12%)
#Configuration.check: entity: ptolemy.actor.lib.mbed.GPIOWriter {.configuration.actor library.MoreLibraries.Mbed.GPIOWriter} 121509 ms. Memory: 3035136K Free: 374786K (12%)
#Configuration.check: entity: ptolemy.actor.lib.mbed.HSBtoRGB {.configuration.actor library.MoreLibraries.Mbed.HSBtoRGB} 121510 ms. Memory: 3035136K Free: 374786K (12%)
#Configuration.check: entity: ptolemy.actor.lib.mbed.LEDCubeUpdate {.configuration.actor library.MoreLibraries.Mbed.LEDCubeUpdate} 121510 ms. Memory: 3035136K Free: 374786K (12%)
#Configuration.check: entity: ptolemy.actor.lib.mbed.NeoPixelLEDStrip {.configuration.actor library.MoreLibraries.Mbed.NeoPixelLEDStrip} 121512 ms. Memory: 3035136K Free: 374276K (12%)
#Configuration.check: entity: ptolemy.actor.lib.mbed.PacketToSensorData {.configuration.actor library.MoreLibraries.Mbed.PacketToSensorData} 121513 ms. Memory: 3035136K Free: 373762K (12%)
#Configuration.check: entity: ptolemy.actor.lib.mbed.SensorDataCalibration {.configuration.actor library.MoreLibraries.Mbed.SensorDataCalibration} 121514 ms. Memory: 3035136K Free: 373762K (12%)
#Configuration.check: entity: org.ptolemy.osc.OscReceiver {.configuration.actor library.MoreLibraries.OpenSoundControl.OscReceiver} 121515 ms. Memory: 3035136K Free: 373252K (12%)
#Configuration.check: entity: org.ptolemy.osc.OscSender {.configuration.actor library.MoreLibraries.OpenSoundControl.OscSender} 121516 ms. Memory: 3035136K Free: 373252K (12%)
#Configuration.check: entity: ptolemy.domains.petrinet.kernel.Place {.configuration.actor library.MoreLibraries.PetriNet.Place} 121518 ms. Memory: 3035136K Free: 372724K (12%)
#Configuration.check: entity: ptolemy.domains.ontologies.lib.UnitsConverter {.configuration.actor library.MoreLibraries.Ontologies.UnitsConverter} 121518 ms. Memory: 3035136K Free: 372724K (12%)
#Configuration.check: entity: ptolemy.actor.lib.python.PythonScript {.configuration.actor library.MoreLibraries.Python.PythonActor} 121518 ms. Memory: 3035136K Free: 372724K (12%)
#Configuration.check: entity: ptolemy.actor.lib.python.PythonScript {.configuration.actor library.MoreLibraries.Python.PythonScript} 121518 ms. Memory: 3035136K Free: 372724K (12%)
#Configuration.check: entity: ptolemy.actor.lib.Clock {.configuration.actor library.MoreLibraries.QuantizedState.PeriodicSampler.DiscreteClock} 121518 ms. Memory: 3035136K Free: 372724K (12%)
#Configuration.check: entity: ptolemy.actor.lib.Sampler {.configuration.actor library.MoreLibraries.QuantizedState.PeriodicSampler.Sampler} 121520 ms. Memory: 3035136K Free: 371700K (12%)
#Configuration.check: entity: ptolemy.domains.qss.kernel.QSSIntegrator {.configuration.actor library.MoreLibraries.QuantizedState.QSSIntegrator} 121520 ms. Memory: 3035136K Free: 371700K (12%)
#Configuration.check: entity: ptolemy.domains.qss.lib.SmoothSignal {.configuration.actor library.MoreLibraries.QuantizedState.SmoothSignal} 121522 ms. Memory: 3035136K Free: 371204K (12%)
#Configuration.check: entity: ptolemy.actor.lib.conversions.SmoothToDouble {.configuration.actor library.MoreLibraries.QuantizedState.SmoothToDouble} 121522 ms. Memory: 3035136K Free: 371204K (12%)
#Configuration.check: entity: ptolemy.domains.qss.lib.SmoothZeroCrossingDetector {.configuration.actor library.MoreLibraries.QuantizedState.SmoothZeroCrossingDetector} 121522 ms. Memory: 3035136K Free: 371204K (12%)
#Configuration.check: entity: ptolemy.actor.lib.r.RExpression {.configuration.actor library.MoreLibraries.R.RExpression} 121523 ms. Memory: 3035136K Free: 370690K (12%)
#Configuration.check: entity: ptolemy.actor.lib.r.RExpression2 {.configuration.actor library.MoreLibraries.R.RExpression2} 121524 ms. Memory: 3035136K Free: 370690K (12%)
#Configuration.check: entity: ptolemy.actor.lib.GetCausalityInterface {.configuration.actor library.MoreLibraries.RegressionTest.GetCausalityInterface} 121524 ms. Memory: 3035136K Free: 370180K (12%)
#Configuration.check: entity: ptolemy.actor.lib.CurrentMicrostep {.configuration.actor library.MoreLibraries.RegressionTest.CurrentMicrostep} 121525 ms. Memory: 3035136K Free: 370180K (12%)
#Configuration.check: entity: ptolemy.actor.lib.NonStrictTest {.configuration.actor library.MoreLibraries.RegressionTest.NonStrictTest} 121525 ms. Memory: 3035136K Free: 370180K (12%)
#Configuration.check: entity: ptolemy.actor.lib.Test {.configuration.actor library.MoreLibraries.RegressionTest.Test} 121525 ms. Memory: 3035136K Free: 369636K (12%)
#Configuration.check: entity: ptolemy.domains.de.lib.TestActorPortDepth {.configuration.actor library.MoreLibraries.RegressionTest.TestActorPortDepth} 121526 ms. Memory: 3035136K Free: 369156K (12%)
#Configuration.check: entity: ptolemy.actor.lib.TypeTest {.configuration.actor library.MoreLibraries.RegressionTest.TypeTest} 121526 ms. Memory: 3035136K Free: 369156K (12%)
#Configuration.check: entity: ptolemy.actor.lib.security.KeyWriter {.configuration.actor library.MoreLibraries.Security.KeyWriter} 121526 ms. Memory: 3035136K Free: 369156K (12%)
#Configuration.check: entity: ptolemy.actor.lib.security.PublicKeyReader {.configuration.actor library.MoreLibraries.Security.PublicKeyReader} 121528 ms. Memory: 3035136K Free: 368642K (12%)
#Configuration.check: entity: ptolemy.actor.lib.security.PrivateKeyReader {.configuration.actor library.MoreLibraries.Security.PrivateKeyReader} 121529 ms. Memory: 3035136K Free: 368132K (12%)
#Configuration.check: entity: ptolemy.actor.lib.security.SecretKey {.configuration.actor library.MoreLibraries.Security.SecretKey} 121531 ms. Memory: 3035136K Free: 367108K (12%)
#Configuration.check: entity: ptolemy.actor.lib.security.SecretKeyReader {.configuration.actor library.MoreLibraries.Security.SecretKeyReader} 121531 ms. Memory: 3035136K Free: 367108K (12%)
#Configuration.check: entity: ptolemy.actor.lib.security.SignatureSigner {.configuration.actor library.MoreLibraries.Security.SignatureSigner} 121533 ms. Memory: 3035136K Free: 366580K (12%)
#Configuration.check: entity: ptolemy.actor.lib.security.SignatureVerifier {.configuration.actor library.MoreLibraries.Security.SignatureVerifier} 121533 ms. Memory: 3035136K Free: 366084K (12%)
#Configuration.check: entity: ptolemy.actor.lib.security.SymmetricDecryption {.configuration.actor library.MoreLibraries.Security.SymmetricDecryption} 121533 ms. Memory: 3035136K Free: 366084K (12%)
#Configuration.check: entity: ptolemy.actor.lib.security.SymmetricEncryption {.configuration.actor library.MoreLibraries.Security.SymmetricEncryption} 121534 ms. Memory: 3035136K Free: 366084K (12%)
#Configuration.check: entity: ptolemy.actor.lib.security.SymmetricCrypto {.configuration.actor library.MoreLibraries.Security.SymmetricCrypto} 121534 ms. Memory: 3035136K Free: 365556K (12%)
#Configuration.check: entity: ptolemy.domains.wireless.lib.CollisionDetector {.configuration.actor library.MoreLibraries.Wireless.WirelessActors.CollisionDetector} 121536 ms. Memory: 3035136K Free: 365060K (12%)
#Configuration.check: entity: ptolemy.domains.wireless.lib.GetProperties {.configuration.actor library.MoreLibraries.Wireless.WirelessActors.GetProperties} 121536 ms. Memory: 3035136K Free: 365060K (12%)
#Configuration.check: entity: ptolemy.domains.wireless.lib.GraphicalLocator {.configuration.actor library.MoreLibraries.Wireless.WirelessActors.GraphicalLocator} 121536 ms. Memory: 3035136K Free: 365060K (12%)
#Configuration.check: entity: ptolemy.domains.wireless.lib.Locator {.configuration.actor library.MoreLibraries.Wireless.WirelessActors.Locator} 121538 ms. Memory: 3035136K Free: 364546K (12%)
#Configuration.check: entity: ptolemy.domains.wireless.lib.NodeRandomizer {.configuration.actor library.MoreLibraries.Wireless.WirelessActors.NodeRandomizer} 121539 ms. Memory: 3035136K Free: 364036K (12%)
#Configuration.check: entity: ptolemy.domains.wireless.lib.TerrainProperty {.configuration.actor library.MoreLibraries.Wireless.WirelessActors.TerrainProperty} 121540 ms. Memory: 3035136K Free: 363508K (12%)
#Configuration.check: entity: ptolemy.domains.wireless.lib.LinkVisualizer {.configuration.actor library.MoreLibraries.Wireless.WirelessActors.LinkVisualizer} 121540 ms. Memory: 3035136K Free: 363508K (12%)
#Configuration.check: entity: ptolemy.domains.wireless.lib.Triangulator {.configuration.actor library.MoreLibraries.Wireless.WirelessActors.Triangulator} 121541 ms. Memory: 3035136K Free: 363012K (12%)
#Configuration.check: entity: ptolemy.domains.wireless.lib.WiredToWireless {.configuration.actor library.MoreLibraries.Wireless.WirelessActors.WiredToWireless} 121542 ms. Memory: 3035136K Free: 362498K (12%)
#Configuration.check: entity: ptolemy.domains.wireless.lib.WirelessToWired {.configuration.actor library.MoreLibraries.Wireless.WirelessActors.WirelessToWired} 121543 ms. Memory: 3035136K Free: 362498K (12%)
#Configuration.check: entity: ptolemy.domains.wireless.kernel.AtomicWirelessChannel {.configuration.actor library.MoreLibraries.Wireless.WirelessChannels.AtomicWirelessChannel} 121543 ms. Memory: 3035136K Free: 362498K (12%)
#Configuration.check: entity: ptolemy.domains.wireless.lib.DelayChannel {.configuration.actor library.MoreLibraries.Wireless.WirelessChannels.DelayChannel} 121543 ms. Memory: 3035136K Free: 362498K (12%)
#Configuration.check: entity: ptolemy.domains.wireless.lib.LimitedRangeChannel {.configuration.actor library.MoreLibraries.Wireless.WirelessChannels.LimitedRangeChannel} 121544 ms. Memory: 3035136K Free: 361988K (12%)
#Configuration.check: entity: ptolemy.domains.wireless.lib.ErasureChannel {.configuration.actor library.MoreLibraries.Wireless.WirelessChannels.ErasureChannel} 121545 ms. Memory: 3035136K Free: 361444K (12%)
#Configuration.check: entity: ptolemy.domains.wireless.lib.PowerLossChannel {.configuration.actor library.MoreLibraries.Wireless.WirelessChannels.PowerLossChannel} 121546 ms. Memory: 3035136K Free: 361444K (12%)
#Configuration.check: entity: ptolemy.actor.lib.conversions.StringToXML {.configuration.actor library.MoreLibraries.XML.StringToXML} 121547 ms. Memory: 3035136K Free: 360964K (12%)
#Configuration.check: entity: ptolemy.actor.lib.xslt.XSLTransformer {.configuration.actor library.MoreLibraries.XML.XSLTransformer} 121547 ms. Memory: 3035136K Free: 360964K (12%)
#Configuration.check: entity: ptolemy.actor.lib.xslt.XMLInclusion {.configuration.actor library.MoreLibraries.XML.XMLInclusion} 121548 ms. Memory: 3035136K Free: 360964K (12%)
#Configuration.check: entity: ptolemy.actor.gt.controller.InitModel {.configuration.effigyFactory.Model Transformation.blank._Controller.InitModel} 121548 ms. Memory: 3035136K Free: 360450K (12%)
#Configuration.check: entity: ptolemy.actor.lib.CurrentTime {.configuration.actor library.Actors.Sources.TimedSources.TriggeredSinewave.CurrentTime} 121549 ms. Memory: 3035136K Free: 360450K (12%)
#Configuration.check: entity: ptolemy.actor.lib.Scale {.configuration.actor library.Actors.Sources.TimedSources.TriggeredSinewave.Frequency} 121549 ms. Memory: 3035136K Free: 360450K (12%)
#Configuration.check: entity: ptolemy.actor.lib.TrigFunction {.configuration.actor library.Actors.Sources.TimedSources.TriggeredSinewave.Sin} 121550 ms. Memory: 3035136K Free: 359940K (12%)
#Configuration.check: entity: ptolemy.actor.lib.Const {.configuration.actor library.Actors.Sources.TimedSources.TriggeredSinewave.Phase} 121550 ms. Memory: 3035136K Free: 359940K (12%)
#Configuration.check: entity: ptolemy.actor.lib.AddSubtract {.configuration.actor library.Actors.Sources.TimedSources.TriggeredSinewave.Add} 121550 ms. Memory: 3035136K Free: 359940K (12%)
#Configuration.check: entity: ptolemy.actor.lib.Scale {.configuration.actor library.Actors.Sources.TimedSources.TriggeredSinewave.Magnitude} 121551 ms. Memory: 3035136K Free: 359940K (12%)
#Configuration.check: entity: ptolemy.actor.lib.Ramp {.configuration.actor library.Actors.Sources.SequenceSources.Sinewave.Ramp} 121551 ms. Memory: 3035136K Free: 359426K (12%)
#Configuration.check: entity: ptolemy.actor.lib.TrigFunction {.configuration.actor library.Actors.Sources.SequenceSources.Sinewave.TrigFunction} 121552 ms. Memory: 3035136K Free: 358916K (12%)
#Configuration.check: entity: ptolemy.actor.lib.Const {.configuration.actor library.Actors.Sources.SequenceSources.Sinewave.Const} 121553 ms. Memory: 3035136K Free: 358916K (12%)
#Configuration.check: entity: ptolemy.actor.lib.AddSubtract {.configuration.actor library.Actors.Sources.SequenceSources.Sinewave.AddSubtract} 121553 ms. Memory: 3035136K Free: 358916K (12%)
#Configuration.check: entity: ptolemy.actor.lib.Pulse {.configuration.actor library.Actors.SignalProcessing.Spectrum.MaximumEntropySpectrum.Pulse} 121554 ms. Memory: 3035136K Free: 358916K (12%)
#Configuration.check: entity: ptolemy.actor.lib.MultiplyDivide {.configuration.actor library.Actors.SignalProcessing.Spectrum.MaximumEntropySpectrum.MultiplyDivide} 121556 ms. Memory: 3035136K Free: 357892K (12%)
#Configuration.check: entity: ptolemy.domains.sdf.lib.Autocorrelation {.configuration.actor library.Actors.SignalProcessing.Spectrum.MaximumEntropySpectrum.Autocorrelation} 121556 ms. Memory: 3035136K Free: 357892K (12%)
#Configuration.check: entity: ptolemy.actor.lib.LevinsonDurbin {.configuration.actor library.Actors.SignalProcessing.Spectrum.MaximumEntropySpectrum.LevinsonDurbin} 121558 ms. Memory: 3035136K Free: 357364K (12%)
#Configuration.check: entity: ptolemy.actor.lib.ArrayAppend {.configuration.actor library.Actors.SignalProcessing.Spectrum.MaximumEntropySpectrum.ArrayAppend} 121558 ms. Memory: 3035136K Free: 357364K (12%)
#Configuration.check: entity: ptolemy.domains.sdf.lib.ArrayToSequence {.configuration.actor library.Actors.SignalProcessing.Spectrum.MaximumEntropySpectrum.ArrayToSequence} 121559 ms. Memory: 3035136K Free: 356868K (12%)
#Configuration.check: entity: ptolemy.domains.sdf.lib.FFT {.configuration.actor library.Actors.SignalProcessing.Spectrum.MaximumEntropySpectrum.FFT} 121562 ms. Memory: 3035136K Free: 355844K (12%)
#Configuration.check: entity: ptolemy.actor.lib.AbsoluteValue {.configuration.actor library.Actors.SignalProcessing.Spectrum.MaximumEntropySpectrum.AbsoluteValue} 121565 ms. Memory: 3035136K Free: 355330K (12%)
#Configuration.check: entity: ptolemy.actor.lib.MultiplyDivide {.configuration.actor library.Actors.SignalProcessing.Spectrum.MaximumEntropySpectrum.MultiplyDivide2} 121565 ms. Memory: 3035136K Free: 355330K (12%)
#Configuration.check: entity: ptolemy.actor.lib.DB {.configuration.actor library.Actors.SignalProcessing.Spectrum.MaximumEntropySpectrum.DB} 121565 ms. Memory: 3035136K Free: 355330K (12%)
#Configuration.check: entity: ptolemy.actor.lib.ArrayElement {.configuration.actor library.Actors.SignalProcessing.Spectrum.MaximumEntropySpectrum.ArrayElement} 121566 ms. Memory: 3035136K Free: 354820K (12%)
#Configuration.check: entity: ptolemy.domains.sdf.lib.Repeat {.configuration.actor library.Actors.SignalProcessing.Spectrum.MaximumEntropySpectrum.Repeat} 121568 ms. Memory: 3035136K Free: 354276K (12%)
#Configuration.check: entity: ptolemy.domains.sdf.lib.Chop {.configuration.actor library.Actors.SignalProcessing.Spectrum.MaximumEntropySpectrum.Chop} 121574 ms. Memory: 3035136K Free: 353282K (12%)
#Configuration.check: entity: ptolemy.actor.lib.MathFunction {.configuration.actor library.Actors.SignalProcessing.Spectrum.MaximumEntropySpectrum.MathFunction} 121577 ms. Memory: 3035136K Free: 352258K (12%)
#Configuration.check: entity: ptolemy.actor.lib.Const {.configuration.actor library.Actors.SignalProcessing.Spectrum.MaximumEntropySpectrum.Const} 121577 ms. Memory: 3035136K Free: 352258K (12%)
#Configuration.check: entity: ptolemy.actor.lib.MultiplyDivide {.configuration.actor library.Actors.SignalProcessing.Spectrum.SmoothedPeriodogram.Multiply} 121578 ms. Memory: 3035136K Free: 352258K (12%)
#Configuration.check: entity: ptolemy.domains.sdf.lib.FFT {.configuration.actor library.Actors.SignalProcessing.Spectrum.SmoothedPeriodogram.FFT} 121578 ms. Memory: 3035136K Free: 352258K (12%)
#Configuration.check: entity: ptolemy.actor.lib.DB {.configuration.actor library.Actors.SignalProcessing.Spectrum.SmoothedPeriodogram.DB} 121581 ms. Memory: 3035136K Free: 351228K (12%)
#Configuration.check: entity: ptolemy.actor.lib.AbsoluteValue {.configuration.actor library.Actors.SignalProcessing.Spectrum.SmoothedPeriodogram.AbsoluteValue0} 121582 ms. Memory: 3035136K Free: 351228K (12%)
#Configuration.check: entity: ptolemy.domains.sdf.lib.Autocorrelation {.configuration.actor library.Actors.SignalProcessing.Spectrum.SmoothedPeriodogram.Autocorrelation} 121582 ms. Memory: 3035136K Free: 350724K (12%)
#Configuration.check: entity: ptolemy.domains.sdf.lib.Chop {.configuration.actor library.Actors.SignalProcessing.Spectrum.SmoothedPeriodogram.Chop} 121587 ms. Memory: 3035136K Free: 350210K (12%)
#Configuration.check: entity: ptolemy.domains.sdf.lib.ArrayToSequence {.configuration.actor library.Actors.SignalProcessing.Spectrum.SmoothedPeriodogram.ArrayToSequence} 121592 ms. Memory: 3035136K Free: 349700K (12%)
#Configuration.check: entity: ptolemy.actor.lib.Sequence {.configuration.actor library.Actors.SignalProcessing.Spectrum.SmoothedPeriodogram.Sequence} 121595 ms. Memory: 3035136K Free: 348676K (11%)
#Configuration.check: entity: ptolemy.actor.lib.MultiplyDivide {.configuration.actor library.Actors.SignalProcessing.Spectrum.Spectrum.Multiply} 121606 ms. Memory: 3035136K Free: 348162K (11%)
#Configuration.check: entity: ptolemy.domains.sdf.lib.FFT {.configuration.actor library.Actors.SignalProcessing.Spectrum.Spectrum.FFT} 121606 ms. Memory: 3035136K Free: 348162K (11%)
#Configuration.check: entity: ptolemy.actor.lib.DB {.configuration.actor library.Actors.SignalProcessing.Spectrum.Spectrum.DB} 121609 ms. Memory: 3035136K Free: 347652K (11%)
#Configuration.check: entity: ptolemy.actor.lib.AbsoluteValue {.configuration.actor library.Actors.SignalProcessing.Spectrum.Spectrum.AbsoluteValue0} 121610 ms. Memory: 3035136K Free: 347138K (11%)
#Configuration.check: entity: ptolemy.actor.lib.Scale {.configuration.actor library.Actors.SignalProcessing.Spectrum.Spectrum.Scale} 121611 ms. Memory: 3035136K Free: 347138K (11%)
#Configuration.check: entity: ptolemy.actor.lib.Sequence {.configuration.actor library.Actors.SignalProcessing.Spectrum.Spectrum.Sequence} 121611 ms. Memory: 3035136K Free: 347138K (11%)
#Configuration.check: entity: ptolemy.actor.lib.CurrentTime {.configuration.actor library.Actors.DomainSpecific.Continuous.Signal Generators.ContinuousSinewave.CurrentTime} 121612 ms. Memory: 3035136K Free: 346628K (11%)
#Configuration.check: entity: ptolemy.actor.lib.Scale {.configuration.actor library.Actors.DomainSpecific.Continuous.Signal Generators.ContinuousSinewave.Frequency} 121613 ms. Memory: 3035136K Free: 346628K (11%)
#Configuration.check: entity: ptolemy.actor.lib.TrigFunction {.configuration.actor library.Actors.DomainSpecific.Continuous.Signal Generators.ContinuousSinewave.Sin} 121614 ms. Memory: 3035136K Free: 346114K (11%)
#Configuration.check: entity: ptolemy.actor.lib.Const {.configuration.actor library.Actors.DomainSpecific.Continuous.Signal Generators.ContinuousSinewave.Phase} 121614 ms. Memory: 3035136K Free: 346114K (11%)
#Configuration.check: entity: ptolemy.actor.lib.AddSubtract {.configuration.actor library.Actors.DomainSpecific.Continuous.Signal Generators.ContinuousSinewave.Add} 121614 ms. Memory: 3035136K Free: 345604K (11%)
#Configuration.check: entity: ptolemy.actor.lib.Scale {.configuration.actor library.Actors.DomainSpecific.Continuous.Signal Generators.ContinuousSinewave.Magnitude} 121615 ms. Memory: 3035136K Free: 345604K (11%)
#Configuration.check: entity: ptolemy.domains.continuous.lib.ZeroOrderHold {.configuration.actor library.Actors.DomainSpecific.Continuous.Signal Generators.PWM.ZeroOrderHold} 121615 ms. Memory: 3035136K Free: 345604K (11%)
#Configuration.check: entity: ptolemy.domains.modal.kernel.State {.configuration.actor library.Actors.DomainSpecific.Continuous.Signal Generators.PWM.Controller._Controller.on} 121615 ms. Memory: 3035136K Free: 345604K (11%)
#Configuration.check: entity: ptolemy.domains.modal.kernel.State {.configuration.actor library.Actors.DomainSpecific.Continuous.Signal Generators.PWM.Controller._Controller.off} 121615 ms. Memory: 3035136K Free: 345604K (11%)
#Configuration.check: entity: ptolemy.domains.modal.kernel.State {.configuration.actor library.Actors.DomainSpecific.Continuous.Signal Generators.PWM.Controller._Controller.start} 121615 ms. Memory: 3035136K Free: 345604K (11%)
#Configuration.check: entity: ptolemy.actor.lib.gui.SequencePlotter {.configuration.actor library.Actors.DomainSpecific.Continuous.Random.ContinuousSpectrum.Frequency Domain Display} 121615 ms. Memory: 3035136K Free: 345604K (11%)
#Configuration.check: entity: ptolemy.actor.lib.MultiplyDivide {.configuration.actor library.Actors.DomainSpecific.Continuous.Random.ContinuousSpectrum.Periodogram.Multiply} 121617 ms. Memory: 3035136K Free: 345084K (11%)
#Configuration.check: entity: ptolemy.actor.lib.Pulse {.configuration.actor library.Actors.DomainSpecific.Continuous.Random.ContinuousSpectrum.Periodogram.Waveform} 121617 ms. Memory: 3035136K Free: 344580K (11%)
#Configuration.check: entity: ptolemy.domains.sdf.lib.FFT {.configuration.actor library.Actors.DomainSpecific.Continuous.Random.ContinuousSpectrum.Periodogram.FFT} 121628 ms. Memory: 3035136K Free: 344066K (11%)
#Configuration.check: entity: ptolemy.actor.lib.DB {.configuration.actor library.Actors.DomainSpecific.Continuous.Random.ContinuousSpectrum.Periodogram.DB} 121632 ms. Memory: 3035136K Free: 343042K (11%)
#Configuration.check: entity: ptolemy.actor.lib.AbsoluteValue {.configuration.actor library.Actors.DomainSpecific.Continuous.Random.ContinuousSpectrum.Periodogram.AbsoluteValue0} 121633 ms. Memory: 3035136K Free: 343042K (11%)
#Configuration.check: entity: ptolemy.actor.lib.Scale {.configuration.actor library.Actors.DomainSpecific.Continuous.Random.ContinuousSpectrum.Periodogram.Scale} 121634 ms. Memory: 3035136K Free: 342532K (11%)
#Configuration.check: entity: ptolemy.actor.lib.aspect.CommunicationRequestPort {.configuration.actor library.MoreLibraries.Aspects.CompositeCommunicationAspect.CommunicationRequestPort} 121635 ms. Memory: 3035136K Free: 342532K (11%)
#Configuration.check: entity: ptolemy.actor.lib.aspect.CommunicationResponsePort {.configuration.actor library.MoreLibraries.Aspects.CompositeCommunicationAspect.CommunicationResponsePort} 121637 ms. Memory: 3035136K Free: 342018K (11%)
#Configuration.check: entity: ptolemy.actor.lib.aspect.ExecutionRequestPort {.configuration.actor library.MoreLibraries.Aspects.CompositeExecutionAspect.ExecutionRequestPort} 121638 ms. Memory: 3035136K Free: 341508K (11%)
#Configuration.check: entity: ptolemy.actor.lib.aspect.ExecutionResponsePort {.configuration.actor library.MoreLibraries.Aspects.CompositeExecutionAspect.ExecutionResponsePort} 121640 ms. Memory: 3035136K Free: 341508K (11%)
#Configuration.check: entity: ptolemy.actor.gt.controller.InitModelWithContainer {.configuration.actor library.MoreLibraries.GraphTransformation.ModelUpdater._Controller.InitModelWithContainer} 121641 ms. Memory: 3035136K Free: 340994K (11%)
#Configuration.check: entity: ptolemy.actor.gt.controller.InitModel {.configuration.actor library.MoreLibraries.GraphTransformation.TransformationController._Controller.InitModel} 121641 ms. Memory: 3035136K Free: 340994K (11%)
#Configuration.check: entity: ptolemy.actor.gt.controller.InputModel {.configuration.actor library.MoreLibraries.GraphTransformation.TransformationController._Controller.InputModel} 121641 ms. Memory: 3035136K Free: 340994K (11%)
#Configuration.check: entity: ptolemy.actor.gt.controller.OutputModel {.configuration.actor library.MoreLibraries.GraphTransformation.TransformationController._Controller.OutputModel} 121641 ms. Memory: 3035136K Free: 340994K (11%)
#Configuration.check: entity: ptolemy.actor.lib.Expression {.configuration.actor library.MoreLibraries.MachineLearning.ParticleFilter.CollaborativeRangeParticleFilter.x_update} 121641 ms. Memory: 3035136K Free: 340994K (11%)
#Configuration.check: entity: ptolemy.actor.lib.Expression {.configuration.actor library.MoreLibraries.MachineLearning.ParticleFilter.CollaborativeRangeParticleFilter.y_update} 121641 ms. Memory: 3035136K Free: 340994K (11%)
#Configuration.check: entity: ptolemy.actor.lib.Expression {.configuration.actor library.MoreLibraries.MachineLearning.ParticleFilter.CollaborativeRangeParticleFilter.range0_m_equation} 121642 ms. Memory: 3035136K Free: 340484K (11%)
#Configuration.check: entity: ptolemy.actor.lib.Expression {.configuration.actor library.MoreLibraries.MachineLearning.ParticleFilter.CollaborativeRangeParticleFilter.range0_m_covariance} 121643 ms. Memory: 3035136K Free: 340484K (11%)
#Configuration.check: entity: ptolemy.actor.lib.SetVariable {.configuration.actor library.MoreLibraries.MachineLearning.ParticleFilter.CollaborativeRangeParticleFilter.setrange0_m} 121644 ms. Memory: 3035136K Free: 340484K (11%)
#Configuration.check: entity: ptolemy.actor.lib.Expression {.configuration.actor library.MoreLibraries.MachineLearning.ParticleFilter.CollaborativeRangeParticleFilter.range1_m_equation} 121644 ms. Memory: 3035136K Free: 339940K (11%)
#Configuration.check: entity: ptolemy.actor.lib.Expression {.configuration.actor library.MoreLibraries.MachineLearning.ParticleFilter.CollaborativeRangeParticleFilter.range1_m_covariance} 121645 ms. Memory: 3035136K Free: 339940K (11%)
#Configuration.check: entity: ptolemy.actor.lib.SetVariable {.configuration.actor library.MoreLibraries.MachineLearning.ParticleFilter.CollaborativeRangeParticleFilter.setrange1_m} 121646 ms. Memory: 3035136K Free: 339940K (11%)
#Configuration.check: entity: ptolemy.actor.lib.Expression {.configuration.actor library.MoreLibraries.MachineLearning.ParticleFilter.CollaborativeRangeParticleFilter.range2_m_equation} 121646 ms. Memory: 3035136K Free: 339460K (11%)
#Configuration.check: entity: ptolemy.actor.lib.Expression {.configuration.actor library.MoreLibraries.MachineLearning.ParticleFilter.CollaborativeRangeParticleFilter.range2_m_covariance} 121647 ms. Memory: 3035136K Free: 339460K (11%)
#Configuration.check: entity: ptolemy.actor.lib.SetVariable {.configuration.actor library.MoreLibraries.MachineLearning.ParticleFilter.CollaborativeRangeParticleFilter.setrange2_m} 121647 ms. Memory: 3035136K Free: 339460K (11%)
#Configuration.check: entity: ptolemy.actor.lib.Expression {.configuration.actor library.MoreLibraries.MachineLearning.ParticleFilter.CollaborativeRangeParticleFilter.range3_m_equation} 121648 ms. Memory: 3035136K Free: 339460K (11%)
#Configuration.check: entity: ptolemy.actor.lib.Expression {.configuration.actor library.MoreLibraries.MachineLearning.ParticleFilter.CollaborativeRangeParticleFilter.range3_m_covariance} 121649 ms. Memory: 3035136K Free: 338946K (11%)
#Configuration.check: entity: ptolemy.actor.lib.SetVariable {.configuration.actor library.MoreLibraries.MachineLearning.ParticleFilter.CollaborativeRangeParticleFilter.setrange3_m} 121649 ms. Memory: 3035136K Free: 338946K (11%)
#Configuration.check: entity: ptolemy.actor.lib.AddSubtract {.configuration.actor library.MoreLibraries.Optimization.TrajectoryOptimizer.OptimizerComposite.AddSubtract} 121650 ms. Memory: 3035136K Free: 338946K (11%)
#Configuration.check: entity: ptolemy.actor.lib.Expression {.configuration.actor library.MoreLibraries.Optimization.TrajectoryOptimizer.OptimizerComposite.Constraints} 121650 ms. Memory: 3035136K Free: 338946K (11%)
#Configuration.check: entity: ptolemy.actor.lib.Expression {.configuration.actor library.MoreLibraries.Optimization.TrajectoryOptimizer.OptimizerComposite.CostFunction} 121651 ms. Memory: 3035136K Free: 338436K (11%)
#1572072736958 ms. Memory: 3035136K Free: 337922K (11%)
Setting containers of atomic entities to null
checkFullConstraints.tcl done!
10/26/19 06:52:17
Failed: 0  Total Tests: 1  ((Passed: 1, Newly Passed: 0)  Known Failed: 0) /home/travis/build/icyphy/ptII/ptolemy/configs/test/constraints/test
No auto/knownFailedTests/*.xml tests in /home/travis/build/icyphy/ptII/ptolemy/configs/test/constraints/test
No auto/linux-amd64/*.xml tests in /home/travis/build/icyphy/ptII/ptolemy/configs/test/constraints/test
AutoTests.java: About to close Vertx.
AutoTests.java: Vertx closed.
No auto/*.xml tests in /home/travis/build/icyphy/ptII/ptolemy/configs/test/constraints/test
AutoTests.java: About to close Vertx.
AutoTests.java: Vertx closed.
]]></system-out>
  <system-err><![CDATA[Warning: Nashorn engine is planned to be removed from a future JDK release
Warning: Nashorn engine is planned to be removed from a future JDK release
Warning: Nashorn engine is planned to be removed from a future JDK release
Warning: Nashorn engine is planned to be removed from a future JDK release
Warning: Nashorn engine is planned to be removed from a future JDK release
Warning: Nashorn engine is planned to be removed from a future JDK release
Warning: Nashorn engine is planned to be removed from a future JDK release
Warning: Nashorn engine is planned to be removed from a future JDK release
Warning: Nashorn engine is planned to be removed from a future JDK release
Warning: Nashorn engine is planned to be removed from a future JDK release
Warning: Nashorn engine is planned to be removed from a future JDK release
Warning: Nashorn engine is planned to be removed from a future JDK release
Warning: Nashorn engine is planned to be removed from a future JDK release
Warning: Nashorn engine is planned to be removed from a future JDK release
Warning: Nashorn engine is planned to be removed from a future JDK release
Warning: Nashorn engine is planned to be removed from a future JDK release
Loaded /home/travis/build/icyphy/ptII/vendors/javafx/javafx-sdk-11.0.2/lib/./libprism_es2.so from relative path
Failed Graphics Hardware Qualifier check.
System GPU doesn't meet the es2 pipe requirement
GraphicsPipeline.createPipeline: error initializing pipeline com.sun.prism.es2.ES2Pipeline
*** Fallback to Prism SW pipeline
Loaded /home/travis/build/icyphy/ptII/vendors/javafx/javafx-sdk-11.0.2/lib/./libprism_sw.so from relative path
JavaFX: using com.sun.javafx.tk.quantum.QuantumToolkit
Loaded /home/travis/build/icyphy/ptII/vendors/javafx/javafx-sdk-11.0.2/lib/./libglass.so from relative path
Loaded /home/travis/build/icyphy/ptII/vendors/javafx/javafx-sdk-11.0.2/lib/./libglassgtk3.so from relative path
 vsync: true vpipe: false
Warning: Nashorn engine is planned to be removed from a future JDK release
Warning: Nashorn engine is planned to be removed from a future JDK release
Warning: Nashorn engine is planned to be removed from a future JDK release
Warning: Nashorn engine is planned to be removed from a future JDK release
Warning: Nashorn engine is planned to be removed from a future JDK release
Warning: Nashorn engine is planned to be removed from a future JDK release
Warning: Nashorn engine is planned to be removed from a future JDK release
Warning: Nashorn engine is planned to be removed from a future JDK release
Warning: Nashorn engine is planned to be removed from a future JDK release
[main] INFO com.github.sarxos.webcam.Webcam - WebcamDefaultDriver capture driver will be used
Warning: Nashorn engine is planned to be removed from a future JDK release
Warning: Nashorn engine is planned to be removed from a future JDK release
Warning: Nashorn engine is planned to be removed from a future JDK release
Warning: Nashorn engine is planned to be removed from a future JDK release
Warning: Nashorn engine is planned to be removed from a future JDK release
Warning: Nashorn engine is planned to be removed from a future JDK release
Warning: Nashorn engine is planned to be removed from a future JDK release
Warning: Nashorn engine is planned to be removed from a future JDK release
Warning: Nashorn engine is planned to be removed from a future JDK release
Warning: Nashorn engine is planned to be removed from a future JDK release
Warning: Nashorn engine is planned to be removed from a future JDK release
Warning: Nashorn engine is planned to be removed from a future JDK release
Warning: Nashorn engine is planned to be removed from a future JDK release
Warning: Nashorn engine is planned to be removed from a future JDK release
Warning: Nashorn engine is planned to be removed from a future JDK release
Warning: Nashorn engine is planned to be removed from a future JDK release
Warning: Nashorn engine is planned to be removed from a future JDK release
Warning: Nashorn engine is planned to be removed from a future JDK release
Warning: Nashorn engine is planned to be removed from a future JDK release
Warning: Nashorn engine is planned to be removed from a future JDK release
Warning: Nashorn engine is planned to be removed from a future JDK release
Warning: Nashorn engine is planned to be removed from a future JDK release
Warning: Nashorn engine is planned to be removed from a future JDK release
Warning: Nashorn engine is planned to be removed from a future JDK release
Warning: Nashorn engine is planned to be removed from a future JDK release
Warning: Nashorn engine is planned to be removed from a future JDK release
Warning: Nashorn engine is planned to be removed from a future JDK release
Warning: Nashorn engine is planned to be removed from a future JDK release
Warning: Nashorn engine is planned to be removed from a future JDK release
Warning: Nashorn engine is planned to be removed from a future JDK release
Warning: Nashorn engine is planned to be removed from a future JDK release
Warning: Nashorn engine is planned to be removed from a future JDK release
Warning: Nashorn engine is planned to be removed from a future JDK release
Warning: Nashorn engine is planned to be removed from a future JDK release
Warning: Nashorn engine is planned to be removed from a future JDK release
Warning: Nashorn engine is planned to be removed from a future JDK release
Warning: Nashorn engine is planned to be removed from a future JDK release
Warning: Nashorn engine is planned to be removed from a future JDK release
Warning: Nashorn engine is planned to be removed from a future JDK release
Warning: Nashorn engine is planned to be removed from a future JDK release
Warning: Nashorn engine is planned to be removed from a future JDK release
Warning: Nashorn engine is planned to be removed from a future JDK release
Warning: Nashorn engine is planned to be removed from a future JDK release
Warning: Nashorn engine is planned to be removed from a future JDK release
Warning: Nashorn engine is planned to be removed from a future JDK release
Warning: Nashorn engine is planned to be removed from a future JDK release
Warning: Nashorn engine is planned to be removed from a future JDK release
Warning: Nashorn engine is planned to be removed from a future JDK release
Warning: Nashorn engine is planned to be removed from a future JDK release
Warning: Nashorn engine is planned to be removed from a future JDK release
Warning: Nashorn engine is planned to be removed from a future JDK release
Warning: Nashorn engine is planned to be removed from a future JDK release
Warning: Nashorn engine is planned to be removed from a future JDK release
Warning: Nashorn engine is planned to be removed from a future JDK release
Warning: Nashorn engine is planned to be removed from a future JDK release
Warning: Nashorn engine is planned to be removed from a future JDK release
Warning: Nashorn engine is planned to be removed from a future JDK release
Warning: Nashorn engine is planned to be removed from a future JDK release
Warning: Nashorn engine is planned to be removed from a future JDK release
Warning: Nashorn engine is planned to be removed from a future JDK release
Warning: Nashorn engine is planned to be removed from a future JDK release
Warning: Nashorn engine is planned to be removed from a future JDK release
Warning: Nashorn engine is planned to be removed from a future JDK release
Warning: Nashorn engine is planned to be removed from a future JDK release
Warning: Nashorn engine is planned to be removed from a future JDK release
Warning: Nashorn engine is planned to be removed from a future JDK release
Warning: Nashorn engine is planned to be removed from a future JDK release
Warning: Nashorn engine is planned to be removed from a future JDK release
Warning: Nashorn engine is planned to be removed from a future JDK release
Warning: Nashorn engine is planned to be removed from a future JDK release
Warning: Nashorn engine is planned to be removed from a future JDK release
Warning: Nashorn engine is planned to be removed from a future JDK release
Warning: Nashorn engine is planned to be removed from a future JDK release
Warning: Nashorn engine is planned to be removed from a future JDK release
Warning: Nashorn engine is planned to be removed from a future JDK release
Warning: Nashorn engine is planned to be removed from a future JDK release
Warning: Nashorn engine is planned to be removed from a future JDK release
Warning: Nashorn engine is planned to be removed from a future JDK release
Warning: Nashorn engine is planned to be removed from a future JDK release
Warning: Nashorn engine is planned to be removed from a future JDK release
Warning: Nashorn engine is planned to be removed from a future JDK release
Warning: Nashorn engine is planned to be removed from a future JDK release
Warning: Nashorn engine is planned to be removed from a future JDK release
Warning: Nashorn engine is planned to be removed from a future JDK release
Warning: Nashorn engine is planned to be removed from a future JDK release
Warning: Nashorn engine is planned to be removed from a future JDK release
Warning: Nashorn engine is planned to be removed from a future JDK release
Warning: Nashorn engine is planned to be removed from a future JDK release
Warning: Nashorn engine is planned to be removed from a future JDK release
Warning: Nashorn engine is planned to be removed from a future JDK release
Warning: Nashorn engine is planned to be removed from a future JDK release
Warning: Nashorn engine is planned to be removed from a future JDK release
Warning: Nashorn engine is planned to be removed from a future JDK release
Warning: Nashorn engine is planned to be removed from a future JDK release
Warning: Nashorn engine is planned to be removed from a future JDK release
Warning: Nashorn engine is planned to be removed from a future JDK release
Warning: Nashorn engine is planned to be removed from a future JDK release
Warning: Nashorn engine is planned to be removed from a future JDK release
Warning: Nashorn engine is planned to be removed from a future JDK release
Warning: Nashorn engine is planned to be removed from a future JDK release
Warning: Nashorn engine is planned to be removed from a future JDK release
Warning: Nashorn engine is planned to be removed from a future JDK release
Warning: Nashorn engine is planned to be removed from a future JDK release
Warning: Nashorn engine is planned to be removed from a future JDK release
Warning: Nashorn engine is planned to be removed from a future JDK release
Warning: Nashorn engine is planned to be removed from a future JDK release
Warning: Nashorn engine is planned to be removed from a future JDK release
Warning: Nashorn engine is planned to be removed from a future JDK release
Warning: Nashorn engine is planned to be removed from a future JDK release
Warning: Nashorn engine is planned to be removed from a future JDK release
Warning: Nashorn engine is planned to be removed from a future JDK release
Warning: Nashorn engine is planned to be removed from a future JDK release
Warning: Nashorn engine is planned to be removed from a future JDK release
Warning: Nashorn engine is planned to be removed from a future JDK release
Warning: Nashorn engine is planned to be removed from a future JDK release
Warning: Nashorn engine is planned to be removed from a future JDK release
Warning: Nashorn engine is planned to be removed from a future JDK release
Warning: Nashorn engine is planned to be removed from a future JDK release
Warning: Nashorn engine is planned to be removed from a future JDK release
Warning: Nashorn engine is planned to be removed from a future JDK release
Warning: Nashorn engine is planned to be removed from a future JDK release
Warning: Nashorn engine is planned to be removed from a future JDK release
Warning: Nashorn engine is planned to be removed from a future JDK release
Warning: Nashorn engine is planned to be removed from a future JDK release
Warning: Nashorn engine is planned to be removed from a future JDK release
Warning: Nashorn engine is planned to be removed from a future JDK release
Warning: Nashorn engine is planned to be removed from a future JDK release
Warning: Nashorn engine is planned to be removed from a future JDK release
Warning: Nashorn engine is planned to be removed from a future JDK release
Warning: Nashorn engine is planned to be removed from a future JDK release
Warning: Nashorn engine is planned to be removed from a future JDK release
Warning: Nashorn engine is planned to be removed from a future JDK release
Warning: Nashorn engine is planned to be removed from a future JDK release
Warning: Nashorn engine is planned to be removed from a future JDK release
Warning: Nashorn engine is planned to be removed from a future JDK release
Warning: Nashorn engine is planned to be removed from a future JDK release
Warning: Nashorn engine is planned to be removed from a future JDK release
Warning: Nashorn engine is planned to be removed from a future JDK release
Warning: Nashorn engine is planned to be removed from a future JDK release
Warning: Nashorn engine is planned to be removed from a future JDK release
Warning: Nashorn engine is planned to be removed from a future JDK release
Warning: Nashorn engine is planned to be removed from a future JDK release
Warning: Nashorn engine is planned to be removed from a future JDK release
Warning: Nashorn engine is planned to be removed from a future JDK release
Warning: Nashorn engine is planned to be removed from a future JDK release
Warning: Nashorn engine is planned to be removed from a future JDK release
Warning: Nashorn engine is planned to be removed from a future JDK release
Warning: Nashorn engine is planned to be removed from a future JDK release
Warning: Nashorn engine is planned to be removed from a future JDK release
Warning: Nashorn engine is planned to be removed from a future JDK release
Warning: Nashorn engine is planned to be removed from a future JDK release
Warning: Nashorn engine is planned to be removed from a future JDK release
Warning: Nashorn engine is planned to be removed from a future JDK release
Warning: Nashorn engine is planned to be removed from a future JDK release
Warning: Nashorn engine is planned to be removed from a future JDK release
Warning: Nashorn engine is planned to be removed from a future JDK release
Warning: Nashorn engine is planned to be removed from a future JDK release
Warning: Nashorn engine is planned to be removed from a future JDK release
Warning: Nashorn engine is planned to be removed from a future JDK release
Warning: Nashorn engine is planned to be removed from a future JDK release
Warning: Nashorn engine is planned to be removed from a future JDK release
Warning: Nashorn engine is planned to be removed from a future JDK release
Warning: Nashorn engine is planned to be removed from a future JDK release
Warning: Nashorn engine is planned to be removed from a future JDK release
Warning: Nashorn engine is planned to be removed from a future JDK release
Warning: Nashorn engine is planned to be removed from a future JDK release
Warning: Nashorn engine is planned to be removed from a future JDK release
Warning: Nashorn engine is planned to be removed from a future JDK release
Warning: Nashorn engine is planned to be removed from a future JDK release
Warning: Nashorn engine is planned to be removed from a future JDK release
Warning: Nashorn engine is planned to be removed from a future JDK release
Warning: Nashorn engine is planned to be removed from a future JDK release
Warning: Nashorn engine is planned to be removed from a future JDK release
Warning: Nashorn engine is planned to be removed from a future JDK release
Warning: Nashorn engine is planned to be removed from a future JDK release
Warning: Nashorn engine is planned to be removed from a future JDK release
Warning: Nashorn engine is planned to be removed from a future JDK release
Warning: Nashorn engine is planned to be removed from a future JDK release
Warning: Nashorn engine is planned to be removed from a future JDK release
Warning: Nashorn engine is planned to be removed from a future JDK release
Warning: Nashorn engine is planned to be removed from a future JDK release
Warning: Nashorn engine is planned to be removed from a future JDK release
Warning: Nashorn engine is planned to be removed from a future JDK release
Warning: Nashorn engine is planned to be removed from a future JDK release
Warning: Nashorn engine is planned to be removed from a future JDK release
Warning: Nashorn engine is planned to be removed from a future JDK release
Warning: Nashorn engine is planned to be removed from a future JDK release
Warning: Nashorn engine is planned to be removed from a future JDK release
Warning: Nashorn engine is planned to be removed from a future JDK release
Warning: Nashorn engine is planned to be removed from a future JDK release
Warning: Nashorn engine is planned to be removed from a future JDK release
Warning: Nashorn engine is planned to be removed from a future JDK release
Warning: Nashorn engine is planned to be removed from a future JDK release
Warning: Nashorn engine is planned to be removed from a future JDK release
Warning: Nashorn engine is planned to be removed from a future JDK release
Warning: Nashorn engine is planned to be removed from a future JDK release
Warning: Nashorn engine is planned to be removed from a future JDK release
Warning: Nashorn engine is planned to be removed from a future JDK release
Warning: Nashorn engine is planned to be removed from a future JDK release
Warning: Nashorn engine is planned to be removed from a future JDK release
Warning: Nashorn engine is planned to be removed from a future JDK release
Warning: Nashorn engine is planned to be removed from a future JDK release
Warning: Nashorn engine is planned to be removed from a future JDK release
Warning: Nashorn engine is planned to be removed from a future JDK release
Warning: Nashorn engine is planned to be removed from a future JDK release
Warning: Nashorn engine is planned to be removed from a future JDK release
Warning: Nashorn engine is planned to be removed from a future JDK release
Warning: Nashorn engine is planned to be removed from a future JDK release
Warning: Nashorn engine is planned to be removed from a future JDK release
Warning: Nashorn engine is planned to be removed from a future JDK release
Warning: Nashorn engine is planned to be removed from a future JDK release
Warning: Nashorn engine is planned to be removed from a future JDK release
Warning: Nashorn engine is planned to be removed from a future JDK release
Warning: Nashorn engine is planned to be removed from a future JDK release
Warning: Nashorn engine is planned to be removed from a future JDK release
Warning: Nashorn engine is planned to be removed from a future JDK release
Warning: Nashorn engine is planned to be removed from a future JDK release
Warning: Nashorn engine is planned to be removed from a future JDK release
Warning: Nashorn engine is planned to be removed from a future JDK release
Warning: Nashorn engine is planned to be removed from a future JDK release
Warning: Nashorn engine is planned to be removed from a future JDK release
Warning: Nashorn engine is planned to be removed from a future JDK release
Warning: Nashorn engine is planned to be removed from a future JDK release
Warning: Nashorn engine is planned to be removed from a future JDK release
Warning: Nashorn engine is planned to be removed from a future JDK release
Warning: Nashorn engine is planned to be removed from a future JDK release
Warning: Nashorn engine is planned to be removed from a future JDK release
Warning: Nashorn engine is planned to be removed from a future JDK release
Warning: Nashorn engine is planned to be removed from a future JDK release
Warning: Nashorn engine is planned to be removed from a future JDK release
Warning: Nashorn engine is planned to be removed from a future JDK release
Warning: Nashorn engine is planned to be removed from a future JDK release
Warning: Nashorn engine is planned to be removed from a future JDK release
Warning: Nashorn engine is planned to be removed from a future JDK release
Warning: Nashorn engine is planned to be removed from a future JDK release
Warning: Nashorn engine is planned to be removed from a future JDK release
Warning: Nashorn engine is planned to be removed from a future JDK release
Warning: Nashorn engine is planned to be removed from a future JDK release
Warning: Nashorn engine is planned to be removed from a future JDK release
Warning: Nashorn engine is planned to be removed from a future JDK release
Warning: Nashorn engine is planned to be removed from a future JDK release
Warning: Nashorn engine is planned to be removed from a future JDK release
Warning: Nashorn engine is planned to be removed from a future JDK release
Warning: Nashorn engine is planned to be removed from a future JDK release
Warning: Nashorn engine is planned to be removed from a future JDK release
Warning: Nashorn engine is planned to be removed from a future JDK release
Warning: Nashorn engine is planned to be removed from a future JDK release
Warning: Nashorn engine is planned to be removed from a future JDK release
Warning: Nashorn engine is planned to be removed from a future JDK release
Warning: Nashorn engine is planned to be removed from a future JDK release
Warning: Nashorn engine is planned to be removed from a future JDK release
Warning: Nashorn engine is planned to be removed from a future JDK release
Warning: Nashorn engine is planned to be removed from a future JDK release
Warning: Nashorn engine is planned to be removed from a future JDK release
Warning: Nashorn engine is planned to be removed from a future JDK release
Warning: Nashorn engine is planned to be removed from a future JDK release
Warning: Nashorn engine is planned to be removed from a future JDK release
Warning: Nashorn engine is planned to be removed from a future JDK release
Warning: Nashorn engine is planned to be removed from a future JDK release
Warning: Nashorn engine is planned to be removed from a future JDK release
Warning: Nashorn engine is planned to be removed from a future JDK release
Warning: Nashorn engine is planned to be removed from a future JDK release
Warning: Nashorn engine is planned to be removed from a future JDK release
Warning: Nashorn engine is planned to be removed from a future JDK release
Warning: Nashorn engine is planned to be removed from a future JDK release
Warning: Nashorn engine is planned to be removed from a future JDK release
Warning: Nashorn engine is planned to be removed from a future JDK release
Warning: Nashorn engine is planned to be removed from a future JDK release
Warning: Nashorn engine is planned to be removed from a future JDK release
Warning: Nashorn engine is planned to be removed from a future JDK release
Warning: Nashorn engine is planned to be removed from a future JDK release
Warning: Nashorn engine is planned to be removed from a future JDK release
Warning: Nashorn engine is planned to be removed from a future JDK release
Warning: Nashorn engine is planned to be removed from a future JDK release
Warning: Nashorn engine is planned to be removed from a future JDK release
Warning: Nashorn engine is planned to be removed from a future JDK release
Warning: Nashorn engine is planned to be removed from a future JDK release
Warning: Nashorn engine is planned to be removed from a future JDK release
Warning: Nashorn engine is planned to be removed from a future JDK release
Warning: Nashorn engine is planned to be removed from a future JDK release
Warning: Nashorn engine is planned to be removed from a future JDK release
Warning: Nashorn engine is planned to be removed from a future JDK release
Warning: Nashorn engine is planned to be removed from a future JDK release
Warning: Nashorn engine is planned to be removed from a future JDK release
Warning: Nashorn engine is planned to be removed from a future JDK release
Warning: Nashorn engine is planned to be removed from a future JDK release
Warning: Nashorn engine is planned to be removed from a future JDK release
Warning: Nashorn engine is planned to be removed from a future JDK release
Warning: Nashorn engine is planned to be removed from a future JDK release
Warning: Nashorn engine is planned to be removed from a future JDK release
Warning: Nashorn engine is planned to be removed from a future JDK release
Warning: Nashorn engine is planned to be removed from a future JDK release
Warning: Nashorn engine is planned to be removed from a future JDK release
Warning: Nashorn engine is planned to be removed from a future JDK release
Warning: Nashorn engine is planned to be removed from a future JDK release
Warning: Nashorn engine is planned to be removed from a future JDK release
Warning: Nashorn engine is planned to be removed from a future JDK release
Warning: Nashorn engine is planned to be removed from a future JDK release
Warning: Nashorn engine is planned to be removed from a future JDK release
Warning: Nashorn engine is planned to be removed from a future JDK release
Warning: Nashorn engine is planned to be removed from a future JDK release
Warning: Nashorn engine is planned to be removed from a future JDK release
Warning: Nashorn engine is planned to be removed from a future JDK release
Warning: Nashorn engine is planned to be removed from a future JDK release
Warning: Nashorn engine is planned to be removed from a future JDK release
Warning: Nashorn engine is planned to be removed from a future JDK release
Warning: Nashorn engine is planned to be removed from a future JDK release
Warning: Nashorn engine is planned to be removed from a future JDK release
Warning: Nashorn engine is planned to be removed from a future JDK release
Warning: Nashorn engine is planned to be removed from a future JDK release
Warning: Nashorn engine is planned to be removed from a future JDK release
Warning: Nashorn engine is planned to be removed from a future JDK release
Warning: Nashorn engine is planned to be removed from a future JDK release
Warning: Nashorn engine is planned to be removed from a future JDK release
Warning: Nashorn engine is planned to be removed from a future JDK release
Warning: Nashorn engine is planned to be removed from a future JDK release
Warning: Nashorn engine is planned to be removed from a future JDK release
Warning: Nashorn engine is planned to be removed from a future JDK release
Warning: Nashorn engine is planned to be removed from a future JDK release
Warning: Nashorn engine is planned to be removed from a future JDK release
Warning: Nashorn engine is planned to be removed from a future JDK release
Warning: Nashorn engine is planned to be removed from a future JDK release
Warning: Nashorn engine is planned to be removed from a future JDK release
Warning: Nashorn engine is planned to be removed from a future JDK release
Warning: Nashorn engine is planned to be removed from a future JDK release
Warning: Nashorn engine is planned to be removed from a future JDK release
Warning: Nashorn engine is planned to be removed from a future JDK release
Warning: Nashorn engine is planned to be removed from a future JDK release
Warning: Nashorn engine is planned to be removed from a future JDK release
Warning: Nashorn engine is planned to be removed from a future JDK release
Warning: Nashorn engine is planned to be removed from a future JDK release
Warning: Nashorn engine is planned to be removed from a future JDK release
Warning: Nashorn engine is planned to be removed from a future JDK release
Warning: Nashorn engine is planned to be removed from a future JDK release
Warning: Nashorn engine is planned to be removed from a future JDK release
Warning: Nashorn engine is planned to be removed from a future JDK release
Warning: Nashorn engine is planned to be removed from a future JDK release
Warning: Nashorn engine is planned to be removed from a future JDK release
Warning: Nashorn engine is planned to be removed from a future JDK release
Warning: Nashorn engine is planned to be removed from a future JDK release
Warning: Nashorn engine is planned to be removed from a future JDK release
Warning: Nashorn engine is planned to be removed from a future JDK release
Warning: Nashorn engine is planned to be removed from a future JDK release
Warning: Nashorn engine is planned to be removed from a future JDK release
Warning: Nashorn engine is planned to be removed from a future JDK release
Warning: Nashorn engine is planned to be removed from a future JDK release
Warning: Nashorn engine is planned to be removed from a future JDK release
Warning: Nashorn engine is planned to be removed from a future JDK release
Warning: Nashorn engine is planned to be removed from a future JDK release
Warning: Nashorn engine is planned to be removed from a future JDK release
Warning: Nashorn engine is planned to be removed from a future JDK release
Warning: Nashorn engine is planned to be removed from a future JDK release
Warning: Nashorn engine is planned to be removed from a future JDK release
Warning: Nashorn engine is planned to be removed from a future JDK release
Warning: Nashorn engine is planned to be removed from a future JDK release
Warning: Nashorn engine is planned to be removed from a future JDK release
Warning: Nashorn engine is planned to be removed from a future JDK release
Warning: Nashorn engine is planned to be removed from a future JDK release
Warning: Nashorn engine is planned to be removed from a future JDK release
Warning: Nashorn engine is planned to be removed from a future JDK release
Warning: Nashorn engine is planned to be removed from a future JDK release
Warning: Nashorn engine is planned to be removed from a future JDK release
Warning: Nashorn engine is planned to be removed from a future JDK release
Warning: Nashorn engine is planned to be removed from a future JDK release
Warning: Nashorn engine is planned to be removed from a future JDK release
Warning: Nashorn engine is planned to be removed from a future JDK release
Warning: Nashorn engine is planned to be removed from a future JDK release
Warning: Nashorn engine is planned to be removed from a future JDK release
Warning: Nashorn engine is planned to be removed from a future JDK release
Warning: Nashorn engine is planned to be removed from a future JDK release
Warning: Nashorn engine is planned to be removed from a future JDK release
Warning: Nashorn engine is planned to be removed from a future JDK release
Warning: Nashorn engine is planned to be removed from a future JDK release
Warning: Nashorn engine is planned to be removed from a future JDK release
Warning: Nashorn engine is planned to be removed from a future JDK release
Warning: Nashorn engine is planned to be removed from a future JDK release
Warning: Nashorn engine is planned to be removed from a future JDK release
Warning: Nashorn engine is planned to be removed from a future JDK release
Warning: Nashorn engine is planned to be removed from a future JDK release
Warning: Nashorn engine is planned to be removed from a future JDK release
Warning: Nashorn engine is planned to be removed from a future JDK release
Warning: Nashorn engine is planned to be removed from a future JDK release
Warning: Nashorn engine is planned to be removed from a future JDK release
Warning: Nashorn engine is planned to be removed from a future JDK release
Warning: Nashorn engine is planned to be removed from a future JDK release
Warning: Nashorn engine is planned to be removed from a future JDK release
Warning: Nashorn engine is planned to be removed from a future JDK release
Warning: Nashorn engine is planned to be removed from a future JDK release
Warning: Nashorn engine is planned to be removed from a future JDK release
Warning: Nashorn engine is planned to be removed from a future JDK release
Warning: Nashorn engine is planned to be removed from a future JDK release
Warning: Nashorn engine is planned to be removed from a future JDK release
Warning: Nashorn engine is planned to be removed from a future JDK release
Warning: Nashorn engine is planned to be removed from a future JDK release
Warning: Nashorn engine is planned to be removed from a future JDK release
Warning: Nashorn engine is planned to be removed from a future JDK release
Warning: Nashorn engine is planned to be removed from a future JDK release
Warning: Nashorn engine is planned to be removed from a future JDK release
Warning: Nashorn engine is planned to be removed from a future JDK release
Warning: Nashorn engine is planned to be removed from a future JDK release
Warning: Nashorn engine is planned to be removed from a future JDK release
Warning: Nashorn engine is planned to be removed from a future JDK release
Warning: Nashorn engine is planned to be removed from a future JDK release
Warning: Nashorn engine is planned to be removed from a future JDK release
Warning: Nashorn engine is planned to be removed from a future JDK release
Warning: Nashorn engine is planned to be removed from a future JDK release
Warning: Nashorn engine is planned to be removed from a future JDK release
Warning: Nashorn engine is planned to be removed from a future JDK release
Warning: Nashorn engine is planned to be removed from a future JDK release
Warning: Nashorn engine is planned to be removed from a future JDK release
Warning: Nashorn engine is planned to be removed from a future JDK release
Warning: Nashorn engine is planned to be removed from a future JDK release
Warning: Nashorn engine is planned to be removed from a future JDK release
Warning: Nashorn engine is planned to be removed from a future JDK release
Warning: Nashorn engine is planned to be removed from a future JDK release
Warning: Nashorn engine is planned to be removed from a future JDK release
Warning: Nashorn engine is planned to be removed from a future JDK release
Warning: Nashorn engine is planned to be removed from a future JDK release
Warning: Nashorn engine is planned to be removed from a future JDK release
Warning: Nashorn engine is planned to be removed from a future JDK release
Warning: Nashorn engine is planned to be removed from a future JDK release
Warning: Nashorn engine is planned to be removed from a future JDK release
Warning: Nashorn engine is planned to be removed from a future JDK release
Warning: Nashorn engine is planned to be removed from a future JDK release
Warning: Nashorn engine is planned to be removed from a future JDK release
Warning: Nashorn engine is planned to be removed from a future JDK release
Warning: Nashorn engine is planned to be removed from a future JDK release
Warning: Nashorn engine is planned to be removed from a future JDK release
Warning: Nashorn engine is planned to be removed from a future JDK release
Warning: Nashorn engine is planned to be removed from a future JDK release
Warning: Nashorn engine is planned to be removed from a future JDK release
Warning: Nashorn engine is planned to be removed from a future JDK release
Warning: Nashorn engine is planned to be removed from a future JDK release
Warning: Nashorn engine is planned to be removed from a future JDK release
Warning: Nashorn engine is planned to be removed from a future JDK release
Warning: Nashorn engine is planned to be removed from a future JDK release
Warning: Nashorn engine is planned to be removed from a future JDK release
Warning: Nashorn engine is planned to be removed from a future JDK release
Warning: Nashorn engine is planned to be removed from a future JDK release
Warning: Nashorn engine is planned to be removed from a future JDK release
Warning: Nashorn engine is planned to be removed from a future JDK release
Warning: Nashorn engine is planned to be removed from a future JDK release
Warning: Nashorn engine is planned to be removed from a future JDK release
Warning: Nashorn engine is planned to be removed from a future JDK release
Warning: Nashorn engine is planned to be removed from a future JDK release
Warning: Nashorn engine is planned to be removed from a future JDK release
Warning: Nashorn engine is planned to be removed from a future JDK release
Warning: Nashorn engine is planned to be removed from a future JDK release
Warning: Nashorn engine is planned to be removed from a future JDK release
Warning: Nashorn engine is planned to be removed from a future JDK release
Warning: Nashorn engine is planned to be removed from a future JDK release
Warning: Nashorn engine is planned to be removed from a future JDK release
Warning: Nashorn engine is planned to be removed from a future JDK release
Warning: Nashorn engine is planned to be removed from a future JDK release
Warning: Nashorn engine is planned to be removed from a future JDK release
Warning: Nashorn engine is planned to be removed from a future JDK release
Warning: Nashorn engine is planned to be removed from a future JDK release
Warning: Nashorn engine is planned to be removed from a future JDK release
Warning: Nashorn engine is planned to be removed from a future JDK release
Warning: Nashorn engine is planned to be removed from a future JDK release
Warning: Nashorn engine is planned to be removed from a future JDK release
Warning: Nashorn engine is planned to be removed from a future JDK release
Warning: Nashorn engine is planned to be removed from a future JDK release
Warning: Nashorn engine is planned to be removed from a future JDK release
Warning: Nashorn engine is planned to be removed from a future JDK release
Warning: Nashorn engine is planned to be removed from a future JDK release
Warning: Nashorn engine is planned to be removed from a future JDK release
Warning: Nashorn engine is planned to be removed from a future JDK release
Warning: Nashorn engine is planned to be removed from a future JDK release
Warning: Nashorn engine is planned to be removed from a future JDK release
Warning: Nashorn engine is planned to be removed from a future JDK release
Warning: Nashorn engine is planned to be removed from a future JDK release
Warning: Nashorn engine is planned to be removed from a future JDK release
Warning: Nashorn engine is planned to be removed from a future JDK release
Warning: Nashorn engine is planned to be removed from a future JDK release
Warning: Nashorn engine is planned to be removed from a future JDK release
Warning: Nashorn engine is planned to be removed from a future JDK release
Warning: Nashorn engine is planned to be removed from a future JDK release
Warning: Nashorn engine is planned to be removed from a future JDK release
Warning: Nashorn engine is planned to be removed from a future JDK release
Warning: Nashorn engine is planned to be removed from a future JDK release
Warning: Nashorn engine is planned to be removed from a future JDK release
Warning: Nashorn engine is planned to be removed from a future JDK release
Warning: Nashorn engine is planned to be removed from a future JDK release
Warning: Nashorn engine is planned to be removed from a future JDK release
Warning: Nashorn engine is planned to be removed from a future JDK release
Warning: Nashorn engine is planned to be removed from a future JDK release
Warning: Nashorn engine is planned to be removed from a future JDK release
Warning: Nashorn engine is planned to be removed from a future JDK release
Warning: Nashorn engine is planned to be removed from a future JDK release
Warning: Nashorn engine is planned to be removed from a future JDK release
Warning: Nashorn engine is planned to be removed from a future JDK release
Warning: Nashorn engine is planned to be removed from a future JDK release
Warning: Nashorn engine is planned to be removed from a future JDK release
Warning: Nashorn engine is planned to be removed from a future JDK release
Warning: Nashorn engine is planned to be removed from a future JDK release
Warning: Nashorn engine is planned to be removed from a future JDK release
Warning: Nashorn engine is planned to be removed from a future JDK release
Warning: Nashorn engine is planned to be removed from a future JDK release
Warning: Nashorn engine is planned to be removed from a future JDK release
Warning: Nashorn engine is planned to be removed from a future JDK release
Warning: Nashorn engine is planned to be removed from a future JDK release
Warning: Nashorn engine is planned to be removed from a future JDK release
Warning: Nashorn engine is planned to be removed from a future JDK release
Warning: Nashorn engine is planned to be removed from a future JDK release
Warning: Nashorn engine is planned to be removed from a future JDK release
Warning: Nashorn engine is planned to be removed from a future JDK release
Warning: Nashorn engine is planned to be removed from a future JDK release
Warning: Nashorn engine is planned to be removed from a future JDK release
Warning: Nashorn engine is planned to be removed from a future JDK release
Warning: Nashorn engine is planned to be removed from a future JDK release
Warning: Nashorn engine is planned to be removed from a future JDK release
Warning: Nashorn engine is planned to be removed from a future JDK release
Warning: Nashorn engine is planned to be removed from a future JDK release
Warning: Nashorn engine is planned to be removed from a future JDK release
Warning: Nashorn engine is planned to be removed from a future JDK release
Warning: Nashorn engine is planned to be removed from a future JDK release
Warning: Nashorn engine is planned to be removed from a future JDK release
Warning: Nashorn engine is planned to be removed from a future JDK release
Warning: Nashorn engine is planned to be removed from a future JDK release
Warning: Nashorn engine is planned to be removed from a future JDK release
Warning: Nashorn engine is planned to be removed from a future JDK release
Warning: Nashorn engine is planned to be removed from a future JDK release
Warning: Nashorn engine is planned to be removed from a future JDK release
Warning: Nashorn engine is planned to be removed from a future JDK release
Warning: Nashorn engine is planned to be removed from a future JDK release
Warning: Nashorn engine is planned to be removed from a future JDK release
Warning: Nashorn engine is planned to be removed from a future JDK release
Warning: Nashorn engine is planned to be removed from a future JDK release
Warning: Nashorn engine is planned to be removed from a future JDK release
Warning: Nashorn engine is planned to be removed from a future JDK release
Warning: Nashorn engine is planned to be removed from a future JDK release
Warning: Nashorn engine is planned to be removed from a future JDK release
Warning: Nashorn engine is planned to be removed from a future JDK release
Warning: Nashorn engine is planned to be removed from a future JDK release
Warning: Nashorn engine is planned to be removed from a future JDK release
Warning: Nashorn engine is planned to be removed from a future JDK release
Warning: Nashorn engine is planned to be removed from a future JDK release
Warning: Nashorn engine is planned to be removed from a future JDK release
Warning: Nashorn engine is planned to be removed from a future JDK release
Warning: Nashorn engine is planned to be removed from a future JDK release
Warning: Nashorn engine is planned to be removed from a future JDK release
Warning: Nashorn engine is planned to be removed from a future JDK release
Warning: Nashorn engine is planned to be removed from a future JDK release
Warning: Nashorn engine is planned to be removed from a future JDK release
Warning: Nashorn engine is planned to be removed from a future JDK release
Warning: Nashorn engine is planned to be removed from a future JDK release
Warning: Nashorn engine is planned to be removed from a future JDK release
Warning: Nashorn engine is planned to be removed from a future JDK release
Warning: Nashorn engine is planned to be removed from a future JDK release
Warning: Nashorn engine is planned to be removed from a future JDK release
Warning: Nashorn engine is planned to be removed from a future JDK release
Warning: Nashorn engine is planned to be removed from a future JDK release
Warning: Nashorn engine is planned to be removed from a future JDK release
Warning: Nashorn engine is planned to be removed from a future JDK release
Warning: Nashorn engine is planned to be removed from a future JDK release
Warning: Nashorn engine is planned to be removed from a future JDK release
Warning: Nashorn engine is planned to be removed from a future JDK release
Warning: Nashorn engine is planned to be removed from a future JDK release
Warning: Nashorn engine is planned to be removed from a future JDK release
Warning: Nashorn engine is planned to be removed from a future JDK release
Warning: Nashorn engine is planned to be removed from a future JDK release
Warning: Nashorn engine is planned to be removed from a future JDK release
Warning: Nashorn engine is planned to be removed from a future JDK release
Warning: Nashorn engine is planned to be removed from a future JDK release
Warning: Nashorn engine is planned to be removed from a future JDK release
Warning: Nashorn engine is planned to be removed from a future JDK release
Warning: Nashorn engine is planned to be removed from a future JDK release
Warning: Nashorn engine is planned to be removed from a future JDK release
Warning: Nashorn engine is planned to be removed from a future JDK release
Warning: Nashorn engine is planned to be removed from a future JDK release
Warning: Nashorn engine is planned to be removed from a future JDK release
Warning: Nashorn engine is planned to be removed from a future JDK release
Warning: Nashorn engine is planned to be removed from a future JDK release
Warning: Nashorn engine is planned to be removed from a future JDK release
Warning: Nashorn engine is planned to be removed from a future JDK release
Warning: Nashorn engine is planned to be removed from a future JDK release
Warning: Nashorn engine is planned to be removed from a future JDK release
Warning: Nashorn engine is planned to be removed from a future JDK release
Warning: Nashorn engine is planned to be removed from a future JDK release
Warning: Nashorn engine is planned to be removed from a future JDK release
Warning: Nashorn engine is planned to be removed from a future JDK release
Warning: Nashorn engine is planned to be removed from a future JDK release
Warning: Nashorn engine is planned to be removed from a future JDK release
Warning: Nashorn engine is planned to be removed from a future JDK release
Warning: Nashorn engine is planned to be removed from a future JDK release
Warning: Nashorn engine is planned to be removed from a future JDK release
Warning: Nashorn engine is planned to be removed from a future JDK release
Warning: Nashorn engine is planned to be removed from a future JDK release
Warning: Nashorn engine is planned to be removed from a future JDK release
Warning: Nashorn engine is planned to be removed from a future JDK release
Warning: Nashorn engine is planned to be removed from a future JDK release
Warning: Nashorn engine is planned to be removed from a future JDK release
Warning: Nashorn engine is planned to be removed from a future JDK release
Warning: Nashorn engine is planned to be removed from a future JDK release
Warning: Nashorn engine is planned to be removed from a future JDK release
Warning: Nashorn engine is planned to be removed from a future JDK release
Warning: Nashorn engine is planned to be removed from a future JDK release
Warning: Nashorn engine is planned to be removed from a future JDK release
Warning: Nashorn engine is planned to be removed from a future JDK release
Warning: Nashorn engine is planned to be removed from a future JDK release
Warning: Nashorn engine is planned to be removed from a future JDK release
Warning: Nashorn engine is planned to be removed from a future JDK release
Warning: Nashorn engine is planned to be removed from a future JDK release
Warning: Nashorn engine is planned to be removed from a future JDK release
Warning: Nashorn engine is planned to be removed from a future JDK release
Warning: Nashorn engine is planned to be removed from a future JDK release
Warning: Nashorn engine is planned to be removed from a future JDK release
Warning: Nashorn engine is planned to be removed from a future JDK release
Warning: Nashorn engine is planned to be removed from a future JDK release
Warning: Nashorn engine is planned to be removed from a future JDK release
Warning: Nashorn engine is planned to be removed from a future JDK release
Warning: Nashorn engine is planned to be removed from a future JDK release
Warning: Nashorn engine is planned to be removed from a future JDK release
Warning: Nashorn engine is planned to be removed from a future JDK release
Warning: Nashorn engine is planned to be removed from a future JDK release
Warning: Nashorn engine is planned to be removed from a future JDK release
Warning: Nashorn engine is planned to be removed from a future JDK release
Warning: Nashorn engine is planned to be removed from a future JDK release
Warning: Nashorn engine is planned to be removed from a future JDK release
Warning: Nashorn engine is planned to be removed from a future JDK release
Warning: Nashorn engine is planned to be removed from a future JDK release
Warning: Nashorn engine is planned to be removed from a future JDK release
Warning: Nashorn engine is planned to be removed from a future JDK release
Warning: Nashorn engine is planned to be removed from a future JDK release
Warning: Nashorn engine is planned to be removed from a future JDK release
Warning: Nashorn engine is planned to be removed from a future JDK release
Warning: Nashorn engine is planned to be removed from a future JDK release
Warning: Nashorn engine is planned to be removed from a future JDK release
Warning: Nashorn engine is planned to be removed from a future JDK release
Warning: Nashorn engine is planned to be removed from a future JDK release
Warning: Nashorn engine is planned to be removed from a future JDK release
Warning: Nashorn engine is planned to be removed from a future JDK release
Warning: Nashorn engine is planned to be removed from a future JDK release
Warning: Nashorn engine is planned to be removed from a future JDK release
Warning: Nashorn engine is planned to be removed from a future JDK release
Warning: Nashorn engine is planned to be removed from a future JDK release
Warning: Nashorn engine is planned to be removed from a future JDK release
Warning: Nashorn engine is planned to be removed from a future JDK release
Warning: Nashorn engine is planned to be removed from a future JDK release
Warning: Nashorn engine is planned to be removed from a future JDK release
Warning: Nashorn engine is planned to be removed from a future JDK release
Warning: Nashorn engine is planned to be removed from a future JDK release
Warning: Nashorn engine is planned to be removed from a future JDK release
Warning: Nashorn engine is planned to be removed from a future JDK release
Warning: Nashorn engine is planned to be removed from a future JDK release
Warning: Nashorn engine is planned to be removed from a future JDK release
Warning: Nashorn engine is planned to be removed from a future JDK release
Warning: Nashorn engine is planned to be removed from a future JDK release
Warning: Nashorn engine is planned to be removed from a future JDK release
Warning: Nashorn engine is planned to be removed from a future JDK release
Warning: Nashorn engine is planned to be removed from a future JDK release
Warning: Nashorn engine is planned to be removed from a future JDK release
Warning: Nashorn engine is planned to be removed from a future JDK release
Warning: Nashorn engine is planned to be removed from a future JDK release
Warning: Nashorn engine is planned to be removed from a future JDK release
Warning: Nashorn engine is planned to be removed from a future JDK release
Warning: Nashorn engine is planned to be removed from a future JDK release
Warning: Nashorn engine is planned to be removed from a future JDK release
Warning: Nashorn engine is planned to be removed from a future JDK release
Warning: Nashorn engine is planned to be removed from a future JDK release
Warning: Nashorn engine is planned to be removed from a future JDK release
Warning: Nashorn engine is planned to be removed from a future JDK release
Warning: Nashorn engine is planned to be removed from a future JDK release
Warning: Nashorn engine is planned to be removed from a future JDK release
Warning: Nashorn engine is planned to be removed from a future JDK release
Warning: Nashorn engine is planned to be removed from a future JDK release
Warning: Nashorn engine is planned to be removed from a future JDK release
Warning: Nashorn engine is planned to be removed from a future JDK release
Warning: Nashorn engine is planned to be removed from a future JDK release
Warning: Nashorn engine is planned to be removed from a future JDK release
Warning: Nashorn engine is planned to be removed from a future JDK release
Warning: Nashorn engine is planned to be removed from a future JDK release
Warning: Nashorn engine is planned to be removed from a future JDK release
Warning: Nashorn engine is planned to be removed from a future JDK release
Warning: Nashorn engine is planned to be removed from a future JDK release
Warning: Nashorn engine is planned to be removed from a future JDK release
Warning: Nashorn engine is planned to be removed from a future JDK release
Warning: Nashorn engine is planned to be removed from a future JDK release
Warning: Nashorn engine is planned to be removed from a future JDK release
Warning: Nashorn engine is planned to be removed from a future JDK release
Warning: Nashorn engine is planned to be removed from a future JDK release
Warning: Nashorn engine is planned to be removed from a future JDK release
Warning: Nashorn engine is planned to be removed from a future JDK release
Warning: Nashorn engine is planned to be removed from a future JDK release
Warning: Nashorn engine is planned to be removed from a future JDK release
Warning: Nashorn engine is planned to be removed from a future JDK release
Warning: Nashorn engine is planned to be removed from a future JDK release
Warning: Nashorn engine is planned to be removed from a future JDK release
Warning: Nashorn engine is planned to be removed from a future JDK release
Warning: Nashorn engine is planned to be removed from a future JDK release
Warning: Nashorn engine is planned to be removed from a future JDK release
Warning: Nashorn engine is planned to be removed from a future JDK release
Warning: Nashorn engine is planned to be removed from a future JDK release
Warning: Nashorn engine is planned to be removed from a future JDK release
Warning: Nashorn engine is planned to be removed from a future JDK release
Warning: Nashorn engine is planned to be removed from a future JDK release
Warning: Nashorn engine is planned to be removed from a future JDK release
Warning: Nashorn engine is planned to be removed from a future JDK release
Warning: Nashorn engine is planned to be removed from a future JDK release
Warning: Nashorn engine is planned to be removed from a future JDK release
Warning: Nashorn engine is planned to be removed from a future JDK release
Warning: Nashorn engine is planned to be removed from a future JDK release
Warning: Nashorn engine is planned to be removed from a future JDK release
Warning: Nashorn engine is planned to be removed from a future JDK release
Warning: Nashorn engine is planned to be removed from a future JDK release
Warning: Nashorn engine is planned to be removed from a future JDK release
Warning: Nashorn engine is planned to be removed from a future JDK release
Warning: Nashorn engine is planned to be removed from a future JDK release
Warning: Nashorn engine is planned to be removed from a future JDK release
Warning: Nashorn engine is planned to be removed from a future JDK release
Warning: Nashorn engine is planned to be removed from a future JDK release
Warning: Nashorn engine is planned to be removed from a future JDK release
Warning: Nashorn engine is planned to be removed from a future JDK release
Warning: Nashorn engine is planned to be removed from a future JDK release
Warning: Nashorn engine is planned to be removed from a future JDK release
Warning: Nashorn engine is planned to be removed from a future JDK release
Warning: Nashorn engine is planned to be removed from a future JDK release
Warning: Nashorn engine is planned to be removed from a future JDK release
Warning: Nashorn engine is planned to be removed from a future JDK release
Warning: Nashorn engine is planned to be removed from a future JDK release
Warning: Nashorn engine is planned to be removed from a future JDK release
Warning: Nashorn engine is planned to be removed from a future JDK release
Warning: Nashorn engine is planned to be removed from a future JDK release
Warning: Nashorn engine is planned to be removed from a future JDK release
Warning: Nashorn engine is planned to be removed from a future JDK release
Warning: Nashorn engine is planned to be removed from a future JDK release
Warning: Nashorn engine is planned to be removed from a future JDK release
Warning: Nashorn engine is planned to be removed from a future JDK release
Warning: Nashorn engine is planned to be removed from a future JDK release
Warning: Nashorn engine is planned to be removed from a future JDK release
Warning: Nashorn engine is planned to be removed from a future JDK release
Warning: Nashorn engine is planned to be removed from a future JDK release
Warning: Nashorn engine is planned to be removed from a future JDK release
Warning: Nashorn engine is planned to be removed from a future JDK release
Warning: Nashorn engine is planned to be removed from a future JDK release
Warning: Nashorn engine is planned to be removed from a future JDK release
Warning: Nashorn engine is planned to be removed from a future JDK release
Warning: Nashorn engine is planned to be removed from a future JDK release
Warning: Nashorn engine is planned to be removed from a future JDK release
Warning: Nashorn engine is planned to be removed from a future JDK release
Warning: Nashorn engine is planned to be removed from a future JDK release
Warning: Nashorn engine is planned to be removed from a future JDK release
Warning: Nashorn engine is planned to be removed from a future JDK release
Warning: Nashorn engine is planned to be removed from a future JDK release
Warning: Nashorn engine is planned to be removed from a future JDK release
Warning: Nashorn engine is planned to be removed from a future JDK release
Warning: Nashorn engine is planned to be removed from a future JDK release
Warning: Nashorn engine is planned to be removed from a future JDK release
Warning: Nashorn engine is planned to be removed from a future JDK release
Warning: Nashorn engine is planned to be removed from a future JDK release
Warning: Nashorn engine is planned to be removed from a future JDK release
Warning: Nashorn engine is planned to be removed from a future JDK release
Warning: Nashorn engine is planned to be removed from a future JDK release
Warning: Nashorn engine is planned to be removed from a future JDK release
Warning: Nashorn engine is planned to be removed from a future JDK release
Warning: Nashorn engine is planned to be removed from a future JDK release
Warning: Nashorn engine is planned to be removed from a future JDK release
Warning: Nashorn engine is planned to be removed from a future JDK release
Warning: Nashorn engine is planned to be removed from a future JDK release
Warning: Nashorn engine is planned to be removed from a future JDK release
Warning: Nashorn engine is planned to be removed from a future JDK release
Warning: Nashorn engine is planned to be removed from a future JDK release
Warning: Nashorn engine is planned to be removed from a future JDK release
Warning: Nashorn engine is planned to be removed from a future JDK release
Warning: Nashorn engine is planned to be removed from a future JDK release
Warning: Nashorn engine is planned to be removed from a future JDK release
Warning: Nashorn engine is planned to be removed from a future JDK release
Warning: Nashorn engine is planned to be removed from a future JDK release
Warning: Nashorn engine is planned to be removed from a future JDK release
Warning: Nashorn engine is planned to be removed from a future JDK release
Warning: Nashorn engine is planned to be removed from a future JDK release
Warning: Nashorn engine is planned to be removed from a future JDK release
Warning: Nashorn engine is planned to be removed from a future JDK release
Warning: Nashorn engine is planned to be removed from a future JDK release
Warning: Nashorn engine is planned to be removed from a future JDK release
Warning: Nashorn engine is planned to be removed from a future JDK release
Warning: Nashorn engine is planned to be removed from a future JDK release
Warning: Nashorn engine is planned to be removed from a future JDK release
Warning: Nashorn engine is planned to be removed from a future JDK release
Warning: Nashorn engine is planned to be removed from a future JDK release
Warning: Nashorn engine is planned to be removed from a future JDK release
Warning: Nashorn engine is planned to be removed from a future JDK release
Warning: Nashorn engine is planned to be removed from a future JDK release
Warning: Nashorn engine is planned to be removed from a future JDK release
Warning: Nashorn engine is planned to be removed from a future JDK release
Warning: Nashorn engine is planned to be removed from a future JDK release
Warning: Nashorn engine is planned to be removed from a future JDK release
Warning: Nashorn engine is planned to be removed from a future JDK release
Warning: Nashorn engine is planned to be removed from a future JDK release
Warning: Nashorn engine is planned to be removed from a future JDK release
Warning: Nashorn engine is planned to be removed from a future JDK release
Warning: Nashorn engine is planned to be removed from a future JDK release
Warning: Nashorn engine is planned to be removed from a future JDK release
Warning: Nashorn engine is planned to be removed from a future JDK release
Warning: Nashorn engine is planned to be removed from a future JDK release
Warning: Nashorn engine is planned to be removed from a future JDK release
Warning: Nashorn engine is planned to be removed from a future JDK release
Warning: Nashorn engine is planned to be removed from a future JDK release
Warning: Nashorn engine is planned to be removed from a future JDK release
Warning: Nashorn engine is planned to be removed from a future JDK release
Warning: Nashorn engine is planned to be removed from a future JDK release
Warning: Nashorn engine is planned to be removed from a future JDK release
Warning: Nashorn engine is planned to be removed from a future JDK release
Warning: Nashorn engine is planned to be removed from a future JDK release
Warning: Nashorn engine is planned to be removed from a future JDK release
Warning: Nashorn engine is planned to be removed from a future JDK release
Warning: Nashorn engine is planned to be removed from a future JDK release
Warning: Nashorn engine is planned to be removed from a future JDK release
Warning: Nashorn engine is planned to be removed from a future JDK release
Warning: Nashorn engine is planned to be removed from a future JDK release
Warning: Nashorn engine is planned to be removed from a future JDK release
Warning: Nashorn engine is planned to be removed from a future JDK release
Warning: Nashorn engine is planned to be removed from a future JDK release
Warning: Nashorn engine is planned to be removed from a future JDK release
Warning: Nashorn engine is planned to be removed from a future JDK release
Warning: Nashorn engine is planned to be removed from a future JDK release
Warning: Nashorn engine is planned to be removed from a future JDK release
Warning: Nashorn engine is planned to be removed from a future JDK release
Warning: Nashorn engine is planned to be removed from a future JDK release
Warning: Nashorn engine is planned to be removed from a future JDK release
Warning: Nashorn engine is planned to be removed from a future JDK release
Warning: Nashorn engine is planned to be removed from a future JDK release
Warning: Nashorn engine is planned to be removed from a future JDK release
Warning: Nashorn engine is planned to be removed from a future JDK release
Warning: Nashorn engine is planned to be removed from a future JDK release
Warning: Nashorn engine is planned to be removed from a future JDK release
Warning: Nashorn engine is planned to be removed from a future JDK release
Warning: Nashorn engine is planned to be removed from a future JDK release
Warning: Nashorn engine is planned to be removed from a future JDK release
Warning: Nashorn engine is planned to be removed from a future JDK release
Warning: Nashorn engine is planned to be removed from a future JDK release
Warning: Nashorn engine is planned to be removed from a future JDK release
Warning: Nashorn engine is planned to be removed from a future JDK release
Warning: Nashorn engine is planned to be removed from a future JDK release
Warning: Nashorn engine is planned to be removed from a future JDK release
Warning: Nashorn engine is planned to be removed from a future JDK release
Warning: Nashorn engine is planned to be removed from a future JDK release
Warning: Nashorn engine is planned to be removed from a future JDK release
Warning: Nashorn engine is planned to be removed from a future JDK release
Warning: Nashorn engine is planned to be removed from a future JDK release
Warning: Nashorn engine is planned to be removed from a future JDK release
Warning: Nashorn engine is planned to be removed from a future JDK release
Warning: Nashorn engine is planned to be removed from a future JDK release
Warning: Nashorn engine is planned to be removed from a future JDK release
Warning: Nashorn engine is planned to be removed from a future JDK release
Warning: Nashorn engine is planned to be removed from a future JDK release
Warning: Nashorn engine is planned to be removed from a future JDK release
Warning: Nashorn engine is planned to be removed from a future JDK release
Warning: Nashorn engine is planned to be removed from a future JDK release
Warning: Nashorn engine is planned to be removed from a future JDK release
Warning: Nashorn engine is planned to be removed from a future JDK release
Warning: Nashorn engine is planned to be removed from a future JDK release
Warning: Nashorn engine is planned to be removed from a future JDK release
Warning: Nashorn engine is planned to be removed from a future JDK release
Warning: Nashorn engine is planned to be removed from a future JDK release
Warning: Nashorn engine is planned to be removed from a future JDK release
Warning: Nashorn engine is planned to be removed from a future JDK release
Warning: Nashorn engine is planned to be removed from a future JDK release
Warning: Nashorn engine is planned to be removed from a future JDK release
Warning: Nashorn engine is planned to be removed from a future JDK release
Warning: Nashorn engine is planned to be removed from a future JDK release
Warning: Nashorn engine is planned to be removed from a future JDK release
Warning: Nashorn engine is planned to be removed from a future JDK release
Warning: Nashorn engine is planned to be removed from a future JDK release
Warning: Nashorn engine is planned to be removed from a future JDK release
Warning: Nashorn engine is planned to be removed from a future JDK release
Warning: Nashorn engine is planned to be removed from a future JDK release
Warning: Nashorn engine is planned to be removed from a future JDK release
Warning: Nashorn engine is planned to be removed from a future JDK release
Warning: Nashorn engine is planned to be removed from a future JDK release
Warning: Nashorn engine is planned to be removed from a future JDK release
Warning: Nashorn engine is planned to be removed from a future JDK release
Warning: Nashorn engine is planned to be removed from a future JDK release
Warning: Nashorn engine is planned to be removed from a future JDK release
Warning: Nashorn engine is planned to be removed from a future JDK release
Warning: Nashorn engine is planned to be removed from a future JDK release
Warning: Nashorn engine is planned to be removed from a future JDK release
Warning: Nashorn engine is planned to be removed from a future JDK release
Warning: Nashorn engine is planned to be removed from a future JDK release
Warning: Nashorn engine is planned to be removed from a future JDK release
Warning: Nashorn engine is planned to be removed from a future JDK release
Warning: Nashorn engine is planned to be removed from a future JDK release
Warning: Nashorn engine is planned to be removed from a future JDK release
Warning: Nashorn engine is planned to be removed from a future JDK release
Warning: Nashorn engine is planned to be removed from a future JDK release
Warning: Nashorn engine is planned to be removed from a future JDK release
Warning: Nashorn engine is planned to be removed from a future JDK release
Warning: Nashorn engine is planned to be removed from a future JDK release
Warning: Nashorn engine is planned to be removed from a future JDK release
Warning: Nashorn engine is planned to be removed from a future JDK release
Warning: Nashorn engine is planned to be removed from a future JDK release
Warning: Nashorn engine is planned to be removed from a future JDK release
Warning: Nashorn engine is planned to be removed from a future JDK release
Warning: Nashorn engine is planned to be removed from a future JDK release
Warning: Nashorn engine is planned to be removed from a future JDK release
Warning: Nashorn engine is planned to be removed from a future JDK release
Warning: Nashorn engine is planned to be removed from a future JDK release
Warning: Nashorn engine is planned to be removed from a future JDK release
Warning: Nashorn engine is planned to be removed from a future JDK release
Warning: Nashorn engine is planned to be removed from a future JDK release
Warning: Nashorn engine is planned to be removed from a future JDK release
Warning: Nashorn engine is planned to be removed from a future JDK release
Warning: Nashorn engine is planned to be removed from a future JDK release
Warning: Nashorn engine is planned to be removed from a future JDK release
Warning: Nashorn engine is planned to be removed from a future JDK release
Warning: Nashorn engine is planned to be removed from a future JDK release
Warning: Nashorn engine is planned to be removed from a future JDK release
Warning: Nashorn engine is planned to be removed from a future JDK release
Warning: Nashorn engine is planned to be removed from a future JDK release
Warning: Nashorn engine is planned to be removed from a future JDK release
Warning: Nashorn engine is planned to be removed from a future JDK release
Warning: Nashorn engine is planned to be removed from a future JDK release
Warning: Nashorn engine is planned to be removed from a future JDK release
Warning: Nashorn engine is planned to be removed from a future JDK release
Warning: Nashorn engine is planned to be removed from a future JDK release
Warning: Nashorn engine is planned to be removed from a future JDK release
Warning: Nashorn engine is planned to be removed from a future JDK release
Warning: Nashorn engine is planned to be removed from a future JDK release
Warning: Nashorn engine is planned to be removed from a future JDK release
Warning: Nashorn engine is planned to be removed from a future JDK release
Warning: Nashorn engine is planned to be removed from a future JDK release
Warning: Nashorn engine is planned to be removed from a future JDK release
Warning: Nashorn engine is planned to be removed from a future JDK release
Warning: Nashorn engine is planned to be removed from a future JDK release
Warning: Nashorn engine is planned to be removed from a future JDK release
Warning: Nashorn engine is planned to be removed from a future JDK release
Warning: Nashorn engine is planned to be removed from a future JDK release
Warning: Nashorn engine is planned to be removed from a future JDK release
Warning: Nashorn engine is planned to be removed from a future JDK release
Warning: Nashorn engine is planned to be removed from a future JDK release
Warning: Nashorn engine is planned to be removed from a future JDK release
Warning: Nashorn engine is planned to be removed from a future JDK release
Warning: Nashorn engine is planned to be removed from a future JDK release
Warning: Nashorn engine is planned to be removed from a future JDK release
Warning: Nashorn engine is planned to be removed from a future JDK release
Warning: Nashorn engine is planned to be removed from a future JDK release
Warning: Nashorn engine is planned to be removed from a future JDK release
Warning: Nashorn engine is planned to be removed from a future JDK release
Warning: Nashorn engine is planned to be removed from a future JDK release
Warning: Nashorn engine is planned to be removed from a future JDK release
Warning: Nashorn engine is planned to be removed from a future JDK release
Warning: Nashorn engine is planned to be removed from a future JDK release
Warning: Nashorn engine is planned to be removed from a future JDK release
Warning: Nashorn engine is planned to be removed from a future JDK release
Warning: Nashorn engine is planned to be removed from a future JDK release
Warning: Nashorn engine is planned to be removed from a future JDK release
Warning: Nashorn engine is planned to be removed from a future JDK release
Warning: Nashorn engine is planned to be removed from a future JDK release
Warning: Nashorn engine is planned to be removed from a future JDK release
Warning: Nashorn engine is planned to be removed from a future JDK release
Warning: Nashorn engine is planned to be removed from a future JDK release
Warning: Nashorn engine is planned to be removed from a future JDK release
Warning: Nashorn engine is planned to be removed from a future JDK release
Warning: Nashorn engine is planned to be removed from a future JDK release
Warning: Nashorn engine is planned to be removed from a future JDK release
Warning: Nashorn engine is planned to be removed from a future JDK release
Warning: Nashorn engine is planned to be removed from a future JDK release
Warning: Nashorn engine is planned to be removed from a future JDK release
Warning: Nashorn engine is planned to be removed from a future JDK release
Warning: Nashorn engine is planned to be removed from a future JDK release
Warning: Nashorn engine is planned to be removed from a future JDK release
Warning: Nashorn engine is planned to be removed from a future JDK release
Warning: Nashorn engine is planned to be removed from a future JDK release
Warning: Nashorn engine is planned to be removed from a future JDK release
Warning: Nashorn engine is planned to be removed from a future JDK release
Warning: Nashorn engine is planned to be removed from a future JDK release
Warning: Nashorn engine is planned to be removed from a future JDK release
Warning: Nashorn engine is planned to be removed from a future JDK release
Warning: Nashorn engine is planned to be removed from a future JDK release
Warning: Nashorn engine is planned to be removed from a future JDK release
Warning: Nashorn engine is planned to be removed from a future JDK release
Warning: Nashorn engine is planned to be removed from a future JDK release
Warning: Nashorn engine is planned to be removed from a future JDK release
Warning: Nashorn engine is planned to be removed from a future JDK release
Warning: Nashorn engine is planned to be removed from a future JDK release
Warning: Nashorn engine is planned to be removed from a future JDK release
Warning: Nashorn engine is planned to be removed from a future JDK release
Warning: Nashorn engine is planned to be removed from a future JDK release
Warning: Nashorn engine is planned to be removed from a future JDK release
Warning: Nashorn engine is planned to be removed from a future JDK release
Warning: Nashorn engine is planned to be removed from a future JDK release
Warning: Nashorn engine is planned to be removed from a future JDK release
Warning: Nashorn engine is planned to be removed from a future JDK release
Warning: Nashorn engine is planned to be removed from a future JDK release
Warning: Nashorn engine is planned to be removed from a future JDK release
Warning: Nashorn engine is planned to be removed from a future JDK release
Warning: Nashorn engine is planned to be removed from a future JDK release
Warning: Nashorn engine is planned to be removed from a future JDK release
Warning: Nashorn engine is planned to be removed from a future JDK release
Warning: Nashorn engine is planned to be removed from a future JDK release
Warning: Nashorn engine is planned to be removed from a future JDK release
Warning: Nashorn engine is planned to be removed from a future JDK release
Warning: Nashorn engine is planned to be removed from a future JDK release
Warning: Nashorn engine is planned to be removed from a future JDK release
Warning: Nashorn engine is planned to be removed from a future JDK release
Warning: Nashorn engine is planned to be removed from a future JDK release
Warning: Nashorn engine is planned to be removed from a future JDK release
Warning: Nashorn engine is planned to be removed from a future JDK release
Warning: Nashorn engine is planned to be removed from a future JDK release
Warning: Nashorn engine is planned to be removed from a future JDK release
Warning: Nashorn engine is planned to be removed from a future JDK release
Warning: Nashorn engine is planned to be removed from a future JDK release
Warning: Nashorn engine is planned to be removed from a future JDK release
Warning: Nashorn engine is planned to be removed from a future JDK release
Warning: Nashorn engine is planned to be removed from a future JDK release
Warning: Nashorn engine is planned to be removed from a future JDK release
Warning: Nashorn engine is planned to be removed from a future JDK release
Warning: Nashorn engine is planned to be removed from a future JDK release
Warning: Nashorn engine is planned to be removed from a future JDK release
Warning: Nashorn engine is planned to be removed from a future JDK release
Warning: Nashorn engine is planned to be removed from a future JDK release
Warning: Nashorn engine is planned to be removed from a future JDK release
Warning: Nashorn engine is planned to be removed from a future JDK release
Warning: Nashorn engine is planned to be removed from a future JDK release
Warning: Nashorn engine is planned to be removed from a future JDK release
Warning: Nashorn engine is planned to be removed from a future JDK release
Warning: Nashorn engine is planned to be removed from a future JDK release
Warning: Nashorn engine is planned to be removed from a future JDK release
Warning: Nashorn engine is planned to be removed from a future JDK release
Warning: Nashorn engine is planned to be removed from a future JDK release
Warning: Nashorn engine is planned to be removed from a future JDK release
Warning: Nashorn engine is planned to be removed from a future JDK release
Warning: Nashorn engine is planned to be removed from a future JDK release
Warning: Nashorn engine is planned to be removed from a future JDK release
Warning: Nashorn engine is planned to be removed from a future JDK release
Warning: Nashorn engine is planned to be removed from a future JDK release
Warning: Nashorn engine is planned to be removed from a future JDK release
Warning: Nashorn engine is planned to be removed from a future JDK release
Warning: Nashorn engine is planned to be removed from a future JDK release
Warning: Nashorn engine is planned to be removed from a future JDK release
Warning: Nashorn engine is planned to be removed from a future JDK release
Warning: Nashorn engine is planned to be removed from a future JDK release
Warning: Nashorn engine is planned to be removed from a future JDK release
Warning: Nashorn engine is planned to be removed from a future JDK release
Warning: Nashorn engine is planned to be removed from a future JDK release
Warning: Nashorn engine is planned to be removed from a future JDK release
Warning: Nashorn engine is planned to be removed from a future JDK release
Warning: Nashorn engine is planned to be removed from a future JDK release
Warning: Nashorn engine is planned to be removed from a future JDK release
Warning: Nashorn engine is planned to be removed from a future JDK release
Warning: Nashorn engine is planned to be removed from a future JDK release
Warning: Nashorn engine is planned to be removed from a future JDK release
Warning: Nashorn engine is planned to be removed from a future JDK release
Warning: Nashorn engine is planned to be removed from a future JDK release
Warning: Nashorn engine is planned to be removed from a future JDK release
Warning: Nashorn engine is planned to be removed from a future JDK release
Warning: Nashorn engine is planned to be removed from a future JDK release
Warning: Nashorn engine is planned to be removed from a future JDK release
Warning: Nashorn engine is planned to be removed from a future JDK release
Warning: Nashorn engine is planned to be removed from a future JDK release
Warning: Nashorn engine is planned to be removed from a future JDK release
Warning: Nashorn engine is planned to be removed from a future JDK release
Warning: Nashorn engine is planned to be removed from a future JDK release
Warning: Nashorn engine is planned to be removed from a future JDK release
Warning: Nashorn engine is planned to be removed from a future JDK release
Warning: Nashorn engine is planned to be removed from a future JDK release
Warning: Nashorn engine is planned to be removed from a future JDK release
Warning: Nashorn engine is planned to be removed from a future JDK release
Warning: Nashorn engine is planned to be removed from a future JDK release
Warning: Nashorn engine is planned to be removed from a future JDK release
Warning: Nashorn engine is planned to be removed from a future JDK release
Warning: Nashorn engine is planned to be removed from a future JDK release
Warning: Nashorn engine is planned to be removed from a future JDK release
Warning: Nashorn engine is planned to be removed from a future JDK release
Warning: Nashorn engine is planned to be removed from a future JDK release
Warning: Nashorn engine is planned to be removed from a future JDK release
Warning: Nashorn engine is planned to be removed from a future JDK release
Warning: Nashorn engine is planned to be removed from a future JDK release
Warning: Nashorn engine is planned to be removed from a future JDK release
Warning: Nashorn engine is planned to be removed from a future JDK release
Warning: Nashorn engine is planned to be removed from a future JDK release
Warning: Nashorn engine is planned to be removed from a future JDK release
Warning: Nashorn engine is planned to be removed from a future JDK release
Warning: Nashorn engine is planned to be removed from a future JDK release
Warning: Nashorn engine is planned to be removed from a future JDK release
Warning: Nashorn engine is planned to be removed from a future JDK release
Warning: Nashorn engine is planned to be removed from a future JDK release
Warning: Nashorn engine is planned to be removed from a future JDK release
Warning: Nashorn engine is planned to be removed from a future JDK release
Warning: Nashorn engine is planned to be removed from a future JDK release
Warning: Nashorn engine is planned to be removed from a future JDK release
Warning: Nashorn engine is planned to be removed from a future JDK release
Warning: Nashorn engine is planned to be removed from a future JDK release
Warning: Nashorn engine is planned to be removed from a future JDK release
Warning: Nashorn engine is planned to be removed from a future JDK release
Warning: Nashorn engine is planned to be removed from a future JDK release
Warning: Nashorn engine is planned to be removed from a future JDK release
Warning: Nashorn engine is planned to be removed from a future JDK release
Warning: Nashorn engine is planned to be removed from a future JDK release
Warning: Nashorn engine is planned to be removed from a future JDK release
Warning: Nashorn engine is planned to be removed from a future JDK release
Warning: Nashorn engine is planned to be removed from a future JDK release
Warning: Nashorn engine is planned to be removed from a future JDK release
Warning: Nashorn engine is planned to be removed from a future JDK release
Warning: Nashorn engine is planned to be removed from a future JDK release
Warning: Nashorn engine is planned to be removed from a future JDK release
Warning: Nashorn engine is planned to be removed from a future JDK release
Warning: Nashorn engine is planned to be removed from a future JDK release
Warning: Nashorn engine is planned to be removed from a future JDK release
Warning: Nashorn engine is planned to be removed from a future JDK release
Warning: Nashorn engine is planned to be removed from a future JDK release
Warning: Nashorn engine is planned to be removed from a future JDK release
Warning: Nashorn engine is planned to be removed from a future JDK release
Warning: Nashorn engine is planned to be removed from a future JDK release
Warning: Nashorn engine is planned to be removed from a future JDK release
Warning: Nashorn engine is planned to be removed from a future JDK release
Warning: Nashorn engine is planned to be removed from a future JDK release
Warning: Nashorn engine is planned to be removed from a future JDK release
Warning: Nashorn engine is planned to be removed from a future JDK release
Warning: Nashorn engine is planned to be removed from a future JDK release
Warning: Nashorn engine is planned to be removed from a future JDK release
Warning: Nashorn engine is planned to be removed from a future JDK release
Warning: Nashorn engine is planned to be removed from a future JDK release
Warning: Nashorn engine is planned to be removed from a future JDK release
Warning: Nashorn engine is planned to be removed from a future JDK release
Warning: Nashorn engine is planned to be removed from a future JDK release
Warning: Nashorn engine is planned to be removed from a future JDK release
Warning: Nashorn engine is planned to be removed from a future JDK release
Warning: Nashorn engine is planned to be removed from a future JDK release
Warning: Nashorn engine is planned to be removed from a future JDK release
Warning: Nashorn engine is planned to be removed from a future JDK release
Warning: Nashorn engine is planned to be removed from a future JDK release
Warning: Nashorn engine is planned to be removed from a future JDK release
Warning: Nashorn engine is planned to be removed from a future JDK release
Warning: Nashorn engine is planned to be removed from a future JDK release
Warning: Nashorn engine is planned to be removed from a future JDK release
Warning: Nashorn engine is planned to be removed from a future JDK release
Warning: Nashorn engine is planned to be removed from a future JDK release
Warning: Nashorn engine is planned to be removed from a future JDK release
Warning: Nashorn engine is planned to be removed from a future JDK release
Warning: Nashorn engine is planned to be removed from a future JDK release
Warning: Nashorn engine is planned to be removed from a future JDK release
Warning: Nashorn engine is planned to be removed from a future JDK release
Warning: Nashorn engine is planned to be removed from a future JDK release
Warning: Nashorn engine is planned to be removed from a future JDK release
Warning: Nashorn engine is planned to be removed from a future JDK release
Warning: Nashorn engine is planned to be removed from a future JDK release
Warning: Nashorn engine is planned to be removed from a future JDK release
Warning: Nashorn engine is planned to be removed from a future JDK release
Warning: Nashorn engine is planned to be removed from a future JDK release
Warning: Nashorn engine is planned to be removed from a future JDK release
Warning: Nashorn engine is planned to be removed from a future JDK release
Warning: Nashorn engine is planned to be removed from a future JDK release
Warning: Nashorn engine is planned to be removed from a future JDK release
Warning: Nashorn engine is planned to be removed from a future JDK release
Warning: Nashorn engine is planned to be removed from a future JDK release
Warning: Nashorn engine is planned to be removed from a future JDK release
Warning: Nashorn engine is planned to be removed from a future JDK release
Warning: Nashorn engine is planned to be removed from a future JDK release
Warning: Nashorn engine is planned to be removed from a future JDK release
Warning: Nashorn engine is planned to be removed from a future JDK release
Warning: Nashorn engine is planned to be removed from a future JDK release
Warning: Nashorn engine is planned to be removed from a future JDK release
Warning: Nashorn engine is planned to be removed from a future JDK release
Warning: Nashorn engine is planned to be removed from a future JDK release
Warning: Nashorn engine is planned to be removed from a future JDK release
Warning: Nashorn engine is planned to be removed from a future JDK release
Warning: Nashorn engine is planned to be removed from a future JDK release
Warning: Nashorn engine is planned to be removed from a future JDK release
Warning: Nashorn engine is planned to be removed from a future JDK release
Warning: Nashorn engine is planned to be removed from a future JDK release
Warning: Nashorn engine is planned to be removed from a future JDK release
Warning: Nashorn engine is planned to be removed from a future JDK release
Warning: Nashorn engine is planned to be removed from a future JDK release
Warning: Nashorn engine is planned to be removed from a future JDK release
Warning: Nashorn engine is planned to be removed from a future JDK release
Warning: Nashorn engine is planned to be removed from a future JDK release
Warning: Nashorn engine is planned to be removed from a future JDK release
Warning: Nashorn engine is planned to be removed from a future JDK release
Warning: Nashorn engine is planned to be removed from a future JDK release
Warning: Nashorn engine is planned to be removed from a future JDK release
Warning: Nashorn engine is planned to be removed from a future JDK release
Warning: Nashorn engine is planned to be removed from a future JDK release
Warning: Nashorn engine is planned to be removed from a future JDK release
Warning: Nashorn engine is planned to be removed from a future JDK release
Warning: Nashorn engine is planned to be removed from a future JDK release
Warning: Nashorn engine is planned to be removed from a future JDK release
Warning: Nashorn engine is planned to be removed from a future JDK release
Warning: Nashorn engine is planned to be removed from a future JDK release
Warning: Nashorn engine is planned to be removed from a future JDK release
Warning: Nashorn engine is planned to be removed from a future JDK release
Warning: Nashorn engine is planned to be removed from a future JDK release
Warning: Nashorn engine is planned to be removed from a future JDK release
Warning: Nashorn engine is planned to be removed from a future JDK release
Warning: Nashorn engine is planned to be removed from a future JDK release
Warning: Nashorn engine is planned to be removed from a future JDK release
Warning: Nashorn engine is planned to be removed from a future JDK release
Warning: Nashorn engine is planned to be removed from a future JDK release
Warning: Nashorn engine is planned to be removed from a future JDK release
Warning: Nashorn engine is planned to be removed from a future JDK release
Warning: Nashorn engine is planned to be removed from a future JDK release
Warning: Nashorn engine is planned to be removed from a future JDK release
Warning: Nashorn engine is planned to be removed from a future JDK release
Warning: Nashorn engine is planned to be removed from a future JDK release
Warning: Nashorn engine is planned to be removed from a future JDK release
Warning: Nashorn engine is planned to be removed from a future JDK release
Warning: Nashorn engine is planned to be removed from a future JDK release
Warning: Nashorn engine is planned to be removed from a future JDK release
Warning: Nashorn engine is planned to be removed from a future JDK release
Warning: Nashorn engine is planned to be removed from a future JDK release
Warning: Nashorn engine is planned to be removed from a future JDK release
Warning: Nashorn engine is planned to be removed from a future JDK release
Warning: Nashorn engine is planned to be removed from a future JDK release
Warning: Nashorn engine is planned to be removed from a future JDK release
Warning: Nashorn engine is planned to be removed from a future JDK release
Warning: Nashorn engine is planned to be removed from a future JDK release
Warning: Nashorn engine is planned to be removed from a future JDK release
Warning: Nashorn engine is planned to be removed from a future JDK release
Warning: Nashorn engine is planned to be removed from a future JDK release
Warning: Nashorn engine is planned to be removed from a future JDK release
Warning: Nashorn engine is planned to be removed from a future JDK release
Warning: Nashorn engine is planned to be removed from a future JDK release
Warning: Nashorn engine is planned to be removed from a future JDK release
Warning: Nashorn engine is planned to be removed from a future JDK release
Warning: Nashorn engine is planned to be removed from a future JDK release
Warning: Nashorn engine is planned to be removed from a future JDK release
Warning: Nashorn engine is planned to be removed from a future JDK release
Warning: Nashorn engine is planned to be removed from a future JDK release
Warning: Nashorn engine is planned to be removed from a future JDK release
Warning: Nashorn engine is planned to be removed from a future JDK release
Warning: Nashorn engine is planned to be removed from a future JDK release
Warning: Nashorn engine is planned to be removed from a future JDK release
Warning: Nashorn engine is planned to be removed from a future JDK release
Warning: Nashorn engine is planned to be removed from a future JDK release
Warning: Nashorn engine is planned to be removed from a future JDK release
Warning: Nashorn engine is planned to be removed from a future JDK release
Warning: Nashorn engine is planned to be removed from a future JDK release
Warning: Nashorn engine is planned to be removed from a future JDK release
Warning: Nashorn engine is planned to be removed from a future JDK release
Warning: Nashorn engine is planned to be removed from a future JDK release
Warning: Nashorn engine is planned to be removed from a future JDK release
Warning: Nashorn engine is planned to be removed from a future JDK release
Warning: Nashorn engine is planned to be removed from a future JDK release
Warning: Nashorn engine is planned to be removed from a future JDK release
Warning: Nashorn engine is planned to be removed from a future JDK release
Warning: Nashorn engine is planned to be removed from a future JDK release
Warning: Nashorn engine is planned to be removed from a future JDK release
Warning: Nashorn engine is planned to be removed from a future JDK release
Warning: Nashorn engine is planned to be removed from a future JDK release
Warning: Nashorn engine is planned to be removed from a future JDK release
Warning: Nashorn engine is planned to be removed from a future JDK release
Warning: Nashorn engine is planned to be removed from a future JDK release
Warning: Nashorn engine is planned to be removed from a future JDK release
Warning: Nashorn engine is planned to be removed from a future JDK release
Warning: Nashorn engine is planned to be removed from a future JDK release
Warning: Nashorn engine is planned to be removed from a future JDK release
Warning: Nashorn engine is planned to be removed from a future JDK release
Warning: Nashorn engine is planned to be removed from a future JDK release
Warning: Nashorn engine is planned to be removed from a future JDK release
Warning: Nashorn engine is planned to be removed from a future JDK release
Warning: Nashorn engine is planned to be removed from a future JDK release
Warning: Nashorn engine is planned to be removed from a future JDK release
Warning: Nashorn engine is planned to be removed from a future JDK release
Warning: Nashorn engine is planned to be removed from a future JDK release
Warning: Nashorn engine is planned to be removed from a future JDK release
Warning: Nashorn engine is planned to be removed from a future JDK release
Warning: Nashorn engine is planned to be removed from a future JDK release
Warning: Nashorn engine is planned to be removed from a future JDK release
Warning: Nashorn engine is planned to be removed from a future JDK release
Warning: Nashorn engine is planned to be removed from a future JDK release
Warning: Nashorn engine is planned to be removed from a future JDK release
Warning: Nashorn engine is planned to be removed from a future JDK release
Warning: Nashorn engine is planned to be removed from a future JDK release
Warning: Nashorn engine is planned to be removed from a future JDK release
Warning: Nashorn engine is planned to be removed from a future JDK release
Warning: Nashorn engine is planned to be removed from a future JDK release
Warning: Nashorn engine is planned to be removed from a future JDK release
Warning: Nashorn engine is planned to be removed from a future JDK release
Warning: Nashorn engine is planned to be removed from a future JDK release
Warning: Nashorn engine is planned to be removed from a future JDK release
Warning: Nashorn engine is planned to be removed from a future JDK release
Warning: Nashorn engine is planned to be removed from a future JDK release
Warning: Nashorn engine is planned to be removed from a future JDK release
Warning: Nashorn engine is planned to be removed from a future JDK release
Warning: Nashorn engine is planned to be removed from a future JDK release
Warning: Nashorn engine is planned to be removed from a future JDK release
Warning: Nashorn engine is planned to be removed from a future JDK release
Warning: Nashorn engine is planned to be removed from a future JDK release
Warning: Nashorn engine is planned to be removed from a future JDK release
Warning: Nashorn engine is planned to be removed from a future JDK release
Warning: Nashorn engine is planned to be removed from a future JDK release
Warning: Nashorn engine is planned to be removed from a future JDK release
Warning: Nashorn engine is planned to be removed from a future JDK release
Warning: Nashorn engine is planned to be removed from a future JDK release
Warning: Nashorn engine is planned to be removed from a future JDK release
Warning: Nashorn engine is planned to be removed from a future JDK release
Warning: Nashorn engine is planned to be removed from a future JDK release
Warning: Nashorn engine is planned to be removed from a future JDK release
Warning: Nashorn engine is planned to be removed from a future JDK release
Warning: Nashorn engine is planned to be removed from a future JDK release
Warning: Nashorn engine is planned to be removed from a future JDK release
Warning: Nashorn engine is planned to be removed from a future JDK release
Warning: Nashorn engine is planned to be removed from a future JDK release
Warning: Nashorn engine is planned to be removed from a future JDK release
Warning: Nashorn engine is planned to be removed from a future JDK release
Warning: Nashorn engine is planned to be removed from a future JDK release
Warning: Nashorn engine is planned to be removed from a future JDK release
Warning: Nashorn engine is planned to be removed from a future JDK release
Warning: Nashorn engine is planned to be removed from a future JDK release
Warning: Nashorn engine is planned to be removed from a future JDK release
Warning: Nashorn engine is planned to be removed from a future JDK release
Warning: Nashorn engine is planned to be removed from a future JDK release
Warning: Nashorn engine is planned to be removed from a future JDK release
Warning: Nashorn engine is planned to be removed from a future JDK release
Warning: Nashorn engine is planned to be removed from a future JDK release
Warning: Nashorn engine is planned to be removed from a future JDK release
Warning: Nashorn engine is planned to be removed from a future JDK release
Warning: Nashorn engine is planned to be removed from a future JDK release
Warning: Nashorn engine is planned to be removed from a future JDK release
Warning: Nashorn engine is planned to be removed from a future JDK release
Warning: Nashorn engine is planned to be removed from a future JDK release
Warning: Nashorn engine is planned to be removed from a future JDK release
Warning: Nashorn engine is planned to be removed from a future JDK release
Warning: Nashorn engine is planned to be removed from a future JDK release
Warning: Nashorn engine is planned to be removed from a future JDK release
Warning: Nashorn engine is planned to be removed from a future JDK release
Warning: Nashorn engine is planned to be removed from a future JDK release
Warning: Nashorn engine is planned to be removed from a future JDK release
Warning: Nashorn engine is planned to be removed from a future JDK release
Warning: Nashorn engine is planned to be removed from a future JDK release
Warning: Nashorn engine is planned to be removed from a future JDK release
Warning: Nashorn engine is planned to be removed from a future JDK release
Warning: Nashorn engine is planned to be removed from a future JDK release
Warning: Nashorn engine is planned to be removed from a future JDK release
Warning: Nashorn engine is planned to be removed from a future JDK release
Warning: Nashorn engine is planned to be removed from a future JDK release
Warning: Nashorn engine is planned to be removed from a future JDK release
Warning: Nashorn engine is planned to be removed from a future JDK release
Warning: Nashorn engine is planned to be removed from a future JDK release
Warning: Nashorn engine is planned to be removed from a future JDK release
Warning: Nashorn engine is planned to be removed from a future JDK release
Warning: Nashorn engine is planned to be removed from a future JDK release
Warning: Nashorn engine is planned to be removed from a future JDK release
Warning: Nashorn engine is planned to be removed from a future JDK release
Warning: Nashorn engine is planned to be removed from a future JDK release
Warning: Nashorn engine is planned to be removed from a future JDK release
Warning: Nashorn engine is planned to be removed from a future JDK release
Warning: Nashorn engine is planned to be removed from a future JDK release
Warning: Nashorn engine is planned to be removed from a future JDK release
Warning: Nashorn engine is planned to be removed from a future JDK release
Warning: Nashorn engine is planned to be removed from a future JDK release
Warning: Nashorn engine is planned to be removed from a future JDK release
Warning: Nashorn engine is planned to be removed from a future JDK release
Warning: Nashorn engine is planned to be removed from a future JDK release
Warning: Nashorn engine is planned to be removed from a future JDK release
Warning: Nashorn engine is planned to be removed from a future JDK release
Warning: Nashorn engine is planned to be removed from a future JDK release
Warning: Nashorn engine is planned to be removed from a future JDK release
Warning: Nashorn engine is planned to be removed from a future JDK release
Warning: Nashorn engine is planned to be removed from a future JDK release
Warning: Nashorn engine is planned to be removed from a future JDK release
Warning: Nashorn engine is planned to be removed from a future JDK release
Warning: Nashorn engine is planned to be removed from a future JDK release
Warning: Nashorn engine is planned to be removed from a future JDK release
Warning: Nashorn engine is planned to be removed from a future JDK release
Warning: Nashorn engine is planned to be removed from a future JDK release
Warning: Nashorn engine is planned to be removed from a future JDK release
Warning: Nashorn engine is planned to be removed from a future JDK release
Warning: Nashorn engine is planned to be removed from a future JDK release
Warning: Nashorn engine is planned to be removed from a future JDK release
Warning: Nashorn engine is planned to be removed from a future JDK release
Warning: Nashorn engine is planned to be removed from a future JDK release
Warning: Nashorn engine is planned to be removed from a future JDK release
Warning: Nashorn engine is planned to be removed from a future JDK release
Warning: Nashorn engine is planned to be removed from a future JDK release
Warning: Nashorn engine is planned to be removed from a future JDK release
Warning: Nashorn engine is planned to be removed from a future JDK release
Warning: Nashorn engine is planned to be removed from a future JDK release
Warning: Nashorn engine is planned to be removed from a future JDK release
Warning: Nashorn engine is planned to be removed from a future JDK release
Warning: Nashorn engine is planned to be removed from a future JDK release
Warning: Nashorn engine is planned to be removed from a future JDK release
Warning: Nashorn engine is planned to be removed from a future JDK release
Warning: Nashorn engine is planned to be removed from a future JDK release
Warning: Nashorn engine is planned to be removed from a future JDK release
Warning: Nashorn engine is planned to be removed from a future JDK release
Warning: Nashorn engine is planned to be removed from a future JDK release
Warning: Nashorn engine is planned to be removed from a future JDK release
Warning: Nashorn engine is planned to be removed from a future JDK release
Warning: Nashorn engine is planned to be removed from a future JDK release
Warning: Nashorn engine is planned to be removed from a future JDK release
Warning: Nashorn engine is planned to be removed from a future JDK release
Warning: Nashorn engine is planned to be removed from a future JDK release
Warning: Nashorn engine is planned to be removed from a future JDK release
Warning: Nashorn engine is planned to be removed from a future JDK release
Warning: Nashorn engine is planned to be removed from a future JDK release
Warning: Nashorn engine is planned to be removed from a future JDK release
Warning: Nashorn engine is planned to be removed from a future JDK release
Warning: Nashorn engine is planned to be removed from a future JDK release
Warning: Nashorn engine is planned to be removed from a future JDK release
Warning: Nashorn engine is planned to be removed from a future JDK release
Warning: Nashorn engine is planned to be removed from a future JDK release
Warning: Nashorn engine is planned to be removed from a future JDK release
Warning: Nashorn engine is planned to be removed from a future JDK release
Warning: Nashorn engine is planned to be removed from a future JDK release
Warning: Nashorn engine is planned to be removed from a future JDK release
Warning: Nashorn engine is planned to be removed from a future JDK release
Warning: Nashorn engine is planned to be removed from a future JDK release
Warning: Nashorn engine is planned to be removed from a future JDK release
Warning: Nashorn engine is planned to be removed from a future JDK release
Warning: Nashorn engine is planned to be removed from a future JDK release
Warning: Nashorn engine is planned to be removed from a future JDK release
Warning: Nashorn engine is planned to be removed from a future JDK release
Warning: Nashorn engine is planned to be removed from a future JDK release
Warning: Nashorn engine is planned to be removed from a future JDK release
Warning: Nashorn engine is planned to be removed from a future JDK release
Warning: Nashorn engine is planned to be removed from a future JDK release
Warning: Nashorn engine is planned to be removed from a future JDK release
Warning: Nashorn engine is planned to be removed from a future JDK release
Warning: Nashorn engine is planned to be removed from a future JDK release
Warning: Nashorn engine is planned to be removed from a future JDK release
Warning: Nashorn engine is planned to be removed from a future JDK release
Warning: Nashorn engine is planned to be removed from a future JDK release
Warning: Nashorn engine is planned to be removed from a future JDK release
Warning: Nashorn engine is planned to be removed from a future JDK release
Warning: Nashorn engine is planned to be removed from a future JDK release
Warning: Nashorn engine is planned to be removed from a future JDK release
Warning: Nashorn engine is planned to be removed from a future JDK release
Warning: Nashorn engine is planned to be removed from a future JDK release
Warning: Nashorn engine is planned to be removed from a future JDK release
Warning: Nashorn engine is planned to be removed from a future JDK release
Warning: Nashorn engine is planned to be removed from a future JDK release
Warning: Nashorn engine is planned to be removed from a future JDK release
Warning: Nashorn engine is planned to be removed from a future JDK release
Warning: Nashorn engine is planned to be removed from a future JDK release
Warning: Nashorn engine is planned to be removed from a future JDK release
Warning: Nashorn engine is planned to be removed from a future JDK release
Warning: Nashorn engine is planned to be removed from a future JDK release
Warning: Nashorn engine is planned to be removed from a future JDK release
Warning: Nashorn engine is planned to be removed from a future JDK release
Warning: Nashorn engine is planned to be removed from a future JDK release
Warning: Nashorn engine is planned to be removed from a future JDK release
Warning: Nashorn engine is planned to be removed from a future JDK release
Warning: Nashorn engine is planned to be removed from a future JDK release
Warning: Nashorn engine is planned to be removed from a future JDK release
Warning: Nashorn engine is planned to be removed from a future JDK release
Warning: Nashorn engine is planned to be removed from a future JDK release
Warning: Nashorn engine is planned to be removed from a future JDK release
Warning: Nashorn engine is planned to be removed from a future JDK release
Warning: Nashorn engine is planned to be removed from a future JDK release
Warning: Nashorn engine is planned to be removed from a future JDK release
Warning: Nashorn engine is planned to be removed from a future JDK release
Warning: Nashorn engine is planned to be removed from a future JDK release
Warning: Nashorn engine is planned to be removed from a future JDK release
Warning: Nashorn engine is planned to be removed from a future JDK release
Warning: Nashorn engine is planned to be removed from a future JDK release
Warning: Nashorn engine is planned to be removed from a future JDK release
Warning: Nashorn engine is planned to be removed from a future JDK release
Warning: Nashorn engine is planned to be removed from a future JDK release
Warning: Nashorn engine is planned to be removed from a future JDK release
Warning: Nashorn engine is planned to be removed from a future JDK release
Warning: Nashorn engine is planned to be removed from a future JDK release
Warning: Nashorn engine is planned to be removed from a future JDK release
Warning: Nashorn engine is planned to be removed from a future JDK release
Warning: Nashorn engine is planned to be removed from a future JDK release
Warning: Nashorn engine is planned to be removed from a future JDK release
Warning: Nashorn engine is planned to be removed from a future JDK release
Warning: Nashorn engine is planned to be removed from a future JDK release
Warning: Nashorn engine is planned to be removed from a future JDK release
Warning: Nashorn engine is planned to be removed from a future JDK release
Warning: Nashorn engine is planned to be removed from a future JDK release
Warning: Nashorn engine is planned to be removed from a future JDK release
Warning: Nashorn engine is planned to be removed from a future JDK release
Warning: Nashorn engine is planned to be removed from a future JDK release
Warning: Nashorn engine is planned to be removed from a future JDK release
Warning: Nashorn engine is planned to be removed from a future JDK release
Warning: Nashorn engine is planned to be removed from a future JDK release
Warning: Nashorn engine is planned to be removed from a future JDK release
Warning: Nashorn engine is planned to be removed from a future JDK release
Warning: Nashorn engine is planned to be removed from a future JDK release
Warning: Nashorn engine is planned to be removed from a future JDK release
Warning: Nashorn engine is planned to be removed from a future JDK release
Warning: Nashorn engine is planned to be removed from a future JDK release
Warning: Nashorn engine is planned to be removed from a future JDK release
Warning: Nashorn engine is planned to be removed from a future JDK release
Warning: Nashorn engine is planned to be removed from a future JDK release
Warning: Nashorn engine is planned to be removed from a future JDK release
Warning: Nashorn engine is planned to be removed from a future JDK release
Warning: Nashorn engine is planned to be removed from a future JDK release
Warning: Nashorn engine is planned to be removed from a future JDK release
Warning: Nashorn engine is planned to be removed from a future JDK release
Warning: Nashorn engine is planned to be removed from a future JDK release
Warning: Nashorn engine is planned to be removed from a future JDK release
Warning: Nashorn engine is planned to be removed from a future JDK release
Warning: Nashorn engine is planned to be removed from a future JDK release
Warning: Nashorn engine is planned to be removed from a future JDK release
Warning: Nashorn engine is planned to be removed from a future JDK release
Warning: Nashorn engine is planned to be removed from a future JDK release
Warning: Nashorn engine is planned to be removed from a future JDK release
Warning: Nashorn engine is planned to be removed from a future JDK release
Warning: Nashorn engine is planned to be removed from a future JDK release
Warning: Nashorn engine is planned to be removed from a future JDK release
Warning: Nashorn engine is planned to be removed from a future JDK release
Warning: Nashorn engine is planned to be removed from a future JDK release
Warning: Nashorn engine is planned to be removed from a future JDK release
Warning: Nashorn engine is planned to be removed from a future JDK release
Warning: Nashorn engine is planned to be removed from a future JDK release
Warning: Nashorn engine is planned to be removed from a future JDK release
Warning: Nashorn engine is planned to be removed from a future JDK release
Warning: Nashorn engine is planned to be removed from a future JDK release
Warning: Nashorn engine is planned to be removed from a future JDK release
Warning: Nashorn engine is planned to be removed from a future JDK release
Warning: Nashorn engine is planned to be removed from a future JDK release
Warning: Nashorn engine is planned to be removed from a future JDK release
Warning: Nashorn engine is planned to be removed from a future JDK release
Warning: Nashorn engine is planned to be removed from a future JDK release
Warning: Nashorn engine is planned to be removed from a future JDK release
Warning: Nashorn engine is planned to be removed from a future JDK release
Warning: Nashorn engine is planned to be removed from a future JDK release
Warning: Nashorn engine is planned to be removed from a future JDK release
Warning: Nashorn engine is planned to be removed from a future JDK release
Warning: Nashorn engine is planned to be removed from a future JDK release
Warning: Nashorn engine is planned to be removed from a future JDK release
Warning: Nashorn engine is planned to be removed from a future JDK release
Warning: Nashorn engine is planned to be removed from a future JDK release
Warning: Nashorn engine is planned to be removed from a future JDK release
Warning: Nashorn engine is planned to be removed from a future JDK release
Warning: Nashorn engine is planned to be removed from a future JDK release
Warning: Nashorn engine is planned to be removed from a future JDK release
Warning: Nashorn engine is planned to be removed from a future JDK release
Warning: Nashorn engine is planned to be removed from a future JDK release
Warning: Nashorn engine is planned to be removed from a future JDK release
Warning: Nashorn engine is planned to be removed from a future JDK release
Warning: Nashorn engine is planned to be removed from a future JDK release
Warning: Nashorn engine is planned to be removed from a future JDK release
Warning: Nashorn engine is planned to be removed from a future JDK release
Warning: Nashorn engine is planned to be removed from a future JDK release
Warning: Nashorn engine is planned to be removed from a future JDK release
Warning: Nashorn engine is planned to be removed from a future JDK release
Warning: Nashorn engine is planned to be removed from a future JDK release
Warning: Nashorn engine is planned to be removed from a future JDK release
Warning: Nashorn engine is planned to be removed from a future JDK release
Warning: Nashorn engine is planned to be removed from a future JDK release
Warning: Nashorn engine is planned to be removed from a future JDK release
Warning: Nashorn engine is planned to be removed from a future JDK release
Warning: Nashorn engine is planned to be removed from a future JDK release
Warning: Nashorn engine is planned to be removed from a future JDK release
Warning: Nashorn engine is planned to be removed from a future JDK release
Warning: Nashorn engine is planned to be removed from a future JDK release
Warning: Nashorn engine is planned to be removed from a future JDK release
Warning: Nashorn engine is planned to be removed from a future JDK release
Warning: Nashorn engine is planned to be removed from a future JDK release
Warning: Nashorn engine is planned to be removed from a future JDK release
Warning: Nashorn engine is planned to be removed from a future JDK release
Warning: Nashorn engine is planned to be removed from a future JDK release
Warning: Nashorn engine is planned to be removed from a future JDK release
Warning: Nashorn engine is planned to be removed from a future JDK release
Warning: Nashorn engine is planned to be removed from a future JDK release
Warning: Nashorn engine is planned to be removed from a future JDK release
Warning: Nashorn engine is planned to be removed from a future JDK release
Warning: Nashorn engine is planned to be removed from a future JDK release
Warning: Nashorn engine is planned to be removed from a future JDK release
Warning: Nashorn engine is planned to be removed from a future JDK release
Warning: Nashorn engine is planned to be removed from a future JDK release
Warning: Nashorn engine is planned to be removed from a future JDK release
Warning: Nashorn engine is planned to be removed from a future JDK release
Warning: Nashorn engine is planned to be removed from a future JDK release
Warning: Nashorn engine is planned to be removed from a future JDK release
Warning: Nashorn engine is planned to be removed from a future JDK release
Warning: Nashorn engine is planned to be removed from a future JDK release
Warning: Nashorn engine is planned to be removed from a future JDK release
Warning: Nashorn engine is planned to be removed from a future JDK release
Warning: Nashorn engine is planned to be removed from a future JDK release
Warning: Nashorn engine is planned to be removed from a future JDK release
Warning: Nashorn engine is planned to be removed from a future JDK release
Warning: Nashorn engine is planned to be removed from a future JDK release
Warning: Nashorn engine is planned to be removed from a future JDK release
Warning: Nashorn engine is planned to be removed from a future JDK release
Warning: Nashorn engine is planned to be removed from a future JDK release
Warning: Nashorn engine is planned to be removed from a future JDK release
Warning: Nashorn engine is planned to be removed from a future JDK release
Warning: Nashorn engine is planned to be removed from a future JDK release
Warning: Nashorn engine is planned to be removed from a future JDK release
Warning: Nashorn engine is planned to be removed from a future JDK release
Warning: Nashorn engine is planned to be removed from a future JDK release
Warning: Nashorn engine is planned to be removed from a future JDK release
Warning: Nashorn engine is planned to be removed from a future JDK release
Warning: Nashorn engine is planned to be removed from a future JDK release
Warning: Nashorn engine is planned to be removed from a future JDK release
Warning: Nashorn engine is planned to be removed from a future JDK release
Warning: Nashorn engine is planned to be removed from a future JDK release
Warning: Nashorn engine is planned to be removed from a future JDK release
Warning: Nashorn engine is planned to be removed from a future JDK release
Warning: Nashorn engine is planned to be removed from a future JDK release
Warning: Nashorn engine is planned to be removed from a future JDK release
Warning: Nashorn engine is planned to be removed from a future JDK release
Warning: Nashorn engine is planned to be removed from a future JDK release
Warning: Nashorn engine is planned to be removed from a future JDK release
Warning: Nashorn engine is planned to be removed from a future JDK release
Warning: Nashorn engine is planned to be removed from a future JDK release
Warning: Nashorn engine is planned to be removed from a future JDK release
Warning: Nashorn engine is planned to be removed from a future JDK release
Warning: Nashorn engine is planned to be removed from a future JDK release
Warning: Nashorn engine is planned to be removed from a future JDK release
Warning: Nashorn engine is planned to be removed from a future JDK release
Warning: Nashorn engine is planned to be removed from a future JDK release
Warning: Nashorn engine is planned to be removed from a future JDK release
Warning: Nashorn engine is planned to be removed from a future JDK release
Warning: Nashorn engine is planned to be removed from a future JDK release
Warning: Nashorn engine is planned to be removed from a future JDK release
Warning: Nashorn engine is planned to be removed from a future JDK release
Warning: Nashorn engine is planned to be removed from a future JDK release
Warning: Nashorn engine is planned to be removed from a future JDK release
Warning: Nashorn engine is planned to be removed from a future JDK release
Warning: Nashorn engine is planned to be removed from a future JDK release
Warning: Nashorn engine is planned to be removed from a future JDK release
Warning: Nashorn engine is planned to be removed from a future JDK release
Warning: Nashorn engine is planned to be removed from a future JDK release
Warning: Nashorn engine is planned to be removed from a future JDK release
Warning: Nashorn engine is planned to be removed from a future JDK release
Warning: Nashorn engine is planned to be removed from a future JDK release
Warning: Nashorn engine is planned to be removed from a future JDK release
Warning: Nashorn engine is planned to be removed from a future JDK release
Warning: Nashorn engine is planned to be removed from a future JDK release
Warning: Nashorn engine is planned to be removed from a future JDK release
Warning: Nashorn engine is planned to be removed from a future JDK release
Warning: Nashorn engine is planned to be removed from a future JDK release
Warning: Nashorn engine is planned to be removed from a future JDK release
Warning: Nashorn engine is planned to be removed from a future JDK release
Warning: Nashorn engine is planned to be removed from a future JDK release
Warning: Nashorn engine is planned to be removed from a future JDK release
Warning: Nashorn engine is planned to be removed from a future JDK release
Warning: Nashorn engine is planned to be removed from a future JDK release
Warning: Nashorn engine is planned to be removed from a future JDK release
Warning: Nashorn engine is planned to be removed from a future JDK release
Warning: Nashorn engine is planned to be removed from a future JDK release
Warning: Nashorn engine is planned to be removed from a future JDK release
Warning: Nashorn engine is planned to be removed from a future JDK release
Warning: Nashorn engine is planned to be removed from a future JDK release
Warning: Nashorn engine is planned to be removed from a future JDK release
Warning: Nashorn engine is planned to be removed from a future JDK release
Warning: Nashorn engine is planned to be removed from a future JDK release
Warning: Nashorn engine is planned to be removed from a future JDK release
Warning: Nashorn engine is planned to be removed from a future JDK release
Warning: Nashorn engine is planned to be removed from a future JDK release
Warning: Nashorn engine is planned to be removed from a future JDK release
Warning: Nashorn engine is planned to be removed from a future JDK release
Warning: Nashorn engine is planned to be removed from a future JDK release
Warning: Nashorn engine is planned to be removed from a future JDK release
Warning: Nashorn engine is planned to be removed from a future JDK release
Warning: Nashorn engine is planned to be removed from a future JDK release
Warning: Nashorn engine is planned to be removed from a future JDK release
Warning: Nashorn engine is planned to be removed from a future JDK release
Warning: Nashorn engine is planned to be removed from a future JDK release
Warning: Nashorn engine is planned to be removed from a future JDK release
Warning: Nashorn engine is planned to be removed from a future JDK release
Warning: Nashorn engine is planned to be removed from a future JDK release
Warning: Nashorn engine is planned to be removed from a future JDK release
Warning: Nashorn engine is planned to be removed from a future JDK release
Warning: Nashorn engine is planned to be removed from a future JDK release
Warning: Nashorn engine is planned to be removed from a future JDK release
Warning: Nashorn engine is planned to be removed from a future JDK release
Warning: Nashorn engine is planned to be removed from a future JDK release
Warning: Nashorn engine is planned to be removed from a future JDK release
Warning: Nashorn engine is planned to be removed from a future JDK release
Warning: Nashorn engine is planned to be removed from a future JDK release
Warning: Nashorn engine is planned to be removed from a future JDK release
Warning: Nashorn engine is planned to be removed from a future JDK release
Warning: Nashorn engine is planned to be removed from a future JDK release
Warning: Nashorn engine is planned to be removed from a future JDK release
Warning: Nashorn engine is planned to be removed from a future JDK release
Warning: Nashorn engine is planned to be removed from a future JDK release
Warning: Nashorn engine is planned to be removed from a future JDK release
Warning: Nashorn engine is planned to be removed from a future JDK release
Warning: Nashorn engine is planned to be removed from a future JDK release
Warning: Nashorn engine is planned to be removed from a future JDK release
Warning: Nashorn engine is planned to be removed from a future JDK release
Warning: Nashorn engine is planned to be removed from a future JDK release
Warning: Nashorn engine is planned to be removed from a future JDK release
Warning: Nashorn engine is planned to be removed from a future JDK release
Warning: Nashorn engine is planned to be removed from a future JDK release
Warning: Nashorn engine is planned to be removed from a future JDK release
Warning: Nashorn engine is planned to be removed from a future JDK release
Warning: Nashorn engine is planned to be removed from a future JDK release
Warning: Nashorn engine is planned to be removed from a future JDK release
Warning: Nashorn engine is planned to be removed from a future JDK release
Warning: Nashorn engine is planned to be removed from a future JDK release
Warning: Nashorn engine is planned to be removed from a future JDK release
Warning: Nashorn engine is planned to be removed from a future JDK release
Warning: Nashorn engine is planned to be removed from a future JDK release
Warning: Nashorn engine is planned to be removed from a future JDK release
Warning: Nashorn engine is planned to be removed from a future JDK release
Warning: Nashorn engine is planned to be removed from a future JDK release
Warning: Nashorn engine is planned to be removed from a future JDK release
Warning: Nashorn engine is planned to be removed from a future JDK release
Warning: Nashorn engine is planned to be removed from a future JDK release
Warning: Nashorn engine is planned to be removed from a future JDK release
Warning: Nashorn engine is planned to be removed from a future JDK release
Warning: Nashorn engine is planned to be removed from a future JDK release
Warning: Nashorn engine is planned to be removed from a future JDK release
Warning: Nashorn engine is planned to be removed from a future JDK release
Warning: Nashorn engine is planned to be removed from a future JDK release
Warning: Nashorn engine is planned to be removed from a future JDK release
Warning: Nashorn engine is planned to be removed from a future JDK release
Warning: Nashorn engine is planned to be removed from a future JDK release
Warning: Nashorn engine is planned to be removed from a future JDK release
Warning: Nashorn engine is planned to be removed from a future JDK release
Warning: Nashorn engine is planned to be removed from a future JDK release
Warning: Nashorn engine is planned to be removed from a future JDK release
Warning: Nashorn engine is planned to be removed from a future JDK release
Warning: Nashorn engine is planned to be removed from a future JDK release
Warning: Nashorn engine is planned to be removed from a future JDK release
Warning: Nashorn engine is planned to be removed from a future JDK release
Warning: Nashorn engine is planned to be removed from a future JDK release
Warning: Nashorn engine is planned to be removed from a future JDK release
Warning: Nashorn engine is planned to be removed from a future JDK release
Warning: Nashorn engine is planned to be removed from a future JDK release
Warning: Nashorn engine is planned to be removed from a future JDK release
Warning: Nashorn engine is planned to be removed from a future JDK release
Warning: Nashorn engine is planned to be removed from a future JDK release
Warning: Nashorn engine is planned to be removed from a future JDK release
Warning: Nashorn engine is planned to be removed from a future JDK release
Warning: Nashorn engine is planned to be removed from a future JDK release
Warning: Nashorn engine is planned to be removed from a future JDK release
Warning: Nashorn engine is planned to be removed from a future JDK release
Warning: Nashorn engine is planned to be removed from a future JDK release
Warning: Nashorn engine is planned to be removed from a future JDK release
Warning: Nashorn engine is planned to be removed from a future JDK release
Warning: Nashorn engine is planned to be removed from a future JDK release
Warning: Nashorn engine is planned to be removed from a future JDK release
Warning: Nashorn engine is planned to be removed from a future JDK release
Warning: Nashorn engine is planned to be removed from a future JDK release
Warning: Nashorn engine is planned to be removed from a future JDK release
Warning: Nashorn engine is planned to be removed from a future JDK release
Warning: Nashorn engine is planned to be removed from a future JDK release
Warning: Nashorn engine is planned to be removed from a future JDK release
Warning: Nashorn engine is planned to be removed from a future JDK release
Warning: Nashorn engine is planned to be removed from a future JDK release
Warning: Nashorn engine is planned to be removed from a future JDK release
Warning: Nashorn engine is planned to be removed from a future JDK release
Warning: Nashorn engine is planned to be removed from a future JDK release
Warning: Nashorn engine is planned to be removed from a future JDK release
Warning: Nashorn engine is planned to be removed from a future JDK release
Warning: Nashorn engine is planned to be removed from a future JDK release
Warning: Nashorn engine is planned to be removed from a future JDK release
Warning: Nashorn engine is planned to be removed from a future JDK release
Warning: Nashorn engine is planned to be removed from a future JDK release
Warning: Nashorn engine is planned to be removed from a future JDK release
Warning: Nashorn engine is planned to be removed from a future JDK release
Warning: Nashorn engine is planned to be removed from a future JDK release
Warning: Nashorn engine is planned to be removed from a future JDK release
Warning: Nashorn engine is planned to be removed from a future JDK release
Warning: Nashorn engine is planned to be removed from a future JDK release
Warning: Nashorn engine is planned to be removed from a future JDK release
Warning: Nashorn engine is planned to be removed from a future JDK release
Warning: Nashorn engine is planned to be removed from a future JDK release
Warning: Nashorn engine is planned to be removed from a future JDK release
Warning: Nashorn engine is planned to be removed from a future JDK release
Warning: Nashorn engine is planned to be removed from a future JDK release
Warning: Nashorn engine is planned to be removed from a future JDK release
Warning: Nashorn engine is planned to be removed from a future JDK release
Warning: Nashorn engine is planned to be removed from a future JDK release
Warning: Nashorn engine is planned to be removed from a future JDK release
Warning: Nashorn engine is planned to be removed from a future JDK release
Warning: Nashorn engine is planned to be removed from a future JDK release
Warning: Nashorn engine is planned to be removed from a future JDK release
Warning: Nashorn engine is planned to be removed from a future JDK release
Warning: Nashorn engine is planned to be removed from a future JDK release
Warning: Nashorn engine is planned to be removed from a future JDK release
Warning: Nashorn engine is planned to be removed from a future JDK release
Warning: Nashorn engine is planned to be removed from a future JDK release
Warning: Nashorn engine is planned to be removed from a future JDK release
Warning: Nashorn engine is planned to be removed from a future JDK release
Warning: Nashorn engine is planned to be removed from a future JDK release
Warning: Nashorn engine is planned to be removed from a future JDK release
Warning: Nashorn engine is planned to be removed from a future JDK release
Warning: Nashorn engine is planned to be removed from a future JDK release
Warning: Nashorn engine is planned to be removed from a future JDK release
Warning: Nashorn engine is planned to be removed from a future JDK release
Warning: Nashorn engine is planned to be removed from a future JDK release
Warning: Nashorn engine is planned to be removed from a future JDK release
Warning: Nashorn engine is planned to be removed from a future JDK release
Warning: Nashorn engine is planned to be removed from a future JDK release
Warning: Nashorn engine is planned to be removed from a future JDK release
Warning: Nashorn engine is planned to be removed from a future JDK release
Warning: Nashorn engine is planned to be removed from a future JDK release
Warning: Nashorn engine is planned to be removed from a future JDK release
Warning: Nashorn engine is planned to be removed from a future JDK release
Warning: Nashorn engine is planned to be removed from a future JDK release
Warning: Nashorn engine is planned to be removed from a future JDK release
Warning: Nashorn engine is planned to be removed from a future JDK release
Warning: Nashorn engine is planned to be removed from a future JDK release
Warning: Nashorn engine is planned to be removed from a future JDK release
Warning: Nashorn engine is planned to be removed from a future JDK release
Warning: Nashorn engine is planned to be removed from a future JDK release
Warning: Nashorn engine is planned to be removed from a future JDK release
Warning: Nashorn engine is planned to be removed from a future JDK release
Warning: Nashorn engine is planned to be removed from a future JDK release
Warning: Nashorn engine is planned to be removed from a future JDK release
Warning: Nashorn engine is planned to be removed from a future JDK release
Warning: Nashorn engine is planned to be removed from a future JDK release
Warning: Nashorn engine is planned to be removed from a future JDK release
Warning: Nashorn engine is planned to be removed from a future JDK release
Warning: Nashorn engine is planned to be removed from a future JDK release
Warning: Nashorn engine is planned to be removed from a future JDK release
Warning: Nashorn engine is planned to be removed from a future JDK release
Warning: Nashorn engine is planned to be removed from a future JDK release
Warning: Nashorn engine is planned to be removed from a future JDK release
Warning: Nashorn engine is planned to be removed from a future JDK release
Warning: Nashorn engine is planned to be removed from a future JDK release
Warning: Nashorn engine is planned to be removed from a future JDK release
Warning: Nashorn engine is planned to be removed from a future JDK release
Warning: Nashorn engine is planned to be removed from a future JDK release
Warning: Nashorn engine is planned to be removed from a future JDK release
Warning: Nashorn engine is planned to be removed from a future JDK release
Warning: Nashorn engine is planned to be removed from a future JDK release
Warning: Nashorn engine is planned to be removed from a future JDK release
Warning: Nashorn engine is planned to be removed from a future JDK release
Warning: Nashorn engine is planned to be removed from a future JDK release
Warning: Nashorn engine is planned to be removed from a future JDK release
Warning: Nashorn engine is planned to be removed from a future JDK release
Warning: Nashorn engine is planned to be removed from a future JDK release
Warning: Nashorn engine is planned to be removed from a future JDK release
Warning: Nashorn engine is planned to be removed from a future JDK release
Warning: Nashorn engine is planned to be removed from a future JDK release
Warning: Nashorn engine is planned to be removed from a future JDK release
Warning: Nashorn engine is planned to be removed from a future JDK release
Warning: Nashorn engine is planned to be removed from a future JDK release
Warning: Nashorn engine is planned to be removed from a future JDK release
Warning: Nashorn engine is planned to be removed from a future JDK release
Warning: Nashorn engine is planned to be removed from a future JDK release
Warning: Nashorn engine is planned to be removed from a future JDK release
Warning: Nashorn engine is planned to be removed from a future JDK release
Warning: Nashorn engine is planned to be removed from a future JDK release
Warning: Nashorn engine is planned to be removed from a future JDK release
Warning: Nashorn engine is planned to be removed from a future JDK release
Warning: Nashorn engine is planned to be removed from a future JDK release
Warning: Nashorn engine is planned to be removed from a future JDK release
Warning: Nashorn engine is planned to be removed from a future JDK release
Warning: Nashorn engine is planned to be removed from a future JDK release
Warning: Nashorn engine is planned to be removed from a future JDK release
Warning: Nashorn engine is planned to be removed from a future JDK release
Warning: Nashorn engine is planned to be removed from a future JDK release
Warning: Nashorn engine is planned to be removed from a future JDK release
Warning: Nashorn engine is planned to be removed from a future JDK release
Warning: Nashorn engine is planned to be removed from a future JDK release
Warning: Nashorn engine is planned to be removed from a future JDK release
Warning: Nashorn engine is planned to be removed from a future JDK release
Warning: Nashorn engine is planned to be removed from a future JDK release
Warning: Nashorn engine is planned to be removed from a future JDK release
Warning: Nashorn engine is planned to be removed from a future JDK release
Warning: Nashorn engine is planned to be removed from a future JDK release
Warning: Nashorn engine is planned to be removed from a future JDK release
Warning: Nashorn engine is planned to be removed from a future JDK release
Warning: Nashorn engine is planned to be removed from a future JDK release
Warning: Nashorn engine is planned to be removed from a future JDK release
Warning: Nashorn engine is planned to be removed from a future JDK release
Warning: Nashorn engine is planned to be removed from a future JDK release
Warning: Nashorn engine is planned to be removed from a future JDK release
Warning: Nashorn engine is planned to be removed from a future JDK release
Warning: Nashorn engine is planned to be removed from a future JDK release
Warning: Nashorn engine is planned to be removed from a future JDK release
Warning: Nashorn engine is planned to be removed from a future JDK release
Warning: Nashorn engine is planned to be removed from a future JDK release
Warning: Nashorn engine is planned to be removed from a future JDK release
Warning: Nashorn engine is planned to be removed from a future JDK release
Warning: Nashorn engine is planned to be removed from a future JDK release
Warning: Nashorn engine is planned to be removed from a future JDK release
Warning: Nashorn engine is planned to be removed from a future JDK release
Warning: Nashorn engine is planned to be removed from a future JDK release
Warning: Nashorn engine is planned to be removed from a future JDK release
Warning: Nashorn engine is planned to be removed from a future JDK release
Warning: Nashorn engine is planned to be removed from a future JDK release
Warning: Nashorn engine is planned to be removed from a future JDK release
Warning: Nashorn engine is planned to be removed from a future JDK release
Warning: Nashorn engine is planned to be removed from a future JDK release
Warning: Nashorn engine is planned to be removed from a future JDK release
Warning: Nashorn engine is planned to be removed from a future JDK release
Warning: Nashorn engine is planned to be removed from a future JDK release
Warning: Nashorn engine is planned to be removed from a future JDK release
Warning: Nashorn engine is planned to be removed from a future JDK release
Warning: Nashorn engine is planned to be removed from a future JDK release
Warning: Nashorn engine is planned to be removed from a future JDK release
Warning: Nashorn engine is planned to be removed from a future JDK release
Warning: Nashorn engine is planned to be removed from a future JDK release
Warning: Nashorn engine is planned to be removed from a future JDK release
Warning: Nashorn engine is planned to be removed from a future JDK release
Warning: Nashorn engine is planned to be removed from a future JDK release
Warning: Nashorn engine is planned to be removed from a future JDK release
Warning: Nashorn engine is planned to be removed from a future JDK release
Warning: Nashorn engine is planned to be removed from a future JDK release
Warning: Nashorn engine is planned to be removed from a future JDK release
Warning: Nashorn engine is planned to be removed from a future JDK release
Warning: Nashorn engine is planned to be removed from a future JDK release
Warning: Nashorn engine is planned to be removed from a future JDK release
Warning: Nashorn engine is planned to be removed from a future JDK release
Warning: Nashorn engine is planned to be removed from a future JDK release
Warning: Nashorn engine is planned to be removed from a future JDK release
Warning: Nashorn engine is planned to be removed from a future JDK release
Warning: Nashorn engine is planned to be removed from a future JDK release
Warning: Nashorn engine is planned to be removed from a future JDK release
Warning: Nashorn engine is planned to be removed from a future JDK release
Warning: Nashorn engine is planned to be removed from a future JDK release
Warning: Nashorn engine is planned to be removed from a future JDK release
Warning: Nashorn engine is planned to be removed from a future JDK release
Warning: Nashorn engine is planned to be removed from a future JDK release
Warning: Nashorn engine is planned to be removed from a future JDK release
Warning: Nashorn engine is planned to be removed from a future JDK release
Warning: Nashorn engine is planned to be removed from a future JDK release
Warning: Nashorn engine is planned to be removed from a future JDK release
Warning: Nashorn engine is planned to be removed from a future JDK release
Warning: Nashorn engine is planned to be removed from a future JDK release
Warning: Nashorn engine is planned to be removed from a future JDK release
Warning: Nashorn engine is planned to be removed from a future JDK release
Warning: Nashorn engine is planned to be removed from a future JDK release
Warning: Nashorn engine is planned to be removed from a future JDK release
Warning: Nashorn engine is planned to be removed from a future JDK release
Warning: Nashorn engine is planned to be removed from a future JDK release
Warning: Nashorn engine is planned to be removed from a future JDK release
Warning: Nashorn engine is planned to be removed from a future JDK release
Warning: Nashorn engine is planned to be removed from a future JDK release
Warning: Nashorn engine is planned to be removed from a future JDK release
Warning: Nashorn engine is planned to be removed from a future JDK release
Warning: Nashorn engine is planned to be removed from a future JDK release
Warning: Nashorn engine is planned to be removed from a future JDK release
Warning: Nashorn engine is planned to be removed from a future JDK release
Warning: Nashorn engine is planned to be removed from a future JDK release
Warning: Nashorn engine is planned to be removed from a future JDK release
Warning: Nashorn engine is planned to be removed from a future JDK release
Warning: Nashorn engine is planned to be removed from a future JDK release
Warning: Nashorn engine is planned to be removed from a future JDK release
Warning: Nashorn engine is planned to be removed from a future JDK release
Warning: Nashorn engine is planned to be removed from a future JDK release
Warning: Nashorn engine is planned to be removed from a future JDK release
Warning: Nashorn engine is planned to be removed from a future JDK release
Warning: Nashorn engine is planned to be removed from a future JDK release
Warning: Nashorn engine is planned to be removed from a future JDK release
Warning: Nashorn engine is planned to be removed from a future JDK release
Warning: Nashorn engine is planned to be removed from a future JDK release
Warning: Nashorn engine is planned to be removed from a future JDK release
Warning: Nashorn engine is planned to be removed from a future JDK release
Warning: Nashorn engine is planned to be removed from a future JDK release
Warning: Nashorn engine is planned to be removed from a future JDK release
Warning: Nashorn engine is planned to be removed from a future JDK release
Warning: Nashorn engine is planned to be removed from a future JDK release
Warning: Nashorn engine is planned to be removed from a future JDK release
Warning: Nashorn engine is planned to be removed from a future JDK release
Warning: Nashorn engine is planned to be removed from a future JDK release
Warning: Nashorn engine is planned to be removed from a future JDK release
Warning: Nashorn engine is planned to be removed from a future JDK release
Warning: Nashorn engine is planned to be removed from a future JDK release
Warning: Nashorn engine is planned to be removed from a future JDK release
Warning: Nashorn engine is planned to be removed from a future JDK release
Warning: Nashorn engine is planned to be removed from a future JDK release
Warning: Nashorn engine is planned to be removed from a future JDK release
Warning: Nashorn engine is planned to be removed from a future JDK release
Warning: Nashorn engine is planned to be removed from a future JDK release
Warning: Nashorn engine is planned to be removed from a future JDK release
Warning: Nashorn engine is planned to be removed from a future JDK release
Warning: Nashorn engine is planned to be removed from a future JDK release
Warning: Nashorn engine is planned to be removed from a future JDK release
Warning: Nashorn engine is planned to be removed from a future JDK release
Warning: Nashorn engine is planned to be removed from a future JDK release
Warning: Nashorn engine is planned to be removed from a future JDK release
Warning: Nashorn engine is planned to be removed from a future JDK release
Warning: Nashorn engine is planned to be removed from a future JDK release
Warning: Nashorn engine is planned to be removed from a future JDK release
Warning: Nashorn engine is planned to be removed from a future JDK release
Warning: Nashorn engine is planned to be removed from a future JDK release
Warning: Nashorn engine is planned to be removed from a future JDK release
Warning: Nashorn engine is planned to be removed from a future JDK release
Warning: Nashorn engine is planned to be removed from a future JDK release
Warning: Nashorn engine is planned to be removed from a future JDK release
Warning: Nashorn engine is planned to be removed from a future JDK release
Warning: Nashorn engine is planned to be removed from a future JDK release
Warning: Nashorn engine is planned to be removed from a future JDK release
Warning: Nashorn engine is planned to be removed from a future JDK release
Warning: Nashorn engine is planned to be removed from a future JDK release
Warning: Nashorn engine is planned to be removed from a future JDK release
Warning: Nashorn engine is planned to be removed from a future JDK release
Warning: Nashorn engine is planned to be removed from a future JDK release
Warning: Nashorn engine is planned to be removed from a future JDK release
Warning: Nashorn engine is planned to be removed from a future JDK release
Warning: Nashorn engine is planned to be removed from a future JDK release
Warning: Nashorn engine is planned to be removed from a future JDK release
Warning: Nashorn engine is planned to be removed from a future JDK release
Warning: Nashorn engine is planned to be removed from a future JDK release
Warning: Nashorn engine is planned to be removed from a future JDK release
Warning: Nashorn engine is planned to be removed from a future JDK release
Warning: Nashorn engine is planned to be removed from a future JDK release
Warning: Nashorn engine is planned to be removed from a future JDK release
Warning: Nashorn engine is planned to be removed from a future JDK release
Warning: Nashorn engine is planned to be removed from a future JDK release
Warning: Nashorn engine is planned to be removed from a future JDK release
Warning: Nashorn engine is planned to be removed from a future JDK release
Warning: Nashorn engine is planned to be removed from a future JDK release
Warning: Nashorn engine is planned to be removed from a future JDK release
Warning: Nashorn engine is planned to be removed from a future JDK release
Warning: Nashorn engine is planned to be removed from a future JDK release
Warning: Nashorn engine is planned to be removed from a future JDK release
Warning: Nashorn engine is planned to be removed from a future JDK release
Warning: Nashorn engine is planned to be removed from a future JDK release
Warning: Nashorn engine is planned to be removed from a future JDK release
Warning: Nashorn engine is planned to be removed from a future JDK release
Warning: Nashorn engine is planned to be removed from a future JDK release
Warning: Nashorn engine is planned to be removed from a future JDK release
Warning: Nashorn engine is planned to be removed from a future JDK release
Warning: Nashorn engine is planned to be removed from a future JDK release
Warning: Nashorn engine is planned to be removed from a future JDK release
Warning: Nashorn engine is planned to be removed from a future JDK release
Warning: Nashorn engine is planned to be removed from a future JDK release
Warning: Nashorn engine is planned to be removed from a future JDK release
Warning: Nashorn engine is planned to be removed from a future JDK release
Warning: Nashorn engine is planned to be removed from a future JDK release
Warning: Nashorn engine is planned to be removed from a future JDK release
Warning: Nashorn engine is planned to be removed from a future JDK release
Warning: Nashorn engine is planned to be removed from a future JDK release
Warning: Nashorn engine is planned to be removed from a future JDK release
Warning: Nashorn engine is planned to be removed from a future JDK release
Warning: Nashorn engine is planned to be removed from a future JDK release
Warning: Nashorn engine is planned to be removed from a future JDK release
Warning: Nashorn engine is planned to be removed from a future JDK release
Warning: Nashorn engine is planned to be removed from a future JDK release
Warning: Nashorn engine is planned to be removed from a future JDK release
Warning: Nashorn engine is planned to be removed from a future JDK release
Warning: Nashorn engine is planned to be removed from a future JDK release
Warning: Nashorn engine is planned to be removed from a future JDK release
Warning: Nashorn engine is planned to be removed from a future JDK release
Warning: Nashorn engine is planned to be removed from a future JDK release
Warning: Nashorn engine is planned to be removed from a future JDK release
Warning: Nashorn engine is planned to be removed from a future JDK release
Warning: Nashorn engine is planned to be removed from a future JDK release
Warning: Nashorn engine is planned to be removed from a future JDK release
Warning: Nashorn engine is planned to be removed from a future JDK release
Warning: Nashorn engine is planned to be removed from a future JDK release
Warning: Nashorn engine is planned to be removed from a future JDK release
Warning: Nashorn engine is planned to be removed from a future JDK release
Warning: Nashorn engine is planned to be removed from a future JDK release
Warning: Nashorn engine is planned to be removed from a future JDK release
Warning: Nashorn engine is planned to be removed from a future JDK release
Warning: Nashorn engine is planned to be removed from a future JDK release
Warning: Nashorn engine is planned to be removed from a future JDK release
Warning: Nashorn engine is planned to be removed from a future JDK release
Warning: Nashorn engine is planned to be removed from a future JDK release
Warning: Nashorn engine is planned to be removed from a future JDK release
Warning: Nashorn engine is planned to be removed from a future JDK release
Warning: Nashorn engine is planned to be removed from a future JDK release
Warning: Nashorn engine is planned to be removed from a future JDK release
Warning: Nashorn engine is planned to be removed from a future JDK release
Warning: Nashorn engine is planned to be removed from a future JDK release
Warning: Nashorn engine is planned to be removed from a future JDK release
Warning: Nashorn engine is planned to be removed from a future JDK release
Warning: Nashorn engine is planned to be removed from a future JDK release
Warning: Nashorn engine is planned to be removed from a future JDK release
Warning: Nashorn engine is planned to be removed from a future JDK release
Warning: Nashorn engine is planned to be removed from a future JDK release
Warning: Nashorn engine is planned to be removed from a future JDK release
Warning: Nashorn engine is planned to be removed from a future JDK release
Warning: Nashorn engine is planned to be removed from a future JDK release
Warning: Nashorn engine is planned to be removed from a future JDK release
Warning: Nashorn engine is planned to be removed from a future JDK release
Warning: Nashorn engine is planned to be removed from a future JDK release
Warning: Nashorn engine is planned to be removed from a future JDK release
Warning: Nashorn engine is planned to be removed from a future JDK release
Warning: Nashorn engine is planned to be removed from a future JDK release
Warning: Nashorn engine is planned to be removed from a future JDK release
Warning: Nashorn engine is planned to be removed from a future JDK release
Warning: Nashorn engine is planned to be removed from a future JDK release
Warning: Nashorn engine is planned to be removed from a future JDK release
Warning: Nashorn engine is planned to be removed from a future JDK release
Warning: Nashorn engine is planned to be removed from a future JDK release
Warning: Nashorn engine is planned to be removed from a future JDK release
Warning: Nashorn engine is planned to be removed from a future JDK release
Warning: Nashorn engine is planned to be removed from a future JDK release
Warning: Nashorn engine is planned to be removed from a future JDK release
Warning: Nashorn engine is planned to be removed from a future JDK release
Warning: Nashorn engine is planned to be removed from a future JDK release
Warning: Nashorn engine is planned to be removed from a future JDK release
Warning: Nashorn engine is planned to be removed from a future JDK release
Warning: Nashorn engine is planned to be removed from a future JDK release
Warning: Nashorn engine is planned to be removed from a future JDK release
Warning: Nashorn engine is planned to be removed from a future JDK release
Warning: Nashorn engine is planned to be removed from a future JDK release
Warning: Nashorn engine is planned to be removed from a future JDK release
Warning: Nashorn engine is planned to be removed from a future JDK release
Warning: Nashorn engine is planned to be removed from a future JDK release
Warning: Nashorn engine is planned to be removed from a future JDK release
Warning: Nashorn engine is planned to be removed from a future JDK release
Warning: Nashorn engine is planned to be removed from a future JDK release
Warning: Nashorn engine is planned to be removed from a future JDK release
Warning: Nashorn engine is planned to be removed from a future JDK release
Warning: Nashorn engine is planned to be removed from a future JDK release
Warning: Nashorn engine is planned to be removed from a future JDK release
Warning: Nashorn engine is planned to be removed from a future JDK release
Warning: Nashorn engine is planned to be removed from a future JDK release
Warning: Nashorn engine is planned to be removed from a future JDK release
Warning: Nashorn engine is planned to be removed from a future JDK release
Warning: Nashorn engine is planned to be removed from a future JDK release
Warning: Nashorn engine is planned to be removed from a future JDK release
Warning: Nashorn engine is planned to be removed from a future JDK release
Warning: Nashorn engine is planned to be removed from a future JDK release
Warning: Nashorn engine is planned to be removed from a future JDK release
Warning: Nashorn engine is planned to be removed from a future JDK release
Warning: Nashorn engine is planned to be removed from a future JDK release
Warning: Nashorn engine is planned to be removed from a future JDK release
Warning: Nashorn engine is planned to be removed from a future JDK release
Warning: Nashorn engine is planned to be removed from a future JDK release
Warning: Nashorn engine is planned to be removed from a future JDK release
Warning: Nashorn engine is planned to be removed from a future JDK release
Warning: Nashorn engine is planned to be removed from a future JDK release
Warning: Nashorn engine is planned to be removed from a future JDK release
Warning: Nashorn engine is planned to be removed from a future JDK release
Warning: Nashorn engine is planned to be removed from a future JDK release
Warning: Nashorn engine is planned to be removed from a future JDK release
Warning: Nashorn engine is planned to be removed from a future JDK release
Warning: Nashorn engine is planned to be removed from a future JDK release
Warning: Nashorn engine is planned to be removed from a future JDK release
Warning: Nashorn engine is planned to be removed from a future JDK release
Warning: Nashorn engine is planned to be removed from a future JDK release
Warning: Nashorn engine is planned to be removed from a future JDK release
Warning: Nashorn engine is planned to be removed from a future JDK release
Warning: Nashorn engine is planned to be removed from a future JDK release
Warning: Nashorn engine is planned to be removed from a future JDK release
Warning: Nashorn engine is planned to be removed from a future JDK release
Warning: Nashorn engine is planned to be removed from a future JDK release
Warning: Nashorn engine is planned to be removed from a future JDK release
Warning: Nashorn engine is planned to be removed from a future JDK release
Warning: Nashorn engine is planned to be removed from a future JDK release
Warning: Nashorn engine is planned to be removed from a future JDK release
Warning: Nashorn engine is planned to be removed from a future JDK release
Warning: Nashorn engine is planned to be removed from a future JDK release
Warning: Nashorn engine is planned to be removed from a future JDK release
Warning: Nashorn engine is planned to be removed from a future JDK release
Warning: Nashorn engine is planned to be removed from a future JDK release
Warning: Nashorn engine is planned to be removed from a future JDK release
Warning: Nashorn engine is planned to be removed from a future JDK release
Warning: Nashorn engine is planned to be removed from a future JDK release
Warning: Nashorn engine is planned to be removed from a future JDK release
Warning: Nashorn engine is planned to be removed from a future JDK release
Warning: Nashorn engine is planned to be removed from a future JDK release
Warning: Nashorn engine is planned to be removed from a future JDK release
Warning: Nashorn engine is planned to be removed from a future JDK release
Warning: Nashorn engine is planned to be removed from a future JDK release
Warning: Nashorn engine is planned to be removed from a future JDK release
Warning: Nashorn engine is planned to be removed from a future JDK release
Warning: Nashorn engine is planned to be removed from a future JDK release
Warning: Nashorn engine is planned to be removed from a future JDK release
Warning: Nashorn engine is planned to be removed from a future JDK release
Warning: Nashorn engine is planned to be removed from a future JDK release
Warning: Nashorn engine is planned to be removed from a future JDK release
Warning: Nashorn engine is planned to be removed from a future JDK release
Warning: Nashorn engine is planned to be removed from a future JDK release
Warning: Nashorn engine is planned to be removed from a future JDK release
Warning: Nashorn engine is planned to be removed from a future JDK release
Warning: Nashorn engine is planned to be removed from a future JDK release
Warning: Nashorn engine is planned to be removed from a future JDK release
Warning: Nashorn engine is planned to be removed from a future JDK release
Warning: Nashorn engine is planned to be removed from a future JDK release
Warning: Nashorn engine is planned to be removed from a future JDK release
Warning: Nashorn engine is planned to be removed from a future JDK release
Warning: Nashorn engine is planned to be removed from a future JDK release
Warning: Nashorn engine is planned to be removed from a future JDK release
Warning: Nashorn engine is planned to be removed from a future JDK release
Warning: Nashorn engine is planned to be removed from a future JDK release
Warning: Nashorn engine is planned to be removed from a future JDK release
Warning: Nashorn engine is planned to be removed from a future JDK release
Warning: Nashorn engine is planned to be removed from a future JDK release
Warning: Nashorn engine is planned to be removed from a future JDK release
Warning: Nashorn engine is planned to be removed from a future JDK release
Warning: Nashorn engine is planned to be removed from a future JDK release
Warning: Nashorn engine is planned to be removed from a future JDK release
Warning: Nashorn engine is planned to be removed from a future JDK release
Warning: Nashorn engine is planned to be removed from a future JDK release
Warning: Nashorn engine is planned to be removed from a future JDK release
Warning: Nashorn engine is planned to be removed from a future JDK release
Warning: Nashorn engine is planned to be removed from a future JDK release
Warning: Nashorn engine is planned to be removed from a future JDK release
Warning: Nashorn engine is planned to be removed from a future JDK release
Warning: Nashorn engine is planned to be removed from a future JDK release
Warning: Nashorn engine is planned to be removed from a future JDK release
Warning: Nashorn engine is planned to be removed from a future JDK release
Warning: Nashorn engine is planned to be removed from a future JDK release
Warning: Nashorn engine is planned to be removed from a future JDK release
Warning: Nashorn engine is planned to be removed from a future JDK release
Warning: Nashorn engine is planned to be removed from a future JDK release
Warning: Nashorn engine is planned to be removed from a future JDK release
Warning: Nashorn engine is planned to be removed from a future JDK release
Warning: Nashorn engine is planned to be removed from a future JDK release
Warning: Nashorn engine is planned to be removed from a future JDK release
Warning: Nashorn engine is planned to be removed from a future JDK release
Warning: Nashorn engine is planned to be removed from a future JDK release
Warning: Nashorn engine is planned to be removed from a future JDK release
Warning: Nashorn engine is planned to be removed from a future JDK release
Warning: Nashorn engine is planned to be removed from a future JDK release
Warning: Nashorn engine is planned to be removed from a future JDK release
Warning: Nashorn engine is planned to be removed from a future JDK release
Warning: Nashorn engine is planned to be removed from a future JDK release
Warning: Nashorn engine is planned to be removed from a future JDK release
Warning: Nashorn engine is planned to be removed from a future JDK release
Warning: Nashorn engine is planned to be removed from a future JDK release
Warning: Nashorn engine is planned to be removed from a future JDK release
Warning: Nashorn engine is planned to be removed from a future JDK release
Warning: Nashorn engine is planned to be removed from a future JDK release
Warning: Nashorn engine is planned to be removed from a future JDK release
Warning: Nashorn engine is planned to be removed from a future JDK release
Warning: Nashorn engine is planned to be removed from a future JDK release
Warning: Nashorn engine is planned to be removed from a future JDK release
Warning: Nashorn engine is planned to be removed from a future JDK release
Warning: Nashorn engine is planned to be removed from a future JDK release
Warning: Nashorn engine is planned to be removed from a future JDK release
Warning: Nashorn engine is planned to be removed from a future JDK release
Warning: Nashorn engine is planned to be removed from a future JDK release
Warning: Nashorn engine is planned to be removed from a future JDK release
Warning: Nashorn engine is planned to be removed from a future JDK release
Warning: Nashorn engine is planned to be removed from a future JDK release
Warning: Nashorn engine is planned to be removed from a future JDK release
Warning: Nashorn engine is planned to be removed from a future JDK release
Warning: Nashorn engine is planned to be removed from a future JDK release
Warning: Nashorn engine is planned to be removed from a future JDK release
Warning: Nashorn engine is planned to be removed from a future JDK release
Warning: Nashorn engine is planned to be removed from a future JDK release
Warning: Nashorn engine is planned to be removed from a future JDK release
Warning: Nashorn engine is planned to be removed from a future JDK release
Warning: Nashorn engine is planned to be removed from a future JDK release
Warning: Nashorn engine is planned to be removed from a future JDK release
Warning: Nashorn engine is planned to be removed from a future JDK release
Warning: Nashorn engine is planned to be removed from a future JDK release
Warning: Nashorn engine is planned to be removed from a future JDK release
Warning: Nashorn engine is planned to be removed from a future JDK release
Warning: Nashorn engine is planned to be removed from a future JDK release
Warning: Nashorn engine is planned to be removed from a future JDK release
Warning: Nashorn engine is planned to be removed from a future JDK release
Warning: Nashorn engine is planned to be removed from a future JDK release
Warning: Nashorn engine is planned to be removed from a future JDK release
Warning: Nashorn engine is planned to be removed from a future JDK release
Warning: Nashorn engine is planned to be removed from a future JDK release
Warning: Nashorn engine is planned to be removed from a future JDK release
Warning: Nashorn engine is planned to be removed from a future JDK release
Warning: Nashorn engine is planned to be removed from a future JDK release
Warning: Nashorn engine is planned to be removed from a future JDK release
Warning: Nashorn engine is planned to be removed from a future JDK release
Warning: Nashorn engine is planned to be removed from a future JDK release
Warning: Nashorn engine is planned to be removed from a future JDK release
Warning: Nashorn engine is planned to be removed from a future JDK release
Warning: Nashorn engine is planned to be removed from a future JDK release
Warning: Nashorn engine is planned to be removed from a future JDK release
Warning: Nashorn engine is planned to be removed from a future JDK release
Warning: Nashorn engine is planned to be removed from a future JDK release
Warning: Nashorn engine is planned to be removed from a future JDK release
Warning: Nashorn engine is planned to be removed from a future JDK release
Warning: Nashorn engine is planned to be removed from a future JDK release
Warning: Nashorn engine is planned to be removed from a future JDK release
Warning: Nashorn engine is planned to be removed from a future JDK release
Warning: Nashorn engine is planned to be removed from a future JDK release
Warning: Nashorn engine is planned to be removed from a future JDK release
Warning: Nashorn engine is planned to be removed from a future JDK release
Warning: Nashorn engine is planned to be removed from a future JDK release
Warning: Nashorn engine is planned to be removed from a future JDK release
Warning: Nashorn engine is planned to be removed from a future JDK release
Warning: Nashorn engine is planned to be removed from a future JDK release
Warning: Nashorn engine is planned to be removed from a future JDK release
Warning: Nashorn engine is planned to be removed from a future JDK release
Warning: Nashorn engine is planned to be removed from a future JDK release
Warning: Nashorn engine is planned to be removed from a future JDK release
Warning: Nashorn engine is planned to be removed from a future JDK release
Warning: Nashorn engine is planned to be removed from a future JDK release
Warning: Nashorn engine is planned to be removed from a future JDK release
Warning: Nashorn engine is planned to be removed from a future JDK release
Warning: Nashorn engine is planned to be removed from a future JDK release
]]></system-err>
</testsuite>
