<?xml version="1.0" encoding="UTF-8" ?>
<testsuite errors="0" failures="0" hostname="travis-job-fe370de3-46af-4e2a-b39c-4d74f2269533" name="ptolemy.actor.lib.test.junit.JUnitTclTest" skipped="0" tests="517" time="61.146" timestamp="2020-01-13T21:12:45">
  <properties>
    <property name="npm.executable" value="npm" />
    <property name="env.TRAVIS_ROOT" value="/" />
    <property name="ptII.mk.exists" value="true" />
    <property name="env.TRAVIS_APP_HOST" value="build.travis-ci.org" />
    <property name="env.rvm_bin_path" value="/home/travis/.rvm/bin" />
    <property name="java.home" value="/usr/local/lib/jvm/openjdk11" />
    <property name="env.TRAVIS_JOB_NUMBER" value="1466.8" />
    <property name="env.TRAVIS_HOME" value="/home/travis" />
    <property name="env.DISPLAY" value=":99.0" />
    <property name="env.TRAVIS_INIT" value="systemd" />
    <property name="env.SSH_TTY" value="/dev/pts/0" />
    <property name="java.net.preferIPv4Stack" value="true" />
    <property name="env.RUN_TESTS" value="true" />
    <property name="timeout.short" value="1000000" />
    <property name="junit.formatter" value="xml" />
    <property name="env.TRAVIS_SUDO" value="true" />
    <property name="env.TRAVIS_JOB_NAME" value="" />
    <property name="env.TRAVIS_STACK_NODE_ATTRIBUTES" value="/.node-attributes.yml" />
    <property name="env.LOGNAME" value="travis" />
    <property name="env.PT_TRAVIS_TEST_CORE1_XML" value="true" />
    <property name="jsdoc.home" value="node_modules/@terraswarm/jsdoc" />
    <property name="debuglevel" value="source,lines,vars" />
    <property name="checkstyle.formatter" value="xml" />
    <property name="env._system_version" value="16.04" />
    <property name="bin.vergil.makeable" value="true" />
    <property name="sun.os.patch.level" value="unknown" />
    <property name="java.vendor.url" value="http://java.oracle.com/" />
    <property name="env.TRAVIS_BUILD_WEB_URL" value="https://travis-ci.org/icyphy/ptII/builds/636555012" />
    <property name="java.version" value="11.0.2" />
    <property name="env.TZ" value="UTC" />
    <property name="env.TRAVIS_PULL_REQUEST_SHA" value="" />
    <property name="env.PT_NO_NET" value="true" />
    <property name="env.TRAVIS_SECURE_ENV_VARS" value="true" />
    <property name="env._system_type" value="Linux" />
    <property name="java.vendor.url.bug" value="http://bugreport.java.com/bugreport/" />
    <property name="npmjs-org-is-up" value="true" />
    <property name="env.LANGUAGE" value="en_US.UTF-8" />
    <property name="env.SSH_CLIENT" value="10.16.5.56 56488 22" />
    <property name="env.GEM_HOME" value="/home/travis/.rvm/gems/ruby-2.5.3" />
    <property name="env.HAS_ANTARES_THREE_LITTLE_FRONZIES_BADGE" value="true" />
    <property name="java.version.date" value="2019-01-15" />
    <property name="env.PS4" value="+" />
    <property name="ant.project.invoked-targets" value="build,test.core1.xml" />
    <property name="env.TRAVIS_PULL_REQUEST_BRANCH" value="" />
    <property name="env.TRAVIS_REPO_SLUG" value="icyphy/ptII" />
    <property name="env.XDG_DATA_DIRS" value="/usr/local/share:/usr/share:/var/lib/snapd/desktop" />
    <property name="jdk.debug" value="release" />
    <property name="env.TRAVIS_APT_PROXY" value="http://build-cache.travisci.net" />
    <property name="env.TRAVIS_CPU_ARCH" value="amd64" />
    <property name="node.in.path" value="true" />
    <property name="user.name" value="travis" />
    <property name="java.maxmemory" value="1400m" />
    <property name="env.RUBY_VERSION" value="ruby-2.5.3" />
    <property name="env.LANG" value="en_US.UTF-8" />
    <property name="sun.io.unicode.encoding" value="UnicodeLittle" />
    <property name="sun.jnu.encoding" value="UTF-8" />
    <property name="java.runtime.name" value="OpenJDK Runtime Environment" />
    <property name="usefile" value="false" />
    <property name="return.code" value="0" />
    <property name="junit.single.formatter" value="plain" />
    <property name="env.DYLD_LIBRARY_PATH" value="/home/travis/pthla/certi-tools/lib:" />
    <property name="env.DEBIAN_FRONTEND" value="noninteractive" />
    <property name="env.SSH_CONNECTION" value="10.16.5.56 56488 10.20.255.53 22" />
    <property name="env.MYSQL_UNIX_PORT" value="/var/run/mysqld/mysqld.sock" />
    <property name="env.LC_ALL" value="en_US.UTF-8" />
    <property name="env.TRAVIS_ALLOW_FAILURE" value="false" />
    <property name="env.TRAVIS_JOB_WEB_URL" value="https://travis-ci.org/icyphy/ptII/jobs/636555020" />
    <property name="java.specification.name" value="Java Platform API Specification" />
    <property name="node.works" value="true" />
    <property name="user.timezone" value="" />
    <property name="path.separator" value=":" />
    <property name="env.TRAVIS_ENABLE_INFRA_DETECTION" value="true" />
    <property name="env.PYTHON_CFLAGS" value="-g -fstack-protector --param=ssp-buffer-size=4 -Wformat -Werror=format-security" />
    <property name="timeout.long" value="4000000" />
    <property name="env.CERTI_HOME" value="/home/travis/pthla/certi-tools" />
    <property name="ant.file.ptII" value="/home/travis/build/icyphy/ptII/build.xml" />
    <property name="javadoc.packagenames" value="com.*,diva.*,lbnl.*,org.hlacerti.*,org.json.*,org.ptolemy.*,org.terraswarm.*,ptolemy.*,ptserver.*" />
    <property name="file.encoding" value="UTF-8" />
    <property name="env.TRAVIS_PULL_REQUEST_SLUG" value="" />
    <property name="ant.project.default-target" value="build" />
    <property name="env.GIT_ASKPASS" value="echo" />
    <property name="env.HOME" value="/home/travis" />
    <property name="sun.java.command" value="org.apache.tools.ant.taskdefs.optional.junit.JUnitTestRunner ptolemy.actor.lib.test.junit.JUnitTclTest skipNonTests=false filtertrace=true haltOnError=false haltOnFailure=false formatter=org.apache.tools.ant.taskdefs.optional.junit.OutErrSummaryJUnitResultFormatter showoutput=true outputtoformatters=true logfailedtests=true threadid=0 logtestlistenerevents=false formatter=org.apache.tools.ant.taskdefs.optional.junit.XMLJUnitResultFormatter,/home/travis/build/icyphy/ptII/reports/junit/TEST-ptolemy.actor.lib.test.junit.JUnitTclTest.xml crashfile=/home/travis/build/icyphy/ptII/junitvmwatcher729085600383262770.properties propsfile=/home/travis/build/icyphy/ptII/junit11315578562940565507.properties" />
    <property name="env.COMPOSER_NO_INTERACTION" value="1" />
    <property name="env.MANPATH" value="/home/travis/.nvm/versions/node/v7.10.1/share/man:/home/travis/.rvm/rubies/ruby-2.5.3/share/man:/usr/local/cmake-3.12.4/man:/usr/local/clang-7.0.0/share/man:/usr/local/man:/usr/local/share/man:/usr/share/man:/home/travis/.rvm/man" />
    <property name="env.TRAVIS_TIMER_ID" value="2305c9e0" />
    <property name="ant.file" value="/home/travis/build/icyphy/ptII/build.xml" />
    <property name="env.TRAVIS_COMMIT_RANGE" value="91c18494ffb6...fbd7ecc9139d" />
    <property name="env._system_name" value="Ubuntu" />
    <property name="ptII.classpath.optional.property" value="/home/travis/build/icyphy/ptII/lib/bsh-2.0b4.jar:/home/travis/build/icyphy/ptII/lib/ptCal.jar:/home/travis/build/icyphy/ptII/lib/java_cup.jar:/home/travis/build/icyphy/ptII/lib/saxon8.jar:/home/travis/build/icyphy/ptII/lib/saxon8-dom.jar:/home/travis/build/icyphy/ptII/lib/chic.jar:/home/travis/build/icyphy/ptII/lib/ptcolt.jar:/home/travis/build/icyphy/ptII/vendors/misc/itext/iText.jar:/home/travis/build/icyphy/ptII/lib/g4ltl.jar:/home/travis/build/icyphy/ptII/lib/StructuralCoder.jar:/home/travis/build/icyphy/ptII/lib/jcerti.jar:/home/travis/build/icyphy/ptII/lib/javax.mail.jar:/home/travis/build/icyphy/ptII/vendors/JMF-2.1.1e/lib/jmf.jar:/home/travis/build/icyphy/ptII/lib/jna-4.0.0-variadic.jar:/home/travis/build/icyphy/ptII/vendors/misc/joystick/Joystick.jar:/home/travis/build/icyphy/ptII/lib/ptjacl.jar:/home/travis/build/icyphy/ptII/lib/jsoup-1.8.2.jar:/home/travis/build/icyphy/ptII/lib/junit-4.8.2.jar:/home/travis/build/icyphy/ptII/lib/JUnitParams-0.4.0.jar:/home/travis/build/icyphy/ptII/ptolemy/actor/lib/excel/jxl.jar:/home/travis/build/icyphy/ptII/lib/jython.jar:/home/travis/build/icyphy/ptII/lib/kieler.jar:/home/travis/build/icyphy/ptII/vendors/opencv/share/OpenCV/java/opencv-341.jar:/home/travis/build/icyphy/ptII/lib/oscP5.jar:/home/travis/build/icyphy/ptII/lib/nrjavaserial-3.11.0.devel.jar:/home/travis/build/icyphy/ptII/vendors/j3d/lib/Linux/j3dcore.jar:/home/travis/build/icyphy/ptII/vendors/j3d/lib/Linux/j3dutils.jar:/home/travis/build/icyphy/ptII/vendors/j3d/lib/Linux/vecmath.jar:/home/travis/build/icyphy/ptII/vendors/jogl/lib/Linux/gluegen-rt-natives-linux-amd64.jar:/home/travis/build/icyphy/ptII/vendors/jogl/lib/Linux/gluegen-rt.jar:/home/travis/build/icyphy/ptII/vendors/jogl/lib/Linux/jogl-all-natives-linux-amd64.jar:/home/travis/build/icyphy/ptII/vendors/jogl/lib/Linux/jogl-all.jar:/home/travis/build/icyphy/ptII/ptolemy/distributed/jini/jar/jini-core.jar:/home/travis/build/icyphy/ptII/ptolemy/distributed/jini/jar/jini-ext.jar:/home/travis/build/icyphy/ptII/ptolemy/distributed/jini/jar/sun-util.jar:/home/travis/build/icyphy/ptII/lib/protobuf-java-2.4.1.jar:/home/travis/build/icyphy/ptII/lib/org.eclipse.paho.client.mqttv3.jar:/home/travis/build/icyphy/ptII/lib/mapss.jar:/home/travis/build/icyphy/ptII/ptolemy/actor/ptalon/antlr/antlr.jar:/home/travis/build/icyphy/ptII/lib/JRI.jar:/home/travis/build/icyphy/ptII/lib/commons-lang-2.6.jar:/home/travis/build/icyphy/ptII/lib/commons-logging-1.1.1.jar:/home/travis/build/icyphy/ptII/lib/sootclasses.jar:/home/travis/build/icyphy/ptII/ptolemy/actor/lib/database/mysql-connector-java-5.1.6-bin.jar:/home/travis/build/icyphy/ptII/vendors/misc/sphinx4/sphinx4-data-5prealpha.jar:/home/travis/build/icyphy/ptII/vendors/misc/sphinx4/sphinx4-core-5prealpha.jar:/home/travis/build/icyphy/ptII/lib/PDFRenderer.jar:/home/travis/build/icyphy/ptII/lib/svgSalamander.jar:/home/travis/build/icyphy/ptII/lib/rsyntaxtextarea-2.6.0-SNAPSHOT.jar:/home/travis/build/icyphy/ptII/lib/hazelcast-3.8.2.jar:/home/travis/build/icyphy/ptII/lib/jackson-annotations-2.9.0.jar:/home/travis/build/icyphy/ptII/lib/jackson-core-2.9.3.jar:/home/travis/build/icyphy/ptII/lib/jackson-databind-2.9.3.jar:/home/travis/build/icyphy/ptII/lib/netty-buffer-4.1.19.Final.jar:/home/travis/build/icyphy/ptII/lib/netty-codec-4.1.19.Final.jar:/home/travis/build/icyphy/ptII/lib/netty-codec-dns-4.1.19.Final.jar:/home/travis/build/icyphy/ptII/lib/netty-codec-http-4.1.19.Final.jar:/home/travis/build/icyphy/ptII/lib/netty-codec-http2-4.1.19.Final.jar:/home/travis/build/icyphy/ptII/lib/netty-common-4.1.19.Final.jar:/home/travis/build/icyphy/ptII/lib/netty-handler-4.1.19.Final.jar:/home/travis/build/icyphy/ptII/lib/netty-resolver-4.1.19.Final.jar:/home/travis/build/icyphy/ptII/lib/netty-resolver-dns-4.1.19.Final.jar:/home/travis/build/icyphy/ptII/lib/netty-transport-4.1.19.Final.jar:/home/travis/build/icyphy/ptII/lib/vertx-codegen-3.5.1.jar:/home/travis/build/icyphy/ptII/lib/vertx-core-3.5.2-SNAPSHOT.jar:/home/travis/build/icyphy/ptII/lib/vertx-hazelcast-3.5.1.jar:/home/travis/build/icyphy/ptII/lib/vertx-lang-js-3.5.1.jar:/home/travis/build/icyphy/ptII/lib/vertx-service-proxy-3.5.1.jar:/home/travis/build/icyphy/ptII/lib/vertx-web-3.5.1.jar:/home/travis/build/icyphy/ptII/lib/slf4j-api-1.7.13.jar:/home/travis/build/icyphy/ptII/lib/slf4j-simple-1.7.13.jar:/home/travis/build/icyphy/ptII/lib/webcam-capture-0.3.12.jar:/home/travis/build/icyphy/ptII/lib/bridj-0.7.0.jar:/home/travis/build/icyphy/ptII/lib/xbjlib-1.1.0.nrjavaserial.jar" />
    <property name="timeout" value="2400000" />
    <property name="test.batch" value="**/junit/*.java" />
    <property name="env._" value="/usr/bin/timeout" />
    <property name="java.io.tmpdir" value="/tmp" />
    <property name="user.language" value="en" />
    <property name="env.TRAVIS_INTERNAL_RUBY_REGEX" value="^ruby-(2\.[0-4]\.[0-9]|1\.9\.3)" />
    <property name="env.HISTCONTROL" value="ignoredups:ignorespace" />
    <property name="env.GOROOT" value="/home/travis/.gimme/versions/go1.11.1.linux.amd64" />
    <property name="line.separator" value="&#xa;" />
    <property name="target" value="11" />
    <property name="env.TRAVIS_BUILD_DIR" value="/home/travis/build/icyphy/ptII" />
    <property name="env.ANT_OPTS" value="-Xmx2048m" />
    <property name="ant.file.type" value="file" />
    <property name="ptolemy.ptII.batchMode" value="true" />
    <property name="env.HISTSIZE" value="1000" />
    <property name="env.MERB_ENV" value="test" />
    <property name="java.vm.info" value="mixed mode" />
    <property name="source" value="11" />
    <property name="java.vm.specification.name" value="Java Virtual Machine Specification" />
    <property name="env.TRAVIS_TEST_RESULT" value="0" />
    <property name="jsdoc.command" value="node_modules/@terraswarm/jsdoc/jsdoc.js" />
    <property name="npm.works" value="true" />
    <property name="cobertura.dir" value="/home/travis/build/icyphy/ptII/vendors/cobertura-2.0.3" />
    <property name="jsdoc.command.exists" value="true" />
    <property name="env.rvm_path" value="/home/travis/.rvm" />
    <property name="env.GEM_PATH" value="/home/travis/.rvm/gems/ruby-2.5.3:/home/travis/.rvm/gems/ruby-2.5.3@global" />
    <property name="env.LC_CTYPE" value="en_US.UTF-8" />
    <property name="env.TRAVIS_CMD" value="$PTII/bin/ptIITravisBuild.sh $SECONDS" />
    <property name="java.awt.printerjob" value="sun.print.PSPrinterJob" />
    <property name="env.TRAVIS_STACK_NAME" value="sardonyx" />
    <property name="env.TRAVIS_TIMER_START_TIME" value="1578949350001410362" />
    <property name="ant.version" value="Apache Ant(TM) version 1.10.1 compiled on February 2 2017" />
    <property name="ptII.reports" value="/home/travis/build/icyphy/ptII/reports" />
    <property name="env.TRAVIS_STACK_TIMESTAMP" value="2019-03-25 16:16:56 UTC" />
    <property name="ant.file.type.ptII" value="file" />
    <property name="env.RBENV_SHELL" value="bash" />
    <property name="os.name" value="Linux" />
    <property name="java.specification.vendor" value="Oracle Corporation" />
    <property name="env.rvm_version" value="1.29.7 (latest)" />
    <property name="env.TRAVIS_INFRA" value="unknown" />
    <property name="env.TERM" value="xterm" />
    <property name="java.vm.name" value="OpenJDK 64-Bit Server VM" />
    <property name="env.TRAVIS_BUILD_NUMBER" value="1466" />
    <property name="env.CI" value="true" />
    <property name="java.library.path" value="/home/travis/pthla/certi-tools/lib:/usr/lib/jni:/usr/local/share/OpenCV/java/:/usr/share/OpenCV/java::/usr/java/packages/lib:/usr/lib64:/lib64:/lib:/usr/lib" />
    <property name="jdk.module.path" value="/home/travis/build/icyphy/ptII/vendors/javafx/javafx-sdk-11.0.2/lib:" />
    <property name="env.rvm_prefix" value="/home/travis" />
    <property name="env.PATH" value="/home/travis/pthla/certi-tools/share/scripts:/home/travis/.rvm/gems/ruby-2.5.3/bin:/home/travis/.rvm/gems/ruby-2.5.3@global/bin:/home/travis/.rvm/rubies/ruby-2.5.3/bin:/home/travis/.rvm/bin:/home/travis/.nvm/versions/node/v7.10.1/bin:./node_modules/.bin:/home/travis/build/icyphy/ptII/bin:/home/travis/pthla/certi-tools/bin:/home/travis/bin:/home/travis/.local/bin:/usr/local/lib/jvm/openjdk11/bin:/opt/pyenv/shims:/home/travis/.phpenv/shims:/home/travis/perl5/perlbrew/bin:/home/travis/gopath/bin:/home/travis/.gimme/versions/go1.11.1.linux.amd64/bin:/usr/local/maven-3.6.0/bin:/usr/local/cmake-3.12.4/bin:/usr/local/clang-7.0.0/bin:/usr/local/sbin:/usr/local/bin:/usr/sbin:/usr/bin:/sbin:/bin:/snap/bin:/home/travis/.phpenv/bin:/opt/pyenv/bin:/home/travis/.yarn/bin" />
    <property name="env.TRAVIS_OS_NAME" value="linux" />
    <property name="ant.java.version" value="9" />
    <property name="basedir" value="/home/travis/build/icyphy/ptII" />
    <property name="java.class.version" value="55.0" />
    <property name="env.SHLVL" value="3" />
    <property name="env.LD_LIBRARY_PATH" value="/home/travis/pthla/certi-tools/lib:/usr/lib/jni:/usr/local/share/OpenCV/java/:/usr/share/OpenCV/java:" />
    <property name="env.RACK_ENV" value="test" />
    <property name="ant.home" value="/home/travis/build/icyphy/ptII/ant" />
    <property name="env.NVM_DIR" value="/home/travis/.nvm" />
    <property name="env.CERTI_FOM_PATH" value="/home/travis/pthla/certi-tools/share/federations" />
    <property name="env.TRAVIS_BUILD_ID" value="636555012" />
    <property name="env.PYENV_ROOT" value="/opt/pyenv" />
    <property name="env.TRAVIS_UID" value="2000" />
    <property name="prism.verbose" value="true" />
    <property name="env.NVM_BIN" value="/home/travis/.nvm/versions/node/v7.10.1/bin" />
    <property name="env.TRAVIS_COMMIT" value="fbd7ecc9139d2f8a4cb1830725c7e7ccf498832a" />
    <property name="env._system_arch" value="x86_64" />
    <property name="node.executable" value="node" />
    <property name="sun.boot.library.path" value="/usr/local/lib/jvm/openjdk11/lib" />
    <property name="sun.management.compiler" value="HotSpot 64-Bit Tiered Compilers" />
    <property name="java.awt.graphicsenv" value="sun.awt.X11GraphicsEnvironment" />
    <property name="env.GOPATH" value="/home/travis/gopath" />
    <property name="ptolemy.ptII.dir" value="/home/travis/build/icyphy/ptII" />
    <property name="env.USER" value="travis" />
    <property name="env.HISTFILESIZE" value="2000" />
    <property name="timeout.longest" value="19000000" />
    <property name="env.PERLBREW_SHELLRC_VERSION" value="0.86" />
    <property name="env.TRAVIS_STACK_FEATURES" value="basic couchdb disabled-ipv6 docker docker-compose elasticsearch firefox go-toolchain google-chrome jdk memcached mongodb mysql nodejs_interpreter perl_interpreter perlbrew phantomjs postgresql python_interpreter redis ruby_interpreter sqlite xserver" />
    <property name="env.TRAVIS_PULL_REQUEST" value="false" />
    <property name="env.PYENV_SHELL" value="bash" />
    <property name="ant.project.name" value="ptII" />
    <property name="env.ANSI_RESET" value="\033[0m" />
    <property name="java.vm.specification.version" value="11" />
    <property name="env.TRAVIS_DIST" value="xenial" />
    <property name="env.CERTI_VERSION" value="4.0.0" />
    <property name="env.CERTI_HOST" value="localhost" />
    <property name="awt.toolkit" value="sun.awt.X11.XToolkit" />
    <property name="env.MY_RUBY_HOME" value="/home/travis/.rvm/rubies/ruby-2.5.3" />
    <property name="sun.cpu.isalist" value="" />
    <property name="env.TRAVIS_TMPDIR" value="/tmp/tmp.72QsJSm4h7" />
    <property name="java.vm.compressedOopsMode" value="Zero based" />
    <property name="os.version" value="4.15.0-1028-gcp" />
    <property name="user.home" value="/home/travis" />
    <property name="java.vm.vendor" value="Oracle Corporation" />
    <property name="env.TRAVIS_TAG" value="nightly" />
    <property name="env.ANSI_YELLOW" value="\033[33;1m" />
    <property name="env.TRAVIS_FILTERED" value="redirect_io" />
    <property name="env.ANSI_GREEN" value="\033[32;1m" />
    <property name="env.JAVA_HOME" value="/usr/local/lib/jvm/openjdk11" />
    <property name="javadoc.excludepackagenames" value="adm.cvs2svn.*,build.*,config.*,doc.coding.templates.*,jni.test.jni.meaningOfLife.*,jni.test.jni.testDeux.*,jni.test.jni.testTrois.*,org.terraswarm.accessor.accessors.web.node_modules.*,org.terraswarm.accessor.accessors.web.hosts.cordova.demo.*,org.terraswarm.accessor.accessors.web.hosts.cordova.plugins.*,org.terraswarm.accessor.accessors-svn.*,pt-modules.*,ptolemy.apps.agilent.*,ptolemy.apps.anytimecontrol.*,ptolemy.apps.apes.*,ptolemy.apps.charon.*,ptolemy.apps.crazyboard.*,ptolemy.apps.eclipse.*,ptolemy.apps.etherealSting.*,ptolemy.apps.fullscreen.*,ptolemy.apps.giotto.*,ptolemy.apps.ia.*,ptolemy.apps.interfaces.*,ptolemy.apps.jmf.*,ptolemy.apps.kurt.*,ptolemy.apps.kvm.*,ptolemy.apps.lego.*,ptolemy.apps.lejos.*,ptolemy.apps.midp.*,ptolemy.apps.mobileCoding.*,ptolemy.apps.pendulum.*,ptolemy.apps.rijndael.*,ptolemy.apps.robot.*,ptolemy.apps.security.*,ptolemy.apps.sobel.*,ptolemy.apps.soot.*,ptolemy.apps.throttle.*,ptolemy.apps.tini.*,ptolemy.apps.transmission.*,ptolemy.apps.vergil.*,ptolemy.apps.waba.*,ptolemy.apps.websensor.*,ptolemy.apps.webstart.*,ptolemy.apps.xsl.*,ptolemy.apps.zaurus.*,ptolemy.codegen.c.actor.lib.oldJavaFiles.*,ptolemy.codegen.dsp.lib.*,ptolemy.codegen.kernel.newInterfaces.*,ptolemy.codegen.lib.*,ptolemy.copernicus.kernel.fragment.*,ptolemy.copernicus.shallow.cg.*,ptolemy.domains.giotto.demo.Hierarchy.Hierarchy.*,ptolemy.domains.giotto.demo.Multimode.Multimode.*,ptolemy.domains.giotto.demo.Simple.Simple.*,ptolemy.domains.gr.lib.experimental.*,ptolemy.domains.gro.*,ptolemy.domains.pdf.*,ptolemy.domains.ptinyos.demo.Surge.output.*,ptolemy.moml.test.NoPackageActor.java*,ptolemy.plot.adm.*,ptolemy.plot.servlet.*,reports.*,signed.*,src.*,target.*,vendors.*,ptolemy.copernicus.applet.*,ptolemy.media.viewer.*,ptolemy.actor.corba.*,doc.doclets.*,ptolemy.apps.eclipse.awt.*,ptolemy.backtrack.*,ptolemy.backtrack.ast.*,ptolemy.cg.adapter.generic.program.procedural.c.mbed*,ptolemy.homer.*,ptolemy.actor.lib.jai.*,org.ptolemy.scala.*,diva.util.java2d.svg.*,ptolemy.domains.ptinyos.*,ptolemy.actor.lib.fmi.fmipp.*,,org.terraswarm.accessor.accessors.web.node_modules.*,org.terraswarm.accessor.accessors-svn,ptolemy.apps.*,ptolemy.actor.ptalon.demo.ptinyos.SendAndReceiveCnt.output,ptolemy.actor.ptalon.demo.ptinyos.SenseToLeds.output,ptolemy.domains.ptinyos.demo.CntToLedsAndRfm.output,ptolemy.domains.ptinyos.demo.RfmToLeds.output,ptolemy.domains.ptinyos.demo.SendAndReceiveCnt.output,ptolemy.domains.ptinyos.demo.SenseToLeds.output,ptolemy.actor.lib.jjs.modules.udpSocket.*" />
    <property name="env.PTII" value="/home/travis/build/icyphy/ptII" />
    <property name="env.XDG_SESSION_ID" value="2" />
    <property name="keystore" value="ptKeystore" />
    <property name="env.TRAVIS_COMMIT_MESSAGE" value="Adding a script for installing CERTI following HLA 1516E." />
    <property name="junit.output.dir" value="/home/travis/build/icyphy/ptII/reports/junit" />
    <property name="npm.return.code" value="0" />
    <property name="user.dir" value="/home/travis/build/icyphy/ptII/ptolemy/actor/lib/test" />
    <property name="env.TRAVIS_NODE_VERSION" value="7" />
    <property name="env.TRAVIS_EVENT_TYPE" value="push" />
    <property name="env.MAIL" value="/var/mail/travis" />
    <property name="env.PERLBREW_ROOT" value="/home/travis/perl5/perlbrew" />
    <property name="env.PWD" value="/home/travis/build/icyphy/ptII" />
    <property name="timeout.npm" value="45000" />
    <property name="env.TRAVIS_ARCH" value="amd64" />
    <property name="sun.cpu.endian" value="little" />
    <property name="env.PAGER" value="cat" />
    <property name="env.TRAVIS_BUILD_STAGE_NAME" value="Test" />
    <property name="env.PERLBREW_HOME" value="/home/travis/.perlbrew" />
    <property name="java.vm.version" value="11.0.2+9" />
    <property name="env.RAILS_ENV" value="test" />
    <property name="java.class.path" value="/home/travis/.ptolemyII:/home/travis/.ptolemyII/*:/home/travis/build/icyphy/ptII:/home/travis/build/icyphy/ptII/lib/bsh-2.0b4.jar:/home/travis/build/icyphy/ptII/lib/ptCal.jar:/home/travis/build/icyphy/ptII/lib/java_cup.jar:/home/travis/build/icyphy/ptII/lib/saxon8.jar:/home/travis/build/icyphy/ptII/lib/saxon8-dom.jar:/home/travis/build/icyphy/ptII/lib/chic.jar:/home/travis/build/icyphy/ptII/lib/ptcolt.jar:/home/travis/build/icyphy/ptII/vendors/misc/itext/iText.jar:/home/travis/build/icyphy/ptII/lib/g4ltl.jar:/home/travis/build/icyphy/ptII/lib/StructuralCoder.jar:/home/travis/build/icyphy/ptII/lib/jcerti.jar:/home/travis/build/icyphy/ptII/lib/javax.mail.jar:/home/travis/build/icyphy/ptII/vendors/JMF-2.1.1e/lib/jmf.jar:/home/travis/build/icyphy/ptII/lib/jna-4.0.0-variadic.jar:/home/travis/build/icyphy/ptII/vendors/misc/joystick/Joystick.jar:/home/travis/build/icyphy/ptII/lib/ptjacl.jar:/home/travis/build/icyphy/ptII/lib/jsoup-1.8.2.jar:/home/travis/build/icyphy/ptII/lib/junit-4.8.2.jar:/home/travis/build/icyphy/ptII/lib/JUnitParams-0.4.0.jar:/home/travis/build/icyphy/ptII/ptolemy/actor/lib/excel/jxl.jar:/home/travis/build/icyphy/ptII/lib/jython.jar:/home/travis/build/icyphy/ptII/lib/kieler.jar:/home/travis/build/icyphy/ptII/vendors/opencv/share/OpenCV/java/opencv-341.jar:/home/travis/build/icyphy/ptII/lib/oscP5.jar:/home/travis/build/icyphy/ptII/lib/nrjavaserial-3.11.0.devel.jar:/home/travis/build/icyphy/ptII/vendors/j3d/lib/Linux/j3dcore.jar:/home/travis/build/icyphy/ptII/vendors/j3d/lib/Linux/j3dutils.jar:/home/travis/build/icyphy/ptII/vendors/j3d/lib/Linux/vecmath.jar:/home/travis/build/icyphy/ptII/vendors/jogl/lib/Linux/gluegen-rt-natives-linux-amd64.jar:/home/travis/build/icyphy/ptII/vendors/jogl/lib/Linux/gluegen-rt.jar:/home/travis/build/icyphy/ptII/vendors/jogl/lib/Linux/jogl-all-natives-linux-amd64.jar:/home/travis/build/icyphy/ptII/vendors/jogl/lib/Linux/jogl-all.jar:/home/travis/build/icyphy/ptII/ptolemy/distributed/jini/jar/jini-core.jar:/home/travis/build/icyphy/ptII/ptolemy/distributed/jini/jar/jini-ext.jar:/home/travis/build/icyphy/ptII/ptolemy/distributed/jini/jar/sun-util.jar:/home/travis/build/icyphy/ptII/lib/protobuf-java-2.4.1.jar:/home/travis/build/icyphy/ptII/lib/org.eclipse.paho.client.mqttv3.jar:/home/travis/build/icyphy/ptII/lib/mapss.jar:/home/travis/build/icyphy/ptII/ptolemy/actor/ptalon/antlr/antlr.jar:/home/travis/build/icyphy/ptII/lib/JRI.jar:/home/travis/build/icyphy/ptII/lib/commons-lang-2.6.jar:/home/travis/build/icyphy/ptII/lib/commons-logging-1.1.1.jar:/home/travis/build/icyphy/ptII/lib/sootclasses.jar:/home/travis/build/icyphy/ptII/ptolemy/actor/lib/database/mysql-connector-java-5.1.6-bin.jar:/home/travis/build/icyphy/ptII/vendors/misc/sphinx4/sphinx4-data-5prealpha.jar:/home/travis/build/icyphy/ptII/vendors/misc/sphinx4/sphinx4-core-5prealpha.jar:/home/travis/build/icyphy/ptII/lib/PDFRenderer.jar:/home/travis/build/icyphy/ptII/lib/svgSalamander.jar:/home/travis/build/icyphy/ptII/lib/rsyntaxtextarea-2.6.0-SNAPSHOT.jar:/home/travis/build/icyphy/ptII/lib/hazelcast-3.8.2.jar:/home/travis/build/icyphy/ptII/lib/jackson-annotations-2.9.0.jar:/home/travis/build/icyphy/ptII/lib/jackson-core-2.9.3.jar:/home/travis/build/icyphy/ptII/lib/jackson-databind-2.9.3.jar:/home/travis/build/icyphy/ptII/lib/netty-buffer-4.1.19.Final.jar:/home/travis/build/icyphy/ptII/lib/netty-codec-4.1.19.Final.jar:/home/travis/build/icyphy/ptII/lib/netty-codec-dns-4.1.19.Final.jar:/home/travis/build/icyphy/ptII/lib/netty-codec-http-4.1.19.Final.jar:/home/travis/build/icyphy/ptII/lib/netty-codec-http2-4.1.19.Final.jar:/home/travis/build/icyphy/ptII/lib/netty-common-4.1.19.Final.jar:/home/travis/build/icyphy/ptII/lib/netty-handler-4.1.19.Final.jar:/home/travis/build/icyphy/ptII/lib/netty-resolver-4.1.19.Final.jar:/home/travis/build/icyphy/ptII/lib/netty-resolver-dns-4.1.19.Final.jar:/home/travis/build/icyphy/ptII/lib/netty-transport-4.1.19.Final.jar:/home/travis/build/icyphy/ptII/lib/vertx-codegen-3.5.1.jar:/home/travis/build/icyphy/ptII/lib/vertx-core-3.5.2-SNAPSHOT.jar:/home/travis/build/icyphy/ptII/lib/vertx-hazelcast-3.5.1.jar:/home/travis/build/icyphy/ptII/lib/vertx-lang-js-3.5.1.jar:/home/travis/build/icyphy/ptII/lib/vertx-service-proxy-3.5.1.jar:/home/travis/build/icyphy/ptII/lib/vertx-web-3.5.1.jar:/home/travis/build/icyphy/ptII/lib/slf4j-api-1.7.13.jar:/home/travis/build/icyphy/ptII/lib/slf4j-simple-1.7.13.jar:/home/travis/build/icyphy/ptII/lib/webcam-capture-0.3.12.jar:/home/travis/build/icyphy/ptII/lib/bridj-0.7.0.jar:/home/travis/build/icyphy/ptII/lib/xbjlib-1.1.0.nrjavaserial.jar:/home/travis/build/icyphy/ptII/ptolemy/moml/test:/home/travis/build/icyphy/ptII/ant/lib/ant-launcher.jar:/home/travis/build/icyphy/ptII/ant/lib/ant.jar:/home/travis/build/icyphy/ptII/ant/lib/ant-junit.jar:/home/travis/build/icyphy/ptII/ant/lib/ant-junit4.jar" />
    <property name="ant.library.dir" value="/home/travis/build/icyphy/ptII/ant/lib" />
    <property name="os.arch" value="amd64" />
    <property name="env.CONTINUOUS_INTEGRATION" value="true" />
    <property name="env.TRAVIS_LANGUAGE" value="node_js" />
    <property name="env.TRAVIS_STACK_LANGUAGES" value="__sardonyx__ c c++ clojure cplusplus cpp default generic go groovy java node_js php pure_java python ruby scala" />
    <property name="test.name" value="ptolemy.actor.lib.test.junit.JUnitTclTest" />
    <property name="env.APT_KEY_DONT_WARN_ON_DANGEROUS_USAGE" value="1" />
    <property name="sun.java.launcher" value="SUN_STANDARD" />
    <property name="env.PYTHON_CONFIGURE_OPTS" value="--enable-unicode=ucs4 --with-wide-unicode --enable-shared --enable-ipv6 --enable-loadable-sqlite-extensions --with-computed-gotos" />
    <property name="ant.core.lib" value="/home/travis/build/icyphy/ptII/ant/lib/ant.jar" />
    <property name="java.vm.specification.vendor" value="Oracle Corporation" />
    <property name="env.BCVTB_HOME" value="/home/travis/build/icyphy/ptII/lbnl" />
    <property name="file.separator" value="/" />
    <property name="spotbugs.home" value="/home/travis/build/icyphy/ptII/vendors/spotbugs-3.1.1" />
    <property name="java.runtime.version" value="11.0.2+9" />
    <property name="env.ANSI_CLEAR" value="\033[0K" />
    <property name="javafx.verbose" value="true" />
    <property name="env.HAS_JOSH_K_SEAL_OF_APPROVAL" value="true" />
    <property name="env.XDG_RUNTIME_DIR" value="/run/user/2000" />
    <property name="env.TRAVIS_OSX_IMAGE" value="" />
    <property name="env.TRAVIS_JOB_ID" value="636555020" />
    <property name="env.TRAVIS_BRANCH" value="master" />
    <property name="user.country" value="US" />
    <property name="env.CERTI_HOME_TRAVIS" value="/home/travis/pthla/certi-tools" />
    <property name="env.SHELL" value="/bin/bash" />
    <property name="java.maxmemory.large" value="3200m" />
    <property name="model" value="" />
    <property name="env.CASHER_DIR" value="/home/travis/.casher" />
    <property name="env.NVM_CD_FLAGS" value="" />
    <property name="java.vendor.version" value="18.9" />
    <property name="jshint.executable" value="/home/travis/node_modules/jshint/bin/jshint" />
    <property name="env.JRUBY_OPTS" value=" --client -J-XX:+TieredCompilation -J-XX:TieredStopAtLevel=1 -J-Xss2m -Xcompile.invokedynamic=false" />
    <property name="java.vendor" value="Oracle Corporation" />
    <property name="env.TRAVIS_PRE_CHEF_BOOTSTRAP_TIME" value="2019-03-25T16:16:42" />
    <property name="env.TRAVIS_STACK_JOB_BOARD_REGISTER" value="/.job-board-register.yml" />
    <property name="env.ANSI_RED" value="\033[31;1m" />
    <property name="java.specification.version" value="11" />
    <property name="env.IRBRC" value="/home/travis/.rvm/rubies/ruby-2.5.3/.irbrc" />
    <property name="env.TRAVIS" value="true" />
    <property name="sun.arch.data.model" value="64" />
  </properties>
  <testcase classname="ptolemy.util.test.junit.TclTests" name="[0] /home/travis/build/icyphy/ptII/ptolemy/actor/lib/test/AbsoluteValue.tcl (RunTclFile)" time="0.631" />
  <testcase classname="ptolemy.util.test.junit.TclTests" name="[1] /home/travis/build/icyphy/ptII/ptolemy/actor/lib/test/AddSubtract.tcl (RunTclFile)" time="0.162" />
  <testcase classname="ptolemy.util.test.junit.TclTests" name="[2] /home/travis/build/icyphy/ptII/ptolemy/actor/lib/test/Average.tcl (RunTclFile)" time="0.068" />
  <testcase classname="ptolemy.util.test.junit.TclTests" name="[3] /home/travis/build/icyphy/ptII/ptolemy/actor/lib/test/Bernoulli.tcl (RunTclFile)" time="0.044" />
  <testcase classname="ptolemy.util.test.junit.TclTests" name="[4] /home/travis/build/icyphy/ptII/ptolemy/actor/lib/test/Clock.tcl (RunTclFile)" time="0.125" />
  <testcase classname="ptolemy.util.test.junit.TclTests" name="[5] /home/travis/build/icyphy/ptII/ptolemy/actor/lib/test/Commutator.tcl (RunTclFile)" time="0.173" />
  <testcase classname="ptolemy.util.test.junit.TclTests" name="[6] /home/travis/build/icyphy/ptII/ptolemy/actor/lib/test/Const.tcl (RunTclFile)" time="0.132" />
  <testcase classname="ptolemy.util.test.junit.TclTests" name="[7] /home/travis/build/icyphy/ptII/ptolemy/actor/lib/test/CurrentTime.tcl (RunTclFile)" time="0.03" />
  <testcase classname="ptolemy.util.test.junit.TclTests" name="[8] /home/travis/build/icyphy/ptII/ptolemy/actor/lib/test/DB.tcl (RunTclFile)" time="0.037" />
  <testcase classname="ptolemy.util.test.junit.TclTests" name="[9] /home/travis/build/icyphy/ptII/ptolemy/actor/lib/test/DiscreteRandomSource.tcl (RunTclFile)" time="0.054" />
  <testcase classname="ptolemy.util.test.junit.TclTests" name="[10] /home/travis/build/icyphy/ptII/ptolemy/actor/lib/test/Distributor.tcl (RunTclFile)" time="0.09" />
  <testcase classname="ptolemy.util.test.junit.TclTests" name="[11] /home/travis/build/icyphy/ptII/ptolemy/actor/lib/test/Exit.tcl (RunTclFile)" time="0.08" />
  <testcase classname="ptolemy.util.test.junit.TclTests" name="[12] /home/travis/build/icyphy/ptII/ptolemy/actor/lib/test/Expression.tcl (RunTclFile)" time="0.096" />
  <testcase classname="ptolemy.util.test.junit.TclTests" name="[13] /home/travis/build/icyphy/ptII/ptolemy/actor/lib/test/Gaussian.tcl (RunTclFile)" time="1.011" />
  <testcase classname="ptolemy.util.test.junit.TclTests" name="[14] /home/travis/build/icyphy/ptII/ptolemy/actor/lib/test/IIR.tcl (RunTclFile)" time="0.048" />
  <testcase classname="ptolemy.util.test.junit.TclTests" name="[15] /home/travis/build/icyphy/ptII/ptolemy/actor/lib/test/Interpolator.tcl (RunTclFile)" time="0.104" />
  <testcase classname="ptolemy.util.test.junit.TclTests" name="[16] /home/travis/build/icyphy/ptII/ptolemy/actor/lib/test/MathFunction.tcl (RunTclFile)" time="0.061" />
  <testcase classname="ptolemy.util.test.junit.TclTests" name="[17] /home/travis/build/icyphy/ptII/ptolemy/actor/lib/test/Maximum.tcl (RunTclFile)" time="0.023" />
  <testcase classname="ptolemy.util.test.junit.TclTests" name="[18] /home/travis/build/icyphy/ptII/ptolemy/actor/lib/test/Minimum.tcl (RunTclFile)" time="0.019" />
  <testcase classname="ptolemy.util.test.junit.TclTests" name="[19] /home/travis/build/icyphy/ptII/ptolemy/actor/lib/test/MultiplyDivide.tcl (RunTclFile)" time="0.021" />
  <testcase classname="ptolemy.util.test.junit.TclTests" name="[20] /home/travis/build/icyphy/ptII/ptolemy/actor/lib/test/OrderedMerge.tcl (RunTclFile)" time="0.143" />
  <testcase classname="ptolemy.util.test.junit.TclTests" name="[21] /home/travis/build/icyphy/ptII/ptolemy/actor/lib/test/Publisher.tcl (RunTclFile)" time="0.828" />
  <testcase classname="ptolemy.util.test.junit.TclTests" name="[22] /home/travis/build/icyphy/ptII/ptolemy/actor/lib/test/Pulse.tcl (RunTclFile)" time="0.052" />
  <testcase classname="ptolemy.util.test.junit.TclTests" name="[23] /home/travis/build/icyphy/ptII/ptolemy/actor/lib/test/Ramp.tcl (RunTclFile)" time="2.058" />
  <testcase classname="ptolemy.util.test.junit.TclTests" name="[24] /home/travis/build/icyphy/ptII/ptolemy/actor/lib/test/RampContinuous.tcl (RunTclFile)" time="0.017" />
  <testcase classname="ptolemy.util.test.junit.TclTests" name="[25] /home/travis/build/icyphy/ptII/ptolemy/actor/lib/test/RecordAssembler.tcl (RunTclFile)" time="0.015" />
  <testcase classname="ptolemy.util.test.junit.TclTests" name="[26] /home/travis/build/icyphy/ptII/ptolemy/actor/lib/test/RecordDisassembler.tcl (RunTclFile)" time="0.021" />
  <testcase classname="ptolemy.util.test.junit.TclTests" name="[27] /home/travis/build/icyphy/ptII/ptolemy/actor/lib/test/Scale.tcl (RunTclFile)" time="0.017" />
  <testcase classname="ptolemy.util.test.junit.TclTests" name="[28] /home/travis/build/icyphy/ptII/ptolemy/actor/lib/test/SequentialClock.tcl (RunTclFile)" time="0.012" />
  <testcase classname="ptolemy.util.test.junit.TclTests" name="[29] /home/travis/build/icyphy/ptII/ptolemy/actor/lib/test/SetVariable.tcl (RunTclFile)" time="0.014" />
  <testcase classname="ptolemy.util.test.junit.TclTests" name="[30] /home/travis/build/icyphy/ptII/ptolemy/actor/lib/test/Sinewave.tcl (RunTclFile)" time="0.053" />
  <testcase classname="ptolemy.util.test.junit.TclTests" name="[31] /home/travis/build/icyphy/ptII/ptolemy/actor/lib/test/SubscriptionAggregator.tcl (RunTclFile)" time="2.035" />
  <testcase classname="ptolemy.util.test.junit.TclTests" name="[32] /home/travis/build/icyphy/ptII/ptolemy/actor/lib/test/Test.tcl (RunTclFile)" time="0.103" />
  <testcase classname="ptolemy.util.test.junit.TclTests" name="[33] /home/travis/build/icyphy/ptII/ptolemy/actor/lib/test/TestExceptionHandler.tcl (RunTclFile)" time="0.013" />
  <testcase classname="ptolemy.util.test.junit.TclTests" name="[34] /home/travis/build/icyphy/ptII/ptolemy/actor/lib/test/UnionDisassembler.tcl (RunTclFile)" time="0.068" />
  <testcase classname="ptolemy.util.test.junit.TclTests" name="[35] /home/travis/build/icyphy/ptII/ptolemy/actor/lib/test/VariableClock.tcl (RunTclFile)" time="0.031" />
  <testcase classname="ptolemy.util.test.junit.AutoKnownFailedTests" name="[0] /home/travis/build/icyphy/ptII/ptolemy/actor/lib/test/auto/knownFailedTests/PublisherPortToplevelSubscriber.xml (RunModel)" time="0.094" />
  <testcase classname="ptolemy.util.test.junit.AutoKnownFailedTests" name="[1] /home/travis/build/icyphy/ptII/ptolemy/actor/lib/test/auto/knownFailedTests/PublisherSubscriberPortToplevel.xml (RunModel)" time="0.027" />
  <testcase classname="ptolemy.util.test.junit.AutoKnownFailedTests" name="[2] /home/travis/build/icyphy/ptII/ptolemy/actor/lib/test/auto/knownFailedTests/PublisherSubscriptionAggregatorPort.xml (RunModel)" time="0.022" />
  <testcase classname="ptolemy.util.test.junit.AutoKnownFailedTests" name="[3] /home/travis/build/icyphy/ptII/ptolemy/actor/lib/test/auto/knownFailedTests/sizedarray3.xml (RunModel)" time="0.061" />
  <testcase classname="ptolemy.util.test.junit.AutoNameArchTests" name="[0] ThereAreNoAutoArchTests (RunModel)" time="0.007" />
  <testcase classname="ptolemy.util.test.junit.AutoTests" name="[0] /home/travis/build/icyphy/ptII/ptolemy/actor/lib/test/auto/AbsoluteValue.xml (RunModel)" time="0.113" />
  <testcase classname="ptolemy.util.test.junit.AutoTests" name="[1] /home/travis/build/icyphy/ptII/ptolemy/actor/lib/test/auto/AbsoluteValue2.xml (RunModel)" time="0.063" />
  <testcase classname="ptolemy.util.test.junit.AutoTests" name="[2] /home/travis/build/icyphy/ptII/ptolemy/actor/lib/test/auto/Accumulator.xml (RunModel)" time="0.067" />
  <testcase classname="ptolemy.util.test.junit.AutoTests" name="[3] /home/travis/build/icyphy/ptII/ptolemy/actor/lib/test/auto/Accumulator2.xml (RunModel)" time="0.042" />
  <testcase classname="ptolemy.util.test.junit.AutoTests" name="[4] /home/travis/build/icyphy/ptII/ptolemy/actor/lib/test/auto/Accumulator3.xml (RunModel)" time="0.022" />
  <testcase classname="ptolemy.util.test.junit.AutoTests" name="[5] /home/travis/build/icyphy/ptII/ptolemy/actor/lib/test/auto/ArrayAppend.xml (RunModel)" time="0.048" />
  <testcase classname="ptolemy.util.test.junit.AutoTests" name="[6] /home/travis/build/icyphy/ptII/ptolemy/actor/lib/test/auto/ArrayAppend2.xml (RunModel)" time="0.263" />
  <testcase classname="ptolemy.util.test.junit.AutoTests" name="[7] /home/travis/build/icyphy/ptII/ptolemy/actor/lib/test/auto/ArrayAppend3.xml (RunModel)" time="0.036" />
  <testcase classname="ptolemy.util.test.junit.AutoTests" name="[8] /home/travis/build/icyphy/ptII/ptolemy/actor/lib/test/auto/ArrayAppend4.xml (RunModel)" time="0.026" />
  <testcase classname="ptolemy.util.test.junit.AutoTests" name="[9] /home/travis/build/icyphy/ptII/ptolemy/actor/lib/test/auto/ArrayAppend5.xml (RunModel)" time="0.014" />
  <testcase classname="ptolemy.util.test.junit.AutoTests" name="[10] /home/travis/build/icyphy/ptII/ptolemy/actor/lib/test/auto/ArrayAppend6.xml (RunModel)" time="0.091" />
  <testcase classname="ptolemy.util.test.junit.AutoTests" name="[11] /home/travis/build/icyphy/ptII/ptolemy/actor/lib/test/auto/ArrayAppendPerformanceTest.xml (RunModel)" time="0.062" />
  <testcase classname="ptolemy.util.test.junit.AutoTests" name="[12] /home/travis/build/icyphy/ptII/ptolemy/actor/lib/test/auto/ArrayAppendWithEmptyInput.xml (RunModel)" time="0.051" />
  <testcase classname="ptolemy.util.test.junit.AutoTests" name="[13] /home/travis/build/icyphy/ptII/ptolemy/actor/lib/test/auto/ArrayAverage.xml (RunModel)" time="0.053" />
  <testcase classname="ptolemy.util.test.junit.AutoTests" name="[14] /home/travis/build/icyphy/ptII/ptolemy/actor/lib/test/auto/ArrayContains.xml (RunModel)" time="0.035" />
  <testcase classname="ptolemy.util.test.junit.AutoTests" name="[15] /home/travis/build/icyphy/ptII/ptolemy/actor/lib/test/auto/ArrayElement.xml (RunModel)" time="0.03" />
  <testcase classname="ptolemy.util.test.junit.AutoTests" name="[16] /home/travis/build/icyphy/ptII/ptolemy/actor/lib/test/auto/ArrayElementAsMatrix.xml (RunModel)" time="0.062" />
  <testcase classname="ptolemy.util.test.junit.AutoTests" name="[17] /home/travis/build/icyphy/ptII/ptolemy/actor/lib/test/auto/ArrayElementI.xml (RunModel)" time="0.013" />
  <testcase classname="ptolemy.util.test.junit.AutoTests" name="[18] /home/travis/build/icyphy/ptII/ptolemy/actor/lib/test/auto/ArrayExtract.xml (RunModel)" time="0.029" />
  <testcase classname="ptolemy.util.test.junit.AutoTests" name="[19] /home/travis/build/icyphy/ptII/ptolemy/actor/lib/test/auto/ArrayExtract2.xml (RunModel)" time="0.027" />
  <testcase classname="ptolemy.util.test.junit.AutoTests" name="[20] /home/travis/build/icyphy/ptII/ptolemy/actor/lib/test/auto/ArrayLength.xml (RunModel)" time="0.02" />
  <testcase classname="ptolemy.util.test.junit.AutoTests" name="[21] /home/travis/build/icyphy/ptII/ptolemy/actor/lib/test/auto/ArrayLevelCrossing.xml (RunModel)" time="0.025" />
  <testcase classname="ptolemy.util.test.junit.AutoTests" name="[22] /home/travis/build/icyphy/ptII/ptolemy/actor/lib/test/auto/ArrayLevelCrossing2.xml (RunModel)" time="0.03" />
  <testcase classname="ptolemy.util.test.junit.AutoTests" name="[23] /home/travis/build/icyphy/ptII/ptolemy/actor/lib/test/auto/ArrayPeakSearch.xml (RunModel)" time="0.036" />
  <testcase classname="ptolemy.util.test.junit.AutoTests" name="[24] /home/travis/build/icyphy/ptII/ptolemy/actor/lib/test/auto/ArrayPeakSearch2.xml (RunModel)" time="0.04" />
  <testcase classname="ptolemy.util.test.junit.AutoTests" name="[25] /home/travis/build/icyphy/ptII/ptolemy/actor/lib/test/auto/ArrayPeakSearch3.xml (RunModel)" time="0.033" />
  <testcase classname="ptolemy.util.test.junit.AutoTests" name="[26] /home/travis/build/icyphy/ptII/ptolemy/actor/lib/test/auto/ArrayRemoveElement.xml (RunModel)" time="0.025" />
  <testcase classname="ptolemy.util.test.junit.AutoTests" name="[27] /home/travis/build/icyphy/ptII/ptolemy/actor/lib/test/auto/ArraySort.xml (RunModel)" time="0.031" />
  <testcase classname="ptolemy.util.test.junit.AutoTests" name="[28] /home/travis/build/icyphy/ptII/ptolemy/actor/lib/test/auto/ArraySum.xml (RunModel)" time="0.023" />
  <testcase classname="ptolemy.util.test.junit.AutoTests" name="[29] /home/travis/build/icyphy/ptII/ptolemy/actor/lib/test/auto/ArrayToElements.xml (RunModel)" time="0.019" />
  <testcase classname="ptolemy.util.test.junit.AutoTests" name="[30] /home/travis/build/icyphy/ptII/ptolemy/actor/lib/test/auto/ArrayToMatrix.xml (RunModel)" time="0.051" />
  <testcase classname="ptolemy.util.test.junit.AutoTests" name="[31] /home/travis/build/icyphy/ptII/ptolemy/actor/lib/test/auto/ArrayUpdate1.xml (RunModel)" time="0.023" />
  <testcase classname="ptolemy.util.test.junit.AutoTests" name="[32] /home/travis/build/icyphy/ptII/ptolemy/actor/lib/test/auto/ArrayUpdate2.xml (RunModel)" time="0.016" />
  <testcase classname="ptolemy.util.test.junit.AutoTests" name="[33] /home/travis/build/icyphy/ptII/ptolemy/actor/lib/test/auto/ArrayUpdate3.xml (RunModel)" time="0.022" />
  <testcase classname="ptolemy.util.test.junit.AutoTests" name="[34] /home/travis/build/icyphy/ptII/ptolemy/actor/lib/test/auto/Assert1.xml (RunModel)" time="0.026" />
  <testcase classname="ptolemy.util.test.junit.AutoTests" name="[35] /home/travis/build/icyphy/ptII/ptolemy/actor/lib/test/auto/Assert2.xml (RunModel)" time="0.013" />
  <testcase classname="ptolemy.util.test.junit.AutoTests" name="[36] /home/travis/build/icyphy/ptII/ptolemy/actor/lib/test/auto/BooleanMultiplexor.xml (RunModel)" time="0.014" />
  <testcase classname="ptolemy.util.test.junit.AutoTests" name="[37] /home/travis/build/icyphy/ptII/ptolemy/actor/lib/test/auto/BooleanMultiplexor2.xml (RunModel)" time="0.026" />
  <testcase classname="ptolemy.util.test.junit.AutoTests" name="[38] /home/travis/build/icyphy/ptII/ptolemy/actor/lib/test/auto/BooleanMultiplexor3.xml (RunModel)" time="0.024" />
  <testcase classname="ptolemy.util.test.junit.AutoTests" name="[39] /home/travis/build/icyphy/ptII/ptolemy/actor/lib/test/auto/BooleanSelect.xml (RunModel)" time="0.022" />
  <testcase classname="ptolemy.util.test.junit.AutoTests" name="[40] /home/travis/build/icyphy/ptII/ptolemy/actor/lib/test/auto/BooleanSelect2.xml (RunModel)" time="0.018" />
  <testcase classname="ptolemy.util.test.junit.AutoTests" name="[41] /home/travis/build/icyphy/ptII/ptolemy/actor/lib/test/auto/BooleanSwitch.xml (RunModel)" time="0.021" />
  <testcase classname="ptolemy.util.test.junit.AutoTests" name="[42] /home/travis/build/icyphy/ptII/ptolemy/actor/lib/test/auto/BooleanSwitch2.xml (RunModel)" time="0.017" />
  <testcase classname="ptolemy.util.test.junit.AutoTests" name="[43] /home/travis/build/icyphy/ptII/ptolemy/actor/lib/test/auto/BooleanSwitchCloningBugWithClassRelationGroup.xml (RunModel)" time="0.048" />
  <testcase classname="ptolemy.util.test.junit.AutoTests" name="[44] /home/travis/build/icyphy/ptII/ptolemy/actor/lib/test/auto/BusActors.xml (RunModel)" time="0.035" />
  <testcase classname="ptolemy.util.test.junit.AutoTests" name="[45] /home/travis/build/icyphy/ptII/ptolemy/actor/lib/test/auto/ClassWrapper.xml (RunModel)" time="0.017" />
  <testcase classname="ptolemy.util.test.junit.AutoTests" name="[46] /home/travis/build/icyphy/ptII/ptolemy/actor/lib/test/auto/Clock.xml (RunModel)" time="0.01" />
  <testcase classname="ptolemy.util.test.junit.AutoTests" name="[47] /home/travis/build/icyphy/ptII/ptolemy/actor/lib/test/auto/Clock10.xml (RunModel)" time="0.016" />
  <testcase classname="ptolemy.util.test.junit.AutoTests" name="[48] /home/travis/build/icyphy/ptII/ptolemy/actor/lib/test/auto/Clock11.xml (RunModel)" time="0.017" />
  <testcase classname="ptolemy.util.test.junit.AutoTests" name="[49] /home/travis/build/icyphy/ptII/ptolemy/actor/lib/test/auto/Clock12.xml (RunModel)" time="0.017" />
  <testcase classname="ptolemy.util.test.junit.AutoTests" name="[50] /home/travis/build/icyphy/ptII/ptolemy/actor/lib/test/auto/Clock13.xml (RunModel)" time="0.021" />
  <testcase classname="ptolemy.util.test.junit.AutoTests" name="[51] /home/travis/build/icyphy/ptII/ptolemy/actor/lib/test/auto/Clock14.xml (RunModel)" time="0.018" />
  <testcase classname="ptolemy.util.test.junit.AutoTests" name="[52] /home/travis/build/icyphy/ptII/ptolemy/actor/lib/test/auto/Clock15.xml (RunModel)" time="0.012" />
  <testcase classname="ptolemy.util.test.junit.AutoTests" name="[53] /home/travis/build/icyphy/ptII/ptolemy/actor/lib/test/auto/Clock16.xml (RunModel)" time="0.092" />
  <testcase classname="ptolemy.util.test.junit.AutoTests" name="[54] /home/travis/build/icyphy/ptII/ptolemy/actor/lib/test/auto/Clock17.xml (RunModel)" time="0.057" />
  <testcase classname="ptolemy.util.test.junit.AutoTests" name="[55] /home/travis/build/icyphy/ptII/ptolemy/actor/lib/test/auto/Clock18.xml (RunModel)" time="0.043" />
  <testcase classname="ptolemy.util.test.junit.AutoTests" name="[56] /home/travis/build/icyphy/ptII/ptolemy/actor/lib/test/auto/Clock19.xml (RunModel)" time="0.041" />
  <testcase classname="ptolemy.util.test.junit.AutoTests" name="[57] /home/travis/build/icyphy/ptII/ptolemy/actor/lib/test/auto/Clock2.xml (RunModel)" time="0.01" />
  <testcase classname="ptolemy.util.test.junit.AutoTests" name="[58] /home/travis/build/icyphy/ptII/ptolemy/actor/lib/test/auto/Clock20.xml (RunModel)" time="0.021" />
  <testcase classname="ptolemy.util.test.junit.AutoTests" name="[59] /home/travis/build/icyphy/ptII/ptolemy/actor/lib/test/auto/Clock21.xml (RunModel)" time="0.016" />
  <testcase classname="ptolemy.util.test.junit.AutoTests" name="[60] /home/travis/build/icyphy/ptII/ptolemy/actor/lib/test/auto/Clock22.xml (RunModel)" time="0.011" />
  <testcase classname="ptolemy.util.test.junit.AutoTests" name="[61] /home/travis/build/icyphy/ptII/ptolemy/actor/lib/test/auto/Clock23.xml (RunModel)" time="0.018" />
  <testcase classname="ptolemy.util.test.junit.AutoTests" name="[62] /home/travis/build/icyphy/ptII/ptolemy/actor/lib/test/auto/Clock24.xml (RunModel)" time="0.011" />
  <testcase classname="ptolemy.util.test.junit.AutoTests" name="[63] /home/travis/build/icyphy/ptII/ptolemy/actor/lib/test/auto/Clock4.xml (RunModel)" time="0.014" />
  <testcase classname="ptolemy.util.test.junit.AutoTests" name="[64] /home/travis/build/icyphy/ptII/ptolemy/actor/lib/test/auto/Clock5.xml (RunModel)" time="0.024" />
  <testcase classname="ptolemy.util.test.junit.AutoTests" name="[65] /home/travis/build/icyphy/ptII/ptolemy/actor/lib/test/auto/Clock6.xml (RunModel)" time="0.01" />
  <testcase classname="ptolemy.util.test.junit.AutoTests" name="[66] /home/travis/build/icyphy/ptII/ptolemy/actor/lib/test/auto/Clock7.xml (RunModel)" time="0.01" />
  <testcase classname="ptolemy.util.test.junit.AutoTests" name="[67] /home/travis/build/icyphy/ptII/ptolemy/actor/lib/test/auto/Clock8.xml (RunModel)" time="0.01" />
  <testcase classname="ptolemy.util.test.junit.AutoTests" name="[68] /home/travis/build/icyphy/ptII/ptolemy/actor/lib/test/auto/Clock9.xml (RunModel)" time="0.013" />
  <testcase classname="ptolemy.util.test.junit.AutoTests" name="[69] /home/travis/build/icyphy/ptII/ptolemy/actor/lib/test/auto/CommDistDiscard.xml (RunModel)" time="0.024" />
  <testcase classname="ptolemy.util.test.junit.AutoTests" name="[70] /home/travis/build/icyphy/ptII/ptolemy/actor/lib/test/auto/Commutator.xml (RunModel)" time="0.02" />
  <testcase classname="ptolemy.util.test.junit.AutoTests" name="[71] /home/travis/build/icyphy/ptII/ptolemy/actor/lib/test/auto/Commutator2.xml (RunModel)" time="0.011" />
  <testcase classname="ptolemy.util.test.junit.AutoTests" name="[72] /home/travis/build/icyphy/ptII/ptolemy/actor/lib/test/auto/Commutator3.xml (RunModel)" time="0.012" />
  <testcase classname="ptolemy.util.test.junit.AutoTests" name="[73] /home/travis/build/icyphy/ptII/ptolemy/actor/lib/test/auto/Compare.xml (RunModel)" time="0.018" />
  <testcase classname="ptolemy.util.test.junit.AutoTests" name="[74] /home/travis/build/icyphy/ptII/ptolemy/actor/lib/test/auto/CompareDE.xml (RunModel)" time="0.016" />
  <testcase classname="ptolemy.util.test.junit.AutoTests" name="[75] /home/travis/build/icyphy/ptII/ptolemy/actor/lib/test/auto/ComplexDivide.xml (RunModel)" time="0.013" />
  <testcase classname="ptolemy.util.test.junit.AutoTests" name="[76] /home/travis/build/icyphy/ptII/ptolemy/actor/lib/test/auto/ComputeHistogram.xml (RunModel)" time="0.067" />
  <testcase classname="ptolemy.util.test.junit.AutoTests" name="[77] /home/travis/build/icyphy/ptII/ptolemy/actor/lib/test/auto/ConfigurationSelect.xml (RunModel)" time="0.02" />
  <testcase classname="ptolemy.util.test.junit.AutoTests" name="[78] /home/travis/build/icyphy/ptII/ptolemy/actor/lib/test/auto/ConfigurationSelect2.xml (RunModel)" time="0.015" />
  <testcase classname="ptolemy.util.test.junit.AutoTests" name="[79] /home/travis/build/icyphy/ptII/ptolemy/actor/lib/test/auto/ConfigurationSwitch.xml (RunModel)" time="0.04" />
  <testcase classname="ptolemy.util.test.junit.AutoTests" name="[80] /home/travis/build/icyphy/ptII/ptolemy/actor/lib/test/auto/ConfigurationSwitch2.xml (RunModel)" time="0.035" />
  <testcase classname="ptolemy.util.test.junit.AutoTests" name="[81] /home/travis/build/icyphy/ptII/ptolemy/actor/lib/test/auto/ConfigurationSwitchCloningBugWithClassRelationGroup.xml (RunModel)" time="0.026" />
  <testcase classname="ptolemy.util.test.junit.AutoTests" name="[82] /home/travis/build/icyphy/ptII/ptolemy/actor/lib/test/auto/ConfigurationSwitchSelectSDF.xml (RunModel)" time="0.017" />
  <testcase classname="ptolemy.util.test.junit.AutoTests" name="[83] /home/travis/build/icyphy/ptII/ptolemy/actor/lib/test/auto/ConfigurationSwitchSelectSDF2.xml (RunModel)" time="0.016" />
  <testcase classname="ptolemy.util.test.junit.AutoTests" name="[84] /home/travis/build/icyphy/ptII/ptolemy/actor/lib/test/auto/Const.xml (RunModel)" time="0.007" />
  <testcase classname="ptolemy.util.test.junit.AutoTests" name="[85] /home/travis/build/icyphy/ptII/ptolemy/actor/lib/test/auto/Const2.xml (RunModel)" time="0.011" />
  <testcase classname="ptolemy.util.test.junit.AutoTests" name="[86] /home/travis/build/icyphy/ptII/ptolemy/actor/lib/test/auto/Const3.xml (RunModel)" time="0.008" />
  <testcase classname="ptolemy.util.test.junit.AutoTests" name="[87] /home/travis/build/icyphy/ptII/ptolemy/actor/lib/test/auto/ConstantPublisherPort1.xml (RunModel)" time="0.027" />
  <testcase classname="ptolemy.util.test.junit.AutoTests" name="[88] /home/travis/build/icyphy/ptII/ptolemy/actor/lib/test/auto/ConstantPublisherPort2.xml (RunModel)" time="0.028" />
  <testcase classname="ptolemy.util.test.junit.AutoTests" name="[89] /home/travis/build/icyphy/ptII/ptolemy/actor/lib/test/auto/ConstantPublisherPort3.xml (RunModel)" time="0.02" />
  <testcase classname="ptolemy.util.test.junit.AutoTests" name="[90] /home/travis/build/icyphy/ptII/ptolemy/actor/lib/test/auto/ConstantPublisherPort4.xml (RunModel)" time="0.016" />
  <testcase classname="ptolemy.util.test.junit.AutoTests" name="[91] /home/travis/build/icyphy/ptII/ptolemy/actor/lib/test/auto/ConstantPublisherPort5.xml (RunModel)" time="0.051" />
  <testcase classname="ptolemy.util.test.junit.AutoTests" name="[92] /home/travis/build/icyphy/ptII/ptolemy/actor/lib/test/auto/ConstantPublisherPort6.xml (RunModel)" time="0.028" />
  <testcase classname="ptolemy.util.test.junit.AutoTests" name="[93] /home/travis/build/icyphy/ptII/ptolemy/actor/lib/test/auto/ConstantPublisherPort7.xml (RunModel)" time="0.032" />
  <testcase classname="ptolemy.util.test.junit.AutoTests" name="[94] /home/travis/build/icyphy/ptII/ptolemy/actor/lib/test/auto/ConstraintMonitor1.xml (RunModel)" time="0.036" />
  <testcase classname="ptolemy.util.test.junit.AutoTests" name="[95] /home/travis/build/icyphy/ptII/ptolemy/actor/lib/test/auto/ConstraintMonitor2.xml (RunModel)" time="0.014" />
  <testcase classname="ptolemy.util.test.junit.AutoTests" name="[96] /home/travis/build/icyphy/ptII/ptolemy/actor/lib/test/auto/ConstraintMonitor3.xml (RunModel)" time="0.019" />
  <testcase classname="ptolemy.util.test.junit.AutoTests" name="[97] /home/travis/build/icyphy/ptII/ptolemy/actor/lib/test/auto/ConstraintMonitor4.xml (RunModel)" time="0.018" />
  <testcase classname="ptolemy.util.test.junit.AutoTests" name="[98] /home/travis/build/icyphy/ptII/ptolemy/actor/lib/test/auto/ConstraintMonitor5.xml (RunModel)" time="0.011" />
  <testcase classname="ptolemy.util.test.junit.AutoTests" name="[99] /home/travis/build/icyphy/ptII/ptolemy/actor/lib/test/auto/ConstraintMonitor6.xml (RunModel)" time="0.018" />
  <testcase classname="ptolemy.util.test.junit.AutoTests" name="[100] /home/travis/build/icyphy/ptII/ptolemy/actor/lib/test/auto/ConstraintMonitor7.xml (RunModel)" time="0.021" />
  <testcase classname="ptolemy.util.test.junit.AutoTests" name="[101] /home/travis/build/icyphy/ptII/ptolemy/actor/lib/test/auto/ConstraintMonitor8.xml (RunModel)" time="0.023" />
  <testcase classname="ptolemy.util.test.junit.AutoTests" name="[102] /home/travis/build/icyphy/ptII/ptolemy/actor/lib/test/auto/Counter.xml (RunModel)" time="0.014" />
  <testcase classname="ptolemy.util.test.junit.AutoTests" name="[103] /home/travis/build/icyphy/ptII/ptolemy/actor/lib/test/auto/CurrentTimeSDF.xml (RunModel)" time="0.016" />
  <testcase classname="ptolemy.util.test.junit.AutoTests" name="[104] /home/travis/build/icyphy/ptII/ptolemy/actor/lib/test/auto/DB.xml (RunModel)" time="0.013" />
  <testcase classname="ptolemy.util.test.junit.AutoTests" name="[105] /home/travis/build/icyphy/ptII/ptolemy/actor/lib/test/auto/DBDE.xml (RunModel)" time="0.017" />
  <testcase classname="ptolemy.util.test.junit.AutoTests" name="[106] /home/travis/build/icyphy/ptII/ptolemy/actor/lib/test/auto/DateConstructor.xml (RunModel)" time="0.083" />
  <testcase classname="ptolemy.util.test.junit.AutoTests" name="[107] /home/travis/build/icyphy/ptII/ptolemy/actor/lib/test/auto/DelayTime.xml (RunModel)" time="0.019" />
  <testcase classname="ptolemy.util.test.junit.AutoTests" name="[108] /home/travis/build/icyphy/ptII/ptolemy/actor/lib/test/auto/Dictionary1.xml (RunModel)" time="0.03" />
  <testcase classname="ptolemy.util.test.junit.AutoTests" name="[109] /home/travis/build/icyphy/ptII/ptolemy/actor/lib/test/auto/Dictionary2.xml (RunModel)" time="0.018" />
  <testcase classname="ptolemy.util.test.junit.AutoTests" name="[110] /home/travis/build/icyphy/ptII/ptolemy/actor/lib/test/auto/Dictionary3.xml (RunModel)" time="0.014" />
  <testcase classname="ptolemy.util.test.junit.AutoTests" name="[111] /home/travis/build/icyphy/ptII/ptolemy/actor/lib/test/auto/Dictionary4.xml (RunModel)" time="0.019" />
  <testcase classname="ptolemy.util.test.junit.AutoTests" name="[112] /home/travis/build/icyphy/ptII/ptolemy/actor/lib/test/auto/Differential.xml (RunModel)" time="0.012" />
  <testcase classname="ptolemy.util.test.junit.AutoTests" name="[113] /home/travis/build/icyphy/ptII/ptolemy/actor/lib/test/auto/Director.xml (RunModel)" time="0.011" />
  <testcase classname="ptolemy.util.test.junit.AutoTests" name="[114] /home/travis/build/icyphy/ptII/ptolemy/actor/lib/test/auto/DiscreteClock.xml (RunModel)" time="0.012" />
  <testcase classname="ptolemy.util.test.junit.AutoTests" name="[115] /home/travis/build/icyphy/ptII/ptolemy/actor/lib/test/auto/DiscreteClock10.xml (RunModel)" time="0.013" />
  <testcase classname="ptolemy.util.test.junit.AutoTests" name="[116] /home/travis/build/icyphy/ptII/ptolemy/actor/lib/test/auto/DiscreteClock11.xml (RunModel)" time="0.011" />
  <testcase classname="ptolemy.util.test.junit.AutoTests" name="[117] /home/travis/build/icyphy/ptII/ptolemy/actor/lib/test/auto/DiscreteClock12.xml (RunModel)" time="0.023" />
  <testcase classname="ptolemy.util.test.junit.AutoTests" name="[118] /home/travis/build/icyphy/ptII/ptolemy/actor/lib/test/auto/DiscreteClock13.xml (RunModel)" time="0.014" />
  <testcase classname="ptolemy.util.test.junit.AutoTests" name="[119] /home/travis/build/icyphy/ptII/ptolemy/actor/lib/test/auto/DiscreteClock14.xml (RunModel)" time="0.014" />
  <testcase classname="ptolemy.util.test.junit.AutoTests" name="[120] /home/travis/build/icyphy/ptII/ptolemy/actor/lib/test/auto/DiscreteClock15.xml (RunModel)" time="0.014" />
  <testcase classname="ptolemy.util.test.junit.AutoTests" name="[121] /home/travis/build/icyphy/ptII/ptolemy/actor/lib/test/auto/DiscreteClock16.xml (RunModel)" time="0.045" />
  <testcase classname="ptolemy.util.test.junit.AutoTests" name="[122] /home/travis/build/icyphy/ptII/ptolemy/actor/lib/test/auto/DiscreteClock17.xml (RunModel)" time="0.037" />
  <testcase classname="ptolemy.util.test.junit.AutoTests" name="[123] /home/travis/build/icyphy/ptII/ptolemy/actor/lib/test/auto/DiscreteClock18.xml (RunModel)" time="0.044" />
  <testcase classname="ptolemy.util.test.junit.AutoTests" name="[124] /home/travis/build/icyphy/ptII/ptolemy/actor/lib/test/auto/DiscreteClock19.xml (RunModel)" time="0.046" />
  <testcase classname="ptolemy.util.test.junit.AutoTests" name="[125] /home/travis/build/icyphy/ptII/ptolemy/actor/lib/test/auto/DiscreteClock2.xml (RunModel)" time="0.011" />
  <testcase classname="ptolemy.util.test.junit.AutoTests" name="[126] /home/travis/build/icyphy/ptII/ptolemy/actor/lib/test/auto/DiscreteClock20.xml (RunModel)" time="0.025" />
  <testcase classname="ptolemy.util.test.junit.AutoTests" name="[127] /home/travis/build/icyphy/ptII/ptolemy/actor/lib/test/auto/DiscreteClock21.xml (RunModel)" time="0.022" />
  <testcase classname="ptolemy.util.test.junit.AutoTests" name="[128] /home/travis/build/icyphy/ptII/ptolemy/actor/lib/test/auto/DiscreteClock22.xml (RunModel)" time="0.015" />
  <testcase classname="ptolemy.util.test.junit.AutoTests" name="[129] /home/travis/build/icyphy/ptII/ptolemy/actor/lib/test/auto/DiscreteClock23.xml (RunModel)" time="0.02" />
  <testcase classname="ptolemy.util.test.junit.AutoTests" name="[130] /home/travis/build/icyphy/ptII/ptolemy/actor/lib/test/auto/DiscreteClock24.xml (RunModel)" time="0.013" />
  <testcase classname="ptolemy.util.test.junit.AutoTests" name="[131] /home/travis/build/icyphy/ptII/ptolemy/actor/lib/test/auto/DiscreteClock4.xml (RunModel)" time="0.015" />
  <testcase classname="ptolemy.util.test.junit.AutoTests" name="[132] /home/travis/build/icyphy/ptII/ptolemy/actor/lib/test/auto/DiscreteClock5.xml (RunModel)" time="0.012" />
  <testcase classname="ptolemy.util.test.junit.AutoTests" name="[133] /home/travis/build/icyphy/ptII/ptolemy/actor/lib/test/auto/DiscreteClock6.xml (RunModel)" time="0.011" />
  <testcase classname="ptolemy.util.test.junit.AutoTests" name="[134] /home/travis/build/icyphy/ptII/ptolemy/actor/lib/test/auto/DiscreteClock7.xml (RunModel)" time="0.011" />
  <testcase classname="ptolemy.util.test.junit.AutoTests" name="[135] /home/travis/build/icyphy/ptII/ptolemy/actor/lib/test/auto/DiscreteClock8.xml (RunModel)" time="0.027" />
  <testcase classname="ptolemy.util.test.junit.AutoTests" name="[136] /home/travis/build/icyphy/ptII/ptolemy/actor/lib/test/auto/DiscreteClock9.xml (RunModel)" time="0.013" />
  <testcase classname="ptolemy.util.test.junit.AutoTests" name="[137] /home/travis/build/icyphy/ptII/ptolemy/actor/lib/test/auto/DisplayArray.xml (RunModel)" time="0.009" />
  <testcase classname="ptolemy.util.test.junit.AutoTests" name="[138] /home/travis/build/icyphy/ptII/ptolemy/actor/lib/test/auto/Distributor.xml (RunModel)" time="0.01" />
  <testcase classname="ptolemy.util.test.junit.AutoTests" name="[139] /home/travis/build/icyphy/ptII/ptolemy/actor/lib/test/auto/Distributor2.xml (RunModel)" time="0.01" />
  <testcase classname="ptolemy.util.test.junit.AutoTests" name="[140] /home/travis/build/icyphy/ptII/ptolemy/actor/lib/test/auto/DownSample.xml (RunModel)" time="0.009" />
  <testcase classname="ptolemy.util.test.junit.AutoTests" name="[141] /home/travis/build/icyphy/ptII/ptolemy/actor/lib/test/auto/ElectronicUnitBase1.xml (RunModel)" time="0.052" />
  <testcase classname="ptolemy.util.test.junit.AutoTests" name="[142] /home/travis/build/icyphy/ptII/ptolemy/actor/lib/test/auto/ElementsToArray.xml (RunModel)" time="0.01" />
  <testcase classname="ptolemy.util.test.junit.AutoTests" name="[143] /home/travis/build/icyphy/ptII/ptolemy/actor/lib/test/auto/Equals.xml (RunModel)" time="0.013" />
  <testcase classname="ptolemy.util.test.junit.AutoTests" name="[144] /home/travis/build/icyphy/ptII/ptolemy/actor/lib/test/auto/Exec.xml (RunModel)" time="0.029" />
  <testcase classname="ptolemy.util.test.junit.AutoTests" name="[145] /home/travis/build/icyphy/ptII/ptolemy/actor/lib/test/auto/ExecEnvironment.xml (RunModel)" time="0.032" />
  <testcase classname="ptolemy.util.test.junit.AutoTests" name="[146] /home/travis/build/icyphy/ptII/ptolemy/actor/lib/test/auto/ExecNonZeroReturnOutput.xml (RunModel)" time="0.182" />
  <testcase classname="ptolemy.util.test.junit.AutoTests" name="[147] /home/travis/build/icyphy/ptII/ptolemy/actor/lib/test/auto/ExecRunDemos.xml (RunModel)" time="10.064" />
  <testcase classname="ptolemy.util.test.junit.AutoTests" name="[148] /home/travis/build/icyphy/ptII/ptolemy/actor/lib/test/auto/ExecStop.xml (RunModel)" time="5.03" />
  <testcase classname="ptolemy.util.test.junit.AutoTests" name="[149] /home/travis/build/icyphy/ptII/ptolemy/actor/lib/test/auto/ExecutionTimeSDF.xml (RunModel)" time="6.033" />
  <testcase classname="ptolemy.util.test.junit.AutoTests" name="[150] /home/travis/build/icyphy/ptII/ptolemy/actor/lib/test/auto/Expression1.xml (RunModel)" time="0.007" />
  <testcase classname="ptolemy.util.test.junit.AutoTests" name="[151] /home/travis/build/icyphy/ptII/ptolemy/actor/lib/test/auto/Expression10.xml (RunModel)" time="0.014" />
  <testcase classname="ptolemy.util.test.junit.AutoTests" name="[152] /home/travis/build/icyphy/ptII/ptolemy/actor/lib/test/auto/Expression11.xml (RunModel)" time="0.026" />
  <testcase classname="ptolemy.util.test.junit.AutoTests" name="[153] /home/travis/build/icyphy/ptII/ptolemy/actor/lib/test/auto/Expression12.xml (RunModel)" time="0.012" />
  <testcase classname="ptolemy.util.test.junit.AutoTests" name="[154] /home/travis/build/icyphy/ptII/ptolemy/actor/lib/test/auto/Expression13.xml (RunModel)" time="0.022" />
  <testcase classname="ptolemy.util.test.junit.AutoTests" name="[155] /home/travis/build/icyphy/ptII/ptolemy/actor/lib/test/auto/Expression14.xml (RunModel)" time="0.015" />
  <testcase classname="ptolemy.util.test.junit.AutoTests" name="[156] /home/travis/build/icyphy/ptII/ptolemy/actor/lib/test/auto/Expression15.xml (RunModel)" time="0.007" />
  <testcase classname="ptolemy.util.test.junit.AutoTests" name="[157] /home/travis/build/icyphy/ptII/ptolemy/actor/lib/test/auto/Expression16.xml (RunModel)" time="0.026" />
  <testcase classname="ptolemy.util.test.junit.AutoTests" name="[158] /home/travis/build/icyphy/ptII/ptolemy/actor/lib/test/auto/Expression17.xml (RunModel)" time="0.012" />
  <testcase classname="ptolemy.util.test.junit.AutoTests" name="[159] /home/travis/build/icyphy/ptII/ptolemy/actor/lib/test/auto/Expression18.xml (RunModel)" time="0.011" />
  <testcase classname="ptolemy.util.test.junit.AutoTests" name="[160] /home/travis/build/icyphy/ptII/ptolemy/actor/lib/test/auto/Expression2.xml (RunModel)" time="0.01" />
  <testcase classname="ptolemy.util.test.junit.AutoTests" name="[161] /home/travis/build/icyphy/ptII/ptolemy/actor/lib/test/auto/Expression3.xml (RunModel)" time="0.012" />
  <testcase classname="ptolemy.util.test.junit.AutoTests" name="[162] /home/travis/build/icyphy/ptII/ptolemy/actor/lib/test/auto/Expression4.xml (RunModel)" time="0.018" />
  <testcase classname="ptolemy.util.test.junit.AutoTests" name="[163] /home/travis/build/icyphy/ptII/ptolemy/actor/lib/test/auto/Expression5.xml (RunModel)" time="0.011" />
  <testcase classname="ptolemy.util.test.junit.AutoTests" name="[164] /home/travis/build/icyphy/ptII/ptolemy/actor/lib/test/auto/Expression6.xml (RunModel)" time="0.01" />
  <testcase classname="ptolemy.util.test.junit.AutoTests" name="[165] /home/travis/build/icyphy/ptII/ptolemy/actor/lib/test/auto/Expression7.xml (RunModel)" time="0.01" />
  <testcase classname="ptolemy.util.test.junit.AutoTests" name="[166] /home/travis/build/icyphy/ptII/ptolemy/actor/lib/test/auto/Expression8.xml (RunModel)" time="0.016" />
  <testcase classname="ptolemy.util.test.junit.AutoTests" name="[167] /home/travis/build/icyphy/ptII/ptolemy/actor/lib/test/auto/Expression9.xml (RunModel)" time="0.008" />
  <testcase classname="ptolemy.util.test.junit.AutoTests" name="[168] /home/travis/build/icyphy/ptII/ptolemy/actor/lib/test/auto/ExpressionConcatenateArrayType.xml (RunModel)" time="0.03" />
  <testcase classname="ptolemy.util.test.junit.AutoTests" name="[169] /home/travis/build/icyphy/ptII/ptolemy/actor/lib/test/auto/ExpressionConcatenateArrayType2.xml (RunModel)" time="0.021" />
  <testcase classname="ptolemy.util.test.junit.AutoTests" name="[170] /home/travis/build/icyphy/ptII/ptolemy/actor/lib/test/auto/ExpressionFix.xml (RunModel)" time="0.043" />
  <testcase classname="ptolemy.util.test.junit.AutoTests" name="[171] /home/travis/build/icyphy/ptII/ptolemy/actor/lib/test/auto/ExpressionFix2.xml (RunModel)" time="0.015" />
  <testcase classname="ptolemy.util.test.junit.AutoTests" name="[172] /home/travis/build/icyphy/ptII/ptolemy/actor/lib/test/auto/ExpressionFix3.xml (RunModel)" time="0.013" />
  <testcase classname="ptolemy.util.test.junit.AutoTests" name="[173] /home/travis/build/icyphy/ptII/ptolemy/actor/lib/test/auto/FileWriter1.xml (RunModel)" time="0.011" />
  <testcase classname="ptolemy.util.test.junit.AutoTests" name="[174] /home/travis/build/icyphy/ptII/ptolemy/actor/lib/test/auto/FileWriter2.xml (RunModel)" time="0.011" />
  <testcase classname="ptolemy.util.test.junit.AutoTests" name="[175] /home/travis/build/icyphy/ptII/ptolemy/actor/lib/test/auto/FileWriter3.xml (RunModel)" time="0.011" />
  <testcase classname="ptolemy.util.test.junit.AutoTests" name="[176] /home/travis/build/icyphy/ptII/ptolemy/actor/lib/test/auto/Gaussian.xml (RunModel)" time="0.011" />
  <testcase classname="ptolemy.util.test.junit.AutoTests" name="[177] /home/travis/build/icyphy/ptII/ptolemy/actor/lib/test/auto/Gaussian1.xml (RunModel)" time="0.015" />
  <testcase classname="ptolemy.util.test.junit.AutoTests" name="[178] /home/travis/build/icyphy/ptII/ptolemy/actor/lib/test/auto/Gaussian2.xml (RunModel)" time="0.025" />
  <testcase classname="ptolemy.util.test.junit.AutoTests" name="[179] /home/travis/build/icyphy/ptII/ptolemy/actor/lib/test/auto/GradientAdaptiveLattice.xml (RunModel)" time="0.019" />
  <testcase classname="ptolemy.util.test.junit.AutoTests" name="[180] /home/travis/build/icyphy/ptII/ptolemy/actor/lib/test/auto/IIR.xml (RunModel)" time="0.01" />
  <testcase classname="ptolemy.util.test.junit.AutoTests" name="[181] /home/travis/build/icyphy/ptII/ptolemy/actor/lib/test/auto/InputOutputTransparentPorts.xml (RunModel)" time="0.018" />
  <testcase classname="ptolemy.util.test.junit.AutoTests" name="[182] /home/travis/build/icyphy/ptII/ptolemy/actor/lib/test/auto/Interpolator.xml (RunModel)" time="0.014" />
  <testcase classname="ptolemy.util.test.junit.AutoTests" name="[183] /home/travis/build/icyphy/ptII/ptolemy/actor/lib/test/auto/InterpolatorFiringLimitDE.xml (RunModel)" time="0.013" />
  <testcase classname="ptolemy.util.test.junit.AutoTests" name="[184] /home/travis/build/icyphy/ptII/ptolemy/actor/lib/test/auto/Lattice.xml (RunModel)" time="0.022" />
  <testcase classname="ptolemy.util.test.junit.AutoTests" name="[185] /home/travis/build/icyphy/ptII/ptolemy/actor/lib/test/auto/LazyAOCTestLazy.xml (RunModel)" time="0.02" />
  <testcase classname="ptolemy.util.test.junit.AutoTests" name="[186] /home/travis/build/icyphy/ptII/ptolemy/actor/lib/test/auto/LazyAOCTestNonLazy.xml (RunModel)" time="0.049" />
  <testcase classname="ptolemy.util.test.junit.AutoTests" name="[187] /home/travis/build/icyphy/ptII/ptolemy/actor/lib/test/auto/LazyInnerClass.xml (RunModel)" time="0.044" />
  <testcase classname="ptolemy.util.test.junit.AutoTests" name="[188] /home/travis/build/icyphy/ptII/ptolemy/actor/lib/test/auto/LazyPubSub.xml (RunModel)" time="0.07" />
  <testcase classname="ptolemy.util.test.junit.AutoTests" name="[189] /home/travis/build/icyphy/ptII/ptolemy/actor/lib/test/auto/LazyPubSub2.xml (RunModel)" time="0.034" />
  <testcase classname="ptolemy.util.test.junit.AutoTests" name="[190] /home/travis/build/icyphy/ptII/ptolemy/actor/lib/test/auto/LazyPubSub3.xml (RunModel)" time="0.027" />
  <testcase classname="ptolemy.util.test.junit.AutoTests" name="[191] /home/travis/build/icyphy/ptII/ptolemy/actor/lib/test/auto/LazySubClassModel.xml (RunModel)" time="0.019" />
  <testcase classname="ptolemy.util.test.junit.AutoTests" name="[192] /home/travis/build/icyphy/ptII/ptolemy/actor/lib/test/auto/LevelCrossTest1.xml (RunModel)" time="0.011" />
  <testcase classname="ptolemy.util.test.junit.AutoTests" name="[193] /home/travis/build/icyphy/ptII/ptolemy/actor/lib/test/auto/LevelCrossTest10.xml (RunModel)" time="0.015" />
  <testcase classname="ptolemy.util.test.junit.AutoTests" name="[194] /home/travis/build/icyphy/ptII/ptolemy/actor/lib/test/auto/LevelCrossTest11.xml (RunModel)" time="0.012" />
  <testcase classname="ptolemy.util.test.junit.AutoTests" name="[195] /home/travis/build/icyphy/ptII/ptolemy/actor/lib/test/auto/LevelCrossTest12.xml (RunModel)" time="0.013" />
  <testcase classname="ptolemy.util.test.junit.AutoTests" name="[196] /home/travis/build/icyphy/ptII/ptolemy/actor/lib/test/auto/LevelCrossTest13.xml (RunModel)" time="0.013" />
  <testcase classname="ptolemy.util.test.junit.AutoTests" name="[197] /home/travis/build/icyphy/ptII/ptolemy/actor/lib/test/auto/LevelCrossTest2.xml (RunModel)" time="0.011" />
  <testcase classname="ptolemy.util.test.junit.AutoTests" name="[198] /home/travis/build/icyphy/ptII/ptolemy/actor/lib/test/auto/LevelCrossTest3.xml (RunModel)" time="0.011" />
  <testcase classname="ptolemy.util.test.junit.AutoTests" name="[199] /home/travis/build/icyphy/ptII/ptolemy/actor/lib/test/auto/LevelCrossTest4.xml (RunModel)" time="0.012" />
  <testcase classname="ptolemy.util.test.junit.AutoTests" name="[200] /home/travis/build/icyphy/ptII/ptolemy/actor/lib/test/auto/LevelCrossTest5.xml (RunModel)" time="0.015" />
  <testcase classname="ptolemy.util.test.junit.AutoTests" name="[201] /home/travis/build/icyphy/ptII/ptolemy/actor/lib/test/auto/LevelCrossTest6.xml (RunModel)" time="0.012" />
  <testcase classname="ptolemy.util.test.junit.AutoTests" name="[202] /home/travis/build/icyphy/ptII/ptolemy/actor/lib/test/auto/LevelCrossTest7.xml (RunModel)" time="0.022" />
  <testcase classname="ptolemy.util.test.junit.AutoTests" name="[203] /home/travis/build/icyphy/ptII/ptolemy/actor/lib/test/auto/LevelCrossTest8.xml (RunModel)" time="0.014" />
  <testcase classname="ptolemy.util.test.junit.AutoTests" name="[204] /home/travis/build/icyphy/ptII/ptolemy/actor/lib/test/auto/LevelCrossTest9.xml (RunModel)" time="0.014" />
  <testcase classname="ptolemy.util.test.junit.AutoTests" name="[205] /home/travis/build/icyphy/ptII/ptolemy/actor/lib/test/auto/LevinsonDurbin.xml (RunModel)" time="0.016" />
  <testcase classname="ptolemy.util.test.junit.AutoTests" name="[206] /home/travis/build/icyphy/ptII/ptolemy/actor/lib/test/auto/LevinsonDurbin2.xml (RunModel)" time="0.02" />
  <testcase classname="ptolemy.util.test.junit.AutoTests" name="[207] /home/travis/build/icyphy/ptII/ptolemy/actor/lib/test/auto/LevinsonDurbin3.xml (RunModel)" time="0.012" />
  <testcase classname="ptolemy.util.test.junit.AutoTests" name="[208] /home/travis/build/icyphy/ptII/ptolemy/actor/lib/test/auto/Limiter.xml (RunModel)" time="0.035" />
  <testcase classname="ptolemy.util.test.junit.AutoTests" name="[209] /home/travis/build/icyphy/ptII/ptolemy/actor/lib/test/auto/LinearDifferenceEquationSystem.xml (RunModel)" time="0.022" />
  <testcase classname="ptolemy.util.test.junit.AutoTests" name="[210] /home/travis/build/icyphy/ptII/ptolemy/actor/lib/test/auto/LookupTable.xml (RunModel)" time="0.009" />
  <testcase classname="ptolemy.util.test.junit.AutoTests" name="[211] /home/travis/build/icyphy/ptII/ptolemy/actor/lib/test/auto/MathFunction.xml (RunModel)" time="0.017" />
  <testcase classname="ptolemy.util.test.junit.AutoTests" name="[212] /home/travis/build/icyphy/ptII/ptolemy/actor/lib/test/auto/MathFunction2.xml (RunModel)" time="0.014" />
  <testcase classname="ptolemy.util.test.junit.AutoTests" name="[213] /home/travis/build/icyphy/ptII/ptolemy/actor/lib/test/auto/MathFunction3.xml (RunModel)" time="0.018" />
  <testcase classname="ptolemy.util.test.junit.AutoTests" name="[214] /home/travis/build/icyphy/ptII/ptolemy/actor/lib/test/auto/MatrixCropBoolean.xml (RunModel)" time="0.013" />
  <testcase classname="ptolemy.util.test.junit.AutoTests" name="[215] /home/travis/build/icyphy/ptII/ptolemy/actor/lib/test/auto/MatrixCropComplex.xml (RunModel)" time="0.01" />
  <testcase classname="ptolemy.util.test.junit.AutoTests" name="[216] /home/travis/build/icyphy/ptII/ptolemy/actor/lib/test/auto/MatrixCropDouble.xml (RunModel)" time="0.01" />
  <testcase classname="ptolemy.util.test.junit.AutoTests" name="[217] /home/travis/build/icyphy/ptII/ptolemy/actor/lib/test/auto/MatrixCropFix.xml (RunModel)" time="0.012" />
  <testcase classname="ptolemy.util.test.junit.AutoTests" name="[218] /home/travis/build/icyphy/ptII/ptolemy/actor/lib/test/auto/MatrixCropInt.xml (RunModel)" time="0.009" />
  <testcase classname="ptolemy.util.test.junit.AutoTests" name="[219] /home/travis/build/icyphy/ptII/ptolemy/actor/lib/test/auto/MatrixCropLong.xml (RunModel)" time="0.008" />
  <testcase classname="ptolemy.util.test.junit.AutoTests" name="[220] /home/travis/build/icyphy/ptII/ptolemy/actor/lib/test/auto/MatrixToArray.xml (RunModel)" time="0.049" />
  <testcase classname="ptolemy.util.test.junit.AutoTests" name="[221] /home/travis/build/icyphy/ptII/ptolemy/actor/lib/test/auto/MaxIndex.xml (RunModel)" time="0.019" />
  <testcase classname="ptolemy.util.test.junit.AutoTests" name="[222] /home/travis/build/icyphy/ptII/ptolemy/actor/lib/test/auto/Maximum.xml (RunModel)" time="0.018" />
  <testcase classname="ptolemy.util.test.junit.AutoTests" name="[223] /home/travis/build/icyphy/ptII/ptolemy/actor/lib/test/auto/MaximumComplex.xml (RunModel)" time="0.016" />
  <testcase classname="ptolemy.util.test.junit.AutoTests" name="[224] /home/travis/build/icyphy/ptII/ptolemy/actor/lib/test/auto/MethodCallTest.xml (RunModel)" time="0.035" />
  <testcase classname="ptolemy.util.test.junit.AutoTests" name="[225] /home/travis/build/icyphy/ptII/ptolemy/actor/lib/test/auto/Minimum.xml (RunModel)" time="0.015" />
  <testcase classname="ptolemy.util.test.junit.AutoTests" name="[226] /home/travis/build/icyphy/ptII/ptolemy/actor/lib/test/auto/MinimumComplex.xml (RunModel)" time="0.023" />
  <testcase classname="ptolemy.util.test.junit.AutoTests" name="[227] /home/travis/build/icyphy/ptII/ptolemy/actor/lib/test/auto/MinimumMultiports.xml (RunModel)" time="0.015" />
  <testcase classname="ptolemy.util.test.junit.AutoTests" name="[228] /home/travis/build/icyphy/ptII/ptolemy/actor/lib/test/auto/ModifyDate.xml (RunModel)" time="0.041" />
  <testcase classname="ptolemy.util.test.junit.AutoTests" name="[229] /home/travis/build/icyphy/ptII/ptolemy/actor/lib/test/auto/ModifyDate2.xml (RunModel)" time="0.022" />
  <testcase classname="ptolemy.util.test.junit.AutoTests" name="[230] /home/travis/build/icyphy/ptII/ptolemy/actor/lib/test/auto/MovingAverage.xml (RunModel)" time="0.017" />
  <testcase classname="ptolemy.util.test.junit.AutoTests" name="[231] /home/travis/build/icyphy/ptII/ptolemy/actor/lib/test/auto/MovingMaximum.xml (RunModel)" time="0.012" />
  <testcase classname="ptolemy.util.test.junit.AutoTests" name="[232] /home/travis/build/icyphy/ptII/ptolemy/actor/lib/test/auto/MultipleLinksToSameRelation.xml (RunModel)" time="0.008" />
  <testcase classname="ptolemy.util.test.junit.AutoTests" name="[233] /home/travis/build/icyphy/ptII/ptolemy/actor/lib/test/auto/MultipleLinksToSameRelationDE.xml (RunModel)" time="0.01" />
  <testcase classname="ptolemy.util.test.junit.AutoTests" name="[234] /home/travis/build/icyphy/ptII/ptolemy/actor/lib/test/auto/Multiplexor.xml (RunModel)" time="0.01" />
  <testcase classname="ptolemy.util.test.junit.AutoTests" name="[235] /home/travis/build/icyphy/ptII/ptolemy/actor/lib/test/auto/Multiplexor1.xml (RunModel)" time="0.011" />
  <testcase classname="ptolemy.util.test.junit.AutoTests" name="[236] /home/travis/build/icyphy/ptII/ptolemy/actor/lib/test/auto/Multiplexor2.xml (RunModel)" time="0.016" />
  <testcase classname="ptolemy.util.test.junit.AutoTests" name="[237] /home/travis/build/icyphy/ptII/ptolemy/actor/lib/test/auto/Multiplexor3.xml (RunModel)" time="0.009" />
  <testcase classname="ptolemy.util.test.junit.AutoTests" name="[238] /home/travis/build/icyphy/ptII/ptolemy/actor/lib/test/auto/MultiplexorDE.xml (RunModel)" time="0.015" />
  <testcase classname="ptolemy.util.test.junit.AutoTests" name="[239] /home/travis/build/icyphy/ptII/ptolemy/actor/lib/test/auto/MultiportBroadcastTest.xml (RunModel)" time="0.099" />
  <testcase classname="ptolemy.util.test.junit.AutoTests" name="[240] /home/travis/build/icyphy/ptII/ptolemy/actor/lib/test/auto/MultiportOutHangDuringGetWidth.xml (RunModel)" time="0.034" />
  <testcase classname="ptolemy.util.test.junit.AutoTests" name="[241] /home/travis/build/icyphy/ptII/ptolemy/actor/lib/test/auto/NilToken.xml (RunModel)" time="0.011" />
  <testcase classname="ptolemy.util.test.junit.AutoTests" name="[242] /home/travis/build/icyphy/ptII/ptolemy/actor/lib/test/auto/NilTokenNonStrictTest.xml (RunModel)" time="0.012" />
  <testcase classname="ptolemy.util.test.junit.AutoTests" name="[243] /home/travis/build/icyphy/ptII/ptolemy/actor/lib/test/auto/NilTokenRecord.xml (RunModel)" time="0.022" />
  <testcase classname="ptolemy.util.test.junit.AutoTests" name="[244] /home/travis/build/icyphy/ptII/ptolemy/actor/lib/test/auto/NilTokenTypeTest.xml (RunModel)" time="0.031" />
  <testcase classname="ptolemy.util.test.junit.AutoTests" name="[245] /home/travis/build/icyphy/ptII/ptolemy/actor/lib/test/auto/ObjectToken1.xml (RunModel)" time="0.008" />
  <testcase classname="ptolemy.util.test.junit.AutoTests" name="[246] /home/travis/build/icyphy/ptII/ptolemy/actor/lib/test/auto/OrderedMerge.xml (RunModel)" time="0.017" />
  <testcase classname="ptolemy.util.test.junit.AutoTests" name="[247] /home/travis/build/icyphy/ptII/ptolemy/actor/lib/test/auto/OrderedRecordDisassembler.xml (RunModel)" time="0.016" />
  <testcase classname="ptolemy.util.test.junit.AutoTests" name="[248] /home/travis/build/icyphy/ptII/ptolemy/actor/lib/test/auto/OrderedRecordDisassembler2.xml (RunModel)" time="0.016" />
  <testcase classname="ptolemy.util.test.junit.AutoTests" name="[249] /home/travis/build/icyphy/ptII/ptolemy/actor/lib/test/auto/OrderedRecordUpdater.xml (RunModel)" time="0.009" />
  <testcase classname="ptolemy.util.test.junit.AutoTests" name="[250] /home/travis/build/icyphy/ptII/ptolemy/actor/lib/test/auto/OrderedRecordUpdater2.xml (RunModel)" time="0.009" />
  <testcase classname="ptolemy.util.test.junit.AutoTests" name="[251] /home/travis/build/icyphy/ptII/ptolemy/actor/lib/test/auto/PhaseUnwrap.xml (RunModel)" time="0.013" />
  <testcase classname="ptolemy.util.test.junit.AutoTests" name="[252] /home/travis/build/icyphy/ptII/ptolemy/actor/lib/test/auto/PoissonClock.xml (RunModel)" time="0.009" />
  <testcase classname="ptolemy.util.test.junit.AutoTests" name="[253] /home/travis/build/icyphy/ptII/ptolemy/actor/lib/test/auto/PoissonClock2.xml (RunModel)" time="0.007" />
  <testcase classname="ptolemy.util.test.junit.AutoTests" name="[254] /home/travis/build/icyphy/ptII/ptolemy/actor/lib/test/auto/PoissonClock3.xml (RunModel)" time="0.024" />
  <testcase classname="ptolemy.util.test.junit.AutoTests" name="[255] /home/travis/build/icyphy/ptII/ptolemy/actor/lib/test/auto/PubSubWithInitialTokens.xml (RunModel)" time="0.018" />
  <testcase classname="ptolemy.util.test.junit.AutoTests" name="[256] /home/travis/build/icyphy/ptII/ptolemy/actor/lib/test/auto/PubSubWithInitialTokens2.xml (RunModel)" time="0.011" />
  <testcase classname="ptolemy.util.test.junit.AutoTests" name="[257] /home/travis/build/icyphy/ptII/ptolemy/actor/lib/test/auto/PublisherClassNoParameter.xml (RunModel)" time="0.026" />
  <testcase classname="ptolemy.util.test.junit.AutoTests" name="[258] /home/travis/build/icyphy/ptII/ptolemy/actor/lib/test/auto/PublisherClassParameter.xml (RunModel)" time="0.019" />
  <testcase classname="ptolemy.util.test.junit.AutoTests" name="[259] /home/travis/build/icyphy/ptII/ptolemy/actor/lib/test/auto/PublisherNonStrictTest.xml (RunModel)" time="0.014" />
  <testcase classname="ptolemy.util.test.junit.AutoTests" name="[260] /home/travis/build/icyphy/ptII/ptolemy/actor/lib/test/auto/PublisherPort1.xml (RunModel)" time="0.01" />
  <testcase classname="ptolemy.util.test.junit.AutoTests" name="[261] /home/travis/build/icyphy/ptII/ptolemy/actor/lib/test/auto/PublisherPort2.xml (RunModel)" time="0.007" />
  <testcase classname="ptolemy.util.test.junit.AutoTests" name="[262] /home/travis/build/icyphy/ptII/ptolemy/actor/lib/test/auto/PublisherPort3.xml (RunModel)" time="0.019" />
  <testcase classname="ptolemy.util.test.junit.AutoTests" name="[263] /home/travis/build/icyphy/ptII/ptolemy/actor/lib/test/auto/PublisherPort4.xml (RunModel)" time="0.013" />
  <testcase classname="ptolemy.util.test.junit.AutoTests" name="[264] /home/travis/build/icyphy/ptII/ptolemy/actor/lib/test/auto/PublisherPort5.xml (RunModel)" time="0.013" />
  <testcase classname="ptolemy.util.test.junit.AutoTests" name="[265] /home/travis/build/icyphy/ptII/ptolemy/actor/lib/test/auto/PublisherPort5LookAlike.xml (RunModel)" time="0.018" />
  <testcase classname="ptolemy.util.test.junit.AutoTests" name="[266] /home/travis/build/icyphy/ptII/ptolemy/actor/lib/test/auto/PublisherPort6.xml (RunModel)" time="0.027" />
  <testcase classname="ptolemy.util.test.junit.AutoTests" name="[267] /home/travis/build/icyphy/ptII/ptolemy/actor/lib/test/auto/PublisherPort7.xml (RunModel)" time="0.014" />
  <testcase classname="ptolemy.util.test.junit.AutoTests" name="[268] /home/travis/build/icyphy/ptII/ptolemy/actor/lib/test/auto/PublisherPort8.xml (RunModel)" time="0.015" />
  <testcase classname="ptolemy.util.test.junit.AutoTests" name="[269] /home/travis/build/icyphy/ptII/ptolemy/actor/lib/test/auto/PublisherPortSubscriberChannelVariablesAOC2.xml (RunModel)" time="0.031" />
  <testcase classname="ptolemy.util.test.junit.AutoTests" name="[270] /home/travis/build/icyphy/ptII/ptolemy/actor/lib/test/auto/PublisherPortSubscriberOpaqueWidthInference.xml (RunModel)" time="0.013" />
  <testcase classname="ptolemy.util.test.junit.AutoTests" name="[271] /home/travis/build/icyphy/ptII/ptolemy/actor/lib/test/auto/PublisherPortSubscriberPortAdjacent.xml (RunModel)" time="0.017" />
  <testcase classname="ptolemy.util.test.junit.AutoTests" name="[272] /home/travis/build/icyphy/ptII/ptolemy/actor/lib/test/auto/PublisherPortSubscriberPortExpression.xml (RunModel)" time="0.02" />
  <testcase classname="ptolemy.util.test.junit.AutoTests" name="[273] /home/travis/build/icyphy/ptII/ptolemy/actor/lib/test/auto/PublisherPortSubscriberPortOpaqueD3Reverse.xml (RunModel)" time="0.02" />
  <testcase classname="ptolemy.util.test.junit.AutoTests" name="[274] /home/travis/build/icyphy/ptII/ptolemy/actor/lib/test/auto/PublisherPortSubscriberPortOpaqueWidthInference.xml (RunModel)" time="0.018" />
  <testcase classname="ptolemy.util.test.junit.AutoTests" name="[275] /home/travis/build/icyphy/ptII/ptolemy/actor/lib/test/auto/PublisherPortToplevelSubscriberPortAOC.xml (RunModel)" time="0.01" />
  <testcase classname="ptolemy.util.test.junit.AutoTests" name="[276] /home/travis/build/icyphy/ptII/ptolemy/actor/lib/test/auto/PublisherSubscriber.xml (RunModel)" time="0.012" />
  <testcase classname="ptolemy.util.test.junit.AutoTests" name="[277] /home/travis/build/icyphy/ptII/ptolemy/actor/lib/test/auto/PublisherSubscriber10.xml (RunModel)" time="0.019" />
  <testcase classname="ptolemy.util.test.junit.AutoTests" name="[278] /home/travis/build/icyphy/ptII/ptolemy/actor/lib/test/auto/PublisherSubscriber10InitialOutputs.xml (RunModel)" time="0.034" />
  <testcase classname="ptolemy.util.test.junit.AutoTests" name="[279] /home/travis/build/icyphy/ptII/ptolemy/actor/lib/test/auto/PublisherSubscriber11.xml (RunModel)" time="0.019" />
  <testcase classname="ptolemy.util.test.junit.AutoTests" name="[280] /home/travis/build/icyphy/ptII/ptolemy/actor/lib/test/auto/PublisherSubscriber12.xml (RunModel)" time="0.013" />
  <testcase classname="ptolemy.util.test.junit.AutoTests" name="[281] /home/travis/build/icyphy/ptII/ptolemy/actor/lib/test/auto/PublisherSubscriber13.xml (RunModel)" time="0.013" />
  <testcase classname="ptolemy.util.test.junit.AutoTests" name="[282] /home/travis/build/icyphy/ptII/ptolemy/actor/lib/test/auto/PublisherSubscriber14.xml (RunModel)" time="0.019" />
  <testcase classname="ptolemy.util.test.junit.AutoTests" name="[283] /home/travis/build/icyphy/ptII/ptolemy/actor/lib/test/auto/PublisherSubscriber2.xml (RunModel)" time="0.01" />
  <testcase classname="ptolemy.util.test.junit.AutoTests" name="[284] /home/travis/build/icyphy/ptII/ptolemy/actor/lib/test/auto/PublisherSubscriber3.xml (RunModel)" time="0.009" />
  <testcase classname="ptolemy.util.test.junit.AutoTests" name="[285] /home/travis/build/icyphy/ptII/ptolemy/actor/lib/test/auto/PublisherSubscriber4.xml (RunModel)" time="0.01" />
  <testcase classname="ptolemy.util.test.junit.AutoTests" name="[286] /home/travis/build/icyphy/ptII/ptolemy/actor/lib/test/auto/PublisherSubscriber5.xml (RunModel)" time="0.012" />
  <testcase classname="ptolemy.util.test.junit.AutoTests" name="[287] /home/travis/build/icyphy/ptII/ptolemy/actor/lib/test/auto/PublisherSubscriber6.xml (RunModel)" time="0.015" />
  <testcase classname="ptolemy.util.test.junit.AutoTests" name="[288] /home/travis/build/icyphy/ptII/ptolemy/actor/lib/test/auto/PublisherSubscriber7.xml (RunModel)" time="0.017" />
  <testcase classname="ptolemy.util.test.junit.AutoTests" name="[289] /home/travis/build/icyphy/ptII/ptolemy/actor/lib/test/auto/PublisherSubscriber8.xml (RunModel)" time="0.028" />
  <testcase classname="ptolemy.util.test.junit.AutoTests" name="[290] /home/travis/build/icyphy/ptII/ptolemy/actor/lib/test/auto/PublisherSubscriber9.xml (RunModel)" time="0.016" />
  <testcase classname="ptolemy.util.test.junit.AutoTests" name="[291] /home/travis/build/icyphy/ptII/ptolemy/actor/lib/test/auto/PublisherSubscriberAdjacent.xml (RunModel)" time="0.016" />
  <testcase classname="ptolemy.util.test.junit.AutoTests" name="[292] /home/travis/build/icyphy/ptII/ptolemy/actor/lib/test/auto/PublisherSubscriberChannelVariablesAOC2.xml (RunModel)" time="0.03" />
  <testcase classname="ptolemy.util.test.junit.AutoTests" name="[293] /home/travis/build/icyphy/ptII/ptolemy/actor/lib/test/auto/PublisherSubscriberD3.xml (RunModel)" time="0.016" />
  <testcase classname="ptolemy.util.test.junit.AutoTests" name="[294] /home/travis/build/icyphy/ptII/ptolemy/actor/lib/test/auto/PublisherSubscriberD3Reverse.xml (RunModel)" time="0.013" />
  <testcase classname="ptolemy.util.test.junit.AutoTests" name="[295] /home/travis/build/icyphy/ptII/ptolemy/actor/lib/test/auto/PublisherSubscriberExpression.xml (RunModel)" time="0.016" />
  <testcase classname="ptolemy.util.test.junit.AutoTests" name="[296] /home/travis/build/icyphy/ptII/ptolemy/actor/lib/test/auto/PublisherSubscriberOpaque.xml (RunModel)" time="0.014" />
  <testcase classname="ptolemy.util.test.junit.AutoTests" name="[297] /home/travis/build/icyphy/ptII/ptolemy/actor/lib/test/auto/PublisherSubscriberOpaqueD3.xml (RunModel)" time="0.024" />
  <testcase classname="ptolemy.util.test.junit.AutoTests" name="[298] /home/travis/build/icyphy/ptII/ptolemy/actor/lib/test/auto/PublisherSubscriberOpaqueD3Reverse.xml (RunModel)" time="0.039" />
  <testcase classname="ptolemy.util.test.junit.AutoTests" name="[299] /home/travis/build/icyphy/ptII/ptolemy/actor/lib/test/auto/PublisherSubscriberOpaqueWidthInference.xml (RunModel)" time="0.013" />
  <testcase classname="ptolemy.util.test.junit.AutoTests" name="[300] /home/travis/build/icyphy/ptII/ptolemy/actor/lib/test/auto/PublisherTestSubscriber.xml (RunModel)" time="0.015" />
  <testcase classname="ptolemy.util.test.junit.AutoTests" name="[301] /home/travis/build/icyphy/ptII/ptolemy/actor/lib/test/auto/PublisherToplevelSubscriberPortAOC.xml (RunModel)" time="0.01" />
  <testcase classname="ptolemy.util.test.junit.AutoTests" name="[302] /home/travis/build/icyphy/ptII/ptolemy/actor/lib/test/auto/PulseFiringLimitDE.xml (RunModel)" time="0.014" />
  <testcase classname="ptolemy.util.test.junit.AutoTests" name="[303] /home/travis/build/icyphy/ptII/ptolemy/actor/lib/test/auto/Ramp1.xml (RunModel)" time="0.006" />
  <testcase classname="ptolemy.util.test.junit.AutoTests" name="[304] /home/travis/build/icyphy/ptII/ptolemy/actor/lib/test/auto/RampFiringLimitDE.xml (RunModel)" time="0.008" />
  <testcase classname="ptolemy.util.test.junit.AutoTests" name="[305] /home/travis/build/icyphy/ptII/ptolemy/actor/lib/test/auto/RampFiringLimitSDF.xml (RunModel)" time="0.008" />
  <testcase classname="ptolemy.util.test.junit.AutoTests" name="[306] /home/travis/build/icyphy/ptII/ptolemy/actor/lib/test/auto/RandomInteger.xml (RunModel)" time="0.007" />
  <testcase classname="ptolemy.util.test.junit.AutoTests" name="[307] /home/travis/build/icyphy/ptII/ptolemy/actor/lib/test/auto/ReadFile1.xml (RunModel)" time="0.006" />
  <testcase classname="ptolemy.util.test.junit.AutoTests" name="[308] /home/travis/build/icyphy/ptII/ptolemy/actor/lib/test/auto/ReadFile2.xml (RunModel)" time="0.009" />
  <testcase classname="ptolemy.util.test.junit.AutoTests" name="[309] /home/travis/build/icyphy/ptII/ptolemy/actor/lib/test/auto/Reader.xml (RunModel)" time="0.01" />
  <testcase classname="ptolemy.util.test.junit.AutoTests" name="[310] /home/travis/build/icyphy/ptII/ptolemy/actor/lib/test/auto/RecordAssemblerDisplayNameTest.xml (RunModel)" time="3.207" />
  <testcase classname="ptolemy.util.test.junit.AutoTests" name="[311] /home/travis/build/icyphy/ptII/ptolemy/actor/lib/test/auto/RecordAssemblerTypeError.xml (RunModel)" time="0.039" />
  <testcase classname="ptolemy.util.test.junit.AutoTests" name="[312] /home/travis/build/icyphy/ptII/ptolemy/actor/lib/test/auto/RecordDisassember.xml (RunModel)" time="0.014" />
  <testcase classname="ptolemy.util.test.junit.AutoTests" name="[313] /home/travis/build/icyphy/ptII/ptolemy/actor/lib/test/auto/RecordDisassemberDisplayNameTest.xml (RunModel)" time="0.021" />
  <testcase classname="ptolemy.util.test.junit.AutoTests" name="[314] /home/travis/build/icyphy/ptII/ptolemy/actor/lib/test/auto/RecordDisassembler.xml (RunModel)" time="0.011" />
  <testcase classname="ptolemy.util.test.junit.AutoTests" name="[315] /home/travis/build/icyphy/ptII/ptolemy/actor/lib/test/auto/RecordDisassembler2.xml (RunModel)" time="0.011" />
  <testcase classname="ptolemy.util.test.junit.AutoTests" name="[316] /home/travis/build/icyphy/ptII/ptolemy/actor/lib/test/auto/RecordUpdater.xml (RunModel)" time="0.008" />
  <testcase classname="ptolemy.util.test.junit.AutoTests" name="[317] /home/travis/build/icyphy/ptII/ptolemy/actor/lib/test/auto/RecordUpdater2.xml (RunModel)" time="0.007" />
  <testcase classname="ptolemy.util.test.junit.AutoTests" name="[318] /home/travis/build/icyphy/ptII/ptolemy/actor/lib/test/auto/RecursiveLattice.xml (RunModel)" time="0.007" />
  <testcase classname="ptolemy.util.test.junit.AutoTests" name="[319] /home/travis/build/icyphy/ptII/ptolemy/actor/lib/test/auto/Router.xml (RunModel)" time="3.032" />
  <testcase classname="ptolemy.util.test.junit.AutoTests" name="[320] /home/travis/build/icyphy/ptII/ptolemy/actor/lib/test/auto/Router2.xml (RunModel)" time="3.027" />
  <testcase classname="ptolemy.util.test.junit.AutoTests" name="[321] /home/travis/build/icyphy/ptII/ptolemy/actor/lib/test/auto/RunningMaximum.xml (RunModel)" time="0.023" />
  <testcase classname="ptolemy.util.test.junit.AutoTests" name="[322] /home/travis/build/icyphy/ptII/ptolemy/actor/lib/test/auto/RunningMinimum.xml (RunModel)" time="0.01" />
  <testcase classname="ptolemy.util.test.junit.AutoTests" name="[323] /home/travis/build/icyphy/ptII/ptolemy/actor/lib/test/auto/Scale.xml (RunModel)" time="0.008" />
  <testcase classname="ptolemy.util.test.junit.AutoTests" name="[324] /home/travis/build/icyphy/ptII/ptolemy/actor/lib/test/auto/Scale2.xml (RunModel)" time="0.016" />
  <testcase classname="ptolemy.util.test.junit.AutoTests" name="[325] /home/travis/build/icyphy/ptII/ptolemy/actor/lib/test/auto/Scale3.xml (RunModel)" time="0.018" />
  <testcase classname="ptolemy.util.test.junit.AutoTests" name="[326] /home/travis/build/icyphy/ptII/ptolemy/actor/lib/test/auto/ScaleArray.xml (RunModel)" time="0.009" />
  <testcase classname="ptolemy.util.test.junit.AutoTests" name="[327] /home/travis/build/icyphy/ptII/ptolemy/actor/lib/test/auto/ScaleArray2.xml (RunModel)" time="0.008" />
  <testcase classname="ptolemy.util.test.junit.AutoTests" name="[328] /home/travis/build/icyphy/ptII/ptolemy/actor/lib/test/auto/ScaleMatrix.xml (RunModel)" time="0.134" />
  <testcase classname="ptolemy.util.test.junit.AutoTests" name="[329] /home/travis/build/icyphy/ptII/ptolemy/actor/lib/test/auto/Select.xml (RunModel)" time="0.014" />
  <testcase classname="ptolemy.util.test.junit.AutoTests" name="[330] /home/travis/build/icyphy/ptII/ptolemy/actor/lib/test/auto/Select2.xml (RunModel)" time="0.009" />
  <testcase classname="ptolemy.util.test.junit.AutoTests" name="[331] /home/travis/build/icyphy/ptII/ptolemy/actor/lib/test/auto/SequenceToArray2.xml (RunModel)" time="0.13" />
  <testcase classname="ptolemy.util.test.junit.AutoTests" name="[332] /home/travis/build/icyphy/ptII/ptolemy/actor/lib/test/auto/SequentialClock.xml (RunModel)" time="0.014" />
  <testcase classname="ptolemy.util.test.junit.AutoTests" name="[333] /home/travis/build/icyphy/ptII/ptolemy/actor/lib/test/auto/SetVariable.xml (RunModel)" time="0.015" />
  <testcase classname="ptolemy.util.test.junit.AutoTests" name="[334] /home/travis/build/icyphy/ptII/ptolemy/actor/lib/test/auto/SetVariable2.xml (RunModel)" time="0.009" />
  <testcase classname="ptolemy.util.test.junit.AutoTests" name="[335] /home/travis/build/icyphy/ptII/ptolemy/actor/lib/test/auto/SetVariable3.xml (RunModel)" time="0.014" />
  <testcase classname="ptolemy.util.test.junit.AutoTests" name="[336] /home/travis/build/icyphy/ptII/ptolemy/actor/lib/test/auto/SetVariable4.xml (RunModel)" time="0.024" />
  <testcase classname="ptolemy.util.test.junit.AutoTests" name="[337] /home/travis/build/icyphy/ptII/ptolemy/actor/lib/test/auto/SetVariable5.xml (RunModel)" time="0.035" />
  <testcase classname="ptolemy.util.test.junit.AutoTests" name="[338] /home/travis/build/icyphy/ptII/ptolemy/actor/lib/test/auto/Sinewave.xml (RunModel)" time="0.021" />
  <testcase classname="ptolemy.util.test.junit.AutoTests" name="[339] /home/travis/build/icyphy/ptII/ptolemy/actor/lib/test/auto/Sinewave2.xml (RunModel)" time="0.018" />
  <testcase classname="ptolemy.util.test.junit.AutoTests" name="[340] /home/travis/build/icyphy/ptII/ptolemy/actor/lib/test/auto/Sinewave3.xml (RunModel)" time="0.019" />
  <testcase classname="ptolemy.util.test.junit.AutoTests" name="[341] /home/travis/build/icyphy/ptII/ptolemy/actor/lib/test/auto/SingleEvent.xml (RunModel)" time="0.006" />
  <testcase classname="ptolemy.util.test.junit.AutoTests" name="[342] /home/travis/build/icyphy/ptII/ptolemy/actor/lib/test/auto/Sleep.xml (RunModel)" time="6.019" />
  <testcase classname="ptolemy.util.test.junit.AutoTests" name="[343] /home/travis/build/icyphy/ptII/ptolemy/actor/lib/test/auto/SleepMultipleFire.xml (RunModel)" time="1.019" />
  <testcase classname="ptolemy.util.test.junit.AutoTests" name="[344] /home/travis/build/icyphy/ptII/ptolemy/actor/lib/test/auto/StopDE.xml (RunModel)" time="0.012" />
  <testcase classname="ptolemy.util.test.junit.AutoTests" name="[345] /home/travis/build/icyphy/ptII/ptolemy/actor/lib/test/auto/StopSDF.xml (RunModel)" time="0.011" />
  <testcase classname="ptolemy.util.test.junit.AutoTests" name="[346] /home/travis/build/icyphy/ptII/ptolemy/actor/lib/test/auto/StringConstant.xml (RunModel)" time="0.016" />
  <testcase classname="ptolemy.util.test.junit.AutoTests" name="[347] /home/travis/build/icyphy/ptII/ptolemy/actor/lib/test/auto/SubscriberPortInitialValues1.xml (RunModel)" time="0.023" />
  <testcase classname="ptolemy.util.test.junit.AutoTests" name="[348] /home/travis/build/icyphy/ptII/ptolemy/actor/lib/test/auto/SubscriberPortInitialValues13.xml (RunModel)" time="0.027" />
  <testcase classname="ptolemy.util.test.junit.AutoTests" name="[349] /home/travis/build/icyphy/ptII/ptolemy/actor/lib/test/auto/SubscriberPortInitialValues14.xml (RunModel)" time="0.014" />
  <testcase classname="ptolemy.util.test.junit.AutoTests" name="[350] /home/travis/build/icyphy/ptII/ptolemy/actor/lib/test/auto/SubscriberPortInitialValues2.xml (RunModel)" time="0.014" />
  <testcase classname="ptolemy.util.test.junit.AutoTests" name="[351] /home/travis/build/icyphy/ptII/ptolemy/actor/lib/test/auto/SubscriberPortInitialValues3.xml (RunModel)" time="0.017" />
  <testcase classname="ptolemy.util.test.junit.AutoTests" name="[352] /home/travis/build/icyphy/ptII/ptolemy/actor/lib/test/auto/SubscriptionAggregator.xml (RunModel)" time="0.011" />
  <testcase classname="ptolemy.util.test.junit.AutoTests" name="[353] /home/travis/build/icyphy/ptII/ptolemy/actor/lib/test/auto/SubscriptionAggregator2.xml (RunModel)" time="0.012" />
  <testcase classname="ptolemy.util.test.junit.AutoTests" name="[354] /home/travis/build/icyphy/ptII/ptolemy/actor/lib/test/auto/SubscriptionAggregator3.xml (RunModel)" time="0.035" />
  <testcase classname="ptolemy.util.test.junit.AutoTests" name="[355] /home/travis/build/icyphy/ptII/ptolemy/actor/lib/test/auto/SubscriptionAggregatorMultiply.xml (RunModel)" time="0.031" />
  <testcase classname="ptolemy.util.test.junit.AutoTests" name="[356] /home/travis/build/icyphy/ptII/ptolemy/actor/lib/test/auto/SubscriptionAggregatorPortMultiply1.xml (RunModel)" time="0.014" />
  <testcase classname="ptolemy.util.test.junit.AutoTests" name="[357] /home/travis/build/icyphy/ptII/ptolemy/actor/lib/test/auto/Switch.xml (RunModel)" time="0.018" />
  <testcase classname="ptolemy.util.test.junit.AutoTests" name="[358] /home/travis/build/icyphy/ptII/ptolemy/actor/lib/test/auto/Switch2.xml (RunModel)" time="0.008" />
  <testcase classname="ptolemy.util.test.junit.AutoTests" name="[359] /home/travis/build/icyphy/ptII/ptolemy/actor/lib/test/auto/SwitchDE.xml (RunModel)" time="0.013" />
  <testcase classname="ptolemy.util.test.junit.AutoTests" name="[360] /home/travis/build/icyphy/ptII/ptolemy/actor/lib/test/auto/SynchronizerDE.xml (RunModel)" time="0.021" />
  <testcase classname="ptolemy.util.test.junit.AutoTests" name="[361] /home/travis/build/icyphy/ptII/ptolemy/actor/lib/test/auto/Test.xml (RunModel)" time="0.007" />
  <testcase classname="ptolemy.util.test.junit.AutoTests" name="[362] /home/travis/build/icyphy/ptII/ptolemy/actor/lib/test/auto/TestExceptionAttribute1.xml (RunModel)" time="0.006" />
  <testcase classname="ptolemy.util.test.junit.AutoTests" name="[363] /home/travis/build/icyphy/ptII/ptolemy/actor/lib/test/auto/TestExceptionAttribute2.xml (RunModel)" time="0.011" />
  <testcase classname="ptolemy.util.test.junit.AutoTests" name="[364] /home/travis/build/icyphy/ptII/ptolemy/actor/lib/test/auto/TestExceptionAttribute3.xml (RunModel)" time="0.009" />
  <testcase classname="ptolemy.util.test.junit.AutoTests" name="[365] /home/travis/build/icyphy/ptII/ptolemy/actor/lib/test/auto/TestExceptionAttribute4.xml (RunModel)" time="0.005" />
  <testcase classname="ptolemy.util.test.junit.AutoTests" name="[366] /home/travis/build/icyphy/ptII/ptolemy/actor/lib/test/auto/TestExceptionHandler1.xml (RunModel)" time="0.007" />
  <testcase classname="ptolemy.util.test.junit.AutoTests" name="[367] /home/travis/build/icyphy/ptII/ptolemy/actor/lib/test/auto/TestExceptionHandler2.xml (RunModel)" time="0.011" />
  <testcase classname="ptolemy.util.test.junit.AutoTests" name="[368] /home/travis/build/icyphy/ptII/ptolemy/actor/lib/test/auto/TestExceptionHandler3.xml (RunModel)" time="0.005" />
  <testcase classname="ptolemy.util.test.junit.AutoTests" name="[369] /home/travis/build/icyphy/ptII/ptolemy/actor/lib/test/auto/TestExceptionHandler4.xml (RunModel)" time="0.006" />
  <testcase classname="ptolemy.util.test.junit.AutoTests" name="[370] /home/travis/build/icyphy/ptII/ptolemy/actor/lib/test/auto/TestRequireCorrectOrder.xml (RunModel)" time="0.016" />
  <testcase classname="ptolemy.util.test.junit.AutoTests" name="[371] /home/travis/build/icyphy/ptII/ptolemy/actor/lib/test/auto/TestSimple.xml (RunModel)" time="0.015" />
  <testcase classname="ptolemy.util.test.junit.AutoTests" name="[372] /home/travis/build/icyphy/ptII/ptolemy/actor/lib/test/auto/ThrowModelError.xml (RunModel)" time="0.01" />
  <testcase classname="ptolemy.util.test.junit.AutoTests" name="[373] /home/travis/build/icyphy/ptII/ptolemy/actor/lib/test/auto/TimeDelayMicrosteps.xml (RunModel)" time="0.013" />
  <testcase classname="ptolemy.util.test.junit.AutoTests" name="[374] /home/travis/build/icyphy/ptII/ptolemy/actor/lib/test/auto/TimeDelayMicrosteps2.xml (RunModel)" time="0.013" />
  <testcase classname="ptolemy.util.test.junit.AutoTests" name="[375] /home/travis/build/icyphy/ptII/ptolemy/actor/lib/test/auto/TimeDelayMicrosteps3.xml (RunModel)" time="0.012" />
  <testcase classname="ptolemy.util.test.junit.AutoTests" name="[376] /home/travis/build/icyphy/ptII/ptolemy/actor/lib/test/auto/TimeDelayVariableMicrosteps.xml (RunModel)" time="0.011" />
  <testcase classname="ptolemy.util.test.junit.AutoTests" name="[377] /home/travis/build/icyphy/ptII/ptolemy/actor/lib/test/auto/TimeGap.xml (RunModel)" time="0.015" />
  <testcase classname="ptolemy.util.test.junit.AutoTests" name="[378] /home/travis/build/icyphy/ptII/ptolemy/actor/lib/test/auto/TimeGap2.xml (RunModel)" time="0.015" />
  <testcase classname="ptolemy.util.test.junit.AutoTests" name="[379] /home/travis/build/icyphy/ptII/ptolemy/actor/lib/test/auto/TimedSinewave.xml (RunModel)" time="0.049" />
  <testcase classname="ptolemy.util.test.junit.AutoTests" name="[380] /home/travis/build/icyphy/ptII/ptolemy/actor/lib/test/auto/TimedSinewavePhase.xml (RunModel)" time="0.035" />
  <testcase classname="ptolemy.util.test.junit.AutoTests" name="[381] /home/travis/build/icyphy/ptII/ptolemy/actor/lib/test/auto/Timer.xml (RunModel)" time="0.013" />
  <testcase classname="ptolemy.util.test.junit.AutoTests" name="[382] /home/travis/build/icyphy/ptII/ptolemy/actor/lib/test/auto/TriangularDistTestModel.xml (RunModel)" time="0.017" />
  <testcase classname="ptolemy.util.test.junit.AutoTests" name="[383] /home/travis/build/icyphy/ptII/ptolemy/actor/lib/test/auto/TrigFunction.xml (RunModel)" time="0.008" />
  <testcase classname="ptolemy.util.test.junit.AutoTests" name="[384] /home/travis/build/icyphy/ptII/ptolemy/actor/lib/test/auto/TrigFunctionDE.xml (RunModel)" time="0.009" />
  <testcase classname="ptolemy.util.test.junit.AutoTests" name="[385] /home/travis/build/icyphy/ptII/ptolemy/actor/lib/test/auto/TrigFunctionInverse.xml (RunModel)" time="0.009" />
  <testcase classname="ptolemy.util.test.junit.AutoTests" name="[386] /home/travis/build/icyphy/ptII/ptolemy/actor/lib/test/auto/TrigFunctionTan.xml (RunModel)" time="0.006" />
  <testcase classname="ptolemy.util.test.junit.AutoTests" name="[387] /home/travis/build/icyphy/ptII/ptolemy/actor/lib/test/auto/TriggeredClock.xml (RunModel)" time="0.007" />
  <testcase classname="ptolemy.util.test.junit.AutoTests" name="[388] /home/travis/build/icyphy/ptII/ptolemy/actor/lib/test/auto/URLDirectoryReader.xml (RunModel)" time="0.122" />
  <testcase classname="ptolemy.util.test.junit.AutoTests" name="[389] /home/travis/build/icyphy/ptII/ptolemy/actor/lib/test/auto/URLDirectoryReader3.xml (RunModel)" time="1.417" />
  <testcase classname="ptolemy.util.test.junit.AutoTests" name="[390] /home/travis/build/icyphy/ptII/ptolemy/actor/lib/test/auto/UnaryMathFunction.xml (RunModel)" time="0.023" />
  <testcase classname="ptolemy.util.test.junit.AutoTests" name="[391] /home/travis/build/icyphy/ptII/ptolemy/actor/lib/test/auto/Uniform.xml (RunModel)" time="0.019" />
  <testcase classname="ptolemy.util.test.junit.AutoTests" name="[392] /home/travis/build/icyphy/ptII/ptolemy/actor/lib/test/auto/UnionDisassemblerTest.xml (RunModel)" time="0.009" />
  <testcase classname="ptolemy.util.test.junit.AutoTests" name="[393] /home/travis/build/icyphy/ptII/ptolemy/actor/lib/test/auto/UtilityFunctions.xml (RunModel)" time="0.006" />
  <testcase classname="ptolemy.util.test.junit.AutoTests" name="[394] /home/travis/build/icyphy/ptII/ptolemy/actor/lib/test/auto/VariableSleep.xml (RunModel)" time="0.51" />
  <testcase classname="ptolemy.util.test.junit.AutoTests" name="[395] /home/travis/build/icyphy/ptII/ptolemy/actor/lib/test/auto/VectorAssemblerDisassemblerCT.xml (RunModel)" time="0.109" />
  <testcase classname="ptolemy.util.test.junit.AutoTests" name="[396] /home/travis/build/icyphy/ptII/ptolemy/actor/lib/test/auto/VectorAssemblerDisassemblerDE.xml (RunModel)" time="0.014" />
  <testcase classname="ptolemy.util.test.junit.AutoTests" name="[397] /home/travis/build/icyphy/ptII/ptolemy/actor/lib/test/auto/VectorAssemblerDisassemblerSDF.xml (RunModel)" time="0.01" />
  <testcase classname="ptolemy.util.test.junit.AutoTests" name="[398] /home/travis/build/icyphy/ptII/ptolemy/actor/lib/test/auto/WallClockTime.xml (RunModel)" time="1.012" />
  <testcase classname="ptolemy.util.test.junit.AutoTests" name="[399] /home/travis/build/icyphy/ptII/ptolemy/actor/lib/test/auto/WidthTestWithSubscriberPublisher.xml (RunModel)" time="0.043" />
  <testcase classname="ptolemy.util.test.junit.AutoTests" name="[400] /home/travis/build/icyphy/ptII/ptolemy/actor/lib/test/auto/WidthTestWithSubscriberPublisher2.xml (RunModel)" time="0.013" />
  <testcase classname="ptolemy.util.test.junit.AutoTests" name="[401] /home/travis/build/icyphy/ptII/ptolemy/actor/lib/test/auto/WidthTestWithSubscriberPublisher3.xml (RunModel)" time="0.009" />
  <testcase classname="ptolemy.util.test.junit.AutoTests" name="[402] /home/travis/build/icyphy/ptII/ptolemy/actor/lib/test/auto/Writer.xml (RunModel)" time="0.01" />
  <testcase classname="ptolemy.util.test.junit.AutoTests" name="[403] /home/travis/build/icyphy/ptII/ptolemy/actor/lib/test/auto/array.xml (RunModel)" time="0.007" />
  <testcase classname="ptolemy.util.test.junit.AutoTests" name="[404] /home/travis/build/icyphy/ptII/ptolemy/actor/lib/test/auto/array2.xml (RunModel)" time="0.011" />
  <testcase classname="ptolemy.util.test.junit.AutoTests" name="[405] /home/travis/build/icyphy/ptII/ptolemy/actor/lib/test/auto/arrayType.xml (RunModel)" time="0.008" />
  <testcase classname="ptolemy.util.test.junit.AutoTests" name="[406] /home/travis/build/icyphy/ptII/ptolemy/actor/lib/test/auto/arrayType10.xml (RunModel)" time="0.007" />
  <testcase classname="ptolemy.util.test.junit.AutoTests" name="[407] /home/travis/build/icyphy/ptII/ptolemy/actor/lib/test/auto/arrayType11.xml (RunModel)" time="0.007" />
  <testcase classname="ptolemy.util.test.junit.AutoTests" name="[408] /home/travis/build/icyphy/ptII/ptolemy/actor/lib/test/auto/arrayType12.xml (RunModel)" time="0.007" />
  <testcase classname="ptolemy.util.test.junit.AutoTests" name="[409] /home/travis/build/icyphy/ptII/ptolemy/actor/lib/test/auto/arrayType13.xml (RunModel)" time="0.008" />
  <testcase classname="ptolemy.util.test.junit.AutoTests" name="[410] /home/travis/build/icyphy/ptII/ptolemy/actor/lib/test/auto/arrayType14.xml (RunModel)" time="0.008" />
  <testcase classname="ptolemy.util.test.junit.AutoTests" name="[411] /home/travis/build/icyphy/ptII/ptolemy/actor/lib/test/auto/arrayType15.xml (RunModel)" time="0.008" />
  <testcase classname="ptolemy.util.test.junit.AutoTests" name="[412] /home/travis/build/icyphy/ptII/ptolemy/actor/lib/test/auto/arrayType16.xml (RunModel)" time="0.007" />
  <testcase classname="ptolemy.util.test.junit.AutoTests" name="[413] /home/travis/build/icyphy/ptII/ptolemy/actor/lib/test/auto/arrayType17.xml (RunModel)" time="0.007" />
  <testcase classname="ptolemy.util.test.junit.AutoTests" name="[414] /home/travis/build/icyphy/ptII/ptolemy/actor/lib/test/auto/arrayType18.xml (RunModel)" time="0.007" />
  <testcase classname="ptolemy.util.test.junit.AutoTests" name="[415] /home/travis/build/icyphy/ptII/ptolemy/actor/lib/test/auto/arrayType19.xml (RunModel)" time="0.007" />
  <testcase classname="ptolemy.util.test.junit.AutoTests" name="[416] /home/travis/build/icyphy/ptII/ptolemy/actor/lib/test/auto/arrayType2.xml (RunModel)" time="0.006" />
  <testcase classname="ptolemy.util.test.junit.AutoTests" name="[417] /home/travis/build/icyphy/ptII/ptolemy/actor/lib/test/auto/arrayType20.xml (RunModel)" time="0.006" />
  <testcase classname="ptolemy.util.test.junit.AutoTests" name="[418] /home/travis/build/icyphy/ptII/ptolemy/actor/lib/test/auto/arrayType21.xml (RunModel)" time="0.006" />
  <testcase classname="ptolemy.util.test.junit.AutoTests" name="[419] /home/travis/build/icyphy/ptII/ptolemy/actor/lib/test/auto/arrayType22.xml (RunModel)" time="0.006" />
  <testcase classname="ptolemy.util.test.junit.AutoTests" name="[420] /home/travis/build/icyphy/ptII/ptolemy/actor/lib/test/auto/arrayType23.xml (RunModel)" time="0.006" />
  <testcase classname="ptolemy.util.test.junit.AutoTests" name="[421] /home/travis/build/icyphy/ptII/ptolemy/actor/lib/test/auto/arrayType24.xml (RunModel)" time="0.008" />
  <testcase classname="ptolemy.util.test.junit.AutoTests" name="[422] /home/travis/build/icyphy/ptII/ptolemy/actor/lib/test/auto/arrayType25.xml (RunModel)" time="0.008" />
  <testcase classname="ptolemy.util.test.junit.AutoTests" name="[423] /home/travis/build/icyphy/ptII/ptolemy/actor/lib/test/auto/arrayType26.xml (RunModel)" time="0.008" />
  <testcase classname="ptolemy.util.test.junit.AutoTests" name="[424] /home/travis/build/icyphy/ptII/ptolemy/actor/lib/test/auto/arrayType27.xml (RunModel)" time="0.008" />
  <testcase classname="ptolemy.util.test.junit.AutoTests" name="[425] /home/travis/build/icyphy/ptII/ptolemy/actor/lib/test/auto/arrayType28.xml (RunModel)" time="0.008" />
  <testcase classname="ptolemy.util.test.junit.AutoTests" name="[426] /home/travis/build/icyphy/ptII/ptolemy/actor/lib/test/auto/arrayType3.xml (RunModel)" time="0.007" />
  <testcase classname="ptolemy.util.test.junit.AutoTests" name="[427] /home/travis/build/icyphy/ptII/ptolemy/actor/lib/test/auto/arrayType4.xml (RunModel)" time="0.007" />
  <testcase classname="ptolemy.util.test.junit.AutoTests" name="[428] /home/travis/build/icyphy/ptII/ptolemy/actor/lib/test/auto/arrayType5.xml (RunModel)" time="0.013" />
  <testcase classname="ptolemy.util.test.junit.AutoTests" name="[429] /home/travis/build/icyphy/ptII/ptolemy/actor/lib/test/auto/arrayType6.xml (RunModel)" time="0.007" />
  <testcase classname="ptolemy.util.test.junit.AutoTests" name="[430] /home/travis/build/icyphy/ptII/ptolemy/actor/lib/test/auto/arrayType7.xml (RunModel)" time="0.018" />
  <testcase classname="ptolemy.util.test.junit.AutoTests" name="[431] /home/travis/build/icyphy/ptII/ptolemy/actor/lib/test/auto/arrayType8.xml (RunModel)" time="0.008" />
  <testcase classname="ptolemy.util.test.junit.AutoTests" name="[432] /home/travis/build/icyphy/ptII/ptolemy/actor/lib/test/auto/arrayType9.xml (RunModel)" time="0.007" />
  <testcase classname="ptolemy.util.test.junit.AutoTests" name="[433] /home/travis/build/icyphy/ptII/ptolemy/actor/lib/test/auto/cast.xml (RunModel)" time="0.008" />
  <testcase classname="ptolemy.util.test.junit.AutoTests" name="[434] /home/travis/build/icyphy/ptII/ptolemy/actor/lib/test/auto/compositeMultiPort.xml (RunModel)" time="0.044" />
  <testcase classname="ptolemy.util.test.junit.AutoTests" name="[435] /home/travis/build/icyphy/ptII/ptolemy/actor/lib/test/auto/expressionCastInference.xml (RunModel)" time="0.032" />
  <testcase classname="ptolemy.util.test.junit.AutoTests" name="[436] /home/travis/build/icyphy/ptII/ptolemy/actor/lib/test/auto/expressionCastInference2.xml (RunModel)" time="0.032" />
  <testcase classname="ptolemy.util.test.junit.AutoTests" name="[437] /home/travis/build/icyphy/ptII/ptolemy/actor/lib/test/auto/expressionInference.xml (RunModel)" time="0.032" />
  <testcase classname="ptolemy.util.test.junit.AutoTests" name="[438] /home/travis/build/icyphy/ptII/ptolemy/actor/lib/test/auto/expression_bug.xml (RunModel)" time="0.053" />
  <testcase classname="ptolemy.util.test.junit.AutoTests" name="[439] /home/travis/build/icyphy/ptII/ptolemy/actor/lib/test/auto/factorial.xml (RunModel)" time="0.077" />
  <testcase classname="ptolemy.util.test.junit.AutoTests" name="[440] /home/travis/build/icyphy/ptII/ptolemy/actor/lib/test/auto/filterTest1.xml (RunModel)" time="0.014" />
  <testcase classname="ptolemy.util.test.junit.AutoTests" name="[441] /home/travis/build/icyphy/ptII/ptolemy/actor/lib/test/auto/funcApplyInConst.xml (RunModel)" time="0.01" />
  <testcase classname="ptolemy.util.test.junit.AutoTests" name="[442] /home/travis/build/icyphy/ptII/ptolemy/actor/lib/test/auto/funcApplyInExpr.xml (RunModel)" time="0.005" />
  <testcase classname="ptolemy.util.test.junit.AutoTests" name="[443] /home/travis/build/icyphy/ptII/ptolemy/actor/lib/test/auto/function.xml (RunModel)" time="0.007" />
  <testcase classname="ptolemy.util.test.junit.AutoTests" name="[444] /home/travis/build/icyphy/ptII/ptolemy/actor/lib/test/auto/function2.xml (RunModel)" time="0.007" />
  <testcase classname="ptolemy.util.test.junit.AutoTests" name="[445] /home/travis/build/icyphy/ptII/ptolemy/actor/lib/test/auto/function3.xml (RunModel)" time="0.006" />
  <testcase classname="ptolemy.util.test.junit.AutoTests" name="[446] /home/travis/build/icyphy/ptII/ptolemy/actor/lib/test/auto/functionClosureTest1.xml (RunModel)" time="0.009" />
  <testcase classname="ptolemy.util.test.junit.AutoTests" name="[447] /home/travis/build/icyphy/ptII/ptolemy/actor/lib/test/auto/functionClosureTest2.xml (RunModel)" time="0.006" />
  <testcase classname="ptolemy.util.test.junit.AutoTests" name="[448] /home/travis/build/icyphy/ptII/ptolemy/actor/lib/test/auto/functionClosureTest3.xml (RunModel)" time="0.008" />
  <testcase classname="ptolemy.util.test.junit.AutoTests" name="[449] /home/travis/build/icyphy/ptII/ptolemy/actor/lib/test/auto/functionClosureTest4.xml (RunModel)" time="0.011" />
  <testcase classname="ptolemy.util.test.junit.AutoTests" name="[450] /home/travis/build/icyphy/ptII/ptolemy/actor/lib/test/auto/functionClosureTest5.xml (RunModel)" time="0.011" />
  <testcase classname="ptolemy.util.test.junit.AutoTests" name="[451] /home/travis/build/icyphy/ptII/ptolemy/actor/lib/test/auto/functionClosureTest6.xml (RunModel)" time="0.011" />
  <testcase classname="ptolemy.util.test.junit.AutoTests" name="[452] /home/travis/build/icyphy/ptII/ptolemy/actor/lib/test/auto/functionsOnArcs.xml (RunModel)" time="0.011" />
  <testcase classname="ptolemy.util.test.junit.AutoTests" name="[453] /home/travis/build/icyphy/ptII/ptolemy/actor/lib/test/auto/functionsOnArcsHOF.xml (RunModel)" time="0.011" />
  <testcase classname="ptolemy.util.test.junit.AutoTests" name="[454] /home/travis/build/icyphy/ptII/ptolemy/actor/lib/test/auto/logic.xml (RunModel)" time="0.016" />
  <testcase classname="ptolemy.util.test.junit.AutoTests" name="[455] /home/travis/build/icyphy/ptII/ptolemy/actor/lib/test/auto/matrixType.xml (RunModel)" time="0.007" />
  <testcase classname="ptolemy.util.test.junit.AutoTests" name="[456] /home/travis/build/icyphy/ptII/ptolemy/actor/lib/test/auto/matrixType10.xml (RunModel)" time="0.009" />
  <testcase classname="ptolemy.util.test.junit.AutoTests" name="[457] /home/travis/build/icyphy/ptII/ptolemy/actor/lib/test/auto/matrixType11.xml (RunModel)" time="0.007" />
  <testcase classname="ptolemy.util.test.junit.AutoTests" name="[458] /home/travis/build/icyphy/ptII/ptolemy/actor/lib/test/auto/matrixType12.xml (RunModel)" time="0.01" />
  <testcase classname="ptolemy.util.test.junit.AutoTests" name="[459] /home/travis/build/icyphy/ptII/ptolemy/actor/lib/test/auto/matrixType13.xml (RunModel)" time="0.007" />
  <testcase classname="ptolemy.util.test.junit.AutoTests" name="[460] /home/travis/build/icyphy/ptII/ptolemy/actor/lib/test/auto/matrixType14.xml (RunModel)" time="0.009" />
  <testcase classname="ptolemy.util.test.junit.AutoTests" name="[461] /home/travis/build/icyphy/ptII/ptolemy/actor/lib/test/auto/matrixType2.xml (RunModel)" time="0.008" />
  <testcase classname="ptolemy.util.test.junit.AutoTests" name="[462] /home/travis/build/icyphy/ptII/ptolemy/actor/lib/test/auto/matrixType3.xml (RunModel)" time="0.009" />
  <testcase classname="ptolemy.util.test.junit.AutoTests" name="[463] /home/travis/build/icyphy/ptII/ptolemy/actor/lib/test/auto/matrixType4.xml (RunModel)" time="0.007" />
  <testcase classname="ptolemy.util.test.junit.AutoTests" name="[464] /home/travis/build/icyphy/ptII/ptolemy/actor/lib/test/auto/matrixType5.xml (RunModel)" time="0.008" />
  <testcase classname="ptolemy.util.test.junit.AutoTests" name="[465] /home/travis/build/icyphy/ptII/ptolemy/actor/lib/test/auto/matrixType6.xml (RunModel)" time="0.007" />
  <testcase classname="ptolemy.util.test.junit.AutoTests" name="[466] /home/travis/build/icyphy/ptII/ptolemy/actor/lib/test/auto/matrixType7.xml (RunModel)" time="0.009" />
  <testcase classname="ptolemy.util.test.junit.AutoTests" name="[467] /home/travis/build/icyphy/ptII/ptolemy/actor/lib/test/auto/matrixType8.xml (RunModel)" time="0.008" />
  <testcase classname="ptolemy.util.test.junit.AutoTests" name="[468] /home/travis/build/icyphy/ptII/ptolemy/actor/lib/test/auto/matrixType9.xml (RunModel)" time="0.006" />
  <testcase classname="ptolemy.util.test.junit.AutoTests" name="[469] /home/travis/build/icyphy/ptII/ptolemy/actor/lib/test/auto/paraFunctest.xml (RunModel)" time="0.006" />
  <testcase classname="ptolemy.util.test.junit.AutoTests" name="[470] /home/travis/build/icyphy/ptII/ptolemy/actor/lib/test/auto/paraFunctest2.xml (RunModel)" time="0.011" />
  <testcase classname="ptolemy.util.test.junit.AutoTests" name="[471] /home/travis/build/icyphy/ptII/ptolemy/actor/lib/test/auto/parameterPassing.xml (RunModel)" time="0.01" />
  <testcase classname="ptolemy.util.test.junit.AutoTests" name="[472] /home/travis/build/icyphy/ptII/ptolemy/actor/lib/test/auto/record.xml (RunModel)" time="0.009" />
  <testcase classname="ptolemy.util.test.junit.AutoTests" name="[473] /home/travis/build/icyphy/ptII/ptolemy/actor/lib/test/auto/sizedarray1.xml (RunModel)" time="0.008" />
  <testcase classname="ptolemy.util.test.junit.AutoTests" name="[474] /home/travis/build/icyphy/ptII/ptolemy/actor/lib/test/auto/sizedarray2.xml (RunModel)" time="0.008" />
  <testcase classname="ptolemy.util.test.junit.AutoTests" name="[475] /home/travis/build/icyphy/ptII/ptolemy/actor/lib/test/auto/twoPublishers.xml (RunModel)" time="0.024" />
  <system-out><![CDATA[/home/travis/build/icyphy/ptII/ptolemy/actor/lib/test/AbsoluteValue.tcl
testDefs.tcl: setting time out to 9000 seconds at Mon Jan 13 21:12:45 UTC 2020
99 ms. Memory: 129024K Free: 93128K (72%)
7 ms. Memory: 129024K Free: 91583K (71%)
5 ms. Memory: 129024K Free: 90551K (70%)
5 ms. Memory: 129024K Free: 90056K (70%)
/home/travis/build/icyphy/ptII/ptolemy/actor/lib/test/AddSubtract.tcl
22 ms. Memory: 129024K Free: 88008K (68%)
13 ms. Memory: 129024K Free: 87487K (68%)
5 ms. Memory: 129024K Free: 86470K (67%)
7 ms. Memory: 129024K Free: 85446K (66%)
59 ms. Memory: 129024K Free: 82888K (64%)
11 ms. Memory: 129024K Free: 81864K (63%)
/home/travis/build/icyphy/ptII/ptolemy/actor/lib/test/Average.tcl
17 ms. Memory: 129024K Free: 80326K (62%)
17 ms. Memory: 129024K Free: 79287K (61%)
/home/travis/build/icyphy/ptII/ptolemy/actor/lib/test/Bernoulli.tcl
16 ms. Memory: 129024K Free: 77768K (60%)
7 ms. Memory: 129024K Free: 77254K (60%)
/home/travis/build/icyphy/ptII/ptolemy/actor/lib/test/Clock.tcl
preinitializing
resolving types
initializing
executing number 1
wrapping up
idle
36 ms. Memory: 129024K Free: 74696K (58%)
Completed execution with 5 iterations
preinitializing
resolving types
initializing
executing number 1
wrapping up
idle
9 ms. Memory: 129024K Free: 73672K (57%)
Completed execution with 5 iterations
preinitializing
resolving types
initializing
executing number 1
wrapping up
idle
4 ms. Memory: 129024K Free: 73151K (57%)
Completed execution with 5 iterations
/home/travis/build/icyphy/ptII/ptolemy/actor/lib/test/Commutator.tcl
8 ms. Memory: 129024K Free: 71095K (55%)
11 ms. Memory: 129024K Free: 70086K (54%)
18 ms. Memory: 129024K Free: 64456K (50%)
/home/travis/build/icyphy/ptII/ptolemy/actor/lib/test/Const.tcl
3 ms. Memory: 129024K Free: 62903K (49%)
2 ms. Memory: 129024K Free: 62408K (48%)
7 ms. Memory: 129024K Free: 61863K (48%)
2 ms. Memory: 129024K Free: 61384K (48%)
4 ms. Memory: 129024K Free: 60870K (47%)
21 ms. Memory: 129024K Free: 58791K (46%)
4 ms. Memory: 129024K Free: 57783K (45%)
3 ms. Memory: 129024K Free: 57288K (44%)
/home/travis/build/icyphy/ptII/ptolemy/actor/lib/test/CurrentTime.tcl
preinitializing
resolving types
initializing
executing number 1
wrapping up
idle
13 ms. Memory: 129024K Free: 55240K (43%)
Completed execution with 11 iterations
/home/travis/build/icyphy/ptII/ptolemy/actor/lib/test/DB.tcl
7 ms. Memory: 129024K Free: 53695K (42%)
3 ms. Memory: 129024K Free: 52678K (41%)
2 ms. Memory: 129024K Free: 52678K (41%)
/home/travis/build/icyphy/ptII/ptolemy/actor/lib/test/DiscreteRandomSource.tcl
preinitializing
resolving types
initializing
executing number 1
wrapping up
idle
10 ms. Memory: 129024K Free: 51144K (40%)
Completed execution with 4 iterations
preinitializing
resolving types
initializing
executing number 1
wrapping up
idle
3 ms. Memory: 129024K Free: 50615K (39%)
Completed execution with 4 iterations
preinitializing
resolving types
initializing
executing number 1
wrapping up
idle
6 ms. Memory: 129024K Free: 50120K (39%)
Completed execution with 4 iterations
preinitializing
resolving types
initializing
executing number 1
wrapping up
idle
3 ms. Memory: 129024K Free: 49599K (38%)
Completed execution with 4 iterations
preinitializing
resolving types
initializing
executing number 1
wrapping up
idle
12 ms. Memory: 129024K Free: 49096K (38%)
Completed execution with 4 iterations
/home/travis/build/icyphy/ptII/ptolemy/actor/lib/test/Distributor.tcl
29 ms. Memory: 129024K Free: 113753K (88%)
7 ms. Memory: 129024K Free: 112898K (88%)
StreamChangeRequest.changeExecuted(): <deleteEntity name="rec2"/> succeeded
StreamChangeRequest.changeExecuted(): <deleteRelation name="r2"/> succeeded
StreamChangeRequest.changeExecuted(): Record firings per iteration succeeded
11 ms. Memory: 129024K Free: 110386K (86%)
/home/travis/build/icyphy/ptII/ptolemy/actor/lib/test/Exit.tcl
Exit.tcl: this will print a message about Manager.exitAfterWrapup, which can be ignored.
9 ms. Memory: 129024K Free: 107753K (84%)
/home/travis/build/icyphy/ptII/ptolemy/actor/lib/test/Expression.tcl
15 ms. Memory: 129024K Free: 104256K (81%)
10 ms. Memory: 129024K Free: 103666K (80%)
3 ms. Memory: 129024K Free: 103139K (80%)
preinitializing
resolving types
initializing
executing number 1
wrapping up
idle
8 ms. Memory: 129024K Free: 101618K (79%)
Completed execution with 6 iterations
7 ms. Memory: 129024K Free: 100602K (78%)
1 ms. Memory: 129024K Free: 100067K (78%)
4 ms. Memory: 129024K Free: 98546K (76%)
3 ms. Memory: 129024K Free: 97552K (76%)
3 ms. Memory: 129024K Free: 96018K (74%)
/home/travis/build/icyphy/ptII/ptolemy/actor/lib/test/Gaussian.tcl
10 ms. Memory: 129024K Free: 94480K (73%)
sleeping 1 seconds: .......................................................................................................................................................................................................................................................................................................................................................................................................................................................................................................................................................................................................................................................................................................................................................................................................................................................................................................................................................................................................................................................................................................................................................................................................................................................................................................................................................................................................................................................................................................................................................................................................................................................................................................................................................................................................................................................................................................................................................................................................................................................................................................................................................................................................................................................................................................................................................................................................................................................................................................................................................................................................................................................................................................................................................................................................................................................................................................................................................................................................................................................................................................................................................................................................................................................................................................................................................................................................................................................................................................................................................................................................................................................................................................................................................................................................................................................................................................................................................................................................................................................................................................................................................................................................................................................................................................................................................................................................................................................................................................................................................................................................................................................................................................................................................................................................................................................................................................................................................................................................................................................................................................................................................................................................................................................................................................................................................................................................................................................................................................................................................................................................................................................................................................................................................................................................................................................................................................................................................................................................................................................................................................................................................................................................................................................................................................................................................................................................................................................................................................................................................................................................................................................................................................................................................................................................................................................................................................................................................................................................................................................................................................................................................................................................................................................................................................................................................................................................................................................................................................................................................................................................................................................................................................................................................................................................................................................................................................................................................................................................................................................................................................................................................................................................................................................................................................................................................................................................................................................................................................................................................................................................................................................................................................................................................................................................................................................................................................................................................................................................................................................................................................................................................................................................................................................................................................................................................................................................................................................................................................................................................................................................................................................................................................................................................................................................................................................................................................................................................................................................................................................................................................................................................................................................................................................................................................................................................................................................................................................................................................................................................................................................................................................................................................................................................................................................................................................................................................................................................................................................................................................................................................................................................................................................................................................................................................................................................................................................................................................................................................................................................................................................................................................................................................................................................................................................................................................................................................................................................................................................................................................................................................................................................................................................................................................................................................................................................................................................................................................................................................................................................................................................................................................................................................................................................................................................................................................................................................................................................................................................................................................................................................................................................................................................................................................................................................................................................................................................................................................................................................................................................................................................................................................................................................................................................................................................................................................................................................................................................................................................................................................................................................................................................................................................................................................................................................................................................................................................................................................................................................................................................................................................................................................................................................................................................................................................................................................................................................................................................................................................................................................................................................................................................................................................................................................................................................................................................................................................................................................................................................................................................................................................................................................................................................................................................................................................................................................................................................................................................................................................................................................................................................................................................................................................................................................................................................................................................................................................................................................................................................................................................................................................................................................................................................................................................................................................................................................................................................................................................................................................................................................................................................................................................................................................................................................................................................................................................................................................................................................................................................................................................................................................................................................................................................................................................................................................................................................................................................................................................................................................................................................................................................................................................................................................................................................................................................................................................................................................................................................................................................................................................................................................................................................................................................................................................................................................................................................................................................................................................................................................................................................................................................................................................................................................................................................................................................................................................................................................................................................................................................................................................................................................................................................................................................................................................................................................................................................................................................................................................................................................................................................................................................................................................................................................................................................................................................................................................................................................................................................................................................................................................................................................................................................................................................................................................................................................................................................................................................................................................................................................................................................................................................................................................................................................................................................................................................................................................................................................................................................................................................................................................................................................................................................................................................................................................................................................................................................................................................................................................................................................................................................................................................................................................................................................................................................................................................................................................................................................................................................................................................................................................................................................................................................................................................................................................................................................................................................................................................................................................................................................................................................................................................................................................................................................................................................................................................................................................................................................................................................................................................................................................................................................................................................................................................................................................................................................................................................................................................................................................................................................................................................................................................................................................................................................................................................................................................................................................................................................................................................................................................................................................................................................................................................................................................................................................................................................................................................................................................................................................................................................................................................................................................................................................................................................................................................................................................................................................................................................................................................................................................................................................................................................................................................................................................................................................................................................................................................................................................................................................................................................................................................................................................................................................................................................................................................................................................................................................................................................................................................................................................................................................................................................................................................................................................................................................................................................................................................................................................................................................................................................................................................................................................................................................................................................................................................................................................................................................................................................................................................................................................................................................................................................................................................................................................................................................................................................................................................................................................................................................................................................................................................................................................................................................................................................................................................................................................................................................................................................................................................................................................................................................................................................................................................................................................................................................................................................................................................................................................................................................................................................................................................................................................................................................................................................................................................................................................................................................................................................................................................................................................................................................................................................................................................................................................................................................................................................................................................................................................................................................................................................................................................................................................................................................................................................................................................................................................................................................................................................................................................................................................................................................................................................................................................................................................................................................................................................................................................................................................................................................................................................................................................................................................................................................................................................................................................................................................................................................................................................................................................................................................................................................................................................................................................................................................................................................................................................................................................................................................................................................................................................................................................................................................................................................................................................................................................................................................................................................................................................................................................................................................................................................................................................................................................................................................................................................................................................................................................................................................................................................................................................................................................................................................................................................................................................................................................................................................................................................................................................................................................................................................................................................................................................................................................................................................................................................................................................................................................................................................................................................................................................................................................................................................................................................................................................................................................................................................................................................................................................................................................................................................................................................................................................................................................................................................................................................................................................................................................................................................................................................................................................................................................................................................................................................................................................................................................................................................................................................................................................................................................................................................................................................................................................................................................................................................................................................................................................................................................................................................................................................................................................................................................................................................................................................................................................................................................................................................................................................................................................................................................................................................................................................................................................................................................................................................................................................................................................................................................................................................................................................................................................................................................................................................................................................................................................................................................................................................................................................................................................................................................................................................................................................................................................................................................................................................................................................................................................................................................................................................................................................................................................................................................................................................................................................................................................................................................................................................................................................................................................................................................................................................................................................................................................................................................................................................................................................................................................................................................................................................................................................................................................................................................................................................................................................................................................................................................................................................................................................................................................................................................................................................................................................................................................................................................................................................................................................................................................................................................................................................................................................................................................................................................................................................................................................................................................................................................................................................................................................................................................................................................................................................................................................................................................................................................................................................................................................................................................................................................................................................................................................................................................................................................................................................................................................................................................................................................................................................................................................................................................................................................................................................................................................................................................................................................................................................................................................................................................................................................................................................................................................................................................................................................................................................................................................................................................................................................................................................................................................................................................................................................................................................................................................................................................................................................................................................................................................................................................................................................................................................................................................................................................................................................................................................................................................................................................................................................................................................................................................................................................................................................................................................................................................................................................................................................................................................................................................................................................................................................................................................................................................................................................................................................................................................................................................................................................................................................................................................................................................................................................................................................................................................................................................................................................................................................................................................................................................................................................................................................................................................................................................................................................................................................................................................................................................................................................................................................................................................................................................................................................................................................................................................................................................................................................................................................................................................................................................................................................................................................................................................................................................................................................................................................................................................................................................................................................................................................................................................................................................................................................................................................................................................................................................................................................................................................................................................................................................................................................................................................................................................................................................................................................................................................................................................................................................................................................................................................................................................................................................................................................................................................................................................................................................................................................................................................................................................................................................................................................................................................................................................................................................................................................................................................................................................................................................................................................................................................................................................................................................................................................................................................................................................................................................................................................................................................................................................................................................................................................................................................................................................................................................................................................................................................................................................................................................................................................................................................................................................................................................................................................................................................................................................................................................................................................................................................................................................................................................................................................................................................................................................................................................................................................................................................................................................................................................................................................................................................................................................................................................................................................................................................................................................................................................................................................................................................................................................................................................................................................................................................................................................................................................................................................................................................................................................................................................................................................................................................................................................................................................................................................................................................................................................................................................................................................................................................................................................................................................................................................................................................................................................................................................................................................................................................................................................................................................................................................................................................................................................................................................................................................................................................................................................................................................................................................................................................................................................................................................................................................................................................................................................................................................................................................................................................................................................................................................................................................................................................................................................................................................................................................................................................................................................................................................................................................................................................................................................................................................................................................................................................................................................................................................................................................................................................................................................................................................................................................................................................................................................................................................................................................................................................................................................................................................................................................................................................................................................................................................................................................................................................................................................................................................................................................................................................................................................................................................................................................................................................................................................................................................................................................................................................................................................................................................................................................................................................................................................................................................................................................................................................................................................................................................................................................................................................................................................................................................................................................................................................................................................................................................................................................................................................................................................................................................................................................................................................................................................................................................................................................................................................................................................................................................................................................................................................................................................................................................................................................................................................................................................................................................................................................................................................................................................................................................................................................................................................................................................................................................................................................................................................................................................................................................................................................................................................................................................................................................................................................................................................................................................................................................................................................................................................................................................................................................................................................................................................................................................................................................................................................................................................................................................................................................................................................................................................................................................................................................................................................................................................................................................................................................................................................................................................................................................................................................................................................................................................................................................................................................................................................................................................................................................................................................................................................................................................................................................................................................................................................................................................................................................................................................................................................................................................................................................................................................................................................................................................................................................................................................................................................................................................................................................................................................................................................................................................................................................................................................................................................................................................................................................................................................................................................................................................................................................................................................................................................................................................................................................................................................................................................................................................................................................................................................................................................................................................................................................................................................................................................................................................................................................................................................................................................................................................................................................................................................................................................................................................................................................................................................................................................................................................................................................................................................................................................................................................................................................................................................................................................................................................................................................................................................................................................................................................................................................................................................................................................................................................................................................................................................................................................................................................................................................................................................................................................................................................................................................................................................................................................................................................................................................................................................................................................................................................................................................................................................................................................................................................................................................................................................................................................................................................................................................................................................................................................................................................................................................................................................................................................................................................................................................................................................................................................................................................................................................................................................................................................................................................................................................................................................................................................................................................................................................................................................................................................................................................................................................................................................................................................................................................................................................................................................................................................................................................................................................................................................................................................................................................................................................................................................................2 ms. Memory: 129024K Free: 112766K (87%)
3 ms. Memory: 129024K Free: 112252K (87%)
1 ms. Memory: 129024K Free: 111742K (87%)
2 ms. Memory: 129024K Free: 111228K (86%)
3 ms. Memory: 129024K Free: 110174K (85%)
/home/travis/build/icyphy/ptII/ptolemy/actor/lib/test/IIR.tcl
/home/travis/build/icyphy/ptII/ptolemy/actor/lib/test/Interpolator.tcl
3 ms. Memory: 129024K Free: 106622K (83%)
2 ms. Memory: 129024K Free: 106078K (82%)
2 ms. Memory: 129024K Free: 105598K (82%)
3 ms. Memory: 129024K Free: 105084K (81%)
6 ms. Memory: 129024K Free: 104046K (81%)
2 ms. Memory: 129024K Free: 103550K (80%)
5 ms. Memory: 129024K Free: 102526K (79%)
3 ms. Memory: 129024K Free: 101502K (79%)
8 ms. Memory: 129024K Free: 100478K (78%)
6 ms. Memory: 129024K Free: 99964K (77%)
/home/travis/build/icyphy/ptII/ptolemy/actor/lib/test/MathFunction.tcl
5 ms. Memory: 129024K Free: 97902K (76%)
2 ms. Memory: 129024K Free: 96382K (75%)
4 ms. Memory: 129024K Free: 95358K (74%)
2 ms. Memory: 129024K Free: 94830K (73%)
3 ms. Memory: 129024K Free: 93310K (72%)
5 ms. Memory: 129024K Free: 91262K (71%)
/home/travis/build/icyphy/ptII/ptolemy/actor/lib/test/Maximum.tcl
3 ms. Memory: 129024K Free: 89710K (70%)
2 ms. Memory: 129024K Free: 88700K (69%)
2 ms. Memory: 129024K Free: 88190K (68%)
2 ms. Memory: 129024K Free: 87662K (68%)
/home/travis/build/icyphy/ptII/ptolemy/actor/lib/test/Minimum.tcl
3 ms. Memory: 129024K Free: 85628K (66%)
2 ms. Memory: 129024K Free: 85118K (66%)
2 ms. Memory: 129024K Free: 84590K (66%)
2 ms. Memory: 129024K Free: 84094K (65%)
/home/travis/build/icyphy/ptII/ptolemy/actor/lib/test/MultiplyDivide.tcl
3 ms. Memory: 129024K Free: 82046K (64%)
2 ms. Memory: 129024K Free: 81022K (63%)
2 ms. Memory: 129024K Free: 80494K (62%)
3 ms. Memory: 129024K Free: 79998K (62%)
2 ms. Memory: 129024K Free: 78974K (61%)
/home/travis/build/icyphy/ptII/ptolemy/actor/lib/test/OrderedMerge.tcl
Connections changed on port: inputA
Connections changed on port: inputB
Connections changed on port: output
Connections changed on port: output
Connections changed on port: output
Connections changed on port: input
.top. Preinitializing ...
Invoking preinitialize():  .top.OrderedMerge
Called preinitialize()
Invoking preinitialize():  .top.Ramp
Called preinitialize()
Invoking preinitialize():  .top.Ramp2
Called preinitialize()
Invoking preinitialize():  .top.Test
Called preinitialize()
Connections changed on port: inputA
Connections changed on port: output
Connections changed on port: output
Connections changed on port: input
Connections changed on port: inputB
Connections changed on port: output
.top. Finished preinitialize().
Called initialize().
Invoking initialize():  .top.OrderedMerge
Initializing actor: .top.OrderedMerge
Adding a thread: .top.OrderedMerge
Invoking initialize():  .top.Ramp
Initializing actor: .top.Ramp
Adding a thread: .top.Ramp
Invoking initialize():  .top.Ramp2
Initializing actor: .top.Ramp2
Adding a thread: .top.Ramp2
Invoking initialize():  .top.Test
Initializing actor: .top.Test
Adding a thread: .top.Test
Called fire().
Checking for deadlock:
-- Starting thread.
-- Starting thread.
Called initialize()
Called initialize()
Called prefire()
Called fire()
-- Starting thread.
Called initialize()
Called prefire()
Called fire()
Called prefire()
Called fire()
-- Starting thread.
Called initialize()
Called prefire()
Called fire()
There are 0 Blocked actors, 0 Stopped actors, and 4 active threads.
Waiting for actors to stop.
Called postfire()
Called prefire()
Called fire()
Read input token from inputA with value 0.0
Next port to read input from is inputB
Called postfire()
Called prefire()
Called fire()
Checking for deadlock:
There are 1 Blocked actors, 0 Stopped actors, and 4 active threads.
Waiting for actors to stop.
Checking for deadlock:
Called postfire()
There are 1 Blocked actors, 0 Stopped actors, and 4 active threads.
Waiting for actors to stop.
Called prefire()
Called fire()
Called postfire()
Called prefire()
Called fire()
Read input token from inputB with value 0.0
Sent output token with value 0.0
Called postfire()
Called prefire()
Called fire()
Next port to read input from is inputA
Called postfire()
Called prefire()
Called fire()
Read input token from inputA with value 1.0
Checking for deadlock:
There are 2 Blocked actors, 0 Stopped actors, and 4 active threads.
Waiting for actors to stop.
-- Read input: 0.0, which is expected to match: 0.0
Called prefire()
Called fire()
Called postfire()
Called prefire()
Called fire()
Checking for deadlock:
There are 3 Blocked actors, 0 Stopped actors, and 4 active threads.
Waiting for actors to stop.
-- Read input: 0.0, which is expected to match: 0.0
Called prefire()
Called fire()
Sent output token with value 0.0
Next port to read input from is inputB
Called postfire()
Called prefire()
Called fire()
Read input token from inputB with value 1.5
Sent output token with value 1.0
Next port to read input from is inputA
Called postfire()
Called prefire()
Called fire()
Read input token from inputA with value 2.0
Checking for deadlock:
There are 1 Blocked actors, 0 Stopped actors, and 4 active threads.
Waiting for actors to stop.
-- Read input: 1.0, which is expected to match: 1.0
Called prefire()
Called fire()
Called postfire()
Called prefire()
Called fire()
Checking for deadlock:
There are 2 Blocked actors, 0 Stopped actors, and 4 active threads.
Waiting for actors to stop.
Called postfire()
Called prefire()
Called fire()
Sent output token with value 1.5
Next port to read input from is inputB
Called postfire()
Called prefire()
Called fire()
Read input token from inputB with value 3.0
Checking for deadlock:
There are 2 Blocked actors, 0 Stopped actors, and 4 active threads.
Waiting for actors to stop.
Checking for deadlock:
There are 1 Blocked actors, 0 Stopped actors, and 4 active threads.
Waiting for actors to stop.
-- Read input: 1.5, which is expected to match: 1.5
Called prefire()
Called fire()
Checking for deadlock:
There are 2 Blocked actors, 0 Stopped actors, and 4 active threads.
Waiting for actors to stop.
Sent output token with value 2.0
Next port to read input from is inputA
Called postfire()
Called prefire()
Called fire()
Read input token from inputA with value 3.0
Checking for deadlock:
There are 1 Blocked actors, 0 Stopped actors, and 4 active threads.
Waiting for actors to stop.
Called postfire()
Called prefire()
Called fire()
Called postfire()
Sent output token with value 3.0
Called prefire()
Called fire()
Next port to read input from is inputB
Called postfire()
Called prefire()
Called fire()
-- Read input: 2.0, which is expected to match: 2.0
Read input token from inputB with value 4.5
Called prefire()
Called fire()
Checking for deadlock:
There are 2 Blocked actors, 0 Stopped actors, and 4 active threads.
Waiting for actors to stop.
-- Read input: 3.0, which is expected to match: 3.0
Called prefire()
Called fire()
Called postfire()
Called prefire()
Called fire()
Checking for deadlock:
There are 2 Blocked actors, 0 Stopped actors, and 4 active threads.
Waiting for actors to stop.
Sent output token with value 3.0
-- Read input: 3.0, which is expected to match: 3.0
Next port to read input from is inputA
Called postfire()
Called prefire()
Called fire()
Called prefire()
Called fire()
Read input token from inputA with value 4.0
Sent output token with value 4.0
Next port to read input from is inputA
Called postfire()
Called prefire()
Called fire()
Checking for deadlock:
There are 2 Blocked actors, 0 Stopped actors, and 4 active threads.
Waiting for actors to stop.
Called postfire()
Called prefire()
Called fire()
Checking for deadlock:
-- Read input: 4.0, which is expected to match: 4.0
There are 2 Blocked actors, 0 Stopped actors, and 4 active threads.
Waiting for actors to stop.
Called prefire()
Called fire()
Past the end of training data. Read and discard all inputs.
Read input token from inputA with value 5.0
Sent output token with value 4.5
Next port to read input from is inputB
Called postfire()
Called prefire()
Called fire()
Read input token from inputB with value 6.0
Checking for deadlock:
There are 1 Blocked actors, 0 Stopped actors, and 4 active threads.
Waiting for actors to stop.
Called postfire()
Called prefire()
Called fire()
Checking for deadlock:
Called prefire()
Called fire()
Past the end of training data. Read and discard all inputs.
Called postfire()
There are 1 Blocked actors, 0 Stopped actors, and 4 active threads.
Waiting for actors to stop.
Called prefire()
Called fire()
Sent output token with value 5.0
Called prefire()
Called fire()
Past the end of training data. Read and discard all inputs.
Next port to read input from is inputA
Called postfire()
Called prefire()
Called fire()
Read input token from inputA with value 6.0
Sent output token with value 6.0
Next port to read input from is inputB
Called postfire()
Called prefire()
Called fire()
Read input token from inputB with value 7.5
Checking for deadlock:
There are 1 Blocked actors, 0 Stopped actors, and 4 active threads.
Waiting for actors to stop.
Called postfire()
Called prefire()
Called prefire()
Called fire()
Called fire()
Past the end of training data. Read and discard all inputs.
Checking for deadlock:
There are 1 Blocked actors, 0 Stopped actors, and 4 active threads.
Waiting for actors to stop.
Called postfire()
Called prefire()
Called fire()
Sent output token with value 6.0
Next port to read input from is inputA
Called postfire()
Called prefire()
Called fire()
Read input token from inputA with value 7.0
Checking for deadlock:
There are 2 Blocked actors, 0 Stopped actors, and 4 active threads.
Waiting for actors to stop.
Called postfire()
Called prefire()
Called fire()
Called prefire()
Called fire()
Past the end of training data. Read and discard all inputs.
Checking for deadlock:
There are 2 Blocked actors, 0 Stopped actors, and 4 active threads.
Waiting for actors to stop.
Sent output token with value 7.0
Called prefire()
Called fire()
Past the end of training data. Read and discard all inputs.
Next port to read input from is inputA
Called postfire()
Called prefire()
Called fire()
Read input token from inputA with value 8.0
Sent output token with value 7.5
Next port to read input from is inputB
Called postfire()
Called prefire()
Called fire()
Read input token from inputB with value 9.0
Checking for deadlock:
There are 1 Blocked actors, 0 Stopped actors, and 4 active threads.
Waiting for actors to stop.
Called prefire()
Called fire()
Past the end of training data. Read and discard all inputs.
-- Thread wrapup() called.
Called wrapup()
Called postfire()
Called prefire()
Called fire()
Thread .top.Ramp is exiting.
-- Thread stopped.
Checking for deadlock:
There are 1 Blocked actors, 0 Stopped actors, and 3 active threads.
Waiting for actors to stop.
Checking for deadlock:
There are 2 Blocked actors, 0 Stopped actors, and 3 active threads.
Waiting for actors to stop.
Called prefire()
Called fire()
Sent output token with value 8.0
Past the end of training data. Read and discard all inputs.
Next port to read input from is inputA
Called postfire()
Called prefire()
Called fire()
Read input token from inputA with value 9.0
Sent output token with value 9.0
Next port to read input from is inputB
Called postfire()
Called prefire()
Called fire()
Read input token from inputB with value 10.5
Checking for deadlock:
There are 1 Blocked actors, 0 Stopped actors, and 3 active threads.
Waiting for actors to stop.
Called postfire()
Called prefire()
Called fire()
Checking for deadlock:
Called prefire()
There are 1 Blocked actors, 0 Stopped actors, and 3 active threads.
Called fire()
Waiting for actors to stop.
Past the end of training data. Read and discard all inputs.
Checking for deadlock:
There are 2 Blocked actors, 0 Stopped actors, and 3 active threads.
Waiting for actors to stop.
Called prefire()
Called fire()
Past the end of training data. Read and discard all inputs.
Sent output token with value 9.0
Next port to read input from is inputA
Called postfire()
Called prefire()
Called fire()
Checking for deadlock:
There are 1 Blocked actors, 0 Stopped actors, and 3 active threads.
Waiting for actors to stop.
Checking for deadlock:
There are 3 Blocked actors, 0 Stopped actors, and 3 active threads.
Actors have stopped.
Checking for deadlock:
There are 3 Blocked actors, 0 Stopped actors, and 3 active threads.
Deadlock detected.
Resolving Deadlock
Checking for deadlock:
There are 3 Blocked actors, 0 Stopped actors, and 3 active threads.
Artificial Deadlock - increasing queue capacity.
increasing the capacity of receiver ptolemy.actor.TypedIOPort {.top.OrderedMerge.inputB} to 2
-- Thread wrapup() called.
Called wrapup()
Thread .top.Ramp2 is exiting.
-- Thread stopped.
Director: Called postfire().
Called postfire().
_stopRequested = false
_stopFireRequested = false
Returning from postfire(): true
Called fire().
Checking for deadlock:
There are 2 Blocked actors, 0 Stopped actors, and 2 active threads.
Actors have stopped.
Checking for deadlock:
There are 2 Blocked actors, 0 Stopped actors, and 2 active threads.
Deadlock detected.
Resolving Deadlock
Checking for deadlock:
There are 2 Blocked actors, 0 Stopped actors, and 2 active threads.
Deadlock detected: no processes blocked on write, but some are blocked on read.
Called postfire().
_stopRequested = false
_stopFireRequested = false
Returning from postfire(): false
Finished deactivating branches.
Called wrapup().
-- Thread wrapup() called.
-- Thread wrapup() called.
Called wrapup()
Called wrapup()
Thread .top.OrderedMerge is exiting.
-- Thread stopped.
-- Blocked Receiver call threw TerminateProcessException.
Thread .top.Test is exiting.
-- Thread stopped.
-- Blocked Receiver call threw TerminateProcessException.
68 ms. Memory: 129024K Free: 73854K (57%)
.top. Preinitializing ...
Invoking preinitialize():  .top.OrderedMerge
Called preinitialize()
Invoking preinitialize():  .top.Ramp
Called preinitialize()
Invoking preinitialize():  .top.Ramp2
Called preinitialize()
Invoking preinitialize():  .top.Test
Called preinitialize()
.top. Finished preinitialize().
Called initialize().
Invoking initialize():  .top.OrderedMerge
Initializing actor: .top.OrderedMerge
Adding a thread: .top.OrderedMerge
Invoking initialize():  .top.Ramp
Initializing actor: .top.Ramp
Adding a thread: .top.Ramp
Invoking initialize():  .top.Ramp2
Initializing actor: .top.Ramp2
Adding a thread: .top.Ramp2
Invoking initialize():  .top.Test
Initializing actor: .top.Test
Adding a thread: .top.Test
-- Starting thread.
Called initialize()
Called prefire()
Called fire()
-- Starting thread.
Called initialize()
Called prefire()
Called fire()
Called postfire()
Called prefire()
Called fire()
-- Starting thread.
Called initialize()
Called prefire()
Called fire()
Called postfire()
Called prefire()
Called fire()
Called fire().
Checking for deadlock:
There are 3 Blocked actors, 0 Stopped actors, and 4 active threads.
Waiting for actors to stop.
-- Starting thread.
Called initialize()
Called prefire()
Called fire()
Checking for deadlock:
There are 2 Blocked actors, 0 Stopped actors, and 4 active threads.
Waiting for actors to stop.
Read input token from inputA with value 0.0
Next port to read input from is inputB
Called postfire()
Called prefire()
Called fire()
Read input token from inputB with value 0.0
Sent output token with value 0.0
Next port to read input from is inputA
Called postfire()
Called prefire()
Called fire()
-- Read input: 0.0, which is expected to match: 0.0
Called prefire()
Called fire()
Called postfire()
Called prefire()
Called fire()
Checking for deadlock:
There are 3 Blocked actors, 0 Stopped actors, and 4 active threads.
Waiting for actors to stop.
Called postfire()
Called prefire()
Called fire()
Read input token from inputA with value 1.0
Called postfire()
Called prefire()
Called fire()
Sent output token with value 0.0
Checking for deadlock:
There are 2 Blocked actors, 0 Stopped actors, and 4 active threads.
Waiting for actors to stop.
Next port to read input from is inputB
Called postfire()
Called prefire()
Called fire()
-- Read input: 0.0, which is expected to match: 0.0
Called prefire()
Called fire()
Read input token from inputB with value 1.5
Called postfire()
Called prefire()
Sent output token with value 1.0
Called fire()
Next port to read input from is inputA
Called postfire()
Called prefire()
Checking for deadlock:
There are 2 Blocked actors, 0 Stopped actors, and 4 active threads.
Waiting for actors to stop.
Called fire()
-- Read input: 1.0, which is expected to match: 1.0
Called prefire()
Called fire()
Read input token from inputA with value 2.0
Sent output token with value 1.5
Next port to read input from is inputB
Called postfire()
Called prefire()
Called fire()
Read input token from inputB with value 3.0
Called postfire()
Called prefire()
Called fire()
Checking for deadlock:
There are 1 Blocked actors, 0 Stopped actors, and 4 active threads.
Waiting for actors to stop.
-- Read input: 1.5, which is expected to match: 1.5
Called prefire()
Called fire()
Checking for deadlock:
There are 2 Blocked actors, 0 Stopped actors, and 4 active threads.
Waiting for actors to stop.
Called postfire()
Called prefire()
Called fire()
Sent output token with value 2.0
Next port to read input from is inputA
Called postfire()
Called prefire()
Called fire()
-- Read input: 2.0, which is expected to match: 2.0
Called prefire()
Called fire()
Read input token from inputA with value 3.0
Called postfire()
Sent output token with value 3.0
Called prefire()
Called fire()
Next port to read input from is inputB
Called postfire()
Called prefire()
Called fire()
Read input token from inputB with value 4.5
Checking for deadlock:
There are 2 Blocked actors, 0 Stopped actors, and 4 active threads.
Waiting for actors to stop.
-- Read input: 3.0, which is expected to match: 3.0
Called prefire()
Called fire()
Called postfire()
Called prefire()
Called fire()
Checking for deadlock:
There are 3 Blocked actors, 0 Stopped actors, and 4 active threads.
Waiting for actors to stop.
Sent output token with value 3.0
Next port to read input from is inputA
Called postfire()
Called prefire()
-- Read input: 3.0, which is expected to match: 3.0
Called fire()
Called prefire()
Called fire()
Read input token from inputA with value 4.0
Sent output token with value 4.0
Next port to read input from is inputA
Called postfire()
Called prefire()
Called fire()
Checking for deadlock:
There are 2 Blocked actors, 0 Stopped actors, and 4 active threads.
Waiting for actors to stop.
-- Read input: 4.0, which is expected to match: 4.0
Called prefire()
Called fire()
Past the end of training data. Read and discard all inputs.
Called postfire()
Called prefire()
Called fire()
Checking for deadlock:
There are 3 Blocked actors, 0 Stopped actors, and 4 active threads.
Waiting for actors to stop.
Read input token from inputA with value 5.0
Sent output token with value 4.5
Next port to read input from is inputB
Called postfire()
Called prefire()
Called fire()
Read input token from inputB with value 6.0
Checking for deadlock:
There are 1 Blocked actors, 0 Stopped actors, and 4 active threads.
Waiting for actors to stop.
Called postfire()
Called prefire()
Called fire()
Called prefire()
Called fire()
Past the end of training data. Read and discard all inputs.
Called postfire()
Called prefire()
Called fire()
Checking for deadlock:
There are 3 Blocked actors, 0 Stopped actors, and 4 active threads.
Waiting for actors to stop.
Called prefire()
Called fire()
Past the end of training data. Read and discard all inputs.
Sent output token with value 5.0
Next port to read input from is inputA
Called postfire()
Called prefire()
Called fire()
Read input token from inputA with value 6.0
Sent output token with value 6.0
Next port to read input from is inputB
Called postfire()
Called prefire()
Called fire()
Read input token from inputB with value 7.5
Checking for deadlock:
There are 1 Blocked actors, 0 Stopped actors, and 4 active threads.
Waiting for actors to stop.
Called postfire()
Called prefire()
Called fire()
Called postfire()
Called prefire()
Called fire()
Called prefire()
Called fire()
Past the end of training data. Read and discard all inputs.
Checking for deadlock:
There are 3 Blocked actors, 0 Stopped actors, and 4 active threads.
Waiting for actors to stop.
Sent output token with value 6.0
Next port to read input from is inputA
Called postfire()
Called prefire()
Called fire()
Read input token from inputA with value 7.0
Checking for deadlock:
There are 2 Blocked actors, 0 Stopped actors, and 4 active threads.
Waiting for actors to stop.
Called prefire()
Called fire()
Past the end of training data. Read and discard all inputs.
Checking for deadlock:
There are 2 Blocked actors, 0 Stopped actors, and 4 active threads.
Waiting for actors to stop.
Called postfire()
Called prefire()
Called fire()
Sent output token with value 7.0
Next port to read input from is inputA
Called postfire()
Called prefire()
Called prefire()
Called fire()
Called fire()
Past the end of training data. Read and discard all inputs.
Read input token from inputA with value 8.0
Sent output token with value 7.5
Next port to read input from is inputB
Called postfire()
Called prefire()
Called fire()
Read input token from inputB with value 9.0
Checking for deadlock:
There are 1 Blocked actors, 0 Stopped actors, and 4 active threads.
Waiting for actors to stop.
Called postfire()
Called prefire()
Called fire()
Called prefire()
Called fire()
Past the end of training data. Read and discard all inputs.
-- Thread wrapup() called.
Called wrapup()
Thread .top.Ramp is exiting.
-- Thread stopped.
Checking for deadlock:
There are 2 Blocked actors, 0 Stopped actors, and 3 active threads.
Waiting for actors to stop.
Called prefire()
Called fire()
Sent output token with value 8.0
Past the end of training data. Read and discard all inputs.
Next port to read input from is inputA
Called postfire()
Called prefire()
Called fire()
Read input token from inputA with value 9.0
Sent output token with value 9.0
Next port to read input from is inputB
Called postfire()
Called prefire()
Called fire()
Read input token from inputB with value 10.5
Checking for deadlock:
There are 1 Blocked actors, 0 Stopped actors, and 3 active threads.
Waiting for actors to stop.
Called postfire()
Called prefire()
Called fire()
Checking for deadlock:
Called prefire()
Called fire()
There are 1 Blocked actors, 0 Stopped actors, and 3 active threads.
Waiting for actors to stop.
Past the end of training data. Read and discard all inputs.
Sent output token with value 9.0
Next port to read input from is inputA
Called postfire()
Called prefire()
Called fire()
Checking for deadlock:
There are 2 Blocked actors, 0 Stopped actors, and 3 active threads.
Waiting for actors to stop.
Called prefire()
Called fire()
Past the end of training data. Read and discard all inputs.
Checking for deadlock:
There are 3 Blocked actors, 0 Stopped actors, and 3 active threads.
Actors have stopped.
Checking for deadlock:
There are 3 Blocked actors, 0 Stopped actors, and 3 active threads.
Deadlock detected.
Resolving Deadlock
Checking for deadlock:
There are 3 Blocked actors, 0 Stopped actors, and 3 active threads.
Artificial Deadlock - increasing queue capacity.
increasing the capacity of receiver ptolemy.actor.TypedIOPort {.top.OrderedMerge.inputB} to 2
Director: Called postfire().
Called postfire().
_stopRequested = false
_stopFireRequested = false
Returning from postfire(): true
Called fire().
Checking for deadlock:
There are 2 Blocked actors, 0 Stopped actors, and 3 active threads.
Waiting for actors to stop.
-- Thread wrapup() called.
Called wrapup()
Thread .top.Ramp2 is exiting.
-- Thread stopped.
Checking for deadlock:
There are 2 Blocked actors, 0 Stopped actors, and 2 active threads.
Actors have stopped.
Checking for deadlock:
There are 2 Blocked actors, 0 Stopped actors, and 2 active threads.
Deadlock detected.
Resolving Deadlock
Checking for deadlock:
There are 2 Blocked actors, 0 Stopped actors, and 2 active threads.
Deadlock detected: no processes blocked on write, but some are blocked on read.
Called postfire().
_stopRequested = false
_stopFireRequested = false
Returning from postfire(): false
Finished deactivating branches.
Called wrapup().
-- Thread wrapup() called.
Called wrapup()
Thread .top.Test is exiting.
-- Thread stopped.
-- Blocked Receiver call threw TerminateProcessException.
-- Thread wrapup() called.
Called wrapup()
Thread .top.OrderedMerge is exiting.
-- Thread stopped.
-- Blocked Receiver call threw TerminateProcessException.
60 ms. Memory: 129024K Free: 71806K (56%)
/home/travis/build/icyphy/ptII/ptolemy/actor/lib/test/Publisher.tcl
10 ms. Memory: 129024K Free: 65662K (51%)
3 ms. Memory: 129024K Free: 60022K (47%)
7 ms. Memory: 129024K Free: 56446K (44%)
3 ms. Memory: 129024K Free: 55422K (43%)
2 ms. Memory: 129024K Free: 54902K (43%)
3 ms. Memory: 129024K Free: 53884K (42%)
2 ms. Memory: 129024K Free: 53374K (41%)
2 ms. Memory: 129024K Free: 52350K (41%)
24 ms. Memory: 155648K Free: 138063K (89%)
7 ms. Memory: 155648K Free: 133967K (86%)
3 ms. Memory: 155648K Free: 133439K (86%)
3 ms. Memory: 155648K Free: 131399K (84%)
21 ms. Memory: 155648K Free: 123727K (79%)
14 ms. Memory: 155648K Free: 113983K (73%)
6 ms. Memory: 155648K Free: 103247K (66%)
/home/travis/build/icyphy/ptII/ptolemy/actor/lib/test/Pulse.tcl
2 ms. Memory: 155648K Free: 65863K (42%)
2 ms. Memory: 155648K Free: 65359K (42%)
1 ms. Memory: 155648K Free: 64845K (42%)
1 ms. Memory: 155648K Free: 63821K (41%)
1 ms. Memory: 155648K Free: 63311K (41%)
5 ms. Memory: 155648K Free: 62287K (40%)
3 ms. Memory: 155648K Free: 61263K (39%)
1 ms. Memory: 155648K Free: 60735K (39%)
18 ms. Memory: 155648K Free: 137370K (88%)
/home/travis/build/icyphy/ptII/ptolemy/actor/lib/test/Ramp.tcl
2 ms. Memory: 155648K Free: 135836K (87%)
2 ms. Memory: 155648K Free: 134812K (87%)
1 ms. Memory: 155648K Free: 134284K (86%)
1 ms. Memory: 155648K Free: 133260K (86%)
3 ms. Memory: 155648K Free: 132764K (85%)
4 ms. Memory: 155648K Free: 131740K (85%)
10 ms. Memory: 155648K Free: 130716K (84%)
5 actors
4000 microseconds per iteration to create
11 ms. Memory: 155648K Free: 128154K (82%)
2 ms. Memory: 155648K Free: 127644K (82%)
11 ms. Memory: 155648K Free: 127100K (82%)
2 ms. Memory: 155648K Free: 126106K (81%)
50 actors
42000 microseconds per iteration to create
71 ms. Memory: 155648K Free: 110746K (71%)
6 ms. Memory: 155648K Free: 109722K (70%)
21 ms. Memory: 155648K Free: 108698K (70%)
5 ms. Memory: 155648K Free: 107674K (69%)
500 actors
1498000 microseconds per iteration to create
219 ms. Memory: 155648K Free: 111351K (72%)
35 ms. Memory: 155648K Free: 106231K (68%)
35 ms. Memory: 155648K Free: 101111K (65%)
33 ms. Memory: 155648K Free: 95477K (61%)
/home/travis/build/icyphy/ptII/ptolemy/actor/lib/test/RampContinuous.tcl
7 ms. Memory: 155648K Free: 94438K (61%)
/home/travis/build/icyphy/ptII/ptolemy/actor/lib/test/RecordAssembler.tcl
5 ms. Memory: 155648K Free: 92405K (59%)
3 ms. Memory: 155648K Free: 91381K (59%)
/home/travis/build/icyphy/ptII/ptolemy/actor/lib/test/RecordDisassembler.tcl
6 ms. Memory: 155648K Free: 89847K (58%)
2 ms. Memory: 155648K Free: 89333K (57%)
3 ms. Memory: 155648K Free: 87799K (56%)
/home/travis/build/icyphy/ptII/ptolemy/actor/lib/test/Scale.tcl
2 ms. Memory: 155648K Free: 86246K (55%)
2 ms. Memory: 155648K Free: 85222K (55%)
1 ms. Memory: 155648K Free: 84727K (54%)
3 ms. Memory: 155648K Free: 83703K (54%)
3 ms. Memory: 155648K Free: 83174K (53%)
/home/travis/build/icyphy/ptII/ptolemy/actor/lib/test/SequentialClock.tcl
preinitializing
resolving types
initializing
executing number 1
wrapping up
idle
2 ms. Memory: 155648K Free: 81655K (52%)
Completed execution with 5 iterations
preinitializing
resolving types
initializing
executing number 1
wrapping up
idle
1 ms. Memory: 155648K Free: 81141K (52%)
Completed execution with 5 iterations
preinitializing
resolving types
initializing
executing number 1
wrapping up
idle
1 ms. Memory: 155648K Free: 80631K (52%)
Completed execution with 5 iterations
/home/travis/build/icyphy/ptII/ptolemy/actor/lib/test/SetVariable.tcl
4 ms. Memory: 155648K Free: 78583K (50%)
/home/travis/build/icyphy/ptII/ptolemy/actor/lib/test/Sinewave.tcl
/home/travis/build/icyphy/ptII/ptolemy/actor/lib/test/SubscriptionAggregator.tcl
5 ms. Memory: 155648K Free: 67319K (43%)
2 ms. Memory: 155648K Free: 66790K (43%)
0 ms. Memory: 155648K Free: 66295K (43%)
1 ms. Memory: 155648K Free: 65774K (42%)
1 ms. Memory: 155648K Free: 62199K (40%)
8 ms. Memory: 155648K Free: 60151K (39%)
...............................................................911 ms. Memory: 264192K Free: 131064K (50%)
/home/travis/build/icyphy/ptII/ptolemy/actor/lib/test/Test.tcl
 The next command will produce a warning about training mode,
   which may be ignored.
4 ms. Memory: 264192K Free: 129016K (49%)
11 ms. Memory: 264192K Free: 128487K (49%)
1 ms. Memory: 264192K Free: 127992K (48%)
1 ms. Memory: 264192K Free: 126968K (48%)
2 ms. Memory: 264192K Free: 126439K (48%)
3 ms. Memory: 264192K Free: 125415K (47%)
3 ms. Memory: 264192K Free: 123896K (47%)
 The next command will produce a warning about training mode,
   which may be ignored.
4 ms. Memory: 264192K Free: 121848K (46%)
 The next command will produce a warning about training mode,
   which may be ignored.
2 ms. Memory: 264192K Free: 120310K (46%)
1 ms. Memory: 264192K Free: 120310K (46%)
1 ms. Memory: 264192K Free: 119800K (45%)
5 ms. Memory: 264192K Free: 119271K (45%)
6 ms. Memory: 264192K Free: 118255K (45%)
5 ms. Memory: 264192K Free: 114151K (43%)
/home/travis/build/icyphy/ptII/ptolemy/actor/lib/test/TestExceptionHandler.tcl
 The next command will produce a warning about training mode,
   which may be ignored.
3 ms. Memory: 264192K Free: 113127K (43%)
0 ms. Memory: 264192K Free: 112632K (43%)
1 ms. Memory: 264192K Free: 112103K (42%)
/home/travis/build/icyphy/ptII/ptolemy/actor/lib/test/UnionDisassembler.tcl
26 ms. Memory: 264192K Free: 104943K (40%)
/home/travis/build/icyphy/ptII/ptolemy/actor/lib/test/VariableClock.tcl
preinitializing
resolving types
initializing
executing number 1
wrapping up
idle
9 ms. Memory: 264192K Free: 102883K (39%)
Completed execution with 11 iterations
preinitializing
resolving types
initializing
executing number 1
wrapping up
idle
11 ms. Memory: 264192K Free: 101368K (38%)
Completed execution with 10 iterations
01/13/20 09:12:53
Failed: 0  Total Tests: 233  ((Passed: 233, Newly Passed: 0)  Known Failed: 0) /home/travis/build/icyphy/ptII/ptolemy/actor/lib/test
----------------- testing (KnownFailure) /home/travis/build/icyphy/ptII/ptolemy/actor/lib/test/auto/knownFailedTests/PublisherPortToplevelSubscriber.xml
3 ms. Memory: 264192K Free: 216167K (82%)
Known Failure: java.lang.reflect.InvocationTargetException
----------------- testing (KnownFailure) /home/travis/build/icyphy/ptII/ptolemy/actor/lib/test/auto/knownFailedTests/PublisherSubscriberPortToplevel.xml
2 ms. Memory: 264192K Free: 212071K (80%)
Known Failure: java.lang.reflect.InvocationTargetException
----------------- testing (KnownFailure) /home/travis/build/icyphy/ptII/ptolemy/actor/lib/test/auto/knownFailedTests/PublisherSubscriptionAggregatorPort.xml
1 ms. Memory: 264192K Free: 207975K (79%)
Known Failure: java.lang.reflect.InvocationTargetException
----------------- testing (KnownFailure) /home/travis/build/icyphy/ptII/ptolemy/actor/lib/test/auto/knownFailedTests/sizedarray3.xml
5 ms. Memory: 264192K Free: 203879K (77%)
Known Failure: java.lang.reflect.InvocationTargetException
No auto/linux-amd64/*.xml tests in /home/travis/build/icyphy/ptII/ptolemy/actor/lib/test
AutoTests.java: About to close Vertx.
AutoTests.java: Vertx closed.

===========================================================================================
----------------- testing Mon Jan 13 21:12:54 UTC 2020 /home/travis/build/icyphy/ptII/ptolemy/actor/lib/test/auto/AbsoluteValue.xml
----------------- Instantiating /home/travis/build/icyphy/ptII/ptolemy/actor/lib/test/auto/AbsoluteValue.xml
21 ms. Memory: 264192K Free: 181861K (69%)
----------------- Invoking toplevel() on ptolemy.moml.MoMLSimpleApplication@3c441921
----------------- Done invoking toplevel() on ptolemy.moml.MoMLSimpleApplication@3c441921
reloadAllAccessors: .AbsoluteValue

===========================================================================================
----------------- testing Mon Jan 13 21:12:54 UTC 2020 /home/travis/build/icyphy/ptII/ptolemy/actor/lib/test/auto/AbsoluteValue2.xml
----------------- Instantiating /home/travis/build/icyphy/ptII/ptolemy/actor/lib/test/auto/AbsoluteValue2.xml
5 ms. Memory: 264192K Free: 174693K (66%)
----------------- Invoking toplevel() on ptolemy.moml.MoMLSimpleApplication@3da3ccf8
----------------- Done invoking toplevel() on ptolemy.moml.MoMLSimpleApplication@3da3ccf8
reloadAllAccessors: .AbsoluteValue2

===========================================================================================
----------------- testing Mon Jan 13 21:12:54 UTC 2020 /home/travis/build/icyphy/ptII/ptolemy/actor/lib/test/auto/Accumulator.xml
----------------- Instantiating /home/travis/build/icyphy/ptII/ptolemy/actor/lib/test/auto/Accumulator.xml
5 ms. Memory: 264192K Free: 168549K (64%)
----------------- Invoking toplevel() on ptolemy.moml.MoMLSimpleApplication@715061ba
----------------- Done invoking toplevel() on ptolemy.moml.MoMLSimpleApplication@715061ba
reloadAllAccessors: .Accumulator

===========================================================================================
----------------- testing Mon Jan 13 21:12:54 UTC 2020 /home/travis/build/icyphy/ptII/ptolemy/actor/lib/test/auto/Accumulator2.xml
----------------- Instantiating /home/travis/build/icyphy/ptII/ptolemy/actor/lib/test/auto/Accumulator2.xml
3 ms. Memory: 264192K Free: 162919K (62%)
----------------- Invoking toplevel() on ptolemy.moml.MoMLSimpleApplication@2581d5d8
----------------- Done invoking toplevel() on ptolemy.moml.MoMLSimpleApplication@2581d5d8
reloadAllAccessors: .Accumulator2

===========================================================================================
----------------- testing Mon Jan 13 21:12:54 UTC 2020 /home/travis/build/icyphy/ptII/ptolemy/actor/lib/test/auto/Accumulator3.xml
----------------- Instantiating /home/travis/build/icyphy/ptII/ptolemy/actor/lib/test/auto/Accumulator3.xml
11 ms. Memory: 264192K Free: 158823K (60%)
----------------- Invoking toplevel() on ptolemy.moml.MoMLSimpleApplication@4975aaeb
----------------- Done invoking toplevel() on ptolemy.moml.MoMLSimpleApplication@4975aaeb
reloadAllAccessors: .Accumulator3

===========================================================================================
----------------- testing Mon Jan 13 21:12:54 UTC 2020 /home/travis/build/icyphy/ptII/ptolemy/actor/lib/test/auto/ArrayAppend.xml
----------------- Instantiating /home/travis/build/icyphy/ptII/ptolemy/actor/lib/test/auto/ArrayAppend.xml
5 ms. Memory: 264192K Free: 153175K (58%)
----------------- Invoking toplevel() on ptolemy.moml.MoMLSimpleApplication@769da9e9
----------------- Done invoking toplevel() on ptolemy.moml.MoMLSimpleApplication@769da9e9
reloadAllAccessors: .ArrayAppend

===========================================================================================
----------------- testing Mon Jan 13 21:12:54 UTC 2020 /home/travis/build/icyphy/ptII/ptolemy/actor/lib/test/auto/ArrayAppend2.xml
----------------- Instantiating /home/travis/build/icyphy/ptII/ptolemy/actor/lib/test/auto/ArrayAppend2.xml
238 ms. Memory: 264192K Free: 93797K (36%)
----------------- Invoking toplevel() on ptolemy.moml.MoMLSimpleApplication@71a2101c
----------------- Done invoking toplevel() on ptolemy.moml.MoMLSimpleApplication@71a2101c
reloadAllAccessors: .ArrayAppend2

===========================================================================================
----------------- testing Mon Jan 13 21:12:54 UTC 2020 /home/travis/build/icyphy/ptII/ptolemy/actor/lib/test/auto/ArrayAppend3.xml
----------------- Instantiating /home/travis/build/icyphy/ptII/ptolemy/actor/lib/test/auto/ArrayAppend3.xml
3 ms. Memory: 264192K Free: 88677K (34%)
----------------- Invoking toplevel() on ptolemy.moml.MoMLSimpleApplication@d1e8b81
----------------- Done invoking toplevel() on ptolemy.moml.MoMLSimpleApplication@d1e8b81
reloadAllAccessors: .ArrayAppend3

===========================================================================================
----------------- testing Mon Jan 13 21:12:55 UTC 2020 /home/travis/build/icyphy/ptII/ptolemy/actor/lib/test/auto/ArrayAppend4.xml
----------------- Instantiating /home/travis/build/icyphy/ptII/ptolemy/actor/lib/test/auto/ArrayAppend4.xml
2 ms. Memory: 264192K Free: 83557K (32%)
----------------- Invoking toplevel() on ptolemy.moml.MoMLSimpleApplication@6c670ffd
----------------- Done invoking toplevel() on ptolemy.moml.MoMLSimpleApplication@6c670ffd
reloadAllAccessors: .ArrayAppend4

===========================================================================================
----------------- testing Mon Jan 13 21:12:55 UTC 2020 /home/travis/build/icyphy/ptII/ptolemy/actor/lib/test/auto/ArrayAppend5.xml
----------------- Instantiating /home/travis/build/icyphy/ptII/ptolemy/actor/lib/test/auto/ArrayAppend5.xml
2 ms. Memory: 264192K Free: 78437K (30%)
----------------- Invoking toplevel() on ptolemy.moml.MoMLSimpleApplication@369523c5
----------------- Done invoking toplevel() on ptolemy.moml.MoMLSimpleApplication@369523c5
reloadAllAccessors: .ArrayAppend5

===========================================================================================
----------------- testing Mon Jan 13 21:12:55 UTC 2020 /home/travis/build/icyphy/ptII/ptolemy/actor/lib/test/auto/ArrayAppend6.xml
----------------- Instantiating /home/travis/build/icyphy/ptII/ptolemy/actor/lib/test/auto/ArrayAppend6.xml
3 ms. Memory: 264192K Free: 211765K (80%)
----------------- Invoking toplevel() on ptolemy.moml.MoMLSimpleApplication@714946a5
----------------- Done invoking toplevel() on ptolemy.moml.MoMLSimpleApplication@714946a5
reloadAllAccessors: .ArrayAppend6

===========================================================================================
----------------- testing Mon Jan 13 21:12:55 UTC 2020 /home/travis/build/icyphy/ptII/ptolemy/actor/lib/test/auto/ArrayAppendPerformanceTest.xml
----------------- Instantiating /home/travis/build/icyphy/ptII/ptolemy/actor/lib/test/auto/ArrayAppendPerformanceTest.xml
37 ms. Memory: 264192K Free: 200501K (76%)
----------------- Invoking toplevel() on ptolemy.moml.MoMLSimpleApplication@6bb6e377
----------------- Done invoking toplevel() on ptolemy.moml.MoMLSimpleApplication@6bb6e377
reloadAllAccessors: .ArrayAppendPerformanceTest

===========================================================================================
----------------- testing Mon Jan 13 21:12:55 UTC 2020 /home/travis/build/icyphy/ptII/ptolemy/actor/lib/test/auto/ArrayAppendWithEmptyInput.xml
----------------- Instantiating /home/travis/build/icyphy/ptII/ptolemy/actor/lib/test/auto/ArrayAppendWithEmptyInput.xml
14 ms. Memory: 264192K Free: 192823K (73%)
----------------- Invoking toplevel() on ptolemy.moml.MoMLSimpleApplication@672661dd
----------------- Done invoking toplevel() on ptolemy.moml.MoMLSimpleApplication@672661dd
reloadAllAccessors: .ArrayAppendWithEmptyInput

===========================================================================================
----------------- testing Mon Jan 13 21:12:55 UTC 2020 /home/travis/build/icyphy/ptII/ptolemy/actor/lib/test/auto/ArrayAverage.xml
----------------- Instantiating /home/travis/build/icyphy/ptII/ptolemy/actor/lib/test/auto/ArrayAverage.xml
5 ms. Memory: 264192K Free: 184631K (70%)
----------------- Invoking toplevel() on ptolemy.moml.MoMLSimpleApplication@775ace0b
----------------- Done invoking toplevel() on ptolemy.moml.MoMLSimpleApplication@775ace0b
reloadAllAccessors: .ArrayAverage

===========================================================================================
----------------- testing Mon Jan 13 21:12:55 UTC 2020 /home/travis/build/icyphy/ptII/ptolemy/actor/lib/test/auto/ArrayContains.xml
----------------- Instantiating /home/travis/build/icyphy/ptII/ptolemy/actor/lib/test/auto/ArrayContains.xml
8 ms. Memory: 264192K Free: 178997K (68%)
----------------- Invoking toplevel() on ptolemy.moml.MoMLSimpleApplication@4ea6047b
----------------- Done invoking toplevel() on ptolemy.moml.MoMLSimpleApplication@4ea6047b
reloadAllAccessors: .ArrayContains

===========================================================================================
----------------- testing Mon Jan 13 21:12:55 UTC 2020 /home/travis/build/icyphy/ptII/ptolemy/actor/lib/test/auto/ArrayElement.xml
----------------- Instantiating /home/travis/build/icyphy/ptII/ptolemy/actor/lib/test/auto/ArrayElement.xml
8 ms. Memory: 264192K Free: 172853K (65%)
----------------- Invoking toplevel() on ptolemy.moml.MoMLSimpleApplication@6a84268c
----------------- Done invoking toplevel() on ptolemy.moml.MoMLSimpleApplication@6a84268c
reloadAllAccessors: .ArrayElement

===========================================================================================
----------------- testing Mon Jan 13 21:12:55 UTC 2020 /home/travis/build/icyphy/ptII/ptolemy/actor/lib/test/auto/ArrayElementAsMatrix.xml
----------------- Instantiating /home/travis/build/icyphy/ptII/ptolemy/actor/lib/test/auto/ArrayElementAsMatrix.xml
19 ms. Memory: 264192K Free: 163127K (62%)
----------------- Invoking toplevel() on ptolemy.moml.MoMLSimpleApplication@17b3f87a
----------------- Done invoking toplevel() on ptolemy.moml.MoMLSimpleApplication@17b3f87a
reloadAllAccessors: .ArrayElementAsMatrix

===========================================================================================
----------------- testing Mon Jan 13 21:12:55 UTC 2020 /home/travis/build/icyphy/ptII/ptolemy/actor/lib/test/auto/ArrayElementI.xml
----------------- Instantiating /home/travis/build/icyphy/ptII/ptolemy/actor/lib/test/auto/ArrayElementI.xml
2 ms. Memory: 264192K Free: 157479K (60%)
----------------- Invoking toplevel() on ptolemy.moml.MoMLSimpleApplication@297ab6ee
----------------- Done invoking toplevel() on ptolemy.moml.MoMLSimpleApplication@297ab6ee
reloadAllAccessors: .ArrayElementI

===========================================================================================
----------------- testing Mon Jan 13 21:12:55 UTC 2020 /home/travis/build/icyphy/ptII/ptolemy/actor/lib/test/auto/ArrayExtract.xml
----------------- Instantiating /home/travis/build/icyphy/ptII/ptolemy/actor/lib/test/auto/ArrayExtract.xml
4 ms. Memory: 264192K Free: 149815K (57%)
----------------- Invoking toplevel() on ptolemy.moml.MoMLSimpleApplication@263adecc
----------------- Done invoking toplevel() on ptolemy.moml.MoMLSimpleApplication@263adecc
reloadAllAccessors: .ArrayExtract

===========================================================================================
----------------- testing Mon Jan 13 21:12:55 UTC 2020 /home/travis/build/icyphy/ptII/ptolemy/actor/lib/test/auto/ArrayExtract2.xml
----------------- Instantiating /home/travis/build/icyphy/ptII/ptolemy/actor/lib/test/auto/ArrayExtract2.xml
2 ms. Memory: 264192K Free: 144151K (55%)
----------------- Invoking toplevel() on ptolemy.moml.MoMLSimpleApplication@7bb4f9b
----------------- Done invoking toplevel() on ptolemy.moml.MoMLSimpleApplication@7bb4f9b
reloadAllAccessors: .ArrayExtract2

===========================================================================================
----------------- testing Mon Jan 13 21:12:55 UTC 2020 /home/travis/build/icyphy/ptII/ptolemy/actor/lib/test/auto/ArrayLength.xml
----------------- Instantiating /home/travis/build/icyphy/ptII/ptolemy/actor/lib/test/auto/ArrayLength.xml
3 ms. Memory: 264192K Free: 140599K (53%)
----------------- Invoking toplevel() on ptolemy.moml.MoMLSimpleApplication@53b129e8
----------------- Done invoking toplevel() on ptolemy.moml.MoMLSimpleApplication@53b129e8
reloadAllAccessors: .ArrayLength

===========================================================================================
----------------- testing Mon Jan 13 21:12:55 UTC 2020 /home/travis/build/icyphy/ptII/ptolemy/actor/lib/test/auto/ArrayLevelCrossing.xml
----------------- Instantiating /home/travis/build/icyphy/ptII/ptolemy/actor/lib/test/auto/ArrayLevelCrossing.xml
4 ms. Memory: 264192K Free: 132407K (50%)
----------------- Invoking toplevel() on ptolemy.moml.MoMLSimpleApplication@2efaa633
----------------- Done invoking toplevel() on ptolemy.moml.MoMLSimpleApplication@2efaa633
reloadAllAccessors: .ArrayLevelCrossing

===========================================================================================
----------------- testing Mon Jan 13 21:12:55 UTC 2020 /home/travis/build/icyphy/ptII/ptolemy/actor/lib/test/auto/ArrayLevelCrossing2.xml
----------------- Instantiating /home/travis/build/icyphy/ptII/ptolemy/actor/lib/test/auto/ArrayLevelCrossing2.xml
5 ms. Memory: 264192K Free: 125239K (47%)
----------------- Invoking toplevel() on ptolemy.moml.MoMLSimpleApplication@5e9d38ce
----------------- Done invoking toplevel() on ptolemy.moml.MoMLSimpleApplication@5e9d38ce
reloadAllAccessors: .ArrayLevelCrossing2

===========================================================================================
----------------- testing Mon Jan 13 21:12:55 UTC 2020 /home/travis/build/icyphy/ptII/ptolemy/actor/lib/test/auto/ArrayPeakSearch.xml
----------------- Instantiating /home/travis/build/icyphy/ptII/ptolemy/actor/lib/test/auto/ArrayPeakSearch.xml
6 ms. Memory: 264192K Free: 116533K (44%)
----------------- Invoking toplevel() on ptolemy.moml.MoMLSimpleApplication@4b645b65
----------------- Done invoking toplevel() on ptolemy.moml.MoMLSimpleApplication@4b645b65
reloadAllAccessors: .ArrayPeakSearch

===========================================================================================
----------------- testing Mon Jan 13 21:12:55 UTC 2020 /home/travis/build/icyphy/ptII/ptolemy/actor/lib/test/auto/ArrayPeakSearch2.xml
----------------- Instantiating /home/travis/build/icyphy/ptII/ptolemy/actor/lib/test/auto/ArrayPeakSearch2.xml
6 ms. Memory: 264192K Free: 105783K (40%)
----------------- Invoking toplevel() on ptolemy.moml.MoMLSimpleApplication@2d8c94cc
----------------- Done invoking toplevel() on ptolemy.moml.MoMLSimpleApplication@2d8c94cc
reloadAllAccessors: .ArrayPeakSearch2

===========================================================================================
----------------- testing Mon Jan 13 21:12:55 UTC 2020 /home/travis/build/icyphy/ptII/ptolemy/actor/lib/test/auto/ArrayPeakSearch3.xml
----------------- Instantiating /home/travis/build/icyphy/ptII/ptolemy/actor/lib/test/auto/ArrayPeakSearch3.xml
6 ms. Memory: 264192K Free: 97077K (37%)
----------------- Invoking toplevel() on ptolemy.moml.MoMLSimpleApplication@50008bf
----------------- Done invoking toplevel() on ptolemy.moml.MoMLSimpleApplication@50008bf
reloadAllAccessors: .ArrayPeakSearch3

===========================================================================================
----------------- testing Mon Jan 13 21:12:55 UTC 2020 /home/travis/build/icyphy/ptII/ptolemy/actor/lib/test/auto/ArrayRemoveElement.xml
----------------- Instantiating /home/travis/build/icyphy/ptII/ptolemy/actor/lib/test/auto/ArrayRemoveElement.xml
3 ms. Memory: 264192K Free: 88885K (34%)
----------------- Invoking toplevel() on ptolemy.moml.MoMLSimpleApplication@a353e1c
----------------- Done invoking toplevel() on ptolemy.moml.MoMLSimpleApplication@a353e1c
reloadAllAccessors: .ArrayRemoveElement

===========================================================================================
----------------- testing Mon Jan 13 21:12:55 UTC 2020 /home/travis/build/icyphy/ptII/ptolemy/actor/lib/test/auto/ArraySort.xml
----------------- Instantiating /home/travis/build/icyphy/ptII/ptolemy/actor/lib/test/auto/ArraySort.xml
6 ms. Memory: 264192K Free: 80183K (30%)
----------------- Invoking toplevel() on ptolemy.moml.MoMLSimpleApplication@208da85f
----------------- Done invoking toplevel() on ptolemy.moml.MoMLSimpleApplication@208da85f
reloadAllAccessors: .ArraySort

===========================================================================================
----------------- testing Mon Jan 13 21:12:55 UTC 2020 /home/travis/build/icyphy/ptII/ptolemy/actor/lib/test/auto/ArraySum.xml
----------------- Instantiating /home/travis/build/icyphy/ptII/ptolemy/actor/lib/test/auto/ArraySum.xml
11 ms. Memory: 264192K Free: 74549K (28%)
----------------- Invoking toplevel() on ptolemy.moml.MoMLSimpleApplication@1659faad
----------------- Done invoking toplevel() on ptolemy.moml.MoMLSimpleApplication@1659faad
reloadAllAccessors: .ArraySum

===========================================================================================
----------------- testing Mon Jan 13 21:12:55 UTC 2020 /home/travis/build/icyphy/ptII/ptolemy/actor/lib/test/auto/ArrayToElements.xml
----------------- Instantiating /home/travis/build/icyphy/ptII/ptolemy/actor/lib/test/auto/ArrayToElements.xml
5 ms. Memory: 264192K Free: 69429K (26%)
----------------- Invoking toplevel() on ptolemy.moml.MoMLSimpleApplication@40caef82
----------------- Done invoking toplevel() on ptolemy.moml.MoMLSimpleApplication@40caef82
reloadAllAccessors: .ArrayToElements

===========================================================================================
----------------- testing Mon Jan 13 21:12:55 UTC 2020 /home/travis/build/icyphy/ptII/ptolemy/actor/lib/test/auto/ArrayToMatrix.xml
----------------- Instantiating /home/travis/build/icyphy/ptII/ptolemy/actor/lib/test/auto/ArrayToMatrix.xml
14 ms. Memory: 264192K Free: 202096K (76%)
----------------- Invoking toplevel() on ptolemy.moml.MoMLSimpleApplication@2f7fdadd
----------------- Done invoking toplevel() on ptolemy.moml.MoMLSimpleApplication@2f7fdadd
reloadAllAccessors: .ArrayToMatrix

===========================================================================================
----------------- testing Mon Jan 13 21:12:56 UTC 2020 /home/travis/build/icyphy/ptII/ptolemy/actor/lib/test/auto/ArrayUpdate1.xml
----------------- Instantiating /home/travis/build/icyphy/ptII/ptolemy/actor/lib/test/auto/ArrayUpdate1.xml
4 ms. Memory: 264192K Free: 197490K (75%)
----------------- Invoking toplevel() on ptolemy.moml.MoMLSimpleApplication@4719d833
----------------- Done invoking toplevel() on ptolemy.moml.MoMLSimpleApplication@4719d833
reloadAllAccessors: .ArrayUpdate1

===========================================================================================
----------------- testing Mon Jan 13 21:12:56 UTC 2020 /home/travis/build/icyphy/ptII/ptolemy/actor/lib/test/auto/ArrayUpdate2.xml
----------------- Instantiating /home/travis/build/icyphy/ptII/ptolemy/actor/lib/test/auto/ArrayUpdate2.xml
5 ms. Memory: 264192K Free: 190832K (72%)
----------------- Invoking toplevel() on ptolemy.moml.MoMLSimpleApplication@51cf46d4
----------------- Done invoking toplevel() on ptolemy.moml.MoMLSimpleApplication@51cf46d4
reloadAllAccessors: .ArrayUpdate2

===========================================================================================
----------------- testing Mon Jan 13 21:12:56 UTC 2020 /home/travis/build/icyphy/ptII/ptolemy/actor/lib/test/auto/ArrayUpdate3.xml
----------------- Instantiating /home/travis/build/icyphy/ptII/ptolemy/actor/lib/test/auto/ArrayUpdate3.xml
2 ms. Memory: 264192K Free: 186226K (70%)
----------------- Invoking toplevel() on ptolemy.moml.MoMLSimpleApplication@bd5c99d
----------------- Done invoking toplevel() on ptolemy.moml.MoMLSimpleApplication@bd5c99d
reloadAllAccessors: .ArrayUpdate3

===========================================================================================
----------------- testing Mon Jan 13 21:12:56 UTC 2020 /home/travis/build/icyphy/ptII/ptolemy/actor/lib/test/auto/Assert1.xml
----------------- Instantiating /home/travis/build/icyphy/ptII/ptolemy/actor/lib/test/auto/Assert1.xml
8 ms. Memory: 264192K Free: 181616K (69%)
----------------- Invoking toplevel() on ptolemy.moml.MoMLSimpleApplication@5ca32a03
----------------- Done invoking toplevel() on ptolemy.moml.MoMLSimpleApplication@5ca32a03
reloadAllAccessors: .Assert1

===========================================================================================
----------------- testing Mon Jan 13 21:12:56 UTC 2020 /home/travis/build/icyphy/ptII/ptolemy/actor/lib/test/auto/Assert2.xml
----------------- Instantiating /home/travis/build/icyphy/ptII/ptolemy/actor/lib/test/auto/Assert2.xml
2 ms. Memory: 264192K Free: 177520K (67%)
----------------- Invoking toplevel() on ptolemy.moml.MoMLSimpleApplication@42e13c0e
----------------- Done invoking toplevel() on ptolemy.moml.MoMLSimpleApplication@42e13c0e
reloadAllAccessors: .Assert2

===========================================================================================
----------------- testing Mon Jan 13 21:12:56 UTC 2020 /home/travis/build/icyphy/ptII/ptolemy/actor/lib/test/auto/BooleanMultiplexor.xml
----------------- Instantiating /home/travis/build/icyphy/ptII/ptolemy/actor/lib/test/auto/BooleanMultiplexor.xml
1 ms. Memory: 264192K Free: 171890K (65%)
----------------- Invoking toplevel() on ptolemy.moml.MoMLSimpleApplication@52266e13
----------------- Done invoking toplevel() on ptolemy.moml.MoMLSimpleApplication@52266e13
reloadAllAccessors: .BooleanMultiplexor

===========================================================================================
----------------- testing Mon Jan 13 21:12:56 UTC 2020 /home/travis/build/icyphy/ptII/ptolemy/actor/lib/test/auto/BooleanMultiplexor2.xml
----------------- Instantiating /home/travis/build/icyphy/ptII/ptolemy/actor/lib/test/auto/BooleanMultiplexor2.xml
11 ms. Memory: 264192K Free: 165746K (63%)
----------------- Invoking toplevel() on ptolemy.moml.MoMLSimpleApplication@696b9867
----------------- Done invoking toplevel() on ptolemy.moml.MoMLSimpleApplication@696b9867
reloadAllAccessors: .BooleanMultiplexor2

===========================================================================================
----------------- testing Mon Jan 13 21:12:56 UTC 2020 /home/travis/build/icyphy/ptII/ptolemy/actor/lib/test/auto/BooleanMultiplexor3.xml
----------------- Instantiating /home/travis/build/icyphy/ptII/ptolemy/actor/lib/test/auto/BooleanMultiplexor3.xml
2 ms. Memory: 264192K Free: 161650K (61%)
----------------- Invoking toplevel() on ptolemy.moml.MoMLSimpleApplication@1cb7ea3b
----------------- Done invoking toplevel() on ptolemy.moml.MoMLSimpleApplication@1cb7ea3b
reloadAllAccessors: .BooleanMultiplexor3

===========================================================================================
----------------- testing Mon Jan 13 21:12:56 UTC 2020 /home/travis/build/icyphy/ptII/ptolemy/actor/lib/test/auto/BooleanSelect.xml
----------------- Instantiating /home/travis/build/icyphy/ptII/ptolemy/actor/lib/test/auto/BooleanSelect.xml
8 ms. Memory: 264192K Free: 156010K (59%)
----------------- Invoking toplevel() on ptolemy.moml.MoMLSimpleApplication@34eab15c
----------------- Done invoking toplevel() on ptolemy.moml.MoMLSimpleApplication@34eab15c
reloadAllAccessors: .BooleanSelect

===========================================================================================
----------------- testing Mon Jan 13 21:12:56 UTC 2020 /home/travis/build/icyphy/ptII/ptolemy/actor/lib/test/auto/BooleanSelect2.xml
----------------- Instantiating /home/travis/build/icyphy/ptII/ptolemy/actor/lib/test/auto/BooleanSelect2.xml
1 ms. Memory: 264192K Free: 151410K (57%)
----------------- Invoking toplevel() on ptolemy.moml.MoMLSimpleApplication@1d39fc60
----------------- Done invoking toplevel() on ptolemy.moml.MoMLSimpleApplication@1d39fc60
reloadAllAccessors: .BooleanSelect2

===========================================================================================
----------------- testing Mon Jan 13 21:12:56 UTC 2020 /home/travis/build/icyphy/ptII/ptolemy/actor/lib/test/auto/BooleanSwitch.xml
----------------- Instantiating /home/travis/build/icyphy/ptII/ptolemy/actor/lib/test/auto/BooleanSwitch.xml
5 ms. Memory: 264192K Free: 145770K (55%)
----------------- Invoking toplevel() on ptolemy.moml.MoMLSimpleApplication@29d53673
----------------- Done invoking toplevel() on ptolemy.moml.MoMLSimpleApplication@29d53673
reloadAllAccessors: .BooleanSwitch

===========================================================================================
----------------- testing Mon Jan 13 21:12:56 UTC 2020 /home/travis/build/icyphy/ptII/ptolemy/actor/lib/test/auto/BooleanSwitch2.xml
----------------- Instantiating /home/travis/build/icyphy/ptII/ptolemy/actor/lib/test/auto/BooleanSwitch2.xml
2 ms. Memory: 264192K Free: 141170K (53%)
----------------- Invoking toplevel() on ptolemy.moml.MoMLSimpleApplication@a0d45af
----------------- Done invoking toplevel() on ptolemy.moml.MoMLSimpleApplication@a0d45af
reloadAllAccessors: .BooleanSwitch2

===========================================================================================
----------------- testing Mon Jan 13 21:12:56 UTC 2020 /home/travis/build/icyphy/ptII/ptolemy/actor/lib/test/auto/BooleanSwitchCloningBugWithClassRelationGroup.xml
----------------- Instantiating /home/travis/build/icyphy/ptII/ptolemy/actor/lib/test/auto/BooleanSwitchCloningBugWithClassRelationGroup.xml
5 ms. Memory: 264192K Free: 135026K (51%)
----------------- Invoking toplevel() on ptolemy.moml.MoMLSimpleApplication@6f58ed8f
----------------- Done invoking toplevel() on ptolemy.moml.MoMLSimpleApplication@6f58ed8f
reloadAllAccessors: .BooleanSwitchCloningBugWithClassRelationGroup

===========================================================================================
----------------- testing Mon Jan 13 21:12:56 UTC 2020 /home/travis/build/icyphy/ptII/ptolemy/actor/lib/test/auto/BusActors.xml
----------------- Instantiating /home/travis/build/icyphy/ptII/ptolemy/actor/lib/test/auto/BusActors.xml
6 ms. Memory: 264192K Free: 127344K (48%)
----------------- Invoking toplevel() on ptolemy.moml.MoMLSimpleApplication@22d7cf52
----------------- Done invoking toplevel() on ptolemy.moml.MoMLSimpleApplication@22d7cf52
reloadAllAccessors: .BusActors

===========================================================================================
----------------- testing Mon Jan 13 21:12:56 UTC 2020 /home/travis/build/icyphy/ptII/ptolemy/actor/lib/test/auto/ClassWrapper.xml
----------------- Instantiating /home/travis/build/icyphy/ptII/ptolemy/actor/lib/test/auto/ClassWrapper.xml
2 ms. Memory: 264192K Free: 123248K (47%)
----------------- Invoking toplevel() on ptolemy.moml.MoMLSimpleApplication@416f09aa
----------------- Done invoking toplevel() on ptolemy.moml.MoMLSimpleApplication@416f09aa
reloadAllAccessors: .ClassWrapper

===========================================================================================
----------------- testing Mon Jan 13 21:12:56 UTC 2020 /home/travis/build/icyphy/ptII/ptolemy/actor/lib/test/auto/Clock.xml
----------------- Instantiating /home/travis/build/icyphy/ptII/ptolemy/actor/lib/test/auto/Clock.xml
4 ms. Memory: 264192K Free: 119152K (45%)
----------------- Invoking toplevel() on ptolemy.moml.MoMLSimpleApplication@8033a80
----------------- Done invoking toplevel() on ptolemy.moml.MoMLSimpleApplication@8033a80
reloadAllAccessors: .Clock

===========================================================================================
----------------- testing Mon Jan 13 21:12:56 UTC 2020 /home/travis/build/icyphy/ptII/ptolemy/actor/lib/test/auto/Clock10.xml
----------------- Instantiating /home/travis/build/icyphy/ptII/ptolemy/actor/lib/test/auto/Clock10.xml
4 ms. Memory: 264192K Free: 113008K (43%)
----------------- Invoking toplevel() on ptolemy.moml.MoMLSimpleApplication@5c41a05a
----------------- Done invoking toplevel() on ptolemy.moml.MoMLSimpleApplication@5c41a05a
reloadAllAccessors: .Clock10

===========================================================================================
----------------- testing Mon Jan 13 21:12:56 UTC 2020 /home/travis/build/icyphy/ptII/ptolemy/actor/lib/test/auto/Clock11.xml
----------------- Instantiating /home/travis/build/icyphy/ptII/ptolemy/actor/lib/test/auto/Clock11.xml
4 ms. Memory: 264192K Free: 107378K (41%)
----------------- Invoking toplevel() on ptolemy.moml.MoMLSimpleApplication@39ffa978
----------------- Done invoking toplevel() on ptolemy.moml.MoMLSimpleApplication@39ffa978
reloadAllAccessors: .Clock11

===========================================================================================
----------------- testing Mon Jan 13 21:12:56 UTC 2020 /home/travis/build/icyphy/ptII/ptolemy/actor/lib/test/auto/Clock12.xml
----------------- Instantiating /home/travis/build/icyphy/ptII/ptolemy/actor/lib/test/auto/Clock12.xml
4 ms. Memory: 264192K Free: 101234K (38%)
----------------- Invoking toplevel() on ptolemy.moml.MoMLSimpleApplication@89855d5
----------------- Done invoking toplevel() on ptolemy.moml.MoMLSimpleApplication@89855d5
reloadAllAccessors: .Clock12

===========================================================================================
----------------- testing Mon Jan 13 21:12:56 UTC 2020 /home/travis/build/icyphy/ptII/ptolemy/actor/lib/test/auto/Clock13.xml
----------------- Instantiating /home/travis/build/icyphy/ptII/ptolemy/actor/lib/test/auto/Clock13.xml
6 ms. Memory: 264192K Free: 95586K (36%)
----------------- Invoking toplevel() on ptolemy.moml.MoMLSimpleApplication@f9c95ea
----------------- Done invoking toplevel() on ptolemy.moml.MoMLSimpleApplication@f9c95ea
reloadAllAccessors: .Clock13

===========================================================================================
----------------- testing Mon Jan 13 21:12:56 UTC 2020 /home/travis/build/icyphy/ptII/ptolemy/actor/lib/test/auto/Clock14.xml
----------------- Instantiating /home/travis/build/icyphy/ptII/ptolemy/actor/lib/test/auto/Clock14.xml
6 ms. Memory: 264192K Free: 89442K (34%)
----------------- Invoking toplevel() on ptolemy.moml.MoMLSimpleApplication@533b544c
----------------- Done invoking toplevel() on ptolemy.moml.MoMLSimpleApplication@533b544c
reloadAllAccessors: .Clock14

===========================================================================================
----------------- testing Mon Jan 13 21:12:56 UTC 2020 /home/travis/build/icyphy/ptII/ptolemy/actor/lib/test/auto/Clock15.xml
----------------- Instantiating /home/travis/build/icyphy/ptII/ptolemy/actor/lib/test/auto/Clock15.xml
3 ms. Memory: 264192K Free: 83826K (32%)
----------------- Invoking toplevel() on ptolemy.moml.MoMLSimpleApplication@67969674
----------------- Done invoking toplevel() on ptolemy.moml.MoMLSimpleApplication@67969674
reloadAllAccessors: .Clock15

===========================================================================================
----------------- testing Mon Jan 13 21:12:56 UTC 2020 /home/travis/build/icyphy/ptII/ptolemy/actor/lib/test/auto/Clock16.xml
----------------- Instantiating /home/travis/build/icyphy/ptII/ptolemy/actor/lib/test/auto/Clock16.xml
31 ms. Memory: 264192K Free: 68962K (26%)
----------------- Invoking toplevel() on ptolemy.moml.MoMLSimpleApplication@17590dbb
----------------- Done invoking toplevel() on ptolemy.moml.MoMLSimpleApplication@17590dbb
reloadAllAccessors: .Clock16

===========================================================================================
----------------- testing Mon Jan 13 21:12:56 UTC 2020 /home/travis/build/icyphy/ptII/ptolemy/actor/lib/test/auto/Clock17.xml
----------------- Instantiating /home/travis/build/icyphy/ptII/ptolemy/actor/lib/test/auto/Clock17.xml
15 ms. Memory: 264192K Free: 210711K (80%)
----------------- Invoking toplevel() on ptolemy.moml.MoMLSimpleApplication@7afc69c7
----------------- Done invoking toplevel() on ptolemy.moml.MoMLSimpleApplication@7afc69c7
reloadAllAccessors: .Clock17

===========================================================================================
----------------- testing Mon Jan 13 21:12:56 UTC 2020 /home/travis/build/icyphy/ptII/ptolemy/actor/lib/test/auto/Clock18.xml
----------------- Instantiating /home/travis/build/icyphy/ptII/ptolemy/actor/lib/test/auto/Clock18.xml
20 ms. Memory: 264192K Free: 197415K (75%)
----------------- Invoking toplevel() on ptolemy.moml.MoMLSimpleApplication@5a6a6556
----------------- Done invoking toplevel() on ptolemy.moml.MoMLSimpleApplication@5a6a6556
reloadAllAccessors: .Clock18

===========================================================================================
----------------- testing Mon Jan 13 21:12:56 UTC 2020 /home/travis/build/icyphy/ptII/ptolemy/actor/lib/test/auto/Clock19.xml
----------------- Instantiating /home/travis/build/icyphy/ptII/ptolemy/actor/lib/test/auto/Clock19.xml
15 ms. Memory: 264192K Free: 184117K (70%)
----------------- Invoking toplevel() on ptolemy.moml.MoMLSimpleApplication@5d906c9c
----------------- Done invoking toplevel() on ptolemy.moml.MoMLSimpleApplication@5d906c9c
reloadAllAccessors: .Clock19

===========================================================================================
----------------- testing Mon Jan 13 21:12:56 UTC 2020 /home/travis/build/icyphy/ptII/ptolemy/actor/lib/test/auto/Clock2.xml
----------------- Instantiating /home/travis/build/icyphy/ptII/ptolemy/actor/lib/test/auto/Clock2.xml
5 ms. Memory: 264192K Free: 180015K (68%)
----------------- Invoking toplevel() on ptolemy.moml.MoMLSimpleApplication@4aefcbe5
----------------- Done invoking toplevel() on ptolemy.moml.MoMLSimpleApplication@4aefcbe5
reloadAllAccessors: .Clock2

===========================================================================================
----------------- testing Mon Jan 13 21:12:56 UTC 2020 /home/travis/build/icyphy/ptII/ptolemy/actor/lib/test/auto/Clock20.xml
----------------- Instantiating /home/travis/build/icyphy/ptII/ptolemy/actor/lib/test/auto/Clock20.xml
9 ms. Memory: 264192K Free: 174391K (66%)
----------------- Invoking toplevel() on ptolemy.moml.MoMLSimpleApplication@44a1bccf
----------------- Done invoking toplevel() on ptolemy.moml.MoMLSimpleApplication@44a1bccf
reloadAllAccessors: .Clock20

===========================================================================================
----------------- testing Mon Jan 13 21:12:56 UTC 2020 /home/travis/build/icyphy/ptII/ptolemy/actor/lib/test/auto/Clock21.xml
----------------- Instantiating /home/travis/build/icyphy/ptII/ptolemy/actor/lib/test/auto/Clock21.xml
2 ms. Memory: 264192K Free: 169271K (64%)
----------------- Invoking toplevel() on ptolemy.moml.MoMLSimpleApplication@30f3166f
----------------- Done invoking toplevel() on ptolemy.moml.MoMLSimpleApplication@30f3166f
reloadAllAccessors: .Clock21

===========================================================================================
----------------- testing Mon Jan 13 21:12:56 UTC 2020 /home/travis/build/icyphy/ptII/ptolemy/actor/lib/test/auto/Clock22.xml
----------------- Instantiating /home/travis/build/icyphy/ptII/ptolemy/actor/lib/test/auto/Clock22.xml
2 ms. Memory: 264192K Free: 163637K (62%)
----------------- Invoking toplevel() on ptolemy.moml.MoMLSimpleApplication@59bed59d
----------------- Done invoking toplevel() on ptolemy.moml.MoMLSimpleApplication@59bed59d
reloadAllAccessors: .Clock22

===========================================================================================
----------------- testing Mon Jan 13 21:12:56 UTC 2020 /home/travis/build/icyphy/ptII/ptolemy/actor/lib/test/auto/Clock23.xml
----------------- Instantiating /home/travis/build/icyphy/ptII/ptolemy/actor/lib/test/auto/Clock23.xml
7 ms. Memory: 264192K Free: 158007K (60%)
----------------- Invoking toplevel() on ptolemy.moml.MoMLSimpleApplication@3043e3da
----------------- Done invoking toplevel() on ptolemy.moml.MoMLSimpleApplication@3043e3da
reloadAllAccessors: .Clock23

===========================================================================================
----------------- testing Mon Jan 13 21:12:56 UTC 2020 /home/travis/build/icyphy/ptII/ptolemy/actor/lib/test/auto/Clock24.xml
----------------- Instantiating /home/travis/build/icyphy/ptII/ptolemy/actor/lib/test/auto/Clock24.xml
2 ms. Memory: 264192K Free: 152887K (58%)
----------------- Invoking toplevel() on ptolemy.moml.MoMLSimpleApplication@52b4d4a3
----------------- Done invoking toplevel() on ptolemy.moml.MoMLSimpleApplication@52b4d4a3
reloadAllAccessors: .Clock24

===========================================================================================
----------------- testing Mon Jan 13 21:12:56 UTC 2020 /home/travis/build/icyphy/ptII/ptolemy/actor/lib/test/auto/Clock4.xml
----------------- Instantiating /home/travis/build/icyphy/ptII/ptolemy/actor/lib/test/auto/Clock4.xml
2 ms. Memory: 264192K Free: 147767K (56%)
----------------- Invoking toplevel() on ptolemy.moml.MoMLSimpleApplication@4fdbf4d9
----------------- Done invoking toplevel() on ptolemy.moml.MoMLSimpleApplication@4fdbf4d9
reloadAllAccessors: .Clock4

===========================================================================================
----------------- testing Mon Jan 13 21:12:56 UTC 2020 /home/travis/build/icyphy/ptII/ptolemy/actor/lib/test/auto/Clock5.xml
----------------- Instantiating /home/travis/build/icyphy/ptII/ptolemy/actor/lib/test/auto/Clock5.xml
2 ms. Memory: 264192K Free: 142647K (54%)
----------------- Invoking toplevel() on ptolemy.moml.MoMLSimpleApplication@36c156bb
----------------- Done invoking toplevel() on ptolemy.moml.MoMLSimpleApplication@36c156bb
reloadAllAccessors: .Clock5

===========================================================================================
----------------- testing Mon Jan 13 21:12:56 UTC 2020 /home/travis/build/icyphy/ptII/ptolemy/actor/lib/test/auto/Clock6.xml
----------------- Instantiating /home/travis/build/icyphy/ptII/ptolemy/actor/lib/test/auto/Clock6.xml
2 ms. Memory: 264192K Free: 138551K (52%)
----------------- Invoking toplevel() on ptolemy.moml.MoMLSimpleApplication@1c5ba2c1
----------------- Done invoking toplevel() on ptolemy.moml.MoMLSimpleApplication@1c5ba2c1
reloadAllAccessors: .Clock6

===========================================================================================
----------------- testing Mon Jan 13 21:12:57 UTC 2020 /home/travis/build/icyphy/ptII/ptolemy/actor/lib/test/auto/Clock7.xml
----------------- Instantiating /home/travis/build/icyphy/ptII/ptolemy/actor/lib/test/auto/Clock7.xml
2 ms. Memory: 264192K Free: 134453K (51%)
----------------- Invoking toplevel() on ptolemy.moml.MoMLSimpleApplication@4c59c107
----------------- Done invoking toplevel() on ptolemy.moml.MoMLSimpleApplication@4c59c107
reloadAllAccessors: .Clock7

===========================================================================================
----------------- testing Mon Jan 13 21:12:57 UTC 2020 /home/travis/build/icyphy/ptII/ptolemy/actor/lib/test/auto/Clock8.xml
----------------- Instantiating /home/travis/build/icyphy/ptII/ptolemy/actor/lib/test/auto/Clock8.xml
2 ms. Memory: 264192K Free: 128791K (49%)
----------------- Invoking toplevel() on ptolemy.moml.MoMLSimpleApplication@166cd888
----------------- Done invoking toplevel() on ptolemy.moml.MoMLSimpleApplication@166cd888
reloadAllAccessors: .Clock8

===========================================================================================
----------------- testing Mon Jan 13 21:12:57 UTC 2020 /home/travis/build/icyphy/ptII/ptolemy/actor/lib/test/auto/Clock9.xml
----------------- Instantiating /home/travis/build/icyphy/ptII/ptolemy/actor/lib/test/auto/Clock9.xml
3 ms. Memory: 264192K Free: 123191K (47%)
----------------- Invoking toplevel() on ptolemy.moml.MoMLSimpleApplication@21030f4b
----------------- Done invoking toplevel() on ptolemy.moml.MoMLSimpleApplication@21030f4b
reloadAllAccessors: .Clock9

===========================================================================================
----------------- testing Mon Jan 13 21:12:57 UTC 2020 /home/travis/build/icyphy/ptII/ptolemy/actor/lib/test/auto/CommDistDiscard.xml
----------------- Instantiating /home/travis/build/icyphy/ptII/ptolemy/actor/lib/test/auto/CommDistDiscard.xml
4 ms. Memory: 264192K Free: 118071K (45%)
----------------- Invoking toplevel() on ptolemy.moml.MoMLSimpleApplication@35737429
----------------- Done invoking toplevel() on ptolemy.moml.MoMLSimpleApplication@35737429
reloadAllAccessors: .CommDistDiscard

===========================================================================================
----------------- testing Mon Jan 13 21:12:57 UTC 2020 /home/travis/build/icyphy/ptII/ptolemy/actor/lib/test/auto/Commutator.xml
----------------- Instantiating /home/travis/build/icyphy/ptII/ptolemy/actor/lib/test/auto/Commutator.xml
4 ms. Memory: 264192K Free: 113461K (43%)
----------------- Invoking toplevel() on ptolemy.moml.MoMLSimpleApplication@32147e40
----------------- Done invoking toplevel() on ptolemy.moml.MoMLSimpleApplication@32147e40
reloadAllAccessors: .Commutator

===========================================================================================
----------------- testing Mon Jan 13 21:12:57 UTC 2020 /home/travis/build/icyphy/ptII/ptolemy/actor/lib/test/auto/Commutator2.xml
----------------- Instantiating /home/travis/build/icyphy/ptII/ptolemy/actor/lib/test/auto/Commutator2.xml
2 ms. Memory: 264192K Free: 109365K (41%)
----------------- Invoking toplevel() on ptolemy.moml.MoMLSimpleApplication@1e4c368e
----------------- Done invoking toplevel() on ptolemy.moml.MoMLSimpleApplication@1e4c368e
reloadAllAccessors: .Commutator2

===========================================================================================
----------------- testing Mon Jan 13 21:12:57 UTC 2020 /home/travis/build/icyphy/ptII/ptolemy/actor/lib/test/auto/Commutator3.xml
----------------- Instantiating /home/travis/build/icyphy/ptII/ptolemy/actor/lib/test/auto/Commutator3.xml
2 ms. Memory: 264192K Free: 104759K (40%)
----------------- Invoking toplevel() on ptolemy.moml.MoMLSimpleApplication@71f4d4eb
----------------- Done invoking toplevel() on ptolemy.moml.MoMLSimpleApplication@71f4d4eb
reloadAllAccessors: .Commutator3

===========================================================================================
----------------- testing Mon Jan 13 21:12:57 UTC 2020 /home/travis/build/icyphy/ptII/ptolemy/actor/lib/test/auto/Compare.xml
----------------- Instantiating /home/travis/build/icyphy/ptII/ptolemy/actor/lib/test/auto/Compare.xml
2 ms. Memory: 264192K Free: 98615K (37%)
----------------- Invoking toplevel() on ptolemy.moml.MoMLSimpleApplication@45649849
----------------- Done invoking toplevel() on ptolemy.moml.MoMLSimpleApplication@45649849
reloadAllAccessors: .Compare

===========================================================================================
----------------- testing Mon Jan 13 21:12:57 UTC 2020 /home/travis/build/icyphy/ptII/ptolemy/actor/lib/test/auto/CompareDE.xml
----------------- Instantiating /home/travis/build/icyphy/ptII/ptolemy/actor/lib/test/auto/CompareDE.xml
3 ms. Memory: 264192K Free: 91447K (35%)
----------------- Invoking toplevel() on ptolemy.moml.MoMLSimpleApplication@20939820
----------------- Done invoking toplevel() on ptolemy.moml.MoMLSimpleApplication@20939820
reloadAllAccessors: .CompareDE

===========================================================================================
----------------- testing Mon Jan 13 21:12:57 UTC 2020 /home/travis/build/icyphy/ptII/ptolemy/actor/lib/test/auto/ComplexDivide.xml
----------------- Instantiating /home/travis/build/icyphy/ptII/ptolemy/actor/lib/test/auto/ComplexDivide.xml
6 ms. Memory: 264192K Free: 87351K (33%)
----------------- Invoking toplevel() on ptolemy.moml.MoMLSimpleApplication@54861559
----------------- Done invoking toplevel() on ptolemy.moml.MoMLSimpleApplication@54861559
reloadAllAccessors: .ComplexDivide

===========================================================================================
----------------- testing Mon Jan 13 21:12:57 UTC 2020 /home/travis/build/icyphy/ptII/ptolemy/actor/lib/test/auto/ComputeHistogram.xml
----------------- Instantiating /home/travis/build/icyphy/ptII/ptolemy/actor/lib/test/auto/ComputeHistogram.xml
32 ms. Memory: 264192K Free: 75063K (28%)
----------------- Invoking toplevel() on ptolemy.moml.MoMLSimpleApplication@6706f1fb
----------------- Done invoking toplevel() on ptolemy.moml.MoMLSimpleApplication@6706f1fb
reloadAllAccessors: .ComputeHistogram

===========================================================================================
----------------- testing Mon Jan 13 21:12:57 UTC 2020 /home/travis/build/icyphy/ptII/ptolemy/actor/lib/test/auto/ConfigurationSelect.xml
----------------- Instantiating /home/travis/build/icyphy/ptII/ptolemy/actor/lib/test/auto/ConfigurationSelect.xml
9 ms. Memory: 264192K Free: 68919K (26%)
----------------- Invoking toplevel() on ptolemy.moml.MoMLSimpleApplication@35fbb7b4
----------------- Done invoking toplevel() on ptolemy.moml.MoMLSimpleApplication@35fbb7b4
reloadAllAccessors: .ConfigurationSelect

===========================================================================================
----------------- testing Mon Jan 13 21:12:57 UTC 2020 /home/travis/build/icyphy/ptII/ptolemy/actor/lib/test/auto/ConfigurationSelect2.xml
----------------- Instantiating /home/travis/build/icyphy/ptII/ptolemy/actor/lib/test/auto/ConfigurationSelect2.xml
3 ms. Memory: 264192K Free: 64823K (25%)
----------------- Invoking toplevel() on ptolemy.moml.MoMLSimpleApplication@53d2756c
----------------- Done invoking toplevel() on ptolemy.moml.MoMLSimpleApplication@53d2756c
reloadAllAccessors: .ConfigurationSelect2

===========================================================================================
----------------- testing Mon Jan 13 21:12:57 UTC 2020 /home/travis/build/icyphy/ptII/ptolemy/actor/lib/test/auto/ConfigurationSwitch.xml
----------------- Instantiating /home/travis/build/icyphy/ptII/ptolemy/actor/lib/test/auto/ConfigurationSwitch.xml
22 ms. Memory: 447488K Free: 397982K (89%)
----------------- Invoking toplevel() on ptolemy.moml.MoMLSimpleApplication@f0cfabb
----------------- Done invoking toplevel() on ptolemy.moml.MoMLSimpleApplication@f0cfabb
reloadAllAccessors: .ConfigurationSwitch

===========================================================================================
----------------- testing Mon Jan 13 21:12:57 UTC 2020 /home/travis/build/icyphy/ptII/ptolemy/actor/lib/test/auto/ConfigurationSwitch2.xml
----------------- Instantiating /home/travis/build/icyphy/ptII/ptolemy/actor/lib/test/auto/ConfigurationSwitch2.xml
4 ms. Memory: 447488K Free: 391705K (88%)
----------------- Invoking toplevel() on ptolemy.moml.MoMLSimpleApplication@50264ee0
----------------- Done invoking toplevel() on ptolemy.moml.MoMLSimpleApplication@50264ee0
reloadAllAccessors: .ConfigurationSwitch2

===========================================================================================
----------------- testing Mon Jan 13 21:12:57 UTC 2020 /home/travis/build/icyphy/ptII/ptolemy/actor/lib/test/auto/ConfigurationSwitchCloningBugWithClassRelationGroup.xml
----------------- Instantiating /home/travis/build/icyphy/ptII/ptolemy/actor/lib/test/auto/ConfigurationSwitchCloningBugWithClassRelationGroup.xml
2 ms. Memory: 447488K Free: 385561K (86%)
----------------- Invoking toplevel() on ptolemy.moml.MoMLSimpleApplication@567a4f6d
----------------- Done invoking toplevel() on ptolemy.moml.MoMLSimpleApplication@567a4f6d
reloadAllAccessors: .ConfigurationSwitchCloningBugWithClassRelationGroup

===========================================================================================
----------------- testing Mon Jan 13 21:12:57 UTC 2020 /home/travis/build/icyphy/ptII/ptolemy/actor/lib/test/auto/ConfigurationSwitchSelectSDF.xml
----------------- Instantiating /home/travis/build/icyphy/ptII/ptolemy/actor/lib/test/auto/ConfigurationSwitchSelectSDF.xml
3 ms. Memory: 447488K Free: 379931K (85%)
----------------- Invoking toplevel() on ptolemy.moml.MoMLSimpleApplication@47d18ed3
----------------- Done invoking toplevel() on ptolemy.moml.MoMLSimpleApplication@47d18ed3
reloadAllAccessors: .ConfigurationSwitchSelectSDF

===========================================================================================
----------------- testing Mon Jan 13 21:12:57 UTC 2020 /home/travis/build/icyphy/ptII/ptolemy/actor/lib/test/auto/ConfigurationSwitchSelectSDF2.xml
----------------- Instantiating /home/travis/build/icyphy/ptII/ptolemy/actor/lib/test/auto/ConfigurationSwitchSelectSDF2.xml
2 ms. Memory: 447488K Free: 374811K (84%)
----------------- Invoking toplevel() on ptolemy.moml.MoMLSimpleApplication@1c557e00
----------------- Done invoking toplevel() on ptolemy.moml.MoMLSimpleApplication@1c557e00
reloadAllAccessors: .ConfigurationSwitchSelectSDF2

===========================================================================================
----------------- testing Mon Jan 13 21:12:57 UTC 2020 /home/travis/build/icyphy/ptII/ptolemy/actor/lib/test/auto/Const.xml
----------------- Instantiating /home/travis/build/icyphy/ptII/ptolemy/actor/lib/test/auto/Const.xml
1 ms. Memory: 447488K Free: 371225K (83%)
----------------- Invoking toplevel() on ptolemy.moml.MoMLSimpleApplication@423aa7cd
----------------- Done invoking toplevel() on ptolemy.moml.MoMLSimpleApplication@423aa7cd
reloadAllAccessors: .Const

===========================================================================================
----------------- testing Mon Jan 13 21:12:57 UTC 2020 /home/travis/build/icyphy/ptII/ptolemy/actor/lib/test/auto/Const2.xml
----------------- Instantiating /home/travis/build/icyphy/ptII/ptolemy/actor/lib/test/auto/Const2.xml
1 ms. Memory: 447488K Free: 367129K (82%)
----------------- Invoking toplevel() on ptolemy.moml.MoMLSimpleApplication@1158887a
----------------- Done invoking toplevel() on ptolemy.moml.MoMLSimpleApplication@1158887a
reloadAllAccessors: .Const2

===========================================================================================
----------------- testing Mon Jan 13 21:12:57 UTC 2020 /home/travis/build/icyphy/ptII/ptolemy/actor/lib/test/auto/Const3.xml
----------------- Instantiating /home/travis/build/icyphy/ptII/ptolemy/actor/lib/test/auto/Const3.xml
1 ms. Memory: 447488K Free: 364571K (81%)
----------------- Invoking toplevel() on ptolemy.moml.MoMLSimpleApplication@56272c72
----------------- Done invoking toplevel() on ptolemy.moml.MoMLSimpleApplication@56272c72
reloadAllAccessors: .Const3

===========================================================================================
----------------- testing Mon Jan 13 21:12:57 UTC 2020 /home/travis/build/icyphy/ptII/ptolemy/actor/lib/test/auto/ConstantPublisherPort1.xml
----------------- Instantiating /home/travis/build/icyphy/ptII/ptolemy/actor/lib/test/auto/ConstantPublisherPort1.xml
7 ms. Memory: 447488K Free: 355865K (80%)
----------------- Invoking toplevel() on ptolemy.moml.MoMLSimpleApplication@28813ff5
----------------- Done invoking toplevel() on ptolemy.moml.MoMLSimpleApplication@28813ff5
reloadAllAccessors: .ConstantPublisherPort1

===========================================================================================
----------------- testing Mon Jan 13 21:12:57 UTC 2020 /home/travis/build/icyphy/ptII/ptolemy/actor/lib/test/auto/ConstantPublisherPort2.xml
----------------- Instantiating /home/travis/build/icyphy/ptII/ptolemy/actor/lib/test/auto/ConstantPublisherPort2.xml
9 ms. Memory: 447488K Free: 348187K (78%)
----------------- Invoking toplevel() on ptolemy.moml.MoMLSimpleApplication@6f4067b
----------------- Done invoking toplevel() on ptolemy.moml.MoMLSimpleApplication@6f4067b
reloadAllAccessors: .ConstantPublisherPort2

===========================================================================================
----------------- testing Mon Jan 13 21:12:57 UTC 2020 /home/travis/build/icyphy/ptII/ptolemy/actor/lib/test/auto/ConstantPublisherPort3.xml
----------------- Instantiating /home/travis/build/icyphy/ptII/ptolemy/actor/lib/test/auto/ConstantPublisherPort3.xml
5 ms. Memory: 447488K Free: 341019K (76%)
----------------- Invoking toplevel() on ptolemy.moml.MoMLSimpleApplication@276147df
----------------- Done invoking toplevel() on ptolemy.moml.MoMLSimpleApplication@276147df
reloadAllAccessors: .ConstantPublisherPort3

===========================================================================================
----------------- testing Mon Jan 13 21:12:57 UTC 2020 /home/travis/build/icyphy/ptII/ptolemy/actor/lib/test/auto/ConstantPublisherPort4.xml
----------------- Instantiating /home/travis/build/icyphy/ptII/ptolemy/actor/lib/test/auto/ConstantPublisherPort4.xml
3 ms. Memory: 447488K Free: 333851K (75%)
----------------- Invoking toplevel() on ptolemy.moml.MoMLSimpleApplication@6e2480fb
----------------- Done invoking toplevel() on ptolemy.moml.MoMLSimpleApplication@6e2480fb
reloadAllAccessors: .ConstantPublisherPort4

===========================================================================================
----------------- testing Mon Jan 13 21:12:57 UTC 2020 /home/travis/build/icyphy/ptII/ptolemy/actor/lib/test/auto/ConstantPublisherPort5.xml
----------------- Instantiating /home/travis/build/icyphy/ptII/ptolemy/actor/lib/test/auto/ConstantPublisherPort5.xml
33 ms. Memory: 447488K Free: 324635K (73%)
----------------- Invoking toplevel() on ptolemy.moml.MoMLSimpleApplication@57e2189d
----------------- Done invoking toplevel() on ptolemy.moml.MoMLSimpleApplication@57e2189d
reloadAllAccessors: .ConstantPublisherPort5

===========================================================================================
----------------- testing Mon Jan 13 21:12:57 UTC 2020 /home/travis/build/icyphy/ptII/ptolemy/actor/lib/test/auto/ConstantPublisherPort6.xml
----------------- Instantiating /home/travis/build/icyphy/ptII/ptolemy/actor/lib/test/auto/ConstantPublisherPort6.xml
13 ms. Memory: 447488K Free: 315419K (70%)
----------------- Invoking toplevel() on ptolemy.moml.MoMLSimpleApplication@3e98a21e
----------------- Done invoking toplevel() on ptolemy.moml.MoMLSimpleApplication@3e98a21e
reloadAllAccessors: .ConstantPublisherPort6

===========================================================================================
----------------- testing Mon Jan 13 21:12:57 UTC 2020 /home/travis/build/icyphy/ptII/ptolemy/actor/lib/test/auto/ConstantPublisherPort7.xml
----------------- Instantiating /home/travis/build/icyphy/ptII/ptolemy/actor/lib/test/auto/ConstantPublisherPort7.xml
14 ms. Memory: 447488K Free: 306203K (68%)
----------------- Invoking toplevel() on ptolemy.moml.MoMLSimpleApplication@77a76352
----------------- Done invoking toplevel() on ptolemy.moml.MoMLSimpleApplication@77a76352
reloadAllAccessors: .ConstantPublisherPort7

===========================================================================================
----------------- testing Mon Jan 13 21:12:57 UTC 2020 /home/travis/build/icyphy/ptII/ptolemy/actor/lib/test/auto/ConstraintMonitor1.xml
----------------- Instantiating /home/travis/build/icyphy/ptII/ptolemy/actor/lib/test/auto/ConstraintMonitor1.xml
3 ms. Memory: 447488K Free: 301593K (67%)
----------------- Invoking toplevel() on ptolemy.moml.MoMLSimpleApplication@5509b93c
----------------- Done invoking toplevel() on ptolemy.moml.MoMLSimpleApplication@5509b93c
reloadAllAccessors: .ConstraintMonitor1

===========================================================================================
----------------- testing Mon Jan 13 21:12:57 UTC 2020 /home/travis/build/icyphy/ptII/ptolemy/actor/lib/test/auto/ConstraintMonitor2.xml
----------------- Instantiating /home/travis/build/icyphy/ptII/ptolemy/actor/lib/test/auto/ConstraintMonitor2.xml
5 ms. Memory: 447488K Free: 296987K (66%)
----------------- Invoking toplevel() on ptolemy.moml.MoMLSimpleApplication@331130f9
----------------- Done invoking toplevel() on ptolemy.moml.MoMLSimpleApplication@331130f9
reloadAllAccessors: .ConstraintMonitor2

===========================================================================================
----------------- testing Mon Jan 13 21:12:57 UTC 2020 /home/travis/build/icyphy/ptII/ptolemy/actor/lib/test/auto/ConstraintMonitor3.xml
----------------- Instantiating /home/travis/build/icyphy/ptII/ptolemy/actor/lib/test/auto/ConstraintMonitor3.xml
5 ms. Memory: 447488K Free: 292377K (65%)
----------------- Invoking toplevel() on ptolemy.moml.MoMLSimpleApplication@65d0a5b5
----------------- Done invoking toplevel() on ptolemy.moml.MoMLSimpleApplication@65d0a5b5
reloadAllAccessors: .ConstraintMonitor3

===========================================================================================
----------------- testing Mon Jan 13 21:12:57 UTC 2020 /home/travis/build/icyphy/ptII/ptolemy/actor/lib/test/auto/ConstraintMonitor4.xml
----------------- Instantiating /home/travis/build/icyphy/ptII/ptolemy/actor/lib/test/auto/ConstraintMonitor4.xml
5 ms. Memory: 447488K Free: 287771K (64%)
----------------- Invoking toplevel() on ptolemy.moml.MoMLSimpleApplication@639ba38c
----------------- Done invoking toplevel() on ptolemy.moml.MoMLSimpleApplication@639ba38c
reloadAllAccessors: .ConstraintMonitor4

===========================================================================================
----------------- testing Mon Jan 13 21:12:57 UTC 2020 /home/travis/build/icyphy/ptII/ptolemy/actor/lib/test/auto/ConstraintMonitor5.xml
----------------- Instantiating /home/travis/build/icyphy/ptII/ptolemy/actor/lib/test/auto/ConstraintMonitor5.xml
1 ms. Memory: 447488K Free: 282651K (63%)
----------------- Invoking toplevel() on ptolemy.moml.MoMLSimpleApplication@550e0252
----------------- Done invoking toplevel() on ptolemy.moml.MoMLSimpleApplication@550e0252
reloadAllAccessors: .ConstraintMonitor5

===========================================================================================
----------------- testing Mon Jan 13 21:12:57 UTC 2020 /home/travis/build/icyphy/ptII/ptolemy/actor/lib/test/auto/ConstraintMonitor6.xml
----------------- Instantiating /home/travis/build/icyphy/ptII/ptolemy/actor/lib/test/auto/ConstraintMonitor6.xml
6 ms. Memory: 447488K Free: 276507K (62%)
----------------- Invoking toplevel() on ptolemy.moml.MoMLSimpleApplication@48b3826a
----------------- Done invoking toplevel() on ptolemy.moml.MoMLSimpleApplication@48b3826a
reloadAllAccessors: .ConstraintMonitor6

===========================================================================================
----------------- testing Mon Jan 13 21:12:57 UTC 2020 /home/travis/build/icyphy/ptII/ptolemy/actor/lib/test/auto/ConstraintMonitor7.xml
----------------- Instantiating /home/travis/build/icyphy/ptII/ptolemy/actor/lib/test/auto/ConstraintMonitor7.xml
4 ms. Memory: 447488K Free: 270363K (60%)
----------------- Invoking toplevel() on ptolemy.moml.MoMLSimpleApplication@4b33c80d
----------------- Done invoking toplevel() on ptolemy.moml.MoMLSimpleApplication@4b33c80d
reloadAllAccessors: .ConstraintMonitor7

===========================================================================================
----------------- testing Mon Jan 13 21:12:57 UTC 2020 /home/travis/build/icyphy/ptII/ptolemy/actor/lib/test/auto/ConstraintMonitor8.xml
----------------- Instantiating /home/travis/build/icyphy/ptII/ptolemy/actor/lib/test/auto/ConstraintMonitor8.xml
7 ms. Memory: 447488K Free: 262681K (59%)
----------------- Invoking toplevel() on ptolemy.moml.MoMLSimpleApplication@5020356f
----------------- Done invoking toplevel() on ptolemy.moml.MoMLSimpleApplication@5020356f
reloadAllAccessors: .ConstraintMonitor8

===========================================================================================
----------------- testing Mon Jan 13 21:12:57 UTC 2020 /home/travis/build/icyphy/ptII/ptolemy/actor/lib/test/auto/Counter.xml
----------------- Instantiating /home/travis/build/icyphy/ptII/ptolemy/actor/lib/test/auto/Counter.xml
2 ms. Memory: 447488K Free: 258075K (58%)
----------------- Invoking toplevel() on ptolemy.moml.MoMLSimpleApplication@769297c5
----------------- Done invoking toplevel() on ptolemy.moml.MoMLSimpleApplication@769297c5
reloadAllAccessors: .Counter

===========================================================================================
----------------- testing Mon Jan 13 21:12:57 UTC 2020 /home/travis/build/icyphy/ptII/ptolemy/actor/lib/test/auto/CurrentTimeSDF.xml
----------------- Instantiating /home/travis/build/icyphy/ptII/ptolemy/actor/lib/test/auto/CurrentTimeSDF.xml
2 ms. Memory: 447488K Free: 253979K (57%)
----------------- Invoking toplevel() on ptolemy.moml.MoMLSimpleApplication@40bfdcc0
----------------- Done invoking toplevel() on ptolemy.moml.MoMLSimpleApplication@40bfdcc0
reloadAllAccessors: .CurrentTimeSDF

===========================================================================================
----------------- testing Mon Jan 13 21:12:57 UTC 2020 /home/travis/build/icyphy/ptII/ptolemy/actor/lib/test/auto/DB.xml
----------------- Instantiating /home/travis/build/icyphy/ptII/ptolemy/actor/lib/test/auto/DB.xml
2 ms. Memory: 447488K Free: 248859K (56%)
----------------- Invoking toplevel() on ptolemy.moml.MoMLSimpleApplication@6e90a714
----------------- Done invoking toplevel() on ptolemy.moml.MoMLSimpleApplication@6e90a714
reloadAllAccessors: .DB

===========================================================================================
----------------- testing Mon Jan 13 21:12:57 UTC 2020 /home/travis/build/icyphy/ptII/ptolemy/actor/lib/test/auto/DBDE.xml
----------------- Instantiating /home/travis/build/icyphy/ptII/ptolemy/actor/lib/test/auto/DBDE.xml
2 ms. Memory: 447488K Free: 243211K (54%)
----------------- Invoking toplevel() on ptolemy.moml.MoMLSimpleApplication@57ea220c
----------------- Done invoking toplevel() on ptolemy.moml.MoMLSimpleApplication@57ea220c
reloadAllAccessors: .DBDE

===========================================================================================
----------------- testing Mon Jan 13 21:12:57 UTC 2020 /home/travis/build/icyphy/ptII/ptolemy/actor/lib/test/auto/DateConstructor.xml
----------------- Instantiating /home/travis/build/icyphy/ptII/ptolemy/actor/lib/test/auto/DateConstructor.xml
28 ms. Memory: 447488K Free: 225817K (50%)
----------------- Invoking toplevel() on ptolemy.moml.MoMLSimpleApplication@4a4f2000
----------------- Done invoking toplevel() on ptolemy.moml.MoMLSimpleApplication@4a4f2000
reloadAllAccessors: .DateConstructor

===========================================================================================
----------------- testing Mon Jan 13 21:12:58 UTC 2020 /home/travis/build/icyphy/ptII/ptolemy/actor/lib/test/auto/DelayTime.xml
----------------- Instantiating /home/travis/build/icyphy/ptII/ptolemy/actor/lib/test/auto/DelayTime.xml
7 ms. Memory: 447488K Free: 220697K (49%)
----------------- Invoking toplevel() on ptolemy.moml.MoMLSimpleApplication@392fd774
----------------- Done invoking toplevel() on ptolemy.moml.MoMLSimpleApplication@392fd774
reloadAllAccessors: .DelayTime

===========================================================================================
----------------- testing Mon Jan 13 21:12:58 UTC 2020 /home/travis/build/icyphy/ptII/ptolemy/actor/lib/test/auto/Dictionary1.xml
----------------- Instantiating /home/travis/build/icyphy/ptII/ptolemy/actor/lib/test/auto/Dictionary1.xml
10 ms. Memory: 447488K Free: 215067K (48%)
----------------- Invoking toplevel() on ptolemy.moml.MoMLSimpleApplication@2bd3bf9c
----------------- Done invoking toplevel() on ptolemy.moml.MoMLSimpleApplication@2bd3bf9c
reloadAllAccessors: .Dictionary1

===========================================================================================
----------------- testing Mon Jan 13 21:12:58 UTC 2020 /home/travis/build/icyphy/ptII/ptolemy/actor/lib/test/auto/Dictionary2.xml
----------------- Instantiating /home/travis/build/icyphy/ptII/ptolemy/actor/lib/test/auto/Dictionary2.xml
4 ms. Memory: 447488K Free: 209947K (47%)
----------------- Invoking toplevel() on ptolemy.moml.MoMLSimpleApplication@445e0fdf
----------------- Done invoking toplevel() on ptolemy.moml.MoMLSimpleApplication@445e0fdf
reloadAllAccessors: .Dictionary2

===========================================================================================
----------------- testing Mon Jan 13 21:12:58 UTC 2020 /home/travis/build/icyphy/ptII/ptolemy/actor/lib/test/auto/Dictionary3.xml
----------------- Instantiating /home/travis/build/icyphy/ptII/ptolemy/actor/lib/test/auto/Dictionary3.xml
1 ms. Memory: 447488K Free: 204313K (46%)
----------------- Invoking toplevel() on ptolemy.moml.MoMLSimpleApplication@6ff263dd
----------------- Done invoking toplevel() on ptolemy.moml.MoMLSimpleApplication@6ff263dd
reloadAllAccessors: .Dictionary3

===========================================================================================
----------------- testing Mon Jan 13 21:12:58 UTC 2020 /home/travis/build/icyphy/ptII/ptolemy/actor/lib/test/auto/Dictionary4.xml
----------------- Instantiating /home/travis/build/icyphy/ptII/ptolemy/actor/lib/test/auto/Dictionary4.xml
3 ms. Memory: 447488K Free: 197145K (44%)
----------------- Invoking toplevel() on ptolemy.moml.MoMLSimpleApplication@522b6a48
----------------- Done invoking toplevel() on ptolemy.moml.MoMLSimpleApplication@522b6a48
reloadAllAccessors: .Dictionary4

===========================================================================================
----------------- testing Mon Jan 13 21:12:58 UTC 2020 /home/travis/build/icyphy/ptII/ptolemy/actor/lib/test/auto/Differential.xml
----------------- Instantiating /home/travis/build/icyphy/ptII/ptolemy/actor/lib/test/auto/Differential.xml
2 ms. Memory: 447488K Free: 193049K (43%)
----------------- Invoking toplevel() on ptolemy.moml.MoMLSimpleApplication@23c64ff9
----------------- Done invoking toplevel() on ptolemy.moml.MoMLSimpleApplication@23c64ff9
reloadAllAccessors: .Differential

===========================================================================================
----------------- testing Mon Jan 13 21:12:58 UTC 2020 /home/travis/build/icyphy/ptII/ptolemy/actor/lib/test/auto/Director.xml
----------------- Instantiating /home/travis/build/icyphy/ptII/ptolemy/actor/lib/test/auto/Director.xml
3 ms. Memory: 447488K Free: 189467K (42%)
----------------- Invoking toplevel() on ptolemy.moml.MoMLSimpleApplication@3d7b8586
----------------- Done invoking toplevel() on ptolemy.moml.MoMLSimpleApplication@3d7b8586
reloadAllAccessors: .Director

===========================================================================================
----------------- testing Mon Jan 13 21:12:58 UTC 2020 /home/travis/build/icyphy/ptII/ptolemy/actor/lib/test/auto/DiscreteClock.xml
----------------- Instantiating /home/travis/build/icyphy/ptII/ptolemy/actor/lib/test/auto/DiscreteClock.xml
1 ms. Memory: 447488K Free: 185371K (41%)
----------------- Invoking toplevel() on ptolemy.moml.MoMLSimpleApplication@2ae15155
----------------- Done invoking toplevel() on ptolemy.moml.MoMLSimpleApplication@2ae15155
reloadAllAccessors: .DiscreteClock

===========================================================================================
----------------- testing Mon Jan 13 21:12:58 UTC 2020 /home/travis/build/icyphy/ptII/ptolemy/actor/lib/test/auto/DiscreteClock10.xml
----------------- Instantiating /home/travis/build/icyphy/ptII/ptolemy/actor/lib/test/auto/DiscreteClock10.xml
4 ms. Memory: 447488K Free: 179227K (40%)
----------------- Invoking toplevel() on ptolemy.moml.MoMLSimpleApplication@cd1cc03
----------------- Done invoking toplevel() on ptolemy.moml.MoMLSimpleApplication@cd1cc03
reloadAllAccessors: .DiscreteClock10

===========================================================================================
----------------- testing Mon Jan 13 21:12:58 UTC 2020 /home/travis/build/icyphy/ptII/ptolemy/actor/lib/test/auto/DiscreteClock11.xml
----------------- Instantiating /home/travis/build/icyphy/ptII/ptolemy/actor/lib/test/auto/DiscreteClock11.xml
1 ms. Memory: 447488K Free: 173593K (39%)
----------------- Invoking toplevel() on ptolemy.moml.MoMLSimpleApplication@1a11584
----------------- Done invoking toplevel() on ptolemy.moml.MoMLSimpleApplication@1a11584
reloadAllAccessors: .DiscreteClock11

===========================================================================================
----------------- testing Mon Jan 13 21:12:58 UTC 2020 /home/travis/build/icyphy/ptII/ptolemy/actor/lib/test/auto/DiscreteClock12.xml
----------------- Instantiating /home/travis/build/icyphy/ptII/ptolemy/actor/lib/test/auto/DiscreteClock12.xml
4 ms. Memory: 447488K Free: 393685K (88%)
----------------- Invoking toplevel() on ptolemy.moml.MoMLSimpleApplication@490e56d4
----------------- Done invoking toplevel() on ptolemy.moml.MoMLSimpleApplication@490e56d4
reloadAllAccessors: .DiscreteClock12

===========================================================================================
----------------- testing Mon Jan 13 21:12:58 UTC 2020 /home/travis/build/icyphy/ptII/ptolemy/actor/lib/test/auto/DiscreteClock13.xml
----------------- Instantiating /home/travis/build/icyphy/ptII/ptolemy/actor/lib/test/auto/DiscreteClock13.xml
4 ms. Memory: 447488K Free: 387527K (87%)
----------------- Invoking toplevel() on ptolemy.moml.MoMLSimpleApplication@2f46f165
----------------- Done invoking toplevel() on ptolemy.moml.MoMLSimpleApplication@2f46f165
reloadAllAccessors: .DiscreteClock13

===========================================================================================
----------------- testing Mon Jan 13 21:12:58 UTC 2020 /home/travis/build/icyphy/ptII/ptolemy/actor/lib/test/auto/DiscreteClock14.xml
----------------- Instantiating /home/travis/build/icyphy/ptII/ptolemy/actor/lib/test/auto/DiscreteClock14.xml
4 ms. Memory: 447488K Free: 381381K (85%)
----------------- Invoking toplevel() on ptolemy.moml.MoMLSimpleApplication@1ae8ca88
----------------- Done invoking toplevel() on ptolemy.moml.MoMLSimpleApplication@1ae8ca88
reloadAllAccessors: .DiscreteClock14

===========================================================================================
----------------- testing Mon Jan 13 21:12:58 UTC 2020 /home/travis/build/icyphy/ptII/ptolemy/actor/lib/test/auto/DiscreteClock15.xml
----------------- Instantiating /home/travis/build/icyphy/ptII/ptolemy/actor/lib/test/auto/DiscreteClock15.xml
4 ms. Memory: 447488K Free: 375239K (84%)
----------------- Invoking toplevel() on ptolemy.moml.MoMLSimpleApplication@2166f23f
----------------- Done invoking toplevel() on ptolemy.moml.MoMLSimpleApplication@2166f23f
reloadAllAccessors: .DiscreteClock15

===========================================================================================
----------------- testing Mon Jan 13 21:12:58 UTC 2020 /home/travis/build/icyphy/ptII/ptolemy/actor/lib/test/auto/DiscreteClock16.xml
----------------- Instantiating /home/travis/build/icyphy/ptII/ptolemy/actor/lib/test/auto/DiscreteClock16.xml
15 ms. Memory: 447488K Free: 361431K (81%)
----------------- Invoking toplevel() on ptolemy.moml.MoMLSimpleApplication@420d6c0d
----------------- Done invoking toplevel() on ptolemy.moml.MoMLSimpleApplication@420d6c0d
reloadAllAccessors: .DiscreteClock16

===========================================================================================
----------------- testing Mon Jan 13 21:12:58 UTC 2020 /home/travis/build/icyphy/ptII/ptolemy/actor/lib/test/auto/DiscreteClock17.xml
----------------- Instantiating /home/travis/build/icyphy/ptII/ptolemy/actor/lib/test/auto/DiscreteClock17.xml
15 ms. Memory: 447488K Free: 347591K (78%)
----------------- Invoking toplevel() on ptolemy.moml.MoMLSimpleApplication@7d44aeb6
----------------- Done invoking toplevel() on ptolemy.moml.MoMLSimpleApplication@7d44aeb6
reloadAllAccessors: .DiscreteClock17

===========================================================================================
----------------- testing Mon Jan 13 21:12:58 UTC 2020 /home/travis/build/icyphy/ptII/ptolemy/actor/lib/test/auto/DiscreteClock18.xml
----------------- Instantiating /home/travis/build/icyphy/ptII/ptolemy/actor/lib/test/auto/DiscreteClock18.xml
23 ms. Memory: 447488K Free: 333783K (75%)
----------------- Invoking toplevel() on ptolemy.moml.MoMLSimpleApplication@9aae134
----------------- Done invoking toplevel() on ptolemy.moml.MoMLSimpleApplication@9aae134
reloadAllAccessors: .DiscreteClock18

===========================================================================================
----------------- testing Mon Jan 13 21:12:58 UTC 2020 /home/travis/build/icyphy/ptII/ptolemy/actor/lib/test/auto/DiscreteClock19.xml
----------------- Instantiating /home/travis/build/icyphy/ptII/ptolemy/actor/lib/test/auto/DiscreteClock19.xml
19 ms. Memory: 447488K Free: 319943K (71%)
----------------- Invoking toplevel() on ptolemy.moml.MoMLSimpleApplication@87c91cf
----------------- Done invoking toplevel() on ptolemy.moml.MoMLSimpleApplication@87c91cf
reloadAllAccessors: .DiscreteClock19

===========================================================================================
----------------- testing Mon Jan 13 21:12:58 UTC 2020 /home/travis/build/icyphy/ptII/ptolemy/actor/lib/test/auto/DiscreteClock2.xml
----------------- Instantiating /home/travis/build/icyphy/ptII/ptolemy/actor/lib/test/auto/DiscreteClock2.xml
4 ms. Memory: 447488K Free: 314823K (70%)
----------------- Invoking toplevel() on ptolemy.moml.MoMLSimpleApplication@6525fbe2
----------------- Done invoking toplevel() on ptolemy.moml.MoMLSimpleApplication@6525fbe2
reloadAllAccessors: .DiscreteClock2

===========================================================================================
----------------- testing Mon Jan 13 21:12:58 UTC 2020 /home/travis/build/icyphy/ptII/ptolemy/actor/lib/test/auto/DiscreteClock20.xml
----------------- Instantiating /home/travis/build/icyphy/ptII/ptolemy/actor/lib/test/auto/DiscreteClock20.xml
10 ms. Memory: 447488K Free: 309717K (69%)
----------------- Invoking toplevel() on ptolemy.moml.MoMLSimpleApplication@734e7789
----------------- Done invoking toplevel() on ptolemy.moml.MoMLSimpleApplication@734e7789
reloadAllAccessors: .DiscreteClock20

===========================================================================================
----------------- testing Mon Jan 13 21:12:58 UTC 2020 /home/travis/build/icyphy/ptII/ptolemy/actor/lib/test/auto/DiscreteClock21.xml
----------------- Instantiating /home/travis/build/icyphy/ptII/ptolemy/actor/lib/test/auto/DiscreteClock21.xml
5 ms. Memory: 447488K Free: 304087K (68%)
----------------- Invoking toplevel() on ptolemy.moml.MoMLSimpleApplication@716f6811
----------------- Done invoking toplevel() on ptolemy.moml.MoMLSimpleApplication@716f6811
reloadAllAccessors: .DiscreteClock21

===========================================================================================
----------------- testing Mon Jan 13 21:12:58 UTC 2020 /home/travis/build/icyphy/ptII/ptolemy/actor/lib/test/auto/DiscreteClock22.xml
----------------- Instantiating /home/travis/build/icyphy/ptII/ptolemy/actor/lib/test/auto/DiscreteClock22.xml
6 ms. Memory: 447488K Free: 298453K (67%)
----------------- Invoking toplevel() on ptolemy.moml.MoMLSimpleApplication@ffb955d
----------------- Done invoking toplevel() on ptolemy.moml.MoMLSimpleApplication@ffb955d
reloadAllAccessors: .DiscreteClock22

===========================================================================================
----------------- testing Mon Jan 13 21:12:58 UTC 2020 /home/travis/build/icyphy/ptII/ptolemy/actor/lib/test/auto/DiscreteClock23.xml
----------------- Instantiating /home/travis/build/icyphy/ptII/ptolemy/actor/lib/test/auto/DiscreteClock23.xml
9 ms. Memory: 447488K Free: 292823K (65%)
----------------- Invoking toplevel() on ptolemy.moml.MoMLSimpleApplication@3754423e
----------------- Done invoking toplevel() on ptolemy.moml.MoMLSimpleApplication@3754423e
reloadAllAccessors: .DiscreteClock23

===========================================================================================
----------------- testing Mon Jan 13 21:12:58 UTC 2020 /home/travis/build/icyphy/ptII/ptolemy/actor/lib/test/auto/DiscreteClock24.xml
----------------- Instantiating /home/travis/build/icyphy/ptII/ptolemy/actor/lib/test/auto/DiscreteClock24.xml
4 ms. Memory: 447488K Free: 287703K (64%)
----------------- Invoking toplevel() on ptolemy.moml.MoMLSimpleApplication@1ad07f06
----------------- Done invoking toplevel() on ptolemy.moml.MoMLSimpleApplication@1ad07f06
reloadAllAccessors: .DiscreteClock24

===========================================================================================
----------------- testing Mon Jan 13 21:12:58 UTC 2020 /home/travis/build/icyphy/ptII/ptolemy/actor/lib/test/auto/DiscreteClock4.xml
----------------- Instantiating /home/travis/build/icyphy/ptII/ptolemy/actor/lib/test/auto/DiscreteClock4.xml
7 ms. Memory: 447488K Free: 282069K (63%)
----------------- Invoking toplevel() on ptolemy.moml.MoMLSimpleApplication@dd24280
----------------- Done invoking toplevel() on ptolemy.moml.MoMLSimpleApplication@dd24280
reloadAllAccessors: .DiscreteClock4

===========================================================================================
----------------- testing Mon Jan 13 21:12:58 UTC 2020 /home/travis/build/icyphy/ptII/ptolemy/actor/lib/test/auto/DiscreteClock5.xml
----------------- Instantiating /home/travis/build/icyphy/ptII/ptolemy/actor/lib/test/auto/DiscreteClock5.xml
2 ms. Memory: 447488K Free: 276439K (62%)
----------------- Invoking toplevel() on ptolemy.moml.MoMLSimpleApplication@4c131be3
----------------- Done invoking toplevel() on ptolemy.moml.MoMLSimpleApplication@4c131be3
reloadAllAccessors: .DiscreteClock5

===========================================================================================
----------------- testing Mon Jan 13 21:12:58 UTC 2020 /home/travis/build/icyphy/ptII/ptolemy/actor/lib/test/auto/DiscreteClock6.xml
----------------- Instantiating /home/travis/build/icyphy/ptII/ptolemy/actor/lib/test/auto/DiscreteClock6.xml
1 ms. Memory: 447488K Free: 272343K (61%)
----------------- Invoking toplevel() on ptolemy.moml.MoMLSimpleApplication@2eae6c76
----------------- Done invoking toplevel() on ptolemy.moml.MoMLSimpleApplication@2eae6c76
reloadAllAccessors: .DiscreteClock6

===========================================================================================
----------------- testing Mon Jan 13 21:12:58 UTC 2020 /home/travis/build/icyphy/ptII/ptolemy/actor/lib/test/auto/DiscreteClock7.xml
----------------- Instantiating /home/travis/build/icyphy/ptII/ptolemy/actor/lib/test/auto/DiscreteClock7.xml
2 ms. Memory: 447488K Free: 267733K (60%)
----------------- Invoking toplevel() on ptolemy.moml.MoMLSimpleApplication@3efa779b
----------------- Done invoking toplevel() on ptolemy.moml.MoMLSimpleApplication@3efa779b
reloadAllAccessors: .DiscreteClock7

===========================================================================================
----------------- testing Mon Jan 13 21:12:58 UTC 2020 /home/travis/build/icyphy/ptII/ptolemy/actor/lib/test/auto/DiscreteClock8.xml
----------------- Instantiating /home/travis/build/icyphy/ptII/ptolemy/actor/lib/test/auto/DiscreteClock8.xml
7 ms. Memory: 447488K Free: 262103K (59%)
----------------- Invoking toplevel() on ptolemy.moml.MoMLSimpleApplication@254c0e6c
----------------- Done invoking toplevel() on ptolemy.moml.MoMLSimpleApplication@254c0e6c
reloadAllAccessors: .DiscreteClock8

===========================================================================================
----------------- testing Mon Jan 13 21:12:58 UTC 2020 /home/travis/build/icyphy/ptII/ptolemy/actor/lib/test/auto/DiscreteClock9.xml
----------------- Instantiating /home/travis/build/icyphy/ptII/ptolemy/actor/lib/test/auto/DiscreteClock9.xml
4 ms. Memory: 447488K Free: 256463K (57%)
----------------- Invoking toplevel() on ptolemy.moml.MoMLSimpleApplication@3c5a82ad
----------------- Done invoking toplevel() on ptolemy.moml.MoMLSimpleApplication@3c5a82ad
reloadAllAccessors: .DiscreteClock9

===========================================================================================
----------------- testing Mon Jan 13 21:12:58 UTC 2020 /home/travis/build/icyphy/ptII/ptolemy/actor/lib/test/auto/DisplayArray.xml
----------------- Instantiating /home/travis/build/icyphy/ptII/ptolemy/actor/lib/test/auto/DisplayArray.xml
1 ms. Memory: 447488K Free: 252887K (57%)
----------------- Invoking toplevel() on ptolemy.moml.MoMLSimpleApplication@19827e46
----------------- Done invoking toplevel() on ptolemy.moml.MoMLSimpleApplication@19827e46
reloadAllAccessors: .DisplayArray

===========================================================================================
----------------- testing Mon Jan 13 21:12:58 UTC 2020 /home/travis/build/icyphy/ptII/ptolemy/actor/lib/test/auto/Distributor.xml
----------------- Instantiating /home/travis/build/icyphy/ptII/ptolemy/actor/lib/test/auto/Distributor.xml
1 ms. Memory: 447488K Free: 248277K (55%)
----------------- Invoking toplevel() on ptolemy.moml.MoMLSimpleApplication@7e0790bc
----------------- Done invoking toplevel() on ptolemy.moml.MoMLSimpleApplication@7e0790bc
reloadAllAccessors: .Distributor

===========================================================================================
----------------- testing Mon Jan 13 21:12:58 UTC 2020 /home/travis/build/icyphy/ptII/ptolemy/actor/lib/test/auto/Distributor2.xml
----------------- Instantiating /home/travis/build/icyphy/ptII/ptolemy/actor/lib/test/auto/Distributor2.xml
1 ms. Memory: 447488K Free: 243671K (54%)
----------------- Invoking toplevel() on ptolemy.moml.MoMLSimpleApplication@6eb307dc
----------------- Done invoking toplevel() on ptolemy.moml.MoMLSimpleApplication@6eb307dc
reloadAllAccessors: .Distributor2

===========================================================================================
----------------- testing Mon Jan 13 21:12:58 UTC 2020 /home/travis/build/icyphy/ptII/ptolemy/actor/lib/test/auto/DownSample.xml
----------------- Instantiating /home/travis/build/icyphy/ptII/ptolemy/actor/lib/test/auto/DownSample.xml
1 ms. Memory: 447488K Free: 239061K (53%)
----------------- Invoking toplevel() on ptolemy.moml.MoMLSimpleApplication@4b103bf3
----------------- Done invoking toplevel() on ptolemy.moml.MoMLSimpleApplication@4b103bf3
reloadAllAccessors: .DownSample

===========================================================================================
----------------- testing Mon Jan 13 21:12:58 UTC 2020 /home/travis/build/icyphy/ptII/ptolemy/actor/lib/test/auto/ElectronicUnitBase1.xml
----------------- Instantiating /home/travis/build/icyphy/ptII/ptolemy/actor/lib/test/auto/ElectronicUnitBase1.xml
12 ms. Memory: 447488K Free: 223191K (50%)
----------------- Invoking toplevel() on ptolemy.moml.MoMLSimpleApplication@1e0a2307
----------------- Done invoking toplevel() on ptolemy.moml.MoMLSimpleApplication@1e0a2307
reloadAllAccessors: .ElectronicUnitBase1

===========================================================================================
----------------- testing Mon Jan 13 21:12:59 UTC 2020 /home/travis/build/icyphy/ptII/ptolemy/actor/lib/test/auto/ElementsToArray.xml
----------------- Instantiating /home/travis/build/icyphy/ptII/ptolemy/actor/lib/test/auto/ElementsToArray.xml
2 ms. Memory: 447488K Free: 218071K (49%)
----------------- Invoking toplevel() on ptolemy.moml.MoMLSimpleApplication@7749f0cf
----------------- Done invoking toplevel() on ptolemy.moml.MoMLSimpleApplication@7749f0cf
reloadAllAccessors: .ElementsToArray

===========================================================================================
----------------- testing Mon Jan 13 21:12:59 UTC 2020 /home/travis/build/icyphy/ptII/ptolemy/actor/lib/test/auto/Equals.xml
----------------- Instantiating /home/travis/build/icyphy/ptII/ptolemy/actor/lib/test/auto/Equals.xml
3 ms. Memory: 447488K Free: 213461K (48%)
----------------- Invoking toplevel() on ptolemy.moml.MoMLSimpleApplication@600d06d5
----------------- Done invoking toplevel() on ptolemy.moml.MoMLSimpleApplication@600d06d5
reloadAllAccessors: .Equals

===========================================================================================
----------------- testing Mon Jan 13 21:12:59 UTC 2020 /home/travis/build/icyphy/ptII/ptolemy/actor/lib/test/auto/Exec.xml
----------------- Instantiating /home/travis/build/icyphy/ptII/ptolemy/actor/lib/test/auto/Exec.xml
18 ms. Memory: 447488K Free: 208853K (47%)
----------------- Invoking toplevel() on ptolemy.moml.MoMLSimpleApplication@ca644b8
----------------- Done invoking toplevel() on ptolemy.moml.MoMLSimpleApplication@ca644b8
reloadAllAccessors: .Exec

===========================================================================================
----------------- testing Mon Jan 13 21:12:59 UTC 2020 /home/travis/build/icyphy/ptII/ptolemy/actor/lib/test/auto/ExecEnvironment.xml
----------------- Instantiating /home/travis/build/icyphy/ptII/ptolemy/actor/lib/test/auto/ExecEnvironment.xml
21 ms. Memory: 447488K Free: 203733K (46%)
----------------- Invoking toplevel() on ptolemy.moml.MoMLSimpleApplication@2494a316
----------------- Done invoking toplevel() on ptolemy.moml.MoMLSimpleApplication@2494a316
reloadAllAccessors: .ExecEnvironment

===========================================================================================
----------------- testing Mon Jan 13 21:12:59 UTC 2020 /home/travis/build/icyphy/ptII/ptolemy/actor/lib/test/auto/ExecNonZeroReturnOutput.xml
----------------- Instantiating /home/travis/build/icyphy/ptII/ptolemy/actor/lib/test/auto/ExecNonZeroReturnOutput.xml
166 ms. Memory: 447488K Free: 192471K (43%)
----------------- Invoking toplevel() on ptolemy.moml.MoMLSimpleApplication@4da844b7
----------------- Done invoking toplevel() on ptolemy.moml.MoMLSimpleApplication@4da844b7
reloadAllAccessors: .ExecNonZeroReturnOutput

===========================================================================================
----------------- testing Mon Jan 13 21:12:59 UTC 2020 /home/travis/build/icyphy/ptII/ptolemy/actor/lib/test/auto/ExecRunDemos.xml
----------------- Instantiating /home/travis/build/icyphy/ptII/ptolemy/actor/lib/test/auto/ExecRunDemos.xml
Finished: 79 ms. Memory: 129024K Free: 112024K (87%)

Finished: 57 ms. Memory: 129024K Free: 109484K (85%)

Finished: 105 ms. Memory: 129024K Free: 109573K (85%)

Finished: 62 ms. Memory: 129024K Free: 111075K (86%)

Finished: 53 ms. Memory: 129024K Free: 111985K (87%)

10015 ms. Memory: 447488K Free: 170965K (38%)
----------------- Invoking toplevel() on ptolemy.moml.MoMLSimpleApplication@57f3882b
----------------- Done invoking toplevel() on ptolemy.moml.MoMLSimpleApplication@57f3882b
reloadAllAccessors: .ExecRunDemos

===========================================================================================
----------------- testing Mon Jan 13 21:13:09 UTC 2020 /home/travis/build/icyphy/ptII/ptolemy/actor/lib/test/auto/ExecStop.xml
----------------- Instantiating /home/travis/build/icyphy/ptII/ptolemy/actor/lib/test/auto/ExecStop.xml
5015 ms. Memory: 447488K Free: 316574K (71%)
----------------- Invoking toplevel() on ptolemy.moml.MoMLSimpleApplication@6c617472
----------------- Done invoking toplevel() on ptolemy.moml.MoMLSimpleApplication@6c617472
reloadAllAccessors: .ExecStop

===========================================================================================
----------------- testing Mon Jan 13 21:13:14 UTC 2020 /home/travis/build/icyphy/ptII/ptolemy/actor/lib/test/auto/ExecutionTimeSDF.xml
----------------- Instantiating /home/travis/build/icyphy/ptII/ptolemy/actor/lib/test/auto/ExecutionTimeSDF.xml
Fired ExecutionTime: -388567296
Fired ExecutionTime: 1336400000
Fired ExecutionTime: -167367296
6008 ms. Memory: 447488K Free: 303776K (68%)
----------------- Invoking toplevel() on ptolemy.moml.MoMLSimpleApplication@41cdebe9
----------------- Done invoking toplevel() on ptolemy.moml.MoMLSimpleApplication@41cdebe9
reloadAllAccessors: .ExecutionTimeSDF

===========================================================================================
----------------- testing Mon Jan 13 21:13:20 UTC 2020 /home/travis/build/icyphy/ptII/ptolemy/actor/lib/test/auto/Expression1.xml
----------------- Instantiating /home/travis/build/icyphy/ptII/ptolemy/actor/lib/test/auto/Expression1.xml
1 ms. Memory: 447488K Free: 300704K (67%)
----------------- Invoking toplevel() on ptolemy.moml.MoMLSimpleApplication@1bf2f57b
----------------- Done invoking toplevel() on ptolemy.moml.MoMLSimpleApplication@1bf2f57b
reloadAllAccessors: .Expression1

===========================================================================================
----------------- testing Mon Jan 13 21:13:20 UTC 2020 /home/travis/build/icyphy/ptII/ptolemy/actor/lib/test/auto/Expression10.xml
----------------- Instantiating /home/travis/build/icyphy/ptII/ptolemy/actor/lib/test/auto/Expression10.xml
5 ms. Memory: 447488K Free: 295070K (66%)
----------------- Invoking toplevel() on ptolemy.moml.MoMLSimpleApplication@ca46f24
----------------- Done invoking toplevel() on ptolemy.moml.MoMLSimpleApplication@ca46f24
reloadAllAccessors: .Expression10

===========================================================================================
----------------- testing Mon Jan 13 21:13:20 UTC 2020 /home/travis/build/icyphy/ptII/ptolemy/actor/lib/test/auto/Expression11.xml
----------------- Instantiating /home/travis/build/icyphy/ptII/ptolemy/actor/lib/test/auto/Expression11.xml
2 ms. Memory: 447488K Free: 290464K (65%)
----------------- Invoking toplevel() on ptolemy.moml.MoMLSimpleApplication@58461c4b
----------------- Done invoking toplevel() on ptolemy.moml.MoMLSimpleApplication@58461c4b
reloadAllAccessors: .Expression11

===========================================================================================
----------------- testing Mon Jan 13 21:13:20 UTC 2020 /home/travis/build/icyphy/ptII/ptolemy/actor/lib/test/auto/Expression12.xml
----------------- Instantiating /home/travis/build/icyphy/ptII/ptolemy/actor/lib/test/auto/Expression12.xml
3 ms. Memory: 447488K Free: 285344K (64%)
----------------- Invoking toplevel() on ptolemy.moml.MoMLSimpleApplication@552719c4
----------------- Done invoking toplevel() on ptolemy.moml.MoMLSimpleApplication@552719c4
reloadAllAccessors: .Expression12

===========================================================================================
----------------- testing Mon Jan 13 21:13:20 UTC 2020 /home/travis/build/icyphy/ptII/ptolemy/actor/lib/test/auto/Expression13.xml
----------------- Instantiating /home/travis/build/icyphy/ptII/ptolemy/actor/lib/test/auto/Expression13.xml
3 ms. Memory: 447488K Free: 280224K (63%)
----------------- Invoking toplevel() on ptolemy.moml.MoMLSimpleApplication@2c642231
----------------- Done invoking toplevel() on ptolemy.moml.MoMLSimpleApplication@2c642231
reloadAllAccessors: .Expression13

===========================================================================================
----------------- testing Mon Jan 13 21:13:20 UTC 2020 /home/travis/build/icyphy/ptII/ptolemy/actor/lib/test/auto/Expression14.xml
----------------- Instantiating /home/travis/build/icyphy/ptII/ptolemy/actor/lib/test/auto/Expression14.xml
4 ms. Memory: 447488K Free: 274590K (61%)
----------------- Invoking toplevel() on ptolemy.moml.MoMLSimpleApplication@3e197c6c
----------------- Done invoking toplevel() on ptolemy.moml.MoMLSimpleApplication@3e197c6c
reloadAllAccessors: .Expression14

===========================================================================================
----------------- testing Mon Jan 13 21:13:20 UTC 2020 /home/travis/build/icyphy/ptII/ptolemy/actor/lib/test/auto/Expression15.xml
----------------- Instantiating /home/travis/build/icyphy/ptII/ptolemy/actor/lib/test/auto/Expression15.xml
1 ms. Memory: 447488K Free: 271008K (61%)
----------------- Invoking toplevel() on ptolemy.moml.MoMLSimpleApplication@5623238
----------------- Done invoking toplevel() on ptolemy.moml.MoMLSimpleApplication@5623238
reloadAllAccessors: .Expression15

===========================================================================================
----------------- testing Mon Jan 13 21:13:20 UTC 2020 /home/travis/build/icyphy/ptII/ptolemy/actor/lib/test/auto/Expression16.xml
----------------- Instantiating /home/travis/build/icyphy/ptII/ptolemy/actor/lib/test/auto/Expression16.xml
4 ms. Memory: 447488K Free: 265888K (59%)
----------------- Invoking toplevel() on ptolemy.moml.MoMLSimpleApplication@7d707ccd
----------------- Done invoking toplevel() on ptolemy.moml.MoMLSimpleApplication@7d707ccd
reloadAllAccessors: .Expression16

===========================================================================================
----------------- testing Mon Jan 13 21:13:20 UTC 2020 /home/travis/build/icyphy/ptII/ptolemy/actor/lib/test/auto/Expression17.xml
----------------- Instantiating /home/travis/build/icyphy/ptII/ptolemy/actor/lib/test/auto/Expression17.xml
3 ms. Memory: 447488K Free: 261278K (58%)
----------------- Invoking toplevel() on ptolemy.moml.MoMLSimpleApplication@2ec43126
----------------- Done invoking toplevel() on ptolemy.moml.MoMLSimpleApplication@2ec43126
reloadAllAccessors: .Expression17

===========================================================================================
----------------- testing Mon Jan 13 21:13:20 UTC 2020 /home/travis/build/icyphy/ptII/ptolemy/actor/lib/test/auto/Expression18.xml
----------------- Instantiating /home/travis/build/icyphy/ptII/ptolemy/actor/lib/test/auto/Expression18.xml
1 ms. Memory: 447488K Free: 256158K (57%)
----------------- Invoking toplevel() on ptolemy.moml.MoMLSimpleApplication@af924c7
----------------- Done invoking toplevel() on ptolemy.moml.MoMLSimpleApplication@af924c7
reloadAllAccessors: .Expression18

===========================================================================================
----------------- testing Mon Jan 13 21:13:20 UTC 2020 /home/travis/build/icyphy/ptII/ptolemy/actor/lib/test/auto/Expression2.xml
----------------- Instantiating /home/travis/build/icyphy/ptII/ptolemy/actor/lib/test/auto/Expression2.xml
2 ms. Memory: 447488K Free: 251552K (56%)
----------------- Invoking toplevel() on ptolemy.moml.MoMLSimpleApplication@440ba1ac
----------------- Done invoking toplevel() on ptolemy.moml.MoMLSimpleApplication@440ba1ac
reloadAllAccessors: .Expression2

===========================================================================================
----------------- testing Mon Jan 13 21:13:20 UTC 2020 /home/travis/build/icyphy/ptII/ptolemy/actor/lib/test/auto/Expression3.xml
----------------- Instantiating /home/travis/build/icyphy/ptII/ptolemy/actor/lib/test/auto/Expression3.xml
2 ms. Memory: 447488K Free: 246432K (55%)
----------------- Invoking toplevel() on ptolemy.moml.MoMLSimpleApplication@3874fbbe
----------------- Done invoking toplevel() on ptolemy.moml.MoMLSimpleApplication@3874fbbe
reloadAllAccessors: .Expression3

===========================================================================================
----------------- testing Mon Jan 13 21:13:20 UTC 2020 /home/travis/build/icyphy/ptII/ptolemy/actor/lib/test/auto/Expression4.xml
----------------- Instantiating /home/travis/build/icyphy/ptII/ptolemy/actor/lib/test/auto/Expression4.xml
6 ms. Memory: 447488K Free: 238750K (53%)
----------------- Invoking toplevel() on ptolemy.moml.MoMLSimpleApplication@684b0115
----------------- Done invoking toplevel() on ptolemy.moml.MoMLSimpleApplication@684b0115
reloadAllAccessors: .Expression4

===========================================================================================
----------------- testing Mon Jan 13 21:13:20 UTC 2020 /home/travis/build/icyphy/ptII/ptolemy/actor/lib/test/auto/Expression5.xml
----------------- Instantiating /home/travis/build/icyphy/ptII/ptolemy/actor/lib/test/auto/Expression5.xml
3 ms. Memory: 447488K Free: 234144K (52%)
----------------- Invoking toplevel() on ptolemy.moml.MoMLSimpleApplication@2182c0cc
----------------- Done invoking toplevel() on ptolemy.moml.MoMLSimpleApplication@2182c0cc
reloadAllAccessors: .Expression5

===========================================================================================
----------------- testing Mon Jan 13 21:13:20 UTC 2020 /home/travis/build/icyphy/ptII/ptolemy/actor/lib/test/auto/Expression6.xml
----------------- Instantiating /home/travis/build/icyphy/ptII/ptolemy/actor/lib/test/auto/Expression6.xml
2 ms. Memory: 447488K Free: 229534K (51%)
----------------- Invoking toplevel() on ptolemy.moml.MoMLSimpleApplication@59e3521e
----------------- Done invoking toplevel() on ptolemy.moml.MoMLSimpleApplication@59e3521e
reloadAllAccessors: .Expression6

===========================================================================================
----------------- testing Mon Jan 13 21:13:20 UTC 2020 /home/travis/build/icyphy/ptII/ptolemy/actor/lib/test/auto/Expression7.xml
----------------- Instantiating /home/travis/build/icyphy/ptII/ptolemy/actor/lib/test/auto/Expression7.xml
2 ms. Memory: 447488K Free: 224928K (50%)
----------------- Invoking toplevel() on ptolemy.moml.MoMLSimpleApplication@4dfa5c29
----------------- Done invoking toplevel() on ptolemy.moml.MoMLSimpleApplication@4dfa5c29
reloadAllAccessors: .Expression7

===========================================================================================
----------------- testing Mon Jan 13 21:13:20 UTC 2020 /home/travis/build/icyphy/ptII/ptolemy/actor/lib/test/auto/Expression8.xml
----------------- Instantiating /home/travis/build/icyphy/ptII/ptolemy/actor/lib/test/auto/Expression8.xml
8 ms. Memory: 447488K Free: 219808K (49%)
----------------- Invoking toplevel() on ptolemy.moml.MoMLSimpleApplication@5cb53911
----------------- Done invoking toplevel() on ptolemy.moml.MoMLSimpleApplication@5cb53911
reloadAllAccessors: .Expression8

===========================================================================================
----------------- testing Mon Jan 13 21:13:20 UTC 2020 /home/travis/build/icyphy/ptII/ptolemy/actor/lib/test/auto/Expression9.xml
----------------- Instantiating /home/travis/build/icyphy/ptII/ptolemy/actor/lib/test/auto/Expression9.xml
1 ms. Memory: 447488K Free: 215712K (48%)
----------------- Invoking toplevel() on ptolemy.moml.MoMLSimpleApplication@2b3e135f
----------------- Done invoking toplevel() on ptolemy.moml.MoMLSimpleApplication@2b3e135f
reloadAllAccessors: .Expression9

===========================================================================================
----------------- testing Mon Jan 13 21:13:20 UTC 2020 /home/travis/build/icyphy/ptII/ptolemy/actor/lib/test/auto/ExpressionConcatenateArrayType.xml
----------------- Instantiating /home/travis/build/icyphy/ptII/ptolemy/actor/lib/test/auto/ExpressionConcatenateArrayType.xml
3 ms. Memory: 447488K Free: 209568K (47%)
----------------- Invoking toplevel() on ptolemy.moml.MoMLSimpleApplication@37f28480
----------------- Done invoking toplevel() on ptolemy.moml.MoMLSimpleApplication@37f28480
reloadAllAccessors: .ExpressionConcatenateArrayType

===========================================================================================
----------------- testing Mon Jan 13 21:13:20 UTC 2020 /home/travis/build/icyphy/ptII/ptolemy/actor/lib/test/auto/ExpressionConcatenateArrayType2.xml
----------------- Instantiating /home/travis/build/icyphy/ptII/ptolemy/actor/lib/test/auto/ExpressionConcatenateArrayType2.xml
3 ms. Memory: 447488K Free: 203934K (46%)
----------------- Invoking toplevel() on ptolemy.moml.MoMLSimpleApplication@56892932
----------------- Done invoking toplevel() on ptolemy.moml.MoMLSimpleApplication@56892932
reloadAllAccessors: .ExpressionConcatenateArrayType2

===========================================================================================
----------------- testing Mon Jan 13 21:13:20 UTC 2020 /home/travis/build/icyphy/ptII/ptolemy/actor/lib/test/auto/ExpressionFix.xml
----------------- Instantiating /home/travis/build/icyphy/ptII/ptolemy/actor/lib/test/auto/ExpressionFix.xml
21 ms. Memory: 447488K Free: 197790K (44%)
----------------- Invoking toplevel() on ptolemy.moml.MoMLSimpleApplication@1d3b4fe7
----------------- Done invoking toplevel() on ptolemy.moml.MoMLSimpleApplication@1d3b4fe7
reloadAllAccessors: .ExpressionFix

===========================================================================================
----------------- testing Mon Jan 13 21:13:20 UTC 2020 /home/travis/build/icyphy/ptII/ptolemy/actor/lib/test/auto/ExpressionFix2.xml
----------------- Instantiating /home/travis/build/icyphy/ptII/ptolemy/actor/lib/test/auto/ExpressionFix2.xml
4 ms. Memory: 447488K Free: 193694K (43%)
----------------- Invoking toplevel() on ptolemy.moml.MoMLSimpleApplication@38efb7e5
----------------- Done invoking toplevel() on ptolemy.moml.MoMLSimpleApplication@38efb7e5
reloadAllAccessors: .ExpressionFix2

===========================================================================================
----------------- testing Mon Jan 13 21:13:20 UTC 2020 /home/travis/build/icyphy/ptII/ptolemy/actor/lib/test/auto/ExpressionFix3.xml
----------------- Instantiating /home/travis/build/icyphy/ptII/ptolemy/actor/lib/test/auto/ExpressionFix3.xml
3 ms. Memory: 447488K Free: 189088K (42%)
----------------- Invoking toplevel() on ptolemy.moml.MoMLSimpleApplication@37c4bf2f
----------------- Done invoking toplevel() on ptolemy.moml.MoMLSimpleApplication@37c4bf2f
reloadAllAccessors: .ExpressionFix3

===========================================================================================
----------------- testing Mon Jan 13 21:13:20 UTC 2020 /home/travis/build/icyphy/ptII/ptolemy/actor/lib/test/auto/FileWriter1.xml
----------------- Instantiating /home/travis/build/icyphy/ptII/ptolemy/actor/lib/test/auto/FileWriter1.xml
5 ms. Memory: 447488K Free: 185502K (41%)
----------------- Invoking toplevel() on ptolemy.moml.MoMLSimpleApplication@517441c8
----------------- Done invoking toplevel() on ptolemy.moml.MoMLSimpleApplication@517441c8
reloadAllAccessors: .FileWriter1

===========================================================================================
----------------- testing Mon Jan 13 21:13:20 UTC 2020 /home/travis/build/icyphy/ptII/ptolemy/actor/lib/test/auto/FileWriter2.xml
----------------- Instantiating /home/travis/build/icyphy/ptII/ptolemy/actor/lib/test/auto/FileWriter2.xml
2 ms. Memory: 447488K Free: 180896K (40%)
----------------- Invoking toplevel() on ptolemy.moml.MoMLSimpleApplication@11400d4c
----------------- Done invoking toplevel() on ptolemy.moml.MoMLSimpleApplication@11400d4c
reloadAllAccessors: .FileWriter2

===========================================================================================
----------------- testing Mon Jan 13 21:13:20 UTC 2020 /home/travis/build/icyphy/ptII/ptolemy/actor/lib/test/auto/FileWriter3.xml
----------------- Instantiating /home/travis/build/icyphy/ptII/ptolemy/actor/lib/test/auto/FileWriter3.xml
3 ms. Memory: 447488K Free: 176800K (40%)
----------------- Invoking toplevel() on ptolemy.moml.MoMLSimpleApplication@3ac1b947
----------------- Done invoking toplevel() on ptolemy.moml.MoMLSimpleApplication@3ac1b947
reloadAllAccessors: .FileWriter3

===========================================================================================
----------------- testing Mon Jan 13 21:13:20 UTC 2020 /home/travis/build/icyphy/ptII/ptolemy/actor/lib/test/auto/Gaussian.xml
----------------- Instantiating /home/travis/build/icyphy/ptII/ptolemy/actor/lib/test/auto/Gaussian.xml
2 ms. Memory: 447488K Free: 172704K (39%)
----------------- Invoking toplevel() on ptolemy.moml.MoMLSimpleApplication@1c364fcc
----------------- Done invoking toplevel() on ptolemy.moml.MoMLSimpleApplication@1c364fcc
reloadAllAccessors: .Gaussian

===========================================================================================
----------------- testing Mon Jan 13 21:13:20 UTC 2020 /home/travis/build/icyphy/ptII/ptolemy/actor/lib/test/auto/Gaussian1.xml
----------------- Instantiating /home/travis/build/icyphy/ptII/ptolemy/actor/lib/test/auto/Gaussian1.xml
2 ms. Memory: 447488K Free: 167040K (37%)
----------------- Invoking toplevel() on ptolemy.moml.MoMLSimpleApplication@557f6533
----------------- Done invoking toplevel() on ptolemy.moml.MoMLSimpleApplication@557f6533
reloadAllAccessors: .Gaussian1

===========================================================================================
----------------- testing Mon Jan 13 21:13:20 UTC 2020 /home/travis/build/icyphy/ptII/ptolemy/actor/lib/test/auto/Gaussian2.xml
----------------- Instantiating /home/travis/build/icyphy/ptII/ptolemy/actor/lib/test/auto/Gaussian2.xml
10 ms. Memory: 447488K Free: 161440K (36%)
----------------- Invoking toplevel() on ptolemy.moml.MoMLSimpleApplication@4da25441
----------------- Done invoking toplevel() on ptolemy.moml.MoMLSimpleApplication@4da25441
reloadAllAccessors: .Gaussian2

===========================================================================================
----------------- testing Mon Jan 13 21:13:21 UTC 2020 /home/travis/build/icyphy/ptII/ptolemy/actor/lib/test/auto/GradientAdaptiveLattice.xml
----------------- Instantiating /home/travis/build/icyphy/ptII/ptolemy/actor/lib/test/auto/GradientAdaptiveLattice.xml
4 ms. Memory: 447488K Free: 156830K (35%)
----------------- Invoking toplevel() on ptolemy.moml.MoMLSimpleApplication@349affec
----------------- Done invoking toplevel() on ptolemy.moml.MoMLSimpleApplication@349affec
reloadAllAccessors: .GradientAdaptiveLattice

===========================================================================================
----------------- testing Mon Jan 13 21:13:21 UTC 2020 /home/travis/build/icyphy/ptII/ptolemy/actor/lib/test/auto/IIR.xml
----------------- Instantiating /home/travis/build/icyphy/ptII/ptolemy/actor/lib/test/auto/IIR.xml
1 ms. Memory: 447488K Free: 152224K (34%)
----------------- Invoking toplevel() on ptolemy.moml.MoMLSimpleApplication@16638749
----------------- Done invoking toplevel() on ptolemy.moml.MoMLSimpleApplication@16638749
reloadAllAccessors: .IIR

===========================================================================================
----------------- testing Mon Jan 13 21:13:21 UTC 2020 /home/travis/build/icyphy/ptII/ptolemy/actor/lib/test/auto/InputOutputTransparentPorts.xml
----------------- Instantiating /home/travis/build/icyphy/ptII/ptolemy/actor/lib/test/auto/InputOutputTransparentPorts.xml
2 ms. Memory: 447488K Free: 144542K (32%)
----------------- Invoking toplevel() on ptolemy.moml.MoMLSimpleApplication@a219f0d
----------------- Done invoking toplevel() on ptolemy.moml.MoMLSimpleApplication@a219f0d
reloadAllAccessors: .InputOutputTransparentPorts

===========================================================================================
----------------- testing Mon Jan 13 21:13:21 UTC 2020 /home/travis/build/icyphy/ptII/ptolemy/actor/lib/test/auto/Interpolator.xml
----------------- Instantiating /home/travis/build/icyphy/ptII/ptolemy/actor/lib/test/auto/Interpolator.xml
5 ms. Memory: 447488K Free: 140446K (31%)
----------------- Invoking toplevel() on ptolemy.moml.MoMLSimpleApplication@5571765f
----------------- Done invoking toplevel() on ptolemy.moml.MoMLSimpleApplication@5571765f
reloadAllAccessors: .Interpolator

===========================================================================================
----------------- testing Mon Jan 13 21:13:21 UTC 2020 /home/travis/build/icyphy/ptII/ptolemy/actor/lib/test/auto/InterpolatorFiringLimitDE.xml
----------------- Instantiating /home/travis/build/icyphy/ptII/ptolemy/actor/lib/test/auto/InterpolatorFiringLimitDE.xml
2 ms. Memory: 447488K Free: 134302K (30%)
----------------- Invoking toplevel() on ptolemy.moml.MoMLSimpleApplication@3183b9ef
----------------- Done invoking toplevel() on ptolemy.moml.MoMLSimpleApplication@3183b9ef
reloadAllAccessors: .InterpolatorFiringLimitDE

===========================================================================================
----------------- testing Mon Jan 13 21:13:21 UTC 2020 /home/travis/build/icyphy/ptII/ptolemy/actor/lib/test/auto/Lattice.xml
----------------- Instantiating /home/travis/build/icyphy/ptII/ptolemy/actor/lib/test/auto/Lattice.xml
1 ms. Memory: 447488K Free: 395363K (88%)
----------------- Invoking toplevel() on ptolemy.moml.MoMLSimpleApplication@6b1b7874
----------------- Done invoking toplevel() on ptolemy.moml.MoMLSimpleApplication@6b1b7874
reloadAllAccessors: .Lattice

===========================================================================================
----------------- testing Mon Jan 13 21:13:21 UTC 2020 /home/travis/build/icyphy/ptII/ptolemy/actor/lib/test/auto/LazyAOCTestLazy.xml
----------------- Instantiating /home/travis/build/icyphy/ptII/ptolemy/actor/lib/test/auto/LazyAOCTestLazy.xml
7 ms. Memory: 447488K Free: 389205K (87%)
----------------- Invoking toplevel() on ptolemy.moml.MoMLSimpleApplication@6a30dca2
----------------- Done invoking toplevel() on ptolemy.moml.MoMLSimpleApplication@6a30dca2
reloadAllAccessors: .LazyAOCTestLazy

===========================================================================================
----------------- testing Mon Jan 13 21:13:21 UTC 2020 /home/travis/build/icyphy/ptII/ptolemy/actor/lib/test/auto/LazyAOCTestNonLazy.xml
----------------- Instantiating /home/travis/build/icyphy/ptII/ptolemy/actor/lib/test/auto/LazyAOCTestNonLazy.xml
2 ms. Memory: 447488K Free: 383075K (86%)
----------------- Invoking toplevel() on ptolemy.moml.MoMLSimpleApplication@106ada86
----------------- Done invoking toplevel() on ptolemy.moml.MoMLSimpleApplication@106ada86
reloadAllAccessors: .LazyAOCTestNonLazy

===========================================================================================
----------------- testing Mon Jan 13 21:13:21 UTC 2020 /home/travis/build/icyphy/ptII/ptolemy/actor/lib/test/auto/LazyInnerClass.xml
----------------- Instantiating /home/travis/build/icyphy/ptII/ptolemy/actor/lib/test/auto/LazyInnerClass.xml
19 ms. Memory: 447488K Free: 374877K (84%)
----------------- Invoking toplevel() on ptolemy.moml.MoMLSimpleApplication@57917cd2
----------------- Done invoking toplevel() on ptolemy.moml.MoMLSimpleApplication@57917cd2
reloadAllAccessors: .LazyInnerClass

===========================================================================================
----------------- testing Mon Jan 13 21:13:21 UTC 2020 /home/travis/build/icyphy/ptII/ptolemy/actor/lib/test/auto/LazyPubSub.xml
----------------- Instantiating /home/travis/build/icyphy/ptII/ptolemy/actor/lib/test/auto/LazyPubSub.xml
32 ms. Memory: 447488K Free: 365157K (82%)
----------------- Invoking toplevel() on ptolemy.moml.MoMLSimpleApplication@45f41598
----------------- Done invoking toplevel() on ptolemy.moml.MoMLSimpleApplication@45f41598
reloadAllAccessors: .LazyPubSub

===========================================================================================
----------------- testing Mon Jan 13 21:13:21 UTC 2020 /home/travis/build/icyphy/ptII/ptolemy/actor/lib/test/auto/LazyPubSub2.xml
----------------- Instantiating /home/travis/build/icyphy/ptII/ptolemy/actor/lib/test/auto/LazyPubSub2.xml
17 ms. Memory: 447488K Free: 355427K (79%)
----------------- Invoking toplevel() on ptolemy.moml.MoMLSimpleApplication@4b27ae76
----------------- Done invoking toplevel() on ptolemy.moml.MoMLSimpleApplication@4b27ae76
reloadAllAccessors: .LazyPubSub2

===========================================================================================
----------------- testing Mon Jan 13 21:13:21 UTC 2020 /home/travis/build/icyphy/ptII/ptolemy/actor/lib/test/auto/LazyPubSub3.xml
----------------- Instantiating /home/travis/build/icyphy/ptII/ptolemy/actor/lib/test/auto/LazyPubSub3.xml
13 ms. Memory: 447488K Free: 345187K (77%)
----------------- Invoking toplevel() on ptolemy.moml.MoMLSimpleApplication@9729234
----------------- Done invoking toplevel() on ptolemy.moml.MoMLSimpleApplication@9729234
reloadAllAccessors: .LazyPubSub3

===========================================================================================
----------------- testing Mon Jan 13 21:13:21 UTC 2020 /home/travis/build/icyphy/ptII/ptolemy/actor/lib/test/auto/LazySubClassModel.xml
----------------- Instantiating /home/travis/build/icyphy/ptII/ptolemy/actor/lib/test/auto/LazySubClassModel.xml
2 ms. Memory: 447488K Free: 336485K (75%)
----------------- Invoking toplevel() on ptolemy.moml.MoMLSimpleApplication@4bf74af7
----------------- Done invoking toplevel() on ptolemy.moml.MoMLSimpleApplication@4bf74af7
reloadAllAccessors: .LazySubClassModel

===========================================================================================
----------------- testing Mon Jan 13 21:13:21 UTC 2020 /home/travis/build/icyphy/ptII/ptolemy/actor/lib/test/auto/LevelCrossTest1.xml
----------------- Instantiating /home/travis/build/icyphy/ptII/ptolemy/actor/lib/test/auto/LevelCrossTest1.xml
1 ms. Memory: 447488K Free: 330851K (74%)
----------------- Invoking toplevel() on ptolemy.moml.MoMLSimpleApplication@710f7d4b
----------------- Done invoking toplevel() on ptolemy.moml.MoMLSimpleApplication@710f7d4b
reloadAllAccessors: .broken

===========================================================================================
----------------- testing Mon Jan 13 21:13:21 UTC 2020 /home/travis/build/icyphy/ptII/ptolemy/actor/lib/test/auto/LevelCrossTest10.xml
----------------- Instantiating /home/travis/build/icyphy/ptII/ptolemy/actor/lib/test/auto/LevelCrossTest10.xml
1 ms. Memory: 447488K Free: 323173K (72%)
----------------- Invoking toplevel() on ptolemy.moml.MoMLSimpleApplication@3f535aa0
----------------- Done invoking toplevel() on ptolemy.moml.MoMLSimpleApplication@3f535aa0
reloadAllAccessors: .LevelCrossTest10

===========================================================================================
----------------- testing Mon Jan 13 21:13:21 UTC 2020 /home/travis/build/icyphy/ptII/ptolemy/actor/lib/test/auto/LevelCrossTest11.xml
----------------- Instantiating /home/travis/build/icyphy/ptII/ptolemy/actor/lib/test/auto/LevelCrossTest11.xml
1 ms. Memory: 447488K Free: 317029K (71%)
----------------- Invoking toplevel() on ptolemy.moml.MoMLSimpleApplication@4bf0a087
----------------- Done invoking toplevel() on ptolemy.moml.MoMLSimpleApplication@4bf0a087
reloadAllAccessors: .LevelCrossTest11

===========================================================================================
----------------- testing Mon Jan 13 21:13:21 UTC 2020 /home/travis/build/icyphy/ptII/ptolemy/actor/lib/test/auto/LevelCrossTest12.xml
----------------- Instantiating /home/travis/build/icyphy/ptII/ptolemy/actor/lib/test/auto/LevelCrossTest12.xml
1 ms. Memory: 447488K Free: 309347K (69%)
----------------- Invoking toplevel() on ptolemy.moml.MoMLSimpleApplication@33907435
----------------- Done invoking toplevel() on ptolemy.moml.MoMLSimpleApplication@33907435
reloadAllAccessors: .LevelCrossTest12

===========================================================================================
----------------- testing Mon Jan 13 21:13:21 UTC 2020 /home/travis/build/icyphy/ptII/ptolemy/actor/lib/test/auto/LevelCrossTest13.xml
----------------- Instantiating /home/travis/build/icyphy/ptII/ptolemy/actor/lib/test/auto/LevelCrossTest13.xml
1 ms. Memory: 447488K Free: 302179K (68%)
----------------- Invoking toplevel() on ptolemy.moml.MoMLSimpleApplication@e10ef4a
----------------- Done invoking toplevel() on ptolemy.moml.MoMLSimpleApplication@e10ef4a
reloadAllAccessors: .LevelCrossTest13

===========================================================================================
----------------- testing Mon Jan 13 21:13:21 UTC 2020 /home/travis/build/icyphy/ptII/ptolemy/actor/lib/test/auto/LevelCrossTest2.xml
----------------- Instantiating /home/travis/build/icyphy/ptII/ptolemy/actor/lib/test/auto/LevelCrossTest2.xml
1 ms. Memory: 447488K Free: 297059K (66%)
----------------- Invoking toplevel() on ptolemy.moml.MoMLSimpleApplication@240cec0c
----------------- Done invoking toplevel() on ptolemy.moml.MoMLSimpleApplication@240cec0c
reloadAllAccessors: .broken

===========================================================================================
----------------- testing Mon Jan 13 21:13:21 UTC 2020 /home/travis/build/icyphy/ptII/ptolemy/actor/lib/test/auto/LevelCrossTest3.xml
----------------- Instantiating /home/travis/build/icyphy/ptII/ptolemy/actor/lib/test/auto/LevelCrossTest3.xml
2 ms. Memory: 447488K Free: 290405K (65%)
----------------- Invoking toplevel() on ptolemy.moml.MoMLSimpleApplication@6e9bba36
----------------- Done invoking toplevel() on ptolemy.moml.MoMLSimpleApplication@6e9bba36
reloadAllAccessors: .LevelCrossTest3

===========================================================================================
----------------- testing Mon Jan 13 21:13:21 UTC 2020 /home/travis/build/icyphy/ptII/ptolemy/actor/lib/test/auto/LevelCrossTest4.xml
----------------- Instantiating /home/travis/build/icyphy/ptII/ptolemy/actor/lib/test/auto/LevelCrossTest4.xml
3 ms. Memory: 447488K Free: 284771K (64%)
----------------- Invoking toplevel() on ptolemy.moml.MoMLSimpleApplication@2d8acd4b
----------------- Done invoking toplevel() on ptolemy.moml.MoMLSimpleApplication@2d8acd4b
reloadAllAccessors: .broken

===========================================================================================
----------------- testing Mon Jan 13 21:13:21 UTC 2020 /home/travis/build/icyphy/ptII/ptolemy/actor/lib/test/auto/LevelCrossTest5.xml
----------------- Instantiating /home/travis/build/icyphy/ptII/ptolemy/actor/lib/test/auto/LevelCrossTest5.xml
4 ms. Memory: 447488K Free: 278627K (62%)
----------------- Invoking toplevel() on ptolemy.moml.MoMLSimpleApplication@6aafd794
----------------- Done invoking toplevel() on ptolemy.moml.MoMLSimpleApplication@6aafd794
reloadAllAccessors: .LevelCrossTest5

===========================================================================================
----------------- testing Mon Jan 13 21:13:21 UTC 2020 /home/travis/build/icyphy/ptII/ptolemy/actor/lib/test/auto/LevelCrossTest6.xml
----------------- Instantiating /home/travis/build/icyphy/ptII/ptolemy/actor/lib/test/auto/LevelCrossTest6.xml
1 ms. Memory: 447488K Free: 272483K (61%)
----------------- Invoking toplevel() on ptolemy.moml.MoMLSimpleApplication@2db799a5
----------------- Done invoking toplevel() on ptolemy.moml.MoMLSimpleApplication@2db799a5
reloadAllAccessors: .LevelCrossTest6

===========================================================================================
----------------- testing Mon Jan 13 21:13:21 UTC 2020 /home/travis/build/icyphy/ptII/ptolemy/actor/lib/test/auto/LevelCrossTest7.xml
----------------- Instantiating /home/travis/build/icyphy/ptII/ptolemy/actor/lib/test/auto/LevelCrossTest7.xml
1 ms. Memory: 447488K Free: 264805K (59%)
----------------- Invoking toplevel() on ptolemy.moml.MoMLSimpleApplication@319450af
----------------- Done invoking toplevel() on ptolemy.moml.MoMLSimpleApplication@319450af
reloadAllAccessors: .LevelCrossTest7

===========================================================================================
----------------- testing Mon Jan 13 21:13:21 UTC 2020 /home/travis/build/icyphy/ptII/ptolemy/actor/lib/test/auto/LevelCrossTest8.xml
----------------- Instantiating /home/travis/build/icyphy/ptII/ptolemy/actor/lib/test/auto/LevelCrossTest8.xml
1 ms. Memory: 447488K Free: 257123K (57%)
----------------- Invoking toplevel() on ptolemy.moml.MoMLSimpleApplication@5bd15125
----------------- Done invoking toplevel() on ptolemy.moml.MoMLSimpleApplication@5bd15125
reloadAllAccessors: .LevelCrossTest8

===========================================================================================
----------------- testing Mon Jan 13 21:13:21 UTC 2020 /home/travis/build/icyphy/ptII/ptolemy/actor/lib/test/auto/LevelCrossTest9.xml
----------------- Instantiating /home/travis/build/icyphy/ptII/ptolemy/actor/lib/test/auto/LevelCrossTest9.xml
1 ms. Memory: 447488K Free: 250979K (56%)
----------------- Invoking toplevel() on ptolemy.moml.MoMLSimpleApplication@bec532f
----------------- Done invoking toplevel() on ptolemy.moml.MoMLSimpleApplication@bec532f
reloadAllAccessors: .LevelCrossTest9

===========================================================================================
----------------- testing Mon Jan 13 21:13:21 UTC 2020 /home/travis/build/icyphy/ptII/ptolemy/actor/lib/test/auto/LevinsonDurbin.xml
----------------- Instantiating /home/travis/build/icyphy/ptII/ptolemy/actor/lib/test/auto/LevinsonDurbin.xml
9 ms. Memory: 447488K Free: 246883K (55%)
----------------- Invoking toplevel() on ptolemy.moml.MoMLSimpleApplication@61230b75
----------------- Done invoking toplevel() on ptolemy.moml.MoMLSimpleApplication@61230b75
reloadAllAccessors: .LevinsonDurbin

===========================================================================================
----------------- testing Mon Jan 13 21:13:21 UTC 2020 /home/travis/build/icyphy/ptII/ptolemy/actor/lib/test/auto/LevinsonDurbin2.xml
----------------- Instantiating /home/travis/build/icyphy/ptII/ptolemy/actor/lib/test/auto/LevinsonDurbin2.xml
1 ms. Memory: 447488K Free: 242787K (54%)
----------------- Invoking toplevel() on ptolemy.moml.MoMLSimpleApplication@12db4707
----------------- Done invoking toplevel() on ptolemy.moml.MoMLSimpleApplication@12db4707
reloadAllAccessors: .LevinsonDurbin2

===========================================================================================
----------------- testing Mon Jan 13 21:13:21 UTC 2020 /home/travis/build/icyphy/ptII/ptolemy/actor/lib/test/auto/LevinsonDurbin3.xml
----------------- Instantiating /home/travis/build/icyphy/ptII/ptolemy/actor/lib/test/auto/LevinsonDurbin3.xml
3 ms. Memory: 447488K Free: 238691K (53%)
----------------- Invoking toplevel() on ptolemy.moml.MoMLSimpleApplication@691c806f
----------------- Done invoking toplevel() on ptolemy.moml.MoMLSimpleApplication@691c806f
reloadAllAccessors: .LevinsonDurbin3

===========================================================================================
----------------- testing Mon Jan 13 21:13:21 UTC 2020 /home/travis/build/icyphy/ptII/ptolemy/actor/lib/test/auto/Limiter.xml
----------------- Instantiating /home/travis/build/icyphy/ptII/ptolemy/actor/lib/test/auto/Limiter.xml
4 ms. Memory: 447488K Free: 229989K (51%)
----------------- Invoking toplevel() on ptolemy.moml.MoMLSimpleApplication@188f3380
----------------- Done invoking toplevel() on ptolemy.moml.MoMLSimpleApplication@188f3380
reloadAllAccessors: .Limiter

===========================================================================================
----------------- testing Mon Jan 13 21:13:21 UTC 2020 /home/travis/build/icyphy/ptII/ptolemy/actor/lib/test/auto/LinearDifferenceEquationSystem.xml
----------------- Instantiating /home/travis/build/icyphy/ptII/ptolemy/actor/lib/test/auto/LinearDifferenceEquationSystem.xml
3 ms. Memory: 447488K Free: 222821K (50%)
----------------- Invoking toplevel() on ptolemy.moml.MoMLSimpleApplication@592ba413
----------------- Done invoking toplevel() on ptolemy.moml.MoMLSimpleApplication@592ba413
reloadAllAccessors: .LinearDifferenceEquationSystem

===========================================================================================
----------------- testing Mon Jan 13 21:13:21 UTC 2020 /home/travis/build/icyphy/ptII/ptolemy/actor/lib/test/auto/LookupTable.xml
----------------- Instantiating /home/travis/build/icyphy/ptII/ptolemy/actor/lib/test/auto/LookupTable.xml
2 ms. Memory: 447488K Free: 218211K (49%)
----------------- Invoking toplevel() on ptolemy.moml.MoMLSimpleApplication@24e6b13
----------------- Done invoking toplevel() on ptolemy.moml.MoMLSimpleApplication@24e6b13
reloadAllAccessors: .LookupTable

===========================================================================================
----------------- testing Mon Jan 13 21:13:21 UTC 2020 /home/travis/build/icyphy/ptII/ptolemy/actor/lib/test/auto/MathFunction.xml
----------------- Instantiating /home/travis/build/icyphy/ptII/ptolemy/actor/lib/test/auto/MathFunction.xml
2 ms. Memory: 447488K Free: 210019K (47%)
----------------- Invoking toplevel() on ptolemy.moml.MoMLSimpleApplication@72bf9ed5
----------------- Done invoking toplevel() on ptolemy.moml.MoMLSimpleApplication@72bf9ed5
reloadAllAccessors: .MathFunction

===========================================================================================
----------------- testing Mon Jan 13 21:13:21 UTC 2020 /home/travis/build/icyphy/ptII/ptolemy/actor/lib/test/auto/MathFunction2.xml
----------------- Instantiating /home/travis/build/icyphy/ptII/ptolemy/actor/lib/test/auto/MathFunction2.xml
2 ms. Memory: 447488K Free: 206437K (46%)
----------------- Invoking toplevel() on ptolemy.moml.MoMLSimpleApplication@525db1d1
----------------- Done invoking toplevel() on ptolemy.moml.MoMLSimpleApplication@525db1d1
reloadAllAccessors: .MathFunction2

===========================================================================================
----------------- testing Mon Jan 13 21:13:21 UTC 2020 /home/travis/build/icyphy/ptII/ptolemy/actor/lib/test/auto/MathFunction3.xml
----------------- Instantiating /home/travis/build/icyphy/ptII/ptolemy/actor/lib/test/auto/MathFunction3.xml
1 ms. Memory: 447488K Free: 199269K (45%)
----------------- Invoking toplevel() on ptolemy.moml.MoMLSimpleApplication@33443417
----------------- Done invoking toplevel() on ptolemy.moml.MoMLSimpleApplication@33443417
reloadAllAccessors: .MathFunction3

===========================================================================================
----------------- testing Mon Jan 13 21:13:21 UTC 2020 /home/travis/build/icyphy/ptII/ptolemy/actor/lib/test/auto/MatrixCropBoolean.xml
----------------- Instantiating /home/travis/build/icyphy/ptII/ptolemy/actor/lib/test/auto/MatrixCropBoolean.xml
2 ms. Memory: 447488K Free: 194653K (43%)
----------------- Invoking toplevel() on ptolemy.moml.MoMLSimpleApplication@30d1f008
----------------- Done invoking toplevel() on ptolemy.moml.MoMLSimpleApplication@30d1f008
reloadAllAccessors: .MatrixCropBoolean

===========================================================================================
----------------- testing Mon Jan 13 21:13:21 UTC 2020 /home/travis/build/icyphy/ptII/ptolemy/actor/lib/test/auto/MatrixCropComplex.xml
----------------- Instantiating /home/travis/build/icyphy/ptII/ptolemy/actor/lib/test/auto/MatrixCropComplex.xml
1 ms. Memory: 447488K Free: 189525K (42%)
----------------- Invoking toplevel() on ptolemy.moml.MoMLSimpleApplication@2cda1fff
----------------- Done invoking toplevel() on ptolemy.moml.MoMLSimpleApplication@2cda1fff
reloadAllAccessors: .MatrixCropComplex

===========================================================================================
----------------- testing Mon Jan 13 21:13:21 UTC 2020 /home/travis/build/icyphy/ptII/ptolemy/actor/lib/test/auto/MatrixCropDouble.xml
----------------- Instantiating /home/travis/build/icyphy/ptII/ptolemy/actor/lib/test/auto/MatrixCropDouble.xml
2 ms. Memory: 447488K Free: 184933K (41%)
----------------- Invoking toplevel() on ptolemy.moml.MoMLSimpleApplication@28443342
----------------- Done invoking toplevel() on ptolemy.moml.MoMLSimpleApplication@28443342
reloadAllAccessors: .MatrixCropDouble

===========================================================================================
----------------- testing Mon Jan 13 21:13:21 UTC 2020 /home/travis/build/icyphy/ptII/ptolemy/actor/lib/test/auto/MatrixCropFix.xml
----------------- Instantiating /home/travis/build/icyphy/ptII/ptolemy/actor/lib/test/auto/MatrixCropFix.xml
1 ms. Memory: 447488K Free: 179813K (40%)
----------------- Invoking toplevel() on ptolemy.moml.MoMLSimpleApplication@400317e6
----------------- Done invoking toplevel() on ptolemy.moml.MoMLSimpleApplication@400317e6
reloadAllAccessors: .MatrixCropFix

===========================================================================================
----------------- testing Mon Jan 13 21:13:21 UTC 2020 /home/travis/build/icyphy/ptII/ptolemy/actor/lib/test/auto/MatrixCropInt.xml
----------------- Instantiating /home/travis/build/icyphy/ptII/ptolemy/actor/lib/test/auto/MatrixCropInt.xml
2 ms. Memory: 447488K Free: 174693K (39%)
----------------- Invoking toplevel() on ptolemy.moml.MoMLSimpleApplication@203066dd
----------------- Done invoking toplevel() on ptolemy.moml.MoMLSimpleApplication@203066dd
reloadAllAccessors: .MatrixCropInt

===========================================================================================
----------------- testing Mon Jan 13 21:13:21 UTC 2020 /home/travis/build/icyphy/ptII/ptolemy/actor/lib/test/auto/MatrixCropLong.xml
----------------- Instantiating /home/travis/build/icyphy/ptII/ptolemy/actor/lib/test/auto/MatrixCropLong.xml
2 ms. Memory: 447488K Free: 169573K (38%)
----------------- Invoking toplevel() on ptolemy.moml.MoMLSimpleApplication@1ab79848
----------------- Done invoking toplevel() on ptolemy.moml.MoMLSimpleApplication@1ab79848
reloadAllAccessors: .MatrixCropLong

===========================================================================================
----------------- testing Mon Jan 13 21:13:21 UTC 2020 /home/travis/build/icyphy/ptII/ptolemy/actor/lib/test/auto/MatrixToArray.xml
----------------- Instantiating /home/travis/build/icyphy/ptII/ptolemy/actor/lib/test/auto/MatrixToArray.xml
6 ms. Memory: 447488K Free: 155237K (35%)
----------------- Invoking toplevel() on ptolemy.moml.MoMLSimpleApplication@56a9d790
----------------- Done invoking toplevel() on ptolemy.moml.MoMLSimpleApplication@56a9d790
reloadAllAccessors: .MatrixToArray

===========================================================================================
----------------- testing Mon Jan 13 21:13:21 UTC 2020 /home/travis/build/icyphy/ptII/ptolemy/actor/lib/test/auto/MaxIndex.xml
----------------- Instantiating /home/travis/build/icyphy/ptII/ptolemy/actor/lib/test/auto/MaxIndex.xml
7 ms. Memory: 447488K Free: 150117K (34%)
----------------- Invoking toplevel() on ptolemy.moml.MoMLSimpleApplication@75e322c
----------------- Done invoking toplevel() on ptolemy.moml.MoMLSimpleApplication@75e322c
reloadAllAccessors: .MaxIndex

===========================================================================================
----------------- testing Mon Jan 13 21:13:21 UTC 2020 /home/travis/build/icyphy/ptII/ptolemy/actor/lib/test/auto/Maximum.xml
----------------- Instantiating /home/travis/build/icyphy/ptII/ptolemy/actor/lib/test/auto/Maximum.xml
5 ms. Memory: 447488K Free: 143429K (32%)
----------------- Invoking toplevel() on ptolemy.moml.MoMLSimpleApplication@705b256c
----------------- Done invoking toplevel() on ptolemy.moml.MoMLSimpleApplication@705b256c
reloadAllAccessors: .Maximum

===========================================================================================
----------------- testing Mon Jan 13 21:13:22 UTC 2020 /home/travis/build/icyphy/ptII/ptolemy/actor/lib/test/auto/MaximumComplex.xml
----------------- Instantiating /home/travis/build/icyphy/ptII/ptolemy/actor/lib/test/auto/MaximumComplex.xml
4 ms. Memory: 447488K Free: 137301K (31%)
----------------- Invoking toplevel() on ptolemy.moml.MoMLSimpleApplication@24ad3808
----------------- Done invoking toplevel() on ptolemy.moml.MoMLSimpleApplication@24ad3808
reloadAllAccessors: .MaximumComplex

===========================================================================================
----------------- testing Mon Jan 13 21:13:22 UTC 2020 /home/travis/build/icyphy/ptII/ptolemy/actor/lib/test/auto/MethodCallTest.xml
----------------- Instantiating /home/travis/build/icyphy/ptII/ptolemy/actor/lib/test/auto/MethodCallTest.xml
3 ms. Memory: 447488K Free: 396118K (89%)
----------------- Invoking toplevel() on ptolemy.moml.MoMLSimpleApplication@2ba07724
----------------- Done invoking toplevel() on ptolemy.moml.MoMLSimpleApplication@2ba07724
reloadAllAccessors: .MethodCallTest

===========================================================================================
----------------- testing Mon Jan 13 21:13:22 UTC 2020 /home/travis/build/icyphy/ptII/ptolemy/actor/lib/test/auto/Minimum.xml
----------------- Instantiating /home/travis/build/icyphy/ptII/ptolemy/actor/lib/test/auto/Minimum.xml
3 ms. Memory: 447488K Free: 389494K (87%)
----------------- Invoking toplevel() on ptolemy.moml.MoMLSimpleApplication@4e916d77
----------------- Done invoking toplevel() on ptolemy.moml.MoMLSimpleApplication@4e916d77
reloadAllAccessors: .Minimum

===========================================================================================
----------------- testing Mon Jan 13 21:13:22 UTC 2020 /home/travis/build/icyphy/ptII/ptolemy/actor/lib/test/auto/MinimumComplex.xml
----------------- Instantiating /home/travis/build/icyphy/ptII/ptolemy/actor/lib/test/auto/MinimumComplex.xml
3 ms. Memory: 447488K Free: 383350K (86%)
----------------- Invoking toplevel() on ptolemy.moml.MoMLSimpleApplication@71e43544
----------------- Done invoking toplevel() on ptolemy.moml.MoMLSimpleApplication@71e43544
reloadAllAccessors: .MinimumComplex

===========================================================================================
----------------- testing Mon Jan 13 21:13:22 UTC 2020 /home/travis/build/icyphy/ptII/ptolemy/actor/lib/test/auto/MinimumMultiports.xml
----------------- Instantiating /home/travis/build/icyphy/ptII/ptolemy/actor/lib/test/auto/MinimumMultiports.xml
3 ms. Memory: 447488K Free: 374630K (84%)
----------------- Invoking toplevel() on ptolemy.moml.MoMLSimpleApplication@5c01b95a
----------------- Done invoking toplevel() on ptolemy.moml.MoMLSimpleApplication@5c01b95a
reloadAllAccessors: .MinimumMultiports

===========================================================================================
----------------- testing Mon Jan 13 21:13:22 UTC 2020 /home/travis/build/icyphy/ptII/ptolemy/actor/lib/test/auto/ModifyDate.xml
----------------- Instantiating /home/travis/build/icyphy/ptII/ptolemy/actor/lib/test/auto/ModifyDate.xml
8 ms. Memory: 447488K Free: 361846K (81%)
----------------- Invoking toplevel() on ptolemy.moml.MoMLSimpleApplication@33907e19
----------------- Done invoking toplevel() on ptolemy.moml.MoMLSimpleApplication@33907e19
reloadAllAccessors: .ModifyDate

===========================================================================================
----------------- testing Mon Jan 13 21:13:22 UTC 2020 /home/travis/build/icyphy/ptII/ptolemy/actor/lib/test/auto/ModifyDate2.xml
----------------- Instantiating /home/travis/build/icyphy/ptII/ptolemy/actor/lib/test/auto/ModifyDate2.xml
3 ms. Memory: 447488K Free: 353140K (79%)
----------------- Invoking toplevel() on ptolemy.moml.MoMLSimpleApplication@56e339b9
----------------- Done invoking toplevel() on ptolemy.moml.MoMLSimpleApplication@56e339b9
reloadAllAccessors: .ModifyDate2

===========================================================================================
----------------- testing Mon Jan 13 21:13:22 UTC 2020 /home/travis/build/icyphy/ptII/ptolemy/actor/lib/test/auto/MovingAverage.xml
----------------- Instantiating /home/travis/build/icyphy/ptII/ptolemy/actor/lib/test/auto/MovingAverage.xml
9 ms. Memory: 447488K Free: 348534K (78%)
----------------- Invoking toplevel() on ptolemy.moml.MoMLSimpleApplication@3ddba36e
----------------- Done invoking toplevel() on ptolemy.moml.MoMLSimpleApplication@3ddba36e
reloadAllAccessors: .MovingAverage

===========================================================================================
----------------- testing Mon Jan 13 21:13:22 UTC 2020 /home/travis/build/icyphy/ptII/ptolemy/actor/lib/test/auto/MovingMaximum.xml
----------------- Instantiating /home/travis/build/icyphy/ptII/ptolemy/actor/lib/test/auto/MovingMaximum.xml
1 ms. Memory: 447488K Free: 343924K (77%)
----------------- Invoking toplevel() on ptolemy.moml.MoMLSimpleApplication@456f52fb
----------------- Done invoking toplevel() on ptolemy.moml.MoMLSimpleApplication@456f52fb
reloadAllAccessors: .MovingMaximum

===========================================================================================
----------------- testing Mon Jan 13 21:13:22 UTC 2020 /home/travis/build/icyphy/ptII/ptolemy/actor/lib/test/auto/MultipleLinksToSameRelation.xml
----------------- Instantiating /home/travis/build/icyphy/ptII/ptolemy/actor/lib/test/auto/MultipleLinksToSameRelation.xml
2 ms. Memory: 447488K Free: 339828K (76%)
----------------- Invoking toplevel() on ptolemy.moml.MoMLSimpleApplication@7ed732cf
----------------- Done invoking toplevel() on ptolemy.moml.MoMLSimpleApplication@7ed732cf
reloadAllAccessors: .MultipleLinksToSameRelation

===========================================================================================
----------------- testing Mon Jan 13 21:13:22 UTC 2020 /home/travis/build/icyphy/ptII/ptolemy/actor/lib/test/auto/MultipleLinksToSameRelationDE.xml
----------------- Instantiating /home/travis/build/icyphy/ptII/ptolemy/actor/lib/test/auto/MultipleLinksToSameRelationDE.xml
4 ms. Memory: 447488K Free: 335222K (75%)
----------------- Invoking toplevel() on ptolemy.moml.MoMLSimpleApplication@3aa4e74a
----------------- Done invoking toplevel() on ptolemy.moml.MoMLSimpleApplication@3aa4e74a
reloadAllAccessors: .MultipleLinksToSameRelationDE

===========================================================================================
----------------- testing Mon Jan 13 21:13:22 UTC 2020 /home/travis/build/icyphy/ptII/ptolemy/actor/lib/test/auto/Multiplexor.xml
----------------- Instantiating /home/travis/build/icyphy/ptII/ptolemy/actor/lib/test/auto/Multiplexor.xml
2 ms. Memory: 447488K Free: 329588K (74%)
----------------- Invoking toplevel() on ptolemy.moml.MoMLSimpleApplication@3c33ac6a
----------------- Done invoking toplevel() on ptolemy.moml.MoMLSimpleApplication@3c33ac6a
reloadAllAccessors: .Multiplexor

===========================================================================================
----------------- testing Mon Jan 13 21:13:22 UTC 2020 /home/travis/build/icyphy/ptII/ptolemy/actor/lib/test/auto/Multiplexor1.xml
----------------- Instantiating /home/travis/build/icyphy/ptII/ptolemy/actor/lib/test/auto/Multiplexor1.xml
2 ms. Memory: 447488K Free: 324454K (73%)
----------------- Invoking toplevel() on ptolemy.moml.MoMLSimpleApplication@42d2ee31
----------------- Done invoking toplevel() on ptolemy.moml.MoMLSimpleApplication@42d2ee31
reloadAllAccessors: .Multiplexor1

===========================================================================================
----------------- testing Mon Jan 13 21:13:22 UTC 2020 /home/travis/build/icyphy/ptII/ptolemy/actor/lib/test/auto/Multiplexor2.xml
----------------- Instantiating /home/travis/build/icyphy/ptII/ptolemy/actor/lib/test/auto/Multiplexor2.xml
6 ms. Memory: 447488K Free: 317812K (71%)
----------------- Invoking toplevel() on ptolemy.moml.MoMLSimpleApplication@7f237b5f
----------------- Done invoking toplevel() on ptolemy.moml.MoMLSimpleApplication@7f237b5f
reloadAllAccessors: .Multiplexor2

===========================================================================================
----------------- testing Mon Jan 13 21:13:22 UTC 2020 /home/travis/build/icyphy/ptII/ptolemy/actor/lib/test/auto/Multiplexor3.xml
----------------- Instantiating /home/travis/build/icyphy/ptII/ptolemy/actor/lib/test/auto/Multiplexor3.xml
2 ms. Memory: 447488K Free: 313718K (70%)
----------------- Invoking toplevel() on ptolemy.moml.MoMLSimpleApplication@29ef69e
----------------- Done invoking toplevel() on ptolemy.moml.MoMLSimpleApplication@29ef69e
reloadAllAccessors: .Multiplexor3

===========================================================================================
----------------- testing Mon Jan 13 21:13:22 UTC 2020 /home/travis/build/icyphy/ptII/ptolemy/actor/lib/test/auto/MultiplexorDE.xml
----------------- Instantiating /home/travis/build/icyphy/ptII/ptolemy/actor/lib/test/auto/MultiplexorDE.xml
2 ms. Memory: 447488K Free: 306022K (68%)
----------------- Invoking toplevel() on ptolemy.moml.MoMLSimpleApplication@7a5fd36b
----------------- Done invoking toplevel() on ptolemy.moml.MoMLSimpleApplication@7a5fd36b
reloadAllAccessors: .MultiplexorDE

===========================================================================================
----------------- testing Mon Jan 13 21:13:22 UTC 2020 /home/travis/build/icyphy/ptII/ptolemy/actor/lib/test/auto/MultiportBroadcastTest.xml
----------------- Instantiating /home/travis/build/icyphy/ptII/ptolemy/actor/lib/test/auto/MultiportBroadcastTest.xml
89 ms. Memory: 447488K Free: 299878K (67%)
----------------- Invoking toplevel() on ptolemy.moml.MoMLSimpleApplication@3b11ebe8
----------------- Done invoking toplevel() on ptolemy.moml.MoMLSimpleApplication@3b11ebe8
reloadAllAccessors: .MultiportBroadcastTest

===========================================================================================
----------------- testing Mon Jan 13 21:13:22 UTC 2020 /home/travis/build/icyphy/ptII/ptolemy/actor/lib/test/auto/MultiportOutHangDuringGetWidth.xml
----------------- Instantiating /home/travis/build/icyphy/ptII/ptolemy/actor/lib/test/auto/MultiportOutHangDuringGetWidth.xml
6 ms. Memory: 447488K Free: 288118K (64%)
----------------- Invoking toplevel() on ptolemy.moml.MoMLSimpleApplication@45878a5a
----------------- Done invoking toplevel() on ptolemy.moml.MoMLSimpleApplication@45878a5a
reloadAllAccessors: .MultiportOutHangDuringGetWidth

===========================================================================================
----------------- testing Mon Jan 13 21:13:22 UTC 2020 /home/travis/build/icyphy/ptII/ptolemy/actor/lib/test/auto/NilToken.xml
----------------- Instantiating /home/travis/build/icyphy/ptII/ptolemy/actor/lib/test/auto/NilToken.xml
1 ms. Memory: 447488K Free: 284022K (63%)
----------------- Invoking toplevel() on ptolemy.moml.MoMLSimpleApplication@66221d31
----------------- Done invoking toplevel() on ptolemy.moml.MoMLSimpleApplication@66221d31
reloadAllAccessors: .NilToken

===========================================================================================
----------------- testing Mon Jan 13 21:13:22 UTC 2020 /home/travis/build/icyphy/ptII/ptolemy/actor/lib/test/auto/NilTokenNonStrictTest.xml
----------------- Instantiating /home/travis/build/icyphy/ptII/ptolemy/actor/lib/test/auto/NilTokenNonStrictTest.xml
3 ms. Memory: 447488K Free: 279412K (62%)
----------------- Invoking toplevel() on ptolemy.moml.MoMLSimpleApplication@1eb09f5d
----------------- Done invoking toplevel() on ptolemy.moml.MoMLSimpleApplication@1eb09f5d
reloadAllAccessors: .NilTokenNonStrictTest

===========================================================================================
----------------- testing Mon Jan 13 21:13:22 UTC 2020 /home/travis/build/icyphy/ptII/ptolemy/actor/lib/test/auto/NilTokenRecord.xml
----------------- Instantiating /home/travis/build/icyphy/ptII/ptolemy/actor/lib/test/auto/NilTokenRecord.xml
6 ms. Memory: 447488K Free: 272758K (61%)
----------------- Invoking toplevel() on ptolemy.moml.MoMLSimpleApplication@43537956
----------------- Done invoking toplevel() on ptolemy.moml.MoMLSimpleApplication@43537956
reloadAllAccessors: .NilTokenRecord

===========================================================================================
----------------- testing Mon Jan 13 21:13:22 UTC 2020 /home/travis/build/icyphy/ptII/ptolemy/actor/lib/test/auto/NilTokenTypeTest.xml
----------------- Instantiating /home/travis/build/icyphy/ptII/ptolemy/actor/lib/test/auto/NilTokenTypeTest.xml
9 ms. Memory: 447488K Free: 263028K (59%)
----------------- Invoking toplevel() on ptolemy.moml.MoMLSimpleApplication@60b17a2e
----------------- Done invoking toplevel() on ptolemy.moml.MoMLSimpleApplication@60b17a2e
reloadAllAccessors: .NilTokenTypeTest

===========================================================================================
----------------- testing Mon Jan 13 21:13:22 UTC 2020 /home/travis/build/icyphy/ptII/ptolemy/actor/lib/test/auto/ObjectToken1.xml
----------------- Instantiating /home/travis/build/icyphy/ptII/ptolemy/actor/lib/test/auto/ObjectToken1.xml
2 ms. Memory: 447488K Free: 258932K (58%)
----------------- Invoking toplevel() on ptolemy.moml.MoMLSimpleApplication@239a48a0
----------------- Done invoking toplevel() on ptolemy.moml.MoMLSimpleApplication@239a48a0
reloadAllAccessors: .ObjectToken1

===========================================================================================
----------------- testing Mon Jan 13 21:13:22 UTC 2020 /home/travis/build/icyphy/ptII/ptolemy/actor/lib/test/auto/OrderedMerge.xml
----------------- Instantiating /home/travis/build/icyphy/ptII/ptolemy/actor/lib/test/auto/OrderedMerge.xml
8 ms. Memory: 447488K Free: 253812K (57%)
----------------- Invoking toplevel() on ptolemy.moml.MoMLSimpleApplication@33e3a98c
----------------- Done invoking toplevel() on ptolemy.moml.MoMLSimpleApplication@33e3a98c
reloadAllAccessors: .OrderedMerge

===========================================================================================
----------------- testing Mon Jan 13 21:13:22 UTC 2020 /home/travis/build/icyphy/ptII/ptolemy/actor/lib/test/auto/OrderedRecordDisassembler.xml
----------------- Instantiating /home/travis/build/icyphy/ptII/ptolemy/actor/lib/test/auto/OrderedRecordDisassembler.xml
3 ms. Memory: 447488K Free: 248678K (56%)
----------------- Invoking toplevel() on ptolemy.moml.MoMLSimpleApplication@297c023c
----------------- Done invoking toplevel() on ptolemy.moml.MoMLSimpleApplication@297c023c
reloadAllAccessors: .OrderedRecordDisassembler

===========================================================================================
----------------- testing Mon Jan 13 21:13:22 UTC 2020 /home/travis/build/icyphy/ptII/ptolemy/actor/lib/test/auto/OrderedRecordDisassembler2.xml
----------------- Instantiating /home/travis/build/icyphy/ptII/ptolemy/actor/lib/test/auto/OrderedRecordDisassembler2.xml
4 ms. Memory: 447488K Free: 241014K (54%)
----------------- Invoking toplevel() on ptolemy.moml.MoMLSimpleApplication@5198d098
----------------- Done invoking toplevel() on ptolemy.moml.MoMLSimpleApplication@5198d098
reloadAllAccessors: .OrderedRecordDisassembler2

===========================================================================================
----------------- testing Mon Jan 13 21:13:22 UTC 2020 /home/travis/build/icyphy/ptII/ptolemy/actor/lib/test/auto/OrderedRecordUpdater.xml
----------------- Instantiating /home/travis/build/icyphy/ptII/ptolemy/actor/lib/test/auto/OrderedRecordUpdater.xml
2 ms. Memory: 447488K Free: 235894K (53%)
----------------- Invoking toplevel() on ptolemy.moml.MoMLSimpleApplication@5da02d8e
----------------- Done invoking toplevel() on ptolemy.moml.MoMLSimpleApplication@5da02d8e
reloadAllAccessors: .RecordUpdater

===========================================================================================
----------------- testing Mon Jan 13 21:13:22 UTC 2020 /home/travis/build/icyphy/ptII/ptolemy/actor/lib/test/auto/OrderedRecordUpdater2.xml
----------------- Instantiating /home/travis/build/icyphy/ptII/ptolemy/actor/lib/test/auto/OrderedRecordUpdater2.xml
1 ms. Memory: 447488K Free: 231284K (52%)
----------------- Invoking toplevel() on ptolemy.moml.MoMLSimpleApplication@45a7491f
----------------- Done invoking toplevel() on ptolemy.moml.MoMLSimpleApplication@45a7491f
reloadAllAccessors: .RecordUpdater2

===========================================================================================
----------------- testing Mon Jan 13 21:13:22 UTC 2020 /home/travis/build/icyphy/ptII/ptolemy/actor/lib/test/auto/PhaseUnwrap.xml
----------------- Instantiating /home/travis/build/icyphy/ptII/ptolemy/actor/lib/test/auto/PhaseUnwrap.xml
2 ms. Memory: 447488K Free: 226678K (51%)
----------------- Invoking toplevel() on ptolemy.moml.MoMLSimpleApplication@574f848d
----------------- Done invoking toplevel() on ptolemy.moml.MoMLSimpleApplication@574f848d
reloadAllAccessors: .PhaseUnwrap

===========================================================================================
----------------- testing Mon Jan 13 21:13:22 UTC 2020 /home/travis/build/icyphy/ptII/ptolemy/actor/lib/test/auto/PoissonClock.xml
----------------- Instantiating /home/travis/build/icyphy/ptII/ptolemy/actor/lib/test/auto/PoissonClock.xml
2 ms. Memory: 447488K Free: 222582K (50%)
----------------- Invoking toplevel() on ptolemy.moml.MoMLSimpleApplication@4b617c5
----------------- Done invoking toplevel() on ptolemy.moml.MoMLSimpleApplication@4b617c5
reloadAllAccessors: .PoissonClock

===========================================================================================
----------------- testing Mon Jan 13 21:13:22 UTC 2020 /home/travis/build/icyphy/ptII/ptolemy/actor/lib/test/auto/PoissonClock2.xml
----------------- Instantiating /home/travis/build/icyphy/ptII/ptolemy/actor/lib/test/auto/PoissonClock2.xml
1 ms. Memory: 447488K Free: 218486K (49%)
----------------- Invoking toplevel() on ptolemy.moml.MoMLSimpleApplication@3149776d
----------------- Done invoking toplevel() on ptolemy.moml.MoMLSimpleApplication@3149776d
reloadAllAccessors: .PoissonClock2

===========================================================================================
----------------- testing Mon Jan 13 21:13:22 UTC 2020 /home/travis/build/icyphy/ptII/ptolemy/actor/lib/test/auto/PoissonClock3.xml
----------------- Instantiating /home/travis/build/icyphy/ptII/ptolemy/actor/lib/test/auto/PoissonClock3.xml
3 ms. Memory: 447488K Free: 213876K (48%)
----------------- Invoking toplevel() on ptolemy.moml.MoMLSimpleApplication@15131116
----------------- Done invoking toplevel() on ptolemy.moml.MoMLSimpleApplication@15131116
reloadAllAccessors: .PoissonClock3

===========================================================================================
----------------- testing Mon Jan 13 21:13:22 UTC 2020 /home/travis/build/icyphy/ptII/ptolemy/actor/lib/test/auto/PubSubWithInitialTokens.xml
----------------- Instantiating /home/travis/build/icyphy/ptII/ptolemy/actor/lib/test/auto/PubSubWithInitialTokens.xml
2 ms. Memory: 447488K Free: 208246K (47%)
----------------- Invoking toplevel() on ptolemy.moml.MoMLSimpleApplication@398e1f64
----------------- Done invoking toplevel() on ptolemy.moml.MoMLSimpleApplication@398e1f64
reloadAllAccessors: .PubSubWithInitialTokens

===========================================================================================
----------------- testing Mon Jan 13 21:13:22 UTC 2020 /home/travis/build/icyphy/ptII/ptolemy/actor/lib/test/auto/PubSubWithInitialTokens2.xml
----------------- Instantiating /home/travis/build/icyphy/ptII/ptolemy/actor/lib/test/auto/PubSubWithInitialTokens2.xml
2 ms. Memory: 447488K Free: 202102K (45%)
----------------- Invoking toplevel() on ptolemy.moml.MoMLSimpleApplication@1c79f39e
----------------- Done invoking toplevel() on ptolemy.moml.MoMLSimpleApplication@1c79f39e
reloadAllAccessors: .PubSubWithInitialTokens2

===========================================================================================
----------------- testing Mon Jan 13 21:13:22 UTC 2020 /home/travis/build/icyphy/ptII/ptolemy/actor/lib/test/auto/PublisherClassNoParameter.xml
----------------- Instantiating /home/travis/build/icyphy/ptII/ptolemy/actor/lib/test/auto/PublisherClassNoParameter.xml
2 ms. Memory: 447488K Free: 192358K (43%)
----------------- Invoking toplevel() on ptolemy.moml.MoMLSimpleApplication@1cfc5e53
----------------- Done invoking toplevel() on ptolemy.moml.MoMLSimpleApplication@1cfc5e53
reloadAllAccessors: .PublisherClassNoParameter

===========================================================================================
----------------- testing Mon Jan 13 21:13:22 UTC 2020 /home/travis/build/icyphy/ptII/ptolemy/actor/lib/test/auto/PublisherClassParameter.xml
----------------- Instantiating /home/travis/build/icyphy/ptII/ptolemy/actor/lib/test/auto/PublisherClassParameter.xml
2 ms. Memory: 447488K Free: 181622K (41%)
----------------- Invoking toplevel() on ptolemy.moml.MoMLSimpleApplication@eb6a505
----------------- Done invoking toplevel() on ptolemy.moml.MoMLSimpleApplication@eb6a505
reloadAllAccessors: .PublisherClassParameter

===========================================================================================
----------------- testing Mon Jan 13 21:13:22 UTC 2020 /home/travis/build/icyphy/ptII/ptolemy/actor/lib/test/auto/PublisherNonStrictTest.xml
----------------- Instantiating /home/travis/build/icyphy/ptII/ptolemy/actor/lib/test/auto/PublisherNonStrictTest.xml
3 ms. Memory: 447488K Free: 173934K (39%)
----------------- Invoking toplevel() on ptolemy.moml.MoMLSimpleApplication@238bc3e7
----------------- Done invoking toplevel() on ptolemy.moml.MoMLSimpleApplication@238bc3e7
reloadAllAccessors: .PublisherNonStrictTest

===========================================================================================
----------------- testing Mon Jan 13 21:13:22 UTC 2020 /home/travis/build/icyphy/ptII/ptolemy/actor/lib/test/auto/PublisherPort1.xml
----------------- Instantiating /home/travis/build/icyphy/ptII/ptolemy/actor/lib/test/auto/PublisherPort1.xml
2 ms. Memory: 447488K Free: 168310K (38%)
----------------- Invoking toplevel() on ptolemy.moml.MoMLSimpleApplication@5b8d0647
----------------- Done invoking toplevel() on ptolemy.moml.MoMLSimpleApplication@5b8d0647
reloadAllAccessors: .PublisherPort1

===========================================================================================
----------------- testing Mon Jan 13 21:13:22 UTC 2020 /home/travis/build/icyphy/ptII/ptolemy/actor/lib/test/auto/PublisherPort2.xml
----------------- Instantiating /home/travis/build/icyphy/ptII/ptolemy/actor/lib/test/auto/PublisherPort2.xml
1 ms. Memory: 447488K Free: 163700K (37%)
----------------- Invoking toplevel() on ptolemy.moml.MoMLSimpleApplication@5fb766bd
----------------- Done invoking toplevel() on ptolemy.moml.MoMLSimpleApplication@5fb766bd
reloadAllAccessors: .PublisherPort2

===========================================================================================
----------------- testing Mon Jan 13 21:13:22 UTC 2020 /home/travis/build/icyphy/ptII/ptolemy/actor/lib/test/auto/PublisherPort3.xml
----------------- Instantiating /home/travis/build/icyphy/ptII/ptolemy/actor/lib/test/auto/PublisherPort3.xml
10 ms. Memory: 447488K Free: 157046K (35%)
----------------- Invoking toplevel() on ptolemy.moml.MoMLSimpleApplication@4791e9b6
----------------- Done invoking toplevel() on ptolemy.moml.MoMLSimpleApplication@4791e9b6
reloadAllAccessors: .PublisherPort3

===========================================================================================
----------------- testing Mon Jan 13 21:13:22 UTC 2020 /home/travis/build/icyphy/ptII/ptolemy/actor/lib/test/auto/PublisherPort4.xml
----------------- Instantiating /home/travis/build/icyphy/ptII/ptolemy/actor/lib/test/auto/PublisherPort4.xml
2 ms. Memory: 447488K Free: 151406K (34%)
----------------- Invoking toplevel() on ptolemy.moml.MoMLSimpleApplication@21f891ab
----------------- Done invoking toplevel() on ptolemy.moml.MoMLSimpleApplication@21f891ab
reloadAllAccessors: .PublisherPort4

===========================================================================================
----------------- testing Mon Jan 13 21:13:22 UTC 2020 /home/travis/build/icyphy/ptII/ptolemy/actor/lib/test/auto/PublisherPort5.xml
----------------- Instantiating /home/travis/build/icyphy/ptII/ptolemy/actor/lib/test/auto/PublisherPort5.xml
3 ms. Memory: 447488K Free: 143734K (32%)
----------------- Invoking toplevel() on ptolemy.moml.MoMLSimpleApplication@46a5f0e7
----------------- Done invoking toplevel() on ptolemy.moml.MoMLSimpleApplication@46a5f0e7
reloadAllAccessors: .PublisherPort5

===========================================================================================
----------------- testing Mon Jan 13 21:13:22 UTC 2020 /home/travis/build/icyphy/ptII/ptolemy/actor/lib/test/auto/PublisherPort5LookAlike.xml
----------------- Instantiating /home/travis/build/icyphy/ptII/ptolemy/actor/lib/test/auto/PublisherPort5LookAlike.xml
8 ms. Memory: 447488K Free: 136046K (30%)
----------------- Invoking toplevel() on ptolemy.moml.MoMLSimpleApplication@1f178c7f
----------------- Done invoking toplevel() on ptolemy.moml.MoMLSimpleApplication@1f178c7f
reloadAllAccessors: .PublisherPort5LookAlike

===========================================================================================
----------------- testing Mon Jan 13 21:13:22 UTC 2020 /home/travis/build/icyphy/ptII/ptolemy/actor/lib/test/auto/PublisherPort6.xml
----------------- Instantiating /home/travis/build/icyphy/ptII/ptolemy/actor/lib/test/auto/PublisherPort6.xml
2 ms. Memory: 447488K Free: 394012K (88%)
----------------- Invoking toplevel() on ptolemy.moml.MoMLSimpleApplication@ec4fe09
----------------- Done invoking toplevel() on ptolemy.moml.MoMLSimpleApplication@ec4fe09
reloadAllAccessors: .PublisherPort6

===========================================================================================
----------------- testing Mon Jan 13 21:13:22 UTC 2020 /home/travis/build/icyphy/ptII/ptolemy/actor/lib/test/auto/PublisherPort7.xml
----------------- Instantiating /home/travis/build/icyphy/ptII/ptolemy/actor/lib/test/auto/PublisherPort7.xml
3 ms. Memory: 447488K Free: 386330K (86%)
----------------- Invoking toplevel() on ptolemy.moml.MoMLSimpleApplication@13973048
----------------- Done invoking toplevel() on ptolemy.moml.MoMLSimpleApplication@13973048
reloadAllAccessors: .PublisherPort7

===========================================================================================
----------------- testing Mon Jan 13 21:13:22 UTC 2020 /home/travis/build/icyphy/ptII/ptolemy/actor/lib/test/auto/PublisherPort8.xml
----------------- Instantiating /home/travis/build/icyphy/ptII/ptolemy/actor/lib/test/auto/PublisherPort8.xml
3 ms. Memory: 447488K Free: 377628K (84%)
----------------- Invoking toplevel() on ptolemy.moml.MoMLSimpleApplication@343d3068
----------------- Done invoking toplevel() on ptolemy.moml.MoMLSimpleApplication@343d3068
reloadAllAccessors: .PublisherPort8

===========================================================================================
----------------- testing Mon Jan 13 21:13:22 UTC 2020 /home/travis/build/icyphy/ptII/ptolemy/actor/lib/test/auto/PublisherPortSubscriberChannelVariablesAOC2.xml
----------------- Instantiating /home/travis/build/icyphy/ptII/ptolemy/actor/lib/test/auto/PublisherPortSubscriberChannelVariablesAOC2.xml
3 ms. Memory: 447488K Free: 359700K (80%)
----------------- Invoking toplevel() on ptolemy.moml.MoMLSimpleApplication@288a1164
----------------- Done invoking toplevel() on ptolemy.moml.MoMLSimpleApplication@288a1164
reloadAllAccessors: .PublisherPortSubscriberChannelVariablesAOC2

===========================================================================================
----------------- testing Mon Jan 13 21:13:23 UTC 2020 /home/travis/build/icyphy/ptII/ptolemy/actor/lib/test/auto/PublisherPortSubscriberOpaqueWidthInference.xml
----------------- Instantiating /home/travis/build/icyphy/ptII/ptolemy/actor/lib/test/auto/PublisherPortSubscriberOpaqueWidthInference.xml
4 ms. Memory: 447488K Free: 352028K (79%)
----------------- Invoking toplevel() on ptolemy.moml.MoMLSimpleApplication@26d20740
----------------- Done invoking toplevel() on ptolemy.moml.MoMLSimpleApplication@26d20740
reloadAllAccessors: .PublisherPortSubscriberOpaqueWidthInference

===========================================================================================
----------------- testing Mon Jan 13 21:13:23 UTC 2020 /home/travis/build/icyphy/ptII/ptolemy/actor/lib/test/auto/PublisherPortSubscriberPortAdjacent.xml
----------------- Instantiating /home/travis/build/icyphy/ptII/ptolemy/actor/lib/test/auto/PublisherPortSubscriberPortAdjacent.xml
1 ms. Memory: 447488K Free: 343836K (77%)
----------------- Invoking toplevel() on ptolemy.moml.MoMLSimpleApplication@315787bf
----------------- Done invoking toplevel() on ptolemy.moml.MoMLSimpleApplication@315787bf
reloadAllAccessors: .PublisherPortSubscriberPortAdjacent

===========================================================================================
----------------- testing Mon Jan 13 21:13:23 UTC 2020 /home/travis/build/icyphy/ptII/ptolemy/actor/lib/test/auto/PublisherPortSubscriberPortExpression.xml
----------------- Instantiating /home/travis/build/icyphy/ptII/ptolemy/actor/lib/test/auto/PublisherPortSubscriberPortExpression.xml
8 ms. Memory: 447488K Free: 336140K (75%)
----------------- Invoking toplevel() on ptolemy.moml.MoMLSimpleApplication@69022f09
----------------- Done invoking toplevel() on ptolemy.moml.MoMLSimpleApplication@69022f09
reloadAllAccessors: .PublisherPortSubscriberPortExpression

===========================================================================================
----------------- testing Mon Jan 13 21:13:23 UTC 2020 /home/travis/build/icyphy/ptII/ptolemy/actor/lib/test/auto/PublisherPortSubscriberPortOpaqueD3Reverse.xml
----------------- Instantiating /home/travis/build/icyphy/ptII/ptolemy/actor/lib/test/auto/PublisherPortSubscriberPortOpaqueD3Reverse.xml
6 ms. Memory: 447488K Free: 325914K (73%)
----------------- Invoking toplevel() on ptolemy.moml.MoMLSimpleApplication@10479e65
----------------- Done invoking toplevel() on ptolemy.moml.MoMLSimpleApplication@10479e65
reloadAllAccessors: .PublisherPortSubscriberPortOpaqueD3Reverse

===========================================================================================
----------------- testing Mon Jan 13 21:13:23 UTC 2020 /home/travis/build/icyphy/ptII/ptolemy/actor/lib/test/auto/PublisherPortSubscriberPortOpaqueWidthInference.xml
----------------- Instantiating /home/travis/build/icyphy/ptII/ptolemy/actor/lib/test/auto/PublisherPortSubscriberPortOpaqueWidthInference.xml
4 ms. Memory: 447488K Free: 318236K (71%)
----------------- Invoking toplevel() on ptolemy.moml.MoMLSimpleApplication@7f7ff598
----------------- Done invoking toplevel() on ptolemy.moml.MoMLSimpleApplication@7f7ff598
reloadAllAccessors: .PublisherPortSubscriberPortOpaqueWidthInference

===========================================================================================
----------------- testing Mon Jan 13 21:13:23 UTC 2020 /home/travis/build/icyphy/ptII/ptolemy/actor/lib/test/auto/PublisherPortToplevelSubscriberPortAOC.xml
----------------- Instantiating /home/travis/build/icyphy/ptII/ptolemy/actor/lib/test/auto/PublisherPortToplevelSubscriberPortAOC.xml
.PublisherPortToplevelSubscriberPortAOC.TestExceptionAttribute: initialize() was not invoked, but wrapup() was.  This is unusual, but not always a problem.  For example, exporting JNLP will do this.
1 ms. Memory: 447488K Free: 312602K (70%)
----------------- Invoking toplevel() on ptolemy.moml.MoMLSimpleApplication@5dd88f
----------------- Done invoking toplevel() on ptolemy.moml.MoMLSimpleApplication@5dd88f
reloadAllAccessors: .PublisherPortToplevelSubscriberPortAOC

===========================================================================================
----------------- testing Mon Jan 13 21:13:23 UTC 2020 /home/travis/build/icyphy/ptII/ptolemy/actor/lib/test/auto/PublisherSubscriber.xml
----------------- Instantiating /home/travis/build/icyphy/ptII/ptolemy/actor/lib/test/auto/PublisherSubscriber.xml
3 ms. Memory: 447488K Free: 304924K (68%)
----------------- Invoking toplevel() on ptolemy.moml.MoMLSimpleApplication@570135c6
----------------- Done invoking toplevel() on ptolemy.moml.MoMLSimpleApplication@570135c6
reloadAllAccessors: .PublisherSubscriber

===========================================================================================
----------------- testing Mon Jan 13 21:13:23 UTC 2020 /home/travis/build/icyphy/ptII/ptolemy/actor/lib/test/auto/PublisherSubscriber10.xml
----------------- Instantiating /home/travis/build/icyphy/ptII/ptolemy/actor/lib/test/auto/PublisherSubscriber10.xml
6 ms. Memory: 447488K Free: 295194K (66%)
----------------- Invoking toplevel() on ptolemy.moml.MoMLSimpleApplication@470936e2
----------------- Done invoking toplevel() on ptolemy.moml.MoMLSimpleApplication@470936e2
reloadAllAccessors: .PublisherSubscriber10

===========================================================================================
----------------- testing Mon Jan 13 21:13:23 UTC 2020 /home/travis/build/icyphy/ptII/ptolemy/actor/lib/test/auto/PublisherSubscriber10InitialOutputs.xml
----------------- Instantiating /home/travis/build/icyphy/ptII/ptolemy/actor/lib/test/auto/PublisherSubscriber10InitialOutputs.xml
12 ms. Memory: 447488K Free: 286492K (64%)
----------------- Invoking toplevel() on ptolemy.moml.MoMLSimpleApplication@1febc2c9
----------------- Done invoking toplevel() on ptolemy.moml.MoMLSimpleApplication@1febc2c9
reloadAllAccessors: .PublisherSubscriber10InitialOutputs

===========================================================================================
----------------- testing Mon Jan 13 21:13:23 UTC 2020 /home/travis/build/icyphy/ptII/ptolemy/actor/lib/test/auto/PublisherSubscriber11.xml
----------------- Instantiating /home/travis/build/icyphy/ptII/ptolemy/actor/lib/test/auto/PublisherSubscriber11.xml
3 ms. Memory: 447488K Free: 280348K (63%)
----------------- Invoking toplevel() on ptolemy.moml.MoMLSimpleApplication@449b53cf
----------------- Done invoking toplevel() on ptolemy.moml.MoMLSimpleApplication@449b53cf
reloadAllAccessors: .PublisherSubscriber11

===========================================================================================
----------------- testing Mon Jan 13 21:13:23 UTC 2020 /home/travis/build/icyphy/ptII/ptolemy/actor/lib/test/auto/PublisherSubscriber12.xml
----------------- Instantiating /home/travis/build/icyphy/ptII/ptolemy/actor/lib/test/auto/PublisherSubscriber12.xml
5 ms. Memory: 447488K Free: 273690K (61%)
----------------- Invoking toplevel() on ptolemy.moml.MoMLSimpleApplication@58976119
----------------- Done invoking toplevel() on ptolemy.moml.MoMLSimpleApplication@58976119
reloadAllAccessors: .PublisherSubscriber12

===========================================================================================
----------------- testing Mon Jan 13 21:13:23 UTC 2020 /home/travis/build/icyphy/ptII/ptolemy/actor/lib/test/auto/PublisherSubscriber13.xml
----------------- Instantiating /home/travis/build/icyphy/ptII/ptolemy/actor/lib/test/auto/PublisherSubscriber13.xml
5 ms. Memory: 447488K Free: 268060K (60%)
----------------- Invoking toplevel() on ptolemy.moml.MoMLSimpleApplication@64016e31
----------------- Done invoking toplevel() on ptolemy.moml.MoMLSimpleApplication@64016e31
reloadAllAccessors: .PublisherSubscriber13

===========================================================================================
----------------- testing Mon Jan 13 21:13:23 UTC 2020 /home/travis/build/icyphy/ptII/ptolemy/actor/lib/test/auto/PublisherSubscriber14.xml
----------------- Instantiating /home/travis/build/icyphy/ptII/ptolemy/actor/lib/test/auto/PublisherSubscriber14.xml
1 ms. Memory: 447488K Free: 259324K (58%)
----------------- Invoking toplevel() on ptolemy.moml.MoMLSimpleApplication@6f27f3a4
----------------- Done invoking toplevel() on ptolemy.moml.MoMLSimpleApplication@6f27f3a4
reloadAllAccessors: .PublisherSubscriber14

===========================================================================================
----------------- testing Mon Jan 13 21:13:23 UTC 2020 /home/travis/build/icyphy/ptII/ptolemy/actor/lib/test/auto/PublisherSubscriber2.xml
----------------- Instantiating /home/travis/build/icyphy/ptII/ptolemy/actor/lib/test/auto/PublisherSubscriber2.xml
3 ms. Memory: 447488K Free: 253724K (57%)
----------------- Invoking toplevel() on ptolemy.moml.MoMLSimpleApplication@130a5d2b
----------------- Done invoking toplevel() on ptolemy.moml.MoMLSimpleApplication@130a5d2b
reloadAllAccessors: .PublisherSubscriber2

===========================================================================================
----------------- testing Mon Jan 13 21:13:23 UTC 2020 /home/travis/build/icyphy/ptII/ptolemy/actor/lib/test/auto/PublisherSubscriber3.xml
----------------- Instantiating /home/travis/build/icyphy/ptII/ptolemy/actor/lib/test/auto/PublisherSubscriber3.xml
2 ms. Memory: 447488K Free: 248060K (55%)
----------------- Invoking toplevel() on ptolemy.moml.MoMLSimpleApplication@50972e65
----------------- Done invoking toplevel() on ptolemy.moml.MoMLSimpleApplication@50972e65
reloadAllAccessors: .PublisherSubscriber3

===========================================================================================
----------------- testing Mon Jan 13 21:13:23 UTC 2020 /home/travis/build/icyphy/ptII/ptolemy/actor/lib/test/auto/PublisherSubscriber4.xml
----------------- Instantiating /home/travis/build/icyphy/ptII/ptolemy/actor/lib/test/auto/PublisherSubscriber4.xml
2 ms. Memory: 447488K Free: 242956K (54%)
----------------- Invoking toplevel() on ptolemy.moml.MoMLSimpleApplication@2184528a
----------------- Done invoking toplevel() on ptolemy.moml.MoMLSimpleApplication@2184528a
reloadAllAccessors: .PublisherSubscriber4

===========================================================================================
----------------- testing Mon Jan 13 21:13:23 UTC 2020 /home/travis/build/icyphy/ptII/ptolemy/actor/lib/test/auto/PublisherSubscriber5.xml
----------------- Instantiating /home/travis/build/icyphy/ptII/ptolemy/actor/lib/test/auto/PublisherSubscriber5.xml
2 ms. Memory: 447488K Free: 236316K (53%)
----------------- Invoking toplevel() on ptolemy.moml.MoMLSimpleApplication@5b9289d3
----------------- Done invoking toplevel() on ptolemy.moml.MoMLSimpleApplication@5b9289d3
reloadAllAccessors: .PublisherSubscriber5

===========================================================================================
----------------- testing Mon Jan 13 21:13:23 UTC 2020 /home/travis/build/icyphy/ptII/ptolemy/actor/lib/test/auto/PublisherSubscriber6.xml
----------------- Instantiating /home/travis/build/icyphy/ptII/ptolemy/actor/lib/test/auto/PublisherSubscriber6.xml
4 ms. Memory: 447488K Free: 229644K (51%)
----------------- Invoking toplevel() on ptolemy.moml.MoMLSimpleApplication@321258c0
----------------- Done invoking toplevel() on ptolemy.moml.MoMLSimpleApplication@321258c0
reloadAllAccessors: .PublisherSubscriber6

===========================================================================================
----------------- testing Mon Jan 13 21:13:23 UTC 2020 /home/travis/build/icyphy/ptII/ptolemy/actor/lib/test/auto/PublisherSubscriber7.xml
----------------- Instantiating /home/travis/build/icyphy/ptII/ptolemy/actor/lib/test/auto/PublisherSubscriber7.xml
6 ms. Memory: 447488K Free: 223004K (50%)
----------------- Invoking toplevel() on ptolemy.moml.MoMLSimpleApplication@2ba80f4
----------------- Done invoking toplevel() on ptolemy.moml.MoMLSimpleApplication@2ba80f4
reloadAllAccessors: .PublisherSubscriber7

===========================================================================================
----------------- testing Mon Jan 13 21:13:23 UTC 2020 /home/travis/build/icyphy/ptII/ptolemy/actor/lib/test/auto/PublisherSubscriber8.xml
----------------- Instantiating /home/travis/build/icyphy/ptII/ptolemy/actor/lib/test/auto/PublisherSubscriber8.xml
15 ms. Memory: 447488K Free: 211738K (47%)
----------------- Invoking toplevel() on ptolemy.moml.MoMLSimpleApplication@3a757a
----------------- Done invoking toplevel() on ptolemy.moml.MoMLSimpleApplication@3a757a
reloadAllAccessors: .PublisherSubscriber8

===========================================================================================
----------------- testing Mon Jan 13 21:13:23 UTC 2020 /home/travis/build/icyphy/ptII/ptolemy/actor/lib/test/auto/PublisherSubscriber9.xml
----------------- Instantiating /home/travis/build/icyphy/ptII/ptolemy/actor/lib/test/auto/PublisherSubscriber9.xml
3 ms. Memory: 447488K Free: 204572K (46%)
----------------- Invoking toplevel() on ptolemy.moml.MoMLSimpleApplication@6dc24136
----------------- Done invoking toplevel() on ptolemy.moml.MoMLSimpleApplication@6dc24136
reloadAllAccessors: .PublisherSubscriber9

===========================================================================================
----------------- testing Mon Jan 13 21:13:23 UTC 2020 /home/travis/build/icyphy/ptII/ptolemy/actor/lib/test/auto/PublisherSubscriberAdjacent.xml
----------------- Instantiating /home/travis/build/icyphy/ptII/ptolemy/actor/lib/test/auto/PublisherSubscriberAdjacent.xml
2 ms. Memory: 447488K Free: 196380K (44%)
----------------- Invoking toplevel() on ptolemy.moml.MoMLSimpleApplication@19863124
----------------- Done invoking toplevel() on ptolemy.moml.MoMLSimpleApplication@19863124
reloadAllAccessors: .PublisherSubscriberAdjacent

===========================================================================================
----------------- testing Mon Jan 13 21:13:23 UTC 2020 /home/travis/build/icyphy/ptII/ptolemy/actor/lib/test/auto/PublisherSubscriberChannelVariablesAOC2.xml
----------------- Instantiating /home/travis/build/icyphy/ptII/ptolemy/actor/lib/test/auto/PublisherSubscriberChannelVariablesAOC2.xml
3 ms. Memory: 447488K Free: 181530K (41%)
----------------- Invoking toplevel() on ptolemy.moml.MoMLSimpleApplication@2d2b2a1
----------------- Done invoking toplevel() on ptolemy.moml.MoMLSimpleApplication@2d2b2a1
reloadAllAccessors: .PublisherSubscriberChannelVariablesAOC2

===========================================================================================
----------------- testing Mon Jan 13 21:13:23 UTC 2020 /home/travis/build/icyphy/ptII/ptolemy/actor/lib/test/auto/PublisherSubscriberD3.xml
----------------- Instantiating /home/travis/build/icyphy/ptII/ptolemy/actor/lib/test/auto/PublisherSubscriberD3.xml
4 ms. Memory: 447488K Free: 174362K (39%)
----------------- Invoking toplevel() on ptolemy.moml.MoMLSimpleApplication@29c1008d
----------------- Done invoking toplevel() on ptolemy.moml.MoMLSimpleApplication@29c1008d
reloadAllAccessors: .PublisherSubscriberD3

===========================================================================================
----------------- testing Mon Jan 13 21:13:23 UTC 2020 /home/travis/build/icyphy/ptII/ptolemy/actor/lib/test/auto/PublisherSubscriberD3Reverse.xml
----------------- Instantiating /home/travis/build/icyphy/ptII/ptolemy/actor/lib/test/auto/PublisherSubscriberD3Reverse.xml
2 ms. Memory: 447488K Free: 168218K (38%)
----------------- Invoking toplevel() on ptolemy.moml.MoMLSimpleApplication@68e2fd81
----------------- Done invoking toplevel() on ptolemy.moml.MoMLSimpleApplication@68e2fd81
reloadAllAccessors: .PublisherSubscriberD3Reverse

===========================================================================================
----------------- testing Mon Jan 13 21:13:23 UTC 2020 /home/travis/build/icyphy/ptII/ptolemy/actor/lib/test/auto/PublisherSubscriberExpression.xml
----------------- Instantiating /home/travis/build/icyphy/ptII/ptolemy/actor/lib/test/auto/PublisherSubscriberExpression.xml
4 ms. Memory: 447488K Free: 160012K (36%)
----------------- Invoking toplevel() on ptolemy.moml.MoMLSimpleApplication@52fbe1ac
----------------- Done invoking toplevel() on ptolemy.moml.MoMLSimpleApplication@52fbe1ac
reloadAllAccessors: .PublisherSubscriberExpression

===========================================================================================
----------------- testing Mon Jan 13 21:13:23 UTC 2020 /home/travis/build/icyphy/ptII/ptolemy/actor/lib/test/auto/PublisherSubscriberOpaque.xml
----------------- Instantiating /home/travis/build/icyphy/ptII/ptolemy/actor/lib/test/auto/PublisherSubscriberOpaque.xml
3 ms. Memory: 447488K Free: 151834K (34%)
----------------- Invoking toplevel() on ptolemy.moml.MoMLSimpleApplication@5a31d30d
----------------- Done invoking toplevel() on ptolemy.moml.MoMLSimpleApplication@5a31d30d
reloadAllAccessors: .PublisherSubscriberOpaque

===========================================================================================
----------------- testing Mon Jan 13 21:13:23 UTC 2020 /home/travis/build/icyphy/ptII/ptolemy/actor/lib/test/auto/PublisherSubscriberOpaqueD3.xml
----------------- Instantiating /home/travis/build/icyphy/ptII/ptolemy/actor/lib/test/auto/PublisherSubscriberOpaqueD3.xml
6 ms. Memory: 447488K Free: 140570K (31%)
----------------- Invoking toplevel() on ptolemy.moml.MoMLSimpleApplication@15960ceb
----------------- Done invoking toplevel() on ptolemy.moml.MoMLSimpleApplication@15960ceb
reloadAllAccessors: .PublisherSubscriberOpaqueD3

===========================================================================================
----------------- testing Mon Jan 13 21:13:23 UTC 2020 /home/travis/build/icyphy/ptII/ptolemy/actor/lib/test/auto/PublisherSubscriberOpaqueD3Reverse.xml
----------------- Instantiating /home/travis/build/icyphy/ptII/ptolemy/actor/lib/test/auto/PublisherSubscriberOpaqueD3Reverse.xml
25 ms. Memory: 447488K Free: 394299K (88%)
----------------- Invoking toplevel() on ptolemy.moml.MoMLSimpleApplication@2b3c1663
----------------- Done invoking toplevel() on ptolemy.moml.MoMLSimpleApplication@2b3c1663
reloadAllAccessors: .PublisherSubscriberOpaqueD3Reverse

===========================================================================================
----------------- testing Mon Jan 13 21:13:23 UTC 2020 /home/travis/build/icyphy/ptII/ptolemy/actor/lib/test/auto/PublisherSubscriberOpaqueWidthInference.xml
----------------- Instantiating /home/travis/build/icyphy/ptII/ptolemy/actor/lib/test/auto/PublisherSubscriberOpaqueWidthInference.xml
3 ms. Memory: 447488K Free: 385579K (86%)
----------------- Invoking toplevel() on ptolemy.moml.MoMLSimpleApplication@271fe9e5
----------------- Done invoking toplevel() on ptolemy.moml.MoMLSimpleApplication@271fe9e5
reloadAllAccessors: .PublisherSubscriberOpaqueWidthInference

===========================================================================================
----------------- testing Mon Jan 13 21:13:23 UTC 2020 /home/travis/build/icyphy/ptII/ptolemy/actor/lib/test/auto/PublisherTestSubscriber.xml
----------------- Instantiating /home/travis/build/icyphy/ptII/ptolemy/actor/lib/test/auto/PublisherTestSubscriber.xml
4 ms. Memory: 447488K Free: 377915K (84%)
----------------- Invoking toplevel() on ptolemy.moml.MoMLSimpleApplication@3ae60a5c
----------------- Done invoking toplevel() on ptolemy.moml.MoMLSimpleApplication@3ae60a5c
reloadAllAccessors: .PublisherTestSubscriber

===========================================================================================
----------------- testing Mon Jan 13 21:13:23 UTC 2020 /home/travis/build/icyphy/ptII/ptolemy/actor/lib/test/auto/PublisherToplevelSubscriberPortAOC.xml
----------------- Instantiating /home/travis/build/icyphy/ptII/ptolemy/actor/lib/test/auto/PublisherToplevelSubscriberPortAOC.xml
1 ms. Memory: 447488K Free: 371771K (83%)
----------------- Invoking toplevel() on ptolemy.moml.MoMLSimpleApplication@3f797ff7
----------------- Done invoking toplevel() on ptolemy.moml.MoMLSimpleApplication@3f797ff7
reloadAllAccessors: .PublisherToplevelSubscriberPortAOC

===========================================================================================
----------------- testing Mon Jan 13 21:13:23 UTC 2020 /home/travis/build/icyphy/ptII/ptolemy/actor/lib/test/auto/PulseFiringLimitDE.xml
----------------- Instantiating /home/travis/build/icyphy/ptII/ptolemy/actor/lib/test/auto/PulseFiringLimitDE.xml
2 ms. Memory: 447488K Free: 365627K (82%)
----------------- Invoking toplevel() on ptolemy.moml.MoMLSimpleApplication@1b67e498
----------------- Done invoking toplevel() on ptolemy.moml.MoMLSimpleApplication@1b67e498
reloadAllAccessors: .PulseFiringLimitDE

===========================================================================================
----------------- testing Mon Jan 13 21:13:23 UTC 2020 /home/travis/build/icyphy/ptII/ptolemy/actor/lib/test/auto/Ramp1.xml
----------------- Instantiating /home/travis/build/icyphy/ptII/ptolemy/actor/lib/test/auto/Ramp1.xml
1 ms. Memory: 447488K Free: 361531K (81%)
----------------- Invoking toplevel() on ptolemy.moml.MoMLSimpleApplication@6c28da22
----------------- Done invoking toplevel() on ptolemy.moml.MoMLSimpleApplication@6c28da22
reloadAllAccessors: .Ramp1

===========================================================================================
----------------- testing Mon Jan 13 21:13:23 UTC 2020 /home/travis/build/icyphy/ptII/ptolemy/actor/lib/test/auto/RampFiringLimitDE.xml
----------------- Instantiating /home/travis/build/icyphy/ptII/ptolemy/actor/lib/test/auto/RampFiringLimitDE.xml
2 ms. Memory: 447488K Free: 355387K (79%)
----------------- Invoking toplevel() on ptolemy.moml.MoMLSimpleApplication@77a12bb4
----------------- Done invoking toplevel() on ptolemy.moml.MoMLSimpleApplication@77a12bb4
reloadAllAccessors: .RampFiringLimitDE

===========================================================================================
----------------- testing Mon Jan 13 21:13:23 UTC 2020 /home/travis/build/icyphy/ptII/ptolemy/actor/lib/test/auto/RampFiringLimitSDF.xml
----------------- Instantiating /home/travis/build/icyphy/ptII/ptolemy/actor/lib/test/auto/RampFiringLimitSDF.xml
2 ms. Memory: 447488K Free: 350267K (78%)
----------------- Invoking toplevel() on ptolemy.moml.MoMLSimpleApplication@2915b603
----------------- Done invoking toplevel() on ptolemy.moml.MoMLSimpleApplication@2915b603
reloadAllAccessors: .RampFiringLimitSDF

===========================================================================================
----------------- testing Mon Jan 13 21:13:23 UTC 2020 /home/travis/build/icyphy/ptII/ptolemy/actor/lib/test/auto/RandomInteger.xml
----------------- Instantiating /home/travis/build/icyphy/ptII/ptolemy/actor/lib/test/auto/RandomInteger.xml
1 ms. Memory: 447488K Free: 346171K (77%)
----------------- Invoking toplevel() on ptolemy.moml.MoMLSimpleApplication@4a32c3c9
----------------- Done invoking toplevel() on ptolemy.moml.MoMLSimpleApplication@4a32c3c9
reloadAllAccessors: .RandomInteger

===========================================================================================
----------------- testing Mon Jan 13 21:13:23 UTC 2020 /home/travis/build/icyphy/ptII/ptolemy/actor/lib/test/auto/ReadFile1.xml
----------------- Instantiating /home/travis/build/icyphy/ptII/ptolemy/actor/lib/test/auto/ReadFile1.xml
1 ms. Memory: 447488K Free: 341547K (76%)
----------------- Invoking toplevel() on ptolemy.moml.MoMLSimpleApplication@7993eee8
----------------- Done invoking toplevel() on ptolemy.moml.MoMLSimpleApplication@7993eee8
reloadAllAccessors: .ReadFile1

===========================================================================================
----------------- testing Mon Jan 13 21:13:23 UTC 2020 /home/travis/build/icyphy/ptII/ptolemy/actor/lib/test/auto/ReadFile2.xml
----------------- Instantiating /home/travis/build/icyphy/ptII/ptolemy/actor/lib/test/auto/ReadFile2.xml
1 ms. Memory: 447488K Free: 337465K (75%)
----------------- Invoking toplevel() on ptolemy.moml.MoMLSimpleApplication@3c299d29
----------------- Done invoking toplevel() on ptolemy.moml.MoMLSimpleApplication@3c299d29
reloadAllAccessors: .ReadFile2

===========================================================================================
----------------- testing Mon Jan 13 21:13:23 UTC 2020 /home/travis/build/icyphy/ptII/ptolemy/actor/lib/test/auto/Reader.xml
----------------- Instantiating /home/travis/build/icyphy/ptII/ptolemy/actor/lib/test/auto/Reader.xml
actor.lib.Reader is obsolete, use actor.lib.io.ExpressionReader instead
4 ms. Memory: 447488K Free: 333369K (74%)
----------------- Invoking toplevel() on ptolemy.moml.MoMLSimpleApplication@1ceda6e0
----------------- Done invoking toplevel() on ptolemy.moml.MoMLSimpleApplication@1ceda6e0
reloadAllAccessors: .Reader

===========================================================================================
----------------- testing Mon Jan 13 21:13:23 UTC 2020 /home/travis/build/icyphy/ptII/ptolemy/actor/lib/test/auto/RecordAssemblerDisplayNameTest.xml
----------------- Instantiating /home/travis/build/icyphy/ptII/ptolemy/actor/lib/test/auto/RecordAssemblerDisplayNameTest.xml
3198 ms. Memory: 447488K Free: 187427K (42%)
----------------- Invoking toplevel() on ptolemy.moml.MoMLSimpleApplication@555bb0d2
----------------- Done invoking toplevel() on ptolemy.moml.MoMLSimpleApplication@555bb0d2
reloadAllAccessors: .RecordAssemblerDisplayNameTest

===========================================================================================
----------------- testing Mon Jan 13 21:13:27 UTC 2020 /home/travis/build/icyphy/ptII/ptolemy/actor/lib/test/auto/RecordAssemblerTypeError.xml
----------------- Instantiating /home/travis/build/icyphy/ptII/ptolemy/actor/lib/test/auto/RecordAssemblerTypeError.xml
15 ms. Memory: 447488K Free: 177697K (40%)
----------------- Invoking toplevel() on ptolemy.moml.MoMLSimpleApplication@d722367
----------------- Done invoking toplevel() on ptolemy.moml.MoMLSimpleApplication@d722367
reloadAllAccessors: .RecordAssemblerTypeError

===========================================================================================
----------------- testing Mon Jan 13 21:13:27 UTC 2020 /home/travis/build/icyphy/ptII/ptolemy/actor/lib/test/auto/RecordDisassember.xml
----------------- Instantiating /home/travis/build/icyphy/ptII/ptolemy/actor/lib/test/auto/RecordDisassember.xml
4 ms. Memory: 447488K Free: 173091K (39%)
----------------- Invoking toplevel() on ptolemy.moml.MoMLSimpleApplication@721c425b
----------------- Done invoking toplevel() on ptolemy.moml.MoMLSimpleApplication@721c425b
reloadAllAccessors: .RecordDisassember

===========================================================================================
----------------- testing Mon Jan 13 21:13:27 UTC 2020 /home/travis/build/icyphy/ptII/ptolemy/actor/lib/test/auto/RecordDisassemberDisplayNameTest.xml
----------------- Instantiating /home/travis/build/icyphy/ptII/ptolemy/actor/lib/test/auto/RecordDisassemberDisplayNameTest.xml
8 ms. Memory: 447488K Free: 165409K (37%)
----------------- Invoking toplevel() on ptolemy.moml.MoMLSimpleApplication@6d031bf0
----------------- Done invoking toplevel() on ptolemy.moml.MoMLSimpleApplication@6d031bf0
reloadAllAccessors: .RecordDisassemberDisplayNameTest

===========================================================================================
----------------- testing Mon Jan 13 21:13:27 UTC 2020 /home/travis/build/icyphy/ptII/ptolemy/actor/lib/test/auto/RecordDisassembler.xml
----------------- Instantiating /home/travis/build/icyphy/ptII/ptolemy/actor/lib/test/auto/RecordDisassembler.xml
2 ms. Memory: 447488K Free: 160275K (36%)
----------------- Invoking toplevel() on ptolemy.moml.MoMLSimpleApplication@5063ed35
----------------- Done invoking toplevel() on ptolemy.moml.MoMLSimpleApplication@5063ed35
reloadAllAccessors: .RecordDisassembler

===========================================================================================
----------------- testing Mon Jan 13 21:13:27 UTC 2020 /home/travis/build/icyphy/ptII/ptolemy/actor/lib/test/auto/RecordDisassembler2.xml
----------------- Instantiating /home/travis/build/icyphy/ptII/ptolemy/actor/lib/test/auto/RecordDisassembler2.xml
3 ms. Memory: 447488K Free: 155139K (35%)
----------------- Invoking toplevel() on ptolemy.moml.MoMLSimpleApplication@6c034e39
----------------- Done invoking toplevel() on ptolemy.moml.MoMLSimpleApplication@6c034e39
reloadAllAccessors: .RecordDisassembler2

===========================================================================================
----------------- testing Mon Jan 13 21:13:27 UTC 2020 /home/travis/build/icyphy/ptII/ptolemy/actor/lib/test/auto/RecordUpdater.xml
----------------- Instantiating /home/travis/build/icyphy/ptII/ptolemy/actor/lib/test/auto/RecordUpdater.xml
2 ms. Memory: 447488K Free: 150049K (34%)
----------------- Invoking toplevel() on ptolemy.moml.MoMLSimpleApplication@15c292ab
----------------- Done invoking toplevel() on ptolemy.moml.MoMLSimpleApplication@15c292ab
reloadAllAccessors: .RecordUpdater

===========================================================================================
----------------- testing Mon Jan 13 21:13:27 UTC 2020 /home/travis/build/icyphy/ptII/ptolemy/actor/lib/test/auto/RecordUpdater2.xml
----------------- Instantiating /home/travis/build/icyphy/ptII/ptolemy/actor/lib/test/auto/RecordUpdater2.xml
2 ms. Memory: 447488K Free: 144929K (32%)
----------------- Invoking toplevel() on ptolemy.moml.MoMLSimpleApplication@381606f7
----------------- Done invoking toplevel() on ptolemy.moml.MoMLSimpleApplication@381606f7
reloadAllAccessors: .RecordUpdater2

===========================================================================================
----------------- testing Mon Jan 13 21:13:27 UTC 2020 /home/travis/build/icyphy/ptII/ptolemy/actor/lib/test/auto/RecursiveLattice.xml
----------------- Instantiating /home/travis/build/icyphy/ptII/ptolemy/actor/lib/test/auto/RecursiveLattice.xml
1 ms. Memory: 447488K Free: 140819K (31%)
----------------- Invoking toplevel() on ptolemy.moml.MoMLSimpleApplication@58ed7d68
----------------- Done invoking toplevel() on ptolemy.moml.MoMLSimpleApplication@58ed7d68
reloadAllAccessors: .RecursiveLattice

===========================================================================================
----------------- testing Mon Jan 13 21:13:27 UTC 2020 /home/travis/build/icyphy/ptII/ptolemy/actor/lib/test/auto/Router.xml
----------------- Instantiating /home/travis/build/icyphy/ptII/ptolemy/actor/lib/test/auto/Router.xml
3013 ms. Memory: 447488K Free: 393757K (88%)
----------------- Invoking toplevel() on ptolemy.moml.MoMLSimpleApplication@6cf863fc
----------------- Done invoking toplevel() on ptolemy.moml.MoMLSimpleApplication@6cf863fc
reloadAllAccessors: .Router

===========================================================================================
----------------- testing Mon Jan 13 21:13:30 UTC 2020 /home/travis/build/icyphy/ptII/ptolemy/actor/lib/test/auto/Router2.xml
----------------- Instantiating /home/travis/build/icyphy/ptII/ptolemy/actor/lib/test/auto/Router2.xml
3003 ms. Memory: 447488K Free: 381469K (85%)
----------------- Invoking toplevel() on ptolemy.moml.MoMLSimpleApplication@6cf55d45
----------------- Done invoking toplevel() on ptolemy.moml.MoMLSimpleApplication@6cf55d45
reloadAllAccessors: .Router2

===========================================================================================
----------------- testing Mon Jan 13 21:13:33 UTC 2020 /home/travis/build/icyphy/ptII/ptolemy/actor/lib/test/auto/RunningMaximum.xml
----------------- Instantiating /home/travis/build/icyphy/ptII/ptolemy/actor/lib/test/auto/RunningMaximum.xml
2 ms. Memory: 447488K Free: 376863K (84%)
----------------- Invoking toplevel() on ptolemy.moml.MoMLSimpleApplication@3dc68196
----------------- Done invoking toplevel() on ptolemy.moml.MoMLSimpleApplication@3dc68196
reloadAllAccessors: .RunningMaximum

===========================================================================================
----------------- testing Mon Jan 13 21:13:33 UTC 2020 /home/travis/build/icyphy/ptII/ptolemy/actor/lib/test/auto/RunningMinimum.xml
----------------- Instantiating /home/travis/build/icyphy/ptII/ptolemy/actor/lib/test/auto/RunningMinimum.xml
2 ms. Memory: 447488K Free: 372253K (83%)
----------------- Invoking toplevel() on ptolemy.moml.MoMLSimpleApplication@5eae99f0
----------------- Done invoking toplevel() on ptolemy.moml.MoMLSimpleApplication@5eae99f0
reloadAllAccessors: .RunningMinimum

===========================================================================================
----------------- testing Mon Jan 13 21:13:33 UTC 2020 /home/travis/build/icyphy/ptII/ptolemy/actor/lib/test/auto/Scale.xml
----------------- Instantiating /home/travis/build/icyphy/ptII/ptolemy/actor/lib/test/auto/Scale.xml
2 ms. Memory: 447488K Free: 367647K (82%)
----------------- Invoking toplevel() on ptolemy.moml.MoMLSimpleApplication@18b14760
----------------- Done invoking toplevel() on ptolemy.moml.MoMLSimpleApplication@18b14760
reloadAllAccessors: .Scale

===========================================================================================
----------------- testing Mon Jan 13 21:13:33 UTC 2020 /home/travis/build/icyphy/ptII/ptolemy/actor/lib/test/auto/Scale2.xml
----------------- Instantiating /home/travis/build/icyphy/ptII/ptolemy/actor/lib/test/auto/Scale2.xml
5 ms. Memory: 447488K Free: 363037K (81%)
----------------- Invoking toplevel() on ptolemy.moml.MoMLSimpleApplication@7b9d03c1
----------------- Done invoking toplevel() on ptolemy.moml.MoMLSimpleApplication@7b9d03c1
reloadAllAccessors: .Scale2

===========================================================================================
----------------- testing Mon Jan 13 21:13:33 UTC 2020 /home/travis/build/icyphy/ptII/ptolemy/actor/lib/test/auto/Scale3.xml
----------------- Instantiating /home/travis/build/icyphy/ptII/ptolemy/actor/lib/test/auto/Scale3.xml
6 ms. Memory: 447488K Free: 356893K (80%)
----------------- Invoking toplevel() on ptolemy.moml.MoMLSimpleApplication@268d857a
----------------- Done invoking toplevel() on ptolemy.moml.MoMLSimpleApplication@268d857a
reloadAllAccessors: .Scale3

===========================================================================================
----------------- testing Mon Jan 13 21:13:33 UTC 2020 /home/travis/build/icyphy/ptII/ptolemy/actor/lib/test/auto/ScaleArray.xml
----------------- Instantiating /home/travis/build/icyphy/ptII/ptolemy/actor/lib/test/auto/ScaleArray.xml
3 ms. Memory: 447488K Free: 352287K (79%)
----------------- Invoking toplevel() on ptolemy.moml.MoMLSimpleApplication@51f4ce0a
----------------- Done invoking toplevel() on ptolemy.moml.MoMLSimpleApplication@51f4ce0a
reloadAllAccessors: .ScaleArray

===========================================================================================
----------------- testing Mon Jan 13 21:13:33 UTC 2020 /home/travis/build/icyphy/ptII/ptolemy/actor/lib/test/auto/ScaleArray2.xml
----------------- Instantiating /home/travis/build/icyphy/ptII/ptolemy/actor/lib/test/auto/ScaleArray2.xml
3 ms. Memory: 447488K Free: 347167K (78%)
----------------- Invoking toplevel() on ptolemy.moml.MoMLSimpleApplication@52c278bd
----------------- Done invoking toplevel() on ptolemy.moml.MoMLSimpleApplication@52c278bd
reloadAllAccessors: .ScaleArray2

===========================================================================================
----------------- testing Mon Jan 13 21:13:33 UTC 2020 /home/travis/build/icyphy/ptII/ptolemy/actor/lib/test/auto/ScaleMatrix.xml
----------------- Instantiating /home/travis/build/icyphy/ptII/ptolemy/actor/lib/test/auto/ScaleMatrix.xml
128 ms. Memory: 447488K Free: 332317K (74%)
----------------- Invoking toplevel() on ptolemy.moml.MoMLSimpleApplication@7a535c02
----------------- Done invoking toplevel() on ptolemy.moml.MoMLSimpleApplication@7a535c02
reloadAllAccessors: .ScaleMatrix

===========================================================================================
----------------- testing Mon Jan 13 21:13:33 UTC 2020 /home/travis/build/icyphy/ptII/ptolemy/actor/lib/test/auto/Select.xml
----------------- Instantiating /home/travis/build/icyphy/ptII/ptolemy/actor/lib/test/auto/Select.xml
2 ms. Memory: 447488K Free: 326143K (73%)
----------------- Invoking toplevel() on ptolemy.moml.MoMLSimpleApplication@348e5280
----------------- Done invoking toplevel() on ptolemy.moml.MoMLSimpleApplication@348e5280
reloadAllAccessors: .Select

===========================================================================================
----------------- testing Mon Jan 13 21:13:33 UTC 2020 /home/travis/build/icyphy/ptII/ptolemy/actor/lib/test/auto/Select2.xml
----------------- Instantiating /home/travis/build/icyphy/ptII/ptolemy/actor/lib/test/auto/Select2.xml
1 ms. Memory: 447488K Free: 321567K (72%)
----------------- Invoking toplevel() on ptolemy.moml.MoMLSimpleApplication@62d4dbdf
----------------- Done invoking toplevel() on ptolemy.moml.MoMLSimpleApplication@62d4dbdf
reloadAllAccessors: .Select2

===========================================================================================
----------------- testing Mon Jan 13 21:13:33 UTC 2020 /home/travis/build/icyphy/ptII/ptolemy/actor/lib/test/auto/SequenceToArray2.xml
----------------- Instantiating /home/travis/build/icyphy/ptII/ptolemy/actor/lib/test/auto/SequenceToArray2.xml
95 ms. Memory: 447488K Free: 297501K (66%)
----------------- Invoking toplevel() on ptolemy.moml.MoMLSimpleApplication@205f140
----------------- Done invoking toplevel() on ptolemy.moml.MoMLSimpleApplication@205f140
reloadAllAccessors: .SequenceToArray2

===========================================================================================
----------------- testing Mon Jan 13 21:13:33 UTC 2020 /home/travis/build/icyphy/ptII/ptolemy/actor/lib/test/auto/SequentialClock.xml
----------------- Instantiating /home/travis/build/icyphy/ptII/ptolemy/actor/lib/test/auto/SequentialClock.xml
2 ms. Memory: 447488K Free: 293919K (66%)
----------------- Invoking toplevel() on ptolemy.moml.MoMLSimpleApplication@6345c2f
----------------- Done invoking toplevel() on ptolemy.moml.MoMLSimpleApplication@6345c2f
reloadAllAccessors: .SequentialClock

===========================================================================================
----------------- testing Mon Jan 13 21:13:33 UTC 2020 /home/travis/build/icyphy/ptII/ptolemy/actor/lib/test/auto/SetVariable.xml
----------------- Instantiating /home/travis/build/icyphy/ptII/ptolemy/actor/lib/test/auto/SetVariable.xml
5 ms. Memory: 447488K Free: 289309K (65%)
----------------- Invoking toplevel() on ptolemy.moml.MoMLSimpleApplication@476863c4
----------------- Done invoking toplevel() on ptolemy.moml.MoMLSimpleApplication@476863c4
reloadAllAccessors: .SetVariable

===========================================================================================
----------------- testing Mon Jan 13 21:13:33 UTC 2020 /home/travis/build/icyphy/ptII/ptolemy/actor/lib/test/auto/SetVariable2.xml
----------------- Instantiating /home/travis/build/icyphy/ptII/ptolemy/actor/lib/test/auto/SetVariable2.xml
2 ms. Memory: 447488K Free: 284189K (64%)
----------------- Invoking toplevel() on ptolemy.moml.MoMLSimpleApplication@30358a4
----------------- Done invoking toplevel() on ptolemy.moml.MoMLSimpleApplication@30358a4
reloadAllAccessors: .SetVariable2

===========================================================================================
----------------- testing Mon Jan 13 21:13:33 UTC 2020 /home/travis/build/icyphy/ptII/ptolemy/actor/lib/test/auto/SetVariable3.xml
----------------- Instantiating /home/travis/build/icyphy/ptII/ptolemy/actor/lib/test/auto/SetVariable3.xml
6 ms. Memory: 447488K Free: 279069K (62%)
----------------- Invoking toplevel() on ptolemy.moml.MoMLSimpleApplication@b510c7a
----------------- Done invoking toplevel() on ptolemy.moml.MoMLSimpleApplication@b510c7a
reloadAllAccessors: .SetVariable3

===========================================================================================
----------------- testing Mon Jan 13 21:13:33 UTC 2020 /home/travis/build/icyphy/ptII/ptolemy/actor/lib/test/auto/SetVariable4.xml
----------------- Instantiating /home/travis/build/icyphy/ptII/ptolemy/actor/lib/test/auto/SetVariable4.xml
14 ms. Memory: 447488K Free: 269853K (60%)
----------------- Invoking toplevel() on ptolemy.moml.MoMLSimpleApplication@72db47c0
----------------- Done invoking toplevel() on ptolemy.moml.MoMLSimpleApplication@72db47c0
reloadAllAccessors: .SetVariable4

===========================================================================================
----------------- testing Mon Jan 13 21:13:33 UTC 2020 /home/travis/build/icyphy/ptII/ptolemy/actor/lib/test/auto/SetVariable5.xml
----------------- Instantiating /home/travis/build/icyphy/ptII/ptolemy/actor/lib/test/auto/SetVariable5.xml
16 ms. Memory: 447488K Free: 260637K (58%)
----------------- Invoking toplevel() on ptolemy.moml.MoMLSimpleApplication@325ed0e
----------------- Done invoking toplevel() on ptolemy.moml.MoMLSimpleApplication@325ed0e
reloadAllAccessors: .SetVariable5

===========================================================================================
----------------- testing Mon Jan 13 21:13:33 UTC 2020 /home/travis/build/icyphy/ptII/ptolemy/actor/lib/test/auto/Sinewave.xml
----------------- Instantiating /home/travis/build/icyphy/ptII/ptolemy/actor/lib/test/auto/Sinewave.xml
4 ms. Memory: 447488K Free: 249887K (56%)
----------------- Invoking toplevel() on ptolemy.moml.MoMLSimpleApplication@5f8ec307
----------------- Done invoking toplevel() on ptolemy.moml.MoMLSimpleApplication@5f8ec307
reloadAllAccessors: .Sinewave

===========================================================================================
----------------- testing Mon Jan 13 21:13:33 UTC 2020 /home/travis/build/icyphy/ptII/ptolemy/actor/lib/test/auto/Sinewave2.xml
----------------- Instantiating /home/travis/build/icyphy/ptII/ptolemy/actor/lib/test/auto/Sinewave2.xml
8 ms. Memory: 447488K Free: 241695K (54%)
----------------- Invoking toplevel() on ptolemy.moml.MoMLSimpleApplication@2bd0d5c
----------------- Done invoking toplevel() on ptolemy.moml.MoMLSimpleApplication@2bd0d5c
reloadAllAccessors: .Sinewave2

===========================================================================================
----------------- testing Mon Jan 13 21:13:33 UTC 2020 /home/travis/build/icyphy/ptII/ptolemy/actor/lib/test/auto/Sinewave3.xml
----------------- Instantiating /home/travis/build/icyphy/ptII/ptolemy/actor/lib/test/auto/Sinewave3.xml
7 ms. Memory: 447488K Free: 233503K (52%)
----------------- Invoking toplevel() on ptolemy.moml.MoMLSimpleApplication@67e6897f
----------------- Done invoking toplevel() on ptolemy.moml.MoMLSimpleApplication@67e6897f
reloadAllAccessors: .Sinewave3

===========================================================================================
----------------- testing Mon Jan 13 21:13:33 UTC 2020 /home/travis/build/icyphy/ptII/ptolemy/actor/lib/test/auto/SingleEvent.xml
----------------- Instantiating /home/travis/build/icyphy/ptII/ptolemy/actor/lib/test/auto/SingleEvent.xml
1 ms. Memory: 447488K Free: 229407K (51%)
----------------- Invoking toplevel() on ptolemy.moml.MoMLSimpleApplication@4d60e9a7
----------------- Done invoking toplevel() on ptolemy.moml.MoMLSimpleApplication@4d60e9a7
reloadAllAccessors: .SingleEvent

===========================================================================================
----------------- testing Mon Jan 13 21:13:33 UTC 2020 /home/travis/build/icyphy/ptII/ptolemy/actor/lib/test/auto/Sleep.xml
----------------- Instantiating /home/travis/build/icyphy/ptII/ptolemy/actor/lib/test/auto/Sleep.xml
6003 ms. Memory: 447488K Free: 223773K (50%)
----------------- Invoking toplevel() on ptolemy.moml.MoMLSimpleApplication@10f64aa
----------------- Done invoking toplevel() on ptolemy.moml.MoMLSimpleApplication@10f64aa
reloadAllAccessors: .Sleep

===========================================================================================
----------------- testing Mon Jan 13 21:13:39 UTC 2020 /home/travis/build/icyphy/ptII/ptolemy/actor/lib/test/auto/SleepMultipleFire.xml
----------------- Instantiating /home/travis/build/icyphy/ptII/ptolemy/actor/lib/test/auto/SleepMultipleFire.xml
1005 ms. Memory: 447488K Free: 218143K (49%)
----------------- Invoking toplevel() on ptolemy.moml.MoMLSimpleApplication@31ce9241
----------------- Done invoking toplevel() on ptolemy.moml.MoMLSimpleApplication@31ce9241
reloadAllAccessors: .SleepMultipleFire

===========================================================================================
----------------- testing Mon Jan 13 21:13:40 UTC 2020 /home/travis/build/icyphy/ptII/ptolemy/actor/lib/test/auto/StopDE.xml
----------------- Instantiating /home/travis/build/icyphy/ptII/ptolemy/actor/lib/test/auto/StopDE.xml
3 ms. Memory: 447488K Free: 212509K (47%)
----------------- Invoking toplevel() on ptolemy.moml.MoMLSimpleApplication@2dfbc209
----------------- Done invoking toplevel() on ptolemy.moml.MoMLSimpleApplication@2dfbc209
reloadAllAccessors: .StopDE

===========================================================================================
----------------- testing Mon Jan 13 21:13:40 UTC 2020 /home/travis/build/icyphy/ptII/ptolemy/actor/lib/test/auto/StopSDF.xml
----------------- Instantiating /home/travis/build/icyphy/ptII/ptolemy/actor/lib/test/auto/StopSDF.xml
2 ms. Memory: 447488K Free: 207389K (46%)
----------------- Invoking toplevel() on ptolemy.moml.MoMLSimpleApplication@70fc78cc
----------------- Done invoking toplevel() on ptolemy.moml.MoMLSimpleApplication@70fc78cc
reloadAllAccessors: .StopSDF

===========================================================================================
----------------- testing Mon Jan 13 21:13:40 UTC 2020 /home/travis/build/icyphy/ptII/ptolemy/actor/lib/test/auto/StringConstant.xml
----------------- Instantiating /home/travis/build/icyphy/ptII/ptolemy/actor/lib/test/auto/StringConstant.xml
8 ms. Memory: 447488K Free: 202783K (45%)
----------------- Invoking toplevel() on ptolemy.moml.MoMLSimpleApplication@3ed7e885
----------------- Done invoking toplevel() on ptolemy.moml.MoMLSimpleApplication@3ed7e885
reloadAllAccessors: .StringConstant

===========================================================================================
----------------- testing Mon Jan 13 21:13:40 UTC 2020 /home/travis/build/icyphy/ptII/ptolemy/actor/lib/test/auto/SubscriberPortInitialValues1.xml
----------------- Instantiating /home/travis/build/icyphy/ptII/ptolemy/actor/lib/test/auto/SubscriberPortInitialValues1.xml
11 ms. Memory: 447488K Free: 194077K (43%)
----------------- Invoking toplevel() on ptolemy.moml.MoMLSimpleApplication@52838cf0
----------------- Done invoking toplevel() on ptolemy.moml.MoMLSimpleApplication@52838cf0
reloadAllAccessors: .SubscriberPortInitialValues1

===========================================================================================
----------------- testing Mon Jan 13 21:13:40 UTC 2020 /home/travis/build/icyphy/ptII/ptolemy/actor/lib/test/auto/SubscriberPortInitialValues13.xml
----------------- Instantiating /home/travis/build/icyphy/ptII/ptolemy/actor/lib/test/auto/SubscriberPortInitialValues13.xml
5 ms. Memory: 447488K Free: 180255K (40%)
----------------- Invoking toplevel() on ptolemy.moml.MoMLSimpleApplication@b041047
----------------- Done invoking toplevel() on ptolemy.moml.MoMLSimpleApplication@b041047
reloadAllAccessors: .SubscriberPortInitialValues13

===========================================================================================
----------------- testing Mon Jan 13 21:13:40 UTC 2020 /home/travis/build/icyphy/ptII/ptolemy/actor/lib/test/auto/SubscriberPortInitialValues14.xml
----------------- Instantiating /home/travis/build/icyphy/ptII/ptolemy/actor/lib/test/auto/SubscriberPortInitialValues14.xml
4 ms. Memory: 447488K Free: 172573K (39%)
----------------- Invoking toplevel() on ptolemy.moml.MoMLSimpleApplication@34261d4b
----------------- Done invoking toplevel() on ptolemy.moml.MoMLSimpleApplication@34261d4b
reloadAllAccessors: .SubscriberPortInitialValues14

===========================================================================================
----------------- testing Mon Jan 13 21:13:41 UTC 2020 /home/travis/build/icyphy/ptII/ptolemy/actor/lib/test/auto/SubscriberPortInitialValues2.xml
----------------- Instantiating /home/travis/build/icyphy/ptII/ptolemy/actor/lib/test/auto/SubscriberPortInitialValues2.xml
4 ms. Memory: 447488K Free: 164895K (37%)
----------------- Invoking toplevel() on ptolemy.moml.MoMLSimpleApplication@6577cf87
----------------- Done invoking toplevel() on ptolemy.moml.MoMLSimpleApplication@6577cf87
reloadAllAccessors: .SubscriberPortInitialValues2

===========================================================================================
----------------- testing Mon Jan 13 21:13:41 UTC 2020 /home/travis/build/icyphy/ptII/ptolemy/actor/lib/test/auto/SubscriberPortInitialValues3.xml
----------------- Instantiating /home/travis/build/icyphy/ptII/ptolemy/actor/lib/test/auto/SubscriberPortInitialValues3.xml
4 ms. Memory: 447488K Free: 154141K (34%)
----------------- Invoking toplevel() on ptolemy.moml.MoMLSimpleApplication@4dec573f
----------------- Done invoking toplevel() on ptolemy.moml.MoMLSimpleApplication@4dec573f
reloadAllAccessors: .SubscriberPortInitialValues3

===========================================================================================
----------------- testing Mon Jan 13 21:13:41 UTC 2020 /home/travis/build/icyphy/ptII/ptolemy/actor/lib/test/auto/SubscriptionAggregator.xml
----------------- Instantiating /home/travis/build/icyphy/ptII/ptolemy/actor/lib/test/auto/SubscriptionAggregator.xml
2 ms. Memory: 447488K Free: 147487K (33%)
----------------- Invoking toplevel() on ptolemy.moml.MoMLSimpleApplication@284b7e7
----------------- Done invoking toplevel() on ptolemy.moml.MoMLSimpleApplication@284b7e7
reloadAllAccessors: .SubscriptionAggregator

===========================================================================================
----------------- testing Mon Jan 13 21:13:41 UTC 2020 /home/travis/build/icyphy/ptII/ptolemy/actor/lib/test/auto/SubscriptionAggregator2.xml
----------------- Instantiating /home/travis/build/icyphy/ptII/ptolemy/actor/lib/test/auto/SubscriptionAggregator2.xml
2 ms. Memory: 447488K Free: 140319K (31%)
----------------- Invoking toplevel() on ptolemy.moml.MoMLSimpleApplication@3306fd9
----------------- Done invoking toplevel() on ptolemy.moml.MoMLSimpleApplication@3306fd9
reloadAllAccessors: .SubscriptionAggregator2

===========================================================================================
----------------- testing Mon Jan 13 21:13:41 UTC 2020 /home/travis/build/icyphy/ptII/ptolemy/actor/lib/test/auto/SubscriptionAggregator3.xml
----------------- Instantiating /home/travis/build/icyphy/ptII/ptolemy/actor/lib/test/auto/SubscriptionAggregator3.xml
23 ms. Memory: 447488K Free: 395692K (88%)
----------------- Invoking toplevel() on ptolemy.moml.MoMLSimpleApplication@321485a2
----------------- Done invoking toplevel() on ptolemy.moml.MoMLSimpleApplication@321485a2
reloadAllAccessors: .SubscriptionAggregator3

===========================================================================================
----------------- testing Mon Jan 13 21:13:41 UTC 2020 /home/travis/build/icyphy/ptII/ptolemy/actor/lib/test/auto/SubscriptionAggregatorMultiply.xml
----------------- Instantiating /home/travis/build/icyphy/ptII/ptolemy/actor/lib/test/auto/SubscriptionAggregatorMultiply.xml
13 ms. Memory: 447488K Free: 387025K (86%)
----------------- Invoking toplevel() on ptolemy.moml.MoMLSimpleApplication@6c6f7bae
----------------- Done invoking toplevel() on ptolemy.moml.MoMLSimpleApplication@6c6f7bae
reloadAllAccessors: .SubscriptionAggregatorMultiply

===========================================================================================
----------------- testing Mon Jan 13 21:13:41 UTC 2020 /home/travis/build/icyphy/ptII/ptolemy/actor/lib/test/auto/SubscriptionAggregatorPortMultiply1.xml
----------------- Instantiating /home/travis/build/icyphy/ptII/ptolemy/actor/lib/test/auto/SubscriptionAggregatorPortMultiply1.xml
3 ms. Memory: 447488K Free: 378833K (85%)
----------------- Invoking toplevel() on ptolemy.moml.MoMLSimpleApplication@ae912a4
----------------- Done invoking toplevel() on ptolemy.moml.MoMLSimpleApplication@ae912a4
reloadAllAccessors: .SubscriptionAggregatorPortMultiply1

===========================================================================================
----------------- testing Mon Jan 13 21:13:41 UTC 2020 /home/travis/build/icyphy/ptII/ptolemy/actor/lib/test/auto/Switch.xml
----------------- Instantiating /home/travis/build/icyphy/ptII/ptolemy/actor/lib/test/auto/Switch.xml
8 ms. Memory: 447488K Free: 370641K (83%)
----------------- Invoking toplevel() on ptolemy.moml.MoMLSimpleApplication@3ae0d9e1
----------------- Done invoking toplevel() on ptolemy.moml.MoMLSimpleApplication@3ae0d9e1
reloadAllAccessors: .Switch

===========================================================================================
----------------- testing Mon Jan 13 21:13:41 UTC 2020 /home/travis/build/icyphy/ptII/ptolemy/actor/lib/test/auto/Switch2.xml
----------------- Instantiating /home/travis/build/icyphy/ptII/ptolemy/actor/lib/test/auto/Switch2.xml
1 ms. Memory: 447488K Free: 366031K (82%)
----------------- Invoking toplevel() on ptolemy.moml.MoMLSimpleApplication@5da6d48c
----------------- Done invoking toplevel() on ptolemy.moml.MoMLSimpleApplication@5da6d48c
reloadAllAccessors: .Switch2

===========================================================================================
----------------- testing Mon Jan 13 21:13:41 UTC 2020 /home/travis/build/icyphy/ptII/ptolemy/actor/lib/test/auto/SwitchDE.xml
----------------- Instantiating /home/travis/build/icyphy/ptII/ptolemy/actor/lib/test/auto/SwitchDE.xml
4 ms. Memory: 447488K Free: 359377K (80%)
----------------- Invoking toplevel() on ptolemy.moml.MoMLSimpleApplication@589f1d02
----------------- Done invoking toplevel() on ptolemy.moml.MoMLSimpleApplication@589f1d02
reloadAllAccessors: .SwitchDE

===========================================================================================
----------------- testing Mon Jan 13 21:13:41 UTC 2020 /home/travis/build/icyphy/ptII/ptolemy/actor/lib/test/auto/SynchronizerDE.xml
----------------- Instantiating /home/travis/build/icyphy/ptII/ptolemy/actor/lib/test/auto/SynchronizerDE.xml
7 ms. Memory: 447488K Free: 351185K (78%)
----------------- Invoking toplevel() on ptolemy.moml.MoMLSimpleApplication@430252d5
----------------- Done invoking toplevel() on ptolemy.moml.MoMLSimpleApplication@430252d5
reloadAllAccessors: .SynchronizerDE

===========================================================================================
----------------- testing Mon Jan 13 21:13:41 UTC 2020 /home/travis/build/icyphy/ptII/ptolemy/actor/lib/test/auto/Test.xml
----------------- Instantiating /home/travis/build/icyphy/ptII/ptolemy/actor/lib/test/auto/Test.xml
2 ms. Memory: 447488K Free: 346065K (77%)
----------------- Invoking toplevel() on ptolemy.moml.MoMLSimpleApplication@6395e349
----------------- Done invoking toplevel() on ptolemy.moml.MoMLSimpleApplication@6395e349
reloadAllAccessors: .Test

===========================================================================================
----------------- testing Mon Jan 13 21:13:41 UTC 2020 /home/travis/build/icyphy/ptII/ptolemy/actor/lib/test/auto/TestExceptionAttribute1.xml
----------------- Instantiating /home/travis/build/icyphy/ptII/ptolemy/actor/lib/test/auto/TestExceptionAttribute1.xml
1 ms. Memory: 447488K Free: 342479K (77%)
----------------- Invoking toplevel() on ptolemy.moml.MoMLSimpleApplication@2900393a
----------------- Done invoking toplevel() on ptolemy.moml.MoMLSimpleApplication@2900393a
reloadAllAccessors: .TestExceptionAttribute1

===========================================================================================
----------------- testing Mon Jan 13 21:13:41 UTC 2020 /home/travis/build/icyphy/ptII/ptolemy/actor/lib/test/auto/TestExceptionAttribute2.xml
----------------- Instantiating /home/travis/build/icyphy/ptII/ptolemy/actor/lib/test/auto/TestExceptionAttribute2.xml
1 ms. Memory: 447488K Free: 338897K (76%)
----------------- Invoking toplevel() on ptolemy.moml.MoMLSimpleApplication@7d288bd3
----------------- Done invoking toplevel() on ptolemy.moml.MoMLSimpleApplication@7d288bd3
reloadAllAccessors: .TestExceptionAttribute2

===========================================================================================
----------------- testing Mon Jan 13 21:13:41 UTC 2020 /home/travis/build/icyphy/ptII/ptolemy/actor/lib/test/auto/TestExceptionAttribute3.xml
----------------- Instantiating /home/travis/build/icyphy/ptII/ptolemy/actor/lib/test/auto/TestExceptionAttribute3.xml
.TestExceptionAttribute3.TestExceptionAttribute: initialize() was not invoked, but wrapup() was.  This is unusual, but not always a problem.  For example, exporting JNLP will do this.
1 ms. Memory: 447488K Free: 335311K (75%)
----------------- Invoking toplevel() on ptolemy.moml.MoMLSimpleApplication@4e3ab712
----------------- Done invoking toplevel() on ptolemy.moml.MoMLSimpleApplication@4e3ab712
reloadAllAccessors: .TestExceptionAttribute3

===========================================================================================
----------------- testing Mon Jan 13 21:13:41 UTC 2020 /home/travis/build/icyphy/ptII/ptolemy/actor/lib/test/auto/TestExceptionAttribute4.xml
----------------- Instantiating /home/travis/build/icyphy/ptII/ptolemy/actor/lib/test/auto/TestExceptionAttribute4.xml
.TestExceptionAttribute4.TestExceptionAttribute: initialize() was not invoked, but wrapup() was.  This is unusual, but not always a problem.  For example, exporting JNLP will do this.
.TestExceptionAttribute4.TestExceptionAttribute2: initialize() was not invoked, but wrapup() was.  This is unusual, but not always a problem.  For example, exporting JNLP will do this.
1 ms. Memory: 447488K Free: 331215K (74%)
----------------- Invoking toplevel() on ptolemy.moml.MoMLSimpleApplication@2fe996a7
----------------- Done invoking toplevel() on ptolemy.moml.MoMLSimpleApplication@2fe996a7
reloadAllAccessors: .TestExceptionAttribute4

===========================================================================================
----------------- testing Mon Jan 13 21:13:41 UTC 2020 /home/travis/build/icyphy/ptII/ptolemy/actor/lib/test/auto/TestExceptionHandler1.xml
----------------- Instantiating /home/travis/build/icyphy/ptII/ptolemy/actor/lib/test/auto/TestExceptionHandler1.xml
0 ms. Memory: 447488K Free: 327633K (73%)
----------------- Invoking toplevel() on ptolemy.moml.MoMLSimpleApplication@38fbb60b
----------------- Done invoking toplevel() on ptolemy.moml.MoMLSimpleApplication@38fbb60b
reloadAllAccessors: .TestExceptionHandler1

===========================================================================================
----------------- testing Mon Jan 13 21:13:41 UTC 2020 /home/travis/build/icyphy/ptII/ptolemy/actor/lib/test/auto/TestExceptionHandler2.xml
----------------- Instantiating /home/travis/build/icyphy/ptII/ptolemy/actor/lib/test/auto/TestExceptionHandler2.xml
1 ms. Memory: 447488K Free: 324047K (72%)
----------------- Invoking toplevel() on ptolemy.moml.MoMLSimpleApplication@9141bb3
----------------- Done invoking toplevel() on ptolemy.moml.MoMLSimpleApplication@9141bb3
reloadAllAccessors: .TestExceptionHandler2

===========================================================================================
----------------- testing Mon Jan 13 21:13:41 UTC 2020 /home/travis/build/icyphy/ptII/ptolemy/actor/lib/test/auto/TestExceptionHandler3.xml
----------------- Instantiating /home/travis/build/icyphy/ptII/ptolemy/actor/lib/test/auto/TestExceptionHandler3.xml
0 ms. Memory: 447488K Free: 320465K (72%)
----------------- Invoking toplevel() on ptolemy.moml.MoMLSimpleApplication@7c489e31
----------------- Done invoking toplevel() on ptolemy.moml.MoMLSimpleApplication@7c489e31
reloadAllAccessors: .TestExceptionHandler3

===========================================================================================
----------------- testing Mon Jan 13 21:13:41 UTC 2020 /home/travis/build/icyphy/ptII/ptolemy/actor/lib/test/auto/TestExceptionHandler4.xml
----------------- Instantiating /home/travis/build/icyphy/ptII/ptolemy/actor/lib/test/auto/TestExceptionHandler4.xml
0 ms. Memory: 447488K Free: 315855K (71%)
----------------- Invoking toplevel() on ptolemy.moml.MoMLSimpleApplication@309a44d8
----------------- Done invoking toplevel() on ptolemy.moml.MoMLSimpleApplication@309a44d8
reloadAllAccessors: .TestExceptionHandler4

===========================================================================================
----------------- testing Mon Jan 13 21:13:41 UTC 2020 /home/travis/build/icyphy/ptII/ptolemy/actor/lib/test/auto/TestRequireCorrectOrder.xml
----------------- Instantiating /home/travis/build/icyphy/ptII/ptolemy/actor/lib/test/auto/TestRequireCorrectOrder.xml
9 ms. Memory: 447488K Free: 310721K (69%)
----------------- Invoking toplevel() on ptolemy.moml.MoMLSimpleApplication@636f945f
----------------- Done invoking toplevel() on ptolemy.moml.MoMLSimpleApplication@636f945f
reloadAllAccessors: .TestRequireCorrectOrder

===========================================================================================
----------------- testing Mon Jan 13 21:13:41 UTC 2020 /home/travis/build/icyphy/ptII/ptolemy/actor/lib/test/auto/TestSimple.xml
----------------- Instantiating /home/travis/build/icyphy/ptII/ptolemy/actor/lib/test/auto/TestSimple.xml
2 ms. Memory: 447488K Free: 306639K (69%)
----------------- Invoking toplevel() on ptolemy.moml.MoMLSimpleApplication@241d0021
----------------- Done invoking toplevel() on ptolemy.moml.MoMLSimpleApplication@241d0021
reloadAllAccessors: .TestSimple

===========================================================================================
----------------- testing Mon Jan 13 21:13:41 UTC 2020 /home/travis/build/icyphy/ptII/ptolemy/actor/lib/test/auto/ThrowModelError.xml
----------------- Instantiating /home/travis/build/icyphy/ptII/ptolemy/actor/lib/test/auto/ThrowModelError.xml
1 ms. Memory: 447488K Free: 302033K (67%)
----------------- Invoking toplevel() on ptolemy.moml.MoMLSimpleApplication@35672681
----------------- Done invoking toplevel() on ptolemy.moml.MoMLSimpleApplication@35672681
reloadAllAccessors: .ThrowModelError

===========================================================================================
----------------- testing Mon Jan 13 21:13:41 UTC 2020 /home/travis/build/icyphy/ptII/ptolemy/actor/lib/test/auto/TimeDelayMicrosteps.xml
----------------- Instantiating /home/travis/build/icyphy/ptII/ptolemy/actor/lib/test/auto/TimeDelayMicrosteps.xml
3 ms. Memory: 447488K Free: 295361K (66%)
----------------- Invoking toplevel() on ptolemy.moml.MoMLSimpleApplication@2dbbe1d8
----------------- Done invoking toplevel() on ptolemy.moml.MoMLSimpleApplication@2dbbe1d8
reloadAllAccessors: .TimeDelayMicrosteps

===========================================================================================
----------------- testing Mon Jan 13 21:13:41 UTC 2020 /home/travis/build/icyphy/ptII/ptolemy/actor/lib/test/auto/TimeDelayMicrosteps2.xml
----------------- Instantiating /home/travis/build/icyphy/ptII/ptolemy/actor/lib/test/auto/TimeDelayMicrosteps2.xml
3 ms. Memory: 447488K Free: 288177K (64%)
----------------- Invoking toplevel() on ptolemy.moml.MoMLSimpleApplication@337e28e3
----------------- Done invoking toplevel() on ptolemy.moml.MoMLSimpleApplication@337e28e3
reloadAllAccessors: .TimeDelayMicrosteps2

===========================================================================================
----------------- testing Mon Jan 13 21:13:41 UTC 2020 /home/travis/build/icyphy/ptII/ptolemy/actor/lib/test/auto/TimeDelayMicrosteps3.xml
----------------- Instantiating /home/travis/build/icyphy/ptII/ptolemy/actor/lib/test/auto/TimeDelayMicrosteps3.xml
3 ms. Memory: 447488K Free: 281553K (63%)
----------------- Invoking toplevel() on ptolemy.moml.MoMLSimpleApplication@7365b7e6
----------------- Done invoking toplevel() on ptolemy.moml.MoMLSimpleApplication@7365b7e6
reloadAllAccessors: .TimeDelayMicrosteps3

===========================================================================================
----------------- testing Mon Jan 13 21:13:41 UTC 2020 /home/travis/build/icyphy/ptII/ptolemy/actor/lib/test/auto/TimeDelayVariableMicrosteps.xml
----------------- Instantiating /home/travis/build/icyphy/ptII/ptolemy/actor/lib/test/auto/TimeDelayVariableMicrosteps.xml
2 ms. Memory: 447488K Free: 274895K (61%)
----------------- Invoking toplevel() on ptolemy.moml.MoMLSimpleApplication@5b6128eb
----------------- Done invoking toplevel() on ptolemy.moml.MoMLSimpleApplication@5b6128eb
reloadAllAccessors: .TimeDelayVariableMicrosteps

===========================================================================================
----------------- testing Mon Jan 13 21:13:41 UTC 2020 /home/travis/build/icyphy/ptII/ptolemy/actor/lib/test/auto/TimeGap.xml
----------------- Instantiating /home/travis/build/icyphy/ptII/ptolemy/actor/lib/test/auto/TimeGap.xml
3 ms. Memory: 447488K Free: 269265K (60%)
----------------- Invoking toplevel() on ptolemy.moml.MoMLSimpleApplication@58a0b786
----------------- Done invoking toplevel() on ptolemy.moml.MoMLSimpleApplication@58a0b786
reloadAllAccessors: .TimeGap

===========================================================================================
----------------- testing Mon Jan 13 21:13:41 UTC 2020 /home/travis/build/icyphy/ptII/ptolemy/actor/lib/test/auto/TimeGap2.xml
----------------- Instantiating /home/travis/build/icyphy/ptII/ptolemy/actor/lib/test/auto/TimeGap2.xml
2 ms. Memory: 447488K Free: 263617K (59%)
----------------- Invoking toplevel() on ptolemy.moml.MoMLSimpleApplication@5294d59e
----------------- Done invoking toplevel() on ptolemy.moml.MoMLSimpleApplication@5294d59e
reloadAllAccessors: .TimeGap2

===========================================================================================
----------------- testing Mon Jan 13 21:13:41 UTC 2020 /home/travis/build/icyphy/ptII/ptolemy/actor/lib/test/auto/TimedSinewave.xml
----------------- Instantiating /home/travis/build/icyphy/ptII/ptolemy/actor/lib/test/auto/TimedSinewave.xml
19 ms. Memory: 447488K Free: 249809K (56%)
----------------- Invoking toplevel() on ptolemy.moml.MoMLSimpleApplication@377cfe9f
----------------- Done invoking toplevel() on ptolemy.moml.MoMLSimpleApplication@377cfe9f
reloadAllAccessors: .TimedSinewave

===========================================================================================
----------------- testing Mon Jan 13 21:13:41 UTC 2020 /home/travis/build/icyphy/ptII/ptolemy/actor/lib/test/auto/TimedSinewavePhase.xml
----------------- Instantiating /home/travis/build/icyphy/ptII/ptolemy/actor/lib/test/auto/TimedSinewavePhase.xml
9 ms. Memory: 447488K Free: 240079K (54%)
----------------- Invoking toplevel() on ptolemy.moml.MoMLSimpleApplication@56877350
----------------- Done invoking toplevel() on ptolemy.moml.MoMLSimpleApplication@56877350
reloadAllAccessors: .TimedSinewavePhase

===========================================================================================
----------------- testing Mon Jan 13 21:13:41 UTC 2020 /home/travis/build/icyphy/ptII/ptolemy/actor/lib/test/auto/Timer.xml
----------------- Instantiating /home/travis/build/icyphy/ptII/ptolemy/actor/lib/test/auto/Timer.xml
3 ms. Memory: 447488K Free: 234449K (52%)
----------------- Invoking toplevel() on ptolemy.moml.MoMLSimpleApplication@674bc36a
----------------- Done invoking toplevel() on ptolemy.moml.MoMLSimpleApplication@674bc36a
reloadAllAccessors: .Timer

===========================================================================================
----------------- testing Mon Jan 13 21:13:41 UTC 2020 /home/travis/build/icyphy/ptII/ptolemy/actor/lib/test/auto/TriangularDistTestModel.xml
----------------- Instantiating /home/travis/build/icyphy/ptII/ptolemy/actor/lib/test/auto/TriangularDistTestModel.xml
2 ms. Memory: 447488K Free: 228801K (51%)
----------------- Invoking toplevel() on ptolemy.moml.MoMLSimpleApplication@c938e6f
----------------- Done invoking toplevel() on ptolemy.moml.MoMLSimpleApplication@c938e6f
reloadAllAccessors: .TriangularDistTestModel

===========================================================================================
----------------- testing Mon Jan 13 21:13:41 UTC 2020 /home/travis/build/icyphy/ptII/ptolemy/actor/lib/test/auto/TrigFunction.xml
----------------- Instantiating /home/travis/build/icyphy/ptII/ptolemy/actor/lib/test/auto/TrigFunction.xml
1 ms. Memory: 447488K Free: 223695K (50%)
----------------- Invoking toplevel() on ptolemy.moml.MoMLSimpleApplication@162260e8
----------------- Done invoking toplevel() on ptolemy.moml.MoMLSimpleApplication@162260e8
reloadAllAccessors: .TrigFunction

===========================================================================================
----------------- testing Mon Jan 13 21:13:41 UTC 2020 /home/travis/build/icyphy/ptII/ptolemy/actor/lib/test/auto/TrigFunctionDE.xml
----------------- Instantiating /home/travis/build/icyphy/ptII/ptolemy/actor/lib/test/auto/TrigFunctionDE.xml
2 ms. Memory: 447488K Free: 218065K (49%)
----------------- Invoking toplevel() on ptolemy.moml.MoMLSimpleApplication@79a9ea13
----------------- Done invoking toplevel() on ptolemy.moml.MoMLSimpleApplication@79a9ea13
reloadAllAccessors: .TrigFunctionDE

===========================================================================================
----------------- testing Mon Jan 13 21:13:41 UTC 2020 /home/travis/build/icyphy/ptII/ptolemy/actor/lib/test/auto/TrigFunctionInverse.xml
----------------- Instantiating /home/travis/build/icyphy/ptII/ptolemy/actor/lib/test/auto/TrigFunctionInverse.xml
2 ms. Memory: 447488K Free: 212945K (48%)
----------------- Invoking toplevel() on ptolemy.moml.MoMLSimpleApplication@4d0c61c3
----------------- Done invoking toplevel() on ptolemy.moml.MoMLSimpleApplication@4d0c61c3
reloadAllAccessors: .TrigFunctionInverse

===========================================================================================
----------------- testing Mon Jan 13 21:13:41 UTC 2020 /home/travis/build/icyphy/ptII/ptolemy/actor/lib/test/auto/TrigFunctionTan.xml
----------------- Instantiating /home/travis/build/icyphy/ptII/ptolemy/actor/lib/test/auto/TrigFunctionTan.xml
2 ms. Memory: 447488K Free: 208849K (47%)
----------------- Invoking toplevel() on ptolemy.moml.MoMLSimpleApplication@6d65b490
----------------- Done invoking toplevel() on ptolemy.moml.MoMLSimpleApplication@6d65b490
reloadAllAccessors: .TrigFunctionTan

===========================================================================================
----------------- testing Mon Jan 13 21:13:41 UTC 2020 /home/travis/build/icyphy/ptII/ptolemy/actor/lib/test/auto/TriggeredClock.xml
----------------- Instantiating /home/travis/build/icyphy/ptII/ptolemy/actor/lib/test/auto/TriggeredClock.xml
1 ms. Memory: 447488K Free: 204223K (46%)
----------------- Invoking toplevel() on ptolemy.moml.MoMLSimpleApplication@ae4cd18
----------------- Done invoking toplevel() on ptolemy.moml.MoMLSimpleApplication@ae4cd18
reloadAllAccessors: .TriggeredClock

===========================================================================================
----------------- testing Mon Jan 13 21:13:41 UTC 2020 /home/travis/build/icyphy/ptII/ptolemy/actor/lib/test/auto/URLDirectoryReader.xml
----------------- Instantiating /home/travis/build/icyphy/ptII/ptolemy/actor/lib/test/auto/URLDirectoryReader.xml
39 ms. Memory: 447488K Free: 195023K (44%)
----------------- Invoking toplevel() on ptolemy.moml.MoMLSimpleApplication@62764d6f
----------------- Done invoking toplevel() on ptolemy.moml.MoMLSimpleApplication@62764d6f
reloadAllAccessors: .URLDirectoryReader

===========================================================================================
----------------- testing Mon Jan 13 21:13:41 UTC 2020 /home/travis/build/icyphy/ptII/ptolemy/actor/lib/test/auto/URLDirectoryReader3.xml
----------------- Instantiating /home/travis/build/icyphy/ptII/ptolemy/actor/lib/test/auto/URLDirectoryReader3.xml
1202 ms. Memory: 447488K Free: 386710K (86%)
----------------- Invoking toplevel() on ptolemy.moml.MoMLSimpleApplication@532d548b
----------------- Done invoking toplevel() on ptolemy.moml.MoMLSimpleApplication@532d548b
reloadAllAccessors: .URLDirectoryReader3

===========================================================================================
----------------- testing Mon Jan 13 21:13:43 UTC 2020 /home/travis/build/icyphy/ptII/ptolemy/actor/lib/test/auto/UnaryMathFunction.xml
----------------- Instantiating /home/travis/build/icyphy/ptII/ptolemy/actor/lib/test/auto/UnaryMathFunction.xml
2 ms. Memory: 447488K Free: 378911K (85%)
----------------- Invoking toplevel() on ptolemy.moml.MoMLSimpleApplication@707a8995
----------------- Done invoking toplevel() on ptolemy.moml.MoMLSimpleApplication@707a8995
reloadAllAccessors: .UnaryMathFunction

===========================================================================================
----------------- testing Mon Jan 13 21:13:43 UTC 2020 /home/travis/build/icyphy/ptII/ptolemy/actor/lib/test/auto/Uniform.xml
----------------- Instantiating /home/travis/build/icyphy/ptII/ptolemy/actor/lib/test/auto/Uniform.xml
4 ms. Memory: 447488K Free: 374301K (84%)
----------------- Invoking toplevel() on ptolemy.moml.MoMLSimpleApplication@19304250
----------------- Done invoking toplevel() on ptolemy.moml.MoMLSimpleApplication@19304250
reloadAllAccessors: .Uniform

===========================================================================================
----------------- testing Mon Jan 13 21:13:43 UTC 2020 /home/travis/build/icyphy/ptII/ptolemy/actor/lib/test/auto/UnionDisassemblerTest.xml
----------------- Instantiating /home/travis/build/icyphy/ptII/ptolemy/actor/lib/test/auto/UnionDisassemblerTest.xml
9 ms. Memory: 447488K Free: 370205K (83%)
----------------- Invoking toplevel() on ptolemy.moml.MoMLSimpleApplication@74e5905d
----------------- Done invoking toplevel() on ptolemy.moml.MoMLSimpleApplication@74e5905d
reloadAllAccessors: .UnionDisassemblerTest

===========================================================================================
----------------- testing Mon Jan 13 21:13:43 UTC 2020 /home/travis/build/icyphy/ptII/ptolemy/actor/lib/test/auto/UtilityFunctions.xml
----------------- Instantiating /home/travis/build/icyphy/ptII/ptolemy/actor/lib/test/auto/UtilityFunctions.xml
0 ms. Memory: 447488K Free: 366623K (82%)
----------------- Invoking toplevel() on ptolemy.moml.MoMLSimpleApplication@659a49f3
----------------- Done invoking toplevel() on ptolemy.moml.MoMLSimpleApplication@659a49f3
reloadAllAccessors: .UtilityFunctions

===========================================================================================
----------------- testing Mon Jan 13 21:13:43 UTC 2020 /home/travis/build/icyphy/ptII/ptolemy/actor/lib/test/auto/VariableSleep.xml
----------------- Instantiating /home/travis/build/icyphy/ptII/ptolemy/actor/lib/test/auto/VariableSleep.xml
503 ms. Memory: 447488K Free: 360989K (81%)
----------------- Invoking toplevel() on ptolemy.moml.MoMLSimpleApplication@46f636fa
----------------- Done invoking toplevel() on ptolemy.moml.MoMLSimpleApplication@46f636fa
reloadAllAccessors: .VariableSleep

===========================================================================================
----------------- testing Mon Jan 13 21:13:43 UTC 2020 /home/travis/build/icyphy/ptII/ptolemy/actor/lib/test/auto/VectorAssemblerDisassemblerCT.xml
----------------- Instantiating /home/travis/build/icyphy/ptII/ptolemy/actor/lib/test/auto/VectorAssemblerDisassemblerCT.xml
70 ms. Memory: 447488K Free: 340509K (76%)
----------------- Invoking toplevel() on ptolemy.moml.MoMLSimpleApplication@7185c95c
----------------- Done invoking toplevel() on ptolemy.moml.MoMLSimpleApplication@7185c95c
reloadAllAccessors: .VectorAssemblerDisassemblerCT

===========================================================================================
----------------- testing Mon Jan 13 21:13:43 UTC 2020 /home/travis/build/icyphy/ptII/ptolemy/actor/lib/test/auto/VectorAssemblerDisassemblerDE.xml
----------------- Instantiating /home/travis/build/icyphy/ptII/ptolemy/actor/lib/test/auto/VectorAssemblerDisassemblerDE.xml
2 ms. Memory: 447488K Free: 333341K (74%)
----------------- Invoking toplevel() on ptolemy.moml.MoMLSimpleApplication@12903bb3
----------------- Done invoking toplevel() on ptolemy.moml.MoMLSimpleApplication@12903bb3
reloadAllAccessors: .VectorAssemblerDisassemblerDE

===========================================================================================
----------------- testing Mon Jan 13 21:13:43 UTC 2020 /home/travis/build/icyphy/ptII/ptolemy/actor/lib/test/auto/VectorAssemblerDisassemblerSDF.xml
----------------- Instantiating /home/travis/build/icyphy/ptII/ptolemy/actor/lib/test/auto/VectorAssemblerDisassemblerSDF.xml
2 ms. Memory: 447488K Free: 327183K (73%)
----------------- Invoking toplevel() on ptolemy.moml.MoMLSimpleApplication@49b1b105
----------------- Done invoking toplevel() on ptolemy.moml.MoMLSimpleApplication@49b1b105
reloadAllAccessors: .VectorAssemblerDisassemblerSDF

===========================================================================================
----------------- testing Mon Jan 13 21:13:43 UTC 2020 /home/travis/build/icyphy/ptII/ptolemy/actor/lib/test/auto/WallClockTime.xml
----------------- Instantiating /home/travis/build/icyphy/ptII/ptolemy/actor/lib/test/auto/WallClockTime.xml
1004 ms. Memory: 447488K Free: 322077K (72%)
----------------- Invoking toplevel() on ptolemy.moml.MoMLSimpleApplication@2c7ac38a
----------------- Done invoking toplevel() on ptolemy.moml.MoMLSimpleApplication@2c7ac38a
reloadAllAccessors: .WallClockTime

===========================================================================================
----------------- testing Mon Jan 13 21:13:44 UTC 2020 /home/travis/build/icyphy/ptII/ptolemy/actor/lib/test/auto/WidthTestWithSubscriberPublisher.xml
----------------- Instantiating /home/travis/build/icyphy/ptII/ptolemy/actor/lib/test/auto/WidthTestWithSubscriberPublisher.xml
7 ms. Memory: 447488K Free: 303645K (68%)
----------------- Invoking toplevel() on ptolemy.moml.MoMLSimpleApplication@134717e0
----------------- Done invoking toplevel() on ptolemy.moml.MoMLSimpleApplication@134717e0
reloadAllAccessors: .WidthTestWithSubscriberPublisher

===========================================================================================
----------------- testing Mon Jan 13 21:13:45 UTC 2020 /home/travis/build/icyphy/ptII/ptolemy/actor/lib/test/auto/WidthTestWithSubscriberPublisher2.xml
----------------- Instantiating /home/travis/build/icyphy/ptII/ptolemy/actor/lib/test/auto/WidthTestWithSubscriberPublisher2.xml
2 ms. Memory: 447488K Free: 296991K (66%)
----------------- Invoking toplevel() on ptolemy.moml.MoMLSimpleApplication@18fefcbb
----------------- Done invoking toplevel() on ptolemy.moml.MoMLSimpleApplication@18fefcbb
reloadAllAccessors: .WidthTestWithSubscriberPublisher2

===========================================================================================
----------------- testing Mon Jan 13 21:13:45 UTC 2020 /home/travis/build/icyphy/ptII/ptolemy/actor/lib/test/auto/WidthTestWithSubscriberPublisher3.xml
----------------- Instantiating /home/travis/build/icyphy/ptII/ptolemy/actor/lib/test/auto/WidthTestWithSubscriberPublisher3.xml
1 ms. Memory: 447488K Free: 291357K (65%)
----------------- Invoking toplevel() on ptolemy.moml.MoMLSimpleApplication@51869a87
----------------- Done invoking toplevel() on ptolemy.moml.MoMLSimpleApplication@51869a87
reloadAllAccessors: .WidthTestWithSubscriberPublisher3

===========================================================================================
----------------- testing Mon Jan 13 21:13:45 UTC 2020 /home/travis/build/icyphy/ptII/ptolemy/actor/lib/test/auto/Writer.xml
----------------- Instantiating /home/travis/build/icyphy/ptII/ptolemy/actor/lib/test/auto/Writer.xml
0
1
2
3
4
1 ms. Memory: 447488K Free: 287255K (64%)
----------------- Invoking toplevel() on ptolemy.moml.MoMLSimpleApplication@57dcd06a
----------------- Done invoking toplevel() on ptolemy.moml.MoMLSimpleApplication@57dcd06a
reloadAllAccessors: .Writer

===========================================================================================
----------------- testing Mon Jan 13 21:13:45 UTC 2020 /home/travis/build/icyphy/ptII/ptolemy/actor/lib/test/auto/array.xml
----------------- Instantiating /home/travis/build/icyphy/ptII/ptolemy/actor/lib/test/auto/array.xml
1 ms. Memory: 447488K Free: 282655K (63%)
----------------- Invoking toplevel() on ptolemy.moml.MoMLSimpleApplication@40e28968
----------------- Done invoking toplevel() on ptolemy.moml.MoMLSimpleApplication@40e28968
reloadAllAccessors: .array

===========================================================================================
----------------- testing Mon Jan 13 21:13:45 UTC 2020 /home/travis/build/icyphy/ptII/ptolemy/actor/lib/test/auto/array2.xml
----------------- Instantiating /home/travis/build/icyphy/ptII/ptolemy/actor/lib/test/auto/array2.xml
4 ms. Memory: 447488K Free: 277007K (62%)
----------------- Invoking toplevel() on ptolemy.moml.MoMLSimpleApplication@75e97575
----------------- Done invoking toplevel() on ptolemy.moml.MoMLSimpleApplication@75e97575
reloadAllAccessors: .array2

===========================================================================================
----------------- testing Mon Jan 13 21:13:45 UTC 2020 /home/travis/build/icyphy/ptII/ptolemy/actor/lib/test/auto/arrayType.xml
----------------- Instantiating /home/travis/build/icyphy/ptII/ptolemy/actor/lib/test/auto/arrayType.xml
2 ms. Memory: 447488K Free: 271901K (61%)
----------------- Invoking toplevel() on ptolemy.moml.MoMLSimpleApplication@468cb880
----------------- Done invoking toplevel() on ptolemy.moml.MoMLSimpleApplication@468cb880
reloadAllAccessors: .arrayType

===========================================================================================
----------------- testing Mon Jan 13 21:13:45 UTC 2020 /home/travis/build/icyphy/ptII/ptolemy/actor/lib/test/auto/arrayType10.xml
----------------- Instantiating /home/travis/build/icyphy/ptII/ptolemy/actor/lib/test/auto/arrayType10.xml
1 ms. Memory: 447488K Free: 267295K (60%)
----------------- Invoking toplevel() on ptolemy.moml.MoMLSimpleApplication@1e435362
----------------- Done invoking toplevel() on ptolemy.moml.MoMLSimpleApplication@1e435362
reloadAllAccessors: .arrayType10

===========================================================================================
----------------- testing Mon Jan 13 21:13:45 UTC 2020 /home/travis/build/icyphy/ptII/ptolemy/actor/lib/test/auto/arrayType11.xml
----------------- Instantiating /home/travis/build/icyphy/ptII/ptolemy/actor/lib/test/auto/arrayType11.xml
2 ms. Memory: 447488K Free: 262685K (59%)
----------------- Invoking toplevel() on ptolemy.moml.MoMLSimpleApplication@7aadcdcc
----------------- Done invoking toplevel() on ptolemy.moml.MoMLSimpleApplication@7aadcdcc
reloadAllAccessors: .arrayType11

===========================================================================================
----------------- testing Mon Jan 13 21:13:45 UTC 2020 /home/travis/build/icyphy/ptII/ptolemy/actor/lib/test/auto/arrayType12.xml
----------------- Instantiating /home/travis/build/icyphy/ptII/ptolemy/actor/lib/test/auto/arrayType12.xml
2 ms. Memory: 447488K Free: 257565K (58%)
----------------- Invoking toplevel() on ptolemy.moml.MoMLSimpleApplication@16be08ab
----------------- Done invoking toplevel() on ptolemy.moml.MoMLSimpleApplication@16be08ab
reloadAllAccessors: .arrayType12

===========================================================================================
----------------- testing Mon Jan 13 21:13:45 UTC 2020 /home/travis/build/icyphy/ptII/ptolemy/actor/lib/test/auto/arrayType13.xml
----------------- Instantiating /home/travis/build/icyphy/ptII/ptolemy/actor/lib/test/auto/arrayType13.xml
1 ms. Memory: 447488K Free: 252445K (56%)
----------------- Invoking toplevel() on ptolemy.moml.MoMLSimpleApplication@3bd8fcf8
----------------- Done invoking toplevel() on ptolemy.moml.MoMLSimpleApplication@3bd8fcf8
reloadAllAccessors: .arrayType13

===========================================================================================
----------------- testing Mon Jan 13 21:13:45 UTC 2020 /home/travis/build/icyphy/ptII/ptolemy/actor/lib/test/auto/arrayType14.xml
----------------- Instantiating /home/travis/build/icyphy/ptII/ptolemy/actor/lib/test/auto/arrayType14.xml
1 ms. Memory: 447488K Free: 247325K (55%)
----------------- Invoking toplevel() on ptolemy.moml.MoMLSimpleApplication@38582b67
----------------- Done invoking toplevel() on ptolemy.moml.MoMLSimpleApplication@38582b67
reloadAllAccessors: .arrayType14

===========================================================================================
----------------- testing Mon Jan 13 21:13:45 UTC 2020 /home/travis/build/icyphy/ptII/ptolemy/actor/lib/test/auto/arrayType15.xml
----------------- Instantiating /home/travis/build/icyphy/ptII/ptolemy/actor/lib/test/auto/arrayType15.xml
2 ms. Memory: 447488K Free: 242191K (54%)
----------------- Invoking toplevel() on ptolemy.moml.MoMLSimpleApplication@530b7fe0
----------------- Done invoking toplevel() on ptolemy.moml.MoMLSimpleApplication@530b7fe0
reloadAllAccessors: .arrayType15

===========================================================================================
----------------- testing Mon Jan 13 21:13:45 UTC 2020 /home/travis/build/icyphy/ptII/ptolemy/actor/lib/test/auto/arrayType16.xml
----------------- Instantiating /home/travis/build/icyphy/ptII/ptolemy/actor/lib/test/auto/arrayType16.xml
2 ms. Memory: 447488K Free: 237085K (53%)
----------------- Invoking toplevel() on ptolemy.moml.MoMLSimpleApplication@80ee177
----------------- Done invoking toplevel() on ptolemy.moml.MoMLSimpleApplication@80ee177
reloadAllAccessors: .arrayType16

===========================================================================================
----------------- testing Mon Jan 13 21:13:45 UTC 2020 /home/travis/build/icyphy/ptII/ptolemy/actor/lib/test/auto/arrayType17.xml
----------------- Instantiating /home/travis/build/icyphy/ptII/ptolemy/actor/lib/test/auto/arrayType17.xml
1 ms. Memory: 447488K Free: 231455K (52%)
----------------- Invoking toplevel() on ptolemy.moml.MoMLSimpleApplication@205df2cb
----------------- Done invoking toplevel() on ptolemy.moml.MoMLSimpleApplication@205df2cb
reloadAllAccessors: .arrayType17

===========================================================================================
----------------- testing Mon Jan 13 21:13:45 UTC 2020 /home/travis/build/icyphy/ptII/ptolemy/actor/lib/test/auto/arrayType18.xml
----------------- Instantiating /home/travis/build/icyphy/ptII/ptolemy/actor/lib/test/auto/arrayType18.xml
1 ms. Memory: 447488K Free: 226845K (51%)
----------------- Invoking toplevel() on ptolemy.moml.MoMLSimpleApplication@22b38875
----------------- Done invoking toplevel() on ptolemy.moml.MoMLSimpleApplication@22b38875
reloadAllAccessors: .arrayType18

===========================================================================================
----------------- testing Mon Jan 13 21:13:45 UTC 2020 /home/travis/build/icyphy/ptII/ptolemy/actor/lib/test/auto/arrayType19.xml
----------------- Instantiating /home/travis/build/icyphy/ptII/ptolemy/actor/lib/test/auto/arrayType19.xml
3 ms. Memory: 447488K Free: 222239K (50%)
----------------- Invoking toplevel() on ptolemy.moml.MoMLSimpleApplication@5088d53b
----------------- Done invoking toplevel() on ptolemy.moml.MoMLSimpleApplication@5088d53b
reloadAllAccessors: .arrayType19

===========================================================================================
----------------- testing Mon Jan 13 21:13:45 UTC 2020 /home/travis/build/icyphy/ptII/ptolemy/actor/lib/test/auto/arrayType2.xml
----------------- Instantiating /home/travis/build/icyphy/ptII/ptolemy/actor/lib/test/auto/arrayType2.xml
1 ms. Memory: 447488K Free: 217119K (49%)
----------------- Invoking toplevel() on ptolemy.moml.MoMLSimpleApplication@6dcf627d
----------------- Done invoking toplevel() on ptolemy.moml.MoMLSimpleApplication@6dcf627d
reloadAllAccessors: .arrayType2

===========================================================================================
----------------- testing Mon Jan 13 21:13:45 UTC 2020 /home/travis/build/icyphy/ptII/ptolemy/actor/lib/test/auto/arrayType20.xml
----------------- Instantiating /home/travis/build/icyphy/ptII/ptolemy/actor/lib/test/auto/arrayType20.xml
1 ms. Memory: 447488K Free: 211999K (47%)
----------------- Invoking toplevel() on ptolemy.moml.MoMLSimpleApplication@13c0e517
----------------- Done invoking toplevel() on ptolemy.moml.MoMLSimpleApplication@13c0e517
reloadAllAccessors: .arrayType20

===========================================================================================
----------------- testing Mon Jan 13 21:13:45 UTC 2020 /home/travis/build/icyphy/ptII/ptolemy/actor/lib/test/auto/arrayType21.xml
----------------- Instantiating /home/travis/build/icyphy/ptII/ptolemy/actor/lib/test/auto/arrayType21.xml
2 ms. Memory: 447488K Free: 207389K (46%)
----------------- Invoking toplevel() on ptolemy.moml.MoMLSimpleApplication@1daf3ae6
----------------- Done invoking toplevel() on ptolemy.moml.MoMLSimpleApplication@1daf3ae6
reloadAllAccessors: .arrayType21

===========================================================================================
----------------- testing Mon Jan 13 21:13:45 UTC 2020 /home/travis/build/icyphy/ptII/ptolemy/actor/lib/test/auto/arrayType22.xml
----------------- Instantiating /home/travis/build/icyphy/ptII/ptolemy/actor/lib/test/auto/arrayType22.xml
1 ms. Memory: 447488K Free: 202783K (45%)
----------------- Invoking toplevel() on ptolemy.moml.MoMLSimpleApplication@40ff4323
----------------- Done invoking toplevel() on ptolemy.moml.MoMLSimpleApplication@40ff4323
reloadAllAccessors: .arrayType22

===========================================================================================
----------------- testing Mon Jan 13 21:13:45 UTC 2020 /home/travis/build/icyphy/ptII/ptolemy/actor/lib/test/auto/arrayType23.xml
----------------- Instantiating /home/travis/build/icyphy/ptII/ptolemy/actor/lib/test/auto/arrayType23.xml
1 ms. Memory: 447488K Free: 198173K (44%)
----------------- Invoking toplevel() on ptolemy.moml.MoMLSimpleApplication@47e2efe3
----------------- Done invoking toplevel() on ptolemy.moml.MoMLSimpleApplication@47e2efe3
reloadAllAccessors: .arrayType23

===========================================================================================
----------------- testing Mon Jan 13 21:13:45 UTC 2020 /home/travis/build/icyphy/ptII/ptolemy/actor/lib/test/auto/arrayType24.xml
----------------- Instantiating /home/travis/build/icyphy/ptII/ptolemy/actor/lib/test/auto/arrayType24.xml
1 ms. Memory: 447488K Free: 193053K (43%)
----------------- Invoking toplevel() on ptolemy.moml.MoMLSimpleApplication@6384c5c7
----------------- Done invoking toplevel() on ptolemy.moml.MoMLSimpleApplication@6384c5c7
reloadAllAccessors: .arrayType24

===========================================================================================
----------------- testing Mon Jan 13 21:13:45 UTC 2020 /home/travis/build/icyphy/ptII/ptolemy/actor/lib/test/auto/arrayType25.xml
----------------- Instantiating /home/travis/build/icyphy/ptII/ptolemy/actor/lib/test/auto/arrayType25.xml
2 ms. Memory: 447488K Free: 187933K (42%)
----------------- Invoking toplevel() on ptolemy.moml.MoMLSimpleApplication@54852cf6
----------------- Done invoking toplevel() on ptolemy.moml.MoMLSimpleApplication@54852cf6
reloadAllAccessors: .arrayType25

===========================================================================================
----------------- testing Mon Jan 13 21:13:45 UTC 2020 /home/travis/build/icyphy/ptII/ptolemy/actor/lib/test/auto/arrayType26.xml
----------------- Instantiating /home/travis/build/icyphy/ptII/ptolemy/actor/lib/test/auto/arrayType26.xml
1 ms. Memory: 447488K Free: 182799K (41%)
----------------- Invoking toplevel() on ptolemy.moml.MoMLSimpleApplication@3aea7944
----------------- Done invoking toplevel() on ptolemy.moml.MoMLSimpleApplication@3aea7944
reloadAllAccessors: .arrayType26

===========================================================================================
----------------- testing Mon Jan 13 21:13:45 UTC 2020 /home/travis/build/icyphy/ptII/ptolemy/actor/lib/test/auto/arrayType27.xml
----------------- Instantiating /home/travis/build/icyphy/ptII/ptolemy/actor/lib/test/auto/arrayType27.xml
2 ms. Memory: 447488K Free: 177693K (40%)
----------------- Invoking toplevel() on ptolemy.moml.MoMLSimpleApplication@45c8b8a6
----------------- Done invoking toplevel() on ptolemy.moml.MoMLSimpleApplication@45c8b8a6
reloadAllAccessors: .arrayType27

===========================================================================================
----------------- testing Mon Jan 13 21:13:45 UTC 2020 /home/travis/build/icyphy/ptII/ptolemy/actor/lib/test/auto/arrayType28.xml
----------------- Instantiating /home/travis/build/icyphy/ptII/ptolemy/actor/lib/test/auto/arrayType28.xml
1 ms. Memory: 447488K Free: 172063K (38%)
----------------- Invoking toplevel() on ptolemy.moml.MoMLSimpleApplication@284804e3
----------------- Done invoking toplevel() on ptolemy.moml.MoMLSimpleApplication@284804e3
reloadAllAccessors: .arrayType28

===========================================================================================
----------------- testing Mon Jan 13 21:13:45 UTC 2020 /home/travis/build/icyphy/ptII/ptolemy/actor/lib/test/auto/arrayType3.xml
----------------- Instantiating /home/travis/build/icyphy/ptII/ptolemy/actor/lib/test/auto/arrayType3.xml
1 ms. Memory: 447488K Free: 166943K (37%)
----------------- Invoking toplevel() on ptolemy.moml.MoMLSimpleApplication@4a068a4b
----------------- Done invoking toplevel() on ptolemy.moml.MoMLSimpleApplication@4a068a4b
reloadAllAccessors: .arrayType3

===========================================================================================
----------------- testing Mon Jan 13 21:13:45 UTC 2020 /home/travis/build/icyphy/ptII/ptolemy/actor/lib/test/auto/arrayType4.xml
----------------- Instantiating /home/travis/build/icyphy/ptII/ptolemy/actor/lib/test/auto/arrayType4.xml
1 ms. Memory: 447488K Free: 161823K (36%)
----------------- Invoking toplevel() on ptolemy.moml.MoMLSimpleApplication@1be61659
----------------- Done invoking toplevel() on ptolemy.moml.MoMLSimpleApplication@1be61659
reloadAllAccessors: .arrayType4

===========================================================================================
----------------- testing Mon Jan 13 21:13:45 UTC 2020 /home/travis/build/icyphy/ptII/ptolemy/actor/lib/test/auto/arrayType5.xml
----------------- Instantiating /home/travis/build/icyphy/ptII/ptolemy/actor/lib/test/auto/arrayType5.xml
5 ms. Memory: 447488K Free: 156189K (35%)
----------------- Invoking toplevel() on ptolemy.moml.MoMLSimpleApplication@3c0700c9
----------------- Done invoking toplevel() on ptolemy.moml.MoMLSimpleApplication@3c0700c9
reloadAllAccessors: .arrayType5

===========================================================================================
----------------- testing Mon Jan 13 21:13:45 UTC 2020 /home/travis/build/icyphy/ptII/ptolemy/actor/lib/test/auto/arrayType6.xml
----------------- Instantiating /home/travis/build/icyphy/ptII/ptolemy/actor/lib/test/auto/arrayType6.xml
1 ms. Memory: 447488K Free: 151583K (34%)
----------------- Invoking toplevel() on ptolemy.moml.MoMLSimpleApplication@68c7245
----------------- Done invoking toplevel() on ptolemy.moml.MoMLSimpleApplication@68c7245
reloadAllAccessors: .arrayType6

===========================================================================================
----------------- testing Mon Jan 13 21:13:45 UTC 2020 /home/travis/build/icyphy/ptII/ptolemy/actor/lib/test/auto/arrayType7.xml
----------------- Instantiating /home/travis/build/icyphy/ptII/ptolemy/actor/lib/test/auto/arrayType7.xml
2 ms. Memory: 447488K Free: 146973K (33%)
----------------- Invoking toplevel() on ptolemy.moml.MoMLSimpleApplication@1222e093
----------------- Done invoking toplevel() on ptolemy.moml.MoMLSimpleApplication@1222e093
reloadAllAccessors: .arrayType7

===========================================================================================
----------------- testing Mon Jan 13 21:13:45 UTC 2020 /home/travis/build/icyphy/ptII/ptolemy/actor/lib/test/auto/arrayType8.xml
----------------- Instantiating /home/travis/build/icyphy/ptII/ptolemy/actor/lib/test/auto/arrayType8.xml
1 ms. Memory: 447488K Free: 142367K (32%)
----------------- Invoking toplevel() on ptolemy.moml.MoMLSimpleApplication@292e0d0c
----------------- Done invoking toplevel() on ptolemy.moml.MoMLSimpleApplication@292e0d0c
reloadAllAccessors: .arrayType8

===========================================================================================
----------------- testing Mon Jan 13 21:13:45 UTC 2020 /home/travis/build/icyphy/ptII/ptolemy/actor/lib/test/auto/arrayType9.xml
----------------- Instantiating /home/travis/build/icyphy/ptII/ptolemy/actor/lib/test/auto/arrayType9.xml
1 ms. Memory: 447488K Free: 137247K (31%)
----------------- Invoking toplevel() on ptolemy.moml.MoMLSimpleApplication@e89510e
----------------- Done invoking toplevel() on ptolemy.moml.MoMLSimpleApplication@e89510e
reloadAllAccessors: .arrayType9

===========================================================================================
----------------- testing Mon Jan 13 21:13:45 UTC 2020 /home/travis/build/icyphy/ptII/ptolemy/actor/lib/test/auto/cast.xml
----------------- Instantiating /home/travis/build/icyphy/ptII/ptolemy/actor/lib/test/auto/cast.xml
2 ms. Memory: 447488K Free: 132637K (30%)
----------------- Invoking toplevel() on ptolemy.moml.MoMLSimpleApplication@3cb6feaf
----------------- Done invoking toplevel() on ptolemy.moml.MoMLSimpleApplication@3cb6feaf
reloadAllAccessors: .cast

===========================================================================================
----------------- testing Mon Jan 13 21:13:45 UTC 2020 /home/travis/build/icyphy/ptII/ptolemy/actor/lib/test/auto/compositeMultiPort.xml
----------------- Instantiating /home/travis/build/icyphy/ptII/ptolemy/actor/lib/test/auto/compositeMultiPort.xml
3 ms. Memory: 447488K Free: 386397K (86%)
----------------- Invoking toplevel() on ptolemy.moml.MoMLSimpleApplication@17f80540
----------------- Done invoking toplevel() on ptolemy.moml.MoMLSimpleApplication@17f80540
reloadAllAccessors: .compositeMultiPort

===========================================================================================
----------------- testing Mon Jan 13 21:13:45 UTC 2020 /home/travis/build/icyphy/ptII/ptolemy/actor/lib/test/auto/expressionCastInference.xml
----------------- Instantiating /home/travis/build/icyphy/ptII/ptolemy/actor/lib/test/auto/expressionCastInference.xml
2 ms. Memory: 447488K Free: 381292K (85%)
----------------- Invoking toplevel() on ptolemy.moml.MoMLSimpleApplication@f54c89b
----------------- Done invoking toplevel() on ptolemy.moml.MoMLSimpleApplication@f54c89b
reloadAllAccessors: .expressionCastInference

===========================================================================================
----------------- testing Mon Jan 13 21:13:45 UTC 2020 /home/travis/build/icyphy/ptII/ptolemy/actor/lib/test/auto/expressionCastInference2.xml
----------------- Instantiating /home/travis/build/icyphy/ptII/ptolemy/actor/lib/test/auto/expressionCastInference2.xml
2 ms. Memory: 447488K Free: 376686K (84%)
----------------- Invoking toplevel() on ptolemy.moml.MoMLSimpleApplication@3d9c8401
----------------- Done invoking toplevel() on ptolemy.moml.MoMLSimpleApplication@3d9c8401
reloadAllAccessors: .expressionCastInference2

===========================================================================================
----------------- testing Mon Jan 13 21:13:45 UTC 2020 /home/travis/build/icyphy/ptII/ptolemy/actor/lib/test/auto/expressionInference.xml
----------------- Instantiating /home/travis/build/icyphy/ptII/ptolemy/actor/lib/test/auto/expressionInference.xml
1 ms. Memory: 447488K Free: 372590K (83%)
----------------- Invoking toplevel() on ptolemy.moml.MoMLSimpleApplication@8e00a61
----------------- Done invoking toplevel() on ptolemy.moml.MoMLSimpleApplication@8e00a61
reloadAllAccessors: .expressionInference

===========================================================================================
----------------- testing Mon Jan 13 21:13:45 UTC 2020 /home/travis/build/icyphy/ptII/ptolemy/actor/lib/test/auto/expression_bug.xml
----------------- Instantiating /home/travis/build/icyphy/ptII/ptolemy/actor/lib/test/auto/expression_bug.xml
2 ms. Memory: 447488K Free: 367980K (82%)
----------------- Invoking toplevel() on ptolemy.moml.MoMLSimpleApplication@65a57480
----------------- Done invoking toplevel() on ptolemy.moml.MoMLSimpleApplication@65a57480
reloadAllAccessors: .expression_bug

===========================================================================================
----------------- testing Mon Jan 13 21:13:45 UTC 2020 /home/travis/build/icyphy/ptII/ptolemy/actor/lib/test/auto/factorial.xml
----------------- Instantiating /home/travis/build/icyphy/ptII/ptolemy/actor/lib/test/auto/factorial.xml
30 ms. Memory: 447488K Free: 359788K (80%)
----------------- Invoking toplevel() on ptolemy.moml.MoMLSimpleApplication@2bb12e3
----------------- Done invoking toplevel() on ptolemy.moml.MoMLSimpleApplication@2bb12e3
reloadAllAccessors: .factorial

===========================================================================================
----------------- testing Mon Jan 13 21:13:45 UTC 2020 /home/travis/build/icyphy/ptII/ptolemy/actor/lib/test/auto/filterTest1.xml
----------------- Instantiating /home/travis/build/icyphy/ptII/ptolemy/actor/lib/test/auto/filterTest1.xml
3 ms. Memory: 447488K Free: 354158K (79%)
----------------- Invoking toplevel() on ptolemy.moml.MoMLSimpleApplication@6dab1d5a
----------------- Done invoking toplevel() on ptolemy.moml.MoMLSimpleApplication@6dab1d5a
reloadAllAccessors: .filterTest1

===========================================================================================
----------------- testing Mon Jan 13 21:13:45 UTC 2020 /home/travis/build/icyphy/ptII/ptolemy/actor/lib/test/auto/funcApplyInConst.xml
----------------- Instantiating /home/travis/build/icyphy/ptII/ptolemy/actor/lib/test/auto/funcApplyInConst.xml
1 ms. Memory: 447488K Free: 350062K (78%)
----------------- Invoking toplevel() on ptolemy.moml.MoMLSimpleApplication@20b2d031
----------------- Done invoking toplevel() on ptolemy.moml.MoMLSimpleApplication@20b2d031
reloadAllAccessors: .funcApplyInConst

===========================================================================================
----------------- testing Mon Jan 13 21:13:45 UTC 2020 /home/travis/build/icyphy/ptII/ptolemy/actor/lib/test/auto/funcApplyInExpr.xml
----------------- Instantiating /home/travis/build/icyphy/ptII/ptolemy/actor/lib/test/auto/funcApplyInExpr.xml
1 ms. Memory: 447488K Free: 346476K (77%)
----------------- Invoking toplevel() on ptolemy.moml.MoMLSimpleApplication@1d49641c
----------------- Done invoking toplevel() on ptolemy.moml.MoMLSimpleApplication@1d49641c
reloadAllAccessors: .funcApplyInExpr

===========================================================================================
----------------- testing Mon Jan 13 21:13:45 UTC 2020 /home/travis/build/icyphy/ptII/ptolemy/actor/lib/test/auto/function.xml
----------------- Instantiating /home/travis/build/icyphy/ptII/ptolemy/actor/lib/test/auto/function.xml
2 ms. Memory: 447488K Free: 341870K (76%)
----------------- Invoking toplevel() on ptolemy.moml.MoMLSimpleApplication@83f4937
----------------- Done invoking toplevel() on ptolemy.moml.MoMLSimpleApplication@83f4937
reloadAllAccessors: .function

===========================================================================================
----------------- testing Mon Jan 13 21:13:45 UTC 2020 /home/travis/build/icyphy/ptII/ptolemy/actor/lib/test/auto/function2.xml
----------------- Instantiating /home/travis/build/icyphy/ptII/ptolemy/actor/lib/test/auto/function2.xml
2 ms. Memory: 447488K Free: 336750K (75%)
----------------- Invoking toplevel() on ptolemy.moml.MoMLSimpleApplication@91f278a
----------------- Done invoking toplevel() on ptolemy.moml.MoMLSimpleApplication@91f278a
reloadAllAccessors: .function2

===========================================================================================
----------------- testing Mon Jan 13 21:13:45 UTC 2020 /home/travis/build/icyphy/ptII/ptolemy/actor/lib/test/auto/function3.xml
----------------- Instantiating /home/travis/build/icyphy/ptII/ptolemy/actor/lib/test/auto/function3.xml
1 ms. Memory: 447488K Free: 333164K (74%)
----------------- Invoking toplevel() on ptolemy.moml.MoMLSimpleApplication@72e59e6a
----------------- Done invoking toplevel() on ptolemy.moml.MoMLSimpleApplication@72e59e6a
reloadAllAccessors: .function3

===========================================================================================
----------------- testing Mon Jan 13 21:13:45 UTC 2020 /home/travis/build/icyphy/ptII/ptolemy/actor/lib/test/auto/functionClosureTest1.xml
----------------- Instantiating /home/travis/build/icyphy/ptII/ptolemy/actor/lib/test/auto/functionClosureTest1.xml
2 ms. Memory: 447488K Free: 327534K (73%)
----------------- Invoking toplevel() on ptolemy.moml.MoMLSimpleApplication@35768747
----------------- Done invoking toplevel() on ptolemy.moml.MoMLSimpleApplication@35768747
reloadAllAccessors: .functionClosureTest1

===========================================================================================
----------------- testing Mon Jan 13 21:13:45 UTC 2020 /home/travis/build/icyphy/ptII/ptolemy/actor/lib/test/auto/functionClosureTest2.xml
----------------- Instantiating /home/travis/build/icyphy/ptII/ptolemy/actor/lib/test/auto/functionClosureTest2.xml
1 ms. Memory: 447488K Free: 323438K (72%)
----------------- Invoking toplevel() on ptolemy.moml.MoMLSimpleApplication@37307df
----------------- Done invoking toplevel() on ptolemy.moml.MoMLSimpleApplication@37307df
reloadAllAccessors: .functionClosureTest2

===========================================================================================
----------------- testing Mon Jan 13 21:13:45 UTC 2020 /home/travis/build/icyphy/ptII/ptolemy/actor/lib/test/auto/functionClosureTest3.xml
----------------- Instantiating /home/travis/build/icyphy/ptII/ptolemy/actor/lib/test/auto/functionClosureTest3.xml
2 ms. Memory: 447488K Free: 318318K (71%)
----------------- Invoking toplevel() on ptolemy.moml.MoMLSimpleApplication@5f4a3515
----------------- Done invoking toplevel() on ptolemy.moml.MoMLSimpleApplication@5f4a3515
reloadAllAccessors: .functionClosureTest3

===========================================================================================
----------------- testing Mon Jan 13 21:13:45 UTC 2020 /home/travis/build/icyphy/ptII/ptolemy/actor/lib/test/auto/functionClosureTest4.xml
----------------- Instantiating /home/travis/build/icyphy/ptII/ptolemy/actor/lib/test/auto/functionClosureTest4.xml
2 ms. Memory: 447488K Free: 312174K (70%)
----------------- Invoking toplevel() on ptolemy.moml.MoMLSimpleApplication@24320b11
----------------- Done invoking toplevel() on ptolemy.moml.MoMLSimpleApplication@24320b11
reloadAllAccessors: .functionClosureTest4

===========================================================================================
----------------- testing Mon Jan 13 21:13:45 UTC 2020 /home/travis/build/icyphy/ptII/ptolemy/actor/lib/test/auto/functionClosureTest5.xml
----------------- Instantiating /home/travis/build/icyphy/ptII/ptolemy/actor/lib/test/auto/functionClosureTest5.xml
3 ms. Memory: 447488K Free: 306525K (68%)
----------------- Invoking toplevel() on ptolemy.moml.MoMLSimpleApplication@18c6931c
----------------- Done invoking toplevel() on ptolemy.moml.MoMLSimpleApplication@18c6931c
reloadAllAccessors: .functionClosureTest5

===========================================================================================
----------------- testing Mon Jan 13 21:13:45 UTC 2020 /home/travis/build/icyphy/ptII/ptolemy/actor/lib/test/auto/functionClosureTest6.xml
----------------- Instantiating /home/travis/build/icyphy/ptII/ptolemy/actor/lib/test/auto/functionClosureTest6.xml
2 ms. Memory: 447488K Free: 301934K (67%)
----------------- Invoking toplevel() on ptolemy.moml.MoMLSimpleApplication@40e31971
----------------- Done invoking toplevel() on ptolemy.moml.MoMLSimpleApplication@40e31971
reloadAllAccessors: .functionClosureTest6

===========================================================================================
----------------- testing Mon Jan 13 21:13:45 UTC 2020 /home/travis/build/icyphy/ptII/ptolemy/actor/lib/test/auto/functionsOnArcs.xml
----------------- Instantiating /home/travis/build/icyphy/ptII/ptolemy/actor/lib/test/auto/functionsOnArcs.xml
4 ms. Memory: 447488K Free: 296814K (66%)
----------------- Invoking toplevel() on ptolemy.moml.MoMLSimpleApplication@35a913b
----------------- Done invoking toplevel() on ptolemy.moml.MoMLSimpleApplication@35a913b
reloadAllAccessors: .functionsOnArcs

===========================================================================================
----------------- testing Mon Jan 13 21:13:45 UTC 2020 /home/travis/build/icyphy/ptII/ptolemy/actor/lib/test/auto/functionsOnArcsHOF.xml
----------------- Instantiating /home/travis/build/icyphy/ptII/ptolemy/actor/lib/test/auto/functionsOnArcsHOF.xml
3 ms. Memory: 447488K Free: 290670K (65%)
----------------- Invoking toplevel() on ptolemy.moml.MoMLSimpleApplication@424bc691
----------------- Done invoking toplevel() on ptolemy.moml.MoMLSimpleApplication@424bc691
reloadAllAccessors: .functionsOnArcsHOF

===========================================================================================
----------------- testing Mon Jan 13 21:13:45 UTC 2020 /home/travis/build/icyphy/ptII/ptolemy/actor/lib/test/auto/logic.xml
----------------- Instantiating /home/travis/build/icyphy/ptII/ptolemy/actor/lib/test/auto/logic.xml
1 ms. Memory: 447488K Free: 283502K (63%)
----------------- Invoking toplevel() on ptolemy.moml.MoMLSimpleApplication@47d012e
----------------- Done invoking toplevel() on ptolemy.moml.MoMLSimpleApplication@47d012e
reloadAllAccessors: .logic

===========================================================================================
----------------- testing Mon Jan 13 21:13:45 UTC 2020 /home/travis/build/icyphy/ptII/ptolemy/actor/lib/test/auto/matrixType.xml
----------------- Instantiating /home/travis/build/icyphy/ptII/ptolemy/actor/lib/test/auto/matrixType.xml
1 ms. Memory: 447488K Free: 278892K (62%)
----------------- Invoking toplevel() on ptolemy.moml.MoMLSimpleApplication@781ae800
----------------- Done invoking toplevel() on ptolemy.moml.MoMLSimpleApplication@781ae800
reloadAllAccessors: .matrixType

===========================================================================================
----------------- testing Mon Jan 13 21:13:45 UTC 2020 /home/travis/build/icyphy/ptII/ptolemy/actor/lib/test/auto/matrixType10.xml
----------------- Instantiating /home/travis/build/icyphy/ptII/ptolemy/actor/lib/test/auto/matrixType10.xml
1 ms. Memory: 447488K Free: 273772K (61%)
----------------- Invoking toplevel() on ptolemy.moml.MoMLSimpleApplication@25afda99
----------------- Done invoking toplevel() on ptolemy.moml.MoMLSimpleApplication@25afda99
reloadAllAccessors: .matrixType10

===========================================================================================
----------------- testing Mon Jan 13 21:13:45 UTC 2020 /home/travis/build/icyphy/ptII/ptolemy/actor/lib/test/auto/matrixType11.xml
----------------- Instantiating /home/travis/build/icyphy/ptII/ptolemy/actor/lib/test/auto/matrixType11.xml
1 ms. Memory: 447488K Free: 269166K (60%)
----------------- Invoking toplevel() on ptolemy.moml.MoMLSimpleApplication@9503ca0
----------------- Done invoking toplevel() on ptolemy.moml.MoMLSimpleApplication@9503ca0
reloadAllAccessors: .matrixType11

===========================================================================================
----------------- testing Mon Jan 13 21:13:45 UTC 2020 /home/travis/build/icyphy/ptII/ptolemy/actor/lib/test/auto/matrixType12.xml
----------------- Instantiating /home/travis/build/icyphy/ptII/ptolemy/actor/lib/test/auto/matrixType12.xml
1 ms. Memory: 447488K Free: 264556K (59%)
----------------- Invoking toplevel() on ptolemy.moml.MoMLSimpleApplication@520dfe05
----------------- Done invoking toplevel() on ptolemy.moml.MoMLSimpleApplication@520dfe05
reloadAllAccessors: .matrixType12

===========================================================================================
----------------- testing Mon Jan 13 21:13:45 UTC 2020 /home/travis/build/icyphy/ptII/ptolemy/actor/lib/test/auto/matrixType13.xml
----------------- Instantiating /home/travis/build/icyphy/ptII/ptolemy/actor/lib/test/auto/matrixType13.xml
1 ms. Memory: 447488K Free: 259436K (58%)
----------------- Invoking toplevel() on ptolemy.moml.MoMLSimpleApplication@517a7bf3
----------------- Done invoking toplevel() on ptolemy.moml.MoMLSimpleApplication@517a7bf3
reloadAllAccessors: .matrixType13

===========================================================================================
----------------- testing Mon Jan 13 21:13:45 UTC 2020 /home/travis/build/icyphy/ptII/ptolemy/actor/lib/test/auto/matrixType14.xml
----------------- Instantiating /home/travis/build/icyphy/ptII/ptolemy/actor/lib/test/auto/matrixType14.xml
1 ms. Memory: 447488K Free: 254830K (57%)
----------------- Invoking toplevel() on ptolemy.moml.MoMLSimpleApplication@7584f62b
----------------- Done invoking toplevel() on ptolemy.moml.MoMLSimpleApplication@7584f62b
reloadAllAccessors: .matrixType14

===========================================================================================
----------------- testing Mon Jan 13 21:13:45 UTC 2020 /home/travis/build/icyphy/ptII/ptolemy/actor/lib/test/auto/matrixType2.xml
----------------- Instantiating /home/travis/build/icyphy/ptII/ptolemy/actor/lib/test/auto/matrixType2.xml
1 ms. Memory: 447488K Free: 250220K (56%)
----------------- Invoking toplevel() on ptolemy.moml.MoMLSimpleApplication@72823377
----------------- Done invoking toplevel() on ptolemy.moml.MoMLSimpleApplication@72823377
reloadAllAccessors: .matrixType2

===========================================================================================
----------------- testing Mon Jan 13 21:13:45 UTC 2020 /home/travis/build/icyphy/ptII/ptolemy/actor/lib/test/auto/matrixType3.xml
----------------- Instantiating /home/travis/build/icyphy/ptII/ptolemy/actor/lib/test/auto/matrixType3.xml
3 ms. Memory: 447488K Free: 245100K (55%)
----------------- Invoking toplevel() on ptolemy.moml.MoMLSimpleApplication@3c4396f1
----------------- Done invoking toplevel() on ptolemy.moml.MoMLSimpleApplication@3c4396f1
reloadAllAccessors: .matrixType3

===========================================================================================
----------------- testing Mon Jan 13 21:13:46 UTC 2020 /home/travis/build/icyphy/ptII/ptolemy/actor/lib/test/auto/matrixType4.xml
----------------- Instantiating /home/travis/build/icyphy/ptII/ptolemy/actor/lib/test/auto/matrixType4.xml
1 ms. Memory: 447488K Free: 240494K (54%)
----------------- Invoking toplevel() on ptolemy.moml.MoMLSimpleApplication@7ffd20ea
----------------- Done invoking toplevel() on ptolemy.moml.MoMLSimpleApplication@7ffd20ea
reloadAllAccessors: .matrixType4

===========================================================================================
----------------- testing Mon Jan 13 21:13:46 UTC 2020 /home/travis/build/icyphy/ptII/ptolemy/actor/lib/test/auto/matrixType5.xml
----------------- Instantiating /home/travis/build/icyphy/ptII/ptolemy/actor/lib/test/auto/matrixType5.xml
1 ms. Memory: 447488K Free: 235374K (53%)
----------------- Invoking toplevel() on ptolemy.moml.MoMLSimpleApplication@6dd9ca84
----------------- Done invoking toplevel() on ptolemy.moml.MoMLSimpleApplication@6dd9ca84
reloadAllAccessors: .matrixType5

===========================================================================================
----------------- testing Mon Jan 13 21:13:46 UTC 2020 /home/travis/build/icyphy/ptII/ptolemy/actor/lib/test/auto/matrixType6.xml
----------------- Instantiating /home/travis/build/icyphy/ptII/ptolemy/actor/lib/test/auto/matrixType6.xml
1 ms. Memory: 447488K Free: 230764K (52%)
----------------- Invoking toplevel() on ptolemy.moml.MoMLSimpleApplication@52cc6b75
----------------- Done invoking toplevel() on ptolemy.moml.MoMLSimpleApplication@52cc6b75
reloadAllAccessors: .matrixType6

===========================================================================================
----------------- testing Mon Jan 13 21:13:46 UTC 2020 /home/travis/build/icyphy/ptII/ptolemy/actor/lib/test/auto/matrixType7.xml
----------------- Instantiating /home/travis/build/icyphy/ptII/ptolemy/actor/lib/test/auto/matrixType7.xml
2 ms. Memory: 447488K Free: 226158K (51%)
----------------- Invoking toplevel() on ptolemy.moml.MoMLSimpleApplication@68efecfb
----------------- Done invoking toplevel() on ptolemy.moml.MoMLSimpleApplication@68efecfb
reloadAllAccessors: .matrixType7

===========================================================================================
----------------- testing Mon Jan 13 21:13:46 UTC 2020 /home/travis/build/icyphy/ptII/ptolemy/actor/lib/test/auto/matrixType8.xml
----------------- Instantiating /home/travis/build/icyphy/ptII/ptolemy/actor/lib/test/auto/matrixType8.xml
1 ms. Memory: 447488K Free: 221038K (49%)
----------------- Invoking toplevel() on ptolemy.moml.MoMLSimpleApplication@6df73da9
----------------- Done invoking toplevel() on ptolemy.moml.MoMLSimpleApplication@6df73da9
reloadAllAccessors: .matrixType8

===========================================================================================
----------------- testing Mon Jan 13 21:13:46 UTC 2020 /home/travis/build/icyphy/ptII/ptolemy/actor/lib/test/auto/matrixType9.xml
----------------- Instantiating /home/travis/build/icyphy/ptII/ptolemy/actor/lib/test/auto/matrixType9.xml
1 ms. Memory: 447488K Free: 216428K (48%)
----------------- Invoking toplevel() on ptolemy.moml.MoMLSimpleApplication@5820c3c1
----------------- Done invoking toplevel() on ptolemy.moml.MoMLSimpleApplication@5820c3c1
reloadAllAccessors: .matrixType9

===========================================================================================
----------------- testing Mon Jan 13 21:13:46 UTC 2020 /home/travis/build/icyphy/ptII/ptolemy/actor/lib/test/auto/paraFunctest.xml
----------------- Instantiating /home/travis/build/icyphy/ptII/ptolemy/actor/lib/test/auto/paraFunctest.xml
2 ms. Memory: 447488K Free: 212332K (47%)
----------------- Invoking toplevel() on ptolemy.moml.MoMLSimpleApplication@50213810
----------------- Done invoking toplevel() on ptolemy.moml.MoMLSimpleApplication@50213810
reloadAllAccessors: .paraFunctest

===========================================================================================
----------------- testing Mon Jan 13 21:13:46 UTC 2020 /home/travis/build/icyphy/ptII/ptolemy/actor/lib/test/auto/paraFunctest2.xml
----------------- Instantiating /home/travis/build/icyphy/ptII/ptolemy/actor/lib/test/auto/paraFunctest2.xml
1 ms. Memory: 447488K Free: 208236K (47%)
----------------- Invoking toplevel() on ptolemy.moml.MoMLSimpleApplication@4fa7a5cb
----------------- Done invoking toplevel() on ptolemy.moml.MoMLSimpleApplication@4fa7a5cb
reloadAllAccessors: .paraFunctest2

===========================================================================================
----------------- testing Mon Jan 13 21:13:46 UTC 2020 /home/travis/build/icyphy/ptII/ptolemy/actor/lib/test/auto/parameterPassing.xml
----------------- Instantiating /home/travis/build/icyphy/ptII/ptolemy/actor/lib/test/auto/parameterPassing.xml
1 ms. Memory: 447488K Free: 204140K (46%)
----------------- Invoking toplevel() on ptolemy.moml.MoMLSimpleApplication@334a829
----------------- Done invoking toplevel() on ptolemy.moml.MoMLSimpleApplication@334a829
reloadAllAccessors: .parameterPassing

===========================================================================================
----------------- testing Mon Jan 13 21:13:46 UTC 2020 /home/travis/build/icyphy/ptII/ptolemy/actor/lib/test/auto/record.xml
----------------- Instantiating /home/travis/build/icyphy/ptII/ptolemy/actor/lib/test/auto/record.xml
2 ms. Memory: 447488K Free: 199020K (44%)
----------------- Invoking toplevel() on ptolemy.moml.MoMLSimpleApplication@62b9093b
----------------- Done invoking toplevel() on ptolemy.moml.MoMLSimpleApplication@62b9093b
reloadAllAccessors: .record

===========================================================================================
----------------- testing Mon Jan 13 21:13:46 UTC 2020 /home/travis/build/icyphy/ptII/ptolemy/actor/lib/test/auto/sizedarray1.xml
----------------- Instantiating /home/travis/build/icyphy/ptII/ptolemy/actor/lib/test/auto/sizedarray1.xml
2 ms. Memory: 447488K Free: 193900K (43%)
----------------- Invoking toplevel() on ptolemy.moml.MoMLSimpleApplication@545f2e45
----------------- Done invoking toplevel() on ptolemy.moml.MoMLSimpleApplication@545f2e45
reloadAllAccessors: .sizedarray1

===========================================================================================
----------------- testing Mon Jan 13 21:13:46 UTC 2020 /home/travis/build/icyphy/ptII/ptolemy/actor/lib/test/auto/sizedarray2.xml
----------------- Instantiating /home/travis/build/icyphy/ptII/ptolemy/actor/lib/test/auto/sizedarray2.xml
2 ms. Memory: 447488K Free: 188780K (42%)
----------------- Invoking toplevel() on ptolemy.moml.MoMLSimpleApplication@5d29e031
----------------- Done invoking toplevel() on ptolemy.moml.MoMLSimpleApplication@5d29e031
reloadAllAccessors: .sizedarray2

===========================================================================================
----------------- testing Mon Jan 13 21:13:46 UTC 2020 /home/travis/build/icyphy/ptII/ptolemy/actor/lib/test/auto/twoPublishers.xml
----------------- Instantiating /home/travis/build/icyphy/ptII/ptolemy/actor/lib/test/auto/twoPublishers.xml
6 ms. Memory: 447488K Free: 178030K (40%)
----------------- Invoking toplevel() on ptolemy.moml.MoMLSimpleApplication@130519a6
----------------- Done invoking toplevel() on ptolemy.moml.MoMLSimpleApplication@130519a6
reloadAllAccessors: .twoPublishers
AutoTests.java: About to close Vertx.
AutoTests.java: Vertx closed.
]]></system-out>
  <system-err><![CDATA[java.lang.RuntimeException: Execution failed
	at ptolemy.moml.MoMLSimpleApplication$UnloadThread.run(MoMLSimpleApplication.java:402)
Caused by: java.lang.RuntimeException: StringUtilities.exit() was called. Normally, we would exit here because Manager.exitAfterWrapup() was called.  However, because the ptolemy.ptII.exitAfterWrapup property is set, we throw this exception instead.
	at ptolemy.util.StringUtilities.exit(StringUtilities.java:365)
	at ptolemy.actor.Manager.wrapup(Manager.java:1549)
	at ptolemy.actor.Manager.execute(Manager.java:407)
	at ptolemy.actor.Manager.run(Manager.java:1263)
	at ptolemy.actor.Manager$PtolemyRunThread.run(Manager.java:1933)
Warning: '.top.test' is in training mode, set the trainingMode parameter to false before checking in
Warning: '.top.test' is in training mode, set the trainingMode parameter to false before checking in
Warning: '.top.test' is in training mode, set the trainingMode parameter to false before checking in
Warning: '.BooleanSwitch_RegressionTest_WrongTrainingValues.Test' is in training mode, set the trainingMode parameter to false before checking in
Warning: '.BooleanSwitch_RegressionTest_WrongTrainingValues.Test2' is in training mode, set the trainingMode parameter to false before checking in
Warning: '.BooleanSwitch_RegressionTest_WrongTrainingValues.Test2' The test produced 0 tokens.
Warning: '.top.testExceptionHandler' is in training mode, set the trainingMode parameter to false before checking in
java.lang.RuntimeException: Execution failed
	at ptolemy.moml.MoMLSimpleApplication$UnloadThread.run(MoMLSimpleApplication.java:402)
Caused by: ptolemy.kernel.util.IllegalActionException: PublisherPorts cannot be used at the top level, use a Publisher actor instead.
  in .PublisherPortToplevelSubscriber.PublisherPort
	at ptolemy.actor.PublisherPort.preinitialize(PublisherPort.java:403)
	at ptolemy.actor.CompositeActor.preinitialize(CompositeActor.java:1769)
	at ptolemy.actor.Manager.preinitializeAndResolveTypes(Manager.java:1040)
	at ptolemy.actor.Manager.initialize(Manager.java:710)
	at ptolemy.actor.Manager.execute(Manager.java:356)
	at ptolemy.actor.Manager.run(Manager.java:1263)
	at ptolemy.actor.Manager$PtolemyRunThread.run(Manager.java:1933)
java.lang.reflect.InvocationTargetException
	at java.base/jdk.internal.reflect.NativeConstructorAccessorImpl.newInstance0(Native Method)
	at java.base/jdk.internal.reflect.NativeConstructorAccessorImpl.newInstance(NativeConstructorAccessorImpl.java:62)
	at java.base/jdk.internal.reflect.DelegatingConstructorAccessorImpl.newInstance(DelegatingConstructorAccessorImpl.java:45)
	at java.base/java.lang.reflect.Constructor.newInstance(Constructor.java:490)
	at ptolemy.util.test.junit.AutoKnownFailedTests.RunModel(AutoKnownFailedTests.java:105)
	at java.base/jdk.internal.reflect.NativeMethodAccessorImpl.invoke0(Native Method)
	at java.base/jdk.internal.reflect.NativeMethodAccessorImpl.invoke(NativeMethodAccessorImpl.java:62)
	at java.base/jdk.internal.reflect.DelegatingMethodAccessorImpl.invoke(DelegatingMethodAccessorImpl.java:43)
	at java.base/java.lang.reflect.Method.invoke(Method.java:566)
	at org.junit.runners.model.FrameworkMethod$1.runReflectiveCall(FrameworkMethod.java:44)
	at org.junit.internal.runners.model.ReflectiveCallable.run(ReflectiveCallable.java:15)
	at org.junit.runners.model.FrameworkMethod.invokeExplosively(FrameworkMethod.java:41)
	at junitparams.internal.InvokeParameterisedMethod.evaluate(InvokeParameterisedMethod.java:102)
	at org.junit.internal.runners.statements.FailOnTimeout$1.run(FailOnTimeout.java:28)
Caused by: ptolemy.kernel.util.IllegalActionException: PublisherPorts cannot be used at the top level, use a Publisher actor instead.
  in .PublisherPortToplevelSubscriber.PublisherPort
	at ptolemy.actor.PublisherPort.preinitialize(PublisherPort.java:403)
	at ptolemy.actor.CompositeActor.preinitialize(CompositeActor.java:1769)
	at ptolemy.actor.Manager.preinitializeAndResolveTypes(Manager.java:1040)
	at ptolemy.actor.Manager.initialize(Manager.java:710)
	at ptolemy.actor.Manager.execute(Manager.java:356)
	at ptolemy.actor.Manager.run(Manager.java:1263)
	at ptolemy.actor.Manager$PtolemyRunThread.run(Manager.java:1933)
java.lang.RuntimeException: Execution failed
	at ptolemy.moml.MoMLSimpleApplication$UnloadThread.run(MoMLSimpleApplication.java:402)
Caused by: ptolemy.kernel.util.IllegalActionException: SubscriberPorts cannot be used at the top level, use a Subscriber actor instead.
  in .PublisherSubscriberPortToplevel.SubscriberPort
	at ptolemy.actor.SubscriberPort.preinitialize(SubscriberPort.java:328)
	at ptolemy.actor.CompositeActor.preinitialize(CompositeActor.java:1769)
	at ptolemy.actor.Manager.preinitializeAndResolveTypes(Manager.java:1040)
	at ptolemy.actor.Manager.initialize(Manager.java:710)
	at ptolemy.actor.Manager.execute(Manager.java:356)
	at ptolemy.actor.Manager.run(Manager.java:1263)
	at ptolemy.actor.Manager$PtolemyRunThread.run(Manager.java:1933)
java.lang.reflect.InvocationTargetException
	at java.base/jdk.internal.reflect.NativeConstructorAccessorImpl.newInstance0(Native Method)
	at java.base/jdk.internal.reflect.NativeConstructorAccessorImpl.newInstance(NativeConstructorAccessorImpl.java:62)
	at java.base/jdk.internal.reflect.DelegatingConstructorAccessorImpl.newInstance(DelegatingConstructorAccessorImpl.java:45)
	at java.base/java.lang.reflect.Constructor.newInstance(Constructor.java:490)
	at ptolemy.util.test.junit.AutoKnownFailedTests.RunModel(AutoKnownFailedTests.java:105)
	at java.base/jdk.internal.reflect.NativeMethodAccessorImpl.invoke0(Native Method)
	at java.base/jdk.internal.reflect.NativeMethodAccessorImpl.invoke(NativeMethodAccessorImpl.java:62)
	at java.base/jdk.internal.reflect.DelegatingMethodAccessorImpl.invoke(DelegatingMethodAccessorImpl.java:43)
	at java.base/java.lang.reflect.Method.invoke(Method.java:566)
	at org.junit.runners.model.FrameworkMethod$1.runReflectiveCall(FrameworkMethod.java:44)
	at org.junit.internal.runners.model.ReflectiveCallable.run(ReflectiveCallable.java:15)
	at org.junit.runners.model.FrameworkMethod.invokeExplosively(FrameworkMethod.java:41)
	at junitparams.internal.InvokeParameterisedMethod.evaluate(InvokeParameterisedMethod.java:102)
	at org.junit.internal.runners.statements.FailOnTimeout$1.run(FailOnTimeout.java:28)
Caused by: ptolemy.kernel.util.IllegalActionException: SubscriberPorts cannot be used at the top level, use a Subscriber actor instead.
  in .PublisherSubscriberPortToplevel.SubscriberPort
	at ptolemy.actor.SubscriberPort.preinitialize(SubscriberPort.java:328)
	at ptolemy.actor.CompositeActor.preinitialize(CompositeActor.java:1769)
	at ptolemy.actor.Manager.preinitializeAndResolveTypes(Manager.java:1040)
	at ptolemy.actor.Manager.initialize(Manager.java:710)
	at ptolemy.actor.Manager.execute(Manager.java:356)
	at ptolemy.actor.Manager.run(Manager.java:1263)
	at ptolemy.actor.Manager$PtolemyRunThread.run(Manager.java:1933)
java.lang.RuntimeException: Execution failed
	at ptolemy.moml.MoMLSimpleApplication$UnloadThread.run(MoMLSimpleApplication.java:402)
Caused by: ptolemy.kernel.util.IllegalActionException: SubscriptionAggregatorPorts cannot be used at the top level, use a SubscriptionAggregator actor instead.
  in .PublisherSubscriptionAggregatorPort.SubscriptionAggregatorPort
	at ptolemy.actor.SubscriptionAggregatorPort.preinitialize(SubscriptionAggregatorPort.java:353)
	at ptolemy.actor.CompositeActor.preinitialize(CompositeActor.java:1769)
	at ptolemy.actor.Manager.preinitializeAndResolveTypes(Manager.java:1040)
	at ptolemy.actor.Manager.initialize(Manager.java:710)
	at ptolemy.actor.Manager.execute(Manager.java:356)
	at ptolemy.actor.Manager.run(Manager.java:1263)
	at ptolemy.actor.Manager$PtolemyRunThread.run(Manager.java:1933)
java.lang.reflect.InvocationTargetException
	at java.base/jdk.internal.reflect.NativeConstructorAccessorImpl.newInstance0(Native Method)
	at java.base/jdk.internal.reflect.NativeConstructorAccessorImpl.newInstance(NativeConstructorAccessorImpl.java:62)
	at java.base/jdk.internal.reflect.DelegatingConstructorAccessorImpl.newInstance(DelegatingConstructorAccessorImpl.java:45)
	at java.base/java.lang.reflect.Constructor.newInstance(Constructor.java:490)
	at ptolemy.util.test.junit.AutoKnownFailedTests.RunModel(AutoKnownFailedTests.java:105)
	at java.base/jdk.internal.reflect.NativeMethodAccessorImpl.invoke0(Native Method)
	at java.base/jdk.internal.reflect.NativeMethodAccessorImpl.invoke(NativeMethodAccessorImpl.java:62)
	at java.base/jdk.internal.reflect.DelegatingMethodAccessorImpl.invoke(DelegatingMethodAccessorImpl.java:43)
	at java.base/java.lang.reflect.Method.invoke(Method.java:566)
	at org.junit.runners.model.FrameworkMethod$1.runReflectiveCall(FrameworkMethod.java:44)
	at org.junit.internal.runners.model.ReflectiveCallable.run(ReflectiveCallable.java:15)
	at org.junit.runners.model.FrameworkMethod.invokeExplosively(FrameworkMethod.java:41)
	at junitparams.internal.InvokeParameterisedMethod.evaluate(InvokeParameterisedMethod.java:102)
	at org.junit.internal.runners.statements.FailOnTimeout$1.run(FailOnTimeout.java:28)
Caused by: ptolemy.kernel.util.IllegalActionException: SubscriptionAggregatorPorts cannot be used at the top level, use a SubscriptionAggregator actor instead.
  in .PublisherSubscriptionAggregatorPort.SubscriptionAggregatorPort
	at ptolemy.actor.SubscriptionAggregatorPort.preinitialize(SubscriptionAggregatorPort.java:353)
	at ptolemy.actor.CompositeActor.preinitialize(CompositeActor.java:1769)
	at ptolemy.actor.Manager.preinitializeAndResolveTypes(Manager.java:1040)
	at ptolemy.actor.Manager.initialize(Manager.java:710)
	at ptolemy.actor.Manager.execute(Manager.java:356)
	at ptolemy.actor.Manager.run(Manager.java:1263)
	at ptolemy.actor.Manager$PtolemyRunThread.run(Manager.java:1933)
java.lang.RuntimeException: Execution failed
	at ptolemy.moml.MoMLSimpleApplication$UnloadThread.run(MoMLSimpleApplication.java:402)
Caused by: ptolemy.kernel.util.IllegalActionException: TypeTest actor has no training data.
  in .sizedarray3.TypeTest
	at ptolemy.actor.lib.TypeTest.initialize(TypeTest.java:250)
	at ptolemy.actor.Director.initialize(Director.java:938)
	at ptolemy.actor.Director.initialize(Director.java:907)
	at ptolemy.actor.sched.StaticSchedulingDirector.initialize(StaticSchedulingDirector.java:159)
	at ptolemy.domains.sdf.kernel.SDFDirector.initialize(SDFDirector.java:544)
	at ptolemy.actor.CompositeActor.initialize(CompositeActor.java:935)
	at ptolemy.actor.Manager.initialize(Manager.java:724)
	at ptolemy.actor.Manager.execute(Manager.java:356)
	at ptolemy.actor.Manager.run(Manager.java:1263)
	at ptolemy.actor.Manager$PtolemyRunThread.run(Manager.java:1933)
java.lang.reflect.InvocationTargetException
	at java.base/jdk.internal.reflect.NativeConstructorAccessorImpl.newInstance0(Native Method)
	at java.base/jdk.internal.reflect.NativeConstructorAccessorImpl.newInstance(NativeConstructorAccessorImpl.java:62)
	at java.base/jdk.internal.reflect.DelegatingConstructorAccessorImpl.newInstance(DelegatingConstructorAccessorImpl.java:45)
	at java.base/java.lang.reflect.Constructor.newInstance(Constructor.java:490)
	at ptolemy.util.test.junit.AutoKnownFailedTests.RunModel(AutoKnownFailedTests.java:105)
	at java.base/jdk.internal.reflect.NativeMethodAccessorImpl.invoke0(Native Method)
	at java.base/jdk.internal.reflect.NativeMethodAccessorImpl.invoke(NativeMethodAccessorImpl.java:62)
	at java.base/jdk.internal.reflect.DelegatingMethodAccessorImpl.invoke(DelegatingMethodAccessorImpl.java:43)
	at java.base/java.lang.reflect.Method.invoke(Method.java:566)
	at org.junit.runners.model.FrameworkMethod$1.runReflectiveCall(FrameworkMethod.java:44)
	at org.junit.internal.runners.model.ReflectiveCallable.run(ReflectiveCallable.java:15)
	at org.junit.runners.model.FrameworkMethod.invokeExplosively(FrameworkMethod.java:41)
	at junitparams.internal.InvokeParameterisedMethod.evaluate(InvokeParameterisedMethod.java:102)
	at org.junit.internal.runners.statements.FailOnTimeout$1.run(FailOnTimeout.java:28)
Caused by: ptolemy.kernel.util.IllegalActionException: TypeTest actor has no training data.
  in .sizedarray3.TypeTest
	at ptolemy.actor.lib.TypeTest.initialize(TypeTest.java:250)
	at ptolemy.actor.Director.initialize(Director.java:938)
	at ptolemy.actor.Director.initialize(Director.java:907)
	at ptolemy.actor.sched.StaticSchedulingDirector.initialize(StaticSchedulingDirector.java:159)
	at ptolemy.domains.sdf.kernel.SDFDirector.initialize(SDFDirector.java:544)
	at ptolemy.actor.CompositeActor.initialize(CompositeActor.java:935)
	at ptolemy.actor.Manager.initialize(Manager.java:724)
	at ptolemy.actor.Manager.execute(Manager.java:356)
	at ptolemy.actor.Manager.run(Manager.java:1263)
	at ptolemy.actor.Manager$PtolemyRunThread.run(Manager.java:1933)
]]></system-err>
</testsuite>
