<?xml version="1.0" encoding="UTF-8" ?>
<testsuite errors="0" failures="0" hostname="travis-job-3cae4418-bcd0-4141-92c6-888cf46995e6" name="ptolemy.domains.de.test.junit.JUnitTclTest" skipped="0" tests="101" time="135.491" timestamp="2019-07-02T04:42:35">
  <properties>
    <property name="npm.executable" value="npm" />
    <property name="env.TRAVIS_ROOT" value="/" />
    <property name="ptII.mk.exists" value="true" />
    <property name="env.TRAVIS_APP_HOST" value="build.travis-ci.org" />
    <property name="env.rvm_bin_path" value="/home/travis/.rvm/bin" />
    <property name="java.home" value="/usr/local/lib/jvm/openjdk11" />
    <property name="env.TRAVIS_JOB_NUMBER" value="1191.9" />
    <property name="env.TRAVIS_HOME" value="/home/travis" />
    <property name="env.DISPLAY" value=":99.0" />
    <property name="env.TRAVIS_INIT" value="systemd" />
    <property name="env.SSH_TTY" value="/dev/pts/0" />
    <property name="java.net.preferIPv4Stack" value="true" />
    <property name="env.RUN_TESTS" value="true" />
    <property name="timeout.short" value="1000000" />
    <property name="junit.formatter" value="xml" />
    <property name="env.TRAVIS_SUDO" value="true" />
    <property name="env.TRAVIS_JOB_NAME" value="" />
    <property name="env.TRAVIS_STACK_NODE_ATTRIBUTES" value="/.node-attributes.yml" />
    <property name="env.LOGNAME" value="travis" />
    <property name="jsdoc.home" value="node_modules/@terraswarm/jsdoc" />
    <property name="debuglevel" value="source,lines,vars" />
    <property name="checkstyle.formatter" value="xml" />
    <property name="env._system_version" value="16.04" />
    <property name="bin.vergil.makeable" value="true" />
    <property name="sun.os.patch.level" value="unknown" />
    <property name="java.vendor.url" value="http://java.oracle.com/" />
    <property name="env.TRAVIS_BUILD_WEB_URL" value="https://travis-ci.org/icyphy/ptII/builds/553100260" />
    <property name="java.version" value="11.0.2" />
    <property name="env.TZ" value="UTC" />
    <property name="env.PT_NO_NET" value="true" />
    <property name="env.TRAVIS_PULL_REQUEST_SHA" value="" />
    <property name="env.TRAVIS_SECURE_ENV_VARS" value="true" />
    <property name="env._system_type" value="Linux" />
    <property name="java.vendor.url.bug" value="http://bugreport.java.com/bugreport/" />
    <property name="npmjs-org-is-up" value="true" />
    <property name="env.LANGUAGE" value="en_US.UTF-8" />
    <property name="env.SSH_CLIENT" value="10.10.4.48 50794 22" />
    <property name="env.GEM_HOME" value="/home/travis/.rvm/gems/ruby-2.5.3" />
    <property name="env.HAS_ANTARES_THREE_LITTLE_FRONZIES_BADGE" value="true" />
    <property name="java.version.date" value="2019-01-15" />
    <property name="env.PS4" value="+" />
    <property name="ant.project.invoked-targets" value="build,test.core2.xml" />
    <property name="env.TRAVIS_PULL_REQUEST_BRANCH" value="" />
    <property name="env.TRAVIS_REPO_SLUG" value="icyphy/ptII" />
    <property name="env.XDG_DATA_DIRS" value="/usr/local/share:/usr/share:/var/lib/snapd/desktop" />
    <property name="jdk.debug" value="release" />
    <property name="env.TRAVIS_APT_PROXY" value="http://apt.cache.travis-ci.com" />
    <property name="node.in.path" value="true" />
    <property name="user.name" value="travis" />
    <property name="java.maxmemory" value="1400m" />
    <property name="env.RUBY_VERSION" value="ruby-2.5.3" />
    <property name="env.LANG" value="en_US.UTF-8" />
    <property name="sun.io.unicode.encoding" value="UnicodeLittle" />
    <property name="sun.jnu.encoding" value="UTF-8" />
    <property name="java.runtime.name" value="OpenJDK Runtime Environment" />
    <property name="usefile" value="false" />
    <property name="return.code" value="0" />
    <property name="junit.single.formatter" value="plain" />
    <property name="env.DYLD_LIBRARY_PATH" value="/home/travis/pthla/certi-tools/lib:" />
    <property name="env.DEBIAN_FRONTEND" value="noninteractive" />
    <property name="env.SSH_CONNECTION" value="10.10.4.48 50794 10.20.3.250 22" />
    <property name="env.MYSQL_UNIX_PORT" value="/var/run/mysqld/mysqld.sock" />
    <property name="env.LC_ALL" value="en_US.UTF-8" />
    <property name="env.TRAVIS_ALLOW_FAILURE" value="false" />
    <property name="env.TRAVIS_JOB_WEB_URL" value="https://travis-ci.org/icyphy/ptII/jobs/553100269" />
    <property name="java.specification.name" value="Java Platform API Specification" />
    <property name="node.works" value="true" />
    <property name="user.timezone" value="" />
    <property name="path.separator" value=":" />
    <property name="env.TRAVIS_ENABLE_INFRA_DETECTION" value="true" />
    <property name="env.PYTHON_CFLAGS" value="-g -fstack-protector --param=ssp-buffer-size=4 -Wformat -Werror=format-security" />
    <property name="timeout.long" value="4000000" />
    <property name="env.CERTI_HOME" value="/home/travis/pthla/certi-tools" />
    <property name="ant.file.ptII" value="/home/travis/build/icyphy/ptII/build.xml" />
    <property name="javadoc.packagenames" value="com.*,diva.*,lbnl.*,org.hlacerti.*,org.json.*,org.ptolemy.*,org.terraswarm.*,ptolemy.*,ptserver.*" />
    <property name="file.encoding" value="UTF-8" />
    <property name="env.TRAVIS_PULL_REQUEST_SLUG" value="" />
    <property name="ant.project.default-target" value="build" />
    <property name="env.GIT_ASKPASS" value="echo" />
    <property name="env.HOME" value="/home/travis" />
    <property name="sun.java.command" value="org.apache.tools.ant.taskdefs.optional.junit.JUnitTestRunner ptolemy.domains.de.test.junit.JUnitTclTest skipNonTests=false filtertrace=true haltOnError=false haltOnFailure=false formatter=org.apache.tools.ant.taskdefs.optional.junit.OutErrSummaryJUnitResultFormatter showoutput=true outputtoformatters=true logfailedtests=true threadid=0 logtestlistenerevents=false formatter=org.apache.tools.ant.taskdefs.optional.junit.XMLJUnitResultFormatter,/home/travis/build/icyphy/ptII/reports/junit/TEST-ptolemy.domains.de.test.junit.JUnitTclTest.xml crashfile=/home/travis/build/icyphy/ptII/junitvmwatcher8829386981553998701.properties propsfile=/home/travis/build/icyphy/ptII/junit1118139268960437231.properties" />
    <property name="env.COMPOSER_NO_INTERACTION" value="1" />
    <property name="env.MANPATH" value="/home/travis/.nvm/versions/node/v7.10.1/share/man:/home/travis/.rvm/rubies/ruby-2.5.3/share/man:/usr/local/cmake-3.12.4/man:/usr/local/clang-7.0.0/share/man:/usr/local/man:/usr/local/share/man:/usr/share/man:/home/travis/.rvm/man" />
    <property name="env.TRAVIS_TIMER_ID" value="0913ec9c" />
    <property name="ant.file" value="/home/travis/build/icyphy/ptII/build.xml" />
    <property name="env.TRAVIS_COMMIT_RANGE" value="b6de4a29689c219dd7cbcef974805eca11f91674...bbbff3adea58fb0643306c381462affccc328551" />
    <property name="env._system_name" value="Ubuntu" />
    <property name="ptII.classpath.optional.property" value="/home/travis/build/icyphy/ptII/lib/bsh-2.0b4.jar:/home/travis/build/icyphy/ptII/lib/ptCal.jar:/home/travis/build/icyphy/ptII/lib/java_cup.jar:/home/travis/build/icyphy/ptII/lib/saxon8.jar:/home/travis/build/icyphy/ptII/lib/saxon8-dom.jar:/home/travis/build/icyphy/ptII/lib/chic.jar:/home/travis/build/icyphy/ptII/lib/ptcolt.jar:/home/travis/build/icyphy/ptII/vendors/misc/itext/iText.jar:/home/travis/build/icyphy/ptII/lib/g4ltl.jar:/home/travis/build/icyphy/ptII/lib/StructuralCoder.jar:/home/travis/build/icyphy/ptII/vendors/jai-1_1_2_01/lib/jai_core.jar:/home/travis/build/icyphy/ptII/vendors/jai-1_1_2_01/lib/jai_codec.jar:/home/travis/build/icyphy/ptII/lib/jcerti.jar:/home/travis/build/icyphy/ptII/lib/javax.mail.jar:/home/travis/build/icyphy/ptII/vendors/JMF-2.1.1e/lib/jmf.jar:/home/travis/build/icyphy/ptII/lib/jna-4.0.0-variadic.jar:/home/travis/build/icyphy/ptII/vendors/misc/joystick/Joystick.jar:/home/travis/build/icyphy/ptII/lib/ptjacl.jar:/home/travis/build/icyphy/ptII/lib/jsoup-1.8.2.jar:/home/travis/build/icyphy/ptII/lib/junit-4.8.2.jar:/home/travis/build/icyphy/ptII/lib/JUnitParams-0.4.0.jar:/home/travis/build/icyphy/ptII/ptolemy/actor/lib/excel/jxl.jar:/home/travis/build/icyphy/ptII/lib/jython.jar:/home/travis/build/icyphy/ptII/lib/kieler.jar:/home/travis/build/icyphy/ptII/vendors/opencv/share/OpenCV/java/opencv-341.jar:/home/travis/build/icyphy/ptII/lib/oscP5.jar:/home/travis/build/icyphy/ptII/lib/nrjavaserial-3.11.0.devel.jar:/home/travis/build/icyphy/ptII/vendors/j3d/lib/j3dcore.jar:/home/travis/build/icyphy/ptII/vendors/j3d/lib/j3dutils.jar:/home/travis/build/icyphy/ptII/vendors/j3d/lib/vecmath.jar:/home/travis/build/icyphy/ptII/ptolemy/distributed/jini/jar/jini-core.jar:/home/travis/build/icyphy/ptII/ptolemy/distributed/jini/jar/jini-ext.jar:/home/travis/build/icyphy/ptII/ptolemy/distributed/jini/jar/sun-util.jar:/home/travis/build/icyphy/ptII/lib/protobuf-java-2.4.1.jar:/home/travis/build/icyphy/ptII/lib/org.eclipse.paho.client.mqttv3.jar:/home/travis/build/icyphy/ptII/lib/mapss.jar:/home/travis/build/icyphy/ptII/ptolemy/actor/ptalon/antlr/antlr.jar:/home/travis/build/icyphy/ptII/lib/JRI.jar:/home/travis/build/icyphy/ptII/lib/commons-lang-2.6.jar:/home/travis/build/icyphy/ptII/lib/commons-logging-1.1.1.jar:/home/travis/build/icyphy/ptII/lib/sootclasses.jar:/home/travis/build/icyphy/ptII/ptolemy/actor/lib/database/mysql-connector-java-5.1.6-bin.jar:/home/travis/build/icyphy/ptII/vendors/misc/sphinx4/sphinx4-data-5prealpha.jar:/home/travis/build/icyphy/ptII/vendors/misc/sphinx4/sphinx4-core-5prealpha.jar:/home/travis/build/icyphy/ptII/lib/PDFRenderer.jar:/home/travis/build/icyphy/ptII/lib/svgSalamander.jar:/home/travis/build/icyphy/ptII/lib/rsyntaxtextarea-2.6.0-SNAPSHOT.jar:/home/travis/build/icyphy/ptII/lib/hazelcast-3.8.2.jar:/home/travis/build/icyphy/ptII/lib/jackson-annotations-2.9.0.jar:/home/travis/build/icyphy/ptII/lib/jackson-core-2.9.3.jar:/home/travis/build/icyphy/ptII/lib/jackson-databind-2.9.3.jar:/home/travis/build/icyphy/ptII/lib/netty-buffer-4.1.19.Final.jar:/home/travis/build/icyphy/ptII/lib/netty-codec-4.1.19.Final.jar:/home/travis/build/icyphy/ptII/lib/netty-codec-dns-4.1.19.Final.jar:/home/travis/build/icyphy/ptII/lib/netty-codec-http-4.1.19.Final.jar:/home/travis/build/icyphy/ptII/lib/netty-codec-http2-4.1.19.Final.jar:/home/travis/build/icyphy/ptII/lib/netty-common-4.1.19.Final.jar:/home/travis/build/icyphy/ptII/lib/netty-handler-4.1.19.Final.jar:/home/travis/build/icyphy/ptII/lib/netty-resolver-4.1.19.Final.jar:/home/travis/build/icyphy/ptII/lib/netty-resolver-dns-4.1.19.Final.jar:/home/travis/build/icyphy/ptII/lib/netty-transport-4.1.19.Final.jar:/home/travis/build/icyphy/ptII/lib/vertx-codegen-3.5.1.jar:/home/travis/build/icyphy/ptII/lib/vertx-core-3.5.2-SNAPSHOT.jar:/home/travis/build/icyphy/ptII/lib/vertx-hazelcast-3.5.1.jar:/home/travis/build/icyphy/ptII/lib/vertx-lang-js-3.5.1.jar:/home/travis/build/icyphy/ptII/lib/vertx-service-proxy-3.5.1.jar:/home/travis/build/icyphy/ptII/lib/vertx-web-3.5.1.jar:/home/travis/build/icyphy/ptII/lib/slf4j-api-1.7.13.jar:/home/travis/build/icyphy/ptII/lib/slf4j-simple-1.7.13.jar:/home/travis/build/icyphy/ptII/lib/webcam-capture-0.3.12.jar:/home/travis/build/icyphy/ptII/lib/bridj-0.7.0.jar:/home/travis/build/icyphy/ptII/lib/xbjlib-1.1.0.nrjavaserial.jar" />
    <property name="timeout" value="2400000" />
    <property name="test.batch" value="**/junit/*.java" />
    <property name="env._" value="/usr/bin/timeout" />
    <property name="java.io.tmpdir" value="/tmp" />
    <property name="user.language" value="en" />
    <property name="env.TRAVIS_INTERNAL_RUBY_REGEX" value="^ruby-(2\.[0-4]\.[0-9]|1\.9\.3)" />
    <property name="env.HISTCONTROL" value="ignoredups:ignorespace" />
    <property name="env.GOROOT" value="/home/travis/.gimme/versions/go1.11.1.linux.amd64" />
    <property name="line.separator" value="&#xa;" />
    <property name="target" value="11" />
    <property name="env.TRAVIS_BUILD_DIR" value="/home/travis/build/icyphy/ptII" />
    <property name="env.ANT_OPTS" value="-Xmx2048m" />
    <property name="ant.file.type" value="file" />
    <property name="ptolemy.ptII.batchMode" value="true" />
    <property name="env.HISTSIZE" value="1000" />
    <property name="env.MERB_ENV" value="test" />
    <property name="java.vm.info" value="mixed mode" />
    <property name="source" value="11" />
    <property name="java.vm.specification.name" value="Java Virtual Machine Specification" />
    <property name="env.TRAVIS_TEST_RESULT" value="0" />
    <property name="jsdoc.command" value="node_modules/@terraswarm/jsdoc/jsdoc.js" />
    <property name="npm.works" value="true" />
    <property name="cobertura.dir" value="/home/travis/build/icyphy/ptII/vendors/cobertura-2.0.3" />
    <property name="env.rvm_path" value="/home/travis/.rvm" />
    <property name="env.GEM_PATH" value="/home/travis/.rvm/gems/ruby-2.5.3:/home/travis/.rvm/gems/ruby-2.5.3@global" />
    <property name="env.LC_CTYPE" value="en_US.UTF-8" />
    <property name="env.TRAVIS_CMD" value="$PTII/bin/ptIITravisBuild.sh $SECONDS" />
    <property name="java.awt.printerjob" value="sun.print.PSPrinterJob" />
    <property name="env.TRAVIS_STACK_NAME" value="sardonyx" />
    <property name="env.TRAVIS_TIMER_START_TIME" value="1562042326277949976" />
    <property name="ant.version" value="Apache Ant(TM) version 1.10.1 compiled on February 2 2017" />
    <property name="ptII.reports" value="/home/travis/build/icyphy/ptII/reports" />
    <property name="env.TRAVIS_STACK_TIMESTAMP" value="2019-03-25 16:16:56 UTC" />
    <property name="ant.file.type.ptII" value="file" />
    <property name="env.RBENV_SHELL" value="bash" />
    <property name="os.name" value="Linux" />
    <property name="java.specification.vendor" value="Oracle Corporation" />
    <property name="env.rvm_version" value="1.29.7 (latest)" />
    <property name="env.TRAVIS_INFRA" value="gce" />
    <property name="env.TERM" value="xterm" />
    <property name="java.vm.name" value="OpenJDK 64-Bit Server VM" />
    <property name="env.TRAVIS_BUILD_NUMBER" value="1191" />
    <property name="env.CI" value="true" />
    <property name="java.library.path" value="/home/travis/pthla/certi-tools/lib:/usr/lib/jni:/usr/local/share/OpenCV/java/:/usr/share/OpenCV/java::/usr/java/packages/lib:/usr/lib64:/lib64:/lib:/usr/lib" />
    <property name="env.rvm_prefix" value="/home/travis" />
    <property name="env.PATH" value="/home/travis/pthla/certi-tools/share/scripts:/home/travis/.rvm/gems/ruby-2.5.3/bin:/home/travis/.rvm/gems/ruby-2.5.3@global/bin:/home/travis/.rvm/rubies/ruby-2.5.3/bin:/home/travis/.rvm/bin:/home/travis/.nvm/versions/node/v7.10.1/bin:./node_modules/.bin:/home/travis/build/icyphy/ptII/bin:/home/travis/pthla/certi-tools/bin:/home/travis/bin:/home/travis/.local/bin:/usr/local/lib/jvm/openjdk11/bin:/opt/pyenv/shims:/home/travis/.phpenv/shims:/home/travis/perl5/perlbrew/bin:/home/travis/gopath/bin:/home/travis/.gimme/versions/go1.11.1.linux.amd64/bin:/usr/local/maven-3.6.0/bin:/usr/local/cmake-3.12.4/bin:/usr/local/clang-7.0.0/bin:/usr/local/sbin:/usr/local/bin:/usr/sbin:/usr/bin:/sbin:/bin:/snap/bin:/home/travis/.phpenv/bin:/opt/pyenv/bin:/home/travis/.yarn/bin" />
    <property name="env.TRAVIS_OS_NAME" value="linux" />
    <property name="ant.java.version" value="9" />
    <property name="basedir" value="/home/travis/build/icyphy/ptII" />
    <property name="java.class.version" value="55.0" />
    <property name="env.SHLVL" value="3" />
    <property name="env.LD_LIBRARY_PATH" value="/home/travis/pthla/certi-tools/lib:/usr/lib/jni:/usr/local/share/OpenCV/java/:/usr/share/OpenCV/java:" />
    <property name="env.RACK_ENV" value="test" />
    <property name="ant.home" value="/home/travis/build/icyphy/ptII/ant" />
    <property name="env.NVM_DIR" value="/home/travis/.nvm" />
    <property name="env.CERTI_FOM_PATH" value="/home/travis/pthla/certi-tools/share/federations" />
    <property name="env.TRAVIS_BUILD_ID" value="553100260" />
    <property name="env.PYENV_ROOT" value="/opt/pyenv" />
    <property name="env.TRAVIS_UID" value="2000" />
    <property name="env.NVM_BIN" value="/home/travis/.nvm/versions/node/v7.10.1/bin" />
    <property name="env.TRAVIS_COMMIT" value="bbbff3adea58fb0643306c381462affccc328551" />
    <property name="env._system_arch" value="x86_64" />
    <property name="node.executable" value="node" />
    <property name="sun.boot.library.path" value="/usr/local/lib/jvm/openjdk11/lib" />
    <property name="sun.management.compiler" value="HotSpot 64-Bit Tiered Compilers" />
    <property name="java.awt.graphicsenv" value="sun.awt.X11GraphicsEnvironment" />
    <property name="env.GOPATH" value="/home/travis/gopath" />
    <property name="ptolemy.ptII.dir" value="/home/travis/build/icyphy/ptII" />
    <property name="env.USER" value="travis" />
    <property name="env.HISTFILESIZE" value="2000" />
    <property name="timeout.longest" value="19000000" />
    <property name="env.PERLBREW_SHELLRC_VERSION" value="0.86" />
    <property name="env.TRAVIS_STACK_FEATURES" value="basic couchdb disabled-ipv6 docker docker-compose elasticsearch firefox go-toolchain google-chrome jdk memcached mongodb mysql nodejs_interpreter perl_interpreter perlbrew phantomjs postgresql python_interpreter redis ruby_interpreter sqlite xserver" />
    <property name="env.TRAVIS_PULL_REQUEST" value="false" />
    <property name="env.PYENV_SHELL" value="bash" />
    <property name="ant.project.name" value="ptII" />
    <property name="env.ANSI_RESET" value="\033[0m" />
    <property name="java.vm.specification.version" value="11" />
    <property name="env.TRAVIS_DIST" value="xenial" />
    <property name="env.CERTI_VERSION" value="4.0.0" />
    <property name="env.CERTI_HOST" value="localhost" />
    <property name="awt.toolkit" value="sun.awt.X11.XToolkit" />
    <property name="env.MY_RUBY_HOME" value="/home/travis/.rvm/rubies/ruby-2.5.3" />
    <property name="sun.cpu.isalist" value="" />
    <property name="env.TRAVIS_TMPDIR" value="/tmp/tmp.dHrXYY3a4b" />
    <property name="java.vm.compressedOopsMode" value="Zero based" />
    <property name="os.version" value="4.15.0-1028-gcp" />
    <property name="user.home" value="/home/travis" />
    <property name="java.vm.vendor" value="Oracle Corporation" />
    <property name="env.TRAVIS_TAG" value="nightly" />
    <property name="env.ANSI_YELLOW" value="\033[33;1m" />
    <property name="env.TRAVIS_FILTERED" value="redirect_io" />
    <property name="env.ANSI_GREEN" value="\033[32;1m" />
    <property name="env.JAVA_HOME" value="/usr/local/lib/jvm/openjdk11" />
    <property name="javadoc.excludepackagenames" value="adm.cvs2svn.*,build.*,config.*,doc.coding.templates.*,jni.test.jni.meaningOfLife.*,jni.test.jni.testDeux.*,jni.test.jni.testTrois.*,org.terraswarm.accessor.accessors.web.node_modules.*,org.terraswarm.accessor.accessors.web.hosts.cordova.demo.*,org.terraswarm.accessor.accessors.web.hosts.cordova.plugins.*,org.terraswarm.accessor.accessors-svn.*,pt-modules.*,ptolemy.apps.agilent.*,ptolemy.apps.anytimecontrol.*,ptolemy.apps.apes.*,ptolemy.apps.charon.*,ptolemy.apps.crazyboard.*,ptolemy.apps.eclipse.*,ptolemy.apps.etherealSting.*,ptolemy.apps.fullscreen.*,ptolemy.apps.giotto.*,ptolemy.apps.ia.*,ptolemy.apps.interfaces.*,ptolemy.apps.jmf.*,ptolemy.apps.kurt.*,ptolemy.apps.kvm.*,ptolemy.apps.lego.*,ptolemy.apps.lejos.*,ptolemy.apps.midp.*,ptolemy.apps.mobileCoding.*,ptolemy.apps.pendulum.*,ptolemy.apps.rijndael.*,ptolemy.apps.robot.*,ptolemy.apps.security.*,ptolemy.apps.sobel.*,ptolemy.apps.soot.*,ptolemy.apps.throttle.*,ptolemy.apps.tini.*,ptolemy.apps.transmission.*,ptolemy.apps.vergil.*,ptolemy.apps.waba.*,ptolemy.apps.websensor.*,ptolemy.apps.webstart.*,ptolemy.apps.xsl.*,ptolemy.apps.zaurus.*,ptolemy.codegen.c.actor.lib.oldJavaFiles.*,ptolemy.codegen.dsp.lib.*,ptolemy.codegen.kernel.newInterfaces.*,ptolemy.codegen.lib.*,ptolemy.copernicus.kernel.fragment.*,ptolemy.copernicus.shallow.cg.*,ptolemy.domains.giotto.demo.Hierarchy.Hierarchy.*,ptolemy.domains.giotto.demo.Multimode.Multimode.*,ptolemy.domains.giotto.demo.Simple.Simple.*,ptolemy.domains.gr.lib.experimental.*,ptolemy.domains.gro.*,ptolemy.domains.pdf.*,ptolemy.domains.ptinyos.demo.Surge.output.*,ptolemy.moml.test.NoPackageActor.java*,ptolemy.plot.adm.*,ptolemy.plot.servlet.*,reports.*,signed.*,src.*,target.*,vendors.*,ptolemy.copernicus.applet.*,ptolemy.media.viewer.*,ptolemy.actor.corba.*,doc.doclets.*,ptolemy.apps.eclipse.awt.*,ptolemy.backtrack.*,ptolemy.backtrack.ast.*,ptolemy.cg.adapter.generic.program.procedural.c.mbed*,ptolemy.homer.*,ptolemy.actor.lib.jjs.modules.audio.*,org.ptolemy.scala.*,diva.util.java2d.svg.*,ptolemy.domains.ptinyos.*,ptolemy.actor.lib.fmi.fmipp.*,,org.terraswarm.accessor.accessors.web.node_modules.*,org.terraswarm.accessor.accessors-svn,ptolemy.apps.*,ptolemy.actor.ptalon.demo.ptinyos.SendAndReceiveCnt.output,ptolemy.actor.ptalon.demo.ptinyos.SenseToLeds.output,ptolemy.domains.ptinyos.demo.CntToLedsAndRfm.output,ptolemy.domains.ptinyos.demo.RfmToLeds.output,ptolemy.domains.ptinyos.demo.SendAndReceiveCnt.output,ptolemy.domains.ptinyos.demo.SenseToLeds.output,ptolemy.actor.lib.jjs.modules.udpSocket.*" />
    <property name="env.PTII" value="/home/travis/build/icyphy/ptII" />
    <property name="env.XDG_SESSION_ID" value="2" />
    <property name="keystore" value="ptKeystore" />
    <property name="env.TRAVIS_COMMIT_MESSAGE" value="Attempt to force xenial distribution, hoping this will make xvfb work." />
    <property name="junit.output.dir" value="/home/travis/build/icyphy/ptII/reports/junit" />
    <property name="npm.return.code" value="0" />
    <property name="user.dir" value="/home/travis/build/icyphy/ptII/ptolemy/domains/de/test" />
    <property name="env.TRAVIS_NODE_VERSION" value="7" />
    <property name="env.TRAVIS_EVENT_TYPE" value="cron" />
    <property name="env.MAIL" value="/var/mail/travis" />
    <property name="env.PERLBREW_ROOT" value="/home/travis/perl5/perlbrew" />
    <property name="env.PWD" value="/home/travis/build/icyphy/ptII" />
    <property name="timeout.npm" value="45000" />
    <property name="env.PT_TRAVIS_TEST_CORE2_XML" value="true" />
    <property name="env.TRAVIS_ARCH" value="amd64" />
    <property name="sun.cpu.endian" value="little" />
    <property name="env.PAGER" value="cat" />
    <property name="env.TRAVIS_BUILD_STAGE_NAME" value="Test" />
    <property name="env.PERLBREW_HOME" value="/home/travis/.perlbrew" />
    <property name="java.vm.version" value="11.0.2+9" />
    <property name="env.RAILS_ENV" value="test" />
    <property name="java.class.path" value="/home/travis/build/icyphy/ptII:/home/travis/build/icyphy/ptII/lib/bsh-2.0b4.jar:/home/travis/build/icyphy/ptII/lib/ptCal.jar:/home/travis/build/icyphy/ptII/lib/java_cup.jar:/home/travis/build/icyphy/ptII/lib/saxon8.jar:/home/travis/build/icyphy/ptII/lib/saxon8-dom.jar:/home/travis/build/icyphy/ptII/lib/chic.jar:/home/travis/build/icyphy/ptII/lib/ptcolt.jar:/home/travis/build/icyphy/ptII/vendors/misc/itext/iText.jar:/home/travis/build/icyphy/ptII/lib/g4ltl.jar:/home/travis/build/icyphy/ptII/lib/StructuralCoder.jar:/home/travis/build/icyphy/ptII/vendors/jai-1_1_2_01/lib/jai_core.jar:/home/travis/build/icyphy/ptII/vendors/jai-1_1_2_01/lib/jai_codec.jar:/home/travis/build/icyphy/ptII/lib/jcerti.jar:/home/travis/build/icyphy/ptII/lib/javax.mail.jar:/home/travis/build/icyphy/ptII/vendors/JMF-2.1.1e/lib/jmf.jar:/home/travis/build/icyphy/ptII/lib/jna-4.0.0-variadic.jar:/home/travis/build/icyphy/ptII/vendors/misc/joystick/Joystick.jar:/home/travis/build/icyphy/ptII/lib/ptjacl.jar:/home/travis/build/icyphy/ptII/lib/jsoup-1.8.2.jar:/home/travis/build/icyphy/ptII/lib/junit-4.8.2.jar:/home/travis/build/icyphy/ptII/lib/JUnitParams-0.4.0.jar:/home/travis/build/icyphy/ptII/ptolemy/actor/lib/excel/jxl.jar:/home/travis/build/icyphy/ptII/lib/jython.jar:/home/travis/build/icyphy/ptII/lib/kieler.jar:/home/travis/build/icyphy/ptII/vendors/opencv/share/OpenCV/java/opencv-341.jar:/home/travis/build/icyphy/ptII/lib/oscP5.jar:/home/travis/build/icyphy/ptII/lib/nrjavaserial-3.11.0.devel.jar:/home/travis/build/icyphy/ptII/vendors/j3d/lib/j3dcore.jar:/home/travis/build/icyphy/ptII/vendors/j3d/lib/j3dutils.jar:/home/travis/build/icyphy/ptII/vendors/j3d/lib/vecmath.jar:/home/travis/build/icyphy/ptII/ptolemy/distributed/jini/jar/jini-core.jar:/home/travis/build/icyphy/ptII/ptolemy/distributed/jini/jar/jini-ext.jar:/home/travis/build/icyphy/ptII/ptolemy/distributed/jini/jar/sun-util.jar:/home/travis/build/icyphy/ptII/lib/protobuf-java-2.4.1.jar:/home/travis/build/icyphy/ptII/lib/org.eclipse.paho.client.mqttv3.jar:/home/travis/build/icyphy/ptII/lib/mapss.jar:/home/travis/build/icyphy/ptII/ptolemy/actor/ptalon/antlr/antlr.jar:/home/travis/build/icyphy/ptII/lib/JRI.jar:/home/travis/build/icyphy/ptII/lib/commons-lang-2.6.jar:/home/travis/build/icyphy/ptII/lib/commons-logging-1.1.1.jar:/home/travis/build/icyphy/ptII/lib/sootclasses.jar:/home/travis/build/icyphy/ptII/ptolemy/actor/lib/database/mysql-connector-java-5.1.6-bin.jar:/home/travis/build/icyphy/ptII/vendors/misc/sphinx4/sphinx4-data-5prealpha.jar:/home/travis/build/icyphy/ptII/vendors/misc/sphinx4/sphinx4-core-5prealpha.jar:/home/travis/build/icyphy/ptII/lib/PDFRenderer.jar:/home/travis/build/icyphy/ptII/lib/svgSalamander.jar:/home/travis/build/icyphy/ptII/lib/rsyntaxtextarea-2.6.0-SNAPSHOT.jar:/home/travis/build/icyphy/ptII/lib/hazelcast-3.8.2.jar:/home/travis/build/icyphy/ptII/lib/jackson-annotations-2.9.0.jar:/home/travis/build/icyphy/ptII/lib/jackson-core-2.9.3.jar:/home/travis/build/icyphy/ptII/lib/jackson-databind-2.9.3.jar:/home/travis/build/icyphy/ptII/lib/netty-buffer-4.1.19.Final.jar:/home/travis/build/icyphy/ptII/lib/netty-codec-4.1.19.Final.jar:/home/travis/build/icyphy/ptII/lib/netty-codec-dns-4.1.19.Final.jar:/home/travis/build/icyphy/ptII/lib/netty-codec-http-4.1.19.Final.jar:/home/travis/build/icyphy/ptII/lib/netty-codec-http2-4.1.19.Final.jar:/home/travis/build/icyphy/ptII/lib/netty-common-4.1.19.Final.jar:/home/travis/build/icyphy/ptII/lib/netty-handler-4.1.19.Final.jar:/home/travis/build/icyphy/ptII/lib/netty-resolver-4.1.19.Final.jar:/home/travis/build/icyphy/ptII/lib/netty-resolver-dns-4.1.19.Final.jar:/home/travis/build/icyphy/ptII/lib/netty-transport-4.1.19.Final.jar:/home/travis/build/icyphy/ptII/lib/vertx-codegen-3.5.1.jar:/home/travis/build/icyphy/ptII/lib/vertx-core-3.5.2-SNAPSHOT.jar:/home/travis/build/icyphy/ptII/lib/vertx-hazelcast-3.5.1.jar:/home/travis/build/icyphy/ptII/lib/vertx-lang-js-3.5.1.jar:/home/travis/build/icyphy/ptII/lib/vertx-service-proxy-3.5.1.jar:/home/travis/build/icyphy/ptII/lib/vertx-web-3.5.1.jar:/home/travis/build/icyphy/ptII/lib/slf4j-api-1.7.13.jar:/home/travis/build/icyphy/ptII/lib/slf4j-simple-1.7.13.jar:/home/travis/build/icyphy/ptII/lib/webcam-capture-0.3.12.jar:/home/travis/build/icyphy/ptII/lib/bridj-0.7.0.jar:/home/travis/build/icyphy/ptII/lib/xbjlib-1.1.0.nrjavaserial.jar:/home/travis/build/icyphy/ptII/ptolemy/moml/test:/home/travis/build/icyphy/ptII/ant/lib/ant-launcher.jar:/home/travis/build/icyphy/ptII/ant/lib/ant.jar:/home/travis/build/icyphy/ptII/ant/lib/ant-junit.jar:/home/travis/build/icyphy/ptII/ant/lib/ant-junit4.jar" />
    <property name="ant.library.dir" value="/home/travis/build/icyphy/ptII/ant/lib" />
    <property name="os.arch" value="amd64" />
    <property name="env.CONTINUOUS_INTEGRATION" value="true" />
    <property name="env.TRAVIS_LANGUAGE" value="node_js" />
    <property name="env.TRAVIS_STACK_LANGUAGES" value="__sardonyx__ c c++ clojure cplusplus cpp default generic go groovy java node_js php pure_java python ruby scala" />
    <property name="test.name" value="ptolemy.actor.lib.test.junit.JUnitTclTest" />
    <property name="env.APT_KEY_DONT_WARN_ON_DANGEROUS_USAGE" value="1" />
    <property name="sun.java.launcher" value="SUN_STANDARD" />
    <property name="env.PYTHON_CONFIGURE_OPTS" value="--enable-unicode=ucs4 --with-wide-unicode --enable-shared --enable-ipv6 --enable-loadable-sqlite-extensions --with-computed-gotos" />
    <property name="ant.core.lib" value="/home/travis/build/icyphy/ptII/ant/lib/ant.jar" />
    <property name="java.vm.specification.vendor" value="Oracle Corporation" />
    <property name="env.BCVTB_HOME" value="/home/travis/build/icyphy/ptII/lbnl" />
    <property name="file.separator" value="/" />
    <property name="spotbugs.home" value="/home/travis/build/icyphy/ptII/vendors/spotbugs-3.1.1" />
    <property name="java.runtime.version" value="11.0.2+9" />
    <property name="env.ANSI_CLEAR" value="\033[0K" />
    <property name="env.HAS_JOSH_K_SEAL_OF_APPROVAL" value="true" />
    <property name="env.XDG_RUNTIME_DIR" value="/run/user/2000" />
    <property name="env.TRAVIS_OSX_IMAGE" value="" />
    <property name="env.TRAVIS_JOB_ID" value="553100269" />
    <property name="env.TRAVIS_BRANCH" value="master" />
    <property name="user.country" value="US" />
    <property name="env.CERTI_HOME_TRAVIS" value="/home/travis/pthla/certi-tools" />
    <property name="env.SHELL" value="/bin/bash" />
    <property name="java.maxmemory.large" value="5000m" />
    <property name="model" value="" />
    <property name="env.CASHER_DIR" value="/home/travis/.casher" />
    <property name="env.NVM_CD_FLAGS" value="" />
    <property name="java.vendor.version" value="18.9" />
    <property name="jshint.executable" value="/home/travis/node_modules/jshint/bin/jshint" />
    <property name="env.JRUBY_OPTS" value=" --client -J-XX:+TieredCompilation -J-XX:TieredStopAtLevel=1 -J-Xss2m -Xcompile.invokedynamic=false" />
    <property name="java.vendor" value="Oracle Corporation" />
    <property name="env.TRAVIS_PRE_CHEF_BOOTSTRAP_TIME" value="2019-03-25T16:16:42" />
    <property name="env.TRAVIS_STACK_JOB_BOARD_REGISTER" value="/.job-board-register.yml" />
    <property name="env.ANSI_RED" value="\033[31;1m" />
    <property name="java.specification.version" value="11" />
    <property name="env.IRBRC" value="/home/travis/.rvm/rubies/ruby-2.5.3/.irbrc" />
    <property name="env.TRAVIS" value="true" />
    <property name="sun.arch.data.model" value="64" />
  </properties>
  <testcase classname="ptolemy.util.test.junit.TclTests" name="[0] /home/travis/build/icyphy/ptII/ptolemy/domains/de/test/DependencyLoop.tcl (RunTclFile)" time="1.027" />
  <testcase classname="ptolemy.util.test.junit.TclTests" name="[1] /home/travis/build/icyphy/ptII/ptolemy/domains/de/test/RunDETestsAsQSS.tcl (RunTclFile)" time="92.278" />
  <testcase classname="ptolemy.util.test.junit.AutoKnownFailedTests" name="[0] /home/travis/build/icyphy/ptII/ptolemy/domains/de/test/auto/knownFailedTests/DESDFClockTest.xml (RunModel)" time="2.054" />
  <testcase classname="ptolemy.util.test.junit.AutoKnownFailedTests" name="[1] /home/travis/build/icyphy/ptII/ptolemy/domains/de/test/auto/knownFailedTests/DirectFeedback.xml (RunModel)" time="0.02" />
  <testcase classname="ptolemy.util.test.junit.AutoKnownFailedTests" name="[2] /home/travis/build/icyphy/ptII/ptolemy/domains/de/test/auto/knownFailedTests/FSMSource.xml (RunModel)" time="0.023" />
  <testcase classname="ptolemy.util.test.junit.AutoKnownFailedTests" name="[3] /home/travis/build/icyphy/ptII/ptolemy/domains/de/test/auto/knownFailedTests/HierarchicalModel.xml (RunModel)" time="0.045" />
  <testcase classname="ptolemy.util.test.junit.AutoKnownFailedTests" name="[4] /home/travis/build/icyphy/ptII/ptolemy/domains/de/test/auto/knownFailedTests/dependencyLoop.xml (RunModel)" time="0.051" />
  <testcase classname="ptolemy.util.test.junit.AutoKnownFailedTests" name="[5] /home/travis/build/icyphy/ptII/ptolemy/domains/de/test/auto/knownFailedTests/dependencyLoop2.xml (RunModel)" time="0.043" />
  <testcase classname="ptolemy.util.test.junit.AutoNameArchTests" name="[0] ThereAreNoAutoArchTests (RunModel)" time="0.001" />
  <testcase classname="ptolemy.util.test.junit.AutoTests" name="[0] /home/travis/build/icyphy/ptII/ptolemy/domains/de/test/auto/ActorDepthCalculation_actorWithoutPorts.xml (RunModel)" time="0.028" />
  <testcase classname="ptolemy.util.test.junit.AutoTests" name="[1] /home/travis/build/icyphy/ptII/ptolemy/domains/de/test/auto/AssemblyLine.xml (RunModel)" time="0.021" />
  <testcase classname="ptolemy.util.test.junit.AutoTests" name="[2] /home/travis/build/icyphy/ptII/ptolemy/domains/de/test/auto/CQBug1.xml (RunModel)" time="0.012" />
  <testcase classname="ptolemy.util.test.junit.AutoTests" name="[3] /home/travis/build/icyphy/ptII/ptolemy/domains/de/test/auto/CancelFireAt.xml (RunModel)" time="0.009" />
  <testcase classname="ptolemy.util.test.junit.AutoTests" name="[4] /home/travis/build/icyphy/ptII/ptolemy/domains/de/test/auto/CausalityAndComposabilityAnalysis.xml (RunModel)" time="0.018" />
  <testcase classname="ptolemy.util.test.junit.AutoTests" name="[5] /home/travis/build/icyphy/ptII/ptolemy/domains/de/test/auto/CausalityInterface1.xml (RunModel)" time="0.019" />
  <testcase classname="ptolemy.util.test.junit.AutoTests" name="[6] /home/travis/build/icyphy/ptII/ptolemy/domains/de/test/auto/CausalityInterface15.xml (RunModel)" time="0.019" />
  <testcase classname="ptolemy.util.test.junit.AutoTests" name="[7] /home/travis/build/icyphy/ptII/ptolemy/domains/de/test/auto/CausalityInterface2.xml (RunModel)" time="0.013" />
  <testcase classname="ptolemy.util.test.junit.AutoTests" name="[8] /home/travis/build/icyphy/ptII/ptolemy/domains/de/test/auto/CausalityInterface3.xml (RunModel)" time="0.012" />
  <testcase classname="ptolemy.util.test.junit.AutoTests" name="[9] /home/travis/build/icyphy/ptII/ptolemy/domains/de/test/auto/ClockDrift.xml (RunModel)" time="0.048" />
  <testcase classname="ptolemy.util.test.junit.AutoTests" name="[10] /home/travis/build/icyphy/ptII/ptolemy/domains/de/test/auto/ClockDriftAndValueChange.xml (RunModel)" time="0.036" />
  <testcase classname="ptolemy.util.test.junit.AutoTests" name="[11] /home/travis/build/icyphy/ptII/ptolemy/domains/de/test/auto/ClockDriftChange.xml (RunModel)" time="0.036" />
  <testcase classname="ptolemy.util.test.junit.AutoTests" name="[12] /home/travis/build/icyphy/ptII/ptolemy/domains/de/test/auto/ComposableCausalityAnalysis.xml (RunModel)" time="0.016" />
  <testcase classname="ptolemy.util.test.junit.AutoTests" name="[13] /home/travis/build/icyphy/ptII/ptolemy/domains/de/test/auto/DEFixedPointLimitation.xml (RunModel)" time="0.01" />
  <testcase classname="ptolemy.util.test.junit.AutoTests" name="[14] /home/travis/build/icyphy/ptII/ptolemy/domains/de/test/auto/DEScheduleTest.xml (RunModel)" time="0.017" />
  <testcase classname="ptolemy.util.test.junit.AutoTests" name="[15] /home/travis/build/icyphy/ptII/ptolemy/domains/de/test/auto/DEinDEwithStartTimes.xml (RunModel)" time="0.019" />
  <testcase classname="ptolemy.util.test.junit.AutoTests" name="[16] /home/travis/build/icyphy/ptII/ptolemy/domains/de/test/auto/DEinDEwithStartTimes2.xml (RunModel)" time="0.022" />
  <testcase classname="ptolemy.util.test.junit.AutoTests" name="[17] /home/travis/build/icyphy/ptII/ptolemy/domains/de/test/auto/DateDemo.xml (RunModel)" time="0.042" />
  <testcase classname="ptolemy.util.test.junit.AutoTests" name="[18] /home/travis/build/icyphy/ptII/ptolemy/domains/de/test/auto/DateToEvent.xml (RunModel)" time="2.045" />
  <testcase classname="ptolemy.util.test.junit.AutoTests" name="[19] /home/travis/build/icyphy/ptII/ptolemy/domains/de/test/auto/DepthTest1.xml (RunModel)" time="0.009" />
  <testcase classname="ptolemy.util.test.junit.AutoTests" name="[20] /home/travis/build/icyphy/ptII/ptolemy/domains/de/test/auto/DepthTest2.xml (RunModel)" time="0.019" />
  <testcase classname="ptolemy.util.test.junit.AutoTests" name="[21] /home/travis/build/icyphy/ptII/ptolemy/domains/de/test/auto/DepthTest3.xml (RunModel)" time="0.009" />
  <testcase classname="ptolemy.util.test.junit.AutoTests" name="[22] /home/travis/build/icyphy/ptII/ptolemy/domains/de/test/auto/DepthTest4.xml (RunModel)" time="0.018" />
  <testcase classname="ptolemy.util.test.junit.AutoTests" name="[23] /home/travis/build/icyphy/ptII/ptolemy/domains/de/test/auto/DepthTest5.xml (RunModel)" time="0.014" />
  <testcase classname="ptolemy.util.test.junit.AutoTests" name="[24] /home/travis/build/icyphy/ptII/ptolemy/domains/de/test/auto/DepthTest6.xml (RunModel)" time="0.016" />
  <testcase classname="ptolemy.util.test.junit.AutoTests" name="[25] /home/travis/build/icyphy/ptII/ptolemy/domains/de/test/auto/DepthTest7.xml (RunModel)" time="0.013" />
  <testcase classname="ptolemy.util.test.junit.AutoTests" name="[26] /home/travis/build/icyphy/ptII/ptolemy/domains/de/test/auto/EventToDate.xml (RunModel)" time="3.054" />
  <testcase classname="ptolemy.util.test.junit.AutoTests" name="[27] /home/travis/build/icyphy/ptII/ptolemy/domains/de/test/auto/FSM1.xml (RunModel)" time="0.043" />
  <testcase classname="ptolemy.util.test.junit.AutoTests" name="[28] /home/travis/build/icyphy/ptII/ptolemy/domains/de/test/auto/FSM7.xml (RunModel)" time="0.055" />
  <testcase classname="ptolemy.util.test.junit.AutoTests" name="[29] /home/travis/build/icyphy/ptII/ptolemy/domains/de/test/auto/Inspection.xml (RunModel)" time="0.048" />
  <testcase classname="ptolemy.util.test.junit.AutoTests" name="[30] /home/travis/build/icyphy/ptII/ptolemy/domains/de/test/auto/Iteration.xml (RunModel)" time="0.024" />
  <testcase classname="ptolemy.util.test.junit.AutoTests" name="[31] /home/travis/build/icyphy/ptII/ptolemy/domains/de/test/auto/LineFault.xml (RunModel)" time="0.632" />
  <testcase classname="ptolemy.util.test.junit.AutoTests" name="[32] /home/travis/build/icyphy/ptII/ptolemy/domains/de/test/auto/MergeModel1Add.xml (RunModel)" time="0.055" />
  <testcase classname="ptolemy.util.test.junit.AutoTests" name="[33] /home/travis/build/icyphy/ptII/ptolemy/domains/de/test/auto/MergeModel2Add.xml (RunModel)" time="0.038" />
  <testcase classname="ptolemy.util.test.junit.AutoTests" name="[34] /home/travis/build/icyphy/ptII/ptolemy/domains/de/test/auto/MergeModel3Add.xml (RunModel)" time="0.048" />
  <testcase classname="ptolemy.util.test.junit.AutoTests" name="[35] /home/travis/build/icyphy/ptII/ptolemy/domains/de/test/auto/MergeWithoutDiscard.xml (RunModel)" time="0.012" />
  <testcase classname="ptolemy.util.test.junit.AutoTests" name="[36] /home/travis/build/icyphy/ptII/ptolemy/domains/de/test/auto/Modal1.xml (RunModel)" time="0.032" />
  <testcase classname="ptolemy.util.test.junit.AutoTests" name="[37] /home/travis/build/icyphy/ptII/ptolemy/domains/de/test/auto/Modal2.xml (RunModel)" time="0.034" />
  <testcase classname="ptolemy.util.test.junit.AutoTests" name="[38] /home/travis/build/icyphy/ptII/ptolemy/domains/de/test/auto/Modal3.xml (RunModel)" time="0.034" />
  <testcase classname="ptolemy.util.test.junit.AutoTests" name="[39] /home/travis/build/icyphy/ptII/ptolemy/domains/de/test/auto/Modal4.xml (RunModel)" time="0.036" />
  <testcase classname="ptolemy.util.test.junit.AutoTests" name="[40] /home/travis/build/icyphy/ptII/ptolemy/domains/de/test/auto/Modal5.xml (RunModel)" time="0.027" />
  <testcase classname="ptolemy.util.test.junit.AutoTests" name="[41] /home/travis/build/icyphy/ptII/ptolemy/domains/de/test/auto/Modal6.xml (RunModel)" time="0.031" />
  <testcase classname="ptolemy.util.test.junit.AutoTests" name="[42] /home/travis/build/icyphy/ptII/ptolemy/domains/de/test/auto/Modal7.xml (RunModel)" time="0.038" />
  <testcase classname="ptolemy.util.test.junit.AutoTests" name="[43] /home/travis/build/icyphy/ptII/ptolemy/domains/de/test/auto/ModalModel.xml (RunModel)" time="0.167" />
  <testcase classname="ptolemy.util.test.junit.AutoTests" name="[44] /home/travis/build/icyphy/ptII/ptolemy/domains/de/test/auto/ModalSource.xml (RunModel)" time="0.025" />
  <testcase classname="ptolemy.util.test.junit.AutoTests" name="[45] /home/travis/build/icyphy/ptII/ptolemy/domains/de/test/auto/NonInterruptibleTimerZeroDelay.xml (RunModel)" time="0.009" />
  <testcase classname="ptolemy.util.test.junit.AutoTests" name="[46] /home/travis/build/icyphy/ptII/ptolemy/domains/de/test/auto/OpenQueueingNetwork.xml (RunModel)" time="2.541" />
  <testcase classname="ptolemy.util.test.junit.AutoTests" name="[47] /home/travis/build/icyphy/ptII/ptolemy/domains/de/test/auto/OpenQueuingNetwork.xml (RunModel)" time="0.286" />
  <testcase classname="ptolemy.util.test.junit.AutoTests" name="[48] /home/travis/build/icyphy/ptII/ptolemy/domains/de/test/auto/PeriodicSampler.xml (RunModel)" time="0.015" />
  <testcase classname="ptolemy.util.test.junit.AutoTests" name="[49] /home/travis/build/icyphy/ptII/ptolemy/domains/de/test/auto/PersistentIO.xml (RunModel)" time="0.024" />
  <testcase classname="ptolemy.util.test.junit.AutoTests" name="[50] /home/travis/build/icyphy/ptII/ptolemy/domains/de/test/auto/PortParameterResetOnInitialize.xml (RunModel)" time="0.011" />
  <testcase classname="ptolemy.util.test.junit.AutoTests" name="[51] /home/travis/build/icyphy/ptII/ptolemy/domains/de/test/auto/PortParameterUpdates.xml (RunModel)" time="0.017" />
  <testcase classname="ptolemy.util.test.junit.AutoTests" name="[52] /home/travis/build/icyphy/ptII/ptolemy/domains/de/test/auto/QueueAndServer.xml (RunModel)" time="0.024" />
  <testcase classname="ptolemy.util.test.junit.AutoTests" name="[53] /home/travis/build/icyphy/ptII/ptolemy/domains/de/test/auto/Records.xml (RunModel)" time="0.018" />
  <testcase classname="ptolemy.util.test.junit.AutoTests" name="[54] /home/travis/build/icyphy/ptII/ptolemy/domains/de/test/auto/ResetTransitionWithStartTime1.xml (RunModel)" time="0.021" />
  <testcase classname="ptolemy.util.test.junit.AutoTests" name="[55] /home/travis/build/icyphy/ptII/ptolemy/domains/de/test/auto/ResetTransitionWithStartTime2.xml (RunModel)" time="0.024" />
  <testcase classname="ptolemy.util.test.junit.AutoTests" name="[56] /home/travis/build/icyphy/ptII/ptolemy/domains/de/test/auto/ResetTransitionWithStartTime3.xml (RunModel)" time="0.023" />
  <testcase classname="ptolemy.util.test.junit.AutoTests" name="[57] /home/travis/build/icyphy/ptII/ptolemy/domains/de/test/auto/ResetTransitionWithStartTime4.xml (RunModel)" time="0.017" />
  <testcase classname="ptolemy.util.test.junit.AutoTests" name="[58] /home/travis/build/icyphy/ptII/ptolemy/domains/de/test/auto/ResettableTimer1.xml (RunModel)" time="0.01" />
  <testcase classname="ptolemy.util.test.junit.AutoTests" name="[59] /home/travis/build/icyphy/ptII/ptolemy/domains/de/test/auto/ResettableTimer2.xml (RunModel)" time="0.01" />
  <testcase classname="ptolemy.util.test.junit.AutoTests" name="[60] /home/travis/build/icyphy/ptII/ptolemy/domains/de/test/auto/ResettableTimer3.xml (RunModel)" time="0.009" />
  <testcase classname="ptolemy.util.test.junit.AutoTests" name="[61] /home/travis/build/icyphy/ptII/ptolemy/domains/de/test/auto/ResettableTimer4.xml (RunModel)" time="0.008" />
  <testcase classname="ptolemy.util.test.junit.AutoTests" name="[62] /home/travis/build/icyphy/ptII/ptolemy/domains/de/test/auto/ResettableTimer5.xml (RunModel)" time="0.009" />
  <testcase classname="ptolemy.util.test.junit.AutoTests" name="[63] /home/travis/build/icyphy/ptII/ptolemy/domains/de/test/auto/ResettableTimer6.xml (RunModel)" time="0.017" />
  <testcase classname="ptolemy.util.test.junit.AutoTests" name="[64] /home/travis/build/icyphy/ptII/ptolemy/domains/de/test/auto/ServerZeroDelay.xml (RunModel)" time="0.011" />
  <testcase classname="ptolemy.util.test.junit.AutoTests" name="[65] /home/travis/build/icyphy/ptII/ptolemy/domains/de/test/auto/SmartSender.xml (RunModel)" time="3.011" />
  <testcase classname="ptolemy.util.test.junit.AutoTests" name="[66] /home/travis/build/icyphy/ptII/ptolemy/domains/de/test/auto/ThreadedComposite.xml (RunModel)" time="0.237" />
  <testcase classname="ptolemy.util.test.junit.AutoTests" name="[67] /home/travis/build/icyphy/ptII/ptolemy/domains/de/test/auto/Time.xml (RunModel)" time="0.449" />
  <testcase classname="ptolemy.util.test.junit.AutoTests" name="[68] /home/travis/build/icyphy/ptII/ptolemy/domains/de/test/auto/TimeDelayZeroDelay.xml (RunModel)" time="0.014" />
  <testcase classname="ptolemy.util.test.junit.AutoTests" name="[69] /home/travis/build/icyphy/ptII/ptolemy/domains/de/test/auto/TimerZeroDelay.xml (RunModel)" time="0.012" />
  <testcase classname="ptolemy.util.test.junit.AutoTests" name="[70] /home/travis/build/icyphy/ptII/ptolemy/domains/de/test/auto/TimingParadox.xml (RunModel)" time="0.373" />
  <testcase classname="ptolemy.util.test.junit.AutoTests" name="[71] /home/travis/build/icyphy/ptII/ptolemy/domains/de/test/auto/TransferInputs.xml (RunModel)" time="0.018" />
  <testcase classname="ptolemy.util.test.junit.AutoTests" name="[72] /home/travis/build/icyphy/ptII/ptolemy/domains/de/test/auto/TransferOutputs2.xml (RunModel)" time="0.025" />
  <testcase classname="ptolemy.util.test.junit.AutoTests" name="[73] /home/travis/build/icyphy/ptII/ptolemy/domains/de/test/auto/Trilateration.xml (RunModel)" time="12.852" />
  <testcase classname="ptolemy.util.test.junit.AutoTests" name="[74] /home/travis/build/icyphy/ptII/ptolemy/domains/de/test/auto/TwoSigmaDelta.xml (RunModel)" time="2.177" />
  <testcase classname="ptolemy.util.test.junit.AutoTests" name="[75] /home/travis/build/icyphy/ptII/ptolemy/domains/de/test/auto/VariableDelay.xml (RunModel)" time="0.01" />
  <testcase classname="ptolemy.util.test.junit.AutoTests" name="[76] /home/travis/build/icyphy/ptII/ptolemy/domains/de/test/auto/VariableDelay2.xml (RunModel)" time="0.019" />
  <testcase classname="ptolemy.util.test.junit.AutoTests" name="[77] /home/travis/build/icyphy/ptII/ptolemy/domains/de/test/auto/VariableDelayZeroDelay.xml (RunModel)" time="0.017" />
  <testcase classname="ptolemy.util.test.junit.AutoTests" name="[78] /home/travis/build/icyphy/ptII/ptolemy/domains/de/test/auto/VariableDelayZeroDelay2.xml (RunModel)" time="0.009" />
  <testcase classname="ptolemy.util.test.junit.AutoTests" name="[79] /home/travis/build/icyphy/ptII/ptolemy/domains/de/test/auto/deInCt.xml (RunModel)" time="0.014" />
  <testcase classname="ptolemy.util.test.junit.AutoTests" name="[80] /home/travis/build/icyphy/ptII/ptolemy/domains/de/test/auto/deInCt2.xml (RunModel)" time="0.026" />
  <testcase classname="ptolemy.util.test.junit.AutoTests" name="[81] /home/travis/build/icyphy/ptII/ptolemy/domains/de/test/auto/dynamicCausalityInterface1.xml (RunModel)" time="0.022" />
  <testcase classname="ptolemy.util.test.junit.AutoTests" name="[82] /home/travis/build/icyphy/ptII/ptolemy/domains/de/test/auto/fsm_de_test.xml (RunModel)" time="0.025" />
  <testcase classname="ptolemy.util.test.junit.AutoTests" name="[83] /home/travis/build/icyphy/ptII/ptolemy/domains/de/test/auto/functionDependencyReconstruction.xml (RunModel)" time="0.028" />
  <testcase classname="ptolemy.util.test.junit.AutoTests" name="[84] /home/travis/build/icyphy/ptII/ptolemy/domains/de/test/auto/multirate.xml (RunModel)" time="0.016" />
  <testcase classname="ptolemy.util.test.junit.AutoTests" name="[85] /home/travis/build/icyphy/ptII/ptolemy/domains/de/test/auto/multirate2.xml (RunModel)" time="0.016" />
  <testcase classname="ptolemy.util.test.junit.AutoTests" name="[86] /home/travis/build/icyphy/ptII/ptolemy/domains/de/test/auto/realtime.xml (RunModel)" time="10.012" />
  <testcase classname="ptolemy.util.test.junit.AutoTests" name="[87] /home/travis/build/icyphy/ptII/ptolemy/domains/de/test/auto/relationGroup.xml (RunModel)" time="0.017" />
  <testcase classname="ptolemy.util.test.junit.AutoTests" name="[88] /home/travis/build/icyphy/ptII/ptolemy/domains/de/test/auto/relationGroup2.xml (RunModel)" time="0.014" />
  <testcase classname="ptolemy.util.test.junit.AutoTests" name="[89] /home/travis/build/icyphy/ptII/ptolemy/domains/de/test/auto/sortWithOpaquePorts.xml (RunModel)" time="0.017" />
  <testcase classname="ptolemy.util.test.junit.AutoTests" name="[90] /home/travis/build/icyphy/ptII/ptolemy/domains/de/test/auto/transferInputsandOutputs.xml (RunModel)" time="0.016" />
  <testcase classname="ptolemy.util.test.junit.AutoTests" name="[91] /home/travis/build/icyphy/ptII/ptolemy/domains/de/test/auto/triggerType.xml (RunModel)" time="0.011" />
  <system-out><![CDATA[/home/travis/build/icyphy/ptII/ptolemy/domains/de/test/DependencyLoop.tcl
testDefs.tcl: setting time out to 9000 seconds at Tue Jul 02 04:42:35 UTC 2019
101 ms. Memory: 120832K Free: 76606K (63%)
23 ms. Memory: 120832K Free: 59198K (49%)
/home/travis/build/icyphy/ptII/ptolemy/domains/de/test/RunDETestsAsQSS.tcl
Run the DE tests using ptolemy.domains.qss.test.QSSDirectorTest, which extends QSSDirector and prints a message in the constructors.
------------------ testing $PTII/ptolemy/domains/de/test/auto/knownFailedTests/DirectFeedback.xml (Known Failure) 
104 ms. Memory: 120832K Free: 54078K (45%)


==== $PTIIhome/travis/build/icyphy/ptII/ptolemy/domains/de/test/../../../../: Auto Automatic test in file $PTII/ptolemy/domains/de/test/auto/knownFailedTests/DirectFeedback.xml
==== Contents of test case:

	    # FIXME: we should use $relativeFilename here, but it
	    # might have backslashes under Windows, which causes no end
	    # of trouble.
	    createAndExecute $file
	    list {}
	
.... Test generated KNOWN error:
    while executing
ptolemy.kernel.util.IllegalActionException: Test fails in iteration 1.
Value was: 1.0. Should have been: 2.0
  in .DirectFeedback.Test
	at ptolemy.actor.lib.Test.fire(Test.java:268)
	at ptolemy.domains.de.kernel.DEDirector._fire(DEDirector.java:1949)
	at ptolemy.domains.de.kernel.DEDirector.fire(DEDirector.java:502)
	at ptolemy.actor.CompositeActor.fire(CompositeActor.java:455)
	at ptolemy.actor.Manager.iterate(Manager.java:851)
	at ptolemy.actor.Manager.execute(Manager.java:369)
	at ptolemy.actor.Manager.run(Manager.java:1263)
	at ptolemy.actor.Manager$PtolemyRunThread.run(Manager.java:1915)

    while executing
ptolemy.kernel.util.IllegalActionException: Test fails in iteration 1.
Value was: 1.0. Should have been: 2.0
  in .DirectFeedback.Test
    while executing
"java::new ptolemy.moml.MoMLSimpleApplication $file
"
    (procedure "createAndExecute" line 2)
    invoked from within
"createAndExecute $file"
    ("uplevel" body line 5)
    invoked from within
"uplevel $contents_of_test"
------------------ testing $PTII/ptolemy/domains/de/test/auto/knownFailedTests/dependencyLoop.xml (Known Failure) 
31 ms. Memory: 120832K Free: 51516K (43%)


==== $PTIIhome/travis/build/icyphy/ptII/ptolemy/domains/de/test/../../../../: Auto Automatic test in file $PTII/ptolemy/domains/de/test/auto/knownFailedTests/dependencyLoop.xml
==== Contents of test case:

	    # FIXME: we should use $relativeFilename here, but it
	    # might have backslashes under Windows, which causes no end
	    # of trouble.
	    createAndExecute $file
	    list {}
	
.... Test generated KNOWN error:
    while executing
ptolemy.kernel.util.IllegalActionException: Found a zero delay loop containing .dependencyLoop.original
  in .dependencyLoop and .dependencyLoop.original
	at ptolemy.actor.util.CausalityInterfaceForComposites._computeOutputPortDepth(CausalityInterfaceForComposites.java:759)
	at ptolemy.actor.util.CausalityInterfaceForComposites._computeInputDepth(CausalityInterfaceForComposites.java:696)
	at ptolemy.actor.util.CausalityInterfaceForComposites._computeOutputPortDepth(CausalityInterfaceForComposites.java:765)
	at ptolemy.actor.util.CausalityInterfaceForComposites._computeInputDepth(CausalityInterfaceForComposites.java:696)
	at ptolemy.actor.util.CausalityInterfaceForComposites._computeOutputPortDepth(CausalityInterfaceForComposites.java:765)
	at ptolemy.actor.util.CausalityInterfaceForComposites._computeInputDepth(CausalityInterfaceForComposites.java:696)
	at ptolemy.actor.util.CausalityInterfaceForComposites._computeActorDepth(CausalityInterfaceForComposites.java:532)
	at ptolemy.actor.util.CausalityInterfaceForComposites.checkForCycles(CausalityInterfaceForComposites.java:96)
	at ptolemy.domains.de.kernel.DEDirector.preinitialize(DEDirector.java:1338)
	at ptolemy.actor.CompositeActor.preinitialize(CompositeActor.java:1828)
	at ptolemy.actor.Manager.preinitializeAndResolveTypes(Manager.java:1040)
	at ptolemy.actor.Manager.initialize(Manager.java:710)
	at ptolemy.actor.Manager.execute(Manager.java:356)
	at ptolemy.actor.Manager.run(Manager.java:1263)
	at ptolemy.actor.Manager$PtolemyRunThread.run(Manager.java:1915)

    while executing
ptolemy.kernel.util.IllegalActionException: Found a zero delay loop containing .dependencyLoop.original
  in .dependencyLoop and .dependencyLoop.original
    while executing
"java::new ptolemy.moml.MoMLSimpleApplication $file
"
    (procedure "createAndExecute" line 2)
    invoked from within
"createAndExecute $file"
    ("uplevel" body line 5)
    invoked from within
"uplevel $contents_of_test"
------------------ testing $PTII/ptolemy/domains/de/test/auto/knownFailedTests/FSMSource.xml (Known Failure) 
66 ms. Memory: 120832K Free: 100823K (83%)
!!!! Auto was marked as failing, but now passes
------------------ testing $PTII/ptolemy/domains/de/test/auto/knownFailedTests/HierarchicalModel.xml (Known Failure) 
14 ms. Memory: 120832K Free: 83415K (69%)


==== $PTIIhome/travis/build/icyphy/ptII/ptolemy/domains/de/test/../../../../: Auto Automatic test in file $PTII/ptolemy/domains/de/test/auto/knownFailedTests/HierarchicalModel.xml
==== Contents of test case:

	    # FIXME: we should use $relativeFilename here, but it
	    # might have backslashes under Windows, which causes no end
	    # of trouble.
	    createAndExecute $file
	    list {}
	
.... Test generated KNOWN error:
    while executing
ptolemy.kernel.util.IllegalActionException: Found a zero delay loop containing .HierarchicalModel.A
  in .HierarchicalModel and .HierarchicalModel.A
	at ptolemy.actor.util.CausalityInterfaceForComposites._computeOutputPortDepth(CausalityInterfaceForComposites.java:759)
	at ptolemy.actor.util.CausalityInterfaceForComposites._computeInputDepth(CausalityInterfaceForComposites.java:696)
	at ptolemy.actor.util.CausalityInterfaceForComposites._computeOutputPortDepth(CausalityInterfaceForComposites.java:765)
	at ptolemy.actor.util.CausalityInterfaceForComposites._computeInputDepth(CausalityInterfaceForComposites.java:696)
	at ptolemy.actor.util.CausalityInterfaceForComposites._computeOutputPortDepth(CausalityInterfaceForComposites.java:765)
	at ptolemy.actor.util.CausalityInterfaceForComposites._computeInputDepth(CausalityInterfaceForComposites.java:696)
	at ptolemy.actor.util.CausalityInterfaceForComposites._computeActorDepth(CausalityInterfaceForComposites.java:532)
	at ptolemy.actor.util.CausalityInterfaceForComposites.checkForCycles(CausalityInterfaceForComposites.java:96)
	at ptolemy.domains.de.kernel.DEDirector.preinitialize(DEDirector.java:1338)
	at ptolemy.actor.CompositeActor.preinitialize(CompositeActor.java:1828)
	at ptolemy.actor.Manager.preinitializeAndResolveTypes(Manager.java:1040)
	at ptolemy.actor.Manager.initialize(Manager.java:710)
	at ptolemy.actor.Manager.execute(Manager.java:356)
	at ptolemy.actor.Manager.run(Manager.java:1263)
	at ptolemy.actor.Manager$PtolemyRunThread.run(Manager.java:1915)

    while executing
ptolemy.kernel.util.IllegalActionException: Found a zero delay loop containing .HierarchicalModel.A
  in .HierarchicalModel and .HierarchicalModel.A
    while executing
"java::new ptolemy.moml.MoMLSimpleApplication $file
"
    (procedure "createAndExecute" line 2)
    invoked from within
"createAndExecute $file"
    ("uplevel" body line 5)
    invoked from within
"uplevel $contents_of_test"
------------------ testing $PTII/ptolemy/domains/de/test/auto/knownFailedTests/dependencyLoop2.xml (Known Failure) 
16 ms. Memory: 120832K Free: 67527K (56%)


==== $PTIIhome/travis/build/icyphy/ptII/ptolemy/domains/de/test/../../../../: Auto Automatic test in file $PTII/ptolemy/domains/de/test/auto/knownFailedTests/dependencyLoop2.xml
==== Contents of test case:

	    # FIXME: we should use $relativeFilename here, but it
	    # might have backslashes under Windows, which causes no end
	    # of trouble.
	    createAndExecute $file
	    list {}
	
.... Test generated KNOWN error:
    while executing
ptolemy.kernel.util.IllegalActionException: Found a zero delay loop containing .dependencyLoop2.original
  in .dependencyLoop2 and .dependencyLoop2.original
	at ptolemy.actor.util.CausalityInterfaceForComposites._computeOutputPortDepth(CausalityInterfaceForComposites.java:759)
	at ptolemy.actor.util.CausalityInterfaceForComposites._computeInputDepth(CausalityInterfaceForComposites.java:696)
	at ptolemy.actor.util.CausalityInterfaceForComposites._computeOutputPortDepth(CausalityInterfaceForComposites.java:765)
	at ptolemy.actor.util.CausalityInterfaceForComposites._computeInputDepth(CausalityInterfaceForComposites.java:696)
	at ptolemy.actor.util.CausalityInterfaceForComposites._computeOutputPortDepth(CausalityInterfaceForComposites.java:765)
	at ptolemy.actor.util.CausalityInterfaceForComposites._computeInputDepth(CausalityInterfaceForComposites.java:696)
	at ptolemy.actor.util.CausalityInterfaceForComposites._computeActorDepth(CausalityInterfaceForComposites.java:532)
	at ptolemy.actor.util.CausalityInterfaceForComposites.checkForCycles(CausalityInterfaceForComposites.java:96)
	at ptolemy.domains.de.kernel.DEDirector.preinitialize(DEDirector.java:1338)
	at ptolemy.actor.CompositeActor.preinitialize(CompositeActor.java:1828)
	at ptolemy.actor.Manager.preinitializeAndResolveTypes(Manager.java:1040)
	at ptolemy.actor.Manager.initialize(Manager.java:710)
	at ptolemy.actor.Manager.execute(Manager.java:356)
	at ptolemy.actor.Manager.run(Manager.java:1263)
	at ptolemy.actor.Manager$PtolemyRunThread.run(Manager.java:1915)

    while executing
ptolemy.kernel.util.IllegalActionException: Found a zero delay loop containing .dependencyLoop2.original
  in .dependencyLoop2 and .dependencyLoop2.original
    while executing
"java::new ptolemy.moml.MoMLSimpleApplication $file
"
    (procedure "createAndExecute" line 2)
    invoked from within
"createAndExecute $file"
    ("uplevel" body line 5)
    invoked from within
"uplevel $contents_of_test"
------------------ testing $PTII/ptolemy/domains/de/test/auto/knownFailedTests/DESDFClockTest.xml (Known Failure) 
2078 ms. Memory: 120832K Free: 54229K (45%)


==== $PTIIhome/travis/build/icyphy/ptII/ptolemy/domains/de/test/../../../../: Auto Automatic test in file $PTII/ptolemy/domains/de/test/auto/knownFailedTests/DESDFClockTest.xml
==== Contents of test case:

	    # FIXME: we should use $relativeFilename here, but it
	    # might have backslashes under Windows, which causes no end
	    # of trouble.
	    createAndExecute $file
	    list {}
	
.... Test generated KNOWN error:
    while executing
ptolemy.kernel.util.IllegalActionException: Actor is not ready to fire.  Perhaps UpSample.prefire() returned false? Try debugging the actor by selecting "Listen to Actor".  Also, for SDF check moml for tokenConsumptionRate on input.
  in .DESDFClockTest.Play Bell.Copy1:SDF Director and .DESDFClockTest.Play Bell.UpSample
	at ptolemy.actor.sched.StaticSchedulingDirector.fire(StaticSchedulingDirector.java:227)
	at ptolemy.domains.sdf.kernel.SDFDirector.fire(SDFDirector.java:500)
	at ptolemy.actor.CompositeActor.fire(CompositeActor.java:455)
	at ptolemy.domains.de.kernel.DEDirector._fire(DEDirector.java:1949)
	at ptolemy.domains.de.kernel.DEDirector.fire(DEDirector.java:502)
	at ptolemy.actor.CompositeActor.fire(CompositeActor.java:455)
	at ptolemy.actor.Manager.iterate(Manager.java:851)
	at ptolemy.actor.Manager.execute(Manager.java:369)
	at ptolemy.actor.Manager.run(Manager.java:1263)
	at ptolemy.actor.Manager$PtolemyRunThread.run(Manager.java:1915)

    while executing
ptolemy.kernel.util.IllegalActionException: Actor is not ready to fire.  Perhaps UpSample.prefire() returned false? Try debugging the actor by selecting "Listen to Actor".  Also, for SDF check moml for tokenConsumptionRate on input.
  in .DESDFClockTest.Play Bell.Copy1:SDF Director and .DESDFClockTest.Play Bell.UpSample
    while executing
"java::new ptolemy.moml.MoMLSimpleApplication $file
"
    (procedure "createAndExecute" line 2)
    invoked from within
"createAndExecute $file"
    ("uplevel" body line 5)
    invoked from within
"uplevel $contents_of_test"
------------------ testing $PTII/ptolemy/domains/de/test/auto/ActorDepthCalculation_actorWithoutPorts.xml
auto.tcl: Setting watchdog for 200 seconds at Tue Jul 02 04:42:39 UTC 2019
24 ms. Memory: 120832K Free: 107183K (89%)
ptolemy.util.test.WatchDog.cancel(): canceling Tue Jul 02 04:42:39 UTC 2019
auto.tcl: Setting watchdog for 200 seconds at Tue Jul 02 04:42:39 UTC 2019
4 ms. Memory: 120832K Free: 105499K (87%)
ptolemy.util.test.WatchDog.cancel(): canceling Tue Jul 02 04:42:39 UTC 2019
------------------ testing $PTII/ptolemy/domains/de/test/auto/AssemblyLine.xml
auto.tcl: Setting watchdog for 200 seconds at Tue Jul 02 04:42:40 UTC 2019
8 ms. Memory: 48128K Free: 26755K (56%)
ptolemy.util.test.WatchDog.cancel(): canceling Tue Jul 02 04:42:40 UTC 2019
auto.tcl: Setting watchdog for 200 seconds at Tue Jul 02 04:42:40 UTC 2019
13 ms. Memory: 48128K Free: 25982K (54%)
ptolemy.util.test.WatchDog.cancel(): canceling Tue Jul 02 04:42:40 UTC 2019
------------------ testing $PTII/ptolemy/domains/de/test/auto/CQBug1.xml
auto.tcl: Setting watchdog for 200 seconds at Tue Jul 02 04:42:40 UTC 2019
12 ms. Memory: 48128K Free: 32080K (67%)
ptolemy.util.test.WatchDog.cancel(): canceling Tue Jul 02 04:42:40 UTC 2019
auto.tcl: Setting watchdog for 200 seconds at Tue Jul 02 04:42:40 UTC 2019
3 ms. Memory: 48128K Free: 31815K (66%)
ptolemy.util.test.WatchDog.cancel(): canceling Tue Jul 02 04:42:40 UTC 2019
------------------ testing $PTII/ptolemy/domains/de/test/auto/CancelFireAt.xml
auto.tcl: Setting watchdog for 200 seconds at Tue Jul 02 04:42:40 UTC 2019
9 ms. Memory: 48128K Free: 33337K (69%)
ptolemy.util.test.WatchDog.cancel(): canceling Tue Jul 02 04:42:40 UTC 2019
auto.tcl: Setting watchdog for 200 seconds at Tue Jul 02 04:42:40 UTC 2019
2 ms. Memory: 48128K Free: 32806K (68%)
ptolemy.util.test.WatchDog.cancel(): canceling Tue Jul 02 04:42:40 UTC 2019
------------------ testing $PTII/ptolemy/domains/de/test/auto/CausalityAndComposabilityAnalysis.xml
auto.tcl: Setting watchdog for 200 seconds at Tue Jul 02 04:42:40 UTC 2019
9 ms. Memory: 45056K Free: 28227K (63%)
ptolemy.util.test.WatchDog.cancel(): canceling Tue Jul 02 04:42:40 UTC 2019
auto.tcl: Setting watchdog for 200 seconds at Tue Jul 02 04:42:40 UTC 2019
8 ms. Memory: 45056K Free: 27448K (61%)
ptolemy.util.test.WatchDog.cancel(): canceling Tue Jul 02 04:42:40 UTC 2019
------------------ testing $PTII/ptolemy/domains/de/test/auto/CausalityInterface1.xml
auto.tcl: Setting watchdog for 200 seconds at Tue Jul 02 04:42:40 UTC 2019
27 ms. Memory: 45056K Free: 26873K (60%)
ptolemy.util.test.WatchDog.cancel(): canceling Tue Jul 02 04:42:40 UTC 2019
auto.tcl: Setting watchdog for 200 seconds at Tue Jul 02 04:42:40 UTC 2019
4 ms. Memory: 45056K Free: 25804K (57%)
ptolemy.util.test.WatchDog.cancel(): canceling Tue Jul 02 04:42:40 UTC 2019
------------------ testing $PTII/ptolemy/domains/de/test/auto/CausalityInterface15.xml
auto.tcl: Setting watchdog for 200 seconds at Tue Jul 02 04:42:40 UTC 2019
18 ms. Memory: 45056K Free: 26768K (59%)
ptolemy.util.test.WatchDog.cancel(): canceling Tue Jul 02 04:42:40 UTC 2019
auto.tcl: Setting watchdog for 200 seconds at Tue Jul 02 04:42:40 UTC 2019
9 ms. Memory: 45056K Free: 26010K (58%)
ptolemy.util.test.WatchDog.cancel(): canceling Tue Jul 02 04:42:40 UTC 2019
------------------ testing $PTII/ptolemy/domains/de/test/auto/CausalityInterface2.xml
auto.tcl: Setting watchdog for 200 seconds at Tue Jul 02 04:42:40 UTC 2019
5 ms. Memory: 45056K Free: 27746K (62%)
ptolemy.util.test.WatchDog.cancel(): canceling Tue Jul 02 04:42:40 UTC 2019
auto.tcl: Setting watchdog for 200 seconds at Tue Jul 02 04:42:40 UTC 2019
3 ms. Memory: 45056K Free: 27007K (60%)
ptolemy.util.test.WatchDog.cancel(): canceling Tue Jul 02 04:42:40 UTC 2019
------------------ testing $PTII/ptolemy/domains/de/test/auto/CausalityInterface3.xml
auto.tcl: Setting watchdog for 200 seconds at Tue Jul 02 04:42:40 UTC 2019
8 ms. Memory: 45056K Free: 27291K (61%)
ptolemy.util.test.WatchDog.cancel(): canceling Tue Jul 02 04:42:41 UTC 2019
auto.tcl: Setting watchdog for 200 seconds at Tue Jul 02 04:42:41 UTC 2019
3 ms. Memory: 45056K Free: 26697K (59%)
ptolemy.util.test.WatchDog.cancel(): canceling Tue Jul 02 04:42:41 UTC 2019
------------------ testing $PTII/ptolemy/domains/de/test/auto/ClockDrift.xml
auto.tcl: Setting watchdog for 200 seconds at Tue Jul 02 04:42:41 UTC 2019
98 ms. Memory: 45056K Free: 19793K (44%)
ptolemy.util.test.WatchDog.cancel(): canceling Tue Jul 02 04:42:41 UTC 2019
auto.tcl: Setting watchdog for 200 seconds at Tue Jul 02 04:42:41 UTC 2019
47 ms. Memory: 45056K Free: 31674K (70%)
ptolemy.util.test.WatchDog.cancel(): canceling Tue Jul 02 04:42:41 UTC 2019
------------------ testing $PTII/ptolemy/domains/de/test/auto/ClockDriftAndValueChange.xml
auto.tcl: Setting watchdog for 200 seconds at Tue Jul 02 04:42:41 UTC 2019
47 ms. Memory: 45056K Free: 20143K (45%)
ptolemy.util.test.WatchDog.cancel(): canceling Tue Jul 02 04:42:41 UTC 2019
auto.tcl: Setting watchdog for 200 seconds at Tue Jul 02 04:42:41 UTC 2019
32 ms. Memory: 45056K Free: 17098K (38%)
ptolemy.util.test.WatchDog.cancel(): canceling Tue Jul 02 04:42:41 UTC 2019
------------------ testing $PTII/ptolemy/domains/de/test/auto/ClockDriftChange.xml
auto.tcl: Setting watchdog for 200 seconds at Tue Jul 02 04:42:41 UTC 2019
22 ms. Memory: 45056K Free: 22025K (49%)
ptolemy.util.test.WatchDog.cancel(): canceling Tue Jul 02 04:42:41 UTC 2019
auto.tcl: Setting watchdog for 200 seconds at Tue Jul 02 04:42:41 UTC 2019
17 ms. Memory: 45056K Free: 19413K (43%)
ptolemy.util.test.WatchDog.cancel(): canceling Tue Jul 02 04:42:41 UTC 2019
------------------ testing $PTII/ptolemy/domains/de/test/auto/ComposableCausalityAnalysis.xml
auto.tcl: Setting watchdog for 200 seconds at Tue Jul 02 04:42:41 UTC 2019
2 ms. Memory: 45056K Free: 26314K (58%)
ptolemy.util.test.WatchDog.cancel(): canceling Tue Jul 02 04:42:41 UTC 2019
auto.tcl: Setting watchdog for 200 seconds at Tue Jul 02 04:42:41 UTC 2019
5 ms. Memory: 45056K Free: 25285K (56%)
ptolemy.util.test.WatchDog.cancel(): canceling Tue Jul 02 04:42:41 UTC 2019
------------------ testing $PTII/ptolemy/domains/de/test/auto/DEFixedPointLimitation.xml
auto.tcl: Setting watchdog for 200 seconds at Tue Jul 02 04:42:41 UTC 2019
3 ms. Memory: 45056K Free: 27654K (61%)
ptolemy.util.test.WatchDog.cancel(): canceling Tue Jul 02 04:42:41 UTC 2019
auto.tcl: Setting watchdog for 200 seconds at Tue Jul 02 04:42:41 UTC 2019
2 ms. Memory: 45056K Free: 26938K (60%)
ptolemy.util.test.WatchDog.cancel(): canceling Tue Jul 02 04:42:41 UTC 2019
------------------ testing $PTII/ptolemy/domains/de/test/auto/DEScheduleTest.xml
auto.tcl: Setting watchdog for 200 seconds at Tue Jul 02 04:42:41 UTC 2019
5 ms. Memory: 45056K Free: 28107K (62%)
ptolemy.util.test.WatchDog.cancel(): canceling Tue Jul 02 04:42:41 UTC 2019
auto.tcl: Setting watchdog for 200 seconds at Tue Jul 02 04:42:41 UTC 2019
4 ms. Memory: 45056K Free: 27259K (61%)
ptolemy.util.test.WatchDog.cancel(): canceling Tue Jul 02 04:42:41 UTC 2019
------------------ testing $PTII/ptolemy/domains/de/test/auto/DEinDEwithStartTimes.xml
auto.tcl: Setting watchdog for 200 seconds at Tue Jul 02 04:42:41 UTC 2019
4 ms. Memory: 45056K Free: 26506K (59%)
ptolemy.util.test.WatchDog.cancel(): canceling Tue Jul 02 04:42:41 UTC 2019
auto.tcl: Setting watchdog for 200 seconds at Tue Jul 02 04:42:41 UTC 2019
4 ms. Memory: 45056K Free: 25381K (56%)
ptolemy.util.test.WatchDog.cancel(): canceling Tue Jul 02 04:42:41 UTC 2019
------------------ testing $PTII/ptolemy/domains/de/test/auto/DEinDEwithStartTimes2.xml
auto.tcl: Setting watchdog for 200 seconds at Tue Jul 02 04:42:42 UTC 2019
5 ms. Memory: 45056K Free: 25603K (57%)
ptolemy.util.test.WatchDog.cancel(): canceling Tue Jul 02 04:42:42 UTC 2019
auto.tcl: Setting watchdog for 200 seconds at Tue Jul 02 04:42:42 UTC 2019
4 ms. Memory: 45056K Free: 24225K (54%)
ptolemy.util.test.WatchDog.cancel(): canceling Tue Jul 02 04:42:42 UTC 2019
------------------ testing $PTII/ptolemy/domains/de/test/auto/DateDemo.xml
auto.tcl: Setting watchdog for 200 seconds at Tue Jul 02 04:42:42 UTC 2019
17 ms. Memory: 45056K Free: 20018K (44%)
ptolemy.util.test.WatchDog.cancel(): canceling Tue Jul 02 04:42:42 UTC 2019
auto.tcl: Setting watchdog for 200 seconds at Tue Jul 02 04:42:42 UTC 2019
7 ms. Memory: 45056K Free: 18397K (41%)
ptolemy.util.test.WatchDog.cancel(): canceling Tue Jul 02 04:42:42 UTC 2019
------------------ testing $PTII/ptolemy/domains/de/test/auto/DateToEvent.xml
auto.tcl: Setting watchdog for 200 seconds at Tue Jul 02 04:42:42 UTC 2019
2017 ms. Memory: 45056K Free: 31351K (70%)
ptolemy.util.test.WatchDog.cancel(): canceling Tue Jul 02 04:42:44 UTC 2019
auto.tcl: Setting watchdog for 200 seconds at Tue Jul 02 04:42:44 UTC 2019
2004 ms. Memory: 45056K Free: 30523K (68%)
ptolemy.util.test.WatchDog.cancel(): canceling Tue Jul 02 04:42:46 UTC 2019
------------------ testing $PTII/ptolemy/domains/de/test/auto/DepthTest1.xml
auto.tcl: Setting watchdog for 200 seconds at Tue Jul 02 04:42:46 UTC 2019
6 ms. Memory: 45056K Free: 28995K (64%)
ptolemy.util.test.WatchDog.cancel(): canceling Tue Jul 02 04:42:46 UTC 2019
auto.tcl: Setting watchdog for 200 seconds at Tue Jul 02 04:42:46 UTC 2019
8 ms. Memory: 45056K Free: 28512K (63%)
ptolemy.util.test.WatchDog.cancel(): canceling Tue Jul 02 04:42:46 UTC 2019
------------------ testing $PTII/ptolemy/domains/de/test/auto/DepthTest2.xml
auto.tcl: Setting watchdog for 200 seconds at Tue Jul 02 04:42:46 UTC 2019
4 ms. Memory: 45056K Free: 25781K (57%)
ptolemy.util.test.WatchDog.cancel(): canceling Tue Jul 02 04:42:46 UTC 2019
auto.tcl: Setting watchdog for 200 seconds at Tue Jul 02 04:42:46 UTC 2019
2 ms. Memory: 45056K Free: 25153K (56%)
ptolemy.util.test.WatchDog.cancel(): canceling Tue Jul 02 04:42:46 UTC 2019
------------------ testing $PTII/ptolemy/domains/de/test/auto/DepthTest3.xml
auto.tcl: Setting watchdog for 200 seconds at Tue Jul 02 04:42:46 UTC 2019
3 ms. Memory: 45056K Free: 29303K (65%)
ptolemy.util.test.WatchDog.cancel(): canceling Tue Jul 02 04:42:46 UTC 2019
auto.tcl: Setting watchdog for 200 seconds at Tue Jul 02 04:42:46 UTC 2019
2 ms. Memory: 45056K Free: 28543K (63%)
ptolemy.util.test.WatchDog.cancel(): canceling Tue Jul 02 04:42:46 UTC 2019
------------------ testing $PTII/ptolemy/domains/de/test/auto/DepthTest4.xml
auto.tcl: Setting watchdog for 200 seconds at Tue Jul 02 04:42:46 UTC 2019
3 ms. Memory: 45056K Free: 27501K (61%)
ptolemy.util.test.WatchDog.cancel(): canceling Tue Jul 02 04:42:46 UTC 2019
auto.tcl: Setting watchdog for 200 seconds at Tue Jul 02 04:42:46 UTC 2019
4 ms. Memory: 45056K Free: 26821K (60%)
ptolemy.util.test.WatchDog.cancel(): canceling Tue Jul 02 04:42:46 UTC 2019
------------------ testing $PTII/ptolemy/domains/de/test/auto/DepthTest5.xml
auto.tcl: Setting watchdog for 200 seconds at Tue Jul 02 04:42:46 UTC 2019
5 ms. Memory: 45056K Free: 26775K (59%)
ptolemy.util.test.WatchDog.cancel(): canceling Tue Jul 02 04:42:46 UTC 2019
auto.tcl: Setting watchdog for 200 seconds at Tue Jul 02 04:42:46 UTC 2019
4 ms. Memory: 45056K Free: 26163K (58%)
ptolemy.util.test.WatchDog.cancel(): canceling Tue Jul 02 04:42:46 UTC 2019
------------------ testing $PTII/ptolemy/domains/de/test/auto/DepthTest6.xml
auto.tcl: Setting watchdog for 200 seconds at Tue Jul 02 04:42:46 UTC 2019
5 ms. Memory: 45056K Free: 26754K (59%)
ptolemy.util.test.WatchDog.cancel(): canceling Tue Jul 02 04:42:46 UTC 2019
auto.tcl: Setting watchdog for 200 seconds at Tue Jul 02 04:42:46 UTC 2019
3 ms. Memory: 45056K Free: 26142K (58%)
ptolemy.util.test.WatchDog.cancel(): canceling Tue Jul 02 04:42:46 UTC 2019
------------------ testing $PTII/ptolemy/domains/de/test/auto/DepthTest7.xml
auto.tcl: Setting watchdog for 200 seconds at Tue Jul 02 04:42:46 UTC 2019
3 ms. Memory: 45056K Free: 27151K (60%)
ptolemy.util.test.WatchDog.cancel(): canceling Tue Jul 02 04:42:47 UTC 2019
auto.tcl: Setting watchdog for 200 seconds at Tue Jul 02 04:42:47 UTC 2019
2 ms. Memory: 45056K Free: 26769K (59%)
ptolemy.util.test.WatchDog.cancel(): canceling Tue Jul 02 04:42:47 UTC 2019
------------------ testing $PTII/ptolemy/domains/de/test/auto/EventToDate.xml
auto.tcl: Setting watchdog for 200 seconds at Tue Jul 02 04:42:47 UTC 2019
3005 ms. Memory: 45056K Free: 18021K (40%)
ptolemy.util.test.WatchDog.cancel(): canceling Tue Jul 02 04:42:50 UTC 2019
auto.tcl: Setting watchdog for 200 seconds at Tue Jul 02 04:42:50 UTC 2019
3004 ms. Memory: 45056K Free: 17257K (38%)
ptolemy.util.test.WatchDog.cancel(): canceling Tue Jul 02 04:42:53 UTC 2019
------------------ testing $PTII/ptolemy/domains/de/test/auto/FSM1.xml
auto.tcl: Setting watchdog for 200 seconds at Tue Jul 02 04:42:53 UTC 2019
20 ms. Memory: 45056K Free: 19463K (43%)
ptolemy.util.test.WatchDog.cancel(): canceling Tue Jul 02 04:42:53 UTC 2019
auto.tcl: Setting watchdog for 200 seconds at Tue Jul 02 04:42:53 UTC 2019
18 ms. Memory: 45056K Free: 16284K (36%)
ptolemy.util.test.WatchDog.cancel(): canceling Tue Jul 02 04:42:53 UTC 2019
------------------ testing $PTII/ptolemy/domains/de/test/auto/FSM7.xml
auto.tcl: Setting watchdog for 200 seconds at Tue Jul 02 04:42:53 UTC 2019
23 ms. Memory: 45056K Free: 19285K (43%)
ptolemy.util.test.WatchDog.cancel(): canceling Tue Jul 02 04:42:53 UTC 2019
auto.tcl: Setting watchdog for 200 seconds at Tue Jul 02 04:42:53 UTC 2019
25 ms. Memory: 45056K Free: 16187K (36%)
ptolemy.util.test.WatchDog.cancel(): canceling Tue Jul 02 04:42:53 UTC 2019
------------------ testing $PTII/ptolemy/domains/de/test/auto/Inspection.xml
auto.tcl: Setting watchdog for 200 seconds at Tue Jul 02 04:42:53 UTC 2019
31 ms. Memory: 45056K Free: 19294K (43%)
ptolemy.util.test.WatchDog.cancel(): canceling Tue Jul 02 04:42:53 UTC 2019
auto.tcl: Setting watchdog for 200 seconds at Tue Jul 02 04:42:53 UTC 2019
17 ms. Memory: 45056K Free: 17500K (39%)
ptolemy.util.test.WatchDog.cancel(): canceling Tue Jul 02 04:42:53 UTC 2019
------------------ testing $PTII/ptolemy/domains/de/test/auto/Iteration.xml
auto.tcl: Setting watchdog for 200 seconds at Tue Jul 02 04:42:53 UTC 2019
8 ms. Memory: 45056K Free: 25050K (56%)
ptolemy.util.test.WatchDog.cancel(): canceling Tue Jul 02 04:42:53 UTC 2019
auto.tcl: Setting watchdog for 200 seconds at Tue Jul 02 04:42:53 UTC 2019
6 ms. Memory: 45056K Free: 23860K (53%)
ptolemy.util.test.WatchDog.cancel(): canceling Tue Jul 02 04:42:53 UTC 2019
------------------ testing $PTII/ptolemy/domains/de/test/auto/LineFault.xml
auto.tcl: Setting watchdog for 200 seconds at Tue Jul 02 04:42:53 UTC 2019
777 ms. Memory: 57344K Free: 22688K (40%)
ptolemy.util.test.WatchDog.cancel(): canceling Tue Jul 02 04:42:54 UTC 2019
auto.tcl: Setting watchdog for 200 seconds at Tue Jul 02 04:42:54 UTC 2019
662 ms. Memory: 57344K Free: 16863K (29%)
ptolemy.util.test.WatchDog.cancel(): canceling Tue Jul 02 04:42:55 UTC 2019
------------------ testing $PTII/ptolemy/domains/de/test/auto/MergeModel1Add.xml
auto.tcl: Setting watchdog for 200 seconds at Tue Jul 02 04:42:55 UTC 2019
35 ms. Memory: 51200K Free: 17025K (33%)
ptolemy.util.test.WatchDog.cancel(): canceling Tue Jul 02 04:42:55 UTC 2019
auto.tcl: Setting watchdog for 200 seconds at Tue Jul 02 04:42:55 UTC 2019
12 ms. Memory: 51200K Free: 15464K (30%)
ptolemy.util.test.WatchDog.cancel(): canceling Tue Jul 02 04:42:55 UTC 2019
------------------ testing $PTII/ptolemy/domains/de/test/auto/MergeModel2Add.xml
auto.tcl: Setting watchdog for 200 seconds at Tue Jul 02 04:42:55 UTC 2019
20 ms. Memory: 45056K Free: 13448K (30%)
ptolemy.util.test.WatchDog.cancel(): canceling Tue Jul 02 04:42:55 UTC 2019
auto.tcl: Setting watchdog for 200 seconds at Tue Jul 02 04:42:55 UTC 2019
11 ms. Memory: 45056K Free: 11638K (26%)
ptolemy.util.test.WatchDog.cancel(): canceling Tue Jul 02 04:42:55 UTC 2019
------------------ testing $PTII/ptolemy/domains/de/test/auto/MergeModel3Add.xml
auto.tcl: Setting watchdog for 200 seconds at Tue Jul 02 04:42:55 UTC 2019
10 ms. Memory: 45056K Free: 12432K (28%)
ptolemy.util.test.WatchDog.cancel(): canceling Tue Jul 02 04:42:55 UTC 2019
auto.tcl: Setting watchdog for 200 seconds at Tue Jul 02 04:42:55 UTC 2019
11 ms. Memory: 45056K Free: 11038K (24%)
ptolemy.util.test.WatchDog.cancel(): canceling Tue Jul 02 04:42:55 UTC 2019
------------------ testing $PTII/ptolemy/domains/de/test/auto/MergeWithoutDiscard.xml
auto.tcl: Setting watchdog for 200 seconds at Tue Jul 02 04:42:55 UTC 2019
2 ms. Memory: 45056K Free: 27512K (61%)
ptolemy.util.test.WatchDog.cancel(): canceling Tue Jul 02 04:42:56 UTC 2019
auto.tcl: Setting watchdog for 200 seconds at Tue Jul 02 04:42:56 UTC 2019
1 ms. Memory: 45056K Free: 27136K (60%)
ptolemy.util.test.WatchDog.cancel(): canceling Tue Jul 02 04:42:56 UTC 2019
------------------ testing $PTII/ptolemy/domains/de/test/auto/Modal1.xml
auto.tcl: Setting watchdog for 200 seconds at Tue Jul 02 04:42:56 UTC 2019
16 ms. Memory: 45056K Free: 19967K (44%)
ptolemy.util.test.WatchDog.cancel(): canceling Tue Jul 02 04:42:56 UTC 2019
auto.tcl: Setting watchdog for 200 seconds at Tue Jul 02 04:42:56 UTC 2019
18 ms. Memory: 45056K Free: 16427K (36%)
ptolemy.util.test.WatchDog.cancel(): canceling Tue Jul 02 04:42:56 UTC 2019
------------------ testing $PTII/ptolemy/domains/de/test/auto/Modal2.xml
auto.tcl: Setting watchdog for 200 seconds at Tue Jul 02 04:42:56 UTC 2019
11 ms. Memory: 45056K Free: 19557K (43%)
ptolemy.util.test.WatchDog.cancel(): canceling Tue Jul 02 04:42:56 UTC 2019
auto.tcl: Setting watchdog for 200 seconds at Tue Jul 02 04:42:56 UTC 2019
21 ms. Memory: 45056K Free: 16313K (36%)
ptolemy.util.test.WatchDog.cancel(): canceling Tue Jul 02 04:42:56 UTC 2019
------------------ testing $PTII/ptolemy/domains/de/test/auto/Modal3.xml
auto.tcl: Setting watchdog for 200 seconds at Tue Jul 02 04:42:56 UTC 2019
10 ms. Memory: 45056K Free: 19281K (43%)
ptolemy.util.test.WatchDog.cancel(): canceling Tue Jul 02 04:42:56 UTC 2019
auto.tcl: Setting watchdog for 200 seconds at Tue Jul 02 04:42:56 UTC 2019
11 ms. Memory: 45056K Free: 16334K (36%)
ptolemy.util.test.WatchDog.cancel(): canceling Tue Jul 02 04:42:56 UTC 2019
------------------ testing $PTII/ptolemy/domains/de/test/auto/Modal4.xml
auto.tcl: Setting watchdog for 200 seconds at Tue Jul 02 04:42:56 UTC 2019
25 ms. Memory: 45056K Free: 18509K (41%)
ptolemy.util.test.WatchDog.cancel(): canceling Tue Jul 02 04:42:56 UTC 2019
auto.tcl: Setting watchdog for 200 seconds at Tue Jul 02 04:42:56 UTC 2019
18 ms. Memory: 45056K Free: 14660K (33%)
ptolemy.util.test.WatchDog.cancel(): canceling Tue Jul 02 04:42:56 UTC 2019
------------------ testing $PTII/ptolemy/domains/de/test/auto/Modal5.xml
auto.tcl: Setting watchdog for 200 seconds at Tue Jul 02 04:42:56 UTC 2019
13 ms. Memory: 45056K Free: 18485K (41%)
ptolemy.util.test.WatchDog.cancel(): canceling Tue Jul 02 04:42:56 UTC 2019
auto.tcl: Setting watchdog for 200 seconds at Tue Jul 02 04:42:56 UTC 2019
14 ms. Memory: 45056K Free: 14647K (33%)
ptolemy.util.test.WatchDog.cancel(): canceling Tue Jul 02 04:42:56 UTC 2019
------------------ testing $PTII/ptolemy/domains/de/test/auto/Modal6.xml
auto.tcl: Setting watchdog for 200 seconds at Tue Jul 02 04:42:56 UTC 2019
13 ms. Memory: 45056K Free: 19300K (43%)
ptolemy.util.test.WatchDog.cancel(): canceling Tue Jul 02 04:42:56 UTC 2019
auto.tcl: Setting watchdog for 200 seconds at Tue Jul 02 04:42:56 UTC 2019
16 ms. Memory: 45056K Free: 15692K (35%)
ptolemy.util.test.WatchDog.cancel(): canceling Tue Jul 02 04:42:56 UTC 2019
------------------ testing $PTII/ptolemy/domains/de/test/auto/Modal7.xml
auto.tcl: Setting watchdog for 200 seconds at Tue Jul 02 04:42:56 UTC 2019
10 ms. Memory: 45056K Free: 18259K (41%)
ptolemy.util.test.WatchDog.cancel(): canceling Tue Jul 02 04:42:56 UTC 2019
auto.tcl: Setting watchdog for 200 seconds at Tue Jul 02 04:42:56 UTC 2019
9 ms. Memory: 45056K Free: 14945K (33%)
ptolemy.util.test.WatchDog.cancel(): canceling Tue Jul 02 04:42:56 UTC 2019
------------------ testing $PTII/ptolemy/domains/de/test/auto/ModalModel.xml
auto.tcl: Setting watchdog for 200 seconds at Tue Jul 02 04:42:56 UTC 2019
208 ms. Memory: 59392K Free: 39349K (66%)
ptolemy.util.test.WatchDog.cancel(): canceling Tue Jul 02 04:42:57 UTC 2019
auto.tcl: Setting watchdog for 200 seconds at Tue Jul 02 04:42:57 UTC 2019
176 ms. Memory: 59392K Free: 34716K (58%)
ptolemy.util.test.WatchDog.cancel(): canceling Tue Jul 02 04:42:57 UTC 2019
------------------ testing $PTII/ptolemy/domains/de/test/auto/ModalSource.xml
auto.tcl: Setting watchdog for 200 seconds at Tue Jul 02 04:42:57 UTC 2019
6 ms. Memory: 48128K Free: 26392K (55%)
ptolemy.util.test.WatchDog.cancel(): canceling Tue Jul 02 04:42:57 UTC 2019
auto.tcl: Setting watchdog for 200 seconds at Tue Jul 02 04:42:57 UTC 2019
6 ms. Memory: 48128K Free: 24344K (51%)
ptolemy.util.test.WatchDog.cancel(): canceling Tue Jul 02 04:42:57 UTC 2019
------------------ testing $PTII/ptolemy/domains/de/test/auto/NonInterruptibleTimerZeroDelay.xml
auto.tcl: Setting watchdog for 200 seconds at Tue Jul 02 04:42:57 UTC 2019
4 ms. Memory: 48128K Free: 31398K (65%)
ptolemy.util.test.WatchDog.cancel(): canceling Tue Jul 02 04:42:57 UTC 2019
auto.tcl: Setting watchdog for 200 seconds at Tue Jul 02 04:42:57 UTC 2019
3 ms. Memory: 48128K Free: 30673K (64%)
ptolemy.util.test.WatchDog.cancel(): canceling Tue Jul 02 04:42:57 UTC 2019
------------------ testing $PTII/ptolemy/domains/de/test/auto/OpenQueueingNetwork.xml
auto.tcl: Setting watchdog for 200 seconds at Tue Jul 02 04:42:57 UTC 2019
3064 ms. Memory: 110592K Free: 72462K (66%)
ptolemy.util.test.WatchDog.cancel(): canceling Tue Jul 02 04:43:00 UTC 2019
auto.tcl: Setting watchdog for 200 seconds at Tue Jul 02 04:43:00 UTC 2019
2502 ms. Memory: 110592K Free: 87218K (79%)
ptolemy.util.test.WatchDog.cancel(): canceling Tue Jul 02 04:43:03 UTC 2019
------------------ testing $PTII/ptolemy/domains/de/test/auto/OpenQueuingNetwork.xml
auto.tcl: Setting watchdog for 200 seconds at Tue Jul 02 04:43:03 UTC 2019
255 ms. Memory: 66560K Free: 36175K (54%)
ptolemy.util.test.WatchDog.cancel(): canceling Tue Jul 02 04:43:03 UTC 2019
auto.tcl: Setting watchdog for 200 seconds at Tue Jul 02 04:43:03 UTC 2019
282 ms. Memory: 66560K Free: 21246K (32%)
ptolemy.util.test.WatchDog.cancel(): canceling Tue Jul 02 04:43:03 UTC 2019
------------------ testing $PTII/ptolemy/domains/de/test/auto/PeriodicSampler.xml
auto.tcl: Setting watchdog for 200 seconds at Tue Jul 02 04:43:03 UTC 2019
3 ms. Memory: 48128K Free: 30524K (63%)
ptolemy.util.test.WatchDog.cancel(): canceling Tue Jul 02 04:43:03 UTC 2019
auto.tcl: Setting watchdog for 200 seconds at Tue Jul 02 04:43:03 UTC 2019
2 ms. Memory: 48128K Free: 30029K (62%)
ptolemy.util.test.WatchDog.cancel(): canceling Tue Jul 02 04:43:03 UTC 2019
------------------ testing $PTII/ptolemy/domains/de/test/auto/PersistentIO.xml
auto.tcl: Setting watchdog for 200 seconds at Tue Jul 02 04:43:03 UTC 2019
14 ms. Memory: 48128K Free: 25433K (53%)
ptolemy.util.test.WatchDog.cancel(): canceling Tue Jul 02 04:43:04 UTC 2019
auto.tcl: Setting watchdog for 200 seconds at Tue Jul 02 04:43:04 UTC 2019
5 ms. Memory: 48128K Free: 23955K (50%)
ptolemy.util.test.WatchDog.cancel(): canceling Tue Jul 02 04:43:04 UTC 2019
------------------ testing $PTII/ptolemy/domains/de/test/auto/PortParameterResetOnInitialize.xml
auto.tcl: Setting watchdog for 200 seconds at Tue Jul 02 04:43:04 UTC 2019
8 ms. Memory: 45056K Free: 27359K (61%)
ptolemy.util.test.WatchDog.cancel(): canceling Tue Jul 02 04:43:04 UTC 2019
auto.tcl: Setting watchdog for 200 seconds at Tue Jul 02 04:43:04 UTC 2019
2 ms. Memory: 45056K Free: 26908K (60%)
ptolemy.util.test.WatchDog.cancel(): canceling Tue Jul 02 04:43:04 UTC 2019
------------------ testing $PTII/ptolemy/domains/de/test/auto/PortParameterUpdates.xml
auto.tcl: Setting watchdog for 200 seconds at Tue Jul 02 04:43:04 UTC 2019
3 ms. Memory: 45056K Free: 25724K (57%)
ptolemy.util.test.WatchDog.cancel(): canceling Tue Jul 02 04:43:04 UTC 2019
auto.tcl: Setting watchdog for 200 seconds at Tue Jul 02 04:43:04 UTC 2019
4 ms. Memory: 45056K Free: 24490K (54%)
ptolemy.util.test.WatchDog.cancel(): canceling Tue Jul 02 04:43:04 UTC 2019
------------------ testing $PTII/ptolemy/domains/de/test/auto/QueueAndServer.xml
auto.tcl: Setting watchdog for 200 seconds at Tue Jul 02 04:43:04 UTC 2019
6 ms. Memory: 45056K Free: 24125K (54%)
ptolemy.util.test.WatchDog.cancel(): canceling Tue Jul 02 04:43:04 UTC 2019
auto.tcl: Setting watchdog for 200 seconds at Tue Jul 02 04:43:04 UTC 2019
6 ms. Memory: 45056K Free: 22984K (51%)
ptolemy.util.test.WatchDog.cancel(): canceling Tue Jul 02 04:43:04 UTC 2019
------------------ testing $PTII/ptolemy/domains/de/test/auto/Records.xml
auto.tcl: Setting watchdog for 200 seconds at Tue Jul 02 04:43:04 UTC 2019
4 ms. Memory: 45056K Free: 26901K (60%)
ptolemy.util.test.WatchDog.cancel(): canceling Tue Jul 02 04:43:04 UTC 2019
auto.tcl: Setting watchdog for 200 seconds at Tue Jul 02 04:43:04 UTC 2019
2 ms. Memory: 45056K Free: 26443K (59%)
ptolemy.util.test.WatchDog.cancel(): canceling Tue Jul 02 04:43:04 UTC 2019
------------------ testing $PTII/ptolemy/domains/de/test/auto/ResetTransitionWithStartTime1.xml
auto.tcl: Setting watchdog for 200 seconds at Tue Jul 02 04:43:04 UTC 2019
7 ms. Memory: 45056K Free: 23859K (53%)
ptolemy.util.test.WatchDog.cancel(): canceling Tue Jul 02 04:43:04 UTC 2019
auto.tcl: Setting watchdog for 200 seconds at Tue Jul 02 04:43:04 UTC 2019
7 ms. Memory: 45056K Free: 21365K (47%)
ptolemy.util.test.WatchDog.cancel(): canceling Tue Jul 02 04:43:04 UTC 2019
------------------ testing $PTII/ptolemy/domains/de/test/auto/ResetTransitionWithStartTime2.xml
auto.tcl: Setting watchdog for 200 seconds at Tue Jul 02 04:43:04 UTC 2019
6 ms. Memory: 45056K Free: 23814K (53%)
ptolemy.util.test.WatchDog.cancel(): canceling Tue Jul 02 04:43:04 UTC 2019
auto.tcl: Setting watchdog for 200 seconds at Tue Jul 02 04:43:04 UTC 2019
5 ms. Memory: 45056K Free: 21734K (48%)
ptolemy.util.test.WatchDog.cancel(): canceling Tue Jul 02 04:43:04 UTC 2019
------------------ testing $PTII/ptolemy/domains/de/test/auto/ResetTransitionWithStartTime3.xml
auto.tcl: Setting watchdog for 200 seconds at Tue Jul 02 04:43:04 UTC 2019
6 ms. Memory: 45056K Free: 23813K (53%)
ptolemy.util.test.WatchDog.cancel(): canceling Tue Jul 02 04:43:04 UTC 2019
auto.tcl: Setting watchdog for 200 seconds at Tue Jul 02 04:43:04 UTC 2019
5 ms. Memory: 45056K Free: 21307K (47%)
ptolemy.util.test.WatchDog.cancel(): canceling Tue Jul 02 04:43:04 UTC 2019
------------------ testing $PTII/ptolemy/domains/de/test/auto/ResetTransitionWithStartTime4.xml
auto.tcl: Setting watchdog for 200 seconds at Tue Jul 02 04:43:04 UTC 2019
7 ms. Memory: 45056K Free: 24334K (54%)
ptolemy.util.test.WatchDog.cancel(): canceling Tue Jul 02 04:43:04 UTC 2019
auto.tcl: Setting watchdog for 200 seconds at Tue Jul 02 04:43:04 UTC 2019
3 ms. Memory: 45056K Free: 22921K (51%)
ptolemy.util.test.WatchDog.cancel(): canceling Tue Jul 02 04:43:04 UTC 2019
------------------ testing $PTII/ptolemy/domains/de/test/auto/ResettableTimer1.xml
auto.tcl: Setting watchdog for 200 seconds at Tue Jul 02 04:43:04 UTC 2019
2 ms. Memory: 45056K Free: 28145K (62%)
ptolemy.util.test.WatchDog.cancel(): canceling Tue Jul 02 04:43:04 UTC 2019
auto.tcl: Setting watchdog for 200 seconds at Tue Jul 02 04:43:04 UTC 2019
2 ms. Memory: 45056K Free: 27449K (61%)
ptolemy.util.test.WatchDog.cancel(): canceling Tue Jul 02 04:43:04 UTC 2019
------------------ testing $PTII/ptolemy/domains/de/test/auto/ResettableTimer2.xml
auto.tcl: Setting watchdog for 200 seconds at Tue Jul 02 04:43:04 UTC 2019
2 ms. Memory: 45056K Free: 28193K (63%)
ptolemy.util.test.WatchDog.cancel(): canceling Tue Jul 02 04:43:04 UTC 2019
auto.tcl: Setting watchdog for 200 seconds at Tue Jul 02 04:43:04 UTC 2019
2 ms. Memory: 45056K Free: 27488K (61%)
ptolemy.util.test.WatchDog.cancel(): canceling Tue Jul 02 04:43:04 UTC 2019
------------------ testing $PTII/ptolemy/domains/de/test/auto/ResettableTimer3.xml
auto.tcl: Setting watchdog for 200 seconds at Tue Jul 02 04:43:04 UTC 2019
2 ms. Memory: 45056K Free: 28429K (63%)
ptolemy.util.test.WatchDog.cancel(): canceling Tue Jul 02 04:43:04 UTC 2019
auto.tcl: Setting watchdog for 200 seconds at Tue Jul 02 04:43:04 UTC 2019
1 ms. Memory: 45056K Free: 27995K (62%)
ptolemy.util.test.WatchDog.cancel(): canceling Tue Jul 02 04:43:04 UTC 2019
------------------ testing $PTII/ptolemy/domains/de/test/auto/ResettableTimer4.xml
auto.tcl: Setting watchdog for 200 seconds at Tue Jul 02 04:43:04 UTC 2019
9 ms. Memory: 45056K Free: 28034K (62%)
ptolemy.util.test.WatchDog.cancel(): canceling Tue Jul 02 04:43:04 UTC 2019
auto.tcl: Setting watchdog for 200 seconds at Tue Jul 02 04:43:04 UTC 2019
2 ms. Memory: 45056K Free: 27959K (62%)
ptolemy.util.test.WatchDog.cancel(): canceling Tue Jul 02 04:43:04 UTC 2019
------------------ testing $PTII/ptolemy/domains/de/test/auto/ResettableTimer5.xml
auto.tcl: Setting watchdog for 200 seconds at Tue Jul 02 04:43:04 UTC 2019
2 ms. Memory: 45056K Free: 28010K (62%)
ptolemy.util.test.WatchDog.cancel(): canceling Tue Jul 02 04:43:04 UTC 2019
auto.tcl: Setting watchdog for 200 seconds at Tue Jul 02 04:43:04 UTC 2019
2 ms. Memory: 45056K Free: 27512K (61%)
ptolemy.util.test.WatchDog.cancel(): canceling Tue Jul 02 04:43:04 UTC 2019
------------------ testing $PTII/ptolemy/domains/de/test/auto/ResettableTimer6.xml
auto.tcl: Setting watchdog for 200 seconds at Tue Jul 02 04:43:05 UTC 2019
4 ms. Memory: 45056K Free: 27434K (61%)
ptolemy.util.test.WatchDog.cancel(): canceling Tue Jul 02 04:43:05 UTC 2019
auto.tcl: Setting watchdog for 200 seconds at Tue Jul 02 04:43:05 UTC 2019
1 ms. Memory: 45056K Free: 26990K (60%)
ptolemy.util.test.WatchDog.cancel(): canceling Tue Jul 02 04:43:05 UTC 2019
------------------ testing $PTII/ptolemy/domains/de/test/auto/ServerZeroDelay.xml
auto.tcl: Setting watchdog for 200 seconds at Tue Jul 02 04:43:05 UTC 2019
4 ms. Memory: 45056K Free: 27978K (62%)
ptolemy.util.test.WatchDog.cancel(): canceling Tue Jul 02 04:43:05 UTC 2019
auto.tcl: Setting watchdog for 200 seconds at Tue Jul 02 04:43:05 UTC 2019
3 ms. Memory: 45056K Free: 27064K (60%)
ptolemy.util.test.WatchDog.cancel(): canceling Tue Jul 02 04:43:05 UTC 2019
------------------ testing $PTII/ptolemy/domains/de/test/auto/SmartSender.xml
auto.tcl: Setting watchdog for 200 seconds at Tue Jul 02 04:43:05 UTC 2019
3002 ms. Memory: 45056K Free: 28008K (62%)
ptolemy.util.test.WatchDog.cancel(): canceling Tue Jul 02 04:43:08 UTC 2019
auto.tcl: Setting watchdog for 200 seconds at Tue Jul 02 04:43:08 UTC 2019
3002 ms. Memory: 45056K Free: 27484K (61%)
ptolemy.util.test.WatchDog.cancel(): canceling Tue Jul 02 04:43:11 UTC 2019
------------------ testing $PTII/ptolemy/domains/de/test/auto/ThreadedComposite.xml
auto.tcl: Setting watchdog for 200 seconds at Tue Jul 02 04:43:11 UTC 2019
158 ms. Memory: 45056K Free: 9554K (21%)
ptolemy.util.test.WatchDog.cancel(): canceling Tue Jul 02 04:43:11 UTC 2019
auto.tcl: Setting watchdog for 200 seconds at Tue Jul 02 04:43:11 UTC 2019
214 ms. Memory: 45056K Free: 15012K (33%)
ptolemy.util.test.WatchDog.cancel(): canceling Tue Jul 02 04:43:11 UTC 2019
------------------ testing $PTII/ptolemy/domains/de/test/auto/Time.xml
auto.tcl: Setting watchdog for 200 seconds at Tue Jul 02 04:43:11 UTC 2019
576 ms. Memory: 45056K Free: 19986K (44%)
ptolemy.util.test.WatchDog.cancel(): canceling Tue Jul 02 04:43:12 UTC 2019
auto.tcl: Setting watchdog for 200 seconds at Tue Jul 02 04:43:12 UTC 2019
495 ms. Memory: 45056K Free: 13277K (29%)
ptolemy.util.test.WatchDog.cancel(): canceling Tue Jul 02 04:43:12 UTC 2019
------------------ testing $PTII/ptolemy/domains/de/test/auto/TimeDelayZeroDelay.xml
auto.tcl: Setting watchdog for 200 seconds at Tue Jul 02 04:43:12 UTC 2019
4 ms. Memory: 45056K Free: 28394K (63%)
ptolemy.util.test.WatchDog.cancel(): canceling Tue Jul 02 04:43:12 UTC 2019
auto.tcl: Setting watchdog for 200 seconds at Tue Jul 02 04:43:12 UTC 2019
2 ms. Memory: 45056K Free: 27864K (62%)
ptolemy.util.test.WatchDog.cancel(): canceling Tue Jul 02 04:43:12 UTC 2019
------------------ testing $PTII/ptolemy/domains/de/test/auto/TimerZeroDelay.xml
auto.tcl: Setting watchdog for 200 seconds at Tue Jul 02 04:43:12 UTC 2019
3 ms. Memory: 45056K Free: 28423K (63%)
ptolemy.util.test.WatchDog.cancel(): canceling Tue Jul 02 04:43:12 UTC 2019
auto.tcl: Setting watchdog for 200 seconds at Tue Jul 02 04:43:12 UTC 2019
2 ms. Memory: 45056K Free: 27906K (62%)
ptolemy.util.test.WatchDog.cancel(): canceling Tue Jul 02 04:43:12 UTC 2019
------------------ testing $PTII/ptolemy/domains/de/test/auto/TimingParadox.xml
auto.tcl: Setting watchdog for 200 seconds at Tue Jul 02 04:43:12 UTC 2019
400 ms. Memory: 54272K Free: 38573K (71%)
ptolemy.util.test.WatchDog.cancel(): canceling Tue Jul 02 04:43:13 UTC 2019
auto.tcl: Setting watchdog for 200 seconds at Tue Jul 02 04:43:13 UTC 2019
389 ms. Memory: 54272K Free: 31883K (59%)
ptolemy.util.test.WatchDog.cancel(): canceling Tue Jul 02 04:43:13 UTC 2019
------------------ testing $PTII/ptolemy/domains/de/test/auto/TransferInputs.xml
auto.tcl: Setting watchdog for 200 seconds at Tue Jul 02 04:43:13 UTC 2019
1 ms. Memory: 51200K Free: 32518K (64%)
ptolemy.util.test.WatchDog.cancel(): canceling Tue Jul 02 04:43:13 UTC 2019
auto.tcl: Setting watchdog for 200 seconds at Tue Jul 02 04:43:13 UTC 2019
2 ms. Memory: 51200K Free: 31573K (62%)
ptolemy.util.test.WatchDog.cancel(): canceling Tue Jul 02 04:43:13 UTC 2019
------------------ testing $PTII/ptolemy/domains/de/test/auto/TransferOutputs2.xml
auto.tcl: Setting watchdog for 200 seconds at Tue Jul 02 04:43:14 UTC 2019
11 ms. Memory: 48128K Free: 26889K (56%)
ptolemy.util.test.WatchDog.cancel(): canceling Tue Jul 02 04:43:14 UTC 2019
auto.tcl: Setting watchdog for 200 seconds at Tue Jul 02 04:43:14 UTC 2019
3 ms. Memory: 48128K Free: 25447K (53%)
ptolemy.util.test.WatchDog.cancel(): canceling Tue Jul 02 04:43:14 UTC 2019
------------------ testing $PTII/ptolemy/domains/de/test/auto/Trilateration.xml
auto.tcl: Setting watchdog for 200 seconds at Tue Jul 02 04:43:14 UTC 2019
15527 ms. Memory: 566272K Free: 347599K (61%)
ptolemy.util.test.WatchDog.cancel(): canceling Tue Jul 02 04:43:30 UTC 2019
auto.tcl: Setting watchdog for 200 seconds at Tue Jul 02 04:43:30 UTC 2019
11458 ms. Memory: 566272K Free: 395922K (70%)
ptolemy.util.test.WatchDog.cancel(): canceling Tue Jul 02 04:43:42 UTC 2019
------------------ testing $PTII/ptolemy/domains/de/test/auto/TwoSigmaDelta.xml
auto.tcl: Setting watchdog for 200 seconds at Tue Jul 02 04:43:42 UTC 2019
2808 ms. Memory: 86016K Free: 19424K (23%)
ptolemy.util.test.WatchDog.cancel(): canceling Tue Jul 02 04:43:45 UTC 2019
auto.tcl: Setting watchdog for 200 seconds at Tue Jul 02 04:43:45 UTC 2019
2295 ms. Memory: 86016K Free: 58828K (68%)
ptolemy.util.test.WatchDog.cancel(): canceling Tue Jul 02 04:43:47 UTC 2019
------------------ testing $PTII/ptolemy/domains/de/test/auto/VariableDelay.xml
auto.tcl: Setting watchdog for 200 seconds at Tue Jul 02 04:43:47 UTC 2019
2 ms. Memory: 48128K Free: 29936K (62%)
ptolemy.util.test.WatchDog.cancel(): canceling Tue Jul 02 04:43:47 UTC 2019
auto.tcl: Setting watchdog for 200 seconds at Tue Jul 02 04:43:47 UTC 2019
2 ms. Memory: 48128K Free: 28940K (60%)
ptolemy.util.test.WatchDog.cancel(): canceling Tue Jul 02 04:43:47 UTC 2019
------------------ testing $PTII/ptolemy/domains/de/test/auto/VariableDelay2.xml
auto.tcl: Setting watchdog for 200 seconds at Tue Jul 02 04:43:47 UTC 2019
10 ms. Memory: 48128K Free: 30350K (63%)
ptolemy.util.test.WatchDog.cancel(): canceling Tue Jul 02 04:43:47 UTC 2019
auto.tcl: Setting watchdog for 200 seconds at Tue Jul 02 04:43:47 UTC 2019
2 ms. Memory: 48128K Free: 29865K (62%)
ptolemy.util.test.WatchDog.cancel(): canceling Tue Jul 02 04:43:47 UTC 2019
------------------ testing $PTII/ptolemy/domains/de/test/auto/VariableDelayZeroDelay.xml
auto.tcl: Setting watchdog for 200 seconds at Tue Jul 02 04:43:47 UTC 2019
2 ms. Memory: 48128K Free: 30936K (64%)
ptolemy.util.test.WatchDog.cancel(): canceling Tue Jul 02 04:43:47 UTC 2019
auto.tcl: Setting watchdog for 200 seconds at Tue Jul 02 04:43:47 UTC 2019
2 ms. Memory: 48128K Free: 30346K (63%)
ptolemy.util.test.WatchDog.cancel(): canceling Tue Jul 02 04:43:47 UTC 2019
------------------ testing $PTII/ptolemy/domains/de/test/auto/VariableDelayZeroDelay2.xml
auto.tcl: Setting watchdog for 200 seconds at Tue Jul 02 04:43:47 UTC 2019
3 ms. Memory: 48128K Free: 30952K (64%)
ptolemy.util.test.WatchDog.cancel(): canceling Tue Jul 02 04:43:47 UTC 2019
auto.tcl: Setting watchdog for 200 seconds at Tue Jul 02 04:43:47 UTC 2019
2 ms. Memory: 48128K Free: 29861K (62%)
ptolemy.util.test.WatchDog.cancel(): canceling Tue Jul 02 04:43:47 UTC 2019
------------------ testing $PTII/ptolemy/domains/de/test/auto/deInCt.xml
auto.tcl: Setting watchdog for 200 seconds at Tue Jul 02 04:43:47 UTC 2019
0
1
1
1
0
0
0
0
1
1
1
0
0
0
1
1
1
1
0
0
0
1
1
1
1
0
0
0
1
1
1
1
1
0
0
0
0
12 ms. Memory: 48128K Free: 29835K (62%)
ptolemy.util.test.WatchDog.cancel(): canceling Tue Jul 02 04:43:47 UTC 2019
auto.tcl: Setting watchdog for 200 seconds at Tue Jul 02 04:43:47 UTC 2019
0
1
1
1
0
0
0
1
1
1
1
1
0
0
1
1
1
0
0
0
0
0
0
1
1
1
0
0
0
1
1
1
1
7 ms. Memory: 48128K Free: 28325K (59%)
ptolemy.util.test.WatchDog.cancel(): canceling Tue Jul 02 04:43:47 UTC 2019
------------------ testing $PTII/ptolemy/domains/de/test/auto/deInCt2.xml
auto.tcl: Setting watchdog for 200 seconds at Tue Jul 02 04:43:47 UTC 2019
0
1
1
1
0
0
1
1
1
0
0
1
1
1
0
0
1
1
1
0
0
1
1
1
0
0
1
1
1
0
0
1
1
1
0
0
1
1
1
0
0
0
9 ms. Memory: 48128K Free: 29837K (62%)
ptolemy.util.test.WatchDog.cancel(): canceling Tue Jul 02 04:43:47 UTC 2019
auto.tcl: Setting watchdog for 200 seconds at Tue Jul 02 04:43:47 UTC 2019
0
1
1
1
0
0
1
1
1
0
0
1
1
1
0
0
1
1
1
0
0
1
1
1
0
0
1
1
1
0
0
1
1
1
0
0
1
1
1
0
0
0
8 ms. Memory: 48128K Free: 28327K (59%)
ptolemy.util.test.WatchDog.cancel(): canceling Tue Jul 02 04:43:47 UTC 2019
------------------ testing $PTII/ptolemy/domains/de/test/auto/dynamicCausalityInterface1.xml
auto.tcl: Setting watchdog for 200 seconds at Tue Jul 02 04:43:48 UTC 2019
1 ms. Memory: 45056K Free: 22111K (49%)
ptolemy.util.test.WatchDog.cancel(): canceling Tue Jul 02 04:43:48 UTC 2019
auto.tcl: Setting watchdog for 200 seconds at Tue Jul 02 04:43:48 UTC 2019
1 ms. Memory: 45056K Free: 21647K (48%)
ptolemy.util.test.WatchDog.cancel(): canceling Tue Jul 02 04:43:48 UTC 2019
------------------ testing $PTII/ptolemy/domains/de/test/auto/fsm_de_test.xml
auto.tcl: Setting watchdog for 200 seconds at Tue Jul 02 04:43:48 UTC 2019
7 ms. Memory: 45056K Free: 22585K (50%)
ptolemy.util.test.WatchDog.cancel(): canceling Tue Jul 02 04:43:48 UTC 2019
auto.tcl: Setting watchdog for 200 seconds at Tue Jul 02 04:43:48 UTC 2019
6 ms. Memory: 45056K Free: 20514K (46%)
ptolemy.util.test.WatchDog.cancel(): canceling Tue Jul 02 04:43:48 UTC 2019
------------------ testing $PTII/ptolemy/domains/de/test/auto/functionDependencyReconstruction.xml
auto.tcl: Setting watchdog for 200 seconds at Tue Jul 02 04:43:48 UTC 2019
7 ms. Memory: 45056K Free: 16630K (37%)
ptolemy.util.test.WatchDog.cancel(): canceling Tue Jul 02 04:43:48 UTC 2019
auto.tcl: Setting watchdog for 200 seconds at Tue Jul 02 04:43:48 UTC 2019
3 ms. Memory: 45056K Free: 14521K (32%)
ptolemy.util.test.WatchDog.cancel(): canceling Tue Jul 02 04:43:48 UTC 2019
------------------ testing $PTII/ptolemy/domains/de/test/auto/multirate.xml
auto.tcl: Setting watchdog for 200 seconds at Tue Jul 02 04:43:48 UTC 2019
4 ms. Memory: 45056K Free: 25243K (56%)
ptolemy.util.test.WatchDog.cancel(): canceling Tue Jul 02 04:43:48 UTC 2019
auto.tcl: Setting watchdog for 200 seconds at Tue Jul 02 04:43:48 UTC 2019
2 ms. Memory: 45056K Free: 23596K (52%)
ptolemy.util.test.WatchDog.cancel(): canceling Tue Jul 02 04:43:48 UTC 2019
------------------ testing $PTII/ptolemy/domains/de/test/auto/multirate2.xml
auto.tcl: Setting watchdog for 200 seconds at Tue Jul 02 04:43:48 UTC 2019
6 ms. Memory: 45056K Free: 25409K (56%)
ptolemy.util.test.WatchDog.cancel(): canceling Tue Jul 02 04:43:48 UTC 2019
auto.tcl: Setting watchdog for 200 seconds at Tue Jul 02 04:43:48 UTC 2019
2 ms. Memory: 45056K Free: 23808K (53%)
ptolemy.util.test.WatchDog.cancel(): canceling Tue Jul 02 04:43:48 UTC 2019
------------------ testing $PTII/ptolemy/domains/de/test/auto/realtime.xml
auto.tcl: Setting watchdog for 200 seconds at Tue Jul 02 04:43:48 UTC 2019
10001 ms. Memory: 45056K Free: 27471K (61%)
ptolemy.util.test.WatchDog.cancel(): canceling Tue Jul 02 04:43:58 UTC 2019
auto.tcl: Setting watchdog for 200 seconds at Tue Jul 02 04:43:58 UTC 2019
10003 ms. Memory: 45056K Free: 26709K (59%)
ptolemy.util.test.WatchDog.cancel(): canceling Tue Jul 02 04:44:08 UTC 2019
------------------ testing $PTII/ptolemy/domains/de/test/auto/relationGroup.xml
auto.tcl: Setting watchdog for 200 seconds at Tue Jul 02 04:44:08 UTC 2019
1 ms. Memory: 45056K Free: 28497K (63%)
ptolemy.util.test.WatchDog.cancel(): canceling Tue Jul 02 04:44:08 UTC 2019
auto.tcl: Setting watchdog for 200 seconds at Tue Jul 02 04:44:08 UTC 2019
1 ms. Memory: 45056K Free: 27759K (62%)
ptolemy.util.test.WatchDog.cancel(): canceling Tue Jul 02 04:44:08 UTC 2019
------------------ testing $PTII/ptolemy/domains/de/test/auto/relationGroup2.xml
auto.tcl: Setting watchdog for 200 seconds at Tue Jul 02 04:44:08 UTC 2019
2 ms. Memory: 45056K Free: 28515K (63%)
ptolemy.util.test.WatchDog.cancel(): canceling Tue Jul 02 04:44:08 UTC 2019
auto.tcl: Setting watchdog for 200 seconds at Tue Jul 02 04:44:08 UTC 2019
2 ms. Memory: 45056K Free: 27785K (62%)
ptolemy.util.test.WatchDog.cancel(): canceling Tue Jul 02 04:44:08 UTC 2019
------------------ testing $PTII/ptolemy/domains/de/test/auto/sortWithOpaquePorts.xml
auto.tcl: Setting watchdog for 200 seconds at Tue Jul 02 04:44:08 UTC 2019
2 ms. Memory: 45056K Free: 27301K (61%)
ptolemy.util.test.WatchDog.cancel(): canceling Tue Jul 02 04:44:08 UTC 2019
auto.tcl: Setting watchdog for 200 seconds at Tue Jul 02 04:44:08 UTC 2019
2 ms. Memory: 45056K Free: 26334K (58%)
ptolemy.util.test.WatchDog.cancel(): canceling Tue Jul 02 04:44:08 UTC 2019
------------------ testing $PTII/ptolemy/domains/de/test/auto/transferInputsandOutputs.xml
auto.tcl: Setting watchdog for 200 seconds at Tue Jul 02 04:44:08 UTC 2019
2 ms. Memory: 45056K Free: 24732K (55%)
ptolemy.util.test.WatchDog.cancel(): canceling Tue Jul 02 04:44:08 UTC 2019
auto.tcl: Setting watchdog for 200 seconds at Tue Jul 02 04:44:08 UTC 2019
3 ms. Memory: 45056K Free: 23780K (53%)
ptolemy.util.test.WatchDog.cancel(): canceling Tue Jul 02 04:44:08 UTC 2019
------------------ testing $PTII/ptolemy/domains/de/test/auto/triggerType.xml
auto.tcl: Setting watchdog for 200 seconds at Tue Jul 02 04:44:08 UTC 2019
1 ms. Memory: 45056K Free: 27758K (62%)
ptolemy.util.test.WatchDog.cancel(): canceling Tue Jul 02 04:44:08 UTC 2019
auto.tcl: Setting watchdog for 200 seconds at Tue Jul 02 04:44:08 UTC 2019
2 ms. Memory: 45056K Free: 26835K (60%)
ptolemy.util.test.WatchDog.cancel(): canceling Tue Jul 02 04:44:08 UTC 2019
07/02/19 04:44:08
Failed: 0  Total Tests: 192  ((Passed: 187, Newly Passed: 1)  Known Failed: 5) /home/travis/build/icyphy/ptII/ptolemy/domains/de/test
07/02/19 04:44:08
Failed: 0  Total Tests: 192  ((Passed: 187, Newly Passed: 1)  Known Failed: 5) /home/travis/build/icyphy/ptII/ptolemy/domains/de/test
----------------- testing (KnownFailure) /home/travis/build/icyphy/ptII/ptolemy/domains/de/test/auto/knownFailedTests/DESDFClockTest.xml
2020 ms. Memory: 45056K Free: 21173K (47%)
Known Failure: java.lang.reflect.InvocationTargetException
----------------- testing (KnownFailure) /home/travis/build/icyphy/ptII/ptolemy/domains/de/test/auto/knownFailedTests/DirectFeedback.xml
1 ms. Memory: 45056K Free: 18080K (40%)
Known Failure: java.lang.reflect.InvocationTargetException
----------------- testing (KnownFailure) /home/travis/build/icyphy/ptII/ptolemy/domains/de/test/auto/knownFailedTests/FSMSource.xml
6 ms. Memory: 45056K Free: 10933K (24%)
----------------- testing (KnownFailure) /home/travis/build/icyphy/ptII/ptolemy/domains/de/test/auto/knownFailedTests/HierarchicalModel.xml
3 ms. Memory: 45056K Free: 19143K (42%)
Known Failure: java.lang.reflect.InvocationTargetException
----------------- testing (KnownFailure) /home/travis/build/icyphy/ptII/ptolemy/domains/de/test/auto/knownFailedTests/dependencyLoop.xml
2 ms. Memory: 45056K Free: 28098K (62%)
Known Failure: java.lang.reflect.InvocationTargetException
----------------- testing (KnownFailure) /home/travis/build/icyphy/ptII/ptolemy/domains/de/test/auto/knownFailedTests/dependencyLoop2.xml
7 ms. Memory: 45056K Free: 13297K (30%)
Known Failure: java.lang.reflect.InvocationTargetException
No auto/linux-amd64/*.xml tests in /home/travis/build/icyphy/ptII/ptolemy/domains/de/test
AutoTests.java: About to close Vertx.
AutoTests.java: Vertx closed.

===========================================================================================
----------------- testing Tue Jul 02 04:44:11 UTC 2019 /home/travis/build/icyphy/ptII/ptolemy/domains/de/test/auto/ActorDepthCalculation_actorWithoutPorts.xml
----------------- Instantiating /home/travis/build/icyphy/ptII/ptolemy/domains/de/test/auto/ActorDepthCalculation_actorWithoutPorts.xml
8 ms. Memory: 45056K Free: 30914K (69%)
----------------- Invoking toplevel() on ptolemy.moml.MoMLSimpleApplication@549f288a
----------------- Done invoking toplevel() on ptolemy.moml.MoMLSimpleApplication@549f288a
reloadAllAccessors: .ActorDepthCalculation_actorWithoutPorts

===========================================================================================
----------------- testing Tue Jul 02 04:44:11 UTC 2019 /home/travis/build/icyphy/ptII/ptolemy/domains/de/test/auto/AssemblyLine.xml
----------------- Instantiating /home/travis/build/icyphy/ptII/ptolemy/domains/de/test/auto/AssemblyLine.xml
2 ms. Memory: 45056K Free: 23808K (53%)
----------------- Invoking toplevel() on ptolemy.moml.MoMLSimpleApplication@5b80f303
----------------- Done invoking toplevel() on ptolemy.moml.MoMLSimpleApplication@5b80f303
reloadAllAccessors: .AssemblyLine

===========================================================================================
----------------- testing Tue Jul 02 04:44:11 UTC 2019 /home/travis/build/icyphy/ptII/ptolemy/domains/de/test/auto/CQBug1.xml
----------------- Instantiating /home/travis/build/icyphy/ptII/ptolemy/domains/de/test/auto/CQBug1.xml
1 ms. Memory: 45056K Free: 20739K (46%)
----------------- Invoking toplevel() on ptolemy.moml.MoMLSimpleApplication@2e5ab5e7
----------------- Done invoking toplevel() on ptolemy.moml.MoMLSimpleApplication@2e5ab5e7
reloadAllAccessors: .CQBug1

===========================================================================================
----------------- testing Tue Jul 02 04:44:11 UTC 2019 /home/travis/build/icyphy/ptII/ptolemy/domains/de/test/auto/CancelFireAt.xml
----------------- Instantiating /home/travis/build/icyphy/ptII/ptolemy/domains/de/test/auto/CancelFireAt.xml
1 ms. Memory: 45056K Free: 18469K (41%)
----------------- Invoking toplevel() on ptolemy.moml.MoMLSimpleApplication@6a2fe194
----------------- Done invoking toplevel() on ptolemy.moml.MoMLSimpleApplication@6a2fe194
reloadAllAccessors: .CancelFireAt

===========================================================================================
----------------- testing Tue Jul 02 04:44:11 UTC 2019 /home/travis/build/icyphy/ptII/ptolemy/domains/de/test/auto/CausalityAndComposabilityAnalysis.xml
----------------- Instantiating /home/travis/build/icyphy/ptII/ptolemy/domains/de/test/auto/CausalityAndComposabilityAnalysis.xml
9 ms. Memory: 45056K Free: 14310K (32%)
----------------- Invoking toplevel() on ptolemy.moml.MoMLSimpleApplication@440eabb6
----------------- Done invoking toplevel() on ptolemy.moml.MoMLSimpleApplication@440eabb6
reloadAllAccessors: .CausalityAndComposabilityAnalysis

===========================================================================================
----------------- testing Tue Jul 02 04:44:11 UTC 2019 /home/travis/build/icyphy/ptII/ptolemy/domains/de/test/auto/CausalityInterface1.xml
----------------- Instantiating /home/travis/build/icyphy/ptII/ptolemy/domains/de/test/auto/CausalityInterface1.xml
5 ms. Memory: 45056K Free: 9482K (21%)
----------------- Invoking toplevel() on ptolemy.moml.MoMLSimpleApplication@50190985
----------------- Done invoking toplevel() on ptolemy.moml.MoMLSimpleApplication@50190985
reloadAllAccessors: .CausalityInterface1

===========================================================================================
----------------- testing Tue Jul 02 04:44:11 UTC 2019 /home/travis/build/icyphy/ptII/ptolemy/domains/de/test/auto/CausalityInterface15.xml
----------------- Instantiating /home/travis/build/icyphy/ptII/ptolemy/domains/de/test/auto/CausalityInterface15.xml
2 ms. Memory: 45056K Free: 27721K (62%)
----------------- Invoking toplevel() on ptolemy.moml.MoMLSimpleApplication@43cc0fa3
----------------- Done invoking toplevel() on ptolemy.moml.MoMLSimpleApplication@43cc0fa3
reloadAllAccessors: .CausalityInterface15

===========================================================================================
----------------- testing Tue Jul 02 04:44:11 UTC 2019 /home/travis/build/icyphy/ptII/ptolemy/domains/de/test/auto/CausalityInterface2.xml
----------------- Instantiating /home/travis/build/icyphy/ptII/ptolemy/domains/de/test/auto/CausalityInterface2.xml
2 ms. Memory: 45056K Free: 23207K (52%)
----------------- Invoking toplevel() on ptolemy.moml.MoMLSimpleApplication@4e2bd162
----------------- Done invoking toplevel() on ptolemy.moml.MoMLSimpleApplication@4e2bd162
reloadAllAccessors: .CausalityInterface2

===========================================================================================
----------------- testing Tue Jul 02 04:44:11 UTC 2019 /home/travis/build/icyphy/ptII/ptolemy/domains/de/test/auto/CausalityInterface3.xml
----------------- Instantiating /home/travis/build/icyphy/ptII/ptolemy/domains/de/test/auto/CausalityInterface3.xml
1 ms. Memory: 45056K Free: 18389K (41%)
----------------- Invoking toplevel() on ptolemy.moml.MoMLSimpleApplication@77ae472b
----------------- Done invoking toplevel() on ptolemy.moml.MoMLSimpleApplication@77ae472b
reloadAllAccessors: .CausalityInterface3

===========================================================================================
----------------- testing Tue Jul 02 04:44:11 UTC 2019 /home/travis/build/icyphy/ptII/ptolemy/domains/de/test/auto/ClockDrift.xml
----------------- Instantiating /home/travis/build/icyphy/ptII/ptolemy/domains/de/test/auto/ClockDrift.xml
24 ms. Memory: 45056K Free: 30051K (67%)
----------------- Invoking toplevel() on ptolemy.moml.MoMLSimpleApplication@66ee9834
----------------- Done invoking toplevel() on ptolemy.moml.MoMLSimpleApplication@66ee9834
reloadAllAccessors: .ClockDrift

===========================================================================================
----------------- testing Tue Jul 02 04:44:11 UTC 2019 /home/travis/build/icyphy/ptII/ptolemy/domains/de/test/auto/ClockDriftAndValueChange.xml
----------------- Instantiating /home/travis/build/icyphy/ptII/ptolemy/domains/de/test/auto/ClockDriftAndValueChange.xml
12 ms. Memory: 45056K Free: 18323K (41%)
----------------- Invoking toplevel() on ptolemy.moml.MoMLSimpleApplication@37fa9faf
----------------- Done invoking toplevel() on ptolemy.moml.MoMLSimpleApplication@37fa9faf
reloadAllAccessors: .ClockDriftAndValueChange

===========================================================================================
----------------- testing Tue Jul 02 04:44:11 UTC 2019 /home/travis/build/icyphy/ptII/ptolemy/domains/de/test/auto/ClockDriftChange.xml
----------------- Instantiating /home/travis/build/icyphy/ptII/ptolemy/domains/de/test/auto/ClockDriftChange.xml
18 ms. Memory: 45056K Free: 31073K (69%)
----------------- Invoking toplevel() on ptolemy.moml.MoMLSimpleApplication@65911f42
----------------- Done invoking toplevel() on ptolemy.moml.MoMLSimpleApplication@65911f42
reloadAllAccessors: .ClockDriftChange

===========================================================================================
----------------- testing Tue Jul 02 04:44:11 UTC 2019 /home/travis/build/icyphy/ptII/ptolemy/domains/de/test/auto/ComposableCausalityAnalysis.xml
----------------- Instantiating /home/travis/build/icyphy/ptII/ptolemy/domains/de/test/auto/ComposableCausalityAnalysis.xml
1 ms. Memory: 45056K Free: 25218K (56%)
----------------- Invoking toplevel() on ptolemy.moml.MoMLSimpleApplication@4d227bd
----------------- Done invoking toplevel() on ptolemy.moml.MoMLSimpleApplication@4d227bd
reloadAllAccessors: .ComposableCausalityAnalysis

===========================================================================================
----------------- testing Tue Jul 02 04:44:11 UTC 2019 /home/travis/build/icyphy/ptII/ptolemy/domains/de/test/auto/DEFixedPointLimitation.xml
----------------- Instantiating /home/travis/build/icyphy/ptII/ptolemy/domains/de/test/auto/DEFixedPointLimitation.xml
0 ms. Memory: 45056K Free: 20709K (46%)
----------------- Invoking toplevel() on ptolemy.moml.MoMLSimpleApplication@39ff11d2
----------------- Done invoking toplevel() on ptolemy.moml.MoMLSimpleApplication@39ff11d2
reloadAllAccessors: .DEFixedPointLimitation

===========================================================================================
----------------- testing Tue Jul 02 04:44:11 UTC 2019 /home/travis/build/icyphy/ptII/ptolemy/domains/de/test/auto/DEScheduleTest.xml
----------------- Instantiating /home/travis/build/icyphy/ptII/ptolemy/domains/de/test/auto/DEScheduleTest.xml
2 ms. Memory: 45056K Free: 16471K (37%)
----------------- Invoking toplevel() on ptolemy.moml.MoMLSimpleApplication@3157947e
----------------- Done invoking toplevel() on ptolemy.moml.MoMLSimpleApplication@3157947e
reloadAllAccessors: .DEScheduleTest

===========================================================================================
----------------- testing Tue Jul 02 04:44:11 UTC 2019 /home/travis/build/icyphy/ptII/ptolemy/domains/de/test/auto/DEinDEwithStartTimes.xml
----------------- Instantiating /home/travis/build/icyphy/ptII/ptolemy/domains/de/test/auto/DEinDEwithStartTimes.xml
2 ms. Memory: 45056K Free: 10722K (24%)
----------------- Invoking toplevel() on ptolemy.moml.MoMLSimpleApplication@26e3b15
----------------- Done invoking toplevel() on ptolemy.moml.MoMLSimpleApplication@26e3b15
reloadAllAccessors: .DEinDEwithStartTimes

===========================================================================================
----------------- testing Tue Jul 02 04:44:11 UTC 2019 /home/travis/build/icyphy/ptII/ptolemy/domains/de/test/auto/DEinDEwithStartTimes2.xml
----------------- Instantiating /home/travis/build/icyphy/ptII/ptolemy/domains/de/test/auto/DEinDEwithStartTimes2.xml
2 ms. Memory: 45056K Free: 26615K (59%)
----------------- Invoking toplevel() on ptolemy.moml.MoMLSimpleApplication@5743924b
----------------- Done invoking toplevel() on ptolemy.moml.MoMLSimpleApplication@5743924b
reloadAllAccessors: .DEinDEwithStartTimes2

===========================================================================================
----------------- testing Tue Jul 02 04:44:11 UTC 2019 /home/travis/build/icyphy/ptII/ptolemy/domains/de/test/auto/DateDemo.xml
----------------- Instantiating /home/travis/build/icyphy/ptII/ptolemy/domains/de/test/auto/DateDemo.xml
8 ms. Memory: 45056K Free: 15549K (35%)
----------------- Invoking toplevel() on ptolemy.moml.MoMLSimpleApplication@188be80a
----------------- Done invoking toplevel() on ptolemy.moml.MoMLSimpleApplication@188be80a
reloadAllAccessors: .DateDemo

===========================================================================================
----------------- testing Tue Jul 02 04:44:11 UTC 2019 /home/travis/build/icyphy/ptII/ptolemy/domains/de/test/auto/DateToEvent.xml
----------------- Instantiating /home/travis/build/icyphy/ptII/ptolemy/domains/de/test/auto/DateToEvent.xml
2003 ms. Memory: 45056K Free: 22480K (50%)
----------------- Invoking toplevel() on ptolemy.moml.MoMLSimpleApplication@1537e5eb
----------------- Done invoking toplevel() on ptolemy.moml.MoMLSimpleApplication@1537e5eb
reloadAllAccessors: .DateToEvent

===========================================================================================
----------------- testing Tue Jul 02 04:44:13 UTC 2019 /home/travis/build/icyphy/ptII/ptolemy/domains/de/test/auto/DepthTest1.xml
----------------- Instantiating /home/travis/build/icyphy/ptII/ptolemy/domains/de/test/auto/DepthTest1.xml
2 ms. Memory: 45056K Free: 19860K (44%)
----------------- Invoking toplevel() on ptolemy.moml.MoMLSimpleApplication@c771956
----------------- Done invoking toplevel() on ptolemy.moml.MoMLSimpleApplication@c771956
reloadAllAccessors: .DepthTest1

===========================================================================================
----------------- testing Tue Jul 02 04:44:13 UTC 2019 /home/travis/build/icyphy/ptII/ptolemy/domains/de/test/auto/DepthTest2.xml
----------------- Instantiating /home/travis/build/icyphy/ptII/ptolemy/domains/de/test/auto/DepthTest2.xml
2 ms. Memory: 45056K Free: 13564K (30%)
----------------- Invoking toplevel() on ptolemy.moml.MoMLSimpleApplication@bc28bf6
----------------- Done invoking toplevel() on ptolemy.moml.MoMLSimpleApplication@bc28bf6
reloadAllAccessors: .DepthTest2

===========================================================================================
----------------- testing Tue Jul 02 04:44:13 UTC 2019 /home/travis/build/icyphy/ptII/ptolemy/domains/de/test/auto/DepthTest3.xml
----------------- Instantiating /home/travis/build/icyphy/ptII/ptolemy/domains/de/test/auto/DepthTest3.xml
1 ms. Memory: 45056K Free: 10644K (24%)
----------------- Invoking toplevel() on ptolemy.moml.MoMLSimpleApplication@1ef89ab6
----------------- Done invoking toplevel() on ptolemy.moml.MoMLSimpleApplication@1ef89ab6
reloadAllAccessors: .DepthTest3

===========================================================================================
----------------- testing Tue Jul 02 04:44:13 UTC 2019 /home/travis/build/icyphy/ptII/ptolemy/domains/de/test/auto/DepthTest4.xml
----------------- Instantiating /home/travis/build/icyphy/ptII/ptolemy/domains/de/test/auto/DepthTest4.xml
1 ms. Memory: 45056K Free: 28675K (64%)
----------------- Invoking toplevel() on ptolemy.moml.MoMLSimpleApplication@3317f892
----------------- Done invoking toplevel() on ptolemy.moml.MoMLSimpleApplication@3317f892
reloadAllAccessors: .DepthTest4

===========================================================================================
----------------- testing Tue Jul 02 04:44:13 UTC 2019 /home/travis/build/icyphy/ptII/ptolemy/domains/de/test/auto/DepthTest5.xml
----------------- Instantiating /home/travis/build/icyphy/ptII/ptolemy/domains/de/test/auto/DepthTest5.xml
2 ms. Memory: 45056K Free: 23561K (52%)
----------------- Invoking toplevel() on ptolemy.moml.MoMLSimpleApplication@4da90d39
----------------- Done invoking toplevel() on ptolemy.moml.MoMLSimpleApplication@4da90d39
reloadAllAccessors: .DepthTest5

===========================================================================================
----------------- testing Tue Jul 02 04:44:13 UTC 2019 /home/travis/build/icyphy/ptII/ptolemy/domains/de/test/auto/DepthTest6.xml
----------------- Instantiating /home/travis/build/icyphy/ptII/ptolemy/domains/de/test/auto/DepthTest6.xml
4 ms. Memory: 45056K Free: 18253K (41%)
----------------- Invoking toplevel() on ptolemy.moml.MoMLSimpleApplication@217d93c4
----------------- Done invoking toplevel() on ptolemy.moml.MoMLSimpleApplication@217d93c4
reloadAllAccessors: .DepthTest6

===========================================================================================
----------------- testing Tue Jul 02 04:44:13 UTC 2019 /home/travis/build/icyphy/ptII/ptolemy/domains/de/test/auto/DepthTest7.xml
----------------- Instantiating /home/travis/build/icyphy/ptII/ptolemy/domains/de/test/auto/DepthTest7.xml
3 ms. Memory: 45056K Free: 13339K (30%)
----------------- Invoking toplevel() on ptolemy.moml.MoMLSimpleApplication@7f116271
----------------- Done invoking toplevel() on ptolemy.moml.MoMLSimpleApplication@7f116271
reloadAllAccessors: .DepthTest7

===========================================================================================
----------------- testing Tue Jul 02 04:44:13 UTC 2019 /home/travis/build/icyphy/ptII/ptolemy/domains/de/test/auto/EventToDate.xml
----------------- Instantiating /home/travis/build/icyphy/ptII/ptolemy/domains/de/test/auto/EventToDate.xml
3004 ms. Memory: 45056K Free: 22293K (49%)
----------------- Invoking toplevel() on ptolemy.moml.MoMLSimpleApplication@51d998d2
----------------- Done invoking toplevel() on ptolemy.moml.MoMLSimpleApplication@51d998d2
reloadAllAccessors: .EventToDate

===========================================================================================
----------------- testing Tue Jul 02 04:44:16 UTC 2019 /home/travis/build/icyphy/ptII/ptolemy/domains/de/test/auto/FSM1.xml
----------------- Instantiating /home/travis/build/icyphy/ptII/ptolemy/domains/de/test/auto/FSM1.xml
16 ms. Memory: 45056K Free: 10288K (23%)
----------------- Invoking toplevel() on ptolemy.moml.MoMLSimpleApplication@148dc2bd
----------------- Done invoking toplevel() on ptolemy.moml.MoMLSimpleApplication@148dc2bd
reloadAllAccessors: .FSM1

===========================================================================================
----------------- testing Tue Jul 02 04:44:16 UTC 2019 /home/travis/build/icyphy/ptII/ptolemy/domains/de/test/auto/FSM7.xml
----------------- Instantiating /home/travis/build/icyphy/ptII/ptolemy/domains/de/test/auto/FSM7.xml
24 ms. Memory: 45056K Free: 20722K (46%)
----------------- Invoking toplevel() on ptolemy.moml.MoMLSimpleApplication@1205d83d
----------------- Done invoking toplevel() on ptolemy.moml.MoMLSimpleApplication@1205d83d
reloadAllAccessors: .FSM7

===========================================================================================
----------------- testing Tue Jul 02 04:44:16 UTC 2019 /home/travis/build/icyphy/ptII/ptolemy/domains/de/test/auto/Inspection.xml
----------------- Instantiating /home/travis/build/icyphy/ptII/ptolemy/domains/de/test/auto/Inspection.xml
16 ms. Memory: 45056K Free: 31080K (69%)
----------------- Invoking toplevel() on ptolemy.moml.MoMLSimpleApplication@22b6096a
----------------- Done invoking toplevel() on ptolemy.moml.MoMLSimpleApplication@22b6096a
reloadAllAccessors: .Inspection

===========================================================================================
----------------- testing Tue Jul 02 04:44:17 UTC 2019 /home/travis/build/icyphy/ptII/ptolemy/domains/de/test/auto/Iteration.xml
----------------- Instantiating /home/travis/build/icyphy/ptII/ptolemy/domains/de/test/auto/Iteration.xml
8 ms. Memory: 45056K Free: 24094K (53%)
----------------- Invoking toplevel() on ptolemy.moml.MoMLSimpleApplication@15387a90
----------------- Done invoking toplevel() on ptolemy.moml.MoMLSimpleApplication@15387a90
reloadAllAccessors: .Iteration

===========================================================================================
----------------- testing Tue Jul 02 04:44:17 UTC 2019 /home/travis/build/icyphy/ptII/ptolemy/domains/de/test/auto/LineFault.xml
----------------- Instantiating /home/travis/build/icyphy/ptII/ptolemy/domains/de/test/auto/LineFault.xml
509 ms. Memory: 45056K Free: 17023K (38%)
----------------- Invoking toplevel() on ptolemy.moml.MoMLSimpleApplication@7725cd09
----------------- Done invoking toplevel() on ptolemy.moml.MoMLSimpleApplication@7725cd09
reloadAllAccessors: .LineFault

===========================================================================================
----------------- testing Tue Jul 02 04:44:17 UTC 2019 /home/travis/build/icyphy/ptII/ptolemy/domains/de/test/auto/MergeModel1Add.xml
----------------- Instantiating /home/travis/build/icyphy/ptII/ptolemy/domains/de/test/auto/MergeModel1Add.xml
6 ms. Memory: 45056K Free: 17295K (38%)
----------------- Invoking toplevel() on ptolemy.moml.MoMLSimpleApplication@5b20e2a1
----------------- Done invoking toplevel() on ptolemy.moml.MoMLSimpleApplication@5b20e2a1
reloadAllAccessors: .MergeModel1Add

===========================================================================================
----------------- testing Tue Jul 02 04:44:17 UTC 2019 /home/travis/build/icyphy/ptII/ptolemy/domains/de/test/auto/MergeModel2Add.xml
----------------- Instantiating /home/travis/build/icyphy/ptII/ptolemy/domains/de/test/auto/MergeModel2Add.xml
6 ms. Memory: 45056K Free: 18004K (40%)
----------------- Invoking toplevel() on ptolemy.moml.MoMLSimpleApplication@cfefda0
----------------- Done invoking toplevel() on ptolemy.moml.MoMLSimpleApplication@cfefda0
reloadAllAccessors: .MergeModel2Add

===========================================================================================
----------------- testing Tue Jul 02 04:44:17 UTC 2019 /home/travis/build/icyphy/ptII/ptolemy/domains/de/test/auto/MergeModel3Add.xml
----------------- Instantiating /home/travis/build/icyphy/ptII/ptolemy/domains/de/test/auto/MergeModel3Add.xml
5 ms. Memory: 45056K Free: 19136K (42%)
----------------- Invoking toplevel() on ptolemy.moml.MoMLSimpleApplication@1aa5e4f9
----------------- Done invoking toplevel() on ptolemy.moml.MoMLSimpleApplication@1aa5e4f9
reloadAllAccessors: .MergeModel3Add

===========================================================================================
----------------- testing Tue Jul 02 04:44:17 UTC 2019 /home/travis/build/icyphy/ptII/ptolemy/domains/de/test/auto/MergeWithoutDiscard.xml
----------------- Instantiating /home/travis/build/icyphy/ptII/ptolemy/domains/de/test/auto/MergeWithoutDiscard.xml
1 ms. Memory: 45056K Free: 15074K (33%)
----------------- Invoking toplevel() on ptolemy.moml.MoMLSimpleApplication@d364848
----------------- Done invoking toplevel() on ptolemy.moml.MoMLSimpleApplication@d364848
reloadAllAccessors: .MergeWithoutDiscard

===========================================================================================
----------------- testing Tue Jul 02 04:44:17 UTC 2019 /home/travis/build/icyphy/ptII/ptolemy/domains/de/test/auto/Modal1.xml
----------------- Instantiating /home/travis/build/icyphy/ptII/ptolemy/domains/de/test/auto/Modal1.xml
9 ms. Memory: 45056K Free: 22562K (50%)
----------------- Invoking toplevel() on ptolemy.moml.MoMLSimpleApplication@43320a40
----------------- Done invoking toplevel() on ptolemy.moml.MoMLSimpleApplication@43320a40
reloadAllAccessors: .Modal1

===========================================================================================
----------------- testing Tue Jul 02 04:44:17 UTC 2019 /home/travis/build/icyphy/ptII/ptolemy/domains/de/test/auto/Modal2.xml
----------------- Instantiating /home/travis/build/icyphy/ptII/ptolemy/domains/de/test/auto/Modal2.xml
15 ms. Memory: 45056K Free: 10517K (23%)
----------------- Invoking toplevel() on ptolemy.moml.MoMLSimpleApplication@ee80ea2
----------------- Done invoking toplevel() on ptolemy.moml.MoMLSimpleApplication@ee80ea2
reloadAllAccessors: .Modal2

===========================================================================================
----------------- testing Tue Jul 02 04:44:17 UTC 2019 /home/travis/build/icyphy/ptII/ptolemy/domains/de/test/auto/Modal3.xml
----------------- Instantiating /home/travis/build/icyphy/ptII/ptolemy/domains/de/test/auto/Modal3.xml
7 ms. Memory: 45056K Free: 17964K (40%)
----------------- Invoking toplevel() on ptolemy.moml.MoMLSimpleApplication@171b957f
----------------- Done invoking toplevel() on ptolemy.moml.MoMLSimpleApplication@171b957f
reloadAllAccessors: .Modal3

===========================================================================================
----------------- testing Tue Jul 02 04:44:17 UTC 2019 /home/travis/build/icyphy/ptII/ptolemy/domains/de/test/auto/Modal4.xml
----------------- Instantiating /home/travis/build/icyphy/ptII/ptolemy/domains/de/test/auto/Modal4.xml
10 ms. Memory: 45056K Free: 24589K (55%)
----------------- Invoking toplevel() on ptolemy.moml.MoMLSimpleApplication@4d4a1da0
----------------- Done invoking toplevel() on ptolemy.moml.MoMLSimpleApplication@4d4a1da0
reloadAllAccessors: .Modal4

===========================================================================================
----------------- testing Tue Jul 02 04:44:17 UTC 2019 /home/travis/build/icyphy/ptII/ptolemy/domains/de/test/auto/Modal5.xml
----------------- Instantiating /home/travis/build/icyphy/ptII/ptolemy/domains/de/test/auto/Modal5.xml
9 ms. Memory: 45056K Free: 11691K (26%)
----------------- Invoking toplevel() on ptolemy.moml.MoMLSimpleApplication@1b1a6c72
----------------- Done invoking toplevel() on ptolemy.moml.MoMLSimpleApplication@1b1a6c72
reloadAllAccessors: .Modal5

===========================================================================================
----------------- testing Tue Jul 02 04:44:17 UTC 2019 /home/travis/build/icyphy/ptII/ptolemy/domains/de/test/auto/Modal6.xml
----------------- Instantiating /home/travis/build/icyphy/ptII/ptolemy/domains/de/test/auto/Modal6.xml
8 ms. Memory: 45056K Free: 19069K (42%)
----------------- Invoking toplevel() on ptolemy.moml.MoMLSimpleApplication@1612e2f9
----------------- Done invoking toplevel() on ptolemy.moml.MoMLSimpleApplication@1612e2f9
reloadAllAccessors: .Modal6

===========================================================================================
----------------- testing Tue Jul 02 04:44:18 UTC 2019 /home/travis/build/icyphy/ptII/ptolemy/domains/de/test/auto/Modal7.xml
----------------- Instantiating /home/travis/build/icyphy/ptII/ptolemy/domains/de/test/auto/Modal7.xml
8 ms. Memory: 60416K Free: 40736K (67%)
----------------- Invoking toplevel() on ptolemy.moml.MoMLSimpleApplication@b3fb628
----------------- Done invoking toplevel() on ptolemy.moml.MoMLSimpleApplication@b3fb628
reloadAllAccessors: .Modal7

===========================================================================================
----------------- testing Tue Jul 02 04:44:18 UTC 2019 /home/travis/build/icyphy/ptII/ptolemy/domains/de/test/auto/ModalModel.xml
----------------- Instantiating /home/travis/build/icyphy/ptII/ptolemy/domains/de/test/auto/ModalModel.xml
121 ms. Memory: 60416K Free: 23024K (38%)
----------------- Invoking toplevel() on ptolemy.moml.MoMLSimpleApplication@75887ff8
----------------- Done invoking toplevel() on ptolemy.moml.MoMLSimpleApplication@75887ff8
reloadAllAccessors: .ModalModel

===========================================================================================
----------------- testing Tue Jul 02 04:44:18 UTC 2019 /home/travis/build/icyphy/ptII/ptolemy/domains/de/test/auto/ModalSource.xml
----------------- Instantiating /home/travis/build/icyphy/ptII/ptolemy/domains/de/test/auto/ModalSource.xml
8 ms. Memory: 60416K Free: 42088K (70%)
----------------- Invoking toplevel() on ptolemy.moml.MoMLSimpleApplication@7b2855d0
----------------- Done invoking toplevel() on ptolemy.moml.MoMLSimpleApplication@7b2855d0
reloadAllAccessors: .ModalSource

===========================================================================================
----------------- testing Tue Jul 02 04:44:18 UTC 2019 /home/travis/build/icyphy/ptII/ptolemy/domains/de/test/auto/NonInterruptibleTimerZeroDelay.xml
----------------- Instantiating /home/travis/build/icyphy/ptII/ptolemy/domains/de/test/auto/NonInterruptibleTimerZeroDelay.xml
2 ms. Memory: 60416K Free: 38295K (63%)
----------------- Invoking toplevel() on ptolemy.moml.MoMLSimpleApplication@39200713
----------------- Done invoking toplevel() on ptolemy.moml.MoMLSimpleApplication@39200713
reloadAllAccessors: .NonInterruptibleTimerZeroDelay

===========================================================================================
----------------- testing Tue Jul 02 04:44:18 UTC 2019 /home/travis/build/icyphy/ptII/ptolemy/domains/de/test/auto/OpenQueueingNetwork.xml
----------------- Instantiating /home/travis/build/icyphy/ptII/ptolemy/domains/de/test/auto/OpenQueueingNetwork.xml
2441 ms. Memory: 188416K Free: 134901K (72%)
----------------- Invoking toplevel() on ptolemy.moml.MoMLSimpleApplication@7c1fc156
----------------- Done invoking toplevel() on ptolemy.moml.MoMLSimpleApplication@7c1fc156
reloadAllAccessors: .OpenQueueingNetwork

===========================================================================================
----------------- testing Tue Jul 02 04:44:20 UTC 2019 /home/travis/build/icyphy/ptII/ptolemy/domains/de/test/auto/OpenQueuingNetwork.xml
----------------- Instantiating /home/travis/build/icyphy/ptII/ptolemy/domains/de/test/auto/OpenQueuingNetwork.xml
237 ms. Memory: 269312K Free: 237288K (88%)
----------------- Invoking toplevel() on ptolemy.moml.MoMLSimpleApplication@6870d97d
----------------- Done invoking toplevel() on ptolemy.moml.MoMLSimpleApplication@6870d97d
reloadAllAccessors: .OpenQueuingNetwork

===========================================================================================
----------------- testing Tue Jul 02 04:44:21 UTC 2019 /home/travis/build/icyphy/ptII/ptolemy/domains/de/test/auto/PeriodicSampler.xml
----------------- Instantiating /home/travis/build/icyphy/ptII/ptolemy/domains/de/test/auto/PeriodicSampler.xml
4 ms. Memory: 269312K Free: 232682K (86%)
----------------- Invoking toplevel() on ptolemy.moml.MoMLSimpleApplication@2f4fc6e2
----------------- Done invoking toplevel() on ptolemy.moml.MoMLSimpleApplication@2f4fc6e2
reloadAllAccessors: .PeriodicSampler

===========================================================================================
----------------- testing Tue Jul 02 04:44:21 UTC 2019 /home/travis/build/icyphy/ptII/ptolemy/domains/de/test/auto/PersistentIO.xml
----------------- Instantiating /home/travis/build/icyphy/ptII/ptolemy/domains/de/test/auto/PersistentIO.xml
3 ms. Memory: 269312K Free: 222922K (83%)
----------------- Invoking toplevel() on ptolemy.moml.MoMLSimpleApplication@43bab10f
----------------- Done invoking toplevel() on ptolemy.moml.MoMLSimpleApplication@43bab10f
reloadAllAccessors: .PersistentIO

===========================================================================================
----------------- testing Tue Jul 02 04:44:21 UTC 2019 /home/travis/build/icyphy/ptII/ptolemy/domains/de/test/auto/PortParameterResetOnInitialize.xml
----------------- Instantiating /home/travis/build/icyphy/ptII/ptolemy/domains/de/test/auto/PortParameterResetOnInitialize.xml
2 ms. Memory: 269312K Free: 218346K (81%)
----------------- Invoking toplevel() on ptolemy.moml.MoMLSimpleApplication@c1060b1
----------------- Done invoking toplevel() on ptolemy.moml.MoMLSimpleApplication@c1060b1
reloadAllAccessors: .PortParameterResetOnInitialize

===========================================================================================
----------------- testing Tue Jul 02 04:44:21 UTC 2019 /home/travis/build/icyphy/ptII/ptolemy/domains/de/test/auto/PortParameterUpdates.xml
----------------- Instantiating /home/travis/build/icyphy/ptII/ptolemy/domains/de/test/auto/PortParameterUpdates.xml
4 ms. Memory: 269312K Free: 212202K (79%)
----------------- Invoking toplevel() on ptolemy.moml.MoMLSimpleApplication@23ae3257
----------------- Done invoking toplevel() on ptolemy.moml.MoMLSimpleApplication@23ae3257
reloadAllAccessors: .PortParameterUpdates

===========================================================================================
----------------- testing Tue Jul 02 04:44:21 UTC 2019 /home/travis/build/icyphy/ptII/ptolemy/domains/de/test/auto/QueueAndServer.xml
----------------- Instantiating /home/travis/build/icyphy/ptII/ptolemy/domains/de/test/auto/QueueAndServer.xml
6 ms. Memory: 269312K Free: 204520K (76%)
----------------- Invoking toplevel() on ptolemy.moml.MoMLSimpleApplication@378fff97
----------------- Done invoking toplevel() on ptolemy.moml.MoMLSimpleApplication@378fff97
reloadAllAccessors: .QueueAndServer

===========================================================================================
----------------- testing Tue Jul 02 04:44:21 UTC 2019 /home/travis/build/icyphy/ptII/ptolemy/domains/de/test/auto/Records.xml
----------------- Instantiating /home/travis/build/icyphy/ptII/ptolemy/domains/de/test/auto/Records.xml
4 ms. Memory: 269312K Free: 198890K (74%)
----------------- Invoking toplevel() on ptolemy.moml.MoMLSimpleApplication@13aa083d
----------------- Done invoking toplevel() on ptolemy.moml.MoMLSimpleApplication@13aa083d
reloadAllAccessors: .Records

===========================================================================================
----------------- testing Tue Jul 02 04:44:21 UTC 2019 /home/travis/build/icyphy/ptII/ptolemy/domains/de/test/auto/ResetTransitionWithStartTime1.xml
----------------- Instantiating /home/travis/build/icyphy/ptII/ptolemy/domains/de/test/auto/ResetTransitionWithStartTime1.xml
5 ms. Memory: 269312K Free: 190698K (71%)
----------------- Invoking toplevel() on ptolemy.moml.MoMLSimpleApplication@37f2c7bf
----------------- Done invoking toplevel() on ptolemy.moml.MoMLSimpleApplication@37f2c7bf
reloadAllAccessors: .ResetTransitionWithStartTime1

===========================================================================================
----------------- testing Tue Jul 02 04:44:21 UTC 2019 /home/travis/build/icyphy/ptII/ptolemy/domains/de/test/auto/ResetTransitionWithStartTime2.xml
----------------- Instantiating /home/travis/build/icyphy/ptII/ptolemy/domains/de/test/auto/ResetTransitionWithStartTime2.xml
6 ms. Memory: 269312K Free: 182506K (68%)
----------------- Invoking toplevel() on ptolemy.moml.MoMLSimpleApplication@2a128f2d
----------------- Done invoking toplevel() on ptolemy.moml.MoMLSimpleApplication@2a128f2d
reloadAllAccessors: .ResetTransitionWithStartTime2

===========================================================================================
----------------- testing Tue Jul 02 04:44:21 UTC 2019 /home/travis/build/icyphy/ptII/ptolemy/domains/de/test/auto/ResetTransitionWithStartTime3.xml
----------------- Instantiating /home/travis/build/icyphy/ptII/ptolemy/domains/de/test/auto/ResetTransitionWithStartTime3.xml
5 ms. Memory: 269312K Free: 174314K (65%)
----------------- Invoking toplevel() on ptolemy.moml.MoMLSimpleApplication@2034b51e
----------------- Done invoking toplevel() on ptolemy.moml.MoMLSimpleApplication@2034b51e
reloadAllAccessors: .ResetTransitionWithStartTime3

===========================================================================================
----------------- testing Tue Jul 02 04:44:21 UTC 2019 /home/travis/build/icyphy/ptII/ptolemy/domains/de/test/auto/ResetTransitionWithStartTime4.xml
----------------- Instantiating /home/travis/build/icyphy/ptII/ptolemy/domains/de/test/auto/ResetTransitionWithStartTime4.xml
3 ms. Memory: 269312K Free: 166626K (62%)
----------------- Invoking toplevel() on ptolemy.moml.MoMLSimpleApplication@2b840427
----------------- Done invoking toplevel() on ptolemy.moml.MoMLSimpleApplication@2b840427
reloadAllAccessors: .ResetTransitionWithStartTime4

===========================================================================================
----------------- testing Tue Jul 02 04:44:21 UTC 2019 /home/travis/build/icyphy/ptII/ptolemy/domains/de/test/auto/ResettableTimer1.xml
----------------- Instantiating /home/travis/build/icyphy/ptII/ptolemy/domains/de/test/auto/ResettableTimer1.xml
1 ms. Memory: 269312K Free: 162522K (60%)
----------------- Invoking toplevel() on ptolemy.moml.MoMLSimpleApplication@559b0038
----------------- Done invoking toplevel() on ptolemy.moml.MoMLSimpleApplication@559b0038
reloadAllAccessors: .ResettableTimer1

===========================================================================================
----------------- testing Tue Jul 02 04:44:21 UTC 2019 /home/travis/build/icyphy/ptII/ptolemy/domains/de/test/auto/ResettableTimer2.xml
----------------- Instantiating /home/travis/build/icyphy/ptII/ptolemy/domains/de/test/auto/ResettableTimer2.xml
3 ms. Memory: 269312K Free: 158426K (59%)
----------------- Invoking toplevel() on ptolemy.moml.MoMLSimpleApplication@1e2b35d1
----------------- Done invoking toplevel() on ptolemy.moml.MoMLSimpleApplication@1e2b35d1
reloadAllAccessors: .ResettableTimer2

===========================================================================================
----------------- testing Tue Jul 02 04:44:21 UTC 2019 /home/travis/build/icyphy/ptII/ptolemy/domains/de/test/auto/ResettableTimer3.xml
----------------- Instantiating /home/travis/build/icyphy/ptII/ptolemy/domains/de/test/auto/ResettableTimer3.xml
1 ms. Memory: 269312K Free: 154858K (58%)
----------------- Invoking toplevel() on ptolemy.moml.MoMLSimpleApplication@3ebfbab3
----------------- Done invoking toplevel() on ptolemy.moml.MoMLSimpleApplication@3ebfbab3
reloadAllAccessors: .ResettableTimer3

===========================================================================================
----------------- testing Tue Jul 02 04:44:21 UTC 2019 /home/travis/build/icyphy/ptII/ptolemy/domains/de/test/auto/ResettableTimer4.xml
----------------- Instantiating /home/travis/build/icyphy/ptII/ptolemy/domains/de/test/auto/ResettableTimer4.xml
1 ms. Memory: 269312K Free: 150762K (56%)
----------------- Invoking toplevel() on ptolemy.moml.MoMLSimpleApplication@1c778df1
----------------- Done invoking toplevel() on ptolemy.moml.MoMLSimpleApplication@1c778df1
reloadAllAccessors: .ResettableTimer4

===========================================================================================
----------------- testing Tue Jul 02 04:44:21 UTC 2019 /home/travis/build/icyphy/ptII/ptolemy/domains/de/test/auto/ResettableTimer5.xml
----------------- Instantiating /home/travis/build/icyphy/ptII/ptolemy/domains/de/test/auto/ResettableTimer5.xml
1 ms. Memory: 269312K Free: 146666K (54%)
----------------- Invoking toplevel() on ptolemy.moml.MoMLSimpleApplication@22e87a30
----------------- Done invoking toplevel() on ptolemy.moml.MoMLSimpleApplication@22e87a30
reloadAllAccessors: .ResettableTimer5

===========================================================================================
----------------- testing Tue Jul 02 04:44:21 UTC 2019 /home/travis/build/icyphy/ptII/ptolemy/domains/de/test/auto/ResettableTimer6.xml
----------------- Instantiating /home/travis/build/icyphy/ptII/ptolemy/domains/de/test/auto/ResettableTimer6.xml
7 ms. Memory: 269312K Free: 142056K (53%)
----------------- Invoking toplevel() on ptolemy.moml.MoMLSimpleApplication@5e7a807f
----------------- Done invoking toplevel() on ptolemy.moml.MoMLSimpleApplication@5e7a807f
reloadAllAccessors: .ResettableTimer6

===========================================================================================
----------------- testing Tue Jul 02 04:44:21 UTC 2019 /home/travis/build/icyphy/ptII/ptolemy/domains/de/test/auto/ServerZeroDelay.xml
----------------- Instantiating /home/travis/build/icyphy/ptII/ptolemy/domains/de/test/auto/ServerZeroDelay.xml
2 ms. Memory: 269312K Free: 137930K (51%)
----------------- Invoking toplevel() on ptolemy.moml.MoMLSimpleApplication@6eeec738
----------------- Done invoking toplevel() on ptolemy.moml.MoMLSimpleApplication@6eeec738
reloadAllAccessors: .ServerZeroDelay

===========================================================================================
----------------- testing Tue Jul 02 04:44:21 UTC 2019 /home/travis/build/icyphy/ptII/ptolemy/domains/de/test/auto/SmartSender.xml
----------------- Instantiating /home/travis/build/icyphy/ptII/ptolemy/domains/de/test/auto/SmartSender.xml
3001 ms. Memory: 269312K Free: 133864K (50%)
----------------- Invoking toplevel() on ptolemy.moml.MoMLSimpleApplication@6459ab56
----------------- Done invoking toplevel() on ptolemy.moml.MoMLSimpleApplication@6459ab56
reloadAllAccessors: .SmartSender

===========================================================================================
----------------- testing Tue Jul 02 04:44:24 UTC 2019 /home/travis/build/icyphy/ptII/ptolemy/domains/de/test/auto/ThreadedComposite.xml
----------------- Instantiating /home/travis/build/icyphy/ptII/ptolemy/domains/de/test/auto/ThreadedComposite.xml
215 ms. Memory: 269312K Free: 247397K (92%)
----------------- Invoking toplevel() on ptolemy.moml.MoMLSimpleApplication@232b8064
----------------- Done invoking toplevel() on ptolemy.moml.MoMLSimpleApplication@232b8064
reloadAllAccessors: .ThreadedComposite

===========================================================================================
----------------- testing Tue Jul 02 04:44:24 UTC 2019 /home/travis/build/icyphy/ptII/ptolemy/domains/de/test/auto/Time.xml
----------------- Instantiating /home/travis/build/icyphy/ptII/ptolemy/domains/de/test/auto/Time.xml
436 ms. Memory: 269312K Free: 194066K (72%)
----------------- Invoking toplevel() on ptolemy.moml.MoMLSimpleApplication@29f08af3
----------------- Done invoking toplevel() on ptolemy.moml.MoMLSimpleApplication@29f08af3
reloadAllAccessors: .Time

===========================================================================================
----------------- testing Tue Jul 02 04:44:25 UTC 2019 /home/travis/build/icyphy/ptII/ptolemy/domains/de/test/auto/TimeDelayZeroDelay.xml
----------------- Instantiating /home/travis/build/icyphy/ptII/ptolemy/domains/de/test/auto/TimeDelayZeroDelay.xml
1 ms. Memory: 269312K Free: 189970K (71%)
----------------- Invoking toplevel() on ptolemy.moml.MoMLSimpleApplication@23a3fd12
----------------- Done invoking toplevel() on ptolemy.moml.MoMLSimpleApplication@23a3fd12
reloadAllAccessors: .TimeDelayZeroDelay

===========================================================================================
----------------- testing Tue Jul 02 04:44:25 UTC 2019 /home/travis/build/icyphy/ptII/ptolemy/domains/de/test/auto/TimerZeroDelay.xml
----------------- Instantiating /home/travis/build/icyphy/ptII/ptolemy/domains/de/test/auto/TimerZeroDelay.xml
3 ms. Memory: 269312K Free: 185874K (69%)
----------------- Invoking toplevel() on ptolemy.moml.MoMLSimpleApplication@14d4a6fc
----------------- Done invoking toplevel() on ptolemy.moml.MoMLSimpleApplication@14d4a6fc
reloadAllAccessors: .TimerZeroDelay

===========================================================================================
----------------- testing Tue Jul 02 04:44:25 UTC 2019 /home/travis/build/icyphy/ptII/ptolemy/domains/de/test/auto/TimingParadox.xml
----------------- Instantiating /home/travis/build/icyphy/ptII/ptolemy/domains/de/test/auto/TimingParadox.xml
306 ms. Memory: 269312K Free: 118290K (44%)
----------------- Invoking toplevel() on ptolemy.moml.MoMLSimpleApplication@56732ed1
----------------- Done invoking toplevel() on ptolemy.moml.MoMLSimpleApplication@56732ed1
reloadAllAccessors: .TimingParadox

===========================================================================================
----------------- testing Tue Jul 02 04:44:25 UTC 2019 /home/travis/build/icyphy/ptII/ptolemy/domains/de/test/auto/TransferInputs.xml
----------------- Instantiating /home/travis/build/icyphy/ptII/ptolemy/domains/de/test/auto/TransferInputs.xml
2 ms. Memory: 269312K Free: 113666K (42%)
----------------- Invoking toplevel() on ptolemy.moml.MoMLSimpleApplication@eb3ca2d
----------------- Done invoking toplevel() on ptolemy.moml.MoMLSimpleApplication@eb3ca2d
reloadAllAccessors: .TransferInputs

===========================================================================================
----------------- testing Tue Jul 02 04:44:25 UTC 2019 /home/travis/build/icyphy/ptII/ptolemy/domains/de/test/auto/TransferOutputs2.xml
----------------- Instantiating /home/travis/build/icyphy/ptII/ptolemy/domains/de/test/auto/TransferOutputs2.xml
11 ms. Memory: 269312K Free: 252045K (94%)
----------------- Invoking toplevel() on ptolemy.moml.MoMLSimpleApplication@1159c71d
----------------- Done invoking toplevel() on ptolemy.moml.MoMLSimpleApplication@1159c71d
reloadAllAccessors: .TransferOutputs2

===========================================================================================
----------------- testing Tue Jul 02 04:44:25 UTC 2019 /home/travis/build/icyphy/ptII/ptolemy/domains/de/test/auto/Trilateration.xml
----------------- Instantiating /home/travis/build/icyphy/ptII/ptolemy/domains/de/test/auto/Trilateration.xml
12153 ms. Memory: 466944K Free: 387896K (83%)
----------------- Invoking toplevel() on ptolemy.moml.MoMLSimpleApplication@5d5d8e3a
----------------- Done invoking toplevel() on ptolemy.moml.MoMLSimpleApplication@5d5d8e3a
reloadAllAccessors: .Trilateration

===========================================================================================
----------------- testing Tue Jul 02 04:44:38 UTC 2019 /home/travis/build/icyphy/ptII/ptolemy/domains/de/test/auto/TwoSigmaDelta.xml
----------------- Instantiating /home/travis/build/icyphy/ptII/ptolemy/domains/de/test/auto/TwoSigmaDelta.xml
2133 ms. Memory: 466944K Free: 186682K (40%)
----------------- Invoking toplevel() on ptolemy.moml.MoMLSimpleApplication@565a0710
----------------- Done invoking toplevel() on ptolemy.moml.MoMLSimpleApplication@565a0710
reloadAllAccessors: .TwoSigmaDelta

===========================================================================================
----------------- testing Tue Jul 02 04:44:40 UTC 2019 /home/travis/build/icyphy/ptII/ptolemy/domains/de/test/auto/VariableDelay.xml
----------------- Instantiating /home/travis/build/icyphy/ptII/ptolemy/domains/de/test/auto/VariableDelay.xml
1 ms. Memory: 466944K Free: 182042K (39%)
----------------- Invoking toplevel() on ptolemy.moml.MoMLSimpleApplication@1decaf1c
----------------- Done invoking toplevel() on ptolemy.moml.MoMLSimpleApplication@1decaf1c
reloadAllAccessors: .VariableDelay

===========================================================================================
----------------- testing Tue Jul 02 04:44:40 UTC 2019 /home/travis/build/icyphy/ptII/ptolemy/domains/de/test/auto/VariableDelay2.xml
----------------- Instantiating /home/travis/build/icyphy/ptII/ptolemy/domains/de/test/auto/VariableDelay2.xml
1 ms. Memory: 466944K Free: 177466K (38%)
----------------- Invoking toplevel() on ptolemy.moml.MoMLSimpleApplication@148266e0
----------------- Done invoking toplevel() on ptolemy.moml.MoMLSimpleApplication@148266e0
reloadAllAccessors: .VariableDelay2

===========================================================================================
----------------- testing Tue Jul 02 04:44:40 UTC 2019 /home/travis/build/icyphy/ptII/ptolemy/domains/de/test/auto/VariableDelayZeroDelay.xml
----------------- Instantiating /home/travis/build/icyphy/ptII/ptolemy/domains/de/test/auto/VariableDelayZeroDelay.xml
1 ms. Memory: 466944K Free: 173370K (37%)
----------------- Invoking toplevel() on ptolemy.moml.MoMLSimpleApplication@556ed1cc
----------------- Done invoking toplevel() on ptolemy.moml.MoMLSimpleApplication@556ed1cc
reloadAllAccessors: .VariableDelayZeroDelay

===========================================================================================
----------------- testing Tue Jul 02 04:44:40 UTC 2019 /home/travis/build/icyphy/ptII/ptolemy/domains/de/test/auto/VariableDelayZeroDelay2.xml
----------------- Instantiating /home/travis/build/icyphy/ptII/ptolemy/domains/de/test/auto/VariableDelayZeroDelay2.xml
1 ms. Memory: 466944K Free: 169274K (36%)
----------------- Invoking toplevel() on ptolemy.moml.MoMLSimpleApplication@6b15a025
----------------- Done invoking toplevel() on ptolemy.moml.MoMLSimpleApplication@6b15a025
reloadAllAccessors: .VariableDelayZeroDelay2

===========================================================================================
----------------- testing Tue Jul 02 04:44:40 UTC 2019 /home/travis/build/icyphy/ptII/ptolemy/domains/de/test/auto/deInCt.xml
----------------- Instantiating /home/travis/build/icyphy/ptII/ptolemy/domains/de/test/auto/deInCt.xml
0
1
1
1
1
0
0
0
0
1
1
1
0
0
0
1
1
1
1
0
0
0
1
1
1
1
0
0
0
1
1
1
0
0
0
0
5 ms. Memory: 466944K Free: 164154K (35%)
----------------- Invoking toplevel() on ptolemy.moml.MoMLSimpleApplication@29f33ea2
----------------- Done invoking toplevel() on ptolemy.moml.MoMLSimpleApplication@29f33ea2
reloadAllAccessors: .deInCt

===========================================================================================
----------------- testing Tue Jul 02 04:44:40 UTC 2019 /home/travis/build/icyphy/ptII/ptolemy/domains/de/test/auto/deInCt2.xml
----------------- Instantiating /home/travis/build/icyphy/ptII/ptolemy/domains/de/test/auto/deInCt2.xml
0
1
1
1
0
0
1
1
1
0
0
1
1
1
0
0
1
1
1
0
0
1
1
1
0
0
1
1
1
0
0
1
1
1
0
0
1
1
1
0
0
0
7 ms. Memory: 466944K Free: 434098K (93%)
----------------- Invoking toplevel() on ptolemy.moml.MoMLSimpleApplication@59e5cbe0
----------------- Done invoking toplevel() on ptolemy.moml.MoMLSimpleApplication@59e5cbe0
reloadAllAccessors: .deInCt2

===========================================================================================
----------------- testing Tue Jul 02 04:44:40 UTC 2019 /home/travis/build/icyphy/ptII/ptolemy/domains/de/test/auto/dynamicCausalityInterface1.xml
----------------- Instantiating /home/travis/build/icyphy/ptII/ptolemy/domains/de/test/auto/dynamicCausalityInterface1.xml
1 ms. Memory: 466944K Free: 424882K (91%)
----------------- Invoking toplevel() on ptolemy.moml.MoMLSimpleApplication@49c40dcc
----------------- Done invoking toplevel() on ptolemy.moml.MoMLSimpleApplication@49c40dcc
reloadAllAccessors: .dynamicCausalityInterface1

===========================================================================================
----------------- testing Tue Jul 02 04:44:40 UTC 2019 /home/travis/build/icyphy/ptII/ptolemy/domains/de/test/auto/fsm_de_test.xml
----------------- Instantiating /home/travis/build/icyphy/ptII/ptolemy/domains/de/test/auto/fsm_de_test.xml
5 ms. Memory: 466944K Free: 415666K (89%)
----------------- Invoking toplevel() on ptolemy.moml.MoMLSimpleApplication@61ff573d
----------------- Done invoking toplevel() on ptolemy.moml.MoMLSimpleApplication@61ff573d
reloadAllAccessors: .fsm_de_test

===========================================================================================
----------------- testing Tue Jul 02 04:44:40 UTC 2019 /home/travis/build/icyphy/ptII/ptolemy/domains/de/test/auto/functionDependencyReconstruction.xml
----------------- Instantiating /home/travis/build/icyphy/ptII/ptolemy/domains/de/test/auto/functionDependencyReconstruction.xml
2 ms. Memory: 466944K Free: 400786K (86%)
----------------- Invoking toplevel() on ptolemy.moml.MoMLSimpleApplication@10240f50
----------------- Done invoking toplevel() on ptolemy.moml.MoMLSimpleApplication@10240f50
reloadAllAccessors: .functionDependencyReconstruction

===========================================================================================
----------------- testing Tue Jul 02 04:44:40 UTC 2019 /home/travis/build/icyphy/ptII/ptolemy/domains/de/test/auto/multirate.xml
----------------- Instantiating /home/travis/build/icyphy/ptII/ptolemy/domains/de/test/auto/multirate.xml
2 ms. Memory: 466944K Free: 394162K (84%)
----------------- Invoking toplevel() on ptolemy.moml.MoMLSimpleApplication@29edf6b1
----------------- Done invoking toplevel() on ptolemy.moml.MoMLSimpleApplication@29edf6b1
reloadAllAccessors: .multirate

===========================================================================================
----------------- testing Tue Jul 02 04:44:40 UTC 2019 /home/travis/build/icyphy/ptII/ptolemy/domains/de/test/auto/multirate2.xml
----------------- Instantiating /home/travis/build/icyphy/ptII/ptolemy/domains/de/test/auto/multirate2.xml
3 ms. Memory: 466944K Free: 387490K (83%)
----------------- Invoking toplevel() on ptolemy.moml.MoMLSimpleApplication@44afac2e
----------------- Done invoking toplevel() on ptolemy.moml.MoMLSimpleApplication@44afac2e
reloadAllAccessors: .multirate2

===========================================================================================
----------------- testing Tue Jul 02 04:44:40 UTC 2019 /home/travis/build/icyphy/ptII/ptolemy/domains/de/test/auto/realtime.xml
----------------- Instantiating /home/travis/build/icyphy/ptII/ptolemy/domains/de/test/auto/realtime.xml
10003 ms. Memory: 466944K Free: 382898K (82%)
----------------- Invoking toplevel() on ptolemy.moml.MoMLSimpleApplication@19cf4ec2
----------------- Done invoking toplevel() on ptolemy.moml.MoMLSimpleApplication@19cf4ec2
reloadAllAccessors: .realtime

===========================================================================================
----------------- testing Tue Jul 02 04:44:50 UTC 2019 /home/travis/build/icyphy/ptII/ptolemy/domains/de/test/auto/relationGroup.xml
----------------- Instantiating /home/travis/build/icyphy/ptII/ptolemy/domains/de/test/auto/relationGroup.xml
6 ms. Memory: 466944K Free: 379312K (81%)
----------------- Invoking toplevel() on ptolemy.moml.MoMLSimpleApplication@57fa73d
----------------- Done invoking toplevel() on ptolemy.moml.MoMLSimpleApplication@57fa73d
reloadAllAccessors: .relationGroup

===========================================================================================
----------------- testing Tue Jul 02 04:44:50 UTC 2019 /home/travis/build/icyphy/ptII/ptolemy/domains/de/test/auto/relationGroup2.xml
----------------- Instantiating /home/travis/build/icyphy/ptII/ptolemy/domains/de/test/auto/relationGroup2.xml
4 ms. Memory: 466944K Free: 375730K (80%)
----------------- Invoking toplevel() on ptolemy.moml.MoMLSimpleApplication@66d14cb9
----------------- Done invoking toplevel() on ptolemy.moml.MoMLSimpleApplication@66d14cb9
reloadAllAccessors: .relationGroup2

===========================================================================================
----------------- testing Tue Jul 02 04:44:50 UTC 2019 /home/travis/build/icyphy/ptII/ptolemy/domains/de/test/auto/sortWithOpaquePorts.xml
----------------- Instantiating /home/travis/build/icyphy/ptII/ptolemy/domains/de/test/auto/sortWithOpaquePorts.xml
2 ms. Memory: 466944K Free: 371090K (79%)
----------------- Invoking toplevel() on ptolemy.moml.MoMLSimpleApplication@2ca01975
----------------- Done invoking toplevel() on ptolemy.moml.MoMLSimpleApplication@2ca01975
reloadAllAccessors: .sortWithOpaquePorts

===========================================================================================
----------------- testing Tue Jul 02 04:44:50 UTC 2019 /home/travis/build/icyphy/ptII/ptolemy/domains/de/test/auto/transferInputsandOutputs.xml
----------------- Instantiating /home/travis/build/icyphy/ptII/ptolemy/domains/de/test/auto/transferInputsandOutputs.xml
2 ms. Memory: 466944K Free: 363952K (78%)
----------------- Invoking toplevel() on ptolemy.moml.MoMLSimpleApplication@6fb64d9c
----------------- Done invoking toplevel() on ptolemy.moml.MoMLSimpleApplication@6fb64d9c
reloadAllAccessors: .transferInputsandOutputs

===========================================================================================
----------------- testing Tue Jul 02 04:44:50 UTC 2019 /home/travis/build/icyphy/ptII/ptolemy/domains/de/test/auto/triggerType.xml
----------------- Instantiating /home/travis/build/icyphy/ptII/ptolemy/domains/de/test/auto/triggerType.xml
1 ms. Memory: 466944K Free: 359842K (77%)
----------------- Invoking toplevel() on ptolemy.moml.MoMLSimpleApplication@4cbdb61b
----------------- Done invoking toplevel() on ptolemy.moml.MoMLSimpleApplication@4cbdb61b
reloadAllAccessors: .triggerType
AutoTests.java: About to close Vertx.
AutoTests.java: Vertx closed.
]]></system-out>
  <system-err><![CDATA[java.lang.RuntimeException: Execution failed
	at ptolemy.moml.MoMLSimpleApplication$UnloadThread.run(MoMLSimpleApplication.java:402)
Caused by: ptolemy.kernel.util.IllegalActionException: Found a zero delay loop containing .dependencyLoop.original
  in .dependencyLoop and .dependencyLoop.original
	at ptolemy.actor.util.CausalityInterfaceForComposites._computeOutputPortDepth(CausalityInterfaceForComposites.java:759)
	at ptolemy.actor.util.CausalityInterfaceForComposites._computeInputDepth(CausalityInterfaceForComposites.java:696)
	at ptolemy.actor.util.CausalityInterfaceForComposites._computeOutputPortDepth(CausalityInterfaceForComposites.java:765)
	at ptolemy.actor.util.CausalityInterfaceForComposites._computeInputDepth(CausalityInterfaceForComposites.java:696)
	at ptolemy.actor.util.CausalityInterfaceForComposites._computeOutputPortDepth(CausalityInterfaceForComposites.java:765)
	at ptolemy.actor.util.CausalityInterfaceForComposites._computeInputDepth(CausalityInterfaceForComposites.java:696)
	at ptolemy.actor.util.CausalityInterfaceForComposites._computeActorDepth(CausalityInterfaceForComposites.java:532)
	at ptolemy.actor.util.CausalityInterfaceForComposites.checkForCycles(CausalityInterfaceForComposites.java:96)
	at ptolemy.domains.de.kernel.DEDirector.preinitialize(DEDirector.java:1338)
	at ptolemy.actor.CompositeActor.preinitialize(CompositeActor.java:1828)
	at ptolemy.actor.Manager.preinitializeAndResolveTypes(Manager.java:1040)
	at ptolemy.actor.Manager.initialize(Manager.java:710)
	at ptolemy.actor.Manager.execute(Manager.java:356)
	at ptolemy.actor.Manager.run(Manager.java:1263)
	at ptolemy.actor.Manager$PtolemyRunThread.run(Manager.java:1915)
java.lang.RuntimeException: Execution failed
	at ptolemy.moml.MoMLSimpleApplication$UnloadThread.run(MoMLSimpleApplication.java:402)
Caused by: ptolemy.kernel.util.IllegalActionException: Found a zero delay loop containing .dependencyLoop2.original
  in .dependencyLoop2 and .dependencyLoop2.original
	at ptolemy.actor.util.CausalityInterfaceForComposites._computeOutputPortDepth(CausalityInterfaceForComposites.java:759)
	at ptolemy.actor.util.CausalityInterfaceForComposites._computeInputDepth(CausalityInterfaceForComposites.java:696)
	at ptolemy.actor.util.CausalityInterfaceForComposites._computeOutputPortDepth(CausalityInterfaceForComposites.java:765)
	at ptolemy.actor.util.CausalityInterfaceForComposites._computeInputDepth(CausalityInterfaceForComposites.java:696)
	at ptolemy.actor.util.CausalityInterfaceForComposites._computeOutputPortDepth(CausalityInterfaceForComposites.java:765)
	at ptolemy.actor.util.CausalityInterfaceForComposites._computeInputDepth(CausalityInterfaceForComposites.java:696)
	at ptolemy.actor.util.CausalityInterfaceForComposites._computeActorDepth(CausalityInterfaceForComposites.java:532)
	at ptolemy.actor.util.CausalityInterfaceForComposites.checkForCycles(CausalityInterfaceForComposites.java:96)
	at ptolemy.domains.de.kernel.DEDirector.preinitialize(DEDirector.java:1338)
	at ptolemy.actor.CompositeActor.preinitialize(CompositeActor.java:1828)
	at ptolemy.actor.Manager.preinitializeAndResolveTypes(Manager.java:1040)
	at ptolemy.actor.Manager.initialize(Manager.java:710)
	at ptolemy.actor.Manager.execute(Manager.java:356)
	at ptolemy.actor.Manager.run(Manager.java:1263)
	at ptolemy.actor.Manager$PtolemyRunThread.run(Manager.java:1915)
java.lang.RuntimeException: Execution failed
	at ptolemy.moml.MoMLSimpleApplication$UnloadThread.run(MoMLSimpleApplication.java:402)
Caused by: ptolemy.kernel.util.IllegalActionException: Test fails in iteration 1.
Value was: 1.0. Should have been: 2.0
  in .DirectFeedback.Test
	at ptolemy.actor.lib.Test.fire(Test.java:268)
	at ptolemy.domains.de.kernel.DEDirector._fire(DEDirector.java:1949)
	at ptolemy.domains.de.kernel.DEDirector.fire(DEDirector.java:502)
	at ptolemy.actor.CompositeActor.fire(CompositeActor.java:455)
	at ptolemy.actor.Manager.iterate(Manager.java:851)
	at ptolemy.actor.Manager.execute(Manager.java:369)
	at ptolemy.actor.Manager.run(Manager.java:1263)
	at ptolemy.actor.Manager$PtolemyRunThread.run(Manager.java:1915)
java.lang.RuntimeException: Execution failed
	at ptolemy.moml.MoMLSimpleApplication$UnloadThread.run(MoMLSimpleApplication.java:402)
Caused by: ptolemy.kernel.util.IllegalActionException: Found a zero delay loop containing .dependencyLoop.original
  in .dependencyLoop and .dependencyLoop.original
	at ptolemy.actor.util.CausalityInterfaceForComposites._computeOutputPortDepth(CausalityInterfaceForComposites.java:759)
	at ptolemy.actor.util.CausalityInterfaceForComposites._computeInputDepth(CausalityInterfaceForComposites.java:696)
	at ptolemy.actor.util.CausalityInterfaceForComposites._computeOutputPortDepth(CausalityInterfaceForComposites.java:765)
	at ptolemy.actor.util.CausalityInterfaceForComposites._computeInputDepth(CausalityInterfaceForComposites.java:696)
	at ptolemy.actor.util.CausalityInterfaceForComposites._computeOutputPortDepth(CausalityInterfaceForComposites.java:765)
	at ptolemy.actor.util.CausalityInterfaceForComposites._computeInputDepth(CausalityInterfaceForComposites.java:696)
	at ptolemy.actor.util.CausalityInterfaceForComposites._computeActorDepth(CausalityInterfaceForComposites.java:532)
	at ptolemy.actor.util.CausalityInterfaceForComposites.checkForCycles(CausalityInterfaceForComposites.java:96)
	at ptolemy.domains.de.kernel.DEDirector.preinitialize(DEDirector.java:1338)
	at ptolemy.actor.CompositeActor.preinitialize(CompositeActor.java:1828)
	at ptolemy.actor.Manager.preinitializeAndResolveTypes(Manager.java:1040)
	at ptolemy.actor.Manager.initialize(Manager.java:710)
	at ptolemy.actor.Manager.execute(Manager.java:356)
	at ptolemy.actor.Manager.run(Manager.java:1263)
	at ptolemy.actor.Manager$PtolemyRunThread.run(Manager.java:1915)
java.lang.RuntimeException: Execution failed
	at ptolemy.moml.MoMLSimpleApplication$UnloadThread.run(MoMLSimpleApplication.java:402)
Caused by: ptolemy.kernel.util.IllegalActionException: Found a zero delay loop containing .HierarchicalModel.A
  in .HierarchicalModel and .HierarchicalModel.A
	at ptolemy.actor.util.CausalityInterfaceForComposites._computeOutputPortDepth(CausalityInterfaceForComposites.java:759)
	at ptolemy.actor.util.CausalityInterfaceForComposites._computeInputDepth(CausalityInterfaceForComposites.java:696)
	at ptolemy.actor.util.CausalityInterfaceForComposites._computeOutputPortDepth(CausalityInterfaceForComposites.java:765)
	at ptolemy.actor.util.CausalityInterfaceForComposites._computeInputDepth(CausalityInterfaceForComposites.java:696)
	at ptolemy.actor.util.CausalityInterfaceForComposites._computeOutputPortDepth(CausalityInterfaceForComposites.java:765)
	at ptolemy.actor.util.CausalityInterfaceForComposites._computeInputDepth(CausalityInterfaceForComposites.java:696)
	at ptolemy.actor.util.CausalityInterfaceForComposites._computeActorDepth(CausalityInterfaceForComposites.java:532)
	at ptolemy.actor.util.CausalityInterfaceForComposites.checkForCycles(CausalityInterfaceForComposites.java:96)
	at ptolemy.domains.de.kernel.DEDirector.preinitialize(DEDirector.java:1338)
	at ptolemy.actor.CompositeActor.preinitialize(CompositeActor.java:1828)
	at ptolemy.actor.Manager.preinitializeAndResolveTypes(Manager.java:1040)
	at ptolemy.actor.Manager.initialize(Manager.java:710)
	at ptolemy.actor.Manager.execute(Manager.java:356)
	at ptolemy.actor.Manager.run(Manager.java:1263)
	at ptolemy.actor.Manager$PtolemyRunThread.run(Manager.java:1915)
java.lang.RuntimeException: Execution failed
	at ptolemy.moml.MoMLSimpleApplication$UnloadThread.run(MoMLSimpleApplication.java:402)
Caused by: ptolemy.kernel.util.IllegalActionException: Found a zero delay loop containing .dependencyLoop2.original
  in .dependencyLoop2 and .dependencyLoop2.original
	at ptolemy.actor.util.CausalityInterfaceForComposites._computeOutputPortDepth(CausalityInterfaceForComposites.java:759)
	at ptolemy.actor.util.CausalityInterfaceForComposites._computeInputDepth(CausalityInterfaceForComposites.java:696)
	at ptolemy.actor.util.CausalityInterfaceForComposites._computeOutputPortDepth(CausalityInterfaceForComposites.java:765)
	at ptolemy.actor.util.CausalityInterfaceForComposites._computeInputDepth(CausalityInterfaceForComposites.java:696)
	at ptolemy.actor.util.CausalityInterfaceForComposites._computeOutputPortDepth(CausalityInterfaceForComposites.java:765)
	at ptolemy.actor.util.CausalityInterfaceForComposites._computeInputDepth(CausalityInterfaceForComposites.java:696)
	at ptolemy.actor.util.CausalityInterfaceForComposites._computeActorDepth(CausalityInterfaceForComposites.java:532)
	at ptolemy.actor.util.CausalityInterfaceForComposites.checkForCycles(CausalityInterfaceForComposites.java:96)
	at ptolemy.domains.de.kernel.DEDirector.preinitialize(DEDirector.java:1338)
	at ptolemy.actor.CompositeActor.preinitialize(CompositeActor.java:1828)
	at ptolemy.actor.Manager.preinitializeAndResolveTypes(Manager.java:1040)
	at ptolemy.actor.Manager.initialize(Manager.java:710)
	at ptolemy.actor.Manager.execute(Manager.java:356)
	at ptolemy.actor.Manager.run(Manager.java:1263)
	at ptolemy.actor.Manager$PtolemyRunThread.run(Manager.java:1915)
java.lang.RuntimeException: Execution failed
	at ptolemy.moml.MoMLSimpleApplication$UnloadThread.run(MoMLSimpleApplication.java:402)
Caused by: ptolemy.kernel.util.IllegalActionException: Actor is not ready to fire.  Perhaps UpSample.prefire() returned false? Try debugging the actor by selecting "Listen to Actor".  Also, for SDF check moml for tokenConsumptionRate on input.
  in .DESDFClockTest.Play Bell.Copy1:SDF Director and .DESDFClockTest.Play Bell.UpSample
	at ptolemy.actor.sched.StaticSchedulingDirector.fire(StaticSchedulingDirector.java:227)
	at ptolemy.domains.sdf.kernel.SDFDirector.fire(SDFDirector.java:500)
	at ptolemy.actor.CompositeActor.fire(CompositeActor.java:455)
	at ptolemy.domains.de.kernel.DEDirector._fire(DEDirector.java:1949)
	at ptolemy.domains.de.kernel.DEDirector.fire(DEDirector.java:502)
	at ptolemy.actor.CompositeActor.fire(CompositeActor.java:455)
	at ptolemy.actor.Manager.iterate(Manager.java:851)
	at ptolemy.actor.Manager.execute(Manager.java:369)
	at ptolemy.actor.Manager.run(Manager.java:1263)
	at ptolemy.actor.Manager$PtolemyRunThread.run(Manager.java:1915)
java.lang.RuntimeException: Execution failed
	at ptolemy.moml.MoMLSimpleApplication$UnloadThread.run(MoMLSimpleApplication.java:402)
Caused by: ptolemy.kernel.util.IllegalActionException: Actor is not ready to fire.  Perhaps UpSample.prefire() returned false? Try debugging the actor by selecting "Listen to Actor".  Also, for SDF check moml for tokenConsumptionRate on input.
  in .DESDFClockTest.Play Bell.Copy1:SDF Director and .DESDFClockTest.Play Bell.UpSample
	at ptolemy.actor.sched.StaticSchedulingDirector.fire(StaticSchedulingDirector.java:227)
	at ptolemy.domains.sdf.kernel.SDFDirector.fire(SDFDirector.java:500)
	at ptolemy.actor.CompositeActor.fire(CompositeActor.java:455)
	at ptolemy.domains.de.kernel.DEDirector._fire(DEDirector.java:1949)
	at ptolemy.domains.de.kernel.DEDirector.fire(DEDirector.java:502)
	at ptolemy.actor.CompositeActor.fire(CompositeActor.java:455)
	at ptolemy.actor.Manager.iterate(Manager.java:851)
	at ptolemy.actor.Manager.execute(Manager.java:369)
	at ptolemy.actor.Manager.run(Manager.java:1263)
	at ptolemy.actor.Manager$PtolemyRunThread.run(Manager.java:1915)
java.lang.reflect.InvocationTargetException
	at java.base/jdk.internal.reflect.NativeConstructorAccessorImpl.newInstance0(Native Method)
	at java.base/jdk.internal.reflect.NativeConstructorAccessorImpl.newInstance(NativeConstructorAccessorImpl.java:62)
	at java.base/jdk.internal.reflect.DelegatingConstructorAccessorImpl.newInstance(DelegatingConstructorAccessorImpl.java:45)
	at java.base/java.lang.reflect.Constructor.newInstance(Constructor.java:490)
	at ptolemy.util.test.junit.AutoKnownFailedTests.RunModel(AutoKnownFailedTests.java:105)
	at java.base/jdk.internal.reflect.NativeMethodAccessorImpl.invoke0(Native Method)
	at java.base/jdk.internal.reflect.NativeMethodAccessorImpl.invoke(NativeMethodAccessorImpl.java:62)
	at java.base/jdk.internal.reflect.DelegatingMethodAccessorImpl.invoke(DelegatingMethodAccessorImpl.java:43)
	at java.base/java.lang.reflect.Method.invoke(Method.java:566)
	at org.junit.runners.model.FrameworkMethod$1.runReflectiveCall(FrameworkMethod.java:44)
	at org.junit.internal.runners.model.ReflectiveCallable.run(ReflectiveCallable.java:15)
	at org.junit.runners.model.FrameworkMethod.invokeExplosively(FrameworkMethod.java:41)
	at junitparams.internal.InvokeParameterisedMethod.evaluate(InvokeParameterisedMethod.java:102)
	at org.junit.internal.runners.statements.FailOnTimeout$1.run(FailOnTimeout.java:28)
Caused by: ptolemy.kernel.util.IllegalActionException: Actor is not ready to fire.  Perhaps UpSample.prefire() returned false? Try debugging the actor by selecting "Listen to Actor".  Also, for SDF check moml for tokenConsumptionRate on input.
  in .DESDFClockTest.Play Bell.Copy1:SDF Director and .DESDFClockTest.Play Bell.UpSample
	at ptolemy.actor.sched.StaticSchedulingDirector.fire(StaticSchedulingDirector.java:227)
	at ptolemy.domains.sdf.kernel.SDFDirector.fire(SDFDirector.java:500)
	at ptolemy.actor.CompositeActor.fire(CompositeActor.java:455)
	at ptolemy.domains.de.kernel.DEDirector._fire(DEDirector.java:1949)
	at ptolemy.domains.de.kernel.DEDirector.fire(DEDirector.java:502)
	at ptolemy.actor.CompositeActor.fire(CompositeActor.java:455)
	at ptolemy.actor.Manager.iterate(Manager.java:851)
	at ptolemy.actor.Manager.execute(Manager.java:369)
	at ptolemy.actor.Manager.run(Manager.java:1263)
	at ptolemy.actor.Manager$PtolemyRunThread.run(Manager.java:1915)
java.lang.RuntimeException: Execution failed
	at ptolemy.moml.MoMLSimpleApplication$UnloadThread.run(MoMLSimpleApplication.java:402)
Caused by: ptolemy.kernel.util.IllegalActionException: Test fails in iteration 1.
Value was: 1.0. Should have been: 2.0
  in .DirectFeedback.Test
	at ptolemy.actor.lib.Test.fire(Test.java:268)
	at ptolemy.domains.de.kernel.DEDirector._fire(DEDirector.java:1949)
	at ptolemy.domains.de.kernel.DEDirector.fire(DEDirector.java:502)
	at ptolemy.actor.CompositeActor.fire(CompositeActor.java:455)
	at ptolemy.actor.Manager.iterate(Manager.java:851)
	at ptolemy.actor.Manager.execute(Manager.java:369)
	at ptolemy.actor.Manager.run(Manager.java:1263)
	at ptolemy.actor.Manager$PtolemyRunThread.run(Manager.java:1915)
java.lang.reflect.InvocationTargetException
	at java.base/jdk.internal.reflect.NativeConstructorAccessorImpl.newInstance0(Native Method)
	at java.base/jdk.internal.reflect.NativeConstructorAccessorImpl.newInstance(NativeConstructorAccessorImpl.java:62)
	at java.base/jdk.internal.reflect.DelegatingConstructorAccessorImpl.newInstance(DelegatingConstructorAccessorImpl.java:45)
	at java.base/java.lang.reflect.Constructor.newInstance(Constructor.java:490)
	at ptolemy.util.test.junit.AutoKnownFailedTests.RunModel(AutoKnownFailedTests.java:105)
	at java.base/jdk.internal.reflect.NativeMethodAccessorImpl.invoke0(Native Method)
	at java.base/jdk.internal.reflect.NativeMethodAccessorImpl.invoke(NativeMethodAccessorImpl.java:62)
	at java.base/jdk.internal.reflect.DelegatingMethodAccessorImpl.invoke(DelegatingMethodAccessorImpl.java:43)
	at java.base/java.lang.reflect.Method.invoke(Method.java:566)
	at org.junit.runners.model.FrameworkMethod$1.runReflectiveCall(FrameworkMethod.java:44)
	at org.junit.internal.runners.model.ReflectiveCallable.run(ReflectiveCallable.java:15)
	at org.junit.runners.model.FrameworkMethod.invokeExplosively(FrameworkMethod.java:41)
	at junitparams.internal.InvokeParameterisedMethod.evaluate(InvokeParameterisedMethod.java:102)
	at org.junit.internal.runners.statements.FailOnTimeout$1.run(FailOnTimeout.java:28)
Caused by: ptolemy.kernel.util.IllegalActionException: Test fails in iteration 1.
Value was: 1.0. Should have been: 2.0
  in .DirectFeedback.Test
	at ptolemy.actor.lib.Test.fire(Test.java:268)
	at ptolemy.domains.de.kernel.DEDirector._fire(DEDirector.java:1949)
	at ptolemy.domains.de.kernel.DEDirector.fire(DEDirector.java:502)
	at ptolemy.actor.CompositeActor.fire(CompositeActor.java:455)
	at ptolemy.actor.Manager.iterate(Manager.java:851)
	at ptolemy.actor.Manager.execute(Manager.java:369)
	at ptolemy.actor.Manager.run(Manager.java:1263)
	at ptolemy.actor.Manager$PtolemyRunThread.run(Manager.java:1915)
java.lang.RuntimeException: Execution failed
	at ptolemy.moml.MoMLSimpleApplication$UnloadThread.run(MoMLSimpleApplication.java:402)
Caused by: ptolemy.kernel.util.IllegalActionException: Found a zero delay loop containing .HierarchicalModel.A
  in .HierarchicalModel and .HierarchicalModel.A
	at ptolemy.actor.util.CausalityInterfaceForComposites._computeOutputPortDepth(CausalityInterfaceForComposites.java:759)
	at ptolemy.actor.util.CausalityInterfaceForComposites._computeInputDepth(CausalityInterfaceForComposites.java:696)
	at ptolemy.actor.util.CausalityInterfaceForComposites._computeOutputPortDepth(CausalityInterfaceForComposites.java:765)
	at ptolemy.actor.util.CausalityInterfaceForComposites._computeInputDepth(CausalityInterfaceForComposites.java:696)
	at ptolemy.actor.util.CausalityInterfaceForComposites._computeOutputPortDepth(CausalityInterfaceForComposites.java:765)
	at ptolemy.actor.util.CausalityInterfaceForComposites._computeInputDepth(CausalityInterfaceForComposites.java:696)
	at ptolemy.actor.util.CausalityInterfaceForComposites._computeActorDepth(CausalityInterfaceForComposites.java:532)
	at ptolemy.actor.util.CausalityInterfaceForComposites.checkForCycles(CausalityInterfaceForComposites.java:96)
	at ptolemy.domains.de.kernel.DEDirector.preinitialize(DEDirector.java:1338)
	at ptolemy.actor.CompositeActor.preinitialize(CompositeActor.java:1828)
	at ptolemy.actor.Manager.preinitializeAndResolveTypes(Manager.java:1040)
	at ptolemy.actor.Manager.initialize(Manager.java:710)
	at ptolemy.actor.Manager.execute(Manager.java:356)
	at ptolemy.actor.Manager.run(Manager.java:1263)
	at ptolemy.actor.Manager$PtolemyRunThread.run(Manager.java:1915)
java.lang.reflect.InvocationTargetException
	at java.base/jdk.internal.reflect.NativeConstructorAccessorImpl.newInstance0(Native Method)
	at java.base/jdk.internal.reflect.NativeConstructorAccessorImpl.newInstance(NativeConstructorAccessorImpl.java:62)
	at java.base/jdk.internal.reflect.DelegatingConstructorAccessorImpl.newInstance(DelegatingConstructorAccessorImpl.java:45)
	at java.base/java.lang.reflect.Constructor.newInstance(Constructor.java:490)
	at ptolemy.util.test.junit.AutoKnownFailedTests.RunModel(AutoKnownFailedTests.java:105)
	at java.base/jdk.internal.reflect.NativeMethodAccessorImpl.invoke0(Native Method)
	at java.base/jdk.internal.reflect.NativeMethodAccessorImpl.invoke(NativeMethodAccessorImpl.java:62)
	at java.base/jdk.internal.reflect.DelegatingMethodAccessorImpl.invoke(DelegatingMethodAccessorImpl.java:43)
	at java.base/java.lang.reflect.Method.invoke(Method.java:566)
	at org.junit.runners.model.FrameworkMethod$1.runReflectiveCall(FrameworkMethod.java:44)
	at org.junit.internal.runners.model.ReflectiveCallable.run(ReflectiveCallable.java:15)
	at org.junit.runners.model.FrameworkMethod.invokeExplosively(FrameworkMethod.java:41)
	at junitparams.internal.InvokeParameterisedMethod.evaluate(InvokeParameterisedMethod.java:102)
	at org.junit.internal.runners.statements.FailOnTimeout$1.run(FailOnTimeout.java:28)
Caused by: ptolemy.kernel.util.IllegalActionException: Found a zero delay loop containing .HierarchicalModel.A
  in .HierarchicalModel and .HierarchicalModel.A
	at ptolemy.actor.util.CausalityInterfaceForComposites._computeOutputPortDepth(CausalityInterfaceForComposites.java:759)
	at ptolemy.actor.util.CausalityInterfaceForComposites._computeInputDepth(CausalityInterfaceForComposites.java:696)
	at ptolemy.actor.util.CausalityInterfaceForComposites._computeOutputPortDepth(CausalityInterfaceForComposites.java:765)
	at ptolemy.actor.util.CausalityInterfaceForComposites._computeInputDepth(CausalityInterfaceForComposites.java:696)
	at ptolemy.actor.util.CausalityInterfaceForComposites._computeOutputPortDepth(CausalityInterfaceForComposites.java:765)
	at ptolemy.actor.util.CausalityInterfaceForComposites._computeInputDepth(CausalityInterfaceForComposites.java:696)
	at ptolemy.actor.util.CausalityInterfaceForComposites._computeActorDepth(CausalityInterfaceForComposites.java:532)
	at ptolemy.actor.util.CausalityInterfaceForComposites.checkForCycles(CausalityInterfaceForComposites.java:96)
	at ptolemy.domains.de.kernel.DEDirector.preinitialize(DEDirector.java:1338)
	at ptolemy.actor.CompositeActor.preinitialize(CompositeActor.java:1828)
	at ptolemy.actor.Manager.preinitializeAndResolveTypes(Manager.java:1040)
	at ptolemy.actor.Manager.initialize(Manager.java:710)
	at ptolemy.actor.Manager.execute(Manager.java:356)
	at ptolemy.actor.Manager.run(Manager.java:1263)
	at ptolemy.actor.Manager$PtolemyRunThread.run(Manager.java:1915)
java.lang.RuntimeException: Execution failed
	at ptolemy.moml.MoMLSimpleApplication$UnloadThread.run(MoMLSimpleApplication.java:402)
Caused by: ptolemy.kernel.util.IllegalActionException: Found a zero delay loop containing .dependencyLoop.original
  in .dependencyLoop and .dependencyLoop.original
	at ptolemy.actor.util.CausalityInterfaceForComposites._computeOutputPortDepth(CausalityInterfaceForComposites.java:759)
	at ptolemy.actor.util.CausalityInterfaceForComposites._computeInputDepth(CausalityInterfaceForComposites.java:696)
	at ptolemy.actor.util.CausalityInterfaceForComposites._computeOutputPortDepth(CausalityInterfaceForComposites.java:765)
	at ptolemy.actor.util.CausalityInterfaceForComposites._computeInputDepth(CausalityInterfaceForComposites.java:696)
	at ptolemy.actor.util.CausalityInterfaceForComposites._computeOutputPortDepth(CausalityInterfaceForComposites.java:765)
	at ptolemy.actor.util.CausalityInterfaceForComposites._computeInputDepth(CausalityInterfaceForComposites.java:696)
	at ptolemy.actor.util.CausalityInterfaceForComposites._computeActorDepth(CausalityInterfaceForComposites.java:532)
	at ptolemy.actor.util.CausalityInterfaceForComposites.checkForCycles(CausalityInterfaceForComposites.java:96)
	at ptolemy.domains.de.kernel.DEDirector.preinitialize(DEDirector.java:1338)
	at ptolemy.actor.CompositeActor.preinitialize(CompositeActor.java:1828)
	at ptolemy.actor.Manager.preinitializeAndResolveTypes(Manager.java:1040)
	at ptolemy.actor.Manager.initialize(Manager.java:710)
	at ptolemy.actor.Manager.execute(Manager.java:356)
	at ptolemy.actor.Manager.run(Manager.java:1263)
	at ptolemy.actor.Manager$PtolemyRunThread.run(Manager.java:1915)
java.lang.reflect.InvocationTargetException
	at java.base/jdk.internal.reflect.NativeConstructorAccessorImpl.newInstance0(Native Method)
	at java.base/jdk.internal.reflect.NativeConstructorAccessorImpl.newInstance(NativeConstructorAccessorImpl.java:62)
	at java.base/jdk.internal.reflect.DelegatingConstructorAccessorImpl.newInstance(DelegatingConstructorAccessorImpl.java:45)
	at java.base/java.lang.reflect.Constructor.newInstance(Constructor.java:490)
	at ptolemy.util.test.junit.AutoKnownFailedTests.RunModel(AutoKnownFailedTests.java:105)
	at java.base/jdk.internal.reflect.NativeMethodAccessorImpl.invoke0(Native Method)
	at java.base/jdk.internal.reflect.NativeMethodAccessorImpl.invoke(NativeMethodAccessorImpl.java:62)
	at java.base/jdk.internal.reflect.DelegatingMethodAccessorImpl.invoke(DelegatingMethodAccessorImpl.java:43)
	at java.base/java.lang.reflect.Method.invoke(Method.java:566)
	at org.junit.runners.model.FrameworkMethod$1.runReflectiveCall(FrameworkMethod.java:44)
	at org.junit.internal.runners.model.ReflectiveCallable.run(ReflectiveCallable.java:15)
	at org.junit.runners.model.FrameworkMethod.invokeExplosively(FrameworkMethod.java:41)
	at junitparams.internal.InvokeParameterisedMethod.evaluate(InvokeParameterisedMethod.java:102)
	at org.junit.internal.runners.statements.FailOnTimeout$1.run(FailOnTimeout.java:28)
Caused by: ptolemy.kernel.util.IllegalActionException: Found a zero delay loop containing .dependencyLoop.original
  in .dependencyLoop and .dependencyLoop.original
	at ptolemy.actor.util.CausalityInterfaceForComposites._computeOutputPortDepth(CausalityInterfaceForComposites.java:759)
	at ptolemy.actor.util.CausalityInterfaceForComposites._computeInputDepth(CausalityInterfaceForComposites.java:696)
	at ptolemy.actor.util.CausalityInterfaceForComposites._computeOutputPortDepth(CausalityInterfaceForComposites.java:765)
	at ptolemy.actor.util.CausalityInterfaceForComposites._computeInputDepth(CausalityInterfaceForComposites.java:696)
	at ptolemy.actor.util.CausalityInterfaceForComposites._computeOutputPortDepth(CausalityInterfaceForComposites.java:765)
	at ptolemy.actor.util.CausalityInterfaceForComposites._computeInputDepth(CausalityInterfaceForComposites.java:696)
	at ptolemy.actor.util.CausalityInterfaceForComposites._computeActorDepth(CausalityInterfaceForComposites.java:532)
	at ptolemy.actor.util.CausalityInterfaceForComposites.checkForCycles(CausalityInterfaceForComposites.java:96)
	at ptolemy.domains.de.kernel.DEDirector.preinitialize(DEDirector.java:1338)
	at ptolemy.actor.CompositeActor.preinitialize(CompositeActor.java:1828)
	at ptolemy.actor.Manager.preinitializeAndResolveTypes(Manager.java:1040)
	at ptolemy.actor.Manager.initialize(Manager.java:710)
	at ptolemy.actor.Manager.execute(Manager.java:356)
	at ptolemy.actor.Manager.run(Manager.java:1263)
	at ptolemy.actor.Manager$PtolemyRunThread.run(Manager.java:1915)
java.lang.RuntimeException: Execution failed
	at ptolemy.moml.MoMLSimpleApplication$UnloadThread.run(MoMLSimpleApplication.java:402)
Caused by: ptolemy.kernel.util.IllegalActionException: Found a zero delay loop containing .dependencyLoop2.original
  in .dependencyLoop2 and .dependencyLoop2.original
	at ptolemy.actor.util.CausalityInterfaceForComposites._computeOutputPortDepth(CausalityInterfaceForComposites.java:759)
	at ptolemy.actor.util.CausalityInterfaceForComposites._computeInputDepth(CausalityInterfaceForComposites.java:696)
	at ptolemy.actor.util.CausalityInterfaceForComposites._computeOutputPortDepth(CausalityInterfaceForComposites.java:765)
	at ptolemy.actor.util.CausalityInterfaceForComposites._computeInputDepth(CausalityInterfaceForComposites.java:696)
	at ptolemy.actor.util.CausalityInterfaceForComposites._computeOutputPortDepth(CausalityInterfaceForComposites.java:765)
	at ptolemy.actor.util.CausalityInterfaceForComposites._computeInputDepth(CausalityInterfaceForComposites.java:696)
	at ptolemy.actor.util.CausalityInterfaceForComposites._computeActorDepth(CausalityInterfaceForComposites.java:532)
	at ptolemy.actor.util.CausalityInterfaceForComposites.checkForCycles(CausalityInterfaceForComposites.java:96)
	at ptolemy.domains.de.kernel.DEDirector.preinitialize(DEDirector.java:1338)
	at ptolemy.actor.CompositeActor.preinitialize(CompositeActor.java:1828)
	at ptolemy.actor.Manager.preinitializeAndResolveTypes(Manager.java:1040)
	at ptolemy.actor.Manager.initialize(Manager.java:710)
	at ptolemy.actor.Manager.execute(Manager.java:356)
	at ptolemy.actor.Manager.run(Manager.java:1263)
	at ptolemy.actor.Manager$PtolemyRunThread.run(Manager.java:1915)
java.lang.reflect.InvocationTargetException
	at java.base/jdk.internal.reflect.NativeConstructorAccessorImpl.newInstance0(Native Method)
	at java.base/jdk.internal.reflect.NativeConstructorAccessorImpl.newInstance(NativeConstructorAccessorImpl.java:62)
	at java.base/jdk.internal.reflect.DelegatingConstructorAccessorImpl.newInstance(DelegatingConstructorAccessorImpl.java:45)
	at java.base/java.lang.reflect.Constructor.newInstance(Constructor.java:490)
	at ptolemy.util.test.junit.AutoKnownFailedTests.RunModel(AutoKnownFailedTests.java:105)
	at java.base/jdk.internal.reflect.NativeMethodAccessorImpl.invoke0(Native Method)
	at java.base/jdk.internal.reflect.NativeMethodAccessorImpl.invoke(NativeMethodAccessorImpl.java:62)
	at java.base/jdk.internal.reflect.DelegatingMethodAccessorImpl.invoke(DelegatingMethodAccessorImpl.java:43)
	at java.base/java.lang.reflect.Method.invoke(Method.java:566)
	at org.junit.runners.model.FrameworkMethod$1.runReflectiveCall(FrameworkMethod.java:44)
	at org.junit.internal.runners.model.ReflectiveCallable.run(ReflectiveCallable.java:15)
	at org.junit.runners.model.FrameworkMethod.invokeExplosively(FrameworkMethod.java:41)
	at junitparams.internal.InvokeParameterisedMethod.evaluate(InvokeParameterisedMethod.java:102)
	at org.junit.internal.runners.statements.FailOnTimeout$1.run(FailOnTimeout.java:28)
Caused by: ptolemy.kernel.util.IllegalActionException: Found a zero delay loop containing .dependencyLoop2.original
  in .dependencyLoop2 and .dependencyLoop2.original
	at ptolemy.actor.util.CausalityInterfaceForComposites._computeOutputPortDepth(CausalityInterfaceForComposites.java:759)
	at ptolemy.actor.util.CausalityInterfaceForComposites._computeInputDepth(CausalityInterfaceForComposites.java:696)
	at ptolemy.actor.util.CausalityInterfaceForComposites._computeOutputPortDepth(CausalityInterfaceForComposites.java:765)
	at ptolemy.actor.util.CausalityInterfaceForComposites._computeInputDepth(CausalityInterfaceForComposites.java:696)
	at ptolemy.actor.util.CausalityInterfaceForComposites._computeOutputPortDepth(CausalityInterfaceForComposites.java:765)
	at ptolemy.actor.util.CausalityInterfaceForComposites._computeInputDepth(CausalityInterfaceForComposites.java:696)
	at ptolemy.actor.util.CausalityInterfaceForComposites._computeActorDepth(CausalityInterfaceForComposites.java:532)
	at ptolemy.actor.util.CausalityInterfaceForComposites.checkForCycles(CausalityInterfaceForComposites.java:96)
	at ptolemy.domains.de.kernel.DEDirector.preinitialize(DEDirector.java:1338)
	at ptolemy.actor.CompositeActor.preinitialize(CompositeActor.java:1828)
	at ptolemy.actor.Manager.preinitializeAndResolveTypes(Manager.java:1040)
	at ptolemy.actor.Manager.initialize(Manager.java:710)
	at ptolemy.actor.Manager.execute(Manager.java:356)
	at ptolemy.actor.Manager.run(Manager.java:1263)
	at ptolemy.actor.Manager$PtolemyRunThread.run(Manager.java:1915)
]]></system-err>
</testsuite>
