<?xml version="1.0" encoding="UTF-8" ?>
<testsuite errors="0" failures="0" hostname="travis-job-537ef4be-1a13-490f-9b2e-2b0103a7f5d4" name="ptolemy.domains.de.test.junit.JUnitTclTest" skipped="0" tests="101" time="127.363" timestamp="2018-08-03T01:47:10">
  <properties>
    <property name="npm.executable" value="npm" />
    <property name="file.encoding.pkg" value="sun.io" />
    <property name="ptII.mk.exists" value="true" />
    <property name="env.rvm_bin_path" value="/home/travis/.rvm/bin" />
    <property name="java.home" value="/usr/lib/jvm/java-8-oracle/jre" />
    <property name="env.TRAVIS_JOB_NUMBER" value="678.9" />
    <property name="env.DISPLAY" value=":99.0" />
    <property name="java.net.preferIPv4Stack" value="true" />
    <property name="env.TRAVIS_INIT" value="upstart" />
    <property name="env.SSH_TTY" value="/dev/pts/0" />
    <property name="env.RUN_TESTS" value="false" />
    <property name="timeout.short" value="1000000" />
    <property name="env.TRAVIS_STACK_NODE_ATTRIBUTES" value="/.node-attributes.yml" />
    <property name="junit.formatter" value="xml" />
    <property name="java.endorsed.dirs" value="/usr/lib/jvm/java-8-oracle/jre/lib/endorsed" />
    <property name="env.TRAVIS_SUDO" value="true" />
    <property name="env.LOGNAME" value="travis" />
    <property name="jsdoc.home" value="node_modules/@terraswarm/jsdoc" />
    <property name="debuglevel" value="source,lines,vars" />
    <property name="checkstyle.formatter" value="xml" />
    <property name="bin.vergil.makeable" value="true" />
    <property name="env._system_version" value="14.04" />
    <property name="sun.os.patch.level" value="unknown" />
    <property name="java.vendor.url" value="http://java.oracle.com/" />
    <property name="java.version" value="1.8.0_151" />
    <property name="env.TZ" value="UTC" />
    <property name="env.PT_NO_NET" value="true" />
    <property name="env.TRAVIS_PULL_REQUEST_SHA" value="" />
    <property name="env.TRAVIS_SECURE_ENV_VARS" value="true" />
    <property name="env._system_type" value="Linux" />
    <property name="java.vendor.url.bug" value="http://bugreport.sun.com/bugreport/" />
    <property name="env.SSH_CLIENT" value="10.10.16.10 52176 22" />
    <property name="npmjs-org-is-up" value="true" />
    <property name="env.GEM_HOME" value="/home/travis/.rvm/gems/ruby-2.4.1" />
    <property name="env.HAS_ANTARES_THREE_LITTLE_FRONZIES_BADGE" value="true" />
    <property name="env.PS4" value="+" />
    <property name="ant.project.invoked-targets" value="build,test.core2.xml" />
    <property name="env.TRAVIS_PULL_REQUEST_BRANCH" value="" />
    <property name="env.TRAVIS_REPO_SLUG" value="icyphy/ptII" />
    <property name="node.in.path" value="true" />
    <property name="java.maxmemory" value="1400m" />
    <property name="env.RUBY_VERSION" value="ruby-2.4.1" />
    <property name="user.name" value="travis" />
    <property name="env.LANG" value="en_US.UTF-8" />
    <property name="sun.io.unicode.encoding" value="UnicodeLittle" />
    <property name="sun.jnu.encoding" value="UTF-8" />
    <property name="java.runtime.name" value="Java(TM) SE Runtime Environment" />
    <property name="usefile" value="false" />
    <property name="return.code" value="0" />
    <property name="junit.single.formatter" value="plain" />
    <property name="env.DYLD_LIBRARY_PATH" value="/home/travis/pthla/certi-tools/lib:" />
    <property name="env.DEBIAN_FRONTEND" value="noninteractive" />
    <property name="env.SSH_CONNECTION" value="10.10.16.10 52176 10.20.0.64 22" />
    <property name="env.MYSQL_UNIX_PORT" value="/var/run/mysqld/mysqld.sock" />
    <property name="env.TRAVIS_ALLOW_FAILURE" value="false" />
    <property name="env.LC_ALL" value="en_US.UTF-8" />
    <property name="java.specification.name" value="Java Platform API Specification" />
    <property name="node.works" value="true" />
    <property name="user.timezone" value="" />
    <property name="path.separator" value=":" />
    <property name="env.PYTHON_CFLAGS" value="-g -fstack-protector --param=ssp-buffer-size=4 -Wformat -Werror=format-security" />
    <property name="timeout.long" value="4000000" />
    <property name="env.CERTI_HOME" value="/home/travis/pthla/certi-tools" />
    <property name="file.encoding" value="UTF-8" />
    <property name="ant.file.ptII" value="/home/travis/build/icyphy/ptII/build.xml" />
    <property name="javadoc.packagenames" value="com.*,diva.*,lbnl.*,org.hlacerti.*,org.json.*,org.ptolemy.*,org.terraswarm.*,ptolemy.*,ptserver.*" />
    <property name="env.TRAVIS_PULL_REQUEST_SLUG" value="" />
    <property name="ant.project.default-target" value="build" />
    <property name="env.GIT_ASKPASS" value="echo" />
    <property name="env.HOME" value="/home/travis" />
    <property name="sun.java.command" value="org.apache.tools.ant.taskdefs.optional.junit.JUnitTestRunner ptolemy.domains.de.test.junit.JUnitTclTest skipNonTests=false filtertrace=true haltOnError=false haltOnFailure=false formatter=org.apache.tools.ant.taskdefs.optional.junit.OutErrSummaryJUnitResultFormatter showoutput=true outputtoformatters=true logfailedtests=true threadid=0 logtestlistenerevents=false formatter=org.apache.tools.ant.taskdefs.optional.junit.XMLJUnitResultFormatter,/home/travis/build/icyphy/ptII/reports/junit/TEST-ptolemy.domains.de.test.junit.JUnitTclTest.xml crashfile=/home/travis/build/icyphy/ptII/junitvmwatcher1200935905328679046.properties propsfile=/home/travis/build/icyphy/ptII/junit1177824393760508407.properties" />
    <property name="env.MANPATH" value="/home/travis/.nvm/versions/node/v7.10.1/share/man:/home/travis/.kiex/elixirs/elixir-1.4.5/man:/home/travis/.rvm/rubies/ruby-2.4.1/share/man:/usr/local/man:/usr/local/cmake-3.9.2/man:/usr/local/clang-5.0.0/share/man:/usr/local/share/man:/usr/share/man:/home/travis/.rvm/man" />
    <property name="env.COMPOSER_NO_INTERACTION" value="1" />
    <property name="env.JDK_SWITCHER_DEFAULT" value="oraclejdk8" />
    <property name="ant.file" value="/home/travis/build/icyphy/ptII/build.xml" />
    <property name="env.TRAVIS_COMMIT_RANGE" value="9306933f8736eb21e4646ecd0366406a9fb889f9...9c38733458b1fb1d06265d679068a5e4ba110532" />
    <property name="env._system_name" value="Ubuntu" />
    <property name="timeout" value="2400000" />
    <property name="ptII.classpath.optional.property" value="/home/travis/build/icyphy/ptII/lib/bsh-2.0b4.jar:/home/travis/build/icyphy/ptII/lib/ptCal.jar:/home/travis/build/icyphy/ptII/lib/java_cup.jar:/home/travis/build/icyphy/ptII/lib/saxon8.jar:/home/travis/build/icyphy/ptII/lib/saxon8-dom.jar:/home/travis/build/icyphy/ptII/lib/chic.jar:/home/travis/build/icyphy/ptII/lib/ptcolt.jar:/usr/lib/jvm/java-8-oracle/lib/tools.jar:/usr/lib/eclipse/plugins/org.eclipse.jdt.core_3.8.2.dist.jar:/usr/lib/eclipse/plugins/org.eclipse.core.runtime_3.8.0.dist.jar:/usr/lib/eclipse/plugins/org.eclipse.osgi_3.8.1.dist.jar:/usr/lib/eclipse/plugins/org.eclipse.core.resources_3.8.1.dist.jar:/usr/lib/eclipse/plugins/org.eclipse.equinox.common_3.6.100.dist.jar:/usr/lib/eclipse/plugins/org.eclipse.core.jobs_3.5.200.dist.jar:/usr/lib/eclipse/plugins/org.eclipse.core.contenttype_3.4.200.dist.jar:/usr/lib/eclipse/plugins/org.eclipse.equinox.preferences_3.5.0.dist.jar:/usr/lib/eclipse/plugins/org.eclipse.text_3.5.200.dist.jar:/usr/lib/eclipse/plugins/org.eclipse.ui.workbench_3.8.1.dist.jar:/usr/lib/eclipse/plugins/org.eclipse.jface_3.8.0.dist.jar:/usr/lib/eclipse/plugins/org.eclipse.swt_3.8.2.jar:/usr/lib/eclipse/plugins/org.eclipse.jface.text_3.8.1.dist.jar:/usr/lib/eclipse/plugins/org.eclipse.ui.workbench.texteditor_3.8.0.dist.jar:/usr/lib/eclipse/plugins/org.eclipse.ui.editors_3.8.0.dist.jar:/usr/lib/eclipse/plugins/org.eclipse.core.commands_3.6.1.dist.jar:/usr/lib/eclipse/plugins/org.eclipse.equinox.registry_3.5.200.dist.jar:/usr/lib/eclipse/plugins/org.eclipse.ui.console_3.5.100.dist.jar:/usr/lib/eclipse/plugins/org.eclipse.ui.forms_3.5.200.dist.jar:/usr/lib/eclipse/plugins/org.eclipse.ui.ide_3.8.1.dist.jar:/home/travis/build/icyphy/ptII/vendors/oracle/dbxml.jar:/home/travis/build/icyphy/ptII/vendors/oracle/db.jar:/home/travis/build/icyphy/ptII/vendors/misc/itext/iText.jar:/home/travis/build/icyphy/ptII/lib/g4ltl.jar:/home/travis/build/icyphy/ptII/lib/StructuralCoder.jar:/home/travis/build/icyphy/ptII/lib/org-openide-util.jar:/home/travis/build/icyphy/ptII/lib/org-openide-util-lookup.jar:/home/travis/build/icyphy/ptII/lib/org-netbeans-api-visual.jar:/home/travis/build/icyphy/ptII/vendors/jai-1_1_2_01/lib/jai_core.jar:/home/travis/build/icyphy/ptII/vendors/jai-1_1_2_01/lib/jai_codec.jar:/home/travis/build/icyphy/ptII/lib/jcerti.jar:/home/travis/build/icyphy/ptII/lib/smack.jar:/home/travis/build/icyphy/ptII/lib/smackx.jar:/home/travis/build/icyphy/ptII/lib/jetty-all-8.1.5-v20120716.jar:/home/travis/build/icyphy/ptII/lib/javax.servlet-api-3.0.1.jar:/home/travis/build/icyphy/ptII/lib/javax.mail.jar:/home/travis/build/icyphy/ptII/vendors/JMF-2.1.1e/lib/jmf.jar:/home/travis/build/icyphy/ptII/lib/jna-4.0.0-variadic.jar:/home/travis/build/icyphy/ptII/vendors/misc/joystick/Joystick.jar:/home/travis/build/icyphy/ptII/lib/ptjacl.jar:/home/travis/build/icyphy/ptII/lib/jsoup-1.8.2.jar:/home/travis/build/icyphy/ptII/lib/junit-4.8.2.jar:/home/travis/build/icyphy/ptII/lib/JUnitParams-0.4.0.jar:/home/travis/build/icyphy/ptII/ptolemy/actor/lib/excel/jxl.jar:/home/travis/build/icyphy/ptII/lib/jython.jar:/home/travis/build/icyphy/ptII/lib/kieler.jar:/home/travis/build/icyphy/ptII/vendors/opencv/share/OpenCV/java/opencv-341.jar:/home/travis/build/icyphy/ptII/lib/oscP5.jar:/home/travis/build/icyphy/ptII/lib/nrjavaserial-3.11.0.devel.jar:/home/travis/build/icyphy/ptII/vendors/j3d/lib/j3dcore.jar:/home/travis/build/icyphy/ptII/vendors/j3d/lib/j3dutils.jar:/home/travis/build/icyphy/ptII/vendors/j3d/lib/vecmath.jar:/home/travis/build/icyphy/ptII/ptolemy/distributed/jini/jar/jini-core.jar:/home/travis/build/icyphy/ptII/ptolemy/distributed/jini/jar/jini-ext.jar:/home/travis/build/icyphy/ptII/ptolemy/distributed/jini/jar/sun-util.jar:/home/travis/build/icyphy/ptII/lib/protobuf-java-2.4.1.jar:/home/travis/build/icyphy/ptII/lib/org.eclipse.paho.client.mqttv3.jar:/home/travis/build/icyphy/ptII/ptserver/lib/hessian-4.0.7.jar:/home/travis/build/icyphy/ptII/ptserver/lib/wmqtt.jar:/home/travis/build/icyphy/ptII/lib/mapss.jar:/home/travis/build/icyphy/ptII/ptolemy/actor/ptalon/antlr/antlr.jar:/home/travis/build/icyphy/ptII/lib/JRI.jar:/home/travis/build/icyphy/ptII/lib/commons-lang-2.6.jar:/home/travis/build/icyphy/ptII/lib/commons-logging-1.1.1.jar:/home/travis/build/icyphy/ptII/lib/sootclasses.jar:/home/travis/build/icyphy/ptII/ptolemy/actor/lib/database/mysql-connector-java-5.1.6-bin.jar:/home/travis/build/icyphy/ptII/vendors/misc/sphinx4/sphinx4-data-5prealpha.jar:/home/travis/build/icyphy/ptII/vendors/misc/sphinx4/sphinx4-core-5prealpha.jar:/home/travis/build/icyphy/ptII/lib/PDFRenderer.jar:/home/travis/build/icyphy/ptII/lib/svgSalamander.jar:/home/travis/build/icyphy/ptII/lib/rsyntaxtextarea-2.6.0-SNAPSHOT.jar:/home/travis/build/icyphy/ptII/lib/hazelcast-3.8.2.jar:/home/travis/build/icyphy/ptII/lib/jackson-annotations-2.9.0.jar:/home/travis/build/icyphy/ptII/lib/jackson-core-2.9.3.jar:/home/travis/build/icyphy/ptII/lib/jackson-databind-2.9.3.jar:/home/travis/build/icyphy/ptII/lib/netty-buffer-4.1.19.Final.jar:/home/travis/build/icyphy/ptII/lib/netty-codec-4.1.19.Final.jar:/home/travis/build/icyphy/ptII/lib/netty-codec-dns-4.1.19.Final.jar:/home/travis/build/icyphy/ptII/lib/netty-codec-http-4.1.19.Final.jar:/home/travis/build/icyphy/ptII/lib/netty-codec-http2-4.1.19.Final.jar:/home/travis/build/icyphy/ptII/lib/netty-common-4.1.19.Final.jar:/home/travis/build/icyphy/ptII/lib/netty-handler-4.1.19.Final.jar:/home/travis/build/icyphy/ptII/lib/netty-resolver-4.1.19.Final.jar:/home/travis/build/icyphy/ptII/lib/netty-resolver-dns-4.1.19.Final.jar:/home/travis/build/icyphy/ptII/lib/netty-transport-4.1.19.Final.jar:/home/travis/build/icyphy/ptII/lib/vertx-codegen-3.5.1.jar:/home/travis/build/icyphy/ptII/lib/vertx-core-3.5.2-SNAPSHOT.jar:/home/travis/build/icyphy/ptII/lib/vertx-hazelcast-3.5.1.jar:/home/travis/build/icyphy/ptII/lib/vertx-lang-js-3.5.1.jar:/home/travis/build/icyphy/ptII/lib/vertx-service-proxy-3.5.1.jar:/home/travis/build/icyphy/ptII/lib/vertx-web-3.5.1.jar:/home/travis/build/icyphy/ptII/lib/slf4j-api-1.7.13.jar:/home/travis/build/icyphy/ptII/lib/slf4j-simple-1.7.13.jar:/home/travis/build/icyphy/ptII/lib/webcam-capture-0.3.12.jar:/home/travis/build/icyphy/ptII/lib/bridj-0.7.0.jar:/home/travis/build/icyphy/ptII/lib/xbjlib-1.1.0.nrjavaserial.jar" />
    <property name="test.batch" value="**/junit/*.java" />
    <property name="env._" value="/usr/bin/timeout" />
    <property name="java.io.tmpdir" value="/tmp" />
    <property name="user.language" value="en" />
    <property name="env.HISTCONTROL" value="ignoredups:ignorespace" />
    <property name="env.GOROOT" value="/home/travis/.gimme/versions/go1.7.4.linux.amd64" />
    <property name="line.separator" value="&#xa;" />
    <property name="target" value="1.8" />
    <property name="env.TRAVIS_BUILD_DIR" value="/home/travis/build/icyphy/ptII" />
    <property name="env.ANT_OPTS" value="-Xmx2048m" />
    <property name="ant.file.type" value="file" />
    <property name="ptolemy.ptII.batchMode" value="true" />
    <property name="env.HISTSIZE" value="1000" />
    <property name="env.MERB_ENV" value="test" />
    <property name="java.vm.info" value="mixed mode" />
    <property name="source" value="1.8" />
    <property name="java.vm.specification.name" value="Java Virtual Machine Specification" />
    <property name="env.TRAVIS_TEST_RESULT" value="0" />
    <property name="jsdoc.command" value="node_modules/@terraswarm/jsdoc/jsdoc.js" />
    <property name="npm.works" value="true" />
    <property name="cobertura.dir" value="/home/travis/build/icyphy/ptII/vendors/cobertura-2.0.3" />
    <property name="env.rvm_path" value="/home/travis/.rvm" />
    <property name="env.GEM_PATH" value="/home/travis/.rvm/gems/ruby-2.4.1:/home/travis/.rvm/gems/ruby-2.4.1@global" />
    <property name="env.LC_CTYPE" value="en_US.UTF-8" />
    <property name="java.awt.printerjob" value="sun.print.PSPrinterJob" />
    <property name="env.TRAVIS_STACK_NAME" value="garnet" />
    <property name="ant.version" value="Apache Ant(TM) version 1.10.1 compiled on February 2 2017" />
    <property name="ptII.reports" value="/home/travis/build/icyphy/ptII/reports" />
    <property name="env.TRAVIS_STACK_TIMESTAMP" value="2017-12-05 19:33:09 UTC" />
    <property name="ant.file.type.ptII" value="file" />
    <property name="env.RBENV_SHELL" value="bash" />
    <property name="os.name" value="Linux" />
    <property name="java.specification.vendor" value="Oracle Corporation" />
    <property name="env.rvm_version" value="1.29.3 (latest)" />
    <property name="env.TERM" value="xterm" />
    <property name="java.vm.name" value="Java HotSpot(TM) 64-Bit Server VM" />
    <property name="env.TRAVIS_BUILD_NUMBER" value="678" />
    <property name="env.CI" value="true" />
    <property name="java.library.path" value="/home/travis/pthla/certi-tools/lib:/usr/lib/jni:/usr/local/share/OpenCV/java/:/usr/share/OpenCV/java::/usr/java/packages/lib/amd64:/usr/lib64:/lib64:/lib:/usr/lib" />
    <property name="env.rvm_prefix" value="/home/travis" />
    <property name="env.PATH" value="/home/travis/pthla/certi-tools/share/scripts:/home/travis/.rvm/gems/ruby-2.4.1/bin:/home/travis/.rvm/gems/ruby-2.4.1@global/bin:/home/travis/.rvm/rubies/ruby-2.4.1/bin:/home/travis/.rvm/bin:/home/travis/.nvm/versions/node/v7.10.1/bin:./node_modules/.bin:/home/travis/build/icyphy/ptII/bin:/home/travis/pthla/certi-tools/bin:/home/travis/bin:/home/travis/.local/bin:/opt/pyenv/shims:/home/travis/.phpenv/shims:/home/travis/perl5/perlbrew/bin:/home/travis/.kiex/elixirs/elixir-1.4.5/bin:/home/travis/.kiex/bin:/home/travis/gopath/bin:/home/travis/.gimme/versions/go1.7.4.linux.amd64/bin:/usr/local/phantomjs/bin:/usr/local/phantomjs:/usr/local/neo4j-3.2.7/bin:/usr/local/maven-3.5.2/bin:/usr/local/cmake-3.9.2/bin:/usr/local/clang-5.0.0/bin:/usr/local/sbin:/usr/local/bin:/usr/sbin:/usr/bin:/sbin:/bin:/home/travis/.phpenv/bin:/opt/pyenv/bin:/home/travis/.yarn/bin" />
    <property name="env.TRAVIS_OS_NAME" value="linux" />
    <property name="ant.java.version" value="1.8" />
    <property name="basedir" value="/home/travis/build/icyphy/ptII" />
    <property name="java.class.version" value="52.0" />
    <property name="env.SHLVL" value="3" />
    <property name="env.LD_LIBRARY_PATH" value="/home/travis/pthla/certi-tools/lib:/usr/lib/jni:/usr/local/share/OpenCV/java/:/usr/share/OpenCV/java:" />
    <property name="env.RACK_ENV" value="test" />
    <property name="ant.home" value="/home/travis/build/icyphy/ptII/ant" />
    <property name="env.NVM_DIR" value="/home/travis/.nvm" />
    <property name="env.PERLBREW_BASHRC_VERSION" value="0.80" />
    <property name="env.CERTI_FOM_PATH" value="/home/travis/pthla/certi-tools/share/federations" />
    <property name="env.TRAVIS_BUILD_ID" value="411550086" />
    <property name="env.PYENV_ROOT" value="/opt/pyenv" />
    <property name="env.TRAVIS_UID" value="2000" />
    <property name="env.rvm_pretty_print_flag" value="auto" />
    <property name="env.NVM_BIN" value="/home/travis/.nvm/versions/node/v7.10.1/bin" />
    <property name="env.TRAVIS_COMMIT" value="9c38733458b1fb1d06265d679068a5e4ba110532" />
    <property name="env._system_arch" value="x86_64" />
    <property name="node.executable" value="node" />
    <property name="sun.boot.library.path" value="/usr/lib/jvm/java-8-oracle/jre/lib/amd64" />
    <property name="sun.management.compiler" value="HotSpot 64-Bit Tiered Compilers" />
    <property name="env.GOPATH" value="/home/travis/gopath" />
    <property name="java.awt.graphicsenv" value="sun.awt.X11GraphicsEnvironment" />
    <property name="ptolemy.ptII.dir" value="/home/travis/build/icyphy/ptII" />
    <property name="env.USER" value="travis" />
    <property name="env.HISTFILESIZE" value="2000" />
    <property name="timeout.longest" value="19000000" />
    <property name="env.TRAVIS_STACK_FEATURES" value="basic cassandra chromium couchdb disabled-ipv6 docker docker-compose elasticsearch firefox go-toolchain google-chrome jdk memcached mongodb mysql neo4j nodejs_interpreter perl_interpreter perlbrew phantomjs postgresql python_interpreter rabbitmq redis riak ruby_interpreter sqlite xserver" />
    <property name="env.TRAVIS_PULL_REQUEST" value="false" />
    <property name="env.PYENV_SHELL" value="bash" />
    <property name="ant.project.name" value="ptII" />
    <property name="java.vm.specification.version" value="1.8" />
    <property name="env.TRAVIS_DIST" value="trusty" />
    <property name="env.CERTI_VERSION" value="4.0.0" />
    <property name="env.NLSPATH" value="/usr/dt/lib/nls/msg/%L/%N.cat" />
    <property name="awt.toolkit" value="sun.awt.X11.XToolkit" />
    <property name="env.CERTI_HOST" value="localhost" />
    <property name="env.MY_RUBY_HOME" value="/home/travis/.rvm/rubies/ruby-2.4.1" />
    <property name="sun.cpu.isalist" value="" />
    <property name="java.ext.dirs" value="/usr/lib/jvm/java-8-oracle/jre/lib/ext:/usr/java/packages/lib/ext" />
    <property name="os.version" value="4.4.0-101-generic" />
    <property name="user.home" value="/home/travis" />
    <property name="env.MIX_ARCHIVES" value="/home/travis/.kiex/mix/elixir-1.4.5" />
    <property name="java.vm.vendor" value="Oracle Corporation" />
    <property name="env.TRAVIS_TAG" value="nightly" />
    <property name="env.TRAVIS_FILTERED" value="redirect_io" />
    <property name="env.JAVA_HOME" value="/usr/lib/jvm/java-8-oracle" />
    <property name="env.PTII" value="/home/travis/build/icyphy/ptII" />
    <property name="javadoc.excludepackagenames" value="adm.cvs2svn.*,build.*,config.*,doc.coding.templates.*,jni.test.jni.meaningOfLife.*,jni.test.jni.testDeux.*,jni.test.jni.testTrois.*,org.terraswarm.accessor.accessors.web.node_modules.*,org.terraswarm.accessor.accessors.web.hosts.cordova.demo.*,org.terraswarm.accessor.accessors.web.hosts.cordova.plugins.*,org.terraswarm.accessor.accessors-svn.*,pt-modules.*,ptolemy.apps.agilent.*,ptolemy.apps.anytimecontrol.*,ptolemy.apps.apes.*,ptolemy.apps.charon.*,ptolemy.apps.crazyboard.*,ptolemy.apps.eclipse.*,ptolemy.apps.etherealSting.*,ptolemy.apps.fullscreen.*,ptolemy.apps.giotto.*,ptolemy.apps.ia.*,ptolemy.apps.interfaces.*,ptolemy.apps.jmf.*,ptolemy.apps.kurt.*,ptolemy.apps.kvm.*,ptolemy.apps.lego.*,ptolemy.apps.lejos.*,ptolemy.apps.midp.*,ptolemy.apps.mobileCoding.*,ptolemy.apps.pendulum.*,ptolemy.apps.rijndael.*,ptolemy.apps.robot.*,ptolemy.apps.security.*,ptolemy.apps.sobel.*,ptolemy.apps.soot.*,ptolemy.apps.throttle.*,ptolemy.apps.tini.*,ptolemy.apps.transmission.*,ptolemy.apps.vergil.*,ptolemy.apps.waba.*,ptolemy.apps.websensor.*,ptolemy.apps.webstart.*,ptolemy.apps.xsl.*,ptolemy.apps.zaurus.*,ptolemy.backtrack.eclipse.plugin.*,ptolemy.backtrack.test.*,ptolemy.codegen.c.actor.lib.oldJavaFiles.*,ptolemy.codegen.dsp.lib.*,ptolemy.codegen.kernel.newInterfaces.*,ptolemy.codegen.lib.*,ptolemy.copernicus.kernel.fragment.*,ptolemy.copernicus.shallow.cg.*,ptolemy.domains.giotto.demo.Hierarchy.Hierarchy.*,ptolemy.domains.giotto.demo.Multimode.Multimode.*,ptolemy.domains.giotto.demo.Simple.Simple.*,ptolemy.domains.gr.lib.experimental.*,ptolemy.domains.gro.*,ptolemy.domains.pdf.*,ptolemy.domains.ptinyos.demo.Surge.output.*,ptolemy.moml.test.NoPackageActor.java*,ptolemy.plot.adm.*,ptolemy.plot.servlet.*,reports.*,signed.*,src.*,target.*,vendors.*,ptolemy.cg.adapter.generic.program.procedural.c.mbed*,ptolemy.actor.lib.fmi.fmus.omc*,ptolemy.domains.openmodelica*,ptdb.kernel.bl.save.test.*,ptdb.kernel.bl.load.test.*,ptdb.kernel.bl.search.test.*,ptdb.kernel.bl.migration.test.*,ptdb.kernel.database.test.*,ptdb.test.*,ptdb.gui.test.*,org.ptolemy.scala.*,diva.util.java2d.svg.*,ptolemy.domains.ptinyos.*,ptolemy.actor.lib.fmi.fmipp.*,,org.terraswarm.accessor.accessors.web.node_modules.*,org.terraswarm.accessor.accessors-svn,ptolemy.apps.*,ptolemy.actor.ptalon.demo.ptinyos.SendAndReceiveCnt.output,ptolemy.actor.ptalon.demo.ptinyos.SenseToLeds.output,ptolemy.domains.ptinyos.demo.CntToLedsAndRfm.output,ptolemy.domains.ptinyos.demo.RfmToLeds.output,ptolemy.domains.ptinyos.demo.SendAndReceiveCnt.output,ptolemy.domains.ptinyos.demo.SenseToLeds.output,ptolemy.actor.lib.jjs.modules.udpSocket.*" />
    <property name="env.TRAVIS_COMMIT_MESSAGE" value="Merge branch &apos;master&apos; of https://github.com/icyphy/ptII" />
    <property name="keystore" value="ptKeystore" />
    <property name="env.XDG_SESSION_ID" value="2" />
    <property name="junit.output.dir" value="/home/travis/build/icyphy/ptII/reports/junit" />
    <property name="npm.return.code" value="0" />
    <property name="user.dir" value="/home/travis/build/icyphy/ptII/ptolemy/domains/de/test" />
    <property name="env.TRAVIS_NODE_VERSION" value="7" />
    <property name="env.XFILESEARCHPATH" value="/usr/dt/app-defaults/%L/Dt" />
    <property name="env.TRAVIS_EVENT_TYPE" value="cron" />
    <property name="env.MAIL" value="/var/mail/travis" />
    <property name="env.PERLBREW_ROOT" value="/home/travis/perl5/perlbrew" />
    <property name="env.PWD" value="/home/travis/build/icyphy/ptII" />
    <property name="timeout.npm" value="45000" />
    <property name="env.PT_TRAVIS_TEST_CORE2_XML" value="true" />
    <property name="env.PAGER" value="cat" />
    <property name="sun.cpu.endian" value="little" />
    <property name="env.TRAVIS_BUILD_STAGE_NAME" value="Test" />
    <property name="env.PERLBREW_HOME" value="/home/travis/.perlbrew" />
    <property name="env.RAILS_ENV" value="test" />
    <property name="java.vm.version" value="25.151-b12" />
    <property name="java.class.path" value="/home/travis/build/icyphy/ptII:/home/travis/build/icyphy/ptII/lib/bsh-2.0b4.jar:/home/travis/build/icyphy/ptII/lib/ptCal.jar:/home/travis/build/icyphy/ptII/lib/java_cup.jar:/home/travis/build/icyphy/ptII/lib/saxon8.jar:/home/travis/build/icyphy/ptII/lib/saxon8-dom.jar:/home/travis/build/icyphy/ptII/lib/chic.jar:/home/travis/build/icyphy/ptII/lib/ptcolt.jar:/usr/lib/jvm/java-8-oracle/lib/tools.jar:/usr/lib/eclipse/plugins/org.eclipse.jdt.core_3.8.2.dist.jar:/usr/lib/eclipse/plugins/org.eclipse.core.runtime_3.8.0.dist.jar:/usr/lib/eclipse/plugins/org.eclipse.osgi_3.8.1.dist.jar:/usr/lib/eclipse/plugins/org.eclipse.core.resources_3.8.1.dist.jar:/usr/lib/eclipse/plugins/org.eclipse.equinox.common_3.6.100.dist.jar:/usr/lib/eclipse/plugins/org.eclipse.core.jobs_3.5.200.dist.jar:/usr/lib/eclipse/plugins/org.eclipse.core.contenttype_3.4.200.dist.jar:/usr/lib/eclipse/plugins/org.eclipse.equinox.preferences_3.5.0.dist.jar:/usr/lib/eclipse/plugins/org.eclipse.text_3.5.200.dist.jar:/usr/lib/eclipse/plugins/org.eclipse.ui.workbench_3.8.1.dist.jar:/usr/lib/eclipse/plugins/org.eclipse.jface_3.8.0.dist.jar:/usr/lib/eclipse/plugins/org.eclipse.swt_3.8.2.jar:/usr/lib/eclipse/plugins/org.eclipse.jface.text_3.8.1.dist.jar:/usr/lib/eclipse/plugins/org.eclipse.ui.workbench.texteditor_3.8.0.dist.jar:/usr/lib/eclipse/plugins/org.eclipse.ui.editors_3.8.0.dist.jar:/usr/lib/eclipse/plugins/org.eclipse.core.commands_3.6.1.dist.jar:/usr/lib/eclipse/plugins/org.eclipse.equinox.registry_3.5.200.dist.jar:/usr/lib/eclipse/plugins/org.eclipse.ui.console_3.5.100.dist.jar:/usr/lib/eclipse/plugins/org.eclipse.ui.forms_3.5.200.dist.jar:/usr/lib/eclipse/plugins/org.eclipse.ui.ide_3.8.1.dist.jar:/home/travis/build/icyphy/ptII/vendors/oracle/dbxml.jar:/home/travis/build/icyphy/ptII/vendors/oracle/db.jar:/home/travis/build/icyphy/ptII/vendors/misc/itext/iText.jar:/home/travis/build/icyphy/ptII/lib/g4ltl.jar:/home/travis/build/icyphy/ptII/lib/StructuralCoder.jar:/home/travis/build/icyphy/ptII/lib/org-openide-util.jar:/home/travis/build/icyphy/ptII/lib/org-openide-util-lookup.jar:/home/travis/build/icyphy/ptII/lib/org-netbeans-api-visual.jar:/home/travis/build/icyphy/ptII/vendors/jai-1_1_2_01/lib/jai_core.jar:/home/travis/build/icyphy/ptII/vendors/jai-1_1_2_01/lib/jai_codec.jar:/home/travis/build/icyphy/ptII/lib/jcerti.jar:/home/travis/build/icyphy/ptII/lib/smack.jar:/home/travis/build/icyphy/ptII/lib/smackx.jar:/home/travis/build/icyphy/ptII/lib/jetty-all-8.1.5-v20120716.jar:/home/travis/build/icyphy/ptII/lib/javax.servlet-api-3.0.1.jar:/home/travis/build/icyphy/ptII/lib/javax.mail.jar:/home/travis/build/icyphy/ptII/vendors/JMF-2.1.1e/lib/jmf.jar:/home/travis/build/icyphy/ptII/lib/jna-4.0.0-variadic.jar:/home/travis/build/icyphy/ptII/vendors/misc/joystick/Joystick.jar:/home/travis/build/icyphy/ptII/lib/ptjacl.jar:/home/travis/build/icyphy/ptII/lib/jsoup-1.8.2.jar:/home/travis/build/icyphy/ptII/lib/junit-4.8.2.jar:/home/travis/build/icyphy/ptII/lib/JUnitParams-0.4.0.jar:/home/travis/build/icyphy/ptII/ptolemy/actor/lib/excel/jxl.jar:/home/travis/build/icyphy/ptII/lib/jython.jar:/home/travis/build/icyphy/ptII/lib/kieler.jar:/home/travis/build/icyphy/ptII/vendors/opencv/share/OpenCV/java/opencv-341.jar:/home/travis/build/icyphy/ptII/lib/oscP5.jar:/home/travis/build/icyphy/ptII/lib/nrjavaserial-3.11.0.devel.jar:/home/travis/build/icyphy/ptII/vendors/j3d/lib/j3dcore.jar:/home/travis/build/icyphy/ptII/vendors/j3d/lib/j3dutils.jar:/home/travis/build/icyphy/ptII/vendors/j3d/lib/vecmath.jar:/home/travis/build/icyphy/ptII/ptolemy/distributed/jini/jar/jini-core.jar:/home/travis/build/icyphy/ptII/ptolemy/distributed/jini/jar/jini-ext.jar:/home/travis/build/icyphy/ptII/ptolemy/distributed/jini/jar/sun-util.jar:/home/travis/build/icyphy/ptII/lib/protobuf-java-2.4.1.jar:/home/travis/build/icyphy/ptII/lib/org.eclipse.paho.client.mqttv3.jar:/home/travis/build/icyphy/ptII/ptserver/lib/hessian-4.0.7.jar:/home/travis/build/icyphy/ptII/ptserver/lib/wmqtt.jar:/home/travis/build/icyphy/ptII/lib/mapss.jar:/home/travis/build/icyphy/ptII/ptolemy/actor/ptalon/antlr/antlr.jar:/home/travis/build/icyphy/ptII/lib/JRI.jar:/home/travis/build/icyphy/ptII/lib/commons-lang-2.6.jar:/home/travis/build/icyphy/ptII/lib/commons-logging-1.1.1.jar:/home/travis/build/icyphy/ptII/lib/sootclasses.jar:/home/travis/build/icyphy/ptII/ptolemy/actor/lib/database/mysql-connector-java-5.1.6-bin.jar:/home/travis/build/icyphy/ptII/vendors/misc/sphinx4/sphinx4-data-5prealpha.jar:/home/travis/build/icyphy/ptII/vendors/misc/sphinx4/sphinx4-core-5prealpha.jar:/home/travis/build/icyphy/ptII/lib/PDFRenderer.jar:/home/travis/build/icyphy/ptII/lib/svgSalamander.jar:/home/travis/build/icyphy/ptII/lib/rsyntaxtextarea-2.6.0-SNAPSHOT.jar:/home/travis/build/icyphy/ptII/lib/hazelcast-3.8.2.jar:/home/travis/build/icyphy/ptII/lib/jackson-annotations-2.9.0.jar:/home/travis/build/icyphy/ptII/lib/jackson-core-2.9.3.jar:/home/travis/build/icyphy/ptII/lib/jackson-databind-2.9.3.jar:/home/travis/build/icyphy/ptII/lib/netty-buffer-4.1.19.Final.jar:/home/travis/build/icyphy/ptII/lib/netty-codec-4.1.19.Final.jar:/home/travis/build/icyphy/ptII/lib/netty-codec-dns-4.1.19.Final.jar:/home/travis/build/icyphy/ptII/lib/netty-codec-http-4.1.19.Final.jar:/home/travis/build/icyphy/ptII/lib/netty-codec-http2-4.1.19.Final.jar:/home/travis/build/icyphy/ptII/lib/netty-common-4.1.19.Final.jar:/home/travis/build/icyphy/ptII/lib/netty-handler-4.1.19.Final.jar:/home/travis/build/icyphy/ptII/lib/netty-resolver-4.1.19.Final.jar:/home/travis/build/icyphy/ptII/lib/netty-resolver-dns-4.1.19.Final.jar:/home/travis/build/icyphy/ptII/lib/netty-transport-4.1.19.Final.jar:/home/travis/build/icyphy/ptII/lib/vertx-codegen-3.5.1.jar:/home/travis/build/icyphy/ptII/lib/vertx-core-3.5.2-SNAPSHOT.jar:/home/travis/build/icyphy/ptII/lib/vertx-hazelcast-3.5.1.jar:/home/travis/build/icyphy/ptII/lib/vertx-lang-js-3.5.1.jar:/home/travis/build/icyphy/ptII/lib/vertx-service-proxy-3.5.1.jar:/home/travis/build/icyphy/ptII/lib/vertx-web-3.5.1.jar:/home/travis/build/icyphy/ptII/lib/slf4j-api-1.7.13.jar:/home/travis/build/icyphy/ptII/lib/slf4j-simple-1.7.13.jar:/home/travis/build/icyphy/ptII/lib/webcam-capture-0.3.12.jar:/home/travis/build/icyphy/ptII/lib/bridj-0.7.0.jar:/home/travis/build/icyphy/ptII/lib/xbjlib-1.1.0.nrjavaserial.jar:/home/travis/build/icyphy/ptII/ptolemy/moml/test:/home/travis/build/icyphy/ptII/ant/lib/ant-launcher.jar:/home/travis/build/icyphy/ptII/ant/lib/ant.jar:/home/travis/build/icyphy/ptII/ant/lib/ant-junit.jar:/home/travis/build/icyphy/ptII/ant/lib/ant-junit4.jar" />
    <property name="ant.library.dir" value="/home/travis/build/icyphy/ptII/ant/lib" />
    <property name="os.arch" value="amd64" />
    <property name="env.TRAVIS_LANGUAGE" value="node_js" />
    <property name="env.CONTINUOUS_INTEGRATION" value="true" />
    <property name="env.TRAVIS_STACK_LANGUAGES" value="__garnet__ c c++ clojure cplusplus cpp default go groovy java node_js php pure_java python ruby scala" />
    <property name="test.name" value="ptolemy.actor.lib.test.junit.JUnitTclTest" />
    <property name="sun.java.launcher" value="SUN_STANDARD" />
    <property name="env.PYTHON_CONFIGURE_OPTS" value="--enable-unicode=ucs4 --with-wide-unicode --enable-shared --enable-ipv6 --enable-loadable-sqlite-extensions --with-computed-gotos" />
    <property name="ant.core.lib" value="/home/travis/build/icyphy/ptII/ant/lib/ant.jar" />
    <property name="java.vm.specification.vendor" value="Oracle Corporation" />
    <property name="env.BCVTB_HOME" value="/home/travis/build/icyphy/ptII/lbnl" />
    <property name="file.separator" value="/" />
    <property name="java.runtime.version" value="1.8.0_151-b12" />
    <property name="spotbugs.home" value="/home/travis/build/icyphy/ptII/vendors/spotbugs-3.1.1" />
    <property name="sun.boot.class.path" value="/usr/lib/jvm/java-8-oracle/jre/lib/resources.jar:/usr/lib/jvm/java-8-oracle/jre/lib/rt.jar:/usr/lib/jvm/java-8-oracle/jre/lib/sunrsasign.jar:/usr/lib/jvm/java-8-oracle/jre/lib/jsse.jar:/usr/lib/jvm/java-8-oracle/jre/lib/jce.jar:/usr/lib/jvm/java-8-oracle/jre/lib/charsets.jar:/usr/lib/jvm/java-8-oracle/jre/lib/jfr.jar:/usr/lib/jvm/java-8-oracle/jre/classes" />
    <property name="env.HAS_JOSH_K_SEAL_OF_APPROVAL" value="true" />
    <property name="env.XDG_RUNTIME_DIR" value="/run/user/2000" />
    <property name="env.TRAVIS_OSX_IMAGE" value="" />
    <property name="env.TRAVIS_BRANCH" value="master" />
    <property name="env.TRAVIS_JOB_ID" value="411550095" />
    <property name="user.country" value="US" />
    <property name="env.CERTI_HOME_TRAVIS" value="/home/travis/pthla/certi-tools" />
    <property name="env.SHELL" value="/bin/bash" />
    <property name="java.maxmemory.large" value="5000m" />
    <property name="model" value="" />
    <property name="env.CASHER_DIR" value="/home/travis/.casher" />
    <property name="env.NVM_CD_FLAGS" value="" />
    <property name="jshint.executable" value="/home/travis/node_modules/jshint/bin/jshint" />
    <property name="java.vendor" value="Oracle Corporation" />
    <property name="env.JRUBY_OPTS" value=" --client -J-XX:+TieredCompilation -J-XX:TieredStopAtLevel=1 -J-Xss2m -Xcompile.invokedynamic=false" />
    <property name="env.TRAVIS_PRE_CHEF_BOOTSTRAP_TIME" value="2017-12-05T19:32:55" />
    <property name="env.ELIXIR_VERSION" value="1.4.5" />
    <property name="env.TRAVIS_STACK_JOB_BOARD_REGISTER" value="/.job-board-register.yml" />
    <property name="java.specification.version" value="1.8" />
    <property name="env.TRAVIS" value="true" />
    <property name="env.IRBRC" value="/home/travis/.rvm/rubies/ruby-2.4.1/.irbrc" />
    <property name="sun.arch.data.model" value="64" />
  </properties>
  <testcase classname="ptolemy.util.test.junit.TclTests" name="[0] /home/travis/build/icyphy/ptII/ptolemy/domains/de/test/DependencyLoop.tcl (RunTclFile)" time="0.653" />
  <testcase classname="ptolemy.util.test.junit.TclTests" name="[1] /home/travis/build/icyphy/ptII/ptolemy/domains/de/test/RunDETestsAsQSS.tcl (RunTclFile)" time="87.024" />
  <testcase classname="ptolemy.util.test.junit.AutoKnownFailedTests" name="[0] /home/travis/build/icyphy/ptII/ptolemy/domains/de/test/auto/knownFailedTests/DESDFClockTest.xml (RunModel)" time="2.027" />
  <testcase classname="ptolemy.util.test.junit.AutoKnownFailedTests" name="[1] /home/travis/build/icyphy/ptII/ptolemy/domains/de/test/auto/knownFailedTests/DirectFeedback.xml (RunModel)" time="0.015" />
  <testcase classname="ptolemy.util.test.junit.AutoKnownFailedTests" name="[2] /home/travis/build/icyphy/ptII/ptolemy/domains/de/test/auto/knownFailedTests/FSMSource.xml (RunModel)" time="0.024" />
  <testcase classname="ptolemy.util.test.junit.AutoKnownFailedTests" name="[3] /home/travis/build/icyphy/ptII/ptolemy/domains/de/test/auto/knownFailedTests/HierarchicalModel.xml (RunModel)" time="0.053" />
  <testcase classname="ptolemy.util.test.junit.AutoKnownFailedTests" name="[4] /home/travis/build/icyphy/ptII/ptolemy/domains/de/test/auto/knownFailedTests/dependencyLoop.xml (RunModel)" time="0.047" />
  <testcase classname="ptolemy.util.test.junit.AutoKnownFailedTests" name="[5] /home/travis/build/icyphy/ptII/ptolemy/domains/de/test/auto/knownFailedTests/dependencyLoop2.xml (RunModel)" time="0.041" />
  <testcase classname="ptolemy.util.test.junit.AutoNameArchTests" name="[0] ThereAreNoAutoArchTests (RunModel)" time="0.0" />
  <testcase classname="ptolemy.util.test.junit.AutoTests" name="[0] /home/travis/build/icyphy/ptII/ptolemy/domains/de/test/auto/ActorDepthCalculation_actorWithoutPorts.xml (RunModel)" time="0.015" />
  <testcase classname="ptolemy.util.test.junit.AutoTests" name="[1] /home/travis/build/icyphy/ptII/ptolemy/domains/de/test/auto/AssemblyLine.xml (RunModel)" time="0.015" />
  <testcase classname="ptolemy.util.test.junit.AutoTests" name="[2] /home/travis/build/icyphy/ptII/ptolemy/domains/de/test/auto/CQBug1.xml (RunModel)" time="0.007" />
  <testcase classname="ptolemy.util.test.junit.AutoTests" name="[3] /home/travis/build/icyphy/ptII/ptolemy/domains/de/test/auto/CancelFireAt.xml (RunModel)" time="0.006" />
  <testcase classname="ptolemy.util.test.junit.AutoTests" name="[4] /home/travis/build/icyphy/ptII/ptolemy/domains/de/test/auto/CausalityAndComposabilityAnalysis.xml (RunModel)" time="0.011" />
  <testcase classname="ptolemy.util.test.junit.AutoTests" name="[5] /home/travis/build/icyphy/ptII/ptolemy/domains/de/test/auto/CausalityInterface1.xml (RunModel)" time="0.012" />
  <testcase classname="ptolemy.util.test.junit.AutoTests" name="[6] /home/travis/build/icyphy/ptII/ptolemy/domains/de/test/auto/CausalityInterface15.xml (RunModel)" time="0.017" />
  <testcase classname="ptolemy.util.test.junit.AutoTests" name="[7] /home/travis/build/icyphy/ptII/ptolemy/domains/de/test/auto/CausalityInterface2.xml (RunModel)" time="0.011" />
  <testcase classname="ptolemy.util.test.junit.AutoTests" name="[8] /home/travis/build/icyphy/ptII/ptolemy/domains/de/test/auto/CausalityInterface3.xml (RunModel)" time="0.011" />
  <testcase classname="ptolemy.util.test.junit.AutoTests" name="[9] /home/travis/build/icyphy/ptII/ptolemy/domains/de/test/auto/ClockDrift.xml (RunModel)" time="0.032" />
  <testcase classname="ptolemy.util.test.junit.AutoTests" name="[10] /home/travis/build/icyphy/ptII/ptolemy/domains/de/test/auto/ClockDriftAndValueChange.xml (RunModel)" time="0.028" />
  <testcase classname="ptolemy.util.test.junit.AutoTests" name="[11] /home/travis/build/icyphy/ptII/ptolemy/domains/de/test/auto/ClockDriftChange.xml (RunModel)" time="0.025" />
  <testcase classname="ptolemy.util.test.junit.AutoTests" name="[12] /home/travis/build/icyphy/ptII/ptolemy/domains/de/test/auto/ComposableCausalityAnalysis.xml (RunModel)" time="0.016" />
  <testcase classname="ptolemy.util.test.junit.AutoTests" name="[13] /home/travis/build/icyphy/ptII/ptolemy/domains/de/test/auto/DEFixedPointLimitation.xml (RunModel)" time="0.009" />
  <testcase classname="ptolemy.util.test.junit.AutoTests" name="[14] /home/travis/build/icyphy/ptII/ptolemy/domains/de/test/auto/DEScheduleTest.xml (RunModel)" time="0.011" />
  <testcase classname="ptolemy.util.test.junit.AutoTests" name="[15] /home/travis/build/icyphy/ptII/ptolemy/domains/de/test/auto/DEinDEwithStartTimes.xml (RunModel)" time="0.013" />
  <testcase classname="ptolemy.util.test.junit.AutoTests" name="[16] /home/travis/build/icyphy/ptII/ptolemy/domains/de/test/auto/DEinDEwithStartTimes2.xml (RunModel)" time="0.013" />
  <testcase classname="ptolemy.util.test.junit.AutoTests" name="[17] /home/travis/build/icyphy/ptII/ptolemy/domains/de/test/auto/DateDemo.xml (RunModel)" time="0.026" />
  <testcase classname="ptolemy.util.test.junit.AutoTests" name="[18] /home/travis/build/icyphy/ptII/ptolemy/domains/de/test/auto/DateToEvent.xml (RunModel)" time="2.038" />
  <testcase classname="ptolemy.util.test.junit.AutoTests" name="[19] /home/travis/build/icyphy/ptII/ptolemy/domains/de/test/auto/DepthTest1.xml (RunModel)" time="0.01" />
  <testcase classname="ptolemy.util.test.junit.AutoTests" name="[20] /home/travis/build/icyphy/ptII/ptolemy/domains/de/test/auto/DepthTest2.xml (RunModel)" time="0.02" />
  <testcase classname="ptolemy.util.test.junit.AutoTests" name="[21] /home/travis/build/icyphy/ptII/ptolemy/domains/de/test/auto/DepthTest3.xml (RunModel)" time="0.006" />
  <testcase classname="ptolemy.util.test.junit.AutoTests" name="[22] /home/travis/build/icyphy/ptII/ptolemy/domains/de/test/auto/DepthTest4.xml (RunModel)" time="0.011" />
  <testcase classname="ptolemy.util.test.junit.AutoTests" name="[23] /home/travis/build/icyphy/ptII/ptolemy/domains/de/test/auto/DepthTest5.xml (RunModel)" time="0.012" />
  <testcase classname="ptolemy.util.test.junit.AutoTests" name="[24] /home/travis/build/icyphy/ptII/ptolemy/domains/de/test/auto/DepthTest6.xml (RunModel)" time="0.012" />
  <testcase classname="ptolemy.util.test.junit.AutoTests" name="[25] /home/travis/build/icyphy/ptII/ptolemy/domains/de/test/auto/DepthTest7.xml (RunModel)" time="0.011" />
  <testcase classname="ptolemy.util.test.junit.AutoTests" name="[26] /home/travis/build/icyphy/ptII/ptolemy/domains/de/test/auto/EventToDate.xml (RunModel)" time="3.036" />
  <testcase classname="ptolemy.util.test.junit.AutoTests" name="[27] /home/travis/build/icyphy/ptII/ptolemy/domains/de/test/auto/FSM1.xml (RunModel)" time="0.039" />
  <testcase classname="ptolemy.util.test.junit.AutoTests" name="[28] /home/travis/build/icyphy/ptII/ptolemy/domains/de/test/auto/FSM7.xml (RunModel)" time="0.037" />
  <testcase classname="ptolemy.util.test.junit.AutoTests" name="[29] /home/travis/build/icyphy/ptII/ptolemy/domains/de/test/auto/Inspection.xml (RunModel)" time="0.035" />
  <testcase classname="ptolemy.util.test.junit.AutoTests" name="[30] /home/travis/build/icyphy/ptII/ptolemy/domains/de/test/auto/Iteration.xml (RunModel)" time="0.023" />
  <testcase classname="ptolemy.util.test.junit.AutoTests" name="[31] /home/travis/build/icyphy/ptII/ptolemy/domains/de/test/auto/LineFault.xml (RunModel)" time="0.556" />
  <testcase classname="ptolemy.util.test.junit.AutoTests" name="[32] /home/travis/build/icyphy/ptII/ptolemy/domains/de/test/auto/MergeModel1Add.xml (RunModel)" time="0.037" />
  <testcase classname="ptolemy.util.test.junit.AutoTests" name="[33] /home/travis/build/icyphy/ptII/ptolemy/domains/de/test/auto/MergeModel2Add.xml (RunModel)" time="0.035" />
  <testcase classname="ptolemy.util.test.junit.AutoTests" name="[34] /home/travis/build/icyphy/ptII/ptolemy/domains/de/test/auto/MergeModel3Add.xml (RunModel)" time="0.041" />
  <testcase classname="ptolemy.util.test.junit.AutoTests" name="[35] /home/travis/build/icyphy/ptII/ptolemy/domains/de/test/auto/MergeWithoutDiscard.xml (RunModel)" time="0.011" />
  <testcase classname="ptolemy.util.test.junit.AutoTests" name="[36] /home/travis/build/icyphy/ptII/ptolemy/domains/de/test/auto/Modal1.xml (RunModel)" time="0.028" />
  <testcase classname="ptolemy.util.test.junit.AutoTests" name="[37] /home/travis/build/icyphy/ptII/ptolemy/domains/de/test/auto/Modal2.xml (RunModel)" time="0.026" />
  <testcase classname="ptolemy.util.test.junit.AutoTests" name="[38] /home/travis/build/icyphy/ptII/ptolemy/domains/de/test/auto/Modal3.xml (RunModel)" time="0.027" />
  <testcase classname="ptolemy.util.test.junit.AutoTests" name="[39] /home/travis/build/icyphy/ptII/ptolemy/domains/de/test/auto/Modal4.xml (RunModel)" time="0.032" />
  <testcase classname="ptolemy.util.test.junit.AutoTests" name="[40] /home/travis/build/icyphy/ptII/ptolemy/domains/de/test/auto/Modal5.xml (RunModel)" time="0.025" />
  <testcase classname="ptolemy.util.test.junit.AutoTests" name="[41] /home/travis/build/icyphy/ptII/ptolemy/domains/de/test/auto/Modal6.xml (RunModel)" time="0.025" />
  <testcase classname="ptolemy.util.test.junit.AutoTests" name="[42] /home/travis/build/icyphy/ptII/ptolemy/domains/de/test/auto/Modal7.xml (RunModel)" time="0.028" />
  <testcase classname="ptolemy.util.test.junit.AutoTests" name="[43] /home/travis/build/icyphy/ptII/ptolemy/domains/de/test/auto/ModalModel.xml (RunModel)" time="0.166" />
  <testcase classname="ptolemy.util.test.junit.AutoTests" name="[44] /home/travis/build/icyphy/ptII/ptolemy/domains/de/test/auto/ModalSource.xml (RunModel)" time="0.018" />
  <testcase classname="ptolemy.util.test.junit.AutoTests" name="[45] /home/travis/build/icyphy/ptII/ptolemy/domains/de/test/auto/NonInterruptibleTimerZeroDelay.xml (RunModel)" time="0.01" />
  <testcase classname="ptolemy.util.test.junit.AutoTests" name="[46] /home/travis/build/icyphy/ptII/ptolemy/domains/de/test/auto/OpenQueueingNetwork.xml (RunModel)" time="2.065" />
  <testcase classname="ptolemy.util.test.junit.AutoTests" name="[47] /home/travis/build/icyphy/ptII/ptolemy/domains/de/test/auto/OpenQueuingNetwork.xml (RunModel)" time="0.252" />
  <testcase classname="ptolemy.util.test.junit.AutoTests" name="[48] /home/travis/build/icyphy/ptII/ptolemy/domains/de/test/auto/PeriodicSampler.xml (RunModel)" time="0.007" />
  <testcase classname="ptolemy.util.test.junit.AutoTests" name="[49] /home/travis/build/icyphy/ptII/ptolemy/domains/de/test/auto/PersistentIO.xml (RunModel)" time="0.021" />
  <testcase classname="ptolemy.util.test.junit.AutoTests" name="[50] /home/travis/build/icyphy/ptII/ptolemy/domains/de/test/auto/PortParameterResetOnInitialize.xml (RunModel)" time="0.008" />
  <testcase classname="ptolemy.util.test.junit.AutoTests" name="[51] /home/travis/build/icyphy/ptII/ptolemy/domains/de/test/auto/PortParameterUpdates.xml (RunModel)" time="0.014" />
  <testcase classname="ptolemy.util.test.junit.AutoTests" name="[52] /home/travis/build/icyphy/ptII/ptolemy/domains/de/test/auto/QueueAndServer.xml (RunModel)" time="0.021" />
  <testcase classname="ptolemy.util.test.junit.AutoTests" name="[53] /home/travis/build/icyphy/ptII/ptolemy/domains/de/test/auto/Records.xml (RunModel)" time="0.014" />
  <testcase classname="ptolemy.util.test.junit.AutoTests" name="[54] /home/travis/build/icyphy/ptII/ptolemy/domains/de/test/auto/ResetTransitionWithStartTime1.xml (RunModel)" time="0.021" />
  <testcase classname="ptolemy.util.test.junit.AutoTests" name="[55] /home/travis/build/icyphy/ptII/ptolemy/domains/de/test/auto/ResetTransitionWithStartTime2.xml (RunModel)" time="0.017" />
  <testcase classname="ptolemy.util.test.junit.AutoTests" name="[56] /home/travis/build/icyphy/ptII/ptolemy/domains/de/test/auto/ResetTransitionWithStartTime3.xml (RunModel)" time="0.021" />
  <testcase classname="ptolemy.util.test.junit.AutoTests" name="[57] /home/travis/build/icyphy/ptII/ptolemy/domains/de/test/auto/ResetTransitionWithStartTime4.xml (RunModel)" time="0.02" />
  <testcase classname="ptolemy.util.test.junit.AutoTests" name="[58] /home/travis/build/icyphy/ptII/ptolemy/domains/de/test/auto/ResettableTimer1.xml (RunModel)" time="0.01" />
  <testcase classname="ptolemy.util.test.junit.AutoTests" name="[59] /home/travis/build/icyphy/ptII/ptolemy/domains/de/test/auto/ResettableTimer2.xml (RunModel)" time="0.01" />
  <testcase classname="ptolemy.util.test.junit.AutoTests" name="[60] /home/travis/build/icyphy/ptII/ptolemy/domains/de/test/auto/ResettableTimer3.xml (RunModel)" time="0.009" />
  <testcase classname="ptolemy.util.test.junit.AutoTests" name="[61] /home/travis/build/icyphy/ptII/ptolemy/domains/de/test/auto/ResettableTimer4.xml (RunModel)" time="0.01" />
  <testcase classname="ptolemy.util.test.junit.AutoTests" name="[62] /home/travis/build/icyphy/ptII/ptolemy/domains/de/test/auto/ResettableTimer5.xml (RunModel)" time="0.009" />
  <testcase classname="ptolemy.util.test.junit.AutoTests" name="[63] /home/travis/build/icyphy/ptII/ptolemy/domains/de/test/auto/ResettableTimer6.xml (RunModel)" time="0.016" />
  <testcase classname="ptolemy.util.test.junit.AutoTests" name="[64] /home/travis/build/icyphy/ptII/ptolemy/domains/de/test/auto/ServerZeroDelay.xml (RunModel)" time="0.016" />
  <testcase classname="ptolemy.util.test.junit.AutoTests" name="[65] /home/travis/build/icyphy/ptII/ptolemy/domains/de/test/auto/SmartSender.xml (RunModel)" time="3.016" />
  <testcase classname="ptolemy.util.test.junit.AutoTests" name="[66] /home/travis/build/icyphy/ptII/ptolemy/domains/de/test/auto/ThreadedComposite.xml (RunModel)" time="0.94" />
  <testcase classname="ptolemy.util.test.junit.AutoTests" name="[67] /home/travis/build/icyphy/ptII/ptolemy/domains/de/test/auto/Time.xml (RunModel)" time="0.432" />
  <testcase classname="ptolemy.util.test.junit.AutoTests" name="[68] /home/travis/build/icyphy/ptII/ptolemy/domains/de/test/auto/TimeDelayZeroDelay.xml (RunModel)" time="0.014" />
  <testcase classname="ptolemy.util.test.junit.AutoTests" name="[69] /home/travis/build/icyphy/ptII/ptolemy/domains/de/test/auto/TimerZeroDelay.xml (RunModel)" time="0.015" />
  <testcase classname="ptolemy.util.test.junit.AutoTests" name="[70] /home/travis/build/icyphy/ptII/ptolemy/domains/de/test/auto/TimingParadox.xml (RunModel)" time="0.337" />
  <testcase classname="ptolemy.util.test.junit.AutoTests" name="[71] /home/travis/build/icyphy/ptII/ptolemy/domains/de/test/auto/TransferInputs.xml (RunModel)" time="0.013" />
  <testcase classname="ptolemy.util.test.junit.AutoTests" name="[72] /home/travis/build/icyphy/ptII/ptolemy/domains/de/test/auto/TransferOutputs2.xml (RunModel)" time="0.018" />
  <testcase classname="ptolemy.util.test.junit.AutoTests" name="[73] /home/travis/build/icyphy/ptII/ptolemy/domains/de/test/auto/Trilateration.xml (RunModel)" time="11.174" />
  <testcase classname="ptolemy.util.test.junit.AutoTests" name="[74] /home/travis/build/icyphy/ptII/ptolemy/domains/de/test/auto/TwoSigmaDelta.xml (RunModel)" time="1.846" />
  <testcase classname="ptolemy.util.test.junit.AutoTests" name="[75] /home/travis/build/icyphy/ptII/ptolemy/domains/de/test/auto/VariableDelay.xml (RunModel)" time="0.016" />
  <testcase classname="ptolemy.util.test.junit.AutoTests" name="[76] /home/travis/build/icyphy/ptII/ptolemy/domains/de/test/auto/VariableDelay2.xml (RunModel)" time="0.01" />
  <testcase classname="ptolemy.util.test.junit.AutoTests" name="[77] /home/travis/build/icyphy/ptII/ptolemy/domains/de/test/auto/VariableDelayZeroDelay.xml (RunModel)" time="0.011" />
  <testcase classname="ptolemy.util.test.junit.AutoTests" name="[78] /home/travis/build/icyphy/ptII/ptolemy/domains/de/test/auto/VariableDelayZeroDelay2.xml (RunModel)" time="0.008" />
  <testcase classname="ptolemy.util.test.junit.AutoTests" name="[79] /home/travis/build/icyphy/ptII/ptolemy/domains/de/test/auto/deInCt.xml (RunModel)" time="0.015" />
  <testcase classname="ptolemy.util.test.junit.AutoTests" name="[80] /home/travis/build/icyphy/ptII/ptolemy/domains/de/test/auto/deInCt2.xml (RunModel)" time="0.02" />
  <testcase classname="ptolemy.util.test.junit.AutoTests" name="[81] /home/travis/build/icyphy/ptII/ptolemy/domains/de/test/auto/dynamicCausalityInterface1.xml (RunModel)" time="0.017" />
  <testcase classname="ptolemy.util.test.junit.AutoTests" name="[82] /home/travis/build/icyphy/ptII/ptolemy/domains/de/test/auto/fsm_de_test.xml (RunModel)" time="0.024" />
  <testcase classname="ptolemy.util.test.junit.AutoTests" name="[83] /home/travis/build/icyphy/ptII/ptolemy/domains/de/test/auto/functionDependencyReconstruction.xml (RunModel)" time="0.034" />
  <testcase classname="ptolemy.util.test.junit.AutoTests" name="[84] /home/travis/build/icyphy/ptII/ptolemy/domains/de/test/auto/multirate.xml (RunModel)" time="0.016" />
  <testcase classname="ptolemy.util.test.junit.AutoTests" name="[85] /home/travis/build/icyphy/ptII/ptolemy/domains/de/test/auto/multirate2.xml (RunModel)" time="0.016" />
  <testcase classname="ptolemy.util.test.junit.AutoTests" name="[86] /home/travis/build/icyphy/ptII/ptolemy/domains/de/test/auto/realtime.xml (RunModel)" time="10.011" />
  <testcase classname="ptolemy.util.test.junit.AutoTests" name="[87] /home/travis/build/icyphy/ptII/ptolemy/domains/de/test/auto/relationGroup.xml (RunModel)" time="0.007" />
  <testcase classname="ptolemy.util.test.junit.AutoTests" name="[88] /home/travis/build/icyphy/ptII/ptolemy/domains/de/test/auto/relationGroup2.xml (RunModel)" time="0.006" />
  <testcase classname="ptolemy.util.test.junit.AutoTests" name="[89] /home/travis/build/icyphy/ptII/ptolemy/domains/de/test/auto/sortWithOpaquePorts.xml (RunModel)" time="0.008" />
  <testcase classname="ptolemy.util.test.junit.AutoTests" name="[90] /home/travis/build/icyphy/ptII/ptolemy/domains/de/test/auto/transferInputsandOutputs.xml (RunModel)" time="0.013" />
  <testcase classname="ptolemy.util.test.junit.AutoTests" name="[91] /home/travis/build/icyphy/ptII/ptolemy/domains/de/test/auto/triggerType.xml (RunModel)" time="0.008" />
  <system-out><![CDATA[/home/travis/build/icyphy/ptII/ptolemy/domains/de/test/DependencyLoop.tcl
testDefs.tcl: setting time out to 9000 seconds at Fri Aug 03 01:47:10 UTC 2018
14 ms. Memory: 116224K Free: 93849K (81%)
8 ms. Memory: 146944K Free: 135088K (92%)
/home/travis/build/icyphy/ptII/ptolemy/domains/de/test/RunDETestsAsQSS.tcl
Run the DE tests using ptolemy.domains.qss.test.QSSDirectorTest, which extends QSSDirector and prints a message in the constructors.
------------------ testing $PTII/ptolemy/domains/de/test/auto/knownFailedTests/dependencyLoop.xml (Known Failure) 
6 ms. Memory: 146944K Free: 131976K (90%)


==== $PTIIhome/travis/build/icyphy/ptII/ptolemy/domains/de/test/../../../../: Auto Automatic test in file $PTII/ptolemy/domains/de/test/auto/knownFailedTests/dependencyLoop.xml
==== Contents of test case:

	    # FIXME: we should use $relativeFilename here, but it
	    # might have backslashes under Windows, which causes no end
	    # of trouble.
	    createAndExecute $file
	    list {}
	
.... Test generated KNOWN error:
    while executing
ptolemy.kernel.util.IllegalActionException: Found a zero delay loop containing .dependencyLoop.original
  in .dependencyLoop and .dependencyLoop.original
	at ptolemy.actor.util.CausalityInterfaceForComposites._computeOutputPortDepth(CausalityInterfaceForComposites.java:759)
	at ptolemy.actor.util.CausalityInterfaceForComposites._computeInputDepth(CausalityInterfaceForComposites.java:696)
	at ptolemy.actor.util.CausalityInterfaceForComposites._computeOutputPortDepth(CausalityInterfaceForComposites.java:765)
	at ptolemy.actor.util.CausalityInterfaceForComposites._computeInputDepth(CausalityInterfaceForComposites.java:696)
	at ptolemy.actor.util.CausalityInterfaceForComposites._computeOutputPortDepth(CausalityInterfaceForComposites.java:765)
	at ptolemy.actor.util.CausalityInterfaceForComposites._computeInputDepth(CausalityInterfaceForComposites.java:696)
	at ptolemy.actor.util.CausalityInterfaceForComposites._computeActorDepth(CausalityInterfaceForComposites.java:532)
	at ptolemy.actor.util.CausalityInterfaceForComposites.checkForCycles(CausalityInterfaceForComposites.java:96)
	at ptolemy.domains.de.kernel.DEDirector.preinitialize(DEDirector.java:1338)
	at ptolemy.actor.CompositeActor.preinitialize(CompositeActor.java:1828)
	at ptolemy.actor.Manager.preinitializeAndResolveTypes(Manager.java:1040)
	at ptolemy.actor.Manager.initialize(Manager.java:710)
	at ptolemy.actor.Manager.execute(Manager.java:356)
	at ptolemy.actor.Manager.run(Manager.java:1263)
	at ptolemy.actor.Manager$PtolemyRunThread.run(Manager.java:1915)

    while executing
ptolemy.kernel.util.IllegalActionException: Found a zero delay loop containing .dependencyLoop.original
  in .dependencyLoop and .dependencyLoop.original
    while executing
"java::new ptolemy.moml.MoMLSimpleApplication $file
"
    (procedure "createAndExecute" line 2)
    invoked from within
"createAndExecute $file"
    ("uplevel" body line 5)
    invoked from within
"uplevel $contents_of_test"
------------------ testing $PTII/ptolemy/domains/de/test/auto/knownFailedTests/DESDFClockTest.xml (Known Failure) 
2055 ms. Memory: 146944K Free: 116460K (79%)


==== $PTIIhome/travis/build/icyphy/ptII/ptolemy/domains/de/test/../../../../: Auto Automatic test in file $PTII/ptolemy/domains/de/test/auto/knownFailedTests/DESDFClockTest.xml
==== Contents of test case:

	    # FIXME: we should use $relativeFilename here, but it
	    # might have backslashes under Windows, which causes no end
	    # of trouble.
	    createAndExecute $file
	    list {}
	
.... Test generated KNOWN error:
    while executing
ptolemy.kernel.util.IllegalActionException: Actor is not ready to fire.  Perhaps UpSample.prefire() returned false? Try debugging the actor by selecting "Listen to Actor".  Also, for SDF check moml for tokenConsumptionRate on input.
  in .DESDFClockTest.Play Bell.Copy1:SDF Director and .DESDFClockTest.Play Bell.UpSample
	at ptolemy.actor.sched.StaticSchedulingDirector.fire(StaticSchedulingDirector.java:227)
	at ptolemy.domains.sdf.kernel.SDFDirector.fire(SDFDirector.java:500)
	at ptolemy.actor.CompositeActor.fire(CompositeActor.java:455)
	at ptolemy.domains.de.kernel.DEDirector._fire(DEDirector.java:1949)
	at ptolemy.domains.de.kernel.DEDirector.fire(DEDirector.java:502)
	at ptolemy.actor.CompositeActor.fire(CompositeActor.java:455)
	at ptolemy.actor.Manager.iterate(Manager.java:851)
	at ptolemy.actor.Manager.execute(Manager.java:369)
	at ptolemy.actor.Manager.run(Manager.java:1263)
	at ptolemy.actor.Manager$PtolemyRunThread.run(Manager.java:1915)

    while executing
ptolemy.kernel.util.IllegalActionException: Actor is not ready to fire.  Perhaps UpSample.prefire() returned false? Try debugging the actor by selecting "Listen to Actor".  Also, for SDF check moml for tokenConsumptionRate on input.
  in .DESDFClockTest.Play Bell.Copy1:SDF Director and .DESDFClockTest.Play Bell.UpSample
    while executing
"java::new ptolemy.moml.MoMLSimpleApplication $file
"
    (procedure "createAndExecute" line 2)
    invoked from within
"createAndExecute $file"
    ("uplevel" body line 5)
    invoked from within
"uplevel $contents_of_test"
------------------ testing $PTII/ptolemy/domains/de/test/auto/knownFailedTests/FSMSource.xml (Known Failure) 
21 ms. Memory: 146944K Free: 107418K (73%)
!!!! Auto was marked as failing, but now passes
------------------ testing $PTII/ptolemy/domains/de/test/auto/knownFailedTests/dependencyLoop2.xml (Known Failure) 
5 ms. Memory: 146944K Free: 105535K (72%)


==== $PTIIhome/travis/build/icyphy/ptII/ptolemy/domains/de/test/../../../../: Auto Automatic test in file $PTII/ptolemy/domains/de/test/auto/knownFailedTests/dependencyLoop2.xml
==== Contents of test case:

	    # FIXME: we should use $relativeFilename here, but it
	    # might have backslashes under Windows, which causes no end
	    # of trouble.
	    createAndExecute $file
	    list {}
	
.... Test generated KNOWN error:
    while executing
ptolemy.kernel.util.IllegalActionException: Found a zero delay loop containing .dependencyLoop2.original
  in .dependencyLoop2 and .dependencyLoop2.original
	at ptolemy.actor.util.CausalityInterfaceForComposites._computeOutputPortDepth(CausalityInterfaceForComposites.java:759)
	at ptolemy.actor.util.CausalityInterfaceForComposites._computeInputDepth(CausalityInterfaceForComposites.java:696)
	at ptolemy.actor.util.CausalityInterfaceForComposites._computeOutputPortDepth(CausalityInterfaceForComposites.java:765)
	at ptolemy.actor.util.CausalityInterfaceForComposites._computeInputDepth(CausalityInterfaceForComposites.java:696)
	at ptolemy.actor.util.CausalityInterfaceForComposites._computeOutputPortDepth(CausalityInterfaceForComposites.java:765)
	at ptolemy.actor.util.CausalityInterfaceForComposites._computeInputDepth(CausalityInterfaceForComposites.java:696)
	at ptolemy.actor.util.CausalityInterfaceForComposites._computeActorDepth(CausalityInterfaceForComposites.java:532)
	at ptolemy.actor.util.CausalityInterfaceForComposites.checkForCycles(CausalityInterfaceForComposites.java:96)
	at ptolemy.domains.de.kernel.DEDirector.preinitialize(DEDirector.java:1338)
	at ptolemy.actor.CompositeActor.preinitialize(CompositeActor.java:1828)
	at ptolemy.actor.Manager.preinitializeAndResolveTypes(Manager.java:1040)
	at ptolemy.actor.Manager.initialize(Manager.java:710)
	at ptolemy.actor.Manager.execute(Manager.java:356)
	at ptolemy.actor.Manager.run(Manager.java:1263)
	at ptolemy.actor.Manager$PtolemyRunThread.run(Manager.java:1915)

    while executing
ptolemy.kernel.util.IllegalActionException: Found a zero delay loop containing .dependencyLoop2.original
  in .dependencyLoop2 and .dependencyLoop2.original
    while executing
"java::new ptolemy.moml.MoMLSimpleApplication $file
"
    (procedure "createAndExecute" line 2)
    invoked from within
"createAndExecute $file"
    ("uplevel" body line 5)
    invoked from within
"uplevel $contents_of_test"
------------------ testing $PTII/ptolemy/domains/de/test/auto/knownFailedTests/HierarchicalModel.xml (Known Failure) 
5 ms. Memory: 146944K Free: 84898K (58%)


==== $PTIIhome/travis/build/icyphy/ptII/ptolemy/domains/de/test/../../../../: Auto Automatic test in file $PTII/ptolemy/domains/de/test/auto/knownFailedTests/HierarchicalModel.xml
==== Contents of test case:

	    # FIXME: we should use $relativeFilename here, but it
	    # might have backslashes under Windows, which causes no end
	    # of trouble.
	    createAndExecute $file
	    list {}
	
.... Test generated KNOWN error:
    while executing
ptolemy.kernel.util.IllegalActionException: Found a zero delay loop containing .HierarchicalModel.A
  in .HierarchicalModel and .HierarchicalModel.A
	at ptolemy.actor.util.CausalityInterfaceForComposites._computeOutputPortDepth(CausalityInterfaceForComposites.java:759)
	at ptolemy.actor.util.CausalityInterfaceForComposites._computeInputDepth(CausalityInterfaceForComposites.java:696)
	at ptolemy.actor.util.CausalityInterfaceForComposites._computeOutputPortDepth(CausalityInterfaceForComposites.java:765)
	at ptolemy.actor.util.CausalityInterfaceForComposites._computeInputDepth(CausalityInterfaceForComposites.java:696)
	at ptolemy.actor.util.CausalityInterfaceForComposites._computeOutputPortDepth(CausalityInterfaceForComposites.java:765)
	at ptolemy.actor.util.CausalityInterfaceForComposites._computeInputDepth(CausalityInterfaceForComposites.java:696)
	at ptolemy.actor.util.CausalityInterfaceForComposites._computeActorDepth(CausalityInterfaceForComposites.java:532)
	at ptolemy.actor.util.CausalityInterfaceForComposites.checkForCycles(CausalityInterfaceForComposites.java:96)
	at ptolemy.domains.de.kernel.DEDirector.preinitialize(DEDirector.java:1338)
	at ptolemy.actor.CompositeActor.preinitialize(CompositeActor.java:1828)
	at ptolemy.actor.Manager.preinitializeAndResolveTypes(Manager.java:1040)
	at ptolemy.actor.Manager.initialize(Manager.java:710)
	at ptolemy.actor.Manager.execute(Manager.java:356)
	at ptolemy.actor.Manager.run(Manager.java:1263)
	at ptolemy.actor.Manager$PtolemyRunThread.run(Manager.java:1915)

    while executing
ptolemy.kernel.util.IllegalActionException: Found a zero delay loop containing .HierarchicalModel.A
  in .HierarchicalModel and .HierarchicalModel.A
    while executing
"java::new ptolemy.moml.MoMLSimpleApplication $file
"
    (procedure "createAndExecute" line 2)
    invoked from within
"createAndExecute $file"
    ("uplevel" body line 5)
    invoked from within
"uplevel $contents_of_test"
------------------ testing $PTII/ptolemy/domains/de/test/auto/knownFailedTests/DirectFeedback.xml (Known Failure) 
8 ms. Memory: 146944K Free: 141107K (96%)


==== $PTIIhome/travis/build/icyphy/ptII/ptolemy/domains/de/test/../../../../: Auto Automatic test in file $PTII/ptolemy/domains/de/test/auto/knownFailedTests/DirectFeedback.xml
==== Contents of test case:

	    # FIXME: we should use $relativeFilename here, but it
	    # might have backslashes under Windows, which causes no end
	    # of trouble.
	    createAndExecute $file
	    list {}
	
.... Test generated KNOWN error:
    while executing
ptolemy.kernel.util.IllegalActionException: Test fails in iteration 1.
Value was: 1.0. Should have been: 2.0
  in .DirectFeedback.Test
	at ptolemy.actor.lib.Test.fire(Test.java:268)
	at ptolemy.domains.de.kernel.DEDirector._fire(DEDirector.java:1949)
	at ptolemy.domains.de.kernel.DEDirector.fire(DEDirector.java:502)
	at ptolemy.actor.CompositeActor.fire(CompositeActor.java:455)
	at ptolemy.actor.Manager.iterate(Manager.java:851)
	at ptolemy.actor.Manager.execute(Manager.java:369)
	at ptolemy.actor.Manager.run(Manager.java:1263)
	at ptolemy.actor.Manager$PtolemyRunThread.run(Manager.java:1915)

    while executing
ptolemy.kernel.util.IllegalActionException: Test fails in iteration 1.
Value was: 1.0. Should have been: 2.0
  in .DirectFeedback.Test
    while executing
"java::new ptolemy.moml.MoMLSimpleApplication $file
"
    (procedure "createAndExecute" line 2)
    invoked from within
"createAndExecute $file"
    ("uplevel" body line 5)
    invoked from within
"uplevel $contents_of_test"
------------------ testing $PTII/ptolemy/domains/de/test/auto/ActorDepthCalculation_actorWithoutPorts.xml
auto.tcl: Setting watchdog for 200 seconds at Fri Aug 03 01:47:13 UTC 2018
4 ms. Memory: 146944K Free: 133371K (91%)
ptolemy.util.test.WatchDog.cancel(): canceling Fri Aug 03 01:47:13 UTC 2018
auto.tcl: Setting watchdog for 200 seconds at Fri Aug 03 01:47:13 UTC 2018
4 ms. Memory: 146944K Free: 131260K (89%)
ptolemy.util.test.WatchDog.cancel(): canceling Fri Aug 03 01:47:13 UTC 2018
------------------ testing $PTII/ptolemy/domains/de/test/auto/AssemblyLine.xml
auto.tcl: Setting watchdog for 200 seconds at Fri Aug 03 01:47:13 UTC 2018
15 ms. Memory: 208384K Free: 182760K (88%)
ptolemy.util.test.WatchDog.cancel(): canceling Fri Aug 03 01:47:13 UTC 2018
auto.tcl: Setting watchdog for 200 seconds at Fri Aug 03 01:47:13 UTC 2018
6 ms. Memory: 208384K Free: 182760K (88%)
ptolemy.util.test.WatchDog.cancel(): canceling Fri Aug 03 01:47:13 UTC 2018
------------------ testing $PTII/ptolemy/domains/de/test/auto/CQBug1.xml
auto.tcl: Setting watchdog for 200 seconds at Fri Aug 03 01:47:13 UTC 2018
12 ms. Memory: 208384K Free: 197674K (95%)
ptolemy.util.test.WatchDog.cancel(): canceling Fri Aug 03 01:47:13 UTC 2018
auto.tcl: Setting watchdog for 200 seconds at Fri Aug 03 01:47:13 UTC 2018
2 ms. Memory: 208384K Free: 197674K (95%)
ptolemy.util.test.WatchDog.cancel(): canceling Fri Aug 03 01:47:13 UTC 2018
------------------ testing $PTII/ptolemy/domains/de/test/auto/CancelFireAt.xml
auto.tcl: Setting watchdog for 200 seconds at Fri Aug 03 01:47:14 UTC 2018
3 ms. Memory: 208384K Free: 201414K (97%)
ptolemy.util.test.WatchDog.cancel(): canceling Fri Aug 03 01:47:14 UTC 2018
auto.tcl: Setting watchdog for 200 seconds at Fri Aug 03 01:47:14 UTC 2018
1 ms. Memory: 208384K Free: 199294K (96%)
ptolemy.util.test.WatchDog.cancel(): canceling Fri Aug 03 01:47:14 UTC 2018
------------------ testing $PTII/ptolemy/domains/de/test/auto/CausalityAndComposabilityAnalysis.xml
auto.tcl: Setting watchdog for 200 seconds at Fri Aug 03 01:47:14 UTC 2018
13 ms. Memory: 208384K Free: 198555K (95%)
ptolemy.util.test.WatchDog.cancel(): canceling Fri Aug 03 01:47:14 UTC 2018
auto.tcl: Setting watchdog for 200 seconds at Fri Aug 03 01:47:14 UTC 2018
5 ms. Memory: 208384K Free: 196432K (94%)
ptolemy.util.test.WatchDog.cancel(): canceling Fri Aug 03 01:47:14 UTC 2018
------------------ testing $PTII/ptolemy/domains/de/test/auto/CausalityInterface1.xml
auto.tcl: Setting watchdog for 200 seconds at Fri Aug 03 01:47:14 UTC 2018
7 ms. Memory: 208384K Free: 196372K (94%)
ptolemy.util.test.WatchDog.cancel(): canceling Fri Aug 03 01:47:14 UTC 2018
auto.tcl: Setting watchdog for 200 seconds at Fri Aug 03 01:47:14 UTC 2018
4 ms. Memory: 208384K Free: 196372K (94%)
ptolemy.util.test.WatchDog.cancel(): canceling Fri Aug 03 01:47:14 UTC 2018
------------------ testing $PTII/ptolemy/domains/de/test/auto/CausalityInterface15.xml
auto.tcl: Setting watchdog for 200 seconds at Fri Aug 03 01:47:14 UTC 2018
5 ms. Memory: 208384K Free: 196363K (94%)
ptolemy.util.test.WatchDog.cancel(): canceling Fri Aug 03 01:47:14 UTC 2018
auto.tcl: Setting watchdog for 200 seconds at Fri Aug 03 01:47:14 UTC 2018
4 ms. Memory: 208384K Free: 196363K (94%)
ptolemy.util.test.WatchDog.cancel(): canceling Fri Aug 03 01:47:14 UTC 2018
------------------ testing $PTII/ptolemy/domains/de/test/auto/CausalityInterface2.xml
auto.tcl: Setting watchdog for 200 seconds at Fri Aug 03 01:47:14 UTC 2018
6 ms. Memory: 208384K Free: 196346K (94%)
ptolemy.util.test.WatchDog.cancel(): canceling Fri Aug 03 01:47:14 UTC 2018
auto.tcl: Setting watchdog for 200 seconds at Fri Aug 03 01:47:14 UTC 2018
6 ms. Memory: 208384K Free: 196346K (94%)
ptolemy.util.test.WatchDog.cancel(): canceling Fri Aug 03 01:47:14 UTC 2018
------------------ testing $PTII/ptolemy/domains/de/test/auto/CausalityInterface3.xml
auto.tcl: Setting watchdog for 200 seconds at Fri Aug 03 01:47:14 UTC 2018
7 ms. Memory: 208384K Free: 196358K (94%)
ptolemy.util.test.WatchDog.cancel(): canceling Fri Aug 03 01:47:14 UTC 2018
auto.tcl: Setting watchdog for 200 seconds at Fri Aug 03 01:47:14 UTC 2018
4 ms. Memory: 208384K Free: 196358K (94%)
ptolemy.util.test.WatchDog.cancel(): canceling Fri Aug 03 01:47:14 UTC 2018
------------------ testing $PTII/ptolemy/domains/de/test/auto/ClockDrift.xml
auto.tcl: Setting watchdog for 200 seconds at Fri Aug 03 01:47:14 UTC 2018
96 ms. Memory: 208384K Free: 187531K (90%)
ptolemy.util.test.WatchDog.cancel(): canceling Fri Aug 03 01:47:14 UTC 2018
auto.tcl: Setting watchdog for 200 seconds at Fri Aug 03 01:47:14 UTC 2018
65 ms. Memory: 208384K Free: 185412K (89%)
ptolemy.util.test.WatchDog.cancel(): canceling Fri Aug 03 01:47:14 UTC 2018
------------------ testing $PTII/ptolemy/domains/de/test/auto/ClockDriftAndValueChange.xml
auto.tcl: Setting watchdog for 200 seconds at Fri Aug 03 01:47:14 UTC 2018
37 ms. Memory: 208384K Free: 187365K (90%)
ptolemy.util.test.WatchDog.cancel(): canceling Fri Aug 03 01:47:15 UTC 2018
auto.tcl: Setting watchdog for 200 seconds at Fri Aug 03 01:47:15 UTC 2018
41 ms. Memory: 208384K Free: 185245K (89%)
ptolemy.util.test.WatchDog.cancel(): canceling Fri Aug 03 01:47:15 UTC 2018
------------------ testing $PTII/ptolemy/domains/de/test/auto/ClockDriftChange.xml
auto.tcl: Setting watchdog for 200 seconds at Fri Aug 03 01:47:15 UTC 2018
30 ms. Memory: 208384K Free: 190709K (92%)
ptolemy.util.test.WatchDog.cancel(): canceling Fri Aug 03 01:47:15 UTC 2018
auto.tcl: Setting watchdog for 200 seconds at Fri Aug 03 01:47:15 UTC 2018
19 ms. Memory: 208384K Free: 188589K (91%)
ptolemy.util.test.WatchDog.cancel(): canceling Fri Aug 03 01:47:15 UTC 2018
------------------ testing $PTII/ptolemy/domains/de/test/auto/ComposableCausalityAnalysis.xml
auto.tcl: Setting watchdog for 200 seconds at Fri Aug 03 01:47:15 UTC 2018
1 ms. Memory: 208384K Free: 196552K (94%)
ptolemy.util.test.WatchDog.cancel(): canceling Fri Aug 03 01:47:15 UTC 2018
auto.tcl: Setting watchdog for 200 seconds at Fri Aug 03 01:47:15 UTC 2018
2 ms. Memory: 208384K Free: 194432K (93%)
ptolemy.util.test.WatchDog.cancel(): canceling Fri Aug 03 01:47:15 UTC 2018
------------------ testing $PTII/ptolemy/domains/de/test/auto/DEFixedPointLimitation.xml
auto.tcl: Setting watchdog for 200 seconds at Fri Aug 03 01:47:15 UTC 2018
1 ms. Memory: 208384K Free: 198212K (95%)
ptolemy.util.test.WatchDog.cancel(): canceling Fri Aug 03 01:47:15 UTC 2018
auto.tcl: Setting watchdog for 200 seconds at Fri Aug 03 01:47:15 UTC 2018
1 ms. Memory: 208384K Free: 196091K (94%)
ptolemy.util.test.WatchDog.cancel(): canceling Fri Aug 03 01:47:15 UTC 2018
------------------ testing $PTII/ptolemy/domains/de/test/auto/DEScheduleTest.xml
auto.tcl: Setting watchdog for 200 seconds at Fri Aug 03 01:47:15 UTC 2018
3 ms. Memory: 208384K Free: 198247K (95%)
ptolemy.util.test.WatchDog.cancel(): canceling Fri Aug 03 01:47:15 UTC 2018
auto.tcl: Setting watchdog for 200 seconds at Fri Aug 03 01:47:15 UTC 2018
3 ms. Memory: 208384K Free: 196127K (94%)
ptolemy.util.test.WatchDog.cancel(): canceling Fri Aug 03 01:47:15 UTC 2018
------------------ testing $PTII/ptolemy/domains/de/test/auto/DEinDEwithStartTimes.xml
auto.tcl: Setting watchdog for 200 seconds at Fri Aug 03 01:47:15 UTC 2018
8 ms. Memory: 208384K Free: 196097K (94%)
ptolemy.util.test.WatchDog.cancel(): canceling Fri Aug 03 01:47:15 UTC 2018
auto.tcl: Setting watchdog for 200 seconds at Fri Aug 03 01:47:15 UTC 2018
2 ms. Memory: 208384K Free: 193977K (93%)
ptolemy.util.test.WatchDog.cancel(): canceling Fri Aug 03 01:47:15 UTC 2018
------------------ testing $PTII/ptolemy/domains/de/test/auto/DEinDEwithStartTimes2.xml
auto.tcl: Setting watchdog for 200 seconds at Fri Aug 03 01:47:15 UTC 2018
4 ms. Memory: 208384K Free: 196076K (94%)
ptolemy.util.test.WatchDog.cancel(): canceling Fri Aug 03 01:47:15 UTC 2018
auto.tcl: Setting watchdog for 200 seconds at Fri Aug 03 01:47:15 UTC 2018
7 ms. Memory: 208384K Free: 193957K (93%)
ptolemy.util.test.WatchDog.cancel(): canceling Fri Aug 03 01:47:15 UTC 2018
------------------ testing $PTII/ptolemy/domains/de/test/auto/DateDemo.xml
auto.tcl: Setting watchdog for 200 seconds at Fri Aug 03 01:47:15 UTC 2018
11 ms. Memory: 208384K Free: 188462K (90%)
ptolemy.util.test.WatchDog.cancel(): canceling Fri Aug 03 01:47:15 UTC 2018
auto.tcl: Setting watchdog for 200 seconds at Fri Aug 03 01:47:15 UTC 2018
5 ms. Memory: 208384K Free: 186342K (89%)
ptolemy.util.test.WatchDog.cancel(): canceling Fri Aug 03 01:47:15 UTC 2018
------------------ testing $PTII/ptolemy/domains/de/test/auto/DateToEvent.xml
auto.tcl: Setting watchdog for 200 seconds at Fri Aug 03 01:47:15 UTC 2018
2017 ms. Memory: 208384K Free: 183093K (88%)
ptolemy.util.test.WatchDog.cancel(): canceling Fri Aug 03 01:47:17 UTC 2018
auto.tcl: Setting watchdog for 200 seconds at Fri Aug 03 01:47:17 UTC 2018
2004 ms. Memory: 208384K Free: 180635K (87%)
ptolemy.util.test.WatchDog.cancel(): canceling Fri Aug 03 01:47:19 UTC 2018
------------------ testing $PTII/ptolemy/domains/de/test/auto/DepthTest1.xml
auto.tcl: Setting watchdog for 200 seconds at Fri Aug 03 01:47:19 UTC 2018
4 ms. Memory: 208384K Free: 197774K (95%)
ptolemy.util.test.WatchDog.cancel(): canceling Fri Aug 03 01:47:19 UTC 2018
auto.tcl: Setting watchdog for 200 seconds at Fri Aug 03 01:47:19 UTC 2018
2 ms. Memory: 208384K Free: 197774K (95%)
ptolemy.util.test.WatchDog.cancel(): canceling Fri Aug 03 01:47:19 UTC 2018
------------------ testing $PTII/ptolemy/domains/de/test/auto/DepthTest2.xml
auto.tcl: Setting watchdog for 200 seconds at Fri Aug 03 01:47:19 UTC 2018
3 ms. Memory: 208384K Free: 193936K (93%)
ptolemy.util.test.WatchDog.cancel(): canceling Fri Aug 03 01:47:19 UTC 2018
auto.tcl: Setting watchdog for 200 seconds at Fri Aug 03 01:47:19 UTC 2018
3 ms. Memory: 208384K Free: 193936K (93%)
ptolemy.util.test.WatchDog.cancel(): canceling Fri Aug 03 01:47:20 UTC 2018
------------------ testing $PTII/ptolemy/domains/de/test/auto/DepthTest3.xml
auto.tcl: Setting watchdog for 200 seconds at Fri Aug 03 01:47:20 UTC 2018
1 ms. Memory: 208384K Free: 198109K (95%)
ptolemy.util.test.WatchDog.cancel(): canceling Fri Aug 03 01:47:20 UTC 2018
auto.tcl: Setting watchdog for 200 seconds at Fri Aug 03 01:47:20 UTC 2018
1 ms. Memory: 208384K Free: 198109K (95%)
ptolemy.util.test.WatchDog.cancel(): canceling Fri Aug 03 01:47:20 UTC 2018
------------------ testing $PTII/ptolemy/domains/de/test/auto/DepthTest4.xml
auto.tcl: Setting watchdog for 200 seconds at Fri Aug 03 01:47:20 UTC 2018
3 ms. Memory: 208384K Free: 196077K (94%)
ptolemy.util.test.WatchDog.cancel(): canceling Fri Aug 03 01:47:20 UTC 2018
auto.tcl: Setting watchdog for 200 seconds at Fri Aug 03 01:47:20 UTC 2018
2 ms. Memory: 208384K Free: 196077K (94%)
ptolemy.util.test.WatchDog.cancel(): canceling Fri Aug 03 01:47:20 UTC 2018
------------------ testing $PTII/ptolemy/domains/de/test/auto/DepthTest5.xml
auto.tcl: Setting watchdog for 200 seconds at Fri Aug 03 01:47:20 UTC 2018
8 ms. Memory: 208384K Free: 196024K (94%)
ptolemy.util.test.WatchDog.cancel(): canceling Fri Aug 03 01:47:20 UTC 2018
auto.tcl: Setting watchdog for 200 seconds at Fri Aug 03 01:47:20 UTC 2018
2 ms. Memory: 208384K Free: 196024K (94%)
ptolemy.util.test.WatchDog.cancel(): canceling Fri Aug 03 01:47:20 UTC 2018
------------------ testing $PTII/ptolemy/domains/de/test/auto/DepthTest6.xml
auto.tcl: Setting watchdog for 200 seconds at Fri Aug 03 01:47:20 UTC 2018
6 ms. Memory: 208384K Free: 196321K (94%)
ptolemy.util.test.WatchDog.cancel(): canceling Fri Aug 03 01:47:20 UTC 2018
auto.tcl: Setting watchdog for 200 seconds at Fri Aug 03 01:47:20 UTC 2018
2 ms. Memory: 208384K Free: 196321K (94%)
ptolemy.util.test.WatchDog.cancel(): canceling Fri Aug 03 01:47:20 UTC 2018
------------------ testing $PTII/ptolemy/domains/de/test/auto/DepthTest7.xml
auto.tcl: Setting watchdog for 200 seconds at Fri Aug 03 01:47:20 UTC 2018
3 ms. Memory: 208384K Free: 195981K (94%)
ptolemy.util.test.WatchDog.cancel(): canceling Fri Aug 03 01:47:20 UTC 2018
auto.tcl: Setting watchdog for 200 seconds at Fri Aug 03 01:47:20 UTC 2018
2 ms. Memory: 208384K Free: 195981K (94%)
ptolemy.util.test.WatchDog.cancel(): canceling Fri Aug 03 01:47:20 UTC 2018
------------------ testing $PTII/ptolemy/domains/de/test/auto/EventToDate.xml
auto.tcl: Setting watchdog for 200 seconds at Fri Aug 03 01:47:20 UTC 2018
3009 ms. Memory: 208384K Free: 185403K (89%)
ptolemy.util.test.WatchDog.cancel(): canceling Fri Aug 03 01:47:23 UTC 2018
auto.tcl: Setting watchdog for 200 seconds at Fri Aug 03 01:47:23 UTC 2018
3004 ms. Memory: 208384K Free: 185403K (89%)
ptolemy.util.test.WatchDog.cancel(): canceling Fri Aug 03 01:47:26 UTC 2018
------------------ testing $PTII/ptolemy/domains/de/test/auto/FSM1.xml
auto.tcl: Setting watchdog for 200 seconds at Fri Aug 03 01:47:26 UTC 2018
38 ms. Memory: 208384K Free: 188993K (91%)
ptolemy.util.test.WatchDog.cancel(): canceling Fri Aug 03 01:47:26 UTC 2018
auto.tcl: Setting watchdog for 200 seconds at Fri Aug 03 01:47:26 UTC 2018
20 ms. Memory: 208384K Free: 184753K (89%)
ptolemy.util.test.WatchDog.cancel(): canceling Fri Aug 03 01:47:26 UTC 2018
------------------ testing $PTII/ptolemy/domains/de/test/auto/FSM7.xml
auto.tcl: Setting watchdog for 200 seconds at Fri Aug 03 01:47:26 UTC 2018
14 ms. Memory: 208384K Free: 187357K (90%)
ptolemy.util.test.WatchDog.cancel(): canceling Fri Aug 03 01:47:26 UTC 2018
auto.tcl: Setting watchdog for 200 seconds at Fri Aug 03 01:47:26 UTC 2018
17 ms. Memory: 208384K Free: 184884K (89%)
ptolemy.util.test.WatchDog.cancel(): canceling Fri Aug 03 01:47:26 UTC 2018
------------------ testing $PTII/ptolemy/domains/de/test/auto/Inspection.xml
auto.tcl: Setting watchdog for 200 seconds at Fri Aug 03 01:47:26 UTC 2018
26 ms. Memory: 208384K Free: 188594K (91%)
ptolemy.util.test.WatchDog.cancel(): canceling Fri Aug 03 01:47:26 UTC 2018
auto.tcl: Setting watchdog for 200 seconds at Fri Aug 03 01:47:26 UTC 2018
20 ms. Memory: 208384K Free: 186459K (89%)
ptolemy.util.test.WatchDog.cancel(): canceling Fri Aug 03 01:47:26 UTC 2018
------------------ testing $PTII/ptolemy/domains/de/test/auto/Iteration.xml
auto.tcl: Setting watchdog for 200 seconds at Fri Aug 03 01:47:26 UTC 2018
9 ms. Memory: 208384K Free: 196124K (94%)
ptolemy.util.test.WatchDog.cancel(): canceling Fri Aug 03 01:47:26 UTC 2018
auto.tcl: Setting watchdog for 200 seconds at Fri Aug 03 01:47:26 UTC 2018
8 ms. Memory: 208384K Free: 193988K (93%)
ptolemy.util.test.WatchDog.cancel(): canceling Fri Aug 03 01:47:26 UTC 2018
------------------ testing $PTII/ptolemy/domains/de/test/auto/LineFault.xml
auto.tcl: Setting watchdog for 200 seconds at Fri Aug 03 01:47:27 UTC 2018
674 ms. Memory: 208384K Free: 194790K (93%)
ptolemy.util.test.WatchDog.cancel(): canceling Fri Aug 03 01:47:27 UTC 2018
auto.tcl: Setting watchdog for 200 seconds at Fri Aug 03 01:47:27 UTC 2018
539 ms. Memory: 208384K Free: 138696K (67%)
ptolemy.util.test.WatchDog.cancel(): canceling Fri Aug 03 01:47:28 UTC 2018
------------------ testing $PTII/ptolemy/domains/de/test/auto/MergeModel1Add.xml
auto.tcl: Setting watchdog for 200 seconds at Fri Aug 03 01:47:28 UTC 2018
21 ms. Memory: 331264K Free: 298784K (90%)
ptolemy.util.test.WatchDog.cancel(): canceling Fri Aug 03 01:47:28 UTC 2018
auto.tcl: Setting watchdog for 200 seconds at Fri Aug 03 01:47:28 UTC 2018
9 ms. Memory: 331264K Free: 298784K (90%)
ptolemy.util.test.WatchDog.cancel(): canceling Fri Aug 03 01:47:28 UTC 2018
------------------ testing $PTII/ptolemy/domains/de/test/auto/MergeModel2Add.xml
auto.tcl: Setting watchdog for 200 seconds at Fri Aug 03 01:47:28 UTC 2018
8 ms. Memory: 331264K Free: 304043K (92%)
ptolemy.util.test.WatchDog.cancel(): canceling Fri Aug 03 01:47:28 UTC 2018
auto.tcl: Setting watchdog for 200 seconds at Fri Aug 03 01:47:28 UTC 2018
13 ms. Memory: 331264K Free: 300122K (91%)
ptolemy.util.test.WatchDog.cancel(): canceling Fri Aug 03 01:47:28 UTC 2018
------------------ testing $PTII/ptolemy/domains/de/test/auto/MergeModel3Add.xml
auto.tcl: Setting watchdog for 200 seconds at Fri Aug 03 01:47:28 UTC 2018
11 ms. Memory: 331264K Free: 304061K (92%)
ptolemy.util.test.WatchDog.cancel(): canceling Fri Aug 03 01:47:28 UTC 2018
auto.tcl: Setting watchdog for 200 seconds at Fri Aug 03 01:47:28 UTC 2018
8 ms. Memory: 331264K Free: 300140K (91%)
ptolemy.util.test.WatchDog.cancel(): canceling Fri Aug 03 01:47:28 UTC 2018
------------------ testing $PTII/ptolemy/domains/de/test/auto/MergeWithoutDiscard.xml
auto.tcl: Setting watchdog for 200 seconds at Fri Aug 03 01:47:28 UTC 2018
2 ms. Memory: 331264K Free: 320053K (97%)
ptolemy.util.test.WatchDog.cancel(): canceling Fri Aug 03 01:47:29 UTC 2018
auto.tcl: Setting watchdog for 200 seconds at Fri Aug 03 01:47:29 UTC 2018
1 ms. Memory: 331264K Free: 316132K (95%)
ptolemy.util.test.WatchDog.cancel(): canceling Fri Aug 03 01:47:29 UTC 2018
------------------ testing $PTII/ptolemy/domains/de/test/auto/Modal1.xml
auto.tcl: Setting watchdog for 200 seconds at Fri Aug 03 01:47:29 UTC 2018
10 ms. Memory: 331264K Free: 309758K (94%)
ptolemy.util.test.WatchDog.cancel(): canceling Fri Aug 03 01:47:29 UTC 2018
auto.tcl: Setting watchdog for 200 seconds at Fri Aug 03 01:47:29 UTC 2018
10 ms. Memory: 331264K Free: 305837K (92%)
ptolemy.util.test.WatchDog.cancel(): canceling Fri Aug 03 01:47:29 UTC 2018
------------------ testing $PTII/ptolemy/domains/de/test/auto/Modal2.xml
auto.tcl: Setting watchdog for 200 seconds at Fri Aug 03 01:47:29 UTC 2018
18 ms. Memory: 331264K Free: 304709K (92%)
ptolemy.util.test.WatchDog.cancel(): canceling Fri Aug 03 01:47:29 UTC 2018
auto.tcl: Setting watchdog for 200 seconds at Fri Aug 03 01:47:29 UTC 2018
14 ms. Memory: 331264K Free: 300780K (91%)
ptolemy.util.test.WatchDog.cancel(): canceling Fri Aug 03 01:47:29 UTC 2018
------------------ testing $PTII/ptolemy/domains/de/test/auto/Modal3.xml
auto.tcl: Setting watchdog for 200 seconds at Fri Aug 03 01:47:29 UTC 2018
10 ms. Memory: 331264K Free: 309639K (93%)
ptolemy.util.test.WatchDog.cancel(): canceling Fri Aug 03 01:47:29 UTC 2018
auto.tcl: Setting watchdog for 200 seconds at Fri Aug 03 01:47:29 UTC 2018
9 ms. Memory: 331264K Free: 305718K (92%)
ptolemy.util.test.WatchDog.cancel(): canceling Fri Aug 03 01:47:29 UTC 2018
------------------ testing $PTII/ptolemy/domains/de/test/auto/Modal4.xml
auto.tcl: Setting watchdog for 200 seconds at Fri Aug 03 01:47:29 UTC 2018
25 ms. Memory: 331264K Free: 309636K (93%)
ptolemy.util.test.WatchDog.cancel(): canceling Fri Aug 03 01:47:29 UTC 2018
auto.tcl: Setting watchdog for 200 seconds at Fri Aug 03 01:47:29 UTC 2018
18 ms. Memory: 331264K Free: 305699K (92%)
ptolemy.util.test.WatchDog.cancel(): canceling Fri Aug 03 01:47:29 UTC 2018
------------------ testing $PTII/ptolemy/domains/de/test/auto/Modal5.xml
auto.tcl: Setting watchdog for 200 seconds at Fri Aug 03 01:47:29 UTC 2018
18 ms. Memory: 331264K Free: 309624K (93%)
ptolemy.util.test.WatchDog.cancel(): canceling Fri Aug 03 01:47:29 UTC 2018
auto.tcl: Setting watchdog for 200 seconds at Fri Aug 03 01:47:29 UTC 2018
10 ms. Memory: 331264K Free: 305687K (92%)
ptolemy.util.test.WatchDog.cancel(): canceling Fri Aug 03 01:47:29 UTC 2018
------------------ testing $PTII/ptolemy/domains/de/test/auto/Modal6.xml
auto.tcl: Setting watchdog for 200 seconds at Fri Aug 03 01:47:29 UTC 2018
9 ms. Memory: 331264K Free: 309628K (93%)
ptolemy.util.test.WatchDog.cancel(): canceling Fri Aug 03 01:47:29 UTC 2018
auto.tcl: Setting watchdog for 200 seconds at Fri Aug 03 01:47:29 UTC 2018
12 ms. Memory: 331264K Free: 305691K (92%)
ptolemy.util.test.WatchDog.cancel(): canceling Fri Aug 03 01:47:29 UTC 2018
------------------ testing $PTII/ptolemy/domains/de/test/auto/Modal7.xml
auto.tcl: Setting watchdog for 200 seconds at Fri Aug 03 01:47:29 UTC 2018
17 ms. Memory: 331264K Free: 305699K (92%)
ptolemy.util.test.WatchDog.cancel(): canceling Fri Aug 03 01:47:29 UTC 2018
auto.tcl: Setting watchdog for 200 seconds at Fri Aug 03 01:47:29 UTC 2018
9 ms. Memory: 331264K Free: 305699K (92%)
ptolemy.util.test.WatchDog.cancel(): canceling Fri Aug 03 01:47:29 UTC 2018
------------------ testing $PTII/ptolemy/domains/de/test/auto/ModalModel.xml
auto.tcl: Setting watchdog for 200 seconds at Fri Aug 03 01:47:29 UTC 2018
148 ms. Memory: 331264K Free: 248479K (75%)
ptolemy.util.test.WatchDog.cancel(): canceling Fri Aug 03 01:47:29 UTC 2018
auto.tcl: Setting watchdog for 200 seconds at Fri Aug 03 01:47:29 UTC 2018
153 ms. Memory: 331264K Free: 193447K (58%)
ptolemy.util.test.WatchDog.cancel(): canceling Fri Aug 03 01:47:30 UTC 2018
------------------ testing $PTII/ptolemy/domains/de/test/auto/ModalSource.xml
auto.tcl: Setting watchdog for 200 seconds at Fri Aug 03 01:47:30 UTC 2018
9 ms. Memory: 331264K Free: 316519K (96%)
ptolemy.util.test.WatchDog.cancel(): canceling Fri Aug 03 01:47:30 UTC 2018
auto.tcl: Setting watchdog for 200 seconds at Fri Aug 03 01:47:30 UTC 2018
5 ms. Memory: 331264K Free: 312991K (94%)
ptolemy.util.test.WatchDog.cancel(): canceling Fri Aug 03 01:47:30 UTC 2018
------------------ testing $PTII/ptolemy/domains/de/test/auto/NonInterruptibleTimerZeroDelay.xml
auto.tcl: Setting watchdog for 200 seconds at Fri Aug 03 01:47:30 UTC 2018
4 ms. Memory: 331264K Free: 320700K (97%)
ptolemy.util.test.WatchDog.cancel(): canceling Fri Aug 03 01:47:30 UTC 2018
auto.tcl: Setting watchdog for 200 seconds at Fri Aug 03 01:47:30 UTC 2018
3 ms. Memory: 331264K Free: 317172K (96%)
ptolemy.util.test.WatchDog.cancel(): canceling Fri Aug 03 01:47:30 UTC 2018
------------------ testing $PTII/ptolemy/domains/de/test/auto/OpenQueueingNetwork.xml
auto.tcl: Setting watchdog for 200 seconds at Fri Aug 03 01:47:30 UTC 2018
2444 ms. Memory: 573952K Free: 419237K (73%)
ptolemy.util.test.WatchDog.cancel(): canceling Fri Aug 03 01:47:32 UTC 2018
auto.tcl: Setting watchdog for 200 seconds at Fri Aug 03 01:47:32 UTC 2018
2434 ms. Memory: 550912K Free: 310173K (56%)
ptolemy.util.test.WatchDog.cancel(): canceling Fri Aug 03 01:47:35 UTC 2018
------------------ testing $PTII/ptolemy/domains/de/test/auto/OpenQueuingNetwork.xml
auto.tcl: Setting watchdog for 200 seconds at Fri Aug 03 01:47:35 UTC 2018
227 ms. Memory: 549888K Free: 444386K (81%)
ptolemy.util.test.WatchDog.cancel(): canceling Fri Aug 03 01:47:35 UTC 2018
auto.tcl: Setting watchdog for 200 seconds at Fri Aug 03 01:47:35 UTC 2018
214 ms. Memory: 549888K Free: 383715K (70%)
ptolemy.util.test.WatchDog.cancel(): canceling Fri Aug 03 01:47:35 UTC 2018
------------------ testing $PTII/ptolemy/domains/de/test/auto/PeriodicSampler.xml
auto.tcl: Setting watchdog for 200 seconds at Fri Aug 03 01:47:35 UTC 2018
3 ms. Memory: 551936K Free: 530400K (96%)
ptolemy.util.test.WatchDog.cancel(): canceling Fri Aug 03 01:47:35 UTC 2018
auto.tcl: Setting watchdog for 200 seconds at Fri Aug 03 01:47:35 UTC 2018
2 ms. Memory: 551936K Free: 530400K (96%)
ptolemy.util.test.WatchDog.cancel(): canceling Fri Aug 03 01:47:35 UTC 2018
------------------ testing $PTII/ptolemy/domains/de/test/auto/PersistentIO.xml
auto.tcl: Setting watchdog for 200 seconds at Fri Aug 03 01:47:36 UTC 2018
5 ms. Memory: 549376K Free: 521911K (95%)
ptolemy.util.test.WatchDog.cancel(): canceling Fri Aug 03 01:47:36 UTC 2018
auto.tcl: Setting watchdog for 200 seconds at Fri Aug 03 01:47:36 UTC 2018
4 ms. Memory: 549376K Free: 521911K (95%)
ptolemy.util.test.WatchDog.cancel(): canceling Fri Aug 03 01:47:36 UTC 2018
------------------ testing $PTII/ptolemy/domains/de/test/auto/PortParameterResetOnInitialize.xml
auto.tcl: Setting watchdog for 200 seconds at Fri Aug 03 01:47:36 UTC 2018
1 ms. Memory: 551424K Free: 530578K (96%)
ptolemy.util.test.WatchDog.cancel(): canceling Fri Aug 03 01:47:36 UTC 2018
auto.tcl: Setting watchdog for 200 seconds at Fri Aug 03 01:47:36 UTC 2018
1 ms. Memory: 551424K Free: 530578K (96%)
ptolemy.util.test.WatchDog.cancel(): canceling Fri Aug 03 01:47:36 UTC 2018
------------------ testing $PTII/ptolemy/domains/de/test/auto/PortParameterUpdates.xml
auto.tcl: Setting watchdog for 200 seconds at Fri Aug 03 01:47:36 UTC 2018
2 ms. Memory: 549376K Free: 528664K (96%)
ptolemy.util.test.WatchDog.cancel(): canceling Fri Aug 03 01:47:36 UTC 2018
auto.tcl: Setting watchdog for 200 seconds at Fri Aug 03 01:47:36 UTC 2018
3 ms. Memory: 549376K Free: 528664K (96%)
ptolemy.util.test.WatchDog.cancel(): canceling Fri Aug 03 01:47:36 UTC 2018
------------------ testing $PTII/ptolemy/domains/de/test/auto/QueueAndServer.xml
auto.tcl: Setting watchdog for 200 seconds at Fri Aug 03 01:47:36 UTC 2018
18 ms. Memory: 551424K Free: 530446K (96%)
ptolemy.util.test.WatchDog.cancel(): canceling Fri Aug 03 01:47:36 UTC 2018
auto.tcl: Setting watchdog for 200 seconds at Fri Aug 03 01:47:36 UTC 2018
6 ms. Memory: 551424K Free: 523689K (95%)
ptolemy.util.test.WatchDog.cancel(): canceling Fri Aug 03 01:47:36 UTC 2018
------------------ testing $PTII/ptolemy/domains/de/test/auto/Records.xml
auto.tcl: Setting watchdog for 200 seconds at Fri Aug 03 01:47:36 UTC 2018
5 ms. Memory: 549376K Free: 528338K (96%)
ptolemy.util.test.WatchDog.cancel(): canceling Fri Aug 03 01:47:36 UTC 2018
auto.tcl: Setting watchdog for 200 seconds at Fri Aug 03 01:47:36 UTC 2018
2 ms. Memory: 549376K Free: 528338K (96%)
ptolemy.util.test.WatchDog.cancel(): canceling Fri Aug 03 01:47:36 UTC 2018
------------------ testing $PTII/ptolemy/domains/de/test/auto/ResetTransitionWithStartTime1.xml
auto.tcl: Setting watchdog for 200 seconds at Fri Aug 03 01:47:36 UTC 2018
8 ms. Memory: 551424K Free: 535091K (97%)
ptolemy.util.test.WatchDog.cancel(): canceling Fri Aug 03 01:47:36 UTC 2018
auto.tcl: Setting watchdog for 200 seconds at Fri Aug 03 01:47:36 UTC 2018
5 ms. Memory: 551424K Free: 528350K (96%)
ptolemy.util.test.WatchDog.cancel(): canceling Fri Aug 03 01:47:36 UTC 2018
------------------ testing $PTII/ptolemy/domains/de/test/auto/ResetTransitionWithStartTime2.xml
auto.tcl: Setting watchdog for 200 seconds at Fri Aug 03 01:47:36 UTC 2018
6 ms. Memory: 549376K Free: 526522K (96%)
ptolemy.util.test.WatchDog.cancel(): canceling Fri Aug 03 01:47:36 UTC 2018
auto.tcl: Setting watchdog for 200 seconds at Fri Aug 03 01:47:36 UTC 2018
6 ms. Memory: 549376K Free: 526522K (96%)
ptolemy.util.test.WatchDog.cancel(): canceling Fri Aug 03 01:47:36 UTC 2018
------------------ testing $PTII/ptolemy/domains/de/test/auto/ResetTransitionWithStartTime3.xml
auto.tcl: Setting watchdog for 200 seconds at Fri Aug 03 01:47:36 UTC 2018
7 ms. Memory: 550912K Free: 529889K (96%)
ptolemy.util.test.WatchDog.cancel(): canceling Fri Aug 03 01:47:36 UTC 2018
auto.tcl: Setting watchdog for 200 seconds at Fri Aug 03 01:47:36 UTC 2018
5 ms. Memory: 550912K Free: 523148K (95%)
ptolemy.util.test.WatchDog.cancel(): canceling Fri Aug 03 01:47:36 UTC 2018
------------------ testing $PTII/ptolemy/domains/de/test/auto/ResetTransitionWithStartTime4.xml
auto.tcl: Setting watchdog for 200 seconds at Fri Aug 03 01:47:36 UTC 2018
5 ms. Memory: 549376K Free: 526282K (96%)
ptolemy.util.test.WatchDog.cancel(): canceling Fri Aug 03 01:47:36 UTC 2018
auto.tcl: Setting watchdog for 200 seconds at Fri Aug 03 01:47:36 UTC 2018
3 ms. Memory: 549376K Free: 526282K (96%)
ptolemy.util.test.WatchDog.cancel(): canceling Fri Aug 03 01:47:36 UTC 2018
------------------ testing $PTII/ptolemy/domains/de/test/auto/ResettableTimer1.xml
auto.tcl: Setting watchdog for 200 seconds at Fri Aug 03 01:47:36 UTC 2018
3 ms. Memory: 550912K Free: 534562K (97%)
ptolemy.util.test.WatchDog.cancel(): canceling Fri Aug 03 01:47:36 UTC 2018
auto.tcl: Setting watchdog for 200 seconds at Fri Aug 03 01:47:36 UTC 2018
1 ms. Memory: 550912K Free: 534562K (97%)
ptolemy.util.test.WatchDog.cancel(): canceling Fri Aug 03 01:47:36 UTC 2018
------------------ testing $PTII/ptolemy/domains/de/test/auto/ResettableTimer2.xml
auto.tcl: Setting watchdog for 200 seconds at Fri Aug 03 01:47:36 UTC 2018
2 ms. Memory: 549376K Free: 533315K (97%)
ptolemy.util.test.WatchDog.cancel(): canceling Fri Aug 03 01:47:36 UTC 2018
auto.tcl: Setting watchdog for 200 seconds at Fri Aug 03 01:47:36 UTC 2018
2 ms. Memory: 549376K Free: 533315K (97%)
ptolemy.util.test.WatchDog.cancel(): canceling Fri Aug 03 01:47:36 UTC 2018
------------------ testing $PTII/ptolemy/domains/de/test/auto/ResettableTimer3.xml
auto.tcl: Setting watchdog for 200 seconds at Fri Aug 03 01:47:36 UTC 2018
1 ms. Memory: 550912K Free: 534620K (97%)
ptolemy.util.test.WatchDog.cancel(): canceling Fri Aug 03 01:47:36 UTC 2018
auto.tcl: Setting watchdog for 200 seconds at Fri Aug 03 01:47:36 UTC 2018
1 ms. Memory: 550912K Free: 534620K (97%)
ptolemy.util.test.WatchDog.cancel(): canceling Fri Aug 03 01:47:36 UTC 2018
------------------ testing $PTII/ptolemy/domains/de/test/auto/ResettableTimer4.xml
auto.tcl: Setting watchdog for 200 seconds at Fri Aug 03 01:47:36 UTC 2018
1 ms. Memory: 549376K Free: 533328K (97%)
ptolemy.util.test.WatchDog.cancel(): canceling Fri Aug 03 01:47:36 UTC 2018
auto.tcl: Setting watchdog for 200 seconds at Fri Aug 03 01:47:36 UTC 2018
1 ms. Memory: 549376K Free: 533328K (97%)
ptolemy.util.test.WatchDog.cancel(): canceling Fri Aug 03 01:47:36 UTC 2018
------------------ testing $PTII/ptolemy/domains/de/test/auto/ResettableTimer5.xml
auto.tcl: Setting watchdog for 200 seconds at Fri Aug 03 01:47:36 UTC 2018
2 ms. Memory: 550400K Free: 529670K (96%)
ptolemy.util.test.WatchDog.cancel(): canceling Fri Aug 03 01:47:36 UTC 2018
auto.tcl: Setting watchdog for 200 seconds at Fri Aug 03 01:47:36 UTC 2018
1 ms. Memory: 550400K Free: 529670K (96%)
ptolemy.util.test.WatchDog.cancel(): canceling Fri Aug 03 01:47:36 UTC 2018
------------------ testing $PTII/ptolemy/domains/de/test/auto/ResettableTimer6.xml
auto.tcl: Setting watchdog for 200 seconds at Fri Aug 03 01:47:36 UTC 2018
1 ms. Memory: 549376K Free: 528365K (96%)
ptolemy.util.test.WatchDog.cancel(): canceling Fri Aug 03 01:47:36 UTC 2018
auto.tcl: Setting watchdog for 200 seconds at Fri Aug 03 01:47:36 UTC 2018
1 ms. Memory: 549376K Free: 528365K (96%)
ptolemy.util.test.WatchDog.cancel(): canceling Fri Aug 03 01:47:36 UTC 2018
------------------ testing $PTII/ptolemy/domains/de/test/auto/ServerZeroDelay.xml
auto.tcl: Setting watchdog for 200 seconds at Fri Aug 03 01:47:36 UTC 2018
3 ms. Memory: 550400K Free: 534290K (97%)
ptolemy.util.test.WatchDog.cancel(): canceling Fri Aug 03 01:47:36 UTC 2018
auto.tcl: Setting watchdog for 200 seconds at Fri Aug 03 01:47:36 UTC 2018
2 ms. Memory: 550400K Free: 534290K (97%)
ptolemy.util.test.WatchDog.cancel(): canceling Fri Aug 03 01:47:36 UTC 2018
------------------ testing $PTII/ptolemy/domains/de/test/auto/SmartSender.xml
auto.tcl: Setting watchdog for 200 seconds at Fri Aug 03 01:47:37 UTC 2018
3001 ms. Memory: 549376K Free: 528581K (96%)
ptolemy.util.test.WatchDog.cancel(): canceling Fri Aug 03 01:47:40 UTC 2018
auto.tcl: Setting watchdog for 200 seconds at Fri Aug 03 01:47:40 UTC 2018
3001 ms. Memory: 549376K Free: 528581K (96%)
ptolemy.util.test.WatchDog.cancel(): canceling Fri Aug 03 01:47:43 UTC 2018
------------------ testing $PTII/ptolemy/domains/de/test/auto/ThreadedComposite.xml
auto.tcl: Setting watchdog for 200 seconds at Fri Aug 03 01:47:43 UTC 2018
239 ms. Memory: 550400K Free: 513289K (93%)
ptolemy.util.test.WatchDog.cancel(): canceling Fri Aug 03 01:47:43 UTC 2018
auto.tcl: Setting watchdog for 200 seconds at Fri Aug 03 01:47:43 UTC 2018
138 ms. Memory: 550400K Free: 497172K (90%)
ptolemy.util.test.WatchDog.cancel(): canceling Fri Aug 03 01:47:43 UTC 2018
------------------ testing $PTII/ptolemy/domains/de/test/auto/Time.xml
auto.tcl: Setting watchdog for 200 seconds at Fri Aug 03 01:47:43 UTC 2018
476 ms. Memory: 549376K Free: 481279K (88%)
ptolemy.util.test.WatchDog.cancel(): canceling Fri Aug 03 01:47:44 UTC 2018
auto.tcl: Setting watchdog for 200 seconds at Fri Aug 03 01:47:44 UTC 2018
452 ms. Memory: 549376K Free: 427350K (78%)
ptolemy.util.test.WatchDog.cancel(): canceling Fri Aug 03 01:47:44 UTC 2018
------------------ testing $PTII/ptolemy/domains/de/test/auto/TimeDelayZeroDelay.xml
auto.tcl: Setting watchdog for 200 seconds at Fri Aug 03 01:47:44 UTC 2018
2 ms. Memory: 550400K Free: 533977K (97%)
ptolemy.util.test.WatchDog.cancel(): canceling Fri Aug 03 01:47:44 UTC 2018
auto.tcl: Setting watchdog for 200 seconds at Fri Aug 03 01:47:44 UTC 2018
1 ms. Memory: 550400K Free: 533977K (97%)
ptolemy.util.test.WatchDog.cancel(): canceling Fri Aug 03 01:47:44 UTC 2018
------------------ testing $PTII/ptolemy/domains/de/test/auto/TimerZeroDelay.xml
auto.tcl: Setting watchdog for 200 seconds at Fri Aug 03 01:47:44 UTC 2018
2 ms. Memory: 549376K Free: 533226K (97%)
ptolemy.util.test.WatchDog.cancel(): canceling Fri Aug 03 01:47:44 UTC 2018
auto.tcl: Setting watchdog for 200 seconds at Fri Aug 03 01:47:44 UTC 2018
2 ms. Memory: 549376K Free: 533226K (97%)
ptolemy.util.test.WatchDog.cancel(): canceling Fri Aug 03 01:47:44 UTC 2018
------------------ testing $PTII/ptolemy/domains/de/test/auto/TimingParadox.xml
auto.tcl: Setting watchdog for 200 seconds at Fri Aug 03 01:47:44 UTC 2018
304 ms. Memory: 549888K Free: 467005K (85%)
ptolemy.util.test.WatchDog.cancel(): canceling Fri Aug 03 01:47:45 UTC 2018
auto.tcl: Setting watchdog for 200 seconds at Fri Aug 03 01:47:45 UTC 2018
305 ms. Memory: 549888K Free: 433299K (79%)
ptolemy.util.test.WatchDog.cancel(): canceling Fri Aug 03 01:47:45 UTC 2018
------------------ testing $PTII/ptolemy/domains/de/test/auto/TransferInputs.xml
auto.tcl: Setting watchdog for 200 seconds at Fri Aug 03 01:47:45 UTC 2018
2 ms. Memory: 549888K Free: 532643K (97%)
ptolemy.util.test.WatchDog.cancel(): canceling Fri Aug 03 01:47:45 UTC 2018
auto.tcl: Setting watchdog for 200 seconds at Fri Aug 03 01:47:45 UTC 2018
1 ms. Memory: 549888K Free: 532643K (97%)
ptolemy.util.test.WatchDog.cancel(): canceling Fri Aug 03 01:47:45 UTC 2018
------------------ testing $PTII/ptolemy/domains/de/test/auto/TransferOutputs2.xml
auto.tcl: Setting watchdog for 200 seconds at Fri Aug 03 01:47:45 UTC 2018
5 ms. Memory: 549376K Free: 521796K (95%)
ptolemy.util.test.WatchDog.cancel(): canceling Fri Aug 03 01:47:45 UTC 2018
auto.tcl: Setting watchdog for 200 seconds at Fri Aug 03 01:47:45 UTC 2018
3 ms. Memory: 549376K Free: 521796K (95%)
ptolemy.util.test.WatchDog.cancel(): canceling Fri Aug 03 01:47:45 UTC 2018
------------------ testing $PTII/ptolemy/domains/de/test/auto/Trilateration.xml
auto.tcl: Setting watchdog for 200 seconds at Fri Aug 03 01:47:45 UTC 2018
13691 ms. Memory: 453632K Free: 103787K (23%)
ptolemy.util.test.WatchDog.cancel(): canceling Fri Aug 03 01:48:00 UTC 2018
auto.tcl: Setting watchdog for 200 seconds at Fri Aug 03 01:48:00 UTC 2018
11452 ms. Memory: 331264K Free: 201657K (61%)
ptolemy.util.test.WatchDog.cancel(): canceling Fri Aug 03 01:48:11 UTC 2018
------------------ testing $PTII/ptolemy/domains/de/test/auto/TwoSigmaDelta.xml
auto.tcl: Setting watchdog for 200 seconds at Fri Aug 03 01:48:11 UTC 2018
2704 ms. Memory: 320000K Free: 266628K (83%)
ptolemy.util.test.WatchDog.cancel(): canceling Fri Aug 03 01:48:14 UTC 2018
auto.tcl: Setting watchdog for 200 seconds at Fri Aug 03 01:48:14 UTC 2018
2055 ms. Memory: 307712K Free: 257178K (84%)
ptolemy.util.test.WatchDog.cancel(): canceling Fri Aug 03 01:48:16 UTC 2018
------------------ testing $PTII/ptolemy/domains/de/test/auto/VariableDelay.xml
auto.tcl: Setting watchdog for 200 seconds at Fri Aug 03 01:48:16 UTC 2018
2 ms. Memory: 309760K Free: 293315K (95%)
ptolemy.util.test.WatchDog.cancel(): canceling Fri Aug 03 01:48:16 UTC 2018
auto.tcl: Setting watchdog for 200 seconds at Fri Aug 03 01:48:16 UTC 2018
2 ms. Memory: 309760K Free: 293315K (95%)
ptolemy.util.test.WatchDog.cancel(): canceling Fri Aug 03 01:48:16 UTC 2018
------------------ testing $PTII/ptolemy/domains/de/test/auto/VariableDelay2.xml
auto.tcl: Setting watchdog for 200 seconds at Fri Aug 03 01:48:16 UTC 2018
6 ms. Memory: 307712K Free: 293945K (96%)
ptolemy.util.test.WatchDog.cancel(): canceling Fri Aug 03 01:48:16 UTC 2018
auto.tcl: Setting watchdog for 200 seconds at Fri Aug 03 01:48:16 UTC 2018
1 ms. Memory: 307712K Free: 293945K (96%)
ptolemy.util.test.WatchDog.cancel(): canceling Fri Aug 03 01:48:16 UTC 2018
------------------ testing $PTII/ptolemy/domains/de/test/auto/VariableDelayZeroDelay.xml
auto.tcl: Setting watchdog for 200 seconds at Fri Aug 03 01:48:16 UTC 2018
2 ms. Memory: 309248K Free: 296551K (96%)
ptolemy.util.test.WatchDog.cancel(): canceling Fri Aug 03 01:48:16 UTC 2018
auto.tcl: Setting watchdog for 200 seconds at Fri Aug 03 01:48:16 UTC 2018
2 ms. Memory: 309248K Free: 293217K (95%)
ptolemy.util.test.WatchDog.cancel(): canceling Fri Aug 03 01:48:16 UTC 2018
------------------ testing $PTII/ptolemy/domains/de/test/auto/VariableDelayZeroDelay2.xml
auto.tcl: Setting watchdog for 200 seconds at Fri Aug 03 01:48:16 UTC 2018
1 ms. Memory: 307712K Free: 291695K (95%)
ptolemy.util.test.WatchDog.cancel(): canceling Fri Aug 03 01:48:16 UTC 2018
auto.tcl: Setting watchdog for 200 seconds at Fri Aug 03 01:48:16 UTC 2018
2 ms. Memory: 307712K Free: 291695K (95%)
ptolemy.util.test.WatchDog.cancel(): canceling Fri Aug 03 01:48:16 UTC 2018
------------------ testing $PTII/ptolemy/domains/de/test/auto/deInCt.xml
auto.tcl: Setting watchdog for 200 seconds at Fri Aug 03 01:48:16 UTC 2018
0
1
1
1
1
0
0
0
1
1
1
0
0
0
1
1
1
1
0
0
1
1
1
0
0
0
0
1
1
1
1
0
0
0
1
1
1
0
0
0
0
0
11 ms. Memory: 309248K Free: 293204K (95%)
ptolemy.util.test.WatchDog.cancel(): canceling Fri Aug 03 01:48:16 UTC 2018
auto.tcl: Setting watchdog for 200 seconds at Fri Aug 03 01:48:16 UTC 2018
0
1
1
1
1
0
0
0
0
1
1
0
0
0
1
1
0
0
0
1
1
1
1
1
0
0
0
0
1
1
1
0
0
0
0
4 ms. Memory: 309248K Free: 293204K (95%)
ptolemy.util.test.WatchDog.cancel(): canceling Fri Aug 03 01:48:17 UTC 2018
------------------ testing $PTII/ptolemy/domains/de/test/auto/deInCt2.xml
auto.tcl: Setting watchdog for 200 seconds at Fri Aug 03 01:48:17 UTC 2018
0
1
1
1
0
0
1
1
1
0
0
1
1
1
0
0
1
1
1
0
0
1
1
1
0
0
1
1
1
0
0
1
1
1
0
0
1
1
1
0
0
0
18 ms. Memory: 307712K Free: 291668K (95%)
ptolemy.util.test.WatchDog.cancel(): canceling Fri Aug 03 01:48:17 UTC 2018
auto.tcl: Setting watchdog for 200 seconds at Fri Aug 03 01:48:17 UTC 2018
0
1
1
1
0
0
1
1
1
0
0
1
1
1
0
0
1
1
1
0
0
1
1
1
0
0
1
1
1
0
0
1
1
1
0
0
1
1
1
0
0
0
5 ms. Memory: 307712K Free: 291668K (95%)
ptolemy.util.test.WatchDog.cancel(): canceling Fri Aug 03 01:48:17 UTC 2018
------------------ testing $PTII/ptolemy/domains/de/test/auto/dynamicCausalityInterface1.xml
auto.tcl: Setting watchdog for 200 seconds at Fri Aug 03 01:48:17 UTC 2018
3 ms. Memory: 308736K Free: 291654K (94%)
ptolemy.util.test.WatchDog.cancel(): canceling Fri Aug 03 01:48:17 UTC 2018
auto.tcl: Setting watchdog for 200 seconds at Fri Aug 03 01:48:17 UTC 2018
0 ms. Memory: 308736K Free: 288319K (93%)
ptolemy.util.test.WatchDog.cancel(): canceling Fri Aug 03 01:48:17 UTC 2018
------------------ testing $PTII/ptolemy/domains/de/test/auto/fsm_de_test.xml
auto.tcl: Setting watchdog for 200 seconds at Fri Aug 03 01:48:17 UTC 2018
6 ms. Memory: 307712K Free: 288247K (94%)
ptolemy.util.test.WatchDog.cancel(): canceling Fri Aug 03 01:48:17 UTC 2018
auto.tcl: Setting watchdog for 200 seconds at Fri Aug 03 01:48:17 UTC 2018
4 ms. Memory: 307712K Free: 284928K (93%)
ptolemy.util.test.WatchDog.cancel(): canceling Fri Aug 03 01:48:17 UTC 2018
------------------ testing $PTII/ptolemy/domains/de/test/auto/functionDependencyReconstruction.xml
auto.tcl: Setting watchdog for 200 seconds at Fri Aug 03 01:48:17 UTC 2018
2 ms. Memory: 308736K Free: 282633K (92%)
ptolemy.util.test.WatchDog.cancel(): canceling Fri Aug 03 01:48:17 UTC 2018
auto.tcl: Setting watchdog for 200 seconds at Fri Aug 03 01:48:17 UTC 2018
2 ms. Memory: 308736K Free: 279298K (90%)
ptolemy.util.test.WatchDog.cancel(): canceling Fri Aug 03 01:48:17 UTC 2018
------------------ testing $PTII/ptolemy/domains/de/test/auto/multirate.xml
auto.tcl: Setting watchdog for 200 seconds at Fri Aug 03 01:48:17 UTC 2018
3 ms. Memory: 307712K Free: 291432K (95%)
ptolemy.util.test.WatchDog.cancel(): canceling Fri Aug 03 01:48:17 UTC 2018
auto.tcl: Setting watchdog for 200 seconds at Fri Aug 03 01:48:17 UTC 2018
3 ms. Memory: 307712K Free: 288114K (94%)
ptolemy.util.test.WatchDog.cancel(): canceling Fri Aug 03 01:48:17 UTC 2018
------------------ testing $PTII/ptolemy/domains/de/test/auto/multirate2.xml
auto.tcl: Setting watchdog for 200 seconds at Fri Aug 03 01:48:17 UTC 2018
2 ms. Memory: 308736K Free: 292652K (95%)
ptolemy.util.test.WatchDog.cancel(): canceling Fri Aug 03 01:48:17 UTC 2018
auto.tcl: Setting watchdog for 200 seconds at Fri Aug 03 01:48:17 UTC 2018
2 ms. Memory: 308736K Free: 289318K (94%)
ptolemy.util.test.WatchDog.cancel(): canceling Fri Aug 03 01:48:17 UTC 2018
------------------ testing $PTII/ptolemy/domains/de/test/auto/realtime.xml
auto.tcl: Setting watchdog for 200 seconds at Fri Aug 03 01:48:17 UTC 2018
10001 ms. Memory: 307712K Free: 291618K (95%)
ptolemy.util.test.WatchDog.cancel(): canceling Fri Aug 03 01:48:27 UTC 2018
auto.tcl: Setting watchdog for 200 seconds at Fri Aug 03 01:48:27 UTC 2018
10001 ms. Memory: 307712K Free: 291618K (95%)
ptolemy.util.test.WatchDog.cancel(): canceling Fri Aug 03 01:48:37 UTC 2018
------------------ testing $PTII/ptolemy/domains/de/test/auto/relationGroup.xml
auto.tcl: Setting watchdog for 200 seconds at Fri Aug 03 01:48:37 UTC 2018
2 ms. Memory: 308224K Free: 295491K (96%)
ptolemy.util.test.WatchDog.cancel(): canceling Fri Aug 03 01:48:37 UTC 2018
auto.tcl: Setting watchdog for 200 seconds at Fri Aug 03 01:48:37 UTC 2018
1 ms. Memory: 308224K Free: 295491K (96%)
ptolemy.util.test.WatchDog.cancel(): canceling Fri Aug 03 01:48:37 UTC 2018
------------------ testing $PTII/ptolemy/domains/de/test/auto/relationGroup2.xml
auto.tcl: Setting watchdog for 200 seconds at Fri Aug 03 01:48:37 UTC 2018
1 ms. Memory: 307712K Free: 295005K (96%)
ptolemy.util.test.WatchDog.cancel(): canceling Fri Aug 03 01:48:37 UTC 2018
auto.tcl: Setting watchdog for 200 seconds at Fri Aug 03 01:48:37 UTC 2018
1 ms. Memory: 307712K Free: 295005K (96%)
ptolemy.util.test.WatchDog.cancel(): canceling Fri Aug 03 01:48:37 UTC 2018
------------------ testing $PTII/ptolemy/domains/de/test/auto/sortWithOpaquePorts.xml
auto.tcl: Setting watchdog for 200 seconds at Fri Aug 03 01:48:37 UTC 2018
1 ms. Memory: 308224K Free: 292191K (95%)
ptolemy.util.test.WatchDog.cancel(): canceling Fri Aug 03 01:48:37 UTC 2018
auto.tcl: Setting watchdog for 200 seconds at Fri Aug 03 01:48:37 UTC 2018
1 ms. Memory: 308224K Free: 292191K (95%)
ptolemy.util.test.WatchDog.cancel(): canceling Fri Aug 03 01:48:37 UTC 2018
------------------ testing $PTII/ptolemy/domains/de/test/auto/transferInputsandOutputs.xml
auto.tcl: Setting watchdog for 200 seconds at Fri Aug 03 01:48:37 UTC 2018
1 ms. Memory: 307712K Free: 291659K (95%)
ptolemy.util.test.WatchDog.cancel(): canceling Fri Aug 03 01:48:37 UTC 2018
auto.tcl: Setting watchdog for 200 seconds at Fri Aug 03 01:48:37 UTC 2018
3 ms. Memory: 307712K Free: 288325K (94%)
ptolemy.util.test.WatchDog.cancel(): canceling Fri Aug 03 01:48:37 UTC 2018
------------------ testing $PTII/ptolemy/domains/de/test/auto/triggerType.xml
auto.tcl: Setting watchdog for 200 seconds at Fri Aug 03 01:48:37 UTC 2018
1 ms. Memory: 308224K Free: 295456K (96%)
ptolemy.util.test.WatchDog.cancel(): canceling Fri Aug 03 01:48:37 UTC 2018
auto.tcl: Setting watchdog for 200 seconds at Fri Aug 03 01:48:37 UTC 2018
1 ms. Memory: 308224K Free: 292136K (95%)
ptolemy.util.test.WatchDog.cancel(): canceling Fri Aug 03 01:48:37 UTC 2018
08/03/18 01:48:37
Failed: 0  Total Tests: 192  ((Passed: 187, Newly Passed: 1)  Known Failed: 5) /home/travis/build/icyphy/ptII/ptolemy/domains/de/test
08/03/18 01:48:37
Failed: 0  Total Tests: 192  ((Passed: 187, Newly Passed: 1)  Known Failed: 5) /home/travis/build/icyphy/ptII/ptolemy/domains/de/test
----------------- testing (KnownFailure) /home/travis/build/icyphy/ptII/ptolemy/domains/de/test/auto/knownFailedTests/DESDFClockTest.xml
2008 ms. Memory: 307712K Free: 285921K (93%)
Known Failure: java.lang.reflect.InvocationTargetException
----------------- testing (KnownFailure) /home/travis/build/icyphy/ptII/ptolemy/domains/de/test/auto/knownFailedTests/DirectFeedback.xml
2 ms. Memory: 307712K Free: 267816K (87%)
Known Failure: java.lang.reflect.InvocationTargetException
----------------- testing (KnownFailure) /home/travis/build/icyphy/ptII/ptolemy/domains/de/test/auto/knownFailedTests/FSMSource.xml
6 ms. Memory: 307712K Free: 245169K (80%)
----------------- testing (KnownFailure) /home/travis/build/icyphy/ptII/ptolemy/domains/de/test/auto/knownFailedTests/HierarchicalModel.xml
4 ms. Memory: 307712K Free: 222531K (72%)
Known Failure: java.lang.reflect.InvocationTargetException
----------------- testing (KnownFailure) /home/travis/build/icyphy/ptII/ptolemy/domains/de/test/auto/knownFailedTests/dependencyLoop.xml
2 ms. Memory: 307712K Free: 190832K (62%)
Known Failure: java.lang.reflect.InvocationTargetException
----------------- testing (KnownFailure) /home/travis/build/icyphy/ptII/ptolemy/domains/de/test/auto/knownFailedTests/dependencyLoop2.xml
3 ms. Memory: 307712K Free: 159117K (52%)
Known Failure: java.lang.reflect.InvocationTargetException
No auto/linux-amd64/*.xml tests in /home/travis/build/icyphy/ptII/ptolemy/domains/de/test
AutoTests.java: About to close Vertx.
AutoTests.java: Vertx closed.

===========================================================================================
----------------- testing Fri Aug 03 01:48:40 UTC 2018 /home/travis/build/icyphy/ptII/ptolemy/domains/de/test/auto/ActorDepthCalculation_actorWithoutPorts.xml
----------------- Instantiating /home/travis/build/icyphy/ptII/ptolemy/domains/de/test/auto/ActorDepthCalculation_actorWithoutPorts.xml
1 ms. Memory: 307712K Free: 131944K (43%)
----------------- Invoking toplevel() on ptolemy.moml.MoMLSimpleApplication@2a942525
----------------- Done invoking toplevel() on ptolemy.moml.MoMLSimpleApplication@2a942525
reloadAllAccessors: .ActorDepthCalculation_actorWithoutPorts

===========================================================================================
----------------- testing Fri Aug 03 01:48:40 UTC 2018 /home/travis/build/icyphy/ptII/ptolemy/domains/de/test/auto/AssemblyLine.xml
----------------- Instantiating /home/travis/build/icyphy/ptII/ptolemy/domains/de/test/auto/AssemblyLine.xml
2 ms. Memory: 307712K Free: 118350K (38%)
----------------- Invoking toplevel() on ptolemy.moml.MoMLSimpleApplication@31b869db
----------------- Done invoking toplevel() on ptolemy.moml.MoMLSimpleApplication@31b869db
reloadAllAccessors: .AssemblyLine

===========================================================================================
----------------- testing Fri Aug 03 01:48:40 UTC 2018 /home/travis/build/icyphy/ptII/ptolemy/domains/de/test/auto/CQBug1.xml
----------------- Instantiating /home/travis/build/icyphy/ptII/ptolemy/domains/de/test/auto/CQBug1.xml
0 ms. Memory: 307712K Free: 109297K (36%)
----------------- Invoking toplevel() on ptolemy.moml.MoMLSimpleApplication@15155c51
----------------- Done invoking toplevel() on ptolemy.moml.MoMLSimpleApplication@15155c51
reloadAllAccessors: .CQBug1

===========================================================================================
----------------- testing Fri Aug 03 01:48:40 UTC 2018 /home/travis/build/icyphy/ptII/ptolemy/domains/de/test/auto/CancelFireAt.xml
----------------- Instantiating /home/travis/build/icyphy/ptII/ptolemy/domains/de/test/auto/CancelFireAt.xml
0 ms. Memory: 307712K Free: 100245K (33%)
----------------- Invoking toplevel() on ptolemy.moml.MoMLSimpleApplication@33501f36
----------------- Done invoking toplevel() on ptolemy.moml.MoMLSimpleApplication@33501f36
reloadAllAccessors: .CancelFireAt

===========================================================================================
----------------- testing Fri Aug 03 01:48:40 UTC 2018 /home/travis/build/icyphy/ptII/ptolemy/domains/de/test/auto/CausalityAndComposabilityAnalysis.xml
----------------- Instantiating /home/travis/build/icyphy/ptII/ptolemy/domains/de/test/auto/CausalityAndComposabilityAnalysis.xml
2 ms. Memory: 307712K Free: 91193K (30%)
----------------- Invoking toplevel() on ptolemy.moml.MoMLSimpleApplication@60c5628d
----------------- Done invoking toplevel() on ptolemy.moml.MoMLSimpleApplication@60c5628d
reloadAllAccessors: .CausalityAndComposabilityAnalysis

===========================================================================================
----------------- testing Fri Aug 03 01:48:40 UTC 2018 /home/travis/build/icyphy/ptII/ptolemy/domains/de/test/auto/CausalityInterface1.xml
----------------- Instantiating /home/travis/build/icyphy/ptII/ptolemy/domains/de/test/auto/CausalityInterface1.xml
4 ms. Memory: 307712K Free: 78823K (26%)
----------------- Invoking toplevel() on ptolemy.moml.MoMLSimpleApplication@5811e32f
----------------- Done invoking toplevel() on ptolemy.moml.MoMLSimpleApplication@5811e32f
reloadAllAccessors: .CausalityInterface1

===========================================================================================
----------------- testing Fri Aug 03 01:48:40 UTC 2018 /home/travis/build/icyphy/ptII/ptolemy/domains/de/test/auto/CausalityInterface15.xml
----------------- Instantiating /home/travis/build/icyphy/ptII/ptolemy/domains/de/test/auto/CausalityInterface15.xml
2 ms. Memory: 298496K Free: 286614K (96%)
----------------- Invoking toplevel() on ptolemy.moml.MoMLSimpleApplication@5c23ff75
----------------- Done invoking toplevel() on ptolemy.moml.MoMLSimpleApplication@5c23ff75
reloadAllAccessors: .CausalityInterface15

===========================================================================================
----------------- testing Fri Aug 03 01:48:40 UTC 2018 /home/travis/build/icyphy/ptII/ptolemy/domains/de/test/auto/CausalityInterface2.xml
----------------- Instantiating /home/travis/build/icyphy/ptII/ptolemy/domains/de/test/auto/CausalityInterface2.xml
1 ms. Memory: 298496K Free: 278022K (93%)
----------------- Invoking toplevel() on ptolemy.moml.MoMLSimpleApplication@2bbed7e6
----------------- Done invoking toplevel() on ptolemy.moml.MoMLSimpleApplication@2bbed7e6
reloadAllAccessors: .CausalityInterface2

===========================================================================================
----------------- testing Fri Aug 03 01:48:40 UTC 2018 /home/travis/build/icyphy/ptII/ptolemy/domains/de/test/auto/CausalityInterface3.xml
----------------- Instantiating /home/travis/build/icyphy/ptII/ptolemy/domains/de/test/auto/CausalityInterface3.xml
1 ms. Memory: 298496K Free: 269343K (90%)
----------------- Invoking toplevel() on ptolemy.moml.MoMLSimpleApplication@a2e85be
----------------- Done invoking toplevel() on ptolemy.moml.MoMLSimpleApplication@a2e85be
reloadAllAccessors: .CausalityInterface3

===========================================================================================
----------------- testing Fri Aug 03 01:48:40 UTC 2018 /home/travis/build/icyphy/ptII/ptolemy/domains/de/test/auto/ClockDrift.xml
----------------- Instantiating /home/travis/build/icyphy/ptII/ptolemy/domains/de/test/auto/ClockDrift.xml
11 ms. Memory: 298496K Free: 254166K (85%)
----------------- Invoking toplevel() on ptolemy.moml.MoMLSimpleApplication@53080d7f
----------------- Done invoking toplevel() on ptolemy.moml.MoMLSimpleApplication@53080d7f
reloadAllAccessors: .ClockDrift

===========================================================================================
----------------- testing Fri Aug 03 01:48:40 UTC 2018 /home/travis/build/icyphy/ptII/ptolemy/domains/de/test/auto/ClockDriftAndValueChange.xml
----------------- Instantiating /home/travis/build/icyphy/ptII/ptolemy/domains/de/test/auto/ClockDriftAndValueChange.xml
10 ms. Memory: 298496K Free: 239006K (80%)
----------------- Invoking toplevel() on ptolemy.moml.MoMLSimpleApplication@5cbf2c94
----------------- Done invoking toplevel() on ptolemy.moml.MoMLSimpleApplication@5cbf2c94
reloadAllAccessors: .ClockDriftAndValueChange

===========================================================================================
----------------- testing Fri Aug 03 01:48:40 UTC 2018 /home/travis/build/icyphy/ptII/ptolemy/domains/de/test/auto/ClockDriftChange.xml
----------------- Instantiating /home/travis/build/icyphy/ptII/ptolemy/domains/de/test/auto/ClockDriftChange.xml
9 ms. Memory: 298496K Free: 223900K (75%)
----------------- Invoking toplevel() on ptolemy.moml.MoMLSimpleApplication@3c235776
----------------- Done invoking toplevel() on ptolemy.moml.MoMLSimpleApplication@3c235776
reloadAllAccessors: .ClockDriftChange

===========================================================================================
----------------- testing Fri Aug 03 01:48:40 UTC 2018 /home/travis/build/icyphy/ptII/ptolemy/domains/de/test/auto/ComposableCausalityAnalysis.xml
----------------- Instantiating /home/travis/build/icyphy/ptII/ptolemy/domains/de/test/auto/ComposableCausalityAnalysis.xml
1 ms. Memory: 298496K Free: 215221K (72%)
----------------- Invoking toplevel() on ptolemy.moml.MoMLSimpleApplication@52dc893f
----------------- Done invoking toplevel() on ptolemy.moml.MoMLSimpleApplication@52dc893f
reloadAllAccessors: .ComposableCausalityAnalysis

===========================================================================================
----------------- testing Fri Aug 03 01:48:40 UTC 2018 /home/travis/build/icyphy/ptII/ptolemy/domains/de/test/auto/DEFixedPointLimitation.xml
----------------- Instantiating /home/travis/build/icyphy/ptII/ptolemy/domains/de/test/auto/DEFixedPointLimitation.xml
1 ms. Memory: 298496K Free: 208716K (70%)
----------------- Invoking toplevel() on ptolemy.moml.MoMLSimpleApplication@7563b30e
----------------- Done invoking toplevel() on ptolemy.moml.MoMLSimpleApplication@7563b30e
reloadAllAccessors: .DEFixedPointLimitation

===========================================================================================
----------------- testing Fri Aug 03 01:48:40 UTC 2018 /home/travis/build/icyphy/ptII/ptolemy/domains/de/test/auto/DEScheduleTest.xml
----------------- Instantiating /home/travis/build/icyphy/ptII/ptolemy/domains/de/test/auto/DEScheduleTest.xml
2 ms. Memory: 298496K Free: 202202K (68%)
----------------- Invoking toplevel() on ptolemy.moml.MoMLSimpleApplication@5a39ee85
----------------- Done invoking toplevel() on ptolemy.moml.MoMLSimpleApplication@5a39ee85
reloadAllAccessors: .DEScheduleTest

===========================================================================================
----------------- testing Fri Aug 03 01:48:40 UTC 2018 /home/travis/build/icyphy/ptII/ptolemy/domains/de/test/auto/DEinDEwithStartTimes.xml
----------------- Instantiating /home/travis/build/icyphy/ptII/ptolemy/domains/de/test/auto/DEinDEwithStartTimes.xml
2 ms. Memory: 298496K Free: 193515K (65%)
----------------- Invoking toplevel() on ptolemy.moml.MoMLSimpleApplication@1c0cdf3a
----------------- Done invoking toplevel() on ptolemy.moml.MoMLSimpleApplication@1c0cdf3a
reloadAllAccessors: .DEinDEwithStartTimes

===========================================================================================
----------------- testing Fri Aug 03 01:48:40 UTC 2018 /home/travis/build/icyphy/ptII/ptolemy/domains/de/test/auto/DEinDEwithStartTimes2.xml
----------------- Instantiating /home/travis/build/icyphy/ptII/ptolemy/domains/de/test/auto/DEinDEwithStartTimes2.xml
2 ms. Memory: 298496K Free: 182757K (61%)
----------------- Invoking toplevel() on ptolemy.moml.MoMLSimpleApplication@12c34f74
----------------- Done invoking toplevel() on ptolemy.moml.MoMLSimpleApplication@12c34f74
reloadAllAccessors: .DEinDEwithStartTimes2

===========================================================================================
----------------- testing Fri Aug 03 01:48:40 UTC 2018 /home/travis/build/icyphy/ptII/ptolemy/domains/de/test/auto/DateDemo.xml
----------------- Instantiating /home/travis/build/icyphy/ptII/ptolemy/domains/de/test/auto/DateDemo.xml
4 ms. Memory: 298496K Free: 169731K (57%)
----------------- Invoking toplevel() on ptolemy.moml.MoMLSimpleApplication@6e7a6525
----------------- Done invoking toplevel() on ptolemy.moml.MoMLSimpleApplication@6e7a6525
reloadAllAccessors: .DateDemo

===========================================================================================
----------------- testing Fri Aug 03 01:48:40 UTC 2018 /home/travis/build/icyphy/ptII/ptolemy/domains/de/test/auto/DateToEvent.xml
----------------- Instantiating /home/travis/build/icyphy/ptII/ptolemy/domains/de/test/auto/DateToEvent.xml
2005 ms. Memory: 298496K Free: 150183K (50%)
----------------- Invoking toplevel() on ptolemy.moml.MoMLSimpleApplication@5965a27
----------------- Done invoking toplevel() on ptolemy.moml.MoMLSimpleApplication@5965a27
reloadAllAccessors: .DateToEvent

===========================================================================================
----------------- testing Fri Aug 03 01:48:42 UTC 2018 /home/travis/build/icyphy/ptII/ptolemy/domains/de/test/auto/DepthTest1.xml
----------------- Instantiating /home/travis/build/icyphy/ptII/ptolemy/domains/de/test/auto/DepthTest1.xml
1 ms. Memory: 298496K Free: 143669K (48%)
----------------- Invoking toplevel() on ptolemy.moml.MoMLSimpleApplication@57c1c12d
----------------- Done invoking toplevel() on ptolemy.moml.MoMLSimpleApplication@57c1c12d
reloadAllAccessors: .DepthTest1

===========================================================================================
----------------- testing Fri Aug 03 01:48:42 UTC 2018 /home/travis/build/icyphy/ptII/ptolemy/domains/de/test/auto/DepthTest2.xml
----------------- Instantiating /home/travis/build/icyphy/ptII/ptolemy/domains/de/test/auto/DepthTest2.xml
2 ms. Memory: 298496K Free: 132912K (45%)
----------------- Invoking toplevel() on ptolemy.moml.MoMLSimpleApplication@31da364b
----------------- Done invoking toplevel() on ptolemy.moml.MoMLSimpleApplication@31da364b
reloadAllAccessors: .DepthTest2

===========================================================================================
----------------- testing Fri Aug 03 01:48:42 UTC 2018 /home/travis/build/icyphy/ptII/ptolemy/domains/de/test/auto/DepthTest3.xml
----------------- Instantiating /home/travis/build/icyphy/ptII/ptolemy/domains/de/test/auto/DepthTest3.xml
1 ms. Memory: 298496K Free: 126398K (42%)
----------------- Invoking toplevel() on ptolemy.moml.MoMLSimpleApplication@24333cdf
----------------- Done invoking toplevel() on ptolemy.moml.MoMLSimpleApplication@24333cdf
reloadAllAccessors: .DepthTest3

===========================================================================================
----------------- testing Fri Aug 03 01:48:42 UTC 2018 /home/travis/build/icyphy/ptII/ptolemy/domains/de/test/auto/DepthTest4.xml
----------------- Instantiating /home/travis/build/icyphy/ptII/ptolemy/domains/de/test/auto/DepthTest4.xml
1 ms. Memory: 298496K Free: 117703K (39%)
----------------- Invoking toplevel() on ptolemy.moml.MoMLSimpleApplication@13c2c291
----------------- Done invoking toplevel() on ptolemy.moml.MoMLSimpleApplication@13c2c291
reloadAllAccessors: .DepthTest4

===========================================================================================
----------------- testing Fri Aug 03 01:48:42 UTC 2018 /home/travis/build/icyphy/ptII/ptolemy/domains/de/test/auto/DepthTest5.xml
----------------- Instantiating /home/travis/build/icyphy/ptII/ptolemy/domains/de/test/auto/DepthTest5.xml
2 ms. Memory: 298496K Free: 109024K (37%)
----------------- Invoking toplevel() on ptolemy.moml.MoMLSimpleApplication@270c6a2f
----------------- Done invoking toplevel() on ptolemy.moml.MoMLSimpleApplication@270c6a2f
reloadAllAccessors: .DepthTest5

===========================================================================================
----------------- testing Fri Aug 03 01:48:42 UTC 2018 /home/travis/build/icyphy/ptII/ptolemy/domains/de/test/auto/DepthTest6.xml
----------------- Instantiating /home/travis/build/icyphy/ptII/ptolemy/domains/de/test/auto/DepthTest6.xml
2 ms. Memory: 298496K Free: 100345K (34%)
----------------- Invoking toplevel() on ptolemy.moml.MoMLSimpleApplication@acca1b9
----------------- Done invoking toplevel() on ptolemy.moml.MoMLSimpleApplication@acca1b9
reloadAllAccessors: .DepthTest6

===========================================================================================
----------------- testing Fri Aug 03 01:48:42 UTC 2018 /home/travis/build/icyphy/ptII/ptolemy/domains/de/test/auto/DepthTest7.xml
----------------- Instantiating /home/travis/build/icyphy/ptII/ptolemy/domains/de/test/auto/DepthTest7.xml
1 ms. Memory: 298496K Free: 89563K (30%)
----------------- Invoking toplevel() on ptolemy.moml.MoMLSimpleApplication@1398f664
----------------- Done invoking toplevel() on ptolemy.moml.MoMLSimpleApplication@1398f664
reloadAllAccessors: .DepthTest7

===========================================================================================
----------------- testing Fri Aug 03 01:48:42 UTC 2018 /home/travis/build/icyphy/ptII/ptolemy/domains/de/test/auto/EventToDate.xml
----------------- Instantiating /home/travis/build/icyphy/ptII/ptolemy/domains/de/test/auto/EventToDate.xml
3004 ms. Memory: 289280K Free: 278990K (96%)
----------------- Invoking toplevel() on ptolemy.moml.MoMLSimpleApplication@27a33e2
----------------- Done invoking toplevel() on ptolemy.moml.MoMLSimpleApplication@27a33e2
reloadAllAccessors: .EventToDate

===========================================================================================
----------------- testing Fri Aug 03 01:48:45 UTC 2018 /home/travis/build/icyphy/ptII/ptolemy/domains/de/test/auto/FSM1.xml
----------------- Instantiating /home/travis/build/icyphy/ptII/ptolemy/domains/de/test/auto/FSM1.xml
12 ms. Memory: 289280K Free: 263095K (91%)
----------------- Invoking toplevel() on ptolemy.moml.MoMLSimpleApplication@4023e614
----------------- Done invoking toplevel() on ptolemy.moml.MoMLSimpleApplication@4023e614
reloadAllAccessors: .FSM1

===========================================================================================
----------------- testing Fri Aug 03 01:48:45 UTC 2018 /home/travis/build/icyphy/ptII/ptolemy/domains/de/test/auto/FSM7.xml
----------------- Instantiating /home/travis/build/icyphy/ptII/ptolemy/domains/de/test/auto/FSM7.xml
14 ms. Memory: 289280K Free: 248572K (86%)
----------------- Invoking toplevel() on ptolemy.moml.MoMLSimpleApplication@5984fee5
----------------- Done invoking toplevel() on ptolemy.moml.MoMLSimpleApplication@5984fee5
reloadAllAccessors: .FSM7

===========================================================================================
----------------- testing Fri Aug 03 01:48:45 UTC 2018 /home/travis/build/icyphy/ptII/ptolemy/domains/de/test/auto/Inspection.xml
----------------- Instantiating /home/travis/build/icyphy/ptII/ptolemy/domains/de/test/auto/Inspection.xml
13 ms. Memory: 289280K Free: 232665K (80%)
----------------- Invoking toplevel() on ptolemy.moml.MoMLSimpleApplication@e2dbcea
----------------- Done invoking toplevel() on ptolemy.moml.MoMLSimpleApplication@e2dbcea
reloadAllAccessors: .Inspection

===========================================================================================
----------------- testing Fri Aug 03 01:48:45 UTC 2018 /home/travis/build/icyphy/ptII/ptolemy/domains/de/test/auto/Iteration.xml
----------------- Instantiating /home/travis/build/icyphy/ptII/ptolemy/domains/de/test/auto/Iteration.xml
8 ms. Memory: 289280K Free: 224354K (78%)
----------------- Invoking toplevel() on ptolemy.moml.MoMLSimpleApplication@214f2db7
----------------- Done invoking toplevel() on ptolemy.moml.MoMLSimpleApplication@214f2db7
reloadAllAccessors: .Iteration

===========================================================================================
----------------- testing Fri Aug 03 01:48:45 UTC 2018 /home/travis/build/icyphy/ptII/ptolemy/domains/de/test/auto/LineFault.xml
----------------- Instantiating /home/travis/build/icyphy/ptII/ptolemy/domains/de/test/auto/LineFault.xml
435 ms. Memory: 289280K Free: 103827K (36%)
----------------- Invoking toplevel() on ptolemy.moml.MoMLSimpleApplication@54e9e5c2
----------------- Done invoking toplevel() on ptolemy.moml.MoMLSimpleApplication@54e9e5c2
reloadAllAccessors: .LineFault

===========================================================================================
----------------- testing Fri Aug 03 01:48:46 UTC 2018 /home/travis/build/icyphy/ptII/ptolemy/domains/de/test/auto/MergeModel1Add.xml
----------------- Instantiating /home/travis/build/icyphy/ptII/ptolemy/domains/de/test/auto/MergeModel1Add.xml
5 ms. Memory: 289280K Free: 81690K (28%)
----------------- Invoking toplevel() on ptolemy.moml.MoMLSimpleApplication@198c5119
----------------- Done invoking toplevel() on ptolemy.moml.MoMLSimpleApplication@198c5119
reloadAllAccessors: .MergeModel1Add

===========================================================================================
----------------- testing Fri Aug 03 01:48:46 UTC 2018 /home/travis/build/icyphy/ptII/ptolemy/domains/de/test/auto/MergeModel2Add.xml
----------------- Instantiating /home/travis/build/icyphy/ptII/ptolemy/domains/de/test/auto/MergeModel2Add.xml
4 ms. Memory: 280576K Free: 260681K (93%)
----------------- Invoking toplevel() on ptolemy.moml.MoMLSimpleApplication@5065afd4
----------------- Done invoking toplevel() on ptolemy.moml.MoMLSimpleApplication@5065afd4
reloadAllAccessors: .MergeModel2Add

===========================================================================================
----------------- testing Fri Aug 03 01:48:46 UTC 2018 /home/travis/build/icyphy/ptII/ptolemy/domains/de/test/auto/MergeModel3Add.xml
----------------- Instantiating /home/travis/build/icyphy/ptII/ptolemy/domains/de/test/auto/MergeModel3Add.xml
7 ms. Memory: 280576K Free: 239888K (85%)
----------------- Invoking toplevel() on ptolemy.moml.MoMLSimpleApplication@a7f635b
----------------- Done invoking toplevel() on ptolemy.moml.MoMLSimpleApplication@a7f635b
reloadAllAccessors: .MergeModel3Add

===========================================================================================
----------------- testing Fri Aug 03 01:48:46 UTC 2018 /home/travis/build/icyphy/ptII/ptolemy/domains/de/test/auto/MergeWithoutDiscard.xml
----------------- Instantiating /home/travis/build/icyphy/ptII/ptolemy/domains/de/test/auto/MergeWithoutDiscard.xml
1 ms. Memory: 280576K Free: 233042K (83%)
----------------- Invoking toplevel() on ptolemy.moml.MoMLSimpleApplication@2ec83592
----------------- Done invoking toplevel() on ptolemy.moml.MoMLSimpleApplication@2ec83592
reloadAllAccessors: .MergeWithoutDiscard

===========================================================================================
----------------- testing Fri Aug 03 01:48:46 UTC 2018 /home/travis/build/icyphy/ptII/ptolemy/domains/de/test/auto/Modal1.xml
----------------- Instantiating /home/travis/build/icyphy/ptII/ptolemy/domains/de/test/auto/Modal1.xml
9 ms. Memory: 280576K Free: 219104K (78%)
----------------- Invoking toplevel() on ptolemy.moml.MoMLSimpleApplication@771fc0f
----------------- Done invoking toplevel() on ptolemy.moml.MoMLSimpleApplication@771fc0f
reloadAllAccessors: .Modal1

===========================================================================================
----------------- testing Fri Aug 03 01:48:46 UTC 2018 /home/travis/build/icyphy/ptII/ptolemy/domains/de/test/auto/Modal2.xml
----------------- Instantiating /home/travis/build/icyphy/ptII/ptolemy/domains/de/test/auto/Modal2.xml
5 ms. Memory: 280576K Free: 204278K (73%)
----------------- Invoking toplevel() on ptolemy.moml.MoMLSimpleApplication@79b4fc61
----------------- Done invoking toplevel() on ptolemy.moml.MoMLSimpleApplication@79b4fc61
reloadAllAccessors: .Modal2

===========================================================================================
----------------- testing Fri Aug 03 01:48:46 UTC 2018 /home/travis/build/icyphy/ptII/ptolemy/domains/de/test/auto/Modal3.xml
----------------- Instantiating /home/travis/build/icyphy/ptII/ptolemy/domains/de/test/auto/Modal3.xml
6 ms. Memory: 280576K Free: 188338K (67%)
----------------- Invoking toplevel() on ptolemy.moml.MoMLSimpleApplication@112b7b73
----------------- Done invoking toplevel() on ptolemy.moml.MoMLSimpleApplication@112b7b73
reloadAllAccessors: .Modal3

===========================================================================================
----------------- testing Fri Aug 03 01:48:46 UTC 2018 /home/travis/build/icyphy/ptII/ptolemy/domains/de/test/auto/Modal4.xml
----------------- Instantiating /home/travis/build/icyphy/ptII/ptolemy/domains/de/test/auto/Modal4.xml
9 ms. Memory: 280576K Free: 171525K (61%)
----------------- Invoking toplevel() on ptolemy.moml.MoMLSimpleApplication@1c67028e
----------------- Done invoking toplevel() on ptolemy.moml.MoMLSimpleApplication@1c67028e
reloadAllAccessors: .Modal4

===========================================================================================
----------------- testing Fri Aug 03 01:48:46 UTC 2018 /home/travis/build/icyphy/ptII/ptolemy/domains/de/test/auto/Modal5.xml
----------------- Instantiating /home/travis/build/icyphy/ptII/ptolemy/domains/de/test/auto/Modal5.xml
7 ms. Memory: 280576K Free: 155585K (55%)
----------------- Invoking toplevel() on ptolemy.moml.MoMLSimpleApplication@4a91e0ea
----------------- Done invoking toplevel() on ptolemy.moml.MoMLSimpleApplication@4a91e0ea
reloadAllAccessors: .Modal5

===========================================================================================
----------------- testing Fri Aug 03 01:48:46 UTC 2018 /home/travis/build/icyphy/ptII/ptolemy/domains/de/test/auto/Modal6.xml
----------------- Instantiating /home/travis/build/icyphy/ptII/ptolemy/domains/de/test/auto/Modal6.xml
8 ms. Memory: 280576K Free: 140775K (50%)
----------------- Invoking toplevel() on ptolemy.moml.MoMLSimpleApplication@29a70a8b
----------------- Done invoking toplevel() on ptolemy.moml.MoMLSimpleApplication@29a70a8b
reloadAllAccessors: .Modal6

===========================================================================================
----------------- testing Fri Aug 03 01:48:46 UTC 2018 /home/travis/build/icyphy/ptII/ptolemy/domains/de/test/auto/Modal7.xml
----------------- Instantiating /home/travis/build/icyphy/ptII/ptolemy/domains/de/test/auto/Modal7.xml
7 ms. Memory: 280576K Free: 123971K (44%)
----------------- Invoking toplevel() on ptolemy.moml.MoMLSimpleApplication@14e7f31f
----------------- Done invoking toplevel() on ptolemy.moml.MoMLSimpleApplication@14e7f31f
reloadAllAccessors: .Modal7

===========================================================================================
----------------- testing Fri Aug 03 01:48:46 UTC 2018 /home/travis/build/icyphy/ptII/ptolemy/domains/de/test/auto/ModalModel.xml
----------------- Instantiating /home/travis/build/icyphy/ptII/ptolemy/domains/de/test/auto/ModalModel.xml
125 ms. Memory: 339968K Free: 307255K (90%)
----------------- Invoking toplevel() on ptolemy.moml.MoMLSimpleApplication@6f4129b0
----------------- Done invoking toplevel() on ptolemy.moml.MoMLSimpleApplication@6f4129b0
reloadAllAccessors: .ModalModel

===========================================================================================
----------------- testing Fri Aug 03 01:48:46 UTC 2018 /home/travis/build/icyphy/ptII/ptolemy/domains/de/test/auto/ModalSource.xml
----------------- Instantiating /home/travis/build/icyphy/ptII/ptolemy/domains/de/test/auto/ModalSource.xml
4 ms. Memory: 339968K Free: 294565K (87%)
----------------- Invoking toplevel() on ptolemy.moml.MoMLSimpleApplication@2572648
----------------- Done invoking toplevel() on ptolemy.moml.MoMLSimpleApplication@2572648
reloadAllAccessors: .ModalSource

===========================================================================================
----------------- testing Fri Aug 03 01:48:46 UTC 2018 /home/travis/build/icyphy/ptII/ptolemy/domains/de/test/auto/NonInterruptibleTimerZeroDelay.xml
----------------- Instantiating /home/travis/build/icyphy/ptII/ptolemy/domains/de/test/auto/NonInterruptibleTimerZeroDelay.xml
1 ms. Memory: 339968K Free: 288603K (85%)
----------------- Invoking toplevel() on ptolemy.moml.MoMLSimpleApplication@3d6cc1f7
----------------- Done invoking toplevel() on ptolemy.moml.MoMLSimpleApplication@3d6cc1f7
reloadAllAccessors: .NonInterruptibleTimerZeroDelay

===========================================================================================
----------------- testing Fri Aug 03 01:48:46 UTC 2018 /home/travis/build/icyphy/ptII/ptolemy/domains/de/test/auto/OpenQueueingNetwork.xml
----------------- Instantiating /home/travis/build/icyphy/ptII/ptolemy/domains/de/test/auto/OpenQueueingNetwork.xml
1978 ms. Memory: 402432K Free: 334497K (83%)
----------------- Invoking toplevel() on ptolemy.moml.MoMLSimpleApplication@2caa4bfb
----------------- Done invoking toplevel() on ptolemy.moml.MoMLSimpleApplication@2caa4bfb
reloadAllAccessors: .OpenQueueingNetwork

===========================================================================================
----------------- testing Fri Aug 03 01:48:48 UTC 2018 /home/travis/build/icyphy/ptII/ptolemy/domains/de/test/auto/OpenQueuingNetwork.xml
----------------- Instantiating /home/travis/build/icyphy/ptII/ptolemy/domains/de/test/auto/OpenQueuingNetwork.xml
206 ms. Memory: 402432K Free: 239150K (59%)
----------------- Invoking toplevel() on ptolemy.moml.MoMLSimpleApplication@43869612
----------------- Done invoking toplevel() on ptolemy.moml.MoMLSimpleApplication@43869612
reloadAllAccessors: .OpenQueuingNetwork

===========================================================================================
----------------- testing Fri Aug 03 01:48:49 UTC 2018 /home/travis/build/icyphy/ptII/ptolemy/domains/de/test/auto/PeriodicSampler.xml
----------------- Instantiating /home/travis/build/icyphy/ptII/ptolemy/domains/de/test/auto/PeriodicSampler.xml
1 ms. Memory: 402432K Free: 232087K (58%)
----------------- Invoking toplevel() on ptolemy.moml.MoMLSimpleApplication@4ca2c45
----------------- Done invoking toplevel() on ptolemy.moml.MoMLSimpleApplication@4ca2c45
reloadAllAccessors: .PeriodicSampler

===========================================================================================
----------------- testing Fri Aug 03 01:48:49 UTC 2018 /home/travis/build/icyphy/ptII/ptolemy/domains/de/test/auto/PersistentIO.xml
----------------- Instantiating /home/travis/build/icyphy/ptII/ptolemy/domains/de/test/auto/PersistentIO.xml
3 ms. Memory: 402432K Free: 218584K (54%)
----------------- Invoking toplevel() on ptolemy.moml.MoMLSimpleApplication@62c4f4fa
----------------- Done invoking toplevel() on ptolemy.moml.MoMLSimpleApplication@62c4f4fa
reloadAllAccessors: .PersistentIO

===========================================================================================
----------------- testing Fri Aug 03 01:48:49 UTC 2018 /home/travis/build/icyphy/ptII/ptolemy/domains/de/test/auto/PortParameterResetOnInitialize.xml
----------------- Instantiating /home/travis/build/icyphy/ptII/ptolemy/domains/de/test/auto/PortParameterResetOnInitialize.xml
2 ms. Memory: 402432K Free: 208294K (52%)
----------------- Invoking toplevel() on ptolemy.moml.MoMLSimpleApplication@6b00fca8
----------------- Done invoking toplevel() on ptolemy.moml.MoMLSimpleApplication@6b00fca8
reloadAllAccessors: .PortParameterResetOnInitialize

===========================================================================================
----------------- testing Fri Aug 03 01:48:49 UTC 2018 /home/travis/build/icyphy/ptII/ptolemy/domains/de/test/auto/PortParameterUpdates.xml
----------------- Instantiating /home/travis/build/icyphy/ptII/ptolemy/domains/de/test/auto/PortParameterUpdates.xml
4 ms. Memory: 402432K Free: 198663K (49%)
----------------- Invoking toplevel() on ptolemy.moml.MoMLSimpleApplication@2cfbe9ca
----------------- Done invoking toplevel() on ptolemy.moml.MoMLSimpleApplication@2cfbe9ca
reloadAllAccessors: .PortParameterUpdates

===========================================================================================
----------------- testing Fri Aug 03 01:48:49 UTC 2018 /home/travis/build/icyphy/ptII/ptolemy/domains/de/test/auto/QueueAndServer.xml
----------------- Instantiating /home/travis/build/icyphy/ptII/ptolemy/domains/de/test/auto/QueueAndServer.xml
5 ms. Memory: 402432K Free: 188373K (47%)
----------------- Invoking toplevel() on ptolemy.moml.MoMLSimpleApplication@6a030b09
----------------- Done invoking toplevel() on ptolemy.moml.MoMLSimpleApplication@6a030b09
reloadAllAccessors: .QueueAndServer

===========================================================================================
----------------- testing Fri Aug 03 01:48:49 UTC 2018 /home/travis/build/icyphy/ptII/ptolemy/domains/de/test/auto/Records.xml
----------------- Instantiating /home/travis/build/icyphy/ptII/ptolemy/domains/de/test/auto/Records.xml
3 ms. Memory: 402432K Free: 178100K (44%)
----------------- Invoking toplevel() on ptolemy.moml.MoMLSimpleApplication@4670fbc6
----------------- Done invoking toplevel() on ptolemy.moml.MoMLSimpleApplication@4670fbc6
reloadAllAccessors: .Records

===========================================================================================
----------------- testing Fri Aug 03 01:48:49 UTC 2018 /home/travis/build/icyphy/ptII/ptolemy/domains/de/test/auto/ResetTransitionWithStartTime1.xml
----------------- Instantiating /home/travis/build/icyphy/ptII/ptolemy/domains/de/test/auto/ResetTransitionWithStartTime1.xml
8 ms. Memory: 402432K Free: 167818K (42%)
----------------- Invoking toplevel() on ptolemy.moml.MoMLSimpleApplication@695d40bc
----------------- Done invoking toplevel() on ptolemy.moml.MoMLSimpleApplication@695d40bc
reloadAllAccessors: .ResetTransitionWithStartTime1

===========================================================================================
----------------- testing Fri Aug 03 01:48:49 UTC 2018 /home/travis/build/icyphy/ptII/ptolemy/domains/de/test/auto/ResetTransitionWithStartTime2.xml
----------------- Instantiating /home/travis/build/icyphy/ptII/ptolemy/domains/de/test/auto/ResetTransitionWithStartTime2.xml
3 ms. Memory: 402432K Free: 157537K (39%)
----------------- Invoking toplevel() on ptolemy.moml.MoMLSimpleApplication@60b085f8
----------------- Done invoking toplevel() on ptolemy.moml.MoMLSimpleApplication@60b085f8
reloadAllAccessors: .ResetTransitionWithStartTime2

===========================================================================================
----------------- testing Fri Aug 03 01:48:49 UTC 2018 /home/travis/build/icyphy/ptII/ptolemy/domains/de/test/auto/ResetTransitionWithStartTime3.xml
----------------- Instantiating /home/travis/build/icyphy/ptII/ptolemy/domains/de/test/auto/ResetTransitionWithStartTime3.xml
6 ms. Memory: 402432K Free: 147906K (37%)
----------------- Invoking toplevel() on ptolemy.moml.MoMLSimpleApplication@77291d82
----------------- Done invoking toplevel() on ptolemy.moml.MoMLSimpleApplication@77291d82
reloadAllAccessors: .ResetTransitionWithStartTime3

===========================================================================================
----------------- testing Fri Aug 03 01:48:49 UTC 2018 /home/travis/build/icyphy/ptII/ptolemy/domains/de/test/auto/ResetTransitionWithStartTime4.xml
----------------- Instantiating /home/travis/build/icyphy/ptII/ptolemy/domains/de/test/auto/ResetTransitionWithStartTime4.xml
3 ms. Memory: 402432K Free: 134406K (33%)
----------------- Invoking toplevel() on ptolemy.moml.MoMLSimpleApplication@5e43801e
----------------- Done invoking toplevel() on ptolemy.moml.MoMLSimpleApplication@5e43801e
reloadAllAccessors: .ResetTransitionWithStartTime4

===========================================================================================
----------------- testing Fri Aug 03 01:48:49 UTC 2018 /home/travis/build/icyphy/ptII/ptolemy/domains/de/test/auto/ResettableTimer1.xml
----------------- Instantiating /home/travis/build/icyphy/ptII/ptolemy/domains/de/test/auto/ResettableTimer1.xml
1 ms. Memory: 402432K Free: 127342K (32%)
----------------- Invoking toplevel() on ptolemy.moml.MoMLSimpleApplication@3ac6061f
----------------- Done invoking toplevel() on ptolemy.moml.MoMLSimpleApplication@3ac6061f
reloadAllAccessors: .ResettableTimer1

===========================================================================================
----------------- testing Fri Aug 03 01:48:49 UTC 2018 /home/travis/build/icyphy/ptII/ptolemy/domains/de/test/auto/ResettableTimer2.xml
----------------- Instantiating /home/travis/build/icyphy/ptII/ptolemy/domains/de/test/auto/ResettableTimer2.xml
1 ms. Memory: 402432K Free: 120279K (30%)
----------------- Invoking toplevel() on ptolemy.moml.MoMLSimpleApplication@76f8e501
----------------- Done invoking toplevel() on ptolemy.moml.MoMLSimpleApplication@76f8e501
reloadAllAccessors: .ResettableTimer2

===========================================================================================
----------------- testing Fri Aug 03 01:48:49 UTC 2018 /home/travis/build/icyphy/ptII/ptolemy/domains/de/test/auto/ResettableTimer3.xml
----------------- Instantiating /home/travis/build/icyphy/ptII/ptolemy/domains/de/test/auto/ResettableTimer3.xml
1 ms. Memory: 402432K Free: 113216K (28%)
----------------- Invoking toplevel() on ptolemy.moml.MoMLSimpleApplication@6e0c0334
----------------- Done invoking toplevel() on ptolemy.moml.MoMLSimpleApplication@6e0c0334
reloadAllAccessors: .ResettableTimer3

===========================================================================================
----------------- testing Fri Aug 03 01:48:49 UTC 2018 /home/travis/build/icyphy/ptII/ptolemy/domains/de/test/auto/ResettableTimer4.xml
----------------- Instantiating /home/travis/build/icyphy/ptII/ptolemy/domains/de/test/auto/ResettableTimer4.xml
1 ms. Memory: 402432K Free: 103569K (26%)
----------------- Invoking toplevel() on ptolemy.moml.MoMLSimpleApplication@1df7179c
----------------- Done invoking toplevel() on ptolemy.moml.MoMLSimpleApplication@1df7179c
reloadAllAccessors: .ResettableTimer4

===========================================================================================
----------------- testing Fri Aug 03 01:48:49 UTC 2018 /home/travis/build/icyphy/ptII/ptolemy/domains/de/test/auto/ResettableTimer5.xml
----------------- Instantiating /home/travis/build/icyphy/ptII/ptolemy/domains/de/test/auto/ResettableTimer5.xml
1 ms. Memory: 402432K Free: 93296K (23%)
----------------- Invoking toplevel() on ptolemy.moml.MoMLSimpleApplication@3d1db7f4
----------------- Done invoking toplevel() on ptolemy.moml.MoMLSimpleApplication@3d1db7f4
reloadAllAccessors: .ResettableTimer5

===========================================================================================
----------------- testing Fri Aug 03 01:48:49 UTC 2018 /home/travis/build/icyphy/ptII/ptolemy/domains/de/test/auto/ResettableTimer6.xml
----------------- Instantiating /home/travis/build/icyphy/ptII/ptolemy/domains/de/test/auto/ResettableTimer6.xml
4 ms. Memory: 402432K Free: 83006K (21%)
----------------- Invoking toplevel() on ptolemy.moml.MoMLSimpleApplication@6d69b597
----------------- Done invoking toplevel() on ptolemy.moml.MoMLSimpleApplication@6d69b597
reloadAllAccessors: .ResettableTimer6

===========================================================================================
----------------- testing Fri Aug 03 01:48:49 UTC 2018 /home/travis/build/icyphy/ptII/ptolemy/domains/de/test/auto/ServerZeroDelay.xml
----------------- Instantiating /home/travis/build/icyphy/ptII/ptolemy/domains/de/test/auto/ServerZeroDelay.xml
2 ms. Memory: 402432K Free: 75943K (19%)
----------------- Invoking toplevel() on ptolemy.moml.MoMLSimpleApplication@307ef207
----------------- Done invoking toplevel() on ptolemy.moml.MoMLSimpleApplication@307ef207
reloadAllAccessors: .ServerZeroDelay

===========================================================================================
----------------- testing Fri Aug 03 01:48:49 UTC 2018 /home/travis/build/icyphy/ptII/ptolemy/domains/de/test/auto/SmartSender.xml
----------------- Instantiating /home/travis/build/icyphy/ptII/ptolemy/domains/de/test/auto/SmartSender.xml
3010 ms. Memory: 390144K Free: 375760K (96%)
----------------- Invoking toplevel() on ptolemy.moml.MoMLSimpleApplication@7a21fc89
----------------- Done invoking toplevel() on ptolemy.moml.MoMLSimpleApplication@7a21fc89
reloadAllAccessors: .SmartSender

===========================================================================================
----------------- testing Fri Aug 03 01:48:52 UTC 2018 /home/travis/build/icyphy/ptII/ptolemy/domains/de/test/auto/ThreadedComposite.xml
----------------- Instantiating /home/travis/build/icyphy/ptII/ptolemy/domains/de/test/auto/ThreadedComposite.xml
919 ms. Memory: 390144K Free: 253648K (65%)
----------------- Invoking toplevel() on ptolemy.moml.MoMLSimpleApplication@7fb14388
----------------- Done invoking toplevel() on ptolemy.moml.MoMLSimpleApplication@7fb14388
reloadAllAccessors: .ThreadedComposite

===========================================================================================
----------------- testing Fri Aug 03 01:48:53 UTC 2018 /home/travis/build/icyphy/ptII/ptolemy/domains/de/test/auto/Time.xml
----------------- Instantiating /home/travis/build/icyphy/ptII/ptolemy/domains/de/test/auto/Time.xml
422 ms. Memory: 390144K Free: 194897K (50%)
----------------- Invoking toplevel() on ptolemy.moml.MoMLSimpleApplication@1601cbfe
----------------- Done invoking toplevel() on ptolemy.moml.MoMLSimpleApplication@1601cbfe
reloadAllAccessors: .Time

===========================================================================================
----------------- testing Fri Aug 03 01:48:53 UTC 2018 /home/travis/build/icyphy/ptII/ptolemy/domains/de/test/auto/TimeDelayZeroDelay.xml
----------------- Instantiating /home/travis/build/icyphy/ptII/ptolemy/domains/de/test/auto/TimeDelayZeroDelay.xml
5 ms. Memory: 390144K Free: 188299K (48%)
----------------- Invoking toplevel() on ptolemy.moml.MoMLSimpleApplication@5893040e
----------------- Done invoking toplevel() on ptolemy.moml.MoMLSimpleApplication@5893040e
reloadAllAccessors: .TimeDelayZeroDelay

===========================================================================================
----------------- testing Fri Aug 03 01:48:53 UTC 2018 /home/travis/build/icyphy/ptII/ptolemy/domains/de/test/auto/TimerZeroDelay.xml
----------------- Instantiating /home/travis/build/icyphy/ptII/ptolemy/domains/de/test/auto/TimerZeroDelay.xml
2 ms. Memory: 390144K Free: 181702K (47%)
----------------- Invoking toplevel() on ptolemy.moml.MoMLSimpleApplication@3324f6eb
----------------- Done invoking toplevel() on ptolemy.moml.MoMLSimpleApplication@3324f6eb
reloadAllAccessors: .TimerZeroDelay

===========================================================================================
----------------- testing Fri Aug 03 01:48:53 UTC 2018 /home/travis/build/icyphy/ptII/ptolemy/domains/de/test/auto/TimingParadox.xml
----------------- Instantiating /home/travis/build/icyphy/ptII/ptolemy/domains/de/test/auto/TimingParadox.xml
269 ms. Memory: 390144K Free: 110628K (28%)
----------------- Invoking toplevel() on ptolemy.moml.MoMLSimpleApplication@4af43699
----------------- Done invoking toplevel() on ptolemy.moml.MoMLSimpleApplication@4af43699
reloadAllAccessors: .TimingParadox

===========================================================================================
----------------- testing Fri Aug 03 01:48:54 UTC 2018 /home/travis/build/icyphy/ptII/ptolemy/domains/de/test/auto/TransferInputs.xml
----------------- Instantiating /home/travis/build/icyphy/ptII/ptolemy/domains/de/test/auto/TransferInputs.xml
1 ms. Memory: 390144K Free: 100947K (26%)
----------------- Invoking toplevel() on ptolemy.moml.MoMLSimpleApplication@12ec8486
----------------- Done invoking toplevel() on ptolemy.moml.MoMLSimpleApplication@12ec8486
reloadAllAccessors: .TransferInputs

===========================================================================================
----------------- testing Fri Aug 03 01:48:54 UTC 2018 /home/travis/build/icyphy/ptII/ptolemy/domains/de/test/auto/TransferOutputs2.xml
----------------- Instantiating /home/travis/build/icyphy/ptII/ptolemy/domains/de/test/auto/TransferOutputs2.xml
5 ms. Memory: 390144K Free: 87720K (22%)
----------------- Invoking toplevel() on ptolemy.moml.MoMLSimpleApplication@6162eaae
----------------- Done invoking toplevel() on ptolemy.moml.MoMLSimpleApplication@6162eaae
reloadAllAccessors: .TransferOutputs2

===========================================================================================
----------------- testing Fri Aug 03 01:48:54 UTC 2018 /home/travis/build/icyphy/ptII/ptolemy/domains/de/test/auto/Trilateration.xml
----------------- Instantiating /home/travis/build/icyphy/ptII/ptolemy/domains/de/test/auto/Trilateration.xml
10464 ms. Memory: 769024K Free: 300873K (39%)
----------------- Invoking toplevel() on ptolemy.moml.MoMLSimpleApplication@57e1c1ad
----------------- Done invoking toplevel() on ptolemy.moml.MoMLSimpleApplication@57e1c1ad
reloadAllAccessors: .Trilateration

===========================================================================================
----------------- testing Fri Aug 03 01:49:05 UTC 2018 /home/travis/build/icyphy/ptII/ptolemy/domains/de/test/auto/TwoSigmaDelta.xml
----------------- Instantiating /home/travis/build/icyphy/ptII/ptolemy/domains/de/test/auto/TwoSigmaDelta.xml
1807 ms. Memory: 731136K Free: 647585K (89%)
----------------- Invoking toplevel() on ptolemy.moml.MoMLSimpleApplication@3b1874de
----------------- Done invoking toplevel() on ptolemy.moml.MoMLSimpleApplication@3b1874de
reloadAllAccessors: .TwoSigmaDelta

===========================================================================================
----------------- testing Fri Aug 03 01:49:07 UTC 2018 /home/travis/build/icyphy/ptII/ptolemy/domains/de/test/auto/VariableDelay.xml
----------------- Instantiating /home/travis/build/icyphy/ptII/ptolemy/domains/de/test/auto/VariableDelay.xml
2 ms. Memory: 731136K Free: 627067K (86%)
----------------- Invoking toplevel() on ptolemy.moml.MoMLSimpleApplication@7bb4d95
----------------- Done invoking toplevel() on ptolemy.moml.MoMLSimpleApplication@7bb4d95
reloadAllAccessors: .VariableDelay

===========================================================================================
----------------- testing Fri Aug 03 01:49:07 UTC 2018 /home/travis/build/icyphy/ptII/ptolemy/domains/de/test/auto/VariableDelay2.xml
----------------- Instantiating /home/travis/build/icyphy/ptII/ptolemy/domains/de/test/auto/VariableDelay2.xml
2 ms. Memory: 731136K Free: 613626K (84%)
----------------- Invoking toplevel() on ptolemy.moml.MoMLSimpleApplication@49dacd6e
----------------- Done invoking toplevel() on ptolemy.moml.MoMLSimpleApplication@49dacd6e
reloadAllAccessors: .VariableDelay2

===========================================================================================
----------------- testing Fri Aug 03 01:49:07 UTC 2018 /home/travis/build/icyphy/ptII/ptolemy/domains/de/test/auto/VariableDelayZeroDelay.xml
----------------- Instantiating /home/travis/build/icyphy/ptII/ptolemy/domains/de/test/auto/VariableDelayZeroDelay.xml
3 ms. Memory: 731136K Free: 600186K (82%)
----------------- Invoking toplevel() on ptolemy.moml.MoMLSimpleApplication@3f9fb10f
----------------- Done invoking toplevel() on ptolemy.moml.MoMLSimpleApplication@3f9fb10f
reloadAllAccessors: .VariableDelayZeroDelay

===========================================================================================
----------------- testing Fri Aug 03 01:49:07 UTC 2018 /home/travis/build/icyphy/ptII/ptolemy/domains/de/test/auto/VariableDelayZeroDelay2.xml
----------------- Instantiating /home/travis/build/icyphy/ptII/ptolemy/domains/de/test/auto/VariableDelayZeroDelay2.xml
2 ms. Memory: 731136K Free: 586746K (80%)
----------------- Invoking toplevel() on ptolemy.moml.MoMLSimpleApplication@1be46252
----------------- Done invoking toplevel() on ptolemy.moml.MoMLSimpleApplication@1be46252
reloadAllAccessors: .VariableDelayZeroDelay2

===========================================================================================
----------------- testing Fri Aug 03 01:49:07 UTC 2018 /home/travis/build/icyphy/ptII/ptolemy/domains/de/test/auto/deInCt.xml
----------------- Instantiating /home/travis/build/icyphy/ptII/ptolemy/domains/de/test/auto/deInCt.xml
0
1
1
1
0
0
0
1
1
1
0
0
0
1
1
1
0
0
0
1
1
1
0
0
0
1
1
1
0
0
0
1
1
1
0
0
0
0
1
1
0
0
0
1
1
0
0
1
1
0
0
0
0
1
1
1
1
1
6 ms. Memory: 731136K Free: 573305K (78%)
----------------- Invoking toplevel() on ptolemy.moml.MoMLSimpleApplication@6613475d
----------------- Done invoking toplevel() on ptolemy.moml.MoMLSimpleApplication@6613475d
reloadAllAccessors: .deInCt

===========================================================================================
----------------- testing Fri Aug 03 01:49:07 UTC 2018 /home/travis/build/icyphy/ptII/ptolemy/domains/de/test/auto/deInCt2.xml
----------------- Instantiating /home/travis/build/icyphy/ptII/ptolemy/domains/de/test/auto/deInCt2.xml
0
1
1
1
0
0
1
1
1
0
0
1
1
1
0
0
1
1
1
0
0
1
1
1
0
0
1
1
1
0
0
1
1
1
0
0
1
1
1
0
0
0
9 ms. Memory: 731136K Free: 559407K (77%)
----------------- Invoking toplevel() on ptolemy.moml.MoMLSimpleApplication@5df7b092
----------------- Done invoking toplevel() on ptolemy.moml.MoMLSimpleApplication@5df7b092
reloadAllAccessors: .deInCt2

===========================================================================================
----------------- testing Fri Aug 03 01:49:07 UTC 2018 /home/travis/build/icyphy/ptII/ptolemy/domains/de/test/auto/dynamicCausalityInterface1.xml
----------------- Instantiating /home/travis/build/icyphy/ptII/ptolemy/domains/de/test/auto/dynamicCausalityInterface1.xml
0 ms. Memory: 731136K Free: 539458K (74%)
----------------- Invoking toplevel() on ptolemy.moml.MoMLSimpleApplication@2cab1d74
----------------- Done invoking toplevel() on ptolemy.moml.MoMLSimpleApplication@2cab1d74
reloadAllAccessors: .dynamicCausalityInterface1

===========================================================================================
----------------- testing Fri Aug 03 01:49:07 UTC 2018 /home/travis/build/icyphy/ptII/ptolemy/domains/de/test/auto/fsm_de_test.xml
----------------- Instantiating /home/travis/build/icyphy/ptII/ptolemy/domains/de/test/auto/fsm_de_test.xml
4 ms. Memory: 731136K Free: 519518K (71%)
----------------- Invoking toplevel() on ptolemy.moml.MoMLSimpleApplication@165a0d59
----------------- Done invoking toplevel() on ptolemy.moml.MoMLSimpleApplication@165a0d59
reloadAllAccessors: .fsm_de_test

===========================================================================================
----------------- testing Fri Aug 03 01:49:07 UTC 2018 /home/travis/build/icyphy/ptII/ptolemy/domains/de/test/auto/functionDependencyReconstruction.xml
----------------- Instantiating /home/travis/build/icyphy/ptII/ptolemy/domains/de/test/auto/functionDependencyReconstruction.xml
6 ms. Memory: 731136K Free: 493077K (67%)
----------------- Invoking toplevel() on ptolemy.moml.MoMLSimpleApplication@731ce55a
----------------- Done invoking toplevel() on ptolemy.moml.MoMLSimpleApplication@731ce55a
reloadAllAccessors: .functionDependencyReconstruction

===========================================================================================
----------------- testing Fri Aug 03 01:49:07 UTC 2018 /home/travis/build/icyphy/ptII/ptolemy/domains/de/test/auto/multirate.xml
----------------- Instantiating /home/travis/build/icyphy/ptII/ptolemy/domains/de/test/auto/multirate.xml
4 ms. Memory: 731136K Free: 479637K (66%)
----------------- Invoking toplevel() on ptolemy.moml.MoMLSimpleApplication@37494371
----------------- Done invoking toplevel() on ptolemy.moml.MoMLSimpleApplication@37494371
reloadAllAccessors: .multirate

===========================================================================================
----------------- testing Fri Aug 03 01:49:07 UTC 2018 /home/travis/build/icyphy/ptII/ptolemy/domains/de/test/auto/multirate2.xml
----------------- Instantiating /home/travis/build/icyphy/ptII/ptolemy/domains/de/test/auto/multirate2.xml
2 ms. Memory: 731136K Free: 465740K (64%)
----------------- Invoking toplevel() on ptolemy.moml.MoMLSimpleApplication@44a65f08
----------------- Done invoking toplevel() on ptolemy.moml.MoMLSimpleApplication@44a65f08
reloadAllAccessors: .multirate2

===========================================================================================
----------------- testing Fri Aug 03 01:49:07 UTC 2018 /home/travis/build/icyphy/ptII/ptolemy/domains/de/test/auto/realtime.xml
----------------- Instantiating /home/travis/build/icyphy/ptII/ptolemy/domains/de/test/auto/realtime.xml
10002 ms. Memory: 731136K Free: 452300K (62%)
----------------- Invoking toplevel() on ptolemy.moml.MoMLSimpleApplication@7bdb825
----------------- Done invoking toplevel() on ptolemy.moml.MoMLSimpleApplication@7bdb825
reloadAllAccessors: .realtime

===========================================================================================
----------------- testing Fri Aug 03 01:49:17 UTC 2018 /home/travis/build/icyphy/ptII/ptolemy/domains/de/test/auto/relationGroup.xml
----------------- Instantiating /home/travis/build/icyphy/ptII/ptolemy/domains/de/test/auto/relationGroup.xml
2 ms. Memory: 731136K Free: 438859K (60%)
----------------- Invoking toplevel() on ptolemy.moml.MoMLSimpleApplication@3351ce86
----------------- Done invoking toplevel() on ptolemy.moml.MoMLSimpleApplication@3351ce86
reloadAllAccessors: .relationGroup

===========================================================================================
----------------- testing Fri Aug 03 01:49:17 UTC 2018 /home/travis/build/icyphy/ptII/ptolemy/domains/de/test/auto/relationGroup2.xml
----------------- Instantiating /home/travis/build/icyphy/ptII/ptolemy/domains/de/test/auto/relationGroup2.xml
2 ms. Memory: 731136K Free: 425419K (58%)
----------------- Invoking toplevel() on ptolemy.moml.MoMLSimpleApplication@75a6fba2
----------------- Done invoking toplevel() on ptolemy.moml.MoMLSimpleApplication@75a6fba2
reloadAllAccessors: .relationGroup2

===========================================================================================
----------------- testing Fri Aug 03 01:49:17 UTC 2018 /home/travis/build/icyphy/ptII/ptolemy/domains/de/test/auto/sortWithOpaquePorts.xml
----------------- Instantiating /home/travis/build/icyphy/ptII/ptolemy/domains/de/test/auto/sortWithOpaquePorts.xml
1 ms. Memory: 731136K Free: 411522K (56%)
----------------- Invoking toplevel() on ptolemy.moml.MoMLSimpleApplication@1d2be28b
----------------- Done invoking toplevel() on ptolemy.moml.MoMLSimpleApplication@1d2be28b
reloadAllAccessors: .sortWithOpaquePorts

===========================================================================================
----------------- testing Fri Aug 03 01:49:17 UTC 2018 /home/travis/build/icyphy/ptII/ptolemy/domains/de/test/auto/transferInputsandOutputs.xml
----------------- Instantiating /home/travis/build/icyphy/ptII/ptolemy/domains/de/test/auto/transferInputsandOutputs.xml
1 ms. Memory: 731136K Free: 398082K (54%)
----------------- Invoking toplevel() on ptolemy.moml.MoMLSimpleApplication@1b0032dc
----------------- Done invoking toplevel() on ptolemy.moml.MoMLSimpleApplication@1b0032dc
reloadAllAccessors: .transferInputsandOutputs

===========================================================================================
----------------- testing Fri Aug 03 01:49:17 UTC 2018 /home/travis/build/icyphy/ptII/ptolemy/domains/de/test/auto/triggerType.xml
----------------- Instantiating /home/travis/build/icyphy/ptII/ptolemy/domains/de/test/auto/triggerType.xml
1 ms. Memory: 731136K Free: 384641K (53%)
----------------- Invoking toplevel() on ptolemy.moml.MoMLSimpleApplication@3b93a91c
----------------- Done invoking toplevel() on ptolemy.moml.MoMLSimpleApplication@3b93a91c
reloadAllAccessors: .triggerType
AutoTests.java: About to close Vertx.
AutoTests.java: Vertx closed.
]]></system-out>
  <system-err><![CDATA[java.lang.RuntimeException: Execution failed
	at ptolemy.moml.MoMLSimpleApplication$UnloadThread.run(MoMLSimpleApplication.java:402)
Caused by: ptolemy.kernel.util.IllegalActionException: Found a zero delay loop containing .dependencyLoop.original
  in .dependencyLoop and .dependencyLoop.original
	at ptolemy.actor.util.CausalityInterfaceForComposites._computeOutputPortDepth(CausalityInterfaceForComposites.java:759)
	at ptolemy.actor.util.CausalityInterfaceForComposites._computeInputDepth(CausalityInterfaceForComposites.java:696)
	at ptolemy.actor.util.CausalityInterfaceForComposites._computeOutputPortDepth(CausalityInterfaceForComposites.java:765)
	at ptolemy.actor.util.CausalityInterfaceForComposites._computeInputDepth(CausalityInterfaceForComposites.java:696)
	at ptolemy.actor.util.CausalityInterfaceForComposites._computeOutputPortDepth(CausalityInterfaceForComposites.java:765)
	at ptolemy.actor.util.CausalityInterfaceForComposites._computeInputDepth(CausalityInterfaceForComposites.java:696)
	at ptolemy.actor.util.CausalityInterfaceForComposites._computeActorDepth(CausalityInterfaceForComposites.java:532)
	at ptolemy.actor.util.CausalityInterfaceForComposites.checkForCycles(CausalityInterfaceForComposites.java:96)
	at ptolemy.domains.de.kernel.DEDirector.preinitialize(DEDirector.java:1338)
	at ptolemy.actor.CompositeActor.preinitialize(CompositeActor.java:1828)
	at ptolemy.actor.Manager.preinitializeAndResolveTypes(Manager.java:1040)
	at ptolemy.actor.Manager.initialize(Manager.java:710)
	at ptolemy.actor.Manager.execute(Manager.java:356)
	at ptolemy.actor.Manager.run(Manager.java:1263)
	at ptolemy.actor.Manager$PtolemyRunThread.run(Manager.java:1915)
java.lang.RuntimeException: Execution failed
	at ptolemy.moml.MoMLSimpleApplication$UnloadThread.run(MoMLSimpleApplication.java:402)
Caused by: ptolemy.kernel.util.IllegalActionException: Found a zero delay loop containing .dependencyLoop2.original
  in .dependencyLoop2 and .dependencyLoop2.original
	at ptolemy.actor.util.CausalityInterfaceForComposites._computeOutputPortDepth(CausalityInterfaceForComposites.java:759)
	at ptolemy.actor.util.CausalityInterfaceForComposites._computeInputDepth(CausalityInterfaceForComposites.java:696)
	at ptolemy.actor.util.CausalityInterfaceForComposites._computeOutputPortDepth(CausalityInterfaceForComposites.java:765)
	at ptolemy.actor.util.CausalityInterfaceForComposites._computeInputDepth(CausalityInterfaceForComposites.java:696)
	at ptolemy.actor.util.CausalityInterfaceForComposites._computeOutputPortDepth(CausalityInterfaceForComposites.java:765)
	at ptolemy.actor.util.CausalityInterfaceForComposites._computeInputDepth(CausalityInterfaceForComposites.java:696)
	at ptolemy.actor.util.CausalityInterfaceForComposites._computeActorDepth(CausalityInterfaceForComposites.java:532)
	at ptolemy.actor.util.CausalityInterfaceForComposites.checkForCycles(CausalityInterfaceForComposites.java:96)
	at ptolemy.domains.de.kernel.DEDirector.preinitialize(DEDirector.java:1338)
	at ptolemy.actor.CompositeActor.preinitialize(CompositeActor.java:1828)
	at ptolemy.actor.Manager.preinitializeAndResolveTypes(Manager.java:1040)
	at ptolemy.actor.Manager.initialize(Manager.java:710)
	at ptolemy.actor.Manager.execute(Manager.java:356)
	at ptolemy.actor.Manager.run(Manager.java:1263)
	at ptolemy.actor.Manager$PtolemyRunThread.run(Manager.java:1915)
java.lang.RuntimeException: Execution failed
	at ptolemy.moml.MoMLSimpleApplication$UnloadThread.run(MoMLSimpleApplication.java:402)
Caused by: ptolemy.kernel.util.IllegalActionException: Found a zero delay loop containing .dependencyLoop.original
  in .dependencyLoop and .dependencyLoop.original
	at ptolemy.actor.util.CausalityInterfaceForComposites._computeOutputPortDepth(CausalityInterfaceForComposites.java:759)
	at ptolemy.actor.util.CausalityInterfaceForComposites._computeInputDepth(CausalityInterfaceForComposites.java:696)
	at ptolemy.actor.util.CausalityInterfaceForComposites._computeOutputPortDepth(CausalityInterfaceForComposites.java:765)
	at ptolemy.actor.util.CausalityInterfaceForComposites._computeInputDepth(CausalityInterfaceForComposites.java:696)
	at ptolemy.actor.util.CausalityInterfaceForComposites._computeOutputPortDepth(CausalityInterfaceForComposites.java:765)
	at ptolemy.actor.util.CausalityInterfaceForComposites._computeInputDepth(CausalityInterfaceForComposites.java:696)
	at ptolemy.actor.util.CausalityInterfaceForComposites._computeActorDepth(CausalityInterfaceForComposites.java:532)
	at ptolemy.actor.util.CausalityInterfaceForComposites.checkForCycles(CausalityInterfaceForComposites.java:96)
	at ptolemy.domains.de.kernel.DEDirector.preinitialize(DEDirector.java:1338)
	at ptolemy.actor.CompositeActor.preinitialize(CompositeActor.java:1828)
	at ptolemy.actor.Manager.preinitializeAndResolveTypes(Manager.java:1040)
	at ptolemy.actor.Manager.initialize(Manager.java:710)
	at ptolemy.actor.Manager.execute(Manager.java:356)
	at ptolemy.actor.Manager.run(Manager.java:1263)
	at ptolemy.actor.Manager$PtolemyRunThread.run(Manager.java:1915)
java.lang.RuntimeException: Execution failed
	at ptolemy.moml.MoMLSimpleApplication$UnloadThread.run(MoMLSimpleApplication.java:402)
Caused by: ptolemy.kernel.util.IllegalActionException: Actor is not ready to fire.  Perhaps UpSample.prefire() returned false? Try debugging the actor by selecting "Listen to Actor".  Also, for SDF check moml for tokenConsumptionRate on input.
  in .DESDFClockTest.Play Bell.Copy1:SDF Director and .DESDFClockTest.Play Bell.UpSample
	at ptolemy.actor.sched.StaticSchedulingDirector.fire(StaticSchedulingDirector.java:227)
	at ptolemy.domains.sdf.kernel.SDFDirector.fire(SDFDirector.java:500)
	at ptolemy.actor.CompositeActor.fire(CompositeActor.java:455)
	at ptolemy.domains.de.kernel.DEDirector._fire(DEDirector.java:1949)
	at ptolemy.domains.de.kernel.DEDirector.fire(DEDirector.java:502)
	at ptolemy.actor.CompositeActor.fire(CompositeActor.java:455)
	at ptolemy.actor.Manager.iterate(Manager.java:851)
	at ptolemy.actor.Manager.execute(Manager.java:369)
	at ptolemy.actor.Manager.run(Manager.java:1263)
	at ptolemy.actor.Manager$PtolemyRunThread.run(Manager.java:1915)
java.lang.RuntimeException: Execution failed
	at ptolemy.moml.MoMLSimpleApplication$UnloadThread.run(MoMLSimpleApplication.java:402)
Caused by: ptolemy.kernel.util.IllegalActionException: Found a zero delay loop containing .dependencyLoop2.original
  in .dependencyLoop2 and .dependencyLoop2.original
	at ptolemy.actor.util.CausalityInterfaceForComposites._computeOutputPortDepth(CausalityInterfaceForComposites.java:759)
	at ptolemy.actor.util.CausalityInterfaceForComposites._computeInputDepth(CausalityInterfaceForComposites.java:696)
	at ptolemy.actor.util.CausalityInterfaceForComposites._computeOutputPortDepth(CausalityInterfaceForComposites.java:765)
	at ptolemy.actor.util.CausalityInterfaceForComposites._computeInputDepth(CausalityInterfaceForComposites.java:696)
	at ptolemy.actor.util.CausalityInterfaceForComposites._computeOutputPortDepth(CausalityInterfaceForComposites.java:765)
	at ptolemy.actor.util.CausalityInterfaceForComposites._computeInputDepth(CausalityInterfaceForComposites.java:696)
	at ptolemy.actor.util.CausalityInterfaceForComposites._computeActorDepth(CausalityInterfaceForComposites.java:532)
	at ptolemy.actor.util.CausalityInterfaceForComposites.checkForCycles(CausalityInterfaceForComposites.java:96)
	at ptolemy.domains.de.kernel.DEDirector.preinitialize(DEDirector.java:1338)
	at ptolemy.actor.CompositeActor.preinitialize(CompositeActor.java:1828)
	at ptolemy.actor.Manager.preinitializeAndResolveTypes(Manager.java:1040)
	at ptolemy.actor.Manager.initialize(Manager.java:710)
	at ptolemy.actor.Manager.execute(Manager.java:356)
	at ptolemy.actor.Manager.run(Manager.java:1263)
	at ptolemy.actor.Manager$PtolemyRunThread.run(Manager.java:1915)
java.lang.RuntimeException: Execution failed
	at ptolemy.moml.MoMLSimpleApplication$UnloadThread.run(MoMLSimpleApplication.java:402)
Caused by: ptolemy.kernel.util.IllegalActionException: Found a zero delay loop containing .HierarchicalModel.A
  in .HierarchicalModel and .HierarchicalModel.A
	at ptolemy.actor.util.CausalityInterfaceForComposites._computeOutputPortDepth(CausalityInterfaceForComposites.java:759)
	at ptolemy.actor.util.CausalityInterfaceForComposites._computeInputDepth(CausalityInterfaceForComposites.java:696)
	at ptolemy.actor.util.CausalityInterfaceForComposites._computeOutputPortDepth(CausalityInterfaceForComposites.java:765)
	at ptolemy.actor.util.CausalityInterfaceForComposites._computeInputDepth(CausalityInterfaceForComposites.java:696)
	at ptolemy.actor.util.CausalityInterfaceForComposites._computeOutputPortDepth(CausalityInterfaceForComposites.java:765)
	at ptolemy.actor.util.CausalityInterfaceForComposites._computeInputDepth(CausalityInterfaceForComposites.java:696)
	at ptolemy.actor.util.CausalityInterfaceForComposites._computeActorDepth(CausalityInterfaceForComposites.java:532)
	at ptolemy.actor.util.CausalityInterfaceForComposites.checkForCycles(CausalityInterfaceForComposites.java:96)
	at ptolemy.domains.de.kernel.DEDirector.preinitialize(DEDirector.java:1338)
	at ptolemy.actor.CompositeActor.preinitialize(CompositeActor.java:1828)
	at ptolemy.actor.Manager.preinitializeAndResolveTypes(Manager.java:1040)
	at ptolemy.actor.Manager.initialize(Manager.java:710)
	at ptolemy.actor.Manager.execute(Manager.java:356)
	at ptolemy.actor.Manager.run(Manager.java:1263)
	at ptolemy.actor.Manager$PtolemyRunThread.run(Manager.java:1915)
java.lang.RuntimeException: Execution failed
	at ptolemy.moml.MoMLSimpleApplication$UnloadThread.run(MoMLSimpleApplication.java:402)
Caused by: ptolemy.kernel.util.IllegalActionException: Test fails in iteration 1.
Value was: 1.0. Should have been: 2.0
  in .DirectFeedback.Test
	at ptolemy.actor.lib.Test.fire(Test.java:268)
	at ptolemy.domains.de.kernel.DEDirector._fire(DEDirector.java:1949)
	at ptolemy.domains.de.kernel.DEDirector.fire(DEDirector.java:502)
	at ptolemy.actor.CompositeActor.fire(CompositeActor.java:455)
	at ptolemy.actor.Manager.iterate(Manager.java:851)
	at ptolemy.actor.Manager.execute(Manager.java:369)
	at ptolemy.actor.Manager.run(Manager.java:1263)
	at ptolemy.actor.Manager$PtolemyRunThread.run(Manager.java:1915)
java.lang.RuntimeException: Execution failed
	at ptolemy.moml.MoMLSimpleApplication$UnloadThread.run(MoMLSimpleApplication.java:402)
Caused by: ptolemy.kernel.util.IllegalActionException: Actor is not ready to fire.  Perhaps UpSample.prefire() returned false? Try debugging the actor by selecting "Listen to Actor".  Also, for SDF check moml for tokenConsumptionRate on input.
  in .DESDFClockTest.Play Bell.Copy1:SDF Director and .DESDFClockTest.Play Bell.UpSample
	at ptolemy.actor.sched.StaticSchedulingDirector.fire(StaticSchedulingDirector.java:227)
	at ptolemy.domains.sdf.kernel.SDFDirector.fire(SDFDirector.java:500)
	at ptolemy.actor.CompositeActor.fire(CompositeActor.java:455)
	at ptolemy.domains.de.kernel.DEDirector._fire(DEDirector.java:1949)
	at ptolemy.domains.de.kernel.DEDirector.fire(DEDirector.java:502)
	at ptolemy.actor.CompositeActor.fire(CompositeActor.java:455)
	at ptolemy.actor.Manager.iterate(Manager.java:851)
	at ptolemy.actor.Manager.execute(Manager.java:369)
	at ptolemy.actor.Manager.run(Manager.java:1263)
	at ptolemy.actor.Manager$PtolemyRunThread.run(Manager.java:1915)
java.lang.reflect.InvocationTargetException
	at sun.reflect.NativeConstructorAccessorImpl.newInstance0(Native Method)
	at sun.reflect.NativeConstructorAccessorImpl.newInstance(NativeConstructorAccessorImpl.java:62)
	at sun.reflect.DelegatingConstructorAccessorImpl.newInstance(DelegatingConstructorAccessorImpl.java:45)
	at java.lang.reflect.Constructor.newInstance(Constructor.java:423)
	at ptolemy.util.test.junit.AutoKnownFailedTests.RunModel(AutoKnownFailedTests.java:107)
	at sun.reflect.NativeMethodAccessorImpl.invoke0(Native Method)
	at sun.reflect.NativeMethodAccessorImpl.invoke(NativeMethodAccessorImpl.java:62)
	at sun.reflect.DelegatingMethodAccessorImpl.invoke(DelegatingMethodAccessorImpl.java:43)
	at java.lang.reflect.Method.invoke(Method.java:498)
	at org.junit.runners.model.FrameworkMethod$1.runReflectiveCall(FrameworkMethod.java:44)
	at org.junit.internal.runners.model.ReflectiveCallable.run(ReflectiveCallable.java:15)
	at org.junit.runners.model.FrameworkMethod.invokeExplosively(FrameworkMethod.java:41)
	at junitparams.internal.InvokeParameterisedMethod.evaluate(InvokeParameterisedMethod.java:102)
	at org.junit.internal.runners.statements.FailOnTimeout$1.run(FailOnTimeout.java:28)
Caused by: ptolemy.kernel.util.IllegalActionException: Actor is not ready to fire.  Perhaps UpSample.prefire() returned false? Try debugging the actor by selecting "Listen to Actor".  Also, for SDF check moml for tokenConsumptionRate on input.
  in .DESDFClockTest.Play Bell.Copy1:SDF Director and .DESDFClockTest.Play Bell.UpSample
	at ptolemy.actor.sched.StaticSchedulingDirector.fire(StaticSchedulingDirector.java:227)
	at ptolemy.domains.sdf.kernel.SDFDirector.fire(SDFDirector.java:500)
	at ptolemy.actor.CompositeActor.fire(CompositeActor.java:455)
	at ptolemy.domains.de.kernel.DEDirector._fire(DEDirector.java:1949)
	at ptolemy.domains.de.kernel.DEDirector.fire(DEDirector.java:502)
	at ptolemy.actor.CompositeActor.fire(CompositeActor.java:455)
	at ptolemy.actor.Manager.iterate(Manager.java:851)
	at ptolemy.actor.Manager.execute(Manager.java:369)
	at ptolemy.actor.Manager.run(Manager.java:1263)
	at ptolemy.actor.Manager$PtolemyRunThread.run(Manager.java:1915)
java.lang.RuntimeException: Execution failed
	at ptolemy.moml.MoMLSimpleApplication$UnloadThread.run(MoMLSimpleApplication.java:402)
Caused by: ptolemy.kernel.util.IllegalActionException: Test fails in iteration 1.
Value was: 1.0. Should have been: 2.0
  in .DirectFeedback.Test
	at ptolemy.actor.lib.Test.fire(Test.java:268)
	at ptolemy.domains.de.kernel.DEDirector._fire(DEDirector.java:1949)
	at ptolemy.domains.de.kernel.DEDirector.fire(DEDirector.java:502)
	at ptolemy.actor.CompositeActor.fire(CompositeActor.java:455)
	at ptolemy.actor.Manager.iterate(Manager.java:851)
	at ptolemy.actor.Manager.execute(Manager.java:369)
	at ptolemy.actor.Manager.run(Manager.java:1263)
	at ptolemy.actor.Manager$PtolemyRunThread.run(Manager.java:1915)
java.lang.reflect.InvocationTargetException
	at sun.reflect.NativeConstructorAccessorImpl.newInstance0(Native Method)
	at sun.reflect.NativeConstructorAccessorImpl.newInstance(NativeConstructorAccessorImpl.java:62)
	at sun.reflect.DelegatingConstructorAccessorImpl.newInstance(DelegatingConstructorAccessorImpl.java:45)
	at java.lang.reflect.Constructor.newInstance(Constructor.java:423)
	at ptolemy.util.test.junit.AutoKnownFailedTests.RunModel(AutoKnownFailedTests.java:107)
	at sun.reflect.NativeMethodAccessorImpl.invoke0(Native Method)
	at sun.reflect.NativeMethodAccessorImpl.invoke(NativeMethodAccessorImpl.java:62)
	at sun.reflect.DelegatingMethodAccessorImpl.invoke(DelegatingMethodAccessorImpl.java:43)
	at java.lang.reflect.Method.invoke(Method.java:498)
	at org.junit.runners.model.FrameworkMethod$1.runReflectiveCall(FrameworkMethod.java:44)
	at org.junit.internal.runners.model.ReflectiveCallable.run(ReflectiveCallable.java:15)
	at org.junit.runners.model.FrameworkMethod.invokeExplosively(FrameworkMethod.java:41)
	at junitparams.internal.InvokeParameterisedMethod.evaluate(InvokeParameterisedMethod.java:102)
	at org.junit.internal.runners.statements.FailOnTimeout$1.run(FailOnTimeout.java:28)
Caused by: ptolemy.kernel.util.IllegalActionException: Test fails in iteration 1.
Value was: 1.0. Should have been: 2.0
  in .DirectFeedback.Test
	at ptolemy.actor.lib.Test.fire(Test.java:268)
	at ptolemy.domains.de.kernel.DEDirector._fire(DEDirector.java:1949)
	at ptolemy.domains.de.kernel.DEDirector.fire(DEDirector.java:502)
	at ptolemy.actor.CompositeActor.fire(CompositeActor.java:455)
	at ptolemy.actor.Manager.iterate(Manager.java:851)
	at ptolemy.actor.Manager.execute(Manager.java:369)
	at ptolemy.actor.Manager.run(Manager.java:1263)
	at ptolemy.actor.Manager$PtolemyRunThread.run(Manager.java:1915)
java.lang.RuntimeException: Execution failed
	at ptolemy.moml.MoMLSimpleApplication$UnloadThread.run(MoMLSimpleApplication.java:402)
Caused by: ptolemy.kernel.util.IllegalActionException: Found a zero delay loop containing .HierarchicalModel.A
  in .HierarchicalModel and .HierarchicalModel.A
	at ptolemy.actor.util.CausalityInterfaceForComposites._computeOutputPortDepth(CausalityInterfaceForComposites.java:759)
	at ptolemy.actor.util.CausalityInterfaceForComposites._computeInputDepth(CausalityInterfaceForComposites.java:696)
	at ptolemy.actor.util.CausalityInterfaceForComposites._computeOutputPortDepth(CausalityInterfaceForComposites.java:765)
	at ptolemy.actor.util.CausalityInterfaceForComposites._computeInputDepth(CausalityInterfaceForComposites.java:696)
	at ptolemy.actor.util.CausalityInterfaceForComposites._computeOutputPortDepth(CausalityInterfaceForComposites.java:765)
	at ptolemy.actor.util.CausalityInterfaceForComposites._computeInputDepth(CausalityInterfaceForComposites.java:696)
	at ptolemy.actor.util.CausalityInterfaceForComposites._computeActorDepth(CausalityInterfaceForComposites.java:532)
	at ptolemy.actor.util.CausalityInterfaceForComposites.checkForCycles(CausalityInterfaceForComposites.java:96)
	at ptolemy.domains.de.kernel.DEDirector.preinitialize(DEDirector.java:1338)
	at ptolemy.actor.CompositeActor.preinitialize(CompositeActor.java:1828)
	at ptolemy.actor.Manager.preinitializeAndResolveTypes(Manager.java:1040)
	at ptolemy.actor.Manager.initialize(Manager.java:710)
	at ptolemy.actor.Manager.execute(Manager.java:356)
	at ptolemy.actor.Manager.run(Manager.java:1263)
	at ptolemy.actor.Manager$PtolemyRunThread.run(Manager.java:1915)
java.lang.reflect.InvocationTargetException
	at sun.reflect.NativeConstructorAccessorImpl.newInstance0(Native Method)
	at sun.reflect.NativeConstructorAccessorImpl.newInstance(NativeConstructorAccessorImpl.java:62)
	at sun.reflect.DelegatingConstructorAccessorImpl.newInstance(DelegatingConstructorAccessorImpl.java:45)
	at java.lang.reflect.Constructor.newInstance(Constructor.java:423)
	at ptolemy.util.test.junit.AutoKnownFailedTests.RunModel(AutoKnownFailedTests.java:107)
	at sun.reflect.NativeMethodAccessorImpl.invoke0(Native Method)
	at sun.reflect.NativeMethodAccessorImpl.invoke(NativeMethodAccessorImpl.java:62)
	at sun.reflect.DelegatingMethodAccessorImpl.invoke(DelegatingMethodAccessorImpl.java:43)
	at java.lang.reflect.Method.invoke(Method.java:498)
	at org.junit.runners.model.FrameworkMethod$1.runReflectiveCall(FrameworkMethod.java:44)
	at org.junit.internal.runners.model.ReflectiveCallable.run(ReflectiveCallable.java:15)
	at org.junit.runners.model.FrameworkMethod.invokeExplosively(FrameworkMethod.java:41)
	at junitparams.internal.InvokeParameterisedMethod.evaluate(InvokeParameterisedMethod.java:102)
	at org.junit.internal.runners.statements.FailOnTimeout$1.run(FailOnTimeout.java:28)
Caused by: ptolemy.kernel.util.IllegalActionException: Found a zero delay loop containing .HierarchicalModel.A
  in .HierarchicalModel and .HierarchicalModel.A
	at ptolemy.actor.util.CausalityInterfaceForComposites._computeOutputPortDepth(CausalityInterfaceForComposites.java:759)
	at ptolemy.actor.util.CausalityInterfaceForComposites._computeInputDepth(CausalityInterfaceForComposites.java:696)
	at ptolemy.actor.util.CausalityInterfaceForComposites._computeOutputPortDepth(CausalityInterfaceForComposites.java:765)
	at ptolemy.actor.util.CausalityInterfaceForComposites._computeInputDepth(CausalityInterfaceForComposites.java:696)
	at ptolemy.actor.util.CausalityInterfaceForComposites._computeOutputPortDepth(CausalityInterfaceForComposites.java:765)
	at ptolemy.actor.util.CausalityInterfaceForComposites._computeInputDepth(CausalityInterfaceForComposites.java:696)
	at ptolemy.actor.util.CausalityInterfaceForComposites._computeActorDepth(CausalityInterfaceForComposites.java:532)
	at ptolemy.actor.util.CausalityInterfaceForComposites.checkForCycles(CausalityInterfaceForComposites.java:96)
	at ptolemy.domains.de.kernel.DEDirector.preinitialize(DEDirector.java:1338)
	at ptolemy.actor.CompositeActor.preinitialize(CompositeActor.java:1828)
	at ptolemy.actor.Manager.preinitializeAndResolveTypes(Manager.java:1040)
	at ptolemy.actor.Manager.initialize(Manager.java:710)
	at ptolemy.actor.Manager.execute(Manager.java:356)
	at ptolemy.actor.Manager.run(Manager.java:1263)
	at ptolemy.actor.Manager$PtolemyRunThread.run(Manager.java:1915)
java.lang.RuntimeException: Execution failed
	at ptolemy.moml.MoMLSimpleApplication$UnloadThread.run(MoMLSimpleApplication.java:402)
Caused by: ptolemy.kernel.util.IllegalActionException: Found a zero delay loop containing .dependencyLoop.original
  in .dependencyLoop and .dependencyLoop.original
	at ptolemy.actor.util.CausalityInterfaceForComposites._computeOutputPortDepth(CausalityInterfaceForComposites.java:759)
	at ptolemy.actor.util.CausalityInterfaceForComposites._computeInputDepth(CausalityInterfaceForComposites.java:696)
	at ptolemy.actor.util.CausalityInterfaceForComposites._computeOutputPortDepth(CausalityInterfaceForComposites.java:765)
	at ptolemy.actor.util.CausalityInterfaceForComposites._computeInputDepth(CausalityInterfaceForComposites.java:696)
	at ptolemy.actor.util.CausalityInterfaceForComposites._computeOutputPortDepth(CausalityInterfaceForComposites.java:765)
	at ptolemy.actor.util.CausalityInterfaceForComposites._computeInputDepth(CausalityInterfaceForComposites.java:696)
	at ptolemy.actor.util.CausalityInterfaceForComposites._computeActorDepth(CausalityInterfaceForComposites.java:532)
	at ptolemy.actor.util.CausalityInterfaceForComposites.checkForCycles(CausalityInterfaceForComposites.java:96)
	at ptolemy.domains.de.kernel.DEDirector.preinitialize(DEDirector.java:1338)
	at ptolemy.actor.CompositeActor.preinitialize(CompositeActor.java:1828)
	at ptolemy.actor.Manager.preinitializeAndResolveTypes(Manager.java:1040)
	at ptolemy.actor.Manager.initialize(Manager.java:710)
	at ptolemy.actor.Manager.execute(Manager.java:356)
	at ptolemy.actor.Manager.run(Manager.java:1263)
	at ptolemy.actor.Manager$PtolemyRunThread.run(Manager.java:1915)
java.lang.reflect.InvocationTargetException
	at sun.reflect.NativeConstructorAccessorImpl.newInstance0(Native Method)
	at sun.reflect.NativeConstructorAccessorImpl.newInstance(NativeConstructorAccessorImpl.java:62)
	at sun.reflect.DelegatingConstructorAccessorImpl.newInstance(DelegatingConstructorAccessorImpl.java:45)
	at java.lang.reflect.Constructor.newInstance(Constructor.java:423)
	at ptolemy.util.test.junit.AutoKnownFailedTests.RunModel(AutoKnownFailedTests.java:107)
	at sun.reflect.NativeMethodAccessorImpl.invoke0(Native Method)
	at sun.reflect.NativeMethodAccessorImpl.invoke(NativeMethodAccessorImpl.java:62)
	at sun.reflect.DelegatingMethodAccessorImpl.invoke(DelegatingMethodAccessorImpl.java:43)
	at java.lang.reflect.Method.invoke(Method.java:498)
	at org.junit.runners.model.FrameworkMethod$1.runReflectiveCall(FrameworkMethod.java:44)
	at org.junit.internal.runners.model.ReflectiveCallable.run(ReflectiveCallable.java:15)
	at org.junit.runners.model.FrameworkMethod.invokeExplosively(FrameworkMethod.java:41)
	at junitparams.internal.InvokeParameterisedMethod.evaluate(InvokeParameterisedMethod.java:102)
	at org.junit.internal.runners.statements.FailOnTimeout$1.run(FailOnTimeout.java:28)
Caused by: ptolemy.kernel.util.IllegalActionException: Found a zero delay loop containing .dependencyLoop.original
  in .dependencyLoop and .dependencyLoop.original
	at ptolemy.actor.util.CausalityInterfaceForComposites._computeOutputPortDepth(CausalityInterfaceForComposites.java:759)
	at ptolemy.actor.util.CausalityInterfaceForComposites._computeInputDepth(CausalityInterfaceForComposites.java:696)
	at ptolemy.actor.util.CausalityInterfaceForComposites._computeOutputPortDepth(CausalityInterfaceForComposites.java:765)
	at ptolemy.actor.util.CausalityInterfaceForComposites._computeInputDepth(CausalityInterfaceForComposites.java:696)
	at ptolemy.actor.util.CausalityInterfaceForComposites._computeOutputPortDepth(CausalityInterfaceForComposites.java:765)
	at ptolemy.actor.util.CausalityInterfaceForComposites._computeInputDepth(CausalityInterfaceForComposites.java:696)
	at ptolemy.actor.util.CausalityInterfaceForComposites._computeActorDepth(CausalityInterfaceForComposites.java:532)
	at ptolemy.actor.util.CausalityInterfaceForComposites.checkForCycles(CausalityInterfaceForComposites.java:96)
	at ptolemy.domains.de.kernel.DEDirector.preinitialize(DEDirector.java:1338)
	at ptolemy.actor.CompositeActor.preinitialize(CompositeActor.java:1828)
	at ptolemy.actor.Manager.preinitializeAndResolveTypes(Manager.java:1040)
	at ptolemy.actor.Manager.initialize(Manager.java:710)
	at ptolemy.actor.Manager.execute(Manager.java:356)
	at ptolemy.actor.Manager.run(Manager.java:1263)
	at ptolemy.actor.Manager$PtolemyRunThread.run(Manager.java:1915)
java.lang.RuntimeException: Execution failed
	at ptolemy.moml.MoMLSimpleApplication$UnloadThread.run(MoMLSimpleApplication.java:402)
Caused by: ptolemy.kernel.util.IllegalActionException: Found a zero delay loop containing .dependencyLoop2.original
  in .dependencyLoop2 and .dependencyLoop2.original
	at ptolemy.actor.util.CausalityInterfaceForComposites._computeOutputPortDepth(CausalityInterfaceForComposites.java:759)
	at ptolemy.actor.util.CausalityInterfaceForComposites._computeInputDepth(CausalityInterfaceForComposites.java:696)
	at ptolemy.actor.util.CausalityInterfaceForComposites._computeOutputPortDepth(CausalityInterfaceForComposites.java:765)
	at ptolemy.actor.util.CausalityInterfaceForComposites._computeInputDepth(CausalityInterfaceForComposites.java:696)
	at ptolemy.actor.util.CausalityInterfaceForComposites._computeOutputPortDepth(CausalityInterfaceForComposites.java:765)
	at ptolemy.actor.util.CausalityInterfaceForComposites._computeInputDepth(CausalityInterfaceForComposites.java:696)
	at ptolemy.actor.util.CausalityInterfaceForComposites._computeActorDepth(CausalityInterfaceForComposites.java:532)
	at ptolemy.actor.util.CausalityInterfaceForComposites.checkForCycles(CausalityInterfaceForComposites.java:96)
	at ptolemy.domains.de.kernel.DEDirector.preinitialize(DEDirector.java:1338)
	at ptolemy.actor.CompositeActor.preinitialize(CompositeActor.java:1828)
	at ptolemy.actor.Manager.preinitializeAndResolveTypes(Manager.java:1040)
	at ptolemy.actor.Manager.initialize(Manager.java:710)
	at ptolemy.actor.Manager.execute(Manager.java:356)
	at ptolemy.actor.Manager.run(Manager.java:1263)
	at ptolemy.actor.Manager$PtolemyRunThread.run(Manager.java:1915)
java.lang.reflect.InvocationTargetException
	at sun.reflect.NativeConstructorAccessorImpl.newInstance0(Native Method)
	at sun.reflect.NativeConstructorAccessorImpl.newInstance(NativeConstructorAccessorImpl.java:62)
	at sun.reflect.DelegatingConstructorAccessorImpl.newInstance(DelegatingConstructorAccessorImpl.java:45)
	at java.lang.reflect.Constructor.newInstance(Constructor.java:423)
	at ptolemy.util.test.junit.AutoKnownFailedTests.RunModel(AutoKnownFailedTests.java:107)
	at sun.reflect.NativeMethodAccessorImpl.invoke0(Native Method)
	at sun.reflect.NativeMethodAccessorImpl.invoke(NativeMethodAccessorImpl.java:62)
	at sun.reflect.DelegatingMethodAccessorImpl.invoke(DelegatingMethodAccessorImpl.java:43)
	at java.lang.reflect.Method.invoke(Method.java:498)
	at org.junit.runners.model.FrameworkMethod$1.runReflectiveCall(FrameworkMethod.java:44)
	at org.junit.internal.runners.model.ReflectiveCallable.run(ReflectiveCallable.java:15)
	at org.junit.runners.model.FrameworkMethod.invokeExplosively(FrameworkMethod.java:41)
	at junitparams.internal.InvokeParameterisedMethod.evaluate(InvokeParameterisedMethod.java:102)
	at org.junit.internal.runners.statements.FailOnTimeout$1.run(FailOnTimeout.java:28)
Caused by: ptolemy.kernel.util.IllegalActionException: Found a zero delay loop containing .dependencyLoop2.original
  in .dependencyLoop2 and .dependencyLoop2.original
	at ptolemy.actor.util.CausalityInterfaceForComposites._computeOutputPortDepth(CausalityInterfaceForComposites.java:759)
	at ptolemy.actor.util.CausalityInterfaceForComposites._computeInputDepth(CausalityInterfaceForComposites.java:696)
	at ptolemy.actor.util.CausalityInterfaceForComposites._computeOutputPortDepth(CausalityInterfaceForComposites.java:765)
	at ptolemy.actor.util.CausalityInterfaceForComposites._computeInputDepth(CausalityInterfaceForComposites.java:696)
	at ptolemy.actor.util.CausalityInterfaceForComposites._computeOutputPortDepth(CausalityInterfaceForComposites.java:765)
	at ptolemy.actor.util.CausalityInterfaceForComposites._computeInputDepth(CausalityInterfaceForComposites.java:696)
	at ptolemy.actor.util.CausalityInterfaceForComposites._computeActorDepth(CausalityInterfaceForComposites.java:532)
	at ptolemy.actor.util.CausalityInterfaceForComposites.checkForCycles(CausalityInterfaceForComposites.java:96)
	at ptolemy.domains.de.kernel.DEDirector.preinitialize(DEDirector.java:1338)
	at ptolemy.actor.CompositeActor.preinitialize(CompositeActor.java:1828)
	at ptolemy.actor.Manager.preinitializeAndResolveTypes(Manager.java:1040)
	at ptolemy.actor.Manager.initialize(Manager.java:710)
	at ptolemy.actor.Manager.execute(Manager.java:356)
	at ptolemy.actor.Manager.run(Manager.java:1263)
	at ptolemy.actor.Manager$PtolemyRunThread.run(Manager.java:1915)
]]></system-err>
</testsuite>
