<?xml version="1.0" encoding="UTF-8" ?>
<testsuite errors="0" failures="0" hostname="travis-job-87420d60-3ea6-4fb0-a03c-2e452c096535" name="ptolemy.actor.lib.io.test.junit.JUnitTclTest" skipped="0" tests="32" time="4.033" timestamp="2019-06-10T04:28:20">
  <properties>
    <property name="npm.executable" value="npm" />
    <property name="file.encoding.pkg" value="sun.io" />
    <property name="env.TRAVIS_ROOT" value="/" />
    <property name="ptII.mk.exists" value="true" />
    <property name="env.TRAVIS_APP_HOST" value="build.travis-ci.org" />
    <property name="env.rvm_bin_path" value="/home/travis/.rvm/bin" />
    <property name="java.home" value="/usr/lib/jvm/java-8-oracle/jre" />
    <property name="env.TRAVIS_JOB_NUMBER" value="1163.8" />
    <property name="env.TRAVIS_HOME" value="/home/travis" />
    <property name="env.DISPLAY" value=":99.0" />
    <property name="java.net.preferIPv4Stack" value="true" />
    <property name="env.TRAVIS_INIT" value="upstart" />
    <property name="env.SSH_TTY" value="/dev/pts/0" />
    <property name="env.RUN_TESTS" value="true" />
    <property name="timeout.short" value="1000000" />
    <property name="env.TRAVIS_JOB_NAME" value="" />
    <property name="env.TRAVIS_STACK_NODE_ATTRIBUTES" value="/.node-attributes.yml" />
    <property name="junit.formatter" value="xml" />
    <property name="java.endorsed.dirs" value="/usr/lib/jvm/java-8-oracle/jre/lib/endorsed" />
    <property name="env.TRAVIS_SUDO" value="true" />
    <property name="env.LOGNAME" value="travis" />
    <property name="env.PT_TRAVIS_TEST_CORE1_XML" value="true" />
    <property name="jsdoc.home" value="node_modules/@terraswarm/jsdoc" />
    <property name="debuglevel" value="source,lines,vars" />
    <property name="checkstyle.formatter" value="xml" />
    <property name="bin.vergil.makeable" value="true" />
    <property name="env._system_version" value="14.04" />
    <property name="sun.os.patch.level" value="unknown" />
    <property name="java.vendor.url" value="http://java.oracle.com/" />
    <property name="env.TRAVIS_BUILD_WEB_URL" value="https://travis-ci.org/icyphy/ptII/builds/543566907" />
    <property name="java.version" value="1.8.0_151" />
    <property name="env.TZ" value="UTC" />
    <property name="env.PT_NO_NET" value="true" />
    <property name="env.TRAVIS_PULL_REQUEST_SHA" value="" />
    <property name="env.TRAVIS_SECURE_ENV_VARS" value="true" />
    <property name="env._system_type" value="Linux" />
    <property name="java.vendor.url.bug" value="http://bugreport.sun.com/bugreport/" />
    <property name="env.SSH_CLIENT" value="10.10.4.68 36646 22" />
    <property name="npmjs-org-is-up" value="true" />
    <property name="env.GEM_HOME" value="/home/travis/.rvm/gems/ruby-2.4.1" />
    <property name="env.HAS_ANTARES_THREE_LITTLE_FRONZIES_BADGE" value="true" />
    <property name="env.PS4" value="+" />
    <property name="ant.project.invoked-targets" value="build,test.core1.xml" />
    <property name="env.TRAVIS_PULL_REQUEST_BRANCH" value="" />
    <property name="env.TRAVIS_REPO_SLUG" value="icyphy/ptII" />
    <property name="env.TRAVIS_APT_PROXY" value="http://apt.cache.travis-ci.com" />
    <property name="node.in.path" value="true" />
    <property name="java.maxmemory" value="1400m" />
    <property name="env.RUBY_VERSION" value="ruby-2.4.1" />
    <property name="user.name" value="travis" />
    <property name="env.LANG" value="en_US.UTF-8" />
    <property name="sun.io.unicode.encoding" value="UnicodeLittle" />
    <property name="sun.jnu.encoding" value="UTF-8" />
    <property name="java.runtime.name" value="Java(TM) SE Runtime Environment" />
    <property name="usefile" value="false" />
    <property name="return.code" value="0" />
    <property name="junit.single.formatter" value="plain" />
    <property name="env.DEBIAN_FRONTEND" value="noninteractive" />
    <property name="env.SSH_CONNECTION" value="10.10.4.68 36646 10.20.0.45 22" />
    <property name="env.MYSQL_UNIX_PORT" value="/var/run/mysqld/mysqld.sock" />
    <property name="env.TRAVIS_ALLOW_FAILURE" value="false" />
    <property name="env.LC_ALL" value="en_US.UTF-8" />
    <property name="env.TRAVIS_JOB_WEB_URL" value="https://travis-ci.org/icyphy/ptII/jobs/543566915" />
    <property name="java.specification.name" value="Java Platform API Specification" />
    <property name="node.works" value="true" />
    <property name="user.timezone" value="" />
    <property name="path.separator" value=":" />
    <property name="env.TRAVIS_ENABLE_INFRA_DETECTION" value="true" />
    <property name="env.PYTHON_CFLAGS" value="-g -fstack-protector --param=ssp-buffer-size=4 -Wformat -Werror=format-security" />
    <property name="timeout.long" value="4000000" />
    <property name="file.encoding" value="UTF-8" />
    <property name="ant.file.ptII" value="/home/travis/build/icyphy/ptII/build.xml" />
    <property name="javadoc.packagenames" value="com.*,diva.*,lbnl.*,org.hlacerti.*,org.json.*,org.ptolemy.*,org.terraswarm.*,ptolemy.*,ptserver.*" />
    <property name="env.TRAVIS_PULL_REQUEST_SLUG" value="" />
    <property name="ant.project.default-target" value="build" />
    <property name="env.GIT_ASKPASS" value="echo" />
    <property name="env.HOME" value="/home/travis" />
    <property name="sun.java.command" value="org.apache.tools.ant.taskdefs.optional.junit.JUnitTestRunner ptolemy.actor.lib.io.test.junit.JUnitTclTest skipNonTests=false filtertrace=true haltOnError=false haltOnFailure=false formatter=org.apache.tools.ant.taskdefs.optional.junit.OutErrSummaryJUnitResultFormatter showoutput=true outputtoformatters=true logfailedtests=true threadid=0 logtestlistenerevents=false formatter=org.apache.tools.ant.taskdefs.optional.junit.XMLJUnitResultFormatter,/home/travis/build/icyphy/ptII/reports/junit/TEST-ptolemy.actor.lib.io.test.junit.JUnitTclTest.xml crashfile=/home/travis/build/icyphy/ptII/junitvmwatcher378511683698317611.properties propsfile=/home/travis/build/icyphy/ptII/junit4304753590593223057.properties" />
    <property name="env.MANPATH" value="/home/travis/.nvm/versions/node/v7.10.1/share/man:/home/travis/.kiex/elixirs/elixir-1.4.5/man:/home/travis/.rvm/rubies/ruby-2.4.1/share/man:/usr/local/man:/usr/local/cmake-3.9.2/man:/usr/local/clang-5.0.0/share/man:/usr/local/share/man:/usr/share/man:/home/travis/.rvm/man" />
    <property name="env.COMPOSER_NO_INTERACTION" value="1" />
    <property name="env.JDK_SWITCHER_DEFAULT" value="oraclejdk8" />
    <property name="env.TRAVIS_TIMER_ID" value="11f257d8" />
    <property name="ant.file" value="/home/travis/build/icyphy/ptII/build.xml" />
    <property name="env.TRAVIS_COMMIT_RANGE" value="e5126a4801df799845d5f4b52ce416921306d716...21a84221cb4bcd37fabfbb95be95dcadf98df169" />
    <property name="env._system_name" value="Ubuntu" />
    <property name="timeout" value="2400000" />
    <property name="ptII.classpath.optional.property" value="/home/travis/build/icyphy/ptII/lib/bsh-2.0b4.jar:/home/travis/build/icyphy/ptII/lib/ptCal.jar:/home/travis/build/icyphy/ptII/lib/java_cup.jar:/home/travis/build/icyphy/ptII/lib/saxon8.jar:/home/travis/build/icyphy/ptII/lib/saxon8-dom.jar:/home/travis/build/icyphy/ptII/lib/chic.jar:/home/travis/build/icyphy/ptII/lib/ptcolt.jar:/usr/lib/jvm/java-8-oracle/lib/tools.jar:/home/travis/build/icyphy/ptII/vendors/misc/itext/iText.jar:/home/travis/build/icyphy/ptII/lib/g4ltl.jar:/home/travis/build/icyphy/ptII/lib/StructuralCoder.jar:/home/travis/build/icyphy/ptII/vendors/jai-1_1_2_01/lib/jai_core.jar:/home/travis/build/icyphy/ptII/vendors/jai-1_1_2_01/lib/jai_codec.jar:/home/travis/build/icyphy/ptII/lib/jcerti.jar:/home/travis/build/icyphy/ptII/lib/javax.mail.jar:/home/travis/build/icyphy/ptII/vendors/JMF-2.1.1e/lib/jmf.jar:/home/travis/build/icyphy/ptII/lib/jna-4.0.0-variadic.jar:/home/travis/build/icyphy/ptII/vendors/misc/joystick/Joystick.jar:/home/travis/build/icyphy/ptII/lib/ptjacl.jar:/home/travis/build/icyphy/ptII/lib/jsoup-1.8.2.jar:/home/travis/build/icyphy/ptII/lib/junit-4.8.2.jar:/home/travis/build/icyphy/ptII/lib/JUnitParams-0.4.0.jar:/home/travis/build/icyphy/ptII/ptolemy/actor/lib/excel/jxl.jar:/home/travis/build/icyphy/ptII/lib/jython.jar:/home/travis/build/icyphy/ptII/lib/kieler.jar:/home/travis/build/icyphy/ptII/vendors/opencv/share/OpenCV/java/opencv-341.jar:/home/travis/build/icyphy/ptII/lib/oscP5.jar:/home/travis/build/icyphy/ptII/lib/nrjavaserial-3.11.0.devel.jar:/home/travis/build/icyphy/ptII/vendors/j3d/lib/j3dcore.jar:/home/travis/build/icyphy/ptII/vendors/j3d/lib/j3dutils.jar:/home/travis/build/icyphy/ptII/vendors/j3d/lib/vecmath.jar:/home/travis/build/icyphy/ptII/ptolemy/distributed/jini/jar/jini-core.jar:/home/travis/build/icyphy/ptII/ptolemy/distributed/jini/jar/jini-ext.jar:/home/travis/build/icyphy/ptII/ptolemy/distributed/jini/jar/sun-util.jar:/home/travis/build/icyphy/ptII/lib/protobuf-java-2.4.1.jar:/home/travis/build/icyphy/ptII/lib/org.eclipse.paho.client.mqttv3.jar:/home/travis/build/icyphy/ptII/lib/mapss.jar:/home/travis/build/icyphy/ptII/ptolemy/actor/ptalon/antlr/antlr.jar:/home/travis/build/icyphy/ptII/lib/JRI.jar:/home/travis/build/icyphy/ptII/lib/commons-lang-2.6.jar:/home/travis/build/icyphy/ptII/lib/commons-logging-1.1.1.jar:/home/travis/build/icyphy/ptII/lib/sootclasses.jar:/home/travis/build/icyphy/ptII/ptolemy/actor/lib/database/mysql-connector-java-5.1.6-bin.jar:/home/travis/build/icyphy/ptII/vendors/misc/sphinx4/sphinx4-data-5prealpha.jar:/home/travis/build/icyphy/ptII/vendors/misc/sphinx4/sphinx4-core-5prealpha.jar:/home/travis/build/icyphy/ptII/lib/PDFRenderer.jar:/home/travis/build/icyphy/ptII/lib/svgSalamander.jar:/home/travis/build/icyphy/ptII/lib/rsyntaxtextarea-2.6.0-SNAPSHOT.jar:/home/travis/build/icyphy/ptII/lib/hazelcast-3.8.2.jar:/home/travis/build/icyphy/ptII/lib/jackson-annotations-2.9.0.jar:/home/travis/build/icyphy/ptII/lib/jackson-core-2.9.3.jar:/home/travis/build/icyphy/ptII/lib/jackson-databind-2.9.3.jar:/home/travis/build/icyphy/ptII/lib/netty-buffer-4.1.19.Final.jar:/home/travis/build/icyphy/ptII/lib/netty-codec-4.1.19.Final.jar:/home/travis/build/icyphy/ptII/lib/netty-codec-dns-4.1.19.Final.jar:/home/travis/build/icyphy/ptII/lib/netty-codec-http-4.1.19.Final.jar:/home/travis/build/icyphy/ptII/lib/netty-codec-http2-4.1.19.Final.jar:/home/travis/build/icyphy/ptII/lib/netty-common-4.1.19.Final.jar:/home/travis/build/icyphy/ptII/lib/netty-handler-4.1.19.Final.jar:/home/travis/build/icyphy/ptII/lib/netty-resolver-4.1.19.Final.jar:/home/travis/build/icyphy/ptII/lib/netty-resolver-dns-4.1.19.Final.jar:/home/travis/build/icyphy/ptII/lib/netty-transport-4.1.19.Final.jar:/home/travis/build/icyphy/ptII/lib/vertx-codegen-3.5.1.jar:/home/travis/build/icyphy/ptII/lib/vertx-core-3.5.2-SNAPSHOT.jar:/home/travis/build/icyphy/ptII/lib/vertx-hazelcast-3.5.1.jar:/home/travis/build/icyphy/ptII/lib/vertx-lang-js-3.5.1.jar:/home/travis/build/icyphy/ptII/lib/vertx-service-proxy-3.5.1.jar:/home/travis/build/icyphy/ptII/lib/vertx-web-3.5.1.jar:/home/travis/build/icyphy/ptII/lib/slf4j-api-1.7.13.jar:/home/travis/build/icyphy/ptII/lib/slf4j-simple-1.7.13.jar:/home/travis/build/icyphy/ptII/lib/webcam-capture-0.3.12.jar:/home/travis/build/icyphy/ptII/lib/bridj-0.7.0.jar:/home/travis/build/icyphy/ptII/lib/xbjlib-1.1.0.nrjavaserial.jar" />
    <property name="test.batch" value="**/junit/*.java" />
    <property name="env._" value="/usr/bin/timeout" />
    <property name="java.io.tmpdir" value="/tmp" />
    <property name="env.TRAVIS_INTERNAL_RUBY_REGEX" value="^ruby-(2\.[0-4]\.[0-9]|1\.9\.3)" />
    <property name="user.language" value="en" />
    <property name="env.HISTCONTROL" value="ignoredups:ignorespace" />
    <property name="env.GOROOT" value="/home/travis/.gimme/versions/go1.7.4.linux.amd64" />
    <property name="line.separator" value="&#xa;" />
    <property name="target" value="1.8" />
    <property name="env.TRAVIS_BUILD_DIR" value="/home/travis/build/icyphy/ptII" />
    <property name="env.ANT_OPTS" value="-Xmx2048m" />
    <property name="ant.file.type" value="file" />
    <property name="ptolemy.ptII.batchMode" value="true" />
    <property name="env.HISTSIZE" value="1000" />
    <property name="env.MERB_ENV" value="test" />
    <property name="java.vm.info" value="mixed mode" />
    <property name="source" value="1.8" />
    <property name="java.vm.specification.name" value="Java Virtual Machine Specification" />
    <property name="env.TRAVIS_TEST_RESULT" value="0" />
    <property name="jsdoc.command" value="node_modules/@terraswarm/jsdoc/jsdoc.js" />
    <property name="npm.works" value="true" />
    <property name="cobertura.dir" value="/home/travis/build/icyphy/ptII/vendors/cobertura-2.0.3" />
    <property name="env.rvm_path" value="/home/travis/.rvm" />
    <property name="env.GEM_PATH" value="/home/travis/.rvm/gems/ruby-2.4.1:/home/travis/.rvm/gems/ruby-2.4.1@global" />
    <property name="env.LC_CTYPE" value="en_US.UTF-8" />
    <property name="java.awt.printerjob" value="sun.print.PSPrinterJob" />
    <property name="env.TRAVIS_CMD" value="$PTII/bin/ptIITravisBuild.sh $SECONDS" />
    <property name="env.TRAVIS_STACK_NAME" value="garnet" />
    <property name="env.TRAVIS_TIMER_START_TIME" value="1560140609533377399" />
    <property name="ant.version" value="Apache Ant(TM) version 1.10.1 compiled on February 2 2017" />
    <property name="ptII.reports" value="/home/travis/build/icyphy/ptII/reports" />
    <property name="env.TRAVIS_STACK_TIMESTAMP" value="2017-12-05 19:33:09 UTC" />
    <property name="ant.file.type.ptII" value="file" />
    <property name="env.RBENV_SHELL" value="bash" />
    <property name="os.name" value="Linux" />
    <property name="java.specification.vendor" value="Oracle Corporation" />
    <property name="env.rvm_version" value="1.29.3 (latest)" />
    <property name="env.TRAVIS_INFRA" value="gce" />
    <property name="env.TERM" value="xterm" />
    <property name="java.vm.name" value="Java HotSpot(TM) 64-Bit Server VM" />
    <property name="env.TRAVIS_BUILD_NUMBER" value="1163" />
    <property name="env.CI" value="true" />
    <property name="java.library.path" value="/usr/lib/jni:/usr/local/share/OpenCV/java/:/usr/share/OpenCV/java::/usr/java/packages/lib/amd64:/usr/lib64:/lib64:/lib:/usr/lib" />
    <property name="env.rvm_prefix" value="/home/travis" />
    <property name="env.PATH" value="/home/travis/.rvm/gems/ruby-2.4.1/bin:/home/travis/.rvm/gems/ruby-2.4.1@global/bin:/home/travis/.rvm/rubies/ruby-2.4.1/bin:/home/travis/.rvm/bin:/home/travis/.nvm/versions/node/v7.10.1/bin:./node_modules/.bin:/home/travis/build/icyphy/ptII/bin:/home/travis/pthla/certi-tools/bin:/home/travis/bin:/home/travis/.local/bin:/opt/pyenv/shims:/home/travis/.phpenv/shims:/home/travis/perl5/perlbrew/bin:/home/travis/.kiex/elixirs/elixir-1.4.5/bin:/home/travis/.kiex/bin:/home/travis/gopath/bin:/home/travis/.gimme/versions/go1.7.4.linux.amd64/bin:/usr/local/phantomjs/bin:/usr/local/phantomjs:/usr/local/neo4j-3.2.7/bin:/usr/local/maven-3.5.2/bin:/usr/local/cmake-3.9.2/bin:/usr/local/clang-5.0.0/bin:/usr/local/sbin:/usr/local/bin:/usr/sbin:/usr/bin:/sbin:/bin:/home/travis/.phpenv/bin:/opt/pyenv/bin:/home/travis/.yarn/bin" />
    <property name="env.TRAVIS_OS_NAME" value="linux" />
    <property name="ant.java.version" value="1.8" />
    <property name="basedir" value="/home/travis/build/icyphy/ptII" />
    <property name="java.class.version" value="52.0" />
    <property name="env.SHLVL" value="3" />
    <property name="env.LD_LIBRARY_PATH" value="/usr/lib/jni:/usr/local/share/OpenCV/java/:/usr/share/OpenCV/java:" />
    <property name="env.RACK_ENV" value="test" />
    <property name="ant.home" value="/home/travis/build/icyphy/ptII/ant" />
    <property name="env.NVM_DIR" value="/home/travis/.nvm" />
    <property name="env.PERLBREW_BASHRC_VERSION" value="0.80" />
    <property name="env.TRAVIS_BUILD_ID" value="543566907" />
    <property name="env.PYENV_ROOT" value="/opt/pyenv" />
    <property name="env.TRAVIS_UID" value="2000" />
    <property name="env.rvm_pretty_print_flag" value="auto" />
    <property name="env.NVM_BIN" value="/home/travis/.nvm/versions/node/v7.10.1/bin" />
    <property name="env.TRAVIS_COMMIT" value="21a84221cb4bcd37fabfbb95be95dcadf98df169" />
    <property name="env._system_arch" value="x86_64" />
    <property name="node.executable" value="node" />
    <property name="sun.boot.library.path" value="/usr/lib/jvm/java-8-oracle/jre/lib/amd64" />
    <property name="sun.management.compiler" value="HotSpot 64-Bit Tiered Compilers" />
    <property name="env.GOPATH" value="/home/travis/gopath" />
    <property name="java.awt.graphicsenv" value="sun.awt.X11GraphicsEnvironment" />
    <property name="ptolemy.ptII.dir" value="/home/travis/build/icyphy/ptII" />
    <property name="env.USER" value="travis" />
    <property name="env.HISTFILESIZE" value="2000" />
    <property name="timeout.longest" value="19000000" />
    <property name="env.TRAVIS_STACK_FEATURES" value="basic cassandra chromium couchdb disabled-ipv6 docker docker-compose elasticsearch firefox go-toolchain google-chrome jdk memcached mongodb mysql neo4j nodejs_interpreter perl_interpreter perlbrew phantomjs postgresql python_interpreter rabbitmq redis riak ruby_interpreter sqlite xserver" />
    <property name="env.TRAVIS_PULL_REQUEST" value="false" />
    <property name="env.PYENV_SHELL" value="bash" />
    <property name="ant.project.name" value="ptII" />
    <property name="java.vm.specification.version" value="1.8" />
    <property name="env.ANSI_RESET" value="\033[0m" />
    <property name="env.TRAVIS_DIST" value="trusty" />
    <property name="env.NLSPATH" value="/usr/dt/lib/nls/msg/%L/%N.cat" />
    <property name="awt.toolkit" value="sun.awt.X11.XToolkit" />
    <property name="env.MY_RUBY_HOME" value="/home/travis/.rvm/rubies/ruby-2.4.1" />
    <property name="sun.cpu.isalist" value="" />
    <property name="env.TRAVIS_TMPDIR" value="/tmp/tmp.fhsebwGkPP" />
    <property name="java.ext.dirs" value="/usr/lib/jvm/java-8-oracle/jre/lib/ext:/usr/java/packages/lib/ext" />
    <property name="os.version" value="4.4.0-101-generic" />
    <property name="user.home" value="/home/travis" />
    <property name="env.MIX_ARCHIVES" value="/home/travis/.kiex/mix/elixir-1.4.5" />
    <property name="java.vm.vendor" value="Oracle Corporation" />
    <property name="env.TRAVIS_TAG" value="nightly" />
    <property name="env.ANSI_YELLOW" value="\033[33;1m" />
    <property name="env.TRAVIS_FILTERED" value="redirect_io" />
    <property name="env.PTII" value="/home/travis/build/icyphy/ptII" />
    <property name="env.JAVA_HOME" value="/usr/lib/jvm/java-8-oracle" />
    <property name="javadoc.excludepackagenames" value="adm.cvs2svn.*,build.*,config.*,doc.coding.templates.*,jni.test.jni.meaningOfLife.*,jni.test.jni.testDeux.*,jni.test.jni.testTrois.*,org.terraswarm.accessor.accessors.web.node_modules.*,org.terraswarm.accessor.accessors.web.hosts.cordova.demo.*,org.terraswarm.accessor.accessors.web.hosts.cordova.plugins.*,org.terraswarm.accessor.accessors-svn.*,pt-modules.*,ptolemy.apps.agilent.*,ptolemy.apps.anytimecontrol.*,ptolemy.apps.apes.*,ptolemy.apps.charon.*,ptolemy.apps.crazyboard.*,ptolemy.apps.eclipse.*,ptolemy.apps.etherealSting.*,ptolemy.apps.fullscreen.*,ptolemy.apps.giotto.*,ptolemy.apps.ia.*,ptolemy.apps.interfaces.*,ptolemy.apps.jmf.*,ptolemy.apps.kurt.*,ptolemy.apps.kvm.*,ptolemy.apps.lego.*,ptolemy.apps.lejos.*,ptolemy.apps.midp.*,ptolemy.apps.mobileCoding.*,ptolemy.apps.pendulum.*,ptolemy.apps.rijndael.*,ptolemy.apps.robot.*,ptolemy.apps.security.*,ptolemy.apps.sobel.*,ptolemy.apps.soot.*,ptolemy.apps.throttle.*,ptolemy.apps.tini.*,ptolemy.apps.transmission.*,ptolemy.apps.vergil.*,ptolemy.apps.waba.*,ptolemy.apps.websensor.*,ptolemy.apps.webstart.*,ptolemy.apps.xsl.*,ptolemy.apps.zaurus.*,ptolemy.codegen.c.actor.lib.oldJavaFiles.*,ptolemy.codegen.dsp.lib.*,ptolemy.codegen.kernel.newInterfaces.*,ptolemy.codegen.lib.*,ptolemy.copernicus.kernel.fragment.*,ptolemy.copernicus.shallow.cg.*,ptolemy.domains.giotto.demo.Hierarchy.Hierarchy.*,ptolemy.domains.giotto.demo.Multimode.Multimode.*,ptolemy.domains.giotto.demo.Simple.Simple.*,ptolemy.domains.gr.lib.experimental.*,ptolemy.domains.gro.*,ptolemy.domains.pdf.*,ptolemy.domains.ptinyos.demo.Surge.output.*,ptolemy.moml.test.NoPackageActor.java*,ptolemy.plot.adm.*,ptolemy.plot.servlet.*,reports.*,signed.*,src.*,target.*,vendors.*,ptolemy.apps.eclipse.awt.*,ptolemy.backtrack.*,ptolemy.backtrack.ast.*,ptolemy.cg.adapter.generic.program.procedural.c.mbed*,ptolemy.homer.*,org.ptolemy.scala.*,diva.util.java2d.svg.*,ptolemy.domains.ptinyos.*,ptolemy.actor.lib.fmi.fmipp.*,,org.terraswarm.accessor.accessors.web.node_modules.*,org.terraswarm.accessor.accessors-svn,ptolemy.apps.*,ptolemy.actor.ptalon.demo.ptinyos.SendAndReceiveCnt.output,ptolemy.actor.ptalon.demo.ptinyos.SenseToLeds.output,ptolemy.domains.ptinyos.demo.CntToLedsAndRfm.output,ptolemy.domains.ptinyos.demo.RfmToLeds.output,ptolemy.domains.ptinyos.demo.SendAndReceiveCnt.output,ptolemy.domains.ptinyos.demo.SenseToLeds.output,ptolemy.actor.lib.jjs.modules.udpSocket.*" />
    <property name="env.ANSI_GREEN" value="\033[32;1m" />
    <property name="env.TRAVIS_COMMIT_MESSAGE" value="Using jcerti.jar file commit f32406b510de2a3b from branch br_ptII_berkeley that&#xa;improved the demo and fixed bugs 53878 and 41291. There is no fix yet for bug&#xa;55592. However, the results are similar to the ones using jcerti.jar pushed on&#xa;e8e30db5. Tested with CERTI c2146229adc0@master, Mar 1 10:08:30 2019. The new&#xa;CERTI branch for fixing bug 56284 was not tested yet in the Ptolemy framework." />
    <property name="keystore" value="ptKeystore" />
    <property name="env.XDG_SESSION_ID" value="2" />
    <property name="junit.output.dir" value="/home/travis/build/icyphy/ptII/reports/junit" />
    <property name="npm.return.code" value="0" />
    <property name="user.dir" value="/home/travis/build/icyphy/ptII/ptolemy/actor/lib/io/test" />
    <property name="env.XFILESEARCHPATH" value="/usr/dt/app-defaults/%L/Dt" />
    <property name="env.TRAVIS_NODE_VERSION" value="7" />
    <property name="env.MAIL" value="/var/mail/travis" />
    <property name="env.TRAVIS_EVENT_TYPE" value="cron" />
    <property name="env.PWD" value="/home/travis/build/icyphy/ptII" />
    <property name="env.PERLBREW_ROOT" value="/home/travis/perl5/perlbrew" />
    <property name="timeout.npm" value="45000" />
    <property name="env.TRAVIS_ARCH" value="amd64" />
    <property name="env.PAGER" value="cat" />
    <property name="sun.cpu.endian" value="little" />
    <property name="env.TRAVIS_BUILD_STAGE_NAME" value="Test" />
    <property name="env.PERLBREW_HOME" value="/home/travis/.perlbrew" />
    <property name="java.vm.version" value="25.151-b12" />
    <property name="env.RAILS_ENV" value="test" />
    <property name="java.class.path" value="/home/travis/.ptolemyII:/home/travis/.ptolemyII/*:/home/travis/build/icyphy/ptII:/home/travis/build/icyphy/ptII/lib/bsh-2.0b4.jar:/home/travis/build/icyphy/ptII/lib/ptCal.jar:/home/travis/build/icyphy/ptII/lib/java_cup.jar:/home/travis/build/icyphy/ptII/lib/saxon8.jar:/home/travis/build/icyphy/ptII/lib/saxon8-dom.jar:/home/travis/build/icyphy/ptII/lib/chic.jar:/home/travis/build/icyphy/ptII/lib/ptcolt.jar:/usr/lib/jvm/java-8-oracle/lib/tools.jar:/home/travis/build/icyphy/ptII/vendors/misc/itext/iText.jar:/home/travis/build/icyphy/ptII/lib/g4ltl.jar:/home/travis/build/icyphy/ptII/lib/StructuralCoder.jar:/home/travis/build/icyphy/ptII/vendors/jai-1_1_2_01/lib/jai_core.jar:/home/travis/build/icyphy/ptII/vendors/jai-1_1_2_01/lib/jai_codec.jar:/home/travis/build/icyphy/ptII/lib/jcerti.jar:/home/travis/build/icyphy/ptII/lib/javax.mail.jar:/home/travis/build/icyphy/ptII/vendors/JMF-2.1.1e/lib/jmf.jar:/home/travis/build/icyphy/ptII/lib/jna-4.0.0-variadic.jar:/home/travis/build/icyphy/ptII/vendors/misc/joystick/Joystick.jar:/home/travis/build/icyphy/ptII/lib/ptjacl.jar:/home/travis/build/icyphy/ptII/lib/jsoup-1.8.2.jar:/home/travis/build/icyphy/ptII/lib/junit-4.8.2.jar:/home/travis/build/icyphy/ptII/lib/JUnitParams-0.4.0.jar:/home/travis/build/icyphy/ptII/ptolemy/actor/lib/excel/jxl.jar:/home/travis/build/icyphy/ptII/lib/jython.jar:/home/travis/build/icyphy/ptII/lib/kieler.jar:/home/travis/build/icyphy/ptII/vendors/opencv/share/OpenCV/java/opencv-341.jar:/home/travis/build/icyphy/ptII/lib/oscP5.jar:/home/travis/build/icyphy/ptII/lib/nrjavaserial-3.11.0.devel.jar:/home/travis/build/icyphy/ptII/vendors/j3d/lib/j3dcore.jar:/home/travis/build/icyphy/ptII/vendors/j3d/lib/j3dutils.jar:/home/travis/build/icyphy/ptII/vendors/j3d/lib/vecmath.jar:/home/travis/build/icyphy/ptII/ptolemy/distributed/jini/jar/jini-core.jar:/home/travis/build/icyphy/ptII/ptolemy/distributed/jini/jar/jini-ext.jar:/home/travis/build/icyphy/ptII/ptolemy/distributed/jini/jar/sun-util.jar:/home/travis/build/icyphy/ptII/lib/protobuf-java-2.4.1.jar:/home/travis/build/icyphy/ptII/lib/org.eclipse.paho.client.mqttv3.jar:/home/travis/build/icyphy/ptII/lib/mapss.jar:/home/travis/build/icyphy/ptII/ptolemy/actor/ptalon/antlr/antlr.jar:/home/travis/build/icyphy/ptII/lib/JRI.jar:/home/travis/build/icyphy/ptII/lib/commons-lang-2.6.jar:/home/travis/build/icyphy/ptII/lib/commons-logging-1.1.1.jar:/home/travis/build/icyphy/ptII/lib/sootclasses.jar:/home/travis/build/icyphy/ptII/ptolemy/actor/lib/database/mysql-connector-java-5.1.6-bin.jar:/home/travis/build/icyphy/ptII/vendors/misc/sphinx4/sphinx4-data-5prealpha.jar:/home/travis/build/icyphy/ptII/vendors/misc/sphinx4/sphinx4-core-5prealpha.jar:/home/travis/build/icyphy/ptII/lib/PDFRenderer.jar:/home/travis/build/icyphy/ptII/lib/svgSalamander.jar:/home/travis/build/icyphy/ptII/lib/rsyntaxtextarea-2.6.0-SNAPSHOT.jar:/home/travis/build/icyphy/ptII/lib/hazelcast-3.8.2.jar:/home/travis/build/icyphy/ptII/lib/jackson-annotations-2.9.0.jar:/home/travis/build/icyphy/ptII/lib/jackson-core-2.9.3.jar:/home/travis/build/icyphy/ptII/lib/jackson-databind-2.9.3.jar:/home/travis/build/icyphy/ptII/lib/netty-buffer-4.1.19.Final.jar:/home/travis/build/icyphy/ptII/lib/netty-codec-4.1.19.Final.jar:/home/travis/build/icyphy/ptII/lib/netty-codec-dns-4.1.19.Final.jar:/home/travis/build/icyphy/ptII/lib/netty-codec-http-4.1.19.Final.jar:/home/travis/build/icyphy/ptII/lib/netty-codec-http2-4.1.19.Final.jar:/home/travis/build/icyphy/ptII/lib/netty-common-4.1.19.Final.jar:/home/travis/build/icyphy/ptII/lib/netty-handler-4.1.19.Final.jar:/home/travis/build/icyphy/ptII/lib/netty-resolver-4.1.19.Final.jar:/home/travis/build/icyphy/ptII/lib/netty-resolver-dns-4.1.19.Final.jar:/home/travis/build/icyphy/ptII/lib/netty-transport-4.1.19.Final.jar:/home/travis/build/icyphy/ptII/lib/vertx-codegen-3.5.1.jar:/home/travis/build/icyphy/ptII/lib/vertx-core-3.5.2-SNAPSHOT.jar:/home/travis/build/icyphy/ptII/lib/vertx-hazelcast-3.5.1.jar:/home/travis/build/icyphy/ptII/lib/vertx-lang-js-3.5.1.jar:/home/travis/build/icyphy/ptII/lib/vertx-service-proxy-3.5.1.jar:/home/travis/build/icyphy/ptII/lib/vertx-web-3.5.1.jar:/home/travis/build/icyphy/ptII/lib/slf4j-api-1.7.13.jar:/home/travis/build/icyphy/ptII/lib/slf4j-simple-1.7.13.jar:/home/travis/build/icyphy/ptII/lib/webcam-capture-0.3.12.jar:/home/travis/build/icyphy/ptII/lib/bridj-0.7.0.jar:/home/travis/build/icyphy/ptII/lib/xbjlib-1.1.0.nrjavaserial.jar:/home/travis/build/icyphy/ptII/ptolemy/moml/test:/home/travis/build/icyphy/ptII/ant/lib/ant-launcher.jar:/home/travis/build/icyphy/ptII/ant/lib/ant.jar:/home/travis/build/icyphy/ptII/ant/lib/ant-junit.jar:/home/travis/build/icyphy/ptII/ant/lib/ant-junit4.jar" />
    <property name="ant.library.dir" value="/home/travis/build/icyphy/ptII/ant/lib" />
    <property name="os.arch" value="amd64" />
    <property name="env.TRAVIS_LANGUAGE" value="node_js" />
    <property name="env.CONTINUOUS_INTEGRATION" value="true" />
    <property name="env.TRAVIS_STACK_LANGUAGES" value="__garnet__ c c++ clojure cplusplus cpp default go groovy java node_js php pure_java python ruby scala" />
    <property name="test.name" value="ptolemy.actor.lib.test.junit.JUnitTclTest" />
    <property name="sun.java.launcher" value="SUN_STANDARD" />
    <property name="env.PYTHON_CONFIGURE_OPTS" value="--enable-unicode=ucs4 --with-wide-unicode --enable-shared --enable-ipv6 --enable-loadable-sqlite-extensions --with-computed-gotos" />
    <property name="ant.core.lib" value="/home/travis/build/icyphy/ptII/ant/lib/ant.jar" />
    <property name="java.vm.specification.vendor" value="Oracle Corporation" />
    <property name="env.BCVTB_HOME" value="/home/travis/build/icyphy/ptII/lbnl" />
    <property name="file.separator" value="/" />
    <property name="java.runtime.version" value="1.8.0_151-b12" />
    <property name="spotbugs.home" value="/home/travis/build/icyphy/ptII/vendors/spotbugs-3.1.1" />
    <property name="sun.boot.class.path" value="/usr/lib/jvm/java-8-oracle/jre/lib/resources.jar:/usr/lib/jvm/java-8-oracle/jre/lib/rt.jar:/usr/lib/jvm/java-8-oracle/jre/lib/sunrsasign.jar:/usr/lib/jvm/java-8-oracle/jre/lib/jsse.jar:/usr/lib/jvm/java-8-oracle/jre/lib/jce.jar:/usr/lib/jvm/java-8-oracle/jre/lib/charsets.jar:/usr/lib/jvm/java-8-oracle/jre/lib/jfr.jar:/usr/lib/jvm/java-8-oracle/jre/classes" />
    <property name="env.ANSI_CLEAR" value="\033[0K" />
    <property name="env.HAS_JOSH_K_SEAL_OF_APPROVAL" value="true" />
    <property name="env.TRAVIS_OSX_IMAGE" value="" />
    <property name="env.XDG_RUNTIME_DIR" value="/run/user/2000" />
    <property name="env.TRAVIS_JOB_ID" value="543566915" />
    <property name="env.TRAVIS_BRANCH" value="master" />
    <property name="user.country" value="US" />
    <property name="env.CERTI_HOME_TRAVIS" value="/home/travis/pthla/certi-tools" />
    <property name="env.SHELL" value="/bin/bash" />
    <property name="java.maxmemory.large" value="5000m" />
    <property name="model" value="" />
    <property name="env.CASHER_DIR" value="/home/travis/.casher" />
    <property name="env.NVM_CD_FLAGS" value="" />
    <property name="jshint.executable" value="/home/travis/node_modules/jshint/bin/jshint" />
    <property name="java.vendor" value="Oracle Corporation" />
    <property name="env.JRUBY_OPTS" value=" --client -J-XX:+TieredCompilation -J-XX:TieredStopAtLevel=1 -J-Xss2m -Xcompile.invokedynamic=false" />
    <property name="env.TRAVIS_PRE_CHEF_BOOTSTRAP_TIME" value="2017-12-05T19:32:55" />
    <property name="env.TRAVIS_STACK_JOB_BOARD_REGISTER" value="/.job-board-register.yml" />
    <property name="env.ELIXIR_VERSION" value="1.4.5" />
    <property name="env.ANSI_RED" value="\033[31;1m" />
    <property name="java.specification.version" value="1.8" />
    <property name="env.TRAVIS" value="true" />
    <property name="env.IRBRC" value="/home/travis/.rvm/rubies/ruby-2.4.1/.irbrc" />
    <property name="sun.arch.data.model" value="64" />
  </properties>
  <testcase classname="ptolemy.util.test.junit.TclTests" name="[0] /home/travis/build/icyphy/ptII/ptolemy/actor/lib/io/test/DirectoryListing.tcl (RunTclFile)" time="0.486" />
  <testcase classname="ptolemy.util.test.junit.AutoKnownFailedTests" name="[0] ThereAreNoKnowFailedTests (RunModel)" time="0.001" />
  <testcase classname="ptolemy.util.test.junit.AutoNameArchTests" name="[0] ThereAreNoAutoArchTests (RunModel)" time="0.001" />
  <testcase classname="ptolemy.util.test.junit.AutoTests" name="[0] /home/travis/build/icyphy/ptII/ptolemy/actor/lib/io/test/auto/CSVWriter.xml (RunModel)" time="0.085" />
  <testcase classname="ptolemy.util.test.junit.AutoTests" name="[1] /home/travis/build/icyphy/ptII/ptolemy/actor/lib/io/test/auto/CSVWriterOrdered.xml (RunModel)" time="0.15" />
  <testcase classname="ptolemy.util.test.junit.AutoTests" name="[2] /home/travis/build/icyphy/ptII/ptolemy/actor/lib/io/test/auto/CSVWriterOrderedTestReader.xml (RunModel)" time="0.037" />
  <testcase classname="ptolemy.util.test.junit.AutoTests" name="[3] /home/travis/build/icyphy/ptII/ptolemy/actor/lib/io/test/auto/DirectoryListing.xml (RunModel)" time="0.043" />
  <testcase classname="ptolemy.util.test.junit.AutoTests" name="[4] /home/travis/build/icyphy/ptII/ptolemy/actor/lib/io/test/auto/DirectoryListingEmptyPattern.xml (RunModel)" time="0.11" />
  <testcase classname="ptolemy.util.test.junit.AutoTests" name="[5] /home/travis/build/icyphy/ptII/ptolemy/actor/lib/io/test/auto/DirectoryListingJar.xml (RunModel)" time="0.106" />
  <testcase classname="ptolemy.util.test.junit.AutoTests" name="[6] /home/travis/build/icyphy/ptII/ptolemy/actor/lib/io/test/auto/DirectoryListingRecursive.xml (RunModel)" time="0.06" />
  <testcase classname="ptolemy.util.test.junit.AutoTests" name="[7] /home/travis/build/icyphy/ptII/ptolemy/actor/lib/io/test/auto/DirectoryListingRelative.xml (RunModel)" time="0.024" />
  <testcase classname="ptolemy.util.test.junit.AutoTests" name="[8] /home/travis/build/icyphy/ptII/ptolemy/actor/lib/io/test/auto/DirectoryListingURL.xml (RunModel)" time="1.056" />
  <testcase classname="ptolemy.util.test.junit.AutoTests" name="[9] /home/travis/build/icyphy/ptII/ptolemy/actor/lib/io/test/auto/DirectoryListingURLPattern.xml (RunModel)" time="0.512" />
  <testcase classname="ptolemy.util.test.junit.AutoTests" name="[10] /home/travis/build/icyphy/ptII/ptolemy/actor/lib/io/test/auto/FileReader.xml (RunModel)" time="0.038" />
  <testcase classname="ptolemy.util.test.junit.AutoTests" name="[11] /home/travis/build/icyphy/ptII/ptolemy/actor/lib/io/test/auto/ReadCSV1.xml (RunModel)" time="0.032" />
  <testcase classname="ptolemy.util.test.junit.AutoTests" name="[12] /home/travis/build/icyphy/ptII/ptolemy/actor/lib/io/test/auto/ReadCSV2.xml (RunModel)" time="0.028" />
  <testcase classname="ptolemy.util.test.junit.AutoTests" name="[13] /home/travis/build/icyphy/ptII/ptolemy/actor/lib/io/test/auto/ReadCSV3.xml (RunModel)" time="0.017" />
  <testcase classname="ptolemy.util.test.junit.AutoTests" name="[14] /home/travis/build/icyphy/ptII/ptolemy/actor/lib/io/test/auto/ReadCSV4.xml (RunModel)" time="0.018" />
  <testcase classname="ptolemy.util.test.junit.AutoTests" name="[15] /home/travis/build/icyphy/ptII/ptolemy/actor/lib/io/test/auto/ReadCSV5.xml (RunModel)" time="0.059" />
  <testcase classname="ptolemy.util.test.junit.AutoTests" name="[16] /home/travis/build/icyphy/ptII/ptolemy/actor/lib/io/test/auto/ReadCSV6.xml (RunModel)" time="0.034" />
  <testcase classname="ptolemy.util.test.junit.AutoTests" name="[17] /home/travis/build/icyphy/ptII/ptolemy/actor/lib/io/test/auto/ReadCSV7.xml (RunModel)" time="0.044" />
  <testcase classname="ptolemy.util.test.junit.AutoTests" name="[18] /home/travis/build/icyphy/ptII/ptolemy/actor/lib/io/test/auto/ReadCSV8.xml (RunModel)" time="0.029" />
  <testcase classname="ptolemy.util.test.junit.AutoTests" name="[19] /home/travis/build/icyphy/ptII/ptolemy/actor/lib/io/test/auto/ReadCSVInSDF.xml (RunModel)" time="0.022" />
  <testcase classname="ptolemy.util.test.junit.AutoTests" name="[20] /home/travis/build/icyphy/ptII/ptolemy/actor/lib/io/test/auto/ReadCSVInSDFinSDF.xml (RunModel)" time="0.037" />
  <testcase classname="ptolemy.util.test.junit.AutoTests" name="[21] /home/travis/build/icyphy/ptII/ptolemy/actor/lib/io/test/auto/ReadFileOver.xml (RunModel)" time="0.26" />
  <testcase classname="ptolemy.util.test.junit.AutoTests" name="[22] /home/travis/build/icyphy/ptII/ptolemy/actor/lib/io/test/auto/ReadLineInClasspath.xml (RunModel)" time="0.048" />
  <testcase classname="ptolemy.util.test.junit.AutoTests" name="[23] /home/travis/build/icyphy/ptII/ptolemy/actor/lib/io/test/auto/ReadLineInDE.xml (RunModel)" time="0.069" />
  <testcase classname="ptolemy.util.test.junit.AutoTests" name="[24] /home/travis/build/icyphy/ptII/ptolemy/actor/lib/io/test/auto/ReadLineInPTII.xml (RunModel)" time="0.038" />
  <testcase classname="ptolemy.util.test.junit.AutoTests" name="[25] /home/travis/build/icyphy/ptII/ptolemy/actor/lib/io/test/auto/ReadLineInSDF.xml (RunModel)" time="0.064" />
  <testcase classname="ptolemy.util.test.junit.AutoTests" name="[26] /home/travis/build/icyphy/ptII/ptolemy/actor/lib/io/test/auto/ReadLineInSameDirectory.xml (RunModel)" time="0.042" />
  <testcase classname="ptolemy.util.test.junit.AutoTests" name="[27] /home/travis/build/icyphy/ptII/ptolemy/actor/lib/io/test/auto/ReadLineInSubDirectory.xml (RunModel)" time="0.034" />
  <testcase classname="ptolemy.util.test.junit.AutoTests" name="[28] /home/travis/build/icyphy/ptII/ptolemy/actor/lib/io/test/auto/WriteIPAddressToStdout.xml (RunModel)" time="0.019" />
  <system-out><![CDATA[/home/travis/build/icyphy/ptII/ptolemy/actor/lib/io/test/DirectoryListing.tcl
testDefs.tcl: setting time out to 9000 seconds at Mon Jun 10 04:28:20 UTC 2019
21 ms. Memory: 116224K Free: 110416K (95%)
5 ms. Memory: 116224K Free: 109237K (94%)
06/10/19 04:28:21
Failed: 0  Total Tests: 2  ((Passed: 2, Newly Passed: 0)  Known Failed: 0) /home/travis/build/icyphy/ptII/ptolemy/actor/lib/io/test
No auto/knownFailedTests/*.xml tests in /home/travis/build/icyphy/ptII/ptolemy/actor/lib/io/test
No auto/linux-amd64/*.xml tests in /home/travis/build/icyphy/ptII/ptolemy/actor/lib/io/test
AutoTests.java: About to close Vertx.
AutoTests.java: Vertx closed.

===========================================================================================
----------------- testing Mon Jun 10 04:28:21 UTC 2019 /home/travis/build/icyphy/ptII/ptolemy/actor/lib/io/test/auto/CSVWriter.xml
----------------- Instantiating /home/travis/build/icyphy/ptII/ptolemy/actor/lib/io/test/auto/CSVWriter.xml
a,b
0,"a"
1,"ab"
2,"abb"
3,"abbb"
4,"abbbb"
22 ms. Memory: 116224K Free: 82464K (71%)
----------------- Invoking toplevel() on ptolemy.moml.MoMLSimpleApplication@14162d4a
----------------- Done invoking toplevel() on ptolemy.moml.MoMLSimpleApplication@14162d4a
reloadAllAccessors: .CSVWriter

===========================================================================================
----------------- testing Mon Jun 10 04:28:21 UTC 2019 /home/travis/build/icyphy/ptII/ptolemy/actor/lib/io/test/auto/CSVWriterOrdered.xml
----------------- Instantiating /home/travis/build/icyphy/ptII/ptolemy/actor/lib/io/test/auto/CSVWriterOrdered.xml
38 ms. Memory: 146944K Free: 133980K (91%)
----------------- Invoking toplevel() on ptolemy.moml.MoMLSimpleApplication@50b0b587
----------------- Done invoking toplevel() on ptolemy.moml.MoMLSimpleApplication@50b0b587
reloadAllAccessors: .CSVWriterOrdered

===========================================================================================
----------------- testing Mon Jun 10 04:28:21 UTC 2019 /home/travis/build/icyphy/ptII/ptolemy/actor/lib/io/test/auto/CSVWriterOrderedTestReader.xml
----------------- Instantiating /home/travis/build/icyphy/ptII/ptolemy/actor/lib/io/test/auto/CSVWriterOrderedTestReader.xml
10 ms. Memory: 146944K Free: 129598K (88%)
----------------- Invoking toplevel() on ptolemy.moml.MoMLSimpleApplication@27d73e5b
----------------- Done invoking toplevel() on ptolemy.moml.MoMLSimpleApplication@27d73e5b
reloadAllAccessors: .CSVWriterOrderedTestReader

===========================================================================================
----------------- testing Mon Jun 10 04:28:21 UTC 2019 /home/travis/build/icyphy/ptII/ptolemy/actor/lib/io/test/auto/DirectoryListing.xml
----------------- Instantiating /home/travis/build/icyphy/ptII/ptolemy/actor/lib/io/test/auto/DirectoryListing.xml
7 ms. Memory: 146944K Free: 125261K (85%)
----------------- Invoking toplevel() on ptolemy.moml.MoMLSimpleApplication@171ef67b
----------------- Done invoking toplevel() on ptolemy.moml.MoMLSimpleApplication@171ef67b
reloadAllAccessors: .DirectoryListing

===========================================================================================
----------------- testing Mon Jun 10 04:28:21 UTC 2019 /home/travis/build/icyphy/ptII/ptolemy/actor/lib/io/test/auto/DirectoryListingEmptyPattern.xml
----------------- Instantiating /home/travis/build/icyphy/ptII/ptolemy/actor/lib/io/test/auto/DirectoryListingEmptyPattern.xml
31 ms. Memory: 146944K Free: 119326K (81%)
----------------- Invoking toplevel() on ptolemy.moml.MoMLSimpleApplication@6ad7ff95
----------------- Done invoking toplevel() on ptolemy.moml.MoMLSimpleApplication@6ad7ff95
reloadAllAccessors: .DirectoryListingEmptyPattern

===========================================================================================
----------------- testing Mon Jun 10 04:28:21 UTC 2019 /home/travis/build/icyphy/ptII/ptolemy/actor/lib/io/test/auto/DirectoryListingJar.xml
----------------- Instantiating /home/travis/build/icyphy/ptII/ptolemy/actor/lib/io/test/auto/DirectoryListingJar.xml
56 ms. Memory: 146944K Free: 116033K (79%)
----------------- Invoking toplevel() on ptolemy.moml.MoMLSimpleApplication@33e1d650
----------------- Done invoking toplevel() on ptolemy.moml.MoMLSimpleApplication@33e1d650
reloadAllAccessors: .DirectoryListingJar

===========================================================================================
----------------- testing Mon Jun 10 04:28:22 UTC 2019 /home/travis/build/icyphy/ptII/ptolemy/actor/lib/io/test/auto/DirectoryListingRecursive.xml
----------------- Instantiating /home/travis/build/icyphy/ptII/ptolemy/actor/lib/io/test/auto/DirectoryListingRecursive.xml
8 ms. Memory: 146944K Free: 110966K (76%)
----------------- Invoking toplevel() on ptolemy.moml.MoMLSimpleApplication@66a71fac
----------------- Done invoking toplevel() on ptolemy.moml.MoMLSimpleApplication@66a71fac
reloadAllAccessors: .DirectoryListingRecursive

===========================================================================================
----------------- testing Mon Jun 10 04:28:22 UTC 2019 /home/travis/build/icyphy/ptII/ptolemy/actor/lib/io/test/auto/DirectoryListingRelative.xml
----------------- Instantiating /home/travis/build/icyphy/ptII/ptolemy/actor/lib/io/test/auto/DirectoryListingRelative.xml
5 ms. Memory: 146944K Free: 107191K (73%)
----------------- Invoking toplevel() on ptolemy.moml.MoMLSimpleApplication@5e802db2
----------------- Done invoking toplevel() on ptolemy.moml.MoMLSimpleApplication@5e802db2
reloadAllAccessors: .DirectoryListingRelative

===========================================================================================
----------------- testing Mon Jun 10 04:28:22 UTC 2019 /home/travis/build/icyphy/ptII/ptolemy/actor/lib/io/test/auto/DirectoryListingURL.xml
----------------- Instantiating /home/travis/build/icyphy/ptII/ptolemy/actor/lib/io/test/auto/DirectoryListingURL.xml
1021 ms. Memory: 146944K Free: 80848K (55%)
----------------- Invoking toplevel() on ptolemy.moml.MoMLSimpleApplication@7b941a95
----------------- Done invoking toplevel() on ptolemy.moml.MoMLSimpleApplication@7b941a95
reloadAllAccessors: .DirectoryListingURL

===========================================================================================
----------------- testing Mon Jun 10 04:28:23 UTC 2019 /home/travis/build/icyphy/ptII/ptolemy/actor/lib/io/test/auto/DirectoryListingURLPattern.xml
----------------- Instantiating /home/travis/build/icyphy/ptII/ptolemy/actor/lib/io/test/auto/DirectoryListingURLPattern.xml
443 ms. Memory: 146944K Free: 132578K (90%)
----------------- Invoking toplevel() on ptolemy.moml.MoMLSimpleApplication@76a66fa5
----------------- Done invoking toplevel() on ptolemy.moml.MoMLSimpleApplication@76a66fa5
reloadAllAccessors: .DirectoryListingURLPattern

===========================================================================================
----------------- testing Mon Jun 10 04:28:23 UTC 2019 /home/travis/build/icyphy/ptII/ptolemy/actor/lib/io/test/auto/FileReader.xml
----------------- Instantiating /home/travis/build/icyphy/ptII/ptolemy/actor/lib/io/test/auto/FileReader.xml
10 ms. Memory: 146944K Free: 127631K (87%)
----------------- Invoking toplevel() on ptolemy.moml.MoMLSimpleApplication@2212d6eb
----------------- Done invoking toplevel() on ptolemy.moml.MoMLSimpleApplication@2212d6eb
reloadAllAccessors: .FileReader

===========================================================================================
----------------- testing Mon Jun 10 04:28:23 UTC 2019 /home/travis/build/icyphy/ptII/ptolemy/actor/lib/io/test/auto/ReadCSV1.xml
----------------- Instantiating /home/travis/build/icyphy/ptII/ptolemy/actor/lib/io/test/auto/ReadCSV1.xml
10 ms. Memory: 146944K Free: 124250K (85%)
----------------- Invoking toplevel() on ptolemy.moml.MoMLSimpleApplication@4a2ea455
----------------- Done invoking toplevel() on ptolemy.moml.MoMLSimpleApplication@4a2ea455
reloadAllAccessors: .ReadCSV1

===========================================================================================
----------------- testing Mon Jun 10 04:28:23 UTC 2019 /home/travis/build/icyphy/ptII/ptolemy/actor/lib/io/test/auto/ReadCSV2.xml
----------------- Instantiating /home/travis/build/icyphy/ptII/ptolemy/actor/lib/io/test/auto/ReadCSV2.xml
5 ms. Memory: 146944K Free: 120917K (82%)
----------------- Invoking toplevel() on ptolemy.moml.MoMLSimpleApplication@7a5b4eb
----------------- Done invoking toplevel() on ptolemy.moml.MoMLSimpleApplication@7a5b4eb
reloadAllAccessors: .ReadCSV2

===========================================================================================
----------------- testing Mon Jun 10 04:28:23 UTC 2019 /home/travis/build/icyphy/ptII/ptolemy/actor/lib/io/test/auto/ReadCSV3.xml
----------------- Instantiating /home/travis/build/icyphy/ptII/ptolemy/actor/lib/io/test/auto/ReadCSV3.xml
4 ms. Memory: 146944K Free: 117576K (80%)
----------------- Invoking toplevel() on ptolemy.moml.MoMLSimpleApplication@35c15092
----------------- Done invoking toplevel() on ptolemy.moml.MoMLSimpleApplication@35c15092
reloadAllAccessors: .ReadCSV3

===========================================================================================
----------------- testing Mon Jun 10 04:28:23 UTC 2019 /home/travis/build/icyphy/ptII/ptolemy/actor/lib/io/test/auto/ReadCSV4.xml
----------------- Instantiating /home/travis/build/icyphy/ptII/ptolemy/actor/lib/io/test/auto/ReadCSV4.xml
5 ms. Memory: 146944K Free: 113504K (77%)
----------------- Invoking toplevel() on ptolemy.moml.MoMLSimpleApplication@7cb7b815
----------------- Done invoking toplevel() on ptolemy.moml.MoMLSimpleApplication@7cb7b815
reloadAllAccessors: .ReadCSV4

===========================================================================================
----------------- testing Mon Jun 10 04:28:23 UTC 2019 /home/travis/build/icyphy/ptII/ptolemy/actor/lib/io/test/auto/ReadCSV5.xml
----------------- Instantiating /home/travis/build/icyphy/ptII/ptolemy/actor/lib/io/test/auto/ReadCSV5.xml
13 ms. Memory: 146944K Free: 110227K (75%)
----------------- Invoking toplevel() on ptolemy.moml.MoMLSimpleApplication@705ed66f
----------------- Done invoking toplevel() on ptolemy.moml.MoMLSimpleApplication@705ed66f
reloadAllAccessors: .ReadCSV5

===========================================================================================
----------------- testing Mon Jun 10 04:28:23 UTC 2019 /home/travis/build/icyphy/ptII/ptolemy/actor/lib/io/test/auto/ReadCSV6.xml
----------------- Instantiating /home/travis/build/icyphy/ptII/ptolemy/actor/lib/io/test/auto/ReadCSV6.xml
8 ms. Memory: 146944K Free: 106934K (73%)
----------------- Invoking toplevel() on ptolemy.moml.MoMLSimpleApplication@7913dab0
----------------- Done invoking toplevel() on ptolemy.moml.MoMLSimpleApplication@7913dab0
reloadAllAccessors: .ReadCSV6

===========================================================================================
----------------- testing Mon Jun 10 04:28:23 UTC 2019 /home/travis/build/icyphy/ptII/ptolemy/actor/lib/io/test/auto/ReadCSV7.xml
----------------- Instantiating /home/travis/build/icyphy/ptII/ptolemy/actor/lib/io/test/auto/ReadCSV7.xml
7 ms. Memory: 146944K Free: 103247K (70%)
----------------- Invoking toplevel() on ptolemy.moml.MoMLSimpleApplication@59e77fa3
----------------- Done invoking toplevel() on ptolemy.moml.MoMLSimpleApplication@59e77fa3
reloadAllAccessors: .ReadCSV7

===========================================================================================
----------------- testing Mon Jun 10 04:28:24 UTC 2019 /home/travis/build/icyphy/ptII/ptolemy/actor/lib/io/test/auto/ReadCSV8.xml
----------------- Instantiating /home/travis/build/icyphy/ptII/ptolemy/actor/lib/io/test/auto/ReadCSV8.xml
5 ms. Memory: 146944K Free: 98363K (67%)
----------------- Invoking toplevel() on ptolemy.moml.MoMLSimpleApplication@12ad1976
----------------- Done invoking toplevel() on ptolemy.moml.MoMLSimpleApplication@12ad1976
reloadAllAccessors: .ReadCSV8

===========================================================================================
----------------- testing Mon Jun 10 04:28:24 UTC 2019 /home/travis/build/icyphy/ptII/ptolemy/actor/lib/io/test/auto/ReadCSVInSDF.xml
----------------- Instantiating /home/travis/build/icyphy/ptII/ptolemy/actor/lib/io/test/auto/ReadCSVInSDF.xml
7 ms. Memory: 146944K Free: 95038K (65%)
----------------- Invoking toplevel() on ptolemy.moml.MoMLSimpleApplication@447efe5b
----------------- Done invoking toplevel() on ptolemy.moml.MoMLSimpleApplication@447efe5b
reloadAllAccessors: .ReadCSVInSDF

===========================================================================================
----------------- testing Mon Jun 10 04:28:24 UTC 2019 /home/travis/build/icyphy/ptII/ptolemy/actor/lib/io/test/auto/ReadCSVInSDFinSDF.xml
----------------- Instantiating /home/travis/build/icyphy/ptII/ptolemy/actor/lib/io/test/auto/ReadCSVInSDFinSDF.xml
5 ms. Memory: 146944K Free: 90091K (61%)
----------------- Invoking toplevel() on ptolemy.moml.MoMLSimpleApplication@4b23c182
----------------- Done invoking toplevel() on ptolemy.moml.MoMLSimpleApplication@4b23c182
reloadAllAccessors: .ReadCSVInSDFinSDF

===========================================================================================
----------------- testing Mon Jun 10 04:28:24 UTC 2019 /home/travis/build/icyphy/ptII/ptolemy/actor/lib/io/test/auto/ReadFileOver.xml
----------------- Instantiating /home/travis/build/icyphy/ptII/ptolemy/actor/lib/io/test/auto/ReadFileOver.xml
This
is
a
test
text
data
file.
This
is
a
test
text
data
file.
162 ms. Memory: 185344K Free: 173257K (93%)
----------------- Invoking toplevel() on ptolemy.moml.MoMLSimpleApplication@4bb1ba9d
----------------- Done invoking toplevel() on ptolemy.moml.MoMLSimpleApplication@4bb1ba9d
reloadAllAccessors: .ReadFileOver

===========================================================================================
----------------- testing Mon Jun 10 04:28:24 UTC 2019 /home/travis/build/icyphy/ptII/ptolemy/actor/lib/io/test/auto/ReadLineInClasspath.xml
----------------- Instantiating /home/travis/build/icyphy/ptII/ptolemy/actor/lib/io/test/auto/ReadLineInClasspath.xml
Below is the copyright agreement for the Ptolemy II system.

Copyright (c) 1995-2019 The Regents of the University of California.
All rights reserved.

Permission is hereby granted, without written agreement and without
license or royalty fees, to use, copy, modify, and distribute this
software and its documentation for any purpose, provided that the above
copyright notice and the following two paragraphs appear in all copies
of this software.

IN NO EVENT SHALL THE UNIVERSITY OF CALIFORNIA BE LIABLE TO ANY PARTY
FOR DIRECT, INDIRECT, SPECIAL, INCIDENTAL, OR CONSEQUENTIAL DAMAGES
ARISING OUT OF THE USE OF THIS SOFTWARE AND ITS DOCUMENTATION, EVEN IF
THE UNIVERSITY OF CALIFORNIA HAS BEEN ADVISED OF THE POSSIBILITY OF
SUCH DAMAGE.

THE UNIVERSITY OF CALIFORNIA SPECIFICALLY DISCLAIMS ANY WARRANTIES,
INCLUDING, BUT NOT LIMITED TO, THE IMPLIED WARRANTIES OF
MERCHANTABILITY AND FITNESS FOR A PARTICULAR PURPOSE. THE SOFTWARE
PROVIDED HEREUNDER IS ON AN "AS IS" BASIS, AND THE UNIVERSITY OF
CALIFORNIA HAS NO OBLIGATION TO PROVIDE MAINTENANCE, SUPPORT, UPDATES,
ENHANCEMENTS, OR MODIFICATIONS.

Ptolemy II includes the work of others, to see those copyrights, follow
the copyright link on the splash page or see copyright.htm.
7 ms. Memory: 185344K Free: 169314K (91%)
----------------- Invoking toplevel() on ptolemy.moml.MoMLSimpleApplication@175367a0
----------------- Done invoking toplevel() on ptolemy.moml.MoMLSimpleApplication@175367a0
reloadAllAccessors: .ReadLineInClasspath

===========================================================================================
----------------- testing Mon Jun 10 04:28:24 UTC 2019 /home/travis/build/icyphy/ptII/ptolemy/actor/lib/io/test/auto/ReadLineInDE.xml
----------------- Instantiating /home/travis/build/icyphy/ptII/ptolemy/actor/lib/io/test/auto/ReadLineInDE.xml
This
is
a
test
text
data
file.
25 ms. Memory: 185344K Free: 164391K (89%)
----------------- Invoking toplevel() on ptolemy.moml.MoMLSimpleApplication@49f7ebb7
----------------- Done invoking toplevel() on ptolemy.moml.MoMLSimpleApplication@49f7ebb7
reloadAllAccessors: .ReadLineInDE

===========================================================================================
----------------- testing Mon Jun 10 04:28:24 UTC 2019 /home/travis/build/icyphy/ptII/ptolemy/actor/lib/io/test/auto/ReadLineInPTII.xml
----------------- Instantiating /home/travis/build/icyphy/ptII/ptolemy/actor/lib/io/test/auto/ReadLineInPTII.xml
Below is the copyright agreement for the Ptolemy II system.

Copyright (c) 1995-2019 The Regents of the University of California.
All rights reserved.

Permission is hereby granted, without written agreement and without
license or royalty fees, to use, copy, modify, and distribute this
software and its documentation for any purpose, provided that the above
copyright notice and the following two paragraphs appear in all copies
of this software.

IN NO EVENT SHALL THE UNIVERSITY OF CALIFORNIA BE LIABLE TO ANY PARTY
FOR DIRECT, INDIRECT, SPECIAL, INCIDENTAL, OR CONSEQUENTIAL DAMAGES
ARISING OUT OF THE USE OF THIS SOFTWARE AND ITS DOCUMENTATION, EVEN IF
THE UNIVERSITY OF CALIFORNIA HAS BEEN ADVISED OF THE POSSIBILITY OF
SUCH DAMAGE.

THE UNIVERSITY OF CALIFORNIA SPECIFICALLY DISCLAIMS ANY WARRANTIES,
INCLUDING, BUT NOT LIMITED TO, THE IMPLIED WARRANTIES OF
MERCHANTABILITY AND FITNESS FOR A PARTICULAR PURPOSE. THE SOFTWARE
PROVIDED HEREUNDER IS ON AN "AS IS" BASIS, AND THE UNIVERSITY OF
CALIFORNIA HAS NO OBLIGATION TO PROVIDE MAINTENANCE, SUPPORT, UPDATES,
ENHANCEMENTS, OR MODIFICATIONS.

Ptolemy II includes the work of others, to see those copyrights, follow
the copyright link on the splash page or see copyright.htm.
5 ms. Memory: 185344K Free: 161595K (87%)
----------------- Invoking toplevel() on ptolemy.moml.MoMLSimpleApplication@3375fa52
----------------- Done invoking toplevel() on ptolemy.moml.MoMLSimpleApplication@3375fa52
reloadAllAccessors: .ReadLineInPTII

===========================================================================================
----------------- testing Mon Jun 10 04:28:24 UTC 2019 /home/travis/build/icyphy/ptII/ptolemy/actor/lib/io/test/auto/ReadLineInSDF.xml
----------------- Instantiating /home/travis/build/icyphy/ptII/ptolemy/actor/lib/io/test/auto/ReadLineInSDF.xml
32 ms. Memory: 185344K Free: 158319K (85%)
----------------- Invoking toplevel() on ptolemy.moml.MoMLSimpleApplication@1a1588ae
----------------- Done invoking toplevel() on ptolemy.moml.MoMLSimpleApplication@1a1588ae
reloadAllAccessors: .ReadLineInSDF

===========================================================================================
----------------- testing Mon Jun 10 04:28:24 UTC 2019 /home/travis/build/icyphy/ptII/ptolemy/actor/lib/io/test/auto/ReadLineInSameDirectory.xml
----------------- Instantiating /home/travis/build/icyphy/ptII/ptolemy/actor/lib/io/test/auto/ReadLineInSameDirectory.xml
<?xml version="1.0" standalone="no"?>
<!DOCTYPE entity PUBLIC "-//UC Berkeley//DTD MoML 1//EN"
    "http://ptolemy.eecs.berkeley.edu/xml/dtd/MoML_1.dtd">
<entity name="ReadLineInSameDirectory" class="ptolemy.actor.TypedCompositeActor">
    <property name="_createdBy" class="ptolemy.kernel.attributes.VersionAttribute" value="9.1.devel">
    </property>
    <property name="SDF Director" class="ptolemy.domains.sdf.kernel.SDFDirector">
        <property name="iterations" class="ptolemy.data.expr.Parameter" value="0">
        </property>
        <property name="vectorizationFactor" class="ptolemy.data.expr.Parameter" value="1">
        </property>
        <property name="_location" class="ptolemy.kernel.util.Location" value="75.0, 40.0">
        </property>
    </property>
    <property name="_windowProperties" class="ptolemy.actor.gui.WindowPropertiesAttribute" value="{bounds={55, 173, 834, 634}, maximized=false}">
    </property>
    <property name="_vergilSize" class="ptolemy.actor.gui.SizeAttribute" value="[600, 524]">
    </property>
    <property name="_vergilZoomFactor" class="ptolemy.data.expr.ExpertParameter" value="1.0">
    </property>
    <property name="_vergilCenter" class="ptolemy.data.expr.ExpertParameter" value="{312.0, 263.89453125}">
    </property>
    <entity name="LineReader" class="ptolemy.actor.lib.io.LineReader">
        <property name="fileOrURL" class="ptolemy.actor.parameters.FilePortParameter" value="ReadLineInSameDirectory.xml">
        </property>
        <doc>Read one line at a time from a text file and output as a string</doc>
        <property name="_location" class="ptolemy.kernel.util.Location" value="100.0, 140.0">
        </property>
    </entity>
    <entity name="LineWriter" class="ptolemy.actor.lib.io.LineWriter">
        <property name="fileName" class="ptolemy.actor.parameters.FilePortParameter" value="System.out">
        </property>
        <doc>Write the value of a string token, one per line, to a text file.</doc>
        <property name="_location" class="ptolemy.kernel.util.Location" value="240.0, 135.0">
        </property>
    </entity>
    <relation name="relation" class="ptolemy.actor.TypedIORelation">
        <property name="width" class="ptolemy.data.expr.Parameter" value="1">
        </property>
    </relation>
    <link port="LineReader.output" relation="relation"/>
    <link port="LineWriter.input" relation="relation"/>
</entity>
15 ms. Memory: 185344K Free: 155010K (84%)
----------------- Invoking toplevel() on ptolemy.moml.MoMLSimpleApplication@55480830
----------------- Done invoking toplevel() on ptolemy.moml.MoMLSimpleApplication@55480830
reloadAllAccessors: .ReadLineInSameDirectory

===========================================================================================
----------------- testing Mon Jun 10 04:28:24 UTC 2019 /home/travis/build/icyphy/ptII/ptolemy/actor/lib/io/test/auto/ReadLineInSubDirectory.xml
----------------- Instantiating /home/travis/build/icyphy/ptII/ptolemy/actor/lib/io/test/auto/ReadLineInSubDirectory.xml
This
is
a
test
text
data
file.
13 ms. Memory: 185344K Free: 151607K (82%)
----------------- Invoking toplevel() on ptolemy.moml.MoMLSimpleApplication@2e65d24c
----------------- Done invoking toplevel() on ptolemy.moml.MoMLSimpleApplication@2e65d24c
reloadAllAccessors: .ReadLineInSubDirectory

===========================================================================================
----------------- testing Mon Jun 10 04:28:24 UTC 2019 /home/travis/build/icyphy/ptII/ptolemy/actor/lib/io/test/auto/WriteIPAddressToStdout.xml
----------------- Instantiating /home/travis/build/icyphy/ptII/ptolemy/actor/lib/io/test/auto/WriteIPAddressToStdout.xml
127.0.1.1
6 ms. Memory: 185344K Free: 149149K (80%)
----------------- Invoking toplevel() on ptolemy.moml.MoMLSimpleApplication@5d48123d
----------------- Done invoking toplevel() on ptolemy.moml.MoMLSimpleApplication@5d48123d
reloadAllAccessors: .WriteIPAddressToStdout
AutoTests.java: About to close Vertx.
AutoTests.java: Vertx closed.
]]></system-out>
  <system-err><![CDATA[]]></system-err>
</testsuite>
