<?xml version="1.0" encoding="UTF-8" ?>
<testsuite errors="0" failures="0" hostname="travis-job-acfd007f-28e2-484a-835e-73d25a918b1e" name="ptolemy.domains.de.test.junit.JUnitTclTest" skipped="0" tests="101" time="131.962" timestamp="2019-11-05T06:09:43">
  <properties>
    <property name="npm.executable" value="npm" />
    <property name="env.TRAVIS_ROOT" value="/" />
    <property name="ptII.mk.exists" value="true" />
    <property name="env.TRAVIS_APP_HOST" value="build.travis-ci.org" />
    <property name="env.rvm_bin_path" value="/home/travis/.rvm/bin" />
    <property name="java.home" value="/usr/local/lib/jvm/openjdk11" />
    <property name="env.TRAVIS_JOB_NUMBER" value="1386.9" />
    <property name="env.TRAVIS_HOME" value="/home/travis" />
    <property name="env.DISPLAY" value=":99.0" />
    <property name="env.TRAVIS_INIT" value="systemd" />
    <property name="env.SSH_TTY" value="/dev/pts/0" />
    <property name="java.net.preferIPv4Stack" value="true" />
    <property name="env.RUN_TESTS" value="true" />
    <property name="timeout.short" value="1000000" />
    <property name="junit.formatter" value="xml" />
    <property name="env.TRAVIS_SUDO" value="true" />
    <property name="env.TRAVIS_JOB_NAME" value="" />
    <property name="env.TRAVIS_STACK_NODE_ATTRIBUTES" value="/.node-attributes.yml" />
    <property name="env.LOGNAME" value="travis" />
    <property name="jsdoc.home" value="node_modules/@terraswarm/jsdoc" />
    <property name="debuglevel" value="source,lines,vars" />
    <property name="checkstyle.formatter" value="xml" />
    <property name="env._system_version" value="16.04" />
    <property name="bin.vergil.makeable" value="true" />
    <property name="sun.os.patch.level" value="unknown" />
    <property name="java.vendor.url" value="http://java.oracle.com/" />
    <property name="env.TRAVIS_BUILD_WEB_URL" value="https://travis-ci.org/icyphy/ptII/builds/607485801" />
    <property name="java.version" value="11.0.2" />
    <property name="env.TZ" value="UTC" />
    <property name="env.TRAVIS_PULL_REQUEST_SHA" value="" />
    <property name="env.PT_NO_NET" value="true" />
    <property name="env.TRAVIS_SECURE_ENV_VARS" value="true" />
    <property name="env._system_type" value="Linux" />
    <property name="java.vendor.url.bug" value="http://bugreport.java.com/bugreport/" />
    <property name="npmjs-org-is-up" value="true" />
    <property name="env.LANGUAGE" value="en_US.UTF-8" />
    <property name="env.SSH_CLIENT" value="10.16.4.41 44728 22" />
    <property name="env.GEM_HOME" value="/home/travis/.rvm/gems/ruby-2.5.3" />
    <property name="env.HAS_ANTARES_THREE_LITTLE_FRONZIES_BADGE" value="true" />
    <property name="java.version.date" value="2019-01-15" />
    <property name="env.PS4" value="+" />
    <property name="ant.project.invoked-targets" value="build,test.core2.xml" />
    <property name="env.TRAVIS_PULL_REQUEST_BRANCH" value="" />
    <property name="env.TRAVIS_REPO_SLUG" value="icyphy/ptII" />
    <property name="env.XDG_DATA_DIRS" value="/usr/local/share:/usr/share:/var/lib/snapd/desktop" />
    <property name="jdk.debug" value="release" />
    <property name="env.TRAVIS_APT_PROXY" value="http://apt.cache.travis-ci.com" />
    <property name="env.TRAVIS_CPU_ARCH" value="amd64" />
    <property name="node.in.path" value="true" />
    <property name="user.name" value="travis" />
    <property name="java.maxmemory" value="1400m" />
    <property name="env.RUBY_VERSION" value="ruby-2.5.3" />
    <property name="env.LANG" value="en_US.UTF-8" />
    <property name="sun.io.unicode.encoding" value="UnicodeLittle" />
    <property name="sun.jnu.encoding" value="UTF-8" />
    <property name="java.runtime.name" value="OpenJDK Runtime Environment" />
    <property name="usefile" value="false" />
    <property name="return.code" value="0" />
    <property name="junit.single.formatter" value="plain" />
    <property name="env.DYLD_LIBRARY_PATH" value="/home/travis/pthla/certi-tools/lib:" />
    <property name="env.DEBIAN_FRONTEND" value="noninteractive" />
    <property name="env.SSH_CONNECTION" value="10.16.4.41 44728 10.20.0.79 22" />
    <property name="env.MYSQL_UNIX_PORT" value="/var/run/mysqld/mysqld.sock" />
    <property name="env.LC_ALL" value="en_US.UTF-8" />
    <property name="env.TRAVIS_ALLOW_FAILURE" value="false" />
    <property name="env.TRAVIS_JOB_WEB_URL" value="https://travis-ci.org/icyphy/ptII/jobs/607485810" />
    <property name="java.specification.name" value="Java Platform API Specification" />
    <property name="node.works" value="true" />
    <property name="user.timezone" value="" />
    <property name="path.separator" value=":" />
    <property name="env.TRAVIS_ENABLE_INFRA_DETECTION" value="true" />
    <property name="env.PYTHON_CFLAGS" value="-g -fstack-protector --param=ssp-buffer-size=4 -Wformat -Werror=format-security" />
    <property name="timeout.long" value="4000000" />
    <property name="env.CERTI_HOME" value="/home/travis/pthla/certi-tools" />
    <property name="ant.file.ptII" value="/home/travis/build/icyphy/ptII/build.xml" />
    <property name="javadoc.packagenames" value="com.*,diva.*,lbnl.*,org.hlacerti.*,org.json.*,org.ptolemy.*,org.terraswarm.*,ptolemy.*,ptserver.*" />
    <property name="file.encoding" value="UTF-8" />
    <property name="env.TRAVIS_PULL_REQUEST_SLUG" value="" />
    <property name="ant.project.default-target" value="build" />
    <property name="env.GIT_ASKPASS" value="echo" />
    <property name="env.HOME" value="/home/travis" />
    <property name="sun.java.command" value="org.apache.tools.ant.taskdefs.optional.junit.JUnitTestRunner ptolemy.domains.de.test.junit.JUnitTclTest skipNonTests=false filtertrace=true haltOnError=false haltOnFailure=false formatter=org.apache.tools.ant.taskdefs.optional.junit.OutErrSummaryJUnitResultFormatter showoutput=true outputtoformatters=true logfailedtests=true threadid=0 logtestlistenerevents=false formatter=org.apache.tools.ant.taskdefs.optional.junit.XMLJUnitResultFormatter,/home/travis/build/icyphy/ptII/reports/junit/TEST-ptolemy.domains.de.test.junit.JUnitTclTest.xml crashfile=/home/travis/build/icyphy/ptII/junitvmwatcher9227696507015851409.properties propsfile=/home/travis/build/icyphy/ptII/junit6876408296614154415.properties" />
    <property name="env.COMPOSER_NO_INTERACTION" value="1" />
    <property name="env.MANPATH" value="/home/travis/.nvm/versions/node/v7.10.1/share/man:/home/travis/.rvm/rubies/ruby-2.5.3/share/man:/usr/local/cmake-3.12.4/man:/usr/local/clang-7.0.0/share/man:/usr/local/man:/usr/local/share/man:/usr/share/man:/home/travis/.rvm/man" />
    <property name="env.TRAVIS_TIMER_ID" value="197b2a48" />
    <property name="ant.file" value="/home/travis/build/icyphy/ptII/build.xml" />
    <property name="env.TRAVIS_COMMIT_RANGE" value="948bf656f66248ff65af09b7e6cc9885ef1f544d...4d8f235a1445b5e1cf53b20eaca7c153db736dc2" />
    <property name="env._system_name" value="Ubuntu" />
    <property name="ptII.classpath.optional.property" value="/home/travis/build/icyphy/ptII/lib/bsh-2.0b4.jar:/home/travis/build/icyphy/ptII/lib/ptCal.jar:/home/travis/build/icyphy/ptII/lib/java_cup.jar:/home/travis/build/icyphy/ptII/lib/saxon8.jar:/home/travis/build/icyphy/ptII/lib/saxon8-dom.jar:/home/travis/build/icyphy/ptII/lib/chic.jar:/home/travis/build/icyphy/ptII/lib/ptcolt.jar:/home/travis/build/icyphy/ptII/vendors/misc/itext/iText.jar:/home/travis/build/icyphy/ptII/lib/g4ltl.jar:/home/travis/build/icyphy/ptII/lib/StructuralCoder.jar:/home/travis/build/icyphy/ptII/lib/jcerti.jar:/home/travis/build/icyphy/ptII/lib/javax.mail.jar:/home/travis/build/icyphy/ptII/vendors/JMF-2.1.1e/lib/jmf.jar:/home/travis/build/icyphy/ptII/lib/jna-4.0.0-variadic.jar:/home/travis/build/icyphy/ptII/vendors/misc/joystick/Joystick.jar:/home/travis/build/icyphy/ptII/lib/ptjacl.jar:/home/travis/build/icyphy/ptII/lib/jsoup-1.8.2.jar:/home/travis/build/icyphy/ptII/lib/junit-4.8.2.jar:/home/travis/build/icyphy/ptII/lib/JUnitParams-0.4.0.jar:/home/travis/build/icyphy/ptII/ptolemy/actor/lib/excel/jxl.jar:/home/travis/build/icyphy/ptII/lib/jython.jar:/home/travis/build/icyphy/ptII/lib/kieler.jar:/home/travis/build/icyphy/ptII/vendors/opencv/share/OpenCV/java/opencv-341.jar:/home/travis/build/icyphy/ptII/lib/oscP5.jar:/home/travis/build/icyphy/ptII/lib/nrjavaserial-3.11.0.devel.jar:/home/travis/build/icyphy/ptII/vendors/j3d/lib/Linux/j3dcore.jar:/home/travis/build/icyphy/ptII/vendors/j3d/lib/Linux/j3dutils.jar:/home/travis/build/icyphy/ptII/vendors/j3d/lib/Linux/vecmath.jar:/home/travis/build/icyphy/ptII/vendors/jogl/lib/Linux/gluegen-rt-natives-linux-amd64.jar:/home/travis/build/icyphy/ptII/vendors/jogl/lib/Linux/gluegen-rt.jar:/home/travis/build/icyphy/ptII/vendors/jogl/lib/Linux/jogl-all-natives-linux-amd64.jar:/home/travis/build/icyphy/ptII/vendors/jogl/lib/Linux/jogl-all.jar:/home/travis/build/icyphy/ptII/ptolemy/distributed/jini/jar/jini-core.jar:/home/travis/build/icyphy/ptII/ptolemy/distributed/jini/jar/jini-ext.jar:/home/travis/build/icyphy/ptII/ptolemy/distributed/jini/jar/sun-util.jar:/home/travis/build/icyphy/ptII/lib/protobuf-java-2.4.1.jar:/home/travis/build/icyphy/ptII/lib/org.eclipse.paho.client.mqttv3.jar:/home/travis/build/icyphy/ptII/lib/mapss.jar:/home/travis/build/icyphy/ptII/ptolemy/actor/ptalon/antlr/antlr.jar:/home/travis/build/icyphy/ptII/lib/JRI.jar:/home/travis/build/icyphy/ptII/lib/commons-lang-2.6.jar:/home/travis/build/icyphy/ptII/lib/commons-logging-1.1.1.jar:/home/travis/build/icyphy/ptII/lib/sootclasses.jar:/home/travis/build/icyphy/ptII/ptolemy/actor/lib/database/mysql-connector-java-5.1.6-bin.jar:/home/travis/build/icyphy/ptII/vendors/misc/sphinx4/sphinx4-data-5prealpha.jar:/home/travis/build/icyphy/ptII/vendors/misc/sphinx4/sphinx4-core-5prealpha.jar:/home/travis/build/icyphy/ptII/lib/PDFRenderer.jar:/home/travis/build/icyphy/ptII/lib/svgSalamander.jar:/home/travis/build/icyphy/ptII/lib/rsyntaxtextarea-2.6.0-SNAPSHOT.jar:/home/travis/build/icyphy/ptII/lib/hazelcast-3.8.2.jar:/home/travis/build/icyphy/ptII/lib/jackson-annotations-2.9.0.jar:/home/travis/build/icyphy/ptII/lib/jackson-core-2.9.3.jar:/home/travis/build/icyphy/ptII/lib/jackson-databind-2.9.3.jar:/home/travis/build/icyphy/ptII/lib/netty-buffer-4.1.19.Final.jar:/home/travis/build/icyphy/ptII/lib/netty-codec-4.1.19.Final.jar:/home/travis/build/icyphy/ptII/lib/netty-codec-dns-4.1.19.Final.jar:/home/travis/build/icyphy/ptII/lib/netty-codec-http-4.1.19.Final.jar:/home/travis/build/icyphy/ptII/lib/netty-codec-http2-4.1.19.Final.jar:/home/travis/build/icyphy/ptII/lib/netty-common-4.1.19.Final.jar:/home/travis/build/icyphy/ptII/lib/netty-handler-4.1.19.Final.jar:/home/travis/build/icyphy/ptII/lib/netty-resolver-4.1.19.Final.jar:/home/travis/build/icyphy/ptII/lib/netty-resolver-dns-4.1.19.Final.jar:/home/travis/build/icyphy/ptII/lib/netty-transport-4.1.19.Final.jar:/home/travis/build/icyphy/ptII/lib/vertx-codegen-3.5.1.jar:/home/travis/build/icyphy/ptII/lib/vertx-core-3.5.2-SNAPSHOT.jar:/home/travis/build/icyphy/ptII/lib/vertx-hazelcast-3.5.1.jar:/home/travis/build/icyphy/ptII/lib/vertx-lang-js-3.5.1.jar:/home/travis/build/icyphy/ptII/lib/vertx-service-proxy-3.5.1.jar:/home/travis/build/icyphy/ptII/lib/vertx-web-3.5.1.jar:/home/travis/build/icyphy/ptII/lib/slf4j-api-1.7.13.jar:/home/travis/build/icyphy/ptII/lib/slf4j-simple-1.7.13.jar:/home/travis/build/icyphy/ptII/lib/webcam-capture-0.3.12.jar:/home/travis/build/icyphy/ptII/lib/bridj-0.7.0.jar:/home/travis/build/icyphy/ptII/lib/xbjlib-1.1.0.nrjavaserial.jar" />
    <property name="timeout" value="2400000" />
    <property name="test.batch" value="**/junit/*.java" />
    <property name="env._" value="/usr/bin/timeout" />
    <property name="java.io.tmpdir" value="/tmp" />
    <property name="user.language" value="en" />
    <property name="env.TRAVIS_INTERNAL_RUBY_REGEX" value="^ruby-(2\.[0-4]\.[0-9]|1\.9\.3)" />
    <property name="env.HISTCONTROL" value="ignoredups:ignorespace" />
    <property name="env.GOROOT" value="/home/travis/.gimme/versions/go1.11.1.linux.amd64" />
    <property name="line.separator" value="&#xa;" />
    <property name="target" value="11" />
    <property name="env.TRAVIS_BUILD_DIR" value="/home/travis/build/icyphy/ptII" />
    <property name="env.ANT_OPTS" value="-Xmx2048m" />
    <property name="ant.file.type" value="file" />
    <property name="ptolemy.ptII.batchMode" value="true" />
    <property name="env.HISTSIZE" value="1000" />
    <property name="env.MERB_ENV" value="test" />
    <property name="java.vm.info" value="mixed mode" />
    <property name="source" value="11" />
    <property name="java.vm.specification.name" value="Java Virtual Machine Specification" />
    <property name="env.TRAVIS_TEST_RESULT" value="0" />
    <property name="jsdoc.command" value="node_modules/@terraswarm/jsdoc/jsdoc.js" />
    <property name="npm.works" value="true" />
    <property name="cobertura.dir" value="/home/travis/build/icyphy/ptII/vendors/cobertura-2.0.3" />
    <property name="jsdoc.command.exists" value="true" />
    <property name="env.rvm_path" value="/home/travis/.rvm" />
    <property name="env.GEM_PATH" value="/home/travis/.rvm/gems/ruby-2.5.3:/home/travis/.rvm/gems/ruby-2.5.3@global" />
    <property name="env.LC_CTYPE" value="en_US.UTF-8" />
    <property name="env.TRAVIS_CMD" value="$PTII/bin/ptIITravisBuild.sh $SECONDS" />
    <property name="java.awt.printerjob" value="sun.print.PSPrinterJob" />
    <property name="env.TRAVIS_STACK_NAME" value="sardonyx" />
    <property name="env.TRAVIS_TIMER_START_TIME" value="1572933943306018571" />
    <property name="ant.version" value="Apache Ant(TM) version 1.10.1 compiled on February 2 2017" />
    <property name="ptII.reports" value="/home/travis/build/icyphy/ptII/reports" />
    <property name="env.TRAVIS_STACK_TIMESTAMP" value="2019-03-25 16:16:56 UTC" />
    <property name="ant.file.type.ptII" value="file" />
    <property name="env.RBENV_SHELL" value="bash" />
    <property name="os.name" value="Linux" />
    <property name="java.specification.vendor" value="Oracle Corporation" />
    <property name="env.rvm_version" value="1.29.7 (latest)" />
    <property name="env.TRAVIS_INFRA" value="gce" />
    <property name="env.TERM" value="xterm" />
    <property name="java.vm.name" value="OpenJDK 64-Bit Server VM" />
    <property name="env.TRAVIS_BUILD_NUMBER" value="1386" />
    <property name="env.CI" value="true" />
    <property name="java.library.path" value="/home/travis/pthla/certi-tools/lib:/usr/lib/jni:/usr/local/share/OpenCV/java/:/usr/share/OpenCV/java::/usr/java/packages/lib:/usr/lib64:/lib64:/lib:/usr/lib" />
    <property name="jdk.module.path" value="/home/travis/build/icyphy/ptII/vendors/javafx/javafx-sdk-11.0.2/lib:" />
    <property name="env.rvm_prefix" value="/home/travis" />
    <property name="env.PATH" value="/home/travis/pthla/certi-tools/share/scripts:/home/travis/.rvm/gems/ruby-2.5.3/bin:/home/travis/.rvm/gems/ruby-2.5.3@global/bin:/home/travis/.rvm/rubies/ruby-2.5.3/bin:/home/travis/.rvm/bin:/home/travis/.nvm/versions/node/v7.10.1/bin:./node_modules/.bin:/home/travis/build/icyphy/ptII/bin:/home/travis/pthla/certi-tools/bin:/home/travis/bin:/home/travis/.local/bin:/usr/local/lib/jvm/openjdk11/bin:/opt/pyenv/shims:/home/travis/.phpenv/shims:/home/travis/perl5/perlbrew/bin:/home/travis/gopath/bin:/home/travis/.gimme/versions/go1.11.1.linux.amd64/bin:/usr/local/maven-3.6.0/bin:/usr/local/cmake-3.12.4/bin:/usr/local/clang-7.0.0/bin:/usr/local/sbin:/usr/local/bin:/usr/sbin:/usr/bin:/sbin:/bin:/snap/bin:/home/travis/.phpenv/bin:/opt/pyenv/bin:/home/travis/.yarn/bin" />
    <property name="env.TRAVIS_OS_NAME" value="linux" />
    <property name="ant.java.version" value="9" />
    <property name="basedir" value="/home/travis/build/icyphy/ptII" />
    <property name="java.class.version" value="55.0" />
    <property name="env.SHLVL" value="3" />
    <property name="env.LD_LIBRARY_PATH" value="/home/travis/pthla/certi-tools/lib:/usr/lib/jni:/usr/local/share/OpenCV/java/:/usr/share/OpenCV/java:" />
    <property name="env.RACK_ENV" value="test" />
    <property name="ant.home" value="/home/travis/build/icyphy/ptII/ant" />
    <property name="env.NVM_DIR" value="/home/travis/.nvm" />
    <property name="env.CERTI_FOM_PATH" value="/home/travis/pthla/certi-tools/share/federations" />
    <property name="env.TRAVIS_BUILD_ID" value="607485801" />
    <property name="env.PYENV_ROOT" value="/opt/pyenv" />
    <property name="env.TRAVIS_UID" value="2000" />
    <property name="prism.verbose" value="true" />
    <property name="env.NVM_BIN" value="/home/travis/.nvm/versions/node/v7.10.1/bin" />
    <property name="env.TRAVIS_COMMIT" value="4d8f235a1445b5e1cf53b20eaca7c153db736dc2" />
    <property name="env._system_arch" value="x86_64" />
    <property name="node.executable" value="node" />
    <property name="sun.boot.library.path" value="/usr/local/lib/jvm/openjdk11/lib" />
    <property name="sun.management.compiler" value="HotSpot 64-Bit Tiered Compilers" />
    <property name="java.awt.graphicsenv" value="sun.awt.X11GraphicsEnvironment" />
    <property name="env.GOPATH" value="/home/travis/gopath" />
    <property name="ptolemy.ptII.dir" value="/home/travis/build/icyphy/ptII" />
    <property name="env.USER" value="travis" />
    <property name="env.HISTFILESIZE" value="2000" />
    <property name="timeout.longest" value="19000000" />
    <property name="env.PERLBREW_SHELLRC_VERSION" value="0.86" />
    <property name="env.TRAVIS_STACK_FEATURES" value="basic couchdb disabled-ipv6 docker docker-compose elasticsearch firefox go-toolchain google-chrome jdk memcached mongodb mysql nodejs_interpreter perl_interpreter perlbrew phantomjs postgresql python_interpreter redis ruby_interpreter sqlite xserver" />
    <property name="env.TRAVIS_PULL_REQUEST" value="false" />
    <property name="env.PYENV_SHELL" value="bash" />
    <property name="ant.project.name" value="ptII" />
    <property name="env.ANSI_RESET" value="\033[0m" />
    <property name="java.vm.specification.version" value="11" />
    <property name="env.TRAVIS_DIST" value="xenial" />
    <property name="env.CERTI_VERSION" value="4.0.0" />
    <property name="env.CERTI_HOST" value="localhost" />
    <property name="awt.toolkit" value="sun.awt.X11.XToolkit" />
    <property name="env.MY_RUBY_HOME" value="/home/travis/.rvm/rubies/ruby-2.5.3" />
    <property name="sun.cpu.isalist" value="" />
    <property name="env.TRAVIS_TMPDIR" value="/tmp/tmp.pomDKjIgrr" />
    <property name="java.vm.compressedOopsMode" value="Zero based" />
    <property name="os.version" value="4.15.0-1028-gcp" />
    <property name="user.home" value="/home/travis" />
    <property name="java.vm.vendor" value="Oracle Corporation" />
    <property name="env.TRAVIS_TAG" value="nightly" />
    <property name="env.ANSI_YELLOW" value="\033[33;1m" />
    <property name="env.TRAVIS_FILTERED" value="redirect_io" />
    <property name="env.ANSI_GREEN" value="\033[32;1m" />
    <property name="env.JAVA_HOME" value="/usr/local/lib/jvm/openjdk11" />
    <property name="javadoc.excludepackagenames" value="adm.cvs2svn.*,build.*,config.*,doc.coding.templates.*,jni.test.jni.meaningOfLife.*,jni.test.jni.testDeux.*,jni.test.jni.testTrois.*,org.terraswarm.accessor.accessors.web.node_modules.*,org.terraswarm.accessor.accessors.web.hosts.cordova.demo.*,org.terraswarm.accessor.accessors.web.hosts.cordova.plugins.*,org.terraswarm.accessor.accessors-svn.*,pt-modules.*,ptolemy.apps.agilent.*,ptolemy.apps.anytimecontrol.*,ptolemy.apps.apes.*,ptolemy.apps.charon.*,ptolemy.apps.crazyboard.*,ptolemy.apps.eclipse.*,ptolemy.apps.etherealSting.*,ptolemy.apps.fullscreen.*,ptolemy.apps.giotto.*,ptolemy.apps.ia.*,ptolemy.apps.interfaces.*,ptolemy.apps.jmf.*,ptolemy.apps.kurt.*,ptolemy.apps.kvm.*,ptolemy.apps.lego.*,ptolemy.apps.lejos.*,ptolemy.apps.midp.*,ptolemy.apps.mobileCoding.*,ptolemy.apps.pendulum.*,ptolemy.apps.rijndael.*,ptolemy.apps.robot.*,ptolemy.apps.security.*,ptolemy.apps.sobel.*,ptolemy.apps.soot.*,ptolemy.apps.throttle.*,ptolemy.apps.tini.*,ptolemy.apps.transmission.*,ptolemy.apps.vergil.*,ptolemy.apps.waba.*,ptolemy.apps.websensor.*,ptolemy.apps.webstart.*,ptolemy.apps.xsl.*,ptolemy.apps.zaurus.*,ptolemy.codegen.c.actor.lib.oldJavaFiles.*,ptolemy.codegen.dsp.lib.*,ptolemy.codegen.kernel.newInterfaces.*,ptolemy.codegen.lib.*,ptolemy.copernicus.kernel.fragment.*,ptolemy.copernicus.shallow.cg.*,ptolemy.domains.giotto.demo.Hierarchy.Hierarchy.*,ptolemy.domains.giotto.demo.Multimode.Multimode.*,ptolemy.domains.giotto.demo.Simple.Simple.*,ptolemy.domains.gr.lib.experimental.*,ptolemy.domains.gro.*,ptolemy.domains.pdf.*,ptolemy.domains.ptinyos.demo.Surge.output.*,ptolemy.moml.test.NoPackageActor.java*,ptolemy.plot.adm.*,ptolemy.plot.servlet.*,reports.*,signed.*,src.*,target.*,vendors.*,ptolemy.copernicus.applet.*,ptolemy.media.viewer.*,ptolemy.actor.corba.*,doc.doclets.*,ptolemy.apps.eclipse.awt.*,ptolemy.backtrack.*,ptolemy.backtrack.ast.*,ptolemy.cg.adapter.generic.program.procedural.c.mbed*,ptolemy.homer.*,ptolemy.actor.lib.jai.*,org.ptolemy.scala.*,diva.util.java2d.svg.*,ptolemy.domains.ptinyos.*,ptolemy.actor.lib.fmi.fmipp.*,,org.terraswarm.accessor.accessors.web.node_modules.*,org.terraswarm.accessor.accessors-svn,ptolemy.apps.*,ptolemy.actor.ptalon.demo.ptinyos.SendAndReceiveCnt.output,ptolemy.actor.ptalon.demo.ptinyos.SenseToLeds.output,ptolemy.domains.ptinyos.demo.CntToLedsAndRfm.output,ptolemy.domains.ptinyos.demo.RfmToLeds.output,ptolemy.domains.ptinyos.demo.SendAndReceiveCnt.output,ptolemy.domains.ptinyos.demo.SenseToLeds.output,ptolemy.actor.lib.jjs.modules.udpSocket.*" />
    <property name="env.PTII" value="/home/travis/build/icyphy/ptII" />
    <property name="env.XDG_SESSION_ID" value="2" />
    <property name="keystore" value="ptKeystore" />
    <property name="env.TRAVIS_COMMIT_MESSAGE" value="Updated occupancy" />
    <property name="junit.output.dir" value="/home/travis/build/icyphy/ptII/reports/junit" />
    <property name="npm.return.code" value="0" />
    <property name="user.dir" value="/home/travis/build/icyphy/ptII/ptolemy/domains/de/test" />
    <property name="env.TRAVIS_NODE_VERSION" value="7" />
    <property name="env.TRAVIS_EVENT_TYPE" value="cron" />
    <property name="env.MAIL" value="/var/mail/travis" />
    <property name="env.PERLBREW_ROOT" value="/home/travis/perl5/perlbrew" />
    <property name="env.PWD" value="/home/travis/build/icyphy/ptII" />
    <property name="timeout.npm" value="45000" />
    <property name="env.PT_TRAVIS_TEST_CORE2_XML" value="true" />
    <property name="env.TRAVIS_ARCH" value="amd64" />
    <property name="sun.cpu.endian" value="little" />
    <property name="env.PAGER" value="cat" />
    <property name="env.TRAVIS_BUILD_STAGE_NAME" value="Test" />
    <property name="env.PERLBREW_HOME" value="/home/travis/.perlbrew" />
    <property name="java.vm.version" value="11.0.2+9" />
    <property name="env.RAILS_ENV" value="test" />
    <property name="java.class.path" value="/home/travis/build/icyphy/ptII:/home/travis/build/icyphy/ptII/lib/bsh-2.0b4.jar:/home/travis/build/icyphy/ptII/lib/ptCal.jar:/home/travis/build/icyphy/ptII/lib/java_cup.jar:/home/travis/build/icyphy/ptII/lib/saxon8.jar:/home/travis/build/icyphy/ptII/lib/saxon8-dom.jar:/home/travis/build/icyphy/ptII/lib/chic.jar:/home/travis/build/icyphy/ptII/lib/ptcolt.jar:/home/travis/build/icyphy/ptII/vendors/misc/itext/iText.jar:/home/travis/build/icyphy/ptII/lib/g4ltl.jar:/home/travis/build/icyphy/ptII/lib/StructuralCoder.jar:/home/travis/build/icyphy/ptII/lib/jcerti.jar:/home/travis/build/icyphy/ptII/lib/javax.mail.jar:/home/travis/build/icyphy/ptII/vendors/JMF-2.1.1e/lib/jmf.jar:/home/travis/build/icyphy/ptII/lib/jna-4.0.0-variadic.jar:/home/travis/build/icyphy/ptII/vendors/misc/joystick/Joystick.jar:/home/travis/build/icyphy/ptII/lib/ptjacl.jar:/home/travis/build/icyphy/ptII/lib/jsoup-1.8.2.jar:/home/travis/build/icyphy/ptII/lib/junit-4.8.2.jar:/home/travis/build/icyphy/ptII/lib/JUnitParams-0.4.0.jar:/home/travis/build/icyphy/ptII/ptolemy/actor/lib/excel/jxl.jar:/home/travis/build/icyphy/ptII/lib/jython.jar:/home/travis/build/icyphy/ptII/lib/kieler.jar:/home/travis/build/icyphy/ptII/vendors/opencv/share/OpenCV/java/opencv-341.jar:/home/travis/build/icyphy/ptII/lib/oscP5.jar:/home/travis/build/icyphy/ptII/lib/nrjavaserial-3.11.0.devel.jar:/home/travis/build/icyphy/ptII/vendors/j3d/lib/Linux/j3dcore.jar:/home/travis/build/icyphy/ptII/vendors/j3d/lib/Linux/j3dutils.jar:/home/travis/build/icyphy/ptII/vendors/j3d/lib/Linux/vecmath.jar:/home/travis/build/icyphy/ptII/vendors/jogl/lib/Linux/gluegen-rt-natives-linux-amd64.jar:/home/travis/build/icyphy/ptII/vendors/jogl/lib/Linux/gluegen-rt.jar:/home/travis/build/icyphy/ptII/vendors/jogl/lib/Linux/jogl-all-natives-linux-amd64.jar:/home/travis/build/icyphy/ptII/vendors/jogl/lib/Linux/jogl-all.jar:/home/travis/build/icyphy/ptII/ptolemy/distributed/jini/jar/jini-core.jar:/home/travis/build/icyphy/ptII/ptolemy/distributed/jini/jar/jini-ext.jar:/home/travis/build/icyphy/ptII/ptolemy/distributed/jini/jar/sun-util.jar:/home/travis/build/icyphy/ptII/lib/protobuf-java-2.4.1.jar:/home/travis/build/icyphy/ptII/lib/org.eclipse.paho.client.mqttv3.jar:/home/travis/build/icyphy/ptII/lib/mapss.jar:/home/travis/build/icyphy/ptII/ptolemy/actor/ptalon/antlr/antlr.jar:/home/travis/build/icyphy/ptII/lib/JRI.jar:/home/travis/build/icyphy/ptII/lib/commons-lang-2.6.jar:/home/travis/build/icyphy/ptII/lib/commons-logging-1.1.1.jar:/home/travis/build/icyphy/ptII/lib/sootclasses.jar:/home/travis/build/icyphy/ptII/ptolemy/actor/lib/database/mysql-connector-java-5.1.6-bin.jar:/home/travis/build/icyphy/ptII/vendors/misc/sphinx4/sphinx4-data-5prealpha.jar:/home/travis/build/icyphy/ptII/vendors/misc/sphinx4/sphinx4-core-5prealpha.jar:/home/travis/build/icyphy/ptII/lib/PDFRenderer.jar:/home/travis/build/icyphy/ptII/lib/svgSalamander.jar:/home/travis/build/icyphy/ptII/lib/rsyntaxtextarea-2.6.0-SNAPSHOT.jar:/home/travis/build/icyphy/ptII/lib/hazelcast-3.8.2.jar:/home/travis/build/icyphy/ptII/lib/jackson-annotations-2.9.0.jar:/home/travis/build/icyphy/ptII/lib/jackson-core-2.9.3.jar:/home/travis/build/icyphy/ptII/lib/jackson-databind-2.9.3.jar:/home/travis/build/icyphy/ptII/lib/netty-buffer-4.1.19.Final.jar:/home/travis/build/icyphy/ptII/lib/netty-codec-4.1.19.Final.jar:/home/travis/build/icyphy/ptII/lib/netty-codec-dns-4.1.19.Final.jar:/home/travis/build/icyphy/ptII/lib/netty-codec-http-4.1.19.Final.jar:/home/travis/build/icyphy/ptII/lib/netty-codec-http2-4.1.19.Final.jar:/home/travis/build/icyphy/ptII/lib/netty-common-4.1.19.Final.jar:/home/travis/build/icyphy/ptII/lib/netty-handler-4.1.19.Final.jar:/home/travis/build/icyphy/ptII/lib/netty-resolver-4.1.19.Final.jar:/home/travis/build/icyphy/ptII/lib/netty-resolver-dns-4.1.19.Final.jar:/home/travis/build/icyphy/ptII/lib/netty-transport-4.1.19.Final.jar:/home/travis/build/icyphy/ptII/lib/vertx-codegen-3.5.1.jar:/home/travis/build/icyphy/ptII/lib/vertx-core-3.5.2-SNAPSHOT.jar:/home/travis/build/icyphy/ptII/lib/vertx-hazelcast-3.5.1.jar:/home/travis/build/icyphy/ptII/lib/vertx-lang-js-3.5.1.jar:/home/travis/build/icyphy/ptII/lib/vertx-service-proxy-3.5.1.jar:/home/travis/build/icyphy/ptII/lib/vertx-web-3.5.1.jar:/home/travis/build/icyphy/ptII/lib/slf4j-api-1.7.13.jar:/home/travis/build/icyphy/ptII/lib/slf4j-simple-1.7.13.jar:/home/travis/build/icyphy/ptII/lib/webcam-capture-0.3.12.jar:/home/travis/build/icyphy/ptII/lib/bridj-0.7.0.jar:/home/travis/build/icyphy/ptII/lib/xbjlib-1.1.0.nrjavaserial.jar:/home/travis/build/icyphy/ptII/ptolemy/moml/test:/home/travis/build/icyphy/ptII/ant/lib/ant-launcher.jar:/home/travis/build/icyphy/ptII/ant/lib/ant.jar:/home/travis/build/icyphy/ptII/ant/lib/ant-junit.jar:/home/travis/build/icyphy/ptII/ant/lib/ant-junit4.jar" />
    <property name="ant.library.dir" value="/home/travis/build/icyphy/ptII/ant/lib" />
    <property name="os.arch" value="amd64" />
    <property name="env.CONTINUOUS_INTEGRATION" value="true" />
    <property name="env.TRAVIS_LANGUAGE" value="node_js" />
    <property name="env.TRAVIS_STACK_LANGUAGES" value="__sardonyx__ c c++ clojure cplusplus cpp default generic go groovy java node_js php pure_java python ruby scala" />
    <property name="test.name" value="ptolemy.actor.lib.test.junit.JUnitTclTest" />
    <property name="env.APT_KEY_DONT_WARN_ON_DANGEROUS_USAGE" value="1" />
    <property name="sun.java.launcher" value="SUN_STANDARD" />
    <property name="env.PYTHON_CONFIGURE_OPTS" value="--enable-unicode=ucs4 --with-wide-unicode --enable-shared --enable-ipv6 --enable-loadable-sqlite-extensions --with-computed-gotos" />
    <property name="ant.core.lib" value="/home/travis/build/icyphy/ptII/ant/lib/ant.jar" />
    <property name="java.vm.specification.vendor" value="Oracle Corporation" />
    <property name="env.BCVTB_HOME" value="/home/travis/build/icyphy/ptII/lbnl" />
    <property name="file.separator" value="/" />
    <property name="spotbugs.home" value="/home/travis/build/icyphy/ptII/vendors/spotbugs-3.1.1" />
    <property name="java.runtime.version" value="11.0.2+9" />
    <property name="env.ANSI_CLEAR" value="\033[0K" />
    <property name="javafx.verbose" value="true" />
    <property name="env.HAS_JOSH_K_SEAL_OF_APPROVAL" value="true" />
    <property name="env.XDG_RUNTIME_DIR" value="/run/user/2000" />
    <property name="env.TRAVIS_OSX_IMAGE" value="" />
    <property name="env.TRAVIS_JOB_ID" value="607485810" />
    <property name="env.TRAVIS_BRANCH" value="master" />
    <property name="user.country" value="US" />
    <property name="env.CERTI_HOME_TRAVIS" value="/home/travis/pthla/certi-tools" />
    <property name="env.SHELL" value="/bin/bash" />
    <property name="java.maxmemory.large" value="3200m" />
    <property name="model" value="" />
    <property name="env.CASHER_DIR" value="/home/travis/.casher" />
    <property name="env.NVM_CD_FLAGS" value="" />
    <property name="java.vendor.version" value="18.9" />
    <property name="jshint.executable" value="/home/travis/node_modules/jshint/bin/jshint" />
    <property name="env.JRUBY_OPTS" value=" --client -J-XX:+TieredCompilation -J-XX:TieredStopAtLevel=1 -J-Xss2m -Xcompile.invokedynamic=false" />
    <property name="java.vendor" value="Oracle Corporation" />
    <property name="env.TRAVIS_PRE_CHEF_BOOTSTRAP_TIME" value="2019-03-25T16:16:42" />
    <property name="env.TRAVIS_STACK_JOB_BOARD_REGISTER" value="/.job-board-register.yml" />
    <property name="env.ANSI_RED" value="\033[31;1m" />
    <property name="java.specification.version" value="11" />
    <property name="env.IRBRC" value="/home/travis/.rvm/rubies/ruby-2.5.3/.irbrc" />
    <property name="env.TRAVIS" value="true" />
    <property name="sun.arch.data.model" value="64" />
  </properties>
  <testcase classname="ptolemy.util.test.junit.TclTests" name="[0] /home/travis/build/icyphy/ptII/ptolemy/domains/de/test/DependencyLoop.tcl (RunTclFile)" time="1.12" />
  <testcase classname="ptolemy.util.test.junit.TclTests" name="[1] /home/travis/build/icyphy/ptII/ptolemy/domains/de/test/RunDETestsAsQSS.tcl (RunTclFile)" time="89.455" />
  <testcase classname="ptolemy.util.test.junit.AutoKnownFailedTests" name="[0] /home/travis/build/icyphy/ptII/ptolemy/domains/de/test/auto/knownFailedTests/DESDFClockTest.xml (RunModel)" time="2.069" />
  <testcase classname="ptolemy.util.test.junit.AutoKnownFailedTests" name="[1] /home/travis/build/icyphy/ptII/ptolemy/domains/de/test/auto/knownFailedTests/DirectFeedback.xml (RunModel)" time="0.023" />
  <testcase classname="ptolemy.util.test.junit.AutoKnownFailedTests" name="[2] /home/travis/build/icyphy/ptII/ptolemy/domains/de/test/auto/knownFailedTests/FSMSource.xml (RunModel)" time="0.035" />
  <testcase classname="ptolemy.util.test.junit.AutoKnownFailedTests" name="[3] /home/travis/build/icyphy/ptII/ptolemy/domains/de/test/auto/knownFailedTests/HierarchicalModel.xml (RunModel)" time="0.047" />
  <testcase classname="ptolemy.util.test.junit.AutoKnownFailedTests" name="[4] /home/travis/build/icyphy/ptII/ptolemy/domains/de/test/auto/knownFailedTests/dependencyLoop.xml (RunModel)" time="0.054" />
  <testcase classname="ptolemy.util.test.junit.AutoKnownFailedTests" name="[5] /home/travis/build/icyphy/ptII/ptolemy/domains/de/test/auto/knownFailedTests/dependencyLoop2.xml (RunModel)" time="0.039" />
  <testcase classname="ptolemy.util.test.junit.AutoNameArchTests" name="[0] ThereAreNoAutoArchTests (RunModel)" time="0.001" />
  <testcase classname="ptolemy.util.test.junit.AutoTests" name="[0] /home/travis/build/icyphy/ptII/ptolemy/domains/de/test/auto/ActorDepthCalculation_actorWithoutPorts.xml (RunModel)" time="0.025" />
  <testcase classname="ptolemy.util.test.junit.AutoTests" name="[1] /home/travis/build/icyphy/ptII/ptolemy/domains/de/test/auto/AssemblyLine.xml (RunModel)" time="0.03" />
  <testcase classname="ptolemy.util.test.junit.AutoTests" name="[2] /home/travis/build/icyphy/ptII/ptolemy/domains/de/test/auto/CQBug1.xml (RunModel)" time="0.012" />
  <testcase classname="ptolemy.util.test.junit.AutoTests" name="[3] /home/travis/build/icyphy/ptII/ptolemy/domains/de/test/auto/CancelFireAt.xml (RunModel)" time="0.02" />
  <testcase classname="ptolemy.util.test.junit.AutoTests" name="[4] /home/travis/build/icyphy/ptII/ptolemy/domains/de/test/auto/CausalityAndComposabilityAnalysis.xml (RunModel)" time="0.018" />
  <testcase classname="ptolemy.util.test.junit.AutoTests" name="[5] /home/travis/build/icyphy/ptII/ptolemy/domains/de/test/auto/CausalityInterface1.xml (RunModel)" time="0.014" />
  <testcase classname="ptolemy.util.test.junit.AutoTests" name="[6] /home/travis/build/icyphy/ptII/ptolemy/domains/de/test/auto/CausalityInterface15.xml (RunModel)" time="0.015" />
  <testcase classname="ptolemy.util.test.junit.AutoTests" name="[7] /home/travis/build/icyphy/ptII/ptolemy/domains/de/test/auto/CausalityInterface2.xml (RunModel)" time="0.019" />
  <testcase classname="ptolemy.util.test.junit.AutoTests" name="[8] /home/travis/build/icyphy/ptII/ptolemy/domains/de/test/auto/CausalityInterface3.xml (RunModel)" time="0.014" />
  <testcase classname="ptolemy.util.test.junit.AutoTests" name="[9] /home/travis/build/icyphy/ptII/ptolemy/domains/de/test/auto/ClockDrift.xml (RunModel)" time="0.037" />
  <testcase classname="ptolemy.util.test.junit.AutoTests" name="[10] /home/travis/build/icyphy/ptII/ptolemy/domains/de/test/auto/ClockDriftAndValueChange.xml (RunModel)" time="0.035" />
  <testcase classname="ptolemy.util.test.junit.AutoTests" name="[11] /home/travis/build/icyphy/ptII/ptolemy/domains/de/test/auto/ClockDriftChange.xml (RunModel)" time="0.027" />
  <testcase classname="ptolemy.util.test.junit.AutoTests" name="[12] /home/travis/build/icyphy/ptII/ptolemy/domains/de/test/auto/ComposableCausalityAnalysis.xml (RunModel)" time="0.013" />
  <testcase classname="ptolemy.util.test.junit.AutoTests" name="[13] /home/travis/build/icyphy/ptII/ptolemy/domains/de/test/auto/DEFixedPointLimitation.xml (RunModel)" time="0.009" />
  <testcase classname="ptolemy.util.test.junit.AutoTests" name="[14] /home/travis/build/icyphy/ptII/ptolemy/domains/de/test/auto/DEScheduleTest.xml (RunModel)" time="0.017" />
  <testcase classname="ptolemy.util.test.junit.AutoTests" name="[15] /home/travis/build/icyphy/ptII/ptolemy/domains/de/test/auto/DEinDEwithStartTimes.xml (RunModel)" time="0.014" />
  <testcase classname="ptolemy.util.test.junit.AutoTests" name="[16] /home/travis/build/icyphy/ptII/ptolemy/domains/de/test/auto/DEinDEwithStartTimes2.xml (RunModel)" time="0.019" />
  <testcase classname="ptolemy.util.test.junit.AutoTests" name="[17] /home/travis/build/icyphy/ptII/ptolemy/domains/de/test/auto/DateDemo.xml (RunModel)" time="0.031" />
  <testcase classname="ptolemy.util.test.junit.AutoTests" name="[18] /home/travis/build/icyphy/ptII/ptolemy/domains/de/test/auto/DateToEvent.xml (RunModel)" time="2.039" />
  <testcase classname="ptolemy.util.test.junit.AutoTests" name="[19] /home/travis/build/icyphy/ptII/ptolemy/domains/de/test/auto/DepthTest1.xml (RunModel)" time="0.013" />
  <testcase classname="ptolemy.util.test.junit.AutoTests" name="[20] /home/travis/build/icyphy/ptII/ptolemy/domains/de/test/auto/DepthTest2.xml (RunModel)" time="0.023" />
  <testcase classname="ptolemy.util.test.junit.AutoTests" name="[21] /home/travis/build/icyphy/ptII/ptolemy/domains/de/test/auto/DepthTest3.xml (RunModel)" time="0.01" />
  <testcase classname="ptolemy.util.test.junit.AutoTests" name="[22] /home/travis/build/icyphy/ptII/ptolemy/domains/de/test/auto/DepthTest4.xml (RunModel)" time="0.032" />
  <testcase classname="ptolemy.util.test.junit.AutoTests" name="[23] /home/travis/build/icyphy/ptII/ptolemy/domains/de/test/auto/DepthTest5.xml (RunModel)" time="0.017" />
  <testcase classname="ptolemy.util.test.junit.AutoTests" name="[24] /home/travis/build/icyphy/ptII/ptolemy/domains/de/test/auto/DepthTest6.xml (RunModel)" time="0.015" />
  <testcase classname="ptolemy.util.test.junit.AutoTests" name="[25] /home/travis/build/icyphy/ptII/ptolemy/domains/de/test/auto/DepthTest7.xml (RunModel)" time="0.019" />
  <testcase classname="ptolemy.util.test.junit.AutoTests" name="[26] /home/travis/build/icyphy/ptII/ptolemy/domains/de/test/auto/EventToDate.xml (RunModel)" time="3.05" />
  <testcase classname="ptolemy.util.test.junit.AutoTests" name="[27] /home/travis/build/icyphy/ptII/ptolemy/domains/de/test/auto/FSM1.xml (RunModel)" time="0.048" />
  <testcase classname="ptolemy.util.test.junit.AutoTests" name="[28] /home/travis/build/icyphy/ptII/ptolemy/domains/de/test/auto/FSM7.xml (RunModel)" time="0.049" />
  <testcase classname="ptolemy.util.test.junit.AutoTests" name="[29] /home/travis/build/icyphy/ptII/ptolemy/domains/de/test/auto/Inspection.xml (RunModel)" time="0.052" />
  <testcase classname="ptolemy.util.test.junit.AutoTests" name="[30] /home/travis/build/icyphy/ptII/ptolemy/domains/de/test/auto/Iteration.xml (RunModel)" time="0.033" />
  <testcase classname="ptolemy.util.test.junit.AutoTests" name="[31] /home/travis/build/icyphy/ptII/ptolemy/domains/de/test/auto/LineFault.xml (RunModel)" time="0.596" />
  <testcase classname="ptolemy.util.test.junit.AutoTests" name="[32] /home/travis/build/icyphy/ptII/ptolemy/domains/de/test/auto/MergeModel1Add.xml (RunModel)" time="0.049" />
  <testcase classname="ptolemy.util.test.junit.AutoTests" name="[33] /home/travis/build/icyphy/ptII/ptolemy/domains/de/test/auto/MergeModel2Add.xml (RunModel)" time="0.036" />
  <testcase classname="ptolemy.util.test.junit.AutoTests" name="[34] /home/travis/build/icyphy/ptII/ptolemy/domains/de/test/auto/MergeModel3Add.xml (RunModel)" time="0.051" />
  <testcase classname="ptolemy.util.test.junit.AutoTests" name="[35] /home/travis/build/icyphy/ptII/ptolemy/domains/de/test/auto/MergeWithoutDiscard.xml (RunModel)" time="0.01" />
  <testcase classname="ptolemy.util.test.junit.AutoTests" name="[36] /home/travis/build/icyphy/ptII/ptolemy/domains/de/test/auto/Modal1.xml (RunModel)" time="0.027" />
  <testcase classname="ptolemy.util.test.junit.AutoTests" name="[37] /home/travis/build/icyphy/ptII/ptolemy/domains/de/test/auto/Modal2.xml (RunModel)" time="0.035" />
  <testcase classname="ptolemy.util.test.junit.AutoTests" name="[38] /home/travis/build/icyphy/ptII/ptolemy/domains/de/test/auto/Modal3.xml (RunModel)" time="0.033" />
  <testcase classname="ptolemy.util.test.junit.AutoTests" name="[39] /home/travis/build/icyphy/ptII/ptolemy/domains/de/test/auto/Modal4.xml (RunModel)" time="0.033" />
  <testcase classname="ptolemy.util.test.junit.AutoTests" name="[40] /home/travis/build/icyphy/ptII/ptolemy/domains/de/test/auto/Modal5.xml (RunModel)" time="0.031" />
  <testcase classname="ptolemy.util.test.junit.AutoTests" name="[41] /home/travis/build/icyphy/ptII/ptolemy/domains/de/test/auto/Modal6.xml (RunModel)" time="0.031" />
  <testcase classname="ptolemy.util.test.junit.AutoTests" name="[42] /home/travis/build/icyphy/ptII/ptolemy/domains/de/test/auto/Modal7.xml (RunModel)" time="0.033" />
  <testcase classname="ptolemy.util.test.junit.AutoTests" name="[43] /home/travis/build/icyphy/ptII/ptolemy/domains/de/test/auto/ModalModel.xml (RunModel)" time="0.175" />
  <testcase classname="ptolemy.util.test.junit.AutoTests" name="[44] /home/travis/build/icyphy/ptII/ptolemy/domains/de/test/auto/ModalSource.xml (RunModel)" time="0.025" />
  <testcase classname="ptolemy.util.test.junit.AutoTests" name="[45] /home/travis/build/icyphy/ptII/ptolemy/domains/de/test/auto/NonInterruptibleTimerZeroDelay.xml (RunModel)" time="0.011" />
  <testcase classname="ptolemy.util.test.junit.AutoTests" name="[46] /home/travis/build/icyphy/ptII/ptolemy/domains/de/test/auto/OpenQueueingNetwork.xml (RunModel)" time="2.425" />
  <testcase classname="ptolemy.util.test.junit.AutoTests" name="[47] /home/travis/build/icyphy/ptII/ptolemy/domains/de/test/auto/OpenQueuingNetwork.xml (RunModel)" time="0.291" />
  <testcase classname="ptolemy.util.test.junit.AutoTests" name="[48] /home/travis/build/icyphy/ptII/ptolemy/domains/de/test/auto/PeriodicSampler.xml (RunModel)" time="0.016" />
  <testcase classname="ptolemy.util.test.junit.AutoTests" name="[49] /home/travis/build/icyphy/ptII/ptolemy/domains/de/test/auto/PersistentIO.xml (RunModel)" time="0.029" />
  <testcase classname="ptolemy.util.test.junit.AutoTests" name="[50] /home/travis/build/icyphy/ptII/ptolemy/domains/de/test/auto/PortParameterResetOnInitialize.xml (RunModel)" time="0.01" />
  <testcase classname="ptolemy.util.test.junit.AutoTests" name="[51] /home/travis/build/icyphy/ptII/ptolemy/domains/de/test/auto/PortParameterUpdates.xml (RunModel)" time="0.012" />
  <testcase classname="ptolemy.util.test.junit.AutoTests" name="[52] /home/travis/build/icyphy/ptII/ptolemy/domains/de/test/auto/QueueAndServer.xml (RunModel)" time="0.018" />
  <testcase classname="ptolemy.util.test.junit.AutoTests" name="[53] /home/travis/build/icyphy/ptII/ptolemy/domains/de/test/auto/Records.xml (RunModel)" time="0.013" />
  <testcase classname="ptolemy.util.test.junit.AutoTests" name="[54] /home/travis/build/icyphy/ptII/ptolemy/domains/de/test/auto/ResetTransitionWithStartTime1.xml (RunModel)" time="0.015" />
  <testcase classname="ptolemy.util.test.junit.AutoTests" name="[55] /home/travis/build/icyphy/ptII/ptolemy/domains/de/test/auto/ResetTransitionWithStartTime2.xml (RunModel)" time="0.018" />
  <testcase classname="ptolemy.util.test.junit.AutoTests" name="[56] /home/travis/build/icyphy/ptII/ptolemy/domains/de/test/auto/ResetTransitionWithStartTime3.xml (RunModel)" time="0.018" />
  <testcase classname="ptolemy.util.test.junit.AutoTests" name="[57] /home/travis/build/icyphy/ptII/ptolemy/domains/de/test/auto/ResetTransitionWithStartTime4.xml (RunModel)" time="0.017" />
  <testcase classname="ptolemy.util.test.junit.AutoTests" name="[58] /home/travis/build/icyphy/ptII/ptolemy/domains/de/test/auto/ResettableTimer1.xml (RunModel)" time="0.015" />
  <testcase classname="ptolemy.util.test.junit.AutoTests" name="[59] /home/travis/build/icyphy/ptII/ptolemy/domains/de/test/auto/ResettableTimer2.xml (RunModel)" time="0.008" />
  <testcase classname="ptolemy.util.test.junit.AutoTests" name="[60] /home/travis/build/icyphy/ptII/ptolemy/domains/de/test/auto/ResettableTimer3.xml (RunModel)" time="0.007" />
  <testcase classname="ptolemy.util.test.junit.AutoTests" name="[61] /home/travis/build/icyphy/ptII/ptolemy/domains/de/test/auto/ResettableTimer4.xml (RunModel)" time="0.008" />
  <testcase classname="ptolemy.util.test.junit.AutoTests" name="[62] /home/travis/build/icyphy/ptII/ptolemy/domains/de/test/auto/ResettableTimer5.xml (RunModel)" time="0.008" />
  <testcase classname="ptolemy.util.test.junit.AutoTests" name="[63] /home/travis/build/icyphy/ptII/ptolemy/domains/de/test/auto/ResettableTimer6.xml (RunModel)" time="0.015" />
  <testcase classname="ptolemy.util.test.junit.AutoTests" name="[64] /home/travis/build/icyphy/ptII/ptolemy/domains/de/test/auto/ServerZeroDelay.xml (RunModel)" time="0.009" />
  <testcase classname="ptolemy.util.test.junit.AutoTests" name="[65] /home/travis/build/icyphy/ptII/ptolemy/domains/de/test/auto/SmartSender.xml (RunModel)" time="3.007" />
  <testcase classname="ptolemy.util.test.junit.AutoTests" name="[66] /home/travis/build/icyphy/ptII/ptolemy/domains/de/test/auto/ThreadedComposite.xml (RunModel)" time="0.129" />
  <testcase classname="ptolemy.util.test.junit.AutoTests" name="[67] /home/travis/build/icyphy/ptII/ptolemy/domains/de/test/auto/Time.xml (RunModel)" time="0.461" />
  <testcase classname="ptolemy.util.test.junit.AutoTests" name="[68] /home/travis/build/icyphy/ptII/ptolemy/domains/de/test/auto/TimeDelayZeroDelay.xml (RunModel)" time="0.016" />
  <testcase classname="ptolemy.util.test.junit.AutoTests" name="[69] /home/travis/build/icyphy/ptII/ptolemy/domains/de/test/auto/TimerZeroDelay.xml (RunModel)" time="0.012" />
  <testcase classname="ptolemy.util.test.junit.AutoTests" name="[70] /home/travis/build/icyphy/ptII/ptolemy/domains/de/test/auto/TimingParadox.xml (RunModel)" time="0.35" />
  <testcase classname="ptolemy.util.test.junit.AutoTests" name="[71] /home/travis/build/icyphy/ptII/ptolemy/domains/de/test/auto/TransferInputs.xml (RunModel)" time="0.02" />
  <testcase classname="ptolemy.util.test.junit.AutoTests" name="[72] /home/travis/build/icyphy/ptII/ptolemy/domains/de/test/auto/TransferOutputs2.xml (RunModel)" time="0.014" />
  <testcase classname="ptolemy.util.test.junit.AutoTests" name="[73] /home/travis/build/icyphy/ptII/ptolemy/domains/de/test/auto/Trilateration.xml (RunModel)" time="12.561" />
  <testcase classname="ptolemy.util.test.junit.AutoTests" name="[74] /home/travis/build/icyphy/ptII/ptolemy/domains/de/test/auto/TwoSigmaDelta.xml (RunModel)" time="2.058" />
  <testcase classname="ptolemy.util.test.junit.AutoTests" name="[75] /home/travis/build/icyphy/ptII/ptolemy/domains/de/test/auto/VariableDelay.xml (RunModel)" time="0.011" />
  <testcase classname="ptolemy.util.test.junit.AutoTests" name="[76] /home/travis/build/icyphy/ptII/ptolemy/domains/de/test/auto/VariableDelay2.xml (RunModel)" time="0.009" />
  <testcase classname="ptolemy.util.test.junit.AutoTests" name="[77] /home/travis/build/icyphy/ptII/ptolemy/domains/de/test/auto/VariableDelayZeroDelay.xml (RunModel)" time="0.017" />
  <testcase classname="ptolemy.util.test.junit.AutoTests" name="[78] /home/travis/build/icyphy/ptII/ptolemy/domains/de/test/auto/VariableDelayZeroDelay2.xml (RunModel)" time="0.01" />
  <testcase classname="ptolemy.util.test.junit.AutoTests" name="[79] /home/travis/build/icyphy/ptII/ptolemy/domains/de/test/auto/deInCt.xml (RunModel)" time="0.013" />
  <testcase classname="ptolemy.util.test.junit.AutoTests" name="[80] /home/travis/build/icyphy/ptII/ptolemy/domains/de/test/auto/deInCt2.xml (RunModel)" time="0.015" />
  <testcase classname="ptolemy.util.test.junit.AutoTests" name="[81] /home/travis/build/icyphy/ptII/ptolemy/domains/de/test/auto/dynamicCausalityInterface1.xml (RunModel)" time="0.017" />
  <testcase classname="ptolemy.util.test.junit.AutoTests" name="[82] /home/travis/build/icyphy/ptII/ptolemy/domains/de/test/auto/fsm_de_test.xml (RunModel)" time="0.02" />
  <testcase classname="ptolemy.util.test.junit.AutoTests" name="[83] /home/travis/build/icyphy/ptII/ptolemy/domains/de/test/auto/functionDependencyReconstruction.xml (RunModel)" time="0.027" />
  <testcase classname="ptolemy.util.test.junit.AutoTests" name="[84] /home/travis/build/icyphy/ptII/ptolemy/domains/de/test/auto/multirate.xml (RunModel)" time="0.013" />
  <testcase classname="ptolemy.util.test.junit.AutoTests" name="[85] /home/travis/build/icyphy/ptII/ptolemy/domains/de/test/auto/multirate2.xml (RunModel)" time="0.015" />
  <testcase classname="ptolemy.util.test.junit.AutoTests" name="[86] /home/travis/build/icyphy/ptII/ptolemy/domains/de/test/auto/realtime.xml (RunModel)" time="10.01" />
  <testcase classname="ptolemy.util.test.junit.AutoTests" name="[87] /home/travis/build/icyphy/ptII/ptolemy/domains/de/test/auto/relationGroup.xml (RunModel)" time="0.009" />
  <testcase classname="ptolemy.util.test.junit.AutoTests" name="[88] /home/travis/build/icyphy/ptII/ptolemy/domains/de/test/auto/relationGroup2.xml (RunModel)" time="0.008" />
  <testcase classname="ptolemy.util.test.junit.AutoTests" name="[89] /home/travis/build/icyphy/ptII/ptolemy/domains/de/test/auto/sortWithOpaquePorts.xml (RunModel)" time="0.008" />
  <testcase classname="ptolemy.util.test.junit.AutoTests" name="[90] /home/travis/build/icyphy/ptII/ptolemy/domains/de/test/auto/transferInputsandOutputs.xml (RunModel)" time="0.014" />
  <testcase classname="ptolemy.util.test.junit.AutoTests" name="[91] /home/travis/build/icyphy/ptII/ptolemy/domains/de/test/auto/triggerType.xml (RunModel)" time="0.016" />
  <system-out><![CDATA[/home/travis/build/icyphy/ptII/ptolemy/domains/de/test/DependencyLoop.tcl
testDefs.tcl: setting time out to 9000 seconds at Tue Nov 05 06:09:43 UTC 2019
78 ms. Memory: 120832K Free: 72132K (60%)
21 ms. Memory: 120832K Free: 54709K (45%)
/home/travis/build/icyphy/ptII/ptolemy/domains/de/test/RunDETestsAsQSS.tcl
Run the DE tests using ptolemy.domains.qss.test.QSSDirectorTest, which extends QSSDirector and prints a message in the constructors.
------------------ testing $PTII/ptolemy/domains/de/test/auto/knownFailedTests/DirectFeedback.xml (Known Failure) 
63 ms. Memory: 120832K Free: 49094K (41%)


==== $PTIIhome/travis/build/icyphy/ptII/ptolemy/domains/de/test/../../../../: Auto Automatic test in file $PTII/ptolemy/domains/de/test/auto/knownFailedTests/DirectFeedback.xml
==== Contents of test case:

	    # FIXME: we should use $relativeFilename here, but it
	    # might have backslashes under Windows, which causes no end
	    # of trouble.
	    createAndExecute $file
	    list {}
	
.... Test generated KNOWN error:
    while executing
ptolemy.kernel.util.IllegalActionException: Test fails in iteration 1.
Value was: 1.0. Should have been: 2.0
  in .DirectFeedback.Test
	at ptolemy.actor.lib.Test.fire(Test.java:268)
	at ptolemy.domains.de.kernel.DEDirector._fire(DEDirector.java:1949)
	at ptolemy.domains.de.kernel.DEDirector.fire(DEDirector.java:502)
	at ptolemy.actor.CompositeActor.fire(CompositeActor.java:455)
	at ptolemy.actor.Manager.iterate(Manager.java:851)
	at ptolemy.actor.Manager.execute(Manager.java:369)
	at ptolemy.actor.Manager.run(Manager.java:1263)
	at ptolemy.actor.Manager$PtolemyRunThread.run(Manager.java:1933)

    while executing
ptolemy.kernel.util.IllegalActionException: Test fails in iteration 1.
Value was: 1.0. Should have been: 2.0
  in .DirectFeedback.Test
    while executing
"java::new ptolemy.moml.MoMLSimpleApplication $file
"
    (procedure "createAndExecute" line 2)
    invoked from within
"createAndExecute $file"
    ("uplevel" body line 5)
    invoked from within
"uplevel $contents_of_test"
------------------ testing $PTII/ptolemy/domains/de/test/auto/knownFailedTests/dependencyLoop.xml (Known Failure) 
19 ms. Memory: 120832K Free: 46022K (38%)


==== $PTIIhome/travis/build/icyphy/ptII/ptolemy/domains/de/test/../../../../: Auto Automatic test in file $PTII/ptolemy/domains/de/test/auto/knownFailedTests/dependencyLoop.xml
==== Contents of test case:

	    # FIXME: we should use $relativeFilename here, but it
	    # might have backslashes under Windows, which causes no end
	    # of trouble.
	    createAndExecute $file
	    list {}
	
.... Test generated KNOWN error:
    while executing
ptolemy.kernel.util.IllegalActionException: Found a zero delay loop containing .dependencyLoop.original
  in .dependencyLoop and .dependencyLoop.original
	at ptolemy.actor.util.CausalityInterfaceForComposites._computeOutputPortDepth(CausalityInterfaceForComposites.java:759)
	at ptolemy.actor.util.CausalityInterfaceForComposites._computeInputDepth(CausalityInterfaceForComposites.java:696)
	at ptolemy.actor.util.CausalityInterfaceForComposites._computeOutputPortDepth(CausalityInterfaceForComposites.java:765)
	at ptolemy.actor.util.CausalityInterfaceForComposites._computeInputDepth(CausalityInterfaceForComposites.java:696)
	at ptolemy.actor.util.CausalityInterfaceForComposites._computeOutputPortDepth(CausalityInterfaceForComposites.java:765)
	at ptolemy.actor.util.CausalityInterfaceForComposites._computeInputDepth(CausalityInterfaceForComposites.java:696)
	at ptolemy.actor.util.CausalityInterfaceForComposites._computeActorDepth(CausalityInterfaceForComposites.java:532)
	at ptolemy.actor.util.CausalityInterfaceForComposites.checkForCycles(CausalityInterfaceForComposites.java:96)
	at ptolemy.domains.de.kernel.DEDirector.preinitialize(DEDirector.java:1338)
	at ptolemy.actor.CompositeActor.preinitialize(CompositeActor.java:1828)
	at ptolemy.actor.Manager.preinitializeAndResolveTypes(Manager.java:1040)
	at ptolemy.actor.Manager.initialize(Manager.java:710)
	at ptolemy.actor.Manager.execute(Manager.java:356)
	at ptolemy.actor.Manager.run(Manager.java:1263)
	at ptolemy.actor.Manager$PtolemyRunThread.run(Manager.java:1933)

    while executing
ptolemy.kernel.util.IllegalActionException: Found a zero delay loop containing .dependencyLoop.original
  in .dependencyLoop and .dependencyLoop.original
    while executing
"java::new ptolemy.moml.MoMLSimpleApplication $file
"
    (procedure "createAndExecute" line 2)
    invoked from within
"createAndExecute $file"
    ("uplevel" body line 5)
    invoked from within
"uplevel $contents_of_test"
------------------ testing $PTII/ptolemy/domains/de/test/auto/knownFailedTests/FSMSource.xml (Known Failure) 
76 ms. Memory: 120832K Free: 99502K (82%)
!!!! Auto was marked as failing, but now passes
------------------ testing $PTII/ptolemy/domains/de/test/auto/knownFailedTests/HierarchicalModel.xml (Known Failure) 
6 ms. Memory: 120832K Free: 82070K (68%)


==== $PTIIhome/travis/build/icyphy/ptII/ptolemy/domains/de/test/../../../../: Auto Automatic test in file $PTII/ptolemy/domains/de/test/auto/knownFailedTests/HierarchicalModel.xml
==== Contents of test case:

	    # FIXME: we should use $relativeFilename here, but it
	    # might have backslashes under Windows, which causes no end
	    # of trouble.
	    createAndExecute $file
	    list {}
	
.... Test generated KNOWN error:
    while executing
ptolemy.kernel.util.IllegalActionException: Found a zero delay loop containing .HierarchicalModel.A
  in .HierarchicalModel and .HierarchicalModel.A
	at ptolemy.actor.util.CausalityInterfaceForComposites._computeOutputPortDepth(CausalityInterfaceForComposites.java:759)
	at ptolemy.actor.util.CausalityInterfaceForComposites._computeInputDepth(CausalityInterfaceForComposites.java:696)
	at ptolemy.actor.util.CausalityInterfaceForComposites._computeOutputPortDepth(CausalityInterfaceForComposites.java:765)
	at ptolemy.actor.util.CausalityInterfaceForComposites._computeInputDepth(CausalityInterfaceForComposites.java:696)
	at ptolemy.actor.util.CausalityInterfaceForComposites._computeOutputPortDepth(CausalityInterfaceForComposites.java:765)
	at ptolemy.actor.util.CausalityInterfaceForComposites._computeInputDepth(CausalityInterfaceForComposites.java:696)
	at ptolemy.actor.util.CausalityInterfaceForComposites._computeActorDepth(CausalityInterfaceForComposites.java:532)
	at ptolemy.actor.util.CausalityInterfaceForComposites.checkForCycles(CausalityInterfaceForComposites.java:96)
	at ptolemy.domains.de.kernel.DEDirector.preinitialize(DEDirector.java:1338)
	at ptolemy.actor.CompositeActor.preinitialize(CompositeActor.java:1828)
	at ptolemy.actor.Manager.preinitializeAndResolveTypes(Manager.java:1040)
	at ptolemy.actor.Manager.initialize(Manager.java:710)
	at ptolemy.actor.Manager.execute(Manager.java:356)
	at ptolemy.actor.Manager.run(Manager.java:1263)
	at ptolemy.actor.Manager$PtolemyRunThread.run(Manager.java:1933)

    while executing
ptolemy.kernel.util.IllegalActionException: Found a zero delay loop containing .HierarchicalModel.A
  in .HierarchicalModel and .HierarchicalModel.A
    while executing
"java::new ptolemy.moml.MoMLSimpleApplication $file
"
    (procedure "createAndExecute" line 2)
    invoked from within
"createAndExecute $file"
    ("uplevel" body line 5)
    invoked from within
"uplevel $contents_of_test"
------------------ testing $PTII/ptolemy/domains/de/test/auto/knownFailedTests/dependencyLoop2.xml (Known Failure) 
11 ms. Memory: 120832K Free: 66141K (55%)


==== $PTIIhome/travis/build/icyphy/ptII/ptolemy/domains/de/test/../../../../: Auto Automatic test in file $PTII/ptolemy/domains/de/test/auto/knownFailedTests/dependencyLoop2.xml
==== Contents of test case:

	    # FIXME: we should use $relativeFilename here, but it
	    # might have backslashes under Windows, which causes no end
	    # of trouble.
	    createAndExecute $file
	    list {}
	
.... Test generated KNOWN error:
    while executing
ptolemy.kernel.util.IllegalActionException: Found a zero delay loop containing .dependencyLoop2.original
  in .dependencyLoop2 and .dependencyLoop2.original
	at ptolemy.actor.util.CausalityInterfaceForComposites._computeOutputPortDepth(CausalityInterfaceForComposites.java:759)
	at ptolemy.actor.util.CausalityInterfaceForComposites._computeInputDepth(CausalityInterfaceForComposites.java:696)
	at ptolemy.actor.util.CausalityInterfaceForComposites._computeOutputPortDepth(CausalityInterfaceForComposites.java:765)
	at ptolemy.actor.util.CausalityInterfaceForComposites._computeInputDepth(CausalityInterfaceForComposites.java:696)
	at ptolemy.actor.util.CausalityInterfaceForComposites._computeOutputPortDepth(CausalityInterfaceForComposites.java:765)
	at ptolemy.actor.util.CausalityInterfaceForComposites._computeInputDepth(CausalityInterfaceForComposites.java:696)
	at ptolemy.actor.util.CausalityInterfaceForComposites._computeActorDepth(CausalityInterfaceForComposites.java:532)
	at ptolemy.actor.util.CausalityInterfaceForComposites.checkForCycles(CausalityInterfaceForComposites.java:96)
	at ptolemy.domains.de.kernel.DEDirector.preinitialize(DEDirector.java:1338)
	at ptolemy.actor.CompositeActor.preinitialize(CompositeActor.java:1828)
	at ptolemy.actor.Manager.preinitializeAndResolveTypes(Manager.java:1040)
	at ptolemy.actor.Manager.initialize(Manager.java:710)
	at ptolemy.actor.Manager.execute(Manager.java:356)
	at ptolemy.actor.Manager.run(Manager.java:1263)
	at ptolemy.actor.Manager$PtolemyRunThread.run(Manager.java:1933)

    while executing
ptolemy.kernel.util.IllegalActionException: Found a zero delay loop containing .dependencyLoop2.original
  in .dependencyLoop2 and .dependencyLoop2.original
    while executing
"java::new ptolemy.moml.MoMLSimpleApplication $file
"
    (procedure "createAndExecute" line 2)
    invoked from within
"createAndExecute $file"
    ("uplevel" body line 5)
    invoked from within
"uplevel $contents_of_test"
------------------ testing $PTII/ptolemy/domains/de/test/auto/knownFailedTests/DESDFClockTest.xml (Known Failure) 
2068 ms. Memory: 120832K Free: 95383K (79%)


==== $PTIIhome/travis/build/icyphy/ptII/ptolemy/domains/de/test/../../../../: Auto Automatic test in file $PTII/ptolemy/domains/de/test/auto/knownFailedTests/DESDFClockTest.xml
==== Contents of test case:

	    # FIXME: we should use $relativeFilename here, but it
	    # might have backslashes under Windows, which causes no end
	    # of trouble.
	    createAndExecute $file
	    list {}
	
.... Test generated KNOWN error:
    while executing
ptolemy.kernel.util.IllegalActionException: Actor is not ready to fire.  Perhaps UpSample.prefire() returned false? Try debugging the actor by selecting "Listen to Actor".  Also, for SDF check moml for tokenConsumptionRate on input.
  in .DESDFClockTest.Play Bell.Copy1:SDF Director and .DESDFClockTest.Play Bell.UpSample
	at ptolemy.actor.sched.StaticSchedulingDirector.fire(StaticSchedulingDirector.java:227)
	at ptolemy.domains.sdf.kernel.SDFDirector.fire(SDFDirector.java:500)
	at ptolemy.actor.CompositeActor.fire(CompositeActor.java:455)
	at ptolemy.domains.de.kernel.DEDirector._fire(DEDirector.java:1949)
	at ptolemy.domains.de.kernel.DEDirector.fire(DEDirector.java:502)
	at ptolemy.actor.CompositeActor.fire(CompositeActor.java:455)
	at ptolemy.actor.Manager.iterate(Manager.java:851)
	at ptolemy.actor.Manager.execute(Manager.java:369)
	at ptolemy.actor.Manager.run(Manager.java:1263)
	at ptolemy.actor.Manager$PtolemyRunThread.run(Manager.java:1933)

    while executing
ptolemy.kernel.util.IllegalActionException: Actor is not ready to fire.  Perhaps UpSample.prefire() returned false? Try debugging the actor by selecting "Listen to Actor".  Also, for SDF check moml for tokenConsumptionRate on input.
  in .DESDFClockTest.Play Bell.Copy1:SDF Director and .DESDFClockTest.Play Bell.UpSample
    while executing
"java::new ptolemy.moml.MoMLSimpleApplication $file
"
    (procedure "createAndExecute" line 2)
    invoked from within
"createAndExecute $file"
    ("uplevel" body line 5)
    invoked from within
"uplevel $contents_of_test"
------------------ testing $PTII/ptolemy/domains/de/test/auto/ActorDepthCalculation_actorWithoutPorts.xml
auto.tcl: Setting watchdog for 200 seconds at Tue Nov 05 06:09:47 UTC 2019
13 ms. Memory: 120832K Free: 88215K (73%)
ptolemy.util.test.WatchDog.cancel(): canceling Tue Nov 05 06:09:47 UTC 2019
auto.tcl: Setting watchdog for 200 seconds at Tue Nov 05 06:09:47 UTC 2019
4 ms. Memory: 120832K Free: 86662K (72%)
ptolemy.util.test.WatchDog.cancel(): canceling Tue Nov 05 06:09:47 UTC 2019
------------------ testing $PTII/ptolemy/domains/de/test/auto/AssemblyLine.xml
auto.tcl: Setting watchdog for 200 seconds at Tue Nov 05 06:09:48 UTC 2019
12 ms. Memory: 48128K Free: 26271K (55%)
ptolemy.util.test.WatchDog.cancel(): canceling Tue Nov 05 06:09:48 UTC 2019
auto.tcl: Setting watchdog for 200 seconds at Tue Nov 05 06:09:48 UTC 2019
6 ms. Memory: 48128K Free: 25331K (53%)
ptolemy.util.test.WatchDog.cancel(): canceling Tue Nov 05 06:09:48 UTC 2019
------------------ testing $PTII/ptolemy/domains/de/test/auto/CQBug1.xml
auto.tcl: Setting watchdog for 200 seconds at Tue Nov 05 06:09:48 UTC 2019
2 ms. Memory: 48128K Free: 31548K (66%)
ptolemy.util.test.WatchDog.cancel(): canceling Tue Nov 05 06:09:48 UTC 2019
auto.tcl: Setting watchdog for 200 seconds at Tue Nov 05 06:09:48 UTC 2019
2 ms. Memory: 48128K Free: 31118K (65%)
ptolemy.util.test.WatchDog.cancel(): canceling Tue Nov 05 06:09:48 UTC 2019
------------------ testing $PTII/ptolemy/domains/de/test/auto/CancelFireAt.xml
auto.tcl: Setting watchdog for 200 seconds at Tue Nov 05 06:09:48 UTC 2019
3 ms. Memory: 45056K Free: 29713K (66%)
ptolemy.util.test.WatchDog.cancel(): canceling Tue Nov 05 06:09:48 UTC 2019
auto.tcl: Setting watchdog for 200 seconds at Tue Nov 05 06:09:48 UTC 2019
2 ms. Memory: 45056K Free: 29223K (65%)
ptolemy.util.test.WatchDog.cancel(): canceling Tue Nov 05 06:09:48 UTC 2019
------------------ testing $PTII/ptolemy/domains/de/test/auto/CausalityAndComposabilityAnalysis.xml
auto.tcl: Setting watchdog for 200 seconds at Tue Nov 05 06:09:48 UTC 2019
20 ms. Memory: 45056K Free: 27428K (61%)
ptolemy.util.test.WatchDog.cancel(): canceling Tue Nov 05 06:09:48 UTC 2019
auto.tcl: Setting watchdog for 200 seconds at Tue Nov 05 06:09:48 UTC 2019
6 ms. Memory: 45056K Free: 27028K (60%)
ptolemy.util.test.WatchDog.cancel(): canceling Tue Nov 05 06:09:48 UTC 2019
------------------ testing $PTII/ptolemy/domains/de/test/auto/CausalityInterface1.xml
auto.tcl: Setting watchdog for 200 seconds at Tue Nov 05 06:09:48 UTC 2019
20 ms. Memory: 45056K Free: 26344K (58%)
ptolemy.util.test.WatchDog.cancel(): canceling Tue Nov 05 06:09:48 UTC 2019
auto.tcl: Setting watchdog for 200 seconds at Tue Nov 05 06:09:48 UTC 2019
6 ms. Memory: 45056K Free: 25409K (56%)
ptolemy.util.test.WatchDog.cancel(): canceling Tue Nov 05 06:09:48 UTC 2019
------------------ testing $PTII/ptolemy/domains/de/test/auto/CausalityInterface15.xml
auto.tcl: Setting watchdog for 200 seconds at Tue Nov 05 06:09:48 UTC 2019
13 ms. Memory: 45056K Free: 26047K (58%)
ptolemy.util.test.WatchDog.cancel(): canceling Tue Nov 05 06:09:48 UTC 2019
auto.tcl: Setting watchdog for 200 seconds at Tue Nov 05 06:09:48 UTC 2019
4 ms. Memory: 45056K Free: 25353K (56%)
ptolemy.util.test.WatchDog.cancel(): canceling Tue Nov 05 06:09:48 UTC 2019
------------------ testing $PTII/ptolemy/domains/de/test/auto/CausalityInterface2.xml
auto.tcl: Setting watchdog for 200 seconds at Tue Nov 05 06:09:48 UTC 2019
5 ms. Memory: 45056K Free: 27103K (60%)
ptolemy.util.test.WatchDog.cancel(): canceling Tue Nov 05 06:09:48 UTC 2019
auto.tcl: Setting watchdog for 200 seconds at Tue Nov 05 06:09:48 UTC 2019
6 ms. Memory: 45056K Free: 26363K (59%)
ptolemy.util.test.WatchDog.cancel(): canceling Tue Nov 05 06:09:48 UTC 2019
------------------ testing $PTII/ptolemy/domains/de/test/auto/CausalityInterface3.xml
auto.tcl: Setting watchdog for 200 seconds at Tue Nov 05 06:09:48 UTC 2019
6 ms. Memory: 45056K Free: 26556K (59%)
ptolemy.util.test.WatchDog.cancel(): canceling Tue Nov 05 06:09:49 UTC 2019
auto.tcl: Setting watchdog for 200 seconds at Tue Nov 05 06:09:49 UTC 2019
3 ms. Memory: 45056K Free: 25759K (57%)
ptolemy.util.test.WatchDog.cancel(): canceling Tue Nov 05 06:09:49 UTC 2019
------------------ testing $PTII/ptolemy/domains/de/test/auto/ClockDrift.xml
auto.tcl: Setting watchdog for 200 seconds at Tue Nov 05 06:09:49 UTC 2019
78 ms. Memory: 45056K Free: 19152K (43%)
ptolemy.util.test.WatchDog.cancel(): canceling Tue Nov 05 06:09:49 UTC 2019
auto.tcl: Setting watchdog for 200 seconds at Tue Nov 05 06:09:49 UTC 2019
50 ms. Memory: 45056K Free: 16137K (36%)
ptolemy.util.test.WatchDog.cancel(): canceling Tue Nov 05 06:09:49 UTC 2019
------------------ testing $PTII/ptolemy/domains/de/test/auto/ClockDriftAndValueChange.xml
auto.tcl: Setting watchdog for 200 seconds at Tue Nov 05 06:09:49 UTC 2019
56 ms. Memory: 45056K Free: 19607K (44%)
ptolemy.util.test.WatchDog.cancel(): canceling Tue Nov 05 06:09:49 UTC 2019
auto.tcl: Setting watchdog for 200 seconds at Tue Nov 05 06:09:49 UTC 2019
30 ms. Memory: 45056K Free: 16374K (36%)
ptolemy.util.test.WatchDog.cancel(): canceling Tue Nov 05 06:09:49 UTC 2019
------------------ testing $PTII/ptolemy/domains/de/test/auto/ClockDriftChange.xml
auto.tcl: Setting watchdog for 200 seconds at Tue Nov 05 06:09:49 UTC 2019
17 ms. Memory: 45056K Free: 21277K (47%)
ptolemy.util.test.WatchDog.cancel(): canceling Tue Nov 05 06:09:49 UTC 2019
auto.tcl: Setting watchdog for 200 seconds at Tue Nov 05 06:09:49 UTC 2019
20 ms. Memory: 45056K Free: 18740K (42%)
ptolemy.util.test.WatchDog.cancel(): canceling Tue Nov 05 06:09:49 UTC 2019
------------------ testing $PTII/ptolemy/domains/de/test/auto/ComposableCausalityAnalysis.xml
auto.tcl: Setting watchdog for 200 seconds at Tue Nov 05 06:09:49 UTC 2019
2 ms. Memory: 45056K Free: 25848K (57%)
ptolemy.util.test.WatchDog.cancel(): canceling Tue Nov 05 06:09:49 UTC 2019
auto.tcl: Setting watchdog for 200 seconds at Tue Nov 05 06:09:49 UTC 2019
5 ms. Memory: 45056K Free: 24882K (55%)
ptolemy.util.test.WatchDog.cancel(): canceling Tue Nov 05 06:09:49 UTC 2019
------------------ testing $PTII/ptolemy/domains/de/test/auto/DEFixedPointLimitation.xml
auto.tcl: Setting watchdog for 200 seconds at Tue Nov 05 06:09:49 UTC 2019
2 ms. Memory: 45056K Free: 27254K (60%)
ptolemy.util.test.WatchDog.cancel(): canceling Tue Nov 05 06:09:49 UTC 2019
auto.tcl: Setting watchdog for 200 seconds at Tue Nov 05 06:09:49 UTC 2019
2 ms. Memory: 45056K Free: 26381K (59%)
ptolemy.util.test.WatchDog.cancel(): canceling Tue Nov 05 06:09:49 UTC 2019
------------------ testing $PTII/ptolemy/domains/de/test/auto/DEScheduleTest.xml
auto.tcl: Setting watchdog for 200 seconds at Tue Nov 05 06:09:49 UTC 2019
7 ms. Memory: 45056K Free: 27512K (61%)
ptolemy.util.test.WatchDog.cancel(): canceling Tue Nov 05 06:09:49 UTC 2019
auto.tcl: Setting watchdog for 200 seconds at Tue Nov 05 06:09:49 UTC 2019
3 ms. Memory: 45056K Free: 26768K (59%)
ptolemy.util.test.WatchDog.cancel(): canceling Tue Nov 05 06:09:49 UTC 2019
------------------ testing $PTII/ptolemy/domains/de/test/auto/DEinDEwithStartTimes.xml
auto.tcl: Setting watchdog for 200 seconds at Tue Nov 05 06:09:49 UTC 2019
3 ms. Memory: 45056K Free: 25721K (57%)
ptolemy.util.test.WatchDog.cancel(): canceling Tue Nov 05 06:09:49 UTC 2019
auto.tcl: Setting watchdog for 200 seconds at Tue Nov 05 06:09:49 UTC 2019
3 ms. Memory: 45056K Free: 24670K (55%)
ptolemy.util.test.WatchDog.cancel(): canceling Tue Nov 05 06:09:49 UTC 2019
------------------ testing $PTII/ptolemy/domains/de/test/auto/DEinDEwithStartTimes2.xml
auto.tcl: Setting watchdog for 200 seconds at Tue Nov 05 06:09:49 UTC 2019
7 ms. Memory: 45056K Free: 24940K (55%)
ptolemy.util.test.WatchDog.cancel(): canceling Tue Nov 05 06:09:50 UTC 2019
auto.tcl: Setting watchdog for 200 seconds at Tue Nov 05 06:09:50 UTC 2019
5 ms. Memory: 45056K Free: 23626K (52%)
ptolemy.util.test.WatchDog.cancel(): canceling Tue Nov 05 06:09:50 UTC 2019
------------------ testing $PTII/ptolemy/domains/de/test/auto/DateDemo.xml
auto.tcl: Setting watchdog for 200 seconds at Tue Nov 05 06:09:50 UTC 2019
17 ms. Memory: 45056K Free: 19610K (44%)
ptolemy.util.test.WatchDog.cancel(): canceling Tue Nov 05 06:09:50 UTC 2019
auto.tcl: Setting watchdog for 200 seconds at Tue Nov 05 06:09:50 UTC 2019
9 ms. Memory: 45056K Free: 17758K (39%)
ptolemy.util.test.WatchDog.cancel(): canceling Tue Nov 05 06:09:50 UTC 2019
------------------ testing $PTII/ptolemy/domains/de/test/auto/DateToEvent.xml
auto.tcl: Setting watchdog for 200 seconds at Tue Nov 05 06:09:50 UTC 2019
2019 ms. Memory: 45056K Free: 15045K (33%)
ptolemy.util.test.WatchDog.cancel(): canceling Tue Nov 05 06:09:52 UTC 2019
auto.tcl: Setting watchdog for 200 seconds at Tue Nov 05 06:09:52 UTC 2019
2006 ms. Memory: 45056K Free: 14318K (32%)
ptolemy.util.test.WatchDog.cancel(): canceling Tue Nov 05 06:09:54 UTC 2019
------------------ testing $PTII/ptolemy/domains/de/test/auto/DepthTest1.xml
auto.tcl: Setting watchdog for 200 seconds at Tue Nov 05 06:09:54 UTC 2019
4 ms. Memory: 45056K Free: 28341K (63%)
ptolemy.util.test.WatchDog.cancel(): canceling Tue Nov 05 06:09:54 UTC 2019
auto.tcl: Setting watchdog for 200 seconds at Tue Nov 05 06:09:54 UTC 2019
2 ms. Memory: 45056K Free: 27789K (62%)
ptolemy.util.test.WatchDog.cancel(): canceling Tue Nov 05 06:09:54 UTC 2019
------------------ testing $PTII/ptolemy/domains/de/test/auto/DepthTest2.xml
auto.tcl: Setting watchdog for 200 seconds at Tue Nov 05 06:09:54 UTC 2019
5 ms. Memory: 45056K Free: 25055K (56%)
ptolemy.util.test.WatchDog.cancel(): canceling Tue Nov 05 06:09:54 UTC 2019
auto.tcl: Setting watchdog for 200 seconds at Tue Nov 05 06:09:54 UTC 2019
3 ms. Memory: 45056K Free: 24519K (54%)
ptolemy.util.test.WatchDog.cancel(): canceling Tue Nov 05 06:09:54 UTC 2019
------------------ testing $PTII/ptolemy/domains/de/test/auto/DepthTest3.xml
auto.tcl: Setting watchdog for 200 seconds at Tue Nov 05 06:09:54 UTC 2019
4 ms. Memory: 45056K Free: 28655K (64%)
ptolemy.util.test.WatchDog.cancel(): canceling Tue Nov 05 06:09:54 UTC 2019
auto.tcl: Setting watchdog for 200 seconds at Tue Nov 05 06:09:54 UTC 2019
2 ms. Memory: 45056K Free: 28150K (62%)
ptolemy.util.test.WatchDog.cancel(): canceling Tue Nov 05 06:09:54 UTC 2019
------------------ testing $PTII/ptolemy/domains/de/test/auto/DepthTest4.xml
auto.tcl: Setting watchdog for 200 seconds at Tue Nov 05 06:09:54 UTC 2019
9 ms. Memory: 45056K Free: 26886K (60%)
ptolemy.util.test.WatchDog.cancel(): canceling Tue Nov 05 06:09:54 UTC 2019
auto.tcl: Setting watchdog for 200 seconds at Tue Nov 05 06:09:54 UTC 2019
2 ms. Memory: 45056K Free: 26163K (58%)
ptolemy.util.test.WatchDog.cancel(): canceling Tue Nov 05 06:09:54 UTC 2019
------------------ testing $PTII/ptolemy/domains/de/test/auto/DepthTest5.xml
auto.tcl: Setting watchdog for 200 seconds at Tue Nov 05 06:09:54 UTC 2019
4 ms. Memory: 45056K Free: 26290K (58%)
ptolemy.util.test.WatchDog.cancel(): canceling Tue Nov 05 06:09:54 UTC 2019
auto.tcl: Setting watchdog for 200 seconds at Tue Nov 05 06:09:54 UTC 2019
3 ms. Memory: 45056K Free: 25550K (57%)
ptolemy.util.test.WatchDog.cancel(): canceling Tue Nov 05 06:09:54 UTC 2019
------------------ testing $PTII/ptolemy/domains/de/test/auto/DepthTest6.xml
auto.tcl: Setting watchdog for 200 seconds at Tue Nov 05 06:09:54 UTC 2019
4 ms. Memory: 45056K Free: 25943K (58%)
ptolemy.util.test.WatchDog.cancel(): canceling Tue Nov 05 06:09:54 UTC 2019
auto.tcl: Setting watchdog for 200 seconds at Tue Nov 05 06:09:54 UTC 2019
3 ms. Memory: 45056K Free: 25461K (57%)
ptolemy.util.test.WatchDog.cancel(): canceling Tue Nov 05 06:09:54 UTC 2019
------------------ testing $PTII/ptolemy/domains/de/test/auto/DepthTest7.xml
auto.tcl: Setting watchdog for 200 seconds at Tue Nov 05 06:09:54 UTC 2019
3 ms. Memory: 45056K Free: 26811K (60%)
ptolemy.util.test.WatchDog.cancel(): canceling Tue Nov 05 06:09:54 UTC 2019
auto.tcl: Setting watchdog for 200 seconds at Tue Nov 05 06:09:54 UTC 2019
2 ms. Memory: 45056K Free: 26096K (58%)
ptolemy.util.test.WatchDog.cancel(): canceling Tue Nov 05 06:09:54 UTC 2019
------------------ testing $PTII/ptolemy/domains/de/test/auto/EventToDate.xml
auto.tcl: Setting watchdog for 200 seconds at Tue Nov 05 06:09:54 UTC 2019
3007 ms. Memory: 45056K Free: 17586K (39%)
ptolemy.util.test.WatchDog.cancel(): canceling Tue Nov 05 06:09:57 UTC 2019
auto.tcl: Setting watchdog for 200 seconds at Tue Nov 05 06:09:58 UTC 2019
3005 ms. Memory: 45056K Free: 16915K (38%)
ptolemy.util.test.WatchDog.cancel(): canceling Tue Nov 05 06:10:01 UTC 2019
------------------ testing $PTII/ptolemy/domains/de/test/auto/FSM1.xml
auto.tcl: Setting watchdog for 200 seconds at Tue Nov 05 06:10:01 UTC 2019
21 ms. Memory: 45056K Free: 18294K (41%)
ptolemy.util.test.WatchDog.cancel(): canceling Tue Nov 05 06:10:01 UTC 2019
auto.tcl: Setting watchdog for 200 seconds at Tue Nov 05 06:10:01 UTC 2019
16 ms. Memory: 45056K Free: 15172K (34%)
ptolemy.util.test.WatchDog.cancel(): canceling Tue Nov 05 06:10:01 UTC 2019
------------------ testing $PTII/ptolemy/domains/de/test/auto/FSM7.xml
auto.tcl: Setting watchdog for 200 seconds at Tue Nov 05 06:10:01 UTC 2019
17 ms. Memory: 45056K Free: 18735K (42%)
ptolemy.util.test.WatchDog.cancel(): canceling Tue Nov 05 06:10:01 UTC 2019
auto.tcl: Setting watchdog for 200 seconds at Tue Nov 05 06:10:01 UTC 2019
20 ms. Memory: 45056K Free: 15428K (34%)
ptolemy.util.test.WatchDog.cancel(): canceling Tue Nov 05 06:10:01 UTC 2019
------------------ testing $PTII/ptolemy/domains/de/test/auto/Inspection.xml
auto.tcl: Setting watchdog for 200 seconds at Tue Nov 05 06:10:01 UTC 2019
28 ms. Memory: 45056K Free: 18569K (41%)
ptolemy.util.test.WatchDog.cancel(): canceling Tue Nov 05 06:10:01 UTC 2019
auto.tcl: Setting watchdog for 200 seconds at Tue Nov 05 06:10:01 UTC 2019
18 ms. Memory: 45056K Free: 16818K (37%)
ptolemy.util.test.WatchDog.cancel(): canceling Tue Nov 05 06:10:01 UTC 2019
------------------ testing $PTII/ptolemy/domains/de/test/auto/Iteration.xml
auto.tcl: Setting watchdog for 200 seconds at Tue Nov 05 06:10:01 UTC 2019
7 ms. Memory: 45056K Free: 24269K (54%)
ptolemy.util.test.WatchDog.cancel(): canceling Tue Nov 05 06:10:01 UTC 2019
auto.tcl: Setting watchdog for 200 seconds at Tue Nov 05 06:10:01 UTC 2019
7 ms. Memory: 45056K Free: 22875K (51%)
ptolemy.util.test.WatchDog.cancel(): canceling Tue Nov 05 06:10:01 UTC 2019
------------------ testing $PTII/ptolemy/domains/de/test/auto/LineFault.xml
auto.tcl: Setting watchdog for 200 seconds at Tue Nov 05 06:10:01 UTC 2019
680 ms. Memory: 54272K Free: 18667K (34%)
ptolemy.util.test.WatchDog.cancel(): canceling Tue Nov 05 06:10:02 UTC 2019
auto.tcl: Setting watchdog for 200 seconds at Tue Nov 05 06:10:02 UTC 2019
567 ms. Memory: 54272K Free: 30017K (55%)
ptolemy.util.test.WatchDog.cancel(): canceling Tue Nov 05 06:10:03 UTC 2019
------------------ testing $PTII/ptolemy/domains/de/test/auto/MergeModel1Add.xml
auto.tcl: Setting watchdog for 200 seconds at Tue Nov 05 06:10:03 UTC 2019
30 ms. Memory: 51200K Free: 16398K (32%)
ptolemy.util.test.WatchDog.cancel(): canceling Tue Nov 05 06:10:03 UTC 2019
auto.tcl: Setting watchdog for 200 seconds at Tue Nov 05 06:10:03 UTC 2019
15 ms. Memory: 51200K Free: 14894K (29%)
ptolemy.util.test.WatchDog.cancel(): canceling Tue Nov 05 06:10:03 UTC 2019
------------------ testing $PTII/ptolemy/domains/de/test/auto/MergeModel2Add.xml
auto.tcl: Setting watchdog for 200 seconds at Tue Nov 05 06:10:03 UTC 2019
11 ms. Memory: 48128K Free: 15396K (32%)
ptolemy.util.test.WatchDog.cancel(): canceling Tue Nov 05 06:10:03 UTC 2019
auto.tcl: Setting watchdog for 200 seconds at Tue Nov 05 06:10:03 UTC 2019
9 ms. Memory: 48128K Free: 13451K (28%)
ptolemy.util.test.WatchDog.cancel(): canceling Tue Nov 05 06:10:03 UTC 2019
------------------ testing $PTII/ptolemy/domains/de/test/auto/MergeModel3Add.xml
auto.tcl: Setting watchdog for 200 seconds at Tue Nov 05 06:10:03 UTC 2019
10 ms. Memory: 48128K Free: 15439K (32%)
ptolemy.util.test.WatchDog.cancel(): canceling Tue Nov 05 06:10:03 UTC 2019
auto.tcl: Setting watchdog for 200 seconds at Tue Nov 05 06:10:03 UTC 2019
9 ms. Memory: 48128K Free: 13844K (29%)
ptolemy.util.test.WatchDog.cancel(): canceling Tue Nov 05 06:10:03 UTC 2019
------------------ testing $PTII/ptolemy/domains/de/test/auto/MergeWithoutDiscard.xml
auto.tcl: Setting watchdog for 200 seconds at Tue Nov 05 06:10:03 UTC 2019
2 ms. Memory: 48128K Free: 29968K (62%)
ptolemy.util.test.WatchDog.cancel(): canceling Tue Nov 05 06:10:03 UTC 2019
auto.tcl: Setting watchdog for 200 seconds at Tue Nov 05 06:10:03 UTC 2019
1 ms. Memory: 48128K Free: 29585K (61%)
ptolemy.util.test.WatchDog.cancel(): canceling Tue Nov 05 06:10:03 UTC 2019
------------------ testing $PTII/ptolemy/domains/de/test/auto/Modal1.xml
auto.tcl: Setting watchdog for 200 seconds at Tue Nov 05 06:10:03 UTC 2019
22 ms. Memory: 48128K Free: 21891K (45%)
ptolemy.util.test.WatchDog.cancel(): canceling Tue Nov 05 06:10:03 UTC 2019
auto.tcl: Setting watchdog for 200 seconds at Tue Nov 05 06:10:03 UTC 2019
23 ms. Memory: 48128K Free: 18449K (38%)
ptolemy.util.test.WatchDog.cancel(): canceling Tue Nov 05 06:10:03 UTC 2019
------------------ testing $PTII/ptolemy/domains/de/test/auto/Modal2.xml
auto.tcl: Setting watchdog for 200 seconds at Tue Nov 05 06:10:03 UTC 2019
21 ms. Memory: 48128K Free: 21983K (46%)
ptolemy.util.test.WatchDog.cancel(): canceling Tue Nov 05 06:10:03 UTC 2019
auto.tcl: Setting watchdog for 200 seconds at Tue Nov 05 06:10:03 UTC 2019
15 ms. Memory: 48128K Free: 18752K (39%)
ptolemy.util.test.WatchDog.cancel(): canceling Tue Nov 05 06:10:03 UTC 2019
------------------ testing $PTII/ptolemy/domains/de/test/auto/Modal3.xml
auto.tcl: Setting watchdog for 200 seconds at Tue Nov 05 06:10:03 UTC 2019
15 ms. Memory: 48128K Free: 21978K (46%)
ptolemy.util.test.WatchDog.cancel(): canceling Tue Nov 05 06:10:03 UTC 2019
auto.tcl: Setting watchdog for 200 seconds at Tue Nov 05 06:10:03 UTC 2019
12 ms. Memory: 48128K Free: 18774K (39%)
ptolemy.util.test.WatchDog.cancel(): canceling Tue Nov 05 06:10:03 UTC 2019
------------------ testing $PTII/ptolemy/domains/de/test/auto/Modal4.xml
auto.tcl: Setting watchdog for 200 seconds at Tue Nov 05 06:10:03 UTC 2019
30 ms. Memory: 48128K Free: 20705K (43%)
ptolemy.util.test.WatchDog.cancel(): canceling Tue Nov 05 06:10:04 UTC 2019
auto.tcl: Setting watchdog for 200 seconds at Tue Nov 05 06:10:04 UTC 2019
18 ms. Memory: 48128K Free: 16724K (35%)
ptolemy.util.test.WatchDog.cancel(): canceling Tue Nov 05 06:10:04 UTC 2019
------------------ testing $PTII/ptolemy/domains/de/test/auto/Modal5.xml
auto.tcl: Setting watchdog for 200 seconds at Tue Nov 05 06:10:04 UTC 2019
15 ms. Memory: 48128K Free: 20921K (43%)
ptolemy.util.test.WatchDog.cancel(): canceling Tue Nov 05 06:10:04 UTC 2019
auto.tcl: Setting watchdog for 200 seconds at Tue Nov 05 06:10:04 UTC 2019
16 ms. Memory: 48128K Free: 17083K (35%)
ptolemy.util.test.WatchDog.cancel(): canceling Tue Nov 05 06:10:04 UTC 2019
------------------ testing $PTII/ptolemy/domains/de/test/auto/Modal6.xml
auto.tcl: Setting watchdog for 200 seconds at Tue Nov 05 06:10:04 UTC 2019
16 ms. Memory: 48128K Free: 21698K (45%)
ptolemy.util.test.WatchDog.cancel(): canceling Tue Nov 05 06:10:04 UTC 2019
auto.tcl: Setting watchdog for 200 seconds at Tue Nov 05 06:10:04 UTC 2019
17 ms. Memory: 48128K Free: 17744K (37%)
ptolemy.util.test.WatchDog.cancel(): canceling Tue Nov 05 06:10:04 UTC 2019
------------------ testing $PTII/ptolemy/domains/de/test/auto/Modal7.xml
auto.tcl: Setting watchdog for 200 seconds at Tue Nov 05 06:10:04 UTC 2019
14 ms. Memory: 48128K Free: 20697K (43%)
ptolemy.util.test.WatchDog.cancel(): canceling Tue Nov 05 06:10:04 UTC 2019
auto.tcl: Setting watchdog for 200 seconds at Tue Nov 05 06:10:04 UTC 2019
9 ms. Memory: 48128K Free: 17388K (36%)
ptolemy.util.test.WatchDog.cancel(): canceling Tue Nov 05 06:10:04 UTC 2019
------------------ testing $PTII/ptolemy/domains/de/test/auto/ModalModel.xml
auto.tcl: Setting watchdog for 200 seconds at Tue Nov 05 06:10:04 UTC 2019
168 ms. Memory: 58368K Free: 19204K (33%)
ptolemy.util.test.WatchDog.cancel(): canceling Tue Nov 05 06:10:04 UTC 2019
auto.tcl: Setting watchdog for 200 seconds at Tue Nov 05 06:10:04 UTC 2019
193 ms. Memory: 58368K Free: 42370K (73%)
ptolemy.util.test.WatchDog.cancel(): canceling Tue Nov 05 06:10:04 UTC 2019
------------------ testing $PTII/ptolemy/domains/de/test/auto/ModalSource.xml
auto.tcl: Setting watchdog for 200 seconds at Tue Nov 05 06:10:04 UTC 2019
8 ms. Memory: 48128K Free: 25773K (54%)
ptolemy.util.test.WatchDog.cancel(): canceling Tue Nov 05 06:10:04 UTC 2019
auto.tcl: Setting watchdog for 200 seconds at Tue Nov 05 06:10:04 UTC 2019
6 ms. Memory: 48128K Free: 23708K (49%)
ptolemy.util.test.WatchDog.cancel(): canceling Tue Nov 05 06:10:04 UTC 2019
------------------ testing $PTII/ptolemy/domains/de/test/auto/NonInterruptibleTimerZeroDelay.xml
auto.tcl: Setting watchdog for 200 seconds at Tue Nov 05 06:10:05 UTC 2019
4 ms. Memory: 48128K Free: 30985K (64%)
ptolemy.util.test.WatchDog.cancel(): canceling Tue Nov 05 06:10:05 UTC 2019
auto.tcl: Setting watchdog for 200 seconds at Tue Nov 05 06:10:05 UTC 2019
2 ms. Memory: 48128K Free: 30076K (62%)
ptolemy.util.test.WatchDog.cancel(): canceling Tue Nov 05 06:10:05 UTC 2019
------------------ testing $PTII/ptolemy/domains/de/test/auto/OpenQueueingNetwork.xml
auto.tcl: Setting watchdog for 200 seconds at Tue Nov 05 06:10:05 UTC 2019
2852 ms. Memory: 113664K Free: 74773K (66%)
ptolemy.util.test.WatchDog.cancel(): canceling Tue Nov 05 06:10:08 UTC 2019
auto.tcl: Setting watchdog for 200 seconds at Tue Nov 05 06:10:08 UTC 2019
2594 ms. Memory: 164864K Free: 120894K (73%)
ptolemy.util.test.WatchDog.cancel(): canceling Tue Nov 05 06:10:10 UTC 2019
------------------ testing $PTII/ptolemy/domains/de/test/auto/OpenQueuingNetwork.xml
auto.tcl: Setting watchdog for 200 seconds at Tue Nov 05 06:10:10 UTC 2019
235 ms. Memory: 51200K Free: 17984K (35%)
ptolemy.util.test.WatchDog.cancel(): canceling Tue Nov 05 06:10:11 UTC 2019
auto.tcl: Setting watchdog for 200 seconds at Tue Nov 05 06:10:11 UTC 2019
235 ms. Memory: 51200K Free: 23255K (45%)
ptolemy.util.test.WatchDog.cancel(): canceling Tue Nov 05 06:10:11 UTC 2019
------------------ testing $PTII/ptolemy/domains/de/test/auto/PeriodicSampler.xml
auto.tcl: Setting watchdog for 200 seconds at Tue Nov 05 06:10:11 UTC 2019
3 ms. Memory: 51200K Free: 32962K (64%)
ptolemy.util.test.WatchDog.cancel(): canceling Tue Nov 05 06:10:11 UTC 2019
auto.tcl: Setting watchdog for 200 seconds at Tue Nov 05 06:10:11 UTC 2019
2 ms. Memory: 51200K Free: 32475K (63%)
ptolemy.util.test.WatchDog.cancel(): canceling Tue Nov 05 06:10:11 UTC 2019
------------------ testing $PTII/ptolemy/domains/de/test/auto/PersistentIO.xml
auto.tcl: Setting watchdog for 200 seconds at Tue Nov 05 06:10:11 UTC 2019
4 ms. Memory: 51200K Free: 27886K (54%)
ptolemy.util.test.WatchDog.cancel(): canceling Tue Nov 05 06:10:11 UTC 2019
auto.tcl: Setting watchdog for 200 seconds at Tue Nov 05 06:10:11 UTC 2019
4 ms. Memory: 51200K Free: 26448K (52%)
ptolemy.util.test.WatchDog.cancel(): canceling Tue Nov 05 06:10:11 UTC 2019
------------------ testing $PTII/ptolemy/domains/de/test/auto/PortParameterResetOnInitialize.xml
auto.tcl: Setting watchdog for 200 seconds at Tue Nov 05 06:10:11 UTC 2019
2 ms. Memory: 51200K Free: 32878K (64%)
ptolemy.util.test.WatchDog.cancel(): canceling Tue Nov 05 06:10:11 UTC 2019
auto.tcl: Setting watchdog for 200 seconds at Tue Nov 05 06:10:11 UTC 2019
1 ms. Memory: 51200K Free: 32407K (63%)
ptolemy.util.test.WatchDog.cancel(): canceling Tue Nov 05 06:10:11 UTC 2019
------------------ testing $PTII/ptolemy/domains/de/test/auto/PortParameterUpdates.xml
auto.tcl: Setting watchdog for 200 seconds at Tue Nov 05 06:10:11 UTC 2019
5 ms. Memory: 51200K Free: 30938K (60%)
ptolemy.util.test.WatchDog.cancel(): canceling Tue Nov 05 06:10:11 UTC 2019
auto.tcl: Setting watchdog for 200 seconds at Tue Nov 05 06:10:11 UTC 2019
5 ms. Memory: 51200K Free: 29513K (58%)
ptolemy.util.test.WatchDog.cancel(): canceling Tue Nov 05 06:10:11 UTC 2019
------------------ testing $PTII/ptolemy/domains/de/test/auto/QueueAndServer.xml
auto.tcl: Setting watchdog for 200 seconds at Tue Nov 05 06:10:11 UTC 2019
14 ms. Memory: 51200K Free: 29908K (58%)
ptolemy.util.test.WatchDog.cancel(): canceling Tue Nov 05 06:10:11 UTC 2019
auto.tcl: Setting watchdog for 200 seconds at Tue Nov 05 06:10:11 UTC 2019
7 ms. Memory: 51200K Free: 28471K (56%)
ptolemy.util.test.WatchDog.cancel(): canceling Tue Nov 05 06:10:11 UTC 2019
------------------ testing $PTII/ptolemy/domains/de/test/auto/Records.xml
auto.tcl: Setting watchdog for 200 seconds at Tue Nov 05 06:10:11 UTC 2019
4 ms. Memory: 48128K Free: 29346K (61%)
ptolemy.util.test.WatchDog.cancel(): canceling Tue Nov 05 06:10:11 UTC 2019
auto.tcl: Setting watchdog for 200 seconds at Tue Nov 05 06:10:11 UTC 2019
2 ms. Memory: 48128K Free: 28884K (60%)
ptolemy.util.test.WatchDog.cancel(): canceling Tue Nov 05 06:10:11 UTC 2019
------------------ testing $PTII/ptolemy/domains/de/test/auto/ResetTransitionWithStartTime1.xml
auto.tcl: Setting watchdog for 200 seconds at Tue Nov 05 06:10:11 UTC 2019
17 ms. Memory: 48128K Free: 26458K (55%)
ptolemy.util.test.WatchDog.cancel(): canceling Tue Nov 05 06:10:11 UTC 2019
auto.tcl: Setting watchdog for 200 seconds at Tue Nov 05 06:10:11 UTC 2019
6 ms. Memory: 48128K Free: 23795K (49%)
ptolemy.util.test.WatchDog.cancel(): canceling Tue Nov 05 06:10:11 UTC 2019
------------------ testing $PTII/ptolemy/domains/de/test/auto/ResetTransitionWithStartTime2.xml
auto.tcl: Setting watchdog for 200 seconds at Tue Nov 05 06:10:11 UTC 2019
5 ms. Memory: 48128K Free: 26253K (55%)
ptolemy.util.test.WatchDog.cancel(): canceling Tue Nov 05 06:10:11 UTC 2019
auto.tcl: Setting watchdog for 200 seconds at Tue Nov 05 06:10:11 UTC 2019
5 ms. Memory: 48128K Free: 23750K (49%)
ptolemy.util.test.WatchDog.cancel(): canceling Tue Nov 05 06:10:11 UTC 2019
------------------ testing $PTII/ptolemy/domains/de/test/auto/ResetTransitionWithStartTime3.xml
auto.tcl: Setting watchdog for 200 seconds at Tue Nov 05 06:10:11 UTC 2019
16 ms. Memory: 48128K Free: 26252K (55%)
ptolemy.util.test.WatchDog.cancel(): canceling Tue Nov 05 06:10:12 UTC 2019
auto.tcl: Setting watchdog for 200 seconds at Tue Nov 05 06:10:12 UTC 2019
6 ms. Memory: 48128K Free: 23733K (49%)
ptolemy.util.test.WatchDog.cancel(): canceling Tue Nov 05 06:10:12 UTC 2019
------------------ testing $PTII/ptolemy/domains/de/test/auto/ResetTransitionWithStartTime4.xml
auto.tcl: Setting watchdog for 200 seconds at Tue Nov 05 06:10:12 UTC 2019
7 ms. Memory: 48128K Free: 26737K (56%)
ptolemy.util.test.WatchDog.cancel(): canceling Tue Nov 05 06:10:12 UTC 2019
auto.tcl: Setting watchdog for 200 seconds at Tue Nov 05 06:10:12 UTC 2019
4 ms. Memory: 48128K Free: 25358K (53%)
ptolemy.util.test.WatchDog.cancel(): canceling Tue Nov 05 06:10:12 UTC 2019
------------------ testing $PTII/ptolemy/domains/de/test/auto/ResettableTimer1.xml
auto.tcl: Setting watchdog for 200 seconds at Tue Nov 05 06:10:12 UTC 2019
4 ms. Memory: 48128K Free: 30753K (64%)
ptolemy.util.test.WatchDog.cancel(): canceling Tue Nov 05 06:10:12 UTC 2019
auto.tcl: Setting watchdog for 200 seconds at Tue Nov 05 06:10:12 UTC 2019
3 ms. Memory: 48128K Free: 29863K (62%)
ptolemy.util.test.WatchDog.cancel(): canceling Tue Nov 05 06:10:12 UTC 2019
------------------ testing $PTII/ptolemy/domains/de/test/auto/ResettableTimer2.xml
auto.tcl: Setting watchdog for 200 seconds at Tue Nov 05 06:10:12 UTC 2019
2 ms. Memory: 48128K Free: 30850K (64%)
ptolemy.util.test.WatchDog.cancel(): canceling Tue Nov 05 06:10:12 UTC 2019
auto.tcl: Setting watchdog for 200 seconds at Tue Nov 05 06:10:12 UTC 2019
2 ms. Memory: 48128K Free: 29930K (62%)
ptolemy.util.test.WatchDog.cancel(): canceling Tue Nov 05 06:10:12 UTC 2019
------------------ testing $PTII/ptolemy/domains/de/test/auto/ResettableTimer3.xml
auto.tcl: Setting watchdog for 200 seconds at Tue Nov 05 06:10:12 UTC 2019
1 ms. Memory: 48128K Free: 30419K (63%)
ptolemy.util.test.WatchDog.cancel(): canceling Tue Nov 05 06:10:12 UTC 2019
auto.tcl: Setting watchdog for 200 seconds at Tue Nov 05 06:10:12 UTC 2019
1 ms. Memory: 48128K Free: 29944K (62%)
ptolemy.util.test.WatchDog.cancel(): canceling Tue Nov 05 06:10:12 UTC 2019
------------------ testing $PTII/ptolemy/domains/de/test/auto/ResettableTimer4.xml
auto.tcl: Setting watchdog for 200 seconds at Tue Nov 05 06:10:12 UTC 2019
2 ms. Memory: 48128K Free: 30469K (63%)
ptolemy.util.test.WatchDog.cancel(): canceling Tue Nov 05 06:10:12 UTC 2019
auto.tcl: Setting watchdog for 200 seconds at Tue Nov 05 06:10:12 UTC 2019
1 ms. Memory: 48128K Free: 29957K (62%)
ptolemy.util.test.WatchDog.cancel(): canceling Tue Nov 05 06:10:12 UTC 2019
------------------ testing $PTII/ptolemy/domains/de/test/auto/ResettableTimer5.xml
auto.tcl: Setting watchdog for 200 seconds at Tue Nov 05 06:10:12 UTC 2019
1 ms. Memory: 48128K Free: 29876K (62%)
ptolemy.util.test.WatchDog.cancel(): canceling Tue Nov 05 06:10:12 UTC 2019
auto.tcl: Setting watchdog for 200 seconds at Tue Nov 05 06:10:12 UTC 2019
1 ms. Memory: 48128K Free: 29421K (61%)
ptolemy.util.test.WatchDog.cancel(): canceling Tue Nov 05 06:10:12 UTC 2019
------------------ testing $PTII/ptolemy/domains/de/test/auto/ResettableTimer6.xml
auto.tcl: Setting watchdog for 200 seconds at Tue Nov 05 06:10:12 UTC 2019
2 ms. Memory: 48128K Free: 29842K (62%)
ptolemy.util.test.WatchDog.cancel(): canceling Tue Nov 05 06:10:12 UTC 2019
auto.tcl: Setting watchdog for 200 seconds at Tue Nov 05 06:10:12 UTC 2019
2 ms. Memory: 48128K Free: 29362K (61%)
ptolemy.util.test.WatchDog.cancel(): canceling Tue Nov 05 06:10:12 UTC 2019
------------------ testing $PTII/ptolemy/domains/de/test/auto/ServerZeroDelay.xml
auto.tcl: Setting watchdog for 200 seconds at Tue Nov 05 06:10:12 UTC 2019
3 ms. Memory: 48128K Free: 30377K (63%)
ptolemy.util.test.WatchDog.cancel(): canceling Tue Nov 05 06:10:12 UTC 2019
auto.tcl: Setting watchdog for 200 seconds at Tue Nov 05 06:10:12 UTC 2019
3 ms. Memory: 48128K Free: 29499K (61%)
ptolemy.util.test.WatchDog.cancel(): canceling Tue Nov 05 06:10:12 UTC 2019
------------------ testing $PTII/ptolemy/domains/de/test/auto/SmartSender.xml
auto.tcl: Setting watchdog for 200 seconds at Tue Nov 05 06:10:12 UTC 2019
3002 ms. Memory: 48128K Free: 30430K (63%)
ptolemy.util.test.WatchDog.cancel(): canceling Tue Nov 05 06:10:15 UTC 2019
auto.tcl: Setting watchdog for 200 seconds at Tue Nov 05 06:10:15 UTC 2019
3002 ms. Memory: 48128K Free: 29910K (62%)
ptolemy.util.test.WatchDog.cancel(): canceling Tue Nov 05 06:10:18 UTC 2019
------------------ testing $PTII/ptolemy/domains/de/test/auto/ThreadedComposite.xml
auto.tcl: Setting watchdog for 200 seconds at Tue Nov 05 06:10:18 UTC 2019
164 ms. Memory: 48128K Free: 11440K (24%)
ptolemy.util.test.WatchDog.cancel(): canceling Tue Nov 05 06:10:18 UTC 2019
auto.tcl: Setting watchdog for 200 seconds at Tue Nov 05 06:10:18 UTC 2019
120 ms. Memory: 58368K Free: 34717K (59%)
ptolemy.util.test.WatchDog.cancel(): canceling Tue Nov 05 06:10:18 UTC 2019
------------------ testing $PTII/ptolemy/domains/de/test/auto/Time.xml
auto.tcl: Setting watchdog for 200 seconds at Tue Nov 05 06:10:19 UTC 2019
576 ms. Memory: 48128K Free: 28074K (58%)
ptolemy.util.test.WatchDog.cancel(): canceling Tue Nov 05 06:10:19 UTC 2019
auto.tcl: Setting watchdog for 200 seconds at Tue Nov 05 06:10:19 UTC 2019
559 ms. Memory: 48128K Free: 26083K (54%)
ptolemy.util.test.WatchDog.cancel(): canceling Tue Nov 05 06:10:20 UTC 2019
------------------ testing $PTII/ptolemy/domains/de/test/auto/TimeDelayZeroDelay.xml
auto.tcl: Setting watchdog for 200 seconds at Tue Nov 05 06:10:20 UTC 2019
2 ms. Memory: 48128K Free: 30806K (64%)
ptolemy.util.test.WatchDog.cancel(): canceling Tue Nov 05 06:10:20 UTC 2019
auto.tcl: Setting watchdog for 200 seconds at Tue Nov 05 06:10:20 UTC 2019
1 ms. Memory: 48128K Free: 29906K (62%)
ptolemy.util.test.WatchDog.cancel(): canceling Tue Nov 05 06:10:20 UTC 2019
------------------ testing $PTII/ptolemy/domains/de/test/auto/TimerZeroDelay.xml
auto.tcl: Setting watchdog for 200 seconds at Tue Nov 05 06:10:20 UTC 2019
3 ms. Memory: 48128K Free: 30841K (64%)
ptolemy.util.test.WatchDog.cancel(): canceling Tue Nov 05 06:10:20 UTC 2019
auto.tcl: Setting watchdog for 200 seconds at Tue Nov 05 06:10:20 UTC 2019
1 ms. Memory: 48128K Free: 30345K (63%)
ptolemy.util.test.WatchDog.cancel(): canceling Tue Nov 05 06:10:20 UTC 2019
------------------ testing $PTII/ptolemy/domains/de/test/auto/TimingParadox.xml
auto.tcl: Setting watchdog for 200 seconds at Tue Nov 05 06:10:20 UTC 2019
392 ms. Memory: 48128K Free: 13525K (28%)
ptolemy.util.test.WatchDog.cancel(): canceling Tue Nov 05 06:10:20 UTC 2019
auto.tcl: Setting watchdog for 200 seconds at Tue Nov 05 06:10:20 UTC 2019
385 ms. Memory: 48128K Free: 25519K (53%)
ptolemy.util.test.WatchDog.cancel(): canceling Tue Nov 05 06:10:21 UTC 2019
------------------ testing $PTII/ptolemy/domains/de/test/auto/TransferInputs.xml
auto.tcl: Setting watchdog for 200 seconds at Tue Nov 05 06:10:21 UTC 2019
1 ms. Memory: 48128K Free: 28813K (60%)
ptolemy.util.test.WatchDog.cancel(): canceling Tue Nov 05 06:10:21 UTC 2019
auto.tcl: Setting watchdog for 200 seconds at Tue Nov 05 06:10:21 UTC 2019
2 ms. Memory: 48128K Free: 27977K (58%)
ptolemy.util.test.WatchDog.cancel(): canceling Tue Nov 05 06:10:21 UTC 2019
------------------ testing $PTII/ptolemy/domains/de/test/auto/TransferOutputs2.xml
auto.tcl: Setting watchdog for 200 seconds at Tue Nov 05 06:10:21 UTC 2019
3 ms. Memory: 48128K Free: 26255K (55%)
ptolemy.util.test.WatchDog.cancel(): canceling Tue Nov 05 06:10:21 UTC 2019
auto.tcl: Setting watchdog for 200 seconds at Tue Nov 05 06:10:21 UTC 2019
2 ms. Memory: 48128K Free: 24878K (52%)
ptolemy.util.test.WatchDog.cancel(): canceling Tue Nov 05 06:10:21 UTC 2019
------------------ testing $PTII/ptolemy/domains/de/test/auto/Trilateration.xml
auto.tcl: Setting watchdog for 200 seconds at Tue Nov 05 06:10:21 UTC 2019
14159 ms. Memory: 487424K Free: 382711K (79%)
ptolemy.util.test.WatchDog.cancel(): canceling Tue Nov 05 06:10:36 UTC 2019
auto.tcl: Setting watchdog for 200 seconds at Tue Nov 05 06:10:36 UTC 2019
10980 ms. Memory: 487424K Free: 325912K (67%)
ptolemy.util.test.WatchDog.cancel(): canceling Tue Nov 05 06:10:47 UTC 2019
------------------ testing $PTII/ptolemy/domains/de/test/auto/TwoSigmaDelta.xml
auto.tcl: Setting watchdog for 200 seconds at Tue Nov 05 06:10:47 UTC 2019
2601 ms. Memory: 89088K Free: 21353K (24%)
ptolemy.util.test.WatchDog.cancel(): canceling Tue Nov 05 06:10:50 UTC 2019
auto.tcl: Setting watchdog for 200 seconds at Tue Nov 05 06:10:50 UTC 2019
2101 ms. Memory: 89088K Free: 14672K (16%)
ptolemy.util.test.WatchDog.cancel(): canceling Tue Nov 05 06:10:52 UTC 2019
------------------ testing $PTII/ptolemy/domains/de/test/auto/VariableDelay.xml
auto.tcl: Setting watchdog for 200 seconds at Tue Nov 05 06:10:52 UTC 2019
2 ms. Memory: 51200K Free: 32361K (63%)
ptolemy.util.test.WatchDog.cancel(): canceling Tue Nov 05 06:10:52 UTC 2019
auto.tcl: Setting watchdog for 200 seconds at Tue Nov 05 06:10:52 UTC 2019
1 ms. Memory: 51200K Free: 31337K (61%)
ptolemy.util.test.WatchDog.cancel(): canceling Tue Nov 05 06:10:52 UTC 2019
------------------ testing $PTII/ptolemy/domains/de/test/auto/VariableDelay2.xml
auto.tcl: Setting watchdog for 200 seconds at Tue Nov 05 06:10:52 UTC 2019
2 ms. Memory: 51200K Free: 32685K (64%)
ptolemy.util.test.WatchDog.cancel(): canceling Tue Nov 05 06:10:52 UTC 2019
auto.tcl: Setting watchdog for 200 seconds at Tue Nov 05 06:10:52 UTC 2019
2 ms. Memory: 51200K Free: 31735K (62%)
ptolemy.util.test.WatchDog.cancel(): canceling Tue Nov 05 06:10:52 UTC 2019
------------------ testing $PTII/ptolemy/domains/de/test/auto/VariableDelayZeroDelay.xml
auto.tcl: Setting watchdog for 200 seconds at Tue Nov 05 06:10:52 UTC 2019
2 ms. Memory: 51200K Free: 33303K (65%)
ptolemy.util.test.WatchDog.cancel(): canceling Tue Nov 05 06:10:52 UTC 2019
auto.tcl: Setting watchdog for 200 seconds at Tue Nov 05 06:10:52 UTC 2019
2 ms. Memory: 51200K Free: 32789K (64%)
ptolemy.util.test.WatchDog.cancel(): canceling Tue Nov 05 06:10:52 UTC 2019
------------------ testing $PTII/ptolemy/domains/de/test/auto/VariableDelayZeroDelay2.xml
auto.tcl: Setting watchdog for 200 seconds at Tue Nov 05 06:10:52 UTC 2019
2 ms. Memory: 51200K Free: 33302K (65%)
ptolemy.util.test.WatchDog.cancel(): canceling Tue Nov 05 06:10:53 UTC 2019
auto.tcl: Setting watchdog for 200 seconds at Tue Nov 05 06:10:53 UTC 2019
2 ms. Memory: 51200K Free: 32278K (63%)
ptolemy.util.test.WatchDog.cancel(): canceling Tue Nov 05 06:10:53 UTC 2019
------------------ testing $PTII/ptolemy/domains/de/test/auto/deInCt.xml
auto.tcl: Setting watchdog for 200 seconds at Tue Nov 05 06:10:53 UTC 2019
0
1
1
1
1
0
0
0
1
1
1
1
1
0
0
0
1
1
1
0
0
0
1
1
1
0
0
0
1
1
1
1
0
0
1
1
1
1
19 ms. Memory: 51200K Free: 32275K (63%)
ptolemy.util.test.WatchDog.cancel(): canceling Tue Nov 05 06:10:53 UTC 2019
auto.tcl: Setting watchdog for 200 seconds at Tue Nov 05 06:10:53 UTC 2019
0
1
1
1
0
0
0
1
1
1
0
0
0
1
1
1
0
0
0
1
1
1
1
1
0
0
0
1
1
1
0
0
0
1
1
1
1
1
6 ms. Memory: 51200K Free: 30737K (60%)
ptolemy.util.test.WatchDog.cancel(): canceling Tue Nov 05 06:10:53 UTC 2019
------------------ testing $PTII/ptolemy/domains/de/test/auto/deInCt2.xml
auto.tcl: Setting watchdog for 200 seconds at Tue Nov 05 06:10:53 UTC 2019
0
1
1
1
0
0
1
1
1
0
0
1
1
1
0
0
1
1
1
0
0
1
1
1
0
0
1
1
1
0
0
1
1
1
0
0
1
1
1
0
0
0
19 ms. Memory: 51200K Free: 32277K (63%)
ptolemy.util.test.WatchDog.cancel(): canceling Tue Nov 05 06:10:53 UTC 2019
auto.tcl: Setting watchdog for 200 seconds at Tue Nov 05 06:10:53 UTC 2019
0
1
1
1
0
0
1
1
1
0
0
1
1
1
0
0
1
1
1
0
0
1
1
1
0
0
1
1
1
0
0
1
1
1
0
0
1
1
1
0
0
0
9 ms. Memory: 51200K Free: 30739K (60%)
ptolemy.util.test.WatchDog.cancel(): canceling Tue Nov 05 06:10:53 UTC 2019
------------------ testing $PTII/ptolemy/domains/de/test/auto/dynamicCausalityInterface1.xml
auto.tcl: Setting watchdog for 200 seconds at Tue Nov 05 06:10:53 UTC 2019
1 ms. Memory: 51200K Free: 28175K (55%)
ptolemy.util.test.WatchDog.cancel(): canceling Tue Nov 05 06:10:53 UTC 2019
auto.tcl: Setting watchdog for 200 seconds at Tue Nov 05 06:10:53 UTC 2019
1 ms. Memory: 51200K Free: 27661K (54%)
ptolemy.util.test.WatchDog.cancel(): canceling Tue Nov 05 06:10:53 UTC 2019
------------------ testing $PTII/ptolemy/domains/de/test/auto/fsm_de_test.xml
auto.tcl: Setting watchdog for 200 seconds at Tue Nov 05 06:10:53 UTC 2019
9 ms. Memory: 51200K Free: 28074K (55%)
ptolemy.util.test.WatchDog.cancel(): canceling Tue Nov 05 06:10:53 UTC 2019
auto.tcl: Setting watchdog for 200 seconds at Tue Nov 05 06:10:53 UTC 2019
5 ms. Memory: 51200K Free: 26026K (51%)
ptolemy.util.test.WatchDog.cancel(): canceling Tue Nov 05 06:10:53 UTC 2019
------------------ testing $PTII/ptolemy/domains/de/test/auto/functionDependencyReconstruction.xml
auto.tcl: Setting watchdog for 200 seconds at Tue Nov 05 06:10:53 UTC 2019
3 ms. Memory: 48128K Free: 18848K (39%)
ptolemy.util.test.WatchDog.cancel(): canceling Tue Nov 05 06:10:53 UTC 2019
auto.tcl: Setting watchdog for 200 seconds at Tue Nov 05 06:10:53 UTC 2019
3 ms. Memory: 48128K Free: 16847K (35%)
ptolemy.util.test.WatchDog.cancel(): canceling Tue Nov 05 06:10:53 UTC 2019
------------------ testing $PTII/ptolemy/domains/de/test/auto/multirate.xml
auto.tcl: Setting watchdog for 200 seconds at Tue Nov 05 06:10:53 UTC 2019
3 ms. Memory: 48128K Free: 27663K (57%)
ptolemy.util.test.WatchDog.cancel(): canceling Tue Nov 05 06:10:53 UTC 2019
auto.tcl: Setting watchdog for 200 seconds at Tue Nov 05 06:10:53 UTC 2019
3 ms. Memory: 48128K Free: 25975K (54%)
ptolemy.util.test.WatchDog.cancel(): canceling Tue Nov 05 06:10:53 UTC 2019
------------------ testing $PTII/ptolemy/domains/de/test/auto/multirate2.xml
auto.tcl: Setting watchdog for 200 seconds at Tue Nov 05 06:10:53 UTC 2019
3 ms. Memory: 48128K Free: 27599K (57%)
ptolemy.util.test.WatchDog.cancel(): canceling Tue Nov 05 06:10:53 UTC 2019
auto.tcl: Setting watchdog for 200 seconds at Tue Nov 05 06:10:53 UTC 2019
3 ms. Memory: 48128K Free: 26140K (54%)
ptolemy.util.test.WatchDog.cancel(): canceling Tue Nov 05 06:10:53 UTC 2019
------------------ testing $PTII/ptolemy/domains/de/test/auto/realtime.xml
auto.tcl: Setting watchdog for 200 seconds at Tue Nov 05 06:10:53 UTC 2019
10003 ms. Memory: 48128K Free: 29875K (62%)
ptolemy.util.test.WatchDog.cancel(): canceling Tue Nov 05 06:11:03 UTC 2019
auto.tcl: Setting watchdog for 200 seconds at Tue Nov 05 06:11:03 UTC 2019
10002 ms. Memory: 48128K Free: 29149K (61%)
ptolemy.util.test.WatchDog.cancel(): canceling Tue Nov 05 06:11:13 UTC 2019
------------------ testing $PTII/ptolemy/domains/de/test/auto/relationGroup.xml
auto.tcl: Setting watchdog for 200 seconds at Tue Nov 05 06:11:13 UTC 2019
7 ms. Memory: 48128K Free: 30986K (64%)
ptolemy.util.test.WatchDog.cancel(): canceling Tue Nov 05 06:11:13 UTC 2019
auto.tcl: Setting watchdog for 200 seconds at Tue Nov 05 06:11:13 UTC 2019
3 ms. Memory: 48128K Free: 30480K (63%)
ptolemy.util.test.WatchDog.cancel(): canceling Tue Nov 05 06:11:13 UTC 2019
------------------ testing $PTII/ptolemy/domains/de/test/auto/relationGroup2.xml
auto.tcl: Setting watchdog for 200 seconds at Tue Nov 05 06:11:13 UTC 2019
2 ms. Memory: 48128K Free: 30736K (64%)
ptolemy.util.test.WatchDog.cancel(): canceling Tue Nov 05 06:11:13 UTC 2019
auto.tcl: Setting watchdog for 200 seconds at Tue Nov 05 06:11:13 UTC 2019
1 ms. Memory: 48128K Free: 29789K (62%)
ptolemy.util.test.WatchDog.cancel(): canceling Tue Nov 05 06:11:13 UTC 2019
------------------ testing $PTII/ptolemy/domains/de/test/auto/sortWithOpaquePorts.xml
auto.tcl: Setting watchdog for 200 seconds at Tue Nov 05 06:11:13 UTC 2019
2 ms. Memory: 48128K Free: 30257K (63%)
ptolemy.util.test.WatchDog.cancel(): canceling Tue Nov 05 06:11:13 UTC 2019
auto.tcl: Setting watchdog for 200 seconds at Tue Nov 05 06:11:13 UTC 2019
3 ms. Memory: 48128K Free: 28748K (60%)
ptolemy.util.test.WatchDog.cancel(): canceling Tue Nov 05 06:11:13 UTC 2019
------------------ testing $PTII/ptolemy/domains/de/test/auto/transferInputsandOutputs.xml
auto.tcl: Setting watchdog for 200 seconds at Tue Nov 05 06:11:14 UTC 2019
5 ms. Memory: 48128K Free: 27172K (56%)
ptolemy.util.test.WatchDog.cancel(): canceling Tue Nov 05 06:11:14 UTC 2019
auto.tcl: Setting watchdog for 200 seconds at Tue Nov 05 06:11:14 UTC 2019
3 ms. Memory: 48128K Free: 26223K (54%)
ptolemy.util.test.WatchDog.cancel(): canceling Tue Nov 05 06:11:14 UTC 2019
------------------ testing $PTII/ptolemy/domains/de/test/auto/triggerType.xml
auto.tcl: Setting watchdog for 200 seconds at Tue Nov 05 06:11:14 UTC 2019
2 ms. Memory: 48128K Free: 30197K (63%)
ptolemy.util.test.WatchDog.cancel(): canceling Tue Nov 05 06:11:14 UTC 2019
auto.tcl: Setting watchdog for 200 seconds at Tue Nov 05 06:11:14 UTC 2019
2 ms. Memory: 48128K Free: 29190K (61%)
ptolemy.util.test.WatchDog.cancel(): canceling Tue Nov 05 06:11:14 UTC 2019
11/05/19 06:11:14
Failed: 0  Total Tests: 192  ((Passed: 187, Newly Passed: 1)  Known Failed: 5) /home/travis/build/icyphy/ptII/ptolemy/domains/de/test
11/05/19 06:11:14
Failed: 0  Total Tests: 192  ((Passed: 187, Newly Passed: 1)  Known Failed: 5) /home/travis/build/icyphy/ptII/ptolemy/domains/de/test
----------------- testing (KnownFailure) /home/travis/build/icyphy/ptII/ptolemy/domains/de/test/auto/knownFailedTests/DESDFClockTest.xml
2018 ms. Memory: 48128K Free: 23592K (49%)
Known Failure: java.lang.reflect.InvocationTargetException
----------------- testing (KnownFailure) /home/travis/build/icyphy/ptII/ptolemy/domains/de/test/auto/knownFailedTests/DirectFeedback.xml
3 ms. Memory: 48128K Free: 20010K (42%)
Known Failure: java.lang.reflect.InvocationTargetException
----------------- testing (KnownFailure) /home/travis/build/icyphy/ptII/ptolemy/domains/de/test/auto/knownFailedTests/FSMSource.xml
15 ms. Memory: 48128K Free: 12842K (27%)
----------------- testing (KnownFailure) /home/travis/build/icyphy/ptII/ptolemy/domains/de/test/auto/knownFailedTests/HierarchicalModel.xml
3 ms. Memory: 48128K Free: 22917K (48%)
Known Failure: java.lang.reflect.InvocationTargetException
----------------- testing (KnownFailure) /home/travis/build/icyphy/ptII/ptolemy/domains/de/test/auto/knownFailedTests/dependencyLoop.xml
9 ms. Memory: 48128K Free: 33782K (70%)
Known Failure: java.lang.reflect.InvocationTargetException
----------------- testing (KnownFailure) /home/travis/build/icyphy/ptII/ptolemy/domains/de/test/auto/knownFailedTests/dependencyLoop2.xml
7 ms. Memory: 48128K Free: 18780K (39%)
Known Failure: java.lang.reflect.InvocationTargetException
No auto/linux-amd64/*.xml tests in /home/travis/build/icyphy/ptII/ptolemy/domains/de/test
AutoTests.java: About to close Vertx.
AutoTests.java: Vertx closed.

===========================================================================================
----------------- testing Tue Nov 05 06:11:16 UTC 2019 /home/travis/build/icyphy/ptII/ptolemy/domains/de/test/auto/ActorDepthCalculation_actorWithoutPorts.xml
----------------- Instantiating /home/travis/build/icyphy/ptII/ptolemy/domains/de/test/auto/ActorDepthCalculation_actorWithoutPorts.xml
2 ms. Memory: 48128K Free: 12841K (27%)
----------------- Invoking toplevel() on ptolemy.moml.MoMLSimpleApplication@1e1ea496
----------------- Done invoking toplevel() on ptolemy.moml.MoMLSimpleApplication@1e1ea496
reloadAllAccessors: .ActorDepthCalculation_actorWithoutPorts

===========================================================================================
----------------- testing Tue Nov 05 06:11:16 UTC 2019 /home/travis/build/icyphy/ptII/ptolemy/domains/de/test/auto/AssemblyLine.xml
----------------- Instantiating /home/travis/build/icyphy/ptII/ptolemy/domains/de/test/auto/AssemblyLine.xml
3 ms. Memory: 48128K Free: 31561K (66%)
----------------- Invoking toplevel() on ptolemy.moml.MoMLSimpleApplication@5dbbe46f
----------------- Done invoking toplevel() on ptolemy.moml.MoMLSimpleApplication@5dbbe46f
reloadAllAccessors: .AssemblyLine

===========================================================================================
----------------- testing Tue Nov 05 06:11:16 UTC 2019 /home/travis/build/icyphy/ptII/ptolemy/domains/de/test/auto/CQBug1.xml
----------------- Instantiating /home/travis/build/icyphy/ptII/ptolemy/domains/de/test/auto/CQBug1.xml
2 ms. Memory: 48128K Free: 28690K (60%)
----------------- Invoking toplevel() on ptolemy.moml.MoMLSimpleApplication@4f3b0fd4
----------------- Done invoking toplevel() on ptolemy.moml.MoMLSimpleApplication@4f3b0fd4
reloadAllAccessors: .CQBug1

===========================================================================================
----------------- testing Tue Nov 05 06:11:16 UTC 2019 /home/travis/build/icyphy/ptII/ptolemy/domains/de/test/auto/CancelFireAt.xml
----------------- Instantiating /home/travis/build/icyphy/ptII/ptolemy/domains/de/test/auto/CancelFireAt.xml
14 ms. Memory: 48128K Free: 26455K (55%)
----------------- Invoking toplevel() on ptolemy.moml.MoMLSimpleApplication@42f04905
----------------- Done invoking toplevel() on ptolemy.moml.MoMLSimpleApplication@42f04905
reloadAllAccessors: .CancelFireAt

===========================================================================================
----------------- testing Tue Nov 05 06:11:16 UTC 2019 /home/travis/build/icyphy/ptII/ptolemy/domains/de/test/auto/CausalityAndComposabilityAnalysis.xml
----------------- Instantiating /home/travis/build/icyphy/ptII/ptolemy/domains/de/test/auto/CausalityAndComposabilityAnalysis.xml
2 ms. Memory: 48128K Free: 22337K (46%)
----------------- Invoking toplevel() on ptolemy.moml.MoMLSimpleApplication@58da92ae
----------------- Done invoking toplevel() on ptolemy.moml.MoMLSimpleApplication@58da92ae
reloadAllAccessors: .CausalityAndComposabilityAnalysis

===========================================================================================
----------------- testing Tue Nov 05 06:11:16 UTC 2019 /home/travis/build/icyphy/ptII/ptolemy/domains/de/test/auto/CausalityInterface1.xml
----------------- Instantiating /home/travis/build/icyphy/ptII/ptolemy/domains/de/test/auto/CausalityInterface1.xml
5 ms. Memory: 48128K Free: 17426K (36%)
----------------- Invoking toplevel() on ptolemy.moml.MoMLSimpleApplication@7429a753
----------------- Done invoking toplevel() on ptolemy.moml.MoMLSimpleApplication@7429a753
reloadAllAccessors: .CausalityInterface1

===========================================================================================
----------------- testing Tue Nov 05 06:11:16 UTC 2019 /home/travis/build/icyphy/ptII/ptolemy/domains/de/test/auto/CausalityInterface15.xml
----------------- Instantiating /home/travis/build/icyphy/ptII/ptolemy/domains/de/test/auto/CausalityInterface15.xml
1 ms. Memory: 48128K Free: 12089K (25%)
----------------- Invoking toplevel() on ptolemy.moml.MoMLSimpleApplication@95f95a0
----------------- Done invoking toplevel() on ptolemy.moml.MoMLSimpleApplication@95f95a0
reloadAllAccessors: .CausalityInterface15

===========================================================================================
----------------- testing Tue Nov 05 06:11:16 UTC 2019 /home/travis/build/icyphy/ptII/ptolemy/domains/de/test/auto/CausalityInterface2.xml
----------------- Instantiating /home/travis/build/icyphy/ptII/ptolemy/domains/de/test/auto/CausalityInterface2.xml
7 ms. Memory: 48128K Free: 33362K (69%)
----------------- Invoking toplevel() on ptolemy.moml.MoMLSimpleApplication@597c392d
----------------- Done invoking toplevel() on ptolemy.moml.MoMLSimpleApplication@597c392d
reloadAllAccessors: .CausalityInterface2

===========================================================================================
----------------- testing Tue Nov 05 06:11:16 UTC 2019 /home/travis/build/icyphy/ptII/ptolemy/domains/de/test/auto/CausalityInterface3.xml
----------------- Instantiating /home/travis/build/icyphy/ptII/ptolemy/domains/de/test/auto/CausalityInterface3.xml
2 ms. Memory: 48128K Free: 28374K (59%)
----------------- Invoking toplevel() on ptolemy.moml.MoMLSimpleApplication@4eebbe9a
----------------- Done invoking toplevel() on ptolemy.moml.MoMLSimpleApplication@4eebbe9a
reloadAllAccessors: .CausalityInterface3

===========================================================================================
----------------- testing Tue Nov 05 06:11:16 UTC 2019 /home/travis/build/icyphy/ptII/ptolemy/domains/de/test/auto/ClockDrift.xml
----------------- Instantiating /home/travis/build/icyphy/ptII/ptolemy/domains/de/test/auto/ClockDrift.xml
18 ms. Memory: 48128K Free: 16554K (34%)
----------------- Invoking toplevel() on ptolemy.moml.MoMLSimpleApplication@6b58a304
----------------- Done invoking toplevel() on ptolemy.moml.MoMLSimpleApplication@6b58a304
reloadAllAccessors: .ClockDrift

===========================================================================================
----------------- testing Tue Nov 05 06:11:16 UTC 2019 /home/travis/build/icyphy/ptII/ptolemy/domains/de/test/auto/ClockDriftAndValueChange.xml
----------------- Instantiating /home/travis/build/icyphy/ptII/ptolemy/domains/de/test/auto/ClockDriftAndValueChange.xml
11 ms. Memory: 48128K Free: 30317K (63%)
----------------- Invoking toplevel() on ptolemy.moml.MoMLSimpleApplication@7c94cf14
----------------- Done invoking toplevel() on ptolemy.moml.MoMLSimpleApplication@7c94cf14
reloadAllAccessors: .ClockDriftAndValueChange

===========================================================================================
----------------- testing Tue Nov 05 06:11:16 UTC 2019 /home/travis/build/icyphy/ptII/ptolemy/domains/de/test/auto/ClockDriftChange.xml
----------------- Instantiating /home/travis/build/icyphy/ptII/ptolemy/domains/de/test/auto/ClockDriftChange.xml
9 ms. Memory: 48128K Free: 20405K (42%)
----------------- Invoking toplevel() on ptolemy.moml.MoMLSimpleApplication@2eb488e8
----------------- Done invoking toplevel() on ptolemy.moml.MoMLSimpleApplication@2eb488e8
reloadAllAccessors: .ClockDriftChange

===========================================================================================
----------------- testing Tue Nov 05 06:11:16 UTC 2019 /home/travis/build/icyphy/ptII/ptolemy/domains/de/test/auto/ComposableCausalityAnalysis.xml
----------------- Instantiating /home/travis/build/icyphy/ptII/ptolemy/domains/de/test/auto/ComposableCausalityAnalysis.xml
1 ms. Memory: 48128K Free: 14699K (31%)
----------------- Invoking toplevel() on ptolemy.moml.MoMLSimpleApplication@3bfff009
----------------- Done invoking toplevel() on ptolemy.moml.MoMLSimpleApplication@3bfff009
reloadAllAccessors: .ComposableCausalityAnalysis

===========================================================================================
----------------- testing Tue Nov 05 06:11:16 UTC 2019 /home/travis/build/icyphy/ptII/ptolemy/domains/de/test/auto/DEFixedPointLimitation.xml
----------------- Instantiating /home/travis/build/icyphy/ptII/ptolemy/domains/de/test/auto/DEFixedPointLimitation.xml
0 ms. Memory: 48128K Free: 10135K (21%)
----------------- Invoking toplevel() on ptolemy.moml.MoMLSimpleApplication@2ca1097d
----------------- Done invoking toplevel() on ptolemy.moml.MoMLSimpleApplication@2ca1097d
reloadAllAccessors: .DEFixedPointLimitation

===========================================================================================
----------------- testing Tue Nov 05 06:11:16 UTC 2019 /home/travis/build/icyphy/ptII/ptolemy/domains/de/test/auto/DEScheduleTest.xml
----------------- Instantiating /home/travis/build/icyphy/ptII/ptolemy/domains/de/test/auto/DEScheduleTest.xml
2 ms. Memory: 48128K Free: 30646K (64%)
----------------- Invoking toplevel() on ptolemy.moml.MoMLSimpleApplication@3c8bf99
----------------- Done invoking toplevel() on ptolemy.moml.MoMLSimpleApplication@3c8bf99
reloadAllAccessors: .DEScheduleTest

===========================================================================================
----------------- testing Tue Nov 05 06:11:16 UTC 2019 /home/travis/build/icyphy/ptII/ptolemy/domains/de/test/auto/DEinDEwithStartTimes.xml
----------------- Instantiating /home/travis/build/icyphy/ptII/ptolemy/domains/de/test/auto/DEinDEwithStartTimes.xml
1 ms. Memory: 48128K Free: 24961K (52%)
----------------- Invoking toplevel() on ptolemy.moml.MoMLSimpleApplication@35f150af
----------------- Done invoking toplevel() on ptolemy.moml.MoMLSimpleApplication@35f150af
reloadAllAccessors: .DEinDEwithStartTimes

===========================================================================================
----------------- testing Tue Nov 05 06:11:16 UTC 2019 /home/travis/build/icyphy/ptII/ptolemy/domains/de/test/auto/DEinDEwithStartTimes2.xml
----------------- Instantiating /home/travis/build/icyphy/ptII/ptolemy/domains/de/test/auto/DEinDEwithStartTimes2.xml
2 ms. Memory: 48128K Free: 18390K (38%)
----------------- Invoking toplevel() on ptolemy.moml.MoMLSimpleApplication@5fe69edd
----------------- Done invoking toplevel() on ptolemy.moml.MoMLSimpleApplication@5fe69edd
reloadAllAccessors: .DEinDEwithStartTimes2

===========================================================================================
----------------- testing Tue Nov 05 06:11:16 UTC 2019 /home/travis/build/icyphy/ptII/ptolemy/domains/de/test/auto/DateDemo.xml
----------------- Instantiating /home/travis/build/icyphy/ptII/ptolemy/domains/de/test/auto/DateDemo.xml
7 ms. Memory: 48128K Free: 31353K (65%)
----------------- Invoking toplevel() on ptolemy.moml.MoMLSimpleApplication@61039537
----------------- Done invoking toplevel() on ptolemy.moml.MoMLSimpleApplication@61039537
reloadAllAccessors: .DateDemo

===========================================================================================
----------------- testing Tue Nov 05 06:11:16 UTC 2019 /home/travis/build/icyphy/ptII/ptolemy/domains/de/test/auto/DateToEvent.xml
----------------- Instantiating /home/travis/build/icyphy/ptII/ptolemy/domains/de/test/auto/DateToEvent.xml
2004 ms. Memory: 48128K Free: 15996K (33%)
----------------- Invoking toplevel() on ptolemy.moml.MoMLSimpleApplication@119c3116
----------------- Done invoking toplevel() on ptolemy.moml.MoMLSimpleApplication@119c3116
reloadAllAccessors: .DateToEvent

===========================================================================================
----------------- testing Tue Nov 05 06:11:18 UTC 2019 /home/travis/build/icyphy/ptII/ptolemy/domains/de/test/auto/DepthTest1.xml
----------------- Instantiating /home/travis/build/icyphy/ptII/ptolemy/domains/de/test/auto/DepthTest1.xml
2 ms. Memory: 48128K Free: 13171K (27%)
----------------- Invoking toplevel() on ptolemy.moml.MoMLSimpleApplication@43b4fa0d
----------------- Done invoking toplevel() on ptolemy.moml.MoMLSimpleApplication@43b4fa0d
reloadAllAccessors: .DepthTest1

===========================================================================================
----------------- testing Tue Nov 05 06:11:18 UTC 2019 /home/travis/build/icyphy/ptII/ptolemy/domains/de/test/auto/DepthTest2.xml
----------------- Instantiating /home/travis/build/icyphy/ptII/ptolemy/domains/de/test/auto/DepthTest2.xml
3 ms. Memory: 48128K Free: 31396K (65%)
----------------- Invoking toplevel() on ptolemy.moml.MoMLSimpleApplication@224e75be
----------------- Done invoking toplevel() on ptolemy.moml.MoMLSimpleApplication@224e75be
reloadAllAccessors: .DepthTest2

===========================================================================================
----------------- testing Tue Nov 05 06:11:18 UTC 2019 /home/travis/build/icyphy/ptII/ptolemy/domains/de/test/auto/DepthTest3.xml
----------------- Instantiating /home/travis/build/icyphy/ptII/ptolemy/domains/de/test/auto/DepthTest3.xml
2 ms. Memory: 48128K Free: 28488K (59%)
----------------- Invoking toplevel() on ptolemy.moml.MoMLSimpleApplication@787fa05e
----------------- Done invoking toplevel() on ptolemy.moml.MoMLSimpleApplication@787fa05e
reloadAllAccessors: .DepthTest3

===========================================================================================
----------------- testing Tue Nov 05 06:11:19 UTC 2019 /home/travis/build/icyphy/ptII/ptolemy/domains/de/test/auto/DepthTest4.xml
----------------- Instantiating /home/travis/build/icyphy/ptII/ptolemy/domains/de/test/auto/DepthTest4.xml
12 ms. Memory: 48128K Free: 23610K (49%)
----------------- Invoking toplevel() on ptolemy.moml.MoMLSimpleApplication@2f45fe5a
----------------- Done invoking toplevel() on ptolemy.moml.MoMLSimpleApplication@2f45fe5a
reloadAllAccessors: .DepthTest4

===========================================================================================
----------------- testing Tue Nov 05 06:11:19 UTC 2019 /home/travis/build/icyphy/ptII/ptolemy/domains/de/test/auto/DepthTest5.xml
----------------- Instantiating /home/travis/build/icyphy/ptII/ptolemy/domains/de/test/auto/DepthTest5.xml
2 ms. Memory: 48128K Free: 18458K (38%)
----------------- Invoking toplevel() on ptolemy.moml.MoMLSimpleApplication@7809c901
----------------- Done invoking toplevel() on ptolemy.moml.MoMLSimpleApplication@7809c901
reloadAllAccessors: .DepthTest5

===========================================================================================
----------------- testing Tue Nov 05 06:11:19 UTC 2019 /home/travis/build/icyphy/ptII/ptolemy/domains/de/test/auto/DepthTest6.xml
----------------- Instantiating /home/travis/build/icyphy/ptII/ptolemy/domains/de/test/auto/DepthTest6.xml
4 ms. Memory: 48128K Free: 13128K (27%)
----------------- Invoking toplevel() on ptolemy.moml.MoMLSimpleApplication@4c9d4bb3
----------------- Done invoking toplevel() on ptolemy.moml.MoMLSimpleApplication@4c9d4bb3
reloadAllAccessors: .DepthTest6

===========================================================================================
----------------- testing Tue Nov 05 06:11:19 UTC 2019 /home/travis/build/icyphy/ptII/ptolemy/domains/de/test/auto/DepthTest7.xml
----------------- Instantiating /home/travis/build/icyphy/ptII/ptolemy/domains/de/test/auto/DepthTest7.xml
2 ms. Memory: 48128K Free: 32728K (68%)
----------------- Invoking toplevel() on ptolemy.moml.MoMLSimpleApplication@6d5aaa5
----------------- Done invoking toplevel() on ptolemy.moml.MoMLSimpleApplication@6d5aaa5
reloadAllAccessors: .DepthTest7

===========================================================================================
----------------- testing Tue Nov 05 06:11:19 UTC 2019 /home/travis/build/icyphy/ptII/ptolemy/domains/de/test/auto/EventToDate.xml
----------------- Instantiating /home/travis/build/icyphy/ptII/ptolemy/domains/de/test/auto/EventToDate.xml
3006 ms. Memory: 48128K Free: 19430K (40%)
----------------- Invoking toplevel() on ptolemy.moml.MoMLSimpleApplication@236c8344
----------------- Done invoking toplevel() on ptolemy.moml.MoMLSimpleApplication@236c8344
reloadAllAccessors: .EventToDate

===========================================================================================
----------------- testing Tue Nov 05 06:11:22 UTC 2019 /home/travis/build/icyphy/ptII/ptolemy/domains/de/test/auto/FSM1.xml
----------------- Instantiating /home/travis/build/icyphy/ptII/ptolemy/domains/de/test/auto/FSM1.xml
24 ms. Memory: 48128K Free: 32088K (67%)
----------------- Invoking toplevel() on ptolemy.moml.MoMLSimpleApplication@4d142025
----------------- Done invoking toplevel() on ptolemy.moml.MoMLSimpleApplication@4d142025
reloadAllAccessors: .FSM1

===========================================================================================
----------------- testing Tue Nov 05 06:11:22 UTC 2019 /home/travis/build/icyphy/ptII/ptolemy/domains/de/test/auto/FSM7.xml
----------------- Instantiating /home/travis/build/icyphy/ptII/ptolemy/domains/de/test/auto/FSM7.xml
24 ms. Memory: 48128K Free: 19724K (41%)
----------------- Invoking toplevel() on ptolemy.moml.MoMLSimpleApplication@50f82999
----------------- Done invoking toplevel() on ptolemy.moml.MoMLSimpleApplication@50f82999
reloadAllAccessors: .FSM7

===========================================================================================
----------------- testing Tue Nov 05 06:11:22 UTC 2019 /home/travis/build/icyphy/ptII/ptolemy/domains/de/test/auto/Inspection.xml
----------------- Instantiating /home/travis/build/icyphy/ptII/ptolemy/domains/de/test/auto/Inspection.xml
21 ms. Memory: 48128K Free: 32104K (67%)
----------------- Invoking toplevel() on ptolemy.moml.MoMLSimpleApplication@73a22641
----------------- Done invoking toplevel() on ptolemy.moml.MoMLSimpleApplication@73a22641
reloadAllAccessors: .Inspection

===========================================================================================
----------------- testing Tue Nov 05 06:11:22 UTC 2019 /home/travis/build/icyphy/ptII/ptolemy/domains/de/test/auto/Iteration.xml
----------------- Instantiating /home/travis/build/icyphy/ptII/ptolemy/domains/de/test/auto/Iteration.xml
14 ms. Memory: 48128K Free: 25226K (52%)
----------------- Invoking toplevel() on ptolemy.moml.MoMLSimpleApplication@3996b81f
----------------- Done invoking toplevel() on ptolemy.moml.MoMLSimpleApplication@3996b81f
reloadAllAccessors: .Iteration

===========================================================================================
----------------- testing Tue Nov 05 06:11:22 UTC 2019 /home/travis/build/icyphy/ptII/ptolemy/domains/de/test/auto/LineFault.xml
----------------- Instantiating /home/travis/build/icyphy/ptII/ptolemy/domains/de/test/auto/LineFault.xml
471 ms. Memory: 48128K Free: 27631K (57%)
----------------- Invoking toplevel() on ptolemy.moml.MoMLSimpleApplication@11dd1b3b
----------------- Done invoking toplevel() on ptolemy.moml.MoMLSimpleApplication@11dd1b3b
reloadAllAccessors: .LineFault

===========================================================================================
----------------- testing Tue Nov 05 06:11:22 UTC 2019 /home/travis/build/icyphy/ptII/ptolemy/domains/de/test/auto/MergeModel1Add.xml
----------------- Instantiating /home/travis/build/icyphy/ptII/ptolemy/domains/de/test/auto/MergeModel1Add.xml
12 ms. Memory: 48128K Free: 30067K (62%)
----------------- Invoking toplevel() on ptolemy.moml.MoMLSimpleApplication@4af12380
----------------- Done invoking toplevel() on ptolemy.moml.MoMLSimpleApplication@4af12380
reloadAllAccessors: .MergeModel1Add

===========================================================================================
----------------- testing Tue Nov 05 06:11:22 UTC 2019 /home/travis/build/icyphy/ptII/ptolemy/domains/de/test/auto/MergeModel2Add.xml
----------------- Instantiating /home/travis/build/icyphy/ptII/ptolemy/domains/de/test/auto/MergeModel2Add.xml
6 ms. Memory: 48128K Free: 12073K (25%)
----------------- Invoking toplevel() on ptolemy.moml.MoMLSimpleApplication@6a12c84a
----------------- Done invoking toplevel() on ptolemy.moml.MoMLSimpleApplication@6a12c84a
reloadAllAccessors: .MergeModel2Add

===========================================================================================
----------------- testing Tue Nov 05 06:11:23 UTC 2019 /home/travis/build/icyphy/ptII/ptolemy/domains/de/test/auto/MergeModel3Add.xml
----------------- Instantiating /home/travis/build/icyphy/ptII/ptolemy/domains/de/test/auto/MergeModel3Add.xml
5 ms. Memory: 48128K Free: 15772K (33%)
----------------- Invoking toplevel() on ptolemy.moml.MoMLSimpleApplication@239980d1
----------------- Done invoking toplevel() on ptolemy.moml.MoMLSimpleApplication@239980d1
reloadAllAccessors: .MergeModel3Add

===========================================================================================
----------------- testing Tue Nov 05 06:11:23 UTC 2019 /home/travis/build/icyphy/ptII/ptolemy/domains/de/test/auto/MergeWithoutDiscard.xml
----------------- Instantiating /home/travis/build/icyphy/ptII/ptolemy/domains/de/test/auto/MergeWithoutDiscard.xml
1 ms. Memory: 48128K Free: 11611K (24%)
----------------- Invoking toplevel() on ptolemy.moml.MoMLSimpleApplication@4b286cc4
----------------- Done invoking toplevel() on ptolemy.moml.MoMLSimpleApplication@4b286cc4
reloadAllAccessors: .MergeWithoutDiscard

===========================================================================================
----------------- testing Tue Nov 05 06:11:23 UTC 2019 /home/travis/build/icyphy/ptII/ptolemy/domains/de/test/auto/Modal1.xml
----------------- Instantiating /home/travis/build/icyphy/ptII/ptolemy/domains/de/test/auto/Modal1.xml
7 ms. Memory: 48128K Free: 21064K (44%)
----------------- Invoking toplevel() on ptolemy.moml.MoMLSimpleApplication@3fcf009
----------------- Done invoking toplevel() on ptolemy.moml.MoMLSimpleApplication@3fcf009
reloadAllAccessors: .Modal1

===========================================================================================
----------------- testing Tue Nov 05 06:11:23 UTC 2019 /home/travis/build/icyphy/ptII/ptolemy/domains/de/test/auto/Modal2.xml
----------------- Instantiating /home/travis/build/icyphy/ptII/ptolemy/domains/de/test/auto/Modal2.xml
16 ms. Memory: 48128K Free: 30805K (64%)
----------------- Invoking toplevel() on ptolemy.moml.MoMLSimpleApplication@12bea705
----------------- Done invoking toplevel() on ptolemy.moml.MoMLSimpleApplication@12bea705
reloadAllAccessors: .Modal2

===========================================================================================
----------------- testing Tue Nov 05 06:11:23 UTC 2019 /home/travis/build/icyphy/ptII/ptolemy/domains/de/test/auto/Modal3.xml
----------------- Instantiating /home/travis/build/icyphy/ptII/ptolemy/domains/de/test/auto/Modal3.xml
9 ms. Memory: 48128K Free: 18517K (38%)
----------------- Invoking toplevel() on ptolemy.moml.MoMLSimpleApplication@66fbba17
----------------- Done invoking toplevel() on ptolemy.moml.MoMLSimpleApplication@66fbba17
reloadAllAccessors: .Modal3

===========================================================================================
----------------- testing Tue Nov 05 06:11:23 UTC 2019 /home/travis/build/icyphy/ptII/ptolemy/domains/de/test/auto/Modal4.xml
----------------- Instantiating /home/travis/build/icyphy/ptII/ptolemy/domains/de/test/auto/Modal4.xml
12 ms. Memory: 48128K Free: 27188K (56%)
----------------- Invoking toplevel() on ptolemy.moml.MoMLSimpleApplication@50b8661e
----------------- Done invoking toplevel() on ptolemy.moml.MoMLSimpleApplication@50b8661e
reloadAllAccessors: .Modal4

===========================================================================================
----------------- testing Tue Nov 05 06:11:23 UTC 2019 /home/travis/build/icyphy/ptII/ptolemy/domains/de/test/auto/Modal5.xml
----------------- Instantiating /home/travis/build/icyphy/ptII/ptolemy/domains/de/test/auto/Modal5.xml
10 ms. Memory: 48128K Free: 14398K (30%)
----------------- Invoking toplevel() on ptolemy.moml.MoMLSimpleApplication@11aaa7ee
----------------- Done invoking toplevel() on ptolemy.moml.MoMLSimpleApplication@11aaa7ee
reloadAllAccessors: .Modal5

===========================================================================================
----------------- testing Tue Nov 05 06:11:23 UTC 2019 /home/travis/build/icyphy/ptII/ptolemy/domains/de/test/auto/Modal6.xml
----------------- Instantiating /home/travis/build/icyphy/ptII/ptolemy/domains/de/test/auto/Modal6.xml
9 ms. Memory: 48128K Free: 23883K (50%)
----------------- Invoking toplevel() on ptolemy.moml.MoMLSimpleApplication@146958a4
----------------- Done invoking toplevel() on ptolemy.moml.MoMLSimpleApplication@146958a4
reloadAllAccessors: .Modal6

===========================================================================================
----------------- testing Tue Nov 05 06:11:23 UTC 2019 /home/travis/build/icyphy/ptII/ptolemy/domains/de/test/auto/Modal7.xml
----------------- Instantiating /home/travis/build/icyphy/ptII/ptolemy/domains/de/test/auto/Modal7.xml
7 ms. Memory: 48128K Free: 10802K (22%)
----------------- Invoking toplevel() on ptolemy.moml.MoMLSimpleApplication@5b8ef306
----------------- Done invoking toplevel() on ptolemy.moml.MoMLSimpleApplication@5b8ef306
reloadAllAccessors: .Modal7

===========================================================================================
----------------- testing Tue Nov 05 06:11:23 UTC 2019 /home/travis/build/icyphy/ptII/ptolemy/domains/de/test/auto/ModalModel.xml
----------------- Instantiating /home/travis/build/icyphy/ptII/ptolemy/domains/de/test/auto/ModalModel.xml
135 ms. Memory: 63488K Free: 27723K (44%)
----------------- Invoking toplevel() on ptolemy.moml.MoMLSimpleApplication@6bff354b
----------------- Done invoking toplevel() on ptolemy.moml.MoMLSimpleApplication@6bff354b
reloadAllAccessors: .ModalModel

===========================================================================================
----------------- testing Tue Nov 05 06:11:23 UTC 2019 /home/travis/build/icyphy/ptII/ptolemy/domains/de/test/auto/ModalSource.xml
----------------- Instantiating /home/travis/build/icyphy/ptII/ptolemy/domains/de/test/auto/ModalSource.xml
10 ms. Memory: 63488K Free: 46810K (74%)
----------------- Invoking toplevel() on ptolemy.moml.MoMLSimpleApplication@bed78b6
----------------- Done invoking toplevel() on ptolemy.moml.MoMLSimpleApplication@bed78b6
reloadAllAccessors: .ModalSource

===========================================================================================
----------------- testing Tue Nov 05 06:11:23 UTC 2019 /home/travis/build/icyphy/ptII/ptolemy/domains/de/test/auto/NonInterruptibleTimerZeroDelay.xml
----------------- Instantiating /home/travis/build/icyphy/ptII/ptolemy/domains/de/test/auto/NonInterruptibleTimerZeroDelay.xml
2 ms. Memory: 63488K Free: 43072K (68%)
----------------- Invoking toplevel() on ptolemy.moml.MoMLSimpleApplication@270ffdd
----------------- Done invoking toplevel() on ptolemy.moml.MoMLSimpleApplication@270ffdd
reloadAllAccessors: .NonInterruptibleTimerZeroDelay

===========================================================================================
----------------- testing Tue Nov 05 06:11:23 UTC 2019 /home/travis/build/icyphy/ptII/ptolemy/domains/de/test/auto/OpenQueueingNetwork.xml
----------------- Instantiating /home/travis/build/icyphy/ptII/ptolemy/domains/de/test/auto/OpenQueueingNetwork.xml
2334 ms. Memory: 146432K Free: 105768K (72%)
----------------- Invoking toplevel() on ptolemy.moml.MoMLSimpleApplication@1cc8f52d
----------------- Done invoking toplevel() on ptolemy.moml.MoMLSimpleApplication@1cc8f52d
reloadAllAccessors: .OpenQueueingNetwork

===========================================================================================
----------------- testing Tue Nov 05 06:11:25 UTC 2019 /home/travis/build/icyphy/ptII/ptolemy/domains/de/test/auto/OpenQueuingNetwork.xml
----------------- Instantiating /home/travis/build/icyphy/ptII/ptolemy/domains/de/test/auto/OpenQueuingNetwork.xml
249 ms. Memory: 176128K Free: 137873K (78%)
----------------- Invoking toplevel() on ptolemy.moml.MoMLSimpleApplication@347c3ac
----------------- Done invoking toplevel() on ptolemy.moml.MoMLSimpleApplication@347c3ac
reloadAllAccessors: .OpenQueuingNetwork

===========================================================================================
----------------- testing Tue Nov 05 06:11:26 UTC 2019 /home/travis/build/icyphy/ptII/ptolemy/domains/de/test/auto/PeriodicSampler.xml
----------------- Instantiating /home/travis/build/icyphy/ptII/ptolemy/domains/de/test/auto/PeriodicSampler.xml
4 ms. Memory: 176128K Free: 133267K (76%)
----------------- Invoking toplevel() on ptolemy.moml.MoMLSimpleApplication@7fb4e857
----------------- Done invoking toplevel() on ptolemy.moml.MoMLSimpleApplication@7fb4e857
reloadAllAccessors: .PeriodicSampler

===========================================================================================
----------------- testing Tue Nov 05 06:11:26 UTC 2019 /home/travis/build/icyphy/ptII/ptolemy/domains/de/test/auto/PersistentIO.xml
----------------- Instantiating /home/travis/build/icyphy/ptII/ptolemy/domains/de/test/auto/PersistentIO.xml
4 ms. Memory: 176128K Free: 124051K (70%)
----------------- Invoking toplevel() on ptolemy.moml.MoMLSimpleApplication@5b0166be
----------------- Done invoking toplevel() on ptolemy.moml.MoMLSimpleApplication@5b0166be
reloadAllAccessors: .PersistentIO

===========================================================================================
----------------- testing Tue Nov 05 06:11:26 UTC 2019 /home/travis/build/icyphy/ptII/ptolemy/domains/de/test/auto/PortParameterResetOnInitialize.xml
----------------- Instantiating /home/travis/build/icyphy/ptII/ptolemy/domains/de/test/auto/PortParameterResetOnInitialize.xml
4 ms. Memory: 176128K Free: 119435K (68%)
----------------- Invoking toplevel() on ptolemy.moml.MoMLSimpleApplication@43107e04
----------------- Done invoking toplevel() on ptolemy.moml.MoMLSimpleApplication@43107e04
reloadAllAccessors: .PortParameterResetOnInitialize

===========================================================================================
----------------- testing Tue Nov 05 06:11:26 UTC 2019 /home/travis/build/icyphy/ptII/ptolemy/domains/de/test/auto/PortParameterUpdates.xml
----------------- Instantiating /home/travis/build/icyphy/ptII/ptolemy/domains/de/test/auto/PortParameterUpdates.xml
2 ms. Memory: 176128K Free: 112787K (64%)
----------------- Invoking toplevel() on ptolemy.moml.MoMLSimpleApplication@7d8324ea
----------------- Done invoking toplevel() on ptolemy.moml.MoMLSimpleApplication@7d8324ea
reloadAllAccessors: .PortParameterUpdates

===========================================================================================
----------------- testing Tue Nov 05 06:11:26 UTC 2019 /home/travis/build/icyphy/ptII/ptolemy/domains/de/test/auto/QueueAndServer.xml
----------------- Instantiating /home/travis/build/icyphy/ptII/ptolemy/domains/de/test/auto/QueueAndServer.xml
5 ms. Memory: 176128K Free: 105105K (60%)
----------------- Invoking toplevel() on ptolemy.moml.MoMLSimpleApplication@7f75829a
----------------- Done invoking toplevel() on ptolemy.moml.MoMLSimpleApplication@7f75829a
reloadAllAccessors: .QueueAndServer

===========================================================================================
----------------- testing Tue Nov 05 06:11:26 UTC 2019 /home/travis/build/icyphy/ptII/ptolemy/domains/de/test/auto/Records.xml
----------------- Instantiating /home/travis/build/icyphy/ptII/ptolemy/domains/de/test/auto/Records.xml
3 ms. Memory: 176128K Free: 99475K (56%)
----------------- Invoking toplevel() on ptolemy.moml.MoMLSimpleApplication@6963f4bf
----------------- Done invoking toplevel() on ptolemy.moml.MoMLSimpleApplication@6963f4bf
reloadAllAccessors: .Records

===========================================================================================
----------------- testing Tue Nov 05 06:11:26 UTC 2019 /home/travis/build/icyphy/ptII/ptolemy/domains/de/test/auto/ResetTransitionWithStartTime1.xml
----------------- Instantiating /home/travis/build/icyphy/ptII/ptolemy/domains/de/test/auto/ResetTransitionWithStartTime1.xml
4 ms. Memory: 176128K Free: 91283K (52%)
----------------- Invoking toplevel() on ptolemy.moml.MoMLSimpleApplication@7ee9d93a
----------------- Done invoking toplevel() on ptolemy.moml.MoMLSimpleApplication@7ee9d93a
reloadAllAccessors: .ResetTransitionWithStartTime1

===========================================================================================
----------------- testing Tue Nov 05 06:11:26 UTC 2019 /home/travis/build/icyphy/ptII/ptolemy/domains/de/test/auto/ResetTransitionWithStartTime2.xml
----------------- Instantiating /home/travis/build/icyphy/ptII/ptolemy/domains/de/test/auto/ResetTransitionWithStartTime2.xml
4 ms. Memory: 176128K Free: 83091K (47%)
----------------- Invoking toplevel() on ptolemy.moml.MoMLSimpleApplication@66aa4ff2
----------------- Done invoking toplevel() on ptolemy.moml.MoMLSimpleApplication@66aa4ff2
reloadAllAccessors: .ResetTransitionWithStartTime2

===========================================================================================
----------------- testing Tue Nov 05 06:11:26 UTC 2019 /home/travis/build/icyphy/ptII/ptolemy/domains/de/test/auto/ResetTransitionWithStartTime3.xml
----------------- Instantiating /home/travis/build/icyphy/ptII/ptolemy/domains/de/test/auto/ResetTransitionWithStartTime3.xml
6 ms. Memory: 176128K Free: 74899K (43%)
----------------- Invoking toplevel() on ptolemy.moml.MoMLSimpleApplication@513de1e
----------------- Done invoking toplevel() on ptolemy.moml.MoMLSimpleApplication@513de1e
reloadAllAccessors: .ResetTransitionWithStartTime3

===========================================================================================
----------------- testing Tue Nov 05 06:11:26 UTC 2019 /home/travis/build/icyphy/ptII/ptolemy/domains/de/test/auto/ResetTransitionWithStartTime4.xml
----------------- Instantiating /home/travis/build/icyphy/ptII/ptolemy/domains/de/test/auto/ResetTransitionWithStartTime4.xml
3 ms. Memory: 176128K Free: 67211K (38%)
----------------- Invoking toplevel() on ptolemy.moml.MoMLSimpleApplication@257fa96c
----------------- Done invoking toplevel() on ptolemy.moml.MoMLSimpleApplication@257fa96c
reloadAllAccessors: .ResetTransitionWithStartTime4

===========================================================================================
----------------- testing Tue Nov 05 06:11:26 UTC 2019 /home/travis/build/icyphy/ptII/ptolemy/domains/de/test/auto/ResettableTimer1.xml
----------------- Instantiating /home/travis/build/icyphy/ptII/ptolemy/domains/de/test/auto/ResettableTimer1.xml
1 ms. Memory: 176128K Free: 156664K (89%)
----------------- Invoking toplevel() on ptolemy.moml.MoMLSimpleApplication@3f002653
----------------- Done invoking toplevel() on ptolemy.moml.MoMLSimpleApplication@3f002653
reloadAllAccessors: .ResettableTimer1

===========================================================================================
----------------- testing Tue Nov 05 06:11:26 UTC 2019 /home/travis/build/icyphy/ptII/ptolemy/domains/de/test/auto/ResettableTimer2.xml
----------------- Instantiating /home/travis/build/icyphy/ptII/ptolemy/domains/de/test/auto/ResettableTimer2.xml
2 ms. Memory: 176128K Free: 152584K (87%)
----------------- Invoking toplevel() on ptolemy.moml.MoMLSimpleApplication@5c6ac9b8
----------------- Done invoking toplevel() on ptolemy.moml.MoMLSimpleApplication@5c6ac9b8
reloadAllAccessors: .ResettableTimer2

===========================================================================================
----------------- testing Tue Nov 05 06:11:26 UTC 2019 /home/travis/build/icyphy/ptII/ptolemy/domains/de/test/auto/ResettableTimer3.xml
----------------- Instantiating /home/travis/build/icyphy/ptII/ptolemy/domains/de/test/auto/ResettableTimer3.xml
0 ms. Memory: 176128K Free: 148502K (84%)
----------------- Invoking toplevel() on ptolemy.moml.MoMLSimpleApplication@55aea2b8
----------------- Done invoking toplevel() on ptolemy.moml.MoMLSimpleApplication@55aea2b8
reloadAllAccessors: .ResettableTimer3

===========================================================================================
----------------- testing Tue Nov 05 06:11:26 UTC 2019 /home/travis/build/icyphy/ptII/ptolemy/domains/de/test/auto/ResettableTimer4.xml
----------------- Instantiating /home/travis/build/icyphy/ptII/ptolemy/domains/de/test/auto/ResettableTimer4.xml
1 ms. Memory: 176128K Free: 144406K (82%)
----------------- Invoking toplevel() on ptolemy.moml.MoMLSimpleApplication@26f4dedb
----------------- Done invoking toplevel() on ptolemy.moml.MoMLSimpleApplication@26f4dedb
reloadAllAccessors: .ResettableTimer4

===========================================================================================
----------------- testing Tue Nov 05 06:11:26 UTC 2019 /home/travis/build/icyphy/ptII/ptolemy/domains/de/test/auto/ResettableTimer5.xml
----------------- Instantiating /home/travis/build/icyphy/ptII/ptolemy/domains/de/test/auto/ResettableTimer5.xml
1 ms. Memory: 176128K Free: 140310K (80%)
----------------- Invoking toplevel() on ptolemy.moml.MoMLSimpleApplication@54f56df
----------------- Done invoking toplevel() on ptolemy.moml.MoMLSimpleApplication@54f56df
reloadAllAccessors: .ResettableTimer5

===========================================================================================
----------------- testing Tue Nov 05 06:11:26 UTC 2019 /home/travis/build/icyphy/ptII/ptolemy/domains/de/test/auto/ResettableTimer6.xml
----------------- Instantiating /home/travis/build/icyphy/ptII/ptolemy/domains/de/test/auto/ResettableTimer6.xml
3 ms. Memory: 176128K Free: 135702K (77%)
----------------- Invoking toplevel() on ptolemy.moml.MoMLSimpleApplication@22cef8ac
----------------- Done invoking toplevel() on ptolemy.moml.MoMLSimpleApplication@22cef8ac
reloadAllAccessors: .ResettableTimer6

===========================================================================================
----------------- testing Tue Nov 05 06:11:26 UTC 2019 /home/travis/build/icyphy/ptII/ptolemy/domains/de/test/auto/ServerZeroDelay.xml
----------------- Instantiating /home/travis/build/icyphy/ptII/ptolemy/domains/de/test/auto/ServerZeroDelay.xml
1 ms. Memory: 176128K Free: 131608K (75%)
----------------- Invoking toplevel() on ptolemy.moml.MoMLSimpleApplication@bfe7b59
----------------- Done invoking toplevel() on ptolemy.moml.MoMLSimpleApplication@bfe7b59
reloadAllAccessors: .ServerZeroDelay

===========================================================================================
----------------- testing Tue Nov 05 06:11:26 UTC 2019 /home/travis/build/icyphy/ptII/ptolemy/domains/de/test/auto/SmartSender.xml
----------------- Instantiating /home/travis/build/icyphy/ptII/ptolemy/domains/de/test/auto/SmartSender.xml
3001 ms. Memory: 176128K Free: 127512K (72%)
----------------- Invoking toplevel() on ptolemy.moml.MoMLSimpleApplication@3f93352f
----------------- Done invoking toplevel() on ptolemy.moml.MoMLSimpleApplication@3f93352f
reloadAllAccessors: .SmartSender

===========================================================================================
----------------- testing Tue Nov 05 06:11:29 UTC 2019 /home/travis/build/icyphy/ptII/ptolemy/domains/de/test/auto/ThreadedComposite.xml
----------------- Instantiating /home/travis/build/icyphy/ptII/ptolemy/domains/de/test/auto/ThreadedComposite.xml
103 ms. Memory: 176128K Free: 107032K (61%)
----------------- Invoking toplevel() on ptolemy.moml.MoMLSimpleApplication@31d59222
----------------- Done invoking toplevel() on ptolemy.moml.MoMLSimpleApplication@31d59222
reloadAllAccessors: .ThreadedComposite

===========================================================================================
----------------- testing Tue Nov 05 06:11:29 UTC 2019 /home/travis/build/icyphy/ptII/ptolemy/domains/de/test/auto/Time.xml
----------------- Instantiating /home/travis/build/icyphy/ptII/ptolemy/domains/de/test/auto/Time.xml
452 ms. Memory: 176128K Free: 152045K (86%)
----------------- Invoking toplevel() on ptolemy.moml.MoMLSimpleApplication@15773c84
----------------- Done invoking toplevel() on ptolemy.moml.MoMLSimpleApplication@15773c84
reloadAllAccessors: .Time

===========================================================================================
----------------- testing Tue Nov 05 06:11:30 UTC 2019 /home/travis/build/icyphy/ptII/ptolemy/domains/de/test/auto/TimeDelayZeroDelay.xml
----------------- Instantiating /home/travis/build/icyphy/ptII/ptolemy/domains/de/test/auto/TimeDelayZeroDelay.xml
3 ms. Memory: 176128K Free: 147949K (84%)
----------------- Invoking toplevel() on ptolemy.moml.MoMLSimpleApplication@5b709590
----------------- Done invoking toplevel() on ptolemy.moml.MoMLSimpleApplication@5b709590
reloadAllAccessors: .TimeDelayZeroDelay

===========================================================================================
----------------- testing Tue Nov 05 06:11:30 UTC 2019 /home/travis/build/icyphy/ptII/ptolemy/domains/de/test/auto/TimerZeroDelay.xml
----------------- Instantiating /home/travis/build/icyphy/ptII/ptolemy/domains/de/test/auto/TimerZeroDelay.xml
4 ms. Memory: 176128K Free: 143325K (81%)
----------------- Invoking toplevel() on ptolemy.moml.MoMLSimpleApplication@44638315
----------------- Done invoking toplevel() on ptolemy.moml.MoMLSimpleApplication@44638315
reloadAllAccessors: .TimerZeroDelay

===========================================================================================
----------------- testing Tue Nov 05 06:11:30 UTC 2019 /home/travis/build/icyphy/ptII/ptolemy/domains/de/test/auto/TimingParadox.xml
----------------- Instantiating /home/travis/build/icyphy/ptII/ptolemy/domains/de/test/auto/TimingParadox.xml
282 ms. Memory: 176128K Free: 76269K (43%)
----------------- Invoking toplevel() on ptolemy.moml.MoMLSimpleApplication@23df42c7
----------------- Done invoking toplevel() on ptolemy.moml.MoMLSimpleApplication@23df42c7
reloadAllAccessors: .TimingParadox

===========================================================================================
----------------- testing Tue Nov 05 06:11:30 UTC 2019 /home/travis/build/icyphy/ptII/ptolemy/domains/de/test/auto/TransferInputs.xml
----------------- Instantiating /home/travis/build/icyphy/ptII/ptolemy/domains/de/test/auto/TransferInputs.xml
2 ms. Memory: 176128K Free: 71629K (41%)
----------------- Invoking toplevel() on ptolemy.moml.MoMLSimpleApplication@4f40f634
----------------- Done invoking toplevel() on ptolemy.moml.MoMLSimpleApplication@4f40f634
reloadAllAccessors: .TransferInputs

===========================================================================================
----------------- testing Tue Nov 05 06:11:30 UTC 2019 /home/travis/build/icyphy/ptII/ptolemy/domains/de/test/auto/TransferOutputs2.xml
----------------- Instantiating /home/travis/build/icyphy/ptII/ptolemy/domains/de/test/auto/TransferOutputs2.xml
3 ms. Memory: 176128K Free: 63981K (36%)
----------------- Invoking toplevel() on ptolemy.moml.MoMLSimpleApplication@175f245c
----------------- Done invoking toplevel() on ptolemy.moml.MoMLSimpleApplication@175f245c
reloadAllAccessors: .TransferOutputs2

===========================================================================================
----------------- testing Tue Nov 05 06:11:30 UTC 2019 /home/travis/build/icyphy/ptII/ptolemy/domains/de/test/auto/Trilateration.xml
----------------- Instantiating /home/travis/build/icyphy/ptII/ptolemy/domains/de/test/auto/Trilateration.xml
11855 ms. Memory: 376832K Free: 270623K (72%)
----------------- Invoking toplevel() on ptolemy.moml.MoMLSimpleApplication@5a17b620
----------------- Done invoking toplevel() on ptolemy.moml.MoMLSimpleApplication@5a17b620
reloadAllAccessors: .Trilateration

===========================================================================================
----------------- testing Tue Nov 05 06:11:43 UTC 2019 /home/travis/build/icyphy/ptII/ptolemy/domains/de/test/auto/TwoSigmaDelta.xml
----------------- Instantiating /home/travis/build/icyphy/ptII/ptolemy/domains/de/test/auto/TwoSigmaDelta.xml
1988 ms. Memory: 376832K Free: 287180K (76%)
----------------- Invoking toplevel() on ptolemy.moml.MoMLSimpleApplication@f2ab87d
----------------- Done invoking toplevel() on ptolemy.moml.MoMLSimpleApplication@f2ab87d
reloadAllAccessors: .TwoSigmaDelta

===========================================================================================
----------------- testing Tue Nov 05 06:11:45 UTC 2019 /home/travis/build/icyphy/ptII/ptolemy/domains/de/test/auto/VariableDelay.xml
----------------- Instantiating /home/travis/build/icyphy/ptII/ptolemy/domains/de/test/auto/VariableDelay.xml
1 ms. Memory: 376832K Free: 282030K (75%)
----------------- Invoking toplevel() on ptolemy.moml.MoMLSimpleApplication@6278dd86
----------------- Done invoking toplevel() on ptolemy.moml.MoMLSimpleApplication@6278dd86
reloadAllAccessors: .VariableDelay

===========================================================================================
----------------- testing Tue Nov 05 06:11:45 UTC 2019 /home/travis/build/icyphy/ptII/ptolemy/domains/de/test/auto/VariableDelay2.xml
----------------- Instantiating /home/travis/build/icyphy/ptII/ptolemy/domains/de/test/auto/VariableDelay2.xml
1 ms. Memory: 376832K Free: 277454K (74%)
----------------- Invoking toplevel() on ptolemy.moml.MoMLSimpleApplication@627a552c
----------------- Done invoking toplevel() on ptolemy.moml.MoMLSimpleApplication@627a552c
reloadAllAccessors: .VariableDelay2

===========================================================================================
----------------- testing Tue Nov 05 06:11:45 UTC 2019 /home/travis/build/icyphy/ptII/ptolemy/domains/de/test/auto/VariableDelayZeroDelay.xml
----------------- Instantiating /home/travis/build/icyphy/ptII/ptolemy/domains/de/test/auto/VariableDelayZeroDelay.xml
2 ms. Memory: 376832K Free: 273358K (73%)
----------------- Invoking toplevel() on ptolemy.moml.MoMLSimpleApplication@789f0d05
----------------- Done invoking toplevel() on ptolemy.moml.MoMLSimpleApplication@789f0d05
reloadAllAccessors: .VariableDelayZeroDelay

===========================================================================================
----------------- testing Tue Nov 05 06:11:45 UTC 2019 /home/travis/build/icyphy/ptII/ptolemy/domains/de/test/auto/VariableDelayZeroDelay2.xml
----------------- Instantiating /home/travis/build/icyphy/ptII/ptolemy/domains/de/test/auto/VariableDelayZeroDelay2.xml
2 ms. Memory: 376832K Free: 268748K (71%)
----------------- Invoking toplevel() on ptolemy.moml.MoMLSimpleApplication@1894eba1
----------------- Done invoking toplevel() on ptolemy.moml.MoMLSimpleApplication@1894eba1
reloadAllAccessors: .VariableDelayZeroDelay2

===========================================================================================
----------------- testing Tue Nov 05 06:11:45 UTC 2019 /home/travis/build/icyphy/ptII/ptolemy/domains/de/test/auto/deInCt.xml
----------------- Instantiating /home/travis/build/icyphy/ptII/ptolemy/domains/de/test/auto/deInCt.xml
0
1
1
1
0
0
0
0
0
1
1
1
0
0
0
1
1
1
1
0
0
0
1
1
1
0
0
0
1
1
1
0
0
0
1
1
1
1
5 ms. Memory: 376832K Free: 263628K (70%)
----------------- Invoking toplevel() on ptolemy.moml.MoMLSimpleApplication@743fbae5
----------------- Done invoking toplevel() on ptolemy.moml.MoMLSimpleApplication@743fbae5
reloadAllAccessors: .deInCt

===========================================================================================
----------------- testing Tue Nov 05 06:11:45 UTC 2019 /home/travis/build/icyphy/ptII/ptolemy/domains/de/test/auto/deInCt2.xml
----------------- Instantiating /home/travis/build/icyphy/ptII/ptolemy/domains/de/test/auto/deInCt2.xml
0
1
1
1
0
0
1
1
1
0
0
1
1
1
0
0
1
1
1
0
0
1
1
1
0
0
1
1
1
0
0
1
1
1
0
0
1
1
1
0
0
0
6 ms. Memory: 376832K Free: 258502K (69%)
----------------- Invoking toplevel() on ptolemy.moml.MoMLSimpleApplication@74187193
----------------- Done invoking toplevel() on ptolemy.moml.MoMLSimpleApplication@74187193
reloadAllAccessors: .deInCt2

===========================================================================================
----------------- testing Tue Nov 05 06:11:45 UTC 2019 /home/travis/build/icyphy/ptII/ptolemy/domains/de/test/auto/dynamicCausalityInterface1.xml
----------------- Instantiating /home/travis/build/icyphy/ptII/ptolemy/domains/de/test/auto/dynamicCausalityInterface1.xml
0 ms. Memory: 376832K Free: 249292K (66%)
----------------- Invoking toplevel() on ptolemy.moml.MoMLSimpleApplication@8b2f43b
----------------- Done invoking toplevel() on ptolemy.moml.MoMLSimpleApplication@8b2f43b
reloadAllAccessors: .dynamicCausalityInterface1

===========================================================================================
----------------- testing Tue Nov 05 06:11:45 UTC 2019 /home/travis/build/icyphy/ptII/ptolemy/domains/de/test/auto/fsm_de_test.xml
----------------- Instantiating /home/travis/build/icyphy/ptII/ptolemy/domains/de/test/auto/fsm_de_test.xml
4 ms. Memory: 376832K Free: 240062K (64%)
----------------- Invoking toplevel() on ptolemy.moml.MoMLSimpleApplication@5ce6e1f5
----------------- Done invoking toplevel() on ptolemy.moml.MoMLSimpleApplication@5ce6e1f5
reloadAllAccessors: .fsm_de_test

===========================================================================================
----------------- testing Tue Nov 05 06:11:45 UTC 2019 /home/travis/build/icyphy/ptII/ptolemy/domains/de/test/auto/functionDependencyReconstruction.xml
----------------- Instantiating /home/travis/build/icyphy/ptII/ptolemy/domains/de/test/auto/functionDependencyReconstruction.xml
2 ms. Memory: 376832K Free: 225230K (60%)
----------------- Invoking toplevel() on ptolemy.moml.MoMLSimpleApplication@1ddfdb4e
----------------- Done invoking toplevel() on ptolemy.moml.MoMLSimpleApplication@1ddfdb4e
reloadAllAccessors: .functionDependencyReconstruction

===========================================================================================
----------------- testing Tue Nov 05 06:11:45 UTC 2019 /home/travis/build/icyphy/ptII/ptolemy/domains/de/test/auto/multirate.xml
----------------- Instantiating /home/travis/build/icyphy/ptII/ptolemy/domains/de/test/auto/multirate.xml
3 ms. Memory: 376832K Free: 218558K (58%)
----------------- Invoking toplevel() on ptolemy.moml.MoMLSimpleApplication@4f40ca50
----------------- Done invoking toplevel() on ptolemy.moml.MoMLSimpleApplication@4f40ca50
reloadAllAccessors: .multirate

===========================================================================================
----------------- testing Tue Nov 05 06:11:45 UTC 2019 /home/travis/build/icyphy/ptII/ptolemy/domains/de/test/auto/multirate2.xml
----------------- Instantiating /home/travis/build/icyphy/ptII/ptolemy/domains/de/test/auto/multirate2.xml
3 ms. Memory: 376832K Free: 211918K (56%)
----------------- Invoking toplevel() on ptolemy.moml.MoMLSimpleApplication@10845527
----------------- Done invoking toplevel() on ptolemy.moml.MoMLSimpleApplication@10845527
reloadAllAccessors: .multirate2

===========================================================================================
----------------- testing Tue Nov 05 06:11:45 UTC 2019 /home/travis/build/icyphy/ptII/ptolemy/domains/de/test/auto/realtime.xml
----------------- Instantiating /home/travis/build/icyphy/ptII/ptolemy/domains/de/test/auto/realtime.xml
10001 ms. Memory: 376832K Free: 207308K (55%)
----------------- Invoking toplevel() on ptolemy.moml.MoMLSimpleApplication@698fc7ab
----------------- Done invoking toplevel() on ptolemy.moml.MoMLSimpleApplication@698fc7ab
reloadAllAccessors: .realtime

===========================================================================================
----------------- testing Tue Nov 05 06:11:55 UTC 2019 /home/travis/build/icyphy/ptII/ptolemy/domains/de/test/auto/relationGroup.xml
----------------- Instantiating /home/travis/build/icyphy/ptII/ptolemy/domains/de/test/auto/relationGroup.xml
2 ms. Memory: 376832K Free: 203726K (54%)
----------------- Invoking toplevel() on ptolemy.moml.MoMLSimpleApplication@924719a
----------------- Done invoking toplevel() on ptolemy.moml.MoMLSimpleApplication@924719a
reloadAllAccessors: .relationGroup

===========================================================================================
----------------- testing Tue Nov 05 06:11:55 UTC 2019 /home/travis/build/icyphy/ptII/ptolemy/domains/de/test/auto/relationGroup2.xml
----------------- Instantiating /home/travis/build/icyphy/ptII/ptolemy/domains/de/test/auto/relationGroup2.xml
2 ms. Memory: 376832K Free: 200140K (53%)
----------------- Invoking toplevel() on ptolemy.moml.MoMLSimpleApplication@4fdaea99
----------------- Done invoking toplevel() on ptolemy.moml.MoMLSimpleApplication@4fdaea99
reloadAllAccessors: .relationGroup2

===========================================================================================
----------------- testing Tue Nov 05 06:11:55 UTC 2019 /home/travis/build/icyphy/ptII/ptolemy/domains/de/test/auto/sortWithOpaquePorts.xml
----------------- Instantiating /home/travis/build/icyphy/ptII/ptolemy/domains/de/test/auto/sortWithOpaquePorts.xml
1 ms. Memory: 376832K Free: 195534K (52%)
----------------- Invoking toplevel() on ptolemy.moml.MoMLSimpleApplication@54f45270
----------------- Done invoking toplevel() on ptolemy.moml.MoMLSimpleApplication@54f45270
reloadAllAccessors: .sortWithOpaquePorts

===========================================================================================
----------------- testing Tue Nov 05 06:11:55 UTC 2019 /home/travis/build/icyphy/ptII/ptolemy/domains/de/test/auto/transferInputsandOutputs.xml
----------------- Instantiating /home/travis/build/icyphy/ptII/ptolemy/domains/de/test/auto/transferInputsandOutputs.xml
2 ms. Memory: 376832K Free: 188366K (50%)
----------------- Invoking toplevel() on ptolemy.moml.MoMLSimpleApplication@60660171
----------------- Done invoking toplevel() on ptolemy.moml.MoMLSimpleApplication@60660171
reloadAllAccessors: .transferInputsandOutputs

===========================================================================================
----------------- testing Tue Nov 05 06:11:55 UTC 2019 /home/travis/build/icyphy/ptII/ptolemy/domains/de/test/auto/triggerType.xml
----------------- Instantiating /home/travis/build/icyphy/ptII/ptolemy/domains/de/test/auto/triggerType.xml
1 ms. Memory: 376832K Free: 184270K (49%)
----------------- Invoking toplevel() on ptolemy.moml.MoMLSimpleApplication@16feb598
----------------- Done invoking toplevel() on ptolemy.moml.MoMLSimpleApplication@16feb598
reloadAllAccessors: .triggerType
AutoTests.java: About to close Vertx.
AutoTests.java: Vertx closed.
]]></system-out>
  <system-err><![CDATA[java.lang.RuntimeException: Execution failed
	at ptolemy.moml.MoMLSimpleApplication$UnloadThread.run(MoMLSimpleApplication.java:402)
Caused by: ptolemy.kernel.util.IllegalActionException: Found a zero delay loop containing .dependencyLoop.original
  in .dependencyLoop and .dependencyLoop.original
	at ptolemy.actor.util.CausalityInterfaceForComposites._computeOutputPortDepth(CausalityInterfaceForComposites.java:759)
	at ptolemy.actor.util.CausalityInterfaceForComposites._computeInputDepth(CausalityInterfaceForComposites.java:696)
	at ptolemy.actor.util.CausalityInterfaceForComposites._computeOutputPortDepth(CausalityInterfaceForComposites.java:765)
	at ptolemy.actor.util.CausalityInterfaceForComposites._computeInputDepth(CausalityInterfaceForComposites.java:696)
	at ptolemy.actor.util.CausalityInterfaceForComposites._computeOutputPortDepth(CausalityInterfaceForComposites.java:765)
	at ptolemy.actor.util.CausalityInterfaceForComposites._computeInputDepth(CausalityInterfaceForComposites.java:696)
	at ptolemy.actor.util.CausalityInterfaceForComposites._computeActorDepth(CausalityInterfaceForComposites.java:532)
	at ptolemy.actor.util.CausalityInterfaceForComposites.checkForCycles(CausalityInterfaceForComposites.java:96)
	at ptolemy.domains.de.kernel.DEDirector.preinitialize(DEDirector.java:1338)
	at ptolemy.actor.CompositeActor.preinitialize(CompositeActor.java:1828)
	at ptolemy.actor.Manager.preinitializeAndResolveTypes(Manager.java:1040)
	at ptolemy.actor.Manager.initialize(Manager.java:710)
	at ptolemy.actor.Manager.execute(Manager.java:356)
	at ptolemy.actor.Manager.run(Manager.java:1263)
	at ptolemy.actor.Manager$PtolemyRunThread.run(Manager.java:1933)
java.lang.RuntimeException: Execution failed
	at ptolemy.moml.MoMLSimpleApplication$UnloadThread.run(MoMLSimpleApplication.java:402)
Caused by: ptolemy.kernel.util.IllegalActionException: Found a zero delay loop containing .dependencyLoop2.original
  in .dependencyLoop2 and .dependencyLoop2.original
	at ptolemy.actor.util.CausalityInterfaceForComposites._computeOutputPortDepth(CausalityInterfaceForComposites.java:759)
	at ptolemy.actor.util.CausalityInterfaceForComposites._computeInputDepth(CausalityInterfaceForComposites.java:696)
	at ptolemy.actor.util.CausalityInterfaceForComposites._computeOutputPortDepth(CausalityInterfaceForComposites.java:765)
	at ptolemy.actor.util.CausalityInterfaceForComposites._computeInputDepth(CausalityInterfaceForComposites.java:696)
	at ptolemy.actor.util.CausalityInterfaceForComposites._computeOutputPortDepth(CausalityInterfaceForComposites.java:765)
	at ptolemy.actor.util.CausalityInterfaceForComposites._computeInputDepth(CausalityInterfaceForComposites.java:696)
	at ptolemy.actor.util.CausalityInterfaceForComposites._computeActorDepth(CausalityInterfaceForComposites.java:532)
	at ptolemy.actor.util.CausalityInterfaceForComposites.checkForCycles(CausalityInterfaceForComposites.java:96)
	at ptolemy.domains.de.kernel.DEDirector.preinitialize(DEDirector.java:1338)
	at ptolemy.actor.CompositeActor.preinitialize(CompositeActor.java:1828)
	at ptolemy.actor.Manager.preinitializeAndResolveTypes(Manager.java:1040)
	at ptolemy.actor.Manager.initialize(Manager.java:710)
	at ptolemy.actor.Manager.execute(Manager.java:356)
	at ptolemy.actor.Manager.run(Manager.java:1263)
	at ptolemy.actor.Manager$PtolemyRunThread.run(Manager.java:1933)
java.lang.RuntimeException: Execution failed
	at ptolemy.moml.MoMLSimpleApplication$UnloadThread.run(MoMLSimpleApplication.java:402)
Caused by: ptolemy.kernel.util.IllegalActionException: Test fails in iteration 1.
Value was: 1.0. Should have been: 2.0
  in .DirectFeedback.Test
	at ptolemy.actor.lib.Test.fire(Test.java:268)
	at ptolemy.domains.de.kernel.DEDirector._fire(DEDirector.java:1949)
	at ptolemy.domains.de.kernel.DEDirector.fire(DEDirector.java:502)
	at ptolemy.actor.CompositeActor.fire(CompositeActor.java:455)
	at ptolemy.actor.Manager.iterate(Manager.java:851)
	at ptolemy.actor.Manager.execute(Manager.java:369)
	at ptolemy.actor.Manager.run(Manager.java:1263)
	at ptolemy.actor.Manager$PtolemyRunThread.run(Manager.java:1933)
java.lang.RuntimeException: Execution failed
	at ptolemy.moml.MoMLSimpleApplication$UnloadThread.run(MoMLSimpleApplication.java:402)
Caused by: ptolemy.kernel.util.IllegalActionException: Found a zero delay loop containing .dependencyLoop.original
  in .dependencyLoop and .dependencyLoop.original
	at ptolemy.actor.util.CausalityInterfaceForComposites._computeOutputPortDepth(CausalityInterfaceForComposites.java:759)
	at ptolemy.actor.util.CausalityInterfaceForComposites._computeInputDepth(CausalityInterfaceForComposites.java:696)
	at ptolemy.actor.util.CausalityInterfaceForComposites._computeOutputPortDepth(CausalityInterfaceForComposites.java:765)
	at ptolemy.actor.util.CausalityInterfaceForComposites._computeInputDepth(CausalityInterfaceForComposites.java:696)
	at ptolemy.actor.util.CausalityInterfaceForComposites._computeOutputPortDepth(CausalityInterfaceForComposites.java:765)
	at ptolemy.actor.util.CausalityInterfaceForComposites._computeInputDepth(CausalityInterfaceForComposites.java:696)
	at ptolemy.actor.util.CausalityInterfaceForComposites._computeActorDepth(CausalityInterfaceForComposites.java:532)
	at ptolemy.actor.util.CausalityInterfaceForComposites.checkForCycles(CausalityInterfaceForComposites.java:96)
	at ptolemy.domains.de.kernel.DEDirector.preinitialize(DEDirector.java:1338)
	at ptolemy.actor.CompositeActor.preinitialize(CompositeActor.java:1828)
	at ptolemy.actor.Manager.preinitializeAndResolveTypes(Manager.java:1040)
	at ptolemy.actor.Manager.initialize(Manager.java:710)
	at ptolemy.actor.Manager.execute(Manager.java:356)
	at ptolemy.actor.Manager.run(Manager.java:1263)
	at ptolemy.actor.Manager$PtolemyRunThread.run(Manager.java:1933)
java.lang.RuntimeException: Execution failed
	at ptolemy.moml.MoMLSimpleApplication$UnloadThread.run(MoMLSimpleApplication.java:402)
Caused by: ptolemy.kernel.util.IllegalActionException: Found a zero delay loop containing .HierarchicalModel.A
  in .HierarchicalModel and .HierarchicalModel.A
	at ptolemy.actor.util.CausalityInterfaceForComposites._computeOutputPortDepth(CausalityInterfaceForComposites.java:759)
	at ptolemy.actor.util.CausalityInterfaceForComposites._computeInputDepth(CausalityInterfaceForComposites.java:696)
	at ptolemy.actor.util.CausalityInterfaceForComposites._computeOutputPortDepth(CausalityInterfaceForComposites.java:765)
	at ptolemy.actor.util.CausalityInterfaceForComposites._computeInputDepth(CausalityInterfaceForComposites.java:696)
	at ptolemy.actor.util.CausalityInterfaceForComposites._computeOutputPortDepth(CausalityInterfaceForComposites.java:765)
	at ptolemy.actor.util.CausalityInterfaceForComposites._computeInputDepth(CausalityInterfaceForComposites.java:696)
	at ptolemy.actor.util.CausalityInterfaceForComposites._computeActorDepth(CausalityInterfaceForComposites.java:532)
	at ptolemy.actor.util.CausalityInterfaceForComposites.checkForCycles(CausalityInterfaceForComposites.java:96)
	at ptolemy.domains.de.kernel.DEDirector.preinitialize(DEDirector.java:1338)
	at ptolemy.actor.CompositeActor.preinitialize(CompositeActor.java:1828)
	at ptolemy.actor.Manager.preinitializeAndResolveTypes(Manager.java:1040)
	at ptolemy.actor.Manager.initialize(Manager.java:710)
	at ptolemy.actor.Manager.execute(Manager.java:356)
	at ptolemy.actor.Manager.run(Manager.java:1263)
	at ptolemy.actor.Manager$PtolemyRunThread.run(Manager.java:1933)
java.lang.RuntimeException: Execution failed
	at ptolemy.moml.MoMLSimpleApplication$UnloadThread.run(MoMLSimpleApplication.java:402)
Caused by: ptolemy.kernel.util.IllegalActionException: Found a zero delay loop containing .dependencyLoop2.original
  in .dependencyLoop2 and .dependencyLoop2.original
	at ptolemy.actor.util.CausalityInterfaceForComposites._computeOutputPortDepth(CausalityInterfaceForComposites.java:759)
	at ptolemy.actor.util.CausalityInterfaceForComposites._computeInputDepth(CausalityInterfaceForComposites.java:696)
	at ptolemy.actor.util.CausalityInterfaceForComposites._computeOutputPortDepth(CausalityInterfaceForComposites.java:765)
	at ptolemy.actor.util.CausalityInterfaceForComposites._computeInputDepth(CausalityInterfaceForComposites.java:696)
	at ptolemy.actor.util.CausalityInterfaceForComposites._computeOutputPortDepth(CausalityInterfaceForComposites.java:765)
	at ptolemy.actor.util.CausalityInterfaceForComposites._computeInputDepth(CausalityInterfaceForComposites.java:696)
	at ptolemy.actor.util.CausalityInterfaceForComposites._computeActorDepth(CausalityInterfaceForComposites.java:532)
	at ptolemy.actor.util.CausalityInterfaceForComposites.checkForCycles(CausalityInterfaceForComposites.java:96)
	at ptolemy.domains.de.kernel.DEDirector.preinitialize(DEDirector.java:1338)
	at ptolemy.actor.CompositeActor.preinitialize(CompositeActor.java:1828)
	at ptolemy.actor.Manager.preinitializeAndResolveTypes(Manager.java:1040)
	at ptolemy.actor.Manager.initialize(Manager.java:710)
	at ptolemy.actor.Manager.execute(Manager.java:356)
	at ptolemy.actor.Manager.run(Manager.java:1263)
	at ptolemy.actor.Manager$PtolemyRunThread.run(Manager.java:1933)
java.lang.RuntimeException: Execution failed
	at ptolemy.moml.MoMLSimpleApplication$UnloadThread.run(MoMLSimpleApplication.java:402)
Caused by: ptolemy.kernel.util.IllegalActionException: Actor is not ready to fire.  Perhaps UpSample.prefire() returned false? Try debugging the actor by selecting "Listen to Actor".  Also, for SDF check moml for tokenConsumptionRate on input.
  in .DESDFClockTest.Play Bell.Copy1:SDF Director and .DESDFClockTest.Play Bell.UpSample
	at ptolemy.actor.sched.StaticSchedulingDirector.fire(StaticSchedulingDirector.java:227)
	at ptolemy.domains.sdf.kernel.SDFDirector.fire(SDFDirector.java:500)
	at ptolemy.actor.CompositeActor.fire(CompositeActor.java:455)
	at ptolemy.domains.de.kernel.DEDirector._fire(DEDirector.java:1949)
	at ptolemy.domains.de.kernel.DEDirector.fire(DEDirector.java:502)
	at ptolemy.actor.CompositeActor.fire(CompositeActor.java:455)
	at ptolemy.actor.Manager.iterate(Manager.java:851)
	at ptolemy.actor.Manager.execute(Manager.java:369)
	at ptolemy.actor.Manager.run(Manager.java:1263)
	at ptolemy.actor.Manager$PtolemyRunThread.run(Manager.java:1933)
java.lang.RuntimeException: Execution failed
	at ptolemy.moml.MoMLSimpleApplication$UnloadThread.run(MoMLSimpleApplication.java:402)
Caused by: ptolemy.kernel.util.IllegalActionException: Actor is not ready to fire.  Perhaps UpSample.prefire() returned false? Try debugging the actor by selecting "Listen to Actor".  Also, for SDF check moml for tokenConsumptionRate on input.
  in .DESDFClockTest.Play Bell.Copy1:SDF Director and .DESDFClockTest.Play Bell.UpSample
	at ptolemy.actor.sched.StaticSchedulingDirector.fire(StaticSchedulingDirector.java:227)
	at ptolemy.domains.sdf.kernel.SDFDirector.fire(SDFDirector.java:500)
	at ptolemy.actor.CompositeActor.fire(CompositeActor.java:455)
	at ptolemy.domains.de.kernel.DEDirector._fire(DEDirector.java:1949)
	at ptolemy.domains.de.kernel.DEDirector.fire(DEDirector.java:502)
	at ptolemy.actor.CompositeActor.fire(CompositeActor.java:455)
	at ptolemy.actor.Manager.iterate(Manager.java:851)
	at ptolemy.actor.Manager.execute(Manager.java:369)
	at ptolemy.actor.Manager.run(Manager.java:1263)
	at ptolemy.actor.Manager$PtolemyRunThread.run(Manager.java:1933)
java.lang.reflect.InvocationTargetException
	at java.base/jdk.internal.reflect.NativeConstructorAccessorImpl.newInstance0(Native Method)
	at java.base/jdk.internal.reflect.NativeConstructorAccessorImpl.newInstance(NativeConstructorAccessorImpl.java:62)
	at java.base/jdk.internal.reflect.DelegatingConstructorAccessorImpl.newInstance(DelegatingConstructorAccessorImpl.java:45)
	at java.base/java.lang.reflect.Constructor.newInstance(Constructor.java:490)
	at ptolemy.util.test.junit.AutoKnownFailedTests.RunModel(AutoKnownFailedTests.java:105)
	at java.base/jdk.internal.reflect.NativeMethodAccessorImpl.invoke0(Native Method)
	at java.base/jdk.internal.reflect.NativeMethodAccessorImpl.invoke(NativeMethodAccessorImpl.java:62)
	at java.base/jdk.internal.reflect.DelegatingMethodAccessorImpl.invoke(DelegatingMethodAccessorImpl.java:43)
	at java.base/java.lang.reflect.Method.invoke(Method.java:566)
	at org.junit.runners.model.FrameworkMethod$1.runReflectiveCall(FrameworkMethod.java:44)
	at org.junit.internal.runners.model.ReflectiveCallable.run(ReflectiveCallable.java:15)
	at org.junit.runners.model.FrameworkMethod.invokeExplosively(FrameworkMethod.java:41)
	at junitparams.internal.InvokeParameterisedMethod.evaluate(InvokeParameterisedMethod.java:102)
	at org.junit.internal.runners.statements.FailOnTimeout$1.run(FailOnTimeout.java:28)
Caused by: ptolemy.kernel.util.IllegalActionException: Actor is not ready to fire.  Perhaps UpSample.prefire() returned false? Try debugging the actor by selecting "Listen to Actor".  Also, for SDF check moml for tokenConsumptionRate on input.
  in .DESDFClockTest.Play Bell.Copy1:SDF Director and .DESDFClockTest.Play Bell.UpSample
	at ptolemy.actor.sched.StaticSchedulingDirector.fire(StaticSchedulingDirector.java:227)
	at ptolemy.domains.sdf.kernel.SDFDirector.fire(SDFDirector.java:500)
	at ptolemy.actor.CompositeActor.fire(CompositeActor.java:455)
	at ptolemy.domains.de.kernel.DEDirector._fire(DEDirector.java:1949)
	at ptolemy.domains.de.kernel.DEDirector.fire(DEDirector.java:502)
	at ptolemy.actor.CompositeActor.fire(CompositeActor.java:455)
	at ptolemy.actor.Manager.iterate(Manager.java:851)
	at ptolemy.actor.Manager.execute(Manager.java:369)
	at ptolemy.actor.Manager.run(Manager.java:1263)
	at ptolemy.actor.Manager$PtolemyRunThread.run(Manager.java:1933)
java.lang.RuntimeException: Execution failed
	at ptolemy.moml.MoMLSimpleApplication$UnloadThread.run(MoMLSimpleApplication.java:402)
Caused by: ptolemy.kernel.util.IllegalActionException: Test fails in iteration 1.
Value was: 1.0. Should have been: 2.0
  in .DirectFeedback.Test
	at ptolemy.actor.lib.Test.fire(Test.java:268)
	at ptolemy.domains.de.kernel.DEDirector._fire(DEDirector.java:1949)
	at ptolemy.domains.de.kernel.DEDirector.fire(DEDirector.java:502)
	at ptolemy.actor.CompositeActor.fire(CompositeActor.java:455)
	at ptolemy.actor.Manager.iterate(Manager.java:851)
	at ptolemy.actor.Manager.execute(Manager.java:369)
	at ptolemy.actor.Manager.run(Manager.java:1263)
	at ptolemy.actor.Manager$PtolemyRunThread.run(Manager.java:1933)
java.lang.reflect.InvocationTargetException
	at java.base/jdk.internal.reflect.NativeConstructorAccessorImpl.newInstance0(Native Method)
	at java.base/jdk.internal.reflect.NativeConstructorAccessorImpl.newInstance(NativeConstructorAccessorImpl.java:62)
	at java.base/jdk.internal.reflect.DelegatingConstructorAccessorImpl.newInstance(DelegatingConstructorAccessorImpl.java:45)
	at java.base/java.lang.reflect.Constructor.newInstance(Constructor.java:490)
	at ptolemy.util.test.junit.AutoKnownFailedTests.RunModel(AutoKnownFailedTests.java:105)
	at java.base/jdk.internal.reflect.NativeMethodAccessorImpl.invoke0(Native Method)
	at java.base/jdk.internal.reflect.NativeMethodAccessorImpl.invoke(NativeMethodAccessorImpl.java:62)
	at java.base/jdk.internal.reflect.DelegatingMethodAccessorImpl.invoke(DelegatingMethodAccessorImpl.java:43)
	at java.base/java.lang.reflect.Method.invoke(Method.java:566)
	at org.junit.runners.model.FrameworkMethod$1.runReflectiveCall(FrameworkMethod.java:44)
	at org.junit.internal.runners.model.ReflectiveCallable.run(ReflectiveCallable.java:15)
	at org.junit.runners.model.FrameworkMethod.invokeExplosively(FrameworkMethod.java:41)
	at junitparams.internal.InvokeParameterisedMethod.evaluate(InvokeParameterisedMethod.java:102)
	at org.junit.internal.runners.statements.FailOnTimeout$1.run(FailOnTimeout.java:28)
Caused by: ptolemy.kernel.util.IllegalActionException: Test fails in iteration 1.
Value was: 1.0. Should have been: 2.0
  in .DirectFeedback.Test
	at ptolemy.actor.lib.Test.fire(Test.java:268)
	at ptolemy.domains.de.kernel.DEDirector._fire(DEDirector.java:1949)
	at ptolemy.domains.de.kernel.DEDirector.fire(DEDirector.java:502)
	at ptolemy.actor.CompositeActor.fire(CompositeActor.java:455)
	at ptolemy.actor.Manager.iterate(Manager.java:851)
	at ptolemy.actor.Manager.execute(Manager.java:369)
	at ptolemy.actor.Manager.run(Manager.java:1263)
	at ptolemy.actor.Manager$PtolemyRunThread.run(Manager.java:1933)
java.lang.RuntimeException: Execution failed
	at ptolemy.moml.MoMLSimpleApplication$UnloadThread.run(MoMLSimpleApplication.java:402)
Caused by: ptolemy.kernel.util.IllegalActionException: Found a zero delay loop containing .HierarchicalModel.A
  in .HierarchicalModel and .HierarchicalModel.A
	at ptolemy.actor.util.CausalityInterfaceForComposites._computeOutputPortDepth(CausalityInterfaceForComposites.java:759)
	at ptolemy.actor.util.CausalityInterfaceForComposites._computeInputDepth(CausalityInterfaceForComposites.java:696)
	at ptolemy.actor.util.CausalityInterfaceForComposites._computeOutputPortDepth(CausalityInterfaceForComposites.java:765)
	at ptolemy.actor.util.CausalityInterfaceForComposites._computeInputDepth(CausalityInterfaceForComposites.java:696)
	at ptolemy.actor.util.CausalityInterfaceForComposites._computeOutputPortDepth(CausalityInterfaceForComposites.java:765)
	at ptolemy.actor.util.CausalityInterfaceForComposites._computeInputDepth(CausalityInterfaceForComposites.java:696)
	at ptolemy.actor.util.CausalityInterfaceForComposites._computeActorDepth(CausalityInterfaceForComposites.java:532)
	at ptolemy.actor.util.CausalityInterfaceForComposites.checkForCycles(CausalityInterfaceForComposites.java:96)
	at ptolemy.domains.de.kernel.DEDirector.preinitialize(DEDirector.java:1338)
	at ptolemy.actor.CompositeActor.preinitialize(CompositeActor.java:1828)
	at ptolemy.actor.Manager.preinitializeAndResolveTypes(Manager.java:1040)
	at ptolemy.actor.Manager.initialize(Manager.java:710)
	at ptolemy.actor.Manager.execute(Manager.java:356)
	at ptolemy.actor.Manager.run(Manager.java:1263)
	at ptolemy.actor.Manager$PtolemyRunThread.run(Manager.java:1933)
java.lang.reflect.InvocationTargetException
	at java.base/jdk.internal.reflect.NativeConstructorAccessorImpl.newInstance0(Native Method)
	at java.base/jdk.internal.reflect.NativeConstructorAccessorImpl.newInstance(NativeConstructorAccessorImpl.java:62)
	at java.base/jdk.internal.reflect.DelegatingConstructorAccessorImpl.newInstance(DelegatingConstructorAccessorImpl.java:45)
	at java.base/java.lang.reflect.Constructor.newInstance(Constructor.java:490)
	at ptolemy.util.test.junit.AutoKnownFailedTests.RunModel(AutoKnownFailedTests.java:105)
	at java.base/jdk.internal.reflect.NativeMethodAccessorImpl.invoke0(Native Method)
	at java.base/jdk.internal.reflect.NativeMethodAccessorImpl.invoke(NativeMethodAccessorImpl.java:62)
	at java.base/jdk.internal.reflect.DelegatingMethodAccessorImpl.invoke(DelegatingMethodAccessorImpl.java:43)
	at java.base/java.lang.reflect.Method.invoke(Method.java:566)
	at org.junit.runners.model.FrameworkMethod$1.runReflectiveCall(FrameworkMethod.java:44)
	at org.junit.internal.runners.model.ReflectiveCallable.run(ReflectiveCallable.java:15)
	at org.junit.runners.model.FrameworkMethod.invokeExplosively(FrameworkMethod.java:41)
	at junitparams.internal.InvokeParameterisedMethod.evaluate(InvokeParameterisedMethod.java:102)
	at org.junit.internal.runners.statements.FailOnTimeout$1.run(FailOnTimeout.java:28)
Caused by: ptolemy.kernel.util.IllegalActionException: Found a zero delay loop containing .HierarchicalModel.A
  in .HierarchicalModel and .HierarchicalModel.A
	at ptolemy.actor.util.CausalityInterfaceForComposites._computeOutputPortDepth(CausalityInterfaceForComposites.java:759)
	at ptolemy.actor.util.CausalityInterfaceForComposites._computeInputDepth(CausalityInterfaceForComposites.java:696)
	at ptolemy.actor.util.CausalityInterfaceForComposites._computeOutputPortDepth(CausalityInterfaceForComposites.java:765)
	at ptolemy.actor.util.CausalityInterfaceForComposites._computeInputDepth(CausalityInterfaceForComposites.java:696)
	at ptolemy.actor.util.CausalityInterfaceForComposites._computeOutputPortDepth(CausalityInterfaceForComposites.java:765)
	at ptolemy.actor.util.CausalityInterfaceForComposites._computeInputDepth(CausalityInterfaceForComposites.java:696)
	at ptolemy.actor.util.CausalityInterfaceForComposites._computeActorDepth(CausalityInterfaceForComposites.java:532)
	at ptolemy.actor.util.CausalityInterfaceForComposites.checkForCycles(CausalityInterfaceForComposites.java:96)
	at ptolemy.domains.de.kernel.DEDirector.preinitialize(DEDirector.java:1338)
	at ptolemy.actor.CompositeActor.preinitialize(CompositeActor.java:1828)
	at ptolemy.actor.Manager.preinitializeAndResolveTypes(Manager.java:1040)
	at ptolemy.actor.Manager.initialize(Manager.java:710)
	at ptolemy.actor.Manager.execute(Manager.java:356)
	at ptolemy.actor.Manager.run(Manager.java:1263)
	at ptolemy.actor.Manager$PtolemyRunThread.run(Manager.java:1933)
java.lang.RuntimeException: Execution failed
	at ptolemy.moml.MoMLSimpleApplication$UnloadThread.run(MoMLSimpleApplication.java:402)
Caused by: ptolemy.kernel.util.IllegalActionException: Found a zero delay loop containing .dependencyLoop.original
  in .dependencyLoop and .dependencyLoop.original
	at ptolemy.actor.util.CausalityInterfaceForComposites._computeOutputPortDepth(CausalityInterfaceForComposites.java:759)
	at ptolemy.actor.util.CausalityInterfaceForComposites._computeInputDepth(CausalityInterfaceForComposites.java:696)
	at ptolemy.actor.util.CausalityInterfaceForComposites._computeOutputPortDepth(CausalityInterfaceForComposites.java:765)
	at ptolemy.actor.util.CausalityInterfaceForComposites._computeInputDepth(CausalityInterfaceForComposites.java:696)
	at ptolemy.actor.util.CausalityInterfaceForComposites._computeOutputPortDepth(CausalityInterfaceForComposites.java:765)
	at ptolemy.actor.util.CausalityInterfaceForComposites._computeInputDepth(CausalityInterfaceForComposites.java:696)
	at ptolemy.actor.util.CausalityInterfaceForComposites._computeActorDepth(CausalityInterfaceForComposites.java:532)
	at ptolemy.actor.util.CausalityInterfaceForComposites.checkForCycles(CausalityInterfaceForComposites.java:96)
	at ptolemy.domains.de.kernel.DEDirector.preinitialize(DEDirector.java:1338)
	at ptolemy.actor.CompositeActor.preinitialize(CompositeActor.java:1828)
	at ptolemy.actor.Manager.preinitializeAndResolveTypes(Manager.java:1040)
	at ptolemy.actor.Manager.initialize(Manager.java:710)
	at ptolemy.actor.Manager.execute(Manager.java:356)
	at ptolemy.actor.Manager.run(Manager.java:1263)
	at ptolemy.actor.Manager$PtolemyRunThread.run(Manager.java:1933)
java.lang.reflect.InvocationTargetException
	at java.base/jdk.internal.reflect.NativeConstructorAccessorImpl.newInstance0(Native Method)
	at java.base/jdk.internal.reflect.NativeConstructorAccessorImpl.newInstance(NativeConstructorAccessorImpl.java:62)
	at java.base/jdk.internal.reflect.DelegatingConstructorAccessorImpl.newInstance(DelegatingConstructorAccessorImpl.java:45)
	at java.base/java.lang.reflect.Constructor.newInstance(Constructor.java:490)
	at ptolemy.util.test.junit.AutoKnownFailedTests.RunModel(AutoKnownFailedTests.java:105)
	at java.base/jdk.internal.reflect.NativeMethodAccessorImpl.invoke0(Native Method)
	at java.base/jdk.internal.reflect.NativeMethodAccessorImpl.invoke(NativeMethodAccessorImpl.java:62)
	at java.base/jdk.internal.reflect.DelegatingMethodAccessorImpl.invoke(DelegatingMethodAccessorImpl.java:43)
	at java.base/java.lang.reflect.Method.invoke(Method.java:566)
	at org.junit.runners.model.FrameworkMethod$1.runReflectiveCall(FrameworkMethod.java:44)
	at org.junit.internal.runners.model.ReflectiveCallable.run(ReflectiveCallable.java:15)
	at org.junit.runners.model.FrameworkMethod.invokeExplosively(FrameworkMethod.java:41)
	at junitparams.internal.InvokeParameterisedMethod.evaluate(InvokeParameterisedMethod.java:102)
	at org.junit.internal.runners.statements.FailOnTimeout$1.run(FailOnTimeout.java:28)
Caused by: ptolemy.kernel.util.IllegalActionException: Found a zero delay loop containing .dependencyLoop.original
  in .dependencyLoop and .dependencyLoop.original
	at ptolemy.actor.util.CausalityInterfaceForComposites._computeOutputPortDepth(CausalityInterfaceForComposites.java:759)
	at ptolemy.actor.util.CausalityInterfaceForComposites._computeInputDepth(CausalityInterfaceForComposites.java:696)
	at ptolemy.actor.util.CausalityInterfaceForComposites._computeOutputPortDepth(CausalityInterfaceForComposites.java:765)
	at ptolemy.actor.util.CausalityInterfaceForComposites._computeInputDepth(CausalityInterfaceForComposites.java:696)
	at ptolemy.actor.util.CausalityInterfaceForComposites._computeOutputPortDepth(CausalityInterfaceForComposites.java:765)
	at ptolemy.actor.util.CausalityInterfaceForComposites._computeInputDepth(CausalityInterfaceForComposites.java:696)
	at ptolemy.actor.util.CausalityInterfaceForComposites._computeActorDepth(CausalityInterfaceForComposites.java:532)
	at ptolemy.actor.util.CausalityInterfaceForComposites.checkForCycles(CausalityInterfaceForComposites.java:96)
	at ptolemy.domains.de.kernel.DEDirector.preinitialize(DEDirector.java:1338)
	at ptolemy.actor.CompositeActor.preinitialize(CompositeActor.java:1828)
	at ptolemy.actor.Manager.preinitializeAndResolveTypes(Manager.java:1040)
	at ptolemy.actor.Manager.initialize(Manager.java:710)
	at ptolemy.actor.Manager.execute(Manager.java:356)
	at ptolemy.actor.Manager.run(Manager.java:1263)
	at ptolemy.actor.Manager$PtolemyRunThread.run(Manager.java:1933)
java.lang.RuntimeException: Execution failed
	at ptolemy.moml.MoMLSimpleApplication$UnloadThread.run(MoMLSimpleApplication.java:402)
Caused by: ptolemy.kernel.util.IllegalActionException: Found a zero delay loop containing .dependencyLoop2.original
  in .dependencyLoop2 and .dependencyLoop2.original
	at ptolemy.actor.util.CausalityInterfaceForComposites._computeOutputPortDepth(CausalityInterfaceForComposites.java:759)
	at ptolemy.actor.util.CausalityInterfaceForComposites._computeInputDepth(CausalityInterfaceForComposites.java:696)
	at ptolemy.actor.util.CausalityInterfaceForComposites._computeOutputPortDepth(CausalityInterfaceForComposites.java:765)
	at ptolemy.actor.util.CausalityInterfaceForComposites._computeInputDepth(CausalityInterfaceForComposites.java:696)
	at ptolemy.actor.util.CausalityInterfaceForComposites._computeOutputPortDepth(CausalityInterfaceForComposites.java:765)
	at ptolemy.actor.util.CausalityInterfaceForComposites._computeInputDepth(CausalityInterfaceForComposites.java:696)
	at ptolemy.actor.util.CausalityInterfaceForComposites._computeActorDepth(CausalityInterfaceForComposites.java:532)
	at ptolemy.actor.util.CausalityInterfaceForComposites.checkForCycles(CausalityInterfaceForComposites.java:96)
	at ptolemy.domains.de.kernel.DEDirector.preinitialize(DEDirector.java:1338)
	at ptolemy.actor.CompositeActor.preinitialize(CompositeActor.java:1828)
	at ptolemy.actor.Manager.preinitializeAndResolveTypes(Manager.java:1040)
	at ptolemy.actor.Manager.initialize(Manager.java:710)
	at ptolemy.actor.Manager.execute(Manager.java:356)
	at ptolemy.actor.Manager.run(Manager.java:1263)
	at ptolemy.actor.Manager$PtolemyRunThread.run(Manager.java:1933)
java.lang.reflect.InvocationTargetException
	at java.base/jdk.internal.reflect.NativeConstructorAccessorImpl.newInstance0(Native Method)
	at java.base/jdk.internal.reflect.NativeConstructorAccessorImpl.newInstance(NativeConstructorAccessorImpl.java:62)
	at java.base/jdk.internal.reflect.DelegatingConstructorAccessorImpl.newInstance(DelegatingConstructorAccessorImpl.java:45)
	at java.base/java.lang.reflect.Constructor.newInstance(Constructor.java:490)
	at ptolemy.util.test.junit.AutoKnownFailedTests.RunModel(AutoKnownFailedTests.java:105)
	at java.base/jdk.internal.reflect.NativeMethodAccessorImpl.invoke0(Native Method)
	at java.base/jdk.internal.reflect.NativeMethodAccessorImpl.invoke(NativeMethodAccessorImpl.java:62)
	at java.base/jdk.internal.reflect.DelegatingMethodAccessorImpl.invoke(DelegatingMethodAccessorImpl.java:43)
	at java.base/java.lang.reflect.Method.invoke(Method.java:566)
	at org.junit.runners.model.FrameworkMethod$1.runReflectiveCall(FrameworkMethod.java:44)
	at org.junit.internal.runners.model.ReflectiveCallable.run(ReflectiveCallable.java:15)
	at org.junit.runners.model.FrameworkMethod.invokeExplosively(FrameworkMethod.java:41)
	at junitparams.internal.InvokeParameterisedMethod.evaluate(InvokeParameterisedMethod.java:102)
	at org.junit.internal.runners.statements.FailOnTimeout$1.run(FailOnTimeout.java:28)
Caused by: ptolemy.kernel.util.IllegalActionException: Found a zero delay loop containing .dependencyLoop2.original
  in .dependencyLoop2 and .dependencyLoop2.original
	at ptolemy.actor.util.CausalityInterfaceForComposites._computeOutputPortDepth(CausalityInterfaceForComposites.java:759)
	at ptolemy.actor.util.CausalityInterfaceForComposites._computeInputDepth(CausalityInterfaceForComposites.java:696)
	at ptolemy.actor.util.CausalityInterfaceForComposites._computeOutputPortDepth(CausalityInterfaceForComposites.java:765)
	at ptolemy.actor.util.CausalityInterfaceForComposites._computeInputDepth(CausalityInterfaceForComposites.java:696)
	at ptolemy.actor.util.CausalityInterfaceForComposites._computeOutputPortDepth(CausalityInterfaceForComposites.java:765)
	at ptolemy.actor.util.CausalityInterfaceForComposites._computeInputDepth(CausalityInterfaceForComposites.java:696)
	at ptolemy.actor.util.CausalityInterfaceForComposites._computeActorDepth(CausalityInterfaceForComposites.java:532)
	at ptolemy.actor.util.CausalityInterfaceForComposites.checkForCycles(CausalityInterfaceForComposites.java:96)
	at ptolemy.domains.de.kernel.DEDirector.preinitialize(DEDirector.java:1338)
	at ptolemy.actor.CompositeActor.preinitialize(CompositeActor.java:1828)
	at ptolemy.actor.Manager.preinitializeAndResolveTypes(Manager.java:1040)
	at ptolemy.actor.Manager.initialize(Manager.java:710)
	at ptolemy.actor.Manager.execute(Manager.java:356)
	at ptolemy.actor.Manager.run(Manager.java:1263)
	at ptolemy.actor.Manager$PtolemyRunThread.run(Manager.java:1933)
]]></system-err>
</testsuite>
