<?xml version="1.0" encoding="UTF-8" ?>
<testsuite errors="0" failures="0" hostname="travis-job-a76e2db1-cbfb-46ae-95eb-b83470d1cf7a" name="ptolemy.domains.de.test.junit.JUnitTclTest" skipped="0" tests="101" time="119.963" timestamp="2019-12-26T06:30:19">
  <properties>
    <property name="npm.executable" value="npm" />
    <property name="env.TRAVIS_ROOT" value="/" />
    <property name="ptII.mk.exists" value="true" />
    <property name="env.TRAVIS_APP_HOST" value="build.travis-ci.org" />
    <property name="env.rvm_bin_path" value="/home/travis/.rvm/bin" />
    <property name="java.home" value="/usr/local/lib/jvm/openjdk11" />
    <property name="env.TRAVIS_JOB_NUMBER" value="1443.9" />
    <property name="env.TRAVIS_HOME" value="/home/travis" />
    <property name="env.DISPLAY" value=":99.0" />
    <property name="env.TRAVIS_INIT" value="systemd" />
    <property name="env.SSH_TTY" value="/dev/pts/0" />
    <property name="java.net.preferIPv4Stack" value="true" />
    <property name="env.RUN_TESTS" value="true" />
    <property name="timeout.short" value="1000000" />
    <property name="junit.formatter" value="xml" />
    <property name="env.TRAVIS_SUDO" value="true" />
    <property name="env.TRAVIS_JOB_NAME" value="" />
    <property name="env.TRAVIS_STACK_NODE_ATTRIBUTES" value="/.node-attributes.yml" />
    <property name="env.LOGNAME" value="travis" />
    <property name="jsdoc.home" value="node_modules/@terraswarm/jsdoc" />
    <property name="debuglevel" value="source,lines,vars" />
    <property name="checkstyle.formatter" value="xml" />
    <property name="env._system_version" value="16.04" />
    <property name="bin.vergil.makeable" value="true" />
    <property name="sun.os.patch.level" value="unknown" />
    <property name="java.vendor.url" value="http://java.oracle.com/" />
    <property name="env.TRAVIS_BUILD_WEB_URL" value="https://travis-ci.org/icyphy/ptII/builds/629561285" />
    <property name="java.version" value="11.0.2" />
    <property name="env.TZ" value="UTC" />
    <property name="env.TRAVIS_PULL_REQUEST_SHA" value="" />
    <property name="env.PT_NO_NET" value="true" />
    <property name="env.TRAVIS_SECURE_ENV_VARS" value="true" />
    <property name="env._system_type" value="Linux" />
    <property name="java.vendor.url.bug" value="http://bugreport.java.com/bugreport/" />
    <property name="npmjs-org-is-up" value="true" />
    <property name="env.LANGUAGE" value="en_US.UTF-8" />
    <property name="env.SSH_CLIENT" value="10.16.1.16 50618 22" />
    <property name="env.GEM_HOME" value="/home/travis/.rvm/gems/ruby-2.5.3" />
    <property name="env.HAS_ANTARES_THREE_LITTLE_FRONZIES_BADGE" value="true" />
    <property name="java.version.date" value="2019-01-15" />
    <property name="env.PS4" value="+" />
    <property name="ant.project.invoked-targets" value="build,test.core2.xml" />
    <property name="env.TRAVIS_PULL_REQUEST_BRANCH" value="" />
    <property name="env.TRAVIS_REPO_SLUG" value="icyphy/ptII" />
    <property name="env.XDG_DATA_DIRS" value="/usr/local/share:/usr/share:/var/lib/snapd/desktop" />
    <property name="jdk.debug" value="release" />
    <property name="env.TRAVIS_APT_PROXY" value="http://build-cache.travisci.net" />
    <property name="env.TRAVIS_CPU_ARCH" value="amd64" />
    <property name="node.in.path" value="true" />
    <property name="user.name" value="travis" />
    <property name="java.maxmemory" value="1400m" />
    <property name="env.RUBY_VERSION" value="ruby-2.5.3" />
    <property name="env.LANG" value="en_US.UTF-8" />
    <property name="sun.io.unicode.encoding" value="UnicodeLittle" />
    <property name="sun.jnu.encoding" value="UTF-8" />
    <property name="java.runtime.name" value="OpenJDK Runtime Environment" />
    <property name="usefile" value="false" />
    <property name="return.code" value="0" />
    <property name="junit.single.formatter" value="plain" />
    <property name="env.DYLD_LIBRARY_PATH" value="/home/travis/pthla/certi-tools/lib:" />
    <property name="env.DEBIAN_FRONTEND" value="noninteractive" />
    <property name="env.SSH_CONNECTION" value="10.16.1.16 50618 10.20.0.129 22" />
    <property name="env.MYSQL_UNIX_PORT" value="/var/run/mysqld/mysqld.sock" />
    <property name="env.LC_ALL" value="en_US.UTF-8" />
    <property name="env.TRAVIS_ALLOW_FAILURE" value="false" />
    <property name="env.TRAVIS_JOB_WEB_URL" value="https://travis-ci.org/icyphy/ptII/jobs/629561294" />
    <property name="java.specification.name" value="Java Platform API Specification" />
    <property name="node.works" value="true" />
    <property name="user.timezone" value="" />
    <property name="path.separator" value=":" />
    <property name="env.TRAVIS_ENABLE_INFRA_DETECTION" value="true" />
    <property name="env.PYTHON_CFLAGS" value="-g -fstack-protector --param=ssp-buffer-size=4 -Wformat -Werror=format-security" />
    <property name="timeout.long" value="4000000" />
    <property name="env.CERTI_HOME" value="/home/travis/pthla/certi-tools" />
    <property name="ant.file.ptII" value="/home/travis/build/icyphy/ptII/build.xml" />
    <property name="javadoc.packagenames" value="com.*,diva.*,lbnl.*,org.hlacerti.*,org.json.*,org.ptolemy.*,org.terraswarm.*,ptolemy.*,ptserver.*" />
    <property name="file.encoding" value="UTF-8" />
    <property name="env.TRAVIS_PULL_REQUEST_SLUG" value="" />
    <property name="ant.project.default-target" value="build" />
    <property name="env.GIT_ASKPASS" value="echo" />
    <property name="env.HOME" value="/home/travis" />
    <property name="sun.java.command" value="org.apache.tools.ant.taskdefs.optional.junit.JUnitTestRunner ptolemy.domains.de.test.junit.JUnitTclTest skipNonTests=false filtertrace=true haltOnError=false haltOnFailure=false formatter=org.apache.tools.ant.taskdefs.optional.junit.OutErrSummaryJUnitResultFormatter showoutput=true outputtoformatters=true logfailedtests=true threadid=0 logtestlistenerevents=false formatter=org.apache.tools.ant.taskdefs.optional.junit.XMLJUnitResultFormatter,/home/travis/build/icyphy/ptII/reports/junit/TEST-ptolemy.domains.de.test.junit.JUnitTclTest.xml crashfile=/home/travis/build/icyphy/ptII/junitvmwatcher8671500672517751515.properties propsfile=/home/travis/build/icyphy/ptII/junit897796312996175569.properties" />
    <property name="env.COMPOSER_NO_INTERACTION" value="1" />
    <property name="env.MANPATH" value="/home/travis/.nvm/versions/node/v7.10.1/share/man:/home/travis/.rvm/rubies/ruby-2.5.3/share/man:/usr/local/cmake-3.12.4/man:/usr/local/clang-7.0.0/share/man:/usr/local/man:/usr/local/share/man:/usr/share/man:/home/travis/.rvm/man" />
    <property name="env.TRAVIS_TIMER_ID" value="0870e448" />
    <property name="ant.file" value="/home/travis/build/icyphy/ptII/build.xml" />
    <property name="env.TRAVIS_COMMIT_RANGE" value="ec90a3f30cbca97c6668975b0dc5d1ff1f4b614e...1f87987f0e3e7c0b3e4c2c438cef4d3742e50cee" />
    <property name="env._system_name" value="Ubuntu" />
    <property name="ptII.classpath.optional.property" value="/home/travis/build/icyphy/ptII/lib/bsh-2.0b4.jar:/home/travis/build/icyphy/ptII/lib/ptCal.jar:/home/travis/build/icyphy/ptII/lib/java_cup.jar:/home/travis/build/icyphy/ptII/lib/saxon8.jar:/home/travis/build/icyphy/ptII/lib/saxon8-dom.jar:/home/travis/build/icyphy/ptII/lib/chic.jar:/home/travis/build/icyphy/ptII/lib/ptcolt.jar:/home/travis/build/icyphy/ptII/vendors/misc/itext/iText.jar:/home/travis/build/icyphy/ptII/lib/g4ltl.jar:/home/travis/build/icyphy/ptII/lib/StructuralCoder.jar:/home/travis/build/icyphy/ptII/lib/jcerti.jar:/home/travis/build/icyphy/ptII/lib/javax.mail.jar:/home/travis/build/icyphy/ptII/vendors/JMF-2.1.1e/lib/jmf.jar:/home/travis/build/icyphy/ptII/lib/jna-4.0.0-variadic.jar:/home/travis/build/icyphy/ptII/vendors/misc/joystick/Joystick.jar:/home/travis/build/icyphy/ptII/lib/ptjacl.jar:/home/travis/build/icyphy/ptII/lib/jsoup-1.8.2.jar:/home/travis/build/icyphy/ptII/lib/junit-4.8.2.jar:/home/travis/build/icyphy/ptII/lib/JUnitParams-0.4.0.jar:/home/travis/build/icyphy/ptII/ptolemy/actor/lib/excel/jxl.jar:/home/travis/build/icyphy/ptII/lib/jython.jar:/home/travis/build/icyphy/ptII/lib/kieler.jar:/home/travis/build/icyphy/ptII/vendors/opencv/share/OpenCV/java/opencv-341.jar:/home/travis/build/icyphy/ptII/lib/oscP5.jar:/home/travis/build/icyphy/ptII/lib/nrjavaserial-3.11.0.devel.jar:/home/travis/build/icyphy/ptII/vendors/j3d/lib/Linux/j3dcore.jar:/home/travis/build/icyphy/ptII/vendors/j3d/lib/Linux/j3dutils.jar:/home/travis/build/icyphy/ptII/vendors/j3d/lib/Linux/vecmath.jar:/home/travis/build/icyphy/ptII/vendors/jogl/lib/Linux/gluegen-rt-natives-linux-amd64.jar:/home/travis/build/icyphy/ptII/vendors/jogl/lib/Linux/gluegen-rt.jar:/home/travis/build/icyphy/ptII/vendors/jogl/lib/Linux/jogl-all-natives-linux-amd64.jar:/home/travis/build/icyphy/ptII/vendors/jogl/lib/Linux/jogl-all.jar:/home/travis/build/icyphy/ptII/ptolemy/distributed/jini/jar/jini-core.jar:/home/travis/build/icyphy/ptII/ptolemy/distributed/jini/jar/jini-ext.jar:/home/travis/build/icyphy/ptII/ptolemy/distributed/jini/jar/sun-util.jar:/home/travis/build/icyphy/ptII/lib/protobuf-java-2.4.1.jar:/home/travis/build/icyphy/ptII/lib/org.eclipse.paho.client.mqttv3.jar:/home/travis/build/icyphy/ptII/lib/mapss.jar:/home/travis/build/icyphy/ptII/ptolemy/actor/ptalon/antlr/antlr.jar:/home/travis/build/icyphy/ptII/lib/JRI.jar:/home/travis/build/icyphy/ptII/lib/commons-lang-2.6.jar:/home/travis/build/icyphy/ptII/lib/commons-logging-1.1.1.jar:/home/travis/build/icyphy/ptII/lib/sootclasses.jar:/home/travis/build/icyphy/ptII/ptolemy/actor/lib/database/mysql-connector-java-5.1.6-bin.jar:/home/travis/build/icyphy/ptII/vendors/misc/sphinx4/sphinx4-data-5prealpha.jar:/home/travis/build/icyphy/ptII/vendors/misc/sphinx4/sphinx4-core-5prealpha.jar:/home/travis/build/icyphy/ptII/lib/PDFRenderer.jar:/home/travis/build/icyphy/ptII/lib/svgSalamander.jar:/home/travis/build/icyphy/ptII/lib/rsyntaxtextarea-2.6.0-SNAPSHOT.jar:/home/travis/build/icyphy/ptII/lib/hazelcast-3.8.2.jar:/home/travis/build/icyphy/ptII/lib/jackson-annotations-2.9.0.jar:/home/travis/build/icyphy/ptII/lib/jackson-core-2.9.3.jar:/home/travis/build/icyphy/ptII/lib/jackson-databind-2.9.3.jar:/home/travis/build/icyphy/ptII/lib/netty-buffer-4.1.19.Final.jar:/home/travis/build/icyphy/ptII/lib/netty-codec-4.1.19.Final.jar:/home/travis/build/icyphy/ptII/lib/netty-codec-dns-4.1.19.Final.jar:/home/travis/build/icyphy/ptII/lib/netty-codec-http-4.1.19.Final.jar:/home/travis/build/icyphy/ptII/lib/netty-codec-http2-4.1.19.Final.jar:/home/travis/build/icyphy/ptII/lib/netty-common-4.1.19.Final.jar:/home/travis/build/icyphy/ptII/lib/netty-handler-4.1.19.Final.jar:/home/travis/build/icyphy/ptII/lib/netty-resolver-4.1.19.Final.jar:/home/travis/build/icyphy/ptII/lib/netty-resolver-dns-4.1.19.Final.jar:/home/travis/build/icyphy/ptII/lib/netty-transport-4.1.19.Final.jar:/home/travis/build/icyphy/ptII/lib/vertx-codegen-3.5.1.jar:/home/travis/build/icyphy/ptII/lib/vertx-core-3.5.2-SNAPSHOT.jar:/home/travis/build/icyphy/ptII/lib/vertx-hazelcast-3.5.1.jar:/home/travis/build/icyphy/ptII/lib/vertx-lang-js-3.5.1.jar:/home/travis/build/icyphy/ptII/lib/vertx-service-proxy-3.5.1.jar:/home/travis/build/icyphy/ptII/lib/vertx-web-3.5.1.jar:/home/travis/build/icyphy/ptII/lib/slf4j-api-1.7.13.jar:/home/travis/build/icyphy/ptII/lib/slf4j-simple-1.7.13.jar:/home/travis/build/icyphy/ptII/lib/webcam-capture-0.3.12.jar:/home/travis/build/icyphy/ptII/lib/bridj-0.7.0.jar:/home/travis/build/icyphy/ptII/lib/xbjlib-1.1.0.nrjavaserial.jar" />
    <property name="timeout" value="2400000" />
    <property name="test.batch" value="**/junit/*.java" />
    <property name="env._" value="/usr/bin/timeout" />
    <property name="java.io.tmpdir" value="/tmp" />
    <property name="user.language" value="en" />
    <property name="env.TRAVIS_INTERNAL_RUBY_REGEX" value="^ruby-(2\.[0-4]\.[0-9]|1\.9\.3)" />
    <property name="env.HISTCONTROL" value="ignoredups:ignorespace" />
    <property name="env.GOROOT" value="/home/travis/.gimme/versions/go1.11.1.linux.amd64" />
    <property name="line.separator" value="&#xa;" />
    <property name="target" value="11" />
    <property name="env.TRAVIS_BUILD_DIR" value="/home/travis/build/icyphy/ptII" />
    <property name="env.ANT_OPTS" value="-Xmx2048m" />
    <property name="ant.file.type" value="file" />
    <property name="ptolemy.ptII.batchMode" value="true" />
    <property name="env.HISTSIZE" value="1000" />
    <property name="env.MERB_ENV" value="test" />
    <property name="java.vm.info" value="mixed mode" />
    <property name="source" value="11" />
    <property name="java.vm.specification.name" value="Java Virtual Machine Specification" />
    <property name="env.TRAVIS_TEST_RESULT" value="0" />
    <property name="jsdoc.command" value="node_modules/@terraswarm/jsdoc/jsdoc.js" />
    <property name="npm.works" value="true" />
    <property name="cobertura.dir" value="/home/travis/build/icyphy/ptII/vendors/cobertura-2.0.3" />
    <property name="jsdoc.command.exists" value="true" />
    <property name="env.rvm_path" value="/home/travis/.rvm" />
    <property name="env.GEM_PATH" value="/home/travis/.rvm/gems/ruby-2.5.3:/home/travis/.rvm/gems/ruby-2.5.3@global" />
    <property name="env.LC_CTYPE" value="en_US.UTF-8" />
    <property name="env.TRAVIS_CMD" value="$PTII/bin/ptIITravisBuild.sh $SECONDS" />
    <property name="java.awt.printerjob" value="sun.print.PSPrinterJob" />
    <property name="env.TRAVIS_STACK_NAME" value="sardonyx" />
    <property name="env.TRAVIS_TIMER_START_TIME" value="1577341624799307007" />
    <property name="ant.version" value="Apache Ant(TM) version 1.10.1 compiled on February 2 2017" />
    <property name="ptII.reports" value="/home/travis/build/icyphy/ptII/reports" />
    <property name="env.TRAVIS_STACK_TIMESTAMP" value="2019-03-25 16:16:56 UTC" />
    <property name="ant.file.type.ptII" value="file" />
    <property name="env.RBENV_SHELL" value="bash" />
    <property name="os.name" value="Linux" />
    <property name="java.specification.vendor" value="Oracle Corporation" />
    <property name="env.rvm_version" value="1.29.7 (latest)" />
    <property name="env.TRAVIS_INFRA" value="unknown" />
    <property name="env.TERM" value="xterm" />
    <property name="java.vm.name" value="OpenJDK 64-Bit Server VM" />
    <property name="env.TRAVIS_BUILD_NUMBER" value="1443" />
    <property name="env.CI" value="true" />
    <property name="java.library.path" value="/home/travis/pthla/certi-tools/lib:/usr/lib/jni:/usr/local/share/OpenCV/java/:/usr/share/OpenCV/java::/usr/java/packages/lib:/usr/lib64:/lib64:/lib:/usr/lib" />
    <property name="jdk.module.path" value="/home/travis/build/icyphy/ptII/vendors/javafx/javafx-sdk-11.0.2/lib:" />
    <property name="env.rvm_prefix" value="/home/travis" />
    <property name="env.PATH" value="/home/travis/pthla/certi-tools/share/scripts:/home/travis/.rvm/gems/ruby-2.5.3/bin:/home/travis/.rvm/gems/ruby-2.5.3@global/bin:/home/travis/.rvm/rubies/ruby-2.5.3/bin:/home/travis/.rvm/bin:/home/travis/.nvm/versions/node/v7.10.1/bin:./node_modules/.bin:/home/travis/build/icyphy/ptII/bin:/home/travis/pthla/certi-tools/bin:/home/travis/bin:/home/travis/.local/bin:/usr/local/lib/jvm/openjdk11/bin:/opt/pyenv/shims:/home/travis/.phpenv/shims:/home/travis/perl5/perlbrew/bin:/home/travis/gopath/bin:/home/travis/.gimme/versions/go1.11.1.linux.amd64/bin:/usr/local/maven-3.6.0/bin:/usr/local/cmake-3.12.4/bin:/usr/local/clang-7.0.0/bin:/usr/local/sbin:/usr/local/bin:/usr/sbin:/usr/bin:/sbin:/bin:/snap/bin:/home/travis/.phpenv/bin:/opt/pyenv/bin:/home/travis/.yarn/bin" />
    <property name="env.TRAVIS_OS_NAME" value="linux" />
    <property name="ant.java.version" value="9" />
    <property name="basedir" value="/home/travis/build/icyphy/ptII" />
    <property name="java.class.version" value="55.0" />
    <property name="env.SHLVL" value="3" />
    <property name="env.LD_LIBRARY_PATH" value="/home/travis/pthla/certi-tools/lib:/usr/lib/jni:/usr/local/share/OpenCV/java/:/usr/share/OpenCV/java:" />
    <property name="env.RACK_ENV" value="test" />
    <property name="ant.home" value="/home/travis/build/icyphy/ptII/ant" />
    <property name="env.NVM_DIR" value="/home/travis/.nvm" />
    <property name="env.CERTI_FOM_PATH" value="/home/travis/pthla/certi-tools/share/federations" />
    <property name="env.TRAVIS_BUILD_ID" value="629561285" />
    <property name="env.PYENV_ROOT" value="/opt/pyenv" />
    <property name="env.TRAVIS_UID" value="2000" />
    <property name="prism.verbose" value="true" />
    <property name="env.NVM_BIN" value="/home/travis/.nvm/versions/node/v7.10.1/bin" />
    <property name="env.TRAVIS_COMMIT" value="1f87987f0e3e7c0b3e4c2c438cef4d3742e50cee" />
    <property name="env._system_arch" value="x86_64" />
    <property name="node.executable" value="node" />
    <property name="sun.boot.library.path" value="/usr/local/lib/jvm/openjdk11/lib" />
    <property name="sun.management.compiler" value="HotSpot 64-Bit Tiered Compilers" />
    <property name="java.awt.graphicsenv" value="sun.awt.X11GraphicsEnvironment" />
    <property name="env.GOPATH" value="/home/travis/gopath" />
    <property name="ptolemy.ptII.dir" value="/home/travis/build/icyphy/ptII" />
    <property name="env.USER" value="travis" />
    <property name="env.HISTFILESIZE" value="2000" />
    <property name="timeout.longest" value="19000000" />
    <property name="env.PERLBREW_SHELLRC_VERSION" value="0.86" />
    <property name="env.TRAVIS_STACK_FEATURES" value="basic couchdb disabled-ipv6 docker docker-compose elasticsearch firefox go-toolchain google-chrome jdk memcached mongodb mysql nodejs_interpreter perl_interpreter perlbrew phantomjs postgresql python_interpreter redis ruby_interpreter sqlite xserver" />
    <property name="env.TRAVIS_PULL_REQUEST" value="false" />
    <property name="env.PYENV_SHELL" value="bash" />
    <property name="ant.project.name" value="ptII" />
    <property name="env.ANSI_RESET" value="\033[0m" />
    <property name="java.vm.specification.version" value="11" />
    <property name="env.TRAVIS_DIST" value="xenial" />
    <property name="env.CERTI_VERSION" value="4.0.0" />
    <property name="env.CERTI_HOST" value="localhost" />
    <property name="awt.toolkit" value="sun.awt.X11.XToolkit" />
    <property name="env.MY_RUBY_HOME" value="/home/travis/.rvm/rubies/ruby-2.5.3" />
    <property name="sun.cpu.isalist" value="" />
    <property name="env.TRAVIS_TMPDIR" value="/tmp/tmp.t1M8L2SKyM" />
    <property name="java.vm.compressedOopsMode" value="Zero based" />
    <property name="os.version" value="4.15.0-1028-gcp" />
    <property name="user.home" value="/home/travis" />
    <property name="java.vm.vendor" value="Oracle Corporation" />
    <property name="env.TRAVIS_TAG" value="nightly" />
    <property name="env.ANSI_YELLOW" value="\033[33;1m" />
    <property name="env.TRAVIS_FILTERED" value="redirect_io" />
    <property name="env.ANSI_GREEN" value="\033[32;1m" />
    <property name="env.JAVA_HOME" value="/usr/local/lib/jvm/openjdk11" />
    <property name="javadoc.excludepackagenames" value="adm.cvs2svn.*,build.*,config.*,doc.coding.templates.*,jni.test.jni.meaningOfLife.*,jni.test.jni.testDeux.*,jni.test.jni.testTrois.*,org.terraswarm.accessor.accessors.web.node_modules.*,org.terraswarm.accessor.accessors.web.hosts.cordova.demo.*,org.terraswarm.accessor.accessors.web.hosts.cordova.plugins.*,org.terraswarm.accessor.accessors-svn.*,pt-modules.*,ptolemy.apps.agilent.*,ptolemy.apps.anytimecontrol.*,ptolemy.apps.apes.*,ptolemy.apps.charon.*,ptolemy.apps.crazyboard.*,ptolemy.apps.eclipse.*,ptolemy.apps.etherealSting.*,ptolemy.apps.fullscreen.*,ptolemy.apps.giotto.*,ptolemy.apps.ia.*,ptolemy.apps.interfaces.*,ptolemy.apps.jmf.*,ptolemy.apps.kurt.*,ptolemy.apps.kvm.*,ptolemy.apps.lego.*,ptolemy.apps.lejos.*,ptolemy.apps.midp.*,ptolemy.apps.mobileCoding.*,ptolemy.apps.pendulum.*,ptolemy.apps.rijndael.*,ptolemy.apps.robot.*,ptolemy.apps.security.*,ptolemy.apps.sobel.*,ptolemy.apps.soot.*,ptolemy.apps.throttle.*,ptolemy.apps.tini.*,ptolemy.apps.transmission.*,ptolemy.apps.vergil.*,ptolemy.apps.waba.*,ptolemy.apps.websensor.*,ptolemy.apps.webstart.*,ptolemy.apps.xsl.*,ptolemy.apps.zaurus.*,ptolemy.codegen.c.actor.lib.oldJavaFiles.*,ptolemy.codegen.dsp.lib.*,ptolemy.codegen.kernel.newInterfaces.*,ptolemy.codegen.lib.*,ptolemy.copernicus.kernel.fragment.*,ptolemy.copernicus.shallow.cg.*,ptolemy.domains.giotto.demo.Hierarchy.Hierarchy.*,ptolemy.domains.giotto.demo.Multimode.Multimode.*,ptolemy.domains.giotto.demo.Simple.Simple.*,ptolemy.domains.gr.lib.experimental.*,ptolemy.domains.gro.*,ptolemy.domains.pdf.*,ptolemy.domains.ptinyos.demo.Surge.output.*,ptolemy.moml.test.NoPackageActor.java*,ptolemy.plot.adm.*,ptolemy.plot.servlet.*,reports.*,signed.*,src.*,target.*,vendors.*,ptolemy.copernicus.applet.*,ptolemy.media.viewer.*,ptolemy.actor.corba.*,doc.doclets.*,ptolemy.apps.eclipse.awt.*,ptolemy.backtrack.*,ptolemy.backtrack.ast.*,ptolemy.cg.adapter.generic.program.procedural.c.mbed*,ptolemy.homer.*,ptolemy.actor.lib.jai.*,org.ptolemy.scala.*,diva.util.java2d.svg.*,ptolemy.domains.ptinyos.*,ptolemy.actor.lib.fmi.fmipp.*,,org.terraswarm.accessor.accessors.web.node_modules.*,org.terraswarm.accessor.accessors-svn,ptolemy.apps.*,ptolemy.actor.ptalon.demo.ptinyos.SendAndReceiveCnt.output,ptolemy.actor.ptalon.demo.ptinyos.SenseToLeds.output,ptolemy.domains.ptinyos.demo.CntToLedsAndRfm.output,ptolemy.domains.ptinyos.demo.RfmToLeds.output,ptolemy.domains.ptinyos.demo.SendAndReceiveCnt.output,ptolemy.domains.ptinyos.demo.SenseToLeds.output,ptolemy.actor.lib.jjs.modules.udpSocket.*" />
    <property name="env.PTII" value="/home/travis/build/icyphy/ptII" />
    <property name="env.XDG_SESSION_ID" value="2" />
    <property name="keystore" value="ptKeystore" />
    <property name="env.TRAVIS_COMMIT_MESSAGE" value="Restored ptolemy/domains/space/test/auto directory now that we have timeout mechanism. Hopefully, we will now just see test failures when the database is down instead of total failure of the tests." />
    <property name="junit.output.dir" value="/home/travis/build/icyphy/ptII/reports/junit" />
    <property name="npm.return.code" value="0" />
    <property name="user.dir" value="/home/travis/build/icyphy/ptII/ptolemy/domains/de/test" />
    <property name="env.TRAVIS_NODE_VERSION" value="7" />
    <property name="env.TRAVIS_EVENT_TYPE" value="cron" />
    <property name="env.MAIL" value="/var/mail/travis" />
    <property name="env.PERLBREW_ROOT" value="/home/travis/perl5/perlbrew" />
    <property name="env.PWD" value="/home/travis/build/icyphy/ptII" />
    <property name="timeout.npm" value="45000" />
    <property name="env.PT_TRAVIS_TEST_CORE2_XML" value="true" />
    <property name="env.TRAVIS_ARCH" value="amd64" />
    <property name="sun.cpu.endian" value="little" />
    <property name="env.PAGER" value="cat" />
    <property name="env.TRAVIS_BUILD_STAGE_NAME" value="Test" />
    <property name="env.PERLBREW_HOME" value="/home/travis/.perlbrew" />
    <property name="java.vm.version" value="11.0.2+9" />
    <property name="env.RAILS_ENV" value="test" />
    <property name="java.class.path" value="/home/travis/build/icyphy/ptII:/home/travis/build/icyphy/ptII/lib/bsh-2.0b4.jar:/home/travis/build/icyphy/ptII/lib/ptCal.jar:/home/travis/build/icyphy/ptII/lib/java_cup.jar:/home/travis/build/icyphy/ptII/lib/saxon8.jar:/home/travis/build/icyphy/ptII/lib/saxon8-dom.jar:/home/travis/build/icyphy/ptII/lib/chic.jar:/home/travis/build/icyphy/ptII/lib/ptcolt.jar:/home/travis/build/icyphy/ptII/vendors/misc/itext/iText.jar:/home/travis/build/icyphy/ptII/lib/g4ltl.jar:/home/travis/build/icyphy/ptII/lib/StructuralCoder.jar:/home/travis/build/icyphy/ptII/lib/jcerti.jar:/home/travis/build/icyphy/ptII/lib/javax.mail.jar:/home/travis/build/icyphy/ptII/vendors/JMF-2.1.1e/lib/jmf.jar:/home/travis/build/icyphy/ptII/lib/jna-4.0.0-variadic.jar:/home/travis/build/icyphy/ptII/vendors/misc/joystick/Joystick.jar:/home/travis/build/icyphy/ptII/lib/ptjacl.jar:/home/travis/build/icyphy/ptII/lib/jsoup-1.8.2.jar:/home/travis/build/icyphy/ptII/lib/junit-4.8.2.jar:/home/travis/build/icyphy/ptII/lib/JUnitParams-0.4.0.jar:/home/travis/build/icyphy/ptII/ptolemy/actor/lib/excel/jxl.jar:/home/travis/build/icyphy/ptII/lib/jython.jar:/home/travis/build/icyphy/ptII/lib/kieler.jar:/home/travis/build/icyphy/ptII/vendors/opencv/share/OpenCV/java/opencv-341.jar:/home/travis/build/icyphy/ptII/lib/oscP5.jar:/home/travis/build/icyphy/ptII/lib/nrjavaserial-3.11.0.devel.jar:/home/travis/build/icyphy/ptII/vendors/j3d/lib/Linux/j3dcore.jar:/home/travis/build/icyphy/ptII/vendors/j3d/lib/Linux/j3dutils.jar:/home/travis/build/icyphy/ptII/vendors/j3d/lib/Linux/vecmath.jar:/home/travis/build/icyphy/ptII/vendors/jogl/lib/Linux/gluegen-rt-natives-linux-amd64.jar:/home/travis/build/icyphy/ptII/vendors/jogl/lib/Linux/gluegen-rt.jar:/home/travis/build/icyphy/ptII/vendors/jogl/lib/Linux/jogl-all-natives-linux-amd64.jar:/home/travis/build/icyphy/ptII/vendors/jogl/lib/Linux/jogl-all.jar:/home/travis/build/icyphy/ptII/ptolemy/distributed/jini/jar/jini-core.jar:/home/travis/build/icyphy/ptII/ptolemy/distributed/jini/jar/jini-ext.jar:/home/travis/build/icyphy/ptII/ptolemy/distributed/jini/jar/sun-util.jar:/home/travis/build/icyphy/ptII/lib/protobuf-java-2.4.1.jar:/home/travis/build/icyphy/ptII/lib/org.eclipse.paho.client.mqttv3.jar:/home/travis/build/icyphy/ptII/lib/mapss.jar:/home/travis/build/icyphy/ptII/ptolemy/actor/ptalon/antlr/antlr.jar:/home/travis/build/icyphy/ptII/lib/JRI.jar:/home/travis/build/icyphy/ptII/lib/commons-lang-2.6.jar:/home/travis/build/icyphy/ptII/lib/commons-logging-1.1.1.jar:/home/travis/build/icyphy/ptII/lib/sootclasses.jar:/home/travis/build/icyphy/ptII/ptolemy/actor/lib/database/mysql-connector-java-5.1.6-bin.jar:/home/travis/build/icyphy/ptII/vendors/misc/sphinx4/sphinx4-data-5prealpha.jar:/home/travis/build/icyphy/ptII/vendors/misc/sphinx4/sphinx4-core-5prealpha.jar:/home/travis/build/icyphy/ptII/lib/PDFRenderer.jar:/home/travis/build/icyphy/ptII/lib/svgSalamander.jar:/home/travis/build/icyphy/ptII/lib/rsyntaxtextarea-2.6.0-SNAPSHOT.jar:/home/travis/build/icyphy/ptII/lib/hazelcast-3.8.2.jar:/home/travis/build/icyphy/ptII/lib/jackson-annotations-2.9.0.jar:/home/travis/build/icyphy/ptII/lib/jackson-core-2.9.3.jar:/home/travis/build/icyphy/ptII/lib/jackson-databind-2.9.3.jar:/home/travis/build/icyphy/ptII/lib/netty-buffer-4.1.19.Final.jar:/home/travis/build/icyphy/ptII/lib/netty-codec-4.1.19.Final.jar:/home/travis/build/icyphy/ptII/lib/netty-codec-dns-4.1.19.Final.jar:/home/travis/build/icyphy/ptII/lib/netty-codec-http-4.1.19.Final.jar:/home/travis/build/icyphy/ptII/lib/netty-codec-http2-4.1.19.Final.jar:/home/travis/build/icyphy/ptII/lib/netty-common-4.1.19.Final.jar:/home/travis/build/icyphy/ptII/lib/netty-handler-4.1.19.Final.jar:/home/travis/build/icyphy/ptII/lib/netty-resolver-4.1.19.Final.jar:/home/travis/build/icyphy/ptII/lib/netty-resolver-dns-4.1.19.Final.jar:/home/travis/build/icyphy/ptII/lib/netty-transport-4.1.19.Final.jar:/home/travis/build/icyphy/ptII/lib/vertx-codegen-3.5.1.jar:/home/travis/build/icyphy/ptII/lib/vertx-core-3.5.2-SNAPSHOT.jar:/home/travis/build/icyphy/ptII/lib/vertx-hazelcast-3.5.1.jar:/home/travis/build/icyphy/ptII/lib/vertx-lang-js-3.5.1.jar:/home/travis/build/icyphy/ptII/lib/vertx-service-proxy-3.5.1.jar:/home/travis/build/icyphy/ptII/lib/vertx-web-3.5.1.jar:/home/travis/build/icyphy/ptII/lib/slf4j-api-1.7.13.jar:/home/travis/build/icyphy/ptII/lib/slf4j-simple-1.7.13.jar:/home/travis/build/icyphy/ptII/lib/webcam-capture-0.3.12.jar:/home/travis/build/icyphy/ptII/lib/bridj-0.7.0.jar:/home/travis/build/icyphy/ptII/lib/xbjlib-1.1.0.nrjavaserial.jar:/home/travis/build/icyphy/ptII/ptolemy/moml/test:/home/travis/build/icyphy/ptII/ant/lib/ant-launcher.jar:/home/travis/build/icyphy/ptII/ant/lib/ant.jar:/home/travis/build/icyphy/ptII/ant/lib/ant-junit.jar:/home/travis/build/icyphy/ptII/ant/lib/ant-junit4.jar" />
    <property name="ant.library.dir" value="/home/travis/build/icyphy/ptII/ant/lib" />
    <property name="os.arch" value="amd64" />
    <property name="env.CONTINUOUS_INTEGRATION" value="true" />
    <property name="env.TRAVIS_LANGUAGE" value="node_js" />
    <property name="env.TRAVIS_STACK_LANGUAGES" value="__sardonyx__ c c++ clojure cplusplus cpp default generic go groovy java node_js php pure_java python ruby scala" />
    <property name="test.name" value="ptolemy.actor.lib.test.junit.JUnitTclTest" />
    <property name="env.APT_KEY_DONT_WARN_ON_DANGEROUS_USAGE" value="1" />
    <property name="sun.java.launcher" value="SUN_STANDARD" />
    <property name="env.PYTHON_CONFIGURE_OPTS" value="--enable-unicode=ucs4 --with-wide-unicode --enable-shared --enable-ipv6 --enable-loadable-sqlite-extensions --with-computed-gotos" />
    <property name="ant.core.lib" value="/home/travis/build/icyphy/ptII/ant/lib/ant.jar" />
    <property name="java.vm.specification.vendor" value="Oracle Corporation" />
    <property name="env.BCVTB_HOME" value="/home/travis/build/icyphy/ptII/lbnl" />
    <property name="file.separator" value="/" />
    <property name="spotbugs.home" value="/home/travis/build/icyphy/ptII/vendors/spotbugs-3.1.1" />
    <property name="java.runtime.version" value="11.0.2+9" />
    <property name="env.ANSI_CLEAR" value="\033[0K" />
    <property name="javafx.verbose" value="true" />
    <property name="env.HAS_JOSH_K_SEAL_OF_APPROVAL" value="true" />
    <property name="env.XDG_RUNTIME_DIR" value="/run/user/2000" />
    <property name="env.TRAVIS_OSX_IMAGE" value="" />
    <property name="env.TRAVIS_JOB_ID" value="629561294" />
    <property name="env.TRAVIS_BRANCH" value="master" />
    <property name="user.country" value="US" />
    <property name="env.CERTI_HOME_TRAVIS" value="/home/travis/pthla/certi-tools" />
    <property name="env.SHELL" value="/bin/bash" />
    <property name="java.maxmemory.large" value="3200m" />
    <property name="model" value="" />
    <property name="env.CASHER_DIR" value="/home/travis/.casher" />
    <property name="env.NVM_CD_FLAGS" value="" />
    <property name="java.vendor.version" value="18.9" />
    <property name="jshint.executable" value="/home/travis/node_modules/jshint/bin/jshint" />
    <property name="env.JRUBY_OPTS" value=" --client -J-XX:+TieredCompilation -J-XX:TieredStopAtLevel=1 -J-Xss2m -Xcompile.invokedynamic=false" />
    <property name="java.vendor" value="Oracle Corporation" />
    <property name="env.TRAVIS_PRE_CHEF_BOOTSTRAP_TIME" value="2019-03-25T16:16:42" />
    <property name="env.TRAVIS_STACK_JOB_BOARD_REGISTER" value="/.job-board-register.yml" />
    <property name="env.ANSI_RED" value="\033[31;1m" />
    <property name="java.specification.version" value="11" />
    <property name="env.IRBRC" value="/home/travis/.rvm/rubies/ruby-2.5.3/.irbrc" />
    <property name="env.TRAVIS" value="true" />
    <property name="sun.arch.data.model" value="64" />
  </properties>
  <testcase classname="ptolemy.util.test.junit.TclTests" name="[0] /home/travis/build/icyphy/ptII/ptolemy/domains/de/test/DependencyLoop.tcl (RunTclFile)" time="1.014" />
  <testcase classname="ptolemy.util.test.junit.TclTests" name="[1] /home/travis/build/icyphy/ptII/ptolemy/domains/de/test/RunDETestsAsQSS.tcl (RunTclFile)" time="81.048" />
  <testcase classname="ptolemy.util.test.junit.AutoKnownFailedTests" name="[0] /home/travis/build/icyphy/ptII/ptolemy/domains/de/test/auto/knownFailedTests/DESDFClockTest.xml (RunModel)" time="2.034" />
  <testcase classname="ptolemy.util.test.junit.AutoKnownFailedTests" name="[1] /home/travis/build/icyphy/ptII/ptolemy/domains/de/test/auto/knownFailedTests/DirectFeedback.xml (RunModel)" time="0.016" />
  <testcase classname="ptolemy.util.test.junit.AutoKnownFailedTests" name="[2] /home/travis/build/icyphy/ptII/ptolemy/domains/de/test/auto/knownFailedTests/FSMSource.xml (RunModel)" time="0.019" />
  <testcase classname="ptolemy.util.test.junit.AutoKnownFailedTests" name="[3] /home/travis/build/icyphy/ptII/ptolemy/domains/de/test/auto/knownFailedTests/HierarchicalModel.xml (RunModel)" time="0.039" />
  <testcase classname="ptolemy.util.test.junit.AutoKnownFailedTests" name="[4] /home/travis/build/icyphy/ptII/ptolemy/domains/de/test/auto/knownFailedTests/dependencyLoop.xml (RunModel)" time="0.067" />
  <testcase classname="ptolemy.util.test.junit.AutoKnownFailedTests" name="[5] /home/travis/build/icyphy/ptII/ptolemy/domains/de/test/auto/knownFailedTests/dependencyLoop2.xml (RunModel)" time="0.037" />
  <testcase classname="ptolemy.util.test.junit.AutoNameArchTests" name="[0] ThereAreNoAutoArchTests (RunModel)" time="0.001" />
  <testcase classname="ptolemy.util.test.junit.AutoTests" name="[0] /home/travis/build/icyphy/ptII/ptolemy/domains/de/test/auto/ActorDepthCalculation_actorWithoutPorts.xml (RunModel)" time="0.03" />
  <testcase classname="ptolemy.util.test.junit.AutoTests" name="[1] /home/travis/build/icyphy/ptII/ptolemy/domains/de/test/auto/AssemblyLine.xml (RunModel)" time="0.029" />
  <testcase classname="ptolemy.util.test.junit.AutoTests" name="[2] /home/travis/build/icyphy/ptII/ptolemy/domains/de/test/auto/CQBug1.xml (RunModel)" time="0.01" />
  <testcase classname="ptolemy.util.test.junit.AutoTests" name="[3] /home/travis/build/icyphy/ptII/ptolemy/domains/de/test/auto/CancelFireAt.xml (RunModel)" time="0.01" />
  <testcase classname="ptolemy.util.test.junit.AutoTests" name="[4] /home/travis/build/icyphy/ptII/ptolemy/domains/de/test/auto/CausalityAndComposabilityAnalysis.xml (RunModel)" time="0.012" />
  <testcase classname="ptolemy.util.test.junit.AutoTests" name="[5] /home/travis/build/icyphy/ptII/ptolemy/domains/de/test/auto/CausalityInterface1.xml (RunModel)" time="0.017" />
  <testcase classname="ptolemy.util.test.junit.AutoTests" name="[6] /home/travis/build/icyphy/ptII/ptolemy/domains/de/test/auto/CausalityInterface15.xml (RunModel)" time="0.014" />
  <testcase classname="ptolemy.util.test.junit.AutoTests" name="[7] /home/travis/build/icyphy/ptII/ptolemy/domains/de/test/auto/CausalityInterface2.xml (RunModel)" time="0.017" />
  <testcase classname="ptolemy.util.test.junit.AutoTests" name="[8] /home/travis/build/icyphy/ptII/ptolemy/domains/de/test/auto/CausalityInterface3.xml (RunModel)" time="0.011" />
  <testcase classname="ptolemy.util.test.junit.AutoTests" name="[9] /home/travis/build/icyphy/ptII/ptolemy/domains/de/test/auto/ClockDrift.xml (RunModel)" time="0.033" />
  <testcase classname="ptolemy.util.test.junit.AutoTests" name="[10] /home/travis/build/icyphy/ptII/ptolemy/domains/de/test/auto/ClockDriftAndValueChange.xml (RunModel)" time="0.034" />
  <testcase classname="ptolemy.util.test.junit.AutoTests" name="[11] /home/travis/build/icyphy/ptII/ptolemy/domains/de/test/auto/ClockDriftChange.xml (RunModel)" time="0.029" />
  <testcase classname="ptolemy.util.test.junit.AutoTests" name="[12] /home/travis/build/icyphy/ptII/ptolemy/domains/de/test/auto/ComposableCausalityAnalysis.xml (RunModel)" time="0.014" />
  <testcase classname="ptolemy.util.test.junit.AutoTests" name="[13] /home/travis/build/icyphy/ptII/ptolemy/domains/de/test/auto/DEFixedPointLimitation.xml (RunModel)" time="0.01" />
  <testcase classname="ptolemy.util.test.junit.AutoTests" name="[14] /home/travis/build/icyphy/ptII/ptolemy/domains/de/test/auto/DEScheduleTest.xml (RunModel)" time="0.014" />
  <testcase classname="ptolemy.util.test.junit.AutoTests" name="[15] /home/travis/build/icyphy/ptII/ptolemy/domains/de/test/auto/DEinDEwithStartTimes.xml (RunModel)" time="0.013" />
  <testcase classname="ptolemy.util.test.junit.AutoTests" name="[16] /home/travis/build/icyphy/ptII/ptolemy/domains/de/test/auto/DEinDEwithStartTimes2.xml (RunModel)" time="0.014" />
  <testcase classname="ptolemy.util.test.junit.AutoTests" name="[17] /home/travis/build/icyphy/ptII/ptolemy/domains/de/test/auto/DateDemo.xml (RunModel)" time="0.031" />
  <testcase classname="ptolemy.util.test.junit.AutoTests" name="[18] /home/travis/build/icyphy/ptII/ptolemy/domains/de/test/auto/DateToEvent.xml (RunModel)" time="2.035" />
  <testcase classname="ptolemy.util.test.junit.AutoTests" name="[19] /home/travis/build/icyphy/ptII/ptolemy/domains/de/test/auto/DepthTest1.xml (RunModel)" time="0.008" />
  <testcase classname="ptolemy.util.test.junit.AutoTests" name="[20] /home/travis/build/icyphy/ptII/ptolemy/domains/de/test/auto/DepthTest2.xml (RunModel)" time="0.022" />
  <testcase classname="ptolemy.util.test.junit.AutoTests" name="[21] /home/travis/build/icyphy/ptII/ptolemy/domains/de/test/auto/DepthTest3.xml (RunModel)" time="0.008" />
  <testcase classname="ptolemy.util.test.junit.AutoTests" name="[22] /home/travis/build/icyphy/ptII/ptolemy/domains/de/test/auto/DepthTest4.xml (RunModel)" time="0.018" />
  <testcase classname="ptolemy.util.test.junit.AutoTests" name="[23] /home/travis/build/icyphy/ptII/ptolemy/domains/de/test/auto/DepthTest5.xml (RunModel)" time="0.021" />
  <testcase classname="ptolemy.util.test.junit.AutoTests" name="[24] /home/travis/build/icyphy/ptII/ptolemy/domains/de/test/auto/DepthTest6.xml (RunModel)" time="0.015" />
  <testcase classname="ptolemy.util.test.junit.AutoTests" name="[25] /home/travis/build/icyphy/ptII/ptolemy/domains/de/test/auto/DepthTest7.xml (RunModel)" time="0.016" />
  <testcase classname="ptolemy.util.test.junit.AutoTests" name="[26] /home/travis/build/icyphy/ptII/ptolemy/domains/de/test/auto/EventToDate.xml (RunModel)" time="3.041" />
  <testcase classname="ptolemy.util.test.junit.AutoTests" name="[27] /home/travis/build/icyphy/ptII/ptolemy/domains/de/test/auto/FSM1.xml (RunModel)" time="0.041" />
  <testcase classname="ptolemy.util.test.junit.AutoTests" name="[28] /home/travis/build/icyphy/ptII/ptolemy/domains/de/test/auto/FSM7.xml (RunModel)" time="0.039" />
  <testcase classname="ptolemy.util.test.junit.AutoTests" name="[29] /home/travis/build/icyphy/ptII/ptolemy/domains/de/test/auto/Inspection.xml (RunModel)" time="0.038" />
  <testcase classname="ptolemy.util.test.junit.AutoTests" name="[30] /home/travis/build/icyphy/ptII/ptolemy/domains/de/test/auto/Iteration.xml (RunModel)" time="0.029" />
  <testcase classname="ptolemy.util.test.junit.AutoTests" name="[31] /home/travis/build/icyphy/ptII/ptolemy/domains/de/test/auto/LineFault.xml (RunModel)" time="0.489" />
  <testcase classname="ptolemy.util.test.junit.AutoTests" name="[32] /home/travis/build/icyphy/ptII/ptolemy/domains/de/test/auto/MergeModel1Add.xml (RunModel)" time="0.039" />
  <testcase classname="ptolemy.util.test.junit.AutoTests" name="[33] /home/travis/build/icyphy/ptII/ptolemy/domains/de/test/auto/MergeModel2Add.xml (RunModel)" time="0.031" />
  <testcase classname="ptolemy.util.test.junit.AutoTests" name="[34] /home/travis/build/icyphy/ptII/ptolemy/domains/de/test/auto/MergeModel3Add.xml (RunModel)" time="0.033" />
  <testcase classname="ptolemy.util.test.junit.AutoTests" name="[35] /home/travis/build/icyphy/ptII/ptolemy/domains/de/test/auto/MergeWithoutDiscard.xml (RunModel)" time="0.009" />
  <testcase classname="ptolemy.util.test.junit.AutoTests" name="[36] /home/travis/build/icyphy/ptII/ptolemy/domains/de/test/auto/Modal1.xml (RunModel)" time="0.028" />
  <testcase classname="ptolemy.util.test.junit.AutoTests" name="[37] /home/travis/build/icyphy/ptII/ptolemy/domains/de/test/auto/Modal2.xml (RunModel)" time="0.028" />
  <testcase classname="ptolemy.util.test.junit.AutoTests" name="[38] /home/travis/build/icyphy/ptII/ptolemy/domains/de/test/auto/Modal3.xml (RunModel)" time="0.03" />
  <testcase classname="ptolemy.util.test.junit.AutoTests" name="[39] /home/travis/build/icyphy/ptII/ptolemy/domains/de/test/auto/Modal4.xml (RunModel)" time="0.03" />
  <testcase classname="ptolemy.util.test.junit.AutoTests" name="[40] /home/travis/build/icyphy/ptII/ptolemy/domains/de/test/auto/Modal5.xml (RunModel)" time="0.028" />
  <testcase classname="ptolemy.util.test.junit.AutoTests" name="[41] /home/travis/build/icyphy/ptII/ptolemy/domains/de/test/auto/Modal6.xml (RunModel)" time="0.028" />
  <testcase classname="ptolemy.util.test.junit.AutoTests" name="[42] /home/travis/build/icyphy/ptII/ptolemy/domains/de/test/auto/Modal7.xml (RunModel)" time="0.037" />
  <testcase classname="ptolemy.util.test.junit.AutoTests" name="[43] /home/travis/build/icyphy/ptII/ptolemy/domains/de/test/auto/ModalModel.xml (RunModel)" time="0.161" />
  <testcase classname="ptolemy.util.test.junit.AutoTests" name="[44] /home/travis/build/icyphy/ptII/ptolemy/domains/de/test/auto/ModalSource.xml (RunModel)" time="0.02" />
  <testcase classname="ptolemy.util.test.junit.AutoTests" name="[45] /home/travis/build/icyphy/ptII/ptolemy/domains/de/test/auto/NonInterruptibleTimerZeroDelay.xml (RunModel)" time="0.009" />
  <testcase classname="ptolemy.util.test.junit.AutoTests" name="[46] /home/travis/build/icyphy/ptII/ptolemy/domains/de/test/auto/OpenQueueingNetwork.xml (RunModel)" time="2.185" />
  <testcase classname="ptolemy.util.test.junit.AutoTests" name="[47] /home/travis/build/icyphy/ptII/ptolemy/domains/de/test/auto/OpenQueuingNetwork.xml (RunModel)" time="0.271" />
  <testcase classname="ptolemy.util.test.junit.AutoTests" name="[48] /home/travis/build/icyphy/ptII/ptolemy/domains/de/test/auto/PeriodicSampler.xml (RunModel)" time="0.015" />
  <testcase classname="ptolemy.util.test.junit.AutoTests" name="[49] /home/travis/build/icyphy/ptII/ptolemy/domains/de/test/auto/PersistentIO.xml (RunModel)" time="0.024" />
  <testcase classname="ptolemy.util.test.junit.AutoTests" name="[50] /home/travis/build/icyphy/ptII/ptolemy/domains/de/test/auto/PortParameterResetOnInitialize.xml (RunModel)" time="0.011" />
  <testcase classname="ptolemy.util.test.junit.AutoTests" name="[51] /home/travis/build/icyphy/ptII/ptolemy/domains/de/test/auto/PortParameterUpdates.xml (RunModel)" time="0.018" />
  <testcase classname="ptolemy.util.test.junit.AutoTests" name="[52] /home/travis/build/icyphy/ptII/ptolemy/domains/de/test/auto/QueueAndServer.xml (RunModel)" time="0.026" />
  <testcase classname="ptolemy.util.test.junit.AutoTests" name="[53] /home/travis/build/icyphy/ptII/ptolemy/domains/de/test/auto/Records.xml (RunModel)" time="0.012" />
  <testcase classname="ptolemy.util.test.junit.AutoTests" name="[54] /home/travis/build/icyphy/ptII/ptolemy/domains/de/test/auto/ResetTransitionWithStartTime1.xml (RunModel)" time="0.02" />
  <testcase classname="ptolemy.util.test.junit.AutoTests" name="[55] /home/travis/build/icyphy/ptII/ptolemy/domains/de/test/auto/ResetTransitionWithStartTime2.xml (RunModel)" time="0.019" />
  <testcase classname="ptolemy.util.test.junit.AutoTests" name="[56] /home/travis/build/icyphy/ptII/ptolemy/domains/de/test/auto/ResetTransitionWithStartTime3.xml (RunModel)" time="0.017" />
  <testcase classname="ptolemy.util.test.junit.AutoTests" name="[57] /home/travis/build/icyphy/ptII/ptolemy/domains/de/test/auto/ResetTransitionWithStartTime4.xml (RunModel)" time="0.014" />
  <testcase classname="ptolemy.util.test.junit.AutoTests" name="[58] /home/travis/build/icyphy/ptII/ptolemy/domains/de/test/auto/ResettableTimer1.xml (RunModel)" time="0.009" />
  <testcase classname="ptolemy.util.test.junit.AutoTests" name="[59] /home/travis/build/icyphy/ptII/ptolemy/domains/de/test/auto/ResettableTimer2.xml (RunModel)" time="0.008" />
  <testcase classname="ptolemy.util.test.junit.AutoTests" name="[60] /home/travis/build/icyphy/ptII/ptolemy/domains/de/test/auto/ResettableTimer3.xml (RunModel)" time="0.006" />
  <testcase classname="ptolemy.util.test.junit.AutoTests" name="[61] /home/travis/build/icyphy/ptII/ptolemy/domains/de/test/auto/ResettableTimer4.xml (RunModel)" time="0.008" />
  <testcase classname="ptolemy.util.test.junit.AutoTests" name="[62] /home/travis/build/icyphy/ptII/ptolemy/domains/de/test/auto/ResettableTimer5.xml (RunModel)" time="0.008" />
  <testcase classname="ptolemy.util.test.junit.AutoTests" name="[63] /home/travis/build/icyphy/ptII/ptolemy/domains/de/test/auto/ResettableTimer6.xml (RunModel)" time="0.013" />
  <testcase classname="ptolemy.util.test.junit.AutoTests" name="[64] /home/travis/build/icyphy/ptII/ptolemy/domains/de/test/auto/ServerZeroDelay.xml (RunModel)" time="0.009" />
  <testcase classname="ptolemy.util.test.junit.AutoTests" name="[65] /home/travis/build/icyphy/ptII/ptolemy/domains/de/test/auto/SmartSender.xml (RunModel)" time="3.011" />
  <testcase classname="ptolemy.util.test.junit.AutoTests" name="[66] /home/travis/build/icyphy/ptII/ptolemy/domains/de/test/auto/ThreadedComposite.xml (RunModel)" time="0.108" />
  <testcase classname="ptolemy.util.test.junit.AutoTests" name="[67] /home/travis/build/icyphy/ptII/ptolemy/domains/de/test/auto/Time.xml (RunModel)" time="0.323" />
  <testcase classname="ptolemy.util.test.junit.AutoTests" name="[68] /home/travis/build/icyphy/ptII/ptolemy/domains/de/test/auto/TimeDelayZeroDelay.xml (RunModel)" time="0.016" />
  <testcase classname="ptolemy.util.test.junit.AutoTests" name="[69] /home/travis/build/icyphy/ptII/ptolemy/domains/de/test/auto/TimerZeroDelay.xml (RunModel)" time="0.009" />
  <testcase classname="ptolemy.util.test.junit.AutoTests" name="[70] /home/travis/build/icyphy/ptII/ptolemy/domains/de/test/auto/TimingParadox.xml (RunModel)" time="0.302" />
  <testcase classname="ptolemy.util.test.junit.AutoTests" name="[71] /home/travis/build/icyphy/ptII/ptolemy/domains/de/test/auto/TransferInputs.xml (RunModel)" time="0.011" />
  <testcase classname="ptolemy.util.test.junit.AutoTests" name="[72] /home/travis/build/icyphy/ptII/ptolemy/domains/de/test/auto/TransferOutputs2.xml (RunModel)" time="0.013" />
  <testcase classname="ptolemy.util.test.junit.AutoTests" name="[73] /home/travis/build/icyphy/ptII/ptolemy/domains/de/test/auto/Trilateration.xml (RunModel)" time="10.21" />
  <testcase classname="ptolemy.util.test.junit.AutoTests" name="[74] /home/travis/build/icyphy/ptII/ptolemy/domains/de/test/auto/TwoSigmaDelta.xml (RunModel)" time="1.769" />
  <testcase classname="ptolemy.util.test.junit.AutoTests" name="[75] /home/travis/build/icyphy/ptII/ptolemy/domains/de/test/auto/VariableDelay.xml (RunModel)" time="0.013" />
  <testcase classname="ptolemy.util.test.junit.AutoTests" name="[76] /home/travis/build/icyphy/ptII/ptolemy/domains/de/test/auto/VariableDelay2.xml (RunModel)" time="0.02" />
  <testcase classname="ptolemy.util.test.junit.AutoTests" name="[77] /home/travis/build/icyphy/ptII/ptolemy/domains/de/test/auto/VariableDelayZeroDelay.xml (RunModel)" time="0.015" />
  <testcase classname="ptolemy.util.test.junit.AutoTests" name="[78] /home/travis/build/icyphy/ptII/ptolemy/domains/de/test/auto/VariableDelayZeroDelay2.xml (RunModel)" time="0.008" />
  <testcase classname="ptolemy.util.test.junit.AutoTests" name="[79] /home/travis/build/icyphy/ptII/ptolemy/domains/de/test/auto/deInCt.xml (RunModel)" time="0.016" />
  <testcase classname="ptolemy.util.test.junit.AutoTests" name="[80] /home/travis/build/icyphy/ptII/ptolemy/domains/de/test/auto/deInCt2.xml (RunModel)" time="0.014" />
  <testcase classname="ptolemy.util.test.junit.AutoTests" name="[81] /home/travis/build/icyphy/ptII/ptolemy/domains/de/test/auto/dynamicCausalityInterface1.xml (RunModel)" time="0.017" />
  <testcase classname="ptolemy.util.test.junit.AutoTests" name="[82] /home/travis/build/icyphy/ptII/ptolemy/domains/de/test/auto/fsm_de_test.xml (RunModel)" time="0.021" />
  <testcase classname="ptolemy.util.test.junit.AutoTests" name="[83] /home/travis/build/icyphy/ptII/ptolemy/domains/de/test/auto/functionDependencyReconstruction.xml (RunModel)" time="0.03" />
  <testcase classname="ptolemy.util.test.junit.AutoTests" name="[84] /home/travis/build/icyphy/ptII/ptolemy/domains/de/test/auto/multirate.xml (RunModel)" time="0.013" />
  <testcase classname="ptolemy.util.test.junit.AutoTests" name="[85] /home/travis/build/icyphy/ptII/ptolemy/domains/de/test/auto/multirate2.xml (RunModel)" time="0.012" />
  <testcase classname="ptolemy.util.test.junit.AutoTests" name="[86] /home/travis/build/icyphy/ptII/ptolemy/domains/de/test/auto/realtime.xml (RunModel)" time="10.012" />
  <testcase classname="ptolemy.util.test.junit.AutoTests" name="[87] /home/travis/build/icyphy/ptII/ptolemy/domains/de/test/auto/relationGroup.xml (RunModel)" time="0.011" />
  <testcase classname="ptolemy.util.test.junit.AutoTests" name="[88] /home/travis/build/icyphy/ptII/ptolemy/domains/de/test/auto/relationGroup2.xml (RunModel)" time="0.011" />
  <testcase classname="ptolemy.util.test.junit.AutoTests" name="[89] /home/travis/build/icyphy/ptII/ptolemy/domains/de/test/auto/sortWithOpaquePorts.xml (RunModel)" time="0.016" />
  <testcase classname="ptolemy.util.test.junit.AutoTests" name="[90] /home/travis/build/icyphy/ptII/ptolemy/domains/de/test/auto/transferInputsandOutputs.xml (RunModel)" time="0.014" />
  <testcase classname="ptolemy.util.test.junit.AutoTests" name="[91] /home/travis/build/icyphy/ptII/ptolemy/domains/de/test/auto/triggerType.xml (RunModel)" time="0.01" />
  <system-out><![CDATA[/home/travis/build/icyphy/ptII/ptolemy/domains/de/test/DependencyLoop.tcl
testDefs.tcl: setting time out to 9000 seconds at Thu Dec 26 06:30:19 UTC 2019
86 ms. Memory: 129024K Free: 80327K (62%)
31 ms. Memory: 129024K Free: 62919K (49%)
/home/travis/build/icyphy/ptII/ptolemy/domains/de/test/RunDETestsAsQSS.tcl
Run the DE tests using ptolemy.domains.qss.test.QSSDirectorTest, which extends QSSDirector and prints a message in the constructors.
------------------ testing $PTII/ptolemy/domains/de/test/auto/knownFailedTests/DirectFeedback.xml (Known Failure) 
58 ms. Memory: 129024K Free: 57289K (44%)


==== $PTIIhome/travis/build/icyphy/ptII/ptolemy/domains/de/test/../../../../: Auto Automatic test in file $PTII/ptolemy/domains/de/test/auto/knownFailedTests/DirectFeedback.xml
==== Contents of test case:

	    # FIXME: we should use $relativeFilename here, but it
	    # might have backslashes under Windows, which causes no end
	    # of trouble.
	    createAndExecute $file
	    list {}
	
.... Test generated KNOWN error:
    while executing
ptolemy.kernel.util.IllegalActionException: Test fails in iteration 1.
Value was: 1.0. Should have been: 2.0
  in .DirectFeedback.Test
	at ptolemy.actor.lib.Test.fire(Test.java:268)
	at ptolemy.domains.de.kernel.DEDirector._fire(DEDirector.java:1949)
	at ptolemy.domains.de.kernel.DEDirector.fire(DEDirector.java:502)
	at ptolemy.actor.CompositeActor.fire(CompositeActor.java:455)
	at ptolemy.actor.Manager.iterate(Manager.java:851)
	at ptolemy.actor.Manager.execute(Manager.java:369)
	at ptolemy.actor.Manager.run(Manager.java:1263)
	at ptolemy.actor.Manager$PtolemyRunThread.run(Manager.java:1933)

    while executing
ptolemy.kernel.util.IllegalActionException: Test fails in iteration 1.
Value was: 1.0. Should have been: 2.0
  in .DirectFeedback.Test
    while executing
"java::new ptolemy.moml.MoMLSimpleApplication $file
"
    (procedure "createAndExecute" line 2)
    invoked from within
"createAndExecute $file"
    ("uplevel" body line 5)
    invoked from within
"uplevel $contents_of_test"
------------------ testing $PTII/ptolemy/domains/de/test/auto/knownFailedTests/dependencyLoop.xml (Known Failure) 
8 ms. Memory: 129024K Free: 54217K (42%)


==== $PTIIhome/travis/build/icyphy/ptII/ptolemy/domains/de/test/../../../../: Auto Automatic test in file $PTII/ptolemy/domains/de/test/auto/knownFailedTests/dependencyLoop.xml
==== Contents of test case:

	    # FIXME: we should use $relativeFilename here, but it
	    # might have backslashes under Windows, which causes no end
	    # of trouble.
	    createAndExecute $file
	    list {}
	
.... Test generated KNOWN error:
    while executing
ptolemy.kernel.util.IllegalActionException: Found a zero delay loop containing .dependencyLoop.original
  in .dependencyLoop and .dependencyLoop.original
	at ptolemy.actor.util.CausalityInterfaceForComposites._computeOutputPortDepth(CausalityInterfaceForComposites.java:759)
	at ptolemy.actor.util.CausalityInterfaceForComposites._computeInputDepth(CausalityInterfaceForComposites.java:696)
	at ptolemy.actor.util.CausalityInterfaceForComposites._computeOutputPortDepth(CausalityInterfaceForComposites.java:765)
	at ptolemy.actor.util.CausalityInterfaceForComposites._computeInputDepth(CausalityInterfaceForComposites.java:696)
	at ptolemy.actor.util.CausalityInterfaceForComposites._computeOutputPortDepth(CausalityInterfaceForComposites.java:765)
	at ptolemy.actor.util.CausalityInterfaceForComposites._computeInputDepth(CausalityInterfaceForComposites.java:696)
	at ptolemy.actor.util.CausalityInterfaceForComposites._computeActorDepth(CausalityInterfaceForComposites.java:532)
	at ptolemy.actor.util.CausalityInterfaceForComposites.checkForCycles(CausalityInterfaceForComposites.java:96)
	at ptolemy.domains.de.kernel.DEDirector.preinitialize(DEDirector.java:1338)
	at ptolemy.actor.CompositeActor.preinitialize(CompositeActor.java:1828)
	at ptolemy.actor.Manager.preinitializeAndResolveTypes(Manager.java:1040)
	at ptolemy.actor.Manager.initialize(Manager.java:710)
	at ptolemy.actor.Manager.execute(Manager.java:356)
	at ptolemy.actor.Manager.run(Manager.java:1263)
	at ptolemy.actor.Manager$PtolemyRunThread.run(Manager.java:1933)

    while executing
ptolemy.kernel.util.IllegalActionException: Found a zero delay loop containing .dependencyLoop.original
  in .dependencyLoop and .dependencyLoop.original
    while executing
"java::new ptolemy.moml.MoMLSimpleApplication $file
"
    (procedure "createAndExecute" line 2)
    invoked from within
"createAndExecute $file"
    ("uplevel" body line 5)
    invoked from within
"uplevel $contents_of_test"
------------------ testing $PTII/ptolemy/domains/de/test/auto/knownFailedTests/FSMSource.xml (Known Failure) 
63 ms. Memory: 129024K Free: 113114K (88%)
!!!! Auto was marked as failing, but now passes
------------------ testing $PTII/ptolemy/domains/de/test/auto/knownFailedTests/HierarchicalModel.xml (Known Failure) 
9 ms. Memory: 129024K Free: 95643K (74%)


==== $PTIIhome/travis/build/icyphy/ptII/ptolemy/domains/de/test/../../../../: Auto Automatic test in file $PTII/ptolemy/domains/de/test/auto/knownFailedTests/HierarchicalModel.xml
==== Contents of test case:

	    # FIXME: we should use $relativeFilename here, but it
	    # might have backslashes under Windows, which causes no end
	    # of trouble.
	    createAndExecute $file
	    list {}
	
.... Test generated KNOWN error:
    while executing
ptolemy.kernel.util.IllegalActionException: Found a zero delay loop containing .HierarchicalModel.A
  in .HierarchicalModel and .HierarchicalModel.A
	at ptolemy.actor.util.CausalityInterfaceForComposites._computeOutputPortDepth(CausalityInterfaceForComposites.java:759)
	at ptolemy.actor.util.CausalityInterfaceForComposites._computeInputDepth(CausalityInterfaceForComposites.java:696)
	at ptolemy.actor.util.CausalityInterfaceForComposites._computeOutputPortDepth(CausalityInterfaceForComposites.java:765)
	at ptolemy.actor.util.CausalityInterfaceForComposites._computeInputDepth(CausalityInterfaceForComposites.java:696)
	at ptolemy.actor.util.CausalityInterfaceForComposites._computeOutputPortDepth(CausalityInterfaceForComposites.java:765)
	at ptolemy.actor.util.CausalityInterfaceForComposites._computeInputDepth(CausalityInterfaceForComposites.java:696)
	at ptolemy.actor.util.CausalityInterfaceForComposites._computeActorDepth(CausalityInterfaceForComposites.java:532)
	at ptolemy.actor.util.CausalityInterfaceForComposites.checkForCycles(CausalityInterfaceForComposites.java:96)
	at ptolemy.domains.de.kernel.DEDirector.preinitialize(DEDirector.java:1338)
	at ptolemy.actor.CompositeActor.preinitialize(CompositeActor.java:1828)
	at ptolemy.actor.Manager.preinitializeAndResolveTypes(Manager.java:1040)
	at ptolemy.actor.Manager.initialize(Manager.java:710)
	at ptolemy.actor.Manager.execute(Manager.java:356)
	at ptolemy.actor.Manager.run(Manager.java:1263)
	at ptolemy.actor.Manager$PtolemyRunThread.run(Manager.java:1933)

    while executing
ptolemy.kernel.util.IllegalActionException: Found a zero delay loop containing .HierarchicalModel.A
  in .HierarchicalModel and .HierarchicalModel.A
    while executing
"java::new ptolemy.moml.MoMLSimpleApplication $file
"
    (procedure "createAndExecute" line 2)
    invoked from within
"createAndExecute $file"
    ("uplevel" body line 5)
    invoked from within
"uplevel $contents_of_test"
------------------ testing $PTII/ptolemy/domains/de/test/auto/knownFailedTests/dependencyLoop2.xml (Known Failure) 
5 ms. Memory: 129024K Free: 80021K (62%)


==== $PTIIhome/travis/build/icyphy/ptII/ptolemy/domains/de/test/../../../../: Auto Automatic test in file $PTII/ptolemy/domains/de/test/auto/knownFailedTests/dependencyLoop2.xml
==== Contents of test case:

	    # FIXME: we should use $relativeFilename here, but it
	    # might have backslashes under Windows, which causes no end
	    # of trouble.
	    createAndExecute $file
	    list {}
	
.... Test generated KNOWN error:
    while executing
ptolemy.kernel.util.IllegalActionException: Found a zero delay loop containing .dependencyLoop2.original
  in .dependencyLoop2 and .dependencyLoop2.original
	at ptolemy.actor.util.CausalityInterfaceForComposites._computeOutputPortDepth(CausalityInterfaceForComposites.java:759)
	at ptolemy.actor.util.CausalityInterfaceForComposites._computeInputDepth(CausalityInterfaceForComposites.java:696)
	at ptolemy.actor.util.CausalityInterfaceForComposites._computeOutputPortDepth(CausalityInterfaceForComposites.java:765)
	at ptolemy.actor.util.CausalityInterfaceForComposites._computeInputDepth(CausalityInterfaceForComposites.java:696)
	at ptolemy.actor.util.CausalityInterfaceForComposites._computeOutputPortDepth(CausalityInterfaceForComposites.java:765)
	at ptolemy.actor.util.CausalityInterfaceForComposites._computeInputDepth(CausalityInterfaceForComposites.java:696)
	at ptolemy.actor.util.CausalityInterfaceForComposites._computeActorDepth(CausalityInterfaceForComposites.java:532)
	at ptolemy.actor.util.CausalityInterfaceForComposites.checkForCycles(CausalityInterfaceForComposites.java:96)
	at ptolemy.domains.de.kernel.DEDirector.preinitialize(DEDirector.java:1338)
	at ptolemy.actor.CompositeActor.preinitialize(CompositeActor.java:1828)
	at ptolemy.actor.Manager.preinitializeAndResolveTypes(Manager.java:1040)
	at ptolemy.actor.Manager.initialize(Manager.java:710)
	at ptolemy.actor.Manager.execute(Manager.java:356)
	at ptolemy.actor.Manager.run(Manager.java:1263)
	at ptolemy.actor.Manager$PtolemyRunThread.run(Manager.java:1933)

    while executing
ptolemy.kernel.util.IllegalActionException: Found a zero delay loop containing .dependencyLoop2.original
  in .dependencyLoop2 and .dependencyLoop2.original
    while executing
"java::new ptolemy.moml.MoMLSimpleApplication $file
"
    (procedure "createAndExecute" line 2)
    invoked from within
"createAndExecute $file"
    ("uplevel" body line 5)
    invoked from within
"uplevel $contents_of_test"
------------------ testing $PTII/ptolemy/domains/de/test/auto/knownFailedTests/DESDFClockTest.xml (Known Failure) 
2041 ms. Memory: 129024K Free: 110557K (86%)


==== $PTIIhome/travis/build/icyphy/ptII/ptolemy/domains/de/test/../../../../: Auto Automatic test in file $PTII/ptolemy/domains/de/test/auto/knownFailedTests/DESDFClockTest.xml
==== Contents of test case:

	    # FIXME: we should use $relativeFilename here, but it
	    # might have backslashes under Windows, which causes no end
	    # of trouble.
	    createAndExecute $file
	    list {}
	
.... Test generated KNOWN error:
    while executing
ptolemy.kernel.util.IllegalActionException: Actor is not ready to fire.  Perhaps UpSample.prefire() returned false? Try debugging the actor by selecting "Listen to Actor".  Also, for SDF check moml for tokenConsumptionRate on input.
  in .DESDFClockTest.Play Bell.Copy1:SDF Director and .DESDFClockTest.Play Bell.UpSample
	at ptolemy.actor.sched.StaticSchedulingDirector.fire(StaticSchedulingDirector.java:227)
	at ptolemy.domains.sdf.kernel.SDFDirector.fire(SDFDirector.java:500)
	at ptolemy.actor.CompositeActor.fire(CompositeActor.java:455)
	at ptolemy.domains.de.kernel.DEDirector._fire(DEDirector.java:1949)
	at ptolemy.domains.de.kernel.DEDirector.fire(DEDirector.java:502)
	at ptolemy.actor.CompositeActor.fire(CompositeActor.java:455)
	at ptolemy.actor.Manager.iterate(Manager.java:851)
	at ptolemy.actor.Manager.execute(Manager.java:369)
	at ptolemy.actor.Manager.run(Manager.java:1263)
	at ptolemy.actor.Manager$PtolemyRunThread.run(Manager.java:1933)

    while executing
ptolemy.kernel.util.IllegalActionException: Actor is not ready to fire.  Perhaps UpSample.prefire() returned false? Try debugging the actor by selecting "Listen to Actor".  Also, for SDF check moml for tokenConsumptionRate on input.
  in .DESDFClockTest.Play Bell.Copy1:SDF Director and .DESDFClockTest.Play Bell.UpSample
    while executing
"java::new ptolemy.moml.MoMLSimpleApplication $file
"
    (procedure "createAndExecute" line 2)
    invoked from within
"createAndExecute $file"
    ("uplevel" body line 5)
    invoked from within
"uplevel $contents_of_test"
------------------ testing $PTII/ptolemy/domains/de/test/auto/ActorDepthCalculation_actorWithoutPorts.xml
auto.tcl: Setting watchdog for 200 seconds at Thu Dec 26 06:30:23 UTC 2019
4 ms. Memory: 129024K Free: 102879K (80%)
ptolemy.util.test.WatchDog.cancel(): canceling Thu Dec 26 06:30:23 UTC 2019
auto.tcl: Setting watchdog for 200 seconds at Thu Dec 26 06:30:23 UTC 2019
12 ms. Memory: 129024K Free: 101855K (79%)
ptolemy.util.test.WatchDog.cancel(): canceling Thu Dec 26 06:30:23 UTC 2019
------------------ testing $PTII/ptolemy/domains/de/test/auto/AssemblyLine.xml
auto.tcl: Setting watchdog for 200 seconds at Thu Dec 26 06:30:23 UTC 2019
6 ms. Memory: 51200K Free: 28536K (56%)
ptolemy.util.test.WatchDog.cancel(): canceling Thu Dec 26 06:30:23 UTC 2019
auto.tcl: Setting watchdog for 200 seconds at Thu Dec 26 06:30:23 UTC 2019
5 ms. Memory: 51200K Free: 28041K (55%)
ptolemy.util.test.WatchDog.cancel(): canceling Thu Dec 26 06:30:23 UTC 2019
------------------ testing $PTII/ptolemy/domains/de/test/auto/CQBug1.xml
auto.tcl: Setting watchdog for 200 seconds at Thu Dec 26 06:30:23 UTC 2019
2 ms. Memory: 48128K Free: 31591K (66%)
ptolemy.util.test.WatchDog.cancel(): canceling Thu Dec 26 06:30:23 UTC 2019
auto.tcl: Setting watchdog for 200 seconds at Thu Dec 26 06:30:23 UTC 2019
2 ms. Memory: 48128K Free: 31124K (65%)
ptolemy.util.test.WatchDog.cancel(): canceling Thu Dec 26 06:30:23 UTC 2019
------------------ testing $PTII/ptolemy/domains/de/test/auto/CancelFireAt.xml
auto.tcl: Setting watchdog for 200 seconds at Thu Dec 26 06:30:24 UTC 2019
13 ms. Memory: 45056K Free: 29718K (66%)
ptolemy.util.test.WatchDog.cancel(): canceling Thu Dec 26 06:30:24 UTC 2019
auto.tcl: Setting watchdog for 200 seconds at Thu Dec 26 06:30:24 UTC 2019
3 ms. Memory: 45056K Free: 29303K (65%)
ptolemy.util.test.WatchDog.cancel(): canceling Thu Dec 26 06:30:24 UTC 2019
------------------ testing $PTII/ptolemy/domains/de/test/auto/CausalityAndComposabilityAnalysis.xml
auto.tcl: Setting watchdog for 200 seconds at Thu Dec 26 06:30:24 UTC 2019
16 ms. Memory: 45056K Free: 27393K (61%)
ptolemy.util.test.WatchDog.cancel(): canceling Thu Dec 26 06:30:24 UTC 2019
auto.tcl: Setting watchdog for 200 seconds at Thu Dec 26 06:30:24 UTC 2019
8 ms. Memory: 45056K Free: 27012K (60%)
ptolemy.util.test.WatchDog.cancel(): canceling Thu Dec 26 06:30:24 UTC 2019
------------------ testing $PTII/ptolemy/domains/de/test/auto/CausalityInterface1.xml
auto.tcl: Setting watchdog for 200 seconds at Thu Dec 26 06:30:24 UTC 2019
14 ms. Memory: 45056K Free: 26410K (59%)
ptolemy.util.test.WatchDog.cancel(): canceling Thu Dec 26 06:30:24 UTC 2019
auto.tcl: Setting watchdog for 200 seconds at Thu Dec 26 06:30:24 UTC 2019
8 ms. Memory: 45056K Free: 25435K (56%)
ptolemy.util.test.WatchDog.cancel(): canceling Thu Dec 26 06:30:24 UTC 2019
------------------ testing $PTII/ptolemy/domains/de/test/auto/CausalityInterface15.xml
auto.tcl: Setting watchdog for 200 seconds at Thu Dec 26 06:30:24 UTC 2019
8 ms. Memory: 45056K Free: 26439K (59%)
ptolemy.util.test.WatchDog.cancel(): canceling Thu Dec 26 06:30:24 UTC 2019
auto.tcl: Setting watchdog for 200 seconds at Thu Dec 26 06:30:24 UTC 2019
6 ms. Memory: 45056K Free: 25367K (56%)
ptolemy.util.test.WatchDog.cancel(): canceling Thu Dec 26 06:30:24 UTC 2019
------------------ testing $PTII/ptolemy/domains/de/test/auto/CausalityInterface2.xml
auto.tcl: Setting watchdog for 200 seconds at Thu Dec 26 06:30:24 UTC 2019
6 ms. Memory: 45056K Free: 27106K (60%)
ptolemy.util.test.WatchDog.cancel(): canceling Thu Dec 26 06:30:24 UTC 2019
auto.tcl: Setting watchdog for 200 seconds at Thu Dec 26 06:30:24 UTC 2019
3 ms. Memory: 45056K Free: 26365K (59%)
ptolemy.util.test.WatchDog.cancel(): canceling Thu Dec 26 06:30:24 UTC 2019
------------------ testing $PTII/ptolemy/domains/de/test/auto/CausalityInterface3.xml
auto.tcl: Setting watchdog for 200 seconds at Thu Dec 26 06:30:24 UTC 2019
3 ms. Memory: 45056K Free: 26566K (59%)
ptolemy.util.test.WatchDog.cancel(): canceling Thu Dec 26 06:30:24 UTC 2019
auto.tcl: Setting watchdog for 200 seconds at Thu Dec 26 06:30:24 UTC 2019
2 ms. Memory: 45056K Free: 25788K (57%)
ptolemy.util.test.WatchDog.cancel(): canceling Thu Dec 26 06:30:24 UTC 2019
------------------ testing $PTII/ptolemy/domains/de/test/auto/ClockDrift.xml
auto.tcl: Setting watchdog for 200 seconds at Thu Dec 26 06:30:24 UTC 2019
85 ms. Memory: 45056K Free: 18955K (42%)
ptolemy.util.test.WatchDog.cancel(): canceling Thu Dec 26 06:30:24 UTC 2019
auto.tcl: Setting watchdog for 200 seconds at Thu Dec 26 06:30:24 UTC 2019
57 ms. Memory: 45056K Free: 15767K (35%)
ptolemy.util.test.WatchDog.cancel(): canceling Thu Dec 26 06:30:24 UTC 2019
------------------ testing $PTII/ptolemy/domains/de/test/auto/ClockDriftAndValueChange.xml
auto.tcl: Setting watchdog for 200 seconds at Thu Dec 26 06:30:24 UTC 2019
38 ms. Memory: 45056K Free: 19448K (43%)
ptolemy.util.test.WatchDog.cancel(): canceling Thu Dec 26 06:30:24 UTC 2019
auto.tcl: Setting watchdog for 200 seconds at Thu Dec 26 06:30:24 UTC 2019
25 ms. Memory: 45056K Free: 16376K (36%)
ptolemy.util.test.WatchDog.cancel(): canceling Thu Dec 26 06:30:24 UTC 2019
------------------ testing $PTII/ptolemy/domains/de/test/auto/ClockDriftChange.xml
auto.tcl: Setting watchdog for 200 seconds at Thu Dec 26 06:30:24 UTC 2019
22 ms. Memory: 45056K Free: 21277K (47%)
ptolemy.util.test.WatchDog.cancel(): canceling Thu Dec 26 06:30:24 UTC 2019
auto.tcl: Setting watchdog for 200 seconds at Thu Dec 26 06:30:24 UTC 2019
27 ms. Memory: 45056K Free: 18744K (42%)
ptolemy.util.test.WatchDog.cancel(): canceling Thu Dec 26 06:30:25 UTC 2019
------------------ testing $PTII/ptolemy/domains/de/test/auto/ComposableCausalityAnalysis.xml
auto.tcl: Setting watchdog for 200 seconds at Thu Dec 26 06:30:25 UTC 2019
2 ms. Memory: 45056K Free: 25951K (58%)
ptolemy.util.test.WatchDog.cancel(): canceling Thu Dec 26 06:30:25 UTC 2019
auto.tcl: Setting watchdog for 200 seconds at Thu Dec 26 06:30:25 UTC 2019
3 ms. Memory: 45056K Free: 24902K (55%)
ptolemy.util.test.WatchDog.cancel(): canceling Thu Dec 26 06:30:25 UTC 2019
------------------ testing $PTII/ptolemy/domains/de/test/auto/DEFixedPointLimitation.xml
auto.tcl: Setting watchdog for 200 seconds at Thu Dec 26 06:30:25 UTC 2019
4 ms. Memory: 45056K Free: 27270K (61%)
ptolemy.util.test.WatchDog.cancel(): canceling Thu Dec 26 06:30:25 UTC 2019
auto.tcl: Setting watchdog for 200 seconds at Thu Dec 26 06:30:25 UTC 2019
2 ms. Memory: 45056K Free: 26362K (59%)
ptolemy.util.test.WatchDog.cancel(): canceling Thu Dec 26 06:30:25 UTC 2019
------------------ testing $PTII/ptolemy/domains/de/test/auto/DEScheduleTest.xml
auto.tcl: Setting watchdog for 200 seconds at Thu Dec 26 06:30:25 UTC 2019
4 ms. Memory: 45056K Free: 27552K (61%)
ptolemy.util.test.WatchDog.cancel(): canceling Thu Dec 26 06:30:25 UTC 2019
auto.tcl: Setting watchdog for 200 seconds at Thu Dec 26 06:30:25 UTC 2019
4 ms. Memory: 45056K Free: 26780K (59%)
ptolemy.util.test.WatchDog.cancel(): canceling Thu Dec 26 06:30:25 UTC 2019
------------------ testing $PTII/ptolemy/domains/de/test/auto/DEinDEwithStartTimes.xml
auto.tcl: Setting watchdog for 200 seconds at Thu Dec 26 06:30:25 UTC 2019
3 ms. Memory: 45056K Free: 25737K (57%)
ptolemy.util.test.WatchDog.cancel(): canceling Thu Dec 26 06:30:25 UTC 2019
auto.tcl: Setting watchdog for 200 seconds at Thu Dec 26 06:30:25 UTC 2019
3 ms. Memory: 45056K Free: 24670K (55%)
ptolemy.util.test.WatchDog.cancel(): canceling Thu Dec 26 06:30:25 UTC 2019
------------------ testing $PTII/ptolemy/domains/de/test/auto/DEinDEwithStartTimes2.xml
auto.tcl: Setting watchdog for 200 seconds at Thu Dec 26 06:30:25 UTC 2019
4 ms. Memory: 45056K Free: 24988K (55%)
ptolemy.util.test.WatchDog.cancel(): canceling Thu Dec 26 06:30:25 UTC 2019
auto.tcl: Setting watchdog for 200 seconds at Thu Dec 26 06:30:25 UTC 2019
3 ms. Memory: 45056K Free: 23625K (52%)
ptolemy.util.test.WatchDog.cancel(): canceling Thu Dec 26 06:30:25 UTC 2019
------------------ testing $PTII/ptolemy/domains/de/test/auto/DateDemo.xml
auto.tcl: Setting watchdog for 200 seconds at Thu Dec 26 06:30:25 UTC 2019
17 ms. Memory: 45056K Free: 19287K (43%)
ptolemy.util.test.WatchDog.cancel(): canceling Thu Dec 26 06:30:25 UTC 2019
auto.tcl: Setting watchdog for 200 seconds at Thu Dec 26 06:30:25 UTC 2019
8 ms. Memory: 45056K Free: 17724K (39%)
ptolemy.util.test.WatchDog.cancel(): canceling Thu Dec 26 06:30:25 UTC 2019
------------------ testing $PTII/ptolemy/domains/de/test/auto/DateToEvent.xml
auto.tcl: Setting watchdog for 200 seconds at Thu Dec 26 06:30:25 UTC 2019
2016 ms. Memory: 45056K Free: 15185K (34%)
ptolemy.util.test.WatchDog.cancel(): canceling Thu Dec 26 06:30:27 UTC 2019
auto.tcl: Setting watchdog for 200 seconds at Thu Dec 26 06:30:27 UTC 2019
2008 ms. Memory: 45056K Free: 14511K (32%)
ptolemy.util.test.WatchDog.cancel(): canceling Thu Dec 26 06:30:29 UTC 2019
------------------ testing $PTII/ptolemy/domains/de/test/auto/DepthTest1.xml
auto.tcl: Setting watchdog for 200 seconds at Thu Dec 26 06:30:29 UTC 2019
4 ms. Memory: 45056K Free: 28334K (63%)
ptolemy.util.test.WatchDog.cancel(): canceling Thu Dec 26 06:30:29 UTC 2019
auto.tcl: Setting watchdog for 200 seconds at Thu Dec 26 06:30:29 UTC 2019
2 ms. Memory: 45056K Free: 27951K (62%)
ptolemy.util.test.WatchDog.cancel(): canceling Thu Dec 26 06:30:29 UTC 2019
------------------ testing $PTII/ptolemy/domains/de/test/auto/DepthTest2.xml
auto.tcl: Setting watchdog for 200 seconds at Thu Dec 26 06:30:29 UTC 2019
3 ms. Memory: 45056K Free: 25127K (56%)
ptolemy.util.test.WatchDog.cancel(): canceling Thu Dec 26 06:30:29 UTC 2019
auto.tcl: Setting watchdog for 200 seconds at Thu Dec 26 06:30:29 UTC 2019
3 ms. Memory: 45056K Free: 24661K (55%)
ptolemy.util.test.WatchDog.cancel(): canceling Thu Dec 26 06:30:29 UTC 2019
------------------ testing $PTII/ptolemy/domains/de/test/auto/DepthTest3.xml
auto.tcl: Setting watchdog for 200 seconds at Thu Dec 26 06:30:29 UTC 2019
6 ms. Memory: 45056K Free: 28793K (64%)
ptolemy.util.test.WatchDog.cancel(): canceling Thu Dec 26 06:30:29 UTC 2019
auto.tcl: Setting watchdog for 200 seconds at Thu Dec 26 06:30:29 UTC 2019
4 ms. Memory: 45056K Free: 28271K (63%)
ptolemy.util.test.WatchDog.cancel(): canceling Thu Dec 26 06:30:29 UTC 2019
------------------ testing $PTII/ptolemy/domains/de/test/auto/DepthTest4.xml
auto.tcl: Setting watchdog for 200 seconds at Thu Dec 26 06:30:29 UTC 2019
9 ms. Memory: 45056K Free: 27021K (60%)
ptolemy.util.test.WatchDog.cancel(): canceling Thu Dec 26 06:30:29 UTC 2019
auto.tcl: Setting watchdog for 200 seconds at Thu Dec 26 06:30:29 UTC 2019
3 ms. Memory: 45056K Free: 26297K (58%)
ptolemy.util.test.WatchDog.cancel(): canceling Thu Dec 26 06:30:29 UTC 2019
------------------ testing $PTII/ptolemy/domains/de/test/auto/DepthTest5.xml
auto.tcl: Setting watchdog for 200 seconds at Thu Dec 26 06:30:29 UTC 2019
3 ms. Memory: 45056K Free: 26138K (58%)
ptolemy.util.test.WatchDog.cancel(): canceling Thu Dec 26 06:30:29 UTC 2019
auto.tcl: Setting watchdog for 200 seconds at Thu Dec 26 06:30:29 UTC 2019
2 ms. Memory: 45056K Free: 25770K (57%)
ptolemy.util.test.WatchDog.cancel(): canceling Thu Dec 26 06:30:29 UTC 2019
------------------ testing $PTII/ptolemy/domains/de/test/auto/DepthTest6.xml
auto.tcl: Setting watchdog for 200 seconds at Thu Dec 26 06:30:30 UTC 2019
4 ms. Memory: 45056K Free: 26132K (58%)
ptolemy.util.test.WatchDog.cancel(): canceling Thu Dec 26 06:30:30 UTC 2019
auto.tcl: Setting watchdog for 200 seconds at Thu Dec 26 06:30:30 UTC 2019
2 ms. Memory: 45056K Free: 25602K (57%)
ptolemy.util.test.WatchDog.cancel(): canceling Thu Dec 26 06:30:30 UTC 2019
------------------ testing $PTII/ptolemy/domains/de/test/auto/DepthTest7.xml
auto.tcl: Setting watchdog for 200 seconds at Thu Dec 26 06:30:30 UTC 2019
3 ms. Memory: 45056K Free: 26952K (60%)
ptolemy.util.test.WatchDog.cancel(): canceling Thu Dec 26 06:30:30 UTC 2019
auto.tcl: Setting watchdog for 200 seconds at Thu Dec 26 06:30:30 UTC 2019
2 ms. Memory: 45056K Free: 26223K (58%)
ptolemy.util.test.WatchDog.cancel(): canceling Thu Dec 26 06:30:30 UTC 2019
------------------ testing $PTII/ptolemy/domains/de/test/auto/EventToDate.xml
auto.tcl: Setting watchdog for 200 seconds at Thu Dec 26 06:30:30 UTC 2019
3006 ms. Memory: 45056K Free: 17734K (39%)
ptolemy.util.test.WatchDog.cancel(): canceling Thu Dec 26 06:30:33 UTC 2019
auto.tcl: Setting watchdog for 200 seconds at Thu Dec 26 06:30:33 UTC 2019
3008 ms. Memory: 45056K Free: 17027K (38%)
ptolemy.util.test.WatchDog.cancel(): canceling Thu Dec 26 06:30:36 UTC 2019
------------------ testing $PTII/ptolemy/domains/de/test/auto/FSM1.xml
auto.tcl: Setting watchdog for 200 seconds at Thu Dec 26 06:30:36 UTC 2019
21 ms. Memory: 45056K Free: 18960K (42%)
ptolemy.util.test.WatchDog.cancel(): canceling Thu Dec 26 06:30:36 UTC 2019
auto.tcl: Setting watchdog for 200 seconds at Thu Dec 26 06:30:36 UTC 2019
19 ms. Memory: 45056K Free: 15722K (35%)
ptolemy.util.test.WatchDog.cancel(): canceling Thu Dec 26 06:30:36 UTC 2019
------------------ testing $PTII/ptolemy/domains/de/test/auto/FSM7.xml
auto.tcl: Setting watchdog for 200 seconds at Thu Dec 26 06:30:36 UTC 2019
27 ms. Memory: 45056K Free: 18874K (42%)
ptolemy.util.test.WatchDog.cancel(): canceling Thu Dec 26 06:30:36 UTC 2019
auto.tcl: Setting watchdog for 200 seconds at Thu Dec 26 06:30:36 UTC 2019
14 ms. Memory: 45056K Free: 15557K (35%)
ptolemy.util.test.WatchDog.cancel(): canceling Thu Dec 26 06:30:36 UTC 2019
------------------ testing $PTII/ptolemy/domains/de/test/auto/Inspection.xml
auto.tcl: Setting watchdog for 200 seconds at Thu Dec 26 06:30:36 UTC 2019
23 ms. Memory: 45056K Free: 18708K (42%)
ptolemy.util.test.WatchDog.cancel(): canceling Thu Dec 26 06:30:36 UTC 2019
auto.tcl: Setting watchdog for 200 seconds at Thu Dec 26 06:30:36 UTC 2019
15 ms. Memory: 45056K Free: 16958K (38%)
ptolemy.util.test.WatchDog.cancel(): canceling Thu Dec 26 06:30:36 UTC 2019
------------------ testing $PTII/ptolemy/domains/de/test/auto/Iteration.xml
auto.tcl: Setting watchdog for 200 seconds at Thu Dec 26 06:30:36 UTC 2019
6 ms. Memory: 45056K Free: 24389K (54%)
ptolemy.util.test.WatchDog.cancel(): canceling Thu Dec 26 06:30:36 UTC 2019
auto.tcl: Setting watchdog for 200 seconds at Thu Dec 26 06:30:36 UTC 2019
5 ms. Memory: 45056K Free: 23010K (51%)
ptolemy.util.test.WatchDog.cancel(): canceling Thu Dec 26 06:30:36 UTC 2019
------------------ testing $PTII/ptolemy/domains/de/test/auto/LineFault.xml
auto.tcl: Setting watchdog for 200 seconds at Thu Dec 26 06:30:36 UTC 2019
578 ms. Memory: 45056K Free: 25079K (56%)
ptolemy.util.test.WatchDog.cancel(): canceling Thu Dec 26 06:30:37 UTC 2019
auto.tcl: Setting watchdog for 200 seconds at Thu Dec 26 06:30:37 UTC 2019
557 ms. Memory: 54272K Free: 17144K (32%)
ptolemy.util.test.WatchDog.cancel(): canceling Thu Dec 26 06:30:38 UTC 2019
------------------ testing $PTII/ptolemy/domains/de/test/auto/MergeModel1Add.xml
auto.tcl: Setting watchdog for 200 seconds at Thu Dec 26 06:30:38 UTC 2019
16 ms. Memory: 51200K Free: 16536K (32%)
ptolemy.util.test.WatchDog.cancel(): canceling Thu Dec 26 06:30:38 UTC 2019
auto.tcl: Setting watchdog for 200 seconds at Thu Dec 26 06:30:38 UTC 2019
10 ms. Memory: 51200K Free: 14932K (29%)
ptolemy.util.test.WatchDog.cancel(): canceling Thu Dec 26 06:30:38 UTC 2019
------------------ testing $PTII/ptolemy/domains/de/test/auto/MergeModel2Add.xml
auto.tcl: Setting watchdog for 200 seconds at Thu Dec 26 06:30:38 UTC 2019
8 ms. Memory: 51200K Free: 18605K (36%)
ptolemy.util.test.WatchDog.cancel(): canceling Thu Dec 26 06:30:38 UTC 2019
auto.tcl: Setting watchdog for 200 seconds at Thu Dec 26 06:30:38 UTC 2019
7 ms. Memory: 51200K Free: 16628K (32%)
ptolemy.util.test.WatchDog.cancel(): canceling Thu Dec 26 06:30:38 UTC 2019
------------------ testing $PTII/ptolemy/domains/de/test/auto/MergeModel3Add.xml
auto.tcl: Setting watchdog for 200 seconds at Thu Dec 26 06:30:38 UTC 2019
7 ms. Memory: 51200K Free: 18614K (36%)
ptolemy.util.test.WatchDog.cancel(): canceling Thu Dec 26 06:30:38 UTC 2019
auto.tcl: Setting watchdog for 200 seconds at Thu Dec 26 06:30:38 UTC 2019
7 ms. Memory: 51200K Free: 17053K (33%)
ptolemy.util.test.WatchDog.cancel(): canceling Thu Dec 26 06:30:38 UTC 2019
------------------ testing $PTII/ptolemy/domains/de/test/auto/MergeWithoutDiscard.xml
auto.tcl: Setting watchdog for 200 seconds at Thu Dec 26 06:30:38 UTC 2019
1 ms. Memory: 48128K Free: 30065K (62%)
ptolemy.util.test.WatchDog.cancel(): canceling Thu Dec 26 06:30:38 UTC 2019
auto.tcl: Setting watchdog for 200 seconds at Thu Dec 26 06:30:38 UTC 2019
1 ms. Memory: 48128K Free: 29669K (62%)
ptolemy.util.test.WatchDog.cancel(): canceling Thu Dec 26 06:30:38 UTC 2019
------------------ testing $PTII/ptolemy/domains/de/test/auto/Modal1.xml
auto.tcl: Setting watchdog for 200 seconds at Thu Dec 26 06:30:38 UTC 2019
11 ms. Memory: 48128K Free: 22034K (46%)
ptolemy.util.test.WatchDog.cancel(): canceling Thu Dec 26 06:30:38 UTC 2019
auto.tcl: Setting watchdog for 200 seconds at Thu Dec 26 06:30:38 UTC 2019
11 ms. Memory: 48128K Free: 18605K (39%)
ptolemy.util.test.WatchDog.cancel(): canceling Thu Dec 26 06:30:38 UTC 2019
------------------ testing $PTII/ptolemy/domains/de/test/auto/Modal2.xml
auto.tcl: Setting watchdog for 200 seconds at Thu Dec 26 06:30:38 UTC 2019
17 ms. Memory: 48128K Free: 22117K (46%)
ptolemy.util.test.WatchDog.cancel(): canceling Thu Dec 26 06:30:38 UTC 2019
auto.tcl: Setting watchdog for 200 seconds at Thu Dec 26 06:30:38 UTC 2019
19 ms. Memory: 48128K Free: 18877K (39%)
ptolemy.util.test.WatchDog.cancel(): canceling Thu Dec 26 06:30:38 UTC 2019
------------------ testing $PTII/ptolemy/domains/de/test/auto/Modal3.xml
auto.tcl: Setting watchdog for 200 seconds at Thu Dec 26 06:30:38 UTC 2019
12 ms. Memory: 48128K Free: 22126K (46%)
ptolemy.util.test.WatchDog.cancel(): canceling Thu Dec 26 06:30:38 UTC 2019
auto.tcl: Setting watchdog for 200 seconds at Thu Dec 26 06:30:38 UTC 2019
11 ms. Memory: 48128K Free: 18937K (39%)
ptolemy.util.test.WatchDog.cancel(): canceling Thu Dec 26 06:30:38 UTC 2019
------------------ testing $PTII/ptolemy/domains/de/test/auto/Modal4.xml
auto.tcl: Setting watchdog for 200 seconds at Thu Dec 26 06:30:38 UTC 2019
25 ms. Memory: 48128K Free: 21082K (44%)
ptolemy.util.test.WatchDog.cancel(): canceling Thu Dec 26 06:30:38 UTC 2019
auto.tcl: Setting watchdog for 200 seconds at Thu Dec 26 06:30:38 UTC 2019
17 ms. Memory: 48128K Free: 17233K (36%)
ptolemy.util.test.WatchDog.cancel(): canceling Thu Dec 26 06:30:38 UTC 2019
------------------ testing $PTII/ptolemy/domains/de/test/auto/Modal5.xml
auto.tcl: Setting watchdog for 200 seconds at Thu Dec 26 06:30:38 UTC 2019
18 ms. Memory: 48128K Free: 21059K (44%)
ptolemy.util.test.WatchDog.cancel(): canceling Thu Dec 26 06:30:38 UTC 2019
auto.tcl: Setting watchdog for 200 seconds at Thu Dec 26 06:30:38 UTC 2019
14 ms. Memory: 48128K Free: 17220K (36%)
ptolemy.util.test.WatchDog.cancel(): canceling Thu Dec 26 06:30:38 UTC 2019
------------------ testing $PTII/ptolemy/domains/de/test/auto/Modal6.xml
auto.tcl: Setting watchdog for 200 seconds at Thu Dec 26 06:30:38 UTC 2019
12 ms. Memory: 48128K Free: 21890K (45%)
ptolemy.util.test.WatchDog.cancel(): canceling Thu Dec 26 06:30:38 UTC 2019
auto.tcl: Setting watchdog for 200 seconds at Thu Dec 26 06:30:38 UTC 2019
14 ms. Memory: 48128K Free: 18242K (38%)
ptolemy.util.test.WatchDog.cancel(): canceling Thu Dec 26 06:30:39 UTC 2019
------------------ testing $PTII/ptolemy/domains/de/test/auto/Modal7.xml
auto.tcl: Setting watchdog for 200 seconds at Thu Dec 26 06:30:39 UTC 2019
9 ms. Memory: 48128K Free: 20871K (43%)
ptolemy.util.test.WatchDog.cancel(): canceling Thu Dec 26 06:30:39 UTC 2019
auto.tcl: Setting watchdog for 200 seconds at Thu Dec 26 06:30:39 UTC 2019
11 ms. Memory: 48128K Free: 17269K (36%)
ptolemy.util.test.WatchDog.cancel(): canceling Thu Dec 26 06:30:39 UTC 2019
------------------ testing $PTII/ptolemy/domains/de/test/auto/ModalModel.xml
auto.tcl: Setting watchdog for 200 seconds at Thu Dec 26 06:30:39 UTC 2019
189 ms. Memory: 58368K Free: 42952K (74%)
ptolemy.util.test.WatchDog.cancel(): canceling Thu Dec 26 06:30:39 UTC 2019
auto.tcl: Setting watchdog for 200 seconds at Thu Dec 26 06:30:39 UTC 2019
173 ms. Memory: 58368K Free: 38390K (66%)
ptolemy.util.test.WatchDog.cancel(): canceling Thu Dec 26 06:30:39 UTC 2019
------------------ testing $PTII/ptolemy/domains/de/test/auto/ModalSource.xml
auto.tcl: Setting watchdog for 200 seconds at Thu Dec 26 06:30:39 UTC 2019
9 ms. Memory: 48128K Free: 25386K (53%)
ptolemy.util.test.WatchDog.cancel(): canceling Thu Dec 26 06:30:39 UTC 2019
auto.tcl: Setting watchdog for 200 seconds at Thu Dec 26 06:30:39 UTC 2019
8 ms. Memory: 48128K Free: 23406K (49%)
ptolemy.util.test.WatchDog.cancel(): canceling Thu Dec 26 06:30:39 UTC 2019
------------------ testing $PTII/ptolemy/domains/de/test/auto/NonInterruptibleTimerZeroDelay.xml
auto.tcl: Setting watchdog for 200 seconds at Thu Dec 26 06:30:39 UTC 2019
3 ms. Memory: 48128K Free: 30837K (64%)
ptolemy.util.test.WatchDog.cancel(): canceling Thu Dec 26 06:30:39 UTC 2019
auto.tcl: Setting watchdog for 200 seconds at Thu Dec 26 06:30:39 UTC 2019
2 ms. Memory: 48128K Free: 30136K (63%)
ptolemy.util.test.WatchDog.cancel(): canceling Thu Dec 26 06:30:39 UTC 2019
------------------ testing $PTII/ptolemy/domains/de/test/auto/OpenQueueingNetwork.xml
auto.tcl: Setting watchdog for 200 seconds at Thu Dec 26 06:30:39 UTC 2019
2780 ms. Memory: 136192K Free: 99647K (73%)
ptolemy.util.test.WatchDog.cancel(): canceling Thu Dec 26 06:30:42 UTC 2019
auto.tcl: Setting watchdog for 200 seconds at Thu Dec 26 06:30:42 UTC 2019
2397 ms. Memory: 163840K Free: 88852K (54%)
ptolemy.util.test.WatchDog.cancel(): canceling Thu Dec 26 06:30:45 UTC 2019
------------------ testing $PTII/ptolemy/domains/de/test/auto/OpenQueuingNetwork.xml
auto.tcl: Setting watchdog for 200 seconds at Thu Dec 26 06:30:45 UTC 2019
234 ms. Memory: 66560K Free: 45752K (69%)
ptolemy.util.test.WatchDog.cancel(): canceling Thu Dec 26 06:30:45 UTC 2019
auto.tcl: Setting watchdog for 200 seconds at Thu Dec 26 06:30:45 UTC 2019
212 ms. Memory: 66560K Free: 34516K (52%)
ptolemy.util.test.WatchDog.cancel(): canceling Thu Dec 26 06:30:45 UTC 2019
------------------ testing $PTII/ptolemy/domains/de/test/auto/PeriodicSampler.xml
auto.tcl: Setting watchdog for 200 seconds at Thu Dec 26 06:30:45 UTC 2019
2 ms. Memory: 51200K Free: 33099K (65%)
ptolemy.util.test.WatchDog.cancel(): canceling Thu Dec 26 06:30:45 UTC 2019
auto.tcl: Setting watchdog for 200 seconds at Thu Dec 26 06:30:45 UTC 2019
2 ms. Memory: 51200K Free: 32555K (64%)
ptolemy.util.test.WatchDog.cancel(): canceling Thu Dec 26 06:30:45 UTC 2019
------------------ testing $PTII/ptolemy/domains/de/test/auto/PersistentIO.xml
auto.tcl: Setting watchdog for 200 seconds at Thu Dec 26 06:30:45 UTC 2019
6 ms. Memory: 51200K Free: 28024K (55%)
ptolemy.util.test.WatchDog.cancel(): canceling Thu Dec 26 06:30:45 UTC 2019
auto.tcl: Setting watchdog for 200 seconds at Thu Dec 26 06:30:45 UTC 2019
4 ms. Memory: 51200K Free: 26504K (52%)
ptolemy.util.test.WatchDog.cancel(): canceling Thu Dec 26 06:30:45 UTC 2019
------------------ testing $PTII/ptolemy/domains/de/test/auto/PortParameterResetOnInitialize.xml
auto.tcl: Setting watchdog for 200 seconds at Thu Dec 26 06:30:45 UTC 2019
7 ms. Memory: 51200K Free: 32989K (64%)
ptolemy.util.test.WatchDog.cancel(): canceling Thu Dec 26 06:30:45 UTC 2019
auto.tcl: Setting watchdog for 200 seconds at Thu Dec 26 06:30:45 UTC 2019
2 ms. Memory: 51200K Free: 32511K (63%)
ptolemy.util.test.WatchDog.cancel(): canceling Thu Dec 26 06:30:45 UTC 2019
------------------ testing $PTII/ptolemy/domains/de/test/auto/PortParameterUpdates.xml
auto.tcl: Setting watchdog for 200 seconds at Thu Dec 26 06:30:45 UTC 2019
6 ms. Memory: 48128K Free: 28034K (58%)
ptolemy.util.test.WatchDog.cancel(): canceling Thu Dec 26 06:30:45 UTC 2019
auto.tcl: Setting watchdog for 200 seconds at Thu Dec 26 06:30:45 UTC 2019
4 ms. Memory: 48128K Free: 27014K (56%)
ptolemy.util.test.WatchDog.cancel(): canceling Thu Dec 26 06:30:45 UTC 2019
------------------ testing $PTII/ptolemy/domains/de/test/auto/QueueAndServer.xml
auto.tcl: Setting watchdog for 200 seconds at Thu Dec 26 06:30:45 UTC 2019
6 ms. Memory: 48128K Free: 26954K (56%)
ptolemy.util.test.WatchDog.cancel(): canceling Thu Dec 26 06:30:45 UTC 2019
auto.tcl: Setting watchdog for 200 seconds at Thu Dec 26 06:30:45 UTC 2019
8 ms. Memory: 48128K Free: 25482K (53%)
ptolemy.util.test.WatchDog.cancel(): canceling Thu Dec 26 06:30:45 UTC 2019
------------------ testing $PTII/ptolemy/domains/de/test/auto/Records.xml
auto.tcl: Setting watchdog for 200 seconds at Thu Dec 26 06:30:46 UTC 2019
4 ms. Memory: 48128K Free: 29477K (61%)
ptolemy.util.test.WatchDog.cancel(): canceling Thu Dec 26 06:30:46 UTC 2019
auto.tcl: Setting watchdog for 200 seconds at Thu Dec 26 06:30:46 UTC 2019
2 ms. Memory: 48128K Free: 29002K (60%)
ptolemy.util.test.WatchDog.cancel(): canceling Thu Dec 26 06:30:46 UTC 2019
------------------ testing $PTII/ptolemy/domains/de/test/auto/ResetTransitionWithStartTime1.xml
auto.tcl: Setting watchdog for 200 seconds at Thu Dec 26 06:30:46 UTC 2019
11 ms. Memory: 48128K Free: 26435K (55%)
ptolemy.util.test.WatchDog.cancel(): canceling Thu Dec 26 06:30:46 UTC 2019
auto.tcl: Setting watchdog for 200 seconds at Thu Dec 26 06:30:46 UTC 2019
5 ms. Memory: 48128K Free: 24408K (51%)
ptolemy.util.test.WatchDog.cancel(): canceling Thu Dec 26 06:30:46 UTC 2019
------------------ testing $PTII/ptolemy/domains/de/test/auto/ResetTransitionWithStartTime2.xml
auto.tcl: Setting watchdog for 200 seconds at Thu Dec 26 06:30:46 UTC 2019
5 ms. Memory: 48128K Free: 26391K (55%)
ptolemy.util.test.WatchDog.cancel(): canceling Thu Dec 26 06:30:46 UTC 2019
auto.tcl: Setting watchdog for 200 seconds at Thu Dec 26 06:30:46 UTC 2019
6 ms. Memory: 48128K Free: 24348K (51%)
ptolemy.util.test.WatchDog.cancel(): canceling Thu Dec 26 06:30:46 UTC 2019
------------------ testing $PTII/ptolemy/domains/de/test/auto/ResetTransitionWithStartTime3.xml
auto.tcl: Setting watchdog for 200 seconds at Thu Dec 26 06:30:46 UTC 2019
10 ms. Memory: 48128K Free: 26389K (55%)
ptolemy.util.test.WatchDog.cancel(): canceling Thu Dec 26 06:30:46 UTC 2019
auto.tcl: Setting watchdog for 200 seconds at Thu Dec 26 06:30:46 UTC 2019
5 ms. Memory: 48128K Free: 24341K (51%)
ptolemy.util.test.WatchDog.cancel(): canceling Thu Dec 26 06:30:46 UTC 2019
------------------ testing $PTII/ptolemy/domains/de/test/auto/ResetTransitionWithStartTime4.xml
auto.tcl: Setting watchdog for 200 seconds at Thu Dec 26 06:30:46 UTC 2019
10 ms. Memory: 48128K Free: 26847K (56%)
ptolemy.util.test.WatchDog.cancel(): canceling Thu Dec 26 06:30:46 UTC 2019
auto.tcl: Setting watchdog for 200 seconds at Thu Dec 26 06:30:46 UTC 2019
3 ms. Memory: 48128K Free: 25435K (53%)
ptolemy.util.test.WatchDog.cancel(): canceling Thu Dec 26 06:30:46 UTC 2019
------------------ testing $PTII/ptolemy/domains/de/test/auto/ResettableTimer1.xml
auto.tcl: Setting watchdog for 200 seconds at Thu Dec 26 06:30:46 UTC 2019
3 ms. Memory: 48128K Free: 30601K (64%)
ptolemy.util.test.WatchDog.cancel(): canceling Thu Dec 26 06:30:46 UTC 2019
auto.tcl: Setting watchdog for 200 seconds at Thu Dec 26 06:30:46 UTC 2019
2 ms. Memory: 48128K Free: 29979K (62%)
ptolemy.util.test.WatchDog.cancel(): canceling Thu Dec 26 06:30:46 UTC 2019
------------------ testing $PTII/ptolemy/domains/de/test/auto/ResettableTimer2.xml
auto.tcl: Setting watchdog for 200 seconds at Thu Dec 26 06:30:46 UTC 2019
4 ms. Memory: 48128K Free: 30652K (64%)
ptolemy.util.test.WatchDog.cancel(): canceling Thu Dec 26 06:30:46 UTC 2019
auto.tcl: Setting watchdog for 200 seconds at Thu Dec 26 06:30:46 UTC 2019
2 ms. Memory: 48128K Free: 29570K (61%)
ptolemy.util.test.WatchDog.cancel(): canceling Thu Dec 26 06:30:46 UTC 2019
------------------ testing $PTII/ptolemy/domains/de/test/auto/ResettableTimer3.xml
auto.tcl: Setting watchdog for 200 seconds at Thu Dec 26 06:30:46 UTC 2019
1 ms. Memory: 48128K Free: 30557K (63%)
ptolemy.util.test.WatchDog.cancel(): canceling Thu Dec 26 06:30:46 UTC 2019
auto.tcl: Setting watchdog for 200 seconds at Thu Dec 26 06:30:46 UTC 2019
1 ms. Memory: 48128K Free: 30522K (63%)
ptolemy.util.test.WatchDog.cancel(): canceling Thu Dec 26 06:30:46 UTC 2019
------------------ testing $PTII/ptolemy/domains/de/test/auto/ResettableTimer4.xml
auto.tcl: Setting watchdog for 200 seconds at Thu Dec 26 06:30:46 UTC 2019
1 ms. Memory: 48128K Free: 30536K (63%)
ptolemy.util.test.WatchDog.cancel(): canceling Thu Dec 26 06:30:46 UTC 2019
auto.tcl: Setting watchdog for 200 seconds at Thu Dec 26 06:30:46 UTC 2019
1 ms. Memory: 48128K Free: 30040K (62%)
ptolemy.util.test.WatchDog.cancel(): canceling Thu Dec 26 06:30:46 UTC 2019
------------------ testing $PTII/ptolemy/domains/de/test/auto/ResettableTimer5.xml
auto.tcl: Setting watchdog for 200 seconds at Thu Dec 26 06:30:46 UTC 2019
2 ms. Memory: 48128K Free: 30534K (63%)
ptolemy.util.test.WatchDog.cancel(): canceling Thu Dec 26 06:30:46 UTC 2019
auto.tcl: Setting watchdog for 200 seconds at Thu Dec 26 06:30:46 UTC 2019
1 ms. Memory: 48128K Free: 29581K (61%)
ptolemy.util.test.WatchDog.cancel(): canceling Thu Dec 26 06:30:46 UTC 2019
------------------ testing $PTII/ptolemy/domains/de/test/auto/ResettableTimer6.xml
auto.tcl: Setting watchdog for 200 seconds at Thu Dec 26 06:30:46 UTC 2019
3 ms. Memory: 48128K Free: 30004K (62%)
ptolemy.util.test.WatchDog.cancel(): canceling Thu Dec 26 06:30:46 UTC 2019
auto.tcl: Setting watchdog for 200 seconds at Thu Dec 26 06:30:46 UTC 2019
1 ms. Memory: 48128K Free: 29500K (61%)
ptolemy.util.test.WatchDog.cancel(): canceling Thu Dec 26 06:30:46 UTC 2019
------------------ testing $PTII/ptolemy/domains/de/test/auto/ServerZeroDelay.xml
auto.tcl: Setting watchdog for 200 seconds at Thu Dec 26 06:30:46 UTC 2019
3 ms. Memory: 48128K Free: 30515K (63%)
ptolemy.util.test.WatchDog.cancel(): canceling Thu Dec 26 06:30:46 UTC 2019
auto.tcl: Setting watchdog for 200 seconds at Thu Dec 26 06:30:46 UTC 2019
2 ms. Memory: 48128K Free: 29510K (61%)
ptolemy.util.test.WatchDog.cancel(): canceling Thu Dec 26 06:30:46 UTC 2019
------------------ testing $PTII/ptolemy/domains/de/test/auto/SmartSender.xml
auto.tcl: Setting watchdog for 200 seconds at Thu Dec 26 06:30:46 UTC 2019
3001 ms. Memory: 48128K Free: 30510K (63%)
ptolemy.util.test.WatchDog.cancel(): canceling Thu Dec 26 06:30:49 UTC 2019
auto.tcl: Setting watchdog for 200 seconds at Thu Dec 26 06:30:49 UTC 2019
3001 ms. Memory: 48128K Free: 30001K (62%)
ptolemy.util.test.WatchDog.cancel(): canceling Thu Dec 26 06:30:52 UTC 2019
------------------ testing $PTII/ptolemy/domains/de/test/auto/ThreadedComposite.xml
auto.tcl: Setting watchdog for 200 seconds at Thu Dec 26 06:30:52 UTC 2019
181 ms. Memory: 48128K Free: 11578K (24%)
ptolemy.util.test.WatchDog.cancel(): canceling Thu Dec 26 06:30:53 UTC 2019
auto.tcl: Setting watchdog for 200 seconds at Thu Dec 26 06:30:53 UTC 2019
145 ms. Memory: 48128K Free: 24414K (51%)
ptolemy.util.test.WatchDog.cancel(): canceling Thu Dec 26 06:30:53 UTC 2019
------------------ testing $PTII/ptolemy/domains/de/test/auto/Time.xml
auto.tcl: Setting watchdog for 200 seconds at Thu Dec 26 06:30:53 UTC 2019
430 ms. Memory: 48128K Free: 30701K (64%)
ptolemy.util.test.WatchDog.cancel(): canceling Thu Dec 26 06:30:53 UTC 2019
auto.tcl: Setting watchdog for 200 seconds at Thu Dec 26 06:30:53 UTC 2019
423 ms. Memory: 48128K Free: 30710K (64%)
ptolemy.util.test.WatchDog.cancel(): canceling Thu Dec 26 06:30:54 UTC 2019
------------------ testing $PTII/ptolemy/domains/de/test/auto/TimeDelayZeroDelay.xml
auto.tcl: Setting watchdog for 200 seconds at Thu Dec 26 06:30:54 UTC 2019
3 ms. Memory: 48128K Free: 30440K (63%)
ptolemy.util.test.WatchDog.cancel(): canceling Thu Dec 26 06:30:54 UTC 2019
auto.tcl: Setting watchdog for 200 seconds at Thu Dec 26 06:30:54 UTC 2019
2 ms. Memory: 48128K Free: 30011K (62%)
ptolemy.util.test.WatchDog.cancel(): canceling Thu Dec 26 06:30:54 UTC 2019
------------------ testing $PTII/ptolemy/domains/de/test/auto/TimerZeroDelay.xml
auto.tcl: Setting watchdog for 200 seconds at Thu Dec 26 06:30:54 UTC 2019
3 ms. Memory: 48128K Free: 30963K (64%)
ptolemy.util.test.WatchDog.cancel(): canceling Thu Dec 26 06:30:54 UTC 2019
auto.tcl: Setting watchdog for 200 seconds at Thu Dec 26 06:30:54 UTC 2019
2 ms. Memory: 48128K Free: 30536K (63%)
ptolemy.util.test.WatchDog.cancel(): canceling Thu Dec 26 06:30:54 UTC 2019
------------------ testing $PTII/ptolemy/domains/de/test/auto/TimingParadox.xml
auto.tcl: Setting watchdog for 200 seconds at Thu Dec 26 06:30:54 UTC 2019
335 ms. Memory: 48128K Free: 14042K (29%)
ptolemy.util.test.WatchDog.cancel(): canceling Thu Dec 26 06:30:54 UTC 2019
auto.tcl: Setting watchdog for 200 seconds at Thu Dec 26 06:30:54 UTC 2019
309 ms. Memory: 48128K Free: 25511K (53%)
ptolemy.util.test.WatchDog.cancel(): canceling Thu Dec 26 06:30:55 UTC 2019
------------------ testing $PTII/ptolemy/domains/de/test/auto/TransferInputs.xml
auto.tcl: Setting watchdog for 200 seconds at Thu Dec 26 06:30:55 UTC 2019
2 ms. Memory: 48128K Free: 28951K (60%)
ptolemy.util.test.WatchDog.cancel(): canceling Thu Dec 26 06:30:55 UTC 2019
auto.tcl: Setting watchdog for 200 seconds at Thu Dec 26 06:30:55 UTC 2019
1 ms. Memory: 48128K Free: 28080K (58%)
ptolemy.util.test.WatchDog.cancel(): canceling Thu Dec 26 06:30:55 UTC 2019
------------------ testing $PTII/ptolemy/domains/de/test/auto/TransferOutputs2.xml
auto.tcl: Setting watchdog for 200 seconds at Thu Dec 26 06:30:55 UTC 2019
2 ms. Memory: 48128K Free: 26393K (55%)
ptolemy.util.test.WatchDog.cancel(): canceling Thu Dec 26 06:30:55 UTC 2019
auto.tcl: Setting watchdog for 200 seconds at Thu Dec 26 06:30:55 UTC 2019
3 ms. Memory: 48128K Free: 25025K (52%)
ptolemy.util.test.WatchDog.cancel(): canceling Thu Dec 26 06:30:55 UTC 2019
------------------ testing $PTII/ptolemy/domains/de/test/auto/Trilateration.xml
auto.tcl: Setting watchdog for 200 seconds at Thu Dec 26 06:30:55 UTC 2019
11472 ms. Memory: 580608K Free: 256623K (44%)
ptolemy.util.test.WatchDog.cancel(): canceling Thu Dec 26 06:31:07 UTC 2019
auto.tcl: Setting watchdog for 200 seconds at Thu Dec 26 06:31:07 UTC 2019
8610 ms. Memory: 580608K Free: 376801K (65%)
ptolemy.util.test.WatchDog.cancel(): canceling Thu Dec 26 06:31:16 UTC 2019
------------------ testing $PTII/ptolemy/domains/de/test/auto/TwoSigmaDelta.xml
auto.tcl: Setting watchdog for 200 seconds at Thu Dec 26 06:31:16 UTC 2019
2243 ms. Memory: 86016K Free: 58342K (68%)
ptolemy.util.test.WatchDog.cancel(): canceling Thu Dec 26 06:31:18 UTC 2019
auto.tcl: Setting watchdog for 200 seconds at Thu Dec 26 06:31:18 UTC 2019
1730 ms. Memory: 86016K Free: 50144K (58%)
ptolemy.util.test.WatchDog.cancel(): canceling Thu Dec 26 06:31:20 UTC 2019
------------------ testing $PTII/ptolemy/domains/de/test/auto/VariableDelay.xml
auto.tcl: Setting watchdog for 200 seconds at Thu Dec 26 06:31:20 UTC 2019
2 ms. Memory: 51200K Free: 32506K (63%)
ptolemy.util.test.WatchDog.cancel(): canceling Thu Dec 26 06:31:20 UTC 2019
auto.tcl: Setting watchdog for 200 seconds at Thu Dec 26 06:31:20 UTC 2019
2 ms. Memory: 51200K Free: 31482K (61%)
ptolemy.util.test.WatchDog.cancel(): canceling Thu Dec 26 06:31:20 UTC 2019
------------------ testing $PTII/ptolemy/domains/de/test/auto/VariableDelay2.xml
auto.tcl: Setting watchdog for 200 seconds at Thu Dec 26 06:31:20 UTC 2019
7 ms. Memory: 48128K Free: 29832K (62%)
ptolemy.util.test.WatchDog.cancel(): canceling Thu Dec 26 06:31:20 UTC 2019
auto.tcl: Setting watchdog for 200 seconds at Thu Dec 26 06:31:20 UTC 2019
2 ms. Memory: 48128K Free: 29352K (61%)
ptolemy.util.test.WatchDog.cancel(): canceling Thu Dec 26 06:31:20 UTC 2019
------------------ testing $PTII/ptolemy/domains/de/test/auto/VariableDelayZeroDelay.xml
auto.tcl: Setting watchdog for 200 seconds at Thu Dec 26 06:31:20 UTC 2019
2 ms. Memory: 48128K Free: 30376K (63%)
ptolemy.util.test.WatchDog.cancel(): canceling Thu Dec 26 06:31:20 UTC 2019
auto.tcl: Setting watchdog for 200 seconds at Thu Dec 26 06:31:20 UTC 2019
2 ms. Memory: 48128K Free: 29879K (62%)
ptolemy.util.test.WatchDog.cancel(): canceling Thu Dec 26 06:31:20 UTC 2019
------------------ testing $PTII/ptolemy/domains/de/test/auto/VariableDelayZeroDelay2.xml
auto.tcl: Setting watchdog for 200 seconds at Thu Dec 26 06:31:20 UTC 2019
2 ms. Memory: 48128K Free: 30374K (63%)
ptolemy.util.test.WatchDog.cancel(): canceling Thu Dec 26 06:31:20 UTC 2019
auto.tcl: Setting watchdog for 200 seconds at Thu Dec 26 06:31:20 UTC 2019
2 ms. Memory: 48128K Free: 29383K (61%)
ptolemy.util.test.WatchDog.cancel(): canceling Thu Dec 26 06:31:20 UTC 2019
------------------ testing $PTII/ptolemy/domains/de/test/auto/deInCt.xml
auto.tcl: Setting watchdog for 200 seconds at Thu Dec 26 06:31:20 UTC 2019
0
1
1
1
1
0
0
0
1
1
1
0
0
1
1
1
0
0
0
1
1
1
1
0
0
0
1
1
1
0
0
0
0
1
1
1
0
0
0
0
1
1
1
1
1
9 ms. Memory: 48128K Free: 29348K (61%)
ptolemy.util.test.WatchDog.cancel(): canceling Thu Dec 26 06:31:20 UTC 2019
auto.tcl: Setting watchdog for 200 seconds at Thu Dec 26 06:31:20 UTC 2019
0
1
1
1
1
0
0
0
1
1
1
0
0
0
1
1
1
1
0
0
0
1
1
1
1
1
0
0
0
1
1
0
0
0
1
1
1
1
7 ms. Memory: 48128K Free: 27827K (58%)
ptolemy.util.test.WatchDog.cancel(): canceling Thu Dec 26 06:31:20 UTC 2019
------------------ testing $PTII/ptolemy/domains/de/test/auto/deInCt2.xml
auto.tcl: Setting watchdog for 200 seconds at Thu Dec 26 06:31:20 UTC 2019
0
1
1
1
0
0
1
1
1
0
0
1
1
1
0
0
1
1
1
0
0
1
1
1
0
0
1
1
1
0
0
1
1
1
0
0
1
1
1
0
0
0
10 ms. Memory: 48128K Free: 29349K (61%)
ptolemy.util.test.WatchDog.cancel(): canceling Thu Dec 26 06:31:20 UTC 2019
auto.tcl: Setting watchdog for 200 seconds at Thu Dec 26 06:31:20 UTC 2019
0
1
1
1
0
0
1
1
1
0
0
1
1
1
0
0
1
1
1
0
0
1
1
1
0
0
1
1
1
0
0
1
1
1
0
0
1
1
1
0
0
0
7 ms. Memory: 48128K Free: 27814K (58%)
ptolemy.util.test.WatchDog.cancel(): canceling Thu Dec 26 06:31:20 UTC 2019
------------------ testing $PTII/ptolemy/domains/de/test/auto/dynamicCausalityInterface1.xml
auto.tcl: Setting watchdog for 200 seconds at Thu Dec 26 06:31:20 UTC 2019
1 ms. Memory: 48128K Free: 25248K (52%)
ptolemy.util.test.WatchDog.cancel(): canceling Thu Dec 26 06:31:20 UTC 2019
auto.tcl: Setting watchdog for 200 seconds at Thu Dec 26 06:31:20 UTC 2019
1 ms. Memory: 48128K Free: 24750K (51%)
ptolemy.util.test.WatchDog.cancel(): canceling Thu Dec 26 06:31:20 UTC 2019
------------------ testing $PTII/ptolemy/domains/de/test/auto/fsm_de_test.xml
auto.tcl: Setting watchdog for 200 seconds at Thu Dec 26 06:31:20 UTC 2019
6 ms. Memory: 48128K Free: 25145K (52%)
ptolemy.util.test.WatchDog.cancel(): canceling Thu Dec 26 06:31:21 UTC 2019
auto.tcl: Setting watchdog for 200 seconds at Thu Dec 26 06:31:21 UTC 2019
4 ms. Memory: 48128K Free: 23130K (48%)
ptolemy.util.test.WatchDog.cancel(): canceling Thu Dec 26 06:31:21 UTC 2019
------------------ testing $PTII/ptolemy/domains/de/test/auto/functionDependencyReconstruction.xml
auto.tcl: Setting watchdog for 200 seconds at Thu Dec 26 06:31:21 UTC 2019
2 ms. Memory: 48128K Free: 18991K (39%)
ptolemy.util.test.WatchDog.cancel(): canceling Thu Dec 26 06:31:21 UTC 2019
auto.tcl: Setting watchdog for 200 seconds at Thu Dec 26 06:31:21 UTC 2019
2 ms. Memory: 48128K Free: 16943K (35%)
ptolemy.util.test.WatchDog.cancel(): canceling Thu Dec 26 06:31:21 UTC 2019
------------------ testing $PTII/ptolemy/domains/de/test/auto/multirate.xml
auto.tcl: Setting watchdog for 200 seconds at Thu Dec 26 06:31:21 UTC 2019
3 ms. Memory: 48128K Free: 27561K (57%)
ptolemy.util.test.WatchDog.cancel(): canceling Thu Dec 26 06:31:21 UTC 2019
auto.tcl: Setting watchdog for 200 seconds at Thu Dec 26 06:31:21 UTC 2019
2 ms. Memory: 48128K Free: 26041K (54%)
ptolemy.util.test.WatchDog.cancel(): canceling Thu Dec 26 06:31:21 UTC 2019
------------------ testing $PTII/ptolemy/domains/de/test/auto/multirate2.xml
auto.tcl: Setting watchdog for 200 seconds at Thu Dec 26 06:31:21 UTC 2019
3 ms. Memory: 48128K Free: 27742K (58%)
ptolemy.util.test.WatchDog.cancel(): canceling Thu Dec 26 06:31:21 UTC 2019
auto.tcl: Setting watchdog for 200 seconds at Thu Dec 26 06:31:21 UTC 2019
3 ms. Memory: 48128K Free: 26222K (54%)
ptolemy.util.test.WatchDog.cancel(): canceling Thu Dec 26 06:31:21 UTC 2019
------------------ testing $PTII/ptolemy/domains/de/test/auto/realtime.xml
auto.tcl: Setting watchdog for 200 seconds at Thu Dec 26 06:31:21 UTC 2019
10001 ms. Memory: 48128K Free: 30018K (62%)
ptolemy.util.test.WatchDog.cancel(): canceling Thu Dec 26 06:31:31 UTC 2019
auto.tcl: Setting watchdog for 200 seconds at Thu Dec 26 06:31:31 UTC 2019
10001 ms. Memory: 48128K Free: 29292K (61%)
ptolemy.util.test.WatchDog.cancel(): canceling Thu Dec 26 06:31:41 UTC 2019
------------------ testing $PTII/ptolemy/domains/de/test/auto/relationGroup.xml
auto.tcl: Setting watchdog for 200 seconds at Thu Dec 26 06:31:41 UTC 2019
1 ms. Memory: 48128K Free: 31098K (65%)
ptolemy.util.test.WatchDog.cancel(): canceling Thu Dec 26 06:31:41 UTC 2019
auto.tcl: Setting watchdog for 200 seconds at Thu Dec 26 06:31:41 UTC 2019
2 ms. Memory: 48128K Free: 30605K (64%)
ptolemy.util.test.WatchDog.cancel(): canceling Thu Dec 26 06:31:41 UTC 2019
------------------ testing $PTII/ptolemy/domains/de/test/auto/relationGroup2.xml
auto.tcl: Setting watchdog for 200 seconds at Thu Dec 26 06:31:41 UTC 2019
1 ms. Memory: 48128K Free: 30910K (64%)
ptolemy.util.test.WatchDog.cancel(): canceling Thu Dec 26 06:31:41 UTC 2019
auto.tcl: Setting watchdog for 200 seconds at Thu Dec 26 06:31:41 UTC 2019
1 ms. Memory: 48128K Free: 30400K (63%)
ptolemy.util.test.WatchDog.cancel(): canceling Thu Dec 26 06:31:41 UTC 2019
------------------ testing $PTII/ptolemy/domains/de/test/auto/sortWithOpaquePorts.xml
auto.tcl: Setting watchdog for 200 seconds at Thu Dec 26 06:31:41 UTC 2019
1 ms. Memory: 48128K Free: 30400K (63%)
ptolemy.util.test.WatchDog.cancel(): canceling Thu Dec 26 06:31:41 UTC 2019
auto.tcl: Setting watchdog for 200 seconds at Thu Dec 26 06:31:41 UTC 2019
2 ms. Memory: 48128K Free: 28871K (60%)
ptolemy.util.test.WatchDog.cancel(): canceling Thu Dec 26 06:31:41 UTC 2019
------------------ testing $PTII/ptolemy/domains/de/test/auto/transferInputsandOutputs.xml
auto.tcl: Setting watchdog for 200 seconds at Thu Dec 26 06:31:41 UTC 2019
2 ms. Memory: 48128K Free: 27316K (57%)
ptolemy.util.test.WatchDog.cancel(): canceling Thu Dec 26 06:31:41 UTC 2019
auto.tcl: Setting watchdog for 200 seconds at Thu Dec 26 06:31:41 UTC 2019
1 ms. Memory: 48128K Free: 26330K (55%)
ptolemy.util.test.WatchDog.cancel(): canceling Thu Dec 26 06:31:41 UTC 2019
------------------ testing $PTII/ptolemy/domains/de/test/auto/triggerType.xml
auto.tcl: Setting watchdog for 200 seconds at Thu Dec 26 06:31:41 UTC 2019
2 ms. Memory: 48128K Free: 30341K (63%)
ptolemy.util.test.WatchDog.cancel(): canceling Thu Dec 26 06:31:41 UTC 2019
auto.tcl: Setting watchdog for 200 seconds at Thu Dec 26 06:31:41 UTC 2019
1 ms. Memory: 48128K Free: 29323K (61%)
ptolemy.util.test.WatchDog.cancel(): canceling Thu Dec 26 06:31:41 UTC 2019
12/26/19 06:31:41
Failed: 0  Total Tests: 192  ((Passed: 187, Newly Passed: 1)  Known Failed: 5) /home/travis/build/icyphy/ptII/ptolemy/domains/de/test
12/26/19 06:31:41
Failed: 0  Total Tests: 192  ((Passed: 187, Newly Passed: 1)  Known Failed: 5) /home/travis/build/icyphy/ptII/ptolemy/domains/de/test
----------------- testing (KnownFailure) /home/travis/build/icyphy/ptII/ptolemy/domains/de/test/auto/knownFailedTests/DESDFClockTest.xml
2010 ms. Memory: 48128K Free: 23735K (49%)
Known Failure: java.lang.reflect.InvocationTargetException
----------------- testing (KnownFailure) /home/travis/build/icyphy/ptII/ptolemy/domains/de/test/auto/knownFailedTests/DirectFeedback.xml
2 ms. Memory: 48128K Free: 19639K (41%)
Known Failure: java.lang.reflect.InvocationTargetException
----------------- testing (KnownFailure) /home/travis/build/icyphy/ptII/ptolemy/domains/de/test/auto/knownFailedTests/FSMSource.xml
8 ms. Memory: 48128K Free: 11433K (24%)
----------------- testing (KnownFailure) /home/travis/build/icyphy/ptII/ptolemy/domains/de/test/auto/knownFailedTests/HierarchicalModel.xml
4 ms. Memory: 48128K Free: 21418K (45%)
Known Failure: java.lang.reflect.InvocationTargetException
----------------- testing (KnownFailure) /home/travis/build/icyphy/ptII/ptolemy/domains/de/test/auto/knownFailedTests/dependencyLoop.xml
6 ms. Memory: 48128K Free: 32212K (67%)
Known Failure: java.lang.reflect.InvocationTargetException
----------------- testing (KnownFailure) /home/travis/build/icyphy/ptII/ptolemy/domains/de/test/auto/knownFailedTests/dependencyLoop2.xml
7 ms. Memory: 48128K Free: 17134K (36%)
Known Failure: java.lang.reflect.InvocationTargetException
No auto/linux-amd64/*.xml tests in /home/travis/build/icyphy/ptII/ptolemy/domains/de/test
AutoTests.java: About to close Vertx.
AutoTests.java: Vertx closed.

===========================================================================================
----------------- testing Thu Dec 26 06:31:43 UTC 2019 /home/travis/build/icyphy/ptII/ptolemy/domains/de/test/auto/ActorDepthCalculation_actorWithoutPorts.xml
----------------- Instantiating /home/travis/build/icyphy/ptII/ptolemy/domains/de/test/auto/ActorDepthCalculation_actorWithoutPorts.xml
3 ms. Memory: 48128K Free: 10716K (22%)
----------------- Invoking toplevel() on ptolemy.moml.MoMLSimpleApplication@440e328b
----------------- Done invoking toplevel() on ptolemy.moml.MoMLSimpleApplication@440e328b
reloadAllAccessors: .ActorDepthCalculation_actorWithoutPorts

===========================================================================================
----------------- testing Thu Dec 26 06:31:43 UTC 2019 /home/travis/build/icyphy/ptII/ptolemy/domains/de/test/auto/AssemblyLine.xml
----------------- Instantiating /home/travis/build/icyphy/ptII/ptolemy/domains/de/test/auto/AssemblyLine.xml
2 ms. Memory: 48128K Free: 29421K (61%)
----------------- Invoking toplevel() on ptolemy.moml.MoMLSimpleApplication@75349d0
----------------- Done invoking toplevel() on ptolemy.moml.MoMLSimpleApplication@75349d0
reloadAllAccessors: .AssemblyLine

===========================================================================================
----------------- testing Thu Dec 26 06:31:43 UTC 2019 /home/travis/build/icyphy/ptII/ptolemy/domains/de/test/auto/CQBug1.xml
----------------- Instantiating /home/travis/build/icyphy/ptII/ptolemy/domains/de/test/auto/CQBug1.xml
2 ms. Memory: 48128K Free: 26559K (55%)
----------------- Invoking toplevel() on ptolemy.moml.MoMLSimpleApplication@5d2557d8
----------------- Done invoking toplevel() on ptolemy.moml.MoMLSimpleApplication@5d2557d8
reloadAllAccessors: .CQBug1

===========================================================================================
----------------- testing Thu Dec 26 06:31:43 UTC 2019 /home/travis/build/icyphy/ptII/ptolemy/domains/de/test/auto/CancelFireAt.xml
----------------- Instantiating /home/travis/build/icyphy/ptII/ptolemy/domains/de/test/auto/CancelFireAt.xml
0 ms. Memory: 48128K Free: 24168K (50%)
----------------- Invoking toplevel() on ptolemy.moml.MoMLSimpleApplication@1ac95b22
----------------- Done invoking toplevel() on ptolemy.moml.MoMLSimpleApplication@1ac95b22
reloadAllAccessors: .CancelFireAt

===========================================================================================
----------------- testing Thu Dec 26 06:31:43 UTC 2019 /home/travis/build/icyphy/ptII/ptolemy/domains/de/test/auto/CausalityAndComposabilityAnalysis.xml
----------------- Instantiating /home/travis/build/icyphy/ptII/ptolemy/domains/de/test/auto/CausalityAndComposabilityAnalysis.xml
2 ms. Memory: 48128K Free: 20034K (42%)
----------------- Invoking toplevel() on ptolemy.moml.MoMLSimpleApplication@e991c0e
----------------- Done invoking toplevel() on ptolemy.moml.MoMLSimpleApplication@e991c0e
reloadAllAccessors: .CausalityAndComposabilityAnalysis

===========================================================================================
----------------- testing Thu Dec 26 06:31:43 UTC 2019 /home/travis/build/icyphy/ptII/ptolemy/domains/de/test/auto/CausalityInterface1.xml
----------------- Instantiating /home/travis/build/icyphy/ptII/ptolemy/domains/de/test/auto/CausalityInterface1.xml
5 ms. Memory: 48128K Free: 15141K (31%)
----------------- Invoking toplevel() on ptolemy.moml.MoMLSimpleApplication@36aa3df0
----------------- Done invoking toplevel() on ptolemy.moml.MoMLSimpleApplication@36aa3df0
reloadAllAccessors: .CausalityInterface1

===========================================================================================
----------------- testing Thu Dec 26 06:31:43 UTC 2019 /home/travis/build/icyphy/ptII/ptolemy/domains/de/test/auto/CausalityInterface15.xml
----------------- Instantiating /home/travis/build/icyphy/ptII/ptolemy/domains/de/test/auto/CausalityInterface15.xml
1 ms. Memory: 48128K Free: 9746K (20%)
----------------- Invoking toplevel() on ptolemy.moml.MoMLSimpleApplication@55de9d30
----------------- Done invoking toplevel() on ptolemy.moml.MoMLSimpleApplication@55de9d30
reloadAllAccessors: .CausalityInterface15

===========================================================================================
----------------- testing Thu Dec 26 06:31:44 UTC 2019 /home/travis/build/icyphy/ptII/ptolemy/domains/de/test/auto/CausalityInterface2.xml
----------------- Instantiating /home/travis/build/icyphy/ptII/ptolemy/domains/de/test/auto/CausalityInterface2.xml
2 ms. Memory: 48128K Free: 30880K (64%)
----------------- Invoking toplevel() on ptolemy.moml.MoMLSimpleApplication@194d189f
----------------- Done invoking toplevel() on ptolemy.moml.MoMLSimpleApplication@194d189f
reloadAllAccessors: .CausalityInterface2

===========================================================================================
----------------- testing Thu Dec 26 06:31:44 UTC 2019 /home/travis/build/icyphy/ptII/ptolemy/domains/de/test/auto/CausalityInterface3.xml
----------------- Instantiating /home/travis/build/icyphy/ptII/ptolemy/domains/de/test/auto/CausalityInterface3.xml
2 ms. Memory: 48128K Free: 26051K (54%)
----------------- Invoking toplevel() on ptolemy.moml.MoMLSimpleApplication@3ed6af7f
----------------- Done invoking toplevel() on ptolemy.moml.MoMLSimpleApplication@3ed6af7f
reloadAllAccessors: .CausalityInterface3

===========================================================================================
----------------- testing Thu Dec 26 06:31:44 UTC 2019 /home/travis/build/icyphy/ptII/ptolemy/domains/de/test/auto/ClockDrift.xml
----------------- Instantiating /home/travis/build/icyphy/ptII/ptolemy/domains/de/test/auto/ClockDrift.xml
13 ms. Memory: 48128K Free: 14363K (30%)
----------------- Invoking toplevel() on ptolemy.moml.MoMLSimpleApplication@2f0392e2
----------------- Done invoking toplevel() on ptolemy.moml.MoMLSimpleApplication@2f0392e2
reloadAllAccessors: .ClockDrift

===========================================================================================
----------------- testing Thu Dec 26 06:31:44 UTC 2019 /home/travis/build/icyphy/ptII/ptolemy/domains/de/test/auto/ClockDriftAndValueChange.xml
----------------- Instantiating /home/travis/build/icyphy/ptII/ptolemy/domains/de/test/auto/ClockDriftAndValueChange.xml
11 ms. Memory: 48128K Free: 28416K (59%)
----------------- Invoking toplevel() on ptolemy.moml.MoMLSimpleApplication@26cbd167
----------------- Done invoking toplevel() on ptolemy.moml.MoMLSimpleApplication@26cbd167
reloadAllAccessors: .ClockDriftAndValueChange

===========================================================================================
----------------- testing Thu Dec 26 06:31:44 UTC 2019 /home/travis/build/icyphy/ptII/ptolemy/domains/de/test/auto/ClockDriftChange.xml
----------------- Instantiating /home/travis/build/icyphy/ptII/ptolemy/domains/de/test/auto/ClockDriftChange.xml
10 ms. Memory: 48128K Free: 18422K (38%)
----------------- Invoking toplevel() on ptolemy.moml.MoMLSimpleApplication@71311069
----------------- Done invoking toplevel() on ptolemy.moml.MoMLSimpleApplication@71311069
reloadAllAccessors: .ClockDriftChange

===========================================================================================
----------------- testing Thu Dec 26 06:31:44 UTC 2019 /home/travis/build/icyphy/ptII/ptolemy/domains/de/test/auto/ComposableCausalityAnalysis.xml
----------------- Instantiating /home/travis/build/icyphy/ptII/ptolemy/domains/de/test/auto/ComposableCausalityAnalysis.xml
1 ms. Memory: 48128K Free: 12526K (26%)
----------------- Invoking toplevel() on ptolemy.moml.MoMLSimpleApplication@39c09d70
----------------- Done invoking toplevel() on ptolemy.moml.MoMLSimpleApplication@39c09d70
reloadAllAccessors: .ComposableCausalityAnalysis

===========================================================================================
----------------- testing Thu Dec 26 06:31:44 UTC 2019 /home/travis/build/icyphy/ptII/ptolemy/domains/de/test/auto/DEFixedPointLimitation.xml
----------------- Instantiating /home/travis/build/icyphy/ptII/ptolemy/domains/de/test/auto/DEFixedPointLimitation.xml
0 ms. Memory: 48128K Free: 32660K (68%)
----------------- Invoking toplevel() on ptolemy.moml.MoMLSimpleApplication@247af537
----------------- Done invoking toplevel() on ptolemy.moml.MoMLSimpleApplication@247af537
reloadAllAccessors: .DEFixedPointLimitation

===========================================================================================
----------------- testing Thu Dec 26 06:31:44 UTC 2019 /home/travis/build/icyphy/ptII/ptolemy/domains/de/test/auto/DEScheduleTest.xml
----------------- Instantiating /home/travis/build/icyphy/ptII/ptolemy/domains/de/test/auto/DEScheduleTest.xml
2 ms. Memory: 48128K Free: 28384K (59%)
----------------- Invoking toplevel() on ptolemy.moml.MoMLSimpleApplication@4d980ea1
----------------- Done invoking toplevel() on ptolemy.moml.MoMLSimpleApplication@4d980ea1
reloadAllAccessors: .DEScheduleTest

===========================================================================================
----------------- testing Thu Dec 26 06:31:44 UTC 2019 /home/travis/build/icyphy/ptII/ptolemy/domains/de/test/auto/DEinDEwithStartTimes.xml
----------------- Instantiating /home/travis/build/icyphy/ptII/ptolemy/domains/de/test/auto/DEinDEwithStartTimes.xml
2 ms. Memory: 48128K Free: 22686K (47%)
----------------- Invoking toplevel() on ptolemy.moml.MoMLSimpleApplication@1ebfb293
----------------- Done invoking toplevel() on ptolemy.moml.MoMLSimpleApplication@1ebfb293
reloadAllAccessors: .DEinDEwithStartTimes

===========================================================================================
----------------- testing Thu Dec 26 06:31:44 UTC 2019 /home/travis/build/icyphy/ptII/ptolemy/domains/de/test/auto/DEinDEwithStartTimes2.xml
----------------- Instantiating /home/travis/build/icyphy/ptII/ptolemy/domains/de/test/auto/DEinDEwithStartTimes2.xml
2 ms. Memory: 48128K Free: 16324K (34%)
----------------- Invoking toplevel() on ptolemy.moml.MoMLSimpleApplication@2f23deab
----------------- Done invoking toplevel() on ptolemy.moml.MoMLSimpleApplication@2f23deab
reloadAllAccessors: .DEinDEwithStartTimes2

===========================================================================================
----------------- testing Thu Dec 26 06:31:44 UTC 2019 /home/travis/build/icyphy/ptII/ptolemy/domains/de/test/auto/DateDemo.xml
----------------- Instantiating /home/travis/build/icyphy/ptII/ptolemy/domains/de/test/auto/DateDemo.xml
6 ms. Memory: 48128K Free: 29499K (61%)
----------------- Invoking toplevel() on ptolemy.moml.MoMLSimpleApplication@12f36ac1
----------------- Done invoking toplevel() on ptolemy.moml.MoMLSimpleApplication@12f36ac1
reloadAllAccessors: .DateDemo

===========================================================================================
----------------- testing Thu Dec 26 06:31:44 UTC 2019 /home/travis/build/icyphy/ptII/ptolemy/domains/de/test/auto/DateToEvent.xml
----------------- Instantiating /home/travis/build/icyphy/ptII/ptolemy/domains/de/test/auto/DateToEvent.xml
2005 ms. Memory: 48128K Free: 14516K (30%)
----------------- Invoking toplevel() on ptolemy.moml.MoMLSimpleApplication@d653e8c
----------------- Done invoking toplevel() on ptolemy.moml.MoMLSimpleApplication@d653e8c
reloadAllAccessors: .DateToEvent

===========================================================================================
----------------- testing Thu Dec 26 06:31:46 UTC 2019 /home/travis/build/icyphy/ptII/ptolemy/domains/de/test/auto/DepthTest1.xml
----------------- Instantiating /home/travis/build/icyphy/ptII/ptolemy/domains/de/test/auto/DepthTest1.xml
1 ms. Memory: 48128K Free: 11796K (25%)
----------------- Invoking toplevel() on ptolemy.moml.MoMLSimpleApplication@4fb62933
----------------- Done invoking toplevel() on ptolemy.moml.MoMLSimpleApplication@4fb62933
reloadAllAccessors: .DepthTest1

===========================================================================================
----------------- testing Thu Dec 26 06:31:46 UTC 2019 /home/travis/build/icyphy/ptII/ptolemy/domains/de/test/auto/DepthTest2.xml
----------------- Instantiating /home/travis/build/icyphy/ptII/ptolemy/domains/de/test/auto/DepthTest2.xml
2 ms. Memory: 48128K Free: 30207K (63%)
----------------- Invoking toplevel() on ptolemy.moml.MoMLSimpleApplication@27e0b8c0
----------------- Done invoking toplevel() on ptolemy.moml.MoMLSimpleApplication@27e0b8c0
reloadAllAccessors: .DepthTest2

===========================================================================================
----------------- testing Thu Dec 26 06:31:46 UTC 2019 /home/travis/build/icyphy/ptII/ptolemy/domains/de/test/auto/DepthTest3.xml
----------------- Instantiating /home/travis/build/icyphy/ptII/ptolemy/domains/de/test/auto/DepthTest3.xml
1 ms. Memory: 48128K Free: 27197K (57%)
----------------- Invoking toplevel() on ptolemy.moml.MoMLSimpleApplication@5dcf5c57
----------------- Done invoking toplevel() on ptolemy.moml.MoMLSimpleApplication@5dcf5c57
reloadAllAccessors: .DepthTest3

===========================================================================================
----------------- testing Thu Dec 26 06:31:46 UTC 2019 /home/travis/build/icyphy/ptII/ptolemy/domains/de/test/auto/DepthTest4.xml
----------------- Instantiating /home/travis/build/icyphy/ptII/ptolemy/domains/de/test/auto/DepthTest4.xml
1 ms. Memory: 48128K Free: 22461K (47%)
----------------- Invoking toplevel() on ptolemy.moml.MoMLSimpleApplication@4b24464c
----------------- Done invoking toplevel() on ptolemy.moml.MoMLSimpleApplication@4b24464c
reloadAllAccessors: .DepthTest4

===========================================================================================
----------------- testing Thu Dec 26 06:31:46 UTC 2019 /home/travis/build/icyphy/ptII/ptolemy/domains/de/test/auto/DepthTest5.xml
----------------- Instantiating /home/travis/build/icyphy/ptII/ptolemy/domains/de/test/auto/DepthTest5.xml
7 ms. Memory: 48128K Free: 17169K (36%)
----------------- Invoking toplevel() on ptolemy.moml.MoMLSimpleApplication@20505080
----------------- Done invoking toplevel() on ptolemy.moml.MoMLSimpleApplication@20505080
reloadAllAccessors: .DepthTest5

===========================================================================================
----------------- testing Thu Dec 26 06:31:46 UTC 2019 /home/travis/build/icyphy/ptII/ptolemy/domains/de/test/auto/DepthTest6.xml
----------------- Instantiating /home/travis/build/icyphy/ptII/ptolemy/domains/de/test/auto/DepthTest6.xml
2 ms. Memory: 48128K Free: 11863K (25%)
----------------- Invoking toplevel() on ptolemy.moml.MoMLSimpleApplication@13c4e006
----------------- Done invoking toplevel() on ptolemy.moml.MoMLSimpleApplication@13c4e006
reloadAllAccessors: .DepthTest6

===========================================================================================
----------------- testing Thu Dec 26 06:31:46 UTC 2019 /home/travis/build/icyphy/ptII/ptolemy/domains/de/test/auto/DepthTest7.xml
----------------- Instantiating /home/travis/build/icyphy/ptII/ptolemy/domains/de/test/auto/DepthTest7.xml
2 ms. Memory: 48128K Free: 31581K (66%)
----------------- Invoking toplevel() on ptolemy.moml.MoMLSimpleApplication@2d6faae7
----------------- Done invoking toplevel() on ptolemy.moml.MoMLSimpleApplication@2d6faae7
reloadAllAccessors: .DepthTest7

===========================================================================================
----------------- testing Thu Dec 26 06:31:46 UTC 2019 /home/travis/build/icyphy/ptII/ptolemy/domains/de/test/auto/EventToDate.xml
----------------- Instantiating /home/travis/build/icyphy/ptII/ptolemy/domains/de/test/auto/EventToDate.xml
3012 ms. Memory: 48128K Free: 18269K (38%)
----------------- Invoking toplevel() on ptolemy.moml.MoMLSimpleApplication@2ea74b77
----------------- Done invoking toplevel() on ptolemy.moml.MoMLSimpleApplication@2ea74b77
reloadAllAccessors: .EventToDate

===========================================================================================
----------------- testing Thu Dec 26 06:31:49 UTC 2019 /home/travis/build/icyphy/ptII/ptolemy/domains/de/test/auto/FSM1.xml
----------------- Instantiating /home/travis/build/icyphy/ptII/ptolemy/domains/de/test/auto/FSM1.xml
21 ms. Memory: 48128K Free: 31018K (64%)
----------------- Invoking toplevel() on ptolemy.moml.MoMLSimpleApplication@4680efc0
----------------- Done invoking toplevel() on ptolemy.moml.MoMLSimpleApplication@4680efc0
reloadAllAccessors: .FSM1

===========================================================================================
----------------- testing Thu Dec 26 06:31:49 UTC 2019 /home/travis/build/icyphy/ptII/ptolemy/domains/de/test/auto/FSM7.xml
----------------- Instantiating /home/travis/build/icyphy/ptII/ptolemy/domains/de/test/auto/FSM7.xml
20 ms. Memory: 48128K Free: 18738K (39%)
----------------- Invoking toplevel() on ptolemy.moml.MoMLSimpleApplication@6b145c0d
----------------- Done invoking toplevel() on ptolemy.moml.MoMLSimpleApplication@6b145c0d
reloadAllAccessors: .FSM7

===========================================================================================
----------------- testing Thu Dec 26 06:31:49 UTC 2019 /home/travis/build/icyphy/ptII/ptolemy/domains/de/test/auto/Inspection.xml
----------------- Instantiating /home/travis/build/icyphy/ptII/ptolemy/domains/de/test/auto/Inspection.xml
13 ms. Memory: 48128K Free: 31136K (65%)
----------------- Invoking toplevel() on ptolemy.moml.MoMLSimpleApplication@1e748462
----------------- Done invoking toplevel() on ptolemy.moml.MoMLSimpleApplication@1e748462
reloadAllAccessors: .Inspection

===========================================================================================
----------------- testing Thu Dec 26 06:31:49 UTC 2019 /home/travis/build/icyphy/ptII/ptolemy/domains/de/test/auto/Iteration.xml
----------------- Instantiating /home/travis/build/icyphy/ptII/ptolemy/domains/de/test/auto/Iteration.xml
10 ms. Memory: 48128K Free: 24265K (50%)
----------------- Invoking toplevel() on ptolemy.moml.MoMLSimpleApplication@16fdda3c
----------------- Done invoking toplevel() on ptolemy.moml.MoMLSimpleApplication@16fdda3c
reloadAllAccessors: .Iteration

===========================================================================================
----------------- testing Thu Dec 26 06:31:49 UTC 2019 /home/travis/build/icyphy/ptII/ptolemy/domains/de/test/auto/LineFault.xml
----------------- Instantiating /home/travis/build/icyphy/ptII/ptolemy/domains/de/test/auto/LineFault.xml
378 ms. Memory: 48128K Free: 26775K (56%)
----------------- Invoking toplevel() on ptolemy.moml.MoMLSimpleApplication@42f46137
----------------- Done invoking toplevel() on ptolemy.moml.MoMLSimpleApplication@42f46137
reloadAllAccessors: .LineFault

===========================================================================================
----------------- testing Thu Dec 26 06:31:50 UTC 2019 /home/travis/build/icyphy/ptII/ptolemy/domains/de/test/auto/MergeModel1Add.xml
----------------- Instantiating /home/travis/build/icyphy/ptII/ptolemy/domains/de/test/auto/MergeModel1Add.xml
5 ms. Memory: 48128K Free: 29044K (60%)
----------------- Invoking toplevel() on ptolemy.moml.MoMLSimpleApplication@4b2a6d8
----------------- Done invoking toplevel() on ptolemy.moml.MoMLSimpleApplication@4b2a6d8
reloadAllAccessors: .MergeModel1Add

===========================================================================================
----------------- testing Thu Dec 26 06:31:50 UTC 2019 /home/travis/build/icyphy/ptII/ptolemy/domains/de/test/auto/MergeModel2Add.xml
----------------- Instantiating /home/travis/build/icyphy/ptII/ptolemy/domains/de/test/auto/MergeModel2Add.xml
6 ms. Memory: 48128K Free: 11843K (25%)
----------------- Invoking toplevel() on ptolemy.moml.MoMLSimpleApplication@2addc51
----------------- Done invoking toplevel() on ptolemy.moml.MoMLSimpleApplication@2addc51
reloadAllAccessors: .MergeModel2Add

===========================================================================================
----------------- testing Thu Dec 26 06:31:50 UTC 2019 /home/travis/build/icyphy/ptII/ptolemy/domains/de/test/auto/MergeModel3Add.xml
----------------- Instantiating /home/travis/build/icyphy/ptII/ptolemy/domains/de/test/auto/MergeModel3Add.xml
5 ms. Memory: 48128K Free: 15180K (32%)
----------------- Invoking toplevel() on ptolemy.moml.MoMLSimpleApplication@4baa1d1a
----------------- Done invoking toplevel() on ptolemy.moml.MoMLSimpleApplication@4baa1d1a
reloadAllAccessors: .MergeModel3Add

===========================================================================================
----------------- testing Thu Dec 26 06:31:50 UTC 2019 /home/travis/build/icyphy/ptII/ptolemy/domains/de/test/auto/MergeWithoutDiscard.xml
----------------- Instantiating /home/travis/build/icyphy/ptII/ptolemy/domains/de/test/auto/MergeWithoutDiscard.xml
1 ms. Memory: 48128K Free: 11060K (23%)
----------------- Invoking toplevel() on ptolemy.moml.MoMLSimpleApplication@1e680ef1
----------------- Done invoking toplevel() on ptolemy.moml.MoMLSimpleApplication@1e680ef1
reloadAllAccessors: .MergeWithoutDiscard

===========================================================================================
----------------- testing Thu Dec 26 06:31:50 UTC 2019 /home/travis/build/icyphy/ptII/ptolemy/domains/de/test/auto/Modal1.xml
----------------- Instantiating /home/travis/build/icyphy/ptII/ptolemy/domains/de/test/auto/Modal1.xml
6 ms. Memory: 48128K Free: 20560K (43%)
----------------- Invoking toplevel() on ptolemy.moml.MoMLSimpleApplication@1cb53d82
----------------- Done invoking toplevel() on ptolemy.moml.MoMLSimpleApplication@1cb53d82
reloadAllAccessors: .Modal1

===========================================================================================
----------------- testing Thu Dec 26 06:31:50 UTC 2019 /home/travis/build/icyphy/ptII/ptolemy/domains/de/test/auto/Modal2.xml
----------------- Instantiating /home/travis/build/icyphy/ptII/ptolemy/domains/de/test/auto/Modal2.xml
13 ms. Memory: 48128K Free: 30112K (63%)
----------------- Invoking toplevel() on ptolemy.moml.MoMLSimpleApplication@62c9cda0
----------------- Done invoking toplevel() on ptolemy.moml.MoMLSimpleApplication@62c9cda0
reloadAllAccessors: .Modal2

===========================================================================================
----------------- testing Thu Dec 26 06:31:50 UTC 2019 /home/travis/build/icyphy/ptII/ptolemy/domains/de/test/auto/Modal3.xml
----------------- Instantiating /home/travis/build/icyphy/ptII/ptolemy/domains/de/test/auto/Modal3.xml
10 ms. Memory: 48128K Free: 17662K (37%)
----------------- Invoking toplevel() on ptolemy.moml.MoMLSimpleApplication@79a5496d
----------------- Done invoking toplevel() on ptolemy.moml.MoMLSimpleApplication@79a5496d
reloadAllAccessors: .Modal3

===========================================================================================
----------------- testing Thu Dec 26 06:31:50 UTC 2019 /home/travis/build/icyphy/ptII/ptolemy/domains/de/test/auto/Modal4.xml
----------------- Instantiating /home/travis/build/icyphy/ptII/ptolemy/domains/de/test/auto/Modal4.xml
9 ms. Memory: 48128K Free: 26307K (55%)
----------------- Invoking toplevel() on ptolemy.moml.MoMLSimpleApplication@6f60a0ce
----------------- Done invoking toplevel() on ptolemy.moml.MoMLSimpleApplication@6f60a0ce
reloadAllAccessors: .Modal4

===========================================================================================
----------------- testing Thu Dec 26 06:31:50 UTC 2019 /home/travis/build/icyphy/ptII/ptolemy/domains/de/test/auto/Modal5.xml
----------------- Instantiating /home/travis/build/icyphy/ptII/ptolemy/domains/de/test/auto/Modal5.xml
9 ms. Memory: 48128K Free: 13524K (28%)
----------------- Invoking toplevel() on ptolemy.moml.MoMLSimpleApplication@a0f780b
----------------- Done invoking toplevel() on ptolemy.moml.MoMLSimpleApplication@a0f780b
reloadAllAccessors: .Modal5

===========================================================================================
----------------- testing Thu Dec 26 06:31:50 UTC 2019 /home/travis/build/icyphy/ptII/ptolemy/domains/de/test/auto/Modal6.xml
----------------- Instantiating /home/travis/build/icyphy/ptII/ptolemy/domains/de/test/auto/Modal6.xml
9 ms. Memory: 48128K Free: 22740K (47%)
----------------- Invoking toplevel() on ptolemy.moml.MoMLSimpleApplication@5c7cdff2
----------------- Done invoking toplevel() on ptolemy.moml.MoMLSimpleApplication@5c7cdff2
reloadAllAccessors: .Modal6

===========================================================================================
----------------- testing Thu Dec 26 06:31:50 UTC 2019 /home/travis/build/icyphy/ptII/ptolemy/domains/de/test/auto/Modal7.xml
----------------- Instantiating /home/travis/build/icyphy/ptII/ptolemy/domains/de/test/auto/Modal7.xml
13 ms. Memory: 61440K Free: 44312K (72%)
----------------- Invoking toplevel() on ptolemy.moml.MoMLSimpleApplication@3ce1dd47
----------------- Done invoking toplevel() on ptolemy.moml.MoMLSimpleApplication@3ce1dd47
reloadAllAccessors: .Modal7

===========================================================================================
----------------- testing Thu Dec 26 06:31:50 UTC 2019 /home/travis/build/icyphy/ptII/ptolemy/domains/de/test/auto/ModalModel.xml
----------------- Instantiating /home/travis/build/icyphy/ptII/ptolemy/domains/de/test/auto/ModalModel.xml
118 ms. Memory: 61440K Free: 29638K (48%)
----------------- Invoking toplevel() on ptolemy.moml.MoMLSimpleApplication@ebbdd31
----------------- Done invoking toplevel() on ptolemy.moml.MoMLSimpleApplication@ebbdd31
reloadAllAccessors: .ModalModel

===========================================================================================
----------------- testing Thu Dec 26 06:31:50 UTC 2019 /home/travis/build/icyphy/ptII/ptolemy/domains/de/test/auto/ModalSource.xml
----------------- Instantiating /home/travis/build/icyphy/ptII/ptolemy/domains/de/test/auto/ModalSource.xml
4 ms. Memory: 61440K Free: 21269K (35%)
----------------- Invoking toplevel() on ptolemy.moml.MoMLSimpleApplication@250c7d5a
----------------- Done invoking toplevel() on ptolemy.moml.MoMLSimpleApplication@250c7d5a
reloadAllAccessors: .ModalSource

===========================================================================================
----------------- testing Thu Dec 26 06:31:50 UTC 2019 /home/travis/build/icyphy/ptII/ptolemy/domains/de/test/auto/NonInterruptibleTimerZeroDelay.xml
----------------- Instantiating /home/travis/build/icyphy/ptII/ptolemy/domains/de/test/auto/NonInterruptibleTimerZeroDelay.xml
1 ms. Memory: 61440K Free: 17788K (29%)
----------------- Invoking toplevel() on ptolemy.moml.MoMLSimpleApplication@16f516d3
----------------- Done invoking toplevel() on ptolemy.moml.MoMLSimpleApplication@16f516d3
reloadAllAccessors: .NonInterruptibleTimerZeroDelay

===========================================================================================
----------------- testing Thu Dec 26 06:31:50 UTC 2019 /home/travis/build/icyphy/ptII/ptolemy/domains/de/test/auto/OpenQueueingNetwork.xml
----------------- Instantiating /home/travis/build/icyphy/ptII/ptolemy/domains/de/test/auto/OpenQueueingNetwork.xml
2092 ms. Memory: 188416K Free: 127914K (68%)
----------------- Invoking toplevel() on ptolemy.moml.MoMLSimpleApplication@1368c8c2
----------------- Done invoking toplevel() on ptolemy.moml.MoMLSimpleApplication@1368c8c2
reloadAllAccessors: .OpenQueueingNetwork

===========================================================================================
----------------- testing Thu Dec 26 06:31:52 UTC 2019 /home/travis/build/icyphy/ptII/ptolemy/domains/de/test/auto/OpenQueuingNetwork.xml
----------------- Instantiating /home/travis/build/icyphy/ptII/ptolemy/domains/de/test/auto/OpenQueuingNetwork.xml
228 ms. Memory: 243712K Free: 203546K (84%)
----------------- Invoking toplevel() on ptolemy.moml.MoMLSimpleApplication@762b606e
----------------- Done invoking toplevel() on ptolemy.moml.MoMLSimpleApplication@762b606e
reloadAllAccessors: .OpenQueuingNetwork

===========================================================================================
----------------- testing Thu Dec 26 06:31:53 UTC 2019 /home/travis/build/icyphy/ptII/ptolemy/domains/de/test/auto/PeriodicSampler.xml
----------------- Instantiating /home/travis/build/icyphy/ptII/ptolemy/domains/de/test/auto/PeriodicSampler.xml
2 ms. Memory: 243712K Free: 198936K (82%)
----------------- Invoking toplevel() on ptolemy.moml.MoMLSimpleApplication@5d897cb7
----------------- Done invoking toplevel() on ptolemy.moml.MoMLSimpleApplication@5d897cb7
reloadAllAccessors: .PeriodicSampler

===========================================================================================
----------------- testing Thu Dec 26 06:31:53 UTC 2019 /home/travis/build/icyphy/ptII/ptolemy/domains/de/test/auto/PersistentIO.xml
----------------- Instantiating /home/travis/build/icyphy/ptII/ptolemy/domains/de/test/auto/PersistentIO.xml
4 ms. Memory: 243712K Free: 189690K (78%)
----------------- Invoking toplevel() on ptolemy.moml.MoMLSimpleApplication@17299c00
----------------- Done invoking toplevel() on ptolemy.moml.MoMLSimpleApplication@17299c00
reloadAllAccessors: .PersistentIO

===========================================================================================
----------------- testing Thu Dec 26 06:31:53 UTC 2019 /home/travis/build/icyphy/ptII/ptolemy/domains/de/test/auto/PortParameterResetOnInitialize.xml
----------------- Instantiating /home/travis/build/icyphy/ptII/ptolemy/domains/de/test/auto/PortParameterResetOnInitialize.xml
2 ms. Memory: 243712K Free: 185114K (76%)
----------------- Invoking toplevel() on ptolemy.moml.MoMLSimpleApplication@1a85a80d
----------------- Done invoking toplevel() on ptolemy.moml.MoMLSimpleApplication@1a85a80d
reloadAllAccessors: .PortParameterResetOnInitialize

===========================================================================================
----------------- testing Thu Dec 26 06:31:53 UTC 2019 /home/travis/build/icyphy/ptII/ptolemy/domains/de/test/auto/PortParameterUpdates.xml
----------------- Instantiating /home/travis/build/icyphy/ptII/ptolemy/domains/de/test/auto/PortParameterUpdates.xml
5 ms. Memory: 243712K Free: 178970K (73%)
----------------- Invoking toplevel() on ptolemy.moml.MoMLSimpleApplication@3f9e97bc
----------------- Done invoking toplevel() on ptolemy.moml.MoMLSimpleApplication@3f9e97bc
reloadAllAccessors: .PortParameterUpdates

===========================================================================================
----------------- testing Thu Dec 26 06:31:53 UTC 2019 /home/travis/build/icyphy/ptII/ptolemy/domains/de/test/auto/QueueAndServer.xml
----------------- Instantiating /home/travis/build/icyphy/ptII/ptolemy/domains/de/test/auto/QueueAndServer.xml
5 ms. Memory: 243712K Free: 171288K (70%)
----------------- Invoking toplevel() on ptolemy.moml.MoMLSimpleApplication@193f30c9
----------------- Done invoking toplevel() on ptolemy.moml.MoMLSimpleApplication@193f30c9
reloadAllAccessors: .QueueAndServer

===========================================================================================
----------------- testing Thu Dec 26 06:31:53 UTC 2019 /home/travis/build/icyphy/ptII/ptolemy/domains/de/test/auto/Records.xml
----------------- Instantiating /home/travis/build/icyphy/ptII/ptolemy/domains/de/test/auto/Records.xml
3 ms. Memory: 243712K Free: 165658K (68%)
----------------- Invoking toplevel() on ptolemy.moml.MoMLSimpleApplication@2455f492
----------------- Done invoking toplevel() on ptolemy.moml.MoMLSimpleApplication@2455f492
reloadAllAccessors: .Records

===========================================================================================
----------------- testing Thu Dec 26 06:31:53 UTC 2019 /home/travis/build/icyphy/ptII/ptolemy/domains/de/test/auto/ResetTransitionWithStartTime1.xml
----------------- Instantiating /home/travis/build/icyphy/ptII/ptolemy/domains/de/test/auto/ResetTransitionWithStartTime1.xml
10 ms. Memory: 243712K Free: 157466K (65%)
----------------- Invoking toplevel() on ptolemy.moml.MoMLSimpleApplication@231c655
----------------- Done invoking toplevel() on ptolemy.moml.MoMLSimpleApplication@231c655
reloadAllAccessors: .ResetTransitionWithStartTime1

===========================================================================================
----------------- testing Thu Dec 26 06:31:53 UTC 2019 /home/travis/build/icyphy/ptII/ptolemy/domains/de/test/auto/ResetTransitionWithStartTime2.xml
----------------- Instantiating /home/travis/build/icyphy/ptII/ptolemy/domains/de/test/auto/ResetTransitionWithStartTime2.xml
6 ms. Memory: 243712K Free: 149274K (61%)
----------------- Invoking toplevel() on ptolemy.moml.MoMLSimpleApplication@60ee9d7b
----------------- Done invoking toplevel() on ptolemy.moml.MoMLSimpleApplication@60ee9d7b
reloadAllAccessors: .ResetTransitionWithStartTime2

===========================================================================================
----------------- testing Thu Dec 26 06:31:53 UTC 2019 /home/travis/build/icyphy/ptII/ptolemy/domains/de/test/auto/ResetTransitionWithStartTime3.xml
----------------- Instantiating /home/travis/build/icyphy/ptII/ptolemy/domains/de/test/auto/ResetTransitionWithStartTime3.xml
4 ms. Memory: 243712K Free: 141082K (58%)
----------------- Invoking toplevel() on ptolemy.moml.MoMLSimpleApplication@55871484
----------------- Done invoking toplevel() on ptolemy.moml.MoMLSimpleApplication@55871484
reloadAllAccessors: .ResetTransitionWithStartTime3

===========================================================================================
----------------- testing Thu Dec 26 06:31:53 UTC 2019 /home/travis/build/icyphy/ptII/ptolemy/domains/de/test/auto/ResetTransitionWithStartTime4.xml
----------------- Instantiating /home/travis/build/icyphy/ptII/ptolemy/domains/de/test/auto/ResetTransitionWithStartTime4.xml
3 ms. Memory: 243712K Free: 133394K (55%)
----------------- Invoking toplevel() on ptolemy.moml.MoMLSimpleApplication@69ec886c
----------------- Done invoking toplevel() on ptolemy.moml.MoMLSimpleApplication@69ec886c
reloadAllAccessors: .ResetTransitionWithStartTime4

===========================================================================================
----------------- testing Thu Dec 26 06:31:53 UTC 2019 /home/travis/build/icyphy/ptII/ptolemy/domains/de/test/auto/ResettableTimer1.xml
----------------- Instantiating /home/travis/build/icyphy/ptII/ptolemy/domains/de/test/auto/ResettableTimer1.xml
2 ms. Memory: 243712K Free: 129290K (53%)
----------------- Invoking toplevel() on ptolemy.moml.MoMLSimpleApplication@5b709590
----------------- Done invoking toplevel() on ptolemy.moml.MoMLSimpleApplication@5b709590
reloadAllAccessors: .ResettableTimer1

===========================================================================================
----------------- testing Thu Dec 26 06:31:53 UTC 2019 /home/travis/build/icyphy/ptII/ptolemy/domains/de/test/auto/ResettableTimer2.xml
----------------- Instantiating /home/travis/build/icyphy/ptII/ptolemy/domains/de/test/auto/ResettableTimer2.xml
2 ms. Memory: 243712K Free: 125178K (51%)
----------------- Invoking toplevel() on ptolemy.moml.MoMLSimpleApplication@60ccd6c5
----------------- Done invoking toplevel() on ptolemy.moml.MoMLSimpleApplication@60ccd6c5
reloadAllAccessors: .ResettableTimer2

===========================================================================================
----------------- testing Thu Dec 26 06:31:53 UTC 2019 /home/travis/build/icyphy/ptII/ptolemy/domains/de/test/auto/ResettableTimer3.xml
----------------- Instantiating /home/travis/build/icyphy/ptII/ptolemy/domains/de/test/auto/ResettableTimer3.xml
1 ms. Memory: 243712K Free: 121626K (50%)
----------------- Invoking toplevel() on ptolemy.moml.MoMLSimpleApplication@306c7dbd
----------------- Done invoking toplevel() on ptolemy.moml.MoMLSimpleApplication@306c7dbd
reloadAllAccessors: .ResettableTimer3

===========================================================================================
----------------- testing Thu Dec 26 06:31:53 UTC 2019 /home/travis/build/icyphy/ptII/ptolemy/domains/de/test/auto/ResettableTimer4.xml
----------------- Instantiating /home/travis/build/icyphy/ptII/ptolemy/domains/de/test/auto/ResettableTimer4.xml
1 ms. Memory: 243712K Free: 117530K (48%)
----------------- Invoking toplevel() on ptolemy.moml.MoMLSimpleApplication@6c583e55
----------------- Done invoking toplevel() on ptolemy.moml.MoMLSimpleApplication@6c583e55
reloadAllAccessors: .ResettableTimer4

===========================================================================================
----------------- testing Thu Dec 26 06:31:53 UTC 2019 /home/travis/build/icyphy/ptII/ptolemy/domains/de/test/auto/ResettableTimer5.xml
----------------- Instantiating /home/travis/build/icyphy/ptII/ptolemy/domains/de/test/auto/ResettableTimer5.xml
1 ms. Memory: 243712K Free: 113434K (47%)
----------------- Invoking toplevel() on ptolemy.moml.MoMLSimpleApplication@348cc712
----------------- Done invoking toplevel() on ptolemy.moml.MoMLSimpleApplication@348cc712
reloadAllAccessors: .ResettableTimer5

===========================================================================================
----------------- testing Thu Dec 26 06:31:53 UTC 2019 /home/travis/build/icyphy/ptII/ptolemy/domains/de/test/auto/ResettableTimer6.xml
----------------- Instantiating /home/travis/build/icyphy/ptII/ptolemy/domains/de/test/auto/ResettableTimer6.xml
6 ms. Memory: 243712K Free: 108824K (45%)
----------------- Invoking toplevel() on ptolemy.moml.MoMLSimpleApplication@54741670
----------------- Done invoking toplevel() on ptolemy.moml.MoMLSimpleApplication@54741670
reloadAllAccessors: .ResettableTimer6

===========================================================================================
----------------- testing Thu Dec 26 06:31:53 UTC 2019 /home/travis/build/icyphy/ptII/ptolemy/domains/de/test/auto/ServerZeroDelay.xml
----------------- Instantiating /home/travis/build/icyphy/ptII/ptolemy/domains/de/test/auto/ServerZeroDelay.xml
1 ms. Memory: 243712K Free: 104714K (43%)
----------------- Invoking toplevel() on ptolemy.moml.MoMLSimpleApplication@68f228fd
----------------- Done invoking toplevel() on ptolemy.moml.MoMLSimpleApplication@68f228fd
reloadAllAccessors: .ServerZeroDelay

===========================================================================================
----------------- testing Thu Dec 26 06:31:53 UTC 2019 /home/travis/build/icyphy/ptII/ptolemy/domains/de/test/auto/SmartSender.xml
----------------- Instantiating /home/travis/build/icyphy/ptII/ptolemy/domains/de/test/auto/SmartSender.xml
3004 ms. Memory: 243712K Free: 227142K (93%)
----------------- Invoking toplevel() on ptolemy.moml.MoMLSimpleApplication@3f35760e
----------------- Done invoking toplevel() on ptolemy.moml.MoMLSimpleApplication@3f35760e
reloadAllAccessors: .SmartSender

===========================================================================================
----------------- testing Thu Dec 26 06:31:56 UTC 2019 /home/travis/build/icyphy/ptII/ptolemy/domains/de/test/auto/ThreadedComposite.xml
----------------- Instantiating /home/travis/build/icyphy/ptII/ptolemy/domains/de/test/auto/ThreadedComposite.xml
83 ms. Memory: 243712K Free: 206662K (85%)
----------------- Invoking toplevel() on ptolemy.moml.MoMLSimpleApplication@31fd318b
----------------- Done invoking toplevel() on ptolemy.moml.MoMLSimpleApplication@31fd318b
reloadAllAccessors: .ThreadedComposite

===========================================================================================
----------------- testing Thu Dec 26 06:31:56 UTC 2019 /home/travis/build/icyphy/ptII/ptolemy/domains/de/test/auto/Time.xml
----------------- Instantiating /home/travis/build/icyphy/ptII/ptolemy/domains/de/test/auto/Time.xml
309 ms. Memory: 243712K Free: 154952K (64%)
----------------- Invoking toplevel() on ptolemy.moml.MoMLSimpleApplication@7ec90ae9
----------------- Done invoking toplevel() on ptolemy.moml.MoMLSimpleApplication@7ec90ae9
reloadAllAccessors: .Time

===========================================================================================
----------------- testing Thu Dec 26 06:31:56 UTC 2019 /home/travis/build/icyphy/ptII/ptolemy/domains/de/test/auto/TimeDelayZeroDelay.xml
----------------- Instantiating /home/travis/build/icyphy/ptII/ptolemy/domains/de/test/auto/TimeDelayZeroDelay.xml
2 ms. Memory: 243712K Free: 150856K (62%)
----------------- Invoking toplevel() on ptolemy.moml.MoMLSimpleApplication@643caa6b
----------------- Done invoking toplevel() on ptolemy.moml.MoMLSimpleApplication@643caa6b
reloadAllAccessors: .TimeDelayZeroDelay

===========================================================================================
----------------- testing Thu Dec 26 06:31:56 UTC 2019 /home/travis/build/icyphy/ptII/ptolemy/domains/de/test/auto/TimerZeroDelay.xml
----------------- Instantiating /home/travis/build/icyphy/ptII/ptolemy/domains/de/test/auto/TimerZeroDelay.xml
2 ms. Memory: 243712K Free: 146760K (60%)
----------------- Invoking toplevel() on ptolemy.moml.MoMLSimpleApplication@3e81c6ec
----------------- Done invoking toplevel() on ptolemy.moml.MoMLSimpleApplication@3e81c6ec
reloadAllAccessors: .TimerZeroDelay

===========================================================================================
----------------- testing Thu Dec 26 06:31:56 UTC 2019 /home/travis/build/icyphy/ptII/ptolemy/domains/de/test/auto/TimingParadox.xml
----------------- Instantiating /home/travis/build/icyphy/ptII/ptolemy/domains/de/test/auto/TimingParadox.xml
248 ms. Memory: 243712K Free: 212835K (87%)
----------------- Invoking toplevel() on ptolemy.moml.MoMLSimpleApplication@61f6ea6b
----------------- Done invoking toplevel() on ptolemy.moml.MoMLSimpleApplication@61f6ea6b
reloadAllAccessors: .TimingParadox

===========================================================================================
----------------- testing Thu Dec 26 06:31:57 UTC 2019 /home/travis/build/icyphy/ptII/ptolemy/domains/de/test/auto/TransferInputs.xml
----------------- Instantiating /home/travis/build/icyphy/ptII/ptolemy/domains/de/test/auto/TransferInputs.xml
2 ms. Memory: 243712K Free: 207674K (85%)
----------------- Invoking toplevel() on ptolemy.moml.MoMLSimpleApplication@17231c53
----------------- Done invoking toplevel() on ptolemy.moml.MoMLSimpleApplication@17231c53
reloadAllAccessors: .TransferInputs

===========================================================================================
----------------- testing Thu Dec 26 06:31:57 UTC 2019 /home/travis/build/icyphy/ptII/ptolemy/domains/de/test/auto/TransferOutputs2.xml
----------------- Instantiating /home/travis/build/icyphy/ptII/ptolemy/domains/de/test/auto/TransferOutputs2.xml
2 ms. Memory: 243712K Free: 200010K (82%)
----------------- Invoking toplevel() on ptolemy.moml.MoMLSimpleApplication@1d081177
----------------- Done invoking toplevel() on ptolemy.moml.MoMLSimpleApplication@1d081177
reloadAllAccessors: .TransferOutputs2

===========================================================================================
----------------- testing Thu Dec 26 06:31:57 UTC 2019 /home/travis/build/icyphy/ptII/ptolemy/domains/de/test/auto/Trilateration.xml
----------------- Instantiating /home/travis/build/icyphy/ptII/ptolemy/domains/de/test/auto/Trilateration.xml
9614 ms. Memory: 422912K Free: 273411K (65%)
----------------- Invoking toplevel() on ptolemy.moml.MoMLSimpleApplication@564d611d
----------------- Done invoking toplevel() on ptolemy.moml.MoMLSimpleApplication@564d611d
reloadAllAccessors: .Trilateration

===========================================================================================
----------------- testing Thu Dec 26 06:32:07 UTC 2019 /home/travis/build/icyphy/ptII/ptolemy/domains/de/test/auto/TwoSigmaDelta.xml
----------------- Instantiating /home/travis/build/icyphy/ptII/ptolemy/domains/de/test/auto/TwoSigmaDelta.xml
1732 ms. Memory: 422912K Free: 318481K (75%)
----------------- Invoking toplevel() on ptolemy.moml.MoMLSimpleApplication@315e0e17
----------------- Done invoking toplevel() on ptolemy.moml.MoMLSimpleApplication@315e0e17
reloadAllAccessors: .TwoSigmaDelta

===========================================================================================
----------------- testing Thu Dec 26 06:32:09 UTC 2019 /home/travis/build/icyphy/ptII/ptolemy/domains/de/test/auto/VariableDelay.xml
----------------- Instantiating /home/travis/build/icyphy/ptII/ptolemy/domains/de/test/auto/VariableDelay.xml
2 ms. Memory: 422912K Free: 313331K (74%)
----------------- Invoking toplevel() on ptolemy.moml.MoMLSimpleApplication@321e29bb
----------------- Done invoking toplevel() on ptolemy.moml.MoMLSimpleApplication@321e29bb
reloadAllAccessors: .VariableDelay

===========================================================================================
----------------- testing Thu Dec 26 06:32:09 UTC 2019 /home/travis/build/icyphy/ptII/ptolemy/domains/de/test/auto/VariableDelay2.xml
----------------- Instantiating /home/travis/build/icyphy/ptII/ptolemy/domains/de/test/auto/VariableDelay2.xml
6 ms. Memory: 422912K Free: 308755K (73%)
----------------- Invoking toplevel() on ptolemy.moml.MoMLSimpleApplication@14d2e9d2
----------------- Done invoking toplevel() on ptolemy.moml.MoMLSimpleApplication@14d2e9d2
reloadAllAccessors: .VariableDelay2

===========================================================================================
----------------- testing Thu Dec 26 06:32:09 UTC 2019 /home/travis/build/icyphy/ptII/ptolemy/domains/de/test/auto/VariableDelayZeroDelay.xml
----------------- Instantiating /home/travis/build/icyphy/ptII/ptolemy/domains/de/test/auto/VariableDelayZeroDelay.xml
1 ms. Memory: 422912K Free: 304659K (72%)
----------------- Invoking toplevel() on ptolemy.moml.MoMLSimpleApplication@3b584ac6
----------------- Done invoking toplevel() on ptolemy.moml.MoMLSimpleApplication@3b584ac6
reloadAllAccessors: .VariableDelayZeroDelay

===========================================================================================
----------------- testing Thu Dec 26 06:32:09 UTC 2019 /home/travis/build/icyphy/ptII/ptolemy/domains/de/test/auto/VariableDelayZeroDelay2.xml
----------------- Instantiating /home/travis/build/icyphy/ptII/ptolemy/domains/de/test/auto/VariableDelayZeroDelay2.xml
2 ms. Memory: 422912K Free: 300563K (71%)
----------------- Invoking toplevel() on ptolemy.moml.MoMLSimpleApplication@3ffbe82d
----------------- Done invoking toplevel() on ptolemy.moml.MoMLSimpleApplication@3ffbe82d
reloadAllAccessors: .VariableDelayZeroDelay2

===========================================================================================
----------------- testing Thu Dec 26 06:32:09 UTC 2019 /home/travis/build/icyphy/ptII/ptolemy/domains/de/test/auto/deInCt.xml
----------------- Instantiating /home/travis/build/icyphy/ptII/ptolemy/domains/de/test/auto/deInCt.xml
0
1
1
1
0
0
0
1
1
1
0
0
0
1
1
0
0
0
1
1
1
0
0
0
1
1
1
0
0
0
1
1
1
0
0
0
1
1
1
0
0
0
1
1
1
0
0
0
0
1
1
1
0
0
0
1
1
1
1
1
1
6 ms. Memory: 422912K Free: 295443K (70%)
----------------- Invoking toplevel() on ptolemy.moml.MoMLSimpleApplication@b441e01
----------------- Done invoking toplevel() on ptolemy.moml.MoMLSimpleApplication@b441e01
reloadAllAccessors: .deInCt

===========================================================================================
----------------- testing Thu Dec 26 06:32:09 UTC 2019 /home/travis/build/icyphy/ptII/ptolemy/domains/de/test/auto/deInCt2.xml
----------------- Instantiating /home/travis/build/icyphy/ptII/ptolemy/domains/de/test/auto/deInCt2.xml
0
1
1
1
0
0
1
1
1
0
0
1
1
1
0
0
1
1
1
0
0
1
1
1
0
0
1
1
1
0
0
1
1
1
0
0
1
1
1
0
0
0
6 ms. Memory: 422912K Free: 290323K (69%)
----------------- Invoking toplevel() on ptolemy.moml.MoMLSimpleApplication@57f390a1
----------------- Done invoking toplevel() on ptolemy.moml.MoMLSimpleApplication@57f390a1
reloadAllAccessors: .deInCt2

===========================================================================================
----------------- testing Thu Dec 26 06:32:09 UTC 2019 /home/travis/build/icyphy/ptII/ptolemy/domains/de/test/auto/dynamicCausalityInterface1.xml
----------------- Instantiating /home/travis/build/icyphy/ptII/ptolemy/domains/de/test/auto/dynamicCausalityInterface1.xml
0 ms. Memory: 422912K Free: 281107K (66%)
----------------- Invoking toplevel() on ptolemy.moml.MoMLSimpleApplication@83c2b10
----------------- Done invoking toplevel() on ptolemy.moml.MoMLSimpleApplication@83c2b10
reloadAllAccessors: .dynamicCausalityInterface1

===========================================================================================
----------------- testing Thu Dec 26 06:32:09 UTC 2019 /home/travis/build/icyphy/ptII/ptolemy/domains/de/test/auto/fsm_de_test.xml
----------------- Instantiating /home/travis/build/icyphy/ptII/ptolemy/domains/de/test/auto/fsm_de_test.xml
7 ms. Memory: 422912K Free: 271891K (64%)
----------------- Invoking toplevel() on ptolemy.moml.MoMLSimpleApplication@8903eed
----------------- Done invoking toplevel() on ptolemy.moml.MoMLSimpleApplication@8903eed
reloadAllAccessors: .fsm_de_test

===========================================================================================
----------------- testing Thu Dec 26 06:32:09 UTC 2019 /home/travis/build/icyphy/ptII/ptolemy/domains/de/test/auto/functionDependencyReconstruction.xml
----------------- Instantiating /home/travis/build/icyphy/ptII/ptolemy/domains/de/test/auto/functionDependencyReconstruction.xml
2 ms. Memory: 422912K Free: 257041K (61%)
----------------- Invoking toplevel() on ptolemy.moml.MoMLSimpleApplication@37758711
----------------- Done invoking toplevel() on ptolemy.moml.MoMLSimpleApplication@37758711
reloadAllAccessors: .functionDependencyReconstruction

===========================================================================================
----------------- testing Thu Dec 26 06:32:09 UTC 2019 /home/travis/build/icyphy/ptII/ptolemy/domains/de/test/auto/multirate.xml
----------------- Instantiating /home/travis/build/icyphy/ptII/ptolemy/domains/de/test/auto/multirate.xml
2 ms. Memory: 422912K Free: 250387K (59%)
----------------- Invoking toplevel() on ptolemy.moml.MoMLSimpleApplication@10ff4b94
----------------- Done invoking toplevel() on ptolemy.moml.MoMLSimpleApplication@10ff4b94
reloadAllAccessors: .multirate

===========================================================================================
----------------- testing Thu Dec 26 06:32:09 UTC 2019 /home/travis/build/icyphy/ptII/ptolemy/domains/de/test/auto/multirate2.xml
----------------- Instantiating /home/travis/build/icyphy/ptII/ptolemy/domains/de/test/auto/multirate2.xml
2 ms. Memory: 422912K Free: 243715K (58%)
----------------- Invoking toplevel() on ptolemy.moml.MoMLSimpleApplication@23395189
----------------- Done invoking toplevel() on ptolemy.moml.MoMLSimpleApplication@23395189
reloadAllAccessors: .multirate2

===========================================================================================
----------------- testing Thu Dec 26 06:32:09 UTC 2019 /home/travis/build/icyphy/ptII/ptolemy/domains/de/test/auto/realtime.xml
----------------- Instantiating /home/travis/build/icyphy/ptII/ptolemy/domains/de/test/auto/realtime.xml
10001 ms. Memory: 422912K Free: 239123K (57%)
----------------- Invoking toplevel() on ptolemy.moml.MoMLSimpleApplication@90bacfd
----------------- Done invoking toplevel() on ptolemy.moml.MoMLSimpleApplication@90bacfd
reloadAllAccessors: .realtime

===========================================================================================
----------------- testing Thu Dec 26 06:32:19 UTC 2019 /home/travis/build/icyphy/ptII/ptolemy/domains/de/test/auto/relationGroup.xml
----------------- Instantiating /home/travis/build/icyphy/ptII/ptolemy/domains/de/test/auto/relationGroup.xml
3 ms. Memory: 422912K Free: 235537K (56%)
----------------- Invoking toplevel() on ptolemy.moml.MoMLSimpleApplication@3aed4b93
----------------- Done invoking toplevel() on ptolemy.moml.MoMLSimpleApplication@3aed4b93
reloadAllAccessors: .relationGroup

===========================================================================================
----------------- testing Thu Dec 26 06:32:19 UTC 2019 /home/travis/build/icyphy/ptII/ptolemy/domains/de/test/auto/relationGroup2.xml
----------------- Instantiating /home/travis/build/icyphy/ptII/ptolemy/domains/de/test/auto/relationGroup2.xml
2 ms. Memory: 422912K Free: 231955K (55%)
----------------- Invoking toplevel() on ptolemy.moml.MoMLSimpleApplication@271898bb
----------------- Done invoking toplevel() on ptolemy.moml.MoMLSimpleApplication@271898bb
reloadAllAccessors: .relationGroup2

===========================================================================================
----------------- testing Thu Dec 26 06:32:19 UTC 2019 /home/travis/build/icyphy/ptII/ptolemy/domains/de/test/auto/sortWithOpaquePorts.xml
----------------- Instantiating /home/travis/build/icyphy/ptII/ptolemy/domains/de/test/auto/sortWithOpaquePorts.xml
2 ms. Memory: 422912K Free: 227315K (54%)
----------------- Invoking toplevel() on ptolemy.moml.MoMLSimpleApplication@5fb1b3d2
----------------- Done invoking toplevel() on ptolemy.moml.MoMLSimpleApplication@5fb1b3d2
reloadAllAccessors: .sortWithOpaquePorts

===========================================================================================
----------------- testing Thu Dec 26 06:32:19 UTC 2019 /home/travis/build/icyphy/ptII/ptolemy/domains/de/test/auto/transferInputsandOutputs.xml
----------------- Instantiating /home/travis/build/icyphy/ptII/ptolemy/domains/de/test/auto/transferInputsandOutputs.xml
1 ms. Memory: 422912K Free: 220177K (52%)
----------------- Invoking toplevel() on ptolemy.moml.MoMLSimpleApplication@3d6a3686
----------------- Done invoking toplevel() on ptolemy.moml.MoMLSimpleApplication@3d6a3686
reloadAllAccessors: .transferInputsandOutputs

===========================================================================================
----------------- testing Thu Dec 26 06:32:19 UTC 2019 /home/travis/build/icyphy/ptII/ptolemy/domains/de/test/auto/triggerType.xml
----------------- Instantiating /home/travis/build/icyphy/ptII/ptolemy/domains/de/test/auto/triggerType.xml
2 ms. Memory: 422912K Free: 216067K (51%)
----------------- Invoking toplevel() on ptolemy.moml.MoMLSimpleApplication@5995d39e
----------------- Done invoking toplevel() on ptolemy.moml.MoMLSimpleApplication@5995d39e
reloadAllAccessors: .triggerType
AutoTests.java: About to close Vertx.
AutoTests.java: Vertx closed.
]]></system-out>
  <system-err><![CDATA[java.lang.RuntimeException: Execution failed
	at ptolemy.moml.MoMLSimpleApplication$UnloadThread.run(MoMLSimpleApplication.java:402)
Caused by: ptolemy.kernel.util.IllegalActionException: Found a zero delay loop containing .dependencyLoop.original
  in .dependencyLoop and .dependencyLoop.original
	at ptolemy.actor.util.CausalityInterfaceForComposites._computeOutputPortDepth(CausalityInterfaceForComposites.java:759)
	at ptolemy.actor.util.CausalityInterfaceForComposites._computeInputDepth(CausalityInterfaceForComposites.java:696)
	at ptolemy.actor.util.CausalityInterfaceForComposites._computeOutputPortDepth(CausalityInterfaceForComposites.java:765)
	at ptolemy.actor.util.CausalityInterfaceForComposites._computeInputDepth(CausalityInterfaceForComposites.java:696)
	at ptolemy.actor.util.CausalityInterfaceForComposites._computeOutputPortDepth(CausalityInterfaceForComposites.java:765)
	at ptolemy.actor.util.CausalityInterfaceForComposites._computeInputDepth(CausalityInterfaceForComposites.java:696)
	at ptolemy.actor.util.CausalityInterfaceForComposites._computeActorDepth(CausalityInterfaceForComposites.java:532)
	at ptolemy.actor.util.CausalityInterfaceForComposites.checkForCycles(CausalityInterfaceForComposites.java:96)
	at ptolemy.domains.de.kernel.DEDirector.preinitialize(DEDirector.java:1338)
	at ptolemy.actor.CompositeActor.preinitialize(CompositeActor.java:1828)
	at ptolemy.actor.Manager.preinitializeAndResolveTypes(Manager.java:1040)
	at ptolemy.actor.Manager.initialize(Manager.java:710)
	at ptolemy.actor.Manager.execute(Manager.java:356)
	at ptolemy.actor.Manager.run(Manager.java:1263)
	at ptolemy.actor.Manager$PtolemyRunThread.run(Manager.java:1933)
java.lang.RuntimeException: Execution failed
	at ptolemy.moml.MoMLSimpleApplication$UnloadThread.run(MoMLSimpleApplication.java:402)
Caused by: ptolemy.kernel.util.IllegalActionException: Found a zero delay loop containing .dependencyLoop2.original
  in .dependencyLoop2 and .dependencyLoop2.original
	at ptolemy.actor.util.CausalityInterfaceForComposites._computeOutputPortDepth(CausalityInterfaceForComposites.java:759)
	at ptolemy.actor.util.CausalityInterfaceForComposites._computeInputDepth(CausalityInterfaceForComposites.java:696)
	at ptolemy.actor.util.CausalityInterfaceForComposites._computeOutputPortDepth(CausalityInterfaceForComposites.java:765)
	at ptolemy.actor.util.CausalityInterfaceForComposites._computeInputDepth(CausalityInterfaceForComposites.java:696)
	at ptolemy.actor.util.CausalityInterfaceForComposites._computeOutputPortDepth(CausalityInterfaceForComposites.java:765)
	at ptolemy.actor.util.CausalityInterfaceForComposites._computeInputDepth(CausalityInterfaceForComposites.java:696)
	at ptolemy.actor.util.CausalityInterfaceForComposites._computeActorDepth(CausalityInterfaceForComposites.java:532)
	at ptolemy.actor.util.CausalityInterfaceForComposites.checkForCycles(CausalityInterfaceForComposites.java:96)
	at ptolemy.domains.de.kernel.DEDirector.preinitialize(DEDirector.java:1338)
	at ptolemy.actor.CompositeActor.preinitialize(CompositeActor.java:1828)
	at ptolemy.actor.Manager.preinitializeAndResolveTypes(Manager.java:1040)
	at ptolemy.actor.Manager.initialize(Manager.java:710)
	at ptolemy.actor.Manager.execute(Manager.java:356)
	at ptolemy.actor.Manager.run(Manager.java:1263)
	at ptolemy.actor.Manager$PtolemyRunThread.run(Manager.java:1933)
java.lang.RuntimeException: Execution failed
	at ptolemy.moml.MoMLSimpleApplication$UnloadThread.run(MoMLSimpleApplication.java:402)
Caused by: ptolemy.kernel.util.IllegalActionException: Test fails in iteration 1.
Value was: 1.0. Should have been: 2.0
  in .DirectFeedback.Test
	at ptolemy.actor.lib.Test.fire(Test.java:268)
	at ptolemy.domains.de.kernel.DEDirector._fire(DEDirector.java:1949)
	at ptolemy.domains.de.kernel.DEDirector.fire(DEDirector.java:502)
	at ptolemy.actor.CompositeActor.fire(CompositeActor.java:455)
	at ptolemy.actor.Manager.iterate(Manager.java:851)
	at ptolemy.actor.Manager.execute(Manager.java:369)
	at ptolemy.actor.Manager.run(Manager.java:1263)
	at ptolemy.actor.Manager$PtolemyRunThread.run(Manager.java:1933)
java.lang.RuntimeException: Execution failed
	at ptolemy.moml.MoMLSimpleApplication$UnloadThread.run(MoMLSimpleApplication.java:402)
Caused by: ptolemy.kernel.util.IllegalActionException: Found a zero delay loop containing .dependencyLoop.original
  in .dependencyLoop and .dependencyLoop.original
	at ptolemy.actor.util.CausalityInterfaceForComposites._computeOutputPortDepth(CausalityInterfaceForComposites.java:759)
	at ptolemy.actor.util.CausalityInterfaceForComposites._computeInputDepth(CausalityInterfaceForComposites.java:696)
	at ptolemy.actor.util.CausalityInterfaceForComposites._computeOutputPortDepth(CausalityInterfaceForComposites.java:765)
	at ptolemy.actor.util.CausalityInterfaceForComposites._computeInputDepth(CausalityInterfaceForComposites.java:696)
	at ptolemy.actor.util.CausalityInterfaceForComposites._computeOutputPortDepth(CausalityInterfaceForComposites.java:765)
	at ptolemy.actor.util.CausalityInterfaceForComposites._computeInputDepth(CausalityInterfaceForComposites.java:696)
	at ptolemy.actor.util.CausalityInterfaceForComposites._computeActorDepth(CausalityInterfaceForComposites.java:532)
	at ptolemy.actor.util.CausalityInterfaceForComposites.checkForCycles(CausalityInterfaceForComposites.java:96)
	at ptolemy.domains.de.kernel.DEDirector.preinitialize(DEDirector.java:1338)
	at ptolemy.actor.CompositeActor.preinitialize(CompositeActor.java:1828)
	at ptolemy.actor.Manager.preinitializeAndResolveTypes(Manager.java:1040)
	at ptolemy.actor.Manager.initialize(Manager.java:710)
	at ptolemy.actor.Manager.execute(Manager.java:356)
	at ptolemy.actor.Manager.run(Manager.java:1263)
	at ptolemy.actor.Manager$PtolemyRunThread.run(Manager.java:1933)
java.lang.RuntimeException: Execution failed
	at ptolemy.moml.MoMLSimpleApplication$UnloadThread.run(MoMLSimpleApplication.java:402)
Caused by: ptolemy.kernel.util.IllegalActionException: Found a zero delay loop containing .HierarchicalModel.A
  in .HierarchicalModel and .HierarchicalModel.A
	at ptolemy.actor.util.CausalityInterfaceForComposites._computeOutputPortDepth(CausalityInterfaceForComposites.java:759)
	at ptolemy.actor.util.CausalityInterfaceForComposites._computeInputDepth(CausalityInterfaceForComposites.java:696)
	at ptolemy.actor.util.CausalityInterfaceForComposites._computeOutputPortDepth(CausalityInterfaceForComposites.java:765)
	at ptolemy.actor.util.CausalityInterfaceForComposites._computeInputDepth(CausalityInterfaceForComposites.java:696)
	at ptolemy.actor.util.CausalityInterfaceForComposites._computeOutputPortDepth(CausalityInterfaceForComposites.java:765)
	at ptolemy.actor.util.CausalityInterfaceForComposites._computeInputDepth(CausalityInterfaceForComposites.java:696)
	at ptolemy.actor.util.CausalityInterfaceForComposites._computeActorDepth(CausalityInterfaceForComposites.java:532)
	at ptolemy.actor.util.CausalityInterfaceForComposites.checkForCycles(CausalityInterfaceForComposites.java:96)
	at ptolemy.domains.de.kernel.DEDirector.preinitialize(DEDirector.java:1338)
	at ptolemy.actor.CompositeActor.preinitialize(CompositeActor.java:1828)
	at ptolemy.actor.Manager.preinitializeAndResolveTypes(Manager.java:1040)
	at ptolemy.actor.Manager.initialize(Manager.java:710)
	at ptolemy.actor.Manager.execute(Manager.java:356)
	at ptolemy.actor.Manager.run(Manager.java:1263)
	at ptolemy.actor.Manager$PtolemyRunThread.run(Manager.java:1933)
java.lang.RuntimeException: Execution failed
	at ptolemy.moml.MoMLSimpleApplication$UnloadThread.run(MoMLSimpleApplication.java:402)
Caused by: ptolemy.kernel.util.IllegalActionException: Found a zero delay loop containing .dependencyLoop2.original
  in .dependencyLoop2 and .dependencyLoop2.original
	at ptolemy.actor.util.CausalityInterfaceForComposites._computeOutputPortDepth(CausalityInterfaceForComposites.java:759)
	at ptolemy.actor.util.CausalityInterfaceForComposites._computeInputDepth(CausalityInterfaceForComposites.java:696)
	at ptolemy.actor.util.CausalityInterfaceForComposites._computeOutputPortDepth(CausalityInterfaceForComposites.java:765)
	at ptolemy.actor.util.CausalityInterfaceForComposites._computeInputDepth(CausalityInterfaceForComposites.java:696)
	at ptolemy.actor.util.CausalityInterfaceForComposites._computeOutputPortDepth(CausalityInterfaceForComposites.java:765)
	at ptolemy.actor.util.CausalityInterfaceForComposites._computeInputDepth(CausalityInterfaceForComposites.java:696)
	at ptolemy.actor.util.CausalityInterfaceForComposites._computeActorDepth(CausalityInterfaceForComposites.java:532)
	at ptolemy.actor.util.CausalityInterfaceForComposites.checkForCycles(CausalityInterfaceForComposites.java:96)
	at ptolemy.domains.de.kernel.DEDirector.preinitialize(DEDirector.java:1338)
	at ptolemy.actor.CompositeActor.preinitialize(CompositeActor.java:1828)
	at ptolemy.actor.Manager.preinitializeAndResolveTypes(Manager.java:1040)
	at ptolemy.actor.Manager.initialize(Manager.java:710)
	at ptolemy.actor.Manager.execute(Manager.java:356)
	at ptolemy.actor.Manager.run(Manager.java:1263)
	at ptolemy.actor.Manager$PtolemyRunThread.run(Manager.java:1933)
java.lang.RuntimeException: Execution failed
	at ptolemy.moml.MoMLSimpleApplication$UnloadThread.run(MoMLSimpleApplication.java:402)
Caused by: ptolemy.kernel.util.IllegalActionException: Actor is not ready to fire.  Perhaps UpSample.prefire() returned false? Try debugging the actor by selecting "Listen to Actor".  Also, for SDF check moml for tokenConsumptionRate on input.
  in .DESDFClockTest.Play Bell.Copy1:SDF Director and .DESDFClockTest.Play Bell.UpSample
	at ptolemy.actor.sched.StaticSchedulingDirector.fire(StaticSchedulingDirector.java:227)
	at ptolemy.domains.sdf.kernel.SDFDirector.fire(SDFDirector.java:500)
	at ptolemy.actor.CompositeActor.fire(CompositeActor.java:455)
	at ptolemy.domains.de.kernel.DEDirector._fire(DEDirector.java:1949)
	at ptolemy.domains.de.kernel.DEDirector.fire(DEDirector.java:502)
	at ptolemy.actor.CompositeActor.fire(CompositeActor.java:455)
	at ptolemy.actor.Manager.iterate(Manager.java:851)
	at ptolemy.actor.Manager.execute(Manager.java:369)
	at ptolemy.actor.Manager.run(Manager.java:1263)
	at ptolemy.actor.Manager$PtolemyRunThread.run(Manager.java:1933)
java.lang.RuntimeException: Execution failed
	at ptolemy.moml.MoMLSimpleApplication$UnloadThread.run(MoMLSimpleApplication.java:402)
Caused by: ptolemy.kernel.util.IllegalActionException: Actor is not ready to fire.  Perhaps UpSample.prefire() returned false? Try debugging the actor by selecting "Listen to Actor".  Also, for SDF check moml for tokenConsumptionRate on input.
  in .DESDFClockTest.Play Bell.Copy1:SDF Director and .DESDFClockTest.Play Bell.UpSample
	at ptolemy.actor.sched.StaticSchedulingDirector.fire(StaticSchedulingDirector.java:227)
	at ptolemy.domains.sdf.kernel.SDFDirector.fire(SDFDirector.java:500)
	at ptolemy.actor.CompositeActor.fire(CompositeActor.java:455)
	at ptolemy.domains.de.kernel.DEDirector._fire(DEDirector.java:1949)
	at ptolemy.domains.de.kernel.DEDirector.fire(DEDirector.java:502)
	at ptolemy.actor.CompositeActor.fire(CompositeActor.java:455)
	at ptolemy.actor.Manager.iterate(Manager.java:851)
	at ptolemy.actor.Manager.execute(Manager.java:369)
	at ptolemy.actor.Manager.run(Manager.java:1263)
	at ptolemy.actor.Manager$PtolemyRunThread.run(Manager.java:1933)
java.lang.reflect.InvocationTargetException
	at java.base/jdk.internal.reflect.NativeConstructorAccessorImpl.newInstance0(Native Method)
	at java.base/jdk.internal.reflect.NativeConstructorAccessorImpl.newInstance(NativeConstructorAccessorImpl.java:62)
	at java.base/jdk.internal.reflect.DelegatingConstructorAccessorImpl.newInstance(DelegatingConstructorAccessorImpl.java:45)
	at java.base/java.lang.reflect.Constructor.newInstance(Constructor.java:490)
	at ptolemy.util.test.junit.AutoKnownFailedTests.RunModel(AutoKnownFailedTests.java:105)
	at java.base/jdk.internal.reflect.NativeMethodAccessorImpl.invoke0(Native Method)
	at java.base/jdk.internal.reflect.NativeMethodAccessorImpl.invoke(NativeMethodAccessorImpl.java:62)
	at java.base/jdk.internal.reflect.DelegatingMethodAccessorImpl.invoke(DelegatingMethodAccessorImpl.java:43)
	at java.base/java.lang.reflect.Method.invoke(Method.java:566)
	at org.junit.runners.model.FrameworkMethod$1.runReflectiveCall(FrameworkMethod.java:44)
	at org.junit.internal.runners.model.ReflectiveCallable.run(ReflectiveCallable.java:15)
	at org.junit.runners.model.FrameworkMethod.invokeExplosively(FrameworkMethod.java:41)
	at junitparams.internal.InvokeParameterisedMethod.evaluate(InvokeParameterisedMethod.java:102)
	at org.junit.internal.runners.statements.FailOnTimeout$1.run(FailOnTimeout.java:28)
Caused by: ptolemy.kernel.util.IllegalActionException: Actor is not ready to fire.  Perhaps UpSample.prefire() returned false? Try debugging the actor by selecting "Listen to Actor".  Also, for SDF check moml for tokenConsumptionRate on input.
  in .DESDFClockTest.Play Bell.Copy1:SDF Director and .DESDFClockTest.Play Bell.UpSample
	at ptolemy.actor.sched.StaticSchedulingDirector.fire(StaticSchedulingDirector.java:227)
	at ptolemy.domains.sdf.kernel.SDFDirector.fire(SDFDirector.java:500)
	at ptolemy.actor.CompositeActor.fire(CompositeActor.java:455)
	at ptolemy.domains.de.kernel.DEDirector._fire(DEDirector.java:1949)
	at ptolemy.domains.de.kernel.DEDirector.fire(DEDirector.java:502)
	at ptolemy.actor.CompositeActor.fire(CompositeActor.java:455)
	at ptolemy.actor.Manager.iterate(Manager.java:851)
	at ptolemy.actor.Manager.execute(Manager.java:369)
	at ptolemy.actor.Manager.run(Manager.java:1263)
	at ptolemy.actor.Manager$PtolemyRunThread.run(Manager.java:1933)
java.lang.RuntimeException: Execution failed
	at ptolemy.moml.MoMLSimpleApplication$UnloadThread.run(MoMLSimpleApplication.java:402)
Caused by: ptolemy.kernel.util.IllegalActionException: Test fails in iteration 1.
Value was: 1.0. Should have been: 2.0
  in .DirectFeedback.Test
	at ptolemy.actor.lib.Test.fire(Test.java:268)
	at ptolemy.domains.de.kernel.DEDirector._fire(DEDirector.java:1949)
	at ptolemy.domains.de.kernel.DEDirector.fire(DEDirector.java:502)
	at ptolemy.actor.CompositeActor.fire(CompositeActor.java:455)
	at ptolemy.actor.Manager.iterate(Manager.java:851)
	at ptolemy.actor.Manager.execute(Manager.java:369)
	at ptolemy.actor.Manager.run(Manager.java:1263)
	at ptolemy.actor.Manager$PtolemyRunThread.run(Manager.java:1933)
java.lang.reflect.InvocationTargetException
	at java.base/jdk.internal.reflect.NativeConstructorAccessorImpl.newInstance0(Native Method)
	at java.base/jdk.internal.reflect.NativeConstructorAccessorImpl.newInstance(NativeConstructorAccessorImpl.java:62)
	at java.base/jdk.internal.reflect.DelegatingConstructorAccessorImpl.newInstance(DelegatingConstructorAccessorImpl.java:45)
	at java.base/java.lang.reflect.Constructor.newInstance(Constructor.java:490)
	at ptolemy.util.test.junit.AutoKnownFailedTests.RunModel(AutoKnownFailedTests.java:105)
	at java.base/jdk.internal.reflect.NativeMethodAccessorImpl.invoke0(Native Method)
	at java.base/jdk.internal.reflect.NativeMethodAccessorImpl.invoke(NativeMethodAccessorImpl.java:62)
	at java.base/jdk.internal.reflect.DelegatingMethodAccessorImpl.invoke(DelegatingMethodAccessorImpl.java:43)
	at java.base/java.lang.reflect.Method.invoke(Method.java:566)
	at org.junit.runners.model.FrameworkMethod$1.runReflectiveCall(FrameworkMethod.java:44)
	at org.junit.internal.runners.model.ReflectiveCallable.run(ReflectiveCallable.java:15)
	at org.junit.runners.model.FrameworkMethod.invokeExplosively(FrameworkMethod.java:41)
	at junitparams.internal.InvokeParameterisedMethod.evaluate(InvokeParameterisedMethod.java:102)
	at org.junit.internal.runners.statements.FailOnTimeout$1.run(FailOnTimeout.java:28)
Caused by: ptolemy.kernel.util.IllegalActionException: Test fails in iteration 1.
Value was: 1.0. Should have been: 2.0
  in .DirectFeedback.Test
	at ptolemy.actor.lib.Test.fire(Test.java:268)
	at ptolemy.domains.de.kernel.DEDirector._fire(DEDirector.java:1949)
	at ptolemy.domains.de.kernel.DEDirector.fire(DEDirector.java:502)
	at ptolemy.actor.CompositeActor.fire(CompositeActor.java:455)
	at ptolemy.actor.Manager.iterate(Manager.java:851)
	at ptolemy.actor.Manager.execute(Manager.java:369)
	at ptolemy.actor.Manager.run(Manager.java:1263)
	at ptolemy.actor.Manager$PtolemyRunThread.run(Manager.java:1933)
java.lang.RuntimeException: Execution failed
	at ptolemy.moml.MoMLSimpleApplication$UnloadThread.run(MoMLSimpleApplication.java:402)
Caused by: ptolemy.kernel.util.IllegalActionException: Found a zero delay loop containing .HierarchicalModel.A
  in .HierarchicalModel and .HierarchicalModel.A
	at ptolemy.actor.util.CausalityInterfaceForComposites._computeOutputPortDepth(CausalityInterfaceForComposites.java:759)
	at ptolemy.actor.util.CausalityInterfaceForComposites._computeInputDepth(CausalityInterfaceForComposites.java:696)
	at ptolemy.actor.util.CausalityInterfaceForComposites._computeOutputPortDepth(CausalityInterfaceForComposites.java:765)
	at ptolemy.actor.util.CausalityInterfaceForComposites._computeInputDepth(CausalityInterfaceForComposites.java:696)
	at ptolemy.actor.util.CausalityInterfaceForComposites._computeOutputPortDepth(CausalityInterfaceForComposites.java:765)
	at ptolemy.actor.util.CausalityInterfaceForComposites._computeInputDepth(CausalityInterfaceForComposites.java:696)
	at ptolemy.actor.util.CausalityInterfaceForComposites._computeActorDepth(CausalityInterfaceForComposites.java:532)
	at ptolemy.actor.util.CausalityInterfaceForComposites.checkForCycles(CausalityInterfaceForComposites.java:96)
	at ptolemy.domains.de.kernel.DEDirector.preinitialize(DEDirector.java:1338)
	at ptolemy.actor.CompositeActor.preinitialize(CompositeActor.java:1828)
	at ptolemy.actor.Manager.preinitializeAndResolveTypes(Manager.java:1040)
	at ptolemy.actor.Manager.initialize(Manager.java:710)
	at ptolemy.actor.Manager.execute(Manager.java:356)
	at ptolemy.actor.Manager.run(Manager.java:1263)
	at ptolemy.actor.Manager$PtolemyRunThread.run(Manager.java:1933)
java.lang.reflect.InvocationTargetException
	at java.base/jdk.internal.reflect.NativeConstructorAccessorImpl.newInstance0(Native Method)
	at java.base/jdk.internal.reflect.NativeConstructorAccessorImpl.newInstance(NativeConstructorAccessorImpl.java:62)
	at java.base/jdk.internal.reflect.DelegatingConstructorAccessorImpl.newInstance(DelegatingConstructorAccessorImpl.java:45)
	at java.base/java.lang.reflect.Constructor.newInstance(Constructor.java:490)
	at ptolemy.util.test.junit.AutoKnownFailedTests.RunModel(AutoKnownFailedTests.java:105)
	at java.base/jdk.internal.reflect.NativeMethodAccessorImpl.invoke0(Native Method)
	at java.base/jdk.internal.reflect.NativeMethodAccessorImpl.invoke(NativeMethodAccessorImpl.java:62)
	at java.base/jdk.internal.reflect.DelegatingMethodAccessorImpl.invoke(DelegatingMethodAccessorImpl.java:43)
	at java.base/java.lang.reflect.Method.invoke(Method.java:566)
	at org.junit.runners.model.FrameworkMethod$1.runReflectiveCall(FrameworkMethod.java:44)
	at org.junit.internal.runners.model.ReflectiveCallable.run(ReflectiveCallable.java:15)
	at org.junit.runners.model.FrameworkMethod.invokeExplosively(FrameworkMethod.java:41)
	at junitparams.internal.InvokeParameterisedMethod.evaluate(InvokeParameterisedMethod.java:102)
	at org.junit.internal.runners.statements.FailOnTimeout$1.run(FailOnTimeout.java:28)
Caused by: ptolemy.kernel.util.IllegalActionException: Found a zero delay loop containing .HierarchicalModel.A
  in .HierarchicalModel and .HierarchicalModel.A
	at ptolemy.actor.util.CausalityInterfaceForComposites._computeOutputPortDepth(CausalityInterfaceForComposites.java:759)
	at ptolemy.actor.util.CausalityInterfaceForComposites._computeInputDepth(CausalityInterfaceForComposites.java:696)
	at ptolemy.actor.util.CausalityInterfaceForComposites._computeOutputPortDepth(CausalityInterfaceForComposites.java:765)
	at ptolemy.actor.util.CausalityInterfaceForComposites._computeInputDepth(CausalityInterfaceForComposites.java:696)
	at ptolemy.actor.util.CausalityInterfaceForComposites._computeOutputPortDepth(CausalityInterfaceForComposites.java:765)
	at ptolemy.actor.util.CausalityInterfaceForComposites._computeInputDepth(CausalityInterfaceForComposites.java:696)
	at ptolemy.actor.util.CausalityInterfaceForComposites._computeActorDepth(CausalityInterfaceForComposites.java:532)
	at ptolemy.actor.util.CausalityInterfaceForComposites.checkForCycles(CausalityInterfaceForComposites.java:96)
	at ptolemy.domains.de.kernel.DEDirector.preinitialize(DEDirector.java:1338)
	at ptolemy.actor.CompositeActor.preinitialize(CompositeActor.java:1828)
	at ptolemy.actor.Manager.preinitializeAndResolveTypes(Manager.java:1040)
	at ptolemy.actor.Manager.initialize(Manager.java:710)
	at ptolemy.actor.Manager.execute(Manager.java:356)
	at ptolemy.actor.Manager.run(Manager.java:1263)
	at ptolemy.actor.Manager$PtolemyRunThread.run(Manager.java:1933)
java.lang.RuntimeException: Execution failed
	at ptolemy.moml.MoMLSimpleApplication$UnloadThread.run(MoMLSimpleApplication.java:402)
Caused by: ptolemy.kernel.util.IllegalActionException: Found a zero delay loop containing .dependencyLoop.original
  in .dependencyLoop and .dependencyLoop.original
	at ptolemy.actor.util.CausalityInterfaceForComposites._computeOutputPortDepth(CausalityInterfaceForComposites.java:759)
	at ptolemy.actor.util.CausalityInterfaceForComposites._computeInputDepth(CausalityInterfaceForComposites.java:696)
	at ptolemy.actor.util.CausalityInterfaceForComposites._computeOutputPortDepth(CausalityInterfaceForComposites.java:765)
	at ptolemy.actor.util.CausalityInterfaceForComposites._computeInputDepth(CausalityInterfaceForComposites.java:696)
	at ptolemy.actor.util.CausalityInterfaceForComposites._computeOutputPortDepth(CausalityInterfaceForComposites.java:765)
	at ptolemy.actor.util.CausalityInterfaceForComposites._computeInputDepth(CausalityInterfaceForComposites.java:696)
	at ptolemy.actor.util.CausalityInterfaceForComposites._computeActorDepth(CausalityInterfaceForComposites.java:532)
	at ptolemy.actor.util.CausalityInterfaceForComposites.checkForCycles(CausalityInterfaceForComposites.java:96)
	at ptolemy.domains.de.kernel.DEDirector.preinitialize(DEDirector.java:1338)
	at ptolemy.actor.CompositeActor.preinitialize(CompositeActor.java:1828)
	at ptolemy.actor.Manager.preinitializeAndResolveTypes(Manager.java:1040)
	at ptolemy.actor.Manager.initialize(Manager.java:710)
	at ptolemy.actor.Manager.execute(Manager.java:356)
	at ptolemy.actor.Manager.run(Manager.java:1263)
	at ptolemy.actor.Manager$PtolemyRunThread.run(Manager.java:1933)
java.lang.reflect.InvocationTargetException
	at java.base/jdk.internal.reflect.NativeConstructorAccessorImpl.newInstance0(Native Method)
	at java.base/jdk.internal.reflect.NativeConstructorAccessorImpl.newInstance(NativeConstructorAccessorImpl.java:62)
	at java.base/jdk.internal.reflect.DelegatingConstructorAccessorImpl.newInstance(DelegatingConstructorAccessorImpl.java:45)
	at java.base/java.lang.reflect.Constructor.newInstance(Constructor.java:490)
	at ptolemy.util.test.junit.AutoKnownFailedTests.RunModel(AutoKnownFailedTests.java:105)
	at java.base/jdk.internal.reflect.NativeMethodAccessorImpl.invoke0(Native Method)
	at java.base/jdk.internal.reflect.NativeMethodAccessorImpl.invoke(NativeMethodAccessorImpl.java:62)
	at java.base/jdk.internal.reflect.DelegatingMethodAccessorImpl.invoke(DelegatingMethodAccessorImpl.java:43)
	at java.base/java.lang.reflect.Method.invoke(Method.java:566)
	at org.junit.runners.model.FrameworkMethod$1.runReflectiveCall(FrameworkMethod.java:44)
	at org.junit.internal.runners.model.ReflectiveCallable.run(ReflectiveCallable.java:15)
	at org.junit.runners.model.FrameworkMethod.invokeExplosively(FrameworkMethod.java:41)
	at junitparams.internal.InvokeParameterisedMethod.evaluate(InvokeParameterisedMethod.java:102)
	at org.junit.internal.runners.statements.FailOnTimeout$1.run(FailOnTimeout.java:28)
Caused by: ptolemy.kernel.util.IllegalActionException: Found a zero delay loop containing .dependencyLoop.original
  in .dependencyLoop and .dependencyLoop.original
	at ptolemy.actor.util.CausalityInterfaceForComposites._computeOutputPortDepth(CausalityInterfaceForComposites.java:759)
	at ptolemy.actor.util.CausalityInterfaceForComposites._computeInputDepth(CausalityInterfaceForComposites.java:696)
	at ptolemy.actor.util.CausalityInterfaceForComposites._computeOutputPortDepth(CausalityInterfaceForComposites.java:765)
	at ptolemy.actor.util.CausalityInterfaceForComposites._computeInputDepth(CausalityInterfaceForComposites.java:696)
	at ptolemy.actor.util.CausalityInterfaceForComposites._computeOutputPortDepth(CausalityInterfaceForComposites.java:765)
	at ptolemy.actor.util.CausalityInterfaceForComposites._computeInputDepth(CausalityInterfaceForComposites.java:696)
	at ptolemy.actor.util.CausalityInterfaceForComposites._computeActorDepth(CausalityInterfaceForComposites.java:532)
	at ptolemy.actor.util.CausalityInterfaceForComposites.checkForCycles(CausalityInterfaceForComposites.java:96)
	at ptolemy.domains.de.kernel.DEDirector.preinitialize(DEDirector.java:1338)
	at ptolemy.actor.CompositeActor.preinitialize(CompositeActor.java:1828)
	at ptolemy.actor.Manager.preinitializeAndResolveTypes(Manager.java:1040)
	at ptolemy.actor.Manager.initialize(Manager.java:710)
	at ptolemy.actor.Manager.execute(Manager.java:356)
	at ptolemy.actor.Manager.run(Manager.java:1263)
	at ptolemy.actor.Manager$PtolemyRunThread.run(Manager.java:1933)
java.lang.RuntimeException: Execution failed
	at ptolemy.moml.MoMLSimpleApplication$UnloadThread.run(MoMLSimpleApplication.java:402)
Caused by: ptolemy.kernel.util.IllegalActionException: Found a zero delay loop containing .dependencyLoop2.original
  in .dependencyLoop2 and .dependencyLoop2.original
	at ptolemy.actor.util.CausalityInterfaceForComposites._computeOutputPortDepth(CausalityInterfaceForComposites.java:759)
	at ptolemy.actor.util.CausalityInterfaceForComposites._computeInputDepth(CausalityInterfaceForComposites.java:696)
	at ptolemy.actor.util.CausalityInterfaceForComposites._computeOutputPortDepth(CausalityInterfaceForComposites.java:765)
	at ptolemy.actor.util.CausalityInterfaceForComposites._computeInputDepth(CausalityInterfaceForComposites.java:696)
	at ptolemy.actor.util.CausalityInterfaceForComposites._computeOutputPortDepth(CausalityInterfaceForComposites.java:765)
	at ptolemy.actor.util.CausalityInterfaceForComposites._computeInputDepth(CausalityInterfaceForComposites.java:696)
	at ptolemy.actor.util.CausalityInterfaceForComposites._computeActorDepth(CausalityInterfaceForComposites.java:532)
	at ptolemy.actor.util.CausalityInterfaceForComposites.checkForCycles(CausalityInterfaceForComposites.java:96)
	at ptolemy.domains.de.kernel.DEDirector.preinitialize(DEDirector.java:1338)
	at ptolemy.actor.CompositeActor.preinitialize(CompositeActor.java:1828)
	at ptolemy.actor.Manager.preinitializeAndResolveTypes(Manager.java:1040)
	at ptolemy.actor.Manager.initialize(Manager.java:710)
	at ptolemy.actor.Manager.execute(Manager.java:356)
	at ptolemy.actor.Manager.run(Manager.java:1263)
	at ptolemy.actor.Manager$PtolemyRunThread.run(Manager.java:1933)
java.lang.reflect.InvocationTargetException
	at java.base/jdk.internal.reflect.NativeConstructorAccessorImpl.newInstance0(Native Method)
	at java.base/jdk.internal.reflect.NativeConstructorAccessorImpl.newInstance(NativeConstructorAccessorImpl.java:62)
	at java.base/jdk.internal.reflect.DelegatingConstructorAccessorImpl.newInstance(DelegatingConstructorAccessorImpl.java:45)
	at java.base/java.lang.reflect.Constructor.newInstance(Constructor.java:490)
	at ptolemy.util.test.junit.AutoKnownFailedTests.RunModel(AutoKnownFailedTests.java:105)
	at java.base/jdk.internal.reflect.NativeMethodAccessorImpl.invoke0(Native Method)
	at java.base/jdk.internal.reflect.NativeMethodAccessorImpl.invoke(NativeMethodAccessorImpl.java:62)
	at java.base/jdk.internal.reflect.DelegatingMethodAccessorImpl.invoke(DelegatingMethodAccessorImpl.java:43)
	at java.base/java.lang.reflect.Method.invoke(Method.java:566)
	at org.junit.runners.model.FrameworkMethod$1.runReflectiveCall(FrameworkMethod.java:44)
	at org.junit.internal.runners.model.ReflectiveCallable.run(ReflectiveCallable.java:15)
	at org.junit.runners.model.FrameworkMethod.invokeExplosively(FrameworkMethod.java:41)
	at junitparams.internal.InvokeParameterisedMethod.evaluate(InvokeParameterisedMethod.java:102)
	at org.junit.internal.runners.statements.FailOnTimeout$1.run(FailOnTimeout.java:28)
Caused by: ptolemy.kernel.util.IllegalActionException: Found a zero delay loop containing .dependencyLoop2.original
  in .dependencyLoop2 and .dependencyLoop2.original
	at ptolemy.actor.util.CausalityInterfaceForComposites._computeOutputPortDepth(CausalityInterfaceForComposites.java:759)
	at ptolemy.actor.util.CausalityInterfaceForComposites._computeInputDepth(CausalityInterfaceForComposites.java:696)
	at ptolemy.actor.util.CausalityInterfaceForComposites._computeOutputPortDepth(CausalityInterfaceForComposites.java:765)
	at ptolemy.actor.util.CausalityInterfaceForComposites._computeInputDepth(CausalityInterfaceForComposites.java:696)
	at ptolemy.actor.util.CausalityInterfaceForComposites._computeOutputPortDepth(CausalityInterfaceForComposites.java:765)
	at ptolemy.actor.util.CausalityInterfaceForComposites._computeInputDepth(CausalityInterfaceForComposites.java:696)
	at ptolemy.actor.util.CausalityInterfaceForComposites._computeActorDepth(CausalityInterfaceForComposites.java:532)
	at ptolemy.actor.util.CausalityInterfaceForComposites.checkForCycles(CausalityInterfaceForComposites.java:96)
	at ptolemy.domains.de.kernel.DEDirector.preinitialize(DEDirector.java:1338)
	at ptolemy.actor.CompositeActor.preinitialize(CompositeActor.java:1828)
	at ptolemy.actor.Manager.preinitializeAndResolveTypes(Manager.java:1040)
	at ptolemy.actor.Manager.initialize(Manager.java:710)
	at ptolemy.actor.Manager.execute(Manager.java:356)
	at ptolemy.actor.Manager.run(Manager.java:1263)
	at ptolemy.actor.Manager$PtolemyRunThread.run(Manager.java:1933)
]]></system-err>
</testsuite>
