<?xml version="1.0" encoding="UTF-8" ?>
<testsuite errors="0" failures="0" hostname="travis-job-21eac5d9-b23d-46c3-8050-17f21f27c21f" name="ptolemy.domains.de.test.junit.JUnitTclTest" skipped="0" tests="101" time="133.443" timestamp="2019-03-09T03:43:26">
  <properties>
    <property name="npm.executable" value="npm" />
    <property name="file.encoding.pkg" value="sun.io" />
    <property name="env.TRAVIS_ROOT" value="/" />
    <property name="ptII.mk.exists" value="true" />
    <property name="env.TRAVIS_APP_HOST" value="build.travis-ci.org" />
    <property name="env.rvm_bin_path" value="/home/travis/.rvm/bin" />
    <property name="java.home" value="/usr/lib/jvm/java-8-oracle/jre" />
    <property name="env.TRAVIS_JOB_NUMBER" value="1039.9" />
    <property name="env.TRAVIS_HOME" value="/home/travis" />
    <property name="env.DISPLAY" value=":99.0" />
    <property name="java.net.preferIPv4Stack" value="true" />
    <property name="env.TRAVIS_INIT" value="upstart" />
    <property name="env.SSH_TTY" value="/dev/pts/0" />
    <property name="env.RUN_TESTS" value="true" />
    <property name="timeout.short" value="1000000" />
    <property name="env.TRAVIS_JOB_NAME" value="" />
    <property name="env.TRAVIS_STACK_NODE_ATTRIBUTES" value="/.node-attributes.yml" />
    <property name="junit.formatter" value="xml" />
    <property name="java.endorsed.dirs" value="/usr/lib/jvm/java-8-oracle/jre/lib/endorsed" />
    <property name="env.TRAVIS_SUDO" value="true" />
    <property name="env.LOGNAME" value="travis" />
    <property name="jsdoc.home" value="node_modules/@terraswarm/jsdoc" />
    <property name="debuglevel" value="source,lines,vars" />
    <property name="checkstyle.formatter" value="xml" />
    <property name="bin.vergil.makeable" value="true" />
    <property name="env._system_version" value="14.04" />
    <property name="sun.os.patch.level" value="unknown" />
    <property name="java.vendor.url" value="http://java.oracle.com/" />
    <property name="env.TRAVIS_BUILD_WEB_URL" value="https://travis-ci.org/icyphy/ptII/builds/503898476" />
    <property name="java.version" value="1.8.0_151" />
    <property name="env.TZ" value="UTC" />
    <property name="env.PT_NO_NET" value="true" />
    <property name="env.TRAVIS_PULL_REQUEST_SHA" value="" />
    <property name="env.TRAVIS_SECURE_ENV_VARS" value="true" />
    <property name="env._system_type" value="Linux" />
    <property name="java.vendor.url.bug" value="http://bugreport.sun.com/bugreport/" />
    <property name="env.SSH_CLIENT" value="10.10.19.212 40284 22" />
    <property name="npmjs-org-is-up" value="true" />
    <property name="env.GEM_HOME" value="/home/travis/.rvm/gems/ruby-2.4.1" />
    <property name="env.HAS_ANTARES_THREE_LITTLE_FRONZIES_BADGE" value="true" />
    <property name="env.PS4" value="+" />
    <property name="ant.project.invoked-targets" value="build,test.core2.xml" />
    <property name="env.TRAVIS_PULL_REQUEST_BRANCH" value="" />
    <property name="env.TRAVIS_REPO_SLUG" value="icyphy/ptII" />
    <property name="env.TRAVIS_APT_PROXY" value="http://build-cache.travisci.net" />
    <property name="node.in.path" value="true" />
    <property name="java.maxmemory" value="1400m" />
    <property name="env.RUBY_VERSION" value="ruby-2.4.1" />
    <property name="user.name" value="travis" />
    <property name="env.LANG" value="en_US.UTF-8" />
    <property name="sun.io.unicode.encoding" value="UnicodeLittle" />
    <property name="sun.jnu.encoding" value="UTF-8" />
    <property name="java.runtime.name" value="Java(TM) SE Runtime Environment" />
    <property name="usefile" value="false" />
    <property name="return.code" value="0" />
    <property name="junit.single.formatter" value="plain" />
    <property name="env.DYLD_LIBRARY_PATH" value="/home/travis/pthla/certi-tools/lib:" />
    <property name="env.DEBIAN_FRONTEND" value="noninteractive" />
    <property name="env.SSH_CONNECTION" value="10.10.19.212 40284 10.20.0.217 22" />
    <property name="env.MYSQL_UNIX_PORT" value="/var/run/mysqld/mysqld.sock" />
    <property name="env.TRAVIS_ALLOW_FAILURE" value="false" />
    <property name="env.LC_ALL" value="en_US.UTF-8" />
    <property name="env.TRAVIS_JOB_WEB_URL" value="https://travis-ci.org/icyphy/ptII/jobs/503898485" />
    <property name="java.specification.name" value="Java Platform API Specification" />
    <property name="node.works" value="true" />
    <property name="user.timezone" value="" />
    <property name="path.separator" value=":" />
    <property name="env.TRAVIS_ENABLE_INFRA_DETECTION" value="true" />
    <property name="env.PYTHON_CFLAGS" value="-g -fstack-protector --param=ssp-buffer-size=4 -Wformat -Werror=format-security" />
    <property name="timeout.long" value="4000000" />
    <property name="env.CERTI_HOME" value="/home/travis/pthla/certi-tools" />
    <property name="file.encoding" value="UTF-8" />
    <property name="ant.file.ptII" value="/home/travis/build/icyphy/ptII/build.xml" />
    <property name="javadoc.packagenames" value="com.*,diva.*,lbnl.*,org.hlacerti.*,org.json.*,org.ptolemy.*,org.terraswarm.*,ptolemy.*,ptserver.*" />
    <property name="env.TRAVIS_PULL_REQUEST_SLUG" value="" />
    <property name="ant.project.default-target" value="build" />
    <property name="env.GIT_ASKPASS" value="echo" />
    <property name="env.HOME" value="/home/travis" />
    <property name="sun.java.command" value="org.apache.tools.ant.taskdefs.optional.junit.JUnitTestRunner ptolemy.domains.de.test.junit.JUnitTclTest skipNonTests=false filtertrace=true haltOnError=false haltOnFailure=false formatter=org.apache.tools.ant.taskdefs.optional.junit.OutErrSummaryJUnitResultFormatter showoutput=true outputtoformatters=true logfailedtests=true threadid=0 logtestlistenerevents=false formatter=org.apache.tools.ant.taskdefs.optional.junit.XMLJUnitResultFormatter,/home/travis/build/icyphy/ptII/reports/junit/TEST-ptolemy.domains.de.test.junit.JUnitTclTest.xml crashfile=/home/travis/build/icyphy/ptII/junitvmwatcher6160919082469637576.properties propsfile=/home/travis/build/icyphy/ptII/junit2250008752672125979.properties" />
    <property name="env.MANPATH" value="/home/travis/.nvm/versions/node/v7.10.1/share/man:/home/travis/.kiex/elixirs/elixir-1.4.5/man:/home/travis/.rvm/rubies/ruby-2.4.1/share/man:/usr/local/man:/usr/local/cmake-3.9.2/man:/usr/local/clang-5.0.0/share/man:/usr/local/share/man:/usr/share/man:/home/travis/.rvm/man" />
    <property name="env.COMPOSER_NO_INTERACTION" value="1" />
    <property name="env.JDK_SWITCHER_DEFAULT" value="oraclejdk8" />
    <property name="env.TRAVIS_TIMER_ID" value="0039df3a" />
    <property name="ant.file" value="/home/travis/build/icyphy/ptII/build.xml" />
    <property name="env.TRAVIS_COMMIT_RANGE" value="2b464ce025daefa1c97cbea08d9fa52bb6083fac...245ca7617a79c2fdd76846e31ffedc2acd053c39" />
    <property name="env._system_name" value="Ubuntu" />
    <property name="timeout" value="2400000" />
    <property name="ptII.classpath.optional.property" value="/home/travis/build/icyphy/ptII/lib/bsh-2.0b4.jar:/home/travis/build/icyphy/ptII/lib/ptCal.jar:/home/travis/build/icyphy/ptII/lib/java_cup.jar:/home/travis/build/icyphy/ptII/lib/saxon8.jar:/home/travis/build/icyphy/ptII/lib/saxon8-dom.jar:/home/travis/build/icyphy/ptII/lib/chic.jar:/home/travis/build/icyphy/ptII/lib/ptcolt.jar:/usr/lib/jvm/java-8-oracle/lib/tools.jar:/home/travis/build/icyphy/ptII/vendors/misc/itext/iText.jar:/home/travis/build/icyphy/ptII/lib/g4ltl.jar:/home/travis/build/icyphy/ptII/lib/StructuralCoder.jar:/home/travis/build/icyphy/ptII/vendors/jai-1_1_2_01/lib/jai_core.jar:/home/travis/build/icyphy/ptII/vendors/jai-1_1_2_01/lib/jai_codec.jar:/home/travis/build/icyphy/ptII/lib/jcerti.jar:/home/travis/build/icyphy/ptII/lib/javax.mail.jar:/home/travis/build/icyphy/ptII/vendors/JMF-2.1.1e/lib/jmf.jar:/home/travis/build/icyphy/ptII/lib/jna-4.0.0-variadic.jar:/home/travis/build/icyphy/ptII/vendors/misc/joystick/Joystick.jar:/home/travis/build/icyphy/ptII/lib/ptjacl.jar:/home/travis/build/icyphy/ptII/lib/jsoup-1.8.2.jar:/home/travis/build/icyphy/ptII/lib/junit-4.8.2.jar:/home/travis/build/icyphy/ptII/lib/JUnitParams-0.4.0.jar:/home/travis/build/icyphy/ptII/ptolemy/actor/lib/excel/jxl.jar:/home/travis/build/icyphy/ptII/lib/jython.jar:/home/travis/build/icyphy/ptII/lib/kieler.jar:/home/travis/build/icyphy/ptII/vendors/opencv/share/OpenCV/java/opencv-341.jar:/home/travis/build/icyphy/ptII/lib/oscP5.jar:/home/travis/build/icyphy/ptII/lib/nrjavaserial-3.11.0.devel.jar:/home/travis/build/icyphy/ptII/vendors/j3d/lib/j3dcore.jar:/home/travis/build/icyphy/ptII/vendors/j3d/lib/j3dutils.jar:/home/travis/build/icyphy/ptII/vendors/j3d/lib/vecmath.jar:/home/travis/build/icyphy/ptII/ptolemy/distributed/jini/jar/jini-core.jar:/home/travis/build/icyphy/ptII/ptolemy/distributed/jini/jar/jini-ext.jar:/home/travis/build/icyphy/ptII/ptolemy/distributed/jini/jar/sun-util.jar:/home/travis/build/icyphy/ptII/lib/protobuf-java-2.4.1.jar:/home/travis/build/icyphy/ptII/lib/org.eclipse.paho.client.mqttv3.jar:/home/travis/build/icyphy/ptII/lib/mapss.jar:/home/travis/build/icyphy/ptII/ptolemy/actor/ptalon/antlr/antlr.jar:/home/travis/build/icyphy/ptII/lib/JRI.jar:/home/travis/build/icyphy/ptII/lib/commons-lang-2.6.jar:/home/travis/build/icyphy/ptII/lib/commons-logging-1.1.1.jar:/home/travis/build/icyphy/ptII/lib/sootclasses.jar:/home/travis/build/icyphy/ptII/ptolemy/actor/lib/database/mysql-connector-java-5.1.6-bin.jar:/home/travis/build/icyphy/ptII/vendors/misc/sphinx4/sphinx4-data-5prealpha.jar:/home/travis/build/icyphy/ptII/vendors/misc/sphinx4/sphinx4-core-5prealpha.jar:/home/travis/build/icyphy/ptII/lib/PDFRenderer.jar:/home/travis/build/icyphy/ptII/lib/svgSalamander.jar:/home/travis/build/icyphy/ptII/lib/rsyntaxtextarea-2.6.0-SNAPSHOT.jar:/home/travis/build/icyphy/ptII/lib/hazelcast-3.8.2.jar:/home/travis/build/icyphy/ptII/lib/jackson-annotations-2.9.0.jar:/home/travis/build/icyphy/ptII/lib/jackson-core-2.9.3.jar:/home/travis/build/icyphy/ptII/lib/jackson-databind-2.9.3.jar:/home/travis/build/icyphy/ptII/lib/netty-buffer-4.1.19.Final.jar:/home/travis/build/icyphy/ptII/lib/netty-codec-4.1.19.Final.jar:/home/travis/build/icyphy/ptII/lib/netty-codec-dns-4.1.19.Final.jar:/home/travis/build/icyphy/ptII/lib/netty-codec-http-4.1.19.Final.jar:/home/travis/build/icyphy/ptII/lib/netty-codec-http2-4.1.19.Final.jar:/home/travis/build/icyphy/ptII/lib/netty-common-4.1.19.Final.jar:/home/travis/build/icyphy/ptII/lib/netty-handler-4.1.19.Final.jar:/home/travis/build/icyphy/ptII/lib/netty-resolver-4.1.19.Final.jar:/home/travis/build/icyphy/ptII/lib/netty-resolver-dns-4.1.19.Final.jar:/home/travis/build/icyphy/ptII/lib/netty-transport-4.1.19.Final.jar:/home/travis/build/icyphy/ptII/lib/vertx-codegen-3.5.1.jar:/home/travis/build/icyphy/ptII/lib/vertx-core-3.5.2-SNAPSHOT.jar:/home/travis/build/icyphy/ptII/lib/vertx-hazelcast-3.5.1.jar:/home/travis/build/icyphy/ptII/lib/vertx-lang-js-3.5.1.jar:/home/travis/build/icyphy/ptII/lib/vertx-service-proxy-3.5.1.jar:/home/travis/build/icyphy/ptII/lib/vertx-web-3.5.1.jar:/home/travis/build/icyphy/ptII/lib/slf4j-api-1.7.13.jar:/home/travis/build/icyphy/ptII/lib/slf4j-simple-1.7.13.jar:/home/travis/build/icyphy/ptII/lib/webcam-capture-0.3.12.jar:/home/travis/build/icyphy/ptII/lib/bridj-0.7.0.jar:/home/travis/build/icyphy/ptII/lib/xbjlib-1.1.0.nrjavaserial.jar" />
    <property name="test.batch" value="**/junit/*.java" />
    <property name="env._" value="/usr/bin/timeout" />
    <property name="java.io.tmpdir" value="/tmp" />
    <property name="env.TRAVIS_INTERNAL_RUBY_REGEX" value="^ruby-(2\.[0-4]\.[0-9]|1\.9\.3)" />
    <property name="user.language" value="en" />
    <property name="env.HISTCONTROL" value="ignoredups:ignorespace" />
    <property name="env.GOROOT" value="/home/travis/.gimme/versions/go1.7.4.linux.amd64" />
    <property name="line.separator" value="&#xa;" />
    <property name="target" value="1.8" />
    <property name="env.TRAVIS_BUILD_DIR" value="/home/travis/build/icyphy/ptII" />
    <property name="env.ANT_OPTS" value="-Xmx2048m" />
    <property name="ant.file.type" value="file" />
    <property name="ptolemy.ptII.batchMode" value="true" />
    <property name="env.HISTSIZE" value="1000" />
    <property name="env.MERB_ENV" value="test" />
    <property name="java.vm.info" value="mixed mode" />
    <property name="source" value="1.8" />
    <property name="java.vm.specification.name" value="Java Virtual Machine Specification" />
    <property name="env.TRAVIS_TEST_RESULT" value="0" />
    <property name="jsdoc.command" value="node_modules/@terraswarm/jsdoc/jsdoc.js" />
    <property name="npm.works" value="true" />
    <property name="cobertura.dir" value="/home/travis/build/icyphy/ptII/vendors/cobertura-2.0.3" />
    <property name="env.rvm_path" value="/home/travis/.rvm" />
    <property name="env.GEM_PATH" value="/home/travis/.rvm/gems/ruby-2.4.1:/home/travis/.rvm/gems/ruby-2.4.1@global" />
    <property name="env.LC_CTYPE" value="en_US.UTF-8" />
    <property name="java.awt.printerjob" value="sun.print.PSPrinterJob" />
    <property name="env.TRAVIS_CMD" value="$PTII/bin/ptIITravisBuild.sh $SECONDS" />
    <property name="env.TRAVIS_STACK_NAME" value="garnet" />
    <property name="env.TRAVIS_TIMER_START_TIME" value="1552102462730892437" />
    <property name="ant.version" value="Apache Ant(TM) version 1.10.1 compiled on February 2 2017" />
    <property name="ptII.reports" value="/home/travis/build/icyphy/ptII/reports" />
    <property name="env.TRAVIS_STACK_TIMESTAMP" value="2017-12-05 19:33:09 UTC" />
    <property name="ant.file.type.ptII" value="file" />
    <property name="env.RBENV_SHELL" value="bash" />
    <property name="os.name" value="Linux" />
    <property name="java.specification.vendor" value="Oracle Corporation" />
    <property name="env.rvm_version" value="1.29.3 (latest)" />
    <property name="env.TRAVIS_INFRA" value="gce" />
    <property name="env.TERM" value="xterm" />
    <property name="java.vm.name" value="Java HotSpot(TM) 64-Bit Server VM" />
    <property name="env.TRAVIS_BUILD_NUMBER" value="1039" />
    <property name="env.CI" value="true" />
    <property name="java.library.path" value="/home/travis/pthla/certi-tools/lib:/usr/lib/jni:/usr/local/share/OpenCV/java/:/usr/share/OpenCV/java::/usr/java/packages/lib/amd64:/usr/lib64:/lib64:/lib:/usr/lib" />
    <property name="env.rvm_prefix" value="/home/travis" />
    <property name="env.PATH" value="/home/travis/pthla/certi-tools/share/scripts:/home/travis/.rvm/gems/ruby-2.4.1/bin:/home/travis/.rvm/gems/ruby-2.4.1@global/bin:/home/travis/.rvm/rubies/ruby-2.4.1/bin:/home/travis/.rvm/bin:/home/travis/.nvm/versions/node/v7.10.1/bin:./node_modules/.bin:/home/travis/build/icyphy/ptII/bin:/home/travis/pthla/certi-tools/bin:/home/travis/bin:/home/travis/.local/bin:/opt/pyenv/shims:/home/travis/.phpenv/shims:/home/travis/perl5/perlbrew/bin:/home/travis/.kiex/elixirs/elixir-1.4.5/bin:/home/travis/.kiex/bin:/home/travis/gopath/bin:/home/travis/.gimme/versions/go1.7.4.linux.amd64/bin:/usr/local/phantomjs/bin:/usr/local/phantomjs:/usr/local/neo4j-3.2.7/bin:/usr/local/maven-3.5.2/bin:/usr/local/cmake-3.9.2/bin:/usr/local/clang-5.0.0/bin:/usr/local/sbin:/usr/local/bin:/usr/sbin:/usr/bin:/sbin:/bin:/home/travis/.phpenv/bin:/opt/pyenv/bin:/home/travis/.yarn/bin" />
    <property name="env.TRAVIS_OS_NAME" value="linux" />
    <property name="ant.java.version" value="1.8" />
    <property name="basedir" value="/home/travis/build/icyphy/ptII" />
    <property name="java.class.version" value="52.0" />
    <property name="env.SHLVL" value="3" />
    <property name="env.LD_LIBRARY_PATH" value="/home/travis/pthla/certi-tools/lib:/usr/lib/jni:/usr/local/share/OpenCV/java/:/usr/share/OpenCV/java:" />
    <property name="env.RACK_ENV" value="test" />
    <property name="ant.home" value="/home/travis/build/icyphy/ptII/ant" />
    <property name="env.PERLBREW_BASHRC_VERSION" value="0.80" />
    <property name="env.NVM_DIR" value="/home/travis/.nvm" />
    <property name="env.TRAVIS_BUILD_ID" value="503898476" />
    <property name="env.CERTI_FOM_PATH" value="/home/travis/pthla/certi-tools/share/federations" />
    <property name="env.PYENV_ROOT" value="/opt/pyenv" />
    <property name="env.TRAVIS_UID" value="2000" />
    <property name="env.rvm_pretty_print_flag" value="auto" />
    <property name="env.NVM_BIN" value="/home/travis/.nvm/versions/node/v7.10.1/bin" />
    <property name="env.TRAVIS_COMMIT" value="245ca7617a79c2fdd76846e31ffedc2acd053c39" />
    <property name="env._system_arch" value="x86_64" />
    <property name="node.executable" value="node" />
    <property name="sun.boot.library.path" value="/usr/lib/jvm/java-8-oracle/jre/lib/amd64" />
    <property name="sun.management.compiler" value="HotSpot 64-Bit Tiered Compilers" />
    <property name="env.GOPATH" value="/home/travis/gopath" />
    <property name="java.awt.graphicsenv" value="sun.awt.X11GraphicsEnvironment" />
    <property name="ptolemy.ptII.dir" value="/home/travis/build/icyphy/ptII" />
    <property name="env.USER" value="travis" />
    <property name="env.HISTFILESIZE" value="2000" />
    <property name="timeout.longest" value="19000000" />
    <property name="env.TRAVIS_STACK_FEATURES" value="basic cassandra chromium couchdb disabled-ipv6 docker docker-compose elasticsearch firefox go-toolchain google-chrome jdk memcached mongodb mysql neo4j nodejs_interpreter perl_interpreter perlbrew phantomjs postgresql python_interpreter rabbitmq redis riak ruby_interpreter sqlite xserver" />
    <property name="env.TRAVIS_PULL_REQUEST" value="false" />
    <property name="env.PYENV_SHELL" value="bash" />
    <property name="ant.project.name" value="ptII" />
    <property name="java.vm.specification.version" value="1.8" />
    <property name="env.ANSI_RESET" value="\033[0m" />
    <property name="env.TRAVIS_DIST" value="trusty" />
    <property name="env.CERTI_VERSION" value="4.0.0" />
    <property name="env.NLSPATH" value="/usr/dt/lib/nls/msg/%L/%N.cat" />
    <property name="awt.toolkit" value="sun.awt.X11.XToolkit" />
    <property name="env.CERTI_HOST" value="localhost" />
    <property name="env.MY_RUBY_HOME" value="/home/travis/.rvm/rubies/ruby-2.4.1" />
    <property name="sun.cpu.isalist" value="" />
    <property name="env.TRAVIS_TMPDIR" value="/tmp/tmp.K6JlbwBSla" />
    <property name="java.ext.dirs" value="/usr/lib/jvm/java-8-oracle/jre/lib/ext:/usr/java/packages/lib/ext" />
    <property name="os.version" value="4.4.0-101-generic" />
    <property name="user.home" value="/home/travis" />
    <property name="env.MIX_ARCHIVES" value="/home/travis/.kiex/mix/elixir-1.4.5" />
    <property name="java.vm.vendor" value="Oracle Corporation" />
    <property name="env.TRAVIS_TAG" value="nightly" />
    <property name="env.ANSI_YELLOW" value="\033[33;1m" />
    <property name="env.TRAVIS_FILTERED" value="redirect_io" />
    <property name="env.ANSI_GREEN" value="\033[32;1m" />
    <property name="env.JAVA_HOME" value="/usr/lib/jvm/java-8-oracle" />
    <property name="env.PTII" value="/home/travis/build/icyphy/ptII" />
    <property name="javadoc.excludepackagenames" value="adm.cvs2svn.*,build.*,config.*,doc.coding.templates.*,jni.test.jni.meaningOfLife.*,jni.test.jni.testDeux.*,jni.test.jni.testTrois.*,org.terraswarm.accessor.accessors.web.node_modules.*,org.terraswarm.accessor.accessors.web.hosts.cordova.demo.*,org.terraswarm.accessor.accessors.web.hosts.cordova.plugins.*,org.terraswarm.accessor.accessors-svn.*,pt-modules.*,ptolemy.apps.agilent.*,ptolemy.apps.anytimecontrol.*,ptolemy.apps.apes.*,ptolemy.apps.charon.*,ptolemy.apps.crazyboard.*,ptolemy.apps.eclipse.*,ptolemy.apps.etherealSting.*,ptolemy.apps.fullscreen.*,ptolemy.apps.giotto.*,ptolemy.apps.ia.*,ptolemy.apps.interfaces.*,ptolemy.apps.jmf.*,ptolemy.apps.kurt.*,ptolemy.apps.kvm.*,ptolemy.apps.lego.*,ptolemy.apps.lejos.*,ptolemy.apps.midp.*,ptolemy.apps.mobileCoding.*,ptolemy.apps.pendulum.*,ptolemy.apps.rijndael.*,ptolemy.apps.robot.*,ptolemy.apps.security.*,ptolemy.apps.sobel.*,ptolemy.apps.soot.*,ptolemy.apps.throttle.*,ptolemy.apps.tini.*,ptolemy.apps.transmission.*,ptolemy.apps.vergil.*,ptolemy.apps.waba.*,ptolemy.apps.websensor.*,ptolemy.apps.webstart.*,ptolemy.apps.xsl.*,ptolemy.apps.zaurus.*,ptolemy.codegen.c.actor.lib.oldJavaFiles.*,ptolemy.codegen.dsp.lib.*,ptolemy.codegen.kernel.newInterfaces.*,ptolemy.codegen.lib.*,ptolemy.copernicus.kernel.fragment.*,ptolemy.copernicus.shallow.cg.*,ptolemy.domains.giotto.demo.Hierarchy.Hierarchy.*,ptolemy.domains.giotto.demo.Multimode.Multimode.*,ptolemy.domains.giotto.demo.Simple.Simple.*,ptolemy.domains.gr.lib.experimental.*,ptolemy.domains.gro.*,ptolemy.domains.pdf.*,ptolemy.domains.ptinyos.demo.Surge.output.*,ptolemy.moml.test.NoPackageActor.java*,ptolemy.plot.adm.*,ptolemy.plot.servlet.*,reports.*,signed.*,src.*,target.*,vendors.*,ptolemy.apps.eclipse.awt.*,ptolemy.backtrack.*,ptolemy.backtrack.ast.*,ptolemy.cg.adapter.generic.program.procedural.c.mbed*,ptolemy.homer.*,org.ptolemy.scala.*,diva.util.java2d.svg.*,ptolemy.domains.ptinyos.*,ptolemy.actor.lib.fmi.fmipp.*,,org.terraswarm.accessor.accessors.web.node_modules.*,org.terraswarm.accessor.accessors-svn,ptolemy.apps.*,ptolemy.actor.ptalon.demo.ptinyos.SendAndReceiveCnt.output,ptolemy.actor.ptalon.demo.ptinyos.SenseToLeds.output,ptolemy.domains.ptinyos.demo.CntToLedsAndRfm.output,ptolemy.domains.ptinyos.demo.RfmToLeds.output,ptolemy.domains.ptinyos.demo.SendAndReceiveCnt.output,ptolemy.domains.ptinyos.demo.SenseToLeds.output,ptolemy.actor.lib.jjs.modules.udpSocket.*" />
    <property name="env.TRAVIS_COMMIT_MESSAGE" value="Added fix for new Java versioning convention" />
    <property name="keystore" value="ptKeystore" />
    <property name="env.XDG_SESSION_ID" value="2" />
    <property name="junit.output.dir" value="/home/travis/build/icyphy/ptII/reports/junit" />
    <property name="npm.return.code" value="0" />
    <property name="user.dir" value="/home/travis/build/icyphy/ptII/ptolemy/domains/de/test" />
    <property name="env.TRAVIS_NODE_VERSION" value="7" />
    <property name="env.XFILESEARCHPATH" value="/usr/dt/app-defaults/%L/Dt" />
    <property name="env.TRAVIS_EVENT_TYPE" value="cron" />
    <property name="env.MAIL" value="/var/mail/travis" />
    <property name="env.PWD" value="/home/travis/build/icyphy/ptII" />
    <property name="env.PERLBREW_ROOT" value="/home/travis/perl5/perlbrew" />
    <property name="timeout.npm" value="45000" />
    <property name="env.PT_TRAVIS_TEST_CORE2_XML" value="true" />
    <property name="env.TRAVIS_ARCH" value="amd64" />
    <property name="env.PAGER" value="cat" />
    <property name="sun.cpu.endian" value="little" />
    <property name="env.TRAVIS_BUILD_STAGE_NAME" value="Test" />
    <property name="env.PERLBREW_HOME" value="/home/travis/.perlbrew" />
    <property name="env.RAILS_ENV" value="test" />
    <property name="java.vm.version" value="25.151-b12" />
    <property name="java.class.path" value="/home/travis/build/icyphy/ptII:/home/travis/build/icyphy/ptII/lib/bsh-2.0b4.jar:/home/travis/build/icyphy/ptII/lib/ptCal.jar:/home/travis/build/icyphy/ptII/lib/java_cup.jar:/home/travis/build/icyphy/ptII/lib/saxon8.jar:/home/travis/build/icyphy/ptII/lib/saxon8-dom.jar:/home/travis/build/icyphy/ptII/lib/chic.jar:/home/travis/build/icyphy/ptII/lib/ptcolt.jar:/usr/lib/jvm/java-8-oracle/lib/tools.jar:/home/travis/build/icyphy/ptII/vendors/misc/itext/iText.jar:/home/travis/build/icyphy/ptII/lib/g4ltl.jar:/home/travis/build/icyphy/ptII/lib/StructuralCoder.jar:/home/travis/build/icyphy/ptII/vendors/jai-1_1_2_01/lib/jai_core.jar:/home/travis/build/icyphy/ptII/vendors/jai-1_1_2_01/lib/jai_codec.jar:/home/travis/build/icyphy/ptII/lib/jcerti.jar:/home/travis/build/icyphy/ptII/lib/javax.mail.jar:/home/travis/build/icyphy/ptII/vendors/JMF-2.1.1e/lib/jmf.jar:/home/travis/build/icyphy/ptII/lib/jna-4.0.0-variadic.jar:/home/travis/build/icyphy/ptII/vendors/misc/joystick/Joystick.jar:/home/travis/build/icyphy/ptII/lib/ptjacl.jar:/home/travis/build/icyphy/ptII/lib/jsoup-1.8.2.jar:/home/travis/build/icyphy/ptII/lib/junit-4.8.2.jar:/home/travis/build/icyphy/ptII/lib/JUnitParams-0.4.0.jar:/home/travis/build/icyphy/ptII/ptolemy/actor/lib/excel/jxl.jar:/home/travis/build/icyphy/ptII/lib/jython.jar:/home/travis/build/icyphy/ptII/lib/kieler.jar:/home/travis/build/icyphy/ptII/vendors/opencv/share/OpenCV/java/opencv-341.jar:/home/travis/build/icyphy/ptII/lib/oscP5.jar:/home/travis/build/icyphy/ptII/lib/nrjavaserial-3.11.0.devel.jar:/home/travis/build/icyphy/ptII/vendors/j3d/lib/j3dcore.jar:/home/travis/build/icyphy/ptII/vendors/j3d/lib/j3dutils.jar:/home/travis/build/icyphy/ptII/vendors/j3d/lib/vecmath.jar:/home/travis/build/icyphy/ptII/ptolemy/distributed/jini/jar/jini-core.jar:/home/travis/build/icyphy/ptII/ptolemy/distributed/jini/jar/jini-ext.jar:/home/travis/build/icyphy/ptII/ptolemy/distributed/jini/jar/sun-util.jar:/home/travis/build/icyphy/ptII/lib/protobuf-java-2.4.1.jar:/home/travis/build/icyphy/ptII/lib/org.eclipse.paho.client.mqttv3.jar:/home/travis/build/icyphy/ptII/lib/mapss.jar:/home/travis/build/icyphy/ptII/ptolemy/actor/ptalon/antlr/antlr.jar:/home/travis/build/icyphy/ptII/lib/JRI.jar:/home/travis/build/icyphy/ptII/lib/commons-lang-2.6.jar:/home/travis/build/icyphy/ptII/lib/commons-logging-1.1.1.jar:/home/travis/build/icyphy/ptII/lib/sootclasses.jar:/home/travis/build/icyphy/ptII/ptolemy/actor/lib/database/mysql-connector-java-5.1.6-bin.jar:/home/travis/build/icyphy/ptII/vendors/misc/sphinx4/sphinx4-data-5prealpha.jar:/home/travis/build/icyphy/ptII/vendors/misc/sphinx4/sphinx4-core-5prealpha.jar:/home/travis/build/icyphy/ptII/lib/PDFRenderer.jar:/home/travis/build/icyphy/ptII/lib/svgSalamander.jar:/home/travis/build/icyphy/ptII/lib/rsyntaxtextarea-2.6.0-SNAPSHOT.jar:/home/travis/build/icyphy/ptII/lib/hazelcast-3.8.2.jar:/home/travis/build/icyphy/ptII/lib/jackson-annotations-2.9.0.jar:/home/travis/build/icyphy/ptII/lib/jackson-core-2.9.3.jar:/home/travis/build/icyphy/ptII/lib/jackson-databind-2.9.3.jar:/home/travis/build/icyphy/ptII/lib/netty-buffer-4.1.19.Final.jar:/home/travis/build/icyphy/ptII/lib/netty-codec-4.1.19.Final.jar:/home/travis/build/icyphy/ptII/lib/netty-codec-dns-4.1.19.Final.jar:/home/travis/build/icyphy/ptII/lib/netty-codec-http-4.1.19.Final.jar:/home/travis/build/icyphy/ptII/lib/netty-codec-http2-4.1.19.Final.jar:/home/travis/build/icyphy/ptII/lib/netty-common-4.1.19.Final.jar:/home/travis/build/icyphy/ptII/lib/netty-handler-4.1.19.Final.jar:/home/travis/build/icyphy/ptII/lib/netty-resolver-4.1.19.Final.jar:/home/travis/build/icyphy/ptII/lib/netty-resolver-dns-4.1.19.Final.jar:/home/travis/build/icyphy/ptII/lib/netty-transport-4.1.19.Final.jar:/home/travis/build/icyphy/ptII/lib/vertx-codegen-3.5.1.jar:/home/travis/build/icyphy/ptII/lib/vertx-core-3.5.2-SNAPSHOT.jar:/home/travis/build/icyphy/ptII/lib/vertx-hazelcast-3.5.1.jar:/home/travis/build/icyphy/ptII/lib/vertx-lang-js-3.5.1.jar:/home/travis/build/icyphy/ptII/lib/vertx-service-proxy-3.5.1.jar:/home/travis/build/icyphy/ptII/lib/vertx-web-3.5.1.jar:/home/travis/build/icyphy/ptII/lib/slf4j-api-1.7.13.jar:/home/travis/build/icyphy/ptII/lib/slf4j-simple-1.7.13.jar:/home/travis/build/icyphy/ptII/lib/webcam-capture-0.3.12.jar:/home/travis/build/icyphy/ptII/lib/bridj-0.7.0.jar:/home/travis/build/icyphy/ptII/lib/xbjlib-1.1.0.nrjavaserial.jar:/home/travis/build/icyphy/ptII/ptolemy/moml/test:/home/travis/build/icyphy/ptII/ant/lib/ant-launcher.jar:/home/travis/build/icyphy/ptII/ant/lib/ant.jar:/home/travis/build/icyphy/ptII/ant/lib/ant-junit.jar:/home/travis/build/icyphy/ptII/ant/lib/ant-junit4.jar" />
    <property name="ant.library.dir" value="/home/travis/build/icyphy/ptII/ant/lib" />
    <property name="os.arch" value="amd64" />
    <property name="env.TRAVIS_LANGUAGE" value="node_js" />
    <property name="env.CONTINUOUS_INTEGRATION" value="true" />
    <property name="env.TRAVIS_STACK_LANGUAGES" value="__garnet__ c c++ clojure cplusplus cpp default go groovy java node_js php pure_java python ruby scala" />
    <property name="test.name" value="ptolemy.actor.lib.test.junit.JUnitTclTest" />
    <property name="sun.java.launcher" value="SUN_STANDARD" />
    <property name="env.PYTHON_CONFIGURE_OPTS" value="--enable-unicode=ucs4 --with-wide-unicode --enable-shared --enable-ipv6 --enable-loadable-sqlite-extensions --with-computed-gotos" />
    <property name="ant.core.lib" value="/home/travis/build/icyphy/ptII/ant/lib/ant.jar" />
    <property name="java.vm.specification.vendor" value="Oracle Corporation" />
    <property name="env.BCVTB_HOME" value="/home/travis/build/icyphy/ptII/lbnl" />
    <property name="file.separator" value="/" />
    <property name="spotbugs.home" value="/home/travis/build/icyphy/ptII/vendors/spotbugs-3.1.1" />
    <property name="java.runtime.version" value="1.8.0_151-b12" />
    <property name="sun.boot.class.path" value="/usr/lib/jvm/java-8-oracle/jre/lib/resources.jar:/usr/lib/jvm/java-8-oracle/jre/lib/rt.jar:/usr/lib/jvm/java-8-oracle/jre/lib/sunrsasign.jar:/usr/lib/jvm/java-8-oracle/jre/lib/jsse.jar:/usr/lib/jvm/java-8-oracle/jre/lib/jce.jar:/usr/lib/jvm/java-8-oracle/jre/lib/charsets.jar:/usr/lib/jvm/java-8-oracle/jre/lib/jfr.jar:/usr/lib/jvm/java-8-oracle/jre/classes" />
    <property name="env.ANSI_CLEAR" value="\033[0K" />
    <property name="env.HAS_JOSH_K_SEAL_OF_APPROVAL" value="true" />
    <property name="env.XDG_RUNTIME_DIR" value="/run/user/2000" />
    <property name="env.TRAVIS_OSX_IMAGE" value="" />
    <property name="env.TRAVIS_BRANCH" value="master" />
    <property name="env.TRAVIS_JOB_ID" value="503898485" />
    <property name="user.country" value="US" />
    <property name="env.CERTI_HOME_TRAVIS" value="/home/travis/pthla/certi-tools" />
    <property name="env.SHELL" value="/bin/bash" />
    <property name="java.maxmemory.large" value="5000m" />
    <property name="model" value="" />
    <property name="env.CASHER_DIR" value="/home/travis/.casher" />
    <property name="env.NVM_CD_FLAGS" value="" />
    <property name="jshint.executable" value="/home/travis/node_modules/jshint/bin/jshint" />
    <property name="java.vendor" value="Oracle Corporation" />
    <property name="env.JRUBY_OPTS" value=" --client -J-XX:+TieredCompilation -J-XX:TieredStopAtLevel=1 -J-Xss2m -Xcompile.invokedynamic=false" />
    <property name="env.TRAVIS_PRE_CHEF_BOOTSTRAP_TIME" value="2017-12-05T19:32:55" />
    <property name="env.TRAVIS_STACK_JOB_BOARD_REGISTER" value="/.job-board-register.yml" />
    <property name="env.ELIXIR_VERSION" value="1.4.5" />
    <property name="env.ANSI_RED" value="\033[31;1m" />
    <property name="java.specification.version" value="1.8" />
    <property name="env.TRAVIS" value="true" />
    <property name="env.IRBRC" value="/home/travis/.rvm/rubies/ruby-2.4.1/.irbrc" />
    <property name="sun.arch.data.model" value="64" />
  </properties>
  <testcase classname="ptolemy.util.test.junit.TclTests" name="[0] /home/travis/build/icyphy/ptII/ptolemy/domains/de/test/DependencyLoop.tcl (RunTclFile)" time="0.855" />
  <testcase classname="ptolemy.util.test.junit.TclTests" name="[1] /home/travis/build/icyphy/ptII/ptolemy/domains/de/test/RunDETestsAsQSS.tcl (RunTclFile)" time="92.289" />
  <testcase classname="ptolemy.util.test.junit.AutoKnownFailedTests" name="[0] /home/travis/build/icyphy/ptII/ptolemy/domains/de/test/auto/knownFailedTests/DESDFClockTest.xml (RunModel)" time="2.05" />
  <testcase classname="ptolemy.util.test.junit.AutoKnownFailedTests" name="[1] /home/travis/build/icyphy/ptII/ptolemy/domains/de/test/auto/knownFailedTests/DirectFeedback.xml (RunModel)" time="0.019" />
  <testcase classname="ptolemy.util.test.junit.AutoKnownFailedTests" name="[2] /home/travis/build/icyphy/ptII/ptolemy/domains/de/test/auto/knownFailedTests/FSMSource.xml (RunModel)" time="0.034" />
  <testcase classname="ptolemy.util.test.junit.AutoKnownFailedTests" name="[3] /home/travis/build/icyphy/ptII/ptolemy/domains/de/test/auto/knownFailedTests/HierarchicalModel.xml (RunModel)" time="0.062" />
  <testcase classname="ptolemy.util.test.junit.AutoKnownFailedTests" name="[4] /home/travis/build/icyphy/ptII/ptolemy/domains/de/test/auto/knownFailedTests/dependencyLoop.xml (RunModel)" time="0.039" />
  <testcase classname="ptolemy.util.test.junit.AutoKnownFailedTests" name="[5] /home/travis/build/icyphy/ptII/ptolemy/domains/de/test/auto/knownFailedTests/dependencyLoop2.xml (RunModel)" time="0.042" />
  <testcase classname="ptolemy.util.test.junit.AutoNameArchTests" name="[0] ThereAreNoAutoArchTests (RunModel)" time="0.0" />
  <testcase classname="ptolemy.util.test.junit.AutoTests" name="[0] /home/travis/build/icyphy/ptII/ptolemy/domains/de/test/auto/ActorDepthCalculation_actorWithoutPorts.xml (RunModel)" time="0.023" />
  <testcase classname="ptolemy.util.test.junit.AutoTests" name="[1] /home/travis/build/icyphy/ptII/ptolemy/domains/de/test/auto/AssemblyLine.xml (RunModel)" time="0.021" />
  <testcase classname="ptolemy.util.test.junit.AutoTests" name="[2] /home/travis/build/icyphy/ptII/ptolemy/domains/de/test/auto/CQBug1.xml (RunModel)" time="0.012" />
  <testcase classname="ptolemy.util.test.junit.AutoTests" name="[3] /home/travis/build/icyphy/ptII/ptolemy/domains/de/test/auto/CancelFireAt.xml (RunModel)" time="0.01" />
  <testcase classname="ptolemy.util.test.junit.AutoTests" name="[4] /home/travis/build/icyphy/ptII/ptolemy/domains/de/test/auto/CausalityAndComposabilityAnalysis.xml (RunModel)" time="0.01" />
  <testcase classname="ptolemy.util.test.junit.AutoTests" name="[5] /home/travis/build/icyphy/ptII/ptolemy/domains/de/test/auto/CausalityInterface1.xml (RunModel)" time="0.014" />
  <testcase classname="ptolemy.util.test.junit.AutoTests" name="[6] /home/travis/build/icyphy/ptII/ptolemy/domains/de/test/auto/CausalityInterface15.xml (RunModel)" time="0.013" />
  <testcase classname="ptolemy.util.test.junit.AutoTests" name="[7] /home/travis/build/icyphy/ptII/ptolemy/domains/de/test/auto/CausalityInterface2.xml (RunModel)" time="0.01" />
  <testcase classname="ptolemy.util.test.junit.AutoTests" name="[8] /home/travis/build/icyphy/ptII/ptolemy/domains/de/test/auto/CausalityInterface3.xml (RunModel)" time="0.011" />
  <testcase classname="ptolemy.util.test.junit.AutoTests" name="[9] /home/travis/build/icyphy/ptII/ptolemy/domains/de/test/auto/ClockDrift.xml (RunModel)" time="0.029" />
  <testcase classname="ptolemy.util.test.junit.AutoTests" name="[10] /home/travis/build/icyphy/ptII/ptolemy/domains/de/test/auto/ClockDriftAndValueChange.xml (RunModel)" time="0.026" />
  <testcase classname="ptolemy.util.test.junit.AutoTests" name="[11] /home/travis/build/icyphy/ptII/ptolemy/domains/de/test/auto/ClockDriftChange.xml (RunModel)" time="0.022" />
  <testcase classname="ptolemy.util.test.junit.AutoTests" name="[12] /home/travis/build/icyphy/ptII/ptolemy/domains/de/test/auto/ComposableCausalityAnalysis.xml (RunModel)" time="0.022" />
  <testcase classname="ptolemy.util.test.junit.AutoTests" name="[13] /home/travis/build/icyphy/ptII/ptolemy/domains/de/test/auto/DEFixedPointLimitation.xml (RunModel)" time="0.011" />
  <testcase classname="ptolemy.util.test.junit.AutoTests" name="[14] /home/travis/build/icyphy/ptII/ptolemy/domains/de/test/auto/DEScheduleTest.xml (RunModel)" time="0.013" />
  <testcase classname="ptolemy.util.test.junit.AutoTests" name="[15] /home/travis/build/icyphy/ptII/ptolemy/domains/de/test/auto/DEinDEwithStartTimes.xml (RunModel)" time="0.012" />
  <testcase classname="ptolemy.util.test.junit.AutoTests" name="[16] /home/travis/build/icyphy/ptII/ptolemy/domains/de/test/auto/DEinDEwithStartTimes2.xml (RunModel)" time="0.013" />
  <testcase classname="ptolemy.util.test.junit.AutoTests" name="[17] /home/travis/build/icyphy/ptII/ptolemy/domains/de/test/auto/DateDemo.xml (RunModel)" time="0.023" />
  <testcase classname="ptolemy.util.test.junit.AutoTests" name="[18] /home/travis/build/icyphy/ptII/ptolemy/domains/de/test/auto/DateToEvent.xml (RunModel)" time="2.032" />
  <testcase classname="ptolemy.util.test.junit.AutoTests" name="[19] /home/travis/build/icyphy/ptII/ptolemy/domains/de/test/auto/DepthTest1.xml (RunModel)" time="0.017" />
  <testcase classname="ptolemy.util.test.junit.AutoTests" name="[20] /home/travis/build/icyphy/ptII/ptolemy/domains/de/test/auto/DepthTest2.xml (RunModel)" time="0.024" />
  <testcase classname="ptolemy.util.test.junit.AutoTests" name="[21] /home/travis/build/icyphy/ptII/ptolemy/domains/de/test/auto/DepthTest3.xml (RunModel)" time="0.01" />
  <testcase classname="ptolemy.util.test.junit.AutoTests" name="[22] /home/travis/build/icyphy/ptII/ptolemy/domains/de/test/auto/DepthTest4.xml (RunModel)" time="0.016" />
  <testcase classname="ptolemy.util.test.junit.AutoTests" name="[23] /home/travis/build/icyphy/ptII/ptolemy/domains/de/test/auto/DepthTest5.xml (RunModel)" time="0.016" />
  <testcase classname="ptolemy.util.test.junit.AutoTests" name="[24] /home/travis/build/icyphy/ptII/ptolemy/domains/de/test/auto/DepthTest6.xml (RunModel)" time="0.017" />
  <testcase classname="ptolemy.util.test.junit.AutoTests" name="[25] /home/travis/build/icyphy/ptII/ptolemy/domains/de/test/auto/DepthTest7.xml (RunModel)" time="0.014" />
  <testcase classname="ptolemy.util.test.junit.AutoTests" name="[26] /home/travis/build/icyphy/ptII/ptolemy/domains/de/test/auto/EventToDate.xml (RunModel)" time="3.035" />
  <testcase classname="ptolemy.util.test.junit.AutoTests" name="[27] /home/travis/build/icyphy/ptII/ptolemy/domains/de/test/auto/FSM1.xml (RunModel)" time="0.028" />
  <testcase classname="ptolemy.util.test.junit.AutoTests" name="[28] /home/travis/build/icyphy/ptII/ptolemy/domains/de/test/auto/FSM7.xml (RunModel)" time="0.033" />
  <testcase classname="ptolemy.util.test.junit.AutoTests" name="[29] /home/travis/build/icyphy/ptII/ptolemy/domains/de/test/auto/Inspection.xml (RunModel)" time="0.036" />
  <testcase classname="ptolemy.util.test.junit.AutoTests" name="[30] /home/travis/build/icyphy/ptII/ptolemy/domains/de/test/auto/Iteration.xml (RunModel)" time="0.026" />
  <testcase classname="ptolemy.util.test.junit.AutoTests" name="[31] /home/travis/build/icyphy/ptII/ptolemy/domains/de/test/auto/LineFault.xml (RunModel)" time="0.564" />
  <testcase classname="ptolemy.util.test.junit.AutoTests" name="[32] /home/travis/build/icyphy/ptII/ptolemy/domains/de/test/auto/MergeModel1Add.xml (RunModel)" time="0.04" />
  <testcase classname="ptolemy.util.test.junit.AutoTests" name="[33] /home/travis/build/icyphy/ptII/ptolemy/domains/de/test/auto/MergeModel2Add.xml (RunModel)" time="0.033" />
  <testcase classname="ptolemy.util.test.junit.AutoTests" name="[34] /home/travis/build/icyphy/ptII/ptolemy/domains/de/test/auto/MergeModel3Add.xml (RunModel)" time="0.041" />
  <testcase classname="ptolemy.util.test.junit.AutoTests" name="[35] /home/travis/build/icyphy/ptII/ptolemy/domains/de/test/auto/MergeWithoutDiscard.xml (RunModel)" time="0.01" />
  <testcase classname="ptolemy.util.test.junit.AutoTests" name="[36] /home/travis/build/icyphy/ptII/ptolemy/domains/de/test/auto/Modal1.xml (RunModel)" time="0.026" />
  <testcase classname="ptolemy.util.test.junit.AutoTests" name="[37] /home/travis/build/icyphy/ptII/ptolemy/domains/de/test/auto/Modal2.xml (RunModel)" time="0.031" />
  <testcase classname="ptolemy.util.test.junit.AutoTests" name="[38] /home/travis/build/icyphy/ptII/ptolemy/domains/de/test/auto/Modal3.xml (RunModel)" time="0.03" />
  <testcase classname="ptolemy.util.test.junit.AutoTests" name="[39] /home/travis/build/icyphy/ptII/ptolemy/domains/de/test/auto/Modal4.xml (RunModel)" time="0.035" />
  <testcase classname="ptolemy.util.test.junit.AutoTests" name="[40] /home/travis/build/icyphy/ptII/ptolemy/domains/de/test/auto/Modal5.xml (RunModel)" time="0.028" />
  <testcase classname="ptolemy.util.test.junit.AutoTests" name="[41] /home/travis/build/icyphy/ptII/ptolemy/domains/de/test/auto/Modal6.xml (RunModel)" time="0.028" />
  <testcase classname="ptolemy.util.test.junit.AutoTests" name="[42] /home/travis/build/icyphy/ptII/ptolemy/domains/de/test/auto/Modal7.xml (RunModel)" time="0.027" />
  <testcase classname="ptolemy.util.test.junit.AutoTests" name="[43] /home/travis/build/icyphy/ptII/ptolemy/domains/de/test/auto/ModalModel.xml (RunModel)" time="0.132" />
  <testcase classname="ptolemy.util.test.junit.AutoTests" name="[44] /home/travis/build/icyphy/ptII/ptolemy/domains/de/test/auto/ModalSource.xml (RunModel)" time="0.017" />
  <testcase classname="ptolemy.util.test.junit.AutoTests" name="[45] /home/travis/build/icyphy/ptII/ptolemy/domains/de/test/auto/NonInterruptibleTimerZeroDelay.xml (RunModel)" time="0.009" />
  <testcase classname="ptolemy.util.test.junit.AutoTests" name="[46] /home/travis/build/icyphy/ptII/ptolemy/domains/de/test/auto/OpenQueueingNetwork.xml (RunModel)" time="2.283" />
  <testcase classname="ptolemy.util.test.junit.AutoTests" name="[47] /home/travis/build/icyphy/ptII/ptolemy/domains/de/test/auto/OpenQueuingNetwork.xml (RunModel)" time="0.294" />
  <testcase classname="ptolemy.util.test.junit.AutoTests" name="[48] /home/travis/build/icyphy/ptII/ptolemy/domains/de/test/auto/PeriodicSampler.xml (RunModel)" time="0.008" />
  <testcase classname="ptolemy.util.test.junit.AutoTests" name="[49] /home/travis/build/icyphy/ptII/ptolemy/domains/de/test/auto/PersistentIO.xml (RunModel)" time="0.018" />
  <testcase classname="ptolemy.util.test.junit.AutoTests" name="[50] /home/travis/build/icyphy/ptII/ptolemy/domains/de/test/auto/PortParameterResetOnInitialize.xml (RunModel)" time="0.01" />
  <testcase classname="ptolemy.util.test.junit.AutoTests" name="[51] /home/travis/build/icyphy/ptII/ptolemy/domains/de/test/auto/PortParameterUpdates.xml (RunModel)" time="0.012" />
  <testcase classname="ptolemy.util.test.junit.AutoTests" name="[52] /home/travis/build/icyphy/ptII/ptolemy/domains/de/test/auto/QueueAndServer.xml (RunModel)" time="0.017" />
  <testcase classname="ptolemy.util.test.junit.AutoTests" name="[53] /home/travis/build/icyphy/ptII/ptolemy/domains/de/test/auto/Records.xml (RunModel)" time="0.011" />
  <testcase classname="ptolemy.util.test.junit.AutoTests" name="[54] /home/travis/build/icyphy/ptII/ptolemy/domains/de/test/auto/ResetTransitionWithStartTime1.xml (RunModel)" time="0.016" />
  <testcase classname="ptolemy.util.test.junit.AutoTests" name="[55] /home/travis/build/icyphy/ptII/ptolemy/domains/de/test/auto/ResetTransitionWithStartTime2.xml (RunModel)" time="0.015" />
  <testcase classname="ptolemy.util.test.junit.AutoTests" name="[56] /home/travis/build/icyphy/ptII/ptolemy/domains/de/test/auto/ResetTransitionWithStartTime3.xml (RunModel)" time="0.016" />
  <testcase classname="ptolemy.util.test.junit.AutoTests" name="[57] /home/travis/build/icyphy/ptII/ptolemy/domains/de/test/auto/ResetTransitionWithStartTime4.xml (RunModel)" time="0.015" />
  <testcase classname="ptolemy.util.test.junit.AutoTests" name="[58] /home/travis/build/icyphy/ptII/ptolemy/domains/de/test/auto/ResettableTimer1.xml (RunModel)" time="0.01" />
  <testcase classname="ptolemy.util.test.junit.AutoTests" name="[59] /home/travis/build/icyphy/ptII/ptolemy/domains/de/test/auto/ResettableTimer2.xml (RunModel)" time="0.008" />
  <testcase classname="ptolemy.util.test.junit.AutoTests" name="[60] /home/travis/build/icyphy/ptII/ptolemy/domains/de/test/auto/ResettableTimer3.xml (RunModel)" time="0.008" />
  <testcase classname="ptolemy.util.test.junit.AutoTests" name="[61] /home/travis/build/icyphy/ptII/ptolemy/domains/de/test/auto/ResettableTimer4.xml (RunModel)" time="0.007" />
  <testcase classname="ptolemy.util.test.junit.AutoTests" name="[62] /home/travis/build/icyphy/ptII/ptolemy/domains/de/test/auto/ResettableTimer5.xml (RunModel)" time="0.009" />
  <testcase classname="ptolemy.util.test.junit.AutoTests" name="[63] /home/travis/build/icyphy/ptII/ptolemy/domains/de/test/auto/ResettableTimer6.xml (RunModel)" time="0.009" />
  <testcase classname="ptolemy.util.test.junit.AutoTests" name="[64] /home/travis/build/icyphy/ptII/ptolemy/domains/de/test/auto/ServerZeroDelay.xml (RunModel)" time="0.009" />
  <testcase classname="ptolemy.util.test.junit.AutoTests" name="[65] /home/travis/build/icyphy/ptII/ptolemy/domains/de/test/auto/SmartSender.xml (RunModel)" time="3.008" />
  <testcase classname="ptolemy.util.test.junit.AutoTests" name="[66] /home/travis/build/icyphy/ptII/ptolemy/domains/de/test/auto/ThreadedComposite.xml (RunModel)" time="0.167" />
  <testcase classname="ptolemy.util.test.junit.AutoTests" name="[67] /home/travis/build/icyphy/ptII/ptolemy/domains/de/test/auto/Time.xml (RunModel)" time="0.466" />
  <testcase classname="ptolemy.util.test.junit.AutoTests" name="[68] /home/travis/build/icyphy/ptII/ptolemy/domains/de/test/auto/TimeDelayZeroDelay.xml (RunModel)" time="0.012" />
  <testcase classname="ptolemy.util.test.junit.AutoTests" name="[69] /home/travis/build/icyphy/ptII/ptolemy/domains/de/test/auto/TimerZeroDelay.xml (RunModel)" time="0.01" />
  <testcase classname="ptolemy.util.test.junit.AutoTests" name="[70] /home/travis/build/icyphy/ptII/ptolemy/domains/de/test/auto/TimingParadox.xml (RunModel)" time="0.344" />
  <testcase classname="ptolemy.util.test.junit.AutoTests" name="[71] /home/travis/build/icyphy/ptII/ptolemy/domains/de/test/auto/TransferInputs.xml (RunModel)" time="0.01" />
  <testcase classname="ptolemy.util.test.junit.AutoTests" name="[72] /home/travis/build/icyphy/ptII/ptolemy/domains/de/test/auto/TransferOutputs2.xml (RunModel)" time="0.015" />
  <testcase classname="ptolemy.util.test.junit.AutoTests" name="[73] /home/travis/build/icyphy/ptII/ptolemy/domains/de/test/auto/Trilateration.xml (RunModel)" time="11.99" />
  <testcase classname="ptolemy.util.test.junit.AutoTests" name="[74] /home/travis/build/icyphy/ptII/ptolemy/domains/de/test/auto/TwoSigmaDelta.xml (RunModel)" time="2.08" />
  <testcase classname="ptolemy.util.test.junit.AutoTests" name="[75] /home/travis/build/icyphy/ptII/ptolemy/domains/de/test/auto/VariableDelay.xml (RunModel)" time="0.009" />
  <testcase classname="ptolemy.util.test.junit.AutoTests" name="[76] /home/travis/build/icyphy/ptII/ptolemy/domains/de/test/auto/VariableDelay2.xml (RunModel)" time="0.008" />
  <testcase classname="ptolemy.util.test.junit.AutoTests" name="[77] /home/travis/build/icyphy/ptII/ptolemy/domains/de/test/auto/VariableDelayZeroDelay.xml (RunModel)" time="0.01" />
  <testcase classname="ptolemy.util.test.junit.AutoTests" name="[78] /home/travis/build/icyphy/ptII/ptolemy/domains/de/test/auto/VariableDelayZeroDelay2.xml (RunModel)" time="0.01" />
  <testcase classname="ptolemy.util.test.junit.AutoTests" name="[79] /home/travis/build/icyphy/ptII/ptolemy/domains/de/test/auto/deInCt.xml (RunModel)" time="0.014" />
  <testcase classname="ptolemy.util.test.junit.AutoTests" name="[80] /home/travis/build/icyphy/ptII/ptolemy/domains/de/test/auto/deInCt2.xml (RunModel)" time="0.019" />
  <testcase classname="ptolemy.util.test.junit.AutoTests" name="[81] /home/travis/build/icyphy/ptII/ptolemy/domains/de/test/auto/dynamicCausalityInterface1.xml (RunModel)" time="0.02" />
  <testcase classname="ptolemy.util.test.junit.AutoTests" name="[82] /home/travis/build/icyphy/ptII/ptolemy/domains/de/test/auto/fsm_de_test.xml (RunModel)" time="0.023" />
  <testcase classname="ptolemy.util.test.junit.AutoTests" name="[83] /home/travis/build/icyphy/ptII/ptolemy/domains/de/test/auto/functionDependencyReconstruction.xml (RunModel)" time="0.03" />
  <testcase classname="ptolemy.util.test.junit.AutoTests" name="[84] /home/travis/build/icyphy/ptII/ptolemy/domains/de/test/auto/multirate.xml (RunModel)" time="0.015" />
  <testcase classname="ptolemy.util.test.junit.AutoTests" name="[85] /home/travis/build/icyphy/ptII/ptolemy/domains/de/test/auto/multirate2.xml (RunModel)" time="0.015" />
  <testcase classname="ptolemy.util.test.junit.AutoTests" name="[86] /home/travis/build/icyphy/ptII/ptolemy/domains/de/test/auto/realtime.xml (RunModel)" time="10.01" />
  <testcase classname="ptolemy.util.test.junit.AutoTests" name="[87] /home/travis/build/icyphy/ptII/ptolemy/domains/de/test/auto/relationGroup.xml (RunModel)" time="0.011" />
  <testcase classname="ptolemy.util.test.junit.AutoTests" name="[88] /home/travis/build/icyphy/ptII/ptolemy/domains/de/test/auto/relationGroup2.xml (RunModel)" time="0.01" />
  <testcase classname="ptolemy.util.test.junit.AutoTests" name="[89] /home/travis/build/icyphy/ptII/ptolemy/domains/de/test/auto/sortWithOpaquePorts.xml (RunModel)" time="0.014" />
  <testcase classname="ptolemy.util.test.junit.AutoTests" name="[90] /home/travis/build/icyphy/ptII/ptolemy/domains/de/test/auto/transferInputsandOutputs.xml (RunModel)" time="0.015" />
  <testcase classname="ptolemy.util.test.junit.AutoTests" name="[91] /home/travis/build/icyphy/ptII/ptolemy/domains/de/test/auto/triggerType.xml (RunModel)" time="0.012" />
  <system-out><![CDATA[/home/travis/build/icyphy/ptII/ptolemy/domains/de/test/DependencyLoop.tcl
testDefs.tcl: setting time out to 9000 seconds at Sat Mar 09 03:43:26 UTC 2019
19 ms. Memory: 116224K Free: 97454K (84%)
29 ms. Memory: 146944K Free: 141544K (96%)
/home/travis/build/icyphy/ptII/ptolemy/domains/de/test/RunDETestsAsQSS.tcl
Run the DE tests using ptolemy.domains.qss.test.QSSDirectorTest, which extends QSSDirector and prints a message in the constructors.
------------------ testing $PTII/ptolemy/domains/de/test/auto/knownFailedTests/dependencyLoop.xml (Known Failure) 
7 ms. Memory: 146944K Free: 137295K (93%)


==== $PTIIhome/travis/build/icyphy/ptII/ptolemy/domains/de/test/../../../../: Auto Automatic test in file $PTII/ptolemy/domains/de/test/auto/knownFailedTests/dependencyLoop.xml
==== Contents of test case:

	    # FIXME: we should use $relativeFilename here, but it
	    # might have backslashes under Windows, which causes no end
	    # of trouble.
	    createAndExecute $file
	    list {}
	
.... Test generated KNOWN error:
    while executing
ptolemy.kernel.util.IllegalActionException: Found a zero delay loop containing .dependencyLoop.original
  in .dependencyLoop and .dependencyLoop.original
	at ptolemy.actor.util.CausalityInterfaceForComposites._computeOutputPortDepth(CausalityInterfaceForComposites.java:759)
	at ptolemy.actor.util.CausalityInterfaceForComposites._computeInputDepth(CausalityInterfaceForComposites.java:696)
	at ptolemy.actor.util.CausalityInterfaceForComposites._computeOutputPortDepth(CausalityInterfaceForComposites.java:765)
	at ptolemy.actor.util.CausalityInterfaceForComposites._computeInputDepth(CausalityInterfaceForComposites.java:696)
	at ptolemy.actor.util.CausalityInterfaceForComposites._computeOutputPortDepth(CausalityInterfaceForComposites.java:765)
	at ptolemy.actor.util.CausalityInterfaceForComposites._computeInputDepth(CausalityInterfaceForComposites.java:696)
	at ptolemy.actor.util.CausalityInterfaceForComposites._computeActorDepth(CausalityInterfaceForComposites.java:532)
	at ptolemy.actor.util.CausalityInterfaceForComposites.checkForCycles(CausalityInterfaceForComposites.java:96)
	at ptolemy.domains.de.kernel.DEDirector.preinitialize(DEDirector.java:1338)
	at ptolemy.actor.CompositeActor.preinitialize(CompositeActor.java:1828)
	at ptolemy.actor.Manager.preinitializeAndResolveTypes(Manager.java:1040)
	at ptolemy.actor.Manager.initialize(Manager.java:710)
	at ptolemy.actor.Manager.execute(Manager.java:356)
	at ptolemy.actor.Manager.run(Manager.java:1263)
	at ptolemy.actor.Manager$PtolemyRunThread.run(Manager.java:1915)

    while executing
ptolemy.kernel.util.IllegalActionException: Found a zero delay loop containing .dependencyLoop.original
  in .dependencyLoop and .dependencyLoop.original
    while executing
"java::new ptolemy.moml.MoMLSimpleApplication $file
"
    (procedure "createAndExecute" line 2)
    invoked from within
"createAndExecute $file"
    ("uplevel" body line 5)
    invoked from within
"uplevel $contents_of_test"
------------------ testing $PTII/ptolemy/domains/de/test/auto/knownFailedTests/DESDFClockTest.xml (Known Failure) 
2054 ms. Memory: 146944K Free: 121679K (83%)


==== $PTIIhome/travis/build/icyphy/ptII/ptolemy/domains/de/test/../../../../: Auto Automatic test in file $PTII/ptolemy/domains/de/test/auto/knownFailedTests/DESDFClockTest.xml
==== Contents of test case:

	    # FIXME: we should use $relativeFilename here, but it
	    # might have backslashes under Windows, which causes no end
	    # of trouble.
	    createAndExecute $file
	    list {}
	
.... Test generated KNOWN error:
    while executing
ptolemy.kernel.util.IllegalActionException: Actor is not ready to fire.  Perhaps UpSample.prefire() returned false? Try debugging the actor by selecting "Listen to Actor".  Also, for SDF check moml for tokenConsumptionRate on input.
  in .DESDFClockTest.Play Bell.Copy1:SDF Director and .DESDFClockTest.Play Bell.UpSample
	at ptolemy.actor.sched.StaticSchedulingDirector.fire(StaticSchedulingDirector.java:227)
	at ptolemy.domains.sdf.kernel.SDFDirector.fire(SDFDirector.java:500)
	at ptolemy.actor.CompositeActor.fire(CompositeActor.java:455)
	at ptolemy.domains.de.kernel.DEDirector._fire(DEDirector.java:1949)
	at ptolemy.domains.de.kernel.DEDirector.fire(DEDirector.java:502)
	at ptolemy.actor.CompositeActor.fire(CompositeActor.java:455)
	at ptolemy.actor.Manager.iterate(Manager.java:851)
	at ptolemy.actor.Manager.execute(Manager.java:369)
	at ptolemy.actor.Manager.run(Manager.java:1263)
	at ptolemy.actor.Manager$PtolemyRunThread.run(Manager.java:1915)

    while executing
ptolemy.kernel.util.IllegalActionException: Actor is not ready to fire.  Perhaps UpSample.prefire() returned false? Try debugging the actor by selecting "Listen to Actor".  Also, for SDF check moml for tokenConsumptionRate on input.
  in .DESDFClockTest.Play Bell.Copy1:SDF Director and .DESDFClockTest.Play Bell.UpSample
    while executing
"java::new ptolemy.moml.MoMLSimpleApplication $file
"
    (procedure "createAndExecute" line 2)
    invoked from within
"createAndExecute $file"
    ("uplevel" body line 5)
    invoked from within
"uplevel $contents_of_test"
------------------ testing $PTII/ptolemy/domains/de/test/auto/knownFailedTests/FSMSource.xml (Known Failure) 
41 ms. Memory: 146944K Free: 112803K (77%)
!!!! Auto was marked as failing, but now passes
------------------ testing $PTII/ptolemy/domains/de/test/auto/knownFailedTests/dependencyLoop2.xml (Known Failure) 
7 ms. Memory: 146944K Free: 110920K (75%)


==== $PTIIhome/travis/build/icyphy/ptII/ptolemy/domains/de/test/../../../../: Auto Automatic test in file $PTII/ptolemy/domains/de/test/auto/knownFailedTests/dependencyLoop2.xml
==== Contents of test case:

	    # FIXME: we should use $relativeFilename here, but it
	    # might have backslashes under Windows, which causes no end
	    # of trouble.
	    createAndExecute $file
	    list {}
	
.... Test generated KNOWN error:
    while executing
ptolemy.kernel.util.IllegalActionException: Found a zero delay loop containing .dependencyLoop2.original
  in .dependencyLoop2 and .dependencyLoop2.original
	at ptolemy.actor.util.CausalityInterfaceForComposites._computeOutputPortDepth(CausalityInterfaceForComposites.java:759)
	at ptolemy.actor.util.CausalityInterfaceForComposites._computeInputDepth(CausalityInterfaceForComposites.java:696)
	at ptolemy.actor.util.CausalityInterfaceForComposites._computeOutputPortDepth(CausalityInterfaceForComposites.java:765)
	at ptolemy.actor.util.CausalityInterfaceForComposites._computeInputDepth(CausalityInterfaceForComposites.java:696)
	at ptolemy.actor.util.CausalityInterfaceForComposites._computeOutputPortDepth(CausalityInterfaceForComposites.java:765)
	at ptolemy.actor.util.CausalityInterfaceForComposites._computeInputDepth(CausalityInterfaceForComposites.java:696)
	at ptolemy.actor.util.CausalityInterfaceForComposites._computeActorDepth(CausalityInterfaceForComposites.java:532)
	at ptolemy.actor.util.CausalityInterfaceForComposites.checkForCycles(CausalityInterfaceForComposites.java:96)
	at ptolemy.domains.de.kernel.DEDirector.preinitialize(DEDirector.java:1338)
	at ptolemy.actor.CompositeActor.preinitialize(CompositeActor.java:1828)
	at ptolemy.actor.Manager.preinitializeAndResolveTypes(Manager.java:1040)
	at ptolemy.actor.Manager.initialize(Manager.java:710)
	at ptolemy.actor.Manager.execute(Manager.java:356)
	at ptolemy.actor.Manager.run(Manager.java:1263)
	at ptolemy.actor.Manager$PtolemyRunThread.run(Manager.java:1915)

    while executing
ptolemy.kernel.util.IllegalActionException: Found a zero delay loop containing .dependencyLoop2.original
  in .dependencyLoop2 and .dependencyLoop2.original
    while executing
"java::new ptolemy.moml.MoMLSimpleApplication $file
"
    (procedure "createAndExecute" line 2)
    invoked from within
"createAndExecute $file"
    ("uplevel" body line 5)
    invoked from within
"uplevel $contents_of_test"
------------------ testing $PTII/ptolemy/domains/de/test/auto/knownFailedTests/HierarchicalModel.xml (Known Failure) 
6 ms. Memory: 146944K Free: 90585K (62%)


==== $PTIIhome/travis/build/icyphy/ptII/ptolemy/domains/de/test/../../../../: Auto Automatic test in file $PTII/ptolemy/domains/de/test/auto/knownFailedTests/HierarchicalModel.xml
==== Contents of test case:

	    # FIXME: we should use $relativeFilename here, but it
	    # might have backslashes under Windows, which causes no end
	    # of trouble.
	    createAndExecute $file
	    list {}
	
.... Test generated KNOWN error:
    while executing
ptolemy.kernel.util.IllegalActionException: Found a zero delay loop containing .HierarchicalModel.A
  in .HierarchicalModel and .HierarchicalModel.A
	at ptolemy.actor.util.CausalityInterfaceForComposites._computeOutputPortDepth(CausalityInterfaceForComposites.java:759)
	at ptolemy.actor.util.CausalityInterfaceForComposites._computeInputDepth(CausalityInterfaceForComposites.java:696)
	at ptolemy.actor.util.CausalityInterfaceForComposites._computeOutputPortDepth(CausalityInterfaceForComposites.java:765)
	at ptolemy.actor.util.CausalityInterfaceForComposites._computeInputDepth(CausalityInterfaceForComposites.java:696)
	at ptolemy.actor.util.CausalityInterfaceForComposites._computeOutputPortDepth(CausalityInterfaceForComposites.java:765)
	at ptolemy.actor.util.CausalityInterfaceForComposites._computeInputDepth(CausalityInterfaceForComposites.java:696)
	at ptolemy.actor.util.CausalityInterfaceForComposites._computeActorDepth(CausalityInterfaceForComposites.java:532)
	at ptolemy.actor.util.CausalityInterfaceForComposites.checkForCycles(CausalityInterfaceForComposites.java:96)
	at ptolemy.domains.de.kernel.DEDirector.preinitialize(DEDirector.java:1338)
	at ptolemy.actor.CompositeActor.preinitialize(CompositeActor.java:1828)
	at ptolemy.actor.Manager.preinitializeAndResolveTypes(Manager.java:1040)
	at ptolemy.actor.Manager.initialize(Manager.java:710)
	at ptolemy.actor.Manager.execute(Manager.java:356)
	at ptolemy.actor.Manager.run(Manager.java:1263)
	at ptolemy.actor.Manager$PtolemyRunThread.run(Manager.java:1915)

    while executing
ptolemy.kernel.util.IllegalActionException: Found a zero delay loop containing .HierarchicalModel.A
  in .HierarchicalModel and .HierarchicalModel.A
    while executing
"java::new ptolemy.moml.MoMLSimpleApplication $file
"
    (procedure "createAndExecute" line 2)
    invoked from within
"createAndExecute $file"
    ("uplevel" body line 5)
    invoked from within
"uplevel $contents_of_test"
------------------ testing $PTII/ptolemy/domains/de/test/auto/knownFailedTests/DirectFeedback.xml (Known Failure) 
7 ms. Memory: 146944K Free: 86459K (59%)


==== $PTIIhome/travis/build/icyphy/ptII/ptolemy/domains/de/test/../../../../: Auto Automatic test in file $PTII/ptolemy/domains/de/test/auto/knownFailedTests/DirectFeedback.xml
==== Contents of test case:

	    # FIXME: we should use $relativeFilename here, but it
	    # might have backslashes under Windows, which causes no end
	    # of trouble.
	    createAndExecute $file
	    list {}
	
.... Test generated KNOWN error:
    while executing
ptolemy.kernel.util.IllegalActionException: Test fails in iteration 1.
Value was: 1.0. Should have been: 2.0
  in .DirectFeedback.Test
	at ptolemy.actor.lib.Test.fire(Test.java:268)
	at ptolemy.domains.de.kernel.DEDirector._fire(DEDirector.java:1949)
	at ptolemy.domains.de.kernel.DEDirector.fire(DEDirector.java:502)
	at ptolemy.actor.CompositeActor.fire(CompositeActor.java:455)
	at ptolemy.actor.Manager.iterate(Manager.java:851)
	at ptolemy.actor.Manager.execute(Manager.java:369)
	at ptolemy.actor.Manager.run(Manager.java:1263)
	at ptolemy.actor.Manager$PtolemyRunThread.run(Manager.java:1915)

    while executing
ptolemy.kernel.util.IllegalActionException: Test fails in iteration 1.
Value was: 1.0. Should have been: 2.0
  in .DirectFeedback.Test
    while executing
"java::new ptolemy.moml.MoMLSimpleApplication $file
"
    (procedure "createAndExecute" line 2)
    invoked from within
"createAndExecute $file"
    ("uplevel" body line 5)
    invoked from within
"uplevel $contents_of_test"
------------------ testing $PTII/ptolemy/domains/de/test/auto/ActorDepthCalculation_actorWithoutPorts.xml
auto.tcl: Setting watchdog for 200 seconds at Sat Mar 09 03:43:30 UTC 2019
4 ms. Memory: 146944K Free: 139977K (95%)
ptolemy.util.test.WatchDog.cancel(): canceling Sat Mar 09 03:43:30 UTC 2019
auto.tcl: Setting watchdog for 200 seconds at Sat Mar 09 03:43:30 UTC 2019
5 ms. Memory: 146944K Free: 137661K (94%)
ptolemy.util.test.WatchDog.cancel(): canceling Sat Mar 09 03:43:30 UTC 2019
------------------ testing $PTII/ptolemy/domains/de/test/auto/AssemblyLine.xml
auto.tcl: Setting watchdog for 200 seconds at Sat Mar 09 03:43:30 UTC 2019
15 ms. Memory: 208384K Free: 183332K (88%)
ptolemy.util.test.WatchDog.cancel(): canceling Sat Mar 09 03:43:30 UTC 2019
auto.tcl: Setting watchdog for 200 seconds at Sat Mar 09 03:43:30 UTC 2019
7 ms. Memory: 208384K Free: 183332K (88%)
ptolemy.util.test.WatchDog.cancel(): canceling Sat Mar 09 03:43:30 UTC 2019
------------------ testing $PTII/ptolemy/domains/de/test/auto/CQBug1.xml
auto.tcl: Setting watchdog for 200 seconds at Sat Mar 09 03:43:30 UTC 2019
11 ms. Memory: 208384K Free: 197865K (95%)
ptolemy.util.test.WatchDog.cancel(): canceling Sat Mar 09 03:43:30 UTC 2019
auto.tcl: Setting watchdog for 200 seconds at Sat Mar 09 03:43:30 UTC 2019
2 ms. Memory: 208384K Free: 197865K (95%)
ptolemy.util.test.WatchDog.cancel(): canceling Sat Mar 09 03:43:30 UTC 2019
------------------ testing $PTII/ptolemy/domains/de/test/auto/CancelFireAt.xml
auto.tcl: Setting watchdog for 200 seconds at Sat Mar 09 03:43:30 UTC 2019
5 ms. Memory: 208384K Free: 201542K (97%)
ptolemy.util.test.WatchDog.cancel(): canceling Sat Mar 09 03:43:30 UTC 2019
auto.tcl: Setting watchdog for 200 seconds at Sat Mar 09 03:43:30 UTC 2019
3 ms. Memory: 208384K Free: 199486K (96%)
ptolemy.util.test.WatchDog.cancel(): canceling Sat Mar 09 03:43:30 UTC 2019
------------------ testing $PTII/ptolemy/domains/de/test/auto/CausalityAndComposabilityAnalysis.xml
auto.tcl: Setting watchdog for 200 seconds at Sat Mar 09 03:43:30 UTC 2019
17 ms. Memory: 208384K Free: 198564K (95%)
ptolemy.util.test.WatchDog.cancel(): canceling Sat Mar 09 03:43:30 UTC 2019
auto.tcl: Setting watchdog for 200 seconds at Sat Mar 09 03:43:30 UTC 2019
14 ms. Memory: 208384K Free: 196508K (94%)
ptolemy.util.test.WatchDog.cancel(): canceling Sat Mar 09 03:43:31 UTC 2019
------------------ testing $PTII/ptolemy/domains/de/test/auto/CausalityInterface1.xml
auto.tcl: Setting watchdog for 200 seconds at Sat Mar 09 03:43:31 UTC 2019
12 ms. Memory: 208384K Free: 198501K (95%)
ptolemy.util.test.WatchDog.cancel(): canceling Sat Mar 09 03:43:31 UTC 2019
auto.tcl: Setting watchdog for 200 seconds at Sat Mar 09 03:43:31 UTC 2019
5 ms. Memory: 208384K Free: 196445K (94%)
ptolemy.util.test.WatchDog.cancel(): canceling Sat Mar 09 03:43:31 UTC 2019
------------------ testing $PTII/ptolemy/domains/de/test/auto/CausalityInterface15.xml
auto.tcl: Setting watchdog for 200 seconds at Sat Mar 09 03:43:31 UTC 2019
6 ms. Memory: 208384K Free: 196436K (94%)
ptolemy.util.test.WatchDog.cancel(): canceling Sat Mar 09 03:43:31 UTC 2019
auto.tcl: Setting watchdog for 200 seconds at Sat Mar 09 03:43:31 UTC 2019
8 ms. Memory: 208384K Free: 196436K (94%)
ptolemy.util.test.WatchDog.cancel(): canceling Sat Mar 09 03:43:31 UTC 2019
------------------ testing $PTII/ptolemy/domains/de/test/auto/CausalityInterface2.xml
auto.tcl: Setting watchdog for 200 seconds at Sat Mar 09 03:43:31 UTC 2019
8 ms. Memory: 208384K Free: 196396K (94%)
ptolemy.util.test.WatchDog.cancel(): canceling Sat Mar 09 03:43:31 UTC 2019
auto.tcl: Setting watchdog for 200 seconds at Sat Mar 09 03:43:31 UTC 2019
3 ms. Memory: 208384K Free: 196396K (94%)
ptolemy.util.test.WatchDog.cancel(): canceling Sat Mar 09 03:43:31 UTC 2019
------------------ testing $PTII/ptolemy/domains/de/test/auto/CausalityInterface3.xml
auto.tcl: Setting watchdog for 200 seconds at Sat Mar 09 03:43:31 UTC 2019
4 ms. Memory: 208384K Free: 196433K (94%)
ptolemy.util.test.WatchDog.cancel(): canceling Sat Mar 09 03:43:31 UTC 2019
auto.tcl: Setting watchdog for 200 seconds at Sat Mar 09 03:43:31 UTC 2019
4 ms. Memory: 208384K Free: 196433K (94%)
ptolemy.util.test.WatchDog.cancel(): canceling Sat Mar 09 03:43:31 UTC 2019
------------------ testing $PTII/ptolemy/domains/de/test/auto/ClockDrift.xml
auto.tcl: Setting watchdog for 200 seconds at Sat Mar 09 03:43:31 UTC 2019
63 ms. Memory: 208384K Free: 187748K (90%)
ptolemy.util.test.WatchDog.cancel(): canceling Sat Mar 09 03:43:31 UTC 2019
auto.tcl: Setting watchdog for 200 seconds at Sat Mar 09 03:43:31 UTC 2019
39 ms. Memory: 208384K Free: 185684K (89%)
ptolemy.util.test.WatchDog.cancel(): canceling Sat Mar 09 03:43:31 UTC 2019
------------------ testing $PTII/ptolemy/domains/de/test/auto/ClockDriftAndValueChange.xml
auto.tcl: Setting watchdog for 200 seconds at Sat Mar 09 03:43:31 UTC 2019
54 ms. Memory: 208384K Free: 189658K (91%)
ptolemy.util.test.WatchDog.cancel(): canceling Sat Mar 09 03:43:31 UTC 2019
auto.tcl: Setting watchdog for 200 seconds at Sat Mar 09 03:43:31 UTC 2019
26 ms. Memory: 208384K Free: 185530K (89%)
ptolemy.util.test.WatchDog.cancel(): canceling Sat Mar 09 03:43:31 UTC 2019
------------------ testing $PTII/ptolemy/domains/de/test/auto/ClockDriftChange.xml
auto.tcl: Setting watchdog for 200 seconds at Sat Mar 09 03:43:31 UTC 2019
44 ms. Memory: 208384K Free: 190903K (92%)
ptolemy.util.test.WatchDog.cancel(): canceling Sat Mar 09 03:43:31 UTC 2019
auto.tcl: Setting watchdog for 200 seconds at Sat Mar 09 03:43:31 UTC 2019
29 ms. Memory: 208384K Free: 188847K (91%)
ptolemy.util.test.WatchDog.cancel(): canceling Sat Mar 09 03:43:31 UTC 2019
------------------ testing $PTII/ptolemy/domains/de/test/auto/ComposableCausalityAnalysis.xml
auto.tcl: Setting watchdog for 200 seconds at Sat Mar 09 03:43:32 UTC 2019
8 ms. Memory: 208384K Free: 196279K (94%)
ptolemy.util.test.WatchDog.cancel(): canceling Sat Mar 09 03:43:32 UTC 2019
auto.tcl: Setting watchdog for 200 seconds at Sat Mar 09 03:43:32 UTC 2019
2 ms. Memory: 208384K Free: 196279K (94%)
ptolemy.util.test.WatchDog.cancel(): canceling Sat Mar 09 03:43:32 UTC 2019
------------------ testing $PTII/ptolemy/domains/de/test/auto/DEFixedPointLimitation.xml
auto.tcl: Setting watchdog for 200 seconds at Sat Mar 09 03:43:32 UTC 2019
3 ms. Memory: 208384K Free: 198416K (95%)
ptolemy.util.test.WatchDog.cancel(): canceling Sat Mar 09 03:43:32 UTC 2019
auto.tcl: Setting watchdog for 200 seconds at Sat Mar 09 03:43:32 UTC 2019
1 ms. Memory: 208384K Free: 196360K (94%)
ptolemy.util.test.WatchDog.cancel(): canceling Sat Mar 09 03:43:32 UTC 2019
------------------ testing $PTII/ptolemy/domains/de/test/auto/DEScheduleTest.xml
auto.tcl: Setting watchdog for 200 seconds at Sat Mar 09 03:43:32 UTC 2019
10 ms. Memory: 208384K Free: 198459K (95%)
ptolemy.util.test.WatchDog.cancel(): canceling Sat Mar 09 03:43:32 UTC 2019
auto.tcl: Setting watchdog for 200 seconds at Sat Mar 09 03:43:32 UTC 2019
5 ms. Memory: 208384K Free: 196387K (94%)
ptolemy.util.test.WatchDog.cancel(): canceling Sat Mar 09 03:43:32 UTC 2019
------------------ testing $PTII/ptolemy/domains/de/test/auto/DEinDEwithStartTimes.xml
auto.tcl: Setting watchdog for 200 seconds at Sat Mar 09 03:43:32 UTC 2019
4 ms. Memory: 208384K Free: 196365K (94%)
ptolemy.util.test.WatchDog.cancel(): canceling Sat Mar 09 03:43:32 UTC 2019
auto.tcl: Setting watchdog for 200 seconds at Sat Mar 09 03:43:32 UTC 2019
3 ms. Memory: 208384K Free: 196365K (94%)
ptolemy.util.test.WatchDog.cancel(): canceling Sat Mar 09 03:43:32 UTC 2019
------------------ testing $PTII/ptolemy/domains/de/test/auto/DEinDEwithStartTimes2.xml
auto.tcl: Setting watchdog for 200 seconds at Sat Mar 09 03:43:32 UTC 2019
5 ms. Memory: 208384K Free: 196337K (94%)
ptolemy.util.test.WatchDog.cancel(): canceling Sat Mar 09 03:43:32 UTC 2019
auto.tcl: Setting watchdog for 200 seconds at Sat Mar 09 03:43:32 UTC 2019
5 ms. Memory: 208384K Free: 194280K (93%)
ptolemy.util.test.WatchDog.cancel(): canceling Sat Mar 09 03:43:32 UTC 2019
------------------ testing $PTII/ptolemy/domains/de/test/auto/DateDemo.xml
auto.tcl: Setting watchdog for 200 seconds at Sat Mar 09 03:43:32 UTC 2019
12 ms. Memory: 208384K Free: 188882K (91%)
ptolemy.util.test.WatchDog.cancel(): canceling Sat Mar 09 03:43:32 UTC 2019
auto.tcl: Setting watchdog for 200 seconds at Sat Mar 09 03:43:32 UTC 2019
12 ms. Memory: 208384K Free: 186818K (90%)
ptolemy.util.test.WatchDog.cancel(): canceling Sat Mar 09 03:43:32 UTC 2019
------------------ testing $PTII/ptolemy/domains/de/test/auto/DateToEvent.xml
auto.tcl: Setting watchdog for 200 seconds at Sat Mar 09 03:43:32 UTC 2019
2011 ms. Memory: 208384K Free: 183689K (88%)
ptolemy.util.test.WatchDog.cancel(): canceling Sat Mar 09 03:43:34 UTC 2019
auto.tcl: Setting watchdog for 200 seconds at Sat Mar 09 03:43:34 UTC 2019
2006 ms. Memory: 208384K Free: 183689K (88%)
ptolemy.util.test.WatchDog.cancel(): canceling Sat Mar 09 03:43:36 UTC 2019
------------------ testing $PTII/ptolemy/domains/de/test/auto/DepthTest1.xml
auto.tcl: Setting watchdog for 200 seconds at Sat Mar 09 03:43:36 UTC 2019
6 ms. Memory: 208384K Free: 195531K (94%)
ptolemy.util.test.WatchDog.cancel(): canceling Sat Mar 09 03:43:36 UTC 2019
auto.tcl: Setting watchdog for 200 seconds at Sat Mar 09 03:43:36 UTC 2019
1 ms. Memory: 208384K Free: 195531K (94%)
ptolemy.util.test.WatchDog.cancel(): canceling Sat Mar 09 03:43:36 UTC 2019
------------------ testing $PTII/ptolemy/domains/de/test/auto/DepthTest2.xml
auto.tcl: Setting watchdog for 200 seconds at Sat Mar 09 03:43:36 UTC 2019
8 ms. Memory: 208384K Free: 194286K (93%)
ptolemy.util.test.WatchDog.cancel(): canceling Sat Mar 09 03:43:36 UTC 2019
auto.tcl: Setting watchdog for 200 seconds at Sat Mar 09 03:43:36 UTC 2019
3 ms. Memory: 208384K Free: 194286K (93%)
ptolemy.util.test.WatchDog.cancel(): canceling Sat Mar 09 03:43:36 UTC 2019
------------------ testing $PTII/ptolemy/domains/de/test/auto/DepthTest3.xml
auto.tcl: Setting watchdog for 200 seconds at Sat Mar 09 03:43:36 UTC 2019
2 ms. Memory: 208384K Free: 198322K (95%)
ptolemy.util.test.WatchDog.cancel(): canceling Sat Mar 09 03:43:36 UTC 2019
auto.tcl: Setting watchdog for 200 seconds at Sat Mar 09 03:43:36 UTC 2019
1 ms. Memory: 208384K Free: 198322K (95%)
ptolemy.util.test.WatchDog.cancel(): canceling Sat Mar 09 03:43:36 UTC 2019
------------------ testing $PTII/ptolemy/domains/de/test/auto/DepthTest4.xml
auto.tcl: Setting watchdog for 200 seconds at Sat Mar 09 03:43:37 UTC 2019
7 ms. Memory: 208384K Free: 196329K (94%)
ptolemy.util.test.WatchDog.cancel(): canceling Sat Mar 09 03:43:37 UTC 2019
auto.tcl: Setting watchdog for 200 seconds at Sat Mar 09 03:43:37 UTC 2019
3 ms. Memory: 208384K Free: 196329K (94%)
ptolemy.util.test.WatchDog.cancel(): canceling Sat Mar 09 03:43:37 UTC 2019
------------------ testing $PTII/ptolemy/domains/de/test/auto/DepthTest5.xml
auto.tcl: Setting watchdog for 200 seconds at Sat Mar 09 03:43:37 UTC 2019
4 ms. Memory: 208384K Free: 196293K (94%)
ptolemy.util.test.WatchDog.cancel(): canceling Sat Mar 09 03:43:37 UTC 2019
auto.tcl: Setting watchdog for 200 seconds at Sat Mar 09 03:43:37 UTC 2019
2 ms. Memory: 208384K Free: 196293K (94%)
ptolemy.util.test.WatchDog.cancel(): canceling Sat Mar 09 03:43:37 UTC 2019
------------------ testing $PTII/ptolemy/domains/de/test/auto/DepthTest6.xml
auto.tcl: Setting watchdog for 200 seconds at Sat Mar 09 03:43:37 UTC 2019
7 ms. Memory: 208384K Free: 196285K (94%)
ptolemy.util.test.WatchDog.cancel(): canceling Sat Mar 09 03:43:37 UTC 2019
auto.tcl: Setting watchdog for 200 seconds at Sat Mar 09 03:43:37 UTC 2019
3 ms. Memory: 208384K Free: 196285K (94%)
ptolemy.util.test.WatchDog.cancel(): canceling Sat Mar 09 03:43:37 UTC 2019
------------------ testing $PTII/ptolemy/domains/de/test/auto/DepthTest7.xml
auto.tcl: Setting watchdog for 200 seconds at Sat Mar 09 03:43:37 UTC 2019
3 ms. Memory: 208384K Free: 196249K (94%)
ptolemy.util.test.WatchDog.cancel(): canceling Sat Mar 09 03:43:37 UTC 2019
auto.tcl: Setting watchdog for 200 seconds at Sat Mar 09 03:43:37 UTC 2019
4 ms. Memory: 208384K Free: 196249K (94%)
ptolemy.util.test.WatchDog.cancel(): canceling Sat Mar 09 03:43:37 UTC 2019
------------------ testing $PTII/ptolemy/domains/de/test/auto/EventToDate.xml
auto.tcl: Setting watchdog for 200 seconds at Sat Mar 09 03:43:37 UTC 2019
3010 ms. Memory: 208384K Free: 187998K (90%)
ptolemy.util.test.WatchDog.cancel(): canceling Sat Mar 09 03:43:40 UTC 2019
auto.tcl: Setting watchdog for 200 seconds at Sat Mar 09 03:43:40 UTC 2019
3004 ms. Memory: 208384K Free: 185926K (89%)
ptolemy.util.test.WatchDog.cancel(): canceling Sat Mar 09 03:43:43 UTC 2019
------------------ testing $PTII/ptolemy/domains/de/test/auto/FSM1.xml
auto.tcl: Setting watchdog for 200 seconds at Sat Mar 09 03:43:43 UTC 2019
33 ms. Memory: 208384K Free: 189350K (91%)
ptolemy.util.test.WatchDog.cancel(): canceling Sat Mar 09 03:43:43 UTC 2019
auto.tcl: Setting watchdog for 200 seconds at Sat Mar 09 03:43:43 UTC 2019
17 ms. Memory: 208384K Free: 185221K (89%)
ptolemy.util.test.WatchDog.cancel(): canceling Sat Mar 09 03:43:43 UTC 2019
------------------ testing $PTII/ptolemy/domains/de/test/auto/FSM7.xml
auto.tcl: Setting watchdog for 200 seconds at Sat Mar 09 03:43:43 UTC 2019
22 ms. Memory: 208384K Free: 189562K (91%)
ptolemy.util.test.WatchDog.cancel(): canceling Sat Mar 09 03:43:43 UTC 2019
auto.tcl: Setting watchdog for 200 seconds at Sat Mar 09 03:43:43 UTC 2019
26 ms. Memory: 208384K Free: 185418K (89%)
ptolemy.util.test.WatchDog.cancel(): canceling Sat Mar 09 03:43:43 UTC 2019
------------------ testing $PTII/ptolemy/domains/de/test/auto/Inspection.xml
auto.tcl: Setting watchdog for 200 seconds at Sat Mar 09 03:43:43 UTC 2019
52 ms. Memory: 208384K Free: 189240K (91%)
ptolemy.util.test.WatchDog.cancel(): canceling Sat Mar 09 03:43:43 UTC 2019
auto.tcl: Setting watchdog for 200 seconds at Sat Mar 09 03:43:43 UTC 2019
37 ms. Memory: 208384K Free: 187184K (90%)
ptolemy.util.test.WatchDog.cancel(): canceling Sat Mar 09 03:43:43 UTC 2019
------------------ testing $PTII/ptolemy/domains/de/test/auto/Iteration.xml
auto.tcl: Setting watchdog for 200 seconds at Sat Mar 09 03:43:43 UTC 2019
10 ms. Memory: 208384K Free: 196578K (94%)
ptolemy.util.test.WatchDog.cancel(): canceling Sat Mar 09 03:43:43 UTC 2019
auto.tcl: Setting watchdog for 200 seconds at Sat Mar 09 03:43:43 UTC 2019
9 ms. Memory: 208384K Free: 194514K (93%)
ptolemy.util.test.WatchDog.cancel(): canceling Sat Mar 09 03:43:44 UTC 2019
------------------ testing $PTII/ptolemy/domains/de/test/auto/LineFault.xml
auto.tcl: Setting watchdog for 200 seconds at Sat Mar 09 03:43:44 UTC 2019
735 ms. Memory: 208384K Free: 198327K (95%)
ptolemy.util.test.WatchDog.cancel(): canceling Sat Mar 09 03:43:45 UTC 2019
auto.tcl: Setting watchdog for 200 seconds at Sat Mar 09 03:43:45 UTC 2019
673 ms. Memory: 208384K Free: 142542K (68%)
ptolemy.util.test.WatchDog.cancel(): canceling Sat Mar 09 03:43:45 UTC 2019
------------------ testing $PTII/ptolemy/domains/de/test/auto/MergeModel1Add.xml
auto.tcl: Setting watchdog for 200 seconds at Sat Mar 09 03:43:45 UTC 2019
26 ms. Memory: 331264K Free: 302867K (91%)
ptolemy.util.test.WatchDog.cancel(): canceling Sat Mar 09 03:43:45 UTC 2019
auto.tcl: Setting watchdog for 200 seconds at Sat Mar 09 03:43:45 UTC 2019
11 ms. Memory: 331264K Free: 298955K (90%)
ptolemy.util.test.WatchDog.cancel(): canceling Sat Mar 09 03:43:45 UTC 2019
------------------ testing $PTII/ptolemy/domains/de/test/auto/MergeModel2Add.xml
auto.tcl: Setting watchdog for 200 seconds at Sat Mar 09 03:43:46 UTC 2019
13 ms. Memory: 331264K Free: 304230K (92%)
ptolemy.util.test.WatchDog.cancel(): canceling Sat Mar 09 03:43:46 UTC 2019
auto.tcl: Setting watchdog for 200 seconds at Sat Mar 09 03:43:46 UTC 2019
8 ms. Memory: 331264K Free: 304230K (92%)
ptolemy.util.test.WatchDog.cancel(): canceling Sat Mar 09 03:43:46 UTC 2019
------------------ testing $PTII/ptolemy/domains/de/test/auto/MergeModel3Add.xml
auto.tcl: Setting watchdog for 200 seconds at Sat Mar 09 03:43:46 UTC 2019
11 ms. Memory: 331264K Free: 304208K (92%)
ptolemy.util.test.WatchDog.cancel(): canceling Sat Mar 09 03:43:46 UTC 2019
auto.tcl: Setting watchdog for 200 seconds at Sat Mar 09 03:43:46 UTC 2019
9 ms. Memory: 331264K Free: 304208K (92%)
ptolemy.util.test.WatchDog.cancel(): canceling Sat Mar 09 03:43:46 UTC 2019
------------------ testing $PTII/ptolemy/domains/de/test/auto/MergeWithoutDiscard.xml
auto.tcl: Setting watchdog for 200 seconds at Sat Mar 09 03:43:46 UTC 2019
2 ms. Memory: 331264K Free: 320342K (97%)
ptolemy.util.test.WatchDog.cancel(): canceling Sat Mar 09 03:43:46 UTC 2019
auto.tcl: Setting watchdog for 200 seconds at Sat Mar 09 03:43:46 UTC 2019
2 ms. Memory: 331264K Free: 316429K (96%)
ptolemy.util.test.WatchDog.cancel(): canceling Sat Mar 09 03:43:46 UTC 2019
------------------ testing $PTII/ptolemy/domains/de/test/auto/Modal1.xml
auto.tcl: Setting watchdog for 200 seconds at Sat Mar 09 03:43:46 UTC 2019
15 ms. Memory: 331264K Free: 309918K (94%)
ptolemy.util.test.WatchDog.cancel(): canceling Sat Mar 09 03:43:46 UTC 2019
auto.tcl: Setting watchdog for 200 seconds at Sat Mar 09 03:43:46 UTC 2019
18 ms. Memory: 331264K Free: 305990K (92%)
ptolemy.util.test.WatchDog.cancel(): canceling Sat Mar 09 03:43:46 UTC 2019
------------------ testing $PTII/ptolemy/domains/de/test/auto/Modal2.xml
auto.tcl: Setting watchdog for 200 seconds at Sat Mar 09 03:43:46 UTC 2019
19 ms. Memory: 331264K Free: 309808K (94%)
ptolemy.util.test.WatchDog.cancel(): canceling Sat Mar 09 03:43:46 UTC 2019
auto.tcl: Setting watchdog for 200 seconds at Sat Mar 09 03:43:46 UTC 2019
13 ms. Memory: 331264K Free: 305879K (92%)
ptolemy.util.test.WatchDog.cancel(): canceling Sat Mar 09 03:43:46 UTC 2019
------------------ testing $PTII/ptolemy/domains/de/test/auto/Modal3.xml
auto.tcl: Setting watchdog for 200 seconds at Sat Mar 09 03:43:46 UTC 2019
14 ms. Memory: 331264K Free: 309774K (94%)
ptolemy.util.test.WatchDog.cancel(): canceling Sat Mar 09 03:43:46 UTC 2019
auto.tcl: Setting watchdog for 200 seconds at Sat Mar 09 03:43:46 UTC 2019
12 ms. Memory: 331264K Free: 305862K (92%)
ptolemy.util.test.WatchDog.cancel(): canceling Sat Mar 09 03:43:46 UTC 2019
------------------ testing $PTII/ptolemy/domains/de/test/auto/Modal4.xml
auto.tcl: Setting watchdog for 200 seconds at Sat Mar 09 03:43:46 UTC 2019
25 ms. Memory: 331264K Free: 309788K (94%)
ptolemy.util.test.WatchDog.cancel(): canceling Sat Mar 09 03:43:46 UTC 2019
auto.tcl: Setting watchdog for 200 seconds at Sat Mar 09 03:43:46 UTC 2019
24 ms. Memory: 331264K Free: 305859K (92%)
ptolemy.util.test.WatchDog.cancel(): canceling Sat Mar 09 03:43:46 UTC 2019
------------------ testing $PTII/ptolemy/domains/de/test/auto/Modal5.xml
auto.tcl: Setting watchdog for 200 seconds at Sat Mar 09 03:43:46 UTC 2019
22 ms. Memory: 331264K Free: 309783K (94%)
ptolemy.util.test.WatchDog.cancel(): canceling Sat Mar 09 03:43:46 UTC 2019
auto.tcl: Setting watchdog for 200 seconds at Sat Mar 09 03:43:46 UTC 2019
12 ms. Memory: 331264K Free: 305854K (92%)
ptolemy.util.test.WatchDog.cancel(): canceling Sat Mar 09 03:43:46 UTC 2019
------------------ testing $PTII/ptolemy/domains/de/test/auto/Modal6.xml
auto.tcl: Setting watchdog for 200 seconds at Sat Mar 09 03:43:46 UTC 2019
12 ms. Memory: 331264K Free: 309780K (94%)
ptolemy.util.test.WatchDog.cancel(): canceling Sat Mar 09 03:43:47 UTC 2019
auto.tcl: Setting watchdog for 200 seconds at Sat Mar 09 03:43:47 UTC 2019
14 ms. Memory: 331264K Free: 305851K (92%)
ptolemy.util.test.WatchDog.cancel(): canceling Sat Mar 09 03:43:47 UTC 2019
------------------ testing $PTII/ptolemy/domains/de/test/auto/Modal7.xml
auto.tcl: Setting watchdog for 200 seconds at Sat Mar 09 03:43:47 UTC 2019
26 ms. Memory: 331264K Free: 309732K (94%)
ptolemy.util.test.WatchDog.cancel(): canceling Sat Mar 09 03:43:47 UTC 2019
auto.tcl: Setting watchdog for 200 seconds at Sat Mar 09 03:43:47 UTC 2019
15 ms. Memory: 331264K Free: 305812K (92%)
ptolemy.util.test.WatchDog.cancel(): canceling Sat Mar 09 03:43:47 UTC 2019
------------------ testing $PTII/ptolemy/domains/de/test/auto/ModalModel.xml
auto.tcl: Setting watchdog for 200 seconds at Sat Mar 09 03:43:47 UTC 2019
216 ms. Memory: 331264K Free: 250026K (75%)
ptolemy.util.test.WatchDog.cancel(): canceling Sat Mar 09 03:43:47 UTC 2019
auto.tcl: Setting watchdog for 200 seconds at Sat Mar 09 03:43:47 UTC 2019
184 ms. Memory: 331264K Free: 191260K (58%)
ptolemy.util.test.WatchDog.cancel(): canceling Sat Mar 09 03:43:47 UTC 2019
------------------ testing $PTII/ptolemy/domains/de/test/auto/ModalSource.xml
auto.tcl: Setting watchdog for 200 seconds at Sat Mar 09 03:43:47 UTC 2019
6 ms. Memory: 331264K Free: 316565K (96%)
ptolemy.util.test.WatchDog.cancel(): canceling Sat Mar 09 03:43:47 UTC 2019
auto.tcl: Setting watchdog for 200 seconds at Sat Mar 09 03:43:47 UTC 2019
7 ms. Memory: 331264K Free: 313062K (95%)
ptolemy.util.test.WatchDog.cancel(): canceling Sat Mar 09 03:43:47 UTC 2019
------------------ testing $PTII/ptolemy/domains/de/test/auto/NonInterruptibleTimerZeroDelay.xml
auto.tcl: Setting watchdog for 200 seconds at Sat Mar 09 03:43:47 UTC 2019
5 ms. Memory: 331264K Free: 321005K (97%)
ptolemy.util.test.WatchDog.cancel(): canceling Sat Mar 09 03:43:47 UTC 2019
auto.tcl: Setting watchdog for 200 seconds at Sat Mar 09 03:43:47 UTC 2019
3 ms. Memory: 331264K Free: 317502K (96%)
ptolemy.util.test.WatchDog.cancel(): canceling Sat Mar 09 03:43:47 UTC 2019
------------------ testing $PTII/ptolemy/domains/de/test/auto/OpenQueueingNetwork.xml
auto.tcl: Setting watchdog for 200 seconds at Sat Mar 09 03:43:47 UTC 2019
3585 ms. Memory: 573952K Free: 359911K (63%)
ptolemy.util.test.WatchDog.cancel(): canceling Sat Mar 09 03:43:51 UTC 2019
auto.tcl: Setting watchdog for 200 seconds at Sat Mar 09 03:43:51 UTC 2019
2757 ms. Memory: 550912K Free: 236007K (43%)
ptolemy.util.test.WatchDog.cancel(): canceling Sat Mar 09 03:43:54 UTC 2019
------------------ testing $PTII/ptolemy/domains/de/test/auto/OpenQueuingNetwork.xml
auto.tcl: Setting watchdog for 200 seconds at Sat Mar 09 03:43:54 UTC 2019
288 ms. Memory: 549888K Free: 445785K (81%)
ptolemy.util.test.WatchDog.cancel(): canceling Sat Mar 09 03:43:54 UTC 2019
auto.tcl: Setting watchdog for 200 seconds at Sat Mar 09 03:43:54 UTC 2019
273 ms. Memory: 549888K Free: 380666K (69%)
ptolemy.util.test.WatchDog.cancel(): canceling Sat Mar 09 03:43:55 UTC 2019
------------------ testing $PTII/ptolemy/domains/de/test/auto/PeriodicSampler.xml
auto.tcl: Setting watchdog for 200 seconds at Sat Mar 09 03:43:55 UTC 2019
2 ms. Memory: 551936K Free: 530791K (96%)
ptolemy.util.test.WatchDog.cancel(): canceling Sat Mar 09 03:43:55 UTC 2019
auto.tcl: Setting watchdog for 200 seconds at Sat Mar 09 03:43:55 UTC 2019
2 ms. Memory: 551936K Free: 530791K (96%)
ptolemy.util.test.WatchDog.cancel(): canceling Sat Mar 09 03:43:55 UTC 2019
------------------ testing $PTII/ptolemy/domains/de/test/auto/PersistentIO.xml
auto.tcl: Setting watchdog for 200 seconds at Sat Mar 09 03:43:55 UTC 2019
7 ms. Memory: 549376K Free: 522656K (95%)
ptolemy.util.test.WatchDog.cancel(): canceling Sat Mar 09 03:43:55 UTC 2019
auto.tcl: Setting watchdog for 200 seconds at Sat Mar 09 03:43:55 UTC 2019
4 ms. Memory: 549376K Free: 522656K (95%)
ptolemy.util.test.WatchDog.cancel(): canceling Sat Mar 09 03:43:55 UTC 2019
------------------ testing $PTII/ptolemy/domains/de/test/auto/PortParameterResetOnInitialize.xml
auto.tcl: Setting watchdog for 200 seconds at Sat Mar 09 03:43:55 UTC 2019
2 ms. Memory: 551424K Free: 530740K (96%)
ptolemy.util.test.WatchDog.cancel(): canceling Sat Mar 09 03:43:55 UTC 2019
auto.tcl: Setting watchdog for 200 seconds at Sat Mar 09 03:43:55 UTC 2019
2 ms. Memory: 551424K Free: 530740K (96%)
ptolemy.util.test.WatchDog.cancel(): canceling Sat Mar 09 03:43:55 UTC 2019
------------------ testing $PTII/ptolemy/domains/de/test/auto/PortParameterUpdates.xml
auto.tcl: Setting watchdog for 200 seconds at Sat Mar 09 03:43:55 UTC 2019
4 ms. Memory: 549376K Free: 533505K (97%)
ptolemy.util.test.WatchDog.cancel(): canceling Sat Mar 09 03:43:55 UTC 2019
auto.tcl: Setting watchdog for 200 seconds at Sat Mar 09 03:43:55 UTC 2019
6 ms. Memory: 549376K Free: 533505K (97%)
ptolemy.util.test.WatchDog.cancel(): canceling Sat Mar 09 03:43:55 UTC 2019
------------------ testing $PTII/ptolemy/domains/de/test/auto/QueueAndServer.xml
auto.tcl: Setting watchdog for 200 seconds at Sat Mar 09 03:43:55 UTC 2019
16 ms. Memory: 551424K Free: 535516K (97%)
ptolemy.util.test.WatchDog.cancel(): canceling Sat Mar 09 03:43:55 UTC 2019
auto.tcl: Setting watchdog for 200 seconds at Sat Mar 09 03:43:55 UTC 2019
9 ms. Memory: 551424K Free: 528988K (96%)
ptolemy.util.test.WatchDog.cancel(): canceling Sat Mar 09 03:43:55 UTC 2019
------------------ testing $PTII/ptolemy/domains/de/test/auto/Records.xml
auto.tcl: Setting watchdog for 200 seconds at Sat Mar 09 03:43:55 UTC 2019
5 ms. Memory: 549376K Free: 533410K (97%)
ptolemy.util.test.WatchDog.cancel(): canceling Sat Mar 09 03:43:55 UTC 2019
auto.tcl: Setting watchdog for 200 seconds at Sat Mar 09 03:43:55 UTC 2019
2 ms. Memory: 549376K Free: 533410K (97%)
ptolemy.util.test.WatchDog.cancel(): canceling Sat Mar 09 03:43:55 UTC 2019
------------------ testing $PTII/ptolemy/domains/de/test/auto/ResetTransitionWithStartTime1.xml
auto.tcl: Setting watchdog for 200 seconds at Sat Mar 09 03:43:55 UTC 2019
11 ms. Memory: 551424K Free: 528954K (96%)
ptolemy.util.test.WatchDog.cancel(): canceling Sat Mar 09 03:43:55 UTC 2019
auto.tcl: Setting watchdog for 200 seconds at Sat Mar 09 03:43:55 UTC 2019
6 ms. Memory: 551424K Free: 528954K (96%)
ptolemy.util.test.WatchDog.cancel(): canceling Sat Mar 09 03:43:55 UTC 2019
------------------ testing $PTII/ptolemy/domains/de/test/auto/ResetTransitionWithStartTime2.xml
auto.tcl: Setting watchdog for 200 seconds at Sat Mar 09 03:43:55 UTC 2019
5 ms. Memory: 549376K Free: 533779K (97%)
ptolemy.util.test.WatchDog.cancel(): canceling Sat Mar 09 03:43:55 UTC 2019
auto.tcl: Setting watchdog for 200 seconds at Sat Mar 09 03:43:55 UTC 2019
8 ms. Memory: 549376K Free: 527264K (96%)
ptolemy.util.test.WatchDog.cancel(): canceling Sat Mar 09 03:43:55 UTC 2019
------------------ testing $PTII/ptolemy/domains/de/test/auto/ResetTransitionWithStartTime3.xml
auto.tcl: Setting watchdog for 200 seconds at Sat Mar 09 03:43:55 UTC 2019
9 ms. Memory: 550912K Free: 534961K (97%)
ptolemy.util.test.WatchDog.cancel(): canceling Sat Mar 09 03:43:55 UTC 2019
auto.tcl: Setting watchdog for 200 seconds at Sat Mar 09 03:43:55 UTC 2019
10 ms. Memory: 550912K Free: 528446K (96%)
ptolemy.util.test.WatchDog.cancel(): canceling Sat Mar 09 03:43:55 UTC 2019
------------------ testing $PTII/ptolemy/domains/de/test/auto/ResetTransitionWithStartTime4.xml
auto.tcl: Setting watchdog for 200 seconds at Sat Mar 09 03:43:55 UTC 2019
5 ms. Memory: 549376K Free: 526912K (96%)
ptolemy.util.test.WatchDog.cancel(): canceling Sat Mar 09 03:43:55 UTC 2019
auto.tcl: Setting watchdog for 200 seconds at Sat Mar 09 03:43:55 UTC 2019
5 ms. Memory: 549376K Free: 526912K (96%)
ptolemy.util.test.WatchDog.cancel(): canceling Sat Mar 09 03:43:55 UTC 2019
------------------ testing $PTII/ptolemy/domains/de/test/auto/ResettableTimer1.xml
auto.tcl: Setting watchdog for 200 seconds at Sat Mar 09 03:43:55 UTC 2019
3 ms. Memory: 550912K Free: 534955K (97%)
ptolemy.util.test.WatchDog.cancel(): canceling Sat Mar 09 03:43:56 UTC 2019
auto.tcl: Setting watchdog for 200 seconds at Sat Mar 09 03:43:56 UTC 2019
3 ms. Memory: 550912K Free: 534955K (97%)
ptolemy.util.test.WatchDog.cancel(): canceling Sat Mar 09 03:43:56 UTC 2019
------------------ testing $PTII/ptolemy/domains/de/test/auto/ResettableTimer2.xml
auto.tcl: Setting watchdog for 200 seconds at Sat Mar 09 03:43:56 UTC 2019
2 ms. Memory: 549376K Free: 533830K (97%)
ptolemy.util.test.WatchDog.cancel(): canceling Sat Mar 09 03:43:56 UTC 2019
auto.tcl: Setting watchdog for 200 seconds at Sat Mar 09 03:43:56 UTC 2019
2 ms. Memory: 549376K Free: 533830K (97%)
ptolemy.util.test.WatchDog.cancel(): canceling Sat Mar 09 03:43:56 UTC 2019
------------------ testing $PTII/ptolemy/domains/de/test/auto/ResettableTimer3.xml
auto.tcl: Setting watchdog for 200 seconds at Sat Mar 09 03:43:56 UTC 2019
1 ms. Memory: 550912K Free: 535013K (97%)
ptolemy.util.test.WatchDog.cancel(): canceling Sat Mar 09 03:43:56 UTC 2019
auto.tcl: Setting watchdog for 200 seconds at Sat Mar 09 03:43:56 UTC 2019
1 ms. Memory: 550912K Free: 535013K (97%)
ptolemy.util.test.WatchDog.cancel(): canceling Sat Mar 09 03:43:56 UTC 2019
------------------ testing $PTII/ptolemy/domains/de/test/auto/ResettableTimer4.xml
auto.tcl: Setting watchdog for 200 seconds at Sat Mar 09 03:43:56 UTC 2019
1 ms. Memory: 549376K Free: 533843K (97%)
ptolemy.util.test.WatchDog.cancel(): canceling Sat Mar 09 03:43:56 UTC 2019
auto.tcl: Setting watchdog for 200 seconds at Sat Mar 09 03:43:56 UTC 2019
1 ms. Memory: 549376K Free: 533843K (97%)
ptolemy.util.test.WatchDog.cancel(): canceling Sat Mar 09 03:43:56 UTC 2019
------------------ testing $PTII/ptolemy/domains/de/test/auto/ResettableTimer5.xml
auto.tcl: Setting watchdog for 200 seconds at Sat Mar 09 03:43:56 UTC 2019
2 ms. Memory: 550400K Free: 530185K (96%)
ptolemy.util.test.WatchDog.cancel(): canceling Sat Mar 09 03:43:56 UTC 2019
auto.tcl: Setting watchdog for 200 seconds at Sat Mar 09 03:43:56 UTC 2019
2 ms. Memory: 550400K Free: 530185K (96%)
ptolemy.util.test.WatchDog.cancel(): canceling Sat Mar 09 03:43:56 UTC 2019
------------------ testing $PTII/ptolemy/domains/de/test/auto/ResettableTimer6.xml
auto.tcl: Setting watchdog for 200 seconds at Sat Mar 09 03:43:56 UTC 2019
5 ms. Memory: 549376K Free: 528757K (96%)
ptolemy.util.test.WatchDog.cancel(): canceling Sat Mar 09 03:43:56 UTC 2019
auto.tcl: Setting watchdog for 200 seconds at Sat Mar 09 03:43:56 UTC 2019
1 ms. Memory: 549376K Free: 528757K (96%)
ptolemy.util.test.WatchDog.cancel(): canceling Sat Mar 09 03:43:56 UTC 2019
------------------ testing $PTII/ptolemy/domains/de/test/auto/ServerZeroDelay.xml
auto.tcl: Setting watchdog for 200 seconds at Sat Mar 09 03:43:56 UTC 2019
4 ms. Memory: 550400K Free: 534804K (97%)
ptolemy.util.test.WatchDog.cancel(): canceling Sat Mar 09 03:43:56 UTC 2019
auto.tcl: Setting watchdog for 200 seconds at Sat Mar 09 03:43:56 UTC 2019
2 ms. Memory: 550400K Free: 534804K (97%)
ptolemy.util.test.WatchDog.cancel(): canceling Sat Mar 09 03:43:56 UTC 2019
------------------ testing $PTII/ptolemy/domains/de/test/auto/SmartSender.xml
auto.tcl: Setting watchdog for 200 seconds at Sat Mar 09 03:43:56 UTC 2019
3001 ms. Memory: 549376K Free: 529095K (96%)
ptolemy.util.test.WatchDog.cancel(): canceling Sat Mar 09 03:43:59 UTC 2019
auto.tcl: Setting watchdog for 200 seconds at Sat Mar 09 03:43:59 UTC 2019
3002 ms. Memory: 549376K Free: 529095K (96%)
ptolemy.util.test.WatchDog.cancel(): canceling Sat Mar 09 03:44:02 UTC 2019
------------------ testing $PTII/ptolemy/domains/de/test/auto/ThreadedComposite.xml
auto.tcl: Setting watchdog for 200 seconds at Sat Mar 09 03:44:02 UTC 2019
289 ms. Memory: 550400K Free: 513909K (93%)
ptolemy.util.test.WatchDog.cancel(): canceling Sat Mar 09 03:44:02 UTC 2019
auto.tcl: Setting watchdog for 200 seconds at Sat Mar 09 03:44:02 UTC 2019
191 ms. Memory: 550400K Free: 488662K (89%)
ptolemy.util.test.WatchDog.cancel(): canceling Sat Mar 09 03:44:03 UTC 2019
------------------ testing $PTII/ptolemy/domains/de/test/auto/Time.xml
auto.tcl: Setting watchdog for 200 seconds at Sat Mar 09 03:44:03 UTC 2019
475 ms. Memory: 549376K Free: 476990K (87%)
ptolemy.util.test.WatchDog.cancel(): canceling Sat Mar 09 03:44:03 UTC 2019
auto.tcl: Setting watchdog for 200 seconds at Sat Mar 09 03:44:03 UTC 2019
467 ms. Memory: 549376K Free: 418383K (76%)
ptolemy.util.test.WatchDog.cancel(): canceling Sat Mar 09 03:44:04 UTC 2019
------------------ testing $PTII/ptolemy/domains/de/test/auto/TimeDelayZeroDelay.xml
auto.tcl: Setting watchdog for 200 seconds at Sat Mar 09 03:44:04 UTC 2019
2 ms. Memory: 550400K Free: 534366K (97%)
ptolemy.util.test.WatchDog.cancel(): canceling Sat Mar 09 03:44:04 UTC 2019
auto.tcl: Setting watchdog for 200 seconds at Sat Mar 09 03:44:04 UTC 2019
2 ms. Memory: 550400K Free: 534366K (97%)
ptolemy.util.test.WatchDog.cancel(): canceling Sat Mar 09 03:44:04 UTC 2019
------------------ testing $PTII/ptolemy/domains/de/test/auto/TimerZeroDelay.xml
auto.tcl: Setting watchdog for 200 seconds at Sat Mar 09 03:44:04 UTC 2019
3 ms. Memory: 549376K Free: 533740K (97%)
ptolemy.util.test.WatchDog.cancel(): canceling Sat Mar 09 03:44:04 UTC 2019
auto.tcl: Setting watchdog for 200 seconds at Sat Mar 09 03:44:04 UTC 2019
2 ms. Memory: 549376K Free: 533740K (97%)
ptolemy.util.test.WatchDog.cancel(): canceling Sat Mar 09 03:44:04 UTC 2019
------------------ testing $PTII/ptolemy/domains/de/test/auto/TimingParadox.xml
auto.tcl: Setting watchdog for 200 seconds at Sat Mar 09 03:44:04 UTC 2019
373 ms. Memory: 549888K Free: 463860K (84%)
ptolemy.util.test.WatchDog.cancel(): canceling Sat Mar 09 03:44:04 UTC 2019
auto.tcl: Setting watchdog for 200 seconds at Sat Mar 09 03:44:04 UTC 2019
370 ms. Memory: 549888K Free: 424789K (77%)
ptolemy.util.test.WatchDog.cancel(): canceling Sat Mar 09 03:44:05 UTC 2019
------------------ testing $PTII/ptolemy/domains/de/test/auto/TransferInputs.xml
auto.tcl: Setting watchdog for 200 seconds at Sat Mar 09 03:44:05 UTC 2019
2 ms. Memory: 549888K Free: 533213K (97%)
ptolemy.util.test.WatchDog.cancel(): canceling Sat Mar 09 03:44:05 UTC 2019
auto.tcl: Setting watchdog for 200 seconds at Sat Mar 09 03:44:05 UTC 2019
1 ms. Memory: 549888K Free: 533213K (97%)
ptolemy.util.test.WatchDog.cancel(): canceling Sat Mar 09 03:44:05 UTC 2019
------------------ testing $PTII/ptolemy/domains/de/test/auto/TransferOutputs2.xml
auto.tcl: Setting watchdog for 200 seconds at Sat Mar 09 03:44:05 UTC 2019
3 ms. Memory: 549376K Free: 522603K (95%)
ptolemy.util.test.WatchDog.cancel(): canceling Sat Mar 09 03:44:05 UTC 2019
auto.tcl: Setting watchdog for 200 seconds at Sat Mar 09 03:44:05 UTC 2019
3 ms. Memory: 549376K Free: 522603K (95%)
ptolemy.util.test.WatchDog.cancel(): canceling Sat Mar 09 03:44:05 UTC 2019
------------------ testing $PTII/ptolemy/domains/de/test/auto/Trilateration.xml
auto.tcl: Setting watchdog for 200 seconds at Sat Mar 09 03:44:05 UTC 2019
15598 ms. Memory: 766976K Free: 140096K (18%)
ptolemy.util.test.WatchDog.cancel(): canceling Sat Mar 09 03:44:21 UTC 2019
auto.tcl: Setting watchdog for 200 seconds at Sat Mar 09 03:44:21 UTC 2019
11201 ms. Memory: 623104K Free: 488010K (78%)
ptolemy.util.test.WatchDog.cancel(): canceling Sat Mar 09 03:44:33 UTC 2019
------------------ testing $PTII/ptolemy/domains/de/test/auto/TwoSigmaDelta.xml
auto.tcl: Setting watchdog for 200 seconds at Sat Mar 09 03:44:33 UTC 2019
2977 ms. Memory: 619520K Free: 293641K (47%)
ptolemy.util.test.WatchDog.cancel(): canceling Sat Mar 09 03:44:36 UTC 2019
auto.tcl: Setting watchdog for 200 seconds at Sat Mar 09 03:44:36 UTC 2019
2220 ms. Memory: 598016K Free: 573121K (96%)
ptolemy.util.test.WatchDog.cancel(): canceling Sat Mar 09 03:44:38 UTC 2019
------------------ testing $PTII/ptolemy/domains/de/test/auto/VariableDelay.xml
auto.tcl: Setting watchdog for 200 seconds at Sat Mar 09 03:44:38 UTC 2019
2 ms. Memory: 594432K Free: 571393K (96%)
ptolemy.util.test.WatchDog.cancel(): canceling Sat Mar 09 03:44:38 UTC 2019
auto.tcl: Setting watchdog for 200 seconds at Sat Mar 09 03:44:38 UTC 2019
2 ms. Memory: 594432K Free: 571393K (96%)
ptolemy.util.test.WatchDog.cancel(): canceling Sat Mar 09 03:44:38 UTC 2019
------------------ testing $PTII/ptolemy/domains/de/test/auto/VariableDelay2.xml
auto.tcl: Setting watchdog for 200 seconds at Sat Mar 09 03:44:38 UTC 2019
2 ms. Memory: 597504K Free: 580001K (97%)
ptolemy.util.test.WatchDog.cancel(): canceling Sat Mar 09 03:44:38 UTC 2019
auto.tcl: Setting watchdog for 200 seconds at Sat Mar 09 03:44:38 UTC 2019
2 ms. Memory: 597504K Free: 580001K (97%)
ptolemy.util.test.WatchDog.cancel(): canceling Sat Mar 09 03:44:38 UTC 2019
------------------ testing $PTII/ptolemy/domains/de/test/auto/VariableDelayZeroDelay.xml
auto.tcl: Setting watchdog for 200 seconds at Sat Mar 09 03:44:38 UTC 2019
2 ms. Memory: 594432K Free: 576972K (97%)
ptolemy.util.test.WatchDog.cancel(): canceling Sat Mar 09 03:44:38 UTC 2019
auto.tcl: Setting watchdog for 200 seconds at Sat Mar 09 03:44:38 UTC 2019
2 ms. Memory: 594432K Free: 576972K (97%)
ptolemy.util.test.WatchDog.cancel(): canceling Sat Mar 09 03:44:38 UTC 2019
------------------ testing $PTII/ptolemy/domains/de/test/auto/VariableDelayZeroDelay2.xml
auto.tcl: Setting watchdog for 200 seconds at Sat Mar 09 03:44:38 UTC 2019
5 ms. Memory: 596992K Free: 574400K (96%)
ptolemy.util.test.WatchDog.cancel(): canceling Sat Mar 09 03:44:38 UTC 2019
auto.tcl: Setting watchdog for 200 seconds at Sat Mar 09 03:44:38 UTC 2019
2 ms. Memory: 596992K Free: 574400K (96%)
ptolemy.util.test.WatchDog.cancel(): canceling Sat Mar 09 03:44:38 UTC 2019
------------------ testing $PTII/ptolemy/domains/de/test/auto/deInCt.xml
auto.tcl: Setting watchdog for 200 seconds at Sat Mar 09 03:44:38 UTC 2019
0
1
1
1
0
0
0
1
1
1
0
0
0
1
1
1
0
0
0
1
1
1
1
0
0
0
1
1
1
0
0
0
1
1
1
0
0
0
1
1
1
0
0
0
1
1
1
8 ms. Memory: 594432K Free: 571792K (96%)
ptolemy.util.test.WatchDog.cancel(): canceling Sat Mar 09 03:44:38 UTC 2019
auto.tcl: Setting watchdog for 200 seconds at Sat Mar 09 03:44:38 UTC 2019
0
1
1
0
0
0
1
1
1
1
1
0
0
0
0
1
1
1
0
0
0
0
0
0
0
0
5 ms. Memory: 594432K Free: 571792K (96%)
ptolemy.util.test.WatchDog.cancel(): canceling Sat Mar 09 03:44:38 UTC 2019
------------------ testing $PTII/ptolemy/domains/de/test/auto/deInCt2.xml
auto.tcl: Setting watchdog for 200 seconds at Sat Mar 09 03:44:39 UTC 2019
0
1
1
1
0
0
1
1
1
0
0
1
1
1
0
0
1
1
1
0
0
1
1
1
0
0
1
1
1
0
0
1
1
1
0
0
1
1
1
0
0
0
5 ms. Memory: 596480K Free: 578970K (97%)
ptolemy.util.test.WatchDog.cancel(): canceling Sat Mar 09 03:44:39 UTC 2019
auto.tcl: Setting watchdog for 200 seconds at Sat Mar 09 03:44:39 UTC 2019
0
1
1
1
0
0
1
1
1
0
0
1
1
1
0
0
1
1
1
0
0
1
1
1
0
0
1
1
1
0
0
1
1
1
0
0
1
1
1
0
0
0
10 ms. Memory: 596480K Free: 578970K (97%)
ptolemy.util.test.WatchDog.cancel(): canceling Sat Mar 09 03:44:39 UTC 2019
------------------ testing $PTII/ptolemy/domains/de/test/auto/dynamicCausalityInterface1.xml
auto.tcl: Setting watchdog for 200 seconds at Sat Mar 09 03:44:39 UTC 2019
2 ms. Memory: 594432K Free: 569146K (96%)
ptolemy.util.test.WatchDog.cancel(): canceling Sat Mar 09 03:44:39 UTC 2019
auto.tcl: Setting watchdog for 200 seconds at Sat Mar 09 03:44:39 UTC 2019
1 ms. Memory: 594432K Free: 569146K (96%)
ptolemy.util.test.WatchDog.cancel(): canceling Sat Mar 09 03:44:39 UTC 2019
------------------ testing $PTII/ptolemy/domains/de/test/auto/fsm_de_test.xml
auto.tcl: Setting watchdog for 200 seconds at Sat Mar 09 03:44:39 UTC 2019
11 ms. Memory: 596480K Free: 573773K (96%)
ptolemy.util.test.WatchDog.cancel(): canceling Sat Mar 09 03:44:39 UTC 2019
auto.tcl: Setting watchdog for 200 seconds at Sat Mar 09 03:44:39 UTC 2019
5 ms. Memory: 596480K Free: 565942K (95%)
ptolemy.util.test.WatchDog.cancel(): canceling Sat Mar 09 03:44:39 UTC 2019
------------------ testing $PTII/ptolemy/domains/de/test/auto/functionDependencyReconstruction.xml
auto.tcl: Setting watchdog for 200 seconds at Sat Mar 09 03:44:39 UTC 2019
3 ms. Memory: 594432K Free: 563885K (95%)
ptolemy.util.test.WatchDog.cancel(): canceling Sat Mar 09 03:44:39 UTC 2019
auto.tcl: Setting watchdog for 200 seconds at Sat Mar 09 03:44:39 UTC 2019
3 ms. Memory: 594432K Free: 556054K (94%)
ptolemy.util.test.WatchDog.cancel(): canceling Sat Mar 09 03:44:39 UTC 2019
------------------ testing $PTII/ptolemy/domains/de/test/auto/multirate.xml
auto.tcl: Setting watchdog for 200 seconds at Sat Mar 09 03:44:39 UTC 2019
4 ms. Memory: 595968K Free: 573128K (96%)
ptolemy.util.test.WatchDog.cancel(): canceling Sat Mar 09 03:44:39 UTC 2019
auto.tcl: Setting watchdog for 200 seconds at Sat Mar 09 03:44:39 UTC 2019
3 ms. Memory: 595968K Free: 573128K (96%)
ptolemy.util.test.WatchDog.cancel(): canceling Sat Mar 09 03:44:39 UTC 2019
------------------ testing $PTII/ptolemy/domains/de/test/auto/multirate2.xml
auto.tcl: Setting watchdog for 200 seconds at Sat Mar 09 03:44:39 UTC 2019
2 ms. Memory: 594432K Free: 571780K (96%)
ptolemy.util.test.WatchDog.cancel(): canceling Sat Mar 09 03:44:39 UTC 2019
auto.tcl: Setting watchdog for 200 seconds at Sat Mar 09 03:44:39 UTC 2019
4 ms. Memory: 594432K Free: 571780K (96%)
ptolemy.util.test.WatchDog.cancel(): canceling Sat Mar 09 03:44:39 UTC 2019
------------------ testing $PTII/ptolemy/domains/de/test/auto/realtime.xml
auto.tcl: Setting watchdog for 200 seconds at Sat Mar 09 03:44:39 UTC 2019
10001 ms. Memory: 595968K Free: 573269K (96%)
ptolemy.util.test.WatchDog.cancel(): canceling Sat Mar 09 03:44:49 UTC 2019
auto.tcl: Setting watchdog for 200 seconds at Sat Mar 09 03:44:49 UTC 2019
10002 ms. Memory: 595968K Free: 573269K (96%)
ptolemy.util.test.WatchDog.cancel(): canceling Sat Mar 09 03:44:59 UTC 2019
------------------ testing $PTII/ptolemy/domains/de/test/auto/relationGroup.xml
auto.tcl: Setting watchdog for 200 seconds at Sat Mar 09 03:44:59 UTC 2019
2 ms. Memory: 594432K Free: 571803K (96%)
ptolemy.util.test.WatchDog.cancel(): canceling Sat Mar 09 03:44:59 UTC 2019
auto.tcl: Setting watchdog for 200 seconds at Sat Mar 09 03:44:59 UTC 2019
2 ms. Memory: 594432K Free: 571803K (96%)
ptolemy.util.test.WatchDog.cancel(): canceling Sat Mar 09 03:44:59 UTC 2019
------------------ testing $PTII/ptolemy/domains/de/test/auto/relationGroup2.xml
auto.tcl: Setting watchdog for 200 seconds at Sat Mar 09 03:44:59 UTC 2019
2 ms. Memory: 595456K Free: 572854K (96%)
ptolemy.util.test.WatchDog.cancel(): canceling Sat Mar 09 03:44:59 UTC 2019
auto.tcl: Setting watchdog for 200 seconds at Sat Mar 09 03:44:59 UTC 2019
2 ms. Memory: 595456K Free: 572854K (96%)
ptolemy.util.test.WatchDog.cancel(): canceling Sat Mar 09 03:44:59 UTC 2019
------------------ testing $PTII/ptolemy/domains/de/test/auto/sortWithOpaquePorts.xml
auto.tcl: Setting watchdog for 200 seconds at Sat Mar 09 03:44:59 UTC 2019
1 ms. Memory: 594432K Free: 571831K (96%)
ptolemy.util.test.WatchDog.cancel(): canceling Sat Mar 09 03:44:59 UTC 2019
auto.tcl: Setting watchdog for 200 seconds at Sat Mar 09 03:44:59 UTC 2019
3 ms. Memory: 594432K Free: 571831K (96%)
ptolemy.util.test.WatchDog.cancel(): canceling Sat Mar 09 03:44:59 UTC 2019
------------------ testing $PTII/ptolemy/domains/de/test/auto/transferInputsandOutputs.xml
auto.tcl: Setting watchdog for 200 seconds at Sat Mar 09 03:44:59 UTC 2019
3 ms. Memory: 595456K Free: 572841K (96%)
ptolemy.util.test.WatchDog.cancel(): canceling Sat Mar 09 03:44:59 UTC 2019
auto.tcl: Setting watchdog for 200 seconds at Sat Mar 09 03:44:59 UTC 2019
2 ms. Memory: 595456K Free: 572841K (96%)
ptolemy.util.test.WatchDog.cancel(): canceling Sat Mar 09 03:44:59 UTC 2019
------------------ testing $PTII/ptolemy/domains/de/test/auto/triggerType.xml
auto.tcl: Setting watchdog for 200 seconds at Sat Mar 09 03:44:59 UTC 2019
1 ms. Memory: 594432K Free: 571768K (96%)
ptolemy.util.test.WatchDog.cancel(): canceling Sat Mar 09 03:44:59 UTC 2019
auto.tcl: Setting watchdog for 200 seconds at Sat Mar 09 03:44:59 UTC 2019
1 ms. Memory: 594432K Free: 571768K (96%)
ptolemy.util.test.WatchDog.cancel(): canceling Sat Mar 09 03:44:59 UTC 2019
03/09/19 03:44:59
Failed: 0  Total Tests: 192  ((Passed: 187, Newly Passed: 1)  Known Failed: 5) /home/travis/build/icyphy/ptII/ptolemy/domains/de/test
03/09/19 03:44:59
Failed: 0  Total Tests: 192  ((Passed: 187, Newly Passed: 1)  Known Failed: 5) /home/travis/build/icyphy/ptII/ptolemy/domains/de/test
----------------- testing (KnownFailure) /home/travis/build/icyphy/ptII/ptolemy/domains/de/test/auto/knownFailedTests/DESDFClockTest.xml
2011 ms. Memory: 595456K Free: 562539K (94%)
Known Failure: java.lang.reflect.InvocationTargetException
----------------- testing (KnownFailure) /home/travis/build/icyphy/ptII/ptolemy/domains/de/test/auto/knownFailedTests/DirectFeedback.xml
1 ms. Memory: 595456K Free: 521497K (88%)
Known Failure: java.lang.reflect.InvocationTargetException
----------------- testing (KnownFailure) /home/travis/build/icyphy/ptII/ptolemy/domains/de/test/auto/knownFailedTests/FSMSource.xml
6 ms. Memory: 595456K Free: 480455K (81%)
----------------- testing (KnownFailure) /home/travis/build/icyphy/ptII/ptolemy/domains/de/test/auto/knownFailedTests/HierarchicalModel.xml
3 ms. Memory: 595456K Free: 449658K (76%)
Known Failure: java.lang.reflect.InvocationTargetException
----------------- testing (KnownFailure) /home/travis/build/icyphy/ptII/ptolemy/domains/de/test/auto/knownFailedTests/dependencyLoop.xml
2 ms. Memory: 595456K Free: 398339K (67%)
Known Failure: java.lang.reflect.InvocationTargetException
----------------- testing (KnownFailure) /home/travis/build/icyphy/ptII/ptolemy/domains/de/test/auto/knownFailedTests/dependencyLoop2.xml
3 ms. Memory: 595456K Free: 347036K (58%)
Known Failure: java.lang.reflect.InvocationTargetException
No auto/linux-amd64/*.xml tests in /home/travis/build/icyphy/ptII/ptolemy/domains/de/test
AutoTests.java: About to close Vertx.
AutoTests.java: Vertx closed.

===========================================================================================
----------------- testing Sat Mar 09 03:45:02 UTC 2019 /home/travis/build/icyphy/ptII/ptolemy/domains/de/test/auto/ActorDepthCalculation_actorWithoutPorts.xml
----------------- Instantiating /home/travis/build/icyphy/ptII/ptolemy/domains/de/test/auto/ActorDepthCalculation_actorWithoutPorts.xml
2 ms. Memory: 595456K Free: 295734K (50%)
----------------- Invoking toplevel() on ptolemy.moml.MoMLSimpleApplication@6e673a89
----------------- Done invoking toplevel() on ptolemy.moml.MoMLSimpleApplication@6e673a89
reloadAllAccessors: .ActorDepthCalculation_actorWithoutPorts

===========================================================================================
----------------- testing Sat Mar 09 03:45:02 UTC 2019 /home/travis/build/icyphy/ptII/ptolemy/domains/de/test/auto/AssemblyLine.xml
----------------- Instantiating /home/travis/build/icyphy/ptII/ptolemy/domains/de/test/auto/AssemblyLine.xml
2 ms. Memory: 595456K Free: 275213K (46%)
----------------- Invoking toplevel() on ptolemy.moml.MoMLSimpleApplication@7ea54a1c
----------------- Done invoking toplevel() on ptolemy.moml.MoMLSimpleApplication@7ea54a1c
reloadAllAccessors: .AssemblyLine

===========================================================================================
----------------- testing Sat Mar 09 03:45:02 UTC 2019 /home/travis/build/icyphy/ptII/ptolemy/domains/de/test/auto/CQBug1.xml
----------------- Instantiating /home/travis/build/icyphy/ptII/ptolemy/domains/de/test/auto/CQBug1.xml
1 ms. Memory: 595456K Free: 254692K (43%)
----------------- Invoking toplevel() on ptolemy.moml.MoMLSimpleApplication@2a84e63a
----------------- Done invoking toplevel() on ptolemy.moml.MoMLSimpleApplication@2a84e63a
reloadAllAccessors: .CQBug1

===========================================================================================
----------------- testing Sat Mar 09 03:45:02 UTC 2019 /home/travis/build/icyphy/ptII/ptolemy/domains/de/test/auto/CancelFireAt.xml
----------------- Instantiating /home/travis/build/icyphy/ptII/ptolemy/domains/de/test/auto/CancelFireAt.xml
1 ms. Memory: 595456K Free: 234171K (39%)
----------------- Invoking toplevel() on ptolemy.moml.MoMLSimpleApplication@6f50a452
----------------- Done invoking toplevel() on ptolemy.moml.MoMLSimpleApplication@6f50a452
reloadAllAccessors: .CancelFireAt

===========================================================================================
----------------- testing Sat Mar 09 03:45:02 UTC 2019 /home/travis/build/icyphy/ptII/ptolemy/domains/de/test/auto/CausalityAndComposabilityAnalysis.xml
----------------- Instantiating /home/travis/build/icyphy/ptII/ptolemy/domains/de/test/auto/CausalityAndComposabilityAnalysis.xml
1 ms. Memory: 595456K Free: 213650K (36%)
----------------- Invoking toplevel() on ptolemy.moml.MoMLSimpleApplication@3de4a4d8
----------------- Done invoking toplevel() on ptolemy.moml.MoMLSimpleApplication@3de4a4d8
reloadAllAccessors: .CausalityAndComposabilityAnalysis

===========================================================================================
----------------- testing Sat Mar 09 03:45:02 UTC 2019 /home/travis/build/icyphy/ptII/ptolemy/domains/de/test/auto/CausalityInterface1.xml
----------------- Instantiating /home/travis/build/icyphy/ptII/ptolemy/domains/de/test/auto/CausalityInterface1.xml
4 ms. Memory: 595456K Free: 193129K (32%)
----------------- Invoking toplevel() on ptolemy.moml.MoMLSimpleApplication@64538e25
----------------- Done invoking toplevel() on ptolemy.moml.MoMLSimpleApplication@64538e25
reloadAllAccessors: .CausalityInterface1

===========================================================================================
----------------- testing Sat Mar 09 03:45:02 UTC 2019 /home/travis/build/icyphy/ptII/ptolemy/domains/de/test/auto/CausalityInterface15.xml
----------------- Instantiating /home/travis/build/icyphy/ptII/ptolemy/domains/de/test/auto/CausalityInterface15.xml
2 ms. Memory: 595456K Free: 172608K (29%)
----------------- Invoking toplevel() on ptolemy.moml.MoMLSimpleApplication@36bd431d
----------------- Done invoking toplevel() on ptolemy.moml.MoMLSimpleApplication@36bd431d
reloadAllAccessors: .CausalityInterface15

===========================================================================================
----------------- testing Sat Mar 09 03:45:02 UTC 2019 /home/travis/build/icyphy/ptII/ptolemy/domains/de/test/auto/CausalityInterface2.xml
----------------- Instantiating /home/travis/build/icyphy/ptII/ptolemy/domains/de/test/auto/CausalityInterface2.xml
1 ms. Memory: 595456K Free: 152087K (26%)
----------------- Invoking toplevel() on ptolemy.moml.MoMLSimpleApplication@5bdcb49e
----------------- Done invoking toplevel() on ptolemy.moml.MoMLSimpleApplication@5bdcb49e
reloadAllAccessors: .CausalityInterface2

===========================================================================================
----------------- testing Sat Mar 09 03:45:02 UTC 2019 /home/travis/build/icyphy/ptII/ptolemy/domains/de/test/auto/CausalityInterface3.xml
----------------- Instantiating /home/travis/build/icyphy/ptII/ptolemy/domains/de/test/auto/CausalityInterface3.xml
1 ms. Memory: 595456K Free: 131566K (22%)
----------------- Invoking toplevel() on ptolemy.moml.MoMLSimpleApplication@49e823af
----------------- Done invoking toplevel() on ptolemy.moml.MoMLSimpleApplication@49e823af
reloadAllAccessors: .CausalityInterface3

===========================================================================================
----------------- testing Sat Mar 09 03:45:02 UTC 2019 /home/travis/build/icyphy/ptII/ptolemy/domains/de/test/auto/ClockDrift.xml
----------------- Instantiating /home/travis/build/icyphy/ptII/ptolemy/domains/de/test/auto/ClockDrift.xml
10 ms. Memory: 595456K Free: 111045K (19%)
----------------- Invoking toplevel() on ptolemy.moml.MoMLSimpleApplication@713db662
----------------- Done invoking toplevel() on ptolemy.moml.MoMLSimpleApplication@713db662
reloadAllAccessors: .ClockDrift

===========================================================================================
----------------- testing Sat Mar 09 03:45:02 UTC 2019 /home/travis/build/icyphy/ptII/ptolemy/domains/de/test/auto/ClockDriftAndValueChange.xml
----------------- Instantiating /home/travis/build/icyphy/ptII/ptolemy/domains/de/test/auto/ClockDriftAndValueChange.xml
9 ms. Memory: 595456K Free: 90524K (15%)
----------------- Invoking toplevel() on ptolemy.moml.MoMLSimpleApplication@69b22f5e
----------------- Done invoking toplevel() on ptolemy.moml.MoMLSimpleApplication@69b22f5e
reloadAllAccessors: .ClockDriftAndValueChange

===========================================================================================
----------------- testing Sat Mar 09 03:45:02 UTC 2019 /home/travis/build/icyphy/ptII/ptolemy/domains/de/test/auto/ClockDriftChange.xml
----------------- Instantiating /home/travis/build/icyphy/ptII/ptolemy/domains/de/test/auto/ClockDriftChange.xml
8 ms. Memory: 595456K Free: 77896K (13%)
----------------- Invoking toplevel() on ptolemy.moml.MoMLSimpleApplication@675390ea
----------------- Done invoking toplevel() on ptolemy.moml.MoMLSimpleApplication@675390ea
reloadAllAccessors: .ClockDriftChange

===========================================================================================
----------------- testing Sat Mar 09 03:45:02 UTC 2019 /home/travis/build/icyphy/ptII/ptolemy/domains/de/test/auto/ComposableCausalityAnalysis.xml
----------------- Instantiating /home/travis/build/icyphy/ptII/ptolemy/domains/de/test/auto/ComposableCausalityAnalysis.xml
8 ms. Memory: 570368K Free: 545985K (96%)
----------------- Invoking toplevel() on ptolemy.moml.MoMLSimpleApplication@b713e36
----------------- Done invoking toplevel() on ptolemy.moml.MoMLSimpleApplication@b713e36
reloadAllAccessors: .ComposableCausalityAnalysis

===========================================================================================
----------------- testing Sat Mar 09 03:45:02 UTC 2019 /home/travis/build/icyphy/ptII/ptolemy/domains/de/test/auto/DEFixedPointLimitation.xml
----------------- Instantiating /home/travis/build/icyphy/ptII/ptolemy/domains/de/test/auto/DEFixedPointLimitation.xml
0 ms. Memory: 570368K Free: 521585K (91%)
----------------- Invoking toplevel() on ptolemy.moml.MoMLSimpleApplication@62840124
----------------- Done invoking toplevel() on ptolemy.moml.MoMLSimpleApplication@62840124
reloadAllAccessors: .DEFixedPointLimitation

===========================================================================================
----------------- testing Sat Mar 09 03:45:02 UTC 2019 /home/travis/build/icyphy/ptII/ptolemy/domains/de/test/auto/DEScheduleTest.xml
----------------- Instantiating /home/travis/build/icyphy/ptII/ptolemy/domains/de/test/auto/DEScheduleTest.xml
1 ms. Memory: 570368K Free: 502026K (88%)
----------------- Invoking toplevel() on ptolemy.moml.MoMLSimpleApplication@7557b67d
----------------- Done invoking toplevel() on ptolemy.moml.MoMLSimpleApplication@7557b67d
reloadAllAccessors: .DEScheduleTest

===========================================================================================
----------------- testing Sat Mar 09 03:45:02 UTC 2019 /home/travis/build/icyphy/ptII/ptolemy/domains/de/test/auto/DEinDEwithStartTimes.xml
----------------- Instantiating /home/travis/build/icyphy/ptII/ptolemy/domains/de/test/auto/DEinDEwithStartTimes.xml
1 ms. Memory: 570368K Free: 482468K (85%)
----------------- Invoking toplevel() on ptolemy.moml.MoMLSimpleApplication@563a92f4
----------------- Done invoking toplevel() on ptolemy.moml.MoMLSimpleApplication@563a92f4
reloadAllAccessors: .DEinDEwithStartTimes

===========================================================================================
----------------- testing Sat Mar 09 03:45:02 UTC 2019 /home/travis/build/icyphy/ptII/ptolemy/domains/de/test/auto/DEinDEwithStartTimes2.xml
----------------- Instantiating /home/travis/build/icyphy/ptII/ptolemy/domains/de/test/auto/DEinDEwithStartTimes2.xml
2 ms. Memory: 570368K Free: 462882K (81%)
----------------- Invoking toplevel() on ptolemy.moml.MoMLSimpleApplication@5e767829
----------------- Done invoking toplevel() on ptolemy.moml.MoMLSimpleApplication@5e767829
reloadAllAccessors: .DEinDEwithStartTimes2

===========================================================================================
----------------- testing Sat Mar 09 03:45:02 UTC 2019 /home/travis/build/icyphy/ptII/ptolemy/domains/de/test/auto/DateDemo.xml
----------------- Instantiating /home/travis/build/icyphy/ptII/ptolemy/domains/de/test/auto/DateDemo.xml
4 ms. Memory: 570368K Free: 433544K (76%)
----------------- Invoking toplevel() on ptolemy.moml.MoMLSimpleApplication@6edc9980
----------------- Done invoking toplevel() on ptolemy.moml.MoMLSimpleApplication@6edc9980
reloadAllAccessors: .DateDemo

===========================================================================================
----------------- testing Sat Mar 09 03:45:02 UTC 2019 /home/travis/build/icyphy/ptII/ptolemy/domains/de/test/auto/DateToEvent.xml
----------------- Instantiating /home/travis/build/icyphy/ptII/ptolemy/domains/de/test/auto/DateToEvent.xml
2005 ms. Memory: 570368K Free: 404190K (71%)
----------------- Invoking toplevel() on ptolemy.moml.MoMLSimpleApplication@54d54794
----------------- Done invoking toplevel() on ptolemy.moml.MoMLSimpleApplication@54d54794
reloadAllAccessors: .DateToEvent

===========================================================================================
----------------- testing Sat Mar 09 03:45:04 UTC 2019 /home/travis/build/icyphy/ptII/ptolemy/domains/de/test/auto/DepthTest1.xml
----------------- Instantiating /home/travis/build/icyphy/ptII/ptolemy/domains/de/test/auto/DepthTest1.xml
1 ms. Memory: 570368K Free: 384632K (67%)
----------------- Invoking toplevel() on ptolemy.moml.MoMLSimpleApplication@5df54df
----------------- Done invoking toplevel() on ptolemy.moml.MoMLSimpleApplication@5df54df
reloadAllAccessors: .DepthTest1

===========================================================================================
----------------- testing Sat Mar 09 03:45:04 UTC 2019 /home/travis/build/icyphy/ptII/ptolemy/domains/de/test/auto/DepthTest2.xml
----------------- Instantiating /home/travis/build/icyphy/ptII/ptolemy/domains/de/test/auto/DepthTest2.xml
3 ms. Memory: 570368K Free: 365074K (64%)
----------------- Invoking toplevel() on ptolemy.moml.MoMLSimpleApplication@5d91c616
----------------- Done invoking toplevel() on ptolemy.moml.MoMLSimpleApplication@5d91c616
reloadAllAccessors: .DepthTest2

===========================================================================================
----------------- testing Sat Mar 09 03:45:04 UTC 2019 /home/travis/build/icyphy/ptII/ptolemy/domains/de/test/auto/DepthTest3.xml
----------------- Instantiating /home/travis/build/icyphy/ptII/ptolemy/domains/de/test/auto/DepthTest3.xml
1 ms. Memory: 570368K Free: 345515K (61%)
----------------- Invoking toplevel() on ptolemy.moml.MoMLSimpleApplication@3af2f94a
----------------- Done invoking toplevel() on ptolemy.moml.MoMLSimpleApplication@3af2f94a
reloadAllAccessors: .DepthTest3

===========================================================================================
----------------- testing Sat Mar 09 03:45:04 UTC 2019 /home/travis/build/icyphy/ptII/ptolemy/domains/de/test/auto/DepthTest4.xml
----------------- Instantiating /home/travis/build/icyphy/ptII/ptolemy/domains/de/test/auto/DepthTest4.xml
2 ms. Memory: 570368K Free: 325957K (57%)
----------------- Invoking toplevel() on ptolemy.moml.MoMLSimpleApplication@5ff3e2e0
----------------- Done invoking toplevel() on ptolemy.moml.MoMLSimpleApplication@5ff3e2e0
reloadAllAccessors: .DepthTest4

===========================================================================================
----------------- testing Sat Mar 09 03:45:04 UTC 2019 /home/travis/build/icyphy/ptII/ptolemy/domains/de/test/auto/DepthTest5.xml
----------------- Instantiating /home/travis/build/icyphy/ptII/ptolemy/domains/de/test/auto/DepthTest5.xml
3 ms. Memory: 570368K Free: 301557K (53%)
----------------- Invoking toplevel() on ptolemy.moml.MoMLSimpleApplication@4a7db258
----------------- Done invoking toplevel() on ptolemy.moml.MoMLSimpleApplication@4a7db258
reloadAllAccessors: .DepthTest5

===========================================================================================
----------------- testing Sat Mar 09 03:45:04 UTC 2019 /home/travis/build/icyphy/ptII/ptolemy/domains/de/test/auto/DepthTest6.xml
----------------- Instantiating /home/travis/build/icyphy/ptII/ptolemy/domains/de/test/auto/DepthTest6.xml
2 ms. Memory: 570368K Free: 281998K (49%)
----------------- Invoking toplevel() on ptolemy.moml.MoMLSimpleApplication@6a8e3de5
----------------- Done invoking toplevel() on ptolemy.moml.MoMLSimpleApplication@6a8e3de5
reloadAllAccessors: .DepthTest6

===========================================================================================
----------------- testing Sat Mar 09 03:45:04 UTC 2019 /home/travis/build/icyphy/ptII/ptolemy/domains/de/test/auto/DepthTest7.xml
----------------- Instantiating /home/travis/build/icyphy/ptII/ptolemy/domains/de/test/auto/DepthTest7.xml
2 ms. Memory: 570368K Free: 262440K (46%)
----------------- Invoking toplevel() on ptolemy.moml.MoMLSimpleApplication@65662947
----------------- Done invoking toplevel() on ptolemy.moml.MoMLSimpleApplication@65662947
reloadAllAccessors: .DepthTest7

===========================================================================================
----------------- testing Sat Mar 09 03:45:04 UTC 2019 /home/travis/build/icyphy/ptII/ptolemy/domains/de/test/auto/EventToDate.xml
----------------- Instantiating /home/travis/build/icyphy/ptII/ptolemy/domains/de/test/auto/EventToDate.xml
3005 ms. Memory: 570368K Free: 233094K (41%)
----------------- Invoking toplevel() on ptolemy.moml.MoMLSimpleApplication@4ac48c83
----------------- Done invoking toplevel() on ptolemy.moml.MoMLSimpleApplication@4ac48c83
reloadAllAccessors: .EventToDate

===========================================================================================
----------------- testing Sat Mar 09 03:45:07 UTC 2019 /home/travis/build/icyphy/ptII/ptolemy/domains/de/test/auto/FSM1.xml
----------------- Instantiating /home/travis/build/icyphy/ptII/ptolemy/domains/de/test/auto/FSM1.xml
9 ms. Memory: 570368K Free: 213536K (37%)
----------------- Invoking toplevel() on ptolemy.moml.MoMLSimpleApplication@62e2c91c
----------------- Done invoking toplevel() on ptolemy.moml.MoMLSimpleApplication@62e2c91c
reloadAllAccessors: .FSM1

===========================================================================================
----------------- testing Sat Mar 09 03:45:07 UTC 2019 /home/travis/build/icyphy/ptII/ptolemy/domains/de/test/auto/FSM7.xml
----------------- Instantiating /home/travis/build/icyphy/ptII/ptolemy/domains/de/test/auto/FSM7.xml
9 ms. Memory: 570368K Free: 193978K (34%)
----------------- Invoking toplevel() on ptolemy.moml.MoMLSimpleApplication@5fb3c380
----------------- Done invoking toplevel() on ptolemy.moml.MoMLSimpleApplication@5fb3c380
reloadAllAccessors: .FSM7

===========================================================================================
----------------- testing Sat Mar 09 03:45:07 UTC 2019 /home/travis/build/icyphy/ptII/ptolemy/domains/de/test/auto/Inspection.xml
----------------- Instantiating /home/travis/build/icyphy/ptII/ptolemy/domains/de/test/auto/Inspection.xml
11 ms. Memory: 570368K Free: 164640K (29%)
----------------- Invoking toplevel() on ptolemy.moml.MoMLSimpleApplication@14e9621f
----------------- Done invoking toplevel() on ptolemy.moml.MoMLSimpleApplication@14e9621f
reloadAllAccessors: .Inspection

===========================================================================================
----------------- testing Sat Mar 09 03:45:07 UTC 2019 /home/travis/build/icyphy/ptII/ptolemy/domains/de/test/auto/Iteration.xml
----------------- Instantiating /home/travis/build/icyphy/ptII/ptolemy/domains/de/test/auto/Iteration.xml
10 ms. Memory: 570368K Free: 145081K (25%)
----------------- Invoking toplevel() on ptolemy.moml.MoMLSimpleApplication@6daa425e
----------------- Done invoking toplevel() on ptolemy.moml.MoMLSimpleApplication@6daa425e
reloadAllAccessors: .Iteration

===========================================================================================
----------------- testing Sat Mar 09 03:45:07 UTC 2019 /home/travis/build/icyphy/ptII/ptolemy/domains/de/test/auto/LineFault.xml
----------------- Instantiating /home/travis/build/icyphy/ptII/ptolemy/domains/de/test/auto/LineFault.xml
450 ms. Memory: 548352K Free: 490443K (89%)
----------------- Invoking toplevel() on ptolemy.moml.MoMLSimpleApplication@4969ff7b
----------------- Done invoking toplevel() on ptolemy.moml.MoMLSimpleApplication@4969ff7b
reloadAllAccessors: .LineFault

===========================================================================================
----------------- testing Sat Mar 09 03:45:08 UTC 2019 /home/travis/build/icyphy/ptII/ptolemy/domains/de/test/auto/MergeModel1Add.xml
----------------- Instantiating /home/travis/build/icyphy/ptII/ptolemy/domains/de/test/auto/MergeModel1Add.xml
6 ms. Memory: 548352K Free: 458802K (84%)
----------------- Invoking toplevel() on ptolemy.moml.MoMLSimpleApplication@31fd6a77
----------------- Done invoking toplevel() on ptolemy.moml.MoMLSimpleApplication@31fd6a77
reloadAllAccessors: .MergeModel1Add

===========================================================================================
----------------- testing Sat Mar 09 03:45:08 UTC 2019 /home/travis/build/icyphy/ptII/ptolemy/domains/de/test/auto/MergeModel2Add.xml
----------------- Instantiating /home/travis/build/icyphy/ptII/ptolemy/domains/de/test/auto/MergeModel2Add.xml
5 ms. Memory: 548352K Free: 435473K (79%)
----------------- Invoking toplevel() on ptolemy.moml.MoMLSimpleApplication@567b3abb
----------------- Done invoking toplevel() on ptolemy.moml.MoMLSimpleApplication@567b3abb
reloadAllAccessors: .MergeModel2Add

===========================================================================================
----------------- testing Sat Mar 09 03:45:08 UTC 2019 /home/travis/build/icyphy/ptII/ptolemy/domains/de/test/auto/MergeModel3Add.xml
----------------- Instantiating /home/travis/build/icyphy/ptII/ptolemy/domains/de/test/auto/MergeModel3Add.xml
7 ms. Memory: 548352K Free: 412119K (75%)
----------------- Invoking toplevel() on ptolemy.moml.MoMLSimpleApplication@2c9f1670
----------------- Done invoking toplevel() on ptolemy.moml.MoMLSimpleApplication@2c9f1670
reloadAllAccessors: .MergeModel3Add

===========================================================================================
----------------- testing Sat Mar 09 03:45:08 UTC 2019 /home/travis/build/icyphy/ptII/ptolemy/domains/de/test/auto/MergeWithoutDiscard.xml
----------------- Instantiating /home/travis/build/icyphy/ptII/ptolemy/domains/de/test/auto/MergeWithoutDiscard.xml
1 ms. Memory: 548352K Free: 402790K (73%)
----------------- Invoking toplevel() on ptolemy.moml.MoMLSimpleApplication@65e9949c
----------------- Done invoking toplevel() on ptolemy.moml.MoMLSimpleApplication@65e9949c
reloadAllAccessors: .MergeWithoutDiscard

===========================================================================================
----------------- testing Sat Mar 09 03:45:08 UTC 2019 /home/travis/build/icyphy/ptII/ptolemy/domains/de/test/auto/Modal1.xml
----------------- Instantiating /home/travis/build/icyphy/ptII/ptolemy/domains/de/test/auto/Modal1.xml
8 ms. Memory: 548352K Free: 388764K (71%)
----------------- Invoking toplevel() on ptolemy.moml.MoMLSimpleApplication@31038c75
----------------- Done invoking toplevel() on ptolemy.moml.MoMLSimpleApplication@31038c75
reloadAllAccessors: .Modal1

===========================================================================================
----------------- testing Sat Mar 09 03:45:08 UTC 2019 /home/travis/build/icyphy/ptII/ptolemy/domains/de/test/auto/Modal2.xml
----------------- Instantiating /home/travis/build/icyphy/ptII/ptolemy/domains/de/test/auto/Modal2.xml
11 ms. Memory: 548352K Free: 374755K (68%)
----------------- Invoking toplevel() on ptolemy.moml.MoMLSimpleApplication@51761954
----------------- Done invoking toplevel() on ptolemy.moml.MoMLSimpleApplication@51761954
reloadAllAccessors: .Modal2

===========================================================================================
----------------- testing Sat Mar 09 03:45:08 UTC 2019 /home/travis/build/icyphy/ptII/ptolemy/domains/de/test/auto/Modal3.xml
----------------- Instantiating /home/travis/build/icyphy/ptII/ptolemy/domains/de/test/auto/Modal3.xml
6 ms. Memory: 548352K Free: 352994K (64%)
----------------- Invoking toplevel() on ptolemy.moml.MoMLSimpleApplication@2ec74e64
----------------- Done invoking toplevel() on ptolemy.moml.MoMLSimpleApplication@2ec74e64
reloadAllAccessors: .Modal3

===========================================================================================
----------------- testing Sat Mar 09 03:45:08 UTC 2019 /home/travis/build/icyphy/ptII/ptolemy/domains/de/test/auto/Modal4.xml
----------------- Instantiating /home/travis/build/icyphy/ptII/ptolemy/domains/de/test/auto/Modal4.xml
17 ms. Memory: 548352K Free: 334313K (61%)
----------------- Invoking toplevel() on ptolemy.moml.MoMLSimpleApplication@29a70a8b
----------------- Done invoking toplevel() on ptolemy.moml.MoMLSimpleApplication@29a70a8b
reloadAllAccessors: .Modal4

===========================================================================================
----------------- testing Sat Mar 09 03:45:08 UTC 2019 /home/travis/build/icyphy/ptII/ptolemy/domains/de/test/auto/Modal5.xml
----------------- Instantiating /home/travis/build/icyphy/ptII/ptolemy/domains/de/test/auto/Modal5.xml
8 ms. Memory: 548352K Free: 315632K (58%)
----------------- Invoking toplevel() on ptolemy.moml.MoMLSimpleApplication@1ea9cb46
----------------- Done invoking toplevel() on ptolemy.moml.MoMLSimpleApplication@1ea9cb46
reloadAllAccessors: .Modal5

===========================================================================================
----------------- testing Sat Mar 09 03:45:08 UTC 2019 /home/travis/build/icyphy/ptII/ptolemy/domains/de/test/auto/Modal6.xml
----------------- Instantiating /home/travis/build/icyphy/ptII/ptolemy/domains/de/test/auto/Modal6.xml
9 ms. Memory: 548352K Free: 301638K (55%)
----------------- Invoking toplevel() on ptolemy.moml.MoMLSimpleApplication@26244b3f
----------------- Done invoking toplevel() on ptolemy.moml.MoMLSimpleApplication@26244b3f
reloadAllAccessors: .Modal6

===========================================================================================
----------------- testing Sat Mar 09 03:45:08 UTC 2019 /home/travis/build/icyphy/ptII/ptolemy/domains/de/test/auto/Modal7.xml
----------------- Instantiating /home/travis/build/icyphy/ptII/ptolemy/domains/de/test/auto/Modal7.xml
6 ms. Memory: 548352K Free: 282957K (52%)
----------------- Invoking toplevel() on ptolemy.moml.MoMLSimpleApplication@441df1b
----------------- Done invoking toplevel() on ptolemy.moml.MoMLSimpleApplication@441df1b
reloadAllAccessors: .Modal7

===========================================================================================
----------------- testing Sat Mar 09 03:45:08 UTC 2019 /home/travis/build/icyphy/ptII/ptolemy/domains/de/test/auto/ModalModel.xml
----------------- Instantiating /home/travis/build/icyphy/ptII/ptolemy/domains/de/test/auto/ModalModel.xml
93 ms. Memory: 548352K Free: 212864K (39%)
----------------- Invoking toplevel() on ptolemy.moml.MoMLSimpleApplication@5f08653b
----------------- Done invoking toplevel() on ptolemy.moml.MoMLSimpleApplication@5f08653b
reloadAllAccessors: .ModalModel

===========================================================================================
----------------- testing Sat Mar 09 03:45:08 UTC 2019 /home/travis/build/icyphy/ptII/ptolemy/domains/de/test/auto/ModalSource.xml
----------------- Instantiating /home/travis/build/icyphy/ptII/ptolemy/domains/de/test/auto/ModalSource.xml
3 ms. Memory: 548352K Free: 195791K (36%)
----------------- Invoking toplevel() on ptolemy.moml.MoMLSimpleApplication@3954712b
----------------- Done invoking toplevel() on ptolemy.moml.MoMLSimpleApplication@3954712b
reloadAllAccessors: .ModalSource

===========================================================================================
----------------- testing Sat Mar 09 03:45:08 UTC 2019 /home/travis/build/icyphy/ptII/ptolemy/domains/de/test/auto/NonInterruptibleTimerZeroDelay.xml
----------------- Instantiating /home/travis/build/icyphy/ptII/ptolemy/domains/de/test/auto/NonInterruptibleTimerZeroDelay.xml
1 ms. Memory: 548352K Free: 186462K (34%)
----------------- Invoking toplevel() on ptolemy.moml.MoMLSimpleApplication@53eadf9a
----------------- Done invoking toplevel() on ptolemy.moml.MoMLSimpleApplication@53eadf9a
reloadAllAccessors: .NonInterruptibleTimerZeroDelay

===========================================================================================
----------------- testing Sat Mar 09 03:45:08 UTC 2019 /home/travis/build/icyphy/ptII/ptolemy/domains/de/test/auto/OpenQueueingNetwork.xml
----------------- Instantiating /home/travis/build/icyphy/ptII/ptolemy/domains/de/test/auto/OpenQueueingNetwork.xml
2187 ms. Memory: 505856K Free: 426204K (84%)
----------------- Invoking toplevel() on ptolemy.moml.MoMLSimpleApplication@38dfed7a
----------------- Done invoking toplevel() on ptolemy.moml.MoMLSimpleApplication@38dfed7a
reloadAllAccessors: .OpenQueueingNetwork

===========================================================================================
----------------- testing Sat Mar 09 03:45:11 UTC 2019 /home/travis/build/icyphy/ptII/ptolemy/domains/de/test/auto/OpenQueuingNetwork.xml
----------------- Instantiating /home/travis/build/icyphy/ptII/ptolemy/domains/de/test/auto/OpenQueuingNetwork.xml
247 ms. Memory: 505856K Free: 328412K (65%)
----------------- Invoking toplevel() on ptolemy.moml.MoMLSimpleApplication@2df72fc6
----------------- Done invoking toplevel() on ptolemy.moml.MoMLSimpleApplication@2df72fc6
reloadAllAccessors: .OpenQueuingNetwork

===========================================================================================
----------------- testing Sat Mar 09 03:45:11 UTC 2019 /home/travis/build/icyphy/ptII/ptolemy/domains/de/test/auto/PeriodicSampler.xml
----------------- Instantiating /home/travis/build/icyphy/ptII/ptolemy/domains/de/test/auto/PeriodicSampler.xml
1 ms. Memory: 505856K Free: 319923K (63%)
----------------- Invoking toplevel() on ptolemy.moml.MoMLSimpleApplication@149f1b99
----------------- Done invoking toplevel() on ptolemy.moml.MoMLSimpleApplication@149f1b99
reloadAllAccessors: .PeriodicSampler

===========================================================================================
----------------- testing Sat Mar 09 03:45:11 UTC 2019 /home/travis/build/icyphy/ptII/ptolemy/domains/de/test/auto/PersistentIO.xml
----------------- Instantiating /home/travis/build/icyphy/ptII/ptolemy/domains/de/test/auto/PersistentIO.xml
4 ms. Memory: 505856K Free: 307190K (61%)
----------------- Invoking toplevel() on ptolemy.moml.MoMLSimpleApplication@61486fbc
----------------- Done invoking toplevel() on ptolemy.moml.MoMLSimpleApplication@61486fbc
reloadAllAccessors: .PersistentIO

===========================================================================================
----------------- testing Sat Mar 09 03:45:11 UTC 2019 /home/travis/build/icyphy/ptII/ptolemy/domains/de/test/auto/PortParameterResetOnInitialize.xml
----------------- Instantiating /home/travis/build/icyphy/ptII/ptolemy/domains/de/test/auto/PortParameterResetOnInitialize.xml
1 ms. Memory: 505856K Free: 296814K (59%)
----------------- Invoking toplevel() on ptolemy.moml.MoMLSimpleApplication@1e7c9f45
----------------- Done invoking toplevel() on ptolemy.moml.MoMLSimpleApplication@1e7c9f45
reloadAllAccessors: .PortParameterResetOnInitialize

===========================================================================================
----------------- testing Sat Mar 09 03:45:11 UTC 2019 /home/travis/build/icyphy/ptII/ptolemy/domains/de/test/auto/PortParameterUpdates.xml
----------------- Instantiating /home/travis/build/icyphy/ptII/ptolemy/domains/de/test/auto/PortParameterUpdates.xml
3 ms. Memory: 505856K Free: 284081K (56%)
----------------- Invoking toplevel() on ptolemy.moml.MoMLSimpleApplication@363b3ac5
----------------- Done invoking toplevel() on ptolemy.moml.MoMLSimpleApplication@363b3ac5
reloadAllAccessors: .PortParameterUpdates

===========================================================================================
----------------- testing Sat Mar 09 03:45:11 UTC 2019 /home/travis/build/icyphy/ptII/ptolemy/domains/de/test/auto/QueueAndServer.xml
----------------- Instantiating /home/travis/build/icyphy/ptII/ptolemy/domains/de/test/auto/QueueAndServer.xml
5 ms. Memory: 505856K Free: 271329K (54%)
----------------- Invoking toplevel() on ptolemy.moml.MoMLSimpleApplication@7aec2d9c
----------------- Done invoking toplevel() on ptolemy.moml.MoMLSimpleApplication@7aec2d9c
reloadAllAccessors: .QueueAndServer

===========================================================================================
----------------- testing Sat Mar 09 03:45:11 UTC 2019 /home/travis/build/icyphy/ptII/ptolemy/domains/de/test/auto/Records.xml
----------------- Instantiating /home/travis/build/icyphy/ptII/ptolemy/domains/de/test/auto/Records.xml
2 ms. Memory: 505856K Free: 258579K (51%)
----------------- Invoking toplevel() on ptolemy.moml.MoMLSimpleApplication@1b1206ce
----------------- Done invoking toplevel() on ptolemy.moml.MoMLSimpleApplication@1b1206ce
reloadAllAccessors: .Records

===========================================================================================
----------------- testing Sat Mar 09 03:45:11 UTC 2019 /home/travis/build/icyphy/ptII/ptolemy/domains/de/test/auto/ResetTransitionWithStartTime1.xml
----------------- Instantiating /home/travis/build/icyphy/ptII/ptolemy/domains/de/test/auto/ResetTransitionWithStartTime1.xml
5 ms. Memory: 505856K Free: 243943K (48%)
----------------- Invoking toplevel() on ptolemy.moml.MoMLSimpleApplication@77291d82
----------------- Done invoking toplevel() on ptolemy.moml.MoMLSimpleApplication@77291d82
reloadAllAccessors: .ResetTransitionWithStartTime1

===========================================================================================
----------------- testing Sat Mar 09 03:45:11 UTC 2019 /home/travis/build/icyphy/ptII/ptolemy/domains/de/test/auto/ResetTransitionWithStartTime2.xml
----------------- Instantiating /home/travis/build/icyphy/ptII/ptolemy/domains/de/test/auto/ResetTransitionWithStartTime2.xml
4 ms. Memory: 505856K Free: 231210K (46%)
----------------- Invoking toplevel() on ptolemy.moml.MoMLSimpleApplication@37e3d21a
----------------- Done invoking toplevel() on ptolemy.moml.MoMLSimpleApplication@37e3d21a
reloadAllAccessors: .ResetTransitionWithStartTime2

===========================================================================================
----------------- testing Sat Mar 09 03:45:11 UTC 2019 /home/travis/build/icyphy/ptII/ptolemy/domains/de/test/auto/ResetTransitionWithStartTime3.xml
----------------- Instantiating /home/travis/build/icyphy/ptII/ptolemy/domains/de/test/auto/ResetTransitionWithStartTime3.xml
5 ms. Memory: 505856K Free: 218460K (43%)
----------------- Invoking toplevel() on ptolemy.moml.MoMLSimpleApplication@6ca7509a
----------------- Done invoking toplevel() on ptolemy.moml.MoMLSimpleApplication@6ca7509a
reloadAllAccessors: .ResetTransitionWithStartTime3

===========================================================================================
----------------- testing Sat Mar 09 03:45:11 UTC 2019 /home/travis/build/icyphy/ptII/ptolemy/domains/de/test/auto/ResetTransitionWithStartTime4.xml
----------------- Instantiating /home/travis/build/icyphy/ptII/ptolemy/domains/de/test/auto/ResetTransitionWithStartTime4.xml
3 ms. Memory: 505856K Free: 205711K (41%)
----------------- Invoking toplevel() on ptolemy.moml.MoMLSimpleApplication@740ed52b
----------------- Done invoking toplevel() on ptolemy.moml.MoMLSimpleApplication@740ed52b
reloadAllAccessors: .ResetTransitionWithStartTime4

===========================================================================================
----------------- testing Sat Mar 09 03:45:11 UTC 2019 /home/travis/build/icyphy/ptII/ptolemy/domains/de/test/auto/ResettableTimer1.xml
----------------- Instantiating /home/travis/build/icyphy/ptII/ptolemy/domains/de/test/auto/ResettableTimer1.xml
2 ms. Memory: 505856K Free: 195335K (39%)
----------------- Invoking toplevel() on ptolemy.moml.MoMLSimpleApplication@435760ca
----------------- Done invoking toplevel() on ptolemy.moml.MoMLSimpleApplication@435760ca
reloadAllAccessors: .ResettableTimer1

===========================================================================================
----------------- testing Sat Mar 09 03:45:11 UTC 2019 /home/travis/build/icyphy/ptII/ptolemy/domains/de/test/auto/ResettableTimer2.xml
----------------- Instantiating /home/travis/build/icyphy/ptII/ptolemy/domains/de/test/auto/ResettableTimer2.xml
2 ms. Memory: 505856K Free: 186846K (37%)
----------------- Invoking toplevel() on ptolemy.moml.MoMLSimpleApplication@5a4570b1
----------------- Done invoking toplevel() on ptolemy.moml.MoMLSimpleApplication@5a4570b1
reloadAllAccessors: .ResettableTimer2

===========================================================================================
----------------- testing Sat Mar 09 03:45:11 UTC 2019 /home/travis/build/icyphy/ptII/ptolemy/domains/de/test/auto/ResettableTimer3.xml
----------------- Instantiating /home/travis/build/icyphy/ptII/ptolemy/domains/de/test/auto/ResettableTimer3.xml
1 ms. Memory: 505856K Free: 178357K (35%)
----------------- Invoking toplevel() on ptolemy.moml.MoMLSimpleApplication@2273b71
----------------- Done invoking toplevel() on ptolemy.moml.MoMLSimpleApplication@2273b71
reloadAllAccessors: .ResettableTimer3

===========================================================================================
----------------- testing Sat Mar 09 03:45:11 UTC 2019 /home/travis/build/icyphy/ptII/ptolemy/domains/de/test/auto/ResettableTimer4.xml
----------------- Instantiating /home/travis/build/icyphy/ptII/ptolemy/domains/de/test/auto/ResettableTimer4.xml
1 ms. Memory: 505856K Free: 167982K (33%)
----------------- Invoking toplevel() on ptolemy.moml.MoMLSimpleApplication@4ca3c43c
----------------- Done invoking toplevel() on ptolemy.moml.MoMLSimpleApplication@4ca3c43c
reloadAllAccessors: .ResettableTimer4

===========================================================================================
----------------- testing Sat Mar 09 03:45:11 UTC 2019 /home/travis/build/icyphy/ptII/ptolemy/domains/de/test/auto/ResettableTimer5.xml
----------------- Instantiating /home/travis/build/icyphy/ptII/ptolemy/domains/de/test/auto/ResettableTimer5.xml
2 ms. Memory: 505856K Free: 159493K (32%)
----------------- Invoking toplevel() on ptolemy.moml.MoMLSimpleApplication@5fb6f6ec
----------------- Done invoking toplevel() on ptolemy.moml.MoMLSimpleApplication@5fb6f6ec
reloadAllAccessors: .ResettableTimer5

===========================================================================================
----------------- testing Sat Mar 09 03:45:11 UTC 2019 /home/travis/build/icyphy/ptII/ptolemy/domains/de/test/auto/ResettableTimer6.xml
----------------- Instantiating /home/travis/build/icyphy/ptII/ptolemy/domains/de/test/auto/ResettableTimer6.xml
2 ms. Memory: 505856K Free: 151004K (30%)
----------------- Invoking toplevel() on ptolemy.moml.MoMLSimpleApplication@1d9a24e5
----------------- Done invoking toplevel() on ptolemy.moml.MoMLSimpleApplication@1d9a24e5
reloadAllAccessors: .ResettableTimer6

===========================================================================================
----------------- testing Sat Mar 09 03:45:11 UTC 2019 /home/travis/build/icyphy/ptII/ptolemy/domains/de/test/auto/ServerZeroDelay.xml
----------------- Instantiating /home/travis/build/icyphy/ptII/ptolemy/domains/de/test/auto/ServerZeroDelay.xml
2 ms. Memory: 505856K Free: 142515K (28%)
----------------- Invoking toplevel() on ptolemy.moml.MoMLSimpleApplication@3ffa1152
----------------- Done invoking toplevel() on ptolemy.moml.MoMLSimpleApplication@3ffa1152
reloadAllAccessors: .ServerZeroDelay

===========================================================================================
----------------- testing Sat Mar 09 03:45:11 UTC 2019 /home/travis/build/icyphy/ptII/ptolemy/domains/de/test/auto/SmartSender.xml
----------------- Instantiating /home/travis/build/icyphy/ptII/ptolemy/domains/de/test/auto/SmartSender.xml
3001 ms. Memory: 505856K Free: 132139K (26%)
----------------- Invoking toplevel() on ptolemy.moml.MoMLSimpleApplication@41c2c82e
----------------- Done invoking toplevel() on ptolemy.moml.MoMLSimpleApplication@41c2c82e
reloadAllAccessors: .SmartSender

===========================================================================================
----------------- testing Sat Mar 09 03:45:14 UTC 2019 /home/travis/build/icyphy/ptII/ptolemy/domains/de/test/auto/ThreadedComposite.xml
----------------- Instantiating /home/travis/build/icyphy/ptII/ptolemy/domains/de/test/auto/ThreadedComposite.xml
129 ms. Memory: 505856K Free: 98151K (19%)
----------------- Invoking toplevel() on ptolemy.moml.MoMLSimpleApplication@7f6d86de
----------------- Done invoking toplevel() on ptolemy.moml.MoMLSimpleApplication@7f6d86de
reloadAllAccessors: .ThreadedComposite

===========================================================================================
----------------- testing Sat Mar 09 03:45:14 UTC 2019 /home/travis/build/icyphy/ptII/ptolemy/domains/de/test/auto/Time.xml
----------------- Instantiating /home/travis/build/icyphy/ptII/ptolemy/domains/de/test/auto/Time.xml
450 ms. Memory: 486400K Free: 448534K (92%)
----------------- Invoking toplevel() on ptolemy.moml.MoMLSimpleApplication@17459294
----------------- Done invoking toplevel() on ptolemy.moml.MoMLSimpleApplication@17459294
reloadAllAccessors: .Time

===========================================================================================
----------------- testing Sat Mar 09 03:45:15 UTC 2019 /home/travis/build/icyphy/ptII/ptolemy/domains/de/test/auto/TimeDelayZeroDelay.xml
----------------- Instantiating /home/travis/build/icyphy/ptII/ptolemy/domains/de/test/auto/TimeDelayZeroDelay.xml
2 ms. Memory: 486400K Free: 437175K (90%)
----------------- Invoking toplevel() on ptolemy.moml.MoMLSimpleApplication@278b0981
----------------- Done invoking toplevel() on ptolemy.moml.MoMLSimpleApplication@278b0981
reloadAllAccessors: .TimeDelayZeroDelay

===========================================================================================
----------------- testing Sat Mar 09 03:45:15 UTC 2019 /home/travis/build/icyphy/ptII/ptolemy/domains/de/test/auto/TimerZeroDelay.xml
----------------- Instantiating /home/travis/build/icyphy/ptII/ptolemy/domains/de/test/auto/TimerZeroDelay.xml
2 ms. Memory: 486400K Free: 431776K (89%)
----------------- Invoking toplevel() on ptolemy.moml.MoMLSimpleApplication@7f686e49
----------------- Done invoking toplevel() on ptolemy.moml.MoMLSimpleApplication@7f686e49
reloadAllAccessors: .TimerZeroDelay

===========================================================================================
----------------- testing Sat Mar 09 03:45:15 UTC 2019 /home/travis/build/icyphy/ptII/ptolemy/domains/de/test/auto/TimingParadox.xml
----------------- Instantiating /home/travis/build/icyphy/ptII/ptolemy/domains/de/test/auto/TimingParadox.xml
280 ms. Memory: 486400K Free: 360199K (74%)
----------------- Invoking toplevel() on ptolemy.moml.MoMLSimpleApplication@6ac1e224
----------------- Done invoking toplevel() on ptolemy.moml.MoMLSimpleApplication@6ac1e224
reloadAllAccessors: .TimingParadox

===========================================================================================
----------------- testing Sat Mar 09 03:45:15 UTC 2019 /home/travis/build/icyphy/ptII/ptolemy/domains/de/test/auto/TransferInputs.xml
----------------- Instantiating /home/travis/build/icyphy/ptII/ptolemy/domains/de/test/auto/TransferInputs.xml
2 ms. Memory: 486400K Free: 352083K (72%)
----------------- Invoking toplevel() on ptolemy.moml.MoMLSimpleApplication@2bbabbd
----------------- Done invoking toplevel() on ptolemy.moml.MoMLSimpleApplication@2bbabbd
reloadAllAccessors: .TransferInputs

===========================================================================================
----------------- testing Sat Mar 09 03:45:15 UTC 2019 /home/travis/build/icyphy/ptII/ptolemy/domains/de/test/auto/TransferOutputs2.xml
----------------- Instantiating /home/travis/build/icyphy/ptII/ptolemy/domains/de/test/auto/TransferOutputs2.xml
3 ms. Memory: 486400K Free: 340026K (70%)
----------------- Invoking toplevel() on ptolemy.moml.MoMLSimpleApplication@31a1ccfd
----------------- Done invoking toplevel() on ptolemy.moml.MoMLSimpleApplication@31a1ccfd
reloadAllAccessors: .TransferOutputs2

===========================================================================================
----------------- testing Sat Mar 09 03:45:15 UTC 2019 /home/travis/build/icyphy/ptII/ptolemy/domains/de/test/auto/Trilateration.xml
----------------- Instantiating /home/travis/build/icyphy/ptII/ptolemy/domains/de/test/auto/Trilateration.xml
11287 ms. Memory: 361472K Free: 119286K (33%)
----------------- Invoking toplevel() on ptolemy.moml.MoMLSimpleApplication@3d3b11be
----------------- Done invoking toplevel() on ptolemy.moml.MoMLSimpleApplication@3d3b11be
reloadAllAccessors: .Trilateration

===========================================================================================
----------------- testing Sat Mar 09 03:45:27 UTC 2019 /home/travis/build/icyphy/ptII/ptolemy/domains/de/test/auto/TwoSigmaDelta.xml
----------------- Instantiating /home/travis/build/icyphy/ptII/ptolemy/domains/de/test/auto/TwoSigmaDelta.xml
2019 ms. Memory: 354304K Free: 106087K (30%)
----------------- Invoking toplevel() on ptolemy.moml.MoMLSimpleApplication@904bfc3
----------------- Done invoking toplevel() on ptolemy.moml.MoMLSimpleApplication@904bfc3
reloadAllAccessors: .TwoSigmaDelta

===========================================================================================
----------------- testing Sat Mar 09 03:45:29 UTC 2019 /home/travis/build/icyphy/ptII/ptolemy/domains/de/test/auto/VariableDelay.xml
----------------- Instantiating /home/travis/build/icyphy/ptII/ptolemy/domains/de/test/auto/VariableDelay.xml
2 ms. Memory: 354304K Free: 94487K (27%)
----------------- Invoking toplevel() on ptolemy.moml.MoMLSimpleApplication@33a15396
----------------- Done invoking toplevel() on ptolemy.moml.MoMLSimpleApplication@33a15396
reloadAllAccessors: .VariableDelay

===========================================================================================
----------------- testing Sat Mar 09 03:45:29 UTC 2019 /home/travis/build/icyphy/ptII/ptolemy/domains/de/test/auto/VariableDelay2.xml
----------------- Instantiating /home/travis/build/icyphy/ptII/ptolemy/domains/de/test/auto/VariableDelay2.xml
2 ms. Memory: 354304K Free: 85718K (24%)
----------------- Invoking toplevel() on ptolemy.moml.MoMLSimpleApplication@41fb2c40
----------------- Done invoking toplevel() on ptolemy.moml.MoMLSimpleApplication@41fb2c40
reloadAllAccessors: .VariableDelay2

===========================================================================================
----------------- testing Sat Mar 09 03:45:29 UTC 2019 /home/travis/build/icyphy/ptII/ptolemy/domains/de/test/auto/VariableDelayZeroDelay.xml
----------------- Instantiating /home/travis/build/icyphy/ptII/ptolemy/domains/de/test/auto/VariableDelayZeroDelay.xml
2 ms. Memory: 354304K Free: 77312K (22%)
----------------- Invoking toplevel() on ptolemy.moml.MoMLSimpleApplication@2eb62c3f
----------------- Done invoking toplevel() on ptolemy.moml.MoMLSimpleApplication@2eb62c3f
reloadAllAccessors: .VariableDelayZeroDelay

===========================================================================================
----------------- testing Sat Mar 09 03:45:29 UTC 2019 /home/travis/build/icyphy/ptII/ptolemy/domains/de/test/auto/VariableDelayZeroDelay2.xml
----------------- Instantiating /home/travis/build/icyphy/ptII/ptolemy/domains/de/test/auto/VariableDelayZeroDelay2.xml
2 ms. Memory: 354304K Free: 68551K (19%)
----------------- Invoking toplevel() on ptolemy.moml.MoMLSimpleApplication@4f028636
----------------- Done invoking toplevel() on ptolemy.moml.MoMLSimpleApplication@4f028636
reloadAllAccessors: .VariableDelayZeroDelay2

===========================================================================================
----------------- testing Sat Mar 09 03:45:29 UTC 2019 /home/travis/build/icyphy/ptII/ptolemy/domains/de/test/auto/deInCt.xml
----------------- Instantiating /home/travis/build/icyphy/ptII/ptolemy/domains/de/test/auto/deInCt.xml
0
1
1
1
0
0
0
1
1
1
0
0
0
1
1
1
0
0
0
1
1
1
0
0
0
1
1
1
0
0
0
1
1
1
0
0
0
0
0
1
1
1
0
0
0
0
6 ms. Memory: 354304K Free: 60441K (17%)
----------------- Invoking toplevel() on ptolemy.moml.MoMLSimpleApplication@2cba081c
----------------- Done invoking toplevel() on ptolemy.moml.MoMLSimpleApplication@2cba081c
reloadAllAccessors: .deInCt

===========================================================================================
----------------- testing Sat Mar 09 03:45:29 UTC 2019 /home/travis/build/icyphy/ptII/ptolemy/domains/de/test/auto/deInCt2.xml
----------------- Instantiating /home/travis/build/icyphy/ptII/ptolemy/domains/de/test/auto/deInCt2.xml
0
1
1
1
0
0
1
1
1
0
0
1
1
1
0
0
1
1
1
0
0
1
1
1
0
0
1
1
1
0
0
1
1
1
0
0
1
1
1
0
0
0
5 ms. Memory: 337408K Free: 303045K (90%)
----------------- Invoking toplevel() on ptolemy.moml.MoMLSimpleApplication@4238f109
----------------- Done invoking toplevel() on ptolemy.moml.MoMLSimpleApplication@4238f109
reloadAllAccessors: .deInCt2

===========================================================================================
----------------- testing Sat Mar 09 03:45:29 UTC 2019 /home/travis/build/icyphy/ptII/ptolemy/domains/de/test/auto/dynamicCausalityInterface1.xml
----------------- Instantiating /home/travis/build/icyphy/ptII/ptolemy/domains/de/test/auto/dynamicCausalityInterface1.xml
0 ms. Memory: 337408K Free: 289732K (86%)
----------------- Invoking toplevel() on ptolemy.moml.MoMLSimpleApplication@2d35619a
----------------- Done invoking toplevel() on ptolemy.moml.MoMLSimpleApplication@2d35619a
reloadAllAccessors: .dynamicCausalityInterface1

===========================================================================================
----------------- testing Sat Mar 09 03:45:29 UTC 2019 /home/travis/build/icyphy/ptII/ptolemy/domains/de/test/auto/fsm_de_test.xml
----------------- Instantiating /home/travis/build/icyphy/ptII/ptolemy/domains/de/test/auto/fsm_de_test.xml
5 ms. Memory: 337408K Free: 278758K (83%)
----------------- Invoking toplevel() on ptolemy.moml.MoMLSimpleApplication@2ae1b0d4
----------------- Done invoking toplevel() on ptolemy.moml.MoMLSimpleApplication@2ae1b0d4
reloadAllAccessors: .fsm_de_test

===========================================================================================
----------------- testing Sat Mar 09 03:45:29 UTC 2019 /home/travis/build/icyphy/ptII/ptolemy/domains/de/test/auto/functionDependencyReconstruction.xml
----------------- Instantiating /home/travis/build/icyphy/ptII/ptolemy/domains/de/test/auto/functionDependencyReconstruction.xml
2 ms. Memory: 337408K Free: 260302K (77%)
----------------- Invoking toplevel() on ptolemy.moml.MoMLSimpleApplication@62e00fd0
----------------- Done invoking toplevel() on ptolemy.moml.MoMLSimpleApplication@62e00fd0
reloadAllAccessors: .functionDependencyReconstruction

===========================================================================================
----------------- testing Sat Mar 09 03:45:29 UTC 2019 /home/travis/build/icyphy/ptII/ptolemy/domains/de/test/auto/multirate.xml
----------------- Instantiating /home/travis/build/icyphy/ptII/ptolemy/domains/de/test/auto/multirate.xml
3 ms. Memory: 337408K Free: 249541K (74%)
----------------- Invoking toplevel() on ptolemy.moml.MoMLSimpleApplication@7d2b7083
----------------- Done invoking toplevel() on ptolemy.moml.MoMLSimpleApplication@7d2b7083
reloadAllAccessors: .multirate

===========================================================================================
----------------- testing Sat Mar 09 03:45:29 UTC 2019 /home/travis/build/icyphy/ptII/ptolemy/domains/de/test/auto/multirate2.xml
----------------- Instantiating /home/travis/build/icyphy/ptII/ptolemy/domains/de/test/auto/multirate2.xml
2 ms. Memory: 337408K Free: 241366K (72%)
----------------- Invoking toplevel() on ptolemy.moml.MoMLSimpleApplication@73260161
----------------- Done invoking toplevel() on ptolemy.moml.MoMLSimpleApplication@73260161
reloadAllAccessors: .multirate2

===========================================================================================
----------------- testing Sat Mar 09 03:45:29 UTC 2019 /home/travis/build/icyphy/ptII/ptolemy/domains/de/test/auto/realtime.xml
----------------- Instantiating /home/travis/build/icyphy/ptII/ptolemy/domains/de/test/auto/realtime.xml
10001 ms. Memory: 337408K Free: 232938K (69%)
----------------- Invoking toplevel() on ptolemy.moml.MoMLSimpleApplication@3af98866
----------------- Done invoking toplevel() on ptolemy.moml.MoMLSimpleApplication@3af98866
reloadAllAccessors: .realtime

===========================================================================================
----------------- testing Sat Mar 09 03:45:39 UTC 2019 /home/travis/build/icyphy/ptII/ptolemy/domains/de/test/auto/relationGroup.xml
----------------- Instantiating /home/travis/build/icyphy/ptII/ptolemy/domains/de/test/auto/relationGroup.xml
3 ms. Memory: 337408K Free: 227329K (67%)
----------------- Invoking toplevel() on ptolemy.moml.MoMLSimpleApplication@7d266742
----------------- Done invoking toplevel() on ptolemy.moml.MoMLSimpleApplication@7d266742
reloadAllAccessors: .relationGroup

===========================================================================================
----------------- testing Sat Mar 09 03:45:39 UTC 2019 /home/travis/build/icyphy/ptII/ptolemy/domains/de/test/auto/relationGroup2.xml
----------------- Instantiating /home/travis/build/icyphy/ptII/ptolemy/domains/de/test/auto/relationGroup2.xml
1 ms. Memory: 337408K Free: 221722K (66%)
----------------- Invoking toplevel() on ptolemy.moml.MoMLSimpleApplication@2fadb241
----------------- Done invoking toplevel() on ptolemy.moml.MoMLSimpleApplication@2fadb241
reloadAllAccessors: .relationGroup2

===========================================================================================
----------------- testing Sat Mar 09 03:45:39 UTC 2019 /home/travis/build/icyphy/ptII/ptolemy/domains/de/test/auto/sortWithOpaquePorts.xml
----------------- Instantiating /home/travis/build/icyphy/ptII/ptolemy/domains/de/test/auto/sortWithOpaquePorts.xml
1 ms. Memory: 337408K Free: 213293K (63%)
----------------- Invoking toplevel() on ptolemy.moml.MoMLSimpleApplication@6501c500
----------------- Done invoking toplevel() on ptolemy.moml.MoMLSimpleApplication@6501c500
reloadAllAccessors: .sortWithOpaquePorts

===========================================================================================
----------------- testing Sat Mar 09 03:45:39 UTC 2019 /home/travis/build/icyphy/ptII/ptolemy/domains/de/test/auto/transferInputsandOutputs.xml
----------------- Instantiating /home/travis/build/icyphy/ptII/ptolemy/domains/de/test/auto/transferInputsandOutputs.xml
2 ms. Memory: 337408K Free: 202541K (60%)
----------------- Invoking toplevel() on ptolemy.moml.MoMLSimpleApplication@49a84cdf
----------------- Done invoking toplevel() on ptolemy.moml.MoMLSimpleApplication@49a84cdf
reloadAllAccessors: .transferInputsandOutputs

===========================================================================================
----------------- testing Sat Mar 09 03:45:40 UTC 2019 /home/travis/build/icyphy/ptII/ptolemy/domains/de/test/auto/triggerType.xml
----------------- Instantiating /home/travis/build/icyphy/ptII/ptolemy/domains/de/test/auto/triggerType.xml
1 ms. Memory: 337408K Free: 194372K (58%)
----------------- Invoking toplevel() on ptolemy.moml.MoMLSimpleApplication@17ba6ff8
----------------- Done invoking toplevel() on ptolemy.moml.MoMLSimpleApplication@17ba6ff8
reloadAllAccessors: .triggerType
AutoTests.java: About to close Vertx.
AutoTests.java: Vertx closed.
]]></system-out>
  <system-err><![CDATA[java.lang.RuntimeException: Execution failed
	at ptolemy.moml.MoMLSimpleApplication$UnloadThread.run(MoMLSimpleApplication.java:402)
Caused by: ptolemy.kernel.util.IllegalActionException: Found a zero delay loop containing .dependencyLoop.original
  in .dependencyLoop and .dependencyLoop.original
	at ptolemy.actor.util.CausalityInterfaceForComposites._computeOutputPortDepth(CausalityInterfaceForComposites.java:759)
	at ptolemy.actor.util.CausalityInterfaceForComposites._computeInputDepth(CausalityInterfaceForComposites.java:696)
	at ptolemy.actor.util.CausalityInterfaceForComposites._computeOutputPortDepth(CausalityInterfaceForComposites.java:765)
	at ptolemy.actor.util.CausalityInterfaceForComposites._computeInputDepth(CausalityInterfaceForComposites.java:696)
	at ptolemy.actor.util.CausalityInterfaceForComposites._computeOutputPortDepth(CausalityInterfaceForComposites.java:765)
	at ptolemy.actor.util.CausalityInterfaceForComposites._computeInputDepth(CausalityInterfaceForComposites.java:696)
	at ptolemy.actor.util.CausalityInterfaceForComposites._computeActorDepth(CausalityInterfaceForComposites.java:532)
	at ptolemy.actor.util.CausalityInterfaceForComposites.checkForCycles(CausalityInterfaceForComposites.java:96)
	at ptolemy.domains.de.kernel.DEDirector.preinitialize(DEDirector.java:1338)
	at ptolemy.actor.CompositeActor.preinitialize(CompositeActor.java:1828)
	at ptolemy.actor.Manager.preinitializeAndResolveTypes(Manager.java:1040)
	at ptolemy.actor.Manager.initialize(Manager.java:710)
	at ptolemy.actor.Manager.execute(Manager.java:356)
	at ptolemy.actor.Manager.run(Manager.java:1263)
	at ptolemy.actor.Manager$PtolemyRunThread.run(Manager.java:1915)
java.lang.RuntimeException: Execution failed
	at ptolemy.moml.MoMLSimpleApplication$UnloadThread.run(MoMLSimpleApplication.java:402)
Caused by: ptolemy.kernel.util.IllegalActionException: Found a zero delay loop containing .dependencyLoop2.original
  in .dependencyLoop2 and .dependencyLoop2.original
	at ptolemy.actor.util.CausalityInterfaceForComposites._computeOutputPortDepth(CausalityInterfaceForComposites.java:759)
	at ptolemy.actor.util.CausalityInterfaceForComposites._computeInputDepth(CausalityInterfaceForComposites.java:696)
	at ptolemy.actor.util.CausalityInterfaceForComposites._computeOutputPortDepth(CausalityInterfaceForComposites.java:765)
	at ptolemy.actor.util.CausalityInterfaceForComposites._computeInputDepth(CausalityInterfaceForComposites.java:696)
	at ptolemy.actor.util.CausalityInterfaceForComposites._computeOutputPortDepth(CausalityInterfaceForComposites.java:765)
	at ptolemy.actor.util.CausalityInterfaceForComposites._computeInputDepth(CausalityInterfaceForComposites.java:696)
	at ptolemy.actor.util.CausalityInterfaceForComposites._computeActorDepth(CausalityInterfaceForComposites.java:532)
	at ptolemy.actor.util.CausalityInterfaceForComposites.checkForCycles(CausalityInterfaceForComposites.java:96)
	at ptolemy.domains.de.kernel.DEDirector.preinitialize(DEDirector.java:1338)
	at ptolemy.actor.CompositeActor.preinitialize(CompositeActor.java:1828)
	at ptolemy.actor.Manager.preinitializeAndResolveTypes(Manager.java:1040)
	at ptolemy.actor.Manager.initialize(Manager.java:710)
	at ptolemy.actor.Manager.execute(Manager.java:356)
	at ptolemy.actor.Manager.run(Manager.java:1263)
	at ptolemy.actor.Manager$PtolemyRunThread.run(Manager.java:1915)
java.lang.RuntimeException: Execution failed
	at ptolemy.moml.MoMLSimpleApplication$UnloadThread.run(MoMLSimpleApplication.java:402)
Caused by: ptolemy.kernel.util.IllegalActionException: Found a zero delay loop containing .dependencyLoop.original
  in .dependencyLoop and .dependencyLoop.original
	at ptolemy.actor.util.CausalityInterfaceForComposites._computeOutputPortDepth(CausalityInterfaceForComposites.java:759)
	at ptolemy.actor.util.CausalityInterfaceForComposites._computeInputDepth(CausalityInterfaceForComposites.java:696)
	at ptolemy.actor.util.CausalityInterfaceForComposites._computeOutputPortDepth(CausalityInterfaceForComposites.java:765)
	at ptolemy.actor.util.CausalityInterfaceForComposites._computeInputDepth(CausalityInterfaceForComposites.java:696)
	at ptolemy.actor.util.CausalityInterfaceForComposites._computeOutputPortDepth(CausalityInterfaceForComposites.java:765)
	at ptolemy.actor.util.CausalityInterfaceForComposites._computeInputDepth(CausalityInterfaceForComposites.java:696)
	at ptolemy.actor.util.CausalityInterfaceForComposites._computeActorDepth(CausalityInterfaceForComposites.java:532)
	at ptolemy.actor.util.CausalityInterfaceForComposites.checkForCycles(CausalityInterfaceForComposites.java:96)
	at ptolemy.domains.de.kernel.DEDirector.preinitialize(DEDirector.java:1338)
	at ptolemy.actor.CompositeActor.preinitialize(CompositeActor.java:1828)
	at ptolemy.actor.Manager.preinitializeAndResolveTypes(Manager.java:1040)
	at ptolemy.actor.Manager.initialize(Manager.java:710)
	at ptolemy.actor.Manager.execute(Manager.java:356)
	at ptolemy.actor.Manager.run(Manager.java:1263)
	at ptolemy.actor.Manager$PtolemyRunThread.run(Manager.java:1915)
java.lang.RuntimeException: Execution failed
	at ptolemy.moml.MoMLSimpleApplication$UnloadThread.run(MoMLSimpleApplication.java:402)
Caused by: ptolemy.kernel.util.IllegalActionException: Actor is not ready to fire.  Perhaps UpSample.prefire() returned false? Try debugging the actor by selecting "Listen to Actor".  Also, for SDF check moml for tokenConsumptionRate on input.
  in .DESDFClockTest.Play Bell.Copy1:SDF Director and .DESDFClockTest.Play Bell.UpSample
	at ptolemy.actor.sched.StaticSchedulingDirector.fire(StaticSchedulingDirector.java:227)
	at ptolemy.domains.sdf.kernel.SDFDirector.fire(SDFDirector.java:500)
	at ptolemy.actor.CompositeActor.fire(CompositeActor.java:455)
	at ptolemy.domains.de.kernel.DEDirector._fire(DEDirector.java:1949)
	at ptolemy.domains.de.kernel.DEDirector.fire(DEDirector.java:502)
	at ptolemy.actor.CompositeActor.fire(CompositeActor.java:455)
	at ptolemy.actor.Manager.iterate(Manager.java:851)
	at ptolemy.actor.Manager.execute(Manager.java:369)
	at ptolemy.actor.Manager.run(Manager.java:1263)
	at ptolemy.actor.Manager$PtolemyRunThread.run(Manager.java:1915)
java.lang.RuntimeException: Execution failed
	at ptolemy.moml.MoMLSimpleApplication$UnloadThread.run(MoMLSimpleApplication.java:402)
Caused by: ptolemy.kernel.util.IllegalActionException: Found a zero delay loop containing .dependencyLoop2.original
  in .dependencyLoop2 and .dependencyLoop2.original
	at ptolemy.actor.util.CausalityInterfaceForComposites._computeOutputPortDepth(CausalityInterfaceForComposites.java:759)
	at ptolemy.actor.util.CausalityInterfaceForComposites._computeInputDepth(CausalityInterfaceForComposites.java:696)
	at ptolemy.actor.util.CausalityInterfaceForComposites._computeOutputPortDepth(CausalityInterfaceForComposites.java:765)
	at ptolemy.actor.util.CausalityInterfaceForComposites._computeInputDepth(CausalityInterfaceForComposites.java:696)
	at ptolemy.actor.util.CausalityInterfaceForComposites._computeOutputPortDepth(CausalityInterfaceForComposites.java:765)
	at ptolemy.actor.util.CausalityInterfaceForComposites._computeInputDepth(CausalityInterfaceForComposites.java:696)
	at ptolemy.actor.util.CausalityInterfaceForComposites._computeActorDepth(CausalityInterfaceForComposites.java:532)
	at ptolemy.actor.util.CausalityInterfaceForComposites.checkForCycles(CausalityInterfaceForComposites.java:96)
	at ptolemy.domains.de.kernel.DEDirector.preinitialize(DEDirector.java:1338)
	at ptolemy.actor.CompositeActor.preinitialize(CompositeActor.java:1828)
	at ptolemy.actor.Manager.preinitializeAndResolveTypes(Manager.java:1040)
	at ptolemy.actor.Manager.initialize(Manager.java:710)
	at ptolemy.actor.Manager.execute(Manager.java:356)
	at ptolemy.actor.Manager.run(Manager.java:1263)
	at ptolemy.actor.Manager$PtolemyRunThread.run(Manager.java:1915)
java.lang.RuntimeException: Execution failed
	at ptolemy.moml.MoMLSimpleApplication$UnloadThread.run(MoMLSimpleApplication.java:402)
Caused by: ptolemy.kernel.util.IllegalActionException: Found a zero delay loop containing .HierarchicalModel.A
  in .HierarchicalModel and .HierarchicalModel.A
	at ptolemy.actor.util.CausalityInterfaceForComposites._computeOutputPortDepth(CausalityInterfaceForComposites.java:759)
	at ptolemy.actor.util.CausalityInterfaceForComposites._computeInputDepth(CausalityInterfaceForComposites.java:696)
	at ptolemy.actor.util.CausalityInterfaceForComposites._computeOutputPortDepth(CausalityInterfaceForComposites.java:765)
	at ptolemy.actor.util.CausalityInterfaceForComposites._computeInputDepth(CausalityInterfaceForComposites.java:696)
	at ptolemy.actor.util.CausalityInterfaceForComposites._computeOutputPortDepth(CausalityInterfaceForComposites.java:765)
	at ptolemy.actor.util.CausalityInterfaceForComposites._computeInputDepth(CausalityInterfaceForComposites.java:696)
	at ptolemy.actor.util.CausalityInterfaceForComposites._computeActorDepth(CausalityInterfaceForComposites.java:532)
	at ptolemy.actor.util.CausalityInterfaceForComposites.checkForCycles(CausalityInterfaceForComposites.java:96)
	at ptolemy.domains.de.kernel.DEDirector.preinitialize(DEDirector.java:1338)
	at ptolemy.actor.CompositeActor.preinitialize(CompositeActor.java:1828)
	at ptolemy.actor.Manager.preinitializeAndResolveTypes(Manager.java:1040)
	at ptolemy.actor.Manager.initialize(Manager.java:710)
	at ptolemy.actor.Manager.execute(Manager.java:356)
	at ptolemy.actor.Manager.run(Manager.java:1263)
	at ptolemy.actor.Manager$PtolemyRunThread.run(Manager.java:1915)
java.lang.RuntimeException: Execution failed
	at ptolemy.moml.MoMLSimpleApplication$UnloadThread.run(MoMLSimpleApplication.java:402)
Caused by: ptolemy.kernel.util.IllegalActionException: Test fails in iteration 1.
Value was: 1.0. Should have been: 2.0
  in .DirectFeedback.Test
	at ptolemy.actor.lib.Test.fire(Test.java:268)
	at ptolemy.domains.de.kernel.DEDirector._fire(DEDirector.java:1949)
	at ptolemy.domains.de.kernel.DEDirector.fire(DEDirector.java:502)
	at ptolemy.actor.CompositeActor.fire(CompositeActor.java:455)
	at ptolemy.actor.Manager.iterate(Manager.java:851)
	at ptolemy.actor.Manager.execute(Manager.java:369)
	at ptolemy.actor.Manager.run(Manager.java:1263)
	at ptolemy.actor.Manager$PtolemyRunThread.run(Manager.java:1915)
java.lang.RuntimeException: Execution failed
	at ptolemy.moml.MoMLSimpleApplication$UnloadThread.run(MoMLSimpleApplication.java:402)
Caused by: ptolemy.kernel.util.IllegalActionException: Actor is not ready to fire.  Perhaps UpSample.prefire() returned false? Try debugging the actor by selecting "Listen to Actor".  Also, for SDF check moml for tokenConsumptionRate on input.
  in .DESDFClockTest.Play Bell.Copy1:SDF Director and .DESDFClockTest.Play Bell.UpSample
	at ptolemy.actor.sched.StaticSchedulingDirector.fire(StaticSchedulingDirector.java:227)
	at ptolemy.domains.sdf.kernel.SDFDirector.fire(SDFDirector.java:500)
	at ptolemy.actor.CompositeActor.fire(CompositeActor.java:455)
	at ptolemy.domains.de.kernel.DEDirector._fire(DEDirector.java:1949)
	at ptolemy.domains.de.kernel.DEDirector.fire(DEDirector.java:502)
	at ptolemy.actor.CompositeActor.fire(CompositeActor.java:455)
	at ptolemy.actor.Manager.iterate(Manager.java:851)
	at ptolemy.actor.Manager.execute(Manager.java:369)
	at ptolemy.actor.Manager.run(Manager.java:1263)
	at ptolemy.actor.Manager$PtolemyRunThread.run(Manager.java:1915)
java.lang.reflect.InvocationTargetException
	at sun.reflect.NativeConstructorAccessorImpl.newInstance0(Native Method)
	at sun.reflect.NativeConstructorAccessorImpl.newInstance(NativeConstructorAccessorImpl.java:62)
	at sun.reflect.DelegatingConstructorAccessorImpl.newInstance(DelegatingConstructorAccessorImpl.java:45)
	at java.lang.reflect.Constructor.newInstance(Constructor.java:423)
	at ptolemy.util.test.junit.AutoKnownFailedTests.RunModel(AutoKnownFailedTests.java:105)
	at sun.reflect.NativeMethodAccessorImpl.invoke0(Native Method)
	at sun.reflect.NativeMethodAccessorImpl.invoke(NativeMethodAccessorImpl.java:62)
	at sun.reflect.DelegatingMethodAccessorImpl.invoke(DelegatingMethodAccessorImpl.java:43)
	at java.lang.reflect.Method.invoke(Method.java:498)
	at org.junit.runners.model.FrameworkMethod$1.runReflectiveCall(FrameworkMethod.java:44)
	at org.junit.internal.runners.model.ReflectiveCallable.run(ReflectiveCallable.java:15)
	at org.junit.runners.model.FrameworkMethod.invokeExplosively(FrameworkMethod.java:41)
	at junitparams.internal.InvokeParameterisedMethod.evaluate(InvokeParameterisedMethod.java:102)
	at org.junit.internal.runners.statements.FailOnTimeout$1.run(FailOnTimeout.java:28)
Caused by: ptolemy.kernel.util.IllegalActionException: Actor is not ready to fire.  Perhaps UpSample.prefire() returned false? Try debugging the actor by selecting "Listen to Actor".  Also, for SDF check moml for tokenConsumptionRate on input.
  in .DESDFClockTest.Play Bell.Copy1:SDF Director and .DESDFClockTest.Play Bell.UpSample
	at ptolemy.actor.sched.StaticSchedulingDirector.fire(StaticSchedulingDirector.java:227)
	at ptolemy.domains.sdf.kernel.SDFDirector.fire(SDFDirector.java:500)
	at ptolemy.actor.CompositeActor.fire(CompositeActor.java:455)
	at ptolemy.domains.de.kernel.DEDirector._fire(DEDirector.java:1949)
	at ptolemy.domains.de.kernel.DEDirector.fire(DEDirector.java:502)
	at ptolemy.actor.CompositeActor.fire(CompositeActor.java:455)
	at ptolemy.actor.Manager.iterate(Manager.java:851)
	at ptolemy.actor.Manager.execute(Manager.java:369)
	at ptolemy.actor.Manager.run(Manager.java:1263)
	at ptolemy.actor.Manager$PtolemyRunThread.run(Manager.java:1915)
java.lang.RuntimeException: Execution failed
	at ptolemy.moml.MoMLSimpleApplication$UnloadThread.run(MoMLSimpleApplication.java:402)
Caused by: ptolemy.kernel.util.IllegalActionException: Test fails in iteration 1.
Value was: 1.0. Should have been: 2.0
  in .DirectFeedback.Test
	at ptolemy.actor.lib.Test.fire(Test.java:268)
	at ptolemy.domains.de.kernel.DEDirector._fire(DEDirector.java:1949)
	at ptolemy.domains.de.kernel.DEDirector.fire(DEDirector.java:502)
	at ptolemy.actor.CompositeActor.fire(CompositeActor.java:455)
	at ptolemy.actor.Manager.iterate(Manager.java:851)
	at ptolemy.actor.Manager.execute(Manager.java:369)
	at ptolemy.actor.Manager.run(Manager.java:1263)
	at ptolemy.actor.Manager$PtolemyRunThread.run(Manager.java:1915)
java.lang.reflect.InvocationTargetException
	at sun.reflect.NativeConstructorAccessorImpl.newInstance0(Native Method)
	at sun.reflect.NativeConstructorAccessorImpl.newInstance(NativeConstructorAccessorImpl.java:62)
	at sun.reflect.DelegatingConstructorAccessorImpl.newInstance(DelegatingConstructorAccessorImpl.java:45)
	at java.lang.reflect.Constructor.newInstance(Constructor.java:423)
	at ptolemy.util.test.junit.AutoKnownFailedTests.RunModel(AutoKnownFailedTests.java:105)
	at sun.reflect.NativeMethodAccessorImpl.invoke0(Native Method)
	at sun.reflect.NativeMethodAccessorImpl.invoke(NativeMethodAccessorImpl.java:62)
	at sun.reflect.DelegatingMethodAccessorImpl.invoke(DelegatingMethodAccessorImpl.java:43)
	at java.lang.reflect.Method.invoke(Method.java:498)
	at org.junit.runners.model.FrameworkMethod$1.runReflectiveCall(FrameworkMethod.java:44)
	at org.junit.internal.runners.model.ReflectiveCallable.run(ReflectiveCallable.java:15)
	at org.junit.runners.model.FrameworkMethod.invokeExplosively(FrameworkMethod.java:41)
	at junitparams.internal.InvokeParameterisedMethod.evaluate(InvokeParameterisedMethod.java:102)
	at org.junit.internal.runners.statements.FailOnTimeout$1.run(FailOnTimeout.java:28)
Caused by: ptolemy.kernel.util.IllegalActionException: Test fails in iteration 1.
Value was: 1.0. Should have been: 2.0
  in .DirectFeedback.Test
	at ptolemy.actor.lib.Test.fire(Test.java:268)
	at ptolemy.domains.de.kernel.DEDirector._fire(DEDirector.java:1949)
	at ptolemy.domains.de.kernel.DEDirector.fire(DEDirector.java:502)
	at ptolemy.actor.CompositeActor.fire(CompositeActor.java:455)
	at ptolemy.actor.Manager.iterate(Manager.java:851)
	at ptolemy.actor.Manager.execute(Manager.java:369)
	at ptolemy.actor.Manager.run(Manager.java:1263)
	at ptolemy.actor.Manager$PtolemyRunThread.run(Manager.java:1915)
java.lang.RuntimeException: Execution failed
	at ptolemy.moml.MoMLSimpleApplication$UnloadThread.run(MoMLSimpleApplication.java:402)
Caused by: ptolemy.kernel.util.IllegalActionException: Found a zero delay loop containing .HierarchicalModel.A
  in .HierarchicalModel and .HierarchicalModel.A
	at ptolemy.actor.util.CausalityInterfaceForComposites._computeOutputPortDepth(CausalityInterfaceForComposites.java:759)
	at ptolemy.actor.util.CausalityInterfaceForComposites._computeInputDepth(CausalityInterfaceForComposites.java:696)
	at ptolemy.actor.util.CausalityInterfaceForComposites._computeOutputPortDepth(CausalityInterfaceForComposites.java:765)
	at ptolemy.actor.util.CausalityInterfaceForComposites._computeInputDepth(CausalityInterfaceForComposites.java:696)
	at ptolemy.actor.util.CausalityInterfaceForComposites._computeOutputPortDepth(CausalityInterfaceForComposites.java:765)
	at ptolemy.actor.util.CausalityInterfaceForComposites._computeInputDepth(CausalityInterfaceForComposites.java:696)
	at ptolemy.actor.util.CausalityInterfaceForComposites._computeActorDepth(CausalityInterfaceForComposites.java:532)
	at ptolemy.actor.util.CausalityInterfaceForComposites.checkForCycles(CausalityInterfaceForComposites.java:96)
	at ptolemy.domains.de.kernel.DEDirector.preinitialize(DEDirector.java:1338)
	at ptolemy.actor.CompositeActor.preinitialize(CompositeActor.java:1828)
	at ptolemy.actor.Manager.preinitializeAndResolveTypes(Manager.java:1040)
	at ptolemy.actor.Manager.initialize(Manager.java:710)
	at ptolemy.actor.Manager.execute(Manager.java:356)
	at ptolemy.actor.Manager.run(Manager.java:1263)
	at ptolemy.actor.Manager$PtolemyRunThread.run(Manager.java:1915)
java.lang.reflect.InvocationTargetException
	at sun.reflect.NativeConstructorAccessorImpl.newInstance0(Native Method)
	at sun.reflect.NativeConstructorAccessorImpl.newInstance(NativeConstructorAccessorImpl.java:62)
	at sun.reflect.DelegatingConstructorAccessorImpl.newInstance(DelegatingConstructorAccessorImpl.java:45)
	at java.lang.reflect.Constructor.newInstance(Constructor.java:423)
	at ptolemy.util.test.junit.AutoKnownFailedTests.RunModel(AutoKnownFailedTests.java:105)
	at sun.reflect.NativeMethodAccessorImpl.invoke0(Native Method)
	at sun.reflect.NativeMethodAccessorImpl.invoke(NativeMethodAccessorImpl.java:62)
	at sun.reflect.DelegatingMethodAccessorImpl.invoke(DelegatingMethodAccessorImpl.java:43)
	at java.lang.reflect.Method.invoke(Method.java:498)
	at org.junit.runners.model.FrameworkMethod$1.runReflectiveCall(FrameworkMethod.java:44)
	at org.junit.internal.runners.model.ReflectiveCallable.run(ReflectiveCallable.java:15)
	at org.junit.runners.model.FrameworkMethod.invokeExplosively(FrameworkMethod.java:41)
	at junitparams.internal.InvokeParameterisedMethod.evaluate(InvokeParameterisedMethod.java:102)
	at org.junit.internal.runners.statements.FailOnTimeout$1.run(FailOnTimeout.java:28)
Caused by: ptolemy.kernel.util.IllegalActionException: Found a zero delay loop containing .HierarchicalModel.A
  in .HierarchicalModel and .HierarchicalModel.A
	at ptolemy.actor.util.CausalityInterfaceForComposites._computeOutputPortDepth(CausalityInterfaceForComposites.java:759)
	at ptolemy.actor.util.CausalityInterfaceForComposites._computeInputDepth(CausalityInterfaceForComposites.java:696)
	at ptolemy.actor.util.CausalityInterfaceForComposites._computeOutputPortDepth(CausalityInterfaceForComposites.java:765)
	at ptolemy.actor.util.CausalityInterfaceForComposites._computeInputDepth(CausalityInterfaceForComposites.java:696)
	at ptolemy.actor.util.CausalityInterfaceForComposites._computeOutputPortDepth(CausalityInterfaceForComposites.java:765)
	at ptolemy.actor.util.CausalityInterfaceForComposites._computeInputDepth(CausalityInterfaceForComposites.java:696)
	at ptolemy.actor.util.CausalityInterfaceForComposites._computeActorDepth(CausalityInterfaceForComposites.java:532)
	at ptolemy.actor.util.CausalityInterfaceForComposites.checkForCycles(CausalityInterfaceForComposites.java:96)
	at ptolemy.domains.de.kernel.DEDirector.preinitialize(DEDirector.java:1338)
	at ptolemy.actor.CompositeActor.preinitialize(CompositeActor.java:1828)
	at ptolemy.actor.Manager.preinitializeAndResolveTypes(Manager.java:1040)
	at ptolemy.actor.Manager.initialize(Manager.java:710)
	at ptolemy.actor.Manager.execute(Manager.java:356)
	at ptolemy.actor.Manager.run(Manager.java:1263)
	at ptolemy.actor.Manager$PtolemyRunThread.run(Manager.java:1915)
java.lang.RuntimeException: Execution failed
	at ptolemy.moml.MoMLSimpleApplication$UnloadThread.run(MoMLSimpleApplication.java:402)
Caused by: ptolemy.kernel.util.IllegalActionException: Found a zero delay loop containing .dependencyLoop.original
  in .dependencyLoop and .dependencyLoop.original
	at ptolemy.actor.util.CausalityInterfaceForComposites._computeOutputPortDepth(CausalityInterfaceForComposites.java:759)
	at ptolemy.actor.util.CausalityInterfaceForComposites._computeInputDepth(CausalityInterfaceForComposites.java:696)
	at ptolemy.actor.util.CausalityInterfaceForComposites._computeOutputPortDepth(CausalityInterfaceForComposites.java:765)
	at ptolemy.actor.util.CausalityInterfaceForComposites._computeInputDepth(CausalityInterfaceForComposites.java:696)
	at ptolemy.actor.util.CausalityInterfaceForComposites._computeOutputPortDepth(CausalityInterfaceForComposites.java:765)
	at ptolemy.actor.util.CausalityInterfaceForComposites._computeInputDepth(CausalityInterfaceForComposites.java:696)
	at ptolemy.actor.util.CausalityInterfaceForComposites._computeActorDepth(CausalityInterfaceForComposites.java:532)
	at ptolemy.actor.util.CausalityInterfaceForComposites.checkForCycles(CausalityInterfaceForComposites.java:96)
	at ptolemy.domains.de.kernel.DEDirector.preinitialize(DEDirector.java:1338)
	at ptolemy.actor.CompositeActor.preinitialize(CompositeActor.java:1828)
	at ptolemy.actor.Manager.preinitializeAndResolveTypes(Manager.java:1040)
	at ptolemy.actor.Manager.initialize(Manager.java:710)
	at ptolemy.actor.Manager.execute(Manager.java:356)
	at ptolemy.actor.Manager.run(Manager.java:1263)
	at ptolemy.actor.Manager$PtolemyRunThread.run(Manager.java:1915)
java.lang.reflect.InvocationTargetException
	at sun.reflect.NativeConstructorAccessorImpl.newInstance0(Native Method)
	at sun.reflect.NativeConstructorAccessorImpl.newInstance(NativeConstructorAccessorImpl.java:62)
	at sun.reflect.DelegatingConstructorAccessorImpl.newInstance(DelegatingConstructorAccessorImpl.java:45)
	at java.lang.reflect.Constructor.newInstance(Constructor.java:423)
	at ptolemy.util.test.junit.AutoKnownFailedTests.RunModel(AutoKnownFailedTests.java:105)
	at sun.reflect.NativeMethodAccessorImpl.invoke0(Native Method)
	at sun.reflect.NativeMethodAccessorImpl.invoke(NativeMethodAccessorImpl.java:62)
	at sun.reflect.DelegatingMethodAccessorImpl.invoke(DelegatingMethodAccessorImpl.java:43)
	at java.lang.reflect.Method.invoke(Method.java:498)
	at org.junit.runners.model.FrameworkMethod$1.runReflectiveCall(FrameworkMethod.java:44)
	at org.junit.internal.runners.model.ReflectiveCallable.run(ReflectiveCallable.java:15)
	at org.junit.runners.model.FrameworkMethod.invokeExplosively(FrameworkMethod.java:41)
	at junitparams.internal.InvokeParameterisedMethod.evaluate(InvokeParameterisedMethod.java:102)
	at org.junit.internal.runners.statements.FailOnTimeout$1.run(FailOnTimeout.java:28)
Caused by: ptolemy.kernel.util.IllegalActionException: Found a zero delay loop containing .dependencyLoop.original
  in .dependencyLoop and .dependencyLoop.original
	at ptolemy.actor.util.CausalityInterfaceForComposites._computeOutputPortDepth(CausalityInterfaceForComposites.java:759)
	at ptolemy.actor.util.CausalityInterfaceForComposites._computeInputDepth(CausalityInterfaceForComposites.java:696)
	at ptolemy.actor.util.CausalityInterfaceForComposites._computeOutputPortDepth(CausalityInterfaceForComposites.java:765)
	at ptolemy.actor.util.CausalityInterfaceForComposites._computeInputDepth(CausalityInterfaceForComposites.java:696)
	at ptolemy.actor.util.CausalityInterfaceForComposites._computeOutputPortDepth(CausalityInterfaceForComposites.java:765)
	at ptolemy.actor.util.CausalityInterfaceForComposites._computeInputDepth(CausalityInterfaceForComposites.java:696)
	at ptolemy.actor.util.CausalityInterfaceForComposites._computeActorDepth(CausalityInterfaceForComposites.java:532)
	at ptolemy.actor.util.CausalityInterfaceForComposites.checkForCycles(CausalityInterfaceForComposites.java:96)
	at ptolemy.domains.de.kernel.DEDirector.preinitialize(DEDirector.java:1338)
	at ptolemy.actor.CompositeActor.preinitialize(CompositeActor.java:1828)
	at ptolemy.actor.Manager.preinitializeAndResolveTypes(Manager.java:1040)
	at ptolemy.actor.Manager.initialize(Manager.java:710)
	at ptolemy.actor.Manager.execute(Manager.java:356)
	at ptolemy.actor.Manager.run(Manager.java:1263)
	at ptolemy.actor.Manager$PtolemyRunThread.run(Manager.java:1915)
java.lang.RuntimeException: Execution failed
	at ptolemy.moml.MoMLSimpleApplication$UnloadThread.run(MoMLSimpleApplication.java:402)
Caused by: ptolemy.kernel.util.IllegalActionException: Found a zero delay loop containing .dependencyLoop2.original
  in .dependencyLoop2 and .dependencyLoop2.original
	at ptolemy.actor.util.CausalityInterfaceForComposites._computeOutputPortDepth(CausalityInterfaceForComposites.java:759)
	at ptolemy.actor.util.CausalityInterfaceForComposites._computeInputDepth(CausalityInterfaceForComposites.java:696)
	at ptolemy.actor.util.CausalityInterfaceForComposites._computeOutputPortDepth(CausalityInterfaceForComposites.java:765)
	at ptolemy.actor.util.CausalityInterfaceForComposites._computeInputDepth(CausalityInterfaceForComposites.java:696)
	at ptolemy.actor.util.CausalityInterfaceForComposites._computeOutputPortDepth(CausalityInterfaceForComposites.java:765)
	at ptolemy.actor.util.CausalityInterfaceForComposites._computeInputDepth(CausalityInterfaceForComposites.java:696)
	at ptolemy.actor.util.CausalityInterfaceForComposites._computeActorDepth(CausalityInterfaceForComposites.java:532)
	at ptolemy.actor.util.CausalityInterfaceForComposites.checkForCycles(CausalityInterfaceForComposites.java:96)
	at ptolemy.domains.de.kernel.DEDirector.preinitialize(DEDirector.java:1338)
	at ptolemy.actor.CompositeActor.preinitialize(CompositeActor.java:1828)
	at ptolemy.actor.Manager.preinitializeAndResolveTypes(Manager.java:1040)
	at ptolemy.actor.Manager.initialize(Manager.java:710)
	at ptolemy.actor.Manager.execute(Manager.java:356)
	at ptolemy.actor.Manager.run(Manager.java:1263)
	at ptolemy.actor.Manager$PtolemyRunThread.run(Manager.java:1915)
java.lang.reflect.InvocationTargetException
	at sun.reflect.NativeConstructorAccessorImpl.newInstance0(Native Method)
	at sun.reflect.NativeConstructorAccessorImpl.newInstance(NativeConstructorAccessorImpl.java:62)
	at sun.reflect.DelegatingConstructorAccessorImpl.newInstance(DelegatingConstructorAccessorImpl.java:45)
	at java.lang.reflect.Constructor.newInstance(Constructor.java:423)
	at ptolemy.util.test.junit.AutoKnownFailedTests.RunModel(AutoKnownFailedTests.java:105)
	at sun.reflect.NativeMethodAccessorImpl.invoke0(Native Method)
	at sun.reflect.NativeMethodAccessorImpl.invoke(NativeMethodAccessorImpl.java:62)
	at sun.reflect.DelegatingMethodAccessorImpl.invoke(DelegatingMethodAccessorImpl.java:43)
	at java.lang.reflect.Method.invoke(Method.java:498)
	at org.junit.runners.model.FrameworkMethod$1.runReflectiveCall(FrameworkMethod.java:44)
	at org.junit.internal.runners.model.ReflectiveCallable.run(ReflectiveCallable.java:15)
	at org.junit.runners.model.FrameworkMethod.invokeExplosively(FrameworkMethod.java:41)
	at junitparams.internal.InvokeParameterisedMethod.evaluate(InvokeParameterisedMethod.java:102)
	at org.junit.internal.runners.statements.FailOnTimeout$1.run(FailOnTimeout.java:28)
Caused by: ptolemy.kernel.util.IllegalActionException: Found a zero delay loop containing .dependencyLoop2.original
  in .dependencyLoop2 and .dependencyLoop2.original
	at ptolemy.actor.util.CausalityInterfaceForComposites._computeOutputPortDepth(CausalityInterfaceForComposites.java:759)
	at ptolemy.actor.util.CausalityInterfaceForComposites._computeInputDepth(CausalityInterfaceForComposites.java:696)
	at ptolemy.actor.util.CausalityInterfaceForComposites._computeOutputPortDepth(CausalityInterfaceForComposites.java:765)
	at ptolemy.actor.util.CausalityInterfaceForComposites._computeInputDepth(CausalityInterfaceForComposites.java:696)
	at ptolemy.actor.util.CausalityInterfaceForComposites._computeOutputPortDepth(CausalityInterfaceForComposites.java:765)
	at ptolemy.actor.util.CausalityInterfaceForComposites._computeInputDepth(CausalityInterfaceForComposites.java:696)
	at ptolemy.actor.util.CausalityInterfaceForComposites._computeActorDepth(CausalityInterfaceForComposites.java:532)
	at ptolemy.actor.util.CausalityInterfaceForComposites.checkForCycles(CausalityInterfaceForComposites.java:96)
	at ptolemy.domains.de.kernel.DEDirector.preinitialize(DEDirector.java:1338)
	at ptolemy.actor.CompositeActor.preinitialize(CompositeActor.java:1828)
	at ptolemy.actor.Manager.preinitializeAndResolveTypes(Manager.java:1040)
	at ptolemy.actor.Manager.initialize(Manager.java:710)
	at ptolemy.actor.Manager.execute(Manager.java:356)
	at ptolemy.actor.Manager.run(Manager.java:1263)
	at ptolemy.actor.Manager$PtolemyRunThread.run(Manager.java:1915)
]]></system-err>
</testsuite>
