<?xml version="1.0" encoding="UTF-8" ?>
<testsuite errors="0" failures="0" hostname="travis-job-aa4f6683-2d82-4b36-b455-fe49b900c380" name="ptolemy.actor.lib.test.junit.JUnitTclTest" skipped="0" tests="517" time="59.215" timestamp="2019-03-31T03:51:22">
  <properties>
    <property name="npm.executable" value="npm" />
    <property name="file.encoding.pkg" value="sun.io" />
    <property name="env.TRAVIS_ROOT" value="/" />
    <property name="ptII.mk.exists" value="true" />
    <property name="env.TRAVIS_APP_HOST" value="build.travis-ci.org" />
    <property name="env.rvm_bin_path" value="/home/travis/.rvm/bin" />
    <property name="java.home" value="/usr/lib/jvm/java-8-oracle/jre" />
    <property name="env.TRAVIS_JOB_NUMBER" value="1068.8" />
    <property name="env.TRAVIS_HOME" value="/home/travis" />
    <property name="env.DISPLAY" value=":99.0" />
    <property name="java.net.preferIPv4Stack" value="true" />
    <property name="env.TRAVIS_INIT" value="upstart" />
    <property name="env.SSH_TTY" value="/dev/pts/0" />
    <property name="env.RUN_TESTS" value="true" />
    <property name="timeout.short" value="1000000" />
    <property name="env.TRAVIS_JOB_NAME" value="" />
    <property name="env.TRAVIS_STACK_NODE_ATTRIBUTES" value="/.node-attributes.yml" />
    <property name="junit.formatter" value="xml" />
    <property name="java.endorsed.dirs" value="/usr/lib/jvm/java-8-oracle/jre/lib/endorsed" />
    <property name="env.TRAVIS_SUDO" value="true" />
    <property name="env.LOGNAME" value="travis" />
    <property name="env.PT_TRAVIS_TEST_CORE1_XML" value="true" />
    <property name="jsdoc.home" value="node_modules/@terraswarm/jsdoc" />
    <property name="debuglevel" value="source,lines,vars" />
    <property name="checkstyle.formatter" value="xml" />
    <property name="bin.vergil.makeable" value="true" />
    <property name="env._system_version" value="14.04" />
    <property name="sun.os.patch.level" value="unknown" />
    <property name="java.vendor.url" value="http://java.oracle.com/" />
    <property name="env.TRAVIS_BUILD_WEB_URL" value="https://travis-ci.org/icyphy/ptII/builds/513654351" />
    <property name="java.version" value="1.8.0_151" />
    <property name="env.TZ" value="UTC" />
    <property name="env.PT_NO_NET" value="true" />
    <property name="env.TRAVIS_PULL_REQUEST_SHA" value="" />
    <property name="env.TRAVIS_SECURE_ENV_VARS" value="true" />
    <property name="env._system_type" value="Linux" />
    <property name="java.vendor.url.bug" value="http://bugreport.sun.com/bugreport/" />
    <property name="env.SSH_CLIENT" value="10.10.4.7 40232 22" />
    <property name="npmjs-org-is-up" value="true" />
    <property name="env.GEM_HOME" value="/home/travis/.rvm/gems/ruby-2.4.1" />
    <property name="env.HAS_ANTARES_THREE_LITTLE_FRONZIES_BADGE" value="true" />
    <property name="env.PS4" value="+" />
    <property name="ant.project.invoked-targets" value="build,test.core1.xml" />
    <property name="env.TRAVIS_PULL_REQUEST_BRANCH" value="" />
    <property name="env.TRAVIS_REPO_SLUG" value="icyphy/ptII" />
    <property name="env.TRAVIS_APT_PROXY" value="http://build-cache.travisci.net" />
    <property name="node.in.path" value="true" />
    <property name="java.maxmemory" value="1400m" />
    <property name="env.RUBY_VERSION" value="ruby-2.4.1" />
    <property name="user.name" value="travis" />
    <property name="env.LANG" value="en_US.UTF-8" />
    <property name="sun.io.unicode.encoding" value="UnicodeLittle" />
    <property name="sun.jnu.encoding" value="UTF-8" />
    <property name="java.runtime.name" value="Java(TM) SE Runtime Environment" />
    <property name="usefile" value="false" />
    <property name="return.code" value="0" />
    <property name="junit.single.formatter" value="plain" />
    <property name="env.DYLD_LIBRARY_PATH" value="/home/travis/pthla/certi-tools/lib:" />
    <property name="env.DEBIAN_FRONTEND" value="noninteractive" />
    <property name="env.SSH_CONNECTION" value="10.10.4.7 40232 10.20.0.51 22" />
    <property name="env.MYSQL_UNIX_PORT" value="/var/run/mysqld/mysqld.sock" />
    <property name="env.TRAVIS_ALLOW_FAILURE" value="false" />
    <property name="env.LC_ALL" value="en_US.UTF-8" />
    <property name="env.TRAVIS_JOB_WEB_URL" value="https://travis-ci.org/icyphy/ptII/jobs/513654359" />
    <property name="java.specification.name" value="Java Platform API Specification" />
    <property name="node.works" value="true" />
    <property name="user.timezone" value="" />
    <property name="path.separator" value=":" />
    <property name="env.TRAVIS_ENABLE_INFRA_DETECTION" value="true" />
    <property name="env.PYTHON_CFLAGS" value="-g -fstack-protector --param=ssp-buffer-size=4 -Wformat -Werror=format-security" />
    <property name="timeout.long" value="4000000" />
    <property name="env.CERTI_HOME" value="/home/travis/pthla/certi-tools" />
    <property name="file.encoding" value="UTF-8" />
    <property name="ant.file.ptII" value="/home/travis/build/icyphy/ptII/build.xml" />
    <property name="javadoc.packagenames" value="com.*,diva.*,lbnl.*,org.hlacerti.*,org.json.*,org.ptolemy.*,org.terraswarm.*,ptolemy.*,ptserver.*" />
    <property name="env.TRAVIS_PULL_REQUEST_SLUG" value="" />
    <property name="ant.project.default-target" value="build" />
    <property name="env.GIT_ASKPASS" value="echo" />
    <property name="env.HOME" value="/home/travis" />
    <property name="sun.java.command" value="org.apache.tools.ant.taskdefs.optional.junit.JUnitTestRunner ptolemy.actor.lib.test.junit.JUnitTclTest skipNonTests=false filtertrace=true haltOnError=false haltOnFailure=false formatter=org.apache.tools.ant.taskdefs.optional.junit.OutErrSummaryJUnitResultFormatter showoutput=true outputtoformatters=true logfailedtests=true threadid=0 logtestlistenerevents=false formatter=org.apache.tools.ant.taskdefs.optional.junit.XMLJUnitResultFormatter,/home/travis/build/icyphy/ptII/reports/junit/TEST-ptolemy.actor.lib.test.junit.JUnitTclTest.xml crashfile=/home/travis/build/icyphy/ptII/junitvmwatcher7582582501411714068.properties propsfile=/home/travis/build/icyphy/ptII/junit4127352364632718181.properties" />
    <property name="env.MANPATH" value="/home/travis/.nvm/versions/node/v7.10.1/share/man:/home/travis/.kiex/elixirs/elixir-1.4.5/man:/home/travis/.rvm/rubies/ruby-2.4.1/share/man:/usr/local/man:/usr/local/cmake-3.9.2/man:/usr/local/clang-5.0.0/share/man:/usr/local/share/man:/usr/share/man:/home/travis/.rvm/man" />
    <property name="env.COMPOSER_NO_INTERACTION" value="1" />
    <property name="env.JDK_SWITCHER_DEFAULT" value="oraclejdk8" />
    <property name="env.TRAVIS_TIMER_ID" value="0acdd2be" />
    <property name="ant.file" value="/home/travis/build/icyphy/ptII/build.xml" />
    <property name="env.TRAVIS_COMMIT_RANGE" value="957937ed47d2203b072c1ffe922bf40d236472ed...779d1b852c9e60806072503222d54fd2abd3548d" />
    <property name="env._system_name" value="Ubuntu" />
    <property name="timeout" value="2400000" />
    <property name="ptII.classpath.optional.property" value="/home/travis/build/icyphy/ptII/lib/bsh-2.0b4.jar:/home/travis/build/icyphy/ptII/lib/ptCal.jar:/home/travis/build/icyphy/ptII/lib/java_cup.jar:/home/travis/build/icyphy/ptII/lib/saxon8.jar:/home/travis/build/icyphy/ptII/lib/saxon8-dom.jar:/home/travis/build/icyphy/ptII/lib/chic.jar:/home/travis/build/icyphy/ptII/lib/ptcolt.jar:/usr/lib/jvm/java-8-oracle/lib/tools.jar:/home/travis/build/icyphy/ptII/vendors/misc/itext/iText.jar:/home/travis/build/icyphy/ptII/lib/g4ltl.jar:/home/travis/build/icyphy/ptII/lib/StructuralCoder.jar:/home/travis/build/icyphy/ptII/vendors/jai-1_1_2_01/lib/jai_core.jar:/home/travis/build/icyphy/ptII/vendors/jai-1_1_2_01/lib/jai_codec.jar:/home/travis/build/icyphy/ptII/lib/jcerti.jar:/home/travis/build/icyphy/ptII/lib/javax.mail.jar:/home/travis/build/icyphy/ptII/vendors/JMF-2.1.1e/lib/jmf.jar:/home/travis/build/icyphy/ptII/lib/jna-4.0.0-variadic.jar:/home/travis/build/icyphy/ptII/vendors/misc/joystick/Joystick.jar:/home/travis/build/icyphy/ptII/lib/ptjacl.jar:/home/travis/build/icyphy/ptII/lib/jsoup-1.8.2.jar:/home/travis/build/icyphy/ptII/lib/junit-4.8.2.jar:/home/travis/build/icyphy/ptII/lib/JUnitParams-0.4.0.jar:/home/travis/build/icyphy/ptII/ptolemy/actor/lib/excel/jxl.jar:/home/travis/build/icyphy/ptII/lib/jython.jar:/home/travis/build/icyphy/ptII/lib/kieler.jar:/home/travis/build/icyphy/ptII/vendors/opencv/share/OpenCV/java/opencv-341.jar:/home/travis/build/icyphy/ptII/lib/oscP5.jar:/home/travis/build/icyphy/ptII/lib/nrjavaserial-3.11.0.devel.jar:/home/travis/build/icyphy/ptII/vendors/j3d/lib/j3dcore.jar:/home/travis/build/icyphy/ptII/vendors/j3d/lib/j3dutils.jar:/home/travis/build/icyphy/ptII/vendors/j3d/lib/vecmath.jar:/home/travis/build/icyphy/ptII/ptolemy/distributed/jini/jar/jini-core.jar:/home/travis/build/icyphy/ptII/ptolemy/distributed/jini/jar/jini-ext.jar:/home/travis/build/icyphy/ptII/ptolemy/distributed/jini/jar/sun-util.jar:/home/travis/build/icyphy/ptII/lib/protobuf-java-2.4.1.jar:/home/travis/build/icyphy/ptII/lib/org.eclipse.paho.client.mqttv3.jar:/home/travis/build/icyphy/ptII/lib/mapss.jar:/home/travis/build/icyphy/ptII/ptolemy/actor/ptalon/antlr/antlr.jar:/home/travis/build/icyphy/ptII/lib/JRI.jar:/home/travis/build/icyphy/ptII/lib/commons-lang-2.6.jar:/home/travis/build/icyphy/ptII/lib/commons-logging-1.1.1.jar:/home/travis/build/icyphy/ptII/lib/sootclasses.jar:/home/travis/build/icyphy/ptII/ptolemy/actor/lib/database/mysql-connector-java-5.1.6-bin.jar:/home/travis/build/icyphy/ptII/vendors/misc/sphinx4/sphinx4-data-5prealpha.jar:/home/travis/build/icyphy/ptII/vendors/misc/sphinx4/sphinx4-core-5prealpha.jar:/home/travis/build/icyphy/ptII/lib/PDFRenderer.jar:/home/travis/build/icyphy/ptII/lib/svgSalamander.jar:/home/travis/build/icyphy/ptII/lib/rsyntaxtextarea-2.6.0-SNAPSHOT.jar:/home/travis/build/icyphy/ptII/lib/hazelcast-3.8.2.jar:/home/travis/build/icyphy/ptII/lib/jackson-annotations-2.9.0.jar:/home/travis/build/icyphy/ptII/lib/jackson-core-2.9.3.jar:/home/travis/build/icyphy/ptII/lib/jackson-databind-2.9.3.jar:/home/travis/build/icyphy/ptII/lib/netty-buffer-4.1.19.Final.jar:/home/travis/build/icyphy/ptII/lib/netty-codec-4.1.19.Final.jar:/home/travis/build/icyphy/ptII/lib/netty-codec-dns-4.1.19.Final.jar:/home/travis/build/icyphy/ptII/lib/netty-codec-http-4.1.19.Final.jar:/home/travis/build/icyphy/ptII/lib/netty-codec-http2-4.1.19.Final.jar:/home/travis/build/icyphy/ptII/lib/netty-common-4.1.19.Final.jar:/home/travis/build/icyphy/ptII/lib/netty-handler-4.1.19.Final.jar:/home/travis/build/icyphy/ptII/lib/netty-resolver-4.1.19.Final.jar:/home/travis/build/icyphy/ptII/lib/netty-resolver-dns-4.1.19.Final.jar:/home/travis/build/icyphy/ptII/lib/netty-transport-4.1.19.Final.jar:/home/travis/build/icyphy/ptII/lib/vertx-codegen-3.5.1.jar:/home/travis/build/icyphy/ptII/lib/vertx-core-3.5.2-SNAPSHOT.jar:/home/travis/build/icyphy/ptII/lib/vertx-hazelcast-3.5.1.jar:/home/travis/build/icyphy/ptII/lib/vertx-lang-js-3.5.1.jar:/home/travis/build/icyphy/ptII/lib/vertx-service-proxy-3.5.1.jar:/home/travis/build/icyphy/ptII/lib/vertx-web-3.5.1.jar:/home/travis/build/icyphy/ptII/lib/slf4j-api-1.7.13.jar:/home/travis/build/icyphy/ptII/lib/slf4j-simple-1.7.13.jar:/home/travis/build/icyphy/ptII/lib/webcam-capture-0.3.12.jar:/home/travis/build/icyphy/ptII/lib/bridj-0.7.0.jar:/home/travis/build/icyphy/ptII/lib/xbjlib-1.1.0.nrjavaserial.jar" />
    <property name="test.batch" value="**/junit/*.java" />
    <property name="env._" value="/usr/bin/timeout" />
    <property name="java.io.tmpdir" value="/tmp" />
    <property name="env.TRAVIS_INTERNAL_RUBY_REGEX" value="^ruby-(2\.[0-4]\.[0-9]|1\.9\.3)" />
    <property name="user.language" value="en" />
    <property name="env.HISTCONTROL" value="ignoredups:ignorespace" />
    <property name="env.GOROOT" value="/home/travis/.gimme/versions/go1.7.4.linux.amd64" />
    <property name="line.separator" value="&#xa;" />
    <property name="target" value="1.8" />
    <property name="env.TRAVIS_BUILD_DIR" value="/home/travis/build/icyphy/ptII" />
    <property name="env.ANT_OPTS" value="-Xmx2048m" />
    <property name="ant.file.type" value="file" />
    <property name="ptolemy.ptII.batchMode" value="true" />
    <property name="env.HISTSIZE" value="1000" />
    <property name="env.MERB_ENV" value="test" />
    <property name="java.vm.info" value="mixed mode" />
    <property name="source" value="1.8" />
    <property name="java.vm.specification.name" value="Java Virtual Machine Specification" />
    <property name="env.TRAVIS_TEST_RESULT" value="0" />
    <property name="jsdoc.command" value="node_modules/@terraswarm/jsdoc/jsdoc.js" />
    <property name="npm.works" value="true" />
    <property name="cobertura.dir" value="/home/travis/build/icyphy/ptII/vendors/cobertura-2.0.3" />
    <property name="env.rvm_path" value="/home/travis/.rvm" />
    <property name="env.GEM_PATH" value="/home/travis/.rvm/gems/ruby-2.4.1:/home/travis/.rvm/gems/ruby-2.4.1@global" />
    <property name="env.LC_CTYPE" value="en_US.UTF-8" />
    <property name="java.awt.printerjob" value="sun.print.PSPrinterJob" />
    <property name="env.TRAVIS_CMD" value="$PTII/bin/ptIITravisBuild.sh $SECONDS" />
    <property name="env.TRAVIS_STACK_NAME" value="garnet" />
    <property name="env.TRAVIS_TIMER_START_TIME" value="1554003927208385670" />
    <property name="ant.version" value="Apache Ant(TM) version 1.10.1 compiled on February 2 2017" />
    <property name="ptII.reports" value="/home/travis/build/icyphy/ptII/reports" />
    <property name="env.TRAVIS_STACK_TIMESTAMP" value="2017-12-05 19:33:09 UTC" />
    <property name="ant.file.type.ptII" value="file" />
    <property name="env.RBENV_SHELL" value="bash" />
    <property name="os.name" value="Linux" />
    <property name="java.specification.vendor" value="Oracle Corporation" />
    <property name="env.rvm_version" value="1.29.3 (latest)" />
    <property name="env.TRAVIS_INFRA" value="gce" />
    <property name="env.TERM" value="xterm" />
    <property name="java.vm.name" value="Java HotSpot(TM) 64-Bit Server VM" />
    <property name="env.TRAVIS_BUILD_NUMBER" value="1068" />
    <property name="env.CI" value="true" />
    <property name="java.library.path" value="/home/travis/pthla/certi-tools/lib:/usr/lib/jni:/usr/local/share/OpenCV/java/:/usr/share/OpenCV/java::/usr/java/packages/lib/amd64:/usr/lib64:/lib64:/lib:/usr/lib" />
    <property name="env.rvm_prefix" value="/home/travis" />
    <property name="env.PATH" value="/home/travis/pthla/certi-tools/share/scripts:/home/travis/.rvm/gems/ruby-2.4.1/bin:/home/travis/.rvm/gems/ruby-2.4.1@global/bin:/home/travis/.rvm/rubies/ruby-2.4.1/bin:/home/travis/.rvm/bin:/home/travis/.nvm/versions/node/v7.10.1/bin:./node_modules/.bin:/home/travis/build/icyphy/ptII/bin:/home/travis/pthla/certi-tools/bin:/home/travis/bin:/home/travis/.local/bin:/opt/pyenv/shims:/home/travis/.phpenv/shims:/home/travis/perl5/perlbrew/bin:/home/travis/.kiex/elixirs/elixir-1.4.5/bin:/home/travis/.kiex/bin:/home/travis/gopath/bin:/home/travis/.gimme/versions/go1.7.4.linux.amd64/bin:/usr/local/phantomjs/bin:/usr/local/phantomjs:/usr/local/neo4j-3.2.7/bin:/usr/local/maven-3.5.2/bin:/usr/local/cmake-3.9.2/bin:/usr/local/clang-5.0.0/bin:/usr/local/sbin:/usr/local/bin:/usr/sbin:/usr/bin:/sbin:/bin:/home/travis/.phpenv/bin:/opt/pyenv/bin:/home/travis/.yarn/bin" />
    <property name="env.TRAVIS_OS_NAME" value="linux" />
    <property name="ant.java.version" value="1.8" />
    <property name="basedir" value="/home/travis/build/icyphy/ptII" />
    <property name="java.class.version" value="52.0" />
    <property name="env.SHLVL" value="3" />
    <property name="env.LD_LIBRARY_PATH" value="/home/travis/pthla/certi-tools/lib:/usr/lib/jni:/usr/local/share/OpenCV/java/:/usr/share/OpenCV/java:" />
    <property name="env.RACK_ENV" value="test" />
    <property name="ant.home" value="/home/travis/build/icyphy/ptII/ant" />
    <property name="env.PERLBREW_BASHRC_VERSION" value="0.80" />
    <property name="env.NVM_DIR" value="/home/travis/.nvm" />
    <property name="env.TRAVIS_BUILD_ID" value="513654351" />
    <property name="env.CERTI_FOM_PATH" value="/home/travis/pthla/certi-tools/share/federations" />
    <property name="env.PYENV_ROOT" value="/opt/pyenv" />
    <property name="env.TRAVIS_UID" value="2000" />
    <property name="env.rvm_pretty_print_flag" value="auto" />
    <property name="env.NVM_BIN" value="/home/travis/.nvm/versions/node/v7.10.1/bin" />
    <property name="env.TRAVIS_COMMIT" value="779d1b852c9e60806072503222d54fd2abd3548d" />
    <property name="env._system_arch" value="x86_64" />
    <property name="node.executable" value="node" />
    <property name="sun.boot.library.path" value="/usr/lib/jvm/java-8-oracle/jre/lib/amd64" />
    <property name="sun.management.compiler" value="HotSpot 64-Bit Tiered Compilers" />
    <property name="env.GOPATH" value="/home/travis/gopath" />
    <property name="java.awt.graphicsenv" value="sun.awt.X11GraphicsEnvironment" />
    <property name="ptolemy.ptII.dir" value="/home/travis/build/icyphy/ptII" />
    <property name="env.USER" value="travis" />
    <property name="env.HISTFILESIZE" value="2000" />
    <property name="timeout.longest" value="19000000" />
    <property name="env.TRAVIS_STACK_FEATURES" value="basic cassandra chromium couchdb disabled-ipv6 docker docker-compose elasticsearch firefox go-toolchain google-chrome jdk memcached mongodb mysql neo4j nodejs_interpreter perl_interpreter perlbrew phantomjs postgresql python_interpreter rabbitmq redis riak ruby_interpreter sqlite xserver" />
    <property name="env.TRAVIS_PULL_REQUEST" value="false" />
    <property name="env.PYENV_SHELL" value="bash" />
    <property name="ant.project.name" value="ptII" />
    <property name="java.vm.specification.version" value="1.8" />
    <property name="env.ANSI_RESET" value="\033[0m" />
    <property name="env.TRAVIS_DIST" value="trusty" />
    <property name="env.CERTI_VERSION" value="4.0.0" />
    <property name="env.NLSPATH" value="/usr/dt/lib/nls/msg/%L/%N.cat" />
    <property name="awt.toolkit" value="sun.awt.X11.XToolkit" />
    <property name="env.CERTI_HOST" value="localhost" />
    <property name="env.MY_RUBY_HOME" value="/home/travis/.rvm/rubies/ruby-2.4.1" />
    <property name="sun.cpu.isalist" value="" />
    <property name="env.TRAVIS_TMPDIR" value="/tmp/tmp.TzOQqhegOX" />
    <property name="java.ext.dirs" value="/usr/lib/jvm/java-8-oracle/jre/lib/ext:/usr/java/packages/lib/ext" />
    <property name="os.version" value="4.4.0-101-generic" />
    <property name="user.home" value="/home/travis" />
    <property name="env.MIX_ARCHIVES" value="/home/travis/.kiex/mix/elixir-1.4.5" />
    <property name="java.vm.vendor" value="Oracle Corporation" />
    <property name="env.TRAVIS_TAG" value="nightly" />
    <property name="env.ANSI_YELLOW" value="\033[33;1m" />
    <property name="env.TRAVIS_FILTERED" value="redirect_io" />
    <property name="env.ANSI_GREEN" value="\033[32;1m" />
    <property name="env.JAVA_HOME" value="/usr/lib/jvm/java-8-oracle" />
    <property name="env.PTII" value="/home/travis/build/icyphy/ptII" />
    <property name="javadoc.excludepackagenames" value="adm.cvs2svn.*,build.*,config.*,doc.coding.templates.*,jni.test.jni.meaningOfLife.*,jni.test.jni.testDeux.*,jni.test.jni.testTrois.*,org.terraswarm.accessor.accessors.web.node_modules.*,org.terraswarm.accessor.accessors.web.hosts.cordova.demo.*,org.terraswarm.accessor.accessors.web.hosts.cordova.plugins.*,org.terraswarm.accessor.accessors-svn.*,pt-modules.*,ptolemy.apps.agilent.*,ptolemy.apps.anytimecontrol.*,ptolemy.apps.apes.*,ptolemy.apps.charon.*,ptolemy.apps.crazyboard.*,ptolemy.apps.eclipse.*,ptolemy.apps.etherealSting.*,ptolemy.apps.fullscreen.*,ptolemy.apps.giotto.*,ptolemy.apps.ia.*,ptolemy.apps.interfaces.*,ptolemy.apps.jmf.*,ptolemy.apps.kurt.*,ptolemy.apps.kvm.*,ptolemy.apps.lego.*,ptolemy.apps.lejos.*,ptolemy.apps.midp.*,ptolemy.apps.mobileCoding.*,ptolemy.apps.pendulum.*,ptolemy.apps.rijndael.*,ptolemy.apps.robot.*,ptolemy.apps.security.*,ptolemy.apps.sobel.*,ptolemy.apps.soot.*,ptolemy.apps.throttle.*,ptolemy.apps.tini.*,ptolemy.apps.transmission.*,ptolemy.apps.vergil.*,ptolemy.apps.waba.*,ptolemy.apps.websensor.*,ptolemy.apps.webstart.*,ptolemy.apps.xsl.*,ptolemy.apps.zaurus.*,ptolemy.codegen.c.actor.lib.oldJavaFiles.*,ptolemy.codegen.dsp.lib.*,ptolemy.codegen.kernel.newInterfaces.*,ptolemy.codegen.lib.*,ptolemy.copernicus.kernel.fragment.*,ptolemy.copernicus.shallow.cg.*,ptolemy.domains.giotto.demo.Hierarchy.Hierarchy.*,ptolemy.domains.giotto.demo.Multimode.Multimode.*,ptolemy.domains.giotto.demo.Simple.Simple.*,ptolemy.domains.gr.lib.experimental.*,ptolemy.domains.gro.*,ptolemy.domains.pdf.*,ptolemy.domains.ptinyos.demo.Surge.output.*,ptolemy.moml.test.NoPackageActor.java*,ptolemy.plot.adm.*,ptolemy.plot.servlet.*,reports.*,signed.*,src.*,target.*,vendors.*,ptolemy.apps.eclipse.awt.*,ptolemy.backtrack.*,ptolemy.backtrack.ast.*,ptolemy.cg.adapter.generic.program.procedural.c.mbed*,ptolemy.homer.*,org.ptolemy.scala.*,diva.util.java2d.svg.*,ptolemy.domains.ptinyos.*,ptolemy.actor.lib.fmi.fmipp.*,,org.terraswarm.accessor.accessors.web.node_modules.*,org.terraswarm.accessor.accessors-svn,ptolemy.apps.*,ptolemy.actor.ptalon.demo.ptinyos.SendAndReceiveCnt.output,ptolemy.actor.ptalon.demo.ptinyos.SenseToLeds.output,ptolemy.domains.ptinyos.demo.CntToLedsAndRfm.output,ptolemy.domains.ptinyos.demo.RfmToLeds.output,ptolemy.domains.ptinyos.demo.SendAndReceiveCnt.output,ptolemy.domains.ptinyos.demo.SenseToLeds.output,ptolemy.actor.lib.jjs.modules.udpSocket.*" />
    <property name="env.TRAVIS_COMMIT_MESSAGE" value="Adding comments in org/hlacerti/lib/HlaManager.java." />
    <property name="keystore" value="ptKeystore" />
    <property name="env.XDG_SESSION_ID" value="2" />
    <property name="junit.output.dir" value="/home/travis/build/icyphy/ptII/reports/junit" />
    <property name="npm.return.code" value="0" />
    <property name="user.dir" value="/home/travis/build/icyphy/ptII/ptolemy/actor/lib/test" />
    <property name="env.TRAVIS_NODE_VERSION" value="7" />
    <property name="env.XFILESEARCHPATH" value="/usr/dt/app-defaults/%L/Dt" />
    <property name="env.TRAVIS_EVENT_TYPE" value="cron" />
    <property name="env.MAIL" value="/var/mail/travis" />
    <property name="env.PWD" value="/home/travis/build/icyphy/ptII" />
    <property name="env.PERLBREW_ROOT" value="/home/travis/perl5/perlbrew" />
    <property name="timeout.npm" value="45000" />
    <property name="env.TRAVIS_ARCH" value="amd64" />
    <property name="env.PAGER" value="cat" />
    <property name="sun.cpu.endian" value="little" />
    <property name="env.TRAVIS_BUILD_STAGE_NAME" value="Test" />
    <property name="env.PERLBREW_HOME" value="/home/travis/.perlbrew" />
    <property name="env.RAILS_ENV" value="test" />
    <property name="java.vm.version" value="25.151-b12" />
    <property name="java.class.path" value="/home/travis/.ptolemyII:/home/travis/.ptolemyII/*:/home/travis/build/icyphy/ptII:/home/travis/build/icyphy/ptII/lib/bsh-2.0b4.jar:/home/travis/build/icyphy/ptII/lib/ptCal.jar:/home/travis/build/icyphy/ptII/lib/java_cup.jar:/home/travis/build/icyphy/ptII/lib/saxon8.jar:/home/travis/build/icyphy/ptII/lib/saxon8-dom.jar:/home/travis/build/icyphy/ptII/lib/chic.jar:/home/travis/build/icyphy/ptII/lib/ptcolt.jar:/usr/lib/jvm/java-8-oracle/lib/tools.jar:/home/travis/build/icyphy/ptII/vendors/misc/itext/iText.jar:/home/travis/build/icyphy/ptII/lib/g4ltl.jar:/home/travis/build/icyphy/ptII/lib/StructuralCoder.jar:/home/travis/build/icyphy/ptII/vendors/jai-1_1_2_01/lib/jai_core.jar:/home/travis/build/icyphy/ptII/vendors/jai-1_1_2_01/lib/jai_codec.jar:/home/travis/build/icyphy/ptII/lib/jcerti.jar:/home/travis/build/icyphy/ptII/lib/javax.mail.jar:/home/travis/build/icyphy/ptII/vendors/JMF-2.1.1e/lib/jmf.jar:/home/travis/build/icyphy/ptII/lib/jna-4.0.0-variadic.jar:/home/travis/build/icyphy/ptII/vendors/misc/joystick/Joystick.jar:/home/travis/build/icyphy/ptII/lib/ptjacl.jar:/home/travis/build/icyphy/ptII/lib/jsoup-1.8.2.jar:/home/travis/build/icyphy/ptII/lib/junit-4.8.2.jar:/home/travis/build/icyphy/ptII/lib/JUnitParams-0.4.0.jar:/home/travis/build/icyphy/ptII/ptolemy/actor/lib/excel/jxl.jar:/home/travis/build/icyphy/ptII/lib/jython.jar:/home/travis/build/icyphy/ptII/lib/kieler.jar:/home/travis/build/icyphy/ptII/vendors/opencv/share/OpenCV/java/opencv-341.jar:/home/travis/build/icyphy/ptII/lib/oscP5.jar:/home/travis/build/icyphy/ptII/lib/nrjavaserial-3.11.0.devel.jar:/home/travis/build/icyphy/ptII/vendors/j3d/lib/j3dcore.jar:/home/travis/build/icyphy/ptII/vendors/j3d/lib/j3dutils.jar:/home/travis/build/icyphy/ptII/vendors/j3d/lib/vecmath.jar:/home/travis/build/icyphy/ptII/ptolemy/distributed/jini/jar/jini-core.jar:/home/travis/build/icyphy/ptII/ptolemy/distributed/jini/jar/jini-ext.jar:/home/travis/build/icyphy/ptII/ptolemy/distributed/jini/jar/sun-util.jar:/home/travis/build/icyphy/ptII/lib/protobuf-java-2.4.1.jar:/home/travis/build/icyphy/ptII/lib/org.eclipse.paho.client.mqttv3.jar:/home/travis/build/icyphy/ptII/lib/mapss.jar:/home/travis/build/icyphy/ptII/ptolemy/actor/ptalon/antlr/antlr.jar:/home/travis/build/icyphy/ptII/lib/JRI.jar:/home/travis/build/icyphy/ptII/lib/commons-lang-2.6.jar:/home/travis/build/icyphy/ptII/lib/commons-logging-1.1.1.jar:/home/travis/build/icyphy/ptII/lib/sootclasses.jar:/home/travis/build/icyphy/ptII/ptolemy/actor/lib/database/mysql-connector-java-5.1.6-bin.jar:/home/travis/build/icyphy/ptII/vendors/misc/sphinx4/sphinx4-data-5prealpha.jar:/home/travis/build/icyphy/ptII/vendors/misc/sphinx4/sphinx4-core-5prealpha.jar:/home/travis/build/icyphy/ptII/lib/PDFRenderer.jar:/home/travis/build/icyphy/ptII/lib/svgSalamander.jar:/home/travis/build/icyphy/ptII/lib/rsyntaxtextarea-2.6.0-SNAPSHOT.jar:/home/travis/build/icyphy/ptII/lib/hazelcast-3.8.2.jar:/home/travis/build/icyphy/ptII/lib/jackson-annotations-2.9.0.jar:/home/travis/build/icyphy/ptII/lib/jackson-core-2.9.3.jar:/home/travis/build/icyphy/ptII/lib/jackson-databind-2.9.3.jar:/home/travis/build/icyphy/ptII/lib/netty-buffer-4.1.19.Final.jar:/home/travis/build/icyphy/ptII/lib/netty-codec-4.1.19.Final.jar:/home/travis/build/icyphy/ptII/lib/netty-codec-dns-4.1.19.Final.jar:/home/travis/build/icyphy/ptII/lib/netty-codec-http-4.1.19.Final.jar:/home/travis/build/icyphy/ptII/lib/netty-codec-http2-4.1.19.Final.jar:/home/travis/build/icyphy/ptII/lib/netty-common-4.1.19.Final.jar:/home/travis/build/icyphy/ptII/lib/netty-handler-4.1.19.Final.jar:/home/travis/build/icyphy/ptII/lib/netty-resolver-4.1.19.Final.jar:/home/travis/build/icyphy/ptII/lib/netty-resolver-dns-4.1.19.Final.jar:/home/travis/build/icyphy/ptII/lib/netty-transport-4.1.19.Final.jar:/home/travis/build/icyphy/ptII/lib/vertx-codegen-3.5.1.jar:/home/travis/build/icyphy/ptII/lib/vertx-core-3.5.2-SNAPSHOT.jar:/home/travis/build/icyphy/ptII/lib/vertx-hazelcast-3.5.1.jar:/home/travis/build/icyphy/ptII/lib/vertx-lang-js-3.5.1.jar:/home/travis/build/icyphy/ptII/lib/vertx-service-proxy-3.5.1.jar:/home/travis/build/icyphy/ptII/lib/vertx-web-3.5.1.jar:/home/travis/build/icyphy/ptII/lib/slf4j-api-1.7.13.jar:/home/travis/build/icyphy/ptII/lib/slf4j-simple-1.7.13.jar:/home/travis/build/icyphy/ptII/lib/webcam-capture-0.3.12.jar:/home/travis/build/icyphy/ptII/lib/bridj-0.7.0.jar:/home/travis/build/icyphy/ptII/lib/xbjlib-1.1.0.nrjavaserial.jar:/home/travis/build/icyphy/ptII/ptolemy/moml/test:/home/travis/build/icyphy/ptII/ant/lib/ant-launcher.jar:/home/travis/build/icyphy/ptII/ant/lib/ant.jar:/home/travis/build/icyphy/ptII/ant/lib/ant-junit.jar:/home/travis/build/icyphy/ptII/ant/lib/ant-junit4.jar" />
    <property name="ant.library.dir" value="/home/travis/build/icyphy/ptII/ant/lib" />
    <property name="os.arch" value="amd64" />
    <property name="env.TRAVIS_LANGUAGE" value="node_js" />
    <property name="env.CONTINUOUS_INTEGRATION" value="true" />
    <property name="env.TRAVIS_STACK_LANGUAGES" value="__garnet__ c c++ clojure cplusplus cpp default go groovy java node_js php pure_java python ruby scala" />
    <property name="test.name" value="ptolemy.actor.lib.test.junit.JUnitTclTest" />
    <property name="sun.java.launcher" value="SUN_STANDARD" />
    <property name="env.PYTHON_CONFIGURE_OPTS" value="--enable-unicode=ucs4 --with-wide-unicode --enable-shared --enable-ipv6 --enable-loadable-sqlite-extensions --with-computed-gotos" />
    <property name="ant.core.lib" value="/home/travis/build/icyphy/ptII/ant/lib/ant.jar" />
    <property name="java.vm.specification.vendor" value="Oracle Corporation" />
    <property name="env.BCVTB_HOME" value="/home/travis/build/icyphy/ptII/lbnl" />
    <property name="file.separator" value="/" />
    <property name="spotbugs.home" value="/home/travis/build/icyphy/ptII/vendors/spotbugs-3.1.1" />
    <property name="java.runtime.version" value="1.8.0_151-b12" />
    <property name="sun.boot.class.path" value="/usr/lib/jvm/java-8-oracle/jre/lib/resources.jar:/usr/lib/jvm/java-8-oracle/jre/lib/rt.jar:/usr/lib/jvm/java-8-oracle/jre/lib/sunrsasign.jar:/usr/lib/jvm/java-8-oracle/jre/lib/jsse.jar:/usr/lib/jvm/java-8-oracle/jre/lib/jce.jar:/usr/lib/jvm/java-8-oracle/jre/lib/charsets.jar:/usr/lib/jvm/java-8-oracle/jre/lib/jfr.jar:/usr/lib/jvm/java-8-oracle/jre/classes" />
    <property name="env.ANSI_CLEAR" value="\033[0K" />
    <property name="env.HAS_JOSH_K_SEAL_OF_APPROVAL" value="true" />
    <property name="env.XDG_RUNTIME_DIR" value="/run/user/2000" />
    <property name="env.TRAVIS_OSX_IMAGE" value="" />
    <property name="env.TRAVIS_BRANCH" value="master" />
    <property name="env.TRAVIS_JOB_ID" value="513654359" />
    <property name="user.country" value="US" />
    <property name="env.CERTI_HOME_TRAVIS" value="/home/travis/pthla/certi-tools" />
    <property name="env.SHELL" value="/bin/bash" />
    <property name="java.maxmemory.large" value="5000m" />
    <property name="model" value="" />
    <property name="env.CASHER_DIR" value="/home/travis/.casher" />
    <property name="env.NVM_CD_FLAGS" value="" />
    <property name="jshint.executable" value="/home/travis/node_modules/jshint/bin/jshint" />
    <property name="java.vendor" value="Oracle Corporation" />
    <property name="env.JRUBY_OPTS" value=" --client -J-XX:+TieredCompilation -J-XX:TieredStopAtLevel=1 -J-Xss2m -Xcompile.invokedynamic=false" />
    <property name="env.TRAVIS_PRE_CHEF_BOOTSTRAP_TIME" value="2017-12-05T19:32:55" />
    <property name="env.TRAVIS_STACK_JOB_BOARD_REGISTER" value="/.job-board-register.yml" />
    <property name="env.ELIXIR_VERSION" value="1.4.5" />
    <property name="env.ANSI_RED" value="\033[31;1m" />
    <property name="java.specification.version" value="1.8" />
    <property name="env.TRAVIS" value="true" />
    <property name="env.IRBRC" value="/home/travis/.rvm/rubies/ruby-2.4.1/.irbrc" />
    <property name="sun.arch.data.model" value="64" />
  </properties>
  <testcase classname="ptolemy.util.test.junit.TclTests" name="[0] /home/travis/build/icyphy/ptII/ptolemy/actor/lib/test/AbsoluteValue.tcl (RunTclFile)" time="0.468" />
  <testcase classname="ptolemy.util.test.junit.TclTests" name="[1] /home/travis/build/icyphy/ptII/ptolemy/actor/lib/test/AddSubtract.tcl (RunTclFile)" time="0.091" />
  <testcase classname="ptolemy.util.test.junit.TclTests" name="[2] /home/travis/build/icyphy/ptII/ptolemy/actor/lib/test/Average.tcl (RunTclFile)" time="0.066" />
  <testcase classname="ptolemy.util.test.junit.TclTests" name="[3] /home/travis/build/icyphy/ptII/ptolemy/actor/lib/test/Bernoulli.tcl (RunTclFile)" time="0.029" />
  <testcase classname="ptolemy.util.test.junit.TclTests" name="[4] /home/travis/build/icyphy/ptII/ptolemy/actor/lib/test/Clock.tcl (RunTclFile)" time="0.085" />
  <testcase classname="ptolemy.util.test.junit.TclTests" name="[5] /home/travis/build/icyphy/ptII/ptolemy/actor/lib/test/Commutator.tcl (RunTclFile)" time="0.122" />
  <testcase classname="ptolemy.util.test.junit.TclTests" name="[6] /home/travis/build/icyphy/ptII/ptolemy/actor/lib/test/Const.tcl (RunTclFile)" time="0.083" />
  <testcase classname="ptolemy.util.test.junit.TclTests" name="[7] /home/travis/build/icyphy/ptII/ptolemy/actor/lib/test/CurrentTime.tcl (RunTclFile)" time="0.05" />
  <testcase classname="ptolemy.util.test.junit.TclTests" name="[8] /home/travis/build/icyphy/ptII/ptolemy/actor/lib/test/DB.tcl (RunTclFile)" time="0.034" />
  <testcase classname="ptolemy.util.test.junit.TclTests" name="[9] /home/travis/build/icyphy/ptII/ptolemy/actor/lib/test/DiscreteRandomSource.tcl (RunTclFile)" time="0.053" />
  <testcase classname="ptolemy.util.test.junit.TclTests" name="[10] /home/travis/build/icyphy/ptII/ptolemy/actor/lib/test/Distributor.tcl (RunTclFile)" time="0.076" />
  <testcase classname="ptolemy.util.test.junit.TclTests" name="[11] /home/travis/build/icyphy/ptII/ptolemy/actor/lib/test/Exit.tcl (RunTclFile)" time="0.06" />
  <testcase classname="ptolemy.util.test.junit.TclTests" name="[12] /home/travis/build/icyphy/ptII/ptolemy/actor/lib/test/Expression.tcl (RunTclFile)" time="0.076" />
  <testcase classname="ptolemy.util.test.junit.TclTests" name="[13] /home/travis/build/icyphy/ptII/ptolemy/actor/lib/test/Gaussian.tcl (RunTclFile)" time="0.64" />
  <testcase classname="ptolemy.util.test.junit.TclTests" name="[14] /home/travis/build/icyphy/ptII/ptolemy/actor/lib/test/IIR.tcl (RunTclFile)" time="0.041" />
  <testcase classname="ptolemy.util.test.junit.TclTests" name="[15] /home/travis/build/icyphy/ptII/ptolemy/actor/lib/test/Interpolator.tcl (RunTclFile)" time="0.09" />
  <testcase classname="ptolemy.util.test.junit.TclTests" name="[16] /home/travis/build/icyphy/ptII/ptolemy/actor/lib/test/MathFunction.tcl (RunTclFile)" time="0.074" />
  <testcase classname="ptolemy.util.test.junit.TclTests" name="[17] /home/travis/build/icyphy/ptII/ptolemy/actor/lib/test/Maximum.tcl (RunTclFile)" time="0.046" />
  <testcase classname="ptolemy.util.test.junit.TclTests" name="[18] /home/travis/build/icyphy/ptII/ptolemy/actor/lib/test/Minimum.tcl (RunTclFile)" time="0.035" />
  <testcase classname="ptolemy.util.test.junit.TclTests" name="[19] /home/travis/build/icyphy/ptII/ptolemy/actor/lib/test/MultiplyDivide.tcl (RunTclFile)" time="0.046" />
  <testcase classname="ptolemy.util.test.junit.TclTests" name="[20] /home/travis/build/icyphy/ptII/ptolemy/actor/lib/test/OrderedMerge.tcl (RunTclFile)" time="0.082" />
  <testcase classname="ptolemy.util.test.junit.TclTests" name="[21] /home/travis/build/icyphy/ptII/ptolemy/actor/lib/test/Publisher.tcl (RunTclFile)" time="0.703" />
  <testcase classname="ptolemy.util.test.junit.TclTests" name="[22] /home/travis/build/icyphy/ptII/ptolemy/actor/lib/test/Pulse.tcl (RunTclFile)" time="0.046" />
  <testcase classname="ptolemy.util.test.junit.TclTests" name="[23] /home/travis/build/icyphy/ptII/ptolemy/actor/lib/test/Ramp.tcl (RunTclFile)" time="1.799" />
  <testcase classname="ptolemy.util.test.junit.TclTests" name="[24] /home/travis/build/icyphy/ptII/ptolemy/actor/lib/test/RampContinuous.tcl (RunTclFile)" time="0.018" />
  <testcase classname="ptolemy.util.test.junit.TclTests" name="[25] /home/travis/build/icyphy/ptII/ptolemy/actor/lib/test/RecordAssembler.tcl (RunTclFile)" time="0.018" />
  <testcase classname="ptolemy.util.test.junit.TclTests" name="[26] /home/travis/build/icyphy/ptII/ptolemy/actor/lib/test/RecordDisassembler.tcl (RunTclFile)" time="0.023" />
  <testcase classname="ptolemy.util.test.junit.TclTests" name="[27] /home/travis/build/icyphy/ptII/ptolemy/actor/lib/test/Scale.tcl (RunTclFile)" time="0.027" />
  <testcase classname="ptolemy.util.test.junit.TclTests" name="[28] /home/travis/build/icyphy/ptII/ptolemy/actor/lib/test/SequentialClock.tcl (RunTclFile)" time="0.013" />
  <testcase classname="ptolemy.util.test.junit.TclTests" name="[29] /home/travis/build/icyphy/ptII/ptolemy/actor/lib/test/SetVariable.tcl (RunTclFile)" time="0.014" />
  <testcase classname="ptolemy.util.test.junit.TclTests" name="[30] /home/travis/build/icyphy/ptII/ptolemy/actor/lib/test/Sinewave.tcl (RunTclFile)" time="0.032" />
  <testcase classname="ptolemy.util.test.junit.TclTests" name="[31] /home/travis/build/icyphy/ptII/ptolemy/actor/lib/test/SubscriptionAggregator.tcl (RunTclFile)" time="2.041" />
  <testcase classname="ptolemy.util.test.junit.TclTests" name="[32] /home/travis/build/icyphy/ptII/ptolemy/actor/lib/test/Test.tcl (RunTclFile)" time="0.096" />
  <testcase classname="ptolemy.util.test.junit.TclTests" name="[33] /home/travis/build/icyphy/ptII/ptolemy/actor/lib/test/TestExceptionHandler.tcl (RunTclFile)" time="0.009" />
  <testcase classname="ptolemy.util.test.junit.TclTests" name="[34] /home/travis/build/icyphy/ptII/ptolemy/actor/lib/test/UnionDisassembler.tcl (RunTclFile)" time="0.06" />
  <testcase classname="ptolemy.util.test.junit.TclTests" name="[35] /home/travis/build/icyphy/ptII/ptolemy/actor/lib/test/VariableClock.tcl (RunTclFile)" time="0.035" />
  <testcase classname="ptolemy.util.test.junit.AutoKnownFailedTests" name="[0] /home/travis/build/icyphy/ptII/ptolemy/actor/lib/test/auto/knownFailedTests/PublisherPortToplevelSubscriber.xml (RunModel)" time="0.017" />
  <testcase classname="ptolemy.util.test.junit.AutoKnownFailedTests" name="[1] /home/travis/build/icyphy/ptII/ptolemy/actor/lib/test/auto/knownFailedTests/PublisherSubscriberPortToplevel.xml (RunModel)" time="0.02" />
  <testcase classname="ptolemy.util.test.junit.AutoKnownFailedTests" name="[2] /home/travis/build/icyphy/ptII/ptolemy/actor/lib/test/auto/knownFailedTests/PublisherSubscriptionAggregatorPort.xml (RunModel)" time="0.018" />
  <testcase classname="ptolemy.util.test.junit.AutoKnownFailedTests" name="[3] /home/travis/build/icyphy/ptII/ptolemy/actor/lib/test/auto/knownFailedTests/sizedarray3.xml (RunModel)" time="0.02" />
  <testcase classname="ptolemy.util.test.junit.AutoNameArchTests" name="[0] ThereAreNoAutoArchTests (RunModel)" time="0.001" />
  <testcase classname="ptolemy.util.test.junit.AutoTests" name="[0] /home/travis/build/icyphy/ptII/ptolemy/actor/lib/test/auto/AbsoluteValue.xml (RunModel)" time="0.108" />
  <testcase classname="ptolemy.util.test.junit.AutoTests" name="[1] /home/travis/build/icyphy/ptII/ptolemy/actor/lib/test/auto/AbsoluteValue2.xml (RunModel)" time="0.071" />
  <testcase classname="ptolemy.util.test.junit.AutoTests" name="[2] /home/travis/build/icyphy/ptII/ptolemy/actor/lib/test/auto/Accumulator.xml (RunModel)" time="0.067" />
  <testcase classname="ptolemy.util.test.junit.AutoTests" name="[3] /home/travis/build/icyphy/ptII/ptolemy/actor/lib/test/auto/Accumulator2.xml (RunModel)" time="0.043" />
  <testcase classname="ptolemy.util.test.junit.AutoTests" name="[4] /home/travis/build/icyphy/ptII/ptolemy/actor/lib/test/auto/Accumulator3.xml (RunModel)" time="0.035" />
  <testcase classname="ptolemy.util.test.junit.AutoTests" name="[5] /home/travis/build/icyphy/ptII/ptolemy/actor/lib/test/auto/ArrayAppend.xml (RunModel)" time="0.04" />
  <testcase classname="ptolemy.util.test.junit.AutoTests" name="[6] /home/travis/build/icyphy/ptII/ptolemy/actor/lib/test/auto/ArrayAppend2.xml (RunModel)" time="0.402" />
  <testcase classname="ptolemy.util.test.junit.AutoTests" name="[7] /home/travis/build/icyphy/ptII/ptolemy/actor/lib/test/auto/ArrayAppend3.xml (RunModel)" time="0.039" />
  <testcase classname="ptolemy.util.test.junit.AutoTests" name="[8] /home/travis/build/icyphy/ptII/ptolemy/actor/lib/test/auto/ArrayAppend4.xml (RunModel)" time="0.022" />
  <testcase classname="ptolemy.util.test.junit.AutoTests" name="[9] /home/travis/build/icyphy/ptII/ptolemy/actor/lib/test/auto/ArrayAppend5.xml (RunModel)" time="0.023" />
  <testcase classname="ptolemy.util.test.junit.AutoTests" name="[10] /home/travis/build/icyphy/ptII/ptolemy/actor/lib/test/auto/ArrayAppend6.xml (RunModel)" time="0.021" />
  <testcase classname="ptolemy.util.test.junit.AutoTests" name="[11] /home/travis/build/icyphy/ptII/ptolemy/actor/lib/test/auto/ArrayAppendPerformanceTest.xml (RunModel)" time="0.046" />
  <testcase classname="ptolemy.util.test.junit.AutoTests" name="[12] /home/travis/build/icyphy/ptII/ptolemy/actor/lib/test/auto/ArrayAppendWithEmptyInput.xml (RunModel)" time="0.059" />
  <testcase classname="ptolemy.util.test.junit.AutoTests" name="[13] /home/travis/build/icyphy/ptII/ptolemy/actor/lib/test/auto/ArrayAverage.xml (RunModel)" time="0.047" />
  <testcase classname="ptolemy.util.test.junit.AutoTests" name="[14] /home/travis/build/icyphy/ptII/ptolemy/actor/lib/test/auto/ArrayContains.xml (RunModel)" time="0.023" />
  <testcase classname="ptolemy.util.test.junit.AutoTests" name="[15] /home/travis/build/icyphy/ptII/ptolemy/actor/lib/test/auto/ArrayElement.xml (RunModel)" time="0.018" />
  <testcase classname="ptolemy.util.test.junit.AutoTests" name="[16] /home/travis/build/icyphy/ptII/ptolemy/actor/lib/test/auto/ArrayElementAsMatrix.xml (RunModel)" time="0.055" />
  <testcase classname="ptolemy.util.test.junit.AutoTests" name="[17] /home/travis/build/icyphy/ptII/ptolemy/actor/lib/test/auto/ArrayElementI.xml (RunModel)" time="0.023" />
  <testcase classname="ptolemy.util.test.junit.AutoTests" name="[18] /home/travis/build/icyphy/ptII/ptolemy/actor/lib/test/auto/ArrayExtract.xml (RunModel)" time="0.025" />
  <testcase classname="ptolemy.util.test.junit.AutoTests" name="[19] /home/travis/build/icyphy/ptII/ptolemy/actor/lib/test/auto/ArrayExtract2.xml (RunModel)" time="0.034" />
  <testcase classname="ptolemy.util.test.junit.AutoTests" name="[20] /home/travis/build/icyphy/ptII/ptolemy/actor/lib/test/auto/ArrayLength.xml (RunModel)" time="0.025" />
  <testcase classname="ptolemy.util.test.junit.AutoTests" name="[21] /home/travis/build/icyphy/ptII/ptolemy/actor/lib/test/auto/ArrayLevelCrossing.xml (RunModel)" time="0.035" />
  <testcase classname="ptolemy.util.test.junit.AutoTests" name="[22] /home/travis/build/icyphy/ptII/ptolemy/actor/lib/test/auto/ArrayLevelCrossing2.xml (RunModel)" time="0.023" />
  <testcase classname="ptolemy.util.test.junit.AutoTests" name="[23] /home/travis/build/icyphy/ptII/ptolemy/actor/lib/test/auto/ArrayPeakSearch.xml (RunModel)" time="0.044" />
  <testcase classname="ptolemy.util.test.junit.AutoTests" name="[24] /home/travis/build/icyphy/ptII/ptolemy/actor/lib/test/auto/ArrayPeakSearch2.xml (RunModel)" time="0.039" />
  <testcase classname="ptolemy.util.test.junit.AutoTests" name="[25] /home/travis/build/icyphy/ptII/ptolemy/actor/lib/test/auto/ArrayPeakSearch3.xml (RunModel)" time="0.036" />
  <testcase classname="ptolemy.util.test.junit.AutoTests" name="[26] /home/travis/build/icyphy/ptII/ptolemy/actor/lib/test/auto/ArrayRemoveElement.xml (RunModel)" time="0.027" />
  <testcase classname="ptolemy.util.test.junit.AutoTests" name="[27] /home/travis/build/icyphy/ptII/ptolemy/actor/lib/test/auto/ArraySort.xml (RunModel)" time="0.074" />
  <testcase classname="ptolemy.util.test.junit.AutoTests" name="[28] /home/travis/build/icyphy/ptII/ptolemy/actor/lib/test/auto/ArraySum.xml (RunModel)" time="0.02" />
  <testcase classname="ptolemy.util.test.junit.AutoTests" name="[29] /home/travis/build/icyphy/ptII/ptolemy/actor/lib/test/auto/ArrayToElements.xml (RunModel)" time="0.025" />
  <testcase classname="ptolemy.util.test.junit.AutoTests" name="[30] /home/travis/build/icyphy/ptII/ptolemy/actor/lib/test/auto/ArrayToMatrix.xml (RunModel)" time="0.044" />
  <testcase classname="ptolemy.util.test.junit.AutoTests" name="[31] /home/travis/build/icyphy/ptII/ptolemy/actor/lib/test/auto/ArrayUpdate1.xml (RunModel)" time="0.019" />
  <testcase classname="ptolemy.util.test.junit.AutoTests" name="[32] /home/travis/build/icyphy/ptII/ptolemy/actor/lib/test/auto/ArrayUpdate2.xml (RunModel)" time="0.017" />
  <testcase classname="ptolemy.util.test.junit.AutoTests" name="[33] /home/travis/build/icyphy/ptII/ptolemy/actor/lib/test/auto/ArrayUpdate3.xml (RunModel)" time="0.029" />
  <testcase classname="ptolemy.util.test.junit.AutoTests" name="[34] /home/travis/build/icyphy/ptII/ptolemy/actor/lib/test/auto/Assert1.xml (RunModel)" time="0.024" />
  <testcase classname="ptolemy.util.test.junit.AutoTests" name="[35] /home/travis/build/icyphy/ptII/ptolemy/actor/lib/test/auto/Assert2.xml (RunModel)" time="0.01" />
  <testcase classname="ptolemy.util.test.junit.AutoTests" name="[36] /home/travis/build/icyphy/ptII/ptolemy/actor/lib/test/auto/BooleanMultiplexor.xml (RunModel)" time="0.017" />
  <testcase classname="ptolemy.util.test.junit.AutoTests" name="[37] /home/travis/build/icyphy/ptII/ptolemy/actor/lib/test/auto/BooleanMultiplexor2.xml (RunModel)" time="0.029" />
  <testcase classname="ptolemy.util.test.junit.AutoTests" name="[38] /home/travis/build/icyphy/ptII/ptolemy/actor/lib/test/auto/BooleanMultiplexor3.xml (RunModel)" time="0.024" />
  <testcase classname="ptolemy.util.test.junit.AutoTests" name="[39] /home/travis/build/icyphy/ptII/ptolemy/actor/lib/test/auto/BooleanSelect.xml (RunModel)" time="0.021" />
  <testcase classname="ptolemy.util.test.junit.AutoTests" name="[40] /home/travis/build/icyphy/ptII/ptolemy/actor/lib/test/auto/BooleanSelect2.xml (RunModel)" time="0.012" />
  <testcase classname="ptolemy.util.test.junit.AutoTests" name="[41] /home/travis/build/icyphy/ptII/ptolemy/actor/lib/test/auto/BooleanSwitch.xml (RunModel)" time="0.022" />
  <testcase classname="ptolemy.util.test.junit.AutoTests" name="[42] /home/travis/build/icyphy/ptII/ptolemy/actor/lib/test/auto/BooleanSwitch2.xml (RunModel)" time="0.019" />
  <testcase classname="ptolemy.util.test.junit.AutoTests" name="[43] /home/travis/build/icyphy/ptII/ptolemy/actor/lib/test/auto/BooleanSwitchCloningBugWithClassRelationGroup.xml (RunModel)" time="0.026" />
  <testcase classname="ptolemy.util.test.junit.AutoTests" name="[44] /home/travis/build/icyphy/ptII/ptolemy/actor/lib/test/auto/BusActors.xml (RunModel)" time="0.034" />
  <testcase classname="ptolemy.util.test.junit.AutoTests" name="[45] /home/travis/build/icyphy/ptII/ptolemy/actor/lib/test/auto/ClassWrapper.xml (RunModel)" time="0.009" />
  <testcase classname="ptolemy.util.test.junit.AutoTests" name="[46] /home/travis/build/icyphy/ptII/ptolemy/actor/lib/test/auto/Clock.xml (RunModel)" time="0.009" />
  <testcase classname="ptolemy.util.test.junit.AutoTests" name="[47] /home/travis/build/icyphy/ptII/ptolemy/actor/lib/test/auto/Clock10.xml (RunModel)" time="0.017" />
  <testcase classname="ptolemy.util.test.junit.AutoTests" name="[48] /home/travis/build/icyphy/ptII/ptolemy/actor/lib/test/auto/Clock11.xml (RunModel)" time="0.019" />
  <testcase classname="ptolemy.util.test.junit.AutoTests" name="[49] /home/travis/build/icyphy/ptII/ptolemy/actor/lib/test/auto/Clock12.xml (RunModel)" time="0.034" />
  <testcase classname="ptolemy.util.test.junit.AutoTests" name="[50] /home/travis/build/icyphy/ptII/ptolemy/actor/lib/test/auto/Clock13.xml (RunModel)" time="0.026" />
  <testcase classname="ptolemy.util.test.junit.AutoTests" name="[51] /home/travis/build/icyphy/ptII/ptolemy/actor/lib/test/auto/Clock14.xml (RunModel)" time="0.022" />
  <testcase classname="ptolemy.util.test.junit.AutoTests" name="[52] /home/travis/build/icyphy/ptII/ptolemy/actor/lib/test/auto/Clock15.xml (RunModel)" time="0.011" />
  <testcase classname="ptolemy.util.test.junit.AutoTests" name="[53] /home/travis/build/icyphy/ptII/ptolemy/actor/lib/test/auto/Clock16.xml (RunModel)" time="0.087" />
  <testcase classname="ptolemy.util.test.junit.AutoTests" name="[54] /home/travis/build/icyphy/ptII/ptolemy/actor/lib/test/auto/Clock17.xml (RunModel)" time="0.071" />
  <testcase classname="ptolemy.util.test.junit.AutoTests" name="[55] /home/travis/build/icyphy/ptII/ptolemy/actor/lib/test/auto/Clock18.xml (RunModel)" time="0.058" />
  <testcase classname="ptolemy.util.test.junit.AutoTests" name="[56] /home/travis/build/icyphy/ptII/ptolemy/actor/lib/test/auto/Clock19.xml (RunModel)" time="0.045" />
  <testcase classname="ptolemy.util.test.junit.AutoTests" name="[57] /home/travis/build/icyphy/ptII/ptolemy/actor/lib/test/auto/Clock2.xml (RunModel)" time="0.016" />
  <testcase classname="ptolemy.util.test.junit.AutoTests" name="[58] /home/travis/build/icyphy/ptII/ptolemy/actor/lib/test/auto/Clock20.xml (RunModel)" time="0.02" />
  <testcase classname="ptolemy.util.test.junit.AutoTests" name="[59] /home/travis/build/icyphy/ptII/ptolemy/actor/lib/test/auto/Clock21.xml (RunModel)" time="0.017" />
  <testcase classname="ptolemy.util.test.junit.AutoTests" name="[60] /home/travis/build/icyphy/ptII/ptolemy/actor/lib/test/auto/Clock22.xml (RunModel)" time="0.016" />
  <testcase classname="ptolemy.util.test.junit.AutoTests" name="[61] /home/travis/build/icyphy/ptII/ptolemy/actor/lib/test/auto/Clock23.xml (RunModel)" time="0.019" />
  <testcase classname="ptolemy.util.test.junit.AutoTests" name="[62] /home/travis/build/icyphy/ptII/ptolemy/actor/lib/test/auto/Clock24.xml (RunModel)" time="0.018" />
  <testcase classname="ptolemy.util.test.junit.AutoTests" name="[63] /home/travis/build/icyphy/ptII/ptolemy/actor/lib/test/auto/Clock4.xml (RunModel)" time="0.016" />
  <testcase classname="ptolemy.util.test.junit.AutoTests" name="[64] /home/travis/build/icyphy/ptII/ptolemy/actor/lib/test/auto/Clock5.xml (RunModel)" time="0.011" />
  <testcase classname="ptolemy.util.test.junit.AutoTests" name="[65] /home/travis/build/icyphy/ptII/ptolemy/actor/lib/test/auto/Clock6.xml (RunModel)" time="0.009" />
  <testcase classname="ptolemy.util.test.junit.AutoTests" name="[66] /home/travis/build/icyphy/ptII/ptolemy/actor/lib/test/auto/Clock7.xml (RunModel)" time="0.01" />
  <testcase classname="ptolemy.util.test.junit.AutoTests" name="[67] /home/travis/build/icyphy/ptII/ptolemy/actor/lib/test/auto/Clock8.xml (RunModel)" time="0.01" />
  <testcase classname="ptolemy.util.test.junit.AutoTests" name="[68] /home/travis/build/icyphy/ptII/ptolemy/actor/lib/test/auto/Clock9.xml (RunModel)" time="0.034" />
  <testcase classname="ptolemy.util.test.junit.AutoTests" name="[69] /home/travis/build/icyphy/ptII/ptolemy/actor/lib/test/auto/CommDistDiscard.xml (RunModel)" time="0.022" />
  <testcase classname="ptolemy.util.test.junit.AutoTests" name="[70] /home/travis/build/icyphy/ptII/ptolemy/actor/lib/test/auto/Commutator.xml (RunModel)" time="0.011" />
  <testcase classname="ptolemy.util.test.junit.AutoTests" name="[71] /home/travis/build/icyphy/ptII/ptolemy/actor/lib/test/auto/Commutator2.xml (RunModel)" time="0.01" />
  <testcase classname="ptolemy.util.test.junit.AutoTests" name="[72] /home/travis/build/icyphy/ptII/ptolemy/actor/lib/test/auto/Commutator3.xml (RunModel)" time="0.01" />
  <testcase classname="ptolemy.util.test.junit.AutoTests" name="[73] /home/travis/build/icyphy/ptII/ptolemy/actor/lib/test/auto/Compare.xml (RunModel)" time="0.016" />
  <testcase classname="ptolemy.util.test.junit.AutoTests" name="[74] /home/travis/build/icyphy/ptII/ptolemy/actor/lib/test/auto/CompareDE.xml (RunModel)" time="0.015" />
  <testcase classname="ptolemy.util.test.junit.AutoTests" name="[75] /home/travis/build/icyphy/ptII/ptolemy/actor/lib/test/auto/ComplexDivide.xml (RunModel)" time="0.009" />
  <testcase classname="ptolemy.util.test.junit.AutoTests" name="[76] /home/travis/build/icyphy/ptII/ptolemy/actor/lib/test/auto/ComputeHistogram.xml (RunModel)" time="0.063" />
  <testcase classname="ptolemy.util.test.junit.AutoTests" name="[77] /home/travis/build/icyphy/ptII/ptolemy/actor/lib/test/auto/ConfigurationSelect.xml (RunModel)" time="0.017" />
  <testcase classname="ptolemy.util.test.junit.AutoTests" name="[78] /home/travis/build/icyphy/ptII/ptolemy/actor/lib/test/auto/ConfigurationSelect2.xml (RunModel)" time="0.012" />
  <testcase classname="ptolemy.util.test.junit.AutoTests" name="[79] /home/travis/build/icyphy/ptII/ptolemy/actor/lib/test/auto/ConfigurationSwitch.xml (RunModel)" time="0.022" />
  <testcase classname="ptolemy.util.test.junit.AutoTests" name="[80] /home/travis/build/icyphy/ptII/ptolemy/actor/lib/test/auto/ConfigurationSwitch2.xml (RunModel)" time="0.02" />
  <testcase classname="ptolemy.util.test.junit.AutoTests" name="[81] /home/travis/build/icyphy/ptII/ptolemy/actor/lib/test/auto/ConfigurationSwitchCloningBugWithClassRelationGroup.xml (RunModel)" time="0.016" />
  <testcase classname="ptolemy.util.test.junit.AutoTests" name="[82] /home/travis/build/icyphy/ptII/ptolemy/actor/lib/test/auto/ConfigurationSwitchSelectSDF.xml (RunModel)" time="0.016" />
  <testcase classname="ptolemy.util.test.junit.AutoTests" name="[83] /home/travis/build/icyphy/ptII/ptolemy/actor/lib/test/auto/ConfigurationSwitchSelectSDF2.xml (RunModel)" time="0.012" />
  <testcase classname="ptolemy.util.test.junit.AutoTests" name="[84] /home/travis/build/icyphy/ptII/ptolemy/actor/lib/test/auto/Const.xml (RunModel)" time="0.006" />
  <testcase classname="ptolemy.util.test.junit.AutoTests" name="[85] /home/travis/build/icyphy/ptII/ptolemy/actor/lib/test/auto/Const2.xml (RunModel)" time="0.01" />
  <testcase classname="ptolemy.util.test.junit.AutoTests" name="[86] /home/travis/build/icyphy/ptII/ptolemy/actor/lib/test/auto/Const3.xml (RunModel)" time="0.006" />
  <testcase classname="ptolemy.util.test.junit.AutoTests" name="[87] /home/travis/build/icyphy/ptII/ptolemy/actor/lib/test/auto/ConstantPublisherPort1.xml (RunModel)" time="0.021" />
  <testcase classname="ptolemy.util.test.junit.AutoTests" name="[88] /home/travis/build/icyphy/ptII/ptolemy/actor/lib/test/auto/ConstantPublisherPort2.xml (RunModel)" time="0.02" />
  <testcase classname="ptolemy.util.test.junit.AutoTests" name="[89] /home/travis/build/icyphy/ptII/ptolemy/actor/lib/test/auto/ConstantPublisherPort3.xml (RunModel)" time="0.024" />
  <testcase classname="ptolemy.util.test.junit.AutoTests" name="[90] /home/travis/build/icyphy/ptII/ptolemy/actor/lib/test/auto/ConstantPublisherPort4.xml (RunModel)" time="0.016" />
  <testcase classname="ptolemy.util.test.junit.AutoTests" name="[91] /home/travis/build/icyphy/ptII/ptolemy/actor/lib/test/auto/ConstantPublisherPort5.xml (RunModel)" time="0.048" />
  <testcase classname="ptolemy.util.test.junit.AutoTests" name="[92] /home/travis/build/icyphy/ptII/ptolemy/actor/lib/test/auto/ConstantPublisherPort6.xml (RunModel)" time="0.033" />
  <testcase classname="ptolemy.util.test.junit.AutoTests" name="[93] /home/travis/build/icyphy/ptII/ptolemy/actor/lib/test/auto/ConstantPublisherPort7.xml (RunModel)" time="0.027" />
  <testcase classname="ptolemy.util.test.junit.AutoTests" name="[94] /home/travis/build/icyphy/ptII/ptolemy/actor/lib/test/auto/ConstraintMonitor1.xml (RunModel)" time="0.033" />
  <testcase classname="ptolemy.util.test.junit.AutoTests" name="[95] /home/travis/build/icyphy/ptII/ptolemy/actor/lib/test/auto/ConstraintMonitor2.xml (RunModel)" time="0.015" />
  <testcase classname="ptolemy.util.test.junit.AutoTests" name="[96] /home/travis/build/icyphy/ptII/ptolemy/actor/lib/test/auto/ConstraintMonitor3.xml (RunModel)" time="0.011" />
  <testcase classname="ptolemy.util.test.junit.AutoTests" name="[97] /home/travis/build/icyphy/ptII/ptolemy/actor/lib/test/auto/ConstraintMonitor4.xml (RunModel)" time="0.011" />
  <testcase classname="ptolemy.util.test.junit.AutoTests" name="[98] /home/travis/build/icyphy/ptII/ptolemy/actor/lib/test/auto/ConstraintMonitor5.xml (RunModel)" time="0.01" />
  <testcase classname="ptolemy.util.test.junit.AutoTests" name="[99] /home/travis/build/icyphy/ptII/ptolemy/actor/lib/test/auto/ConstraintMonitor6.xml (RunModel)" time="0.013" />
  <testcase classname="ptolemy.util.test.junit.AutoTests" name="[100] /home/travis/build/icyphy/ptII/ptolemy/actor/lib/test/auto/ConstraintMonitor7.xml (RunModel)" time="0.019" />
  <testcase classname="ptolemy.util.test.junit.AutoTests" name="[101] /home/travis/build/icyphy/ptII/ptolemy/actor/lib/test/auto/ConstraintMonitor8.xml (RunModel)" time="0.016" />
  <testcase classname="ptolemy.util.test.junit.AutoTests" name="[102] /home/travis/build/icyphy/ptII/ptolemy/actor/lib/test/auto/Counter.xml (RunModel)" time="0.013" />
  <testcase classname="ptolemy.util.test.junit.AutoTests" name="[103] /home/travis/build/icyphy/ptII/ptolemy/actor/lib/test/auto/CurrentTimeSDF.xml (RunModel)" time="0.014" />
  <testcase classname="ptolemy.util.test.junit.AutoTests" name="[104] /home/travis/build/icyphy/ptII/ptolemy/actor/lib/test/auto/DB.xml (RunModel)" time="0.014" />
  <testcase classname="ptolemy.util.test.junit.AutoTests" name="[105] /home/travis/build/icyphy/ptII/ptolemy/actor/lib/test/auto/DBDE.xml (RunModel)" time="0.016" />
  <testcase classname="ptolemy.util.test.junit.AutoTests" name="[106] /home/travis/build/icyphy/ptII/ptolemy/actor/lib/test/auto/DateConstructor.xml (RunModel)" time="0.059" />
  <testcase classname="ptolemy.util.test.junit.AutoTests" name="[107] /home/travis/build/icyphy/ptII/ptolemy/actor/lib/test/auto/DelayTime.xml (RunModel)" time="0.017" />
  <testcase classname="ptolemy.util.test.junit.AutoTests" name="[108] /home/travis/build/icyphy/ptII/ptolemy/actor/lib/test/auto/Dictionary1.xml (RunModel)" time="0.017" />
  <testcase classname="ptolemy.util.test.junit.AutoTests" name="[109] /home/travis/build/icyphy/ptII/ptolemy/actor/lib/test/auto/Dictionary2.xml (RunModel)" time="0.016" />
  <testcase classname="ptolemy.util.test.junit.AutoTests" name="[110] /home/travis/build/icyphy/ptII/ptolemy/actor/lib/test/auto/Dictionary3.xml (RunModel)" time="0.018" />
  <testcase classname="ptolemy.util.test.junit.AutoTests" name="[111] /home/travis/build/icyphy/ptII/ptolemy/actor/lib/test/auto/Dictionary4.xml (RunModel)" time="0.018" />
  <testcase classname="ptolemy.util.test.junit.AutoTests" name="[112] /home/travis/build/icyphy/ptII/ptolemy/actor/lib/test/auto/Differential.xml (RunModel)" time="0.012" />
  <testcase classname="ptolemy.util.test.junit.AutoTests" name="[113] /home/travis/build/icyphy/ptII/ptolemy/actor/lib/test/auto/Director.xml (RunModel)" time="0.009" />
  <testcase classname="ptolemy.util.test.junit.AutoTests" name="[114] /home/travis/build/icyphy/ptII/ptolemy/actor/lib/test/auto/DiscreteClock.xml (RunModel)" time="0.009" />
  <testcase classname="ptolemy.util.test.junit.AutoTests" name="[115] /home/travis/build/icyphy/ptII/ptolemy/actor/lib/test/auto/DiscreteClock10.xml (RunModel)" time="0.014" />
  <testcase classname="ptolemy.util.test.junit.AutoTests" name="[116] /home/travis/build/icyphy/ptII/ptolemy/actor/lib/test/auto/DiscreteClock11.xml (RunModel)" time="0.015" />
  <testcase classname="ptolemy.util.test.junit.AutoTests" name="[117] /home/travis/build/icyphy/ptII/ptolemy/actor/lib/test/auto/DiscreteClock12.xml (RunModel)" time="0.015" />
  <testcase classname="ptolemy.util.test.junit.AutoTests" name="[118] /home/travis/build/icyphy/ptII/ptolemy/actor/lib/test/auto/DiscreteClock13.xml (RunModel)" time="0.018" />
  <testcase classname="ptolemy.util.test.junit.AutoTests" name="[119] /home/travis/build/icyphy/ptII/ptolemy/actor/lib/test/auto/DiscreteClock14.xml (RunModel)" time="0.016" />
  <testcase classname="ptolemy.util.test.junit.AutoTests" name="[120] /home/travis/build/icyphy/ptII/ptolemy/actor/lib/test/auto/DiscreteClock15.xml (RunModel)" time="0.017" />
  <testcase classname="ptolemy.util.test.junit.AutoTests" name="[121] /home/travis/build/icyphy/ptII/ptolemy/actor/lib/test/auto/DiscreteClock16.xml (RunModel)" time="0.045" />
  <testcase classname="ptolemy.util.test.junit.AutoTests" name="[122] /home/travis/build/icyphy/ptII/ptolemy/actor/lib/test/auto/DiscreteClock17.xml (RunModel)" time="0.05" />
  <testcase classname="ptolemy.util.test.junit.AutoTests" name="[123] /home/travis/build/icyphy/ptII/ptolemy/actor/lib/test/auto/DiscreteClock18.xml (RunModel)" time="0.043" />
  <testcase classname="ptolemy.util.test.junit.AutoTests" name="[124] /home/travis/build/icyphy/ptII/ptolemy/actor/lib/test/auto/DiscreteClock19.xml (RunModel)" time="0.046" />
  <testcase classname="ptolemy.util.test.junit.AutoTests" name="[125] /home/travis/build/icyphy/ptII/ptolemy/actor/lib/test/auto/DiscreteClock2.xml (RunModel)" time="0.012" />
  <testcase classname="ptolemy.util.test.junit.AutoTests" name="[126] /home/travis/build/icyphy/ptII/ptolemy/actor/lib/test/auto/DiscreteClock20.xml (RunModel)" time="0.022" />
  <testcase classname="ptolemy.util.test.junit.AutoTests" name="[127] /home/travis/build/icyphy/ptII/ptolemy/actor/lib/test/auto/DiscreteClock21.xml (RunModel)" time="0.019" />
  <testcase classname="ptolemy.util.test.junit.AutoTests" name="[128] /home/travis/build/icyphy/ptII/ptolemy/actor/lib/test/auto/DiscreteClock22.xml (RunModel)" time="0.017" />
  <testcase classname="ptolemy.util.test.junit.AutoTests" name="[129] /home/travis/build/icyphy/ptII/ptolemy/actor/lib/test/auto/DiscreteClock23.xml (RunModel)" time="0.018" />
  <testcase classname="ptolemy.util.test.junit.AutoTests" name="[130] /home/travis/build/icyphy/ptII/ptolemy/actor/lib/test/auto/DiscreteClock24.xml (RunModel)" time="0.016" />
  <testcase classname="ptolemy.util.test.junit.AutoTests" name="[131] /home/travis/build/icyphy/ptII/ptolemy/actor/lib/test/auto/DiscreteClock4.xml (RunModel)" time="0.015" />
  <testcase classname="ptolemy.util.test.junit.AutoTests" name="[132] /home/travis/build/icyphy/ptII/ptolemy/actor/lib/test/auto/DiscreteClock5.xml (RunModel)" time="0.01" />
  <testcase classname="ptolemy.util.test.junit.AutoTests" name="[133] /home/travis/build/icyphy/ptII/ptolemy/actor/lib/test/auto/DiscreteClock6.xml (RunModel)" time="0.011" />
  <testcase classname="ptolemy.util.test.junit.AutoTests" name="[134] /home/travis/build/icyphy/ptII/ptolemy/actor/lib/test/auto/DiscreteClock7.xml (RunModel)" time="0.012" />
  <testcase classname="ptolemy.util.test.junit.AutoTests" name="[135] /home/travis/build/icyphy/ptII/ptolemy/actor/lib/test/auto/DiscreteClock8.xml (RunModel)" time="0.014" />
  <testcase classname="ptolemy.util.test.junit.AutoTests" name="[136] /home/travis/build/icyphy/ptII/ptolemy/actor/lib/test/auto/DiscreteClock9.xml (RunModel)" time="0.014" />
  <testcase classname="ptolemy.util.test.junit.AutoTests" name="[137] /home/travis/build/icyphy/ptII/ptolemy/actor/lib/test/auto/DisplayArray.xml (RunModel)" time="0.019" />
  <testcase classname="ptolemy.util.test.junit.AutoTests" name="[138] /home/travis/build/icyphy/ptII/ptolemy/actor/lib/test/auto/Distributor.xml (RunModel)" time="0.01" />
  <testcase classname="ptolemy.util.test.junit.AutoTests" name="[139] /home/travis/build/icyphy/ptII/ptolemy/actor/lib/test/auto/Distributor2.xml (RunModel)" time="0.532" />
  <testcase classname="ptolemy.util.test.junit.AutoTests" name="[140] /home/travis/build/icyphy/ptII/ptolemy/actor/lib/test/auto/DownSample.xml (RunModel)" time="0.009" />
  <testcase classname="ptolemy.util.test.junit.AutoTests" name="[141] /home/travis/build/icyphy/ptII/ptolemy/actor/lib/test/auto/ElectronicUnitBase1.xml (RunModel)" time="0.057" />
  <testcase classname="ptolemy.util.test.junit.AutoTests" name="[142] /home/travis/build/icyphy/ptII/ptolemy/actor/lib/test/auto/ElementsToArray.xml (RunModel)" time="0.009" />
  <testcase classname="ptolemy.util.test.junit.AutoTests" name="[143] /home/travis/build/icyphy/ptII/ptolemy/actor/lib/test/auto/Equals.xml (RunModel)" time="0.01" />
  <testcase classname="ptolemy.util.test.junit.AutoTests" name="[144] /home/travis/build/icyphy/ptII/ptolemy/actor/lib/test/auto/Exec.xml (RunModel)" time="0.017" />
  <testcase classname="ptolemy.util.test.junit.AutoTests" name="[145] /home/travis/build/icyphy/ptII/ptolemy/actor/lib/test/auto/ExecEnvironment.xml (RunModel)" time="0.036" />
  <testcase classname="ptolemy.util.test.junit.AutoTests" name="[146] /home/travis/build/icyphy/ptII/ptolemy/actor/lib/test/auto/ExecNonZeroReturnOutput.xml (RunModel)" time="0.142" />
  <testcase classname="ptolemy.util.test.junit.AutoTests" name="[147] /home/travis/build/icyphy/ptII/ptolemy/actor/lib/test/auto/ExecRunDemos.xml (RunModel)" time="9.328" />
  <testcase classname="ptolemy.util.test.junit.AutoTests" name="[148] /home/travis/build/icyphy/ptII/ptolemy/actor/lib/test/auto/ExecStop.xml (RunModel)" time="5.027" />
  <testcase classname="ptolemy.util.test.junit.AutoTests" name="[149] /home/travis/build/icyphy/ptII/ptolemy/actor/lib/test/auto/ExecutionTimeSDF.xml (RunModel)" time="6.029" />
  <testcase classname="ptolemy.util.test.junit.AutoTests" name="[150] /home/travis/build/icyphy/ptII/ptolemy/actor/lib/test/auto/Expression1.xml (RunModel)" time="0.014" />
  <testcase classname="ptolemy.util.test.junit.AutoTests" name="[151] /home/travis/build/icyphy/ptII/ptolemy/actor/lib/test/auto/Expression10.xml (RunModel)" time="0.026" />
  <testcase classname="ptolemy.util.test.junit.AutoTests" name="[152] /home/travis/build/icyphy/ptII/ptolemy/actor/lib/test/auto/Expression11.xml (RunModel)" time="0.012" />
  <testcase classname="ptolemy.util.test.junit.AutoTests" name="[153] /home/travis/build/icyphy/ptII/ptolemy/actor/lib/test/auto/Expression12.xml (RunModel)" time="0.012" />
  <testcase classname="ptolemy.util.test.junit.AutoTests" name="[154] /home/travis/build/icyphy/ptII/ptolemy/actor/lib/test/auto/Expression13.xml (RunModel)" time="0.011" />
  <testcase classname="ptolemy.util.test.junit.AutoTests" name="[155] /home/travis/build/icyphy/ptII/ptolemy/actor/lib/test/auto/Expression14.xml (RunModel)" time="0.014" />
  <testcase classname="ptolemy.util.test.junit.AutoTests" name="[156] /home/travis/build/icyphy/ptII/ptolemy/actor/lib/test/auto/Expression15.xml (RunModel)" time="0.007" />
  <testcase classname="ptolemy.util.test.junit.AutoTests" name="[157] /home/travis/build/icyphy/ptII/ptolemy/actor/lib/test/auto/Expression16.xml (RunModel)" time="0.01" />
  <testcase classname="ptolemy.util.test.junit.AutoTests" name="[158] /home/travis/build/icyphy/ptII/ptolemy/actor/lib/test/auto/Expression17.xml (RunModel)" time="0.009" />
  <testcase classname="ptolemy.util.test.junit.AutoTests" name="[159] /home/travis/build/icyphy/ptII/ptolemy/actor/lib/test/auto/Expression18.xml (RunModel)" time="0.011" />
  <testcase classname="ptolemy.util.test.junit.AutoTests" name="[160] /home/travis/build/icyphy/ptII/ptolemy/actor/lib/test/auto/Expression2.xml (RunModel)" time="0.01" />
  <testcase classname="ptolemy.util.test.junit.AutoTests" name="[161] /home/travis/build/icyphy/ptII/ptolemy/actor/lib/test/auto/Expression3.xml (RunModel)" time="0.01" />
  <testcase classname="ptolemy.util.test.junit.AutoTests" name="[162] /home/travis/build/icyphy/ptII/ptolemy/actor/lib/test/auto/Expression4.xml (RunModel)" time="0.017" />
  <testcase classname="ptolemy.util.test.junit.AutoTests" name="[163] /home/travis/build/icyphy/ptII/ptolemy/actor/lib/test/auto/Expression5.xml (RunModel)" time="0.01" />
  <testcase classname="ptolemy.util.test.junit.AutoTests" name="[164] /home/travis/build/icyphy/ptII/ptolemy/actor/lib/test/auto/Expression6.xml (RunModel)" time="0.01" />
  <testcase classname="ptolemy.util.test.junit.AutoTests" name="[165] /home/travis/build/icyphy/ptII/ptolemy/actor/lib/test/auto/Expression7.xml (RunModel)" time="0.009" />
  <testcase classname="ptolemy.util.test.junit.AutoTests" name="[166] /home/travis/build/icyphy/ptII/ptolemy/actor/lib/test/auto/Expression8.xml (RunModel)" time="0.01" />
  <testcase classname="ptolemy.util.test.junit.AutoTests" name="[167] /home/travis/build/icyphy/ptII/ptolemy/actor/lib/test/auto/Expression9.xml (RunModel)" time="0.008" />
  <testcase classname="ptolemy.util.test.junit.AutoTests" name="[168] /home/travis/build/icyphy/ptII/ptolemy/actor/lib/test/auto/ExpressionConcatenateArrayType.xml (RunModel)" time="0.023" />
  <testcase classname="ptolemy.util.test.junit.AutoTests" name="[169] /home/travis/build/icyphy/ptII/ptolemy/actor/lib/test/auto/ExpressionConcatenateArrayType2.xml (RunModel)" time="0.017" />
  <testcase classname="ptolemy.util.test.junit.AutoTests" name="[170] /home/travis/build/icyphy/ptII/ptolemy/actor/lib/test/auto/ExpressionFix.xml (RunModel)" time="0.026" />
  <testcase classname="ptolemy.util.test.junit.AutoTests" name="[171] /home/travis/build/icyphy/ptII/ptolemy/actor/lib/test/auto/ExpressionFix2.xml (RunModel)" time="0.009" />
  <testcase classname="ptolemy.util.test.junit.AutoTests" name="[172] /home/travis/build/icyphy/ptII/ptolemy/actor/lib/test/auto/ExpressionFix3.xml (RunModel)" time="0.01" />
  <testcase classname="ptolemy.util.test.junit.AutoTests" name="[173] /home/travis/build/icyphy/ptII/ptolemy/actor/lib/test/auto/FileWriter1.xml (RunModel)" time="0.009" />
  <testcase classname="ptolemy.util.test.junit.AutoTests" name="[174] /home/travis/build/icyphy/ptII/ptolemy/actor/lib/test/auto/FileWriter2.xml (RunModel)" time="0.01" />
  <testcase classname="ptolemy.util.test.junit.AutoTests" name="[175] /home/travis/build/icyphy/ptII/ptolemy/actor/lib/test/auto/FileWriter3.xml (RunModel)" time="0.015" />
  <testcase classname="ptolemy.util.test.junit.AutoTests" name="[176] /home/travis/build/icyphy/ptII/ptolemy/actor/lib/test/auto/Gaussian.xml (RunModel)" time="0.011" />
  <testcase classname="ptolemy.util.test.junit.AutoTests" name="[177] /home/travis/build/icyphy/ptII/ptolemy/actor/lib/test/auto/Gaussian1.xml (RunModel)" time="0.015" />
  <testcase classname="ptolemy.util.test.junit.AutoTests" name="[178] /home/travis/build/icyphy/ptII/ptolemy/actor/lib/test/auto/Gaussian2.xml (RunModel)" time="0.014" />
  <testcase classname="ptolemy.util.test.junit.AutoTests" name="[179] /home/travis/build/icyphy/ptII/ptolemy/actor/lib/test/auto/GradientAdaptiveLattice.xml (RunModel)" time="0.017" />
  <testcase classname="ptolemy.util.test.junit.AutoTests" name="[180] /home/travis/build/icyphy/ptII/ptolemy/actor/lib/test/auto/IIR.xml (RunModel)" time="0.01" />
  <testcase classname="ptolemy.util.test.junit.AutoTests" name="[181] /home/travis/build/icyphy/ptII/ptolemy/actor/lib/test/auto/InputOutputTransparentPorts.xml (RunModel)" time="0.019" />
  <testcase classname="ptolemy.util.test.junit.AutoTests" name="[182] /home/travis/build/icyphy/ptII/ptolemy/actor/lib/test/auto/Interpolator.xml (RunModel)" time="0.011" />
  <testcase classname="ptolemy.util.test.junit.AutoTests" name="[183] /home/travis/build/icyphy/ptII/ptolemy/actor/lib/test/auto/InterpolatorFiringLimitDE.xml (RunModel)" time="0.014" />
  <testcase classname="ptolemy.util.test.junit.AutoTests" name="[184] /home/travis/build/icyphy/ptII/ptolemy/actor/lib/test/auto/Lattice.xml (RunModel)" time="0.009" />
  <testcase classname="ptolemy.util.test.junit.AutoTests" name="[185] /home/travis/build/icyphy/ptII/ptolemy/actor/lib/test/auto/LazyAOCTestLazy.xml (RunModel)" time="0.02" />
  <testcase classname="ptolemy.util.test.junit.AutoTests" name="[186] /home/travis/build/icyphy/ptII/ptolemy/actor/lib/test/auto/LazyAOCTestNonLazy.xml (RunModel)" time="0.043" />
  <testcase classname="ptolemy.util.test.junit.AutoTests" name="[187] /home/travis/build/icyphy/ptII/ptolemy/actor/lib/test/auto/LazyInnerClass.xml (RunModel)" time="0.051" />
  <testcase classname="ptolemy.util.test.junit.AutoTests" name="[188] /home/travis/build/icyphy/ptII/ptolemy/actor/lib/test/auto/LazyPubSub.xml (RunModel)" time="0.059" />
  <testcase classname="ptolemy.util.test.junit.AutoTests" name="[189] /home/travis/build/icyphy/ptII/ptolemy/actor/lib/test/auto/LazyPubSub2.xml (RunModel)" time="0.044" />
  <testcase classname="ptolemy.util.test.junit.AutoTests" name="[190] /home/travis/build/icyphy/ptII/ptolemy/actor/lib/test/auto/LazyPubSub3.xml (RunModel)" time="0.036" />
  <testcase classname="ptolemy.util.test.junit.AutoTests" name="[191] /home/travis/build/icyphy/ptII/ptolemy/actor/lib/test/auto/LazySubClassModel.xml (RunModel)" time="0.026" />
  <testcase classname="ptolemy.util.test.junit.AutoTests" name="[192] /home/travis/build/icyphy/ptII/ptolemy/actor/lib/test/auto/LevelCrossTest1.xml (RunModel)" time="0.01" />
  <testcase classname="ptolemy.util.test.junit.AutoTests" name="[193] /home/travis/build/icyphy/ptII/ptolemy/actor/lib/test/auto/LevelCrossTest10.xml (RunModel)" time="0.019" />
  <testcase classname="ptolemy.util.test.junit.AutoTests" name="[194] /home/travis/build/icyphy/ptII/ptolemy/actor/lib/test/auto/LevelCrossTest11.xml (RunModel)" time="0.012" />
  <testcase classname="ptolemy.util.test.junit.AutoTests" name="[195] /home/travis/build/icyphy/ptII/ptolemy/actor/lib/test/auto/LevelCrossTest12.xml (RunModel)" time="0.019" />
  <testcase classname="ptolemy.util.test.junit.AutoTests" name="[196] /home/travis/build/icyphy/ptII/ptolemy/actor/lib/test/auto/LevelCrossTest13.xml (RunModel)" time="0.012" />
  <testcase classname="ptolemy.util.test.junit.AutoTests" name="[197] /home/travis/build/icyphy/ptII/ptolemy/actor/lib/test/auto/LevelCrossTest2.xml (RunModel)" time="0.009" />
  <testcase classname="ptolemy.util.test.junit.AutoTests" name="[198] /home/travis/build/icyphy/ptII/ptolemy/actor/lib/test/auto/LevelCrossTest3.xml (RunModel)" time="0.011" />
  <testcase classname="ptolemy.util.test.junit.AutoTests" name="[199] /home/travis/build/icyphy/ptII/ptolemy/actor/lib/test/auto/LevelCrossTest4.xml (RunModel)" time="0.009" />
  <testcase classname="ptolemy.util.test.junit.AutoTests" name="[200] /home/travis/build/icyphy/ptII/ptolemy/actor/lib/test/auto/LevelCrossTest5.xml (RunModel)" time="0.011" />
  <testcase classname="ptolemy.util.test.junit.AutoTests" name="[201] /home/travis/build/icyphy/ptII/ptolemy/actor/lib/test/auto/LevelCrossTest6.xml (RunModel)" time="0.02" />
  <testcase classname="ptolemy.util.test.junit.AutoTests" name="[202] /home/travis/build/icyphy/ptII/ptolemy/actor/lib/test/auto/LevelCrossTest7.xml (RunModel)" time="0.015" />
  <testcase classname="ptolemy.util.test.junit.AutoTests" name="[203] /home/travis/build/icyphy/ptII/ptolemy/actor/lib/test/auto/LevelCrossTest8.xml (RunModel)" time="0.012" />
  <testcase classname="ptolemy.util.test.junit.AutoTests" name="[204] /home/travis/build/icyphy/ptII/ptolemy/actor/lib/test/auto/LevelCrossTest9.xml (RunModel)" time="0.013" />
  <testcase classname="ptolemy.util.test.junit.AutoTests" name="[205] /home/travis/build/icyphy/ptII/ptolemy/actor/lib/test/auto/LevinsonDurbin.xml (RunModel)" time="0.01" />
  <testcase classname="ptolemy.util.test.junit.AutoTests" name="[206] /home/travis/build/icyphy/ptII/ptolemy/actor/lib/test/auto/LevinsonDurbin2.xml (RunModel)" time="0.01" />
  <testcase classname="ptolemy.util.test.junit.AutoTests" name="[207] /home/travis/build/icyphy/ptII/ptolemy/actor/lib/test/auto/LevinsonDurbin3.xml (RunModel)" time="0.007" />
  <testcase classname="ptolemy.util.test.junit.AutoTests" name="[208] /home/travis/build/icyphy/ptII/ptolemy/actor/lib/test/auto/Limiter.xml (RunModel)" time="0.032" />
  <testcase classname="ptolemy.util.test.junit.AutoTests" name="[209] /home/travis/build/icyphy/ptII/ptolemy/actor/lib/test/auto/LinearDifferenceEquationSystem.xml (RunModel)" time="0.018" />
  <testcase classname="ptolemy.util.test.junit.AutoTests" name="[210] /home/travis/build/icyphy/ptII/ptolemy/actor/lib/test/auto/LookupTable.xml (RunModel)" time="0.01" />
  <testcase classname="ptolemy.util.test.junit.AutoTests" name="[211] /home/travis/build/icyphy/ptII/ptolemy/actor/lib/test/auto/MathFunction.xml (RunModel)" time="0.018" />
  <testcase classname="ptolemy.util.test.junit.AutoTests" name="[212] /home/travis/build/icyphy/ptII/ptolemy/actor/lib/test/auto/MathFunction2.xml (RunModel)" time="0.008" />
  <testcase classname="ptolemy.util.test.junit.AutoTests" name="[213] /home/travis/build/icyphy/ptII/ptolemy/actor/lib/test/auto/MathFunction3.xml (RunModel)" time="0.015" />
  <testcase classname="ptolemy.util.test.junit.AutoTests" name="[214] /home/travis/build/icyphy/ptII/ptolemy/actor/lib/test/auto/MatrixCropBoolean.xml (RunModel)" time="0.009" />
  <testcase classname="ptolemy.util.test.junit.AutoTests" name="[215] /home/travis/build/icyphy/ptII/ptolemy/actor/lib/test/auto/MatrixCropComplex.xml (RunModel)" time="0.007" />
  <testcase classname="ptolemy.util.test.junit.AutoTests" name="[216] /home/travis/build/icyphy/ptII/ptolemy/actor/lib/test/auto/MatrixCropDouble.xml (RunModel)" time="0.007" />
  <testcase classname="ptolemy.util.test.junit.AutoTests" name="[217] /home/travis/build/icyphy/ptII/ptolemy/actor/lib/test/auto/MatrixCropFix.xml (RunModel)" time="0.013" />
  <testcase classname="ptolemy.util.test.junit.AutoTests" name="[218] /home/travis/build/icyphy/ptII/ptolemy/actor/lib/test/auto/MatrixCropInt.xml (RunModel)" time="0.007" />
  <testcase classname="ptolemy.util.test.junit.AutoTests" name="[219] /home/travis/build/icyphy/ptII/ptolemy/actor/lib/test/auto/MatrixCropLong.xml (RunModel)" time="0.007" />
  <testcase classname="ptolemy.util.test.junit.AutoTests" name="[220] /home/travis/build/icyphy/ptII/ptolemy/actor/lib/test/auto/MatrixToArray.xml (RunModel)" time="0.036" />
  <testcase classname="ptolemy.util.test.junit.AutoTests" name="[221] /home/travis/build/icyphy/ptII/ptolemy/actor/lib/test/auto/MaxIndex.xml (RunModel)" time="0.01" />
  <testcase classname="ptolemy.util.test.junit.AutoTests" name="[222] /home/travis/build/icyphy/ptII/ptolemy/actor/lib/test/auto/Maximum.xml (RunModel)" time="0.011" />
  <testcase classname="ptolemy.util.test.junit.AutoTests" name="[223] /home/travis/build/icyphy/ptII/ptolemy/actor/lib/test/auto/MaximumComplex.xml (RunModel)" time="0.011" />
  <testcase classname="ptolemy.util.test.junit.AutoTests" name="[224] /home/travis/build/icyphy/ptII/ptolemy/actor/lib/test/auto/MethodCallTest.xml (RunModel)" time="0.016" />
  <testcase classname="ptolemy.util.test.junit.AutoTests" name="[225] /home/travis/build/icyphy/ptII/ptolemy/actor/lib/test/auto/Minimum.xml (RunModel)" time="0.01" />
  <testcase classname="ptolemy.util.test.junit.AutoTests" name="[226] /home/travis/build/icyphy/ptII/ptolemy/actor/lib/test/auto/MinimumComplex.xml (RunModel)" time="0.011" />
  <testcase classname="ptolemy.util.test.junit.AutoTests" name="[227] /home/travis/build/icyphy/ptII/ptolemy/actor/lib/test/auto/MinimumMultiports.xml (RunModel)" time="0.023" />
  <testcase classname="ptolemy.util.test.junit.AutoTests" name="[228] /home/travis/build/icyphy/ptII/ptolemy/actor/lib/test/auto/ModifyDate.xml (RunModel)" time="0.033" />
  <testcase classname="ptolemy.util.test.junit.AutoTests" name="[229] /home/travis/build/icyphy/ptII/ptolemy/actor/lib/test/auto/ModifyDate2.xml (RunModel)" time="0.029" />
  <testcase classname="ptolemy.util.test.junit.AutoTests" name="[230] /home/travis/build/icyphy/ptII/ptolemy/actor/lib/test/auto/MovingAverage.xml (RunModel)" time="0.01" />
  <testcase classname="ptolemy.util.test.junit.AutoTests" name="[231] /home/travis/build/icyphy/ptII/ptolemy/actor/lib/test/auto/MovingMaximum.xml (RunModel)" time="0.008" />
  <testcase classname="ptolemy.util.test.junit.AutoTests" name="[232] /home/travis/build/icyphy/ptII/ptolemy/actor/lib/test/auto/MultipleLinksToSameRelation.xml (RunModel)" time="0.006" />
  <testcase classname="ptolemy.util.test.junit.AutoTests" name="[233] /home/travis/build/icyphy/ptII/ptolemy/actor/lib/test/auto/MultipleLinksToSameRelationDE.xml (RunModel)" time="0.008" />
  <testcase classname="ptolemy.util.test.junit.AutoTests" name="[234] /home/travis/build/icyphy/ptII/ptolemy/actor/lib/test/auto/Multiplexor.xml (RunModel)" time="0.011" />
  <testcase classname="ptolemy.util.test.junit.AutoTests" name="[235] /home/travis/build/icyphy/ptII/ptolemy/actor/lib/test/auto/Multiplexor1.xml (RunModel)" time="0.01" />
  <testcase classname="ptolemy.util.test.junit.AutoTests" name="[236] /home/travis/build/icyphy/ptII/ptolemy/actor/lib/test/auto/Multiplexor2.xml (RunModel)" time="0.011" />
  <testcase classname="ptolemy.util.test.junit.AutoTests" name="[237] /home/travis/build/icyphy/ptII/ptolemy/actor/lib/test/auto/Multiplexor3.xml (RunModel)" time="0.006" />
  <testcase classname="ptolemy.util.test.junit.AutoTests" name="[238] /home/travis/build/icyphy/ptII/ptolemy/actor/lib/test/auto/MultiplexorDE.xml (RunModel)" time="0.014" />
  <testcase classname="ptolemy.util.test.junit.AutoTests" name="[239] /home/travis/build/icyphy/ptII/ptolemy/actor/lib/test/auto/MultiportBroadcastTest.xml (RunModel)" time="0.098" />
  <testcase classname="ptolemy.util.test.junit.AutoTests" name="[240] /home/travis/build/icyphy/ptII/ptolemy/actor/lib/test/auto/MultiportOutHangDuringGetWidth.xml (RunModel)" time="0.027" />
  <testcase classname="ptolemy.util.test.junit.AutoTests" name="[241] /home/travis/build/icyphy/ptII/ptolemy/actor/lib/test/auto/NilToken.xml (RunModel)" time="0.006" />
  <testcase classname="ptolemy.util.test.junit.AutoTests" name="[242] /home/travis/build/icyphy/ptII/ptolemy/actor/lib/test/auto/NilTokenNonStrictTest.xml (RunModel)" time="0.009" />
  <testcase classname="ptolemy.util.test.junit.AutoTests" name="[243] /home/travis/build/icyphy/ptII/ptolemy/actor/lib/test/auto/NilTokenRecord.xml (RunModel)" time="0.017" />
  <testcase classname="ptolemy.util.test.junit.AutoTests" name="[244] /home/travis/build/icyphy/ptII/ptolemy/actor/lib/test/auto/NilTokenTypeTest.xml (RunModel)" time="0.025" />
  <testcase classname="ptolemy.util.test.junit.AutoTests" name="[245] /home/travis/build/icyphy/ptII/ptolemy/actor/lib/test/auto/ObjectToken1.xml (RunModel)" time="0.01" />
  <testcase classname="ptolemy.util.test.junit.AutoTests" name="[246] /home/travis/build/icyphy/ptII/ptolemy/actor/lib/test/auto/OrderedMerge.xml (RunModel)" time="0.01" />
  <testcase classname="ptolemy.util.test.junit.AutoTests" name="[247] /home/travis/build/icyphy/ptII/ptolemy/actor/lib/test/auto/OrderedRecordDisassembler.xml (RunModel)" time="0.015" />
  <testcase classname="ptolemy.util.test.junit.AutoTests" name="[248] /home/travis/build/icyphy/ptII/ptolemy/actor/lib/test/auto/OrderedRecordDisassembler2.xml (RunModel)" time="0.015" />
  <testcase classname="ptolemy.util.test.junit.AutoTests" name="[249] /home/travis/build/icyphy/ptII/ptolemy/actor/lib/test/auto/OrderedRecordUpdater.xml (RunModel)" time="0.008" />
  <testcase classname="ptolemy.util.test.junit.AutoTests" name="[250] /home/travis/build/icyphy/ptII/ptolemy/actor/lib/test/auto/OrderedRecordUpdater2.xml (RunModel)" time="0.009" />
  <testcase classname="ptolemy.util.test.junit.AutoTests" name="[251] /home/travis/build/icyphy/ptII/ptolemy/actor/lib/test/auto/PhaseUnwrap.xml (RunModel)" time="0.011" />
  <testcase classname="ptolemy.util.test.junit.AutoTests" name="[252] /home/travis/build/icyphy/ptII/ptolemy/actor/lib/test/auto/PoissonClock.xml (RunModel)" time="0.009" />
  <testcase classname="ptolemy.util.test.junit.AutoTests" name="[253] /home/travis/build/icyphy/ptII/ptolemy/actor/lib/test/auto/PoissonClock2.xml (RunModel)" time="0.007" />
  <testcase classname="ptolemy.util.test.junit.AutoTests" name="[254] /home/travis/build/icyphy/ptII/ptolemy/actor/lib/test/auto/PoissonClock3.xml (RunModel)" time="0.008" />
  <testcase classname="ptolemy.util.test.junit.AutoTests" name="[255] /home/travis/build/icyphy/ptII/ptolemy/actor/lib/test/auto/PubSubWithInitialTokens.xml (RunModel)" time="0.01" />
  <testcase classname="ptolemy.util.test.junit.AutoTests" name="[256] /home/travis/build/icyphy/ptII/ptolemy/actor/lib/test/auto/PubSubWithInitialTokens2.xml (RunModel)" time="0.011" />
  <testcase classname="ptolemy.util.test.junit.AutoTests" name="[257] /home/travis/build/icyphy/ptII/ptolemy/actor/lib/test/auto/PublisherClassNoParameter.xml (RunModel)" time="0.018" />
  <testcase classname="ptolemy.util.test.junit.AutoTests" name="[258] /home/travis/build/icyphy/ptII/ptolemy/actor/lib/test/auto/PublisherClassParameter.xml (RunModel)" time="0.019" />
  <testcase classname="ptolemy.util.test.junit.AutoTests" name="[259] /home/travis/build/icyphy/ptII/ptolemy/actor/lib/test/auto/PublisherNonStrictTest.xml (RunModel)" time="0.014" />
  <testcase classname="ptolemy.util.test.junit.AutoTests" name="[260] /home/travis/build/icyphy/ptII/ptolemy/actor/lib/test/auto/PublisherPort1.xml (RunModel)" time="0.01" />
  <testcase classname="ptolemy.util.test.junit.AutoTests" name="[261] /home/travis/build/icyphy/ptII/ptolemy/actor/lib/test/auto/PublisherPort2.xml (RunModel)" time="0.009" />
  <testcase classname="ptolemy.util.test.junit.AutoTests" name="[262] /home/travis/build/icyphy/ptII/ptolemy/actor/lib/test/auto/PublisherPort3.xml (RunModel)" time="0.013" />
  <testcase classname="ptolemy.util.test.junit.AutoTests" name="[263] /home/travis/build/icyphy/ptII/ptolemy/actor/lib/test/auto/PublisherPort4.xml (RunModel)" time="0.01" />
  <testcase classname="ptolemy.util.test.junit.AutoTests" name="[264] /home/travis/build/icyphy/ptII/ptolemy/actor/lib/test/auto/PublisherPort5.xml (RunModel)" time="0.016" />
  <testcase classname="ptolemy.util.test.junit.AutoTests" name="[265] /home/travis/build/icyphy/ptII/ptolemy/actor/lib/test/auto/PublisherPort5LookAlike.xml (RunModel)" time="0.019" />
  <testcase classname="ptolemy.util.test.junit.AutoTests" name="[266] /home/travis/build/icyphy/ptII/ptolemy/actor/lib/test/auto/PublisherPort6.xml (RunModel)" time="0.013" />
  <testcase classname="ptolemy.util.test.junit.AutoTests" name="[267] /home/travis/build/icyphy/ptII/ptolemy/actor/lib/test/auto/PublisherPort7.xml (RunModel)" time="0.017" />
  <testcase classname="ptolemy.util.test.junit.AutoTests" name="[268] /home/travis/build/icyphy/ptII/ptolemy/actor/lib/test/auto/PublisherPort8.xml (RunModel)" time="0.017" />
  <testcase classname="ptolemy.util.test.junit.AutoTests" name="[269] /home/travis/build/icyphy/ptII/ptolemy/actor/lib/test/auto/PublisherPortSubscriberChannelVariablesAOC2.xml (RunModel)" time="0.036" />
  <testcase classname="ptolemy.util.test.junit.AutoTests" name="[270] /home/travis/build/icyphy/ptII/ptolemy/actor/lib/test/auto/PublisherPortSubscriberOpaqueWidthInference.xml (RunModel)" time="0.017" />
  <testcase classname="ptolemy.util.test.junit.AutoTests" name="[271] /home/travis/build/icyphy/ptII/ptolemy/actor/lib/test/auto/PublisherPortSubscriberPortAdjacent.xml (RunModel)" time="0.019" />
  <testcase classname="ptolemy.util.test.junit.AutoTests" name="[272] /home/travis/build/icyphy/ptII/ptolemy/actor/lib/test/auto/PublisherPortSubscriberPortExpression.xml (RunModel)" time="0.018" />
  <testcase classname="ptolemy.util.test.junit.AutoTests" name="[273] /home/travis/build/icyphy/ptII/ptolemy/actor/lib/test/auto/PublisherPortSubscriberPortOpaqueD3Reverse.xml (RunModel)" time="0.034" />
  <testcase classname="ptolemy.util.test.junit.AutoTests" name="[274] /home/travis/build/icyphy/ptII/ptolemy/actor/lib/test/auto/PublisherPortSubscriberPortOpaqueWidthInference.xml (RunModel)" time="0.022" />
  <testcase classname="ptolemy.util.test.junit.AutoTests" name="[275] /home/travis/build/icyphy/ptII/ptolemy/actor/lib/test/auto/PublisherPortToplevelSubscriberPortAOC.xml (RunModel)" time="0.025" />
  <testcase classname="ptolemy.util.test.junit.AutoTests" name="[276] /home/travis/build/icyphy/ptII/ptolemy/actor/lib/test/auto/PublisherSubscriber.xml (RunModel)" time="0.012" />
  <testcase classname="ptolemy.util.test.junit.AutoTests" name="[277] /home/travis/build/icyphy/ptII/ptolemy/actor/lib/test/auto/PublisherSubscriber10.xml (RunModel)" time="0.019" />
  <testcase classname="ptolemy.util.test.junit.AutoTests" name="[278] /home/travis/build/icyphy/ptII/ptolemy/actor/lib/test/auto/PublisherSubscriber10InitialOutputs.xml (RunModel)" time="0.018" />
  <testcase classname="ptolemy.util.test.junit.AutoTests" name="[279] /home/travis/build/icyphy/ptII/ptolemy/actor/lib/test/auto/PublisherSubscriber11.xml (RunModel)" time="0.018" />
  <testcase classname="ptolemy.util.test.junit.AutoTests" name="[280] /home/travis/build/icyphy/ptII/ptolemy/actor/lib/test/auto/PublisherSubscriber12.xml (RunModel)" time="0.022" />
  <testcase classname="ptolemy.util.test.junit.AutoTests" name="[281] /home/travis/build/icyphy/ptII/ptolemy/actor/lib/test/auto/PublisherSubscriber13.xml (RunModel)" time="0.011" />
  <testcase classname="ptolemy.util.test.junit.AutoTests" name="[282] /home/travis/build/icyphy/ptII/ptolemy/actor/lib/test/auto/PublisherSubscriber14.xml (RunModel)" time="0.032" />
  <testcase classname="ptolemy.util.test.junit.AutoTests" name="[283] /home/travis/build/icyphy/ptII/ptolemy/actor/lib/test/auto/PublisherSubscriber2.xml (RunModel)" time="0.011" />
  <testcase classname="ptolemy.util.test.junit.AutoTests" name="[284] /home/travis/build/icyphy/ptII/ptolemy/actor/lib/test/auto/PublisherSubscriber3.xml (RunModel)" time="0.01" />
  <testcase classname="ptolemy.util.test.junit.AutoTests" name="[285] /home/travis/build/icyphy/ptII/ptolemy/actor/lib/test/auto/PublisherSubscriber4.xml (RunModel)" time="0.008" />
  <testcase classname="ptolemy.util.test.junit.AutoTests" name="[286] /home/travis/build/icyphy/ptII/ptolemy/actor/lib/test/auto/PublisherSubscriber5.xml (RunModel)" time="0.011" />
  <testcase classname="ptolemy.util.test.junit.AutoTests" name="[287] /home/travis/build/icyphy/ptII/ptolemy/actor/lib/test/auto/PublisherSubscriber6.xml (RunModel)" time="0.014" />
  <testcase classname="ptolemy.util.test.junit.AutoTests" name="[288] /home/travis/build/icyphy/ptII/ptolemy/actor/lib/test/auto/PublisherSubscriber7.xml (RunModel)" time="0.019" />
  <testcase classname="ptolemy.util.test.junit.AutoTests" name="[289] /home/travis/build/icyphy/ptII/ptolemy/actor/lib/test/auto/PublisherSubscriber8.xml (RunModel)" time="0.037" />
  <testcase classname="ptolemy.util.test.junit.AutoTests" name="[290] /home/travis/build/icyphy/ptII/ptolemy/actor/lib/test/auto/PublisherSubscriber9.xml (RunModel)" time="0.017" />
  <testcase classname="ptolemy.util.test.junit.AutoTests" name="[291] /home/travis/build/icyphy/ptII/ptolemy/actor/lib/test/auto/PublisherSubscriberAdjacent.xml (RunModel)" time="0.016" />
  <testcase classname="ptolemy.util.test.junit.AutoTests" name="[292] /home/travis/build/icyphy/ptII/ptolemy/actor/lib/test/auto/PublisherSubscriberChannelVariablesAOC2.xml (RunModel)" time="0.024" />
  <testcase classname="ptolemy.util.test.junit.AutoTests" name="[293] /home/travis/build/icyphy/ptII/ptolemy/actor/lib/test/auto/PublisherSubscriberD3.xml (RunModel)" time="0.014" />
  <testcase classname="ptolemy.util.test.junit.AutoTests" name="[294] /home/travis/build/icyphy/ptII/ptolemy/actor/lib/test/auto/PublisherSubscriberD3Reverse.xml (RunModel)" time="0.01" />
  <testcase classname="ptolemy.util.test.junit.AutoTests" name="[295] /home/travis/build/icyphy/ptII/ptolemy/actor/lib/test/auto/PublisherSubscriberExpression.xml (RunModel)" time="0.015" />
  <testcase classname="ptolemy.util.test.junit.AutoTests" name="[296] /home/travis/build/icyphy/ptII/ptolemy/actor/lib/test/auto/PublisherSubscriberOpaque.xml (RunModel)" time="0.015" />
  <testcase classname="ptolemy.util.test.junit.AutoTests" name="[297] /home/travis/build/icyphy/ptII/ptolemy/actor/lib/test/auto/PublisherSubscriberOpaqueD3.xml (RunModel)" time="0.021" />
  <testcase classname="ptolemy.util.test.junit.AutoTests" name="[298] /home/travis/build/icyphy/ptII/ptolemy/actor/lib/test/auto/PublisherSubscriberOpaqueD3Reverse.xml (RunModel)" time="0.018" />
  <testcase classname="ptolemy.util.test.junit.AutoTests" name="[299] /home/travis/build/icyphy/ptII/ptolemy/actor/lib/test/auto/PublisherSubscriberOpaqueWidthInference.xml (RunModel)" time="0.015" />
  <testcase classname="ptolemy.util.test.junit.AutoTests" name="[300] /home/travis/build/icyphy/ptII/ptolemy/actor/lib/test/auto/PublisherTestSubscriber.xml (RunModel)" time="0.015" />
  <testcase classname="ptolemy.util.test.junit.AutoTests" name="[301] /home/travis/build/icyphy/ptII/ptolemy/actor/lib/test/auto/PublisherToplevelSubscriberPortAOC.xml (RunModel)" time="0.009" />
  <testcase classname="ptolemy.util.test.junit.AutoTests" name="[302] /home/travis/build/icyphy/ptII/ptolemy/actor/lib/test/auto/PulseFiringLimitDE.xml (RunModel)" time="0.018" />
  <testcase classname="ptolemy.util.test.junit.AutoTests" name="[303] /home/travis/build/icyphy/ptII/ptolemy/actor/lib/test/auto/Ramp1.xml (RunModel)" time="0.007" />
  <testcase classname="ptolemy.util.test.junit.AutoTests" name="[304] /home/travis/build/icyphy/ptII/ptolemy/actor/lib/test/auto/RampFiringLimitDE.xml (RunModel)" time="0.011" />
  <testcase classname="ptolemy.util.test.junit.AutoTests" name="[305] /home/travis/build/icyphy/ptII/ptolemy/actor/lib/test/auto/RampFiringLimitSDF.xml (RunModel)" time="0.011" />
  <testcase classname="ptolemy.util.test.junit.AutoTests" name="[306] /home/travis/build/icyphy/ptII/ptolemy/actor/lib/test/auto/RandomInteger.xml (RunModel)" time="0.007" />
  <testcase classname="ptolemy.util.test.junit.AutoTests" name="[307] /home/travis/build/icyphy/ptII/ptolemy/actor/lib/test/auto/ReadFile1.xml (RunModel)" time="0.007" />
  <testcase classname="ptolemy.util.test.junit.AutoTests" name="[308] /home/travis/build/icyphy/ptII/ptolemy/actor/lib/test/auto/ReadFile2.xml (RunModel)" time="0.007" />
  <testcase classname="ptolemy.util.test.junit.AutoTests" name="[309] /home/travis/build/icyphy/ptII/ptolemy/actor/lib/test/auto/Reader.xml (RunModel)" time="0.009" />
  <testcase classname="ptolemy.util.test.junit.AutoTests" name="[310] /home/travis/build/icyphy/ptII/ptolemy/actor/lib/test/auto/RecordAssemblerDisplayNameTest.xml (RunModel)" time="3.035" />
  <testcase classname="ptolemy.util.test.junit.AutoTests" name="[311] /home/travis/build/icyphy/ptII/ptolemy/actor/lib/test/auto/RecordAssemblerTypeError.xml (RunModel)" time="0.04" />
  <testcase classname="ptolemy.util.test.junit.AutoTests" name="[312] /home/travis/build/icyphy/ptII/ptolemy/actor/lib/test/auto/RecordDisassember.xml (RunModel)" time="0.009" />
  <testcase classname="ptolemy.util.test.junit.AutoTests" name="[313] /home/travis/build/icyphy/ptII/ptolemy/actor/lib/test/auto/RecordDisassemberDisplayNameTest.xml (RunModel)" time="0.018" />
  <testcase classname="ptolemy.util.test.junit.AutoTests" name="[314] /home/travis/build/icyphy/ptII/ptolemy/actor/lib/test/auto/RecordDisassembler.xml (RunModel)" time="0.009" />
  <testcase classname="ptolemy.util.test.junit.AutoTests" name="[315] /home/travis/build/icyphy/ptII/ptolemy/actor/lib/test/auto/RecordDisassembler2.xml (RunModel)" time="0.01" />
  <testcase classname="ptolemy.util.test.junit.AutoTests" name="[316] /home/travis/build/icyphy/ptII/ptolemy/actor/lib/test/auto/RecordUpdater.xml (RunModel)" time="0.01" />
  <testcase classname="ptolemy.util.test.junit.AutoTests" name="[317] /home/travis/build/icyphy/ptII/ptolemy/actor/lib/test/auto/RecordUpdater2.xml (RunModel)" time="0.009" />
  <testcase classname="ptolemy.util.test.junit.AutoTests" name="[318] /home/travis/build/icyphy/ptII/ptolemy/actor/lib/test/auto/RecursiveLattice.xml (RunModel)" time="0.008" />
  <testcase classname="ptolemy.util.test.junit.AutoTests" name="[319] /home/travis/build/icyphy/ptII/ptolemy/actor/lib/test/auto/Router.xml (RunModel)" time="3.028" />
  <testcase classname="ptolemy.util.test.junit.AutoTests" name="[320] /home/travis/build/icyphy/ptII/ptolemy/actor/lib/test/auto/Router2.xml (RunModel)" time="3.029" />
  <testcase classname="ptolemy.util.test.junit.AutoTests" name="[321] /home/travis/build/icyphy/ptII/ptolemy/actor/lib/test/auto/RunningMaximum.xml (RunModel)" time="0.014" />
  <testcase classname="ptolemy.util.test.junit.AutoTests" name="[322] /home/travis/build/icyphy/ptII/ptolemy/actor/lib/test/auto/RunningMinimum.xml (RunModel)" time="0.012" />
  <testcase classname="ptolemy.util.test.junit.AutoTests" name="[323] /home/travis/build/icyphy/ptII/ptolemy/actor/lib/test/auto/Scale.xml (RunModel)" time="0.02" />
  <testcase classname="ptolemy.util.test.junit.AutoTests" name="[324] /home/travis/build/icyphy/ptII/ptolemy/actor/lib/test/auto/Scale2.xml (RunModel)" time="0.009" />
  <testcase classname="ptolemy.util.test.junit.AutoTests" name="[325] /home/travis/build/icyphy/ptII/ptolemy/actor/lib/test/auto/Scale3.xml (RunModel)" time="0.013" />
  <testcase classname="ptolemy.util.test.junit.AutoTests" name="[326] /home/travis/build/icyphy/ptII/ptolemy/actor/lib/test/auto/ScaleArray.xml (RunModel)" time="0.007" />
  <testcase classname="ptolemy.util.test.junit.AutoTests" name="[327] /home/travis/build/icyphy/ptII/ptolemy/actor/lib/test/auto/ScaleArray2.xml (RunModel)" time="0.007" />
  <testcase classname="ptolemy.util.test.junit.AutoTests" name="[328] /home/travis/build/icyphy/ptII/ptolemy/actor/lib/test/auto/ScaleMatrix.xml (RunModel)" time="0.109" />
  <testcase classname="ptolemy.util.test.junit.AutoTests" name="[329] /home/travis/build/icyphy/ptII/ptolemy/actor/lib/test/auto/Select.xml (RunModel)" time="0.012" />
  <testcase classname="ptolemy.util.test.junit.AutoTests" name="[330] /home/travis/build/icyphy/ptII/ptolemy/actor/lib/test/auto/Select2.xml (RunModel)" time="0.008" />
  <testcase classname="ptolemy.util.test.junit.AutoTests" name="[331] /home/travis/build/icyphy/ptII/ptolemy/actor/lib/test/auto/SequenceToArray2.xml (RunModel)" time="0.097" />
  <testcase classname="ptolemy.util.test.junit.AutoTests" name="[332] /home/travis/build/icyphy/ptII/ptolemy/actor/lib/test/auto/SequentialClock.xml (RunModel)" time="0.012" />
  <testcase classname="ptolemy.util.test.junit.AutoTests" name="[333] /home/travis/build/icyphy/ptII/ptolemy/actor/lib/test/auto/SetVariable.xml (RunModel)" time="0.009" />
  <testcase classname="ptolemy.util.test.junit.AutoTests" name="[334] /home/travis/build/icyphy/ptII/ptolemy/actor/lib/test/auto/SetVariable2.xml (RunModel)" time="0.008" />
  <testcase classname="ptolemy.util.test.junit.AutoTests" name="[335] /home/travis/build/icyphy/ptII/ptolemy/actor/lib/test/auto/SetVariable3.xml (RunModel)" time="0.01" />
  <testcase classname="ptolemy.util.test.junit.AutoTests" name="[336] /home/travis/build/icyphy/ptII/ptolemy/actor/lib/test/auto/SetVariable4.xml (RunModel)" time="0.022" />
  <testcase classname="ptolemy.util.test.junit.AutoTests" name="[337] /home/travis/build/icyphy/ptII/ptolemy/actor/lib/test/auto/SetVariable5.xml (RunModel)" time="0.025" />
  <testcase classname="ptolemy.util.test.junit.AutoTests" name="[338] /home/travis/build/icyphy/ptII/ptolemy/actor/lib/test/auto/Sinewave.xml (RunModel)" time="0.028" />
  <testcase classname="ptolemy.util.test.junit.AutoTests" name="[339] /home/travis/build/icyphy/ptII/ptolemy/actor/lib/test/auto/Sinewave2.xml (RunModel)" time="0.02" />
  <testcase classname="ptolemy.util.test.junit.AutoTests" name="[340] /home/travis/build/icyphy/ptII/ptolemy/actor/lib/test/auto/Sinewave3.xml (RunModel)" time="0.016" />
  <testcase classname="ptolemy.util.test.junit.AutoTests" name="[341] /home/travis/build/icyphy/ptII/ptolemy/actor/lib/test/auto/SingleEvent.xml (RunModel)" time="0.006" />
  <testcase classname="ptolemy.util.test.junit.AutoTests" name="[342] /home/travis/build/icyphy/ptII/ptolemy/actor/lib/test/auto/Sleep.xml (RunModel)" time="6.023" />
  <testcase classname="ptolemy.util.test.junit.AutoTests" name="[343] /home/travis/build/icyphy/ptII/ptolemy/actor/lib/test/auto/SleepMultipleFire.xml (RunModel)" time="1.019" />
  <testcase classname="ptolemy.util.test.junit.AutoTests" name="[344] /home/travis/build/icyphy/ptII/ptolemy/actor/lib/test/auto/StopDE.xml (RunModel)" time="0.018" />
  <testcase classname="ptolemy.util.test.junit.AutoTests" name="[345] /home/travis/build/icyphy/ptII/ptolemy/actor/lib/test/auto/StopSDF.xml (RunModel)" time="0.01" />
  <testcase classname="ptolemy.util.test.junit.AutoTests" name="[346] /home/travis/build/icyphy/ptII/ptolemy/actor/lib/test/auto/StringConstant.xml (RunModel)" time="0.008" />
  <testcase classname="ptolemy.util.test.junit.AutoTests" name="[347] /home/travis/build/icyphy/ptII/ptolemy/actor/lib/test/auto/SubscriberPortInitialValues1.xml (RunModel)" time="0.016" />
  <testcase classname="ptolemy.util.test.junit.AutoTests" name="[348] /home/travis/build/icyphy/ptII/ptolemy/actor/lib/test/auto/SubscriberPortInitialValues13.xml (RunModel)" time="0.023" />
  <testcase classname="ptolemy.util.test.junit.AutoTests" name="[349] /home/travis/build/icyphy/ptII/ptolemy/actor/lib/test/auto/SubscriberPortInitialValues14.xml (RunModel)" time="0.013" />
  <testcase classname="ptolemy.util.test.junit.AutoTests" name="[350] /home/travis/build/icyphy/ptII/ptolemy/actor/lib/test/auto/SubscriberPortInitialValues2.xml (RunModel)" time="0.014" />
  <testcase classname="ptolemy.util.test.junit.AutoTests" name="[351] /home/travis/build/icyphy/ptII/ptolemy/actor/lib/test/auto/SubscriberPortInitialValues3.xml (RunModel)" time="0.018" />
  <testcase classname="ptolemy.util.test.junit.AutoTests" name="[352] /home/travis/build/icyphy/ptII/ptolemy/actor/lib/test/auto/SubscriptionAggregator.xml (RunModel)" time="0.01" />
  <testcase classname="ptolemy.util.test.junit.AutoTests" name="[353] /home/travis/build/icyphy/ptII/ptolemy/actor/lib/test/auto/SubscriptionAggregator2.xml (RunModel)" time="0.011" />
  <testcase classname="ptolemy.util.test.junit.AutoTests" name="[354] /home/travis/build/icyphy/ptII/ptolemy/actor/lib/test/auto/SubscriptionAggregator3.xml (RunModel)" time="0.014" />
  <testcase classname="ptolemy.util.test.junit.AutoTests" name="[355] /home/travis/build/icyphy/ptII/ptolemy/actor/lib/test/auto/SubscriptionAggregatorMultiply.xml (RunModel)" time="0.013" />
  <testcase classname="ptolemy.util.test.junit.AutoTests" name="[356] /home/travis/build/icyphy/ptII/ptolemy/actor/lib/test/auto/SubscriptionAggregatorPortMultiply1.xml (RunModel)" time="0.012" />
  <testcase classname="ptolemy.util.test.junit.AutoTests" name="[357] /home/travis/build/icyphy/ptII/ptolemy/actor/lib/test/auto/Switch.xml (RunModel)" time="0.013" />
  <testcase classname="ptolemy.util.test.junit.AutoTests" name="[358] /home/travis/build/icyphy/ptII/ptolemy/actor/lib/test/auto/Switch2.xml (RunModel)" time="0.013" />
  <testcase classname="ptolemy.util.test.junit.AutoTests" name="[359] /home/travis/build/icyphy/ptII/ptolemy/actor/lib/test/auto/SwitchDE.xml (RunModel)" time="0.012" />
  <testcase classname="ptolemy.util.test.junit.AutoTests" name="[360] /home/travis/build/icyphy/ptII/ptolemy/actor/lib/test/auto/SynchronizerDE.xml (RunModel)" time="0.017" />
  <testcase classname="ptolemy.util.test.junit.AutoTests" name="[361] /home/travis/build/icyphy/ptII/ptolemy/actor/lib/test/auto/Test.xml (RunModel)" time="0.008" />
  <testcase classname="ptolemy.util.test.junit.AutoTests" name="[362] /home/travis/build/icyphy/ptII/ptolemy/actor/lib/test/auto/TestExceptionAttribute1.xml (RunModel)" time="0.005" />
  <testcase classname="ptolemy.util.test.junit.AutoTests" name="[363] /home/travis/build/icyphy/ptII/ptolemy/actor/lib/test/auto/TestExceptionAttribute2.xml (RunModel)" time="0.005" />
  <testcase classname="ptolemy.util.test.junit.AutoTests" name="[364] /home/travis/build/icyphy/ptII/ptolemy/actor/lib/test/auto/TestExceptionAttribute3.xml (RunModel)" time="0.007" />
  <testcase classname="ptolemy.util.test.junit.AutoTests" name="[365] /home/travis/build/icyphy/ptII/ptolemy/actor/lib/test/auto/TestExceptionAttribute4.xml (RunModel)" time="0.007" />
  <testcase classname="ptolemy.util.test.junit.AutoTests" name="[366] /home/travis/build/icyphy/ptII/ptolemy/actor/lib/test/auto/TestExceptionHandler1.xml (RunModel)" time="0.014" />
  <testcase classname="ptolemy.util.test.junit.AutoTests" name="[367] /home/travis/build/icyphy/ptII/ptolemy/actor/lib/test/auto/TestExceptionHandler2.xml (RunModel)" time="0.006" />
  <testcase classname="ptolemy.util.test.junit.AutoTests" name="[368] /home/travis/build/icyphy/ptII/ptolemy/actor/lib/test/auto/TestExceptionHandler3.xml (RunModel)" time="0.005" />
  <testcase classname="ptolemy.util.test.junit.AutoTests" name="[369] /home/travis/build/icyphy/ptII/ptolemy/actor/lib/test/auto/TestExceptionHandler4.xml (RunModel)" time="0.006" />
  <testcase classname="ptolemy.util.test.junit.AutoTests" name="[370] /home/travis/build/icyphy/ptII/ptolemy/actor/lib/test/auto/TestRequireCorrectOrder.xml (RunModel)" time="0.008" />
  <testcase classname="ptolemy.util.test.junit.AutoTests" name="[371] /home/travis/build/icyphy/ptII/ptolemy/actor/lib/test/auto/TestSimple.xml (RunModel)" time="0.006" />
  <testcase classname="ptolemy.util.test.junit.AutoTests" name="[372] /home/travis/build/icyphy/ptII/ptolemy/actor/lib/test/auto/ThrowModelError.xml (RunModel)" time="0.009" />
  <testcase classname="ptolemy.util.test.junit.AutoTests" name="[373] /home/travis/build/icyphy/ptII/ptolemy/actor/lib/test/auto/TimeDelayMicrosteps.xml (RunModel)" time="0.012" />
  <testcase classname="ptolemy.util.test.junit.AutoTests" name="[374] /home/travis/build/icyphy/ptII/ptolemy/actor/lib/test/auto/TimeDelayMicrosteps2.xml (RunModel)" time="0.013" />
  <testcase classname="ptolemy.util.test.junit.AutoTests" name="[375] /home/travis/build/icyphy/ptII/ptolemy/actor/lib/test/auto/TimeDelayMicrosteps3.xml (RunModel)" time="0.011" />
  <testcase classname="ptolemy.util.test.junit.AutoTests" name="[376] /home/travis/build/icyphy/ptII/ptolemy/actor/lib/test/auto/TimeDelayVariableMicrosteps.xml (RunModel)" time="0.011" />
  <testcase classname="ptolemy.util.test.junit.AutoTests" name="[377] /home/travis/build/icyphy/ptII/ptolemy/actor/lib/test/auto/TimeGap.xml (RunModel)" time="0.011" />
  <testcase classname="ptolemy.util.test.junit.AutoTests" name="[378] /home/travis/build/icyphy/ptII/ptolemy/actor/lib/test/auto/TimeGap2.xml (RunModel)" time="0.012" />
  <testcase classname="ptolemy.util.test.junit.AutoTests" name="[379] /home/travis/build/icyphy/ptII/ptolemy/actor/lib/test/auto/TimedSinewave.xml (RunModel)" time="0.04" />
  <testcase classname="ptolemy.util.test.junit.AutoTests" name="[380] /home/travis/build/icyphy/ptII/ptolemy/actor/lib/test/auto/TimedSinewavePhase.xml (RunModel)" time="0.031" />
  <testcase classname="ptolemy.util.test.junit.AutoTests" name="[381] /home/travis/build/icyphy/ptII/ptolemy/actor/lib/test/auto/Timer.xml (RunModel)" time="0.012" />
  <testcase classname="ptolemy.util.test.junit.AutoTests" name="[382] /home/travis/build/icyphy/ptII/ptolemy/actor/lib/test/auto/TriangularDistTestModel.xml (RunModel)" time="0.02" />
  <testcase classname="ptolemy.util.test.junit.AutoTests" name="[383] /home/travis/build/icyphy/ptII/ptolemy/actor/lib/test/auto/TrigFunction.xml (RunModel)" time="0.009" />
  <testcase classname="ptolemy.util.test.junit.AutoTests" name="[384] /home/travis/build/icyphy/ptII/ptolemy/actor/lib/test/auto/TrigFunctionDE.xml (RunModel)" time="0.01" />
  <testcase classname="ptolemy.util.test.junit.AutoTests" name="[385] /home/travis/build/icyphy/ptII/ptolemy/actor/lib/test/auto/TrigFunctionInverse.xml (RunModel)" time="0.008" />
  <testcase classname="ptolemy.util.test.junit.AutoTests" name="[386] /home/travis/build/icyphy/ptII/ptolemy/actor/lib/test/auto/TrigFunctionTan.xml (RunModel)" time="0.006" />
  <testcase classname="ptolemy.util.test.junit.AutoTests" name="[387] /home/travis/build/icyphy/ptII/ptolemy/actor/lib/test/auto/TriggeredClock.xml (RunModel)" time="0.007" />
  <testcase classname="ptolemy.util.test.junit.AutoTests" name="[388] /home/travis/build/icyphy/ptII/ptolemy/actor/lib/test/auto/URLDirectoryReader.xml (RunModel)" time="0.091" />
  <testcase classname="ptolemy.util.test.junit.AutoTests" name="[389] /home/travis/build/icyphy/ptII/ptolemy/actor/lib/test/auto/URLDirectoryReader3.xml (RunModel)" time="1.391" />
  <testcase classname="ptolemy.util.test.junit.AutoTests" name="[390] /home/travis/build/icyphy/ptII/ptolemy/actor/lib/test/auto/UnaryMathFunction.xml (RunModel)" time="0.048" />
  <testcase classname="ptolemy.util.test.junit.AutoTests" name="[391] /home/travis/build/icyphy/ptII/ptolemy/actor/lib/test/auto/Uniform.xml (RunModel)" time="0.041" />
  <testcase classname="ptolemy.util.test.junit.AutoTests" name="[392] /home/travis/build/icyphy/ptII/ptolemy/actor/lib/test/auto/UnionDisassemblerTest.xml (RunModel)" time="0.025" />
  <testcase classname="ptolemy.util.test.junit.AutoTests" name="[393] /home/travis/build/icyphy/ptII/ptolemy/actor/lib/test/auto/UtilityFunctions.xml (RunModel)" time="0.035" />
  <testcase classname="ptolemy.util.test.junit.AutoTests" name="[394] /home/travis/build/icyphy/ptII/ptolemy/actor/lib/test/auto/VariableSleep.xml (RunModel)" time="0.54" />
  <testcase classname="ptolemy.util.test.junit.AutoTests" name="[395] /home/travis/build/icyphy/ptII/ptolemy/actor/lib/test/auto/VectorAssemblerDisassemblerCT.xml (RunModel)" time="0.114" />
  <testcase classname="ptolemy.util.test.junit.AutoTests" name="[396] /home/travis/build/icyphy/ptII/ptolemy/actor/lib/test/auto/VectorAssemblerDisassemblerDE.xml (RunModel)" time="0.014" />
  <testcase classname="ptolemy.util.test.junit.AutoTests" name="[397] /home/travis/build/icyphy/ptII/ptolemy/actor/lib/test/auto/VectorAssemblerDisassemblerSDF.xml (RunModel)" time="0.011" />
  <testcase classname="ptolemy.util.test.junit.AutoTests" name="[398] /home/travis/build/icyphy/ptII/ptolemy/actor/lib/test/auto/WallClockTime.xml (RunModel)" time="1.012" />
  <testcase classname="ptolemy.util.test.junit.AutoTests" name="[399] /home/travis/build/icyphy/ptII/ptolemy/actor/lib/test/auto/WidthTestWithSubscriberPublisher.xml (RunModel)" time="0.044" />
  <testcase classname="ptolemy.util.test.junit.AutoTests" name="[400] /home/travis/build/icyphy/ptII/ptolemy/actor/lib/test/auto/WidthTestWithSubscriberPublisher2.xml (RunModel)" time="0.011" />
  <testcase classname="ptolemy.util.test.junit.AutoTests" name="[401] /home/travis/build/icyphy/ptII/ptolemy/actor/lib/test/auto/WidthTestWithSubscriberPublisher3.xml (RunModel)" time="0.031" />
  <testcase classname="ptolemy.util.test.junit.AutoTests" name="[402] /home/travis/build/icyphy/ptII/ptolemy/actor/lib/test/auto/Writer.xml (RunModel)" time="0.033" />
  <testcase classname="ptolemy.util.test.junit.AutoTests" name="[403] /home/travis/build/icyphy/ptII/ptolemy/actor/lib/test/auto/array.xml (RunModel)" time="0.031" />
  <testcase classname="ptolemy.util.test.junit.AutoTests" name="[404] /home/travis/build/icyphy/ptII/ptolemy/actor/lib/test/auto/array2.xml (RunModel)" time="0.032" />
  <testcase classname="ptolemy.util.test.junit.AutoTests" name="[405] /home/travis/build/icyphy/ptII/ptolemy/actor/lib/test/auto/arrayType.xml (RunModel)" time="0.027" />
  <testcase classname="ptolemy.util.test.junit.AutoTests" name="[406] /home/travis/build/icyphy/ptII/ptolemy/actor/lib/test/auto/arrayType10.xml (RunModel)" time="0.033" />
  <testcase classname="ptolemy.util.test.junit.AutoTests" name="[407] /home/travis/build/icyphy/ptII/ptolemy/actor/lib/test/auto/arrayType11.xml (RunModel)" time="0.021" />
  <testcase classname="ptolemy.util.test.junit.AutoTests" name="[408] /home/travis/build/icyphy/ptII/ptolemy/actor/lib/test/auto/arrayType12.xml (RunModel)" time="0.008" />
  <testcase classname="ptolemy.util.test.junit.AutoTests" name="[409] /home/travis/build/icyphy/ptII/ptolemy/actor/lib/test/auto/arrayType13.xml (RunModel)" time="0.009" />
  <testcase classname="ptolemy.util.test.junit.AutoTests" name="[410] /home/travis/build/icyphy/ptII/ptolemy/actor/lib/test/auto/arrayType14.xml (RunModel)" time="0.008" />
  <testcase classname="ptolemy.util.test.junit.AutoTests" name="[411] /home/travis/build/icyphy/ptII/ptolemy/actor/lib/test/auto/arrayType15.xml (RunModel)" time="0.008" />
  <testcase classname="ptolemy.util.test.junit.AutoTests" name="[412] /home/travis/build/icyphy/ptII/ptolemy/actor/lib/test/auto/arrayType16.xml (RunModel)" time="0.009" />
  <testcase classname="ptolemy.util.test.junit.AutoTests" name="[413] /home/travis/build/icyphy/ptII/ptolemy/actor/lib/test/auto/arrayType17.xml (RunModel)" time="0.008" />
  <testcase classname="ptolemy.util.test.junit.AutoTests" name="[414] /home/travis/build/icyphy/ptII/ptolemy/actor/lib/test/auto/arrayType18.xml (RunModel)" time="0.007" />
  <testcase classname="ptolemy.util.test.junit.AutoTests" name="[415] /home/travis/build/icyphy/ptII/ptolemy/actor/lib/test/auto/arrayType19.xml (RunModel)" time="0.007" />
  <testcase classname="ptolemy.util.test.junit.AutoTests" name="[416] /home/travis/build/icyphy/ptII/ptolemy/actor/lib/test/auto/arrayType2.xml (RunModel)" time="0.008" />
  <testcase classname="ptolemy.util.test.junit.AutoTests" name="[417] /home/travis/build/icyphy/ptII/ptolemy/actor/lib/test/auto/arrayType20.xml (RunModel)" time="0.008" />
  <testcase classname="ptolemy.util.test.junit.AutoTests" name="[418] /home/travis/build/icyphy/ptII/ptolemy/actor/lib/test/auto/arrayType21.xml (RunModel)" time="0.007" />
  <testcase classname="ptolemy.util.test.junit.AutoTests" name="[419] /home/travis/build/icyphy/ptII/ptolemy/actor/lib/test/auto/arrayType22.xml (RunModel)" time="0.006" />
  <testcase classname="ptolemy.util.test.junit.AutoTests" name="[420] /home/travis/build/icyphy/ptII/ptolemy/actor/lib/test/auto/arrayType23.xml (RunModel)" time="0.007" />
  <testcase classname="ptolemy.util.test.junit.AutoTests" name="[421] /home/travis/build/icyphy/ptII/ptolemy/actor/lib/test/auto/arrayType24.xml (RunModel)" time="0.008" />
  <testcase classname="ptolemy.util.test.junit.AutoTests" name="[422] /home/travis/build/icyphy/ptII/ptolemy/actor/lib/test/auto/arrayType25.xml (RunModel)" time="0.007" />
  <testcase classname="ptolemy.util.test.junit.AutoTests" name="[423] /home/travis/build/icyphy/ptII/ptolemy/actor/lib/test/auto/arrayType26.xml (RunModel)" time="0.008" />
  <testcase classname="ptolemy.util.test.junit.AutoTests" name="[424] /home/travis/build/icyphy/ptII/ptolemy/actor/lib/test/auto/arrayType27.xml (RunModel)" time="0.008" />
  <testcase classname="ptolemy.util.test.junit.AutoTests" name="[425] /home/travis/build/icyphy/ptII/ptolemy/actor/lib/test/auto/arrayType28.xml (RunModel)" time="0.008" />
  <testcase classname="ptolemy.util.test.junit.AutoTests" name="[426] /home/travis/build/icyphy/ptII/ptolemy/actor/lib/test/auto/arrayType3.xml (RunModel)" time="0.008" />
  <testcase classname="ptolemy.util.test.junit.AutoTests" name="[427] /home/travis/build/icyphy/ptII/ptolemy/actor/lib/test/auto/arrayType4.xml (RunModel)" time="0.007" />
  <testcase classname="ptolemy.util.test.junit.AutoTests" name="[428] /home/travis/build/icyphy/ptII/ptolemy/actor/lib/test/auto/arrayType5.xml (RunModel)" time="0.008" />
  <testcase classname="ptolemy.util.test.junit.AutoTests" name="[429] /home/travis/build/icyphy/ptII/ptolemy/actor/lib/test/auto/arrayType6.xml (RunModel)" time="0.007" />
  <testcase classname="ptolemy.util.test.junit.AutoTests" name="[430] /home/travis/build/icyphy/ptII/ptolemy/actor/lib/test/auto/arrayType7.xml (RunModel)" time="0.007" />
  <testcase classname="ptolemy.util.test.junit.AutoTests" name="[431] /home/travis/build/icyphy/ptII/ptolemy/actor/lib/test/auto/arrayType8.xml (RunModel)" time="0.008" />
  <testcase classname="ptolemy.util.test.junit.AutoTests" name="[432] /home/travis/build/icyphy/ptII/ptolemy/actor/lib/test/auto/arrayType9.xml (RunModel)" time="0.007" />
  <testcase classname="ptolemy.util.test.junit.AutoTests" name="[433] /home/travis/build/icyphy/ptII/ptolemy/actor/lib/test/auto/cast.xml (RunModel)" time="0.008" />
  <testcase classname="ptolemy.util.test.junit.AutoTests" name="[434] /home/travis/build/icyphy/ptII/ptolemy/actor/lib/test/auto/compositeMultiPort.xml (RunModel)" time="0.015" />
  <testcase classname="ptolemy.util.test.junit.AutoTests" name="[435] /home/travis/build/icyphy/ptII/ptolemy/actor/lib/test/auto/expressionCastInference.xml (RunModel)" time="0.007" />
  <testcase classname="ptolemy.util.test.junit.AutoTests" name="[436] /home/travis/build/icyphy/ptII/ptolemy/actor/lib/test/auto/expressionCastInference2.xml (RunModel)" time="0.006" />
  <testcase classname="ptolemy.util.test.junit.AutoTests" name="[437] /home/travis/build/icyphy/ptII/ptolemy/actor/lib/test/auto/expressionInference.xml (RunModel)" time="0.007" />
  <testcase classname="ptolemy.util.test.junit.AutoTests" name="[438] /home/travis/build/icyphy/ptII/ptolemy/actor/lib/test/auto/expression_bug.xml (RunModel)" time="0.006" />
  <testcase classname="ptolemy.util.test.junit.AutoTests" name="[439] /home/travis/build/icyphy/ptII/ptolemy/actor/lib/test/auto/factorial.xml (RunModel)" time="0.035" />
  <testcase classname="ptolemy.util.test.junit.AutoTests" name="[440] /home/travis/build/icyphy/ptII/ptolemy/actor/lib/test/auto/filterTest1.xml (RunModel)" time="0.011" />
  <testcase classname="ptolemy.util.test.junit.AutoTests" name="[441] /home/travis/build/icyphy/ptII/ptolemy/actor/lib/test/auto/funcApplyInConst.xml (RunModel)" time="0.005" />
  <testcase classname="ptolemy.util.test.junit.AutoTests" name="[442] /home/travis/build/icyphy/ptII/ptolemy/actor/lib/test/auto/funcApplyInExpr.xml (RunModel)" time="0.005" />
  <testcase classname="ptolemy.util.test.junit.AutoTests" name="[443] /home/travis/build/icyphy/ptII/ptolemy/actor/lib/test/auto/function.xml (RunModel)" time="0.008" />
  <testcase classname="ptolemy.util.test.junit.AutoTests" name="[444] /home/travis/build/icyphy/ptII/ptolemy/actor/lib/test/auto/function2.xml (RunModel)" time="0.008" />
  <testcase classname="ptolemy.util.test.junit.AutoTests" name="[445] /home/travis/build/icyphy/ptII/ptolemy/actor/lib/test/auto/function3.xml (RunModel)" time="0.006" />
  <testcase classname="ptolemy.util.test.junit.AutoTests" name="[446] /home/travis/build/icyphy/ptII/ptolemy/actor/lib/test/auto/functionClosureTest1.xml (RunModel)" time="0.008" />
  <testcase classname="ptolemy.util.test.junit.AutoTests" name="[447] /home/travis/build/icyphy/ptII/ptolemy/actor/lib/test/auto/functionClosureTest2.xml (RunModel)" time="0.005" />
  <testcase classname="ptolemy.util.test.junit.AutoTests" name="[448] /home/travis/build/icyphy/ptII/ptolemy/actor/lib/test/auto/functionClosureTest3.xml (RunModel)" time="0.009" />
  <testcase classname="ptolemy.util.test.junit.AutoTests" name="[449] /home/travis/build/icyphy/ptII/ptolemy/actor/lib/test/auto/functionClosureTest4.xml (RunModel)" time="0.036" />
  <testcase classname="ptolemy.util.test.junit.AutoTests" name="[450] /home/travis/build/icyphy/ptII/ptolemy/actor/lib/test/auto/functionClosureTest5.xml (RunModel)" time="0.023" />
  <testcase classname="ptolemy.util.test.junit.AutoTests" name="[451] /home/travis/build/icyphy/ptII/ptolemy/actor/lib/test/auto/functionClosureTest6.xml (RunModel)" time="0.009" />
  <testcase classname="ptolemy.util.test.junit.AutoTests" name="[452] /home/travis/build/icyphy/ptII/ptolemy/actor/lib/test/auto/functionsOnArcs.xml (RunModel)" time="0.009" />
  <testcase classname="ptolemy.util.test.junit.AutoTests" name="[453] /home/travis/build/icyphy/ptII/ptolemy/actor/lib/test/auto/functionsOnArcsHOF.xml (RunModel)" time="0.01" />
  <testcase classname="ptolemy.util.test.junit.AutoTests" name="[454] /home/travis/build/icyphy/ptII/ptolemy/actor/lib/test/auto/logic.xml (RunModel)" time="0.015" />
  <testcase classname="ptolemy.util.test.junit.AutoTests" name="[455] /home/travis/build/icyphy/ptII/ptolemy/actor/lib/test/auto/matrixType.xml (RunModel)" time="0.008" />
  <testcase classname="ptolemy.util.test.junit.AutoTests" name="[456] /home/travis/build/icyphy/ptII/ptolemy/actor/lib/test/auto/matrixType10.xml (RunModel)" time="0.007" />
  <testcase classname="ptolemy.util.test.junit.AutoTests" name="[457] /home/travis/build/icyphy/ptII/ptolemy/actor/lib/test/auto/matrixType11.xml (RunModel)" time="0.007" />
  <testcase classname="ptolemy.util.test.junit.AutoTests" name="[458] /home/travis/build/icyphy/ptII/ptolemy/actor/lib/test/auto/matrixType12.xml (RunModel)" time="0.007" />
  <testcase classname="ptolemy.util.test.junit.AutoTests" name="[459] /home/travis/build/icyphy/ptII/ptolemy/actor/lib/test/auto/matrixType13.xml (RunModel)" time="0.008" />
  <testcase classname="ptolemy.util.test.junit.AutoTests" name="[460] /home/travis/build/icyphy/ptII/ptolemy/actor/lib/test/auto/matrixType14.xml (RunModel)" time="0.008" />
  <testcase classname="ptolemy.util.test.junit.AutoTests" name="[461] /home/travis/build/icyphy/ptII/ptolemy/actor/lib/test/auto/matrixType2.xml (RunModel)" time="0.008" />
  <testcase classname="ptolemy.util.test.junit.AutoTests" name="[462] /home/travis/build/icyphy/ptII/ptolemy/actor/lib/test/auto/matrixType3.xml (RunModel)" time="0.007" />
  <testcase classname="ptolemy.util.test.junit.AutoTests" name="[463] /home/travis/build/icyphy/ptII/ptolemy/actor/lib/test/auto/matrixType4.xml (RunModel)" time="0.007" />
  <testcase classname="ptolemy.util.test.junit.AutoTests" name="[464] /home/travis/build/icyphy/ptII/ptolemy/actor/lib/test/auto/matrixType5.xml (RunModel)" time="0.007" />
  <testcase classname="ptolemy.util.test.junit.AutoTests" name="[465] /home/travis/build/icyphy/ptII/ptolemy/actor/lib/test/auto/matrixType6.xml (RunModel)" time="0.007" />
  <testcase classname="ptolemy.util.test.junit.AutoTests" name="[466] /home/travis/build/icyphy/ptII/ptolemy/actor/lib/test/auto/matrixType7.xml (RunModel)" time="0.007" />
  <testcase classname="ptolemy.util.test.junit.AutoTests" name="[467] /home/travis/build/icyphy/ptII/ptolemy/actor/lib/test/auto/matrixType8.xml (RunModel)" time="0.008" />
  <testcase classname="ptolemy.util.test.junit.AutoTests" name="[468] /home/travis/build/icyphy/ptII/ptolemy/actor/lib/test/auto/matrixType9.xml (RunModel)" time="0.007" />
  <testcase classname="ptolemy.util.test.junit.AutoTests" name="[469] /home/travis/build/icyphy/ptII/ptolemy/actor/lib/test/auto/paraFunctest.xml (RunModel)" time="0.006" />
  <testcase classname="ptolemy.util.test.junit.AutoTests" name="[470] /home/travis/build/icyphy/ptII/ptolemy/actor/lib/test/auto/paraFunctest2.xml (RunModel)" time="0.006" />
  <testcase classname="ptolemy.util.test.junit.AutoTests" name="[471] /home/travis/build/icyphy/ptII/ptolemy/actor/lib/test/auto/parameterPassing.xml (RunModel)" time="0.007" />
  <testcase classname="ptolemy.util.test.junit.AutoTests" name="[472] /home/travis/build/icyphy/ptII/ptolemy/actor/lib/test/auto/record.xml (RunModel)" time="0.008" />
  <testcase classname="ptolemy.util.test.junit.AutoTests" name="[473] /home/travis/build/icyphy/ptII/ptolemy/actor/lib/test/auto/sizedarray1.xml (RunModel)" time="0.008" />
  <testcase classname="ptolemy.util.test.junit.AutoTests" name="[474] /home/travis/build/icyphy/ptII/ptolemy/actor/lib/test/auto/sizedarray2.xml (RunModel)" time="0.013" />
  <testcase classname="ptolemy.util.test.junit.AutoTests" name="[475] /home/travis/build/icyphy/ptII/ptolemy/actor/lib/test/auto/twoPublishers.xml (RunModel)" time="0.016" />
  <system-out><![CDATA[/home/travis/build/icyphy/ptII/ptolemy/actor/lib/test/AbsoluteValue.tcl
testDefs.tcl: setting time out to 9000 seconds at Sun Mar 31 03:51:23 UTC 2019
79 ms. Memory: 116224K Free: 109658K (94%)
4 ms. Memory: 116224K Free: 108470K (93%)
5 ms. Memory: 116224K Free: 107869K (93%)
3 ms. Memory: 116224K Free: 106674K (92%)
/home/travis/build/icyphy/ptII/ptolemy/actor/lib/test/AddSubtract.tcl
8 ms. Memory: 116224K Free: 104853K (90%)
12 ms. Memory: 116224K Free: 104220K (90%)
12 ms. Memory: 116224K Free: 103025K (89%)
8 ms. Memory: 116224K Free: 102423K (88%)
10 ms. Memory: 116224K Free: 101814K (88%)
12 ms. Memory: 116224K Free: 101196K (87%)
/home/travis/build/icyphy/ptII/ptolemy/actor/lib/test/Average.tcl
11 ms. Memory: 116224K Free: 99376K (86%)
20 ms. Memory: 116224K Free: 98149K (84%)
/home/travis/build/icyphy/ptII/ptolemy/actor/lib/test/Bernoulli.tcl
6 ms. Memory: 116224K Free: 96352K (83%)
1 ms. Memory: 116224K Free: 95759K (82%)
/home/travis/build/icyphy/ptII/ptolemy/actor/lib/test/Clock.tcl
preinitializing
resolving types
initializing
executing number 1
wrapping up
idle
16 ms. Memory: 116224K Free: 93946K (81%)
Completed execution with 5 iterations
preinitializing
resolving types
initializing
executing number 1
wrapping up
idle
5 ms. Memory: 116224K Free: 92743K (80%)
Completed execution with 5 iterations
preinitializing
resolving types
initializing
executing number 1
wrapping up
idle
3 ms. Memory: 116224K Free: 92134K (79%)
Completed execution with 5 iterations
/home/travis/build/icyphy/ptII/ptolemy/actor/lib/test/Commutator.tcl
5 ms. Memory: 116224K Free: 90337K (78%)
5 ms. Memory: 116224K Free: 89134K (77%)
20 ms. Memory: 116224K Free: 84924K (73%)
/home/travis/build/icyphy/ptII/ptolemy/actor/lib/test/Const.tcl
4 ms. Memory: 116224K Free: 83108K (72%)
1 ms. Memory: 116224K Free: 82514K (71%)
2 ms. Memory: 116224K Free: 81921K (70%)
1 ms. Memory: 116224K Free: 81327K (70%)
15 ms. Memory: 146944K Free: 139993K (95%)
11 ms. Memory: 146944K Free: 138801K (94%)
4 ms. Memory: 146944K Free: 137608K (94%)
2 ms. Memory: 146944K Free: 136400K (93%)
/home/travis/build/icyphy/ptII/ptolemy/actor/lib/test/CurrentTime.tcl
preinitializing
resolving types
initializing
executing number 1
wrapping up
idle
14 ms. Memory: 146944K Free: 135192K (92%)
Completed execution with 11 iterations
/home/travis/build/icyphy/ptII/ptolemy/actor/lib/test/DB.tcl
12 ms. Memory: 146944K Free: 132808K (90%)
2 ms. Memory: 146944K Free: 132808K (90%)
1 ms. Memory: 146944K Free: 131600K (90%)
/home/travis/build/icyphy/ptII/ptolemy/actor/lib/test/DiscreteRandomSource.tcl
preinitializing
resolving types
initializing
executing number 1
wrapping up
idle
8 ms. Memory: 146944K Free: 130392K (89%)
Completed execution with 4 iterations
preinitializing
resolving types
initializing
executing number 1
wrapping up
idle
10 ms. Memory: 146944K Free: 130392K (89%)
Completed execution with 4 iterations
preinitializing
resolving types
initializing
executing number 1
wrapping up
idle
2 ms. Memory: 146944K Free: 129200K (88%)
Completed execution with 4 iterations
preinitializing
resolving types
initializing
executing number 1
wrapping up
idle
2 ms. Memory: 146944K Free: 129200K (88%)
Completed execution with 4 iterations
preinitializing
resolving types
initializing
executing number 1
wrapping up
idle
13 ms. Memory: 146944K Free: 129200K (88%)
Completed execution with 4 iterations
/home/travis/build/icyphy/ptII/ptolemy/actor/lib/test/Distributor.tcl
4 ms. Memory: 146944K Free: 125571K (85%)
8 ms. Memory: 146944K Free: 125571K (85%)
StreamChangeRequest.changeExecuted(): <deleteEntity name="rec2"/> succeeded
StreamChangeRequest.changeExecuted(): <deleteRelation name="r2"/> succeeded
StreamChangeRequest.changeExecuted(): Record firings per iteration succeeded
15 ms. Memory: 146944K Free: 123171K (84%)
/home/travis/build/icyphy/ptII/ptolemy/actor/lib/test/Exit.tcl
Exit.tcl: this will print a message about Manager.exitAfterWrapup, which can be ignored.
7 ms. Memory: 146944K Free: 118964K (81%)
/home/travis/build/icyphy/ptII/ptolemy/actor/lib/test/Expression.tcl
7 ms. Memory: 146944K Free: 116535K (79%)
12 ms. Memory: 146944K Free: 115327K (78%)
2 ms. Memory: 146944K Free: 115327K (78%)
preinitializing
resolving types
initializing
executing number 1
wrapping up
idle
4 ms. Memory: 146944K Free: 114119K (78%)
Completed execution with 6 iterations
3 ms. Memory: 146944K Free: 112927K (77%)
2 ms. Memory: 146944K Free: 111719K (76%)
4 ms. Memory: 146944K Free: 110519K (75%)
3 ms. Memory: 146944K Free: 109311K (74%)
3 ms. Memory: 146944K Free: 108103K (74%)
/home/travis/build/icyphy/ptII/ptolemy/actor/lib/test/Gaussian.tcl
8 ms. Memory: 146944K Free: 106908K (73%)
sleeping 1 seconds: ...............................................................................................................................................................................................................................................................................................................................................................................................................................................................................................................................................................................................................................................................................................................................................................................................................................................................................................................................................................................................................................................................................................................................................................................................................................................................................................................................................................................................................................................................................................................................................................................................................................................................................................................................................................................................................................................................................................................................................................................................................................................................................................................................................................................................................................................................................................................................................................................................................................................................................................................................................................................................................................................................................................................................................................................................................................................................................................................................................................................................................................................................................................................................................................................................................................................................................................................................................................................................................................................................................................................................................................................................................................................................................................................................................................................................................................................................................................................................................................................................................................................................................................................................................................................................................................................................................................................................................................................................................................................................................................................................................................................................................................................................................................................................................................................................................................................................................................................................................................................................................................................................................................................................................................................................................................................................................................................................................................................................................................................................................................................................................................................................................................................................................................................................................................................................................................................................................................................................................................................................................................................................................................................................................................................................................................................................................................................................................................................................................................................................................................................................................................................................................................................................................................................................................................................................................................................................................................................................................................................................................................................................................................................................................................................................................................................................................................................................................................................................................................................................................................................................................................................................................................................................................................................................................................................................................................................................................................................................................................................................................................................................................................................................................................................................................................................................................................................................................................................................................................................................................................................................................................................................................................................................................................................................................................................................................................................................................................................................................................................................................................................................................................................................................................................................................................................................................................................................................................................................................................................................................................................................................................................................................................................................................................................................................................................................................................................................................................................................................................................................................................................................................................................................................................................................................................................................................................................................................................................................................................................................................................................................................................................................................................................................................................................................................................................................................................................................................................................................................................................................................................................................................................................................................................................................................................................................................................................................................................................................................................................................................................................................................................................................................................................................................................................................................................................................................................................................................................................................................................................................................................................................................................................................................................................................................................................................................................................................................................................................................................................................................................................................................................................................................................................................................................................................................................................................................................................................................................................................................................................................................................................................................................................................................................................................................................................................................................................................................................................................................................................................................................................................................................................................................................................................................................................................................................................................................................................................................................................................................................................................................................................................................................................................................................................................................................................................................................................................................................................................................................................................................................................................................................................................................................................................................................................................................................................................................................................................................................................................................................................................................................................................................................................................................................................................................................................................................................................................................................................................................................................................................................................................................................................................................................................................................................................................................................................................................................................................................................................................................................................................................................................................................................................................................................................................................................................................................................................................................................................................................................................................................................................................................................................................................................................................................................................................................................................................................................................................................................................................................................................................................................................................................................................................................................................................................................................................................................................................................................................................................................................................................................................................................................................................................................................................................................................................................................................................................................................................................................................................................................................................................................................................................................................................................................................................................................................................................................................................................................................................................................................................................................................................................................................................................................................................................................................................................................................................................................................................................................................................................................................................................................................................................................................................................................................................................................................................................................................................................................................................................................................................................................................................................................................................................................................................................................................................................................................................................................................................................................................................................................................................................................................................................................................................................................................................................................................................................................................................................................................................................................................................................................................................................................................................................................................................................................................................................................................................................................................................................................................................................................................................................................................................................................................................................................................................................................................................................................................................................................................................................................................................................................................................................................................................................................................................................................................................................................................................................................................................................................................................................................................................................................................................................................................................................................................................................................................................................................................................................................................................................................................................................................................................................................................................................................................................................................................................................................................................................................................................................................................................................................................................................................................................................................................................................................................................................................................................................................................................................................................................................................................................................................................................................................................................................................................................................................................................................................................................................................................................................................................................................................................................................................................................................................................................................................................................................................................................................................................................................................................................................................................................................................................................................................................................................................................................................................................................................................................................................................................................................................................................................................................................................................................................................................................................................................................................................................................................................................................................................................................................................................................................................................................................................................................................................................................................................................................................................................................................................................................................................................................................................................................................................................................................................................................................................................................................................................................................................................................................................................................................................................................................................................................................................................................................................................................................................................................................................................................................................................................................................................................................................................................................................................................................................................................................................................................................................................................................................................................................................................................................................................................................................................................................................................................................................................................................................................................................................................................................................................................................................................................................................................................................................................................................................................................................................................................................................................................................................................................................................................................................................................................................................................................................................................................................................................................................................................................................................................................................................................................................................................................................................................................................................................................................................................................................................................................................................................................................................................................................................................................................................................................................................................................................................................................................................................................................................................................................................................................................................................................................................................................................................................................................................................................................................................................................................................................................................................................................................................................................................................................................................................................................................................................................................................................................................................................................................................................................................................................................................................................................................................................................................................................................................................................................................................................................................................................................................................................................................................................................................................................................................................................................................................................................................................................................................................................................................................................................................................................................................................................................................................................................................................................................................................................................................................................................................................................................................................................................................................................................................................................................................................................................................................................................................................................................................................................................................................................................................................................................................................................................................................................................................................................................................................................................................................................................................................................................................................................................................................................................................................................................................................................................................................................................................................................................................................................................................................................................................................................................................................................................................................................................................................................................................................................................................................................................................................................................................................................................................................................................................................................................................................................................................................................................................................................................................................................................................................................................................................................................................................................................................................................................................................................................................................................................................................................................................................................................................................................................................................................................................................................................................................................................................................................................................................................................................................................................................................................................................................................................................................................................................................................................................................................................................................................................................................................................................................................................................................................................................................................................................................................................................................................................................................................................................................................................................................................................................................................................................................................................................................................................................................................................................................................................................................................................................................................................................................................................................................................................................................................................................................................................................................................................................................................................................................................................................................................................................................................................................................................................................................................................................................................................................................................................................................................................................................................................................................................................................................................................................................................................................................................................................................................................................................................................................................................................................................................................................................................................................................................................................................................................................................................................................................................................................................................................................................................................................................................................................................................................................................................................................................................................................................................................................................................................................................................................................................................................................................................................................................................................................................................................................................................................................................................................................................................................................................................................................................................................................................................................................................................................................................................................................................................................................................................................................................................................................................................................................................................................................................................................................................................................................................................................................................................................................................................................................................................................................................................................................................................................................................................................................................................................................................................................................................................................................................................................................................................................................................................................................................................................................................................................................................................................................................................................................................................................................................................................5 ms. Memory: 208384K Free: 117351K (56%)
3 ms. Memory: 208384K Free: 117351K (56%)
2 ms. Memory: 208384K Free: 117351K (56%)
6 ms. Memory: 208384K Free: 114962K (55%)
2 ms. Memory: 208384K Free: 114962K (55%)
/home/travis/build/icyphy/ptII/ptolemy/actor/lib/test/IIR.tcl
/home/travis/build/icyphy/ptII/ptolemy/actor/lib/test/Interpolator.tcl
7 ms. Memory: 208384K Free: 109663K (53%)
4 ms. Memory: 208384K Free: 109663K (53%)
5 ms. Memory: 208384K Free: 109663K (53%)
2 ms. Memory: 208384K Free: 109663K (53%)
2 ms. Memory: 208384K Free: 107273K (51%)
3 ms. Memory: 208384K Free: 107273K (51%)
2 ms. Memory: 208384K Free: 107273K (51%)
3 ms. Memory: 208384K Free: 104883K (50%)
2 ms. Memory: 208384K Free: 104883K (50%)
3 ms. Memory: 208384K Free: 102494K (49%)
/home/travis/build/icyphy/ptII/ptolemy/actor/lib/test/MathFunction.tcl
4 ms. Memory: 208384K Free: 102494K (49%)
3 ms. Memory: 208384K Free: 100099K (48%)
2 ms. Memory: 208384K Free: 100099K (48%)
2 ms. Memory: 208384K Free: 97709K (47%)
4 ms. Memory: 208384K Free: 97709K (47%)
6 ms. Memory: 208384K Free: 95319K (46%)
/home/travis/build/icyphy/ptII/ptolemy/actor/lib/test/Maximum.tcl
5 ms. Memory: 208384K Free: 92930K (45%)
6 ms. Memory: 208384K Free: 92930K (45%)
5 ms. Memory: 208384K Free: 92930K (45%)
2 ms. Memory: 208384K Free: 90540K (43%)
/home/travis/build/icyphy/ptII/ptolemy/actor/lib/test/Minimum.tcl
7 ms. Memory: 208384K Free: 90540K (43%)
4 ms. Memory: 208384K Free: 88150K (42%)
2 ms. Memory: 208384K Free: 88150K (42%)
2 ms. Memory: 208384K Free: 88150K (42%)
/home/travis/build/icyphy/ptII/ptolemy/actor/lib/test/MultiplyDivide.tcl
10 ms. Memory: 208384K Free: 85760K (41%)
10 ms. Memory: 208384K Free: 85760K (41%)
2 ms. Memory: 208384K Free: 83370K (40%)
3 ms. Memory: 208384K Free: 83370K (40%)
3 ms. Memory: 208384K Free: 83370K (40%)
/home/travis/build/icyphy/ptII/ptolemy/actor/lib/test/OrderedMerge.tcl
Connections changed on port: inputA
Connections changed on port: inputB
Connections changed on port: output
Connections changed on port: output
Connections changed on port: output
Connections changed on port: input
.top. Preinitializing ...
Invoking preinitialize():  .top.OrderedMerge
Called preinitialize()
Invoking preinitialize():  .top.Ramp
Called preinitialize()
Invoking preinitialize():  .top.Ramp2
Called preinitialize()
Invoking preinitialize():  .top.Test
Called preinitialize()
Connections changed on port: inputA
Connections changed on port: output
Connections changed on port: inputB
Connections changed on port: output
Connections changed on port: output
Connections changed on port: input
.top. Finished preinitialize().
Called initialize().
Invoking initialize():  .top.OrderedMerge
Initializing actor: .top.OrderedMerge
Adding a thread: .top.OrderedMerge
Invoking initialize():  .top.Ramp
Initializing actor: .top.Ramp
Adding a thread: .top.Ramp
Invoking initialize():  .top.Ramp2
Initializing actor: .top.Ramp2
Adding a thread: .top.Ramp2
Invoking initialize():  .top.Test
Initializing actor: .top.Test
Adding a thread: .top.Test
-- Starting thread.
Called initialize()
Called prefire()
Called fire()
Called fire().
Checking for deadlock:
There are 1 Blocked actors, 0 Stopped actors, and 4 active threads.
Waiting for actors to stop.
-- Starting thread.
Called initialize()
-- Starting thread.
Called initialize()
Called prefire()
Called fire()
-- Starting thread.
Called initialize()
Called prefire()
Called prefire()
Called fire()
Called fire()
Checking for deadlock:
There are 2 Blocked actors, 0 Stopped actors, and 4 active threads.
Waiting for actors to stop.
Called postfire()
Called prefire()
Called fire()
Checking for deadlock:
There are 2 Blocked actors, 0 Stopped actors, and 4 active threads.
Waiting for actors to stop.
Called postfire()
Called prefire()
Called fire()
Read input token from inputA with value 0.0
Next port to read input from is inputB
Called postfire()
Called prefire()
Called fire()
Read input token from inputB with value 0.0
Sent output token with value 0.0
Next port to read input from is inputA
Called postfire()
Called prefire()
Called fire()
Checking for deadlock:
There are 1 Blocked actors, 0 Stopped actors, and 4 active threads.
Waiting for actors to stop.
-- Read input: 0.0, which is expected to match: 0.0
Called prefire()
Called fire()
Called postfire()
Called prefire()
Called fire()
Checking for deadlock:
There are 2 Blocked actors, 0 Stopped actors, and 4 active threads.
Waiting for actors to stop.
Read input token from inputA with value 1.0
Sent output token with value 0.0
Next port to read input from is inputB
Called postfire()
Called prefire()
Called fire()
Called postfire()
Called prefire()
Called fire()
Checking for deadlock:
There are 1 Blocked actors, 0 Stopped actors, and 4 active threads.
Waiting for actors to stop.
Called postfire()
Called prefire()
Called fire()
-- Read input: 0.0, which is expected to match: 0.0
Called prefire()
Called fire()
Checking for deadlock:
There are 3 Blocked actors, 0 Stopped actors, and 4 active threads.
Waiting for actors to stop.
Read input token from inputB with value 1.5
Sent output token with value 1.0
Next port to read input from is inputA
Called postfire()
Called prefire()
Called fire()
Read input token from inputA with value 2.0
Called postfire()
Called prefire()
Called fire()
Called postfire()
Called prefire()
Called fire()
Checking for deadlock:
There are 3 Blocked actors, 0 Stopped actors, and 4 active threads.
Waiting for actors to stop.
-- Read input: 1.0, which is expected to match: 1.0
Called prefire()
Called fire()
Sent output token with value 1.5
Next port to read input from is inputB
Called postfire()
Called prefire()
Called fire()
Read input token from inputB with value 3.0
Checking for deadlock:
There are 2 Blocked actors, 0 Stopped actors, and 4 active threads.
Waiting for actors to stop.
Called postfire()
Called prefire()
Called fire()
-- Read input: 1.5, which is expected to match: 1.5
Called prefire()
Called fire()
Checking for deadlock:
There are 3 Blocked actors, 0 Stopped actors, and 4 active threads.
Waiting for actors to stop.
Sent output token with value 2.0
Next port to read input from is inputA
Called postfire()
Called prefire()
Called fire()
Read input token from inputA with value 3.0
Called postfire()
Called prefire()
Called fire()
Checking for deadlock:
There are 3 Blocked actors, 0 Stopped actors, and 4 active threads.
Waiting for actors to stop.
-- Read input: 2.0, which is expected to match: 2.0
Called prefire()
Called fire()
Checking for deadlock:
There are 3 Blocked actors, 0 Stopped actors, and 4 active threads.
Waiting for actors to stop.
Sent output token with value 3.0
Next port to read input from is inputB
Called postfire()
Called prefire()
Called fire()
Read input token from inputB with value 4.5
Called postfire()
Called prefire()
Called fire()
Checking for deadlock:
There are 3 Blocked actors, 0 Stopped actors, and 4 active threads.
Waiting for actors to stop.
-- Read input: 3.0, which is expected to match: 3.0
Called prefire()
Called fire()
Checking for deadlock:
There are 3 Blocked actors, 0 Stopped actors, and 4 active threads.
Waiting for actors to stop.
Sent output token with value 3.0
Next port to read input from is inputA
Called postfire()
Called prefire()
Called fire()
Read input token from inputA with value 4.0
Checking for deadlock:
There are 2 Blocked actors, 0 Stopped actors, and 4 active threads.
Waiting for actors to stop.
Called postfire()
Called prefire()
Called fire()
-- Read input: 3.0, which is expected to match: 3.0
Called prefire()
Called fire()
Checking for deadlock:
There are 3 Blocked actors, 0 Stopped actors, and 4 active threads.
Waiting for actors to stop.
Sent output token with value 4.0
Next port to read input from is inputA
Called postfire()
Called prefire()
Called fire()
Read input token from inputA with value 5.0
Called postfire()
Called prefire()
Called fire()
Checking for deadlock:
There are 3 Blocked actors, 0 Stopped actors, and 4 active threads.
Waiting for actors to stop.
-- Read input: 4.0, which is expected to match: 4.0
Called prefire()
Called fire()
Past the end of training data. Read and discard all inputs.
Checking for deadlock:
There are 3 Blocked actors, 0 Stopped actors, and 4 active threads.
Waiting for actors to stop.
Sent output token with value 4.5
Next port to read input from is inputB
Called postfire()
Called prefire()
Checking for deadlock:
There are 2 Blocked actors, 0 Stopped actors, and 4 active threads.
Waiting for actors to stop.
Called prefire()
Called fire()
Past the end of training data. Read and discard all inputs.
Checking for deadlock:
There are 3 Blocked actors, 0 Stopped actors, and 4 active threads.
Waiting for actors to stop.
Called fire()
Read input token from inputB with value 6.0
Sent output token with value 5.0
Next port to read input from is inputA
Called postfire()
Called prefire()
Called fire()
Read input token from inputA with value 6.0
Called postfire()
Called prefire()
Called fire()
Called postfire()
Called prefire()
Called fire()
Checking for deadlock:
There are 3 Blocked actors, 0 Stopped actors, and 4 active threads.
Waiting for actors to stop.
Called prefire()
Called fire()
Past the end of training data. Read and discard all inputs.
Checking for deadlock:
There are 3 Blocked actors, 0 Stopped actors, and 4 active threads.
Waiting for actors to stop.
Sent output token with value 6.0
Next port to read input from is inputB
Called postfire()
Called prefire()
Called fire()
Read input token from inputB with value 7.5
Called postfire()
Called prefire()
Called fire()
Checking for deadlock:
There are 3 Blocked actors, 0 Stopped actors, and 4 active threads.
Waiting for actors to stop.
Called prefire()
Called fire()
Past the end of training data. Read and discard all inputs.
Checking for deadlock:
There are 3 Blocked actors, 0 Stopped actors, and 4 active threads.
Waiting for actors to stop.
Checking for deadlock:
There are 2 Blocked actors, 0 Stopped actors, and 4 active threads.
Waiting for actors to stop.
Called prefire()
Called fire()
Past the end of training data. Read and discard all inputs.
Checking for deadlock:
There are 3 Blocked actors, 0 Stopped actors, and 4 active threads.
Waiting for actors to stop.
Sent output token with value 6.0
Next port to read input from is inputA
Called postfire()
Called prefire()
Called fire()
Checking for deadlock:
There are 2 Blocked actors, 0 Stopped actors, and 4 active threads.
Waiting for actors to stop.
Called postfire()
Called prefire()
Called fire()
Checking for deadlock:
There are 3 Blocked actors, 0 Stopped actors, and 4 active threads.
Waiting for actors to stop.
Read input token from inputA with value 7.0
Checking for deadlock:
There are 2 Blocked actors, 0 Stopped actors, and 4 active threads.
Waiting for actors to stop.
Called prefire()
Called fire()
Past the end of training data. Read and discard all inputs.
Checking for deadlock:
There are 3 Blocked actors, 0 Stopped actors, and 4 active threads.
Waiting for actors to stop.
Sent output token with value 7.0
Next port to read input from is inputA
Called postfire()
Called prefire()
Called fire()
Checking for deadlock:
There are 2 Blocked actors, 0 Stopped actors, and 4 active threads.
Waiting for actors to stop.
-- Thread wrapup() called.
Called wrapup()
Thread .top.Ramp is exiting.
-- Thread stopped.
Checking for deadlock:
There are 2 Blocked actors, 0 Stopped actors, and 3 active threads.
Waiting for actors to stop.
Read input token from inputA with value 8.0
Checking for deadlock:
There are 1 Blocked actors, 0 Stopped actors, and 3 active threads.
Waiting for actors to stop.
Called prefire()
Called fire()
Past the end of training data. Read and discard all inputs.
Checking for deadlock:
There are 2 Blocked actors, 0 Stopped actors, and 3 active threads.
Waiting for actors to stop.
Sent output token with value 7.5
Next port to read input from is inputB
Called postfire()
Called prefire()
Called fire()
Called postfire()
Called prefire()
Called fire()
Checking for deadlock:
There are 2 Blocked actors, 0 Stopped actors, and 3 active threads.
Waiting for actors to stop.
Read input token from inputB with value 9.0
Called prefire()
Called fire()
Past the end of training data. Read and discard all inputs.
Checking for deadlock:
There are 2 Blocked actors, 0 Stopped actors, and 3 active threads.
Waiting for actors to stop.
Sent output token with value 8.0
Next port to read input from is inputA
Called postfire()
Called prefire()
Called fire()
Read input token from inputA with value 9.0
Checking for deadlock:
There are 1 Blocked actors, 0 Stopped actors, and 3 active threads.
Waiting for actors to stop.
Called prefire()
Called fire()
Past the end of training data. Read and discard all inputs.
Checking for deadlock:
There are 2 Blocked actors, 0 Stopped actors, and 3 active threads.
Waiting for actors to stop.
Sent output token with value 9.0
Next port to read input from is inputB
Called postfire()
Called prefire()
Called fire()
Called postfire()
Called prefire()
Called fire()
Checking for deadlock:
There are 2 Blocked actors, 0 Stopped actors, and 3 active threads.
Waiting for actors to stop.
Read input token from inputB with value 10.5
Called prefire()
Called fire()
Past the end of training data. Read and discard all inputs.
Checking for deadlock:
There are 2 Blocked actors, 0 Stopped actors, and 3 active threads.
Waiting for actors to stop.
Sent output token with value 9.0
Next port to read input from is inputA
Called postfire()
Called prefire()
Called fire()
Checking for deadlock:
There are 3 Blocked actors, 0 Stopped actors, and 3 active threads.
Actors have stopped.
Checking for deadlock:
There are 3 Blocked actors, 0 Stopped actors, and 3 active threads.
Deadlock detected.
Resolving Deadlock
Checking for deadlock:
There are 3 Blocked actors, 0 Stopped actors, and 3 active threads.
Artificial Deadlock - increasing queue capacity.
increasing the capacity of receiver ptolemy.actor.TypedIOPort {.top.OrderedMerge.inputB} to 2
Director: Called postfire().
Called postfire().
_stopRequested = false
_stopFireRequested = false
Returning from postfire(): true
Called fire().
Checking for deadlock:
There are 2 Blocked actors, 0 Stopped actors, and 3 active threads.
Waiting for actors to stop.
-- Thread wrapup() called.
Called wrapup()
Thread .top.Ramp2 is exiting.
-- Thread stopped.
Checking for deadlock:
There are 2 Blocked actors, 0 Stopped actors, and 2 active threads.
Actors have stopped.
Checking for deadlock:
There are 2 Blocked actors, 0 Stopped actors, and 2 active threads.
Deadlock detected.
Resolving Deadlock
Checking for deadlock:
There are 2 Blocked actors, 0 Stopped actors, and 2 active threads.
Deadlock detected: no processes blocked on write, but some are blocked on read.
Called postfire().
_stopRequested = false
_stopFireRequested = false
Returning from postfire(): false
Finished deactivating branches.
Called wrapup().
-- Thread wrapup() called.
Called wrapup()
Thread .top.OrderedMerge is exiting.
-- Thread wrapup() called.
Called wrapup()
Thread .top.Test is exiting.
-- Thread stopped.
-- Blocked Receiver call threw TerminateProcessException.
48 ms. Memory: 208384K Free: 195816K (94%)
-- Thread stopped.
-- Blocked Receiver call threw TerminateProcessException.
.top. Preinitializing ...
Invoking preinitialize():  .top.OrderedMerge
Called preinitialize()
Invoking preinitialize():  .top.Ramp
Called preinitialize()
Invoking preinitialize():  .top.Ramp2
Called preinitialize()
Invoking preinitialize():  .top.Test
Called preinitialize()
.top. Finished preinitialize().
Called initialize().
Invoking initialize():  .top.OrderedMerge
Initializing actor: .top.OrderedMerge
Adding a thread: .top.OrderedMerge
Invoking initialize():  .top.Ramp
Initializing actor: .top.Ramp
Adding a thread: .top.Ramp
Invoking initialize():  .top.Ramp2
Initializing actor: .top.Ramp2
Adding a thread: .top.Ramp2
Invoking initialize():  .top.Test
Initializing actor: .top.Test
Adding a thread: .top.Test
-- Starting thread.
Called initialize()
Called prefire()
Called fire()
-- Starting thread.
Called initialize()
Called prefire()
Called fire()
Called postfire()
Called prefire()
Called fire()
-- Starting thread.
Called initialize()
Called prefire()
Called fire()
Called postfire()
Called prefire()
Called fire()
Called fire().
Checking for deadlock:
There are 3 Blocked actors, 0 Stopped actors, and 4 active threads.
Waiting for actors to stop.
-- Starting thread.
Called initialize()
Called prefire()
Called fire()
Checking for deadlock:
There are 2 Blocked actors, 0 Stopped actors, and 4 active threads.
Waiting for actors to stop.
Called postfire()
Called prefire()
Called fire()
Checking for deadlock:
There are 3 Blocked actors, 0 Stopped actors, and 4 active threads.
Waiting for actors to stop.
Read input token from inputA with value 0.0
Next port to read input from is inputB
Called postfire()
Called prefire()
Called fire()
Checking for deadlock:
There are 2 Blocked actors, 0 Stopped actors, and 4 active threads.
Waiting for actors to stop.
Called postfire()
Called prefire()
Called fire()
Checking for deadlock:
There are 3 Blocked actors, 0 Stopped actors, and 4 active threads.
Waiting for actors to stop.
Read input token from inputB with value 0.0
Checking for deadlock:
There are 2 Blocked actors, 0 Stopped actors, and 4 active threads.
Waiting for actors to stop.
-- Read input: 0.0, which is expected to match: 0.0
Called prefire()
Called fire()
Checking for deadlock:
There are 3 Blocked actors, 0 Stopped actors, and 4 active threads.
Waiting for actors to stop.
Sent output token with value 0.0
Next port to read input from is inputA
Called postfire()
Called prefire()
Called fire()
Called postfire()
Called prefire()
Called fire()
Checking for deadlock:
There are 3 Blocked actors, 0 Stopped actors, and 4 active threads.
Waiting for actors to stop.
Read input token from inputA with value 1.0
-- Read input: 0.0, which is expected to match: 0.0
Called prefire()
Called fire()
Checking for deadlock:
There are 3 Blocked actors, 0 Stopped actors, and 4 active threads.
Waiting for actors to stop.
Sent output token with value 0.0
Next port to read input from is inputB
Called postfire()
Called prefire()
Called fire()
Checking for deadlock:
There are 2 Blocked actors, 0 Stopped actors, and 4 active threads.
Waiting for actors to stop.
Called postfire()
Called prefire()
Called fire()
Checking for deadlock:
There are 3 Blocked actors, 0 Stopped actors, and 4 active threads.
Waiting for actors to stop.
Read input token from inputB with value 1.5
Checking for deadlock:
There are 2 Blocked actors, 0 Stopped actors, and 4 active threads.
Waiting for actors to stop.
-- Read input: 1.0, which is expected to match: 1.0
Called prefire()
Called fire()
Checking for deadlock:
There are 3 Blocked actors, 0 Stopped actors, and 4 active threads.
Waiting for actors to stop.
Sent output token with value 1.0
Next port to read input from is inputA
Called postfire()
Called prefire()
Called fire()
Called postfire()
Called prefire()
Called fire()
Checking for deadlock:
There are 3 Blocked actors, 0 Stopped actors, and 4 active threads.
Waiting for actors to stop.
Read input token from inputA with value 2.0
-- Read input: 1.5, which is expected to match: 1.5
Called prefire()
Called fire()
Checking for deadlock:
There are 3 Blocked actors, 0 Stopped actors, and 4 active threads.
Waiting for actors to stop.
Sent output token with value 1.5
Next port to read input from is inputB
Called postfire()
Called prefire()
Called fire()
Checking for deadlock:
There are 2 Blocked actors, 0 Stopped actors, and 4 active threads.
Waiting for actors to stop.
Called postfire()
Called prefire()
Called fire()
Checking for deadlock:
There are 3 Blocked actors, 0 Stopped actors, and 4 active threads.
Waiting for actors to stop.
Read input token from inputB with value 3.0
Checking for deadlock:
There are 2 Blocked actors, 0 Stopped actors, and 4 active threads.
Waiting for actors to stop.
-- Read input: 2.0, which is expected to match: 2.0
Called prefire()
Called fire()
Checking for deadlock:
There are 3 Blocked actors, 0 Stopped actors, and 4 active threads.
Waiting for actors to stop.
Sent output token with value 2.0
Next port to read input from is inputA
Called postfire()
Called prefire()
Called fire()
Called postfire()
Called prefire()
Called fire()
Checking for deadlock:
There are 3 Blocked actors, 0 Stopped actors, and 4 active threads.
Waiting for actors to stop.
Read input token from inputA with value 3.0
-- Read input: 3.0, which is expected to match: 3.0
Called prefire()
Called fire()
Checking for deadlock:
There are 3 Blocked actors, 0 Stopped actors, and 4 active threads.
Waiting for actors to stop.
Sent output token with value 3.0
Next port to read input from is inputB
Called postfire()
Called prefire()
Called fire()
Checking for deadlock:
There are 2 Blocked actors, 0 Stopped actors, and 4 active threads.
Waiting for actors to stop.
Called postfire()
Called prefire()
Called fire()
Checking for deadlock:
There are 3 Blocked actors, 0 Stopped actors, and 4 active threads.
Waiting for actors to stop.
Read input token from inputB with value 4.5
Checking for deadlock:
There are 2 Blocked actors, 0 Stopped actors, and 4 active threads.
Waiting for actors to stop.
-- Read input: 3.0, which is expected to match: 3.0
Called prefire()
Called fire()
Checking for deadlock:
There are 3 Blocked actors, 0 Stopped actors, and 4 active threads.
Waiting for actors to stop.
Sent output token with value 3.0
Next port to read input from is inputA
Called postfire()
Called prefire()
Called fire()
Called postfire()
Called prefire()
Called fire()
Checking for deadlock:
There are 3 Blocked actors, 0 Stopped actors, and 4 active threads.
Waiting for actors to stop.
Read input token from inputA with value 4.0
-- Read input: 4.0, which is expected to match: 4.0
Called prefire()
Called fire()
Past the end of training data. Read and discard all inputs.
Checking for deadlock:
There are 3 Blocked actors, 0 Stopped actors, and 4 active threads.
Waiting for actors to stop.
Sent output token with value 4.0
Next port to read input from is inputA
Called postfire()
Called prefire()
Called fire()
Called postfire()
Called prefire()
Called fire()
Checking for deadlock:
There are 3 Blocked actors, 0 Stopped actors, and 4 active threads.
Waiting for actors to stop.
Read input token from inputA with value 5.0
Called prefire()
Called fire()
Past the end of training data. Read and discard all inputs.
Checking for deadlock:
There are 3 Blocked actors, 0 Stopped actors, and 4 active threads.
Waiting for actors to stop.
Sent output token with value 4.5
Next port to read input from is inputB
Called postfire()
Called prefire()
Called fire()
Checking for deadlock:
There are 2 Blocked actors, 0 Stopped actors, and 4 active threads.
Waiting for actors to stop.
Called postfire()
Called prefire()
Called fire()
Checking for deadlock:
There are 3 Blocked actors, 0 Stopped actors, and 4 active threads.
Waiting for actors to stop.
Read input token from inputB with value 6.0
Checking for deadlock:
There are 2 Blocked actors, 0 Stopped actors, and 4 active threads.
Waiting for actors to stop.
Called prefire()
Called fire()
Past the end of training data. Read and discard all inputs.
Checking for deadlock:
There are 3 Blocked actors, 0 Stopped actors, and 4 active threads.
Waiting for actors to stop.
Sent output token with value 5.0
Next port to read input from is inputA
Called postfire()
Called prefire()
Called fire()
Called postfire()
Called prefire()
Called fire()
Checking for deadlock:
There are 3 Blocked actors, 0 Stopped actors, and 4 active threads.
Waiting for actors to stop.
Read input token from inputA with value 6.0
Called prefire()
Called fire()
Past the end of training data. Read and discard all inputs.
Checking for deadlock:
There are 3 Blocked actors, 0 Stopped actors, and 4 active threads.
Waiting for actors to stop.
Sent output token with value 6.0
Next port to read input from is inputB
Called postfire()
Called prefire()
Called fire()
Checking for deadlock:
There are 2 Blocked actors, 0 Stopped actors, and 4 active threads.
Waiting for actors to stop.
Called postfire()
Called prefire()
Called fire()
Checking for deadlock:
There are 3 Blocked actors, 0 Stopped actors, and 4 active threads.
Waiting for actors to stop.
Read input token from inputB with value 7.5
Checking for deadlock:
There are 2 Blocked actors, 0 Stopped actors, and 4 active threads.
Waiting for actors to stop.
Called prefire()
Called fire()
Past the end of training data. Read and discard all inputs.
Checking for deadlock:
There are 3 Blocked actors, 0 Stopped actors, and 4 active threads.
Waiting for actors to stop.
Sent output token with value 6.0
Next port to read input from is inputA
Called postfire()
Called prefire()
Called fire()
Called postfire()
Called prefire()
Called fire()
Checking for deadlock:
There are 3 Blocked actors, 0 Stopped actors, and 4 active threads.
Waiting for actors to stop.
Read input token from inputA with value 7.0
Called prefire()
Called fire()
Past the end of training data. Read and discard all inputs.
Checking for deadlock:
There are 3 Blocked actors, 0 Stopped actors, and 4 active threads.
Waiting for actors to stop.
Sent output token with value 7.0
Next port to read input from is inputA
Called postfire()
Called prefire()
Called fire()
-- Thread wrapup() called.
Called wrapup()
Thread .top.Ramp is exiting.
-- Thread stopped.
Checking for deadlock:
There are 2 Blocked actors, 0 Stopped actors, and 3 active threads.
Waiting for actors to stop.
Read input token from inputA with value 8.0
Called prefire()
Called fire()
Past the end of training data. Read and discard all inputs.
Checking for deadlock:
There are 2 Blocked actors, 0 Stopped actors, and 3 active threads.
Waiting for actors to stop.
Sent output token with value 7.5
Next port to read input from is inputB
Called postfire()
Called prefire()
Called fire()
Checking for deadlock:
There are 1 Blocked actors, 0 Stopped actors, and 3 active threads.
Waiting for actors to stop.
Called postfire()
Called prefire()
Called fire()
Checking for deadlock:
There are 2 Blocked actors, 0 Stopped actors, and 3 active threads.
Waiting for actors to stop.
Read input token from inputB with value 9.0
Checking for deadlock:
There are 1 Blocked actors, 0 Stopped actors, and 3 active threads.
Waiting for actors to stop.
Called prefire()
Called fire()
Past the end of training data. Read and discard all inputs.
Checking for deadlock:
There are 2 Blocked actors, 0 Stopped actors, and 3 active threads.
Waiting for actors to stop.
Sent output token with value 8.0
Next port to read input from is inputA
Called postfire()
Called prefire()
Called fire()
Read input token from inputA with value 9.0
Checking for deadlock:
There are 1 Blocked actors, 0 Stopped actors, and 3 active threads.
Waiting for actors to stop.
Called prefire()
Called fire()
Past the end of training data. Read and discard all inputs.
Checking for deadlock:
There are 2 Blocked actors, 0 Stopped actors, and 3 active threads.
Waiting for actors to stop.
Sent output token with value 9.0
Next port to read input from is inputB
Called postfire()
Called prefire()
Called fire()
Checking for deadlock:
There are 1 Blocked actors, 0 Stopped actors, and 3 active threads.
Waiting for actors to stop.
Called postfire()
Called prefire()
Called fire()
Checking for deadlock:
There are 2 Blocked actors, 0 Stopped actors, and 3 active threads.
Waiting for actors to stop.
Read input token from inputB with value 10.5
Checking for deadlock:
There are 1 Blocked actors, 0 Stopped actors, and 3 active threads.
Waiting for actors to stop.
Called prefire()
Called fire()
Past the end of training data. Read and discard all inputs.
Checking for deadlock:
There are 2 Blocked actors, 0 Stopped actors, and 3 active threads.
Waiting for actors to stop.
Sent output token with value 9.0
Next port to read input from is inputA
Called postfire()
Called prefire()
Called fire()
Checking for deadlock:
There are 3 Blocked actors, 0 Stopped actors, and 3 active threads.
Actors have stopped.
Checking for deadlock:
There are 3 Blocked actors, 0 Stopped actors, and 3 active threads.
Deadlock detected.
Resolving Deadlock
Checking for deadlock:
There are 3 Blocked actors, 0 Stopped actors, and 3 active threads.
Artificial Deadlock - increasing queue capacity.
increasing the capacity of receiver ptolemy.actor.TypedIOPort {.top.OrderedMerge.inputB} to 2
Director: Called postfire().
Called postfire().
_stopRequested = false
_stopFireRequested = false
Returning from postfire(): true
Called fire().
Checking for deadlock:
There are 2 Blocked actors, 0 Stopped actors, and 3 active threads.
Waiting for actors to stop.
-- Thread wrapup() called.
Called wrapup()
Thread .top.Ramp2 is exiting.
-- Thread stopped.
Checking for deadlock:
There are 2 Blocked actors, 0 Stopped actors, and 2 active threads.
Actors have stopped.
Checking for deadlock:
There are 2 Blocked actors, 0 Stopped actors, and 2 active threads.
Deadlock detected.
Resolving Deadlock
Checking for deadlock:
There are 2 Blocked actors, 0 Stopped actors, and 2 active threads.
Deadlock detected: no processes blocked on write, but some are blocked on read.
Called postfire().
_stopRequested = false
_stopFireRequested = false
Returning from postfire(): false
Finished deactivating branches.
Called wrapup().
-- Thread wrapup() called.
Called wrapup()
Thread .top.Test is exiting.
-- Thread stopped.
-- Blocked Receiver call threw TerminateProcessException.
-- Thread wrapup() called.
Called wrapup()
Thread .top.OrderedMerge is exiting.
11 ms. Memory: 208384K Free: 190564K (91%)
/home/travis/build/icyphy/ptII/ptolemy/actor/lib/test/Publisher.tcl
-- Thread stopped.
-- Blocked Receiver call threw TerminateProcessException.
6 ms. Memory: 208384K Free: 185785K (89%)
10 ms. Memory: 208384K Free: 178616K (86%)
5 ms. Memory: 208384K Free: 176226K (85%)
5 ms. Memory: 208384K Free: 173837K (83%)
5 ms. Memory: 208384K Free: 173837K (83%)
8 ms. Memory: 208384K Free: 173837K (83%)
3 ms. Memory: 208384K Free: 171447K (82%)
4 ms. Memory: 208384K Free: 171447K (82%)
1 ms. Memory: 208384K Free: 161881K (78%)
5 ms. Memory: 208384K Free: 157102K (75%)
2 ms. Memory: 208384K Free: 157102K (75%)
1 ms. Memory: 208384K Free: 154713K (74%)
5 ms. Memory: 208384K Free: 147544K (71%)
12 ms. Memory: 208384K Free: 137986K (66%)
5 ms. Memory: 208384K Free: 126038K (60%)
/home/travis/build/icyphy/ptII/ptolemy/actor/lib/test/Pulse.tcl
3 ms. Memory: 208384K Free: 85383K (41%)
1 ms. Memory: 208384K Free: 85383K (41%)
6 ms. Memory: 208384K Free: 82993K (40%)
1 ms. Memory: 208384K Free: 82993K (40%)
2 ms. Memory: 208384K Free: 82993K (40%)
2 ms. Memory: 208384K Free: 82993K (40%)
8 ms. Memory: 208384K Free: 80604K (39%)
1 ms. Memory: 208384K Free: 80604K (39%)
1 ms. Memory: 208384K Free: 80604K (39%)
/home/travis/build/icyphy/ptII/ptolemy/actor/lib/test/Ramp.tcl
21 ms. Memory: 331264K Free: 319042K (96%)
6 ms. Memory: 331264K Free: 319042K (96%)
1 ms. Memory: 331264K Free: 319042K (96%)
1 ms. Memory: 331264K Free: 319042K (96%)
8 ms. Memory: 331264K Free: 319042K (96%)
7 ms. Memory: 331264K Free: 318605K (96%)
7 ms. Memory: 331264K Free: 313892K (95%)
5 actors
6000 microseconds per iteration to create
10 ms. Memory: 331264K Free: 313892K (95%)
2 ms. Memory: 331264K Free: 313892K (95%)
4 ms. Memory: 331264K Free: 309167K (93%)
9 ms. Memory: 331264K Free: 309167K (93%)
50 actors
39000 microseconds per iteration to create
42 ms. Memory: 331264K Free: 294999K (89%)
11 ms. Memory: 331264K Free: 294999K (89%)
5 ms. Memory: 331264K Free: 294999K (89%)
18 ms. Memory: 331264K Free: 290290K (88%)
500 actors
1255000 microseconds per iteration to create
198 ms. Memory: 331264K Free: 125242K (38%)
38 ms. Memory: 331264K Free: 120532K (36%)
38 ms. Memory: 331264K Free: 111114K (34%)
39 ms. Memory: 331264K Free: 106405K (32%)
/home/travis/build/icyphy/ptII/ptolemy/actor/lib/test/RampContinuous.tcl
6 ms. Memory: 331264K Free: 106405K (32%)
/home/travis/build/icyphy/ptII/ptolemy/actor/lib/test/RecordAssembler.tcl
7 ms. Memory: 331264K Free: 106405K (32%)
4 ms. Memory: 331264K Free: 101679K (31%)
/home/travis/build/icyphy/ptII/ptolemy/actor/lib/test/RecordDisassembler.tcl
7 ms. Memory: 331264K Free: 101679K (31%)
3 ms. Memory: 331264K Free: 101679K (31%)
3 ms. Memory: 331264K Free: 101679K (31%)
/home/travis/build/icyphy/ptII/ptolemy/actor/lib/test/Scale.tcl
3 ms. Memory: 331264K Free: 96970K (29%)
2 ms. Memory: 331264K Free: 96970K (29%)
2 ms. Memory: 331264K Free: 96970K (29%)
2 ms. Memory: 331264K Free: 96970K (29%)
3 ms. Memory: 331264K Free: 92253K (28%)
/home/travis/build/icyphy/ptII/ptolemy/actor/lib/test/SequentialClock.tcl
preinitializing
resolving types
initializing
executing number 1
wrapping up
idle
3 ms. Memory: 331264K Free: 92253K (28%)
Completed execution with 5 iterations
preinitializing
resolving types
initializing
executing number 1
wrapping up
idle
1 ms. Memory: 331264K Free: 92253K (28%)
Completed execution with 5 iterations
preinitializing
resolving types
initializing
executing number 1
wrapping up
idle
1 ms. Memory: 331264K Free: 92253K (28%)
Completed execution with 5 iterations
/home/travis/build/icyphy/ptII/ptolemy/actor/lib/test/SetVariable.tcl
4 ms. Memory: 331264K Free: 92253K (28%)
/home/travis/build/icyphy/ptII/ptolemy/actor/lib/test/Sinewave.tcl
/home/travis/build/icyphy/ptII/ptolemy/actor/lib/test/SubscriptionAggregator.tcl
8 ms. Memory: 331264K Free: 79031K (24%)
51 ms. Memory: 332288K Free: 314551K (95%)
1 ms. Memory: 332288K Free: 314551K (95%)
0 ms. Memory: 332288K Free: 314267K (95%)
1 ms. Memory: 332288K Free: 309489K (93%)
3 ms. Memory: 332288K Free: 309489K (93%)
...............................................................949 ms. Memory: 576000K Free: 191704K (33%)
/home/travis/build/icyphy/ptII/ptolemy/actor/lib/test/Test.tcl
 The next command will produce a warning about training mode,
   which may be ignored.
4 ms. Memory: 576000K Free: 191704K (33%)
2 ms. Memory: 576000K Free: 191704K (33%)
1 ms. Memory: 576000K Free: 191704K (33%)
1 ms. Memory: 576000K Free: 191704K (33%)
1 ms. Memory: 576000K Free: 191704K (33%)
2 ms. Memory: 576000K Free: 191704K (33%)
3 ms. Memory: 576000K Free: 191704K (33%)
 The next command will produce a warning about training mode,
   which may be ignored.
3 ms. Memory: 576000K Free: 182154K (32%)
 The next command will produce a warning about training mode,
   which may be ignored.
8 ms. Memory: 576000K Free: 182154K (32%)
8 ms. Memory: 576000K Free: 182154K (32%)
1 ms. Memory: 576000K Free: 182154K (32%)
2 ms. Memory: 576000K Free: 182154K (32%)
3 ms. Memory: 576000K Free: 182154K (32%)
4 ms. Memory: 576000K Free: 172605K (30%)
/home/travis/build/icyphy/ptII/ptolemy/actor/lib/test/TestExceptionHandler.tcl
 The next command will produce a warning about training mode,
   which may be ignored.
2 ms. Memory: 576000K Free: 172605K (30%)
1 ms. Memory: 576000K Free: 172605K (30%)
1 ms. Memory: 576000K Free: 172605K (30%)
/home/travis/build/icyphy/ptII/ptolemy/actor/lib/test/UnionDisassembler.tcl
23 ms. Memory: 576000K Free: 163054K (28%)
/home/travis/build/icyphy/ptII/ptolemy/actor/lib/test/VariableClock.tcl
preinitializing
resolving types
initializing
executing number 1
wrapping up
idle
2 ms. Memory: 576000K Free: 163054K (28%)
Completed execution with 11 iterations
preinitializing
resolving types
initializing
executing number 1
wrapping up
idle
8 ms. Memory: 576000K Free: 163054K (28%)
Completed execution with 10 iterations
03/31/19 03:51:30
Failed: 0  Total Tests: 234  ((Passed: 234, Newly Passed: 0)  Known Failed: 0) /home/travis/build/icyphy/ptII/ptolemy/actor/lib/test
----------------- testing (KnownFailure) /home/travis/build/icyphy/ptII/ptolemy/actor/lib/test/auto/knownFailedTests/PublisherPortToplevelSubscriber.xml
1 ms. Memory: 576000K Free: 153337K (27%)
Known Failure: java.lang.reflect.InvocationTargetException
----------------- testing (KnownFailure) /home/travis/build/icyphy/ptII/ptolemy/actor/lib/test/auto/knownFailedTests/PublisherSubscriberPortToplevel.xml
1 ms. Memory: 576000K Free: 133901K (23%)
Known Failure: java.lang.reflect.InvocationTargetException
----------------- testing (KnownFailure) /home/travis/build/icyphy/ptII/ptolemy/actor/lib/test/auto/knownFailedTests/PublisherSubscriptionAggregatorPort.xml
2 ms. Memory: 576000K Free: 114465K (20%)
Known Failure: java.lang.reflect.InvocationTargetException
----------------- testing (KnownFailure) /home/travis/build/icyphy/ptII/ptolemy/actor/lib/test/auto/knownFailedTests/sizedarray3.xml
4 ms. Memory: 576000K Free: 95029K (16%)
Known Failure: java.lang.reflect.InvocationTargetException
No auto/linux-amd64/*.xml tests in /home/travis/build/icyphy/ptII/ptolemy/actor/lib/test
AutoTests.java: About to close Vertx.
AutoTests.java: Vertx closed.

===========================================================================================
----------------- testing Sun Mar 31 03:51:30 UTC 2019 /home/travis/build/icyphy/ptII/ptolemy/actor/lib/test/auto/AbsoluteValue.xml
----------------- Instantiating /home/travis/build/icyphy/ptII/ptolemy/actor/lib/test/auto/AbsoluteValue.xml
4 ms. Memory: 579584K Free: 488591K (84%)
----------------- Invoking toplevel() on ptolemy.moml.MoMLSimpleApplication@3acea7cc
----------------- Done invoking toplevel() on ptolemy.moml.MoMLSimpleApplication@3acea7cc
reloadAllAccessors: .AbsoluteValue

===========================================================================================
----------------- testing Sun Mar 31 03:51:30 UTC 2019 /home/travis/build/icyphy/ptII/ptolemy/actor/lib/test/auto/AbsoluteValue2.xml
----------------- Instantiating /home/travis/build/icyphy/ptII/ptolemy/actor/lib/test/auto/AbsoluteValue2.xml
6 ms. Memory: 579584K Free: 473998K (82%)
----------------- Invoking toplevel() on ptolemy.moml.MoMLSimpleApplication@2062e324
----------------- Done invoking toplevel() on ptolemy.moml.MoMLSimpleApplication@2062e324
reloadAllAccessors: .AbsoluteValue2

===========================================================================================
----------------- testing Sun Mar 31 03:51:31 UTC 2019 /home/travis/build/icyphy/ptII/ptolemy/actor/lib/test/auto/Accumulator.xml
----------------- Instantiating /home/travis/build/icyphy/ptII/ptolemy/actor/lib/test/auto/Accumulator.xml
11 ms. Memory: 579584K Free: 455253K (79%)
----------------- Invoking toplevel() on ptolemy.moml.MoMLSimpleApplication@3230817d
----------------- Done invoking toplevel() on ptolemy.moml.MoMLSimpleApplication@3230817d
reloadAllAccessors: .Accumulator

===========================================================================================
----------------- testing Sun Mar 31 03:51:31 UTC 2019 /home/travis/build/icyphy/ptII/ptolemy/actor/lib/test/auto/Accumulator2.xml
----------------- Instantiating /home/travis/build/icyphy/ptII/ptolemy/actor/lib/test/auto/Accumulator2.xml
5 ms. Memory: 579584K Free: 445536K (77%)
----------------- Invoking toplevel() on ptolemy.moml.MoMLSimpleApplication@26e9311b
----------------- Done invoking toplevel() on ptolemy.moml.MoMLSimpleApplication@26e9311b
reloadAllAccessors: .Accumulator2

===========================================================================================
----------------- testing Sun Mar 31 03:51:31 UTC 2019 /home/travis/build/icyphy/ptII/ptolemy/actor/lib/test/auto/Accumulator3.xml
----------------- Instantiating /home/travis/build/icyphy/ptII/ptolemy/actor/lib/test/auto/Accumulator3.xml
13 ms. Memory: 579584K Free: 435818K (75%)
----------------- Invoking toplevel() on ptolemy.moml.MoMLSimpleApplication@651d1f43
----------------- Done invoking toplevel() on ptolemy.moml.MoMLSimpleApplication@651d1f43
reloadAllAccessors: .Accumulator3

===========================================================================================
----------------- testing Sun Mar 31 03:51:31 UTC 2019 /home/travis/build/icyphy/ptII/ptolemy/actor/lib/test/auto/ArrayAppend.xml
----------------- Instantiating /home/travis/build/icyphy/ptII/ptolemy/actor/lib/test/auto/ArrayAppend.xml
9 ms. Memory: 579584K Free: 426100K (74%)
----------------- Invoking toplevel() on ptolemy.moml.MoMLSimpleApplication@62302430
----------------- Done invoking toplevel() on ptolemy.moml.MoMLSimpleApplication@62302430
reloadAllAccessors: .ArrayAppend

===========================================================================================
----------------- testing Sun Mar 31 03:51:31 UTC 2019 /home/travis/build/icyphy/ptII/ptolemy/actor/lib/test/auto/ArrayAppend2.xml
----------------- Instantiating /home/travis/build/icyphy/ptII/ptolemy/actor/lib/test/auto/ArrayAppend2.xml
376 ms. Memory: 579584K Free: 344189K (59%)
----------------- Invoking toplevel() on ptolemy.moml.MoMLSimpleApplication@75149e03
----------------- Done invoking toplevel() on ptolemy.moml.MoMLSimpleApplication@75149e03
reloadAllAccessors: .ArrayAppend2

===========================================================================================
----------------- testing Sun Mar 31 03:51:31 UTC 2019 /home/travis/build/icyphy/ptII/ptolemy/actor/lib/test/auto/ArrayAppend3.xml
----------------- Instantiating /home/travis/build/icyphy/ptII/ptolemy/actor/lib/test/auto/ArrayAppend3.xml
9 ms. Memory: 579584K Free: 334472K (58%)
----------------- Invoking toplevel() on ptolemy.moml.MoMLSimpleApplication@2bba2bcb
----------------- Done invoking toplevel() on ptolemy.moml.MoMLSimpleApplication@2bba2bcb
reloadAllAccessors: .ArrayAppend3

===========================================================================================
----------------- testing Sun Mar 31 03:51:31 UTC 2019 /home/travis/build/icyphy/ptII/ptolemy/actor/lib/test/auto/ArrayAppend4.xml
----------------- Instantiating /home/travis/build/icyphy/ptII/ptolemy/actor/lib/test/auto/ArrayAppend4.xml
9 ms. Memory: 579584K Free: 324754K (56%)
----------------- Invoking toplevel() on ptolemy.moml.MoMLSimpleApplication@a478e27
----------------- Done invoking toplevel() on ptolemy.moml.MoMLSimpleApplication@a478e27
reloadAllAccessors: .ArrayAppend4

===========================================================================================
----------------- testing Sun Mar 31 03:51:31 UTC 2019 /home/travis/build/icyphy/ptII/ptolemy/actor/lib/test/auto/ArrayAppend5.xml
----------------- Instantiating /home/travis/build/icyphy/ptII/ptolemy/actor/lib/test/auto/ArrayAppend5.xml
2 ms. Memory: 579584K Free: 315036K (54%)
----------------- Invoking toplevel() on ptolemy.moml.MoMLSimpleApplication@308b4c8
----------------- Done invoking toplevel() on ptolemy.moml.MoMLSimpleApplication@308b4c8
reloadAllAccessors: .ArrayAppend5

===========================================================================================
----------------- testing Sun Mar 31 03:51:31 UTC 2019 /home/travis/build/icyphy/ptII/ptolemy/actor/lib/test/auto/ArrayAppend6.xml
----------------- Instantiating /home/travis/build/icyphy/ptII/ptolemy/actor/lib/test/auto/ArrayAppend6.xml
4 ms. Memory: 579584K Free: 296291K (51%)
----------------- Invoking toplevel() on ptolemy.moml.MoMLSimpleApplication@182eda6d
----------------- Done invoking toplevel() on ptolemy.moml.MoMLSimpleApplication@182eda6d
reloadAllAccessors: .ArrayAppend6

===========================================================================================
----------------- testing Sun Mar 31 03:51:31 UTC 2019 /home/travis/build/icyphy/ptII/ptolemy/actor/lib/test/auto/ArrayAppendPerformanceTest.xml
----------------- Instantiating /home/travis/build/icyphy/ptII/ptolemy/actor/lib/test/auto/ArrayAppendPerformanceTest.xml
19 ms. Memory: 579584K Free: 281699K (49%)
----------------- Invoking toplevel() on ptolemy.moml.MoMLSimpleApplication@82e91c
----------------- Done invoking toplevel() on ptolemy.moml.MoMLSimpleApplication@82e91c
reloadAllAccessors: .ArrayAppendPerformanceTest

===========================================================================================
----------------- testing Sun Mar 31 03:51:31 UTC 2019 /home/travis/build/icyphy/ptII/ptolemy/actor/lib/test/auto/ArrayAppendWithEmptyInput.xml
----------------- Instantiating /home/travis/build/icyphy/ptII/ptolemy/actor/lib/test/auto/ArrayAppendWithEmptyInput.xml
22 ms. Memory: 579584K Free: 267106K (46%)
----------------- Invoking toplevel() on ptolemy.moml.MoMLSimpleApplication@4a5cdf1d
----------------- Done invoking toplevel() on ptolemy.moml.MoMLSimpleApplication@4a5cdf1d
reloadAllAccessors: .ArrayAppendWithEmptyInput

===========================================================================================
----------------- testing Sun Mar 31 03:51:31 UTC 2019 /home/travis/build/icyphy/ptII/ptolemy/actor/lib/test/auto/ArrayAverage.xml
----------------- Instantiating /home/travis/build/icyphy/ptII/ptolemy/actor/lib/test/auto/ArrayAverage.xml
12 ms. Memory: 579584K Free: 252513K (44%)
----------------- Invoking toplevel() on ptolemy.moml.MoMLSimpleApplication@1d79f4ef
----------------- Done invoking toplevel() on ptolemy.moml.MoMLSimpleApplication@1d79f4ef
reloadAllAccessors: .ArrayAverage

===========================================================================================
----------------- testing Sun Mar 31 03:51:31 UTC 2019 /home/travis/build/icyphy/ptII/ptolemy/actor/lib/test/auto/ArrayContains.xml
----------------- Instantiating /home/travis/build/icyphy/ptII/ptolemy/actor/lib/test/auto/ArrayContains.xml
3 ms. Memory: 579584K Free: 233769K (40%)
----------------- Invoking toplevel() on ptolemy.moml.MoMLSimpleApplication@d815542
----------------- Done invoking toplevel() on ptolemy.moml.MoMLSimpleApplication@d815542
reloadAllAccessors: .ArrayContains

===========================================================================================
----------------- testing Sun Mar 31 03:51:32 UTC 2019 /home/travis/build/icyphy/ptII/ptolemy/actor/lib/test/auto/ArrayElement.xml
----------------- Instantiating /home/travis/build/icyphy/ptII/ptolemy/actor/lib/test/auto/ArrayElement.xml
2 ms. Memory: 579584K Free: 224051K (39%)
----------------- Invoking toplevel() on ptolemy.moml.MoMLSimpleApplication@7f1e9c13
----------------- Done invoking toplevel() on ptolemy.moml.MoMLSimpleApplication@7f1e9c13
reloadAllAccessors: .ArrayElement

===========================================================================================
----------------- testing Sun Mar 31 03:51:32 UTC 2019 /home/travis/build/icyphy/ptII/ptolemy/actor/lib/test/auto/ArrayElementAsMatrix.xml
----------------- Instantiating /home/travis/build/icyphy/ptII/ptolemy/actor/lib/test/auto/ArrayElementAsMatrix.xml
21 ms. Memory: 579584K Free: 209474K (36%)
----------------- Invoking toplevel() on ptolemy.moml.MoMLSimpleApplication@68797ad7
----------------- Done invoking toplevel() on ptolemy.moml.MoMLSimpleApplication@68797ad7
reloadAllAccessors: .ArrayElementAsMatrix

===========================================================================================
----------------- testing Sun Mar 31 03:51:32 UTC 2019 /home/travis/build/icyphy/ptII/ptolemy/actor/lib/test/auto/ArrayElementI.xml
----------------- Instantiating /home/travis/build/icyphy/ptII/ptolemy/actor/lib/test/auto/ArrayElementI.xml
4 ms. Memory: 579584K Free: 199757K (34%)
----------------- Invoking toplevel() on ptolemy.moml.MoMLSimpleApplication@274a83c5
----------------- Done invoking toplevel() on ptolemy.moml.MoMLSimpleApplication@274a83c5
reloadAllAccessors: .ArrayElementI

===========================================================================================
----------------- testing Sun Mar 31 03:51:32 UTC 2019 /home/travis/build/icyphy/ptII/ptolemy/actor/lib/test/auto/ArrayExtract.xml
----------------- Instantiating /home/travis/build/icyphy/ptII/ptolemy/actor/lib/test/auto/ArrayExtract.xml
4 ms. Memory: 579584K Free: 181012K (31%)
----------------- Invoking toplevel() on ptolemy.moml.MoMLSimpleApplication@c89399e
----------------- Done invoking toplevel() on ptolemy.moml.MoMLSimpleApplication@c89399e
reloadAllAccessors: .ArrayExtract

===========================================================================================
----------------- testing Sun Mar 31 03:51:32 UTC 2019 /home/travis/build/icyphy/ptII/ptolemy/actor/lib/test/auto/ArrayExtract2.xml
----------------- Instantiating /home/travis/build/icyphy/ptII/ptolemy/actor/lib/test/auto/ArrayExtract2.xml
2 ms. Memory: 579584K Free: 171294K (30%)
----------------- Invoking toplevel() on ptolemy.moml.MoMLSimpleApplication@7f81cc96
----------------- Done invoking toplevel() on ptolemy.moml.MoMLSimpleApplication@7f81cc96
reloadAllAccessors: .ArrayExtract2

===========================================================================================
----------------- testing Sun Mar 31 03:51:32 UTC 2019 /home/travis/build/icyphy/ptII/ptolemy/actor/lib/test/auto/ArrayLength.xml
----------------- Instantiating /home/travis/build/icyphy/ptII/ptolemy/actor/lib/test/auto/ArrayLength.xml
1 ms. Memory: 579584K Free: 161576K (28%)
----------------- Invoking toplevel() on ptolemy.moml.MoMLSimpleApplication@63bc0926
----------------- Done invoking toplevel() on ptolemy.moml.MoMLSimpleApplication@63bc0926
reloadAllAccessors: .ArrayLength

===========================================================================================
----------------- testing Sun Mar 31 03:51:32 UTC 2019 /home/travis/build/icyphy/ptII/ptolemy/actor/lib/test/auto/ArrayLevelCrossing.xml
----------------- Instantiating /home/travis/build/icyphy/ptII/ptolemy/actor/lib/test/auto/ArrayLevelCrossing.xml
6 ms. Memory: 579584K Free: 146992K (25%)
----------------- Invoking toplevel() on ptolemy.moml.MoMLSimpleApplication@21f64d23
----------------- Done invoking toplevel() on ptolemy.moml.MoMLSimpleApplication@21f64d23
reloadAllAccessors: .ArrayLevelCrossing

===========================================================================================
----------------- testing Sun Mar 31 03:51:32 UTC 2019 /home/travis/build/icyphy/ptII/ptolemy/actor/lib/test/auto/ArrayLevelCrossing2.xml
----------------- Instantiating /home/travis/build/icyphy/ptII/ptolemy/actor/lib/test/auto/ArrayLevelCrossing2.xml
3 ms. Memory: 579584K Free: 128247K (22%)
----------------- Invoking toplevel() on ptolemy.moml.MoMLSimpleApplication@6fed73ef
----------------- Done invoking toplevel() on ptolemy.moml.MoMLSimpleApplication@6fed73ef
reloadAllAccessors: .ArrayLevelCrossing2

===========================================================================================
----------------- testing Sun Mar 31 03:51:32 UTC 2019 /home/travis/build/icyphy/ptII/ptolemy/actor/lib/test/auto/ArrayPeakSearch.xml
----------------- Instantiating /home/travis/build/icyphy/ptII/ptolemy/actor/lib/test/auto/ArrayPeakSearch.xml
7 ms. Memory: 579584K Free: 113662K (20%)
----------------- Invoking toplevel() on ptolemy.moml.MoMLSimpleApplication@705d9768
----------------- Done invoking toplevel() on ptolemy.moml.MoMLSimpleApplication@705d9768
reloadAllAccessors: .ArrayPeakSearch

===========================================================================================
----------------- testing Sun Mar 31 03:51:32 UTC 2019 /home/travis/build/icyphy/ptII/ptolemy/actor/lib/test/auto/ArrayPeakSearch2.xml
----------------- Instantiating /home/travis/build/icyphy/ptII/ptolemy/actor/lib/test/auto/ArrayPeakSearch2.xml
8 ms. Memory: 579584K Free: 99077K (17%)
----------------- Invoking toplevel() on ptolemy.moml.MoMLSimpleApplication@27268e8b
----------------- Done invoking toplevel() on ptolemy.moml.MoMLSimpleApplication@27268e8b
reloadAllAccessors: .ArrayPeakSearch2

===========================================================================================
----------------- testing Sun Mar 31 03:51:32 UTC 2019 /home/travis/build/icyphy/ptII/ptolemy/actor/lib/test/auto/ArrayPeakSearch3.xml
----------------- Instantiating /home/travis/build/icyphy/ptII/ptolemy/actor/lib/test/auto/ArrayPeakSearch3.xml
7 ms. Memory: 579584K Free: 84485K (15%)
----------------- Invoking toplevel() on ptolemy.moml.MoMLSimpleApplication@3326fa3
----------------- Done invoking toplevel() on ptolemy.moml.MoMLSimpleApplication@3326fa3
reloadAllAccessors: .ArrayPeakSearch3

===========================================================================================
----------------- testing Sun Mar 31 03:51:32 UTC 2019 /home/travis/build/icyphy/ptII/ptolemy/actor/lib/test/auto/ArrayRemoveElement.xml
----------------- Instantiating /home/travis/build/icyphy/ptII/ptolemy/actor/lib/test/auto/ArrayRemoveElement.xml
5 ms. Memory: 579584K Free: 69892K (12%)
----------------- Invoking toplevel() on ptolemy.moml.MoMLSimpleApplication@5cf3c5c7
----------------- Done invoking toplevel() on ptolemy.moml.MoMLSimpleApplication@5cf3c5c7
reloadAllAccessors: .ArrayRemoveElement

===========================================================================================
----------------- testing Sun Mar 31 03:51:32 UTC 2019 /home/travis/build/icyphy/ptII/ptolemy/actor/lib/test/auto/ArraySort.xml
----------------- Instantiating /home/travis/build/icyphy/ptII/ptolemy/actor/lib/test/auto/ArraySort.xml
7 ms. Memory: 877568K Free: 826391K (94%)
----------------- Invoking toplevel() on ptolemy.moml.MoMLSimpleApplication@37514a2e
----------------- Done invoking toplevel() on ptolemy.moml.MoMLSimpleApplication@37514a2e
reloadAllAccessors: .ArraySort

===========================================================================================
----------------- testing Sun Mar 31 03:51:32 UTC 2019 /home/travis/build/icyphy/ptII/ptolemy/actor/lib/test/auto/ArraySum.xml
----------------- Instantiating /home/travis/build/icyphy/ptII/ptolemy/actor/lib/test/auto/ArraySum.xml
2 ms. Memory: 877568K Free: 800736K (91%)
----------------- Invoking toplevel() on ptolemy.moml.MoMLSimpleApplication@15096b46
----------------- Done invoking toplevel() on ptolemy.moml.MoMLSimpleApplication@15096b46
reloadAllAccessors: .ArraySum

===========================================================================================
----------------- testing Sun Mar 31 03:51:32 UTC 2019 /home/travis/build/icyphy/ptII/ptolemy/actor/lib/test/auto/ArrayToElements.xml
----------------- Instantiating /home/travis/build/icyphy/ptII/ptolemy/actor/lib/test/auto/ArrayToElements.xml
11 ms. Memory: 877568K Free: 785182K (89%)
----------------- Invoking toplevel() on ptolemy.moml.MoMLSimpleApplication@69a9fcaf
----------------- Done invoking toplevel() on ptolemy.moml.MoMLSimpleApplication@69a9fcaf
reloadAllAccessors: .ArrayToElements

===========================================================================================
----------------- testing Sun Mar 31 03:51:32 UTC 2019 /home/travis/build/icyphy/ptII/ptolemy/actor/lib/test/auto/ArrayToMatrix.xml
----------------- Instantiating /home/travis/build/icyphy/ptII/ptolemy/actor/lib/test/auto/ArrayToMatrix.xml
6 ms. Memory: 877568K Free: 761834K (87%)
----------------- Invoking toplevel() on ptolemy.moml.MoMLSimpleApplication@751b226a
----------------- Done invoking toplevel() on ptolemy.moml.MoMLSimpleApplication@751b226a
reloadAllAccessors: .ArrayToMatrix

===========================================================================================
----------------- testing Sun Mar 31 03:51:32 UTC 2019 /home/travis/build/icyphy/ptII/ptolemy/actor/lib/test/auto/ArrayUpdate1.xml
----------------- Instantiating /home/travis/build/icyphy/ptII/ptolemy/actor/lib/test/auto/ArrayUpdate1.xml
2 ms. Memory: 877568K Free: 746279K (85%)
----------------- Invoking toplevel() on ptolemy.moml.MoMLSimpleApplication@5325a7f8
----------------- Done invoking toplevel() on ptolemy.moml.MoMLSimpleApplication@5325a7f8
reloadAllAccessors: .ArrayUpdate1

===========================================================================================
----------------- testing Sun Mar 31 03:51:32 UTC 2019 /home/travis/build/icyphy/ptII/ptolemy/actor/lib/test/auto/ArrayUpdate2.xml
----------------- Instantiating /home/travis/build/icyphy/ptII/ptolemy/actor/lib/test/auto/ArrayUpdate2.xml
3 ms. Memory: 877568K Free: 720376K (82%)
----------------- Invoking toplevel() on ptolemy.moml.MoMLSimpleApplication@13e86b9e
----------------- Done invoking toplevel() on ptolemy.moml.MoMLSimpleApplication@13e86b9e
reloadAllAccessors: .ArrayUpdate2

===========================================================================================
----------------- testing Sun Mar 31 03:51:32 UTC 2019 /home/travis/build/icyphy/ptII/ptolemy/actor/lib/test/auto/ArrayUpdate3.xml
----------------- Instantiating /home/travis/build/icyphy/ptII/ptolemy/actor/lib/test/auto/ArrayUpdate3.xml
6 ms. Memory: 877568K Free: 704822K (80%)
----------------- Invoking toplevel() on ptolemy.moml.MoMLSimpleApplication@727343de
----------------- Done invoking toplevel() on ptolemy.moml.MoMLSimpleApplication@727343de
reloadAllAccessors: .ArrayUpdate3

===========================================================================================
----------------- testing Sun Mar 31 03:51:32 UTC 2019 /home/travis/build/icyphy/ptII/ptolemy/actor/lib/test/auto/Assert1.xml
----------------- Instantiating /home/travis/build/icyphy/ptII/ptolemy/actor/lib/test/auto/Assert1.xml
2 ms. Memory: 877568K Free: 689267K (79%)
----------------- Invoking toplevel() on ptolemy.moml.MoMLSimpleApplication@211b0eb8
----------------- Done invoking toplevel() on ptolemy.moml.MoMLSimpleApplication@211b0eb8
reloadAllAccessors: .Assert1

===========================================================================================
----------------- testing Sun Mar 31 03:51:32 UTC 2019 /home/travis/build/icyphy/ptII/ptolemy/actor/lib/test/auto/Assert2.xml
----------------- Instantiating /home/travis/build/icyphy/ptII/ptolemy/actor/lib/test/auto/Assert2.xml
2 ms. Memory: 877568K Free: 673713K (77%)
----------------- Invoking toplevel() on ptolemy.moml.MoMLSimpleApplication@7f23e395
----------------- Done invoking toplevel() on ptolemy.moml.MoMLSimpleApplication@7f23e395
reloadAllAccessors: .Assert2

===========================================================================================
----------------- testing Sun Mar 31 03:51:32 UTC 2019 /home/travis/build/icyphy/ptII/ptolemy/actor/lib/test/auto/BooleanMultiplexor.xml
----------------- Instantiating /home/travis/build/icyphy/ptII/ptolemy/actor/lib/test/auto/BooleanMultiplexor.xml
3 ms. Memory: 877568K Free: 658158K (75%)
----------------- Invoking toplevel() on ptolemy.moml.MoMLSimpleApplication@2babf319
----------------- Done invoking toplevel() on ptolemy.moml.MoMLSimpleApplication@2babf319
reloadAllAccessors: .BooleanMultiplexor

===========================================================================================
----------------- testing Sun Mar 31 03:51:32 UTC 2019 /home/travis/build/icyphy/ptII/ptolemy/actor/lib/test/auto/BooleanMultiplexor2.xml
----------------- Instantiating /home/travis/build/icyphy/ptII/ptolemy/actor/lib/test/auto/BooleanMultiplexor2.xml
13 ms. Memory: 877568K Free: 632504K (72%)
----------------- Invoking toplevel() on ptolemy.moml.MoMLSimpleApplication@3202a58
----------------- Done invoking toplevel() on ptolemy.moml.MoMLSimpleApplication@3202a58
reloadAllAccessors: .BooleanMultiplexor2

===========================================================================================
----------------- testing Sun Mar 31 03:51:32 UTC 2019 /home/travis/build/icyphy/ptII/ptolemy/actor/lib/test/auto/BooleanMultiplexor3.xml
----------------- Instantiating /home/travis/build/icyphy/ptII/ptolemy/actor/lib/test/auto/BooleanMultiplexor3.xml
6 ms. Memory: 877568K Free: 616949K (70%)
----------------- Invoking toplevel() on ptolemy.moml.MoMLSimpleApplication@69f8d22
----------------- Done invoking toplevel() on ptolemy.moml.MoMLSimpleApplication@69f8d22
reloadAllAccessors: .BooleanMultiplexor3

===========================================================================================
----------------- testing Sun Mar 31 03:51:32 UTC 2019 /home/travis/build/icyphy/ptII/ptolemy/actor/lib/test/auto/BooleanSelect.xml
----------------- Instantiating /home/travis/build/icyphy/ptII/ptolemy/actor/lib/test/auto/BooleanSelect.xml
6 ms. Memory: 877568K Free: 601395K (69%)
----------------- Invoking toplevel() on ptolemy.moml.MoMLSimpleApplication@3b73e43a
----------------- Done invoking toplevel() on ptolemy.moml.MoMLSimpleApplication@3b73e43a
reloadAllAccessors: .BooleanSelect

===========================================================================================
----------------- testing Sun Mar 31 03:51:32 UTC 2019 /home/travis/build/icyphy/ptII/ptolemy/actor/lib/test/auto/BooleanSelect2.xml
----------------- Instantiating /home/travis/build/icyphy/ptII/ptolemy/actor/lib/test/auto/BooleanSelect2.xml
1 ms. Memory: 877568K Free: 585840K (67%)
----------------- Invoking toplevel() on ptolemy.moml.MoMLSimpleApplication@6fde3b64
----------------- Done invoking toplevel() on ptolemy.moml.MoMLSimpleApplication@6fde3b64
reloadAllAccessors: .BooleanSelect2

===========================================================================================
----------------- testing Sun Mar 31 03:51:32 UTC 2019 /home/travis/build/icyphy/ptII/ptolemy/actor/lib/test/auto/BooleanSwitch.xml
----------------- Instantiating /home/travis/build/icyphy/ptII/ptolemy/actor/lib/test/auto/BooleanSwitch.xml
9 ms. Memory: 877568K Free: 560186K (64%)
----------------- Invoking toplevel() on ptolemy.moml.MoMLSimpleApplication@3cbc1410
----------------- Done invoking toplevel() on ptolemy.moml.MoMLSimpleApplication@3cbc1410
reloadAllAccessors: .BooleanSwitch

===========================================================================================
----------------- testing Sun Mar 31 03:51:32 UTC 2019 /home/travis/build/icyphy/ptII/ptolemy/actor/lib/test/auto/BooleanSwitch2.xml
----------------- Instantiating /home/travis/build/icyphy/ptII/ptolemy/actor/lib/test/auto/BooleanSwitch2.xml
3 ms. Memory: 877568K Free: 544631K (62%)
----------------- Invoking toplevel() on ptolemy.moml.MoMLSimpleApplication@745fa7b4
----------------- Done invoking toplevel() on ptolemy.moml.MoMLSimpleApplication@745fa7b4
reloadAllAccessors: .BooleanSwitch2

===========================================================================================
----------------- testing Sun Mar 31 03:51:32 UTC 2019 /home/travis/build/icyphy/ptII/ptolemy/actor/lib/test/auto/BooleanSwitchCloningBugWithClassRelationGroup.xml
----------------- Instantiating /home/travis/build/icyphy/ptII/ptolemy/actor/lib/test/auto/BooleanSwitchCloningBugWithClassRelationGroup.xml
3 ms. Memory: 877568K Free: 529077K (60%)
----------------- Invoking toplevel() on ptolemy.moml.MoMLSimpleApplication@442f5945
----------------- Done invoking toplevel() on ptolemy.moml.MoMLSimpleApplication@442f5945
reloadAllAccessors: .BooleanSwitchCloningBugWithClassRelationGroup

===========================================================================================
----------------- testing Sun Mar 31 03:51:32 UTC 2019 /home/travis/build/icyphy/ptII/ptolemy/actor/lib/test/auto/BusActors.xml
----------------- Instantiating /home/travis/build/icyphy/ptII/ptolemy/actor/lib/test/auto/BusActors.xml
6 ms. Memory: 877568K Free: 513522K (59%)
----------------- Invoking toplevel() on ptolemy.moml.MoMLSimpleApplication@7531e6a
----------------- Done invoking toplevel() on ptolemy.moml.MoMLSimpleApplication@7531e6a
reloadAllAccessors: .BusActors

===========================================================================================
----------------- testing Sun Mar 31 03:51:33 UTC 2019 /home/travis/build/icyphy/ptII/ptolemy/actor/lib/test/auto/ClassWrapper.xml
----------------- Instantiating /home/travis/build/icyphy/ptII/ptolemy/actor/lib/test/auto/ClassWrapper.xml
2 ms. Memory: 877568K Free: 497968K (57%)
----------------- Invoking toplevel() on ptolemy.moml.MoMLSimpleApplication@346d8e5b
----------------- Done invoking toplevel() on ptolemy.moml.MoMLSimpleApplication@346d8e5b
reloadAllAccessors: .ClassWrapper

===========================================================================================
----------------- testing Sun Mar 31 03:51:33 UTC 2019 /home/travis/build/icyphy/ptII/ptolemy/actor/lib/test/auto/Clock.xml
----------------- Instantiating /home/travis/build/icyphy/ptII/ptolemy/actor/lib/test/auto/Clock.xml
1 ms. Memory: 877568K Free: 472313K (54%)
----------------- Invoking toplevel() on ptolemy.moml.MoMLSimpleApplication@afeb245
----------------- Done invoking toplevel() on ptolemy.moml.MoMLSimpleApplication@afeb245
reloadAllAccessors: .Clock

===========================================================================================
----------------- testing Sun Mar 31 03:51:33 UTC 2019 /home/travis/build/icyphy/ptII/ptolemy/actor/lib/test/auto/Clock10.xml
----------------- Instantiating /home/travis/build/icyphy/ptII/ptolemy/actor/lib/test/auto/Clock10.xml
3 ms. Memory: 877568K Free: 456758K (52%)
----------------- Invoking toplevel() on ptolemy.moml.MoMLSimpleApplication@797d7926
----------------- Done invoking toplevel() on ptolemy.moml.MoMLSimpleApplication@797d7926
reloadAllAccessors: .Clock10

===========================================================================================
----------------- testing Sun Mar 31 03:51:33 UTC 2019 /home/travis/build/icyphy/ptII/ptolemy/actor/lib/test/auto/Clock11.xml
----------------- Instantiating /home/travis/build/icyphy/ptII/ptolemy/actor/lib/test/auto/Clock11.xml
5 ms. Memory: 877568K Free: 441204K (50%)
----------------- Invoking toplevel() on ptolemy.moml.MoMLSimpleApplication@747852a4
----------------- Done invoking toplevel() on ptolemy.moml.MoMLSimpleApplication@747852a4
reloadAllAccessors: .Clock11

===========================================================================================
----------------- testing Sun Mar 31 03:51:33 UTC 2019 /home/travis/build/icyphy/ptII/ptolemy/actor/lib/test/auto/Clock12.xml
----------------- Instantiating /home/travis/build/icyphy/ptII/ptolemy/actor/lib/test/auto/Clock12.xml
6 ms. Memory: 877568K Free: 425649K (49%)
----------------- Invoking toplevel() on ptolemy.moml.MoMLSimpleApplication@10b48285
----------------- Done invoking toplevel() on ptolemy.moml.MoMLSimpleApplication@10b48285
reloadAllAccessors: .Clock12

===========================================================================================
----------------- testing Sun Mar 31 03:51:33 UTC 2019 /home/travis/build/icyphy/ptII/ptolemy/actor/lib/test/auto/Clock13.xml
----------------- Instantiating /home/travis/build/icyphy/ptII/ptolemy/actor/lib/test/auto/Clock13.xml
7 ms. Memory: 877568K Free: 399995K (46%)
----------------- Invoking toplevel() on ptolemy.moml.MoMLSimpleApplication@3fbdb9c5
----------------- Done invoking toplevel() on ptolemy.moml.MoMLSimpleApplication@3fbdb9c5
reloadAllAccessors: .Clock13

===========================================================================================
----------------- testing Sun Mar 31 03:51:33 UTC 2019 /home/travis/build/icyphy/ptII/ptolemy/actor/lib/test/auto/Clock14.xml
----------------- Instantiating /home/travis/build/icyphy/ptII/ptolemy/actor/lib/test/auto/Clock14.xml
4 ms. Memory: 877568K Free: 384440K (44%)
----------------- Invoking toplevel() on ptolemy.moml.MoMLSimpleApplication@352adadf
----------------- Done invoking toplevel() on ptolemy.moml.MoMLSimpleApplication@352adadf
reloadAllAccessors: .Clock14

===========================================================================================
----------------- testing Sun Mar 31 03:51:33 UTC 2019 /home/travis/build/icyphy/ptII/ptolemy/actor/lib/test/auto/Clock15.xml
----------------- Instantiating /home/travis/build/icyphy/ptII/ptolemy/actor/lib/test/auto/Clock15.xml
2 ms. Memory: 877568K Free: 368886K (42%)
----------------- Invoking toplevel() on ptolemy.moml.MoMLSimpleApplication@65929f2f
----------------- Done invoking toplevel() on ptolemy.moml.MoMLSimpleApplication@65929f2f
reloadAllAccessors: .Clock15

===========================================================================================
----------------- testing Sun Mar 31 03:51:33 UTC 2019 /home/travis/build/icyphy/ptII/ptolemy/actor/lib/test/auto/Clock16.xml
----------------- Instantiating /home/travis/build/icyphy/ptII/ptolemy/actor/lib/test/auto/Clock16.xml
23 ms. Memory: 877568K Free: 345538K (39%)
----------------- Invoking toplevel() on ptolemy.moml.MoMLSimpleApplication@293211e4
----------------- Done invoking toplevel() on ptolemy.moml.MoMLSimpleApplication@293211e4
reloadAllAccessors: .Clock16

===========================================================================================
----------------- testing Sun Mar 31 03:51:33 UTC 2019 /home/travis/build/icyphy/ptII/ptolemy/actor/lib/test/auto/Clock17.xml
----------------- Instantiating /home/travis/build/icyphy/ptII/ptolemy/actor/lib/test/auto/Clock17.xml
27 ms. Memory: 877568K Free: 322190K (37%)
----------------- Invoking toplevel() on ptolemy.moml.MoMLSimpleApplication@580e6f9b
----------------- Done invoking toplevel() on ptolemy.moml.MoMLSimpleApplication@580e6f9b
reloadAllAccessors: .Clock17

===========================================================================================
----------------- testing Sun Mar 31 03:51:33 UTC 2019 /home/travis/build/icyphy/ptII/ptolemy/actor/lib/test/auto/Clock18.xml
----------------- Instantiating /home/travis/build/icyphy/ptII/ptolemy/actor/lib/test/auto/Clock18.xml
22 ms. Memory: 877568K Free: 288743K (33%)
----------------- Invoking toplevel() on ptolemy.moml.MoMLSimpleApplication@1767d4f6
----------------- Done invoking toplevel() on ptolemy.moml.MoMLSimpleApplication@1767d4f6
reloadAllAccessors: .Clock18

===========================================================================================
----------------- testing Sun Mar 31 03:51:33 UTC 2019 /home/travis/build/icyphy/ptII/ptolemy/actor/lib/test/auto/Clock19.xml
----------------- Instantiating /home/travis/build/icyphy/ptII/ptolemy/actor/lib/test/auto/Clock19.xml
19 ms. Memory: 877568K Free: 265395K (30%)
----------------- Invoking toplevel() on ptolemy.moml.MoMLSimpleApplication@7506d9cf
----------------- Done invoking toplevel() on ptolemy.moml.MoMLSimpleApplication@7506d9cf
reloadAllAccessors: .Clock19

===========================================================================================
----------------- testing Sun Mar 31 03:51:33 UTC 2019 /home/travis/build/icyphy/ptII/ptolemy/actor/lib/test/auto/Clock2.xml
----------------- Instantiating /home/travis/build/icyphy/ptII/ptolemy/actor/lib/test/auto/Clock2.xml
10 ms. Memory: 877568K Free: 249840K (28%)
----------------- Invoking toplevel() on ptolemy.moml.MoMLSimpleApplication@79725714
----------------- Done invoking toplevel() on ptolemy.moml.MoMLSimpleApplication@79725714
reloadAllAccessors: .Clock2

===========================================================================================
----------------- testing Sun Mar 31 03:51:33 UTC 2019 /home/travis/build/icyphy/ptII/ptolemy/actor/lib/test/auto/Clock20.xml
----------------- Instantiating /home/travis/build/icyphy/ptII/ptolemy/actor/lib/test/auto/Clock20.xml
8 ms. Memory: 877568K Free: 234286K (27%)
----------------- Invoking toplevel() on ptolemy.moml.MoMLSimpleApplication@4f667761
----------------- Done invoking toplevel() on ptolemy.moml.MoMLSimpleApplication@4f667761
reloadAllAccessors: .Clock20

===========================================================================================
----------------- testing Sun Mar 31 03:51:33 UTC 2019 /home/travis/build/icyphy/ptII/ptolemy/actor/lib/test/auto/Clock21.xml
----------------- Instantiating /home/travis/build/icyphy/ptII/ptolemy/actor/lib/test/auto/Clock21.xml
8 ms. Memory: 877568K Free: 208631K (24%)
----------------- Invoking toplevel() on ptolemy.moml.MoMLSimpleApplication@d6232a3
----------------- Done invoking toplevel() on ptolemy.moml.MoMLSimpleApplication@d6232a3
reloadAllAccessors: .Clock21

===========================================================================================
----------------- testing Sun Mar 31 03:51:33 UTC 2019 /home/travis/build/icyphy/ptII/ptolemy/actor/lib/test/auto/Clock22.xml
----------------- Instantiating /home/travis/build/icyphy/ptII/ptolemy/actor/lib/test/auto/Clock22.xml
8 ms. Memory: 877568K Free: 193076K (22%)
----------------- Invoking toplevel() on ptolemy.moml.MoMLSimpleApplication@297ab96f
----------------- Done invoking toplevel() on ptolemy.moml.MoMLSimpleApplication@297ab96f
reloadAllAccessors: .Clock22

===========================================================================================
----------------- testing Sun Mar 31 03:51:33 UTC 2019 /home/travis/build/icyphy/ptII/ptolemy/actor/lib/test/auto/Clock23.xml
----------------- Instantiating /home/travis/build/icyphy/ptII/ptolemy/actor/lib/test/auto/Clock23.xml
8 ms. Memory: 877568K Free: 177522K (20%)
----------------- Invoking toplevel() on ptolemy.moml.MoMLSimpleApplication@5b7c5f52
----------------- Done invoking toplevel() on ptolemy.moml.MoMLSimpleApplication@5b7c5f52
reloadAllAccessors: .Clock23

===========================================================================================
----------------- testing Sun Mar 31 03:51:33 UTC 2019 /home/travis/build/icyphy/ptII/ptolemy/actor/lib/test/auto/Clock24.xml
----------------- Instantiating /home/travis/build/icyphy/ptII/ptolemy/actor/lib/test/auto/Clock24.xml
9 ms. Memory: 877568K Free: 161967K (18%)
----------------- Invoking toplevel() on ptolemy.moml.MoMLSimpleApplication@41dc745
----------------- Done invoking toplevel() on ptolemy.moml.MoMLSimpleApplication@41dc745
reloadAllAccessors: .Clock24

===========================================================================================
----------------- testing Sun Mar 31 03:51:33 UTC 2019 /home/travis/build/icyphy/ptII/ptolemy/actor/lib/test/auto/Clock4.xml
----------------- Instantiating /home/travis/build/icyphy/ptII/ptolemy/actor/lib/test/auto/Clock4.xml
6 ms. Memory: 877568K Free: 146413K (17%)
----------------- Invoking toplevel() on ptolemy.moml.MoMLSimpleApplication@6cb613e3
----------------- Done invoking toplevel() on ptolemy.moml.MoMLSimpleApplication@6cb613e3
reloadAllAccessors: .Clock4

===========================================================================================
----------------- testing Sun Mar 31 03:51:33 UTC 2019 /home/travis/build/icyphy/ptII/ptolemy/actor/lib/test/auto/Clock5.xml
----------------- Instantiating /home/travis/build/icyphy/ptII/ptolemy/actor/lib/test/auto/Clock5.xml
1 ms. Memory: 877568K Free: 120758K (14%)
----------------- Invoking toplevel() on ptolemy.moml.MoMLSimpleApplication@59e6574
----------------- Done invoking toplevel() on ptolemy.moml.MoMLSimpleApplication@59e6574
reloadAllAccessors: .Clock5

===========================================================================================
----------------- testing Sun Mar 31 03:51:33 UTC 2019 /home/travis/build/icyphy/ptII/ptolemy/actor/lib/test/auto/Clock6.xml
----------------- Instantiating /home/travis/build/icyphy/ptII/ptolemy/actor/lib/test/auto/Clock6.xml
2 ms. Memory: 877568K Free: 105203K (12%)
----------------- Invoking toplevel() on ptolemy.moml.MoMLSimpleApplication@27a72a91
----------------- Done invoking toplevel() on ptolemy.moml.MoMLSimpleApplication@27a72a91
reloadAllAccessors: .Clock6

===========================================================================================
----------------- testing Sun Mar 31 03:51:33 UTC 2019 /home/travis/build/icyphy/ptII/ptolemy/actor/lib/test/auto/Clock7.xml
----------------- Instantiating /home/travis/build/icyphy/ptII/ptolemy/actor/lib/test/auto/Clock7.xml
2 ms. Memory: 877568K Free: 89649K (10%)
----------------- Invoking toplevel() on ptolemy.moml.MoMLSimpleApplication@2e5fe6b
----------------- Done invoking toplevel() on ptolemy.moml.MoMLSimpleApplication@2e5fe6b
reloadAllAccessors: .Clock7

===========================================================================================
----------------- testing Sun Mar 31 03:51:33 UTC 2019 /home/travis/build/icyphy/ptII/ptolemy/actor/lib/test/auto/Clock8.xml
----------------- Instantiating /home/travis/build/icyphy/ptII/ptolemy/actor/lib/test/auto/Clock8.xml
2 ms. Memory: 877568K Free: 74094K (8%)
----------------- Invoking toplevel() on ptolemy.moml.MoMLSimpleApplication@50b28ff9
----------------- Done invoking toplevel() on ptolemy.moml.MoMLSimpleApplication@50b28ff9
reloadAllAccessors: .Clock8

===========================================================================================
----------------- testing Sun Mar 31 03:51:33 UTC 2019 /home/travis/build/icyphy/ptII/ptolemy/actor/lib/test/auto/Clock9.xml
----------------- Instantiating /home/travis/build/icyphy/ptII/ptolemy/actor/lib/test/auto/Clock9.xml
27 ms. Memory: 878080K Free: 834804K (95%)
----------------- Invoking toplevel() on ptolemy.moml.MoMLSimpleApplication@75e94125
----------------- Done invoking toplevel() on ptolemy.moml.MoMLSimpleApplication@75e94125
reloadAllAccessors: .Clock9

===========================================================================================
----------------- testing Sun Mar 31 03:51:33 UTC 2019 /home/travis/build/icyphy/ptII/ptolemy/actor/lib/test/auto/CommDistDiscard.xml
----------------- Instantiating /home/travis/build/icyphy/ptII/ptolemy/actor/lib/test/auto/CommDistDiscard.xml
4 ms. Memory: 878080K Free: 813168K (93%)
----------------- Invoking toplevel() on ptolemy.moml.MoMLSimpleApplication@6c7556c
----------------- Done invoking toplevel() on ptolemy.moml.MoMLSimpleApplication@6c7556c
reloadAllAccessors: .CommDistDiscard

===========================================================================================
----------------- testing Sun Mar 31 03:51:33 UTC 2019 /home/travis/build/icyphy/ptII/ptolemy/actor/lib/test/auto/Commutator.xml
----------------- Instantiating /home/travis/build/icyphy/ptII/ptolemy/actor/lib/test/auto/Commutator.xml
2 ms. Memory: 878080K Free: 802798K (91%)
----------------- Invoking toplevel() on ptolemy.moml.MoMLSimpleApplication@26db6a1
----------------- Done invoking toplevel() on ptolemy.moml.MoMLSimpleApplication@26db6a1
reloadAllAccessors: .Commutator

===========================================================================================
----------------- testing Sun Mar 31 03:51:33 UTC 2019 /home/travis/build/icyphy/ptII/ptolemy/actor/lib/test/auto/Commutator2.xml
----------------- Instantiating /home/travis/build/icyphy/ptII/ptolemy/actor/lib/test/auto/Commutator2.xml
2 ms. Memory: 878080K Free: 792429K (90%)
----------------- Invoking toplevel() on ptolemy.moml.MoMLSimpleApplication@77bf46cd
----------------- Done invoking toplevel() on ptolemy.moml.MoMLSimpleApplication@77bf46cd
reloadAllAccessors: .Commutator2

===========================================================================================
----------------- testing Sun Mar 31 03:51:33 UTC 2019 /home/travis/build/icyphy/ptII/ptolemy/actor/lib/test/auto/Commutator3.xml
----------------- Instantiating /home/travis/build/icyphy/ptII/ptolemy/actor/lib/test/auto/Commutator3.xml
2 ms. Memory: 878080K Free: 774843K (88%)
----------------- Invoking toplevel() on ptolemy.moml.MoMLSimpleApplication@7adca303
----------------- Done invoking toplevel() on ptolemy.moml.MoMLSimpleApplication@7adca303
reloadAllAccessors: .Commutator3

===========================================================================================
----------------- testing Sun Mar 31 03:51:33 UTC 2019 /home/travis/build/icyphy/ptII/ptolemy/actor/lib/test/auto/Compare.xml
----------------- Instantiating /home/travis/build/icyphy/ptII/ptolemy/actor/lib/test/auto/Compare.xml
2 ms. Memory: 878080K Free: 764473K (87%)
----------------- Invoking toplevel() on ptolemy.moml.MoMLSimpleApplication@606551c8
----------------- Done invoking toplevel() on ptolemy.moml.MoMLSimpleApplication@606551c8
reloadAllAccessors: .Compare

===========================================================================================
----------------- testing Sun Mar 31 03:51:33 UTC 2019 /home/travis/build/icyphy/ptII/ptolemy/actor/lib/test/auto/CompareDE.xml
----------------- Instantiating /home/travis/build/icyphy/ptII/ptolemy/actor/lib/test/auto/CompareDE.xml
4 ms. Memory: 878080K Free: 754103K (86%)
----------------- Invoking toplevel() on ptolemy.moml.MoMLSimpleApplication@562b2fac
----------------- Done invoking toplevel() on ptolemy.moml.MoMLSimpleApplication@562b2fac
reloadAllAccessors: .CompareDE

===========================================================================================
----------------- testing Sun Mar 31 03:51:33 UTC 2019 /home/travis/build/icyphy/ptII/ptolemy/actor/lib/test/auto/ComplexDivide.xml
----------------- Instantiating /home/travis/build/icyphy/ptII/ptolemy/actor/lib/test/auto/ComplexDivide.xml
2 ms. Memory: 878080K Free: 736517K (84%)
----------------- Invoking toplevel() on ptolemy.moml.MoMLSimpleApplication@a802abd
----------------- Done invoking toplevel() on ptolemy.moml.MoMLSimpleApplication@a802abd
reloadAllAccessors: .ComplexDivide

===========================================================================================
----------------- testing Sun Mar 31 03:51:33 UTC 2019 /home/travis/build/icyphy/ptII/ptolemy/actor/lib/test/auto/ComputeHistogram.xml
----------------- Instantiating /home/travis/build/icyphy/ptII/ptolemy/actor/lib/test/auto/ComputeHistogram.xml
36 ms. Memory: 878080K Free: 720962K (82%)
----------------- Invoking toplevel() on ptolemy.moml.MoMLSimpleApplication@660f46f5
----------------- Done invoking toplevel() on ptolemy.moml.MoMLSimpleApplication@660f46f5
reloadAllAccessors: .ComputeHistogram

===========================================================================================
----------------- testing Sun Mar 31 03:51:33 UTC 2019 /home/travis/build/icyphy/ptII/ptolemy/actor/lib/test/auto/ConfigurationSelect.xml
----------------- Instantiating /home/travis/build/icyphy/ptII/ptolemy/actor/lib/test/auto/ConfigurationSelect.xml
5 ms. Memory: 878080K Free: 710592K (81%)
----------------- Invoking toplevel() on ptolemy.moml.MoMLSimpleApplication@28398f97
----------------- Done invoking toplevel() on ptolemy.moml.MoMLSimpleApplication@28398f97
reloadAllAccessors: .ConfigurationSelect

===========================================================================================
----------------- testing Sun Mar 31 03:51:33 UTC 2019 /home/travis/build/icyphy/ptII/ptolemy/actor/lib/test/auto/ConfigurationSelect2.xml
----------------- Instantiating /home/travis/build/icyphy/ptII/ptolemy/actor/lib/test/auto/ConfigurationSelect2.xml
2 ms. Memory: 878080K Free: 693006K (79%)
----------------- Invoking toplevel() on ptolemy.moml.MoMLSimpleApplication@3b4cee02
----------------- Done invoking toplevel() on ptolemy.moml.MoMLSimpleApplication@3b4cee02
reloadAllAccessors: .ConfigurationSelect2

===========================================================================================
----------------- testing Sun Mar 31 03:51:33 UTC 2019 /home/travis/build/icyphy/ptII/ptolemy/actor/lib/test/auto/ConfigurationSwitch.xml
----------------- Instantiating /home/travis/build/icyphy/ptII/ptolemy/actor/lib/test/auto/ConfigurationSwitch.xml
2 ms. Memory: 878080K Free: 682637K (78%)
----------------- Invoking toplevel() on ptolemy.moml.MoMLSimpleApplication@3f1ed5cd
----------------- Done invoking toplevel() on ptolemy.moml.MoMLSimpleApplication@3f1ed5cd
reloadAllAccessors: .ConfigurationSwitch

===========================================================================================
----------------- testing Sun Mar 31 03:51:34 UTC 2019 /home/travis/build/icyphy/ptII/ptolemy/actor/lib/test/auto/ConfigurationSwitch2.xml
----------------- Instantiating /home/travis/build/icyphy/ptII/ptolemy/actor/lib/test/auto/ConfigurationSwitch2.xml
3 ms. Memory: 878080K Free: 672267K (77%)
----------------- Invoking toplevel() on ptolemy.moml.MoMLSimpleApplication@3433a574
----------------- Done invoking toplevel() on ptolemy.moml.MoMLSimpleApplication@3433a574
reloadAllAccessors: .ConfigurationSwitch2

===========================================================================================
----------------- testing Sun Mar 31 03:51:34 UTC 2019 /home/travis/build/icyphy/ptII/ptolemy/actor/lib/test/auto/ConfigurationSwitchCloningBugWithClassRelationGroup.xml
----------------- Instantiating /home/travis/build/icyphy/ptII/ptolemy/actor/lib/test/auto/ConfigurationSwitchCloningBugWithClassRelationGroup.xml
2 ms. Memory: 878080K Free: 654681K (75%)
----------------- Invoking toplevel() on ptolemy.moml.MoMLSimpleApplication@74ae3a47
----------------- Done invoking toplevel() on ptolemy.moml.MoMLSimpleApplication@74ae3a47
reloadAllAccessors: .ConfigurationSwitchCloningBugWithClassRelationGroup

===========================================================================================
----------------- testing Sun Mar 31 03:51:34 UTC 2019 /home/travis/build/icyphy/ptII/ptolemy/actor/lib/test/auto/ConfigurationSwitchSelectSDF.xml
----------------- Instantiating /home/travis/build/icyphy/ptII/ptolemy/actor/lib/test/auto/ConfigurationSwitchSelectSDF.xml
2 ms. Memory: 878080K Free: 644311K (73%)
----------------- Invoking toplevel() on ptolemy.moml.MoMLSimpleApplication@6689b84e
----------------- Done invoking toplevel() on ptolemy.moml.MoMLSimpleApplication@6689b84e
reloadAllAccessors: .ConfigurationSwitchSelectSDF

===========================================================================================
----------------- testing Sun Mar 31 03:51:34 UTC 2019 /home/travis/build/icyphy/ptII/ptolemy/actor/lib/test/auto/ConfigurationSwitchSelectSDF2.xml
----------------- Instantiating /home/travis/build/icyphy/ptII/ptolemy/actor/lib/test/auto/ConfigurationSwitchSelectSDF2.xml
2 ms. Memory: 878080K Free: 633942K (72%)
----------------- Invoking toplevel() on ptolemy.moml.MoMLSimpleApplication@dbd2163
----------------- Done invoking toplevel() on ptolemy.moml.MoMLSimpleApplication@dbd2163
reloadAllAccessors: .ConfigurationSwitchSelectSDF2

===========================================================================================
----------------- testing Sun Mar 31 03:51:34 UTC 2019 /home/travis/build/icyphy/ptII/ptolemy/actor/lib/test/auto/Const.xml
----------------- Instantiating /home/travis/build/icyphy/ptII/ptolemy/actor/lib/test/auto/Const.xml
1 ms. Memory: 878080K Free: 616355K (70%)
----------------- Invoking toplevel() on ptolemy.moml.MoMLSimpleApplication@76d8b25f
----------------- Done invoking toplevel() on ptolemy.moml.MoMLSimpleApplication@76d8b25f
reloadAllAccessors: .Const

===========================================================================================
----------------- testing Sun Mar 31 03:51:34 UTC 2019 /home/travis/build/icyphy/ptII/ptolemy/actor/lib/test/auto/Const2.xml
----------------- Instantiating /home/travis/build/icyphy/ptII/ptolemy/actor/lib/test/auto/Const2.xml
1 ms. Memory: 878080K Free: 605985K (69%)
----------------- Invoking toplevel() on ptolemy.moml.MoMLSimpleApplication@a688bca
----------------- Done invoking toplevel() on ptolemy.moml.MoMLSimpleApplication@a688bca
reloadAllAccessors: .Const2

===========================================================================================
----------------- testing Sun Mar 31 03:51:34 UTC 2019 /home/travis/build/icyphy/ptII/ptolemy/actor/lib/test/auto/Const3.xml
----------------- Instantiating /home/travis/build/icyphy/ptII/ptolemy/actor/lib/test/auto/Const3.xml
1 ms. Memory: 878080K Free: 595616K (68%)
----------------- Invoking toplevel() on ptolemy.moml.MoMLSimpleApplication@290a606a
----------------- Done invoking toplevel() on ptolemy.moml.MoMLSimpleApplication@290a606a
reloadAllAccessors: .Const3

===========================================================================================
----------------- testing Sun Mar 31 03:51:34 UTC 2019 /home/travis/build/icyphy/ptII/ptolemy/actor/lib/test/auto/ConstantPublisherPort1.xml
----------------- Instantiating /home/travis/build/icyphy/ptII/ptolemy/actor/lib/test/auto/ConstantPublisherPort1.xml
7 ms. Memory: 878080K Free: 580061K (66%)
----------------- Invoking toplevel() on ptolemy.moml.MoMLSimpleApplication@631d37c1
----------------- Done invoking toplevel() on ptolemy.moml.MoMLSimpleApplication@631d37c1
reloadAllAccessors: .ConstantPublisherPort1

===========================================================================================
----------------- testing Sun Mar 31 03:51:34 UTC 2019 /home/travis/build/icyphy/ptII/ptolemy/actor/lib/test/auto/ConstantPublisherPort2.xml
----------------- Instantiating /home/travis/build/icyphy/ptII/ptolemy/actor/lib/test/auto/ConstantPublisherPort2.xml
9 ms. Memory: 878080K Free: 562475K (64%)
----------------- Invoking toplevel() on ptolemy.moml.MoMLSimpleApplication@10d49b3c
----------------- Done invoking toplevel() on ptolemy.moml.MoMLSimpleApplication@10d49b3c
reloadAllAccessors: .ConstantPublisherPort2

===========================================================================================
----------------- testing Sun Mar 31 03:51:34 UTC 2019 /home/travis/build/icyphy/ptII/ptolemy/actor/lib/test/auto/ConstantPublisherPort3.xml
----------------- Instantiating /home/travis/build/icyphy/ptII/ptolemy/actor/lib/test/auto/ConstantPublisherPort3.xml
5 ms. Memory: 878080K Free: 552105K (63%)
----------------- Invoking toplevel() on ptolemy.moml.MoMLSimpleApplication@3250277f
----------------- Done invoking toplevel() on ptolemy.moml.MoMLSimpleApplication@3250277f
reloadAllAccessors: .ConstantPublisherPort3

===========================================================================================
----------------- testing Sun Mar 31 03:51:34 UTC 2019 /home/travis/build/icyphy/ptII/ptolemy/actor/lib/test/auto/ConstantPublisherPort4.xml
----------------- Instantiating /home/travis/build/icyphy/ptII/ptolemy/actor/lib/test/auto/ConstantPublisherPort4.xml
5 ms. Memory: 878080K Free: 541735K (62%)
----------------- Invoking toplevel() on ptolemy.moml.MoMLSimpleApplication@3201514d
----------------- Done invoking toplevel() on ptolemy.moml.MoMLSimpleApplication@3201514d
reloadAllAccessors: .ConstantPublisherPort4

===========================================================================================
----------------- testing Sun Mar 31 03:51:34 UTC 2019 /home/travis/build/icyphy/ptII/ptolemy/actor/lib/test/auto/ConstantPublisherPort5.xml
----------------- Instantiating /home/travis/build/icyphy/ptII/ptolemy/actor/lib/test/auto/ConstantPublisherPort5.xml
29 ms. Memory: 878080K Free: 508579K (58%)
----------------- Invoking toplevel() on ptolemy.moml.MoMLSimpleApplication@28210ce1
----------------- Done invoking toplevel() on ptolemy.moml.MoMLSimpleApplication@28210ce1
reloadAllAccessors: .ConstantPublisherPort5

===========================================================================================
----------------- testing Sun Mar 31 03:51:34 UTC 2019 /home/travis/build/icyphy/ptII/ptolemy/actor/lib/test/auto/ConstantPublisherPort6.xml
----------------- Instantiating /home/travis/build/icyphy/ptII/ptolemy/actor/lib/test/auto/ConstantPublisherPort6.xml
19 ms. Memory: 878080K Free: 482654K (55%)
----------------- Invoking toplevel() on ptolemy.moml.MoMLSimpleApplication@7b3d896a
----------------- Done invoking toplevel() on ptolemy.moml.MoMLSimpleApplication@7b3d896a
reloadAllAccessors: .ConstantPublisherPort6

===========================================================================================
----------------- testing Sun Mar 31 03:51:34 UTC 2019 /home/travis/build/icyphy/ptII/ptolemy/actor/lib/test/auto/ConstantPublisherPort7.xml
----------------- Instantiating /home/travis/build/icyphy/ptII/ptolemy/actor/lib/test/auto/ConstantPublisherPort7.xml
12 ms. Memory: 878080K Free: 456730K (52%)
----------------- Invoking toplevel() on ptolemy.moml.MoMLSimpleApplication@11ec85b4
----------------- Done invoking toplevel() on ptolemy.moml.MoMLSimpleApplication@11ec85b4
reloadAllAccessors: .ConstantPublisherPort7

===========================================================================================
----------------- testing Sun Mar 31 03:51:34 UTC 2019 /home/travis/build/icyphy/ptII/ptolemy/actor/lib/test/auto/ConstraintMonitor1.xml
----------------- Instantiating /home/travis/build/icyphy/ptII/ptolemy/actor/lib/test/auto/ConstraintMonitor1.xml
6 ms. Memory: 878080K Free: 439144K (50%)
----------------- Invoking toplevel() on ptolemy.moml.MoMLSimpleApplication@3629d2ca
----------------- Done invoking toplevel() on ptolemy.moml.MoMLSimpleApplication@3629d2ca
reloadAllAccessors: .ConstraintMonitor1

===========================================================================================
----------------- testing Sun Mar 31 03:51:34 UTC 2019 /home/travis/build/icyphy/ptII/ptolemy/actor/lib/test/auto/ConstraintMonitor2.xml
----------------- Instantiating /home/travis/build/icyphy/ptII/ptolemy/actor/lib/test/auto/ConstraintMonitor2.xml
6 ms. Memory: 878080K Free: 428774K (49%)
----------------- Invoking toplevel() on ptolemy.moml.MoMLSimpleApplication@2d4e02a9
----------------- Done invoking toplevel() on ptolemy.moml.MoMLSimpleApplication@2d4e02a9
reloadAllAccessors: .ConstraintMonitor2

===========================================================================================
----------------- testing Sun Mar 31 03:51:34 UTC 2019 /home/travis/build/icyphy/ptII/ptolemy/actor/lib/test/auto/ConstraintMonitor3.xml
----------------- Instantiating /home/travis/build/icyphy/ptII/ptolemy/actor/lib/test/auto/ConstraintMonitor3.xml
4 ms. Memory: 878080K Free: 418404K (48%)
----------------- Invoking toplevel() on ptolemy.moml.MoMLSimpleApplication@56106306
----------------- Done invoking toplevel() on ptolemy.moml.MoMLSimpleApplication@56106306
reloadAllAccessors: .ConstraintMonitor3

===========================================================================================
----------------- testing Sun Mar 31 03:51:34 UTC 2019 /home/travis/build/icyphy/ptII/ptolemy/actor/lib/test/auto/ConstraintMonitor4.xml
----------------- Instantiating /home/travis/build/icyphy/ptII/ptolemy/actor/lib/test/auto/ConstraintMonitor4.xml
3 ms. Memory: 878080K Free: 400818K (46%)
----------------- Invoking toplevel() on ptolemy.moml.MoMLSimpleApplication@7dce0f3c
----------------- Done invoking toplevel() on ptolemy.moml.MoMLSimpleApplication@7dce0f3c
reloadAllAccessors: .ConstraintMonitor4

===========================================================================================
----------------- testing Sun Mar 31 03:51:34 UTC 2019 /home/travis/build/icyphy/ptII/ptolemy/actor/lib/test/auto/ConstraintMonitor5.xml
----------------- Instantiating /home/travis/build/icyphy/ptII/ptolemy/actor/lib/test/auto/ConstraintMonitor5.xml
1 ms. Memory: 878080K Free: 390449K (44%)
----------------- Invoking toplevel() on ptolemy.moml.MoMLSimpleApplication@2acdd1d
----------------- Done invoking toplevel() on ptolemy.moml.MoMLSimpleApplication@2acdd1d
reloadAllAccessors: .ConstraintMonitor5

===========================================================================================
----------------- testing Sun Mar 31 03:51:34 UTC 2019 /home/travis/build/icyphy/ptII/ptolemy/actor/lib/test/auto/ConstraintMonitor6.xml
----------------- Instantiating /home/travis/build/icyphy/ptII/ptolemy/actor/lib/test/auto/ConstraintMonitor6.xml
3 ms. Memory: 878080K Free: 380079K (43%)
----------------- Invoking toplevel() on ptolemy.moml.MoMLSimpleApplication@223468d0
----------------- Done invoking toplevel() on ptolemy.moml.MoMLSimpleApplication@223468d0
reloadAllAccessors: .ConstraintMonitor6

===========================================================================================
----------------- testing Sun Mar 31 03:51:34 UTC 2019 /home/travis/build/icyphy/ptII/ptolemy/actor/lib/test/auto/ConstraintMonitor7.xml
----------------- Instantiating /home/travis/build/icyphy/ptII/ptolemy/actor/lib/test/auto/ConstraintMonitor7.xml
5 ms. Memory: 878080K Free: 362493K (41%)
----------------- Invoking toplevel() on ptolemy.moml.MoMLSimpleApplication@b0f9fe9
----------------- Done invoking toplevel() on ptolemy.moml.MoMLSimpleApplication@b0f9fe9
reloadAllAccessors: .ConstraintMonitor7

===========================================================================================
----------------- testing Sun Mar 31 03:51:34 UTC 2019 /home/travis/build/icyphy/ptII/ptolemy/actor/lib/test/auto/ConstraintMonitor8.xml
----------------- Instantiating /home/travis/build/icyphy/ptII/ptolemy/actor/lib/test/auto/ConstraintMonitor8.xml
4 ms. Memory: 878080K Free: 352123K (40%)
----------------- Invoking toplevel() on ptolemy.moml.MoMLSimpleApplication@17518e61
----------------- Done invoking toplevel() on ptolemy.moml.MoMLSimpleApplication@17518e61
reloadAllAccessors: .ConstraintMonitor8

===========================================================================================
----------------- testing Sun Mar 31 03:51:34 UTC 2019 /home/travis/build/icyphy/ptII/ptolemy/actor/lib/test/auto/Counter.xml
----------------- Instantiating /home/travis/build/icyphy/ptII/ptolemy/actor/lib/test/auto/Counter.xml
3 ms. Memory: 878080K Free: 341753K (39%)
----------------- Invoking toplevel() on ptolemy.moml.MoMLSimpleApplication@4f7a63d7
----------------- Done invoking toplevel() on ptolemy.moml.MoMLSimpleApplication@4f7a63d7
reloadAllAccessors: .Counter

===========================================================================================
----------------- testing Sun Mar 31 03:51:34 UTC 2019 /home/travis/build/icyphy/ptII/ptolemy/actor/lib/test/auto/CurrentTimeSDF.xml
----------------- Instantiating /home/travis/build/icyphy/ptII/ptolemy/actor/lib/test/auto/CurrentTimeSDF.xml
2 ms. Memory: 878080K Free: 324167K (37%)
----------------- Invoking toplevel() on ptolemy.moml.MoMLSimpleApplication@7e86c0e0
----------------- Done invoking toplevel() on ptolemy.moml.MoMLSimpleApplication@7e86c0e0
reloadAllAccessors: .CurrentTimeSDF

===========================================================================================
----------------- testing Sun Mar 31 03:51:34 UTC 2019 /home/travis/build/icyphy/ptII/ptolemy/actor/lib/test/auto/DB.xml
----------------- Instantiating /home/travis/build/icyphy/ptII/ptolemy/actor/lib/test/auto/DB.xml
3 ms. Memory: 878080K Free: 313797K (36%)
----------------- Invoking toplevel() on ptolemy.moml.MoMLSimpleApplication@14eba28b
----------------- Done invoking toplevel() on ptolemy.moml.MoMLSimpleApplication@14eba28b
reloadAllAccessors: .DB

===========================================================================================
----------------- testing Sun Mar 31 03:51:34 UTC 2019 /home/travis/build/icyphy/ptII/ptolemy/actor/lib/test/auto/DBDE.xml
----------------- Instantiating /home/travis/build/icyphy/ptII/ptolemy/actor/lib/test/auto/DBDE.xml
2 ms. Memory: 878080K Free: 303428K (35%)
----------------- Invoking toplevel() on ptolemy.moml.MoMLSimpleApplication@631b5db2
----------------- Done invoking toplevel() on ptolemy.moml.MoMLSimpleApplication@631b5db2
reloadAllAccessors: .DBDE

===========================================================================================
----------------- testing Sun Mar 31 03:51:34 UTC 2019 /home/travis/build/icyphy/ptII/ptolemy/actor/lib/test/auto/DateConstructor.xml
----------------- Instantiating /home/travis/build/icyphy/ptII/ptolemy/actor/lib/test/auto/DateConstructor.xml
15 ms. Memory: 878080K Free: 267678K (30%)
----------------- Invoking toplevel() on ptolemy.moml.MoMLSimpleApplication@548ca484
----------------- Done invoking toplevel() on ptolemy.moml.MoMLSimpleApplication@548ca484
reloadAllAccessors: .DateConstructor

===========================================================================================
----------------- testing Sun Mar 31 03:51:34 UTC 2019 /home/travis/build/icyphy/ptII/ptolemy/actor/lib/test/auto/DelayTime.xml
----------------- Instantiating /home/travis/build/icyphy/ptII/ptolemy/actor/lib/test/auto/DelayTime.xml
3 ms. Memory: 878080K Free: 257309K (29%)
----------------- Invoking toplevel() on ptolemy.moml.MoMLSimpleApplication@e0ec7a3
----------------- Done invoking toplevel() on ptolemy.moml.MoMLSimpleApplication@e0ec7a3
reloadAllAccessors: .DelayTime

===========================================================================================
----------------- testing Sun Mar 31 03:51:34 UTC 2019 /home/travis/build/icyphy/ptII/ptolemy/actor/lib/test/auto/Dictionary1.xml
----------------- Instantiating /home/travis/build/icyphy/ptII/ptolemy/actor/lib/test/auto/Dictionary1.xml
2 ms. Memory: 878080K Free: 246939K (28%)
----------------- Invoking toplevel() on ptolemy.moml.MoMLSimpleApplication@163e464d
----------------- Done invoking toplevel() on ptolemy.moml.MoMLSimpleApplication@163e464d
reloadAllAccessors: .Dictionary1

===========================================================================================
----------------- testing Sun Mar 31 03:51:34 UTC 2019 /home/travis/build/icyphy/ptII/ptolemy/actor/lib/test/auto/Dictionary2.xml
----------------- Instantiating /home/travis/build/icyphy/ptII/ptolemy/actor/lib/test/auto/Dictionary2.xml
3 ms. Memory: 878080K Free: 229353K (26%)
----------------- Invoking toplevel() on ptolemy.moml.MoMLSimpleApplication@352130f8
----------------- Done invoking toplevel() on ptolemy.moml.MoMLSimpleApplication@352130f8
reloadAllAccessors: .Dictionary2

===========================================================================================
----------------- testing Sun Mar 31 03:51:34 UTC 2019 /home/travis/build/icyphy/ptII/ptolemy/actor/lib/test/auto/Dictionary3.xml
----------------- Instantiating /home/travis/build/icyphy/ptII/ptolemy/actor/lib/test/auto/Dictionary3.xml
2 ms. Memory: 878080K Free: 218983K (25%)
----------------- Invoking toplevel() on ptolemy.moml.MoMLSimpleApplication@1985217f
----------------- Done invoking toplevel() on ptolemy.moml.MoMLSimpleApplication@1985217f
reloadAllAccessors: .Dictionary3

===========================================================================================
----------------- testing Sun Mar 31 03:51:34 UTC 2019 /home/travis/build/icyphy/ptII/ptolemy/actor/lib/test/auto/Dictionary4.xml
----------------- Instantiating /home/travis/build/icyphy/ptII/ptolemy/actor/lib/test/auto/Dictionary4.xml
3 ms. Memory: 878080K Free: 208614K (24%)
----------------- Invoking toplevel() on ptolemy.moml.MoMLSimpleApplication@7487e1da
----------------- Done invoking toplevel() on ptolemy.moml.MoMLSimpleApplication@7487e1da
reloadAllAccessors: .Dictionary4

===========================================================================================
----------------- testing Sun Mar 31 03:51:34 UTC 2019 /home/travis/build/icyphy/ptII/ptolemy/actor/lib/test/auto/Differential.xml
----------------- Instantiating /home/travis/build/icyphy/ptII/ptolemy/actor/lib/test/auto/Differential.xml
4 ms. Memory: 878080K Free: 198244K (23%)
----------------- Invoking toplevel() on ptolemy.moml.MoMLSimpleApplication@4f36ecd5
----------------- Done invoking toplevel() on ptolemy.moml.MoMLSimpleApplication@4f36ecd5
reloadAllAccessors: .Differential

===========================================================================================
----------------- testing Sun Mar 31 03:51:34 UTC 2019 /home/travis/build/icyphy/ptII/ptolemy/actor/lib/test/auto/Director.xml
----------------- Instantiating /home/travis/build/icyphy/ptII/ptolemy/actor/lib/test/auto/Director.xml
2 ms. Memory: 878080K Free: 180658K (21%)
----------------- Invoking toplevel() on ptolemy.moml.MoMLSimpleApplication@3eaa6f2
----------------- Done invoking toplevel() on ptolemy.moml.MoMLSimpleApplication@3eaa6f2
reloadAllAccessors: .Director

===========================================================================================
----------------- testing Sun Mar 31 03:51:34 UTC 2019 /home/travis/build/icyphy/ptII/ptolemy/actor/lib/test/auto/DiscreteClock.xml
----------------- Instantiating /home/travis/build/icyphy/ptII/ptolemy/actor/lib/test/auto/DiscreteClock.xml
2 ms. Memory: 878080K Free: 170288K (19%)
----------------- Invoking toplevel() on ptolemy.moml.MoMLSimpleApplication@212b2e1e
----------------- Done invoking toplevel() on ptolemy.moml.MoMLSimpleApplication@212b2e1e
reloadAllAccessors: .DiscreteClock

===========================================================================================
----------------- testing Sun Mar 31 03:51:34 UTC 2019 /home/travis/build/icyphy/ptII/ptolemy/actor/lib/test/auto/DiscreteClock10.xml
----------------- Instantiating /home/travis/build/icyphy/ptII/ptolemy/actor/lib/test/auto/DiscreteClock10.xml
4 ms. Memory: 878080K Free: 159918K (18%)
----------------- Invoking toplevel() on ptolemy.moml.MoMLSimpleApplication@15b42a12
----------------- Done invoking toplevel() on ptolemy.moml.MoMLSimpleApplication@15b42a12
reloadAllAccessors: .DiscreteClock10

===========================================================================================
----------------- testing Sun Mar 31 03:51:34 UTC 2019 /home/travis/build/icyphy/ptII/ptolemy/actor/lib/test/auto/DiscreteClock11.xml
----------------- Instantiating /home/travis/build/icyphy/ptII/ptolemy/actor/lib/test/auto/DiscreteClock11.xml
4 ms. Memory: 878080K Free: 142332K (16%)
----------------- Invoking toplevel() on ptolemy.moml.MoMLSimpleApplication@113ef000
----------------- Done invoking toplevel() on ptolemy.moml.MoMLSimpleApplication@113ef000
reloadAllAccessors: .DiscreteClock11

===========================================================================================
----------------- testing Sun Mar 31 03:51:34 UTC 2019 /home/travis/build/icyphy/ptII/ptolemy/actor/lib/test/auto/DiscreteClock12.xml
----------------- Instantiating /home/travis/build/icyphy/ptII/ptolemy/actor/lib/test/auto/DiscreteClock12.xml
2 ms. Memory: 878080K Free: 131963K (15%)
----------------- Invoking toplevel() on ptolemy.moml.MoMLSimpleApplication@49a994dc
----------------- Done invoking toplevel() on ptolemy.moml.MoMLSimpleApplication@49a994dc
reloadAllAccessors: .DiscreteClock12

===========================================================================================
----------------- testing Sun Mar 31 03:51:34 UTC 2019 /home/travis/build/icyphy/ptII/ptolemy/actor/lib/test/auto/DiscreteClock13.xml
----------------- Instantiating /home/travis/build/icyphy/ptII/ptolemy/actor/lib/test/auto/DiscreteClock13.xml
7 ms. Memory: 878080K Free: 121593K (14%)
----------------- Invoking toplevel() on ptolemy.moml.MoMLSimpleApplication@612c94fe
----------------- Done invoking toplevel() on ptolemy.moml.MoMLSimpleApplication@612c94fe
reloadAllAccessors: .DiscreteClock13

===========================================================================================
----------------- testing Sun Mar 31 03:51:34 UTC 2019 /home/travis/build/icyphy/ptII/ptolemy/actor/lib/test/auto/DiscreteClock14.xml
----------------- Instantiating /home/travis/build/icyphy/ptII/ptolemy/actor/lib/test/auto/DiscreteClock14.xml
8 ms. Memory: 878080K Free: 104007K (12%)
----------------- Invoking toplevel() on ptolemy.moml.MoMLSimpleApplication@5d09068f
----------------- Done invoking toplevel() on ptolemy.moml.MoMLSimpleApplication@5d09068f
reloadAllAccessors: .DiscreteClock14

===========================================================================================
----------------- testing Sun Mar 31 03:51:34 UTC 2019 /home/travis/build/icyphy/ptII/ptolemy/actor/lib/test/auto/DiscreteClock15.xml
----------------- Instantiating /home/travis/build/icyphy/ptII/ptolemy/actor/lib/test/auto/DiscreteClock15.xml
6 ms. Memory: 878080K Free: 93637K (11%)
----------------- Invoking toplevel() on ptolemy.moml.MoMLSimpleApplication@4194213a
----------------- Done invoking toplevel() on ptolemy.moml.MoMLSimpleApplication@4194213a
reloadAllAccessors: .DiscreteClock15

===========================================================================================
----------------- testing Sun Mar 31 03:51:34 UTC 2019 /home/travis/build/icyphy/ptII/ptolemy/actor/lib/test/auto/DiscreteClock16.xml
----------------- Instantiating /home/travis/build/icyphy/ptII/ptolemy/actor/lib/test/auto/DiscreteClock16.xml
17 ms. Memory: 878080K Free: 78066K (9%)
----------------- Invoking toplevel() on ptolemy.moml.MoMLSimpleApplication@5362b549
----------------- Done invoking toplevel() on ptolemy.moml.MoMLSimpleApplication@5362b549
reloadAllAccessors: .DiscreteClock16

===========================================================================================
----------------- testing Sun Mar 31 03:51:35 UTC 2019 /home/travis/build/icyphy/ptII/ptolemy/actor/lib/test/auto/DiscreteClock17.xml
----------------- Instantiating /home/travis/build/icyphy/ptII/ptolemy/actor/lib/test/auto/DiscreteClock17.xml
22 ms. Memory: 1345024K Free: 1288053K (96%)
----------------- Invoking toplevel() on ptolemy.moml.MoMLSimpleApplication@7f7677a2
----------------- Done invoking toplevel() on ptolemy.moml.MoMLSimpleApplication@7f7677a2
reloadAllAccessors: .DiscreteClock17

===========================================================================================
----------------- testing Sun Mar 31 03:51:35 UTC 2019 /home/travis/build/icyphy/ptII/ptolemy/actor/lib/test/auto/DiscreteClock18.xml
----------------- Instantiating /home/travis/build/icyphy/ptII/ptolemy/actor/lib/test/auto/DiscreteClock18.xml
17 ms. Memory: 1345024K Free: 1256246K (93%)
----------------- Invoking toplevel() on ptolemy.moml.MoMLSimpleApplication@246cf899
----------------- Done invoking toplevel() on ptolemy.moml.MoMLSimpleApplication@246cf899
reloadAllAccessors: .DiscreteClock18

===========================================================================================
----------------- testing Sun Mar 31 03:51:35 UTC 2019 /home/travis/build/icyphy/ptII/ptolemy/actor/lib/test/auto/DiscreteClock19.xml
----------------- Instantiating /home/travis/build/icyphy/ptII/ptolemy/actor/lib/test/auto/DiscreteClock19.xml
20 ms. Memory: 1345024K Free: 1237392K (92%)
----------------- Invoking toplevel() on ptolemy.moml.MoMLSimpleApplication@6ef46c0c
----------------- Done invoking toplevel() on ptolemy.moml.MoMLSimpleApplication@6ef46c0c
reloadAllAccessors: .DiscreteClock19

===========================================================================================
----------------- testing Sun Mar 31 03:51:35 UTC 2019 /home/travis/build/icyphy/ptII/ptolemy/actor/lib/test/auto/DiscreteClock2.xml
----------------- Instantiating /home/travis/build/icyphy/ptII/ptolemy/actor/lib/test/auto/DiscreteClock2.xml
7 ms. Memory: 1345024K Free: 1224945K (91%)
----------------- Invoking toplevel() on ptolemy.moml.MoMLSimpleApplication@21c60a42
----------------- Done invoking toplevel() on ptolemy.moml.MoMLSimpleApplication@21c60a42
reloadAllAccessors: .DiscreteClock2

===========================================================================================
----------------- testing Sun Mar 31 03:51:35 UTC 2019 /home/travis/build/icyphy/ptII/ptolemy/actor/lib/test/auto/DiscreteClock20.xml
----------------- Instantiating /home/travis/build/icyphy/ptII/ptolemy/actor/lib/test/auto/DiscreteClock20.xml
9 ms. Memory: 1345024K Free: 1203609K (89%)
----------------- Invoking toplevel() on ptolemy.moml.MoMLSimpleApplication@25fdac54
----------------- Done invoking toplevel() on ptolemy.moml.MoMLSimpleApplication@25fdac54
reloadAllAccessors: .DiscreteClock20

===========================================================================================
----------------- testing Sun Mar 31 03:51:35 UTC 2019 /home/travis/build/icyphy/ptII/ptolemy/actor/lib/test/auto/DiscreteClock21.xml
----------------- Instantiating /home/travis/build/icyphy/ptII/ptolemy/actor/lib/test/auto/DiscreteClock21.xml
7 ms. Memory: 1345024K Free: 1191162K (89%)
----------------- Invoking toplevel() on ptolemy.moml.MoMLSimpleApplication@78888b73
----------------- Done invoking toplevel() on ptolemy.moml.MoMLSimpleApplication@78888b73
reloadAllAccessors: .DiscreteClock21

===========================================================================================
----------------- testing Sun Mar 31 03:51:35 UTC 2019 /home/travis/build/icyphy/ptII/ptolemy/actor/lib/test/auto/DiscreteClock22.xml
----------------- Instantiating /home/travis/build/icyphy/ptII/ptolemy/actor/lib/test/auto/DiscreteClock22.xml
8 ms. Memory: 1345024K Free: 1178715K (88%)
----------------- Invoking toplevel() on ptolemy.moml.MoMLSimpleApplication@3600710
----------------- Done invoking toplevel() on ptolemy.moml.MoMLSimpleApplication@3600710
reloadAllAccessors: .DiscreteClock22

===========================================================================================
----------------- testing Sun Mar 31 03:51:35 UTC 2019 /home/travis/build/icyphy/ptII/ptolemy/actor/lib/test/auto/DiscreteClock23.xml
----------------- Instantiating /home/travis/build/icyphy/ptII/ptolemy/actor/lib/test/auto/DiscreteClock23.xml
3 ms. Memory: 1345024K Free: 1166268K (87%)
----------------- Invoking toplevel() on ptolemy.moml.MoMLSimpleApplication@4c24c4d9
----------------- Done invoking toplevel() on ptolemy.moml.MoMLSimpleApplication@4c24c4d9
reloadAllAccessors: .DiscreteClock23

===========================================================================================
----------------- testing Sun Mar 31 03:51:35 UTC 2019 /home/travis/build/icyphy/ptII/ptolemy/actor/lib/test/auto/DiscreteClock24.xml
----------------- Instantiating /home/travis/build/icyphy/ptII/ptolemy/actor/lib/test/auto/DiscreteClock24.xml
7 ms. Memory: 1345024K Free: 1144932K (85%)
----------------- Invoking toplevel() on ptolemy.moml.MoMLSimpleApplication@1ba55022
----------------- Done invoking toplevel() on ptolemy.moml.MoMLSimpleApplication@1ba55022
reloadAllAccessors: .DiscreteClock24

===========================================================================================
----------------- testing Sun Mar 31 03:51:35 UTC 2019 /home/travis/build/icyphy/ptII/ptolemy/actor/lib/test/auto/DiscreteClock4.xml
----------------- Instantiating /home/travis/build/icyphy/ptII/ptolemy/actor/lib/test/auto/DiscreteClock4.xml
4 ms. Memory: 1345024K Free: 1132485K (84%)
----------------- Invoking toplevel() on ptolemy.moml.MoMLSimpleApplication@cfc343c
----------------- Done invoking toplevel() on ptolemy.moml.MoMLSimpleApplication@cfc343c
reloadAllAccessors: .DiscreteClock4

===========================================================================================
----------------- testing Sun Mar 31 03:51:35 UTC 2019 /home/travis/build/icyphy/ptII/ptolemy/actor/lib/test/auto/DiscreteClock5.xml
----------------- Instantiating /home/travis/build/icyphy/ptII/ptolemy/actor/lib/test/auto/DiscreteClock5.xml
1 ms. Memory: 1345024K Free: 1120039K (83%)
----------------- Invoking toplevel() on ptolemy.moml.MoMLSimpleApplication@21798b71
----------------- Done invoking toplevel() on ptolemy.moml.MoMLSimpleApplication@21798b71
reloadAllAccessors: .DiscreteClock5

===========================================================================================
----------------- testing Sun Mar 31 03:51:35 UTC 2019 /home/travis/build/icyphy/ptII/ptolemy/actor/lib/test/auto/DiscreteClock6.xml
----------------- Instantiating /home/travis/build/icyphy/ptII/ptolemy/actor/lib/test/auto/DiscreteClock6.xml
1 ms. Memory: 1345024K Free: 1107592K (82%)
----------------- Invoking toplevel() on ptolemy.moml.MoMLSimpleApplication@23d9d1c4
----------------- Done invoking toplevel() on ptolemy.moml.MoMLSimpleApplication@23d9d1c4
reloadAllAccessors: .DiscreteClock6

===========================================================================================
----------------- testing Sun Mar 31 03:51:35 UTC 2019 /home/travis/build/icyphy/ptII/ptolemy/actor/lib/test/auto/DiscreteClock7.xml
----------------- Instantiating /home/travis/build/icyphy/ptII/ptolemy/actor/lib/test/auto/DiscreteClock7.xml
2 ms. Memory: 1345024K Free: 1086256K (81%)
----------------- Invoking toplevel() on ptolemy.moml.MoMLSimpleApplication@68a3dabb
----------------- Done invoking toplevel() on ptolemy.moml.MoMLSimpleApplication@68a3dabb
reloadAllAccessors: .DiscreteClock7

===========================================================================================
----------------- testing Sun Mar 31 03:51:35 UTC 2019 /home/travis/build/icyphy/ptII/ptolemy/actor/lib/test/auto/DiscreteClock8.xml
----------------- Instantiating /home/travis/build/icyphy/ptII/ptolemy/actor/lib/test/auto/DiscreteClock8.xml
7 ms. Memory: 1345024K Free: 1073809K (80%)
----------------- Invoking toplevel() on ptolemy.moml.MoMLSimpleApplication@17f55e15
----------------- Done invoking toplevel() on ptolemy.moml.MoMLSimpleApplication@17f55e15
reloadAllAccessors: .DiscreteClock8

===========================================================================================
----------------- testing Sun Mar 31 03:51:35 UTC 2019 /home/travis/build/icyphy/ptII/ptolemy/actor/lib/test/auto/DiscreteClock9.xml
----------------- Instantiating /home/travis/build/icyphy/ptII/ptolemy/actor/lib/test/auto/DiscreteClock9.xml
6 ms. Memory: 1345024K Free: 1061362K (79%)
----------------- Invoking toplevel() on ptolemy.moml.MoMLSimpleApplication@542d01ec
----------------- Done invoking toplevel() on ptolemy.moml.MoMLSimpleApplication@542d01ec
reloadAllAccessors: .DiscreteClock9

===========================================================================================
----------------- testing Sun Mar 31 03:51:35 UTC 2019 /home/travis/build/icyphy/ptII/ptolemy/actor/lib/test/auto/DisplayArray.xml
----------------- Instantiating /home/travis/build/icyphy/ptII/ptolemy/actor/lib/test/auto/DisplayArray.xml
2 ms. Memory: 1345024K Free: 1048915K (78%)
----------------- Invoking toplevel() on ptolemy.moml.MoMLSimpleApplication@467901e9
----------------- Done invoking toplevel() on ptolemy.moml.MoMLSimpleApplication@467901e9
reloadAllAccessors: .DisplayArray

===========================================================================================
----------------- testing Sun Mar 31 03:51:35 UTC 2019 /home/travis/build/icyphy/ptII/ptolemy/actor/lib/test/auto/Distributor.xml
----------------- Instantiating /home/travis/build/icyphy/ptII/ptolemy/actor/lib/test/auto/Distributor.xml
1 ms. Memory: 1345024K Free: 1027579K (76%)
----------------- Invoking toplevel() on ptolemy.moml.MoMLSimpleApplication@12b20c5a
----------------- Done invoking toplevel() on ptolemy.moml.MoMLSimpleApplication@12b20c5a
reloadAllAccessors: .Distributor

===========================================================================================
----------------- testing Sun Mar 31 03:51:35 UTC 2019 /home/travis/build/icyphy/ptII/ptolemy/actor/lib/test/auto/Distributor2.xml
----------------- Instantiating /home/travis/build/icyphy/ptII/ptolemy/actor/lib/test/auto/Distributor2.xml
1 ms. Memory: 1364992K Free: 1301638K (95%)
----------------- Invoking toplevel() on ptolemy.moml.MoMLSimpleApplication@43cfac76
----------------- Done invoking toplevel() on ptolemy.moml.MoMLSimpleApplication@43cfac76
reloadAllAccessors: .Distributor2

===========================================================================================
----------------- testing Sun Mar 31 03:51:36 UTC 2019 /home/travis/build/icyphy/ptII/ptolemy/actor/lib/test/auto/DownSample.xml
----------------- Instantiating /home/travis/build/icyphy/ptII/ptolemy/actor/lib/test/auto/DownSample.xml
1 ms. Memory: 1364992K Free: 1280302K (94%)
----------------- Invoking toplevel() on ptolemy.moml.MoMLSimpleApplication@54ae64a8
----------------- Done invoking toplevel() on ptolemy.moml.MoMLSimpleApplication@54ae64a8
reloadAllAccessors: .DownSample

===========================================================================================
----------------- testing Sun Mar 31 03:51:36 UTC 2019 /home/travis/build/icyphy/ptII/ptolemy/actor/lib/test/auto/ElectronicUnitBase1.xml
----------------- Instantiating /home/travis/build/icyphy/ptII/ptolemy/actor/lib/test/auto/ElectronicUnitBase1.xml
20 ms. Memory: 1364992K Free: 1255400K (92%)
----------------- Invoking toplevel() on ptolemy.moml.MoMLSimpleApplication@4e76bb91
----------------- Done invoking toplevel() on ptolemy.moml.MoMLSimpleApplication@4e76bb91
reloadAllAccessors: .ElectronicUnitBase1

===========================================================================================
----------------- testing Sun Mar 31 03:51:36 UTC 2019 /home/travis/build/icyphy/ptII/ptolemy/actor/lib/test/auto/ElementsToArray.xml
----------------- Instantiating /home/travis/build/icyphy/ptII/ptolemy/actor/lib/test/auto/ElementsToArray.xml
1 ms. Memory: 1364992K Free: 1242953K (91%)
----------------- Invoking toplevel() on ptolemy.moml.MoMLSimpleApplication@3f640e1b
----------------- Done invoking toplevel() on ptolemy.moml.MoMLSimpleApplication@3f640e1b
reloadAllAccessors: .ElementsToArray

===========================================================================================
----------------- testing Sun Mar 31 03:51:36 UTC 2019 /home/travis/build/icyphy/ptII/ptolemy/actor/lib/test/auto/Equals.xml
----------------- Instantiating /home/travis/build/icyphy/ptII/ptolemy/actor/lib/test/auto/Equals.xml
1 ms. Memory: 1364992K Free: 1221617K (89%)
----------------- Invoking toplevel() on ptolemy.moml.MoMLSimpleApplication@3025d198
----------------- Done invoking toplevel() on ptolemy.moml.MoMLSimpleApplication@3025d198
reloadAllAccessors: .Equals

===========================================================================================
----------------- testing Sun Mar 31 03:51:36 UTC 2019 /home/travis/build/icyphy/ptII/ptolemy/actor/lib/test/auto/Exec.xml
----------------- Instantiating /home/travis/build/icyphy/ptII/ptolemy/actor/lib/test/auto/Exec.xml
9 ms. Memory: 1364992K Free: 1190500K (87%)
----------------- Invoking toplevel() on ptolemy.moml.MoMLSimpleApplication@756f7903
----------------- Done invoking toplevel() on ptolemy.moml.MoMLSimpleApplication@756f7903
reloadAllAccessors: .Exec

===========================================================================================
----------------- testing Sun Mar 31 03:51:36 UTC 2019 /home/travis/build/icyphy/ptII/ptolemy/actor/lib/test/auto/ExecEnvironment.xml
----------------- Instantiating /home/travis/build/icyphy/ptII/ptolemy/actor/lib/test/auto/ExecEnvironment.xml
27 ms. Memory: 1364992K Free: 1171830K (86%)
----------------- Invoking toplevel() on ptolemy.moml.MoMLSimpleApplication@189ee1b2
----------------- Done invoking toplevel() on ptolemy.moml.MoMLSimpleApplication@189ee1b2
reloadAllAccessors: .ExecEnvironment

===========================================================================================
----------------- testing Sun Mar 31 03:51:36 UTC 2019 /home/travis/build/icyphy/ptII/ptolemy/actor/lib/test/auto/ExecNonZeroReturnOutput.xml
----------------- Instantiating /home/travis/build/icyphy/ptII/ptolemy/actor/lib/test/auto/ExecNonZeroReturnOutput.xml
124 ms. Memory: 1364992K Free: 1078478K (79%)
----------------- Invoking toplevel() on ptolemy.moml.MoMLSimpleApplication@6445f037
----------------- Done invoking toplevel() on ptolemy.moml.MoMLSimpleApplication@6445f037
reloadAllAccessors: .ExecNonZeroReturnOutput

===========================================================================================
----------------- testing Sun Mar 31 03:51:36 UTC 2019 /home/travis/build/icyphy/ptII/ptolemy/actor/lib/test/auto/ExecRunDemos.xml
----------------- Instantiating /home/travis/build/icyphy/ptII/ptolemy/actor/lib/test/auto/ExecRunDemos.xml
Finished: 63 ms. Memory: 116224K Free: 100672K (87%)

Finished: 51 ms. Memory: 116224K Free: 97677K (84%)

Finished: 42 ms. Memory: 116224K Free: 98219K (85%)

Finished: 38 ms. Memory: 116224K Free: 99544K (86%)

Finished: 58 ms. Memory: 116224K Free: 100658K (87%)

9293 ms. Memory: 1364992K Free: 982257K (72%)
----------------- Invoking toplevel() on ptolemy.moml.MoMLSimpleApplication@6314f751
----------------- Done invoking toplevel() on ptolemy.moml.MoMLSimpleApplication@6314f751
reloadAllAccessors: .ExecRunDemos

===========================================================================================
----------------- testing Sun Mar 31 03:51:45 UTC 2019 /home/travis/build/icyphy/ptII/ptolemy/actor/lib/test/auto/ExecStop.xml
----------------- Instantiating /home/travis/build/icyphy/ptII/ptolemy/actor/lib/test/auto/ExecStop.xml
5009 ms. Memory: 1364992K Free: 776885K (57%)
----------------- Invoking toplevel() on ptolemy.moml.MoMLSimpleApplication@1ce42cd
----------------- Done invoking toplevel() on ptolemy.moml.MoMLSimpleApplication@1ce42cd
reloadAllAccessors: .ExecStop

===========================================================================================
----------------- testing Sun Mar 31 03:51:50 UTC 2019 /home/travis/build/icyphy/ptII/ptolemy/actor/lib/test/auto/ExecutionTimeSDF.xml
----------------- Instantiating /home/travis/build/icyphy/ptII/ptolemy/actor/lib/test/auto/ExecutionTimeSDF.xml
Fired ExecutionTime: 1474400000
Fired ExecutionTime: 1000800000
Fired ExecutionTime: -1704967296
6005 ms. Memory: 1364992K Free: 758215K (56%)
----------------- Invoking toplevel() on ptolemy.moml.MoMLSimpleApplication@263756d8
----------------- Done invoking toplevel() on ptolemy.moml.MoMLSimpleApplication@263756d8
reloadAllAccessors: .ExecutionTimeSDF

===========================================================================================
----------------- testing Sun Mar 31 03:51:56 UTC 2019 /home/travis/build/icyphy/ptII/ptolemy/actor/lib/test/auto/Expression1.xml
----------------- Instantiating /home/travis/build/icyphy/ptII/ptolemy/actor/lib/test/auto/Expression1.xml
2 ms. Memory: 1364992K Free: 745768K (55%)
----------------- Invoking toplevel() on ptolemy.moml.MoMLSimpleApplication@6e0f7d8c
----------------- Done invoking toplevel() on ptolemy.moml.MoMLSimpleApplication@6e0f7d8c
reloadAllAccessors: .Expression1

===========================================================================================
----------------- testing Sun Mar 31 03:51:56 UTC 2019 /home/travis/build/icyphy/ptII/ptolemy/actor/lib/test/auto/Expression10.xml
----------------- Instantiating /home/travis/build/icyphy/ptII/ptolemy/actor/lib/test/auto/Expression10.xml
4 ms. Memory: 1364992K Free: 724432K (53%)
----------------- Invoking toplevel() on ptolemy.moml.MoMLSimpleApplication@1fb76522
----------------- Done invoking toplevel() on ptolemy.moml.MoMLSimpleApplication@1fb76522
reloadAllAccessors: .Expression10

===========================================================================================
----------------- testing Sun Mar 31 03:51:56 UTC 2019 /home/travis/build/icyphy/ptII/ptolemy/actor/lib/test/auto/Expression11.xml
----------------- Instantiating /home/travis/build/icyphy/ptII/ptolemy/actor/lib/test/auto/Expression11.xml
2 ms. Memory: 1364992K Free: 711985K (52%)
----------------- Invoking toplevel() on ptolemy.moml.MoMLSimpleApplication@57be51eb
----------------- Done invoking toplevel() on ptolemy.moml.MoMLSimpleApplication@57be51eb
reloadAllAccessors: .Expression11

===========================================================================================
----------------- testing Sun Mar 31 03:51:56 UTC 2019 /home/travis/build/icyphy/ptII/ptolemy/actor/lib/test/auto/Expression12.xml
----------------- Instantiating /home/travis/build/icyphy/ptII/ptolemy/actor/lib/test/auto/Expression12.xml
3 ms. Memory: 1364992K Free: 699538K (51%)
----------------- Invoking toplevel() on ptolemy.moml.MoMLSimpleApplication@2c156cca
----------------- Done invoking toplevel() on ptolemy.moml.MoMLSimpleApplication@2c156cca
reloadAllAccessors: .Expression12

===========================================================================================
----------------- testing Sun Mar 31 03:51:56 UTC 2019 /home/travis/build/icyphy/ptII/ptolemy/actor/lib/test/auto/Expression13.xml
----------------- Instantiating /home/travis/build/icyphy/ptII/ptolemy/actor/lib/test/auto/Expression13.xml
3 ms. Memory: 1364992K Free: 687092K (50%)
----------------- Invoking toplevel() on ptolemy.moml.MoMLSimpleApplication@6ce19b6e
----------------- Done invoking toplevel() on ptolemy.moml.MoMLSimpleApplication@6ce19b6e
reloadAllAccessors: .Expression13

===========================================================================================
----------------- testing Sun Mar 31 03:51:56 UTC 2019 /home/travis/build/icyphy/ptII/ptolemy/actor/lib/test/auto/Expression14.xml
----------------- Instantiating /home/travis/build/icyphy/ptII/ptolemy/actor/lib/test/auto/Expression14.xml
4 ms. Memory: 1364992K Free: 665755K (49%)
----------------- Invoking toplevel() on ptolemy.moml.MoMLSimpleApplication@4baa76e8
----------------- Done invoking toplevel() on ptolemy.moml.MoMLSimpleApplication@4baa76e8
reloadAllAccessors: .Expression14

===========================================================================================
----------------- testing Sun Mar 31 03:51:56 UTC 2019 /home/travis/build/icyphy/ptII/ptolemy/actor/lib/test/auto/Expression15.xml
----------------- Instantiating /home/travis/build/icyphy/ptII/ptolemy/actor/lib/test/auto/Expression15.xml
2 ms. Memory: 1364992K Free: 653308K (48%)
----------------- Invoking toplevel() on ptolemy.moml.MoMLSimpleApplication@5bb11562
----------------- Done invoking toplevel() on ptolemy.moml.MoMLSimpleApplication@5bb11562
reloadAllAccessors: .Expression15

===========================================================================================
----------------- testing Sun Mar 31 03:51:56 UTC 2019 /home/travis/build/icyphy/ptII/ptolemy/actor/lib/test/auto/Expression16.xml
----------------- Instantiating /home/travis/build/icyphy/ptII/ptolemy/actor/lib/test/auto/Expression16.xml
2 ms. Memory: 1364992K Free: 640862K (47%)
----------------- Invoking toplevel() on ptolemy.moml.MoMLSimpleApplication@657c7758
----------------- Done invoking toplevel() on ptolemy.moml.MoMLSimpleApplication@657c7758
reloadAllAccessors: .Expression16

===========================================================================================
----------------- testing Sun Mar 31 03:51:56 UTC 2019 /home/travis/build/icyphy/ptII/ptolemy/actor/lib/test/auto/Expression17.xml
----------------- Instantiating /home/travis/build/icyphy/ptII/ptolemy/actor/lib/test/auto/Expression17.xml
2 ms. Memory: 1364992K Free: 628415K (46%)
----------------- Invoking toplevel() on ptolemy.moml.MoMLSimpleApplication@23050dba
----------------- Done invoking toplevel() on ptolemy.moml.MoMLSimpleApplication@23050dba
reloadAllAccessors: .Expression17

===========================================================================================
----------------- testing Sun Mar 31 03:51:56 UTC 2019 /home/travis/build/icyphy/ptII/ptolemy/actor/lib/test/auto/Expression18.xml
----------------- Instantiating /home/travis/build/icyphy/ptII/ptolemy/actor/lib/test/auto/Expression18.xml
1 ms. Memory: 1364992K Free: 607079K (44%)
----------------- Invoking toplevel() on ptolemy.moml.MoMLSimpleApplication@12022b22
----------------- Done invoking toplevel() on ptolemy.moml.MoMLSimpleApplication@12022b22
reloadAllAccessors: .Expression18

===========================================================================================
----------------- testing Sun Mar 31 03:51:56 UTC 2019 /home/travis/build/icyphy/ptII/ptolemy/actor/lib/test/auto/Expression2.xml
----------------- Instantiating /home/travis/build/icyphy/ptII/ptolemy/actor/lib/test/auto/Expression2.xml
3 ms. Memory: 1364992K Free: 594632K (44%)
----------------- Invoking toplevel() on ptolemy.moml.MoMLSimpleApplication@2517c4be
----------------- Done invoking toplevel() on ptolemy.moml.MoMLSimpleApplication@2517c4be
reloadAllAccessors: .Expression2

===========================================================================================
----------------- testing Sun Mar 31 03:51:56 UTC 2019 /home/travis/build/icyphy/ptII/ptolemy/actor/lib/test/auto/Expression3.xml
----------------- Instantiating /home/travis/build/icyphy/ptII/ptolemy/actor/lib/test/auto/Expression3.xml
3 ms. Memory: 1364992K Free: 574095K (42%)
----------------- Invoking toplevel() on ptolemy.moml.MoMLSimpleApplication@7e0494f5
----------------- Done invoking toplevel() on ptolemy.moml.MoMLSimpleApplication@7e0494f5
reloadAllAccessors: .Expression3

===========================================================================================
----------------- testing Sun Mar 31 03:51:56 UTC 2019 /home/travis/build/icyphy/ptII/ptolemy/actor/lib/test/auto/Expression4.xml
----------------- Instantiating /home/travis/build/icyphy/ptII/ptolemy/actor/lib/test/auto/Expression4.xml
3 ms. Memory: 1364992K Free: 561648K (41%)
----------------- Invoking toplevel() on ptolemy.moml.MoMLSimpleApplication@1ba9ca40
----------------- Done invoking toplevel() on ptolemy.moml.MoMLSimpleApplication@1ba9ca40
reloadAllAccessors: .Expression4

===========================================================================================
----------------- testing Sun Mar 31 03:51:56 UTC 2019 /home/travis/build/icyphy/ptII/ptolemy/actor/lib/test/auto/Expression5.xml
----------------- Instantiating /home/travis/build/icyphy/ptII/ptolemy/actor/lib/test/auto/Expression5.xml
3 ms. Memory: 1364992K Free: 540312K (40%)
----------------- Invoking toplevel() on ptolemy.moml.MoMLSimpleApplication@169383ed
----------------- Done invoking toplevel() on ptolemy.moml.MoMLSimpleApplication@169383ed
reloadAllAccessors: .Expression5

===========================================================================================
----------------- testing Sun Mar 31 03:51:56 UTC 2019 /home/travis/build/icyphy/ptII/ptolemy/actor/lib/test/auto/Expression6.xml
----------------- Instantiating /home/travis/build/icyphy/ptII/ptolemy/actor/lib/test/auto/Expression6.xml
3 ms. Memory: 1364992K Free: 527865K (39%)
----------------- Invoking toplevel() on ptolemy.moml.MoMLSimpleApplication@7ef2da61
----------------- Done invoking toplevel() on ptolemy.moml.MoMLSimpleApplication@7ef2da61
reloadAllAccessors: .Expression6

===========================================================================================
----------------- testing Sun Mar 31 03:51:56 UTC 2019 /home/travis/build/icyphy/ptII/ptolemy/actor/lib/test/auto/Expression7.xml
----------------- Instantiating /home/travis/build/icyphy/ptII/ptolemy/actor/lib/test/auto/Expression7.xml
2 ms. Memory: 1364992K Free: 515418K (38%)
----------------- Invoking toplevel() on ptolemy.moml.MoMLSimpleApplication@46f21dc5
----------------- Done invoking toplevel() on ptolemy.moml.MoMLSimpleApplication@46f21dc5
reloadAllAccessors: .Expression7

===========================================================================================
----------------- testing Sun Mar 31 03:51:57 UTC 2019 /home/travis/build/icyphy/ptII/ptolemy/actor/lib/test/auto/Expression8.xml
----------------- Instantiating /home/travis/build/icyphy/ptII/ptolemy/actor/lib/test/auto/Expression8.xml
4 ms. Memory: 1364992K Free: 502971K (37%)
----------------- Invoking toplevel() on ptolemy.moml.MoMLSimpleApplication@23388db5
----------------- Done invoking toplevel() on ptolemy.moml.MoMLSimpleApplication@23388db5
reloadAllAccessors: .Expression8

===========================================================================================
----------------- testing Sun Mar 31 03:51:57 UTC 2019 /home/travis/build/icyphy/ptII/ptolemy/actor/lib/test/auto/Expression9.xml
----------------- Instantiating /home/travis/build/icyphy/ptII/ptolemy/actor/lib/test/auto/Expression9.xml
2 ms. Memory: 1364992K Free: 481635K (35%)
----------------- Invoking toplevel() on ptolemy.moml.MoMLSimpleApplication@41b9fd65
----------------- Done invoking toplevel() on ptolemy.moml.MoMLSimpleApplication@41b9fd65
reloadAllAccessors: .Expression9

===========================================================================================
----------------- testing Sun Mar 31 03:51:57 UTC 2019 /home/travis/build/icyphy/ptII/ptolemy/actor/lib/test/auto/ExpressionConcatenateArrayType.xml
----------------- Instantiating /home/travis/build/icyphy/ptII/ptolemy/actor/lib/test/auto/ExpressionConcatenateArrayType.xml
2 ms. Memory: 1364992K Free: 469188K (34%)
----------------- Invoking toplevel() on ptolemy.moml.MoMLSimpleApplication@75a30e5a
----------------- Done invoking toplevel() on ptolemy.moml.MoMLSimpleApplication@75a30e5a
reloadAllAccessors: .ExpressionConcatenateArrayType

===========================================================================================
----------------- testing Sun Mar 31 03:51:57 UTC 2019 /home/travis/build/icyphy/ptII/ptolemy/actor/lib/test/auto/ExpressionConcatenateArrayType2.xml
----------------- Instantiating /home/travis/build/icyphy/ptII/ptolemy/actor/lib/test/auto/ExpressionConcatenateArrayType2.xml
2 ms. Memory: 1364992K Free: 456742K (33%)
----------------- Invoking toplevel() on ptolemy.moml.MoMLSimpleApplication@6008f1c7
----------------- Done invoking toplevel() on ptolemy.moml.MoMLSimpleApplication@6008f1c7
reloadAllAccessors: .ExpressionConcatenateArrayType2

===========================================================================================
----------------- testing Sun Mar 31 03:51:57 UTC 2019 /home/travis/build/icyphy/ptII/ptolemy/actor/lib/test/auto/ExpressionFix.xml
----------------- Instantiating /home/travis/build/icyphy/ptII/ptolemy/actor/lib/test/auto/ExpressionFix.xml
8 ms. Memory: 1364992K Free: 444295K (33%)
----------------- Invoking toplevel() on ptolemy.moml.MoMLSimpleApplication@2d241bb0
----------------- Done invoking toplevel() on ptolemy.moml.MoMLSimpleApplication@2d241bb0
reloadAllAccessors: .ExpressionFix

===========================================================================================
----------------- testing Sun Mar 31 03:51:57 UTC 2019 /home/travis/build/icyphy/ptII/ptolemy/actor/lib/test/auto/ExpressionFix2.xml
----------------- Instantiating /home/travis/build/icyphy/ptII/ptolemy/actor/lib/test/auto/ExpressionFix2.xml
2 ms. Memory: 1364992K Free: 422958K (31%)
----------------- Invoking toplevel() on ptolemy.moml.MoMLSimpleApplication@4fdc12c3
----------------- Done invoking toplevel() on ptolemy.moml.MoMLSimpleApplication@4fdc12c3
reloadAllAccessors: .ExpressionFix2

===========================================================================================
----------------- testing Sun Mar 31 03:51:57 UTC 2019 /home/travis/build/icyphy/ptII/ptolemy/actor/lib/test/auto/ExpressionFix3.xml
----------------- Instantiating /home/travis/build/icyphy/ptII/ptolemy/actor/lib/test/auto/ExpressionFix3.xml
3 ms. Memory: 1364992K Free: 410512K (30%)
----------------- Invoking toplevel() on ptolemy.moml.MoMLSimpleApplication@2569752b
----------------- Done invoking toplevel() on ptolemy.moml.MoMLSimpleApplication@2569752b
reloadAllAccessors: .ExpressionFix3

===========================================================================================
----------------- testing Sun Mar 31 03:51:57 UTC 2019 /home/travis/build/icyphy/ptII/ptolemy/actor/lib/test/auto/FileWriter1.xml
----------------- Instantiating /home/travis/build/icyphy/ptII/ptolemy/actor/lib/test/auto/FileWriter1.xml
2 ms. Memory: 1364992K Free: 398065K (29%)
----------------- Invoking toplevel() on ptolemy.moml.MoMLSimpleApplication@6ae9bee
----------------- Done invoking toplevel() on ptolemy.moml.MoMLSimpleApplication@6ae9bee
reloadAllAccessors: .FileWriter1

===========================================================================================
----------------- testing Sun Mar 31 03:51:57 UTC 2019 /home/travis/build/icyphy/ptII/ptolemy/actor/lib/test/auto/FileWriter2.xml
----------------- Instantiating /home/travis/build/icyphy/ptII/ptolemy/actor/lib/test/auto/FileWriter2.xml
3 ms. Memory: 1364992K Free: 376729K (28%)
----------------- Invoking toplevel() on ptolemy.moml.MoMLSimpleApplication@1680508d
----------------- Done invoking toplevel() on ptolemy.moml.MoMLSimpleApplication@1680508d
reloadAllAccessors: .FileWriter2

===========================================================================================
----------------- testing Sun Mar 31 03:51:57 UTC 2019 /home/travis/build/icyphy/ptII/ptolemy/actor/lib/test/auto/FileWriter3.xml
----------------- Instantiating /home/travis/build/icyphy/ptII/ptolemy/actor/lib/test/auto/FileWriter3.xml
7 ms. Memory: 1364992K Free: 364282K (27%)
----------------- Invoking toplevel() on ptolemy.moml.MoMLSimpleApplication@11d60e9
----------------- Done invoking toplevel() on ptolemy.moml.MoMLSimpleApplication@11d60e9
reloadAllAccessors: .FileWriter3

===========================================================================================
----------------- testing Sun Mar 31 03:51:57 UTC 2019 /home/travis/build/icyphy/ptII/ptolemy/actor/lib/test/auto/Gaussian.xml
----------------- Instantiating /home/travis/build/icyphy/ptII/ptolemy/actor/lib/test/auto/Gaussian.xml
2 ms. Memory: 1364992K Free: 351835K (26%)
----------------- Invoking toplevel() on ptolemy.moml.MoMLSimpleApplication@7d5e6757
----------------- Done invoking toplevel() on ptolemy.moml.MoMLSimpleApplication@7d5e6757
reloadAllAccessors: .Gaussian

===========================================================================================
----------------- testing Sun Mar 31 03:51:57 UTC 2019 /home/travis/build/icyphy/ptII/ptolemy/actor/lib/test/auto/Gaussian1.xml
----------------- Instantiating /home/travis/build/icyphy/ptII/ptolemy/actor/lib/test/auto/Gaussian1.xml
2 ms. Memory: 1364992K Free: 339388K (25%)
----------------- Invoking toplevel() on ptolemy.moml.MoMLSimpleApplication@7b6e8579
----------------- Done invoking toplevel() on ptolemy.moml.MoMLSimpleApplication@7b6e8579
reloadAllAccessors: .Gaussian1

===========================================================================================
----------------- testing Sun Mar 31 03:51:57 UTC 2019 /home/travis/build/icyphy/ptII/ptolemy/actor/lib/test/auto/Gaussian2.xml
----------------- Instantiating /home/travis/build/icyphy/ptII/ptolemy/actor/lib/test/auto/Gaussian2.xml
2 ms. Memory: 1364992K Free: 318052K (23%)
----------------- Invoking toplevel() on ptolemy.moml.MoMLSimpleApplication@4cf25f5f
----------------- Done invoking toplevel() on ptolemy.moml.MoMLSimpleApplication@4cf25f5f
reloadAllAccessors: .Gaussian2

===========================================================================================
----------------- testing Sun Mar 31 03:51:57 UTC 2019 /home/travis/build/icyphy/ptII/ptolemy/actor/lib/test/auto/GradientAdaptiveLattice.xml
----------------- Instantiating /home/travis/build/icyphy/ptII/ptolemy/actor/lib/test/auto/GradientAdaptiveLattice.xml
2 ms. Memory: 1364992K Free: 305605K (22%)
----------------- Invoking toplevel() on ptolemy.moml.MoMLSimpleApplication@5753a929
----------------- Done invoking toplevel() on ptolemy.moml.MoMLSimpleApplication@5753a929
reloadAllAccessors: .GradientAdaptiveLattice

===========================================================================================
----------------- testing Sun Mar 31 03:51:57 UTC 2019 /home/travis/build/icyphy/ptII/ptolemy/actor/lib/test/auto/IIR.xml
----------------- Instantiating /home/travis/build/icyphy/ptII/ptolemy/actor/lib/test/auto/IIR.xml
2 ms. Memory: 1364992K Free: 293159K (21%)
----------------- Invoking toplevel() on ptolemy.moml.MoMLSimpleApplication@444fed96
----------------- Done invoking toplevel() on ptolemy.moml.MoMLSimpleApplication@444fed96
reloadAllAccessors: .IIR

===========================================================================================
----------------- testing Sun Mar 31 03:51:57 UTC 2019 /home/travis/build/icyphy/ptII/ptolemy/actor/lib/test/auto/InputOutputTransparentPorts.xml
----------------- Instantiating /home/travis/build/icyphy/ptII/ptolemy/actor/lib/test/auto/InputOutputTransparentPorts.xml
2 ms. Memory: 1364992K Free: 280712K (21%)
----------------- Invoking toplevel() on ptolemy.moml.MoMLSimpleApplication@1c8f8799
----------------- Done invoking toplevel() on ptolemy.moml.MoMLSimpleApplication@1c8f8799
reloadAllAccessors: .InputOutputTransparentPorts

===========================================================================================
----------------- testing Sun Mar 31 03:51:57 UTC 2019 /home/travis/build/icyphy/ptII/ptolemy/actor/lib/test/auto/Interpolator.xml
----------------- Instantiating /home/travis/build/icyphy/ptII/ptolemy/actor/lib/test/auto/Interpolator.xml
4 ms. Memory: 1364992K Free: 259376K (19%)
----------------- Invoking toplevel() on ptolemy.moml.MoMLSimpleApplication@7ea67c46
----------------- Done invoking toplevel() on ptolemy.moml.MoMLSimpleApplication@7ea67c46
reloadAllAccessors: .Interpolator

===========================================================================================
----------------- testing Sun Mar 31 03:51:57 UTC 2019 /home/travis/build/icyphy/ptII/ptolemy/actor/lib/test/auto/InterpolatorFiringLimitDE.xml
----------------- Instantiating /home/travis/build/icyphy/ptII/ptolemy/actor/lib/test/auto/InterpolatorFiringLimitDE.xml
3 ms. Memory: 1364992K Free: 246929K (18%)
----------------- Invoking toplevel() on ptolemy.moml.MoMLSimpleApplication@133eb8e9
----------------- Done invoking toplevel() on ptolemy.moml.MoMLSimpleApplication@133eb8e9
reloadAllAccessors: .InterpolatorFiringLimitDE

===========================================================================================
----------------- testing Sun Mar 31 03:51:57 UTC 2019 /home/travis/build/icyphy/ptII/ptolemy/actor/lib/test/auto/Lattice.xml
----------------- Instantiating /home/travis/build/icyphy/ptII/ptolemy/actor/lib/test/auto/Lattice.xml
2 ms. Memory: 1364992K Free: 234482K (17%)
----------------- Invoking toplevel() on ptolemy.moml.MoMLSimpleApplication@54ef2949
----------------- Done invoking toplevel() on ptolemy.moml.MoMLSimpleApplication@54ef2949
reloadAllAccessors: .Lattice

===========================================================================================
----------------- testing Sun Mar 31 03:51:57 UTC 2019 /home/travis/build/icyphy/ptII/ptolemy/actor/lib/test/auto/LazyAOCTestLazy.xml
----------------- Instantiating /home/travis/build/icyphy/ptII/ptolemy/actor/lib/test/auto/LazyAOCTestLazy.xml
7 ms. Memory: 1364992K Free: 222035K (16%)
----------------- Invoking toplevel() on ptolemy.moml.MoMLSimpleApplication@72c69da
----------------- Done invoking toplevel() on ptolemy.moml.MoMLSimpleApplication@72c69da
reloadAllAccessors: .LazyAOCTestLazy

===========================================================================================
----------------- testing Sun Mar 31 03:51:57 UTC 2019 /home/travis/build/icyphy/ptII/ptolemy/actor/lib/test/auto/LazyAOCTestNonLazy.xml
----------------- Instantiating /home/travis/build/icyphy/ptII/ptolemy/actor/lib/test/auto/LazyAOCTestNonLazy.xml
6 ms. Memory: 1364992K Free: 200699K (15%)
----------------- Invoking toplevel() on ptolemy.moml.MoMLSimpleApplication@2cda6eca
----------------- Done invoking toplevel() on ptolemy.moml.MoMLSimpleApplication@2cda6eca
reloadAllAccessors: .LazyAOCTestNonLazy

===========================================================================================
----------------- testing Sun Mar 31 03:51:57 UTC 2019 /home/travis/build/icyphy/ptII/ptolemy/actor/lib/test/auto/LazyInnerClass.xml
----------------- Instantiating /home/travis/build/icyphy/ptII/ptolemy/actor/lib/test/auto/LazyInnerClass.xml
24 ms. Memory: 1364992K Free: 188252K (14%)
----------------- Invoking toplevel() on ptolemy.moml.MoMLSimpleApplication@186a0c22
----------------- Done invoking toplevel() on ptolemy.moml.MoMLSimpleApplication@186a0c22
reloadAllAccessors: .LazyInnerClass

===========================================================================================
----------------- testing Sun Mar 31 03:51:57 UTC 2019 /home/travis/build/icyphy/ptII/ptolemy/actor/lib/test/auto/LazyPubSub.xml
----------------- Instantiating /home/travis/build/icyphy/ptII/ptolemy/actor/lib/test/auto/LazyPubSub.xml
20 ms. Memory: 1364992K Free: 175806K (13%)
----------------- Invoking toplevel() on ptolemy.moml.MoMLSimpleApplication@393c340
----------------- Done invoking toplevel() on ptolemy.moml.MoMLSimpleApplication@393c340
reloadAllAccessors: .LazyPubSub

===========================================================================================
----------------- testing Sun Mar 31 03:51:57 UTC 2019 /home/travis/build/icyphy/ptII/ptolemy/actor/lib/test/auto/LazyPubSub2.xml
----------------- Instantiating /home/travis/build/icyphy/ptII/ptolemy/actor/lib/test/auto/LazyPubSub2.xml
29 ms. Memory: 1364992K Free: 163359K (12%)
----------------- Invoking toplevel() on ptolemy.moml.MoMLSimpleApplication@3ce42b37
----------------- Done invoking toplevel() on ptolemy.moml.MoMLSimpleApplication@3ce42b37
reloadAllAccessors: .LazyPubSub2

===========================================================================================
----------------- testing Sun Mar 31 03:51:57 UTC 2019 /home/travis/build/icyphy/ptII/ptolemy/actor/lib/test/auto/LazyPubSub3.xml
----------------- Instantiating /home/travis/build/icyphy/ptII/ptolemy/actor/lib/test/auto/LazyPubSub3.xml
10 ms. Memory: 1364992K Free: 142023K (10%)
----------------- Invoking toplevel() on ptolemy.moml.MoMLSimpleApplication@21fedcd
----------------- Done invoking toplevel() on ptolemy.moml.MoMLSimpleApplication@21fedcd
reloadAllAccessors: .LazyPubSub3

===========================================================================================
----------------- testing Sun Mar 31 03:51:57 UTC 2019 /home/travis/build/icyphy/ptII/ptolemy/actor/lib/test/auto/LazySubClassModel.xml
----------------- Instantiating /home/travis/build/icyphy/ptII/ptolemy/actor/lib/test/auto/LazySubClassModel.xml
2 ms. Memory: 1364992K Free: 123336K (9%)
----------------- Invoking toplevel() on ptolemy.moml.MoMLSimpleApplication@4e0569bc
----------------- Done invoking toplevel() on ptolemy.moml.MoMLSimpleApplication@4e0569bc
reloadAllAccessors: .LazySubClassModel

===========================================================================================
----------------- testing Sun Mar 31 03:51:57 UTC 2019 /home/travis/build/icyphy/ptII/ptolemy/actor/lib/test/auto/LevelCrossTest1.xml
----------------- Instantiating /home/travis/build/icyphy/ptII/ptolemy/actor/lib/test/auto/LevelCrossTest1.xml
2 ms. Memory: 1364992K Free: 110890K (8%)
----------------- Invoking toplevel() on ptolemy.moml.MoMLSimpleApplication@20948634
----------------- Done invoking toplevel() on ptolemy.moml.MoMLSimpleApplication@20948634
reloadAllAccessors: .broken

===========================================================================================
----------------- testing Sun Mar 31 03:51:57 UTC 2019 /home/travis/build/icyphy/ptII/ptolemy/actor/lib/test/auto/LevelCrossTest10.xml
----------------- Instantiating /home/travis/build/icyphy/ptII/ptolemy/actor/lib/test/auto/LevelCrossTest10.xml
1 ms. Memory: 1364992K Free: 98443K (7%)
----------------- Invoking toplevel() on ptolemy.moml.MoMLSimpleApplication@6541f310
----------------- Done invoking toplevel() on ptolemy.moml.MoMLSimpleApplication@6541f310
reloadAllAccessors: .LevelCrossTest10

===========================================================================================
----------------- testing Sun Mar 31 03:51:57 UTC 2019 /home/travis/build/icyphy/ptII/ptolemy/actor/lib/test/auto/LevelCrossTest11.xml
----------------- Instantiating /home/travis/build/icyphy/ptII/ptolemy/actor/lib/test/auto/LevelCrossTest11.xml
1 ms. Memory: 1364992K Free: 81859K (6%)
----------------- Invoking toplevel() on ptolemy.moml.MoMLSimpleApplication@2db1e0e7
----------------- Done invoking toplevel() on ptolemy.moml.MoMLSimpleApplication@2db1e0e7
reloadAllAccessors: .LevelCrossTest11

===========================================================================================
----------------- testing Sun Mar 31 03:51:57 UTC 2019 /home/travis/build/icyphy/ptII/ptolemy/actor/lib/test/auto/LevelCrossTest12.xml
----------------- Instantiating /home/travis/build/icyphy/ptII/ptolemy/actor/lib/test/auto/LevelCrossTest12.xml
1 ms. Memory: 1534464K Free: 1480619K (96%)
----------------- Invoking toplevel() on ptolemy.moml.MoMLSimpleApplication@49e8240c
----------------- Done invoking toplevel() on ptolemy.moml.MoMLSimpleApplication@49e8240c
reloadAllAccessors: .LevelCrossTest12

===========================================================================================
----------------- testing Sun Mar 31 03:51:57 UTC 2019 /home/travis/build/icyphy/ptII/ptolemy/actor/lib/test/auto/LevelCrossTest13.xml
----------------- Instantiating /home/travis/build/icyphy/ptII/ptolemy/actor/lib/test/auto/LevelCrossTest13.xml
2 ms. Memory: 1534464K Free: 1458648K (95%)
----------------- Invoking toplevel() on ptolemy.moml.MoMLSimpleApplication@4d5aeab6
----------------- Done invoking toplevel() on ptolemy.moml.MoMLSimpleApplication@4d5aeab6
reloadAllAccessors: .LevelCrossTest13

===========================================================================================
----------------- testing Sun Mar 31 03:51:57 UTC 2019 /home/travis/build/icyphy/ptII/ptolemy/actor/lib/test/auto/LevelCrossTest2.xml
----------------- Instantiating /home/travis/build/icyphy/ptII/ptolemy/actor/lib/test/auto/LevelCrossTest2.xml
1 ms. Memory: 1534464K Free: 1444327K (94%)
----------------- Invoking toplevel() on ptolemy.moml.MoMLSimpleApplication@244b38cf
----------------- Done invoking toplevel() on ptolemy.moml.MoMLSimpleApplication@244b38cf
reloadAllAccessors: .broken

===========================================================================================
----------------- testing Sun Mar 31 03:51:57 UTC 2019 /home/travis/build/icyphy/ptII/ptolemy/actor/lib/test/auto/LevelCrossTest3.xml
----------------- Instantiating /home/travis/build/icyphy/ptII/ptolemy/actor/lib/test/auto/LevelCrossTest3.xml
2 ms. Memory: 1534464K Free: 1430006K (93%)
----------------- Invoking toplevel() on ptolemy.moml.MoMLSimpleApplication@388911ba
----------------- Done invoking toplevel() on ptolemy.moml.MoMLSimpleApplication@388911ba
reloadAllAccessors: .LevelCrossTest3

===========================================================================================
----------------- testing Sun Mar 31 03:51:57 UTC 2019 /home/travis/build/icyphy/ptII/ptolemy/actor/lib/test/auto/LevelCrossTest4.xml
----------------- Instantiating /home/travis/build/icyphy/ptII/ptolemy/actor/lib/test/auto/LevelCrossTest4.xml
1 ms. Memory: 1534464K Free: 1408035K (92%)
----------------- Invoking toplevel() on ptolemy.moml.MoMLSimpleApplication@66203f7e
----------------- Done invoking toplevel() on ptolemy.moml.MoMLSimpleApplication@66203f7e
reloadAllAccessors: .broken

===========================================================================================
----------------- testing Sun Mar 31 03:51:57 UTC 2019 /home/travis/build/icyphy/ptII/ptolemy/actor/lib/test/auto/LevelCrossTest5.xml
----------------- Instantiating /home/travis/build/icyphy/ptII/ptolemy/actor/lib/test/auto/LevelCrossTest5.xml
1 ms. Memory: 1534464K Free: 1393588K (91%)
----------------- Invoking toplevel() on ptolemy.moml.MoMLSimpleApplication@51787f70
----------------- Done invoking toplevel() on ptolemy.moml.MoMLSimpleApplication@51787f70
reloadAllAccessors: .LevelCrossTest5

===========================================================================================
----------------- testing Sun Mar 31 03:51:57 UTC 2019 /home/travis/build/icyphy/ptII/ptolemy/actor/lib/test/auto/LevelCrossTest6.xml
----------------- Instantiating /home/travis/build/icyphy/ptII/ptolemy/actor/lib/test/auto/LevelCrossTest6.xml
3 ms. Memory: 1534464K Free: 1379268K (90%)
----------------- Invoking toplevel() on ptolemy.moml.MoMLSimpleApplication@26773e50
----------------- Done invoking toplevel() on ptolemy.moml.MoMLSimpleApplication@26773e50
reloadAllAccessors: .LevelCrossTest6

===========================================================================================
----------------- testing Sun Mar 31 03:51:57 UTC 2019 /home/travis/build/icyphy/ptII/ptolemy/actor/lib/test/auto/LevelCrossTest7.xml
----------------- Instantiating /home/travis/build/icyphy/ptII/ptolemy/actor/lib/test/auto/LevelCrossTest7.xml
1 ms. Memory: 1534464K Free: 1357296K (88%)
----------------- Invoking toplevel() on ptolemy.moml.MoMLSimpleApplication@2e32f654
----------------- Done invoking toplevel() on ptolemy.moml.MoMLSimpleApplication@2e32f654
reloadAllAccessors: .LevelCrossTest7

===========================================================================================
----------------- testing Sun Mar 31 03:51:57 UTC 2019 /home/travis/build/icyphy/ptII/ptolemy/actor/lib/test/auto/LevelCrossTest8.xml
----------------- Instantiating /home/travis/build/icyphy/ptII/ptolemy/actor/lib/test/auto/LevelCrossTest8.xml
1 ms. Memory: 1534464K Free: 1342976K (88%)
----------------- Invoking toplevel() on ptolemy.moml.MoMLSimpleApplication@3d631702
----------------- Done invoking toplevel() on ptolemy.moml.MoMLSimpleApplication@3d631702
reloadAllAccessors: .LevelCrossTest8

===========================================================================================
----------------- testing Sun Mar 31 03:51:57 UTC 2019 /home/travis/build/icyphy/ptII/ptolemy/actor/lib/test/auto/LevelCrossTest9.xml
----------------- Instantiating /home/travis/build/icyphy/ptII/ptolemy/actor/lib/test/auto/LevelCrossTest9.xml
2 ms. Memory: 1534464K Free: 1328655K (87%)
----------------- Invoking toplevel() on ptolemy.moml.MoMLSimpleApplication@17e8847d
----------------- Done invoking toplevel() on ptolemy.moml.MoMLSimpleApplication@17e8847d
reloadAllAccessors: .LevelCrossTest9

===========================================================================================
----------------- testing Sun Mar 31 03:51:57 UTC 2019 /home/travis/build/icyphy/ptII/ptolemy/actor/lib/test/auto/LevinsonDurbin.xml
----------------- Instantiating /home/travis/build/icyphy/ptII/ptolemy/actor/lib/test/auto/LevinsonDurbin.xml
3 ms. Memory: 1534464K Free: 1306684K (85%)
----------------- Invoking toplevel() on ptolemy.moml.MoMLSimpleApplication@5b467037
----------------- Done invoking toplevel() on ptolemy.moml.MoMLSimpleApplication@5b467037
reloadAllAccessors: .LevinsonDurbin

===========================================================================================
----------------- testing Sun Mar 31 03:51:57 UTC 2019 /home/travis/build/icyphy/ptII/ptolemy/actor/lib/test/auto/LevinsonDurbin2.xml
----------------- Instantiating /home/travis/build/icyphy/ptII/ptolemy/actor/lib/test/auto/LevinsonDurbin2.xml
1 ms. Memory: 1534464K Free: 1292363K (84%)
----------------- Invoking toplevel() on ptolemy.moml.MoMLSimpleApplication@5e57a0ec
----------------- Done invoking toplevel() on ptolemy.moml.MoMLSimpleApplication@5e57a0ec
reloadAllAccessors: .LevinsonDurbin2

===========================================================================================
----------------- testing Sun Mar 31 03:51:57 UTC 2019 /home/travis/build/icyphy/ptII/ptolemy/actor/lib/test/auto/LevinsonDurbin3.xml
----------------- Instantiating /home/travis/build/icyphy/ptII/ptolemy/actor/lib/test/auto/LevinsonDurbin3.xml
2 ms. Memory: 1534464K Free: 1278043K (83%)
----------------- Invoking toplevel() on ptolemy.moml.MoMLSimpleApplication@16add9eb
----------------- Done invoking toplevel() on ptolemy.moml.MoMLSimpleApplication@16add9eb
reloadAllAccessors: .LevinsonDurbin3

===========================================================================================
----------------- testing Sun Mar 31 03:51:57 UTC 2019 /home/travis/build/icyphy/ptII/ptolemy/actor/lib/test/auto/Limiter.xml
----------------- Instantiating /home/travis/build/icyphy/ptII/ptolemy/actor/lib/test/auto/Limiter.xml
6 ms. Memory: 1534464K Free: 1263722K (82%)
----------------- Invoking toplevel() on ptolemy.moml.MoMLSimpleApplication@4b080ada
----------------- Done invoking toplevel() on ptolemy.moml.MoMLSimpleApplication@4b080ada
reloadAllAccessors: .Limiter

===========================================================================================
----------------- testing Sun Mar 31 03:51:57 UTC 2019 /home/travis/build/icyphy/ptII/ptolemy/actor/lib/test/auto/LinearDifferenceEquationSystem.xml
----------------- Instantiating /home/travis/build/icyphy/ptII/ptolemy/actor/lib/test/auto/LinearDifferenceEquationSystem.xml
3 ms. Memory: 1534464K Free: 1241751K (81%)
----------------- Invoking toplevel() on ptolemy.moml.MoMLSimpleApplication@6d448fa5
----------------- Done invoking toplevel() on ptolemy.moml.MoMLSimpleApplication@6d448fa5
reloadAllAccessors: .LinearDifferenceEquationSystem

===========================================================================================
----------------- testing Sun Mar 31 03:51:58 UTC 2019 /home/travis/build/icyphy/ptII/ptolemy/actor/lib/test/auto/LookupTable.xml
----------------- Instantiating /home/travis/build/icyphy/ptII/ptolemy/actor/lib/test/auto/LookupTable.xml
2 ms. Memory: 1534464K Free: 1227430K (80%)
----------------- Invoking toplevel() on ptolemy.moml.MoMLSimpleApplication@405b3c4b
----------------- Done invoking toplevel() on ptolemy.moml.MoMLSimpleApplication@405b3c4b
reloadAllAccessors: .LookupTable

===========================================================================================
----------------- testing Sun Mar 31 03:51:58 UTC 2019 /home/travis/build/icyphy/ptII/ptolemy/actor/lib/test/auto/MathFunction.xml
----------------- Instantiating /home/travis/build/icyphy/ptII/ptolemy/actor/lib/test/auto/MathFunction.xml
2 ms. Memory: 1534464K Free: 1213109K (79%)
----------------- Invoking toplevel() on ptolemy.moml.MoMLSimpleApplication@7c5ab642
----------------- Done invoking toplevel() on ptolemy.moml.MoMLSimpleApplication@7c5ab642
reloadAllAccessors: .MathFunction

===========================================================================================
----------------- testing Sun Mar 31 03:51:58 UTC 2019 /home/travis/build/icyphy/ptII/ptolemy/actor/lib/test/auto/MathFunction2.xml
----------------- Instantiating /home/travis/build/icyphy/ptII/ptolemy/actor/lib/test/auto/MathFunction2.xml
2 ms. Memory: 1534464K Free: 1191138K (78%)
----------------- Invoking toplevel() on ptolemy.moml.MoMLSimpleApplication@78eace2d
----------------- Done invoking toplevel() on ptolemy.moml.MoMLSimpleApplication@78eace2d
reloadAllAccessors: .MathFunction2

===========================================================================================
----------------- testing Sun Mar 31 03:51:58 UTC 2019 /home/travis/build/icyphy/ptII/ptolemy/actor/lib/test/auto/MathFunction3.xml
----------------- Instantiating /home/travis/build/icyphy/ptII/ptolemy/actor/lib/test/auto/MathFunction3.xml
1 ms. Memory: 1534464K Free: 1176817K (77%)
----------------- Invoking toplevel() on ptolemy.moml.MoMLSimpleApplication@19bee29d
----------------- Done invoking toplevel() on ptolemy.moml.MoMLSimpleApplication@19bee29d
reloadAllAccessors: .MathFunction3

===========================================================================================
----------------- testing Sun Mar 31 03:51:58 UTC 2019 /home/travis/build/icyphy/ptII/ptolemy/actor/lib/test/auto/MatrixCropBoolean.xml
----------------- Instantiating /home/travis/build/icyphy/ptII/ptolemy/actor/lib/test/auto/MatrixCropBoolean.xml
2 ms. Memory: 1534464K Free: 1162496K (76%)
----------------- Invoking toplevel() on ptolemy.moml.MoMLSimpleApplication@76cdc9a6
----------------- Done invoking toplevel() on ptolemy.moml.MoMLSimpleApplication@76cdc9a6
reloadAllAccessors: .MatrixCropBoolean

===========================================================================================
----------------- testing Sun Mar 31 03:51:58 UTC 2019 /home/travis/build/icyphy/ptII/ptolemy/actor/lib/test/auto/MatrixCropComplex.xml
----------------- Instantiating /home/travis/build/icyphy/ptII/ptolemy/actor/lib/test/auto/MatrixCropComplex.xml
1 ms. Memory: 1534464K Free: 1140525K (74%)
----------------- Invoking toplevel() on ptolemy.moml.MoMLSimpleApplication@7e797027
----------------- Done invoking toplevel() on ptolemy.moml.MoMLSimpleApplication@7e797027
reloadAllAccessors: .MatrixCropComplex

===========================================================================================
----------------- testing Sun Mar 31 03:51:58 UTC 2019 /home/travis/build/icyphy/ptII/ptolemy/actor/lib/test/auto/MatrixCropDouble.xml
----------------- Instantiating /home/travis/build/icyphy/ptII/ptolemy/actor/lib/test/auto/MatrixCropDouble.xml
2 ms. Memory: 1534464K Free: 1126204K (73%)
----------------- Invoking toplevel() on ptolemy.moml.MoMLSimpleApplication@317afcdb
----------------- Done invoking toplevel() on ptolemy.moml.MoMLSimpleApplication@317afcdb
reloadAllAccessors: .MatrixCropDouble

===========================================================================================
----------------- testing Sun Mar 31 03:51:58 UTC 2019 /home/travis/build/icyphy/ptII/ptolemy/actor/lib/test/auto/MatrixCropFix.xml
----------------- Instantiating /home/travis/build/icyphy/ptII/ptolemy/actor/lib/test/auto/MatrixCropFix.xml
1 ms. Memory: 1534464K Free: 1111884K (72%)
----------------- Invoking toplevel() on ptolemy.moml.MoMLSimpleApplication@5d4c73b5
----------------- Done invoking toplevel() on ptolemy.moml.MoMLSimpleApplication@5d4c73b5
reloadAllAccessors: .MatrixCropFix

===========================================================================================
----------------- testing Sun Mar 31 03:51:58 UTC 2019 /home/travis/build/icyphy/ptII/ptolemy/actor/lib/test/auto/MatrixCropInt.xml
----------------- Instantiating /home/travis/build/icyphy/ptII/ptolemy/actor/lib/test/auto/MatrixCropInt.xml
2 ms. Memory: 1534464K Free: 1097563K (72%)
----------------- Invoking toplevel() on ptolemy.moml.MoMLSimpleApplication@1cfc5616
----------------- Done invoking toplevel() on ptolemy.moml.MoMLSimpleApplication@1cfc5616
reloadAllAccessors: .MatrixCropInt

===========================================================================================
----------------- testing Sun Mar 31 03:51:58 UTC 2019 /home/travis/build/icyphy/ptII/ptolemy/actor/lib/test/auto/MatrixCropLong.xml
----------------- Instantiating /home/travis/build/icyphy/ptII/ptolemy/actor/lib/test/auto/MatrixCropLong.xml
1 ms. Memory: 1534464K Free: 1075592K (70%)
----------------- Invoking toplevel() on ptolemy.moml.MoMLSimpleApplication@6cd0a1e2
----------------- Done invoking toplevel() on ptolemy.moml.MoMLSimpleApplication@6cd0a1e2
reloadAllAccessors: .MatrixCropLong

===========================================================================================
----------------- testing Sun Mar 31 03:51:58 UTC 2019 /home/travis/build/icyphy/ptII/ptolemy/actor/lib/test/auto/MatrixToArray.xml
----------------- Instantiating /home/travis/build/icyphy/ptII/ptolemy/actor/lib/test/auto/MatrixToArray.xml
4 ms. Memory: 1534464K Free: 1054111K (69%)
----------------- Invoking toplevel() on ptolemy.moml.MoMLSimpleApplication@2472d115
----------------- Done invoking toplevel() on ptolemy.moml.MoMLSimpleApplication@2472d115
reloadAllAccessors: .MatrixToArray

===========================================================================================
----------------- testing Sun Mar 31 03:51:58 UTC 2019 /home/travis/build/icyphy/ptII/ptolemy/actor/lib/test/auto/MaxIndex.xml
----------------- Instantiating /home/travis/build/icyphy/ptII/ptolemy/actor/lib/test/auto/MaxIndex.xml
2 ms. Memory: 1534464K Free: 1039790K (68%)
----------------- Invoking toplevel() on ptolemy.moml.MoMLSimpleApplication@36242192
----------------- Done invoking toplevel() on ptolemy.moml.MoMLSimpleApplication@36242192
reloadAllAccessors: .MaxIndex

===========================================================================================
----------------- testing Sun Mar 31 03:51:58 UTC 2019 /home/travis/build/icyphy/ptII/ptolemy/actor/lib/test/auto/Maximum.xml
----------------- Instantiating /home/travis/build/icyphy/ptII/ptolemy/actor/lib/test/auto/Maximum.xml
2 ms. Memory: 1534464K Free: 1017819K (66%)
----------------- Invoking toplevel() on ptolemy.moml.MoMLSimpleApplication@66b4a01e
----------------- Done invoking toplevel() on ptolemy.moml.MoMLSimpleApplication@66b4a01e
reloadAllAccessors: .Maximum

===========================================================================================
----------------- testing Sun Mar 31 03:51:58 UTC 2019 /home/travis/build/icyphy/ptII/ptolemy/actor/lib/test/auto/MaximumComplex.xml
----------------- Instantiating /home/travis/build/icyphy/ptII/ptolemy/actor/lib/test/auto/MaximumComplex.xml
3 ms. Memory: 1534464K Free: 1003499K (65%)
----------------- Invoking toplevel() on ptolemy.moml.MoMLSimpleApplication@62ff4e11
----------------- Done invoking toplevel() on ptolemy.moml.MoMLSimpleApplication@62ff4e11
reloadAllAccessors: .MaximumComplex

===========================================================================================
----------------- testing Sun Mar 31 03:51:58 UTC 2019 /home/travis/build/icyphy/ptII/ptolemy/actor/lib/test/auto/MethodCallTest.xml
----------------- Instantiating /home/travis/build/icyphy/ptII/ptolemy/actor/lib/test/auto/MethodCallTest.xml
1 ms. Memory: 1534464K Free: 989178K (64%)
----------------- Invoking toplevel() on ptolemy.moml.MoMLSimpleApplication@27bf1551
----------------- Done invoking toplevel() on ptolemy.moml.MoMLSimpleApplication@27bf1551
reloadAllAccessors: .MethodCallTest

===========================================================================================
----------------- testing Sun Mar 31 03:51:58 UTC 2019 /home/travis/build/icyphy/ptII/ptolemy/actor/lib/test/auto/Minimum.xml
----------------- Instantiating /home/travis/build/icyphy/ptII/ptolemy/actor/lib/test/auto/Minimum.xml
2 ms. Memory: 1534464K Free: 967206K (63%)
----------------- Invoking toplevel() on ptolemy.moml.MoMLSimpleApplication@1d6fa70b
----------------- Done invoking toplevel() on ptolemy.moml.MoMLSimpleApplication@1d6fa70b
reloadAllAccessors: .Minimum

===========================================================================================
----------------- testing Sun Mar 31 03:51:58 UTC 2019 /home/travis/build/icyphy/ptII/ptolemy/actor/lib/test/auto/MinimumComplex.xml
----------------- Instantiating /home/travis/build/icyphy/ptII/ptolemy/actor/lib/test/auto/MinimumComplex.xml
3 ms. Memory: 1534464K Free: 952886K (62%)
----------------- Invoking toplevel() on ptolemy.moml.MoMLSimpleApplication@1cdb0f03
----------------- Done invoking toplevel() on ptolemy.moml.MoMLSimpleApplication@1cdb0f03
reloadAllAccessors: .MinimumComplex

===========================================================================================
----------------- testing Sun Mar 31 03:51:58 UTC 2019 /home/travis/build/icyphy/ptII/ptolemy/actor/lib/test/auto/MinimumMultiports.xml
----------------- Instantiating /home/travis/build/icyphy/ptII/ptolemy/actor/lib/test/auto/MinimumMultiports.xml
4 ms. Memory: 1534464K Free: 938565K (61%)
----------------- Invoking toplevel() on ptolemy.moml.MoMLSimpleApplication@dbdd612
----------------- Done invoking toplevel() on ptolemy.moml.MoMLSimpleApplication@dbdd612
reloadAllAccessors: .MinimumMultiports

===========================================================================================
----------------- testing Sun Mar 31 03:51:58 UTC 2019 /home/travis/build/icyphy/ptII/ptolemy/actor/lib/test/auto/ModifyDate.xml
----------------- Instantiating /home/travis/build/icyphy/ptII/ptolemy/actor/lib/test/auto/ModifyDate.xml
5 ms. Memory: 1534464K Free: 909418K (59%)
----------------- Invoking toplevel() on ptolemy.moml.MoMLSimpleApplication@631801b3
----------------- Done invoking toplevel() on ptolemy.moml.MoMLSimpleApplication@631801b3
reloadAllAccessors: .ModifyDate

===========================================================================================
----------------- testing Sun Mar 31 03:51:58 UTC 2019 /home/travis/build/icyphy/ptII/ptolemy/actor/lib/test/auto/ModifyDate2.xml
----------------- Instantiating /home/travis/build/icyphy/ptII/ptolemy/actor/lib/test/auto/ModifyDate2.xml
2 ms. Memory: 1534464K Free: 887921K (58%)
----------------- Invoking toplevel() on ptolemy.moml.MoMLSimpleApplication@f3d1831
----------------- Done invoking toplevel() on ptolemy.moml.MoMLSimpleApplication@f3d1831
reloadAllAccessors: .ModifyDate2

===========================================================================================
----------------- testing Sun Mar 31 03:51:58 UTC 2019 /home/travis/build/icyphy/ptII/ptolemy/actor/lib/test/auto/MovingAverage.xml
----------------- Instantiating /home/travis/build/icyphy/ptII/ptolemy/actor/lib/test/auto/MovingAverage.xml
2 ms. Memory: 1534464K Free: 873600K (57%)
----------------- Invoking toplevel() on ptolemy.moml.MoMLSimpleApplication@62971a88
----------------- Done invoking toplevel() on ptolemy.moml.MoMLSimpleApplication@62971a88
reloadAllAccessors: .MovingAverage

===========================================================================================
----------------- testing Sun Mar 31 03:51:58 UTC 2019 /home/travis/build/icyphy/ptII/ptolemy/actor/lib/test/auto/MovingMaximum.xml
----------------- Instantiating /home/travis/build/icyphy/ptII/ptolemy/actor/lib/test/auto/MovingMaximum.xml
2 ms. Memory: 1534464K Free: 859279K (56%)
----------------- Invoking toplevel() on ptolemy.moml.MoMLSimpleApplication@1a15fbc6
----------------- Done invoking toplevel() on ptolemy.moml.MoMLSimpleApplication@1a15fbc6
reloadAllAccessors: .MovingMaximum

===========================================================================================
----------------- testing Sun Mar 31 03:51:58 UTC 2019 /home/travis/build/icyphy/ptII/ptolemy/actor/lib/test/auto/MultipleLinksToSameRelation.xml
----------------- Instantiating /home/travis/build/icyphy/ptII/ptolemy/actor/lib/test/auto/MultipleLinksToSameRelation.xml
1 ms. Memory: 1534464K Free: 837308K (55%)
----------------- Invoking toplevel() on ptolemy.moml.MoMLSimpleApplication@4f5a7dc2
----------------- Done invoking toplevel() on ptolemy.moml.MoMLSimpleApplication@4f5a7dc2
reloadAllAccessors: .MultipleLinksToSameRelation

===========================================================================================
----------------- testing Sun Mar 31 03:51:58 UTC 2019 /home/travis/build/icyphy/ptII/ptolemy/actor/lib/test/auto/MultipleLinksToSameRelationDE.xml
----------------- Instantiating /home/travis/build/icyphy/ptII/ptolemy/actor/lib/test/auto/MultipleLinksToSameRelationDE.xml
2 ms. Memory: 1534464K Free: 822988K (54%)
----------------- Invoking toplevel() on ptolemy.moml.MoMLSimpleApplication@386684e1
----------------- Done invoking toplevel() on ptolemy.moml.MoMLSimpleApplication@386684e1
reloadAllAccessors: .MultipleLinksToSameRelationDE

===========================================================================================
----------------- testing Sun Mar 31 03:51:58 UTC 2019 /home/travis/build/icyphy/ptII/ptolemy/actor/lib/test/auto/Multiplexor.xml
----------------- Instantiating /home/travis/build/icyphy/ptII/ptolemy/actor/lib/test/auto/Multiplexor.xml
1 ms. Memory: 1534464K Free: 808667K (53%)
----------------- Invoking toplevel() on ptolemy.moml.MoMLSimpleApplication@2d70e805
----------------- Done invoking toplevel() on ptolemy.moml.MoMLSimpleApplication@2d70e805
reloadAllAccessors: .Multiplexor

===========================================================================================
----------------- testing Sun Mar 31 03:51:58 UTC 2019 /home/travis/build/icyphy/ptII/ptolemy/actor/lib/test/auto/Multiplexor1.xml
----------------- Instantiating /home/travis/build/icyphy/ptII/ptolemy/actor/lib/test/auto/Multiplexor1.xml
1 ms. Memory: 1534464K Free: 786696K (51%)
----------------- Invoking toplevel() on ptolemy.moml.MoMLSimpleApplication@5adb1ed
----------------- Done invoking toplevel() on ptolemy.moml.MoMLSimpleApplication@5adb1ed
reloadAllAccessors: .Multiplexor1

===========================================================================================
----------------- testing Sun Mar 31 03:51:58 UTC 2019 /home/travis/build/icyphy/ptII/ptolemy/actor/lib/test/auto/Multiplexor2.xml
----------------- Instantiating /home/travis/build/icyphy/ptII/ptolemy/actor/lib/test/auto/Multiplexor2.xml
2 ms. Memory: 1534464K Free: 772375K (50%)
----------------- Invoking toplevel() on ptolemy.moml.MoMLSimpleApplication@5fb5d378
----------------- Done invoking toplevel() on ptolemy.moml.MoMLSimpleApplication@5fb5d378
reloadAllAccessors: .Multiplexor2

===========================================================================================
----------------- testing Sun Mar 31 03:51:58 UTC 2019 /home/travis/build/icyphy/ptII/ptolemy/actor/lib/test/auto/Multiplexor3.xml
----------------- Instantiating /home/travis/build/icyphy/ptII/ptolemy/actor/lib/test/auto/Multiplexor3.xml
1 ms. Memory: 1534464K Free: 758054K (49%)
----------------- Invoking toplevel() on ptolemy.moml.MoMLSimpleApplication@64956981
----------------- Done invoking toplevel() on ptolemy.moml.MoMLSimpleApplication@64956981
reloadAllAccessors: .Multiplexor3

===========================================================================================
----------------- testing Sun Mar 31 03:51:58 UTC 2019 /home/travis/build/icyphy/ptII/ptolemy/actor/lib/test/auto/MultiplexorDE.xml
----------------- Instantiating /home/travis/build/icyphy/ptII/ptolemy/actor/lib/test/auto/MultiplexorDE.xml
2 ms. Memory: 1534464K Free: 736083K (48%)
----------------- Invoking toplevel() on ptolemy.moml.MoMLSimpleApplication@4c1cfb9b
----------------- Done invoking toplevel() on ptolemy.moml.MoMLSimpleApplication@4c1cfb9b
reloadAllAccessors: .MultiplexorDE

===========================================================================================
----------------- testing Sun Mar 31 03:51:58 UTC 2019 /home/travis/build/icyphy/ptII/ptolemy/actor/lib/test/auto/MultiportBroadcastTest.xml
----------------- Instantiating /home/travis/build/icyphy/ptII/ptolemy/actor/lib/test/auto/MultiportBroadcastTest.xml
89 ms. Memory: 1534464K Free: 721762K (47%)
----------------- Invoking toplevel() on ptolemy.moml.MoMLSimpleApplication@47c77423
----------------- Done invoking toplevel() on ptolemy.moml.MoMLSimpleApplication@47c77423
reloadAllAccessors: .MultiportBroadcastTest

===========================================================================================
----------------- testing Sun Mar 31 03:51:58 UTC 2019 /home/travis/build/icyphy/ptII/ptolemy/actor/lib/test/auto/MultiportOutHangDuringGetWidth.xml
----------------- Instantiating /home/travis/build/icyphy/ptII/ptolemy/actor/lib/test/auto/MultiportOutHangDuringGetWidth.xml
4 ms. Memory: 1534464K Free: 700265K (46%)
----------------- Invoking toplevel() on ptolemy.moml.MoMLSimpleApplication@5b51a0c
----------------- Done invoking toplevel() on ptolemy.moml.MoMLSimpleApplication@5b51a0c
reloadAllAccessors: .MultiportOutHangDuringGetWidth

===========================================================================================
----------------- testing Sun Mar 31 03:51:58 UTC 2019 /home/travis/build/icyphy/ptII/ptolemy/actor/lib/test/auto/NilToken.xml
----------------- Instantiating /home/travis/build/icyphy/ptII/ptolemy/actor/lib/test/auto/NilToken.xml
1 ms. Memory: 1534464K Free: 678294K (44%)
----------------- Invoking toplevel() on ptolemy.moml.MoMLSimpleApplication@3d80fc81
----------------- Done invoking toplevel() on ptolemy.moml.MoMLSimpleApplication@3d80fc81
reloadAllAccessors: .NilToken

===========================================================================================
----------------- testing Sun Mar 31 03:51:58 UTC 2019 /home/travis/build/icyphy/ptII/ptolemy/actor/lib/test/auto/NilTokenNonStrictTest.xml
----------------- Instantiating /home/travis/build/icyphy/ptII/ptolemy/actor/lib/test/auto/NilTokenNonStrictTest.xml
1 ms. Memory: 1534464K Free: 663973K (43%)
----------------- Invoking toplevel() on ptolemy.moml.MoMLSimpleApplication@14899fdd
----------------- Done invoking toplevel() on ptolemy.moml.MoMLSimpleApplication@14899fdd
reloadAllAccessors: .NilTokenNonStrictTest

===========================================================================================
----------------- testing Sun Mar 31 03:51:58 UTC 2019 /home/travis/build/icyphy/ptII/ptolemy/actor/lib/test/auto/NilTokenRecord.xml
----------------- Instantiating /home/travis/build/icyphy/ptII/ptolemy/actor/lib/test/auto/NilTokenRecord.xml
4 ms. Memory: 1534464K Free: 649653K (42%)
----------------- Invoking toplevel() on ptolemy.moml.MoMLSimpleApplication@76c2ab12
----------------- Done invoking toplevel() on ptolemy.moml.MoMLSimpleApplication@76c2ab12
reloadAllAccessors: .NilTokenRecord

===========================================================================================
----------------- testing Sun Mar 31 03:51:58 UTC 2019 /home/travis/build/icyphy/ptII/ptolemy/actor/lib/test/auto/NilTokenTypeTest.xml
----------------- Instantiating /home/travis/build/icyphy/ptII/ptolemy/actor/lib/test/auto/NilTokenTypeTest.xml
7 ms. Memory: 1534464K Free: 628156K (41%)
----------------- Invoking toplevel() on ptolemy.moml.MoMLSimpleApplication@2fdcbdc4
----------------- Done invoking toplevel() on ptolemy.moml.MoMLSimpleApplication@2fdcbdc4
reloadAllAccessors: .NilTokenTypeTest

===========================================================================================
----------------- testing Sun Mar 31 03:51:58 UTC 2019 /home/travis/build/icyphy/ptII/ptolemy/actor/lib/test/auto/ObjectToken1.xml
----------------- Instantiating /home/travis/build/icyphy/ptII/ptolemy/actor/lib/test/auto/ObjectToken1.xml
1 ms. Memory: 1534464K Free: 606184K (40%)
----------------- Invoking toplevel() on ptolemy.moml.MoMLSimpleApplication@1e327ad
----------------- Done invoking toplevel() on ptolemy.moml.MoMLSimpleApplication@1e327ad
reloadAllAccessors: .ObjectToken1

===========================================================================================
----------------- testing Sun Mar 31 03:51:58 UTC 2019 /home/travis/build/icyphy/ptII/ptolemy/actor/lib/test/auto/OrderedMerge.xml
----------------- Instantiating /home/travis/build/icyphy/ptII/ptolemy/actor/lib/test/auto/OrderedMerge.xml
5 ms. Memory: 1534464K Free: 563222K (37%)
----------------- Invoking toplevel() on ptolemy.moml.MoMLSimpleApplication@9cab89e
----------------- Done invoking toplevel() on ptolemy.moml.MoMLSimpleApplication@9cab89e
reloadAllAccessors: .OrderedMerge

===========================================================================================
----------------- testing Sun Mar 31 03:51:58 UTC 2019 /home/travis/build/icyphy/ptII/ptolemy/actor/lib/test/auto/OrderedRecordDisassembler.xml
----------------- Instantiating /home/travis/build/icyphy/ptII/ptolemy/actor/lib/test/auto/OrderedRecordDisassembler.xml
2 ms. Memory: 1534464K Free: 548902K (36%)
----------------- Invoking toplevel() on ptolemy.moml.MoMLSimpleApplication@7d9b035a
----------------- Done invoking toplevel() on ptolemy.moml.MoMLSimpleApplication@7d9b035a
reloadAllAccessors: .OrderedRecordDisassembler

===========================================================================================
----------------- testing Sun Mar 31 03:51:58 UTC 2019 /home/travis/build/icyphy/ptII/ptolemy/actor/lib/test/auto/OrderedRecordDisassembler2.xml
----------------- Instantiating /home/travis/build/icyphy/ptII/ptolemy/actor/lib/test/auto/OrderedRecordDisassembler2.xml
3 ms. Memory: 1534464K Free: 526930K (34%)
----------------- Invoking toplevel() on ptolemy.moml.MoMLSimpleApplication@506573d9
----------------- Done invoking toplevel() on ptolemy.moml.MoMLSimpleApplication@506573d9
reloadAllAccessors: .OrderedRecordDisassembler2

===========================================================================================
----------------- testing Sun Mar 31 03:51:58 UTC 2019 /home/travis/build/icyphy/ptII/ptolemy/actor/lib/test/auto/OrderedRecordUpdater.xml
----------------- Instantiating /home/travis/build/icyphy/ptII/ptolemy/actor/lib/test/auto/OrderedRecordUpdater.xml
2 ms. Memory: 1534464K Free: 512610K (33%)
----------------- Invoking toplevel() on ptolemy.moml.MoMLSimpleApplication@4454e45b
----------------- Done invoking toplevel() on ptolemy.moml.MoMLSimpleApplication@4454e45b
reloadAllAccessors: .RecordUpdater

===========================================================================================
----------------- testing Sun Mar 31 03:51:58 UTC 2019 /home/travis/build/icyphy/ptII/ptolemy/actor/lib/test/auto/OrderedRecordUpdater2.xml
----------------- Instantiating /home/travis/build/icyphy/ptII/ptolemy/actor/lib/test/auto/OrderedRecordUpdater2.xml
1 ms. Memory: 1534464K Free: 498289K (32%)
----------------- Invoking toplevel() on ptolemy.moml.MoMLSimpleApplication@134f71c2
----------------- Done invoking toplevel() on ptolemy.moml.MoMLSimpleApplication@134f71c2
reloadAllAccessors: .RecordUpdater2

===========================================================================================
----------------- testing Sun Mar 31 03:51:58 UTC 2019 /home/travis/build/icyphy/ptII/ptolemy/actor/lib/test/auto/PhaseUnwrap.xml
----------------- Instantiating /home/travis/build/icyphy/ptII/ptolemy/actor/lib/test/auto/PhaseUnwrap.xml
1 ms. Memory: 1534464K Free: 476318K (31%)
----------------- Invoking toplevel() on ptolemy.moml.MoMLSimpleApplication@3da55f1f
----------------- Done invoking toplevel() on ptolemy.moml.MoMLSimpleApplication@3da55f1f
reloadAllAccessors: .PhaseUnwrap

===========================================================================================
----------------- testing Sun Mar 31 03:51:58 UTC 2019 /home/travis/build/icyphy/ptII/ptolemy/actor/lib/test/auto/PoissonClock.xml
----------------- Instantiating /home/travis/build/icyphy/ptII/ptolemy/actor/lib/test/auto/PoissonClock.xml
2 ms. Memory: 1534464K Free: 461997K (30%)
----------------- Invoking toplevel() on ptolemy.moml.MoMLSimpleApplication@5ef111af
----------------- Done invoking toplevel() on ptolemy.moml.MoMLSimpleApplication@5ef111af
reloadAllAccessors: .PoissonClock

===========================================================================================
----------------- testing Sun Mar 31 03:51:58 UTC 2019 /home/travis/build/icyphy/ptII/ptolemy/actor/lib/test/auto/PoissonClock2.xml
----------------- Instantiating /home/travis/build/icyphy/ptII/ptolemy/actor/lib/test/auto/PoissonClock2.xml
1 ms. Memory: 1534464K Free: 447677K (29%)
----------------- Invoking toplevel() on ptolemy.moml.MoMLSimpleApplication@2d406119
----------------- Done invoking toplevel() on ptolemy.moml.MoMLSimpleApplication@2d406119
reloadAllAccessors: .PoissonClock2

===========================================================================================
----------------- testing Sun Mar 31 03:51:58 UTC 2019 /home/travis/build/icyphy/ptII/ptolemy/actor/lib/test/auto/PoissonClock3.xml
----------------- Instantiating /home/travis/build/icyphy/ptII/ptolemy/actor/lib/test/auto/PoissonClock3.xml
1 ms. Memory: 1534464K Free: 425705K (28%)
----------------- Invoking toplevel() on ptolemy.moml.MoMLSimpleApplication@36677e90
----------------- Done invoking toplevel() on ptolemy.moml.MoMLSimpleApplication@36677e90
reloadAllAccessors: .PoissonClock3

===========================================================================================
----------------- testing Sun Mar 31 03:51:58 UTC 2019 /home/travis/build/icyphy/ptII/ptolemy/actor/lib/test/auto/PubSubWithInitialTokens.xml
----------------- Instantiating /home/travis/build/icyphy/ptII/ptolemy/actor/lib/test/auto/PubSubWithInitialTokens.xml
2 ms. Memory: 1534464K Free: 411384K (27%)
----------------- Invoking toplevel() on ptolemy.moml.MoMLSimpleApplication@4f72bdac
----------------- Done invoking toplevel() on ptolemy.moml.MoMLSimpleApplication@4f72bdac
reloadAllAccessors: .PubSubWithInitialTokens

===========================================================================================
----------------- testing Sun Mar 31 03:51:58 UTC 2019 /home/travis/build/icyphy/ptII/ptolemy/actor/lib/test/auto/PubSubWithInitialTokens2.xml
----------------- Instantiating /home/travis/build/icyphy/ptII/ptolemy/actor/lib/test/auto/PubSubWithInitialTokens2.xml
1 ms. Memory: 1534464K Free: 397064K (26%)
----------------- Invoking toplevel() on ptolemy.moml.MoMLSimpleApplication@4bbbf0d1
----------------- Done invoking toplevel() on ptolemy.moml.MoMLSimpleApplication@4bbbf0d1
reloadAllAccessors: .PubSubWithInitialTokens2

===========================================================================================
----------------- testing Sun Mar 31 03:51:58 UTC 2019 /home/travis/build/icyphy/ptII/ptolemy/actor/lib/test/auto/PublisherClassNoParameter.xml
----------------- Instantiating /home/travis/build/icyphy/ptII/ptolemy/actor/lib/test/auto/PublisherClassNoParameter.xml
2 ms. Memory: 1534464K Free: 367932K (24%)
----------------- Invoking toplevel() on ptolemy.moml.MoMLSimpleApplication@7f39c6c4
----------------- Done invoking toplevel() on ptolemy.moml.MoMLSimpleApplication@7f39c6c4
reloadAllAccessors: .PublisherClassNoParameter

===========================================================================================
----------------- testing Sun Mar 31 03:51:58 UTC 2019 /home/travis/build/icyphy/ptII/ptolemy/actor/lib/test/auto/PublisherClassParameter.xml
----------------- Instantiating /home/travis/build/icyphy/ptII/ptolemy/actor/lib/test/auto/PublisherClassParameter.xml
1 ms. Memory: 1534464K Free: 346435K (23%)
----------------- Invoking toplevel() on ptolemy.moml.MoMLSimpleApplication@14d0c7e2
----------------- Done invoking toplevel() on ptolemy.moml.MoMLSimpleApplication@14d0c7e2
reloadAllAccessors: .PublisherClassParameter

===========================================================================================
----------------- testing Sun Mar 31 03:51:58 UTC 2019 /home/travis/build/icyphy/ptII/ptolemy/actor/lib/test/auto/PublisherNonStrictTest.xml
----------------- Instantiating /home/travis/build/icyphy/ptII/ptolemy/actor/lib/test/auto/PublisherNonStrictTest.xml
3 ms. Memory: 1534464K Free: 332115K (22%)
----------------- Invoking toplevel() on ptolemy.moml.MoMLSimpleApplication@5c2c33e1
----------------- Done invoking toplevel() on ptolemy.moml.MoMLSimpleApplication@5c2c33e1
reloadAllAccessors: .PublisherNonStrictTest

===========================================================================================
----------------- testing Sun Mar 31 03:51:58 UTC 2019 /home/travis/build/icyphy/ptII/ptolemy/actor/lib/test/auto/PublisherPort1.xml
----------------- Instantiating /home/travis/build/icyphy/ptII/ptolemy/actor/lib/test/auto/PublisherPort1.xml
2 ms. Memory: 1534464K Free: 317794K (21%)
----------------- Invoking toplevel() on ptolemy.moml.MoMLSimpleApplication@95b38f1
----------------- Done invoking toplevel() on ptolemy.moml.MoMLSimpleApplication@95b38f1
reloadAllAccessors: .PublisherPort1

===========================================================================================
----------------- testing Sun Mar 31 03:51:58 UTC 2019 /home/travis/build/icyphy/ptII/ptolemy/actor/lib/test/auto/PublisherPort2.xml
----------------- Instantiating /home/travis/build/icyphy/ptII/ptolemy/actor/lib/test/auto/PublisherPort2.xml
2 ms. Memory: 1534464K Free: 295823K (19%)
----------------- Invoking toplevel() on ptolemy.moml.MoMLSimpleApplication@53078bc
----------------- Done invoking toplevel() on ptolemy.moml.MoMLSimpleApplication@53078bc
reloadAllAccessors: .PublisherPort2

===========================================================================================
----------------- testing Sun Mar 31 03:51:58 UTC 2019 /home/travis/build/icyphy/ptII/ptolemy/actor/lib/test/auto/PublisherPort3.xml
----------------- Instantiating /home/travis/build/icyphy/ptII/ptolemy/actor/lib/test/auto/PublisherPort3.xml
3 ms. Memory: 1534464K Free: 281502K (18%)
----------------- Invoking toplevel() on ptolemy.moml.MoMLSimpleApplication@236f5f15
----------------- Done invoking toplevel() on ptolemy.moml.MoMLSimpleApplication@236f5f15
reloadAllAccessors: .PublisherPort3

===========================================================================================
----------------- testing Sun Mar 31 03:51:58 UTC 2019 /home/travis/build/icyphy/ptII/ptolemy/actor/lib/test/auto/PublisherPort4.xml
----------------- Instantiating /home/travis/build/icyphy/ptII/ptolemy/actor/lib/test/auto/PublisherPort4.xml
2 ms. Memory: 1534464K Free: 267182K (17%)
----------------- Invoking toplevel() on ptolemy.moml.MoMLSimpleApplication@28c3a003
----------------- Done invoking toplevel() on ptolemy.moml.MoMLSimpleApplication@28c3a003
reloadAllAccessors: .PublisherPort4

===========================================================================================
----------------- testing Sun Mar 31 03:51:59 UTC 2019 /home/travis/build/icyphy/ptII/ptolemy/actor/lib/test/auto/PublisherPort5.xml
----------------- Instantiating /home/travis/build/icyphy/ptII/ptolemy/actor/lib/test/auto/PublisherPort5.xml
3 ms. Memory: 1534464K Free: 245210K (16%)
----------------- Invoking toplevel() on ptolemy.moml.MoMLSimpleApplication@66bba2ed
----------------- Done invoking toplevel() on ptolemy.moml.MoMLSimpleApplication@66bba2ed
reloadAllAccessors: .PublisherPort5

===========================================================================================
----------------- testing Sun Mar 31 03:51:59 UTC 2019 /home/travis/build/icyphy/ptII/ptolemy/actor/lib/test/auto/PublisherPort5LookAlike.xml
----------------- Instantiating /home/travis/build/icyphy/ptII/ptolemy/actor/lib/test/auto/PublisherPort5LookAlike.xml
7 ms. Memory: 1534464K Free: 230890K (15%)
----------------- Invoking toplevel() on ptolemy.moml.MoMLSimpleApplication@1859bcf5
----------------- Done invoking toplevel() on ptolemy.moml.MoMLSimpleApplication@1859bcf5
reloadAllAccessors: .PublisherPort5LookAlike

===========================================================================================
----------------- testing Sun Mar 31 03:51:59 UTC 2019 /home/travis/build/icyphy/ptII/ptolemy/actor/lib/test/auto/PublisherPort6.xml
----------------- Instantiating /home/travis/build/icyphy/ptII/ptolemy/actor/lib/test/auto/PublisherPort6.xml
3 ms. Memory: 1534464K Free: 216569K (14%)
----------------- Invoking toplevel() on ptolemy.moml.MoMLSimpleApplication@56e3d565
----------------- Done invoking toplevel() on ptolemy.moml.MoMLSimpleApplication@56e3d565
reloadAllAccessors: .PublisherPort6

===========================================================================================
----------------- testing Sun Mar 31 03:51:59 UTC 2019 /home/travis/build/icyphy/ptII/ptolemy/actor/lib/test/auto/PublisherPort7.xml
----------------- Instantiating /home/travis/build/icyphy/ptII/ptolemy/actor/lib/test/auto/PublisherPort7.xml
4 ms. Memory: 1534464K Free: 194598K (13%)
----------------- Invoking toplevel() on ptolemy.moml.MoMLSimpleApplication@7bdabd5b
----------------- Done invoking toplevel() on ptolemy.moml.MoMLSimpleApplication@7bdabd5b
reloadAllAccessors: .PublisherPort7

===========================================================================================
----------------- testing Sun Mar 31 03:51:59 UTC 2019 /home/travis/build/icyphy/ptII/ptolemy/actor/lib/test/auto/PublisherPort8.xml
----------------- Instantiating /home/travis/build/icyphy/ptII/ptolemy/actor/lib/test/auto/PublisherPort8.xml
4 ms. Memory: 1534464K Free: 180277K (12%)
----------------- Invoking toplevel() on ptolemy.moml.MoMLSimpleApplication@5df34cdd
----------------- Done invoking toplevel() on ptolemy.moml.MoMLSimpleApplication@5df34cdd
reloadAllAccessors: .PublisherPort8

===========================================================================================
----------------- testing Sun Mar 31 03:51:59 UTC 2019 /home/travis/build/icyphy/ptII/ptolemy/actor/lib/test/auto/PublisherPortSubscriberChannelVariablesAOC2.xml
----------------- Instantiating /home/travis/build/icyphy/ptII/ptolemy/actor/lib/test/auto/PublisherPortSubscriberChannelVariablesAOC2.xml
4 ms. Memory: 1534464K Free: 151612K (10%)
----------------- Invoking toplevel() on ptolemy.moml.MoMLSimpleApplication@3cdf69d
----------------- Done invoking toplevel() on ptolemy.moml.MoMLSimpleApplication@3cdf69d
reloadAllAccessors: .PublisherPortSubscriberChannelVariablesAOC2

===========================================================================================
----------------- testing Sun Mar 31 03:51:59 UTC 2019 /home/travis/build/icyphy/ptII/ptolemy/actor/lib/test/auto/PublisherPortSubscriberOpaqueWidthInference.xml
----------------- Instantiating /home/travis/build/icyphy/ptII/ptolemy/actor/lib/test/auto/PublisherPortSubscriberOpaqueWidthInference.xml
5 ms. Memory: 1534464K Free: 129641K (8%)
----------------- Invoking toplevel() on ptolemy.moml.MoMLSimpleApplication@2b11d2e1
----------------- Done invoking toplevel() on ptolemy.moml.MoMLSimpleApplication@2b11d2e1
reloadAllAccessors: .PublisherPortSubscriberOpaqueWidthInference

===========================================================================================
----------------- testing Sun Mar 31 03:51:59 UTC 2019 /home/travis/build/icyphy/ptII/ptolemy/actor/lib/test/auto/PublisherPortSubscriberPortAdjacent.xml
----------------- Instantiating /home/travis/build/icyphy/ptII/ptolemy/actor/lib/test/auto/PublisherPortSubscriberPortAdjacent.xml
3 ms. Memory: 1534464K Free: 115320K (8%)
----------------- Invoking toplevel() on ptolemy.moml.MoMLSimpleApplication@3bc45e6f
----------------- Done invoking toplevel() on ptolemy.moml.MoMLSimpleApplication@3bc45e6f
reloadAllAccessors: .PublisherPortSubscriberPortAdjacent

===========================================================================================
----------------- testing Sun Mar 31 03:51:59 UTC 2019 /home/travis/build/icyphy/ptII/ptolemy/actor/lib/test/auto/PublisherPortSubscriberPortExpression.xml
----------------- Instantiating /home/travis/build/icyphy/ptII/ptolemy/actor/lib/test/auto/PublisherPortSubscriberPortExpression.xml
5 ms. Memory: 1534464K Free: 101000K (7%)
----------------- Invoking toplevel() on ptolemy.moml.MoMLSimpleApplication@73151601
----------------- Done invoking toplevel() on ptolemy.moml.MoMLSimpleApplication@73151601
reloadAllAccessors: .PublisherPortSubscriberPortExpression

===========================================================================================
----------------- testing Sun Mar 31 03:51:59 UTC 2019 /home/travis/build/icyphy/ptII/ptolemy/actor/lib/test/auto/PublisherPortSubscriberPortOpaqueD3Reverse.xml
----------------- Instantiating /home/travis/build/icyphy/ptII/ptolemy/actor/lib/test/auto/PublisherPortSubscriberPortOpaqueD3Reverse.xml
5 ms. Memory: 1534464K Free: 79028K (5%)
----------------- Invoking toplevel() on ptolemy.moml.MoMLSimpleApplication@656735bb
----------------- Done invoking toplevel() on ptolemy.moml.MoMLSimpleApplication@656735bb
reloadAllAccessors: .PublisherPortSubscriberPortOpaqueD3Reverse

===========================================================================================
----------------- testing Sun Mar 31 03:51:59 UTC 2019 /home/travis/build/icyphy/ptII/ptolemy/actor/lib/test/auto/PublisherPortSubscriberPortOpaqueWidthInference.xml
----------------- Instantiating /home/travis/build/icyphy/ptII/ptolemy/actor/lib/test/auto/PublisherPortSubscriberPortOpaqueWidthInference.xml
5 ms. Memory: 1534464K Free: 64708K (4%)
----------------- Invoking toplevel() on ptolemy.moml.MoMLSimpleApplication@8cab5a0
----------------- Done invoking toplevel() on ptolemy.moml.MoMLSimpleApplication@8cab5a0
reloadAllAccessors: .PublisherPortSubscriberPortOpaqueWidthInference

===========================================================================================
----------------- testing Sun Mar 31 03:51:59 UTC 2019 /home/travis/build/icyphy/ptII/ptolemy/actor/lib/test/auto/PublisherPortToplevelSubscriberPortAOC.xml
----------------- Instantiating /home/travis/build/icyphy/ptII/ptolemy/actor/lib/test/auto/PublisherPortToplevelSubscriberPortAOC.xml
.PublisherPortToplevelSubscriberPortAOC.TestExceptionAttribute: initialize() was not invoked, but wrapup() was.  This is unusual, but not always a problem.  For example, exporting JNLP will do this.
1 ms. Memory: 1716736K Free: 1664627K (97%)
----------------- Invoking toplevel() on ptolemy.moml.MoMLSimpleApplication@4a911e59
----------------- Done invoking toplevel() on ptolemy.moml.MoMLSimpleApplication@4a911e59
reloadAllAccessors: .PublisherPortToplevelSubscriberPortAOC

===========================================================================================
----------------- testing Sun Mar 31 03:51:59 UTC 2019 /home/travis/build/icyphy/ptII/ptolemy/actor/lib/test/auto/PublisherSubscriber.xml
----------------- Instantiating /home/travis/build/icyphy/ptII/ptolemy/actor/lib/test/auto/PublisherSubscriber.xml
2 ms. Memory: 1716736K Free: 1641399K (96%)
----------------- Invoking toplevel() on ptolemy.moml.MoMLSimpleApplication@2044061d
----------------- Done invoking toplevel() on ptolemy.moml.MoMLSimpleApplication@2044061d
reloadAllAccessors: .PublisherSubscriber

===========================================================================================
----------------- testing Sun Mar 31 03:51:59 UTC 2019 /home/travis/build/icyphy/ptII/ptolemy/actor/lib/test/auto/PublisherSubscriber10.xml
----------------- Instantiating /home/travis/build/icyphy/ptII/ptolemy/actor/lib/test/auto/PublisherSubscriber10.xml
6 ms. Memory: 1716736K Free: 1625256K (95%)
----------------- Invoking toplevel() on ptolemy.moml.MoMLSimpleApplication@4d50e42
----------------- Done invoking toplevel() on ptolemy.moml.MoMLSimpleApplication@4d50e42
reloadAllAccessors: .PublisherSubscriber10

===========================================================================================
----------------- testing Sun Mar 31 03:51:59 UTC 2019 /home/travis/build/icyphy/ptII/ptolemy/actor/lib/test/auto/PublisherSubscriber10InitialOutputs.xml
----------------- Instantiating /home/travis/build/icyphy/ptII/ptolemy/actor/lib/test/auto/PublisherSubscriber10InitialOutputs.xml
5 ms. Memory: 1716736K Free: 1601935K (93%)
----------------- Invoking toplevel() on ptolemy.moml.MoMLSimpleApplication@5c306cba
----------------- Done invoking toplevel() on ptolemy.moml.MoMLSimpleApplication@5c306cba
reloadAllAccessors: .PublisherSubscriber10InitialOutputs

===========================================================================================
----------------- testing Sun Mar 31 03:51:59 UTC 2019 /home/travis/build/icyphy/ptII/ptolemy/actor/lib/test/auto/PublisherSubscriber11.xml
----------------- Instantiating /home/travis/build/icyphy/ptII/ptolemy/actor/lib/test/auto/PublisherSubscriber11.xml
6 ms. Memory: 1716736K Free: 1585792K (92%)
----------------- Invoking toplevel() on ptolemy.moml.MoMLSimpleApplication@5dec6e93
----------------- Done invoking toplevel() on ptolemy.moml.MoMLSimpleApplication@5dec6e93
reloadAllAccessors: .PublisherSubscriber11

===========================================================================================
----------------- testing Sun Mar 31 03:51:59 UTC 2019 /home/travis/build/icyphy/ptII/ptolemy/actor/lib/test/auto/PublisherSubscriber12.xml
----------------- Instantiating /home/travis/build/icyphy/ptII/ptolemy/actor/lib/test/auto/PublisherSubscriber12.xml
5 ms. Memory: 1716736K Free: 1569649K (91%)
----------------- Invoking toplevel() on ptolemy.moml.MoMLSimpleApplication@3090327b
----------------- Done invoking toplevel() on ptolemy.moml.MoMLSimpleApplication@3090327b
reloadAllAccessors: .PublisherSubscriber12

===========================================================================================
----------------- testing Sun Mar 31 03:51:59 UTC 2019 /home/travis/build/icyphy/ptII/ptolemy/actor/lib/test/auto/PublisherSubscriber13.xml
----------------- Instantiating /home/travis/build/icyphy/ptII/ptolemy/actor/lib/test/auto/PublisherSubscriber13.xml
1 ms. Memory: 1716736K Free: 1546420K (90%)
----------------- Invoking toplevel() on ptolemy.moml.MoMLSimpleApplication@13bf5658
----------------- Done invoking toplevel() on ptolemy.moml.MoMLSimpleApplication@13bf5658
reloadAllAccessors: .PublisherSubscriber13

===========================================================================================
----------------- testing Sun Mar 31 03:51:59 UTC 2019 /home/travis/build/icyphy/ptII/ptolemy/actor/lib/test/auto/PublisherSubscriber14.xml
----------------- Instantiating /home/travis/build/icyphy/ptII/ptolemy/actor/lib/test/auto/PublisherSubscriber14.xml
2 ms. Memory: 1716736K Free: 1530277K (89%)
----------------- Invoking toplevel() on ptolemy.moml.MoMLSimpleApplication@6115dc5d
----------------- Done invoking toplevel() on ptolemy.moml.MoMLSimpleApplication@6115dc5d
reloadAllAccessors: .PublisherSubscriber14

===========================================================================================
----------------- testing Sun Mar 31 03:51:59 UTC 2019 /home/travis/build/icyphy/ptII/ptolemy/actor/lib/test/auto/PublisherSubscriber2.xml
----------------- Instantiating /home/travis/build/icyphy/ptII/ptolemy/actor/lib/test/auto/PublisherSubscriber2.xml
3 ms. Memory: 1716736K Free: 1514134K (88%)
----------------- Invoking toplevel() on ptolemy.moml.MoMLSimpleApplication@3a0a80cf
----------------- Done invoking toplevel() on ptolemy.moml.MoMLSimpleApplication@3a0a80cf
reloadAllAccessors: .PublisherSubscriber2

===========================================================================================
----------------- testing Sun Mar 31 03:51:59 UTC 2019 /home/travis/build/icyphy/ptII/ptolemy/actor/lib/test/auto/PublisherSubscriber3.xml
----------------- Instantiating /home/travis/build/icyphy/ptII/ptolemy/actor/lib/test/auto/PublisherSubscriber3.xml
2 ms. Memory: 1716736K Free: 1490905K (87%)
----------------- Invoking toplevel() on ptolemy.moml.MoMLSimpleApplication@46e7b4e7
----------------- Done invoking toplevel() on ptolemy.moml.MoMLSimpleApplication@46e7b4e7
reloadAllAccessors: .PublisherSubscriber3

===========================================================================================
----------------- testing Sun Mar 31 03:51:59 UTC 2019 /home/travis/build/icyphy/ptII/ptolemy/actor/lib/test/auto/PublisherSubscriber4.xml
----------------- Instantiating /home/travis/build/icyphy/ptII/ptolemy/actor/lib/test/auto/PublisherSubscriber4.xml
2 ms. Memory: 1716736K Free: 1474762K (86%)
----------------- Invoking toplevel() on ptolemy.moml.MoMLSimpleApplication@66ea7974
----------------- Done invoking toplevel() on ptolemy.moml.MoMLSimpleApplication@66ea7974
reloadAllAccessors: .PublisherSubscriber4

===========================================================================================
----------------- testing Sun Mar 31 03:51:59 UTC 2019 /home/travis/build/icyphy/ptII/ptolemy/actor/lib/test/auto/PublisherSubscriber5.xml
----------------- Instantiating /home/travis/build/icyphy/ptII/ptolemy/actor/lib/test/auto/PublisherSubscriber5.xml
2 ms. Memory: 1716736K Free: 1458619K (85%)
----------------- Invoking toplevel() on ptolemy.moml.MoMLSimpleApplication@6cad31f
----------------- Done invoking toplevel() on ptolemy.moml.MoMLSimpleApplication@6cad31f
reloadAllAccessors: .PublisherSubscriber5

===========================================================================================
----------------- testing Sun Mar 31 03:51:59 UTC 2019 /home/travis/build/icyphy/ptII/ptolemy/actor/lib/test/auto/PublisherSubscriber6.xml
----------------- Instantiating /home/travis/build/icyphy/ptII/ptolemy/actor/lib/test/auto/PublisherSubscriber6.xml
4 ms. Memory: 1716736K Free: 1435391K (84%)
----------------- Invoking toplevel() on ptolemy.moml.MoMLSimpleApplication@7d68e76b
----------------- Done invoking toplevel() on ptolemy.moml.MoMLSimpleApplication@7d68e76b
reloadAllAccessors: .PublisherSubscriber6

===========================================================================================
----------------- testing Sun Mar 31 03:51:59 UTC 2019 /home/travis/build/icyphy/ptII/ptolemy/actor/lib/test/auto/PublisherSubscriber7.xml
----------------- Instantiating /home/travis/build/icyphy/ptII/ptolemy/actor/lib/test/auto/PublisherSubscriber7.xml
6 ms. Memory: 1716736K Free: 1419247K (83%)
----------------- Invoking toplevel() on ptolemy.moml.MoMLSimpleApplication@7a7256b3
----------------- Done invoking toplevel() on ptolemy.moml.MoMLSimpleApplication@7a7256b3
reloadAllAccessors: .PublisherSubscriber7

===========================================================================================
----------------- testing Sun Mar 31 03:51:59 UTC 2019 /home/travis/build/icyphy/ptII/ptolemy/actor/lib/test/auto/PublisherSubscriber8.xml
----------------- Instantiating /home/travis/build/icyphy/ptII/ptolemy/actor/lib/test/auto/PublisherSubscriber8.xml
20 ms. Memory: 1716736K Free: 1322386K (77%)
----------------- Invoking toplevel() on ptolemy.moml.MoMLSimpleApplication@78fc110e
----------------- Done invoking toplevel() on ptolemy.moml.MoMLSimpleApplication@78fc110e
reloadAllAccessors: .PublisherSubscriber8

===========================================================================================
----------------- testing Sun Mar 31 03:51:59 UTC 2019 /home/travis/build/icyphy/ptII/ptolemy/actor/lib/test/auto/PublisherSubscriber9.xml
----------------- Instantiating /home/travis/build/icyphy/ptII/ptolemy/actor/lib/test/auto/PublisherSubscriber9.xml
2 ms. Memory: 1716736K Free: 1299158K (76%)
----------------- Invoking toplevel() on ptolemy.moml.MoMLSimpleApplication@5fa824c7
----------------- Done invoking toplevel() on ptolemy.moml.MoMLSimpleApplication@5fa824c7
reloadAllAccessors: .PublisherSubscriber9

===========================================================================================
----------------- testing Sun Mar 31 03:51:59 UTC 2019 /home/travis/build/icyphy/ptII/ptolemy/actor/lib/test/auto/PublisherSubscriberAdjacent.xml
----------------- Instantiating /home/travis/build/icyphy/ptII/ptolemy/actor/lib/test/auto/PublisherSubscriberAdjacent.xml
2 ms. Memory: 1716736K Free: 1283015K (75%)
----------------- Invoking toplevel() on ptolemy.moml.MoMLSimpleApplication@18a806c3
----------------- Done invoking toplevel() on ptolemy.moml.MoMLSimpleApplication@18a806c3
reloadAllAccessors: .PublisherSubscriberAdjacent

===========================================================================================
----------------- testing Sun Mar 31 03:51:59 UTC 2019 /home/travis/build/icyphy/ptII/ptolemy/actor/lib/test/auto/PublisherSubscriberChannelVariablesAOC2.xml
----------------- Instantiating /home/travis/build/icyphy/ptII/ptolemy/actor/lib/test/auto/PublisherSubscriberChannelVariablesAOC2.xml
2 ms. Memory: 1716736K Free: 1258792K (73%)
----------------- Invoking toplevel() on ptolemy.moml.MoMLSimpleApplication@6518722b
----------------- Done invoking toplevel() on ptolemy.moml.MoMLSimpleApplication@6518722b
reloadAllAccessors: .PublisherSubscriberChannelVariablesAOC2

===========================================================================================
----------------- testing Sun Mar 31 03:51:59 UTC 2019 /home/travis/build/icyphy/ptII/ptolemy/actor/lib/test/auto/PublisherSubscriberD3.xml
----------------- Instantiating /home/travis/build/icyphy/ptII/ptolemy/actor/lib/test/auto/PublisherSubscriberD3.xml
1 ms. Memory: 1716736K Free: 1235563K (72%)
----------------- Invoking toplevel() on ptolemy.moml.MoMLSimpleApplication@74e0df1b
----------------- Done invoking toplevel() on ptolemy.moml.MoMLSimpleApplication@74e0df1b
reloadAllAccessors: .PublisherSubscriberD3

===========================================================================================
----------------- testing Sun Mar 31 03:51:59 UTC 2019 /home/travis/build/icyphy/ptII/ptolemy/actor/lib/test/auto/PublisherSubscriberD3Reverse.xml
----------------- Instantiating /home/travis/build/icyphy/ptII/ptolemy/actor/lib/test/auto/PublisherSubscriberD3Reverse.xml
1 ms. Memory: 1716736K Free: 1219420K (71%)
----------------- Invoking toplevel() on ptolemy.moml.MoMLSimpleApplication@cc1203
----------------- Done invoking toplevel() on ptolemy.moml.MoMLSimpleApplication@cc1203
reloadAllAccessors: .PublisherSubscriberD3Reverse

===========================================================================================
----------------- testing Sun Mar 31 03:51:59 UTC 2019 /home/travis/build/icyphy/ptII/ptolemy/actor/lib/test/auto/PublisherSubscriberExpression.xml
----------------- Instantiating /home/travis/build/icyphy/ptII/ptolemy/actor/lib/test/auto/PublisherSubscriberExpression.xml
3 ms. Memory: 1716736K Free: 1203277K (70%)
----------------- Invoking toplevel() on ptolemy.moml.MoMLSimpleApplication@4acbd211
----------------- Done invoking toplevel() on ptolemy.moml.MoMLSimpleApplication@4acbd211
reloadAllAccessors: .PublisherSubscriberExpression

===========================================================================================
----------------- testing Sun Mar 31 03:51:59 UTC 2019 /home/travis/build/icyphy/ptII/ptolemy/actor/lib/test/auto/PublisherSubscriberOpaque.xml
----------------- Instantiating /home/travis/build/icyphy/ptII/ptolemy/actor/lib/test/auto/PublisherSubscriberOpaque.xml
3 ms. Memory: 1716736K Free: 1180048K (69%)
----------------- Invoking toplevel() on ptolemy.moml.MoMLSimpleApplication@5c3dc66f
----------------- Done invoking toplevel() on ptolemy.moml.MoMLSimpleApplication@5c3dc66f
reloadAllAccessors: .PublisherSubscriberOpaque

===========================================================================================
----------------- testing Sun Mar 31 03:51:59 UTC 2019 /home/travis/build/icyphy/ptII/ptolemy/actor/lib/test/auto/PublisherSubscriberOpaqueD3.xml
----------------- Instantiating /home/travis/build/icyphy/ptII/ptolemy/actor/lib/test/auto/PublisherSubscriberOpaqueD3.xml
5 ms. Memory: 1716736K Free: 1163905K (68%)
----------------- Invoking toplevel() on ptolemy.moml.MoMLSimpleApplication@148854e4
----------------- Done invoking toplevel() on ptolemy.moml.MoMLSimpleApplication@148854e4
reloadAllAccessors: .PublisherSubscriberOpaqueD3

===========================================================================================
----------------- testing Sun Mar 31 03:51:59 UTC 2019 /home/travis/build/icyphy/ptII/ptolemy/actor/lib/test/auto/PublisherSubscriberOpaqueD3Reverse.xml
----------------- Instantiating /home/travis/build/icyphy/ptII/ptolemy/actor/lib/test/auto/PublisherSubscriberOpaqueD3Reverse.xml
6 ms. Memory: 1716736K Free: 1147761K (67%)
----------------- Invoking toplevel() on ptolemy.moml.MoMLSimpleApplication@67f5153c
----------------- Done invoking toplevel() on ptolemy.moml.MoMLSimpleApplication@67f5153c
reloadAllAccessors: .PublisherSubscriberOpaqueD3Reverse

===========================================================================================
----------------- testing Sun Mar 31 03:51:59 UTC 2019 /home/travis/build/icyphy/ptII/ptolemy/actor/lib/test/auto/PublisherSubscriberOpaqueWidthInference.xml
----------------- Instantiating /home/travis/build/icyphy/ptII/ptolemy/actor/lib/test/auto/PublisherSubscriberOpaqueWidthInference.xml
5 ms. Memory: 1716736K Free: 1124533K (66%)
----------------- Invoking toplevel() on ptolemy.moml.MoMLSimpleApplication@134df5c7
----------------- Done invoking toplevel() on ptolemy.moml.MoMLSimpleApplication@134df5c7
reloadAllAccessors: .PublisherSubscriberOpaqueWidthInference

===========================================================================================
----------------- testing Sun Mar 31 03:51:59 UTC 2019 /home/travis/build/icyphy/ptII/ptolemy/actor/lib/test/auto/PublisherTestSubscriber.xml
----------------- Instantiating /home/travis/build/icyphy/ptII/ptolemy/actor/lib/test/auto/PublisherTestSubscriber.xml
2 ms. Memory: 1716736K Free: 1108390K (65%)
----------------- Invoking toplevel() on ptolemy.moml.MoMLSimpleApplication@406f0aa2
----------------- Done invoking toplevel() on ptolemy.moml.MoMLSimpleApplication@406f0aa2
reloadAllAccessors: .PublisherTestSubscriber

===========================================================================================
----------------- testing Sun Mar 31 03:51:59 UTC 2019 /home/travis/build/icyphy/ptII/ptolemy/actor/lib/test/auto/PublisherToplevelSubscriberPortAOC.xml
----------------- Instantiating /home/travis/build/icyphy/ptII/ptolemy/actor/lib/test/auto/PublisherToplevelSubscriberPortAOC.xml
2 ms. Memory: 1716736K Free: 1092246K (64%)
----------------- Invoking toplevel() on ptolemy.moml.MoMLSimpleApplication@608d5708
----------------- Done invoking toplevel() on ptolemy.moml.MoMLSimpleApplication@608d5708
reloadAllAccessors: .PublisherToplevelSubscriberPortAOC

===========================================================================================
----------------- testing Sun Mar 31 03:51:59 UTC 2019 /home/travis/build/icyphy/ptII/ptolemy/actor/lib/test/auto/PulseFiringLimitDE.xml
----------------- Instantiating /home/travis/build/icyphy/ptII/ptolemy/actor/lib/test/auto/PulseFiringLimitDE.xml
1 ms. Memory: 1716736K Free: 1069018K (62%)
----------------- Invoking toplevel() on ptolemy.moml.MoMLSimpleApplication@3a4fd01f
----------------- Done invoking toplevel() on ptolemy.moml.MoMLSimpleApplication@3a4fd01f
reloadAllAccessors: .PulseFiringLimitDE

===========================================================================================
----------------- testing Sun Mar 31 03:51:59 UTC 2019 /home/travis/build/icyphy/ptII/ptolemy/actor/lib/test/auto/Ramp1.xml
----------------- Instantiating /home/travis/build/icyphy/ptII/ptolemy/actor/lib/test/auto/Ramp1.xml
1 ms. Memory: 1716736K Free: 1052874K (61%)
----------------- Invoking toplevel() on ptolemy.moml.MoMLSimpleApplication@7a5639cb
----------------- Done invoking toplevel() on ptolemy.moml.MoMLSimpleApplication@7a5639cb
reloadAllAccessors: .Ramp1

===========================================================================================
----------------- testing Sun Mar 31 03:51:59 UTC 2019 /home/travis/build/icyphy/ptII/ptolemy/actor/lib/test/auto/RampFiringLimitDE.xml
----------------- Instantiating /home/travis/build/icyphy/ptII/ptolemy/actor/lib/test/auto/RampFiringLimitDE.xml
2 ms. Memory: 1716736K Free: 1036731K (60%)
----------------- Invoking toplevel() on ptolemy.moml.MoMLSimpleApplication@35ccfb36
----------------- Done invoking toplevel() on ptolemy.moml.MoMLSimpleApplication@35ccfb36
reloadAllAccessors: .RampFiringLimitDE

===========================================================================================
----------------- testing Sun Mar 31 03:51:59 UTC 2019 /home/travis/build/icyphy/ptII/ptolemy/actor/lib/test/auto/RampFiringLimitSDF.xml
----------------- Instantiating /home/travis/build/icyphy/ptII/ptolemy/actor/lib/test/auto/RampFiringLimitSDF.xml
2 ms. Memory: 1716736K Free: 1013503K (59%)
----------------- Invoking toplevel() on ptolemy.moml.MoMLSimpleApplication@39572cff
----------------- Done invoking toplevel() on ptolemy.moml.MoMLSimpleApplication@39572cff
reloadAllAccessors: .RampFiringLimitSDF

===========================================================================================
----------------- testing Sun Mar 31 03:51:59 UTC 2019 /home/travis/build/icyphy/ptII/ptolemy/actor/lib/test/auto/RandomInteger.xml
----------------- Instantiating /home/travis/build/icyphy/ptII/ptolemy/actor/lib/test/auto/RandomInteger.xml
1 ms. Memory: 1716736K Free: 997359K (58%)
----------------- Invoking toplevel() on ptolemy.moml.MoMLSimpleApplication@ab9072b
----------------- Done invoking toplevel() on ptolemy.moml.MoMLSimpleApplication@ab9072b
reloadAllAccessors: .RandomInteger

===========================================================================================
----------------- testing Sun Mar 31 03:51:59 UTC 2019 /home/travis/build/icyphy/ptII/ptolemy/actor/lib/test/auto/ReadFile1.xml
----------------- Instantiating /home/travis/build/icyphy/ptII/ptolemy/actor/lib/test/auto/ReadFile1.xml
1 ms. Memory: 1716736K Free: 974131K (57%)
----------------- Invoking toplevel() on ptolemy.moml.MoMLSimpleApplication@412c51a6
----------------- Done invoking toplevel() on ptolemy.moml.MoMLSimpleApplication@412c51a6
reloadAllAccessors: .ReadFile1

===========================================================================================
----------------- testing Sun Mar 31 03:51:59 UTC 2019 /home/travis/build/icyphy/ptII/ptolemy/actor/lib/test/auto/ReadFile2.xml
----------------- Instantiating /home/travis/build/icyphy/ptII/ptolemy/actor/lib/test/auto/ReadFile2.xml
1 ms. Memory: 1716736K Free: 957988K (56%)
----------------- Invoking toplevel() on ptolemy.moml.MoMLSimpleApplication@783c5c34
----------------- Done invoking toplevel() on ptolemy.moml.MoMLSimpleApplication@783c5c34
reloadAllAccessors: .ReadFile2

===========================================================================================
----------------- testing Sun Mar 31 03:51:59 UTC 2019 /home/travis/build/icyphy/ptII/ptolemy/actor/lib/test/auto/Reader.xml
----------------- Instantiating /home/travis/build/icyphy/ptII/ptolemy/actor/lib/test/auto/Reader.xml
actor.lib.Reader is obsolete, use actor.lib.io.ExpressionReader instead
2 ms. Memory: 1716736K Free: 941844K (55%)
----------------- Invoking toplevel() on ptolemy.moml.MoMLSimpleApplication@59cf847f
----------------- Done invoking toplevel() on ptolemy.moml.MoMLSimpleApplication@59cf847f
reloadAllAccessors: .Reader

===========================================================================================
----------------- testing Sun Mar 31 03:51:59 UTC 2019 /home/travis/build/icyphy/ptII/ptolemy/actor/lib/test/auto/RecordAssemblerDisplayNameTest.xml
----------------- Instantiating /home/travis/build/icyphy/ptII/ptolemy/actor/lib/test/auto/RecordAssemblerDisplayNameTest.xml
3027 ms. Memory: 1769984K Free: 1341252K (76%)
----------------- Invoking toplevel() on ptolemy.moml.MoMLSimpleApplication@5ebb4d1b
----------------- Done invoking toplevel() on ptolemy.moml.MoMLSimpleApplication@5ebb4d1b
reloadAllAccessors: .RecordAssemblerDisplayNameTest

===========================================================================================
----------------- testing Sun Mar 31 03:52:03 UTC 2019 /home/travis/build/icyphy/ptII/ptolemy/actor/lib/test/auto/RecordAssemblerTypeError.xml
----------------- Instantiating /home/travis/build/icyphy/ptII/ptolemy/actor/lib/test/auto/RecordAssemblerTypeError.xml
11 ms. Memory: 1769984K Free: 1306944K (74%)
----------------- Invoking toplevel() on ptolemy.moml.MoMLSimpleApplication@2416cc8f
----------------- Done invoking toplevel() on ptolemy.moml.MoMLSimpleApplication@2416cc8f
reloadAllAccessors: .RecordAssemblerTypeError

===========================================================================================
----------------- testing Sun Mar 31 03:52:03 UTC 2019 /home/travis/build/icyphy/ptII/ptolemy/actor/lib/test/auto/RecordDisassember.xml
----------------- Instantiating /home/travis/build/icyphy/ptII/ptolemy/actor/lib/test/auto/RecordDisassember.xml
2 ms. Memory: 1769984K Free: 1290443K (73%)
----------------- Invoking toplevel() on ptolemy.moml.MoMLSimpleApplication@3871b7f6
----------------- Done invoking toplevel() on ptolemy.moml.MoMLSimpleApplication@3871b7f6
reloadAllAccessors: .RecordDisassember

===========================================================================================
----------------- testing Sun Mar 31 03:52:03 UTC 2019 /home/travis/build/icyphy/ptII/ptolemy/actor/lib/test/auto/RecordDisassemberDisplayNameTest.xml
----------------- Instantiating /home/travis/build/icyphy/ptII/ptolemy/actor/lib/test/auto/RecordDisassemberDisplayNameTest.xml
4 ms. Memory: 1769984K Free: 1268588K (72%)
----------------- Invoking toplevel() on ptolemy.moml.MoMLSimpleApplication@48fa427d
----------------- Done invoking toplevel() on ptolemy.moml.MoMLSimpleApplication@48fa427d
reloadAllAccessors: .RecordDisassemberDisplayNameTest

===========================================================================================
----------------- testing Sun Mar 31 03:52:03 UTC 2019 /home/travis/build/icyphy/ptII/ptolemy/actor/lib/test/auto/RecordDisassembler.xml
----------------- Instantiating /home/travis/build/icyphy/ptII/ptolemy/actor/lib/test/auto/RecordDisassembler.xml
2 ms. Memory: 1769984K Free: 1252086K (71%)
----------------- Invoking toplevel() on ptolemy.moml.MoMLSimpleApplication@199c408e
----------------- Done invoking toplevel() on ptolemy.moml.MoMLSimpleApplication@199c408e
reloadAllAccessors: .RecordDisassembler

===========================================================================================
----------------- testing Sun Mar 31 03:52:03 UTC 2019 /home/travis/build/icyphy/ptII/ptolemy/actor/lib/test/auto/RecordDisassembler2.xml
----------------- Instantiating /home/travis/build/icyphy/ptII/ptolemy/actor/lib/test/auto/RecordDisassembler2.xml
2 ms. Memory: 1769984K Free: 1230232K (70%)
----------------- Invoking toplevel() on ptolemy.moml.MoMLSimpleApplication@9883bd
----------------- Done invoking toplevel() on ptolemy.moml.MoMLSimpleApplication@9883bd
reloadAllAccessors: .RecordDisassembler2

===========================================================================================
----------------- testing Sun Mar 31 03:52:03 UTC 2019 /home/travis/build/icyphy/ptII/ptolemy/actor/lib/test/auto/RecordUpdater.xml
----------------- Instantiating /home/travis/build/icyphy/ptII/ptolemy/actor/lib/test/auto/RecordUpdater.xml
1 ms. Memory: 1769984K Free: 1213730K (69%)
----------------- Invoking toplevel() on ptolemy.moml.MoMLSimpleApplication@2262f155
----------------- Done invoking toplevel() on ptolemy.moml.MoMLSimpleApplication@2262f155
reloadAllAccessors: .RecordUpdater

===========================================================================================
----------------- testing Sun Mar 31 03:52:03 UTC 2019 /home/travis/build/icyphy/ptII/ptolemy/actor/lib/test/auto/RecordUpdater2.xml
----------------- Instantiating /home/travis/build/icyphy/ptII/ptolemy/actor/lib/test/auto/RecordUpdater2.xml
2 ms. Memory: 1769984K Free: 1191876K (67%)
----------------- Invoking toplevel() on ptolemy.moml.MoMLSimpleApplication@4d4cae69
----------------- Done invoking toplevel() on ptolemy.moml.MoMLSimpleApplication@4d4cae69
reloadAllAccessors: .RecordUpdater2

===========================================================================================
----------------- testing Sun Mar 31 03:52:03 UTC 2019 /home/travis/build/icyphy/ptII/ptolemy/actor/lib/test/auto/RecursiveLattice.xml
----------------- Instantiating /home/travis/build/icyphy/ptII/ptolemy/actor/lib/test/auto/RecursiveLattice.xml
1 ms. Memory: 1769984K Free: 1175374K (66%)
----------------- Invoking toplevel() on ptolemy.moml.MoMLSimpleApplication@34f6c197
----------------- Done invoking toplevel() on ptolemy.moml.MoMLSimpleApplication@34f6c197
reloadAllAccessors: .RecursiveLattice

===========================================================================================
----------------- testing Sun Mar 31 03:52:03 UTC 2019 /home/travis/build/icyphy/ptII/ptolemy/actor/lib/test/auto/Router.xml
----------------- Instantiating /home/travis/build/icyphy/ptII/ptolemy/actor/lib/test/auto/Router.xml
3004 ms. Memory: 1769984K Free: 1153520K (65%)
----------------- Invoking toplevel() on ptolemy.moml.MoMLSimpleApplication@19eec902
----------------- Done invoking toplevel() on ptolemy.moml.MoMLSimpleApplication@19eec902
reloadAllAccessors: .Router

===========================================================================================
----------------- testing Sun Mar 31 03:52:06 UTC 2019 /home/travis/build/icyphy/ptII/ptolemy/actor/lib/test/auto/Router2.xml
----------------- Instantiating /home/travis/build/icyphy/ptII/ptolemy/actor/lib/test/auto/Router2.xml
3003 ms. Memory: 1769984K Free: 1137018K (64%)
----------------- Invoking toplevel() on ptolemy.moml.MoMLSimpleApplication@7116a185
----------------- Done invoking toplevel() on ptolemy.moml.MoMLSimpleApplication@7116a185
reloadAllAccessors: .Router2

===========================================================================================
----------------- testing Sun Mar 31 03:52:09 UTC 2019 /home/travis/build/icyphy/ptII/ptolemy/actor/lib/test/auto/RunningMaximum.xml
----------------- Instantiating /home/travis/build/icyphy/ptII/ptolemy/actor/lib/test/auto/RunningMaximum.xml
2 ms. Memory: 1769984K Free: 1120516K (63%)
----------------- Invoking toplevel() on ptolemy.moml.MoMLSimpleApplication@1b29c397
----------------- Done invoking toplevel() on ptolemy.moml.MoMLSimpleApplication@1b29c397
reloadAllAccessors: .RunningMaximum

===========================================================================================
----------------- testing Sun Mar 31 03:52:09 UTC 2019 /home/travis/build/icyphy/ptII/ptolemy/actor/lib/test/auto/RunningMinimum.xml
----------------- Instantiating /home/travis/build/icyphy/ptII/ptolemy/actor/lib/test/auto/RunningMinimum.xml
1 ms. Memory: 1769984K Free: 1098661K (62%)
----------------- Invoking toplevel() on ptolemy.moml.MoMLSimpleApplication@4ebe4ee9
----------------- Done invoking toplevel() on ptolemy.moml.MoMLSimpleApplication@4ebe4ee9
reloadAllAccessors: .RunningMinimum

===========================================================================================
----------------- testing Sun Mar 31 03:52:09 UTC 2019 /home/travis/build/icyphy/ptII/ptolemy/actor/lib/test/auto/Scale.xml
----------------- Instantiating /home/travis/build/icyphy/ptII/ptolemy/actor/lib/test/auto/Scale.xml
2 ms. Memory: 1769984K Free: 1082160K (61%)
----------------- Invoking toplevel() on ptolemy.moml.MoMLSimpleApplication@67e09871
----------------- Done invoking toplevel() on ptolemy.moml.MoMLSimpleApplication@67e09871
reloadAllAccessors: .Scale

===========================================================================================
----------------- testing Sun Mar 31 03:52:09 UTC 2019 /home/travis/build/icyphy/ptII/ptolemy/actor/lib/test/auto/Scale2.xml
----------------- Instantiating /home/travis/build/icyphy/ptII/ptolemy/actor/lib/test/auto/Scale2.xml
2 ms. Memory: 1769984K Free: 1060305K (60%)
----------------- Invoking toplevel() on ptolemy.moml.MoMLSimpleApplication@634acb62
----------------- Done invoking toplevel() on ptolemy.moml.MoMLSimpleApplication@634acb62
reloadAllAccessors: .Scale2

===========================================================================================
----------------- testing Sun Mar 31 03:52:09 UTC 2019 /home/travis/build/icyphy/ptII/ptolemy/actor/lib/test/auto/Scale3.xml
----------------- Instantiating /home/travis/build/icyphy/ptII/ptolemy/actor/lib/test/auto/Scale3.xml
3 ms. Memory: 1769984K Free: 1043803K (59%)
----------------- Invoking toplevel() on ptolemy.moml.MoMLSimpleApplication@75e072a6
----------------- Done invoking toplevel() on ptolemy.moml.MoMLSimpleApplication@75e072a6
reloadAllAccessors: .Scale3

===========================================================================================
----------------- testing Sun Mar 31 03:52:09 UTC 2019 /home/travis/build/icyphy/ptII/ptolemy/actor/lib/test/auto/ScaleArray.xml
----------------- Instantiating /home/travis/build/icyphy/ptII/ptolemy/actor/lib/test/auto/ScaleArray.xml
2 ms. Memory: 1769984K Free: 1021949K (58%)
----------------- Invoking toplevel() on ptolemy.moml.MoMLSimpleApplication@25c7b53
----------------- Done invoking toplevel() on ptolemy.moml.MoMLSimpleApplication@25c7b53
reloadAllAccessors: .ScaleArray

===========================================================================================
----------------- testing Sun Mar 31 03:52:09 UTC 2019 /home/travis/build/icyphy/ptII/ptolemy/actor/lib/test/auto/ScaleArray2.xml
----------------- Instantiating /home/travis/build/icyphy/ptII/ptolemy/actor/lib/test/auto/ScaleArray2.xml
1 ms. Memory: 1769984K Free: 1005447K (57%)
----------------- Invoking toplevel() on ptolemy.moml.MoMLSimpleApplication@14255a63
----------------- Done invoking toplevel() on ptolemy.moml.MoMLSimpleApplication@14255a63
reloadAllAccessors: .ScaleArray2

===========================================================================================
----------------- testing Sun Mar 31 03:52:09 UTC 2019 /home/travis/build/icyphy/ptII/ptolemy/actor/lib/test/auto/ScaleMatrix.xml
----------------- Instantiating /home/travis/build/icyphy/ptII/ptolemy/actor/lib/test/auto/ScaleMatrix.xml
102 ms. Memory: 1769984K Free: 975342K (55%)
----------------- Invoking toplevel() on ptolemy.moml.MoMLSimpleApplication@64437e30
----------------- Done invoking toplevel() on ptolemy.moml.MoMLSimpleApplication@64437e30
reloadAllAccessors: .ScaleMatrix

===========================================================================================
----------------- testing Sun Mar 31 03:52:09 UTC 2019 /home/travis/build/icyphy/ptII/ptolemy/actor/lib/test/auto/Select.xml
----------------- Instantiating /home/travis/build/icyphy/ptII/ptolemy/actor/lib/test/auto/Select.xml
2 ms. Memory: 1769984K Free: 958840K (54%)
----------------- Invoking toplevel() on ptolemy.moml.MoMLSimpleApplication@42505fda
----------------- Done invoking toplevel() on ptolemy.moml.MoMLSimpleApplication@42505fda
reloadAllAccessors: .Select

===========================================================================================
----------------- testing Sun Mar 31 03:52:09 UTC 2019 /home/travis/build/icyphy/ptII/ptolemy/actor/lib/test/auto/Select2.xml
----------------- Instantiating /home/travis/build/icyphy/ptII/ptolemy/actor/lib/test/auto/Select2.xml
1 ms. Memory: 1769984K Free: 936985K (53%)
----------------- Invoking toplevel() on ptolemy.moml.MoMLSimpleApplication@4307afe8
----------------- Done invoking toplevel() on ptolemy.moml.MoMLSimpleApplication@4307afe8
reloadAllAccessors: .Select2

===========================================================================================
----------------- testing Sun Mar 31 03:52:09 UTC 2019 /home/travis/build/icyphy/ptII/ptolemy/actor/lib/test/auto/SequenceToArray2.xml
----------------- Instantiating /home/travis/build/icyphy/ptII/ptolemy/actor/lib/test/auto/SequenceToArray2.xml
66 ms. Memory: 1769984K Free: 837974K (47%)
----------------- Invoking toplevel() on ptolemy.moml.MoMLSimpleApplication@6d4dc60
----------------- Done invoking toplevel() on ptolemy.moml.MoMLSimpleApplication@6d4dc60
reloadAllAccessors: .SequenceToArray2

===========================================================================================
----------------- testing Sun Mar 31 03:52:09 UTC 2019 /home/travis/build/icyphy/ptII/ptolemy/actor/lib/test/auto/SequentialClock.xml
----------------- Instantiating /home/travis/build/icyphy/ptII/ptolemy/actor/lib/test/auto/SequentialClock.xml
1 ms. Memory: 1769984K Free: 821472K (46%)
----------------- Invoking toplevel() on ptolemy.moml.MoMLSimpleApplication@6580c000
----------------- Done invoking toplevel() on ptolemy.moml.MoMLSimpleApplication@6580c000
reloadAllAccessors: .SequentialClock

===========================================================================================
----------------- testing Sun Mar 31 03:52:09 UTC 2019 /home/travis/build/icyphy/ptII/ptolemy/actor/lib/test/auto/SetVariable.xml
----------------- Instantiating /home/travis/build/icyphy/ptII/ptolemy/actor/lib/test/auto/SetVariable.xml
2 ms. Memory: 1769984K Free: 799618K (45%)
----------------- Invoking toplevel() on ptolemy.moml.MoMLSimpleApplication@60940e7c
----------------- Done invoking toplevel() on ptolemy.moml.MoMLSimpleApplication@60940e7c
reloadAllAccessors: .SetVariable

===========================================================================================
----------------- testing Sun Mar 31 03:52:09 UTC 2019 /home/travis/build/icyphy/ptII/ptolemy/actor/lib/test/auto/SetVariable2.xml
----------------- Instantiating /home/travis/build/icyphy/ptII/ptolemy/actor/lib/test/auto/SetVariable2.xml
2 ms. Memory: 1769984K Free: 783116K (44%)
----------------- Invoking toplevel() on ptolemy.moml.MoMLSimpleApplication@401ccaf3
----------------- Done invoking toplevel() on ptolemy.moml.MoMLSimpleApplication@401ccaf3
reloadAllAccessors: .SetVariable2

===========================================================================================
----------------- testing Sun Mar 31 03:52:09 UTC 2019 /home/travis/build/icyphy/ptII/ptolemy/actor/lib/test/auto/SetVariable3.xml
----------------- Instantiating /home/travis/build/icyphy/ptII/ptolemy/actor/lib/test/auto/SetVariable3.xml
3 ms. Memory: 1769984K Free: 761262K (43%)
----------------- Invoking toplevel() on ptolemy.moml.MoMLSimpleApplication@430c5654
----------------- Done invoking toplevel() on ptolemy.moml.MoMLSimpleApplication@430c5654
reloadAllAccessors: .SetVariable3

===========================================================================================
----------------- testing Sun Mar 31 03:52:09 UTC 2019 /home/travis/build/icyphy/ptII/ptolemy/actor/lib/test/auto/SetVariable4.xml
----------------- Instantiating /home/travis/build/icyphy/ptII/ptolemy/actor/lib/test/auto/SetVariable4.xml
12 ms. Memory: 1769984K Free: 687004K (39%)
----------------- Invoking toplevel() on ptolemy.moml.MoMLSimpleApplication@4dd74a61
----------------- Done invoking toplevel() on ptolemy.moml.MoMLSimpleApplication@4dd74a61
reloadAllAccessors: .SetVariable4

===========================================================================================
----------------- testing Sun Mar 31 03:52:09 UTC 2019 /home/travis/build/icyphy/ptII/ptolemy/actor/lib/test/auto/SetVariable5.xml
----------------- Instantiating /home/travis/build/icyphy/ptII/ptolemy/actor/lib/test/auto/SetVariable5.xml
8 ms. Memory: 1769984K Free: 665150K (38%)
----------------- Invoking toplevel() on ptolemy.moml.MoMLSimpleApplication@6482aecc
----------------- Done invoking toplevel() on ptolemy.moml.MoMLSimpleApplication@6482aecc
reloadAllAccessors: .SetVariable5

===========================================================================================
----------------- testing Sun Mar 31 03:52:09 UTC 2019 /home/travis/build/icyphy/ptII/ptolemy/actor/lib/test/auto/Sinewave.xml
----------------- Instantiating /home/travis/build/icyphy/ptII/ptolemy/actor/lib/test/auto/Sinewave.xml
3 ms. Memory: 1769984K Free: 648648K (37%)
----------------- Invoking toplevel() on ptolemy.moml.MoMLSimpleApplication@19676204
----------------- Done invoking toplevel() on ptolemy.moml.MoMLSimpleApplication@19676204
reloadAllAccessors: .Sinewave

===========================================================================================
----------------- testing Sun Mar 31 03:52:09 UTC 2019 /home/travis/build/icyphy/ptII/ptolemy/actor/lib/test/auto/Sinewave2.xml
----------------- Instantiating /home/travis/build/icyphy/ptII/ptolemy/actor/lib/test/auto/Sinewave2.xml
4 ms. Memory: 1769984K Free: 626793K (35%)
----------------- Invoking toplevel() on ptolemy.moml.MoMLSimpleApplication@65816d0d
----------------- Done invoking toplevel() on ptolemy.moml.MoMLSimpleApplication@65816d0d
reloadAllAccessors: .Sinewave2

===========================================================================================
----------------- testing Sun Mar 31 03:52:09 UTC 2019 /home/travis/build/icyphy/ptII/ptolemy/actor/lib/test/auto/Sinewave3.xml
----------------- Instantiating /home/travis/build/icyphy/ptII/ptolemy/actor/lib/test/auto/Sinewave3.xml
5 ms. Memory: 1769984K Free: 610291K (34%)
----------------- Invoking toplevel() on ptolemy.moml.MoMLSimpleApplication@1c36adf7
----------------- Done invoking toplevel() on ptolemy.moml.MoMLSimpleApplication@1c36adf7
reloadAllAccessors: .Sinewave3

===========================================================================================
----------------- testing Sun Mar 31 03:52:09 UTC 2019 /home/travis/build/icyphy/ptII/ptolemy/actor/lib/test/auto/SingleEvent.xml
----------------- Instantiating /home/travis/build/icyphy/ptII/ptolemy/actor/lib/test/auto/SingleEvent.xml
1 ms. Memory: 1769984K Free: 588437K (33%)
----------------- Invoking toplevel() on ptolemy.moml.MoMLSimpleApplication@f8016c6
----------------- Done invoking toplevel() on ptolemy.moml.MoMLSimpleApplication@f8016c6
reloadAllAccessors: .SingleEvent

===========================================================================================
----------------- testing Sun Mar 31 03:52:09 UTC 2019 /home/travis/build/icyphy/ptII/ptolemy/actor/lib/test/auto/Sleep.xml
----------------- Instantiating /home/travis/build/icyphy/ptII/ptolemy/actor/lib/test/auto/Sleep.xml
6003 ms. Memory: 1769984K Free: 571935K (32%)
----------------- Invoking toplevel() on ptolemy.moml.MoMLSimpleApplication@4285b69f
----------------- Done invoking toplevel() on ptolemy.moml.MoMLSimpleApplication@4285b69f
reloadAllAccessors: .Sleep

===========================================================================================
----------------- testing Sun Mar 31 03:52:15 UTC 2019 /home/travis/build/icyphy/ptII/ptolemy/actor/lib/test/auto/SleepMultipleFire.xml
----------------- Instantiating /home/travis/build/icyphy/ptII/ptolemy/actor/lib/test/auto/SleepMultipleFire.xml
1005 ms. Memory: 1769984K Free: 555434K (31%)
----------------- Invoking toplevel() on ptolemy.moml.MoMLSimpleApplication@15ae23ee
----------------- Done invoking toplevel() on ptolemy.moml.MoMLSimpleApplication@15ae23ee
reloadAllAccessors: .SleepMultipleFire

===========================================================================================
----------------- testing Sun Mar 31 03:52:16 UTC 2019 /home/travis/build/icyphy/ptII/ptolemy/actor/lib/test/auto/StopDE.xml
----------------- Instantiating /home/travis/build/icyphy/ptII/ptolemy/actor/lib/test/auto/StopDE.xml
3 ms. Memory: 1769984K Free: 533579K (30%)
----------------- Invoking toplevel() on ptolemy.moml.MoMLSimpleApplication@442a1cce
----------------- Done invoking toplevel() on ptolemy.moml.MoMLSimpleApplication@442a1cce
reloadAllAccessors: .StopDE

===========================================================================================
----------------- testing Sun Mar 31 03:52:16 UTC 2019 /home/travis/build/icyphy/ptII/ptolemy/actor/lib/test/auto/StopSDF.xml
----------------- Instantiating /home/travis/build/icyphy/ptII/ptolemy/actor/lib/test/auto/StopSDF.xml
2 ms. Memory: 1769984K Free: 517078K (29%)
----------------- Invoking toplevel() on ptolemy.moml.MoMLSimpleApplication@6fe1d2f3
----------------- Done invoking toplevel() on ptolemy.moml.MoMLSimpleApplication@6fe1d2f3
reloadAllAccessors: .StopSDF

===========================================================================================
----------------- testing Sun Mar 31 03:52:16 UTC 2019 /home/travis/build/icyphy/ptII/ptolemy/actor/lib/test/auto/StringConstant.xml
----------------- Instantiating /home/travis/build/icyphy/ptII/ptolemy/actor/lib/test/auto/StringConstant.xml
2 ms. Memory: 1769984K Free: 495223K (28%)
----------------- Invoking toplevel() on ptolemy.moml.MoMLSimpleApplication@679f96f2
----------------- Done invoking toplevel() on ptolemy.moml.MoMLSimpleApplication@679f96f2
reloadAllAccessors: .StringConstant

===========================================================================================
----------------- testing Sun Mar 31 03:52:16 UTC 2019 /home/travis/build/icyphy/ptII/ptolemy/actor/lib/test/auto/SubscriberPortInitialValues1.xml
----------------- Instantiating /home/travis/build/icyphy/ptII/ptolemy/actor/lib/test/auto/SubscriberPortInitialValues1.xml
4 ms. Memory: 1769984K Free: 478722K (27%)
----------------- Invoking toplevel() on ptolemy.moml.MoMLSimpleApplication@5cd214d2
----------------- Done invoking toplevel() on ptolemy.moml.MoMLSimpleApplication@5cd214d2
reloadAllAccessors: .SubscriberPortInitialValues1

===========================================================================================
----------------- testing Sun Mar 31 03:52:16 UTC 2019 /home/travis/build/icyphy/ptII/ptolemy/actor/lib/test/auto/SubscriberPortInitialValues13.xml
----------------- Instantiating /home/travis/build/icyphy/ptII/ptolemy/actor/lib/test/auto/SubscriberPortInitialValues13.xml
4 ms. Memory: 1769984K Free: 448600K (25%)
----------------- Invoking toplevel() on ptolemy.moml.MoMLSimpleApplication@361154dd
----------------- Done invoking toplevel() on ptolemy.moml.MoMLSimpleApplication@361154dd
reloadAllAccessors: .SubscriberPortInitialValues13

===========================================================================================
----------------- testing Sun Mar 31 03:52:16 UTC 2019 /home/travis/build/icyphy/ptII/ptolemy/actor/lib/test/auto/SubscriberPortInitialValues14.xml
----------------- Instantiating /home/travis/build/icyphy/ptII/ptolemy/actor/lib/test/auto/SubscriberPortInitialValues14.xml
3 ms. Memory: 1769984K Free: 432099K (24%)
----------------- Invoking toplevel() on ptolemy.moml.MoMLSimpleApplication@5c549141
----------------- Done invoking toplevel() on ptolemy.moml.MoMLSimpleApplication@5c549141
reloadAllAccessors: .SubscriberPortInitialValues14

===========================================================================================
----------------- testing Sun Mar 31 03:52:16 UTC 2019 /home/travis/build/icyphy/ptII/ptolemy/actor/lib/test/auto/SubscriberPortInitialValues2.xml
----------------- Instantiating /home/travis/build/icyphy/ptII/ptolemy/actor/lib/test/auto/SubscriberPortInitialValues2.xml
4 ms. Memory: 1769984K Free: 410244K (23%)
----------------- Invoking toplevel() on ptolemy.moml.MoMLSimpleApplication@7aed00c4
----------------- Done invoking toplevel() on ptolemy.moml.MoMLSimpleApplication@7aed00c4
reloadAllAccessors: .SubscriberPortInitialValues2

===========================================================================================
----------------- testing Sun Mar 31 03:52:16 UTC 2019 /home/travis/build/icyphy/ptII/ptolemy/actor/lib/test/auto/SubscriberPortInitialValues3.xml
----------------- Instantiating /home/travis/build/icyphy/ptII/ptolemy/actor/lib/test/auto/SubscriberPortInitialValues3.xml
3 ms. Memory: 1769984K Free: 393742K (22%)
----------------- Invoking toplevel() on ptolemy.moml.MoMLSimpleApplication@3826d6aa
----------------- Done invoking toplevel() on ptolemy.moml.MoMLSimpleApplication@3826d6aa
reloadAllAccessors: .SubscriberPortInitialValues3

===========================================================================================
----------------- testing Sun Mar 31 03:52:17 UTC 2019 /home/travis/build/icyphy/ptII/ptolemy/actor/lib/test/auto/SubscriptionAggregator.xml
----------------- Instantiating /home/travis/build/icyphy/ptII/ptolemy/actor/lib/test/auto/SubscriptionAggregator.xml
2 ms. Memory: 1769984K Free: 371888K (21%)
----------------- Invoking toplevel() on ptolemy.moml.MoMLSimpleApplication@76c386d9
----------------- Done invoking toplevel() on ptolemy.moml.MoMLSimpleApplication@76c386d9
reloadAllAccessors: .SubscriptionAggregator

===========================================================================================
----------------- testing Sun Mar 31 03:52:17 UTC 2019 /home/travis/build/icyphy/ptII/ptolemy/actor/lib/test/auto/SubscriptionAggregator2.xml
----------------- Instantiating /home/travis/build/icyphy/ptII/ptolemy/actor/lib/test/auto/SubscriptionAggregator2.xml
2 ms. Memory: 1769984K Free: 355386K (20%)
----------------- Invoking toplevel() on ptolemy.moml.MoMLSimpleApplication@1e395e9c
----------------- Done invoking toplevel() on ptolemy.moml.MoMLSimpleApplication@1e395e9c
reloadAllAccessors: .SubscriptionAggregator2

===========================================================================================
----------------- testing Sun Mar 31 03:52:17 UTC 2019 /home/travis/build/icyphy/ptII/ptolemy/actor/lib/test/auto/SubscriptionAggregator3.xml
----------------- Instantiating /home/travis/build/icyphy/ptII/ptolemy/actor/lib/test/auto/SubscriptionAggregator3.xml
3 ms. Memory: 1769984K Free: 333532K (19%)
----------------- Invoking toplevel() on ptolemy.moml.MoMLSimpleApplication@5f2ecb7
----------------- Done invoking toplevel() on ptolemy.moml.MoMLSimpleApplication@5f2ecb7
reloadAllAccessors: .SubscriptionAggregator3

===========================================================================================
----------------- testing Sun Mar 31 03:52:17 UTC 2019 /home/travis/build/icyphy/ptII/ptolemy/actor/lib/test/auto/SubscriptionAggregatorMultiply.xml
----------------- Instantiating /home/travis/build/icyphy/ptII/ptolemy/actor/lib/test/auto/SubscriptionAggregatorMultiply.xml
3 ms. Memory: 1769984K Free: 317030K (18%)
----------------- Invoking toplevel() on ptolemy.moml.MoMLSimpleApplication@5bba80a8
----------------- Done invoking toplevel() on ptolemy.moml.MoMLSimpleApplication@5bba80a8
reloadAllAccessors: .SubscriptionAggregatorMultiply

===========================================================================================
----------------- testing Sun Mar 31 03:52:17 UTC 2019 /home/travis/build/icyphy/ptII/ptolemy/actor/lib/test/auto/SubscriptionAggregatorPortMultiply1.xml
----------------- Instantiating /home/travis/build/icyphy/ptII/ptolemy/actor/lib/test/auto/SubscriptionAggregatorPortMultiply1.xml
3 ms. Memory: 1769984K Free: 300528K (17%)
----------------- Invoking toplevel() on ptolemy.moml.MoMLSimpleApplication@615167d6
----------------- Done invoking toplevel() on ptolemy.moml.MoMLSimpleApplication@615167d6
reloadAllAccessors: .SubscriptionAggregatorPortMultiply1

===========================================================================================
----------------- testing Sun Mar 31 03:52:17 UTC 2019 /home/travis/build/icyphy/ptII/ptolemy/actor/lib/test/auto/Switch.xml
----------------- Instantiating /home/travis/build/icyphy/ptII/ptolemy/actor/lib/test/auto/Switch.xml
4 ms. Memory: 1769984K Free: 229169K (13%)
----------------- Invoking toplevel() on ptolemy.moml.MoMLSimpleApplication@16bce2a5
----------------- Done invoking toplevel() on ptolemy.moml.MoMLSimpleApplication@16bce2a5
reloadAllAccessors: .Switch

===========================================================================================
----------------- testing Sun Mar 31 03:52:17 UTC 2019 /home/travis/build/icyphy/ptII/ptolemy/actor/lib/test/auto/Switch2.xml
----------------- Instantiating /home/travis/build/icyphy/ptII/ptolemy/actor/lib/test/auto/Switch2.xml
1 ms. Memory: 1769984K Free: 212667K (12%)
----------------- Invoking toplevel() on ptolemy.moml.MoMLSimpleApplication@3609e4e2
----------------- Done invoking toplevel() on ptolemy.moml.MoMLSimpleApplication@3609e4e2
reloadAllAccessors: .Switch2

===========================================================================================
----------------- testing Sun Mar 31 03:52:17 UTC 2019 /home/travis/build/icyphy/ptII/ptolemy/actor/lib/test/auto/SwitchDE.xml
----------------- Instantiating /home/travis/build/icyphy/ptII/ptolemy/actor/lib/test/auto/SwitchDE.xml
1 ms. Memory: 1769984K Free: 190812K (11%)
----------------- Invoking toplevel() on ptolemy.moml.MoMLSimpleApplication@758c3216
----------------- Done invoking toplevel() on ptolemy.moml.MoMLSimpleApplication@758c3216
reloadAllAccessors: .SwitchDE

===========================================================================================
----------------- testing Sun Mar 31 03:52:17 UTC 2019 /home/travis/build/icyphy/ptII/ptolemy/actor/lib/test/auto/SynchronizerDE.xml
----------------- Instantiating /home/travis/build/icyphy/ptII/ptolemy/actor/lib/test/auto/SynchronizerDE.xml
3 ms. Memory: 1769984K Free: 174311K (10%)
----------------- Invoking toplevel() on ptolemy.moml.MoMLSimpleApplication@10873473
----------------- Done invoking toplevel() on ptolemy.moml.MoMLSimpleApplication@10873473
reloadAllAccessors: .SynchronizerDE

===========================================================================================
----------------- testing Sun Mar 31 03:52:17 UTC 2019 /home/travis/build/icyphy/ptII/ptolemy/actor/lib/test/auto/Test.xml
----------------- Instantiating /home/travis/build/icyphy/ptII/ptolemy/actor/lib/test/auto/Test.xml
2 ms. Memory: 1769984K Free: 152456K (9%)
----------------- Invoking toplevel() on ptolemy.moml.MoMLSimpleApplication@6a5d872
----------------- Done invoking toplevel() on ptolemy.moml.MoMLSimpleApplication@6a5d872
reloadAllAccessors: .Test

===========================================================================================
----------------- testing Sun Mar 31 03:52:17 UTC 2019 /home/travis/build/icyphy/ptII/ptolemy/actor/lib/test/auto/TestExceptionAttribute1.xml
----------------- Instantiating /home/travis/build/icyphy/ptII/ptolemy/actor/lib/test/auto/TestExceptionAttribute1.xml
1 ms. Memory: 1769984K Free: 135954K (8%)
----------------- Invoking toplevel() on ptolemy.moml.MoMLSimpleApplication@316c0b7b
----------------- Done invoking toplevel() on ptolemy.moml.MoMLSimpleApplication@316c0b7b
reloadAllAccessors: .TestExceptionAttribute1

===========================================================================================
----------------- testing Sun Mar 31 03:52:17 UTC 2019 /home/travis/build/icyphy/ptII/ptolemy/actor/lib/test/auto/TestExceptionAttribute2.xml
----------------- Instantiating /home/travis/build/icyphy/ptII/ptolemy/actor/lib/test/auto/TestExceptionAttribute2.xml
1 ms. Memory: 1769984K Free: 114100K (6%)
----------------- Invoking toplevel() on ptolemy.moml.MoMLSimpleApplication@19d76344
----------------- Done invoking toplevel() on ptolemy.moml.MoMLSimpleApplication@19d76344
reloadAllAccessors: .TestExceptionAttribute2

===========================================================================================
----------------- testing Sun Mar 31 03:52:17 UTC 2019 /home/travis/build/icyphy/ptII/ptolemy/actor/lib/test/auto/TestExceptionAttribute3.xml
----------------- Instantiating /home/travis/build/icyphy/ptII/ptolemy/actor/lib/test/auto/TestExceptionAttribute3.xml
.TestExceptionAttribute3.TestExceptionAttribute: initialize() was not invoked, but wrapup() was.  This is unusual, but not always a problem.  For example, exporting JNLP will do this.
1 ms. Memory: 1769984K Free: 97598K (6%)
----------------- Invoking toplevel() on ptolemy.moml.MoMLSimpleApplication@76308cdc
----------------- Done invoking toplevel() on ptolemy.moml.MoMLSimpleApplication@76308cdc
reloadAllAccessors: .TestExceptionAttribute3

===========================================================================================
----------------- testing Sun Mar 31 03:52:17 UTC 2019 /home/travis/build/icyphy/ptII/ptolemy/actor/lib/test/auto/TestExceptionAttribute4.xml
----------------- Instantiating /home/travis/build/icyphy/ptII/ptolemy/actor/lib/test/auto/TestExceptionAttribute4.xml
.TestExceptionAttribute4.TestExceptionAttribute: initialize() was not invoked, but wrapup() was.  This is unusual, but not always a problem.  For example, exporting JNLP will do this.
.TestExceptionAttribute4.TestExceptionAttribute2: initialize() was not invoked, but wrapup() was.  This is unusual, but not always a problem.  For example, exporting JNLP will do this.
1 ms. Memory: 1769984K Free: 79867K (5%)
----------------- Invoking toplevel() on ptolemy.moml.MoMLSimpleApplication@2d7e87e9
----------------- Done invoking toplevel() on ptolemy.moml.MoMLSimpleApplication@2d7e87e9
reloadAllAccessors: .TestExceptionAttribute4

===========================================================================================
----------------- testing Sun Mar 31 03:52:17 UTC 2019 /home/travis/build/icyphy/ptII/ptolemy/actor/lib/test/auto/TestExceptionHandler1.xml
----------------- Instantiating /home/travis/build/icyphy/ptII/ptolemy/actor/lib/test/auto/TestExceptionHandler1.xml
0 ms. Memory: 1769472K Free: 1716157K (97%)
----------------- Invoking toplevel() on ptolemy.moml.MoMLSimpleApplication@1ec49201
----------------- Done invoking toplevel() on ptolemy.moml.MoMLSimpleApplication@1ec49201
reloadAllAccessors: .TestExceptionHandler1

===========================================================================================
----------------- testing Sun Mar 31 03:52:17 UTC 2019 /home/travis/build/icyphy/ptII/ptolemy/actor/lib/test/auto/TestExceptionHandler2.xml
----------------- Instantiating /home/travis/build/icyphy/ptII/ptolemy/actor/lib/test/auto/TestExceptionHandler2.xml
0 ms. Memory: 1769472K Free: 1695237K (96%)
----------------- Invoking toplevel() on ptolemy.moml.MoMLSimpleApplication@1cfacee
----------------- Done invoking toplevel() on ptolemy.moml.MoMLSimpleApplication@1cfacee
reloadAllAccessors: .TestExceptionHandler2

===========================================================================================
----------------- testing Sun Mar 31 03:52:17 UTC 2019 /home/travis/build/icyphy/ptII/ptolemy/actor/lib/test/auto/TestExceptionHandler3.xml
----------------- Instantiating /home/travis/build/icyphy/ptII/ptolemy/actor/lib/test/auto/TestExceptionHandler3.xml
1 ms. Memory: 1769472K Free: 1674318K (95%)
----------------- Invoking toplevel() on ptolemy.moml.MoMLSimpleApplication@7e39ff73
----------------- Done invoking toplevel() on ptolemy.moml.MoMLSimpleApplication@7e39ff73
reloadAllAccessors: .TestExceptionHandler3

===========================================================================================
----------------- testing Sun Mar 31 03:52:17 UTC 2019 /home/travis/build/icyphy/ptII/ptolemy/actor/lib/test/auto/TestExceptionHandler4.xml
----------------- Instantiating /home/travis/build/icyphy/ptII/ptolemy/actor/lib/test/auto/TestExceptionHandler4.xml
1 ms. Memory: 1769472K Free: 1657776K (94%)
----------------- Invoking toplevel() on ptolemy.moml.MoMLSimpleApplication@5e167745
----------------- Done invoking toplevel() on ptolemy.moml.MoMLSimpleApplication@5e167745
reloadAllAccessors: .TestExceptionHandler4

===========================================================================================
----------------- testing Sun Mar 31 03:52:17 UTC 2019 /home/travis/build/icyphy/ptII/ptolemy/actor/lib/test/auto/TestRequireCorrectOrder.xml
----------------- Instantiating /home/travis/build/icyphy/ptII/ptolemy/actor/lib/test/auto/TestRequireCorrectOrder.xml
2 ms. Memory: 1769472K Free: 1636856K (93%)
----------------- Invoking toplevel() on ptolemy.moml.MoMLSimpleApplication@7344d6b3
----------------- Done invoking toplevel() on ptolemy.moml.MoMLSimpleApplication@7344d6b3
reloadAllAccessors: .TestRequireCorrectOrder

===========================================================================================
----------------- testing Sun Mar 31 03:52:17 UTC 2019 /home/travis/build/icyphy/ptII/ptolemy/actor/lib/test/auto/TestSimple.xml
----------------- Instantiating /home/travis/build/icyphy/ptII/ptolemy/actor/lib/test/auto/TestSimple.xml
1 ms. Memory: 1769472K Free: 1620354K (92%)
----------------- Invoking toplevel() on ptolemy.moml.MoMLSimpleApplication@5d634e7a
----------------- Done invoking toplevel() on ptolemy.moml.MoMLSimpleApplication@5d634e7a
reloadAllAccessors: .TestSimple

===========================================================================================
----------------- testing Sun Mar 31 03:52:17 UTC 2019 /home/travis/build/icyphy/ptII/ptolemy/actor/lib/test/auto/ThrowModelError.xml
----------------- Instantiating /home/travis/build/icyphy/ptII/ptolemy/actor/lib/test/auto/ThrowModelError.xml
2 ms. Memory: 1769472K Free: 1599434K (90%)
----------------- Invoking toplevel() on ptolemy.moml.MoMLSimpleApplication@708b6a1b
----------------- Done invoking toplevel() on ptolemy.moml.MoMLSimpleApplication@708b6a1b
reloadAllAccessors: .ThrowModelError

===========================================================================================
----------------- testing Sun Mar 31 03:52:17 UTC 2019 /home/travis/build/icyphy/ptII/ptolemy/actor/lib/test/auto/TimeDelayMicrosteps.xml
----------------- Instantiating /home/travis/build/icyphy/ptII/ptolemy/actor/lib/test/auto/TimeDelayMicrosteps.xml
2 ms. Memory: 1769472K Free: 1582933K (89%)
----------------- Invoking toplevel() on ptolemy.moml.MoMLSimpleApplication@1f00ad1
----------------- Done invoking toplevel() on ptolemy.moml.MoMLSimpleApplication@1f00ad1
reloadAllAccessors: .TimeDelayMicrosteps

===========================================================================================
----------------- testing Sun Mar 31 03:52:17 UTC 2019 /home/travis/build/icyphy/ptII/ptolemy/actor/lib/test/auto/TimeDelayMicrosteps2.xml
----------------- Instantiating /home/travis/build/icyphy/ptII/ptolemy/actor/lib/test/auto/TimeDelayMicrosteps2.xml
3 ms. Memory: 1769472K Free: 1562013K (88%)
----------------- Invoking toplevel() on ptolemy.moml.MoMLSimpleApplication@31781679
----------------- Done invoking toplevel() on ptolemy.moml.MoMLSimpleApplication@31781679
reloadAllAccessors: .TimeDelayMicrosteps2

===========================================================================================
----------------- testing Sun Mar 31 03:52:17 UTC 2019 /home/travis/build/icyphy/ptII/ptolemy/actor/lib/test/auto/TimeDelayMicrosteps3.xml
----------------- Instantiating /home/travis/build/icyphy/ptII/ptolemy/actor/lib/test/auto/TimeDelayMicrosteps3.xml
2 ms. Memory: 1769472K Free: 1541093K (87%)
----------------- Invoking toplevel() on ptolemy.moml.MoMLSimpleApplication@642996ea
----------------- Done invoking toplevel() on ptolemy.moml.MoMLSimpleApplication@642996ea
reloadAllAccessors: .TimeDelayMicrosteps3

===========================================================================================
----------------- testing Sun Mar 31 03:52:17 UTC 2019 /home/travis/build/icyphy/ptII/ptolemy/actor/lib/test/auto/TimeDelayVariableMicrosteps.xml
----------------- Instantiating /home/travis/build/icyphy/ptII/ptolemy/actor/lib/test/auto/TimeDelayVariableMicrosteps.xml
2 ms. Memory: 1769472K Free: 1524591K (86%)
----------------- Invoking toplevel() on ptolemy.moml.MoMLSimpleApplication@5a1378b9
----------------- Done invoking toplevel() on ptolemy.moml.MoMLSimpleApplication@5a1378b9
reloadAllAccessors: .TimeDelayVariableMicrosteps

===========================================================================================
----------------- testing Sun Mar 31 03:52:17 UTC 2019 /home/travis/build/icyphy/ptII/ptolemy/actor/lib/test/auto/TimeGap.xml
----------------- Instantiating /home/travis/build/icyphy/ptII/ptolemy/actor/lib/test/auto/TimeGap.xml
2 ms. Memory: 1769472K Free: 1503671K (85%)
----------------- Invoking toplevel() on ptolemy.moml.MoMLSimpleApplication@1525e313
----------------- Done invoking toplevel() on ptolemy.moml.MoMLSimpleApplication@1525e313
reloadAllAccessors: .TimeGap

===========================================================================================
----------------- testing Sun Mar 31 03:52:17 UTC 2019 /home/travis/build/icyphy/ptII/ptolemy/actor/lib/test/auto/TimeGap2.xml
----------------- Instantiating /home/travis/build/icyphy/ptII/ptolemy/actor/lib/test/auto/TimeGap2.xml
2 ms. Memory: 1769472K Free: 1487170K (84%)
----------------- Invoking toplevel() on ptolemy.moml.MoMLSimpleApplication@5fcfed72
----------------- Done invoking toplevel() on ptolemy.moml.MoMLSimpleApplication@5fcfed72
reloadAllAccessors: .TimeGap2

===========================================================================================
----------------- testing Sun Mar 31 03:52:17 UTC 2019 /home/travis/build/icyphy/ptII/ptolemy/actor/lib/test/auto/TimedSinewave.xml
----------------- Instantiating /home/travis/build/icyphy/ptII/ptolemy/actor/lib/test/auto/TimedSinewave.xml
14 ms. Memory: 1769472K Free: 1457999K (82%)
----------------- Invoking toplevel() on ptolemy.moml.MoMLSimpleApplication@46a1b9ca
----------------- Done invoking toplevel() on ptolemy.moml.MoMLSimpleApplication@46a1b9ca
reloadAllAccessors: .TimedSinewave

===========================================================================================
----------------- testing Sun Mar 31 03:52:17 UTC 2019 /home/travis/build/icyphy/ptII/ptolemy/actor/lib/test/auto/TimedSinewavePhase.xml
----------------- Instantiating /home/travis/build/icyphy/ptII/ptolemy/actor/lib/test/auto/TimedSinewavePhase.xml
9 ms. Memory: 1769472K Free: 1441497K (81%)
----------------- Invoking toplevel() on ptolemy.moml.MoMLSimpleApplication@1919cdd
----------------- Done invoking toplevel() on ptolemy.moml.MoMLSimpleApplication@1919cdd
reloadAllAccessors: .TimedSinewavePhase

===========================================================================================
----------------- testing Sun Mar 31 03:52:17 UTC 2019 /home/travis/build/icyphy/ptII/ptolemy/actor/lib/test/auto/Timer.xml
----------------- Instantiating /home/travis/build/icyphy/ptII/ptolemy/actor/lib/test/auto/Timer.xml
1 ms. Memory: 1769472K Free: 1420577K (80%)
----------------- Invoking toplevel() on ptolemy.moml.MoMLSimpleApplication@68551bf5
----------------- Done invoking toplevel() on ptolemy.moml.MoMLSimpleApplication@68551bf5
reloadAllAccessors: .Timer

===========================================================================================
----------------- testing Sun Mar 31 03:52:17 UTC 2019 /home/travis/build/icyphy/ptII/ptolemy/actor/lib/test/auto/TriangularDistTestModel.xml
----------------- Instantiating /home/travis/build/icyphy/ptII/ptolemy/actor/lib/test/auto/TriangularDistTestModel.xml
1 ms. Memory: 1769472K Free: 1399658K (79%)
----------------- Invoking toplevel() on ptolemy.moml.MoMLSimpleApplication@8a6cc70
----------------- Done invoking toplevel() on ptolemy.moml.MoMLSimpleApplication@8a6cc70
reloadAllAccessors: .TriangularDistTestModel

===========================================================================================
----------------- testing Sun Mar 31 03:52:17 UTC 2019 /home/travis/build/icyphy/ptII/ptolemy/actor/lib/test/auto/TrigFunction.xml
----------------- Instantiating /home/travis/build/icyphy/ptII/ptolemy/actor/lib/test/auto/TrigFunction.xml
2 ms. Memory: 1769472K Free: 1383156K (78%)
----------------- Invoking toplevel() on ptolemy.moml.MoMLSimpleApplication@55d173d3
----------------- Done invoking toplevel() on ptolemy.moml.MoMLSimpleApplication@55d173d3
reloadAllAccessors: .TrigFunction

===========================================================================================
----------------- testing Sun Mar 31 03:52:17 UTC 2019 /home/travis/build/icyphy/ptII/ptolemy/actor/lib/test/auto/TrigFunctionDE.xml
----------------- Instantiating /home/travis/build/icyphy/ptII/ptolemy/actor/lib/test/auto/TrigFunctionDE.xml
1 ms. Memory: 1769472K Free: 1362236K (77%)
----------------- Invoking toplevel() on ptolemy.moml.MoMLSimpleApplication@3394468d
----------------- Done invoking toplevel() on ptolemy.moml.MoMLSimpleApplication@3394468d
reloadAllAccessors: .TrigFunctionDE

===========================================================================================
----------------- testing Sun Mar 31 03:52:17 UTC 2019 /home/travis/build/icyphy/ptII/ptolemy/actor/lib/test/auto/TrigFunctionInverse.xml
----------------- Instantiating /home/travis/build/icyphy/ptII/ptolemy/actor/lib/test/auto/TrigFunctionInverse.xml
2 ms. Memory: 1769472K Free: 1345734K (76%)
----------------- Invoking toplevel() on ptolemy.moml.MoMLSimpleApplication@369d4b81
----------------- Done invoking toplevel() on ptolemy.moml.MoMLSimpleApplication@369d4b81
reloadAllAccessors: .TrigFunctionInverse

===========================================================================================
----------------- testing Sun Mar 31 03:52:17 UTC 2019 /home/travis/build/icyphy/ptII/ptolemy/actor/lib/test/auto/TrigFunctionTan.xml
----------------- Instantiating /home/travis/build/icyphy/ptII/ptolemy/actor/lib/test/auto/TrigFunctionTan.xml
1 ms. Memory: 1769472K Free: 1324814K (75%)
----------------- Invoking toplevel() on ptolemy.moml.MoMLSimpleApplication@506ed241
----------------- Done invoking toplevel() on ptolemy.moml.MoMLSimpleApplication@506ed241
reloadAllAccessors: .TrigFunctionTan

===========================================================================================
----------------- testing Sun Mar 31 03:52:17 UTC 2019 /home/travis/build/icyphy/ptII/ptolemy/actor/lib/test/auto/TriggeredClock.xml
----------------- Instantiating /home/travis/build/icyphy/ptII/ptolemy/actor/lib/test/auto/TriggeredClock.xml
1 ms. Memory: 1769472K Free: 1308313K (74%)
----------------- Invoking toplevel() on ptolemy.moml.MoMLSimpleApplication@7ecef131
----------------- Done invoking toplevel() on ptolemy.moml.MoMLSimpleApplication@7ecef131
reloadAllAccessors: .TriggeredClock

===========================================================================================
----------------- testing Sun Mar 31 03:52:17 UTC 2019 /home/travis/build/icyphy/ptII/ptolemy/actor/lib/test/auto/URLDirectoryReader.xml
----------------- Instantiating /home/travis/build/icyphy/ptII/ptolemy/actor/lib/test/auto/URLDirectoryReader.xml
25 ms. Memory: 1769472K Free: 1287393K (73%)
----------------- Invoking toplevel() on ptolemy.moml.MoMLSimpleApplication@bbee8ac
----------------- Done invoking toplevel() on ptolemy.moml.MoMLSimpleApplication@bbee8ac
reloadAllAccessors: .URLDirectoryReader

===========================================================================================
----------------- testing Sun Mar 31 03:52:17 UTC 2019 /home/travis/build/icyphy/ptII/ptolemy/actor/lib/test/auto/URLDirectoryReader3.xml
----------------- Instantiating /home/travis/build/icyphy/ptII/ptolemy/actor/lib/test/auto/URLDirectoryReader3.xml
1171 ms. Memory: 1769472K Free: 1229637K (69%)
----------------- Invoking toplevel() on ptolemy.moml.MoMLSimpleApplication@38db717d
----------------- Done invoking toplevel() on ptolemy.moml.MoMLSimpleApplication@38db717d
reloadAllAccessors: .URLDirectoryReader3

===========================================================================================
----------------- testing Sun Mar 31 03:52:19 UTC 2019 /home/travis/build/icyphy/ptII/ptolemy/actor/lib/test/auto/UnaryMathFunction.xml
----------------- Instantiating /home/travis/build/icyphy/ptII/ptolemy/actor/lib/test/auto/UnaryMathFunction.xml
7 ms. Memory: 1769472K Free: 1208717K (68%)
----------------- Invoking toplevel() on ptolemy.moml.MoMLSimpleApplication@4361fec8
----------------- Done invoking toplevel() on ptolemy.moml.MoMLSimpleApplication@4361fec8
reloadAllAccessors: .UnaryMathFunction

===========================================================================================
----------------- testing Sun Mar 31 03:52:19 UTC 2019 /home/travis/build/icyphy/ptII/ptolemy/actor/lib/test/auto/Uniform.xml
----------------- Instantiating /home/travis/build/icyphy/ptII/ptolemy/actor/lib/test/auto/Uniform.xml
14 ms. Memory: 1769472K Free: 1187797K (67%)
----------------- Invoking toplevel() on ptolemy.moml.MoMLSimpleApplication@741afac6
----------------- Done invoking toplevel() on ptolemy.moml.MoMLSimpleApplication@741afac6
reloadAllAccessors: .Uniform

===========================================================================================
----------------- testing Sun Mar 31 03:52:19 UTC 2019 /home/travis/build/icyphy/ptII/ptolemy/actor/lib/test/auto/UnionDisassemblerTest.xml
----------------- Instantiating /home/travis/build/icyphy/ptII/ptolemy/actor/lib/test/auto/UnionDisassemblerTest.xml
12 ms. Memory: 1769472K Free: 1171295K (66%)
----------------- Invoking toplevel() on ptolemy.moml.MoMLSimpleApplication@2590a082
----------------- Done invoking toplevel() on ptolemy.moml.MoMLSimpleApplication@2590a082
reloadAllAccessors: .UnionDisassemblerTest

===========================================================================================
----------------- testing Sun Mar 31 03:52:19 UTC 2019 /home/travis/build/icyphy/ptII/ptolemy/actor/lib/test/auto/UtilityFunctions.xml
----------------- Instantiating /home/travis/build/icyphy/ptII/ptolemy/actor/lib/test/auto/UtilityFunctions.xml
2 ms. Memory: 1769472K Free: 1150375K (65%)
----------------- Invoking toplevel() on ptolemy.moml.MoMLSimpleApplication@3ae35dbb
----------------- Done invoking toplevel() on ptolemy.moml.MoMLSimpleApplication@3ae35dbb
reloadAllAccessors: .UtilityFunctions

===========================================================================================
----------------- testing Sun Mar 31 03:52:19 UTC 2019 /home/travis/build/icyphy/ptII/ptolemy/actor/lib/test/auto/VariableSleep.xml
----------------- Instantiating /home/travis/build/icyphy/ptII/ptolemy/actor/lib/test/auto/VariableSleep.xml
511 ms. Memory: 1769472K Free: 1133873K (64%)
----------------- Invoking toplevel() on ptolemy.moml.MoMLSimpleApplication@56e97cfb
----------------- Done invoking toplevel() on ptolemy.moml.MoMLSimpleApplication@56e97cfb
reloadAllAccessors: .VariableSleep

===========================================================================================
----------------- testing Sun Mar 31 03:52:19 UTC 2019 /home/travis/build/icyphy/ptII/ptolemy/actor/lib/test/auto/VectorAssemblerDisassemblerCT.xml
----------------- Instantiating /home/travis/build/icyphy/ptII/ptolemy/actor/lib/test/auto/VectorAssemblerDisassemblerCT.xml
68 ms. Memory: 1769472K Free: 1104702K (62%)
----------------- Invoking toplevel() on ptolemy.moml.MoMLSimpleApplication@7a151848
----------------- Done invoking toplevel() on ptolemy.moml.MoMLSimpleApplication@7a151848
reloadAllAccessors: .VectorAssemblerDisassemblerCT

===========================================================================================
----------------- testing Sun Mar 31 03:52:19 UTC 2019 /home/travis/build/icyphy/ptII/ptolemy/actor/lib/test/auto/VectorAssemblerDisassemblerDE.xml
----------------- Instantiating /home/travis/build/icyphy/ptII/ptolemy/actor/lib/test/auto/VectorAssemblerDisassemblerDE.xml
2 ms. Memory: 1769472K Free: 1088200K (61%)
----------------- Invoking toplevel() on ptolemy.moml.MoMLSimpleApplication@42d0b705
----------------- Done invoking toplevel() on ptolemy.moml.MoMLSimpleApplication@42d0b705
reloadAllAccessors: .VectorAssemblerDisassemblerDE

===========================================================================================
----------------- testing Sun Mar 31 03:52:19 UTC 2019 /home/travis/build/icyphy/ptII/ptolemy/actor/lib/test/auto/VectorAssemblerDisassemblerSDF.xml
----------------- Instantiating /home/travis/build/icyphy/ptII/ptolemy/actor/lib/test/auto/VectorAssemblerDisassemblerSDF.xml
2 ms. Memory: 1769472K Free: 1067280K (60%)
----------------- Invoking toplevel() on ptolemy.moml.MoMLSimpleApplication@7b7dcf97
----------------- Done invoking toplevel() on ptolemy.moml.MoMLSimpleApplication@7b7dcf97
reloadAllAccessors: .VectorAssemblerDisassemblerSDF

===========================================================================================
----------------- testing Sun Mar 31 03:52:19 UTC 2019 /home/travis/build/icyphy/ptII/ptolemy/actor/lib/test/auto/WallClockTime.xml
----------------- Instantiating /home/travis/build/icyphy/ptII/ptolemy/actor/lib/test/auto/WallClockTime.xml
1004 ms. Memory: 1769472K Free: 1046361K (59%)
----------------- Invoking toplevel() on ptolemy.moml.MoMLSimpleApplication@bd52678
----------------- Done invoking toplevel() on ptolemy.moml.MoMLSimpleApplication@bd52678
reloadAllAccessors: .WallClockTime

===========================================================================================
----------------- testing Sun Mar 31 03:52:20 UTC 2019 /home/travis/build/icyphy/ptII/ptolemy/actor/lib/test/auto/WidthTestWithSubscriberPublisher.xml
----------------- Instantiating /home/travis/build/icyphy/ptII/ptolemy/actor/lib/test/auto/WidthTestWithSubscriberPublisher.xml
6 ms. Memory: 1769472K Free: 1021600K (58%)
----------------- Invoking toplevel() on ptolemy.moml.MoMLSimpleApplication@1eed08b6
----------------- Done invoking toplevel() on ptolemy.moml.MoMLSimpleApplication@1eed08b6
reloadAllAccessors: .WidthTestWithSubscriberPublisher

===========================================================================================
----------------- testing Sun Mar 31 03:52:21 UTC 2019 /home/travis/build/icyphy/ptII/ptolemy/actor/lib/test/auto/WidthTestWithSubscriberPublisher2.xml
----------------- Instantiating /home/travis/build/icyphy/ptII/ptolemy/actor/lib/test/auto/WidthTestWithSubscriberPublisher2.xml
1 ms. Memory: 1769472K Free: 1000680K (57%)
----------------- Invoking toplevel() on ptolemy.moml.MoMLSimpleApplication@5175aebb
----------------- Done invoking toplevel() on ptolemy.moml.MoMLSimpleApplication@5175aebb
reloadAllAccessors: .WidthTestWithSubscriberPublisher2

===========================================================================================
----------------- testing Sun Mar 31 03:52:21 UTC 2019 /home/travis/build/icyphy/ptII/ptolemy/actor/lib/test/auto/WidthTestWithSubscriberPublisher3.xml
----------------- Instantiating /home/travis/build/icyphy/ptII/ptolemy/actor/lib/test/auto/WidthTestWithSubscriberPublisher3.xml
10 ms. Memory: 1769472K Free: 984178K (56%)
----------------- Invoking toplevel() on ptolemy.moml.MoMLSimpleApplication@73240e45
----------------- Done invoking toplevel() on ptolemy.moml.MoMLSimpleApplication@73240e45
reloadAllAccessors: .WidthTestWithSubscriberPublisher3

===========================================================================================
----------------- testing Sun Mar 31 03:52:21 UTC 2019 /home/travis/build/icyphy/ptII/ptolemy/actor/lib/test/auto/Writer.xml
----------------- Instantiating /home/travis/build/icyphy/ptII/ptolemy/actor/lib/test/auto/Writer.xml
0
1
2
3
4
14 ms. Memory: 1769472K Free: 963259K (54%)
----------------- Invoking toplevel() on ptolemy.moml.MoMLSimpleApplication@57ddfd55
----------------- Done invoking toplevel() on ptolemy.moml.MoMLSimpleApplication@57ddfd55
reloadAllAccessors: .Writer

===========================================================================================
----------------- testing Sun Mar 31 03:52:21 UTC 2019 /home/travis/build/icyphy/ptII/ptolemy/actor/lib/test/auto/array.xml
----------------- Instantiating /home/travis/build/icyphy/ptII/ptolemy/actor/lib/test/auto/array.xml
6 ms. Memory: 1769472K Free: 946757K (54%)
----------------- Invoking toplevel() on ptolemy.moml.MoMLSimpleApplication@6baab0ee
----------------- Done invoking toplevel() on ptolemy.moml.MoMLSimpleApplication@6baab0ee
reloadAllAccessors: .array

===========================================================================================
----------------- testing Sun Mar 31 03:52:21 UTC 2019 /home/travis/build/icyphy/ptII/ptolemy/actor/lib/test/auto/array2.xml
----------------- Instantiating /home/travis/build/icyphy/ptII/ptolemy/actor/lib/test/auto/array2.xml
7 ms. Memory: 1769472K Free: 925837K (52%)
----------------- Invoking toplevel() on ptolemy.moml.MoMLSimpleApplication@4a3f0112
----------------- Done invoking toplevel() on ptolemy.moml.MoMLSimpleApplication@4a3f0112
reloadAllAccessors: .array2

===========================================================================================
----------------- testing Sun Mar 31 03:52:21 UTC 2019 /home/travis/build/icyphy/ptII/ptolemy/actor/lib/test/auto/arrayType.xml
----------------- Instantiating /home/travis/build/icyphy/ptII/ptolemy/actor/lib/test/auto/arrayType.xml
6 ms. Memory: 1769472K Free: 904917K (51%)
----------------- Invoking toplevel() on ptolemy.moml.MoMLSimpleApplication@d70fdcc
----------------- Done invoking toplevel() on ptolemy.moml.MoMLSimpleApplication@d70fdcc
reloadAllAccessors: .arrayType

===========================================================================================
----------------- testing Sun Mar 31 03:52:21 UTC 2019 /home/travis/build/icyphy/ptII/ptolemy/actor/lib/test/auto/arrayType10.xml
----------------- Instantiating /home/travis/build/icyphy/ptII/ptolemy/actor/lib/test/auto/arrayType10.xml
6 ms. Memory: 1769472K Free: 888415K (50%)
----------------- Invoking toplevel() on ptolemy.moml.MoMLSimpleApplication@1b41fe31
----------------- Done invoking toplevel() on ptolemy.moml.MoMLSimpleApplication@1b41fe31
reloadAllAccessors: .arrayType10

===========================================================================================
----------------- testing Sun Mar 31 03:52:21 UTC 2019 /home/travis/build/icyphy/ptII/ptolemy/actor/lib/test/auto/arrayType11.xml
----------------- Instantiating /home/travis/build/icyphy/ptII/ptolemy/actor/lib/test/auto/arrayType11.xml
2 ms. Memory: 1769472K Free: 867495K (49%)
----------------- Invoking toplevel() on ptolemy.moml.MoMLSimpleApplication@52b8501f
----------------- Done invoking toplevel() on ptolemy.moml.MoMLSimpleApplication@52b8501f
reloadAllAccessors: .arrayType11

===========================================================================================
----------------- testing Sun Mar 31 03:52:21 UTC 2019 /home/travis/build/icyphy/ptII/ptolemy/actor/lib/test/auto/arrayType12.xml
----------------- Instantiating /home/travis/build/icyphy/ptII/ptolemy/actor/lib/test/auto/arrayType12.xml
1 ms. Memory: 1769472K Free: 850994K (48%)
----------------- Invoking toplevel() on ptolemy.moml.MoMLSimpleApplication@2b84ec32
----------------- Done invoking toplevel() on ptolemy.moml.MoMLSimpleApplication@2b84ec32
reloadAllAccessors: .arrayType12

===========================================================================================
----------------- testing Sun Mar 31 03:52:21 UTC 2019 /home/travis/build/icyphy/ptII/ptolemy/actor/lib/test/auto/arrayType13.xml
----------------- Instantiating /home/travis/build/icyphy/ptII/ptolemy/actor/lib/test/auto/arrayType13.xml
1 ms. Memory: 1769472K Free: 830074K (47%)
----------------- Invoking toplevel() on ptolemy.moml.MoMLSimpleApplication@4f17b73c
----------------- Done invoking toplevel() on ptolemy.moml.MoMLSimpleApplication@4f17b73c
reloadAllAccessors: .arrayType13

===========================================================================================
----------------- testing Sun Mar 31 03:52:21 UTC 2019 /home/travis/build/icyphy/ptII/ptolemy/actor/lib/test/auto/arrayType14.xml
----------------- Instantiating /home/travis/build/icyphy/ptII/ptolemy/actor/lib/test/auto/arrayType14.xml
1 ms. Memory: 1769472K Free: 809154K (46%)
----------------- Invoking toplevel() on ptolemy.moml.MoMLSimpleApplication@79da5674
----------------- Done invoking toplevel() on ptolemy.moml.MoMLSimpleApplication@79da5674
reloadAllAccessors: .arrayType14

===========================================================================================
----------------- testing Sun Mar 31 03:52:21 UTC 2019 /home/travis/build/icyphy/ptII/ptolemy/actor/lib/test/auto/arrayType15.xml
----------------- Instantiating /home/travis/build/icyphy/ptII/ptolemy/actor/lib/test/auto/arrayType15.xml
2 ms. Memory: 1769472K Free: 792652K (45%)
----------------- Invoking toplevel() on ptolemy.moml.MoMLSimpleApplication@4f7048a0
----------------- Done invoking toplevel() on ptolemy.moml.MoMLSimpleApplication@4f7048a0
reloadAllAccessors: .arrayType15

===========================================================================================
----------------- testing Sun Mar 31 03:52:21 UTC 2019 /home/travis/build/icyphy/ptII/ptolemy/actor/lib/test/auto/arrayType16.xml
----------------- Instantiating /home/travis/build/icyphy/ptII/ptolemy/actor/lib/test/auto/arrayType16.xml
2 ms. Memory: 1769472K Free: 771732K (44%)
----------------- Invoking toplevel() on ptolemy.moml.MoMLSimpleApplication@29ae82bc
----------------- Done invoking toplevel() on ptolemy.moml.MoMLSimpleApplication@29ae82bc
reloadAllAccessors: .arrayType16

===========================================================================================
----------------- testing Sun Mar 31 03:52:21 UTC 2019 /home/travis/build/icyphy/ptII/ptolemy/actor/lib/test/auto/arrayType17.xml
----------------- Instantiating /home/travis/build/icyphy/ptII/ptolemy/actor/lib/test/auto/arrayType17.xml
1 ms. Memory: 1769472K Free: 755231K (43%)
----------------- Invoking toplevel() on ptolemy.moml.MoMLSimpleApplication@5869c7ac
----------------- Done invoking toplevel() on ptolemy.moml.MoMLSimpleApplication@5869c7ac
reloadAllAccessors: .arrayType17

===========================================================================================
----------------- testing Sun Mar 31 03:52:21 UTC 2019 /home/travis/build/icyphy/ptII/ptolemy/actor/lib/test/auto/arrayType18.xml
----------------- Instantiating /home/travis/build/icyphy/ptII/ptolemy/actor/lib/test/auto/arrayType18.xml
1 ms. Memory: 1769472K Free: 734311K (41%)
----------------- Invoking toplevel() on ptolemy.moml.MoMLSimpleApplication@28a35aca
----------------- Done invoking toplevel() on ptolemy.moml.MoMLSimpleApplication@28a35aca
reloadAllAccessors: .arrayType18

===========================================================================================
----------------- testing Sun Mar 31 03:52:21 UTC 2019 /home/travis/build/icyphy/ptII/ptolemy/actor/lib/test/auto/arrayType19.xml
----------------- Instantiating /home/travis/build/icyphy/ptII/ptolemy/actor/lib/test/auto/arrayType19.xml
1 ms. Memory: 1769472K Free: 717809K (41%)
----------------- Invoking toplevel() on ptolemy.moml.MoMLSimpleApplication@32f79a5
----------------- Done invoking toplevel() on ptolemy.moml.MoMLSimpleApplication@32f79a5
reloadAllAccessors: .arrayType19

===========================================================================================
----------------- testing Sun Mar 31 03:52:21 UTC 2019 /home/travis/build/icyphy/ptII/ptolemy/actor/lib/test/auto/arrayType2.xml
----------------- Instantiating /home/travis/build/icyphy/ptII/ptolemy/actor/lib/test/auto/arrayType2.xml
2 ms. Memory: 1769472K Free: 696889K (39%)
----------------- Invoking toplevel() on ptolemy.moml.MoMLSimpleApplication@5d13fe41
----------------- Done invoking toplevel() on ptolemy.moml.MoMLSimpleApplication@5d13fe41
reloadAllAccessors: .arrayType2

===========================================================================================
----------------- testing Sun Mar 31 03:52:21 UTC 2019 /home/travis/build/icyphy/ptII/ptolemy/actor/lib/test/auto/arrayType20.xml
----------------- Instantiating /home/travis/build/icyphy/ptII/ptolemy/actor/lib/test/auto/arrayType20.xml
2 ms. Memory: 1769472K Free: 675969K (38%)
----------------- Invoking toplevel() on ptolemy.moml.MoMLSimpleApplication@77932815
----------------- Done invoking toplevel() on ptolemy.moml.MoMLSimpleApplication@77932815
reloadAllAccessors: .arrayType20

===========================================================================================
----------------- testing Sun Mar 31 03:52:21 UTC 2019 /home/travis/build/icyphy/ptII/ptolemy/actor/lib/test/auto/arrayType21.xml
----------------- Instantiating /home/travis/build/icyphy/ptII/ptolemy/actor/lib/test/auto/arrayType21.xml
1 ms. Memory: 1769472K Free: 659467K (37%)
----------------- Invoking toplevel() on ptolemy.moml.MoMLSimpleApplication@7e699921
----------------- Done invoking toplevel() on ptolemy.moml.MoMLSimpleApplication@7e699921
reloadAllAccessors: .arrayType21

===========================================================================================
----------------- testing Sun Mar 31 03:52:21 UTC 2019 /home/travis/build/icyphy/ptII/ptolemy/actor/lib/test/auto/arrayType22.xml
----------------- Instantiating /home/travis/build/icyphy/ptII/ptolemy/actor/lib/test/auto/arrayType22.xml
1 ms. Memory: 1769472K Free: 638548K (36%)
----------------- Invoking toplevel() on ptolemy.moml.MoMLSimpleApplication@5752327d
----------------- Done invoking toplevel() on ptolemy.moml.MoMLSimpleApplication@5752327d
reloadAllAccessors: .arrayType22

===========================================================================================
----------------- testing Sun Mar 31 03:52:21 UTC 2019 /home/travis/build/icyphy/ptII/ptolemy/actor/lib/test/auto/arrayType23.xml
----------------- Instantiating /home/travis/build/icyphy/ptII/ptolemy/actor/lib/test/auto/arrayType23.xml
1 ms. Memory: 1769472K Free: 622046K (35%)
----------------- Invoking toplevel() on ptolemy.moml.MoMLSimpleApplication@5aea5e7d
----------------- Done invoking toplevel() on ptolemy.moml.MoMLSimpleApplication@5aea5e7d
reloadAllAccessors: .arrayType23

===========================================================================================
----------------- testing Sun Mar 31 03:52:21 UTC 2019 /home/travis/build/icyphy/ptII/ptolemy/actor/lib/test/auto/arrayType24.xml
----------------- Instantiating /home/travis/build/icyphy/ptII/ptolemy/actor/lib/test/auto/arrayType24.xml
2 ms. Memory: 1769472K Free: 601126K (34%)
----------------- Invoking toplevel() on ptolemy.moml.MoMLSimpleApplication@7ec1c5a0
----------------- Done invoking toplevel() on ptolemy.moml.MoMLSimpleApplication@7ec1c5a0
reloadAllAccessors: .arrayType24

===========================================================================================
----------------- testing Sun Mar 31 03:52:21 UTC 2019 /home/travis/build/icyphy/ptII/ptolemy/actor/lib/test/auto/arrayType25.xml
----------------- Instantiating /home/travis/build/icyphy/ptII/ptolemy/actor/lib/test/auto/arrayType25.xml
1 ms. Memory: 1769472K Free: 584624K (33%)
----------------- Invoking toplevel() on ptolemy.moml.MoMLSimpleApplication@4dcc4647
----------------- Done invoking toplevel() on ptolemy.moml.MoMLSimpleApplication@4dcc4647
reloadAllAccessors: .arrayType25

===========================================================================================
----------------- testing Sun Mar 31 03:52:21 UTC 2019 /home/travis/build/icyphy/ptII/ptolemy/actor/lib/test/auto/arrayType26.xml
----------------- Instantiating /home/travis/build/icyphy/ptII/ptolemy/actor/lib/test/auto/arrayType26.xml
1 ms. Memory: 1769472K Free: 563705K (32%)
----------------- Invoking toplevel() on ptolemy.moml.MoMLSimpleApplication@69732f6c
----------------- Done invoking toplevel() on ptolemy.moml.MoMLSimpleApplication@69732f6c
reloadAllAccessors: .arrayType26

===========================================================================================
----------------- testing Sun Mar 31 03:52:21 UTC 2019 /home/travis/build/icyphy/ptII/ptolemy/actor/lib/test/auto/arrayType27.xml
----------------- Instantiating /home/travis/build/icyphy/ptII/ptolemy/actor/lib/test/auto/arrayType27.xml
1 ms. Memory: 1769472K Free: 542785K (31%)
----------------- Invoking toplevel() on ptolemy.moml.MoMLSimpleApplication@791cc4c5
----------------- Done invoking toplevel() on ptolemy.moml.MoMLSimpleApplication@791cc4c5
reloadAllAccessors: .arrayType27

===========================================================================================
----------------- testing Sun Mar 31 03:52:21 UTC 2019 /home/travis/build/icyphy/ptII/ptolemy/actor/lib/test/auto/arrayType28.xml
----------------- Instantiating /home/travis/build/icyphy/ptII/ptolemy/actor/lib/test/auto/arrayType28.xml
2 ms. Memory: 1769472K Free: 526283K (30%)
----------------- Invoking toplevel() on ptolemy.moml.MoMLSimpleApplication@70c720e3
----------------- Done invoking toplevel() on ptolemy.moml.MoMLSimpleApplication@70c720e3
reloadAllAccessors: .arrayType28

===========================================================================================
----------------- testing Sun Mar 31 03:52:21 UTC 2019 /home/travis/build/icyphy/ptII/ptolemy/actor/lib/test/auto/arrayType3.xml
----------------- Instantiating /home/travis/build/icyphy/ptII/ptolemy/actor/lib/test/auto/arrayType3.xml
2 ms. Memory: 1769472K Free: 505363K (29%)
----------------- Invoking toplevel() on ptolemy.moml.MoMLSimpleApplication@140ad947
----------------- Done invoking toplevel() on ptolemy.moml.MoMLSimpleApplication@140ad947
reloadAllAccessors: .arrayType3

===========================================================================================
----------------- testing Sun Mar 31 03:52:21 UTC 2019 /home/travis/build/icyphy/ptII/ptolemy/actor/lib/test/auto/arrayType4.xml
----------------- Instantiating /home/travis/build/icyphy/ptII/ptolemy/actor/lib/test/auto/arrayType4.xml
1 ms. Memory: 1769472K Free: 488862K (28%)
----------------- Invoking toplevel() on ptolemy.moml.MoMLSimpleApplication@6481082
----------------- Done invoking toplevel() on ptolemy.moml.MoMLSimpleApplication@6481082
reloadAllAccessors: .arrayType4

===========================================================================================
----------------- testing Sun Mar 31 03:52:21 UTC 2019 /home/travis/build/icyphy/ptII/ptolemy/actor/lib/test/auto/arrayType5.xml
----------------- Instantiating /home/travis/build/icyphy/ptII/ptolemy/actor/lib/test/auto/arrayType5.xml
1 ms. Memory: 1769472K Free: 467942K (26%)
----------------- Invoking toplevel() on ptolemy.moml.MoMLSimpleApplication@5598b10c
----------------- Done invoking toplevel() on ptolemy.moml.MoMLSimpleApplication@5598b10c
reloadAllAccessors: .arrayType5

===========================================================================================
----------------- testing Sun Mar 31 03:52:21 UTC 2019 /home/travis/build/icyphy/ptII/ptolemy/actor/lib/test/auto/arrayType6.xml
----------------- Instantiating /home/travis/build/icyphy/ptII/ptolemy/actor/lib/test/auto/arrayType6.xml
1 ms. Memory: 1769472K Free: 451440K (26%)
----------------- Invoking toplevel() on ptolemy.moml.MoMLSimpleApplication@3217d4dd
----------------- Done invoking toplevel() on ptolemy.moml.MoMLSimpleApplication@3217d4dd
reloadAllAccessors: .arrayType6

===========================================================================================
----------------- testing Sun Mar 31 03:52:21 UTC 2019 /home/travis/build/icyphy/ptII/ptolemy/actor/lib/test/auto/arrayType7.xml
----------------- Instantiating /home/travis/build/icyphy/ptII/ptolemy/actor/lib/test/auto/arrayType7.xml
2 ms. Memory: 1769472K Free: 430520K (24%)
----------------- Invoking toplevel() on ptolemy.moml.MoMLSimpleApplication@3141024e
----------------- Done invoking toplevel() on ptolemy.moml.MoMLSimpleApplication@3141024e
reloadAllAccessors: .arrayType7

===========================================================================================
----------------- testing Sun Mar 31 03:52:21 UTC 2019 /home/travis/build/icyphy/ptII/ptolemy/actor/lib/test/auto/arrayType8.xml
----------------- Instantiating /home/travis/build/icyphy/ptII/ptolemy/actor/lib/test/auto/arrayType8.xml
1 ms. Memory: 1769472K Free: 409600K (23%)
----------------- Invoking toplevel() on ptolemy.moml.MoMLSimpleApplication@5d1fd35d
----------------- Done invoking toplevel() on ptolemy.moml.MoMLSimpleApplication@5d1fd35d
reloadAllAccessors: .arrayType8

===========================================================================================
----------------- testing Sun Mar 31 03:52:21 UTC 2019 /home/travis/build/icyphy/ptII/ptolemy/actor/lib/test/auto/arrayType9.xml
----------------- Instantiating /home/travis/build/icyphy/ptII/ptolemy/actor/lib/test/auto/arrayType9.xml
1 ms. Memory: 1769472K Free: 393098K (22%)
----------------- Invoking toplevel() on ptolemy.moml.MoMLSimpleApplication@77f3fef0
----------------- Done invoking toplevel() on ptolemy.moml.MoMLSimpleApplication@77f3fef0
reloadAllAccessors: .arrayType9

===========================================================================================
----------------- testing Sun Mar 31 03:52:21 UTC 2019 /home/travis/build/icyphy/ptII/ptolemy/actor/lib/test/auto/cast.xml
----------------- Instantiating /home/travis/build/icyphy/ptII/ptolemy/actor/lib/test/auto/cast.xml
2 ms. Memory: 1769472K Free: 372179K (21%)
----------------- Invoking toplevel() on ptolemy.moml.MoMLSimpleApplication@7b499ff6
----------------- Done invoking toplevel() on ptolemy.moml.MoMLSimpleApplication@7b499ff6
reloadAllAccessors: .cast

===========================================================================================
----------------- testing Sun Mar 31 03:52:21 UTC 2019 /home/travis/build/icyphy/ptII/ptolemy/actor/lib/test/auto/compositeMultiPort.xml
----------------- Instantiating /home/travis/build/icyphy/ptII/ptolemy/actor/lib/test/auto/compositeMultiPort.xml
3 ms. Memory: 1769472K Free: 355677K (20%)
----------------- Invoking toplevel() on ptolemy.moml.MoMLSimpleApplication@3f0d13f1
----------------- Done invoking toplevel() on ptolemy.moml.MoMLSimpleApplication@3f0d13f1
reloadAllAccessors: .compositeMultiPort

===========================================================================================
----------------- testing Sun Mar 31 03:52:21 UTC 2019 /home/travis/build/icyphy/ptII/ptolemy/actor/lib/test/auto/expressionCastInference.xml
----------------- Instantiating /home/travis/build/icyphy/ptII/ptolemy/actor/lib/test/auto/expressionCastInference.xml
2 ms. Memory: 1769472K Free: 334757K (19%)
----------------- Invoking toplevel() on ptolemy.moml.MoMLSimpleApplication@5a16ad93
----------------- Done invoking toplevel() on ptolemy.moml.MoMLSimpleApplication@5a16ad93
reloadAllAccessors: .expressionCastInference

===========================================================================================
----------------- testing Sun Mar 31 03:52:21 UTC 2019 /home/travis/build/icyphy/ptII/ptolemy/actor/lib/test/auto/expressionCastInference2.xml
----------------- Instantiating /home/travis/build/icyphy/ptII/ptolemy/actor/lib/test/auto/expressionCastInference2.xml
1 ms. Memory: 1769472K Free: 313838K (18%)
----------------- Invoking toplevel() on ptolemy.moml.MoMLSimpleApplication@230223e0
----------------- Done invoking toplevel() on ptolemy.moml.MoMLSimpleApplication@230223e0
reloadAllAccessors: .expressionCastInference2

===========================================================================================
----------------- testing Sun Mar 31 03:52:21 UTC 2019 /home/travis/build/icyphy/ptII/ptolemy/actor/lib/test/auto/expressionInference.xml
----------------- Instantiating /home/travis/build/icyphy/ptII/ptolemy/actor/lib/test/auto/expressionInference.xml
1 ms. Memory: 1769472K Free: 297336K (17%)
----------------- Invoking toplevel() on ptolemy.moml.MoMLSimpleApplication@549b2f40
----------------- Done invoking toplevel() on ptolemy.moml.MoMLSimpleApplication@549b2f40
reloadAllAccessors: .expressionInference

===========================================================================================
----------------- testing Sun Mar 31 03:52:21 UTC 2019 /home/travis/build/icyphy/ptII/ptolemy/actor/lib/test/auto/expression_bug.xml
----------------- Instantiating /home/travis/build/icyphy/ptII/ptolemy/actor/lib/test/auto/expression_bug.xml
1 ms. Memory: 1769472K Free: 276416K (16%)
----------------- Invoking toplevel() on ptolemy.moml.MoMLSimpleApplication@72919f4
----------------- Done invoking toplevel() on ptolemy.moml.MoMLSimpleApplication@72919f4
reloadAllAccessors: .expression_bug

===========================================================================================
----------------- testing Sun Mar 31 03:52:21 UTC 2019 /home/travis/build/icyphy/ptII/ptolemy/actor/lib/test/auto/factorial.xml
----------------- Instantiating /home/travis/build/icyphy/ptII/ptolemy/actor/lib/test/auto/factorial.xml
23 ms. Memory: 1769472K Free: 259914K (15%)
----------------- Invoking toplevel() on ptolemy.moml.MoMLSimpleApplication@21bb637d
----------------- Done invoking toplevel() on ptolemy.moml.MoMLSimpleApplication@21bb637d
reloadAllAccessors: .factorial

===========================================================================================
----------------- testing Sun Mar 31 03:52:21 UTC 2019 /home/travis/build/icyphy/ptII/ptolemy/actor/lib/test/auto/filterTest1.xml
----------------- Instantiating /home/travis/build/icyphy/ptII/ptolemy/actor/lib/test/auto/filterTest1.xml
3 ms. Memory: 1769472K Free: 238994K (14%)
----------------- Invoking toplevel() on ptolemy.moml.MoMLSimpleApplication@6af0bd7d
----------------- Done invoking toplevel() on ptolemy.moml.MoMLSimpleApplication@6af0bd7d
reloadAllAccessors: .filterTest1

===========================================================================================
----------------- testing Sun Mar 31 03:52:21 UTC 2019 /home/travis/build/icyphy/ptII/ptolemy/actor/lib/test/auto/funcApplyInConst.xml
----------------- Instantiating /home/travis/build/icyphy/ptII/ptolemy/actor/lib/test/auto/funcApplyInConst.xml
1 ms. Memory: 1769472K Free: 222493K (13%)
----------------- Invoking toplevel() on ptolemy.moml.MoMLSimpleApplication@720f306a
----------------- Done invoking toplevel() on ptolemy.moml.MoMLSimpleApplication@720f306a
reloadAllAccessors: .funcApplyInConst

===========================================================================================
----------------- testing Sun Mar 31 03:52:21 UTC 2019 /home/travis/build/icyphy/ptII/ptolemy/actor/lib/test/auto/funcApplyInExpr.xml
----------------- Instantiating /home/travis/build/icyphy/ptII/ptolemy/actor/lib/test/auto/funcApplyInExpr.xml
1 ms. Memory: 1769472K Free: 201572K (11%)
----------------- Invoking toplevel() on ptolemy.moml.MoMLSimpleApplication@4e6a78af
----------------- Done invoking toplevel() on ptolemy.moml.MoMLSimpleApplication@4e6a78af
reloadAllAccessors: .funcApplyInExpr

===========================================================================================
----------------- testing Sun Mar 31 03:52:21 UTC 2019 /home/travis/build/icyphy/ptII/ptolemy/actor/lib/test/auto/function.xml
----------------- Instantiating /home/travis/build/icyphy/ptII/ptolemy/actor/lib/test/auto/function.xml
2 ms. Memory: 1769472K Free: 180653K (10%)
----------------- Invoking toplevel() on ptolemy.moml.MoMLSimpleApplication@7824c0b
----------------- Done invoking toplevel() on ptolemy.moml.MoMLSimpleApplication@7824c0b
reloadAllAccessors: .function

===========================================================================================
----------------- testing Sun Mar 31 03:52:21 UTC 2019 /home/travis/build/icyphy/ptII/ptolemy/actor/lib/test/auto/function2.xml
----------------- Instantiating /home/travis/build/icyphy/ptII/ptolemy/actor/lib/test/auto/function2.xml
2 ms. Memory: 1769472K Free: 164151K (9%)
----------------- Invoking toplevel() on ptolemy.moml.MoMLSimpleApplication@7fbba74f
----------------- Done invoking toplevel() on ptolemy.moml.MoMLSimpleApplication@7fbba74f
reloadAllAccessors: .function2

===========================================================================================
----------------- testing Sun Mar 31 03:52:21 UTC 2019 /home/travis/build/icyphy/ptII/ptolemy/actor/lib/test/auto/function3.xml
----------------- Instantiating /home/travis/build/icyphy/ptII/ptolemy/actor/lib/test/auto/function3.xml
1 ms. Memory: 1769472K Free: 143231K (8%)
----------------- Invoking toplevel() on ptolemy.moml.MoMLSimpleApplication@cd616bb
----------------- Done invoking toplevel() on ptolemy.moml.MoMLSimpleApplication@cd616bb
reloadAllAccessors: .function3

===========================================================================================
----------------- testing Sun Mar 31 03:52:21 UTC 2019 /home/travis/build/icyphy/ptII/ptolemy/actor/lib/test/auto/functionClosureTest1.xml
----------------- Instantiating /home/travis/build/icyphy/ptII/ptolemy/actor/lib/test/auto/functionClosureTest1.xml
2 ms. Memory: 1769472K Free: 126729K (7%)
----------------- Invoking toplevel() on ptolemy.moml.MoMLSimpleApplication@69954418
----------------- Done invoking toplevel() on ptolemy.moml.MoMLSimpleApplication@69954418
reloadAllAccessors: .functionClosureTest1

===========================================================================================
----------------- testing Sun Mar 31 03:52:21 UTC 2019 /home/travis/build/icyphy/ptII/ptolemy/actor/lib/test/auto/functionClosureTest2.xml
----------------- Instantiating /home/travis/build/icyphy/ptII/ptolemy/actor/lib/test/auto/functionClosureTest2.xml
1 ms. Memory: 1769472K Free: 105809K (6%)
----------------- Invoking toplevel() on ptolemy.moml.MoMLSimpleApplication@59bfc62b
----------------- Done invoking toplevel() on ptolemy.moml.MoMLSimpleApplication@59bfc62b
reloadAllAccessors: .functionClosureTest2

===========================================================================================
----------------- testing Sun Mar 31 03:52:21 UTC 2019 /home/travis/build/icyphy/ptII/ptolemy/actor/lib/test/auto/functionClosureTest3.xml
----------------- Instantiating /home/travis/build/icyphy/ptII/ptolemy/actor/lib/test/auto/functionClosureTest3.xml
1 ms. Memory: 1769472K Free: 84890K (5%)
----------------- Invoking toplevel() on ptolemy.moml.MoMLSimpleApplication@487a6c9d
----------------- Done invoking toplevel() on ptolemy.moml.MoMLSimpleApplication@487a6c9d
reloadAllAccessors: .functionClosureTest3

===========================================================================================
----------------- testing Sun Mar 31 03:52:21 UTC 2019 /home/travis/build/icyphy/ptII/ptolemy/actor/lib/test/auto/functionClosureTest4.xml
----------------- Instantiating /home/travis/build/icyphy/ptII/ptolemy/actor/lib/test/auto/functionClosureTest4.xml
26 ms. Memory: 1787904K Free: 1738538K (97%)
----------------- Invoking toplevel() on ptolemy.moml.MoMLSimpleApplication@5f8b6a1c
----------------- Done invoking toplevel() on ptolemy.moml.MoMLSimpleApplication@5f8b6a1c
reloadAllAccessors: .functionClosureTest4

===========================================================================================
----------------- testing Sun Mar 31 03:52:21 UTC 2019 /home/travis/build/icyphy/ptII/ptolemy/actor/lib/test/auto/functionClosureTest5.xml
----------------- Instantiating /home/travis/build/icyphy/ptII/ptolemy/actor/lib/test/auto/functionClosureTest5.xml
7 ms. Memory: 1787904K Free: 1702418K (95%)
----------------- Invoking toplevel() on ptolemy.moml.MoMLSimpleApplication@4c3ae33c
----------------- Done invoking toplevel() on ptolemy.moml.MoMLSimpleApplication@4c3ae33c
reloadAllAccessors: .functionClosureTest5

===========================================================================================
----------------- testing Sun Mar 31 03:52:21 UTC 2019 /home/travis/build/icyphy/ptII/ptolemy/actor/lib/test/auto/functionClosureTest6.xml
----------------- Instantiating /home/travis/build/icyphy/ptII/ptolemy/actor/lib/test/auto/functionClosureTest6.xml
2 ms. Memory: 1787904K Free: 1681324K (94%)
----------------- Invoking toplevel() on ptolemy.moml.MoMLSimpleApplication@2619870b
----------------- Done invoking toplevel() on ptolemy.moml.MoMLSimpleApplication@2619870b
reloadAllAccessors: .functionClosureTest6

===========================================================================================
----------------- testing Sun Mar 31 03:52:21 UTC 2019 /home/travis/build/icyphy/ptII/ptolemy/actor/lib/test/auto/functionsOnArcs.xml
----------------- Instantiating /home/travis/build/icyphy/ptII/ptolemy/actor/lib/test/auto/functionsOnArcs.xml
2 ms. Memory: 1787904K Free: 1664628K (93%)
----------------- Invoking toplevel() on ptolemy.moml.MoMLSimpleApplication@35bdb72d
----------------- Done invoking toplevel() on ptolemy.moml.MoMLSimpleApplication@35bdb72d
reloadAllAccessors: .functionsOnArcs

===========================================================================================
----------------- testing Sun Mar 31 03:52:21 UTC 2019 /home/travis/build/icyphy/ptII/ptolemy/actor/lib/test/auto/functionsOnArcsHOF.xml
----------------- Instantiating /home/travis/build/icyphy/ptII/ptolemy/actor/lib/test/auto/functionsOnArcsHOF.xml
2 ms. Memory: 1787904K Free: 1643534K (92%)
----------------- Invoking toplevel() on ptolemy.moml.MoMLSimpleApplication@1d76dcce
----------------- Done invoking toplevel() on ptolemy.moml.MoMLSimpleApplication@1d76dcce
reloadAllAccessors: .functionsOnArcsHOF

===========================================================================================
----------------- testing Sun Mar 31 03:52:21 UTC 2019 /home/travis/build/icyphy/ptII/ptolemy/actor/lib/test/auto/logic.xml
----------------- Instantiating /home/travis/build/icyphy/ptII/ptolemy/actor/lib/test/auto/logic.xml
2 ms. Memory: 1787904K Free: 1626838K (91%)
----------------- Invoking toplevel() on ptolemy.moml.MoMLSimpleApplication@52a983d7
----------------- Done invoking toplevel() on ptolemy.moml.MoMLSimpleApplication@52a983d7
reloadAllAccessors: .logic

===========================================================================================
----------------- testing Sun Mar 31 03:52:21 UTC 2019 /home/travis/build/icyphy/ptII/ptolemy/actor/lib/test/auto/matrixType.xml
----------------- Instantiating /home/travis/build/icyphy/ptII/ptolemy/actor/lib/test/auto/matrixType.xml
1 ms. Memory: 1787904K Free: 1605744K (90%)
----------------- Invoking toplevel() on ptolemy.moml.MoMLSimpleApplication@33a26eb0
----------------- Done invoking toplevel() on ptolemy.moml.MoMLSimpleApplication@33a26eb0
reloadAllAccessors: .matrixType

===========================================================================================
----------------- testing Sun Mar 31 03:52:21 UTC 2019 /home/travis/build/icyphy/ptII/ptolemy/actor/lib/test/auto/matrixType10.xml
----------------- Instantiating /home/travis/build/icyphy/ptII/ptolemy/actor/lib/test/auto/matrixType10.xml
1 ms. Memory: 1787904K Free: 1584650K (89%)
----------------- Invoking toplevel() on ptolemy.moml.MoMLSimpleApplication@7f41fa9d
----------------- Done invoking toplevel() on ptolemy.moml.MoMLSimpleApplication@7f41fa9d
reloadAllAccessors: .matrixType10

===========================================================================================
----------------- testing Sun Mar 31 03:52:21 UTC 2019 /home/travis/build/icyphy/ptII/ptolemy/actor/lib/test/auto/matrixType11.xml
----------------- Instantiating /home/travis/build/icyphy/ptII/ptolemy/actor/lib/test/auto/matrixType11.xml
2 ms. Memory: 1787904K Free: 1567954K (88%)
----------------- Invoking toplevel() on ptolemy.moml.MoMLSimpleApplication@299f501d
----------------- Done invoking toplevel() on ptolemy.moml.MoMLSimpleApplication@299f501d
reloadAllAccessors: .matrixType11

===========================================================================================
----------------- testing Sun Mar 31 03:52:21 UTC 2019 /home/travis/build/icyphy/ptII/ptolemy/actor/lib/test/auto/matrixType12.xml
----------------- Instantiating /home/travis/build/icyphy/ptII/ptolemy/actor/lib/test/auto/matrixType12.xml
1 ms. Memory: 1787904K Free: 1546833K (87%)
----------------- Invoking toplevel() on ptolemy.moml.MoMLSimpleApplication@84c9511
----------------- Done invoking toplevel() on ptolemy.moml.MoMLSimpleApplication@84c9511
reloadAllAccessors: .matrixType12

===========================================================================================
----------------- testing Sun Mar 31 03:52:21 UTC 2019 /home/travis/build/icyphy/ptII/ptolemy/actor/lib/test/auto/matrixType13.xml
----------------- Instantiating /home/travis/build/icyphy/ptII/ptolemy/actor/lib/test/auto/matrixType13.xml
2 ms. Memory: 1787904K Free: 1530137K (86%)
----------------- Invoking toplevel() on ptolemy.moml.MoMLSimpleApplication@320a2ec5
----------------- Done invoking toplevel() on ptolemy.moml.MoMLSimpleApplication@320a2ec5
reloadAllAccessors: .matrixType13

===========================================================================================
----------------- testing Sun Mar 31 03:52:21 UTC 2019 /home/travis/build/icyphy/ptII/ptolemy/actor/lib/test/auto/matrixType14.xml
----------------- Instantiating /home/travis/build/icyphy/ptII/ptolemy/actor/lib/test/auto/matrixType14.xml
1 ms. Memory: 1787904K Free: 1509043K (84%)
----------------- Invoking toplevel() on ptolemy.moml.MoMLSimpleApplication@7c126543
----------------- Done invoking toplevel() on ptolemy.moml.MoMLSimpleApplication@7c126543
reloadAllAccessors: .matrixType14

===========================================================================================
----------------- testing Sun Mar 31 03:52:21 UTC 2019 /home/travis/build/icyphy/ptII/ptolemy/actor/lib/test/auto/matrixType2.xml
----------------- Instantiating /home/travis/build/icyphy/ptII/ptolemy/actor/lib/test/auto/matrixType2.xml
1 ms. Memory: 1787904K Free: 1487949K (83%)
----------------- Invoking toplevel() on ptolemy.moml.MoMLSimpleApplication@1b6a6c79
----------------- Done invoking toplevel() on ptolemy.moml.MoMLSimpleApplication@1b6a6c79
reloadAllAccessors: .matrixType2

===========================================================================================
----------------- testing Sun Mar 31 03:52:22 UTC 2019 /home/travis/build/icyphy/ptII/ptolemy/actor/lib/test/auto/matrixType3.xml
----------------- Instantiating /home/travis/build/icyphy/ptII/ptolemy/actor/lib/test/auto/matrixType3.xml
1 ms. Memory: 1787904K Free: 1471253K (82%)
----------------- Invoking toplevel() on ptolemy.moml.MoMLSimpleApplication@13ef8a3f
----------------- Done invoking toplevel() on ptolemy.moml.MoMLSimpleApplication@13ef8a3f
reloadAllAccessors: .matrixType3

===========================================================================================
----------------- testing Sun Mar 31 03:52:22 UTC 2019 /home/travis/build/icyphy/ptII/ptolemy/actor/lib/test/auto/matrixType4.xml
----------------- Instantiating /home/travis/build/icyphy/ptII/ptolemy/actor/lib/test/auto/matrixType4.xml
1 ms. Memory: 1787904K Free: 1450159K (81%)
----------------- Invoking toplevel() on ptolemy.moml.MoMLSimpleApplication@22b5fa00
----------------- Done invoking toplevel() on ptolemy.moml.MoMLSimpleApplication@22b5fa00
reloadAllAccessors: .matrixType4

===========================================================================================
----------------- testing Sun Mar 31 03:52:22 UTC 2019 /home/travis/build/icyphy/ptII/ptolemy/actor/lib/test/auto/matrixType5.xml
----------------- Instantiating /home/travis/build/icyphy/ptII/ptolemy/actor/lib/test/auto/matrixType5.xml
1 ms. Memory: 1787904K Free: 1433463K (80%)
----------------- Invoking toplevel() on ptolemy.moml.MoMLSimpleApplication@6d169555
----------------- Done invoking toplevel() on ptolemy.moml.MoMLSimpleApplication@6d169555
reloadAllAccessors: .matrixType5

===========================================================================================
----------------- testing Sun Mar 31 03:52:22 UTC 2019 /home/travis/build/icyphy/ptII/ptolemy/actor/lib/test/auto/matrixType6.xml
----------------- Instantiating /home/travis/build/icyphy/ptII/ptolemy/actor/lib/test/auto/matrixType6.xml
2 ms. Memory: 1787904K Free: 1412369K (79%)
----------------- Invoking toplevel() on ptolemy.moml.MoMLSimpleApplication@3b14cbf8
----------------- Done invoking toplevel() on ptolemy.moml.MoMLSimpleApplication@3b14cbf8
reloadAllAccessors: .matrixType6

===========================================================================================
----------------- testing Sun Mar 31 03:52:22 UTC 2019 /home/travis/build/icyphy/ptII/ptolemy/actor/lib/test/auto/matrixType7.xml
----------------- Instantiating /home/travis/build/icyphy/ptII/ptolemy/actor/lib/test/auto/matrixType7.xml
1 ms. Memory: 1787904K Free: 1391275K (78%)
----------------- Invoking toplevel() on ptolemy.moml.MoMLSimpleApplication@5666626c
----------------- Done invoking toplevel() on ptolemy.moml.MoMLSimpleApplication@5666626c
reloadAllAccessors: .matrixType7

===========================================================================================
----------------- testing Sun Mar 31 03:52:22 UTC 2019 /home/travis/build/icyphy/ptII/ptolemy/actor/lib/test/auto/matrixType8.xml
----------------- Instantiating /home/travis/build/icyphy/ptII/ptolemy/actor/lib/test/auto/matrixType8.xml
1 ms. Memory: 1787904K Free: 1374579K (77%)
----------------- Invoking toplevel() on ptolemy.moml.MoMLSimpleApplication@4bf424e6
----------------- Done invoking toplevel() on ptolemy.moml.MoMLSimpleApplication@4bf424e6
reloadAllAccessors: .matrixType8

===========================================================================================
----------------- testing Sun Mar 31 03:52:22 UTC 2019 /home/travis/build/icyphy/ptII/ptolemy/actor/lib/test/auto/matrixType9.xml
----------------- Instantiating /home/travis/build/icyphy/ptII/ptolemy/actor/lib/test/auto/matrixType9.xml
1 ms. Memory: 1787904K Free: 1353485K (76%)
----------------- Invoking toplevel() on ptolemy.moml.MoMLSimpleApplication@5aeedefe
----------------- Done invoking toplevel() on ptolemy.moml.MoMLSimpleApplication@5aeedefe
reloadAllAccessors: .matrixType9

===========================================================================================
----------------- testing Sun Mar 31 03:52:22 UTC 2019 /home/travis/build/icyphy/ptII/ptolemy/actor/lib/test/auto/paraFunctest.xml
----------------- Instantiating /home/travis/build/icyphy/ptII/ptolemy/actor/lib/test/auto/paraFunctest.xml
1 ms. Memory: 1787904K Free: 1336788K (75%)
----------------- Invoking toplevel() on ptolemy.moml.MoMLSimpleApplication@741530d3
----------------- Done invoking toplevel() on ptolemy.moml.MoMLSimpleApplication@741530d3
reloadAllAccessors: .paraFunctest

===========================================================================================
----------------- testing Sun Mar 31 03:52:22 UTC 2019 /home/travis/build/icyphy/ptII/ptolemy/actor/lib/test/auto/paraFunctest2.xml
----------------- Instantiating /home/travis/build/icyphy/ptII/ptolemy/actor/lib/test/auto/paraFunctest2.xml
1 ms. Memory: 1787904K Free: 1315694K (74%)
----------------- Invoking toplevel() on ptolemy.moml.MoMLSimpleApplication@7f123fc3
----------------- Done invoking toplevel() on ptolemy.moml.MoMLSimpleApplication@7f123fc3
reloadAllAccessors: .paraFunctest2

===========================================================================================
----------------- testing Sun Mar 31 03:52:22 UTC 2019 /home/travis/build/icyphy/ptII/ptolemy/actor/lib/test/auto/parameterPassing.xml
----------------- Instantiating /home/travis/build/icyphy/ptII/ptolemy/actor/lib/test/auto/parameterPassing.xml
0 ms. Memory: 1787904K Free: 1294600K (72%)
----------------- Invoking toplevel() on ptolemy.moml.MoMLSimpleApplication@7f3bc5c1
----------------- Done invoking toplevel() on ptolemy.moml.MoMLSimpleApplication@7f3bc5c1
reloadAllAccessors: .parameterPassing

===========================================================================================
----------------- testing Sun Mar 31 03:52:22 UTC 2019 /home/travis/build/icyphy/ptII/ptolemy/actor/lib/test/auto/record.xml
----------------- Instantiating /home/travis/build/icyphy/ptII/ptolemy/actor/lib/test/auto/record.xml
2 ms. Memory: 1787904K Free: 1277904K (71%)
----------------- Invoking toplevel() on ptolemy.moml.MoMLSimpleApplication@f6ba86c
----------------- Done invoking toplevel() on ptolemy.moml.MoMLSimpleApplication@f6ba86c
reloadAllAccessors: .record

===========================================================================================
----------------- testing Sun Mar 31 03:52:22 UTC 2019 /home/travis/build/icyphy/ptII/ptolemy/actor/lib/test/auto/sizedarray1.xml
----------------- Instantiating /home/travis/build/icyphy/ptII/ptolemy/actor/lib/test/auto/sizedarray1.xml
1 ms. Memory: 1787904K Free: 1256810K (70%)
----------------- Invoking toplevel() on ptolemy.moml.MoMLSimpleApplication@273bd827
----------------- Done invoking toplevel() on ptolemy.moml.MoMLSimpleApplication@273bd827
reloadAllAccessors: .sizedarray1

===========================================================================================
----------------- testing Sun Mar 31 03:52:22 UTC 2019 /home/travis/build/icyphy/ptII/ptolemy/actor/lib/test/auto/sizedarray2.xml
----------------- Instantiating /home/travis/build/icyphy/ptII/ptolemy/actor/lib/test/auto/sizedarray2.xml
2 ms. Memory: 1787904K Free: 1240114K (69%)
----------------- Invoking toplevel() on ptolemy.moml.MoMLSimpleApplication@3734f877
----------------- Done invoking toplevel() on ptolemy.moml.MoMLSimpleApplication@3734f877
reloadAllAccessors: .sizedarray2

===========================================================================================
----------------- testing Sun Mar 31 03:52:22 UTC 2019 /home/travis/build/icyphy/ptII/ptolemy/actor/lib/test/auto/twoPublishers.xml
----------------- Instantiating /home/travis/build/icyphy/ptII/ptolemy/actor/lib/test/auto/twoPublishers.xml
2 ms. Memory: 1787904K Free: 1219020K (68%)
----------------- Invoking toplevel() on ptolemy.moml.MoMLSimpleApplication@28226e86
----------------- Done invoking toplevel() on ptolemy.moml.MoMLSimpleApplication@28226e86
reloadAllAccessors: .twoPublishers
AutoTests.java: About to close Vertx.
AutoTests.java: Vertx closed.
]]></system-out>
  <system-err><![CDATA[java.lang.RuntimeException: Execution failed
	at ptolemy.moml.MoMLSimpleApplication$UnloadThread.run(MoMLSimpleApplication.java:402)
Caused by: java.lang.RuntimeException: StringUtilities.exit() was called. Normally, we would exit here because Manager.exitAfterWrapup() was called.  However, because the ptolemy.ptII.exitAfterWrapup property is set, we throw this exception instead.
	at ptolemy.util.StringUtilities.exit(StringUtilities.java:363)
	at ptolemy.actor.Manager.wrapup(Manager.java:1531)
	at ptolemy.actor.Manager.execute(Manager.java:407)
	at ptolemy.actor.Manager.run(Manager.java:1263)
	at ptolemy.actor.Manager$PtolemyRunThread.run(Manager.java:1915)
Warning: '.top.test' is in training mode, set the trainingMode parameter to false before checking in
Warning: '.top.test' is in training mode, set the trainingMode parameter to false before checking in
Warning: '.top.test' is in training mode, set the trainingMode parameter to false before checking in
Warning: '.BooleanSwitch_RegressionTest_WrongTrainingValues.Test' is in training mode, set the trainingMode parameter to false before checking in
Warning: '.BooleanSwitch_RegressionTest_WrongTrainingValues.Test2' is in training mode, set the trainingMode parameter to false before checking in
Warning: '.BooleanSwitch_RegressionTest_WrongTrainingValues.Test2' The test produced 0 tokens.
Warning: '.top.testExceptionHandler' is in training mode, set the trainingMode parameter to false before checking in
java.lang.RuntimeException: Execution failed
	at ptolemy.moml.MoMLSimpleApplication$UnloadThread.run(MoMLSimpleApplication.java:402)
Caused by: ptolemy.kernel.util.IllegalActionException: PublisherPorts cannot be used at the top level, use a Publisher actor instead.
  in .PublisherPortToplevelSubscriber.PublisherPort
	at ptolemy.actor.PublisherPort.preinitialize(PublisherPort.java:403)
	at ptolemy.actor.CompositeActor.preinitialize(CompositeActor.java:1769)
	at ptolemy.actor.Manager.preinitializeAndResolveTypes(Manager.java:1040)
	at ptolemy.actor.Manager.initialize(Manager.java:710)
	at ptolemy.actor.Manager.execute(Manager.java:356)
	at ptolemy.actor.Manager.run(Manager.java:1263)
	at ptolemy.actor.Manager$PtolemyRunThread.run(Manager.java:1915)
java.lang.reflect.InvocationTargetException
	at sun.reflect.NativeConstructorAccessorImpl.newInstance0(Native Method)
	at sun.reflect.NativeConstructorAccessorImpl.newInstance(NativeConstructorAccessorImpl.java:62)
	at sun.reflect.DelegatingConstructorAccessorImpl.newInstance(DelegatingConstructorAccessorImpl.java:45)
	at java.lang.reflect.Constructor.newInstance(Constructor.java:423)
	at ptolemy.util.test.junit.AutoKnownFailedTests.RunModel(AutoKnownFailedTests.java:105)
	at sun.reflect.NativeMethodAccessorImpl.invoke0(Native Method)
	at sun.reflect.NativeMethodAccessorImpl.invoke(NativeMethodAccessorImpl.java:62)
	at sun.reflect.DelegatingMethodAccessorImpl.invoke(DelegatingMethodAccessorImpl.java:43)
	at java.lang.reflect.Method.invoke(Method.java:498)
	at org.junit.runners.model.FrameworkMethod$1.runReflectiveCall(FrameworkMethod.java:44)
	at org.junit.internal.runners.model.ReflectiveCallable.run(ReflectiveCallable.java:15)
	at org.junit.runners.model.FrameworkMethod.invokeExplosively(FrameworkMethod.java:41)
	at junitparams.internal.InvokeParameterisedMethod.evaluate(InvokeParameterisedMethod.java:102)
	at org.junit.internal.runners.statements.FailOnTimeout$1.run(FailOnTimeout.java:28)
Caused by: ptolemy.kernel.util.IllegalActionException: PublisherPorts cannot be used at the top level, use a Publisher actor instead.
  in .PublisherPortToplevelSubscriber.PublisherPort
	at ptolemy.actor.PublisherPort.preinitialize(PublisherPort.java:403)
	at ptolemy.actor.CompositeActor.preinitialize(CompositeActor.java:1769)
	at ptolemy.actor.Manager.preinitializeAndResolveTypes(Manager.java:1040)
	at ptolemy.actor.Manager.initialize(Manager.java:710)
	at ptolemy.actor.Manager.execute(Manager.java:356)
	at ptolemy.actor.Manager.run(Manager.java:1263)
	at ptolemy.actor.Manager$PtolemyRunThread.run(Manager.java:1915)
java.lang.RuntimeException: Execution failed
	at ptolemy.moml.MoMLSimpleApplication$UnloadThread.run(MoMLSimpleApplication.java:402)
Caused by: ptolemy.kernel.util.IllegalActionException: SubscriberPorts cannot be used at the top level, use a Subscriber actor instead.
  in .PublisherSubscriberPortToplevel.SubscriberPort
	at ptolemy.actor.SubscriberPort.preinitialize(SubscriberPort.java:328)
	at ptolemy.actor.CompositeActor.preinitialize(CompositeActor.java:1769)
	at ptolemy.actor.Manager.preinitializeAndResolveTypes(Manager.java:1040)
	at ptolemy.actor.Manager.initialize(Manager.java:710)
	at ptolemy.actor.Manager.execute(Manager.java:356)
	at ptolemy.actor.Manager.run(Manager.java:1263)
	at ptolemy.actor.Manager$PtolemyRunThread.run(Manager.java:1915)
java.lang.reflect.InvocationTargetException
	at sun.reflect.NativeConstructorAccessorImpl.newInstance0(Native Method)
	at sun.reflect.NativeConstructorAccessorImpl.newInstance(NativeConstructorAccessorImpl.java:62)
	at sun.reflect.DelegatingConstructorAccessorImpl.newInstance(DelegatingConstructorAccessorImpl.java:45)
	at java.lang.reflect.Constructor.newInstance(Constructor.java:423)
	at ptolemy.util.test.junit.AutoKnownFailedTests.RunModel(AutoKnownFailedTests.java:105)
	at sun.reflect.NativeMethodAccessorImpl.invoke0(Native Method)
	at sun.reflect.NativeMethodAccessorImpl.invoke(NativeMethodAccessorImpl.java:62)
	at sun.reflect.DelegatingMethodAccessorImpl.invoke(DelegatingMethodAccessorImpl.java:43)
	at java.lang.reflect.Method.invoke(Method.java:498)
	at org.junit.runners.model.FrameworkMethod$1.runReflectiveCall(FrameworkMethod.java:44)
	at org.junit.internal.runners.model.ReflectiveCallable.run(ReflectiveCallable.java:15)
	at org.junit.runners.model.FrameworkMethod.invokeExplosively(FrameworkMethod.java:41)
	at junitparams.internal.InvokeParameterisedMethod.evaluate(InvokeParameterisedMethod.java:102)
	at org.junit.internal.runners.statements.FailOnTimeout$1.run(FailOnTimeout.java:28)
Caused by: ptolemy.kernel.util.IllegalActionException: SubscriberPorts cannot be used at the top level, use a Subscriber actor instead.
  in .PublisherSubscriberPortToplevel.SubscriberPort
	at ptolemy.actor.SubscriberPort.preinitialize(SubscriberPort.java:328)
	at ptolemy.actor.CompositeActor.preinitialize(CompositeActor.java:1769)
	at ptolemy.actor.Manager.preinitializeAndResolveTypes(Manager.java:1040)
	at ptolemy.actor.Manager.initialize(Manager.java:710)
	at ptolemy.actor.Manager.execute(Manager.java:356)
	at ptolemy.actor.Manager.run(Manager.java:1263)
	at ptolemy.actor.Manager$PtolemyRunThread.run(Manager.java:1915)
java.lang.RuntimeException: Execution failed
	at ptolemy.moml.MoMLSimpleApplication$UnloadThread.run(MoMLSimpleApplication.java:402)
Caused by: ptolemy.kernel.util.IllegalActionException: SubscriptionAggregatorPorts cannot be used at the top level, use a SubscriptionAggregator actor instead.
  in .PublisherSubscriptionAggregatorPort.SubscriptionAggregatorPort
	at ptolemy.actor.SubscriptionAggregatorPort.preinitialize(SubscriptionAggregatorPort.java:353)
	at ptolemy.actor.CompositeActor.preinitialize(CompositeActor.java:1769)
	at ptolemy.actor.Manager.preinitializeAndResolveTypes(Manager.java:1040)
	at ptolemy.actor.Manager.initialize(Manager.java:710)
	at ptolemy.actor.Manager.execute(Manager.java:356)
	at ptolemy.actor.Manager.run(Manager.java:1263)
	at ptolemy.actor.Manager$PtolemyRunThread.run(Manager.java:1915)
java.lang.reflect.InvocationTargetException
	at sun.reflect.NativeConstructorAccessorImpl.newInstance0(Native Method)
	at sun.reflect.NativeConstructorAccessorImpl.newInstance(NativeConstructorAccessorImpl.java:62)
	at sun.reflect.DelegatingConstructorAccessorImpl.newInstance(DelegatingConstructorAccessorImpl.java:45)
	at java.lang.reflect.Constructor.newInstance(Constructor.java:423)
	at ptolemy.util.test.junit.AutoKnownFailedTests.RunModel(AutoKnownFailedTests.java:105)
	at sun.reflect.NativeMethodAccessorImpl.invoke0(Native Method)
	at sun.reflect.NativeMethodAccessorImpl.invoke(NativeMethodAccessorImpl.java:62)
	at sun.reflect.DelegatingMethodAccessorImpl.invoke(DelegatingMethodAccessorImpl.java:43)
	at java.lang.reflect.Method.invoke(Method.java:498)
	at org.junit.runners.model.FrameworkMethod$1.runReflectiveCall(FrameworkMethod.java:44)
	at org.junit.internal.runners.model.ReflectiveCallable.run(ReflectiveCallable.java:15)
	at org.junit.runners.model.FrameworkMethod.invokeExplosively(FrameworkMethod.java:41)
	at junitparams.internal.InvokeParameterisedMethod.evaluate(InvokeParameterisedMethod.java:102)
	at org.junit.internal.runners.statements.FailOnTimeout$1.run(FailOnTimeout.java:28)
Caused by: ptolemy.kernel.util.IllegalActionException: SubscriptionAggregatorPorts cannot be used at the top level, use a SubscriptionAggregator actor instead.
  in .PublisherSubscriptionAggregatorPort.SubscriptionAggregatorPort
	at ptolemy.actor.SubscriptionAggregatorPort.preinitialize(SubscriptionAggregatorPort.java:353)
	at ptolemy.actor.CompositeActor.preinitialize(CompositeActor.java:1769)
	at ptolemy.actor.Manager.preinitializeAndResolveTypes(Manager.java:1040)
	at ptolemy.actor.Manager.initialize(Manager.java:710)
	at ptolemy.actor.Manager.execute(Manager.java:356)
	at ptolemy.actor.Manager.run(Manager.java:1263)
	at ptolemy.actor.Manager$PtolemyRunThread.run(Manager.java:1915)
java.lang.RuntimeException: Execution failed
	at ptolemy.moml.MoMLSimpleApplication$UnloadThread.run(MoMLSimpleApplication.java:402)
Caused by: ptolemy.kernel.util.IllegalActionException: TypeTest actor has no training data.
  in .sizedarray3.TypeTest
	at ptolemy.actor.lib.TypeTest.initialize(TypeTest.java:250)
	at ptolemy.actor.Director.initialize(Director.java:938)
	at ptolemy.actor.Director.initialize(Director.java:907)
	at ptolemy.actor.sched.StaticSchedulingDirector.initialize(StaticSchedulingDirector.java:159)
	at ptolemy.domains.sdf.kernel.SDFDirector.initialize(SDFDirector.java:544)
	at ptolemy.actor.CompositeActor.initialize(CompositeActor.java:935)
	at ptolemy.actor.Manager.initialize(Manager.java:724)
	at ptolemy.actor.Manager.execute(Manager.java:356)
	at ptolemy.actor.Manager.run(Manager.java:1263)
	at ptolemy.actor.Manager$PtolemyRunThread.run(Manager.java:1915)
java.lang.reflect.InvocationTargetException
	at sun.reflect.NativeConstructorAccessorImpl.newInstance0(Native Method)
	at sun.reflect.NativeConstructorAccessorImpl.newInstance(NativeConstructorAccessorImpl.java:62)
	at sun.reflect.DelegatingConstructorAccessorImpl.newInstance(DelegatingConstructorAccessorImpl.java:45)
	at java.lang.reflect.Constructor.newInstance(Constructor.java:423)
	at ptolemy.util.test.junit.AutoKnownFailedTests.RunModel(AutoKnownFailedTests.java:105)
	at sun.reflect.NativeMethodAccessorImpl.invoke0(Native Method)
	at sun.reflect.NativeMethodAccessorImpl.invoke(NativeMethodAccessorImpl.java:62)
	at sun.reflect.DelegatingMethodAccessorImpl.invoke(DelegatingMethodAccessorImpl.java:43)
	at java.lang.reflect.Method.invoke(Method.java:498)
	at org.junit.runners.model.FrameworkMethod$1.runReflectiveCall(FrameworkMethod.java:44)
	at org.junit.internal.runners.model.ReflectiveCallable.run(ReflectiveCallable.java:15)
	at org.junit.runners.model.FrameworkMethod.invokeExplosively(FrameworkMethod.java:41)
	at junitparams.internal.InvokeParameterisedMethod.evaluate(InvokeParameterisedMethod.java:102)
	at org.junit.internal.runners.statements.FailOnTimeout$1.run(FailOnTimeout.java:28)
Caused by: ptolemy.kernel.util.IllegalActionException: TypeTest actor has no training data.
  in .sizedarray3.TypeTest
	at ptolemy.actor.lib.TypeTest.initialize(TypeTest.java:250)
	at ptolemy.actor.Director.initialize(Director.java:938)
	at ptolemy.actor.Director.initialize(Director.java:907)
	at ptolemy.actor.sched.StaticSchedulingDirector.initialize(StaticSchedulingDirector.java:159)
	at ptolemy.domains.sdf.kernel.SDFDirector.initialize(SDFDirector.java:544)
	at ptolemy.actor.CompositeActor.initialize(CompositeActor.java:935)
	at ptolemy.actor.Manager.initialize(Manager.java:724)
	at ptolemy.actor.Manager.execute(Manager.java:356)
	at ptolemy.actor.Manager.run(Manager.java:1263)
	at ptolemy.actor.Manager$PtolemyRunThread.run(Manager.java:1915)
]]></system-err>
</testsuite>
