<?xml version="1.0" encoding="UTF-8" ?>
<testsuite errors="0" failures="0" hostname="travis-job-004346f1-5639-4bc5-9d20-7a9e63df54fd" name="ptolemy.domains.de.test.junit.JUnitTclTest" skipped="0" tests="101" time="124.484" timestamp="2020-03-14T07:12:25">
  <properties>
    <property name="npm.executable" value="npm" />
    <property name="env.TRAVIS_ROOT" value="/" />
    <property name="ptII.mk.exists" value="true" />
    <property name="env.TRAVIS_APP_HOST" value="build.travis-ci.org" />
    <property name="env.rvm_bin_path" value="/home/travis/.rvm/bin" />
    <property name="java.home" value="/usr/local/lib/jvm/openjdk11" />
    <property name="env.TRAVIS_JOB_NUMBER" value="1569.9" />
    <property name="env.TRAVIS_HOME" value="/home/travis" />
    <property name="env.DISPLAY" value=":99.0" />
    <property name="env.TRAVIS_INIT" value="systemd" />
    <property name="env.SSH_TTY" value="/dev/pts/0" />
    <property name="java.net.preferIPv4Stack" value="true" />
    <property name="env.RUN_TESTS" value="true" />
    <property name="timeout.short" value="1000000" />
    <property name="junit.formatter" value="xml" />
    <property name="env.TRAVIS_SUDO" value="true" />
    <property name="env.TRAVIS_JOB_NAME" value="" />
    <property name="env.TRAVIS_STACK_NODE_ATTRIBUTES" value="/.node-attributes.yml" />
    <property name="env.LOGNAME" value="travis" />
    <property name="jsdoc.home" value="node_modules/@terraswarm/jsdoc" />
    <property name="debuglevel" value="source,lines,vars" />
    <property name="checkstyle.formatter" value="xml" />
    <property name="env._system_version" value="16.04" />
    <property name="bin.vergil.makeable" value="true" />
    <property name="sun.os.patch.level" value="unknown" />
    <property name="java.vendor.url" value="http://java.oracle.com/" />
    <property name="env.TRAVIS_BUILD_WEB_URL" value="https://travis-ci.org/icyphy/ptII/builds/662307460" />
    <property name="java.version" value="11.0.2" />
    <property name="env.TZ" value="UTC" />
    <property name="env.TRAVIS_PULL_REQUEST_SHA" value="" />
    <property name="env.PT_NO_NET" value="true" />
    <property name="env.TRAVIS_SECURE_ENV_VARS" value="true" />
    <property name="env._system_type" value="Linux" />
    <property name="java.vendor.url.bug" value="http://bugreport.java.com/bugreport/" />
    <property name="npmjs-org-is-up" value="true" />
    <property name="env.LANGUAGE" value="en_US.UTF-8" />
    <property name="env.SSH_CLIENT" value="10.44.1.108 49288 22" />
    <property name="env.GEM_HOME" value="/home/travis/.rvm/gems/ruby-2.5.3" />
    <property name="env.HAS_ANTARES_THREE_LITTLE_FRONZIES_BADGE" value="true" />
    <property name="java.version.date" value="2019-01-15" />
    <property name="env.PS4" value="+" />
    <property name="ant.project.invoked-targets" value="build,test.core2.xml" />
    <property name="env.TRAVIS_PULL_REQUEST_BRANCH" value="" />
    <property name="env.TRAVIS_REPO_SLUG" value="icyphy/ptII" />
    <property name="env.XDG_DATA_DIRS" value="/usr/local/share:/usr/share:/var/lib/snapd/desktop" />
    <property name="jdk.debug" value="release" />
    <property name="env.TRAVIS_APT_PROXY" value="http://build-cache.travisci.net" />
    <property name="env.TRAVIS_CPU_ARCH" value="amd64" />
    <property name="node.in.path" value="true" />
    <property name="user.name" value="travis" />
    <property name="java.maxmemory" value="1400m" />
    <property name="env.RUBY_VERSION" value="ruby-2.5.3" />
    <property name="env.LANG" value="en_US.UTF-8" />
    <property name="sun.io.unicode.encoding" value="UnicodeLittle" />
    <property name="sun.jnu.encoding" value="UTF-8" />
    <property name="java.runtime.name" value="OpenJDK Runtime Environment" />
    <property name="usefile" value="false" />
    <property name="return.code" value="0" />
    <property name="junit.single.formatter" value="plain" />
    <property name="env.DYLD_LIBRARY_PATH" value="/home/travis/pthla/certi-tools/lib:" />
    <property name="env.DEBIAN_FRONTEND" value="noninteractive" />
    <property name="env.SSH_CONNECTION" value="10.44.1.108 49288 10.20.0.105 22" />
    <property name="env.MYSQL_UNIX_PORT" value="/var/run/mysqld/mysqld.sock" />
    <property name="env.LC_ALL" value="en_US.UTF-8" />
    <property name="env.TRAVIS_ALLOW_FAILURE" value="false" />
    <property name="env.TRAVIS_JOB_WEB_URL" value="https://travis-ci.org/icyphy/ptII/jobs/662307469" />
    <property name="java.specification.name" value="Java Platform API Specification" />
    <property name="node.works" value="true" />
    <property name="user.timezone" value="" />
    <property name="path.separator" value=":" />
    <property name="env.TRAVIS_ENABLE_INFRA_DETECTION" value="true" />
    <property name="env.PYTHON_CFLAGS" value="-g -fstack-protector --param=ssp-buffer-size=4 -Wformat -Werror=format-security" />
    <property name="timeout.long" value="4000000" />
    <property name="env.CERTI_HOME" value="/home/travis/pthla/certi-tools" />
    <property name="ant.file.ptII" value="/home/travis/build/icyphy/ptII/build.xml" />
    <property name="javadoc.packagenames" value="com.*,diva.*,lbnl.*,org.hlacerti.*,org.json.*,org.ptolemy.*,org.terraswarm.*,ptolemy.*,ptserver.*" />
    <property name="file.encoding" value="UTF-8" />
    <property name="env.TRAVIS_PULL_REQUEST_SLUG" value="" />
    <property name="ant.project.default-target" value="build" />
    <property name="env.GIT_ASKPASS" value="echo" />
    <property name="env.HOME" value="/home/travis" />
    <property name="sun.java.command" value="org.apache.tools.ant.taskdefs.optional.junit.JUnitTestRunner ptolemy.domains.de.test.junit.JUnitTclTest skipNonTests=false filtertrace=true haltOnError=false haltOnFailure=false formatter=org.apache.tools.ant.taskdefs.optional.junit.OutErrSummaryJUnitResultFormatter showoutput=true outputtoformatters=true logfailedtests=true threadid=0 logtestlistenerevents=false formatter=org.apache.tools.ant.taskdefs.optional.junit.XMLJUnitResultFormatter,/home/travis/build/icyphy/ptII/reports/junit/TEST-ptolemy.domains.de.test.junit.JUnitTclTest.xml crashfile=/home/travis/build/icyphy/ptII/junitvmwatcher9015450740285840113.properties propsfile=/home/travis/build/icyphy/ptII/junit9618546921061434253.properties" />
    <property name="env.COMPOSER_NO_INTERACTION" value="1" />
    <property name="env.MANPATH" value="/home/travis/.nvm/versions/node/v7.10.1/share/man:/home/travis/.rvm/rubies/ruby-2.5.3/share/man:/usr/local/cmake-3.12.4/man:/usr/local/clang-7.0.0/share/man:/usr/local/man:/usr/local/share/man:/usr/share/man:/home/travis/.rvm/man" />
    <property name="env.TRAVIS_TIMER_ID" value="0ee4c970" />
    <property name="ant.file" value="/home/travis/build/icyphy/ptII/build.xml" />
    <property name="env.TRAVIS_COMMIT_RANGE" value="b0b7595e7e282c72b49bdde78eb77cb938632839...3e950cfe0f3c004454147d0a7dfedd7f8d8e77cc" />
    <property name="env._system_name" value="Ubuntu" />
    <property name="ptII.classpath.optional.property" value="/home/travis/build/icyphy/ptII/lib/bsh-2.0b4.jar:/home/travis/build/icyphy/ptII/lib/ptCal.jar:/home/travis/build/icyphy/ptII/lib/java_cup.jar:/home/travis/build/icyphy/ptII/lib/saxon8.jar:/home/travis/build/icyphy/ptII/lib/saxon8-dom.jar:/home/travis/build/icyphy/ptII/lib/chic.jar:/home/travis/build/icyphy/ptII/lib/ptcolt.jar:/home/travis/build/icyphy/ptII/vendors/misc/itext/iText.jar:/home/travis/build/icyphy/ptII/lib/g4ltl.jar:/home/travis/build/icyphy/ptII/lib/StructuralCoder.jar:/home/travis/build/icyphy/ptII/lib/jcerti.jar:/home/travis/build/icyphy/ptII/lib/javax.mail.jar:/home/travis/build/icyphy/ptII/vendors/JMF-2.1.1e/lib/jmf.jar:/home/travis/build/icyphy/ptII/lib/jna-4.0.0-variadic.jar:/home/travis/build/icyphy/ptII/vendors/misc/joystick/Joystick.jar:/home/travis/build/icyphy/ptII/lib/ptjacl.jar:/home/travis/build/icyphy/ptII/lib/jsoup-1.8.2.jar:/home/travis/build/icyphy/ptII/lib/junit-4.8.2.jar:/home/travis/build/icyphy/ptII/lib/JUnitParams-0.4.0.jar:/home/travis/build/icyphy/ptII/ptolemy/actor/lib/excel/jxl.jar:/home/travis/build/icyphy/ptII/lib/jython.jar:/home/travis/build/icyphy/ptII/lib/kieler.jar:/home/travis/build/icyphy/ptII/vendors/opencv/share/OpenCV/java/opencv-341.jar:/home/travis/build/icyphy/ptII/lib/oscP5.jar:/home/travis/build/icyphy/ptII/lib/nrjavaserial-3.11.0.devel.jar:/home/travis/build/icyphy/ptII/vendors/j3d/lib/Linux/j3dcore.jar:/home/travis/build/icyphy/ptII/vendors/j3d/lib/Linux/j3dutils.jar:/home/travis/build/icyphy/ptII/vendors/j3d/lib/Linux/vecmath.jar:/home/travis/build/icyphy/ptII/vendors/jogl/lib/Linux/gluegen-rt-natives-linux-amd64.jar:/home/travis/build/icyphy/ptII/vendors/jogl/lib/Linux/gluegen-rt.jar:/home/travis/build/icyphy/ptII/vendors/jogl/lib/Linux/jogl-all-natives-linux-amd64.jar:/home/travis/build/icyphy/ptII/vendors/jogl/lib/Linux/jogl-all.jar:/home/travis/build/icyphy/ptII/ptolemy/distributed/jini/jar/jini-core.jar:/home/travis/build/icyphy/ptII/ptolemy/distributed/jini/jar/jini-ext.jar:/home/travis/build/icyphy/ptII/ptolemy/distributed/jini/jar/sun-util.jar:/home/travis/build/icyphy/ptII/lib/protobuf-java-2.4.1.jar:/home/travis/build/icyphy/ptII/lib/org.eclipse.paho.client.mqttv3.jar:/home/travis/build/icyphy/ptII/lib/mapss.jar:/home/travis/build/icyphy/ptII/ptolemy/actor/ptalon/antlr/antlr.jar:/home/travis/build/icyphy/ptII/lib/JRI.jar:/home/travis/build/icyphy/ptII/lib/commons-lang-2.6.jar:/home/travis/build/icyphy/ptII/lib/commons-logging-1.1.1.jar:/home/travis/build/icyphy/ptII/lib/sootclasses.jar:/home/travis/build/icyphy/ptII/ptolemy/actor/lib/database/mysql-connector-java-5.1.6-bin.jar:/home/travis/build/icyphy/ptII/vendors/misc/sphinx4/sphinx4-data-5prealpha.jar:/home/travis/build/icyphy/ptII/vendors/misc/sphinx4/sphinx4-core-5prealpha.jar:/home/travis/build/icyphy/ptII/lib/PDFRenderer.jar:/home/travis/build/icyphy/ptII/lib/svgSalamander.jar:/home/travis/build/icyphy/ptII/lib/rsyntaxtextarea-2.6.0-SNAPSHOT.jar:/home/travis/build/icyphy/ptII/lib/hazelcast-3.8.2.jar:/home/travis/build/icyphy/ptII/lib/jackson-annotations-2.9.0.jar:/home/travis/build/icyphy/ptII/lib/jackson-core-2.9.3.jar:/home/travis/build/icyphy/ptII/lib/jackson-databind-2.9.3.jar:/home/travis/build/icyphy/ptII/lib/netty-buffer-4.1.19.Final.jar:/home/travis/build/icyphy/ptII/lib/netty-codec-4.1.19.Final.jar:/home/travis/build/icyphy/ptII/lib/netty-codec-dns-4.1.19.Final.jar:/home/travis/build/icyphy/ptII/lib/netty-codec-http-4.1.19.Final.jar:/home/travis/build/icyphy/ptII/lib/netty-codec-http2-4.1.19.Final.jar:/home/travis/build/icyphy/ptII/lib/netty-common-4.1.19.Final.jar:/home/travis/build/icyphy/ptII/lib/netty-handler-4.1.19.Final.jar:/home/travis/build/icyphy/ptII/lib/netty-resolver-4.1.19.Final.jar:/home/travis/build/icyphy/ptII/lib/netty-resolver-dns-4.1.19.Final.jar:/home/travis/build/icyphy/ptII/lib/netty-transport-4.1.19.Final.jar:/home/travis/build/icyphy/ptII/lib/vertx-codegen-3.5.1.jar:/home/travis/build/icyphy/ptII/lib/vertx-core-3.5.2-SNAPSHOT.jar:/home/travis/build/icyphy/ptII/lib/vertx-hazelcast-3.5.1.jar:/home/travis/build/icyphy/ptII/lib/vertx-lang-js-3.5.1.jar:/home/travis/build/icyphy/ptII/lib/vertx-service-proxy-3.5.1.jar:/home/travis/build/icyphy/ptII/lib/vertx-web-3.5.1.jar:/home/travis/build/icyphy/ptII/lib/slf4j-api-1.7.13.jar:/home/travis/build/icyphy/ptII/lib/slf4j-simple-1.7.13.jar:/home/travis/build/icyphy/ptII/lib/webcam-capture-0.3.12.jar:/home/travis/build/icyphy/ptII/lib/bridj-0.7.0.jar:/home/travis/build/icyphy/ptII/lib/xbjlib-1.1.0.nrjavaserial.jar" />
    <property name="timeout" value="2400000" />
    <property name="test.batch" value="**/junit/*.java" />
    <property name="env._" value="/usr/bin/timeout" />
    <property name="java.io.tmpdir" value="/tmp" />
    <property name="user.language" value="en" />
    <property name="env.TRAVIS_INTERNAL_RUBY_REGEX" value="^ruby-(2\.[0-4]\.[0-9]|1\.9\.3)" />
    <property name="env.HISTCONTROL" value="ignoredups:ignorespace" />
    <property name="env.GOROOT" value="/home/travis/.gimme/versions/go1.11.1.linux.amd64" />
    <property name="line.separator" value="&#xa;" />
    <property name="target" value="11" />
    <property name="env.TRAVIS_BUILD_DIR" value="/home/travis/build/icyphy/ptII" />
    <property name="env.ANT_OPTS" value="-Xmx2048m" />
    <property name="ant.file.type" value="file" />
    <property name="ptolemy.ptII.batchMode" value="true" />
    <property name="env.HISTSIZE" value="1000" />
    <property name="env.MERB_ENV" value="test" />
    <property name="java.vm.info" value="mixed mode" />
    <property name="source" value="11" />
    <property name="java.vm.specification.name" value="Java Virtual Machine Specification" />
    <property name="env.TRAVIS_TEST_RESULT" value="0" />
    <property name="jsdoc.command" value="node_modules/@terraswarm/jsdoc/jsdoc.js" />
    <property name="npm.works" value="true" />
    <property name="cobertura.dir" value="/home/travis/build/icyphy/ptII/vendors/cobertura-2.0.3" />
    <property name="jsdoc.command.exists" value="true" />
    <property name="env.rvm_path" value="/home/travis/.rvm" />
    <property name="env.GEM_PATH" value="/home/travis/.rvm/gems/ruby-2.5.3:/home/travis/.rvm/gems/ruby-2.5.3@global" />
    <property name="env.LC_CTYPE" value="en_US.UTF-8" />
    <property name="env.TRAVIS_CMD" value="$PTII/bin/ptIITravisBuild.sh $SECONDS" />
    <property name="java.awt.printerjob" value="sun.print.PSPrinterJob" />
    <property name="env.TRAVIS_STACK_NAME" value="sardonyx" />
    <property name="env.TRAVIS_TIMER_START_TIME" value="1584169715798862109" />
    <property name="ant.version" value="Apache Ant(TM) version 1.10.1 compiled on February 2 2017" />
    <property name="ptII.reports" value="/home/travis/build/icyphy/ptII/reports" />
    <property name="env.TRAVIS_STACK_TIMESTAMP" value="2019-03-25 16:16:56 UTC" />
    <property name="ant.file.type.ptII" value="file" />
    <property name="env.RBENV_SHELL" value="bash" />
    <property name="os.name" value="Linux" />
    <property name="java.specification.vendor" value="Oracle Corporation" />
    <property name="env.rvm_version" value="1.29.7 (latest)" />
    <property name="env.TRAVIS_INFRA" value="unknown" />
    <property name="env.TERM" value="xterm" />
    <property name="java.vm.name" value="OpenJDK 64-Bit Server VM" />
    <property name="env.TRAVIS_BUILD_NUMBER" value="1569" />
    <property name="env.CI" value="true" />
    <property name="java.library.path" value="/home/travis/pthla/certi-tools/lib:/usr/lib/jni:/usr/local/share/OpenCV/java/:/usr/share/OpenCV/java::/usr/java/packages/lib:/usr/lib64:/lib64:/lib:/usr/lib" />
    <property name="jdk.module.path" value="/home/travis/build/icyphy/ptII/vendors/javafx/javafx-sdk-11.0.2/lib:" />
    <property name="env.rvm_prefix" value="/home/travis" />
    <property name="env.PATH" value="/home/travis/pthla/certi-tools/share/scripts:/home/travis/.rvm/gems/ruby-2.5.3/bin:/home/travis/.rvm/gems/ruby-2.5.3@global/bin:/home/travis/.rvm/rubies/ruby-2.5.3/bin:/home/travis/.rvm/bin:/home/travis/.nvm/versions/node/v7.10.1/bin:./node_modules/.bin:/home/travis/build/icyphy/ptII/bin:/home/travis/pthla/certi-tools/bin:/home/travis/bin:/home/travis/.local/bin:/usr/local/lib/jvm/openjdk11/bin:/opt/pyenv/shims:/home/travis/.phpenv/shims:/home/travis/perl5/perlbrew/bin:/home/travis/gopath/bin:/home/travis/.gimme/versions/go1.11.1.linux.amd64/bin:/usr/local/maven-3.6.0/bin:/usr/local/cmake-3.12.4/bin:/usr/local/clang-7.0.0/bin:/usr/local/sbin:/usr/local/bin:/usr/sbin:/usr/bin:/sbin:/bin:/snap/bin:/home/travis/.phpenv/bin:/opt/pyenv/bin:/home/travis/.yarn/bin" />
    <property name="env.TRAVIS_OS_NAME" value="linux" />
    <property name="ant.java.version" value="9" />
    <property name="basedir" value="/home/travis/build/icyphy/ptII" />
    <property name="java.class.version" value="55.0" />
    <property name="env.SHLVL" value="3" />
    <property name="env.LD_LIBRARY_PATH" value="/home/travis/pthla/certi-tools/lib:/usr/lib/jni:/usr/local/share/OpenCV/java/:/usr/share/OpenCV/java:" />
    <property name="env.RACK_ENV" value="test" />
    <property name="ant.home" value="/home/travis/build/icyphy/ptII/ant" />
    <property name="env.NVM_DIR" value="/home/travis/.nvm" />
    <property name="env.CERTI_FOM_PATH" value="/home/travis/pthla/certi-tools/share/federations" />
    <property name="env.TRAVIS_BUILD_ID" value="662307460" />
    <property name="env.PYENV_ROOT" value="/opt/pyenv" />
    <property name="env.TRAVIS_UID" value="2000" />
    <property name="prism.verbose" value="true" />
    <property name="env.NVM_BIN" value="/home/travis/.nvm/versions/node/v7.10.1/bin" />
    <property name="env.TRAVIS_COMMIT" value="3e950cfe0f3c004454147d0a7dfedd7f8d8e77cc" />
    <property name="env._system_arch" value="x86_64" />
    <property name="node.executable" value="node" />
    <property name="sun.boot.library.path" value="/usr/local/lib/jvm/openjdk11/lib" />
    <property name="sun.management.compiler" value="HotSpot 64-Bit Tiered Compilers" />
    <property name="java.awt.graphicsenv" value="sun.awt.X11GraphicsEnvironment" />
    <property name="env.GOPATH" value="/home/travis/gopath" />
    <property name="ptolemy.ptII.dir" value="/home/travis/build/icyphy/ptII" />
    <property name="env.USER" value="travis" />
    <property name="env.HISTFILESIZE" value="2000" />
    <property name="env.NVM_INC" value="/home/travis/.nvm/versions/node/v7.10.1/include/node" />
    <property name="timeout.longest" value="19000000" />
    <property name="env.PERLBREW_SHELLRC_VERSION" value="0.86" />
    <property name="env.TRAVIS_STACK_FEATURES" value="basic couchdb disabled-ipv6 docker docker-compose elasticsearch firefox go-toolchain google-chrome jdk memcached mongodb mysql nodejs_interpreter perl_interpreter perlbrew phantomjs postgresql python_interpreter redis ruby_interpreter sqlite xserver" />
    <property name="env.TRAVIS_PULL_REQUEST" value="false" />
    <property name="env.PYENV_SHELL" value="bash" />
    <property name="ant.project.name" value="ptII" />
    <property name="env.ANSI_RESET" value="\033[0m" />
    <property name="java.vm.specification.version" value="11" />
    <property name="env.TRAVIS_DIST" value="xenial" />
    <property name="env.CERTI_VERSION" value="4.0.0" />
    <property name="env.CERTI_HOST" value="localhost" />
    <property name="awt.toolkit" value="sun.awt.X11.XToolkit" />
    <property name="env.MY_RUBY_HOME" value="/home/travis/.rvm/rubies/ruby-2.5.3" />
    <property name="sun.cpu.isalist" value="" />
    <property name="env.CASHER_TIME_OUT" value="3" />
    <property name="env.TRAVIS_TMPDIR" value="/tmp/tmp.6eJNLMNZIZ" />
    <property name="java.vm.compressedOopsMode" value="Zero based" />
    <property name="os.version" value="4.15.0-1028-gcp" />
    <property name="user.home" value="/home/travis" />
    <property name="java.vm.vendor" value="Oracle Corporation" />
    <property name="env.TRAVIS_TAG" value="nightly" />
    <property name="env.ANSI_YELLOW" value="\033[33;1m" />
    <property name="env.TRAVIS_FILTERED" value="redirect_io" />
    <property name="env.ANSI_GREEN" value="\033[32;1m" />
    <property name="env.JAVA_HOME" value="/usr/local/lib/jvm/openjdk11" />
    <property name="javadoc.excludepackagenames" value="adm.cvs2svn.*,build.*,config.*,doc.coding.templates.*,jni.test.jni.meaningOfLife.*,jni.test.jni.testDeux.*,jni.test.jni.testTrois.*,org.terraswarm.accessor.accessors.web.node_modules.*,org.terraswarm.accessor.accessors.web.hosts.cordova.demo.*,org.terraswarm.accessor.accessors.web.hosts.cordova.plugins.*,org.terraswarm.accessor.accessors-svn.*,pt-modules.*,ptolemy.apps.agilent.*,ptolemy.apps.anytimecontrol.*,ptolemy.apps.apes.*,ptolemy.apps.charon.*,ptolemy.apps.crazyboard.*,ptolemy.apps.eclipse.*,ptolemy.apps.etherealSting.*,ptolemy.apps.fullscreen.*,ptolemy.apps.giotto.*,ptolemy.apps.ia.*,ptolemy.apps.interfaces.*,ptolemy.apps.jmf.*,ptolemy.apps.kurt.*,ptolemy.apps.kvm.*,ptolemy.apps.lego.*,ptolemy.apps.lejos.*,ptolemy.apps.midp.*,ptolemy.apps.mobileCoding.*,ptolemy.apps.pendulum.*,ptolemy.apps.rijndael.*,ptolemy.apps.robot.*,ptolemy.apps.security.*,ptolemy.apps.sobel.*,ptolemy.apps.soot.*,ptolemy.apps.throttle.*,ptolemy.apps.tini.*,ptolemy.apps.transmission.*,ptolemy.apps.vergil.*,ptolemy.apps.waba.*,ptolemy.apps.websensor.*,ptolemy.apps.webstart.*,ptolemy.apps.xsl.*,ptolemy.apps.zaurus.*,ptolemy.codegen.c.actor.lib.oldJavaFiles.*,ptolemy.codegen.dsp.lib.*,ptolemy.codegen.kernel.newInterfaces.*,ptolemy.codegen.lib.*,ptolemy.copernicus.kernel.fragment.*,ptolemy.copernicus.shallow.cg.*,ptolemy.domains.giotto.demo.Hierarchy.Hierarchy.*,ptolemy.domains.giotto.demo.Multimode.Multimode.*,ptolemy.domains.giotto.demo.Simple.Simple.*,ptolemy.domains.gr.lib.experimental.*,ptolemy.domains.gro.*,ptolemy.domains.pdf.*,ptolemy.domains.ptinyos.demo.Surge.output.*,ptolemy.moml.test.NoPackageActor.java*,ptolemy.plot.adm.*,ptolemy.plot.servlet.*,reports.*,signed.*,src.*,target.*,vendors.*,ptolemy.copernicus.applet.*,ptolemy.media.viewer.*,ptolemy.actor.corba.*,doc.doclets.*,ptolemy.apps.eclipse.awt.*,ptolemy.backtrack.*,ptolemy.backtrack.ast.*,ptolemy.cg.adapter.generic.program.procedural.c.mbed*,ptolemy.homer.*,ptolemy.actor.lib.jai.*,org.ptolemy.scala.*,diva.util.java2d.svg.*,ptolemy.domains.ptinyos.*,ptolemy.actor.lib.fmi.fmipp.*,,org.terraswarm.accessor.accessors.web.node_modules.*,org.terraswarm.accessor.accessors-svn,ptolemy.apps.*,ptolemy.actor.ptalon.demo.ptinyos.SendAndReceiveCnt.output,ptolemy.actor.ptalon.demo.ptinyos.SenseToLeds.output,ptolemy.domains.ptinyos.demo.CntToLedsAndRfm.output,ptolemy.domains.ptinyos.demo.RfmToLeds.output,ptolemy.domains.ptinyos.demo.SendAndReceiveCnt.output,ptolemy.domains.ptinyos.demo.SenseToLeds.output,ptolemy.actor.lib.jjs.modules.udpSocket.*" />
    <property name="env.PTII" value="/home/travis/build/icyphy/ptII" />
    <property name="env.XDG_SESSION_ID" value="2" />
    <property name="keystore" value="ptKeystore" />
    <property name="env.TRAVIS_COMMIT_MESSAGE" value="Removing useless files." />
    <property name="junit.output.dir" value="/home/travis/build/icyphy/ptII/reports/junit" />
    <property name="npm.return.code" value="0" />
    <property name="user.dir" value="/home/travis/build/icyphy/ptII/ptolemy/domains/de/test" />
    <property name="env.TRAVIS_NODE_VERSION" value="7" />
    <property name="env.TRAVIS_EVENT_TYPE" value="cron" />
    <property name="env.MAIL" value="/var/mail/travis" />
    <property name="env.PERLBREW_ROOT" value="/home/travis/perl5/perlbrew" />
    <property name="env.PWD" value="/home/travis/build/icyphy/ptII" />
    <property name="timeout.npm" value="45000" />
    <property name="env.PT_TRAVIS_TEST_CORE2_XML" value="true" />
    <property name="env.TRAVIS_ARCH" value="amd64" />
    <property name="sun.cpu.endian" value="little" />
    <property name="env.PAGER" value="cat" />
    <property name="env.TRAVIS_BUILD_STAGE_NAME" value="Test" />
    <property name="env.PERLBREW_HOME" value="/home/travis/.perlbrew" />
    <property name="java.vm.version" value="11.0.2+9" />
    <property name="env.RAILS_ENV" value="test" />
    <property name="java.class.path" value="/home/travis/build/icyphy/ptII:/home/travis/build/icyphy/ptII/lib/bsh-2.0b4.jar:/home/travis/build/icyphy/ptII/lib/ptCal.jar:/home/travis/build/icyphy/ptII/lib/java_cup.jar:/home/travis/build/icyphy/ptII/lib/saxon8.jar:/home/travis/build/icyphy/ptII/lib/saxon8-dom.jar:/home/travis/build/icyphy/ptII/lib/chic.jar:/home/travis/build/icyphy/ptII/lib/ptcolt.jar:/home/travis/build/icyphy/ptII/vendors/misc/itext/iText.jar:/home/travis/build/icyphy/ptII/lib/g4ltl.jar:/home/travis/build/icyphy/ptII/lib/StructuralCoder.jar:/home/travis/build/icyphy/ptII/lib/jcerti.jar:/home/travis/build/icyphy/ptII/lib/javax.mail.jar:/home/travis/build/icyphy/ptII/vendors/JMF-2.1.1e/lib/jmf.jar:/home/travis/build/icyphy/ptII/lib/jna-4.0.0-variadic.jar:/home/travis/build/icyphy/ptII/vendors/misc/joystick/Joystick.jar:/home/travis/build/icyphy/ptII/lib/ptjacl.jar:/home/travis/build/icyphy/ptII/lib/jsoup-1.8.2.jar:/home/travis/build/icyphy/ptII/lib/junit-4.8.2.jar:/home/travis/build/icyphy/ptII/lib/JUnitParams-0.4.0.jar:/home/travis/build/icyphy/ptII/ptolemy/actor/lib/excel/jxl.jar:/home/travis/build/icyphy/ptII/lib/jython.jar:/home/travis/build/icyphy/ptII/lib/kieler.jar:/home/travis/build/icyphy/ptII/vendors/opencv/share/OpenCV/java/opencv-341.jar:/home/travis/build/icyphy/ptII/lib/oscP5.jar:/home/travis/build/icyphy/ptII/lib/nrjavaserial-3.11.0.devel.jar:/home/travis/build/icyphy/ptII/vendors/j3d/lib/Linux/j3dcore.jar:/home/travis/build/icyphy/ptII/vendors/j3d/lib/Linux/j3dutils.jar:/home/travis/build/icyphy/ptII/vendors/j3d/lib/Linux/vecmath.jar:/home/travis/build/icyphy/ptII/vendors/jogl/lib/Linux/gluegen-rt-natives-linux-amd64.jar:/home/travis/build/icyphy/ptII/vendors/jogl/lib/Linux/gluegen-rt.jar:/home/travis/build/icyphy/ptII/vendors/jogl/lib/Linux/jogl-all-natives-linux-amd64.jar:/home/travis/build/icyphy/ptII/vendors/jogl/lib/Linux/jogl-all.jar:/home/travis/build/icyphy/ptII/ptolemy/distributed/jini/jar/jini-core.jar:/home/travis/build/icyphy/ptII/ptolemy/distributed/jini/jar/jini-ext.jar:/home/travis/build/icyphy/ptII/ptolemy/distributed/jini/jar/sun-util.jar:/home/travis/build/icyphy/ptII/lib/protobuf-java-2.4.1.jar:/home/travis/build/icyphy/ptII/lib/org.eclipse.paho.client.mqttv3.jar:/home/travis/build/icyphy/ptII/lib/mapss.jar:/home/travis/build/icyphy/ptII/ptolemy/actor/ptalon/antlr/antlr.jar:/home/travis/build/icyphy/ptII/lib/JRI.jar:/home/travis/build/icyphy/ptII/lib/commons-lang-2.6.jar:/home/travis/build/icyphy/ptII/lib/commons-logging-1.1.1.jar:/home/travis/build/icyphy/ptII/lib/sootclasses.jar:/home/travis/build/icyphy/ptII/ptolemy/actor/lib/database/mysql-connector-java-5.1.6-bin.jar:/home/travis/build/icyphy/ptII/vendors/misc/sphinx4/sphinx4-data-5prealpha.jar:/home/travis/build/icyphy/ptII/vendors/misc/sphinx4/sphinx4-core-5prealpha.jar:/home/travis/build/icyphy/ptII/lib/PDFRenderer.jar:/home/travis/build/icyphy/ptII/lib/svgSalamander.jar:/home/travis/build/icyphy/ptII/lib/rsyntaxtextarea-2.6.0-SNAPSHOT.jar:/home/travis/build/icyphy/ptII/lib/hazelcast-3.8.2.jar:/home/travis/build/icyphy/ptII/lib/jackson-annotations-2.9.0.jar:/home/travis/build/icyphy/ptII/lib/jackson-core-2.9.3.jar:/home/travis/build/icyphy/ptII/lib/jackson-databind-2.9.3.jar:/home/travis/build/icyphy/ptII/lib/netty-buffer-4.1.19.Final.jar:/home/travis/build/icyphy/ptII/lib/netty-codec-4.1.19.Final.jar:/home/travis/build/icyphy/ptII/lib/netty-codec-dns-4.1.19.Final.jar:/home/travis/build/icyphy/ptII/lib/netty-codec-http-4.1.19.Final.jar:/home/travis/build/icyphy/ptII/lib/netty-codec-http2-4.1.19.Final.jar:/home/travis/build/icyphy/ptII/lib/netty-common-4.1.19.Final.jar:/home/travis/build/icyphy/ptII/lib/netty-handler-4.1.19.Final.jar:/home/travis/build/icyphy/ptII/lib/netty-resolver-4.1.19.Final.jar:/home/travis/build/icyphy/ptII/lib/netty-resolver-dns-4.1.19.Final.jar:/home/travis/build/icyphy/ptII/lib/netty-transport-4.1.19.Final.jar:/home/travis/build/icyphy/ptII/lib/vertx-codegen-3.5.1.jar:/home/travis/build/icyphy/ptII/lib/vertx-core-3.5.2-SNAPSHOT.jar:/home/travis/build/icyphy/ptII/lib/vertx-hazelcast-3.5.1.jar:/home/travis/build/icyphy/ptII/lib/vertx-lang-js-3.5.1.jar:/home/travis/build/icyphy/ptII/lib/vertx-service-proxy-3.5.1.jar:/home/travis/build/icyphy/ptII/lib/vertx-web-3.5.1.jar:/home/travis/build/icyphy/ptII/lib/slf4j-api-1.7.13.jar:/home/travis/build/icyphy/ptII/lib/slf4j-simple-1.7.13.jar:/home/travis/build/icyphy/ptII/lib/webcam-capture-0.3.12.jar:/home/travis/build/icyphy/ptII/lib/bridj-0.7.0.jar:/home/travis/build/icyphy/ptII/lib/xbjlib-1.1.0.nrjavaserial.jar:/home/travis/build/icyphy/ptII/ptolemy/moml/test:/home/travis/build/icyphy/ptII/ant/lib/ant-launcher.jar:/home/travis/build/icyphy/ptII/ant/lib/ant.jar:/home/travis/build/icyphy/ptII/ant/lib/ant-junit.jar:/home/travis/build/icyphy/ptII/ant/lib/ant-junit4.jar" />
    <property name="ant.library.dir" value="/home/travis/build/icyphy/ptII/ant/lib" />
    <property name="os.arch" value="amd64" />
    <property name="env.CONTINUOUS_INTEGRATION" value="true" />
    <property name="env.TRAVIS_LANGUAGE" value="node_js" />
    <property name="env.TRAVIS_STACK_LANGUAGES" value="__sardonyx__ c c++ clojure cplusplus cpp default generic go groovy java node_js php pure_java python ruby scala" />
    <property name="test.name" value="ptolemy.actor.lib.test.junit.JUnitTclTest" />
    <property name="env.APT_KEY_DONT_WARN_ON_DANGEROUS_USAGE" value="1" />
    <property name="sun.java.launcher" value="SUN_STANDARD" />
    <property name="env.PYTHON_CONFIGURE_OPTS" value="--enable-unicode=ucs4 --with-wide-unicode --enable-shared --enable-ipv6 --enable-loadable-sqlite-extensions --with-computed-gotos" />
    <property name="ant.core.lib" value="/home/travis/build/icyphy/ptII/ant/lib/ant.jar" />
    <property name="java.vm.specification.vendor" value="Oracle Corporation" />
    <property name="env.BCVTB_HOME" value="/home/travis/build/icyphy/ptII/lbnl" />
    <property name="file.separator" value="/" />
    <property name="spotbugs.home" value="/home/travis/build/icyphy/ptII/vendors/spotbugs-3.1.1" />
    <property name="java.runtime.version" value="11.0.2+9" />
    <property name="env.ANSI_CLEAR" value="\033[0K" />
    <property name="javafx.verbose" value="true" />
    <property name="env.HAS_JOSH_K_SEAL_OF_APPROVAL" value="true" />
    <property name="env.XDG_RUNTIME_DIR" value="/run/user/2000" />
    <property name="env.TRAVIS_OSX_IMAGE" value="" />
    <property name="env.TRAVIS_JOB_ID" value="662307469" />
    <property name="env.TRAVIS_BRANCH" value="master" />
    <property name="user.country" value="US" />
    <property name="env.CERTI_HOME_TRAVIS" value="/home/travis/pthla/certi-tools" />
    <property name="env.SHELL" value="/bin/bash" />
    <property name="java.maxmemory.large" value="3200m" />
    <property name="model" value="" />
    <property name="env.CASHER_DIR" value="/home/travis/.casher" />
    <property name="env.NVM_CD_FLAGS" value="" />
    <property name="java.vendor.version" value="18.9" />
    <property name="jshint.executable" value="/home/travis/node_modules/jshint/bin/jshint" />
    <property name="env.JRUBY_OPTS" value=" --client -J-XX:+TieredCompilation -J-XX:TieredStopAtLevel=1 -J-Xss2m -Xcompile.invokedynamic=false" />
    <property name="java.vendor" value="Oracle Corporation" />
    <property name="env.TRAVIS_PRE_CHEF_BOOTSTRAP_TIME" value="2019-03-25T16:16:42" />
    <property name="env.TRAVIS_STACK_JOB_BOARD_REGISTER" value="/.job-board-register.yml" />
    <property name="env.ANSI_RED" value="\033[31;1m" />
    <property name="java.specification.version" value="11" />
    <property name="env.IRBRC" value="/home/travis/.rvm/rubies/ruby-2.5.3/.irbrc" />
    <property name="env.TRAVIS" value="true" />
    <property name="sun.arch.data.model" value="64" />
  </properties>
  <testcase classname="ptolemy.util.test.junit.TclTests" name="[0] /home/travis/build/icyphy/ptII/ptolemy/domains/de/test/DependencyLoop.tcl (RunTclFile)" time="0.872" />
  <testcase classname="ptolemy.util.test.junit.TclTests" name="[1] /home/travis/build/icyphy/ptII/ptolemy/domains/de/test/RunDETestsAsQSS.tcl (RunTclFile)" time="84.081" />
  <testcase classname="ptolemy.util.test.junit.AutoKnownFailedTests" name="[0] /home/travis/build/icyphy/ptII/ptolemy/domains/de/test/auto/knownFailedTests/DESDFClockTest.xml (RunModel)" time="2.058" />
  <testcase classname="ptolemy.util.test.junit.AutoKnownFailedTests" name="[1] /home/travis/build/icyphy/ptII/ptolemy/domains/de/test/auto/knownFailedTests/DirectFeedback.xml (RunModel)" time="0.011" />
  <testcase classname="ptolemy.util.test.junit.AutoKnownFailedTests" name="[2] /home/travis/build/icyphy/ptII/ptolemy/domains/de/test/auto/knownFailedTests/FSMSource.xml (RunModel)" time="0.038" />
  <testcase classname="ptolemy.util.test.junit.AutoKnownFailedTests" name="[3] /home/travis/build/icyphy/ptII/ptolemy/domains/de/test/auto/knownFailedTests/HierarchicalModel.xml (RunModel)" time="0.04" />
  <testcase classname="ptolemy.util.test.junit.AutoKnownFailedTests" name="[4] /home/travis/build/icyphy/ptII/ptolemy/domains/de/test/auto/knownFailedTests/dependencyLoop.xml (RunModel)" time="0.037" />
  <testcase classname="ptolemy.util.test.junit.AutoKnownFailedTests" name="[5] /home/travis/build/icyphy/ptII/ptolemy/domains/de/test/auto/knownFailedTests/dependencyLoop2.xml (RunModel)" time="0.036" />
  <testcase classname="ptolemy.util.test.junit.AutoNameArchTests" name="[0] ThereAreNoAutoArchTests (RunModel)" time="0.002" />
  <testcase classname="ptolemy.util.test.junit.AutoTests" name="[0] /home/travis/build/icyphy/ptII/ptolemy/domains/de/test/auto/ActorDepthCalculation_actorWithoutPorts.xml (RunModel)" time="0.026" />
  <testcase classname="ptolemy.util.test.junit.AutoTests" name="[1] /home/travis/build/icyphy/ptII/ptolemy/domains/de/test/auto/AssemblyLine.xml (RunModel)" time="0.021" />
  <testcase classname="ptolemy.util.test.junit.AutoTests" name="[2] /home/travis/build/icyphy/ptII/ptolemy/domains/de/test/auto/CQBug1.xml (RunModel)" time="0.014" />
  <testcase classname="ptolemy.util.test.junit.AutoTests" name="[3] /home/travis/build/icyphy/ptII/ptolemy/domains/de/test/auto/CancelFireAt.xml (RunModel)" time="0.01" />
  <testcase classname="ptolemy.util.test.junit.AutoTests" name="[4] /home/travis/build/icyphy/ptII/ptolemy/domains/de/test/auto/CausalityAndComposabilityAnalysis.xml (RunModel)" time="0.015" />
  <testcase classname="ptolemy.util.test.junit.AutoTests" name="[5] /home/travis/build/icyphy/ptII/ptolemy/domains/de/test/auto/CausalityInterface1.xml (RunModel)" time="0.018" />
  <testcase classname="ptolemy.util.test.junit.AutoTests" name="[6] /home/travis/build/icyphy/ptII/ptolemy/domains/de/test/auto/CausalityInterface15.xml (RunModel)" time="0.014" />
  <testcase classname="ptolemy.util.test.junit.AutoTests" name="[7] /home/travis/build/icyphy/ptII/ptolemy/domains/de/test/auto/CausalityInterface2.xml (RunModel)" time="0.014" />
  <testcase classname="ptolemy.util.test.junit.AutoTests" name="[8] /home/travis/build/icyphy/ptII/ptolemy/domains/de/test/auto/CausalityInterface3.xml (RunModel)" time="0.015" />
  <testcase classname="ptolemy.util.test.junit.AutoTests" name="[9] /home/travis/build/icyphy/ptII/ptolemy/domains/de/test/auto/ClockDrift.xml (RunModel)" time="0.033" />
  <testcase classname="ptolemy.util.test.junit.AutoTests" name="[10] /home/travis/build/icyphy/ptII/ptolemy/domains/de/test/auto/ClockDriftAndValueChange.xml (RunModel)" time="0.028" />
  <testcase classname="ptolemy.util.test.junit.AutoTests" name="[11] /home/travis/build/icyphy/ptII/ptolemy/domains/de/test/auto/ClockDriftChange.xml (RunModel)" time="0.038" />
  <testcase classname="ptolemy.util.test.junit.AutoTests" name="[12] /home/travis/build/icyphy/ptII/ptolemy/domains/de/test/auto/ComposableCausalityAnalysis.xml (RunModel)" time="0.015" />
  <testcase classname="ptolemy.util.test.junit.AutoTests" name="[13] /home/travis/build/icyphy/ptII/ptolemy/domains/de/test/auto/DEFixedPointLimitation.xml (RunModel)" time="0.01" />
  <testcase classname="ptolemy.util.test.junit.AutoTests" name="[14] /home/travis/build/icyphy/ptII/ptolemy/domains/de/test/auto/DEScheduleTest.xml (RunModel)" time="0.016" />
  <testcase classname="ptolemy.util.test.junit.AutoTests" name="[15] /home/travis/build/icyphy/ptII/ptolemy/domains/de/test/auto/DEinDEwithStartTimes.xml (RunModel)" time="0.016" />
  <testcase classname="ptolemy.util.test.junit.AutoTests" name="[16] /home/travis/build/icyphy/ptII/ptolemy/domains/de/test/auto/DEinDEwithStartTimes2.xml (RunModel)" time="0.025" />
  <testcase classname="ptolemy.util.test.junit.AutoTests" name="[17] /home/travis/build/icyphy/ptII/ptolemy/domains/de/test/auto/DateDemo.xml (RunModel)" time="0.028" />
  <testcase classname="ptolemy.util.test.junit.AutoTests" name="[18] /home/travis/build/icyphy/ptII/ptolemy/domains/de/test/auto/DateToEvent.xml (RunModel)" time="2.049" />
  <testcase classname="ptolemy.util.test.junit.AutoTests" name="[19] /home/travis/build/icyphy/ptII/ptolemy/domains/de/test/auto/DepthTest1.xml (RunModel)" time="0.008" />
  <testcase classname="ptolemy.util.test.junit.AutoTests" name="[20] /home/travis/build/icyphy/ptII/ptolemy/domains/de/test/auto/DepthTest2.xml (RunModel)" time="0.017" />
  <testcase classname="ptolemy.util.test.junit.AutoTests" name="[21] /home/travis/build/icyphy/ptII/ptolemy/domains/de/test/auto/DepthTest3.xml (RunModel)" time="0.011" />
  <testcase classname="ptolemy.util.test.junit.AutoTests" name="[22] /home/travis/build/icyphy/ptII/ptolemy/domains/de/test/auto/DepthTest4.xml (RunModel)" time="0.028" />
  <testcase classname="ptolemy.util.test.junit.AutoTests" name="[23] /home/travis/build/icyphy/ptII/ptolemy/domains/de/test/auto/DepthTest5.xml (RunModel)" time="0.021" />
  <testcase classname="ptolemy.util.test.junit.AutoTests" name="[24] /home/travis/build/icyphy/ptII/ptolemy/domains/de/test/auto/DepthTest6.xml (RunModel)" time="0.015" />
  <testcase classname="ptolemy.util.test.junit.AutoTests" name="[25] /home/travis/build/icyphy/ptII/ptolemy/domains/de/test/auto/DepthTest7.xml (RunModel)" time="0.012" />
  <testcase classname="ptolemy.util.test.junit.AutoTests" name="[26] /home/travis/build/icyphy/ptII/ptolemy/domains/de/test/auto/EventToDate.xml (RunModel)" time="3.043" />
  <testcase classname="ptolemy.util.test.junit.AutoTests" name="[27] /home/travis/build/icyphy/ptII/ptolemy/domains/de/test/auto/FSM1.xml (RunModel)" time="0.049" />
  <testcase classname="ptolemy.util.test.junit.AutoTests" name="[28] /home/travis/build/icyphy/ptII/ptolemy/domains/de/test/auto/FSM7.xml (RunModel)" time="0.061" />
  <testcase classname="ptolemy.util.test.junit.AutoTests" name="[29] /home/travis/build/icyphy/ptII/ptolemy/domains/de/test/auto/Inspection.xml (RunModel)" time="0.049" />
  <testcase classname="ptolemy.util.test.junit.AutoTests" name="[30] /home/travis/build/icyphy/ptII/ptolemy/domains/de/test/auto/Iteration.xml (RunModel)" time="0.026" />
  <testcase classname="ptolemy.util.test.junit.AutoTests" name="[31] /home/travis/build/icyphy/ptII/ptolemy/domains/de/test/auto/LineFault.xml (RunModel)" time="0.597" />
  <testcase classname="ptolemy.util.test.junit.AutoTests" name="[32] /home/travis/build/icyphy/ptII/ptolemy/domains/de/test/auto/MergeModel1Add.xml (RunModel)" time="0.047" />
  <testcase classname="ptolemy.util.test.junit.AutoTests" name="[33] /home/travis/build/icyphy/ptII/ptolemy/domains/de/test/auto/MergeModel2Add.xml (RunModel)" time="0.046" />
  <testcase classname="ptolemy.util.test.junit.AutoTests" name="[34] /home/travis/build/icyphy/ptII/ptolemy/domains/de/test/auto/MergeModel3Add.xml (RunModel)" time="0.047" />
  <testcase classname="ptolemy.util.test.junit.AutoTests" name="[35] /home/travis/build/icyphy/ptII/ptolemy/domains/de/test/auto/MergeWithoutDiscard.xml (RunModel)" time="0.016" />
  <testcase classname="ptolemy.util.test.junit.AutoTests" name="[36] /home/travis/build/icyphy/ptII/ptolemy/domains/de/test/auto/Modal1.xml (RunModel)" time="0.028" />
  <testcase classname="ptolemy.util.test.junit.AutoTests" name="[37] /home/travis/build/icyphy/ptII/ptolemy/domains/de/test/auto/Modal2.xml (RunModel)" time="0.031" />
  <testcase classname="ptolemy.util.test.junit.AutoTests" name="[38] /home/travis/build/icyphy/ptII/ptolemy/domains/de/test/auto/Modal3.xml (RunModel)" time="0.032" />
  <testcase classname="ptolemy.util.test.junit.AutoTests" name="[39] /home/travis/build/icyphy/ptII/ptolemy/domains/de/test/auto/Modal4.xml (RunModel)" time="0.037" />
  <testcase classname="ptolemy.util.test.junit.AutoTests" name="[40] /home/travis/build/icyphy/ptII/ptolemy/domains/de/test/auto/Modal5.xml (RunModel)" time="0.029" />
  <testcase classname="ptolemy.util.test.junit.AutoTests" name="[41] /home/travis/build/icyphy/ptII/ptolemy/domains/de/test/auto/Modal6.xml (RunModel)" time="0.034" />
  <testcase classname="ptolemy.util.test.junit.AutoTests" name="[42] /home/travis/build/icyphy/ptII/ptolemy/domains/de/test/auto/Modal7.xml (RunModel)" time="0.037" />
  <testcase classname="ptolemy.util.test.junit.AutoTests" name="[43] /home/travis/build/icyphy/ptII/ptolemy/domains/de/test/auto/ModalModel.xml (RunModel)" time="0.168" />
  <testcase classname="ptolemy.util.test.junit.AutoTests" name="[44] /home/travis/build/icyphy/ptII/ptolemy/domains/de/test/auto/ModalSource.xml (RunModel)" time="0.023" />
  <testcase classname="ptolemy.util.test.junit.AutoTests" name="[45] /home/travis/build/icyphy/ptII/ptolemy/domains/de/test/auto/NonInterruptibleTimerZeroDelay.xml (RunModel)" time="0.013" />
  <testcase classname="ptolemy.util.test.junit.AutoTests" name="[46] /home/travis/build/icyphy/ptII/ptolemy/domains/de/test/auto/OpenQueueingNetwork.xml (RunModel)" time="2.551" />
  <testcase classname="ptolemy.util.test.junit.AutoTests" name="[47] /home/travis/build/icyphy/ptII/ptolemy/domains/de/test/auto/OpenQueuingNetwork.xml (RunModel)" time="0.318" />
  <testcase classname="ptolemy.util.test.junit.AutoTests" name="[48] /home/travis/build/icyphy/ptII/ptolemy/domains/de/test/auto/PeriodicSampler.xml (RunModel)" time="0.01" />
  <testcase classname="ptolemy.util.test.junit.AutoTests" name="[49] /home/travis/build/icyphy/ptII/ptolemy/domains/de/test/auto/PersistentIO.xml (RunModel)" time="0.017" />
  <testcase classname="ptolemy.util.test.junit.AutoTests" name="[50] /home/travis/build/icyphy/ptII/ptolemy/domains/de/test/auto/PortParameterResetOnInitialize.xml (RunModel)" time="0.01" />
  <testcase classname="ptolemy.util.test.junit.AutoTests" name="[51] /home/travis/build/icyphy/ptII/ptolemy/domains/de/test/auto/PortParameterUpdates.xml (RunModel)" time="0.013" />
  <testcase classname="ptolemy.util.test.junit.AutoTests" name="[52] /home/travis/build/icyphy/ptII/ptolemy/domains/de/test/auto/QueueAndServer.xml (RunModel)" time="0.019" />
  <testcase classname="ptolemy.util.test.junit.AutoTests" name="[53] /home/travis/build/icyphy/ptII/ptolemy/domains/de/test/auto/Records.xml (RunModel)" time="0.017" />
  <testcase classname="ptolemy.util.test.junit.AutoTests" name="[54] /home/travis/build/icyphy/ptII/ptolemy/domains/de/test/auto/ResetTransitionWithStartTime1.xml (RunModel)" time="0.022" />
  <testcase classname="ptolemy.util.test.junit.AutoTests" name="[55] /home/travis/build/icyphy/ptII/ptolemy/domains/de/test/auto/ResetTransitionWithStartTime2.xml (RunModel)" time="0.016" />
  <testcase classname="ptolemy.util.test.junit.AutoTests" name="[56] /home/travis/build/icyphy/ptII/ptolemy/domains/de/test/auto/ResetTransitionWithStartTime3.xml (RunModel)" time="0.019" />
  <testcase classname="ptolemy.util.test.junit.AutoTests" name="[57] /home/travis/build/icyphy/ptII/ptolemy/domains/de/test/auto/ResetTransitionWithStartTime4.xml (RunModel)" time="0.021" />
  <testcase classname="ptolemy.util.test.junit.AutoTests" name="[58] /home/travis/build/icyphy/ptII/ptolemy/domains/de/test/auto/ResettableTimer1.xml (RunModel)" time="0.01" />
  <testcase classname="ptolemy.util.test.junit.AutoTests" name="[59] /home/travis/build/icyphy/ptII/ptolemy/domains/de/test/auto/ResettableTimer2.xml (RunModel)" time="0.008" />
  <testcase classname="ptolemy.util.test.junit.AutoTests" name="[60] /home/travis/build/icyphy/ptII/ptolemy/domains/de/test/auto/ResettableTimer3.xml (RunModel)" time="0.008" />
  <testcase classname="ptolemy.util.test.junit.AutoTests" name="[61] /home/travis/build/icyphy/ptII/ptolemy/domains/de/test/auto/ResettableTimer4.xml (RunModel)" time="0.009" />
  <testcase classname="ptolemy.util.test.junit.AutoTests" name="[62] /home/travis/build/icyphy/ptII/ptolemy/domains/de/test/auto/ResettableTimer5.xml (RunModel)" time="0.012" />
  <testcase classname="ptolemy.util.test.junit.AutoTests" name="[63] /home/travis/build/icyphy/ptII/ptolemy/domains/de/test/auto/ResettableTimer6.xml (RunModel)" time="0.017" />
  <testcase classname="ptolemy.util.test.junit.AutoTests" name="[64] /home/travis/build/icyphy/ptII/ptolemy/domains/de/test/auto/ServerZeroDelay.xml (RunModel)" time="0.013" />
  <testcase classname="ptolemy.util.test.junit.AutoTests" name="[65] /home/travis/build/icyphy/ptII/ptolemy/domains/de/test/auto/SmartSender.xml (RunModel)" time="3.009" />
  <testcase classname="ptolemy.util.test.junit.AutoTests" name="[66] /home/travis/build/icyphy/ptII/ptolemy/domains/de/test/auto/ThreadedComposite.xml (RunModel)" time="0.229" />
  <testcase classname="ptolemy.util.test.junit.AutoTests" name="[67] /home/travis/build/icyphy/ptII/ptolemy/domains/de/test/auto/Time.xml (RunModel)" time="0.406" />
  <testcase classname="ptolemy.util.test.junit.AutoTests" name="[68] /home/travis/build/icyphy/ptII/ptolemy/domains/de/test/auto/TimeDelayZeroDelay.xml (RunModel)" time="0.015" />
  <testcase classname="ptolemy.util.test.junit.AutoTests" name="[69] /home/travis/build/icyphy/ptII/ptolemy/domains/de/test/auto/TimerZeroDelay.xml (RunModel)" time="0.01" />
  <testcase classname="ptolemy.util.test.junit.AutoTests" name="[70] /home/travis/build/icyphy/ptII/ptolemy/domains/de/test/auto/TimingParadox.xml (RunModel)" time="0.317" />
  <testcase classname="ptolemy.util.test.junit.AutoTests" name="[71] /home/travis/build/icyphy/ptII/ptolemy/domains/de/test/auto/TransferInputs.xml (RunModel)" time="0.014" />
  <testcase classname="ptolemy.util.test.junit.AutoTests" name="[72] /home/travis/build/icyphy/ptII/ptolemy/domains/de/test/auto/TransferOutputs2.xml (RunModel)" time="0.014" />
  <testcase classname="ptolemy.util.test.junit.AutoTests" name="[73] /home/travis/build/icyphy/ptII/ptolemy/domains/de/test/auto/Trilateration.xml (RunModel)" time="10.736" />
  <testcase classname="ptolemy.util.test.junit.AutoTests" name="[74] /home/travis/build/icyphy/ptII/ptolemy/domains/de/test/auto/TwoSigmaDelta.xml (RunModel)" time="1.951" />
  <testcase classname="ptolemy.util.test.junit.AutoTests" name="[75] /home/travis/build/icyphy/ptII/ptolemy/domains/de/test/auto/VariableDelay.xml (RunModel)" time="0.013" />
  <testcase classname="ptolemy.util.test.junit.AutoTests" name="[76] /home/travis/build/icyphy/ptII/ptolemy/domains/de/test/auto/VariableDelay2.xml (RunModel)" time="0.008" />
  <testcase classname="ptolemy.util.test.junit.AutoTests" name="[77] /home/travis/build/icyphy/ptII/ptolemy/domains/de/test/auto/VariableDelayZeroDelay.xml (RunModel)" time="0.011" />
  <testcase classname="ptolemy.util.test.junit.AutoTests" name="[78] /home/travis/build/icyphy/ptII/ptolemy/domains/de/test/auto/VariableDelayZeroDelay2.xml (RunModel)" time="0.013" />
  <testcase classname="ptolemy.util.test.junit.AutoTests" name="[79] /home/travis/build/icyphy/ptII/ptolemy/domains/de/test/auto/deInCt.xml (RunModel)" time="0.013" />
  <testcase classname="ptolemy.util.test.junit.AutoTests" name="[80] /home/travis/build/icyphy/ptII/ptolemy/domains/de/test/auto/deInCt2.xml (RunModel)" time="0.01" />
  <testcase classname="ptolemy.util.test.junit.AutoTests" name="[81] /home/travis/build/icyphy/ptII/ptolemy/domains/de/test/auto/dynamicCausalityInterface1.xml (RunModel)" time="0.014" />
  <testcase classname="ptolemy.util.test.junit.AutoTests" name="[82] /home/travis/build/icyphy/ptII/ptolemy/domains/de/test/auto/fsm_de_test.xml (RunModel)" time="0.017" />
  <testcase classname="ptolemy.util.test.junit.AutoTests" name="[83] /home/travis/build/icyphy/ptII/ptolemy/domains/de/test/auto/functionDependencyReconstruction.xml (RunModel)" time="0.026" />
  <testcase classname="ptolemy.util.test.junit.AutoTests" name="[84] /home/travis/build/icyphy/ptII/ptolemy/domains/de/test/auto/multirate.xml (RunModel)" time="0.012" />
  <testcase classname="ptolemy.util.test.junit.AutoTests" name="[85] /home/travis/build/icyphy/ptII/ptolemy/domains/de/test/auto/multirate2.xml (RunModel)" time="0.02" />
  <testcase classname="ptolemy.util.test.junit.AutoTests" name="[86] /home/travis/build/icyphy/ptII/ptolemy/domains/de/test/auto/realtime.xml (RunModel)" time="10.009" />
  <testcase classname="ptolemy.util.test.junit.AutoTests" name="[87] /home/travis/build/icyphy/ptII/ptolemy/domains/de/test/auto/relationGroup.xml (RunModel)" time="0.008" />
  <testcase classname="ptolemy.util.test.junit.AutoTests" name="[88] /home/travis/build/icyphy/ptII/ptolemy/domains/de/test/auto/relationGroup2.xml (RunModel)" time="0.007" />
  <testcase classname="ptolemy.util.test.junit.AutoTests" name="[89] /home/travis/build/icyphy/ptII/ptolemy/domains/de/test/auto/sortWithOpaquePorts.xml (RunModel)" time="0.018" />
  <testcase classname="ptolemy.util.test.junit.AutoTests" name="[90] /home/travis/build/icyphy/ptII/ptolemy/domains/de/test/auto/transferInputsandOutputs.xml (RunModel)" time="0.021" />
  <testcase classname="ptolemy.util.test.junit.AutoTests" name="[91] /home/travis/build/icyphy/ptII/ptolemy/domains/de/test/auto/triggerType.xml (RunModel)" time="0.009" />
  <system-out><![CDATA[/home/travis/build/icyphy/ptII/ptolemy/domains/de/test/DependencyLoop.tcl
testDefs.tcl: setting time out to 9000 seconds at Sat Mar 14 07:12:25 UTC 2020
58 ms. Memory: 129024K Free: 78669K (61%)
16 ms. Memory: 129024K Free: 61757K (48%)
/home/travis/build/icyphy/ptII/ptolemy/domains/de/test/RunDETestsAsQSS.tcl
Run the DE tests using ptolemy.domains.qss.test.QSSDirectorTest, which extends QSSDirector and prints a message in the constructors.
------------------ testing $PTII/ptolemy/domains/de/test/auto/knownFailedTests/DirectFeedback.xml (Known Failure) 
70 ms. Memory: 129024K Free: 55627K (43%)


==== $PTIIhome/travis/build/icyphy/ptII/ptolemy/domains/de/test/../../../../: Auto Automatic test in file $PTII/ptolemy/domains/de/test/auto/knownFailedTests/DirectFeedback.xml
==== Contents of test case:

	    # FIXME: we should use $relativeFilename here, but it
	    # might have backslashes under Windows, which causes no end
	    # of trouble.
	    createAndExecute $file
	    list {}
	
.... Test generated KNOWN error:
    while executing
ptolemy.kernel.util.IllegalActionException: Test fails in iteration 1.
Value was: 1.0. Should have been: 2.0
  in .DirectFeedback.Test
	at ptolemy.actor.lib.Test.fire(Test.java:268)
	at ptolemy.domains.de.kernel.DEDirector._fire(DEDirector.java:1949)
	at ptolemy.domains.de.kernel.DEDirector.fire(DEDirector.java:502)
	at ptolemy.actor.CompositeActor.fire(CompositeActor.java:455)
	at ptolemy.actor.Manager.iterate(Manager.java:851)
	at ptolemy.actor.Manager.execute(Manager.java:369)
	at ptolemy.actor.Manager.run(Manager.java:1263)
	at ptolemy.actor.Manager$PtolemyRunThread.run(Manager.java:1933)

    while executing
ptolemy.kernel.util.IllegalActionException: Test fails in iteration 1.
Value was: 1.0. Should have been: 2.0
  in .DirectFeedback.Test
    while executing
"java::new ptolemy.moml.MoMLSimpleApplication $file
"
    (procedure "createAndExecute" line 2)
    invoked from within
"createAndExecute $file"
    ("uplevel" body line 5)
    invoked from within
"uplevel $contents_of_test"
------------------ testing $PTII/ptolemy/domains/de/test/auto/knownFailedTests/dependencyLoop.xml (Known Failure) 
19 ms. Memory: 129024K Free: 52555K (41%)


==== $PTIIhome/travis/build/icyphy/ptII/ptolemy/domains/de/test/../../../../: Auto Automatic test in file $PTII/ptolemy/domains/de/test/auto/knownFailedTests/dependencyLoop.xml
==== Contents of test case:

	    # FIXME: we should use $relativeFilename here, but it
	    # might have backslashes under Windows, which causes no end
	    # of trouble.
	    createAndExecute $file
	    list {}
	
.... Test generated KNOWN error:
    while executing
ptolemy.kernel.util.IllegalActionException: Found a zero delay loop containing .dependencyLoop.original
  in .dependencyLoop and .dependencyLoop.original
	at ptolemy.actor.util.CausalityInterfaceForComposites._computeOutputPortDepth(CausalityInterfaceForComposites.java:759)
	at ptolemy.actor.util.CausalityInterfaceForComposites._computeInputDepth(CausalityInterfaceForComposites.java:696)
	at ptolemy.actor.util.CausalityInterfaceForComposites._computeOutputPortDepth(CausalityInterfaceForComposites.java:765)
	at ptolemy.actor.util.CausalityInterfaceForComposites._computeInputDepth(CausalityInterfaceForComposites.java:696)
	at ptolemy.actor.util.CausalityInterfaceForComposites._computeOutputPortDepth(CausalityInterfaceForComposites.java:765)
	at ptolemy.actor.util.CausalityInterfaceForComposites._computeInputDepth(CausalityInterfaceForComposites.java:696)
	at ptolemy.actor.util.CausalityInterfaceForComposites._computeActorDepth(CausalityInterfaceForComposites.java:532)
	at ptolemy.actor.util.CausalityInterfaceForComposites.checkForCycles(CausalityInterfaceForComposites.java:96)
	at ptolemy.domains.de.kernel.DEDirector.preinitialize(DEDirector.java:1338)
	at ptolemy.actor.CompositeActor.preinitialize(CompositeActor.java:1828)
	at ptolemy.actor.Manager.preinitializeAndResolveTypes(Manager.java:1040)
	at ptolemy.actor.Manager.initialize(Manager.java:710)
	at ptolemy.actor.Manager.execute(Manager.java:356)
	at ptolemy.actor.Manager.run(Manager.java:1263)
	at ptolemy.actor.Manager$PtolemyRunThread.run(Manager.java:1933)

    while executing
ptolemy.kernel.util.IllegalActionException: Found a zero delay loop containing .dependencyLoop.original
  in .dependencyLoop and .dependencyLoop.original
    while executing
"java::new ptolemy.moml.MoMLSimpleApplication $file
"
    (procedure "createAndExecute" line 2)
    invoked from within
"createAndExecute $file"
    ("uplevel" body line 5)
    invoked from within
"uplevel $contents_of_test"
------------------ testing $PTII/ptolemy/domains/de/test/auto/knownFailedTests/FSMSource.xml (Known Failure) 
46 ms. Memory: 129024K Free: 111145K (86%)
!!!! Auto was marked as failing, but now passes
------------------ testing $PTII/ptolemy/domains/de/test/auto/knownFailedTests/HierarchicalModel.xml (Known Failure) 
7 ms. Memory: 129024K Free: 93230K (72%)


==== $PTIIhome/travis/build/icyphy/ptII/ptolemy/domains/de/test/../../../../: Auto Automatic test in file $PTII/ptolemy/domains/de/test/auto/knownFailedTests/HierarchicalModel.xml
==== Contents of test case:

	    # FIXME: we should use $relativeFilename here, but it
	    # might have backslashes under Windows, which causes no end
	    # of trouble.
	    createAndExecute $file
	    list {}
	
.... Test generated KNOWN error:
    while executing
ptolemy.kernel.util.IllegalActionException: Found a zero delay loop containing .HierarchicalModel.A
  in .HierarchicalModel and .HierarchicalModel.A
	at ptolemy.actor.util.CausalityInterfaceForComposites._computeOutputPortDepth(CausalityInterfaceForComposites.java:759)
	at ptolemy.actor.util.CausalityInterfaceForComposites._computeInputDepth(CausalityInterfaceForComposites.java:696)
	at ptolemy.actor.util.CausalityInterfaceForComposites._computeOutputPortDepth(CausalityInterfaceForComposites.java:765)
	at ptolemy.actor.util.CausalityInterfaceForComposites._computeInputDepth(CausalityInterfaceForComposites.java:696)
	at ptolemy.actor.util.CausalityInterfaceForComposites._computeOutputPortDepth(CausalityInterfaceForComposites.java:765)
	at ptolemy.actor.util.CausalityInterfaceForComposites._computeInputDepth(CausalityInterfaceForComposites.java:696)
	at ptolemy.actor.util.CausalityInterfaceForComposites._computeActorDepth(CausalityInterfaceForComposites.java:532)
	at ptolemy.actor.util.CausalityInterfaceForComposites.checkForCycles(CausalityInterfaceForComposites.java:96)
	at ptolemy.domains.de.kernel.DEDirector.preinitialize(DEDirector.java:1338)
	at ptolemy.actor.CompositeActor.preinitialize(CompositeActor.java:1828)
	at ptolemy.actor.Manager.preinitializeAndResolveTypes(Manager.java:1040)
	at ptolemy.actor.Manager.initialize(Manager.java:710)
	at ptolemy.actor.Manager.execute(Manager.java:356)
	at ptolemy.actor.Manager.run(Manager.java:1263)
	at ptolemy.actor.Manager$PtolemyRunThread.run(Manager.java:1933)

    while executing
ptolemy.kernel.util.IllegalActionException: Found a zero delay loop containing .HierarchicalModel.A
  in .HierarchicalModel and .HierarchicalModel.A
    while executing
"java::new ptolemy.moml.MoMLSimpleApplication $file
"
    (procedure "createAndExecute" line 2)
    invoked from within
"createAndExecute $file"
    ("uplevel" body line 5)
    invoked from within
"uplevel $contents_of_test"
------------------ testing $PTII/ptolemy/domains/de/test/auto/knownFailedTests/dependencyLoop2.xml (Known Failure) 
15 ms. Memory: 129024K Free: 77350K (60%)


==== $PTIIhome/travis/build/icyphy/ptII/ptolemy/domains/de/test/../../../../: Auto Automatic test in file $PTII/ptolemy/domains/de/test/auto/knownFailedTests/dependencyLoop2.xml
==== Contents of test case:

	    # FIXME: we should use $relativeFilename here, but it
	    # might have backslashes under Windows, which causes no end
	    # of trouble.
	    createAndExecute $file
	    list {}
	
.... Test generated KNOWN error:
    while executing
ptolemy.kernel.util.IllegalActionException: Found a zero delay loop containing .dependencyLoop2.original
  in .dependencyLoop2 and .dependencyLoop2.original
	at ptolemy.actor.util.CausalityInterfaceForComposites._computeOutputPortDepth(CausalityInterfaceForComposites.java:759)
	at ptolemy.actor.util.CausalityInterfaceForComposites._computeInputDepth(CausalityInterfaceForComposites.java:696)
	at ptolemy.actor.util.CausalityInterfaceForComposites._computeOutputPortDepth(CausalityInterfaceForComposites.java:765)
	at ptolemy.actor.util.CausalityInterfaceForComposites._computeInputDepth(CausalityInterfaceForComposites.java:696)
	at ptolemy.actor.util.CausalityInterfaceForComposites._computeOutputPortDepth(CausalityInterfaceForComposites.java:765)
	at ptolemy.actor.util.CausalityInterfaceForComposites._computeInputDepth(CausalityInterfaceForComposites.java:696)
	at ptolemy.actor.util.CausalityInterfaceForComposites._computeActorDepth(CausalityInterfaceForComposites.java:532)
	at ptolemy.actor.util.CausalityInterfaceForComposites.checkForCycles(CausalityInterfaceForComposites.java:96)
	at ptolemy.domains.de.kernel.DEDirector.preinitialize(DEDirector.java:1338)
	at ptolemy.actor.CompositeActor.preinitialize(CompositeActor.java:1828)
	at ptolemy.actor.Manager.preinitializeAndResolveTypes(Manager.java:1040)
	at ptolemy.actor.Manager.initialize(Manager.java:710)
	at ptolemy.actor.Manager.execute(Manager.java:356)
	at ptolemy.actor.Manager.run(Manager.java:1263)
	at ptolemy.actor.Manager$PtolemyRunThread.run(Manager.java:1933)

    while executing
ptolemy.kernel.util.IllegalActionException: Found a zero delay loop containing .dependencyLoop2.original
  in .dependencyLoop2 and .dependencyLoop2.original
    while executing
"java::new ptolemy.moml.MoMLSimpleApplication $file
"
    (procedure "createAndExecute" line 2)
    invoked from within
"createAndExecute $file"
    ("uplevel" body line 5)
    invoked from within
"uplevel $contents_of_test"
------------------ testing $PTII/ptolemy/domains/de/test/auto/knownFailedTests/DESDFClockTest.xml (Known Failure) 
2068 ms. Memory: 129024K Free: 108155K (84%)


==== $PTIIhome/travis/build/icyphy/ptII/ptolemy/domains/de/test/../../../../: Auto Automatic test in file $PTII/ptolemy/domains/de/test/auto/knownFailedTests/DESDFClockTest.xml
==== Contents of test case:

	    # FIXME: we should use $relativeFilename here, but it
	    # might have backslashes under Windows, which causes no end
	    # of trouble.
	    createAndExecute $file
	    list {}
	
.... Test generated KNOWN error:
    while executing
ptolemy.kernel.util.IllegalActionException: Actor is not ready to fire.  Perhaps UpSample.prefire() returned false? Try debugging the actor by selecting "Listen to Actor".  Also, for SDF check moml for tokenConsumptionRate on input.
  in .DESDFClockTest.Play Bell.Copy1:SDF Director and .DESDFClockTest.Play Bell.UpSample
	at ptolemy.actor.sched.StaticSchedulingDirector.fire(StaticSchedulingDirector.java:227)
	at ptolemy.domains.sdf.kernel.SDFDirector.fire(SDFDirector.java:500)
	at ptolemy.actor.CompositeActor.fire(CompositeActor.java:455)
	at ptolemy.domains.de.kernel.DEDirector._fire(DEDirector.java:1949)
	at ptolemy.domains.de.kernel.DEDirector.fire(DEDirector.java:502)
	at ptolemy.actor.CompositeActor.fire(CompositeActor.java:455)
	at ptolemy.actor.Manager.iterate(Manager.java:851)
	at ptolemy.actor.Manager.execute(Manager.java:369)
	at ptolemy.actor.Manager.run(Manager.java:1263)
	at ptolemy.actor.Manager$PtolemyRunThread.run(Manager.java:1933)

    while executing
ptolemy.kernel.util.IllegalActionException: Actor is not ready to fire.  Perhaps UpSample.prefire() returned false? Try debugging the actor by selecting "Listen to Actor".  Also, for SDF check moml for tokenConsumptionRate on input.
  in .DESDFClockTest.Play Bell.Copy1:SDF Director and .DESDFClockTest.Play Bell.UpSample
    while executing
"java::new ptolemy.moml.MoMLSimpleApplication $file
"
    (procedure "createAndExecute" line 2)
    invoked from within
"createAndExecute $file"
    ("uplevel" body line 5)
    invoked from within
"uplevel $contents_of_test"
------------------ testing $PTII/ptolemy/domains/de/test/auto/ActorDepthCalculation_actorWithoutPorts.xml
auto.tcl: Setting watchdog for 200 seconds at Sat Mar 14 07:12:28 UTC 2020
10 ms. Memory: 129024K Free: 100459K (78%)
ptolemy.util.test.WatchDog.cancel(): canceling Sat Mar 14 07:12:28 UTC 2020
auto.tcl: Setting watchdog for 200 seconds at Sat Mar 14 07:12:28 UTC 2020
6 ms. Memory: 129024K Free: 98939K (77%)
ptolemy.util.test.WatchDog.cancel(): canceling Sat Mar 14 07:12:28 UTC 2020
------------------ testing $PTII/ptolemy/domains/de/test/auto/AssemblyLine.xml
auto.tcl: Setting watchdog for 200 seconds at Sat Mar 14 07:12:29 UTC 2020
38 ms. Memory: 51200K Free: 27481K (54%)
ptolemy.util.test.WatchDog.cancel(): canceling Sat Mar 14 07:12:29 UTC 2020
auto.tcl: Setting watchdog for 200 seconds at Sat Mar 14 07:12:29 UTC 2020
15 ms. Memory: 51200K Free: 26728K (52%)
ptolemy.util.test.WatchDog.cancel(): canceling Sat Mar 14 07:12:29 UTC 2020
------------------ testing $PTII/ptolemy/domains/de/test/auto/CQBug1.xml
auto.tcl: Setting watchdog for 200 seconds at Sat Mar 14 07:12:29 UTC 2020
3 ms. Memory: 51200K Free: 33256K (65%)
ptolemy.util.test.WatchDog.cancel(): canceling Sat Mar 14 07:12:29 UTC 2020
auto.tcl: Setting watchdog for 200 seconds at Sat Mar 14 07:12:29 UTC 2020
2 ms. Memory: 51200K Free: 32796K (64%)
ptolemy.util.test.WatchDog.cancel(): canceling Sat Mar 14 07:12:29 UTC 2020
------------------ testing $PTII/ptolemy/domains/de/test/auto/CancelFireAt.xml
auto.tcl: Setting watchdog for 200 seconds at Sat Mar 14 07:12:29 UTC 2020
4 ms. Memory: 51200K Free: 34329K (67%)
ptolemy.util.test.WatchDog.cancel(): canceling Sat Mar 14 07:12:29 UTC 2020
auto.tcl: Setting watchdog for 200 seconds at Sat Mar 14 07:12:29 UTC 2020
2 ms. Memory: 51200K Free: 33854K (66%)
ptolemy.util.test.WatchDog.cancel(): canceling Sat Mar 14 07:12:29 UTC 2020
------------------ testing $PTII/ptolemy/domains/de/test/auto/CausalityAndComposabilityAnalysis.xml
auto.tcl: Setting watchdog for 200 seconds at Sat Mar 14 07:12:29 UTC 2020
8 ms. Memory: 51200K Free: 32200K (63%)
ptolemy.util.test.WatchDog.cancel(): canceling Sat Mar 14 07:12:29 UTC 2020
auto.tcl: Setting watchdog for 200 seconds at Sat Mar 14 07:12:29 UTC 2020
4 ms. Memory: 51200K Free: 31812K (62%)
ptolemy.util.test.WatchDog.cancel(): canceling Sat Mar 14 07:12:29 UTC 2020
------------------ testing $PTII/ptolemy/domains/de/test/auto/CausalityInterface1.xml
auto.tcl: Setting watchdog for 200 seconds at Sat Mar 14 07:12:29 UTC 2020
44 ms. Memory: 51200K Free: 31217K (61%)
ptolemy.util.test.WatchDog.cancel(): canceling Sat Mar 14 07:12:29 UTC 2020
auto.tcl: Setting watchdog for 200 seconds at Sat Mar 14 07:12:29 UTC 2020
4 ms. Memory: 51200K Free: 30254K (59%)
ptolemy.util.test.WatchDog.cancel(): canceling Sat Mar 14 07:12:29 UTC 2020
------------------ testing $PTII/ptolemy/domains/de/test/auto/CausalityInterface15.xml
auto.tcl: Setting watchdog for 200 seconds at Sat Mar 14 07:12:29 UTC 2020
5 ms. Memory: 51200K Free: 31129K (61%)
ptolemy.util.test.WatchDog.cancel(): canceling Sat Mar 14 07:12:29 UTC 2020
auto.tcl: Setting watchdog for 200 seconds at Sat Mar 14 07:12:29 UTC 2020
4 ms. Memory: 51200K Free: 30204K (59%)
ptolemy.util.test.WatchDog.cancel(): canceling Sat Mar 14 07:12:29 UTC 2020
------------------ testing $PTII/ptolemy/domains/de/test/auto/CausalityInterface2.xml
auto.tcl: Setting watchdog for 200 seconds at Sat Mar 14 07:12:30 UTC 2020
4 ms. Memory: 51200K Free: 31895K (62%)
ptolemy.util.test.WatchDog.cancel(): canceling Sat Mar 14 07:12:30 UTC 2020
auto.tcl: Setting watchdog for 200 seconds at Sat Mar 14 07:12:30 UTC 2020
2 ms. Memory: 51200K Free: 31214K (61%)
ptolemy.util.test.WatchDog.cancel(): canceling Sat Mar 14 07:12:30 UTC 2020
------------------ testing $PTII/ptolemy/domains/de/test/auto/CausalityInterface3.xml
auto.tcl: Setting watchdog for 200 seconds at Sat Mar 14 07:12:30 UTC 2020
5 ms. Memory: 51200K Free: 31422K (61%)
ptolemy.util.test.WatchDog.cancel(): canceling Sat Mar 14 07:12:30 UTC 2020
auto.tcl: Setting watchdog for 200 seconds at Sat Mar 14 07:12:30 UTC 2020
2 ms. Memory: 51200K Free: 30935K (60%)
ptolemy.util.test.WatchDog.cancel(): canceling Sat Mar 14 07:12:30 UTC 2020
------------------ testing $PTII/ptolemy/domains/de/test/auto/ClockDrift.xml
auto.tcl: Setting watchdog for 200 seconds at Sat Mar 14 07:12:30 UTC 2020
54 ms. Memory: 51200K Free: 23494K (46%)
ptolemy.util.test.WatchDog.cancel(): canceling Sat Mar 14 07:12:30 UTC 2020
auto.tcl: Setting watchdog for 200 seconds at Sat Mar 14 07:12:30 UTC 2020
54 ms. Memory: 51200K Free: 20501K (40%)
ptolemy.util.test.WatchDog.cancel(): canceling Sat Mar 14 07:12:30 UTC 2020
------------------ testing $PTII/ptolemy/domains/de/test/auto/ClockDriftAndValueChange.xml
auto.tcl: Setting watchdog for 200 seconds at Sat Mar 14 07:12:30 UTC 2020
49 ms. Memory: 51200K Free: 24364K (48%)
ptolemy.util.test.WatchDog.cancel(): canceling Sat Mar 14 07:12:30 UTC 2020
auto.tcl: Setting watchdog for 200 seconds at Sat Mar 14 07:12:30 UTC 2020
32 ms. Memory: 51200K Free: 21292K (42%)
ptolemy.util.test.WatchDog.cancel(): canceling Sat Mar 14 07:12:30 UTC 2020
------------------ testing $PTII/ptolemy/domains/de/test/auto/ClockDriftChange.xml
auto.tcl: Setting watchdog for 200 seconds at Sat Mar 14 07:12:30 UTC 2020
18 ms. Memory: 51200K Free: 25895K (51%)
ptolemy.util.test.WatchDog.cancel(): canceling Sat Mar 14 07:12:30 UTC 2020
auto.tcl: Setting watchdog for 200 seconds at Sat Mar 14 07:12:30 UTC 2020
27 ms. Memory: 51200K Free: 23524K (46%)
ptolemy.util.test.WatchDog.cancel(): canceling Sat Mar 14 07:12:30 UTC 2020
------------------ testing $PTII/ptolemy/domains/de/test/auto/ComposableCausalityAnalysis.xml
auto.tcl: Setting watchdog for 200 seconds at Sat Mar 14 07:12:30 UTC 2020
2 ms. Memory: 51200K Free: 30466K (60%)
ptolemy.util.test.WatchDog.cancel(): canceling Sat Mar 14 07:12:30 UTC 2020
auto.tcl: Setting watchdog for 200 seconds at Sat Mar 14 07:12:30 UTC 2020
4 ms. Memory: 51200K Free: 29444K (58%)
ptolemy.util.test.WatchDog.cancel(): canceling Sat Mar 14 07:12:30 UTC 2020
------------------ testing $PTII/ptolemy/domains/de/test/auto/DEFixedPointLimitation.xml
auto.tcl: Setting watchdog for 200 seconds at Sat Mar 14 07:12:30 UTC 2020
3 ms. Memory: 51200K Free: 31803K (62%)
ptolemy.util.test.WatchDog.cancel(): canceling Sat Mar 14 07:12:30 UTC 2020
auto.tcl: Setting watchdog for 200 seconds at Sat Mar 14 07:12:30 UTC 2020
2 ms. Memory: 51200K Free: 30979K (61%)
ptolemy.util.test.WatchDog.cancel(): canceling Sat Mar 14 07:12:30 UTC 2020
------------------ testing $PTII/ptolemy/domains/de/test/auto/DEScheduleTest.xml
auto.tcl: Setting watchdog for 200 seconds at Sat Mar 14 07:12:30 UTC 2020
7 ms. Memory: 51200K Free: 32199K (63%)
ptolemy.util.test.WatchDog.cancel(): canceling Sat Mar 14 07:12:30 UTC 2020
auto.tcl: Setting watchdog for 200 seconds at Sat Mar 14 07:12:30 UTC 2020
3 ms. Memory: 51200K Free: 31443K (61%)
ptolemy.util.test.WatchDog.cancel(): canceling Sat Mar 14 07:12:30 UTC 2020
------------------ testing $PTII/ptolemy/domains/de/test/auto/DEinDEwithStartTimes.xml
auto.tcl: Setting watchdog for 200 seconds at Sat Mar 14 07:12:30 UTC 2020
6 ms. Memory: 51200K Free: 30370K (59%)
ptolemy.util.test.WatchDog.cancel(): canceling Sat Mar 14 07:12:30 UTC 2020
auto.tcl: Setting watchdog for 200 seconds at Sat Mar 14 07:12:30 UTC 2020
7 ms. Memory: 51200K Free: 29346K (57%)
ptolemy.util.test.WatchDog.cancel(): canceling Sat Mar 14 07:12:30 UTC 2020
------------------ testing $PTII/ptolemy/domains/de/test/auto/DEinDEwithStartTimes2.xml
auto.tcl: Setting watchdog for 200 seconds at Sat Mar 14 07:12:31 UTC 2020
6 ms. Memory: 51200K Free: 29494K (58%)
ptolemy.util.test.WatchDog.cancel(): canceling Sat Mar 14 07:12:31 UTC 2020
auto.tcl: Setting watchdog for 200 seconds at Sat Mar 14 07:12:31 UTC 2020
4 ms. Memory: 51200K Free: 28301K (55%)
ptolemy.util.test.WatchDog.cancel(): canceling Sat Mar 14 07:12:31 UTC 2020
------------------ testing $PTII/ptolemy/domains/de/test/auto/DateDemo.xml
auto.tcl: Setting watchdog for 200 seconds at Sat Mar 14 07:12:31 UTC 2020
18 ms. Memory: 51200K Free: 24327K (48%)
ptolemy.util.test.WatchDog.cancel(): canceling Sat Mar 14 07:12:31 UTC 2020
auto.tcl: Setting watchdog for 200 seconds at Sat Mar 14 07:12:31 UTC 2020
8 ms. Memory: 51200K Free: 22720K (44%)
ptolemy.util.test.WatchDog.cancel(): canceling Sat Mar 14 07:12:31 UTC 2020
------------------ testing $PTII/ptolemy/domains/de/test/auto/DateToEvent.xml
auto.tcl: Setting watchdog for 200 seconds at Sat Mar 14 07:12:31 UTC 2020
2021 ms. Memory: 51200K Free: 19350K (38%)
ptolemy.util.test.WatchDog.cancel(): canceling Sat Mar 14 07:12:33 UTC 2020
auto.tcl: Setting watchdog for 200 seconds at Sat Mar 14 07:12:33 UTC 2020
2005 ms. Memory: 51200K Free: 18905K (37%)
ptolemy.util.test.WatchDog.cancel(): canceling Sat Mar 14 07:12:35 UTC 2020
------------------ testing $PTII/ptolemy/domains/de/test/auto/DepthTest1.xml
auto.tcl: Setting watchdog for 200 seconds at Sat Mar 14 07:12:35 UTC 2020
6 ms. Memory: 51200K Free: 33023K (64%)
ptolemy.util.test.WatchDog.cancel(): canceling Sat Mar 14 07:12:35 UTC 2020
auto.tcl: Setting watchdog for 200 seconds at Sat Mar 14 07:12:35 UTC 2020
3 ms. Memory: 51200K Free: 32559K (64%)
ptolemy.util.test.WatchDog.cancel(): canceling Sat Mar 14 07:12:35 UTC 2020
------------------ testing $PTII/ptolemy/domains/de/test/auto/DepthTest2.xml
auto.tcl: Setting watchdog for 200 seconds at Sat Mar 14 07:12:35 UTC 2020
6 ms. Memory: 51200K Free: 29793K (58%)
ptolemy.util.test.WatchDog.cancel(): canceling Sat Mar 14 07:12:35 UTC 2020
auto.tcl: Setting watchdog for 200 seconds at Sat Mar 14 07:12:35 UTC 2020
3 ms. Memory: 51200K Free: 29339K (57%)
ptolemy.util.test.WatchDog.cancel(): canceling Sat Mar 14 07:12:35 UTC 2020
------------------ testing $PTII/ptolemy/domains/de/test/auto/DepthTest3.xml
auto.tcl: Setting watchdog for 200 seconds at Sat Mar 14 07:12:35 UTC 2020
3 ms. Memory: 51200K Free: 33370K (65%)
ptolemy.util.test.WatchDog.cancel(): canceling Sat Mar 14 07:12:35 UTC 2020
auto.tcl: Setting watchdog for 200 seconds at Sat Mar 14 07:12:35 UTC 2020
1 ms. Memory: 51200K Free: 32882K (64%)
ptolemy.util.test.WatchDog.cancel(): canceling Sat Mar 14 07:12:35 UTC 2020
------------------ testing $PTII/ptolemy/domains/de/test/auto/DepthTest4.xml
auto.tcl: Setting watchdog for 200 seconds at Sat Mar 14 07:12:35 UTC 2020
4 ms. Memory: 51200K Free: 31582K (62%)
ptolemy.util.test.WatchDog.cancel(): canceling Sat Mar 14 07:12:35 UTC 2020
auto.tcl: Setting watchdog for 200 seconds at Sat Mar 14 07:12:35 UTC 2020
3 ms. Memory: 51200K Free: 30484K (60%)
ptolemy.util.test.WatchDog.cancel(): canceling Sat Mar 14 07:12:35 UTC 2020
------------------ testing $PTII/ptolemy/domains/de/test/auto/DepthTest5.xml
auto.tcl: Setting watchdog for 200 seconds at Sat Mar 14 07:12:35 UTC 2020
4 ms. Memory: 51200K Free: 31035K (61%)
ptolemy.util.test.WatchDog.cancel(): canceling Sat Mar 14 07:12:35 UTC 2020
auto.tcl: Setting watchdog for 200 seconds at Sat Mar 14 07:12:35 UTC 2020
3 ms. Memory: 51200K Free: 30302K (59%)
ptolemy.util.test.WatchDog.cancel(): canceling Sat Mar 14 07:12:35 UTC 2020
------------------ testing $PTII/ptolemy/domains/de/test/auto/DepthTest6.xml
auto.tcl: Setting watchdog for 200 seconds at Sat Mar 14 07:12:35 UTC 2020
6 ms. Memory: 51200K Free: 30480K (60%)
ptolemy.util.test.WatchDog.cancel(): canceling Sat Mar 14 07:12:35 UTC 2020
auto.tcl: Setting watchdog for 200 seconds at Sat Mar 14 07:12:35 UTC 2020
4 ms. Memory: 51200K Free: 29802K (58%)
ptolemy.util.test.WatchDog.cancel(): canceling Sat Mar 14 07:12:35 UTC 2020
------------------ testing $PTII/ptolemy/domains/de/test/auto/DepthTest7.xml
auto.tcl: Setting watchdog for 200 seconds at Sat Mar 14 07:12:35 UTC 2020
3 ms. Memory: 51200K Free: 30756K (60%)
ptolemy.util.test.WatchDog.cancel(): canceling Sat Mar 14 07:12:35 UTC 2020
auto.tcl: Setting watchdog for 200 seconds at Sat Mar 14 07:12:35 UTC 2020
2 ms. Memory: 51200K Free: 30295K (59%)
ptolemy.util.test.WatchDog.cancel(): canceling Sat Mar 14 07:12:35 UTC 2020
------------------ testing $PTII/ptolemy/domains/de/test/auto/EventToDate.xml
auto.tcl: Setting watchdog for 200 seconds at Sat Mar 14 07:12:35 UTC 2020
3008 ms. Memory: 51200K Free: 22314K (44%)
ptolemy.util.test.WatchDog.cancel(): canceling Sat Mar 14 07:12:39 UTC 2020
auto.tcl: Setting watchdog for 200 seconds at Sat Mar 14 07:12:39 UTC 2020
3005 ms. Memory: 51200K Free: 21636K (42%)
ptolemy.util.test.WatchDog.cancel(): canceling Sat Mar 14 07:12:42 UTC 2020
------------------ testing $PTII/ptolemy/domains/de/test/auto/FSM1.xml
auto.tcl: Setting watchdog for 200 seconds at Sat Mar 14 07:12:42 UTC 2020
38 ms. Memory: 51200K Free: 23028K (45%)
ptolemy.util.test.WatchDog.cancel(): canceling Sat Mar 14 07:12:42 UTC 2020
auto.tcl: Setting watchdog for 200 seconds at Sat Mar 14 07:12:42 UTC 2020
29 ms. Memory: 51200K Free: 19867K (39%)
ptolemy.util.test.WatchDog.cancel(): canceling Sat Mar 14 07:12:42 UTC 2020
------------------ testing $PTII/ptolemy/domains/de/test/auto/FSM7.xml
auto.tcl: Setting watchdog for 200 seconds at Sat Mar 14 07:12:42 UTC 2020
33 ms. Memory: 51200K Free: 23493K (46%)
ptolemy.util.test.WatchDog.cancel(): canceling Sat Mar 14 07:12:42 UTC 2020
auto.tcl: Setting watchdog for 200 seconds at Sat Mar 14 07:12:42 UTC 2020
28 ms. Memory: 51200K Free: 20535K (40%)
ptolemy.util.test.WatchDog.cancel(): canceling Sat Mar 14 07:12:42 UTC 2020
------------------ testing $PTII/ptolemy/domains/de/test/auto/Inspection.xml
auto.tcl: Setting watchdog for 200 seconds at Sat Mar 14 07:12:42 UTC 2020
20 ms. Memory: 51200K Free: 23261K (45%)
ptolemy.util.test.WatchDog.cancel(): canceling Sat Mar 14 07:12:42 UTC 2020
auto.tcl: Setting watchdog for 200 seconds at Sat Mar 14 07:12:42 UTC 2020
15 ms. Memory: 51200K Free: 21147K (41%)
ptolemy.util.test.WatchDog.cancel(): canceling Sat Mar 14 07:12:42 UTC 2020
------------------ testing $PTII/ptolemy/domains/de/test/auto/Iteration.xml
auto.tcl: Setting watchdog for 200 seconds at Sat Mar 14 07:12:42 UTC 2020
10 ms. Memory: 51200K Free: 28807K (56%)
ptolemy.util.test.WatchDog.cancel(): canceling Sat Mar 14 07:12:42 UTC 2020
auto.tcl: Setting watchdog for 200 seconds at Sat Mar 14 07:12:42 UTC 2020
7 ms. Memory: 51200K Free: 27618K (54%)
ptolemy.util.test.WatchDog.cancel(): canceling Sat Mar 14 07:12:42 UTC 2020
------------------ testing $PTII/ptolemy/domains/de/test/auto/LineFault.xml
auto.tcl: Setting watchdog for 200 seconds at Sat Mar 14 07:12:42 UTC 2020
609 ms. Memory: 51200K Free: 16218K (32%)
ptolemy.util.test.WatchDog.cancel(): canceling Sat Mar 14 07:12:43 UTC 2020
auto.tcl: Setting watchdog for 200 seconds at Sat Mar 14 07:12:43 UTC 2020
487 ms. Memory: 61440K Free: 18675K (30%)
ptolemy.util.test.WatchDog.cancel(): canceling Sat Mar 14 07:12:43 UTC 2020
------------------ testing $PTII/ptolemy/domains/de/test/auto/MergeModel1Add.xml
auto.tcl: Setting watchdog for 200 seconds at Sat Mar 14 07:12:43 UTC 2020
19 ms. Memory: 58368K Free: 21913K (38%)
ptolemy.util.test.WatchDog.cancel(): canceling Sat Mar 14 07:12:44 UTC 2020
auto.tcl: Setting watchdog for 200 seconds at Sat Mar 14 07:12:44 UTC 2020
16 ms. Memory: 58368K Free: 20430K (35%)
ptolemy.util.test.WatchDog.cancel(): canceling Sat Mar 14 07:12:44 UTC 2020
------------------ testing $PTII/ptolemy/domains/de/test/auto/MergeModel2Add.xml
auto.tcl: Setting watchdog for 200 seconds at Sat Mar 14 07:12:44 UTC 2020
9 ms. Memory: 55296K Free: 21455K (39%)
ptolemy.util.test.WatchDog.cancel(): canceling Sat Mar 14 07:12:44 UTC 2020
auto.tcl: Setting watchdog for 200 seconds at Sat Mar 14 07:12:44 UTC 2020
8 ms. Memory: 55296K Free: 19778K (36%)
ptolemy.util.test.WatchDog.cancel(): canceling Sat Mar 14 07:12:44 UTC 2020
------------------ testing $PTII/ptolemy/domains/de/test/auto/MergeModel3Add.xml
auto.tcl: Setting watchdog for 200 seconds at Sat Mar 14 07:12:44 UTC 2020
8 ms. Memory: 51200K Free: 17084K (33%)
ptolemy.util.test.WatchDog.cancel(): canceling Sat Mar 14 07:12:44 UTC 2020
auto.tcl: Setting watchdog for 200 seconds at Sat Mar 14 07:12:44 UTC 2020
9 ms. Memory: 51200K Free: 15736K (31%)
ptolemy.util.test.WatchDog.cancel(): canceling Sat Mar 14 07:12:44 UTC 2020
------------------ testing $PTII/ptolemy/domains/de/test/auto/MergeWithoutDiscard.xml
auto.tcl: Setting watchdog for 200 seconds at Sat Mar 14 07:12:44 UTC 2020
1 ms. Memory: 51200K Free: 31971K (62%)
ptolemy.util.test.WatchDog.cancel(): canceling Sat Mar 14 07:12:44 UTC 2020
auto.tcl: Setting watchdog for 200 seconds at Sat Mar 14 07:12:44 UTC 2020
2 ms. Memory: 51200K Free: 31069K (61%)
ptolemy.util.test.WatchDog.cancel(): canceling Sat Mar 14 07:12:44 UTC 2020
------------------ testing $PTII/ptolemy/domains/de/test/auto/Modal1.xml
auto.tcl: Setting watchdog for 200 seconds at Sat Mar 14 07:12:44 UTC 2020
17 ms. Memory: 51200K Free: 23574K (46%)
ptolemy.util.test.WatchDog.cancel(): canceling Sat Mar 14 07:12:44 UTC 2020
auto.tcl: Setting watchdog for 200 seconds at Sat Mar 14 07:12:44 UTC 2020
21 ms. Memory: 51200K Free: 20101K (39%)
ptolemy.util.test.WatchDog.cancel(): canceling Sat Mar 14 07:12:44 UTC 2020
------------------ testing $PTII/ptolemy/domains/de/test/auto/Modal2.xml
auto.tcl: Setting watchdog for 200 seconds at Sat Mar 14 07:12:44 UTC 2020
10 ms. Memory: 51200K Free: 23718K (46%)
ptolemy.util.test.WatchDog.cancel(): canceling Sat Mar 14 07:12:44 UTC 2020
auto.tcl: Setting watchdog for 200 seconds at Sat Mar 14 07:12:44 UTC 2020
12 ms. Memory: 51200K Free: 20451K (40%)
ptolemy.util.test.WatchDog.cancel(): canceling Sat Mar 14 07:12:44 UTC 2020
------------------ testing $PTII/ptolemy/domains/de/test/auto/Modal3.xml
auto.tcl: Setting watchdog for 200 seconds at Sat Mar 14 07:12:44 UTC 2020
14 ms. Memory: 51200K Free: 23471K (46%)
ptolemy.util.test.WatchDog.cancel(): canceling Sat Mar 14 07:12:44 UTC 2020
auto.tcl: Setting watchdog for 200 seconds at Sat Mar 14 07:12:44 UTC 2020
19 ms. Memory: 51200K Free: 20090K (39%)
ptolemy.util.test.WatchDog.cancel(): canceling Sat Mar 14 07:12:44 UTC 2020
------------------ testing $PTII/ptolemy/domains/de/test/auto/Modal4.xml
auto.tcl: Setting watchdog for 200 seconds at Sat Mar 14 07:12:44 UTC 2020
14 ms. Memory: 51200K Free: 22675K (44%)
ptolemy.util.test.WatchDog.cancel(): canceling Sat Mar 14 07:12:44 UTC 2020
auto.tcl: Setting watchdog for 200 seconds at Sat Mar 14 07:12:44 UTC 2020
25 ms. Memory: 51200K Free: 18841K (37%)
ptolemy.util.test.WatchDog.cancel(): canceling Sat Mar 14 07:12:44 UTC 2020
------------------ testing $PTII/ptolemy/domains/de/test/auto/Modal5.xml
auto.tcl: Setting watchdog for 200 seconds at Sat Mar 14 07:12:44 UTC 2020
16 ms. Memory: 51200K Free: 22668K (44%)
ptolemy.util.test.WatchDog.cancel(): canceling Sat Mar 14 07:12:44 UTC 2020
auto.tcl: Setting watchdog for 200 seconds at Sat Mar 14 07:12:44 UTC 2020
13 ms. Memory: 51200K Free: 18828K (37%)
ptolemy.util.test.WatchDog.cancel(): canceling Sat Mar 14 07:12:44 UTC 2020
------------------ testing $PTII/ptolemy/domains/de/test/auto/Modal6.xml
auto.tcl: Setting watchdog for 200 seconds at Sat Mar 14 07:12:45 UTC 2020
18 ms. Memory: 51200K Free: 23438K (46%)
ptolemy.util.test.WatchDog.cancel(): canceling Sat Mar 14 07:12:45 UTC 2020
auto.tcl: Setting watchdog for 200 seconds at Sat Mar 14 07:12:45 UTC 2020
18 ms. Memory: 51200K Free: 19469K (38%)
ptolemy.util.test.WatchDog.cancel(): canceling Sat Mar 14 07:12:45 UTC 2020
------------------ testing $PTII/ptolemy/domains/de/test/auto/Modal7.xml
auto.tcl: Setting watchdog for 200 seconds at Sat Mar 14 07:12:45 UTC 2020
10 ms. Memory: 51200K Free: 22408K (44%)
ptolemy.util.test.WatchDog.cancel(): canceling Sat Mar 14 07:12:45 UTC 2020
auto.tcl: Setting watchdog for 200 seconds at Sat Mar 14 07:12:45 UTC 2020
10 ms. Memory: 51200K Free: 19059K (37%)
ptolemy.util.test.WatchDog.cancel(): canceling Sat Mar 14 07:12:45 UTC 2020
------------------ testing $PTII/ptolemy/domains/de/test/auto/ModalModel.xml
auto.tcl: Setting watchdog for 200 seconds at Sat Mar 14 07:12:45 UTC 2020
204 ms. Memory: 51200K Free: 16232K (32%)
ptolemy.util.test.WatchDog.cancel(): canceling Sat Mar 14 07:12:45 UTC 2020
auto.tcl: Setting watchdog for 200 seconds at Sat Mar 14 07:12:45 UTC 2020
193 ms. Memory: 72704K Free: 31282K (43%)
ptolemy.util.test.WatchDog.cancel(): canceling Sat Mar 14 07:12:45 UTC 2020
------------------ testing $PTII/ptolemy/domains/de/test/auto/ModalSource.xml
auto.tcl: Setting watchdog for 200 seconds at Sat Mar 14 07:12:45 UTC 2020
7 ms. Memory: 55296K Free: 31597K (57%)
ptolemy.util.test.WatchDog.cancel(): canceling Sat Mar 14 07:12:45 UTC 2020
auto.tcl: Setting watchdog for 200 seconds at Sat Mar 14 07:12:45 UTC 2020
6 ms. Memory: 55296K Free: 29549K (53%)
ptolemy.util.test.WatchDog.cancel(): canceling Sat Mar 14 07:12:45 UTC 2020
------------------ testing $PTII/ptolemy/domains/de/test/auto/NonInterruptibleTimerZeroDelay.xml
auto.tcl: Setting watchdog for 200 seconds at Sat Mar 14 07:12:45 UTC 2020
3 ms. Memory: 55296K Free: 36470K (66%)
ptolemy.util.test.WatchDog.cancel(): canceling Sat Mar 14 07:12:45 UTC 2020
auto.tcl: Setting watchdog for 200 seconds at Sat Mar 14 07:12:45 UTC 2020
2 ms. Memory: 55296K Free: 35877K (65%)
ptolemy.util.test.WatchDog.cancel(): canceling Sat Mar 14 07:12:45 UTC 2020
------------------ testing $PTII/ptolemy/domains/de/test/auto/OpenQueueingNetwork.xml
auto.tcl: Setting watchdog for 200 seconds at Sat Mar 14 07:12:45 UTC 2020
2920 ms. Memory: 96256K Free: 44324K (46%)
ptolemy.util.test.WatchDog.cancel(): canceling Sat Mar 14 07:12:48 UTC 2020
auto.tcl: Setting watchdog for 200 seconds at Sat Mar 14 07:12:48 UTC 2020
2394 ms. Memory: 115712K Free: 88874K (77%)
ptolemy.util.test.WatchDog.cancel(): canceling Sat Mar 14 07:12:51 UTC 2020
------------------ testing $PTII/ptolemy/domains/de/test/auto/OpenQueuingNetwork.xml
auto.tcl: Setting watchdog for 200 seconds at Sat Mar 14 07:12:51 UTC 2020
286 ms. Memory: 58368K Free: 30173K (52%)
ptolemy.util.test.WatchDog.cancel(): canceling Sat Mar 14 07:12:51 UTC 2020
auto.tcl: Setting watchdog for 200 seconds at Sat Mar 14 07:12:51 UTC 2020
214 ms. Memory: 58368K Free: 11541K (20%)
ptolemy.util.test.WatchDog.cancel(): canceling Sat Mar 14 07:12:51 UTC 2020
------------------ testing $PTII/ptolemy/domains/de/test/auto/PeriodicSampler.xml
auto.tcl: Setting watchdog for 200 seconds at Sat Mar 14 07:12:52 UTC 2020
2 ms. Memory: 58368K Free: 38804K (66%)
ptolemy.util.test.WatchDog.cancel(): canceling Sat Mar 14 07:12:52 UTC 2020
auto.tcl: Setting watchdog for 200 seconds at Sat Mar 14 07:12:52 UTC 2020
1 ms. Memory: 58368K Free: 38284K (66%)
ptolemy.util.test.WatchDog.cancel(): canceling Sat Mar 14 07:12:52 UTC 2020
------------------ testing $PTII/ptolemy/domains/de/test/auto/PersistentIO.xml
auto.tcl: Setting watchdog for 200 seconds at Sat Mar 14 07:12:52 UTC 2020
5 ms. Memory: 51200K Free: 26561K (52%)
ptolemy.util.test.WatchDog.cancel(): canceling Sat Mar 14 07:12:52 UTC 2020
auto.tcl: Setting watchdog for 200 seconds at Sat Mar 14 07:12:52 UTC 2020
3 ms. Memory: 51200K Free: 25041K (49%)
ptolemy.util.test.WatchDog.cancel(): canceling Sat Mar 14 07:12:52 UTC 2020
------------------ testing $PTII/ptolemy/domains/de/test/auto/PortParameterResetOnInitialize.xml
auto.tcl: Setting watchdog for 200 seconds at Sat Mar 14 07:12:52 UTC 2020
3 ms. Memory: 51200K Free: 31544K (62%)
ptolemy.util.test.WatchDog.cancel(): canceling Sat Mar 14 07:12:52 UTC 2020
auto.tcl: Setting watchdog for 200 seconds at Sat Mar 14 07:12:52 UTC 2020
2 ms. Memory: 51200K Free: 31048K (61%)
ptolemy.util.test.WatchDog.cancel(): canceling Sat Mar 14 07:12:52 UTC 2020
------------------ testing $PTII/ptolemy/domains/de/test/auto/PortParameterUpdates.xml
auto.tcl: Setting watchdog for 200 seconds at Sat Mar 14 07:12:52 UTC 2020
5 ms. Memory: 51200K Free: 29628K (58%)
ptolemy.util.test.WatchDog.cancel(): canceling Sat Mar 14 07:12:52 UTC 2020
auto.tcl: Setting watchdog for 200 seconds at Sat Mar 14 07:12:52 UTC 2020
2 ms. Memory: 51200K Free: 28616K (56%)
ptolemy.util.test.WatchDog.cancel(): canceling Sat Mar 14 07:12:52 UTC 2020
------------------ testing $PTII/ptolemy/domains/de/test/auto/QueueAndServer.xml
auto.tcl: Setting watchdog for 200 seconds at Sat Mar 14 07:12:52 UTC 2020
5 ms. Memory: 51200K Free: 28582K (56%)
ptolemy.util.test.WatchDog.cancel(): canceling Sat Mar 14 07:12:52 UTC 2020
auto.tcl: Setting watchdog for 200 seconds at Sat Mar 14 07:12:52 UTC 2020
4 ms. Memory: 51200K Free: 27048K (53%)
ptolemy.util.test.WatchDog.cancel(): canceling Sat Mar 14 07:12:52 UTC 2020
------------------ testing $PTII/ptolemy/domains/de/test/auto/Records.xml
auto.tcl: Setting watchdog for 200 seconds at Sat Mar 14 07:12:52 UTC 2020
3 ms. Memory: 51200K Free: 30799K (60%)
ptolemy.util.test.WatchDog.cancel(): canceling Sat Mar 14 07:12:52 UTC 2020
auto.tcl: Setting watchdog for 200 seconds at Sat Mar 14 07:12:52 UTC 2020
2 ms. Memory: 51200K Free: 30284K (59%)
ptolemy.util.test.WatchDog.cancel(): canceling Sat Mar 14 07:12:52 UTC 2020
------------------ testing $PTII/ptolemy/domains/de/test/auto/ResetTransitionWithStartTime1.xml
auto.tcl: Setting watchdog for 200 seconds at Sat Mar 14 07:12:52 UTC 2020
7 ms. Memory: 51200K Free: 28043K (55%)
ptolemy.util.test.WatchDog.cancel(): canceling Sat Mar 14 07:12:52 UTC 2020
auto.tcl: Setting watchdog for 200 seconds at Sat Mar 14 07:12:52 UTC 2020
8 ms. Memory: 51200K Free: 25479K (50%)
ptolemy.util.test.WatchDog.cancel(): canceling Sat Mar 14 07:12:52 UTC 2020
------------------ testing $PTII/ptolemy/domains/de/test/auto/ResetTransitionWithStartTime2.xml
auto.tcl: Setting watchdog for 200 seconds at Sat Mar 14 07:12:52 UTC 2020
5 ms. Memory: 51200K Free: 27999K (55%)
ptolemy.util.test.WatchDog.cancel(): canceling Sat Mar 14 07:12:52 UTC 2020
auto.tcl: Setting watchdog for 200 seconds at Sat Mar 14 07:12:52 UTC 2020
7 ms. Memory: 51200K Free: 25959K (51%)
ptolemy.util.test.WatchDog.cancel(): canceling Sat Mar 14 07:12:52 UTC 2020
------------------ testing $PTII/ptolemy/domains/de/test/auto/ResetTransitionWithStartTime3.xml
auto.tcl: Setting watchdog for 200 seconds at Sat Mar 14 07:12:52 UTC 2020
8 ms. Memory: 51200K Free: 27998K (55%)
ptolemy.util.test.WatchDog.cancel(): canceling Sat Mar 14 07:12:52 UTC 2020
auto.tcl: Setting watchdog for 200 seconds at Sat Mar 14 07:12:52 UTC 2020
5 ms. Memory: 51200K Free: 25436K (50%)
ptolemy.util.test.WatchDog.cancel(): canceling Sat Mar 14 07:12:52 UTC 2020
------------------ testing $PTII/ptolemy/domains/de/test/auto/ResetTransitionWithStartTime4.xml
auto.tcl: Setting watchdog for 200 seconds at Sat Mar 14 07:12:52 UTC 2020
8 ms. Memory: 51200K Free: 28443K (56%)
ptolemy.util.test.WatchDog.cancel(): canceling Sat Mar 14 07:12:52 UTC 2020
auto.tcl: Setting watchdog for 200 seconds at Sat Mar 14 07:12:52 UTC 2020
4 ms. Memory: 51200K Free: 26972K (53%)
ptolemy.util.test.WatchDog.cancel(): canceling Sat Mar 14 07:12:52 UTC 2020
------------------ testing $PTII/ptolemy/domains/de/test/auto/ResettableTimer1.xml
auto.tcl: Setting watchdog for 200 seconds at Sat Mar 14 07:12:52 UTC 2020
3 ms. Memory: 51200K Free: 32075K (63%)
ptolemy.util.test.WatchDog.cancel(): canceling Sat Mar 14 07:12:52 UTC 2020
auto.tcl: Setting watchdog for 200 seconds at Sat Mar 14 07:12:52 UTC 2020
3 ms. Memory: 51200K Free: 31051K (61%)
ptolemy.util.test.WatchDog.cancel(): canceling Sat Mar 14 07:12:52 UTC 2020
------------------ testing $PTII/ptolemy/domains/de/test/auto/ResettableTimer2.xml
auto.tcl: Setting watchdog for 200 seconds at Sat Mar 14 07:12:52 UTC 2020
3 ms. Memory: 51200K Free: 32131K (63%)
ptolemy.util.test.WatchDog.cancel(): canceling Sat Mar 14 07:12:52 UTC 2020
auto.tcl: Setting watchdog for 200 seconds at Sat Mar 14 07:12:52 UTC 2020
2 ms. Memory: 51200K Free: 31107K (61%)
ptolemy.util.test.WatchDog.cancel(): canceling Sat Mar 14 07:12:52 UTC 2020
------------------ testing $PTII/ptolemy/domains/de/test/auto/ResettableTimer3.xml
auto.tcl: Setting watchdog for 200 seconds at Sat Mar 14 07:12:52 UTC 2020
1 ms. Memory: 51200K Free: 32640K (64%)
ptolemy.util.test.WatchDog.cancel(): canceling Sat Mar 14 07:12:52 UTC 2020
auto.tcl: Setting watchdog for 200 seconds at Sat Mar 14 07:12:52 UTC 2020
1 ms. Memory: 51200K Free: 32130K (63%)
ptolemy.util.test.WatchDog.cancel(): canceling Sat Mar 14 07:12:52 UTC 2020
------------------ testing $PTII/ptolemy/domains/de/test/auto/ResettableTimer4.xml
auto.tcl: Setting watchdog for 200 seconds at Sat Mar 14 07:12:52 UTC 2020
1 ms. Memory: 51200K Free: 32143K (63%)
ptolemy.util.test.WatchDog.cancel(): canceling Sat Mar 14 07:12:52 UTC 2020
auto.tcl: Setting watchdog for 200 seconds at Sat Mar 14 07:12:52 UTC 2020
1 ms. Memory: 51200K Free: 32143K (63%)
ptolemy.util.test.WatchDog.cancel(): canceling Sat Mar 14 07:12:52 UTC 2020
------------------ testing $PTII/ptolemy/domains/de/test/auto/ResettableTimer5.xml
auto.tcl: Setting watchdog for 200 seconds at Sat Mar 14 07:12:52 UTC 2020
1 ms. Memory: 51200K Free: 32142K (63%)
ptolemy.util.test.WatchDog.cancel(): canceling Sat Mar 14 07:12:52 UTC 2020
auto.tcl: Setting watchdog for 200 seconds at Sat Mar 14 07:12:52 UTC 2020
1 ms. Memory: 51200K Free: 31639K (62%)
ptolemy.util.test.WatchDog.cancel(): canceling Sat Mar 14 07:12:52 UTC 2020
------------------ testing $PTII/ptolemy/domains/de/test/auto/ResettableTimer6.xml
auto.tcl: Setting watchdog for 200 seconds at Sat Mar 14 07:12:52 UTC 2020
2 ms. Memory: 51200K Free: 31618K (62%)
ptolemy.util.test.WatchDog.cancel(): canceling Sat Mar 14 07:12:53 UTC 2020
auto.tcl: Setting watchdog for 200 seconds at Sat Mar 14 07:12:53 UTC 2020
1 ms. Memory: 51200K Free: 31108K (61%)
ptolemy.util.test.WatchDog.cancel(): canceling Sat Mar 14 07:12:53 UTC 2020
------------------ testing $PTII/ptolemy/domains/de/test/auto/ServerZeroDelay.xml
auto.tcl: Setting watchdog for 200 seconds at Sat Mar 14 07:12:53 UTC 2020
3 ms. Memory: 51200K Free: 32124K (63%)
ptolemy.util.test.WatchDog.cancel(): canceling Sat Mar 14 07:12:53 UTC 2020
auto.tcl: Setting watchdog for 200 seconds at Sat Mar 14 07:12:53 UTC 2020
2 ms. Memory: 51200K Free: 31100K (61%)
ptolemy.util.test.WatchDog.cancel(): canceling Sat Mar 14 07:12:53 UTC 2020
------------------ testing $PTII/ptolemy/domains/de/test/auto/SmartSender.xml
auto.tcl: Setting watchdog for 200 seconds at Sat Mar 14 07:12:53 UTC 2020
3002 ms. Memory: 51200K Free: 32118K (63%)
ptolemy.util.test.WatchDog.cancel(): canceling Sat Mar 14 07:12:56 UTC 2020
auto.tcl: Setting watchdog for 200 seconds at Sat Mar 14 07:12:56 UTC 2020
3002 ms. Memory: 51200K Free: 31616K (62%)
ptolemy.util.test.WatchDog.cancel(): canceling Sat Mar 14 07:12:59 UTC 2020
------------------ testing $PTII/ptolemy/domains/de/test/auto/ThreadedComposite.xml
auto.tcl: Setting watchdog for 200 seconds at Sat Mar 14 07:12:59 UTC 2020
243 ms. Memory: 51200K Free: 10627K (21%)
ptolemy.util.test.WatchDog.cancel(): canceling Sat Mar 14 07:12:59 UTC 2020
auto.tcl: Setting watchdog for 200 seconds at Sat Mar 14 07:12:59 UTC 2020
119 ms. Memory: 51200K Free: 25545K (50%)
ptolemy.util.test.WatchDog.cancel(): canceling Sat Mar 14 07:12:59 UTC 2020
------------------ testing $PTII/ptolemy/domains/de/test/auto/Time.xml
auto.tcl: Setting watchdog for 200 seconds at Sat Mar 14 07:12:59 UTC 2020
423 ms. Memory: 73728K Free: 28617K (39%)
ptolemy.util.test.WatchDog.cancel(): canceling Sat Mar 14 07:13:00 UTC 2020
auto.tcl: Setting watchdog for 200 seconds at Sat Mar 14 07:13:00 UTC 2020
423 ms. Memory: 73728K Free: 57292K (78%)
ptolemy.util.test.WatchDog.cancel(): canceling Sat Mar 14 07:13:00 UTC 2020
------------------ testing $PTII/ptolemy/domains/de/test/auto/TimeDelayZeroDelay.xml
auto.tcl: Setting watchdog for 200 seconds at Sat Mar 14 07:13:00 UTC 2020
2 ms. Memory: 51200K Free: 32551K (64%)
ptolemy.util.test.WatchDog.cancel(): canceling Sat Mar 14 07:13:00 UTC 2020
auto.tcl: Setting watchdog for 200 seconds at Sat Mar 14 07:13:00 UTC 2020
2 ms. Memory: 51200K Free: 31670K (62%)
ptolemy.util.test.WatchDog.cancel(): canceling Sat Mar 14 07:13:00 UTC 2020
------------------ testing $PTII/ptolemy/domains/de/test/auto/TimerZeroDelay.xml
auto.tcl: Setting watchdog for 200 seconds at Sat Mar 14 07:13:00 UTC 2020
2 ms. Memory: 51200K Free: 32480K (63%)
ptolemy.util.test.WatchDog.cancel(): canceling Sat Mar 14 07:13:00 UTC 2020
auto.tcl: Setting watchdog for 200 seconds at Sat Mar 14 07:13:00 UTC 2020
2 ms. Memory: 51200K Free: 31698K (62%)
ptolemy.util.test.WatchDog.cancel(): canceling Sat Mar 14 07:13:00 UTC 2020
------------------ testing $PTII/ptolemy/domains/de/test/auto/TimingParadox.xml
auto.tcl: Setting watchdog for 200 seconds at Sat Mar 14 07:13:00 UTC 2020
283 ms. Memory: 51200K Free: 20773K (41%)
ptolemy.util.test.WatchDog.cancel(): canceling Sat Mar 14 07:13:01 UTC 2020
auto.tcl: Setting watchdog for 200 seconds at Sat Mar 14 07:13:01 UTC 2020
256 ms. Memory: 51200K Free: 11873K (23%)
ptolemy.util.test.WatchDog.cancel(): canceling Sat Mar 14 07:13:01 UTC 2020
------------------ testing $PTII/ptolemy/domains/de/test/auto/TransferInputs.xml
auto.tcl: Setting watchdog for 200 seconds at Sat Mar 14 07:13:01 UTC 2020
1 ms. Memory: 51200K Free: 30566K (60%)
ptolemy.util.test.WatchDog.cancel(): canceling Sat Mar 14 07:13:01 UTC 2020
auto.tcl: Setting watchdog for 200 seconds at Sat Mar 14 07:13:01 UTC 2020
1 ms. Memory: 51200K Free: 29650K (58%)
ptolemy.util.test.WatchDog.cancel(): canceling Sat Mar 14 07:13:01 UTC 2020
------------------ testing $PTII/ptolemy/domains/de/test/auto/TransferOutputs2.xml
auto.tcl: Setting watchdog for 200 seconds at Sat Mar 14 07:13:01 UTC 2020
9 ms. Memory: 51200K Free: 28000K (55%)
ptolemy.util.test.WatchDog.cancel(): canceling Sat Mar 14 07:13:01 UTC 2020
auto.tcl: Setting watchdog for 200 seconds at Sat Mar 14 07:13:01 UTC 2020
3 ms. Memory: 51200K Free: 26581K (52%)
ptolemy.util.test.WatchDog.cancel(): canceling Sat Mar 14 07:13:01 UTC 2020
------------------ testing $PTII/ptolemy/domains/de/test/auto/Trilateration.xml
auto.tcl: Setting watchdog for 200 seconds at Sat Mar 14 07:13:01 UTC 2020
13076 ms. Memory: 465920K Free: 226947K (49%)
ptolemy.util.test.WatchDog.cancel(): canceling Sat Mar 14 07:13:15 UTC 2020
auto.tcl: Setting watchdog for 200 seconds at Sat Mar 14 07:13:15 UTC 2020
8773 ms. Memory: 465920K Free: 341199K (73%)
ptolemy.util.test.WatchDog.cancel(): canceling Sat Mar 14 07:13:24 UTC 2020
------------------ testing $PTII/ptolemy/domains/de/test/auto/TwoSigmaDelta.xml
auto.tcl: Setting watchdog for 200 seconds at Sat Mar 14 07:13:24 UTC 2020
2348 ms. Memory: 92160K Free: 22072K (24%)
ptolemy.util.test.WatchDog.cancel(): canceling Sat Mar 14 07:13:26 UTC 2020
auto.tcl: Setting watchdog for 200 seconds at Sat Mar 14 07:13:26 UTC 2020
1810 ms. Memory: 92160K Free: 23073K (25%)
ptolemy.util.test.WatchDog.cancel(): canceling Sat Mar 14 07:13:28 UTC 2020
------------------ testing $PTII/ptolemy/domains/de/test/auto/VariableDelay.xml
auto.tcl: Setting watchdog for 200 seconds at Sat Mar 14 07:13:28 UTC 2020
10 ms. Memory: 55296K Free: 35144K (64%)
ptolemy.util.test.WatchDog.cancel(): canceling Sat Mar 14 07:13:28 UTC 2020
auto.tcl: Setting watchdog for 200 seconds at Sat Mar 14 07:13:28 UTC 2020
2 ms. Memory: 55296K Free: 34134K (62%)
ptolemy.util.test.WatchDog.cancel(): canceling Sat Mar 14 07:13:28 UTC 2020
------------------ testing $PTII/ptolemy/domains/de/test/auto/VariableDelay2.xml
auto.tcl: Setting watchdog for 200 seconds at Sat Mar 14 07:13:28 UTC 2020
3 ms. Memory: 51200K Free: 32074K (63%)
ptolemy.util.test.WatchDog.cancel(): canceling Sat Mar 14 07:13:28 UTC 2020
auto.tcl: Setting watchdog for 200 seconds at Sat Mar 14 07:13:28 UTC 2020
2 ms. Memory: 51200K Free: 30951K (60%)
ptolemy.util.test.WatchDog.cancel(): canceling Sat Mar 14 07:13:28 UTC 2020
------------------ testing $PTII/ptolemy/domains/de/test/auto/VariableDelayZeroDelay.xml
auto.tcl: Setting watchdog for 200 seconds at Sat Mar 14 07:13:29 UTC 2020
2 ms. Memory: 51200K Free: 32073K (63%)
ptolemy.util.test.WatchDog.cancel(): canceling Sat Mar 14 07:13:29 UTC 2020
auto.tcl: Setting watchdog for 200 seconds at Sat Mar 14 07:13:29 UTC 2020
1 ms. Memory: 51200K Free: 31430K (61%)
ptolemy.util.test.WatchDog.cancel(): canceling Sat Mar 14 07:13:29 UTC 2020
------------------ testing $PTII/ptolemy/domains/de/test/auto/VariableDelayZeroDelay2.xml
auto.tcl: Setting watchdog for 200 seconds at Sat Mar 14 07:13:29 UTC 2020
2 ms. Memory: 51200K Free: 31973K (62%)
ptolemy.util.test.WatchDog.cancel(): canceling Sat Mar 14 07:13:29 UTC 2020
auto.tcl: Setting watchdog for 200 seconds at Sat Mar 14 07:13:29 UTC 2020
2 ms. Memory: 51200K Free: 30949K (60%)
ptolemy.util.test.WatchDog.cancel(): canceling Sat Mar 14 07:13:29 UTC 2020
------------------ testing $PTII/ptolemy/domains/de/test/auto/deInCt.xml
auto.tcl: Setting watchdog for 200 seconds at Sat Mar 14 07:13:29 UTC 2020
0
1
1
1
1
0
0
0
0
1
1
1
0
0
0
1
1
1
0
0
0
0
1
1
1
0
0
0
0
1
1
0
0
0
1
1
1
1
1
15 ms. Memory: 51200K Free: 30946K (60%)
ptolemy.util.test.WatchDog.cancel(): canceling Sat Mar 14 07:13:29 UTC 2020
auto.tcl: Setting watchdog for 200 seconds at Sat Mar 14 07:13:29 UTC 2020
0
1
1
1
0
0
0
1
1
0
0
1
1
1
1
0
0
0
1
1
1
0
0
0
1
1
1
0
0
0
0
1
1
1
1
0
0
0
0
1
1
1
0
0
0
0
9 ms. Memory: 51200K Free: 29422K (57%)
ptolemy.util.test.WatchDog.cancel(): canceling Sat Mar 14 07:13:29 UTC 2020
------------------ testing $PTII/ptolemy/domains/de/test/auto/deInCt2.xml
auto.tcl: Setting watchdog for 200 seconds at Sat Mar 14 07:13:29 UTC 2020
0
1
1
1
0
0
1
1
1
0
0
1
1
1
0
0
1
1
1
0
0
1
1
1
0
0
1
1
1
0
0
1
1
1
0
0
1
1
1
0
0
0
6 ms. Memory: 51200K Free: 30947K (60%)
ptolemy.util.test.WatchDog.cancel(): canceling Sat Mar 14 07:13:29 UTC 2020
auto.tcl: Setting watchdog for 200 seconds at Sat Mar 14 07:13:29 UTC 2020
0
1
1
1
0
0
1
1
1
0
0
1
1
1
0
0
1
1
1
0
0
1
1
1
0
0
1
1
1
0
0
1
1
1
0
0
1
1
1
0
0
0
6 ms. Memory: 51200K Free: 29422K (57%)
ptolemy.util.test.WatchDog.cancel(): canceling Sat Mar 14 07:13:29 UTC 2020
------------------ testing $PTII/ptolemy/domains/de/test/auto/dynamicCausalityInterface1.xml
auto.tcl: Setting watchdog for 200 seconds at Sat Mar 14 07:13:29 UTC 2020
1 ms. Memory: 51200K Free: 26846K (52%)
ptolemy.util.test.WatchDog.cancel(): canceling Sat Mar 14 07:13:29 UTC 2020
auto.tcl: Setting watchdog for 200 seconds at Sat Mar 14 07:13:29 UTC 2020
1 ms. Memory: 51200K Free: 26345K (51%)
ptolemy.util.test.WatchDog.cancel(): canceling Sat Mar 14 07:13:29 UTC 2020
------------------ testing $PTII/ptolemy/domains/de/test/auto/fsm_de_test.xml
auto.tcl: Setting watchdog for 200 seconds at Sat Mar 14 07:13:29 UTC 2020
11 ms. Memory: 51200K Free: 26744K (52%)
ptolemy.util.test.WatchDog.cancel(): canceling Sat Mar 14 07:13:29 UTC 2020
auto.tcl: Setting watchdog for 200 seconds at Sat Mar 14 07:13:29 UTC 2020
6 ms. Memory: 51200K Free: 24742K (48%)
ptolemy.util.test.WatchDog.cancel(): canceling Sat Mar 14 07:13:29 UTC 2020
------------------ testing $PTII/ptolemy/domains/de/test/auto/functionDependencyReconstruction.xml
auto.tcl: Setting watchdog for 200 seconds at Sat Mar 14 07:13:29 UTC 2020
2 ms. Memory: 51200K Free: 20695K (40%)
ptolemy.util.test.WatchDog.cancel(): canceling Sat Mar 14 07:13:29 UTC 2020
auto.tcl: Setting watchdog for 200 seconds at Sat Mar 14 07:13:29 UTC 2020
2 ms. Memory: 51200K Free: 18542K (36%)
ptolemy.util.test.WatchDog.cancel(): canceling Sat Mar 14 07:13:29 UTC 2020
------------------ testing $PTII/ptolemy/domains/de/test/auto/multirate.xml
auto.tcl: Setting watchdog for 200 seconds at Sat Mar 14 07:13:29 UTC 2020
3 ms. Memory: 51200K Free: 29385K (57%)
ptolemy.util.test.WatchDog.cancel(): canceling Sat Mar 14 07:13:29 UTC 2020
auto.tcl: Setting watchdog for 200 seconds at Sat Mar 14 07:13:29 UTC 2020
3 ms. Memory: 51200K Free: 27655K (54%)
ptolemy.util.test.WatchDog.cancel(): canceling Sat Mar 14 07:13:29 UTC 2020
------------------ testing $PTII/ptolemy/domains/de/test/auto/multirate2.xml
auto.tcl: Setting watchdog for 200 seconds at Sat Mar 14 07:13:29 UTC 2020
7 ms. Memory: 51200K Free: 29590K (58%)
ptolemy.util.test.WatchDog.cancel(): canceling Sat Mar 14 07:13:29 UTC 2020
auto.tcl: Setting watchdog for 200 seconds at Sat Mar 14 07:13:29 UTC 2020
4 ms. Memory: 51200K Free: 27871K (54%)
ptolemy.util.test.WatchDog.cancel(): canceling Sat Mar 14 07:13:29 UTC 2020
------------------ testing $PTII/ptolemy/domains/de/test/auto/realtime.xml
auto.tcl: Setting watchdog for 200 seconds at Sat Mar 14 07:13:29 UTC 2020
10001 ms. Memory: 51200K Free: 31627K (62%)
ptolemy.util.test.WatchDog.cancel(): canceling Sat Mar 14 07:13:39 UTC 2020
auto.tcl: Setting watchdog for 200 seconds at Sat Mar 14 07:13:39 UTC 2020
10002 ms. Memory: 51200K Free: 30892K (60%)
ptolemy.util.test.WatchDog.cancel(): canceling Sat Mar 14 07:13:49 UTC 2020
------------------ testing $PTII/ptolemy/domains/de/test/auto/relationGroup.xml
auto.tcl: Setting watchdog for 200 seconds at Sat Mar 14 07:13:49 UTC 2020
2 ms. Memory: 51200K Free: 32696K (64%)
ptolemy.util.test.WatchDog.cancel(): canceling Sat Mar 14 07:13:49 UTC 2020
auto.tcl: Setting watchdog for 200 seconds at Sat Mar 14 07:13:49 UTC 2020
2 ms. Memory: 51200K Free: 31971K (62%)
ptolemy.util.test.WatchDog.cancel(): canceling Sat Mar 14 07:13:49 UTC 2020
------------------ testing $PTII/ptolemy/domains/de/test/auto/relationGroup2.xml
auto.tcl: Setting watchdog for 200 seconds at Sat Mar 14 07:13:49 UTC 2020
2 ms. Memory: 51200K Free: 32720K (64%)
ptolemy.util.test.WatchDog.cancel(): canceling Sat Mar 14 07:13:49 UTC 2020
auto.tcl: Setting watchdog for 200 seconds at Sat Mar 14 07:13:49 UTC 2020
2 ms. Memory: 51200K Free: 31995K (62%)
ptolemy.util.test.WatchDog.cancel(): canceling Sat Mar 14 07:13:49 UTC 2020
------------------ testing $PTII/ptolemy/domains/de/test/auto/sortWithOpaquePorts.xml
auto.tcl: Setting watchdog for 200 seconds at Sat Mar 14 07:13:49 UTC 2020
2 ms. Memory: 51200K Free: 31373K (61%)
ptolemy.util.test.WatchDog.cancel(): canceling Sat Mar 14 07:13:49 UTC 2020
auto.tcl: Setting watchdog for 200 seconds at Sat Mar 14 07:13:49 UTC 2020
1 ms. Memory: 51200K Free: 30460K (59%)
ptolemy.util.test.WatchDog.cancel(): canceling Sat Mar 14 07:13:49 UTC 2020
------------------ testing $PTII/ptolemy/domains/de/test/auto/transferInputsandOutputs.xml
auto.tcl: Setting watchdog for 200 seconds at Sat Mar 14 07:13:50 UTC 2020
2 ms. Memory: 51200K Free: 28912K (56%)
ptolemy.util.test.WatchDog.cancel(): canceling Sat Mar 14 07:13:50 UTC 2020
auto.tcl: Setting watchdog for 200 seconds at Sat Mar 14 07:13:50 UTC 2020
2 ms. Memory: 51200K Free: 27888K (54%)
ptolemy.util.test.WatchDog.cancel(): canceling Sat Mar 14 07:13:50 UTC 2020
------------------ testing $PTII/ptolemy/domains/de/test/auto/triggerType.xml
auto.tcl: Setting watchdog for 200 seconds at Sat Mar 14 07:13:50 UTC 2020
2 ms. Memory: 51200K Free: 31937K (62%)
ptolemy.util.test.WatchDog.cancel(): canceling Sat Mar 14 07:13:50 UTC 2020
auto.tcl: Setting watchdog for 200 seconds at Sat Mar 14 07:13:50 UTC 2020
1 ms. Memory: 51200K Free: 30913K (60%)
ptolemy.util.test.WatchDog.cancel(): canceling Sat Mar 14 07:13:50 UTC 2020
03/14/20 07:13:50
Failed: 0  Total Tests: 192  ((Passed: 187, Newly Passed: 1)  Known Failed: 5) /home/travis/build/icyphy/ptII/ptolemy/domains/de/test
03/14/20 07:13:50
Failed: 0  Total Tests: 192  ((Passed: 187, Newly Passed: 1)  Known Failed: 5) /home/travis/build/icyphy/ptII/ptolemy/domains/de/test
----------------- testing (KnownFailure) /home/travis/build/icyphy/ptII/ptolemy/domains/de/test/auto/knownFailedTests/DESDFClockTest.xml
2013 ms. Memory: 51200K Free: 24822K (48%)
Known Failure: java.lang.reflect.InvocationTargetException
----------------- testing (KnownFailure) /home/travis/build/icyphy/ptII/ptolemy/domains/de/test/auto/knownFailedTests/DirectFeedback.xml
3 ms. Memory: 51200K Free: 21236K (41%)
Known Failure: java.lang.reflect.InvocationTargetException
----------------- testing (KnownFailure) /home/travis/build/icyphy/ptII/ptolemy/domains/de/test/auto/knownFailedTests/FSMSource.xml
19 ms. Memory: 51200K Free: 13558K (26%)
----------------- testing (KnownFailure) /home/travis/build/icyphy/ptII/ptolemy/domains/de/test/auto/knownFailedTests/HierarchicalModel.xml
2 ms. Memory: 51200K Free: 25760K (50%)
Known Failure: java.lang.reflect.InvocationTargetException
----------------- testing (KnownFailure) /home/travis/build/icyphy/ptII/ptolemy/domains/de/test/auto/knownFailedTests/dependencyLoop.xml
2 ms. Memory: 51200K Free: 10762K (21%)
Known Failure: java.lang.reflect.InvocationTargetException
----------------- testing (KnownFailure) /home/travis/build/icyphy/ptII/ptolemy/domains/de/test/auto/knownFailedTests/dependencyLoop2.xml
2 ms. Memory: 51200K Free: 23395K (46%)
Known Failure: java.lang.reflect.InvocationTargetException
No auto/linux-amd64/*.xml tests in /home/travis/build/icyphy/ptII/ptolemy/domains/de/test
AutoTests.java: About to close Vertx.
AutoTests.java: Vertx closed.

===========================================================================================
----------------- testing Sat Mar 14 07:13:52 UTC 2020 /home/travis/build/icyphy/ptII/ptolemy/domains/de/test/auto/ActorDepthCalculation_actorWithoutPorts.xml
----------------- Instantiating /home/travis/build/icyphy/ptII/ptolemy/domains/de/test/auto/ActorDepthCalculation_actorWithoutPorts.xml
2 ms. Memory: 51200K Free: 16578K (32%)
----------------- Invoking toplevel() on ptolemy.moml.MoMLSimpleApplication@75640fdc
----------------- Done invoking toplevel() on ptolemy.moml.MoMLSimpleApplication@75640fdc
reloadAllAccessors: .ActorDepthCalculation_actorWithoutPorts

===========================================================================================
----------------- testing Sat Mar 14 07:13:52 UTC 2020 /home/travis/build/icyphy/ptII/ptolemy/domains/de/test/auto/AssemblyLine.xml
----------------- Instantiating /home/travis/build/icyphy/ptII/ptolemy/domains/de/test/auto/AssemblyLine.xml
2 ms. Memory: 51200K Free: 9424K (18%)
----------------- Invoking toplevel() on ptolemy.moml.MoMLSimpleApplication@3b398bcb
----------------- Done invoking toplevel() on ptolemy.moml.MoMLSimpleApplication@3b398bcb
reloadAllAccessors: .AssemblyLine

===========================================================================================
----------------- testing Sat Mar 14 07:13:52 UTC 2020 /home/travis/build/icyphy/ptII/ptolemy/domains/de/test/auto/CQBug1.xml
----------------- Instantiating /home/travis/build/icyphy/ptII/ptolemy/domains/de/test/auto/CQBug1.xml
0 ms. Memory: 51200K Free: 33995K (66%)
----------------- Invoking toplevel() on ptolemy.moml.MoMLSimpleApplication@36dcc539
----------------- Done invoking toplevel() on ptolemy.moml.MoMLSimpleApplication@36dcc539
reloadAllAccessors: .CQBug1

===========================================================================================
----------------- testing Sat Mar 14 07:13:52 UTC 2020 /home/travis/build/icyphy/ptII/ptolemy/domains/de/test/auto/CancelFireAt.xml
----------------- Instantiating /home/travis/build/icyphy/ptII/ptolemy/domains/de/test/auto/CancelFireAt.xml
1 ms. Memory: 51200K Free: 31681K (62%)
----------------- Invoking toplevel() on ptolemy.moml.MoMLSimpleApplication@59a1aa52
----------------- Done invoking toplevel() on ptolemy.moml.MoMLSimpleApplication@59a1aa52
reloadAllAccessors: .CancelFireAt

===========================================================================================
----------------- testing Sat Mar 14 07:13:52 UTC 2020 /home/travis/build/icyphy/ptII/ptolemy/domains/de/test/auto/CausalityAndComposabilityAnalysis.xml
----------------- Instantiating /home/travis/build/icyphy/ptII/ptolemy/domains/de/test/auto/CausalityAndComposabilityAnalysis.xml
9 ms. Memory: 51200K Free: 27307K (53%)
----------------- Invoking toplevel() on ptolemy.moml.MoMLSimpleApplication@59abba53
----------------- Done invoking toplevel() on ptolemy.moml.MoMLSimpleApplication@59abba53
reloadAllAccessors: .CausalityAndComposabilityAnalysis

===========================================================================================
----------------- testing Sat Mar 14 07:13:52 UTC 2020 /home/travis/build/icyphy/ptII/ptolemy/domains/de/test/auto/CausalityInterface1.xml
----------------- Instantiating /home/travis/build/icyphy/ptII/ptolemy/domains/de/test/auto/CausalityInterface1.xml
4 ms. Memory: 51200K Free: 22465K (44%)
----------------- Invoking toplevel() on ptolemy.moml.MoMLSimpleApplication@33dd86bf
----------------- Done invoking toplevel() on ptolemy.moml.MoMLSimpleApplication@33dd86bf
reloadAllAccessors: .CausalityInterface1

===========================================================================================
----------------- testing Sat Mar 14 07:13:52 UTC 2020 /home/travis/build/icyphy/ptII/ptolemy/domains/de/test/auto/CausalityInterface15.xml
----------------- Instantiating /home/travis/build/icyphy/ptII/ptolemy/domains/de/test/auto/CausalityInterface15.xml
2 ms. Memory: 51200K Free: 17067K (33%)
----------------- Invoking toplevel() on ptolemy.moml.MoMLSimpleApplication@3bfca259
----------------- Done invoking toplevel() on ptolemy.moml.MoMLSimpleApplication@3bfca259
reloadAllAccessors: .CausalityInterface15

===========================================================================================
----------------- testing Sat Mar 14 07:13:52 UTC 2020 /home/travis/build/icyphy/ptII/ptolemy/domains/de/test/auto/CausalityInterface2.xml
----------------- Instantiating /home/travis/build/icyphy/ptII/ptolemy/domains/de/test/auto/CausalityInterface2.xml
3 ms. Memory: 51200K Free: 12331K (24%)
----------------- Invoking toplevel() on ptolemy.moml.MoMLSimpleApplication@14e3c432
----------------- Done invoking toplevel() on ptolemy.moml.MoMLSimpleApplication@14e3c432
reloadAllAccessors: .CausalityInterface2

===========================================================================================
----------------- testing Sat Mar 14 07:13:52 UTC 2020 /home/travis/build/icyphy/ptII/ptolemy/domains/de/test/auto/CausalityInterface3.xml
----------------- Instantiating /home/travis/build/icyphy/ptII/ptolemy/domains/de/test/auto/CausalityInterface3.xml
6 ms. Memory: 51200K Free: 35243K (69%)
----------------- Invoking toplevel() on ptolemy.moml.MoMLSimpleApplication@6227c6b5
----------------- Done invoking toplevel() on ptolemy.moml.MoMLSimpleApplication@6227c6b5
reloadAllAccessors: .CausalityInterface3

===========================================================================================
----------------- testing Sat Mar 14 07:13:52 UTC 2020 /home/travis/build/icyphy/ptII/ptolemy/domains/de/test/auto/ClockDrift.xml
----------------- Instantiating /home/travis/build/icyphy/ptII/ptolemy/domains/de/test/auto/ClockDrift.xml
13 ms. Memory: 51200K Free: 22994K (45%)
----------------- Invoking toplevel() on ptolemy.moml.MoMLSimpleApplication@7157a0e
----------------- Done invoking toplevel() on ptolemy.moml.MoMLSimpleApplication@7157a0e
reloadAllAccessors: .ClockDrift

===========================================================================================
----------------- testing Sat Mar 14 07:13:52 UTC 2020 /home/travis/build/icyphy/ptII/ptolemy/domains/de/test/auto/ClockDriftAndValueChange.xml
----------------- Instantiating /home/travis/build/icyphy/ptII/ptolemy/domains/de/test/auto/ClockDriftAndValueChange.xml
11 ms. Memory: 51200K Free: 11545K (23%)
----------------- Invoking toplevel() on ptolemy.moml.MoMLSimpleApplication@75670c08
----------------- Done invoking toplevel() on ptolemy.moml.MoMLSimpleApplication@75670c08
reloadAllAccessors: .ClockDriftAndValueChange

===========================================================================================
----------------- testing Sat Mar 14 07:13:52 UTC 2020 /home/travis/build/icyphy/ptII/ptolemy/domains/de/test/auto/ClockDriftChange.xml
----------------- Instantiating /home/travis/build/icyphy/ptII/ptolemy/domains/de/test/auto/ClockDriftChange.xml
10 ms. Memory: 51200K Free: 29141K (57%)
----------------- Invoking toplevel() on ptolemy.moml.MoMLSimpleApplication@e5f274a
----------------- Done invoking toplevel() on ptolemy.moml.MoMLSimpleApplication@e5f274a
reloadAllAccessors: .ClockDriftChange

===========================================================================================
----------------- testing Sat Mar 14 07:13:52 UTC 2020 /home/travis/build/icyphy/ptII/ptolemy/domains/de/test/auto/ComposableCausalityAnalysis.xml
----------------- Instantiating /home/travis/build/icyphy/ptII/ptolemy/domains/de/test/auto/ComposableCausalityAnalysis.xml
1 ms. Memory: 51200K Free: 23368K (46%)
----------------- Invoking toplevel() on ptolemy.moml.MoMLSimpleApplication@f9fe370
----------------- Done invoking toplevel() on ptolemy.moml.MoMLSimpleApplication@f9fe370
reloadAllAccessors: .ComposableCausalityAnalysis

===========================================================================================
----------------- testing Sat Mar 14 07:13:52 UTC 2020 /home/travis/build/icyphy/ptII/ptolemy/domains/de/test/auto/DEFixedPointLimitation.xml
----------------- Instantiating /home/travis/build/icyphy/ptII/ptolemy/domains/de/test/auto/DEFixedPointLimitation.xml
0 ms. Memory: 51200K Free: 18783K (37%)
----------------- Invoking toplevel() on ptolemy.moml.MoMLSimpleApplication@6406eaef
----------------- Done invoking toplevel() on ptolemy.moml.MoMLSimpleApplication@6406eaef
reloadAllAccessors: .DEFixedPointLimitation

===========================================================================================
----------------- testing Sat Mar 14 07:13:52 UTC 2020 /home/travis/build/icyphy/ptII/ptolemy/domains/de/test/auto/DEScheduleTest.xml
----------------- Instantiating /home/travis/build/icyphy/ptII/ptolemy/domains/de/test/auto/DEScheduleTest.xml
2 ms. Memory: 51200K Free: 14478K (28%)
----------------- Invoking toplevel() on ptolemy.moml.MoMLSimpleApplication@3c5c1b15
----------------- Done invoking toplevel() on ptolemy.moml.MoMLSimpleApplication@3c5c1b15
reloadAllAccessors: .DEScheduleTest

===========================================================================================
----------------- testing Sat Mar 14 07:13:52 UTC 2020 /home/travis/build/icyphy/ptII/ptolemy/domains/de/test/auto/DEinDEwithStartTimes.xml
----------------- Instantiating /home/travis/build/icyphy/ptII/ptolemy/domains/de/test/auto/DEinDEwithStartTimes.xml
2 ms. Memory: 51200K Free: 8607K (17%)
----------------- Invoking toplevel() on ptolemy.moml.MoMLSimpleApplication@b260402
----------------- Done invoking toplevel() on ptolemy.moml.MoMLSimpleApplication@b260402
reloadAllAccessors: .DEinDEwithStartTimes

===========================================================================================
----------------- testing Sat Mar 14 07:13:52 UTC 2020 /home/travis/build/icyphy/ptII/ptolemy/domains/de/test/auto/DEinDEwithStartTimes2.xml
----------------- Instantiating /home/travis/build/icyphy/ptII/ptolemy/domains/de/test/auto/DEinDEwithStartTimes2.xml
2 ms. Memory: 51200K Free: 29887K (58%)
----------------- Invoking toplevel() on ptolemy.moml.MoMLSimpleApplication@7531a391
----------------- Done invoking toplevel() on ptolemy.moml.MoMLSimpleApplication@7531a391
reloadAllAccessors: .DEinDEwithStartTimes2

===========================================================================================
----------------- testing Sat Mar 14 07:13:52 UTC 2020 /home/travis/build/icyphy/ptII/ptolemy/domains/de/test/auto/DateDemo.xml
----------------- Instantiating /home/travis/build/icyphy/ptII/ptolemy/domains/de/test/auto/DateDemo.xml
7 ms. Memory: 51200K Free: 18863K (37%)
----------------- Invoking toplevel() on ptolemy.moml.MoMLSimpleApplication@78caa91a
----------------- Done invoking toplevel() on ptolemy.moml.MoMLSimpleApplication@78caa91a
reloadAllAccessors: .DateDemo

===========================================================================================
----------------- testing Sat Mar 14 07:13:52 UTC 2020 /home/travis/build/icyphy/ptII/ptolemy/domains/de/test/auto/DateToEvent.xml
----------------- Instantiating /home/travis/build/icyphy/ptII/ptolemy/domains/de/test/auto/DateToEvent.xml
2005 ms. Memory: 51200K Free: 29620K (58%)
----------------- Invoking toplevel() on ptolemy.moml.MoMLSimpleApplication@14657800
----------------- Done invoking toplevel() on ptolemy.moml.MoMLSimpleApplication@14657800
reloadAllAccessors: .DateToEvent

===========================================================================================
----------------- testing Sat Mar 14 07:13:54 UTC 2020 /home/travis/build/icyphy/ptII/ptolemy/domains/de/test/auto/DepthTest1.xml
----------------- Instantiating /home/travis/build/icyphy/ptII/ptolemy/domains/de/test/auto/DepthTest1.xml
1 ms. Memory: 51200K Free: 26903K (53%)
----------------- Invoking toplevel() on ptolemy.moml.MoMLSimpleApplication@58e6a91
----------------- Done invoking toplevel() on ptolemy.moml.MoMLSimpleApplication@58e6a91
reloadAllAccessors: .DepthTest1

===========================================================================================
----------------- testing Sat Mar 14 07:13:54 UTC 2020 /home/travis/build/icyphy/ptII/ptolemy/domains/de/test/auto/DepthTest2.xml
----------------- Instantiating /home/travis/build/icyphy/ptII/ptolemy/domains/de/test/auto/DepthTest2.xml
2 ms. Memory: 51200K Free: 20357K (40%)
----------------- Invoking toplevel() on ptolemy.moml.MoMLSimpleApplication@7c2b506a
----------------- Done invoking toplevel() on ptolemy.moml.MoMLSimpleApplication@7c2b506a
reloadAllAccessors: .DepthTest2

===========================================================================================
----------------- testing Sat Mar 14 07:13:54 UTC 2020 /home/travis/build/icyphy/ptII/ptolemy/domains/de/test/auto/DepthTest3.xml
----------------- Instantiating /home/travis/build/icyphy/ptII/ptolemy/domains/de/test/auto/DepthTest3.xml
2 ms. Memory: 51200K Free: 17501K (34%)
----------------- Invoking toplevel() on ptolemy.moml.MoMLSimpleApplication@21642126
----------------- Done invoking toplevel() on ptolemy.moml.MoMLSimpleApplication@21642126
reloadAllAccessors: .DepthTest3

===========================================================================================
----------------- testing Sat Mar 14 07:13:54 UTC 2020 /home/travis/build/icyphy/ptII/ptolemy/domains/de/test/auto/DepthTest4.xml
----------------- Instantiating /home/travis/build/icyphy/ptII/ptolemy/domains/de/test/auto/DepthTest4.xml
11 ms. Memory: 51200K Free: 12567K (25%)
----------------- Invoking toplevel() on ptolemy.moml.MoMLSimpleApplication@772d018e
----------------- Done invoking toplevel() on ptolemy.moml.MoMLSimpleApplication@772d018e
reloadAllAccessors: .DepthTest4

===========================================================================================
----------------- testing Sat Mar 14 07:13:54 UTC 2020 /home/travis/build/icyphy/ptII/ptolemy/domains/de/test/auto/DepthTest5.xml
----------------- Instantiating /home/travis/build/icyphy/ptII/ptolemy/domains/de/test/auto/DepthTest5.xml
2 ms. Memory: 51200K Free: 34081K (67%)
----------------- Invoking toplevel() on ptolemy.moml.MoMLSimpleApplication@505934aa
----------------- Done invoking toplevel() on ptolemy.moml.MoMLSimpleApplication@505934aa
reloadAllAccessors: .DepthTest5

===========================================================================================
----------------- testing Sat Mar 14 07:13:54 UTC 2020 /home/travis/build/icyphy/ptII/ptolemy/domains/de/test/auto/DepthTest6.xml
----------------- Instantiating /home/travis/build/icyphy/ptII/ptolemy/domains/de/test/auto/DepthTest6.xml
3 ms. Memory: 51200K Free: 28769K (56%)
----------------- Invoking toplevel() on ptolemy.moml.MoMLSimpleApplication@57d135c9
----------------- Done invoking toplevel() on ptolemy.moml.MoMLSimpleApplication@57d135c9
reloadAllAccessors: .DepthTest6

===========================================================================================
----------------- testing Sat Mar 14 07:13:54 UTC 2020 /home/travis/build/icyphy/ptII/ptolemy/domains/de/test/auto/DepthTest7.xml
----------------- Instantiating /home/travis/build/icyphy/ptII/ptolemy/domains/de/test/auto/DepthTest7.xml
2 ms. Memory: 51200K Free: 23827K (47%)
----------------- Invoking toplevel() on ptolemy.moml.MoMLSimpleApplication@3412f0d0
----------------- Done invoking toplevel() on ptolemy.moml.MoMLSimpleApplication@3412f0d0
reloadAllAccessors: .DepthTest7

===========================================================================================
----------------- testing Sat Mar 14 07:13:54 UTC 2020 /home/travis/build/icyphy/ptII/ptolemy/domains/de/test/auto/EventToDate.xml
----------------- Instantiating /home/travis/build/icyphy/ptII/ptolemy/domains/de/test/auto/EventToDate.xml
3004 ms. Memory: 51200K Free: 10529K (21%)
----------------- Invoking toplevel() on ptolemy.moml.MoMLSimpleApplication@10624232
----------------- Done invoking toplevel() on ptolemy.moml.MoMLSimpleApplication@10624232
reloadAllAccessors: .EventToDate

===========================================================================================
----------------- testing Sat Mar 14 07:13:58 UTC 2020 /home/travis/build/icyphy/ptII/ptolemy/domains/de/test/auto/FSM1.xml
----------------- Instantiating /home/travis/build/icyphy/ptII/ptolemy/domains/de/test/auto/FSM1.xml
21 ms. Memory: 51200K Free: 25071K (49%)
----------------- Invoking toplevel() on ptolemy.moml.MoMLSimpleApplication@7d434ff5
----------------- Done invoking toplevel() on ptolemy.moml.MoMLSimpleApplication@7d434ff5
reloadAllAccessors: .FSM1

===========================================================================================
----------------- testing Sat Mar 14 07:13:58 UTC 2020 /home/travis/build/icyphy/ptII/ptolemy/domains/de/test/auto/FSM7.xml
----------------- Instantiating /home/travis/build/icyphy/ptII/ptolemy/domains/de/test/auto/FSM7.xml
31 ms. Memory: 51200K Free: 12759K (25%)
----------------- Invoking toplevel() on ptolemy.moml.MoMLSimpleApplication@30606b49
----------------- Done invoking toplevel() on ptolemy.moml.MoMLSimpleApplication@30606b49
reloadAllAccessors: .FSM7

===========================================================================================
----------------- testing Sat Mar 14 07:13:58 UTC 2020 /home/travis/build/icyphy/ptII/ptolemy/domains/de/test/auto/Inspection.xml
----------------- Instantiating /home/travis/build/icyphy/ptII/ptolemy/domains/de/test/auto/Inspection.xml
13 ms. Memory: 51200K Free: 27165K (53%)
----------------- Invoking toplevel() on ptolemy.moml.MoMLSimpleApplication@19cb47ba
----------------- Done invoking toplevel() on ptolemy.moml.MoMLSimpleApplication@19cb47ba
reloadAllAccessors: .Inspection

===========================================================================================
----------------- testing Sat Mar 14 07:13:58 UTC 2020 /home/travis/build/icyphy/ptII/ptolemy/domains/de/test/auto/Iteration.xml
----------------- Instantiating /home/travis/build/icyphy/ptII/ptolemy/domains/de/test/auto/Iteration.xml
12 ms. Memory: 51200K Free: 20239K (40%)
----------------- Invoking toplevel() on ptolemy.moml.MoMLSimpleApplication@34f40b25
----------------- Done invoking toplevel() on ptolemy.moml.MoMLSimpleApplication@34f40b25
reloadAllAccessors: .Iteration

===========================================================================================
----------------- testing Sat Mar 14 07:13:58 UTC 2020 /home/travis/build/icyphy/ptII/ptolemy/domains/de/test/auto/LineFault.xml
----------------- Instantiating /home/travis/build/icyphy/ptII/ptolemy/domains/de/test/auto/LineFault.xml
480 ms. Memory: 51200K Free: 32420K (63%)
----------------- Invoking toplevel() on ptolemy.moml.MoMLSimpleApplication@784b25ec
----------------- Done invoking toplevel() on ptolemy.moml.MoMLSimpleApplication@784b25ec
reloadAllAccessors: .LineFault

===========================================================================================
----------------- testing Sat Mar 14 07:13:58 UTC 2020 /home/travis/build/icyphy/ptII/ptolemy/domains/de/test/auto/MergeModel1Add.xml
----------------- Instantiating /home/travis/build/icyphy/ptII/ptolemy/domains/de/test/auto/MergeModel1Add.xml
7 ms. Memory: 51200K Free: 13356K (26%)
----------------- Invoking toplevel() on ptolemy.moml.MoMLSimpleApplication@69cad02b
----------------- Done invoking toplevel() on ptolemy.moml.MoMLSimpleApplication@69cad02b
reloadAllAccessors: .MergeModel1Add

===========================================================================================
----------------- testing Sat Mar 14 07:13:58 UTC 2020 /home/travis/build/icyphy/ptII/ptolemy/domains/de/test/auto/MergeModel2Add.xml
----------------- Instantiating /home/travis/build/icyphy/ptII/ptolemy/domains/de/test/auto/MergeModel2Add.xml
5 ms. Memory: 51200K Free: 21314K (42%)
----------------- Invoking toplevel() on ptolemy.moml.MoMLSimpleApplication@78772a8b
----------------- Done invoking toplevel() on ptolemy.moml.MoMLSimpleApplication@78772a8b
reloadAllAccessors: .MergeModel2Add

===========================================================================================
----------------- testing Sat Mar 14 07:13:58 UTC 2020 /home/travis/build/icyphy/ptII/ptolemy/domains/de/test/auto/MergeModel3Add.xml
----------------- Instantiating /home/travis/build/icyphy/ptII/ptolemy/domains/de/test/auto/MergeModel3Add.xml
6 ms. Memory: 51200K Free: 28714K (56%)
----------------- Invoking toplevel() on ptolemy.moml.MoMLSimpleApplication@5922c7a4
----------------- Done invoking toplevel() on ptolemy.moml.MoMLSimpleApplication@5922c7a4
reloadAllAccessors: .MergeModel3Add

===========================================================================================
----------------- testing Sat Mar 14 07:13:58 UTC 2020 /home/travis/build/icyphy/ptII/ptolemy/domains/de/test/auto/MergeWithoutDiscard.xml
----------------- Instantiating /home/travis/build/icyphy/ptII/ptolemy/domains/de/test/auto/MergeWithoutDiscard.xml
1 ms. Memory: 51200K Free: 24548K (48%)
----------------- Invoking toplevel() on ptolemy.moml.MoMLSimpleApplication@4e9cb2c3
----------------- Done invoking toplevel() on ptolemy.moml.MoMLSimpleApplication@4e9cb2c3
reloadAllAccessors: .MergeWithoutDiscard

===========================================================================================
----------------- testing Sat Mar 14 07:13:58 UTC 2020 /home/travis/build/icyphy/ptII/ptolemy/domains/de/test/auto/Modal1.xml
----------------- Instantiating /home/travis/build/icyphy/ptII/ptolemy/domains/de/test/auto/Modal1.xml
10 ms. Memory: 51200K Free: 12330K (24%)
----------------- Invoking toplevel() on ptolemy.moml.MoMLSimpleApplication@6c98511c
----------------- Done invoking toplevel() on ptolemy.moml.MoMLSimpleApplication@6c98511c
reloadAllAccessors: .Modal1

===========================================================================================
----------------- testing Sat Mar 14 07:13:58 UTC 2020 /home/travis/build/icyphy/ptII/ptolemy/domains/de/test/auto/Modal2.xml
----------------- Instantiating /home/travis/build/icyphy/ptII/ptolemy/domains/de/test/auto/Modal2.xml
10 ms. Memory: 51200K Free: 25012K (49%)
----------------- Invoking toplevel() on ptolemy.moml.MoMLSimpleApplication@35baee5
----------------- Done invoking toplevel() on ptolemy.moml.MoMLSimpleApplication@35baee5
reloadAllAccessors: .Modal2

===========================================================================================
----------------- testing Sat Mar 14 07:13:59 UTC 2020 /home/travis/build/icyphy/ptII/ptolemy/domains/de/test/auto/Modal3.xml
----------------- Instantiating /home/travis/build/icyphy/ptII/ptolemy/domains/de/test/auto/Modal3.xml
8 ms. Memory: 51200K Free: 12463K (24%)
----------------- Invoking toplevel() on ptolemy.moml.MoMLSimpleApplication@5bb8a528
----------------- Done invoking toplevel() on ptolemy.moml.MoMLSimpleApplication@5bb8a528
reloadAllAccessors: .Modal3

===========================================================================================
----------------- testing Sat Mar 14 07:13:59 UTC 2020 /home/travis/build/icyphy/ptII/ptolemy/domains/de/test/auto/Modal4.xml
----------------- Instantiating /home/travis/build/icyphy/ptII/ptolemy/domains/de/test/auto/Modal4.xml
15 ms. Memory: 51200K Free: 24057K (47%)
----------------- Invoking toplevel() on ptolemy.moml.MoMLSimpleApplication@75171bd8
----------------- Done invoking toplevel() on ptolemy.moml.MoMLSimpleApplication@75171bd8
reloadAllAccessors: .Modal4

===========================================================================================
----------------- testing Sat Mar 14 07:13:59 UTC 2020 /home/travis/build/icyphy/ptII/ptolemy/domains/de/test/auto/Modal5.xml
----------------- Instantiating /home/travis/build/icyphy/ptII/ptolemy/domains/de/test/auto/Modal5.xml
10 ms. Memory: 51200K Free: 10951K (21%)
----------------- Invoking toplevel() on ptolemy.moml.MoMLSimpleApplication@4afac6ed
----------------- Done invoking toplevel() on ptolemy.moml.MoMLSimpleApplication@4afac6ed
reloadAllAccessors: .Modal5

===========================================================================================
----------------- testing Sat Mar 14 07:13:59 UTC 2020 /home/travis/build/icyphy/ptII/ptolemy/domains/de/test/auto/Modal6.xml
----------------- Instantiating /home/travis/build/icyphy/ptII/ptolemy/domains/de/test/auto/Modal6.xml
13 ms. Memory: 51200K Free: 23093K (45%)
----------------- Invoking toplevel() on ptolemy.moml.MoMLSimpleApplication@4606d4e3
----------------- Done invoking toplevel() on ptolemy.moml.MoMLSimpleApplication@4606d4e3
reloadAllAccessors: .Modal6

===========================================================================================
----------------- testing Sat Mar 14 07:13:59 UTC 2020 /home/travis/build/icyphy/ptII/ptolemy/domains/de/test/auto/Modal7.xml
----------------- Instantiating /home/travis/build/icyphy/ptII/ptolemy/domains/de/test/auto/Modal7.xml
12 ms. Memory: 51200K Free: 34437K (67%)
----------------- Invoking toplevel() on ptolemy.moml.MoMLSimpleApplication@4f57c57b
----------------- Done invoking toplevel() on ptolemy.moml.MoMLSimpleApplication@4f57c57b
reloadAllAccessors: .Modal7

===========================================================================================
----------------- testing Sat Mar 14 07:13:59 UTC 2020 /home/travis/build/icyphy/ptII/ptolemy/domains/de/test/auto/ModalModel.xml
----------------- Instantiating /home/travis/build/icyphy/ptII/ptolemy/domains/de/test/auto/ModalModel.xml
124 ms. Memory: 61440K Free: 25877K (42%)
----------------- Invoking toplevel() on ptolemy.moml.MoMLSimpleApplication@6184ac21
----------------- Done invoking toplevel() on ptolemy.moml.MoMLSimpleApplication@6184ac21
reloadAllAccessors: .ModalModel

===========================================================================================
----------------- testing Sat Mar 14 07:13:59 UTC 2020 /home/travis/build/icyphy/ptII/ptolemy/domains/de/test/auto/ModalSource.xml
----------------- Instantiating /home/travis/build/icyphy/ptII/ptolemy/domains/de/test/auto/ModalSource.xml
6 ms. Memory: 61440K Free: 17510K (28%)
----------------- Invoking toplevel() on ptolemy.moml.MoMLSimpleApplication@2605b9bb
----------------- Done invoking toplevel() on ptolemy.moml.MoMLSimpleApplication@2605b9bb
reloadAllAccessors: .ModalSource

===========================================================================================
----------------- testing Sat Mar 14 07:13:59 UTC 2020 /home/travis/build/icyphy/ptII/ptolemy/domains/de/test/auto/NonInterruptibleTimerZeroDelay.xml
----------------- Instantiating /home/travis/build/icyphy/ptII/ptolemy/domains/de/test/auto/NonInterruptibleTimerZeroDelay.xml
2 ms. Memory: 61440K Free: 43297K (70%)
----------------- Invoking toplevel() on ptolemy.moml.MoMLSimpleApplication@74e5f07
----------------- Done invoking toplevel() on ptolemy.moml.MoMLSimpleApplication@74e5f07
reloadAllAccessors: .NonInterruptibleTimerZeroDelay

===========================================================================================
----------------- testing Sat Mar 14 07:13:59 UTC 2020 /home/travis/build/icyphy/ptII/ptolemy/domains/de/test/auto/OpenQueueingNetwork.xml
----------------- Instantiating /home/travis/build/icyphy/ptII/ptolemy/domains/de/test/auto/OpenQueueingNetwork.xml
2467 ms. Memory: 133120K Free: 71127K (53%)
----------------- Invoking toplevel() on ptolemy.moml.MoMLSimpleApplication@5e5de2f0
----------------- Done invoking toplevel() on ptolemy.moml.MoMLSimpleApplication@5e5de2f0
reloadAllAccessors: .OpenQueueingNetwork

===========================================================================================
----------------- testing Sat Mar 14 07:14:01 UTC 2020 /home/travis/build/icyphy/ptII/ptolemy/domains/de/test/auto/OpenQueuingNetwork.xml
----------------- Instantiating /home/travis/build/icyphy/ptII/ptolemy/domains/de/test/auto/OpenQueuingNetwork.xml
266 ms. Memory: 171008K Free: 104848K (61%)
----------------- Invoking toplevel() on ptolemy.moml.MoMLSimpleApplication@7860d91d
----------------- Done invoking toplevel() on ptolemy.moml.MoMLSimpleApplication@7860d91d
reloadAllAccessors: .OpenQueuingNetwork

===========================================================================================
----------------- testing Sat Mar 14 07:14:02 UTC 2020 /home/travis/build/icyphy/ptII/ptolemy/domains/de/test/auto/PeriodicSampler.xml
----------------- Instantiating /home/travis/build/icyphy/ptII/ptolemy/domains/de/test/auto/PeriodicSampler.xml
4 ms. Memory: 171008K Free: 100407K (59%)
----------------- Invoking toplevel() on ptolemy.moml.MoMLSimpleApplication@29e93630
----------------- Done invoking toplevel() on ptolemy.moml.MoMLSimpleApplication@29e93630
reloadAllAccessors: .PeriodicSampler

===========================================================================================
----------------- testing Sat Mar 14 07:14:02 UTC 2020 /home/travis/build/icyphy/ptII/ptolemy/domains/de/test/auto/PersistentIO.xml
----------------- Instantiating /home/travis/build/icyphy/ptII/ptolemy/domains/de/test/auto/PersistentIO.xml
4 ms. Memory: 171008K Free: 91191K (53%)
----------------- Invoking toplevel() on ptolemy.moml.MoMLSimpleApplication@12db95d0
----------------- Done invoking toplevel() on ptolemy.moml.MoMLSimpleApplication@12db95d0
reloadAllAccessors: .PersistentIO

===========================================================================================
----------------- testing Sat Mar 14 07:14:02 UTC 2020 /home/travis/build/icyphy/ptII/ptolemy/domains/de/test/auto/PortParameterResetOnInitialize.xml
----------------- Instantiating /home/travis/build/icyphy/ptII/ptolemy/domains/de/test/auto/PortParameterResetOnInitialize.xml
1 ms. Memory: 171008K Free: 86567K (51%)
----------------- Invoking toplevel() on ptolemy.moml.MoMLSimpleApplication@66c58973
----------------- Done invoking toplevel() on ptolemy.moml.MoMLSimpleApplication@66c58973
reloadAllAccessors: .PortParameterResetOnInitialize

===========================================================================================
----------------- testing Sat Mar 14 07:14:02 UTC 2020 /home/travis/build/icyphy/ptII/ptolemy/domains/de/test/auto/PortParameterUpdates.xml
----------------- Instantiating /home/travis/build/icyphy/ptII/ptolemy/domains/de/test/auto/PortParameterUpdates.xml
3 ms. Memory: 171008K Free: 79927K (47%)
----------------- Invoking toplevel() on ptolemy.moml.MoMLSimpleApplication@6256e90d
----------------- Done invoking toplevel() on ptolemy.moml.MoMLSimpleApplication@6256e90d
reloadAllAccessors: .PortParameterUpdates

===========================================================================================
----------------- testing Sat Mar 14 07:14:02 UTC 2020 /home/travis/build/icyphy/ptII/ptolemy/domains/de/test/auto/QueueAndServer.xml
----------------- Instantiating /home/travis/build/icyphy/ptII/ptolemy/domains/de/test/auto/QueueAndServer.xml
4 ms. Memory: 171008K Free: 72245K (42%)
----------------- Invoking toplevel() on ptolemy.moml.MoMLSimpleApplication@593b516f
----------------- Done invoking toplevel() on ptolemy.moml.MoMLSimpleApplication@593b516f
reloadAllAccessors: .QueueAndServer

===========================================================================================
----------------- testing Sat Mar 14 07:14:02 UTC 2020 /home/travis/build/icyphy/ptII/ptolemy/domains/de/test/auto/Records.xml
----------------- Instantiating /home/travis/build/icyphy/ptII/ptolemy/domains/de/test/auto/Records.xml
7 ms. Memory: 171008K Free: 66615K (39%)
----------------- Invoking toplevel() on ptolemy.moml.MoMLSimpleApplication@5928627a
----------------- Done invoking toplevel() on ptolemy.moml.MoMLSimpleApplication@5928627a
reloadAllAccessors: .Records

===========================================================================================
----------------- testing Sat Mar 14 07:14:02 UTC 2020 /home/travis/build/icyphy/ptII/ptolemy/domains/de/test/auto/ResetTransitionWithStartTime1.xml
----------------- Instantiating /home/travis/build/icyphy/ptII/ptolemy/domains/de/test/auto/ResetTransitionWithStartTime1.xml
4 ms. Memory: 171008K Free: 149872K (88%)
----------------- Invoking toplevel() on ptolemy.moml.MoMLSimpleApplication@5db64dab
----------------- Done invoking toplevel() on ptolemy.moml.MoMLSimpleApplication@5db64dab
reloadAllAccessors: .ResetTransitionWithStartTime1

===========================================================================================
----------------- testing Sat Mar 14 07:14:02 UTC 2020 /home/travis/build/icyphy/ptII/ptolemy/domains/de/test/auto/ResetTransitionWithStartTime2.xml
----------------- Instantiating /home/travis/build/icyphy/ptII/ptolemy/domains/de/test/auto/ResetTransitionWithStartTime2.xml
4 ms. Memory: 171008K Free: 141680K (83%)
----------------- Invoking toplevel() on ptolemy.moml.MoMLSimpleApplication@cfbd402
----------------- Done invoking toplevel() on ptolemy.moml.MoMLSimpleApplication@cfbd402
reloadAllAccessors: .ResetTransitionWithStartTime2

===========================================================================================
----------------- testing Sat Mar 14 07:14:02 UTC 2020 /home/travis/build/icyphy/ptII/ptolemy/domains/de/test/auto/ResetTransitionWithStartTime3.xml
----------------- Instantiating /home/travis/build/icyphy/ptII/ptolemy/domains/de/test/auto/ResetTransitionWithStartTime3.xml
5 ms. Memory: 171008K Free: 133488K (78%)
----------------- Invoking toplevel() on ptolemy.moml.MoMLSimpleApplication@3e170de
----------------- Done invoking toplevel() on ptolemy.moml.MoMLSimpleApplication@3e170de
reloadAllAccessors: .ResetTransitionWithStartTime3

===========================================================================================
----------------- testing Sat Mar 14 07:14:02 UTC 2020 /home/travis/build/icyphy/ptII/ptolemy/domains/de/test/auto/ResetTransitionWithStartTime4.xml
----------------- Instantiating /home/travis/build/icyphy/ptII/ptolemy/domains/de/test/auto/ResetTransitionWithStartTime4.xml
3 ms. Memory: 171008K Free: 125800K (74%)
----------------- Invoking toplevel() on ptolemy.moml.MoMLSimpleApplication@4de2493
----------------- Done invoking toplevel() on ptolemy.moml.MoMLSimpleApplication@4de2493
reloadAllAccessors: .ResetTransitionWithStartTime4

===========================================================================================
----------------- testing Sat Mar 14 07:14:02 UTC 2020 /home/travis/build/icyphy/ptII/ptolemy/domains/de/test/auto/ResettableTimer1.xml
----------------- Instantiating /home/travis/build/icyphy/ptII/ptolemy/domains/de/test/auto/ResettableTimer1.xml
2 ms. Memory: 171008K Free: 121696K (71%)
----------------- Invoking toplevel() on ptolemy.moml.MoMLSimpleApplication@3f849115
----------------- Done invoking toplevel() on ptolemy.moml.MoMLSimpleApplication@3f849115
reloadAllAccessors: .ResettableTimer1

===========================================================================================
----------------- testing Sat Mar 14 07:14:02 UTC 2020 /home/travis/build/icyphy/ptII/ptolemy/domains/de/test/auto/ResettableTimer2.xml
----------------- Instantiating /home/travis/build/icyphy/ptII/ptolemy/domains/de/test/auto/ResettableTimer2.xml
1 ms. Memory: 171008K Free: 117584K (69%)
----------------- Invoking toplevel() on ptolemy.moml.MoMLSimpleApplication@561986ef
----------------- Done invoking toplevel() on ptolemy.moml.MoMLSimpleApplication@561986ef
reloadAllAccessors: .ResettableTimer2

===========================================================================================
----------------- testing Sat Mar 14 07:14:02 UTC 2020 /home/travis/build/icyphy/ptII/ptolemy/domains/de/test/auto/ResettableTimer3.xml
----------------- Instantiating /home/travis/build/icyphy/ptII/ptolemy/domains/de/test/auto/ResettableTimer3.xml
2 ms. Memory: 171008K Free: 113518K (66%)
----------------- Invoking toplevel() on ptolemy.moml.MoMLSimpleApplication@1eeef6a2
----------------- Done invoking toplevel() on ptolemy.moml.MoMLSimpleApplication@1eeef6a2
reloadAllAccessors: .ResettableTimer3

===========================================================================================
----------------- testing Sat Mar 14 07:14:02 UTC 2020 /home/travis/build/icyphy/ptII/ptolemy/domains/de/test/auto/ResettableTimer4.xml
----------------- Instantiating /home/travis/build/icyphy/ptII/ptolemy/domains/de/test/auto/ResettableTimer4.xml
1 ms. Memory: 171008K Free: 109422K (64%)
----------------- Invoking toplevel() on ptolemy.moml.MoMLSimpleApplication@6a3258a8
----------------- Done invoking toplevel() on ptolemy.moml.MoMLSimpleApplication@6a3258a8
reloadAllAccessors: .ResettableTimer4

===========================================================================================
----------------- testing Sat Mar 14 07:14:02 UTC 2020 /home/travis/build/icyphy/ptII/ptolemy/domains/de/test/auto/ResettableTimer5.xml
----------------- Instantiating /home/travis/build/icyphy/ptII/ptolemy/domains/de/test/auto/ResettableTimer5.xml
2 ms. Memory: 171008K Free: 104816K (61%)
----------------- Invoking toplevel() on ptolemy.moml.MoMLSimpleApplication@40ed03fe
----------------- Done invoking toplevel() on ptolemy.moml.MoMLSimpleApplication@40ed03fe
reloadAllAccessors: .ResettableTimer5

===========================================================================================
----------------- testing Sat Mar 14 07:14:02 UTC 2020 /home/travis/build/icyphy/ptII/ptolemy/domains/de/test/auto/ResettableTimer6.xml
----------------- Instantiating /home/travis/build/icyphy/ptII/ptolemy/domains/de/test/auto/ResettableTimer6.xml
7 ms. Memory: 171008K Free: 100204K (59%)
----------------- Invoking toplevel() on ptolemy.moml.MoMLSimpleApplication@669a2f0e
----------------- Done invoking toplevel() on ptolemy.moml.MoMLSimpleApplication@669a2f0e
reloadAllAccessors: .ResettableTimer6

===========================================================================================
----------------- testing Sat Mar 14 07:14:02 UTC 2020 /home/travis/build/icyphy/ptII/ptolemy/domains/de/test/auto/ServerZeroDelay.xml
----------------- Instantiating /home/travis/build/icyphy/ptII/ptolemy/domains/de/test/auto/ServerZeroDelay.xml
2 ms. Memory: 171008K Free: 96104K (56%)
----------------- Invoking toplevel() on ptolemy.moml.MoMLSimpleApplication@42072db8
----------------- Done invoking toplevel() on ptolemy.moml.MoMLSimpleApplication@42072db8
reloadAllAccessors: .ServerZeroDelay

===========================================================================================
----------------- testing Sat Mar 14 07:14:02 UTC 2020 /home/travis/build/icyphy/ptII/ptolemy/domains/de/test/auto/SmartSender.xml
----------------- Instantiating /home/travis/build/icyphy/ptII/ptolemy/domains/de/test/auto/SmartSender.xml
3001 ms. Memory: 171008K Free: 92014K (54%)
----------------- Invoking toplevel() on ptolemy.moml.MoMLSimpleApplication@2e5ed3e
----------------- Done invoking toplevel() on ptolemy.moml.MoMLSimpleApplication@2e5ed3e
reloadAllAccessors: .SmartSender

===========================================================================================
----------------- testing Sat Mar 14 07:14:05 UTC 2020 /home/travis/build/icyphy/ptII/ptolemy/domains/de/test/auto/ThreadedComposite.xml
----------------- Instantiating /home/travis/build/icyphy/ptII/ptolemy/domains/de/test/auto/ThreadedComposite.xml
192 ms. Memory: 171008K Free: 67952K (40%)
----------------- Invoking toplevel() on ptolemy.moml.MoMLSimpleApplication@66f7dd1f
----------------- Done invoking toplevel() on ptolemy.moml.MoMLSimpleApplication@66f7dd1f
reloadAllAccessors: .ThreadedComposite

===========================================================================================
----------------- testing Sat Mar 14 07:14:05 UTC 2020 /home/travis/build/icyphy/ptII/ptolemy/domains/de/test/auto/Time.xml
----------------- Instantiating /home/travis/build/icyphy/ptII/ptolemy/domains/de/test/auto/Time.xml
395 ms. Memory: 171008K Free: 110195K (64%)
----------------- Invoking toplevel() on ptolemy.moml.MoMLSimpleApplication@73537983
----------------- Done invoking toplevel() on ptolemy.moml.MoMLSimpleApplication@73537983
reloadAllAccessors: .Time

===========================================================================================
----------------- testing Sat Mar 14 07:14:06 UTC 2020 /home/travis/build/icyphy/ptII/ptolemy/domains/de/test/auto/TimeDelayZeroDelay.xml
----------------- Instantiating /home/travis/build/icyphy/ptII/ptolemy/domains/de/test/auto/TimeDelayZeroDelay.xml
3 ms. Memory: 171008K Free: 106047K (62%)
----------------- Invoking toplevel() on ptolemy.moml.MoMLSimpleApplication@159510ec
----------------- Done invoking toplevel() on ptolemy.moml.MoMLSimpleApplication@159510ec
reloadAllAccessors: .TimeDelayZeroDelay

===========================================================================================
----------------- testing Sat Mar 14 07:14:06 UTC 2020 /home/travis/build/icyphy/ptII/ptolemy/domains/de/test/auto/TimerZeroDelay.xml
----------------- Instantiating /home/travis/build/icyphy/ptII/ptolemy/domains/de/test/auto/TimerZeroDelay.xml
2 ms. Memory: 171008K Free: 101951K (60%)
----------------- Invoking toplevel() on ptolemy.moml.MoMLSimpleApplication@48d0e320
----------------- Done invoking toplevel() on ptolemy.moml.MoMLSimpleApplication@48d0e320
reloadAllAccessors: .TimerZeroDelay

===========================================================================================
----------------- testing Sat Mar 14 07:14:06 UTC 2020 /home/travis/build/icyphy/ptII/ptolemy/domains/de/test/auto/TimingParadox.xml
----------------- Instantiating /home/travis/build/icyphy/ptII/ptolemy/domains/de/test/auto/TimingParadox.xml
260 ms. Memory: 171008K Free: 132974K (78%)
----------------- Invoking toplevel() on ptolemy.moml.MoMLSimpleApplication@6d53be16
----------------- Done invoking toplevel() on ptolemy.moml.MoMLSimpleApplication@6d53be16
reloadAllAccessors: .TimingParadox

===========================================================================================
----------------- testing Sat Mar 14 07:14:06 UTC 2020 /home/travis/build/icyphy/ptII/ptolemy/domains/de/test/auto/TransferInputs.xml
----------------- Instantiating /home/travis/build/icyphy/ptII/ptolemy/domains/de/test/auto/TransferInputs.xml
1 ms. Memory: 171008K Free: 128112K (75%)
----------------- Invoking toplevel() on ptolemy.moml.MoMLSimpleApplication@5cea491b
----------------- Done invoking toplevel() on ptolemy.moml.MoMLSimpleApplication@5cea491b
reloadAllAccessors: .TransferInputs

===========================================================================================
----------------- testing Sat Mar 14 07:14:06 UTC 2020 /home/travis/build/icyphy/ptII/ptolemy/domains/de/test/auto/TransferOutputs2.xml
----------------- Instantiating /home/travis/build/icyphy/ptII/ptolemy/domains/de/test/auto/TransferOutputs2.xml
2 ms. Memory: 171008K Free: 120434K (70%)
----------------- Invoking toplevel() on ptolemy.moml.MoMLSimpleApplication@79e4ecb8
----------------- Done invoking toplevel() on ptolemy.moml.MoMLSimpleApplication@79e4ecb8
reloadAllAccessors: .TransferOutputs2

===========================================================================================
----------------- testing Sat Mar 14 07:14:06 UTC 2020 /home/travis/build/icyphy/ptII/ptolemy/domains/de/test/auto/Trilateration.xml
----------------- Instantiating /home/travis/build/icyphy/ptII/ptolemy/domains/de/test/auto/Trilateration.xml
10070 ms. Memory: 380928K Free: 172476K (45%)
----------------- Invoking toplevel() on ptolemy.moml.MoMLSimpleApplication@28181871
----------------- Done invoking toplevel() on ptolemy.moml.MoMLSimpleApplication@28181871
reloadAllAccessors: .Trilateration

===========================================================================================
----------------- testing Sat Mar 14 07:14:17 UTC 2020 /home/travis/build/icyphy/ptII/ptolemy/domains/de/test/auto/TwoSigmaDelta.xml
----------------- Instantiating /home/travis/build/icyphy/ptII/ptolemy/domains/de/test/auto/TwoSigmaDelta.xml
1907 ms. Memory: 380928K Free: 193878K (51%)
----------------- Invoking toplevel() on ptolemy.moml.MoMLSimpleApplication@304a75ab
----------------- Done invoking toplevel() on ptolemy.moml.MoMLSimpleApplication@304a75ab
reloadAllAccessors: .TwoSigmaDelta

===========================================================================================
----------------- testing Sat Mar 14 07:14:19 UTC 2020 /home/travis/build/icyphy/ptII/ptolemy/domains/de/test/auto/VariableDelay.xml
----------------- Instantiating /home/travis/build/icyphy/ptII/ptolemy/domains/de/test/auto/VariableDelay.xml
2 ms. Memory: 380928K Free: 188728K (50%)
----------------- Invoking toplevel() on ptolemy.moml.MoMLSimpleApplication@613c24db
----------------- Done invoking toplevel() on ptolemy.moml.MoMLSimpleApplication@613c24db
reloadAllAccessors: .VariableDelay

===========================================================================================
----------------- testing Sat Mar 14 07:14:19 UTC 2020 /home/travis/build/icyphy/ptII/ptolemy/domains/de/test/auto/VariableDelay2.xml
----------------- Instantiating /home/travis/build/icyphy/ptII/ptolemy/domains/de/test/auto/VariableDelay2.xml
1 ms. Memory: 380928K Free: 184152K (48%)
----------------- Invoking toplevel() on ptolemy.moml.MoMLSimpleApplication@7baf4d48
----------------- Done invoking toplevel() on ptolemy.moml.MoMLSimpleApplication@7baf4d48
reloadAllAccessors: .VariableDelay2

===========================================================================================
----------------- testing Sat Mar 14 07:14:19 UTC 2020 /home/travis/build/icyphy/ptII/ptolemy/domains/de/test/auto/VariableDelayZeroDelay.xml
----------------- Instantiating /home/travis/build/icyphy/ptII/ptolemy/domains/de/test/auto/VariableDelayZeroDelay.xml
3 ms. Memory: 380928K Free: 180056K (47%)
----------------- Invoking toplevel() on ptolemy.moml.MoMLSimpleApplication@3bb1f510
----------------- Done invoking toplevel() on ptolemy.moml.MoMLSimpleApplication@3bb1f510
reloadAllAccessors: .VariableDelayZeroDelay

===========================================================================================
----------------- testing Sat Mar 14 07:14:19 UTC 2020 /home/travis/build/icyphy/ptII/ptolemy/domains/de/test/auto/VariableDelayZeroDelay2.xml
----------------- Instantiating /home/travis/build/icyphy/ptII/ptolemy/domains/de/test/auto/VariableDelayZeroDelay2.xml
1 ms. Memory: 380928K Free: 175446K (46%)
----------------- Invoking toplevel() on ptolemy.moml.MoMLSimpleApplication@405a345
----------------- Done invoking toplevel() on ptolemy.moml.MoMLSimpleApplication@405a345
reloadAllAccessors: .VariableDelayZeroDelay2

===========================================================================================
----------------- testing Sat Mar 14 07:14:19 UTC 2020 /home/travis/build/icyphy/ptII/ptolemy/domains/de/test/auto/deInCt.xml
----------------- Instantiating /home/travis/build/icyphy/ptII/ptolemy/domains/de/test/auto/deInCt.xml
0
1
1
1
1
1
0
0
1
1
1
0
0
0
0
1
1
1
1
1
1
0
0
0
0
0
6 ms. Memory: 380928K Free: 170326K (45%)
----------------- Invoking toplevel() on ptolemy.moml.MoMLSimpleApplication@151f6a03
----------------- Done invoking toplevel() on ptolemy.moml.MoMLSimpleApplication@151f6a03
reloadAllAccessors: .deInCt

===========================================================================================
----------------- testing Sat Mar 14 07:14:19 UTC 2020 /home/travis/build/icyphy/ptII/ptolemy/domains/de/test/auto/deInCt2.xml
----------------- Instantiating /home/travis/build/icyphy/ptII/ptolemy/domains/de/test/auto/deInCt2.xml
0
1
1
1
0
0
1
1
1
0
0
1
1
1
0
0
1
1
1
0
0
1
1
1
0
0
1
1
1
0
0
1
1
1
0
0
1
1
1
0
0
0
3 ms. Memory: 380928K Free: 165200K (43%)
----------------- Invoking toplevel() on ptolemy.moml.MoMLSimpleApplication@2e036950
----------------- Done invoking toplevel() on ptolemy.moml.MoMLSimpleApplication@2e036950
reloadAllAccessors: .deInCt2

===========================================================================================
----------------- testing Sat Mar 14 07:14:19 UTC 2020 /home/travis/build/icyphy/ptII/ptolemy/domains/de/test/auto/dynamicCausalityInterface1.xml
----------------- Instantiating /home/travis/build/icyphy/ptII/ptolemy/domains/de/test/auto/dynamicCausalityInterface1.xml
1 ms. Memory: 380928K Free: 155990K (41%)
----------------- Invoking toplevel() on ptolemy.moml.MoMLSimpleApplication@4d7c147f
----------------- Done invoking toplevel() on ptolemy.moml.MoMLSimpleApplication@4d7c147f
reloadAllAccessors: .dynamicCausalityInterface1

===========================================================================================
----------------- testing Sat Mar 14 07:14:19 UTC 2020 /home/travis/build/icyphy/ptII/ptolemy/domains/de/test/auto/fsm_de_test.xml
----------------- Instantiating /home/travis/build/icyphy/ptII/ptolemy/domains/de/test/auto/fsm_de_test.xml
4 ms. Memory: 380928K Free: 146744K (39%)
----------------- Invoking toplevel() on ptolemy.moml.MoMLSimpleApplication@67d92762
----------------- Done invoking toplevel() on ptolemy.moml.MoMLSimpleApplication@67d92762
reloadAllAccessors: .fsm_de_test

===========================================================================================
----------------- testing Sat Mar 14 07:14:19 UTC 2020 /home/travis/build/icyphy/ptII/ptolemy/domains/de/test/auto/functionDependencyReconstruction.xml
----------------- Instantiating /home/travis/build/icyphy/ptII/ptolemy/domains/de/test/auto/functionDependencyReconstruction.xml
2 ms. Memory: 380928K Free: 131928K (35%)
----------------- Invoking toplevel() on ptolemy.moml.MoMLSimpleApplication@953b93e
----------------- Done invoking toplevel() on ptolemy.moml.MoMLSimpleApplication@953b93e
reloadAllAccessors: .functionDependencyReconstruction

===========================================================================================
----------------- testing Sat Mar 14 07:14:19 UTC 2020 /home/travis/build/icyphy/ptII/ptolemy/domains/de/test/auto/multirate.xml
----------------- Instantiating /home/travis/build/icyphy/ptII/ptolemy/domains/de/test/auto/multirate.xml
2 ms. Memory: 380928K Free: 125256K (33%)
----------------- Invoking toplevel() on ptolemy.moml.MoMLSimpleApplication@1267e2a
----------------- Done invoking toplevel() on ptolemy.moml.MoMLSimpleApplication@1267e2a
reloadAllAccessors: .multirate

===========================================================================================
----------------- testing Sat Mar 14 07:14:19 UTC 2020 /home/travis/build/icyphy/ptII/ptolemy/domains/de/test/auto/multirate2.xml
----------------- Instantiating /home/travis/build/icyphy/ptII/ptolemy/domains/de/test/auto/multirate2.xml
2 ms. Memory: 380928K Free: 346184K (91%)
----------------- Invoking toplevel() on ptolemy.moml.MoMLSimpleApplication@55962763
----------------- Done invoking toplevel() on ptolemy.moml.MoMLSimpleApplication@55962763
reloadAllAccessors: .multirate2

===========================================================================================
----------------- testing Sat Mar 14 07:14:19 UTC 2020 /home/travis/build/icyphy/ptII/ptolemy/domains/de/test/auto/realtime.xml
----------------- Instantiating /home/travis/build/icyphy/ptII/ptolemy/domains/de/test/auto/realtime.xml
10001 ms. Memory: 380928K Free: 341574K (90%)
----------------- Invoking toplevel() on ptolemy.moml.MoMLSimpleApplication@18829300
----------------- Done invoking toplevel() on ptolemy.moml.MoMLSimpleApplication@18829300
reloadAllAccessors: .realtime

===========================================================================================
----------------- testing Sat Mar 14 07:14:29 UTC 2020 /home/travis/build/icyphy/ptII/ptolemy/domains/de/test/auto/relationGroup.xml
----------------- Instantiating /home/travis/build/icyphy/ptII/ptolemy/domains/de/test/auto/relationGroup.xml
1 ms. Memory: 380928K Free: 337992K (89%)
----------------- Invoking toplevel() on ptolemy.moml.MoMLSimpleApplication@35e400ce
----------------- Done invoking toplevel() on ptolemy.moml.MoMLSimpleApplication@35e400ce
reloadAllAccessors: .relationGroup

===========================================================================================
----------------- testing Sat Mar 14 07:14:29 UTC 2020 /home/travis/build/icyphy/ptII/ptolemy/domains/de/test/auto/relationGroup2.xml
----------------- Instantiating /home/travis/build/icyphy/ptII/ptolemy/domains/de/test/auto/relationGroup2.xml
2 ms. Memory: 380928K Free: 334406K (88%)
----------------- Invoking toplevel() on ptolemy.moml.MoMLSimpleApplication@2f5e99e
----------------- Done invoking toplevel() on ptolemy.moml.MoMLSimpleApplication@2f5e99e
reloadAllAccessors: .relationGroup2

===========================================================================================
----------------- testing Sat Mar 14 07:14:29 UTC 2020 /home/travis/build/icyphy/ptII/ptolemy/domains/de/test/auto/sortWithOpaquePorts.xml
----------------- Instantiating /home/travis/build/icyphy/ptII/ptolemy/domains/de/test/auto/sortWithOpaquePorts.xml
1 ms. Memory: 380928K Free: 329800K (87%)
----------------- Invoking toplevel() on ptolemy.moml.MoMLSimpleApplication@19e2d940
----------------- Done invoking toplevel() on ptolemy.moml.MoMLSimpleApplication@19e2d940
reloadAllAccessors: .sortWithOpaquePorts

===========================================================================================
----------------- testing Sat Mar 14 07:14:29 UTC 2020 /home/travis/build/icyphy/ptII/ptolemy/domains/de/test/auto/transferInputsandOutputs.xml
----------------- Instantiating /home/travis/build/icyphy/ptII/ptolemy/domains/de/test/auto/transferInputsandOutputs.xml
2 ms. Memory: 380928K Free: 322632K (85%)
----------------- Invoking toplevel() on ptolemy.moml.MoMLSimpleApplication@5a446bed
----------------- Done invoking toplevel() on ptolemy.moml.MoMLSimpleApplication@5a446bed
reloadAllAccessors: .transferInputsandOutputs

===========================================================================================
----------------- testing Sat Mar 14 07:14:29 UTC 2020 /home/travis/build/icyphy/ptII/ptolemy/domains/de/test/auto/triggerType.xml
----------------- Instantiating /home/travis/build/icyphy/ptII/ptolemy/domains/de/test/auto/triggerType.xml
1 ms. Memory: 380928K Free: 318536K (84%)
----------------- Invoking toplevel() on ptolemy.moml.MoMLSimpleApplication@5f605899
----------------- Done invoking toplevel() on ptolemy.moml.MoMLSimpleApplication@5f605899
reloadAllAccessors: .triggerType
AutoTests.java: About to close Vertx.
AutoTests.java: Vertx closed.
]]></system-out>
  <system-err><![CDATA[java.lang.RuntimeException: Execution failed
	at ptolemy.moml.MoMLSimpleApplication$UnloadThread.run(MoMLSimpleApplication.java:402)
Caused by: ptolemy.kernel.util.IllegalActionException: Found a zero delay loop containing .dependencyLoop.original
  in .dependencyLoop and .dependencyLoop.original
	at ptolemy.actor.util.CausalityInterfaceForComposites._computeOutputPortDepth(CausalityInterfaceForComposites.java:759)
	at ptolemy.actor.util.CausalityInterfaceForComposites._computeInputDepth(CausalityInterfaceForComposites.java:696)
	at ptolemy.actor.util.CausalityInterfaceForComposites._computeOutputPortDepth(CausalityInterfaceForComposites.java:765)
	at ptolemy.actor.util.CausalityInterfaceForComposites._computeInputDepth(CausalityInterfaceForComposites.java:696)
	at ptolemy.actor.util.CausalityInterfaceForComposites._computeOutputPortDepth(CausalityInterfaceForComposites.java:765)
	at ptolemy.actor.util.CausalityInterfaceForComposites._computeInputDepth(CausalityInterfaceForComposites.java:696)
	at ptolemy.actor.util.CausalityInterfaceForComposites._computeActorDepth(CausalityInterfaceForComposites.java:532)
	at ptolemy.actor.util.CausalityInterfaceForComposites.checkForCycles(CausalityInterfaceForComposites.java:96)
	at ptolemy.domains.de.kernel.DEDirector.preinitialize(DEDirector.java:1338)
	at ptolemy.actor.CompositeActor.preinitialize(CompositeActor.java:1828)
	at ptolemy.actor.Manager.preinitializeAndResolveTypes(Manager.java:1040)
	at ptolemy.actor.Manager.initialize(Manager.java:710)
	at ptolemy.actor.Manager.execute(Manager.java:356)
	at ptolemy.actor.Manager.run(Manager.java:1263)
	at ptolemy.actor.Manager$PtolemyRunThread.run(Manager.java:1933)
java.lang.RuntimeException: Execution failed
	at ptolemy.moml.MoMLSimpleApplication$UnloadThread.run(MoMLSimpleApplication.java:402)
Caused by: ptolemy.kernel.util.IllegalActionException: Found a zero delay loop containing .dependencyLoop2.original
  in .dependencyLoop2 and .dependencyLoop2.original
	at ptolemy.actor.util.CausalityInterfaceForComposites._computeOutputPortDepth(CausalityInterfaceForComposites.java:759)
	at ptolemy.actor.util.CausalityInterfaceForComposites._computeInputDepth(CausalityInterfaceForComposites.java:696)
	at ptolemy.actor.util.CausalityInterfaceForComposites._computeOutputPortDepth(CausalityInterfaceForComposites.java:765)
	at ptolemy.actor.util.CausalityInterfaceForComposites._computeInputDepth(CausalityInterfaceForComposites.java:696)
	at ptolemy.actor.util.CausalityInterfaceForComposites._computeOutputPortDepth(CausalityInterfaceForComposites.java:765)
	at ptolemy.actor.util.CausalityInterfaceForComposites._computeInputDepth(CausalityInterfaceForComposites.java:696)
	at ptolemy.actor.util.CausalityInterfaceForComposites._computeActorDepth(CausalityInterfaceForComposites.java:532)
	at ptolemy.actor.util.CausalityInterfaceForComposites.checkForCycles(CausalityInterfaceForComposites.java:96)
	at ptolemy.domains.de.kernel.DEDirector.preinitialize(DEDirector.java:1338)
	at ptolemy.actor.CompositeActor.preinitialize(CompositeActor.java:1828)
	at ptolemy.actor.Manager.preinitializeAndResolveTypes(Manager.java:1040)
	at ptolemy.actor.Manager.initialize(Manager.java:710)
	at ptolemy.actor.Manager.execute(Manager.java:356)
	at ptolemy.actor.Manager.run(Manager.java:1263)
	at ptolemy.actor.Manager$PtolemyRunThread.run(Manager.java:1933)
java.lang.RuntimeException: Execution failed
	at ptolemy.moml.MoMLSimpleApplication$UnloadThread.run(MoMLSimpleApplication.java:402)
Caused by: ptolemy.kernel.util.IllegalActionException: Test fails in iteration 1.
Value was: 1.0. Should have been: 2.0
  in .DirectFeedback.Test
	at ptolemy.actor.lib.Test.fire(Test.java:268)
	at ptolemy.domains.de.kernel.DEDirector._fire(DEDirector.java:1949)
	at ptolemy.domains.de.kernel.DEDirector.fire(DEDirector.java:502)
	at ptolemy.actor.CompositeActor.fire(CompositeActor.java:455)
	at ptolemy.actor.Manager.iterate(Manager.java:851)
	at ptolemy.actor.Manager.execute(Manager.java:369)
	at ptolemy.actor.Manager.run(Manager.java:1263)
	at ptolemy.actor.Manager$PtolemyRunThread.run(Manager.java:1933)
java.lang.RuntimeException: Execution failed
	at ptolemy.moml.MoMLSimpleApplication$UnloadThread.run(MoMLSimpleApplication.java:402)
Caused by: ptolemy.kernel.util.IllegalActionException: Found a zero delay loop containing .dependencyLoop.original
  in .dependencyLoop and .dependencyLoop.original
	at ptolemy.actor.util.CausalityInterfaceForComposites._computeOutputPortDepth(CausalityInterfaceForComposites.java:759)
	at ptolemy.actor.util.CausalityInterfaceForComposites._computeInputDepth(CausalityInterfaceForComposites.java:696)
	at ptolemy.actor.util.CausalityInterfaceForComposites._computeOutputPortDepth(CausalityInterfaceForComposites.java:765)
	at ptolemy.actor.util.CausalityInterfaceForComposites._computeInputDepth(CausalityInterfaceForComposites.java:696)
	at ptolemy.actor.util.CausalityInterfaceForComposites._computeOutputPortDepth(CausalityInterfaceForComposites.java:765)
	at ptolemy.actor.util.CausalityInterfaceForComposites._computeInputDepth(CausalityInterfaceForComposites.java:696)
	at ptolemy.actor.util.CausalityInterfaceForComposites._computeActorDepth(CausalityInterfaceForComposites.java:532)
	at ptolemy.actor.util.CausalityInterfaceForComposites.checkForCycles(CausalityInterfaceForComposites.java:96)
	at ptolemy.domains.de.kernel.DEDirector.preinitialize(DEDirector.java:1338)
	at ptolemy.actor.CompositeActor.preinitialize(CompositeActor.java:1828)
	at ptolemy.actor.Manager.preinitializeAndResolveTypes(Manager.java:1040)
	at ptolemy.actor.Manager.initialize(Manager.java:710)
	at ptolemy.actor.Manager.execute(Manager.java:356)
	at ptolemy.actor.Manager.run(Manager.java:1263)
	at ptolemy.actor.Manager$PtolemyRunThread.run(Manager.java:1933)
java.lang.RuntimeException: Execution failed
	at ptolemy.moml.MoMLSimpleApplication$UnloadThread.run(MoMLSimpleApplication.java:402)
Caused by: ptolemy.kernel.util.IllegalActionException: Found a zero delay loop containing .HierarchicalModel.A
  in .HierarchicalModel and .HierarchicalModel.A
	at ptolemy.actor.util.CausalityInterfaceForComposites._computeOutputPortDepth(CausalityInterfaceForComposites.java:759)
	at ptolemy.actor.util.CausalityInterfaceForComposites._computeInputDepth(CausalityInterfaceForComposites.java:696)
	at ptolemy.actor.util.CausalityInterfaceForComposites._computeOutputPortDepth(CausalityInterfaceForComposites.java:765)
	at ptolemy.actor.util.CausalityInterfaceForComposites._computeInputDepth(CausalityInterfaceForComposites.java:696)
	at ptolemy.actor.util.CausalityInterfaceForComposites._computeOutputPortDepth(CausalityInterfaceForComposites.java:765)
	at ptolemy.actor.util.CausalityInterfaceForComposites._computeInputDepth(CausalityInterfaceForComposites.java:696)
	at ptolemy.actor.util.CausalityInterfaceForComposites._computeActorDepth(CausalityInterfaceForComposites.java:532)
	at ptolemy.actor.util.CausalityInterfaceForComposites.checkForCycles(CausalityInterfaceForComposites.java:96)
	at ptolemy.domains.de.kernel.DEDirector.preinitialize(DEDirector.java:1338)
	at ptolemy.actor.CompositeActor.preinitialize(CompositeActor.java:1828)
	at ptolemy.actor.Manager.preinitializeAndResolveTypes(Manager.java:1040)
	at ptolemy.actor.Manager.initialize(Manager.java:710)
	at ptolemy.actor.Manager.execute(Manager.java:356)
	at ptolemy.actor.Manager.run(Manager.java:1263)
	at ptolemy.actor.Manager$PtolemyRunThread.run(Manager.java:1933)
java.lang.RuntimeException: Execution failed
	at ptolemy.moml.MoMLSimpleApplication$UnloadThread.run(MoMLSimpleApplication.java:402)
Caused by: ptolemy.kernel.util.IllegalActionException: Found a zero delay loop containing .dependencyLoop2.original
  in .dependencyLoop2 and .dependencyLoop2.original
	at ptolemy.actor.util.CausalityInterfaceForComposites._computeOutputPortDepth(CausalityInterfaceForComposites.java:759)
	at ptolemy.actor.util.CausalityInterfaceForComposites._computeInputDepth(CausalityInterfaceForComposites.java:696)
	at ptolemy.actor.util.CausalityInterfaceForComposites._computeOutputPortDepth(CausalityInterfaceForComposites.java:765)
	at ptolemy.actor.util.CausalityInterfaceForComposites._computeInputDepth(CausalityInterfaceForComposites.java:696)
	at ptolemy.actor.util.CausalityInterfaceForComposites._computeOutputPortDepth(CausalityInterfaceForComposites.java:765)
	at ptolemy.actor.util.CausalityInterfaceForComposites._computeInputDepth(CausalityInterfaceForComposites.java:696)
	at ptolemy.actor.util.CausalityInterfaceForComposites._computeActorDepth(CausalityInterfaceForComposites.java:532)
	at ptolemy.actor.util.CausalityInterfaceForComposites.checkForCycles(CausalityInterfaceForComposites.java:96)
	at ptolemy.domains.de.kernel.DEDirector.preinitialize(DEDirector.java:1338)
	at ptolemy.actor.CompositeActor.preinitialize(CompositeActor.java:1828)
	at ptolemy.actor.Manager.preinitializeAndResolveTypes(Manager.java:1040)
	at ptolemy.actor.Manager.initialize(Manager.java:710)
	at ptolemy.actor.Manager.execute(Manager.java:356)
	at ptolemy.actor.Manager.run(Manager.java:1263)
	at ptolemy.actor.Manager$PtolemyRunThread.run(Manager.java:1933)
java.lang.RuntimeException: Execution failed
	at ptolemy.moml.MoMLSimpleApplication$UnloadThread.run(MoMLSimpleApplication.java:402)
Caused by: ptolemy.kernel.util.IllegalActionException: Actor is not ready to fire.  Perhaps UpSample.prefire() returned false? Try debugging the actor by selecting "Listen to Actor".  Also, for SDF check moml for tokenConsumptionRate on input.
  in .DESDFClockTest.Play Bell.Copy1:SDF Director and .DESDFClockTest.Play Bell.UpSample
	at ptolemy.actor.sched.StaticSchedulingDirector.fire(StaticSchedulingDirector.java:227)
	at ptolemy.domains.sdf.kernel.SDFDirector.fire(SDFDirector.java:500)
	at ptolemy.actor.CompositeActor.fire(CompositeActor.java:455)
	at ptolemy.domains.de.kernel.DEDirector._fire(DEDirector.java:1949)
	at ptolemy.domains.de.kernel.DEDirector.fire(DEDirector.java:502)
	at ptolemy.actor.CompositeActor.fire(CompositeActor.java:455)
	at ptolemy.actor.Manager.iterate(Manager.java:851)
	at ptolemy.actor.Manager.execute(Manager.java:369)
	at ptolemy.actor.Manager.run(Manager.java:1263)
	at ptolemy.actor.Manager$PtolemyRunThread.run(Manager.java:1933)
java.lang.RuntimeException: Execution failed
	at ptolemy.moml.MoMLSimpleApplication$UnloadThread.run(MoMLSimpleApplication.java:402)
Caused by: ptolemy.kernel.util.IllegalActionException: Actor is not ready to fire.  Perhaps UpSample.prefire() returned false? Try debugging the actor by selecting "Listen to Actor".  Also, for SDF check moml for tokenConsumptionRate on input.
  in .DESDFClockTest.Play Bell.Copy1:SDF Director and .DESDFClockTest.Play Bell.UpSample
	at ptolemy.actor.sched.StaticSchedulingDirector.fire(StaticSchedulingDirector.java:227)
	at ptolemy.domains.sdf.kernel.SDFDirector.fire(SDFDirector.java:500)
	at ptolemy.actor.CompositeActor.fire(CompositeActor.java:455)
	at ptolemy.domains.de.kernel.DEDirector._fire(DEDirector.java:1949)
	at ptolemy.domains.de.kernel.DEDirector.fire(DEDirector.java:502)
	at ptolemy.actor.CompositeActor.fire(CompositeActor.java:455)
	at ptolemy.actor.Manager.iterate(Manager.java:851)
	at ptolemy.actor.Manager.execute(Manager.java:369)
	at ptolemy.actor.Manager.run(Manager.java:1263)
	at ptolemy.actor.Manager$PtolemyRunThread.run(Manager.java:1933)
java.lang.reflect.InvocationTargetException
	at java.base/jdk.internal.reflect.NativeConstructorAccessorImpl.newInstance0(Native Method)
	at java.base/jdk.internal.reflect.NativeConstructorAccessorImpl.newInstance(NativeConstructorAccessorImpl.java:62)
	at java.base/jdk.internal.reflect.DelegatingConstructorAccessorImpl.newInstance(DelegatingConstructorAccessorImpl.java:45)
	at java.base/java.lang.reflect.Constructor.newInstance(Constructor.java:490)
	at ptolemy.util.test.junit.AutoKnownFailedTests.RunModel(AutoKnownFailedTests.java:105)
	at java.base/jdk.internal.reflect.NativeMethodAccessorImpl.invoke0(Native Method)
	at java.base/jdk.internal.reflect.NativeMethodAccessorImpl.invoke(NativeMethodAccessorImpl.java:62)
	at java.base/jdk.internal.reflect.DelegatingMethodAccessorImpl.invoke(DelegatingMethodAccessorImpl.java:43)
	at java.base/java.lang.reflect.Method.invoke(Method.java:566)
	at org.junit.runners.model.FrameworkMethod$1.runReflectiveCall(FrameworkMethod.java:44)
	at org.junit.internal.runners.model.ReflectiveCallable.run(ReflectiveCallable.java:15)
	at org.junit.runners.model.FrameworkMethod.invokeExplosively(FrameworkMethod.java:41)
	at junitparams.internal.InvokeParameterisedMethod.evaluate(InvokeParameterisedMethod.java:102)
	at org.junit.internal.runners.statements.FailOnTimeout$1.run(FailOnTimeout.java:28)
Caused by: ptolemy.kernel.util.IllegalActionException: Actor is not ready to fire.  Perhaps UpSample.prefire() returned false? Try debugging the actor by selecting "Listen to Actor".  Also, for SDF check moml for tokenConsumptionRate on input.
  in .DESDFClockTest.Play Bell.Copy1:SDF Director and .DESDFClockTest.Play Bell.UpSample
	at ptolemy.actor.sched.StaticSchedulingDirector.fire(StaticSchedulingDirector.java:227)
	at ptolemy.domains.sdf.kernel.SDFDirector.fire(SDFDirector.java:500)
	at ptolemy.actor.CompositeActor.fire(CompositeActor.java:455)
	at ptolemy.domains.de.kernel.DEDirector._fire(DEDirector.java:1949)
	at ptolemy.domains.de.kernel.DEDirector.fire(DEDirector.java:502)
	at ptolemy.actor.CompositeActor.fire(CompositeActor.java:455)
	at ptolemy.actor.Manager.iterate(Manager.java:851)
	at ptolemy.actor.Manager.execute(Manager.java:369)
	at ptolemy.actor.Manager.run(Manager.java:1263)
	at ptolemy.actor.Manager$PtolemyRunThread.run(Manager.java:1933)
java.lang.RuntimeException: Execution failed
	at ptolemy.moml.MoMLSimpleApplication$UnloadThread.run(MoMLSimpleApplication.java:402)
Caused by: ptolemy.kernel.util.IllegalActionException: Test fails in iteration 1.
Value was: 1.0. Should have been: 2.0
  in .DirectFeedback.Test
	at ptolemy.actor.lib.Test.fire(Test.java:268)
	at ptolemy.domains.de.kernel.DEDirector._fire(DEDirector.java:1949)
	at ptolemy.domains.de.kernel.DEDirector.fire(DEDirector.java:502)
	at ptolemy.actor.CompositeActor.fire(CompositeActor.java:455)
	at ptolemy.actor.Manager.iterate(Manager.java:851)
	at ptolemy.actor.Manager.execute(Manager.java:369)
	at ptolemy.actor.Manager.run(Manager.java:1263)
	at ptolemy.actor.Manager$PtolemyRunThread.run(Manager.java:1933)
java.lang.reflect.InvocationTargetException
	at java.base/jdk.internal.reflect.NativeConstructorAccessorImpl.newInstance0(Native Method)
	at java.base/jdk.internal.reflect.NativeConstructorAccessorImpl.newInstance(NativeConstructorAccessorImpl.java:62)
	at java.base/jdk.internal.reflect.DelegatingConstructorAccessorImpl.newInstance(DelegatingConstructorAccessorImpl.java:45)
	at java.base/java.lang.reflect.Constructor.newInstance(Constructor.java:490)
	at ptolemy.util.test.junit.AutoKnownFailedTests.RunModel(AutoKnownFailedTests.java:105)
	at java.base/jdk.internal.reflect.NativeMethodAccessorImpl.invoke0(Native Method)
	at java.base/jdk.internal.reflect.NativeMethodAccessorImpl.invoke(NativeMethodAccessorImpl.java:62)
	at java.base/jdk.internal.reflect.DelegatingMethodAccessorImpl.invoke(DelegatingMethodAccessorImpl.java:43)
	at java.base/java.lang.reflect.Method.invoke(Method.java:566)
	at org.junit.runners.model.FrameworkMethod$1.runReflectiveCall(FrameworkMethod.java:44)
	at org.junit.internal.runners.model.ReflectiveCallable.run(ReflectiveCallable.java:15)
	at org.junit.runners.model.FrameworkMethod.invokeExplosively(FrameworkMethod.java:41)
	at junitparams.internal.InvokeParameterisedMethod.evaluate(InvokeParameterisedMethod.java:102)
	at org.junit.internal.runners.statements.FailOnTimeout$1.run(FailOnTimeout.java:28)
Caused by: ptolemy.kernel.util.IllegalActionException: Test fails in iteration 1.
Value was: 1.0. Should have been: 2.0
  in .DirectFeedback.Test
	at ptolemy.actor.lib.Test.fire(Test.java:268)
	at ptolemy.domains.de.kernel.DEDirector._fire(DEDirector.java:1949)
	at ptolemy.domains.de.kernel.DEDirector.fire(DEDirector.java:502)
	at ptolemy.actor.CompositeActor.fire(CompositeActor.java:455)
	at ptolemy.actor.Manager.iterate(Manager.java:851)
	at ptolemy.actor.Manager.execute(Manager.java:369)
	at ptolemy.actor.Manager.run(Manager.java:1263)
	at ptolemy.actor.Manager$PtolemyRunThread.run(Manager.java:1933)
java.lang.RuntimeException: Execution failed
	at ptolemy.moml.MoMLSimpleApplication$UnloadThread.run(MoMLSimpleApplication.java:402)
Caused by: ptolemy.kernel.util.IllegalActionException: Found a zero delay loop containing .HierarchicalModel.A
  in .HierarchicalModel and .HierarchicalModel.A
	at ptolemy.actor.util.CausalityInterfaceForComposites._computeOutputPortDepth(CausalityInterfaceForComposites.java:759)
	at ptolemy.actor.util.CausalityInterfaceForComposites._computeInputDepth(CausalityInterfaceForComposites.java:696)
	at ptolemy.actor.util.CausalityInterfaceForComposites._computeOutputPortDepth(CausalityInterfaceForComposites.java:765)
	at ptolemy.actor.util.CausalityInterfaceForComposites._computeInputDepth(CausalityInterfaceForComposites.java:696)
	at ptolemy.actor.util.CausalityInterfaceForComposites._computeOutputPortDepth(CausalityInterfaceForComposites.java:765)
	at ptolemy.actor.util.CausalityInterfaceForComposites._computeInputDepth(CausalityInterfaceForComposites.java:696)
	at ptolemy.actor.util.CausalityInterfaceForComposites._computeActorDepth(CausalityInterfaceForComposites.java:532)
	at ptolemy.actor.util.CausalityInterfaceForComposites.checkForCycles(CausalityInterfaceForComposites.java:96)
	at ptolemy.domains.de.kernel.DEDirector.preinitialize(DEDirector.java:1338)
	at ptolemy.actor.CompositeActor.preinitialize(CompositeActor.java:1828)
	at ptolemy.actor.Manager.preinitializeAndResolveTypes(Manager.java:1040)
	at ptolemy.actor.Manager.initialize(Manager.java:710)
	at ptolemy.actor.Manager.execute(Manager.java:356)
	at ptolemy.actor.Manager.run(Manager.java:1263)
	at ptolemy.actor.Manager$PtolemyRunThread.run(Manager.java:1933)
java.lang.reflect.InvocationTargetException
	at java.base/jdk.internal.reflect.NativeConstructorAccessorImpl.newInstance0(Native Method)
	at java.base/jdk.internal.reflect.NativeConstructorAccessorImpl.newInstance(NativeConstructorAccessorImpl.java:62)
	at java.base/jdk.internal.reflect.DelegatingConstructorAccessorImpl.newInstance(DelegatingConstructorAccessorImpl.java:45)
	at java.base/java.lang.reflect.Constructor.newInstance(Constructor.java:490)
	at ptolemy.util.test.junit.AutoKnownFailedTests.RunModel(AutoKnownFailedTests.java:105)
	at java.base/jdk.internal.reflect.NativeMethodAccessorImpl.invoke0(Native Method)
	at java.base/jdk.internal.reflect.NativeMethodAccessorImpl.invoke(NativeMethodAccessorImpl.java:62)
	at java.base/jdk.internal.reflect.DelegatingMethodAccessorImpl.invoke(DelegatingMethodAccessorImpl.java:43)
	at java.base/java.lang.reflect.Method.invoke(Method.java:566)
	at org.junit.runners.model.FrameworkMethod$1.runReflectiveCall(FrameworkMethod.java:44)
	at org.junit.internal.runners.model.ReflectiveCallable.run(ReflectiveCallable.java:15)
	at org.junit.runners.model.FrameworkMethod.invokeExplosively(FrameworkMethod.java:41)
	at junitparams.internal.InvokeParameterisedMethod.evaluate(InvokeParameterisedMethod.java:102)
	at org.junit.internal.runners.statements.FailOnTimeout$1.run(FailOnTimeout.java:28)
Caused by: ptolemy.kernel.util.IllegalActionException: Found a zero delay loop containing .HierarchicalModel.A
  in .HierarchicalModel and .HierarchicalModel.A
	at ptolemy.actor.util.CausalityInterfaceForComposites._computeOutputPortDepth(CausalityInterfaceForComposites.java:759)
	at ptolemy.actor.util.CausalityInterfaceForComposites._computeInputDepth(CausalityInterfaceForComposites.java:696)
	at ptolemy.actor.util.CausalityInterfaceForComposites._computeOutputPortDepth(CausalityInterfaceForComposites.java:765)
	at ptolemy.actor.util.CausalityInterfaceForComposites._computeInputDepth(CausalityInterfaceForComposites.java:696)
	at ptolemy.actor.util.CausalityInterfaceForComposites._computeOutputPortDepth(CausalityInterfaceForComposites.java:765)
	at ptolemy.actor.util.CausalityInterfaceForComposites._computeInputDepth(CausalityInterfaceForComposites.java:696)
	at ptolemy.actor.util.CausalityInterfaceForComposites._computeActorDepth(CausalityInterfaceForComposites.java:532)
	at ptolemy.actor.util.CausalityInterfaceForComposites.checkForCycles(CausalityInterfaceForComposites.java:96)
	at ptolemy.domains.de.kernel.DEDirector.preinitialize(DEDirector.java:1338)
	at ptolemy.actor.CompositeActor.preinitialize(CompositeActor.java:1828)
	at ptolemy.actor.Manager.preinitializeAndResolveTypes(Manager.java:1040)
	at ptolemy.actor.Manager.initialize(Manager.java:710)
	at ptolemy.actor.Manager.execute(Manager.java:356)
	at ptolemy.actor.Manager.run(Manager.java:1263)
	at ptolemy.actor.Manager$PtolemyRunThread.run(Manager.java:1933)
java.lang.RuntimeException: Execution failed
	at ptolemy.moml.MoMLSimpleApplication$UnloadThread.run(MoMLSimpleApplication.java:402)
Caused by: ptolemy.kernel.util.IllegalActionException: Found a zero delay loop containing .dependencyLoop.original
  in .dependencyLoop and .dependencyLoop.original
	at ptolemy.actor.util.CausalityInterfaceForComposites._computeOutputPortDepth(CausalityInterfaceForComposites.java:759)
	at ptolemy.actor.util.CausalityInterfaceForComposites._computeInputDepth(CausalityInterfaceForComposites.java:696)
	at ptolemy.actor.util.CausalityInterfaceForComposites._computeOutputPortDepth(CausalityInterfaceForComposites.java:765)
	at ptolemy.actor.util.CausalityInterfaceForComposites._computeInputDepth(CausalityInterfaceForComposites.java:696)
	at ptolemy.actor.util.CausalityInterfaceForComposites._computeOutputPortDepth(CausalityInterfaceForComposites.java:765)
	at ptolemy.actor.util.CausalityInterfaceForComposites._computeInputDepth(CausalityInterfaceForComposites.java:696)
	at ptolemy.actor.util.CausalityInterfaceForComposites._computeActorDepth(CausalityInterfaceForComposites.java:532)
	at ptolemy.actor.util.CausalityInterfaceForComposites.checkForCycles(CausalityInterfaceForComposites.java:96)
	at ptolemy.domains.de.kernel.DEDirector.preinitialize(DEDirector.java:1338)
	at ptolemy.actor.CompositeActor.preinitialize(CompositeActor.java:1828)
	at ptolemy.actor.Manager.preinitializeAndResolveTypes(Manager.java:1040)
	at ptolemy.actor.Manager.initialize(Manager.java:710)
	at ptolemy.actor.Manager.execute(Manager.java:356)
	at ptolemy.actor.Manager.run(Manager.java:1263)
	at ptolemy.actor.Manager$PtolemyRunThread.run(Manager.java:1933)
java.lang.reflect.InvocationTargetException
	at java.base/jdk.internal.reflect.NativeConstructorAccessorImpl.newInstance0(Native Method)
	at java.base/jdk.internal.reflect.NativeConstructorAccessorImpl.newInstance(NativeConstructorAccessorImpl.java:62)
	at java.base/jdk.internal.reflect.DelegatingConstructorAccessorImpl.newInstance(DelegatingConstructorAccessorImpl.java:45)
	at java.base/java.lang.reflect.Constructor.newInstance(Constructor.java:490)
	at ptolemy.util.test.junit.AutoKnownFailedTests.RunModel(AutoKnownFailedTests.java:105)
	at java.base/jdk.internal.reflect.NativeMethodAccessorImpl.invoke0(Native Method)
	at java.base/jdk.internal.reflect.NativeMethodAccessorImpl.invoke(NativeMethodAccessorImpl.java:62)
	at java.base/jdk.internal.reflect.DelegatingMethodAccessorImpl.invoke(DelegatingMethodAccessorImpl.java:43)
	at java.base/java.lang.reflect.Method.invoke(Method.java:566)
	at org.junit.runners.model.FrameworkMethod$1.runReflectiveCall(FrameworkMethod.java:44)
	at org.junit.internal.runners.model.ReflectiveCallable.run(ReflectiveCallable.java:15)
	at org.junit.runners.model.FrameworkMethod.invokeExplosively(FrameworkMethod.java:41)
	at junitparams.internal.InvokeParameterisedMethod.evaluate(InvokeParameterisedMethod.java:102)
	at org.junit.internal.runners.statements.FailOnTimeout$1.run(FailOnTimeout.java:28)
Caused by: ptolemy.kernel.util.IllegalActionException: Found a zero delay loop containing .dependencyLoop.original
  in .dependencyLoop and .dependencyLoop.original
	at ptolemy.actor.util.CausalityInterfaceForComposites._computeOutputPortDepth(CausalityInterfaceForComposites.java:759)
	at ptolemy.actor.util.CausalityInterfaceForComposites._computeInputDepth(CausalityInterfaceForComposites.java:696)
	at ptolemy.actor.util.CausalityInterfaceForComposites._computeOutputPortDepth(CausalityInterfaceForComposites.java:765)
	at ptolemy.actor.util.CausalityInterfaceForComposites._computeInputDepth(CausalityInterfaceForComposites.java:696)
	at ptolemy.actor.util.CausalityInterfaceForComposites._computeOutputPortDepth(CausalityInterfaceForComposites.java:765)
	at ptolemy.actor.util.CausalityInterfaceForComposites._computeInputDepth(CausalityInterfaceForComposites.java:696)
	at ptolemy.actor.util.CausalityInterfaceForComposites._computeActorDepth(CausalityInterfaceForComposites.java:532)
	at ptolemy.actor.util.CausalityInterfaceForComposites.checkForCycles(CausalityInterfaceForComposites.java:96)
	at ptolemy.domains.de.kernel.DEDirector.preinitialize(DEDirector.java:1338)
	at ptolemy.actor.CompositeActor.preinitialize(CompositeActor.java:1828)
	at ptolemy.actor.Manager.preinitializeAndResolveTypes(Manager.java:1040)
	at ptolemy.actor.Manager.initialize(Manager.java:710)
	at ptolemy.actor.Manager.execute(Manager.java:356)
	at ptolemy.actor.Manager.run(Manager.java:1263)
	at ptolemy.actor.Manager$PtolemyRunThread.run(Manager.java:1933)
java.lang.RuntimeException: Execution failed
	at ptolemy.moml.MoMLSimpleApplication$UnloadThread.run(MoMLSimpleApplication.java:402)
Caused by: ptolemy.kernel.util.IllegalActionException: Found a zero delay loop containing .dependencyLoop2.original
  in .dependencyLoop2 and .dependencyLoop2.original
	at ptolemy.actor.util.CausalityInterfaceForComposites._computeOutputPortDepth(CausalityInterfaceForComposites.java:759)
	at ptolemy.actor.util.CausalityInterfaceForComposites._computeInputDepth(CausalityInterfaceForComposites.java:696)
	at ptolemy.actor.util.CausalityInterfaceForComposites._computeOutputPortDepth(CausalityInterfaceForComposites.java:765)
	at ptolemy.actor.util.CausalityInterfaceForComposites._computeInputDepth(CausalityInterfaceForComposites.java:696)
	at ptolemy.actor.util.CausalityInterfaceForComposites._computeOutputPortDepth(CausalityInterfaceForComposites.java:765)
	at ptolemy.actor.util.CausalityInterfaceForComposites._computeInputDepth(CausalityInterfaceForComposites.java:696)
	at ptolemy.actor.util.CausalityInterfaceForComposites._computeActorDepth(CausalityInterfaceForComposites.java:532)
	at ptolemy.actor.util.CausalityInterfaceForComposites.checkForCycles(CausalityInterfaceForComposites.java:96)
	at ptolemy.domains.de.kernel.DEDirector.preinitialize(DEDirector.java:1338)
	at ptolemy.actor.CompositeActor.preinitialize(CompositeActor.java:1828)
	at ptolemy.actor.Manager.preinitializeAndResolveTypes(Manager.java:1040)
	at ptolemy.actor.Manager.initialize(Manager.java:710)
	at ptolemy.actor.Manager.execute(Manager.java:356)
	at ptolemy.actor.Manager.run(Manager.java:1263)
	at ptolemy.actor.Manager$PtolemyRunThread.run(Manager.java:1933)
java.lang.reflect.InvocationTargetException
	at java.base/jdk.internal.reflect.NativeConstructorAccessorImpl.newInstance0(Native Method)
	at java.base/jdk.internal.reflect.NativeConstructorAccessorImpl.newInstance(NativeConstructorAccessorImpl.java:62)
	at java.base/jdk.internal.reflect.DelegatingConstructorAccessorImpl.newInstance(DelegatingConstructorAccessorImpl.java:45)
	at java.base/java.lang.reflect.Constructor.newInstance(Constructor.java:490)
	at ptolemy.util.test.junit.AutoKnownFailedTests.RunModel(AutoKnownFailedTests.java:105)
	at java.base/jdk.internal.reflect.NativeMethodAccessorImpl.invoke0(Native Method)
	at java.base/jdk.internal.reflect.NativeMethodAccessorImpl.invoke(NativeMethodAccessorImpl.java:62)
	at java.base/jdk.internal.reflect.DelegatingMethodAccessorImpl.invoke(DelegatingMethodAccessorImpl.java:43)
	at java.base/java.lang.reflect.Method.invoke(Method.java:566)
	at org.junit.runners.model.FrameworkMethod$1.runReflectiveCall(FrameworkMethod.java:44)
	at org.junit.internal.runners.model.ReflectiveCallable.run(ReflectiveCallable.java:15)
	at org.junit.runners.model.FrameworkMethod.invokeExplosively(FrameworkMethod.java:41)
	at junitparams.internal.InvokeParameterisedMethod.evaluate(InvokeParameterisedMethod.java:102)
	at org.junit.internal.runners.statements.FailOnTimeout$1.run(FailOnTimeout.java:28)
Caused by: ptolemy.kernel.util.IllegalActionException: Found a zero delay loop containing .dependencyLoop2.original
  in .dependencyLoop2 and .dependencyLoop2.original
	at ptolemy.actor.util.CausalityInterfaceForComposites._computeOutputPortDepth(CausalityInterfaceForComposites.java:759)
	at ptolemy.actor.util.CausalityInterfaceForComposites._computeInputDepth(CausalityInterfaceForComposites.java:696)
	at ptolemy.actor.util.CausalityInterfaceForComposites._computeOutputPortDepth(CausalityInterfaceForComposites.java:765)
	at ptolemy.actor.util.CausalityInterfaceForComposites._computeInputDepth(CausalityInterfaceForComposites.java:696)
	at ptolemy.actor.util.CausalityInterfaceForComposites._computeOutputPortDepth(CausalityInterfaceForComposites.java:765)
	at ptolemy.actor.util.CausalityInterfaceForComposites._computeInputDepth(CausalityInterfaceForComposites.java:696)
	at ptolemy.actor.util.CausalityInterfaceForComposites._computeActorDepth(CausalityInterfaceForComposites.java:532)
	at ptolemy.actor.util.CausalityInterfaceForComposites.checkForCycles(CausalityInterfaceForComposites.java:96)
	at ptolemy.domains.de.kernel.DEDirector.preinitialize(DEDirector.java:1338)
	at ptolemy.actor.CompositeActor.preinitialize(CompositeActor.java:1828)
	at ptolemy.actor.Manager.preinitializeAndResolveTypes(Manager.java:1040)
	at ptolemy.actor.Manager.initialize(Manager.java:710)
	at ptolemy.actor.Manager.execute(Manager.java:356)
	at ptolemy.actor.Manager.run(Manager.java:1263)
	at ptolemy.actor.Manager$PtolemyRunThread.run(Manager.java:1933)
]]></system-err>
</testsuite>
