<?xml version="1.0" encoding="UTF-8" ?>
<testsuite errors="0" failures="0" hostname="travis-job-b9ca21e9-693a-4001-a7bf-568ec0d5a07b" name="ptolemy.configs.test.constraints.test.junit.JUnitTclTest" skipped="0" tests="4" time="1032.559" timestamp="2020-02-06T07:09:35">
  <properties>
    <property name="npm.executable" value="npm" />
    <property name="env.TRAVIS_ROOT" value="/" />
    <property name="ptII.mk.exists" value="true" />
    <property name="env.TRAVIS_APP_HOST" value="build.travis-ci.org" />
    <property name="env.rvm_bin_path" value="/home/travis/.rvm/bin" />
    <property name="java.home" value="/usr/local/lib/jvm/openjdk11" />
    <property name="env.TRAVIS_JOB_NUMBER" value="1501.13" />
    <property name="env.TRAVIS_HOME" value="/home/travis" />
    <property name="env.DISPLAY" value=":99.0" />
    <property name="env.TRAVIS_INIT" value="systemd" />
    <property name="env.SSH_TTY" value="/dev/pts/0" />
    <property name="java.net.preferIPv4Stack" value="true" />
    <property name="env.RUN_TESTS" value="true" />
    <property name="timeout.short" value="1000000" />
    <property name="junit.formatter" value="xml" />
    <property name="env.TRAVIS_SUDO" value="true" />
    <property name="env.TRAVIS_JOB_NAME" value="" />
    <property name="env.TRAVIS_STACK_NODE_ATTRIBUTES" value="/.node-attributes.yml" />
    <property name="env.LOGNAME" value="travis" />
    <property name="jsdoc.home" value="node_modules/@terraswarm/jsdoc" />
    <property name="debuglevel" value="source,lines,vars" />
    <property name="checkstyle.formatter" value="xml" />
    <property name="env._system_version" value="16.04" />
    <property name="bin.vergil.makeable" value="true" />
    <property name="sun.os.patch.level" value="unknown" />
    <property name="java.vendor.url" value="http://java.oracle.com/" />
    <property name="env.TRAVIS_BUILD_WEB_URL" value="https://travis-ci.org/icyphy/ptII/builds/646735756" />
    <property name="java.version" value="11.0.2" />
    <property name="env.TZ" value="UTC" />
    <property name="env.TRAVIS_PULL_REQUEST_SHA" value="" />
    <property name="env.PT_NO_NET" value="true" />
    <property name="env.TRAVIS_SECURE_ENV_VARS" value="true" />
    <property name="env._system_type" value="Linux" />
    <property name="java.vendor.url.bug" value="http://bugreport.java.com/bugreport/" />
    <property name="npmjs-org-is-up" value="true" />
    <property name="env.LANGUAGE" value="en_US.UTF-8" />
    <property name="env.SSH_CLIENT" value="10.16.3.35 46930 22" />
    <property name="env.GEM_HOME" value="/home/travis/.rvm/gems/ruby-2.5.3" />
    <property name="env.HAS_ANTARES_THREE_LITTLE_FRONZIES_BADGE" value="true" />
    <property name="java.version.date" value="2019-01-15" />
    <property name="env.PS4" value="+" />
    <property name="ant.project.invoked-targets" value="build,test.core6.xml" />
    <property name="env.TRAVIS_PULL_REQUEST_BRANCH" value="" />
    <property name="env.TRAVIS_REPO_SLUG" value="icyphy/ptII" />
    <property name="env.XDG_DATA_DIRS" value="/usr/local/share:/usr/share:/var/lib/snapd/desktop" />
    <property name="jdk.debug" value="release" />
    <property name="env.TRAVIS_APT_PROXY" value="http://build-cache.travisci.net" />
    <property name="env.TRAVIS_CPU_ARCH" value="amd64" />
    <property name="node.in.path" value="true" />
    <property name="user.name" value="travis" />
    <property name="java.maxmemory" value="1400m" />
    <property name="env.RUBY_VERSION" value="ruby-2.5.3" />
    <property name="env.LANG" value="en_US.UTF-8" />
    <property name="sun.io.unicode.encoding" value="UnicodeLittle" />
    <property name="sun.jnu.encoding" value="UTF-8" />
    <property name="java.runtime.name" value="OpenJDK Runtime Environment" />
    <property name="usefile" value="false" />
    <property name="return.code" value="0" />
    <property name="junit.single.formatter" value="plain" />
    <property name="env.DYLD_LIBRARY_PATH" value="/home/travis/pthla/certi-tools/lib:" />
    <property name="env.DEBIAN_FRONTEND" value="noninteractive" />
    <property name="env.SSH_CONNECTION" value="10.16.3.35 46930 10.20.0.77 22" />
    <property name="env.MYSQL_UNIX_PORT" value="/var/run/mysqld/mysqld.sock" />
    <property name="env.LC_ALL" value="en_US.UTF-8" />
    <property name="env.TRAVIS_ALLOW_FAILURE" value="false" />
    <property name="env.TRAVIS_JOB_WEB_URL" value="https://travis-ci.org/icyphy/ptII/jobs/646735769" />
    <property name="java.specification.name" value="Java Platform API Specification" />
    <property name="node.works" value="true" />
    <property name="user.timezone" value="" />
    <property name="path.separator" value=":" />
    <property name="env.TRAVIS_ENABLE_INFRA_DETECTION" value="true" />
    <property name="env.PYTHON_CFLAGS" value="-g -fstack-protector --param=ssp-buffer-size=4 -Wformat -Werror=format-security" />
    <property name="timeout.long" value="4000000" />
    <property name="env.CERTI_HOME" value="/home/travis/pthla/certi-tools" />
    <property name="ant.file.ptII" value="/home/travis/build/icyphy/ptII/build.xml" />
    <property name="javadoc.packagenames" value="com.*,diva.*,lbnl.*,org.hlacerti.*,org.json.*,org.ptolemy.*,org.terraswarm.*,ptolemy.*,ptserver.*" />
    <property name="file.encoding" value="UTF-8" />
    <property name="env.TRAVIS_PULL_REQUEST_SLUG" value="" />
    <property name="ant.project.default-target" value="build" />
    <property name="env.GIT_ASKPASS" value="echo" />
    <property name="env.HOME" value="/home/travis" />
    <property name="sun.java.command" value="org.apache.tools.ant.taskdefs.optional.junit.JUnitTestRunner ptolemy.configs.test.constraints.test.junit.JUnitTclTest skipNonTests=false filtertrace=true haltOnError=false haltOnFailure=false formatter=org.apache.tools.ant.taskdefs.optional.junit.OutErrSummaryJUnitResultFormatter showoutput=true outputtoformatters=true logfailedtests=true threadid=0 logtestlistenerevents=false formatter=org.apache.tools.ant.taskdefs.optional.junit.XMLJUnitResultFormatter,/home/travis/build/icyphy/ptII/reports/junit/TEST-ptolemy.configs.test.constraints.test.junit.JUnitTclTest.xml crashfile=/home/travis/build/icyphy/ptII/junitvmwatcher13586418872074610842.properties propsfile=/home/travis/build/icyphy/ptII/junit4630249398991039269.properties" />
    <property name="env.COMPOSER_NO_INTERACTION" value="1" />
    <property name="env.MANPATH" value="/home/travis/.nvm/versions/node/v7.10.1/share/man:/home/travis/.rvm/rubies/ruby-2.5.3/share/man:/usr/local/cmake-3.12.4/man:/usr/local/clang-7.0.0/share/man:/usr/local/man:/usr/local/share/man:/usr/share/man:/home/travis/.rvm/man" />
    <property name="env.TRAVIS_TIMER_ID" value="00040682" />
    <property name="ant.file" value="/home/travis/build/icyphy/ptII/build.xml" />
    <property name="env.TRAVIS_COMMIT_RANGE" value="ddf9c8f17e32815cc006634c2793b59f033b3ad5...c5f12d15b0991ef590d3e5799426839badb33c4b" />
    <property name="env._system_name" value="Ubuntu" />
    <property name="ptII.classpath.optional.property" value="/home/travis/build/icyphy/ptII/lib/bsh-2.0b4.jar:/home/travis/build/icyphy/ptII/lib/ptCal.jar:/home/travis/build/icyphy/ptII/lib/java_cup.jar:/home/travis/build/icyphy/ptII/lib/saxon8.jar:/home/travis/build/icyphy/ptII/lib/saxon8-dom.jar:/home/travis/build/icyphy/ptII/lib/chic.jar:/home/travis/build/icyphy/ptII/lib/ptcolt.jar:/home/travis/build/icyphy/ptII/vendors/misc/itext/iText.jar:/home/travis/build/icyphy/ptII/lib/g4ltl.jar:/home/travis/build/icyphy/ptII/lib/StructuralCoder.jar:/home/travis/build/icyphy/ptII/lib/jcerti.jar:/home/travis/build/icyphy/ptII/lib/javax.mail.jar:/home/travis/build/icyphy/ptII/vendors/JMF-2.1.1e/lib/jmf.jar:/home/travis/build/icyphy/ptII/lib/jna-4.0.0-variadic.jar:/home/travis/build/icyphy/ptII/vendors/misc/joystick/Joystick.jar:/home/travis/build/icyphy/ptII/lib/ptjacl.jar:/home/travis/build/icyphy/ptII/lib/jsoup-1.8.2.jar:/home/travis/build/icyphy/ptII/lib/junit-4.8.2.jar:/home/travis/build/icyphy/ptII/lib/JUnitParams-0.4.0.jar:/home/travis/build/icyphy/ptII/ptolemy/actor/lib/excel/jxl.jar:/home/travis/build/icyphy/ptII/lib/jython.jar:/home/travis/build/icyphy/ptII/lib/kieler.jar:/home/travis/build/icyphy/ptII/vendors/opencv/share/OpenCV/java/opencv-341.jar:/home/travis/build/icyphy/ptII/lib/oscP5.jar:/home/travis/build/icyphy/ptII/lib/nrjavaserial-3.11.0.devel.jar:/home/travis/build/icyphy/ptII/vendors/j3d/lib/Linux/j3dcore.jar:/home/travis/build/icyphy/ptII/vendors/j3d/lib/Linux/j3dutils.jar:/home/travis/build/icyphy/ptII/vendors/j3d/lib/Linux/vecmath.jar:/home/travis/build/icyphy/ptII/vendors/jogl/lib/Linux/gluegen-rt-natives-linux-amd64.jar:/home/travis/build/icyphy/ptII/vendors/jogl/lib/Linux/gluegen-rt.jar:/home/travis/build/icyphy/ptII/vendors/jogl/lib/Linux/jogl-all-natives-linux-amd64.jar:/home/travis/build/icyphy/ptII/vendors/jogl/lib/Linux/jogl-all.jar:/home/travis/build/icyphy/ptII/ptolemy/distributed/jini/jar/jini-core.jar:/home/travis/build/icyphy/ptII/ptolemy/distributed/jini/jar/jini-ext.jar:/home/travis/build/icyphy/ptII/ptolemy/distributed/jini/jar/sun-util.jar:/home/travis/build/icyphy/ptII/lib/protobuf-java-2.4.1.jar:/home/travis/build/icyphy/ptII/lib/org.eclipse.paho.client.mqttv3.jar:/home/travis/build/icyphy/ptII/lib/mapss.jar:/home/travis/build/icyphy/ptII/ptolemy/actor/ptalon/antlr/antlr.jar:/home/travis/build/icyphy/ptII/lib/JRI.jar:/home/travis/build/icyphy/ptII/lib/commons-lang-2.6.jar:/home/travis/build/icyphy/ptII/lib/commons-logging-1.1.1.jar:/home/travis/build/icyphy/ptII/lib/sootclasses.jar:/home/travis/build/icyphy/ptII/ptolemy/actor/lib/database/mysql-connector-java-5.1.6-bin.jar:/home/travis/build/icyphy/ptII/vendors/misc/sphinx4/sphinx4-data-5prealpha.jar:/home/travis/build/icyphy/ptII/vendors/misc/sphinx4/sphinx4-core-5prealpha.jar:/home/travis/build/icyphy/ptII/lib/PDFRenderer.jar:/home/travis/build/icyphy/ptII/lib/svgSalamander.jar:/home/travis/build/icyphy/ptII/lib/rsyntaxtextarea-2.6.0-SNAPSHOT.jar:/home/travis/build/icyphy/ptII/lib/hazelcast-3.8.2.jar:/home/travis/build/icyphy/ptII/lib/jackson-annotations-2.9.0.jar:/home/travis/build/icyphy/ptII/lib/jackson-core-2.9.3.jar:/home/travis/build/icyphy/ptII/lib/jackson-databind-2.9.3.jar:/home/travis/build/icyphy/ptII/lib/netty-buffer-4.1.19.Final.jar:/home/travis/build/icyphy/ptII/lib/netty-codec-4.1.19.Final.jar:/home/travis/build/icyphy/ptII/lib/netty-codec-dns-4.1.19.Final.jar:/home/travis/build/icyphy/ptII/lib/netty-codec-http-4.1.19.Final.jar:/home/travis/build/icyphy/ptII/lib/netty-codec-http2-4.1.19.Final.jar:/home/travis/build/icyphy/ptII/lib/netty-common-4.1.19.Final.jar:/home/travis/build/icyphy/ptII/lib/netty-handler-4.1.19.Final.jar:/home/travis/build/icyphy/ptII/lib/netty-resolver-4.1.19.Final.jar:/home/travis/build/icyphy/ptII/lib/netty-resolver-dns-4.1.19.Final.jar:/home/travis/build/icyphy/ptII/lib/netty-transport-4.1.19.Final.jar:/home/travis/build/icyphy/ptII/lib/vertx-codegen-3.5.1.jar:/home/travis/build/icyphy/ptII/lib/vertx-core-3.5.2-SNAPSHOT.jar:/home/travis/build/icyphy/ptII/lib/vertx-hazelcast-3.5.1.jar:/home/travis/build/icyphy/ptII/lib/vertx-lang-js-3.5.1.jar:/home/travis/build/icyphy/ptII/lib/vertx-service-proxy-3.5.1.jar:/home/travis/build/icyphy/ptII/lib/vertx-web-3.5.1.jar:/home/travis/build/icyphy/ptII/lib/slf4j-api-1.7.13.jar:/home/travis/build/icyphy/ptII/lib/slf4j-simple-1.7.13.jar:/home/travis/build/icyphy/ptII/lib/webcam-capture-0.3.12.jar:/home/travis/build/icyphy/ptII/lib/bridj-0.7.0.jar:/home/travis/build/icyphy/ptII/lib/xbjlib-1.1.0.nrjavaserial.jar" />
    <property name="timeout" value="2400000" />
    <property name="test.batch" value="**/junit/*.java" />
    <property name="env._" value="/usr/bin/timeout" />
    <property name="java.io.tmpdir" value="/tmp" />
    <property name="user.language" value="en" />
    <property name="env.TRAVIS_INTERNAL_RUBY_REGEX" value="^ruby-(2\.[0-4]\.[0-9]|1\.9\.3)" />
    <property name="env.HISTCONTROL" value="ignoredups:ignorespace" />
    <property name="env.GOROOT" value="/home/travis/.gimme/versions/go1.11.1.linux.amd64" />
    <property name="line.separator" value="&#xa;" />
    <property name="target" value="11" />
    <property name="env.TRAVIS_BUILD_DIR" value="/home/travis/build/icyphy/ptII" />
    <property name="env.ANT_OPTS" value="-Xmx2048m" />
    <property name="ant.file.type" value="file" />
    <property name="ptolemy.ptII.batchMode" value="true" />
    <property name="env.HISTSIZE" value="1000" />
    <property name="env.MERB_ENV" value="test" />
    <property name="java.vm.info" value="mixed mode" />
    <property name="source" value="11" />
    <property name="java.vm.specification.name" value="Java Virtual Machine Specification" />
    <property name="env.TRAVIS_TEST_RESULT" value="0" />
    <property name="jsdoc.command" value="node_modules/@terraswarm/jsdoc/jsdoc.js" />
    <property name="npm.works" value="true" />
    <property name="cobertura.dir" value="/home/travis/build/icyphy/ptII/vendors/cobertura-2.0.3" />
    <property name="jsdoc.command.exists" value="true" />
    <property name="env.rvm_path" value="/home/travis/.rvm" />
    <property name="env.GEM_PATH" value="/home/travis/.rvm/gems/ruby-2.5.3:/home/travis/.rvm/gems/ruby-2.5.3@global" />
    <property name="env.LC_CTYPE" value="en_US.UTF-8" />
    <property name="env.TRAVIS_CMD" value="$PTII/bin/ptIITravisBuild.sh $SECONDS" />
    <property name="java.awt.printerjob" value="sun.print.PSPrinterJob" />
    <property name="env.TRAVIS_STACK_NAME" value="sardonyx" />
    <property name="env.TRAVIS_TIMER_START_TIME" value="1580972897154038816" />
    <property name="ant.version" value="Apache Ant(TM) version 1.10.1 compiled on February 2 2017" />
    <property name="ptII.reports" value="/home/travis/build/icyphy/ptII/reports" />
    <property name="env.TRAVIS_STACK_TIMESTAMP" value="2019-03-25 16:16:56 UTC" />
    <property name="ant.file.type.ptII" value="file" />
    <property name="env.RBENV_SHELL" value="bash" />
    <property name="os.name" value="Linux" />
    <property name="java.specification.vendor" value="Oracle Corporation" />
    <property name="env.rvm_version" value="1.29.7 (latest)" />
    <property name="env.TRAVIS_INFRA" value="unknown" />
    <property name="env.TERM" value="xterm" />
    <property name="java.vm.name" value="OpenJDK 64-Bit Server VM" />
    <property name="env.TRAVIS_BUILD_NUMBER" value="1501" />
    <property name="env.CI" value="true" />
    <property name="java.library.path" value="/home/travis/pthla/certi-tools/lib:/usr/lib/jni:/usr/local/share/OpenCV/java/:/usr/share/OpenCV/java::/usr/java/packages/lib:/usr/lib64:/lib64:/lib:/usr/lib" />
    <property name="jdk.module.path" value="/home/travis/build/icyphy/ptII/vendors/javafx/javafx-sdk-11.0.2/lib:" />
    <property name="env.rvm_prefix" value="/home/travis" />
    <property name="env.PATH" value="/home/travis/pthla/certi-tools/share/scripts:/home/travis/.rvm/gems/ruby-2.5.3/bin:/home/travis/.rvm/gems/ruby-2.5.3@global/bin:/home/travis/.rvm/rubies/ruby-2.5.3/bin:/home/travis/.rvm/bin:/home/travis/.nvm/versions/node/v7.10.1/bin:./node_modules/.bin:/home/travis/build/icyphy/ptII/bin:/home/travis/pthla/certi-tools/bin:/home/travis/bin:/home/travis/.local/bin:/usr/local/lib/jvm/openjdk11/bin:/opt/pyenv/shims:/home/travis/.phpenv/shims:/home/travis/perl5/perlbrew/bin:/home/travis/gopath/bin:/home/travis/.gimme/versions/go1.11.1.linux.amd64/bin:/usr/local/maven-3.6.0/bin:/usr/local/cmake-3.12.4/bin:/usr/local/clang-7.0.0/bin:/usr/local/sbin:/usr/local/bin:/usr/sbin:/usr/bin:/sbin:/bin:/snap/bin:/home/travis/.phpenv/bin:/opt/pyenv/bin:/home/travis/.yarn/bin" />
    <property name="env.TRAVIS_OS_NAME" value="linux" />
    <property name="ant.java.version" value="9" />
    <property name="basedir" value="/home/travis/build/icyphy/ptII" />
    <property name="java.class.version" value="55.0" />
    <property name="env.SHLVL" value="3" />
    <property name="env.LD_LIBRARY_PATH" value="/home/travis/pthla/certi-tools/lib:/usr/lib/jni:/usr/local/share/OpenCV/java/:/usr/share/OpenCV/java:" />
    <property name="env.RACK_ENV" value="test" />
    <property name="ant.home" value="/home/travis/build/icyphy/ptII/ant" />
    <property name="env.NVM_DIR" value="/home/travis/.nvm" />
    <property name="env.CERTI_FOM_PATH" value="/home/travis/pthla/certi-tools/share/federations" />
    <property name="env.TRAVIS_BUILD_ID" value="646735756" />
    <property name="env.PYENV_ROOT" value="/opt/pyenv" />
    <property name="env.TRAVIS_UID" value="2000" />
    <property name="prism.verbose" value="true" />
    <property name="env.NVM_BIN" value="/home/travis/.nvm/versions/node/v7.10.1/bin" />
    <property name="env.TRAVIS_COMMIT" value="c5f12d15b0991ef590d3e5799426839badb33c4b" />
    <property name="env._system_arch" value="x86_64" />
    <property name="node.executable" value="node" />
    <property name="sun.boot.library.path" value="/usr/local/lib/jvm/openjdk11/lib" />
    <property name="sun.management.compiler" value="HotSpot 64-Bit Tiered Compilers" />
    <property name="java.awt.graphicsenv" value="sun.awt.X11GraphicsEnvironment" />
    <property name="env.GOPATH" value="/home/travis/gopath" />
    <property name="ptolemy.ptII.dir" value="/home/travis/build/icyphy/ptII" />
    <property name="env.USER" value="travis" />
    <property name="env.HISTFILESIZE" value="2000" />
    <property name="env.PT_TRAVIS_TEST_CORE6_XML" value="true" />
    <property name="timeout.longest" value="19000000" />
    <property name="env.PERLBREW_SHELLRC_VERSION" value="0.86" />
    <property name="env.TRAVIS_STACK_FEATURES" value="basic couchdb disabled-ipv6 docker docker-compose elasticsearch firefox go-toolchain google-chrome jdk memcached mongodb mysql nodejs_interpreter perl_interpreter perlbrew phantomjs postgresql python_interpreter redis ruby_interpreter sqlite xserver" />
    <property name="env.TRAVIS_PULL_REQUEST" value="false" />
    <property name="env.PYENV_SHELL" value="bash" />
    <property name="ant.project.name" value="ptII" />
    <property name="env.ANSI_RESET" value="\033[0m" />
    <property name="java.vm.specification.version" value="11" />
    <property name="env.TRAVIS_DIST" value="xenial" />
    <property name="env.CERTI_VERSION" value="4.0.0" />
    <property name="env.CERTI_HOST" value="localhost" />
    <property name="awt.toolkit" value="sun.awt.X11.XToolkit" />
    <property name="env.MY_RUBY_HOME" value="/home/travis/.rvm/rubies/ruby-2.5.3" />
    <property name="sun.cpu.isalist" value="" />
    <property name="env.TRAVIS_TMPDIR" value="/tmp/tmp.LiNktacmgA" />
    <property name="java.vm.compressedOopsMode" value="Zero based" />
    <property name="os.version" value="4.15.0-1028-gcp" />
    <property name="user.home" value="/home/travis" />
    <property name="java.vm.vendor" value="Oracle Corporation" />
    <property name="env.TRAVIS_TAG" value="nightly" />
    <property name="env.ANSI_YELLOW" value="\033[33;1m" />
    <property name="env.TRAVIS_FILTERED" value="redirect_io" />
    <property name="env.ANSI_GREEN" value="\033[32;1m" />
    <property name="env.JAVA_HOME" value="/usr/local/lib/jvm/openjdk11" />
    <property name="javadoc.excludepackagenames" value="adm.cvs2svn.*,build.*,config.*,doc.coding.templates.*,jni.test.jni.meaningOfLife.*,jni.test.jni.testDeux.*,jni.test.jni.testTrois.*,org.terraswarm.accessor.accessors.web.node_modules.*,org.terraswarm.accessor.accessors.web.hosts.cordova.demo.*,org.terraswarm.accessor.accessors.web.hosts.cordova.plugins.*,org.terraswarm.accessor.accessors-svn.*,pt-modules.*,ptolemy.apps.agilent.*,ptolemy.apps.anytimecontrol.*,ptolemy.apps.apes.*,ptolemy.apps.charon.*,ptolemy.apps.crazyboard.*,ptolemy.apps.eclipse.*,ptolemy.apps.etherealSting.*,ptolemy.apps.fullscreen.*,ptolemy.apps.giotto.*,ptolemy.apps.ia.*,ptolemy.apps.interfaces.*,ptolemy.apps.jmf.*,ptolemy.apps.kurt.*,ptolemy.apps.kvm.*,ptolemy.apps.lego.*,ptolemy.apps.lejos.*,ptolemy.apps.midp.*,ptolemy.apps.mobileCoding.*,ptolemy.apps.pendulum.*,ptolemy.apps.rijndael.*,ptolemy.apps.robot.*,ptolemy.apps.security.*,ptolemy.apps.sobel.*,ptolemy.apps.soot.*,ptolemy.apps.throttle.*,ptolemy.apps.tini.*,ptolemy.apps.transmission.*,ptolemy.apps.vergil.*,ptolemy.apps.waba.*,ptolemy.apps.websensor.*,ptolemy.apps.webstart.*,ptolemy.apps.xsl.*,ptolemy.apps.zaurus.*,ptolemy.codegen.c.actor.lib.oldJavaFiles.*,ptolemy.codegen.dsp.lib.*,ptolemy.codegen.kernel.newInterfaces.*,ptolemy.codegen.lib.*,ptolemy.copernicus.kernel.fragment.*,ptolemy.copernicus.shallow.cg.*,ptolemy.domains.giotto.demo.Hierarchy.Hierarchy.*,ptolemy.domains.giotto.demo.Multimode.Multimode.*,ptolemy.domains.giotto.demo.Simple.Simple.*,ptolemy.domains.gr.lib.experimental.*,ptolemy.domains.gro.*,ptolemy.domains.pdf.*,ptolemy.domains.ptinyos.demo.Surge.output.*,ptolemy.moml.test.NoPackageActor.java*,ptolemy.plot.adm.*,ptolemy.plot.servlet.*,reports.*,signed.*,src.*,target.*,vendors.*,ptolemy.copernicus.applet.*,ptolemy.media.viewer.*,ptolemy.actor.corba.*,doc.doclets.*,ptolemy.apps.eclipse.awt.*,ptolemy.backtrack.*,ptolemy.backtrack.ast.*,ptolemy.cg.adapter.generic.program.procedural.c.mbed*,ptolemy.homer.*,ptolemy.actor.lib.jai.*,org.ptolemy.scala.*,diva.util.java2d.svg.*,ptolemy.domains.ptinyos.*,ptolemy.actor.lib.fmi.fmipp.*,,org.terraswarm.accessor.accessors.web.node_modules.*,org.terraswarm.accessor.accessors-svn,ptolemy.apps.*,ptolemy.actor.ptalon.demo.ptinyos.SendAndReceiveCnt.output,ptolemy.actor.ptalon.demo.ptinyos.SenseToLeds.output,ptolemy.domains.ptinyos.demo.CntToLedsAndRfm.output,ptolemy.domains.ptinyos.demo.RfmToLeds.output,ptolemy.domains.ptinyos.demo.SendAndReceiveCnt.output,ptolemy.domains.ptinyos.demo.SenseToLeds.output,ptolemy.actor.lib.jjs.modules.udpSocket.*" />
    <property name="env.PTII" value="/home/travis/build/icyphy/ptII" />
    <property name="env.XDG_SESSION_ID" value="2" />
    <property name="keystore" value="ptKeystore" />
    <property name="env.TRAVIS_COMMIT_MESSAGE" value="Moved useCertiMessageBuffer parameter to HlaManager and disabled it for the 1516e version of HLA" />
    <property name="junit.output.dir" value="/home/travis/build/icyphy/ptII/reports/junit" />
    <property name="npm.return.code" value="0" />
    <property name="user.dir" value="/home/travis/build/icyphy/ptII/ptolemy/configs/test/constraints/test" />
    <property name="env.TRAVIS_NODE_VERSION" value="7" />
    <property name="env.TRAVIS_EVENT_TYPE" value="cron" />
    <property name="env.MAIL" value="/var/mail/travis" />
    <property name="env.PERLBREW_ROOT" value="/home/travis/perl5/perlbrew" />
    <property name="env.PWD" value="/home/travis/build/icyphy/ptII" />
    <property name="timeout.npm" value="45000" />
    <property name="env.TRAVIS_ARCH" value="amd64" />
    <property name="sun.cpu.endian" value="little" />
    <property name="env.PAGER" value="cat" />
    <property name="env.TRAVIS_BUILD_STAGE_NAME" value="Test" />
    <property name="env.PERLBREW_HOME" value="/home/travis/.perlbrew" />
    <property name="java.vm.version" value="11.0.2+9" />
    <property name="env.RAILS_ENV" value="test" />
    <property name="java.class.path" value="/home/travis/build/icyphy/ptII:/home/travis/build/icyphy/ptII/lib/bsh-2.0b4.jar:/home/travis/build/icyphy/ptII/lib/ptCal.jar:/home/travis/build/icyphy/ptII/lib/java_cup.jar:/home/travis/build/icyphy/ptII/lib/saxon8.jar:/home/travis/build/icyphy/ptII/lib/saxon8-dom.jar:/home/travis/build/icyphy/ptII/lib/chic.jar:/home/travis/build/icyphy/ptII/lib/ptcolt.jar:/home/travis/build/icyphy/ptII/vendors/misc/itext/iText.jar:/home/travis/build/icyphy/ptII/lib/g4ltl.jar:/home/travis/build/icyphy/ptII/lib/StructuralCoder.jar:/home/travis/build/icyphy/ptII/lib/jcerti.jar:/home/travis/build/icyphy/ptII/lib/javax.mail.jar:/home/travis/build/icyphy/ptII/vendors/JMF-2.1.1e/lib/jmf.jar:/home/travis/build/icyphy/ptII/lib/jna-4.0.0-variadic.jar:/home/travis/build/icyphy/ptII/vendors/misc/joystick/Joystick.jar:/home/travis/build/icyphy/ptII/lib/ptjacl.jar:/home/travis/build/icyphy/ptII/lib/jsoup-1.8.2.jar:/home/travis/build/icyphy/ptII/lib/junit-4.8.2.jar:/home/travis/build/icyphy/ptII/lib/JUnitParams-0.4.0.jar:/home/travis/build/icyphy/ptII/ptolemy/actor/lib/excel/jxl.jar:/home/travis/build/icyphy/ptII/lib/jython.jar:/home/travis/build/icyphy/ptII/lib/kieler.jar:/home/travis/build/icyphy/ptII/vendors/opencv/share/OpenCV/java/opencv-341.jar:/home/travis/build/icyphy/ptII/lib/oscP5.jar:/home/travis/build/icyphy/ptII/lib/nrjavaserial-3.11.0.devel.jar:/home/travis/build/icyphy/ptII/vendors/j3d/lib/Linux/j3dcore.jar:/home/travis/build/icyphy/ptII/vendors/j3d/lib/Linux/j3dutils.jar:/home/travis/build/icyphy/ptII/vendors/j3d/lib/Linux/vecmath.jar:/home/travis/build/icyphy/ptII/vendors/jogl/lib/Linux/gluegen-rt-natives-linux-amd64.jar:/home/travis/build/icyphy/ptII/vendors/jogl/lib/Linux/gluegen-rt.jar:/home/travis/build/icyphy/ptII/vendors/jogl/lib/Linux/jogl-all-natives-linux-amd64.jar:/home/travis/build/icyphy/ptII/vendors/jogl/lib/Linux/jogl-all.jar:/home/travis/build/icyphy/ptII/ptolemy/distributed/jini/jar/jini-core.jar:/home/travis/build/icyphy/ptII/ptolemy/distributed/jini/jar/jini-ext.jar:/home/travis/build/icyphy/ptII/ptolemy/distributed/jini/jar/sun-util.jar:/home/travis/build/icyphy/ptII/lib/protobuf-java-2.4.1.jar:/home/travis/build/icyphy/ptII/lib/org.eclipse.paho.client.mqttv3.jar:/home/travis/build/icyphy/ptII/lib/mapss.jar:/home/travis/build/icyphy/ptII/ptolemy/actor/ptalon/antlr/antlr.jar:/home/travis/build/icyphy/ptII/lib/JRI.jar:/home/travis/build/icyphy/ptII/lib/commons-lang-2.6.jar:/home/travis/build/icyphy/ptII/lib/commons-logging-1.1.1.jar:/home/travis/build/icyphy/ptII/lib/sootclasses.jar:/home/travis/build/icyphy/ptII/ptolemy/actor/lib/database/mysql-connector-java-5.1.6-bin.jar:/home/travis/build/icyphy/ptII/vendors/misc/sphinx4/sphinx4-data-5prealpha.jar:/home/travis/build/icyphy/ptII/vendors/misc/sphinx4/sphinx4-core-5prealpha.jar:/home/travis/build/icyphy/ptII/lib/PDFRenderer.jar:/home/travis/build/icyphy/ptII/lib/svgSalamander.jar:/home/travis/build/icyphy/ptII/lib/rsyntaxtextarea-2.6.0-SNAPSHOT.jar:/home/travis/build/icyphy/ptII/lib/hazelcast-3.8.2.jar:/home/travis/build/icyphy/ptII/lib/jackson-annotations-2.9.0.jar:/home/travis/build/icyphy/ptII/lib/jackson-core-2.9.3.jar:/home/travis/build/icyphy/ptII/lib/jackson-databind-2.9.3.jar:/home/travis/build/icyphy/ptII/lib/netty-buffer-4.1.19.Final.jar:/home/travis/build/icyphy/ptII/lib/netty-codec-4.1.19.Final.jar:/home/travis/build/icyphy/ptII/lib/netty-codec-dns-4.1.19.Final.jar:/home/travis/build/icyphy/ptII/lib/netty-codec-http-4.1.19.Final.jar:/home/travis/build/icyphy/ptII/lib/netty-codec-http2-4.1.19.Final.jar:/home/travis/build/icyphy/ptII/lib/netty-common-4.1.19.Final.jar:/home/travis/build/icyphy/ptII/lib/netty-handler-4.1.19.Final.jar:/home/travis/build/icyphy/ptII/lib/netty-resolver-4.1.19.Final.jar:/home/travis/build/icyphy/ptII/lib/netty-resolver-dns-4.1.19.Final.jar:/home/travis/build/icyphy/ptII/lib/netty-transport-4.1.19.Final.jar:/home/travis/build/icyphy/ptII/lib/vertx-codegen-3.5.1.jar:/home/travis/build/icyphy/ptII/lib/vertx-core-3.5.2-SNAPSHOT.jar:/home/travis/build/icyphy/ptII/lib/vertx-hazelcast-3.5.1.jar:/home/travis/build/icyphy/ptII/lib/vertx-lang-js-3.5.1.jar:/home/travis/build/icyphy/ptII/lib/vertx-service-proxy-3.5.1.jar:/home/travis/build/icyphy/ptII/lib/vertx-web-3.5.1.jar:/home/travis/build/icyphy/ptII/lib/slf4j-api-1.7.13.jar:/home/travis/build/icyphy/ptII/lib/slf4j-simple-1.7.13.jar:/home/travis/build/icyphy/ptII/lib/webcam-capture-0.3.12.jar:/home/travis/build/icyphy/ptII/lib/bridj-0.7.0.jar:/home/travis/build/icyphy/ptII/lib/xbjlib-1.1.0.nrjavaserial.jar:/home/travis/build/icyphy/ptII/ptolemy/moml/test:/home/travis/build/icyphy/ptII/ant/lib/ant-launcher.jar:/home/travis/build/icyphy/ptII/ant/lib/ant.jar:/home/travis/build/icyphy/ptII/ant/lib/ant-junit.jar:/home/travis/build/icyphy/ptII/ant/lib/ant-junit4.jar" />
    <property name="ant.library.dir" value="/home/travis/build/icyphy/ptII/ant/lib" />
    <property name="os.arch" value="amd64" />
    <property name="env.CONTINUOUS_INTEGRATION" value="true" />
    <property name="env.TRAVIS_LANGUAGE" value="node_js" />
    <property name="env.TRAVIS_STACK_LANGUAGES" value="__sardonyx__ c c++ clojure cplusplus cpp default generic go groovy java node_js php pure_java python ruby scala" />
    <property name="test.name" value="ptolemy.actor.lib.test.junit.JUnitTclTest" />
    <property name="env.APT_KEY_DONT_WARN_ON_DANGEROUS_USAGE" value="1" />
    <property name="sun.java.launcher" value="SUN_STANDARD" />
    <property name="env.PYTHON_CONFIGURE_OPTS" value="--enable-unicode=ucs4 --with-wide-unicode --enable-shared --enable-ipv6 --enable-loadable-sqlite-extensions --with-computed-gotos" />
    <property name="ant.core.lib" value="/home/travis/build/icyphy/ptII/ant/lib/ant.jar" />
    <property name="java.vm.specification.vendor" value="Oracle Corporation" />
    <property name="env.BCVTB_HOME" value="/home/travis/build/icyphy/ptII/lbnl" />
    <property name="file.separator" value="/" />
    <property name="spotbugs.home" value="/home/travis/build/icyphy/ptII/vendors/spotbugs-3.1.1" />
    <property name="java.runtime.version" value="11.0.2+9" />
    <property name="env.ANSI_CLEAR" value="\033[0K" />
    <property name="javafx.verbose" value="true" />
    <property name="env.HAS_JOSH_K_SEAL_OF_APPROVAL" value="true" />
    <property name="env.XDG_RUNTIME_DIR" value="/run/user/2000" />
    <property name="env.TRAVIS_OSX_IMAGE" value="" />
    <property name="env.TRAVIS_JOB_ID" value="646735769" />
    <property name="env.TRAVIS_BRANCH" value="master" />
    <property name="user.country" value="US" />
    <property name="env.CERTI_HOME_TRAVIS" value="/home/travis/pthla/certi-tools" />
    <property name="env.SHELL" value="/bin/bash" />
    <property name="java.maxmemory.large" value="3200m" />
    <property name="model" value="" />
    <property name="env.CASHER_DIR" value="/home/travis/.casher" />
    <property name="env.NVM_CD_FLAGS" value="" />
    <property name="java.vendor.version" value="18.9" />
    <property name="jshint.executable" value="/home/travis/node_modules/jshint/bin/jshint" />
    <property name="env.JRUBY_OPTS" value=" --client -J-XX:+TieredCompilation -J-XX:TieredStopAtLevel=1 -J-Xss2m -Xcompile.invokedynamic=false" />
    <property name="java.vendor" value="Oracle Corporation" />
    <property name="env.TRAVIS_PRE_CHEF_BOOTSTRAP_TIME" value="2019-03-25T16:16:42" />
    <property name="env.TRAVIS_STACK_JOB_BOARD_REGISTER" value="/.job-board-register.yml" />
    <property name="env.ANSI_RED" value="\033[31;1m" />
    <property name="java.specification.version" value="11" />
    <property name="env.IRBRC" value="/home/travis/.rvm/rubies/ruby-2.5.3/.irbrc" />
    <property name="env.TRAVIS" value="true" />
    <property name="sun.arch.data.model" value="64" />
  </properties>
  <testcase classname="ptolemy.util.test.junit.TclTests" name="[0] /home/travis/build/icyphy/ptII/ptolemy/configs/test/constraints/test/checkFullConstraints.tcl (RunTclFile)" time="1032.365" />
  <testcase classname="ptolemy.util.test.junit.AutoKnownFailedTests" name="[0] ThereAreNoKnowFailedTests (RunModel)" time="0.005" />
  <testcase classname="ptolemy.util.test.junit.AutoNameArchTests" name="[0] ThereAreNoAutoArchTests (RunModel)" time="0.006" />
  <testcase classname="ptolemy.util.test.junit.AutoTests" name="[0] ThereAreNoAutoTests (RunModel)" time="0.007" />
  <system-out><![CDATA[/home/travis/build/icyphy/ptII/ptolemy/configs/test/constraints/test/checkFullConstraints.tcl
testDefs.tcl: setting time out to 9000 seconds at Thu Feb 06 07:09:36 UTC 2020
FIXME FIXME FIXME FIXME FIXME FIXME
ptolemy/configs/test/checkFullConstraints.tcl: FIXME: Invoking Configuration.check() 
results in a memory leak that consumes
more than 4gig of memory and causes problems under Travis.
so, we check the constraints only of the full configuration.
FIXME FIXME FIXME FIXME FIXME FIXME
 Force everything to get expanded ptolemy/configs/configurationFile
    (Skipping certain optional packages, jxta and viptos)
JSAccessor: PT_NO_NET environment variable is set, so git pull and ptdoc are not being run.
Retrieving library from file:/home/travis/build/icyphy/ptII/org/terraswarm/accessor/accessors/web/index.json
Retrieving library from file:/home/travis/build/icyphy/ptII/org/terraswarm/accessor/accessors/web/adapters/index.json
Retrieving library from file:/home/travis/build/icyphy/ptII/org/terraswarm/accessor/accessors/web/audio/index.json
Prism pipeline init order: es2 sw 
Using Double Precision Marlin Rasterizer
Using dirty region optimizations
Not using texture mask for primitives
Not forcing power of 2 sizes for textures
Using hardware CLAMP_TO_ZERO mode
Opting in for HiDPI pixel scaling
Prism pipeline name = com.sun.prism.es2.ES2Pipeline
Loading ES2 native library ... prism_es2
	succeeded.
GLFactory using com.sun.prism.es2.X11GLFactory
(X) Got class = class com.sun.prism.es2.ES2Pipeline
Prism pipeline name = com.sun.prism.sw.SWPipeline
(X) Got class = class com.sun.prism.sw.SWPipeline
Initialized prism pipeline: com.sun.prism.sw.SWPipeline
Retrieving library from file:/home/travis/build/icyphy/ptII/org/terraswarm/accessor/accessors/web/cameras/index.json
No physical cameras found, using WebcamDummyDriver.
Retrieving library from file:/home/travis/build/icyphy/ptII/org/terraswarm/accessor/accessors/web/dashboard/index.json
Retrieving library from file:/home/travis/build/icyphy/ptII/org/terraswarm/accessor/accessors/web/devices/index.json
Retrieving library from file:/home/travis/build/icyphy/ptII/org/terraswarm/accessor/accessors/web/image/index.json
CharacterRecognition: The tesseract module was not present.  The CharacterRecognition accessor is not supported on this accessor host. (Thread[main,5,main])
CharacterRecognition: The tesseract module was not present.  The CharacterRecognition accessor is not supported on this accessor host. (Thread[main,5,main])
Retrieving library from file:/home/travis/build/icyphy/ptII/org/terraswarm/accessor/accessors/web/net/index.json
Retrieving library from file:/home/travis/build/icyphy/ptII/org/terraswarm/accessor/accessors/web/robotics/index.json
Retrieving library from file:/home/travis/build/icyphy/ptII/org/terraswarm/accessor/accessors/web/geodesy/index.json
Retrieving library from file:/home/travis/build/icyphy/ptII/org/terraswarm/accessor/accessors/web/services/index.json
Retrieving library from file:/home/travis/build/icyphy/ptII/org/terraswarm/accessor/accessors/web/signals/index.json
Retrieving library from file:/home/travis/build/icyphy/ptII/org/terraswarm/accessor/accessors/web/test/index.json
Retrieving library from file:/home/travis/build/icyphy/ptII/org/terraswarm/accessor/accessors/web/utilities/index.json
The Mutable accessor original file has no documentation, so we are not running jsdoc on https://accessors.org/utilities/Mutable.js
HLA version is 1.3.
HLA version is 1.3.
Retrieving library from file:/home/travis/build/icyphy/ptII/org/terraswarm/accessor/accessors/web/index.json
Retrieving library from file:/home/travis/build/icyphy/ptII/org/terraswarm/accessor/accessors/web/adapters/index.json
Retrieving library from file:/home/travis/build/icyphy/ptII/org/terraswarm/accessor/accessors/web/audio/index.json
Retrieving library from file:/home/travis/build/icyphy/ptII/org/terraswarm/accessor/accessors/web/cameras/index.json
Retrieving library from file:/home/travis/build/icyphy/ptII/org/terraswarm/accessor/accessors/web/dashboard/index.json
Retrieving library from file:/home/travis/build/icyphy/ptII/org/terraswarm/accessor/accessors/web/devices/index.json
Retrieving library from file:/home/travis/build/icyphy/ptII/org/terraswarm/accessor/accessors/web/image/index.json
CharacterRecognition: The tesseract module was not present.  The CharacterRecognition accessor is not supported on this accessor host. (Thread[main,5,main])
CharacterRecognition: The tesseract module was not present.  The CharacterRecognition accessor is not supported on this accessor host. (Thread[main,5,main])
Retrieving library from file:/home/travis/build/icyphy/ptII/org/terraswarm/accessor/accessors/web/net/index.json
Retrieving library from file:/home/travis/build/icyphy/ptII/org/terraswarm/accessor/accessors/web/robotics/index.json
Retrieving library from file:/home/travis/build/icyphy/ptII/org/terraswarm/accessor/accessors/web/geodesy/index.json
Retrieving library from file:/home/travis/build/icyphy/ptII/org/terraswarm/accessor/accessors/web/services/index.json
Retrieving library from file:/home/travis/build/icyphy/ptII/org/terraswarm/accessor/accessors/web/signals/index.json
Retrieving library from file:/home/travis/build/icyphy/ptII/org/terraswarm/accessor/accessors/web/test/index.json
Retrieving library from file:/home/travis/build/icyphy/ptII/org/terraswarm/accessor/accessors/web/utilities/index.json
The Mutable accessor original file has no documentation, so we are not running jsdoc on https://accessors.org/utilities/Mutable.js
HLA version is 1.3.
HLA version is 1.3.
HLA version is 1.3.
Retrieving library from file:/home/travis/build/icyphy/ptII/org/terraswarm/accessor/accessors/web/index.json
Retrieving library from file:/home/travis/build/icyphy/ptII/org/terraswarm/accessor/accessors/web/adapters/index.json
Retrieving library from file:/home/travis/build/icyphy/ptII/org/terraswarm/accessor/accessors/web/audio/index.json
Retrieving library from file:/home/travis/build/icyphy/ptII/org/terraswarm/accessor/accessors/web/cameras/index.json
Retrieving library from file:/home/travis/build/icyphy/ptII/org/terraswarm/accessor/accessors/web/dashboard/index.json
Retrieving library from file:/home/travis/build/icyphy/ptII/org/terraswarm/accessor/accessors/web/devices/index.json
Retrieving library from file:/home/travis/build/icyphy/ptII/org/terraswarm/accessor/accessors/web/image/index.json
CharacterRecognition: The tesseract module was not present.  The CharacterRecognition accessor is not supported on this accessor host. (Thread[main,5,main])
CharacterRecognition: The tesseract module was not present.  The CharacterRecognition accessor is not supported on this accessor host. (Thread[main,5,main])
Retrieving library from file:/home/travis/build/icyphy/ptII/org/terraswarm/accessor/accessors/web/net/index.json
Retrieving library from file:/home/travis/build/icyphy/ptII/org/terraswarm/accessor/accessors/web/robotics/index.json
Retrieving library from file:/home/travis/build/icyphy/ptII/org/terraswarm/accessor/accessors/web/geodesy/index.json
Retrieving library from file:/home/travis/build/icyphy/ptII/org/terraswarm/accessor/accessors/web/services/index.json
Retrieving library from file:/home/travis/build/icyphy/ptII/org/terraswarm/accessor/accessors/web/signals/index.json
Retrieving library from file:/home/travis/build/icyphy/ptII/org/terraswarm/accessor/accessors/web/test/index.json
Retrieving library from file:/home/travis/build/icyphy/ptII/org/terraswarm/accessor/accessors/web/utilities/index.json
The Mutable accessor original file has no documentation, so we are not running jsdoc on https://accessors.org/utilities/Mutable.js
HLA version is 1.3.
HLA version is 1.3.
Configuration.check: entity: ptolemy.actor.lib.Assert {.configuration.actor library.Utilities.Analysis.Assert} 0 ms. Memory: 2434048K Free: 474624K (19%)
#Configuration.check: entity: ptolemy.actor.lib.jjs.JavaScript {.configuration.actor library.Utilities.JavaScript.JavaScript} 38 ms. Memory: 2434048K Free: 458240K (19%)
#Configuration.check: entity: ptolemy.vergil.basic.export.html.jsoup.HTMLPageAssembler {.configuration.actor library.Utilities.WebExport.HTMLPageAssembler} 1134 ms. Memory: 2434048K Free: 552446K (23%)
#Configuration.check: entity: ptolemy.actor.lib.Const {.configuration.actor library.Actors.Sources.GenericSources.Const} 1162 ms. Memory: 2434048K Free: 540672K (22%)
#Configuration.check: entity: ptolemy.actor.lib.StringConst {.configuration.actor library.Actors.Sources.GenericSources.StringConst} 1281 ms. Memory: 2434048K Free: 479711K (20%)
#Configuration.check: entity: ptolemy.actor.lib.Subscriber {.configuration.actor library.Actors.Sources.GenericSources.Subscriber} 1282 ms. Memory: 2434048K Free: 479232K (20%)
#Configuration.check: entity: ptolemy.actor.lib.SubscriptionAggregator {.configuration.actor library.Actors.Sources.GenericSources.SubscriptionAggregator} 1284 ms. Memory: 2434048K Free: 478687K (20%)
#Configuration.check: entity: ptolemy.actor.lib.CurrentDate {.configuration.actor library.Actors.Sources.TimedSources.CurrentDate} 1286 ms. Memory: 2434048K Free: 478208K (20%)
#Configuration.check: entity: ptolemy.actor.lib.CurrentTime {.configuration.actor library.Actors.Sources.TimedSources.CurrentTime} 1321 ms. Memory: 2434048K Free: 459776K (19%)
#Configuration.check: entity: ptolemy.actor.lib.CurrentMicrostep {.configuration.actor library.Actors.Sources.TimedSources.CurrentMicrostep} 1321 ms. Memory: 2434048K Free: 459776K (19%)
#Configuration.check: entity: ptolemy.actor.lib.DiscreteClock {.configuration.actor library.Actors.Sources.TimedSources.DiscreteClock} 1322 ms. Memory: 2434048K Free: 459776K (19%)
#Configuration.check: entity: ptolemy.actor.lib.PoissonClock {.configuration.actor library.Actors.Sources.TimedSources.PoissonClock} 1323 ms. Memory: 2434048K Free: 459262K (19%)
#Configuration.check: entity: ptolemy.actor.lib.gui.InteractiveDialog {.configuration.actor library.Actors.Sources.SequenceSources.InteractiveDialog} 1324 ms. Memory: 2434048K Free: 459262K (19%)
#Configuration.check: entity: ptolemy.actor.lib.gui.InteractiveShell {.configuration.actor library.Actors.Sources.SequenceSources.InteractiveShell} 1371 ms. Memory: 2434048K Free: 438782K (18%)
#Configuration.check: entity: ptolemy.actor.lib.Interpolator {.configuration.actor library.Actors.Sources.SequenceSources.Interpolator} 1372 ms. Memory: 2434048K Free: 438782K (18%)
#Configuration.check: entity: ptolemy.actor.lib.Pulse {.configuration.actor library.Actors.Sources.SequenceSources.Pulse} 1374 ms. Memory: 2434048K Free: 438272K (18%)
#Configuration.check: entity: ptolemy.actor.lib.Ramp {.configuration.actor library.Actors.Sources.SequenceSources.Ramp} 1376 ms. Memory: 2434048K Free: 437758K (18%)
#Configuration.check: entity: ptolemy.actor.lib.Sequence {.configuration.actor library.Actors.Sources.SequenceSources.Sequence} 1377 ms. Memory: 2434048K Free: 437758K (18%)
#Configuration.check: entity: ptolemy.actor.lib.gui.SketchedSource {.configuration.actor library.Actors.Sources.SequenceSources.SketchedSource} 1378 ms. Memory: 2434048K Free: 437248K (18%)
#Configuration.check: entity: ptolemy.actor.lib.gui.ArrayPlotterXY {.configuration.actor library.Actors.Sinks.GenericSinks.ArrayPlotterXY} 1379 ms. Memory: 2434048K Free: 437248K (18%)
#Configuration.check: entity: ptolemy.actor.lib.Discard {.configuration.actor library.Actors.Sinks.GenericSinks.Discard} 1400 ms. Memory: 2434048K Free: 432128K (18%)
#Configuration.check: entity: ptolemy.actor.lib.gui.Display {.configuration.actor library.Actors.Sinks.GenericSinks.Display} 1401 ms. Memory: 2434048K Free: 431614K (18%)
#Configuration.check: entity: ptolemy.actor.lib.gui.MonitorValue {.configuration.actor library.Actors.Sinks.GenericSinks.MonitorValue} 1402 ms. Memory: 2434048K Free: 431614K (18%)
#Configuration.check: entity: ptolemy.actor.lib.Publisher {.configuration.actor library.Actors.Sinks.GenericSinks.Publisher} 1403 ms. Memory: 2434048K Free: 431502K (18%)
#Configuration.check: entity: ptolemy.actor.lib.Recorder {.configuration.actor library.Actors.Sinks.GenericSinks.Recorder} 1405 ms. Memory: 2434048K Free: 431104K (18%)
#Configuration.check: entity: ptolemy.actor.lib.SetVariable {.configuration.actor library.Actors.Sinks.GenericSinks.SetVariable} 1406 ms. Memory: 2434048K Free: 431104K (18%)
#Configuration.check: entity: ptolemy.actor.lib.gui.XYPlotter {.configuration.actor library.Actors.Sinks.GenericSinks.XYPlotter} 1407 ms. Memory: 2434048K Free: 430590K (18%)
#Configuration.check: entity: ptolemy.actor.lib.gui.XYScope {.configuration.actor library.Actors.Sinks.GenericSinks.XYScope} 1408 ms. Memory: 2434048K Free: 430590K (18%)
#Configuration.check: entity: ptolemy.actor.lib.gui.TimedDisplay {.configuration.actor library.Actors.Sinks.TimedSinks.TimedDisplay} 1408 ms. Memory: 2434048K Free: 430590K (18%)
#Configuration.check: entity: ptolemy.actor.lib.gui.TimedMonitorValue {.configuration.actor library.Actors.Sinks.TimedSinks.TimedMonitorValue} 1416 ms. Memory: 2434048K Free: 429566K (18%)
#Configuration.check: entity: ptolemy.actor.lib.gui.TimedPlotter {.configuration.actor library.Actors.Sinks.TimedSinks.TimedPlotter} 1417 ms. Memory: 2434048K Free: 429422K (18%)
#Configuration.check: entity: ptolemy.actor.lib.gui.TimedScope {.configuration.actor library.Actors.Sinks.TimedSinks.TimedScope} 1422 ms. Memory: 2434048K Free: 429422K (18%)
#Configuration.check: entity: ptolemy.actor.lib.gui.ArrayPlotter {.configuration.actor library.Actors.Sinks.SequenceSinks.ArrayPlotter} 1424 ms. Memory: 2434048K Free: 429422K (18%)
#Configuration.check: entity: ptolemy.actor.lib.gui.BarGraph {.configuration.actor library.Actors.Sinks.SequenceSinks.BarGraph} 1428 ms. Memory: 2434048K Free: 428542K (18%)
#Configuration.check: entity: ptolemy.actor.lib.gui.HistogramPlotter {.configuration.actor library.Actors.Sinks.SequenceSinks.HistogramPlotter} 1429 ms. Memory: 2434048K Free: 428542K (18%)
#Configuration.check: entity: ptolemy.actor.lib.gui.SequencePlotter {.configuration.actor library.Actors.Sinks.SequenceSinks.SequencePlotter} 1429 ms. Memory: 2434048K Free: 428542K (18%)
#Configuration.check: entity: ptolemy.actor.lib.gui.SequenceScope {.configuration.actor library.Actors.Sinks.SequenceSinks.SequenceScope} 1430 ms. Memory: 2434048K Free: 428542K (18%)
#Configuration.check: entity: ptolemy.actor.lib.ArrayAccumulate {.configuration.actor library.Actors.Array.ArrayAccumulate} 1431 ms. Memory: 2434048K Free: 428542K (18%)
#Configuration.check: entity: ptolemy.actor.lib.ArrayAppend {.configuration.actor library.Actors.Array.ArrayAppend} 1589 ms. Memory: 2434048K Free: 345088K (14%)
#Configuration.check: entity: ptolemy.actor.lib.ArrayAverage {.configuration.actor library.Actors.Array.ArrayAverage} 1590 ms. Memory: 2434048K Free: 345088K (14%)
#Configuration.check: entity: ptolemy.actor.lib.ArrayContains {.configuration.actor library.Actors.Array.ArrayContains} 1591 ms. Memory: 2434048K Free: 344574K (14%)
#Configuration.check: entity: ptolemy.actor.lib.ArrayElement {.configuration.actor library.Actors.Array.ArrayElement} 1593 ms. Memory: 2434048K Free: 344064K (14%)
#Configuration.check: entity: ptolemy.actor.lib.ArrayElementAsMatrix {.configuration.actor library.Actors.Array.ArrayElementAsMatrix} 1594 ms. Memory: 2434048K Free: 344064K (14%)
#Configuration.check: entity: ptolemy.actor.lib.ArrayExtract {.configuration.actor library.Actors.Array.ArrayExtract} 1595 ms. Memory: 2434048K Free: 343550K (14%)
#Configuration.check: entity: ptolemy.actor.lib.ArrayLength {.configuration.actor library.Actors.Array.ArrayLength} 1598 ms. Memory: 2434048K Free: 343040K (14%)
#Configuration.check: entity: ptolemy.actor.lib.ArrayLevelCrossing {.configuration.actor library.Actors.Array.ArrayLevelCrossing} 1598 ms. Memory: 2434048K Free: 343040K (14%)
#Configuration.check: entity: ptolemy.actor.lib.ArrayMaximum {.configuration.actor library.Actors.Array.ArrayMaximum} 1600 ms. Memory: 2434048K Free: 342526K (14%)
#Configuration.check: entity: ptolemy.actor.lib.ArrayMinimum {.configuration.actor library.Actors.Array.ArrayMinimum} 1601 ms. Memory: 2434048K Free: 342016K (14%)
#Configuration.check: entity: ptolemy.actor.lib.ArrayPeakSearch {.configuration.actor library.Actors.Array.ArrayPeakSearch} 1602 ms. Memory: 2434048K Free: 342016K (14%)
#Configuration.check: entity: ptolemy.actor.lib.ArrayRemoveElement {.configuration.actor library.Actors.Array.ArrayRemoveElement} 1604 ms. Memory: 2434048K Free: 341502K (14%)
#Configuration.check: entity: ptolemy.actor.lib.ArraySort {.configuration.actor library.Actors.Array.ArraySort} 1605 ms. Memory: 2434048K Free: 340992K (14%)
#Configuration.check: entity: ptolemy.actor.lib.ArraySum {.configuration.actor library.Actors.Array.ArraySum} 1606 ms. Memory: 2434048K Free: 340992K (14%)
#Configuration.check: entity: ptolemy.actor.lib.ArrayToElements {.configuration.actor library.Actors.Array.ArrayToElements} 1607 ms. Memory: 2434048K Free: 340478K (14%)
#Configuration.check: entity: ptolemy.domains.sdf.lib.ArrayToSequence {.configuration.actor library.Actors.Array.ArrayToSequence} 1607 ms. Memory: 2434048K Free: 340478K (14%)
#Configuration.check: entity: ptolemy.actor.lib.ArrayUpdate {.configuration.actor library.Actors.Array.ArrayUpdate} 1609 ms. Memory: 2434048K Free: 339968K (14%)
#Configuration.check: entity: ptolemy.actor.lib.ElementsToArray {.configuration.actor library.Actors.Array.ElementsToArray} 1613 ms. Memory: 2434048K Free: 339454K (14%)
#Configuration.check: entity: ptolemy.domains.sdf.lib.SequenceToArray {.configuration.actor library.Actors.Array.SequenceToArray} 1614 ms. Memory: 2434048K Free: 339454K (14%)
#Configuration.check: entity: ptolemy.actor.lib.conversions.AnythingToDouble {.configuration.actor library.Actors.Conversions.AnythingToDouble} 1620 ms. Memory: 2434048K Free: 338430K (14%)
#Configuration.check: entity: ptolemy.actor.lib.conversions.BooleanToAnything {.configuration.actor library.Actors.Conversions.BooleanToAnything} 1630 ms. Memory: 2434048K Free: 335872K (14%)
#Configuration.check: entity: ptolemy.domains.sdf.lib.BitsToInt {.configuration.actor library.Actors.Conversions.BitsToInt} 1630 ms. Memory: 2434048K Free: 335872K (14%)
#Configuration.check: entity: ptolemy.actor.lib.conversions.CartesianToComplex {.configuration.actor library.Actors.Conversions.CartesianToComplex} 1631 ms. Memory: 2434048K Free: 335343K (14%)
#Configuration.check: entity: ptolemy.actor.lib.conversions.CartesianToPolar {.configuration.actor library.Actors.Conversions.CartesianToPolar} 1631 ms. Memory: 2434048K Free: 335343K (14%)
#Configuration.check: entity: ptolemy.actor.lib.conversions.ComplexToCartesian {.configuration.actor library.Actors.Conversions.ComplexToCartesian} 1631 ms. Memory: 2434048K Free: 335343K (14%)
#Configuration.check: entity: ptolemy.actor.lib.conversions.ComplexToPolar {.configuration.actor library.Actors.Conversions.ComplexToPolar} 1632 ms. Memory: 2434048K Free: 335343K (14%)
#Configuration.check: entity: ptolemy.actor.lib.conversions.DateToString {.configuration.actor library.Actors.Conversions.DateToString} 1633 ms. Memory: 2434048K Free: 335343K (14%)
#Configuration.check: entity: ptolemy.actor.lib.conversions.DoubleToFix {.configuration.actor library.Actors.Conversions.DoubleToFix} 1633 ms. Memory: 2434048K Free: 335343K (14%)
#Configuration.check: entity: ptolemy.actor.lib.conversions.ExpressionToToken {.configuration.actor library.Actors.Conversions.ExpressionToToken} 1634 ms. Memory: 2434048K Free: 335343K (14%)
#Configuration.check: entity: ptolemy.actor.lib.conversions.FixToDouble {.configuration.actor library.Actors.Conversions.FixToDouble} 1634 ms. Memory: 2434048K Free: 335343K (14%)
#Configuration.check: entity: ptolemy.actor.lib.conversions.FixToFix {.configuration.actor library.Actors.Conversions.FixToFix} 1634 ms. Memory: 2434048K Free: 335343K (14%)
#Configuration.check: entity: ptolemy.actor.lib.conversions.ImageToString {.configuration.actor library.Actors.Conversions.ImageToString} 1637 ms. Memory: 2434048K Free: 335343K (14%)
#Configuration.check: entity: ptolemy.actor.lib.conversions.IntArrayToString {.configuration.actor library.Actors.Conversions.IntArrayToString} 1637 ms. Memory: 2434048K Free: 335343K (14%)
#Configuration.check: entity: ptolemy.domains.sdf.lib.IntToBits {.configuration.actor library.Actors.Conversions.IntToBits} 1637 ms. Memory: 2434048K Free: 334848K (14%)
#Configuration.check: entity: ptolemy.actor.lib.conversions.InUnitsOf {.configuration.actor library.Actors.Conversions.InUnitsOf} 1638 ms. Memory: 2434048K Free: 334848K (14%)
#Configuration.check: entity: ptolemy.actor.lib.conversions.json.JSONToToken {.configuration.actor library.Actors.Conversions.JSON.JSONToToken} 1638 ms. Memory: 2434048K Free: 334848K (14%)
#Configuration.check: entity: ptolemy.actor.lib.conversions.json.TokenToJSON {.configuration.actor library.Actors.Conversions.JSON.TokenToJSON} 1639 ms. Memory: 2434048K Free: 334334K (14%)
#Configuration.check: entity: ptolemy.actor.lib.conversions.LongToDouble {.configuration.actor library.Actors.Conversions.LongToDouble} 1639 ms. Memory: 2434048K Free: 334334K (14%)
#Configuration.check: entity: ptolemy.actor.lib.conversions.PolarToCartesian {.configuration.actor library.Actors.Conversions.PolarToCartesian} 1639 ms. Memory: 2434048K Free: 334334K (14%)
#Configuration.check: entity: ptolemy.actor.lib.conversions.PolarToComplex {.configuration.actor library.Actors.Conversions.PolarToComplex} 1639 ms. Memory: 2434048K Free: 334334K (14%)
#Configuration.check: entity: ptolemy.actor.lib.conversions.Round {.configuration.actor library.Actors.Conversions.Round} 1639 ms. Memory: 2434048K Free: 334334K (14%)
#Configuration.check: entity: ptolemy.actor.lib.conversions.SmoothToDouble {.configuration.actor library.Actors.Conversions.SmoothToDouble} 1640 ms. Memory: 2434048K Free: 334334K (14%)
#Configuration.check: entity: ptolemy.actor.lib.conversions.StringToBoolean {.configuration.actor library.Actors.Conversions.StringToBoolean} 1640 ms. Memory: 2434048K Free: 334334K (14%)
#Configuration.check: entity: ptolemy.actor.lib.conversions.StringToDouble {.configuration.actor library.Actors.Conversions.StringToDouble} 1640 ms. Memory: 2434048K Free: 334334K (14%)
#Configuration.check: entity: ptolemy.actor.lib.conversions.StringToInt {.configuration.actor library.Actors.Conversions.StringToInt} 1640 ms. Memory: 2434048K Free: 334334K (14%)
#Configuration.check: entity: ptolemy.actor.lib.conversions.StringToIntArray {.configuration.actor library.Actors.Conversions.StringToIntArray} 1640 ms. Memory: 2434048K Free: 334334K (14%)
#Configuration.check: entity: ptolemy.actor.lib.conversions.StringToUnsignedByteArray {.configuration.actor library.Actors.Conversions.StringToUnsignedByteArray} 1640 ms. Memory: 2434048K Free: 334334K (14%)
#Configuration.check: entity: ptolemy.actor.lib.conversions.StringToXML {.configuration.actor library.Actors.Conversions.StringToXML} 1641 ms. Memory: 2434048K Free: 334334K (14%)
#Configuration.check: entity: ptolemy.actor.lib.conversions.TokenToExpression {.configuration.actor library.Actors.Conversions.TokenToExpression} 1641 ms. Memory: 2434048K Free: 334334K (14%)
#Configuration.check: entity: ptolemy.actor.lib.conversions.UnsignedByteArrayToString {.configuration.actor library.Actors.Conversions.UnsignedByteArrayToString} 1641 ms. Memory: 2434048K Free: 334334K (14%)
#Configuration.check: entity: ptolemy.actor.lib.BusAssembler {.configuration.actor library.Actors.FlowControl.Aggregators.BusAssembler} 1641 ms. Memory: 2434048K Free: 333824K (14%)
#Configuration.check: entity: ptolemy.actor.lib.BusDisassembler {.configuration.actor library.Actors.FlowControl.Aggregators.BusDisassembler} 1775 ms. Memory: 2434048K Free: 640574K (26%)
#Configuration.check: entity: ptolemy.actor.lib.Commutator {.configuration.actor library.Actors.FlowControl.Aggregators.Commutator} 1775 ms. Memory: 2434048K Free: 640060K (26%)
#Configuration.check: entity: ptolemy.actor.lib.Distributor {.configuration.actor library.Actors.FlowControl.Aggregators.Distributor} 1777 ms. Memory: 2434048K Free: 640060K (26%)
#Configuration.check: entity: ptolemy.actor.lib.Multiplexor {.configuration.actor library.Actors.FlowControl.Aggregators.Multiplexor} 1778 ms. Memory: 2434048K Free: 639550K (26%)
#Configuration.check: entity: ptolemy.actor.lib.OrderedRecordAssembler {.configuration.actor library.Actors.FlowControl.Aggregators.OrderedRecordAssembler} 1779 ms. Memory: 2434048K Free: 639036K (26%)
#Configuration.check: entity: ptolemy.actor.lib.RecordAssembler {.configuration.actor library.Actors.FlowControl.Aggregators.RecordAssembler} 1780 ms. Memory: 2434048K Free: 639036K (26%)
#Configuration.check: entity: ptolemy.actor.lib.RecordDisassembler {.configuration.actor library.Actors.FlowControl.Aggregators.RecordDisassembler} 1780 ms. Memory: 2434048K Free: 639036K (26%)
#Configuration.check: entity: ptolemy.actor.lib.RecordUpdater {.configuration.actor library.Actors.FlowControl.Aggregators.RecordUpdater} 1781 ms. Memory: 2434048K Free: 639036K (26%)
#Configuration.check: entity: ptolemy.actor.lib.Sampler {.configuration.actor library.Actors.FlowControl.Aggregators.Sampler} 1781 ms. Memory: 2434048K Free: 639036K (26%)
#Configuration.check: entity: ptolemy.actor.lib.Select {.configuration.actor library.Actors.FlowControl.Aggregators.Select} 1782 ms. Memory: 2434048K Free: 639036K (26%)
#Configuration.check: entity: ptolemy.actor.lib.SingleTokenCommutator {.configuration.actor library.Actors.FlowControl.Aggregators.SingleTokenCommutator} 1783 ms. Memory: 2434048K Free: 638526K (26%)
#Configuration.check: entity: ptolemy.actor.lib.Switch {.configuration.actor library.Actors.FlowControl.Aggregators.Switch} 1783 ms. Memory: 2434048K Free: 638012K (26%)
#Configuration.check: entity: ptolemy.actor.lib.Synchronizer {.configuration.actor library.Actors.FlowControl.Aggregators.Synchronizer} 1784 ms. Memory: 2434048K Free: 637502K (26%)
#Configuration.check: entity: ptolemy.actor.lib.UnionDisassembler {.configuration.actor library.Actors.FlowControl.Aggregators.UnionDisassembler} 1784 ms. Memory: 2434048K Free: 637502K (26%)
#Configuration.check: entity: ptolemy.actor.lib.UnionMerge {.configuration.actor library.Actors.FlowControl.Aggregators.UnionMerge} 1785 ms. Memory: 2434048K Free: 637502K (26%)
#Configuration.check: entity: ptolemy.actor.lib.VectorAssembler {.configuration.actor library.Actors.FlowControl.Aggregators.VectorAssembler} 1785 ms. Memory: 2434048K Free: 637502K (26%)
#Configuration.check: entity: ptolemy.actor.lib.VectorDisassembler {.configuration.actor library.Actors.FlowControl.Aggregators.VectorDisassembler} 1785 ms. Memory: 2434048K Free: 637502K (26%)
#Configuration.check: entity: ptolemy.actor.lib.BooleanMultiplexor {.configuration.actor library.Actors.FlowControl.BooleanFlowControl.BooleanMultiplexor} 1785 ms. Memory: 2434048K Free: 637502K (26%)
#Configuration.check: entity: ptolemy.actor.lib.BooleanSelect {.configuration.actor library.Actors.FlowControl.BooleanFlowControl.BooleanSelect} 1855 ms. Memory: 2434048K Free: 603710K (25%)
#Configuration.check: entity: ptolemy.actor.lib.BooleanSwitch {.configuration.actor library.Actors.FlowControl.BooleanFlowControl.BooleanSwitch} 1857 ms. Memory: 2434048K Free: 603196K (25%)
#Configuration.check: entity: ptolemy.actor.lib.ConfigurationSelect {.configuration.actor library.Actors.FlowControl.BooleanFlowControl.ConfigurationSelect} 1858 ms. Memory: 2434048K Free: 602172K (25%)
#Configuration.check: entity: ptolemy.actor.lib.ConfigurationSwitch {.configuration.actor library.Actors.FlowControl.BooleanFlowControl.ConfigurationSwitch} 1860 ms. Memory: 2434048K Free: 602172K (25%)
#Configuration.check: entity: ptolemy.domains.sdf.lib.CountTrues {.configuration.actor library.Actors.FlowControl.BooleanFlowControl.CountTrues} 1861 ms. Memory: 2434048K Free: 601662K (25%)
#Configuration.check: entity: ptolemy.domains.sdf.lib.Chop {.configuration.actor library.Actors.FlowControl.SequenceControl.Chop} 1862 ms. Memory: 2434048K Free: 601148K (25%)
#Configuration.check: entity: ptolemy.actor.lib.Default {.configuration.actor library.Actors.FlowControl.SequenceControl.Default} 1904 ms. Memory: 2434048K Free: 572990K (24%)
#Configuration.check: entity: ptolemy.domains.sdf.lib.Repeat {.configuration.actor library.Actors.FlowControl.SequenceControl.Repeat} 1905 ms. Memory: 2434048K Free: 572476K (24%)
#Configuration.check: entity: ptolemy.domains.sdf.lib.SampleDelay {.configuration.actor library.Actors.FlowControl.SequenceControl.SampleDelay} 1908 ms. Memory: 2434048K Free: 571452K (23%)
#Configuration.check: entity: ptolemy.actor.lib.Sequencer {.configuration.actor library.Actors.FlowControl.SequenceControl.Sequencer} 1909 ms. Memory: 2434048K Free: 570942K (23%)
#Configuration.check: entity: ptolemy.actor.lib.Exit {.configuration.actor library.Actors.FlowControl.ExecutionControl.Exit} 1910 ms. Memory: 2434048K Free: 570942K (23%)
#Configuration.check: entity: ptolemy.actor.lib.Stop {.configuration.actor library.Actors.FlowControl.ExecutionControl.Stop} 1912 ms. Memory: 2434048K Free: 569918K (23%)
#Configuration.check: entity: ptolemy.actor.lib.Pause {.configuration.actor library.Actors.FlowControl.ExecutionControl.Pause} 1913 ms. Memory: 2434048K Free: 569918K (23%)
#Configuration.check: entity: ptolemy.actor.lib.ThrowException {.configuration.actor library.Actors.FlowControl.ExecutionControl.ThrowException} 1913 ms. Memory: 2434048K Free: 569918K (23%)
#Configuration.check: entity: ptolemy.actor.lib.ThrowModelError {.configuration.actor library.Actors.FlowControl.ExecutionControl.ThrowModelError} 1913 ms. Memory: 2434048K Free: 569918K (23%)
#Configuration.check: entity: ptolemy.actor.lib.Dictionary {.configuration.actor library.Actors.DataStores.Dictionary} 1913 ms. Memory: 2434048K Free: 569918K (23%)
#Configuration.check: entity: ptolemy.actor.lib.hoc.ApplyFunction {.configuration.actor library.Actors.HigherOrderActors.ApplyFunction} 1936 ms. Memory: 2434048K Free: 558654K (23%)
#Configuration.check: entity: ptolemy.vergil.actor.lib.ModelDisplay {.configuration.actor library.Actors.HigherOrderActors.ModelDisplay} 1938 ms. Memory: 2434048K Free: 558126K (23%)
#Configuration.check: entity: ptolemy.actor.lib.hoc.ModelReference {.configuration.actor library.Actors.HigherOrderActors.ModelReference} 1938 ms. Memory: 2434048K Free: 558126K (23%)
#Configuration.check: entity: ptolemy.vergil.actor.lib.VisualModelReference {.configuration.actor library.Actors.HigherOrderActors.VisualModelReference} 1940 ms. Memory: 2434048K Free: 557630K (23%)
#Configuration.check: entity: ptolemy.actor.lib.gui.ArrowKeySensor {.configuration.actor library.Actors.IO.ArrowKeySensor} 1943 ms. Memory: 2434048K Free: 556606K (23%)
#Configuration.check: entity: ptolemy.actor.lib.io.CSVReader {.configuration.actor library.Actors.IO.CSVReader} 1968 ms. Memory: 2434048K Free: 541246K (22%)
#Configuration.check: entity: ptolemy.actor.lib.io.CSVWriter {.configuration.actor library.Actors.IO.CSVWriter} 1969 ms. Memory: 2434048K Free: 541246K (22%)
#Configuration.check: entity: ptolemy.actor.lib.net.DatagramReader {.configuration.actor library.Actors.IO.DatagramReader} 1970 ms. Memory: 2434048K Free: 541246K (22%)
#Configuration.check: entity: ptolemy.actor.lib.net.DatagramWriter {.configuration.actor library.Actors.IO.DatagramWriter} 1972 ms. Memory: 2434048K Free: 540732K (22%)
#Configuration.check: entity: ptolemy.actor.lib.io.DirectoryListing {.configuration.actor library.Actors.IO.DirectoryListing} 1973 ms. Memory: 2434048K Free: 540732K (22%)
#Configuration.check: entity: ptolemy.actor.lib.io.FileReader {.configuration.actor library.Actors.IO.FileReader} 1975 ms. Memory: 2434048K Free: 540222K (22%)
#Configuration.check: entity: ptolemy.actor.lib.net.IPAddress {.configuration.actor library.Actors.IO.IPAddress} 1976 ms. Memory: 2434048K Free: 540222K (22%)
#Configuration.check: entity: ptolemy.actor.lib.FileWriter {.configuration.actor library.Actors.IO.FileWriter} 1976 ms. Memory: 2434048K Free: 540222K (22%)
#Configuration.check: entity: ptolemy.actor.lib.io.LineReader {.configuration.actor library.Actors.IO.LineReader} 1977 ms. Memory: 2434048K Free: 540222K (22%)
#Configuration.check: entity: ptolemy.actor.lib.io.LineWriter {.configuration.actor library.Actors.IO.LineWriter} 1977 ms. Memory: 2434048K Free: 540222K (22%)
#Configuration.check: entity: ptolemy.actor.lib.logic.Comparator {.configuration.actor library.Actors.Logic.Comparator} 1978 ms. Memory: 2434048K Free: 540222K (22%)
#Configuration.check: entity: ptolemy.actor.lib.logic.Equals {.configuration.actor library.Actors.Logic.Equals} 2007 ms. Memory: 2434048K Free: 526366K (22%)
#Configuration.check: entity: ptolemy.actor.lib.logic.IsPresent {.configuration.actor library.Actors.Logic.IsPresent} 2007 ms. Memory: 2434048K Free: 526366K (22%)
#Configuration.check: entity: ptolemy.actor.lib.logic.LogicalNot {.configuration.actor library.Actors.Logic.LogicalNot} 2007 ms. Memory: 2434048K Free: 526366K (22%)
#Configuration.check: entity: ptolemy.actor.lib.logic.LogicGate {.configuration.actor library.Actors.Logic.LogicGate} 2008 ms. Memory: 2434048K Free: 525886K (22%)
#Configuration.check: entity: ptolemy.actor.lib.logic.TrueGate {.configuration.actor library.Actors.Logic.TrueGate} 2010 ms. Memory: 2434048K Free: 525372K (22%)
#Configuration.check: entity: ptolemy.actor.lib.AbsoluteValue {.configuration.actor library.Actors.Math.AbsoluteValue} 2010 ms. Memory: 2434048K Free: 525372K (22%)
#Configuration.check: entity: ptolemy.actor.lib.AddSubtract {.configuration.actor library.Actors.Math.AddSubtract} 2172 ms. Memory: 2434048K Free: 433726K (18%)
#Configuration.check: entity: ptolemy.actor.lib.Accumulator {.configuration.actor library.Actors.Math.Accumulator} 2172 ms. Memory: 2434048K Free: 433726K (18%)
#Configuration.check: entity: ptolemy.actor.lib.Average {.configuration.actor library.Actors.Math.Average} 2173 ms. Memory: 2434048K Free: 433726K (18%)
#Configuration.check: entity: ptolemy.actor.lib.Counter {.configuration.actor library.Actors.Math.Counter} 2175 ms. Memory: 2434048K Free: 433212K (18%)
#Configuration.check: entity: ptolemy.actor.lib.Differential {.configuration.actor library.Actors.Math.Differential} 2176 ms. Memory: 2434048K Free: 432702K (18%)
#Configuration.check: entity: ptolemy.domains.sdf.lib.DotProduct {.configuration.actor library.Actors.Math.DotProduct} 2178 ms. Memory: 2434048K Free: 432188K (18%)
#Configuration.check: entity: ptolemy.actor.lib.Expression {.configuration.actor library.Actors.Math.Expression} 2180 ms. Memory: 2434048K Free: 431678K (18%)
#Configuration.check: entity: ptolemy.actor.lib.Limiter {.configuration.actor library.Actors.Math.Limiter} 2181 ms. Memory: 2434048K Free: 431164K (18%)
#Configuration.check: entity: ptolemy.actor.lib.LookupTable {.configuration.actor library.Actors.Math.LookupTable} 2182 ms. Memory: 2434048K Free: 430654K (18%)
#Configuration.check: entity: ptolemy.actor.lib.Maximum {.configuration.actor library.Actors.Math.Maximum} 2184 ms. Memory: 2434048K Free: 430140K (18%)
#Configuration.check: entity: ptolemy.actor.lib.Minimum {.configuration.actor library.Actors.Math.Minimum} 2184 ms. Memory: 2434048K Free: 430140K (18%)
#Configuration.check: entity: ptolemy.actor.lib.MovingAverage {.configuration.actor library.Actors.Math.MovingAverage} 2185 ms. Memory: 2434048K Free: 429630K (18%)
#Configuration.check: entity: ptolemy.actor.lib.MultiplyDivide {.configuration.actor library.Actors.Math.MultiplyDivide} 2187 ms. Memory: 2434048K Free: 429116K (18%)
#Configuration.check: entity: ptolemy.actor.lib.Quantizer {.configuration.actor library.Actors.Math.Quantizer} 2187 ms. Memory: 2434048K Free: 429116K (18%)
#Configuration.check: entity: ptolemy.actor.lib.Remainder {.configuration.actor library.Actors.Math.Remainder} 2188 ms. Memory: 2434048K Free: 428606K (18%)
#Configuration.check: entity: ptolemy.actor.lib.RunningMaximum {.configuration.actor library.Actors.Math.RunningMaximum} 2189 ms. Memory: 2434048K Free: 428606K (18%)
#Configuration.check: entity: ptolemy.actor.lib.RunningMinimum {.configuration.actor library.Actors.Math.RunningMinimum} 2190 ms. Memory: 2434048K Free: 428092K (18%)
#Configuration.check: entity: ptolemy.actor.lib.Scale {.configuration.actor library.Actors.Math.Scale} 2191 ms. Memory: 2434048K Free: 428092K (18%)
#Configuration.check: entity: ptolemy.actor.lib.TrigFunction {.configuration.actor library.Actors.Math.TrigFunction} 2191 ms. Memory: 2434048K Free: 427582K (18%)
#Configuration.check: entity: ptolemy.actor.lib.UnaryMathFunction {.configuration.actor library.Actors.Math.UnaryMathFunction} 2191 ms. Memory: 2434048K Free: 427582K (18%)
#Configuration.check: entity: ptolemy.actor.lib.ArrayToMatrix {.configuration.actor library.Actors.Matrix.ArrayToMatrix} 2192 ms. Memory: 2434048K Free: 427582K (18%)
#Configuration.check: entity: ptolemy.domains.sdf.lib.MatrixJoin {.configuration.actor library.Actors.Matrix.MatrixJoin} 2224 ms. Memory: 2434048K Free: 409150K (17%)
#Configuration.check: entity: ptolemy.domains.sdf.lib.MatrixSplit {.configuration.actor library.Actors.Matrix.MatrixSplit} 2226 ms. Memory: 2434048K Free: 408126K (17%)
#Configuration.check: entity: ptolemy.actor.lib.MatrixToArray {.configuration.actor library.Actors.Matrix.MatrixToArray} 2228 ms. Memory: 2434048K Free: 407102K (17%)
#Configuration.check: entity: ptolemy.domains.sdf.lib.MatrixToSequence {.configuration.actor library.Actors.Matrix.MatrixToSequence} 2228 ms. Memory: 2434048K Free: 407102K (17%)
#Configuration.check: entity: ptolemy.actor.lib.gui.MatrixViewer {.configuration.actor library.Actors.Matrix.MatrixViewer} 2229 ms. Memory: 2434048K Free: 407102K (17%)
#Configuration.check: entity: ptolemy.domains.sdf.lib.SequenceToMatrix {.configuration.actor library.Actors.Matrix.SequenceToMatrix} 2230 ms. Memory: 2434048K Free: 406588K (17%)
#Configuration.check: entity: ptolemy.actor.lib.SubMatrix {.configuration.actor library.Actors.Matrix.SubMatrix} 2231 ms. Memory: 2434048K Free: 406588K (17%)
#Configuration.check: entity: ptolemy.actor.lib.Bernoulli {.configuration.actor library.Actors.Random.Bernoulli} 2232 ms. Memory: 2434048K Free: 406588K (17%)
#Configuration.check: entity: ptolemy.actor.lib.DiscreteRandomSource {.configuration.actor library.Actors.Random.DiscreteRandomSource} 2370 ms. Memory: 2434048K Free: 366142K (15%)
#Configuration.check: entity: ptolemy.actor.lib.Gaussian {.configuration.actor library.Actors.Random.Gaussian} 2372 ms. Memory: 2434048K Free: 365628K (15%)
#Configuration.check: entity: ptolemy.actor.lib.RandomInteger {.configuration.actor library.Actors.Random.RandomInteger} 2374 ms. Memory: 2434048K Free: 365118K (15%)
#Configuration.check: entity: ptolemy.actor.lib.Rician {.configuration.actor library.Actors.Random.Rician} 2375 ms. Memory: 2434048K Free: 365118K (15%)
#Configuration.check: entity: ptolemy.actor.lib.Triangular {.configuration.actor library.Actors.Random.Triangular} 2376 ms. Memory: 2434048K Free: 364604K (15%)
#Configuration.check: entity: ptolemy.actor.lib.Uniform {.configuration.actor library.Actors.Random.Uniform} 2378 ms. Memory: 2434048K Free: 364094K (15%)
#Configuration.check: entity: ptolemy.actor.lib.colt.ColtBeta {.configuration.actor library.Actors.Random.Colt.ColtBeta} 2381 ms. Memory: 2434048K Free: 363070K (15%)
#Configuration.check: entity: ptolemy.actor.lib.colt.ColtBinomial {.configuration.actor library.Actors.Random.Colt.ColtBinomial} 2546 ms. Memory: 2434048K Free: 331326K (14%)
#Configuration.check: entity: ptolemy.actor.lib.colt.ColtBinomialSelector {.configuration.actor library.Actors.Random.Colt.ColtBinomialSelector} 2555 ms. Memory: 2434048K Free: 331326K (14%)
#Configuration.check: entity: ptolemy.actor.lib.colt.ColtBreitWigner {.configuration.actor library.Actors.Random.Colt.ColtBreitWigner} 2561 ms. Memory: 2434048K Free: 330812K (14%)
#Configuration.check: entity: ptolemy.actor.lib.colt.ColtChiSquare {.configuration.actor library.Actors.Random.Colt.ColtChiSquare} 2563 ms. Memory: 2434048K Free: 330812K (14%)
#Configuration.check: entity: ptolemy.actor.lib.colt.ColtExponential {.configuration.actor library.Actors.Random.Colt.ColtExponential} 2565 ms. Memory: 2434048K Free: 330302K (14%)
#Configuration.check: entity: ptolemy.actor.lib.colt.ColtExponentialPower {.configuration.actor library.Actors.Random.Colt.ColtExponentialPower} 2566 ms. Memory: 2434048K Free: 330302K (14%)
#Configuration.check: entity: ptolemy.actor.lib.colt.ColtGamma {.configuration.actor library.Actors.Random.Colt.ColtGamma} 2578 ms. Memory: 2434048K Free: 330186K (14%)
#Configuration.check: entity: ptolemy.actor.lib.colt.ColtHyperGeometric {.configuration.actor library.Actors.Random.Colt.ColtHyperGeometric} 2580 ms. Memory: 2434048K Free: 329674K (14%)
#Configuration.check: entity: ptolemy.actor.lib.colt.ColtLogarithmic {.configuration.actor library.Actors.Random.Colt.ColtLogarithmic} 2582 ms. Memory: 2434048K Free: 329674K (14%)
#Configuration.check: entity: ptolemy.actor.lib.colt.ColtNegativeBinomial {.configuration.actor library.Actors.Random.Colt.ColtNegativeBinomial} 2584 ms. Memory: 2434048K Free: 329096K (14%)
#Configuration.check: entity: ptolemy.actor.lib.colt.ColtNormal {.configuration.actor library.Actors.Random.Colt.ColtNormal} 2598 ms. Memory: 2434048K Free: 329032K (14%)
#Configuration.check: entity: ptolemy.actor.lib.colt.ColtPoisson {.configuration.actor library.Actors.Random.Colt.ColtPoisson} 2602 ms. Memory: 2434048K Free: 328520K (13%)
#Configuration.check: entity: ptolemy.actor.lib.colt.ColtPoissonSlow {.configuration.actor library.Actors.Random.Colt.ColtPoissonSlow} 2606 ms. Memory: 2434048K Free: 328520K (13%)
#Configuration.check: entity: ptolemy.actor.lib.colt.ColtStudentT {.configuration.actor library.Actors.Random.Colt.ColtStudentT} 2618 ms. Memory: 2434048K Free: 328254K (13%)
#Configuration.check: entity: ptolemy.actor.lib.colt.ColtVonMises {.configuration.actor library.Actors.Random.Colt.ColtVonMises} 2620 ms. Memory: 2434048K Free: 328254K (13%)
#Configuration.check: entity: ptolemy.actor.lib.colt.ColtZeta {.configuration.actor library.Actors.Random.Colt.ColtZeta} 2624 ms. Memory: 2434048K Free: 327740K (13%)
#Configuration.check: entity: ptolemy.actor.lib.DelayStart {.configuration.actor library.Actors.RealTime.DelayStart} 2626 ms. Memory: 2434048K Free: 327740K (13%)
#Configuration.check: entity: ptolemy.actor.lib.ExecutionTime {.configuration.actor library.Actors.RealTime.ExecutionTime} 2644 ms. Memory: 2434048K Free: 323630K (13%)
#Configuration.check: entity: ptolemy.actor.lib.gui.RealTimePlotter {.configuration.actor library.Actors.RealTime.RealTimePlotter} 2644 ms. Memory: 2434048K Free: 323630K (13%)
#Configuration.check: entity: ptolemy.actor.lib.Sleep {.configuration.actor library.Actors.RealTime.Sleep} 2664 ms. Memory: 2434048K Free: 323630K (13%)
#Configuration.check: entity: ptolemy.actor.lib.VariableSleep {.configuration.actor library.Actors.RealTime.VariableSleep} 2665 ms. Memory: 2434048K Free: 323630K (13%)
#Configuration.check: entity: ptolemy.actor.lib.WallClockTime {.configuration.actor library.Actors.RealTime.WallClockTime} 2665 ms. Memory: 2434048K Free: 323134K (13%)
#Configuration.check: entity: ptolemy.actor.lib.javasound.AudioCapture {.configuration.actor library.Actors.SignalProcessing.Audio.AudioCapture} 2665 ms. Memory: 2434048K Free: 323134K (13%)
#Configuration.check: entity: ptolemy.actor.lib.javasound.AudioReader {.configuration.actor library.Actors.SignalProcessing.Audio.AudioReader} 2715 ms. Memory: 2434048K Free: 311342K (13%)
#Configuration.check: entity: ptolemy.actor.lib.javasound.AudioPlayer {.configuration.actor library.Actors.SignalProcessing.Audio.AudioPlayer} 2716 ms. Memory: 2434048K Free: 311342K (13%)
#Configuration.check: entity: ptolemy.actor.lib.javasound.AudioWriter {.configuration.actor library.Actors.SignalProcessing.Audio.AudioWriter} 2719 ms. Memory: 2434048K Free: 310846K (13%)
#Configuration.check: entity: ptolemy.actor.lib.javasound.ClipPlayer {.configuration.actor library.Actors.SignalProcessing.Audio.ClipPlayer} 2720 ms. Memory: 2434048K Free: 310846K (13%)
#Configuration.check: entity: ptolemy.actor.lib.comm.ConvolutionalCoder {.configuration.actor library.Actors.SignalProcessing.communications.ConvolutionalCoder} 2721 ms. Memory: 2434048K Free: 310332K (13%)
#Configuration.check: entity: ptolemy.actor.lib.comm.DeScrambler {.configuration.actor library.Actors.SignalProcessing.communications.DeScrambler} 2866 ms. Memory: 2434048K Free: 636947K (26%)
#Configuration.check: entity: ptolemy.actor.lib.comm.HadamardCode {.configuration.actor library.Actors.SignalProcessing.communications.HadamardCode} 2867 ms. Memory: 2434048K Free: 636947K (26%)
#Configuration.check: entity: ptolemy.actor.lib.comm.HammingCoder {.configuration.actor library.Actors.SignalProcessing.communications.HammingCoder} 2868 ms. Memory: 2434048K Free: 636947K (26%)
#Configuration.check: entity: ptolemy.actor.lib.comm.HammingDecoder {.configuration.actor library.Actors.SignalProcessing.communications.HammingDecoder} 2869 ms. Memory: 2434048K Free: 636947K (26%)
#Configuration.check: entity: ptolemy.actor.lib.comm.HuffmanCoder {.configuration.actor library.Actors.SignalProcessing.communications.HuffmanCoder} 2869 ms. Memory: 2434048K Free: 636947K (26%)
#Configuration.check: entity: ptolemy.actor.lib.comm.HuffmanDecoder {.configuration.actor library.Actors.SignalProcessing.communications.HuffmanDecoder} 2877 ms. Memory: 2434048K Free: 636467K (26%)
#Configuration.check: entity: ptolemy.actor.lib.comm.LempelZivCoder {.configuration.actor library.Actors.SignalProcessing.communications.LempelZivCoder} 2878 ms. Memory: 2434048K Free: 636467K (26%)
#Configuration.check: entity: ptolemy.actor.lib.comm.LempelZivDecoder {.configuration.actor library.Actors.SignalProcessing.communications.LempelZIvDecoder} 2878 ms. Memory: 2434048K Free: 636467K (26%)
#Configuration.check: entity: ptolemy.domains.sdf.lib.LineCoder {.configuration.actor library.Actors.SignalProcessing.communications.LineCoder} 2878 ms. Memory: 2434048K Free: 636467K (26%)
#Configuration.check: entity: ptolemy.domains.sdf.lib.LMSAdaptive {.configuration.actor library.Actors.SignalProcessing.communications.LMSAdaptive} 2882 ms. Memory: 2434048K Free: 636467K (26%)
#Configuration.check: entity: ptolemy.domains.sdf.lib.RaisedCosine {.configuration.actor library.Actors.SignalProcessing.communications.RaisedCosine} 2889 ms. Memory: 2434048K Free: 634929K (26%)
#Configuration.check: entity: ptolemy.actor.lib.comm.Scrambler {.configuration.actor library.Actors.SignalProcessing.communications.Scrambler} 2891 ms. Memory: 2434048K Free: 634419K (26%)
#Configuration.check: entity: ptolemy.actor.lib.comm.Slicer {.configuration.actor library.Actors.SignalProcessing.communications.Slicer} 2891 ms. Memory: 2434048K Free: 634419K (26%)
#Configuration.check: entity: ptolemy.actor.lib.comm.TrellisDecoder {.configuration.actor library.Actors.SignalProcessing.communications.TrellisDecoder} 2892 ms. Memory: 2434048K Free: 634419K (26%)
#Configuration.check: entity: ptolemy.actor.lib.comm.ViterbiDecoder {.configuration.actor library.Actors.SignalProcessing.communications.ViterbiDecoder} 2893 ms. Memory: 2434048K Free: 634419K (26%)
#Configuration.check: entity: ptolemy.domains.sdf.lib.DelayLine {.configuration.actor library.Actors.SignalProcessing.Filtering.DelayLine} 2894 ms. Memory: 2434048K Free: 633905K (26%)
#Configuration.check: entity: ptolemy.domains.sdf.lib.DownSample {.configuration.actor library.Actors.SignalProcessing.Filtering.DownSample} 3049 ms. Memory: 2434048K Free: 565283K (23%)
#Configuration.check: entity: ptolemy.domains.sdf.lib.FIR {.configuration.actor library.Actors.SignalProcessing.Filtering.FIR} 3050 ms. Memory: 2434048K Free: 564787K (23%)
#Configuration.check: entity: ptolemy.actor.lib.GradientAdaptiveLattice {.configuration.actor library.Actors.SignalProcessing.Filtering.GradientAdaptiveLattice} 3053 ms. Memory: 2434048K Free: 563763K (23%)
#Configuration.check: entity: ptolemy.actor.lib.IIR {.configuration.actor library.Actors.SignalProcessing.Filtering.IIR} 3054 ms. Memory: 2434048K Free: 563763K (23%)
#Configuration.check: entity: ptolemy.actor.lib.Lattice {.configuration.actor library.Actors.SignalProcessing.Filtering.Lattice} 3056 ms. Memory: 2434048K Free: 563249K (23%)
#Configuration.check: entity: ptolemy.actor.lib.LinearDifferenceEquationSystem {.configuration.actor library.Actors.SignalProcessing.Filtering.LinearDifferenceEquationSystem} 3057 ms. Memory: 2434048K Free: 563249K (23%)
#Configuration.check: entity: ptolemy.domains.sdf.lib.LMSAdaptive {.configuration.actor library.Actors.SignalProcessing.Filtering.LMSAdaptive} 3058 ms. Memory: 2434048K Free: 562739K (23%)
#Configuration.check: entity: ptolemy.actor.lib.RecursiveLattice {.configuration.actor library.Actors.SignalProcessing.Filtering.RecursiveLattice} 3063 ms. Memory: 2434048K Free: 561715K (23%)
#Configuration.check: entity: ptolemy.domains.sdf.lib.UpSample {.configuration.actor library.Actors.SignalProcessing.Filtering.UpSample} 3063 ms. Memory: 2434048K Free: 561715K (23%)
#Configuration.check: entity: ptolemy.domains.sdf.lib.VariableFIR {.configuration.actor library.Actors.SignalProcessing.Filtering.VariableFIR} 3064 ms. Memory: 2434048K Free: 561201K (23%)
#Configuration.check: entity: ptolemy.domains.sdf.lib.VariableLattice {.configuration.actor library.Actors.SignalProcessing.Filtering.VariableLattice} 3068 ms. Memory: 2434048K Free: 559667K (23%)
#Configuration.check: entity: ptolemy.domains.sdf.lib.VariableRecursiveLattice {.configuration.actor library.Actors.SignalProcessing.Filtering.VariableRecursiveLattice} 3069 ms. Memory: 2434048K Free: 559667K (23%)
#Configuration.check: entity: ptolemy.actor.lib.DB {.configuration.actor library.Actors.SignalProcessing.Spectrum.DB} 3070 ms. Memory: 2434048K Free: 559147K (23%)
#Configuration.check: entity: ptolemy.domains.sdf.lib.FFT {.configuration.actor library.Actors.SignalProcessing.Spectrum.FFT} 3289 ms. Memory: 2434048K Free: 448051K (18%)
#Configuration.check: entity: ptolemy.domains.sdf.lib.IFFT {.configuration.actor library.Actors.SignalProcessing.Spectrum.IFFT} 3292 ms. Memory: 2434048K Free: 447027K (18%)
#Configuration.check: entity: ptolemy.actor.lib.LevinsonDurbin {.configuration.actor library.Actors.SignalProcessing.Spectrum.LevinsonDurbin} 3294 ms. Memory: 2434048K Free: 446513K (18%)
#Configuration.check: entity: ptolemy.actor.lib.PhaseUnwrap {.configuration.actor library.Actors.SignalProcessing.Spectrum.PhaseUnwrap} 3294 ms. Memory: 2434048K Free: 446513K (18%)
#Configuration.check: entity: ptolemy.domains.sdf.lib.Autocorrelation {.configuration.actor library.Actors.SignalProcessing.Statistical.Autocorrelation} 3294 ms. Memory: 2434048K Free: 446513K (18%)
#Configuration.check: entity: ptolemy.actor.lib.ComputeHistogram {.configuration.actor library.Actors.SignalProcessing.Statistical.ComputeHistogram} 3323 ms. Memory: 2434048K Free: 431667K (18%)
#Configuration.check: entity: ptolemy.actor.lib.IIR {.configuration.actor library.Actors.SignalProcessing.Statistical.PowerEstimate.IIR} 3325 ms. Memory: 2434048K Free: 431667K (18%)
#Configuration.check: entity: ptolemy.actor.lib.DB {.configuration.actor library.Actors.SignalProcessing.Statistical.PowerEstimate.DB} 3327 ms. Memory: 2434048K Free: 430643K (18%)
#Configuration.check: entity: ptolemy.actor.lib.Scale {.configuration.actor library.Actors.SignalProcessing.Statistical.PowerEstimate.Scale} 3328 ms. Memory: 2434048K Free: 430643K (18%)
#Configuration.check: entity: ptolemy.actor.lib.MathFunction {.configuration.actor library.Actors.SignalProcessing.Statistical.PowerEstimate.MathFunction} 3329 ms. Memory: 2434048K Free: 430643K (18%)
#Configuration.check: entity: ptolemy.actor.lib.string.StringCompare {.configuration.actor library.Actors.String.StringCompare} 3329 ms. Memory: 2434048K Free: 430643K (18%)
#Configuration.check: entity: ptolemy.actor.lib.string.StringFunction {.configuration.actor library.Actors.String.StringFunction} 3398 ms. Memory: 2434048K Free: 402467K (17%)
#Configuration.check: entity: ptolemy.actor.lib.string.StringIndexOf {.configuration.actor library.Actors.String.StringIndexOf} 3399 ms. Memory: 2434048K Free: 402467K (17%)
#Configuration.check: entity: ptolemy.actor.lib.string.StringLength {.configuration.actor library.Actors.String.StringLength} 3400 ms. Memory: 2434048K Free: 401971K (17%)
#Configuration.check: entity: ptolemy.actor.lib.string.StringMatches {.configuration.actor library.Actors.String.StringMatches} 3401 ms. Memory: 2434048K Free: 401971K (17%)
#Configuration.check: entity: ptolemy.actor.lib.string.StringReplace {.configuration.actor library.Actors.String.StringReplace} 3403 ms. Memory: 2434048K Free: 401457K (16%)
#Configuration.check: entity: ptolemy.actor.lib.string.StringSplit {.configuration.actor library.Actors.String.StringSplit} 3405 ms. Memory: 2434048K Free: 400947K (16%)
#Configuration.check: entity: ptolemy.actor.lib.string.StringSubstring {.configuration.actor library.Actors.String.StringSubstring} 3408 ms. Memory: 2434048K Free: 400947K (16%)
#Configuration.check: entity: ptolemy.actor.lib.DiscreteClock {.configuration.actor library.Actors.DomainSpecific.Continuous.Signal Generators.ContinuousClock.DiscreteClock} 3409 ms. Memory: 2434048K Free: 400433K (16%)
#Configuration.check: entity: ptolemy.domains.continuous.lib.ZeroOrderHold {.configuration.actor library.Actors.DomainSpecific.Continuous.Signal Generators.ContinuousClock.ZeroOrderHold} 3740 ms. Memory: 2434048K Free: 636030K (26%)
#Configuration.check: entity: ptolemy.actor.lib.DiscreteClock {.configuration.actor library.Actors.DomainSpecific.Continuous.Signal Generators.DiscreteClock} 3741 ms. Memory: 2434048K Free: 635501K (26%)
#Configuration.check: entity: ptolemy.actor.lib.SingleEvent {.configuration.actor library.Actors.DomainSpecific.Continuous.Signal Generators.SingleEvent} 3743 ms. Memory: 2434048K Free: 635501K (26%)
#Configuration.check: entity: ptolemy.domains.continuous.lib.Waveform {.configuration.actor library.Actors.DomainSpecific.Continuous.Signal Generators.Waveform} 3744 ms. Memory: 2434048K Free: 635006K (26%)
#Configuration.check: entity: ptolemy.domains.continuous.lib.LevelCrossingDetector {.configuration.actor library.Actors.DomainSpecific.Continuous.Continuous to Discrete.LevelCrossingDetector} 3745 ms. Memory: 2434048K Free: 635006K (26%)
#Configuration.check: entity: ptolemy.domains.continuous.lib.PeriodicSampler {.configuration.actor library.Actors.DomainSpecific.Continuous.Continuous to Discrete.PeriodicSampler} 3746 ms. Memory: 2434048K Free: 634492K (26%)
#Configuration.check: entity: ptolemy.actor.lib.Sampler {.configuration.actor library.Actors.DomainSpecific.Continuous.Continuous to Discrete.Sampler} 3747 ms. Memory: 2434048K Free: 634492K (26%)
#Configuration.check: entity: ptolemy.domains.continuous.lib.ZeroOrderHold {.configuration.actor library.Actors.DomainSpecific.Continuous.Discrete to Continuous.ZeroOrderHold} 3747 ms. Memory: 2434048K Free: 634492K (26%)
#Configuration.check: entity: ptolemy.actor.lib.Scale {.configuration.actor library.Actors.DomainSpecific.Continuous.Dynamics.DCMotor.Scale} 3747 ms. Memory: 2434048K Free: 634492K (26%)
#Configuration.check: entity: ptolemy.actor.lib.AddSubtract {.configuration.actor library.Actors.DomainSpecific.Continuous.Dynamics.DCMotor.AddSubtract} 3748 ms. Memory: 2434048K Free: 634492K (26%)
#Configuration.check: entity: ptolemy.actor.lib.Scale {.configuration.actor library.Actors.DomainSpecific.Continuous.Dynamics.DCMotor.Scale2} 3748 ms. Memory: 2434048K Free: 633982K (26%)
#Configuration.check: entity: ptolemy.actor.lib.AddSubtract {.configuration.actor library.Actors.DomainSpecific.Continuous.Dynamics.DCMotor.AddSubtract2} 3748 ms. Memory: 2434048K Free: 633982K (26%)
#Configuration.check: entity: ptolemy.domains.continuous.lib.Integrator {.configuration.actor library.Actors.DomainSpecific.Continuous.Dynamics.DCMotor.Integrator} 3749 ms. Memory: 2434048K Free: 633982K (26%)
#Configuration.check: entity: ptolemy.actor.lib.Scale {.configuration.actor library.Actors.DomainSpecific.Continuous.Dynamics.DCMotor.Scale3} 3750 ms. Memory: 2434048K Free: 633982K (26%)
#Configuration.check: entity: ptolemy.actor.lib.Scale {.configuration.actor library.Actors.DomainSpecific.Continuous.Dynamics.DCMotor.Scale4} 3750 ms. Memory: 2434048K Free: 633982K (26%)
#Configuration.check: entity: ptolemy.actor.lib.Scale {.configuration.actor library.Actors.DomainSpecific.Continuous.Dynamics.DCMotor.Scale5} 3750 ms. Memory: 2434048K Free: 633982K (26%)
#Configuration.check: entity: ptolemy.domains.continuous.lib.Integrator {.configuration.actor library.Actors.DomainSpecific.Continuous.Dynamics.DCMotor.Integrator2} 3751 ms. Memory: 2434048K Free: 633468K (26%)
#Configuration.check: entity: ptolemy.actor.lib.Default {.configuration.actor library.Actors.DomainSpecific.Continuous.Dynamics.DCMotor.Default} 3751 ms. Memory: 2434048K Free: 633468K (26%)
#Configuration.check: entity: ptolemy.actor.lib.Const {.configuration.actor library.Actors.DomainSpecific.Continuous.Dynamics.DCMotor.Const} 3753 ms. Memory: 2434048K Free: 632958K (26%)
#Configuration.check: entity: ptolemy.domains.continuous.lib.Derivative {.configuration.actor library.Actors.DomainSpecific.Continuous.Dynamics.Derivative} 3753 ms. Memory: 2434048K Free: 632958K (26%)
#Configuration.check: entity: ptolemy.domains.continuous.lib.Integrator {.configuration.actor library.Actors.DomainSpecific.Continuous.Dynamics.Integrator} 3753 ms. Memory: 2434048K Free: 632958K (26%)
#Configuration.check: entity: ptolemy.domains.continuous.lib.BandlimitedNoise {.configuration.actor library.Actors.DomainSpecific.Continuous.Random.BandlimitedNoise} 3754 ms. Memory: 2434048K Free: 632958K (26%)
#Configuration.check: entity: ptolemy.domains.continuous.lib.Noise {.configuration.actor library.Actors.DomainSpecific.Continuous.Random.Noise} 3758 ms. Memory: 2434048K Free: 631934K (26%)
#Configuration.check: entity: ptolemy.actor.lib.MicrostepDelay {.configuration.actor library.Actors.DomainSpecific.Continuous.Miscellaneous.MicrostepDelay} 3761 ms. Memory: 2434048K Free: 631420K (26%)
#Configuration.check: entity: ptolemy.actor.lib.ResettableTimer {.configuration.actor library.Actors.DomainSpecific.Continuous.Miscellaneous.ResettableTimer} 3762 ms. Memory: 2434048K Free: 630910K (26%)
#Configuration.check: entity: ptolemy.domains.continuous.lib.ContinuousMerge {.configuration.actor library.Actors.DomainSpecific.Continuous.Miscellaneous.ContinuousMerge} 3763 ms. Memory: 2434048K Free: 630910K (26%)
#Configuration.check: entity: ptolemy.domains.ddf.lib.DDFSingleTokenCommutator {.configuration.actor library.Actors.DomainSpecific.DynamicDataFlow.DDFSingleTokenCommutator} 3763 ms. Memory: 2434048K Free: 630910K (26%)
#Configuration.check: entity: ptolemy.actor.lib.CurrentDate {.configuration.actor library.Actors.DomainSpecific.DiscreteEvent.Date.CurrentDate} 3765 ms. Memory: 2434048K Free: 630381K (26%)
#Configuration.check: entity: ptolemy.actor.lib.DateElements {.configuration.actor library.Actors.DomainSpecific.DiscreteEvent.Date.DateElements} 4102 ms. Memory: 2434048K Free: 488045K (20%)
#Configuration.check: entity: ptolemy.actor.lib.DateConstructor {.configuration.actor library.Actors.DomainSpecific.DiscreteEvent.Date.DateConstructor} 4104 ms. Memory: 2434048K Free: 487036K (20%)
#Configuration.check: entity: ptolemy.domains.de.lib.DateToEvent {.configuration.actor library.Actors.DomainSpecific.DiscreteEvent.Date.DateToEvent} 4109 ms. Memory: 2434048K Free: 486012K (20%)
#Configuration.check: entity: ptolemy.domains.de.lib.DateToModelTime {.configuration.actor library.Actors.DomainSpecific.DiscreteEvent.Date.DateToModelTime} 4111 ms. Memory: 2434048K Free: 484988K (20%)
#Configuration.check: entity: ptolemy.domains.de.lib.EventToDate {.configuration.actor library.Actors.DomainSpecific.DiscreteEvent.Date.EventToDate} 4114 ms. Memory: 2434048K Free: 484478K (20%)
#Configuration.check: entity: ptolemy.actor.lib.ModifyDate {.configuration.actor library.Actors.DomainSpecific.DiscreteEvent.Date.ModifyDate} 4116 ms. Memory: 2434048K Free: 483452K (20%)
#Configuration.check: entity: ptolemy.actor.lib.conversions.StringToDate {.configuration.actor library.Actors.DomainSpecific.DiscreteEvent.Date.StringToDate} 4119 ms. Memory: 2434048K Free: 482430K (20%)
#Configuration.check: entity: ptolemy.domains.de.lib.AverageOverTime {.configuration.actor library.Actors.DomainSpecific.DiscreteEvent.AverageOverTime} 4119 ms. Memory: 2434048K Free: 482430K (20%)
#Configuration.check: entity: ptolemy.domains.de.lib.Derivative {.configuration.actor library.Actors.DomainSpecific.DiscreteEvent.Derivative} 4119 ms. Memory: 2434048K Free: 482430K (20%)
#Configuration.check: entity: ptolemy.actor.lib.gui.EventButton {.configuration.actor library.Actors.DomainSpecific.DiscreteEvent.EventButton} 4120 ms. Memory: 2434048K Free: 482428K (20%)
#Configuration.check: entity: ptolemy.domains.de.lib.EventFilter {.configuration.actor library.Actors.DomainSpecific.DiscreteEvent.EventFilter} 4122 ms. Memory: 2434048K Free: 481877K (20%)
#Configuration.check: entity: ptolemy.domains.de.lib.Inhibit {.configuration.actor library.Actors.DomainSpecific.DiscreteEvent.Inhibit} 4122 ms. Memory: 2434048K Free: 481877K (20%)
#Configuration.check: entity: ptolemy.domains.de.lib.Integrator {.configuration.actor library.Actors.DomainSpecific.DiscreteEvent.Integrator} 4122 ms. Memory: 2434048K Free: 481877K (20%)
#Configuration.check: entity: ptolemy.domains.de.lib.Merge {.configuration.actor library.Actors.DomainSpecific.DiscreteEvent.Merge} 4123 ms. Memory: 2434048K Free: 481406K (20%)
#Configuration.check: entity: ptolemy.actor.lib.MicrostepDelay {.configuration.actor library.Actors.DomainSpecific.DiscreteEvent.MicrostepDelay} 4123 ms. Memory: 2434048K Free: 481406K (20%)
#Configuration.check: entity: ptolemy.domains.de.lib.MostRecent {.configuration.actor library.Actors.DomainSpecific.DiscreteEvent.MostRecent} 4124 ms. Memory: 2434048K Free: 481406K (20%)
#Configuration.check: entity: ptolemy.domains.de.lib.PID {.configuration.actor library.Actors.DomainSpecific.DiscreteEvent.PID} 4124 ms. Memory: 2434048K Free: 481406K (20%)
#Configuration.check: entity: ptolemy.domains.de.lib.Previous {.configuration.actor library.Actors.DomainSpecific.DiscreteEvent.Previous} 4124 ms. Memory: 2434048K Free: 481406K (20%)
#Configuration.check: entity: ptolemy.domains.de.lib.Queue {.configuration.actor library.Actors.DomainSpecific.DiscreteEvent.Queue} 4125 ms. Memory: 2434048K Free: 480892K (20%)
#Configuration.check: entity: ptolemy.domains.de.lib.Register {.configuration.actor library.Actors.DomainSpecific.DiscreteEvent.Register} 4126 ms. Memory: 2434048K Free: 480892K (20%)
#Configuration.check: entity: ptolemy.actor.lib.ResettableTimer {.configuration.actor library.Actors.DomainSpecific.DiscreteEvent.ResettableTimer} 4127 ms. Memory: 2434048K Free: 480892K (20%)
#Configuration.check: entity: ptolemy.domains.de.lib.Server {.configuration.actor library.Actors.DomainSpecific.DiscreteEvent.Server} 4127 ms. Memory: 2434048K Free: 480382K (20%)
#Configuration.check: entity: ptolemy.domains.de.lib.SharedQueue {.configuration.actor library.Actors.DomainSpecific.DiscreteEvent.SharedQueue} 4130 ms. Memory: 2434048K Free: 479868K (20%)
#Configuration.check: entity: ptolemy.actor.lib.SingleEvent {.configuration.actor library.Actors.DomainSpecific.DiscreteEvent.SingleEvent} 4131 ms. Memory: 2434048K Free: 479358K (20%)
#Configuration.check: entity: ptolemy.domains.de.lib.TimeCompare {.configuration.actor library.Actors.DomainSpecific.DiscreteEvent.TimeCompare} 4131 ms. Memory: 2434048K Free: 479358K (20%)
#Configuration.check: entity: ptolemy.actor.lib.TimeDelay {.configuration.actor library.Actors.DomainSpecific.DiscreteEvent.TimeDelay} 4132 ms. Memory: 2434048K Free: 479358K (20%)
#Configuration.check: entity: ptolemy.domains.de.lib.TimeGap {.configuration.actor library.Actors.DomainSpecific.DiscreteEvent.TimeGap} 4133 ms. Memory: 2434048K Free: 478844K (20%)
#Configuration.check: entity: ptolemy.domains.de.lib.WaitingTime {.configuration.actor library.Actors.DomainSpecific.DiscreteEvent.WaitingTime} 4134 ms. Memory: 2434048K Free: 478334K (20%)
#Configuration.check: entity: ptolemy.actor.lib.OrderedMerge {.configuration.actor library.Actors.DomainSpecific.ProcessNetworks.OrderedMerge} 4138 ms. Memory: 2434048K Free: 477820K (20%)
#Configuration.check: entity: ptolemy.actor.lib.Sequencer {.configuration.actor library.Actors.DomainSpecific.ProcessNetworks.Sequencer} 4160 ms. Memory: 2434048K Free: 466046K (19%)
#Configuration.check: entity: ptolemy.domains.pn.lib.Starver {.configuration.actor library.Actors.DomainSpecific.ProcessNetworks.Starver} 4161 ms. Memory: 2434048K Free: 466046K (19%)
#Configuration.check: entity: ptolemy.actor.lib.Stop {.configuration.actor library.Actors.DomainSpecific.ProcessNetworks.Stop} 4162 ms. Memory: 2434048K Free: 465493K (19%)
#Configuration.check: entity: ptolemy.actor.lib.Synchronizer {.configuration.actor library.Actors.DomainSpecific.ProcessNetworks.Synchronizer} 4163 ms. Memory: 2434048K Free: 465493K (19%)
#Configuration.check: entity: ptolemy.domains.rendezvous.lib.Barrier {.configuration.actor library.Actors.DomainSpecific.Rendezvous.Barrier} 4163 ms. Memory: 2434048K Free: 465493K (19%)
#Configuration.check: entity: ptolemy.domains.rendezvous.lib.Buffer {.configuration.actor library.Actors.DomainSpecific.Rendezvous.Buffer} 4195 ms. Memory: 2434048K Free: 448085K (18%)
#Configuration.check: entity: ptolemy.domains.rendezvous.lib.Merge {.configuration.actor library.Actors.DomainSpecific.Rendezvous.Merge} 4196 ms. Memory: 2434048K Free: 448085K (18%)
#Configuration.check: entity: ptolemy.domains.rendezvous.lib.ResourcePool {.configuration.actor library.Actors.DomainSpecific.Rendezvous.ResourcePool} 4196 ms. Memory: 2434048K Free: 448085K (18%)
#Configuration.check: entity: ptolemy.domains.sr.lib.Absent {.configuration.actor library.Actors.DomainSpecific.SynchronousReactive.Absent} 4197 ms. Memory: 2434048K Free: 447614K (18%)
#Configuration.check: entity: ptolemy.domains.sr.lib.Current {.configuration.actor library.Actors.DomainSpecific.SynchronousReactive.Current} 4362 ms. Memory: 2434048K Free: 376958K (15%)
#Configuration.check: entity: ptolemy.actor.lib.Default {.configuration.actor library.Actors.DomainSpecific.SynchronousReactive.Default} 4363 ms. Memory: 2434048K Free: 376958K (15%)
#Configuration.check: entity: ptolemy.domains.sr.lib.InstantaneousDialogGenerator {.configuration.actor library.Actors.DomainSpecific.SynchronousReactive.InstantaneousDialogGenerator} 4365 ms. Memory: 2434048K Free: 376444K (15%)
#Configuration.check: entity: ptolemy.actor.lib.logic.IsPresent {.configuration.actor library.Actors.DomainSpecific.SynchronousReactive.IsPresent} 4365 ms. Memory: 2434048K Free: 376444K (15%)
#Configuration.check: entity: ptolemy.domains.sr.lib.NonStrictDelay {.configuration.actor library.Actors.DomainSpecific.SynchronousReactive.NonStrictDelay} 4365 ms. Memory: 2434048K Free: 376444K (15%)
#Configuration.check: entity: ptolemy.domains.sr.lib.gui.NonStrictDisplay {.configuration.actor library.Actors.DomainSpecific.SynchronousReactive.NonStrictDisplay} 4366 ms. Memory: 2434048K Free: 376444K (15%)
#Configuration.check: entity: ptolemy.domains.sr.lib.BinaryNonStrictLogicGate {.configuration.actor library.Actors.DomainSpecific.SynchronousReactive.BinaryNonStrictLogicGate} 4366 ms. Memory: 2434048K Free: 376444K (15%)
#Configuration.check: entity: ptolemy.domains.sr.lib.NonStrictLogicGate {.configuration.actor library.Actors.DomainSpecific.SynchronousReactive.NonStrictLogicGate} 4369 ms. Memory: 2434048K Free: 375932K (15%)
#Configuration.check: entity: ptolemy.domains.sr.lib.NonStrictAndGate {.configuration.actor library.Actors.DomainSpecific.SynchronousReactive.NonStrictAndGate} 4371 ms. Memory: 2434048K Free: 374910K (15%)
#Configuration.check: entity: ptolemy.domains.sr.lib.NonStrictOrGate {.configuration.actor library.Actors.DomainSpecific.SynchronousReactive.NonStrictOrGate} 4373 ms. Memory: 2434048K Free: 374396K (15%)
#Configuration.check: entity: ptolemy.domains.sr.lib.NonStrictXorGate {.configuration.actor library.Actors.DomainSpecific.SynchronousReactive.NonStrictXorGate} 4375 ms. Memory: 2434048K Free: 373886K (15%)
#Configuration.check: entity: ptolemy.domains.sr.lib.NonStrictThreeBitAdder {.configuration.actor library.Actors.DomainSpecific.SynchronousReactive.NonStrictThreeBitAdder} 4378 ms. Memory: 2434048K Free: 372862K (15%)
#Configuration.check: entity: ptolemy.domains.sr.lib.Pre {.configuration.actor library.Actors.DomainSpecific.SynchronousReactive.Pre} 4378 ms. Memory: 2434048K Free: 372862K (15%)
#Configuration.check: entity: ptolemy.domains.sr.lib.SingleTokenDistributor {.configuration.actor library.Actors.DomainSpecific.SynchronousReactive.SingleTokenDistributor} 4379 ms. Memory: 2434048K Free: 372862K (15%)
#Configuration.check: entity: ptolemy.domains.sr.lib.When {.configuration.actor library.Actors.DomainSpecific.SynchronousReactive.When} 4379 ms. Memory: 2434048K Free: 372862K (15%)
#Configuration.check: entity: ptolemy.actor.lib.logic.TrueGate {.configuration.actor library.Actors.DomainSpecific.SynchronousReactive.TrueGate} 4380 ms. Memory: 2434048K Free: 372348K (15%)
#Configuration.check: entity: org.terraswarm.accessor.JSAccessor {.configuration.actor library.MoreLibraries.Accessors.adapters.Adapter} 4380 ms. Memory: 2434048K Free: 372348K (15%)
#Retrieving library from file:/home/travis/build/icyphy/ptII/org/terraswarm/accessor/accessors/web/index.json
Retrieving library from file:/home/travis/build/icyphy/ptII/org/terraswarm/accessor/accessors/web/adapters/index.json
Configuration.check: entity: org.terraswarm.accessor.JSAccessor {.configuration.actor library.MoreLibraries.Accessors.adapters.CelsiusToFahrenheit} 11618 ms. Memory: 2434048K Free: 430071K (18%)
#Configuration.check: entity: org.terraswarm.accessor.JSAccessor {.configuration.actor library.MoreLibraries.Accessors.adapters.Identity} 11628 ms. Memory: 2434048K Free: 429054K (18%)
#Configuration.check: entity: org.terraswarm.accessor.JSAccessor {.configuration.actor library.MoreLibraries.Accessors.adapters.KelvinToFahrenheit} 11631 ms. Memory: 2434048K Free: 428030K (18%)
#Configuration.check: entity: org.terraswarm.accessor.JSAccessor {.configuration.actor library.MoreLibraries.Accessors.audio.AudioCapture} 11634 ms. Memory: 2434048K Free: 427006K (18%)
#Retrieving library from file:/home/travis/build/icyphy/ptII/org/terraswarm/accessor/accessors/web/audio/index.json
Configuration.check: entity: org.terraswarm.accessor.JSAccessor {.configuration.actor library.MoreLibraries.Accessors.audio.AudioPlayer} 17411 ms. Memory: 2434048K Free: 302592K (12%)
#Configuration.check: entity: org.terraswarm.accessor.JSAccessor {.configuration.actor library.MoreLibraries.Accessors.audio.ClipPlayer} 17414 ms. Memory: 2434048K Free: 301568K (12%)
#Configuration.check: entity: org.terraswarm.accessor.JSAccessor {.configuration.actor library.MoreLibraries.Accessors.cameras.Camera} 17417 ms. Memory: 2434048K Free: 300030K (12%)
#Retrieving library from file:/home/travis/build/icyphy/ptII/org/terraswarm/accessor/accessors/web/cameras/index.json
Configuration.check: entity: org.terraswarm.accessor.JSAccessor {.configuration.actor library.MoreLibraries.Accessors.cameras.Foscam} 21475 ms. Memory: 2434048K Free: 412655K (17%)
#Configuration.check: entity: org.terraswarm.accessor.JSAccessor {.configuration.actor library.MoreLibraries.Accessors.dashboard.GraphComponent} 21480 ms. Memory: 2434048K Free: 411136K (17%)
#Retrieving library from file:/home/travis/build/icyphy/ptII/org/terraswarm/accessor/accessors/web/dashboard/index.json
Configuration.check: entity: org.terraswarm.accessor.JSAccessor {.configuration.actor library.MoreLibraries.Accessors.dashboard.OdometerComponent} 36790 ms. Memory: 2434048K Free: 303178K (12%)
#Configuration.check: entity: org.terraswarm.accessor.JSAccessor {.configuration.actor library.MoreLibraries.Accessors.dashboard.ParkingComponent} 36793 ms. Memory: 2434048K Free: 301626K (12%)
#Configuration.check: entity: org.terraswarm.accessor.JSAccessor {.configuration.actor library.MoreLibraries.Accessors.dashboard.RestaurantComponent} 36795 ms. Memory: 2434048K Free: 300602K (12%)
#Configuration.check: entity: org.terraswarm.accessor.JSAccessor {.configuration.actor library.MoreLibraries.Accessors.dashboard.RoutingWebSocketServer} 36797 ms. Memory: 2434048K Free: 299586K (12%)
#Configuration.check: entity: org.terraswarm.accessor.JSAccessor {.configuration.actor library.MoreLibraries.Accessors.dashboard.SpeedometerComponent} 36799 ms. Memory: 2434048K Free: 298568K (12%)
#Configuration.check: entity: org.terraswarm.accessor.JSAccessor {.configuration.actor library.MoreLibraries.Accessors.dashboard.UIComponent} 36801 ms. Memory: 2434048K Free: 297544K (12%)
#Configuration.check: entity: org.terraswarm.accessor.JSAccessor {.configuration.actor library.MoreLibraries.Accessors.dashboard.VideoComponent} 36803 ms. Memory: 2434048K Free: 296506K (12%)
#Configuration.check: entity: org.terraswarm.accessor.JSAccessor {.configuration.actor library.MoreLibraries.Accessors.devices.AdsB} 36804 ms. Memory: 2434048K Free: 295482K (12%)
#Retrieving library from file:/home/travis/build/icyphy/ptII/org/terraswarm/accessor/accessors/web/devices/index.json
Configuration.check: entity: org.terraswarm.accessor.JSAccessor {.configuration.actor library.MoreLibraries.Accessors.devices.Hue} 54683 ms. Memory: 2434048K Free: 159800K (7%)
#Configuration.check: entity: org.terraswarm.accessor.JSAccessor {.configuration.actor library.MoreLibraries.Accessors.devices.Moto360SensorListener} 54689 ms. Memory: 2434048K Free: 158266K (7%)
#Configuration.check: entity: org.terraswarm.accessor.JSAccessor {.configuration.actor library.MoreLibraries.Accessors.devices.DrDose} 54701 ms. Memory: 2434048K Free: 156728K (6%)
#Configuration.check: entity: org.terraswarm.accessor.JSAccessor {.configuration.actor library.MoreLibraries.Accessors.devices.PhSensor} 54709 ms. Memory: 2434048K Free: 155194K (6%)
#Configuration.check: entity: org.terraswarm.accessor.JSAccessor {.configuration.actor library.MoreLibraries.Accessors.devices.EcSensor} 54714 ms. Memory: 2434048K Free: 153642K (6%)
#Configuration.check: entity: org.terraswarm.accessor.JSAccessor {.configuration.actor library.MoreLibraries.Accessors.devices.Lifx} 54719 ms. Memory: 2434048K Free: 152122K (6%)
#Configuration.check: entity: org.terraswarm.accessor.JSAccessor {.configuration.actor library.MoreLibraries.Accessors.image.AprilTags} 54734 ms. Memory: 2434048K Free: 150584K (6%)
#Retrieving library from file:/home/travis/build/icyphy/ptII/org/terraswarm/accessor/accessors/web/image/index.json
CharacterRecognition: The tesseract module was not present.  The CharacterRecognition accessor is not supported on this accessor host. (Thread[main,5,main])
CharacterRecognition: The tesseract module was not present.  The CharacterRecognition accessor is not supported on this accessor host. (Thread[main,5,main])
Configuration.check: entity: org.terraswarm.accessor.JSAccessor {.configuration.actor library.MoreLibraries.Accessors.image.CharacterRecognition} 71178 ms. Memory: 2638848K Free: 540160K (20%)
#Configuration.check: entity: org.terraswarm.accessor.JSAccessor {.configuration.actor library.MoreLibraries.Accessors.image.ComputerVision} 71182 ms. Memory: 2638848K Free: 539136K (20%)
#Configuration.check: entity: org.terraswarm.accessor.JSAccessor {.configuration.actor library.MoreLibraries.Accessors.image.FaceDetector} 71184 ms. Memory: 2638848K Free: 538112K (20%)
#Configuration.check: entity: org.terraswarm.accessor.JSAccessor {.configuration.actor library.MoreLibraries.Accessors.image.ImageAnnotate} 71186 ms. Memory: 2638848K Free: 537088K (20%)
#Configuration.check: entity: org.terraswarm.accessor.JSAccessor {.configuration.actor library.MoreLibraries.Accessors.image.ImageDisplay} 71188 ms. Memory: 2638848K Free: 535550K (20%)
#Configuration.check: entity: org.terraswarm.accessor.JSAccessor {.configuration.actor library.MoreLibraries.Accessors.image.ImageFilter} 71190 ms. Memory: 2638848K Free: 534016K (20%)
#Configuration.check: entity: org.terraswarm.accessor.JSAccessor {.configuration.actor library.MoreLibraries.Accessors.image.MotionDetector} 71193 ms. Memory: 2638848K Free: 532992K (20%)
#Configuration.check: entity: org.terraswarm.accessor.JSAccessor {.configuration.actor library.MoreLibraries.Accessors.net.Discovery} 71196 ms. Memory: 2638848K Free: 531439K (20%)
#Retrieving library from file:/home/travis/build/icyphy/ptII/org/terraswarm/accessor/accessors/web/net/index.json
Configuration.check: entity: org.terraswarm.accessor.JSAccessor {.configuration.actor library.MoreLibraries.Accessors.net.IPAddress} 115191 ms. Memory: 2638848K Free: 318127K (12%)
#Configuration.check: entity: org.terraswarm.accessor.JSAccessor {.configuration.actor library.MoreLibraries.Accessors.net.KeyValueStore} 115194 ms. Memory: 2638848K Free: 317103K (12%)
#Configuration.check: entity: org.terraswarm.accessor.JSAccessor {.configuration.actor library.MoreLibraries.Accessors.net.MQTTPublisher} 115196 ms. Memory: 2638848K Free: 315569K (12%)
#Configuration.check: entity: org.terraswarm.accessor.JSAccessor {.configuration.actor library.MoreLibraries.Accessors.net.MQTTSubscriber} 115198 ms. Memory: 2638848K Free: 314545K (12%)
#Configuration.check: entity: org.terraswarm.accessor.JSAccessor {.configuration.actor library.MoreLibraries.Accessors.net.REST} 115201 ms. Memory: 2638848K Free: 313521K (12%)
#Configuration.check: entity: org.terraswarm.accessor.JSAccessor {.configuration.actor library.MoreLibraries.Accessors.net.SecureCommClient} 115205 ms. Memory: 2638848K Free: 311969K (12%)
#Configuration.check: entity: org.terraswarm.accessor.JSAccessor {.configuration.actor library.MoreLibraries.Accessors.net.SecureCommServer} 115209 ms. Memory: 2638848K Free: 310449K (12%)
#Configuration.check: entity: org.terraswarm.accessor.JSAccessor {.configuration.actor library.MoreLibraries.Accessors.net.SecurePublisher} 115213 ms. Memory: 2638848K Free: 308401K (12%)
#Configuration.check: entity: org.terraswarm.accessor.JSAccessor {.configuration.actor library.MoreLibraries.Accessors.net.SecureSubscriber} 115217 ms. Memory: 2638848K Free: 306863K (12%)
#Configuration.check: entity: org.terraswarm.accessor.JSAccessor {.configuration.actor library.MoreLibraries.Accessors.net.SerialPort} 115221 ms. Memory: 2638848K Free: 304815K (12%)
#Configuration.check: entity: org.terraswarm.accessor.JSAccessor {.configuration.actor library.MoreLibraries.Accessors.net.TCPSocketClient} 115223 ms. Memory: 2638848K Free: 303791K (12%)
#Configuration.check: entity: org.terraswarm.accessor.JSAccessor {.configuration.actor library.MoreLibraries.Accessors.net.TCPSocketServer} 115227 ms. Memory: 2638848K Free: 302257K (11%)
#Configuration.check: entity: org.terraswarm.accessor.JSAccessor {.configuration.actor library.MoreLibraries.Accessors.net.UDPSocketListener} 115230 ms. Memory: 2638848K Free: 301233K (11%)
#Configuration.check: entity: org.terraswarm.accessor.JSAccessor {.configuration.actor library.MoreLibraries.Accessors.net.UDPSocketSender} 115233 ms. Memory: 2638848K Free: 299695K (11%)
#Configuration.check: entity: org.terraswarm.accessor.JSAccessor {.configuration.actor library.MoreLibraries.Accessors.net.VertxPublish} 115236 ms. Memory: 2638848K Free: 298671K (11%)
#Configuration.check: entity: org.terraswarm.accessor.JSAccessor {.configuration.actor library.MoreLibraries.Accessors.net.VertxSubscribe} 115238 ms. Memory: 2638848K Free: 297647K (11%)
#Configuration.check: entity: org.terraswarm.accessor.JSAccessor {.configuration.actor library.MoreLibraries.Accessors.net.WebServer} 115241 ms. Memory: 2638848K Free: 296623K (11%)
#Configuration.check: entity: org.terraswarm.accessor.JSAccessor {.configuration.actor library.MoreLibraries.Accessors.net.WebSocketClient} 115243 ms. Memory: 2638848K Free: 295599K (11%)
#Configuration.check: entity: org.terraswarm.accessor.JSAccessor {.configuration.actor library.MoreLibraries.Accessors.net.WebSocketServer} 115247 ms. Memory: 2638848K Free: 294065K (11%)
#Configuration.check: entity: org.terraswarm.accessor.JSAccessor {.configuration.actor library.MoreLibraries.Accessors.net.XBee} 115249 ms. Memory: 2638848K Free: 293041K (11%)
#Configuration.check: entity: org.terraswarm.accessor.JSAccessor {.configuration.actor library.MoreLibraries.Accessors.robotics.RosNavigationPose} 115252 ms. Memory: 2638848K Free: 292017K (11%)
#Retrieving library from file:/home/travis/build/icyphy/ptII/org/terraswarm/accessor/accessors/web/robotics/index.json
Configuration.check: entity: org.terraswarm.accessor.JSAccessor {.configuration.actor library.MoreLibraries.Accessors.robotics.RosPublisher} 134516 ms. Memory: 2638848K Free: 517632K (20%)
#Configuration.check: entity: org.terraswarm.accessor.JSAccessor {.configuration.actor library.MoreLibraries.Accessors.robotics.RosSubscriber} 134520 ms. Memory: 2638848K Free: 516094K (20%)
#Configuration.check: entity: org.terraswarm.accessor.JSAccessor {.configuration.actor library.MoreLibraries.Accessors.robotics.LocationRosPublisher} 134525 ms. Memory: 2638848K Free: 514560K (19%)
#Configuration.check: entity: org.terraswarm.accessor.JSAccessor {.configuration.actor library.MoreLibraries.Accessors.robotics.Scarab} 134529 ms. Memory: 2638848K Free: 513536K (19%)
#Configuration.check: entity: org.terraswarm.accessor.JSAccessor {.configuration.actor library.MoreLibraries.Accessors.robotics.DroneLocation} 134532 ms. Memory: 2638848K Free: 511488K (19%)
#Configuration.check: entity: org.terraswarm.accessor.JSAccessor {.configuration.actor library.MoreLibraries.Accessors.robotics.Global2LatLonAlt} 134535 ms. Memory: 2638848K Free: 510464K (19%)
#Configuration.check: entity: org.terraswarm.accessor.JSAccessor {.configuration.actor library.MoreLibraries.Accessors.geodesy.Lla2Ecef} 134537 ms. Memory: 2638848K Free: 509440K (19%)
#Retrieving library from file:/home/travis/build/icyphy/ptII/org/terraswarm/accessor/accessors/web/geodesy/index.json
Configuration.check: entity: org.terraswarm.accessor.JSAccessor {.configuration.actor library.MoreLibraries.Accessors.geodesy.LlaDist} 140021 ms. Memory: 2638848K Free: 425470K (16%)
#Configuration.check: entity: org.terraswarm.accessor.JSAccessor {.configuration.actor library.MoreLibraries.Accessors.geodesy.EuclideanDist} 140025 ms. Memory: 2638848K Free: 423936K (16%)
#Configuration.check: entity: org.terraswarm.accessor.JSAccessor {.configuration.actor library.MoreLibraries.Accessors.services.FINDLocation} 140027 ms. Memory: 2638848K Free: 422398K (16%)
#Retrieving library from file:/home/travis/build/icyphy/ptII/org/terraswarm/accessor/accessors/web/services/index.json
Configuration.check: entity: org.terraswarm.accessor.JSAccessor {.configuration.actor library.MoreLibraries.Accessors.services.FINDTracker} 180138 ms. Memory: 2638848K Free: 172032K (7%)
#Configuration.check: entity: org.terraswarm.accessor.JSAccessor {.configuration.actor library.MoreLibraries.Accessors.services.GeoCoder} 180151 ms. Memory: 2638848K Free: 169984K (6%)
#Configuration.check: entity: org.terraswarm.accessor.JSAccessor {.configuration.actor library.MoreLibraries.Accessors.services.GeoLocation} 180155 ms. Memory: 2638848K Free: 168446K (6%)
#Configuration.check: entity: org.terraswarm.accessor.JSAccessor {.configuration.actor library.MoreLibraries.Accessors.services.Heartbeat} 180166 ms. Memory: 2638848K Free: 166912K (6%)
#Configuration.check: entity: org.terraswarm.accessor.JSAccessor {.configuration.actor library.MoreLibraries.Accessors.services.HostCompatibility} 180168 ms. Memory: 2638848K Free: 165888K (6%)
#Configuration.check: entity: org.terraswarm.accessor.JSAccessor {.configuration.actor library.MoreLibraries.Accessors.services.NaturalLanguage} 180173 ms. Memory: 2638848K Free: 164350K (6%)
#Configuration.check: entity: org.terraswarm.accessor.JSAccessor {.configuration.actor library.MoreLibraries.Accessors.services.RedPinLocation} 180189 ms. Memory: 2638848K Free: 163319K (6%)
#Configuration.check: entity: org.terraswarm.accessor.JSAccessor {.configuration.actor library.MoreLibraries.Accessors.services.ReverseGeoCoder} 180193 ms. Memory: 2638848K Free: 161792K (6%)
#Configuration.check: entity: org.terraswarm.accessor.JSAccessor {.configuration.actor library.MoreLibraries.Accessors.services.SemanticRepositoryUpdate} 180197 ms. Memory: 2638848K Free: 160254K (6%)
#Configuration.check: entity: org.terraswarm.accessor.JSAccessor {.configuration.actor library.MoreLibraries.Accessors.services.SemanticRepositoryQuery} 180206 ms. Memory: 2638848K Free: 158720K (6%)
#Configuration.check: entity: org.terraswarm.accessor.JSAccessor {.configuration.actor library.MoreLibraries.Accessors.services.SemanticYelpSearch} 180210 ms. Memory: 2638848K Free: 157182K (6%)
#Configuration.check: entity: org.terraswarm.accessor.JSAccessor {.configuration.actor library.MoreLibraries.Accessors.services.SpeechRecognition} 180214 ms. Memory: 2638848K Free: 155134K (6%)
#Configuration.check: entity: org.terraswarm.accessor.JSAccessor {.configuration.actor library.MoreLibraries.Accessors.services.Weather} 180216 ms. Memory: 2638848K Free: 154110K (6%)
#Configuration.check: entity: org.terraswarm.accessor.JSAccessor {.configuration.actor library.MoreLibraries.Accessors.services.WiFiScan} 180222 ms. Memory: 2638848K Free: 152576K (6%)
#Configuration.check: entity: org.terraswarm.accessor.JSAccessor {.configuration.actor library.MoreLibraries.Accessors.services.YelpSearch} 180224 ms. Memory: 2638848K Free: 151552K (6%)
#Configuration.check: entity: org.terraswarm.accessor.JSAccessor {.configuration.actor library.MoreLibraries.Accessors.signals.FFT} 180228 ms. Memory: 2638848K Free: 149504K (6%)
#Retrieving library from file:/home/travis/build/icyphy/ptII/org/terraswarm/accessor/accessors/web/signals/index.json
Configuration.check: entity: org.terraswarm.accessor.JSAccessor {.configuration.actor library.MoreLibraries.Accessors.test.MochaTest} 182350 ms. Memory: 2638848K Free: 329728K (12%)
#Retrieving library from file:/home/travis/build/icyphy/ptII/org/terraswarm/accessor/accessors/web/test/index.json
Configuration.check: entity: org.terraswarm.accessor.JSAccessor {.configuration.actor library.MoreLibraries.Accessors.test.TestAccessor} 217008 ms. Memory: 2718720K Free: 209918K (8%)
#Configuration.check: entity: org.terraswarm.accessor.JSAccessor {.configuration.actor library.MoreLibraries.Accessors.test.TestAdder} 217013 ms. Memory: 2718720K Free: 208384K (8%)
#Configuration.check: entity: org.terraswarm.accessor.JSAccessor {.configuration.actor library.MoreLibraries.Accessors.test.TestBaseC} 217017 ms. Memory: 2718720K Free: 207360K (8%)
#Configuration.check: entity: org.terraswarm.accessor.JSAccessor {.configuration.actor library.MoreLibraries.Accessors.test.TestComposite} 217019 ms. Memory: 2718720K Free: 206336K (8%)
#Configuration.check: entity: org.terraswarm.accessor.JSAccessor {.configuration.actor library.MoreLibraries.Accessors.test.TestCompositeSpontaneous} 217022 ms. Memory: 2718720K Free: 205312K (8%)
#Configuration.check: entity: org.terraswarm.accessor.JSAccessor {.configuration.actor library.MoreLibraries.Accessors.test.TestDerivedAgainA} 217025 ms. Memory: 2718720K Free: 204288K (8%)
#Configuration.check: entity: org.terraswarm.accessor.JSAccessor {.configuration.actor library.MoreLibraries.Accessors.test.TestDerivedC} 217028 ms. Memory: 2718720K Free: 203759K (7%)
#Configuration.check: entity: org.terraswarm.accessor.JSAccessor {.configuration.actor library.MoreLibraries.Accessors.test.TestFunctions} 217031 ms. Memory: 2718720K Free: 202750K (7%)
#Configuration.check: entity: org.terraswarm.accessor.JSAccessor {.configuration.actor library.MoreLibraries.Accessors.test.TestGain} 217033 ms. Memory: 2718720K Free: 201719K (7%)
#Configuration.check: entity: org.terraswarm.accessor.JSAccessor {.configuration.actor library.MoreLibraries.Accessors.test.TestImplement} 217036 ms. Memory: 2718720K Free: 200687K (7%)
#Configuration.check: entity: org.terraswarm.accessor.JSAccessor {.configuration.actor library.MoreLibraries.Accessors.test.TestInheritance} 217039 ms. Memory: 2718720K Free: 199168K (7%)
#Configuration.check: entity: org.terraswarm.accessor.JSAccessor {.configuration.actor library.MoreLibraries.Accessors.test.TestRequire} 217043 ms. Memory: 2718720K Free: 198144K (7%)
#Configuration.check: entity: org.terraswarm.accessor.JSAccessor {.configuration.actor library.MoreLibraries.Accessors.test.TestSpontaneous} 217046 ms. Memory: 2718720K Free: 196606K (7%)
#Configuration.check: entity: org.terraswarm.accessor.JSAccessor {.configuration.actor library.MoreLibraries.Accessors.test.TestSpontaneousOnce} 217048 ms. Memory: 2718720K Free: 196096K (7%)
#Configuration.check: entity: org.terraswarm.accessor.JSAccessor {.configuration.actor library.MoreLibraries.Accessors.test.TrainableTest} 217051 ms. Memory: 2718720K Free: 195072K (7%)
#Configuration.check: entity: org.terraswarm.accessor.JSAccessor {.configuration.actor library.MoreLibraries.Accessors.utilities.Clock} 217057 ms. Memory: 2718720K Free: 194048K (7%)
#Retrieving library from file:/home/travis/build/icyphy/ptII/org/terraswarm/accessor/accessors/web/utilities/index.json
The Mutable accessor original file has no documentation, so we are not running jsdoc on https://accessors.org/utilities/Mutable.js
Configuration.check: entity: org.terraswarm.accessor.JSAccessor {.configuration.actor library.MoreLibraries.Accessors.utilities.Cron} 239754 ms. Memory: 2718720K Free: 342526K (13%)
#Configuration.check: entity: org.terraswarm.accessor.JSAccessor {.configuration.actor library.MoreLibraries.Accessors.utilities.Exec} 239762 ms. Memory: 2718720K Free: 338944K (12%)
#Configuration.check: entity: org.terraswarm.accessor.JSAccessor {.configuration.actor library.MoreLibraries.Accessors.utilities.GetAccessor} 239764 ms. Memory: 2718720K Free: 337920K (12%)
#Configuration.check: entity: org.terraswarm.accessor.JSAccessor {.configuration.actor library.MoreLibraries.Accessors.utilities.GetResource} 239766 ms. Memory: 2718720K Free: 336896K (12%)
#Configuration.check: entity: org.terraswarm.accessor.JSAccessor {.configuration.actor library.MoreLibraries.Accessors.utilities.HostName} 239768 ms. Memory: 2718720K Free: 335358K (12%)
#Configuration.check: entity: org.terraswarm.accessor.JSAccessor {.configuration.actor library.MoreLibraries.Accessors.utilities.LocalStorage} 239770 ms. Memory: 2718720K Free: 334848K (12%)
#Configuration.check: entity: org.terraswarm.accessor.JSAccessor {.configuration.actor library.MoreLibraries.Accessors.utilities.Mutable} 239773 ms. Memory: 2718720K Free: 333295K (12%)
#Configuration.check: entity: org.terraswarm.accessor.JSAccessor {.configuration.actor library.MoreLibraries.Accessors.utilities.MutableBase} 239774 ms. Memory: 2718720K Free: 332271K (12%)
#Configuration.check: entity: org.terraswarm.accessor.JSAccessor {.configuration.actor library.MoreLibraries.Accessors.utilities.Stop} 239776 ms. Memory: 2718720K Free: 331247K (12%)
#Configuration.check: entity: org.terraswarm.accessor.JSAccessor {.configuration.actor library.MoreLibraries.Accessors.utilities.TextDisplay} 239778 ms. Memory: 2718720K Free: 330238K (12%)
#Configuration.check: entity: org.terraswarm.accessor.JSAccessor {.configuration.actor library.MoreLibraries.Accessors.utilities.UserInterface} 239780 ms. Memory: 2718720K Free: 329199K (12%)
#Configuration.check: entity: ptolemy.domains.de.lib.aspect.AFDXESs {.configuration.actor library.MoreLibraries.Aspects.AFDX_ESs} 239782 ms. Memory: 2718720K Free: 328175K (12%)
#Configuration.check: entity: ptolemy.domains.de.lib.aspect.AFDXSwitch {.configuration.actor library.MoreLibraries.Aspects.AFDX_SW} 239953 ms. Memory: 2718720K Free: 350903K (13%)
#Configuration.check: entity: ptolemy.domains.de.lib.aspect.Bus {.configuration.actor library.MoreLibraries.Aspects.Bus} 239955 ms. Memory: 2718720K Free: 350389K (13%)
#Configuration.check: entity: ptolemy.domains.de.lib.aspect.BasicSwitch {.configuration.actor library.MoreLibraries.Aspects.BasicSwitch} 239957 ms. Memory: 2718720K Free: 350389K (13%)
#Configuration.check: entity: ptolemy.actor.lib.aspect.CanBus {.configuration.actor library.MoreLibraries.Aspects.CanBus} 239959 ms. Memory: 2718720K Free: 349365K (13%)
#Configuration.check: entity: ptolemy.actor.gui.CommunicationAspectMonitor {.configuration.actor library.MoreLibraries.Aspects.CommunicationAspectMonitor} 239960 ms. Memory: 2718720K Free: 349365K (13%)
#Configuration.check: entity: ptolemy.domains.de.lib.aspect.CrossbarSwitch {.configuration.actor library.MoreLibraries.Aspects.CrossbarSwitch} 239960 ms. Memory: 2718720K Free: 349365K (13%)
#Configuration.check: entity: ptolemy.actor.lib.aspect.DynamicCoreAssignmentScheduler {.configuration.actor library.MoreLibraries.Aspects.DynamicCoreAssignmentScheduler} 239962 ms. Memory: 2718720K Free: 348855K (13%)
#Configuration.check: entity: ptolemy.actor.lib.aspect.EDFScheduler {.configuration.actor library.MoreLibraries.Aspects.EDFScheduler} 239964 ms. Memory: 2718720K Free: 347831K (13%)
#Configuration.check: entity: ptolemy.actor.lib.aspect.FixedPriorityScheduler {.configuration.actor library.MoreLibraries.Aspects.FixedPriorityScheduler} 239965 ms. Memory: 2718720K Free: 347831K (13%)
#Configuration.check: entity: ptolemy.domains.de.lib.aspect.TTESwitch {.configuration.actor library.MoreLibraries.Aspects.TTESwitch} 239965 ms. Memory: 2718720K Free: 347831K (13%)
#Configuration.check: entity: lbnl.actor.lib.Simulator {.configuration.actor library.MoreLibraries.Co-Simulation.Simulator.Simulator} 239967 ms. Memory: 2718720K Free: 347317K (13%)
#Configuration.check: entity: lbnl.actor.lib.SystemCommand {.configuration.actor library.MoreLibraries.Co-Simulation.Simulator.SystemCommand} 239972 ms. Memory: 2718720K Free: 345254K (13%)
#Configuration.check: entity: org.hlacerti.lib.HlaPublisher {.configuration.actor library.MoreLibraries.Co-Simulation.HLA.HlaPublisher} 239973 ms. Memory: 2718720K Free: 345254K (13%)
#HLA version is 1.3.
HLA version is 1.3.
Configuration.check: entity: org.hlacerti.lib.HlaSubscriber {.configuration.actor library.MoreLibraries.Co-Simulation.HLA.HlaSubscriber} 240021 ms. Memory: 2718720K Free: 320693K (12%)
#Configuration.check: entity: ptolemy.actor.lib.database.DatabaseManager {.configuration.actor library.MoreLibraries.DatabaseActors.DatabaseManager} 240022 ms. Memory: 2718720K Free: 320183K (12%)
#Configuration.check: entity: ptolemy.actor.lib.database.DatabaseQuery {.configuration.actor library.MoreLibraries.DatabaseActors.DatabaseQuery} 240034 ms. Memory: 2718720K Free: 315063K (12%)
#Configuration.check: entity: ptolemy.actor.lib.database.DatabaseSelect {.configuration.actor library.MoreLibraries.DatabaseActors.DatabaseSelect} 240034 ms. Memory: 2718720K Free: 315063K (12%)
#Configuration.check: entity: ptolemy.actor.lib.database.DatabaseInsert {.configuration.actor library.MoreLibraries.DatabaseActors.DatabaseInsert} 240035 ms. Memory: 2718720K Free: 314549K (12%)
#Configuration.check: entity: ptolemy.actor.lib.database.SQLStatement {.configuration.actor library.MoreLibraries.DatabaseActors.SQLStatement} 240036 ms. Memory: 2718720K Free: 314549K (12%)
#Configuration.check: entity: ptolemy.actor.lib.database.ArrayOfRecordsRecorder {.configuration.actor library.MoreLibraries.DatabaseActors.ArrayOfRecordsRecorder} 240036 ms. Memory: 2718720K Free: 314549K (12%)
#Configuration.check: entity: ptolemy.actor.lib.PoissonClock {.configuration.actor library.MoreLibraries.DesignPatterns.DiscreteEvent.DESourceSink.PoissonClock} 240037 ms. Memory: 2718720K Free: 314039K (12%)
#Configuration.check: entity: ptolemy.actor.lib.Ramp {.configuration.actor library.MoreLibraries.DesignPatterns.DiscreteEvent.DESourceSink.Ramp} 240043 ms. Memory: 2718720K Free: 311991K (11%)
#Configuration.check: entity: ptolemy.actor.lib.gui.TimedPlotter {.configuration.actor library.MoreLibraries.DesignPatterns.DiscreteEvent.DESourceSink.TimedPlotter} 240043 ms. Memory: 2718720K Free: 311991K (11%)
#Configuration.check: entity: ptolemy.domains.sdf.lib.SampleDelay {.configuration.actor library.MoreLibraries.DesignPatterns.DynamicDataFlow.DDFRepeatForCount.SampleDelay} 240044 ms. Memory: 2718720K Free: 311991K (11%)
#Configuration.check: entity: ptolemy.actor.lib.Const {.configuration.actor library.MoreLibraries.DesignPatterns.DynamicDataFlow.DDFRepeatForCount.Const} 240236 ms. Memory: 2718720K Free: 356502K (13%)
#Configuration.check: entity: ptolemy.actor.lib.Ramp {.configuration.actor library.MoreLibraries.DesignPatterns.DynamicDataFlow.DDFRepeatForCount.Ramp} 240237 ms. Memory: 2718720K Free: 356023K (13%)
#Configuration.check: entity: ptolemy.actor.lib.Expression {.configuration.actor library.MoreLibraries.DesignPatterns.DynamicDataFlow.DDFRepeatForCount.Expression} 240237 ms. Memory: 2718720K Free: 356023K (13%)
#Configuration.check: entity: ptolemy.actor.lib.BooleanSwitch {.configuration.actor library.MoreLibraries.DesignPatterns.DynamicDataFlow.DDFRepeatForCount.Switch} 240239 ms. Memory: 2718720K Free: 356023K (13%)
#Configuration.check: entity: ptolemy.domains.ddf.lib.DDFBooleanSelect {.configuration.actor library.MoreLibraries.DesignPatterns.DynamicDataFlow.DDFRepeatForCount.Select} 240239 ms. Memory: 2718720K Free: 356023K (13%)
#Configuration.check: entity: ptolemy.actor.lib.Const {.configuration.actor library.MoreLibraries.DesignPatterns.DynamicDataFlow.DDFRepeatForCount.Source} 240239 ms. Memory: 2718720K Free: 355509K (13%)
#Configuration.check: entity: ptolemy.actor.lib.gui.Display {.configuration.actor library.MoreLibraries.DesignPatterns.DynamicDataFlow.DDFRepeatForCount.Sink} 240240 ms. Memory: 2718720K Free: 355509K (13%)
#Configuration.check: entity: ptolemy.actor.lib.Counter {.configuration.actor library.MoreLibraries.DesignPatterns.DynamicDataFlow.DDFRepeatForCount.RepeatedAction.Counter} 240240 ms. Memory: 2718720K Free: 355509K (13%)
#Configuration.check: entity: ptolemy.domains.rendezvous.lib.Barrier {.configuration.actor library.MoreLibraries.DesignPatterns.Rendezvous.RendezvousSynchrony.Barrier} 240241 ms. Memory: 2718720K Free: 355509K (13%)
#Configuration.check: entity: ptolemy.domains.ca.lib.gui.CAViewer {.configuration.actor library.MoreLibraries.ExperimentalDomains.CellularAutomata.CA Viewer} 240564 ms. Memory: 2718720K Free: 347637K (13%)
#Configuration.check: entity: ptolemy.domains.dde.lib.DDESink {.configuration.actor library.MoreLibraries.ExperimentalDomains.DDE.dde.DDESink} 240594 ms. Memory: 2718720K Free: 333301K (12%)
#Configuration.check: entity: ptolemy.domains.dde.lib.DoubleFork {.configuration.actor library.MoreLibraries.ExperimentalDomains.DDE.dde.DoubleFork} 240597 ms. Memory: 2718720K Free: 332277K (12%)
#Configuration.check: entity: ptolemy.domains.dde.lib.Wire {.configuration.actor library.MoreLibraries.ExperimentalDomains.DDE.dde.Wire} 240597 ms. Memory: 2718720K Free: 332277K (12%)
#Configuration.check: entity: ptolemy.domains.gr.lib.Box3D {.configuration.actor library.MoreLibraries.ExperimentalDomains.Graphics.Graphics.Box3D} 240597 ms. Memory: 2718720K Free: 332277K (12%)
#Configuration.check: entity: ptolemy.domains.gr.lib.CircularSweep3D {.configuration.actor library.MoreLibraries.ExperimentalDomains.Graphics.Graphics.CircularSweep3D} 240660 ms. Memory: 2718720K Free: 301557K (11%)
#Configuration.check: entity: ptolemy.domains.gr.lib.Cone3D {.configuration.actor library.MoreLibraries.ExperimentalDomains.Graphics.Graphics.Cone3D} 240661 ms. Memory: 2718720K Free: 301557K (11%)
#Configuration.check: entity: ptolemy.domains.gr.lib.Cylinder3D {.configuration.actor library.MoreLibraries.ExperimentalDomains.Graphics.Graphics.Cylinder3D} 240662 ms. Memory: 2718720K Free: 301043K (11%)
#Configuration.check: entity: ptolemy.domains.gr.lib.PolyCylinder3D {.configuration.actor library.MoreLibraries.ExperimentalDomains.Graphics.Graphics.PolyCylinder3D} 240663 ms. Memory: 2718720K Free: 300533K (11%)
#Configuration.check: entity: ptolemy.domains.gr.lib.Sphere3D {.configuration.actor library.MoreLibraries.ExperimentalDomains.Graphics.Graphics.Sphere3D} 240664 ms. Memory: 2718720K Free: 300533K (11%)
#Configuration.check: entity: ptolemy.domains.gr.lib.TextString3D {.configuration.actor library.MoreLibraries.ExperimentalDomains.Graphics.Graphics.TextString3D} 240665 ms. Memory: 2718720K Free: 300019K (11%)
#Configuration.check: entity: ptolemy.domains.gr.lib.Torus3D {.configuration.actor library.MoreLibraries.ExperimentalDomains.Graphics.Graphics.Torus3D} 240665 ms. Memory: 2718720K Free: 300019K (11%)
#Configuration.check: entity: ptolemy.domains.gr.lib.Rotate3D {.configuration.actor library.MoreLibraries.ExperimentalDomains.Graphics.Graphics.Rotate3D} 240666 ms. Memory: 2718720K Free: 300019K (11%)
#Configuration.check: entity: ptolemy.domains.gr.lib.Scale3D {.configuration.actor library.MoreLibraries.ExperimentalDomains.Graphics.Graphics.Scale3D} 240667 ms. Memory: 2718720K Free: 299509K (11%)
#Configuration.check: entity: ptolemy.domains.gr.lib.Translate3D {.configuration.actor library.MoreLibraries.ExperimentalDomains.Graphics.Graphics.Translate3D} 240667 ms. Memory: 2718720K Free: 299509K (11%)
#Configuration.check: entity: ptolemy.domains.gr.lib.Translate2D {.configuration.actor library.MoreLibraries.ExperimentalDomains.Graphics.Graphics.Translate2D} 240667 ms. Memory: 2718720K Free: 299509K (11%)
#Configuration.check: entity: ptolemy.domains.gr.lib.KeyInput3D {.configuration.actor library.MoreLibraries.ExperimentalDomains.Graphics.Graphics.KeyInput3D} 240669 ms. Memory: 2718720K Free: 299509K (11%)
#Configuration.check: entity: ptolemy.domains.gr.lib.MouseInput3D {.configuration.actor library.MoreLibraries.ExperimentalDomains.Graphics.Graphics.MouseInput3D} 240669 ms. Memory: 2718720K Free: 299509K (11%)
#Configuration.check: entity: ptolemy.domains.gr.lib.Rotate3D {.configuration.actor library.MoreLibraries.ExperimentalDomains.Graphics.Graphics.ThreeAxisRotator3D.Rotate3D} 240670 ms. Memory: 2718720K Free: 299509K (11%)
#Configuration.check: entity: ptolemy.domains.gr.lib.Rotate3D {.configuration.actor library.MoreLibraries.ExperimentalDomains.Graphics.Graphics.ThreeAxisRotator3D.Rotate3D2} 240670 ms. Memory: 2718720K Free: 298995K (11%)
#Configuration.check: entity: ptolemy.domains.gr.lib.Rotate3D {.configuration.actor library.MoreLibraries.ExperimentalDomains.Graphics.Graphics.ThreeAxisRotator3D.Rotate3D3} 240670 ms. Memory: 2718720K Free: 298995K (11%)
#Configuration.check: entity: ptolemy.domains.gr.lib.ViewScreen2D {.configuration.actor library.MoreLibraries.ExperimentalDomains.Graphics.Graphics.ViewScreen2D} 240671 ms. Memory: 2718720K Free: 298995K (11%)
#Configuration.check: entity: ptolemy.domains.gr.lib.ViewScreen3D {.configuration.actor library.MoreLibraries.ExperimentalDomains.Graphics.Graphics.ViewScreen3D} 240674 ms. Memory: 2718720K Free: 298995K (11%)
#Configuration.check: entity: ptolemy.domains.gr.lib.MovableViewScreen3D {.configuration.actor library.MoreLibraries.ExperimentalDomains.Graphics.Graphics.MovableViewScreen3D} 240676 ms. Memory: 2718720K Free: 298485K (11%)
#Configuration.check: entity: ptolemy.domains.petrinet.kernel.Place {.configuration.actor library.MoreLibraries.ExperimentalDomains.PetriNet.Place} 240677 ms. Memory: 2718720K Free: 298485K (11%)
#Configuration.check: entity: ptolemy.domains.pthales.lib.PthalesGenericActor {.configuration.actor library.MoreLibraries.ExperimentalDomains.Pthales.PthalesGenericActor} 240678 ms. Memory: 2718720K Free: 297971K (11%)
#Configuration.check: entity: ptolemy.domains.pthales.lib.PthalesAddHeaderActor {.configuration.actor library.MoreLibraries.ExperimentalDomains.Pthales.PthalesAddHeaderActor} 240679 ms. Memory: 2718720K Free: 297461K (11%)
#Configuration.check: entity: ptolemy.domains.pthales.lib.PthalesRemoveHeaderActor {.configuration.actor library.MoreLibraries.ExperimentalDomains.Pthales.PthalesRemoveHeaderActor} 240679 ms. Memory: 2718720K Free: 297461K (11%)
#Configuration.check: entity: ptolemy.actor.lib.Exec {.configuration.actor library.MoreLibraries.Esoteric.Exec} 240680 ms. Memory: 2718720K Free: 297461K (11%)
#Configuration.check: entity: ptolemy.caltrop.actors.CalInterpreter {.configuration.actor library.MoreLibraries.Esoteric.CalInterpreter} 240703 ms. Memory: 2718720K Free: 294389K (11%)
#Configuration.check: entity: ptolemy.actor.lib.OrderedMerge {.configuration.actor library.MoreLibraries.Esoteric.OrderedMerge} 240703 ms. Memory: 2718720K Free: 294389K (11%)
#Configuration.check: entity: ptolemy.actor.lib.RemoveNilTokens {.configuration.actor library.MoreLibraries.Esoteric.RemoveNilTokens} 240703 ms. Memory: 2718720K Free: 294389K (11%)
#Configuration.check: entity: ptolemy.actor.lib.gem5.Gem5Wrapper {.configuration.actor library.MoreLibraries.Gem5.Gem5Wrapper} 240704 ms. Memory: 2718720K Free: 294389K (11%)
#Configuration.check: entity: ptolemy.actor.gt.ModelCombine {.configuration.actor library.MoreLibraries.GraphTransformation.ModelCombine} 240707 ms. Memory: 2718720K Free: 293365K (11%)
#Configuration.check: entity: ptolemy.actor.gt.ModelExecutor {.configuration.actor library.MoreLibraries.GraphTransformation.ModelExecutor} 240867 ms. Memory: 2718720K Free: 350709K (13%)
#Configuration.check: entity: ptolemy.actor.gt.ModelGenerator {.configuration.actor library.MoreLibraries.GraphTransformation.ModelGenerator} 240868 ms. Memory: 2718720K Free: 350195K (13%)
#Configuration.check: entity: ptolemy.actor.gt.ModelView {.configuration.actor library.MoreLibraries.GraphTransformation.ModelView} 240869 ms. Memory: 2718720K Free: 349685K (13%)
#Configuration.check: entity: ptolemy.actor.gt.MoMLGenerator {.configuration.actor library.MoreLibraries.GraphTransformation.MoMLGenerator} 240871 ms. Memory: 2718720K Free: 349171K (13%)
#Configuration.check: entity: ptolemy.domains.gr.lib.Box3D {.configuration.actor library.MoreLibraries.Graphics.Graphics.Box3D} 240872 ms. Memory: 2718720K Free: 349171K (13%)
#Configuration.check: entity: ptolemy.domains.gr.lib.CircularSweep3D {.configuration.actor library.MoreLibraries.Graphics.Graphics.CircularSweep3D} 240934 ms. Memory: 2718720K Free: 319445K (12%)
#Configuration.check: entity: ptolemy.domains.gr.lib.Cone3D {.configuration.actor library.MoreLibraries.Graphics.Graphics.Cone3D} 240935 ms. Memory: 2718720K Free: 318965K (12%)
#Configuration.check: entity: ptolemy.domains.gr.lib.Cylinder3D {.configuration.actor library.MoreLibraries.Graphics.Graphics.Cylinder3D} 240936 ms. Memory: 2718720K Free: 318965K (12%)
#Configuration.check: entity: ptolemy.domains.gr.lib.PolyCylinder3D {.configuration.actor library.MoreLibraries.Graphics.Graphics.PolyCylinder3D} 240936 ms. Memory: 2718720K Free: 318451K (12%)
#Configuration.check: entity: ptolemy.domains.gr.lib.Sphere3D {.configuration.actor library.MoreLibraries.Graphics.Graphics.Sphere3D} 240937 ms. Memory: 2718720K Free: 318451K (12%)
#Configuration.check: entity: ptolemy.domains.gr.lib.TextString3D {.configuration.actor library.MoreLibraries.Graphics.Graphics.TextString3D} 240937 ms. Memory: 2718720K Free: 317941K (12%)
#Configuration.check: entity: ptolemy.domains.gr.lib.Torus3D {.configuration.actor library.MoreLibraries.Graphics.Graphics.Torus3D} 240938 ms. Memory: 2718720K Free: 317941K (12%)
#Configuration.check: entity: ptolemy.domains.gr.lib.Rotate3D {.configuration.actor library.MoreLibraries.Graphics.Graphics.Rotate3D} 240938 ms. Memory: 2718720K Free: 317427K (12%)
#Configuration.check: entity: ptolemy.domains.gr.lib.Scale3D {.configuration.actor library.MoreLibraries.Graphics.Graphics.Scale3D} 240939 ms. Memory: 2718720K Free: 317427K (12%)
#Configuration.check: entity: ptolemy.domains.gr.lib.Translate3D {.configuration.actor library.MoreLibraries.Graphics.Graphics.Translate3D} 240939 ms. Memory: 2718720K Free: 317427K (12%)
#Configuration.check: entity: ptolemy.domains.gr.lib.Translate2D {.configuration.actor library.MoreLibraries.Graphics.Graphics.Translate2D} 240939 ms. Memory: 2718720K Free: 317427K (12%)
#Configuration.check: entity: ptolemy.domains.gr.lib.KeyInput3D {.configuration.actor library.MoreLibraries.Graphics.Graphics.KeyInput3D} 240939 ms. Memory: 2718720K Free: 317427K (12%)
#Configuration.check: entity: ptolemy.domains.gr.lib.MouseInput3D {.configuration.actor library.MoreLibraries.Graphics.Graphics.MouseInput3D} 240939 ms. Memory: 2718720K Free: 317427K (12%)
#Configuration.check: entity: ptolemy.domains.gr.lib.Rotate3D {.configuration.actor library.MoreLibraries.Graphics.Graphics.ThreeAxisRotator3D.Rotate3D} 240939 ms. Memory: 2718720K Free: 317427K (12%)
#Configuration.check: entity: ptolemy.domains.gr.lib.Rotate3D {.configuration.actor library.MoreLibraries.Graphics.Graphics.ThreeAxisRotator3D.Rotate3D2} 240940 ms. Memory: 2718720K Free: 316917K (12%)
#Configuration.check: entity: ptolemy.domains.gr.lib.Rotate3D {.configuration.actor library.MoreLibraries.Graphics.Graphics.ThreeAxisRotator3D.Rotate3D3} 240940 ms. Memory: 2718720K Free: 316917K (12%)
#Configuration.check: entity: ptolemy.domains.gr.lib.ViewScreen2D {.configuration.actor library.MoreLibraries.Graphics.Graphics.ViewScreen2D} 240941 ms. Memory: 2718720K Free: 316917K (12%)
#Configuration.check: entity: ptolemy.domains.gr.lib.ViewScreen3D {.configuration.actor library.MoreLibraries.Graphics.Graphics.ViewScreen3D} 240941 ms. Memory: 2718720K Free: 316917K (12%)
#Configuration.check: entity: ptolemy.domains.gr.lib.MovableViewScreen3D {.configuration.actor library.MoreLibraries.Graphics.Graphics.MovableViewScreen3D} 240941 ms. Memory: 2718720K Free: 316917K (12%)
#Configuration.check: entity: ptolemy.actor.lib.image.ImageDisplay {.configuration.actor library.MoreLibraries.ImageProcessing.Generic.ImageDisplay} 240942 ms. Memory: 2718720K Free: 316403K (12%)
#Configuration.check: entity: ptolemy.actor.lib.image.ImageReader {.configuration.actor library.MoreLibraries.ImageProcessing.Generic.ImageReader} 240953 ms. Memory: 2718720K Free: 311269K (11%)
#Configuration.check: entity: ptolemy.actor.lib.image.ImageRotate {.configuration.actor library.MoreLibraries.ImageProcessing.Generic.ImageRotate} 240953 ms. Memory: 2718720K Free: 311269K (11%)
#Configuration.check: entity: ptolemy.actor.lib.image.ImageToString {.configuration.actor library.MoreLibraries.ImageProcessing.Generic.ImageToString} 240953 ms. Memory: 2718720K Free: 311269K (11%)
#Configuration.check: entity: ptolemy.actor.lib.image.URLToImage {.configuration.actor library.MoreLibraries.ImageProcessing.Generic.URLToImage} 240953 ms. Memory: 2718720K Free: 311269K (11%)
#Configuration.check: entity: ptolemy.domains.sdf.lib.vq.HTVQEncode {.configuration.actor library.MoreLibraries.ImageProcessing.VectorQuantization.HTVQEncode} 240954 ms. Memory: 2718720K Free: 311269K (11%)
#Configuration.check: entity: ptolemy.domains.sdf.lib.vq.ImageContrast {.configuration.actor library.MoreLibraries.ImageProcessing.VectorQuantization.ImageContrast} 240957 ms. Memory: 2718720K Free: 306677K (11%)
#Configuration.check: entity: ptolemy.domains.sdf.lib.vq.ImageDisplay {.configuration.actor library.MoreLibraries.ImageProcessing.VectorQuantization.ImageDisplay} 240957 ms. Memory: 2718720K Free: 306163K (11%)
#Configuration.check: entity: ptolemy.domains.sdf.lib.vq.ImagePartition {.configuration.actor library.MoreLibraries.ImageProcessing.VectorQuantization.ImagePartition} 240957 ms. Memory: 2718720K Free: 306163K (11%)
#Configuration.check: entity: ptolemy.domains.sdf.lib.vq.ImageSequence {.configuration.actor library.MoreLibraries.ImageProcessing.VectorQuantization.ImageSequence} 240958 ms. Memory: 2718720K Free: 306163K (11%)
#Configuration.check: entity: ptolemy.domains.sdf.lib.vq.ImageUnpartition {.configuration.actor library.MoreLibraries.ImageProcessing.VectorQuantization.ImageUnpartition} 240958 ms. Memory: 2718720K Free: 306163K (11%)
#Configuration.check: entity: ptolemy.domains.sdf.lib.vq.PSNR {.configuration.actor library.MoreLibraries.ImageProcessing.VectorQuantization.PSNR} 240958 ms. Memory: 2718720K Free: 306163K (11%)
#Configuration.check: entity: ptolemy.domains.sdf.lib.vq.VQDecode {.configuration.actor library.MoreLibraries.ImageProcessing.VectorQuantization.VQDecode} 240958 ms. Memory: 2718720K Free: 306163K (11%)
#Configuration.check: entity: ptolemy.vergil.actor.lib.LEDMatrix {.configuration.actor library.MoreLibraries.InteractiveIcons.LEDMatrix} 240959 ms. Memory: 2718720K Free: 305653K (11%)
#Configuration.check: entity: ptolemy.vergil.actor.lib.MonitorImage {.configuration.actor library.MoreLibraries.InteractiveIcons.MonitorImage} 241148 ms. Memory: 2718720K Free: 333299K (12%)
#Configuration.check: entity: ptolemy.actor.lib.conversions.json.JSONToToken {.configuration.actor library.MoreLibraries.JSON.JSONToToken} 241149 ms. Memory: 2718720K Free: 332789K (12%)
#Configuration.check: entity: ptolemy.actor.lib.conversions.json.TokenToJSON {.configuration.actor library.MoreLibraries.JSON.TokenToJSON} 241150 ms. Memory: 2718720K Free: 332789K (12%)
#Configuration.check: entity: org.ptolemy.machineLearning.clustering.KMeans {.configuration.actor library.MoreLibraries.MachineLearning.Clustering.KMeans} 241150 ms. Memory: 2718720K Free: 332789K (12%)
#Configuration.check: entity: org.ptolemy.machineLearning.hmm.HMMGaussianEstimator {.configuration.actor library.MoreLibraries.MachineLearning.HMM.HMMGaussianEstimator} 241170 ms. Memory: 2718720K Free: 324083K (12%)
#Configuration.check: entity: org.ptolemy.machineLearning.hmm.HMMExponentialEstimator {.configuration.actor library.MoreLibraries.MachineLearning.HMM.HMMExponentialEstimator} 241366 ms. Memory: 2718720K Free: 232947K (9%)
#Configuration.check: entity: org.ptolemy.machineLearning.hmm.HMMMultinomialEstimator {.configuration.actor library.MoreLibraries.MachineLearning.HMM.HMMMultinomialEstimator} 241368 ms. Memory: 2718720K Free: 231923K (9%)
#Configuration.check: entity: org.ptolemy.machineLearning.hmm.HMMGaussianClassifier {.configuration.actor library.MoreLibraries.MachineLearning.HMM.HMMGaussianClassifier} 241372 ms. Memory: 2718720K Free: 230899K (8%)
#Configuration.check: entity: org.ptolemy.machineLearning.hmm.HMMExponentialClassifier {.configuration.actor library.MoreLibraries.MachineLearning.HMM.HMMExponentialClassifier} 241409 ms. Memory: 2718720K Free: 350508K (13%)
#Configuration.check: entity: org.ptolemy.machineLearning.hmm.HMMMultinomialClassifier {.configuration.actor library.MoreLibraries.MachineLearning.HMM.HMMMultinomialClassifier} 241411 ms. Memory: 2718720K Free: 349998K (13%)
#Configuration.check: entity: org.ptolemy.machineLearning.hsmm.HSMMMultinomialEstimator {.configuration.actor library.MoreLibraries.MachineLearning.HSMM.HSMMMultinomialEstimator} 241414 ms. Memory: 2718720K Free: 348460K (13%)
#Configuration.check: entity: org.ptolemy.machineLearning.hsmm.HSMMTimeAwareMultinomialEstimator {.configuration.actor library.MoreLibraries.MachineLearning.HSMM.HSMMTimeAwareMultinomialEstimator} 241664 ms. Memory: 2718720K Free: 228142K (8%)
#Configuration.check: entity: org.ptolemy.machineLearning.hsmm.HSMMGaussianEstimator {.configuration.actor library.MoreLibraries.MachineLearning.HSMM.HSMMGaussianEstimator} 241669 ms. Memory: 2718720K Free: 226094K (8%)
#Configuration.check: entity: org.ptolemy.machineLearning.hsmm.HSMMGeneratorGaussianEmissions {.configuration.actor library.MoreLibraries.MachineLearning.HSMM.HSMMGeneratorGaussianEmissions} 241698 ms. Memory: 2718720K Free: 348460K (13%)
#Configuration.check: entity: org.ptolemy.machineLearning.hsmm.HSMMGeneratorMultinomialEmissions {.configuration.actor library.MoreLibraries.MachineLearning.HSMM.HSMMGeneratorMultinomialEmissions} 241700 ms. Memory: 2718720K Free: 347950K (13%)
#Configuration.check: entity: org.ptolemy.machineLearning.hsmm.HSMMTimeAwareGenerator {.configuration.actor library.MoreLibraries.MachineLearning.HSMM.HSMMTimeAwareGenerator} 241701 ms. Memory: 2718720K Free: 347950K (13%)
#Configuration.check: entity: org.ptolemy.ssm.GaussianMeasurementModel {.configuration.actor library.MoreLibraries.MachineLearning.StateSpaceModel.GaussianMeasurementModel} 241707 ms. Memory: 2718720K Free: 345902K (13%)
#Configuration.check: entity: org.ptolemy.ssm.Map {.configuration.actor library.MoreLibraries.MachineLearning.StateSpaceModel.Map} 242032 ms. Memory: 2718720K Free: 342692K (13%)
#Configuration.check: entity: org.ptolemy.ssm.StateSpaceModel {.configuration.actor library.MoreLibraries.MachineLearning.StateSpaceModel.StateSpaceModel} 242034 ms. Memory: 2718720K Free: 342199K (13%)
#Configuration.check: entity: ptolemy.actor.lib.mail.SendMail {.configuration.actor library.MoreLibraries.Mail.SendMail} 242040 ms. Memory: 2718720K Free: 342199K (13%)
#Configuration.check: entity: ptolemy.actor.lib.mbed.Accelerometer {.configuration.actor library.MoreLibraries.Mbed.Accelerometer} 242044 ms. Memory: 2718720K Free: 340646K (13%)
#Configuration.check: entity: ptolemy.actor.lib.mbed.CC3000Control {.configuration.actor library.MoreLibraries.Mbed.CC3000Control} 242135 ms. Memory: 2718720K Free: 301239K (11%)
#Configuration.check: entity: ptolemy.actor.lib.mbed.CC3000Module {.configuration.actor library.MoreLibraries.Mbed.CC3000Module} 242136 ms. Memory: 2718720K Free: 301239K (11%)
#Configuration.check: entity: ptolemy.actor.lib.mbed.GestureRecognition {.configuration.actor library.MoreLibraries.Mbed.GestureRecognition} 242137 ms. Memory: 2718720K Free: 300725K (11%)
#Configuration.check: entity: ptolemy.actor.lib.mbed.GPIOWriter {.configuration.actor library.MoreLibraries.Mbed.GPIOWriter} 242137 ms. Memory: 2718720K Free: 300725K (11%)
#Configuration.check: entity: ptolemy.actor.lib.mbed.HSBtoRGB {.configuration.actor library.MoreLibraries.Mbed.HSBtoRGB} 242138 ms. Memory: 2718720K Free: 300725K (11%)
#Configuration.check: entity: ptolemy.actor.lib.mbed.LEDCubeUpdate {.configuration.actor library.MoreLibraries.Mbed.LEDCubeUpdate} 242139 ms. Memory: 2718720K Free: 300215K (11%)
#Configuration.check: entity: ptolemy.actor.lib.mbed.NeoPixelLEDStrip {.configuration.actor library.MoreLibraries.Mbed.NeoPixelLEDStrip} 242140 ms. Memory: 2718720K Free: 300215K (11%)
#Configuration.check: entity: ptolemy.actor.lib.mbed.PacketToSensorData {.configuration.actor library.MoreLibraries.Mbed.PacketToSensorData} 242141 ms. Memory: 2718720K Free: 299701K (11%)
#Configuration.check: entity: ptolemy.actor.lib.mbed.SensorDataCalibration {.configuration.actor library.MoreLibraries.Mbed.SensorDataCalibration} 242142 ms. Memory: 2718720K Free: 299191K (11%)
#Configuration.check: entity: org.ptolemy.osc.OscReceiver {.configuration.actor library.MoreLibraries.OpenSoundControl.OscReceiver} 242143 ms. Memory: 2718720K Free: 299191K (11%)
#Configuration.check: entity: org.ptolemy.osc.OscSender {.configuration.actor library.MoreLibraries.OpenSoundControl.OscSender} 242160 ms. Memory: 2718720K Free: 293047K (11%)
#Configuration.check: entity: ptolemy.domains.petrinet.kernel.Place {.configuration.actor library.MoreLibraries.PetriNet.Place} 242161 ms. Memory: 2718720K Free: 292533K (11%)
#Configuration.check: entity: ptolemy.domains.ontologies.lib.UnitsConverter {.configuration.actor library.MoreLibraries.Ontologies.UnitsConverter} 242162 ms. Memory: 2718720K Free: 292533K (11%)
#Configuration.check: entity: ptolemy.actor.lib.python.PythonScript {.configuration.actor library.MoreLibraries.Python.PythonActor} 242163 ms. Memory: 2718720K Free: 292533K (11%)
#Configuration.check: entity: ptolemy.actor.lib.python.PythonScript {.configuration.actor library.MoreLibraries.Python.PythonScript} 242175 ms. Memory: 2718720K Free: 290485K (11%)
#Configuration.check: entity: ptolemy.actor.lib.Clock {.configuration.actor library.MoreLibraries.QuantizedState.PeriodicSampler.DiscreteClock} 242175 ms. Memory: 2718720K Free: 290485K (11%)
#Configuration.check: entity: ptolemy.actor.lib.Sampler {.configuration.actor library.MoreLibraries.QuantizedState.PeriodicSampler.Sampler} 242224 ms. Memory: 2718720K Free: 270519K (10%)
#Configuration.check: entity: ptolemy.domains.qss.kernel.QSSIntegrator {.configuration.actor library.MoreLibraries.QuantizedState.QSSIntegrator} 242224 ms. Memory: 2718720K Free: 270519K (10%)
#Configuration.check: entity: ptolemy.domains.qss.lib.SmoothSignal {.configuration.actor library.MoreLibraries.QuantizedState.SmoothSignal} 242226 ms. Memory: 2718720K Free: 270005K (10%)
#Configuration.check: entity: ptolemy.actor.lib.conversions.SmoothToDouble {.configuration.actor library.MoreLibraries.QuantizedState.SmoothToDouble} 242227 ms. Memory: 2718720K Free: 270005K (10%)
#Configuration.check: entity: ptolemy.domains.qss.lib.SmoothZeroCrossingDetector {.configuration.actor library.MoreLibraries.QuantizedState.SmoothZeroCrossingDetector} 242227 ms. Memory: 2718720K Free: 270005K (10%)
#Configuration.check: entity: ptolemy.actor.lib.r.RExpression {.configuration.actor library.MoreLibraries.R.RExpression} 242228 ms. Memory: 2718720K Free: 269495K (10%)
#Configuration.check: entity: ptolemy.actor.lib.r.RExpression2 {.configuration.actor library.MoreLibraries.R.RExpression2} 242231 ms. Memory: 2718720K Free: 268471K (10%)
#Configuration.check: entity: ptolemy.actor.lib.GetCausalityInterface {.configuration.actor library.MoreLibraries.RegressionTest.GetCausalityInterface} 242237 ms. Memory: 2718720K Free: 268471K (10%)
#Configuration.check: entity: ptolemy.actor.lib.CurrentMicrostep {.configuration.actor library.MoreLibraries.RegressionTest.CurrentMicrostep} 242240 ms. Memory: 2718720K Free: 266933K (10%)
#Configuration.check: entity: ptolemy.actor.lib.NonStrictTest {.configuration.actor library.MoreLibraries.RegressionTest.NonStrictTest} 242240 ms. Memory: 2718720K Free: 266933K (10%)
#Configuration.check: entity: ptolemy.actor.lib.Test {.configuration.actor library.MoreLibraries.RegressionTest.Test} 242240 ms. Memory: 2718720K Free: 266933K (10%)
#Configuration.check: entity: ptolemy.domains.de.lib.TestActorPortDepth {.configuration.actor library.MoreLibraries.RegressionTest.TestActorPortDepth} 242241 ms. Memory: 2718720K Free: 266423K (10%)
#Configuration.check: entity: ptolemy.actor.lib.TypeTest {.configuration.actor library.MoreLibraries.RegressionTest.TypeTest} 242241 ms. Memory: 2718720K Free: 266423K (10%)
#Configuration.check: entity: ptolemy.actor.lib.security.KeyWriter {.configuration.actor library.MoreLibraries.Security.KeyWriter} 242241 ms. Memory: 2718720K Free: 266423K (10%)
#Configuration.check: entity: ptolemy.actor.lib.security.PublicKeyReader {.configuration.actor library.MoreLibraries.Security.PublicKeyReader} 242259 ms. Memory: 2718720K Free: 259750K (10%)
#Configuration.check: entity: ptolemy.actor.lib.security.PrivateKeyReader {.configuration.actor library.MoreLibraries.Security.PrivateKeyReader} 242260 ms. Memory: 2718720K Free: 259750K (10%)
#Configuration.check: entity: ptolemy.actor.lib.security.SecretKey {.configuration.actor library.MoreLibraries.Security.SecretKey} 242260 ms. Memory: 2718720K Free: 259750K (10%)
#Configuration.check: entity: ptolemy.actor.lib.security.SecretKeyReader {.configuration.actor library.MoreLibraries.Security.SecretKeyReader} 242261 ms. Memory: 2718720K Free: 259255K (10%)
#Configuration.check: entity: ptolemy.actor.lib.security.SignatureSigner {.configuration.actor library.MoreLibraries.Security.SignatureSigner} 242262 ms. Memory: 2718720K Free: 259255K (10%)
#Configuration.check: entity: ptolemy.actor.lib.security.SignatureVerifier {.configuration.actor library.MoreLibraries.Security.SignatureVerifier} 242263 ms. Memory: 2718720K Free: 259255K (10%)
#Configuration.check: entity: ptolemy.actor.lib.security.SymmetricDecryption {.configuration.actor library.MoreLibraries.Security.SymmetricDecryption} 242264 ms. Memory: 2718720K Free: 259255K (10%)
#Configuration.check: entity: ptolemy.actor.lib.security.SymmetricEncryption {.configuration.actor library.MoreLibraries.Security.SymmetricEncryption} 242265 ms. Memory: 2718720K Free: 259255K (10%)
#Configuration.check: entity: ptolemy.actor.lib.security.SymmetricCrypto {.configuration.actor library.MoreLibraries.Security.SymmetricCrypto} 242266 ms. Memory: 2718720K Free: 259253K (10%)
#Configuration.check: entity: ptolemy.domains.wireless.lib.CollisionDetector {.configuration.actor library.MoreLibraries.Wireless.WirelessActors.CollisionDetector} 242267 ms. Memory: 2718720K Free: 258741K (10%)
#Configuration.check: entity: ptolemy.domains.wireless.lib.GetProperties {.configuration.actor library.MoreLibraries.Wireless.WirelessActors.GetProperties} 242291 ms. Memory: 2718720K Free: 247991K (9%)
#Configuration.check: entity: ptolemy.domains.wireless.lib.GraphicalLocator {.configuration.actor library.MoreLibraries.Wireless.WirelessActors.GraphicalLocator} 242291 ms. Memory: 2718720K Free: 247991K (9%)
#Configuration.check: entity: ptolemy.domains.wireless.lib.Locator {.configuration.actor library.MoreLibraries.Wireless.WirelessActors.Locator} 242293 ms. Memory: 2718720K Free: 247477K (9%)
#Configuration.check: entity: ptolemy.domains.wireless.lib.NodeRandomizer {.configuration.actor library.MoreLibraries.Wireless.WirelessActors.NodeRandomizer} 242295 ms. Memory: 2718720K Free: 246967K (9%)
#Configuration.check: entity: ptolemy.domains.wireless.lib.TerrainProperty {.configuration.actor library.MoreLibraries.Wireless.WirelessActors.TerrainProperty} 242295 ms. Memory: 2718720K Free: 246967K (9%)
#Configuration.check: entity: ptolemy.domains.wireless.lib.LinkVisualizer {.configuration.actor library.MoreLibraries.Wireless.WirelessActors.LinkVisualizer} 242296 ms. Memory: 2718720K Free: 246967K (9%)
#Configuration.check: entity: ptolemy.domains.wireless.lib.Triangulator {.configuration.actor library.MoreLibraries.Wireless.WirelessActors.Triangulator} 242297 ms. Memory: 2718720K Free: 246453K (9%)
#Configuration.check: entity: ptolemy.domains.wireless.lib.WiredToWireless {.configuration.actor library.MoreLibraries.Wireless.WirelessActors.WiredToWireless} 242298 ms. Memory: 2718720K Free: 246453K (9%)
#Configuration.check: entity: ptolemy.domains.wireless.lib.WirelessToWired {.configuration.actor library.MoreLibraries.Wireless.WirelessActors.WirelessToWired} 242299 ms. Memory: 2718720K Free: 246453K (9%)
#Configuration.check: entity: ptolemy.domains.wireless.kernel.AtomicWirelessChannel {.configuration.actor library.MoreLibraries.Wireless.WirelessChannels.AtomicWirelessChannel} 242299 ms. Memory: 2718720K Free: 245943K (9%)
#Configuration.check: entity: ptolemy.domains.wireless.lib.DelayChannel {.configuration.actor library.MoreLibraries.Wireless.WirelessChannels.DelayChannel} 242305 ms. Memory: 2718720K Free: 244390K (9%)
#Configuration.check: entity: ptolemy.domains.wireless.lib.LimitedRangeChannel {.configuration.actor library.MoreLibraries.Wireless.WirelessChannels.LimitedRangeChannel} 242306 ms. Memory: 2718720K Free: 244390K (9%)
#Configuration.check: entity: ptolemy.domains.wireless.lib.ErasureChannel {.configuration.actor library.MoreLibraries.Wireless.WirelessChannels.ErasureChannel} 242306 ms. Memory: 2718720K Free: 244390K (9%)
#Configuration.check: entity: ptolemy.domains.wireless.lib.PowerLossChannel {.configuration.actor library.MoreLibraries.Wireless.WirelessChannels.PowerLossChannel} 242306 ms. Memory: 2718720K Free: 243895K (9%)
#Configuration.check: entity: ptolemy.actor.lib.conversions.StringToXML {.configuration.actor library.MoreLibraries.XML.StringToXML} 242307 ms. Memory: 2718720K Free: 243895K (9%)
#Configuration.check: entity: ptolemy.actor.lib.xslt.XSLTransformer {.configuration.actor library.MoreLibraries.XML.XSLTransformer} 242308 ms. Memory: 2718720K Free: 243366K (9%)
#Configuration.check: entity: ptolemy.actor.lib.xslt.XMLInclusion {.configuration.actor library.MoreLibraries.XML.XMLInclusion} 242308 ms. Memory: 2718720K Free: 243366K (9%)
#Configuration.check: entity: ptolemy.actor.gt.controller.InitModel {.configuration.effigyFactory.Model Transformation.blank._Controller.InitModel} 242309 ms. Memory: 2718720K Free: 243366K (9%)
#Configuration.check: entity: ptolemy.actor.lib.CurrentTime {.configuration.actor library.Actors.Sources.TimedSources.TriggeredSinewave.CurrentTime} 242309 ms. Memory: 2718720K Free: 243366K (9%)
#Configuration.check: entity: ptolemy.actor.lib.Scale {.configuration.actor library.Actors.Sources.TimedSources.TriggeredSinewave.Frequency} 242309 ms. Memory: 2718720K Free: 243366K (9%)
#Configuration.check: entity: ptolemy.actor.lib.TrigFunction {.configuration.actor library.Actors.Sources.TimedSources.TriggeredSinewave.Sin} 242309 ms. Memory: 2718720K Free: 243366K (9%)
#Configuration.check: entity: ptolemy.actor.lib.Const {.configuration.actor library.Actors.Sources.TimedSources.TriggeredSinewave.Phase} 242310 ms. Memory: 2718720K Free: 243366K (9%)
#Configuration.check: entity: ptolemy.actor.lib.AddSubtract {.configuration.actor library.Actors.Sources.TimedSources.TriggeredSinewave.Add} 242310 ms. Memory: 2718720K Free: 243366K (9%)
#Configuration.check: entity: ptolemy.actor.lib.Scale {.configuration.actor library.Actors.Sources.TimedSources.TriggeredSinewave.Magnitude} 242310 ms. Memory: 2718720K Free: 242871K (9%)
#Configuration.check: entity: ptolemy.actor.lib.Ramp {.configuration.actor library.Actors.Sources.SequenceSources.Sinewave.Ramp} 242310 ms. Memory: 2718720K Free: 242871K (9%)
#Configuration.check: entity: ptolemy.actor.lib.TrigFunction {.configuration.actor library.Actors.Sources.SequenceSources.Sinewave.TrigFunction} 242311 ms. Memory: 2718720K Free: 242871K (9%)
#Configuration.check: entity: ptolemy.actor.lib.Const {.configuration.actor library.Actors.Sources.SequenceSources.Sinewave.Const} 242311 ms. Memory: 2718720K Free: 242871K (9%)
#Configuration.check: entity: ptolemy.actor.lib.AddSubtract {.configuration.actor library.Actors.Sources.SequenceSources.Sinewave.AddSubtract} 242312 ms. Memory: 2718720K Free: 242871K (9%)
#Configuration.check: entity: ptolemy.actor.lib.Pulse {.configuration.actor library.Actors.SignalProcessing.Spectrum.MaximumEntropySpectrum.Pulse} 242312 ms. Memory: 2718720K Free: 242871K (9%)
#Configuration.check: entity: ptolemy.actor.lib.MultiplyDivide {.configuration.actor library.Actors.SignalProcessing.Spectrum.MaximumEntropySpectrum.MultiplyDivide} 242314 ms. Memory: 2718720K Free: 241847K (9%)
#Configuration.check: entity: ptolemy.domains.sdf.lib.Autocorrelation {.configuration.actor library.Actors.SignalProcessing.Spectrum.MaximumEntropySpectrum.Autocorrelation} 242314 ms. Memory: 2718720K Free: 241847K (9%)
#Configuration.check: entity: ptolemy.actor.lib.LevinsonDurbin {.configuration.actor library.Actors.SignalProcessing.Spectrum.MaximumEntropySpectrum.LevinsonDurbin} 242315 ms. Memory: 2718720K Free: 241333K (9%)
#Configuration.check: entity: ptolemy.actor.lib.ArrayAppend {.configuration.actor library.Actors.SignalProcessing.Spectrum.MaximumEntropySpectrum.ArrayAppend} 242315 ms. Memory: 2718720K Free: 241333K (9%)
#Configuration.check: entity: ptolemy.domains.sdf.lib.ArrayToSequence {.configuration.actor library.Actors.SignalProcessing.Spectrum.MaximumEntropySpectrum.ArrayToSequence} 242316 ms. Memory: 2718720K Free: 241333K (9%)
#Configuration.check: entity: ptolemy.domains.sdf.lib.FFT {.configuration.actor library.Actors.SignalProcessing.Spectrum.MaximumEntropySpectrum.FFT} 242318 ms. Memory: 2718720K Free: 240294K (9%)
#Configuration.check: entity: ptolemy.actor.lib.AbsoluteValue {.configuration.actor library.Actors.SignalProcessing.Spectrum.MaximumEntropySpectrum.AbsoluteValue} 242321 ms. Memory: 2718720K Free: 239797K (9%)
#Configuration.check: entity: ptolemy.actor.lib.MultiplyDivide {.configuration.actor library.Actors.SignalProcessing.Spectrum.MaximumEntropySpectrum.MultiplyDivide2} 242322 ms. Memory: 2718720K Free: 239285K (9%)
#Configuration.check: entity: ptolemy.actor.lib.DB {.configuration.actor library.Actors.SignalProcessing.Spectrum.MaximumEntropySpectrum.DB} 242322 ms. Memory: 2718720K Free: 239285K (9%)
#Configuration.check: entity: ptolemy.actor.lib.ArrayElement {.configuration.actor library.Actors.SignalProcessing.Spectrum.MaximumEntropySpectrum.ArrayElement} 242322 ms. Memory: 2718720K Free: 239285K (9%)
#Configuration.check: entity: ptolemy.domains.sdf.lib.Repeat {.configuration.actor library.Actors.SignalProcessing.Spectrum.MaximumEntropySpectrum.Repeat} 242323 ms. Memory: 2718720K Free: 239285K (9%)
#Configuration.check: entity: ptolemy.domains.sdf.lib.Chop {.configuration.actor library.Actors.SignalProcessing.Spectrum.MaximumEntropySpectrum.Chop} 242327 ms. Memory: 2718720K Free: 237751K (9%)
#Configuration.check: entity: ptolemy.actor.lib.MathFunction {.configuration.actor library.Actors.SignalProcessing.Spectrum.MaximumEntropySpectrum.MathFunction} 242329 ms. Memory: 2718720K Free: 237237K (9%)
#Configuration.check: entity: ptolemy.actor.lib.Const {.configuration.actor library.Actors.SignalProcessing.Spectrum.MaximumEntropySpectrum.Const} 242329 ms. Memory: 2718720K Free: 237237K (9%)
#Configuration.check: entity: ptolemy.actor.lib.MultiplyDivide {.configuration.actor library.Actors.SignalProcessing.Spectrum.SmoothedPeriodogram.Multiply} 242329 ms. Memory: 2718720K Free: 236727K (9%)
#Configuration.check: entity: ptolemy.domains.sdf.lib.FFT {.configuration.actor library.Actors.SignalProcessing.Spectrum.SmoothedPeriodogram.FFT} 242330 ms. Memory: 2718720K Free: 236727K (9%)
#Configuration.check: entity: ptolemy.actor.lib.DB {.configuration.actor library.Actors.SignalProcessing.Spectrum.SmoothedPeriodogram.DB} 242332 ms. Memory: 2718720K Free: 236213K (9%)
#Configuration.check: entity: ptolemy.actor.lib.AbsoluteValue {.configuration.actor library.Actors.SignalProcessing.Spectrum.SmoothedPeriodogram.AbsoluteValue0} 242332 ms. Memory: 2718720K Free: 235703K (9%)
#Configuration.check: entity: ptolemy.domains.sdf.lib.Autocorrelation {.configuration.actor library.Actors.SignalProcessing.Spectrum.SmoothedPeriodogram.Autocorrelation} 242333 ms. Memory: 2718720K Free: 235703K (9%)
#Configuration.check: entity: ptolemy.domains.sdf.lib.Chop {.configuration.actor library.Actors.SignalProcessing.Spectrum.SmoothedPeriodogram.Chop} 242334 ms. Memory: 2718720K Free: 235189K (9%)
#Configuration.check: entity: ptolemy.domains.sdf.lib.ArrayToSequence {.configuration.actor library.Actors.SignalProcessing.Spectrum.SmoothedPeriodogram.ArrayToSequence} 242336 ms. Memory: 2718720K Free: 234679K (9%)
#Configuration.check: entity: ptolemy.actor.lib.Sequence {.configuration.actor library.Actors.SignalProcessing.Spectrum.SmoothedPeriodogram.Sequence} 242338 ms. Memory: 2718720K Free: 234165K (9%)
#Configuration.check: entity: ptolemy.actor.lib.MultiplyDivide {.configuration.actor library.Actors.SignalProcessing.Spectrum.Spectrum.Multiply} 242338 ms. Memory: 2718720K Free: 233655K (9%)
#Configuration.check: entity: ptolemy.domains.sdf.lib.FFT {.configuration.actor library.Actors.SignalProcessing.Spectrum.Spectrum.FFT} 242339 ms. Memory: 2718720K Free: 233655K (9%)
#Configuration.check: entity: ptolemy.actor.lib.DB {.configuration.actor library.Actors.SignalProcessing.Spectrum.Spectrum.DB} 242341 ms. Memory: 2718720K Free: 233141K (9%)
#Configuration.check: entity: ptolemy.actor.lib.AbsoluteValue {.configuration.actor library.Actors.SignalProcessing.Spectrum.Spectrum.AbsoluteValue0} 242341 ms. Memory: 2718720K Free: 232631K (9%)
#Configuration.check: entity: ptolemy.actor.lib.Scale {.configuration.actor library.Actors.SignalProcessing.Spectrum.Spectrum.Scale} 242342 ms. Memory: 2718720K Free: 232631K (9%)
#Configuration.check: entity: ptolemy.actor.lib.Sequence {.configuration.actor library.Actors.SignalProcessing.Spectrum.Spectrum.Sequence} 242342 ms. Memory: 2718720K Free: 232631K (9%)
#Configuration.check: entity: ptolemy.actor.lib.CurrentTime {.configuration.actor library.Actors.DomainSpecific.Continuous.Signal Generators.ContinuousSinewave.CurrentTime} 242343 ms. Memory: 2718720K Free: 232117K (9%)
#Configuration.check: entity: ptolemy.actor.lib.Scale {.configuration.actor library.Actors.DomainSpecific.Continuous.Signal Generators.ContinuousSinewave.Frequency} 242343 ms. Memory: 2718720K Free: 232117K (9%)
#Configuration.check: entity: ptolemy.actor.lib.TrigFunction {.configuration.actor library.Actors.DomainSpecific.Continuous.Signal Generators.ContinuousSinewave.Sin} 242343 ms. Memory: 2718720K Free: 232117K (9%)
#Configuration.check: entity: ptolemy.actor.lib.Const {.configuration.actor library.Actors.DomainSpecific.Continuous.Signal Generators.ContinuousSinewave.Phase} 242344 ms. Memory: 2718720K Free: 232117K (9%)
#Configuration.check: entity: ptolemy.actor.lib.AddSubtract {.configuration.actor library.Actors.DomainSpecific.Continuous.Signal Generators.ContinuousSinewave.Add} 242344 ms. Memory: 2718720K Free: 232117K (9%)
#Configuration.check: entity: ptolemy.actor.lib.Scale {.configuration.actor library.Actors.DomainSpecific.Continuous.Signal Generators.ContinuousSinewave.Magnitude} 242344 ms. Memory: 2718720K Free: 232117K (9%)
#Configuration.check: entity: ptolemy.domains.continuous.lib.ZeroOrderHold {.configuration.actor library.Actors.DomainSpecific.Continuous.Signal Generators.PWM.ZeroOrderHold} 242344 ms. Memory: 2718720K Free: 232117K (9%)
#Configuration.check: entity: ptolemy.domains.modal.kernel.State {.configuration.actor library.Actors.DomainSpecific.Continuous.Signal Generators.PWM.Controller._Controller.on} 242345 ms. Memory: 2718720K Free: 231607K (9%)
#Configuration.check: entity: ptolemy.domains.modal.kernel.State {.configuration.actor library.Actors.DomainSpecific.Continuous.Signal Generators.PWM.Controller._Controller.off} 242345 ms. Memory: 2718720K Free: 231607K (9%)
#Configuration.check: entity: ptolemy.domains.modal.kernel.State {.configuration.actor library.Actors.DomainSpecific.Continuous.Signal Generators.PWM.Controller._Controller.start} 242345 ms. Memory: 2718720K Free: 231607K (9%)
#Configuration.check: entity: ptolemy.actor.lib.gui.SequencePlotter {.configuration.actor library.Actors.DomainSpecific.Continuous.Random.ContinuousSpectrum.Frequency Domain Display} 242345 ms. Memory: 2718720K Free: 231607K (9%)
#Configuration.check: entity: ptolemy.actor.lib.MultiplyDivide {.configuration.actor library.Actors.DomainSpecific.Continuous.Random.ContinuousSpectrum.Periodogram.Multiply} 242345 ms. Memory: 2718720K Free: 231607K (9%)
#Configuration.check: entity: ptolemy.actor.lib.Pulse {.configuration.actor library.Actors.DomainSpecific.Continuous.Random.ContinuousSpectrum.Periodogram.Waveform} 242346 ms. Memory: 2718720K Free: 231607K (9%)
#Configuration.check: entity: ptolemy.domains.sdf.lib.FFT {.configuration.actor library.Actors.DomainSpecific.Continuous.Random.ContinuousSpectrum.Periodogram.FFT} 242347 ms. Memory: 2718720K Free: 231093K (9%)
#Configuration.check: entity: ptolemy.actor.lib.DB {.configuration.actor library.Actors.DomainSpecific.Continuous.Random.ContinuousSpectrum.Periodogram.DB} 242350 ms. Memory: 2718720K Free: 230038K (8%)
#Configuration.check: entity: ptolemy.actor.lib.AbsoluteValue {.configuration.actor library.Actors.DomainSpecific.Continuous.Random.ContinuousSpectrum.Periodogram.AbsoluteValue0} 242350 ms. Memory: 2718720K Free: 230038K (8%)
#Configuration.check: entity: ptolemy.actor.lib.Scale {.configuration.actor library.Actors.DomainSpecific.Continuous.Random.ContinuousSpectrum.Periodogram.Scale} 242351 ms. Memory: 2718720K Free: 230038K (8%)
#Configuration.check: entity: ptolemy.actor.lib.aspect.CommunicationRequestPort {.configuration.actor library.MoreLibraries.Aspects.CompositeCommunicationAspect.CommunicationRequestPort} 242351 ms. Memory: 2718720K Free: 229559K (8%)
#Configuration.check: entity: ptolemy.actor.lib.aspect.CommunicationResponsePort {.configuration.actor library.MoreLibraries.Aspects.CompositeCommunicationAspect.CommunicationResponsePort} 242353 ms. Memory: 2718720K Free: 229559K (8%)
#Configuration.check: entity: ptolemy.actor.lib.aspect.ExecutionRequestPort {.configuration.actor library.MoreLibraries.Aspects.CompositeExecutionAspect.ExecutionRequestPort} 242354 ms. Memory: 2718720K Free: 229045K (8%)
#Configuration.check: entity: ptolemy.actor.lib.aspect.ExecutionResponsePort {.configuration.actor library.MoreLibraries.Aspects.CompositeExecutionAspect.ExecutionResponsePort} 242355 ms. Memory: 2718720K Free: 228535K (8%)
#Configuration.check: entity: ptolemy.actor.gt.controller.InitModelWithContainer {.configuration.actor library.MoreLibraries.GraphTransformation.ModelUpdater._Controller.InitModelWithContainer} 242356 ms. Memory: 2718720K Free: 228535K (8%)
#Configuration.check: entity: ptolemy.actor.gt.controller.InitModel {.configuration.actor library.MoreLibraries.GraphTransformation.TransformationController._Controller.InitModel} 242356 ms. Memory: 2718720K Free: 228535K (8%)
#Configuration.check: entity: ptolemy.actor.gt.controller.InputModel {.configuration.actor library.MoreLibraries.GraphTransformation.TransformationController._Controller.InputModel} 242356 ms. Memory: 2718720K Free: 228535K (8%)
#Configuration.check: entity: ptolemy.actor.gt.controller.OutputModel {.configuration.actor library.MoreLibraries.GraphTransformation.TransformationController._Controller.OutputModel} 242356 ms. Memory: 2718720K Free: 228535K (8%)
#Configuration.check: entity: ptolemy.actor.lib.Expression {.configuration.actor library.MoreLibraries.MachineLearning.ParticleFilter.CollaborativeRangeParticleFilter.x_update} 242356 ms. Memory: 2718720K Free: 228535K (8%)
#Configuration.check: entity: ptolemy.actor.lib.Expression {.configuration.actor library.MoreLibraries.MachineLearning.ParticleFilter.CollaborativeRangeParticleFilter.y_update} 242551 ms. Memory: 2718720K Free: 290804K (11%)
#Configuration.check: entity: ptolemy.actor.lib.Expression {.configuration.actor library.MoreLibraries.MachineLearning.ParticleFilter.CollaborativeRangeParticleFilter.range0_m_equation} 242552 ms. Memory: 2718720K Free: 290804K (11%)
#Configuration.check: entity: ptolemy.actor.lib.Expression {.configuration.actor library.MoreLibraries.MachineLearning.ParticleFilter.CollaborativeRangeParticleFilter.range0_m_covariance} 242554 ms. Memory: 2718720K Free: 290309K (11%)
#Configuration.check: entity: ptolemy.actor.lib.SetVariable {.configuration.actor library.MoreLibraries.MachineLearning.ParticleFilter.CollaborativeRangeParticleFilter.setrange0_m} 242554 ms. Memory: 2718720K Free: 290309K (11%)
#Configuration.check: entity: ptolemy.actor.lib.Expression {.configuration.actor library.MoreLibraries.MachineLearning.ParticleFilter.CollaborativeRangeParticleFilter.range1_m_equation} 242555 ms. Memory: 2718720K Free: 290309K (11%)
#Configuration.check: entity: ptolemy.actor.lib.Expression {.configuration.actor library.MoreLibraries.MachineLearning.ParticleFilter.CollaborativeRangeParticleFilter.range1_m_covariance} 242556 ms. Memory: 2718720K Free: 289795K (11%)
#Configuration.check: entity: ptolemy.actor.lib.SetVariable {.configuration.actor library.MoreLibraries.MachineLearning.ParticleFilter.CollaborativeRangeParticleFilter.setrange1_m} 242556 ms. Memory: 2718720K Free: 289795K (11%)
#Configuration.check: entity: ptolemy.actor.lib.Expression {.configuration.actor library.MoreLibraries.MachineLearning.ParticleFilter.CollaborativeRangeParticleFilter.range2_m_equation} 242557 ms. Memory: 2718720K Free: 289795K (11%)
#Configuration.check: entity: ptolemy.actor.lib.Expression {.configuration.actor library.MoreLibraries.MachineLearning.ParticleFilter.CollaborativeRangeParticleFilter.range2_m_covariance} 242558 ms. Memory: 2718720K Free: 289285K (11%)
#Configuration.check: entity: ptolemy.actor.lib.SetVariable {.configuration.actor library.MoreLibraries.MachineLearning.ParticleFilter.CollaborativeRangeParticleFilter.setrange2_m} 242559 ms. Memory: 2718720K Free: 289285K (11%)
#Configuration.check: entity: ptolemy.actor.lib.Expression {.configuration.actor library.MoreLibraries.MachineLearning.ParticleFilter.CollaborativeRangeParticleFilter.range3_m_equation} 242559 ms. Memory: 2718720K Free: 289285K (11%)
#Configuration.check: entity: ptolemy.actor.lib.Expression {.configuration.actor library.MoreLibraries.MachineLearning.ParticleFilter.CollaborativeRangeParticleFilter.range3_m_covariance} 242561 ms. Memory: 2718720K Free: 288771K (11%)
#Configuration.check: entity: ptolemy.actor.lib.SetVariable {.configuration.actor library.MoreLibraries.MachineLearning.ParticleFilter.CollaborativeRangeParticleFilter.setrange3_m} 242561 ms. Memory: 2718720K Free: 288771K (11%)
#Configuration.check: entity: ptolemy.actor.lib.AddSubtract {.configuration.actor library.MoreLibraries.Optimization.TrajectoryOptimizer.OptimizerComposite.AddSubtract} 242562 ms. Memory: 2718720K Free: 288771K (11%)
#Configuration.check: entity: ptolemy.actor.lib.Expression {.configuration.actor library.MoreLibraries.Optimization.TrajectoryOptimizer.OptimizerComposite.Constraints} 242562 ms. Memory: 2718720K Free: 288771K (11%)
#Configuration.check: entity: ptolemy.actor.lib.Expression {.configuration.actor library.MoreLibraries.Optimization.TrajectoryOptimizer.OptimizerComposite.CostFunction} 242563 ms. Memory: 2718720K Free: 288261K (11%)
#---- Second call to Configuration.check
HLA version is 1.3.
HLA version is 1.3.
HLA version is 1.3.
HLA version is 1.3.
HLA version is 1.3.
HLA version is 1.3.
Configuration.check: entity: ptolemy.actor.lib.Assert {.configuration.actor library.Utilities.Analysis.Assert} 0 ms. Memory: 2930688K Free: 246272K (8%)
#Configuration.check: entity: ptolemy.actor.lib.jjs.JavaScript {.configuration.actor library.Utilities.JavaScript.JavaScript} 5 ms. Memory: 2930688K Free: 245758K (8%)
#Configuration.check: entity: ptolemy.vergil.basic.export.html.jsoup.HTMLPageAssembler {.configuration.actor library.Utilities.WebExport.HTMLPageAssembler} 8 ms. Memory: 2930688K Free: 245248K (8%)
#Configuration.check: entity: ptolemy.actor.lib.Const {.configuration.actor library.Actors.Sources.GenericSources.Const} 9 ms. Memory: 2930688K Free: 244734K (8%)
#Configuration.check: entity: ptolemy.actor.lib.StringConst {.configuration.actor library.Actors.Sources.GenericSources.StringConst} 16 ms. Memory: 2930688K Free: 244224K (8%)
#Configuration.check: entity: ptolemy.actor.lib.Subscriber {.configuration.actor library.Actors.Sources.GenericSources.Subscriber} 16 ms. Memory: 2930688K Free: 244224K (8%)
#Configuration.check: entity: ptolemy.actor.lib.SubscriptionAggregator {.configuration.actor library.Actors.Sources.GenericSources.SubscriptionAggregator} 17 ms. Memory: 2930688K Free: 243710K (8%)
#Configuration.check: entity: ptolemy.actor.lib.CurrentDate {.configuration.actor library.Actors.Sources.TimedSources.CurrentDate} 18 ms. Memory: 2930688K Free: 243200K (8%)
#Configuration.check: entity: ptolemy.actor.lib.CurrentTime {.configuration.actor library.Actors.Sources.TimedSources.CurrentTime} 20 ms. Memory: 2930688K Free: 242176K (8%)
#Configuration.check: entity: ptolemy.actor.lib.CurrentMicrostep {.configuration.actor library.Actors.Sources.TimedSources.CurrentMicrostep} 20 ms. Memory: 2930688K Free: 242176K (8%)
#Configuration.check: entity: ptolemy.actor.lib.DiscreteClock {.configuration.actor library.Actors.Sources.TimedSources.DiscreteClock} 21 ms. Memory: 2930688K Free: 241647K (8%)
#Configuration.check: entity: ptolemy.actor.lib.PoissonClock {.configuration.actor library.Actors.Sources.TimedSources.PoissonClock} 22 ms. Memory: 2930688K Free: 241647K (8%)
#Configuration.check: entity: ptolemy.actor.lib.gui.InteractiveDialog {.configuration.actor library.Actors.Sources.SequenceSources.InteractiveDialog} 24 ms. Memory: 2930688K Free: 241152K (8%)
#Configuration.check: entity: ptolemy.actor.lib.gui.InteractiveShell {.configuration.actor library.Actors.Sources.SequenceSources.InteractiveShell} 24 ms. Memory: 2930688K Free: 240638K (8%)
#Configuration.check: entity: ptolemy.actor.lib.Interpolator {.configuration.actor library.Actors.Sources.SequenceSources.Interpolator} 25 ms. Memory: 2930688K Free: 240638K (8%)
#Configuration.check: entity: ptolemy.actor.lib.Pulse {.configuration.actor library.Actors.Sources.SequenceSources.Pulse} 26 ms. Memory: 2930688K Free: 240128K (8%)
#Configuration.check: entity: ptolemy.actor.lib.Ramp {.configuration.actor library.Actors.Sources.SequenceSources.Ramp} 27 ms. Memory: 2930688K Free: 239614K (8%)
#Configuration.check: entity: ptolemy.actor.lib.Sequence {.configuration.actor library.Actors.Sources.SequenceSources.Sequence} 37 ms. Memory: 2930688K Free: 239104K (8%)
#Configuration.check: entity: ptolemy.actor.lib.gui.SketchedSource {.configuration.actor library.Actors.Sources.SequenceSources.SketchedSource} 38 ms. Memory: 2930688K Free: 239104K (8%)
#Configuration.check: entity: ptolemy.actor.lib.gui.ArrayPlotterXY {.configuration.actor library.Actors.Sinks.GenericSinks.ArrayPlotterXY} 39 ms. Memory: 2930688K Free: 238575K (8%)
#Configuration.check: entity: ptolemy.actor.lib.Discard {.configuration.actor library.Actors.Sinks.GenericSinks.Discard} 39 ms. Memory: 2930688K Free: 238575K (8%)
#Configuration.check: entity: ptolemy.actor.lib.gui.Display {.configuration.actor library.Actors.Sinks.GenericSinks.Display} 40 ms. Memory: 2930688K Free: 238080K (8%)
#Configuration.check: entity: ptolemy.actor.lib.gui.MonitorValue {.configuration.actor library.Actors.Sinks.GenericSinks.MonitorValue} 40 ms. Memory: 2930688K Free: 238080K (8%)
#Configuration.check: entity: ptolemy.actor.lib.Publisher {.configuration.actor library.Actors.Sinks.GenericSinks.Publisher} 45 ms. Memory: 2930688K Free: 238021K (8%)
#Configuration.check: entity: ptolemy.actor.lib.Recorder {.configuration.actor library.Actors.Sinks.GenericSinks.Recorder} 46 ms. Memory: 2930688K Free: 237509K (8%)
#Configuration.check: entity: ptolemy.actor.lib.SetVariable {.configuration.actor library.Actors.Sinks.GenericSinks.SetVariable} 46 ms. Memory: 2930688K Free: 237509K (8%)
#Configuration.check: entity: ptolemy.actor.lib.gui.XYPlotter {.configuration.actor library.Actors.Sinks.GenericSinks.XYPlotter} 47 ms. Memory: 2930688K Free: 237056K (8%)
#Configuration.check: entity: ptolemy.actor.lib.gui.XYScope {.configuration.actor library.Actors.Sinks.GenericSinks.XYScope} 47 ms. Memory: 2930688K Free: 237056K (8%)
#Configuration.check: entity: ptolemy.actor.lib.gui.TimedDisplay {.configuration.actor library.Actors.Sinks.TimedSinks.TimedDisplay} 47 ms. Memory: 2930688K Free: 237056K (8%)
#Configuration.check: entity: ptolemy.actor.lib.gui.TimedMonitorValue {.configuration.actor library.Actors.Sinks.TimedSinks.TimedMonitorValue} 47 ms. Memory: 2930688K Free: 237056K (8%)
#Configuration.check: entity: ptolemy.actor.lib.gui.TimedPlotter {.configuration.actor library.Actors.Sinks.TimedSinks.TimedPlotter} 48 ms. Memory: 2930688K Free: 236489K (8%)
#Configuration.check: entity: ptolemy.actor.lib.gui.TimedScope {.configuration.actor library.Actors.Sinks.TimedSinks.TimedScope} 48 ms. Memory: 2930688K Free: 236489K (8%)
#Configuration.check: entity: ptolemy.actor.lib.gui.ArrayPlotter {.configuration.actor library.Actors.Sinks.SequenceSinks.ArrayPlotter} 49 ms. Memory: 2930688K Free: 236489K (8%)
#Configuration.check: entity: ptolemy.actor.lib.gui.BarGraph {.configuration.actor library.Actors.Sinks.SequenceSinks.BarGraph} 49 ms. Memory: 2930688K Free: 236489K (8%)
#Configuration.check: entity: ptolemy.actor.lib.gui.HistogramPlotter {.configuration.actor library.Actors.Sinks.SequenceSinks.HistogramPlotter} 49 ms. Memory: 2930688K Free: 236032K (8%)
#Configuration.check: entity: ptolemy.actor.lib.gui.SequencePlotter {.configuration.actor library.Actors.Sinks.SequenceSinks.SequencePlotter} 50 ms. Memory: 2930688K Free: 236032K (8%)
#Configuration.check: entity: ptolemy.actor.lib.gui.SequenceScope {.configuration.actor library.Actors.Sinks.SequenceSinks.SequenceScope} 50 ms. Memory: 2930688K Free: 236032K (8%)
#Configuration.check: entity: ptolemy.actor.lib.ArrayAccumulate {.configuration.actor library.Actors.Array.ArrayAccumulate} 50 ms. Memory: 2930688K Free: 236032K (8%)
#Configuration.check: entity: ptolemy.actor.lib.ArrayAppend {.configuration.actor library.Actors.Array.ArrayAppend} 58 ms. Memory: 2930688K Free: 235518K (8%)
#Configuration.check: entity: ptolemy.actor.lib.ArrayAverage {.configuration.actor library.Actors.Array.ArrayAverage} 59 ms. Memory: 2930688K Free: 235518K (8%)
#Configuration.check: entity: ptolemy.actor.lib.ArrayContains {.configuration.actor library.Actors.Array.ArrayContains} 60 ms. Memory: 2930688K Free: 235008K (8%)
#Configuration.check: entity: ptolemy.actor.lib.ArrayElement {.configuration.actor library.Actors.Array.ArrayElement} 61 ms. Memory: 2930688K Free: 234494K (8%)
#Configuration.check: entity: ptolemy.actor.lib.ArrayElementAsMatrix {.configuration.actor library.Actors.Array.ArrayElementAsMatrix} 62 ms. Memory: 2930688K Free: 234494K (8%)
#Configuration.check: entity: ptolemy.actor.lib.ArrayExtract {.configuration.actor library.Actors.Array.ArrayExtract} 63 ms. Memory: 2930688K Free: 233984K (8%)
#Configuration.check: entity: ptolemy.actor.lib.ArrayLength {.configuration.actor library.Actors.Array.ArrayLength} 65 ms. Memory: 2930688K Free: 232960K (8%)
#Configuration.check: entity: ptolemy.actor.lib.ArrayLevelCrossing {.configuration.actor library.Actors.Array.ArrayLevelCrossing} 66 ms. Memory: 2930688K Free: 232960K (8%)
#Configuration.check: entity: ptolemy.actor.lib.ArrayMaximum {.configuration.actor library.Actors.Array.ArrayMaximum} 69 ms. Memory: 2930688K Free: 231936K (8%)
#Configuration.check: entity: ptolemy.actor.lib.ArrayMinimum {.configuration.actor library.Actors.Array.ArrayMinimum} 71 ms. Memory: 2930688K Free: 231936K (8%)
#Configuration.check: entity: ptolemy.actor.lib.ArrayPeakSearch {.configuration.actor library.Actors.Array.ArrayPeakSearch} 73 ms. Memory: 2930688K Free: 231391K (8%)
#Configuration.check: entity: ptolemy.actor.lib.ArrayRemoveElement {.configuration.actor library.Actors.Array.ArrayRemoveElement} 76 ms. Memory: 2930688K Free: 230912K (8%)
#Configuration.check: entity: ptolemy.actor.lib.ArraySort {.configuration.actor library.Actors.Array.ArraySort} 78 ms. Memory: 2930688K Free: 230398K (8%)
#Configuration.check: entity: ptolemy.actor.lib.ArraySum {.configuration.actor library.Actors.Array.ArraySum} 79 ms. Memory: 2930688K Free: 230398K (8%)
#Configuration.check: entity: ptolemy.actor.lib.ArrayToElements {.configuration.actor library.Actors.Array.ArrayToElements} 82 ms. Memory: 2930688K Free: 229888K (8%)
#Configuration.check: entity: ptolemy.domains.sdf.lib.ArrayToSequence {.configuration.actor library.Actors.Array.ArrayToSequence} 82 ms. Memory: 2930688K Free: 229888K (8%)
#Configuration.check: entity: ptolemy.actor.lib.ArrayUpdate {.configuration.actor library.Actors.Array.ArrayUpdate} 84 ms. Memory: 2930688K Free: 228864K (8%)
#Configuration.check: entity: ptolemy.actor.lib.ElementsToArray {.configuration.actor library.Actors.Array.ElementsToArray} 94 ms. Memory: 2930688K Free: 228864K (8%)
#Configuration.check: entity: ptolemy.domains.sdf.lib.SequenceToArray {.configuration.actor library.Actors.Array.SequenceToArray} 94 ms. Memory: 2930688K Free: 228350K (8%)
#Configuration.check: entity: ptolemy.actor.lib.conversions.AnythingToDouble {.configuration.actor library.Actors.Conversions.AnythingToDouble} 96 ms. Memory: 2930688K Free: 227840K (8%)
#Configuration.check: entity: ptolemy.actor.lib.conversions.BooleanToAnything {.configuration.actor library.Actors.Conversions.BooleanToAnything} 96 ms. Memory: 2930688K Free: 227840K (8%)
#Configuration.check: entity: ptolemy.domains.sdf.lib.BitsToInt {.configuration.actor library.Actors.Conversions.BitsToInt} 96 ms. Memory: 2930688K Free: 227840K (8%)
#Configuration.check: entity: ptolemy.actor.lib.conversions.CartesianToComplex {.configuration.actor library.Actors.Conversions.CartesianToComplex} 96 ms. Memory: 2930688K Free: 227326K (8%)
#Configuration.check: entity: ptolemy.actor.lib.conversions.CartesianToPolar {.configuration.actor library.Actors.Conversions.CartesianToPolar} 96 ms. Memory: 2930688K Free: 227326K (8%)
#Configuration.check: entity: ptolemy.actor.lib.conversions.ComplexToCartesian {.configuration.actor library.Actors.Conversions.ComplexToCartesian} 97 ms. Memory: 2930688K Free: 227326K (8%)
#Configuration.check: entity: ptolemy.actor.lib.conversions.ComplexToPolar {.configuration.actor library.Actors.Conversions.ComplexToPolar} 97 ms. Memory: 2930688K Free: 227326K (8%)
#Configuration.check: entity: ptolemy.actor.lib.conversions.DateToString {.configuration.actor library.Actors.Conversions.DateToString} 97 ms. Memory: 2930688K Free: 227326K (8%)
#Configuration.check: entity: ptolemy.actor.lib.conversions.DoubleToFix {.configuration.actor library.Actors.Conversions.DoubleToFix} 97 ms. Memory: 2930688K Free: 227326K (8%)
#Configuration.check: entity: ptolemy.actor.lib.conversions.ExpressionToToken {.configuration.actor library.Actors.Conversions.ExpressionToToken} 97 ms. Memory: 2930688K Free: 227326K (8%)
#Configuration.check: entity: ptolemy.actor.lib.conversions.FixToDouble {.configuration.actor library.Actors.Conversions.FixToDouble} 99 ms. Memory: 2930688K Free: 227326K (8%)
#Configuration.check: entity: ptolemy.actor.lib.conversions.FixToFix {.configuration.actor library.Actors.Conversions.FixToFix} 99 ms. Memory: 2930688K Free: 227326K (8%)
#Configuration.check: entity: ptolemy.actor.lib.conversions.ImageToString {.configuration.actor library.Actors.Conversions.ImageToString} 99 ms. Memory: 2930688K Free: 227326K (8%)
#Configuration.check: entity: ptolemy.actor.lib.conversions.IntArrayToString {.configuration.actor library.Actors.Conversions.IntArrayToString} 99 ms. Memory: 2930688K Free: 226816K (8%)
#Configuration.check: entity: ptolemy.domains.sdf.lib.IntToBits {.configuration.actor library.Actors.Conversions.IntToBits} 99 ms. Memory: 2930688K Free: 226816K (8%)
#Configuration.check: entity: ptolemy.actor.lib.conversions.InUnitsOf {.configuration.actor library.Actors.Conversions.InUnitsOf} 100 ms. Memory: 2930688K Free: 226816K (8%)
#Configuration.check: entity: ptolemy.actor.lib.conversions.json.JSONToToken {.configuration.actor library.Actors.Conversions.JSON.JSONToToken} 100 ms. Memory: 2930688K Free: 226816K (8%)
#Configuration.check: entity: ptolemy.actor.lib.conversions.json.TokenToJSON {.configuration.actor library.Actors.Conversions.JSON.TokenToJSON} 100 ms. Memory: 2930688K Free: 226816K (8%)
#Configuration.check: entity: ptolemy.actor.lib.conversions.LongToDouble {.configuration.actor library.Actors.Conversions.LongToDouble} 100 ms. Memory: 2930688K Free: 226816K (8%)
#Configuration.check: entity: ptolemy.actor.lib.conversions.PolarToCartesian {.configuration.actor library.Actors.Conversions.PolarToCartesian} 100 ms. Memory: 2930688K Free: 226302K (8%)
#Configuration.check: entity: ptolemy.actor.lib.conversions.PolarToComplex {.configuration.actor library.Actors.Conversions.PolarToComplex} 100 ms. Memory: 2930688K Free: 226302K (8%)
#Configuration.check: entity: ptolemy.actor.lib.conversions.Round {.configuration.actor library.Actors.Conversions.Round} 100 ms. Memory: 2930688K Free: 226302K (8%)
#Configuration.check: entity: ptolemy.actor.lib.conversions.SmoothToDouble {.configuration.actor library.Actors.Conversions.SmoothToDouble} 100 ms. Memory: 2930688K Free: 226302K (8%)
#Configuration.check: entity: ptolemy.actor.lib.conversions.StringToBoolean {.configuration.actor library.Actors.Conversions.StringToBoolean} 100 ms. Memory: 2930688K Free: 226302K (8%)
#Configuration.check: entity: ptolemy.actor.lib.conversions.StringToDouble {.configuration.actor library.Actors.Conversions.StringToDouble} 101 ms. Memory: 2930688K Free: 226302K (8%)
#Configuration.check: entity: ptolemy.actor.lib.conversions.StringToInt {.configuration.actor library.Actors.Conversions.StringToInt} 101 ms. Memory: 2930688K Free: 226302K (8%)
#Configuration.check: entity: ptolemy.actor.lib.conversions.StringToIntArray {.configuration.actor library.Actors.Conversions.StringToIntArray} 101 ms. Memory: 2930688K Free: 226302K (8%)
#Configuration.check: entity: ptolemy.actor.lib.conversions.StringToUnsignedByteArray {.configuration.actor library.Actors.Conversions.StringToUnsignedByteArray} 101 ms. Memory: 2930688K Free: 226302K (8%)
#Configuration.check: entity: ptolemy.actor.lib.conversions.StringToXML {.configuration.actor library.Actors.Conversions.StringToXML} 101 ms. Memory: 2930688K Free: 226302K (8%)
#Configuration.check: entity: ptolemy.actor.lib.conversions.TokenToExpression {.configuration.actor library.Actors.Conversions.TokenToExpression} 101 ms. Memory: 2930688K Free: 226302K (8%)
#Configuration.check: entity: ptolemy.actor.lib.conversions.UnsignedByteArrayToString {.configuration.actor library.Actors.Conversions.UnsignedByteArrayToString} 101 ms. Memory: 2930688K Free: 226302K (8%)
#Configuration.check: entity: ptolemy.actor.lib.BusAssembler {.configuration.actor library.Actors.FlowControl.Aggregators.BusAssembler} 101 ms. Memory: 2930688K Free: 226302K (8%)
#Configuration.check: entity: ptolemy.actor.lib.BusDisassembler {.configuration.actor library.Actors.FlowControl.Aggregators.BusDisassembler} 101 ms. Memory: 2930688K Free: 226302K (8%)
#Configuration.check: entity: ptolemy.actor.lib.Commutator {.configuration.actor library.Actors.FlowControl.Aggregators.Commutator} 101 ms. Memory: 2930688K Free: 226302K (8%)
#Configuration.check: entity: ptolemy.actor.lib.Distributor {.configuration.actor library.Actors.FlowControl.Aggregators.Distributor} 104 ms. Memory: 2930688K Free: 225792K (8%)
#Configuration.check: entity: ptolemy.actor.lib.Multiplexor {.configuration.actor library.Actors.FlowControl.Aggregators.Multiplexor} 106 ms. Memory: 2930688K Free: 225278K (8%)
#Configuration.check: entity: ptolemy.actor.lib.OrderedRecordAssembler {.configuration.actor library.Actors.FlowControl.Aggregators.OrderedRecordAssembler} 108 ms. Memory: 2930688K Free: 224768K (8%)
#Configuration.check: entity: ptolemy.actor.lib.RecordAssembler {.configuration.actor library.Actors.FlowControl.Aggregators.RecordAssembler} 109 ms. Memory: 2930688K Free: 224768K (8%)
#Configuration.check: entity: ptolemy.actor.lib.RecordDisassembler {.configuration.actor library.Actors.FlowControl.Aggregators.RecordDisassembler} 117 ms. Memory: 2930688K Free: 224768K (8%)
#Configuration.check: entity: ptolemy.actor.lib.RecordUpdater {.configuration.actor library.Actors.FlowControl.Aggregators.RecordUpdater} 117 ms. Memory: 2930688K Free: 224768K (8%)
#Configuration.check: entity: ptolemy.actor.lib.Sampler {.configuration.actor library.Actors.FlowControl.Aggregators.Sampler} 117 ms. Memory: 2930688K Free: 224768K (8%)
#Configuration.check: entity: ptolemy.actor.lib.Select {.configuration.actor library.Actors.FlowControl.Aggregators.Select} 118 ms. Memory: 2930688K Free: 224768K (8%)
#Configuration.check: entity: ptolemy.actor.lib.SingleTokenCommutator {.configuration.actor library.Actors.FlowControl.Aggregators.SingleTokenCommutator} 119 ms. Memory: 2930688K Free: 224254K (8%)
#Configuration.check: entity: ptolemy.actor.lib.Switch {.configuration.actor library.Actors.FlowControl.Aggregators.Switch} 119 ms. Memory: 2930688K Free: 224254K (8%)
#Configuration.check: entity: ptolemy.actor.lib.Synchronizer {.configuration.actor library.Actors.FlowControl.Aggregators.Synchronizer} 121 ms. Memory: 2930688K Free: 223230K (8%)
#Configuration.check: entity: ptolemy.actor.lib.UnionDisassembler {.configuration.actor library.Actors.FlowControl.Aggregators.UnionDisassembler} 121 ms. Memory: 2930688K Free: 223230K (8%)
#Configuration.check: entity: ptolemy.actor.lib.UnionMerge {.configuration.actor library.Actors.FlowControl.Aggregators.UnionMerge} 121 ms. Memory: 2930688K Free: 223230K (8%)
#Configuration.check: entity: ptolemy.actor.lib.VectorAssembler {.configuration.actor library.Actors.FlowControl.Aggregators.VectorAssembler} 122 ms. Memory: 2930688K Free: 223230K (8%)
#Configuration.check: entity: ptolemy.actor.lib.VectorDisassembler {.configuration.actor library.Actors.FlowControl.Aggregators.VectorDisassembler} 122 ms. Memory: 2930688K Free: 223230K (8%)
#Configuration.check: entity: ptolemy.actor.lib.BooleanMultiplexor {.configuration.actor library.Actors.FlowControl.BooleanFlowControl.BooleanMultiplexor} 122 ms. Memory: 2930688K Free: 223230K (8%)
#Configuration.check: entity: ptolemy.actor.lib.BooleanSelect {.configuration.actor library.Actors.FlowControl.BooleanFlowControl.BooleanSelect} 123 ms. Memory: 2930688K Free: 222720K (8%)
#Configuration.check: entity: ptolemy.actor.lib.BooleanSwitch {.configuration.actor library.Actors.FlowControl.BooleanFlowControl.BooleanSwitch} 124 ms. Memory: 2930688K Free: 222206K (8%)
#Configuration.check: entity: ptolemy.actor.lib.ConfigurationSelect {.configuration.actor library.Actors.FlowControl.BooleanFlowControl.ConfigurationSelect} 125 ms. Memory: 2930688K Free: 221696K (8%)
#Configuration.check: entity: ptolemy.actor.lib.ConfigurationSwitch {.configuration.actor library.Actors.FlowControl.BooleanFlowControl.ConfigurationSwitch} 126 ms. Memory: 2930688K Free: 221182K (8%)
#Configuration.check: entity: ptolemy.domains.sdf.lib.CountTrues {.configuration.actor library.Actors.FlowControl.BooleanFlowControl.CountTrues} 128 ms. Memory: 2930688K Free: 221182K (8%)
#Configuration.check: entity: ptolemy.domains.sdf.lib.Chop {.configuration.actor library.Actors.FlowControl.SequenceControl.Chop} 129 ms. Memory: 2930688K Free: 220672K (8%)
#Configuration.check: entity: ptolemy.actor.lib.Default {.configuration.actor library.Actors.FlowControl.SequenceControl.Default} 130 ms. Memory: 2930688K Free: 220158K (8%)
#Configuration.check: entity: ptolemy.domains.sdf.lib.Repeat {.configuration.actor library.Actors.FlowControl.SequenceControl.Repeat} 131 ms. Memory: 2930688K Free: 219648K (7%)
#Configuration.check: entity: ptolemy.domains.sdf.lib.SampleDelay {.configuration.actor library.Actors.FlowControl.SequenceControl.SampleDelay} 135 ms. Memory: 2930688K Free: 218624K (7%)
#Configuration.check: entity: ptolemy.actor.lib.Sequencer {.configuration.actor library.Actors.FlowControl.SequenceControl.Sequencer} 135 ms. Memory: 2930688K Free: 218079K (7%)
#Configuration.check: entity: ptolemy.actor.lib.Exit {.configuration.actor library.Actors.FlowControl.ExecutionControl.Exit} 136 ms. Memory: 2930688K Free: 218079K (7%)
#Configuration.check: entity: ptolemy.actor.lib.Stop {.configuration.actor library.Actors.FlowControl.ExecutionControl.Stop} 136 ms. Memory: 2930688K Free: 218079K (7%)
#Configuration.check: entity: ptolemy.actor.lib.Pause {.configuration.actor library.Actors.FlowControl.ExecutionControl.Pause} 136 ms. Memory: 2930688K Free: 218079K (7%)
#Configuration.check: entity: ptolemy.actor.lib.ThrowException {.configuration.actor library.Actors.FlowControl.ExecutionControl.ThrowException} 136 ms. Memory: 2930688K Free: 217600K (7%)
#Configuration.check: entity: ptolemy.actor.lib.ThrowModelError {.configuration.actor library.Actors.FlowControl.ExecutionControl.ThrowModelError} 137 ms. Memory: 2930688K Free: 217600K (7%)
#Configuration.check: entity: ptolemy.actor.lib.Dictionary {.configuration.actor library.Actors.DataStores.Dictionary} 137 ms. Memory: 2930688K Free: 217600K (7%)
#Configuration.check: entity: ptolemy.actor.lib.hoc.ApplyFunction {.configuration.actor library.Actors.HigherOrderActors.ApplyFunction} 140 ms. Memory: 2930688K Free: 216047K (7%)
#Configuration.check: entity: ptolemy.vergil.actor.lib.ModelDisplay {.configuration.actor library.Actors.HigherOrderActors.ModelDisplay} 141 ms. Memory: 2930688K Free: 216047K (7%)
#Configuration.check: entity: ptolemy.actor.lib.hoc.ModelReference {.configuration.actor library.Actors.HigherOrderActors.ModelReference} 142 ms. Memory: 2930688K Free: 216047K (7%)
#Configuration.check: entity: ptolemy.vergil.actor.lib.VisualModelReference {.configuration.actor library.Actors.HigherOrderActors.VisualModelReference} 144 ms. Memory: 2930688K Free: 215038K (7%)
#Configuration.check: entity: ptolemy.actor.lib.gui.ArrowKeySensor {.configuration.actor library.Actors.IO.ArrowKeySensor} 177 ms. Memory: 2930688K Free: 341502K (12%)
#Configuration.check: entity: ptolemy.actor.lib.io.CSVReader {.configuration.actor library.Actors.IO.CSVReader} 178 ms. Memory: 2930688K Free: 340992K (12%)
#Configuration.check: entity: ptolemy.actor.lib.io.CSVWriter {.configuration.actor library.Actors.IO.CSVWriter} 179 ms. Memory: 2930688K Free: 340992K (12%)
#Configuration.check: entity: ptolemy.actor.lib.net.DatagramReader {.configuration.actor library.Actors.IO.DatagramReader} 179 ms. Memory: 2930688K Free: 340478K (12%)
#Configuration.check: entity: ptolemy.actor.lib.net.DatagramWriter {.configuration.actor library.Actors.IO.DatagramWriter} 180 ms. Memory: 2930688K Free: 340478K (12%)
#Configuration.check: entity: ptolemy.actor.lib.io.DirectoryListing {.configuration.actor library.Actors.IO.DirectoryListing} 181 ms. Memory: 2930688K Free: 339968K (12%)
#Configuration.check: entity: ptolemy.actor.lib.io.FileReader {.configuration.actor library.Actors.IO.FileReader} 182 ms. Memory: 2930688K Free: 339454K (12%)
#Configuration.check: entity: ptolemy.actor.lib.net.IPAddress {.configuration.actor library.Actors.IO.IPAddress} 182 ms. Memory: 2930688K Free: 339454K (12%)
#Configuration.check: entity: ptolemy.actor.lib.FileWriter {.configuration.actor library.Actors.IO.FileWriter} 183 ms. Memory: 2930688K Free: 338944K (12%)
#Configuration.check: entity: ptolemy.actor.lib.io.LineReader {.configuration.actor library.Actors.IO.LineReader} 183 ms. Memory: 2930688K Free: 338944K (12%)
#Configuration.check: entity: ptolemy.actor.lib.io.LineWriter {.configuration.actor library.Actors.IO.LineWriter} 183 ms. Memory: 2930688K Free: 338944K (12%)
#Configuration.check: entity: ptolemy.actor.lib.logic.Comparator {.configuration.actor library.Actors.Logic.Comparator} 184 ms. Memory: 2930688K Free: 338944K (12%)
#Configuration.check: entity: ptolemy.actor.lib.logic.Equals {.configuration.actor library.Actors.Logic.Equals} 184 ms. Memory: 2930688K Free: 338944K (12%)
#Configuration.check: entity: ptolemy.actor.lib.logic.IsPresent {.configuration.actor library.Actors.Logic.IsPresent} 184 ms. Memory: 2930688K Free: 338430K (12%)
#Configuration.check: entity: ptolemy.actor.lib.logic.LogicalNot {.configuration.actor library.Actors.Logic.LogicalNot} 184 ms. Memory: 2930688K Free: 338430K (12%)
#Configuration.check: entity: ptolemy.actor.lib.logic.LogicGate {.configuration.actor library.Actors.Logic.LogicGate} 185 ms. Memory: 2930688K Free: 338430K (12%)
#Configuration.check: entity: ptolemy.actor.lib.logic.TrueGate {.configuration.actor library.Actors.Logic.TrueGate} 187 ms. Memory: 2930688K Free: 337918K (12%)
#Configuration.check: entity: ptolemy.actor.lib.AbsoluteValue {.configuration.actor library.Actors.Math.AbsoluteValue} 187 ms. Memory: 2930688K Free: 337918K (12%)
#Configuration.check: entity: ptolemy.actor.lib.AddSubtract {.configuration.actor library.Actors.Math.AddSubtract} 187 ms. Memory: 2930688K Free: 337406K (12%)
#Configuration.check: entity: ptolemy.actor.lib.Accumulator {.configuration.actor library.Actors.Math.Accumulator} 187 ms. Memory: 2930688K Free: 337406K (12%)
#Configuration.check: entity: ptolemy.actor.lib.Average {.configuration.actor library.Actors.Math.Average} 188 ms. Memory: 2930688K Free: 337406K (12%)
#Configuration.check: entity: ptolemy.actor.lib.Counter {.configuration.actor library.Actors.Math.Counter} 189 ms. Memory: 2930688K Free: 336896K (11%)
#Configuration.check: entity: ptolemy.actor.lib.Differential {.configuration.actor library.Actors.Math.Differential} 190 ms. Memory: 2930688K Free: 336382K (11%)
#Configuration.check: entity: ptolemy.domains.sdf.lib.DotProduct {.configuration.actor library.Actors.Math.DotProduct} 191 ms. Memory: 2930688K Free: 335872K (11%)
#Configuration.check: entity: ptolemy.actor.lib.Expression {.configuration.actor library.Actors.Math.Expression} 193 ms. Memory: 2930688K Free: 335358K (11%)
#Configuration.check: entity: ptolemy.actor.lib.Limiter {.configuration.actor library.Actors.Math.Limiter} 194 ms. Memory: 2930688K Free: 334848K (11%)
#Configuration.check: entity: ptolemy.actor.lib.LookupTable {.configuration.actor library.Actors.Math.LookupTable} 195 ms. Memory: 2930688K Free: 334334K (11%)
#Configuration.check: entity: ptolemy.actor.lib.Maximum {.configuration.actor library.Actors.Math.Maximum} 196 ms. Memory: 2930688K Free: 333824K (11%)
#Configuration.check: entity: ptolemy.actor.lib.Minimum {.configuration.actor library.Actors.Math.Minimum} 197 ms. Memory: 2930688K Free: 333824K (11%)
#Configuration.check: entity: ptolemy.actor.lib.MovingAverage {.configuration.actor library.Actors.Math.MovingAverage} 197 ms. Memory: 2930688K Free: 333310K (11%)
#Configuration.check: entity: ptolemy.actor.lib.MultiplyDivide {.configuration.actor library.Actors.Math.MultiplyDivide} 199 ms. Memory: 2930688K Free: 332800K (11%)
#Configuration.check: entity: ptolemy.actor.lib.Quantizer {.configuration.actor library.Actors.Math.Quantizer} 199 ms. Memory: 2930688K Free: 332800K (11%)
#Configuration.check: entity: ptolemy.actor.lib.Remainder {.configuration.actor library.Actors.Math.Remainder} 201 ms. Memory: 2930688K Free: 332286K (11%)
#Configuration.check: entity: ptolemy.actor.lib.RunningMaximum {.configuration.actor library.Actors.Math.RunningMaximum} 202 ms. Memory: 2930688K Free: 331776K (11%)
#Configuration.check: entity: ptolemy.actor.lib.RunningMinimum {.configuration.actor library.Actors.Math.RunningMinimum} 203 ms. Memory: 2930688K Free: 331776K (11%)
#Configuration.check: entity: ptolemy.actor.lib.Scale {.configuration.actor library.Actors.Math.Scale} 204 ms. Memory: 2930688K Free: 331262K (11%)
#Configuration.check: entity: ptolemy.actor.lib.TrigFunction {.configuration.actor library.Actors.Math.TrigFunction} 204 ms. Memory: 2930688K Free: 331262K (11%)
#Configuration.check: entity: ptolemy.actor.lib.UnaryMathFunction {.configuration.actor library.Actors.Math.UnaryMathFunction} 204 ms. Memory: 2930688K Free: 331262K (11%)
#Configuration.check: entity: ptolemy.actor.lib.ArrayToMatrix {.configuration.actor library.Actors.Matrix.ArrayToMatrix} 204 ms. Memory: 2930688K Free: 330752K (11%)
#Configuration.check: entity: ptolemy.domains.sdf.lib.MatrixJoin {.configuration.actor library.Actors.Matrix.MatrixJoin} 205 ms. Memory: 2930688K Free: 330752K (11%)
#Configuration.check: entity: ptolemy.domains.sdf.lib.MatrixSplit {.configuration.actor library.Actors.Matrix.MatrixSplit} 206 ms. Memory: 2930688K Free: 330238K (11%)
#Configuration.check: entity: ptolemy.actor.lib.MatrixToArray {.configuration.actor library.Actors.Matrix.MatrixToArray} 208 ms. Memory: 2930688K Free: 329199K (11%)
#Configuration.check: entity: ptolemy.domains.sdf.lib.MatrixToSequence {.configuration.actor library.Actors.Matrix.MatrixToSequence} 209 ms. Memory: 2930688K Free: 329199K (11%)
#Configuration.check: entity: ptolemy.actor.lib.gui.MatrixViewer {.configuration.actor library.Actors.Matrix.MatrixViewer} 209 ms. Memory: 2930688K Free: 328704K (11%)
#Configuration.check: entity: ptolemy.domains.sdf.lib.SequenceToMatrix {.configuration.actor library.Actors.Matrix.SequenceToMatrix} 210 ms. Memory: 2930688K Free: 328704K (11%)
#Configuration.check: entity: ptolemy.actor.lib.SubMatrix {.configuration.actor library.Actors.Matrix.SubMatrix} 210 ms. Memory: 2930688K Free: 328175K (11%)
#Configuration.check: entity: ptolemy.actor.lib.Bernoulli {.configuration.actor library.Actors.Random.Bernoulli} 211 ms. Memory: 2930688K Free: 328175K (11%)
#Configuration.check: entity: ptolemy.actor.lib.DiscreteRandomSource {.configuration.actor library.Actors.Random.DiscreteRandomSource} 218 ms. Memory: 2930688K Free: 327680K (11%)
#Configuration.check: entity: ptolemy.actor.lib.Gaussian {.configuration.actor library.Actors.Random.Gaussian} 225 ms. Memory: 2930688K Free: 327166K (11%)
#Configuration.check: entity: ptolemy.actor.lib.RandomInteger {.configuration.actor library.Actors.Random.RandomInteger} 227 ms. Memory: 2930688K Free: 326142K (11%)
#Configuration.check: entity: ptolemy.actor.lib.Rician {.configuration.actor library.Actors.Random.Rician} 228 ms. Memory: 2930688K Free: 326142K (11%)
#Configuration.check: entity: ptolemy.actor.lib.Triangular {.configuration.actor library.Actors.Random.Triangular} 228 ms. Memory: 2930688K Free: 325632K (11%)
#Configuration.check: entity: ptolemy.actor.lib.Uniform {.configuration.actor library.Actors.Random.Uniform} 233 ms. Memory: 2930688K Free: 325118K (11%)
#Configuration.check: entity: ptolemy.actor.lib.colt.ColtBeta {.configuration.actor library.Actors.Random.Colt.ColtBeta} 237 ms. Memory: 2930688K Free: 324094K (11%)
#Configuration.check: entity: ptolemy.actor.lib.colt.ColtBinomial {.configuration.actor library.Actors.Random.Colt.ColtBinomial} 238 ms. Memory: 2930688K Free: 323584K (11%)
#Configuration.check: entity: ptolemy.actor.lib.colt.ColtBinomialSelector {.configuration.actor library.Actors.Random.Colt.ColtBinomialSelector} 242 ms. Memory: 2930688K Free: 323070K (11%)
#Configuration.check: entity: ptolemy.actor.lib.colt.ColtBreitWigner {.configuration.actor library.Actors.Random.Colt.ColtBreitWigner} 243 ms. Memory: 2930688K Free: 323070K (11%)
#Configuration.check: entity: ptolemy.actor.lib.colt.ColtChiSquare {.configuration.actor library.Actors.Random.Colt.ColtChiSquare} 244 ms. Memory: 2930688K Free: 322560K (11%)
#Configuration.check: entity: ptolemy.actor.lib.colt.ColtExponential {.configuration.actor library.Actors.Random.Colt.ColtExponential} 245 ms. Memory: 2930688K Free: 322031K (11%)
#Configuration.check: entity: ptolemy.actor.lib.colt.ColtExponentialPower {.configuration.actor library.Actors.Random.Colt.ColtExponentialPower} 246 ms. Memory: 2930688K Free: 322031K (11%)
#Configuration.check: entity: ptolemy.actor.lib.colt.ColtGamma {.configuration.actor library.Actors.Random.Colt.ColtGamma} 247 ms. Memory: 2930688K Free: 321536K (11%)
#Configuration.check: entity: ptolemy.actor.lib.colt.ColtHyperGeometric {.configuration.actor library.Actors.Random.Colt.ColtHyperGeometric} 247 ms. Memory: 2930688K Free: 321007K (11%)
#Configuration.check: entity: ptolemy.actor.lib.colt.ColtLogarithmic {.configuration.actor library.Actors.Random.Colt.ColtLogarithmic} 249 ms. Memory: 2930688K Free: 321003K (11%)
#Configuration.check: entity: ptolemy.actor.lib.colt.ColtNegativeBinomial {.configuration.actor library.Actors.Random.Colt.ColtNegativeBinomial} 249 ms. Memory: 2930688K Free: 320512K (11%)
#Configuration.check: entity: ptolemy.actor.lib.colt.ColtNormal {.configuration.actor library.Actors.Random.Colt.ColtNormal} 250 ms. Memory: 2930688K Free: 319983K (11%)
#Configuration.check: entity: ptolemy.actor.lib.colt.ColtPoisson {.configuration.actor library.Actors.Random.Colt.ColtPoisson} 251 ms. Memory: 2930688K Free: 319488K (11%)
#Configuration.check: entity: ptolemy.actor.lib.colt.ColtPoissonSlow {.configuration.actor library.Actors.Random.Colt.ColtPoissonSlow} 252 ms. Memory: 2930688K Free: 319488K (11%)
#Configuration.check: entity: ptolemy.actor.lib.colt.ColtStudentT {.configuration.actor library.Actors.Random.Colt.ColtStudentT} 253 ms. Memory: 2930688K Free: 318974K (11%)
#Configuration.check: entity: ptolemy.actor.lib.colt.ColtVonMises {.configuration.actor library.Actors.Random.Colt.ColtVonMises} 254 ms. Memory: 2930688K Free: 318464K (11%)
#Configuration.check: entity: ptolemy.actor.lib.colt.ColtZeta {.configuration.actor library.Actors.Random.Colt.ColtZeta} 254 ms. Memory: 2930688K Free: 318464K (11%)
#Configuration.check: entity: ptolemy.actor.lib.DelayStart {.configuration.actor library.Actors.RealTime.DelayStart} 255 ms. Memory: 2930688K Free: 317950K (11%)
#Configuration.check: entity: ptolemy.actor.lib.ExecutionTime {.configuration.actor library.Actors.RealTime.ExecutionTime} 256 ms. Memory: 2930688K Free: 317950K (11%)
#Configuration.check: entity: ptolemy.actor.lib.gui.RealTimePlotter {.configuration.actor library.Actors.RealTime.RealTimePlotter} 256 ms. Memory: 2930688K Free: 317440K (11%)
#Configuration.check: entity: ptolemy.actor.lib.Sleep {.configuration.actor library.Actors.RealTime.Sleep} 256 ms. Memory: 2930688K Free: 317440K (11%)
#Configuration.check: entity: ptolemy.actor.lib.VariableSleep {.configuration.actor library.Actors.RealTime.VariableSleep} 257 ms. Memory: 2930688K Free: 317440K (11%)
#Configuration.check: entity: ptolemy.actor.lib.WallClockTime {.configuration.actor library.Actors.RealTime.WallClockTime} 257 ms. Memory: 2930688K Free: 317440K (11%)
#Configuration.check: entity: ptolemy.actor.lib.javasound.AudioCapture {.configuration.actor library.Actors.SignalProcessing.Audio.AudioCapture} 257 ms. Memory: 2930688K Free: 317440K (11%)
#Configuration.check: entity: ptolemy.actor.lib.javasound.AudioReader {.configuration.actor library.Actors.SignalProcessing.Audio.AudioReader} 258 ms. Memory: 2930688K Free: 316416K (11%)
#Configuration.check: entity: ptolemy.actor.lib.javasound.AudioPlayer {.configuration.actor library.Actors.SignalProcessing.Audio.AudioPlayer} 259 ms. Memory: 2930688K Free: 316416K (11%)
#Configuration.check: entity: ptolemy.actor.lib.javasound.AudioWriter {.configuration.actor library.Actors.SignalProcessing.Audio.AudioWriter} 260 ms. Memory: 2930688K Free: 315869K (11%)
#Configuration.check: entity: ptolemy.actor.lib.javasound.ClipPlayer {.configuration.actor library.Actors.SignalProcessing.Audio.ClipPlayer} 260 ms. Memory: 2930688K Free: 315869K (11%)
#Configuration.check: entity: ptolemy.actor.lib.comm.ConvolutionalCoder {.configuration.actor library.Actors.SignalProcessing.communications.ConvolutionalCoder} 261 ms. Memory: 2930688K Free: 315392K (11%)
#Configuration.check: entity: ptolemy.actor.lib.comm.DeScrambler {.configuration.actor library.Actors.SignalProcessing.communications.DeScrambler} 261 ms. Memory: 2930688K Free: 315392K (11%)
#Configuration.check: entity: ptolemy.actor.lib.comm.HadamardCode {.configuration.actor library.Actors.SignalProcessing.communications.HadamardCode} 261 ms. Memory: 2930688K Free: 315392K (11%)
#Configuration.check: entity: ptolemy.actor.lib.comm.HammingCoder {.configuration.actor library.Actors.SignalProcessing.communications.HammingCoder} 262 ms. Memory: 2930688K Free: 314878K (11%)
#Configuration.check: entity: ptolemy.actor.lib.comm.HammingDecoder {.configuration.actor library.Actors.SignalProcessing.communications.HammingDecoder} 262 ms. Memory: 2930688K Free: 314878K (11%)
#Configuration.check: entity: ptolemy.actor.lib.comm.HuffmanCoder {.configuration.actor library.Actors.SignalProcessing.communications.HuffmanCoder} 262 ms. Memory: 2930688K Free: 314878K (11%)
#Configuration.check: entity: ptolemy.actor.lib.comm.HuffmanDecoder {.configuration.actor library.Actors.SignalProcessing.communications.HuffmanDecoder} 263 ms. Memory: 2930688K Free: 314368K (11%)
#Configuration.check: entity: ptolemy.actor.lib.comm.LempelZivCoder {.configuration.actor library.Actors.SignalProcessing.communications.LempelZivCoder} 263 ms. Memory: 2930688K Free: 314368K (11%)
#Configuration.check: entity: ptolemy.actor.lib.comm.LempelZivDecoder {.configuration.actor library.Actors.SignalProcessing.communications.LempelZIvDecoder} 263 ms. Memory: 2930688K Free: 314368K (11%)
#Configuration.check: entity: ptolemy.domains.sdf.lib.LineCoder {.configuration.actor library.Actors.SignalProcessing.communications.LineCoder} 263 ms. Memory: 2930688K Free: 314368K (11%)
#Configuration.check: entity: ptolemy.domains.sdf.lib.LMSAdaptive {.configuration.actor library.Actors.SignalProcessing.communications.LMSAdaptive} 264 ms. Memory: 2930688K Free: 313823K (11%)
#Configuration.check: entity: ptolemy.domains.sdf.lib.RaisedCosine {.configuration.actor library.Actors.SignalProcessing.communications.RaisedCosine} 276 ms. Memory: 2930688K Free: 312320K (11%)
#Configuration.check: entity: ptolemy.actor.lib.comm.Scrambler {.configuration.actor library.Actors.SignalProcessing.communications.Scrambler} 277 ms. Memory: 2930688K Free: 311806K (11%)
#Configuration.check: entity: ptolemy.actor.lib.comm.Slicer {.configuration.actor library.Actors.SignalProcessing.communications.Slicer} 277 ms. Memory: 2930688K Free: 311806K (11%)
#Configuration.check: entity: ptolemy.actor.lib.comm.TrellisDecoder {.configuration.actor library.Actors.SignalProcessing.communications.TrellisDecoder} 277 ms. Memory: 2930688K Free: 311806K (11%)
#Configuration.check: entity: ptolemy.actor.lib.comm.ViterbiDecoder {.configuration.actor library.Actors.SignalProcessing.communications.ViterbiDecoder} 278 ms. Memory: 2930688K Free: 311296K (11%)
#Configuration.check: entity: ptolemy.domains.sdf.lib.DelayLine {.configuration.actor library.Actors.SignalProcessing.Filtering.DelayLine} 279 ms. Memory: 2930688K Free: 310767K (11%)
#Configuration.check: entity: ptolemy.domains.sdf.lib.DownSample {.configuration.actor library.Actors.SignalProcessing.Filtering.DownSample} 288 ms. Memory: 2930688K Free: 309751K (11%)
#Configuration.check: entity: ptolemy.domains.sdf.lib.FIR {.configuration.actor library.Actors.SignalProcessing.Filtering.FIR} 289 ms. Memory: 2930688K Free: 309248K (11%)
#Configuration.check: entity: ptolemy.actor.lib.GradientAdaptiveLattice {.configuration.actor library.Actors.SignalProcessing.Filtering.GradientAdaptiveLattice} 292 ms. Memory: 2930688K Free: 308224K (11%)
#Configuration.check: entity: ptolemy.actor.lib.IIR {.configuration.actor library.Actors.SignalProcessing.Filtering.IIR} 292 ms. Memory: 2930688K Free: 308224K (11%)
#Configuration.check: entity: ptolemy.actor.lib.Lattice {.configuration.actor library.Actors.SignalProcessing.Filtering.Lattice} 297 ms. Memory: 2930688K Free: 307200K (10%)
#Configuration.check: entity: ptolemy.actor.lib.LinearDifferenceEquationSystem {.configuration.actor library.Actors.SignalProcessing.Filtering.LinearDifferenceEquationSystem} 297 ms. Memory: 2930688K Free: 307200K (10%)
#Configuration.check: entity: ptolemy.domains.sdf.lib.LMSAdaptive {.configuration.actor library.Actors.SignalProcessing.Filtering.LMSAdaptive} 298 ms. Memory: 2930688K Free: 306686K (10%)
#Configuration.check: entity: ptolemy.actor.lib.RecursiveLattice {.configuration.actor library.Actors.SignalProcessing.Filtering.RecursiveLattice} 302 ms. Memory: 2930688K Free: 305152K (10%)
#Configuration.check: entity: ptolemy.domains.sdf.lib.UpSample {.configuration.actor library.Actors.SignalProcessing.Filtering.UpSample} 302 ms. Memory: 2930688K Free: 305152K (10%)
#Configuration.check: entity: ptolemy.domains.sdf.lib.VariableFIR {.configuration.actor library.Actors.SignalProcessing.Filtering.VariableFIR} 322 ms. Memory: 2930688K Free: 304638K (10%)
#Configuration.check: entity: ptolemy.domains.sdf.lib.VariableLattice {.configuration.actor library.Actors.SignalProcessing.Filtering.VariableLattice} 332 ms. Memory: 2930688K Free: 303104K (10%)
#Configuration.check: entity: ptolemy.domains.sdf.lib.VariableRecursiveLattice {.configuration.actor library.Actors.SignalProcessing.Filtering.VariableRecursiveLattice} 333 ms. Memory: 2930688K Free: 303104K (10%)
#Configuration.check: entity: ptolemy.actor.lib.DB {.configuration.actor library.Actors.SignalProcessing.Spectrum.DB} 333 ms. Memory: 2930688K Free: 302590K (10%)
#Configuration.check: entity: ptolemy.domains.sdf.lib.FFT {.configuration.actor library.Actors.SignalProcessing.Spectrum.FFT} 334 ms. Memory: 2930688K Free: 302590K (10%)
#Configuration.check: entity: ptolemy.domains.sdf.lib.IFFT {.configuration.actor library.Actors.SignalProcessing.Spectrum.IFFT} 338 ms. Memory: 2930688K Free: 302078K (10%)
#Configuration.check: entity: ptolemy.actor.lib.LevinsonDurbin {.configuration.actor library.Actors.SignalProcessing.Spectrum.LevinsonDurbin} 340 ms. Memory: 2930688K Free: 301056K (10%)
#Configuration.check: entity: ptolemy.actor.lib.PhaseUnwrap {.configuration.actor library.Actors.SignalProcessing.Spectrum.PhaseUnwrap} 340 ms. Memory: 2930688K Free: 301056K (10%)
#Configuration.check: entity: ptolemy.domains.sdf.lib.Autocorrelation {.configuration.actor library.Actors.SignalProcessing.Statistical.Autocorrelation} 340 ms. Memory: 2930688K Free: 301056K (10%)
#Configuration.check: entity: ptolemy.actor.lib.ComputeHistogram {.configuration.actor library.Actors.SignalProcessing.Statistical.ComputeHistogram} 341 ms. Memory: 2930688K Free: 301056K (10%)
#Configuration.check: entity: ptolemy.actor.lib.IIR {.configuration.actor library.Actors.SignalProcessing.Statistical.PowerEstimate.IIR} 343 ms. Memory: 2930688K Free: 300032K (10%)
#Configuration.check: entity: ptolemy.actor.lib.DB {.configuration.actor library.Actors.SignalProcessing.Statistical.PowerEstimate.DB} 345 ms. Memory: 2930688K Free: 299518K (10%)
#Configuration.check: entity: ptolemy.actor.lib.Scale {.configuration.actor library.Actors.SignalProcessing.Statistical.PowerEstimate.Scale} 345 ms. Memory: 2930688K Free: 299513K (10%)
#Configuration.check: entity: ptolemy.actor.lib.MathFunction {.configuration.actor library.Actors.SignalProcessing.Statistical.PowerEstimate.MathFunction} 346 ms. Memory: 2930688K Free: 299008K (10%)
#Configuration.check: entity: ptolemy.actor.lib.string.StringCompare {.configuration.actor library.Actors.String.StringCompare} 346 ms. Memory: 2930688K Free: 299008K (10%)
#Configuration.check: entity: ptolemy.actor.lib.string.StringFunction {.configuration.actor library.Actors.String.StringFunction} 346 ms. Memory: 2930688K Free: 299008K (10%)
#Configuration.check: entity: ptolemy.actor.lib.string.StringIndexOf {.configuration.actor library.Actors.String.StringIndexOf} 347 ms. Memory: 2930688K Free: 298487K (10%)
#Configuration.check: entity: ptolemy.actor.lib.string.StringLength {.configuration.actor library.Actors.String.StringLength} 348 ms. Memory: 2930688K Free: 298487K (10%)
#Configuration.check: entity: ptolemy.actor.lib.string.StringMatches {.configuration.actor library.Actors.String.StringMatches} 349 ms. Memory: 2930688K Free: 297984K (10%)
#Configuration.check: entity: ptolemy.actor.lib.string.StringReplace {.configuration.actor library.Actors.String.StringReplace} 350 ms. Memory: 2930688K Free: 297470K (10%)
#Configuration.check: entity: ptolemy.actor.lib.string.StringSplit {.configuration.actor library.Actors.String.StringSplit} 351 ms. Memory: 2930688K Free: 296960K (10%)
#Configuration.check: entity: ptolemy.actor.lib.string.StringSubstring {.configuration.actor library.Actors.String.StringSubstring} 352 ms. Memory: 2930688K Free: 296446K (10%)
#Configuration.check: entity: ptolemy.actor.lib.DiscreteClock {.configuration.actor library.Actors.DomainSpecific.Continuous.Signal Generators.ContinuousClock.DiscreteClock} 353 ms. Memory: 2930688K Free: 295936K (10%)
#Configuration.check: entity: ptolemy.domains.continuous.lib.ZeroOrderHold {.configuration.actor library.Actors.DomainSpecific.Continuous.Signal Generators.ContinuousClock.ZeroOrderHold} 354 ms. Memory: 2930688K Free: 294912K (10%)
#Configuration.check: entity: ptolemy.actor.lib.DiscreteClock {.configuration.actor library.Actors.DomainSpecific.Continuous.Signal Generators.DiscreteClock} 355 ms. Memory: 2930688K Free: 294912K (10%)
#Configuration.check: entity: ptolemy.actor.lib.SingleEvent {.configuration.actor library.Actors.DomainSpecific.Continuous.Signal Generators.SingleEvent} 356 ms. Memory: 2930688K Free: 294383K (10%)
#Configuration.check: entity: ptolemy.domains.continuous.lib.Waveform {.configuration.actor library.Actors.DomainSpecific.Continuous.Signal Generators.Waveform} 357 ms. Memory: 2930688K Free: 293888K (10%)
#Configuration.check: entity: ptolemy.domains.continuous.lib.LevelCrossingDetector {.configuration.actor library.Actors.DomainSpecific.Continuous.Continuous to Discrete.LevelCrossingDetector} 358 ms. Memory: 2930688K Free: 293374K (10%)
#Configuration.check: entity: ptolemy.domains.continuous.lib.PeriodicSampler {.configuration.actor library.Actors.DomainSpecific.Continuous.Continuous to Discrete.PeriodicSampler} 359 ms. Memory: 2930688K Free: 292864K (10%)
#Configuration.check: entity: ptolemy.actor.lib.Sampler {.configuration.actor library.Actors.DomainSpecific.Continuous.Continuous to Discrete.Sampler} 359 ms. Memory: 2930688K Free: 292864K (10%)
#Configuration.check: entity: ptolemy.domains.continuous.lib.ZeroOrderHold {.configuration.actor library.Actors.DomainSpecific.Continuous.Discrete to Continuous.ZeroOrderHold} 359 ms. Memory: 2930688K Free: 292864K (10%)
#Configuration.check: entity: ptolemy.actor.lib.Scale {.configuration.actor library.Actors.DomainSpecific.Continuous.Dynamics.DCMotor.Scale} 359 ms. Memory: 2930688K Free: 292864K (10%)
#Configuration.check: entity: ptolemy.actor.lib.AddSubtract {.configuration.actor library.Actors.DomainSpecific.Continuous.Dynamics.DCMotor.AddSubtract} 360 ms. Memory: 2930688K Free: 292343K (10%)
#Configuration.check: entity: ptolemy.actor.lib.Scale {.configuration.actor library.Actors.DomainSpecific.Continuous.Dynamics.DCMotor.Scale2} 360 ms. Memory: 2930688K Free: 292343K (10%)
#Configuration.check: entity: ptolemy.actor.lib.AddSubtract {.configuration.actor library.Actors.DomainSpecific.Continuous.Dynamics.DCMotor.AddSubtract2} 360 ms. Memory: 2930688K Free: 291840K (10%)
#Configuration.check: entity: ptolemy.domains.continuous.lib.Integrator {.configuration.actor library.Actors.DomainSpecific.Continuous.Dynamics.DCMotor.Integrator} 361 ms. Memory: 2930688K Free: 291840K (10%)
#Configuration.check: entity: ptolemy.actor.lib.Scale {.configuration.actor library.Actors.DomainSpecific.Continuous.Dynamics.DCMotor.Scale3} 361 ms. Memory: 2930688K Free: 291840K (10%)
#Configuration.check: entity: ptolemy.actor.lib.Scale {.configuration.actor library.Actors.DomainSpecific.Continuous.Dynamics.DCMotor.Scale4} 362 ms. Memory: 2930688K Free: 291840K (10%)
#Configuration.check: entity: ptolemy.actor.lib.Scale {.configuration.actor library.Actors.DomainSpecific.Continuous.Dynamics.DCMotor.Scale5} 362 ms. Memory: 2930688K Free: 291326K (10%)
#Configuration.check: entity: ptolemy.domains.continuous.lib.Integrator {.configuration.actor library.Actors.DomainSpecific.Continuous.Dynamics.DCMotor.Integrator2} 362 ms. Memory: 2930688K Free: 291326K (10%)
#Configuration.check: entity: ptolemy.actor.lib.Default {.configuration.actor library.Actors.DomainSpecific.Continuous.Dynamics.DCMotor.Default} 363 ms. Memory: 2930688K Free: 290816K (10%)
#Configuration.check: entity: ptolemy.actor.lib.Const {.configuration.actor library.Actors.DomainSpecific.Continuous.Dynamics.DCMotor.Const} 364 ms. Memory: 2930688K Free: 290814K (10%)
#Configuration.check: entity: ptolemy.domains.continuous.lib.Derivative {.configuration.actor library.Actors.DomainSpecific.Continuous.Dynamics.Derivative} 365 ms. Memory: 2930688K Free: 290302K (10%)
#Configuration.check: entity: ptolemy.domains.continuous.lib.Integrator {.configuration.actor library.Actors.DomainSpecific.Continuous.Dynamics.Integrator} 367 ms. Memory: 2930688K Free: 290302K (10%)
#Configuration.check: entity: ptolemy.domains.continuous.lib.BandlimitedNoise {.configuration.actor library.Actors.DomainSpecific.Continuous.Random.BandlimitedNoise} 367 ms. Memory: 2930688K Free: 290302K (10%)
#Configuration.check: entity: ptolemy.domains.continuous.lib.Noise {.configuration.actor library.Actors.DomainSpecific.Continuous.Random.Noise} 377 ms. Memory: 2930688K Free: 289278K (10%)
#Configuration.check: entity: ptolemy.actor.lib.MicrostepDelay {.configuration.actor library.Actors.DomainSpecific.Continuous.Miscellaneous.MicrostepDelay} 380 ms. Memory: 2930688K Free: 288254K (10%)
#Configuration.check: entity: ptolemy.actor.lib.ResettableTimer {.configuration.actor library.Actors.DomainSpecific.Continuous.Miscellaneous.ResettableTimer} 380 ms. Memory: 2930688K Free: 288254K (10%)
#Configuration.check: entity: ptolemy.domains.continuous.lib.ContinuousMerge {.configuration.actor library.Actors.DomainSpecific.Continuous.Miscellaneous.ContinuousMerge} 381 ms. Memory: 2930688K Free: 287744K (10%)
#Configuration.check: entity: ptolemy.domains.ddf.lib.DDFSingleTokenCommutator {.configuration.actor library.Actors.DomainSpecific.DynamicDataFlow.DDFSingleTokenCommutator} 381 ms. Memory: 2930688K Free: 287744K (10%)
#Configuration.check: entity: ptolemy.actor.lib.CurrentDate {.configuration.actor library.Actors.DomainSpecific.DiscreteEvent.Date.CurrentDate} 381 ms. Memory: 2930688K Free: 287744K (10%)
#Configuration.check: entity: ptolemy.actor.lib.DateElements {.configuration.actor library.Actors.DomainSpecific.DiscreteEvent.Date.DateElements} 383 ms. Memory: 2930688K Free: 286720K (10%)
#Configuration.check: entity: ptolemy.actor.lib.DateConstructor {.configuration.actor library.Actors.DomainSpecific.DiscreteEvent.Date.DateConstructor} 385 ms. Memory: 2930688K Free: 286206K (10%)
#Configuration.check: entity: ptolemy.domains.de.lib.DateToEvent {.configuration.actor library.Actors.DomainSpecific.DiscreteEvent.Date.DateToEvent} 395 ms. Memory: 2930688K Free: 284672K (10%)
#Configuration.check: entity: ptolemy.domains.de.lib.DateToModelTime {.configuration.actor library.Actors.DomainSpecific.DiscreteEvent.Date.DateToModelTime} 397 ms. Memory: 2930688K Free: 283648K (10%)
#Configuration.check: entity: ptolemy.domains.de.lib.EventToDate {.configuration.actor library.Actors.DomainSpecific.DiscreteEvent.Date.EventToDate} 403 ms. Memory: 2930688K Free: 283134K (10%)
#Configuration.check: entity: ptolemy.actor.lib.ModifyDate {.configuration.actor library.Actors.DomainSpecific.DiscreteEvent.Date.ModifyDate} 406 ms. Memory: 2930688K Free: 282105K (10%)
#Configuration.check: entity: ptolemy.actor.lib.conversions.StringToDate {.configuration.actor library.Actors.DomainSpecific.DiscreteEvent.Date.StringToDate} 408 ms. Memory: 2930688K Free: 281086K (10%)
#Configuration.check: entity: ptolemy.domains.de.lib.AverageOverTime {.configuration.actor library.Actors.DomainSpecific.DiscreteEvent.AverageOverTime} 408 ms. Memory: 2930688K Free: 281086K (10%)
#Configuration.check: entity: ptolemy.domains.de.lib.Derivative {.configuration.actor library.Actors.DomainSpecific.DiscreteEvent.Derivative} 409 ms. Memory: 2930688K Free: 281086K (10%)
#Configuration.check: entity: ptolemy.actor.lib.gui.EventButton {.configuration.actor library.Actors.DomainSpecific.DiscreteEvent.EventButton} 409 ms. Memory: 2930688K Free: 281086K (10%)
#Configuration.check: entity: ptolemy.domains.de.lib.EventFilter {.configuration.actor library.Actors.DomainSpecific.DiscreteEvent.EventFilter} 411 ms. Memory: 2930688K Free: 280576K (10%)
#Configuration.check: entity: ptolemy.domains.de.lib.Inhibit {.configuration.actor library.Actors.DomainSpecific.DiscreteEvent.Inhibit} 411 ms. Memory: 2930688K Free: 280576K (10%)
#Configuration.check: entity: ptolemy.domains.de.lib.Integrator {.configuration.actor library.Actors.DomainSpecific.DiscreteEvent.Integrator} 411 ms. Memory: 2930688K Free: 280062K (10%)
#Configuration.check: entity: ptolemy.domains.de.lib.Merge {.configuration.actor library.Actors.DomainSpecific.DiscreteEvent.Merge} 411 ms. Memory: 2930688K Free: 280062K (10%)
#Configuration.check: entity: ptolemy.actor.lib.MicrostepDelay {.configuration.actor library.Actors.DomainSpecific.DiscreteEvent.MicrostepDelay} 412 ms. Memory: 2930688K Free: 280062K (10%)
#Configuration.check: entity: ptolemy.domains.de.lib.MostRecent {.configuration.actor library.Actors.DomainSpecific.DiscreteEvent.MostRecent} 412 ms. Memory: 2930688K Free: 280057K (10%)
#Configuration.check: entity: ptolemy.domains.de.lib.PID {.configuration.actor library.Actors.DomainSpecific.DiscreteEvent.PID} 412 ms. Memory: 2930688K Free: 280057K (10%)
#Configuration.check: entity: ptolemy.domains.de.lib.Previous {.configuration.actor library.Actors.DomainSpecific.DiscreteEvent.Previous} 412 ms. Memory: 2930688K Free: 279552K (10%)
#Configuration.check: entity: ptolemy.domains.de.lib.Queue {.configuration.actor library.Actors.DomainSpecific.DiscreteEvent.Queue} 413 ms. Memory: 2930688K Free: 279552K (10%)
#Configuration.check: entity: ptolemy.domains.de.lib.Register {.configuration.actor library.Actors.DomainSpecific.DiscreteEvent.Register} 414 ms. Memory: 2930688K Free: 279038K (10%)
#Configuration.check: entity: ptolemy.actor.lib.ResettableTimer {.configuration.actor library.Actors.DomainSpecific.DiscreteEvent.ResettableTimer} 414 ms. Memory: 2930688K Free: 279038K (10%)
#Configuration.check: entity: ptolemy.domains.de.lib.Server {.configuration.actor library.Actors.DomainSpecific.DiscreteEvent.Server} 415 ms. Memory: 2930688K Free: 278528K (10%)
#Configuration.check: entity: ptolemy.domains.de.lib.SharedQueue {.configuration.actor library.Actors.DomainSpecific.DiscreteEvent.SharedQueue} 417 ms. Memory: 2930688K Free: 278014K (9%)
#Configuration.check: entity: ptolemy.actor.lib.SingleEvent {.configuration.actor library.Actors.DomainSpecific.DiscreteEvent.SingleEvent} 418 ms. Memory: 2930688K Free: 277504K (9%)
#Configuration.check: entity: ptolemy.domains.de.lib.TimeCompare {.configuration.actor library.Actors.DomainSpecific.DiscreteEvent.TimeCompare} 419 ms. Memory: 2930688K Free: 277502K (9%)
#Configuration.check: entity: ptolemy.actor.lib.TimeDelay {.configuration.actor library.Actors.DomainSpecific.DiscreteEvent.TimeDelay} 419 ms. Memory: 2930688K Free: 276990K (9%)
#Configuration.check: entity: ptolemy.domains.de.lib.TimeGap {.configuration.actor library.Actors.DomainSpecific.DiscreteEvent.TimeGap} 420 ms. Memory: 2930688K Free: 276990K (9%)
#Configuration.check: entity: ptolemy.domains.de.lib.WaitingTime {.configuration.actor library.Actors.DomainSpecific.DiscreteEvent.WaitingTime} 421 ms. Memory: 2930688K Free: 276478K (9%)
#Configuration.check: entity: ptolemy.actor.lib.OrderedMerge {.configuration.actor library.Actors.DomainSpecific.ProcessNetworks.OrderedMerge} 422 ms. Memory: 2930688K Free: 275966K (9%)
#Configuration.check: entity: ptolemy.actor.lib.Sequencer {.configuration.actor library.Actors.DomainSpecific.ProcessNetworks.Sequencer} 423 ms. Memory: 2930688K Free: 275966K (9%)
#Configuration.check: entity: ptolemy.domains.pn.lib.Starver {.configuration.actor library.Actors.DomainSpecific.ProcessNetworks.Starver} 423 ms. Memory: 2930688K Free: 275454K (9%)
#Configuration.check: entity: ptolemy.actor.lib.Stop {.configuration.actor library.Actors.DomainSpecific.ProcessNetworks.Stop} 425 ms. Memory: 2930688K Free: 274937K (9%)
#Configuration.check: entity: ptolemy.actor.lib.Synchronizer {.configuration.actor library.Actors.DomainSpecific.ProcessNetworks.Synchronizer} 425 ms. Memory: 2930688K Free: 274937K (9%)
#Configuration.check: entity: ptolemy.domains.rendezvous.lib.Barrier {.configuration.actor library.Actors.DomainSpecific.Rendezvous.Barrier} 425 ms. Memory: 2930688K Free: 274937K (9%)
#Configuration.check: entity: ptolemy.domains.rendezvous.lib.Buffer {.configuration.actor library.Actors.DomainSpecific.Rendezvous.Buffer} 427 ms. Memory: 2930688K Free: 273918K (9%)
#Configuration.check: entity: ptolemy.domains.rendezvous.lib.Merge {.configuration.actor library.Actors.DomainSpecific.Rendezvous.Merge} 428 ms. Memory: 2930688K Free: 273918K (9%)
#Configuration.check: entity: ptolemy.domains.rendezvous.lib.ResourcePool {.configuration.actor library.Actors.DomainSpecific.Rendezvous.ResourcePool} 428 ms. Memory: 2930688K Free: 273918K (9%)
#Configuration.check: entity: ptolemy.domains.sr.lib.Absent {.configuration.actor library.Actors.DomainSpecific.SynchronousReactive.Absent} 429 ms. Memory: 2930688K Free: 273408K (9%)
#Configuration.check: entity: ptolemy.domains.sr.lib.Current {.configuration.actor library.Actors.DomainSpecific.SynchronousReactive.Current} 429 ms. Memory: 2930688K Free: 273406K (9%)
#Configuration.check: entity: ptolemy.actor.lib.Default {.configuration.actor library.Actors.DomainSpecific.SynchronousReactive.Default} 430 ms. Memory: 2930688K Free: 273406K (9%)
#Configuration.check: entity: ptolemy.domains.sr.lib.InstantaneousDialogGenerator {.configuration.actor library.Actors.DomainSpecific.SynchronousReactive.InstantaneousDialogGenerator} 431 ms. Memory: 2930688K Free: 272889K (9%)
#Configuration.check: entity: ptolemy.actor.lib.logic.IsPresent {.configuration.actor library.Actors.DomainSpecific.SynchronousReactive.IsPresent} 431 ms. Memory: 2930688K Free: 272889K (9%)
#Configuration.check: entity: ptolemy.domains.sr.lib.NonStrictDelay {.configuration.actor library.Actors.DomainSpecific.SynchronousReactive.NonStrictDelay} 431 ms. Memory: 2930688K Free: 272889K (9%)
#Configuration.check: entity: ptolemy.domains.sr.lib.gui.NonStrictDisplay {.configuration.actor library.Actors.DomainSpecific.SynchronousReactive.NonStrictDisplay} 431 ms. Memory: 2930688K Free: 272889K (9%)
#Configuration.check: entity: ptolemy.domains.sr.lib.BinaryNonStrictLogicGate {.configuration.actor library.Actors.DomainSpecific.SynchronousReactive.BinaryNonStrictLogicGate} 432 ms. Memory: 2930688K Free: 272889K (9%)
#Configuration.check: entity: ptolemy.domains.sr.lib.NonStrictLogicGate {.configuration.actor library.Actors.DomainSpecific.SynchronousReactive.NonStrictLogicGate} 434 ms. Memory: 2930688K Free: 271870K (9%)
#Configuration.check: entity: ptolemy.domains.sr.lib.NonStrictAndGate {.configuration.actor library.Actors.DomainSpecific.SynchronousReactive.NonStrictAndGate} 436 ms. Memory: 2930688K Free: 271360K (9%)
#Configuration.check: entity: ptolemy.domains.sr.lib.NonStrictOrGate {.configuration.actor library.Actors.DomainSpecific.SynchronousReactive.NonStrictOrGate} 438 ms. Memory: 2930688K Free: 270336K (9%)
#Configuration.check: entity: ptolemy.domains.sr.lib.NonStrictXorGate {.configuration.actor library.Actors.DomainSpecific.SynchronousReactive.NonStrictXorGate} 440 ms. Memory: 2930688K Free: 269822K (9%)
#Configuration.check: entity: ptolemy.domains.sr.lib.NonStrictThreeBitAdder {.configuration.actor library.Actors.DomainSpecific.SynchronousReactive.NonStrictThreeBitAdder} 445 ms. Memory: 2930688K Free: 269310K (9%)
#Configuration.check: entity: ptolemy.domains.sr.lib.Pre {.configuration.actor library.Actors.DomainSpecific.SynchronousReactive.Pre} 445 ms. Memory: 2930688K Free: 268798K (9%)
#Configuration.check: entity: ptolemy.domains.sr.lib.SingleTokenDistributor {.configuration.actor library.Actors.DomainSpecific.SynchronousReactive.SingleTokenDistributor} 446 ms. Memory: 2930688K Free: 268793K (9%)
#Configuration.check: entity: ptolemy.domains.sr.lib.When {.configuration.actor library.Actors.DomainSpecific.SynchronousReactive.When} 446 ms. Memory: 2930688K Free: 268793K (9%)
#Configuration.check: entity: ptolemy.actor.lib.logic.TrueGate {.configuration.actor library.Actors.DomainSpecific.SynchronousReactive.TrueGate} 446 ms. Memory: 2930688K Free: 268793K (9%)
#Configuration.check: entity: org.terraswarm.accessor.JSAccessor {.configuration.actor library.MoreLibraries.Accessors.adapters.Adapter} 446 ms. Memory: 2930688K Free: 268793K (9%)
#Configuration.check: entity: org.terraswarm.accessor.JSAccessor {.configuration.actor library.MoreLibraries.Accessors.adapters.CelsiusToFahrenheit} 1327 ms. Memory: 2930688K Free: 274432K (9%)
#Configuration.check: entity: org.terraswarm.accessor.JSAccessor {.configuration.actor library.MoreLibraries.Accessors.adapters.Identity} 2222 ms. Memory: 2930688K Free: 277504K (9%)
#Configuration.check: entity: org.terraswarm.accessor.JSAccessor {.configuration.actor library.MoreLibraries.Accessors.adapters.KelvinToFahrenheit} 3065 ms. Memory: 2930688K Free: 275131K (9%)
#Configuration.check: entity: org.terraswarm.accessor.JSAccessor {.configuration.actor library.MoreLibraries.Accessors.audio.AudioCapture} 3710 ms. Memory: 2930688K Free: 272167K (9%)
#Configuration.check: entity: org.terraswarm.accessor.JSAccessor {.configuration.actor library.MoreLibraries.Accessors.audio.AudioPlayer} 4570 ms. Memory: 2930688K Free: 448511K (15%)
#Configuration.check: entity: org.terraswarm.accessor.JSAccessor {.configuration.actor library.MoreLibraries.Accessors.audio.ClipPlayer} 5365 ms. Memory: 2930688K Free: 442880K (15%)
#Configuration.check: entity: org.terraswarm.accessor.JSAccessor {.configuration.actor library.MoreLibraries.Accessors.cameras.Camera} 6050 ms. Memory: 2930688K Free: 460286K (16%)
#Configuration.check: entity: org.terraswarm.accessor.JSAccessor {.configuration.actor library.MoreLibraries.Accessors.cameras.Foscam} 6759 ms. Memory: 2930688K Free: 472064K (16%)
#Configuration.check: entity: org.terraswarm.accessor.JSAccessor {.configuration.actor library.MoreLibraries.Accessors.dashboard.GraphComponent} 7545 ms. Memory: 2930688K Free: 473600K (16%)
#Configuration.check: entity: org.terraswarm.accessor.JSAccessor {.configuration.actor library.MoreLibraries.Accessors.dashboard.OdometerComponent} 8173 ms. Memory: 2930688K Free: 339456K (12%)
#Configuration.check: entity: org.terraswarm.accessor.JSAccessor {.configuration.actor library.MoreLibraries.Accessors.dashboard.ParkingComponent} 8779 ms. Memory: 2930688K Free: 361470K (12%)
#Configuration.check: entity: org.terraswarm.accessor.JSAccessor {.configuration.actor library.MoreLibraries.Accessors.dashboard.RestaurantComponent} 9405 ms. Memory: 2930688K Free: 381950K (13%)
#Configuration.check: entity: org.terraswarm.accessor.JSAccessor {.configuration.actor library.MoreLibraries.Accessors.dashboard.RoutingWebSocketServer} 10079 ms. Memory: 2930688K Free: 399855K (14%)
#Configuration.check: entity: org.terraswarm.accessor.JSAccessor {.configuration.actor library.MoreLibraries.Accessors.dashboard.SpeedometerComponent} 10832 ms. Memory: 2930688K Free: 393216K (13%)
#Configuration.check: entity: org.terraswarm.accessor.JSAccessor {.configuration.actor library.MoreLibraries.Accessors.dashboard.UIComponent} 11494 ms. Memory: 2930688K Free: 404992K (14%)
#Configuration.check: entity: org.terraswarm.accessor.JSAccessor {.configuration.actor library.MoreLibraries.Accessors.dashboard.VideoComponent} 12094 ms. Memory: 2930688K Free: 419319K (14%)
#Configuration.check: entity: org.terraswarm.accessor.JSAccessor {.configuration.actor library.MoreLibraries.Accessors.devices.AdsB} 12748 ms. Memory: 2930688K Free: 422400K (14%)
#Configuration.check: entity: org.terraswarm.accessor.JSAccessor {.configuration.actor library.MoreLibraries.Accessors.devices.Hue} 13514 ms. Memory: 2930688K Free: 397312K (14%)
#Configuration.check: entity: org.terraswarm.accessor.JSAccessor {.configuration.actor library.MoreLibraries.Accessors.devices.Moto360SensorListener} 14216 ms. Memory: 2930688K Free: 382976K (13%)
#Configuration.check: entity: org.terraswarm.accessor.JSAccessor {.configuration.actor library.MoreLibraries.Accessors.devices.DrDose} 14988 ms. Memory: 2930688K Free: 356864K (12%)
#Configuration.check: entity: org.terraswarm.accessor.JSAccessor {.configuration.actor library.MoreLibraries.Accessors.devices.PhSensor} 15736 ms. Memory: 2930688K Free: 328706K (11%)
#Configuration.check: entity: org.terraswarm.accessor.JSAccessor {.configuration.actor library.MoreLibraries.Accessors.devices.EcSensor} 16495 ms. Memory: 2930688K Free: 301589K (10%)
#Configuration.check: entity: org.terraswarm.accessor.JSAccessor {.configuration.actor library.MoreLibraries.Accessors.devices.Lifx} 17252 ms. Memory: 2930688K Free: 404004K (14%)
#Configuration.check: entity: org.terraswarm.accessor.JSAccessor {.configuration.actor library.MoreLibraries.Accessors.image.AprilTags} 17931 ms. Memory: 2930688K Free: 384537K (13%)
#Configuration.check: entity: org.terraswarm.accessor.JSAccessor {.configuration.actor library.MoreLibraries.Accessors.image.CharacterRecognition} 18547 ms. Memory: 2930688K Free: 379921K (13%)
#CharacterRecognition: The tesseract module was not present.  The CharacterRecognition accessor is not supported on this accessor host. (Thread[main,5,main])
Configuration.check: entity: org.terraswarm.accessor.JSAccessor {.configuration.actor library.MoreLibraries.Accessors.image.ComputerVision} 19144 ms. Memory: 2930688K Free: 379390K (13%)
#Configuration.check: entity: org.terraswarm.accessor.JSAccessor {.configuration.actor library.MoreLibraries.Accessors.image.FaceDetector} 19834 ms. Memory: 2930688K Free: 368704K (13%)
#Configuration.check: entity: org.terraswarm.accessor.JSAccessor {.configuration.actor library.MoreLibraries.Accessors.image.ImageAnnotate} 20622 ms. Memory: 2930688K Free: 359422K (12%)
#Configuration.check: entity: org.terraswarm.accessor.JSAccessor {.configuration.actor library.MoreLibraries.Accessors.image.ImageDisplay} 21244 ms. Memory: 2930688K Free: 355422K (12%)
#Configuration.check: entity: org.terraswarm.accessor.JSAccessor {.configuration.actor library.MoreLibraries.Accessors.image.ImageFilter} 21948 ms. Memory: 2930688K Free: 348158K (12%)
#Configuration.check: entity: org.terraswarm.accessor.JSAccessor {.configuration.actor library.MoreLibraries.Accessors.image.MotionDetector} 22964 ms. Memory: 2930688K Free: 344574K (12%)
#Configuration.check: entity: org.terraswarm.accessor.JSAccessor {.configuration.actor library.MoreLibraries.Accessors.net.Discovery} 23942 ms. Memory: 2930688K Free: 339990K (12%)
#Configuration.check: entity: org.terraswarm.accessor.JSAccessor {.configuration.actor library.MoreLibraries.Accessors.net.IPAddress} 25191 ms. Memory: 2930688K Free: 334363K (11%)
#Configuration.check: entity: org.terraswarm.accessor.JSAccessor {.configuration.actor library.MoreLibraries.Accessors.net.KeyValueStore} 26395 ms. Memory: 2930688K Free: 330276K (11%)
#Configuration.check: entity: org.terraswarm.accessor.JSAccessor {.configuration.actor library.MoreLibraries.Accessors.net.MQTTPublisher} 27818 ms. Memory: 2930688K Free: 342548K (12%)
#Configuration.check: entity: org.terraswarm.accessor.JSAccessor {.configuration.actor library.MoreLibraries.Accessors.net.MQTTSubscriber} 28819 ms. Memory: 2930688K Free: 333357K (11%)
#Configuration.check: entity: org.terraswarm.accessor.JSAccessor {.configuration.actor library.MoreLibraries.Accessors.net.REST} 29757 ms. Memory: 2930688K Free: 325120K (11%)
#Configuration.check: entity: org.terraswarm.accessor.JSAccessor {.configuration.actor library.MoreLibraries.Accessors.net.SecureCommClient} 30783 ms. Memory: 2930688K Free: 308287K (11%)
#Configuration.check: entity: org.terraswarm.accessor.JSAccessor {.configuration.actor library.MoreLibraries.Accessors.net.SecureCommServer} 31835 ms. Memory: 2930688K Free: 270363K (9%)
#Configuration.check: entity: org.terraswarm.accessor.JSAccessor {.configuration.actor library.MoreLibraries.Accessors.net.SecurePublisher} 32579 ms. Memory: 2930688K Free: 238693K (8%)
#Configuration.check: entity: org.terraswarm.accessor.JSAccessor {.configuration.actor library.MoreLibraries.Accessors.net.SecureSubscriber} 33520 ms. Memory: 2930688K Free: 291071K (10%)
#Configuration.check: entity: org.terraswarm.accessor.JSAccessor {.configuration.actor library.MoreLibraries.Accessors.net.SerialPort} 34600 ms. Memory: 2930688K Free: 433664K (15%)
#Configuration.check: entity: org.terraswarm.accessor.JSAccessor {.configuration.actor library.MoreLibraries.Accessors.net.TCPSocketClient} 35289 ms. Memory: 2930688K Free: 424415K (14%)
#Configuration.check: entity: org.terraswarm.accessor.JSAccessor {.configuration.actor library.MoreLibraries.Accessors.net.TCPSocketServer} 35986 ms. Memory: 2930688K Free: 407519K (14%)
#Configuration.check: entity: org.terraswarm.accessor.JSAccessor {.configuration.actor library.MoreLibraries.Accessors.net.UDPSocketListener} 36694 ms. Memory: 2930688K Free: 390656K (13%)
#Configuration.check: entity: org.terraswarm.accessor.JSAccessor {.configuration.actor library.MoreLibraries.Accessors.net.UDPSocketSender} 37394 ms. Memory: 2930688K Free: 374272K (13%)
#Configuration.check: entity: org.terraswarm.accessor.JSAccessor {.configuration.actor library.MoreLibraries.Accessors.net.VertxPublish} 38077 ms. Memory: 2930688K Free: 359951K (12%)
#Configuration.check: entity: org.terraswarm.accessor.JSAccessor {.configuration.actor library.MoreLibraries.Accessors.net.VertxSubscribe} 38731 ms. Memory: 2930688K Free: 351252K (12%)
#Configuration.check: entity: org.terraswarm.accessor.JSAccessor {.configuration.actor library.MoreLibraries.Accessors.net.WebServer} 39395 ms. Memory: 2930688K Free: 343050K (12%)
#Configuration.check: entity: org.terraswarm.accessor.JSAccessor {.configuration.actor library.MoreLibraries.Accessors.net.WebSocketClient} 40070 ms. Memory: 2930688K Free: 331324K (11%)
#Configuration.check: entity: org.terraswarm.accessor.JSAccessor {.configuration.actor library.MoreLibraries.Accessors.net.WebSocketServer} 40830 ms. Memory: 2945024K Free: 328761K (11%)
#Configuration.check: entity: org.terraswarm.accessor.JSAccessor {.configuration.actor library.MoreLibraries.Accessors.net.XBee} 41546 ms. Memory: 2945024K Free: 310836K (11%)
#Configuration.check: entity: org.terraswarm.accessor.JSAccessor {.configuration.actor library.MoreLibraries.Accessors.robotics.RosNavigationPose} 42238 ms. Memory: 2945024K Free: 297526K (10%)
#Configuration.check: entity: org.terraswarm.accessor.JSAccessor {.configuration.actor library.MoreLibraries.Accessors.robotics.RosPublisher} 43084 ms. Memory: 2945024K Free: 391240K (13%)
#Configuration.check: entity: org.terraswarm.accessor.JSAccessor {.configuration.actor library.MoreLibraries.Accessors.robotics.RosSubscriber} 43827 ms. Memory: 2945024K Free: 366688K (12%)
#Configuration.check: entity: org.terraswarm.accessor.JSAccessor {.configuration.actor library.MoreLibraries.Accessors.robotics.LocationRosPublisher} 44558 ms. Memory: 2945024K Free: 341512K (12%)
#Configuration.check: entity: org.terraswarm.accessor.JSAccessor {.configuration.actor library.MoreLibraries.Accessors.robotics.Scarab} 45297 ms. Memory: 2945024K Free: 315945K (11%)
#Configuration.check: entity: org.terraswarm.accessor.JSAccessor {.configuration.actor library.MoreLibraries.Accessors.robotics.DroneLocation} 46002 ms. Memory: 2945024K Free: 304639K (10%)
#Configuration.check: entity: org.terraswarm.accessor.JSAccessor {.configuration.actor library.MoreLibraries.Accessors.robotics.Global2LatLonAlt} 46806 ms. Memory: 2945024K Free: 266799K (9%)
#Configuration.check: entity: org.terraswarm.accessor.JSAccessor {.configuration.actor library.MoreLibraries.Accessors.geodesy.Lla2Ecef} 47388 ms. Memory: 2945024K Free: 272402K (9%)
#Configuration.check: entity: org.terraswarm.accessor.JSAccessor {.configuration.actor library.MoreLibraries.Accessors.geodesy.LlaDist} 48226 ms. Memory: 2945024K Free: 277541K (9%)
#Configuration.check: entity: org.terraswarm.accessor.JSAccessor {.configuration.actor library.MoreLibraries.Accessors.geodesy.EuclideanDist} 49327 ms. Memory: 2945024K Free: 263715K (9%)
#Configuration.check: entity: org.terraswarm.accessor.JSAccessor {.configuration.actor library.MoreLibraries.Accessors.services.FINDLocation} 50268 ms. Memory: 2945024K Free: 269818K (9%)
#Configuration.check: entity: org.terraswarm.accessor.JSAccessor {.configuration.actor library.MoreLibraries.Accessors.services.FINDTracker} 51629 ms. Memory: 2945024K Free: 241278K (8%)
#Configuration.check: entity: org.terraswarm.accessor.JSAccessor {.configuration.actor library.MoreLibraries.Accessors.services.GeoCoder} 52905 ms. Memory: 2945024K Free: 211059K (7%)
#Configuration.check: entity: org.terraswarm.accessor.JSAccessor {.configuration.actor library.MoreLibraries.Accessors.services.GeoLocation} 54382 ms. Memory: 2945024K Free: 309282K (11%)
#Configuration.check: entity: org.terraswarm.accessor.JSAccessor {.configuration.actor library.MoreLibraries.Accessors.services.Heartbeat} 55355 ms. Memory: 2945024K Free: 299564K (10%)
#Configuration.check: entity: org.terraswarm.accessor.JSAccessor {.configuration.actor library.MoreLibraries.Accessors.services.HostCompatibility} 56318 ms. Memory: 2945024K Free: 288766K (10%)
#Configuration.check: entity: org.terraswarm.accessor.JSAccessor {.configuration.actor library.MoreLibraries.Accessors.services.NaturalLanguage} 57421 ms. Memory: 2945024K Free: 255542K (9%)
#Configuration.check: entity: org.terraswarm.accessor.JSAccessor {.configuration.actor library.MoreLibraries.Accessors.services.RedPinLocation} 58348 ms. Memory: 2945024K Free: 222778K (8%)
#Configuration.check: entity: org.terraswarm.accessor.JSAccessor {.configuration.actor library.MoreLibraries.Accessors.services.ReverseGeoCoder} 59401 ms. Memory: 2945024K Free: 267005K (9%)
#Configuration.check: entity: org.terraswarm.accessor.JSAccessor {.configuration.actor library.MoreLibraries.Accessors.services.SemanticRepositoryUpdate} 60248 ms. Memory: 2945024K Free: 247806K (8%)
#Configuration.check: entity: org.terraswarm.accessor.JSAccessor {.configuration.actor library.MoreLibraries.Accessors.services.SemanticRepositoryQuery} 61054 ms. Memory: 2945024K Free: 346104K (12%)
#Configuration.check: entity: org.terraswarm.accessor.JSAccessor {.configuration.actor library.MoreLibraries.Accessors.services.SemanticYelpSearch} 61967 ms. Memory: 2945024K Free: 315392K (11%)
#Configuration.check: entity: org.terraswarm.accessor.JSAccessor {.configuration.actor library.MoreLibraries.Accessors.services.SpeechRecognition} 64482 ms. Memory: 2945024K Free: 268296K (9%)
#Configuration.check: entity: org.terraswarm.accessor.JSAccessor {.configuration.actor library.MoreLibraries.Accessors.services.Weather} 65663 ms. Memory: 2945024K Free: 254517K (9%)
#Configuration.check: entity: org.terraswarm.accessor.JSAccessor {.configuration.actor library.MoreLibraries.Accessors.services.WiFiScan} 66933 ms. Memory: 2945024K Free: 221199K (8%)
#Configuration.check: entity: org.terraswarm.accessor.JSAccessor {.configuration.actor library.MoreLibraries.Accessors.services.YelpSearch} 68137 ms. Memory: 2945024K Free: 214550K (7%)
#Configuration.check: entity: org.terraswarm.accessor.JSAccessor {.configuration.actor library.MoreLibraries.Accessors.signals.FFT} 69263 ms. Memory: 2945024K Free: 186368K (6%)
#Configuration.check: entity: org.terraswarm.accessor.JSAccessor {.configuration.actor library.MoreLibraries.Accessors.test.MochaTest} 70169 ms. Memory: 2945024K Free: 182867K (6%)
#Configuration.check: entity: org.terraswarm.accessor.JSAccessor {.configuration.actor library.MoreLibraries.Accessors.test.TestAccessor} 72031 ms. Memory: 2945024K Free: 205873K (7%)
#Configuration.check: entity: org.terraswarm.accessor.JSAccessor {.configuration.actor library.MoreLibraries.Accessors.test.TestAdder} 72633 ms. Memory: 2945024K Free: 207360K (7%)
#Configuration.check: entity: org.terraswarm.accessor.JSAccessor {.configuration.actor library.MoreLibraries.Accessors.test.TestBaseC} 73377 ms. Memory: 2945024K Free: 249853K (8%)
#Configuration.check: entity: org.terraswarm.accessor.JSAccessor {.configuration.actor library.MoreLibraries.Accessors.test.TestComposite} 74023 ms. Memory: 2945024K Free: 255486K (9%)
#Configuration.check: entity: org.terraswarm.accessor.JSAccessor {.configuration.actor library.MoreLibraries.Accessors.test.TestCompositeSpontaneous} 74726 ms. Memory: 2945024K Free: 242176K (8%)
#Configuration.check: entity: org.terraswarm.accessor.JSAccessor {.configuration.actor library.MoreLibraries.Accessors.test.TestDerivedAgainA} 75766 ms. Memory: 2945024K Free: 229374K (8%)
#Configuration.check: entity: org.terraswarm.accessor.JSAccessor {.configuration.actor library.MoreLibraries.Accessors.test.TestDerivedC} 76767 ms. Memory: 2945024K Free: 226816K (8%)
#Configuration.check: entity: org.terraswarm.accessor.JSAccessor {.configuration.actor library.MoreLibraries.Accessors.test.TestFunctions} 77720 ms. Memory: 2945024K Free: 226310K (8%)
#Configuration.check: entity: org.terraswarm.accessor.JSAccessor {.configuration.actor library.MoreLibraries.Accessors.test.TestGain} 78624 ms. Memory: 2945024K Free: 232958K (8%)
#Configuration.check: entity: org.terraswarm.accessor.JSAccessor {.configuration.actor library.MoreLibraries.Accessors.test.TestImplement} 79614 ms. Memory: 2945024K Free: 236076K (8%)
#Configuration.check: entity: org.terraswarm.accessor.JSAccessor {.configuration.actor library.MoreLibraries.Accessors.test.TestInheritance} 80629 ms. Memory: 2945024K Free: 231435K (8%)
#Configuration.check: entity: org.terraswarm.accessor.JSAccessor {.configuration.actor library.MoreLibraries.Accessors.test.TestRequire} 81867 ms. Memory: 2945024K Free: 226816K (8%)
#Configuration.check: entity: org.terraswarm.accessor.JSAccessor {.configuration.actor library.MoreLibraries.Accessors.test.TestSpontaneous} 82803 ms. Memory: 2945024K Free: 222258K (8%)
#Configuration.check: entity: org.terraswarm.accessor.JSAccessor {.configuration.actor library.MoreLibraries.Accessors.test.TestSpontaneousOnce} 83674 ms. Memory: 2945024K Free: 226831K (8%)
#Configuration.check: entity: org.terraswarm.accessor.JSAccessor {.configuration.actor library.MoreLibraries.Accessors.test.TrainableTest} 84536 ms. Memory: 2945024K Free: 232498K (8%)
#Configuration.check: entity: org.terraswarm.accessor.JSAccessor {.configuration.actor library.MoreLibraries.Accessors.utilities.Clock} 85433 ms. Memory: 2945024K Free: 231969K (8%)
#Configuration.check: entity: org.terraswarm.accessor.JSAccessor {.configuration.actor library.MoreLibraries.Accessors.utilities.Cron} 86100 ms. Memory: 2945024K Free: 237061K (8%)
#Configuration.check: entity: org.terraswarm.accessor.JSAccessor {.configuration.actor library.MoreLibraries.Accessors.utilities.Exec} 86929 ms. Memory: 2945024K Free: 289838K (10%)
#Configuration.check: entity: org.terraswarm.accessor.JSAccessor {.configuration.actor library.MoreLibraries.Accessors.utilities.GetAccessor} 87534 ms. Memory: 2945024K Free: 162348K (6%)
#Configuration.check: entity: org.terraswarm.accessor.JSAccessor {.configuration.actor library.MoreLibraries.Accessors.utilities.GetResource} 88259 ms. Memory: 2945024K Free: 158206K (5%)
#Configuration.check: entity: org.terraswarm.accessor.JSAccessor {.configuration.actor library.MoreLibraries.Accessors.utilities.HostName} 88952 ms. Memory: 2945024K Free: 160256K (5%)
#Configuration.check: entity: org.terraswarm.accessor.JSAccessor {.configuration.actor library.MoreLibraries.Accessors.utilities.LocalStorage} 89545 ms. Memory: 2945024K Free: 167936K (6%)
#Configuration.check: entity: org.terraswarm.accessor.JSAccessor {.configuration.actor library.MoreLibraries.Accessors.utilities.Mutable} 90473 ms. Memory: 2945024K Free: 158720K (5%)
#Configuration.check: entity: org.terraswarm.accessor.JSAccessor {.configuration.actor library.MoreLibraries.Accessors.utilities.MutableBase} 91443 ms. Memory: 2945024K Free: 158718K (5%)
#Configuration.check: entity: org.terraswarm.accessor.JSAccessor {.configuration.actor library.MoreLibraries.Accessors.utilities.Stop} 92428 ms. Memory: 2945024K Free: 164881K (6%)
#Configuration.check: entity: org.terraswarm.accessor.JSAccessor {.configuration.actor library.MoreLibraries.Accessors.utilities.TextDisplay} 93365 ms. Memory: 2945024K Free: 171542K (6%)
#Configuration.check: entity: org.terraswarm.accessor.JSAccessor {.configuration.actor library.MoreLibraries.Accessors.utilities.UserInterface} 94421 ms. Memory: 2945024K Free: 162857K (6%)
#Configuration.check: entity: ptolemy.domains.de.lib.aspect.AFDXESs {.configuration.actor library.MoreLibraries.Aspects.AFDX_ESs} 95687 ms. Memory: 2945024K Free: 149582K (5%)
#Configuration.check: entity: ptolemy.domains.de.lib.aspect.AFDXSwitch {.configuration.actor library.MoreLibraries.Aspects.AFDX_SW} 95690 ms. Memory: 2945024K Free: 149070K (5%)
#Configuration.check: entity: ptolemy.domains.de.lib.aspect.Bus {.configuration.actor library.MoreLibraries.Aspects.Bus} 95692 ms. Memory: 2945024K Free: 148560K (5%)
#Configuration.check: entity: ptolemy.domains.de.lib.aspect.BasicSwitch {.configuration.actor library.MoreLibraries.Aspects.BasicSwitch} 95693 ms. Memory: 2945024K Free: 148046K (5%)
#Configuration.check: entity: ptolemy.actor.lib.aspect.CanBus {.configuration.actor library.MoreLibraries.Aspects.CanBus} 95695 ms. Memory: 2945024K Free: 147008K (5%)
#Configuration.check: entity: ptolemy.actor.gui.CommunicationAspectMonitor {.configuration.actor library.MoreLibraries.Aspects.CommunicationAspectMonitor} 95696 ms. Memory: 2945024K Free: 147008K (5%)
#Configuration.check: entity: ptolemy.domains.de.lib.aspect.CrossbarSwitch {.configuration.actor library.MoreLibraries.Aspects.CrossbarSwitch} 95696 ms. Memory: 2945024K Free: 146512K (5%)
#Configuration.check: entity: ptolemy.actor.lib.aspect.DynamicCoreAssignmentScheduler {.configuration.actor library.MoreLibraries.Aspects.DynamicCoreAssignmentScheduler} 95698 ms. Memory: 2945024K Free: 145488K (5%)
#Configuration.check: entity: ptolemy.actor.lib.aspect.EDFScheduler {.configuration.actor library.MoreLibraries.Aspects.EDFScheduler} 95700 ms. Memory: 2945024K Free: 144464K (5%)
#Configuration.check: entity: ptolemy.actor.lib.aspect.FixedPriorityScheduler {.configuration.actor library.MoreLibraries.Aspects.FixedPriorityScheduler} 95700 ms. Memory: 2945024K Free: 144464K (5%)
#Configuration.check: entity: ptolemy.domains.de.lib.aspect.TTESwitch {.configuration.actor library.MoreLibraries.Aspects.TTESwitch} 95701 ms. Memory: 2945024K Free: 143950K (5%)
#Configuration.check: entity: lbnl.actor.lib.Simulator {.configuration.actor library.MoreLibraries.Co-Simulation.Simulator.Simulator} 95702 ms. Memory: 2945024K Free: 143440K (5%)
#Configuration.check: entity: lbnl.actor.lib.SystemCommand {.configuration.actor library.MoreLibraries.Co-Simulation.Simulator.SystemCommand} 95704 ms. Memory: 2945024K Free: 142926K (5%)
#Configuration.check: entity: org.hlacerti.lib.HlaPublisher {.configuration.actor library.MoreLibraries.Co-Simulation.HLA.HlaPublisher} 95704 ms. Memory: 2945024K Free: 142416K (5%)
#Configuration.check: entity: org.hlacerti.lib.HlaSubscriber {.configuration.actor library.MoreLibraries.Co-Simulation.HLA.HlaSubscriber} 95705 ms. Memory: 2945024K Free: 141902K (5%)
#Configuration.check: entity: ptolemy.actor.lib.database.DatabaseManager {.configuration.actor library.MoreLibraries.DatabaseActors.DatabaseManager} 95706 ms. Memory: 2945024K Free: 141392K (5%)
#Configuration.check: entity: ptolemy.actor.lib.database.DatabaseQuery {.configuration.actor library.MoreLibraries.DatabaseActors.DatabaseQuery} 95708 ms. Memory: 2945024K Free: 141392K (5%)
#Configuration.check: entity: ptolemy.actor.lib.database.DatabaseSelect {.configuration.actor library.MoreLibraries.DatabaseActors.DatabaseSelect} 95708 ms. Memory: 2945024K Free: 140848K (5%)
#Configuration.check: entity: ptolemy.actor.lib.database.DatabaseInsert {.configuration.actor library.MoreLibraries.DatabaseActors.DatabaseInsert} 95710 ms. Memory: 2945024K Free: 140848K (5%)
#Configuration.check: entity: ptolemy.actor.lib.database.SQLStatement {.configuration.actor library.MoreLibraries.DatabaseActors.SQLStatement} 95710 ms. Memory: 2945024K Free: 140368K (5%)
#Configuration.check: entity: ptolemy.actor.lib.database.ArrayOfRecordsRecorder {.configuration.actor library.MoreLibraries.DatabaseActors.ArrayOfRecordsRecorder} 95710 ms. Memory: 2945024K Free: 140368K (5%)
#Configuration.check: entity: ptolemy.actor.lib.PoissonClock {.configuration.actor library.MoreLibraries.DesignPatterns.DiscreteEvent.DESourceSink.PoissonClock} 95711 ms. Memory: 2945024K Free: 139840K (5%)
#Configuration.check: entity: ptolemy.actor.lib.Ramp {.configuration.actor library.MoreLibraries.DesignPatterns.DiscreteEvent.DESourceSink.Ramp} 95712 ms. Memory: 2945024K Free: 139840K (5%)
#Configuration.check: entity: ptolemy.actor.lib.gui.TimedPlotter {.configuration.actor library.MoreLibraries.DesignPatterns.DiscreteEvent.DESourceSink.TimedPlotter} 95713 ms. Memory: 2945024K Free: 139344K (5%)
#Configuration.check: entity: ptolemy.domains.sdf.lib.SampleDelay {.configuration.actor library.MoreLibraries.DesignPatterns.DynamicDataFlow.DDFRepeatForCount.SampleDelay} 95714 ms. Memory: 2945024K Free: 139344K (5%)
#Configuration.check: entity: ptolemy.actor.lib.Const {.configuration.actor library.MoreLibraries.DesignPatterns.DynamicDataFlow.DDFRepeatForCount.Const} 95715 ms. Memory: 2945024K Free: 138816K (5%)
#Configuration.check: entity: ptolemy.actor.lib.Ramp {.configuration.actor library.MoreLibraries.DesignPatterns.DynamicDataFlow.DDFRepeatForCount.Ramp} 95715 ms. Memory: 2945024K Free: 138816K (5%)
#Configuration.check: entity: ptolemy.actor.lib.Expression {.configuration.actor library.MoreLibraries.DesignPatterns.DynamicDataFlow.DDFRepeatForCount.Expression} 95716 ms. Memory: 2945024K Free: 138320K (5%)
#Configuration.check: entity: ptolemy.actor.lib.BooleanSwitch {.configuration.actor library.MoreLibraries.DesignPatterns.DynamicDataFlow.DDFRepeatForCount.Switch} 95716 ms. Memory: 2945024K Free: 138320K (5%)
#Configuration.check: entity: ptolemy.domains.ddf.lib.DDFBooleanSelect {.configuration.actor library.MoreLibraries.DesignPatterns.DynamicDataFlow.DDFRepeatForCount.Select} 95717 ms. Memory: 2945024K Free: 138320K (5%)
#Configuration.check: entity: ptolemy.actor.lib.Const {.configuration.actor library.MoreLibraries.DesignPatterns.DynamicDataFlow.DDFRepeatForCount.Source} 95717 ms. Memory: 2945024K Free: 137806K (5%)
#Configuration.check: entity: ptolemy.actor.lib.gui.Display {.configuration.actor library.MoreLibraries.DesignPatterns.DynamicDataFlow.DDFRepeatForCount.Sink} 95717 ms. Memory: 2945024K Free: 137806K (5%)
#Configuration.check: entity: ptolemy.actor.lib.Counter {.configuration.actor library.MoreLibraries.DesignPatterns.DynamicDataFlow.DDFRepeatForCount.RepeatedAction.Counter} 95718 ms. Memory: 2945024K Free: 137296K (5%)
#Configuration.check: entity: ptolemy.domains.rendezvous.lib.Barrier {.configuration.actor library.MoreLibraries.DesignPatterns.Rendezvous.RendezvousSynchrony.Barrier} 95719 ms. Memory: 2945024K Free: 137296K (5%)
#Configuration.check: entity: ptolemy.domains.ca.lib.gui.CAViewer {.configuration.actor library.MoreLibraries.ExperimentalDomains.CellularAutomata.CA Viewer} 95722 ms. Memory: 2945024K Free: 136782K (5%)
#Configuration.check: entity: ptolemy.domains.dde.lib.DDESink {.configuration.actor library.MoreLibraries.ExperimentalDomains.DDE.dde.DDESink} 95724 ms. Memory: 2945024K Free: 136272K (5%)
#Configuration.check: entity: ptolemy.domains.dde.lib.DoubleFork {.configuration.actor library.MoreLibraries.ExperimentalDomains.DDE.dde.DoubleFork} 95724 ms. Memory: 2945024K Free: 136272K (5%)
#Configuration.check: entity: ptolemy.domains.dde.lib.Wire {.configuration.actor library.MoreLibraries.ExperimentalDomains.DDE.dde.Wire} 95724 ms. Memory: 2945024K Free: 136272K (5%)
#Configuration.check: entity: ptolemy.domains.gr.lib.Box3D {.configuration.actor library.MoreLibraries.ExperimentalDomains.Graphics.Graphics.Box3D} 95724 ms. Memory: 2945024K Free: 135758K (5%)
#Configuration.check: entity: ptolemy.domains.gr.lib.CircularSweep3D {.configuration.actor library.MoreLibraries.ExperimentalDomains.Graphics.Graphics.CircularSweep3D} 95726 ms. Memory: 2945024K Free: 134734K (5%)
#Configuration.check: entity: ptolemy.domains.gr.lib.Cone3D {.configuration.actor library.MoreLibraries.ExperimentalDomains.Graphics.Graphics.Cone3D} 95728 ms. Memory: 2945024K Free: 134224K (5%)
#Configuration.check: entity: ptolemy.domains.gr.lib.Cylinder3D {.configuration.actor library.MoreLibraries.ExperimentalDomains.Graphics.Graphics.Cylinder3D} 95730 ms. Memory: 2945024K Free: 132672K (5%)
#Configuration.check: entity: ptolemy.domains.gr.lib.PolyCylinder3D {.configuration.actor library.MoreLibraries.ExperimentalDomains.Graphics.Graphics.PolyCylinder3D} 95732 ms. Memory: 2945024K Free: 131648K (4%)
#Configuration.check: entity: ptolemy.domains.gr.lib.Sphere3D {.configuration.actor library.MoreLibraries.ExperimentalDomains.Graphics.Graphics.Sphere3D} 95733 ms. Memory: 2945024K Free: 130632K (4%)
#Configuration.check: entity: ptolemy.domains.gr.lib.TextString3D {.configuration.actor library.MoreLibraries.ExperimentalDomains.Graphics.Graphics.TextString3D} 95735 ms. Memory: 2945024K Free: 129614K (4%)
#Configuration.check: entity: ptolemy.domains.gr.lib.Torus3D {.configuration.actor library.MoreLibraries.ExperimentalDomains.Graphics.Graphics.Torus3D} 95737 ms. Memory: 2945024K Free: 128560K (4%)
#Configuration.check: entity: ptolemy.domains.gr.lib.Rotate3D {.configuration.actor library.MoreLibraries.ExperimentalDomains.Graphics.Graphics.Rotate3D} 95738 ms. Memory: 2945024K Free: 127552K (4%)
#Configuration.check: entity: ptolemy.domains.gr.lib.Scale3D {.configuration.actor library.MoreLibraries.ExperimentalDomains.Graphics.Graphics.Scale3D} 95739 ms. Memory: 2945024K Free: 127552K (4%)
#Configuration.check: entity: ptolemy.domains.gr.lib.Translate3D {.configuration.actor library.MoreLibraries.ExperimentalDomains.Graphics.Graphics.Translate3D} 95739 ms. Memory: 2945024K Free: 127552K (4%)
#Configuration.check: entity: ptolemy.domains.gr.lib.Translate2D {.configuration.actor library.MoreLibraries.ExperimentalDomains.Graphics.Graphics.Translate2D} 95739 ms. Memory: 2945024K Free: 127552K (4%)
#Configuration.check: entity: ptolemy.domains.gr.lib.KeyInput3D {.configuration.actor library.MoreLibraries.ExperimentalDomains.Graphics.Graphics.KeyInput3D} 95739 ms. Memory: 2945024K Free: 127552K (4%)
#Configuration.check: entity: ptolemy.domains.gr.lib.MouseInput3D {.configuration.actor library.MoreLibraries.ExperimentalDomains.Graphics.Graphics.MouseInput3D} 95739 ms. Memory: 2945024K Free: 127552K (4%)
#Configuration.check: entity: ptolemy.domains.gr.lib.Rotate3D {.configuration.actor library.MoreLibraries.ExperimentalDomains.Graphics.Graphics.ThreeAxisRotator3D.Rotate3D} 95739 ms. Memory: 2945024K Free: 127552K (4%)
#Configuration.check: entity: ptolemy.domains.gr.lib.Rotate3D {.configuration.actor library.MoreLibraries.ExperimentalDomains.Graphics.Graphics.ThreeAxisRotator3D.Rotate3D2} 95740 ms. Memory: 2945024K Free: 127056K (4%)
#Configuration.check: entity: ptolemy.domains.gr.lib.Rotate3D {.configuration.actor library.MoreLibraries.ExperimentalDomains.Graphics.Graphics.ThreeAxisRotator3D.Rotate3D3} 95740 ms. Memory: 2945024K Free: 127056K (4%)
#Configuration.check: entity: ptolemy.domains.gr.lib.ViewScreen2D {.configuration.actor library.MoreLibraries.ExperimentalDomains.Graphics.Graphics.ViewScreen2D} 95741 ms. Memory: 2945024K Free: 127056K (4%)
#Configuration.check: entity: ptolemy.domains.gr.lib.ViewScreen3D {.configuration.actor library.MoreLibraries.ExperimentalDomains.Graphics.Graphics.ViewScreen3D} 95741 ms. Memory: 2945024K Free: 126542K (4%)
#Configuration.check: entity: ptolemy.domains.gr.lib.MovableViewScreen3D {.configuration.actor library.MoreLibraries.ExperimentalDomains.Graphics.Graphics.MovableViewScreen3D} 95742 ms. Memory: 2945024K Free: 126542K (4%)
#Configuration.check: entity: ptolemy.domains.petrinet.kernel.Place {.configuration.actor library.MoreLibraries.ExperimentalDomains.PetriNet.Place} 95742 ms. Memory: 2945024K Free: 126032K (4%)
#Configuration.check: entity: ptolemy.domains.pthales.lib.PthalesGenericActor {.configuration.actor library.MoreLibraries.ExperimentalDomains.Pthales.PthalesGenericActor} 95743 ms. Memory: 2945024K Free: 126032K (4%)
#Configuration.check: entity: ptolemy.domains.pthales.lib.PthalesAddHeaderActor {.configuration.actor library.MoreLibraries.ExperimentalDomains.Pthales.PthalesAddHeaderActor} 95743 ms. Memory: 2945024K Free: 126032K (4%)
#Configuration.check: entity: ptolemy.domains.pthales.lib.PthalesRemoveHeaderActor {.configuration.actor library.MoreLibraries.ExperimentalDomains.Pthales.PthalesRemoveHeaderActor} 95743 ms. Memory: 2945024K Free: 126032K (4%)
#Configuration.check: entity: ptolemy.actor.lib.Exec {.configuration.actor library.MoreLibraries.Esoteric.Exec} 95743 ms. Memory: 2945024K Free: 125518K (4%)
#Configuration.check: entity: ptolemy.caltrop.actors.CalInterpreter {.configuration.actor library.MoreLibraries.Esoteric.CalInterpreter} 95744 ms. Memory: 2945024K Free: 125518K (4%)
#Configuration.check: entity: ptolemy.actor.lib.OrderedMerge {.configuration.actor library.MoreLibraries.Esoteric.OrderedMerge} 95744 ms. Memory: 2945024K Free: 125518K (4%)
#Configuration.check: entity: ptolemy.actor.lib.RemoveNilTokens {.configuration.actor library.MoreLibraries.Esoteric.RemoveNilTokens} 95745 ms. Memory: 2945024K Free: 125008K (4%)
#Configuration.check: entity: ptolemy.actor.lib.gem5.Gem5Wrapper {.configuration.actor library.MoreLibraries.Gem5.Gem5Wrapper} 95745 ms. Memory: 2945024K Free: 125008K (4%)
#Configuration.check: entity: ptolemy.actor.gt.ModelCombine {.configuration.actor library.MoreLibraries.GraphTransformation.ModelCombine} 95746 ms. Memory: 2945024K Free: 125008K (4%)
#Configuration.check: entity: ptolemy.actor.gt.ModelExecutor {.configuration.actor library.MoreLibraries.GraphTransformation.ModelExecutor} 95746 ms. Memory: 2945024K Free: 124494K (4%)
#Configuration.check: entity: ptolemy.actor.gt.ModelGenerator {.configuration.actor library.MoreLibraries.GraphTransformation.ModelGenerator} 95747 ms. Memory: 2945024K Free: 124494K (4%)
#Configuration.check: entity: ptolemy.actor.gt.ModelView {.configuration.actor library.MoreLibraries.GraphTransformation.ModelView} 95748 ms. Memory: 2945024K Free: 123984K (4%)
#Configuration.check: entity: ptolemy.actor.gt.MoMLGenerator {.configuration.actor library.MoreLibraries.GraphTransformation.MoMLGenerator} 95750 ms. Memory: 2945024K Free: 123470K (4%)
#Configuration.check: entity: ptolemy.domains.gr.lib.Box3D {.configuration.actor library.MoreLibraries.Graphics.Graphics.Box3D} 95751 ms. Memory: 2945024K Free: 122960K (4%)
#Configuration.check: entity: ptolemy.domains.gr.lib.CircularSweep3D {.configuration.actor library.MoreLibraries.Graphics.Graphics.CircularSweep3D} 95753 ms. Memory: 2945024K Free: 121936K (4%)
#Configuration.check: entity: ptolemy.domains.gr.lib.Cone3D {.configuration.actor library.MoreLibraries.Graphics.Graphics.Cone3D} 95756 ms. Memory: 2945024K Free: 120912K (4%)
#Configuration.check: entity: ptolemy.domains.gr.lib.Cylinder3D {.configuration.actor library.MoreLibraries.Graphics.Graphics.Cylinder3D} 95758 ms. Memory: 2945024K Free: 119888K (4%)
#Configuration.check: entity: ptolemy.domains.gr.lib.PolyCylinder3D {.configuration.actor library.MoreLibraries.Graphics.Graphics.PolyCylinder3D} 95760 ms. Memory: 2945024K Free: 118864K (4%)
#Configuration.check: entity: ptolemy.domains.gr.lib.Sphere3D {.configuration.actor library.MoreLibraries.Graphics.Graphics.Sphere3D} 95762 ms. Memory: 2945024K Free: 117840K (4%)
#Configuration.check: entity: ptolemy.domains.gr.lib.TextString3D {.configuration.actor library.MoreLibraries.Graphics.Graphics.TextString3D} 95763 ms. Memory: 2945024K Free: 116816K (4%)
#Configuration.check: entity: ptolemy.domains.gr.lib.Torus3D {.configuration.actor library.MoreLibraries.Graphics.Graphics.Torus3D} 95765 ms. Memory: 2945024K Free: 115792K (4%)
#Configuration.check: entity: ptolemy.domains.gr.lib.Rotate3D {.configuration.actor library.MoreLibraries.Graphics.Graphics.Rotate3D} 95766 ms. Memory: 2945024K Free: 114768K (4%)
#Configuration.check: entity: ptolemy.domains.gr.lib.Scale3D {.configuration.actor library.MoreLibraries.Graphics.Graphics.Scale3D} 95767 ms. Memory: 2945024K Free: 114768K (4%)
#Configuration.check: entity: ptolemy.domains.gr.lib.Translate3D {.configuration.actor library.MoreLibraries.Graphics.Graphics.Translate3D} 95767 ms. Memory: 2945024K Free: 114768K (4%)
#Configuration.check: entity: ptolemy.domains.gr.lib.Translate2D {.configuration.actor library.MoreLibraries.Graphics.Graphics.Translate2D} 95767 ms. Memory: 2945024K Free: 114766K (4%)
#Configuration.check: entity: ptolemy.domains.gr.lib.KeyInput3D {.configuration.actor library.MoreLibraries.Graphics.Graphics.KeyInput3D} 95767 ms. Memory: 2945024K Free: 114254K (4%)
#Configuration.check: entity: ptolemy.domains.gr.lib.MouseInput3D {.configuration.actor library.MoreLibraries.Graphics.Graphics.MouseInput3D} 95767 ms. Memory: 2945024K Free: 114254K (4%)
#Configuration.check: entity: ptolemy.domains.gr.lib.Rotate3D {.configuration.actor library.MoreLibraries.Graphics.Graphics.ThreeAxisRotator3D.Rotate3D} 95767 ms. Memory: 2945024K Free: 114254K (4%)
#Configuration.check: entity: ptolemy.domains.gr.lib.Rotate3D {.configuration.actor library.MoreLibraries.Graphics.Graphics.ThreeAxisRotator3D.Rotate3D2} 95768 ms. Memory: 2945024K Free: 114254K (4%)
#Configuration.check: entity: ptolemy.domains.gr.lib.Rotate3D {.configuration.actor library.MoreLibraries.Graphics.Graphics.ThreeAxisRotator3D.Rotate3D3} 95768 ms. Memory: 2945024K Free: 114254K (4%)
#Configuration.check: entity: ptolemy.domains.gr.lib.ViewScreen2D {.configuration.actor library.MoreLibraries.Graphics.Graphics.ViewScreen2D} 95769 ms. Memory: 2945024K Free: 113744K (4%)
#Configuration.check: entity: ptolemy.domains.gr.lib.ViewScreen3D {.configuration.actor library.MoreLibraries.Graphics.Graphics.ViewScreen3D} 95769 ms. Memory: 2945024K Free: 113744K (4%)
#Configuration.check: entity: ptolemy.domains.gr.lib.MovableViewScreen3D {.configuration.actor library.MoreLibraries.Graphics.Graphics.MovableViewScreen3D} 95769 ms. Memory: 2945024K Free: 113744K (4%)
#Configuration.check: entity: ptolemy.actor.lib.image.ImageDisplay {.configuration.actor library.MoreLibraries.ImageProcessing.Generic.ImageDisplay} 95770 ms. Memory: 2945024K Free: 113230K (4%)
#Configuration.check: entity: ptolemy.actor.lib.image.ImageReader {.configuration.actor library.MoreLibraries.ImageProcessing.Generic.ImageReader} 95772 ms. Memory: 2945024K Free: 112720K (4%)
#Configuration.check: entity: ptolemy.actor.lib.image.ImageRotate {.configuration.actor library.MoreLibraries.ImageProcessing.Generic.ImageRotate} 95772 ms. Memory: 2945024K Free: 112720K (4%)
#Configuration.check: entity: ptolemy.actor.lib.image.ImageToString {.configuration.actor library.MoreLibraries.ImageProcessing.Generic.ImageToString} 95772 ms. Memory: 2945024K Free: 112720K (4%)
#Configuration.check: entity: ptolemy.actor.lib.image.URLToImage {.configuration.actor library.MoreLibraries.ImageProcessing.Generic.URLToImage} 95772 ms. Memory: 2945024K Free: 112720K (4%)
#Configuration.check: entity: ptolemy.domains.sdf.lib.vq.HTVQEncode {.configuration.actor library.MoreLibraries.ImageProcessing.VectorQuantization.HTVQEncode} 95772 ms. Memory: 2945024K Free: 112720K (4%)
#Configuration.check: entity: ptolemy.domains.sdf.lib.vq.ImageContrast {.configuration.actor library.MoreLibraries.ImageProcessing.VectorQuantization.ImageContrast} 95837 ms. Memory: 2945024K Free: 241543K (8%)
#Configuration.check: entity: ptolemy.domains.sdf.lib.vq.ImageDisplay {.configuration.actor library.MoreLibraries.ImageProcessing.VectorQuantization.ImageDisplay} 95837 ms. Memory: 2945024K Free: 241543K (8%)
#Configuration.check: entity: ptolemy.domains.sdf.lib.vq.ImagePartition {.configuration.actor library.MoreLibraries.ImageProcessing.VectorQuantization.ImagePartition} 95838 ms. Memory: 2945024K Free: 241543K (8%)
#Configuration.check: entity: ptolemy.domains.sdf.lib.vq.ImageSequence {.configuration.actor library.MoreLibraries.ImageProcessing.VectorQuantization.ImageSequence} 95838 ms. Memory: 2945024K Free: 241543K (8%)
#Configuration.check: entity: ptolemy.domains.sdf.lib.vq.ImageUnpartition {.configuration.actor library.MoreLibraries.ImageProcessing.VectorQuantization.ImageUnpartition} 95838 ms. Memory: 2945024K Free: 241287K (8%)
#Configuration.check: entity: ptolemy.domains.sdf.lib.vq.PSNR {.configuration.actor library.MoreLibraries.ImageProcessing.VectorQuantization.PSNR} 95839 ms. Memory: 2945024K Free: 241287K (8%)
#Configuration.check: entity: ptolemy.domains.sdf.lib.vq.VQDecode {.configuration.actor library.MoreLibraries.ImageProcessing.VectorQuantization.VQDecode} 95839 ms. Memory: 2945024K Free: 241287K (8%)
#Configuration.check: entity: ptolemy.vergil.actor.lib.LEDMatrix {.configuration.actor library.MoreLibraries.InteractiveIcons.LEDMatrix} 95839 ms. Memory: 2945024K Free: 240775K (8%)
#Configuration.check: entity: ptolemy.vergil.actor.lib.MonitorImage {.configuration.actor library.MoreLibraries.InteractiveIcons.MonitorImage} 95859 ms. Memory: 2945024K Free: 235903K (8%)
#Configuration.check: entity: ptolemy.actor.lib.conversions.json.JSONToToken {.configuration.actor library.MoreLibraries.JSON.JSONToToken} 95859 ms. Memory: 2945024K Free: 235903K (8%)
#Configuration.check: entity: ptolemy.actor.lib.conversions.json.TokenToJSON {.configuration.actor library.MoreLibraries.JSON.TokenToJSON} 95860 ms. Memory: 2945024K Free: 235903K (8%)
#Configuration.check: entity: org.ptolemy.machineLearning.clustering.KMeans {.configuration.actor library.MoreLibraries.MachineLearning.Clustering.KMeans} 95860 ms. Memory: 2945024K Free: 235903K (8%)
#Configuration.check: entity: org.ptolemy.machineLearning.hmm.HMMGaussianEstimator {.configuration.actor library.MoreLibraries.MachineLearning.HMM.HMMGaussianEstimator} 95861 ms. Memory: 2945024K Free: 235399K (8%)
#Configuration.check: entity: org.ptolemy.machineLearning.hmm.HMMExponentialEstimator {.configuration.actor library.MoreLibraries.MachineLearning.HMM.HMMExponentialEstimator} 95864 ms. Memory: 2945024K Free: 234375K (8%)
#Configuration.check: entity: org.ptolemy.machineLearning.hmm.HMMMultinomialEstimator {.configuration.actor library.MoreLibraries.MachineLearning.HMM.HMMMultinomialEstimator} 95867 ms. Memory: 2945024K Free: 232823K (8%)
#Configuration.check: entity: org.ptolemy.machineLearning.hmm.HMMGaussianClassifier {.configuration.actor library.MoreLibraries.MachineLearning.HMM.HMMGaussianClassifier} 95870 ms. Memory: 2945024K Free: 231303K (8%)
#Configuration.check: entity: org.ptolemy.machineLearning.hmm.HMMExponentialClassifier {.configuration.actor library.MoreLibraries.MachineLearning.HMM.HMMExponentialClassifier} 95873 ms. Memory: 2945024K Free: 230279K (8%)
#Configuration.check: entity: org.ptolemy.machineLearning.hmm.HMMMultinomialClassifier {.configuration.actor library.MoreLibraries.MachineLearning.HMM.HMMMultinomialClassifier} 95876 ms. Memory: 2945024K Free: 229255K (8%)
#Configuration.check: entity: org.ptolemy.machineLearning.hsmm.HSMMMultinomialEstimator {.configuration.actor library.MoreLibraries.MachineLearning.HSMM.HSMMMultinomialEstimator} 95879 ms. Memory: 2945024K Free: 228231K (8%)
#Configuration.check: entity: org.ptolemy.machineLearning.hsmm.HSMMTimeAwareMultinomialEstimator {.configuration.actor library.MoreLibraries.MachineLearning.HSMM.HSMMTimeAwareMultinomialEstimator} 95885 ms. Memory: 2945024K Free: 226183K (8%)
#Configuration.check: entity: org.ptolemy.machineLearning.hsmm.HSMMGaussianEstimator {.configuration.actor library.MoreLibraries.MachineLearning.HSMM.HSMMGaussianEstimator} 95890 ms. Memory: 2945024K Free: 223621K (8%)
#Configuration.check: entity: org.ptolemy.machineLearning.hsmm.HSMMGeneratorGaussianEmissions {.configuration.actor library.MoreLibraries.MachineLearning.HSMM.HSMMGeneratorGaussianEmissions} 95897 ms. Memory: 2945024K Free: 221559K (8%)
#Configuration.check: entity: org.ptolemy.machineLearning.hsmm.HSMMGeneratorMultinomialEmissions {.configuration.actor library.MoreLibraries.MachineLearning.HSMM.HSMMGeneratorMultinomialEmissions} 95898 ms. Memory: 2945024K Free: 220535K (7%)
#Configuration.check: entity: org.ptolemy.machineLearning.hsmm.HSMMTimeAwareGenerator {.configuration.actor library.MoreLibraries.MachineLearning.HSMM.HSMMTimeAwareGenerator} 95900 ms. Memory: 2945024K Free: 220039K (7%)
#Configuration.check: entity: org.ptolemy.ssm.GaussianMeasurementModel {.configuration.actor library.MoreLibraries.MachineLearning.StateSpaceModel.GaussianMeasurementModel} 95906 ms. Memory: 2945024K Free: 217471K (7%)
#Configuration.check: entity: org.ptolemy.ssm.Map {.configuration.actor library.MoreLibraries.MachineLearning.StateSpaceModel.Map} 95908 ms. Memory: 2945024K Free: 216967K (7%)
#Configuration.check: entity: org.ptolemy.ssm.StateSpaceModel {.configuration.actor library.MoreLibraries.MachineLearning.StateSpaceModel.StateSpaceModel} 95910 ms. Memory: 2945024K Free: 216453K (7%)
#Configuration.check: entity: ptolemy.actor.lib.mail.SendMail {.configuration.actor library.MoreLibraries.Mail.SendMail} 95912 ms. Memory: 2945024K Free: 215423K (7%)
#Configuration.check: entity: ptolemy.actor.lib.mbed.Accelerometer {.configuration.actor library.MoreLibraries.Mbed.Accelerometer} 95914 ms. Memory: 2945024K Free: 214919K (7%)
#Configuration.check: entity: ptolemy.actor.lib.mbed.CC3000Control {.configuration.actor library.MoreLibraries.Mbed.CC3000Control} 95915 ms. Memory: 2945024K Free: 214405K (7%)
#Configuration.check: entity: ptolemy.actor.lib.mbed.CC3000Module {.configuration.actor library.MoreLibraries.Mbed.CC3000Module} 95916 ms. Memory: 2945024K Free: 213895K (7%)
#Configuration.check: entity: ptolemy.actor.lib.mbed.GestureRecognition {.configuration.actor library.MoreLibraries.Mbed.GestureRecognition} 95916 ms. Memory: 2945024K Free: 213895K (7%)
#Configuration.check: entity: ptolemy.actor.lib.mbed.GPIOWriter {.configuration.actor library.MoreLibraries.Mbed.GPIOWriter} 95917 ms. Memory: 2945024K Free: 213895K (7%)
#Configuration.check: entity: ptolemy.actor.lib.mbed.HSBtoRGB {.configuration.actor library.MoreLibraries.Mbed.HSBtoRGB} 95917 ms. Memory: 2945024K Free: 213381K (7%)
#Configuration.check: entity: ptolemy.actor.lib.mbed.LEDCubeUpdate {.configuration.actor library.MoreLibraries.Mbed.LEDCubeUpdate} 95918 ms. Memory: 2945024K Free: 213381K (7%)
#Configuration.check: entity: ptolemy.actor.lib.mbed.NeoPixelLEDStrip {.configuration.actor library.MoreLibraries.Mbed.NeoPixelLEDStrip} 95919 ms. Memory: 2945024K Free: 212871K (7%)
#Configuration.check: entity: ptolemy.actor.lib.mbed.PacketToSensorData {.configuration.actor library.MoreLibraries.Mbed.PacketToSensorData} 95920 ms. Memory: 2945024K Free: 212871K (7%)
#Configuration.check: entity: ptolemy.actor.lib.mbed.SensorDataCalibration {.configuration.actor library.MoreLibraries.Mbed.SensorDataCalibration} 95921 ms. Memory: 2945024K Free: 212357K (7%)
#Configuration.check: entity: org.ptolemy.osc.OscReceiver {.configuration.actor library.MoreLibraries.OpenSoundControl.OscReceiver} 95922 ms. Memory: 2945024K Free: 211847K (7%)
#Configuration.check: entity: org.ptolemy.osc.OscSender {.configuration.actor library.MoreLibraries.OpenSoundControl.OscSender} 95923 ms. Memory: 2945024K Free: 211847K (7%)
#Configuration.check: entity: ptolemy.domains.petrinet.kernel.Place {.configuration.actor library.MoreLibraries.PetriNet.Place} 95924 ms. Memory: 2945024K Free: 211319K (7%)
#Configuration.check: entity: ptolemy.domains.ontologies.lib.UnitsConverter {.configuration.actor library.MoreLibraries.Ontologies.UnitsConverter} 95924 ms. Memory: 2945024K Free: 211319K (7%)
#Configuration.check: entity: ptolemy.actor.lib.python.PythonScript {.configuration.actor library.MoreLibraries.Python.PythonActor} 95924 ms. Memory: 2945024K Free: 211319K (7%)
#Configuration.check: entity: ptolemy.actor.lib.python.PythonScript {.configuration.actor library.MoreLibraries.Python.PythonScript} 95924 ms. Memory: 2945024K Free: 211319K (7%)
#Configuration.check: entity: ptolemy.actor.lib.Clock {.configuration.actor library.MoreLibraries.QuantizedState.PeriodicSampler.DiscreteClock} 95924 ms. Memory: 2945024K Free: 211319K (7%)
#Configuration.check: entity: ptolemy.actor.lib.Sampler {.configuration.actor library.MoreLibraries.QuantizedState.PeriodicSampler.Sampler} 95925 ms. Memory: 2945024K Free: 210309K (7%)
#Configuration.check: entity: ptolemy.domains.qss.kernel.QSSIntegrator {.configuration.actor library.MoreLibraries.QuantizedState.QSSIntegrator} 95926 ms. Memory: 2945024K Free: 210309K (7%)
#Configuration.check: entity: ptolemy.domains.qss.lib.SmoothSignal {.configuration.actor library.MoreLibraries.QuantizedState.SmoothSignal} 95927 ms. Memory: 2945024K Free: 209799K (7%)
#Configuration.check: entity: ptolemy.actor.lib.conversions.SmoothToDouble {.configuration.actor library.MoreLibraries.QuantizedState.SmoothToDouble} 95927 ms. Memory: 2945024K Free: 209799K (7%)
#Configuration.check: entity: ptolemy.domains.qss.lib.SmoothZeroCrossingDetector {.configuration.actor library.MoreLibraries.QuantizedState.SmoothZeroCrossingDetector} 95927 ms. Memory: 2945024K Free: 209799K (7%)
#Configuration.check: entity: ptolemy.actor.lib.r.RExpression {.configuration.actor library.MoreLibraries.R.RExpression} 95928 ms. Memory: 2945024K Free: 209271K (7%)
#Configuration.check: entity: ptolemy.actor.lib.r.RExpression2 {.configuration.actor library.MoreLibraries.R.RExpression2} 95929 ms. Memory: 2945024K Free: 209271K (7%)
#Configuration.check: entity: ptolemy.actor.lib.GetCausalityInterface {.configuration.actor library.MoreLibraries.RegressionTest.GetCausalityInterface} 95929 ms. Memory: 2945024K Free: 208775K (7%)
#Configuration.check: entity: ptolemy.actor.lib.CurrentMicrostep {.configuration.actor library.MoreLibraries.RegressionTest.CurrentMicrostep} 95929 ms. Memory: 2945024K Free: 208775K (7%)
#Configuration.check: entity: ptolemy.actor.lib.NonStrictTest {.configuration.actor library.MoreLibraries.RegressionTest.NonStrictTest} 95929 ms. Memory: 2945024K Free: 208775K (7%)
#Configuration.check: entity: ptolemy.actor.lib.Test {.configuration.actor library.MoreLibraries.RegressionTest.Test} 95930 ms. Memory: 2945024K Free: 208247K (7%)
#Configuration.check: entity: ptolemy.domains.de.lib.TestActorPortDepth {.configuration.actor library.MoreLibraries.RegressionTest.TestActorPortDepth} 95930 ms. Memory: 2945024K Free: 207751K (7%)
#Configuration.check: entity: ptolemy.actor.lib.TypeTest {.configuration.actor library.MoreLibraries.RegressionTest.TypeTest} 95931 ms. Memory: 2945024K Free: 207751K (7%)
#Configuration.check: entity: ptolemy.actor.lib.security.KeyWriter {.configuration.actor library.MoreLibraries.Security.KeyWriter} 95931 ms. Memory: 2945024K Free: 207751K (7%)
#Configuration.check: entity: ptolemy.actor.lib.security.PublicKeyReader {.configuration.actor library.MoreLibraries.Security.PublicKeyReader} 95932 ms. Memory: 2945024K Free: 207231K (7%)
#Configuration.check: entity: ptolemy.actor.lib.security.PrivateKeyReader {.configuration.actor library.MoreLibraries.Security.PrivateKeyReader} 95933 ms. Memory: 2945024K Free: 206727K (7%)
#Configuration.check: entity: ptolemy.actor.lib.security.SecretKey {.configuration.actor library.MoreLibraries.Security.SecretKey} 95934 ms. Memory: 2945024K Free: 205703K (7%)
#Configuration.check: entity: ptolemy.actor.lib.security.SecretKeyReader {.configuration.actor library.MoreLibraries.Security.SecretKeyReader} 95934 ms. Memory: 2945024K Free: 205703K (7%)
#Configuration.check: entity: ptolemy.actor.lib.security.SignatureSigner {.configuration.actor library.MoreLibraries.Security.SignatureSigner} 95935 ms. Memory: 2945024K Free: 205175K (7%)
#Configuration.check: entity: ptolemy.actor.lib.security.SignatureVerifier {.configuration.actor library.MoreLibraries.Security.SignatureVerifier} 95936 ms. Memory: 2945024K Free: 204679K (7%)
#Configuration.check: entity: ptolemy.actor.lib.security.SymmetricDecryption {.configuration.actor library.MoreLibraries.Security.SymmetricDecryption} 95936 ms. Memory: 2945024K Free: 204679K (7%)
#Configuration.check: entity: ptolemy.actor.lib.security.SymmetricEncryption {.configuration.actor library.MoreLibraries.Security.SymmetricEncryption} 95936 ms. Memory: 2945024K Free: 204679K (7%)
#Configuration.check: entity: ptolemy.actor.lib.security.SymmetricCrypto {.configuration.actor library.MoreLibraries.Security.SymmetricCrypto} 95937 ms. Memory: 2945024K Free: 204151K (7%)
#Configuration.check: entity: ptolemy.domains.wireless.lib.CollisionDetector {.configuration.actor library.MoreLibraries.Wireless.WirelessActors.CollisionDetector} 95938 ms. Memory: 2945024K Free: 203655K (7%)
#Configuration.check: entity: ptolemy.domains.wireless.lib.GetProperties {.configuration.actor library.MoreLibraries.Wireless.WirelessActors.GetProperties} 95938 ms. Memory: 2945024K Free: 203655K (7%)
#Configuration.check: entity: ptolemy.domains.wireless.lib.GraphicalLocator {.configuration.actor library.MoreLibraries.Wireless.WirelessActors.GraphicalLocator} 95938 ms. Memory: 2945024K Free: 203655K (7%)
#Configuration.check: entity: ptolemy.domains.wireless.lib.Locator {.configuration.actor library.MoreLibraries.Wireless.WirelessActors.Locator} 95940 ms. Memory: 2945024K Free: 203141K (7%)
#Configuration.check: entity: ptolemy.domains.wireless.lib.NodeRandomizer {.configuration.actor library.MoreLibraries.Wireless.WirelessActors.NodeRandomizer} 95940 ms. Memory: 2945024K Free: 202631K (7%)
#Configuration.check: entity: ptolemy.domains.wireless.lib.TerrainProperty {.configuration.actor library.MoreLibraries.Wireless.WirelessActors.TerrainProperty} 95941 ms. Memory: 2945024K Free: 202103K (7%)
#Configuration.check: entity: ptolemy.domains.wireless.lib.LinkVisualizer {.configuration.actor library.MoreLibraries.Wireless.WirelessActors.LinkVisualizer} 95942 ms. Memory: 2945024K Free: 202103K (7%)
#Configuration.check: entity: ptolemy.domains.wireless.lib.Triangulator {.configuration.actor library.MoreLibraries.Wireless.WirelessActors.Triangulator} 95942 ms. Memory: 2945024K Free: 201607K (7%)
#Configuration.check: entity: ptolemy.domains.wireless.lib.WiredToWireless {.configuration.actor library.MoreLibraries.Wireless.WirelessActors.WiredToWireless} 95943 ms. Memory: 2945024K Free: 201607K (7%)
#Configuration.check: entity: ptolemy.domains.wireless.lib.WirelessToWired {.configuration.actor library.MoreLibraries.Wireless.WirelessActors.WirelessToWired} 95944 ms. Memory: 2945024K Free: 201093K (7%)
#Configuration.check: entity: ptolemy.domains.wireless.kernel.AtomicWirelessChannel {.configuration.actor library.MoreLibraries.Wireless.WirelessChannels.AtomicWirelessChannel} 95944 ms. Memory: 2945024K Free: 201093K (7%)
#Configuration.check: entity: ptolemy.domains.wireless.lib.DelayChannel {.configuration.actor library.MoreLibraries.Wireless.WirelessChannels.DelayChannel} 95944 ms. Memory: 2945024K Free: 201093K (7%)
#Configuration.check: entity: ptolemy.domains.wireless.lib.LimitedRangeChannel {.configuration.actor library.MoreLibraries.Wireless.WirelessChannels.LimitedRangeChannel} 95945 ms. Memory: 2945024K Free: 200583K (7%)
#Configuration.check: entity: ptolemy.domains.wireless.lib.ErasureChannel {.configuration.actor library.MoreLibraries.Wireless.WirelessChannels.ErasureChannel} 95946 ms. Memory: 2945024K Free: 200069K (7%)
#Configuration.check: entity: ptolemy.domains.wireless.lib.PowerLossChannel {.configuration.actor library.MoreLibraries.Wireless.WirelessChannels.PowerLossChannel} 95946 ms. Memory: 2945024K Free: 200069K (7%)
#Configuration.check: entity: ptolemy.actor.lib.conversions.StringToXML {.configuration.actor library.MoreLibraries.XML.StringToXML} 95947 ms. Memory: 2945024K Free: 199559K (7%)
#Configuration.check: entity: ptolemy.actor.lib.xslt.XSLTransformer {.configuration.actor library.MoreLibraries.XML.XSLTransformer} 95948 ms. Memory: 2945024K Free: 199559K (7%)
#Configuration.check: entity: ptolemy.actor.lib.xslt.XMLInclusion {.configuration.actor library.MoreLibraries.XML.XMLInclusion} 95948 ms. Memory: 2945024K Free: 199559K (7%)
#Configuration.check: entity: ptolemy.actor.gt.controller.InitModel {.configuration.effigyFactory.Model Transformation.blank._Controller.InitModel} 95948 ms. Memory: 2945024K Free: 199045K (7%)
#Configuration.check: entity: ptolemy.actor.lib.CurrentTime {.configuration.actor library.Actors.Sources.TimedSources.TriggeredSinewave.CurrentTime} 95948 ms. Memory: 2945024K Free: 199045K (7%)
#Configuration.check: entity: ptolemy.actor.lib.Scale {.configuration.actor library.Actors.Sources.TimedSources.TriggeredSinewave.Frequency} 95949 ms. Memory: 2945024K Free: 199045K (7%)
#Configuration.check: entity: ptolemy.actor.lib.TrigFunction {.configuration.actor library.Actors.Sources.TimedSources.TriggeredSinewave.Sin} 95949 ms. Memory: 2945024K Free: 198535K (7%)
#Configuration.check: entity: ptolemy.actor.lib.Const {.configuration.actor library.Actors.Sources.TimedSources.TriggeredSinewave.Phase} 95950 ms. Memory: 2945024K Free: 198535K (7%)
#Configuration.check: entity: ptolemy.actor.lib.AddSubtract {.configuration.actor library.Actors.Sources.TimedSources.TriggeredSinewave.Add} 95950 ms. Memory: 2945024K Free: 198535K (7%)
#Configuration.check: entity: ptolemy.actor.lib.Scale {.configuration.actor library.Actors.Sources.TimedSources.TriggeredSinewave.Magnitude} 95950 ms. Memory: 2945024K Free: 198535K (7%)
#Configuration.check: entity: ptolemy.actor.lib.Ramp {.configuration.actor library.Actors.Sources.SequenceSources.Sinewave.Ramp} 95951 ms. Memory: 2945024K Free: 198021K (7%)
#Configuration.check: entity: ptolemy.actor.lib.TrigFunction {.configuration.actor library.Actors.Sources.SequenceSources.Sinewave.TrigFunction} 95952 ms. Memory: 2945024K Free: 197511K (7%)
#Configuration.check: entity: ptolemy.actor.lib.Const {.configuration.actor library.Actors.Sources.SequenceSources.Sinewave.Const} 95952 ms. Memory: 2945024K Free: 197511K (7%)
#Configuration.check: entity: ptolemy.actor.lib.AddSubtract {.configuration.actor library.Actors.Sources.SequenceSources.Sinewave.AddSubtract} 95952 ms. Memory: 2945024K Free: 197511K (7%)
#Configuration.check: entity: ptolemy.actor.lib.Pulse {.configuration.actor library.Actors.SignalProcessing.Spectrum.MaximumEntropySpectrum.Pulse} 95952 ms. Memory: 2945024K Free: 197511K (7%)
#Configuration.check: entity: ptolemy.actor.lib.MultiplyDivide {.configuration.actor library.Actors.SignalProcessing.Spectrum.MaximumEntropySpectrum.MultiplyDivide} 95954 ms. Memory: 2945024K Free: 196487K (7%)
#Configuration.check: entity: ptolemy.domains.sdf.lib.Autocorrelation {.configuration.actor library.Actors.SignalProcessing.Spectrum.MaximumEntropySpectrum.Autocorrelation} 95954 ms. Memory: 2945024K Free: 196487K (7%)
#Configuration.check: entity: ptolemy.actor.lib.LevinsonDurbin {.configuration.actor library.Actors.SignalProcessing.Spectrum.MaximumEntropySpectrum.LevinsonDurbin} 95955 ms. Memory: 2945024K Free: 195973K (7%)
#Configuration.check: entity: ptolemy.actor.lib.ArrayAppend {.configuration.actor library.Actors.SignalProcessing.Spectrum.MaximumEntropySpectrum.ArrayAppend} 95956 ms. Memory: 2945024K Free: 195973K (7%)
#Configuration.check: entity: ptolemy.domains.sdf.lib.ArrayToSequence {.configuration.actor library.Actors.SignalProcessing.Spectrum.MaximumEntropySpectrum.ArrayToSequence} 95956 ms. Memory: 2945024K Free: 195463K (7%)
#Configuration.check: entity: ptolemy.domains.sdf.lib.FFT {.configuration.actor library.Actors.SignalProcessing.Spectrum.MaximumEntropySpectrum.FFT} 95958 ms. Memory: 2945024K Free: 194949K (7%)
#Configuration.check: entity: ptolemy.actor.lib.AbsoluteValue {.configuration.actor library.Actors.SignalProcessing.Spectrum.MaximumEntropySpectrum.AbsoluteValue} 95960 ms. Memory: 2945024K Free: 193911K (7%)
#Configuration.check: entity: ptolemy.actor.lib.MultiplyDivide {.configuration.actor library.Actors.SignalProcessing.Spectrum.MaximumEntropySpectrum.MultiplyDivide2} 95961 ms. Memory: 2945024K Free: 193911K (7%)
#Configuration.check: entity: ptolemy.actor.lib.DB {.configuration.actor library.Actors.SignalProcessing.Spectrum.MaximumEntropySpectrum.DB} 95961 ms. Memory: 2945024K Free: 193911K (7%)
#Configuration.check: entity: ptolemy.actor.lib.ArrayElement {.configuration.actor library.Actors.SignalProcessing.Spectrum.MaximumEntropySpectrum.ArrayElement} 95962 ms. Memory: 2945024K Free: 193415K (7%)
#Configuration.check: entity: ptolemy.domains.sdf.lib.Repeat {.configuration.actor library.Actors.SignalProcessing.Spectrum.MaximumEntropySpectrum.Repeat} 95963 ms. Memory: 2945024K Free: 192901K (7%)
#Configuration.check: entity: ptolemy.domains.sdf.lib.Chop {.configuration.actor library.Actors.SignalProcessing.Spectrum.MaximumEntropySpectrum.Chop} 95967 ms. Memory: 2945024K Free: 191877K (7%)
#Configuration.check: entity: ptolemy.actor.lib.MathFunction {.configuration.actor library.Actors.SignalProcessing.Spectrum.MaximumEntropySpectrum.MathFunction} 95968 ms. Memory: 2945024K Free: 190853K (6%)
#Configuration.check: entity: ptolemy.actor.lib.Const {.configuration.actor library.Actors.SignalProcessing.Spectrum.MaximumEntropySpectrum.Const} 95968 ms. Memory: 2945024K Free: 190853K (6%)
#Configuration.check: entity: ptolemy.actor.lib.MultiplyDivide {.configuration.actor library.Actors.SignalProcessing.Spectrum.SmoothedPeriodogram.Multiply} 95969 ms. Memory: 2945024K Free: 190853K (6%)
#Configuration.check: entity: ptolemy.domains.sdf.lib.FFT {.configuration.actor library.Actors.SignalProcessing.Spectrum.SmoothedPeriodogram.FFT} 95969 ms. Memory: 2945024K Free: 190853K (6%)
#Configuration.check: entity: ptolemy.actor.lib.DB {.configuration.actor library.Actors.SignalProcessing.Spectrum.SmoothedPeriodogram.DB} 95971 ms. Memory: 2945024K Free: 189799K (6%)
#Configuration.check: entity: ptolemy.actor.lib.AbsoluteValue {.configuration.actor library.Actors.SignalProcessing.Spectrum.SmoothedPeriodogram.AbsoluteValue0} 95972 ms. Memory: 2945024K Free: 189799K (6%)
#Configuration.check: entity: ptolemy.domains.sdf.lib.Autocorrelation {.configuration.actor library.Actors.SignalProcessing.Spectrum.SmoothedPeriodogram.Autocorrelation} 95972 ms. Memory: 2945024K Free: 189319K (6%)
#Configuration.check: entity: ptolemy.domains.sdf.lib.Chop {.configuration.actor library.Actors.SignalProcessing.Spectrum.SmoothedPeriodogram.Chop} 95974 ms. Memory: 2945024K Free: 188791K (6%)
#Configuration.check: entity: ptolemy.domains.sdf.lib.ArrayToSequence {.configuration.actor library.Actors.SignalProcessing.Spectrum.SmoothedPeriodogram.ArrayToSequence} 95976 ms. Memory: 2945024K Free: 188295K (6%)
#Configuration.check: entity: ptolemy.actor.lib.Sequence {.configuration.actor library.Actors.SignalProcessing.Spectrum.SmoothedPeriodogram.Sequence} 95978 ms. Memory: 2945024K Free: 187271K (6%)
#Configuration.check: entity: ptolemy.actor.lib.MultiplyDivide {.configuration.actor library.Actors.SignalProcessing.Spectrum.Spectrum.Multiply} 95981 ms. Memory: 2945024K Free: 186757K (6%)
#Configuration.check: entity: ptolemy.domains.sdf.lib.FFT {.configuration.actor library.Actors.SignalProcessing.Spectrum.Spectrum.FFT} 95982 ms. Memory: 2945024K Free: 186757K (6%)
#Configuration.check: entity: ptolemy.actor.lib.DB {.configuration.actor library.Actors.SignalProcessing.Spectrum.Spectrum.DB} 95984 ms. Memory: 2945024K Free: 186247K (6%)
#Configuration.check: entity: ptolemy.actor.lib.AbsoluteValue {.configuration.actor library.Actors.SignalProcessing.Spectrum.Spectrum.AbsoluteValue0} 95985 ms. Memory: 2945024K Free: 185733K (6%)
#Configuration.check: entity: ptolemy.actor.lib.Scale {.configuration.actor library.Actors.SignalProcessing.Spectrum.Spectrum.Scale} 95986 ms. Memory: 2945024K Free: 185733K (6%)
#Configuration.check: entity: ptolemy.actor.lib.Sequence {.configuration.actor library.Actors.SignalProcessing.Spectrum.Spectrum.Sequence} 95986 ms. Memory: 2945024K Free: 185733K (6%)
#Configuration.check: entity: ptolemy.actor.lib.CurrentTime {.configuration.actor library.Actors.DomainSpecific.Continuous.Signal Generators.ContinuousSinewave.CurrentTime} 95987 ms. Memory: 2945024K Free: 185223K (6%)
#Configuration.check: entity: ptolemy.actor.lib.Scale {.configuration.actor library.Actors.DomainSpecific.Continuous.Signal Generators.ContinuousSinewave.Frequency} 95988 ms. Memory: 2945024K Free: 185223K (6%)
#Configuration.check: entity: ptolemy.actor.lib.TrigFunction {.configuration.actor library.Actors.DomainSpecific.Continuous.Signal Generators.ContinuousSinewave.Sin} 95988 ms. Memory: 2945024K Free: 184709K (6%)
#Configuration.check: entity: ptolemy.actor.lib.Const {.configuration.actor library.Actors.DomainSpecific.Continuous.Signal Generators.ContinuousSinewave.Phase} 95989 ms. Memory: 2945024K Free: 184709K (6%)
#Configuration.check: entity: ptolemy.actor.lib.AddSubtract {.configuration.actor library.Actors.DomainSpecific.Continuous.Signal Generators.ContinuousSinewave.Add} 95989 ms. Memory: 2945024K Free: 184199K (6%)
#Configuration.check: entity: ptolemy.actor.lib.Scale {.configuration.actor library.Actors.DomainSpecific.Continuous.Signal Generators.ContinuousSinewave.Magnitude} 95989 ms. Memory: 2945024K Free: 184199K (6%)
#Configuration.check: entity: ptolemy.domains.continuous.lib.ZeroOrderHold {.configuration.actor library.Actors.DomainSpecific.Continuous.Signal Generators.PWM.ZeroOrderHold} 95990 ms. Memory: 2945024K Free: 184199K (6%)
#Configuration.check: entity: ptolemy.domains.modal.kernel.State {.configuration.actor library.Actors.DomainSpecific.Continuous.Signal Generators.PWM.Controller._Controller.on} 95990 ms. Memory: 2945024K Free: 184199K (6%)
#Configuration.check: entity: ptolemy.domains.modal.kernel.State {.configuration.actor library.Actors.DomainSpecific.Continuous.Signal Generators.PWM.Controller._Controller.off} 95990 ms. Memory: 2945024K Free: 184199K (6%)
#Configuration.check: entity: ptolemy.domains.modal.kernel.State {.configuration.actor library.Actors.DomainSpecific.Continuous.Signal Generators.PWM.Controller._Controller.start} 95990 ms. Memory: 2945024K Free: 184199K (6%)
#Configuration.check: entity: ptolemy.actor.lib.gui.SequencePlotter {.configuration.actor library.Actors.DomainSpecific.Continuous.Random.ContinuousSpectrum.Frequency Domain Display} 95990 ms. Memory: 2945024K Free: 184199K (6%)
#Configuration.check: entity: ptolemy.actor.lib.MultiplyDivide {.configuration.actor library.Actors.DomainSpecific.Continuous.Random.ContinuousSpectrum.Periodogram.Multiply} 95991 ms. Memory: 2945024K Free: 183679K (6%)
#Configuration.check: entity: ptolemy.actor.lib.Pulse {.configuration.actor library.Actors.DomainSpecific.Continuous.Random.ContinuousSpectrum.Periodogram.Waveform} 95991 ms. Memory: 2945024K Free: 183175K (6%)
#Configuration.check: entity: ptolemy.domains.sdf.lib.FFT {.configuration.actor library.Actors.DomainSpecific.Continuous.Random.ContinuousSpectrum.Periodogram.FFT} 95993 ms. Memory: 2945024K Free: 182661K (6%)
#Configuration.check: entity: ptolemy.actor.lib.DB {.configuration.actor library.Actors.DomainSpecific.Continuous.Random.ContinuousSpectrum.Periodogram.DB} 95995 ms. Memory: 2945024K Free: 181637K (6%)
#Configuration.check: entity: ptolemy.actor.lib.AbsoluteValue {.configuration.actor library.Actors.DomainSpecific.Continuous.Random.ContinuousSpectrum.Periodogram.AbsoluteValue0} 95996 ms. Memory: 2945024K Free: 181637K (6%)
#Configuration.check: entity: ptolemy.actor.lib.Scale {.configuration.actor library.Actors.DomainSpecific.Continuous.Random.ContinuousSpectrum.Periodogram.Scale} 95996 ms. Memory: 2945024K Free: 181127K (6%)
#Configuration.check: entity: ptolemy.actor.lib.aspect.CommunicationRequestPort {.configuration.actor library.MoreLibraries.Aspects.CompositeCommunicationAspect.CommunicationRequestPort} 95997 ms. Memory: 2945024K Free: 181127K (6%)
#Configuration.check: entity: ptolemy.actor.lib.aspect.CommunicationResponsePort {.configuration.actor library.MoreLibraries.Aspects.CompositeCommunicationAspect.CommunicationResponsePort} 95998 ms. Memory: 2945024K Free: 180613K (6%)
#Configuration.check: entity: ptolemy.actor.lib.aspect.ExecutionRequestPort {.configuration.actor library.MoreLibraries.Aspects.CompositeExecutionAspect.ExecutionRequestPort} 95999 ms. Memory: 2945024K Free: 180103K (6%)
#Configuration.check: entity: ptolemy.actor.lib.aspect.ExecutionResponsePort {.configuration.actor library.MoreLibraries.Aspects.CompositeExecutionAspect.ExecutionResponsePort} 96000 ms. Memory: 2945024K Free: 180103K (6%)
#Configuration.check: entity: ptolemy.actor.gt.controller.InitModelWithContainer {.configuration.actor library.MoreLibraries.GraphTransformation.ModelUpdater._Controller.InitModelWithContainer} 96001 ms. Memory: 2945024K Free: 179589K (6%)
#Configuration.check: entity: ptolemy.actor.gt.controller.InitModel {.configuration.actor library.MoreLibraries.GraphTransformation.TransformationController._Controller.InitModel} 96001 ms. Memory: 2945024K Free: 179589K (6%)
#Configuration.check: entity: ptolemy.actor.gt.controller.InputModel {.configuration.actor library.MoreLibraries.GraphTransformation.TransformationController._Controller.InputModel} 96001 ms. Memory: 2945024K Free: 179589K (6%)
#Configuration.check: entity: ptolemy.actor.gt.controller.OutputModel {.configuration.actor library.MoreLibraries.GraphTransformation.TransformationController._Controller.OutputModel} 96001 ms. Memory: 2945024K Free: 179589K (6%)
#Configuration.check: entity: ptolemy.actor.lib.Expression {.configuration.actor library.MoreLibraries.MachineLearning.ParticleFilter.CollaborativeRangeParticleFilter.x_update} 96001 ms. Memory: 2945024K Free: 179589K (6%)
#Configuration.check: entity: ptolemy.actor.lib.Expression {.configuration.actor library.MoreLibraries.MachineLearning.ParticleFilter.CollaborativeRangeParticleFilter.y_update} 96001 ms. Memory: 2945024K Free: 179589K (6%)
#Configuration.check: entity: ptolemy.actor.lib.Expression {.configuration.actor library.MoreLibraries.MachineLearning.ParticleFilter.CollaborativeRangeParticleFilter.range0_m_equation} 96002 ms. Memory: 2945024K Free: 179079K (6%)
#Configuration.check: entity: ptolemy.actor.lib.Expression {.configuration.actor library.MoreLibraries.MachineLearning.ParticleFilter.CollaborativeRangeParticleFilter.range0_m_covariance} 96003 ms. Memory: 2945024K Free: 179079K (6%)
#Configuration.check: entity: ptolemy.actor.lib.SetVariable {.configuration.actor library.MoreLibraries.MachineLearning.ParticleFilter.CollaborativeRangeParticleFilter.setrange0_m} 96006 ms. Memory: 2945024K Free: 179079K (6%)
#Configuration.check: entity: ptolemy.actor.lib.Expression {.configuration.actor library.MoreLibraries.MachineLearning.ParticleFilter.CollaborativeRangeParticleFilter.range1_m_equation} 96006 ms. Memory: 2945024K Free: 178535K (6%)
#Configuration.check: entity: ptolemy.actor.lib.Expression {.configuration.actor library.MoreLibraries.MachineLearning.ParticleFilter.CollaborativeRangeParticleFilter.range1_m_covariance} 96007 ms. Memory: 2945024K Free: 178535K (6%)
#Configuration.check: entity: ptolemy.actor.lib.SetVariable {.configuration.actor library.MoreLibraries.MachineLearning.ParticleFilter.CollaborativeRangeParticleFilter.setrange1_m} 96008 ms. Memory: 2945024K Free: 178535K (6%)
#Configuration.check: entity: ptolemy.actor.lib.Expression {.configuration.actor library.MoreLibraries.MachineLearning.ParticleFilter.CollaborativeRangeParticleFilter.range2_m_equation} 96008 ms. Memory: 2945024K Free: 178055K (6%)
#Configuration.check: entity: ptolemy.actor.lib.Expression {.configuration.actor library.MoreLibraries.MachineLearning.ParticleFilter.CollaborativeRangeParticleFilter.range2_m_covariance} 96009 ms. Memory: 2945024K Free: 178055K (6%)
#Configuration.check: entity: ptolemy.actor.lib.SetVariable {.configuration.actor library.MoreLibraries.MachineLearning.ParticleFilter.CollaborativeRangeParticleFilter.setrange2_m} 96010 ms. Memory: 2945024K Free: 178055K (6%)
#Configuration.check: entity: ptolemy.actor.lib.Expression {.configuration.actor library.MoreLibraries.MachineLearning.ParticleFilter.CollaborativeRangeParticleFilter.range3_m_equation} 96010 ms. Memory: 2945024K Free: 178055K (6%)
#Configuration.check: entity: ptolemy.actor.lib.Expression {.configuration.actor library.MoreLibraries.MachineLearning.ParticleFilter.CollaborativeRangeParticleFilter.range3_m_covariance} 96011 ms. Memory: 2945024K Free: 177541K (6%)
#Configuration.check: entity: ptolemy.actor.lib.SetVariable {.configuration.actor library.MoreLibraries.MachineLearning.ParticleFilter.CollaborativeRangeParticleFilter.setrange3_m} 96011 ms. Memory: 2945024K Free: 177541K (6%)
#Configuration.check: entity: ptolemy.actor.lib.AddSubtract {.configuration.actor library.MoreLibraries.Optimization.TrajectoryOptimizer.OptimizerComposite.AddSubtract} 96011 ms. Memory: 2945024K Free: 177541K (6%)
#Configuration.check: entity: ptolemy.actor.lib.Expression {.configuration.actor library.MoreLibraries.Optimization.TrajectoryOptimizer.OptimizerComposite.Constraints} 96012 ms. Memory: 2945024K Free: 177541K (6%)
#Configuration.check: entity: ptolemy.actor.lib.Expression {.configuration.actor library.MoreLibraries.Optimization.TrajectoryOptimizer.OptimizerComposite.CostFunction} 96012 ms. Memory: 2945024K Free: 177031K (6%)
#1580974008011 ms. Memory: 2945024K Free: 176517K (6%)
Setting containers of atomic entities to null
checkFullConstraints.tcl done!
02/06/20 07:26:48
Failed: 0  Total Tests: 1  ((Passed: 1, Newly Passed: 0)  Known Failed: 0) /home/travis/build/icyphy/ptII/ptolemy/configs/test/constraints/test
No auto/knownFailedTests/*.xml tests in /home/travis/build/icyphy/ptII/ptolemy/configs/test/constraints/test
No auto/linux-amd64/*.xml tests in /home/travis/build/icyphy/ptII/ptolemy/configs/test/constraints/test
AutoTests.java: About to close Vertx.
AutoTests.java: Vertx closed.
No auto/*.xml tests in /home/travis/build/icyphy/ptII/ptolemy/configs/test/constraints/test
AutoTests.java: About to close Vertx.
AutoTests.java: Vertx closed.
]]></system-out>
  <system-err><![CDATA[Warning: Nashorn engine is planned to be removed from a future JDK release
Warning: Nashorn engine is planned to be removed from a future JDK release
Warning: Nashorn engine is planned to be removed from a future JDK release
Warning: Nashorn engine is planned to be removed from a future JDK release
Warning: Nashorn engine is planned to be removed from a future JDK release
Warning: Nashorn engine is planned to be removed from a future JDK release
Warning: Nashorn engine is planned to be removed from a future JDK release
Warning: Nashorn engine is planned to be removed from a future JDK release
Warning: Nashorn engine is planned to be removed from a future JDK release
Warning: Nashorn engine is planned to be removed from a future JDK release
Warning: Nashorn engine is planned to be removed from a future JDK release
Warning: Nashorn engine is planned to be removed from a future JDK release
Warning: Nashorn engine is planned to be removed from a future JDK release
Warning: Nashorn engine is planned to be removed from a future JDK release
Warning: Nashorn engine is planned to be removed from a future JDK release
Warning: Nashorn engine is planned to be removed from a future JDK release
Loaded /home/travis/build/icyphy/ptII/vendors/javafx/javafx-sdk-11.0.2/lib/./libprism_es2.so from relative path
Failed Graphics Hardware Qualifier check.
System GPU doesn't meet the es2 pipe requirement
GraphicsPipeline.createPipeline: error initializing pipeline com.sun.prism.es2.ES2Pipeline
*** Fallback to Prism SW pipeline
Loaded /home/travis/build/icyphy/ptII/vendors/javafx/javafx-sdk-11.0.2/lib/./libprism_sw.so from relative path
JavaFX: using com.sun.javafx.tk.quantum.QuantumToolkit
Loaded /home/travis/build/icyphy/ptII/vendors/javafx/javafx-sdk-11.0.2/lib/./libglass.so from relative path
Loaded /home/travis/build/icyphy/ptII/vendors/javafx/javafx-sdk-11.0.2/lib/./libglassgtk3.so from relative path
 vsync: true vpipe: false
Warning: Nashorn engine is planned to be removed from a future JDK release
Warning: Nashorn engine is planned to be removed from a future JDK release
Warning: Nashorn engine is planned to be removed from a future JDK release
Warning: Nashorn engine is planned to be removed from a future JDK release
Warning: Nashorn engine is planned to be removed from a future JDK release
Warning: Nashorn engine is planned to be removed from a future JDK release
Warning: Nashorn engine is planned to be removed from a future JDK release
Warning: Nashorn engine is planned to be removed from a future JDK release
Warning: Nashorn engine is planned to be removed from a future JDK release
[main] INFO com.github.sarxos.webcam.Webcam - WebcamDefaultDriver capture driver will be used
Warning: Nashorn engine is planned to be removed from a future JDK release
Warning: Nashorn engine is planned to be removed from a future JDK release
Warning: Nashorn engine is planned to be removed from a future JDK release
Warning: Nashorn engine is planned to be removed from a future JDK release
Warning: Nashorn engine is planned to be removed from a future JDK release
Warning: Nashorn engine is planned to be removed from a future JDK release
Warning: Nashorn engine is planned to be removed from a future JDK release
Warning: Nashorn engine is planned to be removed from a future JDK release
Warning: Nashorn engine is planned to be removed from a future JDK release
Warning: Nashorn engine is planned to be removed from a future JDK release
Warning: Nashorn engine is planned to be removed from a future JDK release
Warning: Nashorn engine is planned to be removed from a future JDK release
Warning: Nashorn engine is planned to be removed from a future JDK release
Warning: Nashorn engine is planned to be removed from a future JDK release
Warning: Nashorn engine is planned to be removed from a future JDK release
Warning: Nashorn engine is planned to be removed from a future JDK release
Warning: Nashorn engine is planned to be removed from a future JDK release
Warning: Nashorn engine is planned to be removed from a future JDK release
Warning: Nashorn engine is planned to be removed from a future JDK release
Warning: Nashorn engine is planned to be removed from a future JDK release
Warning: Nashorn engine is planned to be removed from a future JDK release
Warning: Nashorn engine is planned to be removed from a future JDK release
Warning: Nashorn engine is planned to be removed from a future JDK release
Warning: Nashorn engine is planned to be removed from a future JDK release
Warning: Nashorn engine is planned to be removed from a future JDK release
Warning: Nashorn engine is planned to be removed from a future JDK release
Warning: Nashorn engine is planned to be removed from a future JDK release
Warning: Nashorn engine is planned to be removed from a future JDK release
Warning: Nashorn engine is planned to be removed from a future JDK release
Warning: Nashorn engine is planned to be removed from a future JDK release
Warning: Nashorn engine is planned to be removed from a future JDK release
Warning: Nashorn engine is planned to be removed from a future JDK release
Warning: Nashorn engine is planned to be removed from a future JDK release
Warning: Nashorn engine is planned to be removed from a future JDK release
Warning: Nashorn engine is planned to be removed from a future JDK release
Warning: Nashorn engine is planned to be removed from a future JDK release
Warning: Nashorn engine is planned to be removed from a future JDK release
Warning: Nashorn engine is planned to be removed from a future JDK release
Warning: Nashorn engine is planned to be removed from a future JDK release
Warning: Nashorn engine is planned to be removed from a future JDK release
Warning: Nashorn engine is planned to be removed from a future JDK release
Warning: Nashorn engine is planned to be removed from a future JDK release
Warning: Nashorn engine is planned to be removed from a future JDK release
Warning: Nashorn engine is planned to be removed from a future JDK release
Warning: Nashorn engine is planned to be removed from a future JDK release
Warning: Nashorn engine is planned to be removed from a future JDK release
Warning: Nashorn engine is planned to be removed from a future JDK release
Warning: Nashorn engine is planned to be removed from a future JDK release
Warning: Nashorn engine is planned to be removed from a future JDK release
Warning: Nashorn engine is planned to be removed from a future JDK release
Warning: Nashorn engine is planned to be removed from a future JDK release
Warning: Nashorn engine is planned to be removed from a future JDK release
Warning: Nashorn engine is planned to be removed from a future JDK release
Warning: Nashorn engine is planned to be removed from a future JDK release
Warning: Nashorn engine is planned to be removed from a future JDK release
Warning: Nashorn engine is planned to be removed from a future JDK release
Warning: Nashorn engine is planned to be removed from a future JDK release
Warning: Nashorn engine is planned to be removed from a future JDK release
Warning: Nashorn engine is planned to be removed from a future JDK release
Warning: Nashorn engine is planned to be removed from a future JDK release
Warning: Nashorn engine is planned to be removed from a future JDK release
Warning: Nashorn engine is planned to be removed from a future JDK release
Warning: Nashorn engine is planned to be removed from a future JDK release
Warning: Nashorn engine is planned to be removed from a future JDK release
Warning: Nashorn engine is planned to be removed from a future JDK release
Warning: Nashorn engine is planned to be removed from a future JDK release
Warning: Nashorn engine is planned to be removed from a future JDK release
Warning: Nashorn engine is planned to be removed from a future JDK release
Warning: Nashorn engine is planned to be removed from a future JDK release
Warning: Nashorn engine is planned to be removed from a future JDK release
Warning: Nashorn engine is planned to be removed from a future JDK release
Warning: Nashorn engine is planned to be removed from a future JDK release
Warning: Nashorn engine is planned to be removed from a future JDK release
Warning: Nashorn engine is planned to be removed from a future JDK release
Warning: Nashorn engine is planned to be removed from a future JDK release
Warning: Nashorn engine is planned to be removed from a future JDK release
Warning: Nashorn engine is planned to be removed from a future JDK release
Warning: Nashorn engine is planned to be removed from a future JDK release
Warning: Nashorn engine is planned to be removed from a future JDK release
Warning: Nashorn engine is planned to be removed from a future JDK release
Warning: Nashorn engine is planned to be removed from a future JDK release
Warning: Nashorn engine is planned to be removed from a future JDK release
Warning: Nashorn engine is planned to be removed from a future JDK release
Warning: Nashorn engine is planned to be removed from a future JDK release
Warning: Nashorn engine is planned to be removed from a future JDK release
Warning: Nashorn engine is planned to be removed from a future JDK release
Warning: Nashorn engine is planned to be removed from a future JDK release
Warning: Nashorn engine is planned to be removed from a future JDK release
Warning: Nashorn engine is planned to be removed from a future JDK release
Warning: Nashorn engine is planned to be removed from a future JDK release
Warning: Nashorn engine is planned to be removed from a future JDK release
Warning: Nashorn engine is planned to be removed from a future JDK release
Warning: Nashorn engine is planned to be removed from a future JDK release
Warning: Nashorn engine is planned to be removed from a future JDK release
Warning: Nashorn engine is planned to be removed from a future JDK release
Warning: Nashorn engine is planned to be removed from a future JDK release
Warning: Nashorn engine is planned to be removed from a future JDK release
Warning: Nashorn engine is planned to be removed from a future JDK release
Warning: Nashorn engine is planned to be removed from a future JDK release
Warning: Nashorn engine is planned to be removed from a future JDK release
Warning: Nashorn engine is planned to be removed from a future JDK release
Warning: Nashorn engine is planned to be removed from a future JDK release
Warning: Nashorn engine is planned to be removed from a future JDK release
Warning: Nashorn engine is planned to be removed from a future JDK release
Warning: Nashorn engine is planned to be removed from a future JDK release
Warning: Nashorn engine is planned to be removed from a future JDK release
Warning: Nashorn engine is planned to be removed from a future JDK release
Warning: Nashorn engine is planned to be removed from a future JDK release
Warning: Nashorn engine is planned to be removed from a future JDK release
Warning: Nashorn engine is planned to be removed from a future JDK release
Warning: Nashorn engine is planned to be removed from a future JDK release
Warning: Nashorn engine is planned to be removed from a future JDK release
Warning: Nashorn engine is planned to be removed from a future JDK release
Warning: Nashorn engine is planned to be removed from a future JDK release
Warning: Nashorn engine is planned to be removed from a future JDK release
Warning: Nashorn engine is planned to be removed from a future JDK release
Warning: Nashorn engine is planned to be removed from a future JDK release
Warning: Nashorn engine is planned to be removed from a future JDK release
Warning: Nashorn engine is planned to be removed from a future JDK release
Warning: Nashorn engine is planned to be removed from a future JDK release
Warning: Nashorn engine is planned to be removed from a future JDK release
Warning: Nashorn engine is planned to be removed from a future JDK release
Warning: Nashorn engine is planned to be removed from a future JDK release
Warning: Nashorn engine is planned to be removed from a future JDK release
Warning: Nashorn engine is planned to be removed from a future JDK release
Warning: Nashorn engine is planned to be removed from a future JDK release
Warning: Nashorn engine is planned to be removed from a future JDK release
Warning: Nashorn engine is planned to be removed from a future JDK release
Warning: Nashorn engine is planned to be removed from a future JDK release
Warning: Nashorn engine is planned to be removed from a future JDK release
Warning: Nashorn engine is planned to be removed from a future JDK release
Warning: Nashorn engine is planned to be removed from a future JDK release
Warning: Nashorn engine is planned to be removed from a future JDK release
Warning: Nashorn engine is planned to be removed from a future JDK release
Warning: Nashorn engine is planned to be removed from a future JDK release
Warning: Nashorn engine is planned to be removed from a future JDK release
Warning: Nashorn engine is planned to be removed from a future JDK release
Warning: Nashorn engine is planned to be removed from a future JDK release
Warning: Nashorn engine is planned to be removed from a future JDK release
Warning: Nashorn engine is planned to be removed from a future JDK release
Warning: Nashorn engine is planned to be removed from a future JDK release
Warning: Nashorn engine is planned to be removed from a future JDK release
Warning: Nashorn engine is planned to be removed from a future JDK release
Warning: Nashorn engine is planned to be removed from a future JDK release
Warning: Nashorn engine is planned to be removed from a future JDK release
Warning: Nashorn engine is planned to be removed from a future JDK release
Warning: Nashorn engine is planned to be removed from a future JDK release
Warning: Nashorn engine is planned to be removed from a future JDK release
Warning: Nashorn engine is planned to be removed from a future JDK release
Warning: Nashorn engine is planned to be removed from a future JDK release
Warning: Nashorn engine is planned to be removed from a future JDK release
Warning: Nashorn engine is planned to be removed from a future JDK release
Warning: Nashorn engine is planned to be removed from a future JDK release
Warning: Nashorn engine is planned to be removed from a future JDK release
Warning: Nashorn engine is planned to be removed from a future JDK release
Warning: Nashorn engine is planned to be removed from a future JDK release
Warning: Nashorn engine is planned to be removed from a future JDK release
Warning: Nashorn engine is planned to be removed from a future JDK release
Warning: Nashorn engine is planned to be removed from a future JDK release
Warning: Nashorn engine is planned to be removed from a future JDK release
Warning: Nashorn engine is planned to be removed from a future JDK release
Warning: Nashorn engine is planned to be removed from a future JDK release
Warning: Nashorn engine is planned to be removed from a future JDK release
Warning: Nashorn engine is planned to be removed from a future JDK release
Warning: Nashorn engine is planned to be removed from a future JDK release
Warning: Nashorn engine is planned to be removed from a future JDK release
Warning: Nashorn engine is planned to be removed from a future JDK release
Warning: Nashorn engine is planned to be removed from a future JDK release
Warning: Nashorn engine is planned to be removed from a future JDK release
Warning: Nashorn engine is planned to be removed from a future JDK release
Warning: Nashorn engine is planned to be removed from a future JDK release
Warning: Nashorn engine is planned to be removed from a future JDK release
Warning: Nashorn engine is planned to be removed from a future JDK release
Warning: Nashorn engine is planned to be removed from a future JDK release
Warning: Nashorn engine is planned to be removed from a future JDK release
Warning: Nashorn engine is planned to be removed from a future JDK release
Warning: Nashorn engine is planned to be removed from a future JDK release
Warning: Nashorn engine is planned to be removed from a future JDK release
Warning: Nashorn engine is planned to be removed from a future JDK release
Warning: Nashorn engine is planned to be removed from a future JDK release
Warning: Nashorn engine is planned to be removed from a future JDK release
Warning: Nashorn engine is planned to be removed from a future JDK release
Warning: Nashorn engine is planned to be removed from a future JDK release
Warning: Nashorn engine is planned to be removed from a future JDK release
Warning: Nashorn engine is planned to be removed from a future JDK release
Warning: Nashorn engine is planned to be removed from a future JDK release
Warning: Nashorn engine is planned to be removed from a future JDK release
Warning: Nashorn engine is planned to be removed from a future JDK release
Warning: Nashorn engine is planned to be removed from a future JDK release
Warning: Nashorn engine is planned to be removed from a future JDK release
Warning: Nashorn engine is planned to be removed from a future JDK release
Warning: Nashorn engine is planned to be removed from a future JDK release
Warning: Nashorn engine is planned to be removed from a future JDK release
Warning: Nashorn engine is planned to be removed from a future JDK release
Warning: Nashorn engine is planned to be removed from a future JDK release
Warning: Nashorn engine is planned to be removed from a future JDK release
Warning: Nashorn engine is planned to be removed from a future JDK release
Warning: Nashorn engine is planned to be removed from a future JDK release
Warning: Nashorn engine is planned to be removed from a future JDK release
Warning: Nashorn engine is planned to be removed from a future JDK release
Warning: Nashorn engine is planned to be removed from a future JDK release
Warning: Nashorn engine is planned to be removed from a future JDK release
Warning: Nashorn engine is planned to be removed from a future JDK release
Warning: Nashorn engine is planned to be removed from a future JDK release
Warning: Nashorn engine is planned to be removed from a future JDK release
Warning: Nashorn engine is planned to be removed from a future JDK release
Warning: Nashorn engine is planned to be removed from a future JDK release
Warning: Nashorn engine is planned to be removed from a future JDK release
Warning: Nashorn engine is planned to be removed from a future JDK release
Warning: Nashorn engine is planned to be removed from a future JDK release
Warning: Nashorn engine is planned to be removed from a future JDK release
Warning: Nashorn engine is planned to be removed from a future JDK release
Warning: Nashorn engine is planned to be removed from a future JDK release
Warning: Nashorn engine is planned to be removed from a future JDK release
Warning: Nashorn engine is planned to be removed from a future JDK release
Warning: Nashorn engine is planned to be removed from a future JDK release
Warning: Nashorn engine is planned to be removed from a future JDK release
Warning: Nashorn engine is planned to be removed from a future JDK release
Warning: Nashorn engine is planned to be removed from a future JDK release
Warning: Nashorn engine is planned to be removed from a future JDK release
Warning: Nashorn engine is planned to be removed from a future JDK release
Warning: Nashorn engine is planned to be removed from a future JDK release
Warning: Nashorn engine is planned to be removed from a future JDK release
Warning: Nashorn engine is planned to be removed from a future JDK release
Warning: Nashorn engine is planned to be removed from a future JDK release
Warning: Nashorn engine is planned to be removed from a future JDK release
Warning: Nashorn engine is planned to be removed from a future JDK release
Warning: Nashorn engine is planned to be removed from a future JDK release
Warning: Nashorn engine is planned to be removed from a future JDK release
Warning: Nashorn engine is planned to be removed from a future JDK release
Warning: Nashorn engine is planned to be removed from a future JDK release
Warning: Nashorn engine is planned to be removed from a future JDK release
Warning: Nashorn engine is planned to be removed from a future JDK release
Warning: Nashorn engine is planned to be removed from a future JDK release
Warning: Nashorn engine is planned to be removed from a future JDK release
Warning: Nashorn engine is planned to be removed from a future JDK release
Warning: Nashorn engine is planned to be removed from a future JDK release
Warning: Nashorn engine is planned to be removed from a future JDK release
Warning: Nashorn engine is planned to be removed from a future JDK release
Warning: Nashorn engine is planned to be removed from a future JDK release
Warning: Nashorn engine is planned to be removed from a future JDK release
Warning: Nashorn engine is planned to be removed from a future JDK release
Warning: Nashorn engine is planned to be removed from a future JDK release
Warning: Nashorn engine is planned to be removed from a future JDK release
Warning: Nashorn engine is planned to be removed from a future JDK release
Warning: Nashorn engine is planned to be removed from a future JDK release
Warning: Nashorn engine is planned to be removed from a future JDK release
Warning: Nashorn engine is planned to be removed from a future JDK release
Warning: Nashorn engine is planned to be removed from a future JDK release
Warning: Nashorn engine is planned to be removed from a future JDK release
Warning: Nashorn engine is planned to be removed from a future JDK release
Warning: Nashorn engine is planned to be removed from a future JDK release
Warning: Nashorn engine is planned to be removed from a future JDK release
Warning: Nashorn engine is planned to be removed from a future JDK release
Warning: Nashorn engine is planned to be removed from a future JDK release
Warning: Nashorn engine is planned to be removed from a future JDK release
Warning: Nashorn engine is planned to be removed from a future JDK release
Warning: Nashorn engine is planned to be removed from a future JDK release
Warning: Nashorn engine is planned to be removed from a future JDK release
Warning: Nashorn engine is planned to be removed from a future JDK release
Warning: Nashorn engine is planned to be removed from a future JDK release
Warning: Nashorn engine is planned to be removed from a future JDK release
Warning: Nashorn engine is planned to be removed from a future JDK release
Warning: Nashorn engine is planned to be removed from a future JDK release
Warning: Nashorn engine is planned to be removed from a future JDK release
Warning: Nashorn engine is planned to be removed from a future JDK release
Warning: Nashorn engine is planned to be removed from a future JDK release
Warning: Nashorn engine is planned to be removed from a future JDK release
Warning: Nashorn engine is planned to be removed from a future JDK release
Warning: Nashorn engine is planned to be removed from a future JDK release
Warning: Nashorn engine is planned to be removed from a future JDK release
Warning: Nashorn engine is planned to be removed from a future JDK release
Warning: Nashorn engine is planned to be removed from a future JDK release
Warning: Nashorn engine is planned to be removed from a future JDK release
Warning: Nashorn engine is planned to be removed from a future JDK release
Warning: Nashorn engine is planned to be removed from a future JDK release
Warning: Nashorn engine is planned to be removed from a future JDK release
Warning: Nashorn engine is planned to be removed from a future JDK release
Warning: Nashorn engine is planned to be removed from a future JDK release
Warning: Nashorn engine is planned to be removed from a future JDK release
Warning: Nashorn engine is planned to be removed from a future JDK release
Warning: Nashorn engine is planned to be removed from a future JDK release
Warning: Nashorn engine is planned to be removed from a future JDK release
Warning: Nashorn engine is planned to be removed from a future JDK release
Warning: Nashorn engine is planned to be removed from a future JDK release
Warning: Nashorn engine is planned to be removed from a future JDK release
Warning: Nashorn engine is planned to be removed from a future JDK release
Warning: Nashorn engine is planned to be removed from a future JDK release
Warning: Nashorn engine is planned to be removed from a future JDK release
Warning: Nashorn engine is planned to be removed from a future JDK release
Warning: Nashorn engine is planned to be removed from a future JDK release
Warning: Nashorn engine is planned to be removed from a future JDK release
Warning: Nashorn engine is planned to be removed from a future JDK release
Warning: Nashorn engine is planned to be removed from a future JDK release
Warning: Nashorn engine is planned to be removed from a future JDK release
Warning: Nashorn engine is planned to be removed from a future JDK release
Warning: Nashorn engine is planned to be removed from a future JDK release
Warning: Nashorn engine is planned to be removed from a future JDK release
Warning: Nashorn engine is planned to be removed from a future JDK release
Warning: Nashorn engine is planned to be removed from a future JDK release
Warning: Nashorn engine is planned to be removed from a future JDK release
Warning: Nashorn engine is planned to be removed from a future JDK release
Warning: Nashorn engine is planned to be removed from a future JDK release
Warning: Nashorn engine is planned to be removed from a future JDK release
Warning: Nashorn engine is planned to be removed from a future JDK release
Warning: Nashorn engine is planned to be removed from a future JDK release
Warning: Nashorn engine is planned to be removed from a future JDK release
Warning: Nashorn engine is planned to be removed from a future JDK release
Warning: Nashorn engine is planned to be removed from a future JDK release
Warning: Nashorn engine is planned to be removed from a future JDK release
Warning: Nashorn engine is planned to be removed from a future JDK release
Warning: Nashorn engine is planned to be removed from a future JDK release
Warning: Nashorn engine is planned to be removed from a future JDK release
Warning: Nashorn engine is planned to be removed from a future JDK release
Warning: Nashorn engine is planned to be removed from a future JDK release
Warning: Nashorn engine is planned to be removed from a future JDK release
Warning: Nashorn engine is planned to be removed from a future JDK release
Warning: Nashorn engine is planned to be removed from a future JDK release
Warning: Nashorn engine is planned to be removed from a future JDK release
Warning: Nashorn engine is planned to be removed from a future JDK release
Warning: Nashorn engine is planned to be removed from a future JDK release
Warning: Nashorn engine is planned to be removed from a future JDK release
Warning: Nashorn engine is planned to be removed from a future JDK release
Warning: Nashorn engine is planned to be removed from a future JDK release
Warning: Nashorn engine is planned to be removed from a future JDK release
Warning: Nashorn engine is planned to be removed from a future JDK release
Warning: Nashorn engine is planned to be removed from a future JDK release
Warning: Nashorn engine is planned to be removed from a future JDK release
Warning: Nashorn engine is planned to be removed from a future JDK release
Warning: Nashorn engine is planned to be removed from a future JDK release
Warning: Nashorn engine is planned to be removed from a future JDK release
Warning: Nashorn engine is planned to be removed from a future JDK release
Warning: Nashorn engine is planned to be removed from a future JDK release
Warning: Nashorn engine is planned to be removed from a future JDK release
Warning: Nashorn engine is planned to be removed from a future JDK release
Warning: Nashorn engine is planned to be removed from a future JDK release
Warning: Nashorn engine is planned to be removed from a future JDK release
Warning: Nashorn engine is planned to be removed from a future JDK release
Warning: Nashorn engine is planned to be removed from a future JDK release
Warning: Nashorn engine is planned to be removed from a future JDK release
Warning: Nashorn engine is planned to be removed from a future JDK release
Warning: Nashorn engine is planned to be removed from a future JDK release
Warning: Nashorn engine is planned to be removed from a future JDK release
Warning: Nashorn engine is planned to be removed from a future JDK release
Warning: Nashorn engine is planned to be removed from a future JDK release
Warning: Nashorn engine is planned to be removed from a future JDK release
Warning: Nashorn engine is planned to be removed from a future JDK release
Warning: Nashorn engine is planned to be removed from a future JDK release
Warning: Nashorn engine is planned to be removed from a future JDK release
Warning: Nashorn engine is planned to be removed from a future JDK release
Warning: Nashorn engine is planned to be removed from a future JDK release
Warning: Nashorn engine is planned to be removed from a future JDK release
Warning: Nashorn engine is planned to be removed from a future JDK release
Warning: Nashorn engine is planned to be removed from a future JDK release
Warning: Nashorn engine is planned to be removed from a future JDK release
Warning: Nashorn engine is planned to be removed from a future JDK release
Warning: Nashorn engine is planned to be removed from a future JDK release
Warning: Nashorn engine is planned to be removed from a future JDK release
Warning: Nashorn engine is planned to be removed from a future JDK release
Warning: Nashorn engine is planned to be removed from a future JDK release
Warning: Nashorn engine is planned to be removed from a future JDK release
Warning: Nashorn engine is planned to be removed from a future JDK release
Warning: Nashorn engine is planned to be removed from a future JDK release
Warning: Nashorn engine is planned to be removed from a future JDK release
Warning: Nashorn engine is planned to be removed from a future JDK release
Warning: Nashorn engine is planned to be removed from a future JDK release
Warning: Nashorn engine is planned to be removed from a future JDK release
Warning: Nashorn engine is planned to be removed from a future JDK release
Warning: Nashorn engine is planned to be removed from a future JDK release
Warning: Nashorn engine is planned to be removed from a future JDK release
Warning: Nashorn engine is planned to be removed from a future JDK release
Warning: Nashorn engine is planned to be removed from a future JDK release
Warning: Nashorn engine is planned to be removed from a future JDK release
Warning: Nashorn engine is planned to be removed from a future JDK release
Warning: Nashorn engine is planned to be removed from a future JDK release
Warning: Nashorn engine is planned to be removed from a future JDK release
Warning: Nashorn engine is planned to be removed from a future JDK release
Warning: Nashorn engine is planned to be removed from a future JDK release
Warning: Nashorn engine is planned to be removed from a future JDK release
Warning: Nashorn engine is planned to be removed from a future JDK release
Warning: Nashorn engine is planned to be removed from a future JDK release
Warning: Nashorn engine is planned to be removed from a future JDK release
Warning: Nashorn engine is planned to be removed from a future JDK release
Warning: Nashorn engine is planned to be removed from a future JDK release
Warning: Nashorn engine is planned to be removed from a future JDK release
Warning: Nashorn engine is planned to be removed from a future JDK release
Warning: Nashorn engine is planned to be removed from a future JDK release
Warning: Nashorn engine is planned to be removed from a future JDK release
Warning: Nashorn engine is planned to be removed from a future JDK release
Warning: Nashorn engine is planned to be removed from a future JDK release
Warning: Nashorn engine is planned to be removed from a future JDK release
Warning: Nashorn engine is planned to be removed from a future JDK release
Warning: Nashorn engine is planned to be removed from a future JDK release
Warning: Nashorn engine is planned to be removed from a future JDK release
Warning: Nashorn engine is planned to be removed from a future JDK release
Warning: Nashorn engine is planned to be removed from a future JDK release
Warning: Nashorn engine is planned to be removed from a future JDK release
Warning: Nashorn engine is planned to be removed from a future JDK release
Warning: Nashorn engine is planned to be removed from a future JDK release
Warning: Nashorn engine is planned to be removed from a future JDK release
Warning: Nashorn engine is planned to be removed from a future JDK release
Warning: Nashorn engine is planned to be removed from a future JDK release
Warning: Nashorn engine is planned to be removed from a future JDK release
Warning: Nashorn engine is planned to be removed from a future JDK release
Warning: Nashorn engine is planned to be removed from a future JDK release
Warning: Nashorn engine is planned to be removed from a future JDK release
Warning: Nashorn engine is planned to be removed from a future JDK release
Warning: Nashorn engine is planned to be removed from a future JDK release
Warning: Nashorn engine is planned to be removed from a future JDK release
Warning: Nashorn engine is planned to be removed from a future JDK release
Warning: Nashorn engine is planned to be removed from a future JDK release
Warning: Nashorn engine is planned to be removed from a future JDK release
Warning: Nashorn engine is planned to be removed from a future JDK release
Warning: Nashorn engine is planned to be removed from a future JDK release
Warning: Nashorn engine is planned to be removed from a future JDK release
Warning: Nashorn engine is planned to be removed from a future JDK release
Warning: Nashorn engine is planned to be removed from a future JDK release
Warning: Nashorn engine is planned to be removed from a future JDK release
Warning: Nashorn engine is planned to be removed from a future JDK release
Warning: Nashorn engine is planned to be removed from a future JDK release
Warning: Nashorn engine is planned to be removed from a future JDK release
Warning: Nashorn engine is planned to be removed from a future JDK release
Warning: Nashorn engine is planned to be removed from a future JDK release
Warning: Nashorn engine is planned to be removed from a future JDK release
Warning: Nashorn engine is planned to be removed from a future JDK release
Warning: Nashorn engine is planned to be removed from a future JDK release
Warning: Nashorn engine is planned to be removed from a future JDK release
Warning: Nashorn engine is planned to be removed from a future JDK release
Warning: Nashorn engine is planned to be removed from a future JDK release
Warning: Nashorn engine is planned to be removed from a future JDK release
Warning: Nashorn engine is planned to be removed from a future JDK release
Warning: Nashorn engine is planned to be removed from a future JDK release
Warning: Nashorn engine is planned to be removed from a future JDK release
Warning: Nashorn engine is planned to be removed from a future JDK release
Warning: Nashorn engine is planned to be removed from a future JDK release
Warning: Nashorn engine is planned to be removed from a future JDK release
Warning: Nashorn engine is planned to be removed from a future JDK release
Warning: Nashorn engine is planned to be removed from a future JDK release
Warning: Nashorn engine is planned to be removed from a future JDK release
Warning: Nashorn engine is planned to be removed from a future JDK release
Warning: Nashorn engine is planned to be removed from a future JDK release
Warning: Nashorn engine is planned to be removed from a future JDK release
Warning: Nashorn engine is planned to be removed from a future JDK release
Warning: Nashorn engine is planned to be removed from a future JDK release
Warning: Nashorn engine is planned to be removed from a future JDK release
Warning: Nashorn engine is planned to be removed from a future JDK release
Warning: Nashorn engine is planned to be removed from a future JDK release
Warning: Nashorn engine is planned to be removed from a future JDK release
Warning: Nashorn engine is planned to be removed from a future JDK release
Warning: Nashorn engine is planned to be removed from a future JDK release
Warning: Nashorn engine is planned to be removed from a future JDK release
Warning: Nashorn engine is planned to be removed from a future JDK release
Warning: Nashorn engine is planned to be removed from a future JDK release
Warning: Nashorn engine is planned to be removed from a future JDK release
Warning: Nashorn engine is planned to be removed from a future JDK release
Warning: Nashorn engine is planned to be removed from a future JDK release
Warning: Nashorn engine is planned to be removed from a future JDK release
Warning: Nashorn engine is planned to be removed from a future JDK release
Warning: Nashorn engine is planned to be removed from a future JDK release
Warning: Nashorn engine is planned to be removed from a future JDK release
Warning: Nashorn engine is planned to be removed from a future JDK release
Warning: Nashorn engine is planned to be removed from a future JDK release
Warning: Nashorn engine is planned to be removed from a future JDK release
Warning: Nashorn engine is planned to be removed from a future JDK release
Warning: Nashorn engine is planned to be removed from a future JDK release
Warning: Nashorn engine is planned to be removed from a future JDK release
Warning: Nashorn engine is planned to be removed from a future JDK release
Warning: Nashorn engine is planned to be removed from a future JDK release
Warning: Nashorn engine is planned to be removed from a future JDK release
Warning: Nashorn engine is planned to be removed from a future JDK release
Warning: Nashorn engine is planned to be removed from a future JDK release
Warning: Nashorn engine is planned to be removed from a future JDK release
Warning: Nashorn engine is planned to be removed from a future JDK release
Warning: Nashorn engine is planned to be removed from a future JDK release
Warning: Nashorn engine is planned to be removed from a future JDK release
Warning: Nashorn engine is planned to be removed from a future JDK release
Warning: Nashorn engine is planned to be removed from a future JDK release
Warning: Nashorn engine is planned to be removed from a future JDK release
Warning: Nashorn engine is planned to be removed from a future JDK release
Warning: Nashorn engine is planned to be removed from a future JDK release
Warning: Nashorn engine is planned to be removed from a future JDK release
Warning: Nashorn engine is planned to be removed from a future JDK release
Warning: Nashorn engine is planned to be removed from a future JDK release
Warning: Nashorn engine is planned to be removed from a future JDK release
Warning: Nashorn engine is planned to be removed from a future JDK release
Warning: Nashorn engine is planned to be removed from a future JDK release
Warning: Nashorn engine is planned to be removed from a future JDK release
Warning: Nashorn engine is planned to be removed from a future JDK release
Warning: Nashorn engine is planned to be removed from a future JDK release
Warning: Nashorn engine is planned to be removed from a future JDK release
Warning: Nashorn engine is planned to be removed from a future JDK release
Warning: Nashorn engine is planned to be removed from a future JDK release
Warning: Nashorn engine is planned to be removed from a future JDK release
Warning: Nashorn engine is planned to be removed from a future JDK release
Warning: Nashorn engine is planned to be removed from a future JDK release
Warning: Nashorn engine is planned to be removed from a future JDK release
Warning: Nashorn engine is planned to be removed from a future JDK release
Warning: Nashorn engine is planned to be removed from a future JDK release
Warning: Nashorn engine is planned to be removed from a future JDK release
Warning: Nashorn engine is planned to be removed from a future JDK release
Warning: Nashorn engine is planned to be removed from a future JDK release
Warning: Nashorn engine is planned to be removed from a future JDK release
Warning: Nashorn engine is planned to be removed from a future JDK release
Warning: Nashorn engine is planned to be removed from a future JDK release
Warning: Nashorn engine is planned to be removed from a future JDK release
Warning: Nashorn engine is planned to be removed from a future JDK release
Warning: Nashorn engine is planned to be removed from a future JDK release
Warning: Nashorn engine is planned to be removed from a future JDK release
Warning: Nashorn engine is planned to be removed from a future JDK release
Warning: Nashorn engine is planned to be removed from a future JDK release
Warning: Nashorn engine is planned to be removed from a future JDK release
Warning: Nashorn engine is planned to be removed from a future JDK release
Warning: Nashorn engine is planned to be removed from a future JDK release
Warning: Nashorn engine is planned to be removed from a future JDK release
Warning: Nashorn engine is planned to be removed from a future JDK release
Warning: Nashorn engine is planned to be removed from a future JDK release
Warning: Nashorn engine is planned to be removed from a future JDK release
Warning: Nashorn engine is planned to be removed from a future JDK release
Warning: Nashorn engine is planned to be removed from a future JDK release
Warning: Nashorn engine is planned to be removed from a future JDK release
Warning: Nashorn engine is planned to be removed from a future JDK release
Warning: Nashorn engine is planned to be removed from a future JDK release
Warning: Nashorn engine is planned to be removed from a future JDK release
Warning: Nashorn engine is planned to be removed from a future JDK release
Warning: Nashorn engine is planned to be removed from a future JDK release
Warning: Nashorn engine is planned to be removed from a future JDK release
Warning: Nashorn engine is planned to be removed from a future JDK release
Warning: Nashorn engine is planned to be removed from a future JDK release
Warning: Nashorn engine is planned to be removed from a future JDK release
Warning: Nashorn engine is planned to be removed from a future JDK release
Warning: Nashorn engine is planned to be removed from a future JDK release
Warning: Nashorn engine is planned to be removed from a future JDK release
Warning: Nashorn engine is planned to be removed from a future JDK release
Warning: Nashorn engine is planned to be removed from a future JDK release
Warning: Nashorn engine is planned to be removed from a future JDK release
Warning: Nashorn engine is planned to be removed from a future JDK release
Warning: Nashorn engine is planned to be removed from a future JDK release
Warning: Nashorn engine is planned to be removed from a future JDK release
Warning: Nashorn engine is planned to be removed from a future JDK release
Warning: Nashorn engine is planned to be removed from a future JDK release
Warning: Nashorn engine is planned to be removed from a future JDK release
Warning: Nashorn engine is planned to be removed from a future JDK release
Warning: Nashorn engine is planned to be removed from a future JDK release
Warning: Nashorn engine is planned to be removed from a future JDK release
Warning: Nashorn engine is planned to be removed from a future JDK release
Warning: Nashorn engine is planned to be removed from a future JDK release
Warning: Nashorn engine is planned to be removed from a future JDK release
Warning: Nashorn engine is planned to be removed from a future JDK release
Warning: Nashorn engine is planned to be removed from a future JDK release
Warning: Nashorn engine is planned to be removed from a future JDK release
Warning: Nashorn engine is planned to be removed from a future JDK release
Warning: Nashorn engine is planned to be removed from a future JDK release
Warning: Nashorn engine is planned to be removed from a future JDK release
Warning: Nashorn engine is planned to be removed from a future JDK release
Warning: Nashorn engine is planned to be removed from a future JDK release
Warning: Nashorn engine is planned to be removed from a future JDK release
Warning: Nashorn engine is planned to be removed from a future JDK release
Warning: Nashorn engine is planned to be removed from a future JDK release
Warning: Nashorn engine is planned to be removed from a future JDK release
Warning: Nashorn engine is planned to be removed from a future JDK release
Warning: Nashorn engine is planned to be removed from a future JDK release
Warning: Nashorn engine is planned to be removed from a future JDK release
Warning: Nashorn engine is planned to be removed from a future JDK release
Warning: Nashorn engine is planned to be removed from a future JDK release
Warning: Nashorn engine is planned to be removed from a future JDK release
Warning: Nashorn engine is planned to be removed from a future JDK release
Warning: Nashorn engine is planned to be removed from a future JDK release
Warning: Nashorn engine is planned to be removed from a future JDK release
Warning: Nashorn engine is planned to be removed from a future JDK release
Warning: Nashorn engine is planned to be removed from a future JDK release
Warning: Nashorn engine is planned to be removed from a future JDK release
Warning: Nashorn engine is planned to be removed from a future JDK release
Warning: Nashorn engine is planned to be removed from a future JDK release
Warning: Nashorn engine is planned to be removed from a future JDK release
Warning: Nashorn engine is planned to be removed from a future JDK release
Warning: Nashorn engine is planned to be removed from a future JDK release
Warning: Nashorn engine is planned to be removed from a future JDK release
Warning: Nashorn engine is planned to be removed from a future JDK release
Warning: Nashorn engine is planned to be removed from a future JDK release
Warning: Nashorn engine is planned to be removed from a future JDK release
Warning: Nashorn engine is planned to be removed from a future JDK release
Warning: Nashorn engine is planned to be removed from a future JDK release
Warning: Nashorn engine is planned to be removed from a future JDK release
Warning: Nashorn engine is planned to be removed from a future JDK release
Warning: Nashorn engine is planned to be removed from a future JDK release
Warning: Nashorn engine is planned to be removed from a future JDK release
Warning: Nashorn engine is planned to be removed from a future JDK release
Warning: Nashorn engine is planned to be removed from a future JDK release
Warning: Nashorn engine is planned to be removed from a future JDK release
Warning: Nashorn engine is planned to be removed from a future JDK release
Warning: Nashorn engine is planned to be removed from a future JDK release
Warning: Nashorn engine is planned to be removed from a future JDK release
Warning: Nashorn engine is planned to be removed from a future JDK release
Warning: Nashorn engine is planned to be removed from a future JDK release
Warning: Nashorn engine is planned to be removed from a future JDK release
Warning: Nashorn engine is planned to be removed from a future JDK release
Warning: Nashorn engine is planned to be removed from a future JDK release
Warning: Nashorn engine is planned to be removed from a future JDK release
Warning: Nashorn engine is planned to be removed from a future JDK release
Warning: Nashorn engine is planned to be removed from a future JDK release
Warning: Nashorn engine is planned to be removed from a future JDK release
Warning: Nashorn engine is planned to be removed from a future JDK release
Warning: Nashorn engine is planned to be removed from a future JDK release
Warning: Nashorn engine is planned to be removed from a future JDK release
Warning: Nashorn engine is planned to be removed from a future JDK release
Warning: Nashorn engine is planned to be removed from a future JDK release
Warning: Nashorn engine is planned to be removed from a future JDK release
Warning: Nashorn engine is planned to be removed from a future JDK release
Warning: Nashorn engine is planned to be removed from a future JDK release
Warning: Nashorn engine is planned to be removed from a future JDK release
Warning: Nashorn engine is planned to be removed from a future JDK release
Warning: Nashorn engine is planned to be removed from a future JDK release
Warning: Nashorn engine is planned to be removed from a future JDK release
Warning: Nashorn engine is planned to be removed from a future JDK release
Warning: Nashorn engine is planned to be removed from a future JDK release
Warning: Nashorn engine is planned to be removed from a future JDK release
Warning: Nashorn engine is planned to be removed from a future JDK release
Warning: Nashorn engine is planned to be removed from a future JDK release
Warning: Nashorn engine is planned to be removed from a future JDK release
Warning: Nashorn engine is planned to be removed from a future JDK release
Warning: Nashorn engine is planned to be removed from a future JDK release
Warning: Nashorn engine is planned to be removed from a future JDK release
Warning: Nashorn engine is planned to be removed from a future JDK release
Warning: Nashorn engine is planned to be removed from a future JDK release
Warning: Nashorn engine is planned to be removed from a future JDK release
Warning: Nashorn engine is planned to be removed from a future JDK release
Warning: Nashorn engine is planned to be removed from a future JDK release
Warning: Nashorn engine is planned to be removed from a future JDK release
Warning: Nashorn engine is planned to be removed from a future JDK release
Warning: Nashorn engine is planned to be removed from a future JDK release
Warning: Nashorn engine is planned to be removed from a future JDK release
Warning: Nashorn engine is planned to be removed from a future JDK release
Warning: Nashorn engine is planned to be removed from a future JDK release
Warning: Nashorn engine is planned to be removed from a future JDK release
Warning: Nashorn engine is planned to be removed from a future JDK release
Warning: Nashorn engine is planned to be removed from a future JDK release
Warning: Nashorn engine is planned to be removed from a future JDK release
Warning: Nashorn engine is planned to be removed from a future JDK release
Warning: Nashorn engine is planned to be removed from a future JDK release
Warning: Nashorn engine is planned to be removed from a future JDK release
Warning: Nashorn engine is planned to be removed from a future JDK release
Warning: Nashorn engine is planned to be removed from a future JDK release
Warning: Nashorn engine is planned to be removed from a future JDK release
Warning: Nashorn engine is planned to be removed from a future JDK release
Warning: Nashorn engine is planned to be removed from a future JDK release
Warning: Nashorn engine is planned to be removed from a future JDK release
Warning: Nashorn engine is planned to be removed from a future JDK release
Warning: Nashorn engine is planned to be removed from a future JDK release
Warning: Nashorn engine is planned to be removed from a future JDK release
Warning: Nashorn engine is planned to be removed from a future JDK release
Warning: Nashorn engine is planned to be removed from a future JDK release
Warning: Nashorn engine is planned to be removed from a future JDK release
Warning: Nashorn engine is planned to be removed from a future JDK release
Warning: Nashorn engine is planned to be removed from a future JDK release
Warning: Nashorn engine is planned to be removed from a future JDK release
Warning: Nashorn engine is planned to be removed from a future JDK release
Warning: Nashorn engine is planned to be removed from a future JDK release
Warning: Nashorn engine is planned to be removed from a future JDK release
Warning: Nashorn engine is planned to be removed from a future JDK release
Warning: Nashorn engine is planned to be removed from a future JDK release
Warning: Nashorn engine is planned to be removed from a future JDK release
Warning: Nashorn engine is planned to be removed from a future JDK release
Warning: Nashorn engine is planned to be removed from a future JDK release
Warning: Nashorn engine is planned to be removed from a future JDK release
Warning: Nashorn engine is planned to be removed from a future JDK release
Warning: Nashorn engine is planned to be removed from a future JDK release
Warning: Nashorn engine is planned to be removed from a future JDK release
Warning: Nashorn engine is planned to be removed from a future JDK release
Warning: Nashorn engine is planned to be removed from a future JDK release
Warning: Nashorn engine is planned to be removed from a future JDK release
Warning: Nashorn engine is planned to be removed from a future JDK release
Warning: Nashorn engine is planned to be removed from a future JDK release
Warning: Nashorn engine is planned to be removed from a future JDK release
Warning: Nashorn engine is planned to be removed from a future JDK release
Warning: Nashorn engine is planned to be removed from a future JDK release
Warning: Nashorn engine is planned to be removed from a future JDK release
Warning: Nashorn engine is planned to be removed from a future JDK release
Warning: Nashorn engine is planned to be removed from a future JDK release
Warning: Nashorn engine is planned to be removed from a future JDK release
Warning: Nashorn engine is planned to be removed from a future JDK release
Warning: Nashorn engine is planned to be removed from a future JDK release
Warning: Nashorn engine is planned to be removed from a future JDK release
Warning: Nashorn engine is planned to be removed from a future JDK release
Warning: Nashorn engine is planned to be removed from a future JDK release
Warning: Nashorn engine is planned to be removed from a future JDK release
Warning: Nashorn engine is planned to be removed from a future JDK release
Warning: Nashorn engine is planned to be removed from a future JDK release
Warning: Nashorn engine is planned to be removed from a future JDK release
Warning: Nashorn engine is planned to be removed from a future JDK release
Warning: Nashorn engine is planned to be removed from a future JDK release
Warning: Nashorn engine is planned to be removed from a future JDK release
Warning: Nashorn engine is planned to be removed from a future JDK release
Warning: Nashorn engine is planned to be removed from a future JDK release
Warning: Nashorn engine is planned to be removed from a future JDK release
Warning: Nashorn engine is planned to be removed from a future JDK release
Warning: Nashorn engine is planned to be removed from a future JDK release
Warning: Nashorn engine is planned to be removed from a future JDK release
Warning: Nashorn engine is planned to be removed from a future JDK release
Warning: Nashorn engine is planned to be removed from a future JDK release
Warning: Nashorn engine is planned to be removed from a future JDK release
Warning: Nashorn engine is planned to be removed from a future JDK release
Warning: Nashorn engine is planned to be removed from a future JDK release
Warning: Nashorn engine is planned to be removed from a future JDK release
Warning: Nashorn engine is planned to be removed from a future JDK release
Warning: Nashorn engine is planned to be removed from a future JDK release
Warning: Nashorn engine is planned to be removed from a future JDK release
Warning: Nashorn engine is planned to be removed from a future JDK release
Warning: Nashorn engine is planned to be removed from a future JDK release
Warning: Nashorn engine is planned to be removed from a future JDK release
Warning: Nashorn engine is planned to be removed from a future JDK release
Warning: Nashorn engine is planned to be removed from a future JDK release
Warning: Nashorn engine is planned to be removed from a future JDK release
Warning: Nashorn engine is planned to be removed from a future JDK release
Warning: Nashorn engine is planned to be removed from a future JDK release
Warning: Nashorn engine is planned to be removed from a future JDK release
Warning: Nashorn engine is planned to be removed from a future JDK release
Warning: Nashorn engine is planned to be removed from a future JDK release
Warning: Nashorn engine is planned to be removed from a future JDK release
Warning: Nashorn engine is planned to be removed from a future JDK release
Warning: Nashorn engine is planned to be removed from a future JDK release
Warning: Nashorn engine is planned to be removed from a future JDK release
Warning: Nashorn engine is planned to be removed from a future JDK release
Warning: Nashorn engine is planned to be removed from a future JDK release
Warning: Nashorn engine is planned to be removed from a future JDK release
Warning: Nashorn engine is planned to be removed from a future JDK release
Warning: Nashorn engine is planned to be removed from a future JDK release
Warning: Nashorn engine is planned to be removed from a future JDK release
Warning: Nashorn engine is planned to be removed from a future JDK release
Warning: Nashorn engine is planned to be removed from a future JDK release
Warning: Nashorn engine is planned to be removed from a future JDK release
Warning: Nashorn engine is planned to be removed from a future JDK release
Warning: Nashorn engine is planned to be removed from a future JDK release
Warning: Nashorn engine is planned to be removed from a future JDK release
Warning: Nashorn engine is planned to be removed from a future JDK release
Warning: Nashorn engine is planned to be removed from a future JDK release
Warning: Nashorn engine is planned to be removed from a future JDK release
Warning: Nashorn engine is planned to be removed from a future JDK release
Warning: Nashorn engine is planned to be removed from a future JDK release
Warning: Nashorn engine is planned to be removed from a future JDK release
Warning: Nashorn engine is planned to be removed from a future JDK release
Warning: Nashorn engine is planned to be removed from a future JDK release
Warning: Nashorn engine is planned to be removed from a future JDK release
Warning: Nashorn engine is planned to be removed from a future JDK release
Warning: Nashorn engine is planned to be removed from a future JDK release
Warning: Nashorn engine is planned to be removed from a future JDK release
Warning: Nashorn engine is planned to be removed from a future JDK release
Warning: Nashorn engine is planned to be removed from a future JDK release
Warning: Nashorn engine is planned to be removed from a future JDK release
Warning: Nashorn engine is planned to be removed from a future JDK release
Warning: Nashorn engine is planned to be removed from a future JDK release
Warning: Nashorn engine is planned to be removed from a future JDK release
Warning: Nashorn engine is planned to be removed from a future JDK release
Warning: Nashorn engine is planned to be removed from a future JDK release
Warning: Nashorn engine is planned to be removed from a future JDK release
Warning: Nashorn engine is planned to be removed from a future JDK release
Warning: Nashorn engine is planned to be removed from a future JDK release
Warning: Nashorn engine is planned to be removed from a future JDK release
Warning: Nashorn engine is planned to be removed from a future JDK release
Warning: Nashorn engine is planned to be removed from a future JDK release
Warning: Nashorn engine is planned to be removed from a future JDK release
Warning: Nashorn engine is planned to be removed from a future JDK release
Warning: Nashorn engine is planned to be removed from a future JDK release
Warning: Nashorn engine is planned to be removed from a future JDK release
Warning: Nashorn engine is planned to be removed from a future JDK release
Warning: Nashorn engine is planned to be removed from a future JDK release
Warning: Nashorn engine is planned to be removed from a future JDK release
Warning: Nashorn engine is planned to be removed from a future JDK release
Warning: Nashorn engine is planned to be removed from a future JDK release
Warning: Nashorn engine is planned to be removed from a future JDK release
Warning: Nashorn engine is planned to be removed from a future JDK release
Warning: Nashorn engine is planned to be removed from a future JDK release
Warning: Nashorn engine is planned to be removed from a future JDK release
Warning: Nashorn engine is planned to be removed from a future JDK release
Warning: Nashorn engine is planned to be removed from a future JDK release
Warning: Nashorn engine is planned to be removed from a future JDK release
Warning: Nashorn engine is planned to be removed from a future JDK release
Warning: Nashorn engine is planned to be removed from a future JDK release
Warning: Nashorn engine is planned to be removed from a future JDK release
Warning: Nashorn engine is planned to be removed from a future JDK release
Warning: Nashorn engine is planned to be removed from a future JDK release
Warning: Nashorn engine is planned to be removed from a future JDK release
Warning: Nashorn engine is planned to be removed from a future JDK release
Warning: Nashorn engine is planned to be removed from a future JDK release
Warning: Nashorn engine is planned to be removed from a future JDK release
Warning: Nashorn engine is planned to be removed from a future JDK release
Warning: Nashorn engine is planned to be removed from a future JDK release
Warning: Nashorn engine is planned to be removed from a future JDK release
Warning: Nashorn engine is planned to be removed from a future JDK release
Warning: Nashorn engine is planned to be removed from a future JDK release
Warning: Nashorn engine is planned to be removed from a future JDK release
Warning: Nashorn engine is planned to be removed from a future JDK release
Warning: Nashorn engine is planned to be removed from a future JDK release
Warning: Nashorn engine is planned to be removed from a future JDK release
Warning: Nashorn engine is planned to be removed from a future JDK release
Warning: Nashorn engine is planned to be removed from a future JDK release
Warning: Nashorn engine is planned to be removed from a future JDK release
Warning: Nashorn engine is planned to be removed from a future JDK release
Warning: Nashorn engine is planned to be removed from a future JDK release
Warning: Nashorn engine is planned to be removed from a future JDK release
Warning: Nashorn engine is planned to be removed from a future JDK release
Warning: Nashorn engine is planned to be removed from a future JDK release
Warning: Nashorn engine is planned to be removed from a future JDK release
Warning: Nashorn engine is planned to be removed from a future JDK release
Warning: Nashorn engine is planned to be removed from a future JDK release
Warning: Nashorn engine is planned to be removed from a future JDK release
Warning: Nashorn engine is planned to be removed from a future JDK release
Warning: Nashorn engine is planned to be removed from a future JDK release
Warning: Nashorn engine is planned to be removed from a future JDK release
Warning: Nashorn engine is planned to be removed from a future JDK release
Warning: Nashorn engine is planned to be removed from a future JDK release
Warning: Nashorn engine is planned to be removed from a future JDK release
Warning: Nashorn engine is planned to be removed from a future JDK release
Warning: Nashorn engine is planned to be removed from a future JDK release
Warning: Nashorn engine is planned to be removed from a future JDK release
Warning: Nashorn engine is planned to be removed from a future JDK release
Warning: Nashorn engine is planned to be removed from a future JDK release
Warning: Nashorn engine is planned to be removed from a future JDK release
Warning: Nashorn engine is planned to be removed from a future JDK release
Warning: Nashorn engine is planned to be removed from a future JDK release
Warning: Nashorn engine is planned to be removed from a future JDK release
Warning: Nashorn engine is planned to be removed from a future JDK release
Warning: Nashorn engine is planned to be removed from a future JDK release
Warning: Nashorn engine is planned to be removed from a future JDK release
Warning: Nashorn engine is planned to be removed from a future JDK release
Warning: Nashorn engine is planned to be removed from a future JDK release
Warning: Nashorn engine is planned to be removed from a future JDK release
Warning: Nashorn engine is planned to be removed from a future JDK release
Warning: Nashorn engine is planned to be removed from a future JDK release
Warning: Nashorn engine is planned to be removed from a future JDK release
Warning: Nashorn engine is planned to be removed from a future JDK release
Warning: Nashorn engine is planned to be removed from a future JDK release
Warning: Nashorn engine is planned to be removed from a future JDK release
Warning: Nashorn engine is planned to be removed from a future JDK release
Warning: Nashorn engine is planned to be removed from a future JDK release
Warning: Nashorn engine is planned to be removed from a future JDK release
Warning: Nashorn engine is planned to be removed from a future JDK release
Warning: Nashorn engine is planned to be removed from a future JDK release
Warning: Nashorn engine is planned to be removed from a future JDK release
Warning: Nashorn engine is planned to be removed from a future JDK release
Warning: Nashorn engine is planned to be removed from a future JDK release
Warning: Nashorn engine is planned to be removed from a future JDK release
Warning: Nashorn engine is planned to be removed from a future JDK release
Warning: Nashorn engine is planned to be removed from a future JDK release
Warning: Nashorn engine is planned to be removed from a future JDK release
Warning: Nashorn engine is planned to be removed from a future JDK release
Warning: Nashorn engine is planned to be removed from a future JDK release
Warning: Nashorn engine is planned to be removed from a future JDK release
Warning: Nashorn engine is planned to be removed from a future JDK release
Warning: Nashorn engine is planned to be removed from a future JDK release
Warning: Nashorn engine is planned to be removed from a future JDK release
Warning: Nashorn engine is planned to be removed from a future JDK release
Warning: Nashorn engine is planned to be removed from a future JDK release
Warning: Nashorn engine is planned to be removed from a future JDK release
Warning: Nashorn engine is planned to be removed from a future JDK release
Warning: Nashorn engine is planned to be removed from a future JDK release
Warning: Nashorn engine is planned to be removed from a future JDK release
Warning: Nashorn engine is planned to be removed from a future JDK release
Warning: Nashorn engine is planned to be removed from a future JDK release
Warning: Nashorn engine is planned to be removed from a future JDK release
Warning: Nashorn engine is planned to be removed from a future JDK release
Warning: Nashorn engine is planned to be removed from a future JDK release
Warning: Nashorn engine is planned to be removed from a future JDK release
Warning: Nashorn engine is planned to be removed from a future JDK release
Warning: Nashorn engine is planned to be removed from a future JDK release
Warning: Nashorn engine is planned to be removed from a future JDK release
Warning: Nashorn engine is planned to be removed from a future JDK release
Warning: Nashorn engine is planned to be removed from a future JDK release
Warning: Nashorn engine is planned to be removed from a future JDK release
Warning: Nashorn engine is planned to be removed from a future JDK release
Warning: Nashorn engine is planned to be removed from a future JDK release
Warning: Nashorn engine is planned to be removed from a future JDK release
Warning: Nashorn engine is planned to be removed from a future JDK release
Warning: Nashorn engine is planned to be removed from a future JDK release
Warning: Nashorn engine is planned to be removed from a future JDK release
Warning: Nashorn engine is planned to be removed from a future JDK release
Warning: Nashorn engine is planned to be removed from a future JDK release
Warning: Nashorn engine is planned to be removed from a future JDK release
Warning: Nashorn engine is planned to be removed from a future JDK release
Warning: Nashorn engine is planned to be removed from a future JDK release
Warning: Nashorn engine is planned to be removed from a future JDK release
Warning: Nashorn engine is planned to be removed from a future JDK release
Warning: Nashorn engine is planned to be removed from a future JDK release
Warning: Nashorn engine is planned to be removed from a future JDK release
Warning: Nashorn engine is planned to be removed from a future JDK release
Warning: Nashorn engine is planned to be removed from a future JDK release
Warning: Nashorn engine is planned to be removed from a future JDK release
Warning: Nashorn engine is planned to be removed from a future JDK release
Warning: Nashorn engine is planned to be removed from a future JDK release
Warning: Nashorn engine is planned to be removed from a future JDK release
Warning: Nashorn engine is planned to be removed from a future JDK release
Warning: Nashorn engine is planned to be removed from a future JDK release
Warning: Nashorn engine is planned to be removed from a future JDK release
Warning: Nashorn engine is planned to be removed from a future JDK release
Warning: Nashorn engine is planned to be removed from a future JDK release
Warning: Nashorn engine is planned to be removed from a future JDK release
Warning: Nashorn engine is planned to be removed from a future JDK release
Warning: Nashorn engine is planned to be removed from a future JDK release
Warning: Nashorn engine is planned to be removed from a future JDK release
Warning: Nashorn engine is planned to be removed from a future JDK release
Warning: Nashorn engine is planned to be removed from a future JDK release
Warning: Nashorn engine is planned to be removed from a future JDK release
Warning: Nashorn engine is planned to be removed from a future JDK release
Warning: Nashorn engine is planned to be removed from a future JDK release
Warning: Nashorn engine is planned to be removed from a future JDK release
Warning: Nashorn engine is planned to be removed from a future JDK release
Warning: Nashorn engine is planned to be removed from a future JDK release
Warning: Nashorn engine is planned to be removed from a future JDK release
Warning: Nashorn engine is planned to be removed from a future JDK release
Warning: Nashorn engine is planned to be removed from a future JDK release
Warning: Nashorn engine is planned to be removed from a future JDK release
Warning: Nashorn engine is planned to be removed from a future JDK release
Warning: Nashorn engine is planned to be removed from a future JDK release
Warning: Nashorn engine is planned to be removed from a future JDK release
Warning: Nashorn engine is planned to be removed from a future JDK release
Warning: Nashorn engine is planned to be removed from a future JDK release
Warning: Nashorn engine is planned to be removed from a future JDK release
Warning: Nashorn engine is planned to be removed from a future JDK release
Warning: Nashorn engine is planned to be removed from a future JDK release
Warning: Nashorn engine is planned to be removed from a future JDK release
Warning: Nashorn engine is planned to be removed from a future JDK release
Warning: Nashorn engine is planned to be removed from a future JDK release
Warning: Nashorn engine is planned to be removed from a future JDK release
Warning: Nashorn engine is planned to be removed from a future JDK release
Warning: Nashorn engine is planned to be removed from a future JDK release
Warning: Nashorn engine is planned to be removed from a future JDK release
Warning: Nashorn engine is planned to be removed from a future JDK release
Warning: Nashorn engine is planned to be removed from a future JDK release
Warning: Nashorn engine is planned to be removed from a future JDK release
Warning: Nashorn engine is planned to be removed from a future JDK release
Warning: Nashorn engine is planned to be removed from a future JDK release
Warning: Nashorn engine is planned to be removed from a future JDK release
Warning: Nashorn engine is planned to be removed from a future JDK release
Warning: Nashorn engine is planned to be removed from a future JDK release
Warning: Nashorn engine is planned to be removed from a future JDK release
Warning: Nashorn engine is planned to be removed from a future JDK release
Warning: Nashorn engine is planned to be removed from a future JDK release
Warning: Nashorn engine is planned to be removed from a future JDK release
Warning: Nashorn engine is planned to be removed from a future JDK release
Warning: Nashorn engine is planned to be removed from a future JDK release
Warning: Nashorn engine is planned to be removed from a future JDK release
Warning: Nashorn engine is planned to be removed from a future JDK release
Warning: Nashorn engine is planned to be removed from a future JDK release
Warning: Nashorn engine is planned to be removed from a future JDK release
Warning: Nashorn engine is planned to be removed from a future JDK release
Warning: Nashorn engine is planned to be removed from a future JDK release
Warning: Nashorn engine is planned to be removed from a future JDK release
Warning: Nashorn engine is planned to be removed from a future JDK release
Warning: Nashorn engine is planned to be removed from a future JDK release
Warning: Nashorn engine is planned to be removed from a future JDK release
Warning: Nashorn engine is planned to be removed from a future JDK release
Warning: Nashorn engine is planned to be removed from a future JDK release
Warning: Nashorn engine is planned to be removed from a future JDK release
Warning: Nashorn engine is planned to be removed from a future JDK release
Warning: Nashorn engine is planned to be removed from a future JDK release
Warning: Nashorn engine is planned to be removed from a future JDK release
Warning: Nashorn engine is planned to be removed from a future JDK release
Warning: Nashorn engine is planned to be removed from a future JDK release
Warning: Nashorn engine is planned to be removed from a future JDK release
Warning: Nashorn engine is planned to be removed from a future JDK release
Warning: Nashorn engine is planned to be removed from a future JDK release
Warning: Nashorn engine is planned to be removed from a future JDK release
Warning: Nashorn engine is planned to be removed from a future JDK release
Warning: Nashorn engine is planned to be removed from a future JDK release
Warning: Nashorn engine is planned to be removed from a future JDK release
Warning: Nashorn engine is planned to be removed from a future JDK release
Warning: Nashorn engine is planned to be removed from a future JDK release
Warning: Nashorn engine is planned to be removed from a future JDK release
Warning: Nashorn engine is planned to be removed from a future JDK release
Warning: Nashorn engine is planned to be removed from a future JDK release
Warning: Nashorn engine is planned to be removed from a future JDK release
Warning: Nashorn engine is planned to be removed from a future JDK release
Warning: Nashorn engine is planned to be removed from a future JDK release
Warning: Nashorn engine is planned to be removed from a future JDK release
Warning: Nashorn engine is planned to be removed from a future JDK release
Warning: Nashorn engine is planned to be removed from a future JDK release
Warning: Nashorn engine is planned to be removed from a future JDK release
Warning: Nashorn engine is planned to be removed from a future JDK release
Warning: Nashorn engine is planned to be removed from a future JDK release
Warning: Nashorn engine is planned to be removed from a future JDK release
Warning: Nashorn engine is planned to be removed from a future JDK release
Warning: Nashorn engine is planned to be removed from a future JDK release
Warning: Nashorn engine is planned to be removed from a future JDK release
Warning: Nashorn engine is planned to be removed from a future JDK release
Warning: Nashorn engine is planned to be removed from a future JDK release
Warning: Nashorn engine is planned to be removed from a future JDK release
Warning: Nashorn engine is planned to be removed from a future JDK release
Warning: Nashorn engine is planned to be removed from a future JDK release
Warning: Nashorn engine is planned to be removed from a future JDK release
Warning: Nashorn engine is planned to be removed from a future JDK release
Warning: Nashorn engine is planned to be removed from a future JDK release
Warning: Nashorn engine is planned to be removed from a future JDK release
Warning: Nashorn engine is planned to be removed from a future JDK release
Warning: Nashorn engine is planned to be removed from a future JDK release
Warning: Nashorn engine is planned to be removed from a future JDK release
Warning: Nashorn engine is planned to be removed from a future JDK release
Warning: Nashorn engine is planned to be removed from a future JDK release
Warning: Nashorn engine is planned to be removed from a future JDK release
Warning: Nashorn engine is planned to be removed from a future JDK release
Warning: Nashorn engine is planned to be removed from a future JDK release
Warning: Nashorn engine is planned to be removed from a future JDK release
Warning: Nashorn engine is planned to be removed from a future JDK release
Warning: Nashorn engine is planned to be removed from a future JDK release
Warning: Nashorn engine is planned to be removed from a future JDK release
Warning: Nashorn engine is planned to be removed from a future JDK release
Warning: Nashorn engine is planned to be removed from a future JDK release
Warning: Nashorn engine is planned to be removed from a future JDK release
Warning: Nashorn engine is planned to be removed from a future JDK release
Warning: Nashorn engine is planned to be removed from a future JDK release
Warning: Nashorn engine is planned to be removed from a future JDK release
Warning: Nashorn engine is planned to be removed from a future JDK release
Warning: Nashorn engine is planned to be removed from a future JDK release
Warning: Nashorn engine is planned to be removed from a future JDK release
Warning: Nashorn engine is planned to be removed from a future JDK release
Warning: Nashorn engine is planned to be removed from a future JDK release
Warning: Nashorn engine is planned to be removed from a future JDK release
Warning: Nashorn engine is planned to be removed from a future JDK release
Warning: Nashorn engine is planned to be removed from a future JDK release
Warning: Nashorn engine is planned to be removed from a future JDK release
Warning: Nashorn engine is planned to be removed from a future JDK release
Warning: Nashorn engine is planned to be removed from a future JDK release
Warning: Nashorn engine is planned to be removed from a future JDK release
Warning: Nashorn engine is planned to be removed from a future JDK release
Warning: Nashorn engine is planned to be removed from a future JDK release
Warning: Nashorn engine is planned to be removed from a future JDK release
Warning: Nashorn engine is planned to be removed from a future JDK release
Warning: Nashorn engine is planned to be removed from a future JDK release
Warning: Nashorn engine is planned to be removed from a future JDK release
Warning: Nashorn engine is planned to be removed from a future JDK release
Warning: Nashorn engine is planned to be removed from a future JDK release
Warning: Nashorn engine is planned to be removed from a future JDK release
Warning: Nashorn engine is planned to be removed from a future JDK release
Warning: Nashorn engine is planned to be removed from a future JDK release
Warning: Nashorn engine is planned to be removed from a future JDK release
Warning: Nashorn engine is planned to be removed from a future JDK release
Warning: Nashorn engine is planned to be removed from a future JDK release
Warning: Nashorn engine is planned to be removed from a future JDK release
Warning: Nashorn engine is planned to be removed from a future JDK release
Warning: Nashorn engine is planned to be removed from a future JDK release
Warning: Nashorn engine is planned to be removed from a future JDK release
Warning: Nashorn engine is planned to be removed from a future JDK release
Warning: Nashorn engine is planned to be removed from a future JDK release
Warning: Nashorn engine is planned to be removed from a future JDK release
Warning: Nashorn engine is planned to be removed from a future JDK release
Warning: Nashorn engine is planned to be removed from a future JDK release
Warning: Nashorn engine is planned to be removed from a future JDK release
Warning: Nashorn engine is planned to be removed from a future JDK release
Warning: Nashorn engine is planned to be removed from a future JDK release
Warning: Nashorn engine is planned to be removed from a future JDK release
Warning: Nashorn engine is planned to be removed from a future JDK release
Warning: Nashorn engine is planned to be removed from a future JDK release
Warning: Nashorn engine is planned to be removed from a future JDK release
Warning: Nashorn engine is planned to be removed from a future JDK release
Warning: Nashorn engine is planned to be removed from a future JDK release
Warning: Nashorn engine is planned to be removed from a future JDK release
Warning: Nashorn engine is planned to be removed from a future JDK release
Warning: Nashorn engine is planned to be removed from a future JDK release
Warning: Nashorn engine is planned to be removed from a future JDK release
Warning: Nashorn engine is planned to be removed from a future JDK release
Warning: Nashorn engine is planned to be removed from a future JDK release
Warning: Nashorn engine is planned to be removed from a future JDK release
Warning: Nashorn engine is planned to be removed from a future JDK release
Warning: Nashorn engine is planned to be removed from a future JDK release
Warning: Nashorn engine is planned to be removed from a future JDK release
Warning: Nashorn engine is planned to be removed from a future JDK release
Warning: Nashorn engine is planned to be removed from a future JDK release
Warning: Nashorn engine is planned to be removed from a future JDK release
Warning: Nashorn engine is planned to be removed from a future JDK release
Warning: Nashorn engine is planned to be removed from a future JDK release
Warning: Nashorn engine is planned to be removed from a future JDK release
Warning: Nashorn engine is planned to be removed from a future JDK release
Warning: Nashorn engine is planned to be removed from a future JDK release
Warning: Nashorn engine is planned to be removed from a future JDK release
Warning: Nashorn engine is planned to be removed from a future JDK release
Warning: Nashorn engine is planned to be removed from a future JDK release
Warning: Nashorn engine is planned to be removed from a future JDK release
Warning: Nashorn engine is planned to be removed from a future JDK release
Warning: Nashorn engine is planned to be removed from a future JDK release
Warning: Nashorn engine is planned to be removed from a future JDK release
Warning: Nashorn engine is planned to be removed from a future JDK release
Warning: Nashorn engine is planned to be removed from a future JDK release
Warning: Nashorn engine is planned to be removed from a future JDK release
Warning: Nashorn engine is planned to be removed from a future JDK release
Warning: Nashorn engine is planned to be removed from a future JDK release
Warning: Nashorn engine is planned to be removed from a future JDK release
Warning: Nashorn engine is planned to be removed from a future JDK release
Warning: Nashorn engine is planned to be removed from a future JDK release
Warning: Nashorn engine is planned to be removed from a future JDK release
Warning: Nashorn engine is planned to be removed from a future JDK release
Warning: Nashorn engine is planned to be removed from a future JDK release
Warning: Nashorn engine is planned to be removed from a future JDK release
Warning: Nashorn engine is planned to be removed from a future JDK release
Warning: Nashorn engine is planned to be removed from a future JDK release
Warning: Nashorn engine is planned to be removed from a future JDK release
Warning: Nashorn engine is planned to be removed from a future JDK release
Warning: Nashorn engine is planned to be removed from a future JDK release
Warning: Nashorn engine is planned to be removed from a future JDK release
Warning: Nashorn engine is planned to be removed from a future JDK release
Warning: Nashorn engine is planned to be removed from a future JDK release
Warning: Nashorn engine is planned to be removed from a future JDK release
Warning: Nashorn engine is planned to be removed from a future JDK release
Warning: Nashorn engine is planned to be removed from a future JDK release
Warning: Nashorn engine is planned to be removed from a future JDK release
Warning: Nashorn engine is planned to be removed from a future JDK release
Warning: Nashorn engine is planned to be removed from a future JDK release
Warning: Nashorn engine is planned to be removed from a future JDK release
Warning: Nashorn engine is planned to be removed from a future JDK release
Warning: Nashorn engine is planned to be removed from a future JDK release
Warning: Nashorn engine is planned to be removed from a future JDK release
Warning: Nashorn engine is planned to be removed from a future JDK release
Warning: Nashorn engine is planned to be removed from a future JDK release
Warning: Nashorn engine is planned to be removed from a future JDK release
Warning: Nashorn engine is planned to be removed from a future JDK release
Warning: Nashorn engine is planned to be removed from a future JDK release
Warning: Nashorn engine is planned to be removed from a future JDK release
Warning: Nashorn engine is planned to be removed from a future JDK release
Warning: Nashorn engine is planned to be removed from a future JDK release
Warning: Nashorn engine is planned to be removed from a future JDK release
Warning: Nashorn engine is planned to be removed from a future JDK release
Warning: Nashorn engine is planned to be removed from a future JDK release
Warning: Nashorn engine is planned to be removed from a future JDK release
Warning: Nashorn engine is planned to be removed from a future JDK release
Warning: Nashorn engine is planned to be removed from a future JDK release
Warning: Nashorn engine is planned to be removed from a future JDK release
Warning: Nashorn engine is planned to be removed from a future JDK release
Warning: Nashorn engine is planned to be removed from a future JDK release
Warning: Nashorn engine is planned to be removed from a future JDK release
Warning: Nashorn engine is planned to be removed from a future JDK release
Warning: Nashorn engine is planned to be removed from a future JDK release
Warning: Nashorn engine is planned to be removed from a future JDK release
Warning: Nashorn engine is planned to be removed from a future JDK release
Warning: Nashorn engine is planned to be removed from a future JDK release
Warning: Nashorn engine is planned to be removed from a future JDK release
Warning: Nashorn engine is planned to be removed from a future JDK release
Warning: Nashorn engine is planned to be removed from a future JDK release
Warning: Nashorn engine is planned to be removed from a future JDK release
Warning: Nashorn engine is planned to be removed from a future JDK release
Warning: Nashorn engine is planned to be removed from a future JDK release
Warning: Nashorn engine is planned to be removed from a future JDK release
Warning: Nashorn engine is planned to be removed from a future JDK release
Warning: Nashorn engine is planned to be removed from a future JDK release
Warning: Nashorn engine is planned to be removed from a future JDK release
Warning: Nashorn engine is planned to be removed from a future JDK release
Warning: Nashorn engine is planned to be removed from a future JDK release
Warning: Nashorn engine is planned to be removed from a future JDK release
Warning: Nashorn engine is planned to be removed from a future JDK release
Warning: Nashorn engine is planned to be removed from a future JDK release
Warning: Nashorn engine is planned to be removed from a future JDK release
Warning: Nashorn engine is planned to be removed from a future JDK release
Warning: Nashorn engine is planned to be removed from a future JDK release
Warning: Nashorn engine is planned to be removed from a future JDK release
Warning: Nashorn engine is planned to be removed from a future JDK release
Warning: Nashorn engine is planned to be removed from a future JDK release
Warning: Nashorn engine is planned to be removed from a future JDK release
Warning: Nashorn engine is planned to be removed from a future JDK release
Warning: Nashorn engine is planned to be removed from a future JDK release
Warning: Nashorn engine is planned to be removed from a future JDK release
Warning: Nashorn engine is planned to be removed from a future JDK release
Warning: Nashorn engine is planned to be removed from a future JDK release
Warning: Nashorn engine is planned to be removed from a future JDK release
Warning: Nashorn engine is planned to be removed from a future JDK release
Warning: Nashorn engine is planned to be removed from a future JDK release
Warning: Nashorn engine is planned to be removed from a future JDK release
Warning: Nashorn engine is planned to be removed from a future JDK release
Warning: Nashorn engine is planned to be removed from a future JDK release
Warning: Nashorn engine is planned to be removed from a future JDK release
Warning: Nashorn engine is planned to be removed from a future JDK release
Warning: Nashorn engine is planned to be removed from a future JDK release
Warning: Nashorn engine is planned to be removed from a future JDK release
Warning: Nashorn engine is planned to be removed from a future JDK release
Warning: Nashorn engine is planned to be removed from a future JDK release
Warning: Nashorn engine is planned to be removed from a future JDK release
Warning: Nashorn engine is planned to be removed from a future JDK release
Warning: Nashorn engine is planned to be removed from a future JDK release
Warning: Nashorn engine is planned to be removed from a future JDK release
Warning: Nashorn engine is planned to be removed from a future JDK release
Warning: Nashorn engine is planned to be removed from a future JDK release
Warning: Nashorn engine is planned to be removed from a future JDK release
Warning: Nashorn engine is planned to be removed from a future JDK release
Warning: Nashorn engine is planned to be removed from a future JDK release
Warning: Nashorn engine is planned to be removed from a future JDK release
Warning: Nashorn engine is planned to be removed from a future JDK release
Warning: Nashorn engine is planned to be removed from a future JDK release
Warning: Nashorn engine is planned to be removed from a future JDK release
Warning: Nashorn engine is planned to be removed from a future JDK release
Warning: Nashorn engine is planned to be removed from a future JDK release
Warning: Nashorn engine is planned to be removed from a future JDK release
Warning: Nashorn engine is planned to be removed from a future JDK release
Warning: Nashorn engine is planned to be removed from a future JDK release
Warning: Nashorn engine is planned to be removed from a future JDK release
Warning: Nashorn engine is planned to be removed from a future JDK release
Warning: Nashorn engine is planned to be removed from a future JDK release
Warning: Nashorn engine is planned to be removed from a future JDK release
Warning: Nashorn engine is planned to be removed from a future JDK release
Warning: Nashorn engine is planned to be removed from a future JDK release
Warning: Nashorn engine is planned to be removed from a future JDK release
Warning: Nashorn engine is planned to be removed from a future JDK release
Warning: Nashorn engine is planned to be removed from a future JDK release
Warning: Nashorn engine is planned to be removed from a future JDK release
Warning: Nashorn engine is planned to be removed from a future JDK release
Warning: Nashorn engine is planned to be removed from a future JDK release
Warning: Nashorn engine is planned to be removed from a future JDK release
Warning: Nashorn engine is planned to be removed from a future JDK release
Warning: Nashorn engine is planned to be removed from a future JDK release
Warning: Nashorn engine is planned to be removed from a future JDK release
Warning: Nashorn engine is planned to be removed from a future JDK release
Warning: Nashorn engine is planned to be removed from a future JDK release
Warning: Nashorn engine is planned to be removed from a future JDK release
Warning: Nashorn engine is planned to be removed from a future JDK release
Warning: Nashorn engine is planned to be removed from a future JDK release
Warning: Nashorn engine is planned to be removed from a future JDK release
Warning: Nashorn engine is planned to be removed from a future JDK release
Warning: Nashorn engine is planned to be removed from a future JDK release
Warning: Nashorn engine is planned to be removed from a future JDK release
Warning: Nashorn engine is planned to be removed from a future JDK release
Warning: Nashorn engine is planned to be removed from a future JDK release
Warning: Nashorn engine is planned to be removed from a future JDK release
Warning: Nashorn engine is planned to be removed from a future JDK release
Warning: Nashorn engine is planned to be removed from a future JDK release
Warning: Nashorn engine is planned to be removed from a future JDK release
Warning: Nashorn engine is planned to be removed from a future JDK release
Warning: Nashorn engine is planned to be removed from a future JDK release
Warning: Nashorn engine is planned to be removed from a future JDK release
Warning: Nashorn engine is planned to be removed from a future JDK release
Warning: Nashorn engine is planned to be removed from a future JDK release
Warning: Nashorn engine is planned to be removed from a future JDK release
Warning: Nashorn engine is planned to be removed from a future JDK release
Warning: Nashorn engine is planned to be removed from a future JDK release
Warning: Nashorn engine is planned to be removed from a future JDK release
Warning: Nashorn engine is planned to be removed from a future JDK release
Warning: Nashorn engine is planned to be removed from a future JDK release
Warning: Nashorn engine is planned to be removed from a future JDK release
Warning: Nashorn engine is planned to be removed from a future JDK release
Warning: Nashorn engine is planned to be removed from a future JDK release
Warning: Nashorn engine is planned to be removed from a future JDK release
Warning: Nashorn engine is planned to be removed from a future JDK release
Warning: Nashorn engine is planned to be removed from a future JDK release
Warning: Nashorn engine is planned to be removed from a future JDK release
Warning: Nashorn engine is planned to be removed from a future JDK release
Warning: Nashorn engine is planned to be removed from a future JDK release
Warning: Nashorn engine is planned to be removed from a future JDK release
Warning: Nashorn engine is planned to be removed from a future JDK release
Warning: Nashorn engine is planned to be removed from a future JDK release
Warning: Nashorn engine is planned to be removed from a future JDK release
Warning: Nashorn engine is planned to be removed from a future JDK release
Warning: Nashorn engine is planned to be removed from a future JDK release
Warning: Nashorn engine is planned to be removed from a future JDK release
Warning: Nashorn engine is planned to be removed from a future JDK release
Warning: Nashorn engine is planned to be removed from a future JDK release
Warning: Nashorn engine is planned to be removed from a future JDK release
Warning: Nashorn engine is planned to be removed from a future JDK release
Warning: Nashorn engine is planned to be removed from a future JDK release
Warning: Nashorn engine is planned to be removed from a future JDK release
Warning: Nashorn engine is planned to be removed from a future JDK release
Warning: Nashorn engine is planned to be removed from a future JDK release
Warning: Nashorn engine is planned to be removed from a future JDK release
Warning: Nashorn engine is planned to be removed from a future JDK release
Warning: Nashorn engine is planned to be removed from a future JDK release
Warning: Nashorn engine is planned to be removed from a future JDK release
Warning: Nashorn engine is planned to be removed from a future JDK release
Warning: Nashorn engine is planned to be removed from a future JDK release
Warning: Nashorn engine is planned to be removed from a future JDK release
Warning: Nashorn engine is planned to be removed from a future JDK release
Warning: Nashorn engine is planned to be removed from a future JDK release
Warning: Nashorn engine is planned to be removed from a future JDK release
Warning: Nashorn engine is planned to be removed from a future JDK release
Warning: Nashorn engine is planned to be removed from a future JDK release
Warning: Nashorn engine is planned to be removed from a future JDK release
Warning: Nashorn engine is planned to be removed from a future JDK release
Warning: Nashorn engine is planned to be removed from a future JDK release
Warning: Nashorn engine is planned to be removed from a future JDK release
Warning: Nashorn engine is planned to be removed from a future JDK release
Warning: Nashorn engine is planned to be removed from a future JDK release
Warning: Nashorn engine is planned to be removed from a future JDK release
Warning: Nashorn engine is planned to be removed from a future JDK release
Warning: Nashorn engine is planned to be removed from a future JDK release
Warning: Nashorn engine is planned to be removed from a future JDK release
Warning: Nashorn engine is planned to be removed from a future JDK release
Warning: Nashorn engine is planned to be removed from a future JDK release
Warning: Nashorn engine is planned to be removed from a future JDK release
Warning: Nashorn engine is planned to be removed from a future JDK release
Warning: Nashorn engine is planned to be removed from a future JDK release
Warning: Nashorn engine is planned to be removed from a future JDK release
Warning: Nashorn engine is planned to be removed from a future JDK release
Warning: Nashorn engine is planned to be removed from a future JDK release
Warning: Nashorn engine is planned to be removed from a future JDK release
Warning: Nashorn engine is planned to be removed from a future JDK release
Warning: Nashorn engine is planned to be removed from a future JDK release
Warning: Nashorn engine is planned to be removed from a future JDK release
Warning: Nashorn engine is planned to be removed from a future JDK release
Warning: Nashorn engine is planned to be removed from a future JDK release
Warning: Nashorn engine is planned to be removed from a future JDK release
Warning: Nashorn engine is planned to be removed from a future JDK release
Warning: Nashorn engine is planned to be removed from a future JDK release
Warning: Nashorn engine is planned to be removed from a future JDK release
Warning: Nashorn engine is planned to be removed from a future JDK release
Warning: Nashorn engine is planned to be removed from a future JDK release
Warning: Nashorn engine is planned to be removed from a future JDK release
Warning: Nashorn engine is planned to be removed from a future JDK release
Warning: Nashorn engine is planned to be removed from a future JDK release
Warning: Nashorn engine is planned to be removed from a future JDK release
Warning: Nashorn engine is planned to be removed from a future JDK release
Warning: Nashorn engine is planned to be removed from a future JDK release
Warning: Nashorn engine is planned to be removed from a future JDK release
Warning: Nashorn engine is planned to be removed from a future JDK release
Warning: Nashorn engine is planned to be removed from a future JDK release
Warning: Nashorn engine is planned to be removed from a future JDK release
Warning: Nashorn engine is planned to be removed from a future JDK release
Warning: Nashorn engine is planned to be removed from a future JDK release
Warning: Nashorn engine is planned to be removed from a future JDK release
Warning: Nashorn engine is planned to be removed from a future JDK release
Warning: Nashorn engine is planned to be removed from a future JDK release
Warning: Nashorn engine is planned to be removed from a future JDK release
Warning: Nashorn engine is planned to be removed from a future JDK release
Warning: Nashorn engine is planned to be removed from a future JDK release
Warning: Nashorn engine is planned to be removed from a future JDK release
Warning: Nashorn engine is planned to be removed from a future JDK release
Warning: Nashorn engine is planned to be removed from a future JDK release
Warning: Nashorn engine is planned to be removed from a future JDK release
Warning: Nashorn engine is planned to be removed from a future JDK release
Warning: Nashorn engine is planned to be removed from a future JDK release
Warning: Nashorn engine is planned to be removed from a future JDK release
Warning: Nashorn engine is planned to be removed from a future JDK release
Warning: Nashorn engine is planned to be removed from a future JDK release
Warning: Nashorn engine is planned to be removed from a future JDK release
Warning: Nashorn engine is planned to be removed from a future JDK release
Warning: Nashorn engine is planned to be removed from a future JDK release
Warning: Nashorn engine is planned to be removed from a future JDK release
Warning: Nashorn engine is planned to be removed from a future JDK release
Warning: Nashorn engine is planned to be removed from a future JDK release
Warning: Nashorn engine is planned to be removed from a future JDK release
Warning: Nashorn engine is planned to be removed from a future JDK release
Warning: Nashorn engine is planned to be removed from a future JDK release
Warning: Nashorn engine is planned to be removed from a future JDK release
Warning: Nashorn engine is planned to be removed from a future JDK release
Warning: Nashorn engine is planned to be removed from a future JDK release
Warning: Nashorn engine is planned to be removed from a future JDK release
Warning: Nashorn engine is planned to be removed from a future JDK release
Warning: Nashorn engine is planned to be removed from a future JDK release
Warning: Nashorn engine is planned to be removed from a future JDK release
Warning: Nashorn engine is planned to be removed from a future JDK release
Warning: Nashorn engine is planned to be removed from a future JDK release
Warning: Nashorn engine is planned to be removed from a future JDK release
Warning: Nashorn engine is planned to be removed from a future JDK release
Warning: Nashorn engine is planned to be removed from a future JDK release
Warning: Nashorn engine is planned to be removed from a future JDK release
Warning: Nashorn engine is planned to be removed from a future JDK release
Warning: Nashorn engine is planned to be removed from a future JDK release
Warning: Nashorn engine is planned to be removed from a future JDK release
Warning: Nashorn engine is planned to be removed from a future JDK release
Warning: Nashorn engine is planned to be removed from a future JDK release
Warning: Nashorn engine is planned to be removed from a future JDK release
Warning: Nashorn engine is planned to be removed from a future JDK release
Warning: Nashorn engine is planned to be removed from a future JDK release
Warning: Nashorn engine is planned to be removed from a future JDK release
Warning: Nashorn engine is planned to be removed from a future JDK release
Warning: Nashorn engine is planned to be removed from a future JDK release
Warning: Nashorn engine is planned to be removed from a future JDK release
Warning: Nashorn engine is planned to be removed from a future JDK release
Warning: Nashorn engine is planned to be removed from a future JDK release
Warning: Nashorn engine is planned to be removed from a future JDK release
Warning: Nashorn engine is planned to be removed from a future JDK release
Warning: Nashorn engine is planned to be removed from a future JDK release
Warning: Nashorn engine is planned to be removed from a future JDK release
Warning: Nashorn engine is planned to be removed from a future JDK release
Warning: Nashorn engine is planned to be removed from a future JDK release
Warning: Nashorn engine is planned to be removed from a future JDK release
Warning: Nashorn engine is planned to be removed from a future JDK release
Warning: Nashorn engine is planned to be removed from a future JDK release
Warning: Nashorn engine is planned to be removed from a future JDK release
Warning: Nashorn engine is planned to be removed from a future JDK release
Warning: Nashorn engine is planned to be removed from a future JDK release
Warning: Nashorn engine is planned to be removed from a future JDK release
Warning: Nashorn engine is planned to be removed from a future JDK release
Warning: Nashorn engine is planned to be removed from a future JDK release
Warning: Nashorn engine is planned to be removed from a future JDK release
Warning: Nashorn engine is planned to be removed from a future JDK release
Warning: Nashorn engine is planned to be removed from a future JDK release
Warning: Nashorn engine is planned to be removed from a future JDK release
Warning: Nashorn engine is planned to be removed from a future JDK release
Warning: Nashorn engine is planned to be removed from a future JDK release
Warning: Nashorn engine is planned to be removed from a future JDK release
Warning: Nashorn engine is planned to be removed from a future JDK release
Warning: Nashorn engine is planned to be removed from a future JDK release
Warning: Nashorn engine is planned to be removed from a future JDK release
Warning: Nashorn engine is planned to be removed from a future JDK release
Warning: Nashorn engine is planned to be removed from a future JDK release
Warning: Nashorn engine is planned to be removed from a future JDK release
Warning: Nashorn engine is planned to be removed from a future JDK release
Warning: Nashorn engine is planned to be removed from a future JDK release
Warning: Nashorn engine is planned to be removed from a future JDK release
Warning: Nashorn engine is planned to be removed from a future JDK release
Warning: Nashorn engine is planned to be removed from a future JDK release
Warning: Nashorn engine is planned to be removed from a future JDK release
Warning: Nashorn engine is planned to be removed from a future JDK release
Warning: Nashorn engine is planned to be removed from a future JDK release
Warning: Nashorn engine is planned to be removed from a future JDK release
Warning: Nashorn engine is planned to be removed from a future JDK release
Warning: Nashorn engine is planned to be removed from a future JDK release
Warning: Nashorn engine is planned to be removed from a future JDK release
Warning: Nashorn engine is planned to be removed from a future JDK release
Warning: Nashorn engine is planned to be removed from a future JDK release
Warning: Nashorn engine is planned to be removed from a future JDK release
Warning: Nashorn engine is planned to be removed from a future JDK release
Warning: Nashorn engine is planned to be removed from a future JDK release
Warning: Nashorn engine is planned to be removed from a future JDK release
Warning: Nashorn engine is planned to be removed from a future JDK release
Warning: Nashorn engine is planned to be removed from a future JDK release
Warning: Nashorn engine is planned to be removed from a future JDK release
Warning: Nashorn engine is planned to be removed from a future JDK release
Warning: Nashorn engine is planned to be removed from a future JDK release
Warning: Nashorn engine is planned to be removed from a future JDK release
Warning: Nashorn engine is planned to be removed from a future JDK release
Warning: Nashorn engine is planned to be removed from a future JDK release
Warning: Nashorn engine is planned to be removed from a future JDK release
Warning: Nashorn engine is planned to be removed from a future JDK release
Warning: Nashorn engine is planned to be removed from a future JDK release
Warning: Nashorn engine is planned to be removed from a future JDK release
Warning: Nashorn engine is planned to be removed from a future JDK release
Warning: Nashorn engine is planned to be removed from a future JDK release
Warning: Nashorn engine is planned to be removed from a future JDK release
Warning: Nashorn engine is planned to be removed from a future JDK release
Warning: Nashorn engine is planned to be removed from a future JDK release
Warning: Nashorn engine is planned to be removed from a future JDK release
Warning: Nashorn engine is planned to be removed from a future JDK release
Warning: Nashorn engine is planned to be removed from a future JDK release
Warning: Nashorn engine is planned to be removed from a future JDK release
Warning: Nashorn engine is planned to be removed from a future JDK release
Warning: Nashorn engine is planned to be removed from a future JDK release
Warning: Nashorn engine is planned to be removed from a future JDK release
Warning: Nashorn engine is planned to be removed from a future JDK release
Warning: Nashorn engine is planned to be removed from a future JDK release
Warning: Nashorn engine is planned to be removed from a future JDK release
Warning: Nashorn engine is planned to be removed from a future JDK release
Warning: Nashorn engine is planned to be removed from a future JDK release
Warning: Nashorn engine is planned to be removed from a future JDK release
Warning: Nashorn engine is planned to be removed from a future JDK release
Warning: Nashorn engine is planned to be removed from a future JDK release
Warning: Nashorn engine is planned to be removed from a future JDK release
Warning: Nashorn engine is planned to be removed from a future JDK release
Warning: Nashorn engine is planned to be removed from a future JDK release
Warning: Nashorn engine is planned to be removed from a future JDK release
Warning: Nashorn engine is planned to be removed from a future JDK release
Warning: Nashorn engine is planned to be removed from a future JDK release
Warning: Nashorn engine is planned to be removed from a future JDK release
Warning: Nashorn engine is planned to be removed from a future JDK release
Warning: Nashorn engine is planned to be removed from a future JDK release
Warning: Nashorn engine is planned to be removed from a future JDK release
Warning: Nashorn engine is planned to be removed from a future JDK release
Warning: Nashorn engine is planned to be removed from a future JDK release
Warning: Nashorn engine is planned to be removed from a future JDK release
Warning: Nashorn engine is planned to be removed from a future JDK release
Warning: Nashorn engine is planned to be removed from a future JDK release
Warning: Nashorn engine is planned to be removed from a future JDK release
Warning: Nashorn engine is planned to be removed from a future JDK release
Warning: Nashorn engine is planned to be removed from a future JDK release
Warning: Nashorn engine is planned to be removed from a future JDK release
Warning: Nashorn engine is planned to be removed from a future JDK release
Warning: Nashorn engine is planned to be removed from a future JDK release
Warning: Nashorn engine is planned to be removed from a future JDK release
Warning: Nashorn engine is planned to be removed from a future JDK release
Warning: Nashorn engine is planned to be removed from a future JDK release
Warning: Nashorn engine is planned to be removed from a future JDK release
Warning: Nashorn engine is planned to be removed from a future JDK release
Warning: Nashorn engine is planned to be removed from a future JDK release
Warning: Nashorn engine is planned to be removed from a future JDK release
Warning: Nashorn engine is planned to be removed from a future JDK release
Warning: Nashorn engine is planned to be removed from a future JDK release
Warning: Nashorn engine is planned to be removed from a future JDK release
Warning: Nashorn engine is planned to be removed from a future JDK release
Warning: Nashorn engine is planned to be removed from a future JDK release
Warning: Nashorn engine is planned to be removed from a future JDK release
Warning: Nashorn engine is planned to be removed from a future JDK release
Warning: Nashorn engine is planned to be removed from a future JDK release
Warning: Nashorn engine is planned to be removed from a future JDK release
Warning: Nashorn engine is planned to be removed from a future JDK release
Warning: Nashorn engine is planned to be removed from a future JDK release
Warning: Nashorn engine is planned to be removed from a future JDK release
Warning: Nashorn engine is planned to be removed from a future JDK release
Warning: Nashorn engine is planned to be removed from a future JDK release
Warning: Nashorn engine is planned to be removed from a future JDK release
Warning: Nashorn engine is planned to be removed from a future JDK release
Warning: Nashorn engine is planned to be removed from a future JDK release
Warning: Nashorn engine is planned to be removed from a future JDK release
Warning: Nashorn engine is planned to be removed from a future JDK release
Warning: Nashorn engine is planned to be removed from a future JDK release
Warning: Nashorn engine is planned to be removed from a future JDK release
Warning: Nashorn engine is planned to be removed from a future JDK release
Warning: Nashorn engine is planned to be removed from a future JDK release
Warning: Nashorn engine is planned to be removed from a future JDK release
Warning: Nashorn engine is planned to be removed from a future JDK release
Warning: Nashorn engine is planned to be removed from a future JDK release
Warning: Nashorn engine is planned to be removed from a future JDK release
Warning: Nashorn engine is planned to be removed from a future JDK release
Warning: Nashorn engine is planned to be removed from a future JDK release
Warning: Nashorn engine is planned to be removed from a future JDK release
Warning: Nashorn engine is planned to be removed from a future JDK release
Warning: Nashorn engine is planned to be removed from a future JDK release
Warning: Nashorn engine is planned to be removed from a future JDK release
Warning: Nashorn engine is planned to be removed from a future JDK release
Warning: Nashorn engine is planned to be removed from a future JDK release
Warning: Nashorn engine is planned to be removed from a future JDK release
Warning: Nashorn engine is planned to be removed from a future JDK release
Warning: Nashorn engine is planned to be removed from a future JDK release
Warning: Nashorn engine is planned to be removed from a future JDK release
Warning: Nashorn engine is planned to be removed from a future JDK release
Warning: Nashorn engine is planned to be removed from a future JDK release
Warning: Nashorn engine is planned to be removed from a future JDK release
Warning: Nashorn engine is planned to be removed from a future JDK release
Warning: Nashorn engine is planned to be removed from a future JDK release
Warning: Nashorn engine is planned to be removed from a future JDK release
Warning: Nashorn engine is planned to be removed from a future JDK release
Warning: Nashorn engine is planned to be removed from a future JDK release
Warning: Nashorn engine is planned to be removed from a future JDK release
Warning: Nashorn engine is planned to be removed from a future JDK release
Warning: Nashorn engine is planned to be removed from a future JDK release
Warning: Nashorn engine is planned to be removed from a future JDK release
Warning: Nashorn engine is planned to be removed from a future JDK release
Warning: Nashorn engine is planned to be removed from a future JDK release
Warning: Nashorn engine is planned to be removed from a future JDK release
Warning: Nashorn engine is planned to be removed from a future JDK release
Warning: Nashorn engine is planned to be removed from a future JDK release
Warning: Nashorn engine is planned to be removed from a future JDK release
Warning: Nashorn engine is planned to be removed from a future JDK release
Warning: Nashorn engine is planned to be removed from a future JDK release
Warning: Nashorn engine is planned to be removed from a future JDK release
Warning: Nashorn engine is planned to be removed from a future JDK release
Warning: Nashorn engine is planned to be removed from a future JDK release
Warning: Nashorn engine is planned to be removed from a future JDK release
Warning: Nashorn engine is planned to be removed from a future JDK release
Warning: Nashorn engine is planned to be removed from a future JDK release
Warning: Nashorn engine is planned to be removed from a future JDK release
Warning: Nashorn engine is planned to be removed from a future JDK release
Warning: Nashorn engine is planned to be removed from a future JDK release
Warning: Nashorn engine is planned to be removed from a future JDK release
Warning: Nashorn engine is planned to be removed from a future JDK release
Warning: Nashorn engine is planned to be removed from a future JDK release
Warning: Nashorn engine is planned to be removed from a future JDK release
Warning: Nashorn engine is planned to be removed from a future JDK release
Warning: Nashorn engine is planned to be removed from a future JDK release
Warning: Nashorn engine is planned to be removed from a future JDK release
Warning: Nashorn engine is planned to be removed from a future JDK release
Warning: Nashorn engine is planned to be removed from a future JDK release
Warning: Nashorn engine is planned to be removed from a future JDK release
Warning: Nashorn engine is planned to be removed from a future JDK release
Warning: Nashorn engine is planned to be removed from a future JDK release
Warning: Nashorn engine is planned to be removed from a future JDK release
Warning: Nashorn engine is planned to be removed from a future JDK release
Warning: Nashorn engine is planned to be removed from a future JDK release
Warning: Nashorn engine is planned to be removed from a future JDK release
Warning: Nashorn engine is planned to be removed from a future JDK release
Warning: Nashorn engine is planned to be removed from a future JDK release
Warning: Nashorn engine is planned to be removed from a future JDK release
Warning: Nashorn engine is planned to be removed from a future JDK release
Warning: Nashorn engine is planned to be removed from a future JDK release
Warning: Nashorn engine is planned to be removed from a future JDK release
Warning: Nashorn engine is planned to be removed from a future JDK release
Warning: Nashorn engine is planned to be removed from a future JDK release
Warning: Nashorn engine is planned to be removed from a future JDK release
Warning: Nashorn engine is planned to be removed from a future JDK release
Warning: Nashorn engine is planned to be removed from a future JDK release
Warning: Nashorn engine is planned to be removed from a future JDK release
Warning: Nashorn engine is planned to be removed from a future JDK release
Warning: Nashorn engine is planned to be removed from a future JDK release
Warning: Nashorn engine is planned to be removed from a future JDK release
Warning: Nashorn engine is planned to be removed from a future JDK release
Warning: Nashorn engine is planned to be removed from a future JDK release
Warning: Nashorn engine is planned to be removed from a future JDK release
Warning: Nashorn engine is planned to be removed from a future JDK release
Warning: Nashorn engine is planned to be removed from a future JDK release
Warning: Nashorn engine is planned to be removed from a future JDK release
Warning: Nashorn engine is planned to be removed from a future JDK release
Warning: Nashorn engine is planned to be removed from a future JDK release
Warning: Nashorn engine is planned to be removed from a future JDK release
Warning: Nashorn engine is planned to be removed from a future JDK release
Warning: Nashorn engine is planned to be removed from a future JDK release
Warning: Nashorn engine is planned to be removed from a future JDK release
Warning: Nashorn engine is planned to be removed from a future JDK release
Warning: Nashorn engine is planned to be removed from a future JDK release
Warning: Nashorn engine is planned to be removed from a future JDK release
Warning: Nashorn engine is planned to be removed from a future JDK release
Warning: Nashorn engine is planned to be removed from a future JDK release
Warning: Nashorn engine is planned to be removed from a future JDK release
Warning: Nashorn engine is planned to be removed from a future JDK release
Warning: Nashorn engine is planned to be removed from a future JDK release
Warning: Nashorn engine is planned to be removed from a future JDK release
Warning: Nashorn engine is planned to be removed from a future JDK release
Warning: Nashorn engine is planned to be removed from a future JDK release
Warning: Nashorn engine is planned to be removed from a future JDK release
Warning: Nashorn engine is planned to be removed from a future JDK release
Warning: Nashorn engine is planned to be removed from a future JDK release
Warning: Nashorn engine is planned to be removed from a future JDK release
Warning: Nashorn engine is planned to be removed from a future JDK release
Warning: Nashorn engine is planned to be removed from a future JDK release
Warning: Nashorn engine is planned to be removed from a future JDK release
Warning: Nashorn engine is planned to be removed from a future JDK release
Warning: Nashorn engine is planned to be removed from a future JDK release
Warning: Nashorn engine is planned to be removed from a future JDK release
Warning: Nashorn engine is planned to be removed from a future JDK release
Warning: Nashorn engine is planned to be removed from a future JDK release
Warning: Nashorn engine is planned to be removed from a future JDK release
Warning: Nashorn engine is planned to be removed from a future JDK release
Warning: Nashorn engine is planned to be removed from a future JDK release
Warning: Nashorn engine is planned to be removed from a future JDK release
Warning: Nashorn engine is planned to be removed from a future JDK release
Warning: Nashorn engine is planned to be removed from a future JDK release
Warning: Nashorn engine is planned to be removed from a future JDK release
Warning: Nashorn engine is planned to be removed from a future JDK release
Warning: Nashorn engine is planned to be removed from a future JDK release
Warning: Nashorn engine is planned to be removed from a future JDK release
Warning: Nashorn engine is planned to be removed from a future JDK release
Warning: Nashorn engine is planned to be removed from a future JDK release
Warning: Nashorn engine is planned to be removed from a future JDK release
Warning: Nashorn engine is planned to be removed from a future JDK release
Warning: Nashorn engine is planned to be removed from a future JDK release
Warning: Nashorn engine is planned to be removed from a future JDK release
Warning: Nashorn engine is planned to be removed from a future JDK release
Warning: Nashorn engine is planned to be removed from a future JDK release
Warning: Nashorn engine is planned to be removed from a future JDK release
Warning: Nashorn engine is planned to be removed from a future JDK release
Warning: Nashorn engine is planned to be removed from a future JDK release
Warning: Nashorn engine is planned to be removed from a future JDK release
Warning: Nashorn engine is planned to be removed from a future JDK release
Warning: Nashorn engine is planned to be removed from a future JDK release
Warning: Nashorn engine is planned to be removed from a future JDK release
Warning: Nashorn engine is planned to be removed from a future JDK release
Warning: Nashorn engine is planned to be removed from a future JDK release
Warning: Nashorn engine is planned to be removed from a future JDK release
Warning: Nashorn engine is planned to be removed from a future JDK release
Warning: Nashorn engine is planned to be removed from a future JDK release
Warning: Nashorn engine is planned to be removed from a future JDK release
Warning: Nashorn engine is planned to be removed from a future JDK release
Warning: Nashorn engine is planned to be removed from a future JDK release
Warning: Nashorn engine is planned to be removed from a future JDK release
Warning: Nashorn engine is planned to be removed from a future JDK release
Warning: Nashorn engine is planned to be removed from a future JDK release
Warning: Nashorn engine is planned to be removed from a future JDK release
Warning: Nashorn engine is planned to be removed from a future JDK release
Warning: Nashorn engine is planned to be removed from a future JDK release
Warning: Nashorn engine is planned to be removed from a future JDK release
Warning: Nashorn engine is planned to be removed from a future JDK release
Warning: Nashorn engine is planned to be removed from a future JDK release
Warning: Nashorn engine is planned to be removed from a future JDK release
Warning: Nashorn engine is planned to be removed from a future JDK release
Warning: Nashorn engine is planned to be removed from a future JDK release
Warning: Nashorn engine is planned to be removed from a future JDK release
Warning: Nashorn engine is planned to be removed from a future JDK release
Warning: Nashorn engine is planned to be removed from a future JDK release
Warning: Nashorn engine is planned to be removed from a future JDK release
Warning: Nashorn engine is planned to be removed from a future JDK release
Warning: Nashorn engine is planned to be removed from a future JDK release
Warning: Nashorn engine is planned to be removed from a future JDK release
Warning: Nashorn engine is planned to be removed from a future JDK release
Warning: Nashorn engine is planned to be removed from a future JDK release
Warning: Nashorn engine is planned to be removed from a future JDK release
Warning: Nashorn engine is planned to be removed from a future JDK release
Warning: Nashorn engine is planned to be removed from a future JDK release
Warning: Nashorn engine is planned to be removed from a future JDK release
Warning: Nashorn engine is planned to be removed from a future JDK release
Warning: Nashorn engine is planned to be removed from a future JDK release
Warning: Nashorn engine is planned to be removed from a future JDK release
Warning: Nashorn engine is planned to be removed from a future JDK release
Warning: Nashorn engine is planned to be removed from a future JDK release
Warning: Nashorn engine is planned to be removed from a future JDK release
Warning: Nashorn engine is planned to be removed from a future JDK release
Warning: Nashorn engine is planned to be removed from a future JDK release
Warning: Nashorn engine is planned to be removed from a future JDK release
Warning: Nashorn engine is planned to be removed from a future JDK release
Warning: Nashorn engine is planned to be removed from a future JDK release
Warning: Nashorn engine is planned to be removed from a future JDK release
Warning: Nashorn engine is planned to be removed from a future JDK release
Warning: Nashorn engine is planned to be removed from a future JDK release
Warning: Nashorn engine is planned to be removed from a future JDK release
Warning: Nashorn engine is planned to be removed from a future JDK release
Warning: Nashorn engine is planned to be removed from a future JDK release
Warning: Nashorn engine is planned to be removed from a future JDK release
Warning: Nashorn engine is planned to be removed from a future JDK release
Warning: Nashorn engine is planned to be removed from a future JDK release
Warning: Nashorn engine is planned to be removed from a future JDK release
Warning: Nashorn engine is planned to be removed from a future JDK release
Warning: Nashorn engine is planned to be removed from a future JDK release
Warning: Nashorn engine is planned to be removed from a future JDK release
Warning: Nashorn engine is planned to be removed from a future JDK release
Warning: Nashorn engine is planned to be removed from a future JDK release
Warning: Nashorn engine is planned to be removed from a future JDK release
Warning: Nashorn engine is planned to be removed from a future JDK release
Warning: Nashorn engine is planned to be removed from a future JDK release
Warning: Nashorn engine is planned to be removed from a future JDK release
Warning: Nashorn engine is planned to be removed from a future JDK release
Warning: Nashorn engine is planned to be removed from a future JDK release
Warning: Nashorn engine is planned to be removed from a future JDK release
Warning: Nashorn engine is planned to be removed from a future JDK release
Warning: Nashorn engine is planned to be removed from a future JDK release
Warning: Nashorn engine is planned to be removed from a future JDK release
Warning: Nashorn engine is planned to be removed from a future JDK release
Warning: Nashorn engine is planned to be removed from a future JDK release
Warning: Nashorn engine is planned to be removed from a future JDK release
Warning: Nashorn engine is planned to be removed from a future JDK release
Warning: Nashorn engine is planned to be removed from a future JDK release
Warning: Nashorn engine is planned to be removed from a future JDK release
Warning: Nashorn engine is planned to be removed from a future JDK release
Warning: Nashorn engine is planned to be removed from a future JDK release
Warning: Nashorn engine is planned to be removed from a future JDK release
Warning: Nashorn engine is planned to be removed from a future JDK release
Warning: Nashorn engine is planned to be removed from a future JDK release
Warning: Nashorn engine is planned to be removed from a future JDK release
Warning: Nashorn engine is planned to be removed from a future JDK release
Warning: Nashorn engine is planned to be removed from a future JDK release
Warning: Nashorn engine is planned to be removed from a future JDK release
Warning: Nashorn engine is planned to be removed from a future JDK release
Warning: Nashorn engine is planned to be removed from a future JDK release
Warning: Nashorn engine is planned to be removed from a future JDK release
Warning: Nashorn engine is planned to be removed from a future JDK release
Warning: Nashorn engine is planned to be removed from a future JDK release
Warning: Nashorn engine is planned to be removed from a future JDK release
Warning: Nashorn engine is planned to be removed from a future JDK release
Warning: Nashorn engine is planned to be removed from a future JDK release
Warning: Nashorn engine is planned to be removed from a future JDK release
Warning: Nashorn engine is planned to be removed from a future JDK release
Warning: Nashorn engine is planned to be removed from a future JDK release
Warning: Nashorn engine is planned to be removed from a future JDK release
Warning: Nashorn engine is planned to be removed from a future JDK release
Warning: Nashorn engine is planned to be removed from a future JDK release
Warning: Nashorn engine is planned to be removed from a future JDK release
Warning: Nashorn engine is planned to be removed from a future JDK release
Warning: Nashorn engine is planned to be removed from a future JDK release
Warning: Nashorn engine is planned to be removed from a future JDK release
Warning: Nashorn engine is planned to be removed from a future JDK release
Warning: Nashorn engine is planned to be removed from a future JDK release
Warning: Nashorn engine is planned to be removed from a future JDK release
Warning: Nashorn engine is planned to be removed from a future JDK release
Warning: Nashorn engine is planned to be removed from a future JDK release
Warning: Nashorn engine is planned to be removed from a future JDK release
Warning: Nashorn engine is planned to be removed from a future JDK release
Warning: Nashorn engine is planned to be removed from a future JDK release
Warning: Nashorn engine is planned to be removed from a future JDK release
Warning: Nashorn engine is planned to be removed from a future JDK release
Warning: Nashorn engine is planned to be removed from a future JDK release
Warning: Nashorn engine is planned to be removed from a future JDK release
Warning: Nashorn engine is planned to be removed from a future JDK release
Warning: Nashorn engine is planned to be removed from a future JDK release
Warning: Nashorn engine is planned to be removed from a future JDK release
Warning: Nashorn engine is planned to be removed from a future JDK release
Warning: Nashorn engine is planned to be removed from a future JDK release
Warning: Nashorn engine is planned to be removed from a future JDK release
Warning: Nashorn engine is planned to be removed from a future JDK release
Warning: Nashorn engine is planned to be removed from a future JDK release
Warning: Nashorn engine is planned to be removed from a future JDK release
Warning: Nashorn engine is planned to be removed from a future JDK release
Warning: Nashorn engine is planned to be removed from a future JDK release
Warning: Nashorn engine is planned to be removed from a future JDK release
Warning: Nashorn engine is planned to be removed from a future JDK release
Warning: Nashorn engine is planned to be removed from a future JDK release
Warning: Nashorn engine is planned to be removed from a future JDK release
Warning: Nashorn engine is planned to be removed from a future JDK release
Warning: Nashorn engine is planned to be removed from a future JDK release
Warning: Nashorn engine is planned to be removed from a future JDK release
Warning: Nashorn engine is planned to be removed from a future JDK release
Warning: Nashorn engine is planned to be removed from a future JDK release
Warning: Nashorn engine is planned to be removed from a future JDK release
Warning: Nashorn engine is planned to be removed from a future JDK release
Warning: Nashorn engine is planned to be removed from a future JDK release
Warning: Nashorn engine is planned to be removed from a future JDK release
Warning: Nashorn engine is planned to be removed from a future JDK release
Warning: Nashorn engine is planned to be removed from a future JDK release
Warning: Nashorn engine is planned to be removed from a future JDK release
Warning: Nashorn engine is planned to be removed from a future JDK release
Warning: Nashorn engine is planned to be removed from a future JDK release
Warning: Nashorn engine is planned to be removed from a future JDK release
Warning: Nashorn engine is planned to be removed from a future JDK release
Warning: Nashorn engine is planned to be removed from a future JDK release
Warning: Nashorn engine is planned to be removed from a future JDK release
Warning: Nashorn engine is planned to be removed from a future JDK release
Warning: Nashorn engine is planned to be removed from a future JDK release
Warning: Nashorn engine is planned to be removed from a future JDK release
Warning: Nashorn engine is planned to be removed from a future JDK release
Warning: Nashorn engine is planned to be removed from a future JDK release
Warning: Nashorn engine is planned to be removed from a future JDK release
Warning: Nashorn engine is planned to be removed from a future JDK release
Warning: Nashorn engine is planned to be removed from a future JDK release
Warning: Nashorn engine is planned to be removed from a future JDK release
Warning: Nashorn engine is planned to be removed from a future JDK release
Warning: Nashorn engine is planned to be removed from a future JDK release
Warning: Nashorn engine is planned to be removed from a future JDK release
Warning: Nashorn engine is planned to be removed from a future JDK release
Warning: Nashorn engine is planned to be removed from a future JDK release
Warning: Nashorn engine is planned to be removed from a future JDK release
Warning: Nashorn engine is planned to be removed from a future JDK release
Warning: Nashorn engine is planned to be removed from a future JDK release
Warning: Nashorn engine is planned to be removed from a future JDK release
Warning: Nashorn engine is planned to be removed from a future JDK release
Warning: Nashorn engine is planned to be removed from a future JDK release
Warning: Nashorn engine is planned to be removed from a future JDK release
Warning: Nashorn engine is planned to be removed from a future JDK release
Warning: Nashorn engine is planned to be removed from a future JDK release
Warning: Nashorn engine is planned to be removed from a future JDK release
Warning: Nashorn engine is planned to be removed from a future JDK release
Warning: Nashorn engine is planned to be removed from a future JDK release
Warning: Nashorn engine is planned to be removed from a future JDK release
Warning: Nashorn engine is planned to be removed from a future JDK release
Warning: Nashorn engine is planned to be removed from a future JDK release
Warning: Nashorn engine is planned to be removed from a future JDK release
Warning: Nashorn engine is planned to be removed from a future JDK release
Warning: Nashorn engine is planned to be removed from a future JDK release
Warning: Nashorn engine is planned to be removed from a future JDK release
Warning: Nashorn engine is planned to be removed from a future JDK release
Warning: Nashorn engine is planned to be removed from a future JDK release
Warning: Nashorn engine is planned to be removed from a future JDK release
Warning: Nashorn engine is planned to be removed from a future JDK release
Warning: Nashorn engine is planned to be removed from a future JDK release
Warning: Nashorn engine is planned to be removed from a future JDK release
Warning: Nashorn engine is planned to be removed from a future JDK release
Warning: Nashorn engine is planned to be removed from a future JDK release
Warning: Nashorn engine is planned to be removed from a future JDK release
Warning: Nashorn engine is planned to be removed from a future JDK release
Warning: Nashorn engine is planned to be removed from a future JDK release
Warning: Nashorn engine is planned to be removed from a future JDK release
Warning: Nashorn engine is planned to be removed from a future JDK release
Warning: Nashorn engine is planned to be removed from a future JDK release
Warning: Nashorn engine is planned to be removed from a future JDK release
Warning: Nashorn engine is planned to be removed from a future JDK release
Warning: Nashorn engine is planned to be removed from a future JDK release
Warning: Nashorn engine is planned to be removed from a future JDK release
Warning: Nashorn engine is planned to be removed from a future JDK release
Warning: Nashorn engine is planned to be removed from a future JDK release
Warning: Nashorn engine is planned to be removed from a future JDK release
Warning: Nashorn engine is planned to be removed from a future JDK release
Warning: Nashorn engine is planned to be removed from a future JDK release
Warning: Nashorn engine is planned to be removed from a future JDK release
Warning: Nashorn engine is planned to be removed from a future JDK release
Warning: Nashorn engine is planned to be removed from a future JDK release
Warning: Nashorn engine is planned to be removed from a future JDK release
Warning: Nashorn engine is planned to be removed from a future JDK release
Warning: Nashorn engine is planned to be removed from a future JDK release
Warning: Nashorn engine is planned to be removed from a future JDK release
Warning: Nashorn engine is planned to be removed from a future JDK release
Warning: Nashorn engine is planned to be removed from a future JDK release
Warning: Nashorn engine is planned to be removed from a future JDK release
Warning: Nashorn engine is planned to be removed from a future JDK release
Warning: Nashorn engine is planned to be removed from a future JDK release
Warning: Nashorn engine is planned to be removed from a future JDK release
Warning: Nashorn engine is planned to be removed from a future JDK release
Warning: Nashorn engine is planned to be removed from a future JDK release
Warning: Nashorn engine is planned to be removed from a future JDK release
Warning: Nashorn engine is planned to be removed from a future JDK release
Warning: Nashorn engine is planned to be removed from a future JDK release
Warning: Nashorn engine is planned to be removed from a future JDK release
Warning: Nashorn engine is planned to be removed from a future JDK release
Warning: Nashorn engine is planned to be removed from a future JDK release
Warning: Nashorn engine is planned to be removed from a future JDK release
Warning: Nashorn engine is planned to be removed from a future JDK release
Warning: Nashorn engine is planned to be removed from a future JDK release
Warning: Nashorn engine is planned to be removed from a future JDK release
Warning: Nashorn engine is planned to be removed from a future JDK release
Warning: Nashorn engine is planned to be removed from a future JDK release
Warning: Nashorn engine is planned to be removed from a future JDK release
Warning: Nashorn engine is planned to be removed from a future JDK release
Warning: Nashorn engine is planned to be removed from a future JDK release
Warning: Nashorn engine is planned to be removed from a future JDK release
Warning: Nashorn engine is planned to be removed from a future JDK release
Warning: Nashorn engine is planned to be removed from a future JDK release
Warning: Nashorn engine is planned to be removed from a future JDK release
Warning: Nashorn engine is planned to be removed from a future JDK release
Warning: Nashorn engine is planned to be removed from a future JDK release
Warning: Nashorn engine is planned to be removed from a future JDK release
Warning: Nashorn engine is planned to be removed from a future JDK release
Warning: Nashorn engine is planned to be removed from a future JDK release
Warning: Nashorn engine is planned to be removed from a future JDK release
Warning: Nashorn engine is planned to be removed from a future JDK release
Warning: Nashorn engine is planned to be removed from a future JDK release
Warning: Nashorn engine is planned to be removed from a future JDK release
Warning: Nashorn engine is planned to be removed from a future JDK release
Warning: Nashorn engine is planned to be removed from a future JDK release
Warning: Nashorn engine is planned to be removed from a future JDK release
Warning: Nashorn engine is planned to be removed from a future JDK release
Warning: Nashorn engine is planned to be removed from a future JDK release
Warning: Nashorn engine is planned to be removed from a future JDK release
Warning: Nashorn engine is planned to be removed from a future JDK release
Warning: Nashorn engine is planned to be removed from a future JDK release
Warning: Nashorn engine is planned to be removed from a future JDK release
Warning: Nashorn engine is planned to be removed from a future JDK release
Warning: Nashorn engine is planned to be removed from a future JDK release
Warning: Nashorn engine is planned to be removed from a future JDK release
Warning: Nashorn engine is planned to be removed from a future JDK release
Warning: Nashorn engine is planned to be removed from a future JDK release
Warning: Nashorn engine is planned to be removed from a future JDK release
Warning: Nashorn engine is planned to be removed from a future JDK release
Warning: Nashorn engine is planned to be removed from a future JDK release
Warning: Nashorn engine is planned to be removed from a future JDK release
Warning: Nashorn engine is planned to be removed from a future JDK release
Warning: Nashorn engine is planned to be removed from a future JDK release
Warning: Nashorn engine is planned to be removed from a future JDK release
Warning: Nashorn engine is planned to be removed from a future JDK release
Warning: Nashorn engine is planned to be removed from a future JDK release
Warning: Nashorn engine is planned to be removed from a future JDK release
Warning: Nashorn engine is planned to be removed from a future JDK release
Warning: Nashorn engine is planned to be removed from a future JDK release
Warning: Nashorn engine is planned to be removed from a future JDK release
Warning: Nashorn engine is planned to be removed from a future JDK release
Warning: Nashorn engine is planned to be removed from a future JDK release
Warning: Nashorn engine is planned to be removed from a future JDK release
Warning: Nashorn engine is planned to be removed from a future JDK release
Warning: Nashorn engine is planned to be removed from a future JDK release
Warning: Nashorn engine is planned to be removed from a future JDK release
Warning: Nashorn engine is planned to be removed from a future JDK release
Warning: Nashorn engine is planned to be removed from a future JDK release
Warning: Nashorn engine is planned to be removed from a future JDK release
Warning: Nashorn engine is planned to be removed from a future JDK release
Warning: Nashorn engine is planned to be removed from a future JDK release
Warning: Nashorn engine is planned to be removed from a future JDK release
Warning: Nashorn engine is planned to be removed from a future JDK release
Warning: Nashorn engine is planned to be removed from a future JDK release
Warning: Nashorn engine is planned to be removed from a future JDK release
Warning: Nashorn engine is planned to be removed from a future JDK release
Warning: Nashorn engine is planned to be removed from a future JDK release
Warning: Nashorn engine is planned to be removed from a future JDK release
Warning: Nashorn engine is planned to be removed from a future JDK release
Warning: Nashorn engine is planned to be removed from a future JDK release
Warning: Nashorn engine is planned to be removed from a future JDK release
Warning: Nashorn engine is planned to be removed from a future JDK release
Warning: Nashorn engine is planned to be removed from a future JDK release
Warning: Nashorn engine is planned to be removed from a future JDK release
Warning: Nashorn engine is planned to be removed from a future JDK release
Warning: Nashorn engine is planned to be removed from a future JDK release
Warning: Nashorn engine is planned to be removed from a future JDK release
Warning: Nashorn engine is planned to be removed from a future JDK release
Warning: Nashorn engine is planned to be removed from a future JDK release
Warning: Nashorn engine is planned to be removed from a future JDK release
Warning: Nashorn engine is planned to be removed from a future JDK release
Warning: Nashorn engine is planned to be removed from a future JDK release
Warning: Nashorn engine is planned to be removed from a future JDK release
Warning: Nashorn engine is planned to be removed from a future JDK release
Warning: Nashorn engine is planned to be removed from a future JDK release
Warning: Nashorn engine is planned to be removed from a future JDK release
Warning: Nashorn engine is planned to be removed from a future JDK release
Warning: Nashorn engine is planned to be removed from a future JDK release
Warning: Nashorn engine is planned to be removed from a future JDK release
Warning: Nashorn engine is planned to be removed from a future JDK release
Warning: Nashorn engine is planned to be removed from a future JDK release
Warning: Nashorn engine is planned to be removed from a future JDK release
Warning: Nashorn engine is planned to be removed from a future JDK release
Warning: Nashorn engine is planned to be removed from a future JDK release
Warning: Nashorn engine is planned to be removed from a future JDK release
Warning: Nashorn engine is planned to be removed from a future JDK release
Warning: Nashorn engine is planned to be removed from a future JDK release
Warning: Nashorn engine is planned to be removed from a future JDK release
Warning: Nashorn engine is planned to be removed from a future JDK release
Warning: Nashorn engine is planned to be removed from a future JDK release
Warning: Nashorn engine is planned to be removed from a future JDK release
Warning: Nashorn engine is planned to be removed from a future JDK release
Warning: Nashorn engine is planned to be removed from a future JDK release
Warning: Nashorn engine is planned to be removed from a future JDK release
Warning: Nashorn engine is planned to be removed from a future JDK release
Warning: Nashorn engine is planned to be removed from a future JDK release
Warning: Nashorn engine is planned to be removed from a future JDK release
Warning: Nashorn engine is planned to be removed from a future JDK release
Warning: Nashorn engine is planned to be removed from a future JDK release
Warning: Nashorn engine is planned to be removed from a future JDK release
Warning: Nashorn engine is planned to be removed from a future JDK release
Warning: Nashorn engine is planned to be removed from a future JDK release
Warning: Nashorn engine is planned to be removed from a future JDK release
Warning: Nashorn engine is planned to be removed from a future JDK release
Warning: Nashorn engine is planned to be removed from a future JDK release
Warning: Nashorn engine is planned to be removed from a future JDK release
Warning: Nashorn engine is planned to be removed from a future JDK release
Warning: Nashorn engine is planned to be removed from a future JDK release
Warning: Nashorn engine is planned to be removed from a future JDK release
Warning: Nashorn engine is planned to be removed from a future JDK release
Warning: Nashorn engine is planned to be removed from a future JDK release
Warning: Nashorn engine is planned to be removed from a future JDK release
Warning: Nashorn engine is planned to be removed from a future JDK release
Warning: Nashorn engine is planned to be removed from a future JDK release
Warning: Nashorn engine is planned to be removed from a future JDK release
Warning: Nashorn engine is planned to be removed from a future JDK release
Warning: Nashorn engine is planned to be removed from a future JDK release
Warning: Nashorn engine is planned to be removed from a future JDK release
Warning: Nashorn engine is planned to be removed from a future JDK release
Warning: Nashorn engine is planned to be removed from a future JDK release
Warning: Nashorn engine is planned to be removed from a future JDK release
Warning: Nashorn engine is planned to be removed from a future JDK release
Warning: Nashorn engine is planned to be removed from a future JDK release
Warning: Nashorn engine is planned to be removed from a future JDK release
Warning: Nashorn engine is planned to be removed from a future JDK release
Warning: Nashorn engine is planned to be removed from a future JDK release
Warning: Nashorn engine is planned to be removed from a future JDK release
Warning: Nashorn engine is planned to be removed from a future JDK release
Warning: Nashorn engine is planned to be removed from a future JDK release
Warning: Nashorn engine is planned to be removed from a future JDK release
Warning: Nashorn engine is planned to be removed from a future JDK release
Warning: Nashorn engine is planned to be removed from a future JDK release
Warning: Nashorn engine is planned to be removed from a future JDK release
Warning: Nashorn engine is planned to be removed from a future JDK release
Warning: Nashorn engine is planned to be removed from a future JDK release
Warning: Nashorn engine is planned to be removed from a future JDK release
Warning: Nashorn engine is planned to be removed from a future JDK release
Warning: Nashorn engine is planned to be removed from a future JDK release
Warning: Nashorn engine is planned to be removed from a future JDK release
Warning: Nashorn engine is planned to be removed from a future JDK release
Warning: Nashorn engine is planned to be removed from a future JDK release
Warning: Nashorn engine is planned to be removed from a future JDK release
Warning: Nashorn engine is planned to be removed from a future JDK release
Warning: Nashorn engine is planned to be removed from a future JDK release
Warning: Nashorn engine is planned to be removed from a future JDK release
Warning: Nashorn engine is planned to be removed from a future JDK release
Warning: Nashorn engine is planned to be removed from a future JDK release
Warning: Nashorn engine is planned to be removed from a future JDK release
Warning: Nashorn engine is planned to be removed from a future JDK release
Warning: Nashorn engine is planned to be removed from a future JDK release
Warning: Nashorn engine is planned to be removed from a future JDK release
Warning: Nashorn engine is planned to be removed from a future JDK release
Warning: Nashorn engine is planned to be removed from a future JDK release
Warning: Nashorn engine is planned to be removed from a future JDK release
Warning: Nashorn engine is planned to be removed from a future JDK release
Warning: Nashorn engine is planned to be removed from a future JDK release
Warning: Nashorn engine is planned to be removed from a future JDK release
Warning: Nashorn engine is planned to be removed from a future JDK release
Warning: Nashorn engine is planned to be removed from a future JDK release
Warning: Nashorn engine is planned to be removed from a future JDK release
Warning: Nashorn engine is planned to be removed from a future JDK release
Warning: Nashorn engine is planned to be removed from a future JDK release
Warning: Nashorn engine is planned to be removed from a future JDK release
Warning: Nashorn engine is planned to be removed from a future JDK release
Warning: Nashorn engine is planned to be removed from a future JDK release
Warning: Nashorn engine is planned to be removed from a future JDK release
Warning: Nashorn engine is planned to be removed from a future JDK release
Warning: Nashorn engine is planned to be removed from a future JDK release
Warning: Nashorn engine is planned to be removed from a future JDK release
Warning: Nashorn engine is planned to be removed from a future JDK release
Warning: Nashorn engine is planned to be removed from a future JDK release
Warning: Nashorn engine is planned to be removed from a future JDK release
Warning: Nashorn engine is planned to be removed from a future JDK release
Warning: Nashorn engine is planned to be removed from a future JDK release
Warning: Nashorn engine is planned to be removed from a future JDK release
Warning: Nashorn engine is planned to be removed from a future JDK release
Warning: Nashorn engine is planned to be removed from a future JDK release
Warning: Nashorn engine is planned to be removed from a future JDK release
Warning: Nashorn engine is planned to be removed from a future JDK release
Warning: Nashorn engine is planned to be removed from a future JDK release
Warning: Nashorn engine is planned to be removed from a future JDK release
Warning: Nashorn engine is planned to be removed from a future JDK release
Warning: Nashorn engine is planned to be removed from a future JDK release
Warning: Nashorn engine is planned to be removed from a future JDK release
Warning: Nashorn engine is planned to be removed from a future JDK release
Warning: Nashorn engine is planned to be removed from a future JDK release
Warning: Nashorn engine is planned to be removed from a future JDK release
Warning: Nashorn engine is planned to be removed from a future JDK release
Warning: Nashorn engine is planned to be removed from a future JDK release
Warning: Nashorn engine is planned to be removed from a future JDK release
Warning: Nashorn engine is planned to be removed from a future JDK release
Warning: Nashorn engine is planned to be removed from a future JDK release
Warning: Nashorn engine is planned to be removed from a future JDK release
Warning: Nashorn engine is planned to be removed from a future JDK release
Warning: Nashorn engine is planned to be removed from a future JDK release
Warning: Nashorn engine is planned to be removed from a future JDK release
Warning: Nashorn engine is planned to be removed from a future JDK release
Warning: Nashorn engine is planned to be removed from a future JDK release
Warning: Nashorn engine is planned to be removed from a future JDK release
Warning: Nashorn engine is planned to be removed from a future JDK release
Warning: Nashorn engine is planned to be removed from a future JDK release
Warning: Nashorn engine is planned to be removed from a future JDK release
Warning: Nashorn engine is planned to be removed from a future JDK release
Warning: Nashorn engine is planned to be removed from a future JDK release
Warning: Nashorn engine is planned to be removed from a future JDK release
Warning: Nashorn engine is planned to be removed from a future JDK release
Warning: Nashorn engine is planned to be removed from a future JDK release
Warning: Nashorn engine is planned to be removed from a future JDK release
Warning: Nashorn engine is planned to be removed from a future JDK release
Warning: Nashorn engine is planned to be removed from a future JDK release
Warning: Nashorn engine is planned to be removed from a future JDK release
Warning: Nashorn engine is planned to be removed from a future JDK release
Warning: Nashorn engine is planned to be removed from a future JDK release
Warning: Nashorn engine is planned to be removed from a future JDK release
Warning: Nashorn engine is planned to be removed from a future JDK release
Warning: Nashorn engine is planned to be removed from a future JDK release
Warning: Nashorn engine is planned to be removed from a future JDK release
Warning: Nashorn engine is planned to be removed from a future JDK release
Warning: Nashorn engine is planned to be removed from a future JDK release
Warning: Nashorn engine is planned to be removed from a future JDK release
Warning: Nashorn engine is planned to be removed from a future JDK release
Warning: Nashorn engine is planned to be removed from a future JDK release
Warning: Nashorn engine is planned to be removed from a future JDK release
Warning: Nashorn engine is planned to be removed from a future JDK release
Warning: Nashorn engine is planned to be removed from a future JDK release
Warning: Nashorn engine is planned to be removed from a future JDK release
Warning: Nashorn engine is planned to be removed from a future JDK release
Warning: Nashorn engine is planned to be removed from a future JDK release
Warning: Nashorn engine is planned to be removed from a future JDK release
Warning: Nashorn engine is planned to be removed from a future JDK release
Warning: Nashorn engine is planned to be removed from a future JDK release
Warning: Nashorn engine is planned to be removed from a future JDK release
Warning: Nashorn engine is planned to be removed from a future JDK release
Warning: Nashorn engine is planned to be removed from a future JDK release
Warning: Nashorn engine is planned to be removed from a future JDK release
Warning: Nashorn engine is planned to be removed from a future JDK release
Warning: Nashorn engine is planned to be removed from a future JDK release
Warning: Nashorn engine is planned to be removed from a future JDK release
Warning: Nashorn engine is planned to be removed from a future JDK release
Warning: Nashorn engine is planned to be removed from a future JDK release
Warning: Nashorn engine is planned to be removed from a future JDK release
Warning: Nashorn engine is planned to be removed from a future JDK release
Warning: Nashorn engine is planned to be removed from a future JDK release
Warning: Nashorn engine is planned to be removed from a future JDK release
Warning: Nashorn engine is planned to be removed from a future JDK release
Warning: Nashorn engine is planned to be removed from a future JDK release
Warning: Nashorn engine is planned to be removed from a future JDK release
Warning: Nashorn engine is planned to be removed from a future JDK release
Warning: Nashorn engine is planned to be removed from a future JDK release
Warning: Nashorn engine is planned to be removed from a future JDK release
Warning: Nashorn engine is planned to be removed from a future JDK release
Warning: Nashorn engine is planned to be removed from a future JDK release
Warning: Nashorn engine is planned to be removed from a future JDK release
Warning: Nashorn engine is planned to be removed from a future JDK release
Warning: Nashorn engine is planned to be removed from a future JDK release
Warning: Nashorn engine is planned to be removed from a future JDK release
Warning: Nashorn engine is planned to be removed from a future JDK release
Warning: Nashorn engine is planned to be removed from a future JDK release
Warning: Nashorn engine is planned to be removed from a future JDK release
Warning: Nashorn engine is planned to be removed from a future JDK release
Warning: Nashorn engine is planned to be removed from a future JDK release
Warning: Nashorn engine is planned to be removed from a future JDK release
Warning: Nashorn engine is planned to be removed from a future JDK release
Warning: Nashorn engine is planned to be removed from a future JDK release
Warning: Nashorn engine is planned to be removed from a future JDK release
Warning: Nashorn engine is planned to be removed from a future JDK release
Warning: Nashorn engine is planned to be removed from a future JDK release
Warning: Nashorn engine is planned to be removed from a future JDK release
Warning: Nashorn engine is planned to be removed from a future JDK release
Warning: Nashorn engine is planned to be removed from a future JDK release
Warning: Nashorn engine is planned to be removed from a future JDK release
Warning: Nashorn engine is planned to be removed from a future JDK release
Warning: Nashorn engine is planned to be removed from a future JDK release
Warning: Nashorn engine is planned to be removed from a future JDK release
Warning: Nashorn engine is planned to be removed from a future JDK release
Warning: Nashorn engine is planned to be removed from a future JDK release
Warning: Nashorn engine is planned to be removed from a future JDK release
Warning: Nashorn engine is planned to be removed from a future JDK release
Warning: Nashorn engine is planned to be removed from a future JDK release
Warning: Nashorn engine is planned to be removed from a future JDK release
Warning: Nashorn engine is planned to be removed from a future JDK release
Warning: Nashorn engine is planned to be removed from a future JDK release
Warning: Nashorn engine is planned to be removed from a future JDK release
Warning: Nashorn engine is planned to be removed from a future JDK release
Warning: Nashorn engine is planned to be removed from a future JDK release
Warning: Nashorn engine is planned to be removed from a future JDK release
Warning: Nashorn engine is planned to be removed from a future JDK release
Warning: Nashorn engine is planned to be removed from a future JDK release
Warning: Nashorn engine is planned to be removed from a future JDK release
Warning: Nashorn engine is planned to be removed from a future JDK release
Warning: Nashorn engine is planned to be removed from a future JDK release
Warning: Nashorn engine is planned to be removed from a future JDK release
Warning: Nashorn engine is planned to be removed from a future JDK release
Warning: Nashorn engine is planned to be removed from a future JDK release
Warning: Nashorn engine is planned to be removed from a future JDK release
Warning: Nashorn engine is planned to be removed from a future JDK release
Warning: Nashorn engine is planned to be removed from a future JDK release
Warning: Nashorn engine is planned to be removed from a future JDK release
Warning: Nashorn engine is planned to be removed from a future JDK release
Warning: Nashorn engine is planned to be removed from a future JDK release
Warning: Nashorn engine is planned to be removed from a future JDK release
Warning: Nashorn engine is planned to be removed from a future JDK release
Warning: Nashorn engine is planned to be removed from a future JDK release
Warning: Nashorn engine is planned to be removed from a future JDK release
Warning: Nashorn engine is planned to be removed from a future JDK release
Warning: Nashorn engine is planned to be removed from a future JDK release
Warning: Nashorn engine is planned to be removed from a future JDK release
Warning: Nashorn engine is planned to be removed from a future JDK release
Warning: Nashorn engine is planned to be removed from a future JDK release
Warning: Nashorn engine is planned to be removed from a future JDK release
Warning: Nashorn engine is planned to be removed from a future JDK release
Warning: Nashorn engine is planned to be removed from a future JDK release
Warning: Nashorn engine is planned to be removed from a future JDK release
Warning: Nashorn engine is planned to be removed from a future JDK release
Warning: Nashorn engine is planned to be removed from a future JDK release
Warning: Nashorn engine is planned to be removed from a future JDK release
Warning: Nashorn engine is planned to be removed from a future JDK release
Warning: Nashorn engine is planned to be removed from a future JDK release
Warning: Nashorn engine is planned to be removed from a future JDK release
Warning: Nashorn engine is planned to be removed from a future JDK release
Warning: Nashorn engine is planned to be removed from a future JDK release
Warning: Nashorn engine is planned to be removed from a future JDK release
Warning: Nashorn engine is planned to be removed from a future JDK release
Warning: Nashorn engine is planned to be removed from a future JDK release
Warning: Nashorn engine is planned to be removed from a future JDK release
Warning: Nashorn engine is planned to be removed from a future JDK release
Warning: Nashorn engine is planned to be removed from a future JDK release
Warning: Nashorn engine is planned to be removed from a future JDK release
Warning: Nashorn engine is planned to be removed from a future JDK release
Warning: Nashorn engine is planned to be removed from a future JDK release
Warning: Nashorn engine is planned to be removed from a future JDK release
Warning: Nashorn engine is planned to be removed from a future JDK release
Warning: Nashorn engine is planned to be removed from a future JDK release
Warning: Nashorn engine is planned to be removed from a future JDK release
Warning: Nashorn engine is planned to be removed from a future JDK release
Warning: Nashorn engine is planned to be removed from a future JDK release
Warning: Nashorn engine is planned to be removed from a future JDK release
Warning: Nashorn engine is planned to be removed from a future JDK release
Warning: Nashorn engine is planned to be removed from a future JDK release
Warning: Nashorn engine is planned to be removed from a future JDK release
Warning: Nashorn engine is planned to be removed from a future JDK release
Warning: Nashorn engine is planned to be removed from a future JDK release
Warning: Nashorn engine is planned to be removed from a future JDK release
Warning: Nashorn engine is planned to be removed from a future JDK release
Warning: Nashorn engine is planned to be removed from a future JDK release
Warning: Nashorn engine is planned to be removed from a future JDK release
Warning: Nashorn engine is planned to be removed from a future JDK release
Warning: Nashorn engine is planned to be removed from a future JDK release
Warning: Nashorn engine is planned to be removed from a future JDK release
Warning: Nashorn engine is planned to be removed from a future JDK release
Warning: Nashorn engine is planned to be removed from a future JDK release
Warning: Nashorn engine is planned to be removed from a future JDK release
Warning: Nashorn engine is planned to be removed from a future JDK release
Warning: Nashorn engine is planned to be removed from a future JDK release
Warning: Nashorn engine is planned to be removed from a future JDK release
Warning: Nashorn engine is planned to be removed from a future JDK release
Warning: Nashorn engine is planned to be removed from a future JDK release
Warning: Nashorn engine is planned to be removed from a future JDK release
Warning: Nashorn engine is planned to be removed from a future JDK release
Warning: Nashorn engine is planned to be removed from a future JDK release
Warning: Nashorn engine is planned to be removed from a future JDK release
Warning: Nashorn engine is planned to be removed from a future JDK release
Warning: Nashorn engine is planned to be removed from a future JDK release
Warning: Nashorn engine is planned to be removed from a future JDK release
Warning: Nashorn engine is planned to be removed from a future JDK release
Warning: Nashorn engine is planned to be removed from a future JDK release
Warning: Nashorn engine is planned to be removed from a future JDK release
Warning: Nashorn engine is planned to be removed from a future JDK release
Warning: Nashorn engine is planned to be removed from a future JDK release
Warning: Nashorn engine is planned to be removed from a future JDK release
Warning: Nashorn engine is planned to be removed from a future JDK release
Warning: Nashorn engine is planned to be removed from a future JDK release
Warning: Nashorn engine is planned to be removed from a future JDK release
Warning: Nashorn engine is planned to be removed from a future JDK release
Warning: Nashorn engine is planned to be removed from a future JDK release
Warning: Nashorn engine is planned to be removed from a future JDK release
Warning: Nashorn engine is planned to be removed from a future JDK release
Warning: Nashorn engine is planned to be removed from a future JDK release
Warning: Nashorn engine is planned to be removed from a future JDK release
Warning: Nashorn engine is planned to be removed from a future JDK release
Warning: Nashorn engine is planned to be removed from a future JDK release
Warning: Nashorn engine is planned to be removed from a future JDK release
Warning: Nashorn engine is planned to be removed from a future JDK release
Warning: Nashorn engine is planned to be removed from a future JDK release
Warning: Nashorn engine is planned to be removed from a future JDK release
Warning: Nashorn engine is planned to be removed from a future JDK release
Warning: Nashorn engine is planned to be removed from a future JDK release
Warning: Nashorn engine is planned to be removed from a future JDK release
Warning: Nashorn engine is planned to be removed from a future JDK release
Warning: Nashorn engine is planned to be removed from a future JDK release
Warning: Nashorn engine is planned to be removed from a future JDK release
Warning: Nashorn engine is planned to be removed from a future JDK release
Warning: Nashorn engine is planned to be removed from a future JDK release
Warning: Nashorn engine is planned to be removed from a future JDK release
Warning: Nashorn engine is planned to be removed from a future JDK release
Warning: Nashorn engine is planned to be removed from a future JDK release
Warning: Nashorn engine is planned to be removed from a future JDK release
Warning: Nashorn engine is planned to be removed from a future JDK release
Warning: Nashorn engine is planned to be removed from a future JDK release
Warning: Nashorn engine is planned to be removed from a future JDK release
Warning: Nashorn engine is planned to be removed from a future JDK release
Warning: Nashorn engine is planned to be removed from a future JDK release
Warning: Nashorn engine is planned to be removed from a future JDK release
]]></system-err>
</testsuite>
