<?xml version="1.0" encoding="UTF-8" ?>
<testsuite errors="0" failures="0" hostname="travis-job-45471551-cef0-4cb3-b3ce-3f8f1734c108" name="ptolemy.actor.lib.test.junit.JUnitTclTest" skipped="0" tests="517" time="58.488" timestamp="2018-12-07T02:55:50">
  <properties>
    <property name="npm.executable" value="npm" />
    <property name="file.encoding.pkg" value="sun.io" />
    <property name="env.TRAVIS_ROOT" value="/" />
    <property name="ptII.mk.exists" value="true" />
    <property name="env.TRAVIS_APP_HOST" value="build.travis-ci.org" />
    <property name="env.rvm_bin_path" value="/home/travis/.rvm/bin" />
    <property name="java.home" value="/usr/lib/jvm/java-8-oracle/jre" />
    <property name="env.TRAVIS_JOB_NUMBER" value="854.8" />
    <property name="env.TRAVIS_HOME" value="/home/travis" />
    <property name="env.DISPLAY" value=":99.0" />
    <property name="java.net.preferIPv4Stack" value="true" />
    <property name="env.TRAVIS_INIT" value="upstart" />
    <property name="env.SSH_TTY" value="/dev/pts/0" />
    <property name="env.RUN_TESTS" value="false" />
    <property name="timeout.short" value="1000000" />
    <property name="env.TRAVIS_JOB_NAME" value="" />
    <property name="env.TRAVIS_STACK_NODE_ATTRIBUTES" value="/.node-attributes.yml" />
    <property name="junit.formatter" value="xml" />
    <property name="java.endorsed.dirs" value="/usr/lib/jvm/java-8-oracle/jre/lib/endorsed" />
    <property name="env.TRAVIS_SUDO" value="true" />
    <property name="env.LOGNAME" value="travis" />
    <property name="env.PT_TRAVIS_TEST_CORE1_XML" value="true" />
    <property name="jsdoc.home" value="node_modules/@terraswarm/jsdoc" />
    <property name="debuglevel" value="source,lines,vars" />
    <property name="checkstyle.formatter" value="xml" />
    <property name="bin.vergil.makeable" value="true" />
    <property name="env._system_version" value="14.04" />
    <property name="sun.os.patch.level" value="unknown" />
    <property name="java.vendor.url" value="http://java.oracle.com/" />
    <property name="env.TRAVIS_BUILD_WEB_URL" value="https://travis-ci.org/icyphy/ptII/builds/464763789" />
    <property name="java.version" value="1.8.0_151" />
    <property name="env.TZ" value="UTC" />
    <property name="env.PT_NO_NET" value="true" />
    <property name="env.TRAVIS_PULL_REQUEST_SHA" value="" />
    <property name="env.TRAVIS_SECURE_ENV_VARS" value="true" />
    <property name="env._system_type" value="Linux" />
    <property name="java.vendor.url.bug" value="http://bugreport.sun.com/bugreport/" />
    <property name="env.SSH_CLIENT" value="10.10.4.110 59206 22" />
    <property name="npmjs-org-is-up" value="true" />
    <property name="env.GEM_HOME" value="/home/travis/.rvm/gems/ruby-2.4.1" />
    <property name="env.HAS_ANTARES_THREE_LITTLE_FRONZIES_BADGE" value="true" />
    <property name="env.PS4" value="+" />
    <property name="ant.project.invoked-targets" value="build,test.core1.xml" />
    <property name="env.TRAVIS_PULL_REQUEST_BRANCH" value="" />
    <property name="env.TRAVIS_REPO_SLUG" value="icyphy/ptII" />
    <property name="env.TRAVIS_APT_PROXY" value="http://build-cache.travisci.net" />
    <property name="node.in.path" value="true" />
    <property name="java.maxmemory" value="1400m" />
    <property name="env.RUBY_VERSION" value="ruby-2.4.1" />
    <property name="user.name" value="travis" />
    <property name="env.LANG" value="en_US.UTF-8" />
    <property name="sun.io.unicode.encoding" value="UnicodeLittle" />
    <property name="sun.jnu.encoding" value="UTF-8" />
    <property name="java.runtime.name" value="Java(TM) SE Runtime Environment" />
    <property name="usefile" value="false" />
    <property name="return.code" value="0" />
    <property name="junit.single.formatter" value="plain" />
    <property name="env.DYLD_LIBRARY_PATH" value="/home/travis/pthla/certi-tools/lib:" />
    <property name="env.DEBIAN_FRONTEND" value="noninteractive" />
    <property name="env.SSH_CONNECTION" value="10.10.4.110 59206 10.20.0.154 22" />
    <property name="env.MYSQL_UNIX_PORT" value="/var/run/mysqld/mysqld.sock" />
    <property name="env.TRAVIS_ALLOW_FAILURE" value="false" />
    <property name="env.LC_ALL" value="en_US.UTF-8" />
    <property name="env.TRAVIS_JOB_WEB_URL" value="https://travis-ci.org/icyphy/ptII/jobs/464763797" />
    <property name="java.specification.name" value="Java Platform API Specification" />
    <property name="node.works" value="true" />
    <property name="user.timezone" value="" />
    <property name="path.separator" value=":" />
    <property name="env.TRAVIS_ENABLE_INFRA_DETECTION" value="true" />
    <property name="env.PYTHON_CFLAGS" value="-g -fstack-protector --param=ssp-buffer-size=4 -Wformat -Werror=format-security" />
    <property name="timeout.long" value="4000000" />
    <property name="env.CERTI_HOME" value="/home/travis/pthla/certi-tools" />
    <property name="file.encoding" value="UTF-8" />
    <property name="ant.file.ptII" value="/home/travis/build/icyphy/ptII/build.xml" />
    <property name="javadoc.packagenames" value="com.*,diva.*,lbnl.*,org.hlacerti.*,org.json.*,org.ptolemy.*,org.terraswarm.*,ptolemy.*,ptserver.*" />
    <property name="env.TRAVIS_PULL_REQUEST_SLUG" value="" />
    <property name="ant.project.default-target" value="build" />
    <property name="env.GIT_ASKPASS" value="echo" />
    <property name="env.HOME" value="/home/travis" />
    <property name="sun.java.command" value="org.apache.tools.ant.taskdefs.optional.junit.JUnitTestRunner ptolemy.actor.lib.test.junit.JUnitTclTest skipNonTests=false filtertrace=true haltOnError=false haltOnFailure=false formatter=org.apache.tools.ant.taskdefs.optional.junit.OutErrSummaryJUnitResultFormatter showoutput=true outputtoformatters=true logfailedtests=true threadid=0 logtestlistenerevents=false formatter=org.apache.tools.ant.taskdefs.optional.junit.XMLJUnitResultFormatter,/home/travis/build/icyphy/ptII/reports/junit/TEST-ptolemy.actor.lib.test.junit.JUnitTclTest.xml crashfile=/home/travis/build/icyphy/ptII/junitvmwatcher8208545032355504562.properties propsfile=/home/travis/build/icyphy/ptII/junit996210660921745892.properties" />
    <property name="env.MANPATH" value="/home/travis/.nvm/versions/node/v7.10.1/share/man:/home/travis/.kiex/elixirs/elixir-1.4.5/man:/home/travis/.rvm/rubies/ruby-2.4.1/share/man:/usr/local/man:/usr/local/cmake-3.9.2/man:/usr/local/clang-5.0.0/share/man:/usr/local/share/man:/usr/share/man:/home/travis/.rvm/man" />
    <property name="env.COMPOSER_NO_INTERACTION" value="1" />
    <property name="env.JDK_SWITCHER_DEFAULT" value="oraclejdk8" />
    <property name="env.TRAVIS_TIMER_ID" value="25dbcac8" />
    <property name="ant.file" value="/home/travis/build/icyphy/ptII/build.xml" />
    <property name="env.TRAVIS_COMMIT_RANGE" value="cfeddb3a3e3d7b0985f53f66c4e032637b909d04...06d3b7e33478af7e51ccb94c14f18da84eddfe26" />
    <property name="env._system_name" value="Ubuntu" />
    <property name="timeout" value="2400000" />
    <property name="ptII.classpath.optional.property" value="/home/travis/build/icyphy/ptII/lib/bsh-2.0b4.jar:/home/travis/build/icyphy/ptII/lib/ptCal.jar:/home/travis/build/icyphy/ptII/lib/java_cup.jar:/home/travis/build/icyphy/ptII/lib/saxon8.jar:/home/travis/build/icyphy/ptII/lib/saxon8-dom.jar:/home/travis/build/icyphy/ptII/lib/chic.jar:/home/travis/build/icyphy/ptII/lib/ptcolt.jar:/usr/lib/jvm/java-8-oracle/lib/tools.jar:/usr/lib/eclipse/plugins/org.eclipse.jdt.core_3.8.2.dist.jar:/usr/lib/eclipse/plugins/org.eclipse.core.runtime_3.8.0.dist.jar:/usr/lib/eclipse/plugins/org.eclipse.osgi_3.8.1.dist.jar:/usr/lib/eclipse/plugins/org.eclipse.core.resources_3.8.1.dist.jar:/usr/lib/eclipse/plugins/org.eclipse.equinox.common_3.6.100.dist.jar:/usr/lib/eclipse/plugins/org.eclipse.core.jobs_3.5.200.dist.jar:/usr/lib/eclipse/plugins/org.eclipse.core.contenttype_3.4.200.dist.jar:/usr/lib/eclipse/plugins/org.eclipse.equinox.preferences_3.5.0.dist.jar:/usr/lib/eclipse/plugins/org.eclipse.text_3.5.200.dist.jar:/usr/lib/eclipse/plugins/org.eclipse.ui.workbench_3.8.1.dist.jar:/usr/lib/eclipse/plugins/org.eclipse.jface_3.8.0.dist.jar:/usr/lib/eclipse/plugins/org.eclipse.swt_3.8.2.jar:/usr/lib/eclipse/plugins/org.eclipse.jface.text_3.8.1.dist.jar:/usr/lib/eclipse/plugins/org.eclipse.ui.workbench.texteditor_3.8.0.dist.jar:/usr/lib/eclipse/plugins/org.eclipse.ui.editors_3.8.0.dist.jar:/usr/lib/eclipse/plugins/org.eclipse.core.commands_3.6.1.dist.jar:/usr/lib/eclipse/plugins/org.eclipse.equinox.registry_3.5.200.dist.jar:/usr/lib/eclipse/plugins/org.eclipse.ui.console_3.5.100.dist.jar:/usr/lib/eclipse/plugins/org.eclipse.ui.forms_3.5.200.dist.jar:/usr/lib/eclipse/plugins/org.eclipse.ui.ide_3.8.1.dist.jar:/home/travis/build/icyphy/ptII/vendors/oracle/dbxml.jar:/home/travis/build/icyphy/ptII/vendors/oracle/db.jar:/home/travis/build/icyphy/ptII/vendors/misc/itext/iText.jar:/home/travis/build/icyphy/ptII/lib/g4ltl.jar:/home/travis/build/icyphy/ptII/lib/StructuralCoder.jar:/home/travis/build/icyphy/ptII/lib/org-openide-util.jar:/home/travis/build/icyphy/ptII/lib/org-openide-util-lookup.jar:/home/travis/build/icyphy/ptII/lib/org-netbeans-api-visual.jar:/home/travis/build/icyphy/ptII/vendors/jai-1_1_2_01/lib/jai_core.jar:/home/travis/build/icyphy/ptII/vendors/jai-1_1_2_01/lib/jai_codec.jar:/home/travis/build/icyphy/ptII/lib/jcerti.jar:/home/travis/build/icyphy/ptII/lib/smack.jar:/home/travis/build/icyphy/ptII/lib/smackx.jar:/home/travis/build/icyphy/ptII/lib/jetty-all-8.1.5-v20120716.jar:/home/travis/build/icyphy/ptII/lib/javax.servlet-api-3.0.1.jar:/home/travis/build/icyphy/ptII/lib/javax.mail.jar:/home/travis/build/icyphy/ptII/vendors/JMF-2.1.1e/lib/jmf.jar:/home/travis/build/icyphy/ptII/lib/jna-4.0.0-variadic.jar:/home/travis/build/icyphy/ptII/vendors/misc/joystick/Joystick.jar:/home/travis/build/icyphy/ptII/lib/ptjacl.jar:/home/travis/build/icyphy/ptII/lib/jsoup-1.8.2.jar:/home/travis/build/icyphy/ptII/lib/junit-4.8.2.jar:/home/travis/build/icyphy/ptII/lib/JUnitParams-0.4.0.jar:/home/travis/build/icyphy/ptII/ptolemy/actor/lib/excel/jxl.jar:/home/travis/build/icyphy/ptII/lib/jython.jar:/home/travis/build/icyphy/ptII/lib/kieler.jar:/home/travis/build/icyphy/ptII/vendors/opencv/share/OpenCV/java/opencv-341.jar:/home/travis/build/icyphy/ptII/lib/oscP5.jar:/home/travis/build/icyphy/ptII/lib/nrjavaserial-3.11.0.devel.jar:/home/travis/build/icyphy/ptII/vendors/j3d/lib/j3dcore.jar:/home/travis/build/icyphy/ptII/vendors/j3d/lib/j3dutils.jar:/home/travis/build/icyphy/ptII/vendors/j3d/lib/vecmath.jar:/home/travis/build/icyphy/ptII/ptolemy/distributed/jini/jar/jini-core.jar:/home/travis/build/icyphy/ptII/ptolemy/distributed/jini/jar/jini-ext.jar:/home/travis/build/icyphy/ptII/ptolemy/distributed/jini/jar/sun-util.jar:/home/travis/build/icyphy/ptII/lib/protobuf-java-2.4.1.jar:/home/travis/build/icyphy/ptII/lib/org.eclipse.paho.client.mqttv3.jar:/home/travis/build/icyphy/ptII/ptserver/lib/hessian-4.0.7.jar:/home/travis/build/icyphy/ptII/ptserver/lib/wmqtt.jar:/home/travis/build/icyphy/ptII/lib/mapss.jar:/home/travis/build/icyphy/ptII/ptolemy/actor/ptalon/antlr/antlr.jar:/home/travis/build/icyphy/ptII/lib/JRI.jar:/home/travis/build/icyphy/ptII/lib/commons-lang-2.6.jar:/home/travis/build/icyphy/ptII/lib/commons-logging-1.1.1.jar:/home/travis/build/icyphy/ptII/lib/sootclasses.jar:/home/travis/build/icyphy/ptII/ptolemy/actor/lib/database/mysql-connector-java-5.1.6-bin.jar:/home/travis/build/icyphy/ptII/vendors/misc/sphinx4/sphinx4-data-5prealpha.jar:/home/travis/build/icyphy/ptII/vendors/misc/sphinx4/sphinx4-core-5prealpha.jar:/home/travis/build/icyphy/ptII/lib/PDFRenderer.jar:/home/travis/build/icyphy/ptII/lib/svgSalamander.jar:/home/travis/build/icyphy/ptII/lib/rsyntaxtextarea-2.6.0-SNAPSHOT.jar:/home/travis/build/icyphy/ptII/lib/hazelcast-3.8.2.jar:/home/travis/build/icyphy/ptII/lib/jackson-annotations-2.9.0.jar:/home/travis/build/icyphy/ptII/lib/jackson-core-2.9.3.jar:/home/travis/build/icyphy/ptII/lib/jackson-databind-2.9.3.jar:/home/travis/build/icyphy/ptII/lib/netty-buffer-4.1.19.Final.jar:/home/travis/build/icyphy/ptII/lib/netty-codec-4.1.19.Final.jar:/home/travis/build/icyphy/ptII/lib/netty-codec-dns-4.1.19.Final.jar:/home/travis/build/icyphy/ptII/lib/netty-codec-http-4.1.19.Final.jar:/home/travis/build/icyphy/ptII/lib/netty-codec-http2-4.1.19.Final.jar:/home/travis/build/icyphy/ptII/lib/netty-common-4.1.19.Final.jar:/home/travis/build/icyphy/ptII/lib/netty-handler-4.1.19.Final.jar:/home/travis/build/icyphy/ptII/lib/netty-resolver-4.1.19.Final.jar:/home/travis/build/icyphy/ptII/lib/netty-resolver-dns-4.1.19.Final.jar:/home/travis/build/icyphy/ptII/lib/netty-transport-4.1.19.Final.jar:/home/travis/build/icyphy/ptII/lib/vertx-codegen-3.5.1.jar:/home/travis/build/icyphy/ptII/lib/vertx-core-3.5.2-SNAPSHOT.jar:/home/travis/build/icyphy/ptII/lib/vertx-hazelcast-3.5.1.jar:/home/travis/build/icyphy/ptII/lib/vertx-lang-js-3.5.1.jar:/home/travis/build/icyphy/ptII/lib/vertx-service-proxy-3.5.1.jar:/home/travis/build/icyphy/ptII/lib/vertx-web-3.5.1.jar:/home/travis/build/icyphy/ptII/lib/slf4j-api-1.7.13.jar:/home/travis/build/icyphy/ptII/lib/slf4j-simple-1.7.13.jar:/home/travis/build/icyphy/ptII/lib/webcam-capture-0.3.12.jar:/home/travis/build/icyphy/ptII/lib/bridj-0.7.0.jar:/home/travis/build/icyphy/ptII/lib/xbjlib-1.1.0.nrjavaserial.jar" />
    <property name="test.batch" value="**/junit/*.java" />
    <property name="env._" value="/usr/bin/timeout" />
    <property name="java.io.tmpdir" value="/tmp" />
    <property name="env.TRAVIS_INTERNAL_RUBY_REGEX" value="^ruby-(2\.[0-4]\.[0-9]|1\.9\.3)" />
    <property name="user.language" value="en" />
    <property name="env.HISTCONTROL" value="ignoredups:ignorespace" />
    <property name="env.GOROOT" value="/home/travis/.gimme/versions/go1.7.4.linux.amd64" />
    <property name="line.separator" value="&#xa;" />
    <property name="target" value="1.8" />
    <property name="env.TRAVIS_BUILD_DIR" value="/home/travis/build/icyphy/ptII" />
    <property name="env.ANT_OPTS" value="-Xmx2048m" />
    <property name="ant.file.type" value="file" />
    <property name="ptolemy.ptII.batchMode" value="true" />
    <property name="env.HISTSIZE" value="1000" />
    <property name="env.MERB_ENV" value="test" />
    <property name="java.vm.info" value="mixed mode" />
    <property name="source" value="1.8" />
    <property name="java.vm.specification.name" value="Java Virtual Machine Specification" />
    <property name="env.TRAVIS_TEST_RESULT" value="0" />
    <property name="jsdoc.command" value="node_modules/@terraswarm/jsdoc/jsdoc.js" />
    <property name="npm.works" value="true" />
    <property name="cobertura.dir" value="/home/travis/build/icyphy/ptII/vendors/cobertura-2.0.3" />
    <property name="env.rvm_path" value="/home/travis/.rvm" />
    <property name="env.GEM_PATH" value="/home/travis/.rvm/gems/ruby-2.4.1:/home/travis/.rvm/gems/ruby-2.4.1@global" />
    <property name="env.LC_CTYPE" value="en_US.UTF-8" />
    <property name="java.awt.printerjob" value="sun.print.PSPrinterJob" />
    <property name="env.TRAVIS_CMD" value="$PTII/bin/ptIITravisBuild.sh $SECONDS" />
    <property name="env.TRAVIS_STACK_NAME" value="garnet" />
    <property name="env.TRAVIS_TIMER_START_TIME" value="1544150979975393117" />
    <property name="ant.version" value="Apache Ant(TM) version 1.10.1 compiled on February 2 2017" />
    <property name="ptII.reports" value="/home/travis/build/icyphy/ptII/reports" />
    <property name="env.TRAVIS_STACK_TIMESTAMP" value="2017-12-05 19:33:09 UTC" />
    <property name="ant.file.type.ptII" value="file" />
    <property name="env.RBENV_SHELL" value="bash" />
    <property name="os.name" value="Linux" />
    <property name="java.specification.vendor" value="Oracle Corporation" />
    <property name="env.rvm_version" value="1.29.3 (latest)" />
    <property name="env.TRAVIS_INFRA" value="gce" />
    <property name="env.TERM" value="xterm" />
    <property name="java.vm.name" value="Java HotSpot(TM) 64-Bit Server VM" />
    <property name="env.TRAVIS_BUILD_NUMBER" value="854" />
    <property name="env.CI" value="true" />
    <property name="java.library.path" value="/home/travis/pthla/certi-tools/lib:/usr/lib/jni:/usr/local/share/OpenCV/java/:/usr/share/OpenCV/java::/usr/java/packages/lib/amd64:/usr/lib64:/lib64:/lib:/usr/lib" />
    <property name="env.rvm_prefix" value="/home/travis" />
    <property name="env.PATH" value="/home/travis/pthla/certi-tools/share/scripts:/home/travis/.rvm/gems/ruby-2.4.1/bin:/home/travis/.rvm/gems/ruby-2.4.1@global/bin:/home/travis/.rvm/rubies/ruby-2.4.1/bin:/home/travis/.rvm/bin:/home/travis/.nvm/versions/node/v7.10.1/bin:./node_modules/.bin:/home/travis/build/icyphy/ptII/bin:/home/travis/pthla/certi-tools/bin:/home/travis/bin:/home/travis/.local/bin:/opt/pyenv/shims:/home/travis/.phpenv/shims:/home/travis/perl5/perlbrew/bin:/home/travis/.kiex/elixirs/elixir-1.4.5/bin:/home/travis/.kiex/bin:/home/travis/gopath/bin:/home/travis/.gimme/versions/go1.7.4.linux.amd64/bin:/usr/local/phantomjs/bin:/usr/local/phantomjs:/usr/local/neo4j-3.2.7/bin:/usr/local/maven-3.5.2/bin:/usr/local/cmake-3.9.2/bin:/usr/local/clang-5.0.0/bin:/usr/local/sbin:/usr/local/bin:/usr/sbin:/usr/bin:/sbin:/bin:/home/travis/.phpenv/bin:/opt/pyenv/bin:/home/travis/.yarn/bin" />
    <property name="env.TRAVIS_OS_NAME" value="linux" />
    <property name="ant.java.version" value="1.8" />
    <property name="basedir" value="/home/travis/build/icyphy/ptII" />
    <property name="java.class.version" value="52.0" />
    <property name="env.SHLVL" value="3" />
    <property name="env.LD_LIBRARY_PATH" value="/home/travis/pthla/certi-tools/lib:/usr/lib/jni:/usr/local/share/OpenCV/java/:/usr/share/OpenCV/java:" />
    <property name="env.RACK_ENV" value="test" />
    <property name="ant.home" value="/home/travis/build/icyphy/ptII/ant" />
    <property name="env.PERLBREW_BASHRC_VERSION" value="0.80" />
    <property name="env.NVM_DIR" value="/home/travis/.nvm" />
    <property name="env.TRAVIS_BUILD_ID" value="464763789" />
    <property name="env.CERTI_FOM_PATH" value="/home/travis/pthla/certi-tools/share/federations" />
    <property name="env.PYENV_ROOT" value="/opt/pyenv" />
    <property name="env.TRAVIS_UID" value="2000" />
    <property name="env.rvm_pretty_print_flag" value="auto" />
    <property name="env.NVM_BIN" value="/home/travis/.nvm/versions/node/v7.10.1/bin" />
    <property name="env.TRAVIS_COMMIT" value="06d3b7e33478af7e51ccb94c14f18da84eddfe26" />
    <property name="env._system_arch" value="x86_64" />
    <property name="node.executable" value="node" />
    <property name="sun.boot.library.path" value="/usr/lib/jvm/java-8-oracle/jre/lib/amd64" />
    <property name="sun.management.compiler" value="HotSpot 64-Bit Tiered Compilers" />
    <property name="env.GOPATH" value="/home/travis/gopath" />
    <property name="java.awt.graphicsenv" value="sun.awt.X11GraphicsEnvironment" />
    <property name="ptolemy.ptII.dir" value="/home/travis/build/icyphy/ptII" />
    <property name="env.USER" value="travis" />
    <property name="env.HISTFILESIZE" value="2000" />
    <property name="timeout.longest" value="19000000" />
    <property name="env.TRAVIS_STACK_FEATURES" value="basic cassandra chromium couchdb disabled-ipv6 docker docker-compose elasticsearch firefox go-toolchain google-chrome jdk memcached mongodb mysql neo4j nodejs_interpreter perl_interpreter perlbrew phantomjs postgresql python_interpreter rabbitmq redis riak ruby_interpreter sqlite xserver" />
    <property name="env.TRAVIS_PULL_REQUEST" value="false" />
    <property name="env.PYENV_SHELL" value="bash" />
    <property name="ant.project.name" value="ptII" />
    <property name="java.vm.specification.version" value="1.8" />
    <property name="env.ANSI_RESET" value="\033[0m" />
    <property name="env.TRAVIS_DIST" value="trusty" />
    <property name="env.CERTI_VERSION" value="4.0.0" />
    <property name="env.NLSPATH" value="/usr/dt/lib/nls/msg/%L/%N.cat" />
    <property name="awt.toolkit" value="sun.awt.X11.XToolkit" />
    <property name="env.CERTI_HOST" value="localhost" />
    <property name="env.MY_RUBY_HOME" value="/home/travis/.rvm/rubies/ruby-2.4.1" />
    <property name="sun.cpu.isalist" value="" />
    <property name="env.TRAVIS_TMPDIR" value="/tmp/tmp.FYy2L9zTos" />
    <property name="java.ext.dirs" value="/usr/lib/jvm/java-8-oracle/jre/lib/ext:/usr/java/packages/lib/ext" />
    <property name="os.version" value="4.4.0-101-generic" />
    <property name="user.home" value="/home/travis" />
    <property name="env.MIX_ARCHIVES" value="/home/travis/.kiex/mix/elixir-1.4.5" />
    <property name="java.vm.vendor" value="Oracle Corporation" />
    <property name="env.TRAVIS_TAG" value="nightly" />
    <property name="env.ANSI_YELLOW" value="\033[33;1m" />
    <property name="env.TRAVIS_FILTERED" value="redirect_io" />
    <property name="env.ANSI_GREEN" value="\033[32;1m" />
    <property name="env.JAVA_HOME" value="/usr/lib/jvm/java-8-oracle" />
    <property name="env.PTII" value="/home/travis/build/icyphy/ptII" />
    <property name="javadoc.excludepackagenames" value="adm.cvs2svn.*,build.*,config.*,doc.coding.templates.*,jni.test.jni.meaningOfLife.*,jni.test.jni.testDeux.*,jni.test.jni.testTrois.*,org.terraswarm.accessor.accessors.web.node_modules.*,org.terraswarm.accessor.accessors.web.hosts.cordova.demo.*,org.terraswarm.accessor.accessors.web.hosts.cordova.plugins.*,org.terraswarm.accessor.accessors-svn.*,pt-modules.*,ptolemy.apps.agilent.*,ptolemy.apps.anytimecontrol.*,ptolemy.apps.apes.*,ptolemy.apps.charon.*,ptolemy.apps.crazyboard.*,ptolemy.apps.eclipse.*,ptolemy.apps.etherealSting.*,ptolemy.apps.fullscreen.*,ptolemy.apps.giotto.*,ptolemy.apps.ia.*,ptolemy.apps.interfaces.*,ptolemy.apps.jmf.*,ptolemy.apps.kurt.*,ptolemy.apps.kvm.*,ptolemy.apps.lego.*,ptolemy.apps.lejos.*,ptolemy.apps.midp.*,ptolemy.apps.mobileCoding.*,ptolemy.apps.pendulum.*,ptolemy.apps.rijndael.*,ptolemy.apps.robot.*,ptolemy.apps.security.*,ptolemy.apps.sobel.*,ptolemy.apps.soot.*,ptolemy.apps.throttle.*,ptolemy.apps.tini.*,ptolemy.apps.transmission.*,ptolemy.apps.vergil.*,ptolemy.apps.waba.*,ptolemy.apps.websensor.*,ptolemy.apps.webstart.*,ptolemy.apps.xsl.*,ptolemy.apps.zaurus.*,ptolemy.backtrack.eclipse.plugin.*,ptolemy.backtrack.test.*,ptolemy.codegen.c.actor.lib.oldJavaFiles.*,ptolemy.codegen.dsp.lib.*,ptolemy.codegen.kernel.newInterfaces.*,ptolemy.codegen.lib.*,ptolemy.copernicus.kernel.fragment.*,ptolemy.copernicus.shallow.cg.*,ptolemy.domains.giotto.demo.Hierarchy.Hierarchy.*,ptolemy.domains.giotto.demo.Multimode.Multimode.*,ptolemy.domains.giotto.demo.Simple.Simple.*,ptolemy.domains.gr.lib.experimental.*,ptolemy.domains.gro.*,ptolemy.domains.pdf.*,ptolemy.domains.ptinyos.demo.Surge.output.*,ptolemy.moml.test.NoPackageActor.java*,ptolemy.plot.adm.*,ptolemy.plot.servlet.*,reports.*,signed.*,src.*,target.*,vendors.*,ptolemy.cg.adapter.generic.program.procedural.c.mbed*,ptolemy.actor.lib.fmi.fmus.omc*,ptolemy.domains.openmodelica*,ptdb.kernel.bl.save.test.*,ptdb.kernel.bl.load.test.*,ptdb.kernel.bl.search.test.*,ptdb.kernel.bl.migration.test.*,ptdb.kernel.database.test.*,ptdb.test.*,ptdb.gui.test.*,org.ptolemy.scala.*,diva.util.java2d.svg.*,ptolemy.domains.ptinyos.*,ptolemy.actor.lib.fmi.fmipp.*,,org.terraswarm.accessor.accessors.web.node_modules.*,org.terraswarm.accessor.accessors-svn,ptolemy.apps.*,ptolemy.actor.ptalon.demo.ptinyos.SendAndReceiveCnt.output,ptolemy.actor.ptalon.demo.ptinyos.SenseToLeds.output,ptolemy.domains.ptinyos.demo.CntToLedsAndRfm.output,ptolemy.domains.ptinyos.demo.RfmToLeds.output,ptolemy.domains.ptinyos.demo.SendAndReceiveCnt.output,ptolemy.domains.ptinyos.demo.SenseToLeds.output,ptolemy.actor.lib.jjs.modules.udpSocket.*" />
    <property name="env.TRAVIS_COMMIT_MESSAGE" value="created new connected car demo to hold my work on building a connected car interface similar to the AR demo" />
    <property name="keystore" value="ptKeystore" />
    <property name="env.XDG_SESSION_ID" value="2" />
    <property name="junit.output.dir" value="/home/travis/build/icyphy/ptII/reports/junit" />
    <property name="npm.return.code" value="0" />
    <property name="user.dir" value="/home/travis/build/icyphy/ptII/ptolemy/actor/lib/test" />
    <property name="env.TRAVIS_NODE_VERSION" value="7" />
    <property name="env.XFILESEARCHPATH" value="/usr/dt/app-defaults/%L/Dt" />
    <property name="env.TRAVIS_EVENT_TYPE" value="cron" />
    <property name="env.MAIL" value="/var/mail/travis" />
    <property name="env.PWD" value="/home/travis/build/icyphy/ptII" />
    <property name="env.PERLBREW_ROOT" value="/home/travis/perl5/perlbrew" />
    <property name="timeout.npm" value="45000" />
    <property name="env.TRAVIS_ARCH" value="amd64" />
    <property name="env.PAGER" value="cat" />
    <property name="sun.cpu.endian" value="little" />
    <property name="env.TRAVIS_BUILD_STAGE_NAME" value="Test" />
    <property name="env.PERLBREW_HOME" value="/home/travis/.perlbrew" />
    <property name="env.RAILS_ENV" value="test" />
    <property name="java.vm.version" value="25.151-b12" />
    <property name="java.class.path" value="/home/travis/.ptolemyII:/home/travis/.ptolemyII/*:/home/travis/build/icyphy/ptII:/home/travis/build/icyphy/ptII/lib/bsh-2.0b4.jar:/home/travis/build/icyphy/ptII/lib/ptCal.jar:/home/travis/build/icyphy/ptII/lib/java_cup.jar:/home/travis/build/icyphy/ptII/lib/saxon8.jar:/home/travis/build/icyphy/ptII/lib/saxon8-dom.jar:/home/travis/build/icyphy/ptII/lib/chic.jar:/home/travis/build/icyphy/ptII/lib/ptcolt.jar:/usr/lib/jvm/java-8-oracle/lib/tools.jar:/usr/lib/eclipse/plugins/org.eclipse.jdt.core_3.8.2.dist.jar:/usr/lib/eclipse/plugins/org.eclipse.core.runtime_3.8.0.dist.jar:/usr/lib/eclipse/plugins/org.eclipse.osgi_3.8.1.dist.jar:/usr/lib/eclipse/plugins/org.eclipse.core.resources_3.8.1.dist.jar:/usr/lib/eclipse/plugins/org.eclipse.equinox.common_3.6.100.dist.jar:/usr/lib/eclipse/plugins/org.eclipse.core.jobs_3.5.200.dist.jar:/usr/lib/eclipse/plugins/org.eclipse.core.contenttype_3.4.200.dist.jar:/usr/lib/eclipse/plugins/org.eclipse.equinox.preferences_3.5.0.dist.jar:/usr/lib/eclipse/plugins/org.eclipse.text_3.5.200.dist.jar:/usr/lib/eclipse/plugins/org.eclipse.ui.workbench_3.8.1.dist.jar:/usr/lib/eclipse/plugins/org.eclipse.jface_3.8.0.dist.jar:/usr/lib/eclipse/plugins/org.eclipse.swt_3.8.2.jar:/usr/lib/eclipse/plugins/org.eclipse.jface.text_3.8.1.dist.jar:/usr/lib/eclipse/plugins/org.eclipse.ui.workbench.texteditor_3.8.0.dist.jar:/usr/lib/eclipse/plugins/org.eclipse.ui.editors_3.8.0.dist.jar:/usr/lib/eclipse/plugins/org.eclipse.core.commands_3.6.1.dist.jar:/usr/lib/eclipse/plugins/org.eclipse.equinox.registry_3.5.200.dist.jar:/usr/lib/eclipse/plugins/org.eclipse.ui.console_3.5.100.dist.jar:/usr/lib/eclipse/plugins/org.eclipse.ui.forms_3.5.200.dist.jar:/usr/lib/eclipse/plugins/org.eclipse.ui.ide_3.8.1.dist.jar:/home/travis/build/icyphy/ptII/vendors/oracle/dbxml.jar:/home/travis/build/icyphy/ptII/vendors/oracle/db.jar:/home/travis/build/icyphy/ptII/vendors/misc/itext/iText.jar:/home/travis/build/icyphy/ptII/lib/g4ltl.jar:/home/travis/build/icyphy/ptII/lib/StructuralCoder.jar:/home/travis/build/icyphy/ptII/lib/org-openide-util.jar:/home/travis/build/icyphy/ptII/lib/org-openide-util-lookup.jar:/home/travis/build/icyphy/ptII/lib/org-netbeans-api-visual.jar:/home/travis/build/icyphy/ptII/vendors/jai-1_1_2_01/lib/jai_core.jar:/home/travis/build/icyphy/ptII/vendors/jai-1_1_2_01/lib/jai_codec.jar:/home/travis/build/icyphy/ptII/lib/jcerti.jar:/home/travis/build/icyphy/ptII/lib/smack.jar:/home/travis/build/icyphy/ptII/lib/smackx.jar:/home/travis/build/icyphy/ptII/lib/jetty-all-8.1.5-v20120716.jar:/home/travis/build/icyphy/ptII/lib/javax.servlet-api-3.0.1.jar:/home/travis/build/icyphy/ptII/lib/javax.mail.jar:/home/travis/build/icyphy/ptII/vendors/JMF-2.1.1e/lib/jmf.jar:/home/travis/build/icyphy/ptII/lib/jna-4.0.0-variadic.jar:/home/travis/build/icyphy/ptII/vendors/misc/joystick/Joystick.jar:/home/travis/build/icyphy/ptII/lib/ptjacl.jar:/home/travis/build/icyphy/ptII/lib/jsoup-1.8.2.jar:/home/travis/build/icyphy/ptII/lib/junit-4.8.2.jar:/home/travis/build/icyphy/ptII/lib/JUnitParams-0.4.0.jar:/home/travis/build/icyphy/ptII/ptolemy/actor/lib/excel/jxl.jar:/home/travis/build/icyphy/ptII/lib/jython.jar:/home/travis/build/icyphy/ptII/lib/kieler.jar:/home/travis/build/icyphy/ptII/vendors/opencv/share/OpenCV/java/opencv-341.jar:/home/travis/build/icyphy/ptII/lib/oscP5.jar:/home/travis/build/icyphy/ptII/lib/nrjavaserial-3.11.0.devel.jar:/home/travis/build/icyphy/ptII/vendors/j3d/lib/j3dcore.jar:/home/travis/build/icyphy/ptII/vendors/j3d/lib/j3dutils.jar:/home/travis/build/icyphy/ptII/vendors/j3d/lib/vecmath.jar:/home/travis/build/icyphy/ptII/ptolemy/distributed/jini/jar/jini-core.jar:/home/travis/build/icyphy/ptII/ptolemy/distributed/jini/jar/jini-ext.jar:/home/travis/build/icyphy/ptII/ptolemy/distributed/jini/jar/sun-util.jar:/home/travis/build/icyphy/ptII/lib/protobuf-java-2.4.1.jar:/home/travis/build/icyphy/ptII/lib/org.eclipse.paho.client.mqttv3.jar:/home/travis/build/icyphy/ptII/ptserver/lib/hessian-4.0.7.jar:/home/travis/build/icyphy/ptII/ptserver/lib/wmqtt.jar:/home/travis/build/icyphy/ptII/lib/mapss.jar:/home/travis/build/icyphy/ptII/ptolemy/actor/ptalon/antlr/antlr.jar:/home/travis/build/icyphy/ptII/lib/JRI.jar:/home/travis/build/icyphy/ptII/lib/commons-lang-2.6.jar:/home/travis/build/icyphy/ptII/lib/commons-logging-1.1.1.jar:/home/travis/build/icyphy/ptII/lib/sootclasses.jar:/home/travis/build/icyphy/ptII/ptolemy/actor/lib/database/mysql-connector-java-5.1.6-bin.jar:/home/travis/build/icyphy/ptII/vendors/misc/sphinx4/sphinx4-data-5prealpha.jar:/home/travis/build/icyphy/ptII/vendors/misc/sphinx4/sphinx4-core-5prealpha.jar:/home/travis/build/icyphy/ptII/lib/PDFRenderer.jar:/home/travis/build/icyphy/ptII/lib/svgSalamander.jar:/home/travis/build/icyphy/ptII/lib/rsyntaxtextarea-2.6.0-SNAPSHOT.jar:/home/travis/build/icyphy/ptII/lib/hazelcast-3.8.2.jar:/home/travis/build/icyphy/ptII/lib/jackson-annotations-2.9.0.jar:/home/travis/build/icyphy/ptII/lib/jackson-core-2.9.3.jar:/home/travis/build/icyphy/ptII/lib/jackson-databind-2.9.3.jar:/home/travis/build/icyphy/ptII/lib/netty-buffer-4.1.19.Final.jar:/home/travis/build/icyphy/ptII/lib/netty-codec-4.1.19.Final.jar:/home/travis/build/icyphy/ptII/lib/netty-codec-dns-4.1.19.Final.jar:/home/travis/build/icyphy/ptII/lib/netty-codec-http-4.1.19.Final.jar:/home/travis/build/icyphy/ptII/lib/netty-codec-http2-4.1.19.Final.jar:/home/travis/build/icyphy/ptII/lib/netty-common-4.1.19.Final.jar:/home/travis/build/icyphy/ptII/lib/netty-handler-4.1.19.Final.jar:/home/travis/build/icyphy/ptII/lib/netty-resolver-4.1.19.Final.jar:/home/travis/build/icyphy/ptII/lib/netty-resolver-dns-4.1.19.Final.jar:/home/travis/build/icyphy/ptII/lib/netty-transport-4.1.19.Final.jar:/home/travis/build/icyphy/ptII/lib/vertx-codegen-3.5.1.jar:/home/travis/build/icyphy/ptII/lib/vertx-core-3.5.2-SNAPSHOT.jar:/home/travis/build/icyphy/ptII/lib/vertx-hazelcast-3.5.1.jar:/home/travis/build/icyphy/ptII/lib/vertx-lang-js-3.5.1.jar:/home/travis/build/icyphy/ptII/lib/vertx-service-proxy-3.5.1.jar:/home/travis/build/icyphy/ptII/lib/vertx-web-3.5.1.jar:/home/travis/build/icyphy/ptII/lib/slf4j-api-1.7.13.jar:/home/travis/build/icyphy/ptII/lib/slf4j-simple-1.7.13.jar:/home/travis/build/icyphy/ptII/lib/webcam-capture-0.3.12.jar:/home/travis/build/icyphy/ptII/lib/bridj-0.7.0.jar:/home/travis/build/icyphy/ptII/lib/xbjlib-1.1.0.nrjavaserial.jar:/home/travis/build/icyphy/ptII/ptolemy/moml/test:/home/travis/build/icyphy/ptII/ant/lib/ant-launcher.jar:/home/travis/build/icyphy/ptII/ant/lib/ant.jar:/home/travis/build/icyphy/ptII/ant/lib/ant-junit.jar:/home/travis/build/icyphy/ptII/ant/lib/ant-junit4.jar" />
    <property name="ant.library.dir" value="/home/travis/build/icyphy/ptII/ant/lib" />
    <property name="os.arch" value="amd64" />
    <property name="env.TRAVIS_LANGUAGE" value="node_js" />
    <property name="env.CONTINUOUS_INTEGRATION" value="true" />
    <property name="env.TRAVIS_STACK_LANGUAGES" value="__garnet__ c c++ clojure cplusplus cpp default go groovy java node_js php pure_java python ruby scala" />
    <property name="test.name" value="ptolemy.actor.lib.test.junit.JUnitTclTest" />
    <property name="sun.java.launcher" value="SUN_STANDARD" />
    <property name="env.PYTHON_CONFIGURE_OPTS" value="--enable-unicode=ucs4 --with-wide-unicode --enable-shared --enable-ipv6 --enable-loadable-sqlite-extensions --with-computed-gotos" />
    <property name="ant.core.lib" value="/home/travis/build/icyphy/ptII/ant/lib/ant.jar" />
    <property name="java.vm.specification.vendor" value="Oracle Corporation" />
    <property name="env.BCVTB_HOME" value="/home/travis/build/icyphy/ptII/lbnl" />
    <property name="file.separator" value="/" />
    <property name="spotbugs.home" value="/home/travis/build/icyphy/ptII/vendors/spotbugs-3.1.1" />
    <property name="java.runtime.version" value="1.8.0_151-b12" />
    <property name="sun.boot.class.path" value="/usr/lib/jvm/java-8-oracle/jre/lib/resources.jar:/usr/lib/jvm/java-8-oracle/jre/lib/rt.jar:/usr/lib/jvm/java-8-oracle/jre/lib/sunrsasign.jar:/usr/lib/jvm/java-8-oracle/jre/lib/jsse.jar:/usr/lib/jvm/java-8-oracle/jre/lib/jce.jar:/usr/lib/jvm/java-8-oracle/jre/lib/charsets.jar:/usr/lib/jvm/java-8-oracle/jre/lib/jfr.jar:/usr/lib/jvm/java-8-oracle/jre/classes" />
    <property name="env.ANSI_CLEAR" value="\033[0K" />
    <property name="env.HAS_JOSH_K_SEAL_OF_APPROVAL" value="true" />
    <property name="env.XDG_RUNTIME_DIR" value="/run/user/2000" />
    <property name="env.TRAVIS_OSX_IMAGE" value="" />
    <property name="env.TRAVIS_BRANCH" value="master" />
    <property name="env.TRAVIS_JOB_ID" value="464763797" />
    <property name="user.country" value="US" />
    <property name="env.CERTI_HOME_TRAVIS" value="/home/travis/pthla/certi-tools" />
    <property name="env.SHELL" value="/bin/bash" />
    <property name="java.maxmemory.large" value="5000m" />
    <property name="model" value="" />
    <property name="env.CASHER_DIR" value="/home/travis/.casher" />
    <property name="env.NVM_CD_FLAGS" value="" />
    <property name="jshint.executable" value="/home/travis/node_modules/jshint/bin/jshint" />
    <property name="java.vendor" value="Oracle Corporation" />
    <property name="env.JRUBY_OPTS" value=" --client -J-XX:+TieredCompilation -J-XX:TieredStopAtLevel=1 -J-Xss2m -Xcompile.invokedynamic=false" />
    <property name="env.TRAVIS_PRE_CHEF_BOOTSTRAP_TIME" value="2017-12-05T19:32:55" />
    <property name="env.TRAVIS_STACK_JOB_BOARD_REGISTER" value="/.job-board-register.yml" />
    <property name="env.ELIXIR_VERSION" value="1.4.5" />
    <property name="env.ANSI_RED" value="\033[31;1m" />
    <property name="java.specification.version" value="1.8" />
    <property name="env.TRAVIS" value="true" />
    <property name="env.IRBRC" value="/home/travis/.rvm/rubies/ruby-2.4.1/.irbrc" />
    <property name="sun.arch.data.model" value="64" />
  </properties>
  <testcase classname="ptolemy.util.test.junit.TclTests" name="[0] /home/travis/build/icyphy/ptII/ptolemy/actor/lib/test/AbsoluteValue.tcl (RunTclFile)" time="0.426" />
  <testcase classname="ptolemy.util.test.junit.TclTests" name="[1] /home/travis/build/icyphy/ptII/ptolemy/actor/lib/test/AddSubtract.tcl (RunTclFile)" time="0.058" />
  <testcase classname="ptolemy.util.test.junit.TclTests" name="[2] /home/travis/build/icyphy/ptII/ptolemy/actor/lib/test/Average.tcl (RunTclFile)" time="0.032" />
  <testcase classname="ptolemy.util.test.junit.TclTests" name="[3] /home/travis/build/icyphy/ptII/ptolemy/actor/lib/test/Bernoulli.tcl (RunTclFile)" time="0.03" />
  <testcase classname="ptolemy.util.test.junit.TclTests" name="[4] /home/travis/build/icyphy/ptII/ptolemy/actor/lib/test/Clock.tcl (RunTclFile)" time="0.065" />
  <testcase classname="ptolemy.util.test.junit.TclTests" name="[5] /home/travis/build/icyphy/ptII/ptolemy/actor/lib/test/Commutator.tcl (RunTclFile)" time="0.095" />
  <testcase classname="ptolemy.util.test.junit.TclTests" name="[6] /home/travis/build/icyphy/ptII/ptolemy/actor/lib/test/Const.tcl (RunTclFile)" time="0.134" />
  <testcase classname="ptolemy.util.test.junit.TclTests" name="[7] /home/travis/build/icyphy/ptII/ptolemy/actor/lib/test/CurrentTime.tcl (RunTclFile)" time="0.029" />
  <testcase classname="ptolemy.util.test.junit.TclTests" name="[8] /home/travis/build/icyphy/ptII/ptolemy/actor/lib/test/DB.tcl (RunTclFile)" time="0.044" />
  <testcase classname="ptolemy.util.test.junit.TclTests" name="[9] /home/travis/build/icyphy/ptII/ptolemy/actor/lib/test/DiscreteRandomSource.tcl (RunTclFile)" time="0.042" />
  <testcase classname="ptolemy.util.test.junit.TclTests" name="[10] /home/travis/build/icyphy/ptII/ptolemy/actor/lib/test/Distributor.tcl (RunTclFile)" time="0.058" />
  <testcase classname="ptolemy.util.test.junit.TclTests" name="[11] /home/travis/build/icyphy/ptII/ptolemy/actor/lib/test/Exit.tcl (RunTclFile)" time="0.048" />
  <testcase classname="ptolemy.util.test.junit.TclTests" name="[12] /home/travis/build/icyphy/ptII/ptolemy/actor/lib/test/Expression.tcl (RunTclFile)" time="0.067" />
  <testcase classname="ptolemy.util.test.junit.TclTests" name="[13] /home/travis/build/icyphy/ptII/ptolemy/actor/lib/test/Gaussian.tcl (RunTclFile)" time="0.498" />
  <testcase classname="ptolemy.util.test.junit.TclTests" name="[14] /home/travis/build/icyphy/ptII/ptolemy/actor/lib/test/IIR.tcl (RunTclFile)" time="0.042" />
  <testcase classname="ptolemy.util.test.junit.TclTests" name="[15] /home/travis/build/icyphy/ptII/ptolemy/actor/lib/test/Interpolator.tcl (RunTclFile)" time="0.097" />
  <testcase classname="ptolemy.util.test.junit.TclTests" name="[16] /home/travis/build/icyphy/ptII/ptolemy/actor/lib/test/MathFunction.tcl (RunTclFile)" time="0.081" />
  <testcase classname="ptolemy.util.test.junit.TclTests" name="[17] /home/travis/build/icyphy/ptII/ptolemy/actor/lib/test/Maximum.tcl (RunTclFile)" time="0.042" />
  <testcase classname="ptolemy.util.test.junit.TclTests" name="[18] /home/travis/build/icyphy/ptII/ptolemy/actor/lib/test/Minimum.tcl (RunTclFile)" time="0.033" />
  <testcase classname="ptolemy.util.test.junit.TclTests" name="[19] /home/travis/build/icyphy/ptII/ptolemy/actor/lib/test/MultiplyDivide.tcl (RunTclFile)" time="0.038" />
  <testcase classname="ptolemy.util.test.junit.TclTests" name="[20] /home/travis/build/icyphy/ptII/ptolemy/actor/lib/test/OrderedMerge.tcl (RunTclFile)" time="0.085" />
  <testcase classname="ptolemy.util.test.junit.TclTests" name="[21] /home/travis/build/icyphy/ptII/ptolemy/actor/lib/test/Publisher.tcl (RunTclFile)" time="0.602" />
  <testcase classname="ptolemy.util.test.junit.TclTests" name="[22] /home/travis/build/icyphy/ptII/ptolemy/actor/lib/test/Pulse.tcl (RunTclFile)" time="0.027" />
  <testcase classname="ptolemy.util.test.junit.TclTests" name="[23] /home/travis/build/icyphy/ptII/ptolemy/actor/lib/test/Ramp.tcl (RunTclFile)" time="1.731" />
  <testcase classname="ptolemy.util.test.junit.TclTests" name="[24] /home/travis/build/icyphy/ptII/ptolemy/actor/lib/test/RampContinuous.tcl (RunTclFile)" time="0.023" />
  <testcase classname="ptolemy.util.test.junit.TclTests" name="[25] /home/travis/build/icyphy/ptII/ptolemy/actor/lib/test/RecordAssembler.tcl (RunTclFile)" time="0.018" />
  <testcase classname="ptolemy.util.test.junit.TclTests" name="[26] /home/travis/build/icyphy/ptII/ptolemy/actor/lib/test/RecordDisassembler.tcl (RunTclFile)" time="0.028" />
  <testcase classname="ptolemy.util.test.junit.TclTests" name="[27] /home/travis/build/icyphy/ptII/ptolemy/actor/lib/test/Scale.tcl (RunTclFile)" time="0.022" />
  <testcase classname="ptolemy.util.test.junit.TclTests" name="[28] /home/travis/build/icyphy/ptII/ptolemy/actor/lib/test/SequentialClock.tcl (RunTclFile)" time="0.019" />
  <testcase classname="ptolemy.util.test.junit.TclTests" name="[29] /home/travis/build/icyphy/ptII/ptolemy/actor/lib/test/SetVariable.tcl (RunTclFile)" time="0.016" />
  <testcase classname="ptolemy.util.test.junit.TclTests" name="[30] /home/travis/build/icyphy/ptII/ptolemy/actor/lib/test/Sinewave.tcl (RunTclFile)" time="0.028" />
  <testcase classname="ptolemy.util.test.junit.TclTests" name="[31] /home/travis/build/icyphy/ptII/ptolemy/actor/lib/test/SubscriptionAggregator.tcl (RunTclFile)" time="1.89" />
  <testcase classname="ptolemy.util.test.junit.TclTests" name="[32] /home/travis/build/icyphy/ptII/ptolemy/actor/lib/test/Test.tcl (RunTclFile)" time="0.123" />
  <testcase classname="ptolemy.util.test.junit.TclTests" name="[33] /home/travis/build/icyphy/ptII/ptolemy/actor/lib/test/TestExceptionHandler.tcl (RunTclFile)" time="0.01" />
  <testcase classname="ptolemy.util.test.junit.TclTests" name="[34] /home/travis/build/icyphy/ptII/ptolemy/actor/lib/test/UnionDisassembler.tcl (RunTclFile)" time="0.061" />
  <testcase classname="ptolemy.util.test.junit.TclTests" name="[35] /home/travis/build/icyphy/ptII/ptolemy/actor/lib/test/VariableClock.tcl (RunTclFile)" time="0.016" />
  <testcase classname="ptolemy.util.test.junit.AutoKnownFailedTests" name="[0] /home/travis/build/icyphy/ptII/ptolemy/actor/lib/test/auto/knownFailedTests/PublisherPortToplevelSubscriber.xml (RunModel)" time="0.016" />
  <testcase classname="ptolemy.util.test.junit.AutoKnownFailedTests" name="[1] /home/travis/build/icyphy/ptII/ptolemy/actor/lib/test/auto/knownFailedTests/PublisherSubscriberPortToplevel.xml (RunModel)" time="0.016" />
  <testcase classname="ptolemy.util.test.junit.AutoKnownFailedTests" name="[2] /home/travis/build/icyphy/ptII/ptolemy/actor/lib/test/auto/knownFailedTests/PublisherSubscriptionAggregatorPort.xml (RunModel)" time="0.016" />
  <testcase classname="ptolemy.util.test.junit.AutoKnownFailedTests" name="[3] /home/travis/build/icyphy/ptII/ptolemy/actor/lib/test/auto/knownFailedTests/sizedarray3.xml (RunModel)" time="0.023" />
  <testcase classname="ptolemy.util.test.junit.AutoNameArchTests" name="[0] ThereAreNoAutoArchTests (RunModel)" time="0.001" />
  <testcase classname="ptolemy.util.test.junit.AutoTests" name="[0] /home/travis/build/icyphy/ptII/ptolemy/actor/lib/test/auto/AbsoluteValue.xml (RunModel)" time="0.098" />
  <testcase classname="ptolemy.util.test.junit.AutoTests" name="[1] /home/travis/build/icyphy/ptII/ptolemy/actor/lib/test/auto/AbsoluteValue2.xml (RunModel)" time="0.079" />
  <testcase classname="ptolemy.util.test.junit.AutoTests" name="[2] /home/travis/build/icyphy/ptII/ptolemy/actor/lib/test/auto/Accumulator.xml (RunModel)" time="0.058" />
  <testcase classname="ptolemy.util.test.junit.AutoTests" name="[3] /home/travis/build/icyphy/ptII/ptolemy/actor/lib/test/auto/Accumulator2.xml (RunModel)" time="0.021" />
  <testcase classname="ptolemy.util.test.junit.AutoTests" name="[4] /home/travis/build/icyphy/ptII/ptolemy/actor/lib/test/auto/Accumulator3.xml (RunModel)" time="0.03" />
  <testcase classname="ptolemy.util.test.junit.AutoTests" name="[5] /home/travis/build/icyphy/ptII/ptolemy/actor/lib/test/auto/ArrayAppend.xml (RunModel)" time="0.04" />
  <testcase classname="ptolemy.util.test.junit.AutoTests" name="[6] /home/travis/build/icyphy/ptII/ptolemy/actor/lib/test/auto/ArrayAppend2.xml (RunModel)" time="0.764" />
  <testcase classname="ptolemy.util.test.junit.AutoTests" name="[7] /home/travis/build/icyphy/ptII/ptolemy/actor/lib/test/auto/ArrayAppend3.xml (RunModel)" time="0.031" />
  <testcase classname="ptolemy.util.test.junit.AutoTests" name="[8] /home/travis/build/icyphy/ptII/ptolemy/actor/lib/test/auto/ArrayAppend4.xml (RunModel)" time="0.032" />
  <testcase classname="ptolemy.util.test.junit.AutoTests" name="[9] /home/travis/build/icyphy/ptII/ptolemy/actor/lib/test/auto/ArrayAppend5.xml (RunModel)" time="0.016" />
  <testcase classname="ptolemy.util.test.junit.AutoTests" name="[10] /home/travis/build/icyphy/ptII/ptolemy/actor/lib/test/auto/ArrayAppend6.xml (RunModel)" time="0.035" />
  <testcase classname="ptolemy.util.test.junit.AutoTests" name="[11] /home/travis/build/icyphy/ptII/ptolemy/actor/lib/test/auto/ArrayAppendPerformanceTest.xml (RunModel)" time="0.064" />
  <testcase classname="ptolemy.util.test.junit.AutoTests" name="[12] /home/travis/build/icyphy/ptII/ptolemy/actor/lib/test/auto/ArrayAppendWithEmptyInput.xml (RunModel)" time="0.066" />
  <testcase classname="ptolemy.util.test.junit.AutoTests" name="[13] /home/travis/build/icyphy/ptII/ptolemy/actor/lib/test/auto/ArrayAverage.xml (RunModel)" time="0.039" />
  <testcase classname="ptolemy.util.test.junit.AutoTests" name="[14] /home/travis/build/icyphy/ptII/ptolemy/actor/lib/test/auto/ArrayContains.xml (RunModel)" time="0.034" />
  <testcase classname="ptolemy.util.test.junit.AutoTests" name="[15] /home/travis/build/icyphy/ptII/ptolemy/actor/lib/test/auto/ArrayElement.xml (RunModel)" time="0.028" />
  <testcase classname="ptolemy.util.test.junit.AutoTests" name="[16] /home/travis/build/icyphy/ptII/ptolemy/actor/lib/test/auto/ArrayElementAsMatrix.xml (RunModel)" time="0.049" />
  <testcase classname="ptolemy.util.test.junit.AutoTests" name="[17] /home/travis/build/icyphy/ptII/ptolemy/actor/lib/test/auto/ArrayElementI.xml (RunModel)" time="0.016" />
  <testcase classname="ptolemy.util.test.junit.AutoTests" name="[18] /home/travis/build/icyphy/ptII/ptolemy/actor/lib/test/auto/ArrayExtract.xml (RunModel)" time="0.039" />
  <testcase classname="ptolemy.util.test.junit.AutoTests" name="[19] /home/travis/build/icyphy/ptII/ptolemy/actor/lib/test/auto/ArrayExtract2.xml (RunModel)" time="0.027" />
  <testcase classname="ptolemy.util.test.junit.AutoTests" name="[20] /home/travis/build/icyphy/ptII/ptolemy/actor/lib/test/auto/ArrayLength.xml (RunModel)" time="0.04" />
  <testcase classname="ptolemy.util.test.junit.AutoTests" name="[21] /home/travis/build/icyphy/ptII/ptolemy/actor/lib/test/auto/ArrayLevelCrossing.xml (RunModel)" time="0.04" />
  <testcase classname="ptolemy.util.test.junit.AutoTests" name="[22] /home/travis/build/icyphy/ptII/ptolemy/actor/lib/test/auto/ArrayLevelCrossing2.xml (RunModel)" time="0.023" />
  <testcase classname="ptolemy.util.test.junit.AutoTests" name="[23] /home/travis/build/icyphy/ptII/ptolemy/actor/lib/test/auto/ArrayPeakSearch.xml (RunModel)" time="0.044" />
  <testcase classname="ptolemy.util.test.junit.AutoTests" name="[24] /home/travis/build/icyphy/ptII/ptolemy/actor/lib/test/auto/ArrayPeakSearch2.xml (RunModel)" time="0.044" />
  <testcase classname="ptolemy.util.test.junit.AutoTests" name="[25] /home/travis/build/icyphy/ptII/ptolemy/actor/lib/test/auto/ArrayPeakSearch3.xml (RunModel)" time="0.03" />
  <testcase classname="ptolemy.util.test.junit.AutoTests" name="[26] /home/travis/build/icyphy/ptII/ptolemy/actor/lib/test/auto/ArrayRemoveElement.xml (RunModel)" time="0.032" />
  <testcase classname="ptolemy.util.test.junit.AutoTests" name="[27] /home/travis/build/icyphy/ptII/ptolemy/actor/lib/test/auto/ArraySort.xml (RunModel)" time="0.032" />
  <testcase classname="ptolemy.util.test.junit.AutoTests" name="[28] /home/travis/build/icyphy/ptII/ptolemy/actor/lib/test/auto/ArraySum.xml (RunModel)" time="0.018" />
  <testcase classname="ptolemy.util.test.junit.AutoTests" name="[29] /home/travis/build/icyphy/ptII/ptolemy/actor/lib/test/auto/ArrayToElements.xml (RunModel)" time="0.022" />
  <testcase classname="ptolemy.util.test.junit.AutoTests" name="[30] /home/travis/build/icyphy/ptII/ptolemy/actor/lib/test/auto/ArrayToMatrix.xml (RunModel)" time="0.048" />
  <testcase classname="ptolemy.util.test.junit.AutoTests" name="[31] /home/travis/build/icyphy/ptII/ptolemy/actor/lib/test/auto/ArrayUpdate1.xml (RunModel)" time="0.025" />
  <testcase classname="ptolemy.util.test.junit.AutoTests" name="[32] /home/travis/build/icyphy/ptII/ptolemy/actor/lib/test/auto/ArrayUpdate2.xml (RunModel)" time="0.031" />
  <testcase classname="ptolemy.util.test.junit.AutoTests" name="[33] /home/travis/build/icyphy/ptII/ptolemy/actor/lib/test/auto/ArrayUpdate3.xml (RunModel)" time="0.016" />
  <testcase classname="ptolemy.util.test.junit.AutoTests" name="[34] /home/travis/build/icyphy/ptII/ptolemy/actor/lib/test/auto/Assert1.xml (RunModel)" time="0.101" />
  <testcase classname="ptolemy.util.test.junit.AutoTests" name="[35] /home/travis/build/icyphy/ptII/ptolemy/actor/lib/test/auto/Assert2.xml (RunModel)" time="0.019" />
  <testcase classname="ptolemy.util.test.junit.AutoTests" name="[36] /home/travis/build/icyphy/ptII/ptolemy/actor/lib/test/auto/BooleanMultiplexor.xml (RunModel)" time="0.014" />
  <testcase classname="ptolemy.util.test.junit.AutoTests" name="[37] /home/travis/build/icyphy/ptII/ptolemy/actor/lib/test/auto/BooleanMultiplexor2.xml (RunModel)" time="0.027" />
  <testcase classname="ptolemy.util.test.junit.AutoTests" name="[38] /home/travis/build/icyphy/ptII/ptolemy/actor/lib/test/auto/BooleanMultiplexor3.xml (RunModel)" time="0.02" />
  <testcase classname="ptolemy.util.test.junit.AutoTests" name="[39] /home/travis/build/icyphy/ptII/ptolemy/actor/lib/test/auto/BooleanSelect.xml (RunModel)" time="0.016" />
  <testcase classname="ptolemy.util.test.junit.AutoTests" name="[40] /home/travis/build/icyphy/ptII/ptolemy/actor/lib/test/auto/BooleanSelect2.xml (RunModel)" time="0.013" />
  <testcase classname="ptolemy.util.test.junit.AutoTests" name="[41] /home/travis/build/icyphy/ptII/ptolemy/actor/lib/test/auto/BooleanSwitch.xml (RunModel)" time="0.015" />
  <testcase classname="ptolemy.util.test.junit.AutoTests" name="[42] /home/travis/build/icyphy/ptII/ptolemy/actor/lib/test/auto/BooleanSwitch2.xml (RunModel)" time="0.012" />
  <testcase classname="ptolemy.util.test.junit.AutoTests" name="[43] /home/travis/build/icyphy/ptII/ptolemy/actor/lib/test/auto/BooleanSwitchCloningBugWithClassRelationGroup.xml (RunModel)" time="0.021" />
  <testcase classname="ptolemy.util.test.junit.AutoTests" name="[44] /home/travis/build/icyphy/ptII/ptolemy/actor/lib/test/auto/BusActors.xml (RunModel)" time="0.024" />
  <testcase classname="ptolemy.util.test.junit.AutoTests" name="[45] /home/travis/build/icyphy/ptII/ptolemy/actor/lib/test/auto/ClassWrapper.xml (RunModel)" time="0.01" />
  <testcase classname="ptolemy.util.test.junit.AutoTests" name="[46] /home/travis/build/icyphy/ptII/ptolemy/actor/lib/test/auto/Clock.xml (RunModel)" time="0.018" />
  <testcase classname="ptolemy.util.test.junit.AutoTests" name="[47] /home/travis/build/icyphy/ptII/ptolemy/actor/lib/test/auto/Clock10.xml (RunModel)" time="0.03" />
  <testcase classname="ptolemy.util.test.junit.AutoTests" name="[48] /home/travis/build/icyphy/ptII/ptolemy/actor/lib/test/auto/Clock11.xml (RunModel)" time="0.02" />
  <testcase classname="ptolemy.util.test.junit.AutoTests" name="[49] /home/travis/build/icyphy/ptII/ptolemy/actor/lib/test/auto/Clock12.xml (RunModel)" time="0.016" />
  <testcase classname="ptolemy.util.test.junit.AutoTests" name="[50] /home/travis/build/icyphy/ptII/ptolemy/actor/lib/test/auto/Clock13.xml (RunModel)" time="0.022" />
  <testcase classname="ptolemy.util.test.junit.AutoTests" name="[51] /home/travis/build/icyphy/ptII/ptolemy/actor/lib/test/auto/Clock14.xml (RunModel)" time="0.019" />
  <testcase classname="ptolemy.util.test.junit.AutoTests" name="[52] /home/travis/build/icyphy/ptII/ptolemy/actor/lib/test/auto/Clock15.xml (RunModel)" time="0.015" />
  <testcase classname="ptolemy.util.test.junit.AutoTests" name="[53] /home/travis/build/icyphy/ptII/ptolemy/actor/lib/test/auto/Clock16.xml (RunModel)" time="0.067" />
  <testcase classname="ptolemy.util.test.junit.AutoTests" name="[54] /home/travis/build/icyphy/ptII/ptolemy/actor/lib/test/auto/Clock17.xml (RunModel)" time="0.051" />
  <testcase classname="ptolemy.util.test.junit.AutoTests" name="[55] /home/travis/build/icyphy/ptII/ptolemy/actor/lib/test/auto/Clock18.xml (RunModel)" time="0.044" />
  <testcase classname="ptolemy.util.test.junit.AutoTests" name="[56] /home/travis/build/icyphy/ptII/ptolemy/actor/lib/test/auto/Clock19.xml (RunModel)" time="0.038" />
  <testcase classname="ptolemy.util.test.junit.AutoTests" name="[57] /home/travis/build/icyphy/ptII/ptolemy/actor/lib/test/auto/Clock2.xml (RunModel)" time="0.014" />
  <testcase classname="ptolemy.util.test.junit.AutoTests" name="[58] /home/travis/build/icyphy/ptII/ptolemy/actor/lib/test/auto/Clock20.xml (RunModel)" time="0.02" />
  <testcase classname="ptolemy.util.test.junit.AutoTests" name="[59] /home/travis/build/icyphy/ptII/ptolemy/actor/lib/test/auto/Clock21.xml (RunModel)" time="0.017" />
  <testcase classname="ptolemy.util.test.junit.AutoTests" name="[60] /home/travis/build/icyphy/ptII/ptolemy/actor/lib/test/auto/Clock22.xml (RunModel)" time="0.016" />
  <testcase classname="ptolemy.util.test.junit.AutoTests" name="[61] /home/travis/build/icyphy/ptII/ptolemy/actor/lib/test/auto/Clock23.xml (RunModel)" time="0.017" />
  <testcase classname="ptolemy.util.test.junit.AutoTests" name="[62] /home/travis/build/icyphy/ptII/ptolemy/actor/lib/test/auto/Clock24.xml (RunModel)" time="0.018" />
  <testcase classname="ptolemy.util.test.junit.AutoTests" name="[63] /home/travis/build/icyphy/ptII/ptolemy/actor/lib/test/auto/Clock4.xml (RunModel)" time="0.014" />
  <testcase classname="ptolemy.util.test.junit.AutoTests" name="[64] /home/travis/build/icyphy/ptII/ptolemy/actor/lib/test/auto/Clock5.xml (RunModel)" time="0.014" />
  <testcase classname="ptolemy.util.test.junit.AutoTests" name="[65] /home/travis/build/icyphy/ptII/ptolemy/actor/lib/test/auto/Clock6.xml (RunModel)" time="0.008" />
  <testcase classname="ptolemy.util.test.junit.AutoTests" name="[66] /home/travis/build/icyphy/ptII/ptolemy/actor/lib/test/auto/Clock7.xml (RunModel)" time="0.009" />
  <testcase classname="ptolemy.util.test.junit.AutoTests" name="[67] /home/travis/build/icyphy/ptII/ptolemy/actor/lib/test/auto/Clock8.xml (RunModel)" time="0.017" />
  <testcase classname="ptolemy.util.test.junit.AutoTests" name="[68] /home/travis/build/icyphy/ptII/ptolemy/actor/lib/test/auto/Clock9.xml (RunModel)" time="0.012" />
  <testcase classname="ptolemy.util.test.junit.AutoTests" name="[69] /home/travis/build/icyphy/ptII/ptolemy/actor/lib/test/auto/CommDistDiscard.xml (RunModel)" time="0.018" />
  <testcase classname="ptolemy.util.test.junit.AutoTests" name="[70] /home/travis/build/icyphy/ptII/ptolemy/actor/lib/test/auto/Commutator.xml (RunModel)" time="0.012" />
  <testcase classname="ptolemy.util.test.junit.AutoTests" name="[71] /home/travis/build/icyphy/ptII/ptolemy/actor/lib/test/auto/Commutator2.xml (RunModel)" time="0.011" />
  <testcase classname="ptolemy.util.test.junit.AutoTests" name="[72] /home/travis/build/icyphy/ptII/ptolemy/actor/lib/test/auto/Commutator3.xml (RunModel)" time="0.013" />
  <testcase classname="ptolemy.util.test.junit.AutoTests" name="[73] /home/travis/build/icyphy/ptII/ptolemy/actor/lib/test/auto/Compare.xml (RunModel)" time="0.019" />
  <testcase classname="ptolemy.util.test.junit.AutoTests" name="[74] /home/travis/build/icyphy/ptII/ptolemy/actor/lib/test/auto/CompareDE.xml (RunModel)" time="0.034" />
  <testcase classname="ptolemy.util.test.junit.AutoTests" name="[75] /home/travis/build/icyphy/ptII/ptolemy/actor/lib/test/auto/ComplexDivide.xml (RunModel)" time="0.011" />
  <testcase classname="ptolemy.util.test.junit.AutoTests" name="[76] /home/travis/build/icyphy/ptII/ptolemy/actor/lib/test/auto/ComputeHistogram.xml (RunModel)" time="0.067" />
  <testcase classname="ptolemy.util.test.junit.AutoTests" name="[77] /home/travis/build/icyphy/ptII/ptolemy/actor/lib/test/auto/ConfigurationSelect.xml (RunModel)" time="0.018" />
  <testcase classname="ptolemy.util.test.junit.AutoTests" name="[78] /home/travis/build/icyphy/ptII/ptolemy/actor/lib/test/auto/ConfigurationSelect2.xml (RunModel)" time="0.014" />
  <testcase classname="ptolemy.util.test.junit.AutoTests" name="[79] /home/travis/build/icyphy/ptII/ptolemy/actor/lib/test/auto/ConfigurationSwitch.xml (RunModel)" time="0.016" />
  <testcase classname="ptolemy.util.test.junit.AutoTests" name="[80] /home/travis/build/icyphy/ptII/ptolemy/actor/lib/test/auto/ConfigurationSwitch2.xml (RunModel)" time="0.015" />
  <testcase classname="ptolemy.util.test.junit.AutoTests" name="[81] /home/travis/build/icyphy/ptII/ptolemy/actor/lib/test/auto/ConfigurationSwitchCloningBugWithClassRelationGroup.xml (RunModel)" time="0.018" />
  <testcase classname="ptolemy.util.test.junit.AutoTests" name="[82] /home/travis/build/icyphy/ptII/ptolemy/actor/lib/test/auto/ConfigurationSwitchSelectSDF.xml (RunModel)" time="0.015" />
  <testcase classname="ptolemy.util.test.junit.AutoTests" name="[83] /home/travis/build/icyphy/ptII/ptolemy/actor/lib/test/auto/ConfigurationSwitchSelectSDF2.xml (RunModel)" time="0.014" />
  <testcase classname="ptolemy.util.test.junit.AutoTests" name="[84] /home/travis/build/icyphy/ptII/ptolemy/actor/lib/test/auto/Const.xml (RunModel)" time="0.009" />
  <testcase classname="ptolemy.util.test.junit.AutoTests" name="[85] /home/travis/build/icyphy/ptII/ptolemy/actor/lib/test/auto/Const2.xml (RunModel)" time="0.011" />
  <testcase classname="ptolemy.util.test.junit.AutoTests" name="[86] /home/travis/build/icyphy/ptII/ptolemy/actor/lib/test/auto/Const3.xml (RunModel)" time="0.008" />
  <testcase classname="ptolemy.util.test.junit.AutoTests" name="[87] /home/travis/build/icyphy/ptII/ptolemy/actor/lib/test/auto/ConstantPublisherPort1.xml (RunModel)" time="0.025" />
  <testcase classname="ptolemy.util.test.junit.AutoTests" name="[88] /home/travis/build/icyphy/ptII/ptolemy/actor/lib/test/auto/ConstantPublisherPort2.xml (RunModel)" time="0.028" />
  <testcase classname="ptolemy.util.test.junit.AutoTests" name="[89] /home/travis/build/icyphy/ptII/ptolemy/actor/lib/test/auto/ConstantPublisherPort3.xml (RunModel)" time="0.027" />
  <testcase classname="ptolemy.util.test.junit.AutoTests" name="[90] /home/travis/build/icyphy/ptII/ptolemy/actor/lib/test/auto/ConstantPublisherPort4.xml (RunModel)" time="0.023" />
  <testcase classname="ptolemy.util.test.junit.AutoTests" name="[91] /home/travis/build/icyphy/ptII/ptolemy/actor/lib/test/auto/ConstantPublisherPort5.xml (RunModel)" time="0.061" />
  <testcase classname="ptolemy.util.test.junit.AutoTests" name="[92] /home/travis/build/icyphy/ptII/ptolemy/actor/lib/test/auto/ConstantPublisherPort6.xml (RunModel)" time="0.031" />
  <testcase classname="ptolemy.util.test.junit.AutoTests" name="[93] /home/travis/build/icyphy/ptII/ptolemy/actor/lib/test/auto/ConstantPublisherPort7.xml (RunModel)" time="0.035" />
  <testcase classname="ptolemy.util.test.junit.AutoTests" name="[94] /home/travis/build/icyphy/ptII/ptolemy/actor/lib/test/auto/ConstraintMonitor1.xml (RunModel)" time="0.032" />
  <testcase classname="ptolemy.util.test.junit.AutoTests" name="[95] /home/travis/build/icyphy/ptII/ptolemy/actor/lib/test/auto/ConstraintMonitor2.xml (RunModel)" time="0.015" />
  <testcase classname="ptolemy.util.test.junit.AutoTests" name="[96] /home/travis/build/icyphy/ptII/ptolemy/actor/lib/test/auto/ConstraintMonitor3.xml (RunModel)" time="0.014" />
  <testcase classname="ptolemy.util.test.junit.AutoTests" name="[97] /home/travis/build/icyphy/ptII/ptolemy/actor/lib/test/auto/ConstraintMonitor4.xml (RunModel)" time="0.014" />
  <testcase classname="ptolemy.util.test.junit.AutoTests" name="[98] /home/travis/build/icyphy/ptII/ptolemy/actor/lib/test/auto/ConstraintMonitor5.xml (RunModel)" time="0.013" />
  <testcase classname="ptolemy.util.test.junit.AutoTests" name="[99] /home/travis/build/icyphy/ptII/ptolemy/actor/lib/test/auto/ConstraintMonitor6.xml (RunModel)" time="0.012" />
  <testcase classname="ptolemy.util.test.junit.AutoTests" name="[100] /home/travis/build/icyphy/ptII/ptolemy/actor/lib/test/auto/ConstraintMonitor7.xml (RunModel)" time="0.013" />
  <testcase classname="ptolemy.util.test.junit.AutoTests" name="[101] /home/travis/build/icyphy/ptII/ptolemy/actor/lib/test/auto/ConstraintMonitor8.xml (RunModel)" time="0.021" />
  <testcase classname="ptolemy.util.test.junit.AutoTests" name="[102] /home/travis/build/icyphy/ptII/ptolemy/actor/lib/test/auto/Counter.xml (RunModel)" time="0.011" />
  <testcase classname="ptolemy.util.test.junit.AutoTests" name="[103] /home/travis/build/icyphy/ptII/ptolemy/actor/lib/test/auto/CurrentTimeSDF.xml (RunModel)" time="0.008" />
  <testcase classname="ptolemy.util.test.junit.AutoTests" name="[104] /home/travis/build/icyphy/ptII/ptolemy/actor/lib/test/auto/DB.xml (RunModel)" time="0.012" />
  <testcase classname="ptolemy.util.test.junit.AutoTests" name="[105] /home/travis/build/icyphy/ptII/ptolemy/actor/lib/test/auto/DBDE.xml (RunModel)" time="0.013" />
  <testcase classname="ptolemy.util.test.junit.AutoTests" name="[106] /home/travis/build/icyphy/ptII/ptolemy/actor/lib/test/auto/DateConstructor.xml (RunModel)" time="0.044" />
  <testcase classname="ptolemy.util.test.junit.AutoTests" name="[107] /home/travis/build/icyphy/ptII/ptolemy/actor/lib/test/auto/DelayTime.xml (RunModel)" time="0.013" />
  <testcase classname="ptolemy.util.test.junit.AutoTests" name="[108] /home/travis/build/icyphy/ptII/ptolemy/actor/lib/test/auto/Dictionary1.xml (RunModel)" time="0.017" />
  <testcase classname="ptolemy.util.test.junit.AutoTests" name="[109] /home/travis/build/icyphy/ptII/ptolemy/actor/lib/test/auto/Dictionary2.xml (RunModel)" time="0.012" />
  <testcase classname="ptolemy.util.test.junit.AutoTests" name="[110] /home/travis/build/icyphy/ptII/ptolemy/actor/lib/test/auto/Dictionary3.xml (RunModel)" time="0.015" />
  <testcase classname="ptolemy.util.test.junit.AutoTests" name="[111] /home/travis/build/icyphy/ptII/ptolemy/actor/lib/test/auto/Dictionary4.xml (RunModel)" time="0.016" />
  <testcase classname="ptolemy.util.test.junit.AutoTests" name="[112] /home/travis/build/icyphy/ptII/ptolemy/actor/lib/test/auto/Differential.xml (RunModel)" time="0.01" />
  <testcase classname="ptolemy.util.test.junit.AutoTests" name="[113] /home/travis/build/icyphy/ptII/ptolemy/actor/lib/test/auto/Director.xml (RunModel)" time="0.009" />
  <testcase classname="ptolemy.util.test.junit.AutoTests" name="[114] /home/travis/build/icyphy/ptII/ptolemy/actor/lib/test/auto/DiscreteClock.xml (RunModel)" time="0.009" />
  <testcase classname="ptolemy.util.test.junit.AutoTests" name="[115] /home/travis/build/icyphy/ptII/ptolemy/actor/lib/test/auto/DiscreteClock10.xml (RunModel)" time="0.012" />
  <testcase classname="ptolemy.util.test.junit.AutoTests" name="[116] /home/travis/build/icyphy/ptII/ptolemy/actor/lib/test/auto/DiscreteClock11.xml (RunModel)" time="0.02" />
  <testcase classname="ptolemy.util.test.junit.AutoTests" name="[117] /home/travis/build/icyphy/ptII/ptolemy/actor/lib/test/auto/DiscreteClock12.xml (RunModel)" time="0.013" />
  <testcase classname="ptolemy.util.test.junit.AutoTests" name="[118] /home/travis/build/icyphy/ptII/ptolemy/actor/lib/test/auto/DiscreteClock13.xml (RunModel)" time="0.014" />
  <testcase classname="ptolemy.util.test.junit.AutoTests" name="[119] /home/travis/build/icyphy/ptII/ptolemy/actor/lib/test/auto/DiscreteClock14.xml (RunModel)" time="0.011" />
  <testcase classname="ptolemy.util.test.junit.AutoTests" name="[120] /home/travis/build/icyphy/ptII/ptolemy/actor/lib/test/auto/DiscreteClock15.xml (RunModel)" time="0.014" />
  <testcase classname="ptolemy.util.test.junit.AutoTests" name="[121] /home/travis/build/icyphy/ptII/ptolemy/actor/lib/test/auto/DiscreteClock16.xml (RunModel)" time="0.039" />
  <testcase classname="ptolemy.util.test.junit.AutoTests" name="[122] /home/travis/build/icyphy/ptII/ptolemy/actor/lib/test/auto/DiscreteClock17.xml (RunModel)" time="0.04" />
  <testcase classname="ptolemy.util.test.junit.AutoTests" name="[123] /home/travis/build/icyphy/ptII/ptolemy/actor/lib/test/auto/DiscreteClock18.xml (RunModel)" time="0.038" />
  <testcase classname="ptolemy.util.test.junit.AutoTests" name="[124] /home/travis/build/icyphy/ptII/ptolemy/actor/lib/test/auto/DiscreteClock19.xml (RunModel)" time="0.464" />
  <testcase classname="ptolemy.util.test.junit.AutoTests" name="[125] /home/travis/build/icyphy/ptII/ptolemy/actor/lib/test/auto/DiscreteClock2.xml (RunModel)" time="0.009" />
  <testcase classname="ptolemy.util.test.junit.AutoTests" name="[126] /home/travis/build/icyphy/ptII/ptolemy/actor/lib/test/auto/DiscreteClock20.xml (RunModel)" time="0.016" />
  <testcase classname="ptolemy.util.test.junit.AutoTests" name="[127] /home/travis/build/icyphy/ptII/ptolemy/actor/lib/test/auto/DiscreteClock21.xml (RunModel)" time="0.013" />
  <testcase classname="ptolemy.util.test.junit.AutoTests" name="[128] /home/travis/build/icyphy/ptII/ptolemy/actor/lib/test/auto/DiscreteClock22.xml (RunModel)" time="0.012" />
  <testcase classname="ptolemy.util.test.junit.AutoTests" name="[129] /home/travis/build/icyphy/ptII/ptolemy/actor/lib/test/auto/DiscreteClock23.xml (RunModel)" time="0.013" />
  <testcase classname="ptolemy.util.test.junit.AutoTests" name="[130] /home/travis/build/icyphy/ptII/ptolemy/actor/lib/test/auto/DiscreteClock24.xml (RunModel)" time="0.011" />
  <testcase classname="ptolemy.util.test.junit.AutoTests" name="[131] /home/travis/build/icyphy/ptII/ptolemy/actor/lib/test/auto/DiscreteClock4.xml (RunModel)" time="0.01" />
  <testcase classname="ptolemy.util.test.junit.AutoTests" name="[132] /home/travis/build/icyphy/ptII/ptolemy/actor/lib/test/auto/DiscreteClock5.xml (RunModel)" time="0.011" />
  <testcase classname="ptolemy.util.test.junit.AutoTests" name="[133] /home/travis/build/icyphy/ptII/ptolemy/actor/lib/test/auto/DiscreteClock6.xml (RunModel)" time="0.009" />
  <testcase classname="ptolemy.util.test.junit.AutoTests" name="[134] /home/travis/build/icyphy/ptII/ptolemy/actor/lib/test/auto/DiscreteClock7.xml (RunModel)" time="0.018" />
  <testcase classname="ptolemy.util.test.junit.AutoTests" name="[135] /home/travis/build/icyphy/ptII/ptolemy/actor/lib/test/auto/DiscreteClock8.xml (RunModel)" time="0.012" />
  <testcase classname="ptolemy.util.test.junit.AutoTests" name="[136] /home/travis/build/icyphy/ptII/ptolemy/actor/lib/test/auto/DiscreteClock9.xml (RunModel)" time="0.011" />
  <testcase classname="ptolemy.util.test.junit.AutoTests" name="[137] /home/travis/build/icyphy/ptII/ptolemy/actor/lib/test/auto/DisplayArray.xml (RunModel)" time="0.023" />
  <testcase classname="ptolemy.util.test.junit.AutoTests" name="[138] /home/travis/build/icyphy/ptII/ptolemy/actor/lib/test/auto/Distributor.xml (RunModel)" time="0.009" />
  <testcase classname="ptolemy.util.test.junit.AutoTests" name="[139] /home/travis/build/icyphy/ptII/ptolemy/actor/lib/test/auto/Distributor2.xml (RunModel)" time="0.01" />
  <testcase classname="ptolemy.util.test.junit.AutoTests" name="[140] /home/travis/build/icyphy/ptII/ptolemy/actor/lib/test/auto/DownSample.xml (RunModel)" time="0.03" />
  <testcase classname="ptolemy.util.test.junit.AutoTests" name="[141] /home/travis/build/icyphy/ptII/ptolemy/actor/lib/test/auto/ElectronicUnitBase1.xml (RunModel)" time="0.063" />
  <testcase classname="ptolemy.util.test.junit.AutoTests" name="[142] /home/travis/build/icyphy/ptII/ptolemy/actor/lib/test/auto/ElementsToArray.xml (RunModel)" time="0.017" />
  <testcase classname="ptolemy.util.test.junit.AutoTests" name="[143] /home/travis/build/icyphy/ptII/ptolemy/actor/lib/test/auto/Equals.xml (RunModel)" time="0.015" />
  <testcase classname="ptolemy.util.test.junit.AutoTests" name="[144] /home/travis/build/icyphy/ptII/ptolemy/actor/lib/test/auto/Exec.xml (RunModel)" time="0.02" />
  <testcase classname="ptolemy.util.test.junit.AutoTests" name="[145] /home/travis/build/icyphy/ptII/ptolemy/actor/lib/test/auto/ExecEnvironment.xml (RunModel)" time="0.033" />
  <testcase classname="ptolemy.util.test.junit.AutoTests" name="[146] /home/travis/build/icyphy/ptII/ptolemy/actor/lib/test/auto/ExecNonZeroReturnOutput.xml (RunModel)" time="0.145" />
  <testcase classname="ptolemy.util.test.junit.AutoTests" name="[147] /home/travis/build/icyphy/ptII/ptolemy/actor/lib/test/auto/ExecRunDemos.xml (RunModel)" time="9.218" />
  <testcase classname="ptolemy.util.test.junit.AutoTests" name="[148] /home/travis/build/icyphy/ptII/ptolemy/actor/lib/test/auto/ExecStop.xml (RunModel)" time="5.021" />
  <testcase classname="ptolemy.util.test.junit.AutoTests" name="[149] /home/travis/build/icyphy/ptII/ptolemy/actor/lib/test/auto/ExecutionTimeSDF.xml (RunModel)" time="6.032" />
  <testcase classname="ptolemy.util.test.junit.AutoTests" name="[150] /home/travis/build/icyphy/ptII/ptolemy/actor/lib/test/auto/Expression1.xml (RunModel)" time="0.008" />
  <testcase classname="ptolemy.util.test.junit.AutoTests" name="[151] /home/travis/build/icyphy/ptII/ptolemy/actor/lib/test/auto/Expression10.xml (RunModel)" time="0.018" />
  <testcase classname="ptolemy.util.test.junit.AutoTests" name="[152] /home/travis/build/icyphy/ptII/ptolemy/actor/lib/test/auto/Expression11.xml (RunModel)" time="0.012" />
  <testcase classname="ptolemy.util.test.junit.AutoTests" name="[153] /home/travis/build/icyphy/ptII/ptolemy/actor/lib/test/auto/Expression12.xml (RunModel)" time="0.014" />
  <testcase classname="ptolemy.util.test.junit.AutoTests" name="[154] /home/travis/build/icyphy/ptII/ptolemy/actor/lib/test/auto/Expression13.xml (RunModel)" time="0.014" />
  <testcase classname="ptolemy.util.test.junit.AutoTests" name="[155] /home/travis/build/icyphy/ptII/ptolemy/actor/lib/test/auto/Expression14.xml (RunModel)" time="0.021" />
  <testcase classname="ptolemy.util.test.junit.AutoTests" name="[156] /home/travis/build/icyphy/ptII/ptolemy/actor/lib/test/auto/Expression15.xml (RunModel)" time="0.009" />
  <testcase classname="ptolemy.util.test.junit.AutoTests" name="[157] /home/travis/build/icyphy/ptII/ptolemy/actor/lib/test/auto/Expression16.xml (RunModel)" time="0.013" />
  <testcase classname="ptolemy.util.test.junit.AutoTests" name="[158] /home/travis/build/icyphy/ptII/ptolemy/actor/lib/test/auto/Expression17.xml (RunModel)" time="0.013" />
  <testcase classname="ptolemy.util.test.junit.AutoTests" name="[159] /home/travis/build/icyphy/ptII/ptolemy/actor/lib/test/auto/Expression18.xml (RunModel)" time="0.014" />
  <testcase classname="ptolemy.util.test.junit.AutoTests" name="[160] /home/travis/build/icyphy/ptII/ptolemy/actor/lib/test/auto/Expression2.xml (RunModel)" time="0.014" />
  <testcase classname="ptolemy.util.test.junit.AutoTests" name="[161] /home/travis/build/icyphy/ptII/ptolemy/actor/lib/test/auto/Expression3.xml (RunModel)" time="0.013" />
  <testcase classname="ptolemy.util.test.junit.AutoTests" name="[162] /home/travis/build/icyphy/ptII/ptolemy/actor/lib/test/auto/Expression4.xml (RunModel)" time="0.019" />
  <testcase classname="ptolemy.util.test.junit.AutoTests" name="[163] /home/travis/build/icyphy/ptII/ptolemy/actor/lib/test/auto/Expression5.xml (RunModel)" time="0.013" />
  <testcase classname="ptolemy.util.test.junit.AutoTests" name="[164] /home/travis/build/icyphy/ptII/ptolemy/actor/lib/test/auto/Expression6.xml (RunModel)" time="0.012" />
  <testcase classname="ptolemy.util.test.junit.AutoTests" name="[165] /home/travis/build/icyphy/ptII/ptolemy/actor/lib/test/auto/Expression7.xml (RunModel)" time="0.014" />
  <testcase classname="ptolemy.util.test.junit.AutoTests" name="[166] /home/travis/build/icyphy/ptII/ptolemy/actor/lib/test/auto/Expression8.xml (RunModel)" time="0.021" />
  <testcase classname="ptolemy.util.test.junit.AutoTests" name="[167] /home/travis/build/icyphy/ptII/ptolemy/actor/lib/test/auto/Expression9.xml (RunModel)" time="0.008" />
  <testcase classname="ptolemy.util.test.junit.AutoTests" name="[168] /home/travis/build/icyphy/ptII/ptolemy/actor/lib/test/auto/ExpressionConcatenateArrayType.xml (RunModel)" time="0.023" />
  <testcase classname="ptolemy.util.test.junit.AutoTests" name="[169] /home/travis/build/icyphy/ptII/ptolemy/actor/lib/test/auto/ExpressionConcatenateArrayType2.xml (RunModel)" time="0.016" />
  <testcase classname="ptolemy.util.test.junit.AutoTests" name="[170] /home/travis/build/icyphy/ptII/ptolemy/actor/lib/test/auto/ExpressionFix.xml (RunModel)" time="0.025" />
  <testcase classname="ptolemy.util.test.junit.AutoTests" name="[171] /home/travis/build/icyphy/ptII/ptolemy/actor/lib/test/auto/ExpressionFix2.xml (RunModel)" time="0.014" />
  <testcase classname="ptolemy.util.test.junit.AutoTests" name="[172] /home/travis/build/icyphy/ptII/ptolemy/actor/lib/test/auto/ExpressionFix3.xml (RunModel)" time="0.015" />
  <testcase classname="ptolemy.util.test.junit.AutoTests" name="[173] /home/travis/build/icyphy/ptII/ptolemy/actor/lib/test/auto/FileWriter1.xml (RunModel)" time="0.012" />
  <testcase classname="ptolemy.util.test.junit.AutoTests" name="[174] /home/travis/build/icyphy/ptII/ptolemy/actor/lib/test/auto/FileWriter2.xml (RunModel)" time="0.01" />
  <testcase classname="ptolemy.util.test.junit.AutoTests" name="[175] /home/travis/build/icyphy/ptII/ptolemy/actor/lib/test/auto/FileWriter3.xml (RunModel)" time="0.014" />
  <testcase classname="ptolemy.util.test.junit.AutoTests" name="[176] /home/travis/build/icyphy/ptII/ptolemy/actor/lib/test/auto/Gaussian.xml (RunModel)" time="0.012" />
  <testcase classname="ptolemy.util.test.junit.AutoTests" name="[177] /home/travis/build/icyphy/ptII/ptolemy/actor/lib/test/auto/Gaussian1.xml (RunModel)" time="0.021" />
  <testcase classname="ptolemy.util.test.junit.AutoTests" name="[178] /home/travis/build/icyphy/ptII/ptolemy/actor/lib/test/auto/Gaussian2.xml (RunModel)" time="0.022" />
  <testcase classname="ptolemy.util.test.junit.AutoTests" name="[179] /home/travis/build/icyphy/ptII/ptolemy/actor/lib/test/auto/GradientAdaptiveLattice.xml (RunModel)" time="0.016" />
  <testcase classname="ptolemy.util.test.junit.AutoTests" name="[180] /home/travis/build/icyphy/ptII/ptolemy/actor/lib/test/auto/IIR.xml (RunModel)" time="0.011" />
  <testcase classname="ptolemy.util.test.junit.AutoTests" name="[181] /home/travis/build/icyphy/ptII/ptolemy/actor/lib/test/auto/InputOutputTransparentPorts.xml (RunModel)" time="0.021" />
  <testcase classname="ptolemy.util.test.junit.AutoTests" name="[182] /home/travis/build/icyphy/ptII/ptolemy/actor/lib/test/auto/Interpolator.xml (RunModel)" time="0.015" />
  <testcase classname="ptolemy.util.test.junit.AutoTests" name="[183] /home/travis/build/icyphy/ptII/ptolemy/actor/lib/test/auto/InterpolatorFiringLimitDE.xml (RunModel)" time="0.015" />
  <testcase classname="ptolemy.util.test.junit.AutoTests" name="[184] /home/travis/build/icyphy/ptII/ptolemy/actor/lib/test/auto/Lattice.xml (RunModel)" time="0.01" />
  <testcase classname="ptolemy.util.test.junit.AutoTests" name="[185] /home/travis/build/icyphy/ptII/ptolemy/actor/lib/test/auto/LazyAOCTestLazy.xml (RunModel)" time="0.026" />
  <testcase classname="ptolemy.util.test.junit.AutoTests" name="[186] /home/travis/build/icyphy/ptII/ptolemy/actor/lib/test/auto/LazyAOCTestNonLazy.xml (RunModel)" time="0.044" />
  <testcase classname="ptolemy.util.test.junit.AutoTests" name="[187] /home/travis/build/icyphy/ptII/ptolemy/actor/lib/test/auto/LazyInnerClass.xml (RunModel)" time="0.044" />
  <testcase classname="ptolemy.util.test.junit.AutoTests" name="[188] /home/travis/build/icyphy/ptII/ptolemy/actor/lib/test/auto/LazyPubSub.xml (RunModel)" time="0.073" />
  <testcase classname="ptolemy.util.test.junit.AutoTests" name="[189] /home/travis/build/icyphy/ptII/ptolemy/actor/lib/test/auto/LazyPubSub2.xml (RunModel)" time="0.047" />
  <testcase classname="ptolemy.util.test.junit.AutoTests" name="[190] /home/travis/build/icyphy/ptII/ptolemy/actor/lib/test/auto/LazyPubSub3.xml (RunModel)" time="0.029" />
  <testcase classname="ptolemy.util.test.junit.AutoTests" name="[191] /home/travis/build/icyphy/ptII/ptolemy/actor/lib/test/auto/LazySubClassModel.xml (RunModel)" time="0.028" />
  <testcase classname="ptolemy.util.test.junit.AutoTests" name="[192] /home/travis/build/icyphy/ptII/ptolemy/actor/lib/test/auto/LevelCrossTest1.xml (RunModel)" time="0.011" />
  <testcase classname="ptolemy.util.test.junit.AutoTests" name="[193] /home/travis/build/icyphy/ptII/ptolemy/actor/lib/test/auto/LevelCrossTest10.xml (RunModel)" time="0.02" />
  <testcase classname="ptolemy.util.test.junit.AutoTests" name="[194] /home/travis/build/icyphy/ptII/ptolemy/actor/lib/test/auto/LevelCrossTest11.xml (RunModel)" time="0.015" />
  <testcase classname="ptolemy.util.test.junit.AutoTests" name="[195] /home/travis/build/icyphy/ptII/ptolemy/actor/lib/test/auto/LevelCrossTest12.xml (RunModel)" time="0.013" />
  <testcase classname="ptolemy.util.test.junit.AutoTests" name="[196] /home/travis/build/icyphy/ptII/ptolemy/actor/lib/test/auto/LevelCrossTest13.xml (RunModel)" time="0.016" />
  <testcase classname="ptolemy.util.test.junit.AutoTests" name="[197] /home/travis/build/icyphy/ptII/ptolemy/actor/lib/test/auto/LevelCrossTest2.xml (RunModel)" time="0.009" />
  <testcase classname="ptolemy.util.test.junit.AutoTests" name="[198] /home/travis/build/icyphy/ptII/ptolemy/actor/lib/test/auto/LevelCrossTest3.xml (RunModel)" time="0.01" />
  <testcase classname="ptolemy.util.test.junit.AutoTests" name="[199] /home/travis/build/icyphy/ptII/ptolemy/actor/lib/test/auto/LevelCrossTest4.xml (RunModel)" time="0.01" />
  <testcase classname="ptolemy.util.test.junit.AutoTests" name="[200] /home/travis/build/icyphy/ptII/ptolemy/actor/lib/test/auto/LevelCrossTest5.xml (RunModel)" time="0.012" />
  <testcase classname="ptolemy.util.test.junit.AutoTests" name="[201] /home/travis/build/icyphy/ptII/ptolemy/actor/lib/test/auto/LevelCrossTest6.xml (RunModel)" time="0.012" />
  <testcase classname="ptolemy.util.test.junit.AutoTests" name="[202] /home/travis/build/icyphy/ptII/ptolemy/actor/lib/test/auto/LevelCrossTest7.xml (RunModel)" time="0.014" />
  <testcase classname="ptolemy.util.test.junit.AutoTests" name="[203] /home/travis/build/icyphy/ptII/ptolemy/actor/lib/test/auto/LevelCrossTest8.xml (RunModel)" time="0.014" />
  <testcase classname="ptolemy.util.test.junit.AutoTests" name="[204] /home/travis/build/icyphy/ptII/ptolemy/actor/lib/test/auto/LevelCrossTest9.xml (RunModel)" time="0.012" />
  <testcase classname="ptolemy.util.test.junit.AutoTests" name="[205] /home/travis/build/icyphy/ptII/ptolemy/actor/lib/test/auto/LevinsonDurbin.xml (RunModel)" time="0.009" />
  <testcase classname="ptolemy.util.test.junit.AutoTests" name="[206] /home/travis/build/icyphy/ptII/ptolemy/actor/lib/test/auto/LevinsonDurbin2.xml (RunModel)" time="0.006" />
  <testcase classname="ptolemy.util.test.junit.AutoTests" name="[207] /home/travis/build/icyphy/ptII/ptolemy/actor/lib/test/auto/LevinsonDurbin3.xml (RunModel)" time="0.008" />
  <testcase classname="ptolemy.util.test.junit.AutoTests" name="[208] /home/travis/build/icyphy/ptII/ptolemy/actor/lib/test/auto/Limiter.xml (RunModel)" time="0.022" />
  <testcase classname="ptolemy.util.test.junit.AutoTests" name="[209] /home/travis/build/icyphy/ptII/ptolemy/actor/lib/test/auto/LinearDifferenceEquationSystem.xml (RunModel)" time="0.019" />
  <testcase classname="ptolemy.util.test.junit.AutoTests" name="[210] /home/travis/build/icyphy/ptII/ptolemy/actor/lib/test/auto/LookupTable.xml (RunModel)" time="0.009" />
  <testcase classname="ptolemy.util.test.junit.AutoTests" name="[211] /home/travis/build/icyphy/ptII/ptolemy/actor/lib/test/auto/MathFunction.xml (RunModel)" time="0.017" />
  <testcase classname="ptolemy.util.test.junit.AutoTests" name="[212] /home/travis/build/icyphy/ptII/ptolemy/actor/lib/test/auto/MathFunction2.xml (RunModel)" time="0.008" />
  <testcase classname="ptolemy.util.test.junit.AutoTests" name="[213] /home/travis/build/icyphy/ptII/ptolemy/actor/lib/test/auto/MathFunction3.xml (RunModel)" time="0.017" />
  <testcase classname="ptolemy.util.test.junit.AutoTests" name="[214] /home/travis/build/icyphy/ptII/ptolemy/actor/lib/test/auto/MatrixCropBoolean.xml (RunModel)" time="0.009" />
  <testcase classname="ptolemy.util.test.junit.AutoTests" name="[215] /home/travis/build/icyphy/ptII/ptolemy/actor/lib/test/auto/MatrixCropComplex.xml (RunModel)" time="0.008" />
  <testcase classname="ptolemy.util.test.junit.AutoTests" name="[216] /home/travis/build/icyphy/ptII/ptolemy/actor/lib/test/auto/MatrixCropDouble.xml (RunModel)" time="0.008" />
  <testcase classname="ptolemy.util.test.junit.AutoTests" name="[217] /home/travis/build/icyphy/ptII/ptolemy/actor/lib/test/auto/MatrixCropFix.xml (RunModel)" time="0.01" />
  <testcase classname="ptolemy.util.test.junit.AutoTests" name="[218] /home/travis/build/icyphy/ptII/ptolemy/actor/lib/test/auto/MatrixCropInt.xml (RunModel)" time="0.009" />
  <testcase classname="ptolemy.util.test.junit.AutoTests" name="[219] /home/travis/build/icyphy/ptII/ptolemy/actor/lib/test/auto/MatrixCropLong.xml (RunModel)" time="0.009" />
  <testcase classname="ptolemy.util.test.junit.AutoTests" name="[220] /home/travis/build/icyphy/ptII/ptolemy/actor/lib/test/auto/MatrixToArray.xml (RunModel)" time="0.043" />
  <testcase classname="ptolemy.util.test.junit.AutoTests" name="[221] /home/travis/build/icyphy/ptII/ptolemy/actor/lib/test/auto/MaxIndex.xml (RunModel)" time="0.012" />
  <testcase classname="ptolemy.util.test.junit.AutoTests" name="[222] /home/travis/build/icyphy/ptII/ptolemy/actor/lib/test/auto/Maximum.xml (RunModel)" time="0.013" />
  <testcase classname="ptolemy.util.test.junit.AutoTests" name="[223] /home/travis/build/icyphy/ptII/ptolemy/actor/lib/test/auto/MaximumComplex.xml (RunModel)" time="0.012" />
  <testcase classname="ptolemy.util.test.junit.AutoTests" name="[224] /home/travis/build/icyphy/ptII/ptolemy/actor/lib/test/auto/MethodCallTest.xml (RunModel)" time="0.017" />
  <testcase classname="ptolemy.util.test.junit.AutoTests" name="[225] /home/travis/build/icyphy/ptII/ptolemy/actor/lib/test/auto/Minimum.xml (RunModel)" time="0.011" />
  <testcase classname="ptolemy.util.test.junit.AutoTests" name="[226] /home/travis/build/icyphy/ptII/ptolemy/actor/lib/test/auto/MinimumComplex.xml (RunModel)" time="0.013" />
  <testcase classname="ptolemy.util.test.junit.AutoTests" name="[227] /home/travis/build/icyphy/ptII/ptolemy/actor/lib/test/auto/MinimumMultiports.xml (RunModel)" time="0.019" />
  <testcase classname="ptolemy.util.test.junit.AutoTests" name="[228] /home/travis/build/icyphy/ptII/ptolemy/actor/lib/test/auto/ModifyDate.xml (RunModel)" time="0.035" />
  <testcase classname="ptolemy.util.test.junit.AutoTests" name="[229] /home/travis/build/icyphy/ptII/ptolemy/actor/lib/test/auto/ModifyDate2.xml (RunModel)" time="0.027" />
  <testcase classname="ptolemy.util.test.junit.AutoTests" name="[230] /home/travis/build/icyphy/ptII/ptolemy/actor/lib/test/auto/MovingAverage.xml (RunModel)" time="0.022" />
  <testcase classname="ptolemy.util.test.junit.AutoTests" name="[231] /home/travis/build/icyphy/ptII/ptolemy/actor/lib/test/auto/MovingMaximum.xml (RunModel)" time="0.009" />
  <testcase classname="ptolemy.util.test.junit.AutoTests" name="[232] /home/travis/build/icyphy/ptII/ptolemy/actor/lib/test/auto/MultipleLinksToSameRelation.xml (RunModel)" time="0.012" />
  <testcase classname="ptolemy.util.test.junit.AutoTests" name="[233] /home/travis/build/icyphy/ptII/ptolemy/actor/lib/test/auto/MultipleLinksToSameRelationDE.xml (RunModel)" time="0.007" />
  <testcase classname="ptolemy.util.test.junit.AutoTests" name="[234] /home/travis/build/icyphy/ptII/ptolemy/actor/lib/test/auto/Multiplexor.xml (RunModel)" time="0.013" />
  <testcase classname="ptolemy.util.test.junit.AutoTests" name="[235] /home/travis/build/icyphy/ptII/ptolemy/actor/lib/test/auto/Multiplexor1.xml (RunModel)" time="0.009" />
  <testcase classname="ptolemy.util.test.junit.AutoTests" name="[236] /home/travis/build/icyphy/ptII/ptolemy/actor/lib/test/auto/Multiplexor2.xml (RunModel)" time="0.015" />
  <testcase classname="ptolemy.util.test.junit.AutoTests" name="[237] /home/travis/build/icyphy/ptII/ptolemy/actor/lib/test/auto/Multiplexor3.xml (RunModel)" time="0.009" />
  <testcase classname="ptolemy.util.test.junit.AutoTests" name="[238] /home/travis/build/icyphy/ptII/ptolemy/actor/lib/test/auto/MultiplexorDE.xml (RunModel)" time="0.017" />
  <testcase classname="ptolemy.util.test.junit.AutoTests" name="[239] /home/travis/build/icyphy/ptII/ptolemy/actor/lib/test/auto/MultiportBroadcastTest.xml (RunModel)" time="0.089" />
  <testcase classname="ptolemy.util.test.junit.AutoTests" name="[240] /home/travis/build/icyphy/ptII/ptolemy/actor/lib/test/auto/MultiportOutHangDuringGetWidth.xml (RunModel)" time="0.032" />
  <testcase classname="ptolemy.util.test.junit.AutoTests" name="[241] /home/travis/build/icyphy/ptII/ptolemy/actor/lib/test/auto/NilToken.xml (RunModel)" time="0.012" />
  <testcase classname="ptolemy.util.test.junit.AutoTests" name="[242] /home/travis/build/icyphy/ptII/ptolemy/actor/lib/test/auto/NilTokenNonStrictTest.xml (RunModel)" time="0.01" />
  <testcase classname="ptolemy.util.test.junit.AutoTests" name="[243] /home/travis/build/icyphy/ptII/ptolemy/actor/lib/test/auto/NilTokenRecord.xml (RunModel)" time="0.018" />
  <testcase classname="ptolemy.util.test.junit.AutoTests" name="[244] /home/travis/build/icyphy/ptII/ptolemy/actor/lib/test/auto/NilTokenTypeTest.xml (RunModel)" time="0.027" />
  <testcase classname="ptolemy.util.test.junit.AutoTests" name="[245] /home/travis/build/icyphy/ptII/ptolemy/actor/lib/test/auto/ObjectToken1.xml (RunModel)" time="0.006" />
  <testcase classname="ptolemy.util.test.junit.AutoTests" name="[246] /home/travis/build/icyphy/ptII/ptolemy/actor/lib/test/auto/OrderedMerge.xml (RunModel)" time="0.013" />
  <testcase classname="ptolemy.util.test.junit.AutoTests" name="[247] /home/travis/build/icyphy/ptII/ptolemy/actor/lib/test/auto/OrderedRecordDisassembler.xml (RunModel)" time="0.014" />
  <testcase classname="ptolemy.util.test.junit.AutoTests" name="[248] /home/travis/build/icyphy/ptII/ptolemy/actor/lib/test/auto/OrderedRecordDisassembler2.xml (RunModel)" time="0.016" />
  <testcase classname="ptolemy.util.test.junit.AutoTests" name="[249] /home/travis/build/icyphy/ptII/ptolemy/actor/lib/test/auto/OrderedRecordUpdater.xml (RunModel)" time="0.009" />
  <testcase classname="ptolemy.util.test.junit.AutoTests" name="[250] /home/travis/build/icyphy/ptII/ptolemy/actor/lib/test/auto/OrderedRecordUpdater2.xml (RunModel)" time="0.022" />
  <testcase classname="ptolemy.util.test.junit.AutoTests" name="[251] /home/travis/build/icyphy/ptII/ptolemy/actor/lib/test/auto/PhaseUnwrap.xml (RunModel)" time="0.01" />
  <testcase classname="ptolemy.util.test.junit.AutoTests" name="[252] /home/travis/build/icyphy/ptII/ptolemy/actor/lib/test/auto/PoissonClock.xml (RunModel)" time="0.009" />
  <testcase classname="ptolemy.util.test.junit.AutoTests" name="[253] /home/travis/build/icyphy/ptII/ptolemy/actor/lib/test/auto/PoissonClock2.xml (RunModel)" time="0.006" />
  <testcase classname="ptolemy.util.test.junit.AutoTests" name="[254] /home/travis/build/icyphy/ptII/ptolemy/actor/lib/test/auto/PoissonClock3.xml (RunModel)" time="0.015" />
  <testcase classname="ptolemy.util.test.junit.AutoTests" name="[255] /home/travis/build/icyphy/ptII/ptolemy/actor/lib/test/auto/PubSubWithInitialTokens.xml (RunModel)" time="0.014" />
  <testcase classname="ptolemy.util.test.junit.AutoTests" name="[256] /home/travis/build/icyphy/ptII/ptolemy/actor/lib/test/auto/PubSubWithInitialTokens2.xml (RunModel)" time="0.015" />
  <testcase classname="ptolemy.util.test.junit.AutoTests" name="[257] /home/travis/build/icyphy/ptII/ptolemy/actor/lib/test/auto/PublisherClassNoParameter.xml (RunModel)" time="0.021" />
  <testcase classname="ptolemy.util.test.junit.AutoTests" name="[258] /home/travis/build/icyphy/ptII/ptolemy/actor/lib/test/auto/PublisherClassParameter.xml (RunModel)" time="0.019" />
  <testcase classname="ptolemy.util.test.junit.AutoTests" name="[259] /home/travis/build/icyphy/ptII/ptolemy/actor/lib/test/auto/PublisherNonStrictTest.xml (RunModel)" time="0.014" />
  <testcase classname="ptolemy.util.test.junit.AutoTests" name="[260] /home/travis/build/icyphy/ptII/ptolemy/actor/lib/test/auto/PublisherPort1.xml (RunModel)" time="0.01" />
  <testcase classname="ptolemy.util.test.junit.AutoTests" name="[261] /home/travis/build/icyphy/ptII/ptolemy/actor/lib/test/auto/PublisherPort2.xml (RunModel)" time="0.009" />
  <testcase classname="ptolemy.util.test.junit.AutoTests" name="[262] /home/travis/build/icyphy/ptII/ptolemy/actor/lib/test/auto/PublisherPort3.xml (RunModel)" time="0.016" />
  <testcase classname="ptolemy.util.test.junit.AutoTests" name="[263] /home/travis/build/icyphy/ptII/ptolemy/actor/lib/test/auto/PublisherPort4.xml (RunModel)" time="0.012" />
  <testcase classname="ptolemy.util.test.junit.AutoTests" name="[264] /home/travis/build/icyphy/ptII/ptolemy/actor/lib/test/auto/PublisherPort5.xml (RunModel)" time="0.013" />
  <testcase classname="ptolemy.util.test.junit.AutoTests" name="[265] /home/travis/build/icyphy/ptII/ptolemy/actor/lib/test/auto/PublisherPort5LookAlike.xml (RunModel)" time="0.016" />
  <testcase classname="ptolemy.util.test.junit.AutoTests" name="[266] /home/travis/build/icyphy/ptII/ptolemy/actor/lib/test/auto/PublisherPort6.xml (RunModel)" time="0.011" />
  <testcase classname="ptolemy.util.test.junit.AutoTests" name="[267] /home/travis/build/icyphy/ptII/ptolemy/actor/lib/test/auto/PublisherPort7.xml (RunModel)" time="0.013" />
  <testcase classname="ptolemy.util.test.junit.AutoTests" name="[268] /home/travis/build/icyphy/ptII/ptolemy/actor/lib/test/auto/PublisherPort8.xml (RunModel)" time="0.015" />
  <testcase classname="ptolemy.util.test.junit.AutoTests" name="[269] /home/travis/build/icyphy/ptII/ptolemy/actor/lib/test/auto/PublisherPortSubscriberChannelVariablesAOC2.xml (RunModel)" time="0.028" />
  <testcase classname="ptolemy.util.test.junit.AutoTests" name="[270] /home/travis/build/icyphy/ptII/ptolemy/actor/lib/test/auto/PublisherPortSubscriberOpaqueWidthInference.xml (RunModel)" time="0.014" />
  <testcase classname="ptolemy.util.test.junit.AutoTests" name="[271] /home/travis/build/icyphy/ptII/ptolemy/actor/lib/test/auto/PublisherPortSubscriberPortAdjacent.xml (RunModel)" time="0.019" />
  <testcase classname="ptolemy.util.test.junit.AutoTests" name="[272] /home/travis/build/icyphy/ptII/ptolemy/actor/lib/test/auto/PublisherPortSubscriberPortExpression.xml (RunModel)" time="0.021" />
  <testcase classname="ptolemy.util.test.junit.AutoTests" name="[273] /home/travis/build/icyphy/ptII/ptolemy/actor/lib/test/auto/PublisherPortSubscriberPortOpaqueD3Reverse.xml (RunModel)" time="0.021" />
  <testcase classname="ptolemy.util.test.junit.AutoTests" name="[274] /home/travis/build/icyphy/ptII/ptolemy/actor/lib/test/auto/PublisherPortSubscriberPortOpaqueWidthInference.xml (RunModel)" time="0.015" />
  <testcase classname="ptolemy.util.test.junit.AutoTests" name="[275] /home/travis/build/icyphy/ptII/ptolemy/actor/lib/test/auto/PublisherPortToplevelSubscriberPortAOC.xml (RunModel)" time="0.01" />
  <testcase classname="ptolemy.util.test.junit.AutoTests" name="[276] /home/travis/build/icyphy/ptII/ptolemy/actor/lib/test/auto/PublisherSubscriber.xml (RunModel)" time="0.018" />
  <testcase classname="ptolemy.util.test.junit.AutoTests" name="[277] /home/travis/build/icyphy/ptII/ptolemy/actor/lib/test/auto/PublisherSubscriber10.xml (RunModel)" time="0.023" />
  <testcase classname="ptolemy.util.test.junit.AutoTests" name="[278] /home/travis/build/icyphy/ptII/ptolemy/actor/lib/test/auto/PublisherSubscriber10InitialOutputs.xml (RunModel)" time="0.02" />
  <testcase classname="ptolemy.util.test.junit.AutoTests" name="[279] /home/travis/build/icyphy/ptII/ptolemy/actor/lib/test/auto/PublisherSubscriber11.xml (RunModel)" time="0.025" />
  <testcase classname="ptolemy.util.test.junit.AutoTests" name="[280] /home/travis/build/icyphy/ptII/ptolemy/actor/lib/test/auto/PublisherSubscriber12.xml (RunModel)" time="0.014" />
  <testcase classname="ptolemy.util.test.junit.AutoTests" name="[281] /home/travis/build/icyphy/ptII/ptolemy/actor/lib/test/auto/PublisherSubscriber13.xml (RunModel)" time="0.013" />
  <testcase classname="ptolemy.util.test.junit.AutoTests" name="[282] /home/travis/build/icyphy/ptII/ptolemy/actor/lib/test/auto/PublisherSubscriber14.xml (RunModel)" time="0.03" />
  <testcase classname="ptolemy.util.test.junit.AutoTests" name="[283] /home/travis/build/icyphy/ptII/ptolemy/actor/lib/test/auto/PublisherSubscriber2.xml (RunModel)" time="0.011" />
  <testcase classname="ptolemy.util.test.junit.AutoTests" name="[284] /home/travis/build/icyphy/ptII/ptolemy/actor/lib/test/auto/PublisherSubscriber3.xml (RunModel)" time="0.011" />
  <testcase classname="ptolemy.util.test.junit.AutoTests" name="[285] /home/travis/build/icyphy/ptII/ptolemy/actor/lib/test/auto/PublisherSubscriber4.xml (RunModel)" time="0.008" />
  <testcase classname="ptolemy.util.test.junit.AutoTests" name="[286] /home/travis/build/icyphy/ptII/ptolemy/actor/lib/test/auto/PublisherSubscriber5.xml (RunModel)" time="0.012" />
  <testcase classname="ptolemy.util.test.junit.AutoTests" name="[287] /home/travis/build/icyphy/ptII/ptolemy/actor/lib/test/auto/PublisherSubscriber6.xml (RunModel)" time="0.016" />
  <testcase classname="ptolemy.util.test.junit.AutoTests" name="[288] /home/travis/build/icyphy/ptII/ptolemy/actor/lib/test/auto/PublisherSubscriber7.xml (RunModel)" time="0.023" />
  <testcase classname="ptolemy.util.test.junit.AutoTests" name="[289] /home/travis/build/icyphy/ptII/ptolemy/actor/lib/test/auto/PublisherSubscriber8.xml (RunModel)" time="0.046" />
  <testcase classname="ptolemy.util.test.junit.AutoTests" name="[290] /home/travis/build/icyphy/ptII/ptolemy/actor/lib/test/auto/PublisherSubscriber9.xml (RunModel)" time="0.02" />
  <testcase classname="ptolemy.util.test.junit.AutoTests" name="[291] /home/travis/build/icyphy/ptII/ptolemy/actor/lib/test/auto/PublisherSubscriberAdjacent.xml (RunModel)" time="0.015" />
  <testcase classname="ptolemy.util.test.junit.AutoTests" name="[292] /home/travis/build/icyphy/ptII/ptolemy/actor/lib/test/auto/PublisherSubscriberChannelVariablesAOC2.xml (RunModel)" time="0.021" />
  <testcase classname="ptolemy.util.test.junit.AutoTests" name="[293] /home/travis/build/icyphy/ptII/ptolemy/actor/lib/test/auto/PublisherSubscriberD3.xml (RunModel)" time="0.011" />
  <testcase classname="ptolemy.util.test.junit.AutoTests" name="[294] /home/travis/build/icyphy/ptII/ptolemy/actor/lib/test/auto/PublisherSubscriberD3Reverse.xml (RunModel)" time="0.014" />
  <testcase classname="ptolemy.util.test.junit.AutoTests" name="[295] /home/travis/build/icyphy/ptII/ptolemy/actor/lib/test/auto/PublisherSubscriberExpression.xml (RunModel)" time="0.014" />
  <testcase classname="ptolemy.util.test.junit.AutoTests" name="[296] /home/travis/build/icyphy/ptII/ptolemy/actor/lib/test/auto/PublisherSubscriberOpaque.xml (RunModel)" time="0.012" />
  <testcase classname="ptolemy.util.test.junit.AutoTests" name="[297] /home/travis/build/icyphy/ptII/ptolemy/actor/lib/test/auto/PublisherSubscriberOpaqueD3.xml (RunModel)" time="0.021" />
  <testcase classname="ptolemy.util.test.junit.AutoTests" name="[298] /home/travis/build/icyphy/ptII/ptolemy/actor/lib/test/auto/PublisherSubscriberOpaqueD3Reverse.xml (RunModel)" time="0.025" />
  <testcase classname="ptolemy.util.test.junit.AutoTests" name="[299] /home/travis/build/icyphy/ptII/ptolemy/actor/lib/test/auto/PublisherSubscriberOpaqueWidthInference.xml (RunModel)" time="0.017" />
  <testcase classname="ptolemy.util.test.junit.AutoTests" name="[300] /home/travis/build/icyphy/ptII/ptolemy/actor/lib/test/auto/PublisherTestSubscriber.xml (RunModel)" time="0.017" />
  <testcase classname="ptolemy.util.test.junit.AutoTests" name="[301] /home/travis/build/icyphy/ptII/ptolemy/actor/lib/test/auto/PublisherToplevelSubscriberPortAOC.xml (RunModel)" time="0.012" />
  <testcase classname="ptolemy.util.test.junit.AutoTests" name="[302] /home/travis/build/icyphy/ptII/ptolemy/actor/lib/test/auto/PulseFiringLimitDE.xml (RunModel)" time="0.01" />
  <testcase classname="ptolemy.util.test.junit.AutoTests" name="[303] /home/travis/build/icyphy/ptII/ptolemy/actor/lib/test/auto/Ramp1.xml (RunModel)" time="0.004" />
  <testcase classname="ptolemy.util.test.junit.AutoTests" name="[304] /home/travis/build/icyphy/ptII/ptolemy/actor/lib/test/auto/RampFiringLimitDE.xml (RunModel)" time="0.007" />
  <testcase classname="ptolemy.util.test.junit.AutoTests" name="[305] /home/travis/build/icyphy/ptII/ptolemy/actor/lib/test/auto/RampFiringLimitSDF.xml (RunModel)" time="0.008" />
  <testcase classname="ptolemy.util.test.junit.AutoTests" name="[306] /home/travis/build/icyphy/ptII/ptolemy/actor/lib/test/auto/RandomInteger.xml (RunModel)" time="0.006" />
  <testcase classname="ptolemy.util.test.junit.AutoTests" name="[307] /home/travis/build/icyphy/ptII/ptolemy/actor/lib/test/auto/ReadFile1.xml (RunModel)" time="0.006" />
  <testcase classname="ptolemy.util.test.junit.AutoTests" name="[308] /home/travis/build/icyphy/ptII/ptolemy/actor/lib/test/auto/ReadFile2.xml (RunModel)" time="0.006" />
  <testcase classname="ptolemy.util.test.junit.AutoTests" name="[309] /home/travis/build/icyphy/ptII/ptolemy/actor/lib/test/auto/Reader.xml (RunModel)" time="0.012" />
  <testcase classname="ptolemy.util.test.junit.AutoTests" name="[310] /home/travis/build/icyphy/ptII/ptolemy/actor/lib/test/auto/RecordAssemblerDisplayNameTest.xml (RunModel)" time="2.879" />
  <testcase classname="ptolemy.util.test.junit.AutoTests" name="[311] /home/travis/build/icyphy/ptII/ptolemy/actor/lib/test/auto/RecordAssemblerTypeError.xml (RunModel)" time="0.033" />
  <testcase classname="ptolemy.util.test.junit.AutoTests" name="[312] /home/travis/build/icyphy/ptII/ptolemy/actor/lib/test/auto/RecordDisassember.xml (RunModel)" time="0.009" />
  <testcase classname="ptolemy.util.test.junit.AutoTests" name="[313] /home/travis/build/icyphy/ptII/ptolemy/actor/lib/test/auto/RecordDisassemberDisplayNameTest.xml (RunModel)" time="0.018" />
  <testcase classname="ptolemy.util.test.junit.AutoTests" name="[314] /home/travis/build/icyphy/ptII/ptolemy/actor/lib/test/auto/RecordDisassembler.xml (RunModel)" time="0.01" />
  <testcase classname="ptolemy.util.test.junit.AutoTests" name="[315] /home/travis/build/icyphy/ptII/ptolemy/actor/lib/test/auto/RecordDisassembler2.xml (RunModel)" time="0.009" />
  <testcase classname="ptolemy.util.test.junit.AutoTests" name="[316] /home/travis/build/icyphy/ptII/ptolemy/actor/lib/test/auto/RecordUpdater.xml (RunModel)" time="0.008" />
  <testcase classname="ptolemy.util.test.junit.AutoTests" name="[317] /home/travis/build/icyphy/ptII/ptolemy/actor/lib/test/auto/RecordUpdater2.xml (RunModel)" time="0.012" />
  <testcase classname="ptolemy.util.test.junit.AutoTests" name="[318] /home/travis/build/icyphy/ptII/ptolemy/actor/lib/test/auto/RecursiveLattice.xml (RunModel)" time="0.007" />
  <testcase classname="ptolemy.util.test.junit.AutoTests" name="[319] /home/travis/build/icyphy/ptII/ptolemy/actor/lib/test/auto/Router.xml (RunModel)" time="3.022" />
  <testcase classname="ptolemy.util.test.junit.AutoTests" name="[320] /home/travis/build/icyphy/ptII/ptolemy/actor/lib/test/auto/Router2.xml (RunModel)" time="3.02" />
  <testcase classname="ptolemy.util.test.junit.AutoTests" name="[321] /home/travis/build/icyphy/ptII/ptolemy/actor/lib/test/auto/RunningMaximum.xml (RunModel)" time="0.016" />
  <testcase classname="ptolemy.util.test.junit.AutoTests" name="[322] /home/travis/build/icyphy/ptII/ptolemy/actor/lib/test/auto/RunningMinimum.xml (RunModel)" time="0.015" />
  <testcase classname="ptolemy.util.test.junit.AutoTests" name="[323] /home/travis/build/icyphy/ptII/ptolemy/actor/lib/test/auto/Scale.xml (RunModel)" time="0.008" />
  <testcase classname="ptolemy.util.test.junit.AutoTests" name="[324] /home/travis/build/icyphy/ptII/ptolemy/actor/lib/test/auto/Scale2.xml (RunModel)" time="0.009" />
  <testcase classname="ptolemy.util.test.junit.AutoTests" name="[325] /home/travis/build/icyphy/ptII/ptolemy/actor/lib/test/auto/Scale3.xml (RunModel)" time="0.018" />
  <testcase classname="ptolemy.util.test.junit.AutoTests" name="[326] /home/travis/build/icyphy/ptII/ptolemy/actor/lib/test/auto/ScaleArray.xml (RunModel)" time="0.007" />
  <testcase classname="ptolemy.util.test.junit.AutoTests" name="[327] /home/travis/build/icyphy/ptII/ptolemy/actor/lib/test/auto/ScaleArray2.xml (RunModel)" time="0.007" />
  <testcase classname="ptolemy.util.test.junit.AutoTests" name="[328] /home/travis/build/icyphy/ptII/ptolemy/actor/lib/test/auto/ScaleMatrix.xml (RunModel)" time="0.107" />
  <testcase classname="ptolemy.util.test.junit.AutoTests" name="[329] /home/travis/build/icyphy/ptII/ptolemy/actor/lib/test/auto/Select.xml (RunModel)" time="0.012" />
  <testcase classname="ptolemy.util.test.junit.AutoTests" name="[330] /home/travis/build/icyphy/ptII/ptolemy/actor/lib/test/auto/Select2.xml (RunModel)" time="0.007" />
  <testcase classname="ptolemy.util.test.junit.AutoTests" name="[331] /home/travis/build/icyphy/ptII/ptolemy/actor/lib/test/auto/SequenceToArray2.xml (RunModel)" time="0.119" />
  <testcase classname="ptolemy.util.test.junit.AutoTests" name="[332] /home/travis/build/icyphy/ptII/ptolemy/actor/lib/test/auto/SequentialClock.xml (RunModel)" time="0.007" />
  <testcase classname="ptolemy.util.test.junit.AutoTests" name="[333] /home/travis/build/icyphy/ptII/ptolemy/actor/lib/test/auto/SetVariable.xml (RunModel)" time="0.011" />
  <testcase classname="ptolemy.util.test.junit.AutoTests" name="[334] /home/travis/build/icyphy/ptII/ptolemy/actor/lib/test/auto/SetVariable2.xml (RunModel)" time="0.013" />
  <testcase classname="ptolemy.util.test.junit.AutoTests" name="[335] /home/travis/build/icyphy/ptII/ptolemy/actor/lib/test/auto/SetVariable3.xml (RunModel)" time="0.014" />
  <testcase classname="ptolemy.util.test.junit.AutoTests" name="[336] /home/travis/build/icyphy/ptII/ptolemy/actor/lib/test/auto/SetVariable4.xml (RunModel)" time="0.033" />
  <testcase classname="ptolemy.util.test.junit.AutoTests" name="[337] /home/travis/build/icyphy/ptII/ptolemy/actor/lib/test/auto/SetVariable5.xml (RunModel)" time="0.032" />
  <testcase classname="ptolemy.util.test.junit.AutoTests" name="[338] /home/travis/build/icyphy/ptII/ptolemy/actor/lib/test/auto/Sinewave.xml (RunModel)" time="0.03" />
  <testcase classname="ptolemy.util.test.junit.AutoTests" name="[339] /home/travis/build/icyphy/ptII/ptolemy/actor/lib/test/auto/Sinewave2.xml (RunModel)" time="0.014" />
  <testcase classname="ptolemy.util.test.junit.AutoTests" name="[340] /home/travis/build/icyphy/ptII/ptolemy/actor/lib/test/auto/Sinewave3.xml (RunModel)" time="0.02" />
  <testcase classname="ptolemy.util.test.junit.AutoTests" name="[341] /home/travis/build/icyphy/ptII/ptolemy/actor/lib/test/auto/SingleEvent.xml (RunModel)" time="0.007" />
  <testcase classname="ptolemy.util.test.junit.AutoTests" name="[342] /home/travis/build/icyphy/ptII/ptolemy/actor/lib/test/auto/Sleep.xml (RunModel)" time="6.013" />
  <testcase classname="ptolemy.util.test.junit.AutoTests" name="[343] /home/travis/build/icyphy/ptII/ptolemy/actor/lib/test/auto/SleepMultipleFire.xml (RunModel)" time="1.016" />
  <testcase classname="ptolemy.util.test.junit.AutoTests" name="[344] /home/travis/build/icyphy/ptII/ptolemy/actor/lib/test/auto/StopDE.xml (RunModel)" time="0.02" />
  <testcase classname="ptolemy.util.test.junit.AutoTests" name="[345] /home/travis/build/icyphy/ptII/ptolemy/actor/lib/test/auto/StopSDF.xml (RunModel)" time="0.011" />
  <testcase classname="ptolemy.util.test.junit.AutoTests" name="[346] /home/travis/build/icyphy/ptII/ptolemy/actor/lib/test/auto/StringConstant.xml (RunModel)" time="0.008" />
  <testcase classname="ptolemy.util.test.junit.AutoTests" name="[347] /home/travis/build/icyphy/ptII/ptolemy/actor/lib/test/auto/SubscriberPortInitialValues1.xml (RunModel)" time="0.015" />
  <testcase classname="ptolemy.util.test.junit.AutoTests" name="[348] /home/travis/build/icyphy/ptII/ptolemy/actor/lib/test/auto/SubscriberPortInitialValues13.xml (RunModel)" time="0.02" />
  <testcase classname="ptolemy.util.test.junit.AutoTests" name="[349] /home/travis/build/icyphy/ptII/ptolemy/actor/lib/test/auto/SubscriberPortInitialValues14.xml (RunModel)" time="0.015" />
  <testcase classname="ptolemy.util.test.junit.AutoTests" name="[350] /home/travis/build/icyphy/ptII/ptolemy/actor/lib/test/auto/SubscriberPortInitialValues2.xml (RunModel)" time="0.014" />
  <testcase classname="ptolemy.util.test.junit.AutoTests" name="[351] /home/travis/build/icyphy/ptII/ptolemy/actor/lib/test/auto/SubscriberPortInitialValues3.xml (RunModel)" time="0.017" />
  <testcase classname="ptolemy.util.test.junit.AutoTests" name="[352] /home/travis/build/icyphy/ptII/ptolemy/actor/lib/test/auto/SubscriptionAggregator.xml (RunModel)" time="0.01" />
  <testcase classname="ptolemy.util.test.junit.AutoTests" name="[353] /home/travis/build/icyphy/ptII/ptolemy/actor/lib/test/auto/SubscriptionAggregator2.xml (RunModel)" time="0.01" />
  <testcase classname="ptolemy.util.test.junit.AutoTests" name="[354] /home/travis/build/icyphy/ptII/ptolemy/actor/lib/test/auto/SubscriptionAggregator3.xml (RunModel)" time="0.015" />
  <testcase classname="ptolemy.util.test.junit.AutoTests" name="[355] /home/travis/build/icyphy/ptII/ptolemy/actor/lib/test/auto/SubscriptionAggregatorMultiply.xml (RunModel)" time="0.013" />
  <testcase classname="ptolemy.util.test.junit.AutoTests" name="[356] /home/travis/build/icyphy/ptII/ptolemy/actor/lib/test/auto/SubscriptionAggregatorPortMultiply1.xml (RunModel)" time="0.013" />
  <testcase classname="ptolemy.util.test.junit.AutoTests" name="[357] /home/travis/build/icyphy/ptII/ptolemy/actor/lib/test/auto/Switch.xml (RunModel)" time="0.012" />
  <testcase classname="ptolemy.util.test.junit.AutoTests" name="[358] /home/travis/build/icyphy/ptII/ptolemy/actor/lib/test/auto/Switch2.xml (RunModel)" time="0.008" />
  <testcase classname="ptolemy.util.test.junit.AutoTests" name="[359] /home/travis/build/icyphy/ptII/ptolemy/actor/lib/test/auto/SwitchDE.xml (RunModel)" time="0.011" />
  <testcase classname="ptolemy.util.test.junit.AutoTests" name="[360] /home/travis/build/icyphy/ptII/ptolemy/actor/lib/test/auto/SynchronizerDE.xml (RunModel)" time="0.017" />
  <testcase classname="ptolemy.util.test.junit.AutoTests" name="[361] /home/travis/build/icyphy/ptII/ptolemy/actor/lib/test/auto/Test.xml (RunModel)" time="0.01" />
  <testcase classname="ptolemy.util.test.junit.AutoTests" name="[362] /home/travis/build/icyphy/ptII/ptolemy/actor/lib/test/auto/TestExceptionAttribute1.xml (RunModel)" time="0.011" />
  <testcase classname="ptolemy.util.test.junit.AutoTests" name="[363] /home/travis/build/icyphy/ptII/ptolemy/actor/lib/test/auto/TestExceptionAttribute2.xml (RunModel)" time="0.008" />
  <testcase classname="ptolemy.util.test.junit.AutoTests" name="[364] /home/travis/build/icyphy/ptII/ptolemy/actor/lib/test/auto/TestExceptionAttribute3.xml (RunModel)" time="0.005" />
  <testcase classname="ptolemy.util.test.junit.AutoTests" name="[365] /home/travis/build/icyphy/ptII/ptolemy/actor/lib/test/auto/TestExceptionAttribute4.xml (RunModel)" time="0.006" />
  <testcase classname="ptolemy.util.test.junit.AutoTests" name="[366] /home/travis/build/icyphy/ptII/ptolemy/actor/lib/test/auto/TestExceptionHandler1.xml (RunModel)" time="0.006" />
  <testcase classname="ptolemy.util.test.junit.AutoTests" name="[367] /home/travis/build/icyphy/ptII/ptolemy/actor/lib/test/auto/TestExceptionHandler2.xml (RunModel)" time="0.008" />
  <testcase classname="ptolemy.util.test.junit.AutoTests" name="[368] /home/travis/build/icyphy/ptII/ptolemy/actor/lib/test/auto/TestExceptionHandler3.xml (RunModel)" time="0.011" />
  <testcase classname="ptolemy.util.test.junit.AutoTests" name="[369] /home/travis/build/icyphy/ptII/ptolemy/actor/lib/test/auto/TestExceptionHandler4.xml (RunModel)" time="0.006" />
  <testcase classname="ptolemy.util.test.junit.AutoTests" name="[370] /home/travis/build/icyphy/ptII/ptolemy/actor/lib/test/auto/TestRequireCorrectOrder.xml (RunModel)" time="0.011" />
  <testcase classname="ptolemy.util.test.junit.AutoTests" name="[371] /home/travis/build/icyphy/ptII/ptolemy/actor/lib/test/auto/TestSimple.xml (RunModel)" time="0.006" />
  <testcase classname="ptolemy.util.test.junit.AutoTests" name="[372] /home/travis/build/icyphy/ptII/ptolemy/actor/lib/test/auto/ThrowModelError.xml (RunModel)" time="0.01" />
  <testcase classname="ptolemy.util.test.junit.AutoTests" name="[373] /home/travis/build/icyphy/ptII/ptolemy/actor/lib/test/auto/TimeDelayMicrosteps.xml (RunModel)" time="0.014" />
  <testcase classname="ptolemy.util.test.junit.AutoTests" name="[374] /home/travis/build/icyphy/ptII/ptolemy/actor/lib/test/auto/TimeDelayMicrosteps2.xml (RunModel)" time="0.014" />
  <testcase classname="ptolemy.util.test.junit.AutoTests" name="[375] /home/travis/build/icyphy/ptII/ptolemy/actor/lib/test/auto/TimeDelayMicrosteps3.xml (RunModel)" time="0.012" />
  <testcase classname="ptolemy.util.test.junit.AutoTests" name="[376] /home/travis/build/icyphy/ptII/ptolemy/actor/lib/test/auto/TimeDelayVariableMicrosteps.xml (RunModel)" time="0.012" />
  <testcase classname="ptolemy.util.test.junit.AutoTests" name="[377] /home/travis/build/icyphy/ptII/ptolemy/actor/lib/test/auto/TimeGap.xml (RunModel)" time="0.014" />
  <testcase classname="ptolemy.util.test.junit.AutoTests" name="[378] /home/travis/build/icyphy/ptII/ptolemy/actor/lib/test/auto/TimeGap2.xml (RunModel)" time="0.008" />
  <testcase classname="ptolemy.util.test.junit.AutoTests" name="[379] /home/travis/build/icyphy/ptII/ptolemy/actor/lib/test/auto/TimedSinewave.xml (RunModel)" time="0.056" />
  <testcase classname="ptolemy.util.test.junit.AutoTests" name="[380] /home/travis/build/icyphy/ptII/ptolemy/actor/lib/test/auto/TimedSinewavePhase.xml (RunModel)" time="0.035" />
  <testcase classname="ptolemy.util.test.junit.AutoTests" name="[381] /home/travis/build/icyphy/ptII/ptolemy/actor/lib/test/auto/Timer.xml (RunModel)" time="0.01" />
  <testcase classname="ptolemy.util.test.junit.AutoTests" name="[382] /home/travis/build/icyphy/ptII/ptolemy/actor/lib/test/auto/TriangularDistTestModel.xml (RunModel)" time="0.013" />
  <testcase classname="ptolemy.util.test.junit.AutoTests" name="[383] /home/travis/build/icyphy/ptII/ptolemy/actor/lib/test/auto/TrigFunction.xml (RunModel)" time="0.007" />
  <testcase classname="ptolemy.util.test.junit.AutoTests" name="[384] /home/travis/build/icyphy/ptII/ptolemy/actor/lib/test/auto/TrigFunctionDE.xml (RunModel)" time="0.01" />
  <testcase classname="ptolemy.util.test.junit.AutoTests" name="[385] /home/travis/build/icyphy/ptII/ptolemy/actor/lib/test/auto/TrigFunctionInverse.xml (RunModel)" time="0.008" />
  <testcase classname="ptolemy.util.test.junit.AutoTests" name="[386] /home/travis/build/icyphy/ptII/ptolemy/actor/lib/test/auto/TrigFunctionTan.xml (RunModel)" time="0.006" />
  <testcase classname="ptolemy.util.test.junit.AutoTests" name="[387] /home/travis/build/icyphy/ptII/ptolemy/actor/lib/test/auto/TriggeredClock.xml (RunModel)" time="0.006" />
  <testcase classname="ptolemy.util.test.junit.AutoTests" name="[388] /home/travis/build/icyphy/ptII/ptolemy/actor/lib/test/auto/URLDirectoryReader.xml (RunModel)" time="0.078" />
  <testcase classname="ptolemy.util.test.junit.AutoTests" name="[389] /home/travis/build/icyphy/ptII/ptolemy/actor/lib/test/auto/URLDirectoryReader3.xml (RunModel)" time="1.276" />
  <testcase classname="ptolemy.util.test.junit.AutoTests" name="[390] /home/travis/build/icyphy/ptII/ptolemy/actor/lib/test/auto/UnaryMathFunction.xml (RunModel)" time="0.019" />
  <testcase classname="ptolemy.util.test.junit.AutoTests" name="[391] /home/travis/build/icyphy/ptII/ptolemy/actor/lib/test/auto/Uniform.xml (RunModel)" time="0.011" />
  <testcase classname="ptolemy.util.test.junit.AutoTests" name="[392] /home/travis/build/icyphy/ptII/ptolemy/actor/lib/test/auto/UnionDisassemblerTest.xml (RunModel)" time="0.008" />
  <testcase classname="ptolemy.util.test.junit.AutoTests" name="[393] /home/travis/build/icyphy/ptII/ptolemy/actor/lib/test/auto/UtilityFunctions.xml (RunModel)" time="0.008" />
  <testcase classname="ptolemy.util.test.junit.AutoTests" name="[394] /home/travis/build/icyphy/ptII/ptolemy/actor/lib/test/auto/VariableSleep.xml (RunModel)" time="0.512" />
  <testcase classname="ptolemy.util.test.junit.AutoTests" name="[395] /home/travis/build/icyphy/ptII/ptolemy/actor/lib/test/auto/VectorAssemblerDisassemblerCT.xml (RunModel)" time="0.119" />
  <testcase classname="ptolemy.util.test.junit.AutoTests" name="[396] /home/travis/build/icyphy/ptII/ptolemy/actor/lib/test/auto/VectorAssemblerDisassemblerDE.xml (RunModel)" time="0.013" />
  <testcase classname="ptolemy.util.test.junit.AutoTests" name="[397] /home/travis/build/icyphy/ptII/ptolemy/actor/lib/test/auto/VectorAssemblerDisassemblerSDF.xml (RunModel)" time="0.012" />
  <testcase classname="ptolemy.util.test.junit.AutoTests" name="[398] /home/travis/build/icyphy/ptII/ptolemy/actor/lib/test/auto/WallClockTime.xml (RunModel)" time="1.014" />
  <testcase classname="ptolemy.util.test.junit.AutoTests" name="[399] /home/travis/build/icyphy/ptII/ptolemy/actor/lib/test/auto/WidthTestWithSubscriberPublisher.xml (RunModel)" time="0.061" />
  <testcase classname="ptolemy.util.test.junit.AutoTests" name="[400] /home/travis/build/icyphy/ptII/ptolemy/actor/lib/test/auto/WidthTestWithSubscriberPublisher2.xml (RunModel)" time="0.019" />
  <testcase classname="ptolemy.util.test.junit.AutoTests" name="[401] /home/travis/build/icyphy/ptII/ptolemy/actor/lib/test/auto/WidthTestWithSubscriberPublisher3.xml (RunModel)" time="0.033" />
  <testcase classname="ptolemy.util.test.junit.AutoTests" name="[402] /home/travis/build/icyphy/ptII/ptolemy/actor/lib/test/auto/Writer.xml (RunModel)" time="0.008" />
  <testcase classname="ptolemy.util.test.junit.AutoTests" name="[403] /home/travis/build/icyphy/ptII/ptolemy/actor/lib/test/auto/array.xml (RunModel)" time="0.011" />
  <testcase classname="ptolemy.util.test.junit.AutoTests" name="[404] /home/travis/build/icyphy/ptII/ptolemy/actor/lib/test/auto/array2.xml (RunModel)" time="0.008" />
  <testcase classname="ptolemy.util.test.junit.AutoTests" name="[405] /home/travis/build/icyphy/ptII/ptolemy/actor/lib/test/auto/arrayType.xml (RunModel)" time="0.012" />
  <testcase classname="ptolemy.util.test.junit.AutoTests" name="[406] /home/travis/build/icyphy/ptII/ptolemy/actor/lib/test/auto/arrayType10.xml (RunModel)" time="0.007" />
  <testcase classname="ptolemy.util.test.junit.AutoTests" name="[407] /home/travis/build/icyphy/ptII/ptolemy/actor/lib/test/auto/arrayType11.xml (RunModel)" time="0.007" />
  <testcase classname="ptolemy.util.test.junit.AutoTests" name="[408] /home/travis/build/icyphy/ptII/ptolemy/actor/lib/test/auto/arrayType12.xml (RunModel)" time="0.008" />
  <testcase classname="ptolemy.util.test.junit.AutoTests" name="[409] /home/travis/build/icyphy/ptII/ptolemy/actor/lib/test/auto/arrayType13.xml (RunModel)" time="0.007" />
  <testcase classname="ptolemy.util.test.junit.AutoTests" name="[410] /home/travis/build/icyphy/ptII/ptolemy/actor/lib/test/auto/arrayType14.xml (RunModel)" time="0.007" />
  <testcase classname="ptolemy.util.test.junit.AutoTests" name="[411] /home/travis/build/icyphy/ptII/ptolemy/actor/lib/test/auto/arrayType15.xml (RunModel)" time="0.009" />
  <testcase classname="ptolemy.util.test.junit.AutoTests" name="[412] /home/travis/build/icyphy/ptII/ptolemy/actor/lib/test/auto/arrayType16.xml (RunModel)" time="0.008" />
  <testcase classname="ptolemy.util.test.junit.AutoTests" name="[413] /home/travis/build/icyphy/ptII/ptolemy/actor/lib/test/auto/arrayType17.xml (RunModel)" time="0.009" />
  <testcase classname="ptolemy.util.test.junit.AutoTests" name="[414] /home/travis/build/icyphy/ptII/ptolemy/actor/lib/test/auto/arrayType18.xml (RunModel)" time="0.01" />
  <testcase classname="ptolemy.util.test.junit.AutoTests" name="[415] /home/travis/build/icyphy/ptII/ptolemy/actor/lib/test/auto/arrayType19.xml (RunModel)" time="0.007" />
  <testcase classname="ptolemy.util.test.junit.AutoTests" name="[416] /home/travis/build/icyphy/ptII/ptolemy/actor/lib/test/auto/arrayType2.xml (RunModel)" time="0.01" />
  <testcase classname="ptolemy.util.test.junit.AutoTests" name="[417] /home/travis/build/icyphy/ptII/ptolemy/actor/lib/test/auto/arrayType20.xml (RunModel)" time="0.008" />
  <testcase classname="ptolemy.util.test.junit.AutoTests" name="[418] /home/travis/build/icyphy/ptII/ptolemy/actor/lib/test/auto/arrayType21.xml (RunModel)" time="0.007" />
  <testcase classname="ptolemy.util.test.junit.AutoTests" name="[419] /home/travis/build/icyphy/ptII/ptolemy/actor/lib/test/auto/arrayType22.xml (RunModel)" time="0.01" />
  <testcase classname="ptolemy.util.test.junit.AutoTests" name="[420] /home/travis/build/icyphy/ptII/ptolemy/actor/lib/test/auto/arrayType23.xml (RunModel)" time="0.007" />
  <testcase classname="ptolemy.util.test.junit.AutoTests" name="[421] /home/travis/build/icyphy/ptII/ptolemy/actor/lib/test/auto/arrayType24.xml (RunModel)" time="0.008" />
  <testcase classname="ptolemy.util.test.junit.AutoTests" name="[422] /home/travis/build/icyphy/ptII/ptolemy/actor/lib/test/auto/arrayType25.xml (RunModel)" time="0.008" />
  <testcase classname="ptolemy.util.test.junit.AutoTests" name="[423] /home/travis/build/icyphy/ptII/ptolemy/actor/lib/test/auto/arrayType26.xml (RunModel)" time="0.007" />
  <testcase classname="ptolemy.util.test.junit.AutoTests" name="[424] /home/travis/build/icyphy/ptII/ptolemy/actor/lib/test/auto/arrayType27.xml (RunModel)" time="0.007" />
  <testcase classname="ptolemy.util.test.junit.AutoTests" name="[425] /home/travis/build/icyphy/ptII/ptolemy/actor/lib/test/auto/arrayType28.xml (RunModel)" time="0.008" />
  <testcase classname="ptolemy.util.test.junit.AutoTests" name="[426] /home/travis/build/icyphy/ptII/ptolemy/actor/lib/test/auto/arrayType3.xml (RunModel)" time="0.008" />
  <testcase classname="ptolemy.util.test.junit.AutoTests" name="[427] /home/travis/build/icyphy/ptII/ptolemy/actor/lib/test/auto/arrayType4.xml (RunModel)" time="0.007" />
  <testcase classname="ptolemy.util.test.junit.AutoTests" name="[428] /home/travis/build/icyphy/ptII/ptolemy/actor/lib/test/auto/arrayType5.xml (RunModel)" time="0.008" />
  <testcase classname="ptolemy.util.test.junit.AutoTests" name="[429] /home/travis/build/icyphy/ptII/ptolemy/actor/lib/test/auto/arrayType6.xml (RunModel)" time="0.007" />
  <testcase classname="ptolemy.util.test.junit.AutoTests" name="[430] /home/travis/build/icyphy/ptII/ptolemy/actor/lib/test/auto/arrayType7.xml (RunModel)" time="0.007" />
  <testcase classname="ptolemy.util.test.junit.AutoTests" name="[431] /home/travis/build/icyphy/ptII/ptolemy/actor/lib/test/auto/arrayType8.xml (RunModel)" time="0.008" />
  <testcase classname="ptolemy.util.test.junit.AutoTests" name="[432] /home/travis/build/icyphy/ptII/ptolemy/actor/lib/test/auto/arrayType9.xml (RunModel)" time="0.008" />
  <testcase classname="ptolemy.util.test.junit.AutoTests" name="[433] /home/travis/build/icyphy/ptII/ptolemy/actor/lib/test/auto/cast.xml (RunModel)" time="0.015" />
  <testcase classname="ptolemy.util.test.junit.AutoTests" name="[434] /home/travis/build/icyphy/ptII/ptolemy/actor/lib/test/auto/compositeMultiPort.xml (RunModel)" time="0.022" />
  <testcase classname="ptolemy.util.test.junit.AutoTests" name="[435] /home/travis/build/icyphy/ptII/ptolemy/actor/lib/test/auto/expressionCastInference.xml (RunModel)" time="0.007" />
  <testcase classname="ptolemy.util.test.junit.AutoTests" name="[436] /home/travis/build/icyphy/ptII/ptolemy/actor/lib/test/auto/expressionCastInference2.xml (RunModel)" time="0.007" />
  <testcase classname="ptolemy.util.test.junit.AutoTests" name="[437] /home/travis/build/icyphy/ptII/ptolemy/actor/lib/test/auto/expressionInference.xml (RunModel)" time="0.006" />
  <testcase classname="ptolemy.util.test.junit.AutoTests" name="[438] /home/travis/build/icyphy/ptII/ptolemy/actor/lib/test/auto/expression_bug.xml (RunModel)" time="0.006" />
  <testcase classname="ptolemy.util.test.junit.AutoTests" name="[439] /home/travis/build/icyphy/ptII/ptolemy/actor/lib/test/auto/factorial.xml (RunModel)" time="0.043" />
  <testcase classname="ptolemy.util.test.junit.AutoTests" name="[440] /home/travis/build/icyphy/ptII/ptolemy/actor/lib/test/auto/filterTest1.xml (RunModel)" time="0.012" />
  <testcase classname="ptolemy.util.test.junit.AutoTests" name="[441] /home/travis/build/icyphy/ptII/ptolemy/actor/lib/test/auto/funcApplyInConst.xml (RunModel)" time="0.005" />
  <testcase classname="ptolemy.util.test.junit.AutoTests" name="[442] /home/travis/build/icyphy/ptII/ptolemy/actor/lib/test/auto/funcApplyInExpr.xml (RunModel)" time="0.005" />
  <testcase classname="ptolemy.util.test.junit.AutoTests" name="[443] /home/travis/build/icyphy/ptII/ptolemy/actor/lib/test/auto/function.xml (RunModel)" time="0.007" />
  <testcase classname="ptolemy.util.test.junit.AutoTests" name="[444] /home/travis/build/icyphy/ptII/ptolemy/actor/lib/test/auto/function2.xml (RunModel)" time="0.008" />
  <testcase classname="ptolemy.util.test.junit.AutoTests" name="[445] /home/travis/build/icyphy/ptII/ptolemy/actor/lib/test/auto/function3.xml (RunModel)" time="0.005" />
  <testcase classname="ptolemy.util.test.junit.AutoTests" name="[446] /home/travis/build/icyphy/ptII/ptolemy/actor/lib/test/auto/functionClosureTest1.xml (RunModel)" time="0.009" />
  <testcase classname="ptolemy.util.test.junit.AutoTests" name="[447] /home/travis/build/icyphy/ptII/ptolemy/actor/lib/test/auto/functionClosureTest2.xml (RunModel)" time="0.006" />
  <testcase classname="ptolemy.util.test.junit.AutoTests" name="[448] /home/travis/build/icyphy/ptII/ptolemy/actor/lib/test/auto/functionClosureTest3.xml (RunModel)" time="0.008" />
  <testcase classname="ptolemy.util.test.junit.AutoTests" name="[449] /home/travis/build/icyphy/ptII/ptolemy/actor/lib/test/auto/functionClosureTest4.xml (RunModel)" time="0.012" />
  <testcase classname="ptolemy.util.test.junit.AutoTests" name="[450] /home/travis/build/icyphy/ptII/ptolemy/actor/lib/test/auto/functionClosureTest5.xml (RunModel)" time="0.01" />
  <testcase classname="ptolemy.util.test.junit.AutoTests" name="[451] /home/travis/build/icyphy/ptII/ptolemy/actor/lib/test/auto/functionClosureTest6.xml (RunModel)" time="0.007" />
  <testcase classname="ptolemy.util.test.junit.AutoTests" name="[452] /home/travis/build/icyphy/ptII/ptolemy/actor/lib/test/auto/functionsOnArcs.xml (RunModel)" time="0.008" />
  <testcase classname="ptolemy.util.test.junit.AutoTests" name="[453] /home/travis/build/icyphy/ptII/ptolemy/actor/lib/test/auto/functionsOnArcsHOF.xml (RunModel)" time="0.01" />
  <testcase classname="ptolemy.util.test.junit.AutoTests" name="[454] /home/travis/build/icyphy/ptII/ptolemy/actor/lib/test/auto/logic.xml (RunModel)" time="0.014" />
  <testcase classname="ptolemy.util.test.junit.AutoTests" name="[455] /home/travis/build/icyphy/ptII/ptolemy/actor/lib/test/auto/matrixType.xml (RunModel)" time="0.008" />
  <testcase classname="ptolemy.util.test.junit.AutoTests" name="[456] /home/travis/build/icyphy/ptII/ptolemy/actor/lib/test/auto/matrixType10.xml (RunModel)" time="0.008" />
  <testcase classname="ptolemy.util.test.junit.AutoTests" name="[457] /home/travis/build/icyphy/ptII/ptolemy/actor/lib/test/auto/matrixType11.xml (RunModel)" time="0.008" />
  <testcase classname="ptolemy.util.test.junit.AutoTests" name="[458] /home/travis/build/icyphy/ptII/ptolemy/actor/lib/test/auto/matrixType12.xml (RunModel)" time="0.007" />
  <testcase classname="ptolemy.util.test.junit.AutoTests" name="[459] /home/travis/build/icyphy/ptII/ptolemy/actor/lib/test/auto/matrixType13.xml (RunModel)" time="0.007" />
  <testcase classname="ptolemy.util.test.junit.AutoTests" name="[460] /home/travis/build/icyphy/ptII/ptolemy/actor/lib/test/auto/matrixType14.xml (RunModel)" time="0.007" />
  <testcase classname="ptolemy.util.test.junit.AutoTests" name="[461] /home/travis/build/icyphy/ptII/ptolemy/actor/lib/test/auto/matrixType2.xml (RunModel)" time="0.007" />
  <testcase classname="ptolemy.util.test.junit.AutoTests" name="[462] /home/travis/build/icyphy/ptII/ptolemy/actor/lib/test/auto/matrixType3.xml (RunModel)" time="0.006" />
  <testcase classname="ptolemy.util.test.junit.AutoTests" name="[463] /home/travis/build/icyphy/ptII/ptolemy/actor/lib/test/auto/matrixType4.xml (RunModel)" time="0.006" />
  <testcase classname="ptolemy.util.test.junit.AutoTests" name="[464] /home/travis/build/icyphy/ptII/ptolemy/actor/lib/test/auto/matrixType5.xml (RunModel)" time="0.008" />
  <testcase classname="ptolemy.util.test.junit.AutoTests" name="[465] /home/travis/build/icyphy/ptII/ptolemy/actor/lib/test/auto/matrixType6.xml (RunModel)" time="0.007" />
  <testcase classname="ptolemy.util.test.junit.AutoTests" name="[466] /home/travis/build/icyphy/ptII/ptolemy/actor/lib/test/auto/matrixType7.xml (RunModel)" time="0.007" />
  <testcase classname="ptolemy.util.test.junit.AutoTests" name="[467] /home/travis/build/icyphy/ptII/ptolemy/actor/lib/test/auto/matrixType8.xml (RunModel)" time="0.007" />
  <testcase classname="ptolemy.util.test.junit.AutoTests" name="[468] /home/travis/build/icyphy/ptII/ptolemy/actor/lib/test/auto/matrixType9.xml (RunModel)" time="0.007" />
  <testcase classname="ptolemy.util.test.junit.AutoTests" name="[469] /home/travis/build/icyphy/ptII/ptolemy/actor/lib/test/auto/paraFunctest.xml (RunModel)" time="0.006" />
  <testcase classname="ptolemy.util.test.junit.AutoTests" name="[470] /home/travis/build/icyphy/ptII/ptolemy/actor/lib/test/auto/paraFunctest2.xml (RunModel)" time="0.005" />
  <testcase classname="ptolemy.util.test.junit.AutoTests" name="[471] /home/travis/build/icyphy/ptII/ptolemy/actor/lib/test/auto/parameterPassing.xml (RunModel)" time="0.007" />
  <testcase classname="ptolemy.util.test.junit.AutoTests" name="[472] /home/travis/build/icyphy/ptII/ptolemy/actor/lib/test/auto/record.xml (RunModel)" time="0.008" />
  <testcase classname="ptolemy.util.test.junit.AutoTests" name="[473] /home/travis/build/icyphy/ptII/ptolemy/actor/lib/test/auto/sizedarray1.xml (RunModel)" time="0.008" />
  <testcase classname="ptolemy.util.test.junit.AutoTests" name="[474] /home/travis/build/icyphy/ptII/ptolemy/actor/lib/test/auto/sizedarray2.xml (RunModel)" time="0.008" />
  <testcase classname="ptolemy.util.test.junit.AutoTests" name="[475] /home/travis/build/icyphy/ptII/ptolemy/actor/lib/test/auto/twoPublishers.xml (RunModel)" time="0.016" />
  <system-out><![CDATA[/home/travis/build/icyphy/ptII/ptolemy/actor/lib/test/AbsoluteValue.tcl
testDefs.tcl: setting time out to 9000 seconds at Fri Dec 07 02:55:50 UTC 2018
69 ms. Memory: 116224K Free: 106197K (91%)
4 ms. Memory: 116224K Free: 105594K (91%)
4 ms. Memory: 116224K Free: 104365K (90%)
4 ms. Memory: 116224K Free: 103762K (89%)
/home/travis/build/icyphy/ptII/ptolemy/actor/lib/test/AddSubtract.tcl
8 ms. Memory: 116224K Free: 101946K (88%)
5 ms. Memory: 116224K Free: 100740K (87%)
5 ms. Memory: 116224K Free: 100146K (86%)
5 ms. Memory: 116224K Free: 99551K (86%)
5 ms. Memory: 116224K Free: 98916K (85%)
4 ms. Memory: 116224K Free: 97711K (84%)
/home/travis/build/icyphy/ptII/ptolemy/actor/lib/test/Average.tcl
6 ms. Memory: 116224K Free: 96521K (83%)
6 ms. Memory: 116224K Free: 94697K (81%)
/home/travis/build/icyphy/ptII/ptolemy/actor/lib/test/Bernoulli.tcl
7 ms. Memory: 116224K Free: 93491K (80%)
2 ms. Memory: 116224K Free: 92872K (80%)
/home/travis/build/icyphy/ptII/ptolemy/actor/lib/test/Clock.tcl
preinitializing
resolving types
initializing
executing number 1
wrapping up
idle
11 ms. Memory: 116224K Free: 90458K (78%)
Completed execution with 5 iterations
preinitializing
resolving types
initializing
executing number 1
wrapping up
idle
7 ms. Memory: 116224K Free: 89839K (77%)
Completed execution with 5 iterations
preinitializing
resolving types
initializing
executing number 1
wrapping up
idle
3 ms. Memory: 116224K Free: 89236K (77%)
Completed execution with 5 iterations
/home/travis/build/icyphy/ptII/ptolemy/actor/lib/test/Commutator.tcl
5 ms. Memory: 116224K Free: 87436K (75%)
6 ms. Memory: 116224K Free: 86238K (74%)
9 ms. Memory: 116224K Free: 81894K (70%)
/home/travis/build/icyphy/ptII/ptolemy/actor/lib/test/Const.tcl
12 ms. Memory: 146944K Free: 139984K (95%)
3 ms. Memory: 146944K Free: 138765K (94%)
2 ms. Memory: 146944K Free: 138765K (94%)
2 ms. Memory: 146944K Free: 137546K (94%)
8 ms. Memory: 146944K Free: 137546K (94%)
20 ms. Memory: 146944K Free: 135139K (92%)
4 ms. Memory: 146944K Free: 133936K (91%)
10 ms. Memory: 146944K Free: 133936K (91%)
/home/travis/build/icyphy/ptII/ptolemy/actor/lib/test/CurrentTime.tcl
preinitializing
resolving types
initializing
executing number 1
wrapping up
idle
9 ms. Memory: 146944K Free: 131522K (90%)
Completed execution with 11 iterations
/home/travis/build/icyphy/ptII/ptolemy/actor/lib/test/DB.tcl
12 ms. Memory: 146944K Free: 129090K (88%)
1 ms. Memory: 146944K Free: 127886K (87%)
1 ms. Memory: 146944K Free: 127886K (87%)
/home/travis/build/icyphy/ptII/ptolemy/actor/lib/test/DiscreteRandomSource.tcl
preinitializing
resolving types
initializing
executing number 1
wrapping up
idle
3 ms. Memory: 146944K Free: 126683K (86%)
Completed execution with 4 iterations
preinitializing
resolving types
initializing
executing number 1
wrapping up
idle
11 ms. Memory: 146944K Free: 125480K (85%)
Completed execution with 4 iterations
preinitializing
resolving types
initializing
executing number 1
wrapping up
idle
2 ms. Memory: 146944K Free: 125480K (85%)
Completed execution with 4 iterations
preinitializing
resolving types
initializing
executing number 1
wrapping up
idle
2 ms. Memory: 146944K Free: 124269K (85%)
Completed execution with 4 iterations
preinitializing
resolving types
initializing
executing number 1
wrapping up
idle
13 ms. Memory: 146944K Free: 124269K (85%)
Completed execution with 4 iterations
/home/travis/build/icyphy/ptII/ptolemy/actor/lib/test/Distributor.tcl
7 ms. Memory: 146944K Free: 123065K (84%)
3 ms. Memory: 146944K Free: 121854K (83%)
StreamChangeRequest.changeExecuted(): <deleteEntity name="rec2"/> succeeded
StreamChangeRequest.changeExecuted(): <deleteRelation name="r2"/> succeeded
StreamChangeRequest.changeExecuted(): Record firings per iteration succeeded
5 ms. Memory: 146944K Free: 119416K (81%)
/home/travis/build/icyphy/ptII/ptolemy/actor/lib/test/Exit.tcl
Exit.tcl: this will print a message about Manager.exitAfterWrapup, which can be ignored.
3 ms. Memory: 146944K Free: 116395K (79%)
/home/travis/build/icyphy/ptII/ptolemy/actor/lib/test/Expression.tcl
4 ms. Memory: 146944K Free: 112744K (77%)
4 ms. Memory: 146944K Free: 112744K (77%)
2 ms. Memory: 146944K Free: 111524K (76%)
preinitializing
resolving types
initializing
executing number 1
wrapping up
idle
5 ms. Memory: 146944K Free: 110321K (75%)
Completed execution with 6 iterations
3 ms. Memory: 146944K Free: 109118K (74%)
2 ms. Memory: 146944K Free: 109118K (74%)
4 ms. Memory: 146944K Free: 107915K (73%)
4 ms. Memory: 146944K Free: 106709K (73%)
3 ms. Memory: 146944K Free: 105506K (72%)
/home/travis/build/icyphy/ptII/ptolemy/actor/lib/test/Gaussian.tcl
8 ms. Memory: 146944K Free: 103084K (70%)
sleeping 1 seconds: ........................................................................................................................................................................................................................................................................................................................................................................................................................................................................................................................................................................................................................................................................................................................................................................................................................................................................................................................................................................................................................................................................................................................................................................................................................................................................................................................................................................................................................................................................................................................................................................................................................................................................................................................................................................................................................................................................................................................................................................................................................................................................................................................................................................................................................................................................................................................................................................................................................................................................................................................................................................................................................................................................................................................................................................................................................................................................................................................................................................................................................................................................................................................................................................................................................................................................................................................................................................................................................................................................................................................................................................................................................................................................................................................................................................................................................................................................................................................................................................................................................................................................................................................................................................................................................................................................................................................................................................................................................................................................................................................................................................................................................................................................................................................................................................................................................................................................................................................................................................................................................................................................................................................................................................................................................................................................................................................................................................................................................................................................................................................................................................................................................................................................................................................................................................................................................................................................................................................................................................................................................................................................................................................................................................................................................................................................................................................................................................................................................................................................................................................................................................................................................................................................................................................................................................................................................................................................................................................................................................................................................................................................................................................................................................................................................................................................................................................................................................................................................................................................................................................................................................................................................................................................................................................................................................................................................................................................................................................................................................................................................................................................................................................................................................................................................................................................................................................................................................................................................................................................................................................................................................................................................................................................................................................................................................................................................................................................................................................................................................................................................................................................................................................................................................................................................................................................................................................................................................................................................................................................................................................................................................................................................................................................................................................................................................................................................................................................................................................................................................................................................................................................................................................................................................................................................................................................................................................................................................................................................................................................................................................................................................................................................................................................................................................................................................................................................................................................................................................................................................................................................................................................................................................................................................................................................................................................................................................................................................................................................................................................................................................................................................................................................................................................................................................................................................................................................................................................................................................................................................................................................................................................................................................................................................................................................................................................................................................................................................................................................................................................................................................................................................................................................................................................................................................................................................................................................................................................................................................................................................................................................................................................................................................................................................................................................................................................................................................................................................................................................................................................................................................................................................................................................................................................................................................................................................................................................................................................................................................................................................................................................................................................................................................................................................................................................................................................................................................................................................................................................................................................................................................................................................................................................................................................................................................................................................................................................................................................................................................................................................................................................................................................................................................................................................................................................................................................................................................................................................................................................................................................................................................................................................................................................................................................................................................................................................................................................................................................................................................................................................................................................................................................................................................................................................................................................................................................................................................................................................................................................................................................................................................................................................................................................................................................................................................................................................................................................................................................................................................................................................................................................................................................................................................................................................................................................................................................................................................................................................................................................................................................................................................................................................................................................................................................................................................................................................................................................................................................................................................................................................................................................................................................................................................................................................................................................................................................................................................................................................................................................................................................................................................................................................................................................................................................................................................................................................................................................................................................................................................................................................................................................................................................................................................................................................................................................................................................................................................................................................................................................................................................................................................................................................................................................................................................................................................................................................................................................................................................................................................................................................................................................................................................................................................................................................................................................................................................................................................................................................................................................................................................................................................................................................................................................................................................................................................................................................................................................................................................................................................................................................................................................................................................................................................................................................................................................................................................................................................................................................................................................................................................................................................................................................................................................................................................................................................................................................................................................................................................................................................................................................................................................................................................................................................................................................................................................................................................................................................................................................................................................................................................................................................................................................................................................................................................................................................................................................................................................................................................................................................................................................................................................................................................................................................................................................................................................................................................................................................................................................................................................................................................................................................................................................................................................................................................................................................................................................................................................................................................................................................................................................................................................................................................................................................................................................................................................................................................................................................................................................................................................................................................................................................................................................................................................................................................................................................................................................................................................................................................................................................................................................................................................................................................................................................................................................................................................................................................................................................................................................................................................................................................................................................................................................................................................................................................................................................................................................................................................................................................................................................................................5 ms. Memory: 208384K Free: 178837K (86%)
3 ms. Memory: 208384K Free: 178837K (86%)
3 ms. Memory: 208384K Free: 178837K (86%)
7 ms. Memory: 208384K Free: 176444K (85%)
3 ms. Memory: 208384K Free: 176444K (85%)
/home/travis/build/icyphy/ptII/ptolemy/actor/lib/test/IIR.tcl
/home/travis/build/icyphy/ptII/ptolemy/actor/lib/test/Interpolator.tcl
9 ms. Memory: 208384K Free: 171642K (82%)
2 ms. Memory: 208384K Free: 171642K (82%)
1 ms. Memory: 208384K Free: 171642K (82%)
2 ms. Memory: 208384K Free: 171642K (82%)
2 ms. Memory: 208384K Free: 169249K (81%)
6 ms. Memory: 208384K Free: 169249K (81%)
3 ms. Memory: 208384K Free: 169249K (81%)
2 ms. Memory: 208384K Free: 166856K (80%)
1 ms. Memory: 208384K Free: 166856K (80%)
2 ms. Memory: 208384K Free: 164463K (79%)
/home/travis/build/icyphy/ptII/ptolemy/actor/lib/test/MathFunction.tcl
6 ms. Memory: 208384K Free: 164463K (79%)
3 ms. Memory: 208384K Free: 162065K (78%)
2 ms. Memory: 208384K Free: 162065K (78%)
1 ms. Memory: 208384K Free: 159672K (77%)
7 ms. Memory: 208384K Free: 159672K (77%)
7 ms. Memory: 208384K Free: 157279K (75%)
/home/travis/build/icyphy/ptII/ptolemy/actor/lib/test/Maximum.tcl
3 ms. Memory: 208384K Free: 154886K (74%)
7 ms. Memory: 208384K Free: 154886K (74%)
1 ms. Memory: 208384K Free: 154886K (74%)
2 ms. Memory: 208384K Free: 152493K (73%)
/home/travis/build/icyphy/ptII/ptolemy/actor/lib/test/Minimum.tcl
5 ms. Memory: 208384K Free: 152493K (73%)
2 ms. Memory: 208384K Free: 150100K (72%)
1 ms. Memory: 208384K Free: 150100K (72%)
2 ms. Memory: 208384K Free: 150100K (72%)
/home/travis/build/icyphy/ptII/ptolemy/actor/lib/test/MultiplyDivide.tcl
14 ms. Memory: 208384K Free: 147707K (71%)
2 ms. Memory: 208384K Free: 147707K (71%)
2 ms. Memory: 208384K Free: 145314K (70%)
2 ms. Memory: 208384K Free: 145314K (70%)
2 ms. Memory: 208384K Free: 145314K (70%)
/home/travis/build/icyphy/ptII/ptolemy/actor/lib/test/OrderedMerge.tcl
Connections changed on port: inputA
Connections changed on port: inputB
Connections changed on port: output
Connections changed on port: output
Connections changed on port: output
Connections changed on port: input
.top. Preinitializing ...
Invoking preinitialize():  .top.OrderedMerge
Called preinitialize()
Invoking preinitialize():  .top.Ramp
Called preinitialize()
Invoking preinitialize():  .top.Ramp2
Called preinitialize()
Invoking preinitialize():  .top.Test
Called preinitialize()
Connections changed on port: inputA
Connections changed on port: output
Connections changed on port: inputB
Connections changed on port: output
Connections changed on port: output
Connections changed on port: input
.top. Finished preinitialize().
Called initialize().
Invoking initialize():  .top.OrderedMerge
Initializing actor: .top.OrderedMerge
Adding a thread: .top.OrderedMerge
Invoking initialize():  .top.Ramp
Initializing actor: .top.Ramp
Adding a thread: .top.Ramp
Invoking initialize():  .top.Ramp2
Initializing actor: .top.Ramp2
Adding a thread: .top.Ramp2
Invoking initialize():  .top.Test
Initializing actor: .top.Test
Adding a thread: .top.Test
-- Starting thread.
Called initialize()
Called prefire()
Called fire()
-- Starting thread.
Called initialize()
Called prefire()
Called fire()
Called postfire()
Called prefire()
Called fire()
-- Starting thread.
Called initialize()
Called prefire()
Called fire()
Called postfire()
Called prefire()
Called fire()
Called fire().
Checking for deadlock:
There are 3 Blocked actors, 0 Stopped actors, and 4 active threads.
Waiting for actors to stop.
-- Starting thread.
Called initialize()
Called prefire()
Called fire()
Checking for deadlock:
There are 2 Blocked actors, 0 Stopped actors, and 4 active threads.
Waiting for actors to stop.
Called postfire()
Called prefire()
Called fire()
Checking for deadlock:
There are 3 Blocked actors, 0 Stopped actors, and 4 active threads.
Waiting for actors to stop.
Read input token from inputA with value 0.0
Next port to read input from is inputB
Called postfire()
Called prefire()
Called fire()
Checking for deadlock:
There are 2 Blocked actors, 0 Stopped actors, and 4 active threads.
Waiting for actors to stop.
Called postfire()
Called prefire()
Called fire()
Checking for deadlock:
There are 3 Blocked actors, 0 Stopped actors, and 4 active threads.
Waiting for actors to stop.
Read input token from inputB with value 0.0
Checking for deadlock:
There are 2 Blocked actors, 0 Stopped actors, and 4 active threads.
Waiting for actors to stop.
-- Read input: 0.0, which is expected to match: 0.0
Called prefire()
Called fire()
Checking for deadlock:
There are 3 Blocked actors, 0 Stopped actors, and 4 active threads.
Waiting for actors to stop.
Sent output token with value 0.0
Next port to read input from is inputA
Called postfire()
Called prefire()
Called fire()
Called postfire()
Called prefire()
Called fire()
Checking for deadlock:
There are 3 Blocked actors, 0 Stopped actors, and 4 active threads.
Waiting for actors to stop.
Read input token from inputA with value 1.0
-- Read input: 0.0, which is expected to match: 0.0
Called prefire()
Called fire()
Checking for deadlock:
There are 3 Blocked actors, 0 Stopped actors, and 4 active threads.
Waiting for actors to stop.
Sent output token with value 0.0
Next port to read input from is inputB
Called postfire()
Called prefire()
Called fire()
Checking for deadlock:
There are 2 Blocked actors, 0 Stopped actors, and 4 active threads.
Waiting for actors to stop.
Called postfire()
Called prefire()
Called fire()
Checking for deadlock:
There are 3 Blocked actors, 0 Stopped actors, and 4 active threads.
Waiting for actors to stop.
Read input token from inputB with value 1.5
Checking for deadlock:
There are 2 Blocked actors, 0 Stopped actors, and 4 active threads.
Waiting for actors to stop.
-- Read input: 1.0, which is expected to match: 1.0
Called prefire()
Called fire()
Checking for deadlock:
There are 3 Blocked actors, 0 Stopped actors, and 4 active threads.
Waiting for actors to stop.
Sent output token with value 1.0
Next port to read input from is inputA
Called postfire()
Called prefire()
Called fire()
Called postfire()
Called prefire()
Called fire()
Checking for deadlock:
There are 3 Blocked actors, 0 Stopped actors, and 4 active threads.
Waiting for actors to stop.
Read input token from inputA with value 2.0
-- Read input: 1.5, which is expected to match: 1.5
Called prefire()
Called fire()
Checking for deadlock:
There are 3 Blocked actors, 0 Stopped actors, and 4 active threads.
Waiting for actors to stop.
Sent output token with value 1.5
Next port to read input from is inputB
Called postfire()
Called prefire()
Called fire()
Checking for deadlock:
There are 2 Blocked actors, 0 Stopped actors, and 4 active threads.
Waiting for actors to stop.
Called postfire()
Called prefire()
Called fire()
Checking for deadlock:
There are 3 Blocked actors, 0 Stopped actors, and 4 active threads.
Waiting for actors to stop.
Read input token from inputB with value 3.0
Checking for deadlock:
There are 2 Blocked actors, 0 Stopped actors, and 4 active threads.
Waiting for actors to stop.
-- Read input: 2.0, which is expected to match: 2.0
Called prefire()
Called fire()
Checking for deadlock:
There are 3 Blocked actors, 0 Stopped actors, and 4 active threads.
Waiting for actors to stop.
Sent output token with value 2.0
Next port to read input from is inputA
Called postfire()
Called prefire()
Called fire()
Called postfire()
Called prefire()
Called fire()
Checking for deadlock:
There are 3 Blocked actors, 0 Stopped actors, and 4 active threads.
Waiting for actors to stop.
Read input token from inputA with value 3.0
-- Read input: 3.0, which is expected to match: 3.0
Called prefire()
Called fire()
Checking for deadlock:
There are 3 Blocked actors, 0 Stopped actors, and 4 active threads.
Waiting for actors to stop.
Sent output token with value 3.0
Next port to read input from is inputB
Called postfire()
Called prefire()
Called fire()
Checking for deadlock:
There are 2 Blocked actors, 0 Stopped actors, and 4 active threads.
Waiting for actors to stop.
Called postfire()
Called prefire()
Called fire()
Checking for deadlock:
There are 3 Blocked actors, 0 Stopped actors, and 4 active threads.
Waiting for actors to stop.
Read input token from inputB with value 4.5
Checking for deadlock:
There are 2 Blocked actors, 0 Stopped actors, and 4 active threads.
Waiting for actors to stop.
-- Read input: 3.0, which is expected to match: 3.0
Called prefire()
Called fire()
Checking for deadlock:
There are 3 Blocked actors, 0 Stopped actors, and 4 active threads.
Waiting for actors to stop.
Sent output token with value 3.0
Next port to read input from is inputA
Called postfire()
Called prefire()
Called fire()
Called postfire()
Called prefire()
Called fire()
Checking for deadlock:
There are 3 Blocked actors, 0 Stopped actors, and 4 active threads.
Waiting for actors to stop.
Read input token from inputA with value 4.0
-- Read input: 4.0, which is expected to match: 4.0
Called prefire()
Called fire()
Past the end of training data. Read and discard all inputs.
Checking for deadlock:
There are 3 Blocked actors, 0 Stopped actors, and 4 active threads.
Waiting for actors to stop.
Sent output token with value 4.0
Next port to read input from is inputA
Called postfire()
Called prefire()
Called fire()
Called postfire()
Called prefire()
Called fire()
Checking for deadlock:
There are 3 Blocked actors, 0 Stopped actors, and 4 active threads.
Waiting for actors to stop.
Read input token from inputA with value 5.0
Called prefire()
Called fire()
Past the end of training data. Read and discard all inputs.
Checking for deadlock:
There are 3 Blocked actors, 0 Stopped actors, and 4 active threads.
Waiting for actors to stop.
Sent output token with value 4.5
Next port to read input from is inputB
Called postfire()
Called prefire()
Called fire()
Checking for deadlock:
There are 2 Blocked actors, 0 Stopped actors, and 4 active threads.
Waiting for actors to stop.
Called postfire()
Called prefire()
Called fire()
Checking for deadlock:
There are 3 Blocked actors, 0 Stopped actors, and 4 active threads.
Waiting for actors to stop.
Read input token from inputB with value 6.0
Checking for deadlock:
There are 2 Blocked actors, 0 Stopped actors, and 4 active threads.
Waiting for actors to stop.
Called prefire()
Called fire()
Past the end of training data. Read and discard all inputs.
Checking for deadlock:
There are 3 Blocked actors, 0 Stopped actors, and 4 active threads.
Waiting for actors to stop.
Sent output token with value 5.0
Next port to read input from is inputA
Called postfire()
Called prefire()
Called fire()
Called postfire()
Called prefire()
Called fire()
Checking for deadlock:
There are 3 Blocked actors, 0 Stopped actors, and 4 active threads.
Waiting for actors to stop.
Read input token from inputA with value 6.0
Called prefire()
Called fire()
Past the end of training data. Read and discard all inputs.
Checking for deadlock:
There are 3 Blocked actors, 0 Stopped actors, and 4 active threads.
Waiting for actors to stop.
Sent output token with value 6.0
Next port to read input from is inputB
Called postfire()
Called prefire()
Called fire()
Checking for deadlock:
There are 2 Blocked actors, 0 Stopped actors, and 4 active threads.
Waiting for actors to stop.
Called postfire()
Called prefire()
Called fire()
Checking for deadlock:
There are 3 Blocked actors, 0 Stopped actors, and 4 active threads.
Waiting for actors to stop.
Read input token from inputB with value 7.5
Checking for deadlock:
There are 2 Blocked actors, 0 Stopped actors, and 4 active threads.
Waiting for actors to stop.
Called prefire()
Called fire()
Past the end of training data. Read and discard all inputs.
Checking for deadlock:
There are 3 Blocked actors, 0 Stopped actors, and 4 active threads.
Waiting for actors to stop.
Sent output token with value 6.0
Next port to read input from is inputA
Called postfire()
Called prefire()
Called fire()
Called postfire()
Called prefire()
Called fire()
Checking for deadlock:
There are 3 Blocked actors, 0 Stopped actors, and 4 active threads.
Waiting for actors to stop.
Read input token from inputA with value 7.0
Called prefire()
Called fire()
Past the end of training data. Read and discard all inputs.
Checking for deadlock:
There are 3 Blocked actors, 0 Stopped actors, and 4 active threads.
Waiting for actors to stop.
Sent output token with value 7.0
Next port to read input from is inputA
Called postfire()
Called prefire()
Called fire()
-- Thread wrapup() called.
Called wrapup()
Thread .top.Ramp is exiting.
-- Thread stopped.
Checking for deadlock:
There are 2 Blocked actors, 0 Stopped actors, and 3 active threads.
Waiting for actors to stop.
Read input token from inputA with value 8.0
Called prefire()
Called fire()
Past the end of training data. Read and discard all inputs.
Checking for deadlock:
There are 2 Blocked actors, 0 Stopped actors, and 3 active threads.
Waiting for actors to stop.
Sent output token with value 7.5
Next port to read input from is inputB
Called postfire()
Called prefire()
Called fire()
Checking for deadlock:
There are 1 Blocked actors, 0 Stopped actors, and 3 active threads.
Waiting for actors to stop.
Called postfire()
Called prefire()
Called fire()
Checking for deadlock:
There are 2 Blocked actors, 0 Stopped actors, and 3 active threads.
Waiting for actors to stop.
Read input token from inputB with value 9.0
Checking for deadlock:
There are 1 Blocked actors, 0 Stopped actors, and 3 active threads.
Waiting for actors to stop.
Called prefire()
Called fire()
Past the end of training data. Read and discard all inputs.
Checking for deadlock:
There are 2 Blocked actors, 0 Stopped actors, and 3 active threads.
Waiting for actors to stop.
Sent output token with value 8.0
Next port to read input from is inputA
Called postfire()
Called prefire()
Called fire()
Read input token from inputA with value 9.0
Checking for deadlock:
There are 1 Blocked actors, 0 Stopped actors, and 3 active threads.
Waiting for actors to stop.
Called prefire()
Called fire()
Past the end of training data. Read and discard all inputs.
Checking for deadlock:
There are 2 Blocked actors, 0 Stopped actors, and 3 active threads.
Waiting for actors to stop.
Sent output token with value 9.0
Next port to read input from is inputB
Called postfire()
Called prefire()
Called fire()
Checking for deadlock:
There are 1 Blocked actors, 0 Stopped actors, and 3 active threads.
Waiting for actors to stop.
Called postfire()
Called prefire()
Called fire()
Checking for deadlock:
There are 2 Blocked actors, 0 Stopped actors, and 3 active threads.
Waiting for actors to stop.
Read input token from inputB with value 10.5
Checking for deadlock:
There are 1 Blocked actors, 0 Stopped actors, and 3 active threads.
Waiting for actors to stop.
Called prefire()
Called fire()
Past the end of training data. Read and discard all inputs.
Checking for deadlock:
There are 2 Blocked actors, 0 Stopped actors, and 3 active threads.
Waiting for actors to stop.
Sent output token with value 9.0
Next port to read input from is inputA
Called postfire()
Called prefire()
Called fire()
Checking for deadlock:
There are 3 Blocked actors, 0 Stopped actors, and 3 active threads.
Actors have stopped.
Checking for deadlock:
There are 3 Blocked actors, 0 Stopped actors, and 3 active threads.
Deadlock detected.
Resolving Deadlock
Checking for deadlock:
There are 3 Blocked actors, 0 Stopped actors, and 3 active threads.
Artificial Deadlock - increasing queue capacity.
increasing the capacity of receiver ptolemy.actor.TypedIOPort {.top.OrderedMerge.inputB} to 2
Director: Called postfire().
Called postfire().
_stopRequested = false
_stopFireRequested = false
Returning from postfire(): true
Called fire().
Checking for deadlock:
There are 2 Blocked actors, 0 Stopped actors, and 3 active threads.
Waiting for actors to stop.
-- Thread wrapup() called.
Called wrapup()
Thread .top.Ramp2 is exiting.
-- Thread stopped.
Checking for deadlock:
There are 2 Blocked actors, 0 Stopped actors, and 2 active threads.
Actors have stopped.
Checking for deadlock:
There are 2 Blocked actors, 0 Stopped actors, and 2 active threads.
Deadlock detected.
Resolving Deadlock
Checking for deadlock:
There are 2 Blocked actors, 0 Stopped actors, and 2 active threads.
Deadlock detected: no processes blocked on write, but some are blocked on read.
Called postfire().
_stopRequested = false
_stopFireRequested = false
Returning from postfire(): false
Finished deactivating branches.
Called wrapup().
-- Thread wrapup() called.
Called wrapup()
Thread .top.Test is exiting.
-- Thread stopped.
-- Blocked Receiver call threw TerminateProcessException.
-- Thread wrapup() called.
Called wrapup()
Thread .top.OrderedMerge is exiting.
28 ms. Memory: 208384K Free: 138006K (66%)
.top. Preinitializing ...
Invoking preinitialize():  .top.OrderedMerge
Called preinitialize()
Invoking preinitialize():  .top.Ramp
Called preinitialize()
Invoking preinitialize():  .top.Ramp2
Called preinitialize()
Invoking preinitialize():  .top.Test
Called preinitialize()
.top. Finished preinitialize().
Called initialize().
Invoking initialize():  .top.OrderedMerge
Initializing actor: .top.OrderedMerge
Adding a thread: .top.OrderedMerge
Invoking initialize():  .top.Ramp
Initializing actor: .top.Ramp
Adding a thread: .top.Ramp
Invoking initialize():  .top.Ramp2
Initializing actor: .top.Ramp2
Adding a thread: .top.Ramp2
Invoking initialize():  .top.Test
Initializing actor: .top.Test
Adding a thread: .top.Test
-- Thread stopped.
-- Blocked Receiver call threw TerminateProcessException.
-- Starting thread.
Called initialize()
Called prefire()
Called fire()
-- Starting thread.
Called initialize()
Called prefire()
Called fire()
Called postfire()
Called prefire()
Called fire()
-- Starting thread.
Called initialize()
Called prefire()
Called fire()
Called postfire()
Called prefire()
Called fire()
Called fire().
Checking for deadlock:
There are 3 Blocked actors, 0 Stopped actors, and 4 active threads.
Waiting for actors to stop.
-- Starting thread.
Called initialize()
Called prefire()
Called fire()
Checking for deadlock:
There are 2 Blocked actors, 0 Stopped actors, and 4 active threads.
Waiting for actors to stop.
Called postfire()
Called prefire()
Called fire()
Checking for deadlock:
There are 3 Blocked actors, 0 Stopped actors, and 4 active threads.
Waiting for actors to stop.
Read input token from inputA with value 0.0
Next port to read input from is inputB
Called postfire()
Called prefire()
Called fire()
Checking for deadlock:
There are 2 Blocked actors, 0 Stopped actors, and 4 active threads.
Waiting for actors to stop.
Called postfire()
Called prefire()
Called fire()
Checking for deadlock:
There are 3 Blocked actors, 0 Stopped actors, and 4 active threads.
Waiting for actors to stop.
Read input token from inputB with value 0.0
Checking for deadlock:
There are 2 Blocked actors, 0 Stopped actors, and 4 active threads.
Waiting for actors to stop.
-- Read input: 0.0, which is expected to match: 0.0
Called prefire()
Called fire()
Checking for deadlock:
There are 3 Blocked actors, 0 Stopped actors, and 4 active threads.
Waiting for actors to stop.
Sent output token with value 0.0
Next port to read input from is inputA
Called postfire()
Called prefire()
Called fire()
Checking for deadlock:
There are 2 Blocked actors, 0 Stopped actors, and 4 active threads.
Waiting for actors to stop.
Called postfire()
Called prefire()
Called fire()
Checking for deadlock:
There are 3 Blocked actors, 0 Stopped actors, and 4 active threads.
Waiting for actors to stop.
Read input token from inputA with value 1.0
Checking for deadlock:
There are 2 Blocked actors, 0 Stopped actors, and 4 active threads.
Waiting for actors to stop.
-- Read input: 0.0, which is expected to match: 0.0
Called prefire()
Called fire()
Checking for deadlock:
There are 3 Blocked actors, 0 Stopped actors, and 4 active threads.
Waiting for actors to stop.
Sent output token with value 0.0
Next port to read input from is inputB
Called postfire()
Called prefire()
Called fire()
Checking for deadlock:
There are 2 Blocked actors, 0 Stopped actors, and 4 active threads.
Waiting for actors to stop.
Called postfire()
Called prefire()
Called fire()
Checking for deadlock:
There are 3 Blocked actors, 0 Stopped actors, and 4 active threads.
Waiting for actors to stop.
Read input token from inputB with value 1.5
Checking for deadlock:
There are 2 Blocked actors, 0 Stopped actors, and 4 active threads.
Waiting for actors to stop.
-- Read input: 1.0, which is expected to match: 1.0
Called prefire()
Called fire()
Checking for deadlock:
There are 3 Blocked actors, 0 Stopped actors, and 4 active threads.
Waiting for actors to stop.
Sent output token with value 1.0
Next port to read input from is inputA
Called postfire()
Called prefire()
Called fire()
Checking for deadlock:
There are 2 Blocked actors, 0 Stopped actors, and 4 active threads.
Waiting for actors to stop.
Called postfire()
Called prefire()
Called fire()
Checking for deadlock:
There are 3 Blocked actors, 0 Stopped actors, and 4 active threads.
Waiting for actors to stop.
Read input token from inputA with value 2.0
Checking for deadlock:
There are 2 Blocked actors, 0 Stopped actors, and 4 active threads.
Waiting for actors to stop.
-- Read input: 1.5, which is expected to match: 1.5
Called prefire()
Called fire()
Checking for deadlock:
There are 3 Blocked actors, 0 Stopped actors, and 4 active threads.
Waiting for actors to stop.
Sent output token with value 1.5
Next port to read input from is inputB
Called postfire()
Called prefire()
Called fire()
Checking for deadlock:
There are 2 Blocked actors, 0 Stopped actors, and 4 active threads.
Waiting for actors to stop.
Called postfire()
Called prefire()
Called fire()
Checking for deadlock:
There are 3 Blocked actors, 0 Stopped actors, and 4 active threads.
Waiting for actors to stop.
Read input token from inputB with value 3.0
Checking for deadlock:
There are 2 Blocked actors, 0 Stopped actors, and 4 active threads.
Waiting for actors to stop.
-- Read input: 2.0, which is expected to match: 2.0
Called prefire()
Called fire()
Checking for deadlock:
There are 3 Blocked actors, 0 Stopped actors, and 4 active threads.
Waiting for actors to stop.
Sent output token with value 2.0
Next port to read input from is inputA
Called postfire()
Called prefire()
Called fire()
Checking for deadlock:
There are 2 Blocked actors, 0 Stopped actors, and 4 active threads.
Waiting for actors to stop.
Called postfire()
Called prefire()
Called fire()
Checking for deadlock:
There are 3 Blocked actors, 0 Stopped actors, and 4 active threads.
Waiting for actors to stop.
Read input token from inputA with value 3.0
Checking for deadlock:
There are 2 Blocked actors, 0 Stopped actors, and 4 active threads.
Waiting for actors to stop.
-- Read input: 3.0, which is expected to match: 3.0
Called prefire()
Called fire()
Checking for deadlock:
There are 3 Blocked actors, 0 Stopped actors, and 4 active threads.
Waiting for actors to stop.
Sent output token with value 3.0
Next port to read input from is inputB
Called postfire()
Called prefire()
Called fire()
Checking for deadlock:
There are 2 Blocked actors, 0 Stopped actors, and 4 active threads.
Waiting for actors to stop.
Called postfire()
Called prefire()
Called fire()
Checking for deadlock:
There are 3 Blocked actors, 0 Stopped actors, and 4 active threads.
Waiting for actors to stop.
Read input token from inputB with value 4.5
Checking for deadlock:
There are 2 Blocked actors, 0 Stopped actors, and 4 active threads.
Waiting for actors to stop.
-- Read input: 3.0, which is expected to match: 3.0
Called prefire()
Called fire()
Checking for deadlock:
There are 3 Blocked actors, 0 Stopped actors, and 4 active threads.
Waiting for actors to stop.
Sent output token with value 3.0
Next port to read input from is inputA
Called postfire()
Called prefire()
Called fire()
Checking for deadlock:
There are 2 Blocked actors, 0 Stopped actors, and 4 active threads.
Waiting for actors to stop.
Called postfire()
Called prefire()
Called fire()
Checking for deadlock:
There are 3 Blocked actors, 0 Stopped actors, and 4 active threads.
Waiting for actors to stop.
Read input token from inputA with value 4.0
Checking for deadlock:
There are 2 Blocked actors, 0 Stopped actors, and 4 active threads.
Waiting for actors to stop.
-- Read input: 4.0, which is expected to match: 4.0
Called prefire()
Called fire()
Past the end of training data. Read and discard all inputs.
Checking for deadlock:
There are 3 Blocked actors, 0 Stopped actors, and 4 active threads.
Waiting for actors to stop.
Sent output token with value 4.0
Next port to read input from is inputA
Called postfire()
Called prefire()
Called fire()
Checking for deadlock:
There are 2 Blocked actors, 0 Stopped actors, and 4 active threads.
Waiting for actors to stop.
Called postfire()
Called prefire()
Called fire()
Checking for deadlock:
There are 3 Blocked actors, 0 Stopped actors, and 4 active threads.
Waiting for actors to stop.
Read input token from inputA with value 5.0
Checking for deadlock:
There are 2 Blocked actors, 0 Stopped actors, and 4 active threads.
Waiting for actors to stop.
Called prefire()
Called fire()
Past the end of training data. Read and discard all inputs.
Checking for deadlock:
There are 3 Blocked actors, 0 Stopped actors, and 4 active threads.
Waiting for actors to stop.
Sent output token with value 4.5
Next port to read input from is inputB
Called postfire()
Called prefire()
Called fire()
Checking for deadlock:
There are 2 Blocked actors, 0 Stopped actors, and 4 active threads.
Waiting for actors to stop.
Called postfire()
Called prefire()
Called fire()
Checking for deadlock:
There are 3 Blocked actors, 0 Stopped actors, and 4 active threads.
Waiting for actors to stop.
Read input token from inputB with value 6.0
Checking for deadlock:
There are 2 Blocked actors, 0 Stopped actors, and 4 active threads.
Waiting for actors to stop.
Called prefire()
Called fire()
Past the end of training data. Read and discard all inputs.
Checking for deadlock:
There are 3 Blocked actors, 0 Stopped actors, and 4 active threads.
Waiting for actors to stop.
Sent output token with value 5.0
Next port to read input from is inputA
Called postfire()
Called prefire()
Called fire()
Checking for deadlock:
There are 2 Blocked actors, 0 Stopped actors, and 4 active threads.
Waiting for actors to stop.
Called postfire()
Called prefire()
Called fire()
Checking for deadlock:
There are 3 Blocked actors, 0 Stopped actors, and 4 active threads.
Waiting for actors to stop.
Read input token from inputA with value 6.0
Checking for deadlock:
There are 2 Blocked actors, 0 Stopped actors, and 4 active threads.
Waiting for actors to stop.
Called prefire()
Called fire()
Past the end of training data. Read and discard all inputs.
Checking for deadlock:
There are 3 Blocked actors, 0 Stopped actors, and 4 active threads.
Waiting for actors to stop.
Sent output token with value 6.0
Next port to read input from is inputB
Called postfire()
Called prefire()
Called fire()
Checking for deadlock:
There are 2 Blocked actors, 0 Stopped actors, and 4 active threads.
Waiting for actors to stop.
Called postfire()
Called prefire()
Called fire()
Checking for deadlock:
There are 3 Blocked actors, 0 Stopped actors, and 4 active threads.
Waiting for actors to stop.
Read input token from inputB with value 7.5
Checking for deadlock:
There are 2 Blocked actors, 0 Stopped actors, and 4 active threads.
Waiting for actors to stop.
Called prefire()
Called fire()
Past the end of training data. Read and discard all inputs.
Checking for deadlock:
There are 3 Blocked actors, 0 Stopped actors, and 4 active threads.
Waiting for actors to stop.
Sent output token with value 6.0
Next port to read input from is inputA
Called postfire()
Called prefire()
Called fire()
Checking for deadlock:
There are 2 Blocked actors, 0 Stopped actors, and 4 active threads.
Waiting for actors to stop.
Called postfire()
Called prefire()
Called fire()
Checking for deadlock:
There are 3 Blocked actors, 0 Stopped actors, and 4 active threads.
Waiting for actors to stop.
Read input token from inputA with value 7.0
Checking for deadlock:
There are 2 Blocked actors, 0 Stopped actors, and 4 active threads.
Waiting for actors to stop.
Called prefire()
Called fire()
Past the end of training data. Read and discard all inputs.
Checking for deadlock:
There are 3 Blocked actors, 0 Stopped actors, and 4 active threads.
Waiting for actors to stop.
Sent output token with value 7.0
Next port to read input from is inputA
Called postfire()
Called prefire()
Called fire()
Checking for deadlock:
There are 2 Blocked actors, 0 Stopped actors, and 4 active threads.
Waiting for actors to stop.
-- Thread wrapup() called.
Called wrapup()
Thread .top.Ramp is exiting.
Checking for deadlock:
There are 2 Blocked actors, 0 Stopped actors, and 3 active threads.
Waiting for actors to stop.
-- Thread stopped.
Read input token from inputA with value 8.0
Checking for deadlock:
There are 1 Blocked actors, 0 Stopped actors, and 3 active threads.
Waiting for actors to stop.
Called prefire()
Called fire()
Past the end of training data. Read and discard all inputs.
Checking for deadlock:
There are 2 Blocked actors, 0 Stopped actors, and 3 active threads.
Waiting for actors to stop.
Sent output token with value 7.5
Next port to read input from is inputB
Called postfire()
Called prefire()
Called fire()
Checking for deadlock:
There are 1 Blocked actors, 0 Stopped actors, and 3 active threads.
Waiting for actors to stop.
Called postfire()
Called prefire()
Called fire()
Checking for deadlock:
There are 2 Blocked actors, 0 Stopped actors, and 3 active threads.
Waiting for actors to stop.
Read input token from inputB with value 9.0
Checking for deadlock:
There are 1 Blocked actors, 0 Stopped actors, and 3 active threads.
Waiting for actors to stop.
Called prefire()
Called fire()
Past the end of training data. Read and discard all inputs.
Checking for deadlock:
There are 2 Blocked actors, 0 Stopped actors, and 3 active threads.
Waiting for actors to stop.
Sent output token with value 8.0
Next port to read input from is inputA
Called postfire()
Called prefire()
Called fire()
Read input token from inputA with value 9.0
Checking for deadlock:
There are 1 Blocked actors, 0 Stopped actors, and 3 active threads.
Waiting for actors to stop.
Called prefire()
Called fire()
Past the end of training data. Read and discard all inputs.
Checking for deadlock:
There are 2 Blocked actors, 0 Stopped actors, and 3 active threads.
Waiting for actors to stop.
Sent output token with value 9.0
Next port to read input from is inputB
Called postfire()
Called prefire()
Called fire()
Checking for deadlock:
There are 1 Blocked actors, 0 Stopped actors, and 3 active threads.
Waiting for actors to stop.
Called postfire()
Called prefire()
Called fire()
Checking for deadlock:
There are 2 Blocked actors, 0 Stopped actors, and 3 active threads.
Waiting for actors to stop.
Read input token from inputB with value 10.5
Checking for deadlock:
There are 1 Blocked actors, 0 Stopped actors, and 3 active threads.
Waiting for actors to stop.
Called prefire()
Called fire()
Past the end of training data. Read and discard all inputs.
Checking for deadlock:
There are 2 Blocked actors, 0 Stopped actors, and 3 active threads.
Waiting for actors to stop.
Sent output token with value 9.0
Next port to read input from is inputA
Called postfire()
Called prefire()
Called fire()
Checking for deadlock:
There are 3 Blocked actors, 0 Stopped actors, and 3 active threads.
Actors have stopped.
Checking for deadlock:
There are 3 Blocked actors, 0 Stopped actors, and 3 active threads.
Deadlock detected.
Resolving Deadlock
Checking for deadlock:
There are 3 Blocked actors, 0 Stopped actors, and 3 active threads.
Artificial Deadlock - increasing queue capacity.
increasing the capacity of receiver ptolemy.actor.TypedIOPort {.top.OrderedMerge.inputB} to 2
Director: Called postfire().
Called postfire().
_stopRequested = false
_stopFireRequested = false
Returning from postfire(): true
Called fire().
Checking for deadlock:
There are 2 Blocked actors, 0 Stopped actors, and 3 active threads.
Waiting for actors to stop.
-- Thread wrapup() called.
Called wrapup()
Thread .top.Ramp2 is exiting.
-- Thread stopped.
Checking for deadlock:
There are 2 Blocked actors, 0 Stopped actors, and 2 active threads.
Actors have stopped.
Checking for deadlock:
There are 2 Blocked actors, 0 Stopped actors, and 2 active threads.
Deadlock detected.
Resolving Deadlock
Checking for deadlock:
There are 2 Blocked actors, 0 Stopped actors, and 2 active threads.
Deadlock detected: no processes blocked on write, but some are blocked on read.
Called postfire().
_stopRequested = false
_stopFireRequested = false
Returning from postfire(): false
Finished deactivating branches.
Called wrapup().
-- Thread wrapup() called.
Called wrapup()
Thread .top.OrderedMerge is exiting.
-- Thread stopped.
-- Blocked Receiver call threw TerminateProcessException.
-- Thread wrapup() called.
Called wrapup()
Thread .top.Test is exiting.
-- Thread stopped.
-- Blocked Receiver call threw TerminateProcessException.
24 ms. Memory: 208384K Free: 133091K (64%)
/home/travis/build/icyphy/ptII/ptolemy/actor/lib/test/Publisher.tcl
9 ms. Memory: 208384K Free: 125912K (60%)
3 ms. Memory: 208384K Free: 118733K (57%)
8 ms. Memory: 208384K Free: 116340K (56%)
9 ms. Memory: 208384K Free: 113947K (55%)
2 ms. Memory: 208384K Free: 113947K (55%)
3 ms. Memory: 208384K Free: 113947K (55%)
11 ms. Memory: 208384K Free: 111554K (54%)
7 ms. Memory: 208384K Free: 111554K (54%)
1 ms. Memory: 208384K Free: 101982K (49%)
4 ms. Memory: 208384K Free: 97197K (47%)
2 ms. Memory: 208384K Free: 97197K (47%)
1 ms. Memory: 208384K Free: 94803K (45%)
6 ms. Memory: 208384K Free: 87625K (42%)
9 ms. Memory: 208384K Free: 198633K (95%)
6 ms. Memory: 208384K Free: 186840K (90%)
/home/travis/build/icyphy/ptII/ptolemy/actor/lib/test/Pulse.tcl
2 ms. Memory: 208384K Free: 144382K (69%)
1 ms. Memory: 208384K Free: 142023K (68%)
1 ms. Memory: 208384K Free: 142023K (68%)
1 ms. Memory: 208384K Free: 142023K (68%)
1 ms. Memory: 208384K Free: 142023K (68%)
1 ms. Memory: 208384K Free: 139664K (67%)
2 ms. Memory: 208384K Free: 139664K (67%)
1 ms. Memory: 208384K Free: 139664K (67%)
1 ms. Memory: 208384K Free: 137305K (66%)
/home/travis/build/icyphy/ptII/ptolemy/actor/lib/test/Ramp.tcl
2 ms. Memory: 208384K Free: 134946K (65%)
1 ms. Memory: 208384K Free: 134946K (65%)
1 ms. Memory: 208384K Free: 134946K (65%)
1 ms. Memory: 208384K Free: 132588K (64%)
2 ms. Memory: 208384K Free: 132588K (64%)
3 ms. Memory: 208384K Free: 132588K (64%)
3 ms. Memory: 208384K Free: 130229K (62%)
5 actors
13000 microseconds per iteration to create
19 ms. Memory: 208384K Free: 127870K (61%)
2 ms. Memory: 208384K Free: 127870K (61%)
2 ms. Memory: 208384K Free: 127870K (61%)
2 ms. Memory: 208384K Free: 125511K (60%)
50 actors
26000 microseconds per iteration to create
25 ms. Memory: 208384K Free: 111359K (53%)
5 ms. Memory: 208384K Free: 109000K (52%)
5 ms. Memory: 208384K Free: 109000K (52%)
5 ms. Memory: 208384K Free: 109000K (52%)
500 actors
1251000 microseconds per iteration to create
217 ms. Memory: 331776K Free: 178221K (54%)
41 ms. Memory: 331776K Free: 173453K (52%)
39 ms. Memory: 331776K Free: 168696K (51%)
37 ms. Memory: 331776K Free: 163939K (49%)
/home/travis/build/icyphy/ptII/ptolemy/actor/lib/test/RampContinuous.tcl
10 ms. Memory: 331776K Free: 163939K (49%)
/home/travis/build/icyphy/ptII/ptolemy/actor/lib/test/RecordAssembler.tcl
6 ms. Memory: 331776K Free: 159182K (48%)
5 ms. Memory: 331776K Free: 159182K (48%)
/home/travis/build/icyphy/ptII/ptolemy/actor/lib/test/RecordDisassembler.tcl
4 ms. Memory: 331776K Free: 159182K (48%)
5 ms. Memory: 331776K Free: 154410K (47%)
5 ms. Memory: 331776K Free: 154410K (47%)
/home/travis/build/icyphy/ptII/ptolemy/actor/lib/test/Scale.tcl
3 ms. Memory: 331776K Free: 154410K (47%)
1 ms. Memory: 331776K Free: 154410K (47%)
1 ms. Memory: 331776K Free: 154410K (47%)
3 ms. Memory: 331776K Free: 149653K (45%)
3 ms. Memory: 331776K Free: 149653K (45%)
/home/travis/build/icyphy/ptII/ptolemy/actor/lib/test/SequentialClock.tcl
preinitializing
resolving types
initializing
executing number 1
wrapping up
idle
3 ms. Memory: 331776K Free: 149653K (45%)
Completed execution with 5 iterations
preinitializing
resolving types
initializing
executing number 1
wrapping up
idle
5 ms. Memory: 331776K Free: 149653K (45%)
Completed execution with 5 iterations
preinitializing
resolving types
initializing
executing number 1
wrapping up
idle
1 ms. Memory: 331776K Free: 149653K (45%)
Completed execution with 5 iterations
/home/travis/build/icyphy/ptII/ptolemy/actor/lib/test/SetVariable.tcl
5 ms. Memory: 331776K Free: 144896K (44%)
/home/travis/build/icyphy/ptII/ptolemy/actor/lib/test/Sinewave.tcl
/home/travis/build/icyphy/ptII/ptolemy/actor/lib/test/SubscriptionAggregator.tcl
6 ms. Memory: 331776K Free: 130602K (39%)
5 ms. Memory: 331776K Free: 130602K (39%)
1 ms. Memory: 331776K Free: 130602K (39%)
1 ms. Memory: 331776K Free: 130602K (39%)
1 ms. Memory: 331776K Free: 125845K (38%)
3 ms. Memory: 331776K Free: 125845K (38%)
...............................................................858 ms. Memory: 578048K Free: 325359K (56%)
/home/travis/build/icyphy/ptII/ptolemy/actor/lib/test/Test.tcl
 The next command will produce a warning about training mode,
   which may be ignored.
10 ms. Memory: 578048K Free: 325359K (56%)
6 ms. Memory: 578048K Free: 325359K (56%)
1 ms. Memory: 578048K Free: 315761K (55%)
2 ms. Memory: 578048K Free: 315761K (55%)
1 ms. Memory: 578048K Free: 315761K (55%)
12 ms. Memory: 578048K Free: 315761K (55%)
6 ms. Memory: 578048K Free: 315761K (55%)
 The next command will produce a warning about training mode,
   which may be ignored.
10 ms. Memory: 578048K Free: 315761K (55%)
 The next command will produce a warning about training mode,
   which may be ignored.
2 ms. Memory: 578048K Free: 315761K (55%)
1 ms. Memory: 578048K Free: 315761K (55%)
1 ms. Memory: 578048K Free: 315761K (55%)
5 ms. Memory: 578048K Free: 315761K (55%)
2 ms. Memory: 578048K Free: 306148K (53%)
6 ms. Memory: 578048K Free: 306148K (53%)
/home/travis/build/icyphy/ptII/ptolemy/actor/lib/test/TestExceptionHandler.tcl
 The next command will produce a warning about training mode,
   which may be ignored.
2 ms. Memory: 578048K Free: 306148K (53%)
1 ms. Memory: 578048K Free: 306148K (53%)
0 ms. Memory: 578048K Free: 306148K (53%)
/home/travis/build/icyphy/ptII/ptolemy/actor/lib/test/UnionDisassembler.tcl
23 ms. Memory: 578048K Free: 296542K (51%)
/home/travis/build/icyphy/ptII/ptolemy/actor/lib/test/VariableClock.tcl
preinitializing
resolving types
initializing
executing number 1
wrapping up
idle
3 ms. Memory: 578048K Free: 296542K (51%)
Completed execution with 11 iterations
preinitializing
resolving types
initializing
executing number 1
wrapping up
idle
2 ms. Memory: 578048K Free: 296542K (51%)
Completed execution with 10 iterations
12/07/18 02:55:57
Failed: 0  Total Tests: 234  ((Passed: 234, Newly Passed: 0)  Known Failed: 0) /home/travis/build/icyphy/ptII/ptolemy/actor/lib/test
----------------- testing (KnownFailure) /home/travis/build/icyphy/ptII/ptolemy/actor/lib/test/auto/knownFailedTests/PublisherPortToplevelSubscriber.xml
1 ms. Memory: 578048K Free: 286825K (50%)
Known Failure: java.lang.reflect.InvocationTargetException
----------------- testing (KnownFailure) /home/travis/build/icyphy/ptII/ptolemy/actor/lib/test/auto/knownFailedTests/PublisherSubscriberPortToplevel.xml
1 ms. Memory: 578048K Free: 267389K (46%)
Known Failure: java.lang.reflect.InvocationTargetException
----------------- testing (KnownFailure) /home/travis/build/icyphy/ptII/ptolemy/actor/lib/test/auto/knownFailedTests/PublisherSubscriptionAggregatorPort.xml
2 ms. Memory: 578048K Free: 247953K (43%)
Known Failure: java.lang.reflect.InvocationTargetException
----------------- testing (KnownFailure) /home/travis/build/icyphy/ptII/ptolemy/actor/lib/test/auto/knownFailedTests/sizedarray3.xml
6 ms. Memory: 578048K Free: 228517K (40%)
Known Failure: java.lang.reflect.InvocationTargetException
No auto/linux-amd64/*.xml tests in /home/travis/build/icyphy/ptII/ptolemy/actor/lib/test
AutoTests.java: About to close Vertx.
AutoTests.java: Vertx closed.

===========================================================================================
----------------- testing Fri Dec 07 02:55:57 UTC 2018 /home/travis/build/icyphy/ptII/ptolemy/actor/lib/test/auto/AbsoluteValue.xml
----------------- Instantiating /home/travis/build/icyphy/ptII/ptolemy/actor/lib/test/auto/AbsoluteValue.xml
28 ms. Memory: 578048K Free: 141417K (24%)
----------------- Invoking toplevel() on ptolemy.moml.MoMLSimpleApplication@6dde4876
----------------- Done invoking toplevel() on ptolemy.moml.MoMLSimpleApplication@6dde4876
reloadAllAccessors: .AbsoluteValue

===========================================================================================
----------------- testing Fri Dec 07 02:55:57 UTC 2018 /home/travis/build/icyphy/ptII/ptolemy/actor/lib/test/auto/AbsoluteValue2.xml
----------------- Instantiating /home/travis/build/icyphy/ptII/ptolemy/actor/lib/test/auto/AbsoluteValue2.xml
13 ms. Memory: 578048K Free: 126824K (22%)
----------------- Invoking toplevel() on ptolemy.moml.MoMLSimpleApplication@36cb0d8c
----------------- Done invoking toplevel() on ptolemy.moml.MoMLSimpleApplication@36cb0d8c
reloadAllAccessors: .AbsoluteValue2

===========================================================================================
----------------- testing Fri Dec 07 02:55:57 UTC 2018 /home/travis/build/icyphy/ptII/ptolemy/actor/lib/test/auto/Accumulator.xml
----------------- Instantiating /home/travis/build/icyphy/ptII/ptolemy/actor/lib/test/auto/Accumulator.xml
6 ms. Memory: 578048K Free: 107509K (19%)
----------------- Invoking toplevel() on ptolemy.moml.MoMLSimpleApplication@6cde569d
----------------- Done invoking toplevel() on ptolemy.moml.MoMLSimpleApplication@6cde569d
reloadAllAccessors: .Accumulator

===========================================================================================
----------------- testing Fri Dec 07 02:55:57 UTC 2018 /home/travis/build/icyphy/ptII/ptolemy/actor/lib/test/auto/Accumulator2.xml
----------------- Instantiating /home/travis/build/icyphy/ptII/ptolemy/actor/lib/test/auto/Accumulator2.xml
3 ms. Memory: 578048K Free: 97791K (17%)
----------------- Invoking toplevel() on ptolemy.moml.MoMLSimpleApplication@524cc86
----------------- Done invoking toplevel() on ptolemy.moml.MoMLSimpleApplication@524cc86
reloadAllAccessors: .Accumulator2

===========================================================================================
----------------- testing Fri Dec 07 02:55:57 UTC 2018 /home/travis/build/icyphy/ptII/ptolemy/actor/lib/test/auto/Accumulator3.xml
----------------- Instantiating /home/travis/build/icyphy/ptII/ptolemy/actor/lib/test/auto/Accumulator3.xml
3 ms. Memory: 578048K Free: 88073K (15%)
----------------- Invoking toplevel() on ptolemy.moml.MoMLSimpleApplication@1120a23d
----------------- Done invoking toplevel() on ptolemy.moml.MoMLSimpleApplication@1120a23d
reloadAllAccessors: .Accumulator3

===========================================================================================
----------------- testing Fri Dec 07 02:55:57 UTC 2018 /home/travis/build/icyphy/ptII/ptolemy/actor/lib/test/auto/ArrayAppend.xml
----------------- Instantiating /home/travis/build/icyphy/ptII/ptolemy/actor/lib/test/auto/ArrayAppend.xml
5 ms. Memory: 578048K Free: 78355K (14%)
----------------- Invoking toplevel() on ptolemy.moml.MoMLSimpleApplication@6aed2f4
----------------- Done invoking toplevel() on ptolemy.moml.MoMLSimpleApplication@6aed2f4
reloadAllAccessors: .ArrayAppend

===========================================================================================
----------------- testing Fri Dec 07 02:55:57 UTC 2018 /home/travis/build/icyphy/ptII/ptolemy/actor/lib/test/auto/ArrayAppend2.xml
----------------- Instantiating /home/travis/build/icyphy/ptII/ptolemy/actor/lib/test/auto/ArrayAppend2.xml
680 ms. Memory: 580608K Free: 452881K (78%)
----------------- Invoking toplevel() on ptolemy.moml.MoMLSimpleApplication@151f2fdb
----------------- Done invoking toplevel() on ptolemy.moml.MoMLSimpleApplication@151f2fdb
reloadAllAccessors: .ArrayAppend2

===========================================================================================
----------------- testing Fri Dec 07 02:55:58 UTC 2018 /home/travis/build/icyphy/ptII/ptolemy/actor/lib/test/auto/ArrayAppend3.xml
----------------- Instantiating /home/travis/build/icyphy/ptII/ptolemy/actor/lib/test/auto/ArrayAppend3.xml
4 ms. Memory: 580608K Free: 434842K (75%)
----------------- Invoking toplevel() on ptolemy.moml.MoMLSimpleApplication@5ccd9802
----------------- Done invoking toplevel() on ptolemy.moml.MoMLSimpleApplication@5ccd9802
reloadAllAccessors: .ArrayAppend3

===========================================================================================
----------------- testing Fri Dec 07 02:55:58 UTC 2018 /home/travis/build/icyphy/ptII/ptolemy/actor/lib/test/auto/ArrayAppend4.xml
----------------- Instantiating /home/travis/build/icyphy/ptII/ptolemy/actor/lib/test/auto/ArrayAppend4.xml
6 ms. Memory: 580608K Free: 425124K (73%)
----------------- Invoking toplevel() on ptolemy.moml.MoMLSimpleApplication@124c730
----------------- Done invoking toplevel() on ptolemy.moml.MoMLSimpleApplication@124c730
reloadAllAccessors: .ArrayAppend4

===========================================================================================
----------------- testing Fri Dec 07 02:55:58 UTC 2018 /home/travis/build/icyphy/ptII/ptolemy/actor/lib/test/auto/ArrayAppend5.xml
----------------- Instantiating /home/travis/build/icyphy/ptII/ptolemy/actor/lib/test/auto/ArrayAppend5.xml
2 ms. Memory: 580608K Free: 415406K (72%)
----------------- Invoking toplevel() on ptolemy.moml.MoMLSimpleApplication@4f716f84
----------------- Done invoking toplevel() on ptolemy.moml.MoMLSimpleApplication@4f716f84
reloadAllAccessors: .ArrayAppend5

===========================================================================================
----------------- testing Fri Dec 07 02:55:58 UTC 2018 /home/travis/build/icyphy/ptII/ptolemy/actor/lib/test/auto/ArrayAppend6.xml
----------------- Instantiating /home/travis/build/icyphy/ptII/ptolemy/actor/lib/test/auto/ArrayAppend6.xml
7 ms. Memory: 580608K Free: 397366K (68%)
----------------- Invoking toplevel() on ptolemy.moml.MoMLSimpleApplication@e253e1d
----------------- Done invoking toplevel() on ptolemy.moml.MoMLSimpleApplication@e253e1d
reloadAllAccessors: .ArrayAppend6

===========================================================================================
----------------- testing Fri Dec 07 02:55:58 UTC 2018 /home/travis/build/icyphy/ptII/ptolemy/actor/lib/test/auto/ArrayAppendPerformanceTest.xml
----------------- Instantiating /home/travis/build/icyphy/ptII/ptolemy/actor/lib/test/auto/ArrayAppendPerformanceTest.xml
34 ms. Memory: 580608K Free: 382774K (66%)
----------------- Invoking toplevel() on ptolemy.moml.MoMLSimpleApplication@36879536
----------------- Done invoking toplevel() on ptolemy.moml.MoMLSimpleApplication@36879536
reloadAllAccessors: .ArrayAppendPerformanceTest

===========================================================================================
----------------- testing Fri Dec 07 02:55:58 UTC 2018 /home/travis/build/icyphy/ptII/ptolemy/actor/lib/test/auto/ArrayAppendWithEmptyInput.xml
----------------- Instantiating /home/travis/build/icyphy/ptII/ptolemy/actor/lib/test/auto/ArrayAppendWithEmptyInput.xml
22 ms. Memory: 580608K Free: 368181K (63%)
----------------- Invoking toplevel() on ptolemy.moml.MoMLSimpleApplication@8f57117
----------------- Done invoking toplevel() on ptolemy.moml.MoMLSimpleApplication@8f57117
reloadAllAccessors: .ArrayAppendWithEmptyInput

===========================================================================================
----------------- testing Fri Dec 07 02:55:58 UTC 2018 /home/travis/build/icyphy/ptII/ptolemy/actor/lib/test/auto/ArrayAverage.xml
----------------- Instantiating /home/travis/build/icyphy/ptII/ptolemy/actor/lib/test/auto/ArrayAverage.xml
8 ms. Memory: 580608K Free: 353596K (61%)
----------------- Invoking toplevel() on ptolemy.moml.MoMLSimpleApplication@1d79f4ef
----------------- Done invoking toplevel() on ptolemy.moml.MoMLSimpleApplication@1d79f4ef
reloadAllAccessors: .ArrayAverage

===========================================================================================
----------------- testing Fri Dec 07 02:55:58 UTC 2018 /home/travis/build/icyphy/ptII/ptolemy/actor/lib/test/auto/ArrayContains.xml
----------------- Instantiating /home/travis/build/icyphy/ptII/ptolemy/actor/lib/test/auto/ArrayContains.xml
12 ms. Memory: 580608K Free: 335557K (58%)
----------------- Invoking toplevel() on ptolemy.moml.MoMLSimpleApplication@a053ba0
----------------- Done invoking toplevel() on ptolemy.moml.MoMLSimpleApplication@a053ba0
reloadAllAccessors: .ArrayContains

===========================================================================================
----------------- testing Fri Dec 07 02:55:58 UTC 2018 /home/travis/build/icyphy/ptII/ptolemy/actor/lib/test/auto/ArrayElement.xml
----------------- Instantiating /home/travis/build/icyphy/ptII/ptolemy/actor/lib/test/auto/ArrayElement.xml
9 ms. Memory: 580608K Free: 325839K (56%)
----------------- Invoking toplevel() on ptolemy.moml.MoMLSimpleApplication@539d6d2e
----------------- Done invoking toplevel() on ptolemy.moml.MoMLSimpleApplication@539d6d2e
reloadAllAccessors: .ArrayElement

===========================================================================================
----------------- testing Fri Dec 07 02:55:59 UTC 2018 /home/travis/build/icyphy/ptII/ptolemy/actor/lib/test/auto/ArrayElementAsMatrix.xml
----------------- Instantiating /home/travis/build/icyphy/ptII/ptolemy/actor/lib/test/auto/ArrayElementAsMatrix.xml
10 ms. Memory: 580608K Free: 311246K (54%)
----------------- Invoking toplevel() on ptolemy.moml.MoMLSimpleApplication@57ca7913
----------------- Done invoking toplevel() on ptolemy.moml.MoMLSimpleApplication@57ca7913
reloadAllAccessors: .ArrayElementAsMatrix

===========================================================================================
----------------- testing Fri Dec 07 02:55:59 UTC 2018 /home/travis/build/icyphy/ptII/ptolemy/actor/lib/test/auto/ArrayElementI.xml
----------------- Instantiating /home/travis/build/icyphy/ptII/ptolemy/actor/lib/test/auto/ArrayElementI.xml
2 ms. Memory: 580608K Free: 301528K (52%)
----------------- Invoking toplevel() on ptolemy.moml.MoMLSimpleApplication@246ef5a1
----------------- Done invoking toplevel() on ptolemy.moml.MoMLSimpleApplication@246ef5a1
reloadAllAccessors: .ArrayElementI

===========================================================================================
----------------- testing Fri Dec 07 02:55:59 UTC 2018 /home/travis/build/icyphy/ptII/ptolemy/actor/lib/test/auto/ArrayExtract.xml
----------------- Instantiating /home/travis/build/icyphy/ptII/ptolemy/actor/lib/test/auto/ArrayExtract.xml
4 ms. Memory: 580608K Free: 283489K (49%)
----------------- Invoking toplevel() on ptolemy.moml.MoMLSimpleApplication@5bfd8600
----------------- Done invoking toplevel() on ptolemy.moml.MoMLSimpleApplication@5bfd8600
reloadAllAccessors: .ArrayExtract

===========================================================================================
----------------- testing Fri Dec 07 02:55:59 UTC 2018 /home/travis/build/icyphy/ptII/ptolemy/actor/lib/test/auto/ArrayExtract2.xml
----------------- Instantiating /home/travis/build/icyphy/ptII/ptolemy/actor/lib/test/auto/ArrayExtract2.xml
2 ms. Memory: 580608K Free: 273771K (47%)
----------------- Invoking toplevel() on ptolemy.moml.MoMLSimpleApplication@4c09d647
----------------- Done invoking toplevel() on ptolemy.moml.MoMLSimpleApplication@4c09d647
reloadAllAccessors: .ArrayExtract2

===========================================================================================
----------------- testing Fri Dec 07 02:55:59 UTC 2018 /home/travis/build/icyphy/ptII/ptolemy/actor/lib/test/auto/ArrayLength.xml
----------------- Instantiating /home/travis/build/icyphy/ptII/ptolemy/actor/lib/test/auto/ArrayLength.xml
2 ms. Memory: 580608K Free: 259194K (45%)
----------------- Invoking toplevel() on ptolemy.moml.MoMLSimpleApplication@1b9a6775
----------------- Done invoking toplevel() on ptolemy.moml.MoMLSimpleApplication@1b9a6775
reloadAllAccessors: .ArrayLength

===========================================================================================
----------------- testing Fri Dec 07 02:55:59 UTC 2018 /home/travis/build/icyphy/ptII/ptolemy/actor/lib/test/auto/ArrayLevelCrossing.xml
----------------- Instantiating /home/travis/build/icyphy/ptII/ptolemy/actor/lib/test/auto/ArrayLevelCrossing.xml
12 ms. Memory: 580608K Free: 244602K (42%)
----------------- Invoking toplevel() on ptolemy.moml.MoMLSimpleApplication@5df9e7ec
----------------- Done invoking toplevel() on ptolemy.moml.MoMLSimpleApplication@5df9e7ec
reloadAllAccessors: .ArrayLevelCrossing

===========================================================================================
----------------- testing Fri Dec 07 02:55:59 UTC 2018 /home/travis/build/icyphy/ptII/ptolemy/actor/lib/test/auto/ArrayLevelCrossing2.xml
----------------- Instantiating /home/travis/build/icyphy/ptII/ptolemy/actor/lib/test/auto/ArrayLevelCrossing2.xml
3 ms. Memory: 580608K Free: 221687K (38%)
----------------- Invoking toplevel() on ptolemy.moml.MoMLSimpleApplication@29e49e5b
----------------- Done invoking toplevel() on ptolemy.moml.MoMLSimpleApplication@29e49e5b
reloadAllAccessors: .ArrayLevelCrossing2

===========================================================================================
----------------- testing Fri Dec 07 02:55:59 UTC 2018 /home/travis/build/icyphy/ptII/ptolemy/actor/lib/test/auto/ArrayPeakSearch.xml
----------------- Instantiating /home/travis/build/icyphy/ptII/ptolemy/actor/lib/test/auto/ArrayPeakSearch.xml
6 ms. Memory: 580608K Free: 207094K (36%)
----------------- Invoking toplevel() on ptolemy.moml.MoMLSimpleApplication@1cb91057
----------------- Done invoking toplevel() on ptolemy.moml.MoMLSimpleApplication@1cb91057
reloadAllAccessors: .ArrayPeakSearch

===========================================================================================
----------------- testing Fri Dec 07 02:55:59 UTC 2018 /home/travis/build/icyphy/ptII/ptolemy/actor/lib/test/auto/ArrayPeakSearch2.xml
----------------- Instantiating /home/travis/build/icyphy/ptII/ptolemy/actor/lib/test/auto/ArrayPeakSearch2.xml
4 ms. Memory: 580608K Free: 192501K (33%)
----------------- Invoking toplevel() on ptolemy.moml.MoMLSimpleApplication@2c2e9956
----------------- Done invoking toplevel() on ptolemy.moml.MoMLSimpleApplication@2c2e9956
reloadAllAccessors: .ArrayPeakSearch2

===========================================================================================
----------------- testing Fri Dec 07 02:55:59 UTC 2018 /home/travis/build/icyphy/ptII/ptolemy/actor/lib/test/auto/ArrayPeakSearch3.xml
----------------- Instantiating /home/travis/build/icyphy/ptII/ptolemy/actor/lib/test/auto/ArrayPeakSearch3.xml
3 ms. Memory: 580608K Free: 169587K (29%)
----------------- Invoking toplevel() on ptolemy.moml.MoMLSimpleApplication@752e42a2
----------------- Done invoking toplevel() on ptolemy.moml.MoMLSimpleApplication@752e42a2
reloadAllAccessors: .ArrayPeakSearch3

===========================================================================================
----------------- testing Fri Dec 07 02:55:59 UTC 2018 /home/travis/build/icyphy/ptII/ptolemy/actor/lib/test/auto/ArrayRemoveElement.xml
----------------- Instantiating /home/travis/build/icyphy/ptII/ptolemy/actor/lib/test/auto/ArrayRemoveElement.xml
3 ms. Memory: 580608K Free: 155010K (27%)
----------------- Invoking toplevel() on ptolemy.moml.MoMLSimpleApplication@7a9aee80
----------------- Done invoking toplevel() on ptolemy.moml.MoMLSimpleApplication@7a9aee80
reloadAllAccessors: .ArrayRemoveElement

===========================================================================================
----------------- testing Fri Dec 07 02:55:59 UTC 2018 /home/travis/build/icyphy/ptII/ptolemy/actor/lib/test/auto/ArraySort.xml
----------------- Instantiating /home/travis/build/icyphy/ptII/ptolemy/actor/lib/test/auto/ArraySort.xml
3 ms. Memory: 580608K Free: 140425K (24%)
----------------- Invoking toplevel() on ptolemy.moml.MoMLSimpleApplication@10ce1516
----------------- Done invoking toplevel() on ptolemy.moml.MoMLSimpleApplication@10ce1516
reloadAllAccessors: .ArraySort

===========================================================================================
----------------- testing Fri Dec 07 02:55:59 UTC 2018 /home/travis/build/icyphy/ptII/ptolemy/actor/lib/test/auto/ArraySum.xml
----------------- Instantiating /home/travis/build/icyphy/ptII/ptolemy/actor/lib/test/auto/ArraySum.xml
2 ms. Memory: 580608K Free: 130707K (23%)
----------------- Invoking toplevel() on ptolemy.moml.MoMLSimpleApplication@73552126
----------------- Done invoking toplevel() on ptolemy.moml.MoMLSimpleApplication@73552126
reloadAllAccessors: .ArraySum

===========================================================================================
----------------- testing Fri Dec 07 02:55:59 UTC 2018 /home/travis/build/icyphy/ptII/ptolemy/actor/lib/test/auto/ArrayToElements.xml
----------------- Instantiating /home/travis/build/icyphy/ptII/ptolemy/actor/lib/test/auto/ArrayToElements.xml
3 ms. Memory: 580608K Free: 112668K (19%)
----------------- Invoking toplevel() on ptolemy.moml.MoMLSimpleApplication@10939d06
----------------- Done invoking toplevel() on ptolemy.moml.MoMLSimpleApplication@10939d06
reloadAllAccessors: .ArrayToElements

===========================================================================================
----------------- testing Fri Dec 07 02:55:59 UTC 2018 /home/travis/build/icyphy/ptII/ptolemy/actor/lib/test/auto/ArrayToMatrix.xml
----------------- Instantiating /home/travis/build/icyphy/ptII/ptolemy/actor/lib/test/auto/ArrayToMatrix.xml
6 ms. Memory: 580608K Free: 93224K (16%)
----------------- Invoking toplevel() on ptolemy.moml.MoMLSimpleApplication@7b07157
----------------- Done invoking toplevel() on ptolemy.moml.MoMLSimpleApplication@7b07157
reloadAllAccessors: .ArrayToMatrix

===========================================================================================
----------------- testing Fri Dec 07 02:55:59 UTC 2018 /home/travis/build/icyphy/ptII/ptolemy/actor/lib/test/auto/ArrayUpdate1.xml
----------------- Instantiating /home/travis/build/icyphy/ptII/ptolemy/actor/lib/test/auto/ArrayUpdate1.xml
7 ms. Memory: 580608K Free: 83506K (14%)
----------------- Invoking toplevel() on ptolemy.moml.MoMLSimpleApplication@3f35410b
----------------- Done invoking toplevel() on ptolemy.moml.MoMLSimpleApplication@3f35410b
reloadAllAccessors: .ArrayUpdate1

===========================================================================================
----------------- testing Fri Dec 07 02:55:59 UTC 2018 /home/travis/build/icyphy/ptII/ptolemy/actor/lib/test/auto/ArrayUpdate2.xml
----------------- Instantiating /home/travis/build/icyphy/ptII/ptolemy/actor/lib/test/auto/ArrayUpdate2.xml
5 ms. Memory: 580608K Free: 73788K (13%)
----------------- Invoking toplevel() on ptolemy.moml.MoMLSimpleApplication@27624ee5
----------------- Done invoking toplevel() on ptolemy.moml.MoMLSimpleApplication@27624ee5
reloadAllAccessors: .ArrayUpdate2

===========================================================================================
----------------- testing Fri Dec 07 02:55:59 UTC 2018 /home/travis/build/icyphy/ptII/ptolemy/actor/lib/test/auto/ArrayUpdate3.xml
----------------- Instantiating /home/travis/build/icyphy/ptII/ptolemy/actor/lib/test/auto/ArrayUpdate3.xml
3 ms. Memory: 580608K Free: 55749K (10%)
----------------- Invoking toplevel() on ptolemy.moml.MoMLSimpleApplication@a47dcdc
----------------- Done invoking toplevel() on ptolemy.moml.MoMLSimpleApplication@a47dcdc
reloadAllAccessors: .ArrayUpdate3

===========================================================================================
----------------- testing Fri Dec 07 02:55:59 UTC 2018 /home/travis/build/icyphy/ptII/ptolemy/actor/lib/test/auto/Assert1.xml
----------------- Instantiating /home/travis/build/icyphy/ptII/ptolemy/actor/lib/test/auto/Assert1.xml
3 ms. Memory: 878592K Free: 828677K (94%)
----------------- Invoking toplevel() on ptolemy.moml.MoMLSimpleApplication@15c6f633
----------------- Done invoking toplevel() on ptolemy.moml.MoMLSimpleApplication@15c6f633
reloadAllAccessors: .Assert1

===========================================================================================
----------------- testing Fri Dec 07 02:55:59 UTC 2018 /home/travis/build/icyphy/ptII/ptolemy/actor/lib/test/auto/Assert2.xml
----------------- Instantiating /home/travis/build/icyphy/ptII/ptolemy/actor/lib/test/auto/Assert2.xml
5 ms. Memory: 878592K Free: 808989K (92%)
----------------- Invoking toplevel() on ptolemy.moml.MoMLSimpleApplication@264568ea
----------------- Done invoking toplevel() on ptolemy.moml.MoMLSimpleApplication@264568ea
reloadAllAccessors: .Assert2

===========================================================================================
----------------- testing Fri Dec 07 02:55:59 UTC 2018 /home/travis/build/icyphy/ptII/ptolemy/actor/lib/test/auto/BooleanMultiplexor.xml
----------------- Instantiating /home/travis/build/icyphy/ptII/ptolemy/actor/lib/test/auto/BooleanMultiplexor.xml
2 ms. Memory: 878592K Free: 798619K (91%)
----------------- Invoking toplevel() on ptolemy.moml.MoMLSimpleApplication@7faedf25
----------------- Done invoking toplevel() on ptolemy.moml.MoMLSimpleApplication@7faedf25
reloadAllAccessors: .BooleanMultiplexor

===========================================================================================
----------------- testing Fri Dec 07 02:55:59 UTC 2018 /home/travis/build/icyphy/ptII/ptolemy/actor/lib/test/auto/BooleanMultiplexor2.xml
----------------- Instantiating /home/travis/build/icyphy/ptII/ptolemy/actor/lib/test/auto/BooleanMultiplexor2.xml
11 ms. Memory: 878592K Free: 788249K (90%)
----------------- Invoking toplevel() on ptolemy.moml.MoMLSimpleApplication@40faab1c
----------------- Done invoking toplevel() on ptolemy.moml.MoMLSimpleApplication@40faab1c
reloadAllAccessors: .BooleanMultiplexor2

===========================================================================================
----------------- testing Fri Dec 07 02:55:59 UTC 2018 /home/travis/build/icyphy/ptII/ptolemy/actor/lib/test/auto/BooleanMultiplexor3.xml
----------------- Instantiating /home/travis/build/icyphy/ptII/ptolemy/actor/lib/test/auto/BooleanMultiplexor3.xml
2 ms. Memory: 878592K Free: 777631K (89%)
----------------- Invoking toplevel() on ptolemy.moml.MoMLSimpleApplication@6f028b94
----------------- Done invoking toplevel() on ptolemy.moml.MoMLSimpleApplication@6f028b94
reloadAllAccessors: .BooleanMultiplexor3

===========================================================================================
----------------- testing Fri Dec 07 02:55:59 UTC 2018 /home/travis/build/icyphy/ptII/ptolemy/actor/lib/test/auto/BooleanSelect.xml
----------------- Instantiating /home/travis/build/icyphy/ptII/ptolemy/actor/lib/test/auto/BooleanSelect.xml
3 ms. Memory: 878592K Free: 757943K (86%)
----------------- Invoking toplevel() on ptolemy.moml.MoMLSimpleApplication@615a1e6e
----------------- Done invoking toplevel() on ptolemy.moml.MoMLSimpleApplication@615a1e6e
reloadAllAccessors: .BooleanSelect

===========================================================================================
----------------- testing Fri Dec 07 02:55:59 UTC 2018 /home/travis/build/icyphy/ptII/ptolemy/actor/lib/test/auto/BooleanSelect2.xml
----------------- Instantiating /home/travis/build/icyphy/ptII/ptolemy/actor/lib/test/auto/BooleanSelect2.xml
1 ms. Memory: 878592K Free: 747573K (85%)
----------------- Invoking toplevel() on ptolemy.moml.MoMLSimpleApplication@d91b6ba
----------------- Done invoking toplevel() on ptolemy.moml.MoMLSimpleApplication@d91b6ba
reloadAllAccessors: .BooleanSelect2

===========================================================================================
----------------- testing Fri Dec 07 02:55:59 UTC 2018 /home/travis/build/icyphy/ptII/ptolemy/actor/lib/test/auto/BooleanSwitch.xml
----------------- Instantiating /home/travis/build/icyphy/ptII/ptolemy/actor/lib/test/auto/BooleanSwitch.xml
2 ms. Memory: 878592K Free: 737203K (84%)
----------------- Invoking toplevel() on ptolemy.moml.MoMLSimpleApplication@3a45f062
----------------- Done invoking toplevel() on ptolemy.moml.MoMLSimpleApplication@3a45f062
reloadAllAccessors: .BooleanSwitch

===========================================================================================
----------------- testing Fri Dec 07 02:55:59 UTC 2018 /home/travis/build/icyphy/ptII/ptolemy/actor/lib/test/auto/BooleanSwitch2.xml
----------------- Instantiating /home/travis/build/icyphy/ptII/ptolemy/actor/lib/test/auto/BooleanSwitch2.xml
1 ms. Memory: 878592K Free: 726833K (83%)
----------------- Invoking toplevel() on ptolemy.moml.MoMLSimpleApplication@40ddc68f
----------------- Done invoking toplevel() on ptolemy.moml.MoMLSimpleApplication@40ddc68f
reloadAllAccessors: .BooleanSwitch2

===========================================================================================
----------------- testing Fri Dec 07 02:55:59 UTC 2018 /home/travis/build/icyphy/ptII/ptolemy/actor/lib/test/auto/BooleanSwitchCloningBugWithClassRelationGroup.xml
----------------- Instantiating /home/travis/build/icyphy/ptII/ptolemy/actor/lib/test/auto/BooleanSwitchCloningBugWithClassRelationGroup.xml
3 ms. Memory: 878592K Free: 707145K (80%)
----------------- Invoking toplevel() on ptolemy.moml.MoMLSimpleApplication@3f707fb
----------------- Done invoking toplevel() on ptolemy.moml.MoMLSimpleApplication@3f707fb
reloadAllAccessors: .BooleanSwitchCloningBugWithClassRelationGroup

===========================================================================================
----------------- testing Fri Dec 07 02:56:00 UTC 2018 /home/travis/build/icyphy/ptII/ptolemy/actor/lib/test/auto/BusActors.xml
----------------- Instantiating /home/travis/build/icyphy/ptII/ptolemy/actor/lib/test/auto/BusActors.xml
3 ms. Memory: 878592K Free: 691575K (79%)
----------------- Invoking toplevel() on ptolemy.moml.MoMLSimpleApplication@527c698b
----------------- Done invoking toplevel() on ptolemy.moml.MoMLSimpleApplication@527c698b
reloadAllAccessors: .BusActors

===========================================================================================
----------------- testing Fri Dec 07 02:56:00 UTC 2018 /home/travis/build/icyphy/ptII/ptolemy/actor/lib/test/auto/ClassWrapper.xml
----------------- Instantiating /home/travis/build/icyphy/ptII/ptolemy/actor/lib/test/auto/ClassWrapper.xml
2 ms. Memory: 878592K Free: 681205K (78%)
----------------- Invoking toplevel() on ptolemy.moml.MoMLSimpleApplication@5daf818c
----------------- Done invoking toplevel() on ptolemy.moml.MoMLSimpleApplication@5daf818c
reloadAllAccessors: .ClassWrapper

===========================================================================================
----------------- testing Fri Dec 07 02:56:00 UTC 2018 /home/travis/build/icyphy/ptII/ptolemy/actor/lib/test/auto/Clock.xml
----------------- Instantiating /home/travis/build/icyphy/ptII/ptolemy/actor/lib/test/auto/Clock.xml
2 ms. Memory: 878592K Free: 670835K (76%)
----------------- Invoking toplevel() on ptolemy.moml.MoMLSimpleApplication@1ec4469c
----------------- Done invoking toplevel() on ptolemy.moml.MoMLSimpleApplication@1ec4469c
reloadAllAccessors: .Clock

===========================================================================================
----------------- testing Fri Dec 07 02:56:00 UTC 2018 /home/travis/build/icyphy/ptII/ptolemy/actor/lib/test/auto/Clock10.xml
----------------- Instantiating /home/travis/build/icyphy/ptII/ptolemy/actor/lib/test/auto/Clock10.xml
7 ms. Memory: 878592K Free: 651147K (74%)
----------------- Invoking toplevel() on ptolemy.moml.MoMLSimpleApplication@69cbfc33
----------------- Done invoking toplevel() on ptolemy.moml.MoMLSimpleApplication@69cbfc33
reloadAllAccessors: .Clock10

===========================================================================================
----------------- testing Fri Dec 07 02:56:00 UTC 2018 /home/travis/build/icyphy/ptII/ptolemy/actor/lib/test/auto/Clock11.xml
----------------- Instantiating /home/travis/build/icyphy/ptII/ptolemy/actor/lib/test/auto/Clock11.xml
6 ms. Memory: 878592K Free: 640777K (73%)
----------------- Invoking toplevel() on ptolemy.moml.MoMLSimpleApplication@52388db5
----------------- Done invoking toplevel() on ptolemy.moml.MoMLSimpleApplication@52388db5
reloadAllAccessors: .Clock11

===========================================================================================
----------------- testing Fri Dec 07 02:56:00 UTC 2018 /home/travis/build/icyphy/ptII/ptolemy/actor/lib/test/auto/Clock12.xml
----------------- Instantiating /home/travis/build/icyphy/ptII/ptolemy/actor/lib/test/auto/Clock12.xml
4 ms. Memory: 878592K Free: 630407K (72%)
----------------- Invoking toplevel() on ptolemy.moml.MoMLSimpleApplication@5c96c572
----------------- Done invoking toplevel() on ptolemy.moml.MoMLSimpleApplication@5c96c572
reloadAllAccessors: .Clock12

===========================================================================================
----------------- testing Fri Dec 07 02:56:00 UTC 2018 /home/travis/build/icyphy/ptII/ptolemy/actor/lib/test/auto/Clock13.xml
----------------- Instantiating /home/travis/build/icyphy/ptII/ptolemy/actor/lib/test/auto/Clock13.xml
8 ms. Memory: 878592K Free: 620037K (71%)
----------------- Invoking toplevel() on ptolemy.moml.MoMLSimpleApplication@f3a6c57
----------------- Done invoking toplevel() on ptolemy.moml.MoMLSimpleApplication@f3a6c57
reloadAllAccessors: .Clock13

===========================================================================================
----------------- testing Fri Dec 07 02:56:00 UTC 2018 /home/travis/build/icyphy/ptII/ptolemy/actor/lib/test/auto/Clock14.xml
----------------- Instantiating /home/travis/build/icyphy/ptII/ptolemy/actor/lib/test/auto/Clock14.xml
7 ms. Memory: 878592K Free: 600349K (68%)
----------------- Invoking toplevel() on ptolemy.moml.MoMLSimpleApplication@2bc53ae5
----------------- Done invoking toplevel() on ptolemy.moml.MoMLSimpleApplication@2bc53ae5
reloadAllAccessors: .Clock14

===========================================================================================
----------------- testing Fri Dec 07 02:56:00 UTC 2018 /home/travis/build/icyphy/ptII/ptolemy/actor/lib/test/auto/Clock15.xml
----------------- Instantiating /home/travis/build/icyphy/ptII/ptolemy/actor/lib/test/auto/Clock15.xml
6 ms. Memory: 878592K Free: 589979K (67%)
----------------- Invoking toplevel() on ptolemy.moml.MoMLSimpleApplication@60a68e3a
----------------- Done invoking toplevel() on ptolemy.moml.MoMLSimpleApplication@60a68e3a
reloadAllAccessors: .Clock15

===========================================================================================
----------------- testing Fri Dec 07 02:56:00 UTC 2018 /home/travis/build/icyphy/ptII/ptolemy/actor/lib/test/auto/Clock16.xml
----------------- Instantiating /home/travis/build/icyphy/ptII/ptolemy/actor/lib/test/auto/Clock16.xml
15 ms. Memory: 878592K Free: 569208K (65%)
----------------- Invoking toplevel() on ptolemy.moml.MoMLSimpleApplication@58b6053a
----------------- Done invoking toplevel() on ptolemy.moml.MoMLSimpleApplication@58b6053a
reloadAllAccessors: .Clock16

===========================================================================================
----------------- testing Fri Dec 07 02:56:00 UTC 2018 /home/travis/build/icyphy/ptII/ptolemy/actor/lib/test/auto/Clock17.xml
----------------- Instantiating /home/travis/build/icyphy/ptII/ptolemy/actor/lib/test/auto/Clock17.xml
21 ms. Memory: 878592K Free: 553637K (63%)
----------------- Invoking toplevel() on ptolemy.moml.MoMLSimpleApplication@778690ee
----------------- Done invoking toplevel() on ptolemy.moml.MoMLSimpleApplication@778690ee
reloadAllAccessors: .Clock17

===========================================================================================
----------------- testing Fri Dec 07 02:56:00 UTC 2018 /home/travis/build/icyphy/ptII/ptolemy/actor/lib/test/auto/Clock18.xml
----------------- Instantiating /home/travis/build/icyphy/ptII/ptolemy/actor/lib/test/auto/Clock18.xml
17 ms. Memory: 878592K Free: 528748K (60%)
----------------- Invoking toplevel() on ptolemy.moml.MoMLSimpleApplication@1b50c91d
----------------- Done invoking toplevel() on ptolemy.moml.MoMLSimpleApplication@1b50c91d
reloadAllAccessors: .Clock18

===========================================================================================
----------------- testing Fri Dec 07 02:56:00 UTC 2018 /home/travis/build/icyphy/ptII/ptolemy/actor/lib/test/auto/Clock19.xml
----------------- Instantiating /home/travis/build/icyphy/ptII/ptolemy/actor/lib/test/auto/Clock19.xml
7 ms. Memory: 878592K Free: 513185K (58%)
----------------- Invoking toplevel() on ptolemy.moml.MoMLSimpleApplication@5c7bf469
----------------- Done invoking toplevel() on ptolemy.moml.MoMLSimpleApplication@5c7bf469
reloadAllAccessors: .Clock19

===========================================================================================
----------------- testing Fri Dec 07 02:56:00 UTC 2018 /home/travis/build/icyphy/ptII/ptolemy/actor/lib/test/auto/Clock2.xml
----------------- Instantiating /home/travis/build/icyphy/ptII/ptolemy/actor/lib/test/auto/Clock2.xml
6 ms. Memory: 878592K Free: 502815K (57%)
----------------- Invoking toplevel() on ptolemy.moml.MoMLSimpleApplication@1845a240
----------------- Done invoking toplevel() on ptolemy.moml.MoMLSimpleApplication@1845a240
reloadAllAccessors: .Clock2

===========================================================================================
----------------- testing Fri Dec 07 02:56:00 UTC 2018 /home/travis/build/icyphy/ptII/ptolemy/actor/lib/test/auto/Clock20.xml
----------------- Instantiating /home/travis/build/icyphy/ptII/ptolemy/actor/lib/test/auto/Clock20.xml
8 ms. Memory: 878592K Free: 492445K (56%)
----------------- Invoking toplevel() on ptolemy.moml.MoMLSimpleApplication@da5799f
----------------- Done invoking toplevel() on ptolemy.moml.MoMLSimpleApplication@da5799f
reloadAllAccessors: .Clock20

===========================================================================================
----------------- testing Fri Dec 07 02:56:00 UTC 2018 /home/travis/build/icyphy/ptII/ptolemy/actor/lib/test/auto/Clock21.xml
----------------- Instantiating /home/travis/build/icyphy/ptII/ptolemy/actor/lib/test/auto/Clock21.xml
7 ms. Memory: 878592K Free: 482076K (55%)
----------------- Invoking toplevel() on ptolemy.moml.MoMLSimpleApplication@4094bce9
----------------- Done invoking toplevel() on ptolemy.moml.MoMLSimpleApplication@4094bce9
reloadAllAccessors: .Clock21

===========================================================================================
----------------- testing Fri Dec 07 02:56:00 UTC 2018 /home/travis/build/icyphy/ptII/ptolemy/actor/lib/test/auto/Clock22.xml
----------------- Instantiating /home/travis/build/icyphy/ptII/ptolemy/actor/lib/test/auto/Clock22.xml
6 ms. Memory: 878592K Free: 462387K (53%)
----------------- Invoking toplevel() on ptolemy.moml.MoMLSimpleApplication@d6232a3
----------------- Done invoking toplevel() on ptolemy.moml.MoMLSimpleApplication@d6232a3
reloadAllAccessors: .Clock22

===========================================================================================
----------------- testing Fri Dec 07 02:56:00 UTC 2018 /home/travis/build/icyphy/ptII/ptolemy/actor/lib/test/auto/Clock23.xml
----------------- Instantiating /home/travis/build/icyphy/ptII/ptolemy/actor/lib/test/auto/Clock23.xml
6 ms. Memory: 878592K Free: 452017K (51%)
----------------- Invoking toplevel() on ptolemy.moml.MoMLSimpleApplication@5bcd1ec2
----------------- Done invoking toplevel() on ptolemy.moml.MoMLSimpleApplication@5bcd1ec2
reloadAllAccessors: .Clock23

===========================================================================================
----------------- testing Fri Dec 07 02:56:00 UTC 2018 /home/travis/build/icyphy/ptII/ptolemy/actor/lib/test/auto/Clock24.xml
----------------- Instantiating /home/travis/build/icyphy/ptII/ptolemy/actor/lib/test/auto/Clock24.xml
6 ms. Memory: 878592K Free: 441647K (50%)
----------------- Invoking toplevel() on ptolemy.moml.MoMLSimpleApplication@3395f715
----------------- Done invoking toplevel() on ptolemy.moml.MoMLSimpleApplication@3395f715
reloadAllAccessors: .Clock24

===========================================================================================
----------------- testing Fri Dec 07 02:56:00 UTC 2018 /home/travis/build/icyphy/ptII/ptolemy/actor/lib/test/auto/Clock4.xml
----------------- Instantiating /home/travis/build/icyphy/ptII/ptolemy/actor/lib/test/auto/Clock4.xml
4 ms. Memory: 878592K Free: 431278K (49%)
----------------- Invoking toplevel() on ptolemy.moml.MoMLSimpleApplication@155639ca
----------------- Done invoking toplevel() on ptolemy.moml.MoMLSimpleApplication@155639ca
reloadAllAccessors: .Clock4

===========================================================================================
----------------- testing Fri Dec 07 02:56:00 UTC 2018 /home/travis/build/icyphy/ptII/ptolemy/actor/lib/test/auto/Clock5.xml
----------------- Instantiating /home/travis/build/icyphy/ptII/ptolemy/actor/lib/test/auto/Clock5.xml
1 ms. Memory: 878592K Free: 411589K (47%)
----------------- Invoking toplevel() on ptolemy.moml.MoMLSimpleApplication@2b309640
----------------- Done invoking toplevel() on ptolemy.moml.MoMLSimpleApplication@2b309640
reloadAllAccessors: .Clock5

===========================================================================================
----------------- testing Fri Dec 07 02:56:00 UTC 2018 /home/travis/build/icyphy/ptII/ptolemy/actor/lib/test/auto/Clock6.xml
----------------- Instantiating /home/travis/build/icyphy/ptII/ptolemy/actor/lib/test/auto/Clock6.xml
1 ms. Memory: 878592K Free: 401220K (46%)
----------------- Invoking toplevel() on ptolemy.moml.MoMLSimpleApplication@75ae8e5
----------------- Done invoking toplevel() on ptolemy.moml.MoMLSimpleApplication@75ae8e5
reloadAllAccessors: .Clock6

===========================================================================================
----------------- testing Fri Dec 07 02:56:00 UTC 2018 /home/travis/build/icyphy/ptII/ptolemy/actor/lib/test/auto/Clock7.xml
----------------- Instantiating /home/travis/build/icyphy/ptII/ptolemy/actor/lib/test/auto/Clock7.xml
2 ms. Memory: 878592K Free: 390850K (44%)
----------------- Invoking toplevel() on ptolemy.moml.MoMLSimpleApplication@7a7b02d
----------------- Done invoking toplevel() on ptolemy.moml.MoMLSimpleApplication@7a7b02d
reloadAllAccessors: .Clock7

===========================================================================================
----------------- testing Fri Dec 07 02:56:00 UTC 2018 /home/travis/build/icyphy/ptII/ptolemy/actor/lib/test/auto/Clock8.xml
----------------- Instantiating /home/travis/build/icyphy/ptII/ptolemy/actor/lib/test/auto/Clock8.xml
5 ms. Memory: 878592K Free: 380480K (43%)
----------------- Invoking toplevel() on ptolemy.moml.MoMLSimpleApplication@455b4b12
----------------- Done invoking toplevel() on ptolemy.moml.MoMLSimpleApplication@455b4b12
reloadAllAccessors: .Clock8

===========================================================================================
----------------- testing Fri Dec 07 02:56:00 UTC 2018 /home/travis/build/icyphy/ptII/ptolemy/actor/lib/test/auto/Clock9.xml
----------------- Instantiating /home/travis/build/icyphy/ptII/ptolemy/actor/lib/test/auto/Clock9.xml
3 ms. Memory: 878592K Free: 360792K (41%)
----------------- Invoking toplevel() on ptolemy.moml.MoMLSimpleApplication@50b28ff9
----------------- Done invoking toplevel() on ptolemy.moml.MoMLSimpleApplication@50b28ff9
reloadAllAccessors: .Clock9

===========================================================================================
----------------- testing Fri Dec 07 02:56:00 UTC 2018 /home/travis/build/icyphy/ptII/ptolemy/actor/lib/test/auto/CommDistDiscard.xml
----------------- Instantiating /home/travis/build/icyphy/ptII/ptolemy/actor/lib/test/auto/CommDistDiscard.xml
2 ms. Memory: 878592K Free: 350422K (40%)
----------------- Invoking toplevel() on ptolemy.moml.MoMLSimpleApplication@62b528da
----------------- Done invoking toplevel() on ptolemy.moml.MoMLSimpleApplication@62b528da
reloadAllAccessors: .CommDistDiscard

===========================================================================================
----------------- testing Fri Dec 07 02:56:00 UTC 2018 /home/travis/build/icyphy/ptII/ptolemy/actor/lib/test/auto/Commutator.xml
----------------- Instantiating /home/travis/build/icyphy/ptII/ptolemy/actor/lib/test/auto/Commutator.xml
2 ms. Memory: 878592K Free: 340052K (39%)
----------------- Invoking toplevel() on ptolemy.moml.MoMLSimpleApplication@e89716e
----------------- Done invoking toplevel() on ptolemy.moml.MoMLSimpleApplication@e89716e
reloadAllAccessors: .Commutator

===========================================================================================
----------------- testing Fri Dec 07 02:56:00 UTC 2018 /home/travis/build/icyphy/ptII/ptolemy/actor/lib/test/auto/Commutator2.xml
----------------- Instantiating /home/travis/build/icyphy/ptII/ptolemy/actor/lib/test/auto/Commutator2.xml
1 ms. Memory: 878592K Free: 329682K (38%)
----------------- Invoking toplevel() on ptolemy.moml.MoMLSimpleApplication@11624696
----------------- Done invoking toplevel() on ptolemy.moml.MoMLSimpleApplication@11624696
reloadAllAccessors: .Commutator2

===========================================================================================
----------------- testing Fri Dec 07 02:56:00 UTC 2018 /home/travis/build/icyphy/ptII/ptolemy/actor/lib/test/auto/Commutator3.xml
----------------- Instantiating /home/travis/build/icyphy/ptII/ptolemy/actor/lib/test/auto/Commutator3.xml
3 ms. Memory: 878592K Free: 309994K (35%)
----------------- Invoking toplevel() on ptolemy.moml.MoMLSimpleApplication@77bf46cd
----------------- Done invoking toplevel() on ptolemy.moml.MoMLSimpleApplication@77bf46cd
reloadAllAccessors: .Commutator3

===========================================================================================
----------------- testing Fri Dec 07 02:56:00 UTC 2018 /home/travis/build/icyphy/ptII/ptolemy/actor/lib/test/auto/Compare.xml
----------------- Instantiating /home/travis/build/icyphy/ptII/ptolemy/actor/lib/test/auto/Compare.xml
2 ms. Memory: 878592K Free: 299624K (34%)
----------------- Invoking toplevel() on ptolemy.moml.MoMLSimpleApplication@5ed95722
----------------- Done invoking toplevel() on ptolemy.moml.MoMLSimpleApplication@5ed95722
reloadAllAccessors: .Compare

===========================================================================================
----------------- testing Fri Dec 07 02:56:00 UTC 2018 /home/travis/build/icyphy/ptII/ptolemy/actor/lib/test/auto/CompareDE.xml
----------------- Instantiating /home/travis/build/icyphy/ptII/ptolemy/actor/lib/test/auto/CompareDE.xml
7 ms. Memory: 878592K Free: 289254K (33%)
----------------- Invoking toplevel() on ptolemy.moml.MoMLSimpleApplication@1581a3b1
----------------- Done invoking toplevel() on ptolemy.moml.MoMLSimpleApplication@1581a3b1
reloadAllAccessors: .CompareDE

===========================================================================================
----------------- testing Fri Dec 07 02:56:00 UTC 2018 /home/travis/build/icyphy/ptII/ptolemy/actor/lib/test/auto/ComplexDivide.xml
----------------- Instantiating /home/travis/build/icyphy/ptII/ptolemy/actor/lib/test/auto/ComplexDivide.xml
2 ms. Memory: 878592K Free: 278884K (32%)
----------------- Invoking toplevel() on ptolemy.moml.MoMLSimpleApplication@403c7074
----------------- Done invoking toplevel() on ptolemy.moml.MoMLSimpleApplication@403c7074
reloadAllAccessors: .ComplexDivide

===========================================================================================
----------------- testing Fri Dec 07 02:56:00 UTC 2018 /home/travis/build/icyphy/ptII/ptolemy/actor/lib/test/auto/ComputeHistogram.xml
----------------- Instantiating /home/travis/build/icyphy/ptII/ptolemy/actor/lib/test/auto/ComputeHistogram.xml
34 ms. Memory: 878592K Free: 253995K (29%)
----------------- Invoking toplevel() on ptolemy.moml.MoMLSimpleApplication@5a1e1af9
----------------- Done invoking toplevel() on ptolemy.moml.MoMLSimpleApplication@5a1e1af9
reloadAllAccessors: .ComputeHistogram

===========================================================================================
----------------- testing Fri Dec 07 02:56:00 UTC 2018 /home/travis/build/icyphy/ptII/ptolemy/actor/lib/test/auto/ConfigurationSelect.xml
----------------- Instantiating /home/travis/build/icyphy/ptII/ptolemy/actor/lib/test/auto/ConfigurationSelect.xml
2 ms. Memory: 878592K Free: 243626K (28%)
----------------- Invoking toplevel() on ptolemy.moml.MoMLSimpleApplication@4ef0db1b
----------------- Done invoking toplevel() on ptolemy.moml.MoMLSimpleApplication@4ef0db1b
reloadAllAccessors: .ConfigurationSelect

===========================================================================================
----------------- testing Fri Dec 07 02:56:00 UTC 2018 /home/travis/build/icyphy/ptII/ptolemy/actor/lib/test/auto/ConfigurationSelect2.xml
----------------- Instantiating /home/travis/build/icyphy/ptII/ptolemy/actor/lib/test/auto/ConfigurationSelect2.xml
1 ms. Memory: 878592K Free: 233256K (27%)
----------------- Invoking toplevel() on ptolemy.moml.MoMLSimpleApplication@2819afa8
----------------- Done invoking toplevel() on ptolemy.moml.MoMLSimpleApplication@2819afa8
reloadAllAccessors: .ConfigurationSelect2

===========================================================================================
----------------- testing Fri Dec 07 02:56:00 UTC 2018 /home/travis/build/icyphy/ptII/ptolemy/actor/lib/test/auto/ConfigurationSwitch.xml
----------------- Instantiating /home/travis/build/icyphy/ptII/ptolemy/actor/lib/test/auto/ConfigurationSwitch.xml
2 ms. Memory: 878592K Free: 222886K (25%)
----------------- Invoking toplevel() on ptolemy.moml.MoMLSimpleApplication@6127324c
----------------- Done invoking toplevel() on ptolemy.moml.MoMLSimpleApplication@6127324c
reloadAllAccessors: .ConfigurationSwitch

===========================================================================================
----------------- testing Fri Dec 07 02:56:01 UTC 2018 /home/travis/build/icyphy/ptII/ptolemy/actor/lib/test/auto/ConfigurationSwitch2.xml
----------------- Instantiating /home/travis/build/icyphy/ptII/ptolemy/actor/lib/test/auto/ConfigurationSwitch2.xml
3 ms. Memory: 878592K Free: 203198K (23%)
----------------- Invoking toplevel() on ptolemy.moml.MoMLSimpleApplication@38cd07f6
----------------- Done invoking toplevel() on ptolemy.moml.MoMLSimpleApplication@38cd07f6
reloadAllAccessors: .ConfigurationSwitch2

===========================================================================================
----------------- testing Fri Dec 07 02:56:01 UTC 2018 /home/travis/build/icyphy/ptII/ptolemy/actor/lib/test/auto/ConfigurationSwitchCloningBugWithClassRelationGroup.xml
----------------- Instantiating /home/travis/build/icyphy/ptII/ptolemy/actor/lib/test/auto/ConfigurationSwitchCloningBugWithClassRelationGroup.xml
1 ms. Memory: 878592K Free: 192828K (22%)
----------------- Invoking toplevel() on ptolemy.moml.MoMLSimpleApplication@5e23a242
----------------- Done invoking toplevel() on ptolemy.moml.MoMLSimpleApplication@5e23a242
reloadAllAccessors: .ConfigurationSwitchCloningBugWithClassRelationGroup

===========================================================================================
----------------- testing Fri Dec 07 02:56:01 UTC 2018 /home/travis/build/icyphy/ptII/ptolemy/actor/lib/test/auto/ConfigurationSwitchSelectSDF.xml
----------------- Instantiating /home/travis/build/icyphy/ptII/ptolemy/actor/lib/test/auto/ConfigurationSwitchSelectSDF.xml
2 ms. Memory: 878592K Free: 182458K (21%)
----------------- Invoking toplevel() on ptolemy.moml.MoMLSimpleApplication@669828f1
----------------- Done invoking toplevel() on ptolemy.moml.MoMLSimpleApplication@669828f1
reloadAllAccessors: .ConfigurationSwitchSelectSDF

===========================================================================================
----------------- testing Fri Dec 07 02:56:01 UTC 2018 /home/travis/build/icyphy/ptII/ptolemy/actor/lib/test/auto/ConfigurationSwitchSelectSDF2.xml
----------------- Instantiating /home/travis/build/icyphy/ptII/ptolemy/actor/lib/test/auto/ConfigurationSwitchSelectSDF2.xml
2 ms. Memory: 878592K Free: 172088K (20%)
----------------- Invoking toplevel() on ptolemy.moml.MoMLSimpleApplication@6689b84e
----------------- Done invoking toplevel() on ptolemy.moml.MoMLSimpleApplication@6689b84e
reloadAllAccessors: .ConfigurationSwitchSelectSDF2

===========================================================================================
----------------- testing Fri Dec 07 02:56:01 UTC 2018 /home/travis/build/icyphy/ptII/ptolemy/actor/lib/test/auto/Const.xml
----------------- Instantiating /home/travis/build/icyphy/ptII/ptolemy/actor/lib/test/auto/Const.xml
2 ms. Memory: 878592K Free: 152400K (17%)
----------------- Invoking toplevel() on ptolemy.moml.MoMLSimpleApplication@ad6e47f
----------------- Done invoking toplevel() on ptolemy.moml.MoMLSimpleApplication@ad6e47f
reloadAllAccessors: .Const

===========================================================================================
----------------- testing Fri Dec 07 02:56:01 UTC 2018 /home/travis/build/icyphy/ptII/ptolemy/actor/lib/test/auto/Const2.xml
----------------- Instantiating /home/travis/build/icyphy/ptII/ptolemy/actor/lib/test/auto/Const2.xml
2 ms. Memory: 878592K Free: 142030K (16%)
----------------- Invoking toplevel() on ptolemy.moml.MoMLSimpleApplication@7b460ebb
----------------- Done invoking toplevel() on ptolemy.moml.MoMLSimpleApplication@7b460ebb
reloadAllAccessors: .Const2

===========================================================================================
----------------- testing Fri Dec 07 02:56:01 UTC 2018 /home/travis/build/icyphy/ptII/ptolemy/actor/lib/test/auto/Const3.xml
----------------- Instantiating /home/travis/build/icyphy/ptII/ptolemy/actor/lib/test/auto/Const3.xml
1 ms. Memory: 878592K Free: 131661K (15%)
----------------- Invoking toplevel() on ptolemy.moml.MoMLSimpleApplication@414b999c
----------------- Done invoking toplevel() on ptolemy.moml.MoMLSimpleApplication@414b999c
reloadAllAccessors: .Const3

===========================================================================================
----------------- testing Fri Dec 07 02:56:01 UTC 2018 /home/travis/build/icyphy/ptII/ptolemy/actor/lib/test/auto/ConstantPublisherPort1.xml
----------------- Instantiating /home/travis/build/icyphy/ptII/ptolemy/actor/lib/test/auto/ConstantPublisherPort1.xml
7 ms. Memory: 878592K Free: 116090K (13%)
----------------- Invoking toplevel() on ptolemy.moml.MoMLSimpleApplication@a2e772f
----------------- Done invoking toplevel() on ptolemy.moml.MoMLSimpleApplication@a2e772f
reloadAllAccessors: .ConstantPublisherPort1

===========================================================================================
----------------- testing Fri Dec 07 02:56:01 UTC 2018 /home/travis/build/icyphy/ptII/ptolemy/actor/lib/test/auto/ConstantPublisherPort2.xml
----------------- Instantiating /home/travis/build/icyphy/ptII/ptolemy/actor/lib/test/auto/ConstantPublisherPort2.xml
8 ms. Memory: 878592K Free: 91217K (10%)
----------------- Invoking toplevel() on ptolemy.moml.MoMLSimpleApplication@7990e830
----------------- Done invoking toplevel() on ptolemy.moml.MoMLSimpleApplication@7990e830
reloadAllAccessors: .ConstantPublisherPort2

===========================================================================================
----------------- testing Fri Dec 07 02:56:01 UTC 2018 /home/travis/build/icyphy/ptII/ptolemy/actor/lib/test/auto/ConstantPublisherPort3.xml
----------------- Instantiating /home/travis/build/icyphy/ptII/ptolemy/actor/lib/test/auto/ConstantPublisherPort3.xml
8 ms. Memory: 878592K Free: 75662K (9%)
----------------- Invoking toplevel() on ptolemy.moml.MoMLSimpleApplication@2413c4b1
----------------- Done invoking toplevel() on ptolemy.moml.MoMLSimpleApplication@2413c4b1
reloadAllAccessors: .ConstantPublisherPort3

===========================================================================================
----------------- testing Fri Dec 07 02:56:01 UTC 2018 /home/travis/build/icyphy/ptII/ptolemy/actor/lib/test/auto/ConstantPublisherPort4.xml
----------------- Instantiating /home/travis/build/icyphy/ptII/ptolemy/actor/lib/test/auto/ConstantPublisherPort4.xml
2 ms. Memory: 878592K Free: 65292K (7%)
----------------- Invoking toplevel() on ptolemy.moml.MoMLSimpleApplication@528910da
----------------- Done invoking toplevel() on ptolemy.moml.MoMLSimpleApplication@528910da
reloadAllAccessors: .ConstantPublisherPort4

===========================================================================================
----------------- testing Fri Dec 07 02:56:01 UTC 2018 /home/travis/build/icyphy/ptII/ptolemy/actor/lib/test/auto/ConstantPublisherPort5.xml
----------------- Instantiating /home/travis/build/icyphy/ptII/ptolemy/actor/lib/test/auto/ConstantPublisherPort5.xml
16 ms. Memory: 879616K Free: 819841K (93%)
----------------- Invoking toplevel() on ptolemy.moml.MoMLSimpleApplication@5b8e1c7d
----------------- Done invoking toplevel() on ptolemy.moml.MoMLSimpleApplication@5b8e1c7d
reloadAllAccessors: .ConstantPublisherPort5

===========================================================================================
----------------- testing Fri Dec 07 02:56:01 UTC 2018 /home/travis/build/icyphy/ptII/ptolemy/actor/lib/test/auto/ConstantPublisherPort6.xml
----------------- Instantiating /home/travis/build/icyphy/ptII/ptolemy/actor/lib/test/auto/ConstantPublisherPort6.xml
14 ms. Memory: 879616K Free: 786988K (89%)
----------------- Invoking toplevel() on ptolemy.moml.MoMLSimpleApplication@53eff9a5
----------------- Done invoking toplevel() on ptolemy.moml.MoMLSimpleApplication@53eff9a5
reloadAllAccessors: .ConstantPublisherPort6

===========================================================================================
----------------- testing Fri Dec 07 02:56:01 UTC 2018 /home/travis/build/icyphy/ptII/ptolemy/actor/lib/test/auto/ConstantPublisherPort7.xml
----------------- Instantiating /home/travis/build/icyphy/ptII/ptolemy/actor/lib/test/auto/ConstantPublisherPort7.xml
18 ms. Memory: 879616K Free: 761063K (87%)
----------------- Invoking toplevel() on ptolemy.moml.MoMLSimpleApplication@160ccb4
----------------- Done invoking toplevel() on ptolemy.moml.MoMLSimpleApplication@160ccb4
reloadAllAccessors: .ConstantPublisherPort7

===========================================================================================
----------------- testing Fri Dec 07 02:56:01 UTC 2018 /home/travis/build/icyphy/ptII/ptolemy/actor/lib/test/auto/ConstraintMonitor1.xml
----------------- Instantiating /home/travis/build/icyphy/ptII/ptolemy/actor/lib/test/auto/ConstraintMonitor1.xml
6 ms. Memory: 879616K Free: 750694K (85%)
----------------- Invoking toplevel() on ptolemy.moml.MoMLSimpleApplication@3629d2ca
----------------- Done invoking toplevel() on ptolemy.moml.MoMLSimpleApplication@3629d2ca
reloadAllAccessors: .ConstraintMonitor1

===========================================================================================
----------------- testing Fri Dec 07 02:56:01 UTC 2018 /home/travis/build/icyphy/ptII/ptolemy/actor/lib/test/auto/ConstraintMonitor2.xml
----------------- Instantiating /home/travis/build/icyphy/ptII/ptolemy/actor/lib/test/auto/ConstraintMonitor2.xml
5 ms. Memory: 879616K Free: 733395K (83%)
----------------- Invoking toplevel() on ptolemy.moml.MoMLSimpleApplication@22fb1904
----------------- Done invoking toplevel() on ptolemy.moml.MoMLSimpleApplication@22fb1904
reloadAllAccessors: .ConstraintMonitor2

===========================================================================================
----------------- testing Fri Dec 07 02:56:01 UTC 2018 /home/travis/build/icyphy/ptII/ptolemy/actor/lib/test/auto/ConstraintMonitor3.xml
----------------- Instantiating /home/travis/build/icyphy/ptII/ptolemy/actor/lib/test/auto/ConstraintMonitor3.xml
5 ms. Memory: 879616K Free: 723026K (82%)
----------------- Invoking toplevel() on ptolemy.moml.MoMLSimpleApplication@4a18a236
----------------- Done invoking toplevel() on ptolemy.moml.MoMLSimpleApplication@4a18a236
reloadAllAccessors: .ConstraintMonitor3

===========================================================================================
----------------- testing Fri Dec 07 02:56:01 UTC 2018 /home/travis/build/icyphy/ptII/ptolemy/actor/lib/test/auto/ConstraintMonitor4.xml
----------------- Instantiating /home/travis/build/icyphy/ptII/ptolemy/actor/lib/test/auto/ConstraintMonitor4.xml
6 ms. Memory: 879616K Free: 712656K (81%)
----------------- Invoking toplevel() on ptolemy.moml.MoMLSimpleApplication@4cb2a9df
----------------- Done invoking toplevel() on ptolemy.moml.MoMLSimpleApplication@4cb2a9df
reloadAllAccessors: .ConstraintMonitor4

===========================================================================================
----------------- testing Fri Dec 07 02:56:01 UTC 2018 /home/travis/build/icyphy/ptII/ptolemy/actor/lib/test/auto/ConstraintMonitor5.xml
----------------- Instantiating /home/travis/build/icyphy/ptII/ptolemy/actor/lib/test/auto/ConstraintMonitor5.xml
4 ms. Memory: 879616K Free: 695358K (79%)
----------------- Invoking toplevel() on ptolemy.moml.MoMLSimpleApplication@c5a6a7f
----------------- Done invoking toplevel() on ptolemy.moml.MoMLSimpleApplication@c5a6a7f
reloadAllAccessors: .ConstraintMonitor5

===========================================================================================
----------------- testing Fri Dec 07 02:56:01 UTC 2018 /home/travis/build/icyphy/ptII/ptolemy/actor/lib/test/auto/ConstraintMonitor6.xml
----------------- Instantiating /home/travis/build/icyphy/ptII/ptolemy/actor/lib/test/auto/ConstraintMonitor6.xml
2 ms. Memory: 879616K Free: 684988K (78%)
----------------- Invoking toplevel() on ptolemy.moml.MoMLSimpleApplication@3a5274aa
----------------- Done invoking toplevel() on ptolemy.moml.MoMLSimpleApplication@3a5274aa
reloadAllAccessors: .ConstraintMonitor6

===========================================================================================
----------------- testing Fri Dec 07 02:56:01 UTC 2018 /home/travis/build/icyphy/ptII/ptolemy/actor/lib/test/auto/ConstraintMonitor7.xml
----------------- Instantiating /home/travis/build/icyphy/ptII/ptolemy/actor/lib/test/auto/ConstraintMonitor7.xml
2 ms. Memory: 879616K Free: 674618K (77%)
----------------- Invoking toplevel() on ptolemy.moml.MoMLSimpleApplication@2055b2f8
----------------- Done invoking toplevel() on ptolemy.moml.MoMLSimpleApplication@2055b2f8
reloadAllAccessors: .ConstraintMonitor7

===========================================================================================
----------------- testing Fri Dec 07 02:56:01 UTC 2018 /home/travis/build/icyphy/ptII/ptolemy/actor/lib/test/auto/ConstraintMonitor8.xml
----------------- Instantiating /home/travis/build/icyphy/ptII/ptolemy/actor/lib/test/auto/ConstraintMonitor8.xml
7 ms. Memory: 879616K Free: 652119K (74%)
----------------- Invoking toplevel() on ptolemy.moml.MoMLSimpleApplication@636ac586
----------------- Done invoking toplevel() on ptolemy.moml.MoMLSimpleApplication@636ac586
reloadAllAccessors: .ConstraintMonitor8

===========================================================================================
----------------- testing Fri Dec 07 02:56:01 UTC 2018 /home/travis/build/icyphy/ptII/ptolemy/actor/lib/test/auto/Counter.xml
----------------- Instantiating /home/travis/build/icyphy/ptII/ptolemy/actor/lib/test/auto/Counter.xml
2 ms. Memory: 879616K Free: 641749K (73%)
----------------- Invoking toplevel() on ptolemy.moml.MoMLSimpleApplication@3b73d461
----------------- Done invoking toplevel() on ptolemy.moml.MoMLSimpleApplication@3b73d461
reloadAllAccessors: .Counter

===========================================================================================
----------------- testing Fri Dec 07 02:56:01 UTC 2018 /home/travis/build/icyphy/ptII/ptolemy/actor/lib/test/auto/CurrentTimeSDF.xml
----------------- Instantiating /home/travis/build/icyphy/ptII/ptolemy/actor/lib/test/auto/CurrentTimeSDF.xml
2 ms. Memory: 879616K Free: 631379K (72%)
----------------- Invoking toplevel() on ptolemy.moml.MoMLSimpleApplication@1b69a141
----------------- Done invoking toplevel() on ptolemy.moml.MoMLSimpleApplication@1b69a141
reloadAllAccessors: .CurrentTimeSDF

===========================================================================================
----------------- testing Fri Dec 07 02:56:01 UTC 2018 /home/travis/build/icyphy/ptII/ptolemy/actor/lib/test/auto/DB.xml
----------------- Instantiating /home/travis/build/icyphy/ptII/ptolemy/actor/lib/test/auto/DB.xml
1 ms. Memory: 879616K Free: 614081K (70%)
----------------- Invoking toplevel() on ptolemy.moml.MoMLSimpleApplication@3d1f54a6
----------------- Done invoking toplevel() on ptolemy.moml.MoMLSimpleApplication@3d1f54a6
reloadAllAccessors: .DB

===========================================================================================
----------------- testing Fri Dec 07 02:56:01 UTC 2018 /home/travis/build/icyphy/ptII/ptolemy/actor/lib/test/auto/DBDE.xml
----------------- Instantiating /home/travis/build/icyphy/ptII/ptolemy/actor/lib/test/auto/DBDE.xml
2 ms. Memory: 879616K Free: 603711K (69%)
----------------- Invoking toplevel() on ptolemy.moml.MoMLSimpleApplication@3817ea33
----------------- Done invoking toplevel() on ptolemy.moml.MoMLSimpleApplication@3817ea33
reloadAllAccessors: .DBDE

===========================================================================================
----------------- testing Fri Dec 07 02:56:01 UTC 2018 /home/travis/build/icyphy/ptII/ptolemy/actor/lib/test/auto/DateConstructor.xml
----------------- Instantiating /home/travis/build/icyphy/ptII/ptolemy/actor/lib/test/auto/DateConstructor.xml
10 ms. Memory: 879616K Free: 582972K (66%)
----------------- Invoking toplevel() on ptolemy.moml.MoMLSimpleApplication@6f9d4a1b
----------------- Done invoking toplevel() on ptolemy.moml.MoMLSimpleApplication@6f9d4a1b
reloadAllAccessors: .DateConstructor

===========================================================================================
----------------- testing Fri Dec 07 02:56:01 UTC 2018 /home/travis/build/icyphy/ptII/ptolemy/actor/lib/test/auto/DelayTime.xml
----------------- Instantiating /home/travis/build/icyphy/ptII/ptolemy/actor/lib/test/auto/DelayTime.xml
3 ms. Memory: 879616K Free: 565674K (64%)
----------------- Invoking toplevel() on ptolemy.moml.MoMLSimpleApplication@46256635
----------------- Done invoking toplevel() on ptolemy.moml.MoMLSimpleApplication@46256635
reloadAllAccessors: .DelayTime

===========================================================================================
----------------- testing Fri Dec 07 02:56:01 UTC 2018 /home/travis/build/icyphy/ptII/ptolemy/actor/lib/test/auto/Dictionary1.xml
----------------- Instantiating /home/travis/build/icyphy/ptII/ptolemy/actor/lib/test/auto/Dictionary1.xml
2 ms. Memory: 879616K Free: 555304K (63%)
----------------- Invoking toplevel() on ptolemy.moml.MoMLSimpleApplication@44d661b7
----------------- Done invoking toplevel() on ptolemy.moml.MoMLSimpleApplication@44d661b7
reloadAllAccessors: .Dictionary1

===========================================================================================
----------------- testing Fri Dec 07 02:56:01 UTC 2018 /home/travis/build/icyphy/ptII/ptolemy/actor/lib/test/auto/Dictionary2.xml
----------------- Instantiating /home/travis/build/icyphy/ptII/ptolemy/actor/lib/test/auto/Dictionary2.xml
2 ms. Memory: 879616K Free: 544934K (62%)
----------------- Invoking toplevel() on ptolemy.moml.MoMLSimpleApplication@7e49647b
----------------- Done invoking toplevel() on ptolemy.moml.MoMLSimpleApplication@7e49647b
reloadAllAccessors: .Dictionary2

===========================================================================================
----------------- testing Fri Dec 07 02:56:01 UTC 2018 /home/travis/build/icyphy/ptII/ptolemy/actor/lib/test/auto/Dictionary3.xml
----------------- Instantiating /home/travis/build/icyphy/ptII/ptolemy/actor/lib/test/auto/Dictionary3.xml
4 ms. Memory: 879616K Free: 527636K (60%)
----------------- Invoking toplevel() on ptolemy.moml.MoMLSimpleApplication@392d97f1
----------------- Done invoking toplevel() on ptolemy.moml.MoMLSimpleApplication@392d97f1
reloadAllAccessors: .Dictionary3

===========================================================================================
----------------- testing Fri Dec 07 02:56:01 UTC 2018 /home/travis/build/icyphy/ptII/ptolemy/actor/lib/test/auto/Dictionary4.xml
----------------- Instantiating /home/travis/build/icyphy/ptII/ptolemy/actor/lib/test/auto/Dictionary4.xml
3 ms. Memory: 879616K Free: 517266K (59%)
----------------- Invoking toplevel() on ptolemy.moml.MoMLSimpleApplication@3cf38b2b
----------------- Done invoking toplevel() on ptolemy.moml.MoMLSimpleApplication@3cf38b2b
reloadAllAccessors: .Dictionary4

===========================================================================================
----------------- testing Fri Dec 07 02:56:01 UTC 2018 /home/travis/build/icyphy/ptII/ptolemy/actor/lib/test/auto/Differential.xml
----------------- Instantiating /home/travis/build/icyphy/ptII/ptolemy/actor/lib/test/auto/Differential.xml
2 ms. Memory: 879616K Free: 506897K (58%)
----------------- Invoking toplevel() on ptolemy.moml.MoMLSimpleApplication@3a7237ca
----------------- Done invoking toplevel() on ptolemy.moml.MoMLSimpleApplication@3a7237ca
reloadAllAccessors: .Differential

===========================================================================================
----------------- testing Fri Dec 07 02:56:01 UTC 2018 /home/travis/build/icyphy/ptII/ptolemy/actor/lib/test/auto/Director.xml
----------------- Instantiating /home/travis/build/icyphy/ptII/ptolemy/actor/lib/test/auto/Director.xml
2 ms. Memory: 879616K Free: 489598K (56%)
----------------- Invoking toplevel() on ptolemy.moml.MoMLSimpleApplication@31075dc2
----------------- Done invoking toplevel() on ptolemy.moml.MoMLSimpleApplication@31075dc2
reloadAllAccessors: .Director

===========================================================================================
----------------- testing Fri Dec 07 02:56:01 UTC 2018 /home/travis/build/icyphy/ptII/ptolemy/actor/lib/test/auto/DiscreteClock.xml
----------------- Instantiating /home/travis/build/icyphy/ptII/ptolemy/actor/lib/test/auto/DiscreteClock.xml
1 ms. Memory: 879616K Free: 479228K (54%)
----------------- Invoking toplevel() on ptolemy.moml.MoMLSimpleApplication@26e91a47
----------------- Done invoking toplevel() on ptolemy.moml.MoMLSimpleApplication@26e91a47
reloadAllAccessors: .DiscreteClock

===========================================================================================
----------------- testing Fri Dec 07 02:56:01 UTC 2018 /home/travis/build/icyphy/ptII/ptolemy/actor/lib/test/auto/DiscreteClock10.xml
----------------- Instantiating /home/travis/build/icyphy/ptII/ptolemy/actor/lib/test/auto/DiscreteClock10.xml
2 ms. Memory: 879616K Free: 461930K (53%)
----------------- Invoking toplevel() on ptolemy.moml.MoMLSimpleApplication@517fb2b9
----------------- Done invoking toplevel() on ptolemy.moml.MoMLSimpleApplication@517fb2b9
reloadAllAccessors: .DiscreteClock10

===========================================================================================
----------------- testing Fri Dec 07 02:56:01 UTC 2018 /home/travis/build/icyphy/ptII/ptolemy/actor/lib/test/auto/DiscreteClock11.xml
----------------- Instantiating /home/travis/build/icyphy/ptII/ptolemy/actor/lib/test/auto/DiscreteClock11.xml
2 ms. Memory: 879616K Free: 451560K (51%)
----------------- Invoking toplevel() on ptolemy.moml.MoMLSimpleApplication@32d2ba4a
----------------- Done invoking toplevel() on ptolemy.moml.MoMLSimpleApplication@32d2ba4a
reloadAllAccessors: .DiscreteClock11

===========================================================================================
----------------- testing Fri Dec 07 02:56:01 UTC 2018 /home/travis/build/icyphy/ptII/ptolemy/actor/lib/test/auto/DiscreteClock12.xml
----------------- Instantiating /home/travis/build/icyphy/ptII/ptolemy/actor/lib/test/auto/DiscreteClock12.xml
3 ms. Memory: 879616K Free: 441191K (50%)
----------------- Invoking toplevel() on ptolemy.moml.MoMLSimpleApplication@1e72850e
----------------- Done invoking toplevel() on ptolemy.moml.MoMLSimpleApplication@1e72850e
reloadAllAccessors: .DiscreteClock12

===========================================================================================
----------------- testing Fri Dec 07 02:56:01 UTC 2018 /home/travis/build/icyphy/ptII/ptolemy/actor/lib/test/auto/DiscreteClock13.xml
----------------- Instantiating /home/travis/build/icyphy/ptII/ptolemy/actor/lib/test/auto/DiscreteClock13.xml
3 ms. Memory: 879616K Free: 423893K (48%)
----------------- Invoking toplevel() on ptolemy.moml.MoMLSimpleApplication@1b84b79f
----------------- Done invoking toplevel() on ptolemy.moml.MoMLSimpleApplication@1b84b79f
reloadAllAccessors: .DiscreteClock13

===========================================================================================
----------------- testing Fri Dec 07 02:56:01 UTC 2018 /home/travis/build/icyphy/ptII/ptolemy/actor/lib/test/auto/DiscreteClock14.xml
----------------- Instantiating /home/travis/build/icyphy/ptII/ptolemy/actor/lib/test/auto/DiscreteClock14.xml
2 ms. Memory: 879616K Free: 413523K (47%)
----------------- Invoking toplevel() on ptolemy.moml.MoMLSimpleApplication@74d41506
----------------- Done invoking toplevel() on ptolemy.moml.MoMLSimpleApplication@74d41506
reloadAllAccessors: .DiscreteClock14

===========================================================================================
----------------- testing Fri Dec 07 02:56:01 UTC 2018 /home/travis/build/icyphy/ptII/ptolemy/actor/lib/test/auto/DiscreteClock15.xml
----------------- Instantiating /home/travis/build/icyphy/ptII/ptolemy/actor/lib/test/auto/DiscreteClock15.xml
2 ms. Memory: 879616K Free: 403153K (46%)
----------------- Invoking toplevel() on ptolemy.moml.MoMLSimpleApplication@7d600fcc
----------------- Done invoking toplevel() on ptolemy.moml.MoMLSimpleApplication@7d600fcc
reloadAllAccessors: .DiscreteClock15

===========================================================================================
----------------- testing Fri Dec 07 02:56:01 UTC 2018 /home/travis/build/icyphy/ptII/ptolemy/actor/lib/test/auto/DiscreteClock16.xml
----------------- Instantiating /home/travis/build/icyphy/ptII/ptolemy/actor/lib/test/auto/DiscreteClock16.xml
9 ms. Memory: 879616K Free: 380670K (43%)
----------------- Invoking toplevel() on ptolemy.moml.MoMLSimpleApplication@2adfa434
----------------- Done invoking toplevel() on ptolemy.moml.MoMLSimpleApplication@2adfa434
reloadAllAccessors: .DiscreteClock16

===========================================================================================
----------------- testing Fri Dec 07 02:56:02 UTC 2018 /home/travis/build/icyphy/ptII/ptolemy/actor/lib/test/auto/DiscreteClock17.xml
----------------- Instantiating /home/travis/build/icyphy/ptII/ptolemy/actor/lib/test/auto/DiscreteClock17.xml
15 ms. Memory: 879616K Free: 365099K (42%)
----------------- Invoking toplevel() on ptolemy.moml.MoMLSimpleApplication@6d113b3c
----------------- Done invoking toplevel() on ptolemy.moml.MoMLSimpleApplication@6d113b3c
reloadAllAccessors: .DiscreteClock17

===========================================================================================
----------------- testing Fri Dec 07 02:56:02 UTC 2018 /home/travis/build/icyphy/ptII/ptolemy/actor/lib/test/auto/DiscreteClock18.xml
----------------- Instantiating /home/travis/build/icyphy/ptII/ptolemy/actor/lib/test/auto/DiscreteClock18.xml
13 ms. Memory: 879616K Free: 349537K (40%)
----------------- Invoking toplevel() on ptolemy.moml.MoMLSimpleApplication@2a0bd8db
----------------- Done invoking toplevel() on ptolemy.moml.MoMLSimpleApplication@2a0bd8db
reloadAllAccessors: .DiscreteClock18

===========================================================================================
----------------- testing Fri Dec 07 02:56:02 UTC 2018 /home/travis/build/icyphy/ptII/ptolemy/actor/lib/test/auto/DiscreteClock19.xml
----------------- Instantiating /home/travis/build/icyphy/ptII/ptolemy/actor/lib/test/auto/DiscreteClock19.xml
8 ms. Memory: 1364480K Free: 1298125K (95%)
----------------- Invoking toplevel() on ptolemy.moml.MoMLSimpleApplication@2f525d70
----------------- Done invoking toplevel() on ptolemy.moml.MoMLSimpleApplication@2f525d70
reloadAllAccessors: .DiscreteClock19

===========================================================================================
----------------- testing Fri Dec 07 02:56:02 UTC 2018 /home/travis/build/icyphy/ptII/ptolemy/actor/lib/test/auto/DiscreteClock2.xml
----------------- Instantiating /home/travis/build/icyphy/ptII/ptolemy/actor/lib/test/auto/DiscreteClock2.xml
1 ms. Memory: 1364480K Free: 1272867K (93%)
----------------- Invoking toplevel() on ptolemy.moml.MoMLSimpleApplication@a235934
----------------- Done invoking toplevel() on ptolemy.moml.MoMLSimpleApplication@a235934
reloadAllAccessors: .DiscreteClock2

===========================================================================================
----------------- testing Fri Dec 07 02:56:02 UTC 2018 /home/travis/build/icyphy/ptII/ptolemy/actor/lib/test/auto/DiscreteClock20.xml
----------------- Instantiating /home/travis/build/icyphy/ptII/ptolemy/actor/lib/test/auto/DiscreteClock20.xml
3 ms. Memory: 1364480K Free: 1256271K (92%)
----------------- Invoking toplevel() on ptolemy.moml.MoMLSimpleApplication@6812d7b3
----------------- Done invoking toplevel() on ptolemy.moml.MoMLSimpleApplication@6812d7b3
reloadAllAccessors: .DiscreteClock20

===========================================================================================
----------------- testing Fri Dec 07 02:56:02 UTC 2018 /home/travis/build/icyphy/ptII/ptolemy/actor/lib/test/auto/DiscreteClock21.xml
----------------- Instantiating /home/travis/build/icyphy/ptII/ptolemy/actor/lib/test/auto/DiscreteClock21.xml
2 ms. Memory: 1364480K Free: 1239676K (91%)
----------------- Invoking toplevel() on ptolemy.moml.MoMLSimpleApplication@34744944
----------------- Done invoking toplevel() on ptolemy.moml.MoMLSimpleApplication@34744944
reloadAllAccessors: .DiscreteClock21

===========================================================================================
----------------- testing Fri Dec 07 02:56:02 UTC 2018 /home/travis/build/icyphy/ptII/ptolemy/actor/lib/test/auto/DiscreteClock22.xml
----------------- Instantiating /home/travis/build/icyphy/ptII/ptolemy/actor/lib/test/auto/DiscreteClock22.xml
2 ms. Memory: 1364480K Free: 1214418K (89%)
----------------- Invoking toplevel() on ptolemy.moml.MoMLSimpleApplication@17bd2c8c
----------------- Done invoking toplevel() on ptolemy.moml.MoMLSimpleApplication@17bd2c8c
reloadAllAccessors: .DiscreteClock22

===========================================================================================
----------------- testing Fri Dec 07 02:56:02 UTC 2018 /home/travis/build/icyphy/ptII/ptolemy/actor/lib/test/auto/DiscreteClock23.xml
----------------- Instantiating /home/travis/build/icyphy/ptII/ptolemy/actor/lib/test/auto/DiscreteClock23.xml
2 ms. Memory: 1364480K Free: 1197822K (88%)
----------------- Invoking toplevel() on ptolemy.moml.MoMLSimpleApplication@3161ea7b
----------------- Done invoking toplevel() on ptolemy.moml.MoMLSimpleApplication@3161ea7b
reloadAllAccessors: .DiscreteClock23

===========================================================================================
----------------- testing Fri Dec 07 02:56:02 UTC 2018 /home/travis/build/icyphy/ptII/ptolemy/actor/lib/test/auto/DiscreteClock24.xml
----------------- Instantiating /home/travis/build/icyphy/ptII/ptolemy/actor/lib/test/auto/DiscreteClock24.xml
2 ms. Memory: 1364480K Free: 1181226K (87%)
----------------- Invoking toplevel() on ptolemy.moml.MoMLSimpleApplication@78ffc525
----------------- Done invoking toplevel() on ptolemy.moml.MoMLSimpleApplication@78ffc525
reloadAllAccessors: .DiscreteClock24

===========================================================================================
----------------- testing Fri Dec 07 02:56:02 UTC 2018 /home/travis/build/icyphy/ptII/ptolemy/actor/lib/test/auto/DiscreteClock4.xml
----------------- Instantiating /home/travis/build/icyphy/ptII/ptolemy/actor/lib/test/auto/DiscreteClock4.xml
2 ms. Memory: 1364480K Free: 1164631K (85%)
----------------- Invoking toplevel() on ptolemy.moml.MoMLSimpleApplication@3713fe56
----------------- Done invoking toplevel() on ptolemy.moml.MoMLSimpleApplication@3713fe56
reloadAllAccessors: .DiscreteClock4

===========================================================================================
----------------- testing Fri Dec 07 02:56:02 UTC 2018 /home/travis/build/icyphy/ptII/ptolemy/actor/lib/test/auto/DiscreteClock5.xml
----------------- Instantiating /home/travis/build/icyphy/ptII/ptolemy/actor/lib/test/auto/DiscreteClock5.xml
3 ms. Memory: 1364480K Free: 1139373K (84%)
----------------- Invoking toplevel() on ptolemy.moml.MoMLSimpleApplication@37d6f2a9
----------------- Done invoking toplevel() on ptolemy.moml.MoMLSimpleApplication@37d6f2a9
reloadAllAccessors: .DiscreteClock5

===========================================================================================
----------------- testing Fri Dec 07 02:56:02 UTC 2018 /home/travis/build/icyphy/ptII/ptolemy/actor/lib/test/auto/DiscreteClock6.xml
----------------- Instantiating /home/travis/build/icyphy/ptII/ptolemy/actor/lib/test/auto/DiscreteClock6.xml
1 ms. Memory: 1364480K Free: 1122777K (82%)
----------------- Invoking toplevel() on ptolemy.moml.MoMLSimpleApplication@4757f87b
----------------- Done invoking toplevel() on ptolemy.moml.MoMLSimpleApplication@4757f87b
reloadAllAccessors: .DiscreteClock6

===========================================================================================
----------------- testing Fri Dec 07 02:56:02 UTC 2018 /home/travis/build/icyphy/ptII/ptolemy/actor/lib/test/auto/DiscreteClock7.xml
----------------- Instantiating /home/travis/build/icyphy/ptII/ptolemy/actor/lib/test/auto/DiscreteClock7.xml
1 ms. Memory: 1364480K Free: 1106181K (81%)
----------------- Invoking toplevel() on ptolemy.moml.MoMLSimpleApplication@78e2b42c
----------------- Done invoking toplevel() on ptolemy.moml.MoMLSimpleApplication@78e2b42c
reloadAllAccessors: .DiscreteClock7

===========================================================================================
----------------- testing Fri Dec 07 02:56:02 UTC 2018 /home/travis/build/icyphy/ptII/ptolemy/actor/lib/test/auto/DiscreteClock8.xml
----------------- Instantiating /home/travis/build/icyphy/ptII/ptolemy/actor/lib/test/auto/DiscreteClock8.xml
2 ms. Memory: 1364480K Free: 1089586K (80%)
----------------- Invoking toplevel() on ptolemy.moml.MoMLSimpleApplication@ea813ed
----------------- Done invoking toplevel() on ptolemy.moml.MoMLSimpleApplication@ea813ed
reloadAllAccessors: .DiscreteClock8

===========================================================================================
----------------- testing Fri Dec 07 02:56:02 UTC 2018 /home/travis/build/icyphy/ptII/ptolemy/actor/lib/test/auto/DiscreteClock9.xml
----------------- Instantiating /home/travis/build/icyphy/ptII/ptolemy/actor/lib/test/auto/DiscreteClock9.xml
2 ms. Memory: 1364480K Free: 1064327K (78%)
----------------- Invoking toplevel() on ptolemy.moml.MoMLSimpleApplication@3af01f81
----------------- Done invoking toplevel() on ptolemy.moml.MoMLSimpleApplication@3af01f81
reloadAllAccessors: .DiscreteClock9

===========================================================================================
----------------- testing Fri Dec 07 02:56:02 UTC 2018 /home/travis/build/icyphy/ptII/ptolemy/actor/lib/test/auto/DisplayArray.xml
----------------- Instantiating /home/travis/build/icyphy/ptII/ptolemy/actor/lib/test/auto/DisplayArray.xml
1 ms. Memory: 1364480K Free: 1047732K (77%)
----------------- Invoking toplevel() on ptolemy.moml.MoMLSimpleApplication@abb017d
----------------- Done invoking toplevel() on ptolemy.moml.MoMLSimpleApplication@abb017d
reloadAllAccessors: .DisplayArray

===========================================================================================
----------------- testing Fri Dec 07 02:56:02 UTC 2018 /home/travis/build/icyphy/ptII/ptolemy/actor/lib/test/auto/Distributor.xml
----------------- Instantiating /home/travis/build/icyphy/ptII/ptolemy/actor/lib/test/auto/Distributor.xml
1 ms. Memory: 1364480K Free: 1031136K (76%)
----------------- Invoking toplevel() on ptolemy.moml.MoMLSimpleApplication@50dff106
----------------- Done invoking toplevel() on ptolemy.moml.MoMLSimpleApplication@50dff106
reloadAllAccessors: .Distributor

===========================================================================================
----------------- testing Fri Dec 07 02:56:02 UTC 2018 /home/travis/build/icyphy/ptII/ptolemy/actor/lib/test/auto/Distributor2.xml
----------------- Instantiating /home/travis/build/icyphy/ptII/ptolemy/actor/lib/test/auto/Distributor2.xml
2 ms. Memory: 1364480K Free: 1005878K (74%)
----------------- Invoking toplevel() on ptolemy.moml.MoMLSimpleApplication@784fe579
----------------- Done invoking toplevel() on ptolemy.moml.MoMLSimpleApplication@784fe579
reloadAllAccessors: .Distributor2

===========================================================================================
----------------- testing Fri Dec 07 02:56:02 UTC 2018 /home/travis/build/icyphy/ptII/ptolemy/actor/lib/test/auto/DownSample.xml
----------------- Instantiating /home/travis/build/icyphy/ptII/ptolemy/actor/lib/test/auto/DownSample.xml
1 ms. Memory: 1364480K Free: 989282K (73%)
----------------- Invoking toplevel() on ptolemy.moml.MoMLSimpleApplication@4126432e
----------------- Done invoking toplevel() on ptolemy.moml.MoMLSimpleApplication@4126432e
reloadAllAccessors: .DownSample

===========================================================================================
----------------- testing Fri Dec 07 02:56:02 UTC 2018 /home/travis/build/icyphy/ptII/ptolemy/actor/lib/test/auto/ElectronicUnitBase1.xml
----------------- Instantiating /home/travis/build/icyphy/ptII/ptolemy/actor/lib/test/auto/ElectronicUnitBase1.xml
21 ms. Memory: 1364480K Free: 964373K (71%)
----------------- Invoking toplevel() on ptolemy.moml.MoMLSimpleApplication@7caef8cd
----------------- Done invoking toplevel() on ptolemy.moml.MoMLSimpleApplication@7caef8cd
reloadAllAccessors: .ElectronicUnitBase1

===========================================================================================
----------------- testing Fri Dec 07 02:56:02 UTC 2018 /home/travis/build/icyphy/ptII/ptolemy/actor/lib/test/auto/ElementsToArray.xml
----------------- Instantiating /home/travis/build/icyphy/ptII/ptolemy/actor/lib/test/auto/ElementsToArray.xml
6 ms. Memory: 1364480K Free: 947777K (69%)
----------------- Invoking toplevel() on ptolemy.moml.MoMLSimpleApplication@5211da00
----------------- Done invoking toplevel() on ptolemy.moml.MoMLSimpleApplication@5211da00
reloadAllAccessors: .ElementsToArray

===========================================================================================
----------------- testing Fri Dec 07 02:56:02 UTC 2018 /home/travis/build/icyphy/ptII/ptolemy/actor/lib/test/auto/Equals.xml
----------------- Instantiating /home/travis/build/icyphy/ptII/ptolemy/actor/lib/test/auto/Equals.xml
3 ms. Memory: 1364480K Free: 922519K (68%)
----------------- Invoking toplevel() on ptolemy.moml.MoMLSimpleApplication@55cd9eeb
----------------- Done invoking toplevel() on ptolemy.moml.MoMLSimpleApplication@55cd9eeb
reloadAllAccessors: .Equals

===========================================================================================
----------------- testing Fri Dec 07 02:56:02 UTC 2018 /home/travis/build/icyphy/ptII/ptolemy/actor/lib/test/auto/Exec.xml
----------------- Instantiating /home/travis/build/icyphy/ptII/ptolemy/actor/lib/test/auto/Exec.xml
11 ms. Memory: 1364480K Free: 893476K (65%)
----------------- Invoking toplevel() on ptolemy.moml.MoMLSimpleApplication@4e70bcd1
----------------- Done invoking toplevel() on ptolemy.moml.MoMLSimpleApplication@4e70bcd1
reloadAllAccessors: .Exec

===========================================================================================
----------------- testing Fri Dec 07 02:56:02 UTC 2018 /home/travis/build/icyphy/ptII/ptolemy/actor/lib/test/auto/ExecEnvironment.xml
----------------- Instantiating /home/travis/build/icyphy/ptII/ptolemy/actor/lib/test/auto/ExecEnvironment.xml
23 ms. Memory: 1364480K Free: 876881K (64%)
----------------- Invoking toplevel() on ptolemy.moml.MoMLSimpleApplication@695b0abe
----------------- Done invoking toplevel() on ptolemy.moml.MoMLSimpleApplication@695b0abe
reloadAllAccessors: .ExecEnvironment

===========================================================================================
----------------- testing Fri Dec 07 02:56:03 UTC 2018 /home/travis/build/icyphy/ptII/ptolemy/actor/lib/test/auto/ExecNonZeroReturnOutput.xml
----------------- Instantiating /home/travis/build/icyphy/ptII/ptolemy/actor/lib/test/auto/ExecNonZeroReturnOutput.xml
124 ms. Memory: 1364480K Free: 752413K (55%)
----------------- Invoking toplevel() on ptolemy.moml.MoMLSimpleApplication@11c0d325
----------------- Done invoking toplevel() on ptolemy.moml.MoMLSimpleApplication@11c0d325
reloadAllAccessors: .ExecNonZeroReturnOutput

===========================================================================================
----------------- testing Fri Dec 07 02:56:03 UTC 2018 /home/travis/build/icyphy/ptII/ptolemy/actor/lib/test/auto/ExecRunDemos.xml
----------------- Instantiating /home/travis/build/icyphy/ptII/ptolemy/actor/lib/test/auto/ExecRunDemos.xml
Finished: 50 ms. Memory: 116224K Free: 100103K (86%)

Finished: 28 ms. Memory: 116224K Free: 96358K (83%)

Finished: 73 ms. Memory: 116224K Free: 96950K (83%)

Finished: 38 ms. Memory: 116224K Free: 98268K (85%)

Finished: 49 ms. Memory: 116224K Free: 99505K (86%)

9167 ms. Memory: 1364480K Free: 635861K (47%)
----------------- Invoking toplevel() on ptolemy.moml.MoMLSimpleApplication@1606fc86
----------------- Done invoking toplevel() on ptolemy.moml.MoMLSimpleApplication@1606fc86
reloadAllAccessors: .ExecRunDemos

===========================================================================================
----------------- testing Fri Dec 07 02:56:12 UTC 2018 /home/travis/build/icyphy/ptII/ptolemy/actor/lib/test/auto/ExecStop.xml
----------------- Instantiating /home/travis/build/icyphy/ptII/ptolemy/actor/lib/test/auto/ExecStop.xml
5008 ms. Memory: 1364480K Free: 411819K (30%)
----------------- Invoking toplevel() on ptolemy.moml.MoMLSimpleApplication@6fc0278a
----------------- Done invoking toplevel() on ptolemy.moml.MoMLSimpleApplication@6fc0278a
reloadAllAccessors: .ExecStop

===========================================================================================
----------------- testing Fri Dec 07 02:56:17 UTC 2018 /home/travis/build/icyphy/ptII/ptolemy/actor/lib/test/auto/ExecutionTimeSDF.xml
----------------- Instantiating /home/travis/build/icyphy/ptII/ptolemy/actor/lib/test/auto/ExecutionTimeSDF.xml
Fired ExecutionTime: 2007600000
Fired ExecutionTime: 981200000
Fired ExecutionTime: -1666167296
6005 ms. Memory: 1364480K Free: 386909K (28%)
----------------- Invoking toplevel() on ptolemy.moml.MoMLSimpleApplication@1d71b6a6
----------------- Done invoking toplevel() on ptolemy.moml.MoMLSimpleApplication@1d71b6a6
reloadAllAccessors: .ExecutionTimeSDF

===========================================================================================
----------------- testing Fri Dec 07 02:56:23 UTC 2018 /home/travis/build/icyphy/ptII/ptolemy/actor/lib/test/auto/Expression1.xml
----------------- Instantiating /home/travis/build/icyphy/ptII/ptolemy/actor/lib/test/auto/Expression1.xml
2 ms. Memory: 1364480K Free: 361651K (27%)
----------------- Invoking toplevel() on ptolemy.moml.MoMLSimpleApplication@76c50cf6
----------------- Done invoking toplevel() on ptolemy.moml.MoMLSimpleApplication@76c50cf6
reloadAllAccessors: .Expression1

===========================================================================================
----------------- testing Fri Dec 07 02:56:23 UTC 2018 /home/travis/build/icyphy/ptII/ptolemy/actor/lib/test/auto/Expression10.xml
----------------- Instantiating /home/travis/build/icyphy/ptII/ptolemy/actor/lib/test/auto/Expression10.xml
5 ms. Memory: 1364480K Free: 345056K (25%)
----------------- Invoking toplevel() on ptolemy.moml.MoMLSimpleApplication@507f292f
----------------- Done invoking toplevel() on ptolemy.moml.MoMLSimpleApplication@507f292f
reloadAllAccessors: .Expression10

===========================================================================================
----------------- testing Fri Dec 07 02:56:23 UTC 2018 /home/travis/build/icyphy/ptII/ptolemy/actor/lib/test/auto/Expression11.xml
----------------- Instantiating /home/travis/build/icyphy/ptII/ptolemy/actor/lib/test/auto/Expression11.xml
2 ms. Memory: 1364480K Free: 328460K (24%)
----------------- Invoking toplevel() on ptolemy.moml.MoMLSimpleApplication@67092ad4
----------------- Done invoking toplevel() on ptolemy.moml.MoMLSimpleApplication@67092ad4
reloadAllAccessors: .Expression11

===========================================================================================
----------------- testing Fri Dec 07 02:56:23 UTC 2018 /home/travis/build/icyphy/ptII/ptolemy/actor/lib/test/auto/Expression12.xml
----------------- Instantiating /home/travis/build/icyphy/ptII/ptolemy/actor/lib/test/auto/Expression12.xml
3 ms. Memory: 1364480K Free: 311864K (23%)
----------------- Invoking toplevel() on ptolemy.moml.MoMLSimpleApplication@1c3d0a52
----------------- Done invoking toplevel() on ptolemy.moml.MoMLSimpleApplication@1c3d0a52
reloadAllAccessors: .Expression12

===========================================================================================
----------------- testing Fri Dec 07 02:56:23 UTC 2018 /home/travis/build/icyphy/ptII/ptolemy/actor/lib/test/auto/Expression13.xml
----------------- Instantiating /home/travis/build/icyphy/ptII/ptolemy/actor/lib/test/auto/Expression13.xml
3 ms. Memory: 1364480K Free: 286606K (21%)
----------------- Invoking toplevel() on ptolemy.moml.MoMLSimpleApplication@12c4ad79
----------------- Done invoking toplevel() on ptolemy.moml.MoMLSimpleApplication@12c4ad79
reloadAllAccessors: .Expression13

===========================================================================================
----------------- testing Fri Dec 07 02:56:23 UTC 2018 /home/travis/build/icyphy/ptII/ptolemy/actor/lib/test/auto/Expression14.xml
----------------- Instantiating /home/travis/build/icyphy/ptII/ptolemy/actor/lib/test/auto/Expression14.xml
5 ms. Memory: 1364480K Free: 270011K (20%)
----------------- Invoking toplevel() on ptolemy.moml.MoMLSimpleApplication@48b25fd4
----------------- Done invoking toplevel() on ptolemy.moml.MoMLSimpleApplication@48b25fd4
reloadAllAccessors: .Expression14

===========================================================================================
----------------- testing Fri Dec 07 02:56:23 UTC 2018 /home/travis/build/icyphy/ptII/ptolemy/actor/lib/test/auto/Expression15.xml
----------------- Instantiating /home/travis/build/icyphy/ptII/ptolemy/actor/lib/test/auto/Expression15.xml
3 ms. Memory: 1364480K Free: 253415K (19%)
----------------- Invoking toplevel() on ptolemy.moml.MoMLSimpleApplication@501100c8
----------------- Done invoking toplevel() on ptolemy.moml.MoMLSimpleApplication@501100c8
reloadAllAccessors: .Expression15

===========================================================================================
----------------- testing Fri Dec 07 02:56:23 UTC 2018 /home/travis/build/icyphy/ptII/ptolemy/actor/lib/test/auto/Expression16.xml
----------------- Instantiating /home/travis/build/icyphy/ptII/ptolemy/actor/lib/test/auto/Expression16.xml
2 ms. Memory: 1364480K Free: 236819K (17%)
----------------- Invoking toplevel() on ptolemy.moml.MoMLSimpleApplication@6d76e81a
----------------- Done invoking toplevel() on ptolemy.moml.MoMLSimpleApplication@6d76e81a
reloadAllAccessors: .Expression16

===========================================================================================
----------------- testing Fri Dec 07 02:56:23 UTC 2018 /home/travis/build/icyphy/ptII/ptolemy/actor/lib/test/auto/Expression17.xml
----------------- Instantiating /home/travis/build/icyphy/ptII/ptolemy/actor/lib/test/auto/Expression17.xml
2 ms. Memory: 1364480K Free: 211561K (16%)
----------------- Invoking toplevel() on ptolemy.moml.MoMLSimpleApplication@2a93fb77
----------------- Done invoking toplevel() on ptolemy.moml.MoMLSimpleApplication@2a93fb77
reloadAllAccessors: .Expression17

===========================================================================================
----------------- testing Fri Dec 07 02:56:23 UTC 2018 /home/travis/build/icyphy/ptII/ptolemy/actor/lib/test/auto/Expression18.xml
----------------- Instantiating /home/travis/build/icyphy/ptII/ptolemy/actor/lib/test/auto/Expression18.xml
2 ms. Memory: 1364480K Free: 194966K (14%)
----------------- Invoking toplevel() on ptolemy.moml.MoMLSimpleApplication@1b815218
----------------- Done invoking toplevel() on ptolemy.moml.MoMLSimpleApplication@1b815218
reloadAllAccessors: .Expression18

===========================================================================================
----------------- testing Fri Dec 07 02:56:23 UTC 2018 /home/travis/build/icyphy/ptII/ptolemy/actor/lib/test/auto/Expression2.xml
----------------- Instantiating /home/travis/build/icyphy/ptII/ptolemy/actor/lib/test/auto/Expression2.xml
4 ms. Memory: 1364480K Free: 178370K (13%)
----------------- Invoking toplevel() on ptolemy.moml.MoMLSimpleApplication@514e862e
----------------- Done invoking toplevel() on ptolemy.moml.MoMLSimpleApplication@514e862e
reloadAllAccessors: .Expression2

===========================================================================================
----------------- testing Fri Dec 07 02:56:23 UTC 2018 /home/travis/build/icyphy/ptII/ptolemy/actor/lib/test/auto/Expression3.xml
----------------- Instantiating /home/travis/build/icyphy/ptII/ptolemy/actor/lib/test/auto/Expression3.xml
3 ms. Memory: 1364480K Free: 153112K (11%)
----------------- Invoking toplevel() on ptolemy.moml.MoMLSimpleApplication@7b139043
----------------- Done invoking toplevel() on ptolemy.moml.MoMLSimpleApplication@7b139043
reloadAllAccessors: .Expression3

===========================================================================================
----------------- testing Fri Dec 07 02:56:23 UTC 2018 /home/travis/build/icyphy/ptII/ptolemy/actor/lib/test/auto/Expression4.xml
----------------- Instantiating /home/travis/build/icyphy/ptII/ptolemy/actor/lib/test/auto/Expression4.xml
4 ms. Memory: 1364480K Free: 136516K (10%)
----------------- Invoking toplevel() on ptolemy.moml.MoMLSimpleApplication@37849dfa
----------------- Done invoking toplevel() on ptolemy.moml.MoMLSimpleApplication@37849dfa
reloadAllAccessors: .Expression4

===========================================================================================
----------------- testing Fri Dec 07 02:56:23 UTC 2018 /home/travis/build/icyphy/ptII/ptolemy/actor/lib/test/auto/Expression5.xml
----------------- Instantiating /home/travis/build/icyphy/ptII/ptolemy/actor/lib/test/auto/Expression5.xml
2 ms. Memory: 1364480K Free: 119920K (9%)
----------------- Invoking toplevel() on ptolemy.moml.MoMLSimpleApplication@1d9ff6fd
----------------- Done invoking toplevel() on ptolemy.moml.MoMLSimpleApplication@1d9ff6fd
reloadAllAccessors: .Expression5

===========================================================================================
----------------- testing Fri Dec 07 02:56:23 UTC 2018 /home/travis/build/icyphy/ptII/ptolemy/actor/lib/test/auto/Expression6.xml
----------------- Instantiating /home/travis/build/icyphy/ptII/ptolemy/actor/lib/test/auto/Expression6.xml
3 ms. Memory: 1364480K Free: 103325K (8%)
----------------- Invoking toplevel() on ptolemy.moml.MoMLSimpleApplication@6de8808c
----------------- Done invoking toplevel() on ptolemy.moml.MoMLSimpleApplication@6de8808c
reloadAllAccessors: .Expression6

===========================================================================================
----------------- testing Fri Dec 07 02:56:23 UTC 2018 /home/travis/build/icyphy/ptII/ptolemy/actor/lib/test/auto/Expression7.xml
----------------- Instantiating /home/travis/build/icyphy/ptII/ptolemy/actor/lib/test/auto/Expression7.xml
5 ms. Memory: 1364480K Free: 82488K (6%)
----------------- Invoking toplevel() on ptolemy.moml.MoMLSimpleApplication@4c8991d1
----------------- Done invoking toplevel() on ptolemy.moml.MoMLSimpleApplication@4c8991d1
reloadAllAccessors: .Expression7

===========================================================================================
----------------- testing Fri Dec 07 02:56:23 UTC 2018 /home/travis/build/icyphy/ptII/ptolemy/actor/lib/test/auto/Expression8.xml
----------------- Instantiating /home/travis/build/icyphy/ptII/ptolemy/actor/lib/test/auto/Expression8.xml
8 ms. Memory: 1364480K Free: 1309400K (96%)
----------------- Invoking toplevel() on ptolemy.moml.MoMLSimpleApplication@76786f7a
----------------- Done invoking toplevel() on ptolemy.moml.MoMLSimpleApplication@76786f7a
reloadAllAccessors: .Expression8

===========================================================================================
----------------- testing Fri Dec 07 02:56:23 UTC 2018 /home/travis/build/icyphy/ptII/ptolemy/actor/lib/test/auto/Expression9.xml
----------------- Instantiating /home/travis/build/icyphy/ptII/ptolemy/actor/lib/test/auto/Expression9.xml
1 ms. Memory: 1364480K Free: 1286507K (94%)
----------------- Invoking toplevel() on ptolemy.moml.MoMLSimpleApplication@777a384e
----------------- Done invoking toplevel() on ptolemy.moml.MoMLSimpleApplication@777a384e
reloadAllAccessors: .Expression9

===========================================================================================
----------------- testing Fri Dec 07 02:56:23 UTC 2018 /home/travis/build/icyphy/ptII/ptolemy/actor/lib/test/auto/ExpressionConcatenateArrayType.xml
----------------- Instantiating /home/travis/build/icyphy/ptII/ptolemy/actor/lib/test/auto/ExpressionConcatenateArrayType.xml
2 ms. Memory: 1364480K Free: 1269912K (93%)
----------------- Invoking toplevel() on ptolemy.moml.MoMLSimpleApplication@7b38f7cd
----------------- Done invoking toplevel() on ptolemy.moml.MoMLSimpleApplication@7b38f7cd
reloadAllAccessors: .ExpressionConcatenateArrayType

===========================================================================================
----------------- testing Fri Dec 07 02:56:23 UTC 2018 /home/travis/build/icyphy/ptII/ptolemy/actor/lib/test/auto/ExpressionConcatenateArrayType2.xml
----------------- Instantiating /home/travis/build/icyphy/ptII/ptolemy/actor/lib/test/auto/ExpressionConcatenateArrayType2.xml
2 ms. Memory: 1364480K Free: 1247018K (91%)
----------------- Invoking toplevel() on ptolemy.moml.MoMLSimpleApplication@52070a0b
----------------- Done invoking toplevel() on ptolemy.moml.MoMLSimpleApplication@52070a0b
reloadAllAccessors: .ExpressionConcatenateArrayType2

===========================================================================================
----------------- testing Fri Dec 07 02:56:23 UTC 2018 /home/travis/build/icyphy/ptII/ptolemy/actor/lib/test/auto/ExpressionFix.xml
----------------- Instantiating /home/travis/build/icyphy/ptII/ptolemy/actor/lib/test/auto/ExpressionFix.xml
8 ms. Memory: 1364480K Free: 1230313K (90%)
----------------- Invoking toplevel() on ptolemy.moml.MoMLSimpleApplication@284afba7
----------------- Done invoking toplevel() on ptolemy.moml.MoMLSimpleApplication@284afba7
reloadAllAccessors: .ExpressionFix

===========================================================================================
----------------- testing Fri Dec 07 02:56:23 UTC 2018 /home/travis/build/icyphy/ptII/ptolemy/actor/lib/test/auto/ExpressionFix2.xml
----------------- Instantiating /home/travis/build/icyphy/ptII/ptolemy/actor/lib/test/auto/ExpressionFix2.xml
3 ms. Memory: 1364480K Free: 1213718K (89%)
----------------- Invoking toplevel() on ptolemy.moml.MoMLSimpleApplication@346c16df
----------------- Done invoking toplevel() on ptolemy.moml.MoMLSimpleApplication@346c16df
reloadAllAccessors: .ExpressionFix2

===========================================================================================
----------------- testing Fri Dec 07 02:56:23 UTC 2018 /home/travis/build/icyphy/ptII/ptolemy/actor/lib/test/auto/ExpressionFix3.xml
----------------- Instantiating /home/travis/build/icyphy/ptII/ptolemy/actor/lib/test/auto/ExpressionFix3.xml
3 ms. Memory: 1364480K Free: 1190825K (87%)
----------------- Invoking toplevel() on ptolemy.moml.MoMLSimpleApplication@553ad7c0
----------------- Done invoking toplevel() on ptolemy.moml.MoMLSimpleApplication@553ad7c0
reloadAllAccessors: .ExpressionFix3

===========================================================================================
----------------- testing Fri Dec 07 02:56:23 UTC 2018 /home/travis/build/icyphy/ptII/ptolemy/actor/lib/test/auto/FileWriter1.xml
----------------- Instantiating /home/travis/build/icyphy/ptII/ptolemy/actor/lib/test/auto/FileWriter1.xml
2 ms. Memory: 1364480K Free: 1174229K (86%)
----------------- Invoking toplevel() on ptolemy.moml.MoMLSimpleApplication@497af308
----------------- Done invoking toplevel() on ptolemy.moml.MoMLSimpleApplication@497af308
reloadAllAccessors: .FileWriter1

===========================================================================================
----------------- testing Fri Dec 07 02:56:23 UTC 2018 /home/travis/build/icyphy/ptII/ptolemy/actor/lib/test/auto/FileWriter2.xml
----------------- Instantiating /home/travis/build/icyphy/ptII/ptolemy/actor/lib/test/auto/FileWriter2.xml
3 ms. Memory: 1364480K Free: 1151336K (84%)
----------------- Invoking toplevel() on ptolemy.moml.MoMLSimpleApplication@1f0f2299
----------------- Done invoking toplevel() on ptolemy.moml.MoMLSimpleApplication@1f0f2299
reloadAllAccessors: .FileWriter2

===========================================================================================
----------------- testing Fri Dec 07 02:56:23 UTC 2018 /home/travis/build/icyphy/ptII/ptolemy/actor/lib/test/auto/FileWriter3.xml
----------------- Instantiating /home/travis/build/icyphy/ptII/ptolemy/actor/lib/test/auto/FileWriter3.xml
5 ms. Memory: 1364480K Free: 1134740K (83%)
----------------- Invoking toplevel() on ptolemy.moml.MoMLSimpleApplication@1720c9a2
----------------- Done invoking toplevel() on ptolemy.moml.MoMLSimpleApplication@1720c9a2
reloadAllAccessors: .FileWriter3

===========================================================================================
----------------- testing Fri Dec 07 02:56:23 UTC 2018 /home/travis/build/icyphy/ptII/ptolemy/actor/lib/test/auto/Gaussian.xml
----------------- Instantiating /home/travis/build/icyphy/ptII/ptolemy/actor/lib/test/auto/Gaussian.xml
2 ms. Memory: 1364480K Free: 1118144K (82%)
----------------- Invoking toplevel() on ptolemy.moml.MoMLSimpleApplication@e675b4b
----------------- Done invoking toplevel() on ptolemy.moml.MoMLSimpleApplication@e675b4b
reloadAllAccessors: .Gaussian

===========================================================================================
----------------- testing Fri Dec 07 02:56:24 UTC 2018 /home/travis/build/icyphy/ptII/ptolemy/actor/lib/test/auto/Gaussian1.xml
----------------- Instantiating /home/travis/build/icyphy/ptII/ptolemy/actor/lib/test/auto/Gaussian1.xml
7 ms. Memory: 1364480K Free: 1095251K (80%)
----------------- Invoking toplevel() on ptolemy.moml.MoMLSimpleApplication@c0a5e43
----------------- Done invoking toplevel() on ptolemy.moml.MoMLSimpleApplication@c0a5e43
reloadAllAccessors: .Gaussian1

===========================================================================================
----------------- testing Fri Dec 07 02:56:24 UTC 2018 /home/travis/build/icyphy/ptII/ptolemy/actor/lib/test/auto/Gaussian2.xml
----------------- Instantiating /home/travis/build/icyphy/ptII/ptolemy/actor/lib/test/auto/Gaussian2.xml
2 ms. Memory: 1364480K Free: 1078655K (79%)
----------------- Invoking toplevel() on ptolemy.moml.MoMLSimpleApplication@3ed96b9
----------------- Done invoking toplevel() on ptolemy.moml.MoMLSimpleApplication@3ed96b9
reloadAllAccessors: .Gaussian2

===========================================================================================
----------------- testing Fri Dec 07 02:56:24 UTC 2018 /home/travis/build/icyphy/ptII/ptolemy/actor/lib/test/auto/GradientAdaptiveLattice.xml
----------------- Instantiating /home/travis/build/icyphy/ptII/ptolemy/actor/lib/test/auto/GradientAdaptiveLattice.xml
3 ms. Memory: 1364480K Free: 1062059K (78%)
----------------- Invoking toplevel() on ptolemy.moml.MoMLSimpleApplication@917c0f8
----------------- Done invoking toplevel() on ptolemy.moml.MoMLSimpleApplication@917c0f8
reloadAllAccessors: .GradientAdaptiveLattice

===========================================================================================
----------------- testing Fri Dec 07 02:56:24 UTC 2018 /home/travis/build/icyphy/ptII/ptolemy/actor/lib/test/auto/IIR.xml
----------------- Instantiating /home/travis/build/icyphy/ptII/ptolemy/actor/lib/test/auto/IIR.xml
1 ms. Memory: 1364480K Free: 1039166K (76%)
----------------- Invoking toplevel() on ptolemy.moml.MoMLSimpleApplication@73634715
----------------- Done invoking toplevel() on ptolemy.moml.MoMLSimpleApplication@73634715
reloadAllAccessors: .IIR

===========================================================================================
----------------- testing Fri Dec 07 02:56:24 UTC 2018 /home/travis/build/icyphy/ptII/ptolemy/actor/lib/test/auto/InputOutputTransparentPorts.xml
----------------- Instantiating /home/travis/build/icyphy/ptII/ptolemy/actor/lib/test/auto/InputOutputTransparentPorts.xml
4 ms. Memory: 1364480K Free: 1022571K (75%)
----------------- Invoking toplevel() on ptolemy.moml.MoMLSimpleApplication@6a5fd1ef
----------------- Done invoking toplevel() on ptolemy.moml.MoMLSimpleApplication@6a5fd1ef
reloadAllAccessors: .InputOutputTransparentPorts

===========================================================================================
----------------- testing Fri Dec 07 02:56:24 UTC 2018 /home/travis/build/icyphy/ptII/ptolemy/actor/lib/test/auto/Interpolator.xml
----------------- Instantiating /home/travis/build/icyphy/ptII/ptolemy/actor/lib/test/auto/Interpolator.xml
4 ms. Memory: 1364480K Free: 999678K (73%)
----------------- Invoking toplevel() on ptolemy.moml.MoMLSimpleApplication@5dc523b8
----------------- Done invoking toplevel() on ptolemy.moml.MoMLSimpleApplication@5dc523b8
reloadAllAccessors: .Interpolator

===========================================================================================
----------------- testing Fri Dec 07 02:56:24 UTC 2018 /home/travis/build/icyphy/ptII/ptolemy/actor/lib/test/auto/InterpolatorFiringLimitDE.xml
----------------- Instantiating /home/travis/build/icyphy/ptII/ptolemy/actor/lib/test/auto/InterpolatorFiringLimitDE.xml
3 ms. Memory: 1364480K Free: 983082K (72%)
----------------- Invoking toplevel() on ptolemy.moml.MoMLSimpleApplication@735b2836
----------------- Done invoking toplevel() on ptolemy.moml.MoMLSimpleApplication@735b2836
reloadAllAccessors: .InterpolatorFiringLimitDE

===========================================================================================
----------------- testing Fri Dec 07 02:56:24 UTC 2018 /home/travis/build/icyphy/ptII/ptolemy/actor/lib/test/auto/Lattice.xml
----------------- Instantiating /home/travis/build/icyphy/ptII/ptolemy/actor/lib/test/auto/Lattice.xml
1 ms. Memory: 1364480K Free: 966486K (71%)
----------------- Invoking toplevel() on ptolemy.moml.MoMLSimpleApplication@191f5444
----------------- Done invoking toplevel() on ptolemy.moml.MoMLSimpleApplication@191f5444
reloadAllAccessors: .Lattice

===========================================================================================
----------------- testing Fri Dec 07 02:56:24 UTC 2018 /home/travis/build/icyphy/ptII/ptolemy/actor/lib/test/auto/LazyAOCTestLazy.xml
----------------- Instantiating /home/travis/build/icyphy/ptII/ptolemy/actor/lib/test/auto/LazyAOCTestLazy.xml
9 ms. Memory: 1364480K Free: 943593K (69%)
----------------- Invoking toplevel() on ptolemy.moml.MoMLSimpleApplication@529b3d97
----------------- Done invoking toplevel() on ptolemy.moml.MoMLSimpleApplication@529b3d97
reloadAllAccessors: .LazyAOCTestLazy

===========================================================================================
----------------- testing Fri Dec 07 02:56:24 UTC 2018 /home/travis/build/icyphy/ptII/ptolemy/actor/lib/test/auto/LazyAOCTestNonLazy.xml
----------------- Instantiating /home/travis/build/icyphy/ptII/ptolemy/actor/lib/test/auto/LazyAOCTestNonLazy.xml
6 ms. Memory: 1364480K Free: 926997K (68%)
----------------- Invoking toplevel() on ptolemy.moml.MoMLSimpleApplication@2032bd70
----------------- Done invoking toplevel() on ptolemy.moml.MoMLSimpleApplication@2032bd70
reloadAllAccessors: .LazyAOCTestNonLazy

===========================================================================================
----------------- testing Fri Dec 07 02:56:24 UTC 2018 /home/travis/build/icyphy/ptII/ptolemy/actor/lib/test/auto/LazyInnerClass.xml
----------------- Instantiating /home/travis/build/icyphy/ptII/ptolemy/actor/lib/test/auto/LazyInnerClass.xml
23 ms. Memory: 1364480K Free: 910402K (67%)
----------------- Invoking toplevel() on ptolemy.moml.MoMLSimpleApplication@52b1adec
----------------- Done invoking toplevel() on ptolemy.moml.MoMLSimpleApplication@52b1adec
reloadAllAccessors: .LazyInnerClass

===========================================================================================
----------------- testing Fri Dec 07 02:56:24 UTC 2018 /home/travis/build/icyphy/ptII/ptolemy/actor/lib/test/auto/LazyPubSub.xml
----------------- Instantiating /home/travis/build/icyphy/ptII/ptolemy/actor/lib/test/auto/LazyPubSub.xml
28 ms. Memory: 1364480K Free: 887509K (65%)
----------------- Invoking toplevel() on ptolemy.moml.MoMLSimpleApplication@705d061b
----------------- Done invoking toplevel() on ptolemy.moml.MoMLSimpleApplication@705d061b
reloadAllAccessors: .LazyPubSub

===========================================================================================
----------------- testing Fri Dec 07 02:56:24 UTC 2018 /home/travis/build/icyphy/ptII/ptolemy/actor/lib/test/auto/LazyPubSub2.xml
----------------- Instantiating /home/travis/build/icyphy/ptII/ptolemy/actor/lib/test/auto/LazyPubSub2.xml
17 ms. Memory: 1364480K Free: 870913K (64%)
----------------- Invoking toplevel() on ptolemy.moml.MoMLSimpleApplication@c896e17
----------------- Done invoking toplevel() on ptolemy.moml.MoMLSimpleApplication@c896e17
reloadAllAccessors: .LazyPubSub2

===========================================================================================
----------------- testing Fri Dec 07 02:56:24 UTC 2018 /home/travis/build/icyphy/ptII/ptolemy/actor/lib/test/auto/LazyPubSub3.xml
----------------- Instantiating /home/travis/build/icyphy/ptII/ptolemy/actor/lib/test/auto/LazyPubSub3.xml
13 ms. Memory: 1364480K Free: 848020K (62%)
----------------- Invoking toplevel() on ptolemy.moml.MoMLSimpleApplication@62fe12d2
----------------- Done invoking toplevel() on ptolemy.moml.MoMLSimpleApplication@62fe12d2
reloadAllAccessors: .LazyPubSub3

===========================================================================================
----------------- testing Fri Dec 07 02:56:24 UTC 2018 /home/travis/build/icyphy/ptII/ptolemy/actor/lib/test/auto/LazySubClassModel.xml
----------------- Instantiating /home/travis/build/icyphy/ptII/ptolemy/actor/lib/test/auto/LazySubClassModel.xml
6 ms. Memory: 1364480K Free: 831424K (61%)
----------------- Invoking toplevel() on ptolemy.moml.MoMLSimpleApplication@2ea76cb
----------------- Done invoking toplevel() on ptolemy.moml.MoMLSimpleApplication@2ea76cb
reloadAllAccessors: .LazySubClassModel

===========================================================================================
----------------- testing Fri Dec 07 02:56:24 UTC 2018 /home/travis/build/icyphy/ptII/ptolemy/actor/lib/test/auto/LevelCrossTest1.xml
----------------- Instantiating /home/travis/build/icyphy/ptII/ptolemy/actor/lib/test/auto/LevelCrossTest1.xml
2 ms. Memory: 1364480K Free: 814828K (60%)
----------------- Invoking toplevel() on ptolemy.moml.MoMLSimpleApplication@4d25102d
----------------- Done invoking toplevel() on ptolemy.moml.MoMLSimpleApplication@4d25102d
reloadAllAccessors: .broken

===========================================================================================
----------------- testing Fri Dec 07 02:56:24 UTC 2018 /home/travis/build/icyphy/ptII/ptolemy/actor/lib/test/auto/LevelCrossTest10.xml
----------------- Instantiating /home/travis/build/icyphy/ptII/ptolemy/actor/lib/test/auto/LevelCrossTest10.xml
2 ms. Memory: 1364480K Free: 791935K (58%)
----------------- Invoking toplevel() on ptolemy.moml.MoMLSimpleApplication@32e5895b
----------------- Done invoking toplevel() on ptolemy.moml.MoMLSimpleApplication@32e5895b
reloadAllAccessors: .LevelCrossTest10

===========================================================================================
----------------- testing Fri Dec 07 02:56:24 UTC 2018 /home/travis/build/icyphy/ptII/ptolemy/actor/lib/test/auto/LevelCrossTest11.xml
----------------- Instantiating /home/travis/build/icyphy/ptII/ptolemy/actor/lib/test/auto/LevelCrossTest11.xml
1 ms. Memory: 1364480K Free: 775339K (57%)
----------------- Invoking toplevel() on ptolemy.moml.MoMLSimpleApplication@76c02bec
----------------- Done invoking toplevel() on ptolemy.moml.MoMLSimpleApplication@76c02bec
reloadAllAccessors: .LevelCrossTest11

===========================================================================================
----------------- testing Fri Dec 07 02:56:24 UTC 2018 /home/travis/build/icyphy/ptII/ptolemy/actor/lib/test/auto/LevelCrossTest12.xml
----------------- Instantiating /home/travis/build/icyphy/ptII/ptolemy/actor/lib/test/auto/LevelCrossTest12.xml
1 ms. Memory: 1364480K Free: 752446K (55%)
----------------- Invoking toplevel() on ptolemy.moml.MoMLSimpleApplication@2c6afd1b
----------------- Done invoking toplevel() on ptolemy.moml.MoMLSimpleApplication@2c6afd1b
reloadAllAccessors: .LevelCrossTest12

===========================================================================================
----------------- testing Fri Dec 07 02:56:24 UTC 2018 /home/travis/build/icyphy/ptII/ptolemy/actor/lib/test/auto/LevelCrossTest13.xml
----------------- Instantiating /home/travis/build/icyphy/ptII/ptolemy/actor/lib/test/auto/LevelCrossTest13.xml
1 ms. Memory: 1364480K Free: 735850K (54%)
----------------- Invoking toplevel() on ptolemy.moml.MoMLSimpleApplication@1f042c65
----------------- Done invoking toplevel() on ptolemy.moml.MoMLSimpleApplication@1f042c65
reloadAllAccessors: .LevelCrossTest13

===========================================================================================
----------------- testing Fri Dec 07 02:56:24 UTC 2018 /home/travis/build/icyphy/ptII/ptolemy/actor/lib/test/auto/LevelCrossTest2.xml
----------------- Instantiating /home/travis/build/icyphy/ptII/ptolemy/actor/lib/test/auto/LevelCrossTest2.xml
1 ms. Memory: 1364480K Free: 719255K (53%)
----------------- Invoking toplevel() on ptolemy.moml.MoMLSimpleApplication@3cd05eb2
----------------- Done invoking toplevel() on ptolemy.moml.MoMLSimpleApplication@3cd05eb2
reloadAllAccessors: .broken

===========================================================================================
----------------- testing Fri Dec 07 02:56:24 UTC 2018 /home/travis/build/icyphy/ptII/ptolemy/actor/lib/test/auto/LevelCrossTest3.xml
----------------- Instantiating /home/travis/build/icyphy/ptII/ptolemy/actor/lib/test/auto/LevelCrossTest3.xml
1 ms. Memory: 1364480K Free: 696361K (51%)
----------------- Invoking toplevel() on ptolemy.moml.MoMLSimpleApplication@ef029f8
----------------- Done invoking toplevel() on ptolemy.moml.MoMLSimpleApplication@ef029f8
reloadAllAccessors: .LevelCrossTest3

===========================================================================================
----------------- testing Fri Dec 07 02:56:24 UTC 2018 /home/travis/build/icyphy/ptII/ptolemy/actor/lib/test/auto/LevelCrossTest4.xml
----------------- Instantiating /home/travis/build/icyphy/ptII/ptolemy/actor/lib/test/auto/LevelCrossTest4.xml
1 ms. Memory: 1364480K Free: 679766K (50%)
----------------- Invoking toplevel() on ptolemy.moml.MoMLSimpleApplication@3d1a63b2
----------------- Done invoking toplevel() on ptolemy.moml.MoMLSimpleApplication@3d1a63b2
reloadAllAccessors: .broken

===========================================================================================
----------------- testing Fri Dec 07 02:56:24 UTC 2018 /home/travis/build/icyphy/ptII/ptolemy/actor/lib/test/auto/LevelCrossTest5.xml
----------------- Instantiating /home/travis/build/icyphy/ptII/ptolemy/actor/lib/test/auto/LevelCrossTest5.xml
1 ms. Memory: 1364480K Free: 663170K (49%)
----------------- Invoking toplevel() on ptolemy.moml.MoMLSimpleApplication@6baf2a4
----------------- Done invoking toplevel() on ptolemy.moml.MoMLSimpleApplication@6baf2a4
reloadAllAccessors: .LevelCrossTest5

===========================================================================================
----------------- testing Fri Dec 07 02:56:24 UTC 2018 /home/travis/build/icyphy/ptII/ptolemy/actor/lib/test/auto/LevelCrossTest6.xml
----------------- Instantiating /home/travis/build/icyphy/ptII/ptolemy/actor/lib/test/auto/LevelCrossTest6.xml
1 ms. Memory: 1364480K Free: 640277K (47%)
----------------- Invoking toplevel() on ptolemy.moml.MoMLSimpleApplication@4e123407
----------------- Done invoking toplevel() on ptolemy.moml.MoMLSimpleApplication@4e123407
reloadAllAccessors: .LevelCrossTest6

===========================================================================================
----------------- testing Fri Dec 07 02:56:24 UTC 2018 /home/travis/build/icyphy/ptII/ptolemy/actor/lib/test/auto/LevelCrossTest7.xml
----------------- Instantiating /home/travis/build/icyphy/ptII/ptolemy/actor/lib/test/auto/LevelCrossTest7.xml
1 ms. Memory: 1364480K Free: 623681K (46%)
----------------- Invoking toplevel() on ptolemy.moml.MoMLSimpleApplication@2d8a2c79
----------------- Done invoking toplevel() on ptolemy.moml.MoMLSimpleApplication@2d8a2c79
reloadAllAccessors: .LevelCrossTest7

===========================================================================================
----------------- testing Fri Dec 07 02:56:24 UTC 2018 /home/travis/build/icyphy/ptII/ptolemy/actor/lib/test/auto/LevelCrossTest8.xml
----------------- Instantiating /home/travis/build/icyphy/ptII/ptolemy/actor/lib/test/auto/LevelCrossTest8.xml
1 ms. Memory: 1364480K Free: 600788K (44%)
----------------- Invoking toplevel() on ptolemy.moml.MoMLSimpleApplication@4d5aeab6
----------------- Done invoking toplevel() on ptolemy.moml.MoMLSimpleApplication@4d5aeab6
reloadAllAccessors: .LevelCrossTest8

===========================================================================================
----------------- testing Fri Dec 07 02:56:24 UTC 2018 /home/travis/build/icyphy/ptII/ptolemy/actor/lib/test/auto/LevelCrossTest9.xml
----------------- Instantiating /home/travis/build/icyphy/ptII/ptolemy/actor/lib/test/auto/LevelCrossTest9.xml
1 ms. Memory: 1364480K Free: 584192K (43%)
----------------- Invoking toplevel() on ptolemy.moml.MoMLSimpleApplication@4ec331d6
----------------- Done invoking toplevel() on ptolemy.moml.MoMLSimpleApplication@4ec331d6
reloadAllAccessors: .LevelCrossTest9

===========================================================================================
----------------- testing Fri Dec 07 02:56:24 UTC 2018 /home/travis/build/icyphy/ptII/ptolemy/actor/lib/test/auto/LevinsonDurbin.xml
----------------- Instantiating /home/travis/build/icyphy/ptII/ptolemy/actor/lib/test/auto/LevinsonDurbin.xml
1 ms. Memory: 1364480K Free: 567596K (42%)
----------------- Invoking toplevel() on ptolemy.moml.MoMLSimpleApplication@6b4dfa3d
----------------- Done invoking toplevel() on ptolemy.moml.MoMLSimpleApplication@6b4dfa3d
reloadAllAccessors: .LevinsonDurbin

===========================================================================================
----------------- testing Fri Dec 07 02:56:24 UTC 2018 /home/travis/build/icyphy/ptII/ptolemy/actor/lib/test/auto/LevinsonDurbin2.xml
----------------- Instantiating /home/travis/build/icyphy/ptII/ptolemy/actor/lib/test/auto/LevinsonDurbin2.xml
1 ms. Memory: 1364480K Free: 544703K (40%)
----------------- Invoking toplevel() on ptolemy.moml.MoMLSimpleApplication@5a9372f7
----------------- Done invoking toplevel() on ptolemy.moml.MoMLSimpleApplication@5a9372f7
reloadAllAccessors: .LevinsonDurbin2

===========================================================================================
----------------- testing Fri Dec 07 02:56:24 UTC 2018 /home/travis/build/icyphy/ptII/ptolemy/actor/lib/test/auto/LevinsonDurbin3.xml
----------------- Instantiating /home/travis/build/icyphy/ptII/ptolemy/actor/lib/test/auto/LevinsonDurbin3.xml
1 ms. Memory: 1364480K Free: 528107K (39%)
----------------- Invoking toplevel() on ptolemy.moml.MoMLSimpleApplication@6f73d142
----------------- Done invoking toplevel() on ptolemy.moml.MoMLSimpleApplication@6f73d142
reloadAllAccessors: .LevinsonDurbin3

===========================================================================================
----------------- testing Fri Dec 07 02:56:24 UTC 2018 /home/travis/build/icyphy/ptII/ptolemy/actor/lib/test/auto/Limiter.xml
----------------- Instantiating /home/travis/build/icyphy/ptII/ptolemy/actor/lib/test/auto/Limiter.xml
4 ms. Memory: 1364480K Free: 505214K (37%)
----------------- Invoking toplevel() on ptolemy.moml.MoMLSimpleApplication@1924aec6
----------------- Done invoking toplevel() on ptolemy.moml.MoMLSimpleApplication@1924aec6
reloadAllAccessors: .Limiter

===========================================================================================
----------------- testing Fri Dec 07 02:56:24 UTC 2018 /home/travis/build/icyphy/ptII/ptolemy/actor/lib/test/auto/LinearDifferenceEquationSystem.xml
----------------- Instantiating /home/travis/build/icyphy/ptII/ptolemy/actor/lib/test/auto/LinearDifferenceEquationSystem.xml
3 ms. Memory: 1364480K Free: 488619K (36%)
----------------- Invoking toplevel() on ptolemy.moml.MoMLSimpleApplication@1843177e
----------------- Done invoking toplevel() on ptolemy.moml.MoMLSimpleApplication@1843177e
reloadAllAccessors: .LinearDifferenceEquationSystem

===========================================================================================
----------------- testing Fri Dec 07 02:56:24 UTC 2018 /home/travis/build/icyphy/ptII/ptolemy/actor/lib/test/auto/LookupTable.xml
----------------- Instantiating /home/travis/build/icyphy/ptII/ptolemy/actor/lib/test/auto/LookupTable.xml
2 ms. Memory: 1364480K Free: 472023K (35%)
----------------- Invoking toplevel() on ptolemy.moml.MoMLSimpleApplication@35325839
----------------- Done invoking toplevel() on ptolemy.moml.MoMLSimpleApplication@35325839
reloadAllAccessors: .LookupTable

===========================================================================================
----------------- testing Fri Dec 07 02:56:24 UTC 2018 /home/travis/build/icyphy/ptII/ptolemy/actor/lib/test/auto/MathFunction.xml
----------------- Instantiating /home/travis/build/icyphy/ptII/ptolemy/actor/lib/test/auto/MathFunction.xml
2 ms. Memory: 1364480K Free: 449130K (33%)
----------------- Invoking toplevel() on ptolemy.moml.MoMLSimpleApplication@423e1cae
----------------- Done invoking toplevel() on ptolemy.moml.MoMLSimpleApplication@423e1cae
reloadAllAccessors: .MathFunction

===========================================================================================
----------------- testing Fri Dec 07 02:56:24 UTC 2018 /home/travis/build/icyphy/ptII/ptolemy/actor/lib/test/auto/MathFunction2.xml
----------------- Instantiating /home/travis/build/icyphy/ptII/ptolemy/actor/lib/test/auto/MathFunction2.xml
2 ms. Memory: 1364480K Free: 432534K (32%)
----------------- Invoking toplevel() on ptolemy.moml.MoMLSimpleApplication@6bb7332f
----------------- Done invoking toplevel() on ptolemy.moml.MoMLSimpleApplication@6bb7332f
reloadAllAccessors: .MathFunction2

===========================================================================================
----------------- testing Fri Dec 07 02:56:24 UTC 2018 /home/travis/build/icyphy/ptII/ptolemy/actor/lib/test/auto/MathFunction3.xml
----------------- Instantiating /home/travis/build/icyphy/ptII/ptolemy/actor/lib/test/auto/MathFunction3.xml
2 ms. Memory: 1364480K Free: 409641K (30%)
----------------- Invoking toplevel() on ptolemy.moml.MoMLSimpleApplication@327dbac6
----------------- Done invoking toplevel() on ptolemy.moml.MoMLSimpleApplication@327dbac6
reloadAllAccessors: .MathFunction3

===========================================================================================
----------------- testing Fri Dec 07 02:56:24 UTC 2018 /home/travis/build/icyphy/ptII/ptolemy/actor/lib/test/auto/MatrixCropBoolean.xml
----------------- Instantiating /home/travis/build/icyphy/ptII/ptolemy/actor/lib/test/auto/MatrixCropBoolean.xml
2 ms. Memory: 1364480K Free: 393045K (29%)
----------------- Invoking toplevel() on ptolemy.moml.MoMLSimpleApplication@7278a199
----------------- Done invoking toplevel() on ptolemy.moml.MoMLSimpleApplication@7278a199
reloadAllAccessors: .MatrixCropBoolean

===========================================================================================
----------------- testing Fri Dec 07 02:56:24 UTC 2018 /home/travis/build/icyphy/ptII/ptolemy/actor/lib/test/auto/MatrixCropComplex.xml
----------------- Instantiating /home/travis/build/icyphy/ptII/ptolemy/actor/lib/test/auto/MatrixCropComplex.xml
1 ms. Memory: 1364480K Free: 376449K (28%)
----------------- Invoking toplevel() on ptolemy.moml.MoMLSimpleApplication@da0d74b
----------------- Done invoking toplevel() on ptolemy.moml.MoMLSimpleApplication@da0d74b
reloadAllAccessors: .MatrixCropComplex

===========================================================================================
----------------- testing Fri Dec 07 02:56:24 UTC 2018 /home/travis/build/icyphy/ptII/ptolemy/actor/lib/test/auto/MatrixCropDouble.xml
----------------- Instantiating /home/travis/build/icyphy/ptII/ptolemy/actor/lib/test/auto/MatrixCropDouble.xml
2 ms. Memory: 1364480K Free: 353556K (26%)
----------------- Invoking toplevel() on ptolemy.moml.MoMLSimpleApplication@70573f69
----------------- Done invoking toplevel() on ptolemy.moml.MoMLSimpleApplication@70573f69
reloadAllAccessors: .MatrixCropDouble

===========================================================================================
----------------- testing Fri Dec 07 02:56:24 UTC 2018 /home/travis/build/icyphy/ptII/ptolemy/actor/lib/test/auto/MatrixCropFix.xml
----------------- Instantiating /home/travis/build/icyphy/ptII/ptolemy/actor/lib/test/auto/MatrixCropFix.xml
2 ms. Memory: 1364480K Free: 336960K (25%)
----------------- Invoking toplevel() on ptolemy.moml.MoMLSimpleApplication@896505f
----------------- Done invoking toplevel() on ptolemy.moml.MoMLSimpleApplication@896505f
reloadAllAccessors: .MatrixCropFix

===========================================================================================
----------------- testing Fri Dec 07 02:56:24 UTC 2018 /home/travis/build/icyphy/ptII/ptolemy/actor/lib/test/auto/MatrixCropInt.xml
----------------- Instantiating /home/travis/build/icyphy/ptII/ptolemy/actor/lib/test/auto/MatrixCropInt.xml
2 ms. Memory: 1364480K Free: 320365K (23%)
----------------- Invoking toplevel() on ptolemy.moml.MoMLSimpleApplication@1a23d28
----------------- Done invoking toplevel() on ptolemy.moml.MoMLSimpleApplication@1a23d28
reloadAllAccessors: .MatrixCropInt

===========================================================================================
----------------- testing Fri Dec 07 02:56:24 UTC 2018 /home/travis/build/icyphy/ptII/ptolemy/actor/lib/test/auto/MatrixCropLong.xml
----------------- Instantiating /home/travis/build/icyphy/ptII/ptolemy/actor/lib/test/auto/MatrixCropLong.xml
2 ms. Memory: 1364480K Free: 297471K (22%)
----------------- Invoking toplevel() on ptolemy.moml.MoMLSimpleApplication@76cdc9a6
----------------- Done invoking toplevel() on ptolemy.moml.MoMLSimpleApplication@76cdc9a6
reloadAllAccessors: .MatrixCropLong

===========================================================================================
----------------- testing Fri Dec 07 02:56:24 UTC 2018 /home/travis/build/icyphy/ptII/ptolemy/actor/lib/test/auto/MatrixToArray.xml
----------------- Instantiating /home/travis/build/icyphy/ptII/ptolemy/actor/lib/test/auto/MatrixToArray.xml
5 ms. Memory: 1364480K Free: 272570K (20%)
----------------- Invoking toplevel() on ptolemy.moml.MoMLSimpleApplication@1317e6a5
----------------- Done invoking toplevel() on ptolemy.moml.MoMLSimpleApplication@1317e6a5
reloadAllAccessors: .MatrixToArray

===========================================================================================
----------------- testing Fri Dec 07 02:56:25 UTC 2018 /home/travis/build/icyphy/ptII/ptolemy/actor/lib/test/auto/MaxIndex.xml
----------------- Instantiating /home/travis/build/icyphy/ptII/ptolemy/actor/lib/test/auto/MaxIndex.xml
2 ms. Memory: 1364480K Free: 249676K (18%)
----------------- Invoking toplevel() on ptolemy.moml.MoMLSimpleApplication@6701a5f6
----------------- Done invoking toplevel() on ptolemy.moml.MoMLSimpleApplication@6701a5f6
reloadAllAccessors: .MaxIndex

===========================================================================================
----------------- testing Fri Dec 07 02:56:25 UTC 2018 /home/travis/build/icyphy/ptII/ptolemy/actor/lib/test/auto/Maximum.xml
----------------- Instantiating /home/travis/build/icyphy/ptII/ptolemy/actor/lib/test/auto/Maximum.xml
2 ms. Memory: 1364480K Free: 233081K (17%)
----------------- Invoking toplevel() on ptolemy.moml.MoMLSimpleApplication@67c3d321
----------------- Done invoking toplevel() on ptolemy.moml.MoMLSimpleApplication@67c3d321
reloadAllAccessors: .Maximum

===========================================================================================
----------------- testing Fri Dec 07 02:56:25 UTC 2018 /home/travis/build/icyphy/ptII/ptolemy/actor/lib/test/auto/MaximumComplex.xml
----------------- Instantiating /home/travis/build/icyphy/ptII/ptolemy/actor/lib/test/auto/MaximumComplex.xml
2 ms. Memory: 1364480K Free: 216485K (16%)
----------------- Invoking toplevel() on ptolemy.moml.MoMLSimpleApplication@73a15957
----------------- Done invoking toplevel() on ptolemy.moml.MoMLSimpleApplication@73a15957
reloadAllAccessors: .MaximumComplex

===========================================================================================
----------------- testing Fri Dec 07 02:56:25 UTC 2018 /home/travis/build/icyphy/ptII/ptolemy/actor/lib/test/auto/MethodCallTest.xml
----------------- Instantiating /home/travis/build/icyphy/ptII/ptolemy/actor/lib/test/auto/MethodCallTest.xml
2 ms. Memory: 1364480K Free: 193592K (14%)
----------------- Invoking toplevel() on ptolemy.moml.MoMLSimpleApplication@45195242
----------------- Done invoking toplevel() on ptolemy.moml.MoMLSimpleApplication@45195242
reloadAllAccessors: .MethodCallTest

===========================================================================================
----------------- testing Fri Dec 07 02:56:25 UTC 2018 /home/travis/build/icyphy/ptII/ptolemy/actor/lib/test/auto/Minimum.xml
----------------- Instantiating /home/travis/build/icyphy/ptII/ptolemy/actor/lib/test/auto/Minimum.xml
2 ms. Memory: 1364480K Free: 176996K (13%)
----------------- Invoking toplevel() on ptolemy.moml.MoMLSimpleApplication@4581ebc2
----------------- Done invoking toplevel() on ptolemy.moml.MoMLSimpleApplication@4581ebc2
reloadAllAccessors: .Minimum

===========================================================================================
----------------- testing Fri Dec 07 02:56:25 UTC 2018 /home/travis/build/icyphy/ptII/ptolemy/actor/lib/test/auto/MinimumComplex.xml
----------------- Instantiating /home/travis/build/icyphy/ptII/ptolemy/actor/lib/test/auto/MinimumComplex.xml
3 ms. Memory: 1364480K Free: 154103K (11%)
----------------- Invoking toplevel() on ptolemy.moml.MoMLSimpleApplication@254b93ee
----------------- Done invoking toplevel() on ptolemy.moml.MoMLSimpleApplication@254b93ee
reloadAllAccessors: .MinimumComplex

===========================================================================================
----------------- testing Fri Dec 07 02:56:25 UTC 2018 /home/travis/build/icyphy/ptII/ptolemy/actor/lib/test/auto/MinimumMultiports.xml
----------------- Instantiating /home/travis/build/icyphy/ptII/ptolemy/actor/lib/test/auto/MinimumMultiports.xml
4 ms. Memory: 1364480K Free: 137507K (10%)
----------------- Invoking toplevel() on ptolemy.moml.MoMLSimpleApplication@13798edf
----------------- Done invoking toplevel() on ptolemy.moml.MoMLSimpleApplication@13798edf
reloadAllAccessors: .MinimumMultiports

===========================================================================================
----------------- testing Fri Dec 07 02:56:25 UTC 2018 /home/travis/build/icyphy/ptII/ptolemy/actor/lib/test/auto/ModifyDate.xml
----------------- Instantiating /home/travis/build/icyphy/ptII/ptolemy/actor/lib/test/auto/ModifyDate.xml
5 ms. Memory: 1364480K Free: 112598K (8%)
----------------- Invoking toplevel() on ptolemy.moml.MoMLSimpleApplication@6ffc4dbf
----------------- Done invoking toplevel() on ptolemy.moml.MoMLSimpleApplication@6ffc4dbf
reloadAllAccessors: .ModifyDate

===========================================================================================
----------------- testing Fri Dec 07 02:56:25 UTC 2018 /home/travis/build/icyphy/ptII/ptolemy/actor/lib/test/auto/ModifyDate2.xml
----------------- Instantiating /home/travis/build/icyphy/ptII/ptolemy/actor/lib/test/auto/ModifyDate2.xml
2 ms. Memory: 1364480K Free: 81391K (6%)
----------------- Invoking toplevel() on ptolemy.moml.MoMLSimpleApplication@1c24e1c5
----------------- Done invoking toplevel() on ptolemy.moml.MoMLSimpleApplication@1c24e1c5
reloadAllAccessors: .ModifyDate2

===========================================================================================
----------------- testing Fri Dec 07 02:56:25 UTC 2018 /home/travis/build/icyphy/ptII/ptolemy/actor/lib/test/auto/MovingAverage.xml
----------------- Instantiating /home/travis/build/icyphy/ptII/ptolemy/actor/lib/test/auto/MovingAverage.xml
5 ms. Memory: 1563648K Free: 1510042K (97%)
----------------- Invoking toplevel() on ptolemy.moml.MoMLSimpleApplication@68697b65
----------------- Done invoking toplevel() on ptolemy.moml.MoMLSimpleApplication@68697b65
reloadAllAccessors: .MovingAverage

===========================================================================================
----------------- testing Fri Dec 07 02:56:25 UTC 2018 /home/travis/build/icyphy/ptII/ptolemy/actor/lib/test/auto/MovingMaximum.xml
----------------- Instantiating /home/travis/build/icyphy/ptII/ptolemy/actor/lib/test/auto/MovingMaximum.xml
1 ms. Memory: 1563648K Free: 1484445K (95%)
----------------- Invoking toplevel() on ptolemy.moml.MoMLSimpleApplication@410d1a7e
----------------- Done invoking toplevel() on ptolemy.moml.MoMLSimpleApplication@410d1a7e
reloadAllAccessors: .MovingMaximum

===========================================================================================
----------------- testing Fri Dec 07 02:56:25 UTC 2018 /home/travis/build/icyphy/ptII/ptolemy/actor/lib/test/auto/MultipleLinksToSameRelation.xml
----------------- Instantiating /home/travis/build/icyphy/ptII/ptolemy/actor/lib/test/auto/MultipleLinksToSameRelation.xml
3 ms. Memory: 1563648K Free: 1464935K (94%)
----------------- Invoking toplevel() on ptolemy.moml.MoMLSimpleApplication@2579f80d
----------------- Done invoking toplevel() on ptolemy.moml.MoMLSimpleApplication@2579f80d
reloadAllAccessors: .MultipleLinksToSameRelation

===========================================================================================
----------------- testing Fri Dec 07 02:56:25 UTC 2018 /home/travis/build/icyphy/ptII/ptolemy/actor/lib/test/auto/MultipleLinksToSameRelationDE.xml
----------------- Instantiating /home/travis/build/icyphy/ptII/ptolemy/actor/lib/test/auto/MultipleLinksToSameRelationDE.xml
1 ms. Memory: 1563648K Free: 1439338K (92%)
----------------- Invoking toplevel() on ptolemy.moml.MoMLSimpleApplication@1093330b
----------------- Done invoking toplevel() on ptolemy.moml.MoMLSimpleApplication@1093330b
reloadAllAccessors: .MultipleLinksToSameRelationDE

===========================================================================================
----------------- testing Fri Dec 07 02:56:25 UTC 2018 /home/travis/build/icyphy/ptII/ptolemy/actor/lib/test/auto/Multiplexor.xml
----------------- Instantiating /home/travis/build/icyphy/ptII/ptolemy/actor/lib/test/auto/Multiplexor.xml
2 ms. Memory: 1563648K Free: 1419827K (91%)
----------------- Invoking toplevel() on ptolemy.moml.MoMLSimpleApplication@4ce3f7b6
----------------- Done invoking toplevel() on ptolemy.moml.MoMLSimpleApplication@4ce3f7b6
reloadAllAccessors: .Multiplexor

===========================================================================================
----------------- testing Fri Dec 07 02:56:25 UTC 2018 /home/travis/build/icyphy/ptII/ptolemy/actor/lib/test/auto/Multiplexor1.xml
----------------- Instantiating /home/travis/build/icyphy/ptII/ptolemy/actor/lib/test/auto/Multiplexor1.xml
1 ms. Memory: 1563648K Free: 1394231K (89%)
----------------- Invoking toplevel() on ptolemy.moml.MoMLSimpleApplication@106aa60d
----------------- Done invoking toplevel() on ptolemy.moml.MoMLSimpleApplication@106aa60d
reloadAllAccessors: .Multiplexor1

===========================================================================================
----------------- testing Fri Dec 07 02:56:25 UTC 2018 /home/travis/build/icyphy/ptII/ptolemy/actor/lib/test/auto/Multiplexor2.xml
----------------- Instantiating /home/travis/build/icyphy/ptII/ptolemy/actor/lib/test/auto/Multiplexor2.xml
5 ms. Memory: 1563648K Free: 1374637K (88%)
----------------- Invoking toplevel() on ptolemy.moml.MoMLSimpleApplication@5ea232b
----------------- Done invoking toplevel() on ptolemy.moml.MoMLSimpleApplication@5ea232b
reloadAllAccessors: .Multiplexor2

===========================================================================================
----------------- testing Fri Dec 07 02:56:25 UTC 2018 /home/travis/build/icyphy/ptII/ptolemy/actor/lib/test/auto/Multiplexor3.xml
----------------- Instantiating /home/travis/build/icyphy/ptII/ptolemy/actor/lib/test/auto/Multiplexor3.xml
1 ms. Memory: 1563648K Free: 1355126K (87%)
----------------- Invoking toplevel() on ptolemy.moml.MoMLSimpleApplication@54f019ce
----------------- Done invoking toplevel() on ptolemy.moml.MoMLSimpleApplication@54f019ce
reloadAllAccessors: .Multiplexor3

===========================================================================================
----------------- testing Fri Dec 07 02:56:25 UTC 2018 /home/travis/build/icyphy/ptII/ptolemy/actor/lib/test/auto/MultiplexorDE.xml
----------------- Instantiating /home/travis/build/icyphy/ptII/ptolemy/actor/lib/test/auto/MultiplexorDE.xml
3 ms. Memory: 1563648K Free: 1329529K (85%)
----------------- Invoking toplevel() on ptolemy.moml.MoMLSimpleApplication@64815b42
----------------- Done invoking toplevel() on ptolemy.moml.MoMLSimpleApplication@64815b42
reloadAllAccessors: .MultiplexorDE

===========================================================================================
----------------- testing Fri Dec 07 02:56:25 UTC 2018 /home/travis/build/icyphy/ptII/ptolemy/actor/lib/test/auto/MultiportBroadcastTest.xml
----------------- Instantiating /home/travis/build/icyphy/ptII/ptolemy/actor/lib/test/auto/MultiportBroadcastTest.xml
80 ms. Memory: 1563648K Free: 1310019K (84%)
----------------- Invoking toplevel() on ptolemy.moml.MoMLSimpleApplication@22bc3b60
----------------- Done invoking toplevel() on ptolemy.moml.MoMLSimpleApplication@22bc3b60
reloadAllAccessors: .MultiportBroadcastTest

===========================================================================================
----------------- testing Fri Dec 07 02:56:25 UTC 2018 /home/travis/build/icyphy/ptII/ptolemy/actor/lib/test/auto/MultiportOutHangDuringGetWidth.xml
----------------- Instantiating /home/travis/build/icyphy/ptII/ptolemy/actor/lib/test/auto/MultiportOutHangDuringGetWidth.xml
6 ms. Memory: 1563648K Free: 1274659K (82%)
----------------- Invoking toplevel() on ptolemy.moml.MoMLSimpleApplication@5cea78db
----------------- Done invoking toplevel() on ptolemy.moml.MoMLSimpleApplication@5cea78db
reloadAllAccessors: .MultiportOutHangDuringGetWidth

===========================================================================================
----------------- testing Fri Dec 07 02:56:25 UTC 2018 /home/travis/build/icyphy/ptII/ptolemy/actor/lib/test/auto/NilToken.xml
----------------- Instantiating /home/travis/build/icyphy/ptII/ptolemy/actor/lib/test/auto/NilToken.xml
1 ms. Memory: 1563648K Free: 1255148K (80%)
----------------- Invoking toplevel() on ptolemy.moml.MoMLSimpleApplication@46cce8df
----------------- Done invoking toplevel() on ptolemy.moml.MoMLSimpleApplication@46cce8df
reloadAllAccessors: .NilToken

===========================================================================================
----------------- testing Fri Dec 07 02:56:25 UTC 2018 /home/travis/build/icyphy/ptII/ptolemy/actor/lib/test/auto/NilTokenNonStrictTest.xml
----------------- Instantiating /home/travis/build/icyphy/ptII/ptolemy/actor/lib/test/auto/NilTokenNonStrictTest.xml
1 ms. Memory: 1563648K Free: 1235638K (79%)
----------------- Invoking toplevel() on ptolemy.moml.MoMLSimpleApplication@5524f1b4
----------------- Done invoking toplevel() on ptolemy.moml.MoMLSimpleApplication@5524f1b4
reloadAllAccessors: .NilTokenNonStrictTest

===========================================================================================
----------------- testing Fri Dec 07 02:56:25 UTC 2018 /home/travis/build/icyphy/ptII/ptolemy/actor/lib/test/auto/NilTokenRecord.xml
----------------- Instantiating /home/travis/build/icyphy/ptII/ptolemy/actor/lib/test/auto/NilTokenRecord.xml
4 ms. Memory: 1563648K Free: 1210041K (77%)
----------------- Invoking toplevel() on ptolemy.moml.MoMLSimpleApplication@32677401
----------------- Done invoking toplevel() on ptolemy.moml.MoMLSimpleApplication@32677401
reloadAllAccessors: .NilTokenRecord

===========================================================================================
----------------- testing Fri Dec 07 02:56:25 UTC 2018 /home/travis/build/icyphy/ptII/ptolemy/actor/lib/test/auto/NilTokenTypeTest.xml
----------------- Instantiating /home/travis/build/icyphy/ptII/ptolemy/actor/lib/test/auto/NilTokenTypeTest.xml
6 ms. Memory: 1563648K Free: 1190530K (76%)
----------------- Invoking toplevel() on ptolemy.moml.MoMLSimpleApplication@465d0a9e
----------------- Done invoking toplevel() on ptolemy.moml.MoMLSimpleApplication@465d0a9e
reloadAllAccessors: .NilTokenTypeTest

===========================================================================================
----------------- testing Fri Dec 07 02:56:25 UTC 2018 /home/travis/build/icyphy/ptII/ptolemy/actor/lib/test/auto/ObjectToken1.xml
----------------- Instantiating /home/travis/build/icyphy/ptII/ptolemy/actor/lib/test/auto/ObjectToken1.xml
1 ms. Memory: 1563648K Free: 1164934K (75%)
----------------- Invoking toplevel() on ptolemy.moml.MoMLSimpleApplication@5a4d811c
----------------- Done invoking toplevel() on ptolemy.moml.MoMLSimpleApplication@5a4d811c
reloadAllAccessors: .ObjectToken1

===========================================================================================
----------------- testing Fri Dec 07 02:56:25 UTC 2018 /home/travis/build/icyphy/ptII/ptolemy/actor/lib/test/auto/OrderedMerge.xml
----------------- Instantiating /home/travis/build/icyphy/ptII/ptolemy/actor/lib/test/auto/OrderedMerge.xml
4 ms. Memory: 1563648K Free: 1106402K (71%)
----------------- Invoking toplevel() on ptolemy.moml.MoMLSimpleApplication@12913ff8
----------------- Done invoking toplevel() on ptolemy.moml.MoMLSimpleApplication@12913ff8
reloadAllAccessors: .OrderedMerge

===========================================================================================
----------------- testing Fri Dec 07 02:56:25 UTC 2018 /home/travis/build/icyphy/ptII/ptolemy/actor/lib/test/auto/OrderedRecordDisassembler.xml
----------------- Instantiating /home/travis/build/icyphy/ptII/ptolemy/actor/lib/test/auto/OrderedRecordDisassembler.xml
2 ms. Memory: 1563648K Free: 1086891K (70%)
----------------- Invoking toplevel() on ptolemy.moml.MoMLSimpleApplication@13a04fd4
----------------- Done invoking toplevel() on ptolemy.moml.MoMLSimpleApplication@13a04fd4
reloadAllAccessors: .OrderedRecordDisassembler

===========================================================================================
----------------- testing Fri Dec 07 02:56:25 UTC 2018 /home/travis/build/icyphy/ptII/ptolemy/actor/lib/test/auto/OrderedRecordDisassembler2.xml
----------------- Instantiating /home/travis/build/icyphy/ptII/ptolemy/actor/lib/test/auto/OrderedRecordDisassembler2.xml
3 ms. Memory: 1563648K Free: 1061295K (68%)
----------------- Invoking toplevel() on ptolemy.moml.MoMLSimpleApplication@c299992
----------------- Done invoking toplevel() on ptolemy.moml.MoMLSimpleApplication@c299992
reloadAllAccessors: .OrderedRecordDisassembler2

===========================================================================================
----------------- testing Fri Dec 07 02:56:25 UTC 2018 /home/travis/build/icyphy/ptII/ptolemy/actor/lib/test/auto/OrderedRecordUpdater.xml
----------------- Instantiating /home/travis/build/icyphy/ptII/ptolemy/actor/lib/test/auto/OrderedRecordUpdater.xml
1 ms. Memory: 1563648K Free: 1041784K (67%)
----------------- Invoking toplevel() on ptolemy.moml.MoMLSimpleApplication@1df770
----------------- Done invoking toplevel() on ptolemy.moml.MoMLSimpleApplication@1df770
reloadAllAccessors: .RecordUpdater

===========================================================================================
----------------- testing Fri Dec 07 02:56:25 UTC 2018 /home/travis/build/icyphy/ptII/ptolemy/actor/lib/test/auto/OrderedRecordUpdater2.xml
----------------- Instantiating /home/travis/build/icyphy/ptII/ptolemy/actor/lib/test/auto/OrderedRecordUpdater2.xml
2 ms. Memory: 1563648K Free: 1016187K (65%)
----------------- Invoking toplevel() on ptolemy.moml.MoMLSimpleApplication@3dbafb14
----------------- Done invoking toplevel() on ptolemy.moml.MoMLSimpleApplication@3dbafb14
reloadAllAccessors: .RecordUpdater2

===========================================================================================
----------------- testing Fri Dec 07 02:56:25 UTC 2018 /home/travis/build/icyphy/ptII/ptolemy/actor/lib/test/auto/PhaseUnwrap.xml
----------------- Instantiating /home/travis/build/icyphy/ptII/ptolemy/actor/lib/test/auto/PhaseUnwrap.xml
1 ms. Memory: 1563648K Free: 996677K (64%)
----------------- Invoking toplevel() on ptolemy.moml.MoMLSimpleApplication@cfd3b69
----------------- Done invoking toplevel() on ptolemy.moml.MoMLSimpleApplication@cfd3b69
reloadAllAccessors: .PhaseUnwrap

===========================================================================================
----------------- testing Fri Dec 07 02:56:25 UTC 2018 /home/travis/build/icyphy/ptII/ptolemy/actor/lib/test/auto/PoissonClock.xml
----------------- Instantiating /home/travis/build/icyphy/ptII/ptolemy/actor/lib/test/auto/PoissonClock.xml
2 ms. Memory: 1563648K Free: 977166K (62%)
----------------- Invoking toplevel() on ptolemy.moml.MoMLSimpleApplication@2e41c570
----------------- Done invoking toplevel() on ptolemy.moml.MoMLSimpleApplication@2e41c570
reloadAllAccessors: .PoissonClock

===========================================================================================
----------------- testing Fri Dec 07 02:56:25 UTC 2018 /home/travis/build/icyphy/ptII/ptolemy/actor/lib/test/auto/PoissonClock2.xml
----------------- Instantiating /home/travis/build/icyphy/ptII/ptolemy/actor/lib/test/auto/PoissonClock2.xml
1 ms. Memory: 1563648K Free: 951569K (61%)
----------------- Invoking toplevel() on ptolemy.moml.MoMLSimpleApplication@405b92f9
----------------- Done invoking toplevel() on ptolemy.moml.MoMLSimpleApplication@405b92f9
reloadAllAccessors: .PoissonClock2

===========================================================================================
----------------- testing Fri Dec 07 02:56:25 UTC 2018 /home/travis/build/icyphy/ptII/ptolemy/actor/lib/test/auto/PoissonClock3.xml
----------------- Instantiating /home/travis/build/icyphy/ptII/ptolemy/actor/lib/test/auto/PoissonClock3.xml
1 ms. Memory: 1563648K Free: 932059K (60%)
----------------- Invoking toplevel() on ptolemy.moml.MoMLSimpleApplication@a7f39b2
----------------- Done invoking toplevel() on ptolemy.moml.MoMLSimpleApplication@a7f39b2
reloadAllAccessors: .PoissonClock3

===========================================================================================
----------------- testing Fri Dec 07 02:56:25 UTC 2018 /home/travis/build/icyphy/ptII/ptolemy/actor/lib/test/auto/PubSubWithInitialTokens.xml
----------------- Instantiating /home/travis/build/icyphy/ptII/ptolemy/actor/lib/test/auto/PubSubWithInitialTokens.xml
1 ms. Memory: 1563648K Free: 906462K (58%)
----------------- Invoking toplevel() on ptolemy.moml.MoMLSimpleApplication@33db47a6
----------------- Done invoking toplevel() on ptolemy.moml.MoMLSimpleApplication@33db47a6
reloadAllAccessors: .PubSubWithInitialTokens

===========================================================================================
----------------- testing Fri Dec 07 02:56:25 UTC 2018 /home/travis/build/icyphy/ptII/ptolemy/actor/lib/test/auto/PubSubWithInitialTokens2.xml
----------------- Instantiating /home/travis/build/icyphy/ptII/ptolemy/actor/lib/test/auto/PubSubWithInitialTokens2.xml
2 ms. Memory: 1563648K Free: 886951K (57%)
----------------- Invoking toplevel() on ptolemy.moml.MoMLSimpleApplication@7082772c
----------------- Done invoking toplevel() on ptolemy.moml.MoMLSimpleApplication@7082772c
reloadAllAccessors: .PubSubWithInitialTokens2

===========================================================================================
----------------- testing Fri Dec 07 02:56:25 UTC 2018 /home/travis/build/icyphy/ptII/ptolemy/actor/lib/test/auto/PublisherClassNoParameter.xml
----------------- Instantiating /home/travis/build/icyphy/ptII/ptolemy/actor/lib/test/auto/PublisherClassNoParameter.xml
2 ms. Memory: 1563648K Free: 861355K (55%)
----------------- Invoking toplevel() on ptolemy.moml.MoMLSimpleApplication@6535f3bb
----------------- Done invoking toplevel() on ptolemy.moml.MoMLSimpleApplication@6535f3bb
reloadAllAccessors: .PublisherClassNoParameter

===========================================================================================
----------------- testing Fri Dec 07 02:56:25 UTC 2018 /home/travis/build/icyphy/ptII/ptolemy/actor/lib/test/auto/PublisherClassParameter.xml
----------------- Instantiating /home/travis/build/icyphy/ptII/ptolemy/actor/lib/test/auto/PublisherClassParameter.xml
1 ms. Memory: 1563648K Free: 841844K (54%)
----------------- Invoking toplevel() on ptolemy.moml.MoMLSimpleApplication@505cd79d
----------------- Done invoking toplevel() on ptolemy.moml.MoMLSimpleApplication@505cd79d
reloadAllAccessors: .PublisherClassParameter

===========================================================================================
----------------- testing Fri Dec 07 02:56:25 UTC 2018 /home/travis/build/icyphy/ptII/ptolemy/actor/lib/test/auto/PublisherNonStrictTest.xml
----------------- Instantiating /home/travis/build/icyphy/ptII/ptolemy/actor/lib/test/auto/PublisherNonStrictTest.xml
3 ms. Memory: 1563648K Free: 822334K (53%)
----------------- Invoking toplevel() on ptolemy.moml.MoMLSimpleApplication@4bf4e1ce
----------------- Done invoking toplevel() on ptolemy.moml.MoMLSimpleApplication@4bf4e1ce
reloadAllAccessors: .PublisherNonStrictTest

===========================================================================================
----------------- testing Fri Dec 07 02:56:25 UTC 2018 /home/travis/build/icyphy/ptII/ptolemy/actor/lib/test/auto/PublisherPort1.xml
----------------- Instantiating /home/travis/build/icyphy/ptII/ptolemy/actor/lib/test/auto/PublisherPort1.xml
2 ms. Memory: 1563648K Free: 796737K (51%)
----------------- Invoking toplevel() on ptolemy.moml.MoMLSimpleApplication@13dce226
----------------- Done invoking toplevel() on ptolemy.moml.MoMLSimpleApplication@13dce226
reloadAllAccessors: .PublisherPort1

===========================================================================================
----------------- testing Fri Dec 07 02:56:25 UTC 2018 /home/travis/build/icyphy/ptII/ptolemy/actor/lib/test/auto/PublisherPort2.xml
----------------- Instantiating /home/travis/build/icyphy/ptII/ptolemy/actor/lib/test/auto/PublisherPort2.xml
2 ms. Memory: 1563648K Free: 777226K (50%)
----------------- Invoking toplevel() on ptolemy.moml.MoMLSimpleApplication@7a8ac774
----------------- Done invoking toplevel() on ptolemy.moml.MoMLSimpleApplication@7a8ac774
reloadAllAccessors: .PublisherPort2

===========================================================================================
----------------- testing Fri Dec 07 02:56:25 UTC 2018 /home/travis/build/icyphy/ptII/ptolemy/actor/lib/test/auto/PublisherPort3.xml
----------------- Instantiating /home/travis/build/icyphy/ptII/ptolemy/actor/lib/test/auto/PublisherPort3.xml
2 ms. Memory: 1563648K Free: 751630K (48%)
----------------- Invoking toplevel() on ptolemy.moml.MoMLSimpleApplication@5886d669
----------------- Done invoking toplevel() on ptolemy.moml.MoMLSimpleApplication@5886d669
reloadAllAccessors: .PublisherPort3

===========================================================================================
----------------- testing Fri Dec 07 02:56:25 UTC 2018 /home/travis/build/icyphy/ptII/ptolemy/actor/lib/test/auto/PublisherPort4.xml
----------------- Instantiating /home/travis/build/icyphy/ptII/ptolemy/actor/lib/test/auto/PublisherPort4.xml
2 ms. Memory: 1563648K Free: 732119K (47%)
----------------- Invoking toplevel() on ptolemy.moml.MoMLSimpleApplication@4d5b4ca8
----------------- Done invoking toplevel() on ptolemy.moml.MoMLSimpleApplication@4d5b4ca8
reloadAllAccessors: .PublisherPort4

===========================================================================================
----------------- testing Fri Dec 07 02:56:25 UTC 2018 /home/travis/build/icyphy/ptII/ptolemy/actor/lib/test/auto/PublisherPort5.xml
----------------- Instantiating /home/travis/build/icyphy/ptII/ptolemy/actor/lib/test/auto/PublisherPort5.xml
3 ms. Memory: 1563648K Free: 712609K (46%)
----------------- Invoking toplevel() on ptolemy.moml.MoMLSimpleApplication@a4b9985
----------------- Done invoking toplevel() on ptolemy.moml.MoMLSimpleApplication@a4b9985
reloadAllAccessors: .PublisherPort5

===========================================================================================
----------------- testing Fri Dec 07 02:56:25 UTC 2018 /home/travis/build/icyphy/ptII/ptolemy/actor/lib/test/auto/PublisherPort5LookAlike.xml
----------------- Instantiating /home/travis/build/icyphy/ptII/ptolemy/actor/lib/test/auto/PublisherPort5LookAlike.xml
6 ms. Memory: 1563648K Free: 687012K (44%)
----------------- Invoking toplevel() on ptolemy.moml.MoMLSimpleApplication@564276ec
----------------- Done invoking toplevel() on ptolemy.moml.MoMLSimpleApplication@564276ec
reloadAllAccessors: .PublisherPort5LookAlike

===========================================================================================
----------------- testing Fri Dec 07 02:56:26 UTC 2018 /home/travis/build/icyphy/ptII/ptolemy/actor/lib/test/auto/PublisherPort6.xml
----------------- Instantiating /home/travis/build/icyphy/ptII/ptolemy/actor/lib/test/auto/PublisherPort6.xml
2 ms. Memory: 1563648K Free: 667501K (43%)
----------------- Invoking toplevel() on ptolemy.moml.MoMLSimpleApplication@561f34b7
----------------- Done invoking toplevel() on ptolemy.moml.MoMLSimpleApplication@561f34b7
reloadAllAccessors: .PublisherPort6

===========================================================================================
----------------- testing Fri Dec 07 02:56:26 UTC 2018 /home/travis/build/icyphy/ptII/ptolemy/actor/lib/test/auto/PublisherPort7.xml
----------------- Instantiating /home/travis/build/icyphy/ptII/ptolemy/actor/lib/test/auto/PublisherPort7.xml
3 ms. Memory: 1563648K Free: 641905K (41%)
----------------- Invoking toplevel() on ptolemy.moml.MoMLSimpleApplication@5b5caf0d
----------------- Done invoking toplevel() on ptolemy.moml.MoMLSimpleApplication@5b5caf0d
reloadAllAccessors: .PublisherPort7

===========================================================================================
----------------- testing Fri Dec 07 02:56:26 UTC 2018 /home/travis/build/icyphy/ptII/ptolemy/actor/lib/test/auto/PublisherPort8.xml
----------------- Instantiating /home/travis/build/icyphy/ptII/ptolemy/actor/lib/test/auto/PublisherPort8.xml
4 ms. Memory: 1563648K Free: 622394K (40%)
----------------- Invoking toplevel() on ptolemy.moml.MoMLSimpleApplication@6bf9989c
----------------- Done invoking toplevel() on ptolemy.moml.MoMLSimpleApplication@6bf9989c
reloadAllAccessors: .PublisherPort8

===========================================================================================
----------------- testing Fri Dec 07 02:56:26 UTC 2018 /home/travis/build/icyphy/ptII/ptolemy/actor/lib/test/auto/PublisherPortSubscriberChannelVariablesAOC2.xml
----------------- Instantiating /home/travis/build/icyphy/ptII/ptolemy/actor/lib/test/auto/PublisherPortSubscriberChannelVariablesAOC2.xml
2 ms. Memory: 1563648K Free: 593128K (38%)
----------------- Invoking toplevel() on ptolemy.moml.MoMLSimpleApplication@1d28ded4
----------------- Done invoking toplevel() on ptolemy.moml.MoMLSimpleApplication@1d28ded4
reloadAllAccessors: .PublisherPortSubscriberChannelVariablesAOC2

===========================================================================================
----------------- testing Fri Dec 07 02:56:26 UTC 2018 /home/travis/build/icyphy/ptII/ptolemy/actor/lib/test/auto/PublisherPortSubscriberOpaqueWidthInference.xml
----------------- Instantiating /home/travis/build/icyphy/ptII/ptolemy/actor/lib/test/auto/PublisherPortSubscriberOpaqueWidthInference.xml
4 ms. Memory: 1563648K Free: 567531K (36%)
----------------- Invoking toplevel() on ptolemy.moml.MoMLSimpleApplication@485ee939
----------------- Done invoking toplevel() on ptolemy.moml.MoMLSimpleApplication@485ee939
reloadAllAccessors: .PublisherPortSubscriberOpaqueWidthInference

===========================================================================================
----------------- testing Fri Dec 07 02:56:26 UTC 2018 /home/travis/build/icyphy/ptII/ptolemy/actor/lib/test/auto/PublisherPortSubscriberPortAdjacent.xml
----------------- Instantiating /home/travis/build/icyphy/ptII/ptolemy/actor/lib/test/auto/PublisherPortSubscriberPortAdjacent.xml
2 ms. Memory: 1563648K Free: 548021K (35%)
----------------- Invoking toplevel() on ptolemy.moml.MoMLSimpleApplication@17be6779
----------------- Done invoking toplevel() on ptolemy.moml.MoMLSimpleApplication@17be6779
reloadAllAccessors: .PublisherPortSubscriberPortAdjacent

===========================================================================================
----------------- testing Fri Dec 07 02:56:26 UTC 2018 /home/travis/build/icyphy/ptII/ptolemy/actor/lib/test/auto/PublisherPortSubscriberPortExpression.xml
----------------- Instantiating /home/travis/build/icyphy/ptII/ptolemy/actor/lib/test/auto/PublisherPortSubscriberPortExpression.xml
4 ms. Memory: 1563648K Free: 522424K (33%)
----------------- Invoking toplevel() on ptolemy.moml.MoMLSimpleApplication@76e03a63
----------------- Done invoking toplevel() on ptolemy.moml.MoMLSimpleApplication@76e03a63
reloadAllAccessors: .PublisherPortSubscriberPortExpression

===========================================================================================
----------------- testing Fri Dec 07 02:56:26 UTC 2018 /home/travis/build/icyphy/ptII/ptolemy/actor/lib/test/auto/PublisherPortSubscriberPortOpaqueD3Reverse.xml
----------------- Instantiating /home/travis/build/icyphy/ptII/ptolemy/actor/lib/test/auto/PublisherPortSubscriberPortOpaqueD3Reverse.xml
7 ms. Memory: 1563648K Free: 502913K (32%)
----------------- Invoking toplevel() on ptolemy.moml.MoMLSimpleApplication@60c13e53
----------------- Done invoking toplevel() on ptolemy.moml.MoMLSimpleApplication@60c13e53
reloadAllAccessors: .PublisherPortSubscriberPortOpaqueD3Reverse

===========================================================================================
----------------- testing Fri Dec 07 02:56:26 UTC 2018 /home/travis/build/icyphy/ptII/ptolemy/actor/lib/test/auto/PublisherPortSubscriberPortOpaqueWidthInference.xml
----------------- Instantiating /home/travis/build/icyphy/ptII/ptolemy/actor/lib/test/auto/PublisherPortSubscriberPortOpaqueWidthInference.xml
4 ms. Memory: 1563648K Free: 477317K (31%)
----------------- Invoking toplevel() on ptolemy.moml.MoMLSimpleApplication@792dbc71
----------------- Done invoking toplevel() on ptolemy.moml.MoMLSimpleApplication@792dbc71
reloadAllAccessors: .PublisherPortSubscriberPortOpaqueWidthInference

===========================================================================================
----------------- testing Fri Dec 07 02:56:26 UTC 2018 /home/travis/build/icyphy/ptII/ptolemy/actor/lib/test/auto/PublisherPortToplevelSubscriberPortAOC.xml
----------------- Instantiating /home/travis/build/icyphy/ptII/ptolemy/actor/lib/test/auto/PublisherPortToplevelSubscriberPortAOC.xml
.PublisherPortToplevelSubscriberPortAOC.TestExceptionAttribute: initialize() was not invoked, but wrapup() was.  This is unusual, but not always a problem.  For example, exporting JNLP will do this.
0 ms. Memory: 1563648K Free: 457806K (29%)
----------------- Invoking toplevel() on ptolemy.moml.MoMLSimpleApplication@e451b5f
----------------- Done invoking toplevel() on ptolemy.moml.MoMLSimpleApplication@e451b5f
reloadAllAccessors: .PublisherPortToplevelSubscriberPortAOC

===========================================================================================
----------------- testing Fri Dec 07 02:56:26 UTC 2018 /home/travis/build/icyphy/ptII/ptolemy/actor/lib/test/auto/PublisherSubscriber.xml
----------------- Instantiating /home/travis/build/icyphy/ptII/ptolemy/actor/lib/test/auto/PublisherSubscriber.xml
7 ms. Memory: 1563648K Free: 438296K (28%)
----------------- Invoking toplevel() on ptolemy.moml.MoMLSimpleApplication@537b12f1
----------------- Done invoking toplevel() on ptolemy.moml.MoMLSimpleApplication@537b12f1
reloadAllAccessors: .PublisherSubscriber

===========================================================================================
----------------- testing Fri Dec 07 02:56:26 UTC 2018 /home/travis/build/icyphy/ptII/ptolemy/actor/lib/test/auto/PublisherSubscriber10.xml
----------------- Instantiating /home/travis/build/icyphy/ptII/ptolemy/actor/lib/test/auto/PublisherSubscriber10.xml
6 ms. Memory: 1563648K Free: 412699K (26%)
----------------- Invoking toplevel() on ptolemy.moml.MoMLSimpleApplication@2fd36584
----------------- Done invoking toplevel() on ptolemy.moml.MoMLSimpleApplication@2fd36584
reloadAllAccessors: .PublisherSubscriber10

===========================================================================================
----------------- testing Fri Dec 07 02:56:26 UTC 2018 /home/travis/build/icyphy/ptII/ptolemy/actor/lib/test/auto/PublisherSubscriber10InitialOutputs.xml
----------------- Instantiating /home/travis/build/icyphy/ptII/ptolemy/actor/lib/test/auto/PublisherSubscriber10InitialOutputs.xml
4 ms. Memory: 1563648K Free: 393188K (25%)
----------------- Invoking toplevel() on ptolemy.moml.MoMLSimpleApplication@4d1215d0
----------------- Done invoking toplevel() on ptolemy.moml.MoMLSimpleApplication@4d1215d0
reloadAllAccessors: .PublisherSubscriber10InitialOutputs

===========================================================================================
----------------- testing Fri Dec 07 02:56:26 UTC 2018 /home/travis/build/icyphy/ptII/ptolemy/actor/lib/test/auto/PublisherSubscriber11.xml
----------------- Instantiating /home/travis/build/icyphy/ptII/ptolemy/actor/lib/test/auto/PublisherSubscriber11.xml
4 ms. Memory: 1563648K Free: 367592K (24%)
----------------- Invoking toplevel() on ptolemy.moml.MoMLSimpleApplication@2f4b1f1b
----------------- Done invoking toplevel() on ptolemy.moml.MoMLSimpleApplication@2f4b1f1b
reloadAllAccessors: .PublisherSubscriber11

===========================================================================================
----------------- testing Fri Dec 07 02:56:26 UTC 2018 /home/travis/build/icyphy/ptII/ptolemy/actor/lib/test/auto/PublisherSubscriber12.xml
----------------- Instantiating /home/travis/build/icyphy/ptII/ptolemy/actor/lib/test/auto/PublisherSubscriber12.xml
4 ms. Memory: 1563648K Free: 348081K (22%)
----------------- Invoking toplevel() on ptolemy.moml.MoMLSimpleApplication@44437f5d
----------------- Done invoking toplevel() on ptolemy.moml.MoMLSimpleApplication@44437f5d
reloadAllAccessors: .PublisherSubscriber12

===========================================================================================
----------------- testing Fri Dec 07 02:56:26 UTC 2018 /home/travis/build/icyphy/ptII/ptolemy/actor/lib/test/auto/PublisherSubscriber13.xml
----------------- Instantiating /home/travis/build/icyphy/ptII/ptolemy/actor/lib/test/auto/PublisherSubscriber13.xml
2 ms. Memory: 1563648K Free: 328570K (21%)
----------------- Invoking toplevel() on ptolemy.moml.MoMLSimpleApplication@1e2eab7b
----------------- Done invoking toplevel() on ptolemy.moml.MoMLSimpleApplication@1e2eab7b
reloadAllAccessors: .PublisherSubscriber13

===========================================================================================
----------------- testing Fri Dec 07 02:56:26 UTC 2018 /home/travis/build/icyphy/ptII/ptolemy/actor/lib/test/auto/PublisherSubscriber14.xml
----------------- Instantiating /home/travis/build/icyphy/ptII/ptolemy/actor/lib/test/auto/PublisherSubscriber14.xml
3 ms. Memory: 1563648K Free: 302974K (19%)
----------------- Invoking toplevel() on ptolemy.moml.MoMLSimpleApplication@1d6c2246
----------------- Done invoking toplevel() on ptolemy.moml.MoMLSimpleApplication@1d6c2246
reloadAllAccessors: .PublisherSubscriber14

===========================================================================================
----------------- testing Fri Dec 07 02:56:26 UTC 2018 /home/travis/build/icyphy/ptII/ptolemy/actor/lib/test/auto/PublisherSubscriber2.xml
----------------- Instantiating /home/travis/build/icyphy/ptII/ptolemy/actor/lib/test/auto/PublisherSubscriber2.xml
3 ms. Memory: 1563648K Free: 283463K (18%)
----------------- Invoking toplevel() on ptolemy.moml.MoMLSimpleApplication@4d5845df
----------------- Done invoking toplevel() on ptolemy.moml.MoMLSimpleApplication@4d5845df
reloadAllAccessors: .PublisherSubscriber2

===========================================================================================
----------------- testing Fri Dec 07 02:56:26 UTC 2018 /home/travis/build/icyphy/ptII/ptolemy/actor/lib/test/auto/PublisherSubscriber3.xml
----------------- Instantiating /home/travis/build/icyphy/ptII/ptolemy/actor/lib/test/auto/PublisherSubscriber3.xml
2 ms. Memory: 1563648K Free: 257866K (16%)
----------------- Invoking toplevel() on ptolemy.moml.MoMLSimpleApplication@250a73f9
----------------- Done invoking toplevel() on ptolemy.moml.MoMLSimpleApplication@250a73f9
reloadAllAccessors: .PublisherSubscriber3

===========================================================================================
----------------- testing Fri Dec 07 02:56:26 UTC 2018 /home/travis/build/icyphy/ptII/ptolemy/actor/lib/test/auto/PublisherSubscriber4.xml
----------------- Instantiating /home/travis/build/icyphy/ptII/ptolemy/actor/lib/test/auto/PublisherSubscriber4.xml
2 ms. Memory: 1563648K Free: 238356K (15%)
----------------- Invoking toplevel() on ptolemy.moml.MoMLSimpleApplication@1a89017f
----------------- Done invoking toplevel() on ptolemy.moml.MoMLSimpleApplication@1a89017f
reloadAllAccessors: .PublisherSubscriber4

===========================================================================================
----------------- testing Fri Dec 07 02:56:26 UTC 2018 /home/travis/build/icyphy/ptII/ptolemy/actor/lib/test/auto/PublisherSubscriber5.xml
----------------- Instantiating /home/travis/build/icyphy/ptII/ptolemy/actor/lib/test/auto/PublisherSubscriber5.xml
2 ms. Memory: 1563648K Free: 212759K (14%)
----------------- Invoking toplevel() on ptolemy.moml.MoMLSimpleApplication@63e532f9
----------------- Done invoking toplevel() on ptolemy.moml.MoMLSimpleApplication@63e532f9
reloadAllAccessors: .PublisherSubscriber5

===========================================================================================
----------------- testing Fri Dec 07 02:56:26 UTC 2018 /home/travis/build/icyphy/ptII/ptolemy/actor/lib/test/auto/PublisherSubscriber6.xml
----------------- Instantiating /home/travis/build/icyphy/ptII/ptolemy/actor/lib/test/auto/PublisherSubscriber6.xml
4 ms. Memory: 1563648K Free: 193248K (12%)
----------------- Invoking toplevel() on ptolemy.moml.MoMLSimpleApplication@749ece06
----------------- Done invoking toplevel() on ptolemy.moml.MoMLSimpleApplication@749ece06
reloadAllAccessors: .PublisherSubscriber6

===========================================================================================
----------------- testing Fri Dec 07 02:56:26 UTC 2018 /home/travis/build/icyphy/ptII/ptolemy/actor/lib/test/auto/PublisherSubscriber7.xml
----------------- Instantiating /home/travis/build/icyphy/ptII/ptolemy/actor/lib/test/auto/PublisherSubscriber7.xml
6 ms. Memory: 1563648K Free: 173738K (11%)
----------------- Invoking toplevel() on ptolemy.moml.MoMLSimpleApplication@df3a49c
----------------- Done invoking toplevel() on ptolemy.moml.MoMLSimpleApplication@df3a49c
reloadAllAccessors: .PublisherSubscriber7

===========================================================================================
----------------- testing Fri Dec 07 02:56:26 UTC 2018 /home/travis/build/icyphy/ptII/ptolemy/actor/lib/test/auto/PublisherSubscriber8.xml
----------------- Instantiating /home/travis/build/icyphy/ptII/ptolemy/actor/lib/test/auto/PublisherSubscriber8.xml
33 ms. Memory: 1592832K Free: 1494639K (94%)
----------------- Invoking toplevel() on ptolemy.moml.MoMLSimpleApplication@2d84d6c
----------------- Done invoking toplevel() on ptolemy.moml.MoMLSimpleApplication@2d84d6c
reloadAllAccessors: .PublisherSubscriber8

===========================================================================================
----------------- testing Fri Dec 07 02:56:26 UTC 2018 /home/travis/build/icyphy/ptII/ptolemy/actor/lib/test/auto/PublisherSubscriber9.xml
----------------- Instantiating /home/travis/build/icyphy/ptII/ptolemy/actor/lib/test/auto/PublisherSubscriber9.xml
2 ms. Memory: 1592832K Free: 1472055K (92%)
----------------- Invoking toplevel() on ptolemy.moml.MoMLSimpleApplication@48797e6b
----------------- Done invoking toplevel() on ptolemy.moml.MoMLSimpleApplication@48797e6b
reloadAllAccessors: .PublisherSubscriber9

===========================================================================================
----------------- testing Fri Dec 07 02:56:26 UTC 2018 /home/travis/build/icyphy/ptII/ptolemy/actor/lib/test/auto/PublisherSubscriberAdjacent.xml
----------------- Instantiating /home/travis/build/icyphy/ptII/ptolemy/actor/lib/test/auto/PublisherSubscriberAdjacent.xml
1 ms. Memory: 1592832K Free: 1454382K (91%)
----------------- Invoking toplevel() on ptolemy.moml.MoMLSimpleApplication@53b9de6b
----------------- Done invoking toplevel() on ptolemy.moml.MoMLSimpleApplication@53b9de6b
reloadAllAccessors: .PublisherSubscriberAdjacent

===========================================================================================
----------------- testing Fri Dec 07 02:56:26 UTC 2018 /home/travis/build/icyphy/ptII/ptolemy/actor/lib/test/auto/PublisherSubscriberChannelVariablesAOC2.xml
----------------- Instantiating /home/travis/build/icyphy/ptII/ptolemy/actor/lib/test/auto/PublisherSubscriberChannelVariablesAOC2.xml
2 ms. Memory: 1592832K Free: 1437526K (90%)
----------------- Invoking toplevel() on ptolemy.moml.MoMLSimpleApplication@5b19e357
----------------- Done invoking toplevel() on ptolemy.moml.MoMLSimpleApplication@5b19e357
reloadAllAccessors: .PublisherSubscriberChannelVariablesAOC2

===========================================================================================
----------------- testing Fri Dec 07 02:56:26 UTC 2018 /home/travis/build/icyphy/ptII/ptolemy/actor/lib/test/auto/PublisherSubscriberD3.xml
----------------- Instantiating /home/travis/build/icyphy/ptII/ptolemy/actor/lib/test/auto/PublisherSubscriberD3.xml
1 ms. Memory: 1592832K Free: 1419837K (89%)
----------------- Invoking toplevel() on ptolemy.moml.MoMLSimpleApplication@31df3004
----------------- Done invoking toplevel() on ptolemy.moml.MoMLSimpleApplication@31df3004
reloadAllAccessors: .PublisherSubscriberD3

===========================================================================================
----------------- testing Fri Dec 07 02:56:26 UTC 2018 /home/travis/build/icyphy/ptII/ptolemy/actor/lib/test/auto/PublisherSubscriberD3Reverse.xml
----------------- Instantiating /home/travis/build/icyphy/ptII/ptolemy/actor/lib/test/auto/PublisherSubscriberD3Reverse.xml
1 ms. Memory: 1592832K Free: 1407191K (88%)
----------------- Invoking toplevel() on ptolemy.moml.MoMLSimpleApplication@5e8b319d
----------------- Done invoking toplevel() on ptolemy.moml.MoMLSimpleApplication@5e8b319d
reloadAllAccessors: .PublisherSubscriberD3Reverse

===========================================================================================
----------------- testing Fri Dec 07 02:56:26 UTC 2018 /home/travis/build/icyphy/ptII/ptolemy/actor/lib/test/auto/PublisherSubscriberExpression.xml
----------------- Instantiating /home/travis/build/icyphy/ptII/ptolemy/actor/lib/test/auto/PublisherSubscriberExpression.xml
3 ms. Memory: 1592832K Free: 1389519K (87%)
----------------- Invoking toplevel() on ptolemy.moml.MoMLSimpleApplication@1cd34c99
----------------- Done invoking toplevel() on ptolemy.moml.MoMLSimpleApplication@1cd34c99
reloadAllAccessors: .PublisherSubscriberExpression

===========================================================================================
----------------- testing Fri Dec 07 02:56:26 UTC 2018 /home/travis/build/icyphy/ptII/ptolemy/actor/lib/test/auto/PublisherSubscriberOpaque.xml
----------------- Instantiating /home/travis/build/icyphy/ptII/ptolemy/actor/lib/test/auto/PublisherSubscriberOpaque.xml
2 ms. Memory: 1592832K Free: 1376880K (86%)
----------------- Invoking toplevel() on ptolemy.moml.MoMLSimpleApplication@571d722
----------------- Done invoking toplevel() on ptolemy.moml.MoMLSimpleApplication@571d722
reloadAllAccessors: .PublisherSubscriberOpaque

===========================================================================================
----------------- testing Fri Dec 07 02:56:26 UTC 2018 /home/travis/build/icyphy/ptII/ptolemy/actor/lib/test/auto/PublisherSubscriberOpaqueD3.xml
----------------- Instantiating /home/travis/build/icyphy/ptII/ptolemy/actor/lib/test/auto/PublisherSubscriberOpaqueD3.xml
5 ms. Memory: 1592832K Free: 1359192K (85%)
----------------- Invoking toplevel() on ptolemy.moml.MoMLSimpleApplication@7f051874
----------------- Done invoking toplevel() on ptolemy.moml.MoMLSimpleApplication@7f051874
reloadAllAccessors: .PublisherSubscriberOpaqueD3

===========================================================================================
----------------- testing Fri Dec 07 02:56:26 UTC 2018 /home/travis/build/icyphy/ptII/ptolemy/actor/lib/test/auto/PublisherSubscriberOpaqueD3Reverse.xml
----------------- Instantiating /home/travis/build/icyphy/ptII/ptolemy/actor/lib/test/auto/PublisherSubscriberOpaqueD3Reverse.xml
8 ms. Memory: 1592832K Free: 1346491K (85%)
----------------- Invoking toplevel() on ptolemy.moml.MoMLSimpleApplication@3e933ba7
----------------- Done invoking toplevel() on ptolemy.moml.MoMLSimpleApplication@3e933ba7
reloadAllAccessors: .PublisherSubscriberOpaqueD3Reverse

===========================================================================================
----------------- testing Fri Dec 07 02:56:26 UTC 2018 /home/travis/build/icyphy/ptII/ptolemy/actor/lib/test/auto/PublisherSubscriberOpaqueWidthInference.xml
----------------- Instantiating /home/travis/build/icyphy/ptII/ptolemy/actor/lib/test/auto/PublisherSubscriberOpaqueWidthInference.xml
3 ms. Memory: 1592832K Free: 1328803K (83%)
----------------- Invoking toplevel() on ptolemy.moml.MoMLSimpleApplication@16d517c9
----------------- Done invoking toplevel() on ptolemy.moml.MoMLSimpleApplication@16d517c9
reloadAllAccessors: .PublisherSubscriberOpaqueWidthInference

===========================================================================================
----------------- testing Fri Dec 07 02:56:26 UTC 2018 /home/travis/build/icyphy/ptII/ptolemy/actor/lib/test/auto/PublisherTestSubscriber.xml
----------------- Instantiating /home/travis/build/icyphy/ptII/ptolemy/actor/lib/test/auto/PublisherTestSubscriber.xml
3 ms. Memory: 1592832K Free: 1316156K (83%)
----------------- Invoking toplevel() on ptolemy.moml.MoMLSimpleApplication@7ede12ff
----------------- Done invoking toplevel() on ptolemy.moml.MoMLSimpleApplication@7ede12ff
reloadAllAccessors: .PublisherTestSubscriber

===========================================================================================
----------------- testing Fri Dec 07 02:56:26 UTC 2018 /home/travis/build/icyphy/ptII/ptolemy/actor/lib/test/auto/PublisherToplevelSubscriberPortAOC.xml
----------------- Instantiating /home/travis/build/icyphy/ptII/ptolemy/actor/lib/test/auto/PublisherToplevelSubscriberPortAOC.xml
1 ms. Memory: 1592832K Free: 1302694K (82%)
----------------- Invoking toplevel() on ptolemy.moml.MoMLSimpleApplication@7f24a5e5
----------------- Done invoking toplevel() on ptolemy.moml.MoMLSimpleApplication@7f24a5e5
reloadAllAccessors: .PublisherToplevelSubscriberPortAOC

===========================================================================================
----------------- testing Fri Dec 07 02:56:26 UTC 2018 /home/travis/build/icyphy/ptII/ptolemy/actor/lib/test/auto/PulseFiringLimitDE.xml
----------------- Instantiating /home/travis/build/icyphy/ptII/ptolemy/actor/lib/test/auto/PulseFiringLimitDE.xml
1 ms. Memory: 1592832K Free: 1294274K (81%)
----------------- Invoking toplevel() on ptolemy.moml.MoMLSimpleApplication@7bb15b6e
----------------- Done invoking toplevel() on ptolemy.moml.MoMLSimpleApplication@7bb15b6e
reloadAllAccessors: .PulseFiringLimitDE

===========================================================================================
----------------- testing Fri Dec 07 02:56:26 UTC 2018 /home/travis/build/icyphy/ptII/ptolemy/actor/lib/test/auto/Ramp1.xml
----------------- Instantiating /home/travis/build/icyphy/ptII/ptolemy/actor/lib/test/auto/Ramp1.xml
1 ms. Memory: 1592832K Free: 1280812K (80%)
----------------- Invoking toplevel() on ptolemy.moml.MoMLSimpleApplication@199fdd96
----------------- Done invoking toplevel() on ptolemy.moml.MoMLSimpleApplication@199fdd96
reloadAllAccessors: .Ramp1

===========================================================================================
----------------- testing Fri Dec 07 02:56:26 UTC 2018 /home/travis/build/icyphy/ptII/ptolemy/actor/lib/test/auto/RampFiringLimitDE.xml
----------------- Instantiating /home/travis/build/icyphy/ptII/ptolemy/actor/lib/test/auto/RampFiringLimitDE.xml
1 ms. Memory: 1592832K Free: 1272391K (80%)
----------------- Invoking toplevel() on ptolemy.moml.MoMLSimpleApplication@476b8b9d
----------------- Done invoking toplevel() on ptolemy.moml.MoMLSimpleApplication@476b8b9d
reloadAllAccessors: .RampFiringLimitDE

===========================================================================================
----------------- testing Fri Dec 07 02:56:26 UTC 2018 /home/travis/build/icyphy/ptII/ptolemy/actor/lib/test/auto/RampFiringLimitSDF.xml
----------------- Instantiating /home/travis/build/icyphy/ptII/ptolemy/actor/lib/test/auto/RampFiringLimitSDF.xml
1 ms. Memory: 1592832K Free: 1258929K (79%)
----------------- Invoking toplevel() on ptolemy.moml.MoMLSimpleApplication@40f8e594
----------------- Done invoking toplevel() on ptolemy.moml.MoMLSimpleApplication@40f8e594
reloadAllAccessors: .RampFiringLimitSDF

===========================================================================================
----------------- testing Fri Dec 07 02:56:26 UTC 2018 /home/travis/build/icyphy/ptII/ptolemy/actor/lib/test/auto/RandomInteger.xml
----------------- Instantiating /home/travis/build/icyphy/ptII/ptolemy/actor/lib/test/auto/RandomInteger.xml
1 ms. Memory: 1592832K Free: 1250509K (79%)
----------------- Invoking toplevel() on ptolemy.moml.MoMLSimpleApplication@58f8b1f7
----------------- Done invoking toplevel() on ptolemy.moml.MoMLSimpleApplication@58f8b1f7
reloadAllAccessors: .RandomInteger

===========================================================================================
----------------- testing Fri Dec 07 02:56:26 UTC 2018 /home/travis/build/icyphy/ptII/ptolemy/actor/lib/test/auto/ReadFile1.xml
----------------- Instantiating /home/travis/build/icyphy/ptII/ptolemy/actor/lib/test/auto/ReadFile1.xml
1 ms. Memory: 1592832K Free: 1237047K (78%)
----------------- Invoking toplevel() on ptolemy.moml.MoMLSimpleApplication@5618e735
----------------- Done invoking toplevel() on ptolemy.moml.MoMLSimpleApplication@5618e735
reloadAllAccessors: .ReadFile1

===========================================================================================
----------------- testing Fri Dec 07 02:56:26 UTC 2018 /home/travis/build/icyphy/ptII/ptolemy/actor/lib/test/auto/ReadFile2.xml
----------------- Instantiating /home/travis/build/icyphy/ptII/ptolemy/actor/lib/test/auto/ReadFile2.xml
1 ms. Memory: 1592832K Free: 1228626K (77%)
----------------- Invoking toplevel() on ptolemy.moml.MoMLSimpleApplication@40df6865
----------------- Done invoking toplevel() on ptolemy.moml.MoMLSimpleApplication@40df6865
reloadAllAccessors: .ReadFile2

===========================================================================================
----------------- testing Fri Dec 07 02:56:26 UTC 2018 /home/travis/build/icyphy/ptII/ptolemy/actor/lib/test/auto/Reader.xml
----------------- Instantiating /home/travis/build/icyphy/ptII/ptolemy/actor/lib/test/auto/Reader.xml
actor.lib.Reader is obsolete, use actor.lib.io.ExpressionReader instead
6 ms. Memory: 1592832K Free: 1215164K (76%)
----------------- Invoking toplevel() on ptolemy.moml.MoMLSimpleApplication@7b960683
----------------- Done invoking toplevel() on ptolemy.moml.MoMLSimpleApplication@7b960683
reloadAllAccessors: .Reader

===========================================================================================
----------------- testing Fri Dec 07 02:56:26 UTC 2018 /home/travis/build/icyphy/ptII/ptolemy/actor/lib/test/auto/RecordAssemblerDisplayNameTest.xml
----------------- Instantiating /home/travis/build/icyphy/ptII/ptolemy/actor/lib/test/auto/RecordAssemblerDisplayNameTest.xml
2872 ms. Memory: 1778176K Free: 1602628K (90%)
----------------- Invoking toplevel() on ptolemy.moml.MoMLSimpleApplication@7317dadb
----------------- Done invoking toplevel() on ptolemy.moml.MoMLSimpleApplication@7317dadb
reloadAllAccessors: .RecordAssemblerDisplayNameTest

===========================================================================================
----------------- testing Fri Dec 07 02:56:29 UTC 2018 /home/travis/build/icyphy/ptII/ptolemy/actor/lib/test/auto/RecordAssemblerTypeError.xml
----------------- Instantiating /home/travis/build/icyphy/ptII/ptolemy/actor/lib/test/auto/RecordAssemblerTypeError.xml
6 ms. Memory: 1778176K Free: 1579470K (89%)
----------------- Invoking toplevel() on ptolemy.moml.MoMLSimpleApplication@32197d02
----------------- Done invoking toplevel() on ptolemy.moml.MoMLSimpleApplication@32197d02
reloadAllAccessors: .RecordAssemblerTypeError

===========================================================================================
----------------- testing Fri Dec 07 02:56:29 UTC 2018 /home/travis/build/icyphy/ptII/ptolemy/actor/lib/test/auto/RecordDisassember.xml
----------------- Instantiating /home/travis/build/icyphy/ptII/ptolemy/actor/lib/test/auto/RecordDisassember.xml
3 ms. Memory: 1778176K Free: 1564271K (88%)
----------------- Invoking toplevel() on ptolemy.moml.MoMLSimpleApplication@67bf42f4
----------------- Done invoking toplevel() on ptolemy.moml.MoMLSimpleApplication@67bf42f4
reloadAllAccessors: .RecordDisassember

===========================================================================================
----------------- testing Fri Dec 07 02:56:29 UTC 2018 /home/travis/build/icyphy/ptII/ptolemy/actor/lib/test/auto/RecordDisassemberDisplayNameTest.xml
----------------- Instantiating /home/travis/build/icyphy/ptII/ptolemy/actor/lib/test/auto/RecordDisassemberDisplayNameTest.xml
4 ms. Memory: 1778176K Free: 1553185K (87%)
----------------- Invoking toplevel() on ptolemy.moml.MoMLSimpleApplication@323e561c
----------------- Done invoking toplevel() on ptolemy.moml.MoMLSimpleApplication@323e561c
reloadAllAccessors: .RecordDisassemberDisplayNameTest

===========================================================================================
----------------- testing Fri Dec 07 02:56:29 UTC 2018 /home/travis/build/icyphy/ptII/ptolemy/actor/lib/test/auto/RecordDisassembler.xml
----------------- Instantiating /home/travis/build/icyphy/ptII/ptolemy/actor/lib/test/auto/RecordDisassembler.xml
2 ms. Memory: 1778176K Free: 1537986K (86%)
----------------- Invoking toplevel() on ptolemy.moml.MoMLSimpleApplication@40cfd30a
----------------- Done invoking toplevel() on ptolemy.moml.MoMLSimpleApplication@40cfd30a
reloadAllAccessors: .RecordDisassembler

===========================================================================================
----------------- testing Fri Dec 07 02:56:29 UTC 2018 /home/travis/build/icyphy/ptII/ptolemy/actor/lib/test/auto/RecordDisassembler2.xml
----------------- Instantiating /home/travis/build/icyphy/ptII/ptolemy/actor/lib/test/auto/RecordDisassembler2.xml
2 ms. Memory: 1778176K Free: 1522787K (86%)
----------------- Invoking toplevel() on ptolemy.moml.MoMLSimpleApplication@392687b3
----------------- Done invoking toplevel() on ptolemy.moml.MoMLSimpleApplication@392687b3
reloadAllAccessors: .RecordDisassembler2

===========================================================================================
----------------- testing Fri Dec 07 02:56:29 UTC 2018 /home/travis/build/icyphy/ptII/ptolemy/actor/lib/test/auto/RecordUpdater.xml
----------------- Instantiating /home/travis/build/icyphy/ptII/ptolemy/actor/lib/test/auto/RecordUpdater.xml
2 ms. Memory: 1778176K Free: 1511701K (85%)
----------------- Invoking toplevel() on ptolemy.moml.MoMLSimpleApplication@4f0ceb80
----------------- Done invoking toplevel() on ptolemy.moml.MoMLSimpleApplication@4f0ceb80
reloadAllAccessors: .RecordUpdater

===========================================================================================
----------------- testing Fri Dec 07 02:56:29 UTC 2018 /home/travis/build/icyphy/ptII/ptolemy/actor/lib/test/auto/RecordUpdater2.xml
----------------- Instantiating /home/travis/build/icyphy/ptII/ptolemy/actor/lib/test/auto/RecordUpdater2.xml
1 ms. Memory: 1778176K Free: 1496502K (84%)
----------------- Invoking toplevel() on ptolemy.moml.MoMLSimpleApplication@579f6237
----------------- Done invoking toplevel() on ptolemy.moml.MoMLSimpleApplication@579f6237
reloadAllAccessors: .RecordUpdater2

===========================================================================================
----------------- testing Fri Dec 07 02:56:29 UTC 2018 /home/travis/build/icyphy/ptII/ptolemy/actor/lib/test/auto/RecursiveLattice.xml
----------------- Instantiating /home/travis/build/icyphy/ptII/ptolemy/actor/lib/test/auto/RecursiveLattice.xml
1 ms. Memory: 1778176K Free: 1481304K (83%)
----------------- Invoking toplevel() on ptolemy.moml.MoMLSimpleApplication@2cebde16
----------------- Done invoking toplevel() on ptolemy.moml.MoMLSimpleApplication@2cebde16
reloadAllAccessors: .RecursiveLattice

===========================================================================================
----------------- testing Fri Dec 07 02:56:29 UTC 2018 /home/travis/build/icyphy/ptII/ptolemy/actor/lib/test/auto/Router.xml
----------------- Instantiating /home/travis/build/icyphy/ptII/ptolemy/actor/lib/test/auto/Router.xml
3003 ms. Memory: 1778176K Free: 1464666K (82%)
----------------- Invoking toplevel() on ptolemy.moml.MoMLSimpleApplication@4796ff94
----------------- Done invoking toplevel() on ptolemy.moml.MoMLSimpleApplication@4796ff94
reloadAllAccessors: .Router

===========================================================================================
----------------- testing Fri Dec 07 02:56:32 UTC 2018 /home/travis/build/icyphy/ptII/ptolemy/actor/lib/test/auto/Router2.xml
----------------- Instantiating /home/travis/build/icyphy/ptII/ptolemy/actor/lib/test/auto/Router2.xml
3003 ms. Memory: 1778176K Free: 1443908K (81%)
----------------- Invoking toplevel() on ptolemy.moml.MoMLSimpleApplication@1b19f642
----------------- Done invoking toplevel() on ptolemy.moml.MoMLSimpleApplication@1b19f642
reloadAllAccessors: .Router2

===========================================================================================
----------------- testing Fri Dec 07 02:56:36 UTC 2018 /home/travis/build/icyphy/ptII/ptolemy/actor/lib/test/auto/RunningMaximum.xml
----------------- Instantiating /home/travis/build/icyphy/ptII/ptolemy/actor/lib/test/auto/RunningMaximum.xml
2 ms. Memory: 1778176K Free: 1432821K (81%)
----------------- Invoking toplevel() on ptolemy.moml.MoMLSimpleApplication@4325cdfd
----------------- Done invoking toplevel() on ptolemy.moml.MoMLSimpleApplication@4325cdfd
reloadAllAccessors: .RunningMaximum

===========================================================================================
----------------- testing Fri Dec 07 02:56:36 UTC 2018 /home/travis/build/icyphy/ptII/ptolemy/actor/lib/test/auto/RunningMinimum.xml
----------------- Instantiating /home/travis/build/icyphy/ptII/ptolemy/actor/lib/test/auto/RunningMinimum.xml
1 ms. Memory: 1778176K Free: 1417623K (80%)
----------------- Invoking toplevel() on ptolemy.moml.MoMLSimpleApplication@47d8a142
----------------- Done invoking toplevel() on ptolemy.moml.MoMLSimpleApplication@47d8a142
reloadAllAccessors: .RunningMinimum

===========================================================================================
----------------- testing Fri Dec 07 02:56:36 UTC 2018 /home/travis/build/icyphy/ptII/ptolemy/actor/lib/test/auto/Scale.xml
----------------- Instantiating /home/travis/build/icyphy/ptII/ptolemy/actor/lib/test/auto/Scale.xml
2 ms. Memory: 1778176K Free: 1402424K (79%)
----------------- Invoking toplevel() on ptolemy.moml.MoMLSimpleApplication@7d7d3610
----------------- Done invoking toplevel() on ptolemy.moml.MoMLSimpleApplication@7d7d3610
reloadAllAccessors: .Scale

===========================================================================================
----------------- testing Fri Dec 07 02:56:36 UTC 2018 /home/travis/build/icyphy/ptII/ptolemy/actor/lib/test/auto/Scale2.xml
----------------- Instantiating /home/travis/build/icyphy/ptII/ptolemy/actor/lib/test/auto/Scale2.xml
2 ms. Memory: 1778176K Free: 1391337K (78%)
----------------- Invoking toplevel() on ptolemy.moml.MoMLSimpleApplication@71d30937
----------------- Done invoking toplevel() on ptolemy.moml.MoMLSimpleApplication@71d30937
reloadAllAccessors: .Scale2

===========================================================================================
----------------- testing Fri Dec 07 02:56:36 UTC 2018 /home/travis/build/icyphy/ptII/ptolemy/actor/lib/test/auto/Scale3.xml
----------------- Instantiating /home/travis/build/icyphy/ptII/ptolemy/actor/lib/test/auto/Scale3.xml
3 ms. Memory: 1778176K Free: 1376139K (77%)
----------------- Invoking toplevel() on ptolemy.moml.MoMLSimpleApplication@64946629
----------------- Done invoking toplevel() on ptolemy.moml.MoMLSimpleApplication@64946629
reloadAllAccessors: .Scale3

===========================================================================================
----------------- testing Fri Dec 07 02:56:36 UTC 2018 /home/travis/build/icyphy/ptII/ptolemy/actor/lib/test/auto/ScaleArray.xml
----------------- Instantiating /home/travis/build/icyphy/ptII/ptolemy/actor/lib/test/auto/ScaleArray.xml
1 ms. Memory: 1778176K Free: 1365052K (77%)
----------------- Invoking toplevel() on ptolemy.moml.MoMLSimpleApplication@3247fcf7
----------------- Done invoking toplevel() on ptolemy.moml.MoMLSimpleApplication@3247fcf7
reloadAllAccessors: .ScaleArray

===========================================================================================
----------------- testing Fri Dec 07 02:56:36 UTC 2018 /home/travis/build/icyphy/ptII/ptolemy/actor/lib/test/auto/ScaleArray2.xml
----------------- Instantiating /home/travis/build/icyphy/ptII/ptolemy/actor/lib/test/auto/ScaleArray2.xml
1 ms. Memory: 1778176K Free: 1349853K (76%)
----------------- Invoking toplevel() on ptolemy.moml.MoMLSimpleApplication@56751ee
----------------- Done invoking toplevel() on ptolemy.moml.MoMLSimpleApplication@56751ee
reloadAllAccessors: .ScaleArray2

===========================================================================================
----------------- testing Fri Dec 07 02:56:36 UTC 2018 /home/travis/build/icyphy/ptII/ptolemy/actor/lib/test/auto/ScaleMatrix.xml
----------------- Instantiating /home/travis/build/icyphy/ptII/ptolemy/actor/lib/test/auto/ScaleMatrix.xml
101 ms. Memory: 1778176K Free: 1329112K (75%)
----------------- Invoking toplevel() on ptolemy.moml.MoMLSimpleApplication@3d55167d
----------------- Done invoking toplevel() on ptolemy.moml.MoMLSimpleApplication@3d55167d
reloadAllAccessors: .ScaleMatrix

===========================================================================================
----------------- testing Fri Dec 07 02:56:36 UTC 2018 /home/travis/build/icyphy/ptII/ptolemy/actor/lib/test/auto/Select.xml
----------------- Instantiating /home/travis/build/icyphy/ptII/ptolemy/actor/lib/test/auto/Select.xml
1 ms. Memory: 1778176K Free: 1318025K (74%)
----------------- Invoking toplevel() on ptolemy.moml.MoMLSimpleApplication@bce703d
----------------- Done invoking toplevel() on ptolemy.moml.MoMLSimpleApplication@bce703d
reloadAllAccessors: .Select

===========================================================================================
----------------- testing Fri Dec 07 02:56:36 UTC 2018 /home/travis/build/icyphy/ptII/ptolemy/actor/lib/test/auto/Select2.xml
----------------- Instantiating /home/travis/build/icyphy/ptII/ptolemy/actor/lib/test/auto/Select2.xml
1 ms. Memory: 1778176K Free: 1302826K (73%)
----------------- Invoking toplevel() on ptolemy.moml.MoMLSimpleApplication@68384c41
----------------- Done invoking toplevel() on ptolemy.moml.MoMLSimpleApplication@68384c41
reloadAllAccessors: .Select2

===========================================================================================
----------------- testing Fri Dec 07 02:56:36 UTC 2018 /home/travis/build/icyphy/ptII/ptolemy/actor/lib/test/auto/SequenceToArray2.xml
----------------- Instantiating /home/travis/build/icyphy/ptII/ptolemy/actor/lib/test/auto/SequenceToArray2.xml
83 ms. Memory: 1778176K Free: 1226635K (69%)
----------------- Invoking toplevel() on ptolemy.moml.MoMLSimpleApplication@2e2ab1e7
----------------- Done invoking toplevel() on ptolemy.moml.MoMLSimpleApplication@2e2ab1e7
reloadAllAccessors: .SequenceToArray2

===========================================================================================
----------------- testing Fri Dec 07 02:56:36 UTC 2018 /home/travis/build/icyphy/ptII/ptolemy/actor/lib/test/auto/SequentialClock.xml
----------------- Instantiating /home/travis/build/icyphy/ptII/ptolemy/actor/lib/test/auto/SequentialClock.xml
1 ms. Memory: 1778176K Free: 1215549K (68%)
----------------- Invoking toplevel() on ptolemy.moml.MoMLSimpleApplication@25725c6b
----------------- Done invoking toplevel() on ptolemy.moml.MoMLSimpleApplication@25725c6b
reloadAllAccessors: .SequentialClock

===========================================================================================
----------------- testing Fri Dec 07 02:56:36 UTC 2018 /home/travis/build/icyphy/ptII/ptolemy/actor/lib/test/auto/SetVariable.xml
----------------- Instantiating /home/travis/build/icyphy/ptII/ptolemy/actor/lib/test/auto/SetVariable.xml
2 ms. Memory: 1778176K Free: 1200350K (68%)
----------------- Invoking toplevel() on ptolemy.moml.MoMLSimpleApplication@1d04f1b7
----------------- Done invoking toplevel() on ptolemy.moml.MoMLSimpleApplication@1d04f1b7
reloadAllAccessors: .SetVariable

===========================================================================================
----------------- testing Fri Dec 07 02:56:36 UTC 2018 /home/travis/build/icyphy/ptII/ptolemy/actor/lib/test/auto/SetVariable2.xml
----------------- Instantiating /home/travis/build/icyphy/ptII/ptolemy/actor/lib/test/auto/SetVariable2.xml
4 ms. Memory: 1778176K Free: 1189264K (67%)
----------------- Invoking toplevel() on ptolemy.moml.MoMLSimpleApplication@1d82b583
----------------- Done invoking toplevel() on ptolemy.moml.MoMLSimpleApplication@1d82b583
reloadAllAccessors: .SetVariable2

===========================================================================================
----------------- testing Fri Dec 07 02:56:36 UTC 2018 /home/travis/build/icyphy/ptII/ptolemy/actor/lib/test/auto/SetVariable3.xml
----------------- Instantiating /home/travis/build/icyphy/ptII/ptolemy/actor/lib/test/auto/SetVariable3.xml
4 ms. Memory: 1778176K Free: 1174065K (66%)
----------------- Invoking toplevel() on ptolemy.moml.MoMLSimpleApplication@37a1d9c0
----------------- Done invoking toplevel() on ptolemy.moml.MoMLSimpleApplication@37a1d9c0
reloadAllAccessors: .SetVariable3

===========================================================================================
----------------- testing Fri Dec 07 02:56:36 UTC 2018 /home/travis/build/icyphy/ptII/ptolemy/actor/lib/test/auto/SetVariable4.xml
----------------- Instantiating /home/travis/build/icyphy/ptII/ptolemy/actor/lib/test/auto/SetVariable4.xml
14 ms. Memory: 1778176K Free: 1120063K (63%)
----------------- Invoking toplevel() on ptolemy.moml.MoMLSimpleApplication@52bf1c36
----------------- Done invoking toplevel() on ptolemy.moml.MoMLSimpleApplication@52bf1c36
reloadAllAccessors: .SetVariable4

===========================================================================================
----------------- testing Fri Dec 07 02:56:36 UTC 2018 /home/travis/build/icyphy/ptII/ptolemy/actor/lib/test/auto/SetVariable5.xml
----------------- Instantiating /home/travis/build/icyphy/ptII/ptolemy/actor/lib/test/auto/SetVariable5.xml
13 ms. Memory: 1778176K Free: 1103426K (62%)
----------------- Invoking toplevel() on ptolemy.moml.MoMLSimpleApplication@130c79bb
----------------- Done invoking toplevel() on ptolemy.moml.MoMLSimpleApplication@130c79bb
reloadAllAccessors: .SetVariable5

===========================================================================================
----------------- testing Fri Dec 07 02:56:36 UTC 2018 /home/travis/build/icyphy/ptII/ptolemy/actor/lib/test/auto/Sinewave.xml
----------------- Instantiating /home/travis/build/icyphy/ptII/ptolemy/actor/lib/test/auto/Sinewave.xml
10 ms. Memory: 1778176K Free: 1082683K (61%)
----------------- Invoking toplevel() on ptolemy.moml.MoMLSimpleApplication@226d8889
----------------- Done invoking toplevel() on ptolemy.moml.MoMLSimpleApplication@226d8889
reloadAllAccessors: .Sinewave

===========================================================================================
----------------- testing Fri Dec 07 02:56:36 UTC 2018 /home/travis/build/icyphy/ptII/ptolemy/actor/lib/test/auto/Sinewave2.xml
----------------- Instantiating /home/travis/build/icyphy/ptII/ptolemy/actor/lib/test/auto/Sinewave2.xml
4 ms. Memory: 1778176K Free: 1067485K (60%)
----------------- Invoking toplevel() on ptolemy.moml.MoMLSimpleApplication@18a249a6
----------------- Done invoking toplevel() on ptolemy.moml.MoMLSimpleApplication@18a249a6
reloadAllAccessors: .Sinewave2

===========================================================================================
----------------- testing Fri Dec 07 02:56:36 UTC 2018 /home/travis/build/icyphy/ptII/ptolemy/actor/lib/test/auto/Sinewave3.xml
----------------- Instantiating /home/travis/build/icyphy/ptII/ptolemy/actor/lib/test/auto/Sinewave3.xml
8 ms. Memory: 1778176K Free: 1056398K (59%)
----------------- Invoking toplevel() on ptolemy.moml.MoMLSimpleApplication@6ca1d8d5
----------------- Done invoking toplevel() on ptolemy.moml.MoMLSimpleApplication@6ca1d8d5
reloadAllAccessors: .Sinewave3

===========================================================================================
----------------- testing Fri Dec 07 02:56:36 UTC 2018 /home/travis/build/icyphy/ptII/ptolemy/actor/lib/test/auto/SingleEvent.xml
----------------- Instantiating /home/travis/build/icyphy/ptII/ptolemy/actor/lib/test/auto/SingleEvent.xml
0 ms. Memory: 1778176K Free: 1041199K (59%)
----------------- Invoking toplevel() on ptolemy.moml.MoMLSimpleApplication@2ea77761
----------------- Done invoking toplevel() on ptolemy.moml.MoMLSimpleApplication@2ea77761
reloadAllAccessors: .SingleEvent

===========================================================================================
----------------- testing Fri Dec 07 02:56:36 UTC 2018 /home/travis/build/icyphy/ptII/ptolemy/actor/lib/test/auto/Sleep.xml
----------------- Instantiating /home/travis/build/icyphy/ptII/ptolemy/actor/lib/test/auto/Sleep.xml
6003 ms. Memory: 1778176K Free: 1030113K (58%)
----------------- Invoking toplevel() on ptolemy.moml.MoMLSimpleApplication@3a7c29e8
----------------- Done invoking toplevel() on ptolemy.moml.MoMLSimpleApplication@3a7c29e8
reloadAllAccessors: .Sleep

===========================================================================================
----------------- testing Fri Dec 07 02:56:42 UTC 2018 /home/travis/build/icyphy/ptII/ptolemy/actor/lib/test/auto/SleepMultipleFire.xml
----------------- Instantiating /home/travis/build/icyphy/ptII/ptolemy/actor/lib/test/auto/SleepMultipleFire.xml
1004 ms. Memory: 1778176K Free: 1014914K (57%)
----------------- Invoking toplevel() on ptolemy.moml.MoMLSimpleApplication@450e8e76
----------------- Done invoking toplevel() on ptolemy.moml.MoMLSimpleApplication@450e8e76
reloadAllAccessors: .SleepMultipleFire

===========================================================================================
----------------- testing Fri Dec 07 02:56:43 UTC 2018 /home/travis/build/icyphy/ptII/ptolemy/actor/lib/test/auto/StopDE.xml
----------------- Instantiating /home/travis/build/icyphy/ptII/ptolemy/actor/lib/test/auto/StopDE.xml
3 ms. Memory: 1778176K Free: 999716K (56%)
----------------- Invoking toplevel() on ptolemy.moml.MoMLSimpleApplication@aee31de
----------------- Done invoking toplevel() on ptolemy.moml.MoMLSimpleApplication@aee31de
reloadAllAccessors: .StopDE

===========================================================================================
----------------- testing Fri Dec 07 02:56:43 UTC 2018 /home/travis/build/icyphy/ptII/ptolemy/actor/lib/test/auto/StopSDF.xml
----------------- Instantiating /home/travis/build/icyphy/ptII/ptolemy/actor/lib/test/auto/StopSDF.xml
2 ms. Memory: 1778176K Free: 988629K (56%)
----------------- Invoking toplevel() on ptolemy.moml.MoMLSimpleApplication@1a4b3dd2
----------------- Done invoking toplevel() on ptolemy.moml.MoMLSimpleApplication@1a4b3dd2
reloadAllAccessors: .StopSDF

===========================================================================================
----------------- testing Fri Dec 07 02:56:43 UTC 2018 /home/travis/build/icyphy/ptII/ptolemy/actor/lib/test/auto/StringConstant.xml
----------------- Instantiating /home/travis/build/icyphy/ptII/ptolemy/actor/lib/test/auto/StringConstant.xml
1 ms. Memory: 1778176K Free: 973431K (55%)
----------------- Invoking toplevel() on ptolemy.moml.MoMLSimpleApplication@3a98f9ef
----------------- Done invoking toplevel() on ptolemy.moml.MoMLSimpleApplication@3a98f9ef
reloadAllAccessors: .StringConstant

===========================================================================================
----------------- testing Fri Dec 07 02:56:43 UTC 2018 /home/travis/build/icyphy/ptII/ptolemy/actor/lib/test/auto/SubscriberPortInitialValues1.xml
----------------- Instantiating /home/travis/build/icyphy/ptII/ptolemy/actor/lib/test/auto/SubscriberPortInitialValues1.xml
4 ms. Memory: 1778176K Free: 952673K (54%)
----------------- Invoking toplevel() on ptolemy.moml.MoMLSimpleApplication@7d587ade
----------------- Done invoking toplevel() on ptolemy.moml.MoMLSimpleApplication@7d587ade
reloadAllAccessors: .SubscriberPortInitialValues1

===========================================================================================
----------------- testing Fri Dec 07 02:56:43 UTC 2018 /home/travis/build/icyphy/ptII/ptolemy/actor/lib/test/auto/SubscriberPortInitialValues13.xml
----------------- Instantiating /home/travis/build/icyphy/ptII/ptolemy/actor/lib/test/auto/SubscriberPortInitialValues13.xml
4 ms. Memory: 1778176K Free: 936035K (53%)
----------------- Invoking toplevel() on ptolemy.moml.MoMLSimpleApplication@9a33ba4
----------------- Done invoking toplevel() on ptolemy.moml.MoMLSimpleApplication@9a33ba4
reloadAllAccessors: .SubscriberPortInitialValues13

===========================================================================================
----------------- testing Fri Dec 07 02:56:43 UTC 2018 /home/travis/build/icyphy/ptII/ptolemy/actor/lib/test/auto/SubscriberPortInitialValues14.xml
----------------- Instantiating /home/travis/build/icyphy/ptII/ptolemy/actor/lib/test/auto/SubscriberPortInitialValues14.xml
3 ms. Memory: 1778176K Free: 920837K (52%)
----------------- Invoking toplevel() on ptolemy.moml.MoMLSimpleApplication@7120f1fb
----------------- Done invoking toplevel() on ptolemy.moml.MoMLSimpleApplication@7120f1fb
reloadAllAccessors: .SubscriberPortInitialValues14

===========================================================================================
----------------- testing Fri Dec 07 02:56:43 UTC 2018 /home/travis/build/icyphy/ptII/ptolemy/actor/lib/test/auto/SubscriberPortInitialValues2.xml
----------------- Instantiating /home/travis/build/icyphy/ptII/ptolemy/actor/lib/test/auto/SubscriberPortInitialValues2.xml
3 ms. Memory: 1778176K Free: 909750K (51%)
----------------- Invoking toplevel() on ptolemy.moml.MoMLSimpleApplication@167eaf93
----------------- Done invoking toplevel() on ptolemy.moml.MoMLSimpleApplication@167eaf93
reloadAllAccessors: .SubscriberPortInitialValues2

===========================================================================================
----------------- testing Fri Dec 07 02:56:43 UTC 2018 /home/travis/build/icyphy/ptII/ptolemy/actor/lib/test/auto/SubscriberPortInitialValues3.xml
----------------- Instantiating /home/travis/build/icyphy/ptII/ptolemy/actor/lib/test/auto/SubscriberPortInitialValues3.xml
4 ms. Memory: 1778176K Free: 889008K (50%)
----------------- Invoking toplevel() on ptolemy.moml.MoMLSimpleApplication@c61fa58
----------------- Done invoking toplevel() on ptolemy.moml.MoMLSimpleApplication@c61fa58
reloadAllAccessors: .SubscriberPortInitialValues3

===========================================================================================
----------------- testing Fri Dec 07 02:56:43 UTC 2018 /home/travis/build/icyphy/ptII/ptolemy/actor/lib/test/auto/SubscriptionAggregator.xml
----------------- Instantiating /home/travis/build/icyphy/ptII/ptolemy/actor/lib/test/auto/SubscriptionAggregator.xml
2 ms. Memory: 1778176K Free: 873810K (49%)
----------------- Invoking toplevel() on ptolemy.moml.MoMLSimpleApplication@440da6f9
----------------- Done invoking toplevel() on ptolemy.moml.MoMLSimpleApplication@440da6f9
reloadAllAccessors: .SubscriptionAggregator

===========================================================================================
----------------- testing Fri Dec 07 02:56:43 UTC 2018 /home/travis/build/icyphy/ptII/ptolemy/actor/lib/test/auto/SubscriptionAggregator2.xml
----------------- Instantiating /home/travis/build/icyphy/ptII/ptolemy/actor/lib/test/auto/SubscriptionAggregator2.xml
2 ms. Memory: 1778176K Free: 862723K (49%)
----------------- Invoking toplevel() on ptolemy.moml.MoMLSimpleApplication@7ea8641
----------------- Done invoking toplevel() on ptolemy.moml.MoMLSimpleApplication@7ea8641
reloadAllAccessors: .SubscriptionAggregator2

===========================================================================================
----------------- testing Fri Dec 07 02:56:43 UTC 2018 /home/travis/build/icyphy/ptII/ptolemy/actor/lib/test/auto/SubscriptionAggregator3.xml
----------------- Instantiating /home/travis/build/icyphy/ptII/ptolemy/actor/lib/test/auto/SubscriptionAggregator3.xml
2 ms. Memory: 1778176K Free: 841965K (47%)
----------------- Invoking toplevel() on ptolemy.moml.MoMLSimpleApplication@2759b8dc
----------------- Done invoking toplevel() on ptolemy.moml.MoMLSimpleApplication@2759b8dc
reloadAllAccessors: .SubscriptionAggregator3

===========================================================================================
----------------- testing Fri Dec 07 02:56:43 UTC 2018 /home/travis/build/icyphy/ptII/ptolemy/actor/lib/test/auto/SubscriptionAggregatorMultiply.xml
----------------- Instantiating /home/travis/build/icyphy/ptII/ptolemy/actor/lib/test/auto/SubscriptionAggregatorMultiply.xml
3 ms. Memory: 1778176K Free: 821207K (46%)
----------------- Invoking toplevel() on ptolemy.moml.MoMLSimpleApplication@7ae19d07
----------------- Done invoking toplevel() on ptolemy.moml.MoMLSimpleApplication@7ae19d07
reloadAllAccessors: .SubscriptionAggregatorMultiply

===========================================================================================
----------------- testing Fri Dec 07 02:56:43 UTC 2018 /home/travis/build/icyphy/ptII/ptolemy/actor/lib/test/auto/SubscriptionAggregatorPortMultiply1.xml
----------------- Instantiating /home/travis/build/icyphy/ptII/ptolemy/actor/lib/test/auto/SubscriptionAggregatorPortMultiply1.xml
3 ms. Memory: 1778176K Free: 810121K (46%)
----------------- Invoking toplevel() on ptolemy.moml.MoMLSimpleApplication@384a99d2
----------------- Done invoking toplevel() on ptolemy.moml.MoMLSimpleApplication@384a99d2
reloadAllAccessors: .SubscriptionAggregatorPortMultiply1

===========================================================================================
----------------- testing Fri Dec 07 02:56:43 UTC 2018 /home/travis/build/icyphy/ptII/ptolemy/actor/lib/test/auto/Switch.xml
----------------- Instantiating /home/travis/build/icyphy/ptII/ptolemy/actor/lib/test/auto/Switch.xml
3 ms. Memory: 1778176K Free: 761663K (43%)
----------------- Invoking toplevel() on ptolemy.moml.MoMLSimpleApplication@7e51f7e0
----------------- Done invoking toplevel() on ptolemy.moml.MoMLSimpleApplication@7e51f7e0
reloadAllAccessors: .Switch

===========================================================================================
----------------- testing Fri Dec 07 02:56:43 UTC 2018 /home/travis/build/icyphy/ptII/ptolemy/actor/lib/test/auto/Switch2.xml
----------------- Instantiating /home/travis/build/icyphy/ptII/ptolemy/actor/lib/test/auto/Switch2.xml
1 ms. Memory: 1778176K Free: 750576K (42%)
----------------- Invoking toplevel() on ptolemy.moml.MoMLSimpleApplication@4e6cc8c
----------------- Done invoking toplevel() on ptolemy.moml.MoMLSimpleApplication@4e6cc8c
reloadAllAccessors: .Switch2

===========================================================================================
----------------- testing Fri Dec 07 02:56:43 UTC 2018 /home/travis/build/icyphy/ptII/ptolemy/actor/lib/test/auto/SwitchDE.xml
----------------- Instantiating /home/travis/build/icyphy/ptII/ptolemy/actor/lib/test/auto/SwitchDE.xml
2 ms. Memory: 1778176K Free: 735377K (41%)
----------------- Invoking toplevel() on ptolemy.moml.MoMLSimpleApplication@3097927b
----------------- Done invoking toplevel() on ptolemy.moml.MoMLSimpleApplication@3097927b
reloadAllAccessors: .SwitchDE

===========================================================================================
----------------- testing Fri Dec 07 02:56:43 UTC 2018 /home/travis/build/icyphy/ptII/ptolemy/actor/lib/test/auto/SynchronizerDE.xml
----------------- Instantiating /home/travis/build/icyphy/ptII/ptolemy/actor/lib/test/auto/SynchronizerDE.xml
4 ms. Memory: 1778176K Free: 714620K (40%)
----------------- Invoking toplevel() on ptolemy.moml.MoMLSimpleApplication@6ec09ddd
----------------- Done invoking toplevel() on ptolemy.moml.MoMLSimpleApplication@6ec09ddd
reloadAllAccessors: .SynchronizerDE

===========================================================================================
----------------- testing Fri Dec 07 02:56:43 UTC 2018 /home/travis/build/icyphy/ptII/ptolemy/actor/lib/test/auto/Test.xml
----------------- Instantiating /home/travis/build/icyphy/ptII/ptolemy/actor/lib/test/auto/Test.xml
1 ms. Memory: 1778176K Free: 703533K (40%)
----------------- Invoking toplevel() on ptolemy.moml.MoMLSimpleApplication@df01ceb
----------------- Done invoking toplevel() on ptolemy.moml.MoMLSimpleApplication@df01ceb
reloadAllAccessors: .Test

===========================================================================================
----------------- testing Fri Dec 07 02:56:44 UTC 2018 /home/travis/build/icyphy/ptII/ptolemy/actor/lib/test/auto/TestExceptionAttribute1.xml
----------------- Instantiating /home/travis/build/icyphy/ptII/ptolemy/actor/lib/test/auto/TestExceptionAttribute1.xml
1 ms. Memory: 1778176K Free: 688335K (39%)
----------------- Invoking toplevel() on ptolemy.moml.MoMLSimpleApplication@1298709c
----------------- Done invoking toplevel() on ptolemy.moml.MoMLSimpleApplication@1298709c
reloadAllAccessors: .TestExceptionAttribute1

===========================================================================================
----------------- testing Fri Dec 07 02:56:44 UTC 2018 /home/travis/build/icyphy/ptII/ptolemy/actor/lib/test/auto/TestExceptionAttribute2.xml
----------------- Instantiating /home/travis/build/icyphy/ptII/ptolemy/actor/lib/test/auto/TestExceptionAttribute2.xml
0 ms. Memory: 1778176K Free: 673136K (38%)
----------------- Invoking toplevel() on ptolemy.moml.MoMLSimpleApplication@1900674c
----------------- Done invoking toplevel() on ptolemy.moml.MoMLSimpleApplication@1900674c
reloadAllAccessors: .TestExceptionAttribute2

===========================================================================================
----------------- testing Fri Dec 07 02:56:44 UTC 2018 /home/travis/build/icyphy/ptII/ptolemy/actor/lib/test/auto/TestExceptionAttribute3.xml
----------------- Instantiating /home/travis/build/icyphy/ptII/ptolemy/actor/lib/test/auto/TestExceptionAttribute3.xml
.TestExceptionAttribute3.TestExceptionAttribute: initialize() was not invoked, but wrapup() was.  This is unusual, but not always a problem.  For example, exporting JNLP will do this.
0 ms. Memory: 1778176K Free: 662050K (37%)
----------------- Invoking toplevel() on ptolemy.moml.MoMLSimpleApplication@610ff55
----------------- Done invoking toplevel() on ptolemy.moml.MoMLSimpleApplication@610ff55
reloadAllAccessors: .TestExceptionAttribute3

===========================================================================================
----------------- testing Fri Dec 07 02:56:44 UTC 2018 /home/travis/build/icyphy/ptII/ptolemy/actor/lib/test/auto/TestExceptionAttribute4.xml
----------------- Instantiating /home/travis/build/icyphy/ptII/ptolemy/actor/lib/test/auto/TestExceptionAttribute4.xml
.TestExceptionAttribute4.TestExceptionAttribute: initialize() was not invoked, but wrapup() was.  This is unusual, but not always a problem.  For example, exporting JNLP will do this.
.TestExceptionAttribute4.TestExceptionAttribute2: initialize() was not invoked, but wrapup() was.  This is unusual, but not always a problem.  For example, exporting JNLP will do this.
0 ms. Memory: 1778176K Free: 646851K (36%)
----------------- Invoking toplevel() on ptolemy.moml.MoMLSimpleApplication@35c1615
----------------- Done invoking toplevel() on ptolemy.moml.MoMLSimpleApplication@35c1615
reloadAllAccessors: .TestExceptionAttribute4

===========================================================================================
----------------- testing Fri Dec 07 02:56:44 UTC 2018 /home/travis/build/icyphy/ptII/ptolemy/actor/lib/test/auto/TestExceptionHandler1.xml
----------------- Instantiating /home/travis/build/icyphy/ptII/ptolemy/actor/lib/test/auto/TestExceptionHandler1.xml
1 ms. Memory: 1778176K Free: 635764K (36%)
----------------- Invoking toplevel() on ptolemy.moml.MoMLSimpleApplication@6b8158e9
----------------- Done invoking toplevel() on ptolemy.moml.MoMLSimpleApplication@6b8158e9
reloadAllAccessors: .TestExceptionHandler1

===========================================================================================
----------------- testing Fri Dec 07 02:56:44 UTC 2018 /home/travis/build/icyphy/ptII/ptolemy/actor/lib/test/auto/TestExceptionHandler2.xml
----------------- Instantiating /home/travis/build/icyphy/ptII/ptolemy/actor/lib/test/auto/TestExceptionHandler2.xml
1 ms. Memory: 1778176K Free: 620566K (35%)
----------------- Invoking toplevel() on ptolemy.moml.MoMLSimpleApplication@636f7490
----------------- Done invoking toplevel() on ptolemy.moml.MoMLSimpleApplication@636f7490
reloadAllAccessors: .TestExceptionHandler2

===========================================================================================
----------------- testing Fri Dec 07 02:56:44 UTC 2018 /home/travis/build/icyphy/ptII/ptolemy/actor/lib/test/auto/TestExceptionHandler3.xml
----------------- Instantiating /home/travis/build/icyphy/ptII/ptolemy/actor/lib/test/auto/TestExceptionHandler3.xml
1 ms. Memory: 1778176K Free: 605367K (34%)
----------------- Invoking toplevel() on ptolemy.moml.MoMLSimpleApplication@40eb984a
----------------- Done invoking toplevel() on ptolemy.moml.MoMLSimpleApplication@40eb984a
reloadAllAccessors: .TestExceptionHandler3

===========================================================================================
----------------- testing Fri Dec 07 02:56:44 UTC 2018 /home/travis/build/icyphy/ptII/ptolemy/actor/lib/test/auto/TestExceptionHandler4.xml
----------------- Instantiating /home/travis/build/icyphy/ptII/ptolemy/actor/lib/test/auto/TestExceptionHandler4.xml
1 ms. Memory: 1778176K Free: 594281K (33%)
----------------- Invoking toplevel() on ptolemy.moml.MoMLSimpleApplication@2f104c0e
----------------- Done invoking toplevel() on ptolemy.moml.MoMLSimpleApplication@2f104c0e
reloadAllAccessors: .TestExceptionHandler4

===========================================================================================
----------------- testing Fri Dec 07 02:56:44 UTC 2018 /home/travis/build/icyphy/ptII/ptolemy/actor/lib/test/auto/TestRequireCorrectOrder.xml
----------------- Instantiating /home/travis/build/icyphy/ptII/ptolemy/actor/lib/test/auto/TestRequireCorrectOrder.xml
4 ms. Memory: 1778176K Free: 579082K (33%)
----------------- Invoking toplevel() on ptolemy.moml.MoMLSimpleApplication@3cce123e
----------------- Done invoking toplevel() on ptolemy.moml.MoMLSimpleApplication@3cce123e
reloadAllAccessors: .TestRequireCorrectOrder

===========================================================================================
----------------- testing Fri Dec 07 02:56:44 UTC 2018 /home/travis/build/icyphy/ptII/ptolemy/actor/lib/test/auto/TestSimple.xml
----------------- Instantiating /home/travis/build/icyphy/ptII/ptolemy/actor/lib/test/auto/TestSimple.xml
2 ms. Memory: 1778176K Free: 563884K (32%)
----------------- Invoking toplevel() on ptolemy.moml.MoMLSimpleApplication@74263d14
----------------- Done invoking toplevel() on ptolemy.moml.MoMLSimpleApplication@74263d14
reloadAllAccessors: .TestSimple

===========================================================================================
----------------- testing Fri Dec 07 02:56:44 UTC 2018 /home/travis/build/icyphy/ptII/ptolemy/actor/lib/test/auto/ThrowModelError.xml
----------------- Instantiating /home/travis/build/icyphy/ptII/ptolemy/actor/lib/test/auto/ThrowModelError.xml
2 ms. Memory: 1778176K Free: 552797K (31%)
----------------- Invoking toplevel() on ptolemy.moml.MoMLSimpleApplication@73791b0f
----------------- Done invoking toplevel() on ptolemy.moml.MoMLSimpleApplication@73791b0f
reloadAllAccessors: .ThrowModelError

===========================================================================================
----------------- testing Fri Dec 07 02:56:44 UTC 2018 /home/travis/build/icyphy/ptII/ptolemy/actor/lib/test/auto/TimeDelayMicrosteps.xml
----------------- Instantiating /home/travis/build/icyphy/ptII/ptolemy/actor/lib/test/auto/TimeDelayMicrosteps.xml
3 ms. Memory: 1778176K Free: 537599K (30%)
----------------- Invoking toplevel() on ptolemy.moml.MoMLSimpleApplication@573841fe
----------------- Done invoking toplevel() on ptolemy.moml.MoMLSimpleApplication@573841fe
reloadAllAccessors: .TimeDelayMicrosteps

===========================================================================================
----------------- testing Fri Dec 07 02:56:44 UTC 2018 /home/travis/build/icyphy/ptII/ptolemy/actor/lib/test/auto/TimeDelayMicrosteps2.xml
----------------- Instantiating /home/travis/build/icyphy/ptII/ptolemy/actor/lib/test/auto/TimeDelayMicrosteps2.xml
2 ms. Memory: 1778176K Free: 522400K (29%)
----------------- Invoking toplevel() on ptolemy.moml.MoMLSimpleApplication@293d3470
----------------- Done invoking toplevel() on ptolemy.moml.MoMLSimpleApplication@293d3470
reloadAllAccessors: .TimeDelayMicrosteps2

===========================================================================================
----------------- testing Fri Dec 07 02:56:44 UTC 2018 /home/travis/build/icyphy/ptII/ptolemy/actor/lib/test/auto/TimeDelayMicrosteps3.xml
----------------- Instantiating /home/travis/build/icyphy/ptII/ptolemy/actor/lib/test/auto/TimeDelayMicrosteps3.xml
2 ms. Memory: 1778176K Free: 511313K (29%)
----------------- Invoking toplevel() on ptolemy.moml.MoMLSimpleApplication@16f76332
----------------- Done invoking toplevel() on ptolemy.moml.MoMLSimpleApplication@16f76332
reloadAllAccessors: .TimeDelayMicrosteps3

===========================================================================================
----------------- testing Fri Dec 07 02:56:44 UTC 2018 /home/travis/build/icyphy/ptII/ptolemy/actor/lib/test/auto/TimeDelayVariableMicrosteps.xml
----------------- Instantiating /home/travis/build/icyphy/ptII/ptolemy/actor/lib/test/auto/TimeDelayVariableMicrosteps.xml
2 ms. Memory: 1778176K Free: 496115K (28%)
----------------- Invoking toplevel() on ptolemy.moml.MoMLSimpleApplication@7ec68a38
----------------- Done invoking toplevel() on ptolemy.moml.MoMLSimpleApplication@7ec68a38
reloadAllAccessors: .TimeDelayVariableMicrosteps

===========================================================================================
----------------- testing Fri Dec 07 02:56:44 UTC 2018 /home/travis/build/icyphy/ptII/ptolemy/actor/lib/test/auto/TimeGap.xml
----------------- Instantiating /home/travis/build/icyphy/ptII/ptolemy/actor/lib/test/auto/TimeGap.xml
3 ms. Memory: 1778176K Free: 485028K (27%)
----------------- Invoking toplevel() on ptolemy.moml.MoMLSimpleApplication@35250252
----------------- Done invoking toplevel() on ptolemy.moml.MoMLSimpleApplication@35250252
reloadAllAccessors: .TimeGap

===========================================================================================
----------------- testing Fri Dec 07 02:56:44 UTC 2018 /home/travis/build/icyphy/ptII/ptolemy/actor/lib/test/auto/TimeGap2.xml
----------------- Instantiating /home/travis/build/icyphy/ptII/ptolemy/actor/lib/test/auto/TimeGap2.xml
1 ms. Memory: 1778176K Free: 469829K (26%)
----------------- Invoking toplevel() on ptolemy.moml.MoMLSimpleApplication@320dc81a
----------------- Done invoking toplevel() on ptolemy.moml.MoMLSimpleApplication@320dc81a
reloadAllAccessors: .TimeGap2

===========================================================================================
----------------- testing Fri Dec 07 02:56:44 UTC 2018 /home/travis/build/icyphy/ptII/ptolemy/actor/lib/test/auto/TimedSinewave.xml
----------------- Instantiating /home/travis/build/icyphy/ptII/ptolemy/actor/lib/test/auto/TimedSinewave.xml
23 ms. Memory: 1778176K Free: 443512K (25%)
----------------- Invoking toplevel() on ptolemy.moml.MoMLSimpleApplication@2ec0237c
----------------- Done invoking toplevel() on ptolemy.moml.MoMLSimpleApplication@2ec0237c
reloadAllAccessors: .TimedSinewave

===========================================================================================
----------------- testing Fri Dec 07 02:56:44 UTC 2018 /home/travis/build/icyphy/ptII/ptolemy/actor/lib/test/auto/TimedSinewavePhase.xml
----------------- Instantiating /home/travis/build/icyphy/ptII/ptolemy/actor/lib/test/auto/TimedSinewavePhase.xml
11 ms. Memory: 1778176K Free: 426866K (24%)
----------------- Invoking toplevel() on ptolemy.moml.MoMLSimpleApplication@7ad7d395
----------------- Done invoking toplevel() on ptolemy.moml.MoMLSimpleApplication@7ad7d395
reloadAllAccessors: .TimedSinewavePhase

===========================================================================================
----------------- testing Fri Dec 07 02:56:44 UTC 2018 /home/travis/build/icyphy/ptII/ptolemy/actor/lib/test/auto/Timer.xml
----------------- Instantiating /home/travis/build/icyphy/ptII/ptolemy/actor/lib/test/auto/Timer.xml
1 ms. Memory: 1778176K Free: 411668K (23%)
----------------- Invoking toplevel() on ptolemy.moml.MoMLSimpleApplication@41d24dd1
----------------- Done invoking toplevel() on ptolemy.moml.MoMLSimpleApplication@41d24dd1
reloadAllAccessors: .Timer

===========================================================================================
----------------- testing Fri Dec 07 02:56:44 UTC 2018 /home/travis/build/icyphy/ptII/ptolemy/actor/lib/test/auto/TriangularDistTestModel.xml
----------------- Instantiating /home/travis/build/icyphy/ptII/ptolemy/actor/lib/test/auto/TriangularDistTestModel.xml
2 ms. Memory: 1778176K Free: 396469K (22%)
----------------- Invoking toplevel() on ptolemy.moml.MoMLSimpleApplication@84ac684
----------------- Done invoking toplevel() on ptolemy.moml.MoMLSimpleApplication@84ac684
reloadAllAccessors: .TriangularDistTestModel

===========================================================================================
----------------- testing Fri Dec 07 02:56:44 UTC 2018 /home/travis/build/icyphy/ptII/ptolemy/actor/lib/test/auto/TrigFunction.xml
----------------- Instantiating /home/travis/build/icyphy/ptII/ptolemy/actor/lib/test/auto/TrigFunction.xml
1 ms. Memory: 1778176K Free: 385383K (22%)
----------------- Invoking toplevel() on ptolemy.moml.MoMLSimpleApplication@4b9c69ad
----------------- Done invoking toplevel() on ptolemy.moml.MoMLSimpleApplication@4b9c69ad
reloadAllAccessors: .TrigFunction

===========================================================================================
----------------- testing Fri Dec 07 02:56:44 UTC 2018 /home/travis/build/icyphy/ptII/ptolemy/actor/lib/test/auto/TrigFunctionDE.xml
----------------- Instantiating /home/travis/build/icyphy/ptII/ptolemy/actor/lib/test/auto/TrigFunctionDE.xml
1 ms. Memory: 1778176K Free: 370184K (21%)
----------------- Invoking toplevel() on ptolemy.moml.MoMLSimpleApplication@50284fbe
----------------- Done invoking toplevel() on ptolemy.moml.MoMLSimpleApplication@50284fbe
reloadAllAccessors: .TrigFunctionDE

===========================================================================================
----------------- testing Fri Dec 07 02:56:44 UTC 2018 /home/travis/build/icyphy/ptII/ptolemy/actor/lib/test/auto/TrigFunctionInverse.xml
----------------- Instantiating /home/travis/build/icyphy/ptII/ptolemy/actor/lib/test/auto/TrigFunctionInverse.xml
2 ms. Memory: 1778176K Free: 354986K (20%)
----------------- Invoking toplevel() on ptolemy.moml.MoMLSimpleApplication@510b112d
----------------- Done invoking toplevel() on ptolemy.moml.MoMLSimpleApplication@510b112d
reloadAllAccessors: .TrigFunctionInverse

===========================================================================================
----------------- testing Fri Dec 07 02:56:44 UTC 2018 /home/travis/build/icyphy/ptII/ptolemy/actor/lib/test/auto/TrigFunctionTan.xml
----------------- Instantiating /home/travis/build/icyphy/ptII/ptolemy/actor/lib/test/auto/TrigFunctionTan.xml
1 ms. Memory: 1778176K Free: 343899K (19%)
----------------- Invoking toplevel() on ptolemy.moml.MoMLSimpleApplication@62ead4ae
----------------- Done invoking toplevel() on ptolemy.moml.MoMLSimpleApplication@62ead4ae
reloadAllAccessors: .TrigFunctionTan

===========================================================================================
----------------- testing Fri Dec 07 02:56:44 UTC 2018 /home/travis/build/icyphy/ptII/ptolemy/actor/lib/test/auto/TriggeredClock.xml
----------------- Instantiating /home/travis/build/icyphy/ptII/ptolemy/actor/lib/test/auto/TriggeredClock.xml
1 ms. Memory: 1778176K Free: 328701K (18%)
----------------- Invoking toplevel() on ptolemy.moml.MoMLSimpleApplication@3ee2895d
----------------- Done invoking toplevel() on ptolemy.moml.MoMLSimpleApplication@3ee2895d
reloadAllAccessors: .TriggeredClock

===========================================================================================
----------------- testing Fri Dec 07 02:56:44 UTC 2018 /home/travis/build/icyphy/ptII/ptolemy/actor/lib/test/auto/URLDirectoryReader.xml
----------------- Instantiating /home/travis/build/icyphy/ptII/ptolemy/actor/lib/test/auto/URLDirectoryReader.xml
28 ms. Memory: 1778176K Free: 312071K (18%)
----------------- Invoking toplevel() on ptolemy.moml.MoMLSimpleApplication@3c2d35bd
----------------- Done invoking toplevel() on ptolemy.moml.MoMLSimpleApplication@3c2d35bd
reloadAllAccessors: .URLDirectoryReader

===========================================================================================
----------------- testing Fri Dec 07 02:56:44 UTC 2018 /home/travis/build/icyphy/ptII/ptolemy/actor/lib/test/auto/URLDirectoryReader3.xml
----------------- Instantiating /home/travis/build/icyphy/ptII/ptolemy/actor/lib/test/auto/URLDirectoryReader3.xml
1063 ms. Memory: 1778176K Free: 263613K (15%)
----------------- Invoking toplevel() on ptolemy.moml.MoMLSimpleApplication@423053b2
----------------- Done invoking toplevel() on ptolemy.moml.MoMLSimpleApplication@423053b2
reloadAllAccessors: .URLDirectoryReader3

===========================================================================================
----------------- testing Fri Dec 07 02:56:45 UTC 2018 /home/travis/build/icyphy/ptII/ptolemy/actor/lib/test/auto/UnaryMathFunction.xml
----------------- Instantiating /home/travis/build/icyphy/ptII/ptolemy/actor/lib/test/auto/UnaryMathFunction.xml
2 ms. Memory: 1778176K Free: 248414K (14%)
----------------- Invoking toplevel() on ptolemy.moml.MoMLSimpleApplication@42d4573
----------------- Done invoking toplevel() on ptolemy.moml.MoMLSimpleApplication@42d4573
reloadAllAccessors: .UnaryMathFunction

===========================================================================================
----------------- testing Fri Dec 07 02:56:45 UTC 2018 /home/travis/build/icyphy/ptII/ptolemy/actor/lib/test/auto/Uniform.xml
----------------- Instantiating /home/travis/build/icyphy/ptII/ptolemy/actor/lib/test/auto/Uniform.xml
2 ms. Memory: 1778176K Free: 237328K (13%)
----------------- Invoking toplevel() on ptolemy.moml.MoMLSimpleApplication@4202ee7d
----------------- Done invoking toplevel() on ptolemy.moml.MoMLSimpleApplication@4202ee7d
reloadAllAccessors: .Uniform

===========================================================================================
----------------- testing Fri Dec 07 02:56:45 UTC 2018 /home/travis/build/icyphy/ptII/ptolemy/actor/lib/test/auto/UnionDisassemblerTest.xml
----------------- Instantiating /home/travis/build/icyphy/ptII/ptolemy/actor/lib/test/auto/UnionDisassemblerTest.xml
7 ms. Memory: 1778176K Free: 222129K (12%)
----------------- Invoking toplevel() on ptolemy.moml.MoMLSimpleApplication@4d1eabb8
----------------- Done invoking toplevel() on ptolemy.moml.MoMLSimpleApplication@4d1eabb8
reloadAllAccessors: .UnionDisassemblerTest

===========================================================================================
----------------- testing Fri Dec 07 02:56:45 UTC 2018 /home/travis/build/icyphy/ptII/ptolemy/actor/lib/test/auto/UtilityFunctions.xml
----------------- Instantiating /home/travis/build/icyphy/ptII/ptolemy/actor/lib/test/auto/UtilityFunctions.xml
2 ms. Memory: 1778176K Free: 206931K (12%)
----------------- Invoking toplevel() on ptolemy.moml.MoMLSimpleApplication@2c1228f7
----------------- Done invoking toplevel() on ptolemy.moml.MoMLSimpleApplication@2c1228f7
reloadAllAccessors: .UtilityFunctions

===========================================================================================
----------------- testing Fri Dec 07 02:56:45 UTC 2018 /home/travis/build/icyphy/ptII/ptolemy/actor/lib/test/auto/VariableSleep.xml
----------------- Instantiating /home/travis/build/icyphy/ptII/ptolemy/actor/lib/test/auto/VariableSleep.xml
503 ms. Memory: 1778176K Free: 195844K (11%)
----------------- Invoking toplevel() on ptolemy.moml.MoMLSimpleApplication@9ffe186
----------------- Done invoking toplevel() on ptolemy.moml.MoMLSimpleApplication@9ffe186
reloadAllAccessors: .VariableSleep

===========================================================================================
----------------- testing Fri Dec 07 02:56:46 UTC 2018 /home/travis/build/icyphy/ptII/ptolemy/actor/lib/test/auto/VectorAssemblerDisassemblerCT.xml
----------------- Instantiating /home/travis/build/icyphy/ptII/ptolemy/actor/lib/test/auto/VectorAssemblerDisassemblerCT.xml
70 ms. Memory: 1778176K Free: 158456K (9%)
----------------- Invoking toplevel() on ptolemy.moml.MoMLSimpleApplication@33459b92
----------------- Done invoking toplevel() on ptolemy.moml.MoMLSimpleApplication@33459b92
reloadAllAccessors: .VectorAssemblerDisassemblerCT

===========================================================================================
----------------- testing Fri Dec 07 02:56:46 UTC 2018 /home/travis/build/icyphy/ptII/ptolemy/actor/lib/test/auto/VectorAssemblerDisassemblerDE.xml
----------------- Instantiating /home/travis/build/icyphy/ptII/ptolemy/actor/lib/test/auto/VectorAssemblerDisassemblerDE.xml
2 ms. Memory: 1778176K Free: 143257K (8%)
----------------- Invoking toplevel() on ptolemy.moml.MoMLSimpleApplication@595af671
----------------- Done invoking toplevel() on ptolemy.moml.MoMLSimpleApplication@595af671
reloadAllAccessors: .VectorAssemblerDisassemblerDE

===========================================================================================
----------------- testing Fri Dec 07 02:56:46 UTC 2018 /home/travis/build/icyphy/ptII/ptolemy/actor/lib/test/auto/VectorAssemblerDisassemblerSDF.xml
----------------- Instantiating /home/travis/build/icyphy/ptII/ptolemy/actor/lib/test/auto/VectorAssemblerDisassemblerSDF.xml
3 ms. Memory: 1778176K Free: 132171K (7%)
----------------- Invoking toplevel() on ptolemy.moml.MoMLSimpleApplication@1cd8ce3d
----------------- Done invoking toplevel() on ptolemy.moml.MoMLSimpleApplication@1cd8ce3d
reloadAllAccessors: .VectorAssemblerDisassemblerSDF

===========================================================================================
----------------- testing Fri Dec 07 02:56:46 UTC 2018 /home/travis/build/icyphy/ptII/ptolemy/actor/lib/test/auto/WallClockTime.xml
----------------- Instantiating /home/travis/build/icyphy/ptII/ptolemy/actor/lib/test/auto/WallClockTime.xml
1004 ms. Memory: 1778176K Free: 116972K (7%)
----------------- Invoking toplevel() on ptolemy.moml.MoMLSimpleApplication@5a4ede2
----------------- Done invoking toplevel() on ptolemy.moml.MoMLSimpleApplication@5a4ede2
reloadAllAccessors: .WallClockTime

===========================================================================================
----------------- testing Fri Dec 07 02:56:47 UTC 2018 /home/travis/build/icyphy/ptII/ptolemy/actor/lib/test/auto/WidthTestWithSubscriberPublisher.xml
----------------- Instantiating /home/travis/build/icyphy/ptII/ptolemy/actor/lib/test/auto/WidthTestWithSubscriberPublisher.xml
6 ms. Memory: 1778176K Free: 94783K (5%)
----------------- Invoking toplevel() on ptolemy.moml.MoMLSimpleApplication@37f587ad
----------------- Done invoking toplevel() on ptolemy.moml.MoMLSimpleApplication@37f587ad
reloadAllAccessors: .WidthTestWithSubscriberPublisher

===========================================================================================
----------------- testing Fri Dec 07 02:56:47 UTC 2018 /home/travis/build/icyphy/ptII/ptolemy/actor/lib/test/auto/WidthTestWithSubscriberPublisher2.xml
----------------- Instantiating /home/travis/build/icyphy/ptII/ptolemy/actor/lib/test/auto/WidthTestWithSubscriberPublisher2.xml
2 ms. Memory: 1778176K Free: 79584K (4%)
----------------- Invoking toplevel() on ptolemy.moml.MoMLSimpleApplication@477cf1bc
----------------- Done invoking toplevel() on ptolemy.moml.MoMLSimpleApplication@477cf1bc
reloadAllAccessors: .WidthTestWithSubscriberPublisher2

===========================================================================================
----------------- testing Fri Dec 07 02:56:47 UTC 2018 /home/travis/build/icyphy/ptII/ptolemy/actor/lib/test/auto/WidthTestWithSubscriberPublisher3.xml
----------------- Instantiating /home/travis/build/icyphy/ptII/ptolemy/actor/lib/test/auto/WidthTestWithSubscriberPublisher3.xml
1 ms. Memory: 1781248K Free: 1717887K (96%)
----------------- Invoking toplevel() on ptolemy.moml.MoMLSimpleApplication@69e6211e
----------------- Done invoking toplevel() on ptolemy.moml.MoMLSimpleApplication@69e6211e
reloadAllAccessors: .WidthTestWithSubscriberPublisher3

===========================================================================================
----------------- testing Fri Dec 07 02:56:47 UTC 2018 /home/travis/build/icyphy/ptII/ptolemy/actor/lib/test/auto/Writer.xml
----------------- Instantiating /home/travis/build/icyphy/ptII/ptolemy/actor/lib/test/auto/Writer.xml
0
1
2
3
4
2 ms. Memory: 1781248K Free: 1700246K (95%)
----------------- Invoking toplevel() on ptolemy.moml.MoMLSimpleApplication@48830fcc
----------------- Done invoking toplevel() on ptolemy.moml.MoMLSimpleApplication@48830fcc
reloadAllAccessors: .Writer

===========================================================================================
----------------- testing Fri Dec 07 02:56:47 UTC 2018 /home/travis/build/icyphy/ptII/ptolemy/actor/lib/test/auto/array.xml
----------------- Instantiating /home/travis/build/icyphy/ptII/ptolemy/actor/lib/test/auto/array.xml
1 ms. Memory: 1781248K Free: 1682605K (94%)
----------------- Invoking toplevel() on ptolemy.moml.MoMLSimpleApplication@22cac3af
----------------- Done invoking toplevel() on ptolemy.moml.MoMLSimpleApplication@22cac3af
reloadAllAccessors: .array

===========================================================================================
----------------- testing Fri Dec 07 02:56:47 UTC 2018 /home/travis/build/icyphy/ptII/ptolemy/actor/lib/test/auto/array2.xml
----------------- Instantiating /home/travis/build/icyphy/ptII/ptolemy/actor/lib/test/auto/array2.xml
2 ms. Memory: 1781248K Free: 1669301K (94%)
----------------- Invoking toplevel() on ptolemy.moml.MoMLSimpleApplication@321813f2
----------------- Done invoking toplevel() on ptolemy.moml.MoMLSimpleApplication@321813f2
reloadAllAccessors: .array2

===========================================================================================
----------------- testing Fri Dec 07 02:56:47 UTC 2018 /home/travis/build/icyphy/ptII/ptolemy/actor/lib/test/auto/arrayType.xml
----------------- Instantiating /home/travis/build/icyphy/ptII/ptolemy/actor/lib/test/auto/arrayType.xml
3 ms. Memory: 1781248K Free: 1651660K (93%)
----------------- Invoking toplevel() on ptolemy.moml.MoMLSimpleApplication@53bd46ae
----------------- Done invoking toplevel() on ptolemy.moml.MoMLSimpleApplication@53bd46ae
reloadAllAccessors: .arrayType

===========================================================================================
----------------- testing Fri Dec 07 02:56:47 UTC 2018 /home/travis/build/icyphy/ptII/ptolemy/actor/lib/test/auto/arrayType10.xml
----------------- Instantiating /home/travis/build/icyphy/ptII/ptolemy/actor/lib/test/auto/arrayType10.xml
1 ms. Memory: 1781248K Free: 1634019K (92%)
----------------- Invoking toplevel() on ptolemy.moml.MoMLSimpleApplication@d29f91b
----------------- Done invoking toplevel() on ptolemy.moml.MoMLSimpleApplication@d29f91b
reloadAllAccessors: .arrayType10

===========================================================================================
----------------- testing Fri Dec 07 02:56:47 UTC 2018 /home/travis/build/icyphy/ptII/ptolemy/actor/lib/test/auto/arrayType11.xml
----------------- Instantiating /home/travis/build/icyphy/ptII/ptolemy/actor/lib/test/auto/arrayType11.xml
1 ms. Memory: 1781248K Free: 1620715K (91%)
----------------- Invoking toplevel() on ptolemy.moml.MoMLSimpleApplication@1a6a83fd
----------------- Done invoking toplevel() on ptolemy.moml.MoMLSimpleApplication@1a6a83fd
reloadAllAccessors: .arrayType11

===========================================================================================
----------------- testing Fri Dec 07 02:56:47 UTC 2018 /home/travis/build/icyphy/ptII/ptolemy/actor/lib/test/auto/arrayType12.xml
----------------- Instantiating /home/travis/build/icyphy/ptII/ptolemy/actor/lib/test/auto/arrayType12.xml
1 ms. Memory: 1781248K Free: 1603074K (90%)
----------------- Invoking toplevel() on ptolemy.moml.MoMLSimpleApplication@6982bab9
----------------- Done invoking toplevel() on ptolemy.moml.MoMLSimpleApplication@6982bab9
reloadAllAccessors: .arrayType12

===========================================================================================
----------------- testing Fri Dec 07 02:56:47 UTC 2018 /home/travis/build/icyphy/ptII/ptolemy/actor/lib/test/auto/arrayType13.xml
----------------- Instantiating /home/travis/build/icyphy/ptII/ptolemy/actor/lib/test/auto/arrayType13.xml
1 ms. Memory: 1781248K Free: 1589770K (89%)
----------------- Invoking toplevel() on ptolemy.moml.MoMLSimpleApplication@b3d1c94
----------------- Done invoking toplevel() on ptolemy.moml.MoMLSimpleApplication@b3d1c94
reloadAllAccessors: .arrayType13

===========================================================================================
----------------- testing Fri Dec 07 02:56:47 UTC 2018 /home/travis/build/icyphy/ptII/ptolemy/actor/lib/test/auto/arrayType14.xml
----------------- Instantiating /home/travis/build/icyphy/ptII/ptolemy/actor/lib/test/auto/arrayType14.xml
2 ms. Memory: 1781248K Free: 1572129K (88%)
----------------- Invoking toplevel() on ptolemy.moml.MoMLSimpleApplication@37f7912a
----------------- Done invoking toplevel() on ptolemy.moml.MoMLSimpleApplication@37f7912a
reloadAllAccessors: .arrayType14

===========================================================================================
----------------- testing Fri Dec 07 02:56:47 UTC 2018 /home/travis/build/icyphy/ptII/ptolemy/actor/lib/test/auto/arrayType15.xml
----------------- Instantiating /home/travis/build/icyphy/ptII/ptolemy/actor/lib/test/auto/arrayType15.xml
3 ms. Memory: 1781248K Free: 1554488K (87%)
----------------- Invoking toplevel() on ptolemy.moml.MoMLSimpleApplication@792ee066
----------------- Done invoking toplevel() on ptolemy.moml.MoMLSimpleApplication@792ee066
reloadAllAccessors: .arrayType15

===========================================================================================
----------------- testing Fri Dec 07 02:56:47 UTC 2018 /home/travis/build/icyphy/ptII/ptolemy/actor/lib/test/auto/arrayType16.xml
----------------- Instantiating /home/travis/build/icyphy/ptII/ptolemy/actor/lib/test/auto/arrayType16.xml
1 ms. Memory: 1781248K Free: 1541184K (87%)
----------------- Invoking toplevel() on ptolemy.moml.MoMLSimpleApplication@d70fdcc
----------------- Done invoking toplevel() on ptolemy.moml.MoMLSimpleApplication@d70fdcc
reloadAllAccessors: .arrayType16

===========================================================================================
----------------- testing Fri Dec 07 02:56:47 UTC 2018 /home/travis/build/icyphy/ptII/ptolemy/actor/lib/test/auto/arrayType17.xml
----------------- Instantiating /home/travis/build/icyphy/ptII/ptolemy/actor/lib/test/auto/arrayType17.xml
2 ms. Memory: 1781248K Free: 1523542K (86%)
----------------- Invoking toplevel() on ptolemy.moml.MoMLSimpleApplication@1d3d83a5
----------------- Done invoking toplevel() on ptolemy.moml.MoMLSimpleApplication@1d3d83a5
reloadAllAccessors: .arrayType17

===========================================================================================
----------------- testing Fri Dec 07 02:56:47 UTC 2018 /home/travis/build/icyphy/ptII/ptolemy/actor/lib/test/auto/arrayType18.xml
----------------- Instantiating /home/travis/build/icyphy/ptII/ptolemy/actor/lib/test/auto/arrayType18.xml
1 ms. Memory: 1781248K Free: 1510238K (85%)
----------------- Invoking toplevel() on ptolemy.moml.MoMLSimpleApplication@52b8501f
----------------- Done invoking toplevel() on ptolemy.moml.MoMLSimpleApplication@52b8501f
reloadAllAccessors: .arrayType18

===========================================================================================
----------------- testing Fri Dec 07 02:56:47 UTC 2018 /home/travis/build/icyphy/ptII/ptolemy/actor/lib/test/auto/arrayType19.xml
----------------- Instantiating /home/travis/build/icyphy/ptII/ptolemy/actor/lib/test/auto/arrayType19.xml
2 ms. Memory: 1781248K Free: 1492597K (84%)
----------------- Invoking toplevel() on ptolemy.moml.MoMLSimpleApplication@41193a9f
----------------- Done invoking toplevel() on ptolemy.moml.MoMLSimpleApplication@41193a9f
reloadAllAccessors: .arrayType19

===========================================================================================
----------------- testing Fri Dec 07 02:56:47 UTC 2018 /home/travis/build/icyphy/ptII/ptolemy/actor/lib/test/auto/arrayType2.xml
----------------- Instantiating /home/travis/build/icyphy/ptII/ptolemy/actor/lib/test/auto/arrayType2.xml
1 ms. Memory: 1781248K Free: 1474956K (83%)
----------------- Invoking toplevel() on ptolemy.moml.MoMLSimpleApplication@4f17b73c
----------------- Done invoking toplevel() on ptolemy.moml.MoMLSimpleApplication@4f17b73c
reloadAllAccessors: .arrayType2

===========================================================================================
----------------- testing Fri Dec 07 02:56:47 UTC 2018 /home/travis/build/icyphy/ptII/ptolemy/actor/lib/test/auto/arrayType20.xml
----------------- Instantiating /home/travis/build/icyphy/ptII/ptolemy/actor/lib/test/auto/arrayType20.xml
1 ms. Memory: 1781248K Free: 1461652K (82%)
----------------- Invoking toplevel() on ptolemy.moml.MoMLSimpleApplication@3575a5d3
----------------- Done invoking toplevel() on ptolemy.moml.MoMLSimpleApplication@3575a5d3
reloadAllAccessors: .arrayType20

===========================================================================================
----------------- testing Fri Dec 07 02:56:47 UTC 2018 /home/travis/build/icyphy/ptII/ptolemy/actor/lib/test/auto/arrayType21.xml
----------------- Instantiating /home/travis/build/icyphy/ptII/ptolemy/actor/lib/test/auto/arrayType21.xml
1 ms. Memory: 1781248K Free: 1444011K (81%)
----------------- Invoking toplevel() on ptolemy.moml.MoMLSimpleApplication@519dc603
----------------- Done invoking toplevel() on ptolemy.moml.MoMLSimpleApplication@519dc603
reloadAllAccessors: .arrayType21

===========================================================================================
----------------- testing Fri Dec 07 02:56:47 UTC 2018 /home/travis/build/icyphy/ptII/ptolemy/actor/lib/test/auto/arrayType22.xml
----------------- Instantiating /home/travis/build/icyphy/ptII/ptolemy/actor/lib/test/auto/arrayType22.xml
3 ms. Memory: 1781248K Free: 1426344K (80%)
----------------- Invoking toplevel() on ptolemy.moml.MoMLSimpleApplication@3115365
----------------- Done invoking toplevel() on ptolemy.moml.MoMLSimpleApplication@3115365
reloadAllAccessors: .arrayType22

===========================================================================================
----------------- testing Fri Dec 07 02:56:47 UTC 2018 /home/travis/build/icyphy/ptII/ptolemy/actor/lib/test/auto/arrayType23.xml
----------------- Instantiating /home/travis/build/icyphy/ptII/ptolemy/actor/lib/test/auto/arrayType23.xml
2 ms. Memory: 1781248K Free: 1413040K (79%)
----------------- Invoking toplevel() on ptolemy.moml.MoMLSimpleApplication@31f09844
----------------- Done invoking toplevel() on ptolemy.moml.MoMLSimpleApplication@31f09844
reloadAllAccessors: .arrayType23

===========================================================================================
----------------- testing Fri Dec 07 02:56:47 UTC 2018 /home/travis/build/icyphy/ptII/ptolemy/actor/lib/test/auto/arrayType24.xml
----------------- Instantiating /home/travis/build/icyphy/ptII/ptolemy/actor/lib/test/auto/arrayType24.xml
2 ms. Memory: 1781248K Free: 1395399K (78%)
----------------- Invoking toplevel() on ptolemy.moml.MoMLSimpleApplication@38b67061
----------------- Done invoking toplevel() on ptolemy.moml.MoMLSimpleApplication@38b67061
reloadAllAccessors: .arrayType24

===========================================================================================
----------------- testing Fri Dec 07 02:56:48 UTC 2018 /home/travis/build/icyphy/ptII/ptolemy/actor/lib/test/auto/arrayType25.xml
----------------- Instantiating /home/travis/build/icyphy/ptII/ptolemy/actor/lib/test/auto/arrayType25.xml
2 ms. Memory: 1781248K Free: 1382095K (78%)
----------------- Invoking toplevel() on ptolemy.moml.MoMLSimpleApplication@27b4186a
----------------- Done invoking toplevel() on ptolemy.moml.MoMLSimpleApplication@27b4186a
reloadAllAccessors: .arrayType25

===========================================================================================
----------------- testing Fri Dec 07 02:56:48 UTC 2018 /home/travis/build/icyphy/ptII/ptolemy/actor/lib/test/auto/arrayType26.xml
----------------- Instantiating /home/travis/build/icyphy/ptII/ptolemy/actor/lib/test/auto/arrayType26.xml
1 ms. Memory: 1781248K Free: 1364454K (77%)
----------------- Invoking toplevel() on ptolemy.moml.MoMLSimpleApplication@5d13fe41
----------------- Done invoking toplevel() on ptolemy.moml.MoMLSimpleApplication@5d13fe41
reloadAllAccessors: .arrayType26

===========================================================================================
----------------- testing Fri Dec 07 02:56:48 UTC 2018 /home/travis/build/icyphy/ptII/ptolemy/actor/lib/test/auto/arrayType27.xml
----------------- Instantiating /home/travis/build/icyphy/ptII/ptolemy/actor/lib/test/auto/arrayType27.xml
1 ms. Memory: 1781248K Free: 1346813K (76%)
----------------- Invoking toplevel() on ptolemy.moml.MoMLSimpleApplication@37f911b1
----------------- Done invoking toplevel() on ptolemy.moml.MoMLSimpleApplication@37f911b1
reloadAllAccessors: .arrayType27

===========================================================================================
----------------- testing Fri Dec 07 02:56:48 UTC 2018 /home/travis/build/icyphy/ptII/ptolemy/actor/lib/test/auto/arrayType28.xml
----------------- Instantiating /home/travis/build/icyphy/ptII/ptolemy/actor/lib/test/auto/arrayType28.xml
1 ms. Memory: 1781248K Free: 1333509K (75%)
----------------- Invoking toplevel() on ptolemy.moml.MoMLSimpleApplication@53e7567b
----------------- Done invoking toplevel() on ptolemy.moml.MoMLSimpleApplication@53e7567b
reloadAllAccessors: .arrayType28

===========================================================================================
----------------- testing Fri Dec 07 02:56:48 UTC 2018 /home/travis/build/icyphy/ptII/ptolemy/actor/lib/test/auto/arrayType3.xml
----------------- Instantiating /home/travis/build/icyphy/ptII/ptolemy/actor/lib/test/auto/arrayType3.xml
2 ms. Memory: 1781248K Free: 1315868K (74%)
----------------- Invoking toplevel() on ptolemy.moml.MoMLSimpleApplication@4e749624
----------------- Done invoking toplevel() on ptolemy.moml.MoMLSimpleApplication@4e749624
reloadAllAccessors: .arrayType3

===========================================================================================
----------------- testing Fri Dec 07 02:56:48 UTC 2018 /home/travis/build/icyphy/ptII/ptolemy/actor/lib/test/auto/arrayType4.xml
----------------- Instantiating /home/travis/build/icyphy/ptII/ptolemy/actor/lib/test/auto/arrayType4.xml
1 ms. Memory: 1781248K Free: 1302564K (73%)
----------------- Invoking toplevel() on ptolemy.moml.MoMLSimpleApplication@ea4fa8
----------------- Done invoking toplevel() on ptolemy.moml.MoMLSimpleApplication@ea4fa8
reloadAllAccessors: .arrayType4

===========================================================================================
----------------- testing Fri Dec 07 02:56:48 UTC 2018 /home/travis/build/icyphy/ptII/ptolemy/actor/lib/test/auto/arrayType5.xml
----------------- Instantiating /home/travis/build/icyphy/ptII/ptolemy/actor/lib/test/auto/arrayType5.xml
1 ms. Memory: 1781248K Free: 1284923K (72%)
----------------- Invoking toplevel() on ptolemy.moml.MoMLSimpleApplication@f741cc
----------------- Done invoking toplevel() on ptolemy.moml.MoMLSimpleApplication@f741cc
reloadAllAccessors: .arrayType5

===========================================================================================
----------------- testing Fri Dec 07 02:56:48 UTC 2018 /home/travis/build/icyphy/ptII/ptolemy/actor/lib/test/auto/arrayType6.xml
----------------- Instantiating /home/travis/build/icyphy/ptII/ptolemy/actor/lib/test/auto/arrayType6.xml
1 ms. Memory: 1781248K Free: 1267282K (71%)
----------------- Invoking toplevel() on ptolemy.moml.MoMLSimpleApplication@5ed4857f
----------------- Done invoking toplevel() on ptolemy.moml.MoMLSimpleApplication@5ed4857f
reloadAllAccessors: .arrayType6

===========================================================================================
----------------- testing Fri Dec 07 02:56:48 UTC 2018 /home/travis/build/icyphy/ptII/ptolemy/actor/lib/test/auto/arrayType7.xml
----------------- Instantiating /home/travis/build/icyphy/ptII/ptolemy/actor/lib/test/auto/arrayType7.xml
1 ms. Memory: 1781248K Free: 1253978K (70%)
----------------- Invoking toplevel() on ptolemy.moml.MoMLSimpleApplication@147ddcba
----------------- Done invoking toplevel() on ptolemy.moml.MoMLSimpleApplication@147ddcba
reloadAllAccessors: .arrayType7

===========================================================================================
----------------- testing Fri Dec 07 02:56:48 UTC 2018 /home/travis/build/icyphy/ptII/ptolemy/actor/lib/test/auto/arrayType8.xml
----------------- Instantiating /home/travis/build/icyphy/ptII/ptolemy/actor/lib/test/auto/arrayType8.xml
1 ms. Memory: 1781248K Free: 1236337K (69%)
----------------- Invoking toplevel() on ptolemy.moml.MoMLSimpleApplication@74f650b
----------------- Done invoking toplevel() on ptolemy.moml.MoMLSimpleApplication@74f650b
reloadAllAccessors: .arrayType8

===========================================================================================
----------------- testing Fri Dec 07 02:56:48 UTC 2018 /home/travis/build/icyphy/ptII/ptolemy/actor/lib/test/auto/arrayType9.xml
----------------- Instantiating /home/travis/build/icyphy/ptII/ptolemy/actor/lib/test/auto/arrayType9.xml
2 ms. Memory: 1781248K Free: 1218696K (68%)
----------------- Invoking toplevel() on ptolemy.moml.MoMLSimpleApplication@6dea30aa
----------------- Done invoking toplevel() on ptolemy.moml.MoMLSimpleApplication@6dea30aa
reloadAllAccessors: .arrayType9

===========================================================================================
----------------- testing Fri Dec 07 02:56:48 UTC 2018 /home/travis/build/icyphy/ptII/ptolemy/actor/lib/test/auto/cast.xml
----------------- Instantiating /home/travis/build/icyphy/ptII/ptolemy/actor/lib/test/auto/cast.xml
6 ms. Memory: 1781248K Free: 1205392K (68%)
----------------- Invoking toplevel() on ptolemy.moml.MoMLSimpleApplication@44707596
----------------- Done invoking toplevel() on ptolemy.moml.MoMLSimpleApplication@44707596
reloadAllAccessors: .cast

===========================================================================================
----------------- testing Fri Dec 07 02:56:48 UTC 2018 /home/travis/build/icyphy/ptII/ptolemy/actor/lib/test/auto/compositeMultiPort.xml
----------------- Instantiating /home/travis/build/icyphy/ptII/ptolemy/actor/lib/test/auto/compositeMultiPort.xml
3 ms. Memory: 1781248K Free: 1187751K (67%)
----------------- Invoking toplevel() on ptolemy.moml.MoMLSimpleApplication@3df6da1f
----------------- Done invoking toplevel() on ptolemy.moml.MoMLSimpleApplication@3df6da1f
reloadAllAccessors: .compositeMultiPort

===========================================================================================
----------------- testing Fri Dec 07 02:56:48 UTC 2018 /home/travis/build/icyphy/ptII/ptolemy/actor/lib/test/auto/expressionCastInference.xml
----------------- Instantiating /home/travis/build/icyphy/ptII/ptolemy/actor/lib/test/auto/expressionCastInference.xml
2 ms. Memory: 1781248K Free: 1174447K (66%)
----------------- Invoking toplevel() on ptolemy.moml.MoMLSimpleApplication@67622c6
----------------- Done invoking toplevel() on ptolemy.moml.MoMLSimpleApplication@67622c6
reloadAllAccessors: .expressionCastInference

===========================================================================================
----------------- testing Fri Dec 07 02:56:48 UTC 2018 /home/travis/build/icyphy/ptII/ptolemy/actor/lib/test/auto/expressionCastInference2.xml
----------------- Instantiating /home/travis/build/icyphy/ptII/ptolemy/actor/lib/test/auto/expressionCastInference2.xml
1 ms. Memory: 1781248K Free: 1156806K (65%)
----------------- Invoking toplevel() on ptolemy.moml.MoMLSimpleApplication@4e808db8
----------------- Done invoking toplevel() on ptolemy.moml.MoMLSimpleApplication@4e808db8
reloadAllAccessors: .expressionCastInference2

===========================================================================================
----------------- testing Fri Dec 07 02:56:48 UTC 2018 /home/travis/build/icyphy/ptII/ptolemy/actor/lib/test/auto/expressionInference.xml
----------------- Instantiating /home/travis/build/icyphy/ptII/ptolemy/actor/lib/test/auto/expressionInference.xml
0 ms. Memory: 1781248K Free: 1139165K (64%)
----------------- Invoking toplevel() on ptolemy.moml.MoMLSimpleApplication@2cfd85d5
----------------- Done invoking toplevel() on ptolemy.moml.MoMLSimpleApplication@2cfd85d5
reloadAllAccessors: .expressionInference

===========================================================================================
----------------- testing Fri Dec 07 02:56:48 UTC 2018 /home/travis/build/icyphy/ptII/ptolemy/actor/lib/test/auto/expression_bug.xml
----------------- Instantiating /home/travis/build/icyphy/ptII/ptolemy/actor/lib/test/auto/expression_bug.xml
1 ms. Memory: 1781248K Free: 1125861K (63%)
----------------- Invoking toplevel() on ptolemy.moml.MoMLSimpleApplication@3298de53
----------------- Done invoking toplevel() on ptolemy.moml.MoMLSimpleApplication@3298de53
reloadAllAccessors: .expression_bug

===========================================================================================
----------------- testing Fri Dec 07 02:56:48 UTC 2018 /home/travis/build/icyphy/ptII/ptolemy/actor/lib/test/auto/factorial.xml
----------------- Instantiating /home/travis/build/icyphy/ptII/ptolemy/actor/lib/test/auto/factorial.xml
32 ms. Memory: 1781248K Free: 1108220K (62%)
----------------- Invoking toplevel() on ptolemy.moml.MoMLSimpleApplication@414dfcbc
----------------- Done invoking toplevel() on ptolemy.moml.MoMLSimpleApplication@414dfcbc
reloadAllAccessors: .factorial

===========================================================================================
----------------- testing Fri Dec 07 02:56:48 UTC 2018 /home/travis/build/icyphy/ptII/ptolemy/actor/lib/test/auto/filterTest1.xml
----------------- Instantiating /home/travis/build/icyphy/ptII/ptolemy/actor/lib/test/auto/filterTest1.xml
3 ms. Memory: 1781248K Free: 1094916K (61%)
----------------- Invoking toplevel() on ptolemy.moml.MoMLSimpleApplication@61d34675
----------------- Done invoking toplevel() on ptolemy.moml.MoMLSimpleApplication@61d34675
reloadAllAccessors: .filterTest1

===========================================================================================
----------------- testing Fri Dec 07 02:56:48 UTC 2018 /home/travis/build/icyphy/ptII/ptolemy/actor/lib/test/auto/funcApplyInConst.xml
----------------- Instantiating /home/travis/build/icyphy/ptII/ptolemy/actor/lib/test/auto/funcApplyInConst.xml
1 ms. Memory: 1781248K Free: 1077275K (60%)
----------------- Invoking toplevel() on ptolemy.moml.MoMLSimpleApplication@37b2eed4
----------------- Done invoking toplevel() on ptolemy.moml.MoMLSimpleApplication@37b2eed4
reloadAllAccessors: .funcApplyInConst

===========================================================================================
----------------- testing Fri Dec 07 02:56:48 UTC 2018 /home/travis/build/icyphy/ptII/ptolemy/actor/lib/test/auto/funcApplyInExpr.xml
----------------- Instantiating /home/travis/build/icyphy/ptII/ptolemy/actor/lib/test/auto/funcApplyInExpr.xml
1 ms. Memory: 1781248K Free: 1059634K (59%)
----------------- Invoking toplevel() on ptolemy.moml.MoMLSimpleApplication@440f464a
----------------- Done invoking toplevel() on ptolemy.moml.MoMLSimpleApplication@440f464a
reloadAllAccessors: .funcApplyInExpr

===========================================================================================
----------------- testing Fri Dec 07 02:56:48 UTC 2018 /home/travis/build/icyphy/ptII/ptolemy/actor/lib/test/auto/function.xml
----------------- Instantiating /home/travis/build/icyphy/ptII/ptolemy/actor/lib/test/auto/function.xml
1 ms. Memory: 1781248K Free: 1046330K (59%)
----------------- Invoking toplevel() on ptolemy.moml.MoMLSimpleApplication@78c7d3af
----------------- Done invoking toplevel() on ptolemy.moml.MoMLSimpleApplication@78c7d3af
reloadAllAccessors: .function

===========================================================================================
----------------- testing Fri Dec 07 02:56:48 UTC 2018 /home/travis/build/icyphy/ptII/ptolemy/actor/lib/test/auto/function2.xml
----------------- Instantiating /home/travis/build/icyphy/ptII/ptolemy/actor/lib/test/auto/function2.xml
1 ms. Memory: 1781248K Free: 1028689K (58%)
----------------- Invoking toplevel() on ptolemy.moml.MoMLSimpleApplication@2e01e6bc
----------------- Done invoking toplevel() on ptolemy.moml.MoMLSimpleApplication@2e01e6bc
reloadAllAccessors: .function2

===========================================================================================
----------------- testing Fri Dec 07 02:56:48 UTC 2018 /home/travis/build/icyphy/ptII/ptolemy/actor/lib/test/auto/function3.xml
----------------- Instantiating /home/travis/build/icyphy/ptII/ptolemy/actor/lib/test/auto/function3.xml
1 ms. Memory: 1781248K Free: 1011048K (57%)
----------------- Invoking toplevel() on ptolemy.moml.MoMLSimpleApplication@135cf3f6
----------------- Done invoking toplevel() on ptolemy.moml.MoMLSimpleApplication@135cf3f6
reloadAllAccessors: .function3

===========================================================================================
----------------- testing Fri Dec 07 02:56:48 UTC 2018 /home/travis/build/icyphy/ptII/ptolemy/actor/lib/test/auto/functionClosureTest1.xml
----------------- Instantiating /home/travis/build/icyphy/ptII/ptolemy/actor/lib/test/auto/functionClosureTest1.xml
1 ms. Memory: 1781248K Free: 997744K (56%)
----------------- Invoking toplevel() on ptolemy.moml.MoMLSimpleApplication@4648359b
----------------- Done invoking toplevel() on ptolemy.moml.MoMLSimpleApplication@4648359b
reloadAllAccessors: .functionClosureTest1

===========================================================================================
----------------- testing Fri Dec 07 02:56:48 UTC 2018 /home/travis/build/icyphy/ptII/ptolemy/actor/lib/test/auto/functionClosureTest2.xml
----------------- Instantiating /home/travis/build/icyphy/ptII/ptolemy/actor/lib/test/auto/functionClosureTest2.xml
1 ms. Memory: 1781248K Free: 980103K (55%)
----------------- Invoking toplevel() on ptolemy.moml.MoMLSimpleApplication@74fee8e2
----------------- Done invoking toplevel() on ptolemy.moml.MoMLSimpleApplication@74fee8e2
reloadAllAccessors: .functionClosureTest2

===========================================================================================
----------------- testing Fri Dec 07 02:56:48 UTC 2018 /home/travis/build/icyphy/ptII/ptolemy/actor/lib/test/auto/functionClosureTest3.xml
----------------- Instantiating /home/travis/build/icyphy/ptII/ptolemy/actor/lib/test/auto/functionClosureTest3.xml
1 ms. Memory: 1781248K Free: 966799K (54%)
----------------- Invoking toplevel() on ptolemy.moml.MoMLSimpleApplication@7ef9c864
----------------- Done invoking toplevel() on ptolemy.moml.MoMLSimpleApplication@7ef9c864
reloadAllAccessors: .functionClosureTest3

===========================================================================================
----------------- testing Fri Dec 07 02:56:48 UTC 2018 /home/travis/build/icyphy/ptII/ptolemy/actor/lib/test/auto/functionClosureTest4.xml
----------------- Instantiating /home/travis/build/icyphy/ptII/ptolemy/actor/lib/test/auto/functionClosureTest4.xml
2 ms. Memory: 1781248K Free: 949158K (53%)
----------------- Invoking toplevel() on ptolemy.moml.MoMLSimpleApplication@5da82218
----------------- Done invoking toplevel() on ptolemy.moml.MoMLSimpleApplication@5da82218
reloadAllAccessors: .functionClosureTest4

===========================================================================================
----------------- testing Fri Dec 07 02:56:48 UTC 2018 /home/travis/build/icyphy/ptII/ptolemy/actor/lib/test/auto/functionClosureTest5.xml
----------------- Instantiating /home/travis/build/icyphy/ptII/ptolemy/actor/lib/test/auto/functionClosureTest5.xml
3 ms. Memory: 1781248K Free: 931517K (52%)
----------------- Invoking toplevel() on ptolemy.moml.MoMLSimpleApplication@2392f351
----------------- Done invoking toplevel() on ptolemy.moml.MoMLSimpleApplication@2392f351
reloadAllAccessors: .functionClosureTest5

===========================================================================================
----------------- testing Fri Dec 07 02:56:48 UTC 2018 /home/travis/build/icyphy/ptII/ptolemy/actor/lib/test/auto/functionClosureTest6.xml
----------------- Instantiating /home/travis/build/icyphy/ptII/ptolemy/actor/lib/test/auto/functionClosureTest6.xml
2 ms. Memory: 1781248K Free: 918213K (52%)
----------------- Invoking toplevel() on ptolemy.moml.MoMLSimpleApplication@241dbf41
----------------- Done invoking toplevel() on ptolemy.moml.MoMLSimpleApplication@241dbf41
reloadAllAccessors: .functionClosureTest6

===========================================================================================
----------------- testing Fri Dec 07 02:56:48 UTC 2018 /home/travis/build/icyphy/ptII/ptolemy/actor/lib/test/auto/functionsOnArcs.xml
----------------- Instantiating /home/travis/build/icyphy/ptII/ptolemy/actor/lib/test/auto/functionsOnArcs.xml
1 ms. Memory: 1781248K Free: 900572K (51%)
----------------- Invoking toplevel() on ptolemy.moml.MoMLSimpleApplication@1d5f28d0
----------------- Done invoking toplevel() on ptolemy.moml.MoMLSimpleApplication@1d5f28d0
reloadAllAccessors: .functionsOnArcs

===========================================================================================
----------------- testing Fri Dec 07 02:56:48 UTC 2018 /home/travis/build/icyphy/ptII/ptolemy/actor/lib/test/auto/functionsOnArcsHOF.xml
----------------- Instantiating /home/travis/build/icyphy/ptII/ptolemy/actor/lib/test/auto/functionsOnArcsHOF.xml
1 ms. Memory: 1781248K Free: 882931K (50%)
----------------- Invoking toplevel() on ptolemy.moml.MoMLSimpleApplication@4b5ad98f
----------------- Done invoking toplevel() on ptolemy.moml.MoMLSimpleApplication@4b5ad98f
reloadAllAccessors: .functionsOnArcsHOF

===========================================================================================
----------------- testing Fri Dec 07 02:56:48 UTC 2018 /home/travis/build/icyphy/ptII/ptolemy/actor/lib/test/auto/logic.xml
----------------- Instantiating /home/travis/build/icyphy/ptII/ptolemy/actor/lib/test/auto/logic.xml
1 ms. Memory: 1781248K Free: 869627K (49%)
----------------- Invoking toplevel() on ptolemy.moml.MoMLSimpleApplication@4c308bd1
----------------- Done invoking toplevel() on ptolemy.moml.MoMLSimpleApplication@4c308bd1
reloadAllAccessors: .logic

===========================================================================================
----------------- testing Fri Dec 07 02:56:48 UTC 2018 /home/travis/build/icyphy/ptII/ptolemy/actor/lib/test/auto/matrixType.xml
----------------- Instantiating /home/travis/build/icyphy/ptII/ptolemy/actor/lib/test/auto/matrixType.xml
1 ms. Memory: 1781248K Free: 851986K (48%)
----------------- Invoking toplevel() on ptolemy.moml.MoMLSimpleApplication@29831be
----------------- Done invoking toplevel() on ptolemy.moml.MoMLSimpleApplication@29831be
reloadAllAccessors: .matrixType

===========================================================================================
----------------- testing Fri Dec 07 02:56:48 UTC 2018 /home/travis/build/icyphy/ptII/ptolemy/actor/lib/test/auto/matrixType10.xml
----------------- Instantiating /home/travis/build/icyphy/ptII/ptolemy/actor/lib/test/auto/matrixType10.xml
1 ms. Memory: 1781248K Free: 838682K (47%)
----------------- Invoking toplevel() on ptolemy.moml.MoMLSimpleApplication@35d8f7d8
----------------- Done invoking toplevel() on ptolemy.moml.MoMLSimpleApplication@35d8f7d8
reloadAllAccessors: .matrixType10

===========================================================================================
----------------- testing Fri Dec 07 02:56:48 UTC 2018 /home/travis/build/icyphy/ptII/ptolemy/actor/lib/test/auto/matrixType11.xml
----------------- Instantiating /home/travis/build/icyphy/ptII/ptolemy/actor/lib/test/auto/matrixType11.xml
1 ms. Memory: 1781248K Free: 821041K (46%)
----------------- Invoking toplevel() on ptolemy.moml.MoMLSimpleApplication@3b6e8c5e
----------------- Done invoking toplevel() on ptolemy.moml.MoMLSimpleApplication@3b6e8c5e
reloadAllAccessors: .matrixType11

===========================================================================================
----------------- testing Fri Dec 07 02:56:48 UTC 2018 /home/travis/build/icyphy/ptII/ptolemy/actor/lib/test/auto/matrixType12.xml
----------------- Instantiating /home/travis/build/icyphy/ptII/ptolemy/actor/lib/test/auto/matrixType12.xml
1 ms. Memory: 1781248K Free: 803399K (45%)
----------------- Invoking toplevel() on ptolemy.moml.MoMLSimpleApplication@63cee197
----------------- Done invoking toplevel() on ptolemy.moml.MoMLSimpleApplication@63cee197
reloadAllAccessors: .matrixType12

===========================================================================================
----------------- testing Fri Dec 07 02:56:48 UTC 2018 /home/travis/build/icyphy/ptII/ptolemy/actor/lib/test/auto/matrixType13.xml
----------------- Instantiating /home/travis/build/icyphy/ptII/ptolemy/actor/lib/test/auto/matrixType13.xml
1 ms. Memory: 1781248K Free: 790095K (44%)
----------------- Invoking toplevel() on ptolemy.moml.MoMLSimpleApplication@6b05dfd4
----------------- Done invoking toplevel() on ptolemy.moml.MoMLSimpleApplication@6b05dfd4
reloadAllAccessors: .matrixType13

===========================================================================================
----------------- testing Fri Dec 07 02:56:48 UTC 2018 /home/travis/build/icyphy/ptII/ptolemy/actor/lib/test/auto/matrixType14.xml
----------------- Instantiating /home/travis/build/icyphy/ptII/ptolemy/actor/lib/test/auto/matrixType14.xml
1 ms. Memory: 1781248K Free: 772454K (43%)
----------------- Invoking toplevel() on ptolemy.moml.MoMLSimpleApplication@6e3a1c1d
----------------- Done invoking toplevel() on ptolemy.moml.MoMLSimpleApplication@6e3a1c1d
reloadAllAccessors: .matrixType14

===========================================================================================
----------------- testing Fri Dec 07 02:56:48 UTC 2018 /home/travis/build/icyphy/ptII/ptolemy/actor/lib/test/auto/matrixType2.xml
----------------- Instantiating /home/travis/build/icyphy/ptII/ptolemy/actor/lib/test/auto/matrixType2.xml
1 ms. Memory: 1781248K Free: 754813K (42%)
----------------- Invoking toplevel() on ptolemy.moml.MoMLSimpleApplication@42e85128
----------------- Done invoking toplevel() on ptolemy.moml.MoMLSimpleApplication@42e85128
reloadAllAccessors: .matrixType2

===========================================================================================
----------------- testing Fri Dec 07 02:56:48 UTC 2018 /home/travis/build/icyphy/ptII/ptolemy/actor/lib/test/auto/matrixType3.xml
----------------- Instantiating /home/travis/build/icyphy/ptII/ptolemy/actor/lib/test/auto/matrixType3.xml
1 ms. Memory: 1781248K Free: 741509K (42%)
----------------- Invoking toplevel() on ptolemy.moml.MoMLSimpleApplication@74d07f08
----------------- Done invoking toplevel() on ptolemy.moml.MoMLSimpleApplication@74d07f08
reloadAllAccessors: .matrixType3

===========================================================================================
----------------- testing Fri Dec 07 02:56:48 UTC 2018 /home/travis/build/icyphy/ptII/ptolemy/actor/lib/test/auto/matrixType4.xml
----------------- Instantiating /home/travis/build/icyphy/ptII/ptolemy/actor/lib/test/auto/matrixType4.xml
1 ms. Memory: 1781248K Free: 723868K (41%)
----------------- Invoking toplevel() on ptolemy.moml.MoMLSimpleApplication@5fe8f174
----------------- Done invoking toplevel() on ptolemy.moml.MoMLSimpleApplication@5fe8f174
reloadAllAccessors: .matrixType4

===========================================================================================
----------------- testing Fri Dec 07 02:56:48 UTC 2018 /home/travis/build/icyphy/ptII/ptolemy/actor/lib/test/auto/matrixType5.xml
----------------- Instantiating /home/travis/build/icyphy/ptII/ptolemy/actor/lib/test/auto/matrixType5.xml
1 ms. Memory: 1781248K Free: 710564K (40%)
----------------- Invoking toplevel() on ptolemy.moml.MoMLSimpleApplication@2ac54fba
----------------- Done invoking toplevel() on ptolemy.moml.MoMLSimpleApplication@2ac54fba
reloadAllAccessors: .matrixType5

===========================================================================================
----------------- testing Fri Dec 07 02:56:48 UTC 2018 /home/travis/build/icyphy/ptII/ptolemy/actor/lib/test/auto/matrixType6.xml
----------------- Instantiating /home/travis/build/icyphy/ptII/ptolemy/actor/lib/test/auto/matrixType6.xml
2 ms. Memory: 1781248K Free: 692923K (39%)
----------------- Invoking toplevel() on ptolemy.moml.MoMLSimpleApplication@4cf26ed8
----------------- Done invoking toplevel() on ptolemy.moml.MoMLSimpleApplication@4cf26ed8
reloadAllAccessors: .matrixType6

===========================================================================================
----------------- testing Fri Dec 07 02:56:48 UTC 2018 /home/travis/build/icyphy/ptII/ptolemy/actor/lib/test/auto/matrixType7.xml
----------------- Instantiating /home/travis/build/icyphy/ptII/ptolemy/actor/lib/test/auto/matrixType7.xml
1 ms. Memory: 1781248K Free: 675282K (38%)
----------------- Invoking toplevel() on ptolemy.moml.MoMLSimpleApplication@395db308
----------------- Done invoking toplevel() on ptolemy.moml.MoMLSimpleApplication@395db308
reloadAllAccessors: .matrixType7

===========================================================================================
----------------- testing Fri Dec 07 02:56:48 UTC 2018 /home/travis/build/icyphy/ptII/ptolemy/actor/lib/test/auto/matrixType8.xml
----------------- Instantiating /home/travis/build/icyphy/ptII/ptolemy/actor/lib/test/auto/matrixType8.xml
1 ms. Memory: 1781248K Free: 661978K (37%)
----------------- Invoking toplevel() on ptolemy.moml.MoMLSimpleApplication@728df56e
----------------- Done invoking toplevel() on ptolemy.moml.MoMLSimpleApplication@728df56e
reloadAllAccessors: .matrixType8

===========================================================================================
----------------- testing Fri Dec 07 02:56:48 UTC 2018 /home/travis/build/icyphy/ptII/ptolemy/actor/lib/test/auto/matrixType9.xml
----------------- Instantiating /home/travis/build/icyphy/ptII/ptolemy/actor/lib/test/auto/matrixType9.xml
1 ms. Memory: 1781248K Free: 644337K (36%)
----------------- Invoking toplevel() on ptolemy.moml.MoMLSimpleApplication@4819ae6f
----------------- Done invoking toplevel() on ptolemy.moml.MoMLSimpleApplication@4819ae6f
reloadAllAccessors: .matrixType9

===========================================================================================
----------------- testing Fri Dec 07 02:56:48 UTC 2018 /home/travis/build/icyphy/ptII/ptolemy/actor/lib/test/auto/paraFunctest.xml
----------------- Instantiating /home/travis/build/icyphy/ptII/ptolemy/actor/lib/test/auto/paraFunctest.xml
1 ms. Memory: 1781248K Free: 626695K (35%)
----------------- Invoking toplevel() on ptolemy.moml.MoMLSimpleApplication@671e91a3
----------------- Done invoking toplevel() on ptolemy.moml.MoMLSimpleApplication@671e91a3
reloadAllAccessors: .paraFunctest

===========================================================================================
----------------- testing Fri Dec 07 02:56:48 UTC 2018 /home/travis/build/icyphy/ptII/ptolemy/actor/lib/test/auto/paraFunctest2.xml
----------------- Instantiating /home/travis/build/icyphy/ptII/ptolemy/actor/lib/test/auto/paraFunctest2.xml
1 ms. Memory: 1781248K Free: 613392K (34%)
----------------- Invoking toplevel() on ptolemy.moml.MoMLSimpleApplication@2ffdca90
----------------- Done invoking toplevel() on ptolemy.moml.MoMLSimpleApplication@2ffdca90
reloadAllAccessors: .paraFunctest2

===========================================================================================
----------------- testing Fri Dec 07 02:56:48 UTC 2018 /home/travis/build/icyphy/ptII/ptolemy/actor/lib/test/auto/parameterPassing.xml
----------------- Instantiating /home/travis/build/icyphy/ptII/ptolemy/actor/lib/test/auto/parameterPassing.xml
1 ms. Memory: 1781248K Free: 595751K (33%)
----------------- Invoking toplevel() on ptolemy.moml.MoMLSimpleApplication@cde30a9
----------------- Done invoking toplevel() on ptolemy.moml.MoMLSimpleApplication@cde30a9
reloadAllAccessors: .parameterPassing

===========================================================================================
----------------- testing Fri Dec 07 02:56:48 UTC 2018 /home/travis/build/icyphy/ptII/ptolemy/actor/lib/test/auto/record.xml
----------------- Instantiating /home/travis/build/icyphy/ptII/ptolemy/actor/lib/test/auto/record.xml
1 ms. Memory: 1781248K Free: 578109K (32%)
----------------- Invoking toplevel() on ptolemy.moml.MoMLSimpleApplication@101f397f
----------------- Done invoking toplevel() on ptolemy.moml.MoMLSimpleApplication@101f397f
reloadAllAccessors: .record

===========================================================================================
----------------- testing Fri Dec 07 02:56:48 UTC 2018 /home/travis/build/icyphy/ptII/ptolemy/actor/lib/test/auto/sizedarray1.xml
----------------- Instantiating /home/travis/build/icyphy/ptII/ptolemy/actor/lib/test/auto/sizedarray1.xml
1 ms. Memory: 1781248K Free: 564806K (32%)
----------------- Invoking toplevel() on ptolemy.moml.MoMLSimpleApplication@6ea51f55
----------------- Done invoking toplevel() on ptolemy.moml.MoMLSimpleApplication@6ea51f55
reloadAllAccessors: .sizedarray1

===========================================================================================
----------------- testing Fri Dec 07 02:56:48 UTC 2018 /home/travis/build/icyphy/ptII/ptolemy/actor/lib/test/auto/sizedarray2.xml
----------------- Instantiating /home/travis/build/icyphy/ptII/ptolemy/actor/lib/test/auto/sizedarray2.xml
1 ms. Memory: 1781248K Free: 547164K (31%)
----------------- Invoking toplevel() on ptolemy.moml.MoMLSimpleApplication@4247f265
----------------- Done invoking toplevel() on ptolemy.moml.MoMLSimpleApplication@4247f265
reloadAllAccessors: .sizedarray2

===========================================================================================
----------------- testing Fri Dec 07 02:56:48 UTC 2018 /home/travis/build/icyphy/ptII/ptolemy/actor/lib/test/auto/twoPublishers.xml
----------------- Instantiating /home/travis/build/icyphy/ptII/ptolemy/actor/lib/test/auto/twoPublishers.xml
2 ms. Memory: 1781248K Free: 527193K (30%)
----------------- Invoking toplevel() on ptolemy.moml.MoMLSimpleApplication@697f0805
----------------- Done invoking toplevel() on ptolemy.moml.MoMLSimpleApplication@697f0805
reloadAllAccessors: .twoPublishers
AutoTests.java: About to close Vertx.
AutoTests.java: Vertx closed.
]]></system-out>
  <system-err><![CDATA[java.lang.RuntimeException: Execution failed
	at ptolemy.moml.MoMLSimpleApplication$UnloadThread.run(MoMLSimpleApplication.java:402)
Caused by: java.lang.RuntimeException: Normally, we would exit here because Manager.exitAfterWrapup() was called.  However, because the ptolemy.ptII.exitAfterWrapup property is set, we throw this exception instead.
	at ptolemy.util.StringUtilities.exit(StringUtilities.java:363)
	at ptolemy.actor.Manager.wrapup(Manager.java:1531)
	at ptolemy.actor.Manager.execute(Manager.java:407)
	at ptolemy.actor.Manager.run(Manager.java:1263)
	at ptolemy.actor.Manager$PtolemyRunThread.run(Manager.java:1915)
Warning: '.top.test' is in training mode, set the trainingMode parameter to false before checking in
Warning: '.top.test' is in training mode, set the trainingMode parameter to false before checking in
Warning: '.top.test' is in training mode, set the trainingMode parameter to false before checking in
Warning: '.BooleanSwitch_RegressionTest_WrongTrainingValues.Test' is in training mode, set the trainingMode parameter to false before checking in
Warning: '.BooleanSwitch_RegressionTest_WrongTrainingValues.Test2' is in training mode, set the trainingMode parameter to false before checking in
Warning: '.BooleanSwitch_RegressionTest_WrongTrainingValues.Test2' The test produced 0 tokens.
Warning: '.top.testExceptionHandler' is in training mode, set the trainingMode parameter to false before checking in
java.lang.RuntimeException: Execution failed
	at ptolemy.moml.MoMLSimpleApplication$UnloadThread.run(MoMLSimpleApplication.java:402)
Caused by: ptolemy.kernel.util.IllegalActionException: PublisherPorts cannot be used at the top level, use a Publisher actor instead.
  in .PublisherPortToplevelSubscriber.PublisherPort
	at ptolemy.actor.PublisherPort.preinitialize(PublisherPort.java:403)
	at ptolemy.actor.CompositeActor.preinitialize(CompositeActor.java:1769)
	at ptolemy.actor.Manager.preinitializeAndResolveTypes(Manager.java:1040)
	at ptolemy.actor.Manager.initialize(Manager.java:710)
	at ptolemy.actor.Manager.execute(Manager.java:356)
	at ptolemy.actor.Manager.run(Manager.java:1263)
	at ptolemy.actor.Manager$PtolemyRunThread.run(Manager.java:1915)
java.lang.reflect.InvocationTargetException
	at sun.reflect.NativeConstructorAccessorImpl.newInstance0(Native Method)
	at sun.reflect.NativeConstructorAccessorImpl.newInstance(NativeConstructorAccessorImpl.java:62)
	at sun.reflect.DelegatingConstructorAccessorImpl.newInstance(DelegatingConstructorAccessorImpl.java:45)
	at java.lang.reflect.Constructor.newInstance(Constructor.java:423)
	at ptolemy.util.test.junit.AutoKnownFailedTests.RunModel(AutoKnownFailedTests.java:105)
	at sun.reflect.NativeMethodAccessorImpl.invoke0(Native Method)
	at sun.reflect.NativeMethodAccessorImpl.invoke(NativeMethodAccessorImpl.java:62)
	at sun.reflect.DelegatingMethodAccessorImpl.invoke(DelegatingMethodAccessorImpl.java:43)
	at java.lang.reflect.Method.invoke(Method.java:498)
	at org.junit.runners.model.FrameworkMethod$1.runReflectiveCall(FrameworkMethod.java:44)
	at org.junit.internal.runners.model.ReflectiveCallable.run(ReflectiveCallable.java:15)
	at org.junit.runners.model.FrameworkMethod.invokeExplosively(FrameworkMethod.java:41)
	at junitparams.internal.InvokeParameterisedMethod.evaluate(InvokeParameterisedMethod.java:102)
	at org.junit.internal.runners.statements.FailOnTimeout$1.run(FailOnTimeout.java:28)
Caused by: ptolemy.kernel.util.IllegalActionException: PublisherPorts cannot be used at the top level, use a Publisher actor instead.
  in .PublisherPortToplevelSubscriber.PublisherPort
	at ptolemy.actor.PublisherPort.preinitialize(PublisherPort.java:403)
	at ptolemy.actor.CompositeActor.preinitialize(CompositeActor.java:1769)
	at ptolemy.actor.Manager.preinitializeAndResolveTypes(Manager.java:1040)
	at ptolemy.actor.Manager.initialize(Manager.java:710)
	at ptolemy.actor.Manager.execute(Manager.java:356)
	at ptolemy.actor.Manager.run(Manager.java:1263)
	at ptolemy.actor.Manager$PtolemyRunThread.run(Manager.java:1915)
java.lang.RuntimeException: Execution failed
	at ptolemy.moml.MoMLSimpleApplication$UnloadThread.run(MoMLSimpleApplication.java:402)
Caused by: ptolemy.kernel.util.IllegalActionException: SubscriberPorts cannot be used at the top level, use a Subscriber actor instead.
  in .PublisherSubscriberPortToplevel.SubscriberPort
	at ptolemy.actor.SubscriberPort.preinitialize(SubscriberPort.java:328)
	at ptolemy.actor.CompositeActor.preinitialize(CompositeActor.java:1769)
	at ptolemy.actor.Manager.preinitializeAndResolveTypes(Manager.java:1040)
	at ptolemy.actor.Manager.initialize(Manager.java:710)
	at ptolemy.actor.Manager.execute(Manager.java:356)
	at ptolemy.actor.Manager.run(Manager.java:1263)
	at ptolemy.actor.Manager$PtolemyRunThread.run(Manager.java:1915)
java.lang.reflect.InvocationTargetException
	at sun.reflect.NativeConstructorAccessorImpl.newInstance0(Native Method)
	at sun.reflect.NativeConstructorAccessorImpl.newInstance(NativeConstructorAccessorImpl.java:62)
	at sun.reflect.DelegatingConstructorAccessorImpl.newInstance(DelegatingConstructorAccessorImpl.java:45)
	at java.lang.reflect.Constructor.newInstance(Constructor.java:423)
	at ptolemy.util.test.junit.AutoKnownFailedTests.RunModel(AutoKnownFailedTests.java:105)
	at sun.reflect.NativeMethodAccessorImpl.invoke0(Native Method)
	at sun.reflect.NativeMethodAccessorImpl.invoke(NativeMethodAccessorImpl.java:62)
	at sun.reflect.DelegatingMethodAccessorImpl.invoke(DelegatingMethodAccessorImpl.java:43)
	at java.lang.reflect.Method.invoke(Method.java:498)
	at org.junit.runners.model.FrameworkMethod$1.runReflectiveCall(FrameworkMethod.java:44)
	at org.junit.internal.runners.model.ReflectiveCallable.run(ReflectiveCallable.java:15)
	at org.junit.runners.model.FrameworkMethod.invokeExplosively(FrameworkMethod.java:41)
	at junitparams.internal.InvokeParameterisedMethod.evaluate(InvokeParameterisedMethod.java:102)
	at org.junit.internal.runners.statements.FailOnTimeout$1.run(FailOnTimeout.java:28)
Caused by: ptolemy.kernel.util.IllegalActionException: SubscriberPorts cannot be used at the top level, use a Subscriber actor instead.
  in .PublisherSubscriberPortToplevel.SubscriberPort
	at ptolemy.actor.SubscriberPort.preinitialize(SubscriberPort.java:328)
	at ptolemy.actor.CompositeActor.preinitialize(CompositeActor.java:1769)
	at ptolemy.actor.Manager.preinitializeAndResolveTypes(Manager.java:1040)
	at ptolemy.actor.Manager.initialize(Manager.java:710)
	at ptolemy.actor.Manager.execute(Manager.java:356)
	at ptolemy.actor.Manager.run(Manager.java:1263)
	at ptolemy.actor.Manager$PtolemyRunThread.run(Manager.java:1915)
java.lang.RuntimeException: Execution failed
	at ptolemy.moml.MoMLSimpleApplication$UnloadThread.run(MoMLSimpleApplication.java:402)
Caused by: ptolemy.kernel.util.IllegalActionException: SubscriptionAggregatorPorts cannot be used at the top level, use a SubscriptionAggregator actor instead.
  in .PublisherSubscriptionAggregatorPort.SubscriptionAggregatorPort
	at ptolemy.actor.SubscriptionAggregatorPort.preinitialize(SubscriptionAggregatorPort.java:353)
	at ptolemy.actor.CompositeActor.preinitialize(CompositeActor.java:1769)
	at ptolemy.actor.Manager.preinitializeAndResolveTypes(Manager.java:1040)
	at ptolemy.actor.Manager.initialize(Manager.java:710)
	at ptolemy.actor.Manager.execute(Manager.java:356)
	at ptolemy.actor.Manager.run(Manager.java:1263)
	at ptolemy.actor.Manager$PtolemyRunThread.run(Manager.java:1915)
java.lang.reflect.InvocationTargetException
	at sun.reflect.NativeConstructorAccessorImpl.newInstance0(Native Method)
	at sun.reflect.NativeConstructorAccessorImpl.newInstance(NativeConstructorAccessorImpl.java:62)
	at sun.reflect.DelegatingConstructorAccessorImpl.newInstance(DelegatingConstructorAccessorImpl.java:45)
	at java.lang.reflect.Constructor.newInstance(Constructor.java:423)
	at ptolemy.util.test.junit.AutoKnownFailedTests.RunModel(AutoKnownFailedTests.java:105)
	at sun.reflect.NativeMethodAccessorImpl.invoke0(Native Method)
	at sun.reflect.NativeMethodAccessorImpl.invoke(NativeMethodAccessorImpl.java:62)
	at sun.reflect.DelegatingMethodAccessorImpl.invoke(DelegatingMethodAccessorImpl.java:43)
	at java.lang.reflect.Method.invoke(Method.java:498)
	at org.junit.runners.model.FrameworkMethod$1.runReflectiveCall(FrameworkMethod.java:44)
	at org.junit.internal.runners.model.ReflectiveCallable.run(ReflectiveCallable.java:15)
	at org.junit.runners.model.FrameworkMethod.invokeExplosively(FrameworkMethod.java:41)
	at junitparams.internal.InvokeParameterisedMethod.evaluate(InvokeParameterisedMethod.java:102)
	at org.junit.internal.runners.statements.FailOnTimeout$1.run(FailOnTimeout.java:28)
Caused by: ptolemy.kernel.util.IllegalActionException: SubscriptionAggregatorPorts cannot be used at the top level, use a SubscriptionAggregator actor instead.
  in .PublisherSubscriptionAggregatorPort.SubscriptionAggregatorPort
	at ptolemy.actor.SubscriptionAggregatorPort.preinitialize(SubscriptionAggregatorPort.java:353)
	at ptolemy.actor.CompositeActor.preinitialize(CompositeActor.java:1769)
	at ptolemy.actor.Manager.preinitializeAndResolveTypes(Manager.java:1040)
	at ptolemy.actor.Manager.initialize(Manager.java:710)
	at ptolemy.actor.Manager.execute(Manager.java:356)
	at ptolemy.actor.Manager.run(Manager.java:1263)
	at ptolemy.actor.Manager$PtolemyRunThread.run(Manager.java:1915)
java.lang.RuntimeException: Execution failed
	at ptolemy.moml.MoMLSimpleApplication$UnloadThread.run(MoMLSimpleApplication.java:402)
Caused by: ptolemy.kernel.util.IllegalActionException: TypeTest actor has no training data.
  in .sizedarray3.TypeTest
	at ptolemy.actor.lib.TypeTest.initialize(TypeTest.java:250)
	at ptolemy.actor.Director.initialize(Director.java:938)
	at ptolemy.actor.Director.initialize(Director.java:907)
	at ptolemy.actor.sched.StaticSchedulingDirector.initialize(StaticSchedulingDirector.java:159)
	at ptolemy.domains.sdf.kernel.SDFDirector.initialize(SDFDirector.java:544)
	at ptolemy.actor.CompositeActor.initialize(CompositeActor.java:935)
	at ptolemy.actor.Manager.initialize(Manager.java:724)
	at ptolemy.actor.Manager.execute(Manager.java:356)
	at ptolemy.actor.Manager.run(Manager.java:1263)
	at ptolemy.actor.Manager$PtolemyRunThread.run(Manager.java:1915)
java.lang.reflect.InvocationTargetException
	at sun.reflect.NativeConstructorAccessorImpl.newInstance0(Native Method)
	at sun.reflect.NativeConstructorAccessorImpl.newInstance(NativeConstructorAccessorImpl.java:62)
	at sun.reflect.DelegatingConstructorAccessorImpl.newInstance(DelegatingConstructorAccessorImpl.java:45)
	at java.lang.reflect.Constructor.newInstance(Constructor.java:423)
	at ptolemy.util.test.junit.AutoKnownFailedTests.RunModel(AutoKnownFailedTests.java:105)
	at sun.reflect.NativeMethodAccessorImpl.invoke0(Native Method)
	at sun.reflect.NativeMethodAccessorImpl.invoke(NativeMethodAccessorImpl.java:62)
	at sun.reflect.DelegatingMethodAccessorImpl.invoke(DelegatingMethodAccessorImpl.java:43)
	at java.lang.reflect.Method.invoke(Method.java:498)
	at org.junit.runners.model.FrameworkMethod$1.runReflectiveCall(FrameworkMethod.java:44)
	at org.junit.internal.runners.model.ReflectiveCallable.run(ReflectiveCallable.java:15)
	at org.junit.runners.model.FrameworkMethod.invokeExplosively(FrameworkMethod.java:41)
	at junitparams.internal.InvokeParameterisedMethod.evaluate(InvokeParameterisedMethod.java:102)
	at org.junit.internal.runners.statements.FailOnTimeout$1.run(FailOnTimeout.java:28)
Caused by: ptolemy.kernel.util.IllegalActionException: TypeTest actor has no training data.
  in .sizedarray3.TypeTest
	at ptolemy.actor.lib.TypeTest.initialize(TypeTest.java:250)
	at ptolemy.actor.Director.initialize(Director.java:938)
	at ptolemy.actor.Director.initialize(Director.java:907)
	at ptolemy.actor.sched.StaticSchedulingDirector.initialize(StaticSchedulingDirector.java:159)
	at ptolemy.domains.sdf.kernel.SDFDirector.initialize(SDFDirector.java:544)
	at ptolemy.actor.CompositeActor.initialize(CompositeActor.java:935)
	at ptolemy.actor.Manager.initialize(Manager.java:724)
	at ptolemy.actor.Manager.execute(Manager.java:356)
	at ptolemy.actor.Manager.run(Manager.java:1263)
	at ptolemy.actor.Manager$PtolemyRunThread.run(Manager.java:1915)
]]></system-err>
</testsuite>
